[
  {
    "Plan": {
      "Node Type": "Aggregate",
      "Strategy": "Plain",
      "Partial Mode": "Finalize",
      "Parallel Aware": false,
      "Startup Cost": 302704.21,
      "Total Cost": 302704.22,
      "Plan Rows": 1,
      "Plan Width": 8,
      "Actual Startup Time": 1330.645,
      "Actual Total Time": 1376.959,
      "Actual Rows": 1,
      "Actual Loops": 1,
      "Plans": [
        {
          "Node Type": "Gather",
          "Parent Relationship": "Outer",
          "Parallel Aware": false,
          "Startup Cost": 302703.69,
          "Total Cost": 302704.2,
          "Plan Rows": 5,
          "Plan Width": 8,
          "Actual Startup Time": 1317.914,
          "Actual Total Time": 1376.947,
          "Actual Rows": 6,
          "Actual Loops": 1,
          "Workers Planned": 5,
          "Workers Launched": 5,
          "Single Copy": false,
          "Plans": [
            {
              "Node Type": "Aggregate",
              "Strategy": "Plain",
              "Partial Mode": "Partial",
              "Parent Relationship": "Outer",
              "Parallel Aware": false,
              "Startup Cost": 301703.69,
              "Total Cost": 301703.7,
              "Plan Rows": 1,
              "Plan Width": 8,
              "Actual Startup Time": 1303.626,
              "Actual Total Time": 1303.964,
              "Actual Rows": 1,
              "Actual Loops": 6,
              "Plans": [
                {
                  "Node Type": "Hash Join",
                  "Parent Relationship": "Outer",
                  "Parallel Aware": true,
                  "Join Type": "Inner",
                  "Startup Cost": 85326.55,
                  "Total Cost": 298322.53,
                  "Plan Rows": 1352464,
                  "Plan Width": 0,
                  "Actual Startup Time": 441.28,
                  "Actual Total Time": 1260.47,
                  "Actual Rows": 838684,
                  "Actual Loops": 6,
                  "Inner Unique": false,
                  "Hash Cond": "(mi.movie_id = t.id)",
                  "Plans": [
                    {
                      "Node Type": "Seq Scan",
                      "Parent Relationship": "Outer",
                      "Parallel Aware": true,
                      "Relation Name": "movie_info",
                      "Alias": "mi",
                      "Startup Cost": 0.0,
                      "Total Cost": 199108.24,
                      "Plan Rows": 2539986,
                      "Plan Width": 4,
                      "Actual Startup Time": 0.038,
                      "Actual Total Time": 400.139,
                      "Actual Rows": 2124109,
                      "Actual Loops": 6,
                      "Filter": "(info_type_id > 2)",
                      "Rows Removed by Filter": 348511
                    },
                    {
                      "Node Type": "Hash",
                      "Parent Relationship": "Inner",
                      "Parallel Aware": true,
                      "Startup Cost": 79897.88,
                      "Total Cost": 79897.88,
                      "Plan Rows": 434293,
                      "Plan Width": 8,
                      "Actual Startup Time": 434.989,
                      "Actual Total Time": 435.325,
                      "Actual Rows": 111974,
                      "Actual Loops": 6,
                      "Hash Buckets": 2097152,
                      "Original Hash Buckets": 2097152,
                      "Hash Batches": 1,
                      "Original Hash Batches": 1,
                      "Peak Memory Usage": 42784,
                      "Plans": [
                        {
                          "Node Type": "Hash Join",
                          "Parent Relationship": "Outer",
                          "Parallel Aware": true,
                          "Join Type": "Inner",
                          "Startup Cost": 48717.81,
                          "Total Cost": 79897.88,
                          "Plan Rows": 434293,
                          "Plan Width": 8,
                          "Actual Startup Time": 217.406,
                          "Actual Total Time": 384.651,
                          "Actual Rows": 111974,
                          "Actual Loops": 6,
                          "Inner Unique": true,
                          "Hash Cond": "(mc.movie_id = t.id)",
                          "Plans": [
                            {
                              "Node Type": "Seq Scan",
                              "Parent Relationship": "Outer",
                              "Parallel Aware": true,
                              "Relation Name": "movie_companies",
                              "Alias": "mc",
                              "Startup Cost": 0.0,
                              "Total Cost": 29310.68,
                              "Plan Rows": 712150,
                              "Plan Width": 4,
                              "Actual Startup Time": 0.013,
                              "Actual Total Time": 59.499,
                              "Actual Rows": 368074,
                              "Actual Loops": 6,
                              "Filter": "(company_id < 82212)",
                              "Rows Removed by Filter": 66781
                            },
                            {
                              "Node Type": "Hash",
                              "Parent Relationship": "Inner",
                              "Parallel Aware": true,
                              "Startup Cost": 43899.32,
                              "Total Cost": 43899.32,
                              "Plan Rows": 385479,
                              "Plan Width": 4,
                              "Actual Startup Time": 214.621,
                              "Actual Total Time": 214.622,
                              "Actual Rows": 257211,
                              "Actual Loops": 6,
                              "Hash Buckets": 2097152,
                              "Original Hash Buckets": 2097152,
                              "Hash Batches": 1,
                              "Original Hash Batches": 1,
                              "Peak Memory Usage": 76864,
                              "Plans": [
                                {
                                  "Node Type": "Seq Scan",
                                  "Parent Relationship": "Outer",
                                  "Parallel Aware": true,
                                  "Relation Name": "title",
                                  "Alias": "t",
                                  "Startup Cost": 0.0,
                                  "Total Cost": 43899.32,
                                  "Plan Rows": 385479,
                                  "Plan Width": 4,
                                  "Actual Startup Time": 0.057,
                                  "Actual Total Time": 89.94,
                                  "Actual Rows": 257211,
                                  "Actual Loops": 6,
                                  "Filter": "(kind_id = 7)",
                                  "Rows Removed by Filter": 164175
                                }
                              ]
                            }
                          ]
                        }
                      ]
                    }
                  ]
                }
              ]
            }
          ]
        }
      ]
    },
    "Planning Time": 1.589,
    "Triggers": [],
    "Execution Time": 1377.048
  }
]