[
  {
    "Plan": {
      "Node Type": "Aggregate",
      "Strategy": "Plain",
      "Partial Mode": "Finalize",
      "Parallel Aware": false,
      "Startup Cost": 381403.65,
      "Total Cost": 381403.66,
      "Plan Rows": 1,
      "Plan Width": 8,
      "Actual Startup Time": 1116.795,
      "Actual Total Time": 1187.394,
      "Actual Rows": 1,
      "Actual Loops": 1,
      "Plans": [
        {
          "Node Type": "Gather",
          "Parent Relationship": "Outer",
          "Parallel Aware": false,
          "Startup Cost": 381403.03,
          "Total Cost": 381403.64,
          "Plan Rows": 6,
          "Plan Width": 8,
          "Actual Startup Time": 1112.522,
          "Actual Total Time": 1187.377,
          "Actual Rows": 7,
          "Actual Loops": 1,
          "Workers Planned": 6,
          "Workers Launched": 6,
          "Single Copy": false,
          "Plans": [
            {
              "Node Type": "Aggregate",
              "Strategy": "Plain",
              "Partial Mode": "Partial",
              "Parent Relationship": "Outer",
              "Parallel Aware": false,
              "Startup Cost": 380403.03,
              "Total Cost": 380403.04,
              "Plan Rows": 1,
              "Plan Width": 8,
              "Actual Startup Time": 1100.439,
              "Actual Total Time": 1100.442,
              "Actual Rows": 1,
              "Actual Loops": 7,
              "Plans": [
                {
                  "Node Type": "Hash Join",
                  "Parent Relationship": "Outer",
                  "Parallel Aware": true,
                  "Join Type": "Inner",
                  "Startup Cost": 47209.82,
                  "Total Cost": 379534.59,
                  "Plan Rows": 347375,
                  "Plan Width": 0,
                  "Actual Startup Time": 453.869,
                  "Actual Total Time": 1077.659,
                  "Actual Rows": 417542,
                  "Actual Loops": 7,
                  "Inner Unique": true,
                  "Hash Cond": "(ci.movie_id = t.id)",
                  "Plans": [
                    {
                      "Node Type": "Seq Scan",
                      "Parent Relationship": "Outer",
                      "Parallel Aware": true,
                      "Relation Name": "cast_info",
                      "Alias": "ci",
                      "Startup Cost": 0.0,
                      "Total Cost": 328162.03,
                      "Plan Rows": 1585802,
                      "Plan Width": 4,
                      "Actual Startup Time": 315.274,
                      "Actual Total Time": 597.952,
                      "Actual Rows": 1348013,
                      "Actual Loops": 7,
                      "Filter": "(person_id > 2761611)",
                      "Rows Removed by Filter": 3829751
                    },
                    {
                      "Node Type": "Hash",
                      "Parent Relationship": "Inner",
                      "Parallel Aware": true,
                      "Startup Cost": 45479.1,
                      "Total Cost": 45479.1,
                      "Plan Rows": 138458,
                      "Plan Width": 4,
                      "Actual Startup Time": 134.861,
                      "Actual Total Time": 134.862,
                      "Actual Rows": 86058,
                      "Actual Loops": 7,
                      "Hash Buckets": 1048576,
                      "Original Hash Buckets": 1048576,
                      "Hash Batches": 1,
                      "Original Hash Batches": 1,
                      "Peak Memory Usage": 31872,
                      "Plans": [
                        {
                          "Node Type": "Seq Scan",
                          "Parent Relationship": "Outer",
                          "Parallel Aware": true,
                          "Relation Name": "title",
                          "Alias": "t",
                          "Startup Cost": 0.0,
                          "Total Cost": 45479.1,
                          "Plan Rows": 138458,
                          "Plan Width": 4,
                          "Actual Startup Time": 0.04,
                          "Actual Total Time": 83.084,
                          "Actual Rows": 86058,
                          "Actual Loops": 7,
                          "Filter": "((production_year > 2006) AND (kind_id = 7))",
                          "Rows Removed by Filter": 275130
                        }
                      ]
                    }
                  ]
                }
              ]
            }
          ]
        }
      ]
    },
    "Planning Time": 0.619,
    "Triggers": [],
    "Execution Time": 1187.489
  }
]