[
  {
    "Plan": {
      "Node Type": "Aggregate",
      "Strategy": "Plain",
      "Partial Mode": "Finalize",
      "Parallel Aware": false,
      "Startup Cost": 188213.7,
      "Total Cost": 188213.71,
      "Plan Rows": 1,
      "Plan Width": 8,
      "Actual Startup Time": 137.375,
      "Actual Total Time": 157.656,
      "Actual Rows": 1,
      "Actual Loops": 1,
      "Plans": [
        {
          "Node Type": "Gather",
          "Parent Relationship": "Outer",
          "Parallel Aware": false,
          "Startup Cost": 188213.28,
          "Total Cost": 188213.69,
          "Plan Rows": 4,
          "Plan Width": 8,
          "Actual Startup Time": 137.049,
          "Actual Total Time": 157.644,
          "Actual Rows": 5,
          "Actual Loops": 1,
          "Workers Planned": 4,
          "Workers Launched": 4,
          "Single Copy": false,
          "Plans": [
            {
              "Node Type": "Aggregate",
              "Strategy": "Plain",
              "Partial Mode": "Partial",
              "Parent Relationship": "Outer",
              "Parallel Aware": false,
              "Startup Cost": 187213.28,
              "Total Cost": 187213.29,
              "Plan Rows": 1,
              "Plan Width": 8,
              "Actual Startup Time": 130.658,
              "Actual Total Time": 130.66,
              "Actual Rows": 1,
              "Actual Loops": 5,
              "Plans": [
                {
                  "Node Type": "Nested Loop",
                  "Parent Relationship": "Outer",
                  "Parallel Aware": false,
                  "Join Type": "Inner",
                  "Startup Cost": 0.43,
                  "Total Cost": 187210.17,
                  "Plan Rows": 1243,
                  "Plan Width": 0,
                  "Actual Startup Time": 4.719,
                  "Actual Total Time": 130.467,
                  "Actual Rows": 2011,
                  "Actual Loops": 5,
                  "Inner Unique": false,
                  "Plans": [
                    {
                      "Node Type": "Seq Scan",
                      "Parent Relationship": "Outer",
                      "Parallel Aware": true,
                      "Relation Name": "title",
                      "Alias": "t",
                      "Startup Cost": 0.0,
                      "Total Cost": 45479.59,
                      "Plan Rows": 1430,
                      "Plan Width": 4,
                      "Actual Startup Time": 0.467,
                      "Actual Total Time": 84.66,
                      "Actual Rows": 1058,
                      "Actual Loops": 5,
                      "Filter": "((kind_id < 7) AND (production_year = 1966))",
                      "Rows Removed by Filter": 504604
                    },
                    {
                      "Node Type": "Index Scan",
                      "Parent Relationship": "Inner",
                      "Parallel Aware": false,
                      "Scan Direction": "Forward",
                      "Index Name": "movie_id_movie_info",
                      "Relation Name": "movie_info",
                      "Alias": "mi",
                      "Startup Cost": 0.43,
                      "Total Cost": 99.05,
                      "Plan Rows": 6,
                      "Plan Width": 4,
                      "Actual Startup Time": 0.032,
                      "Actual Total Time": 0.042,
                      "Actual Rows": 2,
                      "Actual Loops": 5291,
                      "Index Cond": "(movie_id = t.id)",
                      "Rows Removed by Index Recheck": 0,
                      "Filter": "(info_type_id > 16)",
                      "Rows Removed by Filter": 9
                    }
                  ]
                }
              ]
            }
          ]
        }
      ]
    },
    "Planning Time": 0.706,
    "Triggers": [],
    "Execution Time": 157.731
  }
]