[
  {
    "Plan": {
      "Node Type": "Aggregate",
      "Strategy": "Plain",
      "Partial Mode": "Finalize",
      "Parallel Aware": false,
      "Startup Cost": 47021.41,
      "Total Cost": 47021.42,
      "Plan Rows": 1,
      "Plan Width": 8,
      "Actual Startup Time": 173.95,
      "Actual Total Time": 183.524,
      "Actual Rows": 1,
      "Actual Loops": 1,
      "Plans": [
        {
          "Node Type": "Gather",
          "Parent Relationship": "Outer",
          "Parallel Aware": false,
          "Startup Cost": 47021.09,
          "Total Cost": 47021.4,
          "Plan Rows": 3,
          "Plan Width": 8,
          "Actual Startup Time": 173.824,
          "Actual Total Time": 183.515,
          "Actual Rows": 4,
          "Actual Loops": 1,
          "Workers Planned": 3,
          "Workers Launched": 3,
          "Single Copy": false,
          "Plans": [
            {
              "Node Type": "Aggregate",
              "Strategy": "Plain",
              "Partial Mode": "Partial",
              "Parent Relationship": "Outer",
              "Parallel Aware": false,
              "Startup Cost": 46021.09,
              "Total Cost": 46021.1,
              "Plan Rows": 1,
              "Plan Width": 8,
              "Actual Startup Time": 166.694,
              "Actual Total Time": 166.695,
              "Actual Rows": 1,
              "Actual Loops": 4,
              "Plans": [
                {
                  "Node Type": "Seq Scan",
                  "Parent Relationship": "Outer",
                  "Parallel Aware": true,
                  "Relation Name": "movie_keyword",
                  "Alias": "mk",
                  "Startup Cost": 0.0,
                  "Total Cost": 42695.65,
                  "Plan Rows": 1330174,
                  "Plan Width": 0,
                  "Actual Startup Time": 0.052,
                  "Actual Total Time": 121.74,
                  "Actual Rows": 1033773,
                  "Actual Loops": 4,
                  "Filter": "(keyword_id < 44221)",
                  "Rows Removed by Filter": 97210
                }
              ]
            }
          ]
        }
      ]
    },
    "Planning Time": 0.22,
    "Triggers": [],
    "Execution Time": 183.583
  }
]