[
  {
    "Plan": {
      "Node Type": "Aggregate",
      "Strategy": "Plain",
      "Partial Mode": "Finalize",
      "Parallel Aware": false,
      "Startup Cost": 269023.48,
      "Total Cost": 269023.49,
      "Plan Rows": 1,
      "Plan Width": 8,
      "Actual Startup Time": 244.409,
      "Actual Total Time": 250.165,
      "Actual Rows": 1,
      "Actual Loops": 1,
      "Plans": [
        {
          "Node Type": "Gather",
          "Parent Relationship": "Outer",
          "Parallel Aware": false,
          "Startup Cost": 269022.86,
          "Total Cost": 269023.47,
          "Plan Rows": 6,
          "Plan Width": 8,
          "Actual Startup Time": 244.049,
          "Actual Total Time": 250.156,
          "Actual Rows": 7,
          "Actual Loops": 1,
          "Workers Planned": 6,
          "Workers Launched": 6,
          "Single Copy": false,
          "Plans": [
            {
              "Node Type": "Aggregate",
              "Strategy": "Plain",
              "Partial Mode": "Partial",
              "Parent Relationship": "Outer",
              "Parallel Aware": false,
              "Startup Cost": 268022.86,
              "Total Cost": 268022.87,
              "Plan Rows": 1,
              "Plan Width": 8,
              "Actual Startup Time": 232.932,
              "Actual Total Time": 232.933,
              "Actual Rows": 1,
              "Actual Loops": 7,
              "Plans": [
                {
                  "Node Type": "Bitmap Heap Scan",
                  "Parent Relationship": "Outer",
                  "Parallel Aware": true,
                  "Relation Name": "cast_info",
                  "Alias": "ci",
                  "Startup Cost": 13776.03,
                  "Total Cost": 267762.89,
                  "Plan Rows": 103988,
                  "Plan Width": 0,
                  "Actual Startup Time": 185.157,
                  "Actual Total Time": 225.686,
                  "Actual Rows": 81543,
                  "Actual Loops": 7,
                  "Recheck Cond": "(person_id > 3951978)",
                  "Rows Removed by Index Recheck": 0,
                  "Exact Heap Blocks": 2328,
                  "Lossy Heap Blocks": 0,
                  "Plans": [
                    {
                      "Node Type": "Bitmap Index Scan",
                      "Parent Relationship": "Outer",
                      "Parallel Aware": false,
                      "Index Name": "person_id_cast_info",
                      "Startup Cost": 0.0,
                      "Total Cost": 13620.05,
                      "Plan Rows": 623931,
                      "Plan Width": 0,
                      "Actual Startup Time": 193.021,
                      "Actual Total Time": 193.021,
                      "Actual Rows": 570803,
                      "Actual Loops": 1,
                      "Index Cond": "(person_id > 3951978)"
                    }
                  ]
                }
              ]
            }
          ]
        }
      ]
    },
    "Planning Time": 1.136,
    "Triggers": [],
    "Execution Time": 250.247
  }
]