[
  {
    "Plan": {
      "Node Type": "Aggregate",
      "Strategy": "Plain",
      "Partial Mode": "Simple",
      "Parallel Aware": false,
      "Startup Cost": 1143.68,
      "Total Cost": 1143.69,
      "Plan Rows": 1,
      "Plan Width": 8,
      "Actual Startup Time": 1.716,
      "Actual Total Time": 1.717,
      "Actual Rows": 1,
      "Actual Loops": 1,
      "Plans": [
        {
          "Node Type": "Nested Loop",
          "Parent Relationship": "Outer",
          "Parallel Aware": false,
          "Join Type": "Inner",
          "Startup Cost": 1.29,
          "Total Cost": 1143.66,
          "Plan Rows": 7,
          "Plan Width": 0,
          "Actual Startup Time": 0.672,
          "Actual Total Time": 1.71,
          "Actual Rows": 36,
          "Actual Loops": 1,
          "Inner Unique": false,
          "Plans": [
            {
              "Node Type": "Nested Loop",
              "Parent Relationship": "Outer",
              "Parallel Aware": false,
              "Join Type": "Inner",
              "Startup Cost": 0.86,
              "Total Cost": 1135.31,
              "Plan Rows": 12,
              "Plan Width": 8,
              "Actual Startup Time": 0.636,
              "Actual Total Time": 1.59,
              "Actual Rows": 15,
              "Actual Loops": 1,
              "Inner Unique": true,
              "Plans": [
                {
                  "Node Type": "Index Scan",
                  "Parent Relationship": "Outer",
                  "Parallel Aware": false,
                  "Scan Direction": "Forward",
                  "Index Name": "company_id_movie_companies",
                  "Relation Name": "movie_companies",
                  "Alias": "mc",
                  "Startup Cost": 0.43,
                  "Total Cost": 273.15,
                  "Plan Rows": 102,
                  "Plan Width": 4,
                  "Actual Startup Time": 0.602,
                  "Actual Total Time": 0.829,
                  "Actual Rows": 125,
                  "Actual Loops": 1,
                  "Index Cond": "(company_id = 15663)",
                  "Rows Removed by Index Recheck": 0
                },
                {
                  "Node Type": "Index Scan",
                  "Parent Relationship": "Inner",
                  "Parallel Aware": false,
                  "Scan Direction": "Forward",
                  "Index Name": "title_pkey",
                  "Relation Name": "title",
                  "Alias": "t",
                  "Startup Cost": 0.43,
                  "Total Cost": 8.45,
                  "Plan Rows": 1,
                  "Plan Width": 4,
                  "Actual Startup Time": 0.006,
                  "Actual Total Time": 0.006,
                  "Actual Rows": 0,
                  "Actual Loops": 125,
                  "Index Cond": "(id = mc.movie_id)",
                  "Rows Removed by Index Recheck": 0,
                  "Filter": "((kind_id < 7) AND (production_year > 2007))",
                  "Rows Removed by Filter": 1
                }
              ]
            },
            {
              "Node Type": "Index Only Scan",
              "Parent Relationship": "Inner",
              "Parallel Aware": false,
              "Scan Direction": "Forward",
              "Index Name": "movie_id_movie_info_idx",
              "Relation Name": "movie_info_idx",
              "Alias": "mi_idx",
              "Startup Cost": 0.43,
              "Total Cost": 0.67,
              "Plan Rows": 3,
              "Plan Width": 4,
              "Actual Startup Time": 0.007,
              "Actual Total Time": 0.007,
              "Actual Rows": 2,
              "Actual Loops": 15,
              "Index Cond": "(movie_id = t.id)",
              "Rows Removed by Index Recheck": 0,
              "Heap Fetches": 36
            }
          ]
        }
      ]
    },
    "Planning Time": 0.614,
    "Triggers": [],
    "Execution Time": 1.753
  }
]