[
  {
    "Plan": {
      "Node Type": "Aggregate",
      "Strategy": "Plain",
      "Partial Mode": "Simple",
      "Parallel Aware": false,
      "Startup Cost": 23114.27,
      "Total Cost": 23114.28,
      "Plan Rows": 1,
      "Plan Width": 8,
      "Actual Startup Time": 10.03,
      "Actual Total Time": 10.032,
      "Actual Rows": 1,
      "Actual Loops": 1,
      "Plans": [
        {
          "Node Type": "Bitmap Heap Scan",
          "Parent Relationship": "Outer",
          "Parallel Aware": false,
          "Relation Name": "movie_info",
          "Alias": "mi",
          "Startup Cost": 125.9,
          "Total Cost": 23097.02,
          "Plan Rows": 6899,
          "Plan Width": 0,
          "Actual Startup Time": 1.76,
          "Actual Total Time": 8.8,
          "Actual Rows": 6569,
          "Actual Loops": 1,
          "Recheck Cond": "(info_type_id = 78)",
          "Rows Removed by Index Recheck": 0,
          "Exact Heap Blocks": 1314,
          "Lossy Heap Blocks": 0,
          "Plans": [
            {
              "Node Type": "Bitmap Index Scan",
              "Parent Relationship": "Outer",
              "Parallel Aware": false,
              "Index Name": "info_type_id_movie_info",
              "Startup Cost": 0.0,
              "Total Cost": 124.18,
              "Plan Rows": 6899,
              "Plan Width": 0,
              "Actual Startup Time": 1.25,
              "Actual Total Time": 1.25,
              "Actual Rows": 6569,
              "Actual Loops": 1,
              "Index Cond": "(info_type_id = 78)"
            }
          ]
        }
      ]
    },
    "Planning Time": 0.143,
    "Triggers": [],
    "Execution Time": 10.095
  }
]