{
  "Plan": {
    "Node Type": "Aggregate",
    "Strategy": "Plain",
    "Partial Mode": "Finalize",
    "Parallel Aware": false,
    "Startup Cost": 1000236.64,
    "Total Cost": 1000236.65,
    "Plan Rows": 1,
    "Plan Width": 8,
    "Actual Startup Time": 8142.726,
    "Actual Total Time": 8242.092,
    "Actual Rows": 1,
    "Actual Loops": 1,
    "Plans": [
      {
        "Node Type": "Gather",
        "Parent Relationship": "Outer",
        "Parallel Aware": false,
        "Startup Cost": 1000236.53,
        "Total Cost": 1000236.64,
        "Plan Rows": 1,
        "Plan Width": 8,
        "Actual Startup Time": 8138.749,
        "Actual Total Time": 8242.083,
        "Actual Rows": 2,
        "Actual Loops": 1,
        "Workers Planned": 1,
        "Workers Launched": 1,
        "Single Copy": false,
        "Plans": [
          {
            "Node Type": "Aggregate",
            "Strategy": "Plain",
            "Partial Mode": "Partial",
            "Parent Relationship": "Outer",
            "Parallel Aware": false,
            "Startup Cost": 999236.53,
            "Total Cost": 999236.54,
            "Plan Rows": 1,
            "Plan Width": 8,
            "Actual Startup Time": 8132.251,
            "Actual Total Time": 8132.258,
            "Actual Rows": 1,
            "Actual Loops": 2,
            "Plans": [
              {
                "Node Type": "Hash Join",
                "Parent Relationship": "Outer",
                "Parallel Aware": true,
                "Join Type": "Inner",
                "Startup Cost": 661836.17,
                "Total Cost": 992310.5,
                "Plan Rows": 2770412,
                "Plan Width": 0,
                "Actual Startup Time": 4002.361,
                "Actual Total Time": 7654.004,
                "Actual Rows": 12509044,
                "Actual Loops": 2,
                "Inner Unique": false,
                "Hash Cond": "(mi.movie_id = t.id)",
                "Plans": [
                  {
                    "Node Type": "Seq Scan",
                    "Parent Relationship": "Outer",
                    "Parallel Aware": true,
                    "Relation Name": "movie_info",
                    "Alias": "mi",
                    "Startup Cost": 0.0,
                    "Total Cost": 248955.74,
                    "Plan Rows": 8696274,
                    "Plan Width": 4,
                    "Actual Startup Time": 0.015,
                    "Actual Total Time": 645.946,
                    "Actual Rows": 7417860,
                    "Actual Loops": 2
                  },
                  {
                    "Node Type": "Hash",
                    "Parent Relationship": "Inner",
                    "Parallel Aware": true,
                    "Startup Cost": 655913.74,
                    "Total Cost": 655913.74,
                    "Plan Rows": 473794,
                    "Plan Width": 8,
                    "Actual Startup Time": 3953.102,
                    "Actual Total Time": 3953.107,
                    "Actual Rows": 684797,
                    "Actual Loops": 2,
                    "Hash Buckets": 2097152,
                    "Original Hash Buckets": 1048576,
                    "Hash Batches": 1,
                    "Original Hash Batches": 1,
                    "Peak Memory Usage": 78176,
                    "Plans": [
                      {
                        "Node Type": "Hash Join",
                        "Parent Relationship": "Outer",
                        "Parallel Aware": true,
                        "Join Type": "Inner",
                        "Startup Cost": 54495.45,
                        "Total Cost": 655913.74,
                        "Plan Rows": 473794,
                        "Plan Width": 8,
                        "Actual Startup Time": 714.767,
                        "Actual Total Time": 3704.303,
                        "Actual Rows": 684797,
                        "Actual Loops": 2,
                        "Inner Unique": true,
                        "Hash Cond": "(ci.movie_id = t.id)",
                        "Plans": [
                          {
                            "Node Type": "Seq Scan",
                            "Parent Relationship": "Outer",
                            "Parallel Aware": true,
                            "Relation Name": "cast_info",
                            "Alias": "ci",
                            "Startup Cost": 0.0,
                            "Total Cost": 572345.93,
                            "Plan Rows": 11075169,
                            "Plan Width": 4,
                            "Actual Startup Time": 584.099,
                            "Actual Total Time": 1952.158,
                            "Actual Rows": 10716219,
                            "Actual Loops": 2,
                            "Filter": "((person_id > 748274) AND (role_id > 1))",
                            "Rows Removed by Filter": 7405953
                          },
                          {
                            "Node Type": "Hash",
                            "Parent Relationship": "Inner",
                            "Parallel Aware": true,
                            "Startup Cost": 53700.15,
                            "Total Cost": 53700.15,
                            "Plan Rows": 63624,
                            "Plan Width": 4,
                            "Actual Startup Time": 129.698,
                            "Actual Total Time": 129.699,
                            "Actual Rows": 122020,
                            "Actual Loops": 2,
                            "Hash Buckets": 262144,
                            "Original Hash Buckets": 131072,
                            "Hash Batches": 1,
                            "Original Hash Batches": 1,
                            "Peak Memory Usage": 12640,
                            "Plans": [
                              {
                                "Node Type": "Bitmap Heap Scan",
                                "Parent Relationship": "Outer",
                                "Parallel Aware": true,
                                "Relation Name": "title",
                                "Alias": "t",
                                "Startup Cost": 11849.89,
                                "Total Cost": 53700.15,
                                "Plan Rows": 63624,
                                "Plan Width": 4,
                                "Actual Startup Time": 31.226,
                                "Actual Total Time": 98.641,
                                "Actual Rows": 122020,
                                "Actual Loops": 2,
                                "Recheck Cond": "(kind_id = 1)",
                                "Rows Removed by Index Recheck": 0,
                                "Filter": "(production_year < 1974)",
                                "Rows Removed by Filter": 209392,
                                "Exact Heap Blocks": 9202,
                                "Lossy Heap Blocks": 0,
                                "Plans": [
                                  {
                                    "Node Type": "Bitmap Index Scan",
                                    "Parent Relationship": "Outer",
                                    "Parallel Aware": false,
                                    "Index Name": "kind_id_title",
                                    "Startup Cost": 0.0,
                                    "Total Cost": 11822.85,
                                    "Plan Rows": 663256,
                                    "Plan Width": 0,
                                    "Actual Startup Time": 29.265,
                                    "Actual Total Time": 29.265,
                                    "Actual Rows": 662825,
                                    "Actual Loops": 1,
                                    "Index Cond": "(kind_id = 1)"
                                  }
                                ]
                              }
                            ]
                          }
                        ]
                      }
                    ]
                  }
                ]
              }
            ]
          }
        ]
      }
    ]
  },
  "Planning Time": 1.03,
  "Triggers": [],
  "Execution Time": 8242.216
}