[
    {
        "Bao": {
            "Bao prediction": 1590.362,
            "Bao recommended hint": "SET enable_nestloop TO off; "
        }
    },
    {
        "Plan": {
            "Node Type": "Aggregate",
            "Strategy": "Plain",
            "Partial Mode": "Simple",
            "Parallel Aware": false,
            "Startup Cost": 542060.59,
            "Total Cost": 542060.6,
            "Plan Rows": 1,
            "Plan Width": 64,
            "Actual Startup Time": 2212.113,
            "Actual Total Time": 2354.265,
            "Actual Rows": 1,
            "Actual Loops": 1,
            "Output": [
                "min(n.name)",
                "min(t.title)"
            ],
            "Plans": [
                {
                    "Node Type": "Hash Join",
                    "Parent Relationship": "Outer",
                    "Parallel Aware": false,
                    "Join Type": "Inner",
                    "Startup Cost": 472121.43,
                    "Total Cost": 542060.59,
                    "Plan Rows": 1,
                    "Plan Width": 32,
                    "Actual Startup Time": 2053.81,
                    "Actual Total Time": 2354.222,
                    "Actual Rows": 100,
                    "Actual Loops": 1,
                    "Output": [
                        "n.name",
                        "t.title"
                    ],
                    "Inner Unique": true,
                    "Hash Cond": "(t.kind_id = kt.id)",
                    "Plans": [
                        {
                            "Node Type": "Gather",
                            "Parent Relationship": "Outer",
                            "Parallel Aware": false,
                            "Startup Cost": 472120.33,
                            "Total Cost": 542059.49,
                            "Plan Rows": 1,
                            "Plan Width": 36,
                            "Actual Startup Time": 2053.662,
                            "Actual Total Time": 2354.03,
                            "Actual Rows": 110,
                            "Actual Loops": 1,
                            "Output": [
                                "n.name",
                                "t.title",
                                "t.kind_id"
                            ],
                            "Workers Planned": 4,
                            "Workers Launched": 4,
                            "Single Copy": false,
                            "Plans": [
                                {
                                    "Node Type": "Hash Join",
                                    "Parent Relationship": "Outer",
                                    "Parallel Aware": true,
                                    "Join Type": "Inner",
                                    "Startup Cost": 471120.33,
                                    "Total Cost": 541059.39,
                                    "Plan Rows": 1,
                                    "Plan Width": 36,
                                    "Actual Startup Time": 2034.683,
                                    "Actual Total Time": 2198.729,
                                    "Actual Rows": 22,
                                    "Actual Loops": 5,
                                    "Output": [
                                        "n.name",
                                        "t.title",
                                        "t.kind_id"
                                    ],
                                    "Inner Unique": false,
                                    "Hash Cond": "(n.id = ci.person_id)",
                                    "Workers": [
                                        {
                                            "Worker Number": 0,
                                            "Actual Startup Time": 2029.458,
                                            "Actual Total Time": 2196.078,
                                            "Actual Rows": 24,
                                            "Actual Loops": 1
                                        },
                                        {
                                            "Worker Number": 1,
                                            "Actual Startup Time": 2029.448,
                                            "Actual Total Time": 2196.054,
                                            "Actual Rows": 27,
                                            "Actual Loops": 1
                                        },
                                        {
                                            "Worker Number": 2,
                                            "Actual Startup Time": 2031.53,
                                            "Actual Total Time": 2196.09,
                                            "Actual Rows": 32,
                                            "Actual Loops": 1
                                        },
                                        {
                                            "Worker Number": 3,
                                            "Actual Startup Time": 2031.57,
                                            "Actual Total Time": 2196.526,
                                            "Actual Rows": 7,
                                            "Actual Loops": 1
                                        }
                                    ],
                                    "Plans": [
                                        {
                                            "Node Type": "Seq Scan",
                                            "Parent Relationship": "Outer",
                                            "Parallel Aware": true,
                                            "Relation Name": "name",
                                            "Schema": "public",
                                            "Alias": "n",
                                            "Startup Cost": 0.0,
                                            "Total Cost": 66031.94,
                                            "Plan Rows": 1041894,
                                            "Plan Width": 19,
                                            "Actual Startup Time": 0.02,
                                            "Actual Total Time": 111.942,
                                            "Actual Rows": 833498,
                                            "Actual Loops": 5,
                                            "Output": [
                                                "n.id",
                                                "n.name",
                                                "n.imdb_index",
                                                "n.imdb_id",
                                                "n.gender",
                                                "n.name_pcode_cf",
                                                "n.name_pcode_nf",
                                                "n.surname_pcode",
                                                "n.md5sum"
                                            ],
                                            "Workers": [
                                                {
                                                    "Worker Number": 0,
                                                    "Actual Startup Time": 0.019,
                                                    "Actual Total Time": 111.986,
                                                    "Actual Rows": 886549,
                                                    "Actual Loops": 1
                                                },
                                                {
                                                    "Worker Number": 1,
                                                    "Actual Startup Time": 0.024,
                                                    "Actual Total Time": 111.566,
                                                    "Actual Rows": 889870,
                                                    "Actual Loops": 1
                                                },
                                                {
                                                    "Worker Number": 2,
                                                    "Actual Startup Time": 0.017,
                                                    "Actual Total Time": 111.76,
                                                    "Actual Rows": 889008,
                                                    "Actual Loops": 1
                                                },
                                                {
                                                    "Worker Number": 3,
                                                    "Actual Startup Time": 0.031,
                                                    "Actual Total Time": 111.759,
                                                    "Actual Rows": 647884,
                                                    "Actual Loops": 1
                                                }
                                            ]
                                        },
                                        {
                                            "Node Type": "Hash",
                                            "Parent Relationship": "Inner",
                                            "Parallel Aware": true,
                                            "Startup Cost": 471120.32,
                                            "Total Cost": 471120.32,
                                            "Plan Rows": 1,
                                            "Plan Width": 25,
                                            "Actual Startup Time": 2030.084,
                                            "Actual Total Time": 2030.105,
                                            "Actual Rows": 22,
                                            "Actual Loops": 5,
                                            "Output": [
                                                "ci.person_id",
                                                "t.title",
                                                "t.kind_id"
                                            ],
                                            "Hash Buckets": 1024,
                                            "Original Hash Buckets": 1024,
                                            "Hash Batches": 1,
                                            "Original Hash Batches": 1,
                                            "Peak Memory Usage": 168,
                                            "Workers": [
                                                {
                                                    "Worker Number": 0,
                                                    "Actual Startup Time": 2028.115,
                                                    "Actual Total Time": 2028.138,
                                                    "Actual Rows": 14,
                                                    "Actual Loops": 1
                                                },
                                                {
                                                    "Worker Number": 1,
                                                    "Actual Startup Time": 2028.105,
                                                    "Actual Total Time": 2028.124,
                                                    "Actual Rows": 17,
                                                    "Actual Loops": 1
                                                },
                                                {
                                                    "Worker Number": 2,
                                                    "Actual Startup Time": 2028.134,
                                                    "Actual Total Time": 2028.155,
                                                    "Actual Rows": 31,
                                                    "Actual Loops": 1
                                                },
                                                {
                                                    "Worker Number": 3,
                                                    "Actual Startup Time": 2028.585,
                                                    "Actual Total Time": 2028.603,
                                                    "Actual Rows": 16,
                                                    "Actual Loops": 1
                                                }
                                            ],
                                            "Plans": [
                                                {
                                                    "Node Type": "Hash Join",
                                                    "Parent Relationship": "Outer",
                                                    "Parallel Aware": false,
                                                    "Join Type": "Inner",
                                                    "Startup Cost": 425181.65,
                                                    "Total Cost": 471120.32,
                                                    "Plan Rows": 1,
                                                    "Plan Width": 25,
                                                    "Actual Startup Time": 1947.902,
                                                    "Actual Total Time": 2029.983,
                                                    "Actual Rows": 22,
                                                    "Actual Loops": 5,
                                                    "Output": [
                                                        "ci.person_id",
                                                        "t.title",
                                                        "t.kind_id"
                                                    ],
                                                    "Inner Unique": false,
                                                    "Hash Cond": "(t.id = cc.movie_id)",
                                                    "Workers": [
                                                        {
                                                            "Worker Number": 0,
                                                            "Actual Startup Time": 1921.545,
                                                            "Actual Total Time": 2028.006,
                                                            "Actual Rows": 14,
                                                            "Actual Loops": 1
                                                        },
                                                        {
                                                            "Worker Number": 1,
                                                            "Actual Startup Time": 1994.641,
                                                            "Actual Total Time": 2028.004,
                                                            "Actual Rows": 17,
                                                            "Actual Loops": 1
                                                        },
                                                        {
                                                            "Worker Number": 2,
                                                            "Actual Startup Time": 1921.061,
                                                            "Actual Total Time": 2028.033,
                                                            "Actual Rows": 31,
                                                            "Actual Loops": 1
                                                        },
                                                        {
                                                            "Worker Number": 3,
                                                            "Actual Startup Time": 1925.077,
                                                            "Actual Total Time": 2028.461,
                                                            "Actual Rows": 16,
                                                            "Actual Loops": 1
                                                        }
                                                    ],
                                                    "Plans": [
                                                        {
                                                            "Node Type": "Hash Join",
                                                            "Parent Relationship": "Outer",
                                                            "Parallel Aware": true,
                                                            "Join Type": "Inner",
                                                            "Startup Cost": 422079.23,
                                                            "Total Cost": 468017.89,
                                                            "Plan Rows": 1,
                                                            "Plan Width": 37,
                                                            "Actual Startup Time": 1852.629,
                                                            "Actual Total Time": 1949.692,
                                                            "Actual Rows": 38,
                                                            "Actual Loops": 5,
                                                            "Output": [
                                                                "ci.movie_id",
                                                                "ci.person_id",
                                                                "mk.movie_id",
                                                                "t.title",
                                                                "t.kind_id",
                                                                "t.id"
                                                            ],
                                                            "Inner Unique": false,
                                                            "Hash Cond": "(t.id = mk.movie_id)",
                                                            "Workers": [
                                                                {
                                                                    "Worker Number": 0,
                                                                    "Actual Startup Time": 1830.427,
                                                                    "Actual Total Time": 1944.118,
                                                                    "Actual Rows": 30,
                                                                    "Actual Loops": 1
                                                                },
                                                                {
                                                                    "Worker Number": 1,
                                                                    "Actual Startup Time": 1909.857,
                                                                    "Actual Total Time": 1944.142,
                                                                    "Actual Rows": 27,
                                                                    "Actual Loops": 1
                                                                },
                                                                {
                                                                    "Worker Number": 2,
                                                                    "Actual Startup Time": 1830.225,
                                                                    "Actual Total Time": 1944.119,
                                                                    "Actual Rows": 59,
                                                                    "Actual Loops": 1
                                                                },
                                                                {
                                                                    "Worker Number": 3,
                                                                    "Actual Startup Time": 1838.544,
                                                                    "Actual Total Time": 1945.838,
                                                                    "Actual Rows": 28,
                                                                    "Actual Loops": 1
                                                                }
                                                            ],
                                                            "Plans": [
                                                                {
                                                                    "Node Type": "Seq Scan",
                                                                    "Parent Relationship": "Outer",
                                                                    "Parallel Aware": true,
                                                                    "Relation Name": "title",
                                                                    "Schema": "public",
                                                                    "Alias": "t",
                                                                    "Startup Cost": 0.0,
                                                                    "Total Cost": 43899.32,
                                                                    "Plan Rows": 543820,
                                                                    "Plan Width": 25,
                                                                    "Actual Startup Time": 0.037,
                                                                    "Actual Total Time": 89.322,
                                                                    "Actual Rows": 431949,
                                                                    "Actual Loops": 5,
                                                                    "Output": [
                                                                        "t.id",
                                                                        "t.title",
                                                                        "t.imdb_index",
                                                                        "t.kind_id",
                                                                        "t.production_year",
                                                                        "t.imdb_id",
                                                                        "t.phonetic_code",
                                                                        "t.episode_of_id",
                                                                        "t.season_nr",
                                                                        "t.episode_nr",
                                                                        "t.series_years",
                                                                        "t.md5sum"
                                                                    ],
                                                                    "Filter": "(t.production_year > 1964)",
                                                                    "Rows Removed by Filter": 73713,
                                                                    "Workers": [
                                                                        {
                                                                            "Worker Number": 0,
                                                                            "Actual Startup Time": 0.04,
                                                                            "Actual Total Time": 89.419,
                                                                            "Actual Rows": 493810,
                                                                            "Actual Loops": 1
                                                                        },
                                                                        {
                                                                            "Worker Number": 1,
                                                                            "Actual Startup Time": 0.03,
                                                                            "Actual Total Time": 88.983,
                                                                            "Actual Rows": 386517,
                                                                            "Actual Loops": 1
                                                                        },
                                                                        {
                                                                            "Worker Number": 2,
                                                                            "Actual Startup Time": 0.036,
                                                                            "Actual Total Time": 89.35,
                                                                            "Actual Rows": 495302,
                                                                            "Actual Loops": 1
                                                                        },
                                                                        {
                                                                            "Worker Number": 3,
                                                                            "Actual Startup Time": 0.048,
                                                                            "Actual Total Time": 89.01,
                                                                            "Actual Rows": 299948,
                                                                            "Actual Loops": 1
                                                                        }
                                                                    ]
                                                                },
                                                                {
                                                                    "Node Type": "Hash",
                                                                    "Parent Relationship": "Inner",
                                                                    "Parallel Aware": true,
                                                                    "Startup Cost": 422079.22,
                                                                    "Total Cost": 422079.22,
                                                                    "Plan Rows": 1,
                                                                    "Plan Width": 12,
                                                                    "Actual Startup Time": 1832.175,
                                                                    "Actual Total Time": 1832.185,
                                                                    "Actual Rows": 47,
                                                                    "Actual Loops": 5,
                                                                    "Output": [
                                                                        "ci.movie_id",
                                                                        "ci.person_id",
                                                                        "mk.movie_id"
                                                                    ],
                                                                    "Hash Buckets": 1024,
                                                                    "Original Hash Buckets": 1024,
                                                                    "Hash Batches": 1,
                                                                    "Original Hash Batches": 1,
                                                                    "Peak Memory Usage": 168,
                                                                    "Workers": [
                                                                        {
                                                                            "Worker Number": 0,
                                                                            "Actual Startup Time": 1826.573,
                                                                            "Actual Total Time": 1826.587,
                                                                            "Actual Rows": 52,
                                                                            "Actual Loops": 1
                                                                        },
                                                                        {
                                                                            "Worker Number": 1,
                                                                            "Actual Startup Time": 1826.59,
                                                                            "Actual Total Time": 1826.599,
                                                                            "Actual Rows": 55,
                                                                            "Actual Loops": 1
                                                                        },
                                                                        {
                                                                            "Worker Number": 2,
                                                                            "Actual Startup Time": 1826.642,
                                                                            "Actual Total Time": 1826.652,
                                                                            "Actual Rows": 44,
                                                                            "Actual Loops": 1
                                                                        },
                                                                        {
                                                                            "Worker Number": 3,
                                                                            "Actual Startup Time": 1828.268,
                                                                            "Actual Total Time": 1828.277,
                                                                            "Actual Rows": 36,
                                                                            "Actual Loops": 1
                                                                        }
                                                                    ],
                                                                    "Plans": [
                                                                        {
                                                                            "Node Type": "Hash Join",
                                                                            "Parent Relationship": "Outer",
                                                                            "Parallel Aware": true,
                                                                            "Join Type": "Inner",
                                                                            "Startup Cost": 93110.3,
                                                                            "Total Cost": 422079.22,
                                                                            "Plan Rows": 1,
                                                                            "Plan Width": 12,
                                                                            "Actual Startup Time": 386.539,
                                                                            "Actual Total Time": 1831.936,
                                                                            "Actual Rows": 47,
                                                                            "Actual Loops": 5,
                                                                            "Output": [
                                                                                "ci.movie_id",
                                                                                "ci.person_id",
                                                                                "mk.movie_id"
                                                                            ],
                                                                            "Inner Unique": false,
                                                                            "Hash Cond": "(ci.movie_id = mk.movie_id)",
                                                                            "Workers": [
                                                                                {
                                                                                    "Worker Number": 0,
                                                                                    "Actual Startup Time": 388.03,
                                                                                    "Actual Total Time": 1826.326,
                                                                                    "Actual Rows": 52,
                                                                                    "Actual Loops": 1
                                                                                },
                                                                                {
                                                                                    "Worker Number": 1,
                                                                                    "Actual Startup Time": 390.99,
                                                                                    "Actual Total Time": 1826.343,
                                                                                    "Actual Rows": 55,
                                                                                    "Actual Loops": 1
                                                                                },
                                                                                {
                                                                                    "Worker Number": 2,
                                                                                    "Actual Startup Time": 373.852,
                                                                                    "Actual Total Time": 1826.348,
                                                                                    "Actual Rows": 44,
                                                                                    "Actual Loops": 1
                                                                                },
                                                                                {
                                                                                    "Worker Number": 3,
                                                                                    "Actual Startup Time": 378.285,
                                                                                    "Actual Total Time": 1828.152,
                                                                                    "Actual Rows": 36,
                                                                                    "Actual Loops": 1
                                                                                }
                                                                            ],
                                                                            "Plans": [
                                                                                {
                                                                                    "Node Type": "Hash Join",
                                                                                    "Parent Relationship": "Outer",
                                                                                    "Parallel Aware": true,
                                                                                    "Join Type": "Inner",
                                                                                    "Startup Cost": 46262.79,
                                                                                    "Total Cost": 375229.44,
                                                                                    "Plan Rows": 604,
                                                                                    "Plan Width": 8,
                                                                                    "Actual Startup Time": 133.569,
                                                                                    "Actual Total Time": 1583.871,
                                                                                    "Actual Rows": 929,
                                                                                    "Actual Loops": 5,
                                                                                    "Output": [
                                                                                        "ci.movie_id",
                                                                                        "ci.person_id"
                                                                                    ],
                                                                                    "Inner Unique": true,
                                                                                    "Hash Cond": "(ci.person_role_id = chn.id)",
                                                                                    "Workers": [
                                                                                        {
                                                                                            "Worker Number": 0,
                                                                                            "Actual Startup Time": 138.91,
                                                                                            "Actual Total Time": 1583.955,
                                                                                            "Actual Rows": 838,
                                                                                            "Actual Loops": 1
                                                                                        },
                                                                                        {
                                                                                            "Worker Number": 1,
                                                                                            "Actual Startup Time": 132.578,
                                                                                            "Actual Total Time": 1583.839,
                                                                                            "Actual Rows": 959,
                                                                                            "Actual Loops": 1
                                                                                        },
                                                                                        {
                                                                                            "Worker Number": 2,
                                                                                            "Actual Startup Time": 131.974,
                                                                                            "Actual Total Time": 1583.809,
                                                                                            "Actual Rows": 828,
                                                                                            "Actual Loops": 1
                                                                                        },
                                                                                        {
                                                                                            "Worker Number": 3,
                                                                                            "Actual Startup Time": 132.571,
                                                                                            "Actual Total Time": 1583.858,
                                                                                            "Actual Rows": 964,
                                                                                            "Actual Loops": 1
                                                                                        }
                                                                                    ],
                                                                                    "Plans": [
                                                                                        {
                                                                                            "Node Type": "Seq Scan",
                                                                                            "Parent Relationship": "Outer",
                                                                                            "Parallel Aware": true,
                                                                                            "Relation Name": "cast_info",
                                                                                            "Schema": "public",
                                                                                            "Alias": "ci",
                                                                                            "Startup Cost": 0.0,
                                                                                            "Total Cost": 313106.51,
                                                                                            "Plan Rows": 6041951,
                                                                                            "Plan Width": 12,
                                                                                            "Actual Startup Time": 0.01,
                                                                                            "Actual Total Time": 821.052,
                                                                                            "Actual Rows": 7248869,
                                                                                            "Actual Loops": 5,
                                                                                            "Output": [
                                                                                                "ci.id",
                                                                                                "ci.person_id",
                                                                                                "ci.movie_id",
                                                                                                "ci.person_role_id",
                                                                                                "ci.note",
                                                                                                "ci.nr_order",
                                                                                                "ci.role_id"
                                                                                            ],
                                                                                            "Workers": [
                                                                                                {
                                                                                                    "Worker Number": 0,
                                                                                                    "Actual Startup Time": 0.008,
                                                                                                    "Actual Total Time": 821.074,
                                                                                                    "Actual Rows": 6958497,
                                                                                                    "Actual Loops": 1
                                                                                                },
                                                                                                {
                                                                                                    "Worker Number": 1,
                                                                                                    "Actual Startup Time": 0.017,
                                                                                                    "Actual Total Time": 818.332,
                                                                                                    "Actual Rows": 6275271,
                                                                                                    "Actual Loops": 1
                                                                                                },
                                                                                                {
                                                                                                    "Worker Number": 2,
                                                                                                    "Actual Startup Time": 0.009,
                                                                                                    "Actual Total Time": 818.468,
                                                                                                    "Actual Rows": 6910858,
                                                                                                    "Actual Loops": 1
                                                                                                },
                                                                                                {
                                                                                                    "Worker Number": 3,
                                                                                                    "Actual Startup Time": 0.009,
                                                                                                    "Actual Total Time": 819.588,
                                                                                                    "Actual Rows": 6254591,
                                                                                                    "Actual Loops": 1
                                                                                                }
                                                                                            ]
                                                                                        },
                                                                                        {
                                                                                            "Node Type": "Hash",
                                                                                            "Parent Relationship": "Inner",
                                                                                            "Parallel Aware": true,
                                                                                            "Startup Cost": 46261.82,
                                                                                            "Total Cost": 46261.82,
                                                                                            "Plan Rows": 78,
                                                                                            "Plan Width": 4,
                                                                                            "Actual Startup Time": 131.442,
                                                                                            "Actual Total Time": 131.443,
                                                                                            "Actual Rows": 216,
                                                                                            "Actual Loops": 5,
                                                                                            "Output": [
                                                                                                "chn.id"
                                                                                            ],
                                                                                            "Hash Buckets": 1024,
                                                                                            "Original Hash Buckets": 1024,
                                                                                            "Hash Batches": 1,
                                                                                            "Original Hash Batches": 1,
                                                                                            "Peak Memory Usage": 168,
                                                                                            "Workers": [
                                                                                                {
                                                                                                    "Worker Number": 0,
                                                                                                    "Actual Startup Time": 131.486,
                                                                                                    "Actual Total Time": 131.488,
                                                                                                    "Actual Rows": 200,
                                                                                                    "Actual Loops": 1
                                                                                                },
                                                                                                {
                                                                                                    "Worker Number": 1,
                                                                                                    "Actual Startup Time": 131.486,
                                                                                                    "Actual Total Time": 131.488,
                                                                                                    "Actual Rows": 188,
                                                                                                    "Actual Loops": 1
                                                                                                },
                                                                                                {
                                                                                                    "Worker Number": 2,
                                                                                                    "Actual Startup Time": 131.366,
                                                                                                    "Actual Total Time": 131.367,
                                                                                                    "Actual Rows": 185,
                                                                                                    "Actual Loops": 1
                                                                                                },
                                                                                                {
                                                                                                    "Worker Number": 3,
                                                                                                    "Actual Startup Time": 131.395,
                                                                                                    "Actual Total Time": 131.396,
                                                                                                    "Actual Rows": 188,
                                                                                                    "Actual Loops": 1
                                                                                                }
                                                                                            ],
                                                                                            "Plans": [
                                                                                                {
                                                                                                    "Node Type": "Seq Scan",
                                                                                                    "Parent Relationship": "Outer",
                                                                                                    "Parallel Aware": true,
                                                                                                    "Relation Name": "char_name",
                                                                                                    "Schema": "public",
                                                                                                    "Alias": "chn",
                                                                                                    "Startup Cost": 0.0,
                                                                                                    "Total Cost": 46261.82,
                                                                                                    "Plan Rows": 78,
                                                                                                    "Plan Width": 4,
                                                                                                    "Actual Startup Time": 0.725,
                                                                                                    "Actual Total Time": 131.165,
                                                                                                    "Actual Rows": 216,
                                                                                                    "Actual Loops": 5,
                                                                                                    "Output": [
                                                                                                        "chn.id"
                                                                                                    ],
                                                                                                    "Filter": "((chn.name IS NOT NULL) AND (chn.name ~~ '%Murray%'::text))",
                                                                                                    "Rows Removed by Filter": 627852,
                                                                                                    "Workers": [
                                                                                                        {
                                                                                                            "Worker Number": 0,
                                                                                                            "Actual Startup Time": 0.307,
                                                                                                            "Actual Total Time": 131.194,
                                                                                                            "Actual Rows": 200,
                                                                                                            "Actual Loops": 1
                                                                                                        },
                                                                                                        {
                                                                                                            "Worker Number": 1,
                                                                                                            "Actual Startup Time": 0.613,
                                                                                                            "Actual Total Time": 131.235,
                                                                                                            "Actual Rows": 188,
                                                                                                            "Actual Loops": 1
                                                                                                        },
                                                                                                        {
                                                                                                            "Worker Number": 2,
                                                                                                            "Actual Startup Time": 0.298,
                                                                                                            "Actual Total Time": 131.075,
                                                                                                            "Actual Rows": 185,
                                                                                                            "Actual Loops": 1
                                                                                                        },
                                                                                                        {
                                                                                                            "Worker Number": 3,
                                                                                                            "Actual Startup Time": 1.993,
                                                                                                            "Actual Total Time": 131.14,
                                                                                                            "Actual Rows": 188,
                                                                                                            "Actual Loops": 1
                                                                                                        }
                                                                                                    ]
                                                                                                }
                                                                                            ]
                                                                                        }
                                                                                    ]
                                                                                },
                                                                                {
                                                                                    "Node Type": "Hash",
                                                                                    "Parent Relationship": "Inner",
                                                                                    "Parallel Aware": true,
                                                                                    "Startup Cost": 46846.14,
                                                                                    "Total Cost": 46846.14,
                                                                                    "Plan Rows": 109,
                                                                                    "Plan Width": 4,
                                                                                    "Actual Startup Time": 247.207,
                                                                                    "Actual Total Time": 247.211,
                                                                                    "Actual Rows": 11210,
                                                                                    "Actual Loops": 5,
                                                                                    "Output": [
                                                                                        "mk.movie_id"
                                                                                    ],
                                                                                    "Hash Buckets": 65536,
                                                                                    "Original Hash Buckets": 1024,
                                                                                    "Hash Batches": 1,
                                                                                    "Original Hash Batches": 1,
                                                                                    "Peak Memory Usage": 3320,
                                                                                    "Workers": [
                                                                                        {
                                                                                            "Worker Number": 0,
                                                                                            "Actual Startup Time": 241.62,
                                                                                            "Actual Total Time": 241.624,
                                                                                            "Actual Rows": 10934,
                                                                                            "Actual Loops": 1
                                                                                        },
                                                                                        {
                                                                                            "Worker Number": 1,
                                                                                            "Actual Startup Time": 241.639,
                                                                                            "Actual Total Time": 241.642,
                                                                                            "Actual Rows": 10792,
                                                                                            "Actual Loops": 1
                                                                                        },
                                                                                        {
                                                                                            "Worker Number": 2,
                                                                                            "Actual Startup Time": 241.646,
                                                                                            "Actual Total Time": 241.649,
                                                                                            "Actual Rows": 10031,
                                                                                            "Actual Loops": 1
                                                                                        },
                                                                                        {
                                                                                            "Worker Number": 3,
                                                                                            "Actual Startup Time": 243.311,
                                                                                            "Actual Total Time": 243.314,
                                                                                            "Actual Rows": 9844,
                                                                                            "Actual Loops": 1
                                                                                        }
                                                                                    ],
                                                                                    "Plans": [
                                                                                        {
                                                                                            "Node Type": "Hash Join",
                                                                                            "Parent Relationship": "Outer",
                                                                                            "Parallel Aware": false,
                                                                                            "Join Type": "Inner",
                                                                                            "Startup Cost": 3967.95,
                                                                                            "Total Cost": 46846.14,
                                                                                            "Plan Rows": 109,
                                                                                            "Plan Width": 4,
                                                                                            "Actual Startup Time": 37.739,
                                                                                            "Actual Total Time": 218.943,
                                                                                            "Actual Rows": 11210,
                                                                                            "Actual Loops": 5,
                                                                                            "Output": [
                                                                                                "mk.movie_id"
                                                                                            ],
                                                                                            "Inner Unique": true,
                                                                                            "Hash Cond": "(mk.keyword_id = k.id)",
                                                                                            "Workers": [
                                                                                                {
                                                                                                    "Worker Number": 0,
                                                                                                    "Actual Startup Time": 40.748,
                                                                                                    "Actual Total Time": 225.276,
                                                                                                    "Actual Rows": 10934,
                                                                                                    "Actual Loops": 1
                                                                                                },
                                                                                                {
                                                                                                    "Worker Number": 1,
                                                                                                    "Actual Startup Time": 40.647,
                                                                                                    "Actual Total Time": 226.675,
                                                                                                    "Actual Rows": 10792,
                                                                                                    "Actual Loops": 1
                                                                                                },
                                                                                                {
                                                                                                    "Worker Number": 2,
                                                                                                    "Actual Startup Time": 40.653,
                                                                                                    "Actual Total Time": 216.779,
                                                                                                    "Actual Rows": 10031,
                                                                                                    "Actual Loops": 1
                                                                                                },
                                                                                                {
                                                                                                    "Worker Number": 3,
                                                                                                    "Actual Startup Time": 40.057,
                                                                                                    "Actual Total Time": 213.739,
                                                                                                    "Actual Rows": 9844,
                                                                                                    "Actual Loops": 1
                                                                                                }
                                                                                            ],
                                                                                            "Plans": [
                                                                                                {
                                                                                                    "Node Type": "Seq Scan",
                                                                                                    "Parent Relationship": "Outer",
                                                                                                    "Parallel Aware": true,
                                                                                                    "Relation Name": "movie_keyword",
                                                                                                    "Schema": "public",
                                                                                                    "Alias": "mk",
                                                                                                    "Startup Cost": 0.0,
                                                                                                    "Total Cost": 39047.32,
                                                                                                    "Plan Rows": 1459332,
                                                                                                    "Plan Width": 8,
                                                                                                    "Actual Startup Time": 0.032,
                                                                                                    "Actual Total Time": 98.433,
                                                                                                    "Actual Rows": 904786,
                                                                                                    "Actual Loops": 5,
                                                                                                    "Output": [
                                                                                                        "mk.id",
                                                                                                        "mk.movie_id",
                                                                                                        "mk.keyword_id"
                                                                                                    ],
                                                                                                    "Workers": [
                                                                                                        {
                                                                                                            "Worker Number": 0,
                                                                                                            "Actual Startup Time": 0.036,
                                                                                                            "Actual Total Time": 100.333,
                                                                                                            "Actual Rows": 844340,
                                                                                                            "Actual Loops": 1
                                                                                                        },
                                                                                                        {
                                                                                                            "Worker Number": 1,
                                                                                                            "Actual Startup Time": 0.034,
                                                                                                            "Actual Total Time": 101.158,
                                                                                                            "Actual Rows": 849705,
                                                                                                            "Actual Loops": 1
                                                                                                        },
                                                                                                        {
                                                                                                            "Worker Number": 2,
                                                                                                            "Actual Startup Time": 0.035,
                                                                                                            "Actual Total Time": 95.922,
                                                                                                            "Actual Rows": 801420,
                                                                                                            "Actual Loops": 1
                                                                                                        },
                                                                                                        {
                                                                                                            "Worker Number": 3,
                                                                                                            "Actual Startup Time": 0.05,
                                                                                                            "Actual Total Time": 94.289,
                                                                                                            "Actual Rows": 789520,
                                                                                                            "Actual Loops": 1
                                                                                                        }
                                                                                                    ]
                                                                                                },
                                                                                                {
                                                                                                    "Node Type": "Hash",
                                                                                                    "Parent Relationship": "Inner",
                                                                                                    "Parallel Aware": false,
                                                                                                    "Startup Cost": 3967.82,
                                                                                                    "Total Cost": 3967.82,
                                                                                                    "Plan Rows": 10,
                                                                                                    "Plan Width": 4,
                                                                                                    "Actual Startup Time": 37.638,
                                                                                                    "Actual Total Time": 37.639,
                                                                                                    "Actual Rows": 9,
                                                                                                    "Actual Loops": 5,
                                                                                                    "Output": [
                                                                                                        "k.id"
                                                                                                    ],
                                                                                                    "Hash Buckets": 1024,
                                                                                                    "Original Hash Buckets": 1024,
                                                                                                    "Hash Batches": 1,
                                                                                                    "Original Hash Batches": 1,
                                                                                                    "Peak Memory Usage": 9,
                                                                                                    "Workers": [
                                                                                                        {
                                                                                                            "Worker Number": 0,
                                                                                                            "Actual Startup Time": 40.562,
                                                                                                            "Actual Total Time": 40.563,
                                                                                                            "Actual Rows": 9,
                                                                                                            "Actual Loops": 1
                                                                                                        },
                                                                                                        {
                                                                                                            "Worker Number": 1,
                                                                                                            "Actual Startup Time": 40.585,
                                                                                                            "Actual Total Time": 40.586,
                                                                                                            "Actual Rows": 9,
                                                                                                            "Actual Loops": 1
                                                                                                        },
                                                                                                        {
                                                                                                            "Worker Number": 2,
                                                                                                            "Actual Startup Time": 40.59,
                                                                                                            "Actual Total Time": 40.591,
                                                                                                            "Actual Rows": 9,
                                                                                                            "Actual Loops": 1
                                                                                                        },
                                                                                                        {
                                                                                                            "Worker Number": 3,
                                                                                                            "Actual Startup Time": 39.91,
                                                                                                            "Actual Total Time": 39.911,
                                                                                                            "Actual Rows": 9,
                                                                                                            "Actual Loops": 1
                                                                                                        }
                                                                                                    ],
                                                                                                    "Plans": [
                                                                                                        {
                                                                                                            "Node Type": "Seq Scan",
                                                                                                            "Parent Relationship": "Outer",
                                                                                                            "Parallel Aware": false,
                                                                                                            "Relation Name": "keyword",
                                                                                                            "Schema": "public",
                                                                                                            "Alias": "k",
                                                                                                            "Startup Cost": 0.0,
                                                                                                            "Total Cost": 3967.82,
                                                                                                            "Plan Rows": 10,
                                                                                                            "Plan Width": 4,
                                                                                                            "Actual Startup Time": 0.176,
                                                                                                            "Actual Total Time": 37.627,
                                                                                                            "Actual Rows": 9,
                                                                                                            "Actual Loops": 5,
                                                                                                            "Output": [
                                                                                                                "k.id"
                                                                                                            ],
                                                                                                            "Filter": "(k.keyword = ANY ('{marvel-cinematic-universe,web,female-nudity,murder,sequel,sequel,based-on-comic,second-part,superhero,movie-spoof}'::text[]))",
                                                                                                            "Rows Removed by Filter": 134161,
                                                                                                            "Workers": [
                                                                                                                {
                                                                                                                    "Worker Number": 0,
                                                                                                                    "Actual Startup Time": 0.179,
                                                                                                                    "Actual Total Time": 40.55,
                                                                                                                    "Actual Rows": 9,
                                                                                                                    "Actual Loops": 1
                                                                                                                },
                                                                                                                {
                                                                                                                    "Worker Number": 1,
                                                                                                                    "Actual Startup Time": 0.197,
                                                                                                                    "Actual Total Time": 40.574,
                                                                                                                    "Actual Rows": 9,
                                                                                                                    "Actual Loops": 1
                                                                                                                },
                                                                                                                {
                                                                                                                    "Worker Number": 2,
                                                                                                                    "Actual Startup Time": 0.199,
                                                                                                                    "Actual Total Time": 40.578,
                                                                                                                    "Actual Rows": 9,
                                                                                                                    "Actual Loops": 1
                                                                                                                },
                                                                                                                {
                                                                                                                    "Worker Number": 3,
                                                                                                                    "Actual Startup Time": 0.201,
                                                                                                                    "Actual Total Time": 39.898,
                                                                                                                    "Actual Rows": 9,
                                                                                                                    "Actual Loops": 1
                                                                                                                }
                                                                                                            ]
                                                                                                        }
                                                                                                    ]
                                                                                                }
                                                                                            ]
                                                                                        }
                                                                                    ]
                                                                                }
                                                                            ]
                                                                        }
                                                                    ]
                                                                }
                                                            ]
                                                        },
                                                        {
                                                            "Node Type": "Hash",
                                                            "Parent Relationship": "Inner",
                                                            "Parallel Aware": false,
                                                            "Startup Cost": 2996.88,
                                                            "Total Cost": 2996.88,
                                                            "Plan Rows": 8443,
                                                            "Plan Width": 4,
                                                            "Actual Startup Time": 79.975,
                                                            "Actual Total Time": 79.98,
                                                            "Actual Rows": 85941,
                                                            "Actual Loops": 5,
                                                            "Output": [
                                                                "cc.movie_id"
                                                            ],
                                                            "Hash Buckets": 131072,
                                                            "Original Hash Buckets": 16384,
                                                            "Hash Batches": 1,
                                                            "Original Hash Batches": 1,
                                                            "Peak Memory Usage": 4046,
                                                            "Workers": [
                                                                {
                                                                    "Worker Number": 0,
                                                                    "Actual Startup Time": 83.586,
                                                                    "Actual Total Time": 83.592,
                                                                    "Actual Rows": 85941,
                                                                    "Actual Loops": 1
                                                                },
                                                                {
                                                                    "Worker Number": 1,
                                                                    "Actual Startup Time": 83.547,
                                                                    "Actual Total Time": 83.552,
                                                                    "Actual Rows": 85941,
                                                                    "Actual Loops": 1
                                                                },
                                                                {
                                                                    "Worker Number": 2,
                                                                    "Actual Startup Time": 83.597,
                                                                    "Actual Total Time": 83.602,
                                                                    "Actual Rows": 85941,
                                                                    "Actual Loops": 1
                                                                },
                                                                {
                                                                    "Worker Number": 3,
                                                                    "Actual Startup Time": 82.326,
                                                                    "Actual Total Time": 82.331,
                                                                    "Actual Rows": 85941,
                                                                    "Actual Loops": 1
                                                                }
                                                            ],
                                                            "Plans": [
                                                                {
                                                                    "Node Type": "Hash Join",
                                                                    "Parent Relationship": "Outer",
                                                                    "Parallel Aware": false,
                                                                    "Join Type": "Inner",
                                                                    "Startup Cost": 2.12,
                                                                    "Total Cost": 2996.88,
                                                                    "Plan Rows": 8443,
                                                                    "Plan Width": 4,
                                                                    "Actual Startup Time": 0.345,
                                                                    "Actual Total Time": 60.616,
                                                                    "Actual Rows": 85941,
                                                                    "Actual Loops": 5,
                                                                    "Output": [
                                                                        "cc.movie_id"
                                                                    ],
                                                                    "Inner Unique": true,
                                                                    "Hash Cond": "(cc.status_id = cct2.id)",
                                                                    "Workers": [
                                                                        {
                                                                            "Worker Number": 0,
                                                                            "Actual Startup Time": 0.368,
                                                                            "Actual Total Time": 63.298,
                                                                            "Actual Rows": 85941,
                                                                            "Actual Loops": 1
                                                                        },
                                                                        {
                                                                            "Worker Number": 1,
                                                                            "Actual Startup Time": 0.341,
                                                                            "Actual Total Time": 63.288,
                                                                            "Actual Rows": 85941,
                                                                            "Actual Loops": 1
                                                                        },
                                                                        {
                                                                            "Worker Number": 2,
                                                                            "Actual Startup Time": 0.356,
                                                                            "Actual Total Time": 63.238,
                                                                            "Actual Rows": 85941,
                                                                            "Actual Loops": 1
                                                                        },
                                                                        {
                                                                            "Worker Number": 3,
                                                                            "Actual Startup Time": 0.353,
                                                                            "Actual Total Time": 62.352,
                                                                            "Actual Rows": 85941,
                                                                            "Actual Loops": 1
                                                                        }
                                                                    ],
                                                                    "Plans": [
                                                                        {
                                                                            "Node Type": "Hash Join",
                                                                            "Parent Relationship": "Outer",
                                                                            "Parallel Aware": false,
                                                                            "Join Type": "Inner",
                                                                            "Startup Cost": 1.06,
                                                                            "Total Cost": 2813.24,
                                                                            "Plan Rows": 33772,
                                                                            "Plan Width": 8,
                                                                            "Actual Startup Time": 0.181,
                                                                            "Actual Total Time": 43.832,
                                                                            "Actual Rows": 85941,
                                                                            "Actual Loops": 5,
                                                                            "Output": [
                                                                                "cc.movie_id",
                                                                                "cc.status_id"
                                                                            ],
                                                                            "Inner Unique": true,
                                                                            "Hash Cond": "(cc.subject_id = cct1.id)",
                                                                            "Workers": [
                                                                                {
                                                                                    "Worker Number": 0,
                                                                                    "Actual Startup Time": 0.198,
                                                                                    "Actual Total Time": 45.806,
                                                                                    "Actual Rows": 85941,
                                                                                    "Actual Loops": 1
                                                                                },
                                                                                {
                                                                                    "Worker Number": 1,
                                                                                    "Actual Startup Time": 0.171,
                                                                                    "Actual Total Time": 45.781,
                                                                                    "Actual Rows": 85941,
                                                                                    "Actual Loops": 1
                                                                                },
                                                                                {
                                                                                    "Worker Number": 2,
                                                                                    "Actual Startup Time": 0.176,
                                                                                    "Actual Total Time": 45.685,
                                                                                    "Actual Rows": 85941,
                                                                                    "Actual Loops": 1
                                                                                },
                                                                                {
                                                                                    "Worker Number": 3,
                                                                                    "Actual Startup Time": 0.172,
                                                                                    "Actual Total Time": 44.698,
                                                                                    "Actual Rows": 85941,
                                                                                    "Actual Loops": 1
                                                                                }
                                                                            ],
                                                                            "Plans": [
                                                                                {
                                                                                    "Node Type": "Seq Scan",
                                                                                    "Parent Relationship": "Outer",
                                                                                    "Parallel Aware": false,
                                                                                    "Relation Name": "complete_cast",
                                                                                    "Schema": "public",
                                                                                    "Alias": "cc",
                                                                                    "Startup Cost": 0.0,
                                                                                    "Total Cost": 2081.86,
                                                                                    "Plan Rows": 135086,
                                                                                    "Plan Width": 12,
                                                                                    "Actual Startup Time": 0.082,
                                                                                    "Actual Total Time": 17.913,
                                                                                    "Actual Rows": 135086,
                                                                                    "Actual Loops": 5,
                                                                                    "Output": [
                                                                                        "cc.id",
                                                                                        "cc.movie_id",
                                                                                        "cc.subject_id",
                                                                                        "cc.status_id"
                                                                                    ],
                                                                                    "Workers": [
                                                                                        {
                                                                                            "Worker Number": 0,
                                                                                            "Actual Startup Time": 0.076,
                                                                                            "Actual Total Time": 18.691,
                                                                                            "Actual Rows": 135086,
                                                                                            "Actual Loops": 1
                                                                                        },
                                                                                        {
                                                                                            "Worker Number": 1,
                                                                                            "Actual Startup Time": 0.073,
                                                                                            "Actual Total Time": 18.725,
                                                                                            "Actual Rows": 135086,
                                                                                            "Actual Loops": 1
                                                                                        },
                                                                                        {
                                                                                            "Worker Number": 2,
                                                                                            "Actual Startup Time": 0.08,
                                                                                            "Actual Total Time": 18.629,
                                                                                            "Actual Rows": 135086,
                                                                                            "Actual Loops": 1
                                                                                        },
                                                                                        {
                                                                                            "Worker Number": 3,
                                                                                            "Actual Startup Time": 0.075,
                                                                                            "Actual Total Time": 17.516,
                                                                                            "Actual Rows": 135086,
                                                                                            "Actual Loops": 1
                                                                                        }
                                                                                    ]
                                                                                },
                                                                                {
                                                                                    "Node Type": "Hash",
                                                                                    "Parent Relationship": "Inner",
                                                                                    "Parallel Aware": false,
                                                                                    "Startup Cost": 1.05,
                                                                                    "Total Cost": 1.05,
                                                                                    "Plan Rows": 1,
                                                                                    "Plan Width": 4,
                                                                                    "Actual Startup Time": 0.031,
                                                                                    "Actual Total Time": 0.032,
                                                                                    "Actual Rows": 1,
                                                                                    "Actual Loops": 5,
                                                                                    "Output": [
                                                                                        "cct1.id"
                                                                                    ],
                                                                                    "Hash Buckets": 1024,
                                                                                    "Original Hash Buckets": 1024,
                                                                                    "Hash Batches": 1,
                                                                                    "Original Hash Batches": 1,
                                                                                    "Peak Memory Usage": 9,
                                                                                    "Workers": [
                                                                                        {
                                                                                            "Worker Number": 0,
                                                                                            "Actual Startup Time": 0.031,
                                                                                            "Actual Total Time": 0.032,
                                                                                            "Actual Rows": 1,
                                                                                            "Actual Loops": 1
                                                                                        },
                                                                                        {
                                                                                            "Worker Number": 1,
                                                                                            "Actual Startup Time": 0.032,
                                                                                            "Actual Total Time": 0.033,
                                                                                            "Actual Rows": 1,
                                                                                            "Actual Loops": 1
                                                                                        },
                                                                                        {
                                                                                            "Worker Number": 2,
                                                                                            "Actual Startup Time": 0.031,
                                                                                            "Actual Total Time": 0.031,
                                                                                            "Actual Rows": 1,
                                                                                            "Actual Loops": 1
                                                                                        },
                                                                                        {
                                                                                            "Worker Number": 3,
                                                                                            "Actual Startup Time": 0.032,
                                                                                            "Actual Total Time": 0.033,
                                                                                            "Actual Rows": 1,
                                                                                            "Actual Loops": 1
                                                                                        }
                                                                                    ],
                                                                                    "Plans": [
                                                                                        {
                                                                                            "Node Type": "Seq Scan",
                                                                                            "Parent Relationship": "Outer",
                                                                                            "Parallel Aware": false,
                                                                                            "Relation Name": "comp_cast_type",
                                                                                            "Schema": "public",
                                                                                            "Alias": "cct1",
                                                                                            "Startup Cost": 0.0,
                                                                                            "Total Cost": 1.05,
                                                                                            "Plan Rows": 1,
                                                                                            "Plan Width": 4,
                                                                                            "Actual Startup Time": 0.013,
                                                                                            "Actual Total Time": 0.017,
                                                                                            "Actual Rows": 1,
                                                                                            "Actual Loops": 5,
                                                                                            "Output": [
                                                                                                "cct1.id"
                                                                                            ],
                                                                                            "Filter": "((cct1.kind)::text = 'cast'::text)",
                                                                                            "Rows Removed by Filter": 3,
                                                                                            "Workers": [
                                                                                                {
                                                                                                    "Worker Number": 0,
                                                                                                    "Actual Startup Time": 0.013,
                                                                                                    "Actual Total Time": 0.017,
                                                                                                    "Actual Rows": 1,
                                                                                                    "Actual Loops": 1
                                                                                                },
                                                                                                {
                                                                                                    "Worker Number": 1,
                                                                                                    "Actual Startup Time": 0.014,
                                                                                                    "Actual Total Time": 0.017,
                                                                                                    "Actual Rows": 1,
                                                                                                    "Actual Loops": 1
                                                                                                },
                                                                                                {
                                                                                                    "Worker Number": 2,
                                                                                                    "Actual Startup Time": 0.013,
                                                                                                    "Actual Total Time": 0.017,
                                                                                                    "Actual Rows": 1,
                                                                                                    "Actual Loops": 1
                                                                                                },
                                                                                                {
                                                                                                    "Worker Number": 3,
                                                                                                    "Actual Startup Time": 0.013,
                                                                                                    "Actual Total Time": 0.017,
                                                                                                    "Actual Rows": 1,
                                                                                                    "Actual Loops": 1
                                                                                                }
                                                                                            ]
                                                                                        }
                                                                                    ]
                                                                                }
                                                                            ]
                                                                        },
                                                                        {
                                                                            "Node Type": "Hash",
                                                                            "Parent Relationship": "Inner",
                                                                            "Parallel Aware": false,
                                                                            "Startup Cost": 1.05,
                                                                            "Total Cost": 1.05,
                                                                            "Plan Rows": 1,
                                                                            "Plan Width": 4,
                                                                            "Actual Startup Time": 0.106,
                                                                            "Actual Total Time": 0.107,
                                                                            "Actual Rows": 2,
                                                                            "Actual Loops": 5,
                                                                            "Output": [
                                                                                "cct2.id"
                                                                            ],
                                                                            "Hash Buckets": 1024,
                                                                            "Original Hash Buckets": 1024,
                                                                            "Hash Batches": 1,
                                                                            "Original Hash Batches": 1,
                                                                            "Peak Memory Usage": 9,
                                                                            "Workers": [
                                                                                {
                                                                                    "Worker Number": 0,
                                                                                    "Actual Startup Time": 0.115,
                                                                                    "Actual Total Time": 0.116,
                                                                                    "Actual Rows": 2,
                                                                                    "Actual Loops": 1
                                                                                },
                                                                                {
                                                                                    "Worker Number": 1,
                                                                                    "Actual Startup Time": 0.111,
                                                                                    "Actual Total Time": 0.112,
                                                                                    "Actual Rows": 2,
                                                                                    "Actual Loops": 1
                                                                                },
                                                                                {
                                                                                    "Worker Number": 2,
                                                                                    "Actual Startup Time": 0.123,
                                                                                    "Actual Total Time": 0.124,
                                                                                    "Actual Rows": 2,
                                                                                    "Actual Loops": 1
                                                                                },
                                                                                {
                                                                                    "Worker Number": 3,
                                                                                    "Actual Startup Time": 0.121,
                                                                                    "Actual Total Time": 0.122,
                                                                                    "Actual Rows": 2,
                                                                                    "Actual Loops": 1
                                                                                }
                                                                            ],
                                                                            "Plans": [
                                                                                {
                                                                                    "Node Type": "Seq Scan",
                                                                                    "Parent Relationship": "Outer",
                                                                                    "Parallel Aware": false,
                                                                                    "Relation Name": "comp_cast_type",
                                                                                    "Schema": "public",
                                                                                    "Alias": "cct2",
                                                                                    "Startup Cost": 0.0,
                                                                                    "Total Cost": 1.05,
                                                                                    "Plan Rows": 1,
                                                                                    "Plan Width": 4,
                                                                                    "Actual Startup Time": 0.079,
                                                                                    "Actual Total Time": 0.083,
                                                                                    "Actual Rows": 2,
                                                                                    "Actual Loops": 5,
                                                                                    "Output": [
                                                                                        "cct2.id"
                                                                                    ],
                                                                                    "Filter": "((cct2.kind)::text ~~ '%complete%'::text)",
                                                                                    "Rows Removed by Filter": 2,
                                                                                    "Workers": [
                                                                                        {
                                                                                            "Worker Number": 0,
                                                                                            "Actual Startup Time": 0.087,
                                                                                            "Actual Total Time": 0.091,
                                                                                            "Actual Rows": 2,
                                                                                            "Actual Loops": 1
                                                                                        },
                                                                                        {
                                                                                            "Worker Number": 1,
                                                                                            "Actual Startup Time": 0.084,
                                                                                            "Actual Total Time": 0.088,
                                                                                            "Actual Rows": 2,
                                                                                            "Actual Loops": 1
                                                                                        },
                                                                                        {
                                                                                            "Worker Number": 2,
                                                                                            "Actual Startup Time": 0.094,
                                                                                            "Actual Total Time": 0.098,
                                                                                            "Actual Rows": 2,
                                                                                            "Actual Loops": 1
                                                                                        },
                                                                                        {
                                                                                            "Worker Number": 3,
                                                                                            "Actual Startup Time": 0.093,
                                                                                            "Actual Total Time": 0.097,
                                                                                            "Actual Rows": 2,
                                                                                            "Actual Loops": 1
                                                                                        }
                                                                                    ]
                                                                                }
                                                                            ]
                                                                        }
                                                                    ]
                                                                }
                                                            ]
                                                        }
                                                    ]
                                                }
                                            ]
                                        }
                                    ]
                                }
                            ]
                        },
                        {
                            "Node Type": "Hash",
                            "Parent Relationship": "Inner",
                            "Parallel Aware": false,
                            "Startup Cost": 1.09,
                            "Total Cost": 1.09,
                            "Plan Rows": 1,
                            "Plan Width": 4,
                            "Actual Startup Time": 0.048,
                            "Actual Total Time": 0.052,
                            "Actual Rows": 1,
                            "Actual Loops": 1,
                            "Output": [
                                "kt.id"
                            ],
                            "Hash Buckets": 1024,
                            "Original Hash Buckets": 1024,
                            "Hash Batches": 1,
                            "Original Hash Batches": 1,
                            "Peak Memory Usage": 9,
                            "Plans": [
                                {
                                    "Node Type": "Seq Scan",
                                    "Parent Relationship": "Outer",
                                    "Parallel Aware": false,
                                    "Relation Name": "kind_type",
                                    "Schema": "public",
                                    "Alias": "kt",
                                    "Startup Cost": 0.0,
                                    "Total Cost": 1.09,
                                    "Plan Rows": 1,
                                    "Plan Width": 4,
                                    "Actual Startup Time": 0.028,
                                    "Actual Total Time": 0.034,
                                    "Actual Rows": 1,
                                    "Actual Loops": 1,
                                    "Output": [
                                        "kt.id"
                                    ],
                                    "Filter": "((kt.kind)::text = 'movie'::text)",
                                    "Rows Removed by Filter": 6
                                }
                            ]
                        }
                    ]
                }
            ]
        },
        "Planning Time": 1782.644,
        "Triggers": [],
        "Execution Time": 2355.681
    }
]