{
  "Plan": {
    "Node Type": "Aggregate",
    "Strategy": "Plain",
    "Partial Mode": "Finalize",
    "Parallel Aware": false,
    "Startup Cost": 104458.18,
    "Total Cost": 104458.19,
    "Plan Rows": 1,
    "Plan Width": 8,
    "Actual Startup Time": 549.547,
    "Actual Total Time": 567.818,
    "Actual Rows": 1,
    "Actual Loops": 1,
    "Plans": [
      {
        "Node Type": "Gather",
        "Parent Relationship": "Outer",
        "Parallel Aware": false,
        "Startup Cost": 104458.07,
        "Total Cost": 104458.18,
        "Plan Rows": 1,
        "Plan Width": 8,
        "Actual Startup Time": 548.22,
        "Actual Total Time": 567.81,
        "Actual Rows": 2,
        "Actual Loops": 1,
        "Workers Planned": 1,
        "Workers Launched": 1,
        "Single Copy": false,
        "Plans": [
          {
            "Node Type": "Aggregate",
            "Strategy": "Plain",
            "Partial Mode": "Partial",
            "Parent Relationship": "Outer",
            "Parallel Aware": false,
            "Startup Cost": 103458.07,
            "Total Cost": 103458.08,
            "Plan Rows": 1,
            "Plan Width": 8,
            "Actual Startup Time": 541.997,
            "Actual Total Time": 542.001,
            "Actual Rows": 1,
            "Actual Loops": 2,
            "Plans": [
              {
                "Node Type": "Hash Join",
                "Parent Relationship": "Outer",
                "Parallel Aware": true,
                "Join Type": "Inner",
                "Startup Cost": 43684.99,
                "Total Cost": 103209.78,
                "Plan Rows": 99314,
                "Plan Width": 0,
                "Actual Startup Time": 196.337,
                "Actual Total Time": 533.886,
                "Actual Rows": 151544,
                "Actual Loops": 2,
                "Inner Unique": false,
                "Hash Cond": "(t.id = mc.movie_id)",
                "Plans": [
                  {
                    "Node Type": "Seq Scan",
                    "Parent Relationship": "Outer",
                    "Parallel Aware": true,
                    "Relation Name": "title",
                    "Alias": "t",
                    "Startup Cost": 0.0,
                    "Total Cost": 54588.39,
                    "Plan Rows": 696353,
                    "Plan Width": 4,
                    "Actual Startup Time": 0.014,
                    "Actual Total Time": 168.513,
                    "Actual Rows": 597962,
                    "Actual Loops": 2,
                    "Filter": "(production_year < 2003)",
                    "Rows Removed by Filter": 666194
                  },
                  {
                    "Node Type": "Hash",
                    "Parent Relationship": "Inner",
                    "Parallel Aware": true,
                    "Startup Cost": 41033.61,
                    "Total Cost": 41033.61,
                    "Plan Rows": 212110,
                    "Plan Width": 4,
                    "Actual Startup Time": 190.93,
                    "Actual Total Time": 190.932,
                    "Actual Rows": 258254,
                    "Actual Loops": 2,
                    "Hash Buckets": 524288,
                    "Original Hash Buckets": 524288,
                    "Hash Batches": 1,
                    "Original Hash Batches": 1,
                    "Peak Memory Usage": 24320,
                    "Plans": [
                      {
                        "Node Type": "Bitmap Heap Scan",
                        "Parent Relationship": "Outer",
                        "Parallel Aware": true,
                        "Relation Name": "movie_companies",
                        "Alias": "mc",
                        "Startup Cost": 15780.35,
                        "Total Cost": 41033.61,
                        "Plan Rows": 212110,
                        "Plan Width": 4,
                        "Actual Startup Time": 47.82,
                        "Actual Total Time": 134.805,
                        "Actual Rows": 258254,
                        "Actual Loops": 2,
                        "Recheck Cond": "(company_id < 1427)",
                        "Rows Removed by Index Recheck": 0,
                        "Filter": "(company_type_id = 1)",
                        "Rows Removed by Filter": 105221,
                        "Exact Heap Blocks": 13038,
                        "Lossy Heap Blocks": 0,
                        "Plans": [
                          {
                            "Node Type": "Bitmap Index Scan",
                            "Parent Relationship": "Outer",
                            "Parallel Aware": false,
                            "Index Name": "company_id_movie_companies",
                            "Startup Cost": 0.0,
                            "Total Cost": 15690.2,
                            "Plan Rows": 732503,
                            "Plan Width": 0,
                            "Actual Startup Time": 45.619,
                            "Actual Total Time": 45.62,
                            "Actual Rows": 726951,
                            "Actual Loops": 1,
                            "Index Cond": "(company_id < 1427)"
                          }
                        ]
                      }
                    ]
                  }
                ]
              }
            ]
          }
        ]
      }
    ]
  },
  "Planning Time": 0.481,
  "Triggers": [],
  "Execution Time": 567.914
}