{
  "Plan": {
    "Node Type": "Aggregate",
    "Strategy": "Plain",
    "Partial Mode": "Finalize",
    "Parallel Aware": false,
    "Startup Cost": 397605.75,
    "Total Cost": 397605.76,
    "Plan Rows": 1,
    "Plan Width": 8,
    "Actual Startup Time": 1263.142,
    "Actual Total Time": 1284.718,
    "Actual Rows": 1,
    "Actual Loops": 1,
    "Plans": [
      {
        "Node Type": "Gather",
        "Parent Relationship": "Outer",
        "Parallel Aware": false,
        "Startup Cost": 397605.64,
        "Total Cost": 397605.75,
        "Plan Rows": 1,
        "Plan Width": 8,
        "Actual Startup Time": 1256.75,
        "Actual Total Time": 1284.709,
        "Actual Rows": 2,
        "Actual Loops": 1,
        "Workers Planned": 1,
        "Workers Launched": 1,
        "Single Copy": false,
        "Plans": [
          {
            "Node Type": "Aggregate",
            "Strategy": "Plain",
            "Partial Mode": "Partial",
            "Parent Relationship": "Outer",
            "Parallel Aware": false,
            "Startup Cost": 396605.64,
            "Total Cost": 396605.65,
            "Plan Rows": 1,
            "Plan Width": 8,
            "Actual Startup Time": 1244.383,
            "Actual Total Time": 1244.386,
            "Actual Rows": 1,
            "Actual Loops": 2,
            "Plans": [
              {
                "Node Type": "Hash Join",
                "Parent Relationship": "Outer",
                "Parallel Aware": true,
                "Join Type": "Inner",
                "Startup Cost": 120133.25,
                "Total Cost": 393231.83,
                "Plan Rows": 1349525,
                "Plan Width": 0,
                "Actual Startup Time": 615.531,
                "Actual Total Time": 1198.202,
                "Actual Rows": 1099958,
                "Actual Loops": 2,
                "Inner Unique": true,
                "Hash Cond": "(ci.movie_id = t.id)",
                "Plans": [
                  {
                    "Node Type": "Bitmap Heap Scan",
                    "Parent Relationship": "Outer",
                    "Parallel Aware": true,
                    "Relation Name": "cast_info",
                    "Alias": "ci",
                    "Startup Cost": 50672.55,
                    "Total Cost": 320228.61,
                    "Plan Rows": 1349525,
                    "Plan Width": 4,
                    "Actual Startup Time": 75.812,
                    "Actual Total Time": 205.004,
                    "Actual Rows": 1099958,
                    "Actual Loops": 2,
                    "Recheck Cond": "(person_id > 3631795)",
                    "Rows Removed by Index Recheck": 0,
                    "Exact Heap Blocks": 15709,
                    "Lossy Heap Blocks": 0,
                    "Plans": [
                      {
                        "Node Type": "Bitmap Index Scan",
                        "Parent Relationship": "Outer",
                        "Parallel Aware": false,
                        "Index Name": "person_id_cast_info",
                        "Startup Cost": 0.0,
                        "Total Cost": 50099.01,
                        "Plan Rows": 2294192,
                        "Plan Width": 0,
                        "Actual Startup Time": 70.562,
                        "Actual Total Time": 70.562,
                        "Actual Rows": 2199915,
                        "Actual Loops": 1,
                        "Index Cond": "(person_id > 3631795)"
                      }
                    ]
                  },
                  {
                    "Node Type": "Hash",
                    "Parent Relationship": "Inner",
                    "Parallel Aware": true,
                    "Startup Cost": 50870.31,
                    "Total Cost": 50870.31,
                    "Plan Rows": 1487231,
                    "Plan Width": 4,
                    "Actual Startup Time": 517.836,
                    "Actual Total Time": 517.836,
                    "Actual Rows": 1264156,
                    "Actual Loops": 2,
                    "Hash Buckets": 4194304,
                    "Original Hash Buckets": 4194304,
                    "Hash Batches": 1,
                    "Original Hash Batches": 1,
                    "Peak Memory Usage": 131712,
                    "Plans": [
                      {
                        "Node Type": "Seq Scan",
                        "Parent Relationship": "Outer",
                        "Parallel Aware": true,
                        "Relation Name": "title",
                        "Alias": "t",
                        "Startup Cost": 0.0,
                        "Total Cost": 50870.31,
                        "Plan Rows": 1487231,
                        "Plan Width": 4,
                        "Actual Startup Time": 0.024,
                        "Actual Total Time": 153.983,
                        "Actual Rows": 1264156,
                        "Actual Loops": 2
                      }
                    ]
                  }
                ]
              }
            ]
          }
        ]
      }
    ]
  },
  "Planning Time": 0.685,
  "Triggers": [],
  "Execution Time": 1284.808
}