[
  {
    "Plan": {
      "Node Type": "Aggregate",
      "Strategy": "Plain",
      "Partial Mode": "Finalize",
      "Parallel Aware": false,
      "Startup Cost": 348245.72,
      "Total Cost": 348245.73,
      "Plan Rows": 1,
      "Plan Width": 8,
      "Actual Startup Time": 613.746,
      "Actual Total Time": 656.326,
      "Actual Rows": 1,
      "Actual Loops": 1,
      "Plans": [
        {
          "Node Type": "Gather",
          "Parent Relationship": "Outer",
          "Parallel Aware": false,
          "Startup Cost": 348245.09,
          "Total Cost": 348245.7,
          "Plan Rows": 6,
          "Plan Width": 8,
          "Actual Startup Time": 613.538,
          "Actual Total Time": 656.316,
          "Actual Rows": 7,
          "Actual Loops": 1,
          "Workers Planned": 6,
          "Workers Launched": 6,
          "Single Copy": false,
          "Plans": [
            {
              "Node Type": "Aggregate",
              "Strategy": "Plain",
              "Partial Mode": "Partial",
              "Parent Relationship": "Outer",
              "Parallel Aware": false,
              "Startup Cost": 347245.09,
              "Total Cost": 347245.1,
              "Plan Rows": 1,
              "Plan Width": 8,
              "Actual Startup Time": 606.265,
              "Actual Total Time": 606.267,
              "Actual Rows": 1,
              "Actual Loops": 7,
              "Plans": [
                {
                  "Node Type": "Seq Scan",
                  "Parent Relationship": "Outer",
                  "Parallel Aware": true,
                  "Relation Name": "cast_info",
                  "Alias": "ci",
                  "Startup Cost": 0.0,
                  "Total Cost": 343316.27,
                  "Plan Rows": 1571528,
                  "Plan Width": 0,
                  "Actual Startup Time": 213.985,
                  "Actual Total Time": 579.513,
                  "Actual Rows": 583213,
                  "Actual Loops": 7,
                  "Filter": "((person_id < 1443722) AND (role_id > 1))",
                  "Rows Removed by Filter": 4594550
                }
              ]
            }
          ]
        }
      ]
    },
    "Planning Time": 0.091,
    "Triggers": [],
    "Execution Time": 656.361
  }
]