[
  {
    "Plan": {
      "Node Type": "Aggregate",
      "Strategy": "Plain",
      "Partial Mode": "Finalize",
      "Parallel Aware": false,
      "Startup Cost": 81576.89,
      "Total Cost": 81576.9,
      "Plan Rows": 1,
      "Plan Width": 8,
      "Actual Startup Time": 377.351,
      "Actual Total Time": 393.354,
      "Actual Rows": 1,
      "Actual Loops": 1,
      "Plans": [
        {
          "Node Type": "Gather",
          "Parent Relationship": "Outer",
          "Parallel Aware": false,
          "Startup Cost": 81576.47,
          "Total Cost": 81576.88,
          "Plan Rows": 4,
          "Plan Width": 8,
          "Actual Startup Time": 374.899,
          "Actual Total Time": 393.347,
          "Actual Rows": 5,
          "Actual Loops": 1,
          "Workers Planned": 4,
          "Workers Launched": 4,
          "Single Copy": false,
          "Plans": [
            {
              "Node Type": "Aggregate",
              "Strategy": "Plain",
              "Partial Mode": "Partial",
              "Parent Relationship": "Outer",
              "Parallel Aware": false,
              "Startup Cost": 80576.47,
              "Total Cost": 80576.48,
              "Plan Rows": 1,
              "Plan Width": 8,
              "Actual Startup Time": 364.778,
              "Actual Total Time": 364.782,
              "Actual Rows": 1,
              "Actual Loops": 5,
              "Plans": [
                {
                  "Node Type": "Hash Join",
                  "Parent Relationship": "Outer",
                  "Parallel Aware": true,
                  "Join Type": "Inner",
                  "Startup Cost": 34132.57,
                  "Total Cost": 80155.22,
                  "Plan Rows": 168500,
                  "Plan Width": 0,
                  "Actual Startup Time": 140.052,
                  "Actual Total Time": 357.087,
                  "Actual Rows": 183791,
                  "Actual Loops": 5,
                  "Inner Unique": false,
                  "Hash Cond": "(t.id = mc.movie_id)",
                  "Plans": [
                    {
                      "Node Type": "Seq Scan",
                      "Parent Relationship": "Outer",
                      "Parallel Aware": true,
                      "Relation Name": "title",
                      "Alias": "t",
                      "Startup Cost": 0.0,
                      "Total Cost": 42318.73,
                      "Plan Rows": 632073,
                      "Plan Width": 4,
                      "Actual Startup Time": 0.012,
                      "Actual Total Time": 65.017,
                      "Actual Rows": 505662,
                      "Actual Loops": 5
                    },
                    {
                      "Node Type": "Hash",
                      "Parent Relationship": "Inner",
                      "Parallel Aware": true,
                      "Startup Cost": 31414.82,
                      "Total Cost": 31414.82,
                      "Plan Rows": 217420,
                      "Plan Width": 4,
                      "Actual Startup Time": 135.717,
                      "Actual Total Time": 135.718,
                      "Actual Rows": 183791,
                      "Actual Loops": 5,
                      "Hash Buckets": 1048576,
                      "Original Hash Buckets": 1048576,
                      "Hash Batches": 1,
                      "Original Hash Batches": 1,
                      "Peak Memory Usage": 44224,
                      "Plans": [
                        {
                          "Node Type": "Seq Scan",
                          "Parent Relationship": "Outer",
                          "Parallel Aware": true,
                          "Relation Name": "movie_companies",
                          "Alias": "mc",
                          "Startup Cost": 0.0,
                          "Total Cost": 31414.82,
                          "Plan Rows": 217420,
                          "Plan Width": 4,
                          "Actual Startup Time": 45.901,
                          "Actual Total Time": 77.757,
                          "Actual Rows": 183791,
                          "Actual Loops": 5,
                          "Filter": "((company_id > 11203) AND (company_type_id = 2))",
                          "Rows Removed by Filter": 338035
                        }
                      ]
                    }
                  ]
                }
              ]
            }
          ]
        }
      ]
    },
    "Planning Time": 0.65,
    "Triggers": [],
    "Execution Time": 393.421
  }
]