[
  {
    "Plan": {
      "Node Type": "Aggregate",
      "Strategy": "Plain",
      "Partial Mode": "Finalize",
      "Parallel Aware": false,
      "Startup Cost": 340990.64,
      "Total Cost": 340990.65,
      "Plan Rows": 1,
      "Plan Width": 8,
      "Actual Startup Time": 800.123,
      "Actual Total Time": 857.77,
      "Actual Rows": 1,
      "Actual Loops": 1,
      "Plans": [
        {
          "Node Type": "Gather",
          "Parent Relationship": "Outer",
          "Parallel Aware": false,
          "Startup Cost": 340990.01,
          "Total Cost": 340990.62,
          "Plan Rows": 6,
          "Plan Width": 8,
          "Actual Startup Time": 800.024,
          "Actual Total Time": 857.76,
          "Actual Rows": 7,
          "Actual Loops": 1,
          "Workers Planned": 6,
          "Workers Launched": 6,
          "Single Copy": false,
          "Plans": [
            {
              "Node Type": "Aggregate",
              "Strategy": "Plain",
              "Partial Mode": "Partial",
              "Parent Relationship": "Outer",
              "Parallel Aware": false,
              "Startup Cost": 339990.01,
              "Total Cost": 339990.02,
              "Plan Rows": 1,
              "Plan Width": 8,
              "Actual Startup Time": 790.575,
              "Actual Total Time": 790.576,
              "Actual Rows": 1,
              "Actual Loops": 7,
              "Plans": [
                {
                  "Node Type": "Seq Scan",
                  "Parent Relationship": "Outer",
                  "Parallel Aware": true,
                  "Relation Name": "cast_info",
                  "Alias": "ci",
                  "Startup Cost": 0.0,
                  "Total Cost": 328162.03,
                  "Plan Rows": 4731195,
                  "Plan Width": 0,
                  "Actual Startup Time": 97.931,
                  "Actual Total Time": 625.653,
                  "Actual Rows": 4034886,
                  "Actual Loops": 7,
                  "Filter": "(person_id > 782181)",
                  "Rows Removed by Filter": 1142877
                }
              ]
            }
          ]
        }
      ]
    },
    "Planning Time": 0.165,
    "Triggers": [],
    "Execution Time": 857.831
  }
]