{
  "Plan": {
    "Node Type": "Aggregate",
    "Strategy": "Plain",
    "Partial Mode": "Finalize",
    "Parallel Aware": false,
    "Startup Cost": 132785.92,
    "Total Cost": 132785.93,
    "Plan Rows": 1,
    "Plan Width": 8,
    "Actual Startup Time": 947.066,
    "Actual Total Time": 974.344,
    "Actual Rows": 1,
    "Actual Loops": 1,
    "Plans": [
      {
        "Node Type": "Gather",
        "Parent Relationship": "Outer",
        "Parallel Aware": false,
        "Startup Cost": 132785.81,
        "Total Cost": 132785.92,
        "Plan Rows": 1,
        "Plan Width": 8,
        "Actual Startup Time": 945.516,
        "Actual Total Time": 974.338,
        "Actual Rows": 2,
        "Actual Loops": 1,
        "Workers Planned": 1,
        "Workers Launched": 1,
        "Single Copy": false,
        "Plans": [
          {
            "Node Type": "Aggregate",
            "Strategy": "Plain",
            "Partial Mode": "Partial",
            "Parent Relationship": "Outer",
            "Parallel Aware": false,
            "Startup Cost": 131785.81,
            "Total Cost": 131785.82,
            "Plan Rows": 1,
            "Plan Width": 8,
            "Actual Startup Time": 939.195,
            "Actual Total Time": 939.2,
            "Actual Rows": 1,
            "Actual Loops": 2,
            "Plans": [
              {
                "Node Type": "Nested Loop",
                "Parent Relationship": "Outer",
                "Parallel Aware": false,
                "Join Type": "Inner",
                "Startup Cost": 74828.43,
                "Total Cost": 131694.75,
                "Plan Rows": 36425,
                "Plan Width": 0,
                "Actual Startup Time": 277.207,
                "Actual Total Time": 903.301,
                "Actual Rows": 669336,
                "Actual Loops": 2,
                "Inner Unique": false,
                "Join Filter": "(t.id = mc.movie_id)",
                "Rows Removed by Join Filter": 0,
                "Plans": [
                  {
                    "Node Type": "Hash Join",
                    "Parent Relationship": "Outer",
                    "Parallel Aware": true,
                    "Join Type": "Inner",
                    "Startup Cost": 74828.0,
                    "Total Cost": 105546.49,
                    "Plan Rows": 35296,
                    "Plan Width": 8,
                    "Actual Startup Time": 277.128,
                    "Actual Total Time": 451.377,
                    "Actual Rows": 112666,
                    "Actual Loops": 2,
                    "Inner Unique": true,
                    "Hash Cond": "(mk.movie_id = t.id)",
                    "Plans": [
                      {
                        "Node Type": "Bitmap Heap Scan",
                        "Parent Relationship": "Outer",
                        "Parallel Aware": true,
                        "Relation Name": "movie_keyword",
                        "Alias": "mk",
                        "Startup Cost": 14937.26,
                        "Total Cost": 44568.52,
                        "Plan Rows": 414181,
                        "Plan Width": 4,
                        "Actual Startup Time": 61.746,
                        "Actual Total Time": 149.096,
                        "Actual Rows": 355829,
                        "Actual Loops": 2,
                        "Recheck Cond": "(keyword_id < 613)",
                        "Rows Removed by Index Recheck": 0,
                        "Exact Heap Blocks": 15225,
                        "Lossy Heap Blocks": 0,
                        "Plans": [
                          {
                            "Node Type": "Bitmap Index Scan",
                            "Parent Relationship": "Outer",
                            "Parallel Aware": false,
                            "Index Name": "keyword_id_movie_keyword",
                            "Startup Cost": 0.0,
                            "Total Cost": 14761.24,
                            "Plan Rows": 704107,
                            "Plan Width": 0,
                            "Actual Startup Time": 55.886,
                            "Actual Total Time": 55.887,
                            "Actual Rows": 711658,
                            "Actual Loops": 1,
                            "Index Cond": "(keyword_id < 613)"
                          }
                        ]
                      },
                      {
                        "Node Type": "Hash",
                        "Parent Relationship": "Inner",
                        "Parallel Aware": true,
                        "Startup Cost": 58306.47,
                        "Total Cost": 58306.47,
                        "Plan Rows": 126742,
                        "Plan Width": 4,
                        "Actual Startup Time": 211.992,
                        "Actual Total Time": 211.993,
                        "Actual Rows": 179762,
                        "Actual Loops": 2,
                        "Hash Buckets": 524288,
                        "Original Hash Buckets": 262144,
                        "Hash Batches": 1,
                        "Original Hash Batches": 1,
                        "Peak Memory Usage": 20256,
                        "Plans": [
                          {
                            "Node Type": "Seq Scan",
                            "Parent Relationship": "Outer",
                            "Parallel Aware": true,
                            "Relation Name": "title",
                            "Alias": "t",
                            "Startup Cost": 0.0,
                            "Total Cost": 58306.47,
                            "Plan Rows": 126742,
                            "Plan Width": 4,
                            "Actual Startup Time": 0.052,
                            "Actual Total Time": 161.549,
                            "Actual Rows": 179762,
                            "Actual Loops": 2,
                            "Filter": "((kind_id < 4) AND (production_year < 1988))",
                            "Rows Removed by Filter": 1084394
                          }
                        ]
                      }
                    ]
                  },
                  {
                    "Node Type": "Index Only Scan",
                    "Parent Relationship": "Inner",
                    "Parallel Aware": false,
                    "Scan Direction": "Forward",
                    "Index Name": "movie_id_movie_companies",
                    "Relation Name": "movie_companies",
                    "Alias": "mc",
                    "Startup Cost": 0.43,
                    "Total Cost": 0.68,
                    "Plan Rows": 5,
                    "Plan Width": 4,
                    "Actual Startup Time": 0.002,
                    "Actual Total Time": 0.003,
                    "Actual Rows": 6,
                    "Actual Loops": 225331,
                    "Index Cond": "(movie_id = mk.movie_id)",
                    "Rows Removed by Index Recheck": 0,
                    "Heap Fetches": 1338672
                  }
                ]
              }
            ]
          }
        ]
      }
    ]
  },
  "Planning Time": 0.951,
  "Triggers": [],
  "Execution Time": 974.451
}