[
    {
        "Bao": {
            "Bao prediction": 443.338,
            "Bao recommended hint": "(no hint)"
        }
    },
    {
        "Plan": {
            "Node Type": "Aggregate",
            "Strategy": "Plain",
            "Partial Mode": "Finalize",
            "Parallel Aware": false,
            "Startup Cost": 32941.0,
            "Total Cost": 32941.01,
            "Plan Rows": 1,
            "Plan Width": 8,
            "Actual Startup Time": 96.95,
            "Actual Total Time": 101.3,
            "Actual Rows": 1,
            "Actual Loops": 1,
            "Output": [
                "count(*)"
            ],
            "Plans": [
                {
                    "Node Type": "Gather",
                    "Parent Relationship": "Outer",
                    "Parallel Aware": false,
                    "Startup Cost": 32940.68,
                    "Total Cost": 32940.99,
                    "Plan Rows": 3,
                    "Plan Width": 8,
                    "Actual Startup Time": 96.759,
                    "Actual Total Time": 101.294,
                    "Actual Rows": 4,
                    "Actual Loops": 1,
                    "Output": [
                        "(PARTIAL count(*))"
                    ],
                    "Workers Planned": 3,
                    "Workers Launched": 3,
                    "Single Copy": false,
                    "Plans": [
                        {
                            "Node Type": "Aggregate",
                            "Strategy": "Plain",
                            "Partial Mode": "Partial",
                            "Parent Relationship": "Outer",
                            "Parallel Aware": false,
                            "Startup Cost": 31940.68,
                            "Total Cost": 31940.69,
                            "Plan Rows": 1,
                            "Plan Width": 8,
                            "Actual Startup Time": 88.727,
                            "Actual Total Time": 88.728,
                            "Actual Rows": 1,
                            "Actual Loops": 4,
                            "Output": [
                                "PARTIAL count(*)"
                            ],
                            "Workers": [
                                {
                                    "Worker Number": 0,
                                    "Actual Startup Time": 86.097,
                                    "Actual Total Time": 86.097,
                                    "Actual Rows": 1,
                                    "Actual Loops": 1
                                },
                                {
                                    "Worker Number": 1,
                                    "Actual Startup Time": 86.091,
                                    "Actual Total Time": 86.092,
                                    "Actual Rows": 1,
                                    "Actual Loops": 1
                                },
                                {
                                    "Worker Number": 2,
                                    "Actual Startup Time": 86.592,
                                    "Actual Total Time": 86.593,
                                    "Actual Rows": 1,
                                    "Actual Loops": 1
                                }
                            ],
                            "Plans": [
                                {
                                    "Node Type": "Seq Scan",
                                    "Parent Relationship": "Outer",
                                    "Parallel Aware": true,
                                    "Relation Name": "movie_companies",
                                    "Schema": "public",
                                    "Alias": "mc",
                                    "Startup Cost": 0.0,
                                    "Total Cost": 31414.82,
                                    "Plan Rows": 210345,
                                    "Plan Width": 0,
                                    "Actual Startup Time": 46.995,
                                    "Actual Total Time": 79.549,
                                    "Actual Rows": 225685,
                                    "Actual Loops": 4,
                                    "Output": [
                                        "id",
                                        "movie_id",
                                        "company_id",
                                        "company_type_id",
                                        "note"
                                    ],
                                    "Filter": "((mc.company_id > 11385) AND (mc.company_type_id > 1))",
                                    "Rows Removed by Filter": 426597,
                                    "Workers": [
                                        {
                                            "Worker Number": 0,
                                            "Actual Startup Time": 44.359,
                                            "Actual Total Time": 77.043,
                                            "Actual Rows": 215174,
                                            "Actual Loops": 1
                                        },
                                        {
                                            "Worker Number": 1,
                                            "Actual Startup Time": 44.364,
                                            "Actual Total Time": 77.12,
                                            "Actual Rows": 213776,
                                            "Actual Loops": 1
                                        },
                                        {
                                            "Worker Number": 2,
                                            "Actual Startup Time": 44.853,
                                            "Actual Total Time": 77.851,
                                            "Actual Rows": 216333,
                                            "Actual Loops": 1
                                        }
                                    ]
                                }
                            ]
                        }
                    ]
                }
            ]
        },
        "Planning Time": 999.782,
        "Triggers": [],
        "Execution Time": 101.377
    }
]