[
  {
    "Plan": {
      "Node Type": "Aggregate",
      "Strategy": "Plain",
      "Partial Mode": "Finalize",
      "Parallel Aware": false,
      "Startup Cost": 94531.83,
      "Total Cost": 94531.84,
      "Plan Rows": 1,
      "Plan Width": 68,
      "Actual Startup Time": 442.955,
      "Actual Total Time": 456.986,
      "Actual Rows": 1,
      "Actual Loops": 1,
      "Plans": [
        {
          "Node Type": "Gather",
          "Parent Relationship": "Outer",
          "Parallel Aware": false,
          "Startup Cost": 94531.39,
          "Total Cost": 94531.8,
          "Plan Rows": 4,
          "Plan Width": 68,
          "Actual Startup Time": 442.471,
          "Actual Total Time": 456.964,
          "Actual Rows": 5,
          "Actual Loops": 1,
          "Workers Planned": 4,
          "Workers Launched": 4,
          "Single Copy": false,
          "Plans": [
            {
              "Node Type": "Aggregate",
              "Strategy": "Plain",
              "Partial Mode": "Partial",
              "Parent Relationship": "Outer",
              "Parallel Aware": false,
              "Startup Cost": 93531.39,
              "Total Cost": 93531.4,
              "Plan Rows": 1,
              "Plan Width": 68,
              "Actual Startup Time": 430.782,
              "Actual Total Time": 430.8,
              "Actual Rows": 1,
              "Actual Loops": 5,
              "Plans": [
                {
                  "Node Type": "Hash Join",
                  "Parent Relationship": "Outer",
                  "Parallel Aware": true,
                  "Join Type": "Inner",
                  "Startup Cost": 48842.19,
                  "Total Cost": 93531.18,
                  "Plan Rows": 28,
                  "Plan Width": 45,
                  "Actual Startup Time": 371.912,
                  "Actual Total Time": 430.751,
                  "Actual Rows": 28,
                  "Actual Loops": 5,
                  "Inner Unique": false,
                  "Hash Cond": "(t.id = mc.movie_id)",
                  "Plans": [
                    {
                      "Node Type": "Seq Scan",
                      "Parent Relationship": "Outer",
                      "Parallel Aware": true,
                      "Relation Name": "title",
                      "Alias": "t",
                      "Startup Cost": 0.0,
                      "Total Cost": 42318.63,
                      "Plan Rows": 632063,
                      "Plan Width": 25,
                      "Actual Startup Time": 0.032,
                      "Actual Total Time": 132.265,
                      "Actual Rows": 505662,
                      "Actual Loops": 5
                    },
                    {
                      "Node Type": "Hash",
                      "Parent Relationship": "Inner",
                      "Parallel Aware": true,
                      "Startup Cost": 48841.62,
                      "Total Cost": 48841.62,
                      "Plan Rows": 46,
                      "Plan Width": 32,
                      "Actual Startup Time": 252.151,
                      "Actual Total Time": 252.166,
                      "Actual Rows": 28,
                      "Actual Loops": 5,
                      "Hash Buckets": 1024,
                      "Original Hash Buckets": 1024,
                      "Hash Batches": 1,
                      "Original Hash Batches": 1,
                      "Peak Memory Usage": 72,
                      "Plans": [
                        {
                          "Node Type": "Hash Join",
                          "Parent Relationship": "Outer",
                          "Parallel Aware": true,
                          "Join Type": "Inner",
                          "Startup Cost": 33571.21,
                          "Total Cost": 48841.62,
                          "Plan Rows": 46,
                          "Plan Width": 32,
                          "Actual Startup Time": 251.506,
                          "Actual Total Time": 251.608,
                          "Actual Rows": 28,
                          "Actual Loops": 5,
                          "Inner Unique": false,
                          "Hash Cond": "(mi_idx.movie_id = mc.movie_id)",
                          "Plans": [
                            {
                              "Node Type": "Hash Join",
                              "Parent Relationship": "Outer",
                              "Parallel Aware": false,
                              "Join Type": "Inner",
                              "Startup Cost": 2.43,
                              "Total Cost": 15253.6,
                              "Plan Rows": 5089,
                              "Plan Width": 4,
                              "Actual Startup Time": 64.338,
                              "Actual Total Time": 64.357,
                              "Actual Rows": 50,
                              "Actual Loops": 5,
                              "Inner Unique": true,
                              "Hash Cond": "(mi_idx.info_type_id = it.id)",
                              "Plans": [
                                {
                                  "Node Type": "Seq Scan",
                                  "Parent Relationship": "Outer",
                                  "Parallel Aware": true,
                                  "Relation Name": "movie_info_idx",
                                  "Alias": "mi_idx",
                                  "Startup Cost": 0.0,
                                  "Total Cost": 13685.15,
                                  "Plan Rows": 575015,
                                  "Plan Width": 8,
                                  "Actual Startup Time": 0.019,
                                  "Actual Total Time": 40.704,
                                  "Actual Rows": 276007,
                                  "Actual Loops": 5
                                },
                                {
                                  "Node Type": "Hash",
                                  "Parent Relationship": "Inner",
                                  "Parallel Aware": false,
                                  "Startup Cost": 2.41,
                                  "Total Cost": 2.41,
                                  "Plan Rows": 1,
                                  "Plan Width": 4,
                                  "Actual Startup Time": 0.071,
                                  "Actual Total Time": 0.073,
                                  "Actual Rows": 1,
                                  "Actual Loops": 5,
                                  "Hash Buckets": 1024,
                                  "Original Hash Buckets": 1024,
                                  "Hash Batches": 1,
                                  "Original Hash Batches": 1,
                                  "Peak Memory Usage": 9,
                                  "Plans": [
                                    {
                                      "Node Type": "Seq Scan",
                                      "Parent Relationship": "Outer",
                                      "Parallel Aware": false,
                                      "Relation Name": "info_type",
                                      "Alias": "it",
                                      "Startup Cost": 0.0,
                                      "Total Cost": 2.41,
                                      "Plan Rows": 1,
                                      "Plan Width": 4,
                                      "Actual Startup Time": 0.058,
                                      "Actual Total Time": 0.06,
                                      "Actual Rows": 1,
                                      "Actual Loops": 5,
                                      "Filter": "((info)::text = 'top 250 rank'::text)",
                                      "Rows Removed by Filter": 112
                                    }
                                  ]
                                }
                              ]
                            },
                            {
                              "Node Type": "Hash",
                              "Parent Relationship": "Inner",
                              "Parallel Aware": true,
                              "Startup Cost": 33550.92,
                              "Total Cost": 33550.92,
                              "Plan Rows": 1429,
                              "Plan Width": 28,
                              "Actual Startup Time": 187.077,
                              "Actual Total Time": 187.082,
                              "Actual Rows": 5731,
                              "Actual Loops": 5,
                              "Hash Buckets": 32768,
                              "Original Hash Buckets": 8192,
                              "Hash Batches": 1,
                              "Original Hash Batches": 1,
                              "Peak Memory Usage": 2112,
                              "Plans": [
                                {
                                  "Node Type": "Hash Join",
                                  "Parent Relationship": "Outer",
                                  "Parallel Aware": false,
                                  "Join Type": "Inner",
                                  "Startup Cost": 1.06,
                                  "Total Cost": 33550.92,
                                  "Plan Rows": 1429,
                                  "Plan Width": 28,
                                  "Actual Startup Time": 134.176,
                                  "Actual Total Time": 179.156,
                                  "Actual Rows": 5731,
                                  "Actual Loops": 5,
                                  "Inner Unique": true,
                                  "Hash Cond": "(mc.company_type_id = ct.id)",
                                  "Plans": [
                                    {
                                      "Node Type": "Seq Scan",
                                      "Parent Relationship": "Outer",
                                      "Parallel Aware": true,
                                      "Relation Name": "movie_companies",
                                      "Alias": "mc",
                                      "Startup Cost": 0.0,
                                      "Total Cost": 33518.95,
                                      "Plan Rows": 5717,
                                      "Plan Width": 32,
                                      "Actual Startup Time": 32.886,
                                      "Actual Total Time": 177.578,
                                      "Actual Rows": 5778,
                                      "Actual Loops": 5,
                                      "Filter": "((note !~~ '%(as Metro-Goldwyn-Mayer Pictures)%'::text) AND ((note ~~ '%(co-production)%'::text) OR (note ~~ '%(presents)%'::text)))",
                                      "Rows Removed by Filter": 516048
                                    },
                                    {
                                      "Node Type": "Hash",
                                      "Parent Relationship": "Inner",
                                      "Parallel Aware": false,
                                      "Startup Cost": 1.05,
                                      "Total Cost": 1.05,
                                      "Plan Rows": 1,
                                      "Plan Width": 4,
                                      "Actual Startup Time": 0.053,
                                      "Actual Total Time": 0.055,
                                      "Actual Rows": 1,
                                      "Actual Loops": 5,
                                      "Hash Buckets": 1024,
                                      "Original Hash Buckets": 1024,
                                      "Hash Batches": 1,
                                      "Original Hash Batches": 1,
                                      "Peak Memory Usage": 9,
                                      "Plans": [
                                        {
                                          "Node Type": "Seq Scan",
                                          "Parent Relationship": "Outer",
                                          "Parallel Aware": false,
                                          "Relation Name": "company_type",
                                          "Alias": "ct",
                                          "Startup Cost": 0.0,
                                          "Total Cost": 1.05,
                                          "Plan Rows": 1,
                                          "Plan Width": 4,
                                          "Actual Startup Time": 0.037,
                                          "Actual Total Time": 0.039,
                                          "Actual Rows": 1,
                                          "Actual Loops": 5,
                                          "Filter": "((kind)::text = 'production companies'::text)",
                                          "Rows Removed by Filter": 3
                                        }
                                      ]
                                    }
                                  ]
                                }
                              ]
                            }
                          ]
                        }
                      ]
                    }
                  ]
                }
              ]
            }
          ]
        }
      ]
    },
    "Planning Time": 6.035,
    "Triggers": [],
    "Execution Time": 457.45
  }
]