[
  {
    "Plan": {
      "Node Type": "Aggregate",
      "Strategy": "Plain",
      "Partial Mode": "Finalize",
      "Parallel Aware": false,
      "Startup Cost": 25183.35,
      "Total Cost": 25183.36,
      "Plan Rows": 1,
      "Plan Width": 8,
      "Actual Startup Time": 86.737,
      "Actual Total Time": 107.367,
      "Actual Rows": 1,
      "Actual Loops": 1,
      "Plans": [
        {
          "Node Type": "Gather",
          "Parent Relationship": "Outer",
          "Parallel Aware": false,
          "Startup Cost": 25183.14,
          "Total Cost": 25183.35,
          "Plan Rows": 2,
          "Plan Width": 8,
          "Actual Startup Time": 86.439,
          "Actual Total Time": 107.357,
          "Actual Rows": 3,
          "Actual Loops": 1,
          "Workers Planned": 2,
          "Workers Launched": 2,
          "Single Copy": false,
          "Plans": [
            {
              "Node Type": "Aggregate",
              "Strategy": "Plain",
              "Partial Mode": "Partial",
              "Parent Relationship": "Outer",
              "Parallel Aware": false,
              "Startup Cost": 24183.14,
              "Total Cost": 24183.15,
              "Plan Rows": 1,
              "Plan Width": 8,
              "Actual Startup Time": 82.632,
              "Actual Total Time": 82.634,
              "Actual Rows": 1,
              "Actual Loops": 3,
              "Plans": [
                {
                  "Node Type": "Nested Loop",
                  "Parent Relationship": "Outer",
                  "Parallel Aware": false,
                  "Join Type": "Inner",
                  "Startup Cost": 88.43,
                  "Total Cost": 24164.09,
                  "Plan Rows": 7617,
                  "Plan Width": 0,
                  "Actual Startup Time": 1.553,
                  "Actual Total Time": 80.004,
                  "Actual Rows": 35852,
                  "Actual Loops": 3,
                  "Inner Unique": false,
                  "Plans": [
                    {
                      "Node Type": "Nested Loop",
                      "Parent Relationship": "Outer",
                      "Parallel Aware": false,
                      "Join Type": "Inner",
                      "Startup Cost": 87.87,
                      "Total Cost": 22344.2,
                      "Plan Rows": 531,
                      "Plan Width": 8,
                      "Actual Startup Time": 1.409,
                      "Actual Total Time": 11.586,
                      "Actual Rows": 1123,
                      "Actual Loops": 3,
                      "Inner Unique": true,
                      "Plans": [
                        {
                          "Node Type": "Bitmap Heap Scan",
                          "Parent Relationship": "Outer",
                          "Parallel Aware": true,
                          "Relation Name": "movie_companies",
                          "Alias": "mc",
                          "Startup Cost": 87.44,
                          "Total Cost": 9815.47,
                          "Plan Rows": 1667,
                          "Plan Width": 4,
                          "Actual Startup Time": 1.324,
                          "Actual Total Time": 4.032,
                          "Actual Rows": 1139,
                          "Actual Loops": 3,
                          "Recheck Cond": "(company_id = 483)",
                          "Rows Removed by Index Recheck": 0,
                          "Exact Heap Blocks": 894,
                          "Lossy Heap Blocks": 0,
                          "Plans": [
                            {
                              "Node Type": "Bitmap Index Scan",
                              "Parent Relationship": "Outer",
                              "Parallel Aware": false,
                              "Index Name": "company_id_movie_companies",
                              "Startup Cost": 0.0,
                              "Total Cost": 86.44,
                              "Plan Rows": 4001,
                              "Plan Width": 0,
                              "Actual Startup Time": 3.154,
                              "Actual Total Time": 3.154,
                              "Actual Rows": 3417,
                              "Actual Loops": 1,
                              "Index Cond": "(company_id = 483)"
                            }
                          ]
                        },
                        {
                          "Node Type": "Index Scan",
                          "Parent Relationship": "Inner",
                          "Parallel Aware": false,
                          "Scan Direction": "Forward",
                          "Index Name": "title_pkey",
                          "Relation Name": "title",
                          "Alias": "t",
                          "Startup Cost": 0.43,
                          "Total Cost": 7.52,
                          "Plan Rows": 1,
                          "Plan Width": 4,
                          "Actual Startup Time": 0.006,
                          "Actual Total Time": 0.006,
                          "Actual Rows": 1,
                          "Actual Loops": 3417,
                          "Index Cond": "(id = mc.movie_id)",
                          "Rows Removed by Index Recheck": 0,
                          "Filter": "((kind_id < 7) AND (production_year < 2011))",
                          "Rows Removed by Filter": 0
                        }
                      ]
                    },
                    {
                      "Node Type": "Index Only Scan",
                      "Parent Relationship": "Inner",
                      "Parallel Aware": false,
                      "Scan Direction": "Forward",
                      "Index Name": "movie_id_cast_info",
                      "Relation Name": "cast_info",
                      "Alias": "ci",
                      "Startup Cost": 0.56,
                      "Total Cost": 3.08,
                      "Plan Rows": 35,
                      "Plan Width": 4,
                      "Actual Startup Time": 0.009,
                      "Actual Total Time": 0.057,
                      "Actual Rows": 32,
                      "Actual Loops": 3370,
                      "Index Cond": "(movie_id = t.id)",
                      "Rows Removed by Index Recheck": 0,
                      "Heap Fetches": 107555
                    }
                  ]
                }
              ]
            }
          ]
        }
      ]
    },
    "Planning Time": 1.485,
    "Triggers": [],
    "Execution Time": 107.475
  }
]