[
  {
    "Plan": {
      "Node Type": "Aggregate",
      "Strategy": "Plain",
      "Partial Mode": "Finalize",
      "Parallel Aware": false,
      "Startup Cost": 32811.34,
      "Total Cost": 32811.35,
      "Plan Rows": 1,
      "Plan Width": 8,
      "Actual Startup Time": 89.015,
      "Actual Total Time": 95.231,
      "Actual Rows": 1,
      "Actual Loops": 1,
      "Plans": [
        {
          "Node Type": "Gather",
          "Parent Relationship": "Outer",
          "Parallel Aware": false,
          "Startup Cost": 32811.03,
          "Total Cost": 32811.34,
          "Plan Rows": 3,
          "Plan Width": 8,
          "Actual Startup Time": 88.898,
          "Actual Total Time": 95.223,
          "Actual Rows": 4,
          "Actual Loops": 1,
          "Workers Planned": 3,
          "Workers Launched": 3,
          "Single Copy": false,
          "Plans": [
            {
              "Node Type": "Aggregate",
              "Strategy": "Plain",
              "Partial Mode": "Partial",
              "Parent Relationship": "Outer",
              "Parallel Aware": false,
              "Startup Cost": 31811.03,
              "Total Cost": 31811.04,
              "Plan Rows": 1,
              "Plan Width": 8,
              "Actual Startup Time": 81.799,
              "Actual Total Time": 81.801,
              "Actual Rows": 1,
              "Actual Loops": 4,
              "Plans": [
                {
                  "Node Type": "Seq Scan",
                  "Parent Relationship": "Outer",
                  "Parallel Aware": true,
                  "Relation Name": "movie_companies",
                  "Alias": "mc",
                  "Startup Cost": 0.0,
                  "Total Cost": 31414.82,
                  "Plan Rows": 158483,
                  "Plan Width": 0,
                  "Actual Startup Time": 48.115,
                  "Actual Total Time": 78.552,
                  "Actual Rows": 71755,
                  "Actual Loops": 4,
                  "Filter": "((company_id < 4051) AND (company_type_id > 1))",
                  "Rows Removed by Filter": 580527
                }
              ]
            }
          ]
        }
      ]
    },
    "Planning Time": 0.242,
    "Triggers": [],
    "Execution Time": 95.294
  }
]