[
  {
    "Plan": {
      "Node Type": "Aggregate",
      "Strategy": "Plain",
      "Partial Mode": "Finalize",
      "Parallel Aware": false,
      "Startup Cost": 33107.04,
      "Total Cost": 33107.05,
      "Plan Rows": 1,
      "Plan Width": 8,
      "Actual Startup Time": 98.205,
      "Actual Total Time": 107.426,
      "Actual Rows": 1,
      "Actual Loops": 1,
      "Plans": [
        {
          "Node Type": "Gather",
          "Parent Relationship": "Outer",
          "Parallel Aware": false,
          "Startup Cost": 33106.73,
          "Total Cost": 33107.04,
          "Plan Rows": 3,
          "Plan Width": 8,
          "Actual Startup Time": 98.081,
          "Actual Total Time": 107.417,
          "Actual Rows": 4,
          "Actual Loops": 1,
          "Workers Planned": 3,
          "Workers Launched": 3,
          "Single Copy": false,
          "Plans": [
            {
              "Node Type": "Aggregate",
              "Strategy": "Plain",
              "Partial Mode": "Partial",
              "Parent Relationship": "Outer",
              "Parallel Aware": false,
              "Startup Cost": 32106.73,
              "Total Cost": 32106.74,
              "Plan Rows": 1,
              "Plan Width": 8,
              "Actual Startup Time": 91.266,
              "Actual Total Time": 91.267,
              "Actual Rows": 1,
              "Actual Loops": 4,
              "Plans": [
                {
                  "Node Type": "Seq Scan",
                  "Parent Relationship": "Outer",
                  "Parallel Aware": true,
                  "Relation Name": "movie_companies",
                  "Alias": "mc",
                  "Startup Cost": 0.0,
                  "Total Cost": 31414.82,
                  "Plan Rows": 276763,
                  "Plan Width": 0,
                  "Actual Startup Time": 1.896,
                  "Actual Total Time": 82.955,
                  "Actual Rows": 166176,
                  "Actual Loops": 4,
                  "Filter": "((company_id > 2512) AND (company_type_id < 2))",
                  "Rows Removed by Filter": 486106
                }
              ]
            }
          ]
        }
      ]
    },
    "Planning Time": 0.168,
    "Triggers": [],
    "Execution Time": 107.474
  }
]