[
    {
        "Bao": {
            "Bao prediction": 55.592,
            "Bao recommended hint": "(no hint)"
        }
    },
    {
        "Plan": {
            "Node Type": "Aggregate",
            "Strategy": "Plain",
            "Partial Mode": "Simple",
            "Parallel Aware": false,
            "Startup Cost": 961.48,
            "Total Cost": 961.49,
            "Plan Rows": 1,
            "Plan Width": 96,
            "Actual Startup Time": 384.45,
            "Actual Total Time": 384.462,
            "Actual Rows": 1,
            "Actual Loops": 1,
            "Output": [
                "min(cn.name)",
                "min((lt.link)::text)",
                "min(t.title)"
            ],
            "Plans": [
                {
                    "Node Type": "Nested Loop",
                    "Parent Relationship": "Outer",
                    "Parallel Aware": false,
                    "Join Type": "Inner",
                    "Startup Cost": 337.41,
                    "Total Cost": 961.47,
                    "Plan Rows": 1,
                    "Plan Width": 48,
                    "Actual Startup Time": 37.946,
                    "Actual Total Time": 384.423,
                    "Actual Rows": 57,
                    "Actual Loops": 1,
                    "Output": [
                        "cn.name",
                        "lt.link",
                        "t.title"
                    ],
                    "Inner Unique": true,
                    "Join Filter": "(ml.movie_id = t.id)",
                    "Rows Removed by Join Filter": 0,
                    "Plans": [
                        {
                            "Node Type": "Nested Loop",
                            "Parent Relationship": "Outer",
                            "Parallel Aware": false,
                            "Join Type": "Inner",
                            "Startup Cost": 336.98,
                            "Total Cost": 960.97,
                            "Plan Rows": 1,
                            "Plan Width": 51,
                            "Actual Startup Time": 37.883,
                            "Actual Total Time": 384.246,
                            "Actual Rows": 57,
                            "Actual Loops": 1,
                            "Output": [
                                "cc.movie_id",
                                "mc.movie_id",
                                "cn.name",
                                "mi.movie_id",
                                "mk.movie_id",
                                "ml.movie_id",
                                "lt.link"
                            ],
                            "Inner Unique": true,
                            "Plans": [
                                {
                                    "Node Type": "Merge Join",
                                    "Parent Relationship": "Outer",
                                    "Parallel Aware": false,
                                    "Join Type": "Inner",
                                    "Startup Cost": 336.56,
                                    "Total Cost": 960.51,
                                    "Plan Rows": 1,
                                    "Plan Width": 55,
                                    "Actual Startup Time": 37.403,
                                    "Actual Total Time": 383.104,
                                    "Actual Rows": 513,
                                    "Actual Loops": 1,
                                    "Output": [
                                        "cc.movie_id",
                                        "mc.movie_id",
                                        "cn.name",
                                        "mi.movie_id",
                                        "mk.movie_id",
                                        "mk.keyword_id",
                                        "ml.movie_id",
                                        "lt.link"
                                    ],
                                    "Inner Unique": false,
                                    "Merge Cond": "(mk.movie_id = ml.movie_id)",
                                    "Plans": [
                                        {
                                            "Node Type": "Nested Loop",
                                            "Parent Relationship": "Outer",
                                            "Parallel Aware": false,
                                            "Join Type": "Inner",
                                            "Startup Cost": 2.14,
                                            "Total Cost": 43713.05,
                                            "Plan Rows": 71,
                                            "Plan Width": 39,
                                            "Actual Startup Time": 34.723,
                                            "Actual Total Time": 380.195,
                                            "Actual Rows": 28,
                                            "Actual Loops": 1,
                                            "Output": [
                                                "cc.movie_id",
                                                "mc.movie_id",
                                                "cn.name",
                                                "mi.movie_id",
                                                "mk.movie_id",
                                                "mk.keyword_id"
                                            ],
                                            "Inner Unique": false,
                                            "Plans": [
                                                {
                                                    "Node Type": "Nested Loop",
                                                    "Parent Relationship": "Outer",
                                                    "Parallel Aware": false,
                                                    "Join Type": "Inner",
                                                    "Startup Cost": 1.71,
                                                    "Total Cost": 43698.33,
                                                    "Plan Rows": 8,
                                                    "Plan Width": 31,
                                                    "Actual Startup Time": 34.665,
                                                    "Actual Total Time": 380.048,
                                                    "Actual Rows": 4,
                                                    "Actual Loops": 1,
                                                    "Output": [
                                                        "cc.movie_id",
                                                        "mc.movie_id",
                                                        "cn.name",
                                                        "mi.movie_id"
                                                    ],
                                                    "Inner Unique": false,
                                                    "Plans": [
                                                        {
                                                            "Node Type": "Nested Loop",
                                                            "Parent Relationship": "Outer",
                                                            "Parallel Aware": false,
                                                            "Join Type": "Inner",
                                                            "Startup Cost": 1.27,
                                                            "Total Cost": 38482.81,
                                                            "Plan Rows": 2548,
                                                            "Plan Width": 27,
                                                            "Actual Startup Time": 9.151,
                                                            "Actual Total Time": 291.275,
                                                            "Actual Rows": 2626,
                                                            "Actual Loops": 1,
                                                            "Output": [
                                                                "cc.movie_id",
                                                                "mc.movie_id",
                                                                "cn.name"
                                                            ],
                                                            "Inner Unique": true,
                                                            "Plans": [
                                                                {
                                                                    "Node Type": "Nested Loop",
                                                                    "Parent Relationship": "Outer",
                                                                    "Parallel Aware": false,
                                                                    "Join Type": "Inner",
                                                                    "Startup Cost": 0.85,
                                                                    "Total Cost": 33650.34,
                                                                    "Plan Rows": 10570,
                                                                    "Plan Width": 12,
                                                                    "Actual Startup Time": 1.167,
                                                                    "Actual Total Time": 216.185,
                                                                    "Actual Rows": 24772,
                                                                    "Actual Loops": 1,
                                                                    "Output": [
                                                                        "cc.movie_id",
                                                                        "mc.movie_id",
                                                                        "mc.company_id"
                                                                    ],
                                                                    "Inner Unique": true,
                                                                    "Join Filter": "(mc.company_type_id = ct.id)",
                                                                    "Rows Removed by Join Filter": 842,
                                                                    "Plans": [
                                                                        {
                                                                            "Node Type": "Nested Loop",
                                                                            "Parent Relationship": "Outer",
                                                                            "Parallel Aware": false,
                                                                            "Join Type": "Inner",
                                                                            "Startup Cost": 0.85,
                                                                            "Total Cost": 33015.06,
                                                                            "Plan Rows": 42282,
                                                                            "Plan Width": 16,
                                                                            "Actual Startup Time": 1.131,
                                                                            "Actual Total Time": 206.964,
                                                                            "Actual Rows": 25614,
                                                                            "Actual Loops": 1,
                                                                            "Output": [
                                                                                "cc.movie_id",
                                                                                "mc.movie_id",
                                                                                "mc.company_type_id",
                                                                                "mc.company_id"
                                                                            ],
                                                                            "Inner Unique": false,
                                                                            "Plans": [
                                                                                {
                                                                                    "Node Type": "Nested Loop",
                                                                                    "Parent Relationship": "Outer",
                                                                                    "Parallel Aware": false,
                                                                                    "Join Type": "Inner",
                                                                                    "Startup Cost": 0.42,
                                                                                    "Total Cost": 9614.77,
                                                                                    "Plan Rows": 16886,
                                                                                    "Plan Width": 4,
                                                                                    "Actual Startup Time": 0.191,
                                                                                    "Actual Total Time": 88.932,
                                                                                    "Actual Rows": 28152,
                                                                                    "Actual Loops": 1,
                                                                                    "Output": [
                                                                                        "cc.movie_id"
                                                                                    ],
                                                                                    "Inner Unique": true,
                                                                                    "Join Filter": "(cc.subject_id = cct1.id)",
                                                                                    "Rows Removed by Join Filter": 83240,
                                                                                    "Plans": [
                                                                                        {
                                                                                            "Node Type": "Nested Loop",
                                                                                            "Parent Relationship": "Outer",
                                                                                            "Parallel Aware": false,
                                                                                            "Join Type": "Inner",
                                                                                            "Startup Cost": 0.42,
                                                                                            "Total Cost": 8684.98,
                                                                                            "Plan Rows": 33772,
                                                                                            "Plan Width": 8,
                                                                                            "Actual Startup Time": 0.077,
                                                                                            "Actual Total Time": 60.694,
                                                                                            "Actual Rows": 69772,
                                                                                            "Actual Loops": 1,
                                                                                            "Output": [
                                                                                                "cc.movie_id",
                                                                                                "cc.subject_id"
                                                                                            ],
                                                                                            "Inner Unique": true,
                                                                                            "Join Filter": "(cc.status_id = cct2.id)",
                                                                                            "Rows Removed by Join Filter": 7463,
                                                                                            "Plans": [
                                                                                                {
                                                                                                    "Node Type": "Index Scan",
                                                                                                    "Parent Relationship": "Outer",
                                                                                                    "Parallel Aware": false,
                                                                                                    "Scan Direction": "Forward",
                                                                                                    "Index Name": "movie_id_complete_cast",
                                                                                                    "Relation Name": "complete_cast",
                                                                                                    "Schema": "public",
                                                                                                    "Alias": "cc",
                                                                                                    "Startup Cost": 0.42,
                                                                                                    "Total Cost": 6657.64,
                                                                                                    "Plan Rows": 135086,
                                                                                                    "Plan Width": 12,
                                                                                                    "Actual Startup Time": 0.031,
                                                                                                    "Actual Total Time": 34.511,
                                                                                                    "Actual Rows": 77235,
                                                                                                    "Actual Loops": 1,
                                                                                                    "Output": [
                                                                                                        "cc.id",
                                                                                                        "cc.movie_id",
                                                                                                        "cc.subject_id",
                                                                                                        "cc.status_id"
                                                                                                    ]
                                                                                                },
                                                                                                {
                                                                                                    "Node Type": "Materialize",
                                                                                                    "Parent Relationship": "Inner",
                                                                                                    "Parallel Aware": false,
                                                                                                    "Startup Cost": 0.0,
                                                                                                    "Total Cost": 1.05,
                                                                                                    "Plan Rows": 1,
                                                                                                    "Plan Width": 4,
                                                                                                    "Actual Startup Time": 0.0,
                                                                                                    "Actual Total Time": 0.0,
                                                                                                    "Actual Rows": 1,
                                                                                                    "Actual Loops": 77235,
                                                                                                    "Output": [
                                                                                                        "cct2.id"
                                                                                                    ],
                                                                                                    "Plans": [
                                                                                                        {
                                                                                                            "Node Type": "Seq Scan",
                                                                                                            "Parent Relationship": "Outer",
                                                                                                            "Parallel Aware": false,
                                                                                                            "Relation Name": "comp_cast_type",
                                                                                                            "Schema": "public",
                                                                                                            "Alias": "cct2",
                                                                                                            "Startup Cost": 0.0,
                                                                                                            "Total Cost": 1.05,
                                                                                                            "Plan Rows": 1,
                                                                                                            "Plan Width": 4,
                                                                                                            "Actual Startup Time": 0.024,
                                                                                                            "Actual Total Time": 0.026,
                                                                                                            "Actual Rows": 1,
                                                                                                            "Actual Loops": 1,
                                                                                                            "Output": [
                                                                                                                "cct2.id"
                                                                                                            ],
                                                                                                            "Filter": "((cct2.kind)::text = 'complete'::text)",
                                                                                                            "Rows Removed by Filter": 3
                                                                                                        }
                                                                                                    ]
                                                                                                }
                                                                                            ]
                                                                                        },
                                                                                        {
                                                                                            "Node Type": "Materialize",
                                                                                            "Parent Relationship": "Inner",
                                                                                            "Parallel Aware": false,
                                                                                            "Startup Cost": 0.0,
                                                                                            "Total Cost": 1.06,
                                                                                            "Plan Rows": 2,
                                                                                            "Plan Width": 4,
                                                                                            "Actual Startup Time": 0.0,
                                                                                            "Actual Total Time": 0.0,
                                                                                            "Actual Rows": 2,
                                                                                            "Actual Loops": 69772,
                                                                                            "Output": [
                                                                                                "cct1.id"
                                                                                            ],
                                                                                            "Plans": [
                                                                                                {
                                                                                                    "Node Type": "Seq Scan",
                                                                                                    "Parent Relationship": "Outer",
                                                                                                    "Parallel Aware": false,
                                                                                                    "Relation Name": "comp_cast_type",
                                                                                                    "Schema": "public",
                                                                                                    "Alias": "cct1",
                                                                                                    "Startup Cost": 0.0,
                                                                                                    "Total Cost": 1.05,
                                                                                                    "Plan Rows": 2,
                                                                                                    "Plan Width": 4,
                                                                                                    "Actual Startup Time": 0.015,
                                                                                                    "Actual Total Time": 0.018,
                                                                                                    "Actual Rows": 2,
                                                                                                    "Actual Loops": 1,
                                                                                                    "Output": [
                                                                                                        "cct1.id"
                                                                                                    ],
                                                                                                    "Filter": "((cct1.kind)::text = ANY ('{complete,crew}'::text[]))",
                                                                                                    "Rows Removed by Filter": 2
                                                                                                }
                                                                                            ]
                                                                                        }
                                                                                    ]
                                                                                },
                                                                                {
                                                                                    "Node Type": "Index Scan",
                                                                                    "Parent Relationship": "Inner",
                                                                                    "Parallel Aware": false,
                                                                                    "Scan Direction": "Forward",
                                                                                    "Index Name": "movie_id_movie_companies",
                                                                                    "Relation Name": "movie_companies",
                                                                                    "Schema": "public",
                                                                                    "Alias": "mc",
                                                                                    "Startup Cost": 0.43,
                                                                                    "Total Cost": 1.36,
                                                                                    "Plan Rows": 3,
                                                                                    "Plan Width": 12,
                                                                                    "Actual Startup Time": 0.004,
                                                                                    "Actual Total Time": 0.004,
                                                                                    "Actual Rows": 1,
                                                                                    "Actual Loops": 28152,
                                                                                    "Output": [
                                                                                        "mc.id",
                                                                                        "mc.movie_id",
                                                                                        "mc.company_id",
                                                                                        "mc.company_type_id",
                                                                                        "mc.note"
                                                                                    ],
                                                                                    "Index Cond": "(mc.movie_id = cc.movie_id)",
                                                                                    "Rows Removed by Index Recheck": 0,
                                                                                    "Filter": "(mc.note IS NULL)",
                                                                                    "Rows Removed by Filter": 2
                                                                                }
                                                                            ]
                                                                        },
                                                                        {
                                                                            "Node Type": "Materialize",
                                                                            "Parent Relationship": "Inner",
                                                                            "Parallel Aware": false,
                                                                            "Startup Cost": 0.0,
                                                                            "Total Cost": 1.05,
                                                                            "Plan Rows": 1,
                                                                            "Plan Width": 4,
                                                                            "Actual Startup Time": 0.0,
                                                                            "Actual Total Time": 0.0,
                                                                            "Actual Rows": 1,
                                                                            "Actual Loops": 25614,
                                                                            "Output": [
                                                                                "ct.id"
                                                                            ],
                                                                            "Plans": [
                                                                                {
                                                                                    "Node Type": "Seq Scan",
                                                                                    "Parent Relationship": "Outer",
                                                                                    "Parallel Aware": false,
                                                                                    "Relation Name": "company_type",
                                                                                    "Schema": "public",
                                                                                    "Alias": "ct",
                                                                                    "Startup Cost": 0.0,
                                                                                    "Total Cost": 1.05,
                                                                                    "Plan Rows": 1,
                                                                                    "Plan Width": 4,
                                                                                    "Actual Startup Time": 0.015,
                                                                                    "Actual Total Time": 0.018,
                                                                                    "Actual Rows": 1,
                                                                                    "Actual Loops": 1,
                                                                                    "Output": [
                                                                                        "ct.id"
                                                                                    ],
                                                                                    "Filter": "((ct.kind)::text = 'production companies'::text)",
                                                                                    "Rows Removed by Filter": 3
                                                                                }
                                                                            ]
                                                                        }
                                                                    ]
                                                                },
                                                                {
                                                                    "Node Type": "Index Scan",
                                                                    "Parent Relationship": "Inner",
                                                                    "Parallel Aware": false,
                                                                    "Scan Direction": "Forward",
                                                                    "Index Name": "company_name_pkey",
                                                                    "Relation Name": "company_name",
                                                                    "Schema": "public",
                                                                    "Alias": "cn",
                                                                    "Startup Cost": 0.42,
                                                                    "Total Cost": 0.46,
                                                                    "Plan Rows": 1,
                                                                    "Plan Width": 23,
                                                                    "Actual Startup Time": 0.003,
                                                                    "Actual Total Time": 0.003,
                                                                    "Actual Rows": 0,
                                                                    "Actual Loops": 24772,
                                                                    "Output": [
                                                                        "cn.id",
                                                                        "cn.name",
                                                                        "cn.country_code",
                                                                        "cn.imdb_id",
                                                                        "cn.name_pcode_nf",
                                                                        "cn.name_pcode_sf",
                                                                        "cn.md5sum"
                                                                    ],
                                                                    "Index Cond": "(cn.id = mc.company_id)",
                                                                    "Rows Removed by Index Recheck": 0,
                                                                    "Filter": "(((cn.country_code)::text <> '[pl]'::text) AND ((cn.name ~~ '%Film%'::text) OR (cn.name ~~ '%Warner%'::text)))",
                                                                    "Rows Removed by Filter": 1
                                                                }
                                                            ]
                                                        },
                                                        {
                                                            "Node Type": "Index Scan",
                                                            "Parent Relationship": "Inner",
                                                            "Parallel Aware": false,
                                                            "Scan Direction": "Forward",
                                                            "Index Name": "movie_id_movie_info",
                                                            "Relation Name": "movie_info",
                                                            "Schema": "public",
                                                            "Alias": "mi",
                                                            "Startup Cost": 0.43,
                                                            "Total Cost": 2.04,
                                                            "Plan Rows": 1,
                                                            "Plan Width": 4,
                                                            "Actual Startup Time": 0.033,
                                                            "Actual Total Time": 0.033,
                                                            "Actual Rows": 0,
                                                            "Actual Loops": 2626,
                                                            "Output": [
                                                                "mi.id",
                                                                "mi.movie_id",
                                                                "mi.info_type_id",
                                                                "mi.info",
                                                                "mi.note"
                                                            ],
                                                            "Index Cond": "(mi.movie_id = mc.movie_id)",
                                                            "Rows Removed by Index Recheck": 0,
                                                            "Filter": "(mi.info = ANY ('{Norwegian,Denish,America,\"For the German TV version the scenes with the pathologist Oljelund were re-shot with German actor ''Ottfried Fischer'' (qv).\"}'::text[]))",
                                                            "Rows Removed by Filter": 25
                                                        }
                                                    ]
                                                },
                                                {
                                                    "Node Type": "Index Scan",
                                                    "Parent Relationship": "Inner",
                                                    "Parallel Aware": false,
                                                    "Scan Direction": "Forward",
                                                    "Index Name": "movie_id_movie_keyword",
                                                    "Relation Name": "movie_keyword",
                                                    "Schema": "public",
                                                    "Alias": "mk",
                                                    "Startup Cost": 0.43,
                                                    "Total Cost": 1.38,
                                                    "Plan Rows": 46,
                                                    "Plan Width": 8,
                                                    "Actual Startup Time": 0.032,
                                                    "Actual Total Time": 0.034,
                                                    "Actual Rows": 7,
                                                    "Actual Loops": 4,
                                                    "Output": [
                                                        "mk.id",
                                                        "mk.movie_id",
                                                        "mk.keyword_id"
                                                    ],
                                                    "Index Cond": "(mk.movie_id = mc.movie_id)",
                                                    "Rows Removed by Index Recheck": 0
                                                }
                                            ]
                                        },
                                        {
                                            "Node Type": "Sort",
                                            "Parent Relationship": "Inner",
                                            "Parallel Aware": false,
                                            "Startup Cost": 334.38,
                                            "Total Cost": 338.55,
                                            "Plan Rows": 1666,
                                            "Plan Width": 16,
                                            "Actual Startup Time": 2.447,
                                            "Actual Total Time": 2.609,
                                            "Actual Rows": 2809,
                                            "Actual Loops": 1,
                                            "Output": [
                                                "lt.link",
                                                "ml.movie_id"
                                            ],
                                            "Sort Key": [
                                                "ml.movie_id"
                                            ],
                                            "Sort Method": "quicksort",
                                            "Sort Space Used": 205,
                                            "Sort Space Type": "Memory",
                                            "Plans": [
                                                {
                                                    "Node Type": "Nested Loop",
                                                    "Parent Relationship": "Outer",
                                                    "Parallel Aware": false,
                                                    "Join Type": "Inner",
                                                    "Startup Cost": 38.82,
                                                    "Total Cost": 245.23,
                                                    "Plan Rows": 1666,
                                                    "Plan Width": 16,
                                                    "Actual Startup Time": 0.194,
                                                    "Actual Total Time": 1.569,
                                                    "Actual Rows": 2315,
                                                    "Actual Loops": 1,
                                                    "Output": [
                                                        "lt.link",
                                                        "ml.movie_id"
                                                    ],
                                                    "Inner Unique": false,
                                                    "Plans": [
                                                        {
                                                            "Node Type": "Seq Scan",
                                                            "Parent Relationship": "Outer",
                                                            "Parallel Aware": false,
                                                            "Relation Name": "link_type",
                                                            "Schema": "public",
                                                            "Alias": "lt",
                                                            "Startup Cost": 0.0,
                                                            "Total Cost": 1.23,
                                                            "Plan Rows": 1,
                                                            "Plan Width": 16,
                                                            "Actual Startup Time": 0.01,
                                                            "Actual Total Time": 0.014,
                                                            "Actual Rows": 2,
                                                            "Actual Loops": 1,
                                                            "Output": [
                                                                "lt.id",
                                                                "lt.link"
                                                            ],
                                                            "Filter": "((lt.link)::text ~~ '%follow%'::text)",
                                                            "Rows Removed by Filter": 16
                                                        },
                                                        {
                                                            "Node Type": "Bitmap Heap Scan",
                                                            "Parent Relationship": "Inner",
                                                            "Parallel Aware": false,
                                                            "Relation Name": "movie_link",
                                                            "Schema": "public",
                                                            "Alias": "ml",
                                                            "Startup Cost": 38.82,
                                                            "Total Cost": 225.26,
                                                            "Plan Rows": 1875,
                                                            "Plan Width": 8,
                                                            "Actual Startup Time": 0.136,
                                                            "Actual Total Time": 0.613,
                                                            "Actual Rows": 1158,
                                                            "Actual Loops": 2,
                                                            "Output": [
                                                                "ml.id",
                                                                "ml.movie_id",
                                                                "ml.linked_movie_id",
                                                                "ml.link_type_id"
                                                            ],
                                                            "Recheck Cond": "(ml.link_type_id = lt.id)",
                                                            "Rows Removed by Index Recheck": 0,
                                                            "Exact Heap Blocks": 191,
                                                            "Lossy Heap Blocks": 0,
                                                            "Plans": [
                                                                {
                                                                    "Node Type": "Bitmap Index Scan",
                                                                    "Parent Relationship": "Outer",
                                                                    "Parallel Aware": false,
                                                                    "Index Name": "link_type_id_movie_link",
                                                                    "Startup Cost": 0.0,
                                                                    "Total Cost": 38.35,
                                                                    "Plan Rows": 1875,
                                                                    "Plan Width": 0,
                                                                    "Actual Startup Time": 0.115,
                                                                    "Actual Total Time": 0.115,
                                                                    "Actual Rows": 1158,
                                                                    "Actual Loops": 2,
                                                                    "Index Cond": "(ml.link_type_id = lt.id)"
                                                                }
                                                            ]
                                                        }
                                                    ]
                                                }
                                            ]
                                        }
                                    ]
                                },
                                {
                                    "Node Type": "Index Scan",
                                    "Parent Relationship": "Inner",
                                    "Parallel Aware": false,
                                    "Scan Direction": "Forward",
                                    "Index Name": "keyword_pkey",
                                    "Relation Name": "keyword",
                                    "Schema": "public",
                                    "Alias": "k",
                                    "Startup Cost": 0.42,
                                    "Total Cost": 0.44,
                                    "Plan Rows": 1,
                                    "Plan Width": 4,
                                    "Actual Startup Time": 0.002,
                                    "Actual Total Time": 0.002,
                                    "Actual Rows": 0,
                                    "Actual Loops": 513,
                                    "Output": [
                                        "k.id",
                                        "k.keyword",
                                        "k.phonetic_code"
                                    ],
                                    "Index Cond": "(k.id = mk.keyword_id)",
                                    "Rows Removed by Index Recheck": 0,
                                    "Filter": "(k.keyword = 'sequel'::text)",
                                    "Rows Removed by Filter": 1
                                }
                            ]
                        },
                        {
                            "Node Type": "Index Scan",
                            "Parent Relationship": "Inner",
                            "Parallel Aware": false,
                            "Scan Direction": "Forward",
                            "Index Name": "title_pkey",
                            "Relation Name": "title",
                            "Schema": "public",
                            "Alias": "t",
                            "Startup Cost": 0.43,
                            "Total Cost": 0.49,
                            "Plan Rows": 1,
                            "Plan Width": 21,
                            "Actual Startup Time": 0.003,
                            "Actual Total Time": 0.003,
                            "Actual Rows": 1,
                            "Actual Loops": 57,
                            "Output": [
                                "t.id",
                                "t.title",
                                "t.imdb_index",
                                "t.kind_id",
                                "t.production_year",
                                "t.imdb_id",
                                "t.phonetic_code",
                                "t.episode_of_id",
                                "t.season_nr",
                                "t.episode_nr",
                                "t.series_years",
                                "t.md5sum"
                            ],
                            "Index Cond": "(t.id = mk.movie_id)",
                            "Rows Removed by Index Recheck": 0,
                            "Filter": "(t.production_year = 1998)",
                            "Rows Removed by Filter": 0
                        }
                    ]
                }
            ]
        },
        "Planning Time": 2074.298,
        "Triggers": [],
        "Execution Time": 385.714
    }
]