{
    "Plan": {
        "Node Type": "Aggregate",
        "Strategy": "Plain",
        "Partial Mode": "Finalize",
        "Parallel Aware": false,
        "Startup Cost": 111793.81,
        "Total Cost": 111793.82,
        "Plan Rows": 1,
        "Plan Width": 8,
        "Actual Startup Time": 587.194,
        "Actual Total Time": 612.893,
        "Actual Rows": 1,
        "Actual Loops": 1,
        "Output": [
            "count(*)"
        ],
        "Plans": [
            {
                "Node Type": "Gather",
                "Parent Relationship": "Outer",
                "Parallel Aware": false,
                "Startup Cost": 111793.59,
                "Total Cost": 111793.8,
                "Plan Rows": 2,
                "Plan Width": 8,
                "Actual Startup Time": 581.768,
                "Actual Total Time": 612.882,
                "Actual Rows": 3,
                "Actual Loops": 1,
                "Output": [
                    "(PARTIAL count(*))"
                ],
                "Workers Planned": 2,
                "Workers Launched": 2,
                "Single Copy": false,
                "Plans": [
                    {
                        "Node Type": "Aggregate",
                        "Strategy": "Plain",
                        "Partial Mode": "Partial",
                        "Parent Relationship": "Outer",
                        "Parallel Aware": false,
                        "Startup Cost": 110793.59,
                        "Total Cost": 110793.6,
                        "Plan Rows": 1,
                        "Plan Width": 8,
                        "Actual Startup Time": 574.183,
                        "Actual Total Time": 574.659,
                        "Actual Rows": 1,
                        "Actual Loops": 3,
                        "Output": [
                            "PARTIAL count(*)"
                        ],
                        "Workers": [
                            {
                                "Worker Number": 0,
                                "Actual Startup Time": 570.343,
                                "Actual Total Time": 570.349,
                                "Actual Rows": 1,
                                "Actual Loops": 1
                            },
                            {
                                "Worker Number": 1,
                                "Actual Startup Time": 571.206,
                                "Actual Total Time": 571.211,
                                "Actual Rows": 1,
                                "Actual Loops": 1
                            }
                        ],
                        "Plans": [
                            {
                                "Node Type": "Hash Join",
                                "Parent Relationship": "Outer",
                                "Parallel Aware": true,
                                "Join Type": "Inner",
                                "Startup Cost": 94348.3,
                                "Total Cost": 110529.95,
                                "Plan Rows": 105458,
                                "Plan Width": 0,
                                "Actual Startup Time": 488.277,
                                "Actual Total Time": 572.467,
                                "Actual Rows": 48891,
                                "Actual Loops": 3,
                                "Inner Unique": false,
                                "Hash Cond": "(mi_idx.movie_id = t.id)",
                                "Workers": [
                                    {
                                        "Worker Number": 0,
                                        "Actual Startup Time": 484.665,
                                        "Actual Total Time": 568.241,
                                        "Actual Rows": 54365,
                                        "Actual Loops": 1
                                    },
                                    {
                                        "Worker Number": 1,
                                        "Actual Startup Time": 484.889,
                                        "Actual Total Time": 568.96,
                                        "Actual Rows": 35661,
                                        "Actual Loops": 1
                                    }
                                ],
                                "Plans": [
                                    {
                                        "Node Type": "Seq Scan",
                                        "Parent Relationship": "Outer",
                                        "Parallel Aware": true,
                                        "Relation Name": "movie_info_idx",
                                        "Schema": "public",
                                        "Alias": "mi_idx",
                                        "Startup Cost": 0.0,
                                        "Total Cost": 13685.15,
                                        "Plan Rows": 575015,
                                        "Plan Width": 4,
                                        "Actual Startup Time": 0.015,
                                        "Actual Total Time": 36.493,
                                        "Actual Rows": 460012,
                                        "Actual Loops": 3,
                                        "Output": [
                                            "mi_idx.id",
                                            "mi_idx.movie_id",
                                            "mi_idx.info_type_id",
                                            "mi_idx.info",
                                            "mi_idx.note"
                                        ],
                                        "Workers": [
                                            {
                                                "Worker Number": 0,
                                                "Actual Startup Time": 0.022,
                                                "Actual Total Time": 36.931,
                                                "Actual Rows": 505253,
                                                "Actual Loops": 1
                                            },
                                            {
                                                "Worker Number": 1,
                                                "Actual Startup Time": 0.013,
                                                "Actual Total Time": 37.223,
                                                "Actual Rows": 325522,
                                                "Actual Loops": 1
                                            }
                                        ]
                                    },
                                    {
                                        "Node Type": "Hash",
                                        "Parent Relationship": "Inner",
                                        "Parallel Aware": true,
                                        "Startup Cost": 92478.55,
                                        "Total Cost": 92478.55,
                                        "Plan Rows": 149580,
                                        "Plan Width": 8,
                                        "Actual Startup Time": 484.224,
                                        "Actual Total Time": 484.699,
                                        "Actual Rows": 32498,
                                        "Actual Loops": 3,
                                        "Output": [
                                            "t.id",
                                            "mk.movie_id"
                                        ],
                                        "Hash Buckets": 524288,
                                        "Original Hash Buckets": 524288,
                                        "Hash Batches": 1,
                                        "Original Hash Batches": 1,
                                        "Peak Memory Usage": 7936,
                                        "Workers": [
                                            {
                                                "Worker Number": 0,
                                                "Actual Startup Time": 484.022,
                                                "Actual Total Time": 484.026,
                                                "Actual Rows": 33868,
                                                "Actual Loops": 1
                                            },
                                            {
                                                "Worker Number": 1,
                                                "Actual Startup Time": 484.037,
                                                "Actual Total Time": 484.041,
                                                "Actual Rows": 23663,
                                                "Actual Loops": 1
                                            }
                                        ],
                                        "Plans": [
                                            {
                                                "Node Type": "Hash Join",
                                                "Parent Relationship": "Outer",
                                                "Parallel Aware": true,
                                                "Join Type": "Inner",
                                                "Startup Cost": 48867.23,
                                                "Total Cost": 92478.55,
                                                "Plan Rows": 149580,
                                                "Plan Width": 8,
                                                "Actual Startup Time": 268.888,
                                                "Actual Total Time": 474.835,
                                                "Actual Rows": 32498,
                                                "Actual Loops": 3,
                                                "Output": [
                                                    "t.id",
                                                    "mk.movie_id"
                                                ],
                                                "Inner Unique": true,
                                                "Hash Cond": "(mk.movie_id = t.id)",
                                                "Workers": [
                                                    {
                                                        "Worker Number": 0,
                                                        "Actual Startup Time": 268.607,
                                                        "Actual Total Time": 474.625,
                                                        "Actual Rows": 33868,
                                                        "Actual Loops": 1
                                                    },
                                                    {
                                                        "Worker Number": 1,
                                                        "Actual Startup Time": 268.739,
                                                        "Actual Total Time": 475.374,
                                                        "Actual Rows": 23663,
                                                        "Actual Loops": 1
                                                    }
                                                ],
                                                "Plans": [
                                                    {
                                                        "Node Type": "Seq Scan",
                                                        "Parent Relationship": "Outer",
                                                        "Parallel Aware": true,
                                                        "Relation Name": "movie_keyword",
                                                        "Schema": "public",
                                                        "Alias": "mk",
                                                        "Startup Cost": 0.0,
                                                        "Total Cost": 42695.65,
                                                        "Plan Rows": 348826,
                                                        "Plan Width": 4,
                                                        "Actual Startup Time": 0.014,
                                                        "Actual Total Time": 141.814,
                                                        "Actual Rows": 362732,
                                                        "Actual Loops": 3,
                                                        "Output": [
                                                            "mk.id",
                                                            "mk.movie_id",
                                                            "mk.keyword_id"
                                                        ],
                                                        "Filter": "(mk.keyword_id < 1114)",
                                                        "Rows Removed by Filter": 1145245,
                                                        "Workers": [
                                                            {
                                                                "Worker Number": 0,
                                                                "Actual Startup Time": 0.015,
                                                                "Actual Total Time": 144.954,
                                                                "Actual Rows": 368771,
                                                                "Actual Loops": 1
                                                            },
                                                            {
                                                                "Worker Number": 1,
                                                                "Actual Startup Time": 0.018,
                                                                "Actual Total Time": 148.055,
                                                                "Actual Rows": 251672,
                                                                "Actual Loops": 1
                                                            }
                                                        ]
                                                    },
                                                    {
                                                        "Node Type": "Hash",
                                                        "Parent Relationship": "Inner",
                                                        "Parallel Aware": true,
                                                        "Startup Cost": 45479.21,
                                                        "Total Cost": 45479.21,
                                                        "Plan Rows": 271042,
                                                        "Plan Width": 4,
                                                        "Actual Startup Time": 261.637,
                                                        "Actual Total Time": 261.637,
                                                        "Actual Rows": 348074,
                                                        "Actual Loops": 3,
                                                        "Output": [
                                                            "t.id"
                                                        ],
                                                        "Hash Buckets": 2097152,
                                                        "Original Hash Buckets": 2097152,
                                                        "Hash Batches": 1,
                                                        "Original Hash Batches": 1,
                                                        "Peak Memory Usage": 57280,
                                                        "Workers": [
                                                            {
                                                                "Worker Number": 0,
                                                                "Actual Startup Time": 268.461,
                                                                "Actual Total Time": 268.462,
                                                                "Actual Rows": 345158,
                                                                "Actual Loops": 1
                                                            },
                                                            {
                                                                "Worker Number": 1,
                                                                "Actual Startup Time": 268.654,
                                                                "Actual Total Time": 268.655,
                                                                "Actual Rows": 244938,
                                                                "Actual Loops": 1
                                                            }
                                                        ],
                                                        "Plans": [
                                                            {
                                                                "Node Type": "Seq Scan",
                                                                "Parent Relationship": "Outer",
                                                                "Parallel Aware": true,
                                                                "Relation Name": "title",
                                                                "Schema": "public",
                                                                "Alias": "t",
                                                                "Startup Cost": 0.0,
                                                                "Total Cost": 45479.21,
                                                                "Plan Rows": 271042,
                                                                "Plan Width": 4,
                                                                "Actual Startup Time": 0.064,
                                                                "Actual Total Time": 136.151,
                                                                "Actual Rows": 348074,
                                                                "Actual Loops": 3,
                                                                "Output": [
                                                                    "t.id"
                                                                ],
                                                                "Filter": "((t.production_year < 2009) AND (t.kind_id = 7))",
                                                                "Rows Removed by Filter": 494697,
                                                                "Workers": [
                                                                    {
                                                                        "Worker Number": 0,
                                                                        "Actual Startup Time": 0.081,
                                                                        "Actual Total Time": 139.179,
                                                                        "Actual Rows": 345158,
                                                                        "Actual Loops": 1
                                                                    },
                                                                    {
                                                                        "Worker Number": 1,
                                                                        "Actual Startup Time": 0.098,
                                                                        "Actual Total Time": 142.356,
                                                                        "Actual Rows": 244938,
                                                                        "Actual Loops": 1
                                                                    }
                                                                ]
                                                            }
                                                        ]
                                                    }
                                                ]
                                            }
                                        ]
                                    }
                                ]
                            }
                        ]
                    }
                ]
            }
        ]
    },
    "Planning Time": 1.458,
    "Triggers": [],
    "Execution Time": 612.981
}