{
  "Plan": {
    "Node Type": "Aggregate",
    "Strategy": "Plain",
    "Partial Mode": "Finalize",
    "Parallel Aware": false,
    "Startup Cost": 76048.05,
    "Total Cost": 76048.06,
    "Plan Rows": 1,
    "Plan Width": 8,
    "Actual Startup Time": 168.257,
    "Actual Total Time": 178.426,
    "Actual Rows": 1,
    "Actual Loops": 1,
    "Plans": [
      {
        "Node Type": "Gather",
        "Parent Relationship": "Outer",
        "Parallel Aware": false,
        "Startup Cost": 76047.94,
        "Total Cost": 76048.05,
        "Plan Rows": 1,
        "Plan Width": 8,
        "Actual Startup Time": 168.08,
        "Actual Total Time": 178.418,
        "Actual Rows": 2,
        "Actual Loops": 1,
        "Workers Planned": 1,
        "Workers Launched": 1,
        "Single Copy": false,
        "Plans": [
          {
            "Node Type": "Aggregate",
            "Strategy": "Plain",
            "Partial Mode": "Partial",
            "Parent Relationship": "Outer",
            "Parallel Aware": false,
            "Startup Cost": 75047.94,
            "Total Cost": 75047.95,
            "Plan Rows": 1,
            "Plan Width": 8,
            "Actual Startup Time": 161.803,
            "Actual Total Time": 161.807,
            "Actual Rows": 1,
            "Actual Loops": 2,
            "Plans": [
              {
                "Node Type": "Hash Join",
                "Parent Relationship": "Outer",
                "Parallel Aware": true,
                "Join Type": "Inner",
                "Startup Cost": 19862.24,
                "Total Cost": 75046.29,
                "Plan Rows": 658,
                "Plan Width": 0,
                "Actual Startup Time": 12.136,
                "Actual Total Time": 161.603,
                "Actual Rows": 2608,
                "Actual Loops": 2,
                "Inner Unique": false,
                "Hash Cond": "(t.id = mc.movie_id)",
                "Plans": [
                  {
                    "Node Type": "Seq Scan",
                    "Parent Relationship": "Outer",
                    "Parallel Aware": true,
                    "Relation Name": "title",
                    "Alias": "t",
                    "Startup Cost": 0.0,
                    "Total Cost": 54588.39,
                    "Plan Rows": 94687,
                    "Plan Width": 4,
                    "Actual Startup Time": 0.023,
                    "Actual Total Time": 137.444,
                    "Actual Rows": 82154,
                    "Actual Loops": 2,
                    "Filter": "(production_year = 2012)",
                    "Rows Removed by Filter": 1182002
                  },
                  {
                    "Node Type": "Hash",
                    "Parent Relationship": "Inner",
                    "Parallel Aware": true,
                    "Startup Cost": 19733.06,
                    "Total Cost": 19733.06,
                    "Plan Rows": 10334,
                    "Plan Width": 4,
                    "Actual Startup Time": 10.905,
                    "Actual Total Time": 10.906,
                    "Actual Rows": 8110,
                    "Actual Loops": 2,
                    "Hash Buckets": 32768,
                    "Original Hash Buckets": 32768,
                    "Hash Batches": 1,
                    "Original Hash Batches": 1,
                    "Peak Memory Usage": 928,
                    "Plans": [
                      {
                        "Node Type": "Bitmap Heap Scan",
                        "Parent Relationship": "Outer",
                        "Parallel Aware": true,
                        "Relation Name": "movie_companies",
                        "Alias": "mc",
                        "Startup Cost": 384.58,
                        "Total Cost": 19733.06,
                        "Plan Rows": 10334,
                        "Plan Width": 4,
                        "Actual Startup Time": 1.735,
                        "Actual Total Time": 6.495,
                        "Actual Rows": 8110,
                        "Actual Loops": 2,
                        "Recheck Cond": "(company_id = 166)",
                        "Rows Removed by Index Recheck": 0,
                        "Exact Heap Blocks": 447,
                        "Lossy Heap Blocks": 0,
                        "Plans": [
                          {
                            "Node Type": "Bitmap Index Scan",
                            "Parent Relationship": "Outer",
                            "Parallel Aware": false,
                            "Index Name": "company_id_movie_companies",
                            "Startup Cost": 0.0,
                            "Total Cost": 380.19,
                            "Plan Rows": 17568,
                            "Plan Width": 0,
                            "Actual Startup Time": 3.126,
                            "Actual Total Time": 3.126,
                            "Actual Rows": 16220,
                            "Actual Loops": 1,
                            "Index Cond": "(company_id = 166)"
                          }
                        ]
                      }
                    ]
                  }
                ]
              }
            ]
          }
        ]
      }
    ]
  },
  "Planning Time": 0.441,
  "Triggers": [],
  "Execution Time": 178.517
}