[
    {
        "Bao": {
            "Bao prediction": "NaN",
            "Bao recommended hint": "(no hint)"
        }
    },
    {
        "Plan": {
            "Node Type": "Aggregate",
            "Strategy": "Plain",
            "Partial Mode": "Finalize",
            "Parallel Aware": false,
            "Startup Cost": 187576.83,
            "Total Cost": 187576.84,
            "Plan Rows": 1,
            "Plan Width": 8,
            "Actual Startup Time": 164.508,
            "Actual Total Time": 171.726,
            "Actual Rows": 1,
            "Actual Loops": 1,
            "Output": [
                "count(*)"
            ],
            "Plans": [
                {
                    "Node Type": "Gather",
                    "Parent Relationship": "Outer",
                    "Parallel Aware": false,
                    "Startup Cost": 187576.31,
                    "Total Cost": 187576.82,
                    "Plan Rows": 5,
                    "Plan Width": 8,
                    "Actual Startup Time": 163.536,
                    "Actual Total Time": 171.717,
                    "Actual Rows": 6,
                    "Actual Loops": 1,
                    "Output": [
                        "(PARTIAL count(*))"
                    ],
                    "Workers Planned": 5,
                    "Workers Launched": 5,
                    "Single Copy": false,
                    "Plans": [
                        {
                            "Node Type": "Aggregate",
                            "Strategy": "Plain",
                            "Partial Mode": "Partial",
                            "Parent Relationship": "Outer",
                            "Parallel Aware": false,
                            "Startup Cost": 186576.31,
                            "Total Cost": 186576.32,
                            "Plan Rows": 1,
                            "Plan Width": 8,
                            "Actual Startup Time": 153.229,
                            "Actual Total Time": 153.231,
                            "Actual Rows": 1,
                            "Actual Loops": 6,
                            "Output": [
                                "PARTIAL count(*)"
                            ],
                            "Workers": [
                                {
                                    "Worker Number": 0,
                                    "Actual Startup Time": 150.422,
                                    "Actual Total Time": 150.423,
                                    "Actual Rows": 1,
                                    "Actual Loops": 1
                                },
                                {
                                    "Worker Number": 1,
                                    "Actual Startup Time": 150.598,
                                    "Actual Total Time": 150.6,
                                    "Actual Rows": 1,
                                    "Actual Loops": 1
                                },
                                {
                                    "Worker Number": 2,
                                    "Actual Startup Time": 151.26,
                                    "Actual Total Time": 151.261,
                                    "Actual Rows": 1,
                                    "Actual Loops": 1
                                },
                                {
                                    "Worker Number": 3,
                                    "Actual Startup Time": 151.887,
                                    "Actual Total Time": 151.889,
                                    "Actual Rows": 1,
                                    "Actual Loops": 1
                                },
                                {
                                    "Worker Number": 4,
                                    "Actual Startup Time": 152.287,
                                    "Actual Total Time": 152.289,
                                    "Actual Rows": 1,
                                    "Actual Loops": 1
                                }
                            ],
                            "Plans": [
                                {
                                    "Node Type": "Bitmap Heap Scan",
                                    "Parent Relationship": "Outer",
                                    "Parallel Aware": true,
                                    "Relation Name": "movie_info",
                                    "Schema": "public",
                                    "Alias": "mi",
                                    "Startup Cost": 21094.13,
                                    "Total Cost": 185994.78,
                                    "Plan Rows": 232612,
                                    "Plan Width": 0,
                                    "Actual Startup Time": 55.582,
                                    "Actual Total Time": 139.716,
                                    "Actual Rows": 194415,
                                    "Actual Loops": 6,
                                    "Recheck Cond": "(mi.info_type_id > 46)",
                                    "Rows Removed by Index Recheck": 0,
                                    "Exact Heap Blocks": 13919,
                                    "Lossy Heap Blocks": 0,
                                    "Workers": [
                                        {
                                            "Worker Number": 0,
                                            "Actual Startup Time": 52.712,
                                            "Actual Total Time": 137.477,
                                            "Actual Rows": 142770,
                                            "Actual Loops": 1
                                        },
                                        {
                                            "Worker Number": 1,
                                            "Actual Startup Time": 53.335,
                                            "Actual Total Time": 138.258,
                                            "Actual Rows": 137444,
                                            "Actual Loops": 1
                                        },
                                        {
                                            "Worker Number": 2,
                                            "Actual Startup Time": 53.744,
                                            "Actual Total Time": 138.931,
                                            "Actual Rows": 135545,
                                            "Actual Loops": 1
                                        },
                                        {
                                            "Worker Number": 3,
                                            "Actual Startup Time": 54.326,
                                            "Actual Total Time": 138.911,
                                            "Actual Rows": 141723,
                                            "Actual Loops": 1
                                        },
                                        {
                                            "Worker Number": 4,
                                            "Actual Startup Time": 54.559,
                                            "Actual Total Time": 139.7,
                                            "Actual Rows": 139207,
                                            "Actual Loops": 1
                                        }
                                    ],
                                    "Plans": [
                                        {
                                            "Node Type": "Bitmap Index Scan",
                                            "Parent Relationship": "Outer",
                                            "Parallel Aware": false,
                                            "Index Name": "info_type_id_movie_info",
                                            "Startup Cost": 0.0,
                                            "Total Cost": 20803.37,
                                            "Plan Rows": 1163058,
                                            "Plan Width": 0,
                                            "Actual Startup Time": 59.374,
                                            "Actual Total Time": 59.374,
                                            "Actual Rows": 1166488,
                                            "Actual Loops": 1,
                                            "Index Cond": "(mi.info_type_id > 46)"
                                        }
                                    ]
                                }
                            ]
                        }
                    ]
                }
            ]
        },
        "Planning Time": 205.739,
        "Triggers": [],
        "Execution Time": 171.824
    }
]