[
  {
    "Plan": {
      "Node Type": "Aggregate",
      "Strategy": "Plain",
      "Partial Mode": "Finalize",
      "Parallel Aware": false,
      "Startup Cost": 112514.07,
      "Total Cost": 112514.08,
      "Plan Rows": 1,
      "Plan Width": 8,
      "Actual Startup Time": 823.728,
      "Actual Total Time": 847.729,
      "Actual Rows": 1,
      "Actual Loops": 1,
      "Plans": [
        {
          "Node Type": "Gather",
          "Parent Relationship": "Outer",
          "Parallel Aware": false,
          "Startup Cost": 112513.85,
          "Total Cost": 112514.06,
          "Plan Rows": 2,
          "Plan Width": 8,
          "Actual Startup Time": 812.497,
          "Actual Total Time": 847.718,
          "Actual Rows": 3,
          "Actual Loops": 1,
          "Workers Planned": 2,
          "Workers Launched": 2,
          "Single Copy": false,
          "Plans": [
            {
              "Node Type": "Aggregate",
              "Strategy": "Plain",
              "Partial Mode": "Partial",
              "Parent Relationship": "Outer",
              "Parallel Aware": false,
              "Startup Cost": 111513.85,
              "Total Cost": 111513.86,
              "Plan Rows": 1,
              "Plan Width": 8,
              "Actual Startup Time": 804.326,
              "Actual Total Time": 804.538,
              "Actual Rows": 1,
              "Actual Loops": 3,
              "Plans": [
                {
                  "Node Type": "Hash Join",
                  "Parent Relationship": "Outer",
                  "Parallel Aware": true,
                  "Join Type": "Inner",
                  "Startup Cost": 94802.31,
                  "Total Cost": 111133.96,
                  "Plan Rows": 151959,
                  "Plan Width": 0,
                  "Actual Startup Time": 666.61,
                  "Actual Total Time": 784.568,
                  "Actual Rows": 500920,
                  "Actual Loops": 3,
                  "Inner Unique": false,
                  "Hash Cond": "(mi_idx.movie_id = t.id)",
                  "Plans": [
                    {
                      "Node Type": "Seq Scan",
                      "Parent Relationship": "Outer",
                      "Parallel Aware": true,
                      "Relation Name": "movie_info_idx",
                      "Alias": "mi_idx",
                      "Startup Cost": 0.0,
                      "Total Cost": 13685.15,
                      "Plan Rows": 575015,
                      "Plan Width": 4,
                      "Actual Startup Time": 0.03,
                      "Actual Total Time": 34.362,
                      "Actual Rows": 460012,
                      "Actual Loops": 3
                    },
                    {
                      "Node Type": "Hash",
                      "Parent Relationship": "Inner",
                      "Parallel Aware": true,
                      "Startup Cost": 92108.16,
                      "Total Cost": 92108.16,
                      "Plan Rows": 215532,
                      "Plan Width": 8,
                      "Actual Startup Time": 653.287,
                      "Actual Total Time": 653.498,
                      "Actual Rows": 219138,
                      "Actual Loops": 3,
                      "Hash Buckets": 1048576,
                      "Original Hash Buckets": 1048576,
                      "Hash Batches": 1,
                      "Original Hash Batches": 1,
                      "Peak Memory Usage": 33984,
                      "Plans": [
                        {
                          "Node Type": "Hash Join",
                          "Parent Relationship": "Outer",
                          "Parallel Aware": true,
                          "Join Type": "Inner",
                          "Startup Cost": 64394.24,
                          "Total Cost": 92108.16,
                          "Plan Rows": 215532,
                          "Plan Width": 8,
                          "Actual Startup Time": 459.217,
                          "Actual Total Time": 591.732,
                          "Actual Rows": 219138,
                          "Actual Loops": 3,
                          "Inner Unique": true,
                          "Hash Cond": "(mk.movie_id = t.id)",
                          "Plans": [
                            {
                              "Node Type": "Bitmap Heap Scan",
                              "Parent Relationship": "Outer",
                              "Parallel Aware": true,
                              "Relation Name": "movie_keyword",
                              "Alias": "mk",
                              "Startup Cost": 14174.6,
                              "Total Cost": 41322.75,
                              "Plan Rows": 215532,
                              "Plan Width": 4,
                              "Actual Startup Time": 38.314,
                              "Actual Total Time": 105.218,
                              "Actual Rows": 219138,
                              "Actual Loops": 3,
                              "Recheck Cond": "(keyword_id > 28588)",
                              "Rows Removed by Index Recheck": 0,
                              "Exact Heap Blocks": 9011,
                              "Lossy Heap Blocks": 0,
                              "Plans": [
                                {
                                  "Node Type": "Bitmap Index Scan",
                                  "Parent Relationship": "Outer",
                                  "Parallel Aware": false,
                                  "Index Name": "keyword_id_movie_keyword",
                                  "Startup Cost": 0.0,
                                  "Total Cost": 14007.56,
                                  "Plan Rows": 668150,
                                  "Plan Width": 0,
                                  "Actual Startup Time": 34.758,
                                  "Actual Total Time": 34.758,
                                  "Actual Rows": 657414,
                                  "Actual Loops": 1,
                                  "Index Cond": "(keyword_id > 28588)"
                                }
                              ]
                            },
                            {
                              "Node Type": "Hash",
                              "Parent Relationship": "Inner",
                              "Parallel Aware": true,
                              "Startup Cost": 42318.73,
                              "Total Cost": 42318.73,
                              "Plan Rows": 632073,
                              "Plan Width": 4,
                              "Actual Startup Time": 410.001,
                              "Actual Total Time": 410.002,
                              "Actual Rows": 842771,
                              "Actual Loops": 3,
                              "Hash Buckets": 4194304,
                              "Original Hash Buckets": 4194304,
                              "Hash Batches": 1,
                              "Original Hash Batches": 1,
                              "Peak Memory Usage": 131712,
                              "Plans": [
                                {
                                  "Node Type": "Seq Scan",
                                  "Parent Relationship": "Outer",
                                  "Parallel Aware": true,
                                  "Relation Name": "title",
                                  "Alias": "t",
                                  "Startup Cost": 0.0,
                                  "Total Cost": 42318.73,
                                  "Plan Rows": 632073,
                                  "Plan Width": 4,
                                  "Actual Startup Time": 0.04,
                                  "Actual Total Time": 115.539,
                                  "Actual Rows": 842771,
                                  "Actual Loops": 3
                                }
                              ]
                            }
                          ]
                        }
                      ]
                    }
                  ]
                }
              ]
            }
          ]
        }
      ]
    },
    "Planning Time": 1.318,
    "Triggers": [],
    "Execution Time": 847.835
  }
]