[
  {
    "Plan": {
      "Node Type": "Aggregate",
      "Strategy": "Plain",
      "Partial Mode": "Finalize",
      "Parallel Aware": false,
      "Startup Cost": 31026.41,
      "Total Cost": 31026.42,
      "Plan Rows": 1,
      "Plan Width": 8,
      "Actual Startup Time": 102.493,
      "Actual Total Time": 108.464,
      "Actual Rows": 1,
      "Actual Loops": 1,
      "Plans": [
        {
          "Node Type": "Gather",
          "Parent Relationship": "Outer",
          "Parallel Aware": false,
          "Startup Cost": 31026.1,
          "Total Cost": 31026.41,
          "Plan Rows": 3,
          "Plan Width": 8,
          "Actual Startup Time": 102.371,
          "Actual Total Time": 108.456,
          "Actual Rows": 4,
          "Actual Loops": 1,
          "Workers Planned": 3,
          "Workers Launched": 3,
          "Single Copy": false,
          "Plans": [
            {
              "Node Type": "Aggregate",
              "Strategy": "Plain",
              "Partial Mode": "Partial",
              "Parent Relationship": "Outer",
              "Parallel Aware": false,
              "Startup Cost": 30026.1,
              "Total Cost": 30026.11,
              "Plan Rows": 1,
              "Plan Width": 8,
              "Actual Startup Time": 95.657,
              "Actual Total Time": 95.658,
              "Actual Rows": 1,
              "Actual Loops": 4,
              "Plans": [
                {
                  "Node Type": "Seq Scan",
                  "Parent Relationship": "Outer",
                  "Parallel Aware": true,
                  "Relation Name": "movie_companies",
                  "Alias": "mc",
                  "Startup Cost": 0.0,
                  "Total Cost": 29310.68,
                  "Plan Rows": 286166,
                  "Plan Width": 0,
                  "Actual Startup Time": 0.036,
                  "Actual Total Time": 80.826,
                  "Actual Rows": 220838,
                  "Actual Loops": 4,
                  "Filter": "(company_id < 2653)",
                  "Rows Removed by Filter": 431445
                }
              ]
            }
          ]
        }
      ]
    },
    "Planning Time": 0.187,
    "Triggers": [],
    "Execution Time": 108.517
  }
]