[
    {
        "Bao": {
            "Bao prediction": 666.935,
            "Bao recommended hint": "(no hint)"
        }
    },
    {
        "Plan": {
            "Node Type": "Aggregate",
            "Strategy": "Plain",
            "Partial Mode": "Simple",
            "Parallel Aware": false,
            "Startup Cost": 3350.46,
            "Total Cost": 3350.47,
            "Plan Rows": 1,
            "Plan Width": 8,
            "Actual Startup Time": 34.816,
            "Actual Total Time": 34.818,
            "Actual Rows": 1,
            "Actual Loops": 1,
            "Output": [
                "count(*)"
            ],
            "Plans": [
                {
                    "Node Type": "Nested Loop",
                    "Parent Relationship": "Outer",
                    "Parallel Aware": false,
                    "Join Type": "Inner",
                    "Startup Cost": 7.19,
                    "Total Cost": 3350.01,
                    "Plan Rows": 182,
                    "Plan Width": 0,
                    "Actual Startup Time": 0.334,
                    "Actual Total Time": 34.506,
                    "Actual Rows": 1229,
                    "Actual Loops": 1,
                    "Inner Unique": false,
                    "Plans": [
                        {
                            "Node Type": "Nested Loop",
                            "Parent Relationship": "Outer",
                            "Parallel Aware": false,
                            "Join Type": "Inner",
                            "Startup Cost": 6.75,
                            "Total Cost": 2957.89,
                            "Plan Rows": 244,
                            "Plan Width": 8,
                            "Actual Startup Time": 0.274,
                            "Actual Total Time": 5.222,
                            "Actual Rows": 295,
                            "Actual Loops": 1,
                            "Output": [
                                "t.id",
                                "mk.movie_id"
                            ],
                            "Inner Unique": true,
                            "Plans": [
                                {
                                    "Node Type": "Bitmap Heap Scan",
                                    "Parent Relationship": "Outer",
                                    "Parallel Aware": false,
                                    "Relation Name": "movie_keyword",
                                    "Schema": "public",
                                    "Alias": "mk",
                                    "Startup Cost": 6.32,
                                    "Total Cost": 908.7,
                                    "Plan Rows": 244,
                                    "Plan Width": 4,
                                    "Actual Startup Time": 0.241,
                                    "Actual Total Time": 1.046,
                                    "Actual Rows": 295,
                                    "Actual Loops": 1,
                                    "Output": [
                                        "mk.id",
                                        "mk.movie_id",
                                        "mk.keyword_id"
                                    ],
                                    "Recheck Cond": "(mk.keyword_id = 27314)",
                                    "Rows Removed by Index Recheck": 0,
                                    "Exact Heap Blocks": 266,
                                    "Lossy Heap Blocks": 0,
                                    "Plans": [
                                        {
                                            "Node Type": "Bitmap Index Scan",
                                            "Parent Relationship": "Outer",
                                            "Parallel Aware": false,
                                            "Index Name": "keyword_id_movie_keyword",
                                            "Startup Cost": 0.0,
                                            "Total Cost": 6.26,
                                            "Plan Rows": 244,
                                            "Plan Width": 0,
                                            "Actual Startup Time": 0.141,
                                            "Actual Total Time": 0.141,
                                            "Actual Rows": 295,
                                            "Actual Loops": 1,
                                            "Index Cond": "(mk.keyword_id = 27314)"
                                        }
                                    ]
                                },
                                {
                                    "Node Type": "Index Only Scan",
                                    "Parent Relationship": "Inner",
                                    "Parallel Aware": false,
                                    "Scan Direction": "Forward",
                                    "Index Name": "title_pkey",
                                    "Relation Name": "title",
                                    "Schema": "public",
                                    "Alias": "t",
                                    "Startup Cost": 0.43,
                                    "Total Cost": 8.4,
                                    "Plan Rows": 1,
                                    "Plan Width": 4,
                                    "Actual Startup Time": 0.013,
                                    "Actual Total Time": 0.013,
                                    "Actual Rows": 1,
                                    "Actual Loops": 295,
                                    "Output": [
                                        "t.id"
                                    ],
                                    "Index Cond": "(t.id = mk.movie_id)",
                                    "Rows Removed by Index Recheck": 0,
                                    "Heap Fetches": 295
                                }
                            ]
                        },
                        {
                            "Node Type": "Index Scan",
                            "Parent Relationship": "Inner",
                            "Parallel Aware": false,
                            "Scan Direction": "Forward",
                            "Index Name": "movie_id_movie_info",
                            "Relation Name": "movie_info",
                            "Schema": "public",
                            "Alias": "mi",
                            "Startup Cost": 0.43,
                            "Total Cost": 1.56,
                            "Plan Rows": 5,
                            "Plan Width": 4,
                            "Actual Startup Time": 0.043,
                            "Actual Total Time": 0.097,
                            "Actual Rows": 4,
                            "Actual Loops": 295,
                            "Output": [
                                "mi.id",
                                "mi.movie_id",
                                "mi.info_type_id",
                                "mi.info",
                                "mi.note"
                            ],
                            "Index Cond": "(mi.movie_id = t.id)",
                            "Rows Removed by Index Recheck": 0,
                            "Filter": "(mi.info_type_id > 17)",
                            "Rows Removed by Filter": 21
                        }
                    ]
                }
            ]
        },
        "Planning Time": 937.083,
        "Triggers": [],
        "Execution Time": 34.953
    }
]