{
  "Plan": {
    "Node Type": "Aggregate",
    "Strategy": "Plain",
    "Partial Mode": "Finalize",
    "Parallel Aware": false,
    "Startup Cost": 468211.17,
    "Total Cost": 468211.18,
    "Plan Rows": 1,
    "Plan Width": 8,
    "Actual Startup Time": 2458.426,
    "Actual Total Time": 2488.182,
    "Actual Rows": 1,
    "Actual Loops": 1,
    "Plans": [
      {
        "Node Type": "Gather",
        "Parent Relationship": "Outer",
        "Parallel Aware": false,
        "Startup Cost": 468211.06,
        "Total Cost": 468211.17,
        "Plan Rows": 1,
        "Plan Width": 8,
        "Actual Startup Time": 2457.536,
        "Actual Total Time": 2488.171,
        "Actual Rows": 2,
        "Actual Loops": 1,
        "Workers Planned": 1,
        "Workers Launched": 1,
        "Single Copy": false,
        "Plans": [
          {
            "Node Type": "Aggregate",
            "Strategy": "Plain",
            "Partial Mode": "Partial",
            "Parent Relationship": "Outer",
            "Parallel Aware": false,
            "Startup Cost": 467211.06,
            "Total Cost": 467211.07,
            "Plan Rows": 1,
            "Plan Width": 8,
            "Actual Startup Time": 2453.306,
            "Actual Total Time": 2453.309,
            "Actual Rows": 1,
            "Actual Loops": 2,
            "Plans": [
              {
                "Node Type": "Hash Join",
                "Parent Relationship": "Outer",
                "Parallel Aware": true,
                "Join Type": "Inner",
                "Startup Cost": 61834.92,
                "Total Cost": 463729.42,
                "Plan Rows": 1392654,
                "Plan Width": 0,
                "Actual Startup Time": 245.383,
                "Actual Total Time": 2410.045,
                "Actual Rows": 890725,
                "Actual Loops": 2,
                "Inner Unique": true,
                "Hash Cond": "(ci.movie_id = t.id)",
                "Plans": [
                  {
                    "Node Type": "Index Scan",
                    "Parent Relationship": "Outer",
                    "Parallel Aware": true,
                    "Scan Direction": "Forward",
                    "Index Name": "role_id_cast_info",
                    "Relation Name": "cast_info",
                    "Alias": "ci",
                    "Startup Cost": 0.56,
                    "Total Cost": 382631.05,
                    "Plan Rows": 7338659,
                    "Plan Width": 4,
                    "Actual Startup Time": 0.044,
                    "Actual Total Time": 973.246,
                    "Actual Rows": 6335344,
                    "Actual Loops": 2,
                    "Index Cond": "(role_id < 2)",
                    "Rows Removed by Index Recheck": 0
                  },
                  {
                    "Node Type": "Hash",
                    "Parent Relationship": "Inner",
                    "Parallel Aware": true,
                    "Startup Cost": 58306.47,
                    "Total Cost": 58306.47,
                    "Plan Rows": 282231,
                    "Plan Width": 4,
                    "Actual Startup Time": 239.664,
                    "Actual Total Time": 239.665,
                    "Actual Rows": 170535,
                    "Actual Loops": 2,
                    "Hash Buckets": 524288,
                    "Original Hash Buckets": 524288,
                    "Hash Batches": 1,
                    "Original Hash Batches": 1,
                    "Peak Memory Usage": 17472,
                    "Plans": [
                      {
                        "Node Type": "Seq Scan",
                        "Parent Relationship": "Outer",
                        "Parallel Aware": true,
                        "Relation Name": "title",
                        "Alias": "t",
                        "Startup Cost": 0.0,
                        "Total Cost": 58306.47,
                        "Plan Rows": 282231,
                        "Plan Width": 4,
                        "Actual Startup Time": 0.046,
                        "Actual Total Time": 179.987,
                        "Actual Rows": 170535,
                        "Actual Loops": 2,
                        "Filter": "((kind_id > 3) AND (production_year < 1992))",
                        "Rows Removed by Filter": 1093621
                      }
                    ]
                  }
                ]
              }
            ]
          }
        ]
      }
    ]
  },
  "Planning Time": 0.648,
  "Triggers": [],
  "Execution Time": 2488.266
}