{
    "Plan": {
        "Node Type": "Aggregate",
        "Strategy": "Plain",
        "Partial Mode": "Finalize",
        "Parallel Aware": false,
        "Startup Cost": 482630.74,
        "Total Cost": 482630.75,
        "Plan Rows": 1,
        "Plan Width": 8,
        "Actual Startup Time": 2240.948,
        "Actual Total Time": 2291.78,
        "Actual Rows": 1,
        "Actual Loops": 1,
        "Output": [
            "count(*)"
        ],
        "Plans": [
            {
                "Node Type": "Gather",
                "Parent Relationship": "Outer",
                "Parallel Aware": false,
                "Startup Cost": 482630.22,
                "Total Cost": 482630.73,
                "Plan Rows": 5,
                "Plan Width": 8,
                "Actual Startup Time": 2229.229,
                "Actual Total Time": 2291.769,
                "Actual Rows": 6,
                "Actual Loops": 1,
                "Output": [
                    "(PARTIAL count(*))"
                ],
                "Workers Planned": 5,
                "Workers Launched": 5,
                "Single Copy": false,
                "Plans": [
                    {
                        "Node Type": "Aggregate",
                        "Strategy": "Plain",
                        "Partial Mode": "Partial",
                        "Parent Relationship": "Outer",
                        "Parallel Aware": false,
                        "Startup Cost": 481630.22,
                        "Total Cost": 481630.23,
                        "Plan Rows": 1,
                        "Plan Width": 8,
                        "Actual Startup Time": 2214.771,
                        "Actual Total Time": 2214.775,
                        "Actual Rows": 1,
                        "Actual Loops": 6,
                        "Output": [
                            "PARTIAL count(*)"
                        ],
                        "Workers": [
                            {
                                "Worker Number": 0,
                                "Actual Startup Time": 2213.034,
                                "Actual Total Time": 2213.039,
                                "Actual Rows": 1,
                                "Actual Loops": 1
                            },
                            {
                                "Worker Number": 1,
                                "Actual Startup Time": 2210.283,
                                "Actual Total Time": 2210.287,
                                "Actual Rows": 1,
                                "Actual Loops": 1
                            },
                            {
                                "Worker Number": 2,
                                "Actual Startup Time": 2213.035,
                                "Actual Total Time": 2213.04,
                                "Actual Rows": 1,
                                "Actual Loops": 1
                            },
                            {
                                "Worker Number": 3,
                                "Actual Startup Time": 2211.029,
                                "Actual Total Time": 2211.033,
                                "Actual Rows": 1,
                                "Actual Loops": 1
                            },
                            {
                                "Worker Number": 4,
                                "Actual Startup Time": 2213.112,
                                "Actual Total Time": 2213.117,
                                "Actual Rows": 1,
                                "Actual Loops": 1
                            }
                        ],
                        "Plans": [
                            {
                                "Node Type": "Hash Join",
                                "Parent Relationship": "Outer",
                                "Parallel Aware": true,
                                "Join Type": "Inner",
                                "Startup Cost": 282921.64,
                                "Total Cost": 478665.42,
                                "Plan Rows": 1185921,
                                "Plan Width": 0,
                                "Actual Startup Time": 996.018,
                                "Actual Total Time": 2169.874,
                                "Actual Rows": 637608,
                                "Actual Loops": 6,
                                "Inner Unique": true,
                                "Hash Cond": "(mi.movie_id = t.id)",
                                "Workers": [
                                    {
                                        "Worker Number": 0,
                                        "Actual Startup Time": 994.54,
                                        "Actual Total Time": 2168.494,
                                        "Actual Rows": 637917,
                                        "Actual Loops": 1
                                    },
                                    {
                                        "Worker Number": 1,
                                        "Actual Startup Time": 991.948,
                                        "Actual Total Time": 2165.389,
                                        "Actual Rows": 635555,
                                        "Actual Loops": 1
                                    },
                                    {
                                        "Worker Number": 2,
                                        "Actual Startup Time": 994.878,
                                        "Actual Total Time": 2168.388,
                                        "Actual Rows": 638572,
                                        "Actual Loops": 1
                                    },
                                    {
                                        "Worker Number": 3,
                                        "Actual Startup Time": 992.398,
                                        "Actual Total Time": 2166.451,
                                        "Actual Rows": 635821,
                                        "Actual Loops": 1
                                    },
                                    {
                                        "Worker Number": 4,
                                        "Actual Startup Time": 993.989,
                                        "Actual Total Time": 2168.599,
                                        "Actual Rows": 640740,
                                        "Actual Loops": 1
                                    }
                                ],
                                "Plans": [
                                    {
                                        "Node Type": "Bitmap Heap Scan",
                                        "Parent Relationship": "Outer",
                                        "Parallel Aware": true,
                                        "Relation Name": "movie_info",
                                        "Schema": "public",
                                        "Alias": "mi",
                                        "Startup Cost": 202329.35,
                                        "Total Cost": 392215.55,
                                        "Plan Rows": 2231456,
                                        "Plan Width": 4,
                                        "Actual Startup Time": 585.757,
                                        "Actual Total Time": 1076.943,
                                        "Actual Rows": 1868457,
                                        "Actual Loops": 6,
                                        "Output": [
                                            "mi.id",
                                            "mi.movie_id",
                                            "mi.info_type_id",
                                            "mi.info",
                                            "mi.note"
                                        ],
                                        "Recheck Cond": "(mi.info_type_id > 3)",
                                        "Rows Removed by Index Recheck": 0,
                                        "Exact Heap Blocks": 23258,
                                        "Lossy Heap Blocks": 0,
                                        "Workers": [
                                            {
                                                "Worker Number": 0,
                                                "Actual Startup Time": 585.775,
                                                "Actual Total Time": 1075.402,
                                                "Actual Rows": 1863127,
                                                "Actual Loops": 1
                                            },
                                            {
                                                "Worker Number": 1,
                                                "Actual Startup Time": 586.032,
                                                "Actual Total Time": 1073.015,
                                                "Actual Rows": 1866156,
                                                "Actual Loops": 1
                                            },
                                            {
                                                "Worker Number": 2,
                                                "Actual Startup Time": 586.078,
                                                "Actual Total Time": 1077.035,
                                                "Actual Rows": 1881344,
                                                "Actual Loops": 1
                                            },
                                            {
                                                "Worker Number": 3,
                                                "Actual Startup Time": 585.662,
                                                "Actual Total Time": 1076.215,
                                                "Actual Rows": 1859559,
                                                "Actual Loops": 1
                                            },
                                            {
                                                "Worker Number": 4,
                                                "Actual Startup Time": 585.337,
                                                "Actual Total Time": 1073.914,
                                                "Actual Rows": 1858942,
                                                "Actual Loops": 1
                                            }
                                        ],
                                        "Plans": [
                                            {
                                                "Node Type": "Bitmap Index Scan",
                                                "Parent Relationship": "Outer",
                                                "Parallel Aware": false,
                                                "Index Name": "info_type_id_movie_info",
                                                "Startup Cost": 0.0,
                                                "Total Cost": 199540.03,
                                                "Plan Rows": 11157280,
                                                "Plan Width": 0,
                                                "Actual Startup Time": 543.206,
                                                "Actual Total Time": 543.207,
                                                "Actual Rows": 11210743,
                                                "Actual Loops": 1,
                                                "Index Cond": "(mi.info_type_id > 3)",
                                                "Workers": [
                                                    {
                                                        "Worker Number": 4,
                                                        "Actual Startup Time": 543.206,
                                                        "Actual Total Time": 543.207,
                                                        "Actual Rows": 11210743,
                                                        "Actual Loops": 1
                                                    }
                                                ]
                                            }
                                        ]
                                    },
                                    {
                                        "Node Type": "Hash",
                                        "Parent Relationship": "Inner",
                                        "Parallel Aware": true,
                                        "Startup Cost": 76393.24,
                                        "Total Cost": 76393.24,
                                        "Plan Rows": 335923,
                                        "Plan Width": 4,
                                        "Actual Startup Time": 405.874,
                                        "Actual Total Time": 405.875,
                                        "Actual Rows": 246357,
                                        "Actual Loops": 6,
                                        "Output": [
                                            "t.id"
                                        ],
                                        "Hash Buckets": 2097152,
                                        "Original Hash Buckets": 2097152,
                                        "Hash Batches": 1,
                                        "Original Hash Batches": 1,
                                        "Peak Memory Usage": 74272,
                                        "Workers": [
                                            {
                                                "Worker Number": 0,
                                                "Actual Startup Time": 408.234,
                                                "Actual Total Time": 408.235,
                                                "Actual Rows": 261722,
                                                "Actual Loops": 1
                                            },
                                            {
                                                "Worker Number": 1,
                                                "Actual Startup Time": 405.471,
                                                "Actual Total Time": 405.472,
                                                "Actual Rows": 213132,
                                                "Actual Loops": 1
                                            },
                                            {
                                                "Worker Number": 2,
                                                "Actual Startup Time": 408.204,
                                                "Actual Total Time": 408.206,
                                                "Actual Rows": 264230,
                                                "Actual Loops": 1
                                            },
                                            {
                                                "Worker Number": 3,
                                                "Actual Startup Time": 406.128,
                                                "Actual Total Time": 406.129,
                                                "Actual Rows": 191274,
                                                "Actual Loops": 1
                                            },
                                            {
                                                "Worker Number": 4,
                                                "Actual Startup Time": 408.256,
                                                "Actual Total Time": 408.258,
                                                "Actual Rows": 260061,
                                                "Actual Loops": 1
                                            }
                                        ],
                                        "Plans": [
                                            {
                                                "Node Type": "Bitmap Heap Scan",
                                                "Parent Relationship": "Outer",
                                                "Parallel Aware": true,
                                                "Relation Name": "title",
                                                "Schema": "public",
                                                "Alias": "t",
                                                "Startup Cost": 33431.61,
                                                "Total Cost": 76393.24,
                                                "Plan Rows": 335923,
                                                "Plan Width": 4,
                                                "Actual Startup Time": 110.207,
                                                "Actual Total Time": 262.583,
                                                "Actual Rows": 246357,
                                                "Actual Loops": 6,
                                                "Output": [
                                                    "t.id"
                                                ],
                                                "Recheck Cond": "(t.kind_id > 1)",
                                                "Rows Removed by Index Recheck": 0,
                                                "Filter": "(t.production_year > 1986)",
                                                "Rows Removed by Filter": 64558,
                                                "Exact Heap Blocks": 6699,
                                                "Lossy Heap Blocks": 0,
                                                "Workers": [
                                                    {
                                                        "Worker Number": 0,
                                                        "Actual Startup Time": 110.323,
                                                        "Actual Total Time": 261.604,
                                                        "Actual Rows": 261722,
                                                        "Actual Loops": 1
                                                    },
                                                    {
                                                        "Worker Number": 1,
                                                        "Actual Startup Time": 110.219,
                                                        "Actual Total Time": 265.8,
                                                        "Actual Rows": 213132,
                                                        "Actual Loops": 1
                                                    },
                                                    {
                                                        "Worker Number": 2,
                                                        "Actual Startup Time": 110.414,
                                                        "Actual Total Time": 261.877,
                                                        "Actual Rows": 264230,
                                                        "Actual Loops": 1
                                                    },
                                                    {
                                                        "Worker Number": 3,
                                                        "Actual Startup Time": 110.251,
                                                        "Actual Total Time": 266.232,
                                                        "Actual Rows": 191274,
                                                        "Actual Loops": 1
                                                    },
                                                    {
                                                        "Worker Number": 4,
                                                        "Actual Startup Time": 110.106,
                                                        "Actual Total Time": 260.902,
                                                        "Actual Rows": 260061,
                                                        "Actual Loops": 1
                                                    }
                                                ],
                                                "Plans": [
                                                    {
                                                        "Node Type": "Bitmap Index Scan",
                                                        "Parent Relationship": "Outer",
                                                        "Parallel Aware": false,
                                                        "Index Name": "kind_id_title",
                                                        "Startup Cost": 0.0,
                                                        "Total Cost": 33095.69,
                                                        "Plan Rows": 1856968,
                                                        "Plan Width": 0,
                                                        "Actual Startup Time": 100.787,
                                                        "Actual Total Time": 100.787,
                                                        "Actual Rows": 1865487,
                                                        "Actual Loops": 1,
                                                        "Index Cond": "(t.kind_id > 1)"
                                                    }
                                                ]
                                            }
                                        ]
                                    }
                                ]
                            }
                        ]
                    }
                ]
            }
        ]
    },
    "Planning Time": 2.47,
    "Triggers": [],
    "Execution Time": 2292.203
}