{
  "Plan": {
    "Node Type": "Aggregate",
    "Strategy": "Plain",
    "Partial Mode": "Finalize",
    "Parallel Aware": false,
    "Startup Cost": 232407.65,
    "Total Cost": 232407.66,
    "Plan Rows": 1,
    "Plan Width": 8,
    "Actual Startup Time": 709.791,
    "Actual Total Time": 732.948,
    "Actual Rows": 1,
    "Actual Loops": 1,
    "Plans": [
      {
        "Node Type": "Gather",
        "Parent Relationship": "Outer",
        "Parallel Aware": false,
        "Startup Cost": 232407.54,
        "Total Cost": 232407.65,
        "Plan Rows": 1,
        "Plan Width": 8,
        "Actual Startup Time": 703.958,
        "Actual Total Time": 732.942,
        "Actual Rows": 2,
        "Actual Loops": 1,
        "Workers Planned": 1,
        "Workers Launched": 1,
        "Single Copy": false,
        "Plans": [
          {
            "Node Type": "Aggregate",
            "Strategy": "Plain",
            "Partial Mode": "Partial",
            "Parent Relationship": "Outer",
            "Parallel Aware": false,
            "Startup Cost": 231407.54,
            "Total Cost": 231407.55,
            "Plan Rows": 1,
            "Plan Width": 8,
            "Actual Startup Time": 689.957,
            "Actual Total Time": 689.962,
            "Actual Rows": 1,
            "Actual Loops": 2,
            "Plans": [
              {
                "Node Type": "Hash Join",
                "Parent Relationship": "Outer",
                "Parallel Aware": true,
                "Join Type": "Inner",
                "Startup Cost": 103418.72,
                "Total Cost": 231398.59,
                "Plan Rows": 3577,
                "Plan Width": 0,
                "Actual Startup Time": 670.67,
                "Actual Total Time": 687.041,
                "Actual Rows": 70361,
                "Actual Loops": 2,
                "Inner Unique": false,
                "Hash Cond": "(mi.movie_id = t.id)",
                "Plans": [
                  {
                    "Node Type": "Bitmap Heap Scan",
                    "Parent Relationship": "Outer",
                    "Parallel Aware": true,
                    "Relation Name": "movie_info",
                    "Alias": "mi",
                    "Startup Cost": 1270.75,
                    "Total Cost": 129075.22,
                    "Plan Rows": 41162,
                    "Plan Width": 4,
                    "Actual Startup Time": 2.893,
                    "Actual Total Time": 8.961,
                    "Actual Rows": 34012,
                    "Actual Loops": 2,
                    "Recheck Cond": "(info_type_id = 94)",
                    "Rows Removed by Index Recheck": 0,
                    "Exact Heap Blocks": 1176,
                    "Lossy Heap Blocks": 0,
                    "Plans": [
                      {
                        "Node Type": "Bitmap Index Scan",
                        "Parent Relationship": "Outer",
                        "Parallel Aware": false,
                        "Index Name": "info_type_id_movie_info",
                        "Startup Cost": 0.0,
                        "Total Cost": 1253.25,
                        "Plan Rows": 69976,
                        "Plan Width": 0,
                        "Actual Startup Time": 2.648,
                        "Actual Total Time": 2.649,
                        "Actual Rows": 68025,
                        "Actual Loops": 1,
                        "Index Cond": "(info_type_id = 94)"
                      }
                    ]
                  },
                  {
                    "Node Type": "Hash",
                    "Parent Relationship": "Inner",
                    "Parallel Aware": true,
                    "Startup Cost": 100532.52,
                    "Total Cost": 100532.52,
                    "Plan Rows": 129236,
                    "Plan Width": 8,
                    "Actual Startup Time": 664.37,
                    "Actual Total Time": 664.374,
                    "Actual Rows": 113464,
                    "Actual Loops": 2,
                    "Hash Buckets": 262144,
                    "Original Hash Buckets": 262144,
                    "Hash Batches": 1,
                    "Original Hash Batches": 1,
                    "Peak Memory Usage": 10976,
                    "Plans": [
                      {
                        "Node Type": "Hash Join",
                        "Parent Relationship": "Outer",
                        "Parallel Aware": true,
                        "Join Type": "Inner",
                        "Startup Cost": 74123.82,
                        "Total Cost": 100532.52,
                        "Plan Rows": 129236,
                        "Plan Width": 8,
                        "Actual Startup Time": 540.144,
                        "Actual Total Time": 637.718,
                        "Actual Rows": 113464,
                        "Actual Loops": 2,
                        "Inner Unique": true,
                        "Hash Cond": "(mk.movie_id = t.id)",
                        "Plans": [
                          {
                            "Node Type": "Bitmap Heap Scan",
                            "Parent Relationship": "Outer",
                            "Parallel Aware": true,
                            "Relation Name": "movie_keyword",
                            "Alias": "mk",
                            "Startup Cost": 4663.12,
                            "Total Cost": 30732.58,
                            "Plan Rows": 129236,
                            "Plan Width": 4,
                            "Actual Startup Time": 21.802,
                            "Actual Total Time": 70.268,
                            "Actual Rows": 113464,
                            "Actual Loops": 2,
                            "Recheck Cond": "(keyword_id < 186)",
                            "Rows Removed by Index Recheck": 0,
                            "Exact Heap Blocks": 13823,
                            "Lossy Heap Blocks": 0,
                            "Plans": [
                              {
                                "Node Type": "Bitmap Index Scan",
                                "Parent Relationship": "Outer",
                                "Parallel Aware": false,
                                "Index Name": "keyword_id_movie_keyword",
                                "Startup Cost": 0.0,
                                "Total Cost": 4608.2,
                                "Plan Rows": 219702,
                                "Plan Width": 0,
                                "Actual Startup Time": 15.822,
                                "Actual Total Time": 15.822,
                                "Actual Rows": 226927,
                                "Actual Loops": 1,
                                "Index Cond": "(keyword_id < 186)"
                              }
                            ]
                          },
                          {
                            "Node Type": "Hash",
                            "Parent Relationship": "Inner",
                            "Parallel Aware": true,
                            "Startup Cost": 50870.31,
                            "Total Cost": 50870.31,
                            "Plan Rows": 1487231,
                            "Plan Width": 4,
                            "Actual Startup Time": 498.981,
                            "Actual Total Time": 498.981,
                            "Actual Rows": 1264156,
                            "Actual Loops": 2,
                            "Hash Buckets": 4194304,
                            "Original Hash Buckets": 4194304,
                            "Hash Batches": 1,
                            "Original Hash Batches": 1,
                            "Peak Memory Usage": 131712,
                            "Plans": [
                              {
                                "Node Type": "Seq Scan",
                                "Parent Relationship": "Outer",
                                "Parallel Aware": true,
                                "Relation Name": "title",
                                "Alias": "t",
                                "Startup Cost": 0.0,
                                "Total Cost": 50870.31,
                                "Plan Rows": 1487231,
                                "Plan Width": 4,
                                "Actual Startup Time": 0.035,
                                "Actual Total Time": 152.341,
                                "Actual Rows": 1264156,
                                "Actual Loops": 2
                              }
                            ]
                          }
                        ]
                      }
                    ]
                  }
                ]
              }
            ]
          }
        ]
      }
    ]
  },
  "Planning Time": 0.862,
  "Triggers": [],
  "Execution Time": 733.059
}