[
  {
    "Plan": {
      "Node Type": "Aggregate",
      "Strategy": "Plain",
      "Partial Mode": "Finalize",
      "Parallel Aware": false,
      "Startup Cost": 378090.14,
      "Total Cost": 378090.15,
      "Plan Rows": 1,
      "Plan Width": 8,
      "Actual Startup Time": 866.301,
      "Actual Total Time": 893.03,
      "Actual Rows": 1,
      "Actual Loops": 1,
      "Plans": [
        {
          "Node Type": "Gather",
          "Parent Relationship": "Outer",
          "Parallel Aware": false,
          "Startup Cost": 378089.51,
          "Total Cost": 378090.12,
          "Plan Rows": 6,
          "Plan Width": 8,
          "Actual Startup Time": 836.292,
          "Actual Total Time": 893.014,
          "Actual Rows": 7,
          "Actual Loops": 1,
          "Workers Planned": 6,
          "Workers Launched": 6,
          "Single Copy": false,
          "Plans": [
            {
              "Node Type": "Aggregate",
              "Strategy": "Plain",
              "Partial Mode": "Partial",
              "Parent Relationship": "Outer",
              "Parallel Aware": false,
              "Startup Cost": 377089.51,
              "Total Cost": 377089.52,
              "Plan Rows": 1,
              "Plan Width": 8,
              "Actual Startup Time": 815.019,
              "Actual Total Time": 815.024,
              "Actual Rows": 1,
              "Actual Loops": 7,
              "Plans": [
                {
                  "Node Type": "Hash Join",
                  "Parent Relationship": "Outer",
                  "Parallel Aware": true,
                  "Join Type": "Inner",
                  "Startup Cost": 116016.42,
                  "Total Cost": 376658.86,
                  "Plan Rows": 172258,
                  "Plan Width": 0,
                  "Actual Startup Time": 494.694,
                  "Actual Total Time": 796.12,
                  "Actual Rows": 314658,
                  "Actual Loops": 7,
                  "Inner Unique": true,
                  "Hash Cond": "(ci.movie_id = t.id)",
                  "Plans": [
                    {
                      "Node Type": "Bitmap Heap Scan",
                      "Parent Relationship": "Outer",
                      "Parallel Aware": true,
                      "Relation Name": "cast_info",
                      "Alias": "ci",
                      "Startup Cost": 65796.77,
                      "Total Cost": 325987.04,
                      "Plan Rows": 172258,
                      "Plan Width": 4,
                      "Actual Startup Time": 201.854,
                      "Actual Total Time": 317.96,
                      "Actual Rows": 314658,
                      "Actual Loops": 7,
                      "Recheck Cond": "(person_id < 297088)",
                      "Rows Removed by Index Recheck": 0,
                      "Filter": "(role_id = 1)",
                      "Rows Removed by Filter": 122616,
                      "Exact Heap Blocks": 5379,
                      "Lossy Heap Blocks": 0,
                      "Plans": [
                        {
                          "Node Type": "Bitmap Index Scan",
                          "Parent Relationship": "Outer",
                          "Parallel Aware": false,
                          "Index Name": "person_id_cast_info",
                          "Startup Cost": 0.0,
                          "Total Cost": 65538.38,
                          "Plan Rows": 3001309,
                          "Plan Width": 0,
                          "Actual Startup Time": 193.14,
                          "Actual Total Time": 193.141,
                          "Actual Rows": 3060920,
                          "Actual Loops": 1,
                          "Index Cond": "(person_id < 297088)"
                        }
                      ]
                    },
                    {
                      "Node Type": "Hash",
                      "Parent Relationship": "Inner",
                      "Parallel Aware": true,
                      "Startup Cost": 42318.73,
                      "Total Cost": 42318.73,
                      "Plan Rows": 632073,
                      "Plan Width": 4,
                      "Actual Startup Time": 285.96,
                      "Actual Total Time": 285.961,
                      "Actual Rows": 361187,
                      "Actual Loops": 7,
                      "Hash Buckets": 4194304,
                      "Original Hash Buckets": 4194304,
                      "Hash Batches": 1,
                      "Original Hash Batches": 1,
                      "Peak Memory Usage": 131776,
                      "Plans": [
                        {
                          "Node Type": "Seq Scan",
                          "Parent Relationship": "Outer",
                          "Parallel Aware": true,
                          "Relation Name": "title",
                          "Alias": "t",
                          "Startup Cost": 0.0,
                          "Total Cost": 42318.73,
                          "Plan Rows": 632073,
                          "Plan Width": 4,
                          "Actual Startup Time": 0.039,
                          "Actual Total Time": 85.443,
                          "Actual Rows": 361187,
                          "Actual Loops": 7
                        }
                      ]
                    }
                  ]
                }
              ]
            }
          ]
        }
      ]
    },
    "Planning Time": 0.654,
    "Triggers": [],
    "Execution Time": 893.129
  }
]