[
  {
    "Plan": {
      "Node Type": "Aggregate",
      "Strategy": "Plain",
      "Partial Mode": "Finalize",
      "Parallel Aware": false,
      "Startup Cost": 45459.38,
      "Total Cost": 45459.39,
      "Plan Rows": 1,
      "Plan Width": 8,
      "Actual Startup Time": 153.063,
      "Actual Total Time": 162.278,
      "Actual Rows": 1,
      "Actual Loops": 1,
      "Plans": [
        {
          "Node Type": "Gather",
          "Parent Relationship": "Outer",
          "Parallel Aware": false,
          "Startup Cost": 45459.07,
          "Total Cost": 45459.38,
          "Plan Rows": 3,
          "Plan Width": 8,
          "Actual Startup Time": 152.904,
          "Actual Total Time": 162.267,
          "Actual Rows": 4,
          "Actual Loops": 1,
          "Workers Planned": 3,
          "Workers Launched": 3,
          "Single Copy": false,
          "Plans": [
            {
              "Node Type": "Aggregate",
              "Strategy": "Plain",
              "Partial Mode": "Partial",
              "Parent Relationship": "Outer",
              "Parallel Aware": false,
              "Startup Cost": 44459.07,
              "Total Cost": 44459.08,
              "Plan Rows": 1,
              "Plan Width": 8,
              "Actual Startup Time": 147.603,
              "Actual Total Time": 147.604,
              "Actual Rows": 1,
              "Actual Loops": 4,
              "Plans": [
                {
                  "Node Type": "Seq Scan",
                  "Parent Relationship": "Outer",
                  "Parallel Aware": true,
                  "Relation Name": "movie_keyword",
                  "Alias": "mk",
                  "Startup Cost": 0.0,
                  "Total Cost": 42695.65,
                  "Plan Rows": 705365,
                  "Plan Width": 0,
                  "Actual Startup Time": 0.036,
                  "Actual Total Time": 120.154,
                  "Actual Rows": 549824,
                  "Actual Loops": 4,
                  "Filter": "(keyword_id < 4398)",
                  "Rows Removed by Filter": 581158
                }
              ]
            }
          ]
        }
      ]
    },
    "Planning Time": 0.053,
    "Triggers": [],
    "Execution Time": 162.301
  }
]