{
    "Plan": {
        "Node Type": "Aggregate",
        "Strategy": "Plain",
        "Partial Mode": "Finalize",
        "Parallel Aware": false,
        "Startup Cost": 93738.13,
        "Total Cost": 93738.14,
        "Plan Rows": 1,
        "Plan Width": 8,
        "Actual Startup Time": 324.874,
        "Actual Total Time": 341.305,
        "Actual Rows": 1,
        "Actual Loops": 1,
        "Output": [
            "count(*)"
        ],
        "Plans": [
            {
                "Node Type": "Gather",
                "Parent Relationship": "Outer",
                "Parallel Aware": false,
                "Startup Cost": 93737.81,
                "Total Cost": 93738.12,
                "Plan Rows": 3,
                "Plan Width": 8,
                "Actual Startup Time": 322.874,
                "Actual Total Time": 341.297,
                "Actual Rows": 4,
                "Actual Loops": 1,
                "Output": [
                    "(PARTIAL count(*))"
                ],
                "Workers Planned": 3,
                "Workers Launched": 3,
                "Single Copy": false,
                "Plans": [
                    {
                        "Node Type": "Aggregate",
                        "Strategy": "Plain",
                        "Partial Mode": "Partial",
                        "Parent Relationship": "Outer",
                        "Parallel Aware": false,
                        "Startup Cost": 92737.81,
                        "Total Cost": 92737.82,
                        "Plan Rows": 1,
                        "Plan Width": 8,
                        "Actual Startup Time": 313.489,
                        "Actual Total Time": 313.495,
                        "Actual Rows": 1,
                        "Actual Loops": 4,
                        "Output": [
                            "PARTIAL count(*)"
                        ],
                        "Workers": [
                            {
                                "Worker Number": 0,
                                "Actual Startup Time": 310.569,
                                "Actual Total Time": 310.573,
                                "Actual Rows": 1,
                                "Actual Loops": 1
                            },
                            {
                                "Worker Number": 1,
                                "Actual Startup Time": 310.56,
                                "Actual Total Time": 310.565,
                                "Actual Rows": 1,
                                "Actual Loops": 1
                            },
                            {
                                "Worker Number": 2,
                                "Actual Startup Time": 310.753,
                                "Actual Total Time": 310.759,
                                "Actual Rows": 1,
                                "Actual Loops": 1
                            }
                        ],
                        "Plans": [
                            {
                                "Node Type": "Hash Join",
                                "Parent Relationship": "Outer",
                                "Parallel Aware": true,
                                "Join Type": "Inner",
                                "Startup Cost": 62088.01,
                                "Total Cost": 92630.17,
                                "Plan Rows": 43059,
                                "Plan Width": 0,
                                "Actual Startup Time": 199.181,
                                "Actual Total Time": 312.241,
                                "Actual Rows": 30666,
                                "Actual Loops": 4,
                                "Inner Unique": false,
                                "Hash Cond": "(mc.movie_id = t.id)",
                                "Workers": [
                                    {
                                        "Worker Number": 0,
                                        "Actual Startup Time": 196.215,
                                        "Actual Total Time": 309.306,
                                        "Actual Rows": 32253,
                                        "Actual Loops": 1
                                    },
                                    {
                                        "Worker Number": 1,
                                        "Actual Startup Time": 196.576,
                                        "Actual Total Time": 309.359,
                                        "Actual Rows": 30825,
                                        "Actual Loops": 1
                                    },
                                    {
                                        "Worker Number": 2,
                                        "Actual Startup Time": 196.234,
                                        "Actual Total Time": 309.555,
                                        "Actual Rows": 29484,
                                        "Actual Loops": 1
                                    }
                                ],
                                "Plans": [
                                    {
                                        "Node Type": "Seq Scan",
                                        "Parent Relationship": "Outer",
                                        "Parallel Aware": true,
                                        "Relation Name": "movie_companies",
                                        "Schema": "public",
                                        "Alias": "mc",
                                        "Startup Cost": 0.0,
                                        "Total Cost": 27206.55,
                                        "Plan Rows": 841655,
                                        "Plan Width": 4,
                                        "Actual Startup Time": 0.023,
                                        "Actual Total Time": 56.217,
                                        "Actual Rows": 652282,
                                        "Actual Loops": 4,
                                        "Output": [
                                            "mc.id",
                                            "mc.movie_id",
                                            "mc.company_id",
                                            "mc.company_type_id",
                                            "mc.note"
                                        ],
                                        "Workers": [
                                            {
                                                "Worker Number": 0,
                                                "Actual Startup Time": 0.027,
                                                "Actual Total Time": 56.462,
                                                "Actual Rows": 646891,
                                                "Actual Loops": 1
                                            },
                                            {
                                                "Worker Number": 1,
                                                "Actual Startup Time": 0.022,
                                                "Actual Total Time": 56.374,
                                                "Actual Rows": 640321,
                                                "Actual Loops": 1
                                            },
                                            {
                                                "Worker Number": 2,
                                                "Actual Startup Time": 0.03,
                                                "Actual Total Time": 58.042,
                                                "Actual Rows": 613635,
                                                "Actual Loops": 1
                                            }
                                        ]
                                    },
                                    {
                                        "Node Type": "Hash",
                                        "Parent Relationship": "Inner",
                                        "Parallel Aware": true,
                                        "Startup Cost": 61414.32,
                                        "Total Cost": 61414.32,
                                        "Plan Rows": 53895,
                                        "Plan Width": 8,
                                        "Actual Startup Time": 196.969,
                                        "Actual Total Time": 196.973,
                                        "Actual Rows": 13736,
                                        "Actual Loops": 4,
                                        "Output": [
                                            "t.id",
                                            "mi_idx.movie_id"
                                        ],
                                        "Hash Buckets": 131072,
                                        "Original Hash Buckets": 131072,
                                        "Hash Batches": 1,
                                        "Original Hash Batches": 1,
                                        "Peak Memory Usage": 3232,
                                        "Workers": [
                                            {
                                                "Worker Number": 0,
                                                "Actual Startup Time": 195.26,
                                                "Actual Total Time": 195.262,
                                                "Actual Rows": 14404,
                                                "Actual Loops": 1
                                            },
                                            {
                                                "Worker Number": 1,
                                                "Actual Startup Time": 195.166,
                                                "Actual Total Time": 195.169,
                                                "Actual Rows": 12779,
                                                "Actual Loops": 1
                                            },
                                            {
                                                "Worker Number": 2,
                                                "Actual Startup Time": 195.699,
                                                "Actual Total Time": 195.704,
                                                "Actual Rows": 13171,
                                                "Actual Loops": 1
                                            }
                                        ],
                                        "Plans": [
                                            {
                                                "Node Type": "Hash Join",
                                                "Parent Relationship": "Outer",
                                                "Parallel Aware": true,
                                                "Join Type": "Inner",
                                                "Startup Cost": 46219.76,
                                                "Total Cost": 61414.32,
                                                "Plan Rows": 53895,
                                                "Plan Width": 8,
                                                "Actual Startup Time": 122.523,
                                                "Actual Total Time": 194.052,
                                                "Actual Rows": 13736,
                                                "Actual Loops": 4,
                                                "Output": [
                                                    "t.id",
                                                    "mi_idx.movie_id"
                                                ],
                                                "Inner Unique": true,
                                                "Hash Cond": "(mi_idx.movie_id = t.id)",
                                                "Workers": [
                                                    {
                                                        "Worker Number": 0,
                                                        "Actual Startup Time": 120.838,
                                                        "Actual Total Time": 192.2,
                                                        "Actual Rows": 14404,
                                                        "Actual Loops": 1
                                                    },
                                                    {
                                                        "Worker Number": 1,
                                                        "Actual Startup Time": 120.898,
                                                        "Actual Total Time": 192.617,
                                                        "Actual Rows": 12779,
                                                        "Actual Loops": 1
                                                    },
                                                    {
                                                        "Worker Number": 2,
                                                        "Actual Startup Time": 121.307,
                                                        "Actual Total Time": 192.699,
                                                        "Actual Rows": 13171,
                                                        "Actual Loops": 1
                                                    }
                                                ],
                                                "Plans": [
                                                    {
                                                        "Node Type": "Seq Scan",
                                                        "Parent Relationship": "Outer",
                                                        "Parallel Aware": true,
                                                        "Relation Name": "movie_info_idx",
                                                        "Schema": "public",
                                                        "Alias": "mi_idx",
                                                        "Startup Cost": 0.0,
                                                        "Total Cost": 13685.15,
                                                        "Plan Rows": 575015,
                                                        "Plan Width": 4,
                                                        "Actual Startup Time": 0.011,
                                                        "Actual Total Time": 28.829,
                                                        "Actual Rows": 345009,
                                                        "Actual Loops": 4,
                                                        "Output": [
                                                            "mi_idx.id",
                                                            "mi_idx.movie_id",
                                                            "mi_idx.info_type_id",
                                                            "mi_idx.info",
                                                            "mi_idx.note"
                                                        ],
                                                        "Workers": [
                                                            {
                                                                "Worker Number": 0,
                                                                "Actual Startup Time": 0.01,
                                                                "Actual Total Time": 28.919,
                                                                "Actual Rows": 346306,
                                                                "Actual Loops": 1
                                                            },
                                                            {
                                                                "Worker Number": 1,
                                                                "Actual Startup Time": 0.009,
                                                                "Actual Total Time": 28.829,
                                                                "Actual Rows": 345051,
                                                                "Actual Loops": 1
                                                            },
                                                            {
                                                                "Worker Number": 2,
                                                                "Actual Startup Time": 0.013,
                                                                "Actual Total Time": 29.917,
                                                                "Actual Rows": 328121,
                                                                "Actual Loops": 1
                                                            }
                                                        ]
                                                    },
                                                    {
                                                        "Node Type": "Hash",
                                                        "Parent Relationship": "Inner",
                                                        "Parallel Aware": true,
                                                        "Startup Cost": 45479.21,
                                                        "Total Cost": 45479.21,
                                                        "Plan Rows": 59244,
                                                        "Plan Width": 4,
                                                        "Actual Startup Time": 121.035,
                                                        "Actual Total Time": 121.036,
                                                        "Actual Rows": 64226,
                                                        "Actual Loops": 4,
                                                        "Output": [
                                                            "t.id"
                                                        ],
                                                        "Hash Buckets": 262144,
                                                        "Original Hash Buckets": 262144,
                                                        "Hash Batches": 1,
                                                        "Original Hash Batches": 1,
                                                        "Peak Memory Usage": 12160,
                                                        "Workers": [
                                                            {
                                                                "Worker Number": 0,
                                                                "Actual Startup Time": 120.357,
                                                                "Actual Total Time": 120.358,
                                                                "Actual Rows": 58861,
                                                                "Actual Loops": 1
                                                            },
                                                            {
                                                                "Worker Number": 1,
                                                                "Actual Startup Time": 120.357,
                                                                "Actual Total Time": 120.358,
                                                                "Actual Rows": 58235,
                                                                "Actual Loops": 1
                                                            },
                                                            {
                                                                "Worker Number": 2,
                                                                "Actual Startup Time": 120.793,
                                                                "Actual Total Time": 120.795,
                                                                "Actual Rows": 56860,
                                                                "Actual Loops": 1
                                                            }
                                                        ],
                                                        "Plans": [
                                                            {
                                                                "Node Type": "Seq Scan",
                                                                "Parent Relationship": "Outer",
                                                                "Parallel Aware": true,
                                                                "Relation Name": "title",
                                                                "Schema": "public",
                                                                "Alias": "t",
                                                                "Startup Cost": 0.0,
                                                                "Total Cost": 45479.21,
                                                                "Plan Rows": 59244,
                                                                "Plan Width": 4,
                                                                "Actual Startup Time": 0.069,
                                                                "Actual Total Time": 97.064,
                                                                "Actual Rows": 64226,
                                                                "Actual Loops": 4,
                                                                "Output": [
                                                                    "t.id"
                                                                ],
                                                                "Filter": "((t.production_year > 2010) AND (t.kind_id = 7))",
                                                                "Rows Removed by Filter": 567852,
                                                                "Workers": [
                                                                    {
                                                                        "Worker Number": 0,
                                                                        "Actual Startup Time": 0.095,
                                                                        "Actual Total Time": 97.012,
                                                                        "Actual Rows": 58861,
                                                                        "Actual Loops": 1
                                                                    },
                                                                    {
                                                                        "Worker Number": 1,
                                                                        "Actual Startup Time": 0.099,
                                                                        "Actual Total Time": 97.336,
                                                                        "Actual Rows": 58235,
                                                                        "Actual Loops": 1
                                                                    },
                                                                    {
                                                                        "Worker Number": 2,
                                                                        "Actual Startup Time": 0.053,
                                                                        "Actual Total Time": 98.641,
                                                                        "Actual Rows": 56860,
                                                                        "Actual Loops": 1
                                                                    }
                                                                ]
                                                            }
                                                        ]
                                                    }
                                                ]
                                            }
                                        ]
                                    }
                                ]
                            }
                        ]
                    }
                ]
            }
        ]
    },
    "Planning Time": 1.596,
    "Triggers": [],
    "Execution Time": 341.499
}