[
  {
    "Plan": {
      "Node Type": "Aggregate",
      "Strategy": "Plain",
      "Partial Mode": "Simple",
      "Parallel Aware": false,
      "Startup Cost": 1059.73,
      "Total Cost": 1059.74,
      "Plan Rows": 1,
      "Plan Width": 8,
      "Actual Startup Time": 0.773,
      "Actual Total Time": 0.775,
      "Actual Rows": 1,
      "Actual Loops": 1,
      "Plans": [
        {
          "Node Type": "Index Scan",
          "Parent Relationship": "Outer",
          "Parallel Aware": false,
          "Scan Direction": "Forward",
          "Index Name": "person_id_cast_info",
          "Relation Name": "cast_info",
          "Alias": "ci",
          "Startup Cost": 0.56,
          "Total Cost": 1059.67,
          "Plan Rows": 24,
          "Plan Width": 0,
          "Actual Startup Time": 0.752,
          "Actual Total Time": 0.765,
          "Actual Rows": 8,
          "Actual Loops": 1,
          "Index Cond": "(person_id = 575241)",
          "Rows Removed by Index Recheck": 0,
          "Filter": "(role_id = 8)",
          "Rows Removed by Filter": 31
        }
      ]
    },
    "Planning Time": 0.201,
    "Triggers": [],
    "Execution Time": 0.823
  }
]