[
  {
    "Plan": {
      "Node Type": "Aggregate",
      "Strategy": "Plain",
      "Partial Mode": "Finalize",
      "Parallel Aware": false,
      "Startup Cost": 32155.77,
      "Total Cost": 32155.78,
      "Plan Rows": 1,
      "Plan Width": 8,
      "Actual Startup Time": 119.194,
      "Actual Total Time": 127.369,
      "Actual Rows": 1,
      "Actual Loops": 1,
      "Plans": [
        {
          "Node Type": "Gather",
          "Parent Relationship": "Outer",
          "Parallel Aware": false,
          "Startup Cost": 32155.45,
          "Total Cost": 32155.76,
          "Plan Rows": 3,
          "Plan Width": 8,
          "Actual Startup Time": 119.112,
          "Actual Total Time": 127.361,
          "Actual Rows": 4,
          "Actual Loops": 1,
          "Workers Planned": 3,
          "Workers Launched": 3,
          "Single Copy": false,
          "Plans": [
            {
              "Node Type": "Aggregate",
              "Strategy": "Plain",
              "Partial Mode": "Partial",
              "Parent Relationship": "Outer",
              "Parallel Aware": false,
              "Startup Cost": 31155.45,
              "Total Cost": 31155.46,
              "Plan Rows": 1,
              "Plan Width": 8,
              "Actual Startup Time": 111.139,
              "Actual Total Time": 111.14,
              "Actual Rows": 1,
              "Actual Loops": 4,
              "Plans": [
                {
                  "Node Type": "Seq Scan",
                  "Parent Relationship": "Outer",
                  "Parallel Aware": true,
                  "Relation Name": "movie_companies",
                  "Alias": "mc",
                  "Startup Cost": 0.0,
                  "Total Cost": 29310.68,
                  "Plan Rows": 737909,
                  "Plan Width": 0,
                  "Actual Startup Time": 0.046,
                  "Actual Total Time": 83.213,
                  "Actual Rows": 571646,
                  "Actual Loops": 4,
                  "Filter": "(company_id < 91419)",
                  "Rows Removed by Filter": 80636
                }
              ]
            }
          ]
        }
      ]
    },
    "Planning Time": 0.139,
    "Triggers": [],
    "Execution Time": 127.412
  }
]