[
  {
    "Plan": {
      "Node Type": "Aggregate",
      "Strategy": "Plain",
      "Partial Mode": "Finalize",
      "Parallel Aware": false,
      "Startup Cost": 401624.61,
      "Total Cost": 401624.62,
      "Plan Rows": 1,
      "Plan Width": 8,
      "Actual Startup Time": 1520.372,
      "Actual Total Time": 1592.939,
      "Actual Rows": 1,
      "Actual Loops": 1,
      "Plans": [
        {
          "Node Type": "Gather",
          "Parent Relationship": "Outer",
          "Parallel Aware": false,
          "Startup Cost": 401623.98,
          "Total Cost": 401624.59,
          "Plan Rows": 6,
          "Plan Width": 8,
          "Actual Startup Time": 1515.923,
          "Actual Total Time": 1592.927,
          "Actual Rows": 7,
          "Actual Loops": 1,
          "Workers Planned": 6,
          "Workers Launched": 6,
          "Single Copy": false,
          "Plans": [
            {
              "Node Type": "Aggregate",
              "Strategy": "Plain",
              "Partial Mode": "Partial",
              "Parent Relationship": "Outer",
              "Parallel Aware": false,
              "Startup Cost": 400623.98,
              "Total Cost": 400623.99,
              "Plan Rows": 1,
              "Plan Width": 8,
              "Actual Startup Time": 1505.466,
              "Actual Total Time": 1505.468,
              "Actual Rows": 1,
              "Actual Loops": 7,
              "Plans": [
                {
                  "Node Type": "Hash Join",
                  "Parent Relationship": "Outer",
                  "Parallel Aware": true,
                  "Join Type": "Inner",
                  "Startup Cost": 46929.75,
                  "Total Cost": 399070.55,
                  "Plan Rows": 621372,
                  "Plan Width": 0,
                  "Actual Startup Time": 369.681,
                  "Actual Total Time": 1478.139,
                  "Actual Rows": 519137,
                  "Actual Loops": 7,
                  "Inner Unique": true,
                  "Hash Cond": "(ci.movie_id = t.id)",
                  "Plans": [
                    {
                      "Node Type": "Seq Scan",
                      "Parent Relationship": "Outer",
                      "Parallel Aware": true,
                      "Relation Name": "cast_info",
                      "Alias": "ci",
                      "Startup Cost": 0.0,
                      "Total Cost": 343257.03,
                      "Plan Rows": 3384291,
                      "Plan Width": 4,
                      "Actual Startup Time": 234.771,
                      "Actual Total Time": 770.152,
                      "Actual Rows": 2637664,
                      "Actual Loops": 7,
                      "Filter": "((person_id < 3156577) AND (role_id > 1))",
                      "Rows Removed by Filter": 2540099
                    },
                    {
                      "Node Type": "Hash",
                      "Parent Relationship": "Inner",
                      "Parallel Aware": true,
                      "Startup Cost": 45479.1,
                      "Total Cost": 45479.1,
                      "Plan Rows": 116052,
                      "Plan Width": 4,
                      "Actual Startup Time": 132.526,
                      "Actual Total Time": 132.527,
                      "Actual Rows": 79642,
                      "Actual Loops": 7,
                      "Hash Buckets": 1048576,
                      "Original Hash Buckets": 524288,
                      "Hash Batches": 1,
                      "Original Hash Batches": 1,
                      "Peak Memory Usage": 34240,
                      "Plans": [
                        {
                          "Node Type": "Seq Scan",
                          "Parent Relationship": "Outer",
                          "Parallel Aware": true,
                          "Relation Name": "title",
                          "Alias": "t",
                          "Startup Cost": 0.0,
                          "Total Cost": 45479.1,
                          "Plan Rows": 116052,
                          "Plan Width": 4,
                          "Actual Startup Time": 0.053,
                          "Actual Total Time": 81.792,
                          "Actual Rows": 79642,
                          "Actual Loops": 7,
                          "Filter": "((kind_id < 7) AND (production_year < 2003))",
                          "Rows Removed by Filter": 281546
                        }
                      ]
                    }
                  ]
                }
              ]
            }
          ]
        }
      ]
    },
    "Planning Time": 0.585,
    "Triggers": [],
    "Execution Time": 1593.023
  }
]