[
    {
        "Bao": {
            "Bao prediction": "NaN",
            "Bao recommended hint": "(no hint)"
        }
    },
    {
        "Plan": {
            "Node Type": "Aggregate",
            "Strategy": "Plain",
            "Partial Mode": "Finalize",
            "Parallel Aware": false,
            "Startup Cost": 78046.53,
            "Total Cost": 78046.54,
            "Plan Rows": 1,
            "Plan Width": 8,
            "Actual Startup Time": 263.405,
            "Actual Total Time": 278.383,
            "Actual Rows": 1,
            "Actual Loops": 1,
            "Output": [
                "count(*)"
            ],
            "Plans": [
                {
                    "Node Type": "Gather",
                    "Parent Relationship": "Outer",
                    "Parallel Aware": false,
                    "Startup Cost": 78046.31,
                    "Total Cost": 78046.52,
                    "Plan Rows": 2,
                    "Plan Width": 8,
                    "Actual Startup Time": 262.759,
                    "Actual Total Time": 278.374,
                    "Actual Rows": 3,
                    "Actual Loops": 1,
                    "Output": [
                        "(PARTIAL count(*))"
                    ],
                    "Workers Planned": 2,
                    "Workers Launched": 2,
                    "Single Copy": false,
                    "Plans": [
                        {
                            "Node Type": "Aggregate",
                            "Strategy": "Plain",
                            "Partial Mode": "Partial",
                            "Parent Relationship": "Outer",
                            "Parallel Aware": false,
                            "Startup Cost": 77046.31,
                            "Total Cost": 77046.32,
                            "Plan Rows": 1,
                            "Plan Width": 8,
                            "Actual Startup Time": 255.184,
                            "Actual Total Time": 255.188,
                            "Actual Rows": 1,
                            "Actual Loops": 3,
                            "Output": [
                                "PARTIAL count(*)"
                            ],
                            "Workers": [
                                {
                                    "Worker Number": 0,
                                    "Actual Startup Time": 251.321,
                                    "Actual Total Time": 251.324,
                                    "Actual Rows": 1,
                                    "Actual Loops": 1
                                },
                                {
                                    "Worker Number": 1,
                                    "Actual Startup Time": 251.746,
                                    "Actual Total Time": 251.749,
                                    "Actual Rows": 1,
                                    "Actual Loops": 1
                                }
                            ],
                            "Plans": [
                                {
                                    "Node Type": "Nested Loop",
                                    "Parent Relationship": "Outer",
                                    "Parallel Aware": false,
                                    "Join Type": "Inner",
                                    "Startup Cost": 44278.16,
                                    "Total Cost": 77030.83,
                                    "Plan Rows": 6195,
                                    "Plan Width": 0,
                                    "Actual Startup Time": 164.494,
                                    "Actual Total Time": 254.774,
                                    "Actual Rows": 6670,
                                    "Actual Loops": 3,
                                    "Inner Unique": false,
                                    "Join Filter": "(t.id = mc.movie_id)",
                                    "Rows Removed by Join Filter": 0,
                                    "Workers": [
                                        {
                                            "Worker Number": 0,
                                            "Actual Startup Time": 160.602,
                                            "Actual Total Time": 250.908,
                                            "Actual Rows": 6101,
                                            "Actual Loops": 1
                                        },
                                        {
                                            "Worker Number": 1,
                                            "Actual Startup Time": 161.104,
                                            "Actual Total Time": 251.372,
                                            "Actual Rows": 5572,
                                            "Actual Loops": 1
                                        }
                                    ],
                                    "Plans": [
                                        {
                                            "Node Type": "Hash Join",
                                            "Parent Relationship": "Outer",
                                            "Parallel Aware": true,
                                            "Join Type": "Inner",
                                            "Startup Cost": 44277.73,
                                            "Total Cost": 59472.29,
                                            "Plan Rows": 27562,
                                            "Plan Width": 8,
                                            "Actual Startup Time": 108.624,
                                            "Actual Total Time": 189.929,
                                            "Actual Rows": 19533,
                                            "Actual Loops": 3,
                                            "Output": [
                                                "t.id",
                                                "mi_idx.movie_id"
                                            ],
                                            "Inner Unique": true,
                                            "Hash Cond": "(mi_idx.movie_id = t.id)",
                                            "Workers": [
                                                {
                                                    "Worker Number": 0,
                                                    "Actual Startup Time": 104.795,
                                                    "Actual Total Time": 181.0,
                                                    "Actual Rows": 17635,
                                                    "Actual Loops": 1
                                                },
                                                {
                                                    "Worker Number": 1,
                                                    "Actual Startup Time": 105.176,
                                                    "Actual Total Time": 183.235,
                                                    "Actual Rows": 16745,
                                                    "Actual Loops": 1
                                                }
                                            ],
                                            "Plans": [
                                                {
                                                    "Node Type": "Seq Scan",
                                                    "Parent Relationship": "Outer",
                                                    "Parallel Aware": true,
                                                    "Relation Name": "movie_info_idx",
                                                    "Schema": "public",
                                                    "Alias": "mi_idx",
                                                    "Startup Cost": 0.0,
                                                    "Total Cost": 13685.15,
                                                    "Plan Rows": 575015,
                                                    "Plan Width": 4,
                                                    "Actual Startup Time": 0.019,
                                                    "Actual Total Time": 33.675,
                                                    "Actual Rows": 460012,
                                                    "Actual Loops": 3,
                                                    "Output": [
                                                        "mi_idx.id",
                                                        "mi_idx.movie_id",
                                                        "mi_idx.info_type_id",
                                                        "mi_idx.info",
                                                        "mi_idx.note"
                                                    ],
                                                    "Workers": [
                                                        {
                                                            "Worker Number": 0,
                                                            "Actual Startup Time": 0.027,
                                                            "Actual Total Time": 32.474,
                                                            "Actual Rows": 412208,
                                                            "Actual Loops": 1
                                                        },
                                                        {
                                                            "Worker Number": 1,
                                                            "Actual Startup Time": 0.023,
                                                            "Actual Total Time": 32.553,
                                                            "Actual Rows": 399709,
                                                            "Actual Loops": 1
                                                        }
                                                    ]
                                                },
                                                {
                                                    "Node Type": "Hash",
                                                    "Parent Relationship": "Inner",
                                                    "Parallel Aware": true,
                                                    "Startup Cost": 43899.01,
                                                    "Total Cost": 43899.01,
                                                    "Plan Rows": 30298,
                                                    "Plan Width": 4,
                                                    "Actual Startup Time": 107.731,
                                                    "Actual Total Time": 107.732,
                                                    "Actual Rows": 40954,
                                                    "Actual Loops": 3,
                                                    "Output": [
                                                        "t.id"
                                                    ],
                                                    "Hash Buckets": 131072,
                                                    "Original Hash Buckets": 131072,
                                                    "Hash Batches": 1,
                                                    "Original Hash Batches": 1,
                                                    "Peak Memory Usage": 5856,
                                                    "Workers": [
                                                        {
                                                            "Worker Number": 0,
                                                            "Actual Startup Time": 104.125,
                                                            "Actual Total Time": 104.125,
                                                            "Actual Rows": 31083,
                                                            "Actual Loops": 1
                                                        },
                                                        {
                                                            "Worker Number": 1,
                                                            "Actual Startup Time": 104.618,
                                                            "Actual Total Time": 104.619,
                                                            "Actual Rows": 31746,
                                                            "Actual Loops": 1
                                                        }
                                                    ],
                                                    "Plans": [
                                                        {
                                                            "Node Type": "Seq Scan",
                                                            "Parent Relationship": "Outer",
                                                            "Parallel Aware": true,
                                                            "Relation Name": "title",
                                                            "Schema": "public",
                                                            "Alias": "t",
                                                            "Startup Cost": 0.0,
                                                            "Total Cost": 43899.01,
                                                            "Plan Rows": 30298,
                                                            "Plan Width": 4,
                                                            "Actual Startup Time": 0.036,
                                                            "Actual Total Time": 94.656,
                                                            "Actual Rows": 40954,
                                                            "Actual Loops": 3,
                                                            "Output": [
                                                                "t.id"
                                                            ],
                                                            "Filter": "(t.production_year = 2008)",
                                                            "Rows Removed by Filter": 801817,
                                                            "Workers": [
                                                                {
                                                                    "Worker Number": 0,
                                                                    "Actual Startup Time": 0.046,
                                                                    "Actual Total Time": 92.327,
                                                                    "Actual Rows": 31083,
                                                                    "Actual Loops": 1
                                                                },
                                                                {
                                                                    "Worker Number": 1,
                                                                    "Actual Startup Time": 0.05,
                                                                    "Actual Total Time": 91.942,
                                                                    "Actual Rows": 31746,
                                                                    "Actual Loops": 1
                                                                }
                                                            ]
                                                        }
                                                    ]
                                                }
                                            ]
                                        },
                                        {
                                            "Node Type": "Index Scan",
                                            "Parent Relationship": "Inner",
                                            "Parallel Aware": false,
                                            "Scan Direction": "Forward",
                                            "Index Name": "movie_id_movie_companies",
                                            "Relation Name": "movie_companies",
                                            "Schema": "public",
                                            "Alias": "mc",
                                            "Startup Cost": 0.43,
                                            "Total Cost": 0.62,
                                            "Plan Rows": 1,
                                            "Plan Width": 4,
                                            "Actual Startup Time": 0.003,
                                            "Actual Total Time": 0.003,
                                            "Actual Rows": 0,
                                            "Actual Loops": 58600,
                                            "Output": [
                                                "mc.id",
                                                "mc.movie_id",
                                                "mc.company_id",
                                                "mc.company_type_id",
                                                "mc.note"
                                            ],
                                            "Index Cond": "(mc.movie_id = mi_idx.movie_id)",
                                            "Rows Removed by Index Recheck": 0,
                                            "Filter": "((mc.company_id > 12860) AND (mc.company_type_id < 2))",
                                            "Rows Removed by Filter": 3,
                                            "Workers": [
                                                {
                                                    "Worker Number": 0,
                                                    "Actual Startup Time": 0.003,
                                                    "Actual Total Time": 0.004,
                                                    "Actual Rows": 0,
                                                    "Actual Loops": 17635
                                                },
                                                {
                                                    "Worker Number": 1,
                                                    "Actual Startup Time": 0.004,
                                                    "Actual Total Time": 0.004,
                                                    "Actual Rows": 0,
                                                    "Actual Loops": 16745
                                                }
                                            ]
                                        }
                                    ]
                                }
                            ]
                        }
                    ]
                }
            ]
        },
        "Planning Time": 175.794,
        "Triggers": [],
        "Execution Time": 278.452
    }
]