[
  {
    "Plan": {
      "Node Type": "Aggregate",
      "Strategy": "Plain",
      "Partial Mode": "Finalize",
      "Parallel Aware": false,
      "Startup Cost": 45031.56,
      "Total Cost": 45031.57,
      "Plan Rows": 1,
      "Plan Width": 8,
      "Actual Startup Time": 143.392,
      "Actual Total Time": 151.136,
      "Actual Rows": 1,
      "Actual Loops": 1,
      "Plans": [
        {
          "Node Type": "Gather",
          "Parent Relationship": "Outer",
          "Parallel Aware": false,
          "Startup Cost": 45031.24,
          "Total Cost": 45031.55,
          "Plan Rows": 3,
          "Plan Width": 8,
          "Actual Startup Time": 143.254,
          "Actual Total Time": 151.127,
          "Actual Rows": 4,
          "Actual Loops": 1,
          "Workers Planned": 3,
          "Workers Launched": 3,
          "Single Copy": false,
          "Plans": [
            {
              "Node Type": "Aggregate",
              "Strategy": "Plain",
              "Partial Mode": "Partial",
              "Parent Relationship": "Outer",
              "Parallel Aware": false,
              "Startup Cost": 44031.24,
              "Total Cost": 44031.25,
              "Plan Rows": 1,
              "Plan Width": 8,
              "Actual Startup Time": 136.804,
              "Actual Total Time": 136.805,
              "Actual Rows": 1,
              "Actual Loops": 4,
              "Plans": [
                {
                  "Node Type": "Seq Scan",
                  "Parent Relationship": "Outer",
                  "Parallel Aware": true,
                  "Relation Name": "movie_keyword",
                  "Alias": "mk",
                  "Startup Cost": 0.0,
                  "Total Cost": 42695.65,
                  "Plan Rows": 534234,
                  "Plan Width": 0,
                  "Actual Startup Time": 1.315,
                  "Actual Total Time": 114.769,
                  "Actual Rows": 414720,
                  "Actual Loops": 4,
                  "Filter": "(keyword_id > 8807)",
                  "Rows Removed by Filter": 716262
                }
              ]
            }
          ]
        }
      ]
    },
    "Planning Time": 0.188,
    "Triggers": [],
    "Execution Time": 151.199
  }
]