[
  {
    "Plan": {
      "Node Type": "Aggregate",
      "Strategy": "Plain",
      "Partial Mode": "Finalize",
      "Parallel Aware": false,
      "Startup Cost": 45173.5,
      "Total Cost": 45173.51,
      "Plan Rows": 1,
      "Plan Width": 8,
      "Actual Startup Time": 135.865,
      "Actual Total Time": 142.575,
      "Actual Rows": 1,
      "Actual Loops": 1,
      "Plans": [
        {
          "Node Type": "Gather",
          "Parent Relationship": "Outer",
          "Parallel Aware": false,
          "Startup Cost": 45173.19,
          "Total Cost": 45173.5,
          "Plan Rows": 3,
          "Plan Width": 8,
          "Actual Startup Time": 135.755,
          "Actual Total Time": 142.565,
          "Actual Rows": 4,
          "Actual Loops": 1,
          "Workers Planned": 3,
          "Workers Launched": 3,
          "Single Copy": false,
          "Plans": [
            {
              "Node Type": "Aggregate",
              "Strategy": "Plain",
              "Partial Mode": "Partial",
              "Parent Relationship": "Outer",
              "Parallel Aware": false,
              "Startup Cost": 44173.19,
              "Total Cost": 44173.2,
              "Plan Rows": 1,
              "Plan Width": 8,
              "Actual Startup Time": 130.877,
              "Actual Total Time": 130.878,
              "Actual Rows": 1,
              "Actual Loops": 4,
              "Plans": [
                {
                  "Node Type": "Seq Scan",
                  "Parent Relationship": "Outer",
                  "Parallel Aware": true,
                  "Relation Name": "movie_keyword",
                  "Alias": "mk",
                  "Startup Cost": 0.0,
                  "Total Cost": 42695.65,
                  "Plan Rows": 591013,
                  "Plan Width": 0,
                  "Actual Startup Time": 0.498,
                  "Actual Total Time": 108.926,
                  "Actual Rows": 455989,
                  "Actual Loops": 4,
                  "Filter": "(keyword_id > 7634)",
                  "Rows Removed by Filter": 674994
                }
              ]
            }
          ]
        }
      ]
    },
    "Planning Time": 0.101,
    "Triggers": [],
    "Execution Time": 142.613
  }
]