[
    {
        "Bao": {
            "Bao prediction": "NaN",
            "Bao recommended hint": "(no hint)"
        }
    },
    {
        "Plan": {
            "Node Type": "Aggregate",
            "Strategy": "Plain",
            "Partial Mode": "Finalize",
            "Parallel Aware": false,
            "Startup Cost": 38319.87,
            "Total Cost": 38319.88,
            "Plan Rows": 1,
            "Plan Width": 8,
            "Actual Startup Time": 105.942,
            "Actual Total Time": 113.216,
            "Actual Rows": 1,
            "Actual Loops": 1,
            "Output": [
                "count(*)"
            ],
            "Plans": [
                {
                    "Node Type": "Gather",
                    "Parent Relationship": "Outer",
                    "Parallel Aware": false,
                    "Startup Cost": 38319.55,
                    "Total Cost": 38319.86,
                    "Plan Rows": 3,
                    "Plan Width": 8,
                    "Actual Startup Time": 105.634,
                    "Actual Total Time": 113.208,
                    "Actual Rows": 4,
                    "Actual Loops": 1,
                    "Output": [
                        "(PARTIAL count(*))"
                    ],
                    "Workers Planned": 3,
                    "Workers Launched": 3,
                    "Single Copy": false,
                    "Plans": [
                        {
                            "Node Type": "Aggregate",
                            "Strategy": "Plain",
                            "Partial Mode": "Partial",
                            "Parent Relationship": "Outer",
                            "Parallel Aware": false,
                            "Startup Cost": 37319.55,
                            "Total Cost": 37319.56,
                            "Plan Rows": 1,
                            "Plan Width": 8,
                            "Actual Startup Time": 97.072,
                            "Actual Total Time": 97.074,
                            "Actual Rows": 1,
                            "Actual Loops": 4,
                            "Output": [
                                "PARTIAL count(*)"
                            ],
                            "Workers": [
                                {
                                    "Worker Number": 0,
                                    "Actual Startup Time": 94.134,
                                    "Actual Total Time": 94.135,
                                    "Actual Rows": 1,
                                    "Actual Loops": 1
                                },
                                {
                                    "Worker Number": 1,
                                    "Actual Startup Time": 94.354,
                                    "Actual Total Time": 94.356,
                                    "Actual Rows": 1,
                                    "Actual Loops": 1
                                },
                                {
                                    "Worker Number": 2,
                                    "Actual Startup Time": 94.634,
                                    "Actual Total Time": 94.635,
                                    "Actual Rows": 1,
                                    "Actual Loops": 1
                                }
                            ],
                            "Plans": [
                                {
                                    "Node Type": "Bitmap Heap Scan",
                                    "Parent Relationship": "Outer",
                                    "Parallel Aware": true,
                                    "Relation Name": "movie_keyword",
                                    "Schema": "public",
                                    "Alias": "mk",
                                    "Startup Cost": 10475.89,
                                    "Total Cost": 36921.28,
                                    "Plan Rows": 159311,
                                    "Plan Width": 0,
                                    "Actual Startup Time": 24.285,
                                    "Actual Total Time": 90.245,
                                    "Actual Rows": 121159,
                                    "Actual Loops": 4,
                                    "Recheck Cond": "(mk.keyword_id > 37006)",
                                    "Rows Removed by Index Recheck": 0,
                                    "Exact Heap Blocks": 10155,
                                    "Lossy Heap Blocks": 0,
                                    "Workers": [
                                        {
                                            "Worker Number": 0,
                                            "Actual Startup Time": 21.498,
                                            "Actual Total Time": 87.959,
                                            "Actual Rows": 92709,
                                            "Actual Loops": 1
                                        },
                                        {
                                            "Worker Number": 1,
                                            "Actual Startup Time": 21.632,
                                            "Actual Total Time": 88.093,
                                            "Actual Rows": 94272,
                                            "Actual Loops": 1
                                        },
                                        {
                                            "Worker Number": 2,
                                            "Actual Startup Time": 21.928,
                                            "Actual Total Time": 88.839,
                                            "Actual Rows": 83171,
                                            "Actual Loops": 1
                                        }
                                    ],
                                    "Plans": [
                                        {
                                            "Node Type": "Bitmap Index Scan",
                                            "Parent Relationship": "Outer",
                                            "Parallel Aware": false,
                                            "Index Name": "keyword_id_movie_keyword",
                                            "Startup Cost": 0.0,
                                            "Total Cost": 10352.42,
                                            "Plan Rows": 493865,
                                            "Plan Width": 0,
                                            "Actual Startup Time": 28.755,
                                            "Actual Total Time": 28.756,
                                            "Actual Rows": 484636,
                                            "Actual Loops": 1,
                                            "Index Cond": "(mk.keyword_id > 37006)"
                                        }
                                    ]
                                }
                            ]
                        }
                    ]
                }
            ]
        },
        "Planning Time": 184.285,
        "Triggers": [],
        "Execution Time": 113.313
    }
]