{
  "Plan": {
    "Node Type": "Aggregate",
    "Strategy": "Plain",
    "Partial Mode": "Finalize",
    "Parallel Aware": false,
    "Startup Cost": 1103970.13,
    "Total Cost": 1103970.14,
    "Plan Rows": 1,
    "Plan Width": 68,
    "Actual Startup Time": 7580.417,
    "Actual Total Time": 7643.638,
    "Actual Rows": 1,
    "Actual Loops": 1,
    "Plans": [
      {
        "Node Type": "Gather",
        "Parent Relationship": "Outer",
        "Parallel Aware": false,
        "Startup Cost": 1103970.01,
        "Total Cost": 1103970.12,
        "Plan Rows": 1,
        "Plan Width": 68,
        "Actual Startup Time": 7577.154,
        "Actual Total Time": 7643.622,
        "Actual Rows": 2,
        "Actual Loops": 1,
        "Workers Planned": 1,
        "Workers Launched": 1,
        "Single Copy": false,
        "Plans": [
          {
            "Node Type": "Aggregate",
            "Strategy": "Plain",
            "Partial Mode": "Partial",
            "Parent Relationship": "Outer",
            "Parallel Aware": false,
            "Startup Cost": 1102970.01,
            "Total Cost": 1102970.02,
            "Plan Rows": 1,
            "Plan Width": 68,
            "Actual Startup Time": 7570.618,
            "Actual Total Time": 7570.623,
            "Actual Rows": 1,
            "Actual Loops": 2,
            "Plans": [
              {
                "Node Type": "Hash Join",
                "Parent Relationship": "Outer",
                "Parallel Aware": true,
                "Join Type": "Inner",
                "Startup Cost": 144398.13,
                "Total Cost": 1094323.46,
                "Plan Rows": 1152873,
                "Plan Width": 37,
                "Actual Startup Time": 400.927,
                "Actual Total Time": 7494.688,
                "Actual Rows": 706020,
                "Actual Loops": 2,
                "Inner Unique": true,
                "Hash Cond": "(ci.movie_id = t.id)",
                "Plans": [
                  {
                    "Node Type": "Merge Join",
                    "Parent Relationship": "Outer",
                    "Parallel Aware": false,
                    "Join Type": "Inner",
                    "Startup Cost": 86598.55,
                    "Total Cost": 1025018.5,
                    "Plan Rows": 4382992,
                    "Plan Width": 20,
                    "Actual Startup Time": 163.777,
                    "Actual Total Time": 6134.392,
                    "Actual Rows": 3234342,
                    "Actual Loops": 2,
                    "Inner Unique": true,
                    "Merge Cond": "(ci.person_role_id = cn.id)",
                    "Plans": [
                      {
                        "Node Type": "Index Scan",
                        "Parent Relationship": "Outer",
                        "Parallel Aware": true,
                        "Scan Direction": "Forward",
                        "Index Name": "person_role_id_cast_info",
                        "Relation Name": "cast_info",
                        "Alias": "ci",
                        "Startup Cost": 0.56,
                        "Total Cost": 1770312.13,
                        "Plan Rows": 4382992,
                        "Plan Width": 8,
                        "Actual Startup Time": 163.736,
                        "Actual Total Time": 4044.434,
                        "Actual Rows": 3234342,
                        "Actual Loops": 2,
                        "Filter": "(role_id = 2)",
                        "Rows Removed by Filter": 6335344
                      },
                      {
                        "Node Type": "Index Scan",
                        "Parent Relationship": "Inner",
                        "Parallel Aware": false,
                        "Scan Direction": "Forward",
                        "Index Name": "char_name_pkey",
                        "Relation Name": "char_name",
                        "Alias": "cn",
                        "Startup Cost": 0.43,
                        "Total Cost": 128767.33,
                        "Plan Rows": 3142183,
                        "Plan Width": 20,
                        "Actual Startup Time": 0.034,
                        "Actual Total Time": 1499.385,
                        "Actual Rows": 3140251,
                        "Actual Loops": 2
                      }
                    ]
                  },
                  {
                    "Node Type": "Hash",
                    "Parent Relationship": "Inner",
                    "Parallel Aware": true,
                    "Startup Cost": 52909.89,
                    "Total Cost": 52909.89,
                    "Plan Rows": 391176,
                    "Plan Width": 25,
                    "Actual Startup Time": 227.646,
                    "Actual Total Time": 227.648,
                    "Actual Rows": 331412,
                    "Actual Loops": 2,
                    "Hash Buckets": 1048576,
                    "Original Hash Buckets": 1048576,
                    "Hash Batches": 1,
                    "Original Hash Batches": 1,
                    "Peak Memory Usage": 48352,
                    "Plans": [
                      {
                        "Node Type": "Bitmap Heap Scan",
                        "Parent Relationship": "Outer",
                        "Parallel Aware": true,
                        "Relation Name": "title",
                        "Alias": "t",
                        "Startup Cost": 12022.18,
                        "Total Cost": 52909.89,
                        "Plan Rows": 391176,
                        "Plan Width": 25,
                        "Actual Startup Time": 31.121,
                        "Actual Total Time": 107.58,
                        "Actual Rows": 331412,
                        "Actual Loops": 2,
                        "Recheck Cond": "(kind_id = 1)",
                        "Rows Removed by Index Recheck": 0,
                        "Exact Heap Blocks": 8570,
                        "Lossy Heap Blocks": 0,
                        "Plans": [
                          {
                            "Node Type": "Bitmap Index Scan",
                            "Parent Relationship": "Outer",
                            "Parallel Aware": false,
                            "Index Name": "kind_id_title",
                            "Startup Cost": 0.0,
                            "Total Cost": 11855.93,
                            "Plan Rows": 665000,
                            "Plan Width": 0,
                            "Actual Startup Time": 29.28,
                            "Actual Total Time": 29.28,
                            "Actual Rows": 662825,
                            "Actual Loops": 1,
                            "Index Cond": "(kind_id = 1)"
                          }
                        ]
                      }
                    ]
                  }
                ]
              }
            ]
          }
        ]
      }
    ]
  },
  "Planning Time": 1.083,
  "Triggers": [],
  "Execution Time": 7643.785
}