{
  "Plan": {
    "Node Type": "Aggregate",
    "Strategy": "Plain",
    "Partial Mode": "Finalize",
    "Parallel Aware": false,
    "Startup Cost": 105178.94,
    "Total Cost": 105178.95,
    "Plan Rows": 1,
    "Plan Width": 8,
    "Actual Startup Time": 662.808,
    "Actual Total Time": 680.491,
    "Actual Rows": 1,
    "Actual Loops": 1,
    "Plans": [
      {
        "Node Type": "Gather",
        "Parent Relationship": "Outer",
        "Parallel Aware": false,
        "Startup Cost": 105178.82,
        "Total Cost": 105178.93,
        "Plan Rows": 1,
        "Plan Width": 8,
        "Actual Startup Time": 659.385,
        "Actual Total Time": 680.484,
        "Actual Rows": 2,
        "Actual Loops": 1,
        "Workers Planned": 1,
        "Workers Launched": 1,
        "Single Copy": false,
        "Plans": [
          {
            "Node Type": "Aggregate",
            "Strategy": "Plain",
            "Partial Mode": "Partial",
            "Parent Relationship": "Outer",
            "Parallel Aware": false,
            "Startup Cost": 104178.82,
            "Total Cost": 104178.83,
            "Plan Rows": 1,
            "Plan Width": 8,
            "Actual Startup Time": 646.891,
            "Actual Total Time": 646.894,
            "Actual Rows": 1,
            "Actual Loops": 2,
            "Plans": [
              {
                "Node Type": "Hash Join",
                "Parent Relationship": "Outer",
                "Parallel Aware": true,
                "Join Type": "Inner",
                "Startup Cost": 76355.65,
                "Total Cost": 103700.93,
                "Plan Rows": 191159,
                "Plan Width": 0,
                "Actual Startup Time": 528.655,
                "Actual Total Time": 639.468,
                "Actual Rows": 170288,
                "Actual Loops": 2,
                "Inner Unique": true,
                "Hash Cond": "(mk.movie_id = t.id)",
                "Plans": [
                  {
                    "Node Type": "Bitmap Heap Scan",
                    "Parent Relationship": "Outer",
                    "Parallel Aware": true,
                    "Relation Name": "movie_keyword",
                    "Alias": "mk",
                    "Startup Cost": 6894.95,
                    "Total Cost": 33738.44,
                    "Plan Rows": 191159,
                    "Plan Width": 4,
                    "Actual Startup Time": 19.604,
                    "Actual Total Time": 72.513,
                    "Actual Rows": 170288,
                    "Actual Loops": 2,
                    "Recheck Cond": "(keyword_id < 283)",
                    "Rows Removed by Index Recheck": 0,
                    "Exact Heap Blocks": 13626,
                    "Lossy Heap Blocks": 0,
                    "Plans": [
                      {
                        "Node Type": "Bitmap Index Scan",
                        "Parent Relationship": "Outer",
                        "Parallel Aware": false,
                        "Index Name": "keyword_id_movie_keyword",
                        "Startup Cost": 0.0,
                        "Total Cost": 6813.71,
                        "Plan Rows": 324970,
                        "Plan Width": 0,
                        "Actual Startup Time": 16.09,
                        "Actual Total Time": 16.09,
                        "Actual Rows": 340576,
                        "Actual Loops": 1,
                        "Index Cond": "(keyword_id < 283)"
                      }
                    ]
                  },
                  {
                    "Node Type": "Hash",
                    "Parent Relationship": "Inner",
                    "Parallel Aware": true,
                    "Startup Cost": 50870.31,
                    "Total Cost": 50870.31,
                    "Plan Rows": 1487231,
                    "Plan Width": 4,
                    "Actual Startup Time": 487.277,
                    "Actual Total Time": 487.277,
                    "Actual Rows": 1264156,
                    "Actual Loops": 2,
                    "Hash Buckets": 4194304,
                    "Original Hash Buckets": 4194304,
                    "Hash Batches": 1,
                    "Original Hash Batches": 1,
                    "Peak Memory Usage": 131712,
                    "Plans": [
                      {
                        "Node Type": "Seq Scan",
                        "Parent Relationship": "Outer",
                        "Parallel Aware": true,
                        "Relation Name": "title",
                        "Alias": "t",
                        "Startup Cost": 0.0,
                        "Total Cost": 50870.31,
                        "Plan Rows": 1487231,
                        "Plan Width": 4,
                        "Actual Startup Time": 0.023,
                        "Actual Total Time": 142.854,
                        "Actual Rows": 1264156,
                        "Actual Loops": 2
                      }
                    ]
                  }
                ]
              }
            ]
          }
        ]
      }
    ]
  },
  "Planning Time": 0.64,
  "Triggers": [],
  "Execution Time": 680.577
}