{
    "Plan": {
        "Node Type": "Aggregate",
        "Strategy": "Plain",
        "Partial Mode": "Finalize",
        "Parallel Aware": false,
        "Startup Cost": 106207.09,
        "Total Cost": 106207.1,
        "Plan Rows": 1,
        "Plan Width": 8,
        "Actual Startup Time": 147.591,
        "Actual Total Time": 157.961,
        "Actual Rows": 1,
        "Actual Loops": 1,
        "Output": [
            "count(*)"
        ],
        "Plans": [
            {
                "Node Type": "Gather",
                "Parent Relationship": "Outer",
                "Parallel Aware": false,
                "Startup Cost": 106206.57,
                "Total Cost": 106207.08,
                "Plan Rows": 5,
                "Plan Width": 8,
                "Actual Startup Time": 147.308,
                "Actual Total Time": 157.954,
                "Actual Rows": 6,
                "Actual Loops": 1,
                "Output": [
                    "(PARTIAL count(*))"
                ],
                "Workers Planned": 5,
                "Workers Launched": 5,
                "Single Copy": false,
                "Plans": [
                    {
                        "Node Type": "Aggregate",
                        "Strategy": "Plain",
                        "Partial Mode": "Partial",
                        "Parent Relationship": "Outer",
                        "Parallel Aware": false,
                        "Startup Cost": 105206.57,
                        "Total Cost": 105206.58,
                        "Plan Rows": 1,
                        "Plan Width": 8,
                        "Actual Startup Time": 136.301,
                        "Actual Total Time": 136.304,
                        "Actual Rows": 1,
                        "Actual Loops": 6,
                        "Output": [
                            "PARTIAL count(*)"
                        ],
                        "Workers": [
                            {
                                "Worker Number": 0,
                                "Actual Startup Time": 133.825,
                                "Actual Total Time": 133.828,
                                "Actual Rows": 1,
                                "Actual Loops": 1
                            },
                            {
                                "Worker Number": 1,
                                "Actual Startup Time": 133.893,
                                "Actual Total Time": 133.895,
                                "Actual Rows": 1,
                                "Actual Loops": 1
                            },
                            {
                                "Worker Number": 2,
                                "Actual Startup Time": 133.972,
                                "Actual Total Time": 133.974,
                                "Actual Rows": 1,
                                "Actual Loops": 1
                            },
                            {
                                "Worker Number": 3,
                                "Actual Startup Time": 134.758,
                                "Actual Total Time": 134.76,
                                "Actual Rows": 1,
                                "Actual Loops": 1
                            },
                            {
                                "Worker Number": 4,
                                "Actual Startup Time": 134.967,
                                "Actual Total Time": 134.969,
                                "Actual Rows": 1,
                                "Actual Loops": 1
                            }
                        ],
                        "Plans": [
                            {
                                "Node Type": "Nested Loop",
                                "Parent Relationship": "Outer",
                                "Parallel Aware": false,
                                "Join Type": "Inner",
                                "Startup Cost": 56837.31,
                                "Total Cost": 105202.54,
                                "Plan Rows": 1611,
                                "Plan Width": 0,
                                "Actual Startup Time": 23.767,
                                "Actual Total Time": 135.638,
                                "Actual Rows": 8845,
                                "Actual Loops": 6,
                                "Inner Unique": true,
                                "Join Filter": "(mi.movie_id = t.id)",
                                "Rows Removed by Join Filter": 0,
                                "Workers": [
                                    {
                                        "Worker Number": 0,
                                        "Actual Startup Time": 24.577,
                                        "Actual Total Time": 133.087,
                                        "Actual Rows": 6453,
                                        "Actual Loops": 1
                                    },
                                    {
                                        "Worker Number": 1,
                                        "Actual Startup Time": 24.501,
                                        "Actual Total Time": 133.267,
                                        "Actual Rows": 8933,
                                        "Actual Loops": 1
                                    },
                                    {
                                        "Worker Number": 2,
                                        "Actual Startup Time": 25.688,
                                        "Actual Total Time": 133.351,
                                        "Actual Rows": 9008,
                                        "Actual Loops": 1
                                    },
                                    {
                                        "Worker Number": 3,
                                        "Actual Startup Time": 23.945,
                                        "Actual Total Time": 134.177,
                                        "Actual Rows": 7985,
                                        "Actual Loops": 1
                                    },
                                    {
                                        "Worker Number": 4,
                                        "Actual Startup Time": 22.945,
                                        "Actual Total Time": 134.385,
                                        "Actual Rows": 8157,
                                        "Actual Loops": 1
                                    }
                                ],
                                "Plans": [
                                    {
                                        "Node Type": "Merge Join",
                                        "Parent Relationship": "Outer",
                                        "Parallel Aware": false,
                                        "Join Type": "Inner",
                                        "Startup Cost": 56836.88,
                                        "Total Cost": 100273.59,
                                        "Plan Rows": 8348,
                                        "Plan Width": 8,
                                        "Actual Startup Time": 23.677,
                                        "Actual Total Time": 104.613,
                                        "Actual Rows": 8845,
                                        "Actual Loops": 6,
                                        "Output": [
                                            "mi.movie_id",
                                            "mi_idx.movie_id"
                                        ],
                                        "Inner Unique": false,
                                        "Merge Cond": "(mi_idx.movie_id = mi.movie_id)",
                                        "Workers": [
                                            {
                                                "Worker Number": 0,
                                                "Actual Startup Time": 24.483,
                                                "Actual Total Time": 102.095,
                                                "Actual Rows": 6453,
                                                "Actual Loops": 1
                                            },
                                            {
                                                "Worker Number": 1,
                                                "Actual Startup Time": 24.409,
                                                "Actual Total Time": 100.578,
                                                "Actual Rows": 8933,
                                                "Actual Loops": 1
                                            },
                                            {
                                                "Worker Number": 2,
                                                "Actual Startup Time": 25.601,
                                                "Actual Total Time": 100.856,
                                                "Actual Rows": 9008,
                                                "Actual Loops": 1
                                            },
                                            {
                                                "Worker Number": 3,
                                                "Actual Startup Time": 23.831,
                                                "Actual Total Time": 101.623,
                                                "Actual Rows": 7985,
                                                "Actual Loops": 1
                                            },
                                            {
                                                "Worker Number": 4,
                                                "Actual Startup Time": 22.833,
                                                "Actual Total Time": 101.83,
                                                "Actual Rows": 8157,
                                                "Actual Loops": 1
                                            }
                                        ],
                                        "Plans": [
                                            {
                                                "Node Type": "Index Only Scan",
                                                "Parent Relationship": "Outer",
                                                "Parallel Aware": true,
                                                "Scan Direction": "Forward",
                                                "Index Name": "movie_id_movie_info_idx",
                                                "Relation Name": "movie_info_idx",
                                                "Schema": "public",
                                                "Alias": "mi_idx",
                                                "Startup Cost": 0.43,
                                                "Total Cost": 42590.53,
                                                "Plan Rows": 276007,
                                                "Plan Width": 4,
                                                "Actual Startup Time": 0.168,
                                                "Actual Total Time": 65.591,
                                                "Actual Rows": 230006,
                                                "Actual Loops": 6,
                                                "Output": [
                                                    "mi_idx.movie_id"
                                                ],
                                                "Heap Fetches": 1380035,
                                                "Workers": [
                                                    {
                                                        "Worker Number": 0,
                                                        "Actual Startup Time": 0.153,
                                                        "Actual Total Time": 61.368,
                                                        "Actual Rows": 153676,
                                                        "Actual Loops": 1
                                                    },
                                                    {
                                                        "Worker Number": 1,
                                                        "Actual Startup Time": 0.321,
                                                        "Actual Total Time": 61.672,
                                                        "Actual Rows": 231787,
                                                        "Actual Loops": 1
                                                    },
                                                    {
                                                        "Worker Number": 2,
                                                        "Actual Startup Time": 0.181,
                                                        "Actual Total Time": 62.082,
                                                        "Actual Rows": 226620,
                                                        "Actual Loops": 1
                                                    },
                                                    {
                                                        "Worker Number": 3,
                                                        "Actual Startup Time": 0.163,
                                                        "Actual Total Time": 63.712,
                                                        "Actual Rows": 220407,
                                                        "Actual Loops": 1
                                                    },
                                                    {
                                                        "Worker Number": 4,
                                                        "Actual Startup Time": 0.14,
                                                        "Actual Total Time": 64.848,
                                                        "Actual Rows": 224033,
                                                        "Actual Loops": 1
                                                    }
                                                ]
                                            },
                                            {
                                                "Node Type": "Sort",
                                                "Parent Relationship": "Inner",
                                                "Parallel Aware": false,
                                                "Startup Cost": 56835.82,
                                                "Total Cost": 56872.71,
                                                "Plan Rows": 14755,
                                                "Plan Width": 4,
                                                "Actual Startup Time": 23.075,
                                                "Actual Total Time": 24.698,
                                                "Actual Rows": 24133,
                                                "Actual Loops": 6,
                                                "Output": [
                                                    "mi.movie_id"
                                                ],
                                                "Sort Key": [
                                                    "mi.movie_id"
                                                ],
                                                "Sort Method": "quicksort",
                                                "Sort Space Used": 1622,
                                                "Sort Space Type": "Memory",
                                                "Workers": [
                                                    {
                                                        "Worker Number": 0,
                                                        "Actual Startup Time": 24.239,
                                                        "Actual Total Time": 26.13,
                                                        "Actual Rows": 22528,
                                                        "Actual Loops": 1
                                                    },
                                                    {
                                                        "Worker Number": 1,
                                                        "Actual Startup Time": 23.991,
                                                        "Actual Total Time": 25.594,
                                                        "Actual Rows": 24178,
                                                        "Actual Loops": 1
                                                    },
                                                    {
                                                        "Worker Number": 2,
                                                        "Actual Startup Time": 24.112,
                                                        "Actual Total Time": 25.708,
                                                        "Actual Rows": 24258,
                                                        "Actual Loops": 1
                                                    },
                                                    {
                                                        "Worker Number": 3,
                                                        "Actual Startup Time": 23.231,
                                                        "Actual Total Time": 24.832,
                                                        "Actual Rows": 23560,
                                                        "Actual Loops": 1
                                                    },
                                                    {
                                                        "Worker Number": 4,
                                                        "Actual Startup Time": 22.283,
                                                        "Actual Total Time": 23.872,
                                                        "Actual Rows": 23650,
                                                        "Actual Loops": 1
                                                    }
                                                ],
                                                "Plans": [
                                                    {
                                                        "Node Type": "Index Scan",
                                                        "Parent Relationship": "Outer",
                                                        "Parallel Aware": false,
                                                        "Scan Direction": "Forward",
                                                        "Index Name": "info_type_id_movie_info",
                                                        "Relation Name": "movie_info",
                                                        "Schema": "public",
                                                        "Alias": "mi",
                                                        "Startup Cost": 0.43,
                                                        "Total Cost": 55814.12,
                                                        "Plan Rows": 14755,
                                                        "Plan Width": 4,
                                                        "Actual Startup Time": 0.241,
                                                        "Actual Total Time": 14.793,
                                                        "Actual Rows": 18205,
                                                        "Actual Loops": 6,
                                                        "Output": [
                                                            "mi.movie_id"
                                                        ],
                                                        "Index Cond": "(mi.info_type_id = 11)",
                                                        "Rows Removed by Index Recheck": 0,
                                                        "Workers": [
                                                            {
                                                                "Worker Number": 0,
                                                                "Actual Startup Time": 0.237,
                                                                "Actual Total Time": 16.001,
                                                                "Actual Rows": 18205,
                                                                "Actual Loops": 1
                                                            },
                                                            {
                                                                "Worker Number": 1,
                                                                "Actual Startup Time": 0.234,
                                                                "Actual Total Time": 15.912,
                                                                "Actual Rows": 18205,
                                                                "Actual Loops": 1
                                                            },
                                                            {
                                                                "Worker Number": 2,
                                                                "Actual Startup Time": 0.296,
                                                                "Actual Total Time": 16.12,
                                                                "Actual Rows": 18205,
                                                                "Actual Loops": 1
                                                            },
                                                            {
                                                                "Worker Number": 3,
                                                                "Actual Startup Time": 0.242,
                                                                "Actual Total Time": 14.377,
                                                                "Actual Rows": 18205,
                                                                "Actual Loops": 1
                                                            },
                                                            {
                                                                "Worker Number": 4,
                                                                "Actual Startup Time": 0.292,
                                                                "Actual Total Time": 14.438,
                                                                "Actual Rows": 18205,
                                                                "Actual Loops": 1
                                                            }
                                                        ]
                                                    }
                                                ]
                                            }
                                        ]
                                    },
                                    {
                                        "Node Type": "Index Only Scan",
                                        "Parent Relationship": "Inner",
                                        "Parallel Aware": false,
                                        "Scan Direction": "Forward",
                                        "Index Name": "title_pkey",
                                        "Relation Name": "title",
                                        "Schema": "public",
                                        "Alias": "t",
                                        "Startup Cost": 0.43,
                                        "Total Cost": 0.58,
                                        "Plan Rows": 1,
                                        "Plan Width": 4,
                                        "Actual Startup Time": 0.003,
                                        "Actual Total Time": 0.003,
                                        "Actual Rows": 1,
                                        "Actual Loops": 53068,
                                        "Output": [
                                            "t.id"
                                        ],
                                        "Index Cond": "(t.id = mi_idx.movie_id)",
                                        "Rows Removed by Index Recheck": 0,
                                        "Heap Fetches": 53068,
                                        "Workers": [
                                            {
                                                "Worker Number": 0,
                                                "Actual Startup Time": 0.004,
                                                "Actual Total Time": 0.004,
                                                "Actual Rows": 1,
                                                "Actual Loops": 6453
                                            },
                                            {
                                                "Worker Number": 1,
                                                "Actual Startup Time": 0.003,
                                                "Actual Total Time": 0.003,
                                                "Actual Rows": 1,
                                                "Actual Loops": 8933
                                            },
                                            {
                                                "Worker Number": 2,
                                                "Actual Startup Time": 0.003,
                                                "Actual Total Time": 0.003,
                                                "Actual Rows": 1,
                                                "Actual Loops": 9008
                                            },
                                            {
                                                "Worker Number": 3,
                                                "Actual Startup Time": 0.004,
                                                "Actual Total Time": 0.004,
                                                "Actual Rows": 1,
                                                "Actual Loops": 7985
                                            },
                                            {
                                                "Worker Number": 4,
                                                "Actual Startup Time": 0.004,
                                                "Actual Total Time": 0.004,
                                                "Actual Rows": 1,
                                                "Actual Loops": 8157
                                            }
                                        ]
                                    }
                                ]
                            }
                        ]
                    }
                ]
            }
        ]
    },
    "Planning Time": 1.445,
    "Triggers": [],
    "Execution Time": 158.056
}