[
    {
        "Bao": {
            "Bao prediction": "NaN",
            "Bao recommended hint": "(no hint)"
        }
    },
    {
        "Plan": {
            "Node Type": "Aggregate",
            "Strategy": "Plain",
            "Partial Mode": "Finalize",
            "Parallel Aware": false,
            "Startup Cost": 46702.14,
            "Total Cost": 46702.15,
            "Plan Rows": 1,
            "Plan Width": 8,
            "Actual Startup Time": 165.259,
            "Actual Total Time": 173.095,
            "Actual Rows": 1,
            "Actual Loops": 1,
            "Output": [
                "count(*)"
            ],
            "Plans": [
                {
                    "Node Type": "Gather",
                    "Parent Relationship": "Outer",
                    "Parallel Aware": false,
                    "Startup Cost": 46701.82,
                    "Total Cost": 46702.13,
                    "Plan Rows": 3,
                    "Plan Width": 8,
                    "Actual Startup Time": 165.177,
                    "Actual Total Time": 173.088,
                    "Actual Rows": 4,
                    "Actual Loops": 1,
                    "Output": [
                        "(PARTIAL count(*))"
                    ],
                    "Workers Planned": 3,
                    "Workers Launched": 3,
                    "Single Copy": false,
                    "Plans": [
                        {
                            "Node Type": "Aggregate",
                            "Strategy": "Plain",
                            "Partial Mode": "Partial",
                            "Parent Relationship": "Outer",
                            "Parallel Aware": false,
                            "Startup Cost": 45701.82,
                            "Total Cost": 45701.83,
                            "Plan Rows": 1,
                            "Plan Width": 8,
                            "Actual Startup Time": 157.174,
                            "Actual Total Time": 157.175,
                            "Actual Rows": 1,
                            "Actual Loops": 4,
                            "Output": [
                                "PARTIAL count(*)"
                            ],
                            "Workers": [
                                {
                                    "Worker Number": 0,
                                    "Actual Startup Time": 154.203,
                                    "Actual Total Time": 154.204,
                                    "Actual Rows": 1,
                                    "Actual Loops": 1
                                },
                                {
                                    "Worker Number": 1,
                                    "Actual Startup Time": 154.444,
                                    "Actual Total Time": 154.445,
                                    "Actual Rows": 1,
                                    "Actual Loops": 1
                                },
                                {
                                    "Worker Number": 2,
                                    "Actual Startup Time": 155.099,
                                    "Actual Total Time": 155.1,
                                    "Actual Rows": 1,
                                    "Actual Loops": 1
                                }
                            ],
                            "Plans": [
                                {
                                    "Node Type": "Seq Scan",
                                    "Parent Relationship": "Outer",
                                    "Parallel Aware": true,
                                    "Relation Name": "movie_keyword",
                                    "Schema": "public",
                                    "Alias": "mk",
                                    "Startup Cost": 0.0,
                                    "Total Cost": 42695.65,
                                    "Plan Rows": 1202467,
                                    "Plan Width": 0,
                                    "Actual Startup Time": 0.046,
                                    "Actual Total Time": 114.103,
                                    "Actual Rows": 935000,
                                    "Actual Loops": 4,
                                    "Output": [
                                        "id",
                                        "movie_id",
                                        "keyword_id"
                                    ],
                                    "Filter": "(mk.keyword_id < 24046)",
                                    "Rows Removed by Filter": 195983,
                                    "Workers": [
                                        {
                                            "Worker Number": 0,
                                            "Actual Startup Time": 0.057,
                                            "Actual Total Time": 112.904,
                                            "Actual Rows": 846732,
                                            "Actual Loops": 1
                                        },
                                        {
                                            "Worker Number": 1,
                                            "Actual Startup Time": 0.059,
                                            "Actual Total Time": 113.524,
                                            "Actual Rows": 857581,
                                            "Actual Loops": 1
                                        },
                                        {
                                            "Worker Number": 2,
                                            "Actual Startup Time": 0.059,
                                            "Actual Total Time": 113.576,
                                            "Actual Rows": 857901,
                                            "Actual Loops": 1
                                        }
                                    ]
                                }
                            ]
                        }
                    ]
                }
            ]
        },
        "Planning Time": 195.542,
        "Triggers": [],
        "Execution Time": 173.137
    }
]