[
  {
    "Plan": {
      "Node Type": "Aggregate",
      "Strategy": "Plain",
      "Partial Mode": "Finalize",
      "Parallel Aware": false,
      "Startup Cost": 454883.04,
      "Total Cost": 454883.05,
      "Plan Rows": 1,
      "Plan Width": 8,
      "Actual Startup Time": 2234.251,
      "Actual Total Time": 2295.764,
      "Actual Rows": 1,
      "Actual Loops": 1,
      "Plans": [
        {
          "Node Type": "Gather",
          "Parent Relationship": "Outer",
          "Parallel Aware": false,
          "Startup Cost": 454882.41,
          "Total Cost": 454883.02,
          "Plan Rows": 6,
          "Plan Width": 8,
          "Actual Startup Time": 2219.477,
          "Actual Total Time": 2295.74,
          "Actual Rows": 7,
          "Actual Loops": 1,
          "Workers Planned": 6,
          "Workers Launched": 6,
          "Single Copy": false,
          "Plans": [
            {
              "Node Type": "Aggregate",
              "Strategy": "Plain",
              "Partial Mode": "Partial",
              "Parent Relationship": "Outer",
              "Parallel Aware": false,
              "Startup Cost": 453882.41,
              "Total Cost": 453882.42,
              "Plan Rows": 1,
              "Plan Width": 8,
              "Actual Startup Time": 2209.581,
              "Actual Total Time": 2209.78,
              "Actual Rows": 1,
              "Actual Loops": 7,
              "Plans": [
                {
                  "Node Type": "Hash Join",
                  "Parent Relationship": "Outer",
                  "Parallel Aware": true,
                  "Join Type": "Inner",
                  "Startup Cost": 92643.48,
                  "Total Cost": 451461.79,
                  "Plan Rows": 968248,
                  "Plan Width": 0,
                  "Actual Startup Time": 536.247,
                  "Actual Total Time": 1997.984,
                  "Actual Rows": 3919142,
                  "Actual Loops": 7,
                  "Inner Unique": false,
                  "Hash Cond": "(ci.movie_id = t.id)",
                  "Plans": [
                    {
                      "Node Type": "Seq Scan",
                      "Parent Relationship": "Outer",
                      "Parallel Aware": true,
                      "Relation Name": "cast_info",
                      "Alias": "ci",
                      "Startup Cost": 0.0,
                      "Total Cost": 343316.27,
                      "Plan Rows": 3300977,
                      "Plan Width": 4,
                      "Actual Startup Time": 181.363,
                      "Actual Total Time": 782.498,
                      "Actual Rows": 2643808,
                      "Actual Loops": 7,
                      "Filter": "((person_id > 1347142) AND (role_id < 10))",
                      "Rows Removed by Filter": 2533956
                    },
                    {
                      "Node Type": "Hash",
                      "Parent Relationship": "Inner",
                      "Parallel Aware": true,
                      "Startup Cost": 89652.99,
                      "Total Cost": 89652.99,
                      "Plan Rows": 239239,
                      "Plan Width": 8,
                      "Actual Startup Time": 352.348,
                      "Actual Total Time": 352.542,
                      "Actual Rows": 163138,
                      "Actual Loops": 7,
                      "Hash Buckets": 2097152,
                      "Original Hash Buckets": 1048576,
                      "Hash Batches": 1,
                      "Original Hash Batches": 1,
                      "Peak Memory Usage": 69376,
                      "Plans": [
                        {
                          "Node Type": "Hash Join",
                          "Parent Relationship": "Outer",
                          "Parallel Aware": true,
                          "Join Type": "Inner",
                          "Startup Cost": 46774.91,
                          "Total Cost": 89652.99,
                          "Plan Rows": 239239,
                          "Plan Width": 8,
                          "Actual Startup Time": 111.407,
                          "Actual Total Time": 267.113,
                          "Actual Rows": 163138,
                          "Actual Loops": 7,
                          "Inner Unique": true,
                          "Hash Cond": "(mk.movie_id = t.id)",
                          "Plans": [
                            {
                              "Node Type": "Seq Scan",
                              "Parent Relationship": "Outer",
                              "Parallel Aware": true,
                              "Relation Name": "movie_keyword",
                              "Alias": "mk",
                              "Startup Cost": 0.0,
                              "Total Cost": 39047.32,
                              "Plan Rows": 1459332,
                              "Plan Width": 4,
                              "Actual Startup Time": 0.037,
                              "Actual Total Time": 67.714,
                              "Actual Rows": 646276,
                              "Actual Loops": 7
                            },
                            {
                              "Node Type": "Hash",
                              "Parent Relationship": "Inner",
                              "Parallel Aware": true,
                              "Startup Cost": 45479.59,
                              "Total Cost": 45479.59,
                              "Plan Rows": 103626,
                              "Plan Width": 4,
                              "Actual Startup Time": 110.604,
                              "Actual Total Time": 110.606,
                              "Actual Rows": 46173,
                              "Actual Loops": 7,
                              "Hash Buckets": 524288,
                              "Original Hash Buckets": 524288,
                              "Hash Batches": 1,
                              "Original Hash Batches": 1,
                              "Peak Memory Usage": 16864,
                              "Plans": [
                                {
                                  "Node Type": "Seq Scan",
                                  "Parent Relationship": "Outer",
                                  "Parallel Aware": true,
                                  "Relation Name": "title",
                                  "Alias": "t",
                                  "Startup Cost": 0.0,
                                  "Total Cost": 45479.59,
                                  "Plan Rows": 103626,
                                  "Plan Width": 4,
                                  "Actual Startup Time": 0.056,
                                  "Actual Total Time": 85.113,
                                  "Actual Rows": 46173,
                                  "Actual Loops": 7,
                                  "Filter": "((kind_id < 3) AND (production_year > 2000))",
                                  "Rows Removed by Filter": 315015
                                }
                              ]
                            }
                          ]
                        }
                      ]
                    }
                  ]
                }
              ]
            }
          ]
        }
      ]
    },
    "Planning Time": 0.48,
    "Triggers": [],
    "Execution Time": 2295.83
  }
]