[
  {
    "Plan": {
      "Node Type": "Aggregate",
      "Strategy": "Plain",
      "Partial Mode": "Finalize",
      "Parallel Aware": false,
      "Startup Cost": 53145.4,
      "Total Cost": 53145.41,
      "Plan Rows": 1,
      "Plan Width": 8,
      "Actual Startup Time": 111.583,
      "Actual Total Time": 126.925,
      "Actual Rows": 1,
      "Actual Loops": 1,
      "Plans": [
        {
          "Node Type": "Gather",
          "Parent Relationship": "Outer",
          "Parallel Aware": false,
          "Startup Cost": 53144.98,
          "Total Cost": 53145.39,
          "Plan Rows": 4,
          "Plan Width": 8,
          "Actual Startup Time": 111.319,
          "Actual Total Time": 126.915,
          "Actual Rows": 5,
          "Actual Loops": 1,
          "Workers Planned": 4,
          "Workers Launched": 4,
          "Single Copy": false,
          "Plans": [
            {
              "Node Type": "Aggregate",
              "Strategy": "Plain",
              "Partial Mode": "Partial",
              "Parent Relationship": "Outer",
              "Parallel Aware": false,
              "Startup Cost": 52144.98,
              "Total Cost": 52144.99,
              "Plan Rows": 1,
              "Plan Width": 8,
              "Actual Startup Time": 100.938,
              "Actual Total Time": 100.94,
              "Actual Rows": 1,
              "Actual Loops": 5,
              "Plans": [
                {
                  "Node Type": "Nested Loop",
                  "Parent Relationship": "Outer",
                  "Parallel Aware": false,
                  "Join Type": "Inner",
                  "Startup Cost": 0.86,
                  "Total Cost": 52144.53,
                  "Plan Rows": 179,
                  "Plan Width": 0,
                  "Actual Startup Time": 13.358,
                  "Actual Total Time": 100.831,
                  "Actual Rows": 1047,
                  "Actual Loops": 5,
                  "Inner Unique": false,
                  "Join Filter": "(t.id = mc.movie_id)",
                  "Rows Removed by Join Filter": 0,
                  "Plans": [
                    {
                      "Node Type": "Nested Loop",
                      "Parent Relationship": "Outer",
                      "Parallel Aware": false,
                      "Join Type": "Inner",
                      "Startup Cost": 0.43,
                      "Total Cost": 52001.18,
                      "Plan Rows": 173,
                      "Plan Width": 8,
                      "Actual Startup Time": 13.213,
                      "Actual Total Time": 94.901,
                      "Actual Rows": 314,
                      "Actual Loops": 5,
                      "Inner Unique": false,
                      "Plans": [
                        {
                          "Node Type": "Seq Scan",
                          "Parent Relationship": "Outer",
                          "Parallel Aware": true,
                          "Relation Name": "title",
                          "Alias": "t",
                          "Startup Cost": 0.0,
                          "Total Cost": 45479.59,
                          "Plan Rows": 962,
                          "Plan Width": 4,
                          "Actual Startup Time": 1.999,
                          "Actual Total Time": 86.273,
                          "Actual Rows": 878,
                          "Actual Loops": 5,
                          "Filter": "((kind_id < 7) AND (production_year = 1962))",
                          "Rows Removed by Filter": 504784
                        },
                        {
                          "Node Type": "Index Scan",
                          "Parent Relationship": "Inner",
                          "Parallel Aware": false,
                          "Scan Direction": "Forward",
                          "Index Name": "movie_id_movie_info_idx",
                          "Relation Name": "movie_info_idx",
                          "Alias": "mi_idx",
                          "Startup Cost": 0.43,
                          "Total Cost": 6.77,
                          "Plan Rows": 1,
                          "Plan Width": 4,
                          "Actual Startup Time": 0.009,
                          "Actual Total Time": 0.009,
                          "Actual Rows": 0,
                          "Actual Loops": 4390,
                          "Index Cond": "(movie_id = t.id)",
                          "Rows Removed by Index Recheck": 0,
                          "Filter": "(info_type_id < 100)",
                          "Rows Removed by Filter": 1
                        }
                      ]
                    },
                    {
                      "Node Type": "Index Only Scan",
                      "Parent Relationship": "Inner",
                      "Parallel Aware": false,
                      "Scan Direction": "Forward",
                      "Index Name": "movie_id_movie_companies",
                      "Relation Name": "movie_companies",
                      "Alias": "mc",
                      "Startup Cost": 0.43,
                      "Total Cost": 0.77,
                      "Plan Rows": 5,
                      "Plan Width": 4,
                      "Actual Startup Time": 0.014,
                      "Actual Total Time": 0.018,
                      "Actual Rows": 3,
                      "Actual Loops": 1569,
                      "Index Cond": "(movie_id = mi_idx.movie_id)",
                      "Rows Removed by Index Recheck": 0,
                      "Heap Fetches": 5233
                    }
                  ]
                }
              ]
            }
          ]
        }
      ]
    },
    "Planning Time": 1.554,
    "Triggers": [],
    "Execution Time": 127.025
  }
]