[
    {
        "Bao": {
            "Bao prediction": 829.614,
            "Bao recommended hint": "(no hint)"
        }
    },
    {
        "Plan": {
            "Node Type": "Aggregate",
            "Strategy": "Plain",
            "Partial Mode": "Finalize",
            "Parallel Aware": false,
            "Startup Cost": 61375.8,
            "Total Cost": 61375.81,
            "Plan Rows": 1,
            "Plan Width": 8,
            "Actual Startup Time": 181.865,
            "Actual Total Time": 190.215,
            "Actual Rows": 1,
            "Actual Loops": 1,
            "Output": [
                "count(*)"
            ],
            "Plans": [
                {
                    "Node Type": "Gather",
                    "Parent Relationship": "Outer",
                    "Parallel Aware": false,
                    "Startup Cost": 61375.49,
                    "Total Cost": 61375.8,
                    "Plan Rows": 3,
                    "Plan Width": 8,
                    "Actual Startup Time": 179.715,
                    "Actual Total Time": 190.208,
                    "Actual Rows": 4,
                    "Actual Loops": 1,
                    "Output": [
                        "(PARTIAL count(*))"
                    ],
                    "Workers Planned": 3,
                    "Workers Launched": 3,
                    "Single Copy": false,
                    "Plans": [
                        {
                            "Node Type": "Aggregate",
                            "Strategy": "Plain",
                            "Partial Mode": "Partial",
                            "Parent Relationship": "Outer",
                            "Parallel Aware": false,
                            "Startup Cost": 60375.49,
                            "Total Cost": 60375.5,
                            "Plan Rows": 1,
                            "Plan Width": 8,
                            "Actual Startup Time": 171.175,
                            "Actual Total Time": 171.179,
                            "Actual Rows": 1,
                            "Actual Loops": 4,
                            "Output": [
                                "PARTIAL count(*)"
                            ],
                            "Workers": [
                                {
                                    "Worker Number": 0,
                                    "Actual Startup Time": 168.336,
                                    "Actual Total Time": 168.34,
                                    "Actual Rows": 1,
                                    "Actual Loops": 1
                                },
                                {
                                    "Worker Number": 1,
                                    "Actual Startup Time": 168.509,
                                    "Actual Total Time": 168.512,
                                    "Actual Rows": 1,
                                    "Actual Loops": 1
                                },
                                {
                                    "Worker Number": 2,
                                    "Actual Startup Time": 168.874,
                                    "Actual Total Time": 168.877,
                                    "Actual Rows": 1,
                                    "Actual Loops": 1
                                }
                            ],
                            "Plans": [
                                {
                                    "Node Type": "Nested Loop",
                                    "Parent Relationship": "Outer",
                                    "Parallel Aware": false,
                                    "Join Type": "Inner",
                                    "Startup Cost": 46489.05,
                                    "Total Cost": 60365.5,
                                    "Plan Rows": 3994,
                                    "Plan Width": 0,
                                    "Actual Startup Time": 140.79,
                                    "Actual Total Time": 170.936,
                                    "Actual Rows": 3335,
                                    "Actual Loops": 4,
                                    "Inner Unique": false,
                                    "Workers": [
                                        {
                                            "Worker Number": 0,
                                            "Actual Startup Time": 138.257,
                                            "Actual Total Time": 168.096,
                                            "Actual Rows": 2970,
                                            "Actual Loops": 1
                                        },
                                        {
                                            "Worker Number": 1,
                                            "Actual Startup Time": 138.249,
                                            "Actual Total Time": 168.239,
                                            "Actual Rows": 3261,
                                            "Actual Loops": 1
                                        },
                                        {
                                            "Worker Number": 2,
                                            "Actual Startup Time": 138.384,
                                            "Actual Total Time": 168.662,
                                            "Actual Rows": 2379,
                                            "Actual Loops": 1
                                        }
                                    ],
                                    "Plans": [
                                        {
                                            "Node Type": "Hash Join",
                                            "Parent Relationship": "Outer",
                                            "Parallel Aware": true,
                                            "Join Type": "Inner",
                                            "Startup Cost": 46488.62,
                                            "Total Cost": 55348.04,
                                            "Plan Rows": 7318,
                                            "Plan Width": 8,
                                            "Actual Startup Time": 140.163,
                                            "Actual Total Time": 163.178,
                                            "Actual Rows": 2484,
                                            "Actual Loops": 4,
                                            "Output": [
                                                "t.id",
                                                "ci.movie_id"
                                            ],
                                            "Inner Unique": true,
                                            "Hash Cond": "(ci.movie_id = t.id)",
                                            "Workers": [
                                                {
                                                    "Worker Number": 0,
                                                    "Actual Startup Time": 137.042,
                                                    "Actual Total Time": 159.793,
                                                    "Actual Rows": 1978,
                                                    "Actual Loops": 1
                                                },
                                                {
                                                    "Worker Number": 1,
                                                    "Actual Startup Time": 138.142,
                                                    "Actual Total Time": 159.46,
                                                    "Actual Rows": 2710,
                                                    "Actual Loops": 1
                                                },
                                                {
                                                    "Worker Number": 2,
                                                    "Actual Startup Time": 137.7,
                                                    "Actual Total Time": 160.384,
                                                    "Actual Rows": 2300,
                                                    "Actual Loops": 1
                                                }
                                            ],
                                            "Plans": [
                                                {
                                                    "Node Type": "Index Scan",
                                                    "Parent Relationship": "Outer",
                                                    "Parallel Aware": true,
                                                    "Scan Direction": "Forward",
                                                    "Index Name": "role_id_cast_info",
                                                    "Relation Name": "cast_info",
                                                    "Schema": "public",
                                                    "Alias": "ci",
                                                    "Startup Cost": 0.56,
                                                    "Total Cost": 8709.54,
                                                    "Plan Rows": 57310,
                                                    "Plan Width": 4,
                                                    "Actual Startup Time": 0.115,
                                                    "Actual Total Time": 15.783,
                                                    "Actual Rows": 19250,
                                                    "Actual Loops": 4,
                                                    "Output": [
                                                        "ci.id",
                                                        "ci.person_id",
                                                        "ci.movie_id",
                                                        "ci.person_role_id",
                                                        "ci.note",
                                                        "ci.nr_order",
                                                        "ci.role_id"
                                                    ],
                                                    "Index Cond": "(ci.role_id > 10)",
                                                    "Rows Removed by Index Recheck": 0,
                                                    "Filter": "(ci.person_id < 2145863)",
                                                    "Rows Removed by Filter": 59780,
                                                    "Workers": [
                                                        {
                                                            "Worker Number": 0,
                                                            "Actual Startup Time": 0.137,
                                                            "Actual Total Time": 15.486,
                                                            "Actual Rows": 15969,
                                                            "Actual Loops": 1
                                                        },
                                                        {
                                                            "Worker Number": 1,
                                                            "Actual Startup Time": 0.127,
                                                            "Actual Total Time": 15.435,
                                                            "Actual Rows": 15585,
                                                            "Actual Loops": 1
                                                        },
                                                        {
                                                            "Worker Number": 2,
                                                            "Actual Startup Time": 0.124,
                                                            "Actual Total Time": 15.911,
                                                            "Actual Rows": 16240,
                                                            "Actual Loops": 1
                                                        }
                                                    ]
                                                },
                                                {
                                                    "Node Type": "Hash",
                                                    "Parent Relationship": "Inner",
                                                    "Parallel Aware": true,
                                                    "Startup Cost": 45479.21,
                                                    "Total Cost": 45479.21,
                                                    "Plan Rows": 80708,
                                                    "Plan Width": 4,
                                                    "Actual Startup Time": 136.333,
                                                    "Actual Total Time": 136.334,
                                                    "Actual Rows": 87384,
                                                    "Actual Loops": 4,
                                                    "Output": [
                                                        "t.id"
                                                    ],
                                                    "Hash Buckets": 524288,
                                                    "Original Hash Buckets": 524288,
                                                    "Hash Batches": 1,
                                                    "Original Hash Batches": 1,
                                                    "Peak Memory Usage": 17856,
                                                    "Workers": [
                                                        {
                                                            "Worker Number": 0,
                                                            "Actual Startup Time": 136.119,
                                                            "Actual Total Time": 136.12,
                                                            "Actual Rows": 69640,
                                                            "Actual Loops": 1
                                                        },
                                                        {
                                                            "Worker Number": 1,
                                                            "Actual Startup Time": 136.555,
                                                            "Actual Total Time": 136.556,
                                                            "Actual Rows": 73849,
                                                            "Actual Loops": 1
                                                        },
                                                        {
                                                            "Worker Number": 2,
                                                            "Actual Startup Time": 136.958,
                                                            "Actual Total Time": 136.958,
                                                            "Actual Rows": 74208,
                                                            "Actual Loops": 1
                                                        }
                                                    ],
                                                    "Plans": [
                                                        {
                                                            "Node Type": "Seq Scan",
                                                            "Parent Relationship": "Outer",
                                                            "Parallel Aware": true,
                                                            "Relation Name": "title",
                                                            "Schema": "public",
                                                            "Alias": "t",
                                                            "Startup Cost": 0.0,
                                                            "Total Cost": 45479.21,
                                                            "Plan Rows": 80708,
                                                            "Plan Width": 4,
                                                            "Actual Startup Time": 0.041,
                                                            "Actual Total Time": 103.573,
                                                            "Actual Rows": 87384,
                                                            "Actual Loops": 4,
                                                            "Output": [
                                                                "t.id"
                                                            ],
                                                            "Filter": "((t.production_year > 2009) AND (t.kind_id = 7))",
                                                            "Rows Removed by Filter": 544694,
                                                            "Workers": [
                                                                {
                                                                    "Worker Number": 0,
                                                                    "Actual Startup Time": 0.054,
                                                                    "Actual Total Time": 103.825,
                                                                    "Actual Rows": 69640,
                                                                    "Actual Loops": 1
                                                                },
                                                                {
                                                                    "Worker Number": 1,
                                                                    "Actual Startup Time": 0.037,
                                                                    "Actual Total Time": 104.917,
                                                                    "Actual Rows": 73849,
                                                                    "Actual Loops": 1
                                                                },
                                                                {
                                                                    "Worker Number": 2,
                                                                    "Actual Startup Time": 0.049,
                                                                    "Actual Total Time": 105.656,
                                                                    "Actual Rows": 74208,
                                                                    "Actual Loops": 1
                                                                }
                                                            ]
                                                        }
                                                    ]
                                                }
                                            ]
                                        },
                                        {
                                            "Node Type": "Index Only Scan",
                                            "Parent Relationship": "Inner",
                                            "Parallel Aware": false,
                                            "Scan Direction": "Forward",
                                            "Index Name": "movie_id_movie_info_idx",
                                            "Relation Name": "movie_info_idx",
                                            "Schema": "public",
                                            "Alias": "mi_idx",
                                            "Startup Cost": 0.43,
                                            "Total Cost": 0.66,
                                            "Plan Rows": 3,
                                            "Plan Width": 4,
                                            "Actual Startup Time": 0.002,
                                            "Actual Total Time": 0.003,
                                            "Actual Rows": 1,
                                            "Actual Loops": 9937,
                                            "Output": [
                                                "mi_idx.movie_id"
                                            ],
                                            "Index Cond": "(mi_idx.movie_id = t.id)",
                                            "Rows Removed by Index Recheck": 0,
                                            "Heap Fetches": 13341,
                                            "Workers": [
                                                {
                                                    "Worker Number": 0,
                                                    "Actual Startup Time": 0.003,
                                                    "Actual Total Time": 0.004,
                                                    "Actual Rows": 2,
                                                    "Actual Loops": 1978
                                                },
                                                {
                                                    "Worker Number": 1,
                                                    "Actual Startup Time": 0.003,
                                                    "Actual Total Time": 0.003,
                                                    "Actual Rows": 1,
                                                    "Actual Loops": 2710
                                                },
                                                {
                                                    "Worker Number": 2,
                                                    "Actual Startup Time": 0.003,
                                                    "Actual Total Time": 0.003,
                                                    "Actual Rows": 1,
                                                    "Actual Loops": 2300
                                                }
                                            ]
                                        }
                                    ]
                                }
                            ]
                        }
                    ]
                }
            ]
        },
        "Planning Time": 785.679,
        "Triggers": [],
        "Execution Time": 190.34
    }
]