[
    {
        "Bao": {
            "Bao prediction": 487.612,
            "Bao recommended hint": "SET enable_mergejoin TO off; SET enable_indexscan TO off; "
        }
    },
    {
        "Plan": {
            "Node Type": "Aggregate",
            "Strategy": "Plain",
            "Partial Mode": "Finalize",
            "Parallel Aware": false,
            "Startup Cost": 349182.89,
            "Total Cost": 349182.9,
            "Plan Rows": 1,
            "Plan Width": 8,
            "Actual Startup Time": 962.008,
            "Actual Total Time": 993.444,
            "Actual Rows": 1,
            "Actual Loops": 1,
            "Output": [
                "count(*)"
            ],
            "Plans": [
                {
                    "Node Type": "Gather",
                    "Parent Relationship": "Outer",
                    "Parallel Aware": false,
                    "Startup Cost": 349182.27,
                    "Total Cost": 349182.88,
                    "Plan Rows": 6,
                    "Plan Width": 8,
                    "Actual Startup Time": 961.919,
                    "Actual Total Time": 993.434,
                    "Actual Rows": 7,
                    "Actual Loops": 1,
                    "Output": [
                        "(PARTIAL count(*))"
                    ],
                    "Workers Planned": 6,
                    "Workers Launched": 6,
                    "Single Copy": false,
                    "Plans": [
                        {
                            "Node Type": "Aggregate",
                            "Strategy": "Plain",
                            "Partial Mode": "Partial",
                            "Parent Relationship": "Outer",
                            "Parallel Aware": false,
                            "Startup Cost": 348182.27,
                            "Total Cost": 348182.28,
                            "Plan Rows": 1,
                            "Plan Width": 8,
                            "Actual Startup Time": 952.43,
                            "Actual Total Time": 952.431,
                            "Actual Rows": 1,
                            "Actual Loops": 7,
                            "Output": [
                                "PARTIAL count(*)"
                            ],
                            "Workers": [
                                {
                                    "Worker Number": 0,
                                    "Actual Startup Time": 950.756,
                                    "Actual Total Time": 950.757,
                                    "Actual Rows": 1,
                                    "Actual Loops": 1
                                },
                                {
                                    "Worker Number": 1,
                                    "Actual Startup Time": 950.876,
                                    "Actual Total Time": 950.877,
                                    "Actual Rows": 1,
                                    "Actual Loops": 1
                                },
                                {
                                    "Worker Number": 2,
                                    "Actual Startup Time": 950.837,
                                    "Actual Total Time": 950.838,
                                    "Actual Rows": 1,
                                    "Actual Loops": 1
                                },
                                {
                                    "Worker Number": 3,
                                    "Actual Startup Time": 950.824,
                                    "Actual Total Time": 950.826,
                                    "Actual Rows": 1,
                                    "Actual Loops": 1
                                },
                                {
                                    "Worker Number": 4,
                                    "Actual Startup Time": 950.847,
                                    "Actual Total Time": 950.848,
                                    "Actual Rows": 1,
                                    "Actual Loops": 1
                                },
                                {
                                    "Worker Number": 5,
                                    "Actual Startup Time": 951.774,
                                    "Actual Total Time": 951.775,
                                    "Actual Rows": 1,
                                    "Actual Loops": 1
                                }
                            ],
                            "Plans": [
                                {
                                    "Node Type": "Seq Scan",
                                    "Parent Relationship": "Outer",
                                    "Parallel Aware": true,
                                    "Relation Name": "cast_info",
                                    "Schema": "public",
                                    "Alias": "ci",
                                    "Startup Cost": 0.0,
                                    "Total Cost": 343318.94,
                                    "Plan Rows": 1945331,
                                    "Plan Width": 0,
                                    "Actual Startup Time": 58.467,
                                    "Actual Total Time": 855.53,
                                    "Actual Rows": 1486577,
                                    "Actual Loops": 7,
                                    "Output": [
                                        "id",
                                        "person_id",
                                        "movie_id",
                                        "person_role_id",
                                        "note",
                                        "nr_order",
                                        "role_id"
                                    ],
                                    "Filter": "((ci.person_id > 305034) AND (ci.role_id < 2))",
                                    "Rows Removed by Filter": 3691187,
                                    "Workers": [
                                        {
                                            "Worker Number": 0,
                                            "Actual Startup Time": 56.798,
                                            "Actual Total Time": 855.252,
                                            "Actual Rows": 1450282,
                                            "Actual Loops": 1
                                        },
                                        {
                                            "Worker Number": 1,
                                            "Actual Startup Time": 56.912,
                                            "Actual Total Time": 855.077,
                                            "Actual Rows": 1456423,
                                            "Actual Loops": 1
                                        },
                                        {
                                            "Worker Number": 2,
                                            "Actual Startup Time": 56.892,
                                            "Actual Total Time": 855.006,
                                            "Actual Rows": 1457339,
                                            "Actual Loops": 1
                                        },
                                        {
                                            "Worker Number": 3,
                                            "Actual Startup Time": 56.867,
                                            "Actual Total Time": 855.723,
                                            "Actual Rows": 1442664,
                                            "Actual Loops": 1
                                        },
                                        {
                                            "Worker Number": 4,
                                            "Actual Startup Time": 56.878,
                                            "Actual Total Time": 856.053,
                                            "Actual Rows": 1439547,
                                            "Actual Loops": 1
                                        },
                                        {
                                            "Worker Number": 5,
                                            "Actual Startup Time": 57.811,
                                            "Actual Total Time": 855.725,
                                            "Actual Rows": 1457829,
                                            "Actual Loops": 1
                                        }
                                    ]
                                }
                            ]
                        }
                    ]
                }
            ]
        },
        "Planning Time": 2078.482,
        "Triggers": [],
        "Execution Time": 993.55
    }
]