[
  {
    "Plan": {
      "Node Type": "Aggregate",
      "Strategy": "Plain",
      "Partial Mode": "Finalize",
      "Parallel Aware": false,
      "Startup Cost": 199631.67,
      "Total Cost": 199631.68,
      "Plan Rows": 1,
      "Plan Width": 8,
      "Actual Startup Time": 231.501,
      "Actual Total Time": 246.178,
      "Actual Rows": 1,
      "Actual Loops": 1,
      "Plans": [
        {
          "Node Type": "Gather",
          "Parent Relationship": "Outer",
          "Parallel Aware": false,
          "Startup Cost": 199631.05,
          "Total Cost": 199631.66,
          "Plan Rows": 6,
          "Plan Width": 8,
          "Actual Startup Time": 231.436,
          "Actual Total Time": 246.166,
          "Actual Rows": 7,
          "Actual Loops": 1,
          "Workers Planned": 6,
          "Workers Launched": 6,
          "Single Copy": false,
          "Plans": [
            {
              "Node Type": "Aggregate",
              "Strategy": "Plain",
              "Partial Mode": "Partial",
              "Parent Relationship": "Outer",
              "Parallel Aware": false,
              "Startup Cost": 198631.05,
              "Total Cost": 198631.06,
              "Plan Rows": 1,
              "Plan Width": 8,
              "Actual Startup Time": 222.368,
              "Actual Total Time": 222.369,
              "Actual Rows": 1,
              "Actual Loops": 7,
              "Plans": [
                {
                  "Node Type": "Index Scan",
                  "Parent Relationship": "Outer",
                  "Parallel Aware": true,
                  "Scan Direction": "Forward",
                  "Index Name": "role_id_cast_info",
                  "Relation Name": "cast_info",
                  "Alias": "ci",
                  "Startup Cost": 0.56,
                  "Total Cost": 197877.72,
                  "Plan Rows": 301330,
                  "Plan Width": 0,
                  "Actual Startup Time": 3.735,
                  "Actual Total Time": 222.339,
                  "Actual Rows": 228,
                  "Actual Loops": 7,
                  "Index Cond": "(role_id = 2)",
                  "Rows Removed by Index Recheck": 0,
                  "Filter": "(person_id < 889443)",
                  "Rows Removed by Filter": 1064339
                }
              ]
            }
          ]
        }
      ]
    },
    "Planning Time": 0.165,
    "Triggers": [],
    "Execution Time": 246.228
  }
]