[
  {
    "Plan": {
      "Node Type": "Aggregate",
      "Strategy": "Plain",
      "Partial Mode": "Simple",
      "Parallel Aware": false,
      "Startup Cost": 28601.83,
      "Total Cost": 28601.84,
      "Plan Rows": 1,
      "Plan Width": 8,
      "Actual Startup Time": 54.679,
      "Actual Total Time": 54.68,
      "Actual Rows": 1,
      "Actual Loops": 1,
      "Plans": [
        {
          "Node Type": "Bitmap Heap Scan",
          "Parent Relationship": "Outer",
          "Parallel Aware": false,
          "Relation Name": "movie_keyword",
          "Alias": "mk",
          "Startup Cost": 2431.3,
          "Total Cost": 28315.74,
          "Plan Rows": 114435,
          "Plan Width": 0,
          "Actual Startup Time": 12.773,
          "Actual Total Time": 49.624,
          "Actual Rows": 114270,
          "Actual Loops": 1,
          "Recheck Cond": "(keyword_id > 79266)",
          "Rows Removed by Index Recheck": 0,
          "Exact Heap Blocks": 18010,
          "Lossy Heap Blocks": 0,
          "Plans": [
            {
              "Node Type": "Bitmap Index Scan",
              "Parent Relationship": "Outer",
              "Parallel Aware": false,
              "Index Name": "keyword_id_movie_keyword",
              "Startup Cost": 0.0,
              "Total Cost": 2402.69,
              "Plan Rows": 114435,
              "Plan Width": 0,
              "Actual Startup Time": 9.407,
              "Actual Total Time": 9.408,
              "Actual Rows": 114270,
              "Actual Loops": 1,
              "Index Cond": "(keyword_id > 79266)"
            }
          ]
        }
      ]
    },
    "Planning Time": 0.169,
    "Triggers": [],
    "Execution Time": 54.739
  }
]