[
    {
        "Bao": {
            "Bao prediction": 1079.984,
            "Bao recommended hint": "(no hint)"
        }
    },
    {
        "Plan": {
            "Node Type": "Aggregate",
            "Strategy": "Plain",
            "Partial Mode": "Finalize",
            "Parallel Aware": false,
            "Startup Cost": 20180.19,
            "Total Cost": 20180.2,
            "Plan Rows": 1,
            "Plan Width": 96,
            "Actual Startup Time": 573.02,
            "Actual Total Time": 588.266,
            "Actual Rows": 1,
            "Actual Loops": 1,
            "Output": [
                "min(cn.name)",
                "min(miidx.info)",
                "min(t.title)"
            ],
            "Plans": [
                {
                    "Node Type": "Gather",
                    "Parent Relationship": "Outer",
                    "Parallel Aware": false,
                    "Startup Cost": 20179.97,
                    "Total Cost": 20180.18,
                    "Plan Rows": 2,
                    "Plan Width": 96,
                    "Actual Startup Time": 572.729,
                    "Actual Total Time": 588.251,
                    "Actual Rows": 3,
                    "Actual Loops": 1,
                    "Output": [
                        "(PARTIAL min(cn.name))",
                        "(PARTIAL min(miidx.info))",
                        "(PARTIAL min(t.title))"
                    ],
                    "Workers Planned": 2,
                    "Workers Launched": 2,
                    "Single Copy": false,
                    "Plans": [
                        {
                            "Node Type": "Aggregate",
                            "Strategy": "Plain",
                            "Partial Mode": "Partial",
                            "Parent Relationship": "Outer",
                            "Parallel Aware": false,
                            "Startup Cost": 19179.97,
                            "Total Cost": 19179.98,
                            "Plan Rows": 1,
                            "Plan Width": 96,
                            "Actual Startup Time": 561.962,
                            "Actual Total Time": 561.971,
                            "Actual Rows": 1,
                            "Actual Loops": 3,
                            "Output": [
                                "PARTIAL min(cn.name)",
                                "PARTIAL min(miidx.info)",
                                "PARTIAL min(t.title)"
                            ],
                            "Workers": [
                                {
                                    "Worker Number": 0,
                                    "Actual Startup Time": 557.588,
                                    "Actual Total Time": 557.595,
                                    "Actual Rows": 1,
                                    "Actual Loops": 1
                                },
                                {
                                    "Worker Number": 1,
                                    "Actual Startup Time": 557.554,
                                    "Actual Total Time": 557.564,
                                    "Actual Rows": 1,
                                    "Actual Loops": 1
                                }
                            ],
                            "Plans": [
                                {
                                    "Node Type": "Hash Join",
                                    "Parent Relationship": "Outer",
                                    "Parallel Aware": false,
                                    "Join Type": "Inner",
                                    "Startup Cost": 8.73,
                                    "Total Cost": 19179.89,
                                    "Plan Rows": 11,
                                    "Plan Width": 41,
                                    "Actual Startup Time": 268.665,
                                    "Actual Total Time": 561.936,
                                    "Actual Rows": 46,
                                    "Actual Loops": 3,
                                    "Output": [
                                        "cn.name",
                                        "miidx.info",
                                        "t.title"
                                    ],
                                    "Inner Unique": true,
                                    "Hash Cond": "(mi.info_type_id = it2.id)",
                                    "Workers": [
                                        {
                                            "Worker Number": 0,
                                            "Actual Startup Time": 251.376,
                                            "Actual Total Time": 557.561,
                                            "Actual Rows": 70,
                                            "Actual Loops": 1
                                        },
                                        {
                                            "Worker Number": 1,
                                            "Actual Startup Time": 234.331,
                                            "Actual Total Time": 557.526,
                                            "Actual Rows": 31,
                                            "Actual Loops": 1
                                        }
                                    ],
                                    "Plans": [
                                        {
                                            "Node Type": "Nested Loop",
                                            "Parent Relationship": "Outer",
                                            "Parallel Aware": false,
                                            "Join Type": "Inner",
                                            "Startup Cost": 6.3,
                                            "Total Cost": 19173.97,
                                            "Plan Rows": 1285,
                                            "Plan Width": 45,
                                            "Actual Startup Time": 268.259,
                                            "Actual Total Time": 561.483,
                                            "Actual Rows": 242,
                                            "Actual Loops": 3,
                                            "Output": [
                                                "cn.name",
                                                "mi.info_type_id",
                                                "miidx.info",
                                                "t.title"
                                            ],
                                            "Inner Unique": false,
                                            "Workers": [
                                                {
                                                    "Worker Number": 0,
                                                    "Actual Startup Time": 250.885,
                                                    "Actual Total Time": 557.004,
                                                    "Actual Rows": 436,
                                                    "Actual Loops": 1
                                                },
                                                {
                                                    "Worker Number": 1,
                                                    "Actual Startup Time": 233.829,
                                                    "Actual Total Time": 557.003,
                                                    "Actual Rows": 135,
                                                    "Actual Loops": 1
                                                }
                                            ],
                                            "Plans": [
                                                {
                                                    "Node Type": "Nested Loop",
                                                    "Parent Relationship": "Outer",
                                                    "Parallel Aware": false,
                                                    "Join Type": "Inner",
                                                    "Startup Cost": 5.87,
                                                    "Total Cost": 19099.69,
                                                    "Plan Rows": 39,
                                                    "Plan Width": 53,
                                                    "Actual Startup Time": 268.175,
                                                    "Actual Total Time": 559.538,
                                                    "Actual Rows": 16,
                                                    "Actual Loops": 3,
                                                    "Output": [
                                                        "cn.name",
                                                        "mc.movie_id",
                                                        "miidx.info",
                                                        "miidx.movie_id",
                                                        "t.title",
                                                        "t.id"
                                                    ],
                                                    "Inner Unique": true,
                                                    "Workers": [
                                                        {
                                                            "Worker Number": 0,
                                                            "Actual Startup Time": 250.815,
                                                            "Actual Total Time": 554.748,
                                                            "Actual Rows": 20,
                                                            "Actual Loops": 1
                                                        },
                                                        {
                                                            "Worker Number": 1,
                                                            "Actual Startup Time": 233.711,
                                                            "Actual Total Time": 555.087,
                                                            "Actual Rows": 12,
                                                            "Actual Loops": 1
                                                        }
                                                    ],
                                                    "Plans": [
                                                        {
                                                            "Node Type": "Hash Join",
                                                            "Parent Relationship": "Outer",
                                                            "Parallel Aware": false,
                                                            "Join Type": "Inner",
                                                            "Startup Cost": 5.45,
                                                            "Total Cost": 18683.62,
                                                            "Plan Rows": 933,
                                                            "Plan Width": 38,
                                                            "Actual Startup Time": 233.07,
                                                            "Actual Total Time": 549.458,
                                                            "Actual Rows": 2845,
                                                            "Actual Loops": 3,
                                                            "Output": [
                                                                "mc.movie_id",
                                                                "mc.company_id",
                                                                "miidx.info",
                                                                "miidx.movie_id",
                                                                "t.title",
                                                                "t.id"
                                                            ],
                                                            "Inner Unique": true,
                                                            "Hash Cond": "(mc.company_type_id = ct.id)",
                                                            "Workers": [
                                                                {
                                                                    "Worker Number": 0,
                                                                    "Actual Startup Time": 228.137,
                                                                    "Actual Total Time": 544.915,
                                                                    "Actual Rows": 3698,
                                                                    "Actual Loops": 1
                                                                },
                                                                {
                                                                    "Worker Number": 1,
                                                                    "Actual Startup Time": 229.138,
                                                                    "Actual Total Time": 544.571,
                                                                    "Actual Rows": 2534,
                                                                    "Actual Loops": 1
                                                                }
                                                            ],
                                                            "Plans": [
                                                                {
                                                                    "Node Type": "Nested Loop",
                                                                    "Parent Relationship": "Outer",
                                                                    "Parallel Aware": false,
                                                                    "Join Type": "Inner",
                                                                    "Startup Cost": 4.39,
                                                                    "Total Cost": 18662.39,
                                                                    "Plan Rows": 3731,
                                                                    "Plan Width": 42,
                                                                    "Actual Startup Time": 232.962,
                                                                    "Actual Total Time": 548.04,
                                                                    "Actual Rows": 5080,
                                                                    "Actual Loops": 3,
                                                                    "Output": [
                                                                        "miidx.info",
                                                                        "miidx.movie_id",
                                                                        "mc.movie_id",
                                                                        "mc.company_id",
                                                                        "mc.company_type_id",
                                                                        "t.title",
                                                                        "t.id"
                                                                    ],
                                                                    "Inner Unique": false,
                                                                    "Workers": [
                                                                        {
                                                                            "Worker Number": 0,
                                                                            "Actual Startup Time": 228.018,
                                                                            "Actual Total Time": 543.555,
                                                                            "Actual Rows": 6599,
                                                                            "Actual Loops": 1
                                                                        },
                                                                        {
                                                                            "Worker Number": 1,
                                                                            "Actual Startup Time": 229.019,
                                                                            "Actual Total Time": 543.034,
                                                                            "Actual Rows": 4508,
                                                                            "Actual Loops": 1
                                                                        }
                                                                    ],
                                                                    "Plans": [
                                                                        {
                                                                            "Node Type": "Hash Join",
                                                                            "Parent Relationship": "Outer",
                                                                            "Parallel Aware": false,
                                                                            "Join Type": "Inner",
                                                                            "Startup Cost": 3.96,
                                                                            "Total Cost": 18217.25,
                                                                            "Plan Rows": 727,
                                                                            "Plan Width": 30,
                                                                            "Actual Startup Time": 232.887,
                                                                            "Actual Total Time": 529.549,
                                                                            "Actual Rows": 1851,
                                                                            "Actual Loops": 3,
                                                                            "Output": [
                                                                                "miidx.info",
                                                                                "miidx.movie_id",
                                                                                "t.title",
                                                                                "t.id"
                                                                            ],
                                                                            "Inner Unique": true,
                                                                            "Hash Cond": "(t.kind_id = kt.id)",
                                                                            "Workers": [
                                                                                {
                                                                                    "Worker Number": 0,
                                                                                    "Actual Startup Time": 227.935,
                                                                                    "Actual Total Time": 524.506,
                                                                                    "Actual Rows": 2399,
                                                                                    "Actual Loops": 1
                                                                                },
                                                                                {
                                                                                    "Worker Number": 1,
                                                                                    "Actual Startup Time": 228.933,
                                                                                    "Actual Total Time": 524.169,
                                                                                    "Actual Rows": 1631,
                                                                                    "Actual Loops": 1
                                                                                }
                                                                            ],
                                                                            "Plans": [
                                                                                {
                                                                                    "Node Type": "Nested Loop",
                                                                                    "Parent Relationship": "Outer",
                                                                                    "Parallel Aware": false,
                                                                                    "Join Type": "Inner",
                                                                                    "Startup Cost": 2.86,
                                                                                    "Total Cost": 18194.71,
                                                                                    "Plan Rows": 5089,
                                                                                    "Plan Width": 34,
                                                                                    "Actual Startup Time": 0.364,
                                                                                    "Actual Total Time": 513.378,
                                                                                    "Actual Rows": 153308,
                                                                                    "Actual Loops": 3,
                                                                                    "Output": [
                                                                                        "miidx.info",
                                                                                        "miidx.movie_id",
                                                                                        "t.title",
                                                                                        "t.id",
                                                                                        "t.kind_id"
                                                                                    ],
                                                                                    "Inner Unique": true,
                                                                                    "Workers": [
                                                                                        {
                                                                                            "Worker Number": 0,
                                                                                            "Actual Startup Time": 0.436,
                                                                                            "Actual Total Time": 509.368,
                                                                                            "Actual Rows": 197407,
                                                                                            "Actual Loops": 1
                                                                                        },
                                                                                        {
                                                                                            "Worker Number": 1,
                                                                                            "Actual Startup Time": 0.414,
                                                                                            "Actual Total Time": 507.469,
                                                                                            "Actual Rows": 129172,
                                                                                            "Actual Loops": 1
                                                                                        }
                                                                                    ],
                                                                                    "Plans": [
                                                                                        {
                                                                                            "Node Type": "Hash Join",
                                                                                            "Parent Relationship": "Outer",
                                                                                            "Parallel Aware": false,
                                                                                            "Join Type": "Inner",
                                                                                            "Startup Cost": 2.43,
                                                                                            "Total Cost": 15253.6,
                                                                                            "Plan Rows": 5089,
                                                                                            "Plan Width": 9,
                                                                                            "Actual Startup Time": 0.16,
                                                                                            "Actual Total Time": 119.922,
                                                                                            "Actual Rows": 153308,
                                                                                            "Actual Loops": 3,
                                                                                            "Output": [
                                                                                                "miidx.info",
                                                                                                "miidx.movie_id"
                                                                                            ],
                                                                                            "Inner Unique": true,
                                                                                            "Hash Cond": "(miidx.info_type_id = it.id)",
                                                                                            "Workers": [
                                                                                                {
                                                                                                    "Worker Number": 0,
                                                                                                    "Actual Startup Time": 0.177,
                                                                                                    "Actual Total Time": 115.812,
                                                                                                    "Actual Rows": 197407,
                                                                                                    "Actual Loops": 1
                                                                                                },
                                                                                                {
                                                                                                    "Worker Number": 1,
                                                                                                    "Actual Startup Time": 0.179,
                                                                                                    "Actual Total Time": 119.86,
                                                                                                    "Actual Rows": 129172,
                                                                                                    "Actual Loops": 1
                                                                                                }
                                                                                            ],
                                                                                            "Plans": [
                                                                                                {
                                                                                                    "Node Type": "Seq Scan",
                                                                                                    "Parent Relationship": "Outer",
                                                                                                    "Parallel Aware": true,
                                                                                                    "Relation Name": "movie_info_idx",
                                                                                                    "Schema": "public",
                                                                                                    "Alias": "miidx",
                                                                                                    "Startup Cost": 0.0,
                                                                                                    "Total Cost": 13685.15,
                                                                                                    "Plan Rows": 575015,
                                                                                                    "Plan Width": 13,
                                                                                                    "Actual Startup Time": 0.043,
                                                                                                    "Actual Total Time": 50.4,
                                                                                                    "Actual Rows": 460012,
                                                                                                    "Actual Loops": 3,
                                                                                                    "Output": [
                                                                                                        "miidx.id",
                                                                                                        "miidx.movie_id",
                                                                                                        "miidx.info_type_id",
                                                                                                        "miidx.info",
                                                                                                        "miidx.note"
                                                                                                    ],
                                                                                                    "Workers": [
                                                                                                        {
                                                                                                            "Worker Number": 0,
                                                                                                            "Actual Startup Time": 0.054,
                                                                                                            "Actual Total Time": 49.914,
                                                                                                            "Actual Rows": 592200,
                                                                                                            "Actual Loops": 1
                                                                                                        },
                                                                                                        {
                                                                                                            "Worker Number": 1,
                                                                                                            "Actual Startup Time": 0.06,
                                                                                                            "Actual Total Time": 50.078,
                                                                                                            "Actual Rows": 387791,
                                                                                                            "Actual Loops": 1
                                                                                                        }
                                                                                                    ]
                                                                                                },
                                                                                                {
                                                                                                    "Node Type": "Hash",
                                                                                                    "Parent Relationship": "Inner",
                                                                                                    "Parallel Aware": false,
                                                                                                    "Startup Cost": 2.41,
                                                                                                    "Total Cost": 2.41,
                                                                                                    "Plan Rows": 1,
                                                                                                    "Plan Width": 4,
                                                                                                    "Actual Startup Time": 0.054,
                                                                                                    "Actual Total Time": 0.055,
                                                                                                    "Actual Rows": 1,
                                                                                                    "Actual Loops": 3,
                                                                                                    "Output": [
                                                                                                        "it.id"
                                                                                                    ],
                                                                                                    "Hash Buckets": 1024,
                                                                                                    "Original Hash Buckets": 1024,
                                                                                                    "Hash Batches": 1,
                                                                                                    "Original Hash Batches": 1,
                                                                                                    "Peak Memory Usage": 9,
                                                                                                    "Workers": [
                                                                                                        {
                                                                                                            "Worker Number": 0,
                                                                                                            "Actual Startup Time": 0.055,
                                                                                                            "Actual Total Time": 0.055,
                                                                                                            "Actual Rows": 1,
                                                                                                            "Actual Loops": 1
                                                                                                        },
                                                                                                        {
                                                                                                            "Worker Number": 1,
                                                                                                            "Actual Startup Time": 0.054,
                                                                                                            "Actual Total Time": 0.055,
                                                                                                            "Actual Rows": 1,
                                                                                                            "Actual Loops": 1
                                                                                                        }
                                                                                                    ],
                                                                                                    "Plans": [
                                                                                                        {
                                                                                                            "Node Type": "Seq Scan",
                                                                                                            "Parent Relationship": "Outer",
                                                                                                            "Parallel Aware": false,
                                                                                                            "Relation Name": "info_type",
                                                                                                            "Schema": "public",
                                                                                                            "Alias": "it",
                                                                                                            "Startup Cost": 0.0,
                                                                                                            "Total Cost": 2.41,
                                                                                                            "Plan Rows": 1,
                                                                                                            "Plan Width": 4,
                                                                                                            "Actual Startup Time": 0.033,
                                                                                                            "Actual Total Time": 0.038,
                                                                                                            "Actual Rows": 1,
                                                                                                            "Actual Loops": 3,
                                                                                                            "Output": [
                                                                                                                "it.id"
                                                                                                            ],
                                                                                                            "Filter": "((it.info)::text = 'rating'::text)",
                                                                                                            "Rows Removed by Filter": 112,
                                                                                                            "Workers": [
                                                                                                                {
                                                                                                                    "Worker Number": 0,
                                                                                                                    "Actual Startup Time": 0.033,
                                                                                                                    "Actual Total Time": 0.038,
                                                                                                                    "Actual Rows": 1,
                                                                                                                    "Actual Loops": 1
                                                                                                                },
                                                                                                                {
                                                                                                                    "Worker Number": 1,
                                                                                                                    "Actual Startup Time": 0.033,
                                                                                                                    "Actual Total Time": 0.038,
                                                                                                                    "Actual Rows": 1,
                                                                                                                    "Actual Loops": 1
                                                                                                                }
                                                                                                            ]
                                                                                                        }
                                                                                                    ]
                                                                                                }
                                                                                            ]
                                                                                        },
                                                                                        {
                                                                                            "Node Type": "Index Scan",
                                                                                            "Parent Relationship": "Inner",
                                                                                            "Parallel Aware": false,
                                                                                            "Scan Direction": "Forward",
                                                                                            "Index Name": "title_pkey",
                                                                                            "Relation Name": "title",
                                                                                            "Schema": "public",
                                                                                            "Alias": "t",
                                                                                            "Startup Cost": 0.43,
                                                                                            "Total Cost": 0.58,
                                                                                            "Plan Rows": 1,
                                                                                            "Plan Width": 25,
                                                                                            "Actual Startup Time": 0.002,
                                                                                            "Actual Total Time": 0.002,
                                                                                            "Actual Rows": 1,
                                                                                            "Actual Loops": 459925,
                                                                                            "Output": [
                                                                                                "t.id",
                                                                                                "t.title",
                                                                                                "t.imdb_index",
                                                                                                "t.kind_id",
                                                                                                "t.production_year",
                                                                                                "t.imdb_id",
                                                                                                "t.phonetic_code",
                                                                                                "t.episode_of_id",
                                                                                                "t.season_nr",
                                                                                                "t.episode_nr",
                                                                                                "t.series_years",
                                                                                                "t.md5sum"
                                                                                            ],
                                                                                            "Index Cond": "(t.id = miidx.movie_id)",
                                                                                            "Rows Removed by Index Recheck": 0,
                                                                                            "Workers": [
                                                                                                {
                                                                                                    "Worker Number": 0,
                                                                                                    "Actual Startup Time": 0.002,
                                                                                                    "Actual Total Time": 0.002,
                                                                                                    "Actual Rows": 1,
                                                                                                    "Actual Loops": 197407
                                                                                                },
                                                                                                {
                                                                                                    "Worker Number": 1,
                                                                                                    "Actual Startup Time": 0.003,
                                                                                                    "Actual Total Time": 0.003,
                                                                                                    "Actual Rows": 1,
                                                                                                    "Actual Loops": 129172
                                                                                                }
                                                                                            ]
                                                                                        }
                                                                                    ]
                                                                                },
                                                                                {
                                                                                    "Node Type": "Hash",
                                                                                    "Parent Relationship": "Inner",
                                                                                    "Parallel Aware": false,
                                                                                    "Startup Cost": 1.09,
                                                                                    "Total Cost": 1.09,
                                                                                    "Plan Rows": 1,
                                                                                    "Plan Width": 4,
                                                                                    "Actual Startup Time": 0.052,
                                                                                    "Actual Total Time": 0.053,
                                                                                    "Actual Rows": 1,
                                                                                    "Actual Loops": 3,
                                                                                    "Output": [
                                                                                        "kt.id"
                                                                                    ],
                                                                                    "Hash Buckets": 1024,
                                                                                    "Original Hash Buckets": 1024,
                                                                                    "Hash Batches": 1,
                                                                                    "Original Hash Batches": 1,
                                                                                    "Peak Memory Usage": 9,
                                                                                    "Workers": [
                                                                                        {
                                                                                            "Worker Number": 0,
                                                                                            "Actual Startup Time": 0.061,
                                                                                            "Actual Total Time": 0.062,
                                                                                            "Actual Rows": 1,
                                                                                            "Actual Loops": 1
                                                                                        },
                                                                                        {
                                                                                            "Worker Number": 1,
                                                                                            "Actual Startup Time": 0.06,
                                                                                            "Actual Total Time": 0.06,
                                                                                            "Actual Rows": 1,
                                                                                            "Actual Loops": 1
                                                                                        }
                                                                                    ],
                                                                                    "Plans": [
                                                                                        {
                                                                                            "Node Type": "Seq Scan",
                                                                                            "Parent Relationship": "Outer",
                                                                                            "Parallel Aware": false,
                                                                                            "Relation Name": "kind_type",
                                                                                            "Schema": "public",
                                                                                            "Alias": "kt",
                                                                                            "Startup Cost": 0.0,
                                                                                            "Total Cost": 1.09,
                                                                                            "Plan Rows": 1,
                                                                                            "Plan Width": 4,
                                                                                            "Actual Startup Time": 0.038,
                                                                                            "Actual Total Time": 0.041,
                                                                                            "Actual Rows": 1,
                                                                                            "Actual Loops": 3,
                                                                                            "Output": [
                                                                                                "kt.id"
                                                                                            ],
                                                                                            "Filter": "((kt.kind)::text = 'video game'::text)",
                                                                                            "Rows Removed by Filter": 6,
                                                                                            "Workers": [
                                                                                                {
                                                                                                    "Worker Number": 0,
                                                                                                    "Actual Startup Time": 0.047,
                                                                                                    "Actual Total Time": 0.049,
                                                                                                    "Actual Rows": 1,
                                                                                                    "Actual Loops": 1
                                                                                                },
                                                                                                {
                                                                                                    "Worker Number": 1,
                                                                                                    "Actual Startup Time": 0.046,
                                                                                                    "Actual Total Time": 0.048,
                                                                                                    "Actual Rows": 1,
                                                                                                    "Actual Loops": 1
                                                                                                }
                                                                                            ]
                                                                                        }
                                                                                    ]
                                                                                }
                                                                            ]
                                                                        },
                                                                        {
                                                                            "Node Type": "Index Scan",
                                                                            "Parent Relationship": "Inner",
                                                                            "Parallel Aware": false,
                                                                            "Scan Direction": "Forward",
                                                                            "Index Name": "movie_id_movie_companies",
                                                                            "Relation Name": "movie_companies",
                                                                            "Schema": "public",
                                                                            "Alias": "mc",
                                                                            "Startup Cost": 0.43,
                                                                            "Total Cost": 0.56,
                                                                            "Plan Rows": 5,
                                                                            "Plan Width": 12,
                                                                            "Actual Startup Time": 0.007,
                                                                            "Actual Total Time": 0.009,
                                                                            "Actual Rows": 3,
                                                                            "Actual Loops": 5554,
                                                                            "Output": [
                                                                                "mc.id",
                                                                                "mc.movie_id",
                                                                                "mc.company_id",
                                                                                "mc.company_type_id",
                                                                                "mc.note"
                                                                            ],
                                                                            "Index Cond": "(mc.movie_id = t.id)",
                                                                            "Rows Removed by Index Recheck": 0,
                                                                            "Workers": [
                                                                                {
                                                                                    "Worker Number": 0,
                                                                                    "Actual Startup Time": 0.006,
                                                                                    "Actual Total Time": 0.007,
                                                                                    "Actual Rows": 3,
                                                                                    "Actual Loops": 2399
                                                                                },
                                                                                {
                                                                                    "Worker Number": 1,
                                                                                    "Actual Startup Time": 0.008,
                                                                                    "Actual Total Time": 0.011,
                                                                                    "Actual Rows": 3,
                                                                                    "Actual Loops": 1631
                                                                                }
                                                                            ]
                                                                        }
                                                                    ]
                                                                },
                                                                {
                                                                    "Node Type": "Hash",
                                                                    "Parent Relationship": "Inner",
                                                                    "Parallel Aware": false,
                                                                    "Startup Cost": 1.05,
                                                                    "Total Cost": 1.05,
                                                                    "Plan Rows": 1,
                                                                    "Plan Width": 4,
                                                                    "Actual Startup Time": 0.047,
                                                                    "Actual Total Time": 0.047,
                                                                    "Actual Rows": 1,
                                                                    "Actual Loops": 3,
                                                                    "Output": [
                                                                        "ct.id"
                                                                    ],
                                                                    "Hash Buckets": 1024,
                                                                    "Original Hash Buckets": 1024,
                                                                    "Hash Batches": 1,
                                                                    "Original Hash Batches": 1,
                                                                    "Peak Memory Usage": 9,
                                                                    "Workers": [
                                                                        {
                                                                            "Worker Number": 0,
                                                                            "Actual Startup Time": 0.056,
                                                                            "Actual Total Time": 0.056,
                                                                            "Actual Rows": 1,
                                                                            "Actual Loops": 1
                                                                        },
                                                                        {
                                                                            "Worker Number": 1,
                                                                            "Actual Startup Time": 0.056,
                                                                            "Actual Total Time": 0.057,
                                                                            "Actual Rows": 1,
                                                                            "Actual Loops": 1
                                                                        }
                                                                    ],
                                                                    "Plans": [
                                                                        {
                                                                            "Node Type": "Seq Scan",
                                                                            "Parent Relationship": "Outer",
                                                                            "Parallel Aware": false,
                                                                            "Relation Name": "company_type",
                                                                            "Schema": "public",
                                                                            "Alias": "ct",
                                                                            "Startup Cost": 0.0,
                                                                            "Total Cost": 1.05,
                                                                            "Plan Rows": 1,
                                                                            "Plan Width": 4,
                                                                            "Actual Startup Time": 0.03,
                                                                            "Actual Total Time": 0.033,
                                                                            "Actual Rows": 1,
                                                                            "Actual Loops": 3,
                                                                            "Output": [
                                                                                "ct.id"
                                                                            ],
                                                                            "Filter": "((ct.kind)::text = 'distributors'::text)",
                                                                            "Rows Removed by Filter": 3,
                                                                            "Workers": [
                                                                                {
                                                                                    "Worker Number": 0,
                                                                                    "Actual Startup Time": 0.038,
                                                                                    "Actual Total Time": 0.041,
                                                                                    "Actual Rows": 1,
                                                                                    "Actual Loops": 1
                                                                                },
                                                                                {
                                                                                    "Worker Number": 1,
                                                                                    "Actual Startup Time": 0.038,
                                                                                    "Actual Total Time": 0.041,
                                                                                    "Actual Rows": 1,
                                                                                    "Actual Loops": 1
                                                                                }
                                                                            ]
                                                                        }
                                                                    ]
                                                                }
                                                            ]
                                                        },
                                                        {
                                                            "Node Type": "Index Scan",
                                                            "Parent Relationship": "Inner",
                                                            "Parallel Aware": false,
                                                            "Scan Direction": "Forward",
                                                            "Index Name": "company_name_pkey",
                                                            "Relation Name": "company_name",
                                                            "Schema": "public",
                                                            "Alias": "cn",
                                                            "Startup Cost": 0.42,
                                                            "Total Cost": 0.45,
                                                            "Plan Rows": 1,
                                                            "Plan Width": 23,
                                                            "Actual Startup Time": 0.003,
                                                            "Actual Total Time": 0.003,
                                                            "Actual Rows": 0,
                                                            "Actual Loops": 8534,
                                                            "Output": [
                                                                "cn.id",
                                                                "cn.name",
                                                                "cn.country_code",
                                                                "cn.imdb_id",
                                                                "cn.name_pcode_nf",
                                                                "cn.name_pcode_sf",
                                                                "cn.md5sum"
                                                            ],
                                                            "Index Cond": "(cn.id = mc.company_id)",
                                                            "Rows Removed by Index Recheck": 0,
                                                            "Filter": "((cn.country_code)::text = '[ca]'::text)",
                                                            "Rows Removed by Filter": 1,
                                                            "Workers": [
                                                                {
                                                                    "Worker Number": 0,
                                                                    "Actual Startup Time": 0.002,
                                                                    "Actual Total Time": 0.002,
                                                                    "Actual Rows": 0,
                                                                    "Actual Loops": 3698
                                                                },
                                                                {
                                                                    "Worker Number": 1,
                                                                    "Actual Startup Time": 0.004,
                                                                    "Actual Total Time": 0.004,
                                                                    "Actual Rows": 0,
                                                                    "Actual Loops": 2534
                                                                }
                                                            ]
                                                        }
                                                    ]
                                                },
                                                {
                                                    "Node Type": "Index Scan",
                                                    "Parent Relationship": "Inner",
                                                    "Parallel Aware": false,
                                                    "Scan Direction": "Forward",
                                                    "Index Name": "movie_id_movie_info",
                                                    "Relation Name": "movie_info",
                                                    "Schema": "public",
                                                    "Alias": "mi",
                                                    "Startup Cost": 0.43,
                                                    "Total Cost": 1.49,
                                                    "Plan Rows": 41,
                                                    "Plan Width": 8,
                                                    "Actual Startup Time": 0.04,
                                                    "Actual Total Time": 0.117,
                                                    "Actual Rows": 15,
                                                    "Actual Loops": 48,
                                                    "Output": [
                                                        "mi.id",
                                                        "mi.movie_id",
                                                        "mi.info_type_id",
                                                        "mi.info",
                                                        "mi.note"
                                                    ],
                                                    "Index Cond": "(mi.movie_id = t.id)",
                                                    "Rows Removed by Index Recheck": 0,
                                                    "Workers": [
                                                        {
                                                            "Worker Number": 0,
                                                            "Actual Startup Time": 0.03,
                                                            "Actual Total Time": 0.109,
                                                            "Actual Rows": 22,
                                                            "Actual Loops": 20
                                                        },
                                                        {
                                                            "Worker Number": 1,
                                                            "Actual Startup Time": 0.061,
                                                            "Actual Total Time": 0.155,
                                                            "Actual Rows": 11,
                                                            "Actual Loops": 12
                                                        }
                                                    ]
                                                }
                                            ]
                                        },
                                        {
                                            "Node Type": "Hash",
                                            "Parent Relationship": "Inner",
                                            "Parallel Aware": false,
                                            "Startup Cost": 2.41,
                                            "Total Cost": 2.41,
                                            "Plan Rows": 1,
                                            "Plan Width": 4,
                                            "Actual Startup Time": 0.098,
                                            "Actual Total Time": 0.098,
                                            "Actual Rows": 1,
                                            "Actual Loops": 3,
                                            "Output": [
                                                "it2.id"
                                            ],
                                            "Hash Buckets": 1024,
                                            "Original Hash Buckets": 1024,
                                            "Hash Batches": 1,
                                            "Original Hash Batches": 1,
                                            "Peak Memory Usage": 9,
                                            "Workers": [
                                                {
                                                    "Worker Number": 0,
                                                    "Actual Startup Time": 0.112,
                                                    "Actual Total Time": 0.113,
                                                    "Actual Rows": 1,
                                                    "Actual Loops": 1
                                                },
                                                {
                                                    "Worker Number": 1,
                                                    "Actual Startup Time": 0.11,
                                                    "Actual Total Time": 0.11,
                                                    "Actual Rows": 1,
                                                    "Actual Loops": 1
                                                }
                                            ],
                                            "Plans": [
                                                {
                                                    "Node Type": "Seq Scan",
                                                    "Parent Relationship": "Outer",
                                                    "Parallel Aware": false,
                                                    "Relation Name": "info_type",
                                                    "Schema": "public",
                                                    "Alias": "it2",
                                                    "Startup Cost": 0.0,
                                                    "Total Cost": 2.41,
                                                    "Plan Rows": 1,
                                                    "Plan Width": 4,
                                                    "Actual Startup Time": 0.057,
                                                    "Actual Total Time": 0.077,
                                                    "Actual Rows": 1,
                                                    "Actual Loops": 3,
                                                    "Output": [
                                                        "it2.id"
                                                    ],
                                                    "Filter": "((it2.info)::text = 'release dates'::text)",
                                                    "Rows Removed by Filter": 112,
                                                    "Workers": [
                                                        {
                                                            "Worker Number": 0,
                                                            "Actual Startup Time": 0.07,
                                                            "Actual Total Time": 0.09,
                                                            "Actual Rows": 1,
                                                            "Actual Loops": 1
                                                        },
                                                        {
                                                            "Worker Number": 1,
                                                            "Actual Startup Time": 0.069,
                                                            "Actual Total Time": 0.088,
                                                            "Actual Rows": 1,
                                                            "Actual Loops": 1
                                                        }
                                                    ]
                                                }
                                            ]
                                        }
                                    ]
                                }
                            ]
                        }
                    ]
                }
            ]
        },
        "Planning Time": 830.478,
        "Triggers": [],
        "Execution Time": 589.284
    }
]