[
  {
    "Plan": {
      "Node Type": "Aggregate",
      "Strategy": "Plain",
      "Partial Mode": "Finalize",
      "Parallel Aware": false,
      "Startup Cost": 505600.61,
      "Total Cost": 505600.62,
      "Plan Rows": 1,
      "Plan Width": 8,
      "Actual Startup Time": 728.052,
      "Actual Total Time": 755.55,
      "Actual Rows": 1,
      "Actual Loops": 1,
      "Plans": [
        {
          "Node Type": "Gather",
          "Parent Relationship": "Outer",
          "Parallel Aware": false,
          "Startup Cost": 505599.98,
          "Total Cost": 505600.59,
          "Plan Rows": 6,
          "Plan Width": 8,
          "Actual Startup Time": 722.691,
          "Actual Total Time": 755.537,
          "Actual Rows": 7,
          "Actual Loops": 1,
          "Workers Planned": 6,
          "Workers Launched": 6,
          "Single Copy": false,
          "Plans": [
            {
              "Node Type": "Aggregate",
              "Strategy": "Plain",
              "Partial Mode": "Partial",
              "Parent Relationship": "Outer",
              "Parallel Aware": false,
              "Startup Cost": 504599.98,
              "Total Cost": 504599.99,
              "Plan Rows": 1,
              "Plan Width": 8,
              "Actual Startup Time": 706.428,
              "Actual Total Time": 706.432,
              "Actual Rows": 1,
              "Actual Loops": 7,
              "Plans": [
                {
                  "Node Type": "Nested Loop",
                  "Parent Relationship": "Outer",
                  "Parallel Aware": false,
                  "Join Type": "Inner",
                  "Startup Cost": 67084.3,
                  "Total Cost": 503367.48,
                  "Plan Rows": 493002,
                  "Plan Width": 0,
                  "Actual Startup Time": 232.733,
                  "Actual Total Time": 691.304,
                  "Actual Rows": 277337,
                  "Actual Loops": 7,
                  "Inner Unique": false,
                  "Plans": [
                    {
                      "Node Type": "Hash Join",
                      "Parent Relationship": "Outer",
                      "Parallel Aware": true,
                      "Join Type": "Inner",
                      "Startup Cost": 67083.86,
                      "Total Cost": 321868.74,
                      "Plan Rows": 84313,
                      "Plan Width": 8,
                      "Actual Startup Time": 232.536,
                      "Actual Total Time": 320.89,
                      "Actual Rows": 65554,
                      "Actual Loops": 7,
                      "Inner Unique": true,
                      "Hash Cond": "(ci.movie_id = t.id)",
                      "Plans": [
                        {
                          "Node Type": "Bitmap Heap Scan",
                          "Parent Relationship": "Outer",
                          "Parallel Aware": true,
                          "Relation Name": "cast_info",
                          "Alias": "ci",
                          "Startup Cost": 18382.25,
                          "Total Cost": 272803.03,
                          "Plan Rows": 138703,
                          "Plan Width": 4,
                          "Actual Startup Time": 35.353,
                          "Actual Total Time": 53.748,
                          "Actual Rows": 115783,
                          "Actual Loops": 7,
                          "Recheck Cond": "(person_id < 85411)",
                          "Rows Removed by Index Recheck": 0,
                          "Exact Heap Blocks": 1143,
                          "Lossy Heap Blocks": 0,
                          "Plans": [
                            {
                              "Node Type": "Bitmap Index Scan",
                              "Parent Relationship": "Outer",
                              "Parallel Aware": false,
                              "Index Name": "person_id_cast_info",
                              "Startup Cost": 0.0,
                              "Total Cost": 18174.19,
                              "Plan Rows": 832217,
                              "Plan Width": 0,
                              "Actual Startup Time": 33.962,
                              "Actual Total Time": 33.963,
                              "Actual Rows": 810478,
                              "Actual Loops": 1,
                              "Index Cond": "(person_id < 85411)"
                            }
                          ]
                        },
                        {
                          "Node Type": "Hash",
                          "Parent Relationship": "Inner",
                          "Parallel Aware": true,
                          "Startup Cost": 43898.92,
                          "Total Cost": 43898.92,
                          "Plan Rows": 384216,
                          "Plan Width": 4,
                          "Actual Startup Time": 192.394,
                          "Actual Total Time": 192.395,
                          "Actual Rows": 220466,
                          "Actual Loops": 7,
                          "Hash Buckets": 2097152,
                          "Original Hash Buckets": 2097152,
                          "Hash Batches": 1,
                          "Original Hash Batches": 1,
                          "Peak Memory Usage": 76864,
                          "Plans": [
                            {
                              "Node Type": "Seq Scan",
                              "Parent Relationship": "Outer",
                              "Parallel Aware": true,
                              "Relation Name": "title",
                              "Alias": "t",
                              "Startup Cost": 0.0,
                              "Total Cost": 43898.92,
                              "Plan Rows": 384216,
                              "Plan Width": 4,
                              "Actual Startup Time": 0.046,
                              "Actual Total Time": 79.632,
                              "Actual Rows": 220466,
                              "Actual Loops": 7,
                              "Filter": "(kind_id = 7)",
                              "Rows Removed by Filter": 140721
                            }
                          ]
                        }
                      ]
                    },
                    {
                      "Node Type": "Index Only Scan",
                      "Parent Relationship": "Inner",
                      "Parallel Aware": false,
                      "Scan Direction": "Forward",
                      "Index Name": "movie_id_movie_info",
                      "Relation Name": "movie_info",
                      "Alias": "mi",
                      "Startup Cost": 0.43,
                      "Total Cost": 1.73,
                      "Plan Rows": 42,
                      "Plan Width": 4,
                      "Actual Startup Time": 0.003,
                      "Actual Total Time": 0.005,
                      "Actual Rows": 4,
                      "Actual Loops": 458879,
                      "Index Cond": "(movie_id = t.id)",
                      "Rows Removed by Index Recheck": 0,
                      "Heap Fetches": 1941360
                    }
                  ]
                }
              ]
            }
          ]
        }
      ]
    },
    "Planning Time": 1.516,
    "Triggers": [],
    "Execution Time": 755.681
  }
]