[
  {
    "Plan": {
      "Node Type": "Aggregate",
      "Strategy": "Plain",
      "Partial Mode": "Finalize",
      "Parallel Aware": false,
      "Startup Cost": 62229.62,
      "Total Cost": 62229.63,
      "Plan Rows": 1,
      "Plan Width": 8,
      "Actual Startup Time": 188.812,
      "Actual Total Time": 200.985,
      "Actual Rows": 1,
      "Actual Loops": 1,
      "Plans": [
        {
          "Node Type": "Gather",
          "Parent Relationship": "Outer",
          "Parallel Aware": false,
          "Startup Cost": 62229.41,
          "Total Cost": 62229.62,
          "Plan Rows": 2,
          "Plan Width": 8,
          "Actual Startup Time": 188.233,
          "Actual Total Time": 200.977,
          "Actual Rows": 3,
          "Actual Loops": 1,
          "Workers Planned": 2,
          "Workers Launched": 2,
          "Single Copy": false,
          "Plans": [
            {
              "Node Type": "Aggregate",
              "Strategy": "Plain",
              "Partial Mode": "Partial",
              "Parent Relationship": "Outer",
              "Parallel Aware": false,
              "Startup Cost": 61229.41,
              "Total Cost": 61229.42,
              "Plan Rows": 1,
              "Plan Width": 8,
              "Actual Startup Time": 180.53,
              "Actual Total Time": 180.533,
              "Actual Rows": 1,
              "Actual Loops": 3,
              "Plans": [
                {
                  "Node Type": "Hash Join",
                  "Parent Relationship": "Outer",
                  "Parallel Aware": true,
                  "Join Type": "Inner",
                  "Startup Cost": 45591.85,
                  "Total Cost": 61222.5,
                  "Plan Rows": 2762,
                  "Plan Width": 0,
                  "Actual Startup Time": 146.311,
                  "Actual Total Time": 180.41,
                  "Actual Rows": 2034,
                  "Actual Loops": 3,
                  "Inner Unique": true,
                  "Hash Cond": "(mi_idx.movie_id = t.id)",
                  "Plans": [
                    {
                      "Node Type": "Seq Scan",
                      "Parent Relationship": "Outer",
                      "Parallel Aware": true,
                      "Relation Name": "movie_info_idx",
                      "Alias": "mi_idx",
                      "Startup Cost": 0.0,
                      "Total Cost": 15122.68,
                      "Plan Rows": 193512,
                      "Plan Width": 4,
                      "Actual Startup Time": 0.024,
                      "Actual Total Time": 37.248,
                      "Actual Rows": 153308,
                      "Actual Loops": 3,
                      "Filter": "(info_type_id = 100)",
                      "Rows Removed by Filter": 306703
                    },
                    {
                      "Node Type": "Hash",
                      "Parent Relationship": "Inner",
                      "Parallel Aware": true,
                      "Startup Cost": 45479.1,
                      "Total Cost": 45479.1,
                      "Plan Rows": 9020,
                      "Plan Width": 4,
                      "Actual Startup Time": 120.732,
                      "Actual Total Time": 120.732,
                      "Actual Rows": 31987,
                      "Actual Loops": 3,
                      "Hash Buckets": 131072,
                      "Original Hash Buckets": 65536,
                      "Hash Batches": 1,
                      "Original Hash Batches": 1,
                      "Peak Memory Usage": 5344,
                      "Plans": [
                        {
                          "Node Type": "Seq Scan",
                          "Parent Relationship": "Outer",
                          "Parallel Aware": true,
                          "Relation Name": "title",
                          "Alias": "t",
                          "Startup Cost": 0.0,
                          "Total Cost": 45479.1,
                          "Plan Rows": 9020,
                          "Plan Width": 4,
                          "Actual Startup Time": 70.33,
                          "Actual Total Time": 109.69,
                          "Actual Rows": 31987,
                          "Actual Loops": 3,
                          "Filter": "((kind_id < 7) AND (production_year < 1923))",
                          "Rows Removed by Filter": 810783
                        }
                      ]
                    }
                  ]
                }
              ]
            }
          ]
        }
      ]
    },
    "Planning Time": 0.6,
    "Triggers": [],
    "Execution Time": 201.064
  }
]