[
  {
    "Plan": {
      "Node Type": "Aggregate",
      "Strategy": "Plain",
      "Partial Mode": "Finalize",
      "Parallel Aware": false,
      "Startup Cost": 32793.02,
      "Total Cost": 32793.03,
      "Plan Rows": 1,
      "Plan Width": 8,
      "Actual Startup Time": 92.04,
      "Actual Total Time": 100.061,
      "Actual Rows": 1,
      "Actual Loops": 1,
      "Plans": [
        {
          "Node Type": "Gather",
          "Parent Relationship": "Outer",
          "Parallel Aware": false,
          "Startup Cost": 32792.7,
          "Total Cost": 32793.01,
          "Plan Rows": 3,
          "Plan Width": 8,
          "Actual Startup Time": 91.931,
          "Actual Total Time": 100.052,
          "Actual Rows": 4,
          "Actual Loops": 1,
          "Workers Planned": 3,
          "Workers Launched": 3,
          "Single Copy": false,
          "Plans": [
            {
              "Node Type": "Aggregate",
              "Strategy": "Plain",
              "Partial Mode": "Partial",
              "Parent Relationship": "Outer",
              "Parallel Aware": false,
              "Startup Cost": 31792.7,
              "Total Cost": 31792.71,
              "Plan Rows": 1,
              "Plan Width": 8,
              "Actual Startup Time": 86.276,
              "Actual Total Time": 86.277,
              "Actual Rows": 1,
              "Actual Loops": 4,
              "Plans": [
                {
                  "Node Type": "Seq Scan",
                  "Parent Relationship": "Outer",
                  "Parallel Aware": true,
                  "Relation Name": "movie_companies",
                  "Alias": "mc",
                  "Startup Cost": 0.0,
                  "Total Cost": 31414.82,
                  "Plan Rows": 151153,
                  "Plan Width": 0,
                  "Actual Startup Time": 0.034,
                  "Actual Total Time": 75.249,
                  "Actual Rows": 167582,
                  "Actual Loops": 4,
                  "Filter": "((company_id < 3737) AND (company_type_id < 2))",
                  "Rows Removed by Filter": 484700
                }
              ]
            }
          ]
        }
      ]
    },
    "Planning Time": 0.224,
    "Triggers": [],
    "Execution Time": 100.12
  }
]