{
  "Plan": {
    "Node Type": "Aggregate",
    "Strategy": "Plain",
    "Partial Mode": "Finalize",
    "Parallel Aware": false,
    "Startup Cost": 139624.88,
    "Total Cost": 139624.89,
    "Plan Rows": 1,
    "Plan Width": 8,
    "Actual Startup Time": 821.097,
    "Actual Total Time": 845.294,
    "Actual Rows": 1,
    "Actual Loops": 1,
    "Plans": [
      {
        "Node Type": "Gather",
        "Parent Relationship": "Outer",
        "Parallel Aware": false,
        "Startup Cost": 139624.77,
        "Total Cost": 139624.88,
        "Plan Rows": 1,
        "Plan Width": 8,
        "Actual Startup Time": 820.592,
        "Actual Total Time": 845.287,
        "Actual Rows": 2,
        "Actual Loops": 1,
        "Workers Planned": 1,
        "Workers Launched": 1,
        "Single Copy": false,
        "Plans": [
          {
            "Node Type": "Aggregate",
            "Strategy": "Plain",
            "Partial Mode": "Partial",
            "Parent Relationship": "Outer",
            "Parallel Aware": false,
            "Startup Cost": 138624.77,
            "Total Cost": 138624.78,
            "Plan Rows": 1,
            "Plan Width": 8,
            "Actual Startup Time": 814.582,
            "Actual Total Time": 814.584,
            "Actual Rows": 1,
            "Actual Loops": 2,
            "Plans": [
              {
                "Node Type": "Merge Join",
                "Parent Relationship": "Outer",
                "Parallel Aware": false,
                "Join Type": "Inner",
                "Startup Cost": 34065.66,
                "Total Cost": 138502.48,
                "Plan Rows": 48916,
                "Plan Width": 0,
                "Actual Startup Time": 99.635,
                "Actual Total Time": 811.987,
                "Actual Rows": 45008,
                "Actual Loops": 2,
                "Inner Unique": false,
                "Merge Cond": "(t.id = mk.movie_id)",
                "Plans": [
                  {
                    "Node Type": "Index Only Scan",
                    "Parent Relationship": "Outer",
                    "Parallel Aware": true,
                    "Scan Direction": "Forward",
                    "Index Name": "title_pkey",
                    "Relation Name": "title",
                    "Alias": "t",
                    "Startup Cost": 0.43,
                    "Total Cost": 99929.35,
                    "Plan Rows": 1487231,
                    "Plan Width": 4,
                    "Actual Startup Time": 0.109,
                    "Actual Total Time": 628.564,
                    "Actual Rows": 1262894,
                    "Actual Loops": 2,
                    "Heap Fetches": 2525787
                  },
                  {
                    "Node Type": "Sort",
                    "Parent Relationship": "Inner",
                    "Parallel Aware": false,
                    "Startup Cost": 34053.87,
                    "Total Cost": 34261.77,
                    "Plan Rows": 83158,
                    "Plan Width": 4,
                    "Actual Startup Time": 99.346,
                    "Actual Total Time": 104.897,
                    "Actual Rows": 90016,
                    "Actual Loops": 2,
                    "Sort Key": [
                      "mk.movie_id"
                    ],
                    "Sort Method": "quicksort",
                    "Sort Space Used": 7292,
                    "Sort Space Type": "Memory",
                    "Workers": [
                      {
                        "Worker Number": 0,
                        "Sort Method": "quicksort",
                        "Sort Space Used": 7292,
                        "Sort Space Type": "Memory"
                      }
                    ],
                    "Plans": [
                      {
                        "Node Type": "Bitmap Heap Scan",
                        "Parent Relationship": "Outer",
                        "Parallel Aware": false,
                        "Relation Name": "movie_keyword",
                        "Alias": "mk",
                        "Startup Cost": 1764.91,
                        "Total Cost": 27258.38,
                        "Plan Rows": 83158,
                        "Plan Width": 4,
                        "Actual Startup Time": 23.624,
                        "Actual Total Time": 78.632,
                        "Actual Rows": 90016,
                        "Actual Loops": 2,
                        "Recheck Cond": "(keyword_id < 77)",
                        "Rows Removed by Index Recheck": 0,
                        "Exact Heap Blocks": 20977,
                        "Lossy Heap Blocks": 0,
                        "Plans": [
                          {
                            "Node Type": "Bitmap Index Scan",
                            "Parent Relationship": "Outer",
                            "Parallel Aware": false,
                            "Index Name": "keyword_id_movie_keyword",
                            "Startup Cost": 0.0,
                            "Total Cost": 1744.12,
                            "Plan Rows": 83158,
                            "Plan Width": 0,
                            "Actual Startup Time": 17.261,
                            "Actual Total Time": 17.261,
                            "Actual Rows": 90016,
                            "Actual Loops": 2,
                            "Index Cond": "(keyword_id < 77)"
                          }
                        ]
                      }
                    ]
                  }
                ]
              }
            ]
          }
        ]
      }
    ]
  },
  "Planning Time": 0.703,
  "Triggers": [],
  "Execution Time": 845.4
}