[
  {
    "Plan": {
      "Node Type": "Aggregate",
      "Strategy": "Plain",
      "Partial Mode": "Finalize",
      "Parallel Aware": false,
      "Startup Cost": 381291.72,
      "Total Cost": 381291.73,
      "Plan Rows": 1,
      "Plan Width": 8,
      "Actual Startup Time": 1337.967,
      "Actual Total Time": 1360.759,
      "Actual Rows": 1,
      "Actual Loops": 1,
      "Plans": [
        {
          "Node Type": "Gather",
          "Parent Relationship": "Outer",
          "Parallel Aware": false,
          "Startup Cost": 381291.4,
          "Total Cost": 381291.71,
          "Plan Rows": 3,
          "Plan Width": 8,
          "Actual Startup Time": 1323.249,
          "Actual Total Time": 1360.749,
          "Actual Rows": 4,
          "Actual Loops": 1,
          "Workers Planned": 3,
          "Workers Launched": 3,
          "Single Copy": false,
          "Plans": [
            {
              "Node Type": "Aggregate",
              "Strategy": "Plain",
              "Partial Mode": "Partial",
              "Parent Relationship": "Outer",
              "Parallel Aware": false,
              "Startup Cost": 380291.4,
              "Total Cost": 380291.41,
              "Plan Rows": 1,
              "Plan Width": 8,
              "Actual Startup Time": 1317.952,
              "Actual Total Time": 1318.711,
              "Actual Rows": 1,
              "Actual Loops": 4,
              "Plans": [
                {
                  "Node Type": "Hash Join",
                  "Parent Relationship": "Outer",
                  "Parallel Aware": true,
                  "Join Type": "Inner",
                  "Startup Cost": 334553.64,
                  "Total Cost": 379682.43,
                  "Plan Rows": 243590,
                  "Plan Width": 0,
                  "Actual Startup Time": 733.799,
                  "Actual Total Time": 1167.965,
                  "Actual Rows": 3701917,
                  "Actual Loops": 4,
                  "Inner Unique": false,
                  "Hash Cond": "(mk.movie_id = t.id)",
                  "Plans": [
                    {
                      "Node Type": "Seq Scan",
                      "Parent Relationship": "Outer",
                      "Parallel Aware": true,
                      "Relation Name": "movie_keyword",
                      "Alias": "mk",
                      "Startup Cost": 0.0,
                      "Total Cost": 39047.32,
                      "Plan Rows": 1459332,
                      "Plan Width": 4,
                      "Actual Startup Time": 0.037,
                      "Actual Total Time": 83.339,
                      "Actual Rows": 1130982,
                      "Actual Loops": 4
                    },
                    {
                      "Node Type": "Hash",
                      "Parent Relationship": "Inner",
                      "Parallel Aware": true,
                      "Startup Cost": 333234.76,
                      "Total Cost": 333234.76,
                      "Plan Rows": 105510,
                      "Plan Width": 8,
                      "Actual Startup Time": 730.425,
                      "Actual Total Time": 731.183,
                      "Actual Rows": 299426,
                      "Actual Loops": 4,
                      "Hash Buckets": 2097152,
                      "Original Hash Buckets": 524288,
                      "Hash Batches": 1,
                      "Original Hash Batches": 1,
                      "Peak Memory Usage": 75616,
                      "Plans": [
                        {
                          "Node Type": "Hash Join",
                          "Parent Relationship": "Outer",
                          "Parallel Aware": true,
                          "Join Type": "Inner",
                          "Startup Cost": 284418.8,
                          "Total Cost": 333234.76,
                          "Plan Rows": 105510,
                          "Plan Width": 8,
                          "Actual Startup Time": 278.294,
                          "Actual Total Time": 605.217,
                          "Actual Rows": 299426,
                          "Actual Loops": 4,
                          "Inner Unique": false,
                          "Hash Cond": "(t.id = ci.movie_id)",
                          "Plans": [
                            {
                              "Node Type": "Seq Scan",
                              "Parent Relationship": "Outer",
                              "Parallel Aware": true,
                              "Relation Name": "title",
                              "Alias": "t",
                              "Startup Cost": 0.0,
                              "Total Cost": 42319.06,
                              "Plan Rows": 632106,
                              "Plan Width": 4,
                              "Actual Startup Time": 0.015,
                              "Actual Total Time": 79.809,
                              "Actual Rows": 632078,
                              "Actual Loops": 4
                            },
                            {
                              "Node Type": "Hash",
                              "Parent Relationship": "Inner",
                              "Parallel Aware": true,
                              "Startup Cost": 283539.55,
                              "Total Cost": 283539.55,
                              "Plan Rows": 70340,
                              "Plan Width": 4,
                              "Actual Startup Time": 276.417,
                              "Actual Total Time": 276.419,
                              "Actual Rows": 299426,
                              "Actual Loops": 4,
                              "Hash Buckets": 2097152,
                              "Original Hash Buckets": 524288,
                              "Hash Batches": 1,
                              "Original Hash Batches": 1,
                              "Peak Memory Usage": 75616,
                              "Plans": [
                                {
                                  "Node Type": "Bitmap Heap Scan",
                                  "Parent Relationship": "Outer",
                                  "Parallel Aware": true,
                                  "Relation Name": "cast_info",
                                  "Alias": "ci",
                                  "Startup Cost": 27692.93,
                                  "Total Cost": 283539.55,
                                  "Plan Rows": 70340,
                                  "Plan Width": 4,
                                  "Actual Startup Time": 48.324,
                                  "Actual Total Time": 132.892,
                                  "Actual Rows": 299426,
                                  "Actual Loops": 4,
                                  "Recheck Cond": "(person_id > 3829624)",
                                  "Rows Removed by Index Recheck": 0,
                                  "Filter": "(role_id > 3)",
                                  "Rows Removed by Filter": 0,
                                  "Exact Heap Blocks": 5795,
                                  "Lossy Heap Blocks": 0,
                                  "Plans": [
                                    {
                                      "Node Type": "Bitmap Index Scan",
                                      "Parent Relationship": "Outer",
                                      "Parallel Aware": false,
                                      "Index Name": "person_id_cast_info",
                                      "Startup Cost": 0.0,
                                      "Total Cost": 27587.42,
                                      "Plan Rows": 1263847,
                                      "Plan Width": 0,
                                      "Actual Startup Time": 45.582,
                                      "Actual Total Time": 45.582,
                                      "Actual Rows": 1197704,
                                      "Actual Loops": 1,
                                      "Index Cond": "(person_id > 3829624)"
                                    }
                                  ]
                                }
                              ]
                            }
                          ]
                        }
                      ]
                    }
                  ]
                }
              ]
            }
          ]
        }
      ]
    },
    "Planning Time": 1.324,
    "Triggers": [],
    "Execution Time": 1360.865
  }
]