[
    {
        "Bao": {
            "Bao prediction": "NaN",
            "Bao recommended hint": "(no hint)"
        }
    },
    {
        "Plan": {
            "Node Type": "Aggregate",
            "Strategy": "Plain",
            "Partial Mode": "Simple",
            "Parallel Aware": false,
            "Startup Cost": 242421.4,
            "Total Cost": 242421.41,
            "Plan Rows": 1,
            "Plan Width": 8,
            "Actual Startup Time": 27.475,
            "Actual Total Time": 27.476,
            "Actual Rows": 1,
            "Actual Loops": 1,
            "Output": [
                "count(*)"
            ],
            "Plans": [
                {
                    "Node Type": "Bitmap Heap Scan",
                    "Parent Relationship": "Outer",
                    "Parallel Aware": false,
                    "Relation Name": "cast_info",
                    "Schema": "public",
                    "Alias": "ci",
                    "Startup Cost": 3667.89,
                    "Total Cost": 242006.14,
                    "Plan Rows": 166106,
                    "Plan Width": 0,
                    "Actual Startup Time": 6.653,
                    "Actual Total Time": 20.894,
                    "Actual Rows": 153445,
                    "Actual Loops": 1,
                    "Recheck Cond": "(ci.person_id < 19471)",
                    "Rows Removed by Index Recheck": 0,
                    "Exact Heap Blocks": 1708,
                    "Lossy Heap Blocks": 0,
                    "Plans": [
                        {
                            "Node Type": "Bitmap Index Scan",
                            "Parent Relationship": "Outer",
                            "Parallel Aware": false,
                            "Index Name": "person_id_cast_info",
                            "Startup Cost": 0.0,
                            "Total Cost": 3626.36,
                            "Plan Rows": 166106,
                            "Plan Width": 0,
                            "Actual Startup Time": 6.435,
                            "Actual Total Time": 6.436,
                            "Actual Rows": 153445,
                            "Actual Loops": 1,
                            "Index Cond": "(ci.person_id < 19471)"
                        }
                    ]
                }
            ]
        },
        "Planning Time": 221.331,
        "Triggers": [],
        "Execution Time": 27.516
    }
]