[
  {
    "Plan": {
      "Node Type": "Aggregate",
      "Strategy": "Plain",
      "Partial Mode": "Simple",
      "Parallel Aware": false,
      "Startup Cost": 26182.75,
      "Total Cost": 26182.76,
      "Plan Rows": 1,
      "Plan Width": 8,
      "Actual Startup Time": 23.155,
      "Actual Total Time": 23.157,
      "Actual Rows": 1,
      "Actual Loops": 1,
      "Plans": [
        {
          "Node Type": "Bitmap Heap Scan",
          "Parent Relationship": "Outer",
          "Parallel Aware": false,
          "Relation Name": "title",
          "Alias": "t",
          "Startup Cost": 233.84,
          "Total Cost": 26182.05,
          "Plan Rows": 282,
          "Plan Width": 0,
          "Actual Startup Time": 5.716,
          "Actual Total Time": 23.087,
          "Actual Rows": 429,
          "Actual Loops": 1,
          "Recheck Cond": "(kind_id = 6)",
          "Rows Removed by Index Recheck": 0,
          "Filter": "(production_year = 2000)",
          "Rows Removed by Filter": 12171,
          "Exact Heap Blocks": 7903,
          "Lossy Heap Blocks": 0,
          "Plans": [
            {
              "Node Type": "Bitmap Index Scan",
              "Parent Relationship": "Outer",
              "Parallel Aware": false,
              "Index Name": "kind_id_title",
              "Startup Cost": 0.0,
              "Total Cost": 233.77,
              "Plan Rows": 12979,
              "Plan Width": 0,
              "Actual Startup Time": 3.222,
              "Actual Total Time": 3.223,
              "Actual Rows": 12600,
              "Actual Loops": 1,
              "Index Cond": "(kind_id = 6)"
            }
          ]
        }
      ]
    },
    "Planning Time": 0.136,
    "Triggers": [],
    "Execution Time": 23.205
  }
]