[
  {
    "Plan": {
      "Node Type": "Aggregate",
      "Strategy": "Plain",
      "Partial Mode": "Finalize",
      "Parallel Aware": false,
      "Startup Cost": 23056.76,
      "Total Cost": 23056.77,
      "Plan Rows": 1,
      "Plan Width": 8,
      "Actual Startup Time": 36.443,
      "Actual Total Time": 39.928,
      "Actual Rows": 1,
      "Actual Loops": 1,
      "Plans": [
        {
          "Node Type": "Gather",
          "Parent Relationship": "Outer",
          "Parallel Aware": false,
          "Startup Cost": 23056.44,
          "Total Cost": 23056.75,
          "Plan Rows": 3,
          "Plan Width": 8,
          "Actual Startup Time": 36.277,
          "Actual Total Time": 39.92,
          "Actual Rows": 4,
          "Actual Loops": 1,
          "Workers Planned": 3,
          "Workers Launched": 3,
          "Single Copy": false,
          "Plans": [
            {
              "Node Type": "Aggregate",
              "Strategy": "Plain",
              "Partial Mode": "Partial",
              "Parent Relationship": "Outer",
              "Parallel Aware": false,
              "Startup Cost": 22056.44,
              "Total Cost": 22056.45,
              "Plan Rows": 1,
              "Plan Width": 8,
              "Actual Startup Time": 31.886,
              "Actual Total Time": 31.887,
              "Actual Rows": 1,
              "Actual Loops": 4,
              "Plans": [
                {
                  "Node Type": "Bitmap Heap Scan",
                  "Parent Relationship": "Outer",
                  "Parallel Aware": true,
                  "Relation Name": "movie_companies",
                  "Alias": "mc",
                  "Startup Cost": 2670.66,
                  "Total Cost": 21957.14,
                  "Plan Rows": 39718,
                  "Plan Width": 0,
                  "Actual Startup Time": 10.365,
                  "Actual Total Time": 29.246,
                  "Actual Rows": 30140,
                  "Actual Loops": 4,
                  "Recheck Cond": "(company_id > 146034)",
                  "Rows Removed by Index Recheck": 0,
                  "Exact Heap Blocks": 1543,
                  "Lossy Heap Blocks": 0,
                  "Plans": [
                    {
                      "Node Type": "Bitmap Index Scan",
                      "Parent Relationship": "Outer",
                      "Parallel Aware": false,
                      "Index Name": "company_id_movie_companies",
                      "Startup Cost": 0.0,
                      "Total Cost": 2639.88,
                      "Plan Rows": 123127,
                      "Plan Width": 0,
                      "Actual Startup Time": 12.677,
                      "Actual Total Time": 12.678,
                      "Actual Rows": 120561,
                      "Actual Loops": 1,
                      "Index Cond": "(company_id > 146034)"
                    }
                  ]
                }
              ]
            }
          ]
        }
      ]
    },
    "Planning Time": 0.102,
    "Triggers": [],
    "Execution Time": 39.972
  }
]