[
  {
    "Plan": {
      "Node Type": "Aggregate",
      "Strategy": "Plain",
      "Partial Mode": "Finalize",
      "Parallel Aware": false,
      "Startup Cost": 422553.68,
      "Total Cost": 422553.69,
      "Plan Rows": 1,
      "Plan Width": 8,
      "Actual Startup Time": 2436.511,
      "Actual Total Time": 2498.148,
      "Actual Rows": 1,
      "Actual Loops": 1,
      "Plans": [
        {
          "Node Type": "Gather",
          "Parent Relationship": "Outer",
          "Parallel Aware": false,
          "Startup Cost": 422553.05,
          "Total Cost": 422553.66,
          "Plan Rows": 6,
          "Plan Width": 8,
          "Actual Startup Time": 2420.996,
          "Actual Total Time": 2498.128,
          "Actual Rows": 7,
          "Actual Loops": 1,
          "Workers Planned": 6,
          "Workers Launched": 6,
          "Single Copy": false,
          "Plans": [
            {
              "Node Type": "Aggregate",
              "Strategy": "Plain",
              "Partial Mode": "Partial",
              "Parent Relationship": "Outer",
              "Parallel Aware": false,
              "Startup Cost": 421553.05,
              "Total Cost": 421553.06,
              "Plan Rows": 1,
              "Plan Width": 8,
              "Actual Startup Time": 2412.637,
              "Actual Total Time": 2412.872,
              "Actual Rows": 1,
              "Actual Loops": 7,
              "Plans": [
                {
                  "Node Type": "Hash Join",
                  "Parent Relationship": "Outer",
                  "Parallel Aware": true,
                  "Join Type": "Inner",
                  "Startup Cost": 79432.0,
                  "Total Cost": 419855.33,
                  "Plan Rows": 679088,
                  "Plan Width": 0,
                  "Actual Startup Time": 836.318,
                  "Actual Total Time": 2234.383,
                  "Actual Rows": 3081770,
                  "Actual Loops": 7,
                  "Inner Unique": false,
                  "Hash Cond": "(ci.movie_id = t.id)",
                  "Plans": [
                    {
                      "Node Type": "Seq Scan",
                      "Parent Relationship": "Outer",
                      "Parallel Aware": true,
                      "Relation Name": "cast_info",
                      "Alias": "ci",
                      "Startup Cost": 0.0,
                      "Total Cost": 328211.39,
                      "Plan Rows": 2672355,
                      "Plan Width": 4,
                      "Actual Startup Time": 402.143,
                      "Actual Total Time": 816.174,
                      "Actual Rows": 2303098,
                      "Actual Loops": 7,
                      "Filter": "(role_id > 2)",
                      "Rows Removed by Filter": 2874666
                    },
                    {
                      "Node Type": "Hash",
                      "Parent Relationship": "Inner",
                      "Parallel Aware": true,
                      "Startup Cost": 76841.23,
                      "Total Cost": 76841.23,
                      "Plan Rows": 207262,
                      "Plan Width": 8,
                      "Actual Startup Time": 431.669,
                      "Actual Total Time": 431.903,
                      "Actual Rows": 180885,
                      "Actual Loops": 7,
                      "Hash Buckets": 2097152,
                      "Original Hash Buckets": 1048576,
                      "Hash Batches": 1,
                      "Original Hash Batches": 1,
                      "Peak Memory Usage": 74208,
                      "Plans": [
                        {
                          "Node Type": "Hash Join",
                          "Parent Relationship": "Outer",
                          "Parallel Aware": true,
                          "Join Type": "Inner",
                          "Startup Cost": 47425.34,
                          "Total Cost": 76841.23,
                          "Plan Rows": 207262,
                          "Plan Width": 8,
                          "Actual Startup Time": 170.252,
                          "Actual Total Time": 313.485,
                          "Actual Rows": 180885,
                          "Actual Loops": 7,
                          "Inner Unique": true,
                          "Hash Cond": "(mc.movie_id = t.id)",
                          "Plans": [
                            {
                              "Node Type": "Seq Scan",
                              "Parent Relationship": "Outer",
                              "Parallel Aware": true,
                              "Relation Name": "movie_companies",
                              "Alias": "mc",
                              "Startup Cost": 0.0,
                              "Total Cost": 27206.55,
                              "Plan Rows": 841655,
                              "Plan Width": 4,
                              "Actual Startup Time": 0.012,
                              "Actual Total Time": 52.164,
                              "Actual Rows": 372733,
                              "Actual Loops": 7
                            },
                            {
                              "Node Type": "Hash",
                              "Parent Relationship": "Inner",
                              "Parallel Aware": true,
                              "Startup Cost": 45479.59,
                              "Total Cost": 45479.59,
                              "Plan Rows": 155660,
                              "Plan Width": 4,
                              "Actual Startup Time": 143.933,
                              "Actual Total Time": 143.936,
                              "Actual Rows": 90613,
                              "Actual Loops": 7,
                              "Hash Buckets": 1048576,
                              "Original Hash Buckets": 1048576,
                              "Hash Batches": 1,
                              "Original Hash Batches": 1,
                              "Peak Memory Usage": 33088,
                              "Plans": [
                                {
                                  "Node Type": "Seq Scan",
                                  "Parent Relationship": "Outer",
                                  "Parallel Aware": true,
                                  "Relation Name": "title",
                                  "Alias": "t",
                                  "Startup Cost": 0.0,
                                  "Total Cost": 45479.59,
                                  "Plan Rows": 155660,
                                  "Plan Width": 4,
                                  "Actual Startup Time": 46.892,
                                  "Actual Total Time": 94.083,
                                  "Actual Rows": 90613,
                                  "Actual Loops": 7,
                                  "Filter": "((production_year < 2013) AND (kind_id = 1))",
                                  "Rows Removed by Filter": 270575
                                }
                              ]
                            }
                          ]
                        }
                      ]
                    }
                  ]
                }
              ]
            }
          ]
        }
      ]
    },
    "Planning Time": 0.717,
    "Triggers": [],
    "Execution Time": 2498.219
  }
]