[
  {
    "Plan": {
      "Node Type": "Aggregate",
      "Strategy": "Plain",
      "Partial Mode": "Finalize",
      "Parallel Aware": false,
      "Startup Cost": 41298.76,
      "Total Cost": 41298.77,
      "Plan Rows": 1,
      "Plan Width": 8,
      "Actual Startup Time": 138.079,
      "Actual Total Time": 146.396,
      "Actual Rows": 1,
      "Actual Loops": 1,
      "Plans": [
        {
          "Node Type": "Gather",
          "Parent Relationship": "Outer",
          "Parallel Aware": false,
          "Startup Cost": 41298.44,
          "Total Cost": 41298.75,
          "Plan Rows": 3,
          "Plan Width": 8,
          "Actual Startup Time": 137.842,
          "Actual Total Time": 146.388,
          "Actual Rows": 4,
          "Actual Loops": 1,
          "Workers Planned": 3,
          "Workers Launched": 3,
          "Single Copy": false,
          "Plans": [
            {
              "Node Type": "Aggregate",
              "Strategy": "Plain",
              "Partial Mode": "Partial",
              "Parent Relationship": "Outer",
              "Parallel Aware": false,
              "Startup Cost": 40298.44,
              "Total Cost": 40298.45,
              "Plan Rows": 1,
              "Plan Width": 8,
              "Actual Startup Time": 131.974,
              "Actual Total Time": 131.975,
              "Actual Rows": 1,
              "Actual Loops": 4,
              "Plans": [
                {
                  "Node Type": "Bitmap Heap Scan",
                  "Parent Relationship": "Outer",
                  "Parallel Aware": true,
                  "Relation Name": "movie_keyword",
                  "Alias": "mk",
                  "Startup Cost": 12901.71,
                  "Total Cost": 39807.99,
                  "Plan Rows": 196182,
                  "Plan Width": 0,
                  "Actual Startup Time": 51.607,
                  "Actual Total Time": 124.058,
                  "Actual Rows": 149041,
                  "Actual Loops": 4,
                  "Recheck Cond": "(keyword_id > 30821)",
                  "Rows Removed by Index Recheck": 0,
                  "Exact Heap Blocks": 9867,
                  "Lossy Heap Blocks": 0,
                  "Plans": [
                    {
                      "Node Type": "Bitmap Index Scan",
                      "Parent Relationship": "Outer",
                      "Parallel Aware": false,
                      "Index Name": "keyword_id_movie_keyword",
                      "Startup Cost": 0.0,
                      "Total Cost": 12749.67,
                      "Plan Rows": 608165,
                      "Plan Width": 0,
                      "Actual Startup Time": 53.189,
                      "Actual Total Time": 53.189,
                      "Actual Rows": 596164,
                      "Actual Loops": 1,
                      "Index Cond": "(keyword_id > 30821)"
                    }
                  ]
                }
              ]
            }
          ]
        }
      ]
    },
    "Planning Time": 0.167,
    "Triggers": [],
    "Execution Time": 146.467
  }
]