[
  {
    "Plan": {
      "Node Type": "Aggregate",
      "Strategy": "Plain",
      "Partial Mode": "Finalize",
      "Parallel Aware": false,
      "Startup Cost": 81079.09,
      "Total Cost": 81079.1,
      "Plan Rows": 1,
      "Plan Width": 8,
      "Actual Startup Time": 456.997,
      "Actual Total Time": 476.492,
      "Actual Rows": 1,
      "Actual Loops": 1,
      "Plans": [
        {
          "Node Type": "Gather",
          "Parent Relationship": "Outer",
          "Parallel Aware": false,
          "Startup Cost": 81078.77,
          "Total Cost": 81079.08,
          "Plan Rows": 3,
          "Plan Width": 8,
          "Actual Startup Time": 450.112,
          "Actual Total Time": 476.481,
          "Actual Rows": 4,
          "Actual Loops": 1,
          "Workers Planned": 3,
          "Workers Launched": 3,
          "Single Copy": false,
          "Plans": [
            {
              "Node Type": "Aggregate",
              "Strategy": "Plain",
              "Partial Mode": "Partial",
              "Parent Relationship": "Outer",
              "Parallel Aware": false,
              "Startup Cost": 80078.77,
              "Total Cost": 80078.78,
              "Plan Rows": 1,
              "Plan Width": 8,
              "Actual Startup Time": 438.118,
              "Actual Total Time": 438.122,
              "Actual Rows": 1,
              "Actual Loops": 4,
              "Plans": [
                {
                  "Node Type": "Hash Join",
                  "Parent Relationship": "Outer",
                  "Parallel Aware": true,
                  "Join Type": "Inner",
                  "Startup Cost": 58988.44,
                  "Total Cost": 79752.48,
                  "Plan Rows": 130515,
                  "Plan Width": 0,
                  "Actual Startup Time": 367.584,
                  "Actual Total Time": 432.971,
                  "Actual Rows": 100804,
                  "Actual Loops": 4,
                  "Inner Unique": true,
                  "Hash Cond": "(mc.movie_id = t.id)",
                  "Plans": [
                    {
                      "Node Type": "Bitmap Heap Scan",
                      "Parent Relationship": "Outer",
                      "Parallel Aware": true,
                      "Relation Name": "movie_companies",
                      "Alias": "mc",
                      "Startup Cost": 8768.06,
                      "Total Cost": 29189.5,
                      "Plan Rows": 130515,
                      "Plan Width": 4,
                      "Actual Startup Time": 24.868,
                      "Actual Total Time": 43.652,
                      "Actual Rows": 100804,
                      "Actual Loops": 4,
                      "Recheck Cond": "(company_id > 81901)",
                      "Rows Removed by Index Recheck": 0,
                      "Exact Heap Blocks": 1271,
                      "Lossy Heap Blocks": 0,
                      "Plans": [
                        {
                          "Node Type": "Bitmap Index Scan",
                          "Parent Relationship": "Outer",
                          "Parallel Aware": false,
                          "Index Name": "company_id_movie_companies",
                          "Startup Cost": 0.0,
                          "Total Cost": 8666.91,
                          "Plan Rows": 404597,
                          "Plan Width": 0,
                          "Actual Startup Time": 24.001,
                          "Actual Total Time": 24.002,
                          "Actual Rows": 403216,
                          "Actual Loops": 1,
                          "Index Cond": "(company_id > 81901)"
                        }
                      ]
                    },
                    {
                      "Node Type": "Hash",
                      "Parent Relationship": "Inner",
                      "Parallel Aware": true,
                      "Startup Cost": 42319.06,
                      "Total Cost": 42319.06,
                      "Plan Rows": 632106,
                      "Plan Width": 4,
                      "Actual Startup Time": 333.07,
                      "Actual Total Time": 333.071,
                      "Actual Rows": 632078,
                      "Actual Loops": 4,
                      "Hash Buckets": 4194304,
                      "Original Hash Buckets": 4194304,
                      "Hash Batches": 1,
                      "Original Hash Batches": 1,
                      "Peak Memory Usage": 131776,
                      "Plans": [
                        {
                          "Node Type": "Seq Scan",
                          "Parent Relationship": "Outer",
                          "Parallel Aware": true,
                          "Relation Name": "title",
                          "Alias": "t",
                          "Startup Cost": 0.0,
                          "Total Cost": 42319.06,
                          "Plan Rows": 632106,
                          "Plan Width": 4,
                          "Actual Startup Time": 0.041,
                          "Actual Total Time": 96.823,
                          "Actual Rows": 632078,
                          "Actual Loops": 4
                        }
                      ]
                    }
                  ]
                }
              ]
            }
          ]
        }
      ]
    },
    "Planning Time": 0.288,
    "Triggers": [],
    "Execution Time": 476.544
  }
]