[
  {
    "Plan": {
      "Node Type": "Aggregate",
      "Strategy": "Plain",
      "Partial Mode": "Finalize",
      "Parallel Aware": false,
      "Startup Cost": 333326.38,
      "Total Cost": 333326.39,
      "Plan Rows": 1,
      "Plan Width": 8,
      "Actual Startup Time": 673.169,
      "Actual Total Time": 732.631,
      "Actual Rows": 1,
      "Actual Loops": 1,
      "Plans": [
        {
          "Node Type": "Gather",
          "Parent Relationship": "Outer",
          "Parallel Aware": false,
          "Startup Cost": 333325.75,
          "Total Cost": 333326.36,
          "Plan Rows": 6,
          "Plan Width": 8,
          "Actual Startup Time": 673.046,
          "Actual Total Time": 732.619,
          "Actual Rows": 7,
          "Actual Loops": 1,
          "Workers Planned": 6,
          "Workers Launched": 6,
          "Single Copy": false,
          "Plans": [
            {
              "Node Type": "Aggregate",
              "Strategy": "Plain",
              "Partial Mode": "Partial",
              "Parent Relationship": "Outer",
              "Parallel Aware": false,
              "Startup Cost": 332325.75,
              "Total Cost": 332325.76,
              "Plan Rows": 1,
              "Plan Width": 8,
              "Actual Startup Time": 664.343,
              "Actual Total Time": 664.345,
              "Actual Rows": 1,
              "Actual Loops": 7,
              "Plans": [
                {
                  "Node Type": "Seq Scan",
                  "Parent Relationship": "Outer",
                  "Parallel Aware": true,
                  "Relation Name": "cast_info",
                  "Alias": "ci",
                  "Startup Cost": 0.0,
                  "Total Cost": 328162.03,
                  "Plan Rows": 1665491,
                  "Plan Width": 0,
                  "Actual Startup Time": 0.049,
                  "Actual Total Time": 594.119,
                  "Actual Rows": 1436715,
                  "Actual Loops": 7,
                  "Filter": "(person_id < 988946)",
                  "Rows Removed by Filter": 3741049
                }
              ]
            }
          ]
        }
      ]
    },
    "Planning Time": 0.205,
    "Triggers": [],
    "Execution Time": 732.708
  }
]