{
  "Plan": {
    "Node Type": "Aggregate",
    "Strategy": "Plain",
    "Partial Mode": "Finalize",
    "Parallel Aware": false,
    "Startup Cost": 347957.97,
    "Total Cost": 347957.98,
    "Plan Rows": 1,
    "Plan Width": 8,
    "Actual Startup Time": 310.86,
    "Actual Total Time": 327.861,
    "Actual Rows": 1,
    "Actual Loops": 1,
    "Plans": [
      {
        "Node Type": "Gather",
        "Parent Relationship": "Outer",
        "Parallel Aware": false,
        "Startup Cost": 347957.86,
        "Total Cost": 347957.97,
        "Plan Rows": 1,
        "Plan Width": 8,
        "Actual Startup Time": 310.525,
        "Actual Total Time": 327.855,
        "Actual Rows": 2,
        "Actual Loops": 1,
        "Workers Planned": 1,
        "Workers Launched": 1,
        "Single Copy": false,
        "Plans": [
          {
            "Node Type": "Aggregate",
            "Strategy": "Plain",
            "Partial Mode": "Partial",
            "Parent Relationship": "Outer",
            "Parallel Aware": false,
            "Startup Cost": 346957.86,
            "Total Cost": 346957.87,
            "Plan Rows": 1,
            "Plan Width": 8,
            "Actual Startup Time": 304.155,
            "Actual Total Time": 304.159,
            "Actual Rows": 1,
            "Actual Loops": 2,
            "Plans": [
              {
                "Node Type": "Nested Loop",
                "Parent Relationship": "Outer",
                "Parallel Aware": false,
                "Join Type": "Inner",
                "Startup Cost": 82257.94,
                "Total Cost": 346948.83,
                "Plan Rows": 3612,
                "Plan Width": 0,
                "Actual Startup Time": 184.802,
                "Actual Total Time": 303.993,
                "Actual Rows": 2432,
                "Actual Loops": 2,
                "Inner Unique": false,
                "Join Filter": "(t.id = mc.movie_id)",
                "Rows Removed by Join Filter": 0,
                "Plans": [
                  {
                    "Node Type": "Hash Join",
                    "Parent Relationship": "Outer",
                    "Parallel Aware": true,
                    "Join Type": "Inner",
                    "Startup Cost": 82257.51,
                    "Total Cost": 344551.08,
                    "Plan Rows": 3501,
                    "Plan Width": 8,
                    "Actual Startup Time": 184.719,
                    "Actual Total Time": 296.218,
                    "Actual Rows": 2313,
                    "Actual Loops": 2,
                    "Inner Unique": true,
                    "Hash Cond": "(ci.movie_id = t.id)",
                    "Plans": [
                      {
                        "Node Type": "Bitmap Heap Scan",
                        "Parent Relationship": "Outer",
                        "Parallel Aware": true,
                        "Relation Name": "cast_info",
                        "Alias": "ci",
                        "Startup Cost": 23848.6,
                        "Total Cost": 284474.91,
                        "Plan Rows": 635145,
                        "Plan Width": 4,
                        "Actual Startup Time": 41.691,
                        "Actual Total Time": 101.875,
                        "Actual Rows": 521463,
                        "Actual Loops": 2,
                        "Recheck Cond": "(person_id > 3859736)",
                        "Rows Removed by Index Recheck": 0,
                        "Exact Heap Blocks": 7390,
                        "Lossy Heap Blocks": 0,
                        "Plans": [
                          {
                            "Node Type": "Bitmap Index Scan",
                            "Parent Relationship": "Outer",
                            "Parallel Aware": false,
                            "Index Name": "person_id_cast_info",
                            "Startup Cost": 0.0,
                            "Total Cost": 23578.66,
                            "Plan Rows": 1079746,
                            "Plan Width": 0,
                            "Actual Startup Time": 39.384,
                            "Actual Total Time": 39.384,
                            "Actual Rows": 1042926,
                            "Actual Loops": 1,
                            "Index Cond": "(person_id > 3859736)"
                          }
                        ]
                      },
                      {
                        "Node Type": "Hash",
                        "Parent Relationship": "Inner",
                        "Parallel Aware": true,
                        "Startup Cost": 58306.47,
                        "Total Cost": 58306.47,
                        "Plan Rows": 8196,
                        "Plan Width": 4,
                        "Actual Startup Time": 140.377,
                        "Actual Total Time": 140.377,
                        "Actual Rows": 6329,
                        "Actual Loops": 2,
                        "Hash Buckets": 16384,
                        "Original Hash Buckets": 16384,
                        "Hash Batches": 1,
                        "Original Hash Batches": 1,
                        "Peak Memory Usage": 672,
                        "Plans": [
                          {
                            "Node Type": "Seq Scan",
                            "Parent Relationship": "Outer",
                            "Parallel Aware": true,
                            "Relation Name": "title",
                            "Alias": "t",
                            "Startup Cost": 0.0,
                            "Total Cost": 58306.47,
                            "Plan Rows": 8196,
                            "Plan Width": 4,
                            "Actual Startup Time": 0.134,
                            "Actual Total Time": 138.027,
                            "Actual Rows": 6329,
                            "Actual Loops": 2,
                            "Filter": "((kind_id > 3) AND (production_year = 1986))",
                            "Rows Removed by Filter": 1257827
                          }
                        ]
                      }
                    ]
                  },
                  {
                    "Node Type": "Index Only Scan",
                    "Parent Relationship": "Inner",
                    "Parallel Aware": false,
                    "Scan Direction": "Forward",
                    "Index Name": "movie_id_movie_companies",
                    "Relation Name": "movie_companies",
                    "Alias": "mc",
                    "Startup Cost": 0.43,
                    "Total Cost": 0.62,
                    "Plan Rows": 5,
                    "Plan Width": 4,
                    "Actual Startup Time": 0.003,
                    "Actual Total Time": 0.003,
                    "Actual Rows": 1,
                    "Actual Loops": 4626,
                    "Index Cond": "(movie_id = ci.movie_id)",
                    "Rows Removed by Index Recheck": 0,
                    "Heap Fetches": 4864
                  }
                ]
              }
            ]
          }
        ]
      }
    ]
  },
  "Planning Time": 0.959,
  "Triggers": [],
  "Execution Time": 327.967
}