[
  {
    "Plan": {
      "Node Type": "Aggregate",
      "Strategy": "Plain",
      "Partial Mode": "Finalize",
      "Parallel Aware": false,
      "Startup Cost": 41213.81,
      "Total Cost": 41213.82,
      "Plan Rows": 1,
      "Plan Width": 8,
      "Actual Startup Time": 132.894,
      "Actual Total Time": 142.654,
      "Actual Rows": 1,
      "Actual Loops": 1,
      "Plans": [
        {
          "Node Type": "Gather",
          "Parent Relationship": "Outer",
          "Parallel Aware": false,
          "Startup Cost": 41213.49,
          "Total Cost": 41213.8,
          "Plan Rows": 3,
          "Plan Width": 8,
          "Actual Startup Time": 132.515,
          "Actual Total Time": 142.643,
          "Actual Rows": 4,
          "Actual Loops": 1,
          "Workers Planned": 3,
          "Workers Launched": 3,
          "Single Copy": false,
          "Plans": [
            {
              "Node Type": "Aggregate",
              "Strategy": "Plain",
              "Partial Mode": "Partial",
              "Parent Relationship": "Outer",
              "Parallel Aware": false,
              "Startup Cost": 40213.49,
              "Total Cost": 40213.5,
              "Plan Rows": 1,
              "Plan Width": 8,
              "Actual Startup Time": 128.219,
              "Actual Total Time": 128.221,
              "Actual Rows": 1,
              "Actual Loops": 4,
              "Plans": [
                {
                  "Node Type": "Bitmap Heap Scan",
                  "Parent Relationship": "Outer",
                  "Parallel Aware": true,
                  "Relation Name": "movie_keyword",
                  "Alias": "mk",
                  "Startup Cost": 12832.5,
                  "Total Cost": 39725.66,
                  "Plan Rows": 195133,
                  "Plan Width": 0,
                  "Actual Startup Time": 41.012,
                  "Actual Total Time": 119.588,
                  "Actual Rows": 152306,
                  "Actual Loops": 4,
                  "Recheck Cond": "(keyword_id > 30294)",
                  "Rows Removed by Index Recheck": 0,
                  "Exact Heap Blocks": 9563,
                  "Lossy Heap Blocks": 0,
                  "Plans": [
                    {
                      "Node Type": "Bitmap Index Scan",
                      "Parent Relationship": "Outer",
                      "Parallel Aware": false,
                      "Index Name": "keyword_id_movie_keyword",
                      "Startup Cost": 0.0,
                      "Total Cost": 12681.27,
                      "Plan Rows": 604912,
                      "Plan Width": 0,
                      "Actual Startup Time": 41.337,
                      "Actual Total Time": 41.337,
                      "Actual Rows": 609222,
                      "Actual Loops": 1,
                      "Index Cond": "(keyword_id > 30294)"
                    }
                  ]
                }
              ]
            }
          ]
        }
      ]
    },
    "Planning Time": 0.112,
    "Triggers": [],
    "Execution Time": 142.713
  }
]