[
  {
    "Plan": {
      "Node Type": "Aggregate",
      "Strategy": "Plain",
      "Partial Mode": "Finalize",
      "Parallel Aware": false,
      "Startup Cost": 234847.9,
      "Total Cost": 234847.91,
      "Plan Rows": 1,
      "Plan Width": 8,
      "Actual Startup Time": 393.988,
      "Actual Total Time": 453.167,
      "Actual Rows": 1,
      "Actual Loops": 1,
      "Plans": [
        {
          "Node Type": "Gather",
          "Parent Relationship": "Outer",
          "Parallel Aware": false,
          "Startup Cost": 234847.38,
          "Total Cost": 234847.89,
          "Plan Rows": 5,
          "Plan Width": 8,
          "Actual Startup Time": 393.584,
          "Actual Total Time": 453.157,
          "Actual Rows": 6,
          "Actual Loops": 1,
          "Workers Planned": 5,
          "Workers Launched": 5,
          "Single Copy": false,
          "Plans": [
            {
              "Node Type": "Aggregate",
              "Strategy": "Plain",
              "Partial Mode": "Partial",
              "Parent Relationship": "Outer",
              "Parallel Aware": false,
              "Startup Cost": 233847.38,
              "Total Cost": 233847.39,
              "Plan Rows": 1,
              "Plan Width": 8,
              "Actual Startup Time": 382.51,
              "Actual Total Time": 382.514,
              "Actual Rows": 1,
              "Actual Loops": 6,
              "Plans": [
                {
                  "Node Type": "Nested Loop",
                  "Parent Relationship": "Outer",
                  "Parallel Aware": false,
                  "Join Type": "Inner",
                  "Startup Cost": 60044.84,
                  "Total Cost": 233813.3,
                  "Plan Rows": 13632,
                  "Plan Width": 0,
                  "Actual Startup Time": 104.694,
                  "Actual Total Time": 380.331,
                  "Actual Rows": 26416,
                  "Actual Loops": 6,
                  "Inner Unique": false,
                  "Join Filter": "(t.id = ci.movie_id)",
                  "Rows Removed by Join Filter": 0,
                  "Plans": [
                    {
                      "Node Type": "Hash Join",
                      "Parent Relationship": "Outer",
                      "Parallel Aware": true,
                      "Join Type": "Inner",
                      "Startup Cost": 60044.27,
                      "Total Cost": 224446.22,
                      "Plan Rows": 2763,
                      "Plan Width": 8,
                      "Actual Startup Time": 104.386,
                      "Actual Total Time": 141.304,
                      "Actual Rows": 4103,
                      "Actual Loops": 6,
                      "Inner Unique": true,
                      "Hash Cond": "(mi.movie_id = t.id)",
                      "Plans": [
                        {
                          "Node Type": "Bitmap Heap Scan",
                          "Parent Relationship": "Outer",
                          "Parallel Aware": true,
                          "Relation Name": "movie_info",
                          "Alias": "mi",
                          "Startup Cost": 14428.12,
                          "Total Cost": 178411.99,
                          "Plan Rows": 159269,
                          "Plan Width": 4,
                          "Actual Startup Time": 22.867,
                          "Actual Total Time": 39.469,
                          "Actual Rows": 133690,
                          "Actual Loops": 6,
                          "Recheck Cond": "(info_type_id < 2)",
                          "Rows Removed by Index Recheck": 0,
                          "Exact Heap Blocks": 1683,
                          "Lossy Heap Blocks": 0,
                          "Plans": [
                            {
                              "Node Type": "Bitmap Index Scan",
                              "Parent Relationship": "Outer",
                              "Parallel Aware": false,
                              "Index Name": "info_type_id_movie_info",
                              "Startup Cost": 0.0,
                              "Total Cost": 14229.04,
                              "Plan Rows": 796347,
                              "Plan Width": 0,
                              "Actual Startup Time": 21.965,
                              "Actual Total Time": 21.966,
                              "Actual Rows": 802140,
                              "Actual Loops": 1,
                              "Index Cond": "(info_type_id < 2)"
                            }
                          ]
                        },
                        {
                          "Node Type": "Hash",
                          "Parent Relationship": "Inner",
                          "Parallel Aware": true,
                          "Startup Cost": 45479.1,
                          "Total Cost": 45479.1,
                          "Plan Rows": 10964,
                          "Plan Width": 4,
                          "Actual Startup Time": 80.203,
                          "Actual Total Time": 80.204,
                          "Actual Rows": 5651,
                          "Actual Loops": 6,
                          "Hash Buckets": 65536,
                          "Original Hash Buckets": 65536,
                          "Hash Batches": 1,
                          "Original Hash Batches": 1,
                          "Peak Memory Usage": 1920,
                          "Plans": [
                            {
                              "Node Type": "Seq Scan",
                              "Parent Relationship": "Outer",
                              "Parallel Aware": true,
                              "Relation Name": "title",
                              "Alias": "t",
                              "Startup Cost": 0.0,
                              "Total Cost": 45479.1,
                              "Plan Rows": 10964,
                              "Plan Width": 4,
                              "Actual Startup Time": 0.294,
                              "Actual Total Time": 77.516,
                              "Actual Rows": 5651,
                              "Actual Loops": 6,
                              "Filter": "((kind_id < 7) AND (production_year = 2006))",
                              "Rows Removed by Filter": 415734
                            }
                          ]
                        }
                      ]
                    },
                    {
                      "Node Type": "Index Scan",
                      "Parent Relationship": "Inner",
                      "Parallel Aware": false,
                      "Scan Direction": "Forward",
                      "Index Name": "movie_id_cast_info",
                      "Relation Name": "cast_info",
                      "Alias": "ci",
                      "Startup Cost": 0.56,
                      "Total Cost": 3.23,
                      "Plan Rows": 13,
                      "Plan Width": 4,
                      "Actual Startup Time": 0.013,
                      "Actual Total Time": 0.057,
                      "Actual Rows": 6,
                      "Actual Loops": 24617,
                      "Index Cond": "(movie_id = mi.movie_id)",
                      "Rows Removed by Index Recheck": 0,
                      "Filter": "(role_id = 1)",
                      "Rows Removed by Filter": 13
                    }
                  ]
                }
              ]
            }
          ]
        }
      ]
    },
    "Planning Time": 1.315,
    "Triggers": [],
    "Execution Time": 453.3
  }
]