[
  {
    "Plan": {
      "Node Type": "Aggregate",
      "Strategy": "Plain",
      "Partial Mode": "Finalize",
      "Parallel Aware": false,
      "Startup Cost": 75156.77,
      "Total Cost": 75156.78,
      "Plan Rows": 1,
      "Plan Width": 8,
      "Actual Startup Time": 221.439,
      "Actual Total Time": 236.421,
      "Actual Rows": 1,
      "Actual Loops": 1,
      "Plans": [
        {
          "Node Type": "Gather",
          "Parent Relationship": "Outer",
          "Parallel Aware": false,
          "Startup Cost": 75156.35,
          "Total Cost": 75156.76,
          "Plan Rows": 4,
          "Plan Width": 8,
          "Actual Startup Time": 220.396,
          "Actual Total Time": 236.413,
          "Actual Rows": 5,
          "Actual Loops": 1,
          "Workers Planned": 4,
          "Workers Launched": 4,
          "Single Copy": false,
          "Plans": [
            {
              "Node Type": "Aggregate",
              "Strategy": "Plain",
              "Partial Mode": "Partial",
              "Parent Relationship": "Outer",
              "Parallel Aware": false,
              "Startup Cost": 74156.35,
              "Total Cost": 74156.36,
              "Plan Rows": 1,
              "Plan Width": 8,
              "Actual Startup Time": 211.379,
              "Actual Total Time": 211.384,
              "Actual Rows": 1,
              "Actual Loops": 5,
              "Plans": [
                {
                  "Node Type": "Hash Join",
                  "Parent Relationship": "Outer",
                  "Parallel Aware": true,
                  "Join Type": "Inner",
                  "Startup Cost": 28430.84,
                  "Total Cost": 74048.76,
                  "Plan Rows": 43035,
                  "Plan Width": 0,
                  "Actual Startup Time": 84.055,
                  "Actual Total Time": 210.431,
                  "Actual Rows": 13868,
                  "Actual Loops": 5,
                  "Inner Unique": false,
                  "Hash Cond": "(t.id = mc.movie_id)",
                  "Plans": [
                    {
                      "Node Type": "Seq Scan",
                      "Parent Relationship": "Outer",
                      "Parallel Aware": true,
                      "Relation Name": "title",
                      "Alias": "t",
                      "Startup Cost": 0.0,
                      "Total Cost": 42318.73,
                      "Plan Rows": 632073,
                      "Plan Width": 4,
                      "Actual Startup Time": 0.01,
                      "Actual Total Time": 65.549,
                      "Actual Rows": 505662,
                      "Actual Loops": 5
                    },
                    {
                      "Node Type": "Hash",
                      "Parent Relationship": "Inner",
                      "Parallel Aware": true,
                      "Startup Cost": 27736.73,
                      "Total Cost": 27736.73,
                      "Plan Rows": 55529,
                      "Plan Width": 4,
                      "Actual Startup Time": 82.142,
                      "Actual Total Time": 82.144,
                      "Actual Rows": 13868,
                      "Actual Loops": 5,
                      "Hash Buckets": 262144,
                      "Original Hash Buckets": 262144,
                      "Hash Batches": 1,
                      "Original Hash Batches": 1,
                      "Peak Memory Usage": 4832,
                      "Plans": [
                        {
                          "Node Type": "Bitmap Heap Scan",
                          "Parent Relationship": "Outer",
                          "Parallel Aware": true,
                          "Relation Name": "movie_companies",
                          "Alias": "mc",
                          "Startup Cost": 7306.24,
                          "Total Cost": 27736.73,
                          "Plan Rows": 55529,
                          "Plan Width": 4,
                          "Actual Startup Time": 65.794,
                          "Actual Total Time": 77.534,
                          "Actual Rows": 13868,
                          "Actual Loops": 5,
                          "Recheck Cond": "(company_id < 165)",
                          "Rows Removed by Index Recheck": 0,
                          "Filter": "(company_type_id > 1)",
                          "Rows Removed by Filter": 52861,
                          "Exact Heap Blocks": 9147,
                          "Lossy Heap Blocks": 0,
                          "Plans": [
                            {
                              "Node Type": "Bitmap Index Scan",
                              "Parent Relationship": "Outer",
                              "Parallel Aware": false,
                              "Index Name": "company_id_movie_companies",
                              "Startup Cost": 0.0,
                              "Total Cost": 7263.2,
                              "Plan Rows": 339036,
                              "Plan Width": 0,
                              "Actual Startup Time": 29.255,
                              "Actual Total Time": 29.255,
                              "Actual Rows": 333642,
                              "Actual Loops": 1,
                              "Index Cond": "(company_id < 165)"
                            }
                          ]
                        }
                      ]
                    }
                  ]
                }
              ]
            }
          ]
        }
      ]
    },
    "Planning Time": 0.629,
    "Triggers": [],
    "Execution Time": 236.511
  }
]