[
  {
    "Plan": {
      "Node Type": "Aggregate",
      "Strategy": "Plain",
      "Partial Mode": "Finalize",
      "Parallel Aware": false,
      "Startup Cost": 273529.17,
      "Total Cost": 273529.18,
      "Plan Rows": 1,
      "Plan Width": 8,
      "Actual Startup Time": 84.106,
      "Actual Total Time": 86.912,
      "Actual Rows": 1,
      "Actual Loops": 1,
      "Plans": [
        {
          "Node Type": "Gather",
          "Parent Relationship": "Outer",
          "Parallel Aware": false,
          "Startup Cost": 273528.55,
          "Total Cost": 273529.16,
          "Plan Rows": 6,
          "Plan Width": 8,
          "Actual Startup Time": 83.781,
          "Actual Total Time": 86.908,
          "Actual Rows": 7,
          "Actual Loops": 1,
          "Workers Planned": 6,
          "Workers Launched": 6,
          "Single Copy": false,
          "Plans": [
            {
              "Node Type": "Aggregate",
              "Strategy": "Plain",
              "Partial Mode": "Partial",
              "Parent Relationship": "Outer",
              "Parallel Aware": false,
              "Startup Cost": 272528.55,
              "Total Cost": 272528.56,
              "Plan Rows": 1,
              "Plan Width": 8,
              "Actual Startup Time": 78.605,
              "Actual Total Time": 78.606,
              "Actual Rows": 1,
              "Actual Loops": 7,
              "Plans": [
                {
                  "Node Type": "Bitmap Heap Scan",
                  "Parent Relationship": "Outer",
                  "Parallel Aware": true,
                  "Relation Name": "cast_info",
                  "Alias": "ci",
                  "Startup Cost": 17560.14,
                  "Total Cost": 272238.28,
                  "Plan Rows": 116106,
                  "Plan Width": 0,
                  "Actual Startup Time": 26.871,
                  "Actual Total Time": 70.2,
                  "Actual Rows": 111910,
                  "Actual Loops": 7,
                  "Recheck Cond": "(person_id < 85956)",
                  "Rows Removed by Index Recheck": 0,
                  "Filter": "(role_id < 10)",
                  "Rows Removed by Filter": 4787,
                  "Exact Heap Blocks": 2584,
                  "Lossy Heap Blocks": 0,
                  "Plans": [
                    {
                      "Node Type": "Bitmap Index Scan",
                      "Parent Relationship": "Outer",
                      "Parallel Aware": false,
                      "Index Name": "person_id_cast_info",
                      "Startup Cost": 0.0,
                      "Total Cost": 17385.98,
                      "Plan Rows": 796456,
                      "Plan Width": 0,
                      "Actual Startup Time": 29.623,
                      "Actual Total Time": 29.623,
                      "Actual Rows": 816874,
                      "Actual Loops": 1,
                      "Index Cond": "(person_id < 85956)"
                    }
                  ]
                }
              ]
            }
          ]
        }
      ]
    },
    "Planning Time": 0.05,
    "Triggers": [],
    "Execution Time": 86.934
  }
]