{
  "Plan": {
    "Node Type": "Aggregate",
    "Strategy": "Plain",
    "Partial Mode": "Finalize",
    "Parallel Aware": false,
    "Startup Cost": 3828683.25,
    "Total Cost": 3828683.26,
    "Plan Rows": 1,
    "Plan Width": 8,
    "Actual Startup Time": 21846.445,
    "Actual Total Time": 21970.879,
    "Actual Rows": 1,
    "Actual Loops": 1,
    "Plans": [
      {
        "Node Type": "Gather",
        "Parent Relationship": "Outer",
        "Parallel Aware": false,
        "Startup Cost": 3828683.14,
        "Total Cost": 3828683.25,
        "Plan Rows": 1,
        "Plan Width": 8,
        "Actual Startup Time": 21786.929,
        "Actual Total Time": 21970.864,
        "Actual Rows": 2,
        "Actual Loops": 1,
        "Workers Planned": 1,
        "Workers Launched": 1,
        "Single Copy": false,
        "Plans": [
          {
            "Node Type": "Aggregate",
            "Strategy": "Plain",
            "Partial Mode": "Partial",
            "Parent Relationship": "Outer",
            "Parallel Aware": false,
            "Startup Cost": 3827683.14,
            "Total Cost": 3827683.15,
            "Plan Rows": 1,
            "Plan Width": 8,
            "Actual Startup Time": 21781.286,
            "Actual Total Time": 21781.292,
            "Actual Rows": 1,
            "Actual Loops": 2,
            "Plans": [
              {
                "Node Type": "Merge Join",
                "Parent Relationship": "Outer",
                "Parallel Aware": false,
                "Join Type": "Inner",
                "Startup Cost": 2130003.42,
                "Total Cost": 3733717.28,
                "Plan Rows": 37586342,
                "Plan Width": 0,
                "Actual Startup Time": 13753.24,
                "Actual Total Time": 20805.868,
                "Actual Rows": 24911128,
                "Actual Loops": 2,
                "Inner Unique": false,
                "Merge Cond": "(mi.movie_id = t.id)",
                "Plans": [
                  {
                    "Node Type": "Index Only Scan",
                    "Parent Relationship": "Outer",
                    "Parallel Aware": true,
                    "Scan Direction": "Forward",
                    "Index Name": "movie_id_movie_info",
                    "Relation Name": "movie_info",
                    "Alias": "mi",
                    "Startup Cost": 0.43,
                    "Total Cost": 1018223.42,
                    "Plan Rows": 8696274,
                    "Plan Width": 4,
                    "Actual Startup Time": 0.102,
                    "Actual Total Time": 2350.436,
                    "Actual Rows": 7417500,
                    "Actual Loops": 2,
                    "Heap Fetches": 14835001
                  },
                  {
                    "Node Type": "Sort",
                    "Parent Relationship": "Inner",
                    "Parallel Aware": false,
                    "Startup Cost": 2130000.54,
                    "Total Cost": 2157319.51,
                    "Plan Rows": 10927587,
                    "Plan Width": 8,
                    "Actual Startup Time": 13752.978,
                    "Actual Total Time": 15451.413,
                    "Actual Rows": 31039169,
                    "Actual Loops": 2,
                    "Sort Key": [
                      "t.id"
                    ],
                    "Sort Method": "quicksort",
                    "Sort Space Used": 967692,
                    "Sort Space Type": "Memory",
                    "Workers": [
                      {
                        "Worker Number": 0,
                        "Sort Method": "quicksort",
                        "Sort Space Used": 967692,
                        "Sort Space Type": "Memory"
                      }
                    ],
                    "Plans": [
                      {
                        "Node Type": "Hash Join",
                        "Parent Relationship": "Outer",
                        "Parallel Aware": false,
                        "Join Type": "Inner",
                        "Startup Cost": 89780.03,
                        "Total Cost": 852485.22,
                        "Plan Rows": 10927587,
                        "Plan Width": 8,
                        "Actual Startup Time": 1179.729,
                        "Actual Total Time": 10731.804,
                        "Actual Rows": 12255481,
                        "Actual Loops": 2,
                        "Inner Unique": true,
                        "Hash Cond": "(ci.movie_id = t.id)",
                        "Plans": [
                          {
                            "Node Type": "Seq Scan",
                            "Parent Relationship": "Outer",
                            "Parallel Aware": false,
                            "Relation Name": "cast_info",
                            "Alias": "ci",
                            "Startup Cost": 0.0,
                            "Total Cost": 705537.15,
                            "Plan Rows": 21778261,
                            "Plan Width": 4,
                            "Actual Startup Time": 611.095,
                            "Actual Total Time": 2963.201,
                            "Actual Rows": 21791610,
                            "Actual Loops": 2,
                            "Filter": "(person_id > 1423339)",
                            "Rows Removed by Filter": 14452734
                          },
                          {
                            "Node Type": "Hash",
                            "Parent Relationship": "Inner",
                            "Parallel Aware": false,
                            "Startup Cost": 73922.39,
                            "Total Cost": 73922.39,
                            "Plan Rows": 1268611,
                            "Plan Width": 4,
                            "Actual Startup Time": 560.424,
                            "Actual Total Time": 560.426,
                            "Actual Rows": 1348885,
                            "Actual Loops": 2,
                            "Hash Buckets": 2097152,
                            "Original Hash Buckets": 2097152,
                            "Hash Batches": 1,
                            "Original Hash Batches": 1,
                            "Peak Memory Usage": 63806,
                            "Plans": [
                              {
                                "Node Type": "Seq Scan",
                                "Parent Relationship": "Outer",
                                "Parallel Aware": false,
                                "Relation Name": "title",
                                "Alias": "t",
                                "Startup Cost": 0.0,
                                "Total Cost": 73922.39,
                                "Plan Rows": 1268611,
                                "Plan Width": 4,
                                "Actual Startup Time": 0.027,
                                "Actual Total Time": 285.044,
                                "Actual Rows": 1348885,
                                "Actual Loops": 2,
                                "Filter": "((production_year > 1970) AND (kind_id = 7))",
                                "Rows Removed by Filter": 1179427
                              }
                            ]
                          }
                        ]
                      }
                    ]
                  }
                ]
              }
            ]
          }
        ]
      }
    ]
  },
  "Planning Time": 1.068,
  "Triggers": [],
  "Execution Time": 22041.162
}