{
  "Plan": {
    "Node Type": "Aggregate",
    "Strategy": "Plain",
    "Partial Mode": "Finalize",
    "Parallel Aware": false,
    "Startup Cost": 369130.61,
    "Total Cost": 369130.62,
    "Plan Rows": 1,
    "Plan Width": 8,
    "Actual Startup Time": 2705.262,
    "Actual Total Time": 2743.778,
    "Actual Rows": 1,
    "Actual Loops": 1,
    "Plans": [
      {
        "Node Type": "Gather",
        "Parent Relationship": "Outer",
        "Parallel Aware": false,
        "Startup Cost": 369130.5,
        "Total Cost": 369130.61,
        "Plan Rows": 1,
        "Plan Width": 8,
        "Actual Startup Time": 2705.255,
        "Actual Total Time": 2743.772,
        "Actual Rows": 2,
        "Actual Loops": 1,
        "Workers Planned": 1,
        "Workers Launched": 1,
        "Single Copy": false,
        "Plans": [
          {
            "Node Type": "Aggregate",
            "Strategy": "Plain",
            "Partial Mode": "Partial",
            "Parent Relationship": "Outer",
            "Parallel Aware": false,
            "Startup Cost": 368130.5,
            "Total Cost": 368130.51,
            "Plan Rows": 1,
            "Plan Width": 8,
            "Actual Startup Time": 2698.941,
            "Actual Total Time": 2698.943,
            "Actual Rows": 1,
            "Actual Loops": 2,
            "Plans": [
              {
                "Node Type": "Merge Join",
                "Parent Relationship": "Outer",
                "Parallel Aware": false,
                "Join Type": "Inner",
                "Startup Cost": 20.62,
                "Total Cost": 367374.44,
                "Plan Rows": 302422,
                "Plan Width": 0,
                "Actual Startup Time": 9.641,
                "Actual Total Time": 2660.421,
                "Actual Rows": 856768,
                "Actual Loops": 2,
                "Inner Unique": false,
                "Merge Cond": "(t.id = mi_idx.movie_id)",
                "Plans": [
                  {
                    "Node Type": "Merge Join",
                    "Parent Relationship": "Outer",
                    "Parallel Aware": false,
                    "Join Type": "Inner",
                    "Startup Cost": 14.1,
                    "Total Cost": 302289.5,
                    "Plan Rows": 1659499,
                    "Plan Width": 8,
                    "Actual Startup Time": 9.148,
                    "Actual Total Time": 1870.371,
                    "Actual Rows": 1175784,
                    "Actual Loops": 2,
                    "Inner Unique": true,
                    "Merge Cond": "(mk.movie_id = t.id)",
                    "Plans": [
                      {
                        "Node Type": "Index Only Scan",
                        "Parent Relationship": "Outer",
                        "Parallel Aware": true,
                        "Scan Direction": "Forward",
                        "Index Name": "movie_id_movie_keyword",
                        "Relation Name": "movie_keyword",
                        "Alias": "mk",
                        "Startup Cost": 0.43,
                        "Total Cost": 158560.11,
                        "Plan Rows": 2661135,
                        "Plan Width": 4,
                        "Actual Startup Time": 0.106,
                        "Actual Total Time": 428.343,
                        "Actual Rows": 2261965,
                        "Actual Loops": 2,
                        "Heap Fetches": 4523930
                      },
                      {
                        "Node Type": "Index Scan",
                        "Parent Relationship": "Inner",
                        "Parallel Aware": false,
                        "Scan Direction": "Forward",
                        "Index Name": "title_pkey",
                        "Relation Name": "title",
                        "Alias": "t",
                        "Startup Cost": 0.43,
                        "Total Cost": 116660.7,
                        "Plan Rows": 1576658,
                        "Plan Width": 4,
                        "Actual Startup Time": 0.137,
                        "Actual Total Time": 1187.327,
                        "Actual Rows": 1570134,
                        "Actual Loops": 2,
                        "Filter": "(production_year > 1996)",
                        "Rows Removed by Filter": 955687
                      }
                    ]
                  },
                  {
                    "Node Type": "Index Scan",
                    "Parent Relationship": "Inner",
                    "Parallel Aware": false,
                    "Scan Direction": "Forward",
                    "Index Name": "movie_id_movie_info_idx",
                    "Relation Name": "movie_info_idx",
                    "Alias": "mi_idx",
                    "Startup Cost": 0.43,
                    "Total Cost": 57070.31,
                    "Plan Rows": 460748,
                    "Plan Width": 4,
                    "Actual Startup Time": 0.072,
                    "Actual Total Time": 609.55,
                    "Actual Rows": 1258238,
                    "Actual Loops": 2,
                    "Filter": "(info_type_id = 101)",
                    "Rows Removed by Filter": 2524518
                  }
                ]
              }
            ]
          }
        ]
      }
    ]
  },
  "Planning Time": 1.03,
  "Triggers": [],
  "Execution Time": 2743.873
}