[
  {
    "Plan": {
      "Node Type": "Aggregate",
      "Strategy": "Plain",
      "Partial Mode": "Finalize",
      "Parallel Aware": false,
      "Startup Cost": 341127.11,
      "Total Cost": 341127.12,
      "Plan Rows": 1,
      "Plan Width": 8,
      "Actual Startup Time": 933.544,
      "Actual Total Time": 978.776,
      "Actual Rows": 1,
      "Actual Loops": 1,
      "Plans": [
        {
          "Node Type": "Gather",
          "Parent Relationship": "Outer",
          "Parallel Aware": false,
          "Startup Cost": 341126.48,
          "Total Cost": 341127.09,
          "Plan Rows": 6,
          "Plan Width": 8,
          "Actual Startup Time": 933.361,
          "Actual Total Time": 978.752,
          "Actual Rows": 7,
          "Actual Loops": 1,
          "Workers Planned": 6,
          "Workers Launched": 6,
          "Single Copy": false,
          "Plans": [
            {
              "Node Type": "Aggregate",
              "Strategy": "Plain",
              "Partial Mode": "Partial",
              "Parent Relationship": "Outer",
              "Parallel Aware": false,
              "Startup Cost": 340126.48,
              "Total Cost": 340126.49,
              "Plan Rows": 1,
              "Plan Width": 8,
              "Actual Startup Time": 924.276,
              "Actual Total Time": 924.277,
              "Actual Rows": 1,
              "Actual Loops": 7,
              "Plans": [
                {
                  "Node Type": "Seq Scan",
                  "Parent Relationship": "Outer",
                  "Parallel Aware": true,
                  "Relation Name": "cast_info",
                  "Alias": "ci",
                  "Startup Cost": 0.0,
                  "Total Cost": 328211.39,
                  "Plan Rows": 4766037,
                  "Plan Width": 0,
                  "Actual Startup Time": 0.055,
                  "Actual Total Time": 697.889,
                  "Actual Rows": 4091384,
                  "Actual Loops": 7,
                  "Filter": "(person_id < 2914126)",
                  "Rows Removed by Filter": 1086379
                }
              ]
            }
          ]
        }
      ]
    },
    "Planning Time": 0.21,
    "Triggers": [],
    "Execution Time": 978.879
  }
]