[
  {
    "Plan": {
      "Node Type": "Aggregate",
      "Strategy": "Plain",
      "Partial Mode": "Finalize",
      "Parallel Aware": false,
      "Startup Cost": 342381.96,
      "Total Cost": 342381.97,
      "Plan Rows": 1,
      "Plan Width": 8,
      "Actual Startup Time": 917.58,
      "Actual Total Time": 980.212,
      "Actual Rows": 1,
      "Actual Loops": 1,
      "Plans": [
        {
          "Node Type": "Gather",
          "Parent Relationship": "Outer",
          "Parallel Aware": false,
          "Startup Cost": 342381.33,
          "Total Cost": 342381.94,
          "Plan Rows": 6,
          "Plan Width": 8,
          "Actual Startup Time": 917.396,
          "Actual Total Time": 980.192,
          "Actual Rows": 7,
          "Actual Loops": 1,
          "Workers Planned": 6,
          "Workers Launched": 6,
          "Single Copy": false,
          "Plans": [
            {
              "Node Type": "Aggregate",
              "Strategy": "Plain",
              "Partial Mode": "Partial",
              "Parent Relationship": "Outer",
              "Parallel Aware": false,
              "Startup Cost": 341381.33,
              "Total Cost": 341381.34,
              "Plan Rows": 1,
              "Plan Width": 8,
              "Actual Startup Time": 910.35,
              "Actual Total Time": 910.352,
              "Actual Rows": 1,
              "Actual Loops": 7,
              "Plans": [
                {
                  "Node Type": "Seq Scan",
                  "Parent Relationship": "Outer",
                  "Parallel Aware": true,
                  "Relation Name": "cast_info",
                  "Alias": "ci",
                  "Startup Cost": 0.0,
                  "Total Cost": 328211.39,
                  "Plan Rows": 5267977,
                  "Plan Width": 0,
                  "Actual Startup Time": 0.045,
                  "Actual Total Time": 705.257,
                  "Actual Rows": 4515030,
                  "Actual Loops": 7,
                  "Filter": "(role_id < 10)",
                  "Rows Removed by Filter": 662734
                }
              ]
            }
          ]
        }
      ]
    },
    "Planning Time": 0.08,
    "Triggers": [],
    "Execution Time": 980.256
  }
]