[
    {
        "Bao": {
            "Bao prediction": "NaN",
            "Bao recommended hint": "(no hint)"
        }
    },
    {
        "Plan": {
            "Node Type": "Aggregate",
            "Strategy": "Plain",
            "Partial Mode": "Simple",
            "Parallel Aware": false,
            "Startup Cost": 21883.66,
            "Total Cost": 21883.67,
            "Plan Rows": 1,
            "Plan Width": 8,
            "Actual Startup Time": 35.851,
            "Actual Total Time": 35.853,
            "Actual Rows": 1,
            "Actual Loops": 1,
            "Output": [
                "count(*)"
            ],
            "Plans": [
                {
                    "Node Type": "Bitmap Heap Scan",
                    "Parent Relationship": "Outer",
                    "Parallel Aware": false,
                    "Relation Name": "movie_companies",
                    "Schema": "public",
                    "Alias": "mc",
                    "Startup Cost": 1829.55,
                    "Total Cost": 21672.98,
                    "Plan Rows": 84274,
                    "Plan Width": 0,
                    "Actual Startup Time": 7.541,
                    "Actual Total Time": 29.66,
                    "Actual Rows": 86189,
                    "Actual Loops": 1,
                    "Recheck Cond": "(mc.company_id > 166062)",
                    "Rows Removed by Index Recheck": 0,
                    "Exact Heap Blocks": 2865,
                    "Lossy Heap Blocks": 0,
                    "Plans": [
                        {
                            "Node Type": "Bitmap Index Scan",
                            "Parent Relationship": "Outer",
                            "Parallel Aware": false,
                            "Index Name": "company_id_movie_companies",
                            "Startup Cost": 0.0,
                            "Total Cost": 1808.48,
                            "Plan Rows": 84274,
                            "Plan Width": 0,
                            "Actual Startup Time": 6.691,
                            "Actual Total Time": 6.692,
                            "Actual Rows": 86189,
                            "Actual Loops": 1,
                            "Index Cond": "(mc.company_id > 166062)"
                        }
                    ]
                }
            ]
        },
        "Planning Time": 219.547,
        "Triggers": [],
        "Execution Time": 35.917
    }
]