[
    {
        "Bao": {
            "Bao prediction": "NaN",
            "Bao recommended hint": "(no hint)"
        }
    },
    {
        "Plan": {
            "Node Type": "Aggregate",
            "Strategy": "Plain",
            "Partial Mode": "Finalize",
            "Parallel Aware": false,
            "Startup Cost": 385080.64,
            "Total Cost": 385080.65,
            "Plan Rows": 1,
            "Plan Width": 8,
            "Actual Startup Time": 2470.531,
            "Actual Total Time": 2504.387,
            "Actual Rows": 1,
            "Actual Loops": 1,
            "Output": [
                "count(*)"
            ],
            "Plans": [
                {
                    "Node Type": "Gather",
                    "Parent Relationship": "Outer",
                    "Parallel Aware": false,
                    "Startup Cost": 385080.01,
                    "Total Cost": 385080.62,
                    "Plan Rows": 6,
                    "Plan Width": 8,
                    "Actual Startup Time": 2465.353,
                    "Actual Total Time": 2504.376,
                    "Actual Rows": 7,
                    "Actual Loops": 1,
                    "Output": [
                        "(PARTIAL count(*))"
                    ],
                    "Workers Planned": 6,
                    "Workers Launched": 6,
                    "Single Copy": false,
                    "Plans": [
                        {
                            "Node Type": "Aggregate",
                            "Strategy": "Plain",
                            "Partial Mode": "Partial",
                            "Parent Relationship": "Outer",
                            "Parallel Aware": false,
                            "Startup Cost": 384080.01,
                            "Total Cost": 384080.02,
                            "Plan Rows": 1,
                            "Plan Width": 8,
                            "Actual Startup Time": 2455.246,
                            "Actual Total Time": 2455.249,
                            "Actual Rows": 1,
                            "Actual Loops": 7,
                            "Output": [
                                "PARTIAL count(*)"
                            ],
                            "Workers": [
                                {
                                    "Worker Number": 0,
                                    "Actual Startup Time": 2452.82,
                                    "Actual Total Time": 2452.822,
                                    "Actual Rows": 1,
                                    "Actual Loops": 1
                                },
                                {
                                    "Worker Number": 1,
                                    "Actual Startup Time": 2453.318,
                                    "Actual Total Time": 2453.32,
                                    "Actual Rows": 1,
                                    "Actual Loops": 1
                                },
                                {
                                    "Worker Number": 2,
                                    "Actual Startup Time": 2453.46,
                                    "Actual Total Time": 2453.463,
                                    "Actual Rows": 1,
                                    "Actual Loops": 1
                                },
                                {
                                    "Worker Number": 3,
                                    "Actual Startup Time": 2453.75,
                                    "Actual Total Time": 2453.752,
                                    "Actual Rows": 1,
                                    "Actual Loops": 1
                                },
                                {
                                    "Worker Number": 4,
                                    "Actual Startup Time": 2453.727,
                                    "Actual Total Time": 2453.729,
                                    "Actual Rows": 1,
                                    "Actual Loops": 1
                                },
                                {
                                    "Worker Number": 5,
                                    "Actual Startup Time": 2454.676,
                                    "Actual Total Time": 2454.68,
                                    "Actual Rows": 1,
                                    "Actual Loops": 1
                                }
                            ],
                            "Plans": [
                                {
                                    "Node Type": "Hash Join",
                                    "Parent Relationship": "Outer",
                                    "Parallel Aware": true,
                                    "Join Type": "Inner",
                                    "Startup Cost": 48787.07,
                                    "Total Cost": 377755.97,
                                    "Plan Rows": 2529616,
                                    "Plan Width": 0,
                                    "Actual Startup Time": 174.288,
                                    "Actual Total Time": 2336.95,
                                    "Actual Rows": 1897600,
                                    "Actual Loops": 7,
                                    "Inner Unique": true,
                                    "Hash Cond": "(ci.movie_id = t.id)",
                                    "Workers": [
                                        {
                                            "Worker Number": 0,
                                            "Actual Startup Time": 171.945,
                                            "Actual Total Time": 2336.153,
                                            "Actual Rows": 1860244,
                                            "Actual Loops": 1
                                        },
                                        {
                                            "Worker Number": 1,
                                            "Actual Startup Time": 172.418,
                                            "Actual Total Time": 2334.608,
                                            "Actual Rows": 1887278,
                                            "Actual Loops": 1
                                        },
                                        {
                                            "Worker Number": 2,
                                            "Actual Startup Time": 172.589,
                                            "Actual Total Time": 2333.11,
                                            "Actual Rows": 1817094,
                                            "Actual Loops": 1
                                        },
                                        {
                                            "Worker Number": 3,
                                            "Actual Startup Time": 173.009,
                                            "Actual Total Time": 2334.976,
                                            "Actual Rows": 1758031,
                                            "Actual Loops": 1
                                        },
                                        {
                                            "Worker Number": 4,
                                            "Actual Startup Time": 172.936,
                                            "Actual Total Time": 2333.342,
                                            "Actual Rows": 1657745,
                                            "Actual Loops": 1
                                        },
                                        {
                                            "Worker Number": 5,
                                            "Actual Startup Time": 173.033,
                                            "Actual Total Time": 2329.985,
                                            "Actual Rows": 1739189,
                                            "Actual Loops": 1
                                        }
                                    ],
                                    "Plans": [
                                        {
                                            "Node Type": "Seq Scan",
                                            "Parent Relationship": "Outer",
                                            "Parallel Aware": true,
                                            "Relation Name": "cast_info",
                                            "Schema": "public",
                                            "Alias": "ci",
                                            "Startup Cost": 0.0,
                                            "Total Cost": 313108.29,
                                            "Plan Rows": 6042129,
                                            "Plan Width": 4,
                                            "Actual Startup Time": 0.037,
                                            "Actual Total Time": 605.052,
                                            "Actual Rows": 5177763,
                                            "Actual Loops": 7,
                                            "Output": [
                                                "ci.id",
                                                "ci.person_id",
                                                "ci.movie_id",
                                                "ci.person_role_id",
                                                "ci.note",
                                                "ci.nr_order",
                                                "ci.role_id"
                                            ],
                                            "Workers": [
                                                {
                                                    "Worker Number": 0,
                                                    "Actual Startup Time": 0.036,
                                                    "Actual Total Time": 623.682,
                                                    "Actual Rows": 5113177,
                                                    "Actual Loops": 1
                                                },
                                                {
                                                    "Worker Number": 1,
                                                    "Actual Startup Time": 0.039,
                                                    "Actual Total Time": 610.693,
                                                    "Actual Rows": 5180141,
                                                    "Actual Loops": 1
                                                },
                                                {
                                                    "Worker Number": 2,
                                                    "Actual Startup Time": 0.034,
                                                    "Actual Total Time": 620.225,
                                                    "Actual Rows": 4980464,
                                                    "Actual Loops": 1
                                                },
                                                {
                                                    "Worker Number": 3,
                                                    "Actual Startup Time": 0.029,
                                                    "Actual Total Time": 633.0,
                                                    "Actual Rows": 4812625,
                                                    "Actual Loops": 1
                                                },
                                                {
                                                    "Worker Number": 4,
                                                    "Actual Startup Time": 0.054,
                                                    "Actual Total Time": 634.522,
                                                    "Actual Rows": 4487283,
                                                    "Actual Loops": 1
                                                },
                                                {
                                                    "Worker Number": 5,
                                                    "Actual Startup Time": 0.058,
                                                    "Actual Total Time": 631.547,
                                                    "Actual Rows": 4674553,
                                                    "Actual Loops": 1
                                                }
                                            ]
                                        },
                                        {
                                            "Node Type": "Hash",
                                            "Parent Relationship": "Inner",
                                            "Parallel Aware": true,
                                            "Startup Cost": 45479.21,
                                            "Total Cost": 45479.21,
                                            "Plan Rows": 264629,
                                            "Plan Width": 4,
                                            "Actual Startup Time": 170.771,
                                            "Actual Total Time": 170.772,
                                            "Actual Rows": 143324,
                                            "Actual Loops": 7,
                                            "Output": [
                                                "t.id"
                                            ],
                                            "Hash Buckets": 2097152,
                                            "Original Hash Buckets": 2097152,
                                            "Hash Batches": 1,
                                            "Original Hash Batches": 1,
                                            "Peak Memory Usage": 55712,
                                            "Workers": [
                                                {
                                                    "Worker Number": 0,
                                                    "Actual Startup Time": 171.149,
                                                    "Actual Total Time": 171.15,
                                                    "Actual Rows": 121886,
                                                    "Actual Loops": 1
                                                },
                                                {
                                                    "Worker Number": 1,
                                                    "Actual Startup Time": 171.638,
                                                    "Actual Total Time": 171.64,
                                                    "Actual Rows": 125886,
                                                    "Actual Loops": 1
                                                },
                                                {
                                                    "Worker Number": 2,
                                                    "Actual Startup Time": 171.763,
                                                    "Actual Total Time": 171.764,
                                                    "Actual Rows": 126469,
                                                    "Actual Loops": 1
                                                },
                                                {
                                                    "Worker Number": 3,
                                                    "Actual Startup Time": 172.081,
                                                    "Actual Total Time": 172.081,
                                                    "Actual Rows": 123146,
                                                    "Actual Loops": 1
                                                },
                                                {
                                                    "Worker Number": 4,
                                                    "Actual Startup Time": 171.896,
                                                    "Actual Total Time": 171.896,
                                                    "Actual Rows": 120069,
                                                    "Actual Loops": 1
                                                },
                                                {
                                                    "Worker Number": 5,
                                                    "Actual Startup Time": 172.011,
                                                    "Actual Total Time": 172.012,
                                                    "Actual Rows": 126656,
                                                    "Actual Loops": 1
                                                }
                                            ],
                                            "Plans": [
                                                {
                                                    "Node Type": "Seq Scan",
                                                    "Parent Relationship": "Outer",
                                                    "Parallel Aware": true,
                                                    "Relation Name": "title",
                                                    "Schema": "public",
                                                    "Alias": "t",
                                                    "Startup Cost": 0.0,
                                                    "Total Cost": 45479.21,
                                                    "Plan Rows": 264629,
                                                    "Plan Width": 4,
                                                    "Actual Startup Time": 0.056,
                                                    "Actual Total Time": 92.061,
                                                    "Actual Rows": 143324,
                                                    "Actual Loops": 7,
                                                    "Output": [
                                                        "t.id"
                                                    ],
                                                    "Filter": "((t.kind_id > 1) AND (t.production_year < 2006))",
                                                    "Rows Removed by Filter": 217863,
                                                    "Workers": [
                                                        {
                                                            "Worker Number": 0,
                                                            "Actual Startup Time": 0.077,
                                                            "Actual Total Time": 94.535,
                                                            "Actual Rows": 121886,
                                                            "Actual Loops": 1
                                                        },
                                                        {
                                                            "Worker Number": 1,
                                                            "Actual Startup Time": 0.07,
                                                            "Actual Total Time": 95.022,
                                                            "Actual Rows": 125886,
                                                            "Actual Loops": 1
                                                        },
                                                        {
                                                            "Worker Number": 2,
                                                            "Actual Startup Time": 0.061,
                                                            "Actual Total Time": 95.033,
                                                            "Actual Rows": 126469,
                                                            "Actual Loops": 1
                                                        },
                                                        {
                                                            "Worker Number": 3,
                                                            "Actual Startup Time": 0.062,
                                                            "Actual Total Time": 92.67,
                                                            "Actual Rows": 123146,
                                                            "Actual Loops": 1
                                                        },
                                                        {
                                                            "Worker Number": 4,
                                                            "Actual Startup Time": 0.063,
                                                            "Actual Total Time": 92.771,
                                                            "Actual Rows": 120069,
                                                            "Actual Loops": 1
                                                        },
                                                        {
                                                            "Worker Number": 5,
                                                            "Actual Startup Time": 0.045,
                                                            "Actual Total Time": 95.444,
                                                            "Actual Rows": 126656,
                                                            "Actual Loops": 1
                                                        }
                                                    ]
                                                }
                                            ]
                                        }
                                    ]
                                }
                            ]
                        }
                    ]
                }
            ]
        },
        "Planning Time": 184.331,
        "Triggers": [],
        "Execution Time": 2504.445
    }
]