[
  {
    "Plan": {
      "Node Type": "Aggregate",
      "Strategy": "Plain",
      "Partial Mode": "Finalize",
      "Parallel Aware": false,
      "Startup Cost": 215703.83,
      "Total Cost": 215703.84,
      "Plan Rows": 1,
      "Plan Width": 8,
      "Actual Startup Time": 108.486,
      "Actual Total Time": 115.618,
      "Actual Rows": 1,
      "Actual Loops": 1,
      "Plans": [
        {
          "Node Type": "Gather",
          "Parent Relationship": "Outer",
          "Parallel Aware": false,
          "Startup Cost": 215703.31,
          "Total Cost": 215703.82,
          "Plan Rows": 5,
          "Plan Width": 8,
          "Actual Startup Time": 107.121,
          "Actual Total Time": 115.611,
          "Actual Rows": 6,
          "Actual Loops": 1,
          "Workers Planned": 5,
          "Workers Launched": 5,
          "Single Copy": false,
          "Plans": [
            {
              "Node Type": "Aggregate",
              "Strategy": "Plain",
              "Partial Mode": "Partial",
              "Parent Relationship": "Outer",
              "Parallel Aware": false,
              "Startup Cost": 214703.31,
              "Total Cost": 214703.32,
              "Plan Rows": 1,
              "Plan Width": 8,
              "Actual Startup Time": 101.139,
              "Actual Total Time": 101.142,
              "Actual Rows": 1,
              "Actual Loops": 6,
              "Plans": [
                {
                  "Node Type": "Nested Loop",
                  "Parent Relationship": "Outer",
                  "Parallel Aware": false,
                  "Join Type": "Inner",
                  "Startup Cost": 46942.99,
                  "Total Cost": 214694.32,
                  "Plan Rows": 3595,
                  "Plan Width": 0,
                  "Actual Startup Time": 83.225,
                  "Actual Total Time": 100.52,
                  "Actual Rows": 13630,
                  "Actual Loops": 6,
                  "Inner Unique": false,
                  "Plans": [
                    {
                      "Node Type": "Hash Join",
                      "Parent Relationship": "Outer",
                      "Parallel Aware": true,
                      "Join Type": "Inner",
                      "Startup Cost": 46942.55,
                      "Total Cost": 209330.59,
                      "Plan Rows": 2009,
                      "Plan Width": 8,
                      "Actual Startup Time": 83.164,
                      "Actual Total Time": 94.751,
                      "Actual Rows": 190,
                      "Actual Loops": 6,
                      "Inner Unique": true,
                      "Hash Cond": "(mi.movie_id = t.id)",
                      "Plans": [
                        {
                          "Node Type": "Bitmap Heap Scan",
                          "Parent Relationship": "Outer",
                          "Parallel Aware": true,
                          "Relation Name": "movie_info",
                          "Alias": "mi",
                          "Startup Cost": 2456.66,
                          "Total Cost": 164773.69,
                          "Plan Rows": 27051,
                          "Plan Width": 4,
                          "Actual Startup Time": 8.027,
                          "Actual Total Time": 16.446,
                          "Actual Rows": 24581,
                          "Actual Loops": 6,
                          "Recheck Cond": "(info_type_id = 107)",
                          "Rows Removed by Index Recheck": 0,
                          "Exact Heap Blocks": 990,
                          "Lossy Heap Blocks": 0,
                          "Plans": [
                            {
                              "Node Type": "Bitmap Index Scan",
                              "Parent Relationship": "Outer",
                              "Parallel Aware": false,
                              "Index Name": "info_type_id_movie_info",
                              "Startup Cost": 0.0,
                              "Total Cost": 2422.85,
                              "Plan Rows": 135255,
                              "Plan Width": 0,
                              "Actual Startup Time": 7.291,
                              "Actual Total Time": 7.291,
                              "Actual Rows": 147487,
                              "Actual Loops": 1,
                              "Index Cond": "(info_type_id = 107)"
                            }
                          ]
                        },
                        {
                          "Node Type": "Hash",
                          "Parent Relationship": "Inner",
                          "Parallel Aware": true,
                          "Startup Cost": 43899.01,
                          "Total Cost": 43899.01,
                          "Plan Rows": 46951,
                          "Plan Width": 4,
                          "Actual Startup Time": 74.331,
                          "Actual Total Time": 74.332,
                          "Actual Rows": 31298,
                          "Actual Loops": 6,
                          "Hash Buckets": 262144,
                          "Original Hash Buckets": 262144,
                          "Hash Batches": 1,
                          "Original Hash Batches": 1,
                          "Peak Memory Usage": 9440,
                          "Plans": [
                            {
                              "Node Type": "Seq Scan",
                              "Parent Relationship": "Outer",
                              "Parallel Aware": true,
                              "Relation Name": "title",
                              "Alias": "t",
                              "Startup Cost": 0.0,
                              "Total Cost": 43899.01,
                              "Plan Rows": 46951,
                              "Plan Width": 4,
                              "Actual Startup Time": 0.082,
                              "Actual Total Time": 63.418,
                              "Actual Rows": 31298,
                              "Actual Loops": 6,
                              "Filter": "(production_year < 1954)",
                              "Rows Removed by Filter": 390087
                            }
                          ]
                        }
                      ]
                    },
                    {
                      "Node Type": "Index Only Scan",
                      "Parent Relationship": "Inner",
                      "Parallel Aware": false,
                      "Scan Direction": "Forward",
                      "Index Name": "movie_id_movie_keyword",
                      "Relation Name": "movie_keyword",
                      "Alias": "mk",
                      "Startup Cost": 0.43,
                      "Total Cost": 2.21,
                      "Plan Rows": 46,
                      "Plan Width": 4,
                      "Actual Startup Time": 0.013,
                      "Actual Total Time": 0.025,
                      "Actual Rows": 72,
                      "Actual Loops": 1138,
                      "Index Cond": "(movie_id = t.id)",
                      "Rows Removed by Index Recheck": 0,
                      "Heap Fetches": 81781
                    }
                  ]
                }
              ]
            }
          ]
        }
      ]
    },
    "Planning Time": 0.411,
    "Triggers": [],
    "Execution Time": 115.656
  }
]