[
  {
    "Plan": {
      "Node Type": "Aggregate",
      "Strategy": "Plain",
      "Partial Mode": "Finalize",
      "Parallel Aware": false,
      "Startup Cost": 169907.32,
      "Total Cost": 169907.33,
      "Plan Rows": 1,
      "Plan Width": 8,
      "Actual Startup Time": 2059.994,
      "Actual Total Time": 2147.075,
      "Actual Rows": 1,
      "Actual Loops": 1,
      "Plans": [
        {
          "Node Type": "Gather",
          "Parent Relationship": "Outer",
          "Parallel Aware": false,
          "Startup Cost": 169907.0,
          "Total Cost": 169907.31,
          "Plan Rows": 3,
          "Plan Width": 8,
          "Actual Startup Time": 2058.946,
          "Actual Total Time": 2147.065,
          "Actual Rows": 4,
          "Actual Loops": 1,
          "Workers Planned": 3,
          "Workers Launched": 3,
          "Single Copy": false,
          "Plans": [
            {
              "Node Type": "Aggregate",
              "Strategy": "Plain",
              "Partial Mode": "Partial",
              "Parent Relationship": "Outer",
              "Parallel Aware": false,
              "Startup Cost": 168907.0,
              "Total Cost": 168907.01,
              "Plan Rows": 1,
              "Plan Width": 8,
              "Actual Startup Time": 2053.942,
              "Actual Total Time": 2054.0,
              "Actual Rows": 1,
              "Actual Loops": 4,
              "Plans": [
                {
                  "Node Type": "Nested Loop",
                  "Parent Relationship": "Outer",
                  "Parallel Aware": false,
                  "Join Type": "Inner",
                  "Startup Cost": 46196.5,
                  "Total Cost": 168761.4,
                  "Plan Rows": 58239,
                  "Plan Width": 0,
                  "Actual Startup Time": 150.827,
                  "Actual Total Time": 2044.689,
                  "Actual Rows": 140832,
                  "Actual Loops": 4,
                  "Inner Unique": false,
                  "Join Filter": "(t.id = ci.movie_id)",
                  "Rows Removed by Join Filter": 0,
                  "Plans": [
                    {
                      "Node Type": "Hash Join",
                      "Parent Relationship": "Outer",
                      "Parallel Aware": true,
                      "Join Type": "Inner",
                      "Startup Cost": 46195.94,
                      "Total Cost": 76487.14,
                      "Plan Rows": 33865,
                      "Plan Width": 8,
                      "Actual Startup Time": 150.627,
                      "Actual Total Time": 309.278,
                      "Actual Rows": 85136,
                      "Actual Loops": 4,
                      "Inner Unique": true,
                      "Hash Cond": "(mc.movie_id = t.id)",
                      "Plans": [
                        {
                          "Node Type": "Seq Scan",
                          "Parent Relationship": "Outer",
                          "Parallel Aware": true,
                          "Relation Name": "movie_companies",
                          "Alias": "mc",
                          "Startup Cost": 0.0,
                          "Total Cost": 29310.68,
                          "Plan Rows": 373533,
                          "Plan Width": 4,
                          "Actual Startup Time": 10.113,
                          "Actual Total Time": 70.808,
                          "Actual Rows": 287146,
                          "Actual Loops": 4,
                          "Filter": "(company_id > 13124)",
                          "Rows Removed by Filter": 365136
                        },
                        {
                          "Node Type": "Hash",
                          "Parent Relationship": "Inner",
                          "Parallel Aware": true,
                          "Startup Cost": 45479.59,
                          "Total Cost": 45479.59,
                          "Plan Rows": 57308,
                          "Plan Width": 4,
                          "Actual Startup Time": 138.576,
                          "Actual Total Time": 138.578,
                          "Actual Rows": 87411,
                          "Actual Loops": 4,
                          "Hash Buckets": 524288,
                          "Original Hash Buckets": 262144,
                          "Hash Batches": 1,
                          "Original Hash Batches": 1,
                          "Peak Memory Usage": 19904,
                          "Plans": [
                            {
                              "Node Type": "Seq Scan",
                              "Parent Relationship": "Outer",
                              "Parallel Aware": true,
                              "Relation Name": "title",
                              "Alias": "t",
                              "Startup Cost": 0.0,
                              "Total Cost": 45479.59,
                              "Plan Rows": 57308,
                              "Plan Width": 4,
                              "Actual Startup Time": 0.055,
                              "Actual Total Time": 100.244,
                              "Actual Rows": 87411,
                              "Actual Loops": 4,
                              "Filter": "((kind_id < 7) AND (production_year < 1986))",
                              "Rows Removed by Filter": 544667
                            }
                          ]
                        }
                      ]
                    },
                    {
                      "Node Type": "Index Scan",
                      "Parent Relationship": "Inner",
                      "Parallel Aware": false,
                      "Scan Direction": "Forward",
                      "Index Name": "movie_id_cast_info",
                      "Relation Name": "cast_info",
                      "Alias": "ci",
                      "Startup Cost": 0.56,
                      "Total Cost": 2.67,
                      "Plan Rows": 4,
                      "Plan Width": 4,
                      "Actual Startup Time": 0.013,
                      "Actual Total Time": 0.02,
                      "Actual Rows": 2,
                      "Actual Loops": 340542,
                      "Index Cond": "(movie_id = mc.movie_id)",
                      "Rows Removed by Index Recheck": 0,
                      "Filter": "((person_id < 2149659) AND (role_id = 2))",
                      "Rows Removed by Filter": 18
                    }
                  ]
                }
              ]
            }
          ]
        }
      ]
    },
    "Planning Time": 1.569,
    "Triggers": [],
    "Execution Time": 2147.183
  }
]