[
  {
    "Plan": {
      "Node Type": "Aggregate",
      "Strategy": "Plain",
      "Partial Mode": "Finalize",
      "Parallel Aware": false,
      "Startup Cost": 23889.48,
      "Total Cost": 23889.49,
      "Plan Rows": 1,
      "Plan Width": 8,
      "Actual Startup Time": 54.431,
      "Actual Total Time": 59.072,
      "Actual Rows": 1,
      "Actual Loops": 1,
      "Plans": [
        {
          "Node Type": "Gather",
          "Parent Relationship": "Outer",
          "Parallel Aware": false,
          "Startup Cost": 23889.16,
          "Total Cost": 23889.47,
          "Plan Rows": 3,
          "Plan Width": 8,
          "Actual Startup Time": 54.215,
          "Actual Total Time": 59.063,
          "Actual Rows": 4,
          "Actual Loops": 1,
          "Workers Planned": 3,
          "Workers Launched": 3,
          "Single Copy": false,
          "Plans": [
            {
              "Node Type": "Aggregate",
              "Strategy": "Plain",
              "Partial Mode": "Partial",
              "Parent Relationship": "Outer",
              "Parallel Aware": false,
              "Startup Cost": 22889.16,
              "Total Cost": 22889.17,
              "Plan Rows": 1,
              "Plan Width": 8,
              "Actual Startup Time": 45.102,
              "Actual Total Time": 45.103,
              "Actual Rows": 1,
              "Actual Loops": 4,
              "Plans": [
                {
                  "Node Type": "Bitmap Heap Scan",
                  "Parent Relationship": "Outer",
                  "Parallel Aware": true,
                  "Relation Name": "movie_companies",
                  "Alias": "mc",
                  "Startup Cost": 3350.9,
                  "Total Cost": 22764.45,
                  "Plan Rows": 49884,
                  "Plan Width": 0,
                  "Actual Startup Time": 13.771,
                  "Actual Total Time": 41.179,
                  "Actual Rows": 37710,
                  "Actual Loops": 4,
                  "Recheck Cond": "(company_id > 131725)",
                  "Rows Removed by Index Recheck": 0,
                  "Exact Heap Blocks": 2051,
                  "Lossy Heap Blocks": 0,
                  "Plans": [
                    {
                      "Node Type": "Bitmap Index Scan",
                      "Parent Relationship": "Outer",
                      "Parallel Aware": false,
                      "Index Name": "company_id_movie_companies",
                      "Startup Cost": 0.0,
                      "Total Cost": 3312.24,
                      "Plan Rows": 154641,
                      "Plan Width": 0,
                      "Actual Startup Time": 20.464,
                      "Actual Total Time": 20.464,
                      "Actual Rows": 150841,
                      "Actual Loops": 1,
                      "Index Cond": "(company_id > 131725)"
                    }
                  ]
                }
              ]
            }
          ]
        }
      ]
    },
    "Planning Time": 0.194,
    "Triggers": [],
    "Execution Time": 59.142
  }
]