[
  {
    "Plan": {
      "Node Type": "Aggregate",
      "Strategy": "Plain",
      "Partial Mode": "Finalize",
      "Parallel Aware": false,
      "Startup Cost": 124265.88,
      "Total Cost": 124265.89,
      "Plan Rows": 1,
      "Plan Width": 8,
      "Actual Startup Time": 936.359,
      "Actual Total Time": 962.146,
      "Actual Rows": 1,
      "Actual Loops": 1,
      "Plans": [
        {
          "Node Type": "Gather",
          "Parent Relationship": "Outer",
          "Parallel Aware": false,
          "Startup Cost": 124265.56,
          "Total Cost": 124265.87,
          "Plan Rows": 3,
          "Plan Width": 8,
          "Actual Startup Time": 919.239,
          "Actual Total Time": 962.14,
          "Actual Rows": 4,
          "Actual Loops": 1,
          "Workers Planned": 3,
          "Workers Launched": 3,
          "Single Copy": false,
          "Plans": [
            {
              "Node Type": "Aggregate",
              "Strategy": "Plain",
              "Partial Mode": "Partial",
              "Parent Relationship": "Outer",
              "Parallel Aware": false,
              "Startup Cost": 123265.56,
              "Total Cost": 123265.57,
              "Plan Rows": 1,
              "Plan Width": 8,
              "Actual Startup Time": 910.777,
              "Actual Total Time": 910.782,
              "Actual Rows": 1,
              "Actual Loops": 4,
              "Plans": [
                {
                  "Node Type": "Hash Join",
                  "Parent Relationship": "Outer",
                  "Parallel Aware": true,
                  "Join Type": "Inner",
                  "Startup Cost": 72602.05,
                  "Total Cost": 121794.06,
                  "Plan Rows": 588601,
                  "Plan Width": 0,
                  "Actual Startup Time": 517.625,
                  "Actual Total Time": 831.224,
                  "Actual Rows": 1969038,
                  "Actual Loops": 4,
                  "Inner Unique": false,
                  "Hash Cond": "(mk.movie_id = t.id)",
                  "Plans": [
                    {
                      "Node Type": "Seq Scan",
                      "Parent Relationship": "Outer",
                      "Parallel Aware": true,
                      "Relation Name": "movie_keyword",
                      "Alias": "mk",
                      "Startup Cost": 0.0,
                      "Total Cost": 42695.65,
                      "Plan Rows": 1078359,
                      "Plan Width": 4,
                      "Actual Startup Time": 0.012,
                      "Actual Total Time": 101.795,
                      "Actual Rows": 843843,
                      "Actual Loops": 4,
                      "Filter": "(keyword_id < 16213)",
                      "Rows Removed by Filter": 287139
                    },
                    {
                      "Node Type": "Hash",
                      "Parent Relationship": "Inner",
                      "Parallel Aware": true,
                      "Startup Cost": 65414.37,
                      "Total Cost": 65414.37,
                      "Plan Rows": 575015,
                      "Plan Width": 8,
                      "Actual Startup Time": 512.431,
                      "Actual Total Time": 512.434,
                      "Actual Rows": 345009,
                      "Actual Loops": 4,
                      "Hash Buckets": 2097152,
                      "Original Hash Buckets": 2097152,
                      "Hash Batches": 1,
                      "Original Hash Batches": 1,
                      "Peak Memory Usage": 70464,
                      "Plans": [
                        {
                          "Node Type": "Hash Join",
                          "Parent Relationship": "Outer",
                          "Parallel Aware": true,
                          "Join Type": "Inner",
                          "Startup Cost": 50219.81,
                          "Total Cost": 65414.37,
                          "Plan Rows": 575015,
                          "Plan Width": 8,
                          "Actual Startup Time": 313.361,
                          "Actual Total Time": 431.715,
                          "Actual Rows": 345009,
                          "Actual Loops": 4,
                          "Inner Unique": true,
                          "Hash Cond": "(mi_idx.movie_id = t.id)",
                          "Plans": [
                            {
                              "Node Type": "Seq Scan",
                              "Parent Relationship": "Outer",
                              "Parallel Aware": true,
                              "Relation Name": "movie_info_idx",
                              "Alias": "mi_idx",
                              "Startup Cost": 0.0,
                              "Total Cost": 13685.15,
                              "Plan Rows": 575015,
                              "Plan Width": 4,
                              "Actual Startup Time": 0.019,
                              "Actual Total Time": 28.67,
                              "Actual Rows": 345009,
                              "Actual Loops": 4
                            },
                            {
                              "Node Type": "Hash",
                              "Parent Relationship": "Inner",
                              "Parallel Aware": true,
                              "Startup Cost": 42318.81,
                              "Total Cost": 42318.81,
                              "Plan Rows": 632080,
                              "Plan Width": 4,
                              "Actual Startup Time": 307.099,
                              "Actual Total Time": 307.1,
                              "Actual Rows": 632078,
                              "Actual Loops": 4,
                              "Hash Buckets": 4194304,
                              "Original Hash Buckets": 4194304,
                              "Hash Batches": 1,
                              "Original Hash Batches": 1,
                              "Peak Memory Usage": 131744,
                              "Plans": [
                                {
                                  "Node Type": "Seq Scan",
                                  "Parent Relationship": "Outer",
                                  "Parallel Aware": true,
                                  "Relation Name": "title",
                                  "Alias": "t",
                                  "Startup Cost": 0.0,
                                  "Total Cost": 42318.81,
                                  "Plan Rows": 632080,
                                  "Plan Width": 4,
                                  "Actual Startup Time": 0.042,
                                  "Actual Total Time": 86.877,
                                  "Actual Rows": 632078,
                                  "Actual Loops": 4
                                }
                              ]
                            }
                          ]
                        }
                      ]
                    }
                  ]
                }
              ]
            }
          ]
        }
      ]
    },
    "Planning Time": 0.651,
    "Triggers": [],
    "Execution Time": 962.192
  }
]