[
  {
    "Plan": {
      "Node Type": "Aggregate",
      "Strategy": "Plain",
      "Partial Mode": "Finalize",
      "Parallel Aware": false,
      "Startup Cost": 342942.72,
      "Total Cost": 342942.73,
      "Plan Rows": 1,
      "Plan Width": 8,
      "Actual Startup Time": 753.905,
      "Actual Total Time": 827.815,
      "Actual Rows": 1,
      "Actual Loops": 1,
      "Plans": [
        {
          "Node Type": "Gather",
          "Parent Relationship": "Outer",
          "Parallel Aware": false,
          "Startup Cost": 342942.09,
          "Total Cost": 342942.7,
          "Plan Rows": 6,
          "Plan Width": 8,
          "Actual Startup Time": 753.085,
          "Actual Total Time": 827.789,
          "Actual Rows": 7,
          "Actual Loops": 1,
          "Workers Planned": 6,
          "Workers Launched": 6,
          "Single Copy": false,
          "Plans": [
            {
              "Node Type": "Aggregate",
              "Strategy": "Plain",
              "Partial Mode": "Partial",
              "Parent Relationship": "Outer",
              "Parallel Aware": false,
              "Startup Cost": 341942.09,
              "Total Cost": 341942.1,
              "Plan Rows": 1,
              "Plan Width": 8,
              "Actual Startup Time": 743.718,
              "Actual Total Time": 743.723,
              "Actual Rows": 1,
              "Actual Loops": 7,
              "Plans": [
                {
                  "Node Type": "Nested Loop",
                  "Parent Relationship": "Outer",
                  "Parallel Aware": false,
                  "Join Type": "Inner",
                  "Startup Cost": 45760.21,
                  "Total Cost": 341626.38,
                  "Plan Rows": 126283,
                  "Plan Width": 0,
                  "Actual Startup Time": 85.367,
                  "Actual Total Time": 731.48,
                  "Actual Rows": 228695,
                  "Actual Loops": 7,
                  "Inner Unique": false,
                  "Join Filter": "(t.id = mi.movie_id)",
                  "Rows Removed by Join Filter": 0,
                  "Plans": [
                    {
                      "Node Type": "Hash Join",
                      "Parent Relationship": "Outer",
                      "Parallel Aware": true,
                      "Join Type": "Inner",
                      "Startup Cost": 45759.78,
                      "Total Cost": 300716.73,
                      "Plan Rows": 21507,
                      "Plan Width": 8,
                      "Actual Startup Time": 85.227,
                      "Actual Total Time": 409.861,
                      "Actual Rows": 12143,
                      "Actual Loops": 7,
                      "Inner Unique": true,
                      "Hash Cond": "(ci.movie_id = t.id)",
                      "Plans": [
                        {
                          "Node Type": "Index Scan",
                          "Parent Relationship": "Outer",
                          "Parallel Aware": true,
                          "Scan Direction": "Forward",
                          "Index Name": "role_id_cast_info",
                          "Relation Name": "cast_info",
                          "Alias": "ci",
                          "Startup Cost": 0.56,
                          "Total Cost": 253362.23,
                          "Plan Rows": 607732,
                          "Plan Width": 4,
                          "Actual Startup Time": 0.229,
                          "Actual Total Time": 268.739,
                          "Actual Rows": 266885,
                          "Actual Loops": 7,
                          "Index Cond": "(role_id > 4)",
                          "Rows Removed by Index Recheck": 0,
                          "Filter": "(person_id < 1394316)",
                          "Rows Removed by Filter": 1073787
                        },
                        {
                          "Node Type": "Hash",
                          "Parent Relationship": "Inner",
                          "Parallel Aware": true,
                          "Startup Cost": 45479.59,
                          "Total Cost": 45479.59,
                          "Plan Rows": 22370,
                          "Plan Width": 4,
                          "Actual Startup Time": 83.422,
                          "Actual Total Time": 83.424,
                          "Actual Rows": 11570,
                          "Actual Loops": 7,
                          "Hash Buckets": 131072,
                          "Original Hash Buckets": 131072,
                          "Hash Batches": 1,
                          "Original Hash Batches": 1,
                          "Peak Memory Usage": 4288,
                          "Plans": [
                            {
                              "Node Type": "Seq Scan",
                              "Parent Relationship": "Outer",
                              "Parallel Aware": true,
                              "Relation Name": "title",
                              "Alias": "t",
                              "Startup Cost": 0.0,
                              "Total Cost": 45479.59,
                              "Plan Rows": 22370,
                              "Plan Width": 4,
                              "Actual Startup Time": 0.146,
                              "Actual Total Time": 77.5,
                              "Actual Rows": 11570,
                              "Actual Loops": 7,
                              "Filter": "((kind_id < 7) AND (production_year > 2011))",
                              "Rows Removed by Filter": 349617
                            }
                          ]
                        }
                      ]
                    },
                    {
                      "Node Type": "Index Only Scan",
                      "Parent Relationship": "Inner",
                      "Parallel Aware": false,
                      "Scan Direction": "Forward",
                      "Index Name": "movie_id_movie_info",
                      "Relation Name": "movie_info",
                      "Alias": "mi",
                      "Startup Cost": 0.43,
                      "Total Cost": 1.39,
                      "Plan Rows": 41,
                      "Plan Width": 4,
                      "Actual Startup Time": 0.009,
                      "Actual Total Time": 0.024,
                      "Actual Rows": 19,
                      "Actual Loops": 84999,
                      "Index Cond": "(movie_id = ci.movie_id)",
                      "Rows Removed by Index Recheck": 0,
                      "Heap Fetches": 1600863
                    }
                  ]
                }
              ]
            }
          ]
        }
      ]
    },
    "Planning Time": 1.106,
    "Triggers": [],
    "Execution Time": 827.918
  }
]