{
  "Plan": {
    "Node Type": "Aggregate",
    "Strategy": "Plain",
    "Partial Mode": "Finalize",
    "Parallel Aware": false,
    "Startup Cost": 951958.94,
    "Total Cost": 951958.95,
    "Plan Rows": 1,
    "Plan Width": 8,
    "Actual Startup Time": 4675.666,
    "Actual Total Time": 4774.399,
    "Actual Rows": 1,
    "Actual Loops": 1,
    "Plans": [
      {
        "Node Type": "Gather",
        "Parent Relationship": "Outer",
        "Parallel Aware": false,
        "Startup Cost": 951958.83,
        "Total Cost": 951958.94,
        "Plan Rows": 1,
        "Plan Width": 8,
        "Actual Startup Time": 4675.51,
        "Actual Total Time": 4774.391,
        "Actual Rows": 2,
        "Actual Loops": 1,
        "Workers Planned": 1,
        "Workers Launched": 1,
        "Single Copy": false,
        "Plans": [
          {
            "Node Type": "Aggregate",
            "Strategy": "Plain",
            "Partial Mode": "Partial",
            "Parent Relationship": "Outer",
            "Parallel Aware": false,
            "Startup Cost": 950958.83,
            "Total Cost": 950958.84,
            "Plan Rows": 1,
            "Plan Width": 8,
            "Actual Startup Time": 4669.318,
            "Actual Total Time": 4669.321,
            "Actual Rows": 1,
            "Actual Loops": 2,
            "Plans": [
              {
                "Node Type": "Nested Loop",
                "Parent Relationship": "Outer",
                "Parallel Aware": false,
                "Join Type": "Inner",
                "Startup Cost": 58493.47,
                "Total Cost": 947832.5,
                "Plan Rows": 1250532,
                "Plan Width": 0,
                "Actual Startup Time": 146.589,
                "Actual Total Time": 4615.93,
                "Actual Rows": 1124834,
                "Actual Loops": 2,
                "Inner Unique": false,
                "Join Filter": "(t.id = mi.movie_id)",
                "Rows Removed by Join Filter": 0,
                "Plans": [
                  {
                    "Node Type": "Hash Join",
                    "Parent Relationship": "Outer",
                    "Parallel Aware": true,
                    "Join Type": "Inner",
                    "Startup Cost": 58493.03,
                    "Total Cost": 580226.38,
                    "Plan Rows": 213865,
                    "Plan Width": 8,
                    "Actual Startup Time": 146.51,
                    "Actual Total Time": 3340.523,
                    "Actual Rows": 189778,
                    "Actual Loops": 2,
                    "Inner Unique": true,
                    "Hash Cond": "(ci.movie_id = t.id)",
                    "Plans": [
                      {
                        "Node Type": "Seq Scan",
                        "Parent Relationship": "Outer",
                        "Parallel Aware": true,
                        "Relation Name": "cast_info",
                        "Alias": "ci",
                        "Startup Cost": 0.0,
                        "Total Cost": 465792.95,
                        "Plan Rows": 21310595,
                        "Plan Width": 4,
                        "Actual Startup Time": 0.014,
                        "Actual Total Time": 1289.602,
                        "Actual Rows": 18122172,
                        "Actual Loops": 2
                      },
                      {
                        "Node Type": "Hash",
                        "Parent Relationship": "Inner",
                        "Parallel Aware": true,
                        "Startup Cost": 58306.47,
                        "Total Cost": 58306.47,
                        "Plan Rows": 14925,
                        "Plan Width": 4,
                        "Actual Startup Time": 145.254,
                        "Actual Total Time": 145.255,
                        "Actual Rows": 14623,
                        "Actual Loops": 2,
                        "Hash Buckets": 32768,
                        "Original Hash Buckets": 32768,
                        "Hash Batches": 1,
                        "Original Hash Batches": 1,
                        "Peak Memory Usage": 1440,
                        "Plans": [
                          {
                            "Node Type": "Seq Scan",
                            "Parent Relationship": "Outer",
                            "Parallel Aware": true,
                            "Relation Name": "title",
                            "Alias": "t",
                            "Startup Cost": 0.0,
                            "Total Cost": 58306.47,
                            "Plan Rows": 14925,
                            "Plan Width": 4,
                            "Actual Startup Time": 0.037,
                            "Actual Total Time": 140.609,
                            "Actual Rows": 14623,
                            "Actual Loops": 2,
                            "Filter": "((kind_id > 2) AND (production_year = 1995))",
                            "Rows Removed by Filter": 1249533
                          }
                        ]
                      }
                    ]
                  },
                  {
                    "Node Type": "Index Only Scan",
                    "Parent Relationship": "Inner",
                    "Parallel Aware": false,
                    "Scan Direction": "Forward",
                    "Index Name": "movie_id_movie_info",
                    "Relation Name": "movie_info",
                    "Alias": "mi",
                    "Startup Cost": 0.43,
                    "Total Cost": 1.19,
                    "Plan Rows": 42,
                    "Plan Width": 4,
                    "Actual Startup Time": 0.003,
                    "Actual Total Time": 0.006,
                    "Actual Rows": 6,
                    "Actual Loops": 379555,
                    "Index Cond": "(movie_id = ci.movie_id)",
                    "Rows Removed by Index Recheck": 0,
                    "Heap Fetches": 2249668
                  }
                ]
              }
            ]
          }
        ]
      }
    ]
  },
  "Planning Time": 0.929,
  "Triggers": [],
  "Execution Time": 4774.498
}