[
  {
    "Plan": {
      "Node Type": "Aggregate",
      "Strategy": "Plain",
      "Partial Mode": "Finalize",
      "Parallel Aware": false,
      "Startup Cost": 235830.38,
      "Total Cost": 235830.39,
      "Plan Rows": 1,
      "Plan Width": 8,
      "Actual Startup Time": 338.158,
      "Actual Total Time": 351.113,
      "Actual Rows": 1,
      "Actual Loops": 1,
      "Plans": [
        {
          "Node Type": "Gather",
          "Parent Relationship": "Outer",
          "Parallel Aware": false,
          "Startup Cost": 235829.86,
          "Total Cost": 235830.37,
          "Plan Rows": 5,
          "Plan Width": 8,
          "Actual Startup Time": 330.844,
          "Actual Total Time": 351.103,
          "Actual Rows": 6,
          "Actual Loops": 1,
          "Workers Planned": 5,
          "Workers Launched": 5,
          "Single Copy": false,
          "Plans": [
            {
              "Node Type": "Aggregate",
              "Strategy": "Plain",
              "Partial Mode": "Partial",
              "Parent Relationship": "Outer",
              "Parallel Aware": false,
              "Startup Cost": 234829.86,
              "Total Cost": 234829.87,
              "Plan Rows": 1,
              "Plan Width": 8,
              "Actual Startup Time": 319.879,
              "Actual Total Time": 319.883,
              "Actual Rows": 1,
              "Actual Loops": 6,
              "Plans": [
                {
                  "Node Type": "Hash Join",
                  "Parent Relationship": "Outer",
                  "Parallel Aware": true,
                  "Join Type": "Inner",
                  "Startup Cost": 68854.72,
                  "Total Cost": 234660.9,
                  "Plan Rows": 67586,
                  "Plan Width": 0,
                  "Actual Startup Time": 208.636,
                  "Actual Total Time": 315.715,
                  "Actual Rows": 78182,
                  "Actual Loops": 6,
                  "Inner Unique": true,
                  "Hash Cond": "(mi.movie_id = t.id)",
                  "Plans": [
                    {
                      "Node Type": "Bitmap Heap Scan",
                      "Parent Relationship": "Outer",
                      "Parallel Aware": true,
                      "Relation Name": "movie_info",
                      "Alias": "mi",
                      "Startup Cost": 22837.73,
                      "Total Cost": 187982.11,
                      "Plan Rows": 252111,
                      "Plan Width": 4,
                      "Actual Startup Time": 62.4,
                      "Actual Total Time": 97.633,
                      "Actual Rows": 214821,
                      "Actual Loops": 6,
                      "Recheck Cond": "(info_type_id = 2)",
                      "Rows Removed by Index Recheck": 0,
                      "Exact Heap Blocks": 1609,
                      "Lossy Heap Blocks": 0,
                      "Plans": [
                        {
                          "Node Type": "Bitmap Index Scan",
                          "Parent Relationship": "Outer",
                          "Parallel Aware": false,
                          "Index Name": "info_type_id_movie_info",
                          "Startup Cost": 0.0,
                          "Total Cost": 22522.59,
                          "Plan Rows": 1260554,
                          "Plan Width": 0,
                          "Actual Startup Time": 60.087,
                          "Actual Total Time": 60.088,
                          "Actual Rows": 1288928,
                          "Actual Loops": 1,
                          "Index Cond": "(info_type_id = 2)"
                        }
                      ]
                    },
                    {
                      "Node Type": "Hash",
                      "Parent Relationship": "Inner",
                      "Parallel Aware": true,
                      "Startup Cost": 43898.92,
                      "Total Cost": 43898.92,
                      "Plan Rows": 169446,
                      "Plan Width": 4,
                      "Actual Startup Time": 142.455,
                      "Actual Total Time": 142.456,
                      "Actual Rows": 114024,
                      "Actual Loops": 6,
                      "Hash Buckets": 1048576,
                      "Original Hash Buckets": 1048576,
                      "Hash Batches": 1,
                      "Original Hash Batches": 1,
                      "Peak Memory Usage": 35040,
                      "Plans": [
                        {
                          "Node Type": "Seq Scan",
                          "Parent Relationship": "Outer",
                          "Parallel Aware": true,
                          "Relation Name": "title",
                          "Alias": "t",
                          "Startup Cost": 0.0,
                          "Total Cost": 43898.92,
                          "Plan Rows": 169446,
                          "Plan Width": 4,
                          "Actual Startup Time": 0.054,
                          "Actual Total Time": 85.724,
                          "Actual Rows": 114024,
                          "Actual Loops": 6,
                          "Filter": "(production_year < 1990)",
                          "Rows Removed by Filter": 307361
                        }
                      ]
                    }
                  ]
                }
              ]
            }
          ]
        }
      ]
    },
    "Planning Time": 0.619,
    "Triggers": [],
    "Execution Time": 351.257
  }
]