{
    "Plan": {
        "Node Type": "Aggregate",
        "Strategy": "Plain",
        "Partial Mode": "Finalize",
        "Parallel Aware": false,
        "Startup Cost": 69657.67,
        "Total Cost": 69657.68,
        "Plan Rows": 1,
        "Plan Width": 8,
        "Actual Startup Time": 248.238,
        "Actual Total Time": 275.618,
        "Actual Rows": 1,
        "Actual Loops": 1,
        "Output": [
            "count(*)"
        ],
        "Plans": [
            {
                "Node Type": "Gather",
                "Parent Relationship": "Outer",
                "Parallel Aware": false,
                "Startup Cost": 69657.45,
                "Total Cost": 69657.66,
                "Plan Rows": 2,
                "Plan Width": 8,
                "Actual Startup Time": 248.005,
                "Actual Total Time": 275.61,
                "Actual Rows": 3,
                "Actual Loops": 1,
                "Output": [
                    "(PARTIAL count(*))"
                ],
                "Workers Planned": 2,
                "Workers Launched": 2,
                "Single Copy": false,
                "Plans": [
                    {
                        "Node Type": "Aggregate",
                        "Strategy": "Plain",
                        "Partial Mode": "Partial",
                        "Parent Relationship": "Outer",
                        "Parallel Aware": false,
                        "Startup Cost": 68657.45,
                        "Total Cost": 68657.46,
                        "Plan Rows": 1,
                        "Plan Width": 8,
                        "Actual Startup Time": 239.657,
                        "Actual Total Time": 239.661,
                        "Actual Rows": 1,
                        "Actual Loops": 3,
                        "Output": [
                            "PARTIAL count(*)"
                        ],
                        "Workers": [
                            {
                                "Worker Number": 0,
                                "Actual Startup Time": 235.887,
                                "Actual Total Time": 235.89,
                                "Actual Rows": 1,
                                "Actual Loops": 1
                            },
                            {
                                "Worker Number": 1,
                                "Actual Startup Time": 235.829,
                                "Actual Total Time": 235.833,
                                "Actual Rows": 1,
                                "Actual Loops": 1
                            }
                        ],
                        "Plans": [
                            {
                                "Node Type": "Nested Loop",
                                "Parent Relationship": "Outer",
                                "Parallel Aware": false,
                                "Join Type": "Inner",
                                "Startup Cost": 45576.64,
                                "Total Cost": 68652.28,
                                "Plan Rows": 2068,
                                "Plan Width": 0,
                                "Actual Startup Time": 138.205,
                                "Actual Total Time": 238.771,
                                "Actual Rows": 15156,
                                "Actual Loops": 3,
                                "Inner Unique": false,
                                "Join Filter": "(t.id = mi.movie_id)",
                                "Rows Removed by Join Filter": 0,
                                "Workers": [
                                    {
                                        "Worker Number": 0,
                                        "Actual Startup Time": 134.366,
                                        "Actual Total Time": 235.13,
                                        "Actual Rows": 10398,
                                        "Actual Loops": 1
                                    },
                                    {
                                        "Worker Number": 1,
                                        "Actual Startup Time": 134.587,
                                        "Actual Total Time": 235.042,
                                        "Actual Rows": 10992,
                                        "Actual Loops": 1
                                    }
                                ],
                                "Plans": [
                                    {
                                        "Node Type": "Hash Join",
                                        "Parent Relationship": "Outer",
                                        "Parallel Aware": true,
                                        "Join Type": "Inner",
                                        "Startup Cost": 45576.21,
                                        "Total Cost": 61200.67,
                                        "Plan Rows": 2347,
                                        "Plan Width": 8,
                                        "Actual Startup Time": 138.042,
                                        "Actual Total Time": 169.585,
                                        "Actual Rows": 2444,
                                        "Actual Loops": 3,
                                        "Output": [
                                            "t.id",
                                            "mi_idx.movie_id"
                                        ],
                                        "Inner Unique": true,
                                        "Hash Cond": "(mi_idx.movie_id = t.id)",
                                        "Workers": [
                                            {
                                                "Worker Number": 0,
                                                "Actual Startup Time": 134.195,
                                                "Actual Total Time": 160.082,
                                                "Actual Rows": 1756,
                                                "Actual Loops": 1
                                            },
                                            {
                                                "Worker Number": 1,
                                                "Actual Startup Time": 134.302,
                                                "Actual Total Time": 160.265,
                                                "Actual Rows": 1779,
                                                "Actual Loops": 1
                                            }
                                        ],
                                        "Plans": [
                                            {
                                                "Node Type": "Seq Scan",
                                                "Parent Relationship": "Outer",
                                                "Parallel Aware": true,
                                                "Relation Name": "movie_info_idx",
                                                "Schema": "public",
                                                "Alias": "mi_idx",
                                                "Startup Cost": 0.0,
                                                "Total Cost": 15122.68,
                                                "Plan Rows": 191154,
                                                "Plan Width": 4,
                                                "Actual Startup Time": 0.014,
                                                "Actual Total Time": 36.167,
                                                "Actual Rows": 153308,
                                                "Actual Loops": 3,
                                                "Output": [
                                                    "mi_idx.id",
                                                    "mi_idx.movie_id",
                                                    "mi_idx.info_type_id",
                                                    "mi_idx.info",
                                                    "mi_idx.note"
                                                ],
                                                "Filter": "(mi_idx.info_type_id < 100)",
                                                "Rows Removed by Filter": 306703,
                                                "Workers": [
                                                    {
                                                        "Worker Number": 0,
                                                        "Actual Startup Time": 0.011,
                                                        "Actual Total Time": 32.184,
                                                        "Actual Rows": 123265,
                                                        "Actual Loops": 1
                                                    },
                                                    {
                                                        "Worker Number": 1,
                                                        "Actual Startup Time": 0.024,
                                                        "Actual Total Time": 32.3,
                                                        "Actual Rows": 123654,
                                                        "Actual Loops": 1
                                                    }
                                                ]
                                            },
                                            {
                                                "Node Type": "Hash",
                                                "Parent Relationship": "Inner",
                                                "Parallel Aware": true,
                                                "Startup Cost": 45479.21,
                                                "Total Cost": 45479.21,
                                                "Plan Rows": 7760,
                                                "Plan Width": 4,
                                                "Actual Startup Time": 116.578,
                                                "Actual Total Time": 116.579,
                                                "Actual Rows": 5924,
                                                "Actual Loops": 3,
                                                "Output": [
                                                    "t.id"
                                                ],
                                                "Hash Buckets": 32768,
                                                "Original Hash Buckets": 32768,
                                                "Hash Batches": 1,
                                                "Original Hash Batches": 1,
                                                "Peak Memory Usage": 1024,
                                                "Workers": [
                                                    {
                                                        "Worker Number": 0,
                                                        "Actual Startup Time": 113.335,
                                                        "Actual Total Time": 113.337,
                                                        "Actual Rows": 5067,
                                                        "Actual Loops": 1
                                                    },
                                                    {
                                                        "Worker Number": 1,
                                                        "Actual Startup Time": 113.322,
                                                        "Actual Total Time": 113.323,
                                                        "Actual Rows": 5109,
                                                        "Actual Loops": 1
                                                    }
                                                ],
                                                "Plans": [
                                                    {
                                                        "Node Type": "Seq Scan",
                                                        "Parent Relationship": "Outer",
                                                        "Parallel Aware": true,
                                                        "Relation Name": "title",
                                                        "Schema": "public",
                                                        "Alias": "t",
                                                        "Startup Cost": 0.0,
                                                        "Total Cost": 45479.21,
                                                        "Plan Rows": 7760,
                                                        "Plan Width": 4,
                                                        "Actual Startup Time": 72.278,
                                                        "Actual Total Time": 114.121,
                                                        "Actual Rows": 5924,
                                                        "Actual Loops": 3,
                                                        "Output": [
                                                            "t.id"
                                                        ],
                                                        "Filter": "((t.kind_id = 1) AND (t.production_year = 2007))",
                                                        "Rows Removed by Filter": 836847,
                                                        "Workers": [
                                                            {
                                                                "Worker Number": 0,
                                                                "Actual Startup Time": 73.378,
                                                                "Actual Total Time": 111.167,
                                                                "Actual Rows": 5067,
                                                                "Actual Loops": 1
                                                            },
                                                            {
                                                                "Worker Number": 1,
                                                                "Actual Startup Time": 67.071,
                                                                "Actual Total Time": 110.666,
                                                                "Actual Rows": 5109,
                                                                "Actual Loops": 1
                                                            }
                                                        ]
                                                    }
                                                ]
                                            }
                                        ]
                                    },
                                    {
                                        "Node Type": "Index Scan",
                                        "Parent Relationship": "Inner",
                                        "Parallel Aware": false,
                                        "Scan Direction": "Forward",
                                        "Index Name": "movie_id_movie_info",
                                        "Relation Name": "movie_info",
                                        "Schema": "public",
                                        "Alias": "mi",
                                        "Startup Cost": 0.43,
                                        "Total Cost": 3.1,
                                        "Plan Rows": 6,
                                        "Plan Width": 4,
                                        "Actual Startup Time": 0.012,
                                        "Actual Total Time": 0.027,
                                        "Actual Rows": 6,
                                        "Actual Loops": 7331,
                                        "Output": [
                                            "mi.id",
                                            "mi.movie_id",
                                            "mi.info_type_id",
                                            "mi.info",
                                            "mi.note"
                                        ],
                                        "Index Cond": "(mi.movie_id = mi_idx.movie_id)",
                                        "Rows Removed by Index Recheck": 0,
                                        "Filter": "(mi.info_type_id > 16)",
                                        "Rows Removed by Filter": 17,
                                        "Workers": [
                                            {
                                                "Worker Number": 0,
                                                "Actual Startup Time": 0.018,
                                                "Actual Total Time": 0.042,
                                                "Actual Rows": 6,
                                                "Actual Loops": 1756
                                            },
                                            {
                                                "Worker Number": 1,
                                                "Actual Startup Time": 0.018,
                                                "Actual Total Time": 0.041,
                                                "Actual Rows": 6,
                                                "Actual Loops": 1779
                                            }
                                        ]
                                    }
                                ]
                            }
                        ]
                    }
                ]
            }
        ]
    },
    "Planning Time": 1.553,
    "Triggers": [],
    "Execution Time": 275.74
}