[
    {
        "Bao": {
            "Bao prediction": "NaN",
            "Bao recommended hint": "(no hint)"
        }
    },
    {
        "Plan": {
            "Node Type": "Aggregate",
            "Strategy": "Plain",
            "Partial Mode": "Finalize",
            "Parallel Aware": false,
            "Startup Cost": 85334.01,
            "Total Cost": 85334.02,
            "Plan Rows": 1,
            "Plan Width": 8,
            "Actual Startup Time": 327.838,
            "Actual Total Time": 343.66,
            "Actual Rows": 1,
            "Actual Loops": 1,
            "Output": [
                "count(*)"
            ],
            "Plans": [
                {
                    "Node Type": "Gather",
                    "Parent Relationship": "Outer",
                    "Parallel Aware": false,
                    "Startup Cost": 85333.8,
                    "Total Cost": 85334.01,
                    "Plan Rows": 2,
                    "Plan Width": 8,
                    "Actual Startup Time": 326.586,
                    "Actual Total Time": 343.652,
                    "Actual Rows": 3,
                    "Actual Loops": 1,
                    "Output": [
                        "(PARTIAL count(*))"
                    ],
                    "Workers Planned": 2,
                    "Workers Launched": 2,
                    "Single Copy": false,
                    "Plans": [
                        {
                            "Node Type": "Aggregate",
                            "Strategy": "Plain",
                            "Partial Mode": "Partial",
                            "Parent Relationship": "Outer",
                            "Parallel Aware": false,
                            "Startup Cost": 84333.8,
                            "Total Cost": 84333.81,
                            "Plan Rows": 1,
                            "Plan Width": 8,
                            "Actual Startup Time": 318.904,
                            "Actual Total Time": 318.907,
                            "Actual Rows": 1,
                            "Actual Loops": 3,
                            "Output": [
                                "PARTIAL count(*)"
                            ],
                            "Workers": [
                                {
                                    "Worker Number": 0,
                                    "Actual Startup Time": 314.849,
                                    "Actual Total Time": 314.853,
                                    "Actual Rows": 1,
                                    "Actual Loops": 1
                                },
                                {
                                    "Worker Number": 1,
                                    "Actual Startup Time": 315.583,
                                    "Actual Total Time": 315.586,
                                    "Actual Rows": 1,
                                    "Actual Loops": 1
                                }
                            ],
                            "Plans": [
                                {
                                    "Node Type": "Nested Loop",
                                    "Parent Relationship": "Outer",
                                    "Parallel Aware": false,
                                    "Join Type": "Inner",
                                    "Startup Cost": 46576.2,
                                    "Total Cost": 84264.8,
                                    "Plan Rows": 27600,
                                    "Plan Width": 0,
                                    "Actual Startup Time": 158.746,
                                    "Actual Total Time": 314.447,
                                    "Actual Rows": 100838,
                                    "Actual Loops": 3,
                                    "Inner Unique": false,
                                    "Join Filter": "(t.id = mc.movie_id)",
                                    "Rows Removed by Join Filter": 0,
                                    "Workers": [
                                        {
                                            "Worker Number": 0,
                                            "Actual Startup Time": 154.793,
                                            "Actual Total Time": 310.702,
                                            "Actual Rows": 89114,
                                            "Actual Loops": 1
                                        },
                                        {
                                            "Worker Number": 1,
                                            "Actual Startup Time": 155.343,
                                            "Actual Total Time": 311.286,
                                            "Actual Rows": 93870,
                                            "Actual Loops": 1
                                        }
                                    ],
                                    "Plans": [
                                        {
                                            "Node Type": "Hash Join",
                                            "Parent Relationship": "Outer",
                                            "Parallel Aware": true,
                                            "Join Type": "Inner",
                                            "Startup Cost": 46575.77,
                                            "Total Cost": 62204.31,
                                            "Plan Rows": 26745,
                                            "Plan Width": 8,
                                            "Actual Startup Time": 158.662,
                                            "Actual Total Time": 208.961,
                                            "Actual Rows": 27373,
                                            "Actual Loops": 3,
                                            "Output": [
                                                "t.id",
                                                "mi_idx.movie_id"
                                            ],
                                            "Inner Unique": true,
                                            "Hash Cond": "(mi_idx.movie_id = t.id)",
                                            "Workers": [
                                                {
                                                    "Worker Number": 0,
                                                    "Actual Startup Time": 154.671,
                                                    "Actual Total Time": 203.225,
                                                    "Actual Rows": 24115,
                                                    "Actual Loops": 1
                                                },
                                                {
                                                    "Worker Number": 1,
                                                    "Actual Startup Time": 155.254,
                                                    "Actual Total Time": 203.225,
                                                    "Actual Rows": 25273,
                                                    "Actual Loops": 1
                                                }
                                            ],
                                            "Plans": [
                                                {
                                                    "Node Type": "Seq Scan",
                                                    "Parent Relationship": "Outer",
                                                    "Parallel Aware": true,
                                                    "Relation Name": "movie_info_idx",
                                                    "Schema": "public",
                                                    "Alias": "mi_idx",
                                                    "Startup Cost": 0.0,
                                                    "Total Cost": 15122.68,
                                                    "Plan Rows": 192707,
                                                    "Plan Width": 4,
                                                    "Actual Startup Time": 0.019,
                                                    "Actual Total Time": 37.703,
                                                    "Actual Rows": 153308,
                                                    "Actual Loops": 3,
                                                    "Output": [
                                                        "mi_idx.id",
                                                        "mi_idx.movie_id",
                                                        "mi_idx.info_type_id",
                                                        "mi_idx.info",
                                                        "mi_idx.note"
                                                    ],
                                                    "Filter": "(mi_idx.info_type_id = 100)",
                                                    "Rows Removed by Filter": 306703,
                                                    "Workers": [
                                                        {
                                                            "Worker Number": 0,
                                                            "Actual Startup Time": 0.024,
                                                            "Actual Total Time": 36.726,
                                                            "Actual Rows": 136526,
                                                            "Actual Loops": 1
                                                        },
                                                        {
                                                            "Worker Number": 1,
                                                            "Actual Startup Time": 0.024,
                                                            "Actual Total Time": 37.697,
                                                            "Actual Rows": 145118,
                                                            "Actual Loops": 1
                                                        }
                                                    ]
                                                },
                                                {
                                                    "Node Type": "Hash",
                                                    "Parent Relationship": "Inner",
                                                    "Parallel Aware": true,
                                                    "Startup Cost": 45479.21,
                                                    "Total Cost": 45479.21,
                                                    "Plan Rows": 87725,
                                                    "Plan Width": 4,
                                                    "Actual Startup Time": 130.414,
                                                    "Actual Total Time": 130.415,
                                                    "Actual Rows": 88425,
                                                    "Actual Loops": 3,
                                                    "Output": [
                                                        "t.id"
                                                    ],
                                                    "Hash Buckets": 524288,
                                                    "Original Hash Buckets": 524288,
                                                    "Hash Batches": 1,
                                                    "Original Hash Batches": 1,
                                                    "Peak Memory Usage": 14496,
                                                    "Workers": [
                                                        {
                                                            "Worker Number": 0,
                                                            "Actual Startup Time": 128.403,
                                                            "Actual Total Time": 128.404,
                                                            "Actual Rows": 80781,
                                                            "Actual Loops": 1
                                                        },
                                                        {
                                                            "Worker Number": 1,
                                                            "Actual Startup Time": 128.984,
                                                            "Actual Total Time": 128.986,
                                                            "Actual Rows": 84846,
                                                            "Actual Loops": 1
                                                        }
                                                    ],
                                                    "Plans": [
                                                        {
                                                            "Node Type": "Seq Scan",
                                                            "Parent Relationship": "Outer",
                                                            "Parallel Aware": true,
                                                            "Relation Name": "title",
                                                            "Schema": "public",
                                                            "Alias": "t",
                                                            "Startup Cost": 0.0,
                                                            "Total Cost": 45479.21,
                                                            "Plan Rows": 87725,
                                                            "Plan Width": 4,
                                                            "Actual Startup Time": 41.613,
                                                            "Actual Total Time": 104.554,
                                                            "Actual Rows": 88425,
                                                            "Actual Loops": 3,
                                                            "Output": [
                                                                "t.id"
                                                            ],
                                                            "Filter": "((t.production_year > 2001) AND (t.kind_id = 1))",
                                                            "Rows Removed by Filter": 754346,
                                                            "Workers": [
                                                                {
                                                                    "Worker Number": 0,
                                                                    "Actual Startup Time": 57.701,
                                                                    "Actual Total Time": 102.066,
                                                                    "Actual Rows": 80781,
                                                                    "Actual Loops": 1
                                                                },
                                                                {
                                                                    "Worker Number": 1,
                                                                    "Actual Startup Time": 58.099,
                                                                    "Actual Total Time": 104.564,
                                                                    "Actual Rows": 84846,
                                                                    "Actual Loops": 1
                                                                }
                                                            ]
                                                        }
                                                    ]
                                                }
                                            ]
                                        },
                                        {
                                            "Node Type": "Index Only Scan",
                                            "Parent Relationship": "Inner",
                                            "Parallel Aware": false,
                                            "Scan Direction": "Forward",
                                            "Index Name": "movie_id_movie_companies",
                                            "Relation Name": "movie_companies",
                                            "Schema": "public",
                                            "Alias": "mc",
                                            "Startup Cost": 0.43,
                                            "Total Cost": 0.76,
                                            "Plan Rows": 5,
                                            "Plan Width": 4,
                                            "Actual Startup Time": 0.003,
                                            "Actual Total Time": 0.003,
                                            "Actual Rows": 4,
                                            "Actual Loops": 82120,
                                            "Output": [
                                                "mc.movie_id"
                                            ],
                                            "Index Cond": "(mc.movie_id = mi_idx.movie_id)",
                                            "Rows Removed by Index Recheck": 0,
                                            "Heap Fetches": 302513,
                                            "Workers": [
                                                {
                                                    "Worker Number": 0,
                                                    "Actual Startup Time": 0.003,
                                                    "Actual Total Time": 0.004,
                                                    "Actual Rows": 4,
                                                    "Actual Loops": 24115
                                                },
                                                {
                                                    "Worker Number": 1,
                                                    "Actual Startup Time": 0.003,
                                                    "Actual Total Time": 0.004,
                                                    "Actual Rows": 4,
                                                    "Actual Loops": 25273
                                                }
                                            ]
                                        }
                                    ]
                                }
                            ]
                        }
                    ]
                }
            ]
        },
        "Planning Time": 287.892,
        "Triggers": [],
        "Execution Time": 343.727
    }
]