{
  "Plan": {
    "Node Type": "Aggregate",
    "Strategy": "Plain",
    "Partial Mode": "Finalize",
    "Parallel Aware": false,
    "Startup Cost": 22155.58,
    "Total Cost": 22155.59,
    "Plan Rows": 1,
    "Plan Width": 8,
    "Actual Startup Time": 120.566,
    "Actual Total Time": 124.607,
    "Actual Rows": 1,
    "Actual Loops": 1,
    "Plans": [
      {
        "Node Type": "Gather",
        "Parent Relationship": "Outer",
        "Parallel Aware": false,
        "Startup Cost": 22155.47,
        "Total Cost": 22155.58,
        "Plan Rows": 1,
        "Plan Width": 8,
        "Actual Startup Time": 120.363,
        "Actual Total Time": 124.6,
        "Actual Rows": 2,
        "Actual Loops": 1,
        "Workers Planned": 1,
        "Workers Launched": 1,
        "Single Copy": false,
        "Plans": [
          {
            "Node Type": "Aggregate",
            "Strategy": "Plain",
            "Partial Mode": "Partial",
            "Parent Relationship": "Outer",
            "Parallel Aware": false,
            "Startup Cost": 21155.47,
            "Total Cost": 21155.48,
            "Plan Rows": 1,
            "Plan Width": 8,
            "Actual Startup Time": 114.17,
            "Actual Total Time": 114.173,
            "Actual Rows": 1,
            "Actual Loops": 2,
            "Plans": [
              {
                "Node Type": "Hash Join",
                "Parent Relationship": "Outer",
                "Parallel Aware": false,
                "Join Type": "Inner",
                "Startup Cost": 2057.95,
                "Total Cost": 21155.38,
                "Plan Rows": 38,
                "Plan Width": 0,
                "Actual Startup Time": 6.261,
                "Actual Total Time": 114.158,
                "Actual Rows": 34,
                "Actual Loops": 2,
                "Inner Unique": false,
                "Hash Cond": "(mi_idx.movie_id = t.id)",
                "Plans": [
                  {
                    "Node Type": "Seq Scan",
                    "Parent Relationship": "Outer",
                    "Parallel Aware": true,
                    "Relation Name": "movie_info_idx",
                    "Alias": "mi_idx",
                    "Startup Cost": 0.0,
                    "Total Cost": 16052.85,
                    "Plan Rows": 811785,
                    "Plan Width": 4,
                    "Actual Startup Time": 0.042,
                    "Actual Total Time": 61.524,
                    "Actual Rows": 690018,
                    "Actual Loops": 2
                  },
                  {
                    "Node Type": "Hash",
                    "Parent Relationship": "Inner",
                    "Parallel Aware": false,
                    "Startup Cost": 2056.48,
                    "Total Cost": 2056.48,
                    "Plan Rows": 118,
                    "Plan Width": 8,
                    "Actual Startup Time": 4.125,
                    "Actual Total Time": 4.126,
                    "Actual Rows": 101,
                    "Actual Loops": 2,
                    "Hash Buckets": 1024,
                    "Original Hash Buckets": 1024,
                    "Hash Batches": 1,
                    "Original Hash Batches": 1,
                    "Peak Memory Usage": 12,
                    "Plans": [
                      {
                        "Node Type": "Nested Loop",
                        "Parent Relationship": "Outer",
                        "Parallel Aware": false,
                        "Join Type": "Inner",
                        "Startup Cost": 0.99,
                        "Total Cost": 2056.48,
                        "Plan Rows": 118,
                        "Plan Width": 8,
                        "Actual Startup Time": 0.784,
                        "Actual Total Time": 3.982,
                        "Actual Rows": 101,
                        "Actual Loops": 2,
                        "Inner Unique": true,
                        "Plans": [
                          {
                            "Node Type": "Index Scan",
                            "Parent Relationship": "Outer",
                            "Parallel Aware": false,
                            "Scan Direction": "Forward",
                            "Index Name": "person_id_cast_info",
                            "Relation Name": "cast_info",
                            "Alias": "ci",
                            "Startup Cost": 0.56,
                            "Total Cost": 1059.67,
                            "Plan Rows": 118,
                            "Plan Width": 4,
                            "Actual Startup Time": 0.64,
                            "Actual Total Time": 0.758,
                            "Actual Rows": 101,
                            "Actual Loops": 2,
                            "Index Cond": "(person_id = 307768)",
                            "Rows Removed by Index Recheck": 0,
                            "Filter": "(role_id > 5)",
                            "Rows Removed by Filter": 678
                          },
                          {
                            "Node Type": "Index Only Scan",
                            "Parent Relationship": "Inner",
                            "Parallel Aware": false,
                            "Scan Direction": "Forward",
                            "Index Name": "title_pkey",
                            "Relation Name": "title",
                            "Alias": "t",
                            "Startup Cost": 0.43,
                            "Total Cost": 8.45,
                            "Plan Rows": 1,
                            "Plan Width": 4,
                            "Actual Startup Time": 0.03,
                            "Actual Total Time": 0.03,
                            "Actual Rows": 1,
                            "Actual Loops": 202,
                            "Index Cond": "(id = ci.movie_id)",
                            "Rows Removed by Index Recheck": 0,
                            "Heap Fetches": 202
                          }
                        ]
                      }
                    ]
                  }
                ]
              }
            ]
          }
        ]
      }
    ]
  },
  "Planning Time": 1.032,
  "Triggers": [],
  "Execution Time": 124.69
}