[
  {
    "Plan": {
      "Node Type": "Aggregate",
      "Strategy": "Plain",
      "Partial Mode": "Finalize",
      "Parallel Aware": false,
      "Startup Cost": 32971.18,
      "Total Cost": 32971.19,
      "Plan Rows": 1,
      "Plan Width": 8,
      "Actual Startup Time": 89.574,
      "Actual Total Time": 96.397,
      "Actual Rows": 1,
      "Actual Loops": 1,
      "Plans": [
        {
          "Node Type": "Gather",
          "Parent Relationship": "Outer",
          "Parallel Aware": false,
          "Startup Cost": 32970.86,
          "Total Cost": 32971.17,
          "Plan Rows": 3,
          "Plan Width": 8,
          "Actual Startup Time": 89.462,
          "Actual Total Time": 96.391,
          "Actual Rows": 4,
          "Actual Loops": 1,
          "Workers Planned": 3,
          "Workers Launched": 3,
          "Single Copy": false,
          "Plans": [
            {
              "Node Type": "Aggregate",
              "Strategy": "Plain",
              "Partial Mode": "Partial",
              "Parent Relationship": "Outer",
              "Parallel Aware": false,
              "Startup Cost": 31970.86,
              "Total Cost": 31970.87,
              "Plan Rows": 1,
              "Plan Width": 8,
              "Actual Startup Time": 85.745,
              "Actual Total Time": 85.746,
              "Actual Rows": 1,
              "Actual Loops": 4,
              "Plans": [
                {
                  "Node Type": "Seq Scan",
                  "Parent Relationship": "Outer",
                  "Parallel Aware": true,
                  "Relation Name": "movie_companies",
                  "Alias": "mc",
                  "Startup Cost": 0.0,
                  "Total Cost": 31414.82,
                  "Plan Rows": 222418,
                  "Plan Width": 0,
                  "Actual Startup Time": 40.27,
                  "Actual Total Time": 79.233,
                  "Actual Rows": 110170,
                  "Actual Loops": 4,
                  "Filter": "((company_id < 11649) AND (company_type_id > 1))",
                  "Rows Removed by Filter": 542112
                }
              ]
            }
          ]
        }
      ]
    },
    "Planning Time": 0.086,
    "Triggers": [],
    "Execution Time": 96.422
  }
]