{
  "Plan": {
    "Node Type": "Aggregate",
    "Strategy": "Plain",
    "Partial Mode": "Finalize",
    "Parallel Aware": false,
    "Startup Cost": 171360.05,
    "Total Cost": 171360.06,
    "Plan Rows": 1,
    "Plan Width": 8,
    "Actual Startup Time": 1647.379,
    "Actual Total Time": 1674.203,
    "Actual Rows": 1,
    "Actual Loops": 1,
    "Plans": [
      {
        "Node Type": "Gather",
        "Parent Relationship": "Outer",
        "Parallel Aware": false,
        "Startup Cost": 171359.94,
        "Total Cost": 171360.05,
        "Plan Rows": 1,
        "Plan Width": 8,
        "Actual Startup Time": 1640.948,
        "Actual Total Time": 1674.194,
        "Actual Rows": 2,
        "Actual Loops": 1,
        "Workers Planned": 1,
        "Workers Launched": 1,
        "Single Copy": false,
        "Plans": [
          {
            "Node Type": "Aggregate",
            "Strategy": "Plain",
            "Partial Mode": "Partial",
            "Parent Relationship": "Outer",
            "Parallel Aware": false,
            "Startup Cost": 170359.94,
            "Total Cost": 170359.95,
            "Plan Rows": 1,
            "Plan Width": 8,
            "Actual Startup Time": 1634.429,
            "Actual Total Time": 1634.436,
            "Actual Rows": 1,
            "Actual Loops": 2,
            "Plans": [
              {
                "Node Type": "Hash Join",
                "Parent Relationship": "Outer",
                "Parallel Aware": true,
                "Join Type": "Inner",
                "Startup Cost": 126095.61,
                "Total Cost": 169056.28,
                "Plan Rows": 521462,
                "Plan Width": 0,
                "Actual Startup Time": 956.29,
                "Actual Total Time": 1496.037,
                "Actual Rows": 3440498,
                "Actual Loops": 2,
                "Inner Unique": false,
                "Hash Cond": "(mc.movie_id = t.id)",
                "Plans": [
                  {
                    "Node Type": "Seq Scan",
                    "Parent Relationship": "Outer",
                    "Parallel Aware": true,
                    "Relation Name": "movie_companies",
                    "Alias": "mc",
                    "Startup Cost": 0.0,
                    "Total Cost": 34137.82,
                    "Plan Rows": 1534782,
                    "Plan Width": 4,
                    "Actual Startup Time": 0.019,
                    "Actual Total Time": 102.146,
                    "Actual Rows": 1304564,
                    "Actual Loops": 2
                  },
                  {
                    "Node Type": "Hash",
                    "Parent Relationship": "Inner",
                    "Parallel Aware": true,
                    "Startup Cost": 119779.29,
                    "Total Cost": 119779.29,
                    "Plan Rows": 505306,
                    "Plan Width": 8,
                    "Actual Startup Time": 940.428,
                    "Actual Total Time": 940.433,
                    "Actual Rows": 426129,
                    "Actual Loops": 2,
                    "Hash Buckets": 1048576,
                    "Original Hash Buckets": 1048576,
                    "Hash Batches": 1,
                    "Original Hash Batches": 1,
                    "Peak Memory Usage": 41536,
                    "Plans": [
                      {
                        "Node Type": "Hash Join",
                        "Parent Relationship": "Outer",
                        "Parallel Aware": true,
                        "Join Type": "Inner",
                        "Startup Cost": 87682.54,
                        "Total Cost": 119779.29,
                        "Plan Rows": 505306,
                        "Plan Width": 8,
                        "Actual Startup Time": 635.661,
                        "Actual Total Time": 844.242,
                        "Actual Rows": 426129,
                        "Actual Loops": 2,
                        "Inner Unique": true,
                        "Hash Cond": "(mk.movie_id = t.id)",
                        "Plans": [
                          {
                            "Node Type": "Bitmap Heap Scan",
                            "Parent Relationship": "Outer",
                            "Parallel Aware": true,
                            "Relation Name": "movie_keyword",
                            "Alias": "mk",
                            "Startup Cost": 18221.84,
                            "Total Cost": 48992.16,
                            "Plan Rows": 505306,
                            "Plan Width": 4,
                            "Actual Startup Time": 47.993,
                            "Actual Total Time": 143.356,
                            "Actual Rows": 426129,
                            "Actual Loops": 2,
                            "Recheck Cond": "(keyword_id > 21553)",
                            "Rows Removed by Index Recheck": 0,
                            "Exact Heap Blocks": 12339,
                            "Lossy Heap Blocks": 0,
                            "Plans": [
                              {
                                "Node Type": "Bitmap Index Scan",
                                "Parent Relationship": "Outer",
                                "Parallel Aware": false,
                                "Index Name": "keyword_id_movie_keyword",
                                "Startup Cost": 0.0,
                                "Total Cost": 18007.08,
                                "Plan Rows": 859020,
                                "Plan Width": 0,
                                "Actual Startup Time": 44.449,
                                "Actual Total Time": 44.449,
                                "Actual Rows": 852258,
                                "Actual Loops": 1,
                                "Index Cond": "(keyword_id > 21553)"
                              }
                            ]
                          },
                          {
                            "Node Type": "Hash",
                            "Parent Relationship": "Inner",
                            "Parallel Aware": true,
                            "Startup Cost": 50870.31,
                            "Total Cost": 50870.31,
                            "Plan Rows": 1487231,
                            "Plan Width": 4,
                            "Actual Startup Time": 572.101,
                            "Actual Total Time": 572.102,
                            "Actual Rows": 1264156,
                            "Actual Loops": 2,
                            "Hash Buckets": 4194304,
                            "Original Hash Buckets": 4194304,
                            "Hash Batches": 1,
                            "Original Hash Batches": 1,
                            "Peak Memory Usage": 131712,
                            "Plans": [
                              {
                                "Node Type": "Seq Scan",
                                "Parent Relationship": "Outer",
                                "Parallel Aware": true,
                                "Relation Name": "title",
                                "Alias": "t",
                                "Startup Cost": 0.0,
                                "Total Cost": 50870.31,
                                "Plan Rows": 1487231,
                                "Plan Width": 4,
                                "Actual Startup Time": 0.03,
                                "Actual Total Time": 163.453,
                                "Actual Rows": 1264156,
                                "Actual Loops": 2
                              }
                            ]
                          }
                        ]
                      }
                    ]
                  }
                ]
              }
            ]
          }
        ]
      }
    ]
  },
  "Planning Time": 1.124,
  "Triggers": [],
  "Execution Time": 1674.31
}