{
  "Plan": {
    "Node Type": "Aggregate",
    "Strategy": "Plain",
    "Partial Mode": "Finalize",
    "Parallel Aware": false,
    "Startup Cost": 70278.45,
    "Total Cost": 70278.46,
    "Plan Rows": 1,
    "Plan Width": 8,
    "Actual Startup Time": 52.954,
    "Actual Total Time": 61.419,
    "Actual Rows": 1,
    "Actual Loops": 1,
    "Plans": [
      {
        "Node Type": "Gather",
        "Parent Relationship": "Outer",
        "Parallel Aware": false,
        "Startup Cost": 70278.34,
        "Total Cost": 70278.45,
        "Plan Rows": 1,
        "Plan Width": 8,
        "Actual Startup Time": 52.857,
        "Actual Total Time": 61.414,
        "Actual Rows": 2,
        "Actual Loops": 1,
        "Workers Planned": 1,
        "Workers Launched": 1,
        "Single Copy": false,
        "Plans": [
          {
            "Node Type": "Aggregate",
            "Strategy": "Plain",
            "Partial Mode": "Partial",
            "Parent Relationship": "Outer",
            "Parallel Aware": false,
            "Startup Cost": 69278.34,
            "Total Cost": 69278.35,
            "Plan Rows": 1,
            "Plan Width": 8,
            "Actual Startup Time": 49.672,
            "Actual Total Time": 49.673,
            "Actual Rows": 1,
            "Actual Loops": 2,
            "Plans": [
              {
                "Node Type": "Nested Loop",
                "Parent Relationship": "Outer",
                "Parallel Aware": false,
                "Join Type": "Inner",
                "Startup Cost": 311.4,
                "Total Cost": 69257.36,
                "Plan Rows": 8390,
                "Plan Width": 0,
                "Actual Startup Time": 5.117,
                "Actual Total Time": 48.936,
                "Actual Rows": 6447,
                "Actual Loops": 2,
                "Inner Unique": true,
                "Plans": [
                  {
                    "Node Type": "Bitmap Heap Scan",
                    "Parent Relationship": "Outer",
                    "Parallel Aware": true,
                    "Relation Name": "movie_companies",
                    "Alias": "mc",
                    "Startup Cost": 310.97,
                    "Total Cost": 18764.01,
                    "Plan Rows": 8390,
                    "Plan Width": 4,
                    "Actual Startup Time": 5.026,
                    "Actual Total Time": 12.299,
                    "Actual Rows": 6447,
                    "Actual Loops": 2,
                    "Recheck Cond": "(company_id = 34)",
                    "Rows Removed by Index Recheck": 0,
                    "Exact Heap Blocks": 2940,
                    "Lossy Heap Blocks": 0,
                    "Plans": [
                      {
                        "Node Type": "Bitmap Index Scan",
                        "Parent Relationship": "Outer",
                        "Parallel Aware": false,
                        "Index Name": "company_id_movie_companies",
                        "Startup Cost": 0.0,
                        "Total Cost": 307.4,
                        "Plan Rows": 14263,
                        "Plan Width": 0,
                        "Actual Startup Time": 5.684,
                        "Actual Total Time": 5.684,
                        "Actual Rows": 12894,
                        "Actual Loops": 1,
                        "Index Cond": "(company_id = 34)"
                      }
                    ]
                  },
                  {
                    "Node Type": "Index Only Scan",
                    "Parent Relationship": "Inner",
                    "Parallel Aware": false,
                    "Scan Direction": "Forward",
                    "Index Name": "title_pkey",
                    "Relation Name": "title",
                    "Alias": "t",
                    "Startup Cost": 0.43,
                    "Total Cost": 6.02,
                    "Plan Rows": 1,
                    "Plan Width": 4,
                    "Actual Startup Time": 0.005,
                    "Actual Total Time": 0.005,
                    "Actual Rows": 1,
                    "Actual Loops": 12894,
                    "Index Cond": "(id = mc.movie_id)",
                    "Rows Removed by Index Recheck": 0,
                    "Heap Fetches": 12894
                  }
                ]
              }
            ]
          }
        ]
      }
    ]
  },
  "Planning Time": 0.708,
  "Triggers": [],
  "Execution Time": 61.504
}