{
  "Plan": {
    "Node Type": "Aggregate",
    "Strategy": "Plain",
    "Partial Mode": "Finalize",
    "Parallel Aware": false,
    "Startup Cost": 467598.67,
    "Total Cost": 467598.68,
    "Plan Rows": 1,
    "Plan Width": 8,
    "Actual Startup Time": 2612.552,
    "Actual Total Time": 2643.1,
    "Actual Rows": 1,
    "Actual Loops": 1,
    "Plans": [
      {
        "Node Type": "Gather",
        "Parent Relationship": "Outer",
        "Parallel Aware": false,
        "Startup Cost": 467598.56,
        "Total Cost": 467598.67,
        "Plan Rows": 1,
        "Plan Width": 8,
        "Actual Startup Time": 2605.208,
        "Actual Total Time": 2643.09,
        "Actual Rows": 2,
        "Actual Loops": 1,
        "Workers Planned": 1,
        "Workers Launched": 1,
        "Single Copy": false,
        "Plans": [
          {
            "Node Type": "Aggregate",
            "Strategy": "Plain",
            "Partial Mode": "Partial",
            "Parent Relationship": "Outer",
            "Parallel Aware": false,
            "Startup Cost": 466598.56,
            "Total Cost": 466598.57,
            "Plan Rows": 1,
            "Plan Width": 8,
            "Actual Startup Time": 2599.153,
            "Actual Total Time": 2599.458,
            "Actual Rows": 1,
            "Actual Loops": 2,
            "Plans": [
              {
                "Node Type": "Hash Join",
                "Parent Relationship": "Outer",
                "Parallel Aware": true,
                "Join Type": "Inner",
                "Startup Cost": 398677.04,
                "Total Cost": 464547.55,
                "Plan Rows": 820403,
                "Plan Width": 0,
                "Actual Startup Time": 1627.07,
                "Actual Total Time": 2400.069,
                "Actual Rows": 5003380,
                "Actual Loops": 2,
                "Inner Unique": false,
                "Hash Cond": "(mk.movie_id = t.id)",
                "Plans": [
                  {
                    "Node Type": "Seq Scan",
                    "Parent Relationship": "Outer",
                    "Parallel Aware": true,
                    "Relation Name": "movie_keyword",
                    "Alias": "mk",
                    "Startup Cost": 0.0,
                    "Total Cost": 51065.35,
                    "Plan Rows": 2661135,
                    "Plan Width": 4,
                    "Actual Startup Time": 0.018,
                    "Actual Total Time": 161.007,
                    "Actual Rows": 2261965,
                    "Actual Loops": 2
                  },
                  {
                    "Node Type": "Hash",
                    "Parent Relationship": "Inner",
                    "Parallel Aware": true,
                    "Startup Cost": 392945.8,
                    "Total Cost": 392945.8,
                    "Plan Rows": 458499,
                    "Plan Width": 8,
                    "Actual Startup Time": 1618.989,
                    "Actual Total Time": 1619.293,
                    "Actual Rows": 810556,
                    "Actual Loops": 2,
                    "Hash Buckets": 2097152,
                    "Original Hash Buckets": 1048576,
                    "Hash Batches": 1,
                    "Original Hash Batches": 1,
                    "Peak Memory Usage": 88032,
                    "Plans": [
                      {
                        "Node Type": "Hash Join",
                        "Parent Relationship": "Outer",
                        "Parallel Aware": true,
                        "Join Type": "Inner",
                        "Startup Cost": 119083.83,
                        "Total Cost": 392945.8,
                        "Plan Rows": 458499,
                        "Plan Width": 8,
                        "Actual Startup Time": 732.211,
                        "Actual Total Time": 1351.008,
                        "Actual Rows": 810556,
                        "Actual Loops": 2,
                        "Inner Unique": true,
                        "Hash Cond": "(ci.movie_id = t.id)",
                        "Plans": [
                          {
                            "Node Type": "Bitmap Heap Scan",
                            "Parent Relationship": "Outer",
                            "Parallel Aware": true,
                            "Relation Name": "cast_info",
                            "Alias": "ci",
                            "Startup Cost": 49623.13,
                            "Total Cost": 322281.54,
                            "Plan Rows": 458499,
                            "Plan Width": 4,
                            "Actual Startup Time": 135.316,
                            "Actual Total Time": 327.164,
                            "Actual Rows": 810556,
                            "Actual Loops": 2,
                            "Recheck Cond": "(person_id < 221118)",
                            "Rows Removed by Index Recheck": 0,
                            "Filter": "(role_id = 1)",
                            "Rows Removed by Filter": 324658,
                            "Exact Heap Blocks": 15235,
                            "Lossy Heap Blocks": 0,
                            "Plans": [
                              {
                                "Node Type": "Bitmap Index Scan",
                                "Parent Relationship": "Outer",
                                "Parallel Aware": false,
                                "Index Name": "person_id_cast_info",
                                "Startup Cost": 0.0,
                                "Total Cost": 49428.27,
                                "Plan Rows": 2263427,
                                "Plan Width": 0,
                                "Actual Startup Time": 129.702,
                                "Actual Total Time": 129.702,
                                "Actual Rows": 2270428,
                                "Actual Loops": 1,
                                "Index Cond": "(person_id < 221118)"
                              }
                            ]
                          },
                          {
                            "Node Type": "Hash",
                            "Parent Relationship": "Inner",
                            "Parallel Aware": true,
                            "Startup Cost": 50870.31,
                            "Total Cost": 50870.31,
                            "Plan Rows": 1487231,
                            "Plan Width": 4,
                            "Actual Startup Time": 582.795,
                            "Actual Total Time": 582.796,
                            "Actual Rows": 1264156,
                            "Actual Loops": 2,
                            "Hash Buckets": 4194304,
                            "Original Hash Buckets": 4194304,
                            "Hash Batches": 1,
                            "Original Hash Batches": 1,
                            "Peak Memory Usage": 131712,
                            "Plans": [
                              {
                                "Node Type": "Seq Scan",
                                "Parent Relationship": "Outer",
                                "Parallel Aware": true,
                                "Relation Name": "title",
                                "Alias": "t",
                                "Startup Cost": 0.0,
                                "Total Cost": 50870.31,
                                "Plan Rows": 1487231,
                                "Plan Width": 4,
                                "Actual Startup Time": 0.047,
                                "Actual Total Time": 182.148,
                                "Actual Rows": 1264156,
                                "Actual Loops": 2
                              }
                            ]
                          }
                        ]
                      }
                    ]
                  }
                ]
              }
            ]
          }
        ]
      }
    ]
  },
  "Planning Time": 0.917,
  "Triggers": [],
  "Execution Time": 2643.191
}