{
  "Plan": {
    "Node Type": "Aggregate",
    "Strategy": "Plain",
    "Partial Mode": "Simple",
    "Parallel Aware": false,
    "Startup Cost": 1315925.27,
    "Total Cost": 1315925.28,
    "Plan Rows": 1,
    "Plan Width": 128,
    "Actual Startup Time": 10371.223,
    "Actual Total Time": 10481.215,
    "Actual Rows": 1,
    "Actual Loops": 1,
    "Plans": [
      {
        "Node Type": "Nested Loop",
        "Parent Relationship": "Outer",
        "Parallel Aware": false,
        "Join Type": "Inner",
        "Startup Cost": 1313333.46,
        "Total Cost": 1315925.26,
        "Plan Rows": 1,
        "Plan Width": 81,
        "Actual Startup Time": 9571.643,
        "Actual Total Time": 10479.528,
        "Actual Rows": 8024,
        "Actual Loops": 1,
        "Inner Unique": true,
        "Plans": [
          {
            "Node Type": "Nested Loop",
            "Parent Relationship": "Outer",
            "Parallel Aware": false,
            "Join Type": "Inner",
            "Startup Cost": 1313333.04,
            "Total Cost": 1315923.02,
            "Plan Rows": 5,
            "Plan Width": 85,
            "Actual Startup Time": 9571.078,
            "Actual Total Time": 9963.448,
            "Actual Rows": 338545,
            "Actual Loops": 1,
            "Inner Unique": false,
            "Join Filter": "(cc.status_id = cct2.id)",
            "Rows Removed by Join Filter": 233473,
            "Plans": [
              {
                "Node Type": "Seq Scan",
                "Parent Relationship": "Outer",
                "Parallel Aware": false,
                "Relation Name": "comp_cast_type",
                "Alias": "cct2",
                "Startup Cost": 0.0,
                "Total Cost": 1.05,
                "Plan Rows": 1,
                "Plan Width": 4,
                "Actual Startup Time": 0.015,
                "Actual Total Time": 0.016,
                "Actual Rows": 1,
                "Actual Loops": 1,
                "Filter": "((kind)::text = 'complete+verified'::text)",
                "Rows Removed by Filter": 3
              },
              {
                "Node Type": "Hash Join",
                "Parent Relationship": "Inner",
                "Parallel Aware": false,
                "Join Type": "Inner",
                "Startup Cost": 1313333.04,
                "Total Cost": 1315921.84,
                "Plan Rows": 10,
                "Plan Width": 89,
                "Actual Startup Time": 9571.059,
                "Actual Total Time": 9922.14,
                "Actual Rows": 572018,
                "Actual Loops": 1,
                "Inner Unique": true,
                "Hash Cond": "(cc.subject_id = cct1.id)",
                "Plans": [
                  {
                    "Node Type": "Hash Join",
                    "Parent Relationship": "Outer",
                    "Parallel Aware": false,
                    "Join Type": "Inner",
                    "Startup Cost": 1313331.98,
                    "Total Cost": 1315920.56,
                    "Plan Rows": 42,
                    "Plan Width": 93,
                    "Actual Startup Time": 9570.988,
                    "Actual Total Time": 9837.357,
                    "Actual Rows": 771899,
                    "Actual Loops": 1,
                    "Inner Unique": false,
                    "Hash Cond": "(cc.movie_id = t.id)",
                    "Plans": [
                      {
                        "Node Type": "Seq Scan",
                        "Parent Relationship": "Outer",
                        "Parallel Aware": false,
                        "Relation Name": "complete_cast",
                        "Alias": "cc",
                        "Startup Cost": 0.0,
                        "Total Cost": 2081.86,
                        "Plan Rows": 135086,
                        "Plan Width": 12,
                        "Actual Startup Time": 0.061,
                        "Actual Total Time": 13.756,
                        "Actual Rows": 135086,
                        "Actual Loops": 1
                      },
                      {
                        "Node Type": "Hash",
                        "Parent Relationship": "Inner",
                        "Parallel Aware": false,
                        "Startup Cost": 1313328.37,
                        "Total Cost": 1313328.37,
                        "Plan Rows": 289,
                        "Plan Width": 105,
                        "Actual Startup Time": 9570.874,
                        "Actual Total Time": 9680.86,
                        "Actual Rows": 941053,
                        "Actual Loops": 1,
                        "Hash Buckets": 1048576,
                        "Original Hash Buckets": 1024,
                        "Hash Batches": 1,
                        "Original Hash Batches": 1,
                        "Peak Memory Usage": 105041,
                        "Plans": [
                          {
                            "Node Type": "Nested Loop",
                            "Parent Relationship": "Outer",
                            "Parallel Aware": false,
                            "Join Type": "Inner",
                            "Startup Cost": 659528.68,
                            "Total Cost": 1313328.37,
                            "Plan Rows": 289,
                            "Plan Width": 105,
                            "Actual Startup Time": 4197.425,
                            "Actual Total Time": 9303.29,
                            "Actual Rows": 941053,
                            "Actual Loops": 1,
                            "Inner Unique": false,
                            "Join Filter": "(mi_idx.info_type_id = it2.id)",
                            "Rows Removed by Join Filter": 1909608,
                            "Plans": [
                              {
                                "Node Type": "Seq Scan",
                                "Parent Relationship": "Outer",
                                "Parallel Aware": false,
                                "Relation Name": "info_type",
                                "Alias": "it2",
                                "Startup Cost": 0.0,
                                "Total Cost": 2.41,
                                "Plan Rows": 1,
                                "Plan Width": 4,
                                "Actual Startup Time": 0.016,
                                "Actual Total Time": 0.022,
                                "Actual Rows": 1,
                                "Actual Loops": 1,
                                "Filter": "((info)::text = 'votes'::text)",
                                "Rows Removed by Filter": 112
                              },
                              {
                                "Node Type": "Nested Loop",
                                "Parent Relationship": "Inner",
                                "Parallel Aware": false,
                                "Join Type": "Inner",
                                "Startup Cost": 659528.68,
                                "Total Cost": 1312920.83,
                                "Plan Rows": 32410,
                                "Plan Width": 109,
                                "Actual Startup Time": 4197.37,
                                "Actual Total Time": 9104.124,
                                "Actual Rows": 2850661,
                                "Actual Loops": 1,
                                "Inner Unique": true,
                                "Join Filter": "(mi.movie_id = t.id)",
                                "Rows Removed by Join Filter": 0,
                                "Plans": [
                                  {
                                    "Node Type": "Nested Loop",
                                    "Parent Relationship": "Outer",
                                    "Parallel Aware": false,
                                    "Join Type": "Inner",
                                    "Startup Cost": 659528.25,
                                    "Total Cost": 1296722.66,
                                    "Plan Rows": 32410,
                                    "Plan Width": 88,
                                    "Actual Startup Time": 4197.276,
                                    "Actual Total Time": 5350.588,
                                    "Actual Rows": 2850661,
                                    "Actual Loops": 1,
                                    "Inner Unique": false,
                                    "Join Filter": "(mi.info_type_id = it1.id)",
                                    "Rows Removed by Join Filter": 434695,
                                    "Plans": [
                                      {
                                        "Node Type": "Seq Scan",
                                        "Parent Relationship": "Outer",
                                        "Parallel Aware": false,
                                        "Relation Name": "info_type",
                                        "Alias": "it1",
                                        "Startup Cost": 0.0,
                                        "Total Cost": 2.41,
                                        "Plan Rows": 1,
                                        "Plan Width": 4,
                                        "Actual Startup Time": 0.005,
                                        "Actual Total Time": 0.041,
                                        "Actual Rows": 1,
                                        "Actual Loops": 1,
                                        "Filter": "((info)::text = 'genres'::text)",
                                        "Rows Removed by Filter": 112
                                      },
                                      {
                                        "Node Type": "Gather",
                                        "Parent Relationship": "Inner",
                                        "Parallel Aware": false,
                                        "Startup Cost": 659528.25,
                                        "Total Cost": 1250948.73,
                                        "Plan Rows": 3661721,
                                        "Plan Width": 92,
                                        "Actual Startup Time": 3879.086,
                                        "Actual Total Time": 4843.518,
                                        "Actual Rows": 3285356,
                                        "Actual Loops": 1,
                                        "Workers Planned": 5,
                                        "Workers Launched": 5,
                                        "Single Copy": false,
                                        "Plans": [
                                          {
                                            "Node Type": "Hash Join",
                                            "Parent Relationship": "Outer",
                                            "Parallel Aware": true,
                                            "Join Type": "Inner",
                                            "Startup Cost": 658528.25,
                                            "Total Cost": 883776.63,
                                            "Plan Rows": 732344,
                                            "Plan Width": 92,
                                            "Actual Startup Time": 3865.22,
                                            "Actual Total Time": 5088.823,
                                            "Actual Rows": 547559,
                                            "Actual Loops": 6,
                                            "Inner Unique": true,
                                            "Hash Cond": "(ci.person_id = n.id)",
                                            "Plans": [
                                              {
                                                "Node Type": "Hash Join",
                                                "Parent Relationship": "Outer",
                                                "Parallel Aware": true,
                                                "Join Type": "Inner",
                                                "Startup Cost": 584432.07,
                                                "Total Cost": 805095.3,
                                                "Plan Rows": 1746727,
                                                "Plan Width": 81,
                                                "Actual Startup Time": 3427.441,
                                                "Actual Total Time": 4272.032,
                                                "Actual Rows": 855045,
                                                "Actual Loops": 6,
                                                "Inner Unique": false,
                                                "Hash Cond": "(mi.movie_id = mi_idx.movie_id)",
                                                "Plans": [
                                                  {
                                                    "Node Type": "Seq Scan",
                                                    "Parent Relationship": "Outer",
                                                    "Parallel Aware": true,
                                                    "Relation Name": "movie_info",
                                                    "Alias": "mi",
                                                    "Startup Cost": 0.0,
                                                    "Total Cost": 214032.77,
                                                    "Plan Rows": 37842,
                                                    "Plan Width": 51,
                                                    "Actual Startup Time": 484.918,
                                                    "Actual Total Time": 949.448,
                                                    "Actual Rows": 31495,
                                                    "Actual Loops": 6,
                                                    "Filter": "(info = ANY ('{Horror,Action,Sci-Fi,Thriller,Crime,War}'::text[]))",
                                                    "Rows Removed by Filter": 2441125
                                                  },
                                                  {
                                                    "Node Type": "Hash",
                                                    "Parent Relationship": "Inner",
                                                    "Parallel Aware": true,
                                                    "Startup Cost": 497636.01,
                                                    "Total Cost": 497636.01,
                                                    "Plan Rows": 6943685,
                                                    "Plan Width": 30,
                                                    "Actual Startup Time": 2888.266,
                                                    "Actual Total Time": 2890.504,
                                                    "Actual Rows": 1134452,
                                                    "Actual Loops": 6,
                                                    "Hash Buckets": 16777216,
                                                    "Original Hash Buckets": 16777216,
                                                    "Hash Batches": 1,
                                                    "Original Hash Batches": 1,
                                                    "Peak Memory Usage": 575072,
                                                    "Plans": [
                                                      {
                                                        "Node Type": "Hash Join",
                                                        "Parent Relationship": "Outer",
                                                        "Parallel Aware": true,
                                                        "Join Type": "Inner",
                                                        "Startup Cost": 431846.11,
                                                        "Total Cost": 497636.01,
                                                        "Plan Rows": 6943685,
                                                        "Plan Width": 30,
                                                        "Actual Startup Time": 2010.41,
                                                        "Actual Total Time": 2268.638,
                                                        "Actual Rows": 1134452,
                                                        "Actual Loops": 6,
                                                        "Inner Unique": false,
                                                        "Hash Cond": "(mi_idx.movie_id = ci.movie_id)",
                                                        "Plans": [
                                                          {
                                                            "Node Type": "Seq Scan",
                                                            "Parent Relationship": "Outer",
                                                            "Parallel Aware": true,
                                                            "Relation Name": "movie_info_idx",
                                                            "Alias": "mi_idx",
                                                            "Startup Cost": 0.0,
                                                            "Total Cost": 13685.15,
                                                            "Plan Rows": 575015,
                                                            "Plan Width": 14,
                                                            "Actual Startup Time": 0.061,
                                                            "Actual Total Time": 38.164,
                                                            "Actual Rows": 230006,
                                                            "Actual Loops": 6
                                                          },
                                                          {
                                                            "Node Type": "Hash",
                                                            "Parent Relationship": "Inner",
                                                            "Parallel Aware": true,
                                                            "Startup Cost": 409886.21,
                                                            "Total Cost": 409886.21,
                                                            "Plan Rows": 1756792,
                                                            "Plan Width": 16,
                                                            "Actual Startup Time": 1997.62,
                                                            "Actual Total Time": 1999.855,
                                                            "Actual Rows": 436537,
                                                            "Actual Loops": 6,
                                                            "Hash Buckets": 8388608,
                                                            "Original Hash Buckets": 8388608,
                                                            "Hash Batches": 1,
                                                            "Original Hash Batches": 1,
                                                            "Peak Memory Usage": 188512,
                                                            "Plans": [
                                                              {
                                                                "Node Type": "Hash Join",
                                                                "Parent Relationship": "Outer",
                                                                "Parallel Aware": true,
                                                                "Join Type": "Inner",
                                                                "Startup Cost": 353317.57,
                                                                "Total Cost": 409886.21,
                                                                "Plan Rows": 1756792,
                                                                "Plan Width": 16,
                                                                "Actual Startup Time": 1474.93,
                                                                "Actual Total Time": 1757.468,
                                                                "Actual Rows": 436537,
                                                                "Actual Loops": 6,
                                                                "Inner Unique": false,
                                                                "Hash Cond": "(mk.movie_id = ci.movie_id)",
                                                                "Plans": [
                                                                  {
                                                                    "Node Type": "Seq Scan",
                                                                    "Parent Relationship": "Outer",
                                                                    "Parallel Aware": true,
                                                                    "Relation Name": "movie_keyword",
                                                                    "Alias": "mk",
                                                                    "Startup Cost": 0.0,
                                                                    "Total Cost": 39047.32,
                                                                    "Plan Rows": 1459332,
                                                                    "Plan Width": 8,
                                                                    "Actual Startup Time": 0.029,
                                                                    "Actual Total Time": 111.373,
                                                                    "Actual Rows": 753988,
                                                                    "Actual Loops": 6
                                                                  },
                                                                  {
                                                                    "Node Type": "Hash",
                                                                    "Parent Relationship": "Inner",
                                                                    "Parallel Aware": true,
                                                                    "Startup Cost": 350885.27,
                                                                    "Total Cost": 350885.27,
                                                                    "Plan Rows": 194584,
                                                                    "Plan Width": 8,
                                                                    "Actual Startup Time": 1470.248,
                                                                    "Actual Total Time": 1470.249,
                                                                    "Actual Rows": 207453,
                                                                    "Actual Loops": 6,
                                                                    "Hash Buckets": 2097152,
                                                                    "Original Hash Buckets": 2097152,
                                                                    "Hash Batches": 1,
                                                                    "Original Hash Batches": 1,
                                                                    "Peak Memory Usage": 65216,
                                                                    "Plans": [
                                                                      {
                                                                        "Node Type": "Seq Scan",
                                                                        "Parent Relationship": "Outer",
                                                                        "Parallel Aware": true,
                                                                        "Relation Name": "cast_info",
                                                                        "Alias": "ci",
                                                                        "Startup Cost": 0.0,
                                                                        "Total Cost": 350885.27,
                                                                        "Plan Rows": 194584,
                                                                        "Plan Width": 8,
                                                                        "Actual Startup Time": 138.807,
                                                                        "Actual Total Time": 1355.972,
                                                                        "Actual Rows": 207453,
                                                                        "Actual Loops": 6,
                                                                        "Filter": "(note = ANY ('{(writer),\"(head writer)\",\"(written by)\",(story),\"(story editor)\"}'::text[]))",
                                                                        "Rows Removed by Filter": 5833271
                                                                      }
                                                                    ]
                                                                  }
                                                                ]
                                                              }
                                                            ]
                                                          }
                                                        ]
                                                      }
                                                    ]
                                                  }
                                                ]
                                              },
                                              {
                                                "Node Type": "Hash",
                                                "Parent Relationship": "Inner",
                                                "Parallel Aware": true,
                                                "Startup Cost": 68636.05,
                                                "Total Cost": 68636.05,
                                                "Plan Rows": 436810,
                                                "Plan Width": 19,
                                                "Actual Startup Time": 432.471,
                                                "Actual Total Time": 432.472,
                                                "Actual Rows": 289930,
                                                "Actual Loops": 6,
                                                "Hash Buckets": 2097152,
                                                "Original Hash Buckets": 2097152,
                                                "Hash Batches": 1,
                                                "Original Hash Batches": 1,
                                                "Peak Memory Usage": 110624,
                                                "Plans": [
                                                  {
                                                    "Node Type": "Seq Scan",
                                                    "Parent Relationship": "Outer",
                                                    "Parallel Aware": true,
                                                    "Relation Name": "name",
                                                    "Alias": "n",
                                                    "Startup Cost": 0.0,
                                                    "Total Cost": 68636.05,
                                                    "Plan Rows": 436810,
                                                    "Plan Width": 19,
                                                    "Actual Startup Time": 0.097,
                                                    "Actual Total Time": 224.06,
                                                    "Actual Rows": 289930,
                                                    "Actual Loops": 6,
                                                    "Filter": "((gender)::text = 'm'::text)",
                                                    "Rows Removed by Filter": 404652
                                                  }
                                                ]
                                              }
                                            ]
                                          }
                                        ]
                                      }
                                    ]
                                  },
                                  {
                                    "Node Type": "Index Scan",
                                    "Parent Relationship": "Inner",
                                    "Parallel Aware": false,
                                    "Scan Direction": "Forward",
                                    "Index Name": "title_pkey",
                                    "Relation Name": "title",
                                    "Alias": "t",
                                    "Startup Cost": 0.43,
                                    "Total Cost": 0.49,
                                    "Plan Rows": 1,
                                    "Plan Width": 21,
                                    "Actual Startup Time": 0.001,
                                    "Actual Total Time": 0.001,
                                    "Actual Rows": 1,
                                    "Actual Loops": 2850661,
                                    "Index Cond": "(id = mk.movie_id)",
                                    "Rows Removed by Index Recheck": 0
                                  }
                                ]
                              }
                            ]
                          }
                        ]
                      }
                    ]
                  },
                  {
                    "Node Type": "Hash",
                    "Parent Relationship": "Inner",
                    "Parallel Aware": false,
                    "Startup Cost": 1.05,
                    "Total Cost": 1.05,
                    "Plan Rows": 1,
                    "Plan Width": 4,
                    "Actual Startup Time": 0.015,
                    "Actual Total Time": 0.016,
                    "Actual Rows": 1,
                    "Actual Loops": 1,
                    "Hash Buckets": 1024,
                    "Original Hash Buckets": 1024,
                    "Hash Batches": 1,
                    "Original Hash Batches": 1,
                    "Peak Memory Usage": 9,
                    "Plans": [
                      {
                        "Node Type": "Seq Scan",
                        "Parent Relationship": "Outer",
                        "Parallel Aware": false,
                        "Relation Name": "comp_cast_type",
                        "Alias": "cct1",
                        "Startup Cost": 0.0,
                        "Total Cost": 1.05,
                        "Plan Rows": 1,
                        "Plan Width": 4,
                        "Actual Startup Time": 0.005,
                        "Actual Total Time": 0.007,
                        "Actual Rows": 1,
                        "Actual Loops": 1,
                        "Filter": "((kind)::text = 'cast'::text)",
                        "Rows Removed by Filter": 3
                      }
                    ]
                  }
                ]
              }
            ]
          },
          {
            "Node Type": "Index Scan",
            "Parent Relationship": "Inner",
            "Parallel Aware": false,
            "Scan Direction": "Forward",
            "Index Name": "keyword_pkey",
            "Relation Name": "keyword",
            "Alias": "k",
            "Startup Cost": 0.42,
            "Total Cost": 0.45,
            "Plan Rows": 1,
            "Plan Width": 4,
            "Actual Startup Time": 0.001,
            "Actual Total Time": 0.001,
            "Actual Rows": 0,
            "Actual Loops": 338545,
            "Index Cond": "(id = mk.keyword_id)",
            "Rows Removed by Index Recheck": 0,
            "Filter": "(keyword = ANY ('{murder,violence,blood,gore,death,female-nudity,hospital}'::text[]))",
            "Rows Removed by Filter": 1
          }
        ]
      }
    ]
  },
  "Planning Time": 99.115,
  "Triggers": [],
  "Execution Time": 10483.596
}