[
  {
    "Plan": {
      "Node Type": "Aggregate",
      "Strategy": "Plain",
      "Partial Mode": "Finalize",
      "Parallel Aware": false,
      "Startup Cost": 30790.32,
      "Total Cost": 30790.33,
      "Plan Rows": 1,
      "Plan Width": 8,
      "Actual Startup Time": 106.216,
      "Actual Total Time": 115.209,
      "Actual Rows": 1,
      "Actual Loops": 1,
      "Plans": [
        {
          "Node Type": "Gather",
          "Parent Relationship": "Outer",
          "Parallel Aware": false,
          "Startup Cost": 30790.0,
          "Total Cost": 30790.31,
          "Plan Rows": 3,
          "Plan Width": 8,
          "Actual Startup Time": 106.15,
          "Actual Total Time": 115.201,
          "Actual Rows": 4,
          "Actual Loops": 1,
          "Workers Planned": 3,
          "Workers Launched": 3,
          "Single Copy": false,
          "Plans": [
            {
              "Node Type": "Aggregate",
              "Strategy": "Plain",
              "Partial Mode": "Partial",
              "Parent Relationship": "Outer",
              "Parallel Aware": false,
              "Startup Cost": 29790.0,
              "Total Cost": 29790.01,
              "Plan Rows": 1,
              "Plan Width": 8,
              "Actual Startup Time": 97.652,
              "Actual Total Time": 97.653,
              "Actual Rows": 1,
              "Actual Loops": 4,
              "Plans": [
                {
                  "Node Type": "Seq Scan",
                  "Parent Relationship": "Outer",
                  "Parallel Aware": true,
                  "Relation Name": "movie_companies",
                  "Alias": "mc",
                  "Startup Cost": 0.0,
                  "Total Cost": 29310.68,
                  "Plan Rows": 191728,
                  "Plan Width": 0,
                  "Actual Startup Time": 45.791,
                  "Actual Total Time": 89.043,
                  "Actual Rows": 151903,
                  "Actual Loops": 4,
                  "Filter": "(company_id > 65419)",
                  "Rows Removed by Filter": 500379
                }
              ]
            }
          ]
        }
      ]
    },
    "Planning Time": 0.158,
    "Triggers": [],
    "Execution Time": 115.26
  }
]