[
  {
    "Plan": {
      "Node Type": "Aggregate",
      "Strategy": "Plain",
      "Partial Mode": "Finalize",
      "Parallel Aware": false,
      "Startup Cost": 47520.31,
      "Total Cost": 47520.32,
      "Plan Rows": 1,
      "Plan Width": 8,
      "Actual Startup Time": 44.068,
      "Actual Total Time": 50.142,
      "Actual Rows": 1,
      "Actual Loops": 1,
      "Plans": [
        {
          "Node Type": "Gather",
          "Parent Relationship": "Outer",
          "Parallel Aware": false,
          "Startup Cost": 47520.09,
          "Total Cost": 47520.3,
          "Plan Rows": 2,
          "Plan Width": 8,
          "Actual Startup Time": 43.9,
          "Actual Total Time": 50.138,
          "Actual Rows": 3,
          "Actual Loops": 1,
          "Workers Planned": 2,
          "Workers Launched": 2,
          "Single Copy": false,
          "Plans": [
            {
              "Node Type": "Aggregate",
              "Strategy": "Plain",
              "Partial Mode": "Partial",
              "Parent Relationship": "Outer",
              "Parallel Aware": false,
              "Startup Cost": 46520.09,
              "Total Cost": 46520.1,
              "Plan Rows": 1,
              "Plan Width": 8,
              "Actual Startup Time": 36.947,
              "Actual Total Time": 36.948,
              "Actual Rows": 1,
              "Actual Loops": 3,
              "Plans": [
                {
                  "Node Type": "Nested Loop",
                  "Parent Relationship": "Outer",
                  "Parallel Aware": false,
                  "Join Type": "Inner",
                  "Startup Cost": 215.16,
                  "Total Cost": 46512.75,
                  "Plan Rows": 2937,
                  "Plan Width": 0,
                  "Actual Startup Time": 2.232,
                  "Actual Total Time": 36.88,
                  "Actual Rows": 496,
                  "Actual Loops": 3,
                  "Inner Unique": true,
                  "Plans": [
                    {
                      "Node Type": "Bitmap Heap Scan",
                      "Parent Relationship": "Outer",
                      "Parallel Aware": true,
                      "Relation Name": "movie_keyword",
                      "Alias": "mk",
                      "Startup Cost": 214.73,
                      "Total Cost": 19062.39,
                      "Plan Rows": 4210,
                      "Plan Width": 4,
                      "Actual Startup Time": 2.005,
                      "Actual Total Time": 13.262,
                      "Actual Rows": 3436,
                      "Actual Loops": 3,
                      "Recheck Cond": "(keyword_id = 870)",
                      "Rows Removed by Index Recheck": 0,
                      "Exact Heap Blocks": 6910,
                      "Lossy Heap Blocks": 0,
                      "Plans": [
                        {
                          "Node Type": "Bitmap Index Scan",
                          "Parent Relationship": "Outer",
                          "Parallel Aware": false,
                          "Index Name": "keyword_id_movie_keyword",
                          "Startup Cost": 0.0,
                          "Total Cost": 212.2,
                          "Plan Rows": 10103,
                          "Plan Width": 0,
                          "Actual Startup Time": 3.586,
                          "Actual Total Time": 3.586,
                          "Actual Rows": 10307,
                          "Actual Loops": 1,
                          "Index Cond": "(keyword_id = 870)"
                        }
                      ]
                    },
                    {
                      "Node Type": "Index Scan",
                      "Parent Relationship": "Inner",
                      "Parallel Aware": false,
                      "Scan Direction": "Forward",
                      "Index Name": "title_pkey",
                      "Relation Name": "title",
                      "Alias": "t",
                      "Startup Cost": 0.43,
                      "Total Cost": 6.52,
                      "Plan Rows": 1,
                      "Plan Width": 4,
                      "Actual Startup Time": 0.006,
                      "Actual Total Time": 0.006,
                      "Actual Rows": 0,
                      "Actual Loops": 10307,
                      "Index Cond": "(id = mk.movie_id)",
                      "Rows Removed by Index Recheck": 0,
                      "Filter": "(kind_id > 2)",
                      "Rows Removed by Filter": 1
                    }
                  ]
                }
              ]
            }
          ]
        }
      ]
    },
    "Planning Time": 0.303,
    "Triggers": [],
    "Execution Time": 50.186
  }
]