{
  "Plan": {
    "Node Type": "Aggregate",
    "Strategy": "Plain",
    "Partial Mode": "Finalize",
    "Parallel Aware": false,
    "Startup Cost": 1072926.74,
    "Total Cost": 1072926.75,
    "Plan Rows": 1,
    "Plan Width": 8,
    "Actual Startup Time": 5465.488,
    "Actual Total Time": 5529.606,
    "Actual Rows": 1,
    "Actual Loops": 1,
    "Plans": [
      {
        "Node Type": "Gather",
        "Parent Relationship": "Outer",
        "Parallel Aware": false,
        "Startup Cost": 1072926.63,
        "Total Cost": 1072926.74,
        "Plan Rows": 1,
        "Plan Width": 8,
        "Actual Startup Time": 5465.48,
        "Actual Total Time": 5529.599,
        "Actual Rows": 2,
        "Actual Loops": 1,
        "Workers Planned": 1,
        "Workers Launched": 1,
        "Single Copy": false,
        "Plans": [
          {
            "Node Type": "Aggregate",
            "Strategy": "Plain",
            "Partial Mode": "Partial",
            "Parent Relationship": "Outer",
            "Parallel Aware": false,
            "Startup Cost": 1071926.63,
            "Total Cost": 1071926.64,
            "Plan Rows": 1,
            "Plan Width": 8,
            "Actual Startup Time": 5451.823,
            "Actual Total Time": 5451.829,
            "Actual Rows": 1,
            "Actual Loops": 2,
            "Plans": [
              {
                "Node Type": "Merge Join",
                "Parent Relationship": "Outer",
                "Parallel Aware": false,
                "Join Type": "Inner",
                "Startup Cost": 1043887.61,
                "Total Cost": 1069955.08,
                "Plan Rows": 788619,
                "Plan Width": 0,
                "Actual Startup Time": 4817.426,
                "Actual Total Time": 5426.969,
                "Actual Rows": 624501,
                "Actual Loops": 2,
                "Inner Unique": false,
                "Merge Cond": "(t.id = mc.movie_id)",
                "Plans": [
                  {
                    "Node Type": "Sort",
                    "Parent Relationship": "Outer",
                    "Parallel Aware": false,
                    "Startup Cost": 926285.09,
                    "Total Cost": 933411.54,
                    "Plan Rows": 2850579,
                    "Plan Width": 8,
                    "Actual Startup Time": 4528.409,
                    "Actual Total Time": 4883.284,
                    "Actual Rows": 2158626,
                    "Actual Loops": 2,
                    "Sort Key": [
                      "ci.movie_id"
                    ],
                    "Sort Method": "quicksort",
                    "Sort Space Used": 201087,
                    "Sort Space Type": "Memory",
                    "Workers": [
                      {
                        "Worker Number": 0,
                        "Sort Method": "quicksort",
                        "Sort Space Used": 197931,
                        "Sort Space Type": "Memory"
                      }
                    ],
                    "Plans": [
                      {
                        "Node Type": "Hash Join",
                        "Parent Relationship": "Outer",
                        "Parallel Aware": true,
                        "Join Type": "Inner",
                        "Startup Cost": 56890.76,
                        "Total Cost": 620662.78,
                        "Plan Rows": 2850579,
                        "Plan Width": 8,
                        "Actual Startup Time": 137.949,
                        "Actual Total Time": 3964.318,
                        "Actual Rows": 2159022,
                        "Actual Loops": 2,
                        "Inner Unique": true,
                        "Hash Cond": "(ci.movie_id = t.id)",
                        "Plans": [
                          {
                            "Node Type": "Seq Scan",
                            "Parent Relationship": "Outer",
                            "Parallel Aware": true,
                            "Relation Name": "cast_info",
                            "Alias": "ci",
                            "Startup Cost": 0.0,
                            "Total Cost": 519069.44,
                            "Plan Rows": 17029523,
                            "Plan Width": 4,
                            "Actual Startup Time": 0.025,
                            "Actual Total Time": 1639.405,
                            "Actual Rows": 14542159,
                            "Actual Loops": 2,
                            "Filter": "(person_id < 2951609)",
                            "Rows Removed by Filter": 3580013
                          },
                          {
                            "Node Type": "Hash",
                            "Parent Relationship": "Inner",
                            "Parallel Aware": true,
                            "Startup Cost": 53778.91,
                            "Total Cost": 53778.91,
                            "Plan Rows": 248948,
                            "Plan Width": 4,
                            "Actual Startup Time": 132.638,
                            "Actual Total Time": 132.64,
                            "Actual Rows": 154549,
                            "Actual Loops": 2,
                            "Hash Buckets": 524288,
                            "Original Hash Buckets": 524288,
                            "Hash Batches": 1,
                            "Original Hash Batches": 1,
                            "Peak Memory Usage": 16224,
                            "Plans": [
                              {
                                "Node Type": "Bitmap Heap Scan",
                                "Parent Relationship": "Outer",
                                "Parallel Aware": true,
                                "Relation Name": "title",
                                "Alias": "t",
                                "Startup Cost": 11928.65,
                                "Total Cost": 53778.91,
                                "Plan Rows": 248948,
                                "Plan Width": 4,
                                "Actual Startup Time": 34.672,
                                "Actual Total Time": 98.854,
                                "Actual Rows": 154549,
                                "Actual Loops": 2,
                                "Recheck Cond": "(kind_id = 1)",
                                "Rows Removed by Index Recheck": 0,
                                "Filter": "(production_year > 1995)",
                                "Rows Removed by Filter": 176864,
                                "Exact Heap Blocks": 8090,
                                "Lossy Heap Blocks": 0,
                                "Plans": [
                                  {
                                    "Node Type": "Bitmap Index Scan",
                                    "Parent Relationship": "Outer",
                                    "Parallel Aware": false,
                                    "Index Name": "kind_id_title",
                                    "Startup Cost": 0.0,
                                    "Total Cost": 11822.85,
                                    "Plan Rows": 663256,
                                    "Plan Width": 0,
                                    "Actual Startup Time": 33.471,
                                    "Actual Total Time": 33.472,
                                    "Actual Rows": 662825,
                                    "Actual Loops": 1,
                                    "Index Cond": "(kind_id = 1)"
                                  }
                                ]
                              }
                            ]
                          }
                        ]
                      }
                    ]
                  },
                  {
                    "Node Type": "Sort",
                    "Parent Relationship": "Inner",
                    "Parallel Aware": false,
                    "Startup Cost": 117602.23,
                    "Total Cost": 119350.87,
                    "Plan Rows": 699458,
                    "Plan Width": 4,
                    "Actual Startup Time": 268.301,
                    "Actual Total Time": 305.769,
                    "Actual Rows": 1031715,
                    "Actual Loops": 2,
                    "Sort Key": [
                      "mc.movie_id"
                    ],
                    "Sort Method": "quicksort",
                    "Sort Space Used": 33118,
                    "Sort Space Type": "Memory",
                    "Workers": [
                      {
                        "Worker Number": 0,
                        "Sort Method": "quicksort",
                        "Sort Space Used": 33118,
                        "Sort Space Type": "Memory"
                      }
                    ],
                    "Plans": [
                      {
                        "Node Type": "Index Scan",
                        "Parent Relationship": "Outer",
                        "Parallel Aware": false,
                        "Scan Direction": "Forward",
                        "Index Name": "company_type_id_movie_companies",
                        "Relation Name": "movie_companies",
                        "Alias": "mc",
                        "Startup Cost": 0.43,
                        "Total Cost": 49699.27,
                        "Plan Rows": 699458,
                        "Plan Width": 4,
                        "Actual Startup Time": 0.101,
                        "Actual Total Time": 182.397,
                        "Actual Rows": 444352,
                        "Actual Loops": 2,
                        "Index Cond": "(company_type_id = 2)",
                        "Rows Removed by Index Recheck": 0,
                        "Filter": "(company_id < 11855)",
                        "Rows Removed by Filter": 890531
                      }
                    ]
                  }
                ]
              }
            ]
          }
        ]
      }
    ]
  },
  "Planning Time": 1.177,
  "Triggers": [],
  "Execution Time": 5553.587
}