[
  {
    "Plan": {
      "Node Type": "Aggregate",
      "Strategy": "Plain",
      "Partial Mode": "Finalize",
      "Parallel Aware": false,
      "Startup Cost": 31868.57,
      "Total Cost": 31868.58,
      "Plan Rows": 1,
      "Plan Width": 8,
      "Actual Startup Time": 114.964,
      "Actual Total Time": 123.048,
      "Actual Rows": 1,
      "Actual Loops": 1,
      "Plans": [
        {
          "Node Type": "Gather",
          "Parent Relationship": "Outer",
          "Parallel Aware": false,
          "Startup Cost": 31868.26,
          "Total Cost": 31868.57,
          "Plan Rows": 3,
          "Plan Width": 8,
          "Actual Startup Time": 114.836,
          "Actual Total Time": 123.04,
          "Actual Rows": 4,
          "Actual Loops": 1,
          "Workers Planned": 3,
          "Workers Launched": 3,
          "Single Copy": false,
          "Plans": [
            {
              "Node Type": "Aggregate",
              "Strategy": "Plain",
              "Partial Mode": "Partial",
              "Parent Relationship": "Outer",
              "Parallel Aware": false,
              "Startup Cost": 30868.26,
              "Total Cost": 30868.27,
              "Plan Rows": 1,
              "Plan Width": 8,
              "Actual Startup Time": 106.449,
              "Actual Total Time": 106.45,
              "Actual Rows": 1,
              "Actual Loops": 4,
              "Plans": [
                {
                  "Node Type": "Seq Scan",
                  "Parent Relationship": "Outer",
                  "Parallel Aware": true,
                  "Relation Name": "movie_companies",
                  "Alias": "mc",
                  "Startup Cost": 0.0,
                  "Total Cost": 29310.68,
                  "Plan Rows": 623030,
                  "Plan Width": 0,
                  "Actual Startup Time": 0.047,
                  "Actual Total Time": 81.566,
                  "Actual Rows": 479135,
                  "Actual Loops": 4,
                  "Filter": "(company_id < 46856)",
                  "Rows Removed by Filter": 173147
                }
              ]
            }
          ]
        }
      ]
    },
    "Planning Time": 0.214,
    "Triggers": [],
    "Execution Time": 123.102
  }
]