[
  {
    "Plan": {
      "Node Type": "Aggregate",
      "Strategy": "Plain",
      "Partial Mode": "Finalize",
      "Parallel Aware": false,
      "Startup Cost": 30463.62,
      "Total Cost": 30463.63,
      "Plan Rows": 1,
      "Plan Width": 8,
      "Actual Startup Time": 84.643,
      "Actual Total Time": 92.464,
      "Actual Rows": 1,
      "Actual Loops": 1,
      "Plans": [
        {
          "Node Type": "Gather",
          "Parent Relationship": "Outer",
          "Parallel Aware": false,
          "Startup Cost": 30463.3,
          "Total Cost": 30463.61,
          "Plan Rows": 3,
          "Plan Width": 8,
          "Actual Startup Time": 84.291,
          "Actual Total Time": 92.455,
          "Actual Rows": 4,
          "Actual Loops": 1,
          "Workers Planned": 3,
          "Workers Launched": 3,
          "Single Copy": false,
          "Plans": [
            {
              "Node Type": "Aggregate",
              "Strategy": "Plain",
              "Partial Mode": "Partial",
              "Parent Relationship": "Outer",
              "Parallel Aware": false,
              "Startup Cost": 29463.3,
              "Total Cost": 29463.31,
              "Plan Rows": 1,
              "Plan Width": 8,
              "Actual Startup Time": 77.003,
              "Actual Total Time": 77.005,
              "Actual Rows": 1,
              "Actual Loops": 4,
              "Plans": [
                {
                  "Node Type": "Bitmap Heap Scan",
                  "Parent Relationship": "Outer",
                  "Parallel Aware": true,
                  "Relation Name": "movie_companies",
                  "Alias": "mc",
                  "Startup Cost": 8587.11,
                  "Total Cost": 29306.11,
                  "Plan Rows": 62877,
                  "Plan Width": 0,
                  "Actual Startup Time": 19.718,
                  "Actual Total Time": 71.854,
                  "Actual Rows": 74684,
                  "Actual Loops": 4,
                  "Recheck Cond": "(company_id < 239)",
                  "Rows Removed by Index Recheck": 0,
                  "Filter": "(company_type_id < 2)",
                  "Rows Removed by Filter": 23216,
                  "Exact Heap Blocks": 9431,
                  "Lossy Heap Blocks": 0,
                  "Plans": [
                    {
                      "Node Type": "Bitmap Index Scan",
                      "Parent Relationship": "Outer",
                      "Parallel Aware": false,
                      "Index Name": "company_id_movie_companies",
                      "Startup Cost": 0.0,
                      "Total Cost": 8538.38,
                      "Plan Rows": 398660,
                      "Plan Width": 0,
                      "Actual Startup Time": 23.073,
                      "Actual Total Time": 23.073,
                      "Actual Rows": 391600,
                      "Actual Loops": 1,
                      "Index Cond": "(company_id < 239)"
                    }
                  ]
                }
              ]
            }
          ]
        }
      ]
    },
    "Planning Time": 0.118,
    "Triggers": [],
    "Execution Time": 92.508
  }
]