[
  {
    "Plan": {
      "Node Type": "Aggregate",
      "Strategy": "Plain",
      "Partial Mode": "Finalize",
      "Parallel Aware": false,
      "Startup Cost": 45032.91,
      "Total Cost": 45032.92,
      "Plan Rows": 1,
      "Plan Width": 8,
      "Actual Startup Time": 147.647,
      "Actual Total Time": 158.774,
      "Actual Rows": 1,
      "Actual Loops": 1,
      "Plans": [
        {
          "Node Type": "Gather",
          "Parent Relationship": "Outer",
          "Parallel Aware": false,
          "Startup Cost": 45032.59,
          "Total Cost": 45032.9,
          "Plan Rows": 3,
          "Plan Width": 8,
          "Actual Startup Time": 147.489,
          "Actual Total Time": 158.764,
          "Actual Rows": 4,
          "Actual Loops": 1,
          "Workers Planned": 3,
          "Workers Launched": 3,
          "Single Copy": false,
          "Plans": [
            {
              "Node Type": "Aggregate",
              "Strategy": "Plain",
              "Partial Mode": "Partial",
              "Parent Relationship": "Outer",
              "Parallel Aware": false,
              "Startup Cost": 44032.59,
              "Total Cost": 44032.6,
              "Plan Rows": 1,
              "Plan Width": 8,
              "Actual Startup Time": 143.455,
              "Actual Total Time": 143.457,
              "Actual Rows": 1,
              "Actual Loops": 4,
              "Plans": [
                {
                  "Node Type": "Seq Scan",
                  "Parent Relationship": "Outer",
                  "Parallel Aware": true,
                  "Relation Name": "movie_keyword",
                  "Alias": "mk",
                  "Startup Cost": 0.0,
                  "Total Cost": 42695.65,
                  "Plan Rows": 534776,
                  "Plan Width": 0,
                  "Actual Startup Time": 0.975,
                  "Actual Total Time": 121.369,
                  "Actual Rows": 410880,
                  "Actual Loops": 4,
                  "Filter": "(keyword_id > 8975)",
                  "Rows Removed by Filter": 720102
                }
              ]
            }
          ]
        }
      ]
    },
    "Planning Time": 0.115,
    "Triggers": [],
    "Execution Time": 158.807
  }
]