[
  {
    "Plan": {
      "Node Type": "Aggregate",
      "Strategy": "Plain",
      "Partial Mode": "Finalize",
      "Parallel Aware": false,
      "Startup Cost": 82393.25,
      "Total Cost": 82393.26,
      "Plan Rows": 1,
      "Plan Width": 8,
      "Actual Startup Time": 203.952,
      "Actual Total Time": 221.602,
      "Actual Rows": 1,
      "Actual Loops": 1,
      "Plans": [
        {
          "Node Type": "Gather",
          "Parent Relationship": "Outer",
          "Parallel Aware": false,
          "Startup Cost": 82392.93,
          "Total Cost": 82393.24,
          "Plan Rows": 3,
          "Plan Width": 8,
          "Actual Startup Time": 202.764,
          "Actual Total Time": 221.595,
          "Actual Rows": 4,
          "Actual Loops": 1,
          "Workers Planned": 3,
          "Workers Launched": 3,
          "Single Copy": false,
          "Plans": [
            {
              "Node Type": "Aggregate",
              "Strategy": "Plain",
              "Partial Mode": "Partial",
              "Parent Relationship": "Outer",
              "Parallel Aware": false,
              "Startup Cost": 81392.93,
              "Total Cost": 81392.94,
              "Plan Rows": 1,
              "Plan Width": 8,
              "Actual Startup Time": 192.91,
              "Actual Total Time": 192.914,
              "Actual Rows": 1,
              "Actual Loops": 4,
              "Plans": [
                {
                  "Node Type": "Nested Loop",
                  "Parent Relationship": "Outer",
                  "Parallel Aware": false,
                  "Join Type": "Inner",
                  "Startup Cost": 55482.83,
                  "Total Cost": 81384.22,
                  "Plan Rows": 3485,
                  "Plan Width": 0,
                  "Actual Startup Time": 161.777,
                  "Actual Total Time": 192.735,
                  "Actual Rows": 2936,
                  "Actual Loops": 4,
                  "Inner Unique": false,
                  "Plans": [
                    {
                      "Node Type": "Hash Join",
                      "Parent Relationship": "Outer",
                      "Parallel Aware": true,
                      "Join Type": "Inner",
                      "Startup Cost": 55482.4,
                      "Total Cost": 76544.1,
                      "Plan Rows": 6385,
                      "Plan Width": 8,
                      "Actual Startup Time": 161.59,
                      "Actual Total Time": 181.031,
                      "Actual Rows": 3671,
                      "Actual Loops": 4,
                      "Inner Unique": true,
                      "Hash Cond": "(mc.movie_id = t.id)",
                      "Plans": [
                        {
                          "Node Type": "Bitmap Heap Scan",
                          "Parent Relationship": "Outer",
                          "Parallel Aware": true,
                          "Relation Name": "movie_companies",
                          "Alias": "mc",
                          "Startup Cost": 9288.97,
                          "Total Cost": 30165.29,
                          "Plan Rows": 70620,
                          "Plan Width": 4,
                          "Actual Startup Time": 47.166,
                          "Actual Total Time": 60.107,
                          "Actual Rows": 25420,
                          "Actual Loops": 4,
                          "Recheck Cond": "(company_id < 305)",
                          "Rows Removed by Index Recheck": 0,
                          "Filter": "(company_type_id = 2)",
                          "Rows Removed by Filter": 81816,
                          "Exact Heap Blocks": 7760,
                          "Lossy Heap Blocks": 0,
                          "Plans": [
                            {
                              "Node Type": "Bitmap Index Scan",
                              "Parent Relationship": "Outer",
                              "Parallel Aware": false,
                              "Index Name": "company_id_movie_companies",
                              "Startup Cost": 0.0,
                              "Total Cost": 9234.24,
                              "Plan Rows": 431174,
                              "Plan Width": 0,
                              "Actual Startup Time": 17.188,
                              "Actual Total Time": 17.188,
                              "Actual Rows": 428945,
                              "Actual Loops": 1,
                              "Index Cond": "(company_id < 305)"
                            }
                          ]
                        },
                        {
                          "Node Type": "Hash",
                          "Parent Relationship": "Inner",
                          "Parallel Aware": true,
                          "Startup Cost": 45479.1,
                          "Total Cost": 45479.1,
                          "Plan Rows": 57147,
                          "Plan Width": 4,
                          "Actual Startup Time": 112.106,
                          "Actual Total Time": 112.107,
                          "Actual Rows": 27425,
                          "Actual Loops": 4,
                          "Hash Buckets": 262144,
                          "Original Hash Buckets": 262144,
                          "Hash Batches": 1,
                          "Original Hash Batches": 1,
                          "Peak Memory Usage": 6432,
                          "Plans": [
                            {
                              "Node Type": "Seq Scan",
                              "Parent Relationship": "Outer",
                              "Parallel Aware": true,
                              "Relation Name": "title",
                              "Alias": "t",
                              "Startup Cost": 0.0,
                              "Total Cost": 45479.1,
                              "Plan Rows": 57147,
                              "Plan Width": 4,
                              "Actual Startup Time": 0.042,
                              "Actual Total Time": 100.632,
                              "Actual Rows": 27425,
                              "Actual Loops": 4,
                              "Filter": "((kind_id > 1) AND (production_year < 1967))",
                              "Rows Removed by Filter": 604653
                            }
                          ]
                        }
                      ]
                    },
                    {
                      "Node Type": "Index Only Scan",
                      "Parent Relationship": "Inner",
                      "Parallel Aware": false,
                      "Scan Direction": "Forward",
                      "Index Name": "movie_id_movie_info_idx",
                      "Relation Name": "movie_info_idx",
                      "Alias": "mi_idx",
                      "Startup Cost": 0.43,
                      "Total Cost": 0.73,
                      "Plan Rows": 3,
                      "Plan Width": 4,
                      "Actual Startup Time": 0.003,
                      "Actual Total Time": 0.003,
                      "Actual Rows": 1,
                      "Actual Loops": 14685,
                      "Index Cond": "(movie_id = t.id)",
                      "Rows Removed by Index Recheck": 0,
                      "Heap Fetches": 11742
                    }
                  ]
                }
              ]
            }
          ]
        }
      ]
    },
    "Planning Time": 1.533,
    "Triggers": [],
    "Execution Time": 221.714
  }
]