[
  {
    "Plan": {
      "Node Type": "Aggregate",
      "Strategy": "Plain",
      "Partial Mode": "Finalize",
      "Parallel Aware": false,
      "Startup Cost": 333569.06,
      "Total Cost": 333569.07,
      "Plan Rows": 1,
      "Plan Width": 8,
      "Actual Startup Time": 2494.671,
      "Actual Total Time": 2558.227,
      "Actual Rows": 1,
      "Actual Loops": 1,
      "Plans": [
        {
          "Node Type": "Gather",
          "Parent Relationship": "Outer",
          "Parallel Aware": false,
          "Startup Cost": 333568.44,
          "Total Cost": 333569.05,
          "Plan Rows": 6,
          "Plan Width": 8,
          "Actual Startup Time": 2494.564,
          "Actual Total Time": 2558.215,
          "Actual Rows": 7,
          "Actual Loops": 1,
          "Workers Planned": 6,
          "Workers Launched": 6,
          "Single Copy": false,
          "Plans": [
            {
              "Node Type": "Aggregate",
              "Strategy": "Plain",
              "Partial Mode": "Partial",
              "Parent Relationship": "Outer",
              "Parallel Aware": false,
              "Startup Cost": 332568.44,
              "Total Cost": 332568.45,
              "Plan Rows": 1,
              "Plan Width": 8,
              "Actual Startup Time": 2482.821,
              "Actual Total Time": 2482.823,
              "Actual Rows": 1,
              "Actual Loops": 7,
              "Plans": [
                {
                  "Node Type": "Index Scan",
                  "Parent Relationship": "Outer",
                  "Parallel Aware": true,
                  "Scan Direction": "Forward",
                  "Index Name": "role_id_cast_info",
                  "Relation Name": "cast_info",
                  "Alias": "ci",
                  "Startup Cost": 0.56,
                  "Total Cost": 331632.96,
                  "Plan Rows": 374191,
                  "Plan Width": 0,
                  "Actual Startup Time": 0.698,
                  "Actual Total Time": 2458.29,
                  "Actual Rows": 196178,
                  "Actual Loops": 7,
                  "Index Cond": "(role_id > 3)",
                  "Rows Removed by Index Recheck": 0,
                  "Filter": "(person_id < 656426)",
                  "Rows Removed by Filter": 1534343
                }
              ]
            }
          ]
        }
      ]
    },
    "Planning Time": 0.254,
    "Triggers": [],
    "Execution Time": 2558.285
  }
]