{
  "Plan": {
    "Node Type": "Aggregate",
    "Strategy": "Plain",
    "Partial Mode": "Finalize",
    "Parallel Aware": false,
    "Startup Cost": 89279.55,
    "Total Cost": 89279.56,
    "Plan Rows": 1,
    "Plan Width": 8,
    "Actual Startup Time": 349.36,
    "Actual Total Time": 366.709,
    "Actual Rows": 1,
    "Actual Loops": 1,
    "Plans": [
      {
        "Node Type": "Gather",
        "Parent Relationship": "Outer",
        "Parallel Aware": false,
        "Startup Cost": 89279.44,
        "Total Cost": 89279.55,
        "Plan Rows": 1,
        "Plan Width": 8,
        "Actual Startup Time": 347.332,
        "Actual Total Time": 366.7,
        "Actual Rows": 2,
        "Actual Loops": 1,
        "Workers Planned": 1,
        "Workers Launched": 1,
        "Single Copy": false,
        "Plans": [
          {
            "Node Type": "Aggregate",
            "Strategy": "Plain",
            "Partial Mode": "Partial",
            "Parent Relationship": "Outer",
            "Parallel Aware": false,
            "Startup Cost": 88279.44,
            "Total Cost": 88279.45,
            "Plan Rows": 1,
            "Plan Width": 8,
            "Actual Startup Time": 341.503,
            "Actual Total Time": 341.507,
            "Actual Rows": 1,
            "Actual Loops": 2,
            "Plans": [
              {
                "Node Type": "Hash Join",
                "Parent Relationship": "Outer",
                "Parallel Aware": true,
                "Join Type": "Inner",
                "Startup Cost": 62814.97,
                "Total Cost": 88228.8,
                "Plan Rows": 20256,
                "Plan Width": 0,
                "Actual Startup Time": 280.88,
                "Actual Total Time": 340.115,
                "Actual Rows": 28123,
                "Actual Loops": 2,
                "Inner Unique": true,
                "Hash Cond": "(mk.movie_id = t.id)",
                "Plans": [
                  {
                    "Node Type": "Bitmap Heap Scan",
                    "Parent Relationship": "Outer",
                    "Parallel Aware": true,
                    "Relation Name": "movie_keyword",
                    "Alias": "mk",
                    "Startup Cost": 2292.51,
                    "Total Cost": 27539.75,
                    "Plan Rows": 63459,
                    "Plan Width": 4,
                    "Actual Startup Time": 12.53,
                    "Actual Total Time": 51.005,
                    "Actual Rows": 60960,
                    "Actual Loops": 2,
                    "Recheck Cond": "(keyword_id < 117)",
                    "Rows Removed by Index Recheck": 0,
                    "Exact Heap Blocks": 14375,
                    "Lossy Heap Blocks": 0,
                    "Plans": [
                      {
                        "Node Type": "Bitmap Index Scan",
                        "Parent Relationship": "Outer",
                        "Parallel Aware": false,
                        "Index Name": "keyword_id_movie_keyword",
                        "Startup Cost": 0.0,
                        "Total Cost": 2265.54,
                        "Plan Rows": 107881,
                        "Plan Width": 0,
                        "Actual Startup Time": 9.152,
                        "Actual Total Time": 9.152,
                        "Actual Rows": 121921,
                        "Actual Loops": 1,
                        "Index Cond": "(keyword_id < 117)"
                      }
                    ]
                  },
                  {
                    "Node Type": "Hash",
                    "Parent Relationship": "Inner",
                    "Parallel Aware": true,
                    "Startup Cost": 54588.39,
                    "Total Cost": 54588.39,
                    "Plan Rows": 474726,
                    "Plan Width": 4,
                    "Actual Startup Time": 259.185,
                    "Actual Total Time": 259.185,
                    "Actual Rows": 406352,
                    "Actual Loops": 2,
                    "Hash Buckets": 1048576,
                    "Original Hash Buckets": 1048576,
                    "Hash Batches": 1,
                    "Original Hash Batches": 1,
                    "Peak Memory Usage": 40000,
                    "Plans": [
                      {
                        "Node Type": "Seq Scan",
                        "Parent Relationship": "Outer",
                        "Parallel Aware": true,
                        "Relation Name": "title",
                        "Alias": "t",
                        "Startup Cost": 0.0,
                        "Total Cost": 54588.39,
                        "Plan Rows": 474726,
                        "Plan Width": 4,
                        "Actual Startup Time": 0.03,
                        "Actual Total Time": 156.111,
                        "Actual Rows": 406352,
                        "Actual Loops": 2,
                        "Filter": "(production_year < 1995)",
                        "Rows Removed by Filter": 857804
                      }
                    ]
                  }
                ]
              }
            ]
          }
        ]
      }
    ]
  },
  "Planning Time": 0.422,
  "Triggers": [],
  "Execution Time": 366.793
}