{
  "Plan": {
    "Node Type": "Aggregate",
    "Strategy": "Plain",
    "Partial Mode": "Finalize",
    "Parallel Aware": false,
    "Startup Cost": 635437.05,
    "Total Cost": 635437.06,
    "Plan Rows": 1,
    "Plan Width": 8,
    "Actual Startup Time": 3612.693,
    "Actual Total Time": 3658.251,
    "Actual Rows": 1,
    "Actual Loops": 1,
    "Plans": [
      {
        "Node Type": "Gather",
        "Parent Relationship": "Outer",
        "Parallel Aware": false,
        "Startup Cost": 635436.94,
        "Total Cost": 635437.05,
        "Plan Rows": 1,
        "Plan Width": 8,
        "Actual Startup Time": 3608.903,
        "Actual Total Time": 3658.245,
        "Actual Rows": 2,
        "Actual Loops": 1,
        "Workers Planned": 1,
        "Workers Launched": 1,
        "Single Copy": false,
        "Plans": [
          {
            "Node Type": "Aggregate",
            "Strategy": "Plain",
            "Partial Mode": "Partial",
            "Parent Relationship": "Outer",
            "Parallel Aware": false,
            "Startup Cost": 634436.94,
            "Total Cost": 634436.95,
            "Plan Rows": 1,
            "Plan Width": 8,
            "Actual Startup Time": 3602.402,
            "Actual Total Time": 3602.408,
            "Actual Rows": 1,
            "Actual Loops": 2,
            "Plans": [
              {
                "Node Type": "Hash Join",
                "Parent Relationship": "Outer",
                "Parallel Aware": true,
                "Join Type": "Inner",
                "Startup Cost": 84058.37,
                "Total Cost": 630977.83,
                "Plan Rows": 1383644,
                "Plan Width": 0,
                "Actual Startup Time": 523.569,
                "Actual Total Time": 3453.506,
                "Actual Rows": 3593740,
                "Actual Loops": 2,
                "Inner Unique": false,
                "Hash Cond": "(ci.movie_id = t.id)",
                "Plans": [
                  {
                    "Node Type": "Index Scan",
                    "Parent Relationship": "Outer",
                    "Parallel Aware": true,
                    "Scan Direction": "Forward",
                    "Index Name": "role_id_cast_info",
                    "Relation Name": "cast_info",
                    "Alias": "ci",
                    "Startup Cost": 0.56,
                    "Total Cost": 502630.18,
                    "Plan Rows": 9640203,
                    "Plan Width": 4,
                    "Actual Startup Time": 0.077,
                    "Actual Total Time": 1091.853,
                    "Actual Rows": 8060842,
                    "Actual Loops": 2,
                    "Index Cond": "(role_id > 2)",
                    "Rows Removed by Index Recheck": 0
                  },
                  {
                    "Node Type": "Hash",
                    "Parent Relationship": "Inner",
                    "Parallel Aware": true,
                    "Startup Cost": 81389.55,
                    "Total Cost": 81389.55,
                    "Plan Rows": 213460,
                    "Plan Width": 8,
                    "Actual Startup Time": 517.936,
                    "Actual Total Time": 517.939,
                    "Actual Rows": 318149,
                    "Actual Loops": 2,
                    "Hash Buckets": 1048576,
                    "Original Hash Buckets": 524288,
                    "Hash Batches": 1,
                    "Original Hash Batches": 1,
                    "Peak Memory Usage": 37216,
                    "Plans": [
                      {
                        "Node Type": "Hash Join",
                        "Parent Relationship": "Outer",
                        "Parallel Aware": true,
                        "Join Type": "Inner",
                        "Startup Cost": 61878.3,
                        "Total Cost": 81389.55,
                        "Plan Rows": 213460,
                        "Plan Width": 8,
                        "Actual Startup Time": 271.098,
                        "Actual Total Time": 447.828,
                        "Actual Rows": 318149,
                        "Actual Loops": 2,
                        "Inner Unique": true,
                        "Hash Cond": "(mi_idx.movie_id = t.id)",
                        "Plans": [
                          {
                            "Node Type": "Seq Scan",
                            "Parent Relationship": "Outer",
                            "Parallel Aware": true,
                            "Relation Name": "movie_info_idx",
                            "Alias": "mi_idx",
                            "Startup Cost": 0.0,
                            "Total Cost": 18082.32,
                            "Plan Rows": 544356,
                            "Plan Width": 4,
                            "Actual Startup Time": 0.019,
                            "Actual Total Time": 64.857,
                            "Actual Rows": 460055,
                            "Actual Loops": 2,
                            "Filter": "(info_type_id > 99)",
                            "Rows Removed by Filter": 229962
                          },
                          {
                            "Node Type": "Hash",
                            "Parent Relationship": "Inner",
                            "Parallel Aware": true,
                            "Startup Cost": 54588.39,
                            "Total Cost": 54588.39,
                            "Plan Rows": 583193,
                            "Plan Width": 4,
                            "Actual Startup Time": 264.8,
                            "Actual Total Time": 264.801,
                            "Actual Rows": 492524,
                            "Actual Loops": 2,
                            "Hash Buckets": 1048576,
                            "Original Hash Buckets": 1048576,
                            "Hash Batches": 1,
                            "Original Hash Batches": 1,
                            "Peak Memory Usage": 46752,
                            "Plans": [
                              {
                                "Node Type": "Seq Scan",
                                "Parent Relationship": "Outer",
                                "Parallel Aware": true,
                                "Relation Name": "title",
                                "Alias": "t",
                                "Startup Cost": 0.0,
                                "Total Cost": 54588.39,
                                "Plan Rows": 583193,
                                "Plan Width": 4,
                                "Actual Startup Time": 0.041,
                                "Actual Total Time": 148.347,
                                "Actual Rows": 492524,
                                "Actual Loops": 2,
                                "Filter": "(kind_id < 7)",
                                "Rows Removed by Filter": 771632
                              }
                            ]
                          }
                        ]
                      }
                    ]
                  }
                ]
              }
            ]
          }
        ]
      }
    ]
  },
  "Planning Time": 1.064,
  "Triggers": [],
  "Execution Time": 3658.349
}