[
  {
    "Plan": {
      "Node Type": "Aggregate",
      "Strategy": "Plain",
      "Partial Mode": "Finalize",
      "Parallel Aware": false,
      "Startup Cost": 88573.75,
      "Total Cost": 88573.76,
      "Plan Rows": 1,
      "Plan Width": 8,
      "Actual Startup Time": 508.27,
      "Actual Total Time": 526.731,
      "Actual Rows": 1,
      "Actual Loops": 1,
      "Plans": [
        {
          "Node Type": "Gather",
          "Parent Relationship": "Outer",
          "Parallel Aware": false,
          "Startup Cost": 88573.43,
          "Total Cost": 88573.74,
          "Plan Rows": 3,
          "Plan Width": 8,
          "Actual Startup Time": 499.584,
          "Actual Total Time": 526.719,
          "Actual Rows": 4,
          "Actual Loops": 1,
          "Workers Planned": 3,
          "Workers Launched": 3,
          "Single Copy": false,
          "Plans": [
            {
              "Node Type": "Aggregate",
              "Strategy": "Plain",
              "Partial Mode": "Partial",
              "Parent Relationship": "Outer",
              "Parallel Aware": false,
              "Startup Cost": 87573.43,
              "Total Cost": 87573.44,
              "Plan Rows": 1,
              "Plan Width": 8,
              "Actual Startup Time": 487.404,
              "Actual Total Time": 487.408,
              "Actual Rows": 1,
              "Actual Loops": 4,
              "Plans": [
                {
                  "Node Type": "Hash Join",
                  "Parent Relationship": "Outer",
                  "Parallel Aware": true,
                  "Join Type": "Inner",
                  "Startup Cost": 60393.11,
                  "Total Cost": 87186.72,
                  "Plan Rows": 154685,
                  "Plan Width": 0,
                  "Actual Startup Time": 387.641,
                  "Actual Total Time": 481.659,
                  "Actual Rows": 118994,
                  "Actual Loops": 4,
                  "Inner Unique": true,
                  "Hash Cond": "(mk.movie_id = t.id)",
                  "Plans": [
                    {
                      "Node Type": "Bitmap Heap Scan",
                      "Parent Relationship": "Outer",
                      "Parallel Aware": true,
                      "Relation Name": "movie_keyword",
                      "Alias": "mk",
                      "Startup Cost": 10172.73,
                      "Total Cost": 36560.28,
                      "Plan Rows": 154685,
                      "Plan Width": 4,
                      "Actual Startup Time": 32.273,
                      "Actual Total Time": 85.045,
                      "Actual Rows": 118994,
                      "Actual Loops": 4,
                      "Recheck Cond": "(keyword_id > 37513)",
                      "Rows Removed by Index Recheck": 0,
                      "Exact Heap Blocks": 6146,
                      "Lossy Heap Blocks": 0,
                      "Plans": [
                        {
                          "Node Type": "Bitmap Index Scan",
                          "Parent Relationship": "Outer",
                          "Parallel Aware": false,
                          "Index Name": "keyword_id_movie_keyword",
                          "Startup Cost": 0.0,
                          "Total Cost": 10052.85,
                          "Plan Rows": 479522,
                          "Plan Width": 0,
                          "Actual Startup Time": 28.898,
                          "Actual Total Time": 28.899,
                          "Actual Rows": 475978,
                          "Actual Loops": 1,
                          "Index Cond": "(keyword_id > 37513)"
                        }
                      ]
                    },
                    {
                      "Node Type": "Hash",
                      "Parent Relationship": "Inner",
                      "Parallel Aware": true,
                      "Startup Cost": 42319.06,
                      "Total Cost": 42319.06,
                      "Plan Rows": 632106,
                      "Plan Width": 4,
                      "Actual Startup Time": 346.791,
                      "Actual Total Time": 346.792,
                      "Actual Rows": 632078,
                      "Actual Loops": 4,
                      "Hash Buckets": 4194304,
                      "Original Hash Buckets": 4194304,
                      "Hash Batches": 1,
                      "Original Hash Batches": 1,
                      "Peak Memory Usage": 131776,
                      "Plans": [
                        {
                          "Node Type": "Seq Scan",
                          "Parent Relationship": "Outer",
                          "Parallel Aware": true,
                          "Relation Name": "title",
                          "Alias": "t",
                          "Startup Cost": 0.0,
                          "Total Cost": 42319.06,
                          "Plan Rows": 632106,
                          "Plan Width": 4,
                          "Actual Startup Time": 0.034,
                          "Actual Total Time": 99.237,
                          "Actual Rows": 632078,
                          "Actual Loops": 4
                        }
                      ]
                    }
                  ]
                }
              ]
            }
          ]
        }
      ]
    },
    "Planning Time": 0.374,
    "Triggers": [],
    "Execution Time": 526.777
  }
]