[
  {
    "Plan": {
      "Node Type": "Aggregate",
      "Strategy": "Plain",
      "Partial Mode": "Finalize",
      "Parallel Aware": false,
      "Startup Cost": 32703.58,
      "Total Cost": 32703.59,
      "Plan Rows": 1,
      "Plan Width": 8,
      "Actual Startup Time": 65.991,
      "Actual Total Time": 73.84,
      "Actual Rows": 1,
      "Actual Loops": 1,
      "Plans": [
        {
          "Node Type": "Gather",
          "Parent Relationship": "Outer",
          "Parallel Aware": false,
          "Startup Cost": 32703.26,
          "Total Cost": 32703.57,
          "Plan Rows": 3,
          "Plan Width": 8,
          "Actual Startup Time": 65.844,
          "Actual Total Time": 73.832,
          "Actual Rows": 4,
          "Actual Loops": 1,
          "Workers Planned": 3,
          "Workers Launched": 3,
          "Single Copy": false,
          "Plans": [
            {
              "Node Type": "Aggregate",
              "Strategy": "Plain",
              "Partial Mode": "Partial",
              "Parent Relationship": "Outer",
              "Parallel Aware": false,
              "Startup Cost": 31703.26,
              "Total Cost": 31703.27,
              "Plan Rows": 1,
              "Plan Width": 8,
              "Actual Startup Time": 62.252,
              "Actual Total Time": 62.253,
              "Actual Rows": 1,
              "Actual Loops": 4,
              "Plans": [
                {
                  "Node Type": "Seq Scan",
                  "Parent Relationship": "Outer",
                  "Parallel Aware": true,
                  "Relation Name": "movie_companies",
                  "Alias": "mc",
                  "Startup Cost": 0.0,
                  "Total Cost": 31414.82,
                  "Plan Rows": 115377,
                  "Plan Width": 0,
                  "Actual Startup Time": 19.334,
                  "Actual Total Time": 61.741,
                  "Actual Rows": 10461,
                  "Actual Loops": 4,
                  "Filter": "((company_id > 41427) AND (company_type_id = 1))",
                  "Rows Removed by Filter": 641821
                }
              ]
            }
          ]
        }
      ]
    },
    "Planning Time": 0.069,
    "Triggers": [],
    "Execution Time": 73.873
  }
]