[
  {
    "Plan": {
      "Node Type": "Aggregate",
      "Strategy": "Plain",
      "Partial Mode": "Finalize",
      "Parallel Aware": false,
      "Startup Cost": 45883.35,
      "Total Cost": 45883.36,
      "Plan Rows": 1,
      "Plan Width": 8,
      "Actual Startup Time": 170.835,
      "Actual Total Time": 180.049,
      "Actual Rows": 1,
      "Actual Loops": 1,
      "Plans": [
        {
          "Node Type": "Gather",
          "Parent Relationship": "Outer",
          "Parallel Aware": false,
          "Startup Cost": 45883.03,
          "Total Cost": 45883.34,
          "Plan Rows": 3,
          "Plan Width": 8,
          "Actual Startup Time": 170.727,
          "Actual Total Time": 180.04,
          "Actual Rows": 4,
          "Actual Loops": 1,
          "Workers Planned": 3,
          "Workers Launched": 3,
          "Single Copy": false,
          "Plans": [
            {
              "Node Type": "Aggregate",
              "Strategy": "Plain",
              "Partial Mode": "Partial",
              "Parent Relationship": "Outer",
              "Parallel Aware": false,
              "Startup Cost": 44883.03,
              "Total Cost": 44883.04,
              "Plan Rows": 1,
              "Plan Width": 8,
              "Actual Startup Time": 162.266,
              "Actual Total Time": 162.267,
              "Actual Rows": 1,
              "Actual Loops": 4,
              "Plans": [
                {
                  "Node Type": "Seq Scan",
                  "Parent Relationship": "Outer",
                  "Parallel Aware": true,
                  "Relation Name": "movie_keyword",
                  "Alias": "mk",
                  "Startup Cost": 0.0,
                  "Total Cost": 42695.65,
                  "Plan Rows": 874950,
                  "Plan Width": 0,
                  "Actual Startup Time": 0.053,
                  "Actual Total Time": 128.015,
                  "Actual Rows": 676399,
                  "Actual Loops": 4,
                  "Filter": "(keyword_id < 7639)",
                  "Rows Removed by Filter": 454584
                }
              ]
            }
          ]
        }
      ]
    },
    "Planning Time": 0.183,
    "Triggers": [],
    "Execution Time": 180.105
  }
]