{
  "Plan": {
    "Node Type": "Aggregate",
    "Strategy": "Plain",
    "Partial Mode": "Finalize",
    "Parallel Aware": false,
    "Startup Cost": 95847.77,
    "Total Cost": 95847.78,
    "Plan Rows": 1,
    "Plan Width": 8,
    "Actual Startup Time": 493.761,
    "Actual Total Time": 506.982,
    "Actual Rows": 1,
    "Actual Loops": 1,
    "Plans": [
      {
        "Node Type": "Gather",
        "Parent Relationship": "Outer",
        "Parallel Aware": false,
        "Startup Cost": 95847.66,
        "Total Cost": 95847.77,
        "Plan Rows": 1,
        "Plan Width": 8,
        "Actual Startup Time": 491.45,
        "Actual Total Time": 506.976,
        "Actual Rows": 2,
        "Actual Loops": 1,
        "Workers Planned": 1,
        "Workers Launched": 1,
        "Single Copy": false,
        "Plans": [
          {
            "Node Type": "Aggregate",
            "Strategy": "Plain",
            "Partial Mode": "Partial",
            "Parent Relationship": "Outer",
            "Parallel Aware": false,
            "Startup Cost": 94847.66,
            "Total Cost": 94847.67,
            "Plan Rows": 1,
            "Plan Width": 8,
            "Actual Startup Time": 483.08,
            "Actual Total Time": 483.084,
            "Actual Rows": 1,
            "Actual Loops": 2,
            "Plans": [
              {
                "Node Type": "Hash Join",
                "Parent Relationship": "Outer",
                "Parallel Aware": true,
                "Join Type": "Inner",
                "Startup Cost": 69830.09,
                "Total Cost": 94800.42,
                "Plan Rows": 18895,
                "Plan Width": 0,
                "Actual Startup Time": 438.244,
                "Actual Total Time": 482.342,
                "Actual Rows": 14064,
                "Actual Loops": 2,
                "Inner Unique": true,
                "Hash Cond": "(mk.movie_id = t.id)",
                "Plans": [
                  {
                    "Node Type": "Bitmap Heap Scan",
                    "Parent Relationship": "Outer",
                    "Parallel Aware": true,
                    "Relation Name": "movie_keyword",
                    "Alias": "mk",
                    "Startup Cost": 1234.2,
                    "Total Cost": 26114.92,
                    "Plan Rows": 34138,
                    "Plan Width": 4,
                    "Actual Startup Time": 6.327,
                    "Actual Total Time": 34.434,
                    "Actual Rows": 27413,
                    "Actual Loops": 2,
                    "Recheck Cond": "(keyword_id < 55)",
                    "Rows Removed by Index Recheck": 0,
                    "Exact Heap Blocks": 11596,
                    "Lossy Heap Blocks": 0,
                    "Plans": [
                      {
                        "Node Type": "Bitmap Index Scan",
                        "Parent Relationship": "Outer",
                        "Parallel Aware": false,
                        "Index Name": "keyword_id_movie_keyword",
                        "Startup Cost": 0.0,
                        "Total Cost": 1219.69,
                        "Plan Rows": 58034,
                        "Plan Width": 0,
                        "Actual Startup Time": 3.913,
                        "Actual Total Time": 3.914,
                        "Actual Rows": 54826,
                        "Actual Loops": 1,
                        "Index Cond": "(keyword_id < 55)"
                      }
                    ]
                  },
                  {
                    "Node Type": "Hash",
                    "Parent Relationship": "Inner",
                    "Parallel Aware": true,
                    "Startup Cost": 58306.47,
                    "Total Cost": 58306.47,
                    "Plan Rows": 823154,
                    "Plan Width": 4,
                    "Actual Startup Time": 417.514,
                    "Actual Total Time": 417.514,
                    "Actual Rows": 759296,
                    "Actual Loops": 2,
                    "Hash Buckets": 2097152,
                    "Original Hash Buckets": 2097152,
                    "Hash Batches": 1,
                    "Original Hash Batches": 1,
                    "Peak Memory Usage": 75808,
                    "Plans": [
                      {
                        "Node Type": "Seq Scan",
                        "Parent Relationship": "Outer",
                        "Parallel Aware": true,
                        "Relation Name": "title",
                        "Alias": "t",
                        "Startup Cost": 0.0,
                        "Total Cost": 58306.47,
                        "Plan Rows": 823154,
                        "Plan Width": 4,
                        "Actual Startup Time": 0.029,
                        "Actual Total Time": 181.165,
                        "Actual Rows": 759296,
                        "Actual Loops": 2,
                        "Filter": "((kind_id > 1) AND (production_year > 1983))",
                        "Rows Removed by Filter": 504860
                      }
                    ]
                  }
                ]
              }
            ]
          }
        ]
      }
    ]
  },
  "Planning Time": 0.683,
  "Triggers": [],
  "Execution Time": 507.073
}