{
  "Plan": {
    "Node Type": "Aggregate",
    "Strategy": "Plain",
    "Partial Mode": "Finalize",
    "Parallel Aware": false,
    "Startup Cost": 161570.55,
    "Total Cost": 161570.56,
    "Plan Rows": 1,
    "Plan Width": 8,
    "Actual Startup Time": 563.642,
    "Actual Total Time": 581.106,
    "Actual Rows": 1,
    "Actual Loops": 1,
    "Plans": [
      {
        "Node Type": "Gather",
        "Parent Relationship": "Outer",
        "Parallel Aware": false,
        "Startup Cost": 161570.44,
        "Total Cost": 161570.55,
        "Plan Rows": 1,
        "Plan Width": 8,
        "Actual Startup Time": 563.246,
        "Actual Total Time": 581.1,
        "Actual Rows": 2,
        "Actual Loops": 1,
        "Workers Planned": 1,
        "Workers Launched": 1,
        "Single Copy": false,
        "Plans": [
          {
            "Node Type": "Aggregate",
            "Strategy": "Plain",
            "Partial Mode": "Partial",
            "Parent Relationship": "Outer",
            "Parallel Aware": false,
            "Startup Cost": 160570.44,
            "Total Cost": 160570.45,
            "Plan Rows": 1,
            "Plan Width": 8,
            "Actual Startup Time": 557.695,
            "Actual Total Time": 557.698,
            "Actual Rows": 1,
            "Actual Loops": 2,
            "Plans": [
              {
                "Node Type": "Nested Loop",
                "Parent Relationship": "Outer",
                "Parallel Aware": false,
                "Join Type": "Inner",
                "Startup Cost": 55517.24,
                "Total Cost": 160504.23,
                "Plan Rows": 26484,
                "Plan Width": 0,
                "Actual Startup Time": 186.487,
                "Actual Total Time": 551.305,
                "Actual Rows": 134500,
                "Actual Loops": 2,
                "Inner Unique": false,
                "Join Filter": "(t.id = mc.movie_id)",
                "Rows Removed by Join Filter": 0,
                "Plans": [
                  {
                    "Node Type": "Hash Join",
                    "Parent Relationship": "Outer",
                    "Parallel Aware": true,
                    "Join Type": "Inner",
                    "Startup Cost": 55516.81,
                    "Total Cost": 116959.95,
                    "Plan Rows": 70868,
                    "Plan Width": 8,
                    "Actual Startup Time": 186.424,
                    "Actual Total Time": 413.682,
                    "Actual Rows": 51823,
                    "Actual Loops": 2,
                    "Inner Unique": true,
                    "Hash Cond": "(mk.movie_id = t.id)",
                    "Plans": [
                      {
                        "Node Type": "Seq Scan",
                        "Parent Relationship": "Outer",
                        "Parallel Aware": true,
                        "Relation Name": "movie_keyword",
                        "Alias": "mk",
                        "Startup Cost": 0.0,
                        "Total Cost": 57718.19,
                        "Plan Rows": 1419022,
                        "Plan Width": 4,
                        "Actual Startup Time": 0.01,
                        "Actual Total Time": 176.302,
                        "Actual Rows": 1207294,
                        "Actual Loops": 2,
                        "Filter": "(keyword_id < 5683)",
                        "Rows Removed by Filter": 1054671
                      },
                      {
                        "Node Type": "Hash",
                        "Parent Relationship": "Inner",
                        "Parallel Aware": true,
                        "Startup Cost": 54588.39,
                        "Total Cost": 54588.39,
                        "Plan Rows": 74274,
                        "Plan Width": 4,
                        "Actual Startup Time": 137.674,
                        "Actual Total Time": 137.674,
                        "Actual Rows": 63929,
                        "Actual Loops": 2,
                        "Hash Buckets": 131072,
                        "Original Hash Buckets": 131072,
                        "Hash Batches": 1,
                        "Original Hash Batches": 1,
                        "Peak Memory Usage": 6048,
                        "Plans": [
                          {
                            "Node Type": "Seq Scan",
                            "Parent Relationship": "Outer",
                            "Parallel Aware": true,
                            "Relation Name": "title",
                            "Alias": "t",
                            "Startup Cost": 0.0,
                            "Total Cost": 54588.39,
                            "Plan Rows": 74274,
                            "Plan Width": 4,
                            "Actual Startup Time": 60.928,
                            "Actual Total Time": 124.835,
                            "Actual Rows": 63929,
                            "Actual Loops": 2,
                            "Filter": "(production_year < 1935)",
                            "Rows Removed by Filter": 1200227
                          }
                        ]
                      }
                    ]
                  },
                  {
                    "Node Type": "Index Scan",
                    "Parent Relationship": "Inner",
                    "Parallel Aware": false,
                    "Scan Direction": "Forward",
                    "Index Name": "movie_id_movie_companies",
                    "Relation Name": "movie_companies",
                    "Alias": "mc",
                    "Startup Cost": 0.43,
                    "Total Cost": 0.59,
                    "Plan Rows": 2,
                    "Plan Width": 4,
                    "Actual Startup Time": 0.002,
                    "Actual Total Time": 0.002,
                    "Actual Rows": 3,
                    "Actual Loops": 103646,
                    "Index Cond": "(movie_id = mk.movie_id)",
                    "Rows Removed by Index Recheck": 0,
                    "Filter": "((company_id > 1204) AND (company_type_id < 2))",
                    "Rows Removed by Filter": 2
                  }
                ]
              }
            ]
          }
        ]
      }
    ]
  },
  "Planning Time": 0.471,
  "Triggers": [],
  "Execution Time": 581.179
}