[
  {
    "Plan": {
      "Node Type": "Aggregate",
      "Strategy": "Plain",
      "Partial Mode": "Finalize",
      "Parallel Aware": false,
      "Startup Cost": 92241.64,
      "Total Cost": 92241.65,
      "Plan Rows": 1,
      "Plan Width": 8,
      "Actual Startup Time": 272.979,
      "Actual Total Time": 292.214,
      "Actual Rows": 1,
      "Actual Loops": 1,
      "Plans": [
        {
          "Node Type": "Gather",
          "Parent Relationship": "Outer",
          "Parallel Aware": false,
          "Startup Cost": 92241.32,
          "Total Cost": 92241.63,
          "Plan Rows": 3,
          "Plan Width": 8,
          "Actual Startup Time": 272.754,
          "Actual Total Time": 292.205,
          "Actual Rows": 4,
          "Actual Loops": 1,
          "Workers Planned": 3,
          "Workers Launched": 3,
          "Single Copy": false,
          "Plans": [
            {
              "Node Type": "Aggregate",
              "Strategy": "Plain",
              "Partial Mode": "Partial",
              "Parent Relationship": "Outer",
              "Parallel Aware": false,
              "Startup Cost": 91241.32,
              "Total Cost": 91241.33,
              "Plan Rows": 1,
              "Plan Width": 8,
              "Actual Startup Time": 263.877,
              "Actual Total Time": 263.88,
              "Actual Rows": 1,
              "Actual Loops": 4,
              "Plans": [
                {
                  "Node Type": "Hash Join",
                  "Parent Relationship": "Outer",
                  "Parallel Aware": true,
                  "Join Type": "Inner",
                  "Startup Cost": 45738.82,
                  "Total Cost": 91156.11,
                  "Plan Rows": 34083,
                  "Plan Width": 0,
                  "Actual Startup Time": 194.925,
                  "Actual Total Time": 263.873,
                  "Actual Rows": 1,
                  "Actual Loops": 4,
                  "Inner Unique": true,
                  "Hash Cond": "(mk.movie_id = t.id)",
                  "Plans": [
                    {
                      "Node Type": "Seq Scan",
                      "Parent Relationship": "Outer",
                      "Parallel Aware": true,
                      "Relation Name": "movie_keyword",
                      "Alias": "mk",
                      "Startup Cost": 0.0,
                      "Total Cost": 42695.65,
                      "Plan Rows": 1036814,
                      "Plan Width": 4,
                      "Actual Startup Time": 0.025,
                      "Actual Total Time": 114.877,
                      "Actual Rows": 801432,
                      "Actual Loops": 4,
                      "Filter": "(keyword_id < 13213)",
                      "Rows Removed by Filter": 329551
                    },
                    {
                      "Node Type": "Hash",
                      "Parent Relationship": "Inner",
                      "Parallel Aware": true,
                      "Startup Cost": 45479.1,
                      "Total Cost": 45479.1,
                      "Plan Rows": 20778,
                      "Plan Width": 4,
                      "Actual Startup Time": 98.329,
                      "Actual Total Time": 98.33,
                      "Actual Rows": 6,
                      "Actual Loops": 4,
                      "Hash Buckets": 131072,
                      "Original Hash Buckets": 131072,
                      "Hash Batches": 1,
                      "Original Hash Batches": 1,
                      "Peak Memory Usage": 1152,
                      "Plans": [
                        {
                          "Node Type": "Seq Scan",
                          "Parent Relationship": "Outer",
                          "Parallel Aware": true,
                          "Relation Name": "title",
                          "Alias": "t",
                          "Startup Cost": 0.0,
                          "Total Cost": 45479.1,
                          "Plan Rows": 20778,
                          "Plan Width": 4,
                          "Actual Startup Time": 44.587,
                          "Actual Total Time": 98.21,
                          "Actual Rows": 6,
                          "Actual Loops": 4,
                          "Filter": "((kind_id > 4) AND (production_year < 1938))",
                          "Rows Removed by Filter": 632072
                        }
                      ]
                    }
                  ]
                }
              ]
            }
          ]
        }
      ]
    },
    "Planning Time": 0.634,
    "Triggers": [],
    "Execution Time": 292.287
  }
]