{
  "Plan": {
    "Node Type": "Aggregate",
    "Strategy": "Plain",
    "Partial Mode": "Finalize",
    "Parallel Aware": false,
    "Startup Cost": 386875.17,
    "Total Cost": 386875.18,
    "Plan Rows": 1,
    "Plan Width": 8,
    "Actual Startup Time": 1098.266,
    "Actual Total Time": 1112.059,
    "Actual Rows": 1,
    "Actual Loops": 1,
    "Plans": [
      {
        "Node Type": "Gather",
        "Parent Relationship": "Outer",
        "Parallel Aware": false,
        "Startup Cost": 386875.06,
        "Total Cost": 386875.17,
        "Plan Rows": 1,
        "Plan Width": 8,
        "Actual Startup Time": 1097.809,
        "Actual Total Time": 1112.053,
        "Actual Rows": 2,
        "Actual Loops": 1,
        "Workers Planned": 1,
        "Workers Launched": 1,
        "Single Copy": false,
        "Plans": [
          {
            "Node Type": "Aggregate",
            "Strategy": "Plain",
            "Partial Mode": "Partial",
            "Parent Relationship": "Outer",
            "Parallel Aware": false,
            "Startup Cost": 385875.06,
            "Total Cost": 385875.07,
            "Plan Rows": 1,
            "Plan Width": 8,
            "Actual Startup Time": 1094.472,
            "Actual Total Time": 1094.476,
            "Actual Rows": 1,
            "Actual Loops": 2,
            "Plans": [
              {
                "Node Type": "Nested Loop",
                "Parent Relationship": "Outer",
                "Parallel Aware": false,
                "Join Type": "Inner",
                "Startup Cost": 119807.86,
                "Total Cost": 385572.09,
                "Plan Rows": 121189,
                "Plan Width": 0,
                "Actual Startup Time": 239.524,
                "Actual Total Time": 1079.444,
                "Actual Rows": 330124,
                "Actual Loops": 2,
                "Inner Unique": false,
                "Join Filter": "(t.id = mc.movie_id)",
                "Rows Removed by Join Filter": 0,
                "Plans": [
                  {
                    "Node Type": "Hash Join",
                    "Parent Relationship": "Outer",
                    "Parallel Aware": true,
                    "Join Type": "Inner",
                    "Startup Cost": 119807.43,
                    "Total Cost": 313758.13,
                    "Plan Rows": 117434,
                    "Plan Width": 8,
                    "Actual Startup Time": 224.499,
                    "Actual Total Time": 606.776,
                    "Actual Rows": 267749,
                    "Actual Loops": 2,
                    "Inner Unique": true,
                    "Hash Cond": "(mi.movie_id = t.id)",
                    "Plans": [
                      {
                        "Node Type": "Bitmap Heap Scan",
                        "Parent Relationship": "Outer",
                        "Parallel Aware": true,
                        "Relation Name": "movie_info",
                        "Alias": "mi",
                        "Startup Cost": 65065.95,
                        "Total Cost": 253470.26,
                        "Plan Rows": 2112905,
                        "Plan Width": 4,
                        "Actual Startup Time": 100.681,
                        "Actual Total Time": 258.278,
                        "Actual Rows": 1812488,
                        "Actual Loops": 2,
                        "Recheck Cond": "(info_type_id < 4)",
                        "Rows Removed by Index Recheck": 0,
                        "Exact Heap Blocks": 12366,
                        "Lossy Heap Blocks": 0,
                        "Plans": [
                          {
                            "Node Type": "Bitmap Index Scan",
                            "Parent Relationship": "Outer",
                            "Parallel Aware": false,
                            "Index Name": "info_type_id_movie_info",
                            "Startup Cost": 0.0,
                            "Total Cost": 64167.97,
                            "Plan Rows": 3591938,
                            "Plan Width": 0,
                            "Actual Startup Time": 97.174,
                            "Actual Total Time": 97.174,
                            "Actual Rows": 3624977,
                            "Actual Loops": 1,
                            "Index Cond": "(info_type_id < 4)"
                          }
                        ]
                      },
                      {
                        "Node Type": "Hash",
                        "Parent Relationship": "Inner",
                        "Parallel Aware": true,
                        "Startup Cost": 53708.24,
                        "Total Cost": 53708.24,
                        "Plan Rows": 82659,
                        "Plan Width": 4,
                        "Actual Startup Time": 102.106,
                        "Actual Total Time": 102.108,
                        "Actual Rows": 66091,
                        "Actual Loops": 2,
                        "Hash Buckets": 262144,
                        "Original Hash Buckets": 262144,
                        "Hash Batches": 1,
                        "Original Hash Batches": 1,
                        "Peak Memory Usage": 7264,
                        "Plans": [
                          {
                            "Node Type": "Bitmap Heap Scan",
                            "Parent Relationship": "Outer",
                            "Parallel Aware": true,
                            "Relation Name": "title",
                            "Alias": "t",
                            "Startup Cost": 11857.98,
                            "Total Cost": 53708.24,
                            "Plan Rows": 82659,
                            "Plan Width": 4,
                            "Actual Startup Time": 29.663,
                            "Actual Total Time": 87.33,
                            "Actual Rows": 66091,
                            "Actual Loops": 2,
                            "Recheck Cond": "(kind_id = 1)",
                            "Rows Removed by Index Recheck": 0,
                            "Filter": "(production_year > 2009)",
                            "Rows Removed by Filter": 265322,
                            "Exact Heap Blocks": 8896,
                            "Lossy Heap Blocks": 0,
                            "Plans": [
                              {
                                "Node Type": "Bitmap Index Scan",
                                "Parent Relationship": "Outer",
                                "Parallel Aware": false,
                                "Index Name": "kind_id_title",
                                "Startup Cost": 0.0,
                                "Total Cost": 11822.85,
                                "Plan Rows": 663256,
                                "Plan Width": 0,
                                "Actual Startup Time": 29.002,
                                "Actual Total Time": 29.002,
                                "Actual Rows": 662825,
                                "Actual Loops": 1,
                                "Index Cond": "(kind_id = 1)"
                              }
                            ]
                          }
                        ]
                      }
                    ]
                  },
                  {
                    "Node Type": "Index Only Scan",
                    "Parent Relationship": "Inner",
                    "Parallel Aware": false,
                    "Scan Direction": "Forward",
                    "Index Name": "movie_id_movie_companies",
                    "Relation Name": "movie_companies",
                    "Alias": "mc",
                    "Startup Cost": 0.43,
                    "Total Cost": 0.55,
                    "Plan Rows": 5,
                    "Plan Width": 4,
                    "Actual Startup Time": 0.001,
                    "Actual Total Time": 0.002,
                    "Actual Rows": 1,
                    "Actual Loops": 535498,
                    "Index Cond": "(movie_id = mi.movie_id)",
                    "Rows Removed by Index Recheck": 0,
                    "Heap Fetches": 660248
                  }
                ]
              }
            ]
          }
        ]
      }
    ]
  },
  "Planning Time": 0.499,
  "Triggers": [],
  "Execution Time": 1112.121
}