[
  {
    "Plan": {
      "Node Type": "Aggregate",
      "Strategy": "Plain",
      "Partial Mode": "Finalize",
      "Parallel Aware": false,
      "Startup Cost": 231726.21,
      "Total Cost": 231726.22,
      "Plan Rows": 1,
      "Plan Width": 8,
      "Actual Startup Time": 403.423,
      "Actual Total Time": 416.699,
      "Actual Rows": 1,
      "Actual Loops": 1,
      "Plans": [
        {
          "Node Type": "Gather",
          "Parent Relationship": "Outer",
          "Parallel Aware": false,
          "Startup Cost": 231725.69,
          "Total Cost": 231726.2,
          "Plan Rows": 5,
          "Plan Width": 8,
          "Actual Startup Time": 394.897,
          "Actual Total Time": 416.69,
          "Actual Rows": 6,
          "Actual Loops": 1,
          "Workers Planned": 5,
          "Workers Launched": 5,
          "Single Copy": false,
          "Plans": [
            {
              "Node Type": "Aggregate",
              "Strategy": "Plain",
              "Partial Mode": "Partial",
              "Parent Relationship": "Outer",
              "Parallel Aware": false,
              "Startup Cost": 230725.69,
              "Total Cost": 230725.7,
              "Plan Rows": 1,
              "Plan Width": 8,
              "Actual Startup Time": 379.243,
              "Actual Total Time": 379.247,
              "Actual Rows": 1,
              "Actual Loops": 6,
              "Plans": [
                {
                  "Node Type": "Hash Join",
                  "Parent Relationship": "Outer",
                  "Parallel Aware": true,
                  "Join Type": "Inner",
                  "Startup Cost": 65940.08,
                  "Total Cost": 230342.03,
                  "Plan Rows": 153466,
                  "Plan Width": 0,
                  "Actual Startup Time": 290.844,
                  "Actual Total Time": 373.237,
                  "Actual Rows": 133133,
                  "Actual Loops": 6,
                  "Inner Unique": true,
                  "Hash Cond": "(mi.movie_id = t.id)",
                  "Plans": [
                    {
                      "Node Type": "Bitmap Heap Scan",
                      "Parent Relationship": "Outer",
                      "Parallel Aware": true,
                      "Relation Name": "movie_info",
                      "Alias": "mi",
                      "Startup Cost": 14428.12,
                      "Total Cost": 178411.99,
                      "Plan Rows": 159269,
                      "Plan Width": 4,
                      "Actual Startup Time": 26.324,
                      "Actual Total Time": 44.467,
                      "Actual Rows": 133690,
                      "Actual Loops": 6,
                      "Recheck Cond": "(info_type_id = 1)",
                      "Rows Removed by Index Recheck": 0,
                      "Exact Heap Blocks": 853,
                      "Lossy Heap Blocks": 0,
                      "Plans": [
                        {
                          "Node Type": "Bitmap Index Scan",
                          "Parent Relationship": "Outer",
                          "Parallel Aware": false,
                          "Index Name": "info_type_id_movie_info",
                          "Startup Cost": 0.0,
                          "Total Cost": 14229.04,
                          "Plan Rows": 796347,
                          "Plan Width": 0,
                          "Actual Startup Time": 25.52,
                          "Actual Total Time": 25.521,
                          "Actual Rows": 802140,
                          "Actual Loops": 1,
                          "Index Cond": "(info_type_id = 1)"
                        }
                      ]
                    },
                    {
                      "Node Type": "Hash",
                      "Parent Relationship": "Inner",
                      "Parallel Aware": true,
                      "Startup Cost": 43898.92,
                      "Total Cost": 43898.92,
                      "Plan Rows": 609043,
                      "Plan Width": 4,
                      "Actual Startup Time": 258.609,
                      "Actual Total Time": 258.61,
                      "Actual Rows": 405285,
                      "Actual Loops": 6,
                      "Hash Buckets": 4194304,
                      "Original Hash Buckets": 4194304,
                      "Hash Batches": 1,
                      "Original Hash Batches": 1,
                      "Peak Memory Usage": 128064,
                      "Plans": [
                        {
                          "Node Type": "Seq Scan",
                          "Parent Relationship": "Outer",
                          "Parallel Aware": true,
                          "Relation Name": "title",
                          "Alias": "t",
                          "Startup Cost": 0.0,
                          "Total Cost": 43898.92,
                          "Plan Rows": 609043,
                          "Plan Width": 4,
                          "Actual Startup Time": 0.039,
                          "Actual Total Time": 86.182,
                          "Actual Rows": 405285,
                          "Actual Loops": 6,
                          "Filter": "(production_year > 1909)",
                          "Rows Removed by Filter": 16100
                        }
                      ]
                    }
                  ]
                }
              ]
            }
          ]
        }
      ]
    },
    "Planning Time": 0.319,
    "Triggers": [],
    "Execution Time": 416.755
  }
]