[
  {
    "Plan": {
      "Node Type": "Aggregate",
      "Strategy": "Plain",
      "Partial Mode": "Finalize",
      "Parallel Aware": false,
      "Startup Cost": 392257.72,
      "Total Cost": 392257.73,
      "Plan Rows": 1,
      "Plan Width": 8,
      "Actual Startup Time": 1979.872,
      "Actual Total Time": 2043.7,
      "Actual Rows": 1,
      "Actual Loops": 1,
      "Plans": [
        {
          "Node Type": "Gather",
          "Parent Relationship": "Outer",
          "Parallel Aware": false,
          "Startup Cost": 392257.09,
          "Total Cost": 392257.7,
          "Plan Rows": 6,
          "Plan Width": 8,
          "Actual Startup Time": 1968.993,
          "Actual Total Time": 2043.686,
          "Actual Rows": 7,
          "Actual Loops": 1,
          "Workers Planned": 6,
          "Workers Launched": 6,
          "Single Copy": false,
          "Plans": [
            {
              "Node Type": "Aggregate",
              "Strategy": "Plain",
              "Partial Mode": "Partial",
              "Parent Relationship": "Outer",
              "Parallel Aware": false,
              "Startup Cost": 391257.09,
              "Total Cost": 391257.1,
              "Plan Rows": 1,
              "Plan Width": 8,
              "Actual Startup Time": 1953.296,
              "Actual Total Time": 1953.299,
              "Actual Rows": 1,
              "Actual Loops": 7,
              "Plans": [
                {
                  "Node Type": "Hash Join",
                  "Parent Relationship": "Outer",
                  "Parallel Aware": true,
                  "Join Type": "Inner",
                  "Startup Cost": 47807.49,
                  "Total Cost": 386361.16,
                  "Plan Rows": 1958371,
                  "Plan Width": 0,
                  "Actual Startup Time": 385.361,
                  "Actual Total Time": 1882.884,
                  "Actual Rows": 1492017,
                  "Actual Loops": 7,
                  "Inner Unique": true,
                  "Hash Cond": "(ci.movie_id = t.id)",
                  "Plans": [
                    {
                      "Node Type": "Seq Scan",
                      "Parent Relationship": "Outer",
                      "Parallel Aware": true,
                      "Relation Name": "cast_info",
                      "Alias": "ci",
                      "Startup Cost": 0.0,
                      "Total Cost": 328162.03,
                      "Plan Rows": 3958715,
                      "Plan Width": 4,
                      "Actual Startup Time": 207.727,
                      "Actual Total Time": 704.039,
                      "Actual Rows": 3367665,
                      "Actual Loops": 7,
                      "Filter": "(role_id > 1)",
                      "Rows Removed by Filter": 1810098
                    },
                    {
                      "Node Type": "Hash",
                      "Parent Relationship": "Inner",
                      "Parallel Aware": true,
                      "Startup Cost": 43898.92,
                      "Total Cost": 43898.92,
                      "Plan Rows": 312686,
                      "Plan Width": 4,
                      "Actual Startup Time": 172.576,
                      "Actual Total Time": 172.577,
                      "Actual Rows": 180529,
                      "Actual Loops": 7,
                      "Hash Buckets": 2097152,
                      "Original Hash Buckets": 2097152,
                      "Hash Batches": 1,
                      "Original Hash Batches": 1,
                      "Peak Memory Usage": 65952,
                      "Plans": [
                        {
                          "Node Type": "Seq Scan",
                          "Parent Relationship": "Outer",
                          "Parallel Aware": true,
                          "Relation Name": "title",
                          "Alias": "t",
                          "Startup Cost": 0.0,
                          "Total Cost": 43898.92,
                          "Plan Rows": 312686,
                          "Plan Width": 4,
                          "Actual Startup Time": 0.045,
                          "Actual Total Time": 82.423,
                          "Actual Rows": 180529,
                          "Actual Loops": 7,
                          "Filter": "(production_year < 2004)",
                          "Rows Removed by Filter": 180659
                        }
                      ]
                    }
                  ]
                }
              ]
            }
          ]
        }
      ]
    },
    "Planning Time": 0.625,
    "Triggers": [],
    "Execution Time": 2043.793
  }
]