[
  {
    "Plan": {
      "Node Type": "Aggregate",
      "Strategy": "Plain",
      "Partial Mode": "Finalize",
      "Parallel Aware": false,
      "Startup Cost": 355366.03,
      "Total Cost": 355366.04,
      "Plan Rows": 1,
      "Plan Width": 8,
      "Actual Startup Time": 1002.449,
      "Actual Total Time": 1047.501,
      "Actual Rows": 1,
      "Actual Loops": 1,
      "Plans": [
        {
          "Node Type": "Gather",
          "Parent Relationship": "Outer",
          "Parallel Aware": false,
          "Startup Cost": 355365.4,
          "Total Cost": 355366.01,
          "Plan Rows": 6,
          "Plan Width": 8,
          "Actual Startup Time": 1002.269,
          "Actual Total Time": 1047.487,
          "Actual Rows": 7,
          "Actual Loops": 1,
          "Workers Planned": 6,
          "Workers Launched": 6,
          "Single Copy": false,
          "Plans": [
            {
              "Node Type": "Aggregate",
              "Strategy": "Plain",
              "Partial Mode": "Partial",
              "Parent Relationship": "Outer",
              "Parallel Aware": false,
              "Startup Cost": 354365.4,
              "Total Cost": 354365.41,
              "Plan Rows": 1,
              "Plan Width": 8,
              "Actual Startup Time": 995.43,
              "Actual Total Time": 995.431,
              "Actual Rows": 1,
              "Actual Loops": 7,
              "Plans": [
                {
                  "Node Type": "Seq Scan",
                  "Parent Relationship": "Outer",
                  "Parallel Aware": true,
                  "Relation Name": "cast_info",
                  "Alias": "ci",
                  "Startup Cost": 0.0,
                  "Total Cost": 343316.27,
                  "Plan Rows": 4419653,
                  "Plan Width": 0,
                  "Actual Startup Time": 44.555,
                  "Actual Total Time": 792.435,
                  "Actual Rows": 3730756,
                  "Actual Loops": 7,
                  "Filter": "((person_id > 258439) AND (role_id < 7))",
                  "Rows Removed by Filter": 1447008
                }
              ]
            }
          ]
        }
      ]
    },
    "Planning Time": 0.236,
    "Triggers": [],
    "Execution Time": 1047.565
  }
]