[
  {
    "Plan": {
      "Node Type": "Aggregate",
      "Strategy": "Plain",
      "Partial Mode": "Finalize",
      "Parallel Aware": false,
      "Startup Cost": 161578.95,
      "Total Cost": 161578.96,
      "Plan Rows": 1,
      "Plan Width": 8,
      "Actual Startup Time": 823.399,
      "Actual Total Time": 843.549,
      "Actual Rows": 1,
      "Actual Loops": 1,
      "Plans": [
        {
          "Node Type": "Gather",
          "Parent Relationship": "Outer",
          "Parallel Aware": false,
          "Startup Cost": 161578.43,
          "Total Cost": 161578.94,
          "Plan Rows": 5,
          "Plan Width": 8,
          "Actual Startup Time": 801.792,
          "Actual Total Time": 843.539,
          "Actual Rows": 6,
          "Actual Loops": 1,
          "Workers Planned": 5,
          "Workers Launched": 5,
          "Single Copy": false,
          "Plans": [
            {
              "Node Type": "Aggregate",
              "Strategy": "Plain",
              "Partial Mode": "Partial",
              "Parent Relationship": "Outer",
              "Parallel Aware": false,
              "Startup Cost": 160578.43,
              "Total Cost": 160578.44,
              "Plan Rows": 1,
              "Plan Width": 8,
              "Actual Startup Time": 776.222,
              "Actual Total Time": 776.225,
              "Actual Rows": 1,
              "Actual Loops": 6,
              "Plans": [
                {
                  "Node Type": "Hash Join",
                  "Parent Relationship": "Outer",
                  "Parallel Aware": true,
                  "Join Type": "Inner",
                  "Startup Cost": 50220.95,
                  "Total Cost": 159018.08,
                  "Plan Rows": 624139,
                  "Plan Width": 0,
                  "Actual Startup Time": 304.537,
                  "Actual Total Time": 746.152,
                  "Actual Rows": 570798,
                  "Actual Loops": 6,
                  "Inner Unique": true,
                  "Hash Cond": "(ci.movie_id = t.id)",
                  "Plans": [
                    {
                      "Node Type": "Index Scan",
                      "Parent Relationship": "Outer",
                      "Parallel Aware": true,
                      "Scan Direction": "Forward",
                      "Index Name": "role_id_cast_info",
                      "Relation Name": "cast_info",
                      "Alias": "ci",
                      "Startup Cost": 0.56,
                      "Total Cost": 107159.34,
                      "Plan Rows": 624139,
                      "Plan Width": 4,
                      "Actual Startup Time": 0.242,
                      "Actual Total Time": 152.773,
                      "Actual Rows": 570798,
                      "Actual Loops": 6,
                      "Index Cond": "(role_id = 3)",
                      "Rows Removed by Index Recheck": 0,
                      "Filter": "(person_id > 736140)",
                      "Rows Removed by Filter": 97209
                    },
                    {
                      "Node Type": "Hash",
                      "Parent Relationship": "Inner",
                      "Parallel Aware": true,
                      "Startup Cost": 42319.06,
                      "Total Cost": 42319.06,
                      "Plan Rows": 632106,
                      "Plan Width": 4,
                      "Actual Startup Time": 295.685,
                      "Actual Total Time": 295.686,
                      "Actual Rows": 421385,
                      "Actual Loops": 6,
                      "Hash Buckets": 4194304,
                      "Original Hash Buckets": 4194304,
                      "Hash Batches": 1,
                      "Original Hash Batches": 1,
                      "Peak Memory Usage": 131744,
                      "Plans": [
                        {
                          "Node Type": "Seq Scan",
                          "Parent Relationship": "Outer",
                          "Parallel Aware": true,
                          "Relation Name": "title",
                          "Alias": "t",
                          "Startup Cost": 0.0,
                          "Total Cost": 42319.06,
                          "Plan Rows": 632106,
                          "Plan Width": 4,
                          "Actual Startup Time": 0.047,
                          "Actual Total Time": 88.888,
                          "Actual Rows": 421385,
                          "Actual Loops": 6
                        }
                      ]
                    }
                  ]
                }
              ]
            }
          ]
        }
      ]
    },
    "Planning Time": 0.665,
    "Triggers": [],
    "Execution Time": 843.626
  }
]