[
    {
        "Bao": {
            "Bao prediction": "NaN",
            "Bao recommended hint": "(no hint)"
        }
    },
    {
        "Plan": {
            "Node Type": "Aggregate",
            "Strategy": "Plain",
            "Partial Mode": "Simple",
            "Parallel Aware": false,
            "Startup Cost": 26925.05,
            "Total Cost": 26925.06,
            "Plan Rows": 1,
            "Plan Width": 8,
            "Actual Startup Time": 35.89,
            "Actual Total Time": 35.891,
            "Actual Rows": 1,
            "Actual Loops": 1,
            "Output": [
                "count(*)"
            ],
            "Plans": [
                {
                    "Node Type": "Bitmap Heap Scan",
                    "Parent Relationship": "Outer",
                    "Parallel Aware": false,
                    "Relation Name": "movie_keyword",
                    "Schema": "public",
                    "Alias": "mk",
                    "Startup Cost": 1448.66,
                    "Total Cost": 26754.65,
                    "Plan Rows": 68159,
                    "Plan Width": 0,
                    "Actual Startup Time": 8.819,
                    "Actual Total Time": 33.201,
                    "Actual Rows": 63806,
                    "Actual Loops": 1,
                    "Recheck Cond": "(mk.keyword_id > 93601)",
                    "Rows Removed by Index Recheck": 0,
                    "Exact Heap Blocks": 14153,
                    "Lossy Heap Blocks": 0,
                    "Plans": [
                        {
                            "Node Type": "Bitmap Index Scan",
                            "Parent Relationship": "Outer",
                            "Parallel Aware": false,
                            "Index Name": "keyword_id_movie_keyword",
                            "Startup Cost": 0.0,
                            "Total Cost": 1431.62,
                            "Plan Rows": 68159,
                            "Plan Width": 0,
                            "Actual Startup Time": 6.472,
                            "Actual Total Time": 6.473,
                            "Actual Rows": 63806,
                            "Actual Loops": 1,
                            "Index Cond": "(mk.keyword_id > 93601)"
                        }
                    ]
                }
            ]
        },
        "Planning Time": 192.697,
        "Triggers": [],
        "Execution Time": 35.959
    }
]