[
  {
    "Plan": {
      "Node Type": "Aggregate",
      "Strategy": "Plain",
      "Partial Mode": "Finalize",
      "Parallel Aware": false,
      "Startup Cost": 132816.88,
      "Total Cost": 132816.89,
      "Plan Rows": 1,
      "Plan Width": 8,
      "Actual Startup Time": 1742.377,
      "Actual Total Time": 1839.888,
      "Actual Rows": 1,
      "Actual Loops": 1,
      "Plans": [
        {
          "Node Type": "Gather",
          "Parent Relationship": "Outer",
          "Parallel Aware": false,
          "Startup Cost": 132816.56,
          "Total Cost": 132816.87,
          "Plan Rows": 3,
          "Plan Width": 8,
          "Actual Startup Time": 1720.741,
          "Actual Total Time": 1839.874,
          "Actual Rows": 4,
          "Actual Loops": 1,
          "Workers Planned": 3,
          "Workers Launched": 3,
          "Single Copy": false,
          "Plans": [
            {
              "Node Type": "Aggregate",
              "Strategy": "Plain",
              "Partial Mode": "Partial",
              "Parent Relationship": "Outer",
              "Parallel Aware": false,
              "Startup Cost": 131816.56,
              "Total Cost": 131816.57,
              "Plan Rows": 1,
              "Plan Width": 8,
              "Actual Startup Time": 1702.204,
              "Actual Total Time": 1702.211,
              "Actual Rows": 1,
              "Actual Loops": 4,
              "Plans": [
                {
                  "Node Type": "Nested Loop",
                  "Parent Relationship": "Outer",
                  "Parallel Aware": false,
                  "Join Type": "Inner",
                  "Startup Cost": 53891.11,
                  "Total Cost": 130854.04,
                  "Plan Rows": 385008,
                  "Plan Width": 0,
                  "Actual Startup Time": 397.645,
                  "Actual Total Time": 1652.833,
                  "Actual Rows": 789814,
                  "Actual Loops": 4,
                  "Inner Unique": false,
                  "Plans": [
                    {
                      "Node Type": "Hash Join",
                      "Parent Relationship": "Outer",
                      "Parallel Aware": true,
                      "Join Type": "Inner",
                      "Startup Cost": 53890.54,
                      "Total Cost": 73574.85,
                      "Plan Rows": 26853,
                      "Plan Width": 8,
                      "Actual Startup Time": 397.414,
                      "Actual Total Time": 460.42,
                      "Actual Rows": 31985,
                      "Actual Loops": 4,
                      "Inner Unique": true,
                      "Hash Cond": "(mc.movie_id = t.id)",
                      "Plans": [
                        {
                          "Node Type": "Bitmap Heap Scan",
                          "Parent Relationship": "Outer",
                          "Parallel Aware": true,
                          "Relation Name": "movie_companies",
                          "Alias": "mc",
                          "Startup Cost": 3670.16,
                          "Total Cost": 23283.98,
                          "Plan Rows": 26853,
                          "Plan Width": 4,
                          "Actual Startup Time": 13.579,
                          "Actual Total Time": 40.469,
                          "Actual Rows": 31985,
                          "Actual Loops": 4,
                          "Recheck Cond": "(company_id < 33)",
                          "Rows Removed by Index Recheck": 0,
                          "Filter": "(company_type_id = 1)",
                          "Rows Removed by Filter": 9539,
                          "Exact Heap Blocks": 5455,
                          "Lossy Heap Blocks": 0,
                          "Plans": [
                            {
                              "Node Type": "Bitmap Index Scan",
                              "Parent Relationship": "Outer",
                              "Parallel Aware": false,
                              "Index Name": "company_id_movie_companies",
                              "Startup Cost": 0.0,
                              "Total Cost": 3649.35,
                              "Plan Rows": 170256,
                              "Plan Width": 0,
                              "Actual Startup Time": 10.665,
                              "Actual Total Time": 10.665,
                              "Actual Rows": 166096,
                              "Actual Loops": 1,
                              "Index Cond": "(company_id < 33)"
                            }
                          ]
                        },
                        {
                          "Node Type": "Hash",
                          "Parent Relationship": "Inner",
                          "Parallel Aware": true,
                          "Startup Cost": 42319.06,
                          "Total Cost": 42319.06,
                          "Plan Rows": 632106,
                          "Plan Width": 4,
                          "Actual Startup Time": 372.587,
                          "Actual Total Time": 372.588,
                          "Actual Rows": 632078,
                          "Actual Loops": 4,
                          "Hash Buckets": 4194304,
                          "Original Hash Buckets": 4194304,
                          "Hash Batches": 1,
                          "Original Hash Batches": 1,
                          "Peak Memory Usage": 131744,
                          "Plans": [
                            {
                              "Node Type": "Seq Scan",
                              "Parent Relationship": "Outer",
                              "Parallel Aware": true,
                              "Relation Name": "title",
                              "Alias": "t",
                              "Startup Cost": 0.0,
                              "Total Cost": 42319.06,
                              "Plan Rows": 632106,
                              "Plan Width": 4,
                              "Actual Startup Time": 0.048,
                              "Actual Total Time": 115.149,
                              "Actual Rows": 632078,
                              "Actual Loops": 4
                            }
                          ]
                        }
                      ]
                    },
                    {
                      "Node Type": "Index Only Scan",
                      "Parent Relationship": "Inner",
                      "Parallel Aware": false,
                      "Scan Direction": "Forward",
                      "Index Name": "movie_id_cast_info",
                      "Relation Name": "cast_info",
                      "Alias": "ci",
                      "Startup Cost": 0.56,
                      "Total Cost": 1.78,
                      "Plan Rows": 35,
                      "Plan Width": 4,
                      "Actual Startup Time": 0.01,
                      "Actual Total Time": 0.035,
                      "Actual Rows": 25,
                      "Actual Loops": 127941,
                      "Index Cond": "(movie_id = t.id)",
                      "Rows Removed by Index Recheck": 0,
                      "Heap Fetches": 3159256
                    }
                  ]
                }
              ]
            }
          ]
        }
      ]
    },
    "Planning Time": 1.53,
    "Triggers": [],
    "Execution Time": 1840.033
  }
]