[
  {
    "Plan": {
      "Node Type": "Aggregate",
      "Strategy": "Plain",
      "Partial Mode": "Finalize",
      "Parallel Aware": false,
      "Startup Cost": 345329.27,
      "Total Cost": 345329.28,
      "Plan Rows": 1,
      "Plan Width": 8,
      "Actual Startup Time": 655.241,
      "Actual Total Time": 714.182,
      "Actual Rows": 1,
      "Actual Loops": 1,
      "Plans": [
        {
          "Node Type": "Gather",
          "Parent Relationship": "Outer",
          "Parallel Aware": false,
          "Startup Cost": 345328.65,
          "Total Cost": 345329.26,
          "Plan Rows": 6,
          "Plan Width": 8,
          "Actual Startup Time": 655.1,
          "Actual Total Time": 714.17,
          "Actual Rows": 7,
          "Actual Loops": 1,
          "Workers Planned": 6,
          "Workers Launched": 6,
          "Single Copy": false,
          "Plans": [
            {
              "Node Type": "Aggregate",
              "Strategy": "Plain",
              "Partial Mode": "Partial",
              "Parent Relationship": "Outer",
              "Parallel Aware": false,
              "Startup Cost": 344328.65,
              "Total Cost": 344328.66,
              "Plan Rows": 1,
              "Plan Width": 8,
              "Actual Startup Time": 645.721,
              "Actual Total Time": 645.722,
              "Actual Rows": 1,
              "Actual Loops": 7,
              "Plans": [
                {
                  "Node Type": "Seq Scan",
                  "Parent Relationship": "Outer",
                  "Parallel Aware": true,
                  "Relation Name": "cast_info",
                  "Alias": "ci",
                  "Startup Cost": 0.0,
                  "Total Cost": 343257.03,
                  "Plan Rows": 428647,
                  "Plan Width": 0,
                  "Actual Startup Time": 356.352,
                  "Actual Total Time": 634.054,
                  "Actual Rows": 229629,
                  "Actual Loops": 7,
                  "Filter": "((person_id < 564104) AND (role_id > 2))",
                  "Rows Removed by Filter": 4948135
                }
              ]
            }
          ]
        }
      ]
    },
    "Planning Time": 0.224,
    "Triggers": [],
    "Execution Time": 714.255
  }
]