[
  {
    "Plan": {
      "Node Type": "Aggregate",
      "Strategy": "Plain",
      "Partial Mode": "Finalize",
      "Parallel Aware": false,
      "Startup Cost": 33086.72,
      "Total Cost": 33086.73,
      "Plan Rows": 1,
      "Plan Width": 8,
      "Actual Startup Time": 73.604,
      "Actual Total Time": 80.009,
      "Actual Rows": 1,
      "Actual Loops": 1,
      "Plans": [
        {
          "Node Type": "Gather",
          "Parent Relationship": "Outer",
          "Parallel Aware": false,
          "Startup Cost": 33086.4,
          "Total Cost": 33086.71,
          "Plan Rows": 3,
          "Plan Width": 8,
          "Actual Startup Time": 73.563,
          "Actual Total Time": 80.003,
          "Actual Rows": 4,
          "Actual Loops": 1,
          "Workers Planned": 3,
          "Workers Launched": 3,
          "Single Copy": false,
          "Plans": [
            {
              "Node Type": "Aggregate",
              "Strategy": "Plain",
              "Partial Mode": "Partial",
              "Parent Relationship": "Outer",
              "Parallel Aware": false,
              "Startup Cost": 32086.4,
              "Total Cost": 32086.41,
              "Plan Rows": 1,
              "Plan Width": 8,
              "Actual Startup Time": 70.906,
              "Actual Total Time": 70.907,
              "Actual Rows": 1,
              "Actual Loops": 4,
              "Plans": [
                {
                  "Node Type": "Seq Scan",
                  "Parent Relationship": "Outer",
                  "Parallel Aware": true,
                  "Relation Name": "movie_companies",
                  "Alias": "mc",
                  "Startup Cost": 0.0,
                  "Total Cost": 31414.82,
                  "Plan Rows": 268633,
                  "Plan Width": 0,
                  "Actual Startup Time": 33.589,
                  "Actual Total Time": 65.006,
                  "Actual Rows": 131014,
                  "Actual Loops": 4,
                  "Filter": "((company_id < 17460) AND (company_type_id = 2))",
                  "Rows Removed by Filter": 521268
                }
              ]
            }
          ]
        }
      ]
    },
    "Planning Time": 0.084,
    "Triggers": [],
    "Execution Time": 80.035
  }
]