[
  {
    "Plan": {
      "Node Type": "Aggregate",
      "Strategy": "Plain",
      "Partial Mode": "Finalize",
      "Parallel Aware": false,
      "Startup Cost": 75996.48,
      "Total Cost": 75996.49,
      "Plan Rows": 1,
      "Plan Width": 8,
      "Actual Startup Time": 274.989,
      "Actual Total Time": 289.633,
      "Actual Rows": 1,
      "Actual Loops": 1,
      "Plans": [
        {
          "Node Type": "Gather",
          "Parent Relationship": "Outer",
          "Parallel Aware": false,
          "Startup Cost": 75996.06,
          "Total Cost": 75996.47,
          "Plan Rows": 4,
          "Plan Width": 8,
          "Actual Startup Time": 273.075,
          "Actual Total Time": 289.621,
          "Actual Rows": 5,
          "Actual Loops": 1,
          "Workers Planned": 4,
          "Workers Launched": 4,
          "Single Copy": false,
          "Plans": [
            {
              "Node Type": "Aggregate",
              "Strategy": "Plain",
              "Partial Mode": "Partial",
              "Parent Relationship": "Outer",
              "Parallel Aware": false,
              "Startup Cost": 74996.06,
              "Total Cost": 74996.07,
              "Plan Rows": 1,
              "Plan Width": 8,
              "Actual Startup Time": 265.376,
              "Actual Total Time": 265.379,
              "Actual Rows": 1,
              "Actual Loops": 5,
              "Plans": [
                {
                  "Node Type": "Hash Join",
                  "Parent Relationship": "Outer",
                  "Parallel Aware": true,
                  "Join Type": "Inner",
                  "Startup Cost": 29256.96,
                  "Total Cost": 74882.54,
                  "Plan Rows": 45409,
                  "Plan Width": 0,
                  "Actual Startup Time": 110.809,
                  "Actual Total Time": 262.819,
                  "Actual Rows": 56077,
                  "Actual Loops": 5,
                  "Inner Unique": false,
                  "Hash Cond": "(t.id = mc.movie_id)",
                  "Plans": [
                    {
                      "Node Type": "Seq Scan",
                      "Parent Relationship": "Outer",
                      "Parallel Aware": true,
                      "Relation Name": "title",
                      "Alias": "t",
                      "Startup Cost": 0.0,
                      "Total Cost": 42318.73,
                      "Plan Rows": 632073,
                      "Plan Width": 4,
                      "Actual Startup Time": 0.012,
                      "Actual Total Time": 63.599,
                      "Actual Rows": 505662,
                      "Actual Loops": 5
                    },
                    {
                      "Node Type": "Hash",
                      "Parent Relationship": "Inner",
                      "Parallel Aware": true,
                      "Startup Cost": 28524.56,
                      "Total Cost": 28524.56,
                      "Plan Rows": 58592,
                      "Plan Width": 4,
                      "Actual Startup Time": 109.107,
                      "Actual Total Time": 109.108,
                      "Actual Rows": 56077,
                      "Actual Loops": 5,
                      "Hash Buckets": 524288,
                      "Original Hash Buckets": 262144,
                      "Hash Batches": 1,
                      "Original Hash Batches": 1,
                      "Peak Memory Usage": 17216,
                      "Plans": [
                        {
                          "Node Type": "Bitmap Heap Scan",
                          "Parent Relationship": "Outer",
                          "Parallel Aware": true,
                          "Relation Name": "movie_companies",
                          "Alias": "mc",
                          "Startup Cost": 7949.18,
                          "Total Cost": 28524.56,
                          "Plan Rows": 58592,
                          "Plan Width": 4,
                          "Actual Startup Time": 31.613,
                          "Actual Total Time": 78.733,
                          "Actual Rows": 56077,
                          "Actual Loops": 5,
                          "Recheck Cond": "(company_id < 187)",
                          "Rows Removed by Index Recheck": 0,
                          "Filter": "(company_type_id < 2)",
                          "Rows Removed by Filter": 16633,
                          "Exact Heap Blocks": 6092,
                          "Lossy Heap Blocks": 0,
                          "Plans": [
                            {
                              "Node Type": "Bitmap Index Scan",
                              "Parent Relationship": "Outer",
                              "Parallel Aware": false,
                              "Index Name": "company_id_movie_companies",
                              "Startup Cost": 0.0,
                              "Total Cost": 7903.77,
                              "Plan Rows": 368979,
                              "Plan Width": 0,
                              "Actual Startup Time": 29.727,
                              "Actual Total Time": 29.727,
                              "Actual Rows": 363553,
                              "Actual Loops": 1,
                              "Index Cond": "(company_id < 187)"
                            }
                          ]
                        }
                      ]
                    }
                  ]
                }
              ]
            }
          ]
        }
      ]
    },
    "Planning Time": 0.646,
    "Triggers": [],
    "Execution Time": 289.726
  }
]