[
  {
    "Plan": {
      "Node Type": "Aggregate",
      "Strategy": "Plain",
      "Partial Mode": "Finalize",
      "Parallel Aware": false,
      "Startup Cost": 91487.36,
      "Total Cost": 91487.37,
      "Plan Rows": 1,
      "Plan Width": 8,
      "Actual Startup Time": 413.743,
      "Actual Total Time": 430.753,
      "Actual Rows": 1,
      "Actual Loops": 1,
      "Plans": [
        {
          "Node Type": "Gather",
          "Parent Relationship": "Outer",
          "Parallel Aware": false,
          "Startup Cost": 91487.04,
          "Total Cost": 91487.35,
          "Plan Rows": 3,
          "Plan Width": 8,
          "Actual Startup Time": 411.739,
          "Actual Total Time": 430.745,
          "Actual Rows": 4,
          "Actual Loops": 1,
          "Workers Planned": 3,
          "Workers Launched": 3,
          "Single Copy": false,
          "Plans": [
            {
              "Node Type": "Aggregate",
              "Strategy": "Plain",
              "Partial Mode": "Partial",
              "Parent Relationship": "Outer",
              "Parallel Aware": false,
              "Startup Cost": 90487.04,
              "Total Cost": 90487.05,
              "Plan Rows": 1,
              "Plan Width": 8,
              "Actual Startup Time": 402.586,
              "Actual Total Time": 402.59,
              "Actual Rows": 1,
              "Actual Loops": 4,
              "Plans": [
                {
                  "Node Type": "Hash Join",
                  "Parent Relationship": "Outer",
                  "Parallel Aware": true,
                  "Join Type": "Inner",
                  "Startup Cost": 46936.15,
                  "Total Cost": 89814.23,
                  "Plan Rows": 269125,
                  "Plan Width": 0,
                  "Actual Startup Time": 163.324,
                  "Actual Total Time": 398.896,
                  "Actual Rows": 69250,
                  "Actual Loops": 4,
                  "Inner Unique": true,
                  "Hash Cond": "(mk.movie_id = t.id)",
                  "Plans": [
                    {
                      "Node Type": "Seq Scan",
                      "Parent Relationship": "Outer",
                      "Parallel Aware": true,
                      "Relation Name": "movie_keyword",
                      "Alias": "mk",
                      "Startup Cost": 0.0,
                      "Total Cost": 39047.32,
                      "Plan Rows": 1459332,
                      "Plan Width": 4,
                      "Actual Startup Time": 0.03,
                      "Actual Total Time": 105.499,
                      "Actual Rows": 1130982,
                      "Actual Loops": 4
                    },
                    {
                      "Node Type": "Hash",
                      "Parent Relationship": "Inner",
                      "Parallel Aware": true,
                      "Startup Cost": 45479.1,
                      "Total Cost": 45479.1,
                      "Plan Rows": 116564,
                      "Plan Width": 4,
                      "Actual Startup Time": 159.483,
                      "Actual Total Time": 159.484,
                      "Actual Rows": 120010,
                      "Actual Loops": 4,
                      "Hash Buckets": 524288,
                      "Original Hash Buckets": 524288,
                      "Hash Batches": 1,
                      "Original Hash Batches": 1,
                      "Peak Memory Usage": 22944,
                      "Plans": [
                        {
                          "Node Type": "Seq Scan",
                          "Parent Relationship": "Outer",
                          "Parallel Aware": true,
                          "Relation Name": "title",
                          "Alias": "t",
                          "Startup Cost": 0.0,
                          "Total Cost": 45479.1,
                          "Plan Rows": 116564,
                          "Plan Width": 4,
                          "Actual Startup Time": 0.04,
                          "Actual Total Time": 113.113,
                          "Actual Rows": 120010,
                          "Actual Loops": 4,
                          "Filter": "((kind_id > 2) AND (production_year > 2008))",
                          "Rows Removed by Filter": 512068
                        }
                      ]
                    }
                  ]
                }
              ]
            }
          ]
        }
      ]
    },
    "Planning Time": 0.597,
    "Triggers": [],
    "Execution Time": 430.823
  }
]