{
  "Plan": {
    "Node Type": "Aggregate",
    "Strategy": "Plain",
    "Partial Mode": "Finalize",
    "Parallel Aware": false,
    "Startup Cost": 834744.29,
    "Total Cost": 834744.3,
    "Plan Rows": 1,
    "Plan Width": 8,
    "Actual Startup Time": 13277.556,
    "Actual Total Time": 13332.813,
    "Actual Rows": 1,
    "Actual Loops": 1,
    "Plans": [
      {
        "Node Type": "Gather",
        "Parent Relationship": "Outer",
        "Parallel Aware": false,
        "Startup Cost": 834744.18,
        "Total Cost": 834744.29,
        "Plan Rows": 1,
        "Plan Width": 8,
        "Actual Startup Time": 13270.088,
        "Actual Total Time": 13332.804,
        "Actual Rows": 2,
        "Actual Loops": 1,
        "Workers Planned": 1,
        "Workers Launched": 1,
        "Single Copy": false,
        "Plans": [
          {
            "Node Type": "Aggregate",
            "Strategy": "Plain",
            "Partial Mode": "Partial",
            "Parent Relationship": "Outer",
            "Parallel Aware": false,
            "Startup Cost": 833744.18,
            "Total Cost": 833744.19,
            "Plan Rows": 1,
            "Plan Width": 8,
            "Actual Startup Time": 13257.029,
            "Actual Total Time": 13257.034,
            "Actual Rows": 1,
            "Actual Loops": 2,
            "Plans": [
              {
                "Node Type": "Hash Join",
                "Parent Relationship": "Outer",
                "Parallel Aware": true,
                "Join Type": "Inner",
                "Startup Cost": 127634.16,
                "Total Cost": 785904.89,
                "Plan Rows": 19135716,
                "Plan Width": 0,
                "Actual Startup Time": 1423.344,
                "Actual Total Time": 11842.907,
                "Actual Rows": 35479300,
                "Actual Loops": 2,
                "Inner Unique": false,
                "Hash Cond": "(ci.movie_id = t.id)",
                "Plans": [
                  {
                    "Node Type": "Seq Scan",
                    "Parent Relationship": "Outer",
                    "Parallel Aware": true,
                    "Relation Name": "cast_info",
                    "Alias": "ci",
                    "Startup Cost": 0.0,
                    "Total Cost": 465792.95,
                    "Plan Rows": 21310595,
                    "Plan Width": 4,
                    "Actual Startup Time": 0.016,
                    "Actual Total Time": 1438.103,
                    "Actual Rows": 18122172,
                    "Actual Loops": 2
                  },
                  {
                    "Node Type": "Hash",
                    "Parent Relationship": "Inner",
                    "Parallel Aware": true,
                    "Startup Cost": 110941.04,
                    "Total Cost": 110941.04,
                    "Plan Rows": 1335450,
                    "Plan Width": 8,
                    "Actual Startup Time": 1401.237,
                    "Actual Total Time": 1401.241,
                    "Actual Rows": 1137744,
                    "Actual Loops": 2,
                    "Hash Buckets": 4194304,
                    "Original Hash Buckets": 4194304,
                    "Hash Batches": 1,
                    "Original Hash Batches": 1,
                    "Peak Memory Usage": 121824,
                    "Plans": [
                      {
                        "Node Type": "Hash Join",
                        "Parent Relationship": "Outer",
                        "Parallel Aware": true,
                        "Join Type": "Inner",
                        "Startup Cost": 69460.7,
                        "Total Cost": 110941.04,
                        "Plan Rows": 1335450,
                        "Plan Width": 8,
                        "Actual Startup Time": 558.824,
                        "Actual Total Time": 1087.536,
                        "Actual Rows": 1137744,
                        "Actual Loops": 2,
                        "Inner Unique": true,
                        "Hash Cond": "(mc.movie_id = t.id)",
                        "Plans": [
                          {
                            "Node Type": "Seq Scan",
                            "Parent Relationship": "Outer",
                            "Parallel Aware": true,
                            "Relation Name": "movie_companies",
                            "Alias": "mc",
                            "Startup Cost": 0.0,
                            "Total Cost": 37974.77,
                            "Plan Rows": 1335450,
                            "Plan Width": 4,
                            "Actual Startup Time": 0.051,
                            "Actual Total Time": 142.891,
                            "Actual Rows": 1137744,
                            "Actual Loops": 2,
                            "Filter": "(company_id > 164)",
                            "Rows Removed by Filter": 166821
                          },
                          {
                            "Node Type": "Hash",
                            "Parent Relationship": "Inner",
                            "Parallel Aware": true,
                            "Startup Cost": 50870.31,
                            "Total Cost": 50870.31,
                            "Plan Rows": 1487231,
                            "Plan Width": 4,
                            "Actual Startup Time": 547.141,
                            "Actual Total Time": 547.142,
                            "Actual Rows": 1264156,
                            "Actual Loops": 2,
                            "Hash Buckets": 4194304,
                            "Original Hash Buckets": 4194304,
                            "Hash Batches": 1,
                            "Original Hash Batches": 1,
                            "Peak Memory Usage": 131712,
                            "Plans": [
                              {
                                "Node Type": "Seq Scan",
                                "Parent Relationship": "Outer",
                                "Parallel Aware": true,
                                "Relation Name": "title",
                                "Alias": "t",
                                "Startup Cost": 0.0,
                                "Total Cost": 50870.31,
                                "Plan Rows": 1487231,
                                "Plan Width": 4,
                                "Actual Startup Time": 0.025,
                                "Actual Total Time": 155.847,
                                "Actual Rows": 1264156,
                                "Actual Loops": 2
                              }
                            ]
                          }
                        ]
                      }
                    ]
                  }
                ]
              }
            ]
          }
        ]
      }
    ]
  },
  "Planning Time": 1.128,
  "Triggers": [],
  "Execution Time": 13332.897
}