[
  {
    "Plan": {
      "Node Type": "Aggregate",
      "Strategy": "Plain",
      "Partial Mode": "Finalize",
      "Parallel Aware": false,
      "Startup Cost": 44774.06,
      "Total Cost": 44774.07,
      "Plan Rows": 1,
      "Plan Width": 8,
      "Actual Startup Time": 125.643,
      "Actual Total Time": 135.005,
      "Actual Rows": 1,
      "Actual Loops": 1,
      "Plans": [
        {
          "Node Type": "Gather",
          "Parent Relationship": "Outer",
          "Parallel Aware": false,
          "Startup Cost": 44773.75,
          "Total Cost": 44774.06,
          "Plan Rows": 3,
          "Plan Width": 8,
          "Actual Startup Time": 125.544,
          "Actual Total Time": 134.997,
          "Actual Rows": 4,
          "Actual Loops": 1,
          "Workers Planned": 3,
          "Workers Launched": 3,
          "Single Copy": false,
          "Plans": [
            {
              "Node Type": "Aggregate",
              "Strategy": "Plain",
              "Partial Mode": "Partial",
              "Parent Relationship": "Outer",
              "Parallel Aware": false,
              "Startup Cost": 43773.75,
              "Total Cost": 43773.76,
              "Plan Rows": 1,
              "Plan Width": 8,
              "Actual Startup Time": 119.807,
              "Actual Total Time": 119.808,
              "Actual Rows": 1,
              "Actual Loops": 4,
              "Plans": [
                {
                  "Node Type": "Seq Scan",
                  "Parent Relationship": "Outer",
                  "Parallel Aware": true,
                  "Relation Name": "movie_keyword",
                  "Alias": "mk",
                  "Startup Cost": 0.0,
                  "Total Cost": 42695.65,
                  "Plan Rows": 431237,
                  "Plan Width": 0,
                  "Actual Startup Time": 2.192,
                  "Actual Total Time": 103.519,
                  "Actual Rows": 336112,
                  "Actual Loops": 4,
                  "Filter": "(keyword_id > 12701)",
                  "Rows Removed by Filter": 794870
                }
              ]
            }
          ]
        }
      ]
    },
    "Planning Time": 0.177,
    "Triggers": [],
    "Execution Time": 135.058
  }
]