[
  {
    "Plan": {
      "Node Type": "Aggregate",
      "Strategy": "Plain",
      "Partial Mode": "Finalize",
      "Parallel Aware": false,
      "Startup Cost": 124243.52,
      "Total Cost": 124243.53,
      "Plan Rows": 1,
      "Plan Width": 8,
      "Actual Startup Time": 782.389,
      "Actual Total Time": 812.655,
      "Actual Rows": 1,
      "Actual Loops": 1,
      "Plans": [
        {
          "Node Type": "Gather",
          "Parent Relationship": "Outer",
          "Parallel Aware": false,
          "Startup Cost": 124243.2,
          "Total Cost": 124243.51,
          "Plan Rows": 3,
          "Plan Width": 8,
          "Actual Startup Time": 779.405,
          "Actual Total Time": 812.638,
          "Actual Rows": 4,
          "Actual Loops": 1,
          "Workers Planned": 3,
          "Workers Launched": 3,
          "Single Copy": false,
          "Plans": [
            {
              "Node Type": "Aggregate",
              "Strategy": "Plain",
              "Partial Mode": "Partial",
              "Parent Relationship": "Outer",
              "Parallel Aware": false,
              "Startup Cost": 123243.2,
              "Total Cost": 123243.21,
              "Plan Rows": 1,
              "Plan Width": 8,
              "Actual Startup Time": 772.513,
              "Actual Total Time": 772.521,
              "Actual Rows": 1,
              "Actual Loops": 4,
              "Plans": [
                {
                  "Node Type": "Hash Join",
                  "Parent Relationship": "Outer",
                  "Parallel Aware": true,
                  "Join Type": "Inner",
                  "Startup Cost": 78158.7,
                  "Total Cost": 122996.65,
                  "Plan Rows": 98620,
                  "Plan Width": 0,
                  "Actual Startup Time": 436.222,
                  "Actual Total Time": 748.229,
                  "Actual Rows": 376486,
                  "Actual Loops": 4,
                  "Inner Unique": false,
                  "Hash Cond": "(mk.movie_id = t.id)",
                  "Plans": [
                    {
                      "Node Type": "Seq Scan",
                      "Parent Relationship": "Outer",
                      "Parallel Aware": true,
                      "Relation Name": "movie_keyword",
                      "Alias": "mk",
                      "Startup Cost": 0.0,
                      "Total Cost": 39047.32,
                      "Plan Rows": 1459332,
                      "Plan Width": 4,
                      "Actual Startup Time": 0.039,
                      "Actual Total Time": 139.705,
                      "Actual Rows": 1130982,
                      "Actual Loops": 4
                    },
                    {
                      "Node Type": "Hash",
                      "Parent Relationship": "Inner",
                      "Parallel Aware": true,
                      "Startup Cost": 77469.71,
                      "Total Cost": 77469.71,
                      "Plan Rows": 55119,
                      "Plan Width": 8,
                      "Actual Startup Time": 434.316,
                      "Actual Total Time": 434.322,
                      "Actual Rows": 29610,
                      "Actual Loops": 4,
                      "Hash Buckets": 262144,
                      "Original Hash Buckets": 262144,
                      "Hash Batches": 1,
                      "Original Hash Batches": 1,
                      "Peak Memory Usage": 6720,
                      "Plans": [
                        {
                          "Node Type": "Hash Join",
                          "Parent Relationship": "Outer",
                          "Parallel Aware": true,
                          "Join Type": "Inner",
                          "Startup Cost": 45112.8,
                          "Total Cost": 77469.71,
                          "Plan Rows": 55119,
                          "Plan Width": 8,
                          "Actual Startup Time": 225.375,
                          "Actual Total Time": 420.752,
                          "Actual Rows": 29610,
                          "Actual Loops": 4,
                          "Inner Unique": true,
                          "Hash Cond": "(mc.movie_id = t.id)",
                          "Plans": [
                            {
                              "Node Type": "Seq Scan",
                              "Parent Relationship": "Outer",
                              "Parallel Aware": true,
                              "Relation Name": "movie_companies",
                              "Alias": "mc",
                              "Startup Cost": 0.0,
                              "Total Cost": 31414.82,
                              "Plan Rows": 358895,
                              "Plan Width": 4,
                              "Actual Startup Time": 0.049,
                              "Actual Total Time": 115.206,
                              "Actual Rows": 318562,
                              "Actual Loops": 4,
                              "Filter": "((company_id < 90157) AND (company_type_id < 2))",
                              "Rows Removed by Filter": 333721
                            },
                            {
                              "Node Type": "Hash",
                              "Parent Relationship": "Inner",
                              "Parallel Aware": true,
                              "Startup Cost": 43899.32,
                              "Total Cost": 43899.32,
                              "Plan Rows": 97078,
                              "Plan Width": 4,
                              "Actual Startup Time": 223.493,
                              "Actual Total Time": 223.495,
                              "Actual Rows": 97916,
                              "Actual Loops": 4,
                              "Hash Buckets": 524288,
                              "Original Hash Buckets": 524288,
                              "Hash Batches": 1,
                              "Original Hash Batches": 1,
                              "Peak Memory Usage": 19488,
                              "Plans": [
                                {
                                  "Node Type": "Seq Scan",
                                  "Parent Relationship": "Outer",
                                  "Parallel Aware": true,
                                  "Relation Name": "title",
                                  "Alias": "t",
                                  "Startup Cost": 0.0,
                                  "Total Cost": 43899.32,
                                  "Plan Rows": 97078,
                                  "Plan Width": 4,
                                  "Actual Startup Time": 0.029,
                                  "Actual Total Time": 164.326,
                                  "Actual Rows": 97916,
                                  "Actual Loops": 4,
                                  "Filter": "(production_year > 2010)",
                                  "Rows Removed by Filter": 534162
                                }
                              ]
                            }
                          ]
                        }
                      ]
                    }
                  ]
                }
              ]
            }
          ]
        }
      ]
    },
    "Planning Time": 0.634,
    "Triggers": [],
    "Execution Time": 812.725
  }
]