{
  "Plan": {
    "Node Type": "Aggregate",
    "Strategy": "Plain",
    "Partial Mode": "Finalize",
    "Parallel Aware": false,
    "Startup Cost": 660716.81,
    "Total Cost": 660716.82,
    "Plan Rows": 1,
    "Plan Width": 8,
    "Actual Startup Time": 3310.973,
    "Actual Total Time": 3365.031,
    "Actual Rows": 1,
    "Actual Loops": 1,
    "Plans": [
      {
        "Node Type": "Gather",
        "Parent Relationship": "Outer",
        "Parallel Aware": false,
        "Startup Cost": 660716.7,
        "Total Cost": 660716.81,
        "Plan Rows": 1,
        "Plan Width": 8,
        "Actual Startup Time": 3310.238,
        "Actual Total Time": 3365.017,
        "Actual Rows": 2,
        "Actual Loops": 1,
        "Workers Planned": 1,
        "Workers Launched": 1,
        "Single Copy": false,
        "Plans": [
          {
            "Node Type": "Aggregate",
            "Strategy": "Plain",
            "Partial Mode": "Partial",
            "Parent Relationship": "Outer",
            "Parallel Aware": false,
            "Startup Cost": 659716.7,
            "Total Cost": 659716.71,
            "Plan Rows": 1,
            "Plan Width": 8,
            "Actual Startup Time": 3304.243,
            "Actual Total Time": 3304.249,
            "Actual Rows": 1,
            "Actual Loops": 2,
            "Plans": [
              {
                "Node Type": "Hash Join",
                "Parent Relationship": "Outer",
                "Parallel Aware": true,
                "Join Type": "Inner",
                "Startup Cost": 58054.58,
                "Total Cost": 655295.98,
                "Plan Rows": 1768289,
                "Plan Width": 0,
                "Actual Startup Time": 568.82,
                "Actual Total Time": 3260.834,
                "Actual Rows": 1040357,
                "Actual Loops": 2,
                "Inner Unique": true,
                "Hash Cond": "(ci.movie_id = t.id)",
                "Plans": [
                  {
                    "Node Type": "Seq Scan",
                    "Parent Relationship": "Outer",
                    "Parallel Aware": true,
                    "Relation Name": "cast_info",
                    "Alias": "ci",
                    "Startup Cost": 0.0,
                    "Total Cost": 572345.93,
                    "Plan Rows": 9483972,
                    "Plan Width": 4,
                    "Actual Startup Time": 340.712,
                    "Actual Total Time": 1738.54,
                    "Actual Rows": 7361782,
                    "Actual Loops": 2,
                    "Filter": "((person_id > 1157768) AND (role_id < 4))",
                    "Rows Removed by Filter": 10760390
                  },
                  {
                    "Node Type": "Hash",
                    "Parent Relationship": "Inner",
                    "Parallel Aware": true,
                    "Startup Cost": 54588.39,
                    "Total Cost": 54588.39,
                    "Plan Rows": 277295,
                    "Plan Width": 4,
                    "Actual Startup Time": 222.364,
                    "Actual Total Time": 222.365,
                    "Actual Rows": 239800,
                    "Actual Loops": 2,
                    "Hash Buckets": 524288,
                    "Original Hash Buckets": 524288,
                    "Hash Batches": 1,
                    "Original Hash Batches": 1,
                    "Peak Memory Usage": 22880,
                    "Plans": [
                      {
                        "Node Type": "Seq Scan",
                        "Parent Relationship": "Outer",
                        "Parallel Aware": true,
                        "Relation Name": "title",
                        "Alias": "t",
                        "Startup Cost": 0.0,
                        "Total Cost": 54588.39,
                        "Plan Rows": 277295,
                        "Plan Width": 4,
                        "Actual Startup Time": 0.03,
                        "Actual Total Time": 151.543,
                        "Actual Rows": 239800,
                        "Actual Loops": 2,
                        "Filter": "(production_year < 1978)",
                        "Rows Removed by Filter": 1024356
                      }
                    ]
                  }
                ]
              }
            ]
          }
        ]
      }
    ]
  },
  "Planning Time": 0.664,
  "Triggers": [],
  "Execution Time": 3365.12
}