[
  {
    "Plan": {
      "Node Type": "Aggregate",
      "Strategy": "Plain",
      "Partial Mode": "Finalize",
      "Parallel Aware": false,
      "Startup Cost": 134108.62,
      "Total Cost": 134108.63,
      "Plan Rows": 1,
      "Plan Width": 8,
      "Actual Startup Time": 1333.837,
      "Actual Total Time": 1362.95,
      "Actual Rows": 1,
      "Actual Loops": 1,
      "Plans": [
        {
          "Node Type": "Gather",
          "Parent Relationship": "Outer",
          "Parallel Aware": false,
          "Startup Cost": 134108.3,
          "Total Cost": 134108.61,
          "Plan Rows": 3,
          "Plan Width": 8,
          "Actual Startup Time": 1312.012,
          "Actual Total Time": 1362.939,
          "Actual Rows": 4,
          "Actual Loops": 1,
          "Workers Planned": 3,
          "Workers Launched": 3,
          "Single Copy": false,
          "Plans": [
            {
              "Node Type": "Aggregate",
              "Strategy": "Plain",
              "Partial Mode": "Partial",
              "Parent Relationship": "Outer",
              "Parallel Aware": false,
              "Startup Cost": 133108.3,
              "Total Cost": 133108.31,
              "Plan Rows": 1,
              "Plan Width": 8,
              "Actual Startup Time": 1302.969,
              "Actual Total Time": 1303.563,
              "Actual Rows": 1,
              "Actual Loops": 4,
              "Plans": [
                {
                  "Node Type": "Hash Join",
                  "Parent Relationship": "Outer",
                  "Parallel Aware": true,
                  "Join Type": "Inner",
                  "Startup Cost": 84930.93,
                  "Total Cost": 131511.34,
                  "Plan Rows": 638784,
                  "Plan Width": 0,
                  "Actual Startup Time": 712.473,
                  "Actual Total Time": 1165.576,
                  "Actual Rows": 2638619,
                  "Actual Loops": 4,
                  "Inner Unique": false,
                  "Hash Cond": "(mk.movie_id = t.id)",
                  "Plans": [
                    {
                      "Node Type": "Seq Scan",
                      "Parent Relationship": "Outer",
                      "Parallel Aware": true,
                      "Relation Name": "movie_keyword",
                      "Alias": "mk",
                      "Startup Cost": 0.0,
                      "Total Cost": 39047.32,
                      "Plan Rows": 1459332,
                      "Plan Width": 4,
                      "Actual Startup Time": 0.039,
                      "Actual Total Time": 100.31,
                      "Actual Rows": 1130982,
                      "Actual Loops": 4
                    },
                    {
                      "Node Type": "Hash",
                      "Parent Relationship": "Inner",
                      "Parallel Aware": true,
                      "Startup Cost": 80468.23,
                      "Total Cost": 80468.23,
                      "Plan Rows": 357016,
                      "Plan Width": 8,
                      "Actual Startup Time": 706.439,
                      "Actual Total Time": 707.032,
                      "Actual Rows": 276004,
                      "Actual Loops": 4,
                      "Hash Buckets": 2097152,
                      "Original Hash Buckets": 2097152,
                      "Hash Batches": 1,
                      "Original Hash Batches": 1,
                      "Peak Memory Usage": 59616,
                      "Plans": [
                        {
                          "Node Type": "Hash Join",
                          "Parent Relationship": "Outer",
                          "Parallel Aware": true,
                          "Join Type": "Inner",
                          "Startup Cost": 50220.38,
                          "Total Cost": 80468.23,
                          "Plan Rows": 357016,
                          "Plan Width": 8,
                          "Actual Startup Time": 404.01,
                          "Actual Total Time": 597.269,
                          "Actual Rows": 276004,
                          "Actual Loops": 4,
                          "Inner Unique": true,
                          "Hash Cond": "(mc.movie_id = t.id)",
                          "Plans": [
                            {
                              "Node Type": "Seq Scan",
                              "Parent Relationship": "Outer",
                              "Parallel Aware": true,
                              "Relation Name": "movie_companies",
                              "Alias": "mc",
                              "Startup Cost": 0.0,
                              "Total Cost": 29310.68,
                              "Plan Rows": 357016,
                              "Plan Width": 4,
                              "Actual Startup Time": 10.704,
                              "Actual Total Time": 79.577,
                              "Actual Rows": 276004,
                              "Actual Loops": 4,
                              "Filter": "(company_id > 14048)",
                              "Rows Removed by Filter": 376278
                            },
                            {
                              "Node Type": "Hash",
                              "Parent Relationship": "Inner",
                              "Parallel Aware": true,
                              "Startup Cost": 42319.06,
                              "Total Cost": 42319.06,
                              "Plan Rows": 632106,
                              "Plan Width": 4,
                              "Actual Startup Time": 385.803,
                              "Actual Total Time": 385.804,
                              "Actual Rows": 632078,
                              "Actual Loops": 4,
                              "Hash Buckets": 4194304,
                              "Original Hash Buckets": 4194304,
                              "Hash Batches": 1,
                              "Original Hash Batches": 1,
                              "Peak Memory Usage": 131744,
                              "Plans": [
                                {
                                  "Node Type": "Seq Scan",
                                  "Parent Relationship": "Outer",
                                  "Parallel Aware": true,
                                  "Relation Name": "title",
                                  "Alias": "t",
                                  "Startup Cost": 0.0,
                                  "Total Cost": 42319.06,
                                  "Plan Rows": 632106,
                                  "Plan Width": 4,
                                  "Actual Startup Time": 0.066,
                                  "Actual Total Time": 113.205,
                                  "Actual Rows": 632078,
                                  "Actual Loops": 4
                                }
                              ]
                            }
                          ]
                        }
                      ]
                    }
                  ]
                }
              ]
            }
          ]
        }
      ]
    },
    "Planning Time": 0.664,
    "Triggers": [],
    "Execution Time": 1362.996
  }
]