[
    {
        "Bao": {
            "Bao prediction": 425.381,
            "Bao recommended hint": "(no hint)"
        }
    },
    {
        "Plan": {
            "Node Type": "Aggregate",
            "Strategy": "Plain",
            "Partial Mode": "Simple",
            "Parallel Aware": false,
            "Startup Cost": 72614.62,
            "Total Cost": 72614.63,
            "Plan Rows": 1,
            "Plan Width": 64,
            "Actual Startup Time": 218.864,
            "Actual Total Time": 238.323,
            "Actual Rows": 1,
            "Actual Loops": 1,
            "Output": [
                "min(n.name)",
                "min(t.title)"
            ],
            "Plans": [
                {
                    "Node Type": "Nested Loop",
                    "Parent Relationship": "Outer",
                    "Parallel Aware": false,
                    "Join Type": "Inner",
                    "Startup Cost": 1004.44,
                    "Total Cost": 72614.62,
                    "Plan Rows": 1,
                    "Plan Width": 32,
                    "Actual Startup Time": 113.423,
                    "Actual Total Time": 237.979,
                    "Actual Rows": 1288,
                    "Actual Loops": 1,
                    "Output": [
                        "n.name",
                        "t.title"
                    ],
                    "Inner Unique": true,
                    "Plans": [
                        {
                            "Node Type": "Nested Loop",
                            "Parent Relationship": "Outer",
                            "Parallel Aware": false,
                            "Join Type": "Inner",
                            "Startup Cost": 1004.3,
                            "Total Cost": 72614.44,
                            "Plan Rows": 1,
                            "Plan Width": 36,
                            "Actual Startup Time": 113.403,
                            "Actual Total Time": 236.232,
                            "Actual Rows": 1288,
                            "Actual Loops": 1,
                            "Output": [
                                "mi.info_type_id",
                                "n.name",
                                "t.title"
                            ],
                            "Inner Unique": false,
                            "Join Filter": "(t.id = mi.movie_id)",
                            "Rows Removed by Join Filter": 0,
                            "Plans": [
                                {
                                    "Node Type": "Nested Loop",
                                    "Parent Relationship": "Outer",
                                    "Parallel Aware": false,
                                    "Join Type": "Inner",
                                    "Startup Cost": 1003.86,
                                    "Total Cost": 72612.78,
                                    "Plan Rows": 1,
                                    "Plan Width": 44,
                                    "Actual Startup Time": 113.298,
                                    "Actual Total Time": 231.35,
                                    "Actual Rows": 1151,
                                    "Actual Loops": 1,
                                    "Output": [
                                        "ci.movie_id",
                                        "mc.movie_id",
                                        "n.name",
                                        "t.title",
                                        "t.id"
                                    ],
                                    "Inner Unique": true,
                                    "Plans": [
                                        {
                                            "Node Type": "Nested Loop",
                                            "Parent Relationship": "Outer",
                                            "Parallel Aware": false,
                                            "Join Type": "Inner",
                                            "Startup Cost": 1003.44,
                                            "Total Cost": 72612.29,
                                            "Plan Rows": 1,
                                            "Plan Width": 48,
                                            "Actual Startup Time": 113.255,
                                            "Actual Total Time": 228.8,
                                            "Actual Rows": 1151,
                                            "Actual Loops": 1,
                                            "Output": [
                                                "ci.movie_id",
                                                "mc.movie_id",
                                                "mc.company_id",
                                                "n.name",
                                                "t.title",
                                                "t.id"
                                            ],
                                            "Inner Unique": true,
                                            "Plans": [
                                                {
                                                    "Node Type": "Gather",
                                                    "Parent Relationship": "Outer",
                                                    "Parallel Aware": false,
                                                    "Startup Cost": 1003.01,
                                                    "Total Cost": 72611.77,
                                                    "Plan Rows": 1,
                                                    "Plan Width": 52,
                                                    "Actual Startup Time": 113.169,
                                                    "Actual Total Time": 225.8,
                                                    "Actual Rows": 1158,
                                                    "Actual Loops": 1,
                                                    "Output": [
                                                        "ci.movie_id",
                                                        "ci.person_role_id",
                                                        "mc.movie_id",
                                                        "mc.company_id",
                                                        "n.name",
                                                        "t.title",
                                                        "t.id"
                                                    ],
                                                    "Workers Planned": 4,
                                                    "Workers Launched": 4,
                                                    "Single Copy": false,
                                                    "Plans": [
                                                        {
                                                            "Node Type": "Nested Loop",
                                                            "Parent Relationship": "Outer",
                                                            "Parallel Aware": false,
                                                            "Join Type": "Inner",
                                                            "Startup Cost": 3.01,
                                                            "Total Cost": 71611.67,
                                                            "Plan Rows": 1,
                                                            "Plan Width": 52,
                                                            "Actual Startup Time": 140.521,
                                                            "Actual Total Time": 197.996,
                                                            "Actual Rows": 232,
                                                            "Actual Loops": 5,
                                                            "Output": [
                                                                "ci.movie_id",
                                                                "ci.person_role_id",
                                                                "mc.movie_id",
                                                                "mc.company_id",
                                                                "n.name",
                                                                "t.title",
                                                                "t.id"
                                                            ],
                                                            "Inner Unique": false,
                                                            "Join Filter": "(t.id = mc.movie_id)",
                                                            "Rows Removed by Join Filter": 0,
                                                            "Workers": [
                                                                {
                                                                    "Worker Number": 0,
                                                                    "Actual Startup Time": 95.4,
                                                                    "Actual Total Time": 195.717,
                                                                    "Actual Rows": 1142,
                                                                    "Actual Loops": 1
                                                                },
                                                                {
                                                                    "Worker Number": 1,
                                                                    "Actual Startup Time": 102.427,
                                                                    "Actual Total Time": 196.511,
                                                                    "Actual Rows": 2,
                                                                    "Actual Loops": 1
                                                                },
                                                                {
                                                                    "Worker Number": 2,
                                                                    "Actual Startup Time": 196.484,
                                                                    "Actual Total Time": 196.491,
                                                                    "Actual Rows": 0,
                                                                    "Actual Loops": 1
                                                                },
                                                                {
                                                                    "Worker Number": 3,
                                                                    "Actual Startup Time": 197.066,
                                                                    "Actual Total Time": 197.072,
                                                                    "Actual Rows": 0,
                                                                    "Actual Loops": 1
                                                                }
                                                            ],
                                                            "Plans": [
                                                                {
                                                                    "Node Type": "Nested Loop",
                                                                    "Parent Relationship": "Outer",
                                                                    "Parallel Aware": false,
                                                                    "Join Type": "Inner",
                                                                    "Startup Cost": 2.58,
                                                                    "Total Cost": 71611.08,
                                                                    "Plan Rows": 1,
                                                                    "Plan Width": 44,
                                                                    "Actual Startup Time": 140.445,
                                                                    "Actual Total Time": 196.823,
                                                                    "Actual Rows": 348,
                                                                    "Actual Loops": 5,
                                                                    "Output": [
                                                                        "ci.movie_id",
                                                                        "ci.person_role_id",
                                                                        "n.name",
                                                                        "t.title",
                                                                        "t.id"
                                                                    ],
                                                                    "Inner Unique": true,
                                                                    "Workers": [
                                                                        {
                                                                            "Worker Number": 0,
                                                                            "Actual Startup Time": 95.281,
                                                                            "Actual Total Time": 190.515,
                                                                            "Actual Rows": 1726,
                                                                            "Actual Loops": 1
                                                                        },
                                                                        {
                                                                            "Worker Number": 1,
                                                                            "Actual Startup Time": 102.337,
                                                                            "Actual Total Time": 196.411,
                                                                            "Actual Rows": 2,
                                                                            "Actual Loops": 1
                                                                        },
                                                                        {
                                                                            "Worker Number": 2,
                                                                            "Actual Startup Time": 196.483,
                                                                            "Actual Total Time": 196.488,
                                                                            "Actual Rows": 0,
                                                                            "Actual Loops": 1
                                                                        },
                                                                        {
                                                                            "Worker Number": 3,
                                                                            "Actual Startup Time": 197.064,
                                                                            "Actual Total Time": 197.069,
                                                                            "Actual Rows": 0,
                                                                            "Actual Loops": 1
                                                                        }
                                                                    ],
                                                                    "Plans": [
                                                                        {
                                                                            "Node Type": "Hash Join",
                                                                            "Parent Relationship": "Outer",
                                                                            "Parallel Aware": false,
                                                                            "Join Type": "Inner",
                                                                            "Startup Cost": 2.15,
                                                                            "Total Cost": 71609.03,
                                                                            "Plan Rows": 4,
                                                                            "Plan Width": 23,
                                                                            "Actual Startup Time": 120.001,
                                                                            "Actual Total Time": 194.792,
                                                                            "Actual Rows": 397,
                                                                            "Actual Loops": 5,
                                                                            "Output": [
                                                                                "ci.movie_id",
                                                                                "ci.person_role_id",
                                                                                "n.name"
                                                                            ],
                                                                            "Inner Unique": true,
                                                                            "Hash Cond": "(ci.role_id = rt.id)",
                                                                            "Workers": [
                                                                                {
                                                                                    "Worker Number": 0,
                                                                                    "Actual Startup Time": 95.162,
                                                                                    "Actual Total Time": 181.341,
                                                                                    "Actual Rows": 1956,
                                                                                    "Actual Loops": 1
                                                                                },
                                                                                {
                                                                                    "Worker Number": 1,
                                                                                    "Actual Startup Time": 102.225,
                                                                                    "Actual Total Time": 196.222,
                                                                                    "Actual Rows": 3,
                                                                                    "Actual Loops": 1
                                                                                },
                                                                                {
                                                                                    "Worker Number": 2,
                                                                                    "Actual Startup Time": 94.55,
                                                                                    "Actual Total Time": 196.208,
                                                                                    "Actual Rows": 7,
                                                                                    "Actual Loops": 1
                                                                                },
                                                                                {
                                                                                    "Worker Number": 3,
                                                                                    "Actual Startup Time": 197.064,
                                                                                    "Actual Total Time": 197.068,
                                                                                    "Actual Rows": 0,
                                                                                    "Actual Loops": 1
                                                                                }
                                                                            ],
                                                                            "Plans": [
                                                                                {
                                                                                    "Node Type": "Nested Loop",
                                                                                    "Parent Relationship": "Outer",
                                                                                    "Parallel Aware": false,
                                                                                    "Join Type": "Inner",
                                                                                    "Startup Cost": 0.99,
                                                                                    "Total Cost": 71607.71,
                                                                                    "Plan Rows": 42,
                                                                                    "Plan Width": 27,
                                                                                    "Actual Startup Time": 98.046,
                                                                                    "Actual Total Time": 194.472,
                                                                                    "Actual Rows": 411,
                                                                                    "Actual Loops": 5,
                                                                                    "Output": [
                                                                                        "ci.movie_id",
                                                                                        "ci.role_id",
                                                                                        "ci.person_role_id",
                                                                                        "n.name"
                                                                                    ],
                                                                                    "Inner Unique": false,
                                                                                    "Join Filter": "(n.id = ci.person_id)",
                                                                                    "Rows Removed by Join Filter": 0,
                                                                                    "Workers": [
                                                                                        {
                                                                                            "Worker Number": 0,
                                                                                            "Actual Startup Time": 94.939,
                                                                                            "Actual Total Time": 180.56,
                                                                                            "Actual Rows": 1960,
                                                                                            "Actual Loops": 1
                                                                                        },
                                                                                        {
                                                                                            "Worker Number": 1,
                                                                                            "Actual Startup Time": 101.984,
                                                                                            "Actual Total Time": 195.969,
                                                                                            "Actual Rows": 13,
                                                                                            "Actual Loops": 1
                                                                                        },
                                                                                        {
                                                                                            "Worker Number": 2,
                                                                                            "Actual Startup Time": 94.331,
                                                                                            "Actual Total Time": 195.978,
                                                                                            "Actual Rows": 23,
                                                                                            "Actual Loops": 1
                                                                                        },
                                                                                        {
                                                                                            "Worker Number": 3,
                                                                                            "Actual Startup Time": 88.063,
                                                                                            "Actual Total Time": 196.84,
                                                                                            "Actual Rows": 34,
                                                                                            "Actual Loops": 1
                                                                                        }
                                                                                    ],
                                                                                    "Plans": [
                                                                                        {
                                                                                            "Node Type": "Nested Loop",
                                                                                            "Parent Relationship": "Outer",
                                                                                            "Parallel Aware": false,
                                                                                            "Join Type": "Inner",
                                                                                            "Startup Cost": 0.42,
                                                                                            "Total Cost": 71538.77,
                                                                                            "Plan Rows": 5,
                                                                                            "Plan Width": 23,
                                                                                            "Actual Startup Time": 93.313,
                                                                                            "Actual Total Time": 192.385,
                                                                                            "Actual Rows": 25,
                                                                                            "Actual Loops": 5,
                                                                                            "Output": [
                                                                                                "an.person_id",
                                                                                                "n.name",
                                                                                                "n.id"
                                                                                            ],
                                                                                            "Inner Unique": false,
                                                                                            "Workers": [
                                                                                                {
                                                                                                    "Worker Number": 0,
                                                                                                    "Actual Startup Time": 94.781,
                                                                                                    "Actual Total Time": 177.312,
                                                                                                    "Actual Rows": 16,
                                                                                                    "Actual Loops": 1
                                                                                                },
                                                                                                {
                                                                                                    "Worker Number": 1,
                                                                                                    "Actual Startup Time": 90.243,
                                                                                                    "Actual Total Time": 193.92,
                                                                                                    "Actual Rows": 22,
                                                                                                    "Actual Loops": 1
                                                                                                },
                                                                                                {
                                                                                                    "Worker Number": 2,
                                                                                                    "Actual Startup Time": 92.19,
                                                                                                    "Actual Total Time": 194.498,
                                                                                                    "Actual Rows": 25,
                                                                                                    "Actual Loops": 1
                                                                                                },
                                                                                                {
                                                                                                    "Worker Number": 3,
                                                                                                    "Actual Startup Time": 87.878,
                                                                                                    "Actual Total Time": 194.715,
                                                                                                    "Actual Rows": 39,
                                                                                                    "Actual Loops": 1
                                                                                                }
                                                                                            ],
                                                                                            "Plans": [
                                                                                                {
                                                                                                    "Node Type": "Seq Scan",
                                                                                                    "Parent Relationship": "Outer",
                                                                                                    "Parallel Aware": true,
                                                                                                    "Relation Name": "name",
                                                                                                    "Schema": "public",
                                                                                                    "Alias": "n",
                                                                                                    "Startup Cost": 0.0,
                                                                                                    "Total Cost": 71241.41,
                                                                                                    "Plan Rows": 24,
                                                                                                    "Plan Width": 19,
                                                                                                    "Actual Startup Time": 90.217,
                                                                                                    "Actual Total Time": 190.416,
                                                                                                    "Actual Rows": 119,
                                                                                                    "Actual Loops": 5,
                                                                                                    "Output": [
                                                                                                        "n.id",
                                                                                                        "n.name",
                                                                                                        "n.imdb_index",
                                                                                                        "n.imdb_id",
                                                                                                        "n.gender",
                                                                                                        "n.name_pcode_cf",
                                                                                                        "n.name_pcode_nf",
                                                                                                        "n.surname_pcode",
                                                                                                        "n.md5sum"
                                                                                                    ],
                                                                                                    "Filter": "((n.name ~~ '%Terri%'::text) AND ((n.gender)::text = 'f'::text))",
                                                                                                    "Rows Removed by Filter": 833379,
                                                                                                    "Workers": [
                                                                                                        {
                                                                                                            "Worker Number": 0,
                                                                                                            "Actual Startup Time": 87.337,
                                                                                                            "Actual Total Time": 175.841,
                                                                                                            "Actual Rows": 71,
                                                                                                            "Actual Loops": 1
                                                                                                        },
                                                                                                        {
                                                                                                            "Worker Number": 1,
                                                                                                            "Actual Startup Time": 88.351,
                                                                                                            "Actual Total Time": 191.84,
                                                                                                            "Actual Rows": 105,
                                                                                                            "Actual Loops": 1
                                                                                                        },
                                                                                                        {
                                                                                                            "Worker Number": 2,
                                                                                                            "Actual Startup Time": 87.57,
                                                                                                            "Actual Total Time": 192.363,
                                                                                                            "Actual Rows": 144,
                                                                                                            "Actual Loops": 1
                                                                                                        },
                                                                                                        {
                                                                                                            "Worker Number": 3,
                                                                                                            "Actual Startup Time": 87.737,
                                                                                                            "Actual Total Time": 192.191,
                                                                                                            "Actual Rows": 186,
                                                                                                            "Actual Loops": 1
                                                                                                        }
                                                                                                    ]
                                                                                                },
                                                                                                {
                                                                                                    "Node Type": "Index Only Scan",
                                                                                                    "Parent Relationship": "Inner",
                                                                                                    "Parallel Aware": false,
                                                                                                    "Scan Direction": "Forward",
                                                                                                    "Index Name": "person_id_aka_name",
                                                                                                    "Relation Name": "aka_name",
                                                                                                    "Schema": "public",
                                                                                                    "Alias": "an",
                                                                                                    "Startup Cost": 0.42,
                                                                                                    "Total Cost": 12.37,
                                                                                                    "Plan Rows": 2,
                                                                                                    "Plan Width": 4,
                                                                                                    "Actual Startup Time": 0.015,
                                                                                                    "Actual Total Time": 0.016,
                                                                                                    "Actual Rows": 0,
                                                                                                    "Actual Loops": 597,
                                                                                                    "Output": [
                                                                                                        "an.person_id"
                                                                                                    ],
                                                                                                    "Index Cond": "(an.person_id = n.id)",
                                                                                                    "Rows Removed by Index Recheck": 0,
                                                                                                    "Heap Fetches": 126,
                                                                                                    "Workers": [
                                                                                                        {
                                                                                                            "Worker Number": 0,
                                                                                                            "Actual Startup Time": 0.019,
                                                                                                            "Actual Total Time": 0.02,
                                                                                                            "Actual Rows": 0,
                                                                                                            "Actual Loops": 71
                                                                                                        },
                                                                                                        {
                                                                                                            "Worker Number": 1,
                                                                                                            "Actual Startup Time": 0.019,
                                                                                                            "Actual Total Time": 0.019,
                                                                                                            "Actual Rows": 0,
                                                                                                            "Actual Loops": 105
                                                                                                        },
                                                                                                        {
                                                                                                            "Worker Number": 2,
                                                                                                            "Actual Startup Time": 0.014,
                                                                                                            "Actual Total Time": 0.014,
                                                                                                            "Actual Rows": 0,
                                                                                                            "Actual Loops": 144
                                                                                                        },
                                                                                                        {
                                                                                                            "Worker Number": 3,
                                                                                                            "Actual Startup Time": 0.013,
                                                                                                            "Actual Total Time": 0.013,
                                                                                                            "Actual Rows": 0,
                                                                                                            "Actual Loops": 186
                                                                                                        }
                                                                                                    ]
                                                                                                }
                                                                                            ]
                                                                                        },
                                                                                        {
                                                                                            "Node Type": "Index Scan",
                                                                                            "Parent Relationship": "Inner",
                                                                                            "Parallel Aware": false,
                                                                                            "Scan Direction": "Forward",
                                                                                            "Index Name": "person_id_cast_info",
                                                                                            "Relation Name": "cast_info",
                                                                                            "Schema": "public",
                                                                                            "Alias": "ci",
                                                                                            "Startup Cost": 0.56,
                                                                                            "Total Cost": 13.29,
                                                                                            "Plan Rows": 40,
                                                                                            "Plan Width": 16,
                                                                                            "Actual Startup Time": 0.062,
                                                                                            "Actual Total Time": 0.078,
                                                                                            "Actual Rows": 16,
                                                                                            "Actual Loops": 126,
                                                                                            "Output": [
                                                                                                "ci.id",
                                                                                                "ci.person_id",
                                                                                                "ci.movie_id",
                                                                                                "ci.person_role_id",
                                                                                                "ci.note",
                                                                                                "ci.nr_order",
                                                                                                "ci.role_id"
                                                                                            ],
                                                                                            "Index Cond": "(ci.person_id = an.person_id)",
                                                                                            "Rows Removed by Index Recheck": 0,
                                                                                            "Filter": "(ci.note = ANY ('{(producer),(voice),\"(executive producer)\",\"(as Terri Colombino)\"}'::text[]))",
                                                                                            "Rows Removed by Filter": 37,
                                                                                            "Workers": [
                                                                                                {
                                                                                                    "Worker Number": 0,
                                                                                                    "Actual Startup Time": 0.08,
                                                                                                    "Actual Total Time": 0.177,
                                                                                                    "Actual Rows": 122,
                                                                                                    "Actual Loops": 16
                                                                                                },
                                                                                                {
                                                                                                    "Worker Number": 1,
                                                                                                    "Actual Startup Time": 0.083,
                                                                                                    "Actual Total Time": 0.092,
                                                                                                    "Actual Rows": 1,
                                                                                                    "Actual Loops": 22
                                                                                                },
                                                                                                {
                                                                                                    "Worker Number": 2,
                                                                                                    "Actual Startup Time": 0.055,
                                                                                                    "Actual Total Time": 0.058,
                                                                                                    "Actual Rows": 1,
                                                                                                    "Actual Loops": 25
                                                                                                },
                                                                                                {
                                                                                                    "Worker Number": 3,
                                                                                                    "Actual Startup Time": 0.051,
                                                                                                    "Actual Total Time": 0.054,
                                                                                                    "Actual Rows": 1,
                                                                                                    "Actual Loops": 39
                                                                                                }
                                                                                            ]
                                                                                        }
                                                                                    ]
                                                                                },
                                                                                {
                                                                                    "Node Type": "Hash",
                                                                                    "Parent Relationship": "Inner",
                                                                                    "Parallel Aware": false,
                                                                                    "Startup Cost": 1.15,
                                                                                    "Total Cost": 1.15,
                                                                                    "Plan Rows": 1,
                                                                                    "Plan Width": 4,
                                                                                    "Actual Startup Time": 0.041,
                                                                                    "Actual Total Time": 0.042,
                                                                                    "Actual Rows": 1,
                                                                                    "Actual Loops": 5,
                                                                                    "Output": [
                                                                                        "rt.id"
                                                                                    ],
                                                                                    "Hash Buckets": 1024,
                                                                                    "Original Hash Buckets": 1024,
                                                                                    "Hash Batches": 1,
                                                                                    "Original Hash Batches": 1,
                                                                                    "Peak Memory Usage": 9,
                                                                                    "Workers": [
                                                                                        {
                                                                                            "Worker Number": 0,
                                                                                            "Actual Startup Time": 0.042,
                                                                                            "Actual Total Time": 0.043,
                                                                                            "Actual Rows": 1,
                                                                                            "Actual Loops": 1
                                                                                        },
                                                                                        {
                                                                                            "Worker Number": 1,
                                                                                            "Actual Startup Time": 0.048,
                                                                                            "Actual Total Time": 0.05,
                                                                                            "Actual Rows": 1,
                                                                                            "Actual Loops": 1
                                                                                        },
                                                                                        {
                                                                                            "Worker Number": 2,
                                                                                            "Actual Startup Time": 0.043,
                                                                                            "Actual Total Time": 0.044,
                                                                                            "Actual Rows": 1,
                                                                                            "Actual Loops": 1
                                                                                        },
                                                                                        {
                                                                                            "Worker Number": 3,
                                                                                            "Actual Startup Time": 0.043,
                                                                                            "Actual Total Time": 0.044,
                                                                                            "Actual Rows": 1,
                                                                                            "Actual Loops": 1
                                                                                        }
                                                                                    ],
                                                                                    "Plans": [
                                                                                        {
                                                                                            "Node Type": "Seq Scan",
                                                                                            "Parent Relationship": "Outer",
                                                                                            "Parallel Aware": false,
                                                                                            "Relation Name": "role_type",
                                                                                            "Schema": "public",
                                                                                            "Alias": "rt",
                                                                                            "Startup Cost": 0.0,
                                                                                            "Total Cost": 1.15,
                                                                                            "Plan Rows": 1,
                                                                                            "Plan Width": 4,
                                                                                            "Actual Startup Time": 0.027,
                                                                                            "Actual Total Time": 0.029,
                                                                                            "Actual Rows": 1,
                                                                                            "Actual Loops": 5,
                                                                                            "Output": [
                                                                                                "rt.id"
                                                                                            ],
                                                                                            "Filter": "((rt.role)::text = 'actress'::text)",
                                                                                            "Rows Removed by Filter": 11,
                                                                                            "Workers": [
                                                                                                {
                                                                                                    "Worker Number": 0,
                                                                                                    "Actual Startup Time": 0.03,
                                                                                                    "Actual Total Time": 0.032,
                                                                                                    "Actual Rows": 1,
                                                                                                    "Actual Loops": 1
                                                                                                },
                                                                                                {
                                                                                                    "Worker Number": 1,
                                                                                                    "Actual Startup Time": 0.035,
                                                                                                    "Actual Total Time": 0.038,
                                                                                                    "Actual Rows": 1,
                                                                                                    "Actual Loops": 1
                                                                                                },
                                                                                                {
                                                                                                    "Worker Number": 2,
                                                                                                    "Actual Startup Time": 0.031,
                                                                                                    "Actual Total Time": 0.032,
                                                                                                    "Actual Rows": 1,
                                                                                                    "Actual Loops": 1
                                                                                                },
                                                                                                {
                                                                                                    "Worker Number": 3,
                                                                                                    "Actual Startup Time": 0.031,
                                                                                                    "Actual Total Time": 0.032,
                                                                                                    "Actual Rows": 1,
                                                                                                    "Actual Loops": 1
                                                                                                }
                                                                                            ]
                                                                                        }
                                                                                    ]
                                                                                }
                                                                            ]
                                                                        },
                                                                        {
                                                                            "Node Type": "Index Scan",
                                                                            "Parent Relationship": "Inner",
                                                                            "Parallel Aware": false,
                                                                            "Scan Direction": "Forward",
                                                                            "Index Name": "title_pkey",
                                                                            "Relation Name": "title",
                                                                            "Schema": "public",
                                                                            "Alias": "t",
                                                                            "Startup Cost": 0.43,
                                                                            "Total Cost": 0.51,
                                                                            "Plan Rows": 1,
                                                                            "Plan Width": 21,
                                                                            "Actual Startup Time": 0.005,
                                                                            "Actual Total Time": 0.005,
                                                                            "Actual Rows": 1,
                                                                            "Actual Loops": 1986,
                                                                            "Output": [
                                                                                "t.id",
                                                                                "t.title",
                                                                                "t.imdb_index",
                                                                                "t.kind_id",
                                                                                "t.production_year",
                                                                                "t.imdb_id",
                                                                                "t.phonetic_code",
                                                                                "t.episode_of_id",
                                                                                "t.season_nr",
                                                                                "t.episode_nr",
                                                                                "t.series_years",
                                                                                "t.md5sum"
                                                                            ],
                                                                            "Index Cond": "(t.id = ci.movie_id)",
                                                                            "Rows Removed by Index Recheck": 0,
                                                                            "Filter": "((t.production_year >= 2001) AND (t.production_year <= 2008))",
                                                                            "Rows Removed by Filter": 0,
                                                                            "Workers": [
                                                                                {
                                                                                    "Worker Number": 0,
                                                                                    "Actual Startup Time": 0.004,
                                                                                    "Actual Total Time": 0.004,
                                                                                    "Actual Rows": 1,
                                                                                    "Actual Loops": 1956
                                                                                },
                                                                                {
                                                                                    "Worker Number": 1,
                                                                                    "Actual Startup Time": 0.06,
                                                                                    "Actual Total Time": 0.06,
                                                                                    "Actual Rows": 1,
                                                                                    "Actual Loops": 3
                                                                                },
                                                                                {
                                                                                    "Worker Number": 2,
                                                                                    "Actual Startup Time": 0.039,
                                                                                    "Actual Total Time": 0.039,
                                                                                    "Actual Rows": 0,
                                                                                    "Actual Loops": 7
                                                                                }
                                                                            ]
                                                                        }
                                                                    ]
                                                                },
                                                                {
                                                                    "Node Type": "Index Scan",
                                                                    "Parent Relationship": "Inner",
                                                                    "Parallel Aware": false,
                                                                    "Scan Direction": "Forward",
                                                                    "Index Name": "movie_id_movie_companies",
                                                                    "Relation Name": "movie_companies",
                                                                    "Schema": "public",
                                                                    "Alias": "mc",
                                                                    "Startup Cost": 0.43,
                                                                    "Total Cost": 0.58,
                                                                    "Plan Rows": 1,
                                                                    "Plan Width": 8,
                                                                    "Actual Startup Time": 0.003,
                                                                    "Actual Total Time": 0.003,
                                                                    "Actual Rows": 1,
                                                                    "Actual Loops": 1740,
                                                                    "Output": [
                                                                        "mc.id",
                                                                        "mc.movie_id",
                                                                        "mc.company_id",
                                                                        "mc.company_type_id",
                                                                        "mc.note"
                                                                    ],
                                                                    "Index Cond": "(mc.movie_id = ci.movie_id)",
                                                                    "Rows Removed by Index Recheck": 0,
                                                                    "Filter": "((mc.note IS NOT NULL) AND ((mc.note ~~ '%(USA)%'::text) OR (mc.note ~~ '%(worldwide)%'::text)))",
                                                                    "Rows Removed by Filter": 0,
                                                                    "Workers": [
                                                                        {
                                                                            "Worker Number": 0,
                                                                            "Actual Startup Time": 0.002,
                                                                            "Actual Total Time": 0.003,
                                                                            "Actual Rows": 1,
                                                                            "Actual Loops": 1726
                                                                        },
                                                                        {
                                                                            "Worker Number": 1,
                                                                            "Actual Startup Time": 0.045,
                                                                            "Actual Total Time": 0.046,
                                                                            "Actual Rows": 1,
                                                                            "Actual Loops": 2
                                                                        }
                                                                    ]
                                                                }
                                                            ]
                                                        }
                                                    ]
                                                },
                                                {
                                                    "Node Type": "Index Only Scan",
                                                    "Parent Relationship": "Inner",
                                                    "Parallel Aware": false,
                                                    "Scan Direction": "Forward",
                                                    "Index Name": "char_name_pkey",
                                                    "Relation Name": "char_name",
                                                    "Schema": "public",
                                                    "Alias": "chn",
                                                    "Startup Cost": 0.43,
                                                    "Total Cost": 0.51,
                                                    "Plan Rows": 1,
                                                    "Plan Width": 4,
                                                    "Actual Startup Time": 0.002,
                                                    "Actual Total Time": 0.002,
                                                    "Actual Rows": 1,
                                                    "Actual Loops": 1158,
                                                    "Output": [
                                                        "chn.id"
                                                    ],
                                                    "Index Cond": "(chn.id = ci.person_role_id)",
                                                    "Rows Removed by Index Recheck": 0,
                                                    "Heap Fetches": 1151
                                                }
                                            ]
                                        },
                                        {
                                            "Node Type": "Index Scan",
                                            "Parent Relationship": "Inner",
                                            "Parallel Aware": false,
                                            "Scan Direction": "Forward",
                                            "Index Name": "company_name_pkey",
                                            "Relation Name": "company_name",
                                            "Schema": "public",
                                            "Alias": "cn",
                                            "Startup Cost": 0.42,
                                            "Total Cost": 0.49,
                                            "Plan Rows": 1,
                                            "Plan Width": 4,
                                            "Actual Startup Time": 0.002,
                                            "Actual Total Time": 0.002,
                                            "Actual Rows": 1,
                                            "Actual Loops": 1151,
                                            "Output": [
                                                "cn.id",
                                                "cn.name",
                                                "cn.country_code",
                                                "cn.imdb_id",
                                                "cn.name_pcode_nf",
                                                "cn.name_pcode_sf",
                                                "cn.md5sum"
                                            ],
                                            "Index Cond": "(cn.id = mc.company_id)",
                                            "Rows Removed by Index Recheck": 0,
                                            "Filter": "((cn.country_code)::text = '[us]'::text)",
                                            "Rows Removed by Filter": 0
                                        }
                                    ]
                                },
                                {
                                    "Node Type": "Index Scan",
                                    "Parent Relationship": "Inner",
                                    "Parallel Aware": false,
                                    "Scan Direction": "Forward",
                                    "Index Name": "movie_id_movie_info",
                                    "Relation Name": "movie_info",
                                    "Schema": "public",
                                    "Alias": "mi",
                                    "Startup Cost": 0.43,
                                    "Total Cost": 1.65,
                                    "Plan Rows": 1,
                                    "Plan Width": 8,
                                    "Actual Startup Time": 0.003,
                                    "Actual Total Time": 0.004,
                                    "Actual Rows": 1,
                                    "Actual Loops": 1151,
                                    "Output": [
                                        "mi.id",
                                        "mi.movie_id",
                                        "mi.info_type_id",
                                        "mi.info",
                                        "mi.note"
                                    ],
                                    "Index Cond": "(mi.movie_id = ci.movie_id)",
                                    "Rows Removed by Index Recheck": 0,
                                    "Filter": "((mi.info IS NOT NULL) AND ((mi.info ~~ 'Japan:%200%'::text) OR (mi.info ~~ 'USA:%200%'::text)))",
                                    "Rows Removed by Filter": 0
                                }
                            ]
                        },
                        {
                            "Node Type": "Index Scan",
                            "Parent Relationship": "Inner",
                            "Parallel Aware": false,
                            "Scan Direction": "Forward",
                            "Index Name": "info_type_pkey",
                            "Relation Name": "info_type",
                            "Schema": "public",
                            "Alias": "it",
                            "Startup Cost": 0.14,
                            "Total Cost": 0.16,
                            "Plan Rows": 1,
                            "Plan Width": 4,
                            "Actual Startup Time": 0.001,
                            "Actual Total Time": 0.001,
                            "Actual Rows": 1,
                            "Actual Loops": 1288,
                            "Output": [
                                "it.id",
                                "it.info"
                            ],
                            "Index Cond": "(it.id = mi.info_type_id)",
                            "Rows Removed by Index Recheck": 0,
                            "Filter": "((it.info)::text = 'release dates'::text)",
                            "Rows Removed by Filter": 0
                        }
                    ]
                }
            ]
        },
        "Planning Time": 1425.066,
        "Triggers": [],
        "Execution Time": 239.348
    }
]