{
  "Plan": {
    "Node Type": "Aggregate",
    "Strategy": "Plain",
    "Partial Mode": "Finalize",
    "Parallel Aware": false,
    "Startup Cost": 229364.58,
    "Total Cost": 229364.59,
    "Plan Rows": 1,
    "Plan Width": 8,
    "Actual Startup Time": 229.363,
    "Actual Total Time": 241.078,
    "Actual Rows": 1,
    "Actual Loops": 1,
    "Plans": [
      {
        "Node Type": "Gather",
        "Parent Relationship": "Outer",
        "Parallel Aware": false,
        "Startup Cost": 229364.47,
        "Total Cost": 229364.58,
        "Plan Rows": 1,
        "Plan Width": 8,
        "Actual Startup Time": 228.486,
        "Actual Total Time": 241.069,
        "Actual Rows": 2,
        "Actual Loops": 1,
        "Workers Planned": 1,
        "Workers Launched": 1,
        "Single Copy": false,
        "Plans": [
          {
            "Node Type": "Aggregate",
            "Strategy": "Plain",
            "Partial Mode": "Partial",
            "Parent Relationship": "Outer",
            "Parallel Aware": false,
            "Startup Cost": 228364.47,
            "Total Cost": 228364.48,
            "Plan Rows": 1,
            "Plan Width": 8,
            "Actual Startup Time": 222.407,
            "Actual Total Time": 222.411,
            "Actual Rows": 1,
            "Actual Loops": 2,
            "Plans": [
              {
                "Node Type": "Hash Join",
                "Parent Relationship": "Outer",
                "Parallel Aware": true,
                "Join Type": "Inner",
                "Startup Cost": 63284.8,
                "Total Cost": 228337.5,
                "Plan Rows": 10789,
                "Plan Width": 0,
                "Actual Startup Time": 197.273,
                "Actual Total Time": 222.401,
                "Actual Rows": 29,
                "Actual Loops": 2,
                "Inner Unique": true,
                "Hash Cond": "(mi.movie_id = t.id)",
                "Plans": [
                  {
                    "Node Type": "Bitmap Heap Scan",
                    "Parent Relationship": "Outer",
                    "Parallel Aware": true,
                    "Relation Name": "movie_info",
                    "Alias": "mi",
                    "Startup Cost": 2584.16,
                    "Total Cost": 167416.95,
                    "Plan Rows": 83774,
                    "Plan Width": 4,
                    "Actual Startup Time": 7.269,
                    "Actual Total Time": 15.295,
                    "Actual Rows": 70032,
                    "Actual Loops": 2,
                    "Recheck Cond": "(info_type_id = 9)",
                    "Rows Removed by Index Recheck": 0,
                    "Exact Heap Blocks": 895,
                    "Lossy Heap Blocks": 0,
                    "Plans": [
                      {
                        "Node Type": "Bitmap Index Scan",
                        "Parent Relationship": "Outer",
                        "Parallel Aware": false,
                        "Index Name": "info_type_id_movie_info",
                        "Startup Cost": 0.0,
                        "Total Cost": 2548.55,
                        "Plan Rows": 142416,
                        "Plan Width": 0,
                        "Actual Startup Time": 6.996,
                        "Actual Total Time": 6.996,
                        "Actual Rows": 140065,
                        "Actual Loops": 1,
                        "Index Cond": "(info_type_id = 9)"
                      }
                    ]
                  },
                  {
                    "Node Type": "Hash",
                    "Parent Relationship": "Inner",
                    "Parallel Aware": true,
                    "Startup Cost": 58306.47,
                    "Total Cost": 58306.47,
                    "Plan Rows": 191534,
                    "Plan Width": 4,
                    "Actual Startup Time": 184.309,
                    "Actual Total Time": 184.31,
                    "Actual Rows": 174767,
                    "Actual Loops": 2,
                    "Hash Buckets": 524288,
                    "Original Hash Buckets": 524288,
                    "Hash Batches": 1,
                    "Original Hash Batches": 1,
                    "Peak Memory Usage": 17792,
                    "Plans": [
                      {
                        "Node Type": "Seq Scan",
                        "Parent Relationship": "Outer",
                        "Parallel Aware": true,
                        "Relation Name": "title",
                        "Alias": "t",
                        "Startup Cost": 0.0,
                        "Total Cost": 58306.47,
                        "Plan Rows": 191534,
                        "Plan Width": 4,
                        "Actual Startup Time": 0.031,
                        "Actual Total Time": 143.561,
                        "Actual Rows": 174767,
                        "Actual Loops": 2,
                        "Filter": "((production_year > 2009) AND (kind_id = 7))",
                        "Rows Removed by Filter": 1089389
                      }
                    ]
                  }
                ]
              }
            ]
          }
        ]
      }
    ]
  },
  "Planning Time": 0.792,
  "Triggers": [],
  "Execution Time": 241.17
}