[
  {
    "Plan": {
      "Node Type": "Aggregate",
      "Strategy": "Plain",
      "Partial Mode": "Finalize",
      "Parallel Aware": false,
      "Startup Cost": 92749.22,
      "Total Cost": 92749.23,
      "Plan Rows": 1,
      "Plan Width": 8,
      "Actual Startup Time": 369.783,
      "Actual Total Time": 387.534,
      "Actual Rows": 1,
      "Actual Loops": 1,
      "Plans": [
        {
          "Node Type": "Gather",
          "Parent Relationship": "Outer",
          "Parallel Aware": false,
          "Startup Cost": 92748.9,
          "Total Cost": 92749.21,
          "Plan Rows": 3,
          "Plan Width": 8,
          "Actual Startup Time": 368.446,
          "Actual Total Time": 387.523,
          "Actual Rows": 4,
          "Actual Loops": 1,
          "Workers Planned": 3,
          "Workers Launched": 3,
          "Single Copy": false,
          "Plans": [
            {
              "Node Type": "Aggregate",
              "Strategy": "Plain",
              "Partial Mode": "Partial",
              "Parent Relationship": "Outer",
              "Parallel Aware": false,
              "Startup Cost": 91748.9,
              "Total Cost": 91748.91,
              "Plan Rows": 1,
              "Plan Width": 8,
              "Actual Startup Time": 359.593,
              "Actual Total Time": 359.704,
              "Actual Rows": 1,
              "Actual Loops": 4,
              "Plans": [
                {
                  "Node Type": "Hash Join",
                  "Parent Relationship": "Outer",
                  "Parallel Aware": true,
                  "Join Type": "Inner",
                  "Startup Cost": 45651.47,
                  "Total Cost": 91679.65,
                  "Plan Rows": 27698,
                  "Plan Width": 0,
                  "Actual Startup Time": 167.424,
                  "Actual Total Time": 352.366,
                  "Actual Rows": 143545,
                  "Actual Loops": 4,
                  "Inner Unique": true,
                  "Hash Cond": "(mk.movie_id = t.id)",
                  "Plans": [
                    {
                      "Node Type": "Seq Scan",
                      "Parent Relationship": "Outer",
                      "Parallel Aware": true,
                      "Relation Name": "movie_keyword",
                      "Alias": "mk",
                      "Startup Cost": 0.0,
                      "Total Cost": 42695.65,
                      "Plan Rows": 1269530,
                      "Plan Width": 4,
                      "Actual Startup Time": 0.049,
                      "Actual Total Time": 131.173,
                      "Actual Rows": 980233,
                      "Actual Loops": 4,
                      "Filter": "(keyword_id > 446)",
                      "Rows Removed by Filter": 150750
                    },
                    {
                      "Node Type": "Hash",
                      "Parent Relationship": "Inner",
                      "Parallel Aware": true,
                      "Startup Cost": 45479.1,
                      "Total Cost": 45479.1,
                      "Plan Rows": 13790,
                      "Plan Width": 4,
                      "Actual Startup Time": 123.554,
                      "Actual Total Time": 123.556,
                      "Actual Rows": 45794,
                      "Actual Loops": 4,
                      "Hash Buckets": 262144,
                      "Original Hash Buckets": 65536,
                      "Hash Batches": 1,
                      "Original Hash Batches": 1,
                      "Peak Memory Usage": 10816,
                      "Plans": [
                        {
                          "Node Type": "Seq Scan",
                          "Parent Relationship": "Outer",
                          "Parallel Aware": true,
                          "Relation Name": "title",
                          "Alias": "t",
                          "Startup Cost": 0.0,
                          "Total Cost": 45479.1,
                          "Plan Rows": 13790,
                          "Plan Width": 4,
                          "Actual Startup Time": 62.53,
                          "Actual Total Time": 103.629,
                          "Actual Rows": 45794,
                          "Actual Loops": 4,
                          "Filter": "((production_year < 1958) AND (kind_id = 1))",
                          "Rows Removed by Filter": 586284
                        }
                      ]
                    }
                  ]
                }
              ]
            }
          ]
        }
      ]
    },
    "Planning Time": 0.665,
    "Triggers": [],
    "Execution Time": 387.605
  }
]