[
  {
    "Plan": {
      "Node Type": "Aggregate",
      "Strategy": "Plain",
      "Partial Mode": "Finalize",
      "Parallel Aware": false,
      "Startup Cost": 47299.22,
      "Total Cost": 47299.23,
      "Plan Rows": 1,
      "Plan Width": 8,
      "Actual Startup Time": 183.978,
      "Actual Total Time": 193.745,
      "Actual Rows": 1,
      "Actual Loops": 1,
      "Plans": [
        {
          "Node Type": "Gather",
          "Parent Relationship": "Outer",
          "Parallel Aware": false,
          "Startup Cost": 47298.91,
          "Total Cost": 47299.22,
          "Plan Rows": 3,
          "Plan Width": 8,
          "Actual Startup Time": 183.851,
          "Actual Total Time": 193.736,
          "Actual Rows": 4,
          "Actual Loops": 1,
          "Workers Planned": 3,
          "Workers Launched": 3,
          "Single Copy": false,
          "Plans": [
            {
              "Node Type": "Aggregate",
              "Strategy": "Plain",
              "Partial Mode": "Partial",
              "Parent Relationship": "Outer",
              "Parallel Aware": false,
              "Startup Cost": 46298.91,
              "Total Cost": 46298.92,
              "Plan Rows": 1,
              "Plan Width": 8,
              "Actual Startup Time": 177.886,
              "Actual Total Time": 177.887,
              "Actual Rows": 1,
              "Actual Loops": 4,
              "Plans": [
                {
                  "Node Type": "Seq Scan",
                  "Parent Relationship": "Outer",
                  "Parallel Aware": true,
                  "Relation Name": "movie_keyword",
                  "Alias": "mk",
                  "Startup Cost": 0.0,
                  "Total Cost": 42695.65,
                  "Plan Rows": 1441301,
                  "Plan Width": 0,
                  "Actual Startup Time": 0.051,
                  "Actual Total Time": 127.794,
                  "Actual Rows": 1118477,
                  "Actual Loops": 4,
                  "Filter": "(keyword_id > 50)",
                  "Rows Removed by Filter": 12505
                }
              ]
            }
          ]
        }
      ]
    },
    "Planning Time": 0.253,
    "Triggers": [],
    "Execution Time": 193.8
  }
]