[
  {
    "Plan": {
      "Node Type": "Aggregate",
      "Strategy": "Plain",
      "Partial Mode": "Finalize",
      "Parallel Aware": false,
      "Startup Cost": 350657.72,
      "Total Cost": 350657.73,
      "Plan Rows": 1,
      "Plan Width": 8,
      "Actual Startup Time": 766.25,
      "Actual Total Time": 825.726,
      "Actual Rows": 1,
      "Actual Loops": 1,
      "Plans": [
        {
          "Node Type": "Gather",
          "Parent Relationship": "Outer",
          "Parallel Aware": false,
          "Startup Cost": 350657.09,
          "Total Cost": 350657.7,
          "Plan Rows": 6,
          "Plan Width": 8,
          "Actual Startup Time": 766.116,
          "Actual Total Time": 825.716,
          "Actual Rows": 7,
          "Actual Loops": 1,
          "Workers Planned": 6,
          "Workers Launched": 6,
          "Single Copy": false,
          "Plans": [
            {
              "Node Type": "Aggregate",
              "Strategy": "Plain",
              "Partial Mode": "Partial",
              "Parent Relationship": "Outer",
              "Parallel Aware": false,
              "Startup Cost": 349657.09,
              "Total Cost": 349657.1,
              "Plan Rows": 1,
              "Plan Width": 8,
              "Actual Startup Time": 755.426,
              "Actual Total Time": 755.427,
              "Actual Rows": 1,
              "Actual Loops": 7,
              "Plans": [
                {
                  "Node Type": "Seq Scan",
                  "Parent Relationship": "Outer",
                  "Parallel Aware": true,
                  "Relation Name": "cast_info",
                  "Alias": "ci",
                  "Startup Cost": 0.0,
                  "Total Cost": 343257.03,
                  "Plan Rows": 2560026,
                  "Plan Width": 0,
                  "Actual Startup Time": 0.054,
                  "Actual Total Time": 651.568,
                  "Actual Rows": 2418170,
                  "Actual Loops": 7,
                  "Filter": "((person_id < 1751350) AND (role_id < 10))",
                  "Rows Removed by Filter": 2759593
                }
              ]
            }
          ]
        }
      ]
    },
    "Planning Time": 0.224,
    "Triggers": [],
    "Execution Time": 825.802
  }
]