{
    "Plan": {
        "Node Type": "Aggregate",
        "Strategy": "Plain",
        "Partial Mode": "Finalize",
        "Parallel Aware": false,
        "Startup Cost": 45408.0,
        "Total Cost": 45408.01,
        "Plan Rows": 1,
        "Plan Width": 8,
        "Actual Startup Time": 258.676,
        "Actual Total Time": 272.417,
        "Actual Rows": 1,
        "Actual Loops": 1,
        "Output": [
            "count(*)"
        ],
        "Plans": [
            {
                "Node Type": "Gather",
                "Parent Relationship": "Outer",
                "Parallel Aware": false,
                "Startup Cost": 45407.68,
                "Total Cost": 45407.99,
                "Plan Rows": 3,
                "Plan Width": 8,
                "Actual Startup Time": 258.409,
                "Actual Total Time": 272.405,
                "Actual Rows": 4,
                "Actual Loops": 1,
                "Output": [
                    "(PARTIAL count(*))"
                ],
                "Workers Planned": 3,
                "Workers Launched": 3,
                "Single Copy": false,
                "Plans": [
                    {
                        "Node Type": "Aggregate",
                        "Strategy": "Plain",
                        "Partial Mode": "Partial",
                        "Parent Relationship": "Outer",
                        "Parallel Aware": false,
                        "Startup Cost": 44407.68,
                        "Total Cost": 44407.69,
                        "Plan Rows": 1,
                        "Plan Width": 8,
                        "Actual Startup Time": 248.194,
                        "Actual Total Time": 248.196,
                        "Actual Rows": 1,
                        "Actual Loops": 4,
                        "Output": [
                            "PARTIAL count(*)"
                        ],
                        "Workers": [
                            {
                                "Worker Number": 0,
                                "Actual Startup Time": 245.35,
                                "Actual Total Time": 245.352,
                                "Actual Rows": 1,
                                "Actual Loops": 1
                            },
                            {
                                "Worker Number": 1,
                                "Actual Startup Time": 244.504,
                                "Actual Total Time": 244.506,
                                "Actual Rows": 1,
                                "Actual Loops": 1
                            },
                            {
                                "Worker Number": 2,
                                "Actual Startup Time": 245.521,
                                "Actual Total Time": 245.522,
                                "Actual Rows": 1,
                                "Actual Loops": 1
                            }
                        ],
                        "Plans": [
                            {
                                "Node Type": "Seq Scan",
                                "Parent Relationship": "Outer",
                                "Parallel Aware": true,
                                "Relation Name": "movie_keyword",
                                "Schema": "public",
                                "Alias": "mk",
                                "Startup Cost": 0.0,
                                "Total Cost": 42695.65,
                                "Plan Rows": 684811,
                                "Plan Width": 0,
                                "Actual Startup Time": 1.335,
                                "Actual Total Time": 205.387,
                                "Actual Rows": 528546,
                                "Actual Loops": 4,
                                "Output": [
                                    "id",
                                    "movie_id",
                                    "keyword_id"
                                ],
                                "Filter": "(mk.keyword_id > 5639)",
                                "Rows Removed by Filter": 602436,
                                "Workers": [
                                    {
                                        "Worker Number": 0,
                                        "Actual Startup Time": 0.054,
                                        "Actual Total Time": 202.596,
                                        "Actual Rows": 469051,
                                        "Actual Loops": 1
                                    },
                                    {
                                        "Worker Number": 1,
                                        "Actual Startup Time": 0.099,
                                        "Actual Total Time": 201.734,
                                        "Actual Rows": 601279,
                                        "Actual Loops": 1
                                    },
                                    {
                                        "Worker Number": 2,
                                        "Actual Startup Time": 0.063,
                                        "Actual Total Time": 203.367,
                                        "Actual Rows": 607100,
                                        "Actual Loops": 1
                                    }
                                ]
                            }
                        ]
                    }
                ]
            }
        ]
    },
    "Planning Time": 1.985,
    "Triggers": [],
    "Execution Time": 272.716
}