[
  {
    "Plan": {
      "Node Type": "Aggregate",
      "Strategy": "Plain",
      "Partial Mode": "Finalize",
      "Parallel Aware": false,
      "Startup Cost": 46735.82,
      "Total Cost": 46735.83,
      "Plan Rows": 1,
      "Plan Width": 8,
      "Actual Startup Time": 160.13,
      "Actual Total Time": 171.045,
      "Actual Rows": 1,
      "Actual Loops": 1,
      "Plans": [
        {
          "Node Type": "Gather",
          "Parent Relationship": "Outer",
          "Parallel Aware": false,
          "Startup Cost": 46735.5,
          "Total Cost": 46735.81,
          "Plan Rows": 3,
          "Plan Width": 8,
          "Actual Startup Time": 160.023,
          "Actual Total Time": 171.036,
          "Actual Rows": 4,
          "Actual Loops": 1,
          "Workers Planned": 3,
          "Workers Launched": 3,
          "Single Copy": false,
          "Plans": [
            {
              "Node Type": "Aggregate",
              "Strategy": "Plain",
              "Partial Mode": "Partial",
              "Parent Relationship": "Outer",
              "Parallel Aware": false,
              "Startup Cost": 45735.5,
              "Total Cost": 45735.51,
              "Plan Rows": 1,
              "Plan Width": 8,
              "Actual Startup Time": 154.92,
              "Actual Total Time": 154.921,
              "Actual Rows": 1,
              "Actual Loops": 4,
              "Plans": [
                {
                  "Node Type": "Seq Scan",
                  "Parent Relationship": "Outer",
                  "Parallel Aware": true,
                  "Relation Name": "movie_keyword",
                  "Alias": "mk",
                  "Startup Cost": 0.0,
                  "Total Cost": 42695.65,
                  "Plan Rows": 1215940,
                  "Plan Width": 0,
                  "Actual Startup Time": 0.037,
                  "Actual Total Time": 115.91,
                  "Actual Rows": 944780,
                  "Actual Loops": 4,
                  "Filter": "(keyword_id < 25187)",
                  "Rows Removed by Filter": 186202
                }
              ]
            }
          ]
        }
      ]
    },
    "Planning Time": 0.111,
    "Triggers": [],
    "Execution Time": 171.088
  }
]