[
    {
        "Bao": {
            "Bao prediction": "NaN",
            "Bao recommended hint": "(no hint)"
        }
    },
    {
        "Plan": {
            "Node Type": "Aggregate",
            "Strategy": "Plain",
            "Partial Mode": "Finalize",
            "Parallel Aware": false,
            "Startup Cost": 126208.68,
            "Total Cost": 126208.69,
            "Plan Rows": 1,
            "Plan Width": 8,
            "Actual Startup Time": 187.021,
            "Actual Total Time": 209.167,
            "Actual Rows": 1,
            "Actual Loops": 1,
            "Output": [
                "count(*)"
            ],
            "Plans": [
                {
                    "Node Type": "Gather",
                    "Parent Relationship": "Outer",
                    "Parallel Aware": false,
                    "Startup Cost": 126208.26,
                    "Total Cost": 126208.67,
                    "Plan Rows": 4,
                    "Plan Width": 8,
                    "Actual Startup Time": 186.838,
                    "Actual Total Time": 209.162,
                    "Actual Rows": 5,
                    "Actual Loops": 1,
                    "Output": [
                        "(PARTIAL count(*))"
                    ],
                    "Workers Planned": 4,
                    "Workers Launched": 4,
                    "Single Copy": false,
                    "Plans": [
                        {
                            "Node Type": "Aggregate",
                            "Strategy": "Plain",
                            "Partial Mode": "Partial",
                            "Parent Relationship": "Outer",
                            "Parallel Aware": false,
                            "Startup Cost": 125208.26,
                            "Total Cost": 125208.27,
                            "Plan Rows": 1,
                            "Plan Width": 8,
                            "Actual Startup Time": 176.781,
                            "Actual Total Time": 176.784,
                            "Actual Rows": 1,
                            "Actual Loops": 5,
                            "Output": [
                                "PARTIAL count(*)"
                            ],
                            "Workers": [
                                {
                                    "Worker Number": 0,
                                    "Actual Startup Time": 174.063,
                                    "Actual Total Time": 174.065,
                                    "Actual Rows": 1,
                                    "Actual Loops": 1
                                },
                                {
                                    "Worker Number": 1,
                                    "Actual Startup Time": 174.105,
                                    "Actual Total Time": 174.107,
                                    "Actual Rows": 1,
                                    "Actual Loops": 1
                                },
                                {
                                    "Worker Number": 2,
                                    "Actual Startup Time": 174.385,
                                    "Actual Total Time": 174.388,
                                    "Actual Rows": 1,
                                    "Actual Loops": 1
                                },
                                {
                                    "Worker Number": 3,
                                    "Actual Startup Time": 174.839,
                                    "Actual Total Time": 174.842,
                                    "Actual Rows": 1,
                                    "Actual Loops": 1
                                }
                            ],
                            "Plans": [
                                {
                                    "Node Type": "Nested Loop",
                                    "Parent Relationship": "Outer",
                                    "Parallel Aware": false,
                                    "Join Type": "Inner",
                                    "Startup Cost": 1802.06,
                                    "Total Cost": 125090.29,
                                    "Plan Rows": 47186,
                                    "Plan Width": 0,
                                    "Actual Startup Time": 2.942,
                                    "Actual Total Time": 168.906,
                                    "Actual Rows": 125183,
                                    "Actual Loops": 5,
                                    "Inner Unique": false,
                                    "Join Filter": "(t.id = ci.movie_id)",
                                    "Rows Removed by Join Filter": 0,
                                    "Workers": [
                                        {
                                            "Worker Number": 0,
                                            "Actual Startup Time": 1.22,
                                            "Actual Total Time": 166.918,
                                            "Actual Rows": 82273,
                                            "Actual Loops": 1
                                        },
                                        {
                                            "Worker Number": 1,
                                            "Actual Startup Time": 1.648,
                                            "Actual Total Time": 166.731,
                                            "Actual Rows": 85345,
                                            "Actual Loops": 1
                                        },
                                        {
                                            "Worker Number": 2,
                                            "Actual Startup Time": 1.489,
                                            "Actual Total Time": 167.717,
                                            "Actual Rows": 110522,
                                            "Actual Loops": 1
                                        },
                                        {
                                            "Worker Number": 3,
                                            "Actual Startup Time": 0.961,
                                            "Actual Total Time": 167.542,
                                            "Actual Rows": 83515,
                                            "Actual Loops": 1
                                        }
                                    ],
                                    "Plans": [
                                        {
                                            "Node Type": "Nested Loop",
                                            "Parent Relationship": "Outer",
                                            "Parallel Aware": false,
                                            "Join Type": "Inner",
                                            "Startup Cost": 1801.5,
                                            "Total Cost": 119076.71,
                                            "Plan Rows": 3291,
                                            "Plan Width": 8,
                                            "Actual Startup Time": 2.693,
                                            "Actual Total Time": 40.992,
                                            "Actual Rows": 4497,
                                            "Actual Loops": 5,
                                            "Output": [
                                                "t.id",
                                                "mi.movie_id"
                                            ],
                                            "Inner Unique": false,
                                            "Workers": [
                                                {
                                                    "Worker Number": 0,
                                                    "Actual Startup Time": 0.926,
                                                    "Actual Total Time": 42.082,
                                                    "Actual Rows": 3193,
                                                    "Actual Loops": 1
                                                },
                                                {
                                                    "Worker Number": 1,
                                                    "Actual Startup Time": 1.313,
                                                    "Actual Total Time": 40.386,
                                                    "Actual Rows": 3087,
                                                    "Actual Loops": 1
                                                },
                                                {
                                                    "Worker Number": 2,
                                                    "Actual Startup Time": 1.267,
                                                    "Actual Total Time": 42.278,
                                                    "Actual Rows": 4289,
                                                    "Actual Loops": 1
                                                },
                                                {
                                                    "Worker Number": 3,
                                                    "Actual Startup Time": 0.585,
                                                    "Actual Total Time": 40.892,
                                                    "Actual Rows": 3037,
                                                    "Actual Loops": 1
                                                }
                                            ],
                                            "Plans": [
                                                {
                                                    "Node Type": "Bitmap Heap Scan",
                                                    "Parent Relationship": "Outer",
                                                    "Parallel Aware": true,
                                                    "Relation Name": "title",
                                                    "Schema": "public",
                                                    "Alias": "t",
                                                    "Startup Cost": 1801.06,
                                                    "Total Cost": 38177.05,
                                                    "Plan Rows": 664,
                                                    "Plan Width": 4,
                                                    "Actual Startup Time": 2.52,
                                                    "Actual Total Time": 14.967,
                                                    "Actual Rows": 608,
                                                    "Actual Loops": 5,
                                                    "Output": [
                                                        "t.id",
                                                        "t.title",
                                                        "t.imdb_index",
                                                        "t.kind_id",
                                                        "t.production_year",
                                                        "t.imdb_id",
                                                        "t.phonetic_code",
                                                        "t.episode_of_id",
                                                        "t.season_nr",
                                                        "t.episode_nr",
                                                        "t.series_years",
                                                        "t.md5sum"
                                                    ],
                                                    "Recheck Cond": "(t.kind_id = 3)",
                                                    "Rows Removed by Index Recheck": 0,
                                                    "Filter": "(t.production_year = 2002)",
                                                    "Rows Removed by Filter": 19499,
                                                    "Exact Heap Blocks": 5085,
                                                    "Lossy Heap Blocks": 0,
                                                    "Workers": [
                                                        {
                                                            "Worker Number": 0,
                                                            "Actual Startup Time": 0.709,
                                                            "Actual Total Time": 13.453,
                                                            "Actual Rows": 430,
                                                            "Actual Loops": 1
                                                        },
                                                        {
                                                            "Worker Number": 1,
                                                            "Actual Startup Time": 1.077,
                                                            "Actual Total Time": 12.43,
                                                            "Actual Rows": 415,
                                                            "Actual Loops": 1
                                                        },
                                                        {
                                                            "Worker Number": 2,
                                                            "Actual Startup Time": 1.098,
                                                            "Actual Total Time": 13.246,
                                                            "Actual Rows": 590,
                                                            "Actual Loops": 1
                                                        },
                                                        {
                                                            "Worker Number": 3,
                                                            "Actual Startup Time": 0.359,
                                                            "Actual Total Time": 12.56,
                                                            "Actual Rows": 411,
                                                            "Actual Loops": 1
                                                        }
                                                    ],
                                                    "Plans": [
                                                        {
                                                            "Node Type": "Bitmap Index Scan",
                                                            "Parent Relationship": "Outer",
                                                            "Parallel Aware": false,
                                                            "Index Name": "kind_id_title",
                                                            "Startup Cost": 0.0,
                                                            "Total Cost": 1800.4,
                                                            "Plan Rows": 100796,
                                                            "Plan Width": 0,
                                                            "Actual Startup Time": 6.974,
                                                            "Actual Total Time": 6.974,
                                                            "Actual Rows": 100537,
                                                            "Actual Loops": 1,
                                                            "Index Cond": "(t.kind_id = 3)"
                                                        }
                                                    ]
                                                },
                                                {
                                                    "Node Type": "Index Scan",
                                                    "Parent Relationship": "Inner",
                                                    "Parallel Aware": false,
                                                    "Scan Direction": "Forward",
                                                    "Index Name": "movie_id_movie_info",
                                                    "Relation Name": "movie_info",
                                                    "Schema": "public",
                                                    "Alias": "mi",
                                                    "Startup Cost": 0.43,
                                                    "Total Cost": 121.51,
                                                    "Plan Rows": 33,
                                                    "Plan Width": 4,
                                                    "Actual Startup Time": 0.017,
                                                    "Actual Total Time": 0.041,
                                                    "Actual Rows": 7,
                                                    "Actual Loops": 3040,
                                                    "Output": [
                                                        "mi.id",
                                                        "mi.movie_id",
                                                        "mi.info_type_id",
                                                        "mi.info",
                                                        "mi.note"
                                                    ],
                                                    "Index Cond": "(mi.movie_id = t.id)",
                                                    "Rows Removed by Index Recheck": 0,
                                                    "Filter": "(mi.info_type_id < 17)",
                                                    "Rows Removed by Filter": 1,
                                                    "Workers": [
                                                        {
                                                            "Worker Number": 0,
                                                            "Actual Startup Time": 0.027,
                                                            "Actual Total Time": 0.064,
                                                            "Actual Rows": 7,
                                                            "Actual Loops": 430
                                                        },
                                                        {
                                                            "Worker Number": 1,
                                                            "Actual Startup Time": 0.026,
                                                            "Actual Total Time": 0.065,
                                                            "Actual Rows": 7,
                                                            "Actual Loops": 415
                                                        },
                                                        {
                                                            "Worker Number": 2,
                                                            "Actual Startup Time": 0.02,
                                                            "Actual Total Time": 0.048,
                                                            "Actual Rows": 7,
                                                            "Actual Loops": 590
                                                        },
                                                        {
                                                            "Worker Number": 3,
                                                            "Actual Startup Time": 0.027,
                                                            "Actual Total Time": 0.066,
                                                            "Actual Rows": 7,
                                                            "Actual Loops": 411
                                                        }
                                                    ]
                                                }
                                            ]
                                        },
                                        {
                                            "Node Type": "Index Only Scan",
                                            "Parent Relationship": "Inner",
                                            "Parallel Aware": false,
                                            "Scan Direction": "Forward",
                                            "Index Name": "movie_id_cast_info",
                                            "Relation Name": "cast_info",
                                            "Schema": "public",
                                            "Alias": "ci",
                                            "Startup Cost": 0.56,
                                            "Total Cost": 1.35,
                                            "Plan Rows": 38,
                                            "Plan Width": 4,
                                            "Actual Startup Time": 0.006,
                                            "Actual Total Time": 0.025,
                                            "Actual Rows": 28,
                                            "Actual Loops": 22484,
                                            "Output": [
                                                "ci.movie_id"
                                            ],
                                            "Index Cond": "(ci.movie_id = mi.movie_id)",
                                            "Rows Removed by Index Recheck": 0,
                                            "Heap Fetches": 625915,
                                            "Workers": [
                                                {
                                                    "Worker Number": 0,
                                                    "Actual Startup Time": 0.008,
                                                    "Actual Total Time": 0.035,
                                                    "Actual Rows": 26,
                                                    "Actual Loops": 3193
                                                },
                                                {
                                                    "Worker Number": 1,
                                                    "Actual Startup Time": 0.008,
                                                    "Actual Total Time": 0.036,
                                                    "Actual Rows": 28,
                                                    "Actual Loops": 3087
                                                },
                                                {
                                                    "Worker Number": 2,
                                                    "Actual Startup Time": 0.006,
                                                    "Actual Total Time": 0.026,
                                                    "Actual Rows": 26,
                                                    "Actual Loops": 4289
                                                },
                                                {
                                                    "Worker Number": 3,
                                                    "Actual Startup Time": 0.008,
                                                    "Actual Total Time": 0.037,
                                                    "Actual Rows": 27,
                                                    "Actual Loops": 3037
                                                }
                                            ]
                                        }
                                    ]
                                }
                            ]
                        }
                    ]
                }
            ]
        },
        "Planning Time": 192.802,
        "Triggers": [],
        "Execution Time": 209.241
    }
]