[
  {
    "Plan": {
      "Node Type": "Aggregate",
      "Strategy": "Plain",
      "Partial Mode": "Finalize",
      "Parallel Aware": false,
      "Startup Cost": 24787.66,
      "Total Cost": 24787.67,
      "Plan Rows": 1,
      "Plan Width": 8,
      "Actual Startup Time": 59.161,
      "Actual Total Time": 61.937,
      "Actual Rows": 1,
      "Actual Loops": 1,
      "Plans": [
        {
          "Node Type": "Gather",
          "Parent Relationship": "Outer",
          "Parallel Aware": false,
          "Startup Cost": 24787.34,
          "Total Cost": 24787.65,
          "Plan Rows": 3,
          "Plan Width": 8,
          "Actual Startup Time": 58.999,
          "Actual Total Time": 61.928,
          "Actual Rows": 4,
          "Actual Loops": 1,
          "Workers Planned": 3,
          "Workers Launched": 3,
          "Single Copy": false,
          "Plans": [
            {
              "Node Type": "Aggregate",
              "Strategy": "Plain",
              "Partial Mode": "Partial",
              "Parent Relationship": "Outer",
              "Parallel Aware": false,
              "Startup Cost": 23787.34,
              "Total Cost": 23787.35,
              "Plan Rows": 1,
              "Plan Width": 8,
              "Actual Startup Time": 52.302,
              "Actual Total Time": 52.303,
              "Actual Rows": 1,
              "Actual Loops": 4,
              "Plans": [
                {
                  "Node Type": "Bitmap Heap Scan",
                  "Parent Relationship": "Outer",
                  "Parallel Aware": true,
                  "Relation Name": "movie_companies",
                  "Alias": "mc",
                  "Startup Cost": 4018.68,
                  "Total Cost": 23710.99,
                  "Plan Rows": 30542,
                  "Plan Width": 0,
                  "Actual Startup Time": 19.725,
                  "Actual Total Time": 48.047,
                  "Actual Rows": 45448,
                  "Actual Loops": 4,
                  "Recheck Cond": "(company_id > 119660)",
                  "Rows Removed by Index Recheck": 0,
                  "Filter": "(company_type_id > 1)",
                  "Rows Removed by Filter": 0,
                  "Exact Heap Blocks": 1995,
                  "Lossy Heap Blocks": 0,
                  "Plans": [
                    {
                      "Node Type": "Bitmap Index Scan",
                      "Parent Relationship": "Outer",
                      "Parallel Aware": false,
                      "Index Name": "company_id_movie_companies",
                      "Startup Cost": 0.0,
                      "Total Cost": 3995.01,
                      "Plan Rows": 186477,
                      "Plan Width": 0,
                      "Actual Startup Time": 24.321,
                      "Actual Total Time": 24.321,
                      "Actual Rows": 181794,
                      "Actual Loops": 1,
                      "Index Cond": "(company_id > 119660)"
                    }
                  ]
                }
              ]
            }
          ]
        }
      ]
    },
    "Planning Time": 0.176,
    "Triggers": [],
    "Execution Time": 62.0
  }
]