[
    {
        "Bao": {
            "Bao prediction": "NaN",
            "Bao recommended hint": "(no hint)"
        }
    },
    {
        "Plan": {
            "Node Type": "Aggregate",
            "Strategy": "Plain",
            "Partial Mode": "Simple",
            "Parallel Aware": false,
            "Startup Cost": 22464.44,
            "Total Cost": 22464.45,
            "Plan Rows": 1,
            "Plan Width": 8,
            "Actual Startup Time": 28.072,
            "Actual Total Time": 28.074,
            "Actual Rows": 1,
            "Actual Loops": 1,
            "Output": [
                "count(*)"
            ],
            "Plans": [
                {
                    "Node Type": "Bitmap Heap Scan",
                    "Parent Relationship": "Outer",
                    "Parallel Aware": false,
                    "Relation Name": "movie_companies",
                    "Schema": "public",
                    "Alias": "mc",
                    "Startup Cost": 2093.41,
                    "Total Cost": 22340.62,
                    "Plan Rows": 49529,
                    "Plan Width": 0,
                    "Actual Startup Time": 4.928,
                    "Actual Total Time": 23.796,
                    "Actual Rows": 99176,
                    "Actual Loops": 1,
                    "Recheck Cond": "(mc.company_id > 158021)",
                    "Rows Removed by Index Recheck": 0,
                    "Filter": "(mc.company_type_id = 2)",
                    "Rows Removed by Filter": 0,
                    "Exact Heap Blocks": 3142,
                    "Lossy Heap Blocks": 0,
                    "Plans": [
                        {
                            "Node Type": "Bitmap Index Scan",
                            "Parent Relationship": "Outer",
                            "Parallel Aware": false,
                            "Index Name": "company_id_movie_companies",
                            "Startup Cost": 0.0,
                            "Total Cost": 2081.03,
                            "Plan Rows": 97147,
                            "Plan Width": 0,
                            "Actual Startup Time": 4.498,
                            "Actual Total Time": 4.498,
                            "Actual Rows": 99176,
                            "Actual Loops": 1,
                            "Index Cond": "(mc.company_id > 158021)"
                        }
                    ]
                }
            ]
        },
        "Planning Time": 188.72,
        "Triggers": [],
        "Execution Time": 28.157
    }
]