[
  {
    "Plan": {
      "Node Type": "Aggregate",
      "Strategy": "Plain",
      "Partial Mode": "Finalize",
      "Parallel Aware": false,
      "Startup Cost": 83963.1,
      "Total Cost": 83963.11,
      "Plan Rows": 1,
      "Plan Width": 8,
      "Actual Startup Time": 417.833,
      "Actual Total Time": 431.366,
      "Actual Rows": 1,
      "Actual Loops": 1,
      "Plans": [
        {
          "Node Type": "Gather",
          "Parent Relationship": "Outer",
          "Parallel Aware": false,
          "Startup Cost": 83962.68,
          "Total Cost": 83963.09,
          "Plan Rows": 4,
          "Plan Width": 8,
          "Actual Startup Time": 409.173,
          "Actual Total Time": 431.348,
          "Actual Rows": 5,
          "Actual Loops": 1,
          "Workers Planned": 4,
          "Workers Launched": 4,
          "Single Copy": false,
          "Plans": [
            {
              "Node Type": "Aggregate",
              "Strategy": "Plain",
              "Partial Mode": "Partial",
              "Parent Relationship": "Outer",
              "Parallel Aware": false,
              "Startup Cost": 82962.68,
              "Total Cost": 82962.69,
              "Plan Rows": 1,
              "Plan Width": 8,
              "Actual Startup Time": 395.404,
              "Actual Total Time": 395.407,
              "Actual Rows": 1,
              "Actual Loops": 5,
              "Plans": [
                {
                  "Node Type": "Hash Join",
                  "Parent Relationship": "Outer",
                  "Parallel Aware": true,
                  "Join Type": "Inner",
                  "Startup Cost": 35893.61,
                  "Total Cost": 82268.46,
                  "Plan Rows": 277685,
                  "Plan Width": 0,
                  "Actual Startup Time": 162.419,
                  "Actual Total Time": 384.941,
                  "Actual Rows": 247236,
                  "Actual Loops": 5,
                  "Inner Unique": false,
                  "Hash Cond": "(t.id = mc.movie_id)",
                  "Plans": [
                    {
                      "Node Type": "Seq Scan",
                      "Parent Relationship": "Outer",
                      "Parallel Aware": true,
                      "Relation Name": "title",
                      "Alias": "t",
                      "Startup Cost": 0.0,
                      "Total Cost": 42318.73,
                      "Plan Rows": 632073,
                      "Plan Width": 4,
                      "Actual Startup Time": 0.011,
                      "Actual Total Time": 63.922,
                      "Actual Rows": 505662,
                      "Actual Loops": 5
                    },
                    {
                      "Node Type": "Hash",
                      "Parent Relationship": "Inner",
                      "Parallel Aware": true,
                      "Startup Cost": 31414.82,
                      "Total Cost": 31414.82,
                      "Plan Rows": 358303,
                      "Plan Width": 4,
                      "Actual Startup Time": 155.892,
                      "Actual Total Time": 155.893,
                      "Actual Rows": 247236,
                      "Actual Loops": 5,
                      "Hash Buckets": 2097152,
                      "Original Hash Buckets": 2097152,
                      "Hash Batches": 1,
                      "Original Hash Batches": 1,
                      "Peak Memory Usage": 64800,
                      "Plans": [
                        {
                          "Node Type": "Seq Scan",
                          "Parent Relationship": "Outer",
                          "Parallel Aware": true,
                          "Relation Name": "movie_companies",
                          "Alias": "mc",
                          "Startup Cost": 0.0,
                          "Total Cost": 31414.82,
                          "Plan Rows": 358303,
                          "Plan Width": 4,
                          "Actual Startup Time": 45.782,
                          "Actual Total Time": 80.479,
                          "Actual Rows": 247236,
                          "Actual Loops": 5,
                          "Filter": "((company_id > 294) AND (company_type_id = 2))",
                          "Rows Removed by Filter": 274590
                        }
                      ]
                    }
                  ]
                }
              ]
            }
          ]
        }
      ]
    },
    "Planning Time": 0.675,
    "Triggers": [],
    "Execution Time": 431.438
  }
]