[
  {
    "Plan": {
      "Node Type": "Aggregate",
      "Strategy": "Plain",
      "Partial Mode": "Finalize",
      "Parallel Aware": false,
      "Startup Cost": 350824.49,
      "Total Cost": 350824.5,
      "Plan Rows": 1,
      "Plan Width": 8,
      "Actual Startup Time": 794.918,
      "Actual Total Time": 822.941,
      "Actual Rows": 1,
      "Actual Loops": 1,
      "Plans": [
        {
          "Node Type": "Gather",
          "Parent Relationship": "Outer",
          "Parallel Aware": false,
          "Startup Cost": 350823.87,
          "Total Cost": 350824.48,
          "Plan Rows": 6,
          "Plan Width": 8,
          "Actual Startup Time": 794.821,
          "Actual Total Time": 822.935,
          "Actual Rows": 7,
          "Actual Loops": 1,
          "Workers Planned": 6,
          "Workers Launched": 6,
          "Single Copy": false,
          "Plans": [
            {
              "Node Type": "Aggregate",
              "Strategy": "Plain",
              "Partial Mode": "Partial",
              "Parent Relationship": "Outer",
              "Parallel Aware": false,
              "Startup Cost": 349823.87,
              "Total Cost": 349823.88,
              "Plan Rows": 1,
              "Plan Width": 8,
              "Actual Startup Time": 786.278,
              "Actual Total Time": 786.279,
              "Actual Rows": 1,
              "Actual Loops": 7,
              "Plans": [
                {
                  "Node Type": "Seq Scan",
                  "Parent Relationship": "Outer",
                  "Parallel Aware": true,
                  "Relation Name": "cast_info",
                  "Alias": "ci",
                  "Startup Cost": 0.0,
                  "Total Cost": 343318.94,
                  "Plan Rows": 2601971,
                  "Plan Width": 0,
                  "Actual Startup Time": 206.016,
                  "Actual Total Time": 653.434,
                  "Actual Rows": 2883880,
                  "Actual Loops": 7,
                  "Filter": "((person_id > 1201104) AND (role_id > 1))",
                  "Rows Removed by Filter": 2293884
                }
              ]
            }
          ]
        }
      ]
    },
    "Planning Time": 0.055,
    "Triggers": [],
    "Execution Time": 822.963
  }
]