[
  {
    "Plan": {
      "Node Type": "Aggregate",
      "Strategy": "Plain",
      "Partial Mode": "Finalize",
      "Parallel Aware": false,
      "Startup Cost": 46503.12,
      "Total Cost": 46503.13,
      "Plan Rows": 1,
      "Plan Width": 8,
      "Actual Startup Time": 207.263,
      "Actual Total Time": 219.892,
      "Actual Rows": 1,
      "Actual Loops": 1,
      "Plans": [
        {
          "Node Type": "Gather",
          "Parent Relationship": "Outer",
          "Parallel Aware": false,
          "Startup Cost": 46502.81,
          "Total Cost": 46503.12,
          "Plan Rows": 3,
          "Plan Width": 8,
          "Actual Startup Time": 207.001,
          "Actual Total Time": 219.882,
          "Actual Rows": 4,
          "Actual Loops": 1,
          "Workers Planned": 3,
          "Workers Launched": 3,
          "Single Copy": false,
          "Plans": [
            {
              "Node Type": "Aggregate",
              "Strategy": "Plain",
              "Partial Mode": "Partial",
              "Parent Relationship": "Outer",
              "Parallel Aware": false,
              "Startup Cost": 45502.81,
              "Total Cost": 45502.82,
              "Plan Rows": 1,
              "Plan Width": 8,
              "Actual Startup Time": 200.848,
              "Actual Total Time": 200.849,
              "Actual Rows": 1,
              "Actual Loops": 4,
              "Plans": [
                {
                  "Node Type": "Seq Scan",
                  "Parent Relationship": "Outer",
                  "Parallel Aware": true,
                  "Relation Name": "movie_keyword",
                  "Alias": "mk",
                  "Startup Cost": 0.0,
                  "Total Cost": 42695.65,
                  "Plan Rows": 1122861,
                  "Plan Width": 0,
                  "Actual Startup Time": 0.127,
                  "Actual Total Time": 150.848,
                  "Actual Rows": 868473,
                  "Actual Loops": 4,
                  "Filter": "(keyword_id > 1045)",
                  "Rows Removed by Filter": 262509
                }
              ]
            }
          ]
        }
      ]
    },
    "Planning Time": 0.151,
    "Triggers": [],
    "Execution Time": 219.94
  }
]