[
  {
    "Plan": {
      "Node Type": "Aggregate",
      "Strategy": "Plain",
      "Partial Mode": "Finalize",
      "Parallel Aware": false,
      "Startup Cost": 46553.85,
      "Total Cost": 46553.86,
      "Plan Rows": 1,
      "Plan Width": 8,
      "Actual Startup Time": 97.027,
      "Actual Total Time": 109.811,
      "Actual Rows": 1,
      "Actual Loops": 1,
      "Plans": [
        {
          "Node Type": "Gather",
          "Parent Relationship": "Outer",
          "Parallel Aware": false,
          "Startup Cost": 46553.43,
          "Total Cost": 46553.84,
          "Plan Rows": 4,
          "Plan Width": 8,
          "Actual Startup Time": 96.771,
          "Actual Total Time": 109.802,
          "Actual Rows": 5,
          "Actual Loops": 1,
          "Workers Planned": 4,
          "Workers Launched": 4,
          "Single Copy": false,
          "Plans": [
            {
              "Node Type": "Aggregate",
              "Strategy": "Plain",
              "Partial Mode": "Partial",
              "Parent Relationship": "Outer",
              "Parallel Aware": false,
              "Startup Cost": 45553.43,
              "Total Cost": 45553.44,
              "Plan Rows": 1,
              "Plan Width": 8,
              "Actual Startup Time": 88.228,
              "Actual Total Time": 88.229,
              "Actual Rows": 1,
              "Actual Loops": 5,
              "Plans": [
                {
                  "Node Type": "Seq Scan",
                  "Parent Relationship": "Outer",
                  "Parallel Aware": true,
                  "Relation Name": "title",
                  "Alias": "t",
                  "Startup Cost": 0.0,
                  "Total Cost": 45479.1,
                  "Plan Rows": 29732,
                  "Plan Width": 0,
                  "Actual Startup Time": 0.045,
                  "Actual Total Time": 86.254,
                  "Actual Rows": 24521,
                  "Actual Loops": 5,
                  "Filter": "((kind_id > 1) AND (production_year = 2011))",
                  "Rows Removed by Filter": 481141
                }
              ]
            }
          ]
        }
      ]
    },
    "Planning Time": 0.185,
    "Triggers": [],
    "Execution Time": 109.873
  }
]