[
  {
    "Plan": {
      "Node Type": "Aggregate",
      "Strategy": "Plain",
      "Partial Mode": "Finalize",
      "Parallel Aware": false,
      "Startup Cost": 255502.15,
      "Total Cost": 255502.16,
      "Plan Rows": 1,
      "Plan Width": 8,
      "Actual Startup Time": 1265.779,
      "Actual Total Time": 1309.063,
      "Actual Rows": 1,
      "Actual Loops": 1,
      "Plans": [
        {
          "Node Type": "Gather",
          "Parent Relationship": "Outer",
          "Parallel Aware": false,
          "Startup Cost": 255501.63,
          "Total Cost": 255502.14,
          "Plan Rows": 5,
          "Plan Width": 8,
          "Actual Startup Time": 1249.925,
          "Actual Total Time": 1309.038,
          "Actual Rows": 6,
          "Actual Loops": 1,
          "Workers Planned": 5,
          "Workers Launched": 5,
          "Single Copy": false,
          "Plans": [
            {
              "Node Type": "Aggregate",
              "Strategy": "Plain",
              "Partial Mode": "Partial",
              "Parent Relationship": "Outer",
              "Parallel Aware": false,
              "Startup Cost": 254501.63,
              "Total Cost": 254501.64,
              "Plan Rows": 1,
              "Plan Width": 8,
              "Actual Startup Time": 1235.305,
              "Actual Total Time": 1235.308,
              "Actual Rows": 1,
              "Actual Loops": 6,
              "Plans": [
                {
                  "Node Type": "Hash Join",
                  "Parent Relationship": "Outer",
                  "Parallel Aware": true,
                  "Join Type": "Inner",
                  "Startup Cost": 49727.15,
                  "Total Cost": 249048.92,
                  "Plan Rows": 2181083,
                  "Plan Width": 0,
                  "Actual Startup Time": 215.125,
                  "Actual Total Time": 1188.682,
                  "Actual Rows": 1089112,
                  "Actual Loops": 6,
                  "Inner Unique": true,
                  "Hash Cond": "(mi.movie_id = t.id)",
                  "Plans": [
                    {
                      "Node Type": "Seq Scan",
                      "Parent Relationship": "Outer",
                      "Parallel Aware": true,
                      "Relation Name": "movie_info",
                      "Alias": "mi",
                      "Startup Cost": 0.0,
                      "Total Cost": 191560.33,
                      "Plan Rows": 2956733,
                      "Plan Width": 4,
                      "Actual Startup Time": 0.029,
                      "Actual Total Time": 288.482,
                      "Actual Rows": 2472620,
                      "Actual Loops": 6
                    },
                    {
                      "Node Type": "Hash",
                      "Parent Relationship": "Inner",
                      "Parallel Aware": true,
                      "Startup Cost": 43898.92,
                      "Total Cost": 43898.92,
                      "Plan Rows": 466259,
                      "Plan Width": 4,
                      "Actual Startup Time": 209.389,
                      "Actual Total Time": 209.39,
                      "Actual Rows": 310914,
                      "Actual Loops": 6,
                      "Hash Buckets": 2097152,
                      "Original Hash Buckets": 2097152,
                      "Hash Batches": 1,
                      "Original Hash Batches": 1,
                      "Peak Memory Usage": 89472,
                      "Plans": [
                        {
                          "Node Type": "Seq Scan",
                          "Parent Relationship": "Outer",
                          "Parallel Aware": true,
                          "Relation Name": "title",
                          "Alias": "t",
                          "Startup Cost": 0.0,
                          "Total Cost": 43898.92,
                          "Plan Rows": 466259,
                          "Plan Width": 4,
                          "Actual Startup Time": 0.038,
                          "Actual Total Time": 82.131,
                          "Actual Rows": 310914,
                          "Actual Loops": 6,
                          "Filter": "(kind_id > 1)",
                          "Rows Removed by Filter": 110471
                        }
                      ]
                    }
                  ]
                }
              ]
            }
          ]
        }
      ]
    },
    "Planning Time": 0.533,
    "Triggers": [],
    "Execution Time": 1309.159
  }
]