[
  {
    "Plan": {
      "Node Type": "Aggregate",
      "Strategy": "Plain",
      "Partial Mode": "Finalize",
      "Parallel Aware": false,
      "Startup Cost": 93082.19,
      "Total Cost": 93082.2,
      "Plan Rows": 1,
      "Plan Width": 8,
      "Actual Startup Time": 182.17,
      "Actual Total Time": 194.313,
      "Actual Rows": 1,
      "Actual Loops": 1,
      "Plans": [
        {
          "Node Type": "Gather",
          "Parent Relationship": "Outer",
          "Parallel Aware": false,
          "Startup Cost": 93081.77,
          "Total Cost": 93082.18,
          "Plan Rows": 4,
          "Plan Width": 8,
          "Actual Startup Time": 181.39,
          "Actual Total Time": 194.303,
          "Actual Rows": 5,
          "Actual Loops": 1,
          "Workers Planned": 4,
          "Workers Launched": 4,
          "Single Copy": false,
          "Plans": [
            {
              "Node Type": "Aggregate",
              "Strategy": "Plain",
              "Partial Mode": "Partial",
              "Parent Relationship": "Outer",
              "Parallel Aware": false,
              "Startup Cost": 92081.77,
              "Total Cost": 92081.78,
              "Plan Rows": 1,
              "Plan Width": 8,
              "Actual Startup Time": 171.006,
              "Actual Total Time": 171.01,
              "Actual Rows": 1,
              "Actual Loops": 5,
              "Plans": [
                {
                  "Node Type": "Nested Loop",
                  "Parent Relationship": "Outer",
                  "Parallel Aware": false,
                  "Join Type": "Inner",
                  "Startup Cost": 32708.93,
                  "Total Cost": 92050.85,
                  "Plan Rows": 12366,
                  "Plan Width": 0,
                  "Actual Startup Time": 77.084,
                  "Actual Total Time": 170.657,
                  "Actual Rows": 2833,
                  "Actual Loops": 5,
                  "Inner Unique": true,
                  "Join Filter": "(mc.movie_id = t.id)",
                  "Rows Removed by Join Filter": 0,
                  "Plans": [
                    {
                      "Node Type": "Hash Join",
                      "Parent Relationship": "Outer",
                      "Parallel Aware": true,
                      "Join Type": "Inner",
                      "Startup Cost": 32708.5,
                      "Total Cost": 62864.68,
                      "Plan Rows": 31669,
                      "Plan Width": 8,
                      "Actual Startup Time": 76.993,
                      "Actual Total Time": 149.975,
                      "Actual Rows": 2833,
                      "Actual Loops": 5,
                      "Inner Unique": false,
                      "Hash Cond": "(ci.movie_id = mc.movie_id)",
                      "Plans": [
                        {
                          "Node Type": "Index Scan",
                          "Parent Relationship": "Outer",
                          "Parallel Aware": true,
                          "Scan Direction": "Forward",
                          "Index Name": "role_id_cast_info",
                          "Relation Name": "cast_info",
                          "Alias": "ci",
                          "Startup Cost": 0.56,
                          "Total Cost": 29567.14,
                          "Plan Rows": 97489,
                          "Plan Width": 4,
                          "Actual Startup Time": 0.432,
                          "Actual Total Time": 46.882,
                          "Actual Rows": 169426,
                          "Actual Loops": 5,
                          "Index Cond": "(role_id = 9)",
                          "Rows Removed by Index Recheck": 0,
                          "Filter": "(person_id > 2341904)",
                          "Rows Removed by Filter": 49286
                        },
                        {
                          "Node Type": "Hash",
                          "Parent Relationship": "Inner",
                          "Parallel Aware": true,
                          "Startup Cost": 31414.82,
                          "Total Cost": 31414.82,
                          "Plan Rows": 103449,
                          "Plan Width": 4,
                          "Actual Startup Time": 73.508,
                          "Actual Total Time": 73.509,
                          "Actual Rows": 4773,
                          "Actual Loops": 5,
                          "Hash Buckets": 524288,
                          "Original Hash Buckets": 524288,
                          "Hash Batches": 1,
                          "Original Hash Batches": 1,
                          "Peak Memory Usage": 5120,
                          "Plans": [
                            {
                              "Node Type": "Seq Scan",
                              "Parent Relationship": "Outer",
                              "Parallel Aware": true,
                              "Relation Name": "movie_companies",
                              "Alias": "mc",
                              "Startup Cost": 0.0,
                              "Total Cost": 31414.82,
                              "Plan Rows": 103449,
                              "Plan Width": 4,
                              "Actual Startup Time": 31.593,
                              "Actual Total Time": 70.872,
                              "Actual Rows": 4773,
                              "Actual Loops": 5,
                              "Filter": "((company_id > 51790) AND (company_type_id < 2))",
                              "Rows Removed by Filter": 517053
                            }
                          ]
                        }
                      ]
                    },
                    {
                      "Node Type": "Index Only Scan",
                      "Parent Relationship": "Inner",
                      "Parallel Aware": false,
                      "Scan Direction": "Forward",
                      "Index Name": "title_pkey",
                      "Relation Name": "title",
                      "Alias": "t",
                      "Startup Cost": 0.43,
                      "Total Cost": 0.91,
                      "Plan Rows": 1,
                      "Plan Width": 4,
                      "Actual Startup Time": 0.007,
                      "Actual Total Time": 0.007,
                      "Actual Rows": 1,
                      "Actual Loops": 14166,
                      "Index Cond": "(id = ci.movie_id)",
                      "Rows Removed by Index Recheck": 0,
                      "Heap Fetches": 14166
                    }
                  ]
                }
              ]
            }
          ]
        }
      ]
    },
    "Planning Time": 1.537,
    "Triggers": [],
    "Execution Time": 194.404
  }
]