[
  {
    "Plan": {
      "Node Type": "Aggregate",
      "Strategy": "Plain",
      "Partial Mode": "Finalize",
      "Parallel Aware": false,
      "Startup Cost": 101200.11,
      "Total Cost": 101200.12,
      "Plan Rows": 1,
      "Plan Width": 8,
      "Actual Startup Time": 506.062,
      "Actual Total Time": 522.768,
      "Actual Rows": 1,
      "Actual Loops": 1,
      "Plans": [
        {
          "Node Type": "Gather",
          "Parent Relationship": "Outer",
          "Parallel Aware": false,
          "Startup Cost": 101199.9,
          "Total Cost": 101200.11,
          "Plan Rows": 2,
          "Plan Width": 8,
          "Actual Startup Time": 502.7,
          "Actual Total Time": 522.758,
          "Actual Rows": 3,
          "Actual Loops": 1,
          "Workers Planned": 2,
          "Workers Launched": 2,
          "Single Copy": false,
          "Plans": [
            {
              "Node Type": "Aggregate",
              "Strategy": "Plain",
              "Partial Mode": "Partial",
              "Parent Relationship": "Outer",
              "Parallel Aware": false,
              "Startup Cost": 100199.9,
              "Total Cost": 100199.91,
              "Plan Rows": 1,
              "Plan Width": 8,
              "Actual Startup Time": 494.754,
              "Actual Total Time": 494.915,
              "Actual Rows": 1,
              "Actual Loops": 3,
              "Plans": [
                {
                  "Node Type": "Hash Join",
                  "Parent Relationship": "Outer",
                  "Parallel Aware": true,
                  "Join Type": "Inner",
                  "Startup Cost": 83197.77,
                  "Total Cost": 99978.19,
                  "Plan Rows": 88684,
                  "Plan Width": 0,
                  "Actual Startup Time": 420.224,
                  "Actual Total Time": 493.52,
                  "Actual Rows": 33436,
                  "Actual Loops": 3,
                  "Inner Unique": false,
                  "Hash Cond": "(mi_idx.movie_id = t.id)",
                  "Plans": [
                    {
                      "Node Type": "Seq Scan",
                      "Parent Relationship": "Outer",
                      "Parallel Aware": true,
                      "Relation Name": "movie_info_idx",
                      "Alias": "mi_idx",
                      "Startup Cost": 0.0,
                      "Total Cost": 15122.68,
                      "Plan Rows": 382940,
                      "Plan Width": 4,
                      "Actual Startup Time": 0.058,
                      "Actual Total Time": 41.208,
                      "Actual Rows": 306617,
                      "Actual Loops": 3,
                      "Filter": "(info_type_id < 101)",
                      "Rows Removed by Filter": 153395
                    },
                    {
                      "Node Type": "Hash",
                      "Parent Relationship": "Inner",
                      "Parallel Aware": true,
                      "Startup Cost": 81368.02,
                      "Total Cost": 81368.02,
                      "Plan Rows": 146380,
                      "Plan Width": 8,
                      "Actual Startup Time": 409.469,
                      "Actual Total Time": 409.628,
                      "Actual Rows": 42416,
                      "Actual Loops": 3,
                      "Hash Buckets": 1048576,
                      "Original Hash Buckets": 1048576,
                      "Hash Batches": 1,
                      "Original Hash Batches": 1,
                      "Peak Memory Usage": 13216,
                      "Plans": [
                        {
                          "Node Type": "Hash Join",
                          "Parent Relationship": "Outer",
                          "Parallel Aware": true,
                          "Join Type": "Inner",
                          "Startup Cost": 34778.97,
                          "Total Cost": 81368.02,
                          "Plan Rows": 146380,
                          "Plan Width": 8,
                          "Actual Startup Time": 156.889,
                          "Actual Total Time": 390.758,
                          "Actual Rows": 42416,
                          "Actual Loops": 3,
                          "Inner Unique": false,
                          "Hash Cond": "(t.id = mc.movie_id)",
                          "Plans": [
                            {
                              "Node Type": "Seq Scan",
                              "Parent Relationship": "Outer",
                              "Parallel Aware": true,
                              "Relation Name": "title",
                              "Alias": "t",
                              "Startup Cost": 0.0,
                              "Total Cost": 43898.92,
                              "Plan Rows": 443589,
                              "Plan Width": 4,
                              "Actual Startup Time": 0.01,
                              "Actual Total Time": 108.109,
                              "Actual Rows": 591545,
                              "Actual Loops": 3,
                              "Filter": "(kind_id > 2)",
                              "Rows Removed by Filter": 251226
                            },
                            {
                              "Node Type": "Hash",
                              "Parent Relationship": "Inner",
                              "Parallel Aware": true,
                              "Startup Cost": 31414.82,
                              "Total Cost": 31414.82,
                              "Plan Rows": 269132,
                              "Plan Width": 4,
                              "Actual Startup Time": 152.755,
                              "Actual Total Time": 152.756,
                              "Actual Rows": 209191,
                              "Actual Loops": 3,
                              "Hash Buckets": 1048576,
                              "Original Hash Buckets": 1048576,
                              "Hash Batches": 1,
                              "Original Hash Batches": 1,
                              "Peak Memory Usage": 32800,
                              "Plans": [
                                {
                                  "Node Type": "Seq Scan",
                                  "Parent Relationship": "Outer",
                                  "Parallel Aware": true,
                                  "Relation Name": "movie_companies",
                                  "Alias": "mc",
                                  "Startup Cost": 0.0,
                                  "Total Cost": 31414.82,
                                  "Plan Rows": 269132,
                                  "Plan Width": 4,
                                  "Actual Startup Time": 3.53,
                                  "Actual Total Time": 95.103,
                                  "Actual Rows": 209191,
                                  "Actual Loops": 3,
                                  "Filter": "((company_id > 3064) AND (company_type_id < 2))",
                                  "Rows Removed by Filter": 660519
                                }
                              ]
                            }
                          ]
                        }
                      ]
                    }
                  ]
                }
              ]
            }
          ]
        }
      ]
    },
    "Planning Time": 1.5,
    "Triggers": [],
    "Execution Time": 522.851
  }
]