[
  {
    "Plan": {
      "Node Type": "Aggregate",
      "Strategy": "Plain",
      "Partial Mode": "Finalize",
      "Parallel Aware": false,
      "Startup Cost": 204203.85,
      "Total Cost": 204203.86,
      "Plan Rows": 1,
      "Plan Width": 8,
      "Actual Startup Time": 159.552,
      "Actual Total Time": 187.614,
      "Actual Rows": 1,
      "Actual Loops": 1,
      "Plans": [
        {
          "Node Type": "Gather",
          "Parent Relationship": "Outer",
          "Parallel Aware": false,
          "Startup Cost": 204203.43,
          "Total Cost": 204203.84,
          "Plan Rows": 4,
          "Plan Width": 8,
          "Actual Startup Time": 159.439,
          "Actual Total Time": 187.605,
          "Actual Rows": 5,
          "Actual Loops": 1,
          "Workers Planned": 4,
          "Workers Launched": 4,
          "Single Copy": false,
          "Plans": [
            {
              "Node Type": "Aggregate",
              "Strategy": "Plain",
              "Partial Mode": "Partial",
              "Parent Relationship": "Outer",
              "Parallel Aware": false,
              "Startup Cost": 203203.43,
              "Total Cost": 203203.44,
              "Plan Rows": 1,
              "Plan Width": 8,
              "Actual Startup Time": 151.217,
              "Actual Total Time": 151.218,
              "Actual Rows": 1,
              "Actual Loops": 5,
              "Plans": [
                {
                  "Node Type": "Nested Loop",
                  "Parent Relationship": "Outer",
                  "Parallel Aware": false,
                  "Join Type": "Inner",
                  "Startup Cost": 0.56,
                  "Total Cost": 203151.93,
                  "Plan Rows": 20598,
                  "Plan Width": 0,
                  "Actual Startup Time": 2.264,
                  "Actual Total Time": 149.707,
                  "Actual Rows": 16372,
                  "Actual Loops": 5,
                  "Inner Unique": false,
                  "Plans": [
                    {
                      "Node Type": "Seq Scan",
                      "Parent Relationship": "Outer",
                      "Parallel Aware": true,
                      "Relation Name": "title",
                      "Alias": "t",
                      "Startup Cost": 0.0,
                      "Total Cost": 45479.1,
                      "Plan Rows": 1438,
                      "Plan Width": 4,
                      "Actual Startup Time": 1.92,
                      "Actual Total Time": 73.171,
                      "Actual Rows": 1157,
                      "Actual Loops": 5,
                      "Filter": "((kind_id < 7) AND (production_year = 1967))",
                      "Rows Removed by Filter": 504506
                    },
                    {
                      "Node Type": "Index Only Scan",
                      "Parent Relationship": "Inner",
                      "Parallel Aware": false,
                      "Scan Direction": "Forward",
                      "Index Name": "movie_id_cast_info",
                      "Relation Name": "cast_info",
                      "Alias": "ci",
                      "Startup Cost": 0.56,
                      "Total Cost": 109.28,
                      "Plan Rows": 37,
                      "Plan Width": 4,
                      "Actual Startup Time": 0.014,
                      "Actual Total Time": 0.064,
                      "Actual Rows": 14,
                      "Actual Loops": 5783,
                      "Index Cond": "(movie_id = t.id)",
                      "Rows Removed by Index Recheck": 0,
                      "Heap Fetches": 81862
                    }
                  ]
                }
              ]
            }
          ]
        }
      ]
    },
    "Planning Time": 0.638,
    "Triggers": [],
    "Execution Time": 187.693
  }
]