{
    "Plan": {
        "Node Type": "Aggregate",
        "Strategy": "Plain",
        "Partial Mode": "Finalize",
        "Parallel Aware": false,
        "Startup Cost": 114827.75,
        "Total Cost": 114827.76,
        "Plan Rows": 1,
        "Plan Width": 8,
        "Actual Startup Time": 760.822,
        "Actual Total Time": 785.568,
        "Actual Rows": 1,
        "Actual Loops": 1,
        "Output": [
            "count(*)"
        ],
        "Plans": [
            {
                "Node Type": "Gather",
                "Parent Relationship": "Outer",
                "Parallel Aware": false,
                "Startup Cost": 114827.44,
                "Total Cost": 114827.75,
                "Plan Rows": 3,
                "Plan Width": 8,
                "Actual Startup Time": 753.234,
                "Actual Total Time": 785.558,
                "Actual Rows": 4,
                "Actual Loops": 1,
                "Output": [
                    "(PARTIAL count(*))"
                ],
                "Workers Planned": 3,
                "Workers Launched": 3,
                "Single Copy": false,
                "Plans": [
                    {
                        "Node Type": "Aggregate",
                        "Strategy": "Plain",
                        "Partial Mode": "Partial",
                        "Parent Relationship": "Outer",
                        "Parallel Aware": false,
                        "Startup Cost": 113827.44,
                        "Total Cost": 113827.45,
                        "Plan Rows": 1,
                        "Plan Width": 8,
                        "Actual Startup Time": 743.565,
                        "Actual Total Time": 743.571,
                        "Actual Rows": 1,
                        "Actual Loops": 4,
                        "Output": [
                            "PARTIAL count(*)"
                        ],
                        "Workers": [
                            {
                                "Worker Number": 0,
                                "Actual Startup Time": 740.45,
                                "Actual Total Time": 740.456,
                                "Actual Rows": 1,
                                "Actual Loops": 1
                            },
                            {
                                "Worker Number": 1,
                                "Actual Startup Time": 740.422,
                                "Actual Total Time": 740.428,
                                "Actual Rows": 1,
                                "Actual Loops": 1
                            },
                            {
                                "Worker Number": 2,
                                "Actual Startup Time": 740.999,
                                "Actual Total Time": 741.005,
                                "Actual Rows": 1,
                                "Actual Loops": 1
                            }
                        ],
                        "Plans": [
                            {
                                "Node Type": "Hash Join",
                                "Parent Relationship": "Outer",
                                "Parallel Aware": true,
                                "Join Type": "Inner",
                                "Startup Cost": 64181.47,
                                "Total Cost": 113184.87,
                                "Plan Rows": 257027,
                                "Plan Width": 0,
                                "Actual Startup Time": 364.129,
                                "Actual Total Time": 690.366,
                                "Actual Rows": 1218704,
                                "Actual Loops": 4,
                                "Inner Unique": false,
                                "Hash Cond": "(mk.movie_id = t.id)",
                                "Workers": [
                                    {
                                        "Worker Number": 0,
                                        "Actual Startup Time": 361.102,
                                        "Actual Total Time": 689.533,
                                        "Actual Rows": 1310731,
                                        "Actual Loops": 1
                                    },
                                    {
                                        "Worker Number": 1,
                                        "Actual Startup Time": 361.15,
                                        "Actual Total Time": 689.117,
                                        "Actual Rows": 1320204,
                                        "Actual Loops": 1
                                    },
                                    {
                                        "Worker Number": 2,
                                        "Actual Startup Time": 361.685,
                                        "Actual Total Time": 690.024,
                                        "Actual Rows": 1335159,
                                        "Actual Loops": 1
                                    }
                                ],
                                "Plans": [
                                    {
                                        "Node Type": "Seq Scan",
                                        "Parent Relationship": "Outer",
                                        "Parallel Aware": true,
                                        "Relation Name": "movie_keyword",
                                        "Schema": "public",
                                        "Alias": "mk",
                                        "Startup Cost": 0.0,
                                        "Total Cost": 42695.65,
                                        "Plan Rows": 1396480,
                                        "Plan Width": 4,
                                        "Actual Startup Time": 0.019,
                                        "Actual Total Time": 138.497,
                                        "Actual Rows": 1083800,
                                        "Actual Loops": 4,
                                        "Output": [
                                            "mk.id",
                                            "mk.movie_id",
                                            "mk.keyword_id"
                                        ],
                                        "Filter": "(mk.keyword_id > 135)",
                                        "Rows Removed by Filter": 47182,
                                        "Workers": [
                                            {
                                                "Worker Number": 0,
                                                "Actual Startup Time": 0.025,
                                                "Actual Total Time": 145.276,
                                                "Actual Rows": 1168790,
                                                "Actual Loops": 1
                                            },
                                            {
                                                "Worker Number": 1,
                                                "Actual Startup Time": 0.023,
                                                "Actual Total Time": 144.58,
                                                "Actual Rows": 1168463,
                                                "Actual Loops": 1
                                            },
                                            {
                                                "Worker Number": 2,
                                                "Actual Startup Time": 0.013,
                                                "Actual Total Time": 144.19,
                                                "Actual Rows": 1190779,
                                                "Actual Loops": 1
                                            }
                                        ]
                                    },
                                    {
                                        "Node Type": "Hash",
                                        "Parent Relationship": "Inner",
                                        "Parallel Aware": true,
                                        "Startup Cost": 61757.78,
                                        "Total Cost": 61757.78,
                                        "Plan Rows": 193895,
                                        "Plan Width": 8,
                                        "Actual Startup Time": 360.387,
                                        "Actual Total Time": 360.392,
                                        "Actual Rows": 142350,
                                        "Actual Loops": 4,
                                        "Output": [
                                            "t.id",
                                            "mi_idx.movie_id"
                                        ],
                                        "Hash Buckets": 1048576,
                                        "Original Hash Buckets": 524288,
                                        "Hash Batches": 1,
                                        "Original Hash Batches": 1,
                                        "Peak Memory Usage": 34624,
                                        "Workers": [
                                            {
                                                "Worker Number": 0,
                                                "Actual Startup Time": 360.336,
                                                "Actual Total Time": 360.34,
                                                "Actual Rows": 152647,
                                                "Actual Loops": 1
                                            },
                                            {
                                                "Worker Number": 1,
                                                "Actual Startup Time": 360.329,
                                                "Actual Total Time": 360.333,
                                                "Actual Rows": 152538,
                                                "Actual Loops": 1
                                            },
                                            {
                                                "Worker Number": 2,
                                                "Actual Startup Time": 361.076,
                                                "Actual Total Time": 361.081,
                                                "Actual Rows": 150185,
                                                "Actual Loops": 1
                                            }
                                        ],
                                        "Plans": [
                                            {
                                                "Node Type": "Hash Join",
                                                "Parent Relationship": "Outer",
                                                "Parallel Aware": true,
                                                "Join Type": "Inner",
                                                "Startup Cost": 46563.22,
                                                "Total Cost": 61757.78,
                                                "Plan Rows": 193895,
                                                "Plan Width": 8,
                                                "Actual Startup Time": 203.474,
                                                "Actual Total Time": 309.704,
                                                "Actual Rows": 142350,
                                                "Actual Loops": 4,
                                                "Output": [
                                                    "t.id",
                                                    "mi_idx.movie_id"
                                                ],
                                                "Inner Unique": true,
                                                "Hash Cond": "(mi_idx.movie_id = t.id)",
                                                "Workers": [
                                                    {
                                                        "Worker Number": 0,
                                                        "Actual Startup Time": 203.587,
                                                        "Actual Total Time": 310.261,
                                                        "Actual Rows": 152647,
                                                        "Actual Loops": 1
                                                    },
                                                    {
                                                        "Worker Number": 1,
                                                        "Actual Startup Time": 203.377,
                                                        "Actual Total Time": 310.66,
                                                        "Actual Rows": 152538,
                                                        "Actual Loops": 1
                                                    },
                                                    {
                                                        "Worker Number": 2,
                                                        "Actual Startup Time": 203.356,
                                                        "Actual Total Time": 308.512,
                                                        "Actual Rows": 150185,
                                                        "Actual Loops": 1
                                                    }
                                                ],
                                                "Plans": [
                                                    {
                                                        "Node Type": "Seq Scan",
                                                        "Parent Relationship": "Outer",
                                                        "Parallel Aware": true,
                                                        "Relation Name": "movie_info_idx",
                                                        "Schema": "public",
                                                        "Alias": "mi_idx",
                                                        "Startup Cost": 0.0,
                                                        "Total Cost": 13685.15,
                                                        "Plan Rows": 575015,
                                                        "Plan Width": 4,
                                                        "Actual Startup Time": 0.013,
                                                        "Actual Total Time": 31.355,
                                                        "Actual Rows": 345009,
                                                        "Actual Loops": 4,
                                                        "Output": [
                                                            "mi_idx.id",
                                                            "mi_idx.movie_id",
                                                            "mi_idx.info_type_id",
                                                            "mi_idx.info",
                                                            "mi_idx.note"
                                                        ],
                                                        "Workers": [
                                                            {
                                                                "Worker Number": 0,
                                                                "Actual Startup Time": 0.013,
                                                                "Actual Total Time": 32.056,
                                                                "Actual Rows": 374387,
                                                                "Actual Loops": 1
                                                            },
                                                            {
                                                                "Worker Number": 1,
                                                                "Actual Startup Time": 0.013,
                                                                "Actual Total Time": 32.37,
                                                                "Actual Rows": 374300,
                                                                "Actual Loops": 1
                                                            },
                                                            {
                                                                "Worker Number": 2,
                                                                "Actual Startup Time": 0.013,
                                                                "Actual Total Time": 31.107,
                                                                "Actual Rows": 358794,
                                                                "Actual Loops": 1
                                                            }
                                                        ]
                                                    },
                                                    {
                                                        "Node Type": "Hash",
                                                        "Parent Relationship": "Inner",
                                                        "Parallel Aware": true,
                                                        "Startup Cost": 43899.01,
                                                        "Total Cost": 43899.01,
                                                        "Plan Rows": 213137,
                                                        "Plan Width": 4,
                                                        "Actual Startup Time": 199.987,
                                                        "Actual Total Time": 199.989,
                                                        "Actual Rows": 212285,
                                                        "Actual Loops": 4,
                                                        "Output": [
                                                            "t.id"
                                                        ],
                                                        "Hash Buckets": 1048576,
                                                        "Original Hash Buckets": 1048576,
                                                        "Hash Batches": 1,
                                                        "Original Hash Batches": 1,
                                                        "Peak Memory Usage": 41440,
                                                        "Workers": [
                                                            {
                                                                "Worker Number": 0,
                                                                "Actual Startup Time": 203.149,
                                                                "Actual Total Time": 203.15,
                                                                "Actual Rows": 212579,
                                                                "Actual Loops": 1
                                                            },
                                                            {
                                                                "Worker Number": 1,
                                                                "Actual Startup Time": 203.111,
                                                                "Actual Total Time": 203.112,
                                                                "Actual Rows": 215122,
                                                                "Actual Loops": 1
                                                            },
                                                            {
                                                                "Worker Number": 2,
                                                                "Actual Startup Time": 203.088,
                                                                "Actual Total Time": 203.09,
                                                                "Actual Rows": 210607,
                                                                "Actual Loops": 1
                                                            }
                                                        ],
                                                        "Plans": [
                                                            {
                                                                "Node Type": "Seq Scan",
                                                                "Parent Relationship": "Outer",
                                                                "Parallel Aware": true,
                                                                "Relation Name": "title",
                                                                "Schema": "public",
                                                                "Alias": "t",
                                                                "Startup Cost": 0.0,
                                                                "Total Cost": 43899.01,
                                                                "Plan Rows": 213137,
                                                                "Plan Width": 4,
                                                                "Actual Startup Time": 0.067,
                                                                "Actual Total Time": 113.951,
                                                                "Actual Rows": 212285,
                                                                "Actual Loops": 4,
                                                                "Output": [
                                                                    "t.id"
                                                                ],
                                                                "Filter": "(t.production_year < 1996)",
                                                                "Rows Removed by Filter": 419793,
                                                                "Workers": [
                                                                    {
                                                                        "Worker Number": 0,
                                                                        "Actual Startup Time": 0.09,
                                                                        "Actual Total Time": 116.91,
                                                                        "Actual Rows": 212579,
                                                                        "Actual Loops": 1
                                                                    },
                                                                    {
                                                                        "Worker Number": 1,
                                                                        "Actual Startup Time": 0.078,
                                                                        "Actual Total Time": 117.024,
                                                                        "Actual Rows": 215122,
                                                                        "Actual Loops": 1
                                                                    },
                                                                    {
                                                                        "Worker Number": 2,
                                                                        "Actual Startup Time": 0.084,
                                                                        "Actual Total Time": 112.214,
                                                                        "Actual Rows": 210607,
                                                                        "Actual Loops": 1
                                                                    }
                                                                ]
                                                            }
                                                        ]
                                                    }
                                                ]
                                            }
                                        ]
                                    }
                                ]
                            }
                        ]
                    }
                ]
            }
        ]
    },
    "Planning Time": 1.442,
    "Triggers": [],
    "Execution Time": 785.661
}