[
  {
    "Plan": {
      "Node Type": "Aggregate",
      "Strategy": "Plain",
      "Partial Mode": "Finalize",
      "Parallel Aware": false,
      "Startup Cost": 46867.13,
      "Total Cost": 46867.14,
      "Plan Rows": 1,
      "Plan Width": 8,
      "Actual Startup Time": 172.419,
      "Actual Total Time": 182.456,
      "Actual Rows": 1,
      "Actual Loops": 1,
      "Plans": [
        {
          "Node Type": "Gather",
          "Parent Relationship": "Outer",
          "Parallel Aware": false,
          "Startup Cost": 46866.81,
          "Total Cost": 46867.12,
          "Plan Rows": 3,
          "Plan Width": 8,
          "Actual Startup Time": 172.309,
          "Actual Total Time": 182.446,
          "Actual Rows": 4,
          "Actual Loops": 1,
          "Workers Planned": 3,
          "Workers Launched": 3,
          "Single Copy": false,
          "Plans": [
            {
              "Node Type": "Aggregate",
              "Strategy": "Plain",
              "Partial Mode": "Partial",
              "Parent Relationship": "Outer",
              "Parallel Aware": false,
              "Startup Cost": 45866.81,
              "Total Cost": 45866.82,
              "Plan Rows": 1,
              "Plan Width": 8,
              "Actual Startup Time": 165.478,
              "Actual Total Time": 165.48,
              "Actual Rows": 1,
              "Actual Loops": 4,
              "Plans": [
                {
                  "Node Type": "Seq Scan",
                  "Parent Relationship": "Outer",
                  "Parallel Aware": true,
                  "Relation Name": "movie_keyword",
                  "Alias": "mk",
                  "Startup Cost": 0.0,
                  "Total Cost": 42695.65,
                  "Plan Rows": 1268463,
                  "Plan Width": 0,
                  "Actual Startup Time": 0.056,
                  "Actual Total Time": 122.051,
                  "Actual Rows": 986125,
                  "Actual Loops": 4,
                  "Filter": "(keyword_id < 31648)",
                  "Rows Removed by Filter": 144858
                }
              ]
            }
          ]
        }
      ]
    },
    "Planning Time": 0.18,
    "Triggers": [],
    "Execution Time": 182.511
  }
]