[
  {
    "Plan": {
      "Node Type": "Aggregate",
      "Strategy": "Plain",
      "Partial Mode": "Finalize",
      "Parallel Aware": false,
      "Startup Cost": 95490.51,
      "Total Cost": 95490.52,
      "Plan Rows": 1,
      "Plan Width": 8,
      "Actual Startup Time": 529.607,
      "Actual Total Time": 546.137,
      "Actual Rows": 1,
      "Actual Loops": 1,
      "Plans": [
        {
          "Node Type": "Gather",
          "Parent Relationship": "Outer",
          "Parallel Aware": false,
          "Startup Cost": 95490.3,
          "Total Cost": 95490.51,
          "Plan Rows": 2,
          "Plan Width": 8,
          "Actual Startup Time": 526.775,
          "Actual Total Time": 546.129,
          "Actual Rows": 3,
          "Actual Loops": 1,
          "Workers Planned": 2,
          "Workers Launched": 2,
          "Single Copy": false,
          "Plans": [
            {
              "Node Type": "Aggregate",
              "Strategy": "Plain",
              "Partial Mode": "Partial",
              "Parent Relationship": "Outer",
              "Parallel Aware": false,
              "Startup Cost": 94490.3,
              "Total Cost": 94490.31,
              "Plan Rows": 1,
              "Plan Width": 8,
              "Actual Startup Time": 517.892,
              "Actual Total Time": 517.898,
              "Actual Rows": 1,
              "Actual Loops": 3,
              "Plans": [
                {
                  "Node Type": "Hash Join",
                  "Parent Relationship": "Outer",
                  "Parallel Aware": true,
                  "Join Type": "Inner",
                  "Startup Cost": 78570.21,
                  "Total Cost": 94446.77,
                  "Plan Rows": 17409,
                  "Plan Width": 0,
                  "Actual Startup Time": 437.251,
                  "Actual Total Time": 515.492,
                  "Actual Rows": 59076,
                  "Actual Loops": 3,
                  "Inner Unique": false,
                  "Hash Cond": "(mi_idx.movie_id = t.id)",
                  "Plans": [
                    {
                      "Node Type": "Seq Scan",
                      "Parent Relationship": "Outer",
                      "Parallel Aware": true,
                      "Relation Name": "movie_info_idx",
                      "Alias": "mi_idx",
                      "Startup Cost": 0.0,
                      "Total Cost": 15122.68,
                      "Plan Rows": 189429,
                      "Plan Width": 4,
                      "Actual Startup Time": 0.029,
                      "Actual Total Time": 37.249,
                      "Actual Rows": 153308,
                      "Actual Loops": 3,
                      "Filter": "(info_type_id = 99)",
                      "Rows Removed by Filter": 306703
                    },
                    {
                      "Node Type": "Hash",
                      "Parent Relationship": "Inner",
                      "Parallel Aware": true,
                      "Startup Cost": 77844.09,
                      "Total Cost": 77844.09,
                      "Plan Rows": 58090,
                      "Plan Width": 8,
                      "Actual Startup Time": 434.24,
                      "Actual Total Time": 434.245,
                      "Actual Rows": 116093,
                      "Actual Loops": 3,
                      "Hash Buckets": 524288,
                      "Original Hash Buckets": 262144,
                      "Hash Batches": 1,
                      "Original Hash Batches": 1,
                      "Peak Memory Usage": 19808,
                      "Plans": [
                        {
                          "Node Type": "Hash Join",
                          "Parent Relationship": "Outer",
                          "Parallel Aware": true,
                          "Join Type": "Inner",
                          "Startup Cost": 32177.6,
                          "Total Cost": 77844.09,
                          "Plan Rows": 58090,
                          "Plan Width": 8,
                          "Actual Startup Time": 135.187,
                          "Actual Total Time": 392.993,
                          "Actual Rows": 116093,
                          "Actual Loops": 3,
                          "Inner Unique": false,
                          "Hash Cond": "(t.id = mc.movie_id)",
                          "Plans": [
                            {
                              "Node Type": "Seq Scan",
                              "Parent Relationship": "Outer",
                              "Parallel Aware": true,
                              "Relation Name": "title",
                              "Alias": "t",
                              "Startup Cost": 0.0,
                              "Total Cost": 42318.73,
                              "Plan Rows": 632073,
                              "Plan Width": 4,
                              "Actual Startup Time": 0.012,
                              "Actual Total Time": 91.702,
                              "Actual Rows": 842771,
                              "Actual Loops": 3
                            },
                            {
                              "Node Type": "Hash",
                              "Parent Relationship": "Inner",
                              "Parallel Aware": true,
                              "Startup Cost": 31240.66,
                              "Total Cost": 31240.66,
                              "Plan Rows": 74955,
                              "Plan Width": 4,
                              "Actual Startup Time": 133.823,
                              "Actual Total Time": 133.824,
                              "Actual Rows": 116093,
                              "Actual Loops": 3,
                              "Hash Buckets": 524288,
                              "Original Hash Buckets": 262144,
                              "Hash Batches": 1,
                              "Original Hash Batches": 1,
                              "Peak Memory Usage": 19808,
                              "Plans": [
                                {
                                  "Node Type": "Bitmap Heap Scan",
                                  "Parent Relationship": "Outer",
                                  "Parallel Aware": true,
                                  "Relation Name": "movie_companies",
                                  "Alias": "mc",
                                  "Startup Cost": 10166.69,
                                  "Total Cost": 31240.66,
                                  "Plan Rows": 74955,
                                  "Plan Width": 4,
                                  "Actual Startup Time": 37.354,
                                  "Actual Total Time": 96.453,
                                  "Actual Rows": 116093,
                                  "Actual Loops": 3,
                                  "Recheck Cond": "(company_id < 404)",
                                  "Rows Removed by Index Recheck": 0,
                                  "Filter": "(company_type_id < 2)",
                                  "Rows Removed by Filter": 40499,
                                  "Exact Heap Blocks": 8683,
                                  "Lossy Heap Blocks": 0,
                                  "Plans": [
                                    {
                                      "Node Type": "Bitmap Index Scan",
                                      "Parent Relationship": "Outer",
                                      "Parallel Aware": false,
                                      "Index Name": "company_id_movie_companies",
                                      "Startup Cost": 0.0,
                                      "Total Cost": 10108.6,
                                      "Plan Rows": 472022,
                                      "Plan Width": 0,
                                      "Actual Startup Time": 35.081,
                                      "Actual Total Time": 35.081,
                                      "Actual Rows": 469777,
                                      "Actual Loops": 1,
                                      "Index Cond": "(company_id < 404)"
                                    }
                                  ]
                                }
                              ]
                            }
                          ]
                        }
                      ]
                    }
                  ]
                }
              ]
            }
          ]
        }
      ]
    },
    "Planning Time": 1.557,
    "Triggers": [],
    "Execution Time": 546.251
  }
]