{
  "Plan": {
    "Node Type": "Aggregate",
    "Strategy": "Plain",
    "Partial Mode": "Finalize",
    "Parallel Aware": false,
    "Startup Cost": 764778.8,
    "Total Cost": 764778.81,
    "Plan Rows": 1,
    "Plan Width": 8,
    "Actual Startup Time": 7957.989,
    "Actual Total Time": 8011.601,
    "Actual Rows": 1,
    "Actual Loops": 1,
    "Plans": [
      {
        "Node Type": "Gather",
        "Parent Relationship": "Outer",
        "Parallel Aware": false,
        "Startup Cost": 764778.69,
        "Total Cost": 764778.8,
        "Plan Rows": 1,
        "Plan Width": 8,
        "Actual Startup Time": 7947.639,
        "Actual Total Time": 8011.592,
        "Actual Rows": 2,
        "Actual Loops": 1,
        "Workers Planned": 1,
        "Workers Launched": 1,
        "Single Copy": false,
        "Plans": [
          {
            "Node Type": "Aggregate",
            "Strategy": "Plain",
            "Partial Mode": "Partial",
            "Parent Relationship": "Outer",
            "Parallel Aware": false,
            "Startup Cost": 763778.69,
            "Total Cost": 763778.7,
            "Plan Rows": 1,
            "Plan Width": 8,
            "Actual Startup Time": 7927.75,
            "Actual Total Time": 7927.757,
            "Actual Rows": 1,
            "Actual Loops": 2,
            "Plans": [
              {
                "Node Type": "Hash Join",
                "Parent Relationship": "Outer",
                "Parallel Aware": true,
                "Join Type": "Inner",
                "Startup Cost": 348700.16,
                "Total Cost": 742432.54,
                "Plan Rows": 8538457,
                "Plan Width": 0,
                "Actual Startup Time": 2233.336,
                "Actual Total Time": 6602.876,
                "Actual Rows": 27104155,
                "Actual Loops": 2,
                "Inner Unique": false,
                "Hash Cond": "(ci.movie_id = t.id)",
                "Plans": [
                  {
                    "Node Type": "Bitmap Heap Scan",
                    "Parent Relationship": "Outer",
                    "Parallel Aware": true,
                    "Relation Name": "cast_info",
                    "Alias": "ci",
                    "Startup Cost": 181868.17,
                    "Total Cost": 495101.28,
                    "Plan Rows": 4843689,
                    "Plan Width": 4,
                    "Actual Startup Time": 346.15,
                    "Actual Total Time": 930.33,
                    "Actual Rows": 4071396,
                    "Actual Loops": 2,
                    "Recheck Cond": "(person_id > 2866848)",
                    "Rows Removed by Index Recheck": 0,
                    "Exact Heap Blocks": 57806,
                    "Lossy Heap Blocks": 0,
                    "Plans": [
                      {
                        "Node Type": "Bitmap Index Scan",
                        "Parent Relationship": "Outer",
                        "Parallel Aware": false,
                        "Index Name": "person_id_cast_info",
                        "Startup Cost": 0.0,
                        "Total Cost": 179809.6,
                        "Plan Rows": 8234271,
                        "Plan Width": 0,
                        "Actual Startup Time": 329.851,
                        "Actual Total Time": 329.852,
                        "Actual Rows": 8142792,
                        "Actual Loops": 1,
                        "Index Cond": "(person_id > 2866848)"
                      }
                    ]
                  },
                  {
                    "Node Type": "Hash",
                    "Parent Relationship": "Inner",
                    "Parallel Aware": true,
                    "Startup Cost": 134060.84,
                    "Total Cost": 134060.84,
                    "Plan Rows": 2621692,
                    "Plan Width": 8,
                    "Actual Startup Time": 1854.343,
                    "Actual Total Time": 1854.347,
                    "Actual Rows": 2228192,
                    "Actual Loops": 2,
                    "Hash Buckets": 8388608,
                    "Original Hash Buckets": 8388608,
                    "Hash Batches": 1,
                    "Original Hash Batches": 1,
                    "Peak Memory Usage": 239904,
                    "Plans": [
                      {
                        "Node Type": "Hash Join",
                        "Parent Relationship": "Outer",
                        "Parallel Aware": true,
                        "Join Type": "Inner",
                        "Startup Cost": 69460.7,
                        "Total Cost": 134060.84,
                        "Plan Rows": 2621692,
                        "Plan Width": 8,
                        "Actual Startup Time": 624.257,
                        "Actual Total Time": 1353.959,
                        "Actual Rows": 2228192,
                        "Actual Loops": 2,
                        "Inner Unique": true,
                        "Hash Cond": "(mk.movie_id = t.id)",
                        "Plans": [
                          {
                            "Node Type": "Seq Scan",
                            "Parent Relationship": "Outer",
                            "Parallel Aware": true,
                            "Relation Name": "movie_keyword",
                            "Alias": "mk",
                            "Startup Cost": 0.0,
                            "Total Cost": 57718.19,
                            "Plan Rows": 2621692,
                            "Plan Width": 4,
                            "Actual Startup Time": 0.029,
                            "Actual Total Time": 283.391,
                            "Actual Rows": 2228192,
                            "Actual Loops": 2,
                            "Filter": "(keyword_id > 56)",
                            "Rows Removed by Filter": 33772
                          },
                          {
                            "Node Type": "Hash",
                            "Parent Relationship": "Inner",
                            "Parallel Aware": true,
                            "Startup Cost": 50870.31,
                            "Total Cost": 50870.31,
                            "Plan Rows": 1487231,
                            "Plan Width": 4,
                            "Actual Startup Time": 613.277,
                            "Actual Total Time": 613.278,
                            "Actual Rows": 1264156,
                            "Actual Loops": 2,
                            "Hash Buckets": 4194304,
                            "Original Hash Buckets": 4194304,
                            "Hash Batches": 1,
                            "Original Hash Batches": 1,
                            "Peak Memory Usage": 131680,
                            "Plans": [
                              {
                                "Node Type": "Seq Scan",
                                "Parent Relationship": "Outer",
                                "Parallel Aware": true,
                                "Relation Name": "title",
                                "Alias": "t",
                                "Startup Cost": 0.0,
                                "Total Cost": 50870.31,
                                "Plan Rows": 1487231,
                                "Plan Width": 4,
                                "Actual Startup Time": 0.053,
                                "Actual Total Time": 187.007,
                                "Actual Rows": 1264156,
                                "Actual Loops": 2
                              }
                            ]
                          }
                        ]
                      }
                    ]
                  }
                ]
              }
            ]
          }
        ]
      }
    ]
  },
  "Planning Time": 1.086,
  "Triggers": [],
  "Execution Time": 8011.707
}