[
  {
    "Plan": {
      "Node Type": "Aggregate",
      "Strategy": "Plain",
      "Partial Mode": "Finalize",
      "Parallel Aware": false,
      "Startup Cost": 346354.1,
      "Total Cost": 346354.11,
      "Plan Rows": 1,
      "Plan Width": 8,
      "Actual Startup Time": 607.227,
      "Actual Total Time": 663.622,
      "Actual Rows": 1,
      "Actual Loops": 1,
      "Plans": [
        {
          "Node Type": "Gather",
          "Parent Relationship": "Outer",
          "Parallel Aware": false,
          "Startup Cost": 346353.48,
          "Total Cost": 346354.09,
          "Plan Rows": 6,
          "Plan Width": 8,
          "Actual Startup Time": 607.111,
          "Actual Total Time": 663.613,
          "Actual Rows": 7,
          "Actual Loops": 1,
          "Workers Planned": 6,
          "Workers Launched": 6,
          "Single Copy": false,
          "Plans": [
            {
              "Node Type": "Aggregate",
              "Strategy": "Plain",
              "Partial Mode": "Partial",
              "Parent Relationship": "Outer",
              "Parallel Aware": false,
              "Startup Cost": 345353.48,
              "Total Cost": 345353.49,
              "Plan Rows": 1,
              "Plan Width": 8,
              "Actual Startup Time": 600.507,
              "Actual Total Time": 600.509,
              "Actual Rows": 1,
              "Actual Loops": 7,
              "Plans": [
                {
                  "Node Type": "Seq Scan",
                  "Parent Relationship": "Outer",
                  "Parallel Aware": true,
                  "Relation Name": "cast_info",
                  "Alias": "ci",
                  "Startup Cost": 0.0,
                  "Total Cost": 343257.03,
                  "Plan Rows": 838580,
                  "Plan Width": 0,
                  "Actual Startup Time": 322.757,
                  "Actual Total Time": 581.717,
                  "Actual Rows": 444234,
                  "Actual Loops": 7,
                  "Filter": "((person_id < 1092726) AND (role_id > 2))",
                  "Rows Removed by Filter": 4733530
                }
              ]
            }
          ]
        }
      ]
    },
    "Planning Time": 0.138,
    "Triggers": [],
    "Execution Time": 663.675
  }
]