[
  {
    "Plan": {
      "Node Type": "Aggregate",
      "Strategy": "Plain",
      "Partial Mode": "Finalize",
      "Parallel Aware": false,
      "Startup Cost": 203934.96,
      "Total Cost": 203934.97,
      "Plan Rows": 1,
      "Plan Width": 8,
      "Actual Startup Time": 241.881,
      "Actual Total Time": 266.524,
      "Actual Rows": 1,
      "Actual Loops": 1,
      "Plans": [
        {
          "Node Type": "Gather",
          "Parent Relationship": "Outer",
          "Parallel Aware": false,
          "Startup Cost": 203934.34,
          "Total Cost": 203934.95,
          "Plan Rows": 6,
          "Plan Width": 8,
          "Actual Startup Time": 241.751,
          "Actual Total Time": 266.511,
          "Actual Rows": 7,
          "Actual Loops": 1,
          "Workers Planned": 6,
          "Workers Launched": 6,
          "Single Copy": false,
          "Plans": [
            {
              "Node Type": "Aggregate",
              "Strategy": "Plain",
              "Partial Mode": "Partial",
              "Parent Relationship": "Outer",
              "Parallel Aware": false,
              "Startup Cost": 202934.34,
              "Total Cost": 202934.35,
              "Plan Rows": 1,
              "Plan Width": 8,
              "Actual Startup Time": 234.537,
              "Actual Total Time": 234.539,
              "Actual Rows": 1,
              "Actual Loops": 7,
              "Plans": [
                {
                  "Node Type": "Index Scan",
                  "Parent Relationship": "Outer",
                  "Parallel Aware": true,
                  "Scan Direction": "Forward",
                  "Index Name": "role_id_cast_info",
                  "Relation Name": "cast_info",
                  "Alias": "ci",
                  "Startup Cost": 0.56,
                  "Total Cost": 201884.69,
                  "Plan Rows": 419858,
                  "Plan Width": 0,
                  "Actual Startup Time": 4.717,
                  "Actual Total Time": 234.5,
                  "Actual Rows": 281,
                  "Actual Loops": 7,
                  "Index Cond": "(role_id = 2)",
                  "Rows Removed by Index Recheck": 0,
                  "Filter": "(person_id < 1209214)",
                  "Rows Removed by Filter": 1064286
                }
              ]
            }
          ]
        }
      ]
    },
    "Planning Time": 0.247,
    "Triggers": [],
    "Execution Time": 266.593
  }
]