[
  {
    "Plan": {
      "Node Type": "Aggregate",
      "Strategy": "Plain",
      "Partial Mode": "Finalize",
      "Parallel Aware": false,
      "Startup Cost": 139527.8,
      "Total Cost": 139527.81,
      "Plan Rows": 1,
      "Plan Width": 8,
      "Actual Startup Time": 767.111,
      "Actual Total Time": 821.596,
      "Actual Rows": 1,
      "Actual Loops": 1,
      "Plans": [
        {
          "Node Type": "Gather",
          "Parent Relationship": "Outer",
          "Parallel Aware": false,
          "Startup Cost": 139527.38,
          "Total Cost": 139527.79,
          "Plan Rows": 4,
          "Plan Width": 8,
          "Actual Startup Time": 762.375,
          "Actual Total Time": 821.581,
          "Actual Rows": 5,
          "Actual Loops": 1,
          "Workers Planned": 4,
          "Workers Launched": 4,
          "Single Copy": false,
          "Plans": [
            {
              "Node Type": "Aggregate",
              "Strategy": "Plain",
              "Partial Mode": "Partial",
              "Parent Relationship": "Outer",
              "Parallel Aware": false,
              "Startup Cost": 138527.38,
              "Total Cost": 138527.39,
              "Plan Rows": 1,
              "Plan Width": 8,
              "Actual Startup Time": 752.106,
              "Actual Total Time": 752.109,
              "Actual Rows": 1,
              "Actual Loops": 5,
              "Plans": [
                {
                  "Node Type": "Nested Loop",
                  "Parent Relationship": "Outer",
                  "Parallel Aware": false,
                  "Join Type": "Inner",
                  "Startup Cost": 32483.13,
                  "Total Cost": 138178.6,
                  "Plan Rows": 139510,
                  "Plan Width": 0,
                  "Actual Startup Time": 115.415,
                  "Actual Total Time": 727.582,
                  "Actual Rows": 535065,
                  "Actual Loops": 5,
                  "Inner Unique": false,
                  "Plans": [
                    {
                      "Node Type": "Hash Join",
                      "Parent Relationship": "Outer",
                      "Parallel Aware": true,
                      "Join Type": "Inner",
                      "Startup Cost": 32482.69,
                      "Total Cost": 77597.45,
                      "Plan Rows": 23859,
                      "Plan Width": 8,
                      "Actual Startup Time": 115.325,
                      "Actual Total Time": 255.353,
                      "Actual Rows": 36555,
                      "Actual Loops": 5,
                      "Inner Unique": false,
                      "Hash Cond": "(t.id = mc.movie_id)",
                      "Plans": [
                        {
                          "Node Type": "Seq Scan",
                          "Parent Relationship": "Outer",
                          "Parallel Aware": true,
                          "Relation Name": "title",
                          "Alias": "t",
                          "Startup Cost": 0.0,
                          "Total Cost": 43898.92,
                          "Plan Rows": 227776,
                          "Plan Width": 4,
                          "Actual Startup Time": 0.013,
                          "Actual Total Time": 72.492,
                          "Actual Rows": 180898,
                          "Actual Loops": 5,
                          "Filter": "(production_year > 2006)",
                          "Rows Removed by Filter": 324764
                        },
                        {
                          "Node Type": "Hash",
                          "Parent Relationship": "Inner",
                          "Parallel Aware": true,
                          "Startup Cost": 31414.82,
                          "Total Cost": 31414.82,
                          "Plan Rows": 85430,
                          "Plan Width": 4,
                          "Actual Startup Time": 112.546,
                          "Actual Total Time": 112.547,
                          "Actual Rows": 106364,
                          "Actual Loops": 5,
                          "Hash Buckets": 1048576,
                          "Original Hash Buckets": 524288,
                          "Hash Batches": 1,
                          "Original Hash Batches": 1,
                          "Peak Memory Usage": 33184,
                          "Plans": [
                            {
                              "Node Type": "Seq Scan",
                              "Parent Relationship": "Outer",
                              "Parallel Aware": true,
                              "Relation Name": "movie_companies",
                              "Alias": "mc",
                              "Startup Cost": 0.0,
                              "Total Cost": 31414.82,
                              "Plan Rows": 85430,
                              "Plan Width": 4,
                              "Actual Startup Time": 41.667,
                              "Actual Total Time": 69.753,
                              "Actual Rows": 106364,
                              "Actual Loops": 5,
                              "Filter": "((company_id > 72638) AND (company_type_id > 1))",
                              "Rows Removed by Filter": 415462
                            }
                          ]
                        }
                      ]
                    },
                    {
                      "Node Type": "Index Only Scan",
                      "Parent Relationship": "Inner",
                      "Parallel Aware": false,
                      "Scan Direction": "Forward",
                      "Index Name": "movie_id_movie_info",
                      "Relation Name": "movie_info",
                      "Alias": "mi",
                      "Startup Cost": 0.43,
                      "Total Cost": 2.12,
                      "Plan Rows": 42,
                      "Plan Width": 4,
                      "Actual Startup Time": 0.004,
                      "Actual Total Time": 0.012,
                      "Actual Rows": 15,
                      "Actual Loops": 182776,
                      "Index Cond": "(movie_id = t.id)",
                      "Rows Removed by Index Recheck": 0,
                      "Heap Fetches": 2675323
                    }
                  ]
                }
              ]
            }
          ]
        }
      ]
    },
    "Planning Time": 1.43,
    "Triggers": [],
    "Execution Time": 821.722
  }
]