{
  "Plan": {
    "Node Type": "Aggregate",
    "Strategy": "Plain",
    "Partial Mode": "Finalize",
    "Parallel Aware": false,
    "Startup Cost": 449598.35,
    "Total Cost": 449598.36,
    "Plan Rows": 1,
    "Plan Width": 96,
    "Actual Startup Time": 2743.472,
    "Actual Total Time": 2830.06,
    "Actual Rows": 1,
    "Actual Loops": 1,
    "Plans": [
      {
        "Node Type": "Gather",
        "Parent Relationship": "Outer",
        "Parallel Aware": false,
        "Startup Cost": 449598.02,
        "Total Cost": 449598.33,
        "Plan Rows": 3,
        "Plan Width": 96,
        "Actual Startup Time": 2742.204,
        "Actual Total Time": 2830.048,
        "Actual Rows": 4,
        "Actual Loops": 1,
        "Workers Planned": 3,
        "Workers Launched": 3,
        "Single Copy": false,
        "Plans": [
          {
            "Node Type": "Aggregate",
            "Strategy": "Plain",
            "Partial Mode": "Partial",
            "Parent Relationship": "Outer",
            "Parallel Aware": false,
            "Startup Cost": 448598.02,
            "Total Cost": 448598.03,
            "Plan Rows": 1,
            "Plan Width": 96,
            "Actual Startup Time": 2732.357,
            "Actual Total Time": 2732.365,
            "Actual Rows": 1,
            "Actual Loops": 4,
            "Plans": [
              {
                "Node Type": "Hash Join",
                "Parent Relationship": "Outer",
                "Parallel Aware": false,
                "Join Type": "Inner",
                "Startup Cost": 400732.13,
                "Total Cost": 448597.81,
                "Plan Rows": 28,
                "Plan Width": 48,
                "Actual Startup Time": 2608.506,
                "Actual Total Time": 2732.336,
                "Actual Rows": 21,
                "Actual Loops": 4,
                "Inner Unique": true,
                "Hash Cond": "(mk.keyword_id = k.id)",
                "Plans": [
                  {
                    "Node Type": "Hash Join",
                    "Parent Relationship": "Outer",
                    "Parallel Aware": true,
                    "Join Type": "Inner",
                    "Startup Cost": 397099.63,
                    "Total Cost": 443741.6,
                    "Plan Rows": 466159,
                    "Plan Width": 36,
                    "Actual Startup Time": 2545.159,
                    "Actual Total Time": 2689.858,
                    "Actual Rows": 6744,
                    "Actual Loops": 4,
                    "Inner Unique": false,
                    "Hash Cond": "(mk.movie_id = t.id)",
                    "Plans": [
                      {
                        "Node Type": "Seq Scan",
                        "Parent Relationship": "Outer",
                        "Parallel Aware": true,
                        "Relation Name": "movie_keyword",
                        "Alias": "mk",
                        "Startup Cost": 0.0,
                        "Total Cost": 39047.32,
                        "Plan Rows": 1459332,
                        "Plan Width": 8,
                        "Actual Startup Time": 0.017,
                        "Actual Total Time": 95.803,
                        "Actual Rows": 1130982,
                        "Actual Loops": 4
                      },
                      {
                        "Node Type": "Hash",
                        "Parent Relationship": "Inner",
                        "Parallel Aware": true,
                        "Startup Cost": 396454.23,
                        "Total Cost": 396454.23,
                        "Plan Rows": 51632,
                        "Plan Width": 40,
                        "Actual Startup Time": 2506.695,
                        "Actual Total Time": 2506.701,
                        "Actual Rows": 8087,
                        "Actual Loops": 4,
                        "Hash Buckets": 524288,
                        "Original Hash Buckets": 524288,
                        "Hash Batches": 1,
                        "Original Hash Batches": 1,
                        "Peak Memory Usage": 6912,
                        "Plans": [
                          {
                            "Node Type": "Nested Loop",
                            "Parent Relationship": "Outer",
                            "Parallel Aware": false,
                            "Join Type": "Inner",
                            "Startup Cost": 43967.53,
                            "Total Cost": 396454.23,
                            "Plan Rows": 51632,
                            "Plan Width": 40,
                            "Actual Startup Time": 168.878,
                            "Actual Total Time": 2498.19,
                            "Actual Rows": 8087,
                            "Actual Loops": 4,
                            "Inner Unique": true,
                            "Plans": [
                              {
                                "Node Type": "Hash Join",
                                "Parent Relationship": "Outer",
                                "Parallel Aware": true,
                                "Join Type": "Inner",
                                "Startup Cost": 43967.1,
                                "Total Cost": 372946.63,
                                "Plan Rows": 51632,
                                "Plan Width": 29,
                                "Actual Startup Time": 168.8,
                                "Actual Total Time": 2462.91,
                                "Actual Rows": 8087,
                                "Actual Loops": 4,
                                "Inner Unique": true,
                                "Hash Cond": "(ci.movie_id = t.id)",
                                "Plans": [
                                  {
                                    "Node Type": "Seq Scan",
                                    "Parent Relationship": "Outer",
                                    "Parallel Aware": true,
                                    "Relation Name": "cast_info",
                                    "Alias": "ci",
                                    "Startup Cost": 0.0,
                                    "Total Cost": 313116.71,
                                    "Plan Rows": 6042971,
                                    "Plan Width": 8,
                                    "Actual Startup Time": 0.036,
                                    "Actual Total Time": 1090.533,
                                    "Actual Rows": 9061086,
                                    "Actual Loops": 4
                                  },
                                  {
                                    "Node Type": "Hash",
                                    "Parent Relationship": "Inner",
                                    "Parallel Aware": true,
                                    "Startup Cost": 43899.59,
                                    "Total Cost": 43899.59,
                                    "Plan Rows": 5401,
                                    "Plan Width": 21,
                                    "Actual Startup Time": 166.466,
                                    "Actual Total Time": 166.467,
                                    "Actual Rows": 6127,
                                    "Actual Loops": 4,
                                    "Hash Buckets": 32768,
                                    "Original Hash Buckets": 32768,
                                    "Hash Batches": 1,
                                    "Original Hash Batches": 1,
                                    "Peak Memory Usage": 1920,
                                    "Plans": [
                                      {
                                        "Node Type": "Seq Scan",
                                        "Parent Relationship": "Outer",
                                        "Parallel Aware": true,
                                        "Relation Name": "title",
                                        "Alias": "t",
                                        "Startup Cost": 0.0,
                                        "Total Cost": 43899.59,
                                        "Plan Rows": 5401,
                                        "Plan Width": 21,
                                        "Actual Startup Time": 89.798,
                                        "Actual Total Time": 161.741,
                                        "Actual Rows": 6127,
                                        "Actual Loops": 4,
                                        "Filter": "(production_year < 1910)",
                                        "Rows Removed by Filter": 625951
                                      }
                                    ]
                                  }
                                ]
                              },
                              {
                                "Node Type": "Index Scan",
                                "Parent Relationship": "Inner",
                                "Parallel Aware": false,
                                "Scan Direction": "Forward",
                                "Index Name": "name_pkey",
                                "Relation Name": "name",
                                "Alias": "n",
                                "Startup Cost": 0.43,
                                "Total Cost": 0.46,
                                "Plan Rows": 1,
                                "Plan Width": 19,
                                "Actual Startup Time": 0.004,
                                "Actual Total Time": 0.004,
                                "Actual Rows": 1,
                                "Actual Loops": 32349,
                                "Index Cond": "(id = ci.person_id)",
                                "Rows Removed by Index Recheck": 0
                              }
                            ]
                          }
                        ]
                      }
                    ]
                  },
                  {
                    "Node Type": "Hash",
                    "Parent Relationship": "Inner",
                    "Parallel Aware": false,
                    "Startup Cost": 3632.4,
                    "Total Cost": 3632.4,
                    "Plan Rows": 8,
                    "Plan Width": 20,
                    "Actual Startup Time": 41.748,
                    "Actual Total Time": 41.749,
                    "Actual Rows": 8,
                    "Actual Loops": 4,
                    "Hash Buckets": 1024,
                    "Original Hash Buckets": 1024,
                    "Hash Batches": 1,
                    "Original Hash Batches": 1,
                    "Peak Memory Usage": 9,
                    "Plans": [
                      {
                        "Node Type": "Seq Scan",
                        "Parent Relationship": "Outer",
                        "Parallel Aware": false,
                        "Relation Name": "keyword",
                        "Alias": "k",
                        "Startup Cost": 0.0,
                        "Total Cost": 3632.4,
                        "Plan Rows": 8,
                        "Plan Width": 20,
                        "Actual Startup Time": 0.355,
                        "Actual Total Time": 41.713,
                        "Actual Rows": 8,
                        "Actual Loops": 4,
                        "Filter": "(keyword = ANY ('{superhero,sequel,second-part,marvel-comics,based-on-comic,tv-special,fight,violence}'::text[]))",
                        "Rows Removed by Filter": 134162
                      }
                    ]
                  }
                ]
              }
            ]
          }
        ]
      }
    ]
  },
  "Planning Time": 8.031,
  "Triggers": [],
  "Execution Time": 2830.692
}