[
  {
    "Plan": {
      "Node Type": "Aggregate",
      "Strategy": "Plain",
      "Partial Mode": "Finalize",
      "Parallel Aware": false,
      "Startup Cost": 48167.26,
      "Total Cost": 48167.27,
      "Plan Rows": 1,
      "Plan Width": 8,
      "Actual Startup Time": 47.734,
      "Actual Total Time": 56.323,
      "Actual Rows": 1,
      "Actual Loops": 1,
      "Plans": [
        {
          "Node Type": "Gather",
          "Parent Relationship": "Outer",
          "Parallel Aware": false,
          "Startup Cost": 48166.94,
          "Total Cost": 48167.25,
          "Plan Rows": 3,
          "Plan Width": 8,
          "Actual Startup Time": 47.587,
          "Actual Total Time": 56.315,
          "Actual Rows": 4,
          "Actual Loops": 1,
          "Workers Planned": 3,
          "Workers Launched": 3,
          "Single Copy": false,
          "Plans": [
            {
              "Node Type": "Aggregate",
              "Strategy": "Plain",
              "Partial Mode": "Partial",
              "Parent Relationship": "Outer",
              "Parallel Aware": false,
              "Startup Cost": 47166.94,
              "Total Cost": 47166.95,
              "Plan Rows": 1,
              "Plan Width": 8,
              "Actual Startup Time": 40.188,
              "Actual Total Time": 40.19,
              "Actual Rows": 1,
              "Actual Loops": 4,
              "Plans": [
                {
                  "Node Type": "Nested Loop",
                  "Parent Relationship": "Outer",
                  "Parallel Aware": false,
                  "Join Type": "Inner",
                  "Startup Cost": 1.43,
                  "Total Cost": 47166.63,
                  "Plan Rows": 124,
                  "Plan Width": 0,
                  "Actual Startup Time": 11.895,
                  "Actual Total Time": 40.171,
                  "Actual Rows": 208,
                  "Actual Loops": 4,
                  "Inner Unique": false,
                  "Plans": [
                    {
                      "Node Type": "Nested Loop",
                      "Parent Relationship": "Outer",
                      "Parallel Aware": false,
                      "Join Type": "Inner",
                      "Startup Cost": 0.99,
                      "Total Cost": 46684.57,
                      "Plan Rows": 69,
                      "Plan Width": 8,
                      "Actual Startup Time": 3.227,
                      "Actual Total Time": 39.057,
                      "Actual Rows": 50,
                      "Actual Loops": 4,
                      "Inner Unique": true,
                      "Plans": [
                        {
                          "Node Type": "Index Scan",
                          "Parent Relationship": "Outer",
                          "Parallel Aware": true,
                          "Scan Direction": "Forward",
                          "Index Name": "role_id_cast_info",
                          "Relation Name": "cast_info",
                          "Alias": "ci",
                          "Startup Cost": 0.56,
                          "Total Cost": 9091.72,
                          "Plan Rows": 7465,
                          "Plan Width": 4,
                          "Actual Startup Time": 0.128,
                          "Actual Total Time": 16.575,
                          "Actual Rows": 2439,
                          "Actual Loops": 4,
                          "Index Cond": "(role_id > 10)",
                          "Rows Removed by Index Recheck": 0,
                          "Filter": "(person_id < 265277)",
                          "Rows Removed by Filter": 76591
                        },
                        {
                          "Node Type": "Index Scan",
                          "Parent Relationship": "Inner",
                          "Parallel Aware": false,
                          "Scan Direction": "Forward",
                          "Index Name": "title_pkey",
                          "Relation Name": "title",
                          "Alias": "t",
                          "Startup Cost": 0.43,
                          "Total Cost": 5.04,
                          "Plan Rows": 1,
                          "Plan Width": 4,
                          "Actual Startup Time": 0.009,
                          "Actual Total Time": 0.009,
                          "Actual Rows": 0,
                          "Actual Loops": 9755,
                          "Index Cond": "(id = ci.movie_id)",
                          "Rows Removed by Index Recheck": 0,
                          "Filter": "((kind_id < 4) AND (production_year > 2012))",
                          "Rows Removed by Filter": 1
                        }
                      ]
                    },
                    {
                      "Node Type": "Index Only Scan",
                      "Parent Relationship": "Inner",
                      "Parallel Aware": false,
                      "Scan Direction": "Forward",
                      "Index Name": "movie_id_movie_keyword",
                      "Relation Name": "movie_keyword",
                      "Alias": "mk",
                      "Startup Cost": 0.43,
                      "Total Cost": 6.53,
                      "Plan Rows": 46,
                      "Plan Width": 4,
                      "Actual Startup Time": 0.021,
                      "Actual Total Time": 0.022,
                      "Actual Rows": 4,
                      "Actual Loops": 199,
                      "Index Cond": "(movie_id = t.id)",
                      "Rows Removed by Index Recheck": 0,
                      "Heap Fetches": 830
                    }
                  ]
                }
              ]
            }
          ]
        }
      ]
    },
    "Planning Time": 0.508,
    "Triggers": [],
    "Execution Time": 56.364
  }
]