[
    {
        "Bao": {
            "Bao prediction": 780.397,
            "Bao recommended hint": "(no hint)"
        }
    },
    {
        "Plan": {
            "Node Type": "Aggregate",
            "Strategy": "Plain",
            "Partial Mode": "Finalize",
            "Parallel Aware": false,
            "Startup Cost": 77155.73,
            "Total Cost": 77155.74,
            "Plan Rows": 1,
            "Plan Width": 8,
            "Actual Startup Time": 316.934,
            "Actual Total Time": 329.912,
            "Actual Rows": 1,
            "Actual Loops": 1,
            "Output": [
                "count(*)"
            ],
            "Plans": [
                {
                    "Node Type": "Gather",
                    "Parent Relationship": "Outer",
                    "Parallel Aware": false,
                    "Startup Cost": 77155.41,
                    "Total Cost": 77155.72,
                    "Plan Rows": 3,
                    "Plan Width": 8,
                    "Actual Startup Time": 313.514,
                    "Actual Total Time": 329.903,
                    "Actual Rows": 4,
                    "Actual Loops": 1,
                    "Output": [
                        "(PARTIAL count(*))"
                    ],
                    "Workers Planned": 3,
                    "Workers Launched": 3,
                    "Single Copy": false,
                    "Plans": [
                        {
                            "Node Type": "Aggregate",
                            "Strategy": "Plain",
                            "Partial Mode": "Partial",
                            "Parent Relationship": "Outer",
                            "Parallel Aware": false,
                            "Startup Cost": 76155.41,
                            "Total Cost": 76155.42,
                            "Plan Rows": 1,
                            "Plan Width": 8,
                            "Actual Startup Time": 305.094,
                            "Actual Total Time": 305.097,
                            "Actual Rows": 1,
                            "Actual Loops": 4,
                            "Output": [
                                "PARTIAL count(*)"
                            ],
                            "Workers": [
                                {
                                    "Worker Number": 0,
                                    "Actual Startup Time": 302.309,
                                    "Actual Total Time": 302.313,
                                    "Actual Rows": 1,
                                    "Actual Loops": 1
                                },
                                {
                                    "Worker Number": 1,
                                    "Actual Startup Time": 302.827,
                                    "Actual Total Time": 302.83,
                                    "Actual Rows": 1,
                                    "Actual Loops": 1
                                },
                                {
                                    "Worker Number": 2,
                                    "Actual Startup Time": 302.462,
                                    "Actual Total Time": 302.464,
                                    "Actual Rows": 1,
                                    "Actual Loops": 1
                                }
                            ],
                            "Plans": [
                                {
                                    "Node Type": "Hash Join",
                                    "Parent Relationship": "Outer",
                                    "Parallel Aware": true,
                                    "Join Type": "Inner",
                                    "Startup Cost": 46354.92,
                                    "Total Cost": 76043.53,
                                    "Plan Rows": 44752,
                                    "Plan Width": 0,
                                    "Actual Startup Time": 230.977,
                                    "Actual Total Time": 303.035,
                                    "Actual Rows": 32902,
                                    "Actual Loops": 4,
                                    "Inner Unique": true,
                                    "Hash Cond": "(mc.movie_id = t.id)",
                                    "Workers": [
                                        {
                                            "Worker Number": 0,
                                            "Actual Startup Time": 228.237,
                                            "Actual Total Time": 300.17,
                                            "Actual Rows": 29006,
                                            "Actual Loops": 1
                                        },
                                        {
                                            "Worker Number": 1,
                                            "Actual Startup Time": 228.388,
                                            "Actual Total Time": 300.677,
                                            "Actual Rows": 29363,
                                            "Actual Loops": 1
                                        },
                                        {
                                            "Worker Number": 2,
                                            "Actual Startup Time": 228.417,
                                            "Actual Total Time": 300.387,
                                            "Actual Rows": 28244,
                                            "Actual Loops": 1
                                        }
                                    ],
                                    "Plans": [
                                        {
                                            "Node Type": "Seq Scan",
                                            "Parent Relationship": "Outer",
                                            "Parallel Aware": true,
                                            "Relation Name": "movie_companies",
                                            "Schema": "public",
                                            "Alias": "mc",
                                            "Startup Cost": 0.0,
                                            "Total Cost": 29310.68,
                                            "Plan Rows": 143974,
                                            "Plan Width": 4,
                                            "Actual Startup Time": 35.022,
                                            "Actual Total Time": 70.268,
                                            "Actual Rows": 112226,
                                            "Actual Loops": 4,
                                            "Output": [
                                                "mc.id",
                                                "mc.movie_id",
                                                "mc.company_id",
                                                "mc.company_type_id",
                                                "mc.note"
                                            ],
                                            "Filter": "(mc.company_id > 77353)",
                                            "Rows Removed by Filter": 540057,
                                            "Workers": [
                                                {
                                                    "Worker Number": 0,
                                                    "Actual Startup Time": 35.132,
                                                    "Actual Total Time": 71.642,
                                                    "Actual Rows": 98825,
                                                    "Actual Loops": 1
                                                },
                                                {
                                                    "Worker Number": 1,
                                                    "Actual Startup Time": 34.941,
                                                    "Actual Total Time": 71.507,
                                                    "Actual Rows": 98977,
                                                    "Actual Loops": 1
                                                },
                                                {
                                                    "Worker Number": 2,
                                                    "Actual Startup Time": 35.044,
                                                    "Actual Total Time": 71.57,
                                                    "Actual Rows": 97753,
                                                    "Actual Loops": 1
                                                }
                                            ]
                                        },
                                        {
                                            "Node Type": "Hash",
                                            "Parent Relationship": "Inner",
                                            "Parallel Aware": true,
                                            "Startup Cost": 43899.01,
                                            "Total Cost": 43899.01,
                                            "Plan Rows": 196473,
                                            "Plan Width": 4,
                                            "Actual Startup Time": 190.642,
                                            "Actual Total Time": 190.643,
                                            "Actual Rows": 196232,
                                            "Actual Loops": 4,
                                            "Output": [
                                                "t.id"
                                            ],
                                            "Hash Buckets": 1048576,
                                            "Original Hash Buckets": 1048576,
                                            "Hash Batches": 1,
                                            "Original Hash Batches": 1,
                                            "Peak Memory Usage": 38976,
                                            "Workers": [
                                                {
                                                    "Worker Number": 0,
                                                    "Actual Startup Time": 192.382,
                                                    "Actual Total Time": 192.383,
                                                    "Actual Rows": 164963,
                                                    "Actual Loops": 1
                                                },
                                                {
                                                    "Worker Number": 1,
                                                    "Actual Startup Time": 192.343,
                                                    "Actual Total Time": 192.344,
                                                    "Actual Rows": 164938,
                                                    "Actual Loops": 1
                                                },
                                                {
                                                    "Worker Number": 2,
                                                    "Actual Startup Time": 192.492,
                                                    "Actual Total Time": 192.493,
                                                    "Actual Rows": 154766,
                                                    "Actual Loops": 1
                                                }
                                            ],
                                            "Plans": [
                                                {
                                                    "Node Type": "Seq Scan",
                                                    "Parent Relationship": "Outer",
                                                    "Parallel Aware": true,
                                                    "Relation Name": "title",
                                                    "Schema": "public",
                                                    "Alias": "t",
                                                    "Startup Cost": 0.0,
                                                    "Total Cost": 43899.01,
                                                    "Plan Rows": 196473,
                                                    "Plan Width": 4,
                                                    "Actual Startup Time": 0.033,
                                                    "Actual Total Time": 113.07,
                                                    "Actual Rows": 196232,
                                                    "Actual Loops": 4,
                                                    "Output": [
                                                        "t.id"
                                                    ],
                                                    "Filter": "(t.production_year > 2007)",
                                                    "Rows Removed by Filter": 435846,
                                                    "Workers": [
                                                        {
                                                            "Worker Number": 0,
                                                            "Actual Startup Time": 0.042,
                                                            "Actual Total Time": 117.157,
                                                            "Actual Rows": 164963,
                                                            "Actual Loops": 1
                                                        },
                                                        {
                                                            "Worker Number": 1,
                                                            "Actual Startup Time": 0.042,
                                                            "Actual Total Time": 117.487,
                                                            "Actual Rows": 164938,
                                                            "Actual Loops": 1
                                                        },
                                                        {
                                                            "Worker Number": 2,
                                                            "Actual Startup Time": 0.028,
                                                            "Actual Total Time": 113.409,
                                                            "Actual Rows": 154766,
                                                            "Actual Loops": 1
                                                        }
                                                    ]
                                                }
                                            ]
                                        }
                                    ]
                                }
                            ]
                        }
                    ]
                }
            ]
        },
        "Planning Time": 2248.463,
        "Triggers": [],
        "Execution Time": 330.025
    }
]