[
    {
        "Bao": {
            "Bao prediction": "NaN",
            "Bao recommended hint": "(no hint)"
        }
    },
    {
        "Plan": {
            "Node Type": "Aggregate",
            "Strategy": "Plain",
            "Partial Mode": "Finalize",
            "Parallel Aware": false,
            "Startup Cost": 28940.08,
            "Total Cost": 28940.09,
            "Plan Rows": 1,
            "Plan Width": 8,
            "Actual Startup Time": 84.533,
            "Actual Total Time": 90.812,
            "Actual Rows": 1,
            "Actual Loops": 1,
            "Output": [
                "count(*)"
            ],
            "Plans": [
                {
                    "Node Type": "Gather",
                    "Parent Relationship": "Outer",
                    "Parallel Aware": false,
                    "Startup Cost": 28939.76,
                    "Total Cost": 28940.07,
                    "Plan Rows": 3,
                    "Plan Width": 8,
                    "Actual Startup Time": 84.323,
                    "Actual Total Time": 90.8,
                    "Actual Rows": 4,
                    "Actual Loops": 1,
                    "Output": [
                        "(PARTIAL count(*))"
                    ],
                    "Workers Planned": 3,
                    "Workers Launched": 3,
                    "Single Copy": false,
                    "Plans": [
                        {
                            "Node Type": "Aggregate",
                            "Strategy": "Plain",
                            "Partial Mode": "Partial",
                            "Parent Relationship": "Outer",
                            "Parallel Aware": false,
                            "Startup Cost": 27939.76,
                            "Total Cost": 27939.77,
                            "Plan Rows": 1,
                            "Plan Width": 8,
                            "Actual Startup Time": 75.182,
                            "Actual Total Time": 75.183,
                            "Actual Rows": 1,
                            "Actual Loops": 4,
                            "Output": [
                                "PARTIAL count(*)"
                            ],
                            "Workers": [
                                {
                                    "Worker Number": 0,
                                    "Actual Startup Time": 71.744,
                                    "Actual Total Time": 71.745,
                                    "Actual Rows": 1,
                                    "Actual Loops": 1
                                },
                                {
                                    "Worker Number": 1,
                                    "Actual Startup Time": 72.556,
                                    "Actual Total Time": 72.558,
                                    "Actual Rows": 1,
                                    "Actual Loops": 1
                                },
                                {
                                    "Worker Number": 2,
                                    "Actual Startup Time": 72.657,
                                    "Actual Total Time": 72.659,
                                    "Actual Rows": 1,
                                    "Actual Loops": 1
                                }
                            ],
                            "Plans": [
                                {
                                    "Node Type": "Bitmap Heap Scan",
                                    "Parent Relationship": "Outer",
                                    "Parallel Aware": true,
                                    "Relation Name": "movie_companies",
                                    "Schema": "public",
                                    "Alias": "mc",
                                    "Startup Cost": 7357.05,
                                    "Total Cost": 27799.36,
                                    "Plan Rows": 56160,
                                    "Plan Width": 0,
                                    "Actual Startup Time": 22.336,
                                    "Actual Total Time": 67.867,
                                    "Actual Rows": 87297,
                                    "Actual Loops": 4,
                                    "Recheck Cond": "(mc.company_id > 88356)",
                                    "Rows Removed by Index Recheck": 0,
                                    "Filter": "(mc.company_type_id = 2)",
                                    "Rows Removed by Filter": 0,
                                    "Exact Heap Blocks": 2222,
                                    "Lossy Heap Blocks": 0,
                                    "Workers": [
                                        {
                                            "Worker Number": 0,
                                            "Actual Startup Time": 19.129,
                                            "Actual Total Time": 65.221,
                                            "Actual Rows": 74136,
                                            "Actual Loops": 1
                                        },
                                        {
                                            "Worker Number": 1,
                                            "Actual Startup Time": 19.787,
                                            "Actual Total Time": 65.602,
                                            "Actual Rows": 67301,
                                            "Actual Loops": 1
                                        },
                                        {
                                            "Worker Number": 2,
                                            "Actual Startup Time": 19.855,
                                            "Actual Total Time": 65.836,
                                            "Actual Rows": 67349,
                                            "Actual Loops": 1
                                        }
                                    ],
                                    "Plans": [
                                        {
                                            "Node Type": "Bitmap Index Scan",
                                            "Parent Relationship": "Outer",
                                            "Parallel Aware": false,
                                            "Index Name": "company_id_movie_companies",
                                            "Startup Cost": 0.0,
                                            "Total Cost": 7313.52,
                                            "Plan Rows": 341479,
                                            "Plan Width": 0,
                                            "Actual Startup Time": 29.436,
                                            "Actual Total Time": 29.436,
                                            "Actual Rows": 349188,
                                            "Actual Loops": 1,
                                            "Index Cond": "(mc.company_id > 88356)"
                                        }
                                    ]
                                }
                            ]
                        }
                    ]
                }
            ]
        },
        "Planning Time": 317.774,
        "Triggers": [],
        "Execution Time": 90.952
    }
]