[
  {
    "Plan": {
      "Node Type": "Aggregate",
      "Strategy": "Plain",
      "Partial Mode": "Finalize",
      "Parallel Aware": false,
      "Startup Cost": 33297.23,
      "Total Cost": 33297.24,
      "Plan Rows": 1,
      "Plan Width": 8,
      "Actual Startup Time": 101.431,
      "Actual Total Time": 109.411,
      "Actual Rows": 1,
      "Actual Loops": 1,
      "Plans": [
        {
          "Node Type": "Gather",
          "Parent Relationship": "Outer",
          "Parallel Aware": false,
          "Startup Cost": 33296.91,
          "Total Cost": 33297.22,
          "Plan Rows": 3,
          "Plan Width": 8,
          "Actual Startup Time": 101.341,
          "Actual Total Time": 109.401,
          "Actual Rows": 4,
          "Actual Loops": 1,
          "Workers Planned": 3,
          "Workers Launched": 3,
          "Single Copy": false,
          "Plans": [
            {
              "Node Type": "Aggregate",
              "Strategy": "Plain",
              "Partial Mode": "Partial",
              "Parent Relationship": "Outer",
              "Parallel Aware": false,
              "Startup Cost": 32296.91,
              "Total Cost": 32296.92,
              "Plan Rows": 1,
              "Plan Width": 8,
              "Actual Startup Time": 94.146,
              "Actual Total Time": 94.147,
              "Actual Rows": 1,
              "Actual Loops": 4,
              "Plans": [
                {
                  "Node Type": "Seq Scan",
                  "Parent Relationship": "Outer",
                  "Parallel Aware": true,
                  "Relation Name": "movie_companies",
                  "Alias": "mc",
                  "Startup Cost": 0.0,
                  "Total Cost": 31414.82,
                  "Plan Rows": 352836,
                  "Plan Width": 0,
                  "Actual Startup Time": 0.133,
                  "Actual Total Time": 81.322,
                  "Actual Rows": 245077,
                  "Actual Loops": 4,
                  "Filter": "((company_id > 225) AND (company_type_id < 2))",
                  "Rows Removed by Filter": 407205
                }
              ]
            }
          ]
        }
      ]
    },
    "Planning Time": 0.216,
    "Triggers": [],
    "Execution Time": 109.47
  }
]