{
  "Plan": {
    "Node Type": "Aggregate",
    "Strategy": "Plain",
    "Partial Mode": "Finalize",
    "Parallel Aware": false,
    "Startup Cost": 114137.17,
    "Total Cost": 114137.18,
    "Plan Rows": 1,
    "Plan Width": 8,
    "Actual Startup Time": 517.087,
    "Actual Total Time": 536.182,
    "Actual Rows": 1,
    "Actual Loops": 1,
    "Plans": [
      {
        "Node Type": "Gather",
        "Parent Relationship": "Outer",
        "Parallel Aware": false,
        "Startup Cost": 114137.06,
        "Total Cost": 114137.17,
        "Plan Rows": 1,
        "Plan Width": 8,
        "Actual Startup Time": 514.696,
        "Actual Total Time": 536.173,
        "Actual Rows": 2,
        "Actual Loops": 1,
        "Workers Planned": 1,
        "Workers Launched": 1,
        "Single Copy": false,
        "Plans": [
          {
            "Node Type": "Aggregate",
            "Strategy": "Plain",
            "Partial Mode": "Partial",
            "Parent Relationship": "Outer",
            "Parallel Aware": false,
            "Startup Cost": 113137.06,
            "Total Cost": 113137.07,
            "Plan Rows": 1,
            "Plan Width": 8,
            "Actual Startup Time": 508.951,
            "Actual Total Time": 508.955,
            "Actual Rows": 1,
            "Actual Loops": 2,
            "Plans": [
              {
                "Node Type": "Hash Join",
                "Parent Relationship": "Outer",
                "Parallel Aware": true,
                "Join Type": "Inner",
                "Startup Cost": 80408.09,
                "Total Cost": 112633.36,
                "Plan Rows": 201479,
                "Plan Width": 0,
                "Actual Startup Time": 314.936,
                "Actual Total Time": 494.448,
                "Actual Rows": 362618,
                "Actual Loops": 2,
                "Inner Unique": true,
                "Hash Cond": "(mk.movie_id = t.id)",
                "Plans": [
                  {
                    "Node Type": "Bitmap Heap Scan",
                    "Parent Relationship": "Outer",
                    "Parallel Aware": true,
                    "Relation Name": "movie_keyword",
                    "Alias": "mk",
                    "Startup Cost": 18529.79,
                    "Total Cost": 49406.32,
                    "Plan Rows": 513803,
                    "Plan Width": 4,
                    "Actual Startup Time": 49.221,
                    "Actual Total Time": 137.108,
                    "Actual Rows": 434454,
                    "Actual Loops": 2,
                    "Recheck Cond": "(keyword_id > 21189)",
                    "Rows Removed by Index Recheck": 0,
                    "Exact Heap Blocks": 13635,
                    "Lossy Heap Blocks": 0,
                    "Plans": [
                      {
                        "Node Type": "Bitmap Index Scan",
                        "Parent Relationship": "Outer",
                        "Parallel Aware": false,
                        "Index Name": "keyword_id_movie_keyword",
                        "Startup Cost": 0.0,
                        "Total Cost": 18311.42,
                        "Plan Rows": 873465,
                        "Plan Width": 0,
                        "Actual Startup Time": 45.548,
                        "Actual Total Time": 45.549,
                        "Actual Rows": 868909,
                        "Actual Loops": 1,
                        "Index Cond": "(keyword_id > 21189)"
                      }
                    ]
                  },
                  {
                    "Node Type": "Hash",
                    "Parent Relationship": "Inner",
                    "Parallel Aware": true,
                    "Startup Cost": 54588.39,
                    "Total Cost": 54588.39,
                    "Plan Rows": 583193,
                    "Plan Width": 4,
                    "Actual Startup Time": 256.651,
                    "Actual Total Time": 256.651,
                    "Actual Rows": 492524,
                    "Actual Loops": 2,
                    "Hash Buckets": 1048576,
                    "Original Hash Buckets": 1048576,
                    "Hash Batches": 1,
                    "Original Hash Batches": 1,
                    "Peak Memory Usage": 46752,
                    "Plans": [
                      {
                        "Node Type": "Seq Scan",
                        "Parent Relationship": "Outer",
                        "Parallel Aware": true,
                        "Relation Name": "title",
                        "Alias": "t",
                        "Startup Cost": 0.0,
                        "Total Cost": 54588.39,
                        "Plan Rows": 583193,
                        "Plan Width": 4,
                        "Actual Startup Time": 0.043,
                        "Actual Total Time": 149.155,
                        "Actual Rows": 492524,
                        "Actual Loops": 2,
                        "Filter": "(kind_id < 7)",
                        "Rows Removed by Filter": 771632
                      }
                    ]
                  }
                ]
              }
            ]
          }
        ]
      }
    ]
  },
  "Planning Time": 0.679,
  "Triggers": [],
  "Execution Time": 536.273
}