[
  {
    "Plan": {
      "Node Type": "Aggregate",
      "Strategy": "Plain",
      "Partial Mode": "Finalize",
      "Parallel Aware": false,
      "Startup Cost": 350942.8,
      "Total Cost": 350942.81,
      "Plan Rows": 1,
      "Plan Width": 8,
      "Actual Startup Time": 843.786,
      "Actual Total Time": 891.685,
      "Actual Rows": 1,
      "Actual Loops": 1,
      "Plans": [
        {
          "Node Type": "Gather",
          "Parent Relationship": "Outer",
          "Parallel Aware": false,
          "Startup Cost": 350942.17,
          "Total Cost": 350942.78,
          "Plan Rows": 6,
          "Plan Width": 8,
          "Actual Startup Time": 843.588,
          "Actual Total Time": 891.671,
          "Actual Rows": 7,
          "Actual Loops": 1,
          "Workers Planned": 6,
          "Workers Launched": 6,
          "Single Copy": false,
          "Plans": [
            {
              "Node Type": "Aggregate",
              "Strategy": "Plain",
              "Partial Mode": "Partial",
              "Parent Relationship": "Outer",
              "Parallel Aware": false,
              "Startup Cost": 349942.17,
              "Total Cost": 349942.18,
              "Plan Rows": 1,
              "Plan Width": 8,
              "Actual Startup Time": 837.478,
              "Actual Total Time": 837.479,
              "Actual Rows": 1,
              "Actual Loops": 7,
              "Plans": [
                {
                  "Node Type": "Seq Scan",
                  "Parent Relationship": "Outer",
                  "Parallel Aware": true,
                  "Relation Name": "cast_info",
                  "Alias": "ci",
                  "Startup Cost": 0.0,
                  "Total Cost": 343316.27,
                  "Plan Rows": 2650360,
                  "Plan Width": 0,
                  "Actual Startup Time": 369.048,
                  "Actual Total Time": 720.397,
                  "Actual Rows": 2263979,
                  "Actual Loops": 7,
                  "Filter": "((person_id < 4012960) AND (role_id > 2))",
                  "Rows Removed by Filter": 2913785
                }
              ]
            }
          ]
        }
      ]
    },
    "Planning Time": 0.211,
    "Triggers": [],
    "Execution Time": 891.738
  }
]