[
  {
    "Plan": {
      "Node Type": "Aggregate",
      "Strategy": "Plain",
      "Partial Mode": "Finalize",
      "Parallel Aware": false,
      "Startup Cost": 65474.94,
      "Total Cost": 65474.95,
      "Plan Rows": 1,
      "Plan Width": 8,
      "Actual Startup Time": 237.5,
      "Actual Total Time": 250.053,
      "Actual Rows": 1,
      "Actual Loops": 1,
      "Plans": [
        {
          "Node Type": "Gather",
          "Parent Relationship": "Outer",
          "Parallel Aware": false,
          "Startup Cost": 65474.52,
          "Total Cost": 65474.93,
          "Plan Rows": 4,
          "Plan Width": 8,
          "Actual Startup Time": 233.85,
          "Actual Total Time": 250.044,
          "Actual Rows": 5,
          "Actual Loops": 1,
          "Workers Planned": 4,
          "Workers Launched": 4,
          "Single Copy": false,
          "Plans": [
            {
              "Node Type": "Aggregate",
              "Strategy": "Plain",
              "Partial Mode": "Partial",
              "Parent Relationship": "Outer",
              "Parallel Aware": false,
              "Startup Cost": 64474.52,
              "Total Cost": 64474.53,
              "Plan Rows": 1,
              "Plan Width": 8,
              "Actual Startup Time": 224.215,
              "Actual Total Time": 224.218,
              "Actual Rows": 1,
              "Actual Loops": 5,
              "Plans": [
                {
                  "Node Type": "Hash Join",
                  "Parent Relationship": "Outer",
                  "Parallel Aware": true,
                  "Join Type": "Inner",
                  "Startup Cost": 17490.54,
                  "Total Cost": 64337.82,
                  "Plan Rows": 54680,
                  "Plan Width": 0,
                  "Actual Startup Time": 78.714,
                  "Actual Total Time": 222.893,
                  "Actual Rows": 24254,
                  "Actual Loops": 5,
                  "Inner Unique": false,
                  "Hash Cond": "(t.id = mi_idx.movie_id)",
                  "Plans": [
                    {
                      "Node Type": "Seq Scan",
                      "Parent Relationship": "Outer",
                      "Parallel Aware": true,
                      "Relation Name": "title",
                      "Alias": "t",
                      "Startup Cost": 0.0,
                      "Total Cost": 45479.1,
                      "Plan Rows": 304090,
                      "Plan Width": 4,
                      "Actual Startup Time": 0.021,
                      "Actual Total Time": 81.239,
                      "Actual Rows": 260220,
                      "Actual Loops": 5,
                      "Filter": "((production_year > 1976) AND (kind_id = 7))",
                      "Rows Removed by Filter": 245442
                    },
                    {
                      "Node Type": "Hash",
                      "Parent Relationship": "Inner",
                      "Parallel Aware": true,
                      "Startup Cost": 15122.68,
                      "Total Cost": 15122.68,
                      "Plan Rows": 189429,
                      "Plan Width": 4,
                      "Actual Startup Time": 75.322,
                      "Actual Total Time": 75.323,
                      "Actual Rows": 91985,
                      "Actual Loops": 5,
                      "Hash Buckets": 524288,
                      "Original Hash Buckets": 524288,
                      "Hash Batches": 1,
                      "Original Hash Batches": 1,
                      "Peak Memory Usage": 22176,
                      "Plans": [
                        {
                          "Node Type": "Seq Scan",
                          "Parent Relationship": "Outer",
                          "Parallel Aware": true,
                          "Relation Name": "movie_info_idx",
                          "Alias": "mi_idx",
                          "Startup Cost": 0.0,
                          "Total Cost": 15122.68,
                          "Plan Rows": 189429,
                          "Plan Width": 4,
                          "Actual Startup Time": 0.087,
                          "Actual Total Time": 38.978,
                          "Actual Rows": 91985,
                          "Actual Loops": 5,
                          "Filter": "(info_type_id = 99)",
                          "Rows Removed by Filter": 184022
                        }
                      ]
                    }
                  ]
                }
              ]
            }
          ]
        }
      ]
    },
    "Planning Time": 0.641,
    "Triggers": [],
    "Execution Time": 250.128
  }
]