[
    {
        "Bao": {
            "Bao prediction": "NaN",
            "Bao recommended hint": "(no hint)"
        }
    },
    {
        "Plan": {
            "Node Type": "Aggregate",
            "Strategy": "Plain",
            "Partial Mode": "Finalize",
            "Parallel Aware": false,
            "Startup Cost": 83320.56,
            "Total Cost": 83320.57,
            "Plan Rows": 1,
            "Plan Width": 8,
            "Actual Startup Time": 415.292,
            "Actual Total Time": 425.184,
            "Actual Rows": 1,
            "Actual Loops": 1,
            "Output": [
                "count(*)"
            ],
            "Plans": [
                {
                    "Node Type": "Gather",
                    "Parent Relationship": "Outer",
                    "Parallel Aware": false,
                    "Startup Cost": 83320.14,
                    "Total Cost": 83320.55,
                    "Plan Rows": 4,
                    "Plan Width": 8,
                    "Actual Startup Time": 406.902,
                    "Actual Total Time": 425.177,
                    "Actual Rows": 5,
                    "Actual Loops": 1,
                    "Output": [
                        "(PARTIAL count(*))"
                    ],
                    "Workers Planned": 4,
                    "Workers Launched": 4,
                    "Single Copy": false,
                    "Plans": [
                        {
                            "Node Type": "Aggregate",
                            "Strategy": "Plain",
                            "Partial Mode": "Partial",
                            "Parent Relationship": "Outer",
                            "Parallel Aware": false,
                            "Startup Cost": 82320.14,
                            "Total Cost": 82320.15,
                            "Plan Rows": 1,
                            "Plan Width": 8,
                            "Actual Startup Time": 397.279,
                            "Actual Total Time": 397.282,
                            "Actual Rows": 1,
                            "Actual Loops": 5,
                            "Output": [
                                "PARTIAL count(*)"
                            ],
                            "Workers": [
                                {
                                    "Worker Number": 0,
                                    "Actual Startup Time": 394.782,
                                    "Actual Total Time": 394.785,
                                    "Actual Rows": 1,
                                    "Actual Loops": 1
                                },
                                {
                                    "Worker Number": 1,
                                    "Actual Startup Time": 394.865,
                                    "Actual Total Time": 394.868,
                                    "Actual Rows": 1,
                                    "Actual Loops": 1
                                },
                                {
                                    "Worker Number": 2,
                                    "Actual Startup Time": 394.932,
                                    "Actual Total Time": 394.935,
                                    "Actual Rows": 1,
                                    "Actual Loops": 1
                                },
                                {
                                    "Worker Number": 3,
                                    "Actual Startup Time": 395.213,
                                    "Actual Total Time": 395.217,
                                    "Actual Rows": 1,
                                    "Actual Loops": 1
                                }
                            ],
                            "Plans": [
                                {
                                    "Node Type": "Hash Join",
                                    "Parent Relationship": "Outer",
                                    "Parallel Aware": true,
                                    "Join Type": "Inner",
                                    "Startup Cost": 35419.33,
                                    "Total Cost": 81699.44,
                                    "Plan Rows": 248280,
                                    "Plan Width": 0,
                                    "Actual Startup Time": 160.208,
                                    "Actual Total Time": 386.873,
                                    "Actual Rows": 229580,
                                    "Actual Loops": 5,
                                    "Inner Unique": false,
                                    "Hash Cond": "(t.id = mc.movie_id)",
                                    "Workers": [
                                        {
                                            "Worker Number": 0,
                                            "Actual Startup Time": 157.884,
                                            "Actual Total Time": 384.065,
                                            "Actual Rows": 235732,
                                            "Actual Loops": 1
                                        },
                                        {
                                            "Worker Number": 1,
                                            "Actual Startup Time": 157.985,
                                            "Actual Total Time": 384.07,
                                            "Actual Rows": 236893,
                                            "Actual Loops": 1
                                        },
                                        {
                                            "Worker Number": 2,
                                            "Actual Startup Time": 158.041,
                                            "Actual Total Time": 384.372,
                                            "Actual Rows": 232297,
                                            "Actual Loops": 1
                                        },
                                        {
                                            "Worker Number": 3,
                                            "Actual Startup Time": 158.349,
                                            "Actual Total Time": 386.158,
                                            "Actual Rows": 185380,
                                            "Actual Loops": 1
                                        }
                                    ],
                                    "Plans": [
                                        {
                                            "Node Type": "Seq Scan",
                                            "Parent Relationship": "Outer",
                                            "Parallel Aware": true,
                                            "Relation Name": "title",
                                            "Schema": "public",
                                            "Alias": "t",
                                            "Startup Cost": 0.0,
                                            "Total Cost": 42318.81,
                                            "Plan Rows": 632080,
                                            "Plan Width": 4,
                                            "Actual Startup Time": 0.014,
                                            "Actual Total Time": 57.258,
                                            "Actual Rows": 505662,
                                            "Actual Loops": 5,
                                            "Output": [
                                                "t.id",
                                                "t.title",
                                                "t.imdb_index",
                                                "t.kind_id",
                                                "t.production_year",
                                                "t.imdb_id",
                                                "t.phonetic_code",
                                                "t.episode_of_id",
                                                "t.season_nr",
                                                "t.episode_nr",
                                                "t.series_years",
                                                "t.md5sum"
                                            ],
                                            "Workers": [
                                                {
                                                    "Worker Number": 0,
                                                    "Actual Startup Time": 0.011,
                                                    "Actual Total Time": 59.395,
                                                    "Actual Rows": 513569,
                                                    "Actual Loops": 1
                                                },
                                                {
                                                    "Worker Number": 1,
                                                    "Actual Startup Time": 0.018,
                                                    "Actual Total Time": 59.744,
                                                    "Actual Rows": 517050,
                                                    "Actual Loops": 1
                                                },
                                                {
                                                    "Worker Number": 2,
                                                    "Actual Startup Time": 0.014,
                                                    "Actual Total Time": 59.862,
                                                    "Actual Rows": 510221,
                                                    "Actual Loops": 1
                                                },
                                                {
                                                    "Worker Number": 3,
                                                    "Actual Startup Time": 0.02,
                                                    "Actual Total Time": 59.099,
                                                    "Actual Rows": 418208,
                                                    "Actual Loops": 1
                                                }
                                            ]
                                        },
                                        {
                                            "Node Type": "Hash",
                                            "Parent Relationship": "Inner",
                                            "Parallel Aware": true,
                                            "Startup Cost": 31414.82,
                                            "Total Cost": 31414.82,
                                            "Plan Rows": 320361,
                                            "Plan Width": 4,
                                            "Actual Startup Time": 157.633,
                                            "Actual Total Time": 157.634,
                                            "Actual Rows": 229580,
                                            "Actual Loops": 5,
                                            "Output": [
                                                "mc.movie_id"
                                            ],
                                            "Hash Buckets": 2097152,
                                            "Original Hash Buckets": 1048576,
                                            "Hash Batches": 1,
                                            "Original Hash Batches": 1,
                                            "Peak Memory Usage": 69600,
                                            "Workers": [
                                                {
                                                    "Worker Number": 0,
                                                    "Actual Startup Time": 157.174,
                                                    "Actual Total Time": 157.175,
                                                    "Actual Rows": 231699,
                                                    "Actual Loops": 1
                                                },
                                                {
                                                    "Worker Number": 1,
                                                    "Actual Startup Time": 157.267,
                                                    "Actual Total Time": 157.268,
                                                    "Actual Rows": 234007,
                                                    "Actual Loops": 1
                                                },
                                                {
                                                    "Worker Number": 2,
                                                    "Actual Startup Time": 157.284,
                                                    "Actual Total Time": 157.285,
                                                    "Actual Rows": 231698,
                                                    "Actual Loops": 1
                                                },
                                                {
                                                    "Worker Number": 3,
                                                    "Actual Startup Time": 157.523,
                                                    "Actual Total Time": 157.524,
                                                    "Actual Rows": 199288,
                                                    "Actual Loops": 1
                                                }
                                            ],
                                            "Plans": [
                                                {
                                                    "Node Type": "Seq Scan",
                                                    "Parent Relationship": "Outer",
                                                    "Parallel Aware": true,
                                                    "Relation Name": "movie_companies",
                                                    "Schema": "public",
                                                    "Alias": "mc",
                                                    "Startup Cost": 0.0,
                                                    "Total Cost": 31414.82,
                                                    "Plan Rows": 320361,
                                                    "Plan Width": 4,
                                                    "Actual Startup Time": 37.16,
                                                    "Actual Total Time": 71.037,
                                                    "Actual Rows": 229580,
                                                    "Actual Loops": 5,
                                                    "Output": [
                                                        "mc.movie_id"
                                                    ],
                                                    "Filter": "((mc.company_id > 981) AND (mc.company_type_id = 2))",
                                                    "Rows Removed by Filter": 292246,
                                                    "Workers": [
                                                        {
                                                            "Worker Number": 0,
                                                            "Actual Startup Time": 36.672,
                                                            "Actual Total Time": 71.697,
                                                            "Actual Rows": 231699,
                                                            "Actual Loops": 1
                                                        },
                                                        {
                                                            "Worker Number": 1,
                                                            "Actual Startup Time": 36.779,
                                                            "Actual Total Time": 71.726,
                                                            "Actual Rows": 234007,
                                                            "Actual Loops": 1
                                                        },
                                                        {
                                                            "Worker Number": 2,
                                                            "Actual Startup Time": 36.814,
                                                            "Actual Total Time": 71.826,
                                                            "Actual Rows": 231698,
                                                            "Actual Loops": 1
                                                        },
                                                        {
                                                            "Worker Number": 3,
                                                            "Actual Startup Time": 37.033,
                                                            "Actual Total Time": 69.023,
                                                            "Actual Rows": 199288,
                                                            "Actual Loops": 1
                                                        }
                                                    ]
                                                }
                                            ]
                                        }
                                    ]
                                }
                            ]
                        }
                    ]
                }
            ]
        },
        "Planning Time": 219.079,
        "Triggers": [],
        "Execution Time": 425.235
    }
]