[
  {
    "Plan": {
      "Node Type": "Aggregate",
      "Strategy": "Plain",
      "Partial Mode": "Finalize",
      "Parallel Aware": false,
      "Startup Cost": 33064.55,
      "Total Cost": 33064.56,
      "Plan Rows": 1,
      "Plan Width": 8,
      "Actual Startup Time": 86.209,
      "Actual Total Time": 94.14,
      "Actual Rows": 1,
      "Actual Loops": 1,
      "Plans": [
        {
          "Node Type": "Gather",
          "Parent Relationship": "Outer",
          "Parallel Aware": false,
          "Startup Cost": 33064.23,
          "Total Cost": 33064.54,
          "Plan Rows": 3,
          "Plan Width": 8,
          "Actual Startup Time": 86.081,
          "Actual Total Time": 94.133,
          "Actual Rows": 4,
          "Actual Loops": 1,
          "Workers Planned": 3,
          "Workers Launched": 3,
          "Single Copy": false,
          "Plans": [
            {
              "Node Type": "Aggregate",
              "Strategy": "Plain",
              "Partial Mode": "Partial",
              "Parent Relationship": "Outer",
              "Parallel Aware": false,
              "Startup Cost": 32064.23,
              "Total Cost": 32064.24,
              "Plan Rows": 1,
              "Plan Width": 8,
              "Actual Startup Time": 80.263,
              "Actual Total Time": 80.264,
              "Actual Rows": 1,
              "Actual Loops": 4,
              "Plans": [
                {
                  "Node Type": "Seq Scan",
                  "Parent Relationship": "Outer",
                  "Parallel Aware": true,
                  "Relation Name": "movie_companies",
                  "Alias": "mc",
                  "Startup Cost": 0.0,
                  "Total Cost": 31414.82,
                  "Plan Rows": 259765,
                  "Plan Width": 0,
                  "Actual Startup Time": 3.713,
                  "Actual Total Time": 73.419,
                  "Actual Rows": 147936,
                  "Actual Loops": 4,
                  "Filter": "((company_id > 4197) AND (company_type_id = 1))",
                  "Rows Removed by Filter": 504347
                }
              ]
            }
          ]
        }
      ]
    },
    "Planning Time": 0.219,
    "Triggers": [],
    "Execution Time": 94.193
  }
]