[
  {
    "Plan": {
      "Node Type": "Aggregate",
      "Strategy": "Plain",
      "Partial Mode": "Finalize",
      "Parallel Aware": false,
      "Startup Cost": 80555.06,
      "Total Cost": 80555.07,
      "Plan Rows": 1,
      "Plan Width": 8,
      "Actual Startup Time": 420.692,
      "Actual Total Time": 435.851,
      "Actual Rows": 1,
      "Actual Loops": 1,
      "Plans": [
        {
          "Node Type": "Gather",
          "Parent Relationship": "Outer",
          "Parallel Aware": false,
          "Startup Cost": 80554.74,
          "Total Cost": 80555.05,
          "Plan Rows": 3,
          "Plan Width": 8,
          "Actual Startup Time": 417.178,
          "Actual Total Time": 435.831,
          "Actual Rows": 4,
          "Actual Loops": 1,
          "Workers Planned": 3,
          "Workers Launched": 3,
          "Single Copy": false,
          "Plans": [
            {
              "Node Type": "Aggregate",
              "Strategy": "Plain",
              "Partial Mode": "Partial",
              "Parent Relationship": "Outer",
              "Parallel Aware": false,
              "Startup Cost": 79554.74,
              "Total Cost": 79554.75,
              "Plan Rows": 1,
              "Plan Width": 8,
              "Actual Startup Time": 405.018,
              "Actual Total Time": 405.021,
              "Actual Rows": 1,
              "Actual Loops": 4,
              "Plans": [
                {
                  "Node Type": "Hash Join",
                  "Parent Relationship": "Outer",
                  "Parallel Aware": true,
                  "Join Type": "Inner",
                  "Startup Cost": 49158.87,
                  "Total Cost": 78574.76,
                  "Plan Rows": 391992,
                  "Plan Width": 0,
                  "Actual Startup Time": 206.251,
                  "Actual Total Time": 399.04,
                  "Actual Rows": 146372,
                  "Actual Loops": 4,
                  "Inner Unique": true,
                  "Hash Cond": "(mc.movie_id = t.id)",
                  "Plans": [
                    {
                      "Node Type": "Seq Scan",
                      "Parent Relationship": "Outer",
                      "Parallel Aware": true,
                      "Relation Name": "movie_companies",
                      "Alias": "mc",
                      "Startup Cost": 0.0,
                      "Total Cost": 27206.55,
                      "Plan Rows": 841655,
                      "Plan Width": 4,
                      "Actual Startup Time": 0.013,
                      "Actual Total Time": 53.03,
                      "Actual Rows": 652282,
                      "Actual Loops": 4
                    },
                    {
                      "Node Type": "Hash",
                      "Parent Relationship": "Inner",
                      "Parallel Aware": true,
                      "Startup Cost": 45479.1,
                      "Total Cost": 45479.1,
                      "Plan Rows": 294382,
                      "Plan Width": 4,
                      "Actual Startup Time": 198.413,
                      "Actual Total Time": 198.414,
                      "Actual Rows": 284989,
                      "Actual Loops": 4,
                      "Hash Buckets": 2097152,
                      "Original Hash Buckets": 2097152,
                      "Hash Batches": 1,
                      "Original Hash Batches": 1,
                      "Peak Memory Usage": 61024,
                      "Plans": [
                        {
                          "Node Type": "Seq Scan",
                          "Parent Relationship": "Outer",
                          "Parallel Aware": true,
                          "Relation Name": "title",
                          "Alias": "t",
                          "Startup Cost": 0.0,
                          "Total Cost": 45479.1,
                          "Plan Rows": 294382,
                          "Plan Width": 4,
                          "Actual Startup Time": 0.034,
                          "Actual Total Time": 98.265,
                          "Actual Rows": 284989,
                          "Actual Loops": 4,
                          "Filter": "((kind_id > 4) AND (production_year < 2010))",
                          "Rows Removed by Filter": 347089
                        }
                      ]
                    }
                  ]
                }
              ]
            }
          ]
        }
      ]
    },
    "Planning Time": 0.61,
    "Triggers": [],
    "Execution Time": 435.92
  }
]