[
  {
    "Plan": {
      "Node Type": "Aggregate",
      "Strategy": "Plain",
      "Partial Mode": "Finalize",
      "Parallel Aware": false,
      "Startup Cost": 44399.25,
      "Total Cost": 44399.26,
      "Plan Rows": 1,
      "Plan Width": 8,
      "Actual Startup Time": 100.582,
      "Actual Total Time": 109.845,
      "Actual Rows": 1,
      "Actual Loops": 1,
      "Plans": [
        {
          "Node Type": "Gather",
          "Parent Relationship": "Outer",
          "Parallel Aware": false,
          "Startup Cost": 44398.93,
          "Total Cost": 44399.24,
          "Plan Rows": 3,
          "Plan Width": 8,
          "Actual Startup Time": 100.471,
          "Actual Total Time": 109.832,
          "Actual Rows": 4,
          "Actual Loops": 1,
          "Workers Planned": 3,
          "Workers Launched": 3,
          "Single Copy": false,
          "Plans": [
            {
              "Node Type": "Aggregate",
              "Strategy": "Plain",
              "Partial Mode": "Partial",
              "Parent Relationship": "Outer",
              "Parallel Aware": false,
              "Startup Cost": 43398.93,
              "Total Cost": 43398.94,
              "Plan Rows": 1,
              "Plan Width": 8,
              "Actual Startup Time": 96.52,
              "Actual Total Time": 96.521,
              "Actual Rows": 1,
              "Actual Loops": 4,
              "Plans": [
                {
                  "Node Type": "Seq Scan",
                  "Parent Relationship": "Outer",
                  "Parallel Aware": true,
                  "Relation Name": "movie_keyword",
                  "Alias": "mk",
                  "Startup Cost": 0.0,
                  "Total Cost": 42695.65,
                  "Plan Rows": 281310,
                  "Plan Width": 0,
                  "Actual Startup Time": 1.178,
                  "Actual Total Time": 87.163,
                  "Actual Rows": 216635,
                  "Actual Loops": 4,
                  "Filter": "(keyword_id > 21261)",
                  "Rows Removed by Filter": 914348
                }
              ]
            }
          ]
        }
      ]
    },
    "Planning Time": 0.179,
    "Triggers": [],
    "Execution Time": 109.897
  }
]