[
  {
    "Plan": {
      "Node Type": "Aggregate",
      "Strategy": "Plain",
      "Partial Mode": "Finalize",
      "Parallel Aware": false,
      "Startup Cost": 31688.73,
      "Total Cost": 31688.74,
      "Plan Rows": 1,
      "Plan Width": 8,
      "Actual Startup Time": 117.542,
      "Actual Total Time": 125.975,
      "Actual Rows": 1,
      "Actual Loops": 1,
      "Plans": [
        {
          "Node Type": "Gather",
          "Parent Relationship": "Outer",
          "Parallel Aware": false,
          "Startup Cost": 31688.41,
          "Total Cost": 31688.72,
          "Plan Rows": 3,
          "Plan Width": 8,
          "Actual Startup Time": 117.413,
          "Actual Total Time": 125.967,
          "Actual Rows": 4,
          "Actual Loops": 1,
          "Workers Planned": 3,
          "Workers Launched": 3,
          "Single Copy": false,
          "Plans": [
            {
              "Node Type": "Aggregate",
              "Strategy": "Plain",
              "Partial Mode": "Partial",
              "Parent Relationship": "Outer",
              "Parallel Aware": false,
              "Startup Cost": 30688.41,
              "Total Cost": 30688.42,
              "Plan Rows": 1,
              "Plan Width": 8,
              "Actual Startup Time": 109.893,
              "Actual Total Time": 109.894,
              "Actual Rows": 1,
              "Actual Loops": 4,
              "Plans": [
                {
                  "Node Type": "Seq Scan",
                  "Parent Relationship": "Outer",
                  "Parallel Aware": true,
                  "Relation Name": "movie_companies",
                  "Alias": "mc",
                  "Startup Cost": 0.0,
                  "Total Cost": 29310.68,
                  "Plan Rows": 551093,
                  "Plan Width": 0,
                  "Actual Startup Time": 2.25,
                  "Actual Total Time": 89.801,
                  "Actual Rows": 427885,
                  "Actual Loops": 4,
                  "Filter": "(company_id > 2841)",
                  "Rows Removed by Filter": 224397
                }
              ]
            }
          ]
        }
      ]
    },
    "Planning Time": 0.187,
    "Triggers": [],
    "Execution Time": 126.03
  }
]