[
  {
    "Plan": {
      "Node Type": "Aggregate",
      "Strategy": "Plain",
      "Partial Mode": "Finalize",
      "Parallel Aware": false,
      "Startup Cost": 455650.96,
      "Total Cost": 455650.97,
      "Plan Rows": 1,
      "Plan Width": 8,
      "Actual Startup Time": 2172.552,
      "Actual Total Time": 2241.097,
      "Actual Rows": 1,
      "Actual Loops": 1,
      "Plans": [
        {
          "Node Type": "Gather",
          "Parent Relationship": "Outer",
          "Parallel Aware": false,
          "Startup Cost": 455650.34,
          "Total Cost": 455650.95,
          "Plan Rows": 6,
          "Plan Width": 8,
          "Actual Startup Time": 2142.168,
          "Actual Total Time": 2241.083,
          "Actual Rows": 7,
          "Actual Loops": 1,
          "Workers Planned": 6,
          "Workers Launched": 6,
          "Single Copy": false,
          "Plans": [
            {
              "Node Type": "Aggregate",
              "Strategy": "Plain",
              "Partial Mode": "Partial",
              "Parent Relationship": "Outer",
              "Parallel Aware": false,
              "Startup Cost": 454650.34,
              "Total Cost": 454650.35,
              "Plan Rows": 1,
              "Plan Width": 8,
              "Actual Startup Time": 2132.023,
              "Actual Total Time": 2132.133,
              "Actual Rows": 1,
              "Actual Loops": 7,
              "Plans": [
                {
                  "Node Type": "Hash Join",
                  "Parent Relationship": "Outer",
                  "Parallel Aware": true,
                  "Join Type": "Inner",
                  "Startup Cost": 93970.83,
                  "Total Cost": 452528.42,
                  "Plan Rows": 848768,
                  "Plan Width": 0,
                  "Actual Startup Time": 450.188,
                  "Actual Total Time": 2006.989,
                  "Actual Rows": 2594162,
                  "Actual Loops": 7,
                  "Inner Unique": false,
                  "Hash Cond": "(ci.movie_id = t.id)",
                  "Plans": [
                    {
                      "Node Type": "Seq Scan",
                      "Parent Relationship": "Outer",
                      "Parallel Aware": true,
                      "Relation Name": "cast_info",
                      "Alias": "ci",
                      "Startup Cost": 0.0,
                      "Total Cost": 343257.03,
                      "Plan Rows": 3350026,
                      "Plan Width": 4,
                      "Actual Startup Time": 0.025,
                      "Actual Total Time": 763.883,
                      "Actual Rows": 3391016,
                      "Actual Loops": 7,
                      "Filter": "((person_id < 2732370) AND (role_id < 6))",
                      "Rows Removed by Filter": 1786748
                    },
                    {
                      "Node Type": "Hash",
                      "Parent Relationship": "Inner",
                      "Parallel Aware": true,
                      "Startup Cost": 91387.88,
                      "Total Cost": 91387.88,
                      "Plan Rows": 206636,
                      "Plan Width": 8,
                      "Actual Startup Time": 447.156,
                      "Actual Total Time": 447.262,
                      "Actual Rows": 88848,
                      "Actual Loops": 7,
                      "Hash Buckets": 1048576,
                      "Original Hash Buckets": 1048576,
                      "Hash Batches": 1,
                      "Original Hash Batches": 1,
                      "Peak Memory Usage": 32672,
                      "Plans": [
                        {
                          "Node Type": "Hash Join",
                          "Parent Relationship": "Outer",
                          "Parallel Aware": true,
                          "Join Type": "Inner",
                          "Startup Cost": 63808.51,
                          "Total Cost": 91387.88,
                          "Plan Rows": 206636,
                          "Plan Width": 8,
                          "Actual Startup Time": 306.791,
                          "Actual Total Time": 398.205,
                          "Actual Rows": 88848,
                          "Actual Loops": 7,
                          "Inner Unique": true,
                          "Hash Cond": "(mk.movie_id = t.id)",
                          "Plans": [
                            {
                              "Node Type": "Bitmap Heap Scan",
                              "Parent Relationship": "Outer",
                              "Parallel Aware": true,
                              "Relation Name": "movie_keyword",
                              "Alias": "mk",
                              "Startup Cost": 13588.87,
                              "Total Cost": 40625.82,
                              "Plan Rows": 206636,
                              "Plan Width": 4,
                              "Actual Startup Time": 36.757,
                              "Actual Total Time": 89.922,
                              "Actual Rows": 88848,
                              "Actual Loops": 7,
                              "Recheck Cond": "(keyword_id > 29338)",
                              "Rows Removed by Index Recheck": 0,
                              "Exact Heap Blocks": 5148,
                              "Lossy Heap Blocks": 0,
                              "Plans": [
                                {
                                  "Node Type": "Bitmap Index Scan",
                                  "Parent Relationship": "Outer",
                                  "Parallel Aware": false,
                                  "Index Name": "keyword_id_movie_keyword",
                                  "Startup Cost": 0.0,
                                  "Total Cost": 13428.72,
                                  "Plan Rows": 640572,
                                  "Plan Width": 0,
                                  "Actual Startup Time": 33.015,
                                  "Actual Total Time": 33.016,
                                  "Actual Rows": 621937,
                                  "Actual Loops": 1,
                                  "Index Cond": "(keyword_id > 29338)"
                                }
                              ]
                            },
                            {
                              "Node Type": "Hash",
                              "Parent Relationship": "Inner",
                              "Parallel Aware": true,
                              "Startup Cost": 42318.73,
                              "Total Cost": 42318.73,
                              "Plan Rows": 632073,
                              "Plan Width": 4,
                              "Actual Startup Time": 265.489,
                              "Actual Total Time": 265.49,
                              "Actual Rows": 361187,
                              "Actual Loops": 7,
                              "Hash Buckets": 4194304,
                              "Original Hash Buckets": 4194304,
                              "Hash Batches": 1,
                              "Original Hash Batches": 1,
                              "Peak Memory Usage": 131776,
                              "Plans": [
                                {
                                  "Node Type": "Seq Scan",
                                  "Parent Relationship": "Outer",
                                  "Parallel Aware": true,
                                  "Relation Name": "title",
                                  "Alias": "t",
                                  "Startup Cost": 0.0,
                                  "Total Cost": 42318.73,
                                  "Plan Rows": 632073,
                                  "Plan Width": 4,
                                  "Actual Startup Time": 0.044,
                                  "Actual Total Time": 76.258,
                                  "Actual Rows": 361187,
                                  "Actual Loops": 7
                                }
                              ]
                            }
                          ]
                        }
                      ]
                    }
                  ]
                }
              ]
            }
          ]
        }
      ]
    },
    "Planning Time": 1.35,
    "Triggers": [],
    "Execution Time": 2241.237
  }
]