[
  {
    "Plan": {
      "Node Type": "Aggregate",
      "Strategy": "Plain",
      "Partial Mode": "Finalize",
      "Parallel Aware": false,
      "Startup Cost": 46835.53,
      "Total Cost": 46835.54,
      "Plan Rows": 1,
      "Plan Width": 8,
      "Actual Startup Time": 153.371,
      "Actual Total Time": 162.808,
      "Actual Rows": 1,
      "Actual Loops": 1,
      "Plans": [
        {
          "Node Type": "Gather",
          "Parent Relationship": "Outer",
          "Parallel Aware": false,
          "Startup Cost": 46835.22,
          "Total Cost": 46835.53,
          "Plan Rows": 3,
          "Plan Width": 8,
          "Actual Startup Time": 153.209,
          "Actual Total Time": 162.797,
          "Actual Rows": 4,
          "Actual Loops": 1,
          "Workers Planned": 3,
          "Workers Launched": 3,
          "Single Copy": false,
          "Plans": [
            {
              "Node Type": "Aggregate",
              "Strategy": "Plain",
              "Partial Mode": "Partial",
              "Parent Relationship": "Outer",
              "Parallel Aware": false,
              "Startup Cost": 45835.22,
              "Total Cost": 45835.23,
              "Plan Rows": 1,
              "Plan Width": 8,
              "Actual Startup Time": 149.558,
              "Actual Total Time": 149.559,
              "Actual Rows": 1,
              "Actual Loops": 4,
              "Plans": [
                {
                  "Node Type": "Seq Scan",
                  "Parent Relationship": "Outer",
                  "Parallel Aware": true,
                  "Relation Name": "movie_keyword",
                  "Alias": "mk",
                  "Startup Cost": 0.0,
                  "Total Cost": 42695.65,
                  "Plan Rows": 1255825,
                  "Plan Width": 0,
                  "Actual Startup Time": 0.074,
                  "Actual Total Time": 109.746,
                  "Actual Rows": 971073,
                  "Actual Loops": 4,
                  "Filter": "(keyword_id > 495)",
                  "Rows Removed by Filter": 159910
                }
              ]
            }
          ]
        }
      ]
    },
    "Planning Time": 0.183,
    "Triggers": [],
    "Execution Time": 162.861
  }
]