[
  {
    "Plan": {
      "Node Type": "Aggregate",
      "Strategy": "Plain",
      "Partial Mode": "Finalize",
      "Parallel Aware": false,
      "Startup Cost": 82235.2,
      "Total Cost": 82235.21,
      "Plan Rows": 1,
      "Plan Width": 8,
      "Actual Startup Time": 312.498,
      "Actual Total Time": 327.95,
      "Actual Rows": 1,
      "Actual Loops": 1,
      "Plans": [
        {
          "Node Type": "Gather",
          "Parent Relationship": "Outer",
          "Parallel Aware": false,
          "Startup Cost": 82234.78,
          "Total Cost": 82235.19,
          "Plan Rows": 4,
          "Plan Width": 8,
          "Actual Startup Time": 309.219,
          "Actual Total Time": 327.941,
          "Actual Rows": 5,
          "Actual Loops": 1,
          "Workers Planned": 4,
          "Workers Launched": 4,
          "Single Copy": false,
          "Plans": [
            {
              "Node Type": "Aggregate",
              "Strategy": "Plain",
              "Partial Mode": "Partial",
              "Parent Relationship": "Outer",
              "Parallel Aware": false,
              "Startup Cost": 81234.78,
              "Total Cost": 81234.79,
              "Plan Rows": 1,
              "Plan Width": 8,
              "Actual Startup Time": 299.323,
              "Actual Total Time": 299.326,
              "Actual Rows": 1,
              "Actual Loops": 5,
              "Plans": [
                {
                  "Node Type": "Hash Join",
                  "Parent Relationship": "Outer",
                  "Parallel Aware": true,
                  "Join Type": "Inner",
                  "Startup Cost": 34618.41,
                  "Total Cost": 80738.22,
                  "Plan Rows": 198622,
                  "Plan Width": 0,
                  "Actual Startup Time": 131.047,
                  "Actual Total Time": 294.38,
                  "Actual Rows": 115728,
                  "Actual Loops": 5,
                  "Inner Unique": false,
                  "Hash Cond": "(t.id = mc.movie_id)",
                  "Plans": [
                    {
                      "Node Type": "Seq Scan",
                      "Parent Relationship": "Outer",
                      "Parallel Aware": true,
                      "Relation Name": "title",
                      "Alias": "t",
                      "Startup Cost": 0.0,
                      "Total Cost": 42318.73,
                      "Plan Rows": 632073,
                      "Plan Width": 4,
                      "Actual Startup Time": 0.015,
                      "Actual Total Time": 63.696,
                      "Actual Rows": 505662,
                      "Actual Loops": 5
                    },
                    {
                      "Node Type": "Hash",
                      "Parent Relationship": "Inner",
                      "Parallel Aware": true,
                      "Startup Cost": 31414.82,
                      "Total Cost": 31414.82,
                      "Plan Rows": 256287,
                      "Plan Width": 4,
                      "Actual Startup Time": 112.916,
                      "Actual Total Time": 112.917,
                      "Actual Rows": 115728,
                      "Actual Loops": 5,
                      "Hash Buckets": 1048576,
                      "Original Hash Buckets": 1048576,
                      "Hash Batches": 1,
                      "Original Hash Batches": 1,
                      "Peak Memory Usage": 30944,
                      "Plans": [
                        {
                          "Node Type": "Seq Scan",
                          "Parent Relationship": "Outer",
                          "Parallel Aware": true,
                          "Relation Name": "movie_companies",
                          "Alias": "mc",
                          "Startup Cost": 0.0,
                          "Total Cost": 31414.82,
                          "Plan Rows": 256287,
                          "Plan Width": 4,
                          "Actual Startup Time": 5.432,
                          "Actual Total Time": 70.042,
                          "Actual Rows": 115728,
                          "Actual Loops": 5,
                          "Filter": "((company_id > 4624) AND (company_type_id < 2))",
                          "Rows Removed by Filter": 406098
                        }
                      ]
                    }
                  ]
                }
              ]
            }
          ]
        }
      ]
    },
    "Planning Time": 0.665,
    "Triggers": [],
    "Execution Time": 328.02
  }
]