[
  {
    "Plan": {
      "Node Type": "Aggregate",
      "Strategy": "Plain",
      "Partial Mode": "Finalize",
      "Parallel Aware": false,
      "Startup Cost": 71903.6,
      "Total Cost": 71903.61,
      "Plan Rows": 1,
      "Plan Width": 8,
      "Actual Startup Time": 194.676,
      "Actual Total Time": 221.034,
      "Actual Rows": 1,
      "Actual Loops": 1,
      "Plans": [
        {
          "Node Type": "Gather",
          "Parent Relationship": "Outer",
          "Parallel Aware": false,
          "Startup Cost": 71903.18,
          "Total Cost": 71903.59,
          "Plan Rows": 4,
          "Plan Width": 8,
          "Actual Startup Time": 194.087,
          "Actual Total Time": 221.024,
          "Actual Rows": 5,
          "Actual Loops": 1,
          "Workers Planned": 4,
          "Workers Launched": 4,
          "Single Copy": false,
          "Plans": [
            {
              "Node Type": "Aggregate",
              "Strategy": "Plain",
              "Partial Mode": "Partial",
              "Parent Relationship": "Outer",
              "Parallel Aware": false,
              "Startup Cost": 70903.18,
              "Total Cost": 70903.19,
              "Plan Rows": 1,
              "Plan Width": 8,
              "Actual Startup Time": 184.009,
              "Actual Total Time": 184.015,
              "Actual Rows": 1,
              "Actual Loops": 5,
              "Plans": [
                {
                  "Node Type": "Nested Loop",
                  "Parent Relationship": "Outer",
                  "Parallel Aware": false,
                  "Join Type": "Inner",
                  "Startup Cost": 20673.35,
                  "Total Cost": 70876.56,
                  "Plan Rows": 10650,
                  "Plan Width": 0,
                  "Actual Startup Time": 36.654,
                  "Actual Total Time": 181.992,
                  "Actual Rows": 27002,
                  "Actual Loops": 5,
                  "Inner Unique": false,
                  "Plans": [
                    {
                      "Node Type": "Hash Join",
                      "Parent Relationship": "Outer",
                      "Parallel Aware": true,
                      "Join Type": "Inner",
                      "Startup Cost": 20672.78,
                      "Total Cost": 64861.87,
                      "Plan Rows": 743,
                      "Plan Width": 8,
                      "Actual Startup Time": 36.516,
                      "Actual Total Time": 109.178,
                      "Actual Rows": 2427,
                      "Actual Loops": 5,
                      "Inner Unique": false,
                      "Hash Cond": "(t.id = mc.movie_id)",
                      "Plans": [
                        {
                          "Node Type": "Seq Scan",
                          "Parent Relationship": "Outer",
                          "Parallel Aware": true,
                          "Relation Name": "title",
                          "Alias": "t",
                          "Startup Cost": 0.0,
                          "Total Cost": 43898.92,
                          "Plan Rows": 57554,
                          "Plan Width": 4,
                          "Actual Startup Time": 0.032,
                          "Actual Total Time": 61.596,
                          "Actual Rows": 48280,
                          "Actual Loops": 5,
                          "Filter": "(production_year < 1960)",
                          "Rows Removed by Filter": 457382
                        },
                        {
                          "Node Type": "Hash",
                          "Parent Relationship": "Inner",
                          "Parallel Aware": true,
                          "Startup Cost": 20541.11,
                          "Total Cost": 20541.11,
                          "Plan Rows": 10534,
                          "Plan Width": 4,
                          "Actual Startup Time": 35.333,
                          "Actual Total Time": 35.335,
                          "Actual Rows": 12328,
                          "Actual Loops": 5,
                          "Hash Buckets": 65536,
                          "Original Hash Buckets": 32768,
                          "Hash Batches": 1,
                          "Original Hash Batches": 1,
                          "Peak Memory Usage": 3264,
                          "Plans": [
                            {
                              "Node Type": "Bitmap Heap Scan",
                              "Parent Relationship": "Outer",
                              "Parallel Aware": true,
                              "Relation Name": "movie_companies",
                              "Alias": "mc",
                              "Startup Cost": 1430.12,
                              "Total Cost": 20541.11,
                              "Plan Rows": 10534,
                              "Plan Width": 4,
                              "Actual Startup Time": 5.503,
                              "Actual Total Time": 25.909,
                              "Actual Rows": 12328,
                              "Actual Loops": 5,
                              "Recheck Cond": "(company_id < 11)",
                              "Rows Removed by Index Recheck": 0,
                              "Filter": "(company_type_id < 2)",
                              "Rows Removed by Filter": 1658,
                              "Exact Heap Blocks": 3977,
                              "Lossy Heap Blocks": 0,
                              "Plans": [
                                {
                                  "Node Type": "Bitmap Index Scan",
                                  "Parent Relationship": "Outer",
                                  "Parallel Aware": false,
                                  "Index Name": "company_id_movie_companies",
                                  "Startup Cost": 0.0,
                                  "Total Cost": 1421.96,
                                  "Plan Rows": 66337,
                                  "Plan Width": 0,
                                  "Actual Startup Time": 9.163,
                                  "Actual Total Time": 9.164,
                                  "Actual Rows": 69928,
                                  "Actual Loops": 1,
                                  "Index Cond": "(company_id < 11)"
                                }
                              ]
                            }
                          ]
                        }
                      ]
                    },
                    {
                      "Node Type": "Index Only Scan",
                      "Parent Relationship": "Inner",
                      "Parallel Aware": false,
                      "Scan Direction": "Forward",
                      "Index Name": "movie_id_cast_info",
                      "Relation Name": "cast_info",
                      "Alias": "ci",
                      "Startup Cost": 0.56,
                      "Total Cost": 7.73,
                      "Plan Rows": 37,
                      "Plan Width": 4,
                      "Actual Startup Time": 0.007,
                      "Actual Total Time": 0.029,
                      "Actual Rows": 11,
                      "Actual Loops": 12134,
                      "Index Cond": "(movie_id = t.id)",
                      "Rows Removed by Index Recheck": 0,
                      "Heap Fetches": 135009
                    }
                  ]
                }
              ]
            }
          ]
        }
      ]
    },
    "Planning Time": 1.546,
    "Triggers": [],
    "Execution Time": 221.168
  }
]