[
  {
    "Plan": {
      "Node Type": "Aggregate",
      "Strategy": "Plain",
      "Partial Mode": "Finalize",
      "Parallel Aware": false,
      "Startup Cost": 45841.08,
      "Total Cost": 45841.09,
      "Plan Rows": 1,
      "Plan Width": 8,
      "Actual Startup Time": 176.994,
      "Actual Total Time": 184.23,
      "Actual Rows": 1,
      "Actual Loops": 1,
      "Plans": [
        {
          "Node Type": "Gather",
          "Parent Relationship": "Outer",
          "Parallel Aware": false,
          "Startup Cost": 45840.76,
          "Total Cost": 45841.07,
          "Plan Rows": 3,
          "Plan Width": 8,
          "Actual Startup Time": 176.88,
          "Actual Total Time": 184.222,
          "Actual Rows": 4,
          "Actual Loops": 1,
          "Workers Planned": 3,
          "Workers Launched": 3,
          "Single Copy": false,
          "Plans": [
            {
              "Node Type": "Aggregate",
              "Strategy": "Plain",
              "Partial Mode": "Partial",
              "Parent Relationship": "Outer",
              "Parallel Aware": false,
              "Startup Cost": 44840.76,
              "Total Cost": 44840.77,
              "Plan Rows": 1,
              "Plan Width": 8,
              "Actual Startup Time": 170.178,
              "Actual Total Time": 170.179,
              "Actual Rows": 1,
              "Actual Loops": 4,
              "Plans": [
                {
                  "Node Type": "Seq Scan",
                  "Parent Relationship": "Outer",
                  "Parallel Aware": true,
                  "Relation Name": "movie_keyword",
                  "Alias": "mk",
                  "Startup Cost": 0.0,
                  "Total Cost": 42695.65,
                  "Plan Rows": 858043,
                  "Plan Width": 0,
                  "Actual Startup Time": 0.499,
                  "Actual Total Time": 133.596,
                  "Actual Rows": 664556,
                  "Actual Loops": 4,
                  "Filter": "(keyword_id > 3152)",
                  "Rows Removed by Filter": 466426
                }
              ]
            }
          ]
        }
      ]
    },
    "Planning Time": 0.182,
    "Triggers": [],
    "Execution Time": 184.281
  }
]