{
  "Plan": {
    "Node Type": "Aggregate",
    "Strategy": "Plain",
    "Partial Mode": "Finalize",
    "Parallel Aware": false,
    "Startup Cost": 580573.79,
    "Total Cost": 580573.8,
    "Plan Rows": 1,
    "Plan Width": 8,
    "Actual Startup Time": 228.969,
    "Actual Total Time": 254.736,
    "Actual Rows": 1,
    "Actual Loops": 1,
    "Plans": [
      {
        "Node Type": "Gather",
        "Parent Relationship": "Outer",
        "Parallel Aware": false,
        "Startup Cost": 580573.68,
        "Total Cost": 580573.79,
        "Plan Rows": 1,
        "Plan Width": 8,
        "Actual Startup Time": 228.856,
        "Actual Total Time": 254.728,
        "Actual Rows": 2,
        "Actual Loops": 1,
        "Workers Planned": 1,
        "Workers Launched": 1,
        "Single Copy": false,
        "Plans": [
          {
            "Node Type": "Aggregate",
            "Strategy": "Plain",
            "Partial Mode": "Partial",
            "Parent Relationship": "Outer",
            "Parallel Aware": false,
            "Startup Cost": 579573.68,
            "Total Cost": 579573.69,
            "Plan Rows": 1,
            "Plan Width": 8,
            "Actual Startup Time": 222.956,
            "Actual Total Time": 222.957,
            "Actual Rows": 1,
            "Actual Loops": 2,
            "Plans": [
              {
                "Node Type": "Nested Loop",
                "Parent Relationship": "Outer",
                "Parallel Aware": false,
                "Join Type": "Inner",
                "Startup Cost": 0.56,
                "Total Cost": 579371.68,
                "Plan Rows": 80799,
                "Plan Width": 0,
                "Actual Startup Time": 92.853,
                "Actual Total Time": 221.6,
                "Actual Rows": 21371,
                "Actual Loops": 2,
                "Inner Unique": false,
                "Plans": [
                  {
                    "Node Type": "Seq Scan",
                    "Parent Relationship": "Outer",
                    "Parallel Aware": true,
                    "Relation Name": "title",
                    "Alias": "t",
                    "Startup Cost": 0.0,
                    "Total Cost": 58306.47,
                    "Plan Rows": 5639,
                    "Plan Width": 4,
                    "Actual Startup Time": 92.729,
                    "Actual Total Time": 139.244,
                    "Actual Rows": 14552,
                    "Actual Loops": 2,
                    "Filter": "((kind_id < 7) AND (production_year < 1911))",
                    "Rows Removed by Filter": 1249604
                  },
                  {
                    "Node Type": "Index Only Scan",
                    "Parent Relationship": "Inner",
                    "Parallel Aware": false,
                    "Scan Direction": "Forward",
                    "Index Name": "movie_id_cast_info",
                    "Relation Name": "cast_info",
                    "Alias": "ci",
                    "Startup Cost": 0.56,
                    "Total Cost": 92.03,
                    "Plan Rows": 37,
                    "Plan Width": 4,
                    "Actual Startup Time": 0.004,
                    "Actual Total Time": 0.005,
                    "Actual Rows": 1,
                    "Actual Loops": 29104,
                    "Index Cond": "(movie_id = t.id)",
                    "Rows Removed by Index Recheck": 0,
                    "Heap Fetches": 42742
                  }
                ]
              }
            ]
          }
        ]
      }
    ]
  },
  "Planning Time": 0.461,
  "Triggers": [],
  "Execution Time": 254.813
}