[
  {
    "Plan": {
      "Node Type": "Aggregate",
      "Strategy": "Plain",
      "Partial Mode": "Finalize",
      "Parallel Aware": false,
      "Startup Cost": 396593.43,
      "Total Cost": 396593.44,
      "Plan Rows": 1,
      "Plan Width": 8,
      "Actual Startup Time": 1167.312,
      "Actual Total Time": 1228.028,
      "Actual Rows": 1,
      "Actual Loops": 1,
      "Plans": [
        {
          "Node Type": "Gather",
          "Parent Relationship": "Outer",
          "Parallel Aware": false,
          "Startup Cost": 396592.81,
          "Total Cost": 396593.42,
          "Plan Rows": 6,
          "Plan Width": 8,
          "Actual Startup Time": 1157.389,
          "Actual Total Time": 1228.018,
          "Actual Rows": 7,
          "Actual Loops": 1,
          "Workers Planned": 6,
          "Workers Launched": 6,
          "Single Copy": false,
          "Plans": [
            {
              "Node Type": "Aggregate",
              "Strategy": "Plain",
              "Partial Mode": "Partial",
              "Parent Relationship": "Outer",
              "Parallel Aware": false,
              "Startup Cost": 395592.81,
              "Total Cost": 395592.82,
              "Plan Rows": 1,
              "Plan Width": 8,
              "Actual Startup Time": 1135.715,
              "Actual Total Time": 1135.718,
              "Actual Rows": 1,
              "Actual Loops": 7,
              "Plans": [
                {
                  "Node Type": "Hash Join",
                  "Parent Relationship": "Outer",
                  "Parallel Aware": true,
                  "Join Type": "Inner",
                  "Startup Cost": 50219.64,
                  "Total Cost": 394560.55,
                  "Plan Rows": 412904,
                  "Plan Width": 0,
                  "Actual Startup Time": 721.993,
                  "Actual Total Time": 1110.392,
                  "Actual Rows": 518362,
                  "Actual Loops": 7,
                  "Inner Unique": true,
                  "Hash Cond": "(ci.movie_id = t.id)",
                  "Plans": [
                    {
                      "Node Type": "Seq Scan",
                      "Parent Relationship": "Outer",
                      "Parallel Aware": true,
                      "Relation Name": "cast_info",
                      "Alias": "ci",
                      "Startup Cost": 0.0,
                      "Total Cost": 343257.03,
                      "Plan Rows": 412904,
                      "Plan Width": 4,
                      "Actual Startup Time": 461.448,
                      "Actual Total Time": 604.517,
                      "Actual Rows": 518362,
                      "Actual Loops": 7,
                      "Filter": "((person_id > 3404638) AND (role_id > 1))",
                      "Rows Removed by Filter": 4659402
                    },
                    {
                      "Node Type": "Hash",
                      "Parent Relationship": "Inner",
                      "Parallel Aware": true,
                      "Startup Cost": 42318.73,
                      "Total Cost": 42318.73,
                      "Plan Rows": 632073,
                      "Plan Width": 4,
                      "Actual Startup Time": 253.719,
                      "Actual Total Time": 253.72,
                      "Actual Rows": 361187,
                      "Actual Loops": 7,
                      "Hash Buckets": 4194304,
                      "Original Hash Buckets": 4194304,
                      "Hash Batches": 1,
                      "Original Hash Batches": 1,
                      "Peak Memory Usage": 131744,
                      "Plans": [
                        {
                          "Node Type": "Seq Scan",
                          "Parent Relationship": "Outer",
                          "Parallel Aware": true,
                          "Relation Name": "title",
                          "Alias": "t",
                          "Startup Cost": 0.0,
                          "Total Cost": 42318.73,
                          "Plan Rows": 632073,
                          "Plan Width": 4,
                          "Actual Startup Time": 0.045,
                          "Actual Total Time": 73.477,
                          "Actual Rows": 361187,
                          "Actual Loops": 7
                        }
                      ]
                    }
                  ]
                }
              ]
            }
          ]
        }
      ]
    },
    "Planning Time": 0.513,
    "Triggers": [],
    "Execution Time": 1228.096
  }
]