{
    "Plan": {
        "Node Type": "Aggregate",
        "Strategy": "Plain",
        "Partial Mode": "Finalize",
        "Parallel Aware": false,
        "Startup Cost": 247519.98,
        "Total Cost": 247519.99,
        "Plan Rows": 1,
        "Plan Width": 8,
        "Actual Startup Time": 453.016,
        "Actual Total Time": 492.66,
        "Actual Rows": 1,
        "Actual Loops": 1,
        "Output": [
            "count(*)"
        ],
        "Plans": [
            {
                "Node Type": "Gather",
                "Parent Relationship": "Outer",
                "Parallel Aware": false,
                "Startup Cost": 247519.46,
                "Total Cost": 247519.97,
                "Plan Rows": 5,
                "Plan Width": 8,
                "Actual Startup Time": 450.038,
                "Actual Total Time": 492.65,
                "Actual Rows": 6,
                "Actual Loops": 1,
                "Output": [
                    "(PARTIAL count(*))"
                ],
                "Workers Planned": 5,
                "Workers Launched": 5,
                "Single Copy": false,
                "Plans": [
                    {
                        "Node Type": "Aggregate",
                        "Strategy": "Plain",
                        "Partial Mode": "Partial",
                        "Parent Relationship": "Outer",
                        "Parallel Aware": false,
                        "Startup Cost": 246519.46,
                        "Total Cost": 246519.47,
                        "Plan Rows": 1,
                        "Plan Width": 8,
                        "Actual Startup Time": 440.629,
                        "Actual Total Time": 440.632,
                        "Actual Rows": 1,
                        "Actual Loops": 6,
                        "Output": [
                            "PARTIAL count(*)"
                        ],
                        "Workers": [
                            {
                                "Worker Number": 0,
                                "Actual Startup Time": 437.757,
                                "Actual Total Time": 437.76,
                                "Actual Rows": 1,
                                "Actual Loops": 1
                            },
                            {
                                "Worker Number": 1,
                                "Actual Startup Time": 437.922,
                                "Actual Total Time": 437.925,
                                "Actual Rows": 1,
                                "Actual Loops": 1
                            },
                            {
                                "Worker Number": 2,
                                "Actual Startup Time": 438.129,
                                "Actual Total Time": 438.132,
                                "Actual Rows": 1,
                                "Actual Loops": 1
                            },
                            {
                                "Worker Number": 3,
                                "Actual Startup Time": 440.298,
                                "Actual Total Time": 440.3,
                                "Actual Rows": 1,
                                "Actual Loops": 1
                            },
                            {
                                "Worker Number": 4,
                                "Actual Startup Time": 440.377,
                                "Actual Total Time": 440.38,
                                "Actual Rows": 1,
                                "Actual Loops": 1
                            }
                        ],
                        "Plans": [
                            {
                                "Node Type": "Hash Join",
                                "Parent Relationship": "Outer",
                                "Parallel Aware": true,
                                "Join Type": "Inner",
                                "Startup Cost": 46839.0,
                                "Total Cost": 246406.84,
                                "Plan Rows": 45049,
                                "Plan Width": 0,
                                "Actual Startup Time": 321.664,
                                "Actual Total Time": 437.96,
                                "Actual Rows": 61484,
                                "Actual Loops": 6,
                                "Inner Unique": true,
                                "Hash Cond": "(mi.movie_id = t.id)",
                                "Workers": [
                                    {
                                        "Worker Number": 0,
                                        "Actual Startup Time": 318.905,
                                        "Actual Total Time": 435.088,
                                        "Actual Rows": 66479,
                                        "Actual Loops": 1
                                    },
                                    {
                                        "Worker Number": 1,
                                        "Actual Startup Time": 318.538,
                                        "Actual Total Time": 435.4,
                                        "Actual Rows": 38697,
                                        "Actual Loops": 1
                                    },
                                    {
                                        "Worker Number": 2,
                                        "Actual Startup Time": 319.166,
                                        "Actual Total Time": 435.445,
                                        "Actual Rows": 66639,
                                        "Actual Loops": 1
                                    },
                                    {
                                        "Worker Number": 3,
                                        "Actual Startup Time": 321.551,
                                        "Actual Total Time": 437.601,
                                        "Actual Rows": 67001,
                                        "Actual Loops": 1
                                    },
                                    {
                                        "Worker Number": 4,
                                        "Actual Startup Time": 321.433,
                                        "Actual Total Time": 438.111,
                                        "Actual Rows": 53578,
                                        "Actual Loops": 1
                                    }
                                ],
                                "Plans": [
                                    {
                                        "Node Type": "Seq Scan",
                                        "Parent Relationship": "Outer",
                                        "Parallel Aware": true,
                                        "Relation Name": "movie_info",
                                        "Schema": "public",
                                        "Alias": "mi",
                                        "Startup Cost": 0.0,
                                        "Total Cost": 198880.74,
                                        "Plan Rows": 261755,
                                        "Plan Width": 4,
                                        "Actual Startup Time": 218.78,
                                        "Actual Total Time": 289.772,
                                        "Actual Rows": 214821,
                                        "Actual Loops": 6,
                                        "Output": [
                                            "mi.id",
                                            "mi.movie_id",
                                            "mi.info_type_id",
                                            "mi.info",
                                            "mi.note"
                                        ],
                                        "Filter": "(mi.info_type_id = 2)",
                                        "Rows Removed by Filter": 2257799,
                                        "Workers": [
                                            {
                                                "Worker Number": 0,
                                                "Actual Startup Time": 218.802,
                                                "Actual Total Time": 290.607,
                                                "Actual Rows": 233453,
                                                "Actual Loops": 1
                                            },
                                            {
                                                "Worker Number": 1,
                                                "Actual Startup Time": 218.798,
                                                "Actual Total Time": 290.306,
                                                "Actual Rows": 138928,
                                                "Actual Loops": 1
                                            },
                                            {
                                                "Worker Number": 2,
                                                "Actual Startup Time": 218.803,
                                                "Actual Total Time": 290.36,
                                                "Actual Rows": 230171,
                                                "Actual Loops": 1
                                            },
                                            {
                                                "Worker Number": 3,
                                                "Actual Startup Time": 218.797,
                                                "Actual Total Time": 290.483,
                                                "Actual Rows": 232439,
                                                "Actual Loops": 1
                                            },
                                            {
                                                "Worker Number": 4,
                                                "Actual Startup Time": 218.814,
                                                "Actual Total Time": 288.461,
                                                "Actual Rows": 187241,
                                                "Actual Loops": 1
                                            }
                                        ]
                                    },
                                    {
                                        "Node Type": "Hash",
                                        "Parent Relationship": "Inner",
                                        "Parallel Aware": true,
                                        "Startup Cost": 45479.21,
                                        "Total Cost": 45479.21,
                                        "Plan Rows": 108783,
                                        "Plan Width": 4,
                                        "Actual Startup Time": 100.522,
                                        "Actual Total Time": 100.523,
                                        "Actual Rows": 61374,
                                        "Actual Loops": 6,
                                        "Output": [
                                            "t.id"
                                        ],
                                        "Hash Buckets": 524288,
                                        "Original Hash Buckets": 524288,
                                        "Hash Batches": 1,
                                        "Original Hash Batches": 1,
                                        "Peak Memory Usage": 18656,
                                        "Workers": [
                                            {
                                                "Worker Number": 0,
                                                "Actual Startup Time": 99.307,
                                                "Actual Total Time": 99.308,
                                                "Actual Rows": 63088,
                                                "Actual Loops": 1
                                            },
                                            {
                                                "Worker Number": 1,
                                                "Actual Startup Time": 99.07,
                                                "Actual Total Time": 99.071,
                                                "Actual Rows": 41754,
                                                "Actual Loops": 1
                                            },
                                            {
                                                "Worker Number": 2,
                                                "Actual Startup Time": 99.714,
                                                "Actual Total Time": 99.715,
                                                "Actual Rows": 62385,
                                                "Actual Loops": 1
                                            },
                                            {
                                                "Worker Number": 3,
                                                "Actual Startup Time": 101.994,
                                                "Actual Total Time": 101.995,
                                                "Actual Rows": 63296,
                                                "Actual Loops": 1
                                            },
                                            {
                                                "Worker Number": 4,
                                                "Actual Startup Time": 102.09,
                                                "Actual Total Time": 102.091,
                                                "Actual Rows": 55880,
                                                "Actual Loops": 1
                                            }
                                        ],
                                        "Plans": [
                                            {
                                                "Node Type": "Seq Scan",
                                                "Parent Relationship": "Outer",
                                                "Parallel Aware": true,
                                                "Relation Name": "title",
                                                "Schema": "public",
                                                "Alias": "t",
                                                "Startup Cost": 0.0,
                                                "Total Cost": 45479.21,
                                                "Plan Rows": 108783,
                                                "Plan Width": 4,
                                                "Actual Startup Time": 0.072,
                                                "Actual Total Time": 77.357,
                                                "Actual Rows": 61374,
                                                "Actual Loops": 6,
                                                "Output": [
                                                    "t.id"
                                                ],
                                                "Filter": "((t.kind_id < 7) AND (t.production_year > 2004))",
                                                "Rows Removed by Filter": 360011,
                                                "Workers": [
                                                    {
                                                        "Worker Number": 0,
                                                        "Actual Startup Time": 0.079,
                                                        "Actual Total Time": 76.863,
                                                        "Actual Rows": 63088,
                                                        "Actual Loops": 1
                                                    },
                                                    {
                                                        "Worker Number": 1,
                                                        "Actual Startup Time": 0.045,
                                                        "Actual Total Time": 76.617,
                                                        "Actual Rows": 41754,
                                                        "Actual Loops": 1
                                                    },
                                                    {
                                                        "Worker Number": 2,
                                                        "Actual Startup Time": 0.151,
                                                        "Actual Total Time": 77.244,
                                                        "Actual Rows": 62385,
                                                        "Actual Loops": 1
                                                    },
                                                    {
                                                        "Worker Number": 3,
                                                        "Actual Startup Time": 0.06,
                                                        "Actual Total Time": 78.462,
                                                        "Actual Rows": 63296,
                                                        "Actual Loops": 1
                                                    },
                                                    {
                                                        "Worker Number": 4,
                                                        "Actual Startup Time": 0.064,
                                                        "Actual Total Time": 77.749,
                                                        "Actual Rows": 55880,
                                                        "Actual Loops": 1
                                                    }
                                                ]
                                            }
                                        ]
                                    }
                                ]
                            }
                        ]
                    }
                ]
            }
        ]
    },
    "Planning Time": 0.646,
    "Triggers": [],
    "Execution Time": 492.731
}