[
  {
    "Plan": {
      "Node Type": "Aggregate",
      "Strategy": "Plain",
      "Partial Mode": "Finalize",
      "Parallel Aware": false,
      "Startup Cost": 349776.08,
      "Total Cost": 349776.09,
      "Plan Rows": 1,
      "Plan Width": 8,
      "Actual Startup Time": 740.46,
      "Actual Total Time": 797.036,
      "Actual Rows": 1,
      "Actual Loops": 1,
      "Plans": [
        {
          "Node Type": "Gather",
          "Parent Relationship": "Outer",
          "Parallel Aware": false,
          "Startup Cost": 349775.46,
          "Total Cost": 349776.07,
          "Plan Rows": 6,
          "Plan Width": 8,
          "Actual Startup Time": 740.313,
          "Actual Total Time": 797.025,
          "Actual Rows": 7,
          "Actual Loops": 1,
          "Workers Planned": 6,
          "Workers Launched": 6,
          "Single Copy": false,
          "Plans": [
            {
              "Node Type": "Aggregate",
              "Strategy": "Plain",
              "Partial Mode": "Partial",
              "Parent Relationship": "Outer",
              "Parallel Aware": false,
              "Startup Cost": 348775.46,
              "Total Cost": 348775.47,
              "Plan Rows": 1,
              "Plan Width": 8,
              "Actual Startup Time": 731.328,
              "Actual Total Time": 731.33,
              "Actual Rows": 1,
              "Actual Loops": 7,
              "Plans": [
                {
                  "Node Type": "Seq Scan",
                  "Parent Relationship": "Outer",
                  "Parallel Aware": true,
                  "Relation Name": "cast_info",
                  "Alias": "ci",
                  "Startup Cost": 0.0,
                  "Total Cost": 343257.03,
                  "Plan Rows": 2207371,
                  "Plan Width": 0,
                  "Actual Startup Time": 0.052,
                  "Actual Total Time": 643.31,
                  "Actual Rows": 2072858,
                  "Actual Loops": 7,
                  "Filter": "((person_id < 1495180) AND (role_id < 10))",
                  "Rows Removed by Filter": 3104905
                }
              ]
            }
          ]
        }
      ]
    },
    "Planning Time": 0.232,
    "Triggers": [],
    "Execution Time": 797.116
  }
]