[
  {
    "Plan": {
      "Node Type": "Aggregate",
      "Strategy": "Plain",
      "Partial Mode": "Finalize",
      "Parallel Aware": false,
      "Startup Cost": 33187.5,
      "Total Cost": 33187.51,
      "Plan Rows": 1,
      "Plan Width": 8,
      "Actual Startup Time": 90.218,
      "Actual Total Time": 97.677,
      "Actual Rows": 1,
      "Actual Loops": 1,
      "Plans": [
        {
          "Node Type": "Gather",
          "Parent Relationship": "Outer",
          "Parallel Aware": false,
          "Startup Cost": 33187.19,
          "Total Cost": 33187.5,
          "Plan Rows": 3,
          "Plan Width": 8,
          "Actual Startup Time": 90.032,
          "Actual Total Time": 97.667,
          "Actual Rows": 4,
          "Actual Loops": 1,
          "Workers Planned": 3,
          "Workers Launched": 3,
          "Single Copy": false,
          "Plans": [
            {
              "Node Type": "Aggregate",
              "Strategy": "Plain",
              "Partial Mode": "Partial",
              "Parent Relationship": "Outer",
              "Parallel Aware": false,
              "Startup Cost": 32187.19,
              "Total Cost": 32187.2,
              "Plan Rows": 1,
              "Plan Width": 8,
              "Actual Startup Time": 84.668,
              "Actual Total Time": 84.671,
              "Actual Rows": 1,
              "Actual Loops": 4,
              "Plans": [
                {
                  "Node Type": "Seq Scan",
                  "Parent Relationship": "Outer",
                  "Parallel Aware": true,
                  "Relation Name": "movie_companies",
                  "Alias": "mc",
                  "Startup Cost": 0.0,
                  "Total Cost": 31414.82,
                  "Plan Rows": 308947,
                  "Plan Width": 0,
                  "Actual Startup Time": 0.43,
                  "Actual Total Time": 74.562,
                  "Actual Rows": 203469,
                  "Actual Loops": 4,
                  "Filter": "((company_id > 846) AND (company_type_id = 1))",
                  "Rows Removed by Filter": 448813
                }
              ]
            }
          ]
        }
      ]
    },
    "Planning Time": 0.192,
    "Triggers": [],
    "Execution Time": 97.727
  }
]