[
    {
        "Bao": {
            "Bao prediction": "NaN",
            "Bao recommended hint": "(no hint)"
        }
    },
    {
        "Plan": {
            "Node Type": "Aggregate",
            "Strategy": "Plain",
            "Partial Mode": "Finalize",
            "Parallel Aware": false,
            "Startup Cost": 385275.8,
            "Total Cost": 385275.81,
            "Plan Rows": 1,
            "Plan Width": 8,
            "Actual Startup Time": 1170.948,
            "Actual Total Time": 1203.083,
            "Actual Rows": 1,
            "Actual Loops": 1,
            "Output": [
                "count(*)"
            ],
            "Plans": [
                {
                    "Node Type": "Gather",
                    "Parent Relationship": "Outer",
                    "Parallel Aware": false,
                    "Startup Cost": 385275.17,
                    "Total Cost": 385275.78,
                    "Plan Rows": 6,
                    "Plan Width": 8,
                    "Actual Startup Time": 1169.82,
                    "Actual Total Time": 1203.074,
                    "Actual Rows": 7,
                    "Actual Loops": 1,
                    "Output": [
                        "(PARTIAL count(*))"
                    ],
                    "Workers Planned": 6,
                    "Workers Launched": 6,
                    "Single Copy": false,
                    "Plans": [
                        {
                            "Node Type": "Aggregate",
                            "Strategy": "Plain",
                            "Partial Mode": "Partial",
                            "Parent Relationship": "Outer",
                            "Parallel Aware": false,
                            "Startup Cost": 384275.17,
                            "Total Cost": 384275.18,
                            "Plan Rows": 1,
                            "Plan Width": 8,
                            "Actual Startup Time": 1159.611,
                            "Actual Total Time": 1159.614,
                            "Actual Rows": 1,
                            "Actual Loops": 7,
                            "Output": [
                                "PARTIAL count(*)"
                            ],
                            "Workers": [
                                {
                                    "Worker Number": 0,
                                    "Actual Startup Time": 1157.242,
                                    "Actual Total Time": 1157.245,
                                    "Actual Rows": 1,
                                    "Actual Loops": 1
                                },
                                {
                                    "Worker Number": 1,
                                    "Actual Startup Time": 1157.427,
                                    "Actual Total Time": 1157.43,
                                    "Actual Rows": 1,
                                    "Actual Loops": 1
                                },
                                {
                                    "Worker Number": 2,
                                    "Actual Startup Time": 1157.601,
                                    "Actual Total Time": 1157.604,
                                    "Actual Rows": 1,
                                    "Actual Loops": 1
                                },
                                {
                                    "Worker Number": 3,
                                    "Actual Startup Time": 1158.531,
                                    "Actual Total Time": 1158.533,
                                    "Actual Rows": 1,
                                    "Actual Loops": 1
                                },
                                {
                                    "Worker Number": 4,
                                    "Actual Startup Time": 1158.572,
                                    "Actual Total Time": 1158.574,
                                    "Actual Rows": 1,
                                    "Actual Loops": 1
                                },
                                {
                                    "Worker Number": 5,
                                    "Actual Startup Time": 1158.569,
                                    "Actual Total Time": 1158.571,
                                    "Actual Rows": 1,
                                    "Actual Loops": 1
                                }
                            ],
                            "Plans": [
                                {
                                    "Node Type": "Hash Join",
                                    "Parent Relationship": "Outer",
                                    "Parallel Aware": true,
                                    "Join Type": "Inner",
                                    "Startup Cost": 44458.67,
                                    "Total Cost": 383541.89,
                                    "Plan Rows": 293312,
                                    "Plan Width": 0,
                                    "Actual Startup Time": 81.249,
                                    "Actual Total Time": 1149.361,
                                    "Actual Rows": 188331,
                                    "Actual Loops": 7,
                                    "Inner Unique": true,
                                    "Hash Cond": "(ci.movie_id = t.id)",
                                    "Workers": [
                                        {
                                            "Worker Number": 0,
                                            "Actual Startup Time": 78.627,
                                            "Actual Total Time": 1146.199,
                                            "Actual Rows": 137473,
                                            "Actual Loops": 1
                                        },
                                        {
                                            "Worker Number": 1,
                                            "Actual Startup Time": 79.225,
                                            "Actual Total Time": 1147.566,
                                            "Actual Rows": 197820,
                                            "Actual Loops": 1
                                        },
                                        {
                                            "Worker Number": 2,
                                            "Actual Startup Time": 79.584,
                                            "Actual Total Time": 1146.829,
                                            "Actual Rows": 134216,
                                            "Actual Loops": 1
                                        },
                                        {
                                            "Worker Number": 3,
                                            "Actual Startup Time": 80.062,
                                            "Actual Total Time": 1148.716,
                                            "Actual Rows": 199208,
                                            "Actual Loops": 1
                                        },
                                        {
                                            "Worker Number": 4,
                                            "Actual Startup Time": 80.375,
                                            "Actual Total Time": 1148.585,
                                            "Actual Rows": 201822,
                                            "Actual Loops": 1
                                        },
                                        {
                                            "Worker Number": 5,
                                            "Actual Startup Time": 80.01,
                                            "Actual Total Time": 1148.505,
                                            "Actual Rows": 205649,
                                            "Actual Loops": 1
                                        }
                                    ],
                                    "Plans": [
                                        {
                                            "Node Type": "Seq Scan",
                                            "Parent Relationship": "Outer",
                                            "Parallel Aware": true,
                                            "Relation Name": "cast_info",
                                            "Schema": "public",
                                            "Alias": "ci",
                                            "Startup Cost": 0.0,
                                            "Total Cost": 328213.62,
                                            "Plan Rows": 4140795,
                                            "Plan Width": 4,
                                            "Actual Startup Time": 0.022,
                                            "Actual Total Time": 574.35,
                                            "Actual Rows": 3534302,
                                            "Actual Loops": 7,
                                            "Output": [
                                                "ci.id",
                                                "ci.person_id",
                                                "ci.movie_id",
                                                "ci.person_role_id",
                                                "ci.note",
                                                "ci.nr_order",
                                                "ci.role_id"
                                            ],
                                            "Filter": "(ci.person_id < 2547802)",
                                            "Rows Removed by Filter": 1643461,
                                            "Workers": [
                                                {
                                                    "Worker Number": 0,
                                                    "Actual Startup Time": 0.03,
                                                    "Actual Total Time": 584.757,
                                                    "Actual Rows": 2488387,
                                                    "Actual Loops": 1
                                                },
                                                {
                                                    "Worker Number": 1,
                                                    "Actual Startup Time": 0.02,
                                                    "Actual Total Time": 567.378,
                                                    "Actual Rows": 3747233,
                                                    "Actual Loops": 1
                                                },
                                                {
                                                    "Worker Number": 2,
                                                    "Actual Startup Time": 0.022,
                                                    "Actual Total Time": 586.604,
                                                    "Actual Rows": 2486248,
                                                    "Actual Loops": 1
                                                },
                                                {
                                                    "Worker Number": 3,
                                                    "Actual Startup Time": 0.027,
                                                    "Actual Total Time": 582.912,
                                                    "Actual Rows": 3827575,
                                                    "Actual Loops": 1
                                                },
                                                {
                                                    "Worker Number": 4,
                                                    "Actual Startup Time": 0.027,
                                                    "Actual Total Time": 582.056,
                                                    "Actual Rows": 3840681,
                                                    "Actual Loops": 1
                                                },
                                                {
                                                    "Worker Number": 5,
                                                    "Actual Startup Time": 0.02,
                                                    "Actual Total Time": 579.618,
                                                    "Actual Rows": 3798214,
                                                    "Actual Loops": 1
                                                }
                                            ]
                                        },
                                        {
                                            "Node Type": "Hash",
                                            "Parent Relationship": "Inner",
                                            "Parallel Aware": true,
                                            "Startup Cost": 43899.01,
                                            "Total Cost": 43899.01,
                                            "Plan Rows": 44773,
                                            "Plan Width": 4,
                                            "Actual Startup Time": 79.206,
                                            "Actual Total Time": 79.207,
                                            "Actual Rows": 25851,
                                            "Actual Loops": 7,
                                            "Output": [
                                                "t.id"
                                            ],
                                            "Hash Buckets": 262144,
                                            "Original Hash Buckets": 262144,
                                            "Hash Batches": 1,
                                            "Original Hash Batches": 1,
                                            "Peak Memory Usage": 9248,
                                            "Workers": [
                                                {
                                                    "Worker Number": 0,
                                                    "Actual Startup Time": 77.58,
                                                    "Actual Total Time": 77.581,
                                                    "Actual Rows": 19075,
                                                    "Actual Loops": 1
                                                },
                                                {
                                                    "Worker Number": 1,
                                                    "Actual Startup Time": 77.937,
                                                    "Actual Total Time": 77.938,
                                                    "Actual Rows": 25109,
                                                    "Actual Loops": 1
                                                },
                                                {
                                                    "Worker Number": 2,
                                                    "Actual Startup Time": 78.089,
                                                    "Actual Total Time": 78.091,
                                                    "Actual Rows": 18279,
                                                    "Actual Loops": 1
                                                },
                                                {
                                                    "Worker Number": 3,
                                                    "Actual Startup Time": 78.954,
                                                    "Actual Total Time": 78.955,
                                                    "Actual Rows": 26603,
                                                    "Actual Loops": 1
                                                },
                                                {
                                                    "Worker Number": 4,
                                                    "Actual Startup Time": 79.076,
                                                    "Actual Total Time": 79.077,
                                                    "Actual Rows": 27103,
                                                    "Actual Loops": 1
                                                },
                                                {
                                                    "Worker Number": 5,
                                                    "Actual Startup Time": 78.951,
                                                    "Actual Total Time": 78.952,
                                                    "Actual Rows": 25579,
                                                    "Actual Loops": 1
                                                }
                                            ],
                                            "Plans": [
                                                {
                                                    "Node Type": "Seq Scan",
                                                    "Parent Relationship": "Outer",
                                                    "Parallel Aware": true,
                                                    "Relation Name": "title",
                                                    "Schema": "public",
                                                    "Alias": "t",
                                                    "Startup Cost": 0.0,
                                                    "Total Cost": 43899.01,
                                                    "Plan Rows": 44773,
                                                    "Plan Width": 4,
                                                    "Actual Startup Time": 0.186,
                                                    "Actual Total Time": 69.533,
                                                    "Actual Rows": 25851,
                                                    "Actual Loops": 7,
                                                    "Output": [
                                                        "t.id"
                                                    ],
                                                    "Filter": "(t.production_year < 1953)",
                                                    "Rows Removed by Filter": 335337,
                                                    "Workers": [
                                                        {
                                                            "Worker Number": 0,
                                                            "Actual Startup Time": 0.14,
                                                            "Actual Total Time": 69.231,
                                                            "Actual Rows": 19075,
                                                            "Actual Loops": 1
                                                        },
                                                        {
                                                            "Worker Number": 1,
                                                            "Actual Startup Time": 0.284,
                                                            "Actual Total Time": 68.376,
                                                            "Actual Rows": 25109,
                                                            "Actual Loops": 1
                                                        },
                                                        {
                                                            "Worker Number": 2,
                                                            "Actual Startup Time": 0.186,
                                                            "Actual Total Time": 69.464,
                                                            "Actual Rows": 18279,
                                                            "Actual Loops": 1
                                                        },
                                                        {
                                                            "Worker Number": 3,
                                                            "Actual Startup Time": 0.39,
                                                            "Actual Total Time": 69.216,
                                                            "Actual Rows": 26603,
                                                            "Actual Loops": 1
                                                        },
                                                        {
                                                            "Worker Number": 4,
                                                            "Actual Startup Time": 0.158,
                                                            "Actual Total Time": 69.946,
                                                            "Actual Rows": 27103,
                                                            "Actual Loops": 1
                                                        },
                                                        {
                                                            "Worker Number": 5,
                                                            "Actual Startup Time": 0.128,
                                                            "Actual Total Time": 69.086,
                                                            "Actual Rows": 25579,
                                                            "Actual Loops": 1
                                                        }
                                                    ]
                                                }
                                            ]
                                        }
                                    ]
                                }
                            ]
                        }
                    ]
                }
            ]
        },
        "Planning Time": 207.865,
        "Triggers": [],
        "Execution Time": 1203.151
    }
]