{
  "Plan": {
    "Node Type": "Aggregate",
    "Strategy": "Plain",
    "Partial Mode": "Finalize",
    "Parallel Aware": false,
    "Startup Cost": 166226.09,
    "Total Cost": 166226.1,
    "Plan Rows": 1,
    "Plan Width": 8,
    "Actual Startup Time": 74.496,
    "Actual Total Time": 81.276,
    "Actual Rows": 1,
    "Actual Loops": 1,
    "Plans": [
      {
        "Node Type": "Gather",
        "Parent Relationship": "Outer",
        "Parallel Aware": false,
        "Startup Cost": 166225.97,
        "Total Cost": 166226.08,
        "Plan Rows": 1,
        "Plan Width": 8,
        "Actual Startup Time": 74.277,
        "Actual Total Time": 81.269,
        "Actual Rows": 2,
        "Actual Loops": 1,
        "Workers Planned": 1,
        "Workers Launched": 1,
        "Single Copy": false,
        "Plans": [
          {
            "Node Type": "Aggregate",
            "Strategy": "Plain",
            "Partial Mode": "Partial",
            "Parent Relationship": "Outer",
            "Parallel Aware": false,
            "Startup Cost": 165225.97,
            "Total Cost": 165225.98,
            "Plan Rows": 1,
            "Plan Width": 8,
            "Actual Startup Time": 68.227,
            "Actual Total Time": 68.229,
            "Actual Rows": 1,
            "Actual Loops": 2,
            "Plans": [
              {
                "Node Type": "Nested Loop",
                "Parent Relationship": "Outer",
                "Parallel Aware": false,
                "Join Type": "Inner",
                "Startup Cost": 600.75,
                "Total Cost": 165177.42,
                "Plan Rows": 19422,
                "Plan Width": 0,
                "Actual Startup Time": 4.656,
                "Actual Total Time": 67.094,
                "Actual Rows": 16026,
                "Actual Loops": 2,
                "Inner Unique": true,
                "Plans": [
                  {
                    "Node Type": "Bitmap Heap Scan",
                    "Parent Relationship": "Outer",
                    "Parallel Aware": true,
                    "Relation Name": "movie_info",
                    "Alias": "mi",
                    "Startup Cost": 600.32,
                    "Total Cost": 82038.11,
                    "Plan Rows": 19422,
                    "Plan Width": 4,
                    "Actual Startup Time": 4.513,
                    "Actual Total Time": 11.749,
                    "Actual Rows": 16026,
                    "Actual Loops": 2,
                    "Recheck Cond": "(info_type_id > 108)",
                    "Rows Removed by Index Recheck": 0,
                    "Exact Heap Blocks": 2398,
                    "Lossy Heap Blocks": 0,
                    "Plans": [
                      {
                        "Node Type": "Bitmap Index Scan",
                        "Parent Relationship": "Outer",
                        "Parallel Aware": false,
                        "Index Name": "info_type_id_movie_info",
                        "Startup Cost": 0.0,
                        "Total Cost": 592.06,
                        "Plan Rows": 33017,
                        "Plan Width": 0,
                        "Actual Startup Time": 6.843,
                        "Actual Total Time": 6.844,
                        "Actual Rows": 32053,
                        "Actual Loops": 1,
                        "Index Cond": "(info_type_id > 108)"
                      }
                    ]
                  },
                  {
                    "Node Type": "Index Only Scan",
                    "Parent Relationship": "Inner",
                    "Parallel Aware": false,
                    "Scan Direction": "Forward",
                    "Index Name": "title_pkey",
                    "Relation Name": "title",
                    "Alias": "t",
                    "Startup Cost": 0.43,
                    "Total Cost": 4.28,
                    "Plan Rows": 1,
                    "Plan Width": 4,
                    "Actual Startup Time": 0.003,
                    "Actual Total Time": 0.003,
                    "Actual Rows": 1,
                    "Actual Loops": 32053,
                    "Index Cond": "(id = mi.movie_id)",
                    "Rows Removed by Index Recheck": 0,
                    "Heap Fetches": 32053
                  }
                ]
              }
            ]
          }
        ]
      }
    ]
  },
  "Planning Time": 0.686,
  "Triggers": [],
  "Execution Time": 81.361
}