[
  {
    "Plan": {
      "Node Type": "Aggregate",
      "Strategy": "Plain",
      "Partial Mode": "Finalize",
      "Parallel Aware": false,
      "Startup Cost": 33268.17,
      "Total Cost": 33268.18,
      "Plan Rows": 1,
      "Plan Width": 8,
      "Actual Startup Time": 99.506,
      "Actual Total Time": 106.851,
      "Actual Rows": 1,
      "Actual Loops": 1,
      "Plans": [
        {
          "Node Type": "Gather",
          "Parent Relationship": "Outer",
          "Parallel Aware": false,
          "Startup Cost": 33267.85,
          "Total Cost": 33268.16,
          "Plan Rows": 3,
          "Plan Width": 8,
          "Actual Startup Time": 99.417,
          "Actual Total Time": 106.841,
          "Actual Rows": 4,
          "Actual Loops": 1,
          "Workers Planned": 3,
          "Workers Launched": 3,
          "Single Copy": false,
          "Plans": [
            {
              "Node Type": "Aggregate",
              "Strategy": "Plain",
              "Partial Mode": "Partial",
              "Parent Relationship": "Outer",
              "Parallel Aware": false,
              "Startup Cost": 32267.85,
              "Total Cost": 32267.86,
              "Plan Rows": 1,
              "Plan Width": 8,
              "Actual Startup Time": 94.234,
              "Actual Total Time": 94.235,
              "Actual Rows": 1,
              "Actual Loops": 4,
              "Plans": [
                {
                  "Node Type": "Seq Scan",
                  "Parent Relationship": "Outer",
                  "Parallel Aware": true,
                  "Relation Name": "movie_companies",
                  "Alias": "mc",
                  "Startup Cost": 0.0,
                  "Total Cost": 31414.82,
                  "Plan Rows": 341213,
                  "Plan Width": 0,
                  "Actual Startup Time": 40.635,
                  "Actual Total Time": 80.224,
                  "Actual Rows": 298529,
                  "Actual Loops": 4,
                  "Filter": "((company_id > 517) AND (company_type_id = 2))",
                  "Rows Removed by Filter": 353754
                }
              ]
            }
          ]
        }
      ]
    },
    "Planning Time": 0.185,
    "Triggers": [],
    "Execution Time": 106.902
  }
]