[
    {
        "Bao": {
            "Bao prediction": 770.626,
            "Bao recommended hint": "(no hint)"
        }
    },
    {
        "Plan": {
            "Node Type": "Aggregate",
            "Strategy": "Plain",
            "Partial Mode": "Finalize",
            "Parallel Aware": false,
            "Startup Cost": 62904.65,
            "Total Cost": 62904.66,
            "Plan Rows": 1,
            "Plan Width": 8,
            "Actual Startup Time": 334.828,
            "Actual Total Time": 344.843,
            "Actual Rows": 1,
            "Actual Loops": 1,
            "Output": [
                "count(*)"
            ],
            "Plans": [
                {
                    "Node Type": "Gather",
                    "Parent Relationship": "Outer",
                    "Parallel Aware": false,
                    "Startup Cost": 62904.44,
                    "Total Cost": 62904.65,
                    "Plan Rows": 2,
                    "Plan Width": 8,
                    "Actual Startup Time": 333.747,
                    "Actual Total Time": 344.835,
                    "Actual Rows": 3,
                    "Actual Loops": 1,
                    "Output": [
                        "(PARTIAL count(*))"
                    ],
                    "Workers Planned": 2,
                    "Workers Launched": 2,
                    "Single Copy": false,
                    "Plans": [
                        {
                            "Node Type": "Aggregate",
                            "Strategy": "Plain",
                            "Partial Mode": "Partial",
                            "Parent Relationship": "Outer",
                            "Parallel Aware": false,
                            "Startup Cost": 61904.44,
                            "Total Cost": 61904.45,
                            "Plan Rows": 1,
                            "Plan Width": 8,
                            "Actual Startup Time": 325.556,
                            "Actual Total Time": 325.559,
                            "Actual Rows": 1,
                            "Actual Loops": 3,
                            "Output": [
                                "PARTIAL count(*)"
                            ],
                            "Workers": [
                                {
                                    "Worker Number": 0,
                                    "Actual Startup Time": 322.534,
                                    "Actual Total Time": 322.538,
                                    "Actual Rows": 1,
                                    "Actual Loops": 1
                                },
                                {
                                    "Worker Number": 1,
                                    "Actual Startup Time": 321.233,
                                    "Actual Total Time": 321.236,
                                    "Actual Rows": 1,
                                    "Actual Loops": 1
                                }
                            ],
                            "Plans": [
                                {
                                    "Node Type": "Hash Join",
                                    "Parent Relationship": "Outer",
                                    "Parallel Aware": true,
                                    "Join Type": "Inner",
                                    "Startup Cost": 46520.43,
                                    "Total Cost": 61714.99,
                                    "Plan Rows": 75778,
                                    "Plan Width": 0,
                                    "Actual Startup Time": 235.749,
                                    "Actual Total Time": 320.273,
                                    "Actual Rows": 77132,
                                    "Actual Loops": 3,
                                    "Inner Unique": true,
                                    "Hash Cond": "(mi_idx.movie_id = t.id)",
                                    "Workers": [
                                        {
                                            "Worker Number": 0,
                                            "Actual Startup Time": 232.762,
                                            "Actual Total Time": 317.282,
                                            "Actual Rows": 76013,
                                            "Actual Loops": 1
                                        },
                                        {
                                            "Worker Number": 1,
                                            "Actual Startup Time": 231.531,
                                            "Actual Total Time": 315.946,
                                            "Actual Rows": 72862,
                                            "Actual Loops": 1
                                        }
                                    ],
                                    "Plans": [
                                        {
                                            "Node Type": "Seq Scan",
                                            "Parent Relationship": "Outer",
                                            "Parallel Aware": true,
                                            "Relation Name": "movie_info_idx",
                                            "Schema": "public",
                                            "Alias": "mi_idx",
                                            "Startup Cost": 0.0,
                                            "Total Cost": 13685.15,
                                            "Plan Rows": 575015,
                                            "Plan Width": 4,
                                            "Actual Startup Time": 0.021,
                                            "Actual Total Time": 50.654,
                                            "Actual Rows": 460012,
                                            "Actual Loops": 3,
                                            "Output": [
                                                "mi_idx.id",
                                                "mi_idx.movie_id",
                                                "mi_idx.info_type_id",
                                                "mi_idx.info",
                                                "mi_idx.note"
                                            ],
                                            "Workers": [
                                                {
                                                    "Worker Number": 0,
                                                    "Actual Startup Time": 0.023,
                                                    "Actual Total Time": 51.876,
                                                    "Actual Rows": 458817,
                                                    "Actual Loops": 1
                                                },
                                                {
                                                    "Worker Number": 1,
                                                    "Actual Startup Time": 0.029,
                                                    "Actual Total Time": 52.024,
                                                    "Actual Rows": 438366,
                                                    "Actual Loops": 1
                                                }
                                            ]
                                        },
                                        {
                                            "Node Type": "Hash",
                                            "Parent Relationship": "Inner",
                                            "Parallel Aware": true,
                                            "Startup Cost": 45479.21,
                                            "Total Cost": 45479.21,
                                            "Plan Rows": 83298,
                                            "Plan Width": 4,
                                            "Actual Startup Time": 183.607,
                                            "Actual Total Time": 183.608,
                                            "Actual Rows": 85190,
                                            "Actual Loops": 3,
                                            "Output": [
                                                "t.id"
                                            ],
                                            "Hash Buckets": 524288,
                                            "Original Hash Buckets": 524288,
                                            "Hash Batches": 1,
                                            "Original Hash Batches": 1,
                                            "Peak Memory Usage": 14176,
                                            "Workers": [
                                                {
                                                    "Worker Number": 0,
                                                    "Actual Startup Time": 184.159,
                                                    "Actual Total Time": 184.16,
                                                    "Actual Rows": 90216,
                                                    "Actual Loops": 1
                                                },
                                                {
                                                    "Worker Number": 1,
                                                    "Actual Startup Time": 182.859,
                                                    "Actual Total Time": 182.859,
                                                    "Actual Rows": 66338,
                                                    "Actual Loops": 1
                                                }
                                            ],
                                            "Plans": [
                                                {
                                                    "Node Type": "Seq Scan",
                                                    "Parent Relationship": "Outer",
                                                    "Parallel Aware": true,
                                                    "Relation Name": "title",
                                                    "Schema": "public",
                                                    "Alias": "t",
                                                    "Startup Cost": 0.0,
                                                    "Total Cost": 45479.21,
                                                    "Plan Rows": 83298,
                                                    "Plan Width": 4,
                                                    "Actual Startup Time": 56.633,
                                                    "Actual Total Time": 147.907,
                                                    "Actual Rows": 85190,
                                                    "Actual Loops": 3,
                                                    "Output": [
                                                        "t.id"
                                                    ],
                                                    "Filter": "((t.production_year > 2002) AND (t.kind_id = 1))",
                                                    "Rows Removed by Filter": 757580,
                                                    "Workers": [
                                                        {
                                                            "Worker Number": 0,
                                                            "Actual Startup Time": 80.182,
                                                            "Actual Total Time": 148.318,
                                                            "Actual Rows": 90216,
                                                            "Actual Loops": 1
                                                        },
                                                        {
                                                            "Worker Number": 1,
                                                            "Actual Startup Time": 79.21,
                                                            "Actual Total Time": 149.237,
                                                            "Actual Rows": 66338,
                                                            "Actual Loops": 1
                                                        }
                                                    ]
                                                }
                                            ]
                                        }
                                    ]
                                }
                            ]
                        }
                    ]
                }
            ]
        },
        "Planning Time": 1055.255,
        "Triggers": [],
        "Execution Time": 344.955
    }
]