[
    {
        "Bao": {
            "Bao prediction": "NaN",
            "Bao recommended hint": "(no hint)"
        }
    },
    {
        "Plan": {
            "Node Type": "Aggregate",
            "Strategy": "Plain",
            "Partial Mode": "Finalize",
            "Parallel Aware": false,
            "Startup Cost": 297363.85,
            "Total Cost": 297363.86,
            "Plan Rows": 1,
            "Plan Width": 8,
            "Actual Startup Time": 1541.278,
            "Actual Total Time": 1575.208,
            "Actual Rows": 1,
            "Actual Loops": 1,
            "Output": [
                "count(*)"
            ],
            "Plans": [
                {
                    "Node Type": "Gather",
                    "Parent Relationship": "Outer",
                    "Parallel Aware": false,
                    "Startup Cost": 297363.33,
                    "Total Cost": 297363.84,
                    "Plan Rows": 5,
                    "Plan Width": 8,
                    "Actual Startup Time": 1510.808,
                    "Actual Total Time": 1575.197,
                    "Actual Rows": 6,
                    "Actual Loops": 1,
                    "Output": [
                        "(PARTIAL count(*))"
                    ],
                    "Workers Planned": 5,
                    "Workers Launched": 5,
                    "Single Copy": false,
                    "Plans": [
                        {
                            "Node Type": "Aggregate",
                            "Strategy": "Plain",
                            "Partial Mode": "Partial",
                            "Parent Relationship": "Outer",
                            "Parallel Aware": false,
                            "Startup Cost": 296363.33,
                            "Total Cost": 296363.34,
                            "Plan Rows": 1,
                            "Plan Width": 8,
                            "Actual Startup Time": 1498.652,
                            "Actual Total Time": 1498.657,
                            "Actual Rows": 1,
                            "Actual Loops": 6,
                            "Output": [
                                "PARTIAL count(*)"
                            ],
                            "Workers": [
                                {
                                    "Worker Number": 0,
                                    "Actual Startup Time": 1496.296,
                                    "Actual Total Time": 1496.302,
                                    "Actual Rows": 1,
                                    "Actual Loops": 1
                                },
                                {
                                    "Worker Number": 1,
                                    "Actual Startup Time": 1496.315,
                                    "Actual Total Time": 1496.32,
                                    "Actual Rows": 1,
                                    "Actual Loops": 1
                                },
                                {
                                    "Worker Number": 2,
                                    "Actual Startup Time": 1496.506,
                                    "Actual Total Time": 1496.51,
                                    "Actual Rows": 1,
                                    "Actual Loops": 1
                                },
                                {
                                    "Worker Number": 3,
                                    "Actual Startup Time": 1496.31,
                                    "Actual Total Time": 1496.314,
                                    "Actual Rows": 1,
                                    "Actual Loops": 1
                                },
                                {
                                    "Worker Number": 4,
                                    "Actual Startup Time": 1496.311,
                                    "Actual Total Time": 1496.316,
                                    "Actual Rows": 1,
                                    "Actual Loops": 1
                                }
                            ],
                            "Plans": [
                                {
                                    "Node Type": "Hash Join",
                                    "Parent Relationship": "Outer",
                                    "Parallel Aware": true,
                                    "Join Type": "Inner",
                                    "Startup Cost": 85986.09,
                                    "Total Cost": 292954.32,
                                    "Plan Rows": 1363604,
                                    "Plan Width": 0,
                                    "Actual Startup Time": 448.845,
                                    "Actual Total Time": 1372.589,
                                    "Actual Rows": 3061781,
                                    "Actual Loops": 6,
                                    "Inner Unique": false,
                                    "Hash Cond": "(mi.movie_id = t.id)",
                                    "Workers": [
                                        {
                                            "Worker Number": 0,
                                            "Actual Startup Time": 446.283,
                                            "Actual Total Time": 1373.169,
                                            "Actual Rows": 3019474,
                                            "Actual Loops": 1
                                        },
                                        {
                                            "Worker Number": 1,
                                            "Actual Startup Time": 446.929,
                                            "Actual Total Time": 1372.995,
                                            "Actual Rows": 2989834,
                                            "Actual Loops": 1
                                        },
                                        {
                                            "Worker Number": 2,
                                            "Actual Startup Time": 447.298,
                                            "Actual Total Time": 1376.7,
                                            "Actual Rows": 3042817,
                                            "Actual Loops": 1
                                        },
                                        {
                                            "Worker Number": 3,
                                            "Actual Startup Time": 447.076,
                                            "Actual Total Time": 1377.06,
                                            "Actual Rows": 3026376,
                                            "Actual Loops": 1
                                        },
                                        {
                                            "Worker Number": 4,
                                            "Actual Startup Time": 447.035,
                                            "Actual Total Time": 1373.089,
                                            "Actual Rows": 3016831,
                                            "Actual Loops": 1
                                        }
                                    ],
                                    "Plans": [
                                        {
                                            "Node Type": "Seq Scan",
                                            "Parent Relationship": "Outer",
                                            "Parallel Aware": true,
                                            "Relation Name": "movie_info",
                                            "Schema": "public",
                                            "Alias": "mi",
                                            "Startup Cost": 0.0,
                                            "Total Cost": 191503.19,
                                            "Plan Rows": 2951019,
                                            "Plan Width": 4,
                                            "Actual Startup Time": 0.016,
                                            "Actual Total Time": 256.988,
                                            "Actual Rows": 2472620,
                                            "Actual Loops": 6,
                                            "Output": [
                                                "mi.id",
                                                "mi.movie_id",
                                                "mi.info_type_id",
                                                "mi.info",
                                                "mi.note"
                                            ],
                                            "Workers": [
                                                {
                                                    "Worker Number": 0,
                                                    "Actual Startup Time": 0.015,
                                                    "Actual Total Time": 264.598,
                                                    "Actual Rows": 2450278,
                                                    "Actual Loops": 1
                                                },
                                                {
                                                    "Worker Number": 1,
                                                    "Actual Startup Time": 0.022,
                                                    "Actual Total Time": 264.059,
                                                    "Actual Rows": 2404521,
                                                    "Actual Loops": 1
                                                },
                                                {
                                                    "Worker Number": 2,
                                                    "Actual Startup Time": 0.017,
                                                    "Actual Total Time": 277.103,
                                                    "Actual Rows": 2450232,
                                                    "Actual Loops": 1
                                                },
                                                {
                                                    "Worker Number": 3,
                                                    "Actual Startup Time": 0.016,
                                                    "Actual Total Time": 277.713,
                                                    "Actual Rows": 2440332,
                                                    "Actual Loops": 1
                                                },
                                                {
                                                    "Worker Number": 4,
                                                    "Actual Startup Time": 0.016,
                                                    "Actual Total Time": 263.164,
                                                    "Actual Rows": 2424117,
                                                    "Actual Loops": 1
                                                }
                                            ]
                                        },
                                        {
                                            "Node Type": "Hash",
                                            "Parent Relationship": "Inner",
                                            "Parallel Aware": true,
                                            "Startup Cost": 81275.26,
                                            "Total Cost": 81275.26,
                                            "Plan Rows": 376866,
                                            "Plan Width": 8,
                                            "Actual Startup Time": 443.654,
                                            "Actual Total Time": 443.658,
                                            "Actual Rows": 201631,
                                            "Actual Loops": 6,
                                            "Output": [
                                                "t.id",
                                                "mc.movie_id"
                                            ],
                                            "Hash Buckets": 2097152,
                                            "Original Hash Buckets": 2097152,
                                            "Hash Batches": 1,
                                            "Original Hash Batches": 1,
                                            "Peak Memory Usage": 63840,
                                            "Workers": [
                                                {
                                                    "Worker Number": 0,
                                                    "Actual Startup Time": 445.025,
                                                    "Actual Total Time": 445.029,
                                                    "Actual Rows": 202894,
                                                    "Actual Loops": 1
                                                },
                                                {
                                                    "Worker Number": 1,
                                                    "Actual Startup Time": 445.005,
                                                    "Actual Total Time": 445.009,
                                                    "Actual Rows": 202061,
                                                    "Actual Loops": 1
                                                },
                                                {
                                                    "Worker Number": 2,
                                                    "Actual Startup Time": 445.161,
                                                    "Actual Total Time": 445.164,
                                                    "Actual Rows": 195732,
                                                    "Actual Loops": 1
                                                },
                                                {
                                                    "Worker Number": 3,
                                                    "Actual Startup Time": 444.892,
                                                    "Actual Total Time": 444.895,
                                                    "Actual Rows": 192428,
                                                    "Actual Loops": 1
                                                },
                                                {
                                                    "Worker Number": 4,
                                                    "Actual Startup Time": 445.033,
                                                    "Actual Total Time": 445.036,
                                                    "Actual Rows": 204432,
                                                    "Actual Loops": 1
                                                }
                                            ],
                                            "Plans": [
                                                {
                                                    "Node Type": "Hash Join",
                                                    "Parent Relationship": "Outer",
                                                    "Parallel Aware": true,
                                                    "Join Type": "Inner",
                                                    "Startup Cost": 50838.18,
                                                    "Total Cost": 81275.26,
                                                    "Plan Rows": 376866,
                                                    "Plan Width": 8,
                                                    "Actual Startup Time": 267.161,
                                                    "Actual Total Time": 369.571,
                                                    "Actual Rows": 201631,
                                                    "Actual Loops": 6,
                                                    "Output": [
                                                        "t.id",
                                                        "mc.movie_id"
                                                    ],
                                                    "Inner Unique": true,
                                                    "Hash Cond": "(mc.movie_id = t.id)",
                                                    "Workers": [
                                                        {
                                                            "Worker Number": 0,
                                                            "Actual Startup Time": 267.17,
                                                            "Actual Total Time": 369.512,
                                                            "Actual Rows": 202894,
                                                            "Actual Loops": 1
                                                        },
                                                        {
                                                            "Worker Number": 1,
                                                            "Actual Startup Time": 267.163,
                                                            "Actual Total Time": 369.702,
                                                            "Actual Rows": 202061,
                                                            "Actual Loops": 1
                                                        },
                                                        {
                                                            "Worker Number": 2,
                                                            "Actual Startup Time": 267.098,
                                                            "Actual Total Time": 368.786,
                                                            "Actual Rows": 195732,
                                                            "Actual Loops": 1
                                                        },
                                                        {
                                                            "Worker Number": 3,
                                                            "Actual Startup Time": 267.101,
                                                            "Actual Total Time": 370.551,
                                                            "Actual Rows": 192428,
                                                            "Actual Loops": 1
                                                        },
                                                        {
                                                            "Worker Number": 4,
                                                            "Actual Startup Time": 267.15,
                                                            "Actual Total Time": 369.397,
                                                            "Actual Rows": 204432,
                                                            "Actual Loops": 1
                                                        }
                                                    ],
                                                    "Plans": [
                                                        {
                                                            "Node Type": "Seq Scan",
                                                            "Parent Relationship": "Outer",
                                                            "Parallel Aware": true,
                                                            "Relation Name": "movie_companies",
                                                            "Schema": "public",
                                                            "Alias": "mc",
                                                            "Startup Cost": 0.0,
                                                            "Total Cost": 29310.68,
                                                            "Plan Rows": 429104,
                                                            "Plan Width": 4,
                                                            "Actual Startup Time": 21.923,
                                                            "Actual Total Time": 48.631,
                                                            "Actual Rows": 222480,
                                                            "Actual Loops": 6,
                                                            "Output": [
                                                                "mc.id",
                                                                "mc.movie_id",
                                                                "mc.company_id",
                                                                "mc.company_type_id",
                                                                "mc.note"
                                                            ],
                                                            "Filter": "(mc.company_type_id = 2)",
                                                            "Rows Removed by Filter": 212374,
                                                            "Workers": [
                                                                {
                                                                    "Worker Number": 0,
                                                                    "Actual Startup Time": 21.925,
                                                                    "Actual Total Time": 49.305,
                                                                    "Actual Rows": 224043,
                                                                    "Actual Loops": 1
                                                                },
                                                                {
                                                                    "Worker Number": 1,
                                                                    "Actual Startup Time": 21.917,
                                                                    "Actual Total Time": 49.274,
                                                                    "Actual Rows": 223212,
                                                                    "Actual Loops": 1
                                                                },
                                                                {
                                                                    "Worker Number": 2,
                                                                    "Actual Startup Time": 21.922,
                                                                    "Actual Total Time": 48.959,
                                                                    "Actual Rows": 214436,
                                                                    "Actual Loops": 1
                                                                },
                                                                {
                                                                    "Worker Number": 3,
                                                                    "Actual Startup Time": 21.943,
                                                                    "Actual Total Time": 49.011,
                                                                    "Actual Rows": 213554,
                                                                    "Actual Loops": 1
                                                                },
                                                                {
                                                                    "Worker Number": 4,
                                                                    "Actual Startup Time": 21.922,
                                                                    "Actual Total Time": 49.033,
                                                                    "Actual Rows": 225690,
                                                                    "Actual Loops": 1
                                                                }
                                                            ]
                                                        },
                                                        {
                                                            "Node Type": "Hash",
                                                            "Parent Relationship": "Inner",
                                                            "Parallel Aware": true,
                                                            "Startup Cost": 43899.01,
                                                            "Total Cost": 43899.01,
                                                            "Plan Rows": 555134,
                                                            "Plan Width": 4,
                                                            "Actual Startup Time": 241.14,
                                                            "Actual Total Time": 241.141,
                                                            "Actual Rows": 370762,
                                                            "Actual Loops": 6,
                                                            "Output": [
                                                                "t.id"
                                                            ],
                                                            "Hash Buckets": 4194304,
                                                            "Original Hash Buckets": 4194304,
                                                            "Hash Batches": 1,
                                                            "Original Hash Batches": 1,
                                                            "Peak Memory Usage": 119872,
                                                            "Workers": [
                                                                {
                                                                    "Worker Number": 0,
                                                                    "Actual Startup Time": 245.15,
                                                                    "Actual Total Time": 245.151,
                                                                    "Actual Rows": 354783,
                                                                    "Actual Loops": 1
                                                                },
                                                                {
                                                                    "Worker Number": 1,
                                                                    "Actual Startup Time": 245.151,
                                                                    "Actual Total Time": 245.153,
                                                                    "Actual Rows": 362884,
                                                                    "Actual Loops": 1
                                                                },
                                                                {
                                                                    "Worker Number": 2,
                                                                    "Actual Startup Time": 245.037,
                                                                    "Actual Total Time": 245.038,
                                                                    "Actual Rows": 332747,
                                                                    "Actual Loops": 1
                                                                },
                                                                {
                                                                    "Worker Number": 3,
                                                                    "Actual Startup Time": 245.075,
                                                                    "Actual Total Time": 245.076,
                                                                    "Actual Rows": 332180,
                                                                    "Actual Loops": 1
                                                                },
                                                                {
                                                                    "Worker Number": 4,
                                                                    "Actual Startup Time": 245.099,
                                                                    "Actual Total Time": 245.1,
                                                                    "Actual Rows": 351371,
                                                                    "Actual Loops": 1
                                                                }
                                                            ],
                                                            "Plans": [
                                                                {
                                                                    "Node Type": "Seq Scan",
                                                                    "Parent Relationship": "Outer",
                                                                    "Parallel Aware": true,
                                                                    "Relation Name": "title",
                                                                    "Schema": "public",
                                                                    "Alias": "t",
                                                                    "Startup Cost": 0.0,
                                                                    "Total Cost": 43899.01,
                                                                    "Plan Rows": 555134,
                                                                    "Plan Width": 4,
                                                                    "Actual Startup Time": 0.056,
                                                                    "Actual Total Time": 78.929,
                                                                    "Actual Rows": 370762,
                                                                    "Actual Loops": 6,
                                                                    "Output": [
                                                                        "t.id"
                                                                    ],
                                                                    "Filter": "(t.production_year < 2012)",
                                                                    "Rows Removed by Filter": 50624,
                                                                    "Workers": [
                                                                        {
                                                                            "Worker Number": 0,
                                                                            "Actual Startup Time": 0.05,
                                                                            "Actual Total Time": 81.952,
                                                                            "Actual Rows": 354783,
                                                                            "Actual Loops": 1
                                                                        },
                                                                        {
                                                                            "Worker Number": 1,
                                                                            "Actual Startup Time": 0.053,
                                                                            "Actual Total Time": 81.539,
                                                                            "Actual Rows": 362884,
                                                                            "Actual Loops": 1
                                                                        },
                                                                        {
                                                                            "Worker Number": 2,
                                                                            "Actual Startup Time": 0.105,
                                                                            "Actual Total Time": 79.396,
                                                                            "Actual Rows": 332747,
                                                                            "Actual Loops": 1
                                                                        },
                                                                        {
                                                                            "Worker Number": 3,
                                                                            "Actual Startup Time": 0.049,
                                                                            "Actual Total Time": 79.531,
                                                                            "Actual Rows": 332180,
                                                                            "Actual Loops": 1
                                                                        },
                                                                        {
                                                                            "Worker Number": 4,
                                                                            "Actual Startup Time": 0.06,
                                                                            "Actual Total Time": 81.072,
                                                                            "Actual Rows": 351371,
                                                                            "Actual Loops": 1
                                                                        }
                                                                    ]
                                                                }
                                                            ]
                                                        }
                                                    ]
                                                }
                                            ]
                                        }
                                    ]
                                }
                            ]
                        }
                    ]
                }
            ]
        },
        "Planning Time": 189.033,
        "Triggers": [],
        "Execution Time": 1575.287
    }
]