[
  {
    "Plan": {
      "Node Type": "Aggregate",
      "Strategy": "Plain",
      "Partial Mode": "Finalize",
      "Parallel Aware": false,
      "Startup Cost": 346993.88,
      "Total Cost": 346993.89,
      "Plan Rows": 1,
      "Plan Width": 8,
      "Actual Startup Time": 547.549,
      "Actual Total Time": 592.934,
      "Actual Rows": 1,
      "Actual Loops": 1,
      "Plans": [
        {
          "Node Type": "Gather",
          "Parent Relationship": "Outer",
          "Parallel Aware": false,
          "Startup Cost": 346993.25,
          "Total Cost": 346993.86,
          "Plan Rows": 6,
          "Plan Width": 8,
          "Actual Startup Time": 547.443,
          "Actual Total Time": 592.919,
          "Actual Rows": 7,
          "Actual Loops": 1,
          "Workers Planned": 6,
          "Workers Launched": 6,
          "Single Copy": false,
          "Plans": [
            {
              "Node Type": "Aggregate",
              "Strategy": "Plain",
              "Partial Mode": "Partial",
              "Parent Relationship": "Outer",
              "Parallel Aware": false,
              "Startup Cost": 345993.25,
              "Total Cost": 345993.26,
              "Plan Rows": 1,
              "Plan Width": 8,
              "Actual Startup Time": 539.743,
              "Actual Total Time": 539.744,
              "Actual Rows": 1,
              "Actual Loops": 7,
              "Plans": [
                {
                  "Node Type": "Index Scan",
                  "Parent Relationship": "Outer",
                  "Parallel Aware": true,
                  "Scan Direction": "Forward",
                  "Index Name": "role_id_cast_info",
                  "Relation Name": "cast_info",
                  "Alias": "ci",
                  "Startup Cost": 0.56,
                  "Total Cost": 341155.22,
                  "Plan Rows": 1935214,
                  "Plan Width": 0,
                  "Actual Startup Time": 85.226,
                  "Actual Total Time": 456.962,
                  "Actual Rows": 1479480,
                  "Actual Loops": 7,
                  "Index Cond": "(role_id < 2)",
                  "Rows Removed by Index Recheck": 0,
                  "Filter": "(person_id > 310788)",
                  "Rows Removed by Filter": 330618
                }
              ]
            }
          ]
        }
      ]
    },
    "Planning Time": 0.089,
    "Triggers": [],
    "Execution Time": 592.979
  }
]