[
  {
    "Plan": {
      "Node Type": "Aggregate",
      "Strategy": "Plain",
      "Partial Mode": "Finalize",
      "Parallel Aware": false,
      "Startup Cost": 29711.74,
      "Total Cost": 29711.75,
      "Plan Rows": 1,
      "Plan Width": 8,
      "Actual Startup Time": 32.573,
      "Actual Total Time": 38.398,
      "Actual Rows": 1,
      "Actual Loops": 1,
      "Plans": [
        {
          "Node Type": "Gather",
          "Parent Relationship": "Outer",
          "Parallel Aware": false,
          "Startup Cost": 29711.52,
          "Total Cost": 29711.73,
          "Plan Rows": 2,
          "Plan Width": 8,
          "Actual Startup Time": 32.389,
          "Actual Total Time": 38.393,
          "Actual Rows": 3,
          "Actual Loops": 1,
          "Workers Planned": 2,
          "Workers Launched": 2,
          "Single Copy": false,
          "Plans": [
            {
              "Node Type": "Aggregate",
              "Strategy": "Plain",
              "Partial Mode": "Partial",
              "Parent Relationship": "Outer",
              "Parallel Aware": false,
              "Startup Cost": 28711.52,
              "Total Cost": 28711.53,
              "Plan Rows": 1,
              "Plan Width": 8,
              "Actual Startup Time": 26.102,
              "Actual Total Time": 26.104,
              "Actual Rows": 1,
              "Actual Loops": 3,
              "Plans": [
                {
                  "Node Type": "Nested Loop",
                  "Parent Relationship": "Outer",
                  "Parallel Aware": false,
                  "Join Type": "Inner",
                  "Startup Cost": 113.02,
                  "Total Cost": 28710.36,
                  "Plan Rows": 466,
                  "Plan Width": 0,
                  "Actual Startup Time": 1.983,
                  "Actual Total Time": 26.015,
                  "Actual Rows": 762,
                  "Actual Loops": 3,
                  "Inner Unique": false,
                  "Plans": [
                    {
                      "Node Type": "Nested Loop",
                      "Parent Relationship": "Outer",
                      "Parallel Aware": false,
                      "Join Type": "Inner",
                      "Startup Cost": 112.6,
                      "Total Cost": 28226.9,
                      "Plan Rows": 854,
                      "Plan Width": 8,
                      "Actual Startup Time": 1.801,
                      "Actual Total Time": 22.77,
                      "Actual Rows": 301,
                      "Actual Loops": 3,
                      "Inner Unique": true,
                      "Plans": [
                        {
                          "Node Type": "Bitmap Heap Scan",
                          "Parent Relationship": "Outer",
                          "Parallel Aware": true,
                          "Relation Name": "movie_keyword",
                          "Alias": "mk",
                          "Startup Cost": 112.17,
                          "Total Cost": 12637.41,
                          "Plan Rows": 2136,
                          "Plan Width": 4,
                          "Actual Startup Time": 0.953,
                          "Actual Total Time": 7.97,
                          "Actual Rows": 1801,
                          "Actual Loops": 3,
                          "Recheck Cond": "(keyword_id = 107)",
                          "Rows Removed by Index Recheck": 0,
                          "Exact Heap Blocks": 4097,
                          "Lossy Heap Blocks": 0,
                          "Plans": [
                            {
                              "Node Type": "Bitmap Index Scan",
                              "Parent Relationship": "Outer",
                              "Parallel Aware": false,
                              "Index Name": "keyword_id_movie_keyword",
                              "Startup Cost": 0.0,
                              "Total Cost": 110.89,
                              "Plan Rows": 5127,
                              "Plan Width": 0,
                              "Actual Startup Time": 1.71,
                              "Actual Total Time": 1.71,
                              "Actual Rows": 5403,
                              "Actual Loops": 1,
                              "Index Cond": "(keyword_id = 107)"
                            }
                          ]
                        },
                        {
                          "Node Type": "Index Scan",
                          "Parent Relationship": "Inner",
                          "Parallel Aware": false,
                          "Scan Direction": "Forward",
                          "Index Name": "title_pkey",
                          "Relation Name": "title",
                          "Alias": "t",
                          "Startup Cost": 0.43,
                          "Total Cost": 7.3,
                          "Plan Rows": 1,
                          "Plan Width": 4,
                          "Actual Startup Time": 0.008,
                          "Actual Total Time": 0.008,
                          "Actual Rows": 0,
                          "Actual Loops": 5403,
                          "Index Cond": "(id = mk.movie_id)",
                          "Rows Removed by Index Recheck": 0,
                          "Filter": "(production_year > 2005)",
                          "Rows Removed by Filter": 1
                        }
                      ]
                    },
                    {
                      "Node Type": "Index Only Scan",
                      "Parent Relationship": "Inner",
                      "Parallel Aware": false,
                      "Scan Direction": "Forward",
                      "Index Name": "movie_id_movie_info_idx",
                      "Relation Name": "movie_info_idx",
                      "Alias": "mi_idx",
                      "Startup Cost": 0.43,
                      "Total Cost": 0.54,
                      "Plan Rows": 3,
                      "Plan Width": 4,
                      "Actual Startup Time": 0.009,
                      "Actual Total Time": 0.01,
                      "Actual Rows": 3,
                      "Actual Loops": 904,
                      "Index Cond": "(movie_id = t.id)",
                      "Rows Removed by Index Recheck": 0,
                      "Heap Fetches": 2285
                    }
                  ]
                }
              ]
            }
          ]
        }
      ]
    },
    "Planning Time": 0.488,
    "Triggers": [],
    "Execution Time": 38.443
  }
]