[
  {
    "Plan": {
      "Node Type": "Aggregate",
      "Strategy": "Plain",
      "Partial Mode": "Finalize",
      "Parallel Aware": false,
      "Startup Cost": 212111.15,
      "Total Cost": 212111.16,
      "Plan Rows": 1,
      "Plan Width": 8,
      "Actual Startup Time": 91.497,
      "Actual Total Time": 96.959,
      "Actual Rows": 1,
      "Actual Loops": 1,
      "Plans": [
        {
          "Node Type": "Gather",
          "Parent Relationship": "Outer",
          "Parallel Aware": false,
          "Startup Cost": 212110.63,
          "Total Cost": 212111.14,
          "Plan Rows": 5,
          "Plan Width": 8,
          "Actual Startup Time": 90.606,
          "Actual Total Time": 96.953,
          "Actual Rows": 6,
          "Actual Loops": 1,
          "Workers Planned": 5,
          "Workers Launched": 5,
          "Single Copy": false,
          "Plans": [
            {
              "Node Type": "Aggregate",
              "Strategy": "Plain",
              "Partial Mode": "Partial",
              "Parent Relationship": "Outer",
              "Parallel Aware": false,
              "Startup Cost": 211110.63,
              "Total Cost": 211110.64,
              "Plan Rows": 1,
              "Plan Width": 8,
              "Actual Startup Time": 82.7,
              "Actual Total Time": 82.703,
              "Actual Rows": 1,
              "Actual Loops": 6,
              "Plans": [
                {
                  "Node Type": "Hash Join",
                  "Parent Relationship": "Outer",
                  "Parallel Aware": true,
                  "Join Type": "Inner",
                  "Startup Cost": 47651.01,
                  "Total Cost": 211099.07,
                  "Plan Rows": 4621,
                  "Plan Width": 0,
                  "Actual Startup Time": 64.925,
                  "Actual Total Time": 82.561,
                  "Actual Rows": 2031,
                  "Actual Loops": 6,
                  "Inner Unique": true,
                  "Hash Cond": "(mi.movie_id = t.id)",
                  "Plans": [
                    {
                      "Node Type": "Bitmap Heap Scan",
                      "Parent Relationship": "Outer",
                      "Parallel Aware": true,
                      "Relation Name": "movie_info",
                      "Alias": "mi",
                      "Startup Cost": 8696.29,
                      "Total Cost": 171891.83,
                      "Plan Rows": 96203,
                      "Plan Width": 4,
                      "Actual Startup Time": 16.669,
                      "Actual Total Time": 29.076,
                      "Actual Rows": 79074,
                      "Actual Loops": 6,
                      "Recheck Cond": "(info_type_id = 6)",
                      "Rows Removed by Index Recheck": 0,
                      "Exact Heap Blocks": 711,
                      "Lossy Heap Blocks": 0,
                      "Plans": [
                        {
                          "Node Type": "Bitmap Index Scan",
                          "Parent Relationship": "Outer",
                          "Parallel Aware": false,
                          "Index Name": "info_type_id_movie_info",
                          "Startup Cost": 0.0,
                          "Total Cost": 8576.04,
                          "Plan Rows": 481014,
                          "Plan Width": 0,
                          "Actual Startup Time": 16.089,
                          "Actual Total Time": 16.089,
                          "Actual Rows": 474443,
                          "Actual Loops": 1,
                          "Index Cond": "(info_type_id = 6)"
                        }
                      ]
                    },
                    {
                      "Node Type": "Hash",
                      "Parent Relationship": "Inner",
                      "Parallel Aware": true,
                      "Startup Cost": 38575.19,
                      "Total Cost": 38575.19,
                      "Plan Rows": 30362,
                      "Plan Width": 4,
                      "Actual Startup Time": 36.672,
                      "Actual Total Time": 36.673,
                      "Actual Rows": 19706,
                      "Actual Loops": 6,
                      "Hash Buckets": 131072,
                      "Original Hash Buckets": 131072,
                      "Hash Batches": 1,
                      "Original Hash Batches": 1,
                      "Peak Memory Usage": 5792,
                      "Plans": [
                        {
                          "Node Type": "Bitmap Heap Scan",
                          "Parent Relationship": "Outer",
                          "Parallel Aware": true,
                          "Relation Name": "title",
                          "Alias": "t",
                          "Startup Cost": 2197.66,
                          "Total Cost": 38575.19,
                          "Plan Rows": 30362,
                          "Plan Width": 4,
                          "Actual Startup Time": 4.731,
                          "Actual Total Time": 30.058,
                          "Actual Rows": 19706,
                          "Actual Loops": 6,
                          "Recheck Cond": "(kind_id = 4)",
                          "Rows Removed by Index Recheck": 0,
                          "Exact Heap Blocks": 4781,
                          "Lossy Heap Blocks": 0,
                          "Plans": [
                            {
                              "Node Type": "Bitmap Index Scan",
                              "Parent Relationship": "Outer",
                              "Parallel Aware": false,
                              "Index Name": "kind_id_title",
                              "Startup Cost": 0.0,
                              "Total Cost": 2167.3,
                              "Plan Rows": 121449,
                              "Plan Width": 0,
                              "Actual Startup Time": 8.092,
                              "Actual Total Time": 8.092,
                              "Actual Rows": 118234,
                              "Actual Loops": 1,
                              "Index Cond": "(kind_id = 4)"
                            }
                          ]
                        }
                      ]
                    }
                  ]
                }
              ]
            }
          ]
        }
      ]
    },
    "Planning Time": 0.32,
    "Triggers": [],
    "Execution Time": 97.014
  }
]