{
  "Plan": {
    "Node Type": "Aggregate",
    "Strategy": "Plain",
    "Partial Mode": "Finalize",
    "Parallel Aware": false,
    "Startup Cost": 137301.9,
    "Total Cost": 137301.91,
    "Plan Rows": 1,
    "Plan Width": 8,
    "Actual Startup Time": 1040.737,
    "Actual Total Time": 1061.772,
    "Actual Rows": 1,
    "Actual Loops": 1,
    "Plans": [
      {
        "Node Type": "Gather",
        "Parent Relationship": "Outer",
        "Parallel Aware": false,
        "Startup Cost": 137301.79,
        "Total Cost": 137301.9,
        "Plan Rows": 1,
        "Plan Width": 8,
        "Actual Startup Time": 1033.78,
        "Actual Total Time": 1061.764,
        "Actual Rows": 2,
        "Actual Loops": 1,
        "Workers Planned": 1,
        "Workers Launched": 1,
        "Single Copy": false,
        "Plans": [
          {
            "Node Type": "Aggregate",
            "Strategy": "Plain",
            "Partial Mode": "Partial",
            "Parent Relationship": "Outer",
            "Parallel Aware": false,
            "Startup Cost": 136301.79,
            "Total Cost": 136301.8,
            "Plan Rows": 1,
            "Plan Width": 8,
            "Actual Startup Time": 1022.213,
            "Actual Total Time": 1022.217,
            "Actual Rows": 1,
            "Actual Loops": 2,
            "Plans": [
              {
                "Node Type": "Hash Join",
                "Parent Relationship": "Outer",
                "Parallel Aware": true,
                "Join Type": "Inner",
                "Startup Cost": 69460.7,
                "Total Cost": 131851.6,
                "Plan Rows": 1780075,
                "Plan Width": 0,
                "Actual Startup Time": 529.539,
                "Actual Total Time": 963.673,
                "Actual Rows": 1507984,
                "Actual Loops": 2,
                "Inner Unique": true,
                "Hash Cond": "(mk.movie_id = t.id)",
                "Plans": [
                  {
                    "Node Type": "Seq Scan",
                    "Parent Relationship": "Outer",
                    "Parallel Aware": true,
                    "Relation Name": "movie_keyword",
                    "Alias": "mk",
                    "Startup Cost": 0.0,
                    "Total Cost": 57718.19,
                    "Plan Rows": 1780075,
                    "Plan Width": 4,
                    "Actual Startup Time": 0.014,
                    "Actual Total Time": 188.817,
                    "Actual Rows": 1507984,
                    "Actual Loops": 2,
                    "Filter": "(keyword_id < 10746)",
                    "Rows Removed by Filter": 753982
                  },
                  {
                    "Node Type": "Hash",
                    "Parent Relationship": "Inner",
                    "Parallel Aware": true,
                    "Startup Cost": 50870.31,
                    "Total Cost": 50870.31,
                    "Plan Rows": 1487231,
                    "Plan Width": 4,
                    "Actual Startup Time": 507.222,
                    "Actual Total Time": 507.223,
                    "Actual Rows": 1264156,
                    "Actual Loops": 2,
                    "Hash Buckets": 4194304,
                    "Original Hash Buckets": 4194304,
                    "Hash Batches": 1,
                    "Original Hash Batches": 1,
                    "Peak Memory Usage": 131712,
                    "Plans": [
                      {
                        "Node Type": "Seq Scan",
                        "Parent Relationship": "Outer",
                        "Parallel Aware": true,
                        "Relation Name": "title",
                        "Alias": "t",
                        "Startup Cost": 0.0,
                        "Total Cost": 50870.31,
                        "Plan Rows": 1487231,
                        "Plan Width": 4,
                        "Actual Startup Time": 0.024,
                        "Actual Total Time": 146.832,
                        "Actual Rows": 1264156,
                        "Actual Loops": 2
                      }
                    ]
                  }
                ]
              }
            ]
          }
        ]
      }
    ]
  },
  "Planning Time": 0.68,
  "Triggers": [],
  "Execution Time": 1061.838
}