[
    {
        "Bao": {
            "Bao prediction": "NaN",
            "Bao recommended hint": "(no hint)"
        }
    },
    {
        "Plan": {
            "Node Type": "Aggregate",
            "Strategy": "Plain",
            "Partial Mode": "Simple",
            "Parallel Aware": false,
            "Startup Cost": 9777.35,
            "Total Cost": 9777.36,
            "Plan Rows": 1,
            "Plan Width": 8,
            "Actual Startup Time": 2.53,
            "Actual Total Time": 2.531,
            "Actual Rows": 1,
            "Actual Loops": 1,
            "Output": [
                "count(*)"
            ],
            "Plans": [
                {
                    "Node Type": "Index Only Scan",
                    "Parent Relationship": "Outer",
                    "Parallel Aware": false,
                    "Scan Direction": "Forward",
                    "Index Name": "company_id_movie_companies",
                    "Relation Name": "movie_companies",
                    "Schema": "public",
                    "Alias": "mc",
                    "Startup Cost": 0.43,
                    "Total Cost": 9767.13,
                    "Plan Rows": 4088,
                    "Plan Width": 0,
                    "Actual Startup Time": 0.042,
                    "Actual Total Time": 2.353,
                    "Actual Rows": 2945,
                    "Actual Loops": 1,
                    "Output": [
                        "company_id"
                    ],
                    "Index Cond": "(mc.company_id = 133)",
                    "Rows Removed by Index Recheck": 0,
                    "Heap Fetches": 2945
                }
            ]
        },
        "Planning Time": 176.225,
        "Triggers": [],
        "Execution Time": 2.568
    }
]