[
  {
    "Plan": {
      "Node Type": "Aggregate",
      "Strategy": "Plain",
      "Partial Mode": "Finalize",
      "Parallel Aware": false,
      "Startup Cost": 86731.91,
      "Total Cost": 86731.92,
      "Plan Rows": 1,
      "Plan Width": 8,
      "Actual Startup Time": 406.126,
      "Actual Total Time": 423.792,
      "Actual Rows": 1,
      "Actual Loops": 1,
      "Plans": [
        {
          "Node Type": "Gather",
          "Parent Relationship": "Outer",
          "Parallel Aware": false,
          "Startup Cost": 86731.59,
          "Total Cost": 86731.9,
          "Plan Rows": 3,
          "Plan Width": 8,
          "Actual Startup Time": 397.879,
          "Actual Total Time": 423.782,
          "Actual Rows": 4,
          "Actual Loops": 1,
          "Workers Planned": 3,
          "Workers Launched": 3,
          "Single Copy": false,
          "Plans": [
            {
              "Node Type": "Aggregate",
              "Strategy": "Plain",
              "Partial Mode": "Partial",
              "Parent Relationship": "Outer",
              "Parallel Aware": false,
              "Startup Cost": 85731.59,
              "Total Cost": 85731.6,
              "Plan Rows": 1,
              "Plan Width": 8,
              "Actual Startup Time": 387.243,
              "Actual Total Time": 387.247,
              "Actual Rows": 1,
              "Actual Loops": 4,
              "Plans": [
                {
                  "Node Type": "Hash Join",
                  "Parent Relationship": "Outer",
                  "Parallel Aware": true,
                  "Join Type": "Inner",
                  "Startup Cost": 58896.01,
                  "Total Cost": 85554.92,
                  "Plan Rows": 70670,
                  "Plan Width": 0,
                  "Actual Startup Time": 295.551,
                  "Actual Total Time": 386.164,
                  "Actual Rows": 10124,
                  "Actual Loops": 4,
                  "Inner Unique": true,
                  "Hash Cond": "(mk.movie_id = t.id)",
                  "Plans": [
                    {
                      "Node Type": "Bitmap Heap Scan",
                      "Parent Relationship": "Outer",
                      "Parallel Aware": true,
                      "Relation Name": "movie_keyword",
                      "Alias": "mk",
                      "Startup Cost": 9586.77,
                      "Total Cost": 35863.0,
                      "Plan Rows": 145779,
                      "Plan Width": 4,
                      "Actual Startup Time": 43.394,
                      "Actual Total Time": 102.311,
                      "Actual Rows": 110756,
                      "Actual Loops": 4,
                      "Recheck Cond": "(keyword_id > 39935)",
                      "Rows Removed by Index Recheck": 0,
                      "Exact Heap Blocks": 7886,
                      "Lossy Heap Blocks": 0,
                      "Plans": [
                        {
                          "Node Type": "Bitmap Index Scan",
                          "Parent Relationship": "Outer",
                          "Parallel Aware": false,
                          "Index Name": "keyword_id_movie_keyword",
                          "Startup Cost": 0.0,
                          "Total Cost": 9473.79,
                          "Plan Rows": 451914,
                          "Plan Width": 0,
                          "Actual Startup Time": 37.859,
                          "Actual Total Time": 37.859,
                          "Actual Rows": 443023,
                          "Actual Loops": 1,
                          "Index Cond": "(keyword_id > 39935)"
                        }
                      ]
                    },
                    {
                      "Node Type": "Hash",
                      "Parent Relationship": "Inner",
                      "Parallel Aware": true,
                      "Startup Cost": 45479.1,
                      "Total Cost": 45479.1,
                      "Plan Rows": 306412,
                      "Plan Width": 4,
                      "Actual Startup Time": 245.647,
                      "Actual Total Time": 245.648,
                      "Actual Rows": 327224,
                      "Actual Loops": 4,
                      "Hash Buckets": 2097152,
                      "Original Hash Buckets": 2097152,
                      "Hash Batches": 1,
                      "Original Hash Batches": 1,
                      "Peak Memory Usage": 67648,
                      "Plans": [
                        {
                          "Node Type": "Seq Scan",
                          "Parent Relationship": "Outer",
                          "Parallel Aware": true,
                          "Relation Name": "title",
                          "Alias": "t",
                          "Startup Cost": 0.0,
                          "Total Cost": 45479.1,
                          "Plan Rows": 306412,
                          "Plan Width": 4,
                          "Actual Startup Time": 0.039,
                          "Actual Total Time": 119.3,
                          "Actual Rows": 327224,
                          "Actual Loops": 4,
                          "Filter": "((production_year > 1975) AND (kind_id = 7))",
                          "Rows Removed by Filter": 304854
                        }
                      ]
                    }
                  ]
                }
              ]
            }
          ]
        }
      ]
    },
    "Planning Time": 0.483,
    "Triggers": [],
    "Execution Time": 423.867
  }
]