[
  {
    "Plan": {
      "Node Type": "Aggregate",
      "Strategy": "Plain",
      "Partial Mode": "Finalize",
      "Parallel Aware": false,
      "Startup Cost": 94852.9,
      "Total Cost": 94852.91,
      "Plan Rows": 1,
      "Plan Width": 8,
      "Actual Startup Time": 283.55,
      "Actual Total Time": 315.692,
      "Actual Rows": 1,
      "Actual Loops": 1,
      "Plans": [
        {
          "Node Type": "Gather",
          "Parent Relationship": "Outer",
          "Parallel Aware": false,
          "Startup Cost": 94852.58,
          "Total Cost": 94852.89,
          "Plan Rows": 3,
          "Plan Width": 8,
          "Actual Startup Time": 283.211,
          "Actual Total Time": 315.684,
          "Actual Rows": 4,
          "Actual Loops": 1,
          "Workers Planned": 3,
          "Workers Launched": 3,
          "Single Copy": false,
          "Plans": [
            {
              "Node Type": "Aggregate",
              "Strategy": "Plain",
              "Partial Mode": "Partial",
              "Parent Relationship": "Outer",
              "Parallel Aware": false,
              "Startup Cost": 93852.58,
              "Total Cost": 93852.59,
              "Plan Rows": 1,
              "Plan Width": 8,
              "Actual Startup Time": 277.599,
              "Actual Total Time": 277.603,
              "Actual Rows": 1,
              "Actual Loops": 4,
              "Plans": [
                {
                  "Node Type": "Nested Loop",
                  "Parent Relationship": "Outer",
                  "Parallel Aware": false,
                  "Join Type": "Inner",
                  "Startup Cost": 45597.08,
                  "Total Cost": 93624.41,
                  "Plan Rows": 91266,
                  "Plan Width": 0,
                  "Actual Startup Time": 126.123,
                  "Actual Total Time": 274.607,
                  "Actual Rows": 51474,
                  "Actual Loops": 4,
                  "Inner Unique": false,
                  "Join Filter": "(t.id = ci.movie_id)",
                  "Rows Removed by Join Filter": 0,
                  "Plans": [
                    {
                      "Node Type": "Hash Join",
                      "Parent Relationship": "Outer",
                      "Parallel Aware": true,
                      "Join Type": "Inner",
                      "Startup Cost": 45596.51,
                      "Total Cost": 76036.32,
                      "Plan Rows": 6365,
                      "Plan Width": 8,
                      "Actual Startup Time": 126.011,
                      "Actual Total Time": 195.436,
                      "Actual Rows": 1588,
                      "Actual Loops": 4,
                      "Inner Unique": true,
                      "Hash Cond": "(mc.movie_id = t.id)",
                      "Plans": [
                        {
                          "Node Type": "Seq Scan",
                          "Parent Relationship": "Outer",
                          "Parallel Aware": true,
                          "Relation Name": "movie_companies",
                          "Alias": "mc",
                          "Startup Cost": 0.0,
                          "Total Cost": 29310.68,
                          "Plan Rows": 430142,
                          "Plan Width": 4,
                          "Actual Startup Time": 30.288,
                          "Actual Total Time": 67.229,
                          "Actual Rows": 333721,
                          "Actual Loops": 4,
                          "Filter": "(company_type_id = 2)",
                          "Rows Removed by Filter": 318562
                        },
                        {
                          "Node Type": "Hash",
                          "Parent Relationship": "Inner",
                          "Parallel Aware": true,
                          "Startup Cost": 45479.59,
                          "Total Cost": 45479.59,
                          "Plan Rows": 9354,
                          "Plan Width": 4,
                          "Actual Startup Time": 94.964,
                          "Actual Total Time": 94.966,
                          "Actual Rows": 9924,
                          "Actual Loops": 4,
                          "Hash Buckets": 65536,
                          "Original Hash Buckets": 65536,
                          "Hash Batches": 1,
                          "Original Hash Batches": 1,
                          "Peak Memory Usage": 2112,
                          "Plans": [
                            {
                              "Node Type": "Seq Scan",
                              "Parent Relationship": "Outer",
                              "Parallel Aware": true,
                              "Relation Name": "title",
                              "Alias": "t",
                              "Startup Cost": 0.0,
                              "Total Cost": 45479.59,
                              "Plan Rows": 9354,
                              "Plan Width": 4,
                              "Actual Startup Time": 0.034,
                              "Actual Total Time": 90.697,
                              "Actual Rows": 9924,
                              "Actual Loops": 4,
                              "Filter": "((kind_id = 7) AND (production_year = 2001))",
                              "Rows Removed by Filter": 622154
                            }
                          ]
                        }
                      ]
                    },
                    {
                      "Node Type": "Index Only Scan",
                      "Parent Relationship": "Inner",
                      "Parallel Aware": false,
                      "Scan Direction": "Forward",
                      "Index Name": "movie_id_cast_info",
                      "Relation Name": "cast_info",
                      "Alias": "ci",
                      "Startup Cost": 0.56,
                      "Total Cost": 2.33,
                      "Plan Rows": 35,
                      "Plan Width": 4,
                      "Actual Startup Time": 0.007,
                      "Actual Total Time": 0.046,
                      "Actual Rows": 32,
                      "Actual Loops": 6350,
                      "Index Cond": "(movie_id = mc.movie_id)",
                      "Rows Removed by Index Recheck": 0,
                      "Heap Fetches": 205895
                    }
                  ]
                }
              ]
            }
          ]
        }
      ]
    },
    "Planning Time": 0.565,
    "Triggers": [],
    "Execution Time": 315.754
  }
]