[
  {
    "Plan": {
      "Node Type": "Aggregate",
      "Strategy": "Plain",
      "Partial Mode": "Finalize",
      "Parallel Aware": false,
      "Startup Cost": 340361.28,
      "Total Cost": 340361.29,
      "Plan Rows": 1,
      "Plan Width": 8,
      "Actual Startup Time": 779.723,
      "Actual Total Time": 840.578,
      "Actual Rows": 1,
      "Actual Loops": 1,
      "Plans": [
        {
          "Node Type": "Gather",
          "Parent Relationship": "Outer",
          "Parallel Aware": false,
          "Startup Cost": 340360.66,
          "Total Cost": 340361.27,
          "Plan Rows": 6,
          "Plan Width": 8,
          "Actual Startup Time": 779.606,
          "Actual Total Time": 840.567,
          "Actual Rows": 7,
          "Actual Loops": 1,
          "Workers Planned": 6,
          "Workers Launched": 6,
          "Single Copy": false,
          "Plans": [
            {
              "Node Type": "Aggregate",
              "Strategy": "Plain",
              "Partial Mode": "Partial",
              "Parent Relationship": "Outer",
              "Parallel Aware": false,
              "Startup Cost": 339360.66,
              "Total Cost": 339360.67,
              "Plan Rows": 1,
              "Plan Width": 8,
              "Actual Startup Time": 769.202,
              "Actual Total Time": 769.203,
              "Actual Rows": 1,
              "Actual Loops": 7,
              "Plans": [
                {
                  "Node Type": "Seq Scan",
                  "Parent Relationship": "Outer",
                  "Parallel Aware": true,
                  "Relation Name": "cast_info",
                  "Alias": "ci",
                  "Startup Cost": 0.0,
                  "Total Cost": 328162.03,
                  "Plan Rows": 4479452,
                  "Plan Width": 0,
                  "Actual Startup Time": 0.053,
                  "Actual Total Time": 607.268,
                  "Actual Rows": 3855445,
                  "Actual Loops": 7,
                  "Filter": "(person_id < 2775129)",
                  "Rows Removed by Filter": 1322318
                }
              ]
            }
          ]
        }
      ]
    },
    "Planning Time": 0.174,
    "Triggers": [],
    "Execution Time": 840.649
  }
]