{
  "Plan": {
    "Node Type": "Aggregate",
    "Strategy": "Plain",
    "Partial Mode": "Finalize",
    "Parallel Aware": false,
    "Startup Cost": 647242.02,
    "Total Cost": 647242.03,
    "Plan Rows": 1,
    "Plan Width": 8,
    "Actual Startup Time": 3579.913,
    "Actual Total Time": 3635.033,
    "Actual Rows": 1,
    "Actual Loops": 1,
    "Plans": [
      {
        "Node Type": "Gather",
        "Parent Relationship": "Outer",
        "Parallel Aware": false,
        "Startup Cost": 647241.91,
        "Total Cost": 647242.02,
        "Plan Rows": 1,
        "Plan Width": 8,
        "Actual Startup Time": 3579.278,
        "Actual Total Time": 3635.023,
        "Actual Rows": 2,
        "Actual Loops": 1,
        "Workers Planned": 1,
        "Workers Launched": 1,
        "Single Copy": false,
        "Plans": [
          {
            "Node Type": "Aggregate",
            "Strategy": "Plain",
            "Partial Mode": "Partial",
            "Parent Relationship": "Outer",
            "Parallel Aware": false,
            "Startup Cost": 646241.91,
            "Total Cost": 646241.92,
            "Plan Rows": 1,
            "Plan Width": 8,
            "Actual Startup Time": 3573.304,
            "Actual Total Time": 3573.33,
            "Actual Rows": 1,
            "Actual Loops": 2,
            "Plans": [
              {
                "Node Type": "Hash Join",
                "Parent Relationship": "Outer",
                "Parallel Aware": true,
                "Join Type": "Inner",
                "Startup Cost": 563839.44,
                "Total Cost": 645428.6,
                "Plan Rows": 325322,
                "Plan Width": 0,
                "Actual Startup Time": 3252.57,
                "Actual Total Time": 3568.228,
                "Actual Rows": 128960,
                "Actual Loops": 2,
                "Inner Unique": false,
                "Hash Cond": "(mk.movie_id = t.id)",
                "Plans": [
                  {
                    "Node Type": "Seq Scan",
                    "Parent Relationship": "Outer",
                    "Parallel Aware": true,
                    "Relation Name": "movie_keyword",
                    "Alias": "mk",
                    "Startup Cost": 0.0,
                    "Total Cost": 57718.19,
                    "Plan Rows": 1756585,
                    "Plan Width": 4,
                    "Actual Startup Time": 0.012,
                    "Actual Total Time": 188.136,
                    "Actual Rows": 1491006,
                    "Actual Loops": 2,
                    "Filter": "(keyword_id < 10282)",
                    "Rows Removed by Filter": 770958
                  },
                  {
                    "Node Type": "Hash",
                    "Parent Relationship": "Inner",
                    "Parallel Aware": true,
                    "Startup Cost": 560396.46,
                    "Total Cost": 560396.46,
                    "Plan Rows": 275438,
                    "Plan Width": 8,
                    "Actual Startup Time": 3247.442,
                    "Actual Total Time": 3247.449,
                    "Actual Rows": 101234,
                    "Actual Loops": 2,
                    "Hash Buckets": 524288,
                    "Original Hash Buckets": 524288,
                    "Hash Batches": 1,
                    "Original Hash Batches": 1,
                    "Peak Memory Usage": 12032,
                    "Plans": [
                      {
                        "Node Type": "Hash Join",
                        "Parent Relationship": "Outer",
                        "Parallel Aware": true,
                        "Join Type": "Inner",
                        "Startup Cost": 38663.11,
                        "Total Cost": 560396.46,
                        "Plan Rows": 275438,
                        "Plan Width": 8,
                        "Actual Startup Time": 70.146,
                        "Actual Total Time": 3209.931,
                        "Actual Rows": 101234,
                        "Actual Loops": 2,
                        "Inner Unique": true,
                        "Hash Cond": "(ci.movie_id = t.id)",
                        "Plans": [
                          {
                            "Node Type": "Seq Scan",
                            "Parent Relationship": "Outer",
                            "Parallel Aware": true,
                            "Relation Name": "cast_info",
                            "Alias": "ci",
                            "Startup Cost": 0.0,
                            "Total Cost": 465792.95,
                            "Plan Rows": 21310595,
                            "Plan Width": 4,
                            "Actual Startup Time": 0.012,
                            "Actual Total Time": 1370.844,
                            "Actual Rows": 18122172,
                            "Actual Loops": 2
                          },
                          {
                            "Node Type": "Hash",
                            "Parent Relationship": "Inner",
                            "Parallel Aware": true,
                            "Startup Cost": 38422.83,
                            "Total Cost": 38422.83,
                            "Plan Rows": 19222,
                            "Plan Width": 4,
                            "Actual Startup Time": 69.895,
                            "Actual Total Time": 69.897,
                            "Actual Rows": 14914,
                            "Actual Loops": 2,
                            "Hash Buckets": 32768,
                            "Original Hash Buckets": 32768,
                            "Hash Batches": 1,
                            "Original Hash Batches": 1,
                            "Peak Memory Usage": 1472,
                            "Plans": [
                              {
                                "Node Type": "Bitmap Heap Scan",
                                "Parent Relationship": "Outer",
                                "Parallel Aware": true,
                                "Relation Name": "title",
                                "Alias": "t",
                                "Startup Cost": 1624.71,
                                "Total Cost": 38422.83,
                                "Plan Rows": 19222,
                                "Plan Width": 4,
                                "Actual Startup Time": 20.981,
                                "Actual Total Time": 66.063,
                                "Actual Rows": 14914,
                                "Actual Loops": 2,
                                "Recheck Cond": "(kind_id = 2)",
                                "Rows Removed by Index Recheck": 0,
                                "Filter": "(production_year > 2006)",
                                "Rows Removed by Filter": 30512,
                                "Exact Heap Blocks": 20500,
                                "Lossy Heap Blocks": 0,
                                "Plans": [
                                  {
                                    "Node Type": "Bitmap Index Scan",
                                    "Parent Relationship": "Outer",
                                    "Parallel Aware": false,
                                    "Index Name": "kind_id_title",
                                    "Startup Cost": 0.0,
                                    "Total Cost": 1616.54,
                                    "Plan Rows": 90681,
                                    "Plan Width": 0,
                                    "Actual Startup Time": 15.247,
                                    "Actual Total Time": 15.247,
                                    "Actual Rows": 90852,
                                    "Actual Loops": 1,
                                    "Index Cond": "(kind_id = 2)"
                                  }
                                ]
                              }
                            ]
                          }
                        ]
                      }
                    ]
                  }
                ]
              }
            ]
          }
        ]
      }
    ]
  },
  "Planning Time": 0.97,
  "Triggers": [],
  "Execution Time": 3635.214
}