[
  {
    "Plan": {
      "Node Type": "Aggregate",
      "Strategy": "Plain",
      "Partial Mode": "Finalize",
      "Parallel Aware": false,
      "Startup Cost": 31538.49,
      "Total Cost": 31538.5,
      "Plan Rows": 1,
      "Plan Width": 8,
      "Actual Startup Time": 116.993,
      "Actual Total Time": 122.708,
      "Actual Rows": 1,
      "Actual Loops": 1,
      "Plans": [
        {
          "Node Type": "Gather",
          "Parent Relationship": "Outer",
          "Parallel Aware": false,
          "Startup Cost": 31538.17,
          "Total Cost": 31538.48,
          "Plan Rows": 3,
          "Plan Width": 8,
          "Actual Startup Time": 116.872,
          "Actual Total Time": 122.7,
          "Actual Rows": 4,
          "Actual Loops": 1,
          "Workers Planned": 3,
          "Workers Launched": 3,
          "Single Copy": false,
          "Plans": [
            {
              "Node Type": "Aggregate",
              "Strategy": "Plain",
              "Partial Mode": "Partial",
              "Parent Relationship": "Outer",
              "Parallel Aware": false,
              "Startup Cost": 30538.17,
              "Total Cost": 30538.18,
              "Plan Rows": 1,
              "Plan Width": 8,
              "Actual Startup Time": 111.832,
              "Actual Total Time": 111.833,
              "Actual Rows": 1,
              "Actual Loops": 4,
              "Plans": [
                {
                  "Node Type": "Seq Scan",
                  "Parent Relationship": "Outer",
                  "Parallel Aware": true,
                  "Relation Name": "movie_companies",
                  "Alias": "mc",
                  "Startup Cost": 0.0,
                  "Total Cost": 29310.68,
                  "Plan Rows": 490996,
                  "Plan Width": 0,
                  "Actual Startup Time": 5.705,
                  "Actual Total Time": 89.314,
                  "Actual Rows": 378876,
                  "Actual Loops": 4,
                  "Filter": "(company_id > 7340)",
                  "Rows Removed by Filter": 273406
                }
              ]
            }
          ]
        }
      ]
    },
    "Planning Time": 0.096,
    "Triggers": [],
    "Execution Time": 122.739
  }
]