{
  "Plan": {
    "Node Type": "Aggregate",
    "Strategy": "Plain",
    "Partial Mode": "Finalize",
    "Parallel Aware": false,
    "Startup Cost": 97664.65,
    "Total Cost": 97664.66,
    "Plan Rows": 1,
    "Plan Width": 8,
    "Actual Startup Time": 372.605,
    "Actual Total Time": 385.837,
    "Actual Rows": 1,
    "Actual Loops": 1,
    "Plans": [
      {
        "Node Type": "Gather",
        "Parent Relationship": "Outer",
        "Parallel Aware": false,
        "Startup Cost": 97664.54,
        "Total Cost": 97664.65,
        "Plan Rows": 1,
        "Plan Width": 8,
        "Actual Startup Time": 372.323,
        "Actual Total Time": 385.83,
        "Actual Rows": 2,
        "Actual Loops": 1,
        "Workers Planned": 1,
        "Workers Launched": 1,
        "Single Copy": false,
        "Plans": [
          {
            "Node Type": "Aggregate",
            "Strategy": "Plain",
            "Partial Mode": "Partial",
            "Parent Relationship": "Outer",
            "Parallel Aware": false,
            "Startup Cost": 96664.54,
            "Total Cost": 96664.55,
            "Plan Rows": 1,
            "Plan Width": 8,
            "Actual Startup Time": 366.66,
            "Actual Total Time": 366.663,
            "Actual Rows": 1,
            "Actual Loops": 2,
            "Plans": [
              {
                "Node Type": "Hash Join",
                "Parent Relationship": "Outer",
                "Parallel Aware": true,
                "Join Type": "Inner",
                "Startup Cost": 58465.16,
                "Total Cost": 96631.79,
                "Plan Rows": 13101,
                "Plan Width": 0,
                "Actual Startup Time": 179.665,
                "Actual Total Time": 363.886,
                "Actual Rows": 65606,
                "Actual Loops": 2,
                "Inner Unique": true,
                "Hash Cond": "(mc.movie_id = t.id)",
                "Plans": [
                  {
                    "Node Type": "Seq Scan",
                    "Parent Relationship": "Outer",
                    "Parallel Aware": true,
                    "Relation Name": "movie_companies",
                    "Alias": "mc",
                    "Startup Cost": 0.0,
                    "Total Cost": 34137.82,
                    "Plan Rows": 1534782,
                    "Plan Width": 4,
                    "Actual Startup Time": 0.012,
                    "Actual Total Time": 95.468,
                    "Actual Rows": 1304564,
                    "Actual Loops": 2
                  },
                  {
                    "Node Type": "Hash",
                    "Parent Relationship": "Inner",
                    "Parallel Aware": true,
                    "Startup Cost": 58306.47,
                    "Total Cost": 58306.47,
                    "Plan Rows": 12695,
                    "Plan Width": 4,
                    "Actual Startup Time": 142.663,
                    "Actual Total Time": 142.664,
                    "Actual Rows": 33758,
                    "Actual Loops": 2,
                    "Hash Buckets": 131072,
                    "Original Hash Buckets": 32768,
                    "Hash Batches": 1,
                    "Original Hash Batches": 1,
                    "Peak Memory Usage": 4480,
                    "Plans": [
                      {
                        "Node Type": "Seq Scan",
                        "Parent Relationship": "Outer",
                        "Parallel Aware": true,
                        "Relation Name": "title",
                        "Alias": "t",
                        "Startup Cost": 0.0,
                        "Total Cost": 58306.47,
                        "Plan Rows": 12695,
                        "Plan Width": 4,
                        "Actual Startup Time": 83.425,
                        "Actual Total Time": 133.527,
                        "Actual Rows": 33758,
                        "Actual Loops": 2,
                        "Filter": "((kind_id < 4) AND (production_year < 1916))",
                        "Rows Removed by Filter": 1230398
                      }
                    ]
                  }
                ]
              }
            ]
          }
        ]
      }
    ]
  },
  "Planning Time": 0.438,
  "Triggers": [],
  "Execution Time": 385.907
}