[
    {
        "Bao": {
            "Bao prediction": "NaN",
            "Bao recommended hint": "(no hint)"
        }
    },
    {
        "Plan": {
            "Node Type": "Aggregate",
            "Strategy": "Plain",
            "Partial Mode": "Finalize",
            "Parallel Aware": false,
            "Startup Cost": 41099.06,
            "Total Cost": 41099.07,
            "Plan Rows": 1,
            "Plan Width": 8,
            "Actual Startup Time": 116.886,
            "Actual Total Time": 121.236,
            "Actual Rows": 1,
            "Actual Loops": 1,
            "Output": [
                "count(*)"
            ],
            "Plans": [
                {
                    "Node Type": "Gather",
                    "Parent Relationship": "Outer",
                    "Parallel Aware": false,
                    "Startup Cost": 41098.75,
                    "Total Cost": 41099.06,
                    "Plan Rows": 3,
                    "Plan Width": 8,
                    "Actual Startup Time": 116.702,
                    "Actual Total Time": 121.228,
                    "Actual Rows": 4,
                    "Actual Loops": 1,
                    "Output": [
                        "(PARTIAL count(*))"
                    ],
                    "Workers Planned": 3,
                    "Workers Launched": 3,
                    "Single Copy": false,
                    "Plans": [
                        {
                            "Node Type": "Aggregate",
                            "Strategy": "Plain",
                            "Partial Mode": "Partial",
                            "Parent Relationship": "Outer",
                            "Parallel Aware": false,
                            "Startup Cost": 40098.75,
                            "Total Cost": 40098.76,
                            "Plan Rows": 1,
                            "Plan Width": 8,
                            "Actual Startup Time": 108.448,
                            "Actual Total Time": 108.45,
                            "Actual Rows": 1,
                            "Actual Loops": 4,
                            "Output": [
                                "PARTIAL count(*)"
                            ],
                            "Workers": [
                                {
                                    "Worker Number": 0,
                                    "Actual Startup Time": 105.681,
                                    "Actual Total Time": 105.683,
                                    "Actual Rows": 1,
                                    "Actual Loops": 1
                                },
                                {
                                    "Worker Number": 1,
                                    "Actual Startup Time": 105.709,
                                    "Actual Total Time": 105.71,
                                    "Actual Rows": 1,
                                    "Actual Loops": 1
                                },
                                {
                                    "Worker Number": 2,
                                    "Actual Startup Time": 105.982,
                                    "Actual Total Time": 105.983,
                                    "Actual Rows": 1,
                                    "Actual Loops": 1
                                }
                            ],
                            "Plans": [
                                {
                                    "Node Type": "Bitmap Heap Scan",
                                    "Parent Relationship": "Outer",
                                    "Parallel Aware": true,
                                    "Relation Name": "movie_keyword",
                                    "Schema": "public",
                                    "Alias": "mk",
                                    "Startup Cost": 12738.8,
                                    "Total Cost": 39614.42,
                                    "Plan Rows": 193730,
                                    "Plan Width": 0,
                                    "Actual Startup Time": 33.173,
                                    "Actual Total Time": 100.223,
                                    "Actual Rows": 148516,
                                    "Actual Loops": 4,
                                    "Recheck Cond": "(mk.keyword_id > 30982)",
                                    "Rows Removed by Index Recheck": 0,
                                    "Exact Heap Blocks": 10243,
                                    "Lossy Heap Blocks": 0,
                                    "Workers": [
                                        {
                                            "Worker Number": 0,
                                            "Actual Startup Time": 30.72,
                                            "Actual Total Time": 98.219,
                                            "Actual Rows": 112150,
                                            "Actual Loops": 1
                                        },
                                        {
                                            "Worker Number": 1,
                                            "Actual Startup Time": 30.381,
                                            "Actual Total Time": 98.159,
                                            "Actual Rows": 112225,
                                            "Actual Loops": 1
                                        },
                                        {
                                            "Worker Number": 2,
                                            "Actual Startup Time": 30.799,
                                            "Actual Total Time": 98.705,
                                            "Actual Rows": 110479,
                                            "Actual Loops": 1
                                        }
                                    ],
                                    "Plans": [
                                        {
                                            "Node Type": "Bitmap Index Scan",
                                            "Parent Relationship": "Outer",
                                            "Parallel Aware": false,
                                            "Index Name": "keyword_id_movie_keyword",
                                            "Startup Cost": 0.0,
                                            "Total Cost": 12588.66,
                                            "Plan Rows": 600563,
                                            "Plan Width": 0,
                                            "Actual Startup Time": 37.456,
                                            "Actual Total Time": 37.457,
                                            "Actual Rows": 594064,
                                            "Actual Loops": 1,
                                            "Index Cond": "(mk.keyword_id > 30982)"
                                        }
                                    ]
                                }
                            ]
                        }
                    ]
                }
            ]
        },
        "Planning Time": 179.832,
        "Triggers": [],
        "Execution Time": 121.29
    }
]