{
  "Plan": {
    "Node Type": "Aggregate",
    "Strategy": "Plain",
    "Partial Mode": "Finalize",
    "Parallel Aware": false,
    "Startup Cost": 648314.13,
    "Total Cost": 648314.14,
    "Plan Rows": 1,
    "Plan Width": 8,
    "Actual Startup Time": 6825.946,
    "Actual Total Time": 6894.302,
    "Actual Rows": 1,
    "Actual Loops": 1,
    "Plans": [
      {
        "Node Type": "Gather",
        "Parent Relationship": "Outer",
        "Parallel Aware": false,
        "Startup Cost": 648314.01,
        "Total Cost": 648314.12,
        "Plan Rows": 1,
        "Plan Width": 8,
        "Actual Startup Time": 6819.061,
        "Actual Total Time": 6894.291,
        "Actual Rows": 2,
        "Actual Loops": 1,
        "Workers Planned": 1,
        "Workers Launched": 1,
        "Single Copy": false,
        "Plans": [
          {
            "Node Type": "Aggregate",
            "Strategy": "Plain",
            "Partial Mode": "Partial",
            "Parent Relationship": "Outer",
            "Parallel Aware": false,
            "Startup Cost": 647314.01,
            "Total Cost": 647314.02,
            "Plan Rows": 1,
            "Plan Width": 8,
            "Actual Startup Time": 6805.199,
            "Actual Total Time": 6805.204,
            "Actual Rows": 1,
            "Actual Loops": 2,
            "Plans": [
              {
                "Node Type": "Hash Join",
                "Parent Relationship": "Outer",
                "Parallel Aware": true,
                "Join Type": "Inner",
                "Startup Cost": 69460.7,
                "Total Cost": 618638.98,
                "Plan Rows": 11470013,
                "Plan Width": 0,
                "Actual Startup Time": 989.939,
                "Actual Total Time": 6394.018,
                "Actual Rows": 9751720,
                "Actual Loops": 2,
                "Inner Unique": true,
                "Hash Cond": "(ci.movie_id = t.id)",
                "Plans": [
                  {
                    "Node Type": "Seq Scan",
                    "Parent Relationship": "Outer",
                    "Parallel Aware": true,
                    "Relation Name": "cast_info",
                    "Alias": "ci",
                    "Startup Cost": 0.0,
                    "Total Cost": 519069.44,
                    "Plan Rows": 11470013,
                    "Plan Width": 4,
                    "Actual Startup Time": 391.055,
                    "Actual Total Time": 1508.464,
                    "Actual Rows": 9751720,
                    "Actual Loops": 2,
                    "Filter": "(person_id > 1656401)",
                    "Rows Removed by Filter": 8370452
                  },
                  {
                    "Node Type": "Hash",
                    "Parent Relationship": "Inner",
                    "Parallel Aware": true,
                    "Startup Cost": 50870.31,
                    "Total Cost": 50870.31,
                    "Plan Rows": 1487231,
                    "Plan Width": 4,
                    "Actual Startup Time": 573.683,
                    "Actual Total Time": 573.685,
                    "Actual Rows": 1264156,
                    "Actual Loops": 2,
                    "Hash Buckets": 4194304,
                    "Original Hash Buckets": 4194304,
                    "Hash Batches": 1,
                    "Original Hash Batches": 1,
                    "Peak Memory Usage": 131712,
                    "Plans": [
                      {
                        "Node Type": "Seq Scan",
                        "Parent Relationship": "Outer",
                        "Parallel Aware": true,
                        "Relation Name": "title",
                        "Alias": "t",
                        "Startup Cost": 0.0,
                        "Total Cost": 50870.31,
                        "Plan Rows": 1487231,
                        "Plan Width": 4,
                        "Actual Startup Time": 0.039,
                        "Actual Total Time": 158.644,
                        "Actual Rows": 1264156,
                        "Actual Loops": 2
                      }
                    ]
                  }
                ]
              }
            ]
          }
        ]
      }
    ]
  },
  "Planning Time": 0.775,
  "Triggers": [],
  "Execution Time": 6894.403
}