{
    "Plan": {
        "Node Type": "Aggregate",
        "Strategy": "Plain",
        "Partial Mode": "Finalize",
        "Parallel Aware": false,
        "Startup Cost": 289406.3,
        "Total Cost": 289406.31,
        "Plan Rows": 1,
        "Plan Width": 8,
        "Actual Startup Time": 965.514,
        "Actual Total Time": 1004.956,
        "Actual Rows": 1,
        "Actual Loops": 1,
        "Output": [
            "count(*)"
        ],
        "Plans": [
            {
                "Node Type": "Gather",
                "Parent Relationship": "Outer",
                "Parallel Aware": false,
                "Startup Cost": 289405.78,
                "Total Cost": 289406.29,
                "Plan Rows": 5,
                "Plan Width": 8,
                "Actual Startup Time": 955.318,
                "Actual Total Time": 1004.928,
                "Actual Rows": 6,
                "Actual Loops": 1,
                "Output": [
                    "(PARTIAL count(*))"
                ],
                "Workers Planned": 5,
                "Workers Launched": 5,
                "Single Copy": false,
                "Plans": [
                    {
                        "Node Type": "Aggregate",
                        "Strategy": "Plain",
                        "Partial Mode": "Partial",
                        "Parent Relationship": "Outer",
                        "Parallel Aware": false,
                        "Startup Cost": 288405.78,
                        "Total Cost": 288405.79,
                        "Plan Rows": 1,
                        "Plan Width": 8,
                        "Actual Startup Time": 944.815,
                        "Actual Total Time": 944.901,
                        "Actual Rows": 1,
                        "Actual Loops": 6,
                        "Output": [
                            "PARTIAL count(*)"
                        ],
                        "Workers": [
                            {
                                "Worker Number": 0,
                                "Actual Startup Time": 942.168,
                                "Actual Total Time": 942.174,
                                "Actual Rows": 1,
                                "Actual Loops": 1
                            },
                            {
                                "Worker Number": 1,
                                "Actual Startup Time": 943.012,
                                "Actual Total Time": 943.018,
                                "Actual Rows": 1,
                                "Actual Loops": 1
                            },
                            {
                                "Worker Number": 2,
                                "Actual Startup Time": 942.763,
                                "Actual Total Time": 942.769,
                                "Actual Rows": 1,
                                "Actual Loops": 1
                            },
                            {
                                "Worker Number": 3,
                                "Actual Startup Time": 943.16,
                                "Actual Total Time": 943.165,
                                "Actual Rows": 1,
                                "Actual Loops": 1
                            },
                            {
                                "Worker Number": 4,
                                "Actual Startup Time": 943.399,
                                "Actual Total Time": 943.405,
                                "Actual Rows": 1,
                                "Actual Loops": 1
                            }
                        ],
                        "Plans": [
                            {
                                "Node Type": "Hash Join",
                                "Parent Relationship": "Outer",
                                "Parallel Aware": true,
                                "Join Type": "Inner",
                                "Startup Cost": 79707.63,
                                "Total Cost": 287772.92,
                                "Plan Rows": 253144,
                                "Plan Width": 0,
                                "Actual Startup Time": 248.903,
                                "Actual Total Time": 896.115,
                                "Actual Rows": 1086813,
                                "Actual Loops": 6,
                                "Inner Unique": false,
                                "Hash Cond": "(mi.movie_id = t.id)",
                                "Workers": [
                                    {
                                        "Worker Number": 0,
                                        "Actual Startup Time": 246.294,
                                        "Actual Total Time": 895.45,
                                        "Actual Rows": 1184021,
                                        "Actual Loops": 1
                                    },
                                    {
                                        "Worker Number": 1,
                                        "Actual Startup Time": 246.979,
                                        "Actual Total Time": 895.156,
                                        "Actual Rows": 759326,
                                        "Actual Loops": 1
                                    },
                                    {
                                        "Worker Number": 2,
                                        "Actual Startup Time": 246.886,
                                        "Actual Total Time": 896.012,
                                        "Actual Rows": 1186409,
                                        "Actual Loops": 1
                                    },
                                    {
                                        "Worker Number": 3,
                                        "Actual Startup Time": 247.283,
                                        "Actual Total Time": 895.925,
                                        "Actual Rows": 1197960,
                                        "Actual Loops": 1
                                    },
                                    {
                                        "Worker Number": 4,
                                        "Actual Startup Time": 247.495,
                                        "Actual Total Time": 893.203,
                                        "Actual Rows": 797743,
                                        "Actual Loops": 1
                                    }
                                ],
                                "Plans": [
                                    {
                                        "Node Type": "Seq Scan",
                                        "Parent Relationship": "Outer",
                                        "Parallel Aware": true,
                                        "Relation Name": "movie_info",
                                        "Schema": "public",
                                        "Alias": "mi",
                                        "Startup Cost": 0.0,
                                        "Total Cost": 198880.74,
                                        "Plan Rows": 2231456,
                                        "Plan Width": 4,
                                        "Actual Startup Time": 0.034,
                                        "Actual Total Time": 357.798,
                                        "Actual Rows": 1868457,
                                        "Actual Loops": 6,
                                        "Output": [
                                            "mi.id",
                                            "mi.movie_id",
                                            "mi.info_type_id",
                                            "mi.info",
                                            "mi.note"
                                        ],
                                        "Filter": "(mi.info_type_id > 3)",
                                        "Rows Removed by Filter": 604163,
                                        "Workers": [
                                            {
                                                "Worker Number": 0,
                                                "Actual Startup Time": 0.034,
                                                "Actual Total Time": 365.756,
                                                "Actual Rows": 2044872,
                                                "Actual Loops": 1
                                            },
                                            {
                                                "Worker Number": 1,
                                                "Actual Startup Time": 0.038,
                                                "Actual Total Time": 361.661,
                                                "Actual Rows": 1303106,
                                                "Actual Loops": 1
                                            },
                                            {
                                                "Worker Number": 2,
                                                "Actual Startup Time": 0.033,
                                                "Actual Total Time": 352.935,
                                                "Actual Rows": 1982707,
                                                "Actual Loops": 1
                                            },
                                            {
                                                "Worker Number": 3,
                                                "Actual Startup Time": 0.044,
                                                "Actual Total Time": 364.803,
                                                "Actual Rows": 2028713,
                                                "Actual Loops": 1
                                            },
                                            {
                                                "Worker Number": 4,
                                                "Actual Startup Time": 0.039,
                                                "Actual Total Time": 365.937,
                                                "Actual Rows": 1332307,
                                                "Actual Loops": 1
                                            }
                                        ]
                                    },
                                    {
                                        "Node Type": "Hash",
                                        "Parent Relationship": "Inner",
                                        "Parallel Aware": true,
                                        "Startup Cost": 78551.09,
                                        "Total Cost": 78551.09,
                                        "Plan Rows": 92523,
                                        "Plan Width": 8,
                                        "Actual Startup Time": 245.551,
                                        "Actual Total Time": 245.634,
                                        "Actual Rows": 26788,
                                        "Actual Loops": 6,
                                        "Output": [
                                            "t.id",
                                            "mc.movie_id"
                                        ],
                                        "Hash Buckets": 524288,
                                        "Original Hash Buckets": 524288,
                                        "Hash Batches": 1,
                                        "Original Hash Batches": 1,
                                        "Peak Memory Usage": 10464,
                                        "Workers": [
                                            {
                                                "Worker Number": 0,
                                                "Actual Startup Time": 245.041,
                                                "Actual Total Time": 245.046,
                                                "Actual Rows": 29213,
                                                "Actual Loops": 1
                                            },
                                            {
                                                "Worker Number": 1,
                                                "Actual Startup Time": 245.367,
                                                "Actual Total Time": 245.371,
                                                "Actual Rows": 21033,
                                                "Actual Loops": 1
                                            },
                                            {
                                                "Worker Number": 2,
                                                "Actual Startup Time": 245.519,
                                                "Actual Total Time": 245.522,
                                                "Actual Rows": 29572,
                                                "Actual Loops": 1
                                            },
                                            {
                                                "Worker Number": 3,
                                                "Actual Startup Time": 246.021,
                                                "Actual Total Time": 246.025,
                                                "Actual Rows": 29033,
                                                "Actual Loops": 1
                                            },
                                            {
                                                "Worker Number": 4,
                                                "Actual Startup Time": 246.312,
                                                "Actual Total Time": 246.316,
                                                "Actual Rows": 20039,
                                                "Actual Loops": 1
                                            }
                                        ],
                                        "Plans": [
                                            {
                                                "Node Type": "Hash Join",
                                                "Parent Relationship": "Outer",
                                                "Parallel Aware": true,
                                                "Join Type": "Inner",
                                                "Startup Cost": 46354.92,
                                                "Total Cost": 78551.09,
                                                "Plan Rows": 92523,
                                                "Plan Width": 8,
                                                "Actual Startup Time": 152.56,
                                                "Actual Total Time": 235.524,
                                                "Actual Rows": 26788,
                                                "Actual Loops": 6,
                                                "Output": [
                                                    "t.id",
                                                    "mc.movie_id"
                                                ],
                                                "Inner Unique": true,
                                                "Hash Cond": "(mc.movie_id = t.id)",
                                                "Workers": [
                                                    {
                                                        "Worker Number": 0,
                                                        "Actual Startup Time": 152.643,
                                                        "Actual Total Time": 235.658,
                                                        "Actual Rows": 29213,
                                                        "Actual Loops": 1
                                                    },
                                                    {
                                                        "Worker Number": 1,
                                                        "Actual Startup Time": 152.468,
                                                        "Actual Total Time": 236.873,
                                                        "Actual Rows": 21033,
                                                        "Actual Loops": 1
                                                    },
                                                    {
                                                        "Worker Number": 2,
                                                        "Actual Startup Time": 152.453,
                                                        "Actual Total Time": 234.595,
                                                        "Actual Rows": 29572,
                                                        "Actual Loops": 1
                                                    },
                                                    {
                                                        "Worker Number": 3,
                                                        "Actual Startup Time": 152.589,
                                                        "Actual Total Time": 235.673,
                                                        "Actual Rows": 29033,
                                                        "Actual Loops": 1
                                                    },
                                                    {
                                                        "Worker Number": 4,
                                                        "Actual Startup Time": 152.499,
                                                        "Actual Total Time": 235.131,
                                                        "Actual Rows": 20039,
                                                        "Actual Loops": 1
                                                    }
                                                ],
                                                "Plans": [
                                                    {
                                                        "Node Type": "Seq Scan",
                                                        "Parent Relationship": "Outer",
                                                        "Parallel Aware": true,
                                                        "Relation Name": "movie_companies",
                                                        "Schema": "public",
                                                        "Alias": "mc",
                                                        "Startup Cost": 0.0,
                                                        "Total Cost": 31414.82,
                                                        "Plan Rows": 297659,
                                                        "Plan Width": 4,
                                                        "Actual Startup Time": 0.372,
                                                        "Actual Total Time": 52.013,
                                                        "Actual Rows": 126946,
                                                        "Actual Loops": 6,
                                                        "Output": [
                                                            "mc.id",
                                                            "mc.movie_id",
                                                            "mc.company_id",
                                                            "mc.company_type_id",
                                                            "mc.note"
                                                        ],
                                                        "Filter": "((mc.company_id > 1402) AND (mc.company_type_id = 1))",
                                                        "Rows Removed by Filter": 307908,
                                                        "Workers": [
                                                            {
                                                                "Worker Number": 0,
                                                                "Actual Startup Time": 0.378,
                                                                "Actual Total Time": 51.993,
                                                                "Actual Rows": 137136,
                                                                "Actual Loops": 1
                                                            },
                                                            {
                                                                "Worker Number": 1,
                                                                "Actual Startup Time": 0.491,
                                                                "Actual Total Time": 54.332,
                                                                "Actual Rows": 99502,
                                                                "Actual Loops": 1
                                                            },
                                                            {
                                                                "Worker Number": 2,
                                                                "Actual Startup Time": 0.392,
                                                                "Actual Total Time": 51.24,
                                                                "Actual Rows": 138690,
                                                                "Actual Loops": 1
                                                            },
                                                            {
                                                                "Worker Number": 3,
                                                                "Actual Startup Time": 0.308,
                                                                "Actual Total Time": 51.741,
                                                                "Actual Rows": 138315,
                                                                "Actual Loops": 1
                                                            },
                                                            {
                                                                "Worker Number": 4,
                                                                "Actual Startup Time": 0.34,
                                                                "Actual Total Time": 54.015,
                                                                "Actual Rows": 96902,
                                                                "Actual Loops": 1
                                                            }
                                                        ]
                                                    },
                                                    {
                                                        "Node Type": "Hash",
                                                        "Parent Relationship": "Inner",
                                                        "Parallel Aware": true,
                                                        "Startup Cost": 43899.01,
                                                        "Total Cost": 43899.01,
                                                        "Plan Rows": 196473,
                                                        "Plan Width": 4,
                                                        "Actual Startup Time": 150.02,
                                                        "Actual Total Time": 150.021,
                                                        "Actual Rows": 130821,
                                                        "Actual Loops": 6,
                                                        "Output": [
                                                            "t.id"
                                                        ],
                                                        "Hash Buckets": 1048576,
                                                        "Original Hash Buckets": 1048576,
                                                        "Hash Batches": 1,
                                                        "Original Hash Batches": 1,
                                                        "Peak Memory Usage": 38976,
                                                        "Workers": [
                                                            {
                                                                "Worker Number": 0,
                                                                "Actual Startup Time": 152.011,
                                                                "Actual Total Time": 152.013,
                                                                "Actual Rows": 125578,
                                                                "Actual Loops": 1
                                                            },
                                                            {
                                                                "Worker Number": 1,
                                                                "Actual Startup Time": 151.9,
                                                                "Actual Total Time": 151.901,
                                                                "Actual Rows": 100086,
                                                                "Actual Loops": 1
                                                            },
                                                            {
                                                                "Worker Number": 2,
                                                                "Actual Startup Time": 151.856,
                                                                "Actual Total Time": 151.857,
                                                                "Actual Rows": 136648,
                                                                "Actual Loops": 1
                                                            },
                                                            {
                                                                "Worker Number": 3,
                                                                "Actual Startup Time": 152.019,
                                                                "Actual Total Time": 152.02,
                                                                "Actual Rows": 124968,
                                                                "Actual Loops": 1
                                                            },
                                                            {
                                                                "Worker Number": 4,
                                                                "Actual Startup Time": 151.863,
                                                                "Actual Total Time": 151.864,
                                                                "Actual Rows": 100541,
                                                                "Actual Loops": 1
                                                            }
                                                        ],
                                                        "Plans": [
                                                            {
                                                                "Node Type": "Seq Scan",
                                                                "Parent Relationship": "Outer",
                                                                "Parallel Aware": true,
                                                                "Relation Name": "title",
                                                                "Schema": "public",
                                                                "Alias": "t",
                                                                "Startup Cost": 0.0,
                                                                "Total Cost": 43899.01,
                                                                "Plan Rows": 196473,
                                                                "Plan Width": 4,
                                                                "Actual Startup Time": 0.073,
                                                                "Actual Total Time": 86.826,
                                                                "Actual Rows": 130821,
                                                                "Actual Loops": 6,
                                                                "Output": [
                                                                    "t.id"
                                                                ],
                                                                "Filter": "(t.production_year > 2007)",
                                                                "Rows Removed by Filter": 290564,
                                                                "Workers": [
                                                                    {
                                                                        "Worker Number": 0,
                                                                        "Actual Startup Time": 0.09,
                                                                        "Actual Total Time": 88.755,
                                                                        "Actual Rows": 125578,
                                                                        "Actual Loops": 1
                                                                    },
                                                                    {
                                                                        "Worker Number": 1,
                                                                        "Actual Startup Time": 0.09,
                                                                        "Actual Total Time": 87.423,
                                                                        "Actual Rows": 100086,
                                                                        "Actual Loops": 1
                                                                    },
                                                                    {
                                                                        "Worker Number": 2,
                                                                        "Actual Startup Time": 0.08,
                                                                        "Actual Total Time": 86.051,
                                                                        "Actual Rows": 136648,
                                                                        "Actual Loops": 1
                                                                    },
                                                                    {
                                                                        "Worker Number": 3,
                                                                        "Actual Startup Time": 0.076,
                                                                        "Actual Total Time": 88.388,
                                                                        "Actual Rows": 124968,
                                                                        "Actual Loops": 1
                                                                    },
                                                                    {
                                                                        "Worker Number": 4,
                                                                        "Actual Startup Time": 0.086,
                                                                        "Actual Total Time": 90.239,
                                                                        "Actual Rows": 100541,
                                                                        "Actual Loops": 1
                                                                    }
                                                                ]
                                                            }
                                                        ]
                                                    }
                                                ]
                                            }
                                        ]
                                    }
                                ]
                            }
                        ]
                    }
                ]
            }
        ]
    },
    "Planning Time": 1.758,
    "Triggers": [],
    "Execution Time": 1005.066
}