[
  {
    "Plan": {
      "Node Type": "Aggregate",
      "Strategy": "Plain",
      "Partial Mode": "Finalize",
      "Parallel Aware": false,
      "Startup Cost": 31062.41,
      "Total Cost": 31062.42,
      "Plan Rows": 1,
      "Plan Width": 8,
      "Actual Startup Time": 87.225,
      "Actual Total Time": 94.853,
      "Actual Rows": 1,
      "Actual Loops": 1,
      "Plans": [
        {
          "Node Type": "Gather",
          "Parent Relationship": "Outer",
          "Parallel Aware": false,
          "Startup Cost": 31062.09,
          "Total Cost": 31062.4,
          "Plan Rows": 3,
          "Plan Width": 8,
          "Actual Startup Time": 87.089,
          "Actual Total Time": 94.844,
          "Actual Rows": 4,
          "Actual Loops": 1,
          "Workers Planned": 3,
          "Workers Launched": 3,
          "Single Copy": false,
          "Plans": [
            {
              "Node Type": "Aggregate",
              "Strategy": "Plain",
              "Partial Mode": "Partial",
              "Parent Relationship": "Outer",
              "Parallel Aware": false,
              "Startup Cost": 30062.09,
              "Total Cost": 30062.1,
              "Plan Rows": 1,
              "Plan Width": 8,
              "Actual Startup Time": 80.508,
              "Actual Total Time": 80.509,
              "Actual Rows": 1,
              "Actual Loops": 4,
              "Plans": [
                {
                  "Node Type": "Seq Scan",
                  "Parent Relationship": "Outer",
                  "Parallel Aware": true,
                  "Relation Name": "movie_companies",
                  "Alias": "mc",
                  "Startup Cost": 0.0,
                  "Total Cost": 29310.68,
                  "Plan Rows": 300563,
                  "Plan Width": 0,
                  "Actual Startup Time": 0.037,
                  "Actual Total Time": 68.844,
                  "Actual Rows": 232936,
                  "Actual Loops": 4,
                  "Filter": "(company_id < 3349)",
                  "Rows Removed by Filter": 419346
                }
              ]
            }
          ]
        }
      ]
    },
    "Planning Time": 0.077,
    "Triggers": [],
    "Execution Time": 94.877
  }
]