[
  {
    "Plan": {
      "Node Type": "Aggregate",
      "Strategy": "Plain",
      "Partial Mode": "Finalize",
      "Parallel Aware": false,
      "Startup Cost": 79120.49,
      "Total Cost": 79120.5,
      "Plan Rows": 1,
      "Plan Width": 8,
      "Actual Startup Time": 384.051,
      "Actual Total Time": 400.851,
      "Actual Rows": 1,
      "Actual Loops": 1,
      "Plans": [
        {
          "Node Type": "Gather",
          "Parent Relationship": "Outer",
          "Parallel Aware": false,
          "Startup Cost": 79120.18,
          "Total Cost": 79120.49,
          "Plan Rows": 3,
          "Plan Width": 8,
          "Actual Startup Time": 381.545,
          "Actual Total Time": 400.843,
          "Actual Rows": 4,
          "Actual Loops": 1,
          "Workers Planned": 3,
          "Workers Launched": 3,
          "Single Copy": false,
          "Plans": [
            {
              "Node Type": "Aggregate",
              "Strategy": "Plain",
              "Partial Mode": "Partial",
              "Parent Relationship": "Outer",
              "Parallel Aware": false,
              "Startup Cost": 78120.18,
              "Total Cost": 78120.19,
              "Plan Rows": 1,
              "Plan Width": 8,
              "Actual Startup Time": 373.095,
              "Actual Total Time": 373.098,
              "Actual Rows": 1,
              "Actual Loops": 4,
              "Plans": [
                {
                  "Node Type": "Hash Join",
                  "Parent Relationship": "Outer",
                  "Parallel Aware": true,
                  "Join Type": "Inner",
                  "Startup Cost": 48026.14,
                  "Total Cost": 77442.03,
                  "Plan Rows": 271260,
                  "Plan Width": 0,
                  "Actual Startup Time": 161.623,
                  "Actual Total Time": 359.01,
                  "Actual Rows": 338955,
                  "Actual Loops": 4,
                  "Inner Unique": true,
                  "Hash Cond": "(mc.movie_id = t.id)",
                  "Plans": [
                    {
                      "Node Type": "Seq Scan",
                      "Parent Relationship": "Outer",
                      "Parallel Aware": true,
                      "Relation Name": "movie_companies",
                      "Alias": "mc",
                      "Startup Cost": 0.0,
                      "Total Cost": 27206.55,
                      "Plan Rows": 841655,
                      "Plan Width": 4,
                      "Actual Startup Time": 0.008,
                      "Actual Total Time": 55.793,
                      "Actual Rows": 652282,
                      "Actual Loops": 4
                    },
                    {
                      "Node Type": "Hash",
                      "Parent Relationship": "Inner",
                      "Parallel Aware": true,
                      "Startup Cost": 45479.59,
                      "Total Cost": 45479.59,
                      "Plan Rows": 203724,
                      "Plan Width": 4,
                      "Actual Startup Time": 158.652,
                      "Actual Total Time": 158.653,
                      "Actual Rows": 181476,
                      "Actual Loops": 4,
                      "Hash Buckets": 1048576,
                      "Original Hash Buckets": 1048576,
                      "Hash Batches": 1,
                      "Original Hash Batches": 1,
                      "Peak Memory Usage": 36640,
                      "Plans": [
                        {
                          "Node Type": "Seq Scan",
                          "Parent Relationship": "Outer",
                          "Parallel Aware": true,
                          "Relation Name": "title",
                          "Alias": "t",
                          "Startup Cost": 0.0,
                          "Total Cost": 45479.59,
                          "Plan Rows": 203724,
                          "Plan Width": 4,
                          "Actual Startup Time": 0.054,
                          "Actual Total Time": 99.851,
                          "Actual Rows": 181476,
                          "Actual Loops": 4,
                          "Filter": "((kind_id < 7) AND (production_year > 1970))",
                          "Rows Removed by Filter": 450602
                        }
                      ]
                    }
                  ]
                }
              ]
            }
          ]
        }
      ]
    },
    "Planning Time": 0.216,
    "Triggers": [],
    "Execution Time": 400.882
  }
]