[
  {
    "Plan": {
      "Node Type": "Aggregate",
      "Strategy": "Plain",
      "Partial Mode": "Finalize",
      "Parallel Aware": false,
      "Startup Cost": 350370.04,
      "Total Cost": 350370.05,
      "Plan Rows": 1,
      "Plan Width": 8,
      "Actual Startup Time": 718.586,
      "Actual Total Time": 780.855,
      "Actual Rows": 1,
      "Actual Loops": 1,
      "Plans": [
        {
          "Node Type": "Gather",
          "Parent Relationship": "Outer",
          "Parallel Aware": false,
          "Startup Cost": 350369.41,
          "Total Cost": 350370.02,
          "Plan Rows": 6,
          "Plan Width": 8,
          "Actual Startup Time": 718.303,
          "Actual Total Time": 780.84,
          "Actual Rows": 7,
          "Actual Loops": 1,
          "Workers Planned": 6,
          "Workers Launched": 6,
          "Single Copy": false,
          "Plans": [
            {
              "Node Type": "Aggregate",
              "Strategy": "Plain",
              "Partial Mode": "Partial",
              "Parent Relationship": "Outer",
              "Parallel Aware": false,
              "Startup Cost": 349369.41,
              "Total Cost": 349369.42,
              "Plan Rows": 1,
              "Plan Width": 8,
              "Actual Startup Time": 713.36,
              "Actual Total Time": 713.362,
              "Actual Rows": 1,
              "Actual Loops": 7,
              "Plans": [
                {
                  "Node Type": "Seq Scan",
                  "Parent Relationship": "Outer",
                  "Parallel Aware": true,
                  "Relation Name": "cast_info",
                  "Alias": "ci",
                  "Startup Cost": 0.0,
                  "Total Cost": 343316.27,
                  "Plan Rows": 2421257,
                  "Plan Width": 0,
                  "Actual Startup Time": 328.326,
                  "Actual Total Time": 635.43,
                  "Actual Rows": 1826463,
                  "Actual Loops": 7,
                  "Filter": "((person_id < 3448662) AND (role_id > 2))",
                  "Rows Removed by Filter": 3351300
                }
              ]
            }
          ]
        }
      ]
    },
    "Planning Time": 0.23,
    "Triggers": [],
    "Execution Time": 780.926
  }
]