[
  {
    "Plan": {
      "Node Type": "Aggregate",
      "Strategy": "Plain",
      "Partial Mode": "Finalize",
      "Parallel Aware": false,
      "Startup Cost": 369300.57,
      "Total Cost": 369300.58,
      "Plan Rows": 1,
      "Plan Width": 8,
      "Actual Startup Time": 1449.5,
      "Actual Total Time": 1515.212,
      "Actual Rows": 1,
      "Actual Loops": 1,
      "Plans": [
        {
          "Node Type": "Gather",
          "Parent Relationship": "Outer",
          "Parallel Aware": false,
          "Startup Cost": 369299.95,
          "Total Cost": 369300.56,
          "Plan Rows": 6,
          "Plan Width": 8,
          "Actual Startup Time": 1448.092,
          "Actual Total Time": 1515.198,
          "Actual Rows": 7,
          "Actual Loops": 1,
          "Workers Planned": 6,
          "Workers Launched": 6,
          "Single Copy": false,
          "Plans": [
            {
              "Node Type": "Aggregate",
              "Strategy": "Plain",
              "Partial Mode": "Partial",
              "Parent Relationship": "Outer",
              "Parallel Aware": false,
              "Startup Cost": 368299.95,
              "Total Cost": 368299.96,
              "Plan Rows": 1,
              "Plan Width": 8,
              "Actual Startup Time": 1436.475,
              "Actual Total Time": 1436.479,
              "Actual Rows": 1,
              "Actual Loops": 7,
              "Plans": [
                {
                  "Node Type": "Hash Join",
                  "Parent Relationship": "Outer",
                  "Parallel Aware": true,
                  "Join Type": "Inner",
                  "Startup Cost": 38877.96,
                  "Total Cost": 367844.62,
                  "Plan Rows": 182132,
                  "Plan Width": 0,
                  "Actual Startup Time": 59.677,
                  "Actual Total Time": 1426.663,
                  "Actual Rows": 167575,
                  "Actual Loops": 7,
                  "Inner Unique": true,
                  "Hash Cond": "(ci.movie_id = t.id)",
                  "Plans": [
                    {
                      "Node Type": "Seq Scan",
                      "Parent Relationship": "Outer",
                      "Parallel Aware": true,
                      "Relation Name": "cast_info",
                      "Alias": "ci",
                      "Startup Cost": 0.0,
                      "Total Cost": 313106.51,
                      "Plan Rows": 6041951,
                      "Plan Width": 4,
                      "Actual Startup Time": 0.029,
                      "Actual Total Time": 592.097,
                      "Actual Rows": 5177763,
                      "Actual Loops": 7
                    },
                    {
                      "Node Type": "Hash",
                      "Parent Relationship": "Inner",
                      "Parallel Aware": true,
                      "Startup Cost": 38639.79,
                      "Total Cost": 38639.79,
                      "Plan Rows": 19054,
                      "Plan Width": 4,
                      "Actual Startup Time": 58.23,
                      "Actual Total Time": 58.232,
                      "Actual Rows": 14195,
                      "Actual Loops": 7,
                      "Hash Buckets": 131072,
                      "Original Hash Buckets": 131072,
                      "Hash Batches": 1,
                      "Original Hash Batches": 1,
                      "Peak Memory Usage": 5024,
                      "Plans": [
                        {
                          "Node Type": "Bitmap Heap Scan",
                          "Parent Relationship": "Outer",
                          "Parallel Aware": true,
                          "Relation Name": "title",
                          "Alias": "t",
                          "Startup Cost": 2186.35,
                          "Total Cost": 38639.79,
                          "Plan Rows": 19054,
                          "Plan Width": 4,
                          "Actual Startup Time": 14.64,
                          "Actual Total Time": 49.725,
                          "Actual Rows": 14195,
                          "Actual Loops": 7,
                          "Recheck Cond": "(kind_id = 4)",
                          "Rows Removed by Index Recheck": 0,
                          "Filter": "(production_year > 1996)",
                          "Rows Removed by Filter": 2695,
                          "Exact Heap Blocks": 5296,
                          "Lossy Heap Blocks": 0,
                          "Plans": [
                            {
                              "Node Type": "Bitmap Index Scan",
                              "Parent Relationship": "Outer",
                              "Parallel Aware": false,
                              "Index Name": "kind_id_title",
                              "Startup Cost": 0.0,
                              "Total Cost": 2167.3,
                              "Plan Rows": 121449,
                              "Plan Width": 0,
                              "Actual Startup Time": 15.429,
                              "Actual Total Time": 15.43,
                              "Actual Rows": 118234,
                              "Actual Loops": 1,
                              "Index Cond": "(kind_id = 4)"
                            }
                          ]
                        }
                      ]
                    }
                  ]
                }
              ]
            }
          ]
        }
      ]
    },
    "Planning Time": 0.654,
    "Triggers": [],
    "Execution Time": 1515.342
  }
]