{
    "Plan": {
        "Node Type": "Aggregate",
        "Strategy": "Plain",
        "Partial Mode": "Finalize",
        "Parallel Aware": false,
        "Startup Cost": 374459.79,
        "Total Cost": 374459.8,
        "Plan Rows": 1,
        "Plan Width": 8,
        "Actual Startup Time": 1422.302,
        "Actual Total Time": 1470.308,
        "Actual Rows": 1,
        "Actual Loops": 1,
        "Output": [
            "count(*)"
        ],
        "Plans": [
            {
                "Node Type": "Gather",
                "Parent Relationship": "Outer",
                "Parallel Aware": false,
                "Startup Cost": 374459.17,
                "Total Cost": 374459.78,
                "Plan Rows": 6,
                "Plan Width": 8,
                "Actual Startup Time": 1421.364,
                "Actual Total Time": 1470.296,
                "Actual Rows": 7,
                "Actual Loops": 1,
                "Output": [
                    "(PARTIAL count(*))"
                ],
                "Workers Planned": 6,
                "Workers Launched": 6,
                "Single Copy": false,
                "Plans": [
                    {
                        "Node Type": "Aggregate",
                        "Strategy": "Plain",
                        "Partial Mode": "Partial",
                        "Parent Relationship": "Outer",
                        "Parallel Aware": false,
                        "Startup Cost": 373459.17,
                        "Total Cost": 373459.18,
                        "Plan Rows": 1,
                        "Plan Width": 8,
                        "Actual Startup Time": 1410.657,
                        "Actual Total Time": 1410.66,
                        "Actual Rows": 1,
                        "Actual Loops": 7,
                        "Output": [
                            "PARTIAL count(*)"
                        ],
                        "Workers": [
                            {
                                "Worker Number": 0,
                                "Actual Startup Time": 1408.161,
                                "Actual Total Time": 1408.164,
                                "Actual Rows": 1,
                                "Actual Loops": 1
                            },
                            {
                                "Worker Number": 1,
                                "Actual Startup Time": 1408.695,
                                "Actual Total Time": 1408.698,
                                "Actual Rows": 1,
                                "Actual Loops": 1
                            },
                            {
                                "Worker Number": 2,
                                "Actual Startup Time": 1408.775,
                                "Actual Total Time": 1408.778,
                                "Actual Rows": 1,
                                "Actual Loops": 1
                            },
                            {
                                "Worker Number": 3,
                                "Actual Startup Time": 1409.211,
                                "Actual Total Time": 1409.214,
                                "Actual Rows": 1,
                                "Actual Loops": 1
                            },
                            {
                                "Worker Number": 4,
                                "Actual Startup Time": 1409.395,
                                "Actual Total Time": 1409.398,
                                "Actual Rows": 1,
                                "Actual Loops": 1
                            },
                            {
                                "Worker Number": 5,
                                "Actual Startup Time": 1409.871,
                                "Actual Total Time": 1409.874,
                                "Actual Rows": 1,
                                "Actual Loops": 1
                            }
                        ],
                        "Plans": [
                            {
                                "Node Type": "Hash Join",
                                "Parent Relationship": "Outer",
                                "Parallel Aware": true,
                                "Join Type": "Inner",
                                "Startup Cost": 44102.06,
                                "Total Cost": 373070.96,
                                "Plan Rows": 155283,
                                "Plan Width": 0,
                                "Actual Startup Time": 77.926,
                                "Actual Total Time": 1401.525,
                                "Actual Rows": 135026,
                                "Actual Loops": 7,
                                "Inner Unique": true,
                                "Hash Cond": "(ci.movie_id = t.id)",
                                "Workers": [
                                    {
                                        "Worker Number": 0,
                                        "Actual Startup Time": 75.252,
                                        "Actual Total Time": 1399.44,
                                        "Actual Rows": 145628,
                                        "Actual Loops": 1
                                    },
                                    {
                                        "Worker Number": 1,
                                        "Actual Startup Time": 76.035,
                                        "Actual Total Time": 1399.58,
                                        "Actual Rows": 158042,
                                        "Actual Loops": 1
                                    },
                                    {
                                        "Worker Number": 2,
                                        "Actual Startup Time": 75.867,
                                        "Actual Total Time": 1399.062,
                                        "Actual Rows": 102275,
                                        "Actual Loops": 1
                                    },
                                    {
                                        "Worker Number": 3,
                                        "Actual Startup Time": 76.624,
                                        "Actual Total Time": 1399.433,
                                        "Actual Rows": 106526,
                                        "Actual Loops": 1
                                    },
                                    {
                                        "Worker Number": 4,
                                        "Actual Startup Time": 76.774,
                                        "Actual Total Time": 1400.497,
                                        "Actual Rows": 149332,
                                        "Actual Loops": 1
                                    },
                                    {
                                        "Worker Number": 5,
                                        "Actual Startup Time": 77.34,
                                        "Actual Total Time": 1400.141,
                                        "Actual Rows": 101979,
                                        "Actual Loops": 1
                                    }
                                ],
                                "Plans": [
                                    {
                                        "Node Type": "Seq Scan",
                                        "Parent Relationship": "Outer",
                                        "Parallel Aware": true,
                                        "Relation Name": "cast_info",
                                        "Schema": "public",
                                        "Alias": "ci",
                                        "Startup Cost": 0.0,
                                        "Total Cost": 313108.29,
                                        "Plan Rows": 6042129,
                                        "Plan Width": 4,
                                        "Actual Startup Time": 0.033,
                                        "Actual Total Time": 575.014,
                                        "Actual Rows": 5177763,
                                        "Actual Loops": 7,
                                        "Output": [
                                            "ci.id",
                                            "ci.person_id",
                                            "ci.movie_id",
                                            "ci.person_role_id",
                                            "ci.note",
                                            "ci.nr_order",
                                            "ci.role_id"
                                        ],
                                        "Workers": [
                                            {
                                                "Worker Number": 0,
                                                "Actual Startup Time": 0.029,
                                                "Actual Total Time": 584.868,
                                                "Actual Rows": 5613306,
                                                "Actual Loops": 1
                                            },
                                            {
                                                "Worker Number": 1,
                                                "Actual Startup Time": 0.033,
                                                "Actual Total Time": 580.02,
                                                "Actual Rows": 6008750,
                                                "Actual Loops": 1
                                            },
                                            {
                                                "Worker Number": 2,
                                                "Actual Startup Time": 0.038,
                                                "Actual Total Time": 576.479,
                                                "Actual Rows": 3918201,
                                                "Actual Loops": 1
                                            },
                                            {
                                                "Worker Number": 3,
                                                "Actual Startup Time": 0.043,
                                                "Actual Total Time": 565.827,
                                                "Actual Rows": 4028669,
                                                "Actual Loops": 1
                                            },
                                            {
                                                "Worker Number": 4,
                                                "Actual Startup Time": 0.035,
                                                "Actual Total Time": 591.61,
                                                "Actual Rows": 5723082,
                                                "Actual Loops": 1
                                            },
                                            {
                                                "Worker Number": 5,
                                                "Actual Startup Time": 0.045,
                                                "Actual Total Time": 566.986,
                                                "Actual Rows": 3899302,
                                                "Actual Loops": 1
                                            }
                                        ]
                                    },
                                    {
                                        "Node Type": "Hash",
                                        "Parent Relationship": "Inner",
                                        "Parallel Aware": true,
                                        "Startup Cost": 43899.01,
                                        "Total Cost": 43899.01,
                                        "Plan Rows": 16244,
                                        "Plan Width": 4,
                                        "Actual Startup Time": 76.357,
                                        "Actual Total Time": 76.358,
                                        "Actual Rows": 9118,
                                        "Actual Loops": 7,
                                        "Output": [
                                            "t.id"
                                        ],
                                        "Hash Buckets": 65536,
                                        "Original Hash Buckets": 65536,
                                        "Hash Batches": 1,
                                        "Original Hash Batches": 1,
                                        "Peak Memory Usage": 3104,
                                        "Workers": [
                                            {
                                                "Worker Number": 0,
                                                "Actual Startup Time": 74.449,
                                                "Actual Total Time": 74.45,
                                                "Actual Rows": 8840,
                                                "Actual Loops": 1
                                            },
                                            {
                                                "Worker Number": 1,
                                                "Actual Startup Time": 75.04,
                                                "Actual Total Time": 75.041,
                                                "Actual Rows": 9401,
                                                "Actual Loops": 1
                                            },
                                            {
                                                "Worker Number": 2,
                                                "Actual Startup Time": 75.112,
                                                "Actual Total Time": 75.113,
                                                "Actual Rows": 7031,
                                                "Actual Loops": 1
                                            },
                                            {
                                                "Worker Number": 3,
                                                "Actual Startup Time": 75.575,
                                                "Actual Total Time": 75.576,
                                                "Actual Rows": 6428,
                                                "Actual Loops": 1
                                            },
                                            {
                                                "Worker Number": 4,
                                                "Actual Startup Time": 75.727,
                                                "Actual Total Time": 75.728,
                                                "Actual Rows": 9218,
                                                "Actual Loops": 1
                                            },
                                            {
                                                "Worker Number": 5,
                                                "Actual Startup Time": 76.172,
                                                "Actual Total Time": 76.173,
                                                "Actual Rows": 7286,
                                                "Actual Loops": 1
                                            }
                                        ],
                                        "Plans": [
                                            {
                                                "Node Type": "Seq Scan",
                                                "Parent Relationship": "Outer",
                                                "Parallel Aware": true,
                                                "Relation Name": "title",
                                                "Schema": "public",
                                                "Alias": "t",
                                                "Startup Cost": 0.0,
                                                "Total Cost": 43899.01,
                                                "Plan Rows": 16244,
                                                "Plan Width": 4,
                                                "Actual Startup Time": 0.073,
                                                "Actual Total Time": 70.944,
                                                "Actual Rows": 9118,
                                                "Actual Loops": 7,
                                                "Output": [
                                                    "t.id"
                                                ],
                                                "Filter": "(t.production_year = 2013)",
                                                "Rows Removed by Filter": 352069,
                                                "Workers": [
                                                    {
                                                        "Worker Number": 0,
                                                        "Actual Startup Time": 0.084,
                                                        "Actual Total Time": 68.871,
                                                        "Actual Rows": 8840,
                                                        "Actual Loops": 1
                                                    },
                                                    {
                                                        "Worker Number": 1,
                                                        "Actual Startup Time": 0.066,
                                                        "Actual Total Time": 70.051,
                                                        "Actual Rows": 9401,
                                                        "Actual Loops": 1
                                                    },
                                                    {
                                                        "Worker Number": 2,
                                                        "Actual Startup Time": 0.057,
                                                        "Actual Total Time": 69.425,
                                                        "Actual Rows": 7031,
                                                        "Actual Loops": 1
                                                    },
                                                    {
                                                        "Worker Number": 3,
                                                        "Actual Startup Time": 0.072,
                                                        "Actual Total Time": 69.854,
                                                        "Actual Rows": 6428,
                                                        "Actual Loops": 1
                                                    },
                                                    {
                                                        "Worker Number": 4,
                                                        "Actual Startup Time": 0.078,
                                                        "Actual Total Time": 70.545,
                                                        "Actual Rows": 9218,
                                                        "Actual Loops": 1
                                                    },
                                                    {
                                                        "Worker Number": 5,
                                                        "Actual Startup Time": 0.084,
                                                        "Actual Total Time": 71.084,
                                                        "Actual Rows": 7286,
                                                        "Actual Loops": 1
                                                    }
                                                ]
                                            }
                                        ]
                                    }
                                ]
                            }
                        ]
                    }
                ]
            }
        ]
    },
    "Planning Time": 0.71,
    "Triggers": [],
    "Execution Time": 1470.396
}