[
  {
    "Plan": {
      "Node Type": "Aggregate",
      "Strategy": "Plain",
      "Partial Mode": "Finalize",
      "Parallel Aware": false,
      "Startup Cost": 199231.53,
      "Total Cost": 199231.54,
      "Plan Rows": 1,
      "Plan Width": 8,
      "Actual Startup Time": 253.9,
      "Actual Total Time": 269.314,
      "Actual Rows": 1,
      "Actual Loops": 1,
      "Plans": [
        {
          "Node Type": "Gather",
          "Parent Relationship": "Outer",
          "Parallel Aware": false,
          "Startup Cost": 199230.9,
          "Total Cost": 199231.51,
          "Plan Rows": 6,
          "Plan Width": 8,
          "Actual Startup Time": 253.812,
          "Actual Total Time": 269.303,
          "Actual Rows": 7,
          "Actual Loops": 1,
          "Workers Planned": 6,
          "Workers Launched": 6,
          "Single Copy": false,
          "Plans": [
            {
              "Node Type": "Aggregate",
              "Strategy": "Plain",
              "Partial Mode": "Partial",
              "Parent Relationship": "Outer",
              "Parallel Aware": false,
              "Startup Cost": 198230.9,
              "Total Cost": 198230.91,
              "Plan Rows": 1,
              "Plan Width": 8,
              "Actual Startup Time": 244.37,
              "Actual Total Time": 244.371,
              "Actual Rows": 1,
              "Actual Loops": 7,
              "Plans": [
                {
                  "Node Type": "Index Scan",
                  "Parent Relationship": "Outer",
                  "Parallel Aware": true,
                  "Scan Direction": "Forward",
                  "Index Name": "role_id_cast_info",
                  "Relation Name": "cast_info",
                  "Alias": "ci",
                  "Startup Cost": 0.56,
                  "Total Cost": 197877.72,
                  "Plan Rows": 141272,
                  "Plan Width": 0,
                  "Actual Startup Time": 10.382,
                  "Actual Total Time": 244.346,
                  "Actual Rows": 166,
                  "Actual Loops": 7,
                  "Index Cond": "(role_id = 2)",
                  "Rows Removed by Index Recheck": 0,
                  "Filter": "(person_id < 412982)",
                  "Rows Removed by Filter": 1064401
                }
              ]
            }
          ]
        }
      ]
    },
    "Planning Time": 0.308,
    "Triggers": [],
    "Execution Time": 269.476
  }
]