[
  {
    "Plan": {
      "Node Type": "Aggregate",
      "Strategy": "Plain",
      "Partial Mode": "Finalize",
      "Parallel Aware": false,
      "Startup Cost": 139487.12,
      "Total Cost": 139487.13,
      "Plan Rows": 1,
      "Plan Width": 8,
      "Actual Startup Time": 666.766,
      "Actual Total Time": 709.497,
      "Actual Rows": 1,
      "Actual Loops": 1,
      "Plans": [
        {
          "Node Type": "Gather",
          "Parent Relationship": "Outer",
          "Parallel Aware": false,
          "Startup Cost": 139486.7,
          "Total Cost": 139487.11,
          "Plan Rows": 4,
          "Plan Width": 8,
          "Actual Startup Time": 665.76,
          "Actual Total Time": 709.487,
          "Actual Rows": 5,
          "Actual Loops": 1,
          "Workers Planned": 4,
          "Workers Launched": 4,
          "Single Copy": false,
          "Plans": [
            {
              "Node Type": "Aggregate",
              "Strategy": "Plain",
              "Partial Mode": "Partial",
              "Parent Relationship": "Outer",
              "Parallel Aware": false,
              "Startup Cost": 138486.7,
              "Total Cost": 138486.71,
              "Plan Rows": 1,
              "Plan Width": 8,
              "Actual Startup Time": 655.723,
              "Actual Total Time": 655.727,
              "Actual Rows": 1,
              "Actual Loops": 5,
              "Plans": [
                {
                  "Node Type": "Nested Loop",
                  "Parent Relationship": "Outer",
                  "Parallel Aware": false,
                  "Join Type": "Inner",
                  "Startup Cost": 23060.1,
                  "Total Cost": 137962.31,
                  "Plan Rows": 209758,
                  "Plan Width": 0,
                  "Actual Startup Time": 146.201,
                  "Actual Total Time": 632.104,
                  "Actual Rows": 484277,
                  "Actual Loops": 5,
                  "Inner Unique": false,
                  "Plans": [
                    {
                      "Node Type": "Hash Join",
                      "Parent Relationship": "Outer",
                      "Parallel Aware": true,
                      "Join Type": "Inner",
                      "Startup Cost": 23059.67,
                      "Total Cost": 68654.48,
                      "Plan Rows": 35873,
                      "Plan Width": 8,
                      "Actual Startup Time": 146.103,
                      "Actual Total Time": 212.791,
                      "Actual Rows": 28034,
                      "Actual Loops": 5,
                      "Inner Unique": false,
                      "Hash Cond": "(t.id = mc.movie_id)",
                      "Plans": [
                        {
                          "Node Type": "Seq Scan",
                          "Parent Relationship": "Outer",
                          "Parallel Aware": true,
                          "Relation Name": "title",
                          "Alias": "t",
                          "Startup Cost": 0.0,
                          "Total Cost": 42318.73,
                          "Plan Rows": 632073,
                          "Plan Width": 4,
                          "Actual Startup Time": 0.017,
                          "Actual Total Time": 69.084,
                          "Actual Rows": 505662,
                          "Actual Loops": 5
                        },
                        {
                          "Node Type": "Hash",
                          "Parent Relationship": "Inner",
                          "Parallel Aware": true,
                          "Startup Cost": 22481.08,
                          "Total Cost": 22481.08,
                          "Plan Rows": 46287,
                          "Plan Width": 4,
                          "Actual Startup Time": 48.928,
                          "Actual Total Time": 48.929,
                          "Actual Rows": 28034,
                          "Actual Loops": 5,
                          "Hash Buckets": 262144,
                          "Original Hash Buckets": 262144,
                          "Hash Batches": 1,
                          "Original Hash Batches": 1,
                          "Peak Memory Usage": 7648,
                          "Plans": [
                            {
                              "Node Type": "Bitmap Heap Scan",
                              "Parent Relationship": "Outer",
                              "Parallel Aware": true,
                              "Relation Name": "movie_companies",
                              "Alias": "mc",
                              "Startup Cost": 3112.49,
                              "Total Cost": 22481.08,
                              "Plan Rows": 46287,
                              "Plan Width": 4,
                              "Actual Startup Time": 12.576,
                              "Actual Total Time": 34.572,
                              "Actual Rows": 28034,
                              "Actual Loops": 5,
                              "Recheck Cond": "(company_id > 136290)",
                              "Rows Removed by Index Recheck": 0,
                              "Exact Heap Blocks": 1784,
                              "Lossy Heap Blocks": 0,
                              "Plans": [
                                {
                                  "Node Type": "Bitmap Index Scan",
                                  "Parent Relationship": "Outer",
                                  "Parallel Aware": false,
                                  "Index Name": "company_id_movie_companies",
                                  "Startup Cost": 0.0,
                                  "Total Cost": 3076.61,
                                  "Plan Rows": 143491,
                                  "Plan Width": 0,
                                  "Actual Startup Time": 14.301,
                                  "Actual Total Time": 14.301,
                                  "Actual Rows": 140169,
                                  "Actual Loops": 1,
                                  "Index Cond": "(company_id > 136290)"
                                }
                              ]
                            }
                          ]
                        }
                      ]
                    },
                    {
                      "Node Type": "Index Only Scan",
                      "Parent Relationship": "Inner",
                      "Parallel Aware": false,
                      "Scan Direction": "Forward",
                      "Index Name": "movie_id_movie_info",
                      "Relation Name": "movie_info",
                      "Alias": "mi",
                      "Startup Cost": 0.43,
                      "Total Cost": 1.51,
                      "Plan Rows": 42,
                      "Plan Width": 4,
                      "Actual Startup Time": 0.005,
                      "Actual Total Time": 0.014,
                      "Actual Rows": 17,
                      "Actual Loops": 140169,
                      "Index Cond": "(movie_id = t.id)",
                      "Rows Removed by Index Recheck": 0,
                      "Heap Fetches": 2421386
                    }
                  ]
                }
              ]
            }
          ]
        }
      ]
    },
    "Planning Time": 1.374,
    "Triggers": [],
    "Execution Time": 709.617
  }
]