[
  {
    "Plan": {
      "Node Type": "Aggregate",
      "Strategy": "Plain",
      "Partial Mode": "Finalize",
      "Parallel Aware": false,
      "Startup Cost": 59987.69,
      "Total Cost": 59987.7,
      "Plan Rows": 1,
      "Plan Width": 8,
      "Actual Startup Time": 477.199,
      "Actual Total Time": 497.705,
      "Actual Rows": 1,
      "Actual Loops": 1,
      "Plans": [
        {
          "Node Type": "Gather",
          "Parent Relationship": "Outer",
          "Parallel Aware": false,
          "Startup Cost": 59987.37,
          "Total Cost": 59987.68,
          "Plan Rows": 3,
          "Plan Width": 8,
          "Actual Startup Time": 465.965,
          "Actual Total Time": 497.693,
          "Actual Rows": 4,
          "Actual Loops": 1,
          "Workers Planned": 3,
          "Workers Launched": 3,
          "Single Copy": false,
          "Plans": [
            {
              "Node Type": "Aggregate",
              "Strategy": "Plain",
              "Partial Mode": "Partial",
              "Parent Relationship": "Outer",
              "Parallel Aware": false,
              "Startup Cost": 58987.37,
              "Total Cost": 58987.38,
              "Plan Rows": 1,
              "Plan Width": 8,
              "Actual Startup Time": 447.096,
              "Actual Total Time": 447.099,
              "Actual Rows": 1,
              "Actual Loops": 4,
              "Plans": [
                {
                  "Node Type": "Hash Join",
                  "Parent Relationship": "Outer",
                  "Parallel Aware": true,
                  "Join Type": "Inner",
                  "Startup Cost": 50220.21,
                  "Total Cost": 58905.73,
                  "Plan Rows": 32654,
                  "Plan Width": 0,
                  "Actual Startup Time": 391.688,
                  "Actual Total Time": 444.26,
                  "Actual Rows": 58760,
                  "Actual Loops": 4,
                  "Inner Unique": true,
                  "Hash Cond": "(ci.movie_id = t.id)",
                  "Plans": [
                    {
                      "Node Type": "Index Scan",
                      "Parent Relationship": "Outer",
                      "Parallel Aware": true,
                      "Scan Direction": "Forward",
                      "Index Name": "role_id_cast_info",
                      "Relation Name": "cast_info",
                      "Alias": "ci",
                      "Startup Cost": 0.56,
                      "Total Cost": 8600.37,
                      "Plan Rows": 32654,
                      "Plan Width": 4,
                      "Actual Startup Time": 0.082,
                      "Actual Total Time": 15.172,
                      "Actual Rows": 58760,
                      "Actual Loops": 4,
                      "Index Cond": "(role_id > 10)",
                      "Rows Removed by Index Recheck": 0,
                      "Filter": "(person_id > 2459184)",
                      "Rows Removed by Filter": 20269
                    },
                    {
                      "Node Type": "Hash",
                      "Parent Relationship": "Inner",
                      "Parallel Aware": true,
                      "Startup Cost": 42318.73,
                      "Total Cost": 42318.73,
                      "Plan Rows": 632073,
                      "Plan Width": 4,
                      "Actual Startup Time": 379.666,
                      "Actual Total Time": 379.667,
                      "Actual Rows": 632078,
                      "Actual Loops": 4,
                      "Hash Buckets": 4194304,
                      "Original Hash Buckets": 4194304,
                      "Hash Batches": 1,
                      "Original Hash Batches": 1,
                      "Peak Memory Usage": 131776,
                      "Plans": [
                        {
                          "Node Type": "Seq Scan",
                          "Parent Relationship": "Outer",
                          "Parallel Aware": true,
                          "Relation Name": "title",
                          "Alias": "t",
                          "Startup Cost": 0.0,
                          "Total Cost": 42318.73,
                          "Plan Rows": 632073,
                          "Plan Width": 4,
                          "Actual Startup Time": 0.037,
                          "Actual Total Time": 110.413,
                          "Actual Rows": 632078,
                          "Actual Loops": 4
                        }
                      ]
                    }
                  ]
                }
              ]
            }
          ]
        }
      ]
    },
    "Planning Time": 0.621,
    "Triggers": [],
    "Execution Time": 497.781
  }
]