{
  "Plan": {
    "Node Type": "Aggregate",
    "Strategy": "Plain",
    "Partial Mode": "Finalize",
    "Parallel Aware": false,
    "Startup Cost": 568584.88,
    "Total Cost": 568584.89,
    "Plan Rows": 1,
    "Plan Width": 8,
    "Actual Startup Time": 3196.817,
    "Actual Total Time": 3223.468,
    "Actual Rows": 1,
    "Actual Loops": 1,
    "Plans": [
      {
        "Node Type": "Gather",
        "Parent Relationship": "Outer",
        "Parallel Aware": false,
        "Startup Cost": 568584.77,
        "Total Cost": 568584.88,
        "Plan Rows": 1,
        "Plan Width": 8,
        "Actual Startup Time": 3191.58,
        "Actual Total Time": 3223.45,
        "Actual Rows": 2,
        "Actual Loops": 1,
        "Workers Planned": 1,
        "Workers Launched": 1,
        "Single Copy": false,
        "Plans": [
          {
            "Node Type": "Aggregate",
            "Strategy": "Plain",
            "Partial Mode": "Partial",
            "Parent Relationship": "Outer",
            "Parallel Aware": false,
            "Startup Cost": 567584.77,
            "Total Cost": 567584.78,
            "Plan Rows": 1,
            "Plan Width": 8,
            "Actual Startup Time": 3182.065,
            "Actual Total Time": 3182.069,
            "Actual Rows": 1,
            "Actual Loops": 2,
            "Plans": [
              {
                "Node Type": "Hash Join",
                "Parent Relationship": "Outer",
                "Parallel Aware": true,
                "Join Type": "Inner",
                "Startup Cost": 236491.4,
                "Total Cost": 556463.3,
                "Plan Rows": 4448587,
                "Plan Width": 0,
                "Actual Startup Time": 879.49,
                "Actual Total Time": 3032.787,
                "Actual Rows": 3739392,
                "Actual Loops": 2,
                "Inner Unique": true,
                "Hash Cond": "(ci.movie_id = t.id)",
                "Plans": [
                  {
                    "Node Type": "Bitmap Heap Scan",
                    "Parent Relationship": "Outer",
                    "Parallel Aware": true,
                    "Relation Name": "cast_info",
                    "Alias": "ci",
                    "Startup Cost": 167030.7,
                    "Total Cost": 475325.04,
                    "Plan Rows": 4448587,
                    "Plan Width": 4,
                    "Actual Startup Time": 299.511,
                    "Actual Total Time": 772.122,
                    "Actual Rows": 3739392,
                    "Actual Loops": 2,
                    "Recheck Cond": "(person_id > 2924208)",
                    "Rows Removed by Index Recheck": 0,
                    "Exact Heap Blocks": 45253,
                    "Lossy Heap Blocks": 0,
                    "Plans": [
                      {
                        "Node Type": "Bitmap Index Scan",
                        "Parent Relationship": "Outer",
                        "Parallel Aware": false,
                        "Index Name": "person_id_cast_info",
                        "Startup Cost": 0.0,
                        "Total Cost": 165140.05,
                        "Plan Rows": 7562598,
                        "Plan Width": 0,
                        "Actual Startup Time": 283.788,
                        "Actual Total Time": 283.789,
                        "Actual Rows": 7478784,
                        "Actual Loops": 1,
                        "Index Cond": "(person_id > 2924208)"
                      }
                    ]
                  },
                  {
                    "Node Type": "Hash",
                    "Parent Relationship": "Inner",
                    "Parallel Aware": true,
                    "Startup Cost": 50870.31,
                    "Total Cost": 50870.31,
                    "Plan Rows": 1487231,
                    "Plan Width": 4,
                    "Actual Startup Time": 561.606,
                    "Actual Total Time": 561.607,
                    "Actual Rows": 1264156,
                    "Actual Loops": 2,
                    "Hash Buckets": 4194304,
                    "Original Hash Buckets": 4194304,
                    "Hash Batches": 1,
                    "Original Hash Batches": 1,
                    "Peak Memory Usage": 131712,
                    "Plans": [
                      {
                        "Node Type": "Seq Scan",
                        "Parent Relationship": "Outer",
                        "Parallel Aware": true,
                        "Relation Name": "title",
                        "Alias": "t",
                        "Startup Cost": 0.0,
                        "Total Cost": 50870.31,
                        "Plan Rows": 1487231,
                        "Plan Width": 4,
                        "Actual Startup Time": 0.039,
                        "Actual Total Time": 161.589,
                        "Actual Rows": 1264156,
                        "Actual Loops": 2
                      }
                    ]
                  }
                ]
              }
            ]
          }
        ]
      }
    ]
  },
  "Planning Time": 0.481,
  "Triggers": [],
  "Execution Time": 3223.555
}