[
  {
    "Plan": {
      "Node Type": "Aggregate",
      "Strategy": "Plain",
      "Partial Mode": "Finalize",
      "Parallel Aware": false,
      "Startup Cost": 59403.73,
      "Total Cost": 59403.74,
      "Plan Rows": 1,
      "Plan Width": 8,
      "Actual Startup Time": 126.073,
      "Actual Total Time": 141.855,
      "Actual Rows": 1,
      "Actual Loops": 1,
      "Plans": [
        {
          "Node Type": "Gather",
          "Parent Relationship": "Outer",
          "Parallel Aware": false,
          "Startup Cost": 59403.31,
          "Total Cost": 59403.72,
          "Plan Rows": 4,
          "Plan Width": 8,
          "Actual Startup Time": 125.894,
          "Actual Total Time": 141.847,
          "Actual Rows": 5,
          "Actual Loops": 1,
          "Workers Planned": 4,
          "Workers Launched": 4,
          "Single Copy": false,
          "Plans": [
            {
              "Node Type": "Aggregate",
              "Strategy": "Plain",
              "Partial Mode": "Partial",
              "Parent Relationship": "Outer",
              "Parallel Aware": false,
              "Startup Cost": 58403.31,
              "Total Cost": 58403.32,
              "Plan Rows": 1,
              "Plan Width": 8,
              "Actual Startup Time": 118.462,
              "Actual Total Time": 118.464,
              "Actual Rows": 1,
              "Actual Loops": 5,
              "Plans": [
                {
                  "Node Type": "Nested Loop",
                  "Parent Relationship": "Outer",
                  "Parallel Aware": false,
                  "Join Type": "Inner",
                  "Startup Cost": 0.86,
                  "Total Cost": 58402.2,
                  "Plan Rows": 444,
                  "Plan Width": 0,
                  "Actual Startup Time": 66.59,
                  "Actual Total Time": 118.258,
                  "Actual Rows": 2123,
                  "Actual Loops": 5,
                  "Inner Unique": false,
                  "Join Filter": "(t.id = mc.movie_id)",
                  "Rows Removed by Join Filter": 0,
                  "Plans": [
                    {
                      "Node Type": "Nested Loop",
                      "Parent Relationship": "Outer",
                      "Parallel Aware": false,
                      "Join Type": "Inner",
                      "Startup Cost": 0.43,
                      "Total Cost": 58045.88,
                      "Plan Rows": 430,
                      "Plan Width": 8,
                      "Actual Startup Time": 66.418,
                      "Actual Total Time": 110.141,
                      "Actual Rows": 509,
                      "Actual Loops": 5,
                      "Inner Unique": false,
                      "Plans": [
                        {
                          "Node Type": "Seq Scan",
                          "Parent Relationship": "Outer",
                          "Parallel Aware": true,
                          "Relation Name": "title",
                          "Alias": "t",
                          "Startup Cost": 0.0,
                          "Total Cost": 45479.59,
                          "Plan Rows": 2388,
                          "Plan Width": 4,
                          "Actual Startup Time": 64.942,
                          "Actual Total Time": 98.607,
                          "Actual Rows": 1117,
                          "Actual Loops": 5,
                          "Filter": "((kind_id = 1) AND (production_year = 1995))",
                          "Rows Removed by Filter": 504545
                        },
                        {
                          "Node Type": "Index Scan",
                          "Parent Relationship": "Inner",
                          "Parallel Aware": false,
                          "Scan Direction": "Forward",
                          "Index Name": "movie_id_movie_info_idx",
                          "Relation Name": "movie_info_idx",
                          "Alias": "mi_idx",
                          "Startup Cost": 0.43,
                          "Total Cost": 5.25,
                          "Plan Rows": 1,
                          "Plan Width": 4,
                          "Actual Startup Time": 0.009,
                          "Actual Total Time": 0.01,
                          "Actual Rows": 0,
                          "Actual Loops": 5587,
                          "Index Cond": "(movie_id = t.id)",
                          "Rows Removed by Index Recheck": 0,
                          "Filter": "(info_type_id < 100)",
                          "Rows Removed by Filter": 1
                        }
                      ]
                    },
                    {
                      "Node Type": "Index Only Scan",
                      "Parent Relationship": "Inner",
                      "Parallel Aware": false,
                      "Scan Direction": "Forward",
                      "Index Name": "movie_id_movie_companies",
                      "Relation Name": "movie_companies",
                      "Alias": "mc",
                      "Startup Cost": 0.43,
                      "Total Cost": 0.77,
                      "Plan Rows": 5,
                      "Plan Width": 4,
                      "Actual Startup Time": 0.011,
                      "Actual Total Time": 0.015,
                      "Actual Rows": 4,
                      "Actual Loops": 2546,
                      "Index Cond": "(movie_id = mi_idx.movie_id)",
                      "Rows Removed by Index Recheck": 0,
                      "Heap Fetches": 10613
                    }
                  ]
                }
              ]
            }
          ]
        }
      ]
    },
    "Planning Time": 0.836,
    "Triggers": [],
    "Execution Time": 141.911
  }
]