[
  {
    "Plan": {
      "Node Type": "Aggregate",
      "Strategy": "Plain",
      "Partial Mode": "Finalize",
      "Parallel Aware": false,
      "Startup Cost": 45653.76,
      "Total Cost": 45653.77,
      "Plan Rows": 1,
      "Plan Width": 8,
      "Actual Startup Time": 138.106,
      "Actual Total Time": 146.832,
      "Actual Rows": 1,
      "Actual Loops": 1,
      "Plans": [
        {
          "Node Type": "Gather",
          "Parent Relationship": "Outer",
          "Parallel Aware": false,
          "Startup Cost": 45653.44,
          "Total Cost": 45653.75,
          "Plan Rows": 3,
          "Plan Width": 8,
          "Actual Startup Time": 137.958,
          "Actual Total Time": 146.824,
          "Actual Rows": 4,
          "Actual Loops": 1,
          "Workers Planned": 3,
          "Workers Launched": 3,
          "Single Copy": false,
          "Plans": [
            {
              "Node Type": "Aggregate",
              "Strategy": "Plain",
              "Partial Mode": "Partial",
              "Parent Relationship": "Outer",
              "Parallel Aware": false,
              "Startup Cost": 44653.44,
              "Total Cost": 44653.45,
              "Plan Rows": 1,
              "Plan Width": 8,
              "Actual Startup Time": 132.825,
              "Actual Total Time": 132.826,
              "Actual Rows": 1,
              "Actual Loops": 4,
              "Plans": [
                {
                  "Node Type": "Seq Scan",
                  "Parent Relationship": "Outer",
                  "Parallel Aware": true,
                  "Relation Name": "movie_keyword",
                  "Alias": "mk",
                  "Startup Cost": 0.0,
                  "Total Cost": 42695.65,
                  "Plan Rows": 783115,
                  "Plan Width": 0,
                  "Actual Startup Time": 0.224,
                  "Actual Total Time": 107.325,
                  "Actual Rows": 604187,
                  "Actual Loops": 4,
                  "Filter": "(keyword_id > 3800)",
                  "Rows Removed by Filter": 526796
                }
              ]
            }
          ]
        }
      ]
    },
    "Planning Time": 0.151,
    "Triggers": [],
    "Execution Time": 146.88
  }
]