[
  {
    "Plan": {
      "Node Type": "Aggregate",
      "Strategy": "Plain",
      "Partial Mode": "Finalize",
      "Parallel Aware": false,
      "Startup Cost": 45594.18,
      "Total Cost": 45594.19,
      "Plan Rows": 1,
      "Plan Width": 8,
      "Actual Startup Time": 155.322,
      "Actual Total Time": 165.632,
      "Actual Rows": 1,
      "Actual Loops": 1,
      "Plans": [
        {
          "Node Type": "Gather",
          "Parent Relationship": "Outer",
          "Parallel Aware": false,
          "Startup Cost": 45593.86,
          "Total Cost": 45594.17,
          "Plan Rows": 3,
          "Plan Width": 8,
          "Actual Startup Time": 155.102,
          "Actual Total Time": 165.542,
          "Actual Rows": 4,
          "Actual Loops": 1,
          "Workers Planned": 3,
          "Workers Launched": 3,
          "Single Copy": false,
          "Plans": [
            {
              "Node Type": "Aggregate",
              "Strategy": "Plain",
              "Partial Mode": "Partial",
              "Parent Relationship": "Outer",
              "Parallel Aware": false,
              "Startup Cost": 44593.86,
              "Total Cost": 44593.87,
              "Plan Rows": 1,
              "Plan Width": 8,
              "Actual Startup Time": 149.669,
              "Actual Total Time": 149.671,
              "Actual Rows": 1,
              "Actual Loops": 4,
              "Plans": [
                {
                  "Node Type": "Seq Scan",
                  "Parent Relationship": "Outer",
                  "Parallel Aware": true,
                  "Relation Name": "movie_keyword",
                  "Alias": "mk",
                  "Startup Cost": 0.0,
                  "Total Cost": 42695.65,
                  "Plan Rows": 759283,
                  "Plan Width": 0,
                  "Actual Startup Time": 0.046,
                  "Actual Total Time": 121.008,
                  "Actual Rows": 587932,
                  "Actual Loops": 4,
                  "Filter": "(keyword_id < 5273)",
                  "Rows Removed by Filter": 543050
                }
              ]
            }
          ]
        }
      ]
    },
    "Planning Time": 0.157,
    "Triggers": [],
    "Execution Time": 165.682
  }
]