[
    {
        "Bao": {
            "Bao prediction": "NaN",
            "Bao recommended hint": "(no hint)"
        }
    },
    {
        "Plan": {
            "Node Type": "Aggregate",
            "Strategy": "Plain",
            "Partial Mode": "Finalize",
            "Parallel Aware": false,
            "Startup Cost": 274791.99,
            "Total Cost": 274792.0,
            "Plan Rows": 1,
            "Plan Width": 8,
            "Actual Startup Time": 1183.793,
            "Actual Total Time": 1217.341,
            "Actual Rows": 1,
            "Actual Loops": 1,
            "Output": [
                "count(*)"
            ],
            "Plans": [
                {
                    "Node Type": "Gather",
                    "Parent Relationship": "Outer",
                    "Parallel Aware": false,
                    "Startup Cost": 274791.46,
                    "Total Cost": 274791.97,
                    "Plan Rows": 5,
                    "Plan Width": 8,
                    "Actual Startup Time": 1172.407,
                    "Actual Total Time": 1217.333,
                    "Actual Rows": 6,
                    "Actual Loops": 1,
                    "Output": [
                        "(PARTIAL count(*))"
                    ],
                    "Workers Planned": 5,
                    "Workers Launched": 5,
                    "Single Copy": false,
                    "Plans": [
                        {
                            "Node Type": "Aggregate",
                            "Strategy": "Plain",
                            "Partial Mode": "Partial",
                            "Parent Relationship": "Outer",
                            "Parallel Aware": false,
                            "Startup Cost": 273791.46,
                            "Total Cost": 273791.47,
                            "Plan Rows": 1,
                            "Plan Width": 8,
                            "Actual Startup Time": 1161.505,
                            "Actual Total Time": 1161.511,
                            "Actual Rows": 1,
                            "Actual Loops": 6,
                            "Output": [
                                "PARTIAL count(*)"
                            ],
                            "Workers": [
                                {
                                    "Worker Number": 0,
                                    "Actual Startup Time": 1158.81,
                                    "Actual Total Time": 1158.814,
                                    "Actual Rows": 1,
                                    "Actual Loops": 1
                                },
                                {
                                    "Worker Number": 1,
                                    "Actual Startup Time": 1159.098,
                                    "Actual Total Time": 1159.102,
                                    "Actual Rows": 1,
                                    "Actual Loops": 1
                                },
                                {
                                    "Worker Number": 2,
                                    "Actual Startup Time": 1159.448,
                                    "Actual Total Time": 1159.453,
                                    "Actual Rows": 1,
                                    "Actual Loops": 1
                                },
                                {
                                    "Worker Number": 3,
                                    "Actual Startup Time": 1159.909,
                                    "Actual Total Time": 1159.914,
                                    "Actual Rows": 1,
                                    "Actual Loops": 1
                                },
                                {
                                    "Worker Number": 4,
                                    "Actual Startup Time": 1160.124,
                                    "Actual Total Time": 1160.129,
                                    "Actual Rows": 1,
                                    "Actual Loops": 1
                                }
                            ],
                            "Plans": [
                                {
                                    "Node Type": "Hash Join",
                                    "Parent Relationship": "Outer",
                                    "Parallel Aware": true,
                                    "Join Type": "Inner",
                                    "Startup Cost": 63100.1,
                                    "Total Cost": 272884.07,
                                    "Plan Rows": 362956,
                                    "Plan Width": 0,
                                    "Actual Startup Time": 275.849,
                                    "Actual Total Time": 1080.948,
                                    "Actual Rows": 1665593,
                                    "Actual Loops": 6,
                                    "Inner Unique": false,
                                    "Hash Cond": "(mi.movie_id = t.id)",
                                    "Workers": [
                                        {
                                            "Worker Number": 0,
                                            "Actual Startup Time": 273.293,
                                            "Actual Total Time": 1077.306,
                                            "Actual Rows": 1285856,
                                            "Actual Loops": 1
                                        },
                                        {
                                            "Worker Number": 1,
                                            "Actual Startup Time": 273.622,
                                            "Actual Total Time": 1081.884,
                                            "Actual Rows": 1987995,
                                            "Actual Loops": 1
                                        },
                                        {
                                            "Worker Number": 2,
                                            "Actual Startup Time": 273.956,
                                            "Actual Total Time": 1077.216,
                                            "Actual Rows": 1291391,
                                            "Actual Loops": 1
                                        },
                                        {
                                            "Worker Number": 3,
                                            "Actual Startup Time": 274.424,
                                            "Actual Total Time": 1077.302,
                                            "Actual Rows": 1303506,
                                            "Actual Loops": 1
                                        },
                                        {
                                            "Worker Number": 4,
                                            "Actual Startup Time": 274.609,
                                            "Actual Total Time": 1081.862,
                                            "Actual Rows": 1954247,
                                            "Actual Loops": 1
                                        }
                                    ],
                                    "Plans": [
                                        {
                                            "Node Type": "Seq Scan",
                                            "Parent Relationship": "Outer",
                                            "Parallel Aware": true,
                                            "Relation Name": "movie_info",
                                            "Schema": "public",
                                            "Alias": "mi",
                                            "Startup Cost": 0.0,
                                            "Total Cost": 198880.74,
                                            "Plan Rows": 2504246,
                                            "Plan Width": 4,
                                            "Actual Startup Time": 0.024,
                                            "Actual Total Time": 372.032,
                                            "Actual Rows": 2100312,
                                            "Actual Loops": 6,
                                            "Output": [
                                                "mi.id",
                                                "mi.movie_id",
                                                "mi.info_type_id",
                                                "mi.info",
                                                "mi.note"
                                            ],
                                            "Filter": "(mi.info_type_id < 17)",
                                            "Rows Removed by Filter": 372308,
                                            "Workers": [
                                                {
                                                    "Worker Number": 0,
                                                    "Actual Startup Time": 0.03,
                                                    "Actual Total Time": 381.273,
                                                    "Actual Rows": 1631915,
                                                    "Actual Loops": 1
                                                },
                                                {
                                                    "Worker Number": 1,
                                                    "Actual Startup Time": 0.031,
                                                    "Actual Total Time": 374.109,
                                                    "Actual Rows": 2485084,
                                                    "Actual Loops": 1
                                                },
                                                {
                                                    "Worker Number": 2,
                                                    "Actual Startup Time": 0.026,
                                                    "Actual Total Time": 382.142,
                                                    "Actual Rows": 1637024,
                                                    "Actual Loops": 1
                                                },
                                                {
                                                    "Worker Number": 3,
                                                    "Actual Startup Time": 0.028,
                                                    "Actual Total Time": 388.174,
                                                    "Actual Rows": 1647916,
                                                    "Actual Loops": 1
                                                },
                                                {
                                                    "Worker Number": 4,
                                                    "Actual Startup Time": 0.022,
                                                    "Actual Total Time": 364.34,
                                                    "Actual Rows": 2423653,
                                                    "Actual Loops": 1
                                                }
                                            ]
                                        },
                                        {
                                            "Node Type": "Hash",
                                            "Parent Relationship": "Inner",
                                            "Parallel Aware": true,
                                            "Startup Cost": 61191.54,
                                            "Total Cost": 61191.54,
                                            "Plan Rows": 152685,
                                            "Plan Width": 8,
                                            "Actual Startup Time": 260.74,
                                            "Actual Total Time": 260.744,
                                            "Actual Rows": 104983,
                                            "Actual Loops": 6,
                                            "Output": [
                                                "t.id",
                                                "mi_idx.movie_id"
                                            ],
                                            "Hash Buckets": 1048576,
                                            "Original Hash Buckets": 524288,
                                            "Hash Batches": 1,
                                            "Original Hash Batches": 1,
                                            "Peak Memory Usage": 36992,
                                            "Workers": [
                                                {
                                                    "Worker Number": 0,
                                                    "Actual Startup Time": 260.181,
                                                    "Actual Total Time": 260.184,
                                                    "Actual Rows": 84804,
                                                    "Actual Loops": 1
                                                },
                                                {
                                                    "Worker Number": 1,
                                                    "Actual Startup Time": 260.566,
                                                    "Actual Total Time": 260.57,
                                                    "Actual Rows": 123389,
                                                    "Actual Loops": 1
                                                },
                                                {
                                                    "Worker Number": 2,
                                                    "Actual Startup Time": 260.978,
                                                    "Actual Total Time": 260.982,
                                                    "Actual Rows": 84651,
                                                    "Actual Loops": 1
                                                },
                                                {
                                                    "Worker Number": 3,
                                                    "Actual Startup Time": 261.302,
                                                    "Actual Total Time": 261.305,
                                                    "Actual Rows": 87508,
                                                    "Actual Loops": 1
                                                },
                                                {
                                                    "Worker Number": 4,
                                                    "Actual Startup Time": 261.523,
                                                    "Actual Total Time": 261.526,
                                                    "Actual Rows": 118479,
                                                    "Actual Loops": 1
                                                }
                                            ],
                                            "Plans": [
                                                {
                                                    "Node Type": "Hash Join",
                                                    "Parent Relationship": "Outer",
                                                    "Parallel Aware": true,
                                                    "Join Type": "Inner",
                                                    "Startup Cost": 45996.98,
                                                    "Total Cost": 61191.54,
                                                    "Plan Rows": 152685,
                                                    "Plan Width": 8,
                                                    "Actual Startup Time": 163.31,
                                                    "Actual Total Time": 213.659,
                                                    "Actual Rows": 104983,
                                                    "Actual Loops": 6,
                                                    "Output": [
                                                        "t.id",
                                                        "mi_idx.movie_id"
                                                    ],
                                                    "Inner Unique": true,
                                                    "Hash Cond": "(mi_idx.movie_id = t.id)",
                                                    "Workers": [
                                                        {
                                                            "Worker Number": 0,
                                                            "Actual Startup Time": 163.276,
                                                            "Actual Total Time": 213.97,
                                                            "Actual Rows": 84804,
                                                            "Actual Loops": 1
                                                        },
                                                        {
                                                            "Worker Number": 1,
                                                            "Actual Startup Time": 163.386,
                                                            "Actual Total Time": 213.912,
                                                            "Actual Rows": 123389,
                                                            "Actual Loops": 1
                                                        },
                                                        {
                                                            "Worker Number": 2,
                                                            "Actual Startup Time": 163.294,
                                                            "Actual Total Time": 213.798,
                                                            "Actual Rows": 84651,
                                                            "Actual Loops": 1
                                                        },
                                                        {
                                                            "Worker Number": 3,
                                                            "Actual Startup Time": 163.259,
                                                            "Actual Total Time": 213.595,
                                                            "Actual Rows": 87508,
                                                            "Actual Loops": 1
                                                        },
                                                        {
                                                            "Worker Number": 4,
                                                            "Actual Startup Time": 163.185,
                                                            "Actual Total Time": 213.682,
                                                            "Actual Rows": 118479,
                                                            "Actual Loops": 1
                                                        }
                                                    ],
                                                    "Plans": [
                                                        {
                                                            "Node Type": "Seq Scan",
                                                            "Parent Relationship": "Outer",
                                                            "Parallel Aware": true,
                                                            "Relation Name": "movie_info_idx",
                                                            "Schema": "public",
                                                            "Alias": "mi_idx",
                                                            "Startup Cost": 0.0,
                                                            "Total Cost": 13685.15,
                                                            "Plan Rows": 575015,
                                                            "Plan Width": 4,
                                                            "Actual Startup Time": 0.022,
                                                            "Actual Total Time": 24.326,
                                                            "Actual Rows": 230006,
                                                            "Actual Loops": 6,
                                                            "Output": [
                                                                "mi_idx.id",
                                                                "mi_idx.movie_id",
                                                                "mi_idx.info_type_id",
                                                                "mi_idx.info",
                                                                "mi_idx.note"
                                                            ],
                                                            "Workers": [
                                                                {
                                                                    "Worker Number": 0,
                                                                    "Actual Startup Time": 0.023,
                                                                    "Actual Total Time": 25.326,
                                                                    "Actual Rows": 180889,
                                                                    "Actual Loops": 1
                                                                },
                                                                {
                                                                    "Worker Number": 1,
                                                                    "Actual Startup Time": 0.026,
                                                                    "Actual Total Time": 24.459,
                                                                    "Actual Rows": 272359,
                                                                    "Actual Loops": 1
                                                                },
                                                                {
                                                                    "Worker Number": 2,
                                                                    "Actual Startup Time": 0.027,
                                                                    "Actual Total Time": 25.659,
                                                                    "Actual Rows": 182015,
                                                                    "Actual Loops": 1
                                                                },
                                                                {
                                                                    "Worker Number": 3,
                                                                    "Actual Startup Time": 0.024,
                                                                    "Actual Total Time": 25.645,
                                                                    "Actual Rows": 187658,
                                                                    "Actual Loops": 1
                                                                },
                                                                {
                                                                    "Worker Number": 4,
                                                                    "Actual Startup Time": 0.022,
                                                                    "Actual Total Time": 24.387,
                                                                    "Actual Rows": 260546,
                                                                    "Actual Loops": 1
                                                                }
                                                            ]
                                                        },
                                                        {
                                                            "Node Type": "Hash",
                                                            "Parent Relationship": "Inner",
                                                            "Parallel Aware": true,
                                                            "Startup Cost": 43899.01,
                                                            "Total Cost": 43899.01,
                                                            "Plan Rows": 167838,
                                                            "Plan Width": 4,
                                                            "Actual Startup Time": 137.683,
                                                            "Actual Total Time": 137.684,
                                                            "Actual Rows": 110471,
                                                            "Actual Loops": 6,
                                                            "Output": [
                                                                "t.id"
                                                            ],
                                                            "Hash Buckets": 1048576,
                                                            "Original Hash Buckets": 1048576,
                                                            "Hash Batches": 1,
                                                            "Original Hash Batches": 1,
                                                            "Peak Memory Usage": 34272,
                                                            "Workers": [
                                                                {
                                                                    "Worker Number": 0,
                                                                    "Actual Startup Time": 139.884,
                                                                    "Actual Total Time": 139.886,
                                                                    "Actual Rows": 86732,
                                                                    "Actual Loops": 1
                                                                },
                                                                {
                                                                    "Worker Number": 1,
                                                                    "Actual Startup Time": 139.971,
                                                                    "Actual Total Time": 139.973,
                                                                    "Actual Rows": 126869,
                                                                    "Actual Loops": 1
                                                                },
                                                                {
                                                                    "Worker Number": 2,
                                                                    "Actual Startup Time": 139.874,
                                                                    "Actual Total Time": 139.875,
                                                                    "Actual Rows": 87992,
                                                                    "Actual Loops": 1
                                                                },
                                                                {
                                                                    "Worker Number": 3,
                                                                    "Actual Startup Time": 139.845,
                                                                    "Actual Total Time": 139.847,
                                                                    "Actual Rows": 88499,
                                                                    "Actual Loops": 1
                                                                },
                                                                {
                                                                    "Worker Number": 4,
                                                                    "Actual Startup Time": 139.787,
                                                                    "Actual Total Time": 139.788,
                                                                    "Actual Rows": 124559,
                                                                    "Actual Loops": 1
                                                                }
                                                            ],
                                                            "Plans": [
                                                                {
                                                                    "Node Type": "Seq Scan",
                                                                    "Parent Relationship": "Outer",
                                                                    "Parallel Aware": true,
                                                                    "Relation Name": "title",
                                                                    "Schema": "public",
                                                                    "Alias": "t",
                                                                    "Startup Cost": 0.0,
                                                                    "Total Cost": 43899.01,
                                                                    "Plan Rows": 167838,
                                                                    "Plan Width": 4,
                                                                    "Actual Startup Time": 43.604,
                                                                    "Actual Total Time": 84.826,
                                                                    "Actual Rows": 110471,
                                                                    "Actual Loops": 6,
                                                                    "Output": [
                                                                        "t.id"
                                                                    ],
                                                                    "Filter": "(t.kind_id = 1)",
                                                                    "Rows Removed by Filter": 310914,
                                                                    "Workers": [
                                                                        {
                                                                            "Worker Number": 0,
                                                                            "Actual Startup Time": 51.081,
                                                                            "Actual Total Time": 86.432,
                                                                            "Actual Rows": 86732,
                                                                            "Actual Loops": 1
                                                                        },
                                                                        {
                                                                            "Worker Number": 1,
                                                                            "Actual Startup Time": 51.138,
                                                                            "Actual Total Time": 84.77,
                                                                            "Actual Rows": 126869,
                                                                            "Actual Loops": 1
                                                                        },
                                                                        {
                                                                            "Worker Number": 2,
                                                                            "Actual Startup Time": 51.135,
                                                                            "Actual Total Time": 86.522,
                                                                            "Actual Rows": 87992,
                                                                            "Actual Loops": 1
                                                                        },
                                                                        {
                                                                            "Worker Number": 3,
                                                                            "Actual Startup Time": 51.239,
                                                                            "Actual Total Time": 86.737,
                                                                            "Actual Rows": 88499,
                                                                            "Actual Loops": 1
                                                                        },
                                                                        {
                                                                            "Worker Number": 4,
                                                                            "Actual Startup Time": 51.123,
                                                                            "Actual Total Time": 83.706,
                                                                            "Actual Rows": 124559,
                                                                            "Actual Loops": 1
                                                                        }
                                                                    ]
                                                                }
                                                            ]
                                                        }
                                                    ]
                                                }
                                            ]
                                        }
                                    ]
                                }
                            ]
                        }
                    ]
                }
            ]
        },
        "Planning Time": 186.842,
        "Triggers": [],
        "Execution Time": 1217.44
    }
]