[
  {
    "Plan": {
      "Node Type": "Aggregate",
      "Strategy": "Plain",
      "Partial Mode": "Finalize",
      "Parallel Aware": false,
      "Startup Cost": 340921.2,
      "Total Cost": 340921.21,
      "Plan Rows": 1,
      "Plan Width": 8,
      "Actual Startup Time": 864.785,
      "Actual Total Time": 909.09,
      "Actual Rows": 1,
      "Actual Loops": 1,
      "Plans": [
        {
          "Node Type": "Gather",
          "Parent Relationship": "Outer",
          "Parallel Aware": false,
          "Startup Cost": 340920.57,
          "Total Cost": 340921.18,
          "Plan Rows": 6,
          "Plan Width": 8,
          "Actual Startup Time": 864.582,
          "Actual Total Time": 909.079,
          "Actual Rows": 7,
          "Actual Loops": 1,
          "Workers Planned": 6,
          "Workers Launched": 6,
          "Single Copy": false,
          "Plans": [
            {
              "Node Type": "Aggregate",
              "Strategy": "Plain",
              "Partial Mode": "Partial",
              "Parent Relationship": "Outer",
              "Parallel Aware": false,
              "Startup Cost": 339920.57,
              "Total Cost": 339920.58,
              "Plan Rows": 1,
              "Plan Width": 8,
              "Actual Startup Time": 858.139,
              "Actual Total Time": 858.141,
              "Actual Rows": 1,
              "Actual Loops": 7,
              "Plans": [
                {
                  "Node Type": "Seq Scan",
                  "Parent Relationship": "Outer",
                  "Parallel Aware": true,
                  "Relation Name": "cast_info",
                  "Alias": "ci",
                  "Startup Cost": 0.0,
                  "Total Cost": 328211.39,
                  "Plan Rows": 4683673,
                  "Plan Width": 0,
                  "Actual Startup Time": 0.044,
                  "Actual Total Time": 652.032,
                  "Actual Rows": 4020571,
                  "Actual Loops": 7,
                  "Filter": "(person_id < 2870729)",
                  "Rows Removed by Filter": 1157192
                }
              ]
            }
          ]
        }
      ]
    },
    "Planning Time": 0.246,
    "Triggers": [],
    "Execution Time": 909.161
  }
]