[
  {
    "Plan": {
      "Node Type": "Aggregate",
      "Strategy": "Plain",
      "Partial Mode": "Finalize",
      "Parallel Aware": false,
      "Startup Cost": 617292.58,
      "Total Cost": 617292.59,
      "Plan Rows": 1,
      "Plan Width": 8,
      "Actual Startup Time": 2110.659,
      "Actual Total Time": 2198.195,
      "Actual Rows": 1,
      "Actual Loops": 1,
      "Plans": [
        {
          "Node Type": "Gather",
          "Parent Relationship": "Outer",
          "Parallel Aware": false,
          "Startup Cost": 617291.95,
          "Total Cost": 617292.56,
          "Plan Rows": 6,
          "Plan Width": 8,
          "Actual Startup Time": 2103.128,
          "Actual Total Time": 2198.184,
          "Actual Rows": 7,
          "Actual Loops": 1,
          "Workers Planned": 6,
          "Workers Launched": 6,
          "Single Copy": false,
          "Plans": [
            {
              "Node Type": "Aggregate",
              "Strategy": "Plain",
              "Partial Mode": "Partial",
              "Parent Relationship": "Outer",
              "Parallel Aware": false,
              "Startup Cost": 616291.95,
              "Total Cost": 616291.96,
              "Plan Rows": 1,
              "Plan Width": 8,
              "Actual Startup Time": 2087.739,
              "Actual Total Time": 2087.808,
              "Actual Rows": 1,
              "Actual Loops": 7,
              "Plans": [
                {
                  "Node Type": "Hash Join",
                  "Parent Relationship": "Outer",
                  "Parallel Aware": true,
                  "Join Type": "Inner",
                  "Startup Cost": 249083.79,
                  "Total Cost": 610953.97,
                  "Plan Rows": 2135195,
                  "Plan Width": 0,
                  "Actual Startup Time": 919.947,
                  "Actual Total Time": 2053.178,
                  "Actual Rows": 776009,
                  "Actual Loops": 7,
                  "Inner Unique": false,
                  "Hash Cond": "(ci.movie_id = t.id)",
                  "Plans": [
                    {
                      "Node Type": "Seq Scan",
                      "Parent Relationship": "Outer",
                      "Parallel Aware": true,
                      "Relation Name": "cast_info",
                      "Alias": "ci",
                      "Startup Cost": 0.0,
                      "Total Cost": 343257.03,
                      "Plan Rows": 3824738,
                      "Plan Width": 4,
                      "Actual Startup Time": 216.61,
                      "Actual Total Time": 714.791,
                      "Actual Rows": 3196071,
                      "Actual Loops": 7,
                      "Filter": "((person_id < 3829053) AND (role_id > 1))",
                      "Rows Removed by Filter": 1981692
                    },
                    {
                      "Node Type": "Hash",
                      "Parent Relationship": "Inner",
                      "Parallel Aware": true,
                      "Startup Cost": 245555.19,
                      "Total Cost": 245555.19,
                      "Plan Rows": 282288,
                      "Plan Width": 8,
                      "Actual Startup Time": 698.11,
                      "Actual Total Time": 698.178,
                      "Actual Rows": 102101,
                      "Actual Loops": 7,
                      "Hash Buckets": 2097152,
                      "Original Hash Buckets": 2097152,
                      "Hash Batches": 1,
                      "Original Hash Batches": 1,
                      "Peak Memory Usage": 44448,
                      "Plans": [
                        {
                          "Node Type": "Hash Join",
                          "Parent Relationship": "Outer",
                          "Parallel Aware": true,
                          "Join Type": "Inner",
                          "Startup Cost": 46233.42,
                          "Total Cost": 245555.19,
                          "Plan Rows": 282288,
                          "Plan Width": 8,
                          "Actual Startup Time": 90.721,
                          "Actual Total Time": 644.681,
                          "Actual Rows": 102101,
                          "Actual Loops": 7,
                          "Inner Unique": true,
                          "Hash Cond": "(mi.movie_id = t.id)",
                          "Plans": [
                            {
                              "Node Type": "Seq Scan",
                              "Parent Relationship": "Outer",
                              "Parallel Aware": true,
                              "Relation Name": "movie_info",
                              "Alias": "mi",
                              "Startup Cost": 0.0,
                              "Total Cost": 191560.33,
                              "Plan Rows": 2956733,
                              "Plan Width": 4,
                              "Actual Startup Time": 0.034,
                              "Actual Total Time": 279.941,
                              "Actual Rows": 2119389,
                              "Actual Loops": 7
                            },
                            {
                              "Node Type": "Hash",
                              "Parent Relationship": "Inner",
                              "Parallel Aware": true,
                              "Startup Cost": 45479.1,
                              "Total Cost": 45479.1,
                              "Plan Rows": 60346,
                              "Plan Width": 4,
                              "Actual Startup Time": 89.27,
                              "Actual Total Time": 89.271,
                              "Actual Rows": 20780,
                              "Actual Loops": 7,
                              "Hash Buckets": 262144,
                              "Original Hash Buckets": 262144,
                              "Hash Batches": 1,
                              "Original Hash Batches": 1,
                              "Peak Memory Usage": 7872,
                              "Plans": [
                                {
                                  "Node Type": "Seq Scan",
                                  "Parent Relationship": "Outer",
                                  "Parallel Aware": true,
                                  "Relation Name": "title",
                                  "Alias": "t",
                                  "Startup Cost": 0.0,
                                  "Total Cost": 45479.1,
                                  "Plan Rows": 60346,
                                  "Plan Width": 4,
                                  "Actual Startup Time": 0.053,
                                  "Actual Total Time": 77.138,
                                  "Actual Rows": 20780,
                                  "Actual Loops": 7,
                                  "Filter": "((production_year < 1973) AND (kind_id = 7))",
                                  "Rows Removed by Filter": 340408
                                }
                              ]
                            }
                          ]
                        }
                      ]
                    }
                  ]
                }
              ]
            }
          ]
        }
      ]
    },
    "Planning Time": 1.394,
    "Triggers": [],
    "Execution Time": 2198.303
  }
]