[
  {
    "Plan": {
      "Node Type": "Aggregate",
      "Strategy": "Plain",
      "Partial Mode": "Finalize",
      "Parallel Aware": false,
      "Startup Cost": 98443.4,
      "Total Cost": 98443.41,
      "Plan Rows": 1,
      "Plan Width": 8,
      "Actual Startup Time": 370.592,
      "Actual Total Time": 397.464,
      "Actual Rows": 1,
      "Actual Loops": 1,
      "Plans": [
        {
          "Node Type": "Gather",
          "Parent Relationship": "Outer",
          "Parallel Aware": false,
          "Startup Cost": 98442.98,
          "Total Cost": 98443.39,
          "Plan Rows": 4,
          "Plan Width": 8,
          "Actual Startup Time": 368.773,
          "Actual Total Time": 397.455,
          "Actual Rows": 5,
          "Actual Loops": 1,
          "Workers Planned": 4,
          "Workers Launched": 4,
          "Single Copy": false,
          "Plans": [
            {
              "Node Type": "Aggregate",
              "Strategy": "Plain",
              "Partial Mode": "Partial",
              "Parent Relationship": "Outer",
              "Parallel Aware": false,
              "Startup Cost": 97442.98,
              "Total Cost": 97442.99,
              "Plan Rows": 1,
              "Plan Width": 8,
              "Actual Startup Time": 358.924,
              "Actual Total Time": 358.931,
              "Actual Rows": 1,
              "Actual Loops": 5,
              "Plans": [
                {
                  "Node Type": "Nested Loop",
                  "Parent Relationship": "Outer",
                  "Parallel Aware": false,
                  "Join Type": "Inner",
                  "Startup Cost": 24464.66,
                  "Total Cost": 97426.32,
                  "Plan Rows": 6663,
                  "Plan Width": 0,
                  "Actual Startup Time": 51.054,
                  "Actual Total Time": 357.308,
                  "Actual Rows": 19240,
                  "Actual Loops": 5,
                  "Inner Unique": false,
                  "Plans": [
                    {
                      "Node Type": "Hash Join",
                      "Parent Relationship": "Outer",
                      "Parallel Aware": true,
                      "Join Type": "Inner",
                      "Startup Cost": 24464.22,
                      "Total Cost": 71677.7,
                      "Plan Rows": 13178,
                      "Plan Width": 8,
                      "Actual Startup Time": 50.876,
                      "Actual Total Time": 177.823,
                      "Actual Rows": 22589,
                      "Actual Loops": 5,
                      "Inner Unique": false,
                      "Hash Cond": "(t.id = mc.movie_id)",
                      "Plans": [
                        {
                          "Node Type": "Seq Scan",
                          "Parent Relationship": "Outer",
                          "Parallel Aware": true,
                          "Relation Name": "title",
                          "Alias": "t",
                          "Startup Cost": 0.0,
                          "Total Cost": 45479.1,
                          "Plan Rows": 338374,
                          "Plan Width": 4,
                          "Actual Startup Time": 0.012,
                          "Actual Total Time": 74.778,
                          "Actual Rows": 265556,
                          "Actual Loops": 5,
                          "Filter": "((production_year < 2012) AND (kind_id = 7))",
                          "Rows Removed by Filter": 240106
                        },
                        {
                          "Node Type": "Hash",
                          "Parent Relationship": "Inner",
                          "Parallel Aware": true,
                          "Startup Cost": 24067.17,
                          "Total Cost": 24067.17,
                          "Plan Rows": 31764,
                          "Plan Width": 4,
                          "Actual Startup Time": 50.295,
                          "Actual Total Time": 50.298,
                          "Actual Rows": 31562,
                          "Actual Loops": 5,
                          "Hash Buckets": 262144,
                          "Original Hash Buckets": 131072,
                          "Hash Batches": 1,
                          "Original Hash Batches": 1,
                          "Peak Memory Usage": 9312,
                          "Plans": [
                            {
                              "Node Type": "Bitmap Heap Scan",
                              "Parent Relationship": "Outer",
                              "Parallel Aware": true,
                              "Relation Name": "movie_companies",
                              "Alias": "mc",
                              "Startup Cost": 4309.28,
                              "Total Cost": 24067.17,
                              "Plan Rows": 31764,
                              "Plan Width": 4,
                              "Actual Startup Time": 2.458,
                              "Actual Total Time": 34.667,
                              "Actual Rows": 31562,
                              "Actual Loops": 5,
                              "Recheck Cond": "(company_id < 56)",
                              "Rows Removed by Index Recheck": 0,
                              "Filter": "(company_type_id < 2)",
                              "Rows Removed by Filter": 8010,
                              "Exact Heap Blocks": 6464,
                              "Lossy Heap Blocks": 0,
                              "Plans": [
                                {
                                  "Node Type": "Bitmap Index Scan",
                                  "Parent Relationship": "Outer",
                                  "Parallel Aware": false,
                                  "Index Name": "company_id_movie_companies",
                                  "Startup Cost": 0.0,
                                  "Total Cost": 4284.66,
                                  "Plan Rows": 200031,
                                  "Plan Width": 0,
                                  "Actual Startup Time": 8.994,
                                  "Actual Total Time": 8.995,
                                  "Actual Rows": 197857,
                                  "Actual Loops": 1,
                                  "Index Cond": "(company_id < 56)"
                                }
                              ]
                            }
                          ]
                        }
                      ]
                    },
                    {
                      "Node Type": "Index Scan",
                      "Parent Relationship": "Inner",
                      "Parallel Aware": false,
                      "Scan Direction": "Forward",
                      "Index Name": "movie_id_movie_info",
                      "Relation Name": "movie_info",
                      "Alias": "mi",
                      "Startup Cost": 0.43,
                      "Total Cost": 1.91,
                      "Plan Rows": 4,
                      "Plan Width": 4,
                      "Actual Startup Time": 0.006,
                      "Actual Total Time": 0.008,
                      "Actual Rows": 1,
                      "Actual Loops": 112946,
                      "Index Cond": "(movie_id = t.id)",
                      "Rows Removed by Index Recheck": 0,
                      "Filter": "(info_type_id = 4)",
                      "Rows Removed by Filter": 9
                    }
                  ]
                }
              ]
            }
          ]
        }
      ]
    },
    "Planning Time": 0.47,
    "Triggers": [],
    "Execution Time": 397.534
  }
]