[
  {
    "Plan": {
      "Node Type": "Aggregate",
      "Strategy": "Plain",
      "Partial Mode": "Finalize",
      "Parallel Aware": false,
      "Startup Cost": 44646.51,
      "Total Cost": 44646.52,
      "Plan Rows": 1,
      "Plan Width": 8,
      "Actual Startup Time": 125.259,
      "Actual Total Time": 134.888,
      "Actual Rows": 1,
      "Actual Loops": 1,
      "Plans": [
        {
          "Node Type": "Gather",
          "Parent Relationship": "Outer",
          "Parallel Aware": false,
          "Startup Cost": 44646.19,
          "Total Cost": 44646.5,
          "Plan Rows": 3,
          "Plan Width": 8,
          "Actual Startup Time": 125.116,
          "Actual Total Time": 134.879,
          "Actual Rows": 4,
          "Actual Loops": 1,
          "Workers Planned": 3,
          "Workers Launched": 3,
          "Single Copy": false,
          "Plans": [
            {
              "Node Type": "Aggregate",
              "Strategy": "Plain",
              "Partial Mode": "Partial",
              "Parent Relationship": "Outer",
              "Parallel Aware": false,
              "Startup Cost": 43646.19,
              "Total Cost": 43646.2,
              "Plan Rows": 1,
              "Plan Width": 8,
              "Actual Startup Time": 118.852,
              "Actual Total Time": 118.853,
              "Actual Rows": 1,
              "Actual Loops": 4,
              "Plans": [
                {
                  "Node Type": "Seq Scan",
                  "Parent Relationship": "Outer",
                  "Parallel Aware": true,
                  "Relation Name": "movie_keyword",
                  "Alias": "mk",
                  "Startup Cost": 0.0,
                  "Total Cost": 42695.65,
                  "Plan Rows": 380214,
                  "Plan Width": 0,
                  "Actual Startup Time": 0.058,
                  "Actual Total Time": 103.943,
                  "Actual Rows": 298368,
                  "Actual Loops": 4,
                  "Filter": "(keyword_id < 1447)",
                  "Rows Removed by Filter": 832614
                }
              ]
            }
          ]
        }
      ]
    },
    "Planning Time": 0.209,
    "Triggers": [],
    "Execution Time": 134.944
  }
]