[
  {
    "Plan": {
      "Node Type": "Aggregate",
      "Strategy": "Plain",
      "Partial Mode": "Finalize",
      "Parallel Aware": false,
      "Startup Cost": 206760.07,
      "Total Cost": 206760.08,
      "Plan Rows": 1,
      "Plan Width": 8,
      "Actual Startup Time": 496.992,
      "Actual Total Time": 533.008,
      "Actual Rows": 1,
      "Actual Loops": 1,
      "Plans": [
        {
          "Node Type": "Gather",
          "Parent Relationship": "Outer",
          "Parallel Aware": false,
          "Startup Cost": 206759.55,
          "Total Cost": 206760.06,
          "Plan Rows": 5,
          "Plan Width": 8,
          "Actual Startup Time": 496.855,
          "Actual Total Time": 532.998,
          "Actual Rows": 6,
          "Actual Loops": 1,
          "Workers Planned": 5,
          "Workers Launched": 5,
          "Single Copy": false,
          "Plans": [
            {
              "Node Type": "Aggregate",
              "Strategy": "Plain",
              "Partial Mode": "Partial",
              "Parent Relationship": "Outer",
              "Parallel Aware": false,
              "Startup Cost": 205759.55,
              "Total Cost": 205759.56,
              "Plan Rows": 1,
              "Plan Width": 8,
              "Actual Startup Time": 487.128,
              "Actual Total Time": 487.129,
              "Actual Rows": 1,
              "Actual Loops": 6,
              "Plans": [
                {
                  "Node Type": "Seq Scan",
                  "Parent Relationship": "Outer",
                  "Parallel Aware": true,
                  "Relation Name": "movie_info",
                  "Alias": "mi",
                  "Startup Cost": 0.0,
                  "Total Cost": 198952.16,
                  "Plan Rows": 2722954,
                  "Plan Width": 0,
                  "Actual Startup Time": 0.065,
                  "Actual Total Time": 378.902,
                  "Actual Rows": 2285625,
                  "Actual Loops": 6,
                  "Filter": "(info_type_id < 63)",
                  "Rows Removed by Filter": 186995
                }
              ]
            }
          ]
        }
      ]
    },
    "Planning Time": 0.155,
    "Triggers": [],
    "Execution Time": 533.069
  }
]