[
  {
    "Plan": {
      "Node Type": "Aggregate",
      "Strategy": "Plain",
      "Partial Mode": "Finalize",
      "Parallel Aware": false,
      "Startup Cost": 31351.88,
      "Total Cost": 31351.89,
      "Plan Rows": 1,
      "Plan Width": 8,
      "Actual Startup Time": 107.925,
      "Actual Total Time": 116.607,
      "Actual Rows": 1,
      "Actual Loops": 1,
      "Plans": [
        {
          "Node Type": "Gather",
          "Parent Relationship": "Outer",
          "Parallel Aware": false,
          "Startup Cost": 31351.56,
          "Total Cost": 31351.87,
          "Plan Rows": 3,
          "Plan Width": 8,
          "Actual Startup Time": 107.797,
          "Actual Total Time": 116.599,
          "Actual Rows": 4,
          "Actual Loops": 1,
          "Workers Planned": 3,
          "Workers Launched": 3,
          "Single Copy": false,
          "Plans": [
            {
              "Node Type": "Aggregate",
              "Strategy": "Plain",
              "Partial Mode": "Partial",
              "Parent Relationship": "Outer",
              "Parallel Aware": false,
              "Startup Cost": 30351.56,
              "Total Cost": 30351.57,
              "Plan Rows": 1,
              "Plan Width": 8,
              "Actual Startup Time": 101.342,
              "Actual Total Time": 101.343,
              "Actual Rows": 1,
              "Actual Loops": 4,
              "Plans": [
                {
                  "Node Type": "Seq Scan",
                  "Parent Relationship": "Outer",
                  "Parallel Aware": true,
                  "Relation Name": "movie_companies",
                  "Alias": "mc",
                  "Startup Cost": 0.0,
                  "Total Cost": 29310.68,
                  "Plan Rows": 416351,
                  "Plan Width": 0,
                  "Actual Startup Time": 0.039,
                  "Actual Total Time": 82.971,
                  "Actual Rows": 320831,
                  "Actual Loops": 4,
                  "Filter": "(company_id < 11240)",
                  "Rows Removed by Filter": 331452
                }
              ]
            }
          ]
        }
      ]
    },
    "Planning Time": 0.186,
    "Triggers": [],
    "Execution Time": 116.662
  }
]