[
  {
    "Plan": {
      "Node Type": "Aggregate",
      "Strategy": "Plain",
      "Partial Mode": "Finalize",
      "Parallel Aware": false,
      "Startup Cost": 125205.89,
      "Total Cost": 125205.9,
      "Plan Rows": 1,
      "Plan Width": 8,
      "Actual Startup Time": 534.681,
      "Actual Total Time": 555.746,
      "Actual Rows": 1,
      "Actual Loops": 1,
      "Plans": [
        {
          "Node Type": "Gather",
          "Parent Relationship": "Outer",
          "Parallel Aware": false,
          "Startup Cost": 125205.58,
          "Total Cost": 125205.89,
          "Plan Rows": 3,
          "Plan Width": 8,
          "Actual Startup Time": 531.053,
          "Actual Total Time": 555.737,
          "Actual Rows": 4,
          "Actual Loops": 1,
          "Workers Planned": 3,
          "Workers Launched": 3,
          "Single Copy": false,
          "Plans": [
            {
              "Node Type": "Aggregate",
              "Strategy": "Plain",
              "Partial Mode": "Partial",
              "Parent Relationship": "Outer",
              "Parallel Aware": false,
              "Startup Cost": 124205.58,
              "Total Cost": 124205.59,
              "Plan Rows": 1,
              "Plan Width": 8,
              "Actual Startup Time": 521.074,
              "Actual Total Time": 521.268,
              "Actual Rows": 1,
              "Actual Loops": 4,
              "Plans": [
                {
                  "Node Type": "Hash Join",
                  "Parent Relationship": "Outer",
                  "Parallel Aware": true,
                  "Join Type": "Inner",
                  "Startup Cost": 79044.04,
                  "Total Cost": 123884.71,
                  "Plan Rows": 128345,
                  "Plan Width": 0,
                  "Actual Startup Time": 318.804,
                  "Actual Total Time": 512.577,
                  "Actual Rows": 217590,
                  "Actual Loops": 4,
                  "Inner Unique": false,
                  "Hash Cond": "(mk.movie_id = t.id)",
                  "Plans": [
                    {
                      "Node Type": "Seq Scan",
                      "Parent Relationship": "Outer",
                      "Parallel Aware": true,
                      "Relation Name": "movie_keyword",
                      "Alias": "mk",
                      "Startup Cost": 0.0,
                      "Total Cost": 39047.32,
                      "Plan Rows": 1459332,
                      "Plan Width": 4,
                      "Actual Startup Time": 0.027,
                      "Actual Total Time": 87.173,
                      "Actual Rows": 1130982,
                      "Actual Loops": 4
                    },
                    {
                      "Node Type": "Hash",
                      "Parent Relationship": "Inner",
                      "Parallel Aware": true,
                      "Startup Cost": 78349.17,
                      "Total Cost": 78349.17,
                      "Plan Rows": 55589,
                      "Plan Width": 8,
                      "Actual Startup Time": 316.295,
                      "Actual Total Time": 316.487,
                      "Actual Rows": 76774,
                      "Actual Loops": 4,
                      "Hash Buckets": 524288,
                      "Original Hash Buckets": 262144,
                      "Hash Batches": 1,
                      "Original Hash Batches": 1,
                      "Peak Memory Usage": 18208,
                      "Plans": [
                        {
                          "Node Type": "Hash Join",
                          "Parent Relationship": "Outer",
                          "Parallel Aware": true,
                          "Join Type": "Inner",
                          "Startup Cost": 31151.14,
                          "Total Cost": 78349.17,
                          "Plan Rows": 55589,
                          "Plan Width": 8,
                          "Actual Startup Time": 116.001,
                          "Actual Total Time": 286.734,
                          "Actual Rows": 76774,
                          "Actual Loops": 4,
                          "Inner Unique": false,
                          "Hash Cond": "(t.id = mc.movie_id)",
                          "Plans": [
                            {
                              "Node Type": "Seq Scan",
                              "Parent Relationship": "Outer",
                              "Parallel Aware": true,
                              "Relation Name": "title",
                              "Alias": "t",
                              "Startup Cost": 0.0,
                              "Total Cost": 45479.1,
                              "Plan Rows": 307922,
                              "Plan Width": 4,
                              "Actual Startup Time": 0.013,
                              "Actual Total Time": 92.211,
                              "Actual Rows": 299344,
                              "Actual Loops": 4,
                              "Filter": "((kind_id > 1) AND (production_year < 2008))",
                              "Rows Removed by Filter": 332734
                            },
                            {
                              "Node Type": "Hash",
                              "Parent Relationship": "Inner",
                              "Parallel Aware": true,
                              "Startup Cost": 29310.68,
                              "Total Cost": 29310.68,
                              "Plan Rows": 147237,
                              "Plan Width": 4,
                              "Actual Startup Time": 114.184,
                              "Actual Total Time": 114.186,
                              "Actual Rows": 112516,
                              "Actual Loops": 4,
                              "Hash Buckets": 524288,
                              "Original Hash Buckets": 524288,
                              "Hash Batches": 1,
                              "Original Hash Batches": 1,
                              "Peak Memory Usage": 21760,
                              "Plans": [
                                {
                                  "Node Type": "Seq Scan",
                                  "Parent Relationship": "Outer",
                                  "Parallel Aware": true,
                                  "Relation Name": "movie_companies",
                                  "Alias": "mc",
                                  "Startup Cost": 0.0,
                                  "Total Cost": 29310.68,
                                  "Plan Rows": 147237,
                                  "Plan Width": 4,
                                  "Actual Startup Time": 0.05,
                                  "Actual Total Time": 72.261,
                                  "Actual Rows": 112516,
                                  "Actual Loops": 4,
                                  "Filter": "(company_id < 369)",
                                  "Rows Removed by Filter": 539766
                                }
                              ]
                            }
                          ]
                        }
                      ]
                    }
                  ]
                }
              ]
            }
          ]
        }
      ]
    },
    "Planning Time": 1.43,
    "Triggers": [],
    "Execution Time": 555.879
  }
]