{
  "Plan": {
    "Node Type": "Aggregate",
    "Strategy": "Plain",
    "Partial Mode": "Finalize",
    "Parallel Aware": false,
    "Startup Cost": 21816.28,
    "Total Cost": 21816.29,
    "Plan Rows": 1,
    "Plan Width": 8,
    "Actual Startup Time": 27.873,
    "Actual Total Time": 31.579,
    "Actual Rows": 1,
    "Actual Loops": 1,
    "Plans": [
      {
        "Node Type": "Gather",
        "Parent Relationship": "Outer",
        "Parallel Aware": false,
        "Startup Cost": 21816.17,
        "Total Cost": 21816.28,
        "Plan Rows": 1,
        "Plan Width": 8,
        "Actual Startup Time": 27.733,
        "Actual Total Time": 31.571,
        "Actual Rows": 2,
        "Actual Loops": 1,
        "Workers Planned": 1,
        "Workers Launched": 1,
        "Single Copy": false,
        "Plans": [
          {
            "Node Type": "Aggregate",
            "Strategy": "Plain",
            "Partial Mode": "Partial",
            "Parent Relationship": "Outer",
            "Parallel Aware": false,
            "Startup Cost": 20816.17,
            "Total Cost": 20816.18,
            "Plan Rows": 1,
            "Plan Width": 8,
            "Actual Startup Time": 21.618,
            "Actual Total Time": 21.619,
            "Actual Rows": 1,
            "Actual Loops": 2,
            "Plans": [
              {
                "Node Type": "Nested Loop",
                "Parent Relationship": "Outer",
                "Parallel Aware": false,
                "Join Type": "Inner",
                "Startup Cost": 63.1,
                "Total Cost": 20815.32,
                "Plan Rows": 342,
                "Plan Width": 0,
                "Actual Startup Time": 1.824,
                "Actual Total Time": 21.337,
                "Actual Rows": 1300,
                "Actual Loops": 2,
                "Inner Unique": true,
                "Plans": [
                  {
                    "Node Type": "Bitmap Heap Scan",
                    "Parent Relationship": "Outer",
                    "Parallel Aware": true,
                    "Relation Name": "movie_companies",
                    "Alias": "mc",
                    "Startup Cost": 62.67,
                    "Total Cost": 7737.43,
                    "Plan Rows": 1688,
                    "Plan Width": 4,
                    "Actual Startup Time": 1.702,
                    "Actual Total Time": 6.003,
                    "Actual Rows": 1455,
                    "Actual Loops": 2,
                    "Recheck Cond": "(company_id = 28339)",
                    "Rows Removed by Index Recheck": 0,
                    "Exact Heap Blocks": 1520,
                    "Lossy Heap Blocks": 0,
                    "Plans": [
                      {
                        "Node Type": "Bitmap Index Scan",
                        "Parent Relationship": "Outer",
                        "Parallel Aware": false,
                        "Index Name": "company_id_movie_companies",
                        "Startup Cost": 0.0,
                        "Total Cost": 61.95,
                        "Plan Rows": 2870,
                        "Plan Width": 0,
                        "Actual Startup Time": 2.499,
                        "Actual Total Time": 2.5,
                        "Actual Rows": 2910,
                        "Actual Loops": 1,
                        "Index Cond": "(company_id = 28339)"
                      }
                    ]
                  },
                  {
                    "Node Type": "Index Scan",
                    "Parent Relationship": "Inner",
                    "Parallel Aware": false,
                    "Scan Direction": "Forward",
                    "Index Name": "title_pkey",
                    "Relation Name": "title",
                    "Alias": "t",
                    "Startup Cost": 0.43,
                    "Total Cost": 7.75,
                    "Plan Rows": 1,
                    "Plan Width": 4,
                    "Actual Startup Time": 0.01,
                    "Actual Total Time": 0.01,
                    "Actual Rows": 1,
                    "Actual Loops": 2910,
                    "Index Cond": "(id = mc.movie_id)",
                    "Rows Removed by Index Recheck": 0,
                    "Filter": "(production_year < 1981)",
                    "Rows Removed by Filter": 0
                  }
                ]
              }
            ]
          }
        ]
      }
    ]
  },
  "Planning Time": 0.453,
  "Triggers": [],
  "Execution Time": 31.67
}