[
  {
    "Plan": {
      "Node Type": "Aggregate",
      "Strategy": "Plain",
      "Partial Mode": "Finalize",
      "Parallel Aware": false,
      "Startup Cost": 224702.6,
      "Total Cost": 224702.61,
      "Plan Rows": 1,
      "Plan Width": 8,
      "Actual Startup Time": 2847.446,
      "Actual Total Time": 2936.763,
      "Actual Rows": 1,
      "Actual Loops": 1,
      "Plans": [
        {
          "Node Type": "Gather",
          "Parent Relationship": "Outer",
          "Parallel Aware": false,
          "Startup Cost": 224702.18,
          "Total Cost": 224702.59,
          "Plan Rows": 4,
          "Plan Width": 8,
          "Actual Startup Time": 2844.085,
          "Actual Total Time": 2936.753,
          "Actual Rows": 5,
          "Actual Loops": 1,
          "Workers Planned": 4,
          "Workers Launched": 4,
          "Single Copy": false,
          "Plans": [
            {
              "Node Type": "Aggregate",
              "Strategy": "Plain",
              "Partial Mode": "Partial",
              "Parent Relationship": "Outer",
              "Parallel Aware": false,
              "Startup Cost": 223702.18,
              "Total Cost": 223702.19,
              "Plan Rows": 1,
              "Plan Width": 8,
              "Actual Startup Time": 2834.028,
              "Actual Total Time": 2834.032,
              "Actual Rows": 1,
              "Actual Loops": 5,
              "Plans": [
                {
                  "Node Type": "Nested Loop",
                  "Parent Relationship": "Outer",
                  "Parallel Aware": false,
                  "Join Type": "Inner",
                  "Startup Cost": 17491.11,
                  "Total Cost": 223017.5,
                  "Plan Rows": 273870,
                  "Plan Width": 0,
                  "Actual Startup Time": 77.915,
                  "Actual Total Time": 2807.058,
                  "Actual Rows": 478078,
                  "Actual Loops": 5,
                  "Inner Unique": false,
                  "Plans": [
                    {
                      "Node Type": "Hash Join",
                      "Parent Relationship": "Outer",
                      "Parallel Aware": true,
                      "Join Type": "Inner",
                      "Startup Cost": 17490.54,
                      "Total Cost": 63001.88,
                      "Plan Rows": 64442,
                      "Plan Width": 8,
                      "Actual Startup Time": 77.535,
                      "Actual Total Time": 320.493,
                      "Actual Rows": 63260,
                      "Actual Loops": 5,
                      "Inner Unique": false,
                      "Hash Cond": "(t.id = mi_idx.movie_id)",
                      "Plans": [
                        {
                          "Node Type": "Seq Scan",
                          "Parent Relationship": "Outer",
                          "Parallel Aware": true,
                          "Relation Name": "title",
                          "Alias": "t",
                          "Startup Cost": 0.0,
                          "Total Cost": 43898.92,
                          "Plan Rows": 358377,
                          "Plan Width": 4,
                          "Actual Startup Time": 0.018,
                          "Actual Total Time": 88.918,
                          "Actual Rows": 288660,
                          "Actual Loops": 5,
                          "Filter": "(production_year < 2006)",
                          "Rows Removed by Filter": 217003
                        },
                        {
                          "Node Type": "Hash",
                          "Parent Relationship": "Inner",
                          "Parallel Aware": true,
                          "Startup Cost": 15122.68,
                          "Total Cost": 15122.68,
                          "Plan Rows": 189429,
                          "Plan Width": 4,
                          "Actual Startup Time": 74.479,
                          "Actual Total Time": 74.48,
                          "Actual Rows": 91985,
                          "Actual Loops": 5,
                          "Hash Buckets": 524288,
                          "Original Hash Buckets": 524288,
                          "Hash Batches": 1,
                          "Original Hash Batches": 1,
                          "Peak Memory Usage": 22144,
                          "Plans": [
                            {
                              "Node Type": "Seq Scan",
                              "Parent Relationship": "Outer",
                              "Parallel Aware": true,
                              "Relation Name": "movie_info_idx",
                              "Alias": "mi_idx",
                              "Startup Cost": 0.0,
                              "Total Cost": 15122.68,
                              "Plan Rows": 189429,
                              "Plan Width": 4,
                              "Actual Startup Time": 0.063,
                              "Actual Total Time": 39.188,
                              "Actual Rows": 91985,
                              "Actual Loops": 5,
                              "Filter": "(info_type_id < 100)",
                              "Rows Removed by Filter": 184022
                            }
                          ]
                        }
                      ]
                    },
                    {
                      "Node Type": "Index Scan",
                      "Parent Relationship": "Inner",
                      "Parallel Aware": false,
                      "Scan Direction": "Forward",
                      "Index Name": "movie_id_cast_info",
                      "Relation Name": "cast_info",
                      "Alias": "ci",
                      "Startup Cost": 0.56,
                      "Total Cost": 2.37,
                      "Plan Rows": 11,
                      "Plan Width": 4,
                      "Actual Startup Time": 0.026,
                      "Actual Total Time": 0.038,
                      "Actual Rows": 8,
                      "Actual Loops": 316298,
                      "Index Cond": "(movie_id = t.id)",
                      "Rows Removed by Index Recheck": 0,
                      "Filter": "(person_id > 2645423)",
                      "Rows Removed by Filter": 21
                    }
                  ]
                }
              ]
            }
          ]
        }
      ]
    },
    "Planning Time": 1.274,
    "Triggers": [],
    "Execution Time": 2936.885
  }
]