[
    {
        "Bao": {
            "Bao prediction": "NaN",
            "Bao recommended hint": "(no hint)"
        }
    },
    {
        "Plan": {
            "Node Type": "Aggregate",
            "Strategy": "Plain",
            "Partial Mode": "Finalize",
            "Parallel Aware": false,
            "Startup Cost": 64401.77,
            "Total Cost": 64401.78,
            "Plan Rows": 1,
            "Plan Width": 8,
            "Actual Startup Time": 99.439,
            "Actual Total Time": 107.285,
            "Actual Rows": 1,
            "Actual Loops": 1,
            "Output": [
                "count(*)"
            ],
            "Plans": [
                {
                    "Node Type": "Gather",
                    "Parent Relationship": "Outer",
                    "Parallel Aware": false,
                    "Startup Cost": 64401.35,
                    "Total Cost": 64401.76,
                    "Plan Rows": 4,
                    "Plan Width": 8,
                    "Actual Startup Time": 99.198,
                    "Actual Total Time": 107.278,
                    "Actual Rows": 5,
                    "Actual Loops": 1,
                    "Output": [
                        "(PARTIAL count(*))"
                    ],
                    "Workers Planned": 4,
                    "Workers Launched": 4,
                    "Single Copy": false,
                    "Plans": [
                        {
                            "Node Type": "Aggregate",
                            "Strategy": "Plain",
                            "Partial Mode": "Partial",
                            "Parent Relationship": "Outer",
                            "Parallel Aware": false,
                            "Startup Cost": 63401.35,
                            "Total Cost": 63401.36,
                            "Plan Rows": 1,
                            "Plan Width": 8,
                            "Actual Startup Time": 89.458,
                            "Actual Total Time": 89.46,
                            "Actual Rows": 1,
                            "Actual Loops": 5,
                            "Output": [
                                "PARTIAL count(*)"
                            ],
                            "Workers": [
                                {
                                    "Worker Number": 0,
                                    "Actual Startup Time": 86.743,
                                    "Actual Total Time": 86.744,
                                    "Actual Rows": 1,
                                    "Actual Loops": 1
                                },
                                {
                                    "Worker Number": 1,
                                    "Actual Startup Time": 86.836,
                                    "Actual Total Time": 86.837,
                                    "Actual Rows": 1,
                                    "Actual Loops": 1
                                },
                                {
                                    "Worker Number": 2,
                                    "Actual Startup Time": 87.532,
                                    "Actual Total Time": 87.533,
                                    "Actual Rows": 1,
                                    "Actual Loops": 1
                                },
                                {
                                    "Worker Number": 3,
                                    "Actual Startup Time": 87.793,
                                    "Actual Total Time": 87.794,
                                    "Actual Rows": 1,
                                    "Actual Loops": 1
                                }
                            ],
                            "Plans": [
                                {
                                    "Node Type": "Nested Loop",
                                    "Parent Relationship": "Outer",
                                    "Parallel Aware": false,
                                    "Join Type": "Inner",
                                    "Startup Cost": 0.43,
                                    "Total Cost": 63397.91,
                                    "Plan Rows": 1378,
                                    "Plan Width": 0,
                                    "Actual Startup Time": 1.779,
                                    "Actual Total Time": 89.419,
                                    "Actual Rows": 359,
                                    "Actual Loops": 5,
                                    "Inner Unique": false,
                                    "Workers": [
                                        {
                                            "Worker Number": 0,
                                            "Actual Startup Time": 1.768,
                                            "Actual Total Time": 86.706,
                                            "Actual Rows": 317,
                                            "Actual Loops": 1
                                        },
                                        {
                                            "Worker Number": 1,
                                            "Actual Startup Time": 1.836,
                                            "Actual Total Time": 86.804,
                                            "Actual Rows": 272,
                                            "Actual Loops": 1
                                        },
                                        {
                                            "Worker Number": 2,
                                            "Actual Startup Time": 0.83,
                                            "Actual Total Time": 87.495,
                                            "Actual Rows": 278,
                                            "Actual Loops": 1
                                        },
                                        {
                                            "Worker Number": 3,
                                            "Actual Startup Time": 3.987,
                                            "Actual Total Time": 87.752,
                                            "Actual Rows": 414,
                                            "Actual Loops": 1
                                        }
                                    ],
                                    "Plans": [
                                        {
                                            "Node Type": "Seq Scan",
                                            "Parent Relationship": "Outer",
                                            "Parallel Aware": true,
                                            "Relation Name": "title",
                                            "Schema": "public",
                                            "Alias": "t",
                                            "Startup Cost": 0.0,
                                            "Total Cost": 45479.21,
                                            "Plan Rows": 2176,
                                            "Plan Width": 4,
                                            "Actual Startup Time": 0.172,
                                            "Actual Total Time": 79.69,
                                            "Actual Rows": 1472,
                                            "Actual Loops": 5,
                                            "Output": [
                                                "t.id",
                                                "t.title",
                                                "t.imdb_index",
                                                "t.kind_id",
                                                "t.production_year",
                                                "t.imdb_id",
                                                "t.phonetic_code",
                                                "t.episode_of_id",
                                                "t.season_nr",
                                                "t.episode_nr",
                                                "t.series_years",
                                                "t.md5sum"
                                            ],
                                            "Filter": "((t.kind_id > 2) AND (t.production_year = 1961))",
                                            "Rows Removed by Filter": 504191,
                                            "Workers": [
                                                {
                                                    "Worker Number": 0,
                                                    "Actual Startup Time": 0.106,
                                                    "Actual Total Time": 76.797,
                                                    "Actual Rows": 1206,
                                                    "Actual Loops": 1
                                                },
                                                {
                                                    "Worker Number": 1,
                                                    "Actual Startup Time": 0.049,
                                                    "Actual Total Time": 76.133,
                                                    "Actual Rows": 1240,
                                                    "Actual Loops": 1
                                                },
                                                {
                                                    "Worker Number": 2,
                                                    "Actual Startup Time": 0.201,
                                                    "Actual Total Time": 76.987,
                                                    "Actual Rows": 1170,
                                                    "Actual Loops": 1
                                                },
                                                {
                                                    "Worker Number": 3,
                                                    "Actual Startup Time": 0.406,
                                                    "Actual Total Time": 77.269,
                                                    "Actual Rows": 1236,
                                                    "Actual Loops": 1
                                                }
                                            ]
                                        },
                                        {
                                            "Node Type": "Index Scan",
                                            "Parent Relationship": "Inner",
                                            "Parallel Aware": false,
                                            "Scan Direction": "Forward",
                                            "Index Name": "movie_id_movie_keyword",
                                            "Relation Name": "movie_keyword",
                                            "Schema": "public",
                                            "Alias": "mk",
                                            "Startup Cost": 0.43,
                                            "Total Cost": 8.07,
                                            "Plan Rows": 16,
                                            "Plan Width": 4,
                                            "Actual Startup Time": 0.006,
                                            "Actual Total Time": 0.006,
                                            "Actual Rows": 0,
                                            "Actual Loops": 7358,
                                            "Output": [
                                                "mk.id",
                                                "mk.movie_id",
                                                "mk.keyword_id"
                                            ],
                                            "Index Cond": "(mk.movie_id = t.id)",
                                            "Rows Removed by Index Recheck": 0,
                                            "Filter": "(mk.keyword_id > 9859)",
                                            "Rows Removed by Filter": 0,
                                            "Workers": [
                                                {
                                                    "Worker Number": 0,
                                                    "Actual Startup Time": 0.008,
                                                    "Actual Total Time": 0.008,
                                                    "Actual Rows": 0,
                                                    "Actual Loops": 1206
                                                },
                                                {
                                                    "Worker Number": 1,
                                                    "Actual Startup Time": 0.008,
                                                    "Actual Total Time": 0.008,
                                                    "Actual Rows": 0,
                                                    "Actual Loops": 1240
                                                },
                                                {
                                                    "Worker Number": 2,
                                                    "Actual Startup Time": 0.008,
                                                    "Actual Total Time": 0.008,
                                                    "Actual Rows": 0,
                                                    "Actual Loops": 1170
                                                },
                                                {
                                                    "Worker Number": 3,
                                                    "Actual Startup Time": 0.008,
                                                    "Actual Total Time": 0.008,
                                                    "Actual Rows": 0,
                                                    "Actual Loops": 1236
                                                }
                                            ]
                                        }
                                    ]
                                }
                            ]
                        }
                    ]
                }
            ]
        },
        "Planning Time": 217.012,
        "Triggers": [],
        "Execution Time": 107.379
    }
]