[
  {
    "Plan": {
      "Node Type": "Aggregate",
      "Strategy": "Plain",
      "Partial Mode": "Simple",
      "Parallel Aware": false,
      "Startup Cost": 11050.22,
      "Total Cost": 11050.23,
      "Plan Rows": 1,
      "Plan Width": 8,
      "Actual Startup Time": 8.051,
      "Actual Total Time": 8.053,
      "Actual Rows": 1,
      "Actual Loops": 1,
      "Plans": [
        {
          "Node Type": "Index Scan",
          "Parent Relationship": "Outer",
          "Parallel Aware": false,
          "Scan Direction": "Forward",
          "Index Name": "company_id_movie_companies",
          "Relation Name": "movie_companies",
          "Alias": "mc",
          "Startup Cost": 0.43,
          "Total Cost": 11044.22,
          "Plan Rows": 2400,
          "Plan Width": 0,
          "Actual Startup Time": 2.424,
          "Actual Total Time": 7.517,
          "Actual Rows": 3133,
          "Actual Loops": 1,
          "Index Cond": "(company_id = 11387)",
          "Rows Removed by Index Recheck": 0,
          "Filter": "(company_type_id = 2)",
          "Rows Removed by Filter": 973
        }
      ]
    },
    "Planning Time": 0.208,
    "Triggers": [],
    "Execution Time": 8.104
  }
]