[
  {
    "Plan": {
      "Node Type": "Aggregate",
      "Strategy": "Plain",
      "Partial Mode": "Finalize",
      "Parallel Aware": false,
      "Startup Cost": 32619.23,
      "Total Cost": 32619.24,
      "Plan Rows": 1,
      "Plan Width": 8,
      "Actual Startup Time": 82.31,
      "Actual Total Time": 90.509,
      "Actual Rows": 1,
      "Actual Loops": 1,
      "Plans": [
        {
          "Node Type": "Gather",
          "Parent Relationship": "Outer",
          "Parallel Aware": false,
          "Startup Cost": 32618.91,
          "Total Cost": 32619.22,
          "Plan Rows": 3,
          "Plan Width": 8,
          "Actual Startup Time": 82.14,
          "Actual Total Time": 90.499,
          "Actual Rows": 4,
          "Actual Loops": 1,
          "Workers Planned": 3,
          "Workers Launched": 3,
          "Single Copy": false,
          "Plans": [
            {
              "Node Type": "Aggregate",
              "Strategy": "Plain",
              "Partial Mode": "Partial",
              "Parent Relationship": "Outer",
              "Parallel Aware": false,
              "Startup Cost": 31618.91,
              "Total Cost": 31618.92,
              "Plan Rows": 1,
              "Plan Width": 8,
              "Actual Startup Time": 77.393,
              "Actual Total Time": 77.395,
              "Actual Rows": 1,
              "Actual Loops": 4,
              "Plans": [
                {
                  "Node Type": "Seq Scan",
                  "Parent Relationship": "Outer",
                  "Parallel Aware": true,
                  "Relation Name": "movie_companies",
                  "Alias": "mc",
                  "Startup Cost": 0.0,
                  "Total Cost": 31414.82,
                  "Plan Rows": 81637,
                  "Plan Width": 0,
                  "Actual Startup Time": 43.484,
                  "Actual Total Time": 75.591,
                  "Actual Rows": 32933,
                  "Actual Loops": 4,
                  "Filter": "((company_id < 426) AND (company_type_id > 1))",
                  "Rows Removed by Filter": 619349
                }
              ]
            }
          ]
        }
      ]
    },
    "Planning Time": 0.222,
    "Triggers": [],
    "Execution Time": 90.567
  }
]