{
  "Plan": {
    "Node Type": "Aggregate",
    "Strategy": "Plain",
    "Partial Mode": "Finalize",
    "Parallel Aware": false,
    "Startup Cost": 602256.52,
    "Total Cost": 602256.53,
    "Plan Rows": 1,
    "Plan Width": 8,
    "Actual Startup Time": 2330.837,
    "Actual Total Time": 2398.814,
    "Actual Rows": 1,
    "Actual Loops": 1,
    "Plans": [
      {
        "Node Type": "Gather",
        "Parent Relationship": "Outer",
        "Parallel Aware": false,
        "Startup Cost": 602256.41,
        "Total Cost": 602256.52,
        "Plan Rows": 1,
        "Plan Width": 8,
        "Actual Startup Time": 2330.57,
        "Actual Total Time": 2398.805,
        "Actual Rows": 2,
        "Actual Loops": 1,
        "Workers Planned": 1,
        "Workers Launched": 1,
        "Single Copy": false,
        "Plans": [
          {
            "Node Type": "Aggregate",
            "Strategy": "Plain",
            "Partial Mode": "Partial",
            "Parent Relationship": "Outer",
            "Parallel Aware": false,
            "Startup Cost": 601256.41,
            "Total Cost": 601256.42,
            "Plan Rows": 1,
            "Plan Width": 8,
            "Actual Startup Time": 2324.989,
            "Actual Total Time": 2324.992,
            "Actual Rows": 1,
            "Actual Loops": 2,
            "Plans": [
              {
                "Node Type": "Hash Join",
                "Parent Relationship": "Outer",
                "Parallel Aware": true,
                "Join Type": "Inner",
                "Startup Cost": 54768.14,
                "Total Cost": 601006.22,
                "Plan Rows": 100074,
                "Plan Width": 0,
                "Actual Startup Time": 555.678,
                "Actual Total Time": 2324.453,
                "Actual Rows": 8878,
                "Actual Loops": 2,
                "Inner Unique": true,
                "Hash Cond": "(ci.movie_id = t.id)",
                "Plans": [
                  {
                    "Node Type": "Seq Scan",
                    "Parent Relationship": "Outer",
                    "Parallel Aware": true,
                    "Relation Name": "cast_info",
                    "Alias": "ci",
                    "Startup Cost": 0.0,
                    "Total Cost": 519069.44,
                    "Plan Rows": 10349942,
                    "Plan Width": 4,
                    "Actual Startup Time": 417.888,
                    "Actual Total Time": 1374.898,
                    "Actual Rows": 8787616,
                    "Actual Loops": 2,
                    "Filter": "(person_id > 1859337)",
                    "Rows Removed by Filter": 9334556
                  },
                  {
                    "Node Type": "Hash",
                    "Parent Relationship": "Inner",
                    "Parallel Aware": true,
                    "Startup Cost": 54588.39,
                    "Total Cost": 54588.39,
                    "Plan Rows": 14380,
                    "Plan Width": 4,
                    "Actual Startup Time": 136.078,
                    "Actual Total Time": 136.079,
                    "Actual Rows": 14552,
                    "Actual Loops": 2,
                    "Hash Buckets": 32768,
                    "Original Hash Buckets": 32768,
                    "Hash Batches": 1,
                    "Original Hash Batches": 1,
                    "Peak Memory Usage": 1408,
                    "Plans": [
                      {
                        "Node Type": "Seq Scan",
                        "Parent Relationship": "Outer",
                        "Parallel Aware": true,
                        "Relation Name": "title",
                        "Alias": "t",
                        "Startup Cost": 0.0,
                        "Total Cost": 54588.39,
                        "Plan Rows": 14380,
                        "Plan Width": 4,
                        "Actual Startup Time": 73.47,
                        "Actual Total Time": 132.843,
                        "Actual Rows": 14552,
                        "Actual Loops": 2,
                        "Filter": "(production_year < 1911)",
                        "Rows Removed by Filter": 1249604
                      }
                    ]
                  }
                ]
              }
            ]
          }
        ]
      }
    ]
  },
  "Planning Time": 0.447,
  "Triggers": [],
  "Execution Time": 2398.898
}