[
  {
    "Plan": {
      "Node Type": "Aggregate",
      "Strategy": "Plain",
      "Partial Mode": "Finalize",
      "Parallel Aware": false,
      "Startup Cost": 490798.06,
      "Total Cost": 490798.07,
      "Plan Rows": 1,
      "Plan Width": 96,
      "Actual Startup Time": 3016.366,
      "Actual Total Time": 3139.433,
      "Actual Rows": 1,
      "Actual Loops": 1,
      "Plans": [
        {
          "Node Type": "Gather",
          "Parent Relationship": "Outer",
          "Parallel Aware": false,
          "Startup Cost": 490797.62,
          "Total Cost": 490798.03,
          "Plan Rows": 4,
          "Plan Width": 96,
          "Actual Startup Time": 3015.057,
          "Actual Total Time": 3139.417,
          "Actual Rows": 5,
          "Actual Loops": 1,
          "Workers Planned": 4,
          "Workers Launched": 4,
          "Single Copy": false,
          "Plans": [
            {
              "Node Type": "Aggregate",
              "Strategy": "Plain",
              "Partial Mode": "Partial",
              "Parent Relationship": "Outer",
              "Parallel Aware": false,
              "Startup Cost": 489797.62,
              "Total Cost": 489797.63,
              "Plan Rows": 1,
              "Plan Width": 96,
              "Actual Startup Time": 3003.697,
              "Actual Total Time": 3003.708,
              "Actual Rows": 1,
              "Actual Loops": 5,
              "Plans": [
                {
                  "Node Type": "Hash Join",
                  "Parent Relationship": "Outer",
                  "Parallel Aware": true,
                  "Join Type": "Inner",
                  "Startup Cost": 444426.62,
                  "Total Cost": 489797.51,
                  "Plan Rows": 14,
                  "Plan Width": 48,
                  "Actual Startup Time": 2865.982,
                  "Actual Total Time": 3003.474,
                  "Actual Rows": 492,
                  "Actual Loops": 5,
                  "Inner Unique": false,
                  "Hash Cond": "(t.id = mk.movie_id)",
                  "Plans": [
                    {
                      "Node Type": "Seq Scan",
                      "Parent Relationship": "Outer",
                      "Parallel Aware": true,
                      "Relation Name": "title",
                      "Alias": "t",
                      "Startup Cost": 0.0,
                      "Total Cost": 43898.62,
                      "Plan Rows": 392601,
                      "Plan Width": 21,
                      "Actual Startup Time": 0.034,
                      "Actual Total Time": 100.925,
                      "Actual Rows": 314114,
                      "Actual Loops": 5,
                      "Filter": "(production_year > 1996)",
                      "Rows Removed by Filter": 191549
                    },
                    {
                      "Node Type": "Hash",
                      "Parent Relationship": "Inner",
                      "Parallel Aware": true,
                      "Startup Cost": 444426.42,
                      "Total Cost": 444426.42,
                      "Plan Rows": 16,
                      "Plan Width": 39,
                      "Actual Startup Time": 2862.783,
                      "Actual Total Time": 2862.792,
                      "Actual Rows": 894,
                      "Actual Loops": 5,
                      "Hash Buckets": 4096,
                      "Original Hash Buckets": 1024,
                      "Hash Batches": 1,
                      "Original Hash Batches": 1,
                      "Peak Memory Usage": 472,
                      "Plans": [
                        {
                          "Node Type": "Hash Join",
                          "Parent Relationship": "Outer",
                          "Parallel Aware": true,
                          "Join Type": "Inner",
                          "Startup Cost": 115278.9,
                          "Total Cost": 444426.42,
                          "Plan Rows": 16,
                          "Plan Width": 39,
                          "Actual Startup Time": 506.681,
                          "Actual Total Time": 1859.944,
                          "Actual Rows": 894,
                          "Actual Loops": 5,
                          "Inner Unique": false,
                          "Hash Cond": "(ci.movie_id = mk.movie_id)",
                          "Plans": [
                            {
                              "Node Type": "Hash Join",
                              "Parent Relationship": "Outer",
                              "Parallel Aware": true,
                              "Join Type": "Inner",
                              "Startup Cost": 68767.12,
                              "Total Cost": 397685.88,
                              "Plan Rows": 60991,
                              "Plan Width": 19,
                              "Actual Startup Time": 211.836,
                              "Actual Total Time": 1588.42,
                              "Actual Rows": 16215,
                              "Actual Loops": 5,
                              "Inner Unique": true,
                              "Hash Cond": "(ci.person_id = n.id)",
                              "Plans": [
                                {
                                  "Node Type": "Seq Scan",
                                  "Parent Relationship": "Outer",
                                  "Parallel Aware": true,
                                  "Relation Name": "cast_info",
                                  "Alias": "ci",
                                  "Startup Cost": 0.0,
                                  "Total Cost": 313068.58,
                                  "Plan Rows": 6038158,
                                  "Plan Width": 8,
                                  "Actual Startup Time": 0.02,
                                  "Actual Total Time": 812.604,
                                  "Actual Rows": 7248869,
                                  "Actual Loops": 5
                                },
                                {
                                  "Node Type": "Hash",
                                  "Parent Relationship": "Inner",
                                  "Parallel Aware": true,
                                  "Startup Cost": 68635.58,
                                  "Total Cost": 68635.58,
                                  "Plan Rows": 10523,
                                  "Plan Width": 19,
                                  "Actual Startup Time": 189.052,
                                  "Actual Total Time": 189.054,
                                  "Actual Rows": 2076,
                                  "Actual Loops": 5,
                                  "Hash Buckets": 65536,
                                  "Original Hash Buckets": 65536,
                                  "Hash Batches": 1,
                                  "Original Hash Batches": 1,
                                  "Peak Memory Usage": 1120,
                                  "Plans": [
                                    {
                                      "Node Type": "Seq Scan",
                                      "Parent Relationship": "Outer",
                                      "Parallel Aware": true,
                                      "Relation Name": "name",
                                      "Alias": "n",
                                      "Startup Cost": 0.0,
                                      "Total Cost": 68635.58,
                                      "Plan Rows": 10523,
                                      "Plan Width": 19,
                                      "Actual Startup Time": 3.693,
                                      "Actual Total Time": 187.331,
                                      "Actual Rows": 2076,
                                      "Actual Loops": 5,
                                      "Filter": "(name ~~ '%Brown,%'::text)",
                                      "Rows Removed by Filter": 831422
                                    }
                                  ]
                                }
                              ]
                            },
                            {
                              "Node Type": "Hash",
                              "Parent Relationship": "Inner",
                              "Parallel Aware": true,
                              "Startup Cost": 46510.69,
                              "Total Cost": 46510.69,
                              "Plan Rows": 87,
                              "Plan Width": 20,
                              "Actual Startup Time": 265.054,
                              "Actual Total Time": 265.057,
                              "Actual Rows": 11331,
                              "Actual Loops": 5,
                              "Hash Buckets": 65536,
                              "Original Hash Buckets": 1024,
                              "Hash Batches": 1,
                              "Original Hash Batches": 1,
                              "Peak Memory Usage": 4408,
                              "Plans": [
                                {
                                  "Node Type": "Hash Join",
                                  "Parent Relationship": "Outer",
                                  "Parallel Aware": false,
                                  "Join Type": "Inner",
                                  "Startup Cost": 3632.5,
                                  "Total Cost": 46510.69,
                                  "Plan Rows": 87,
                                  "Plan Width": 20,
                                  "Actual Startup Time": 44.78,
                                  "Actual Total Time": 237.428,
                                  "Actual Rows": 11331,
                                  "Actual Loops": 5,
                                  "Inner Unique": true,
                                  "Hash Cond": "(mk.keyword_id = k.id)",
                                  "Plans": [
                                    {
                                      "Node Type": "Seq Scan",
                                      "Parent Relationship": "Outer",
                                      "Parallel Aware": true,
                                      "Relation Name": "movie_keyword",
                                      "Alias": "mk",
                                      "Startup Cost": 0.0,
                                      "Total Cost": 39047.32,
                                      "Plan Rows": 1459332,
                                      "Plan Width": 8,
                                      "Actual Startup Time": 0.06,
                                      "Actual Total Time": 114.767,
                                      "Actual Rows": 904786,
                                      "Actual Loops": 5
                                    },
                                    {
                                      "Node Type": "Hash",
                                      "Parent Relationship": "Inner",
                                      "Parallel Aware": false,
                                      "Startup Cost": 3632.4,
                                      "Total Cost": 3632.4,
                                      "Plan Rows": 8,
                                      "Plan Width": 20,
                                      "Actual Startup Time": 44.627,
                                      "Actual Total Time": 44.628,
                                      "Actual Rows": 6,
                                      "Actual Loops": 5,
                                      "Hash Buckets": 1024,
                                      "Original Hash Buckets": 1024,
                                      "Hash Batches": 1,
                                      "Original Hash Batches": 1,
                                      "Peak Memory Usage": 9,
                                      "Plans": [
                                        {
                                          "Node Type": "Seq Scan",
                                          "Parent Relationship": "Outer",
                                          "Parallel Aware": false,
                                          "Relation Name": "keyword",
                                          "Alias": "k",
                                          "Startup Cost": 0.0,
                                          "Total Cost": 3632.4,
                                          "Plan Rows": 8,
                                          "Plan Width": 20,
                                          "Actual Startup Time": 1.717,
                                          "Actual Total Time": 44.595,
                                          "Actual Rows": 6,
                                          "Actual Loops": 5,
                                          "Filter": "(keyword = ANY ('{death,marvel-cinematic-universe,marvel-comics,web,marvel-cinematic-universe,character-name-in-title,marvel-comics,tv-special}'::text[]))",
                                          "Rows Removed by Filter": 134164
                                        }
                                      ]
                                    }
                                  ]
                                }
                              ]
                            }
                          ]
                        }
                      ]
                    }
                  ]
                }
              ]
            }
          ]
        }
      ]
    },
    "Planning Time": 8.519,
    "Triggers": [],
    "Execution Time": 3139.982
  }
]