{
  "Plan": {
    "Node Type": "Aggregate",
    "Strategy": "Plain",
    "Partial Mode": "Finalize",
    "Parallel Aware": false,
    "Startup Cost": 169430.07,
    "Total Cost": 169430.08,
    "Plan Rows": 1,
    "Plan Width": 8,
    "Actual Startup Time": 680.587,
    "Actual Total Time": 697.89,
    "Actual Rows": 1,
    "Actual Loops": 1,
    "Plans": [
      {
        "Node Type": "Gather",
        "Parent Relationship": "Outer",
        "Parallel Aware": false,
        "Startup Cost": 169429.96,
        "Total Cost": 169430.07,
        "Plan Rows": 1,
        "Plan Width": 8,
        "Actual Startup Time": 679.447,
        "Actual Total Time": 697.884,
        "Actual Rows": 2,
        "Actual Loops": 1,
        "Workers Planned": 1,
        "Workers Launched": 1,
        "Single Copy": false,
        "Plans": [
          {
            "Node Type": "Aggregate",
            "Strategy": "Plain",
            "Partial Mode": "Partial",
            "Parent Relationship": "Outer",
            "Parallel Aware": false,
            "Startup Cost": 168429.96,
            "Total Cost": 168429.97,
            "Plan Rows": 1,
            "Plan Width": 8,
            "Actual Startup Time": 673.436,
            "Actual Total Time": 673.44,
            "Actual Rows": 1,
            "Actual Loops": 2,
            "Plans": [
              {
                "Node Type": "Hash Join",
                "Parent Relationship": "Outer",
                "Parallel Aware": true,
                "Join Type": "Inner",
                "Startup Cost": 106890.08,
                "Total Cost": 168211.07,
                "Plan Rows": 87554,
                "Plan Width": 0,
                "Actual Startup Time": 323.959,
                "Actual Total Time": 671.473,
                "Actual Rows": 44318,
                "Actual Loops": 2,
                "Inner Unique": false,
                "Hash Cond": "(t.id = mc.movie_id)",
                "Plans": [
                  {
                    "Node Type": "Hash Join",
                    "Parent Relationship": "Outer",
                    "Parallel Aware": true,
                    "Join Type": "Inner",
                    "Startup Cost": 61385.98,
                    "Total Cost": 119436.82,
                    "Plan Rows": 440819,
                    "Plan Width": 8,
                    "Actual Startup Time": 167.311,
                    "Actual Total Time": 500.12,
                    "Actual Rows": 105637,
                    "Actual Loops": 2,
                    "Inner Unique": true,
                    "Hash Cond": "(mk.movie_id = t.id)",
                    "Plans": [
                      {
                        "Node Type": "Seq Scan",
                        "Parent Relationship": "Outer",
                        "Parallel Aware": true,
                        "Relation Name": "movie_keyword",
                        "Alias": "mk",
                        "Startup Cost": 0.0,
                        "Total Cost": 51065.35,
                        "Plan Rows": 2661135,
                        "Plan Width": 4,
                        "Actual Startup Time": 0.009,
                        "Actual Total Time": 148.659,
                        "Actual Rows": 2261965,
                        "Actual Loops": 2
                      },
                      {
                        "Node Type": "Hash",
                        "Parent Relationship": "Inner",
                        "Parallel Aware": true,
                        "Startup Cost": 58306.47,
                        "Total Cost": 58306.47,
                        "Plan Rows": 246361,
                        "Plan Width": 4,
                        "Actual Startup Time": 165.762,
                        "Actual Total Time": 165.763,
                        "Actual Rows": 143801,
                        "Actual Loops": 2,
                        "Hash Buckets": 524288,
                        "Original Hash Buckets": 524288,
                        "Hash Batches": 1,
                        "Original Hash Batches": 1,
                        "Peak Memory Usage": 15392,
                        "Plans": [
                          {
                            "Node Type": "Seq Scan",
                            "Parent Relationship": "Outer",
                            "Parallel Aware": true,
                            "Relation Name": "title",
                            "Alias": "t",
                            "Startup Cost": 0.0,
                            "Total Cost": 58306.47,
                            "Plan Rows": 246361,
                            "Plan Width": 4,
                            "Actual Startup Time": 0.015,
                            "Actual Total Time": 128.862,
                            "Actual Rows": 143801,
                            "Actual Loops": 2,
                            "Filter": "((kind_id > 2) AND (production_year < 1986))",
                            "Rows Removed by Filter": 1120355
                          }
                        ]
                      }
                    ]
                  },
                  {
                    "Node Type": "Hash",
                    "Parent Relationship": "Inner",
                    "Parallel Aware": true,
                    "Startup Cost": 41811.73,
                    "Total Cost": 41811.73,
                    "Plan Rows": 295390,
                    "Plan Width": 4,
                    "Actual Startup Time": 150.319,
                    "Actual Total Time": 150.32,
                    "Actual Rows": 147062,
                    "Actual Loops": 2,
                    "Hash Buckets": 524288,
                    "Original Hash Buckets": 524288,
                    "Hash Batches": 1,
                    "Original Hash Batches": 1,
                    "Peak Memory Usage": 15616,
                    "Plans": [
                      {
                        "Node Type": "Seq Scan",
                        "Parent Relationship": "Outer",
                        "Parallel Aware": true,
                        "Relation Name": "movie_companies",
                        "Alias": "mc",
                        "Startup Cost": 0.0,
                        "Total Cost": 41811.73,
                        "Plan Rows": 295390,
                        "Plan Width": 4,
                        "Actual Startup Time": 65.674,
                        "Actual Total Time": 120.077,
                        "Actual Rows": 147062,
                        "Actual Loops": 2,
                        "Filter": "((company_id < 4521) AND (company_type_id = 2))",
                        "Rows Removed by Filter": 1157502
                      }
                    ]
                  }
                ]
              }
            ]
          }
        ]
      }
    ]
  },
  "Planning Time": 0.987,
  "Triggers": [],
  "Execution Time": 697.97
}