[
  {
    "Plan": {
      "Node Type": "Aggregate",
      "Strategy": "Plain",
      "Partial Mode": "Finalize",
      "Parallel Aware": false,
      "Startup Cost": 32792.84,
      "Total Cost": 32792.85,
      "Plan Rows": 1,
      "Plan Width": 8,
      "Actual Startup Time": 80.364,
      "Actual Total Time": 88.756,
      "Actual Rows": 1,
      "Actual Loops": 1,
      "Plans": [
        {
          "Node Type": "Gather",
          "Parent Relationship": "Outer",
          "Parallel Aware": false,
          "Startup Cost": 32792.52,
          "Total Cost": 32792.83,
          "Plan Rows": 3,
          "Plan Width": 8,
          "Actual Startup Time": 80.241,
          "Actual Total Time": 88.677,
          "Actual Rows": 4,
          "Actual Loops": 1,
          "Workers Planned": 3,
          "Workers Launched": 3,
          "Single Copy": false,
          "Plans": [
            {
              "Node Type": "Aggregate",
              "Strategy": "Plain",
              "Partial Mode": "Partial",
              "Parent Relationship": "Outer",
              "Parallel Aware": false,
              "Startup Cost": 31792.52,
              "Total Cost": 31792.53,
              "Plan Rows": 1,
              "Plan Width": 8,
              "Actual Startup Time": 73.425,
              "Actual Total Time": 73.426,
              "Actual Rows": 1,
              "Actual Loops": 4,
              "Plans": [
                {
                  "Node Type": "Seq Scan",
                  "Parent Relationship": "Outer",
                  "Parallel Aware": true,
                  "Relation Name": "movie_companies",
                  "Alias": "mc",
                  "Startup Cost": 0.0,
                  "Total Cost": 31414.82,
                  "Plan Rows": 151081,
                  "Plan Width": 0,
                  "Actual Startup Time": 20.525,
                  "Actual Total Time": 71.413,
                  "Actual Rows": 39829,
                  "Actual Loops": 4,
                  "Filter": "((company_id > 17994) AND (company_type_id < 2))",
                  "Rows Removed by Filter": 612454
                }
              ]
            }
          ]
        }
      ]
    },
    "Planning Time": 0.209,
    "Triggers": [],
    "Execution Time": 88.82
  }
]