[
  {
    "Plan": {
      "Node Type": "Aggregate",
      "Strategy": "Plain",
      "Partial Mode": "Finalize",
      "Parallel Aware": false,
      "Startup Cost": 188955.66,
      "Total Cost": 188955.67,
      "Plan Rows": 1,
      "Plan Width": 8,
      "Actual Startup Time": 1180.842,
      "Actual Total Time": 1214.702,
      "Actual Rows": 1,
      "Actual Loops": 1,
      "Plans": [
        {
          "Node Type": "Gather",
          "Parent Relationship": "Outer",
          "Parallel Aware": false,
          "Startup Cost": 188955.14,
          "Total Cost": 188955.65,
          "Plan Rows": 5,
          "Plan Width": 8,
          "Actual Startup Time": 1176.167,
          "Actual Total Time": 1214.693,
          "Actual Rows": 6,
          "Actual Loops": 1,
          "Workers Planned": 5,
          "Workers Launched": 5,
          "Single Copy": false,
          "Plans": [
            {
              "Node Type": "Aggregate",
              "Strategy": "Plain",
              "Partial Mode": "Partial",
              "Parent Relationship": "Outer",
              "Parallel Aware": false,
              "Startup Cost": 187955.14,
              "Total Cost": 187955.15,
              "Plan Rows": 1,
              "Plan Width": 8,
              "Actual Startup Time": 1165.727,
              "Actual Total Time": 1165.73,
              "Actual Rows": 1,
              "Actual Loops": 6,
              "Plans": [
                {
                  "Node Type": "Nested Loop",
                  "Parent Relationship": "Outer",
                  "Parallel Aware": false,
                  "Join Type": "Inner",
                  "Startup Cost": 80167.52,
                  "Total Cost": 187554.19,
                  "Plan Rows": 160381,
                  "Plan Width": 0,
                  "Actual Startup Time": 303.916,
                  "Actual Total Time": 1106.553,
                  "Actual Rows": 1221490,
                  "Actual Loops": 6,
                  "Inner Unique": false,
                  "Join Filter": "(t.id = mi.movie_id)",
                  "Rows Removed by Join Filter": 0,
                  "Plans": [
                    {
                      "Node Type": "Merge Join",
                      "Parent Relationship": "Outer",
                      "Parallel Aware": false,
                      "Join Type": "Inner",
                      "Startup Cost": 80167.09,
                      "Total Cost": 124960.83,
                      "Plan Rows": 27314,
                      "Plan Width": 8,
                      "Actual Startup Time": 303.781,
                      "Actual Total Time": 445.263,
                      "Actual Rows": 57723,
                      "Actual Loops": 6,
                      "Inner Unique": true,
                      "Merge Cond": "(mi_idx.movie_id = t.id)",
                      "Plans": [
                        {
                          "Node Type": "Index Only Scan",
                          "Parent Relationship": "Outer",
                          "Parallel Aware": true,
                          "Scan Direction": "Forward",
                          "Index Name": "movie_id_movie_info_idx",
                          "Relation Name": "movie_info_idx",
                          "Alias": "mi_idx",
                          "Startup Cost": 0.43,
                          "Total Cost": 42581.41,
                          "Plan Rows": 276007,
                          "Plan Width": 4,
                          "Actual Startup Time": 0.145,
                          "Actual Total Time": 61.898,
                          "Actual Rows": 230006,
                          "Actual Loops": 6,
                          "Heap Fetches": 1380035
                        },
                        {
                          "Node Type": "Sort",
                          "Parent Relationship": "Inner",
                          "Parallel Aware": false,
                          "Startup Cost": 80166.51,
                          "Total Cost": 80792.06,
                          "Plan Rows": 250219,
                          "Plan Width": 4,
                          "Actual Startup Time": 275.238,
                          "Actual Total Time": 334.532,
                          "Actual Rows": 365676,
                          "Actual Loops": 6,
                          "Sort Key": [
                            "t.id"
                          ],
                          "Sort Method": "quicksort",
                          "Sort Space Used": 29474,
                          "Sort Space Type": "Memory",
                          "Workers": [
                            {
                              "Worker Number": 0,
                              "Sort Method": "quicksort",
                              "Sort Space Used": 29474,
                              "Sort Space Type": "Memory"
                            },
                            {
                              "Worker Number": 1,
                              "Sort Method": "quicksort",
                              "Sort Space Used": 29474,
                              "Sort Space Type": "Memory"
                            },
                            {
                              "Worker Number": 2,
                              "Sort Method": "quicksort",
                              "Sort Space Used": 29474,
                              "Sort Space Type": "Memory"
                            },
                            {
                              "Worker Number": 3,
                              "Sort Method": "quicksort",
                              "Sort Space Used": 29474,
                              "Sort Space Type": "Memory"
                            },
                            {
                              "Worker Number": 4,
                              "Sort Method": "quicksort",
                              "Sort Space Used": 29474,
                              "Sort Space Type": "Memory"
                            }
                          ],
                          "Plans": [
                            {
                              "Node Type": "Bitmap Heap Scan",
                              "Parent Relationship": "Outer",
                              "Parallel Aware": false,
                              "Relation Name": "title",
                              "Alias": "t",
                              "Startup Cost": 11830.27,
                              "Total Cost": 57730.83,
                              "Plan Rows": 250219,
                              "Plan Width": 4,
                              "Actual Startup Time": 43.396,
                              "Actual Total Time": 162.964,
                              "Actual Rows": 366618,
                              "Actual Loops": 6,
                              "Recheck Cond": "(kind_id = 1)",
                              "Rows Removed by Index Recheck": 0,
                              "Filter": "(production_year < 1999)",
                              "Rows Removed by Filter": 296207,
                              "Exact Heap Blocks": 12863,
                              "Lossy Heap Blocks": 0,
                              "Plans": [
                                {
                                  "Node Type": "Bitmap Index Scan",
                                  "Parent Relationship": "Outer",
                                  "Parallel Aware": false,
                                  "Index Name": "kind_id_title",
                                  "Startup Cost": 0.0,
                                  "Total Cost": 11767.71,
                                  "Plan Rows": 660171,
                                  "Plan Width": 0,
                                  "Actual Startup Time": 41.611,
                                  "Actual Total Time": 41.611,
                                  "Actual Rows": 662825,
                                  "Actual Loops": 6,
                                  "Index Cond": "(kind_id = 1)"
                                }
                              ]
                            }
                          ]
                        }
                      ]
                    },
                    {
                      "Node Type": "Index Only Scan",
                      "Parent Relationship": "Inner",
                      "Parallel Aware": false,
                      "Scan Direction": "Forward",
                      "Index Name": "movie_id_movie_info",
                      "Relation Name": "movie_info",
                      "Alias": "mi",
                      "Startup Cost": 0.43,
                      "Total Cost": 1.78,
                      "Plan Rows": 41,
                      "Plan Width": 4,
                      "Actual Startup Time": 0.003,
                      "Actual Total Time": 0.009,
                      "Actual Rows": 21,
                      "Actual Loops": 346340,
                      "Index Cond": "(movie_id = mi_idx.movie_id)",
                      "Rows Removed by Index Recheck": 0,
                      "Heap Fetches": 7328943
                    }
                  ]
                }
              ]
            }
          ]
        }
      ]
    },
    "Planning Time": 1.243,
    "Triggers": [],
    "Execution Time": 1219.458
  }
]