[
  {
    "Plan": {
      "Node Type": "Aggregate",
      "Strategy": "Plain",
      "Partial Mode": "Finalize",
      "Parallel Aware": false,
      "Startup Cost": 80718.41,
      "Total Cost": 80718.42,
      "Plan Rows": 1,
      "Plan Width": 8,
      "Actual Startup Time": 534.226,
      "Actual Total Time": 550.859,
      "Actual Rows": 1,
      "Actual Loops": 1,
      "Plans": [
        {
          "Node Type": "Gather",
          "Parent Relationship": "Outer",
          "Parallel Aware": false,
          "Startup Cost": 80718.09,
          "Total Cost": 80718.4,
          "Plan Rows": 3,
          "Plan Width": 8,
          "Actual Startup Time": 521.96,
          "Actual Total Time": 550.849,
          "Actual Rows": 4,
          "Actual Loops": 1,
          "Workers Planned": 3,
          "Workers Launched": 3,
          "Single Copy": false,
          "Plans": [
            {
              "Node Type": "Aggregate",
              "Strategy": "Plain",
              "Partial Mode": "Partial",
              "Parent Relationship": "Outer",
              "Parallel Aware": false,
              "Startup Cost": 79718.09,
              "Total Cost": 79718.1,
              "Plan Rows": 1,
              "Plan Width": 8,
              "Actual Startup Time": 509.976,
              "Actual Total Time": 509.981,
              "Actual Rows": 1,
              "Actual Loops": 4,
              "Plans": [
                {
                  "Node Type": "Hash Join",
                  "Parent Relationship": "Outer",
                  "Parallel Aware": true,
                  "Join Type": "Inner",
                  "Startup Cost": 58702.53,
                  "Total Cost": 79402.41,
                  "Plan Rows": 126273,
                  "Plan Width": 0,
                  "Actual Startup Time": 404.188,
                  "Actual Total Time": 504.155,
                  "Actual Rows": 96412,
                  "Actual Loops": 4,
                  "Inner Unique": true,
                  "Hash Cond": "(mc.movie_id = t.id)",
                  "Plans": [
                    {
                      "Node Type": "Bitmap Heap Scan",
                      "Parent Relationship": "Outer",
                      "Parallel Aware": true,
                      "Relation Name": "movie_companies",
                      "Alias": "mc",
                      "Startup Cost": 8482.14,
                      "Total Cost": 28850.56,
                      "Plan Rows": 126273,
                      "Plan Width": 4,
                      "Actual Startup Time": 27.23,
                      "Actual Total Time": 67.549,
                      "Actual Rows": 96412,
                      "Actual Loops": 4,
                      "Recheck Cond": "(company_id < 226)",
                      "Rows Removed by Index Recheck": 0,
                      "Exact Heap Blocks": 6738,
                      "Lossy Heap Blocks": 0,
                      "Plans": [
                        {
                          "Node Type": "Bitmap Index Scan",
                          "Parent Relationship": "Outer",
                          "Parallel Aware": false,
                          "Index Name": "company_id_movie_companies",
                          "Startup Cost": 0.0,
                          "Total Cost": 8384.28,
                          "Plan Rows": 391447,
                          "Plan Width": 0,
                          "Actual Startup Time": 22.971,
                          "Actual Total Time": 22.972,
                          "Actual Rows": 385647,
                          "Actual Loops": 1,
                          "Index Cond": "(company_id < 226)"
                        }
                      ]
                    },
                    {
                      "Node Type": "Hash",
                      "Parent Relationship": "Inner",
                      "Parallel Aware": true,
                      "Startup Cost": 42319.06,
                      "Total Cost": 42319.06,
                      "Plan Rows": 632106,
                      "Plan Width": 4,
                      "Actual Startup Time": 369.118,
                      "Actual Total Time": 369.119,
                      "Actual Rows": 632078,
                      "Actual Loops": 4,
                      "Hash Buckets": 4194304,
                      "Original Hash Buckets": 4194304,
                      "Hash Batches": 1,
                      "Original Hash Batches": 1,
                      "Peak Memory Usage": 131776,
                      "Plans": [
                        {
                          "Node Type": "Seq Scan",
                          "Parent Relationship": "Outer",
                          "Parallel Aware": true,
                          "Relation Name": "title",
                          "Alias": "t",
                          "Startup Cost": 0.0,
                          "Total Cost": 42319.06,
                          "Plan Rows": 632106,
                          "Plan Width": 4,
                          "Actual Startup Time": 0.038,
                          "Actual Total Time": 111.127,
                          "Actual Rows": 632078,
                          "Actual Loops": 4
                        }
                      ]
                    }
                  ]
                }
              ]
            }
          ]
        }
      ]
    },
    "Planning Time": 0.287,
    "Triggers": [],
    "Execution Time": 550.908
  }
]