[
  {
    "Plan": {
      "Node Type": "Aggregate",
      "Strategy": "Plain",
      "Partial Mode": "Finalize",
      "Parallel Aware": false,
      "Startup Cost": 31643.82,
      "Total Cost": 31643.83,
      "Plan Rows": 1,
      "Plan Width": 8,
      "Actual Startup Time": 107.551,
      "Actual Total Time": 115.282,
      "Actual Rows": 1,
      "Actual Loops": 1,
      "Plans": [
        {
          "Node Type": "Gather",
          "Parent Relationship": "Outer",
          "Parallel Aware": false,
          "Startup Cost": 31643.5,
          "Total Cost": 31643.81,
          "Plan Rows": 3,
          "Plan Width": 8,
          "Actual Startup Time": 107.422,
          "Actual Total Time": 115.274,
          "Actual Rows": 4,
          "Actual Loops": 1,
          "Workers Planned": 3,
          "Workers Launched": 3,
          "Single Copy": false,
          "Plans": [
            {
              "Node Type": "Aggregate",
              "Strategy": "Plain",
              "Partial Mode": "Partial",
              "Parent Relationship": "Outer",
              "Parallel Aware": false,
              "Startup Cost": 30643.5,
              "Total Cost": 30643.51,
              "Plan Rows": 1,
              "Plan Width": 8,
              "Actual Startup Time": 100.432,
              "Actual Total Time": 100.433,
              "Actual Rows": 1,
              "Actual Loops": 4,
              "Plans": [
                {
                  "Node Type": "Seq Scan",
                  "Parent Relationship": "Outer",
                  "Parallel Aware": true,
                  "Relation Name": "movie_companies",
                  "Alias": "mc",
                  "Startup Cost": 0.0,
                  "Total Cost": 29310.68,
                  "Plan Rows": 533127,
                  "Plan Width": 0,
                  "Actual Startup Time": 0.038,
                  "Actual Total Time": 79.045,
                  "Actual Rows": 410460,
                  "Actual Loops": 4,
                  "Filter": "(company_id < 17802)",
                  "Rows Removed by Filter": 241823
                }
              ]
            }
          ]
        }
      ]
    },
    "Planning Time": 0.156,
    "Triggers": [],
    "Execution Time": 115.332
  }
]