[
  {
    "Plan": {
      "Node Type": "Aggregate",
      "Strategy": "Plain",
      "Partial Mode": "Finalize",
      "Parallel Aware": false,
      "Startup Cost": 80474.89,
      "Total Cost": 80474.9,
      "Plan Rows": 1,
      "Plan Width": 8,
      "Actual Startup Time": 318.9,
      "Actual Total Time": 325.65,
      "Actual Rows": 1,
      "Actual Loops": 1,
      "Plans": [
        {
          "Node Type": "Gather",
          "Parent Relationship": "Outer",
          "Parallel Aware": false,
          "Startup Cost": 80474.47,
          "Total Cost": 80474.88,
          "Plan Rows": 4,
          "Plan Width": 8,
          "Actual Startup Time": 315.034,
          "Actual Total Time": 325.631,
          "Actual Rows": 5,
          "Actual Loops": 1,
          "Workers Planned": 4,
          "Workers Launched": 4,
          "Single Copy": false,
          "Plans": [
            {
              "Node Type": "Aggregate",
              "Strategy": "Plain",
              "Partial Mode": "Partial",
              "Parent Relationship": "Outer",
              "Parallel Aware": false,
              "Startup Cost": 79474.47,
              "Total Cost": 79474.48,
              "Plan Rows": 1,
              "Plan Width": 8,
              "Actual Startup Time": 309.021,
              "Actual Total Time": 309.024,
              "Actual Rows": 1,
              "Actual Loops": 5,
              "Plans": [
                {
                  "Node Type": "Hash Join",
                  "Parent Relationship": "Outer",
                  "Parallel Aware": true,
                  "Join Type": "Inner",
                  "Startup Cost": 32767.94,
                  "Total Cost": 78938.6,
                  "Plan Rows": 214350,
                  "Plan Width": 0,
                  "Actual Startup Time": 108.618,
                  "Actual Total Time": 301.198,
                  "Actual Rows": 171825,
                  "Actual Loops": 5,
                  "Inner Unique": false,
                  "Hash Cond": "(t.id = mc.movie_id)",
                  "Plans": [
                    {
                      "Node Type": "Seq Scan",
                      "Parent Relationship": "Outer",
                      "Parallel Aware": true,
                      "Relation Name": "title",
                      "Alias": "t",
                      "Startup Cost": 0.0,
                      "Total Cost": 42318.81,
                      "Plan Rows": 632080,
                      "Plan Width": 4,
                      "Actual Startup Time": 0.014,
                      "Actual Total Time": 56.195,
                      "Actual Rows": 505662,
                      "Actual Loops": 5
                    },
                    {
                      "Node Type": "Hash",
                      "Parent Relationship": "Inner",
                      "Parallel Aware": true,
                      "Startup Cost": 29310.68,
                      "Total Cost": 29310.68,
                      "Plan Rows": 276581,
                      "Plan Width": 4,
                      "Actual Startup Time": 106.372,
                      "Actual Total Time": 106.373,
                      "Actual Rows": 171825,
                      "Actual Loops": 5,
                      "Hash Buckets": 1048576,
                      "Original Hash Buckets": 1048576,
                      "Hash Batches": 1,
                      "Original Hash Batches": 1,
                      "Peak Memory Usage": 41888,
                      "Plans": [
                        {
                          "Node Type": "Seq Scan",
                          "Parent Relationship": "Outer",
                          "Parallel Aware": true,
                          "Relation Name": "movie_companies",
                          "Alias": "mc",
                          "Startup Cost": 0.0,
                          "Total Cost": 29310.68,
                          "Plan Rows": 276581,
                          "Plan Width": 4,
                          "Actual Startup Time": 12.963,
                          "Actual Total Time": 58.521,
                          "Actual Rows": 171825,
                          "Actual Loops": 5,
                          "Filter": "(company_id > 24392)",
                          "Rows Removed by Filter": 350001
                        }
                      ]
                    }
                  ]
                }
              ]
            }
          ]
        }
      ]
    },
    "Planning Time": 0.225,
    "Triggers": [],
    "Execution Time": 325.683
  }
]