[
  {
    "Plan": {
      "Node Type": "Aggregate",
      "Strategy": "Plain",
      "Partial Mode": "Finalize",
      "Parallel Aware": false,
      "Startup Cost": 46973.56,
      "Total Cost": 46973.57,
      "Plan Rows": 1,
      "Plan Width": 8,
      "Actual Startup Time": 196.251,
      "Actual Total Time": 206.482,
      "Actual Rows": 1,
      "Actual Loops": 1,
      "Plans": [
        {
          "Node Type": "Gather",
          "Parent Relationship": "Outer",
          "Parallel Aware": false,
          "Startup Cost": 46973.24,
          "Total Cost": 46973.55,
          "Plan Rows": 3,
          "Plan Width": 8,
          "Actual Startup Time": 196.116,
          "Actual Total Time": 206.473,
          "Actual Rows": 4,
          "Actual Loops": 1,
          "Workers Planned": 3,
          "Workers Launched": 3,
          "Single Copy": false,
          "Plans": [
            {
              "Node Type": "Aggregate",
              "Strategy": "Plain",
              "Partial Mode": "Partial",
              "Parent Relationship": "Outer",
              "Parallel Aware": false,
              "Startup Cost": 45973.24,
              "Total Cost": 45973.25,
              "Plan Rows": 1,
              "Plan Width": 8,
              "Actual Startup Time": 189.557,
              "Actual Total Time": 189.56,
              "Actual Rows": 1,
              "Actual Loops": 4,
              "Plans": [
                {
                  "Node Type": "Seq Scan",
                  "Parent Relationship": "Outer",
                  "Parallel Aware": true,
                  "Relation Name": "movie_keyword",
                  "Alias": "mk",
                  "Startup Cost": 0.0,
                  "Total Cost": 42695.65,
                  "Plan Rows": 1311036,
                  "Plan Width": 0,
                  "Actual Startup Time": 0.051,
                  "Actual Total Time": 135.539,
                  "Actual Rows": 1017231,
                  "Actual Loops": 4,
                  "Filter": "(keyword_id < 38938)",
                  "Rows Removed by Filter": 113752
                }
              ]
            }
          ]
        }
      ]
    },
    "Planning Time": 0.156,
    "Triggers": [],
    "Execution Time": 206.535
  }
]