{
  "Plan": {
    "Node Type": "Aggregate",
    "Strategy": "Plain",
    "Partial Mode": "Finalize",
    "Parallel Aware": false,
    "Startup Cost": 441638.2,
    "Total Cost": 441638.21,
    "Plan Rows": 1,
    "Plan Width": 8,
    "Actual Startup Time": 864.451,
    "Actual Total Time": 888.854,
    "Actual Rows": 1,
    "Actual Loops": 1,
    "Plans": [
      {
        "Node Type": "Gather",
        "Parent Relationship": "Outer",
        "Parallel Aware": false,
        "Startup Cost": 441638.09,
        "Total Cost": 441638.2,
        "Plan Rows": 1,
        "Plan Width": 8,
        "Actual Startup Time": 863.95,
        "Actual Total Time": 888.848,
        "Actual Rows": 2,
        "Actual Loops": 1,
        "Workers Planned": 1,
        "Workers Launched": 1,
        "Single Copy": false,
        "Plans": [
          {
            "Node Type": "Aggregate",
            "Strategy": "Plain",
            "Partial Mode": "Partial",
            "Parent Relationship": "Outer",
            "Parallel Aware": false,
            "Startup Cost": 440638.09,
            "Total Cost": 440638.1,
            "Plan Rows": 1,
            "Plan Width": 8,
            "Actual Startup Time": 859.671,
            "Actual Total Time": 859.675,
            "Actual Rows": 1,
            "Actual Loops": 2,
            "Plans": [
              {
                "Node Type": "Nested Loop",
                "Parent Relationship": "Outer",
                "Parallel Aware": false,
                "Join Type": "Inner",
                "Startup Cost": 145757.43,
                "Total Cost": 440626.01,
                "Plan Rows": 4831,
                "Plan Width": 0,
                "Actual Startup Time": 381.99,
                "Actual Total Time": 858.838,
                "Actual Rows": 10882,
                "Actual Loops": 2,
                "Inner Unique": false,
                "Join Filter": "(t.id = mc.movie_id)",
                "Rows Removed by Join Filter": 0,
                "Plans": [
                  {
                    "Node Type": "Hash Join",
                    "Parent Relationship": "Outer",
                    "Parallel Aware": true,
                    "Join Type": "Inner",
                    "Startup Cost": 145757.0,
                    "Total Cost": 435140.53,
                    "Plan Rows": 9220,
                    "Plan Width": 8,
                    "Actual Startup Time": 381.897,
                    "Actual Total Time": 805.528,
                    "Actual Rows": 9482,
                    "Actual Loops": 2,
                    "Inner Unique": true,
                    "Hash Cond": "(ci.movie_id = t.id)",
                    "Plans": [
                      {
                        "Node Type": "Bitmap Heap Scan",
                        "Parent Relationship": "Outer",
                        "Parallel Aware": true,
                        "Relation Name": "cast_info",
                        "Alias": "ci",
                        "Startup Cost": 91097.96,
                        "Total Cost": 374112.66,
                        "Plan Rows": 2426216,
                        "Plan Width": 4,
                        "Actual Startup Time": 242.021,
                        "Actual Total Time": 477.267,
                        "Actual Rows": 2117704,
                        "Actual Loops": 2,
                        "Recheck Cond": "(person_id < 408703)",
                        "Rows Removed by Index Recheck": 0,
                        "Exact Heap Blocks": 24879,
                        "Lossy Heap Blocks": 0,
                        "Plans": [
                          {
                            "Node Type": "Bitmap Index Scan",
                            "Parent Relationship": "Outer",
                            "Parallel Aware": false,
                            "Index Name": "person_id_cast_info",
                            "Startup Cost": 0.0,
                            "Total Cost": 90066.82,
                            "Plan Rows": 4124567,
                            "Plan Width": 0,
                            "Actual Startup Time": 234.807,
                            "Actual Total Time": 234.808,
                            "Actual Rows": 4235408,
                            "Actual Loops": 1,
                            "Index Cond": "(person_id < 408703)"
                          }
                        ]
                      },
                      {
                        "Node Type": "Hash",
                        "Parent Relationship": "Inner",
                        "Parallel Aware": true,
                        "Startup Cost": 54588.39,
                        "Total Cost": 54588.39,
                        "Plan Rows": 5652,
                        "Plan Width": 4,
                        "Actual Startup Time": 137.831,
                        "Actual Total Time": 137.832,
                        "Actual Rows": 5154,
                        "Actual Loops": 2,
                        "Hash Buckets": 16384,
                        "Original Hash Buckets": 16384,
                        "Hash Batches": 1,
                        "Original Hash Batches": 1,
                        "Peak Memory Usage": 576,
                        "Plans": [
                          {
                            "Node Type": "Seq Scan",
                            "Parent Relationship": "Outer",
                            "Parallel Aware": true,
                            "Relation Name": "title",
                            "Alias": "t",
                            "Startup Cost": 0.0,
                            "Total Cost": 54588.39,
                            "Plan Rows": 5652,
                            "Plan Width": 4,
                            "Actual Startup Time": 0.042,
                            "Actual Total Time": 135.519,
                            "Actual Rows": 5154,
                            "Actual Loops": 2,
                            "Filter": "(production_year = 1962)",
                            "Rows Removed by Filter": 1259002
                          }
                        ]
                      }
                    ]
                  },
                  {
                    "Node Type": "Index Scan",
                    "Parent Relationship": "Inner",
                    "Parallel Aware": false,
                    "Scan Direction": "Forward",
                    "Index Name": "movie_id_movie_companies",
                    "Relation Name": "movie_companies",
                    "Alias": "mc",
                    "Startup Cost": 0.43,
                    "Total Cost": 0.56,
                    "Plan Rows": 3,
                    "Plan Width": 4,
                    "Actual Startup Time": 0.005,
                    "Actual Total Time": 0.005,
                    "Actual Rows": 1,
                    "Actual Loops": 18964,
                    "Index Cond": "(movie_id = ci.movie_id)",
                    "Rows Removed by Index Recheck": 0,
                    "Filter": "(company_type_id > 1)",
                    "Rows Removed by Filter": 1
                  }
                ]
              }
            ]
          }
        ]
      }
    ]
  },
  "Planning Time": 0.827,
  "Triggers": [],
  "Execution Time": 888.946
}