[
  {
    "Plan": {
      "Node Type": "Aggregate",
      "Strategy": "Plain",
      "Partial Mode": "Finalize",
      "Parallel Aware": false,
      "Startup Cost": 31888.63,
      "Total Cost": 31888.64,
      "Plan Rows": 1,
      "Plan Width": 8,
      "Actual Startup Time": 108.389,
      "Actual Total Time": 113.496,
      "Actual Rows": 1,
      "Actual Loops": 1,
      "Plans": [
        {
          "Node Type": "Gather",
          "Parent Relationship": "Outer",
          "Parallel Aware": false,
          "Startup Cost": 31888.31,
          "Total Cost": 31888.62,
          "Plan Rows": 3,
          "Plan Width": 8,
          "Actual Startup Time": 108.287,
          "Actual Total Time": 113.488,
          "Actual Rows": 4,
          "Actual Loops": 1,
          "Workers Planned": 3,
          "Workers Launched": 3,
          "Single Copy": false,
          "Plans": [
            {
              "Node Type": "Aggregate",
              "Strategy": "Plain",
              "Partial Mode": "Partial",
              "Parent Relationship": "Outer",
              "Parallel Aware": false,
              "Startup Cost": 30888.31,
              "Total Cost": 30888.32,
              "Plan Rows": 1,
              "Plan Width": 8,
              "Actual Startup Time": 101.91,
              "Actual Total Time": 101.911,
              "Actual Rows": 1,
              "Actual Loops": 4,
              "Plans": [
                {
                  "Node Type": "Seq Scan",
                  "Parent Relationship": "Outer",
                  "Parallel Aware": true,
                  "Relation Name": "movie_companies",
                  "Alias": "mc",
                  "Startup Cost": 0.0,
                  "Total Cost": 29310.68,
                  "Plan Rows": 631053,
                  "Plan Width": 0,
                  "Actual Startup Time": 0.197,
                  "Actual Total Time": 78.777,
                  "Actual Rows": 491179,
                  "Actual Loops": 4,
                  "Filter": "(company_id > 862)",
                  "Rows Removed by Filter": 161103
                }
              ]
            }
          ]
        }
      ]
    },
    "Planning Time": 0.093,
    "Triggers": [],
    "Execution Time": 113.527
  }
]