[
  {
    "Plan": {
      "Node Type": "Aggregate",
      "Strategy": "Plain",
      "Partial Mode": "Finalize",
      "Parallel Aware": false,
      "Startup Cost": 46915.99,
      "Total Cost": 46916.0,
      "Plan Rows": 1,
      "Plan Width": 8,
      "Actual Startup Time": 177.673,
      "Actual Total Time": 187.951,
      "Actual Rows": 1,
      "Actual Loops": 1,
      "Plans": [
        {
          "Node Type": "Gather",
          "Parent Relationship": "Outer",
          "Parallel Aware": false,
          "Startup Cost": 46915.67,
          "Total Cost": 46915.98,
          "Plan Rows": 3,
          "Plan Width": 8,
          "Actual Startup Time": 177.5,
          "Actual Total Time": 187.943,
          "Actual Rows": 4,
          "Actual Loops": 1,
          "Workers Planned": 3,
          "Workers Launched": 3,
          "Single Copy": false,
          "Plans": [
            {
              "Node Type": "Aggregate",
              "Strategy": "Plain",
              "Partial Mode": "Partial",
              "Parent Relationship": "Outer",
              "Parallel Aware": false,
              "Startup Cost": 45915.67,
              "Total Cost": 45915.68,
              "Plan Rows": 1,
              "Plan Width": 8,
              "Actual Startup Time": 169.165,
              "Actual Total Time": 169.166,
              "Actual Rows": 1,
              "Actual Loops": 4,
              "Plans": [
                {
                  "Node Type": "Seq Scan",
                  "Parent Relationship": "Outer",
                  "Parallel Aware": true,
                  "Relation Name": "movie_keyword",
                  "Alias": "mk",
                  "Startup Cost": 0.0,
                  "Total Cost": 42695.65,
                  "Plan Rows": 1288007,
                  "Plan Width": 0,
                  "Actual Startup Time": 0.059,
                  "Actual Total Time": 123.946,
                  "Actual Rows": 1002251,
                  "Actual Loops": 4,
                  "Filter": "(keyword_id < 35184)",
                  "Rows Removed by Filter": 128732
                }
              ]
            }
          ]
        }
      ]
    },
    "Planning Time": 0.165,
    "Triggers": [],
    "Execution Time": 188.004
  }
]