[
  {
    "Plan": {
      "Node Type": "Aggregate",
      "Strategy": "Plain",
      "Partial Mode": "Finalize",
      "Parallel Aware": false,
      "Startup Cost": 87380.11,
      "Total Cost": 87380.12,
      "Plan Rows": 1,
      "Plan Width": 8,
      "Actual Startup Time": 293.532,
      "Actual Total Time": 318.058,
      "Actual Rows": 1,
      "Actual Loops": 1,
      "Plans": [
        {
          "Node Type": "Gather",
          "Parent Relationship": "Outer",
          "Parallel Aware": false,
          "Startup Cost": 87379.79,
          "Total Cost": 87380.1,
          "Plan Rows": 3,
          "Plan Width": 8,
          "Actual Startup Time": 292.788,
          "Actual Total Time": 318.046,
          "Actual Rows": 4,
          "Actual Loops": 1,
          "Workers Planned": 3,
          "Workers Launched": 3,
          "Single Copy": false,
          "Plans": [
            {
              "Node Type": "Aggregate",
              "Strategy": "Plain",
              "Partial Mode": "Partial",
              "Parent Relationship": "Outer",
              "Parallel Aware": false,
              "Startup Cost": 86379.79,
              "Total Cost": 86379.8,
              "Plan Rows": 1,
              "Plan Width": 8,
              "Actual Startup Time": 287.838,
              "Actual Total Time": 287.842,
              "Actual Rows": 1,
              "Actual Loops": 4,
              "Plans": [
                {
                  "Node Type": "Hash Join",
                  "Parent Relationship": "Outer",
                  "Parallel Aware": true,
                  "Join Type": "Inner",
                  "Startup Cost": 58868.28,
                  "Total Cost": 86371.3,
                  "Plan Rows": 3396,
                  "Plan Width": 0,
                  "Actual Startup Time": 181.986,
                  "Actual Total Time": 287.763,
                  "Actual Rows": 406,
                  "Actual Loops": 4,
                  "Inner Unique": true,
                  "Hash Cond": "(mk.movie_id = t.id)",
                  "Plans": [
                    {
                      "Node Type": "Bitmap Heap Scan",
                      "Parent Relationship": "Outer",
                      "Parallel Aware": true,
                      "Relation Name": "movie_keyword",
                      "Alias": "mk",
                      "Startup Cost": 13255.59,
                      "Total Cost": 40229.44,
                      "Plan Rows": 201588,
                      "Plan Width": 4,
                      "Actual Startup Time": 63.836,
                      "Actual Total Time": 144.207,
                      "Actual Rows": 156758,
                      "Actual Loops": 4,
                      "Recheck Cond": "(keyword_id > 29279)",
                      "Rows Removed by Index Recheck": 0,
                      "Exact Heap Blocks": 8103,
                      "Lossy Heap Blocks": 0,
                      "Plans": [
                        {
                          "Node Type": "Bitmap Index Scan",
                          "Parent Relationship": "Outer",
                          "Parallel Aware": false,
                          "Index Name": "keyword_id_movie_keyword",
                          "Startup Cost": 0.0,
                          "Total Cost": 13099.36,
                          "Plan Rows": 624923,
                          "Plan Width": 0,
                          "Actual Startup Time": 58.108,
                          "Actual Total Time": 58.108,
                          "Actual Rows": 627032,
                          "Actual Loops": 1,
                          "Index Cond": "(keyword_id > 29279)"
                        }
                      ]
                    },
                    {
                      "Node Type": "Hash",
                      "Parent Relationship": "Inner",
                      "Parallel Aware": true,
                      "Startup Cost": 45479.59,
                      "Total Cost": 45479.59,
                      "Plan Rows": 10649,
                      "Plan Width": 4,
                      "Actual Startup Time": 116.723,
                      "Actual Total Time": 116.724,
                      "Actual Rows": 10102,
                      "Actual Loops": 4,
                      "Hash Buckets": 65536,
                      "Original Hash Buckets": 65536,
                      "Hash Batches": 1,
                      "Original Hash Batches": 1,
                      "Peak Memory Usage": 2144,
                      "Plans": [
                        {
                          "Node Type": "Seq Scan",
                          "Parent Relationship": "Outer",
                          "Parallel Aware": true,
                          "Relation Name": "title",
                          "Alias": "t",
                          "Startup Cost": 0.0,
                          "Total Cost": 45479.59,
                          "Plan Rows": 10649,
                          "Plan Width": 4,
                          "Actual Startup Time": 0.057,
                          "Actual Total Time": 111.722,
                          "Actual Rows": 10102,
                          "Actual Loops": 4,
                          "Filter": "((kind_id > 4) AND (production_year > 2012))",
                          "Rows Removed by Filter": 621976
                        }
                      ]
                    }
                  ]
                }
              ]
            }
          ]
        }
      ]
    },
    "Planning Time": 0.655,
    "Triggers": [],
    "Execution Time": 318.153
  }
]