[
  {
    "Plan": {
      "Node Type": "Aggregate",
      "Strategy": "Plain",
      "Partial Mode": "Finalize",
      "Parallel Aware": false,
      "Startup Cost": 51160.78,
      "Total Cost": 51160.79,
      "Plan Rows": 1,
      "Plan Width": 8,
      "Actual Startup Time": 58.042,
      "Actual Total Time": 65.521,
      "Actual Rows": 1,
      "Actual Loops": 1,
      "Plans": [
        {
          "Node Type": "Gather",
          "Parent Relationship": "Outer",
          "Parallel Aware": false,
          "Startup Cost": 51160.56,
          "Total Cost": 51160.77,
          "Plan Rows": 2,
          "Plan Width": 8,
          "Actual Startup Time": 57.89,
          "Actual Total Time": 65.517,
          "Actual Rows": 3,
          "Actual Loops": 1,
          "Workers Planned": 2,
          "Workers Launched": 2,
          "Single Copy": false,
          "Plans": [
            {
              "Node Type": "Aggregate",
              "Strategy": "Plain",
              "Partial Mode": "Partial",
              "Parent Relationship": "Outer",
              "Parallel Aware": false,
              "Startup Cost": 50160.56,
              "Total Cost": 50160.57,
              "Plan Rows": 1,
              "Plan Width": 8,
              "Actual Startup Time": 49.799,
              "Actual Total Time": 49.801,
              "Actual Rows": 1,
              "Actual Loops": 3,
              "Plans": [
                {
                  "Node Type": "Nested Loop",
                  "Parent Relationship": "Outer",
                  "Parallel Aware": false,
                  "Join Type": "Inner",
                  "Startup Cost": 244.51,
                  "Total Cost": 50155.97,
                  "Plan Rows": 1837,
                  "Plan Width": 0,
                  "Actual Startup Time": 7.848,
                  "Actual Total Time": 49.719,
                  "Actual Rows": 371,
                  "Actual Loops": 3,
                  "Inner Unique": true,
                  "Plans": [
                    {
                      "Node Type": "Bitmap Heap Scan",
                      "Parent Relationship": "Outer",
                      "Parallel Aware": true,
                      "Relation Name": "movie_keyword",
                      "Alias": "mk",
                      "Startup Cost": 244.08,
                      "Total Cost": 20156.75,
                      "Plan Rows": 4712,
                      "Plan Width": 4,
                      "Actual Startup Time": 7.488,
                      "Actual Total Time": 20.188,
                      "Actual Rows": 3075,
                      "Actual Loops": 3,
                      "Recheck Cond": "(keyword_id = 875)",
                      "Rows Removed by Index Recheck": 0,
                      "Exact Heap Blocks": 5450,
                      "Lossy Heap Blocks": 0,
                      "Plans": [
                        {
                          "Node Type": "Bitmap Index Scan",
                          "Parent Relationship": "Outer",
                          "Parallel Aware": false,
                          "Index Name": "keyword_id_movie_keyword",
                          "Startup Cost": 0.0,
                          "Total Cost": 241.26,
                          "Plan Rows": 11310,
                          "Plan Width": 0,
                          "Actual Startup Time": 11.516,
                          "Actual Total Time": 11.516,
                          "Actual Rows": 9226,
                          "Actual Loops": 1,
                          "Index Cond": "(keyword_id = 875)"
                        }
                      ]
                    },
                    {
                      "Node Type": "Index Scan",
                      "Parent Relationship": "Inner",
                      "Parallel Aware": false,
                      "Scan Direction": "Forward",
                      "Index Name": "title_pkey",
                      "Relation Name": "title",
                      "Alias": "t",
                      "Startup Cost": 0.43,
                      "Total Cost": 6.37,
                      "Plan Rows": 1,
                      "Plan Width": 4,
                      "Actual Startup Time": 0.009,
                      "Actual Total Time": 0.009,
                      "Actual Rows": 0,
                      "Actual Loops": 9226,
                      "Index Cond": "(id = mk.movie_id)",
                      "Rows Removed by Index Recheck": 0,
                      "Filter": "((kind_id > 1) AND (production_year < 2005))",
                      "Rows Removed by Filter": 1
                    }
                  ]
                }
              ]
            }
          ]
        }
      ]
    },
    "Planning Time": 0.588,
    "Triggers": [],
    "Execution Time": 65.602
  }
]