{
  "Plan": {
    "Node Type": "Aggregate",
    "Strategy": "Plain",
    "Partial Mode": "Finalize",
    "Parallel Aware": false,
    "Startup Cost": 383619.5,
    "Total Cost": 383619.51,
    "Plan Rows": 1,
    "Plan Width": 8,
    "Actual Startup Time": 1034.277,
    "Actual Total Time": 1054.388,
    "Actual Rows": 1,
    "Actual Loops": 1,
    "Plans": [
      {
        "Node Type": "Gather",
        "Parent Relationship": "Outer",
        "Parallel Aware": false,
        "Startup Cost": 383619.39,
        "Total Cost": 383619.5,
        "Plan Rows": 1,
        "Plan Width": 8,
        "Actual Startup Time": 1029.919,
        "Actual Total Time": 1054.382,
        "Actual Rows": 2,
        "Actual Loops": 1,
        "Workers Planned": 1,
        "Workers Launched": 1,
        "Single Copy": false,
        "Plans": [
          {
            "Node Type": "Aggregate",
            "Strategy": "Plain",
            "Partial Mode": "Partial",
            "Parent Relationship": "Outer",
            "Parallel Aware": false,
            "Startup Cost": 382619.39,
            "Total Cost": 382619.4,
            "Plan Rows": 1,
            "Plan Width": 8,
            "Actual Startup Time": 1017.764,
            "Actual Total Time": 1017.768,
            "Actual Rows": 1,
            "Actual Loops": 2,
            "Plans": [
              {
                "Node Type": "Hash Join",
                "Parent Relationship": "Outer",
                "Parallel Aware": true,
                "Join Type": "Inner",
                "Startup Cost": 111170.11,
                "Total Cost": 381655.9,
                "Plan Rows": 385395,
                "Plan Width": 0,
                "Actual Startup Time": 579.81,
                "Actual Total Time": 988.211,
                "Actual Rows": 689286,
                "Actual Loops": 2,
                "Inner Unique": true,
                "Hash Cond": "(ci.movie_id = t.id)",
                "Plans": [
                  {
                    "Node Type": "Bitmap Heap Scan",
                    "Parent Relationship": "Outer",
                    "Parallel Aware": true,
                    "Relation Name": "cast_info",
                    "Alias": "ci",
                    "Startup Cost": 41709.42,
                    "Total Cost": 311183.54,
                    "Plan Rows": 385395,
                    "Plan Width": 4,
                    "Actual Startup Time": 63.565,
                    "Actual Total Time": 191.832,
                    "Actual Rows": 689286,
                    "Actual Loops": 2,
                    "Recheck Cond": "(person_id < 188930)",
                    "Rows Removed by Index Recheck": 0,
                    "Filter": "(role_id < 2)",
                    "Rows Removed by Filter": 274070,
                    "Exact Heap Blocks": 11177,
                    "Lossy Heap Blocks": 0,
                    "Plans": [
                      {
                        "Node Type": "Bitmap Index Scan",
                        "Parent Relationship": "Outer",
                        "Parallel Aware": false,
                        "Index Name": "person_id_cast_info",
                        "Startup Cost": 0.0,
                        "Total Cost": 41545.62,
                        "Plan Rows": 1902541,
                        "Plan Width": 0,
                        "Actual Startup Time": 60.519,
                        "Actual Total Time": 60.519,
                        "Actual Rows": 1926712,
                        "Actual Loops": 1,
                        "Index Cond": "(person_id < 188930)"
                      }
                    ]
                  },
                  {
                    "Node Type": "Hash",
                    "Parent Relationship": "Inner",
                    "Parallel Aware": true,
                    "Startup Cost": 50870.31,
                    "Total Cost": 50870.31,
                    "Plan Rows": 1487231,
                    "Plan Width": 4,
                    "Actual Startup Time": 494.867,
                    "Actual Total Time": 494.867,
                    "Actual Rows": 1264156,
                    "Actual Loops": 2,
                    "Hash Buckets": 4194304,
                    "Original Hash Buckets": 4194304,
                    "Hash Batches": 1,
                    "Original Hash Batches": 1,
                    "Peak Memory Usage": 131680,
                    "Plans": [
                      {
                        "Node Type": "Seq Scan",
                        "Parent Relationship": "Outer",
                        "Parallel Aware": true,
                        "Relation Name": "title",
                        "Alias": "t",
                        "Startup Cost": 0.0,
                        "Total Cost": 50870.31,
                        "Plan Rows": 1487231,
                        "Plan Width": 4,
                        "Actual Startup Time": 0.023,
                        "Actual Total Time": 150.917,
                        "Actual Rows": 1264156,
                        "Actual Loops": 2
                      }
                    ]
                  }
                ]
              }
            ]
          }
        ]
      }
    ]
  },
  "Planning Time": 0.724,
  "Triggers": [],
  "Execution Time": 1054.479
}