[
  {
    "Plan": {
      "Node Type": "Aggregate",
      "Strategy": "Plain",
      "Partial Mode": "Finalize",
      "Parallel Aware": false,
      "Startup Cost": 46505.9,
      "Total Cost": 46505.91,
      "Plan Rows": 1,
      "Plan Width": 8,
      "Actual Startup Time": 94.972,
      "Actual Total Time": 106.982,
      "Actual Rows": 1,
      "Actual Loops": 1,
      "Plans": [
        {
          "Node Type": "Gather",
          "Parent Relationship": "Outer",
          "Parallel Aware": false,
          "Startup Cost": 46505.48,
          "Total Cost": 46505.89,
          "Plan Rows": 4,
          "Plan Width": 8,
          "Actual Startup Time": 94.83,
          "Actual Total Time": 106.972,
          "Actual Rows": 5,
          "Actual Loops": 1,
          "Workers Planned": 4,
          "Workers Launched": 4,
          "Single Copy": false,
          "Plans": [
            {
              "Node Type": "Aggregate",
              "Strategy": "Plain",
              "Partial Mode": "Partial",
              "Parent Relationship": "Outer",
              "Parallel Aware": false,
              "Startup Cost": 45505.48,
              "Total Cost": 45505.49,
              "Plan Rows": 1,
              "Plan Width": 8,
              "Actual Startup Time": 87.351,
              "Actual Total Time": 87.352,
              "Actual Rows": 1,
              "Actual Loops": 5,
              "Plans": [
                {
                  "Node Type": "Seq Scan",
                  "Parent Relationship": "Outer",
                  "Parallel Aware": true,
                  "Relation Name": "title",
                  "Alias": "t",
                  "Startup Cost": 0.0,
                  "Total Cost": 45479.1,
                  "Plan Rows": 10552,
                  "Plan Width": 0,
                  "Actual Startup Time": 0.048,
                  "Actual Total Time": 86.458,
                  "Actual Rows": 8082,
                  "Actual Loops": 5,
                  "Filter": "((kind_id > 4) AND (production_year > 2012))",
                  "Rows Removed by Filter": 497581
                }
              ]
            }
          ]
        }
      ]
    },
    "Planning Time": 0.165,
    "Triggers": [],
    "Execution Time": 107.034
  }
]