[
  {
    "Plan": {
      "Node Type": "Aggregate",
      "Strategy": "Plain",
      "Partial Mode": "Finalize",
      "Parallel Aware": false,
      "Startup Cost": 84400.63,
      "Total Cost": 84400.64,
      "Plan Rows": 1,
      "Plan Width": 8,
      "Actual Startup Time": 83.68,
      "Actual Total Time": 94.222,
      "Actual Rows": 1,
      "Actual Loops": 1,
      "Plans": [
        {
          "Node Type": "Gather",
          "Parent Relationship": "Outer",
          "Parallel Aware": false,
          "Startup Cost": 84400.21,
          "Total Cost": 84400.62,
          "Plan Rows": 4,
          "Plan Width": 8,
          "Actual Startup Time": 83.518,
          "Actual Total Time": 94.212,
          "Actual Rows": 5,
          "Actual Loops": 1,
          "Workers Planned": 4,
          "Workers Launched": 4,
          "Single Copy": false,
          "Plans": [
            {
              "Node Type": "Aggregate",
              "Strategy": "Plain",
              "Partial Mode": "Partial",
              "Parent Relationship": "Outer",
              "Parallel Aware": false,
              "Startup Cost": 83400.21,
              "Total Cost": 83400.22,
              "Plan Rows": 1,
              "Plan Width": 8,
              "Actual Startup Time": 78.511,
              "Actual Total Time": 78.512,
              "Actual Rows": 1,
              "Actual Loops": 5,
              "Plans": [
                {
                  "Node Type": "Nested Loop",
                  "Parent Relationship": "Outer",
                  "Parallel Aware": false,
                  "Join Type": "Inner",
                  "Startup Cost": 0.56,
                  "Total Cost": 83395.54,
                  "Plan Rows": 1866,
                  "Plan Width": 0,
                  "Actual Startup Time": 31.124,
                  "Actual Total Time": 78.468,
                  "Actual Rows": 224,
                  "Actual Loops": 5,
                  "Inner Unique": false,
                  "Plans": [
                    {
                      "Node Type": "Seq Scan",
                      "Parent Relationship": "Outer",
                      "Parallel Aware": true,
                      "Relation Name": "title",
                      "Alias": "t",
                      "Startup Cost": 0.0,
                      "Total Cost": 45479.59,
                      "Plan Rows": 280,
                      "Plan Width": 4,
                      "Actual Startup Time": 31.02,
                      "Actual Total Time": 74.75,
                      "Actual Rows": 25,
                      "Actual Loops": 5,
                      "Filter": "((kind_id > 1) AND (production_year = 1939))",
                      "Rows Removed by Filter": 505637
                    },
                    {
                      "Node Type": "Index Scan",
                      "Parent Relationship": "Inner",
                      "Parallel Aware": false,
                      "Scan Direction": "Forward",
                      "Index Name": "movie_id_cast_info",
                      "Relation Name": "cast_info",
                      "Alias": "ci",
                      "Startup Cost": 0.56,
                      "Total Cost": 135.25,
                      "Plan Rows": 16,
                      "Plan Width": 4,
                      "Actual Startup Time": 0.038,
                      "Actual Total Time": 0.144,
                      "Actual Rows": 9,
                      "Actual Loops": 127,
                      "Index Cond": "(movie_id = t.id)",
                      "Rows Removed by Index Recheck": 0,
                      "Filter": "((person_id < 2177136) AND (role_id < 8))",
                      "Rows Removed by Filter": 4
                    }
                  ]
                }
              ]
            }
          ]
        }
      ]
    },
    "Planning Time": 0.247,
    "Triggers": [],
    "Execution Time": 94.257
  }
]