[
  {
    "Plan": {
      "Node Type": "Aggregate",
      "Strategy": "Plain",
      "Partial Mode": "Finalize",
      "Parallel Aware": false,
      "Startup Cost": 80080.18,
      "Total Cost": 80080.19,
      "Plan Rows": 1,
      "Plan Width": 8,
      "Actual Startup Time": 225.16,
      "Actual Total Time": 241.933,
      "Actual Rows": 1,
      "Actual Loops": 1,
      "Plans": [
        {
          "Node Type": "Gather",
          "Parent Relationship": "Outer",
          "Parallel Aware": false,
          "Startup Cost": 80079.86,
          "Total Cost": 80080.17,
          "Plan Rows": 3,
          "Plan Width": 8,
          "Actual Startup Time": 223.358,
          "Actual Total Time": 241.924,
          "Actual Rows": 4,
          "Actual Loops": 1,
          "Workers Planned": 3,
          "Workers Launched": 3,
          "Single Copy": false,
          "Plans": [
            {
              "Node Type": "Aggregate",
              "Strategy": "Plain",
              "Partial Mode": "Partial",
              "Parent Relationship": "Outer",
              "Parallel Aware": false,
              "Startup Cost": 79079.86,
              "Total Cost": 79079.87,
              "Plan Rows": 1,
              "Plan Width": 8,
              "Actual Startup Time": 214.624,
              "Actual Total Time": 214.627,
              "Actual Rows": 1,
              "Actual Loops": 4,
              "Plans": [
                {
                  "Node Type": "Hash Join",
                  "Parent Relationship": "Outer",
                  "Parallel Aware": true,
                  "Join Type": "Inner",
                  "Startup Cost": 47049.34,
                  "Total Cost": 78981.87,
                  "Plan Rows": 39197,
                  "Plan Width": 0,
                  "Actual Startup Time": 140.245,
                  "Actual Total Time": 213.12,
                  "Actual Rows": 38038,
                  "Actual Loops": 4,
                  "Inner Unique": true,
                  "Hash Cond": "(mc.movie_id = t.id)",
                  "Plans": [
                    {
                      "Node Type": "Seq Scan",
                      "Parent Relationship": "Outer",
                      "Parallel Aware": true,
                      "Relation Name": "movie_companies",
                      "Alias": "mc",
                      "Startup Cost": 0.0,
                      "Total Cost": 31414.82,
                      "Plan Rows": 197225,
                      "Plan Width": 4,
                      "Actual Startup Time": 9.122,
                      "Actual Total Time": 60.293,
                      "Actual Rows": 88270,
                      "Actual Loops": 4,
                      "Filter": "((company_id > 11713) AND (company_type_id = 1))",
                      "Rows Removed by Filter": 564012
                    },
                    {
                      "Node Type": "Hash",
                      "Parent Relationship": "Inner",
                      "Parallel Aware": true,
                      "Startup Cost": 45479.1,
                      "Total Cost": 45479.1,
                      "Plan Rows": 125619,
                      "Plan Width": 4,
                      "Actual Startup Time": 127.892,
                      "Actual Total Time": 127.893,
                      "Actual Rows": 93408,
                      "Actual Loops": 4,
                      "Hash Buckets": 524288,
                      "Original Hash Buckets": 524288,
                      "Hash Batches": 1,
                      "Original Hash Batches": 1,
                      "Peak Memory Usage": 18784,
                      "Plans": [
                        {
                          "Node Type": "Seq Scan",
                          "Parent Relationship": "Outer",
                          "Parallel Aware": true,
                          "Relation Name": "title",
                          "Alias": "t",
                          "Startup Cost": 0.0,
                          "Total Cost": 45479.1,
                          "Plan Rows": 125619,
                          "Plan Width": 4,
                          "Actual Startup Time": 45.721,
                          "Actual Total Time": 97.997,
                          "Actual Rows": 93408,
                          "Actual Loops": 4,
                          "Filter": "((kind_id < 2) AND (production_year > 1982))",
                          "Rows Removed by Filter": 538670
                        }
                      ]
                    }
                  ]
                }
              ]
            }
          ]
        }
      ]
    },
    "Planning Time": 0.759,
    "Triggers": [],
    "Execution Time": 242.003
  }
]