[
  {
    "Plan": {
      "Node Type": "Aggregate",
      "Strategy": "Plain",
      "Partial Mode": "Finalize",
      "Parallel Aware": false,
      "Startup Cost": 46370.93,
      "Total Cost": 46370.94,
      "Plan Rows": 1,
      "Plan Width": 8,
      "Actual Startup Time": 173.123,
      "Actual Total Time": 192.36,
      "Actual Rows": 1,
      "Actual Loops": 1,
      "Plans": [
        {
          "Node Type": "Gather",
          "Parent Relationship": "Outer",
          "Parallel Aware": false,
          "Startup Cost": 46370.61,
          "Total Cost": 46370.92,
          "Plan Rows": 3,
          "Plan Width": 8,
          "Actual Startup Time": 172.928,
          "Actual Total Time": 192.346,
          "Actual Rows": 4,
          "Actual Loops": 1,
          "Workers Planned": 3,
          "Workers Launched": 3,
          "Single Copy": false,
          "Plans": [
            {
              "Node Type": "Aggregate",
              "Strategy": "Plain",
              "Partial Mode": "Partial",
              "Parent Relationship": "Outer",
              "Parallel Aware": false,
              "Startup Cost": 45370.61,
              "Total Cost": 45370.62,
              "Plan Rows": 1,
              "Plan Width": 8,
              "Actual Startup Time": 169.544,
              "Actual Total Time": 169.547,
              "Actual Rows": 1,
              "Actual Loops": 4,
              "Plans": [
                {
                  "Node Type": "Seq Scan",
                  "Parent Relationship": "Outer",
                  "Parallel Aware": true,
                  "Relation Name": "movie_keyword",
                  "Alias": "mk",
                  "Startup Cost": 0.0,
                  "Total Cost": 42695.65,
                  "Plan Rows": 1069982,
                  "Plan Width": 0,
                  "Actual Startup Time": 0.029,
                  "Actual Total Time": 130.47,
                  "Actual Rows": 828399,
                  "Actual Loops": 4,
                  "Filter": "(keyword_id < 15127)",
                  "Rows Removed by Filter": 302583
                }
              ]
            }
          ]
        }
      ]
    },
    "Planning Time": 0.104,
    "Triggers": [],
    "Execution Time": 192.422
  }
]