[
  {
    "Plan": {
      "Node Type": "Aggregate",
      "Strategy": "Plain",
      "Partial Mode": "Finalize",
      "Parallel Aware": false,
      "Startup Cost": 50661.76,
      "Total Cost": 50661.77,
      "Plan Rows": 1,
      "Plan Width": 8,
      "Actual Startup Time": 98.155,
      "Actual Total Time": 107.265,
      "Actual Rows": 1,
      "Actual Loops": 1,
      "Plans": [
        {
          "Node Type": "Gather",
          "Parent Relationship": "Outer",
          "Parallel Aware": false,
          "Startup Cost": 50661.34,
          "Total Cost": 50661.75,
          "Plan Rows": 4,
          "Plan Width": 8,
          "Actual Startup Time": 97.964,
          "Actual Total Time": 107.258,
          "Actual Rows": 5,
          "Actual Loops": 1,
          "Workers Planned": 4,
          "Workers Launched": 4,
          "Single Copy": false,
          "Plans": [
            {
              "Node Type": "Aggregate",
              "Strategy": "Plain",
              "Partial Mode": "Partial",
              "Parent Relationship": "Outer",
              "Parallel Aware": false,
              "Startup Cost": 49661.34,
              "Total Cost": 49661.35,
              "Plan Rows": 1,
              "Plan Width": 8,
              "Actual Startup Time": 90.515,
              "Actual Total Time": 90.516,
              "Actual Rows": 1,
              "Actual Loops": 5,
              "Plans": [
                {
                  "Node Type": "Index Scan",
                  "Parent Relationship": "Outer",
                  "Parallel Aware": true,
                  "Scan Direction": "Forward",
                  "Index Name": "role_id_cast_info",
                  "Relation Name": "cast_info",
                  "Alias": "ci",
                  "Startup Cost": 0.56,
                  "Total Cost": 49093.36,
                  "Plan Rows": 227193,
                  "Plan Width": 0,
                  "Actual Startup Time": 0.122,
                  "Actual Total Time": 81.209,
                  "Actual Rows": 161279,
                  "Actual Loops": 5,
                  "Index Cond": "(role_id = 8)",
                  "Rows Removed by Index Recheck": 0,
                  "Filter": "(person_id < 1886810)",
                  "Rows Removed by Filter": 179430
                }
              ]
            }
          ]
        }
      ]
    },
    "Planning Time": 0.153,
    "Triggers": [],
    "Execution Time": 107.306
  }
]