{
    "Plan": {
        "Node Type": "Aggregate",
        "Strategy": "Plain",
        "Partial Mode": "Finalize",
        "Parallel Aware": false,
        "Startup Cost": 95380.85,
        "Total Cost": 95380.86,
        "Plan Rows": 1,
        "Plan Width": 8,
        "Actual Startup Time": 416.164,
        "Actual Total Time": 439.102,
        "Actual Rows": 1,
        "Actual Loops": 1,
        "Output": [
            "count(*)"
        ],
        "Plans": [
            {
                "Node Type": "Gather",
                "Parent Relationship": "Outer",
                "Parallel Aware": false,
                "Startup Cost": 95380.54,
                "Total Cost": 95380.85,
                "Plan Rows": 3,
                "Plan Width": 8,
                "Actual Startup Time": 412.69,
                "Actual Total Time": 439.093,
                "Actual Rows": 4,
                "Actual Loops": 1,
                "Output": [
                    "(PARTIAL count(*))"
                ],
                "Workers Planned": 3,
                "Workers Launched": 3,
                "Single Copy": false,
                "Plans": [
                    {
                        "Node Type": "Aggregate",
                        "Strategy": "Plain",
                        "Partial Mode": "Partial",
                        "Parent Relationship": "Outer",
                        "Parallel Aware": false,
                        "Startup Cost": 94380.54,
                        "Total Cost": 94380.55,
                        "Plan Rows": 1,
                        "Plan Width": 8,
                        "Actual Startup Time": 403.695,
                        "Actual Total Time": 403.698,
                        "Actual Rows": 1,
                        "Actual Loops": 4,
                        "Output": [
                            "PARTIAL count(*)"
                        ],
                        "Workers": [
                            {
                                "Worker Number": 0,
                                "Actual Startup Time": 400.458,
                                "Actual Total Time": 400.461,
                                "Actual Rows": 1,
                                "Actual Loops": 1
                            },
                            {
                                "Worker Number": 1,
                                "Actual Startup Time": 400.732,
                                "Actual Total Time": 400.735,
                                "Actual Rows": 1,
                                "Actual Loops": 1
                            },
                            {
                                "Worker Number": 2,
                                "Actual Startup Time": 401.563,
                                "Actual Total Time": 401.565,
                                "Actual Rows": 1,
                                "Actual Loops": 1
                            }
                        ],
                        "Plans": [
                            {
                                "Node Type": "Hash Join",
                                "Parent Relationship": "Outer",
                                "Parallel Aware": true,
                                "Join Type": "Inner",
                                "Startup Cost": 48191.38,
                                "Total Cost": 93519.82,
                                "Plan Rows": 344287,
                                "Plan Width": 0,
                                "Actual Startup Time": 199.738,
                                "Actual Total Time": 400.879,
                                "Actual Rows": 69701,
                                "Actual Loops": 4,
                                "Inner Unique": true,
                                "Hash Cond": "(mk.movie_id = t.id)",
                                "Workers": [
                                    {
                                        "Worker Number": 0,
                                        "Actual Startup Time": 196.587,
                                        "Actual Total Time": 397.876,
                                        "Actual Rows": 64748,
                                        "Actual Loops": 1
                                    },
                                    {
                                        "Worker Number": 1,
                                        "Actual Startup Time": 196.856,
                                        "Actual Total Time": 398.007,
                                        "Actual Rows": 68610,
                                        "Actual Loops": 1
                                    },
                                    {
                                        "Worker Number": 2,
                                        "Actual Startup Time": 197.331,
                                        "Actual Total Time": 398.927,
                                        "Actual Rows": 66160,
                                        "Actual Loops": 1
                                    }
                                ],
                                "Plans": [
                                    {
                                        "Node Type": "Seq Scan",
                                        "Parent Relationship": "Outer",
                                        "Parallel Aware": true,
                                        "Relation Name": "movie_keyword",
                                        "Schema": "public",
                                        "Alias": "mk",
                                        "Startup Cost": 0.0,
                                        "Total Cost": 42695.65,
                                        "Plan Rows": 1002965,
                                        "Plan Width": 4,
                                        "Actual Startup Time": 0.096,
                                        "Actual Total Time": 118.761,
                                        "Actual Rows": 776886,
                                        "Actual Loops": 4,
                                        "Output": [
                                            "mk.id",
                                            "mk.movie_id",
                                            "mk.keyword_id"
                                        ],
                                        "Filter": "(mk.keyword_id > 1941)",
                                        "Rows Removed by Filter": 354097,
                                        "Workers": [
                                            {
                                                "Worker Number": 0,
                                                "Actual Startup Time": 0.089,
                                                "Actual Total Time": 121.383,
                                                "Actual Rows": 718284,
                                                "Actual Loops": 1
                                            },
                                            {
                                                "Worker Number": 1,
                                                "Actual Startup Time": 0.096,
                                                "Actual Total Time": 122.858,
                                                "Actual Rows": 757481,
                                                "Actual Loops": 1
                                            },
                                            {
                                                "Worker Number": 2,
                                                "Actual Startup Time": 0.104,
                                                "Actual Total Time": 121.847,
                                                "Actual Rows": 719965,
                                                "Actual Loops": 1
                                            }
                                        ]
                                    },
                                    {
                                        "Node Type": "Hash",
                                        "Parent Relationship": "Inner",
                                        "Parallel Aware": true,
                                        "Startup Cost": 45479.21,
                                        "Total Cost": 45479.21,
                                        "Plan Rows": 216974,
                                        "Plan Width": 4,
                                        "Actual Startup Time": 194.437,
                                        "Actual Total Time": 194.438,
                                        "Actual Rows": 239325,
                                        "Actual Loops": 4,
                                        "Output": [
                                            "t.id"
                                        ],
                                        "Hash Buckets": 1048576,
                                        "Original Hash Buckets": 1048576,
                                        "Hash Batches": 1,
                                        "Original Hash Batches": 1,
                                        "Peak Memory Usage": 45728,
                                        "Workers": [
                                            {
                                                "Worker Number": 0,
                                                "Actual Startup Time": 195.87,
                                                "Actual Total Time": 195.871,
                                                "Actual Rows": 212151,
                                                "Actual Loops": 1
                                            },
                                            {
                                                "Worker Number": 1,
                                                "Actual Startup Time": 196.114,
                                                "Actual Total Time": 196.114,
                                                "Actual Rows": 225934,
                                                "Actual Loops": 1
                                            },
                                            {
                                                "Worker Number": 2,
                                                "Actual Startup Time": 196.458,
                                                "Actual Total Time": 196.458,
                                                "Actual Rows": 213574,
                                                "Actual Loops": 1
                                            }
                                        ],
                                        "Plans": [
                                            {
                                                "Node Type": "Seq Scan",
                                                "Parent Relationship": "Outer",
                                                "Parallel Aware": true,
                                                "Relation Name": "title",
                                                "Schema": "public",
                                                "Alias": "t",
                                                "Startup Cost": 0.0,
                                                "Total Cost": 45479.21,
                                                "Plan Rows": 216974,
                                                "Plan Width": 4,
                                                "Actual Startup Time": 0.056,
                                                "Actual Total Time": 106.015,
                                                "Actual Rows": 239325,
                                                "Actual Loops": 4,
                                                "Output": [
                                                    "t.id"
                                                ],
                                                "Filter": "((t.production_year > 1999) AND (t.kind_id = 7))",
                                                "Rows Removed by Filter": 392753,
                                                "Workers": [
                                                    {
                                                        "Worker Number": 0,
                                                        "Actual Startup Time": 0.076,
                                                        "Actual Total Time": 108.791,
                                                        "Actual Rows": 212151,
                                                        "Actual Loops": 1
                                                    },
                                                    {
                                                        "Worker Number": 1,
                                                        "Actual Startup Time": 0.073,
                                                        "Actual Total Time": 109.664,
                                                        "Actual Rows": 225934,
                                                        "Actual Loops": 1
                                                    },
                                                    {
                                                        "Worker Number": 2,
                                                        "Actual Startup Time": 0.061,
                                                        "Actual Total Time": 108.516,
                                                        "Actual Rows": 213574,
                                                        "Actual Loops": 1
                                                    }
                                                ]
                                            }
                                        ]
                                    }
                                ]
                            }
                        ]
                    }
                ]
            }
        ]
    },
    "Planning Time": 0.667,
    "Triggers": [],
    "Execution Time": 439.17
}