[
  {
    "Plan": {
      "Node Type": "Aggregate",
      "Strategy": "Plain",
      "Partial Mode": "Finalize",
      "Parallel Aware": false,
      "Startup Cost": 44887.32,
      "Total Cost": 44887.33,
      "Plan Rows": 1,
      "Plan Width": 8,
      "Actual Startup Time": 132.722,
      "Actual Total Time": 142.588,
      "Actual Rows": 1,
      "Actual Loops": 1,
      "Plans": [
        {
          "Node Type": "Gather",
          "Parent Relationship": "Outer",
          "Parallel Aware": false,
          "Startup Cost": 44887.01,
          "Total Cost": 44887.32,
          "Plan Rows": 3,
          "Plan Width": 8,
          "Actual Startup Time": 132.592,
          "Actual Total Time": 142.579,
          "Actual Rows": 4,
          "Actual Loops": 1,
          "Workers Planned": 3,
          "Workers Launched": 3,
          "Single Copy": false,
          "Plans": [
            {
              "Node Type": "Aggregate",
              "Strategy": "Plain",
              "Partial Mode": "Partial",
              "Parent Relationship": "Outer",
              "Parallel Aware": false,
              "Startup Cost": 43887.01,
              "Total Cost": 43887.02,
              "Plan Rows": 1,
              "Plan Width": 8,
              "Actual Startup Time": 127.115,
              "Actual Total Time": 127.116,
              "Actual Rows": 1,
              "Actual Loops": 4,
              "Plans": [
                {
                  "Node Type": "Seq Scan",
                  "Parent Relationship": "Outer",
                  "Parallel Aware": true,
                  "Relation Name": "movie_keyword",
                  "Alias": "mk",
                  "Startup Cost": 0.0,
                  "Total Cost": 42695.65,
                  "Plan Rows": 476541,
                  "Plan Width": 0,
                  "Actual Startup Time": 2.308,
                  "Actual Total Time": 109.482,
                  "Actual Rows": 371566,
                  "Actual Loops": 4,
                  "Filter": "(keyword_id > 10991)",
                  "Rows Removed by Filter": 759416
                }
              ]
            }
          ]
        }
      ]
    },
    "Planning Time": 0.182,
    "Triggers": [],
    "Execution Time": 142.641
  }
]