[
  {
    "Plan": {
      "Node Type": "Aggregate",
      "Strategy": "Plain",
      "Partial Mode": "Finalize",
      "Parallel Aware": false,
      "Startup Cost": 97082.07,
      "Total Cost": 97082.08,
      "Plan Rows": 1,
      "Plan Width": 8,
      "Actual Startup Time": 409.911,
      "Actual Total Time": 428.195,
      "Actual Rows": 1,
      "Actual Loops": 1,
      "Plans": [
        {
          "Node Type": "Gather",
          "Parent Relationship": "Outer",
          "Parallel Aware": false,
          "Startup Cost": 97081.76,
          "Total Cost": 97082.07,
          "Plan Rows": 3,
          "Plan Width": 8,
          "Actual Startup Time": 406.797,
          "Actual Total Time": 428.184,
          "Actual Rows": 4,
          "Actual Loops": 1,
          "Workers Planned": 3,
          "Workers Launched": 3,
          "Single Copy": false,
          "Plans": [
            {
              "Node Type": "Aggregate",
              "Strategy": "Plain",
              "Partial Mode": "Partial",
              "Parent Relationship": "Outer",
              "Parallel Aware": false,
              "Startup Cost": 96081.76,
              "Total Cost": 96081.77,
              "Plan Rows": 1,
              "Plan Width": 8,
              "Actual Startup Time": 397.736,
              "Actual Total Time": 397.951,
              "Actual Rows": 1,
              "Actual Loops": 4,
              "Plans": [
                {
                  "Node Type": "Hash Join",
                  "Parent Relationship": "Outer",
                  "Parallel Aware": true,
                  "Join Type": "Inner",
                  "Startup Cost": 63983.48,
                  "Total Cost": 96038.57,
                  "Plan Rows": 17275,
                  "Plan Width": 0,
                  "Actual Startup Time": 330.745,
                  "Actual Total Time": 397.32,
                  "Actual Rows": 12003,
                  "Actual Loops": 4,
                  "Inner Unique": false,
                  "Hash Cond": "(mc.movie_id = t.id)",
                  "Plans": [
                    {
                      "Node Type": "Seq Scan",
                      "Parent Relationship": "Outer",
                      "Parallel Aware": true,
                      "Relation Name": "movie_companies",
                      "Alias": "mc",
                      "Startup Cost": 0.0,
                      "Total Cost": 31414.82,
                      "Plan Rows": 159222,
                      "Plan Width": 4,
                      "Actual Startup Time": 11.021,
                      "Actual Total Time": 64.095,
                      "Actual Rows": 47584,
                      "Actual Loops": 4,
                      "Filter": "((company_id > 16210) AND (company_type_id < 2))",
                      "Rows Removed by Filter": 604698
                    },
                    {
                      "Node Type": "Hash",
                      "Parent Relationship": "Inner",
                      "Parallel Aware": true,
                      "Startup Cost": 63126.24,
                      "Total Cost": 63126.24,
                      "Plan Rows": 68579,
                      "Plan Width": 8,
                      "Actual Startup Time": 316.351,
                      "Actual Total Time": 316.564,
                      "Actual Rows": 60825,
                      "Actual Loops": 4,
                      "Hash Buckets": 524288,
                      "Original Hash Buckets": 524288,
                      "Hash Batches": 1,
                      "Original Hash Batches": 1,
                      "Peak Memory Usage": 13664,
                      "Plans": [
                        {
                          "Node Type": "Hash Join",
                          "Parent Relationship": "Outer",
                          "Parallel Aware": true,
                          "Join Type": "Inner",
                          "Startup Cost": 17541.58,
                          "Total Cost": 63126.24,
                          "Plan Rows": 68579,
                          "Plan Width": 8,
                          "Actual Startup Time": 93.085,
                          "Actual Total Time": 292.455,
                          "Actual Rows": 60825,
                          "Actual Loops": 4,
                          "Inner Unique": false,
                          "Hash Cond": "(t.id = mi_idx.movie_id)",
                          "Plans": [
                            {
                              "Node Type": "Seq Scan",
                              "Parent Relationship": "Outer",
                              "Parallel Aware": true,
                              "Relation Name": "title",
                              "Alias": "t",
                              "Startup Cost": 0.0,
                              "Total Cost": 43898.92,
                              "Plan Rows": 373334,
                              "Plan Width": 4,
                              "Actual Startup Time": 0.01,
                              "Actual Total Time": 98.215,
                              "Actual Rows": 371258,
                              "Actual Loops": 4,
                              "Filter": "(production_year > 1998)",
                              "Rows Removed by Filter": 260820
                            },
                            {
                              "Node Type": "Hash",
                              "Parent Relationship": "Inner",
                              "Parallel Aware": true,
                              "Startup Cost": 15122.68,
                              "Total Cost": 15122.68,
                              "Plan Rows": 193512,
                              "Plan Width": 4,
                              "Actual Startup Time": 91.254,
                              "Actual Total Time": 91.255,
                              "Actual Rows": 114981,
                              "Actual Loops": 4,
                              "Hash Buckets": 524288,
                              "Original Hash Buckets": 524288,
                              "Hash Batches": 1,
                              "Original Hash Batches": 1,
                              "Peak Memory Usage": 22144,
                              "Plans": [
                                {
                                  "Node Type": "Seq Scan",
                                  "Parent Relationship": "Outer",
                                  "Parallel Aware": true,
                                  "Relation Name": "movie_info_idx",
                                  "Alias": "mi_idx",
                                  "Startup Cost": 0.0,
                                  "Total Cost": 15122.68,
                                  "Plan Rows": 193512,
                                  "Plan Width": 4,
                                  "Actual Startup Time": 0.077,
                                  "Actual Total Time": 45.62,
                                  "Actual Rows": 114981,
                                  "Actual Loops": 4,
                                  "Filter": "(info_type_id = 100)",
                                  "Rows Removed by Filter": 230028
                                }
                              ]
                            }
                          ]
                        }
                      ]
                    }
                  ]
                }
              ]
            }
          ]
        }
      ]
    },
    "Planning Time": 1.413,
    "Triggers": [],
    "Execution Time": 428.277
  }
]