[
  {
    "Plan": {
      "Node Type": "Aggregate",
      "Strategy": "Plain",
      "Partial Mode": "Finalize",
      "Parallel Aware": false,
      "Startup Cost": 91761.73,
      "Total Cost": 91761.74,
      "Plan Rows": 1,
      "Plan Width": 8,
      "Actual Startup Time": 285.708,
      "Actual Total Time": 305.27,
      "Actual Rows": 1,
      "Actual Loops": 1,
      "Plans": [
        {
          "Node Type": "Gather",
          "Parent Relationship": "Outer",
          "Parallel Aware": false,
          "Startup Cost": 91761.41,
          "Total Cost": 91761.72,
          "Plan Rows": 3,
          "Plan Width": 8,
          "Actual Startup Time": 284.855,
          "Actual Total Time": 305.247,
          "Actual Rows": 4,
          "Actual Loops": 1,
          "Workers Planned": 3,
          "Workers Launched": 3,
          "Single Copy": false,
          "Plans": [
            {
              "Node Type": "Aggregate",
              "Strategy": "Plain",
              "Partial Mode": "Partial",
              "Parent Relationship": "Outer",
              "Parallel Aware": false,
              "Startup Cost": 90761.41,
              "Total Cost": 90761.42,
              "Plan Rows": 1,
              "Plan Width": 8,
              "Actual Startup Time": 276.242,
              "Actual Total Time": 276.298,
              "Actual Rows": 1,
              "Actual Loops": 4,
              "Plans": [
                {
                  "Node Type": "Hash Join",
                  "Parent Relationship": "Outer",
                  "Parallel Aware": true,
                  "Join Type": "Inner",
                  "Startup Cost": 45716.67,
                  "Total Cost": 90696.02,
                  "Plan Rows": 26159,
                  "Plan Width": 0,
                  "Actual Startup Time": 113.483,
                  "Actual Total Time": 272.287,
                  "Actual Rows": 96043,
                  "Actual Loops": 4,
                  "Inner Unique": true,
                  "Hash Cond": "(mk.movie_id = t.id)",
                  "Plans": [
                    {
                      "Node Type": "Seq Scan",
                      "Parent Relationship": "Outer",
                      "Parallel Aware": true,
                      "Relation Name": "movie_keyword",
                      "Alias": "mk",
                      "Startup Cost": 0.0,
                      "Total Cost": 42695.65,
                      "Plan Rows": 869977,
                      "Plan Width": 4,
                      "Actual Startup Time": 0.187,
                      "Actual Total Time": 102.558,
                      "Actual Rows": 672018,
                      "Actual Loops": 4,
                      "Filter": "(keyword_id > 3033)",
                      "Rows Removed by Filter": 458964
                    },
                    {
                      "Node Type": "Hash",
                      "Parent Relationship": "Inner",
                      "Parallel Aware": true,
                      "Startup Cost": 45479.1,
                      "Total Cost": 45479.1,
                      "Plan Rows": 19006,
                      "Plan Width": 4,
                      "Actual Startup Time": 111.046,
                      "Actual Total Time": 111.047,
                      "Actual Rows": 45097,
                      "Actual Loops": 4,
                      "Hash Buckets": 262144,
                      "Original Hash Buckets": 131072,
                      "Hash Batches": 1,
                      "Original Hash Batches": 1,
                      "Peak Memory Usage": 10208,
                      "Plans": [
                        {
                          "Node Type": "Seq Scan",
                          "Parent Relationship": "Outer",
                          "Parallel Aware": true,
                          "Relation Name": "title",
                          "Alias": "t",
                          "Startup Cost": 0.0,
                          "Total Cost": 45479.1,
                          "Plan Rows": 19006,
                          "Plan Width": 4,
                          "Actual Startup Time": 0.301,
                          "Actual Total Time": 94.881,
                          "Actual Rows": 45097,
                          "Actual Loops": 4,
                          "Filter": "((kind_id < 7) AND (production_year < 1956))",
                          "Rows Removed by Filter": 586981
                        }
                      ]
                    }
                  ]
                }
              ]
            }
          ]
        }
      ]
    },
    "Planning Time": 0.575,
    "Triggers": [],
    "Execution Time": 305.366
  }
]