[
  {
    "Plan": {
      "Node Type": "Aggregate",
      "Strategy": "Plain",
      "Partial Mode": "Finalize",
      "Parallel Aware": false,
      "Startup Cost": 55440.55,
      "Total Cost": 55440.56,
      "Plan Rows": 1,
      "Plan Width": 8,
      "Actual Startup Time": 190.104,
      "Actual Total Time": 205.134,
      "Actual Rows": 1,
      "Actual Loops": 1,
      "Plans": [
        {
          "Node Type": "Gather",
          "Parent Relationship": "Outer",
          "Parallel Aware": false,
          "Startup Cost": 55440.33,
          "Total Cost": 55440.54,
          "Plan Rows": 2,
          "Plan Width": 8,
          "Actual Startup Time": 189.36,
          "Actual Total Time": 205.109,
          "Actual Rows": 3,
          "Actual Loops": 1,
          "Workers Planned": 2,
          "Workers Launched": 2,
          "Single Copy": false,
          "Plans": [
            {
              "Node Type": "Aggregate",
              "Strategy": "Plain",
              "Partial Mode": "Partial",
              "Parent Relationship": "Outer",
              "Parallel Aware": false,
              "Startup Cost": 54440.33,
              "Total Cost": 54440.34,
              "Plan Rows": 1,
              "Plan Width": 8,
              "Actual Startup Time": 183.137,
              "Actual Total Time": 183.145,
              "Actual Rows": 1,
              "Actual Loops": 3,
              "Plans": [
                {
                  "Node Type": "Hash Join",
                  "Parent Relationship": "Outer",
                  "Parallel Aware": true,
                  "Join Type": "Inner",
                  "Startup Cost": 38292.97,
                  "Total Cost": 54417.4,
                  "Plan Rows": 9172,
                  "Plan Width": 0,
                  "Actual Startup Time": 109.446,
                  "Actual Total Time": 182.075,
                  "Actual Rows": 14761,
                  "Actual Loops": 3,
                  "Inner Unique": true,
                  "Hash Cond": "(mi_idx.movie_id = t.id)",
                  "Plans": [
                    {
                      "Node Type": "Seq Scan",
                      "Parent Relationship": "Outer",
                      "Parallel Aware": true,
                      "Relation Name": "movie_info_idx",
                      "Alias": "mi_idx",
                      "Startup Cost": 0.0,
                      "Total Cost": 15122.68,
                      "Plan Rows": 381618,
                      "Plan Width": 4,
                      "Actual Startup Time": 0.017,
                      "Actual Total Time": 69.841,
                      "Actual Rows": 306617,
                      "Actual Loops": 3,
                      "Filter": "(info_type_id < 101)",
                      "Rows Removed by Filter": 153395
                    },
                    {
                      "Node Type": "Hash",
                      "Parent Relationship": "Inner",
                      "Parallel Aware": true,
                      "Startup Cost": 38103.06,
                      "Total Cost": 38103.06,
                      "Plan Rows": 15193,
                      "Plan Width": 4,
                      "Actual Startup Time": 64.852,
                      "Actual Total Time": 64.854,
                      "Actual Rows": 17794,
                      "Actual Loops": 3,
                      "Hash Buckets": 65536,
                      "Original Hash Buckets": 65536,
                      "Hash Batches": 1,
                      "Original Hash Batches": 1,
                      "Peak Memory Usage": 2624,
                      "Plans": [
                        {
                          "Node Type": "Bitmap Heap Scan",
                          "Parent Relationship": "Outer",
                          "Parallel Aware": true,
                          "Relation Name": "title",
                          "Alias": "t",
                          "Startup Cost": 1741.92,
                          "Total Cost": 38103.06,
                          "Plan Rows": 15193,
                          "Plan Width": 4,
                          "Actual Startup Time": 17.355,
                          "Actual Total Time": 56.854,
                          "Actual Rows": 17794,
                          "Actual Loops": 3,
                          "Recheck Cond": "(kind_id = 3)",
                          "Rows Removed by Index Recheck": 0,
                          "Filter": "(production_year > 1996)",
                          "Rows Removed by Filter": 15718,
                          "Exact Heap Blocks": 7421,
                          "Lossy Heap Blocks": 0,
                          "Plans": [
                            {
                              "Node Type": "Bitmap Index Scan",
                              "Parent Relationship": "Outer",
                              "Parallel Aware": false,
                              "Index Name": "kind_id_title",
                              "Startup Cost": 0.0,
                              "Total Cost": 1726.72,
                              "Plan Rows": 96839,
                              "Plan Width": 0,
                              "Actual Startup Time": 16.178,
                              "Actual Total Time": 16.178,
                              "Actual Rows": 100537,
                              "Actual Loops": 1,
                              "Index Cond": "(kind_id = 3)"
                            }
                          ]
                        }
                      ]
                    }
                  ]
                }
              ]
            }
          ]
        }
      ]
    },
    "Planning Time": 0.629,
    "Triggers": [],
    "Execution Time": 205.245
  }
]