[
  {
    "Plan": {
      "Node Type": "Aggregate",
      "Strategy": "Plain",
      "Partial Mode": "Finalize",
      "Parallel Aware": false,
      "Startup Cost": 382825.82,
      "Total Cost": 382825.83,
      "Plan Rows": 1,
      "Plan Width": 8,
      "Actual Startup Time": 1333.292,
      "Actual Total Time": 1397.511,
      "Actual Rows": 1,
      "Actual Loops": 1,
      "Plans": [
        {
          "Node Type": "Gather",
          "Parent Relationship": "Outer",
          "Parallel Aware": false,
          "Startup Cost": 382825.19,
          "Total Cost": 382825.8,
          "Plan Rows": 6,
          "Plan Width": 8,
          "Actual Startup Time": 1326.894,
          "Actual Total Time": 1397.501,
          "Actual Rows": 7,
          "Actual Loops": 1,
          "Workers Planned": 6,
          "Workers Launched": 6,
          "Single Copy": false,
          "Plans": [
            {
              "Node Type": "Aggregate",
              "Strategy": "Plain",
              "Partial Mode": "Partial",
              "Parent Relationship": "Outer",
              "Parallel Aware": false,
              "Startup Cost": 381825.19,
              "Total Cost": 381825.2,
              "Plan Rows": 1,
              "Plan Width": 8,
              "Actual Startup Time": 1314.969,
              "Actual Total Time": 1314.973,
              "Actual Rows": 1,
              "Actual Loops": 7,
              "Plans": [
                {
                  "Node Type": "Hash Join",
                  "Parent Relationship": "Outer",
                  "Parallel Aware": true,
                  "Join Type": "Inner",
                  "Startup Cost": 46088.19,
                  "Total Cost": 380243.57,
                  "Plan Rows": 632648,
                  "Plan Width": 0,
                  "Actual Startup Time": 405.419,
                  "Actual Total Time": 1293.62,
                  "Actual Rows": 385367,
                  "Actual Loops": 7,
                  "Inner Unique": true,
                  "Hash Cond": "(ci.movie_id = t.id)",
                  "Plans": [
                    {
                      "Node Type": "Seq Scan",
                      "Parent Relationship": "Outer",
                      "Parallel Aware": true,
                      "Relation Name": "cast_info",
                      "Alias": "ci",
                      "Startup Cost": 0.0,
                      "Total Cost": 328162.03,
                      "Plan Rows": 2283180,
                      "Plan Width": 4,
                      "Actual Startup Time": 260.497,
                      "Actual Total Time": 641.759,
                      "Actual Rows": 1952804,
                      "Actual Loops": 7,
                      "Filter": "(person_id > 2303097)",
                      "Rows Removed by Filter": 3224959
                    },
                    {
                      "Node Type": "Hash",
                      "Parent Relationship": "Inner",
                      "Parallel Aware": true,
                      "Startup Cost": 43898.92,
                      "Total Cost": 43898.92,
                      "Plan Rows": 175142,
                      "Plan Width": 4,
                      "Actual Startup Time": 140.98,
                      "Actual Total Time": 140.981,
                      "Actual Rows": 101027,
                      "Actual Loops": 7,
                      "Hash Buckets": 1048576,
                      "Original Hash Buckets": 1048576,
                      "Hash Batches": 1,
                      "Original Hash Batches": 1,
                      "Peak Memory Usage": 35968,
                      "Plans": [
                        {
                          "Node Type": "Seq Scan",
                          "Parent Relationship": "Outer",
                          "Parallel Aware": true,
                          "Relation Name": "title",
                          "Alias": "t",
                          "Startup Cost": 0.0,
                          "Total Cost": 43898.92,
                          "Plan Rows": 175142,
                          "Plan Width": 4,
                          "Actual Startup Time": 0.045,
                          "Actual Total Time": 84.835,
                          "Actual Rows": 101027,
                          "Actual Loops": 7,
                          "Filter": "(production_year < 1991)",
                          "Rows Removed by Filter": 260161
                        }
                      ]
                    }
                  ]
                }
              ]
            }
          ]
        }
      ]
    },
    "Planning Time": 0.624,
    "Triggers": [],
    "Execution Time": 1397.601
  }
]