[
  {
    "Plan": {
      "Node Type": "Aggregate",
      "Strategy": "Plain",
      "Partial Mode": "Finalize",
      "Parallel Aware": false,
      "Startup Cost": 345445.31,
      "Total Cost": 345445.32,
      "Plan Rows": 1,
      "Plan Width": 8,
      "Actual Startup Time": 624.971,
      "Actual Total Time": 666.345,
      "Actual Rows": 1,
      "Actual Loops": 1,
      "Plans": [
        {
          "Node Type": "Gather",
          "Parent Relationship": "Outer",
          "Parallel Aware": false,
          "Startup Cost": 345444.69,
          "Total Cost": 345445.3,
          "Plan Rows": 6,
          "Plan Width": 8,
          "Actual Startup Time": 624.821,
          "Actual Total Time": 666.336,
          "Actual Rows": 7,
          "Actual Loops": 1,
          "Workers Planned": 6,
          "Workers Launched": 6,
          "Single Copy": false,
          "Plans": [
            {
              "Node Type": "Aggregate",
              "Strategy": "Plain",
              "Partial Mode": "Partial",
              "Parent Relationship": "Outer",
              "Parallel Aware": false,
              "Startup Cost": 344444.69,
              "Total Cost": 344444.7,
              "Plan Rows": 1,
              "Plan Width": 8,
              "Actual Startup Time": 618.624,
              "Actual Total Time": 618.625,
              "Actual Rows": 1,
              "Actual Loops": 7,
              "Plans": [
                {
                  "Node Type": "Seq Scan",
                  "Parent Relationship": "Outer",
                  "Parallel Aware": true,
                  "Relation Name": "cast_info",
                  "Alias": "ci",
                  "Startup Cost": 0.0,
                  "Total Cost": 343316.27,
                  "Plan Rows": 451367,
                  "Plan Width": 0,
                  "Actual Startup Time": 367.416,
                  "Actual Total Time": 578.827,
                  "Actual Rows": 868072,
                  "Actual Loops": 7,
                  "Filter": "((person_id > 3041511) AND (role_id > 2))",
                  "Rows Removed by Filter": 4309691
                }
              ]
            }
          ]
        }
      ]
    },
    "Planning Time": 0.147,
    "Triggers": [],
    "Execution Time": 666.392
  }
]