[
  {
    "Plan": {
      "Node Type": "Aggregate",
      "Strategy": "Plain",
      "Partial Mode": "Finalize",
      "Parallel Aware": false,
      "Startup Cost": 268484.94,
      "Total Cost": 268484.95,
      "Plan Rows": 1,
      "Plan Width": 8,
      "Actual Startup Time": 668.967,
      "Actual Total Time": 707.561,
      "Actual Rows": 1,
      "Actual Loops": 1,
      "Plans": [
        {
          "Node Type": "Gather",
          "Parent Relationship": "Outer",
          "Parallel Aware": false,
          "Startup Cost": 268484.42,
          "Total Cost": 268484.93,
          "Plan Rows": 5,
          "Plan Width": 8,
          "Actual Startup Time": 658.137,
          "Actual Total Time": 707.549,
          "Actual Rows": 6,
          "Actual Loops": 1,
          "Workers Planned": 5,
          "Workers Launched": 5,
          "Single Copy": false,
          "Plans": [
            {
              "Node Type": "Aggregate",
              "Strategy": "Plain",
              "Partial Mode": "Partial",
              "Parent Relationship": "Outer",
              "Parallel Aware": false,
              "Startup Cost": 267484.42,
              "Total Cost": 267484.43,
              "Plan Rows": 1,
              "Plan Width": 8,
              "Actual Startup Time": 647.825,
              "Actual Total Time": 648.086,
              "Actual Rows": 1,
              "Actual Loops": 6,
              "Plans": [
                {
                  "Node Type": "Hash Join",
                  "Parent Relationship": "Outer",
                  "Parallel Aware": true,
                  "Join Type": "Inner",
                  "Startup Cost": 65654.35,
                  "Total Cost": 267244.0,
                  "Plan Rows": 96170,
                  "Plan Width": 0,
                  "Actual Startup Time": 342.657,
                  "Actual Total Time": 641.368,
                  "Actual Rows": 167986,
                  "Actual Loops": 6,
                  "Inner Unique": false,
                  "Hash Cond": "(mi.movie_id = t.id)",
                  "Plans": [
                    {
                      "Node Type": "Seq Scan",
                      "Parent Relationship": "Outer",
                      "Parallel Aware": true,
                      "Relation Name": "movie_info",
                      "Alias": "mi",
                      "Startup Cost": 0.0,
                      "Total Cost": 198952.16,
                      "Plan Rows": 596472,
                      "Plan Width": 4,
                      "Actual Startup Time": 67.713,
                      "Actual Total Time": 282.883,
                      "Actual Rows": 506120,
                      "Actual Loops": 6,
                      "Filter": "(info_type_id = 16)",
                      "Rows Removed by Filter": 1966500
                    },
                    {
                      "Node Type": "Hash",
                      "Parent Relationship": "Inner",
                      "Parallel Aware": true,
                      "Startup Cost": 63531.22,
                      "Total Cost": 63531.22,
                      "Plan Rows": 169851,
                      "Plan Width": 8,
                      "Actual Startup Time": 271.966,
                      "Actual Total Time": 272.226,
                      "Actual Rows": 83678,
                      "Actual Loops": 6,
                      "Hash Buckets": 524288,
                      "Original Hash Buckets": 524288,
                      "Hash Batches": 1,
                      "Original Hash Batches": 1,
                      "Peak Memory Usage": 23840,
                      "Plans": [
                        {
                          "Node Type": "Hash Join",
                          "Parent Relationship": "Outer",
                          "Parallel Aware": true,
                          "Join Type": "Inner",
                          "Startup Cost": 47403.32,
                          "Total Cost": 63531.22,
                          "Plan Rows": 169851,
                          "Plan Width": 8,
                          "Actual Startup Time": 183.238,
                          "Actual Total Time": 246.833,
                          "Actual Rows": 83678,
                          "Actual Loops": 6,
                          "Inner Unique": true,
                          "Hash Cond": "(mi_idx.movie_id = t.id)",
                          "Plans": [
                            {
                              "Node Type": "Seq Scan",
                              "Parent Relationship": "Outer",
                              "Parallel Aware": true,
                              "Relation Name": "movie_info_idx",
                              "Alias": "mi_idx",
                              "Startup Cost": 0.0,
                              "Total Cost": 15122.68,
                              "Plan Rows": 382940,
                              "Plan Width": 4,
                              "Actual Startup Time": 0.026,
                              "Actual Total Time": 25.368,
                              "Actual Rows": 153308,
                              "Actual Loops": 6,
                              "Filter": "(info_type_id < 101)",
                              "Rows Removed by Filter": 76698
                            },
                            {
                              "Node Type": "Hash",
                              "Parent Relationship": "Inner",
                              "Parallel Aware": true,
                              "Startup Cost": 43898.92,
                              "Total Cost": 43898.92,
                              "Plan Rows": 280352,
                              "Plan Width": 4,
                              "Actual Startup Time": 179.605,
                              "Actual Total Time": 179.606,
                              "Actual Rows": 188892,
                              "Actual Loops": 6,
                              "Hash Buckets": 2097152,
                              "Original Hash Buckets": 2097152,
                              "Hash Batches": 1,
                              "Original Hash Batches": 1,
                              "Peak Memory Usage": 60800,
                              "Plans": [
                                {
                                  "Node Type": "Seq Scan",
                                  "Parent Relationship": "Outer",
                                  "Parallel Aware": true,
                                  "Relation Name": "title",
                                  "Alias": "t",
                                  "Startup Cost": 0.0,
                                  "Total Cost": 43898.92,
                                  "Plan Rows": 280352,
                                  "Plan Width": 4,
                                  "Actual Startup Time": 0.05,
                                  "Actual Total Time": 83.56,
                                  "Actual Rows": 188892,
                                  "Actual Loops": 6,
                                  "Filter": "(production_year < 2002)",
                                  "Rows Removed by Filter": 232493
                                }
                              ]
                            }
                          ]
                        }
                      ]
                    }
                  ]
                }
              ]
            }
          ]
        }
      ]
    },
    "Planning Time": 1.339,
    "Triggers": [],
    "Execution Time": 707.653
  }
]