[
    {
        "Bao": {
            "Bao prediction": "NaN",
            "Bao recommended hint": "(no hint)"
        }
    },
    {
        "Plan": {
            "Node Type": "Aggregate",
            "Strategy": "Plain",
            "Partial Mode": "Finalize",
            "Parallel Aware": false,
            "Startup Cost": 375717.25,
            "Total Cost": 375717.26,
            "Plan Rows": 1,
            "Plan Width": 8,
            "Actual Startup Time": 510.057,
            "Actual Total Time": 537.061,
            "Actual Rows": 1,
            "Actual Loops": 1,
            "Output": [
                "count(*)"
            ],
            "Plans": [
                {
                    "Node Type": "Gather",
                    "Parent Relationship": "Outer",
                    "Parallel Aware": false,
                    "Startup Cost": 375716.62,
                    "Total Cost": 375717.23,
                    "Plan Rows": 6,
                    "Plan Width": 8,
                    "Actual Startup Time": 508.328,
                    "Actual Total Time": 537.05,
                    "Actual Rows": 7,
                    "Actual Loops": 1,
                    "Output": [
                        "(PARTIAL count(*))"
                    ],
                    "Workers Planned": 6,
                    "Workers Launched": 6,
                    "Single Copy": false,
                    "Plans": [
                        {
                            "Node Type": "Aggregate",
                            "Strategy": "Plain",
                            "Partial Mode": "Partial",
                            "Parent Relationship": "Outer",
                            "Parallel Aware": false,
                            "Startup Cost": 374716.62,
                            "Total Cost": 374716.63,
                            "Plan Rows": 1,
                            "Plan Width": 8,
                            "Actual Startup Time": 497.652,
                            "Actual Total Time": 497.656,
                            "Actual Rows": 1,
                            "Actual Loops": 7,
                            "Output": [
                                "PARTIAL count(*)"
                            ],
                            "Workers": [
                                {
                                    "Worker Number": 0,
                                    "Actual Startup Time": 495.159,
                                    "Actual Total Time": 495.163,
                                    "Actual Rows": 1,
                                    "Actual Loops": 1
                                },
                                {
                                    "Worker Number": 1,
                                    "Actual Startup Time": 495.287,
                                    "Actual Total Time": 495.291,
                                    "Actual Rows": 1,
                                    "Actual Loops": 1
                                },
                                {
                                    "Worker Number": 2,
                                    "Actual Startup Time": 496.11,
                                    "Actual Total Time": 496.114,
                                    "Actual Rows": 1,
                                    "Actual Loops": 1
                                },
                                {
                                    "Worker Number": 3,
                                    "Actual Startup Time": 496.122,
                                    "Actual Total Time": 496.128,
                                    "Actual Rows": 1,
                                    "Actual Loops": 1
                                },
                                {
                                    "Worker Number": 4,
                                    "Actual Startup Time": 496.079,
                                    "Actual Total Time": 496.083,
                                    "Actual Rows": 1,
                                    "Actual Loops": 1
                                },
                                {
                                    "Worker Number": 5,
                                    "Actual Startup Time": 496.853,
                                    "Actual Total Time": 496.858,
                                    "Actual Rows": 1,
                                    "Actual Loops": 1
                                }
                            ],
                            "Plans": [
                                {
                                    "Node Type": "Hash Join",
                                    "Parent Relationship": "Outer",
                                    "Parallel Aware": true,
                                    "Join Type": "Inner",
                                    "Startup Cost": 113029.96,
                                    "Total Cost": 374697.7,
                                    "Plan Rows": 7568,
                                    "Plan Width": 0,
                                    "Actual Startup Time": 288.13,
                                    "Actual Total Time": 496.586,
                                    "Actual Rows": 11825,
                                    "Actual Loops": 7,
                                    "Inner Unique": true,
                                    "Hash Cond": "(ci.movie_id = t.id)",
                                    "Workers": [
                                        {
                                            "Worker Number": 0,
                                            "Actual Startup Time": 285.799,
                                            "Actual Total Time": 494.086,
                                            "Actual Rows": 10388,
                                            "Actual Loops": 1
                                        },
                                        {
                                            "Worker Number": 1,
                                            "Actual Startup Time": 286.005,
                                            "Actual Total Time": 494.238,
                                            "Actual Rows": 10144,
                                            "Actual Loops": 1
                                        },
                                        {
                                            "Worker Number": 2,
                                            "Actual Startup Time": 286.574,
                                            "Actual Total Time": 494.981,
                                            "Actual Rows": 11390,
                                            "Actual Loops": 1
                                        },
                                        {
                                            "Worker Number": 3,
                                            "Actual Startup Time": 286.488,
                                            "Actual Total Time": 495.006,
                                            "Actual Rows": 10976,
                                            "Actual Loops": 1
                                        },
                                        {
                                            "Worker Number": 4,
                                            "Actual Startup Time": 286.717,
                                            "Actual Total Time": 494.968,
                                            "Actual Rows": 10981,
                                            "Actual Loops": 1
                                        },
                                        {
                                            "Worker Number": 5,
                                            "Actual Startup Time": 286.799,
                                            "Actual Total Time": 495.79,
                                            "Actual Rows": 11606,
                                            "Actual Loops": 1
                                        }
                                    ],
                                    "Plans": [
                                        {
                                            "Node Type": "Bitmap Heap Scan",
                                            "Parent Relationship": "Outer",
                                            "Parallel Aware": true,
                                            "Relation Name": "cast_info",
                                            "Schema": "public",
                                            "Alias": "ci",
                                            "Startup Cost": 74157.02,
                                            "Total Cost": 335303.56,
                                            "Plan Rows": 198555,
                                            "Plan Width": 4,
                                            "Actual Startup Time": 249.209,
                                            "Actual Total Time": 394.067,
                                            "Actual Rows": 352349,
                                            "Actual Loops": 7,
                                            "Output": [
                                                "ci.id",
                                                "ci.person_id",
                                                "ci.movie_id",
                                                "ci.person_role_id",
                                                "ci.note",
                                                "ci.nr_order",
                                                "ci.role_id"
                                            ],
                                            "Recheck Cond": "(ci.person_id < 329664)",
                                            "Rows Removed by Index Recheck": 0,
                                            "Filter": "(ci.role_id = 1)",
                                            "Rows Removed by Filter": 137413,
                                            "Exact Heap Blocks": 8569,
                                            "Lossy Heap Blocks": 0,
                                            "Workers": [
                                                {
                                                    "Worker Number": 0,
                                                    "Actual Startup Time": 249.385,
                                                    "Actual Total Time": 394.233,
                                                    "Actual Rows": 317845,
                                                    "Actual Loops": 1
                                                },
                                                {
                                                    "Worker Number": 1,
                                                    "Actual Startup Time": 249.204,
                                                    "Actual Total Time": 394.389,
                                                    "Actual Rows": 312201,
                                                    "Actual Loops": 1
                                                },
                                                {
                                                    "Worker Number": 2,
                                                    "Actual Startup Time": 249.312,
                                                    "Actual Total Time": 394.645,
                                                    "Actual Rows": 327169,
                                                    "Actual Loops": 1
                                                },
                                                {
                                                    "Worker Number": 3,
                                                    "Actual Startup Time": 249.146,
                                                    "Actual Total Time": 394.489,
                                                    "Actual Rows": 324149,
                                                    "Actual Loops": 1
                                                },
                                                {
                                                    "Worker Number": 4,
                                                    "Actual Startup Time": 249.472,
                                                    "Actual Total Time": 395.009,
                                                    "Actual Rows": 314024,
                                                    "Actual Loops": 1
                                                },
                                                {
                                                    "Worker Number": 5,
                                                    "Actual Startup Time": 248.824,
                                                    "Actual Total Time": 392.941,
                                                    "Actual Rows": 356716,
                                                    "Actual Loops": 1
                                                }
                                            ],
                                            "Plans": [
                                                {
                                                    "Node Type": "Bitmap Index Scan",
                                                    "Parent Relationship": "Outer",
                                                    "Parallel Aware": false,
                                                    "Index Name": "person_id_cast_info",
                                                    "Startup Cost": 0.0,
                                                    "Total Cost": 73859.18,
                                                    "Plan Rows": 3383816,
                                                    "Plan Width": 0,
                                                    "Actual Startup Time": 239.754,
                                                    "Actual Total Time": 239.754,
                                                    "Actual Rows": 3428334,
                                                    "Actual Loops": 1,
                                                    "Index Cond": "(ci.person_id < 329664)",
                                                    "Workers": [
                                                        {
                                                            "Worker Number": 5,
                                                            "Actual Startup Time": 239.754,
                                                            "Actual Total Time": 239.754,
                                                            "Actual Rows": 3428334,
                                                            "Actual Loops": 1
                                                        }
                                                    ]
                                                }
                                            ]
                                        },
                                        {
                                            "Node Type": "Hash",
                                            "Parent Relationship": "Inner",
                                            "Parallel Aware": true,
                                            "Startup Cost": 38571.79,
                                            "Total Cost": 38571.79,
                                            "Plan Rows": 24092,
                                            "Plan Width": 4,
                                            "Actual Startup Time": 38.252,
                                            "Actual Total Time": 38.253,
                                            "Actual Rows": 14939,
                                            "Actual Loops": 7,
                                            "Output": [
                                                "t.id"
                                            ],
                                            "Hash Buckets": 131072,
                                            "Original Hash Buckets": 131072,
                                            "Hash Batches": 1,
                                            "Original Hash Batches": 1,
                                            "Peak Memory Usage": 5248,
                                            "Workers": [
                                                {
                                                    "Worker Number": 0,
                                                    "Actual Startup Time": 35.838,
                                                    "Actual Total Time": 35.84,
                                                    "Actual Rows": 10973,
                                                    "Actual Loops": 1
                                                },
                                                {
                                                    "Worker Number": 1,
                                                    "Actual Startup Time": 35.964,
                                                    "Actual Total Time": 35.966,
                                                    "Actual Rows": 10518,
                                                    "Actual Loops": 1
                                                },
                                                {
                                                    "Worker Number": 2,
                                                    "Actual Startup Time": 36.699,
                                                    "Actual Total Time": 36.7,
                                                    "Actual Rows": 9462,
                                                    "Actual Loops": 1
                                                },
                                                {
                                                    "Worker Number": 3,
                                                    "Actual Startup Time": 36.84,
                                                    "Actual Total Time": 36.843,
                                                    "Actual Rows": 10090,
                                                    "Actual Loops": 1
                                                },
                                                {
                                                    "Worker Number": 4,
                                                    "Actual Startup Time": 36.743,
                                                    "Actual Total Time": 36.745,
                                                    "Actual Rows": 10199,
                                                    "Actual Loops": 1
                                                },
                                                {
                                                    "Worker Number": 5,
                                                    "Actual Startup Time": 37.591,
                                                    "Actual Total Time": 37.593,
                                                    "Actual Rows": 11458,
                                                    "Actual Loops": 1
                                                }
                                            ],
                                            "Plans": [
                                                {
                                                    "Node Type": "Bitmap Heap Scan",
                                                    "Parent Relationship": "Outer",
                                                    "Parallel Aware": true,
                                                    "Relation Name": "title",
                                                    "Schema": "public",
                                                    "Alias": "t",
                                                    "Startup Cost": 2130.7,
                                                    "Total Cost": 38571.79,
                                                    "Plan Rows": 24092,
                                                    "Plan Width": 4,
                                                    "Actual Startup Time": 1.394,
                                                    "Actual Total Time": 30.858,
                                                    "Actual Rows": 14939,
                                                    "Actual Loops": 7,
                                                    "Output": [
                                                        "t.id"
                                                    ],
                                                    "Recheck Cond": "(t.kind_id = 4)",
                                                    "Rows Removed by Index Recheck": 0,
                                                    "Filter": "(t.production_year < 2011)",
                                                    "Rows Removed by Filter": 1951,
                                                    "Exact Heap Blocks": 5229,
                                                    "Lossy Heap Blocks": 0,
                                                    "Workers": [
                                                        {
                                                            "Worker Number": 0,
                                                            "Actual Startup Time": 0.109,
                                                            "Actual Total Time": 29.629,
                                                            "Actual Rows": 10973,
                                                            "Actual Loops": 1
                                                        },
                                                        {
                                                            "Worker Number": 1,
                                                            "Actual Startup Time": 0.135,
                                                            "Actual Total Time": 29.485,
                                                            "Actual Rows": 10518,
                                                            "Actual Loops": 1
                                                        },
                                                        {
                                                            "Worker Number": 2,
                                                            "Actual Startup Time": 0.104,
                                                            "Actual Total Time": 29.614,
                                                            "Actual Rows": 9462,
                                                            "Actual Loops": 1
                                                        },
                                                        {
                                                            "Worker Number": 3,
                                                            "Actual Startup Time": 0.147,
                                                            "Actual Total Time": 29.582,
                                                            "Actual Rows": 10090,
                                                            "Actual Loops": 1
                                                        },
                                                        {
                                                            "Worker Number": 4,
                                                            "Actual Startup Time": 0.155,
                                                            "Actual Total Time": 29.451,
                                                            "Actual Rows": 10199,
                                                            "Actual Loops": 1
                                                        },
                                                        {
                                                            "Worker Number": 5,
                                                            "Actual Startup Time": 0.142,
                                                            "Actual Total Time": 31.21,
                                                            "Actual Rows": 11458,
                                                            "Actual Loops": 1
                                                        }
                                                    ],
                                                    "Plans": [
                                                        {
                                                            "Node Type": "Bitmap Index Scan",
                                                            "Parent Relationship": "Outer",
                                                            "Parallel Aware": false,
                                                            "Index Name": "kind_id_title",
                                                            "Startup Cost": 0.0,
                                                            "Total Cost": 2106.61,
                                                            "Plan Rows": 118157,
                                                            "Plan Width": 0,
                                                            "Actual Startup Time": 6.562,
                                                            "Actual Total Time": 6.562,
                                                            "Actual Rows": 118234,
                                                            "Actual Loops": 1,
                                                            "Index Cond": "(t.kind_id = 4)"
                                                        }
                                                    ]
                                                }
                                            ]
                                        }
                                    ]
                                }
                            ]
                        }
                    ]
                }
            ]
        },
        "Planning Time": 196.002,
        "Triggers": [],
        "Execution Time": 537.154
    }
]