[
  {
    "Plan": {
      "Node Type": "Aggregate",
      "Strategy": "Plain",
      "Partial Mode": "Finalize",
      "Parallel Aware": false,
      "Startup Cost": 33120.61,
      "Total Cost": 33120.62,
      "Plan Rows": 1,
      "Plan Width": 8,
      "Actual Startup Time": 106.794,
      "Actual Total Time": 113.325,
      "Actual Rows": 1,
      "Actual Loops": 1,
      "Plans": [
        {
          "Node Type": "Gather",
          "Parent Relationship": "Outer",
          "Parallel Aware": false,
          "Startup Cost": 33120.3,
          "Total Cost": 33120.61,
          "Plan Rows": 3,
          "Plan Width": 8,
          "Actual Startup Time": 106.71,
          "Actual Total Time": 113.316,
          "Actual Rows": 4,
          "Actual Loops": 1,
          "Workers Planned": 3,
          "Workers Launched": 3,
          "Single Copy": false,
          "Plans": [
            {
              "Node Type": "Aggregate",
              "Strategy": "Plain",
              "Partial Mode": "Partial",
              "Parent Relationship": "Outer",
              "Parallel Aware": false,
              "Startup Cost": 32120.3,
              "Total Cost": 32120.31,
              "Plan Rows": 1,
              "Plan Width": 8,
              "Actual Startup Time": 98.502,
              "Actual Total Time": 98.503,
              "Actual Rows": 1,
              "Actual Loops": 4,
              "Plans": [
                {
                  "Node Type": "Seq Scan",
                  "Parent Relationship": "Outer",
                  "Parallel Aware": true,
                  "Relation Name": "movie_companies",
                  "Alias": "mc",
                  "Startup Cost": 0.0,
                  "Total Cost": 31414.82,
                  "Plan Rows": 282191,
                  "Plan Width": 0,
                  "Actual Startup Time": 50.335,
                  "Actual Total Time": 87.151,
                  "Actual Rows": 269338,
                  "Actual Loops": 4,
                  "Filter": "((company_id > 2640) AND (company_type_id > 1))",
                  "Rows Removed by Filter": 382944
                }
              ]
            }
          ]
        }
      ]
    },
    "Planning Time": 0.217,
    "Triggers": [],
    "Execution Time": 113.388
  }
]