[
    {
        "Bao": {
            "Bao prediction": "NaN",
            "Bao recommended hint": "(no hint)"
        }
    },
    {
        "Plan": {
            "Node Type": "Aggregate",
            "Strategy": "Plain",
            "Partial Mode": "Finalize",
            "Parallel Aware": false,
            "Startup Cost": 31891.6,
            "Total Cost": 31891.61,
            "Plan Rows": 1,
            "Plan Width": 8,
            "Actual Startup Time": 126.247,
            "Actual Total Time": 131.272,
            "Actual Rows": 1,
            "Actual Loops": 1,
            "Output": [
                "count(*)"
            ],
            "Plans": [
                {
                    "Node Type": "Gather",
                    "Parent Relationship": "Outer",
                    "Parallel Aware": false,
                    "Startup Cost": 31891.28,
                    "Total Cost": 31891.59,
                    "Plan Rows": 3,
                    "Plan Width": 8,
                    "Actual Startup Time": 126.16,
                    "Actual Total Time": 131.262,
                    "Actual Rows": 4,
                    "Actual Loops": 1,
                    "Output": [
                        "(PARTIAL count(*))"
                    ],
                    "Workers Planned": 3,
                    "Workers Launched": 3,
                    "Single Copy": false,
                    "Plans": [
                        {
                            "Node Type": "Aggregate",
                            "Strategy": "Plain",
                            "Partial Mode": "Partial",
                            "Parent Relationship": "Outer",
                            "Parallel Aware": false,
                            "Startup Cost": 30891.28,
                            "Total Cost": 30891.29,
                            "Plan Rows": 1,
                            "Plan Width": 8,
                            "Actual Startup Time": 117.912,
                            "Actual Total Time": 117.913,
                            "Actual Rows": 1,
                            "Actual Loops": 4,
                            "Output": [
                                "PARTIAL count(*)"
                            ],
                            "Workers": [
                                {
                                    "Worker Number": 0,
                                    "Actual Startup Time": 115.279,
                                    "Actual Total Time": 115.28,
                                    "Actual Rows": 1,
                                    "Actual Loops": 1
                                },
                                {
                                    "Worker Number": 1,
                                    "Actual Startup Time": 115.252,
                                    "Actual Total Time": 115.253,
                                    "Actual Rows": 1,
                                    "Actual Loops": 1
                                },
                                {
                                    "Worker Number": 2,
                                    "Actual Startup Time": 115.282,
                                    "Actual Total Time": 115.282,
                                    "Actual Rows": 1,
                                    "Actual Loops": 1
                                }
                            ],
                            "Plans": [
                                {
                                    "Node Type": "Seq Scan",
                                    "Parent Relationship": "Outer",
                                    "Parallel Aware": true,
                                    "Relation Name": "movie_companies",
                                    "Schema": "public",
                                    "Alias": "mc",
                                    "Startup Cost": 0.0,
                                    "Total Cost": 29310.68,
                                    "Plan Rows": 632241,
                                    "Plan Width": 0,
                                    "Actual Startup Time": 0.273,
                                    "Actual Total Time": 90.002,
                                    "Actual Rows": 490176,
                                    "Actual Loops": 4,
                                    "Output": [
                                        "id",
                                        "movie_id",
                                        "company_id",
                                        "company_type_id",
                                        "note"
                                    ],
                                    "Filter": "(mc.company_id > 868)",
                                    "Rows Removed by Filter": 162107,
                                    "Workers": [
                                        {
                                            "Worker Number": 0,
                                            "Actual Startup Time": 0.053,
                                            "Actual Total Time": 88.738,
                                            "Actual Rows": 374345,
                                            "Actual Loops": 1
                                        },
                                        {
                                            "Worker Number": 1,
                                            "Actual Startup Time": 0.192,
                                            "Actual Total Time": 88.83,
                                            "Actual Rows": 564601,
                                            "Actual Loops": 1
                                        },
                                        {
                                            "Worker Number": 2,
                                            "Actual Startup Time": 0.062,
                                            "Actual Total Time": 88.821,
                                            "Actual Rows": 565366,
                                            "Actual Loops": 1
                                        }
                                    ]
                                }
                            ]
                        }
                    ]
                }
            ]
        },
        "Planning Time": 293.542,
        "Triggers": [],
        "Execution Time": 131.334
    }
]