{
  "Plan": {
    "Node Type": "Aggregate",
    "Strategy": "Plain",
    "Partial Mode": "Finalize",
    "Parallel Aware": false,
    "Startup Cost": 663100.73,
    "Total Cost": 663100.74,
    "Plan Rows": 1,
    "Plan Width": 8,
    "Actual Startup Time": 3574.776,
    "Actual Total Time": 3624.665,
    "Actual Rows": 1,
    "Actual Loops": 1,
    "Plans": [
      {
        "Node Type": "Gather",
        "Parent Relationship": "Outer",
        "Parallel Aware": false,
        "Startup Cost": 663100.62,
        "Total Cost": 663100.73,
        "Plan Rows": 1,
        "Plan Width": 8,
        "Actual Startup Time": 3573.837,
        "Actual Total Time": 3624.655,
        "Actual Rows": 2,
        "Actual Loops": 1,
        "Workers Planned": 1,
        "Workers Launched": 1,
        "Single Copy": false,
        "Plans": [
          {
            "Node Type": "Aggregate",
            "Strategy": "Plain",
            "Partial Mode": "Partial",
            "Parent Relationship": "Outer",
            "Parallel Aware": false,
            "Startup Cost": 662100.62,
            "Total Cost": 662100.63,
            "Plan Rows": 1,
            "Plan Width": 8,
            "Actual Startup Time": 3567.762,
            "Actual Total Time": 3567.769,
            "Actual Rows": 1,
            "Actual Loops": 2,
            "Plans": [
              {
                "Node Type": "Hash Join",
                "Parent Relationship": "Outer",
                "Parallel Aware": true,
                "Join Type": "Inner",
                "Startup Cost": 54668.73,
                "Total Cost": 660451.25,
                "Plan Rows": 659746,
                "Plan Width": 0,
                "Actual Startup Time": 691.414,
                "Actual Total Time": 3530.404,
                "Actual Rows": 855730,
                "Actual Loops": 2,
                "Inner Unique": true,
                "Hash Cond": "(ci.movie_id = t.id)",
                "Plans": [
                  {
                    "Node Type": "Seq Scan",
                    "Parent Relationship": "Outer",
                    "Parallel Aware": true,
                    "Relation Name": "cast_info",
                    "Alias": "ci",
                    "Startup Cost": 0.0,
                    "Total Cost": 572345.93,
                    "Plan Rows": 12737726,
                    "Plan Width": 4,
                    "Actual Startup Time": 536.54,
                    "Actual Total Time": 1875.26,
                    "Actual Rows": 11327030,
                    "Actual Loops": 2,
                    "Filter": "((person_id > 316869) AND (role_id > 1))",
                    "Rows Removed by Filter": 6795142
                  },
                  {
                    "Node Type": "Hash",
                    "Parent Relationship": "Inner",
                    "Parallel Aware": true,
                    "Startup Cost": 53705.85,
                    "Total Cost": 53705.85,
                    "Plan Rows": 77031,
                    "Plan Width": 4,
                    "Actual Startup Time": 152.439,
                    "Actual Total Time": 152.44,
                    "Actual Rows": 134868,
                    "Actual Loops": 2,
                    "Hash Buckets": 524288,
                    "Original Hash Buckets": 131072,
                    "Hash Batches": 1,
                    "Original Hash Batches": 1,
                    "Peak Memory Usage": 17760,
                    "Plans": [
                      {
                        "Node Type": "Bitmap Heap Scan",
                        "Parent Relationship": "Outer",
                        "Parallel Aware": true,
                        "Relation Name": "title",
                        "Alias": "t",
                        "Startup Cost": 11855.59,
                        "Total Cost": 53705.85,
                        "Plan Rows": 77031,
                        "Plan Width": 4,
                        "Actual Startup Time": 37.166,
                        "Actual Total Time": 105.288,
                        "Actual Rows": 134868,
                        "Actual Loops": 2,
                        "Recheck Cond": "(kind_id = 1)",
                        "Rows Removed by Index Recheck": 0,
                        "Filter": "(production_year < 1980)",
                        "Rows Removed by Filter": 196544,
                        "Exact Heap Blocks": 8043,
                        "Lossy Heap Blocks": 0,
                        "Plans": [
                          {
                            "Node Type": "Bitmap Index Scan",
                            "Parent Relationship": "Outer",
                            "Parallel Aware": false,
                            "Index Name": "kind_id_title",
                            "Startup Cost": 0.0,
                            "Total Cost": 11822.85,
                            "Plan Rows": 663256,
                            "Plan Width": 0,
                            "Actual Startup Time": 38.705,
                            "Actual Total Time": 38.706,
                            "Actual Rows": 662825,
                            "Actual Loops": 1,
                            "Index Cond": "(kind_id = 1)"
                          }
                        ]
                      }
                    ]
                  }
                ]
              }
            ]
          }
        ]
      }
    ]
  },
  "Planning Time": 0.511,
  "Triggers": [],
  "Execution Time": 3624.799
}