[
  {
    "Plan": {
      "Node Type": "Aggregate",
      "Strategy": "Plain",
      "Partial Mode": "Finalize",
      "Parallel Aware": false,
      "Startup Cost": 83515.31,
      "Total Cost": 83515.32,
      "Plan Rows": 1,
      "Plan Width": 8,
      "Actual Startup Time": 446.39,
      "Actual Total Time": 462.225,
      "Actual Rows": 1,
      "Actual Loops": 1,
      "Plans": [
        {
          "Node Type": "Gather",
          "Parent Relationship": "Outer",
          "Parallel Aware": false,
          "Startup Cost": 83514.89,
          "Total Cost": 83515.3,
          "Plan Rows": 4,
          "Plan Width": 8,
          "Actual Startup Time": 440.111,
          "Actual Total Time": 462.216,
          "Actual Rows": 5,
          "Actual Loops": 1,
          "Workers Planned": 4,
          "Workers Launched": 4,
          "Single Copy": false,
          "Plans": [
            {
              "Node Type": "Aggregate",
              "Strategy": "Plain",
              "Partial Mode": "Partial",
              "Parent Relationship": "Outer",
              "Parallel Aware": false,
              "Startup Cost": 82514.89,
              "Total Cost": 82514.9,
              "Plan Rows": 1,
              "Plan Width": 8,
              "Actual Startup Time": 430.935,
              "Actual Total Time": 431.125,
              "Actual Rows": 1,
              "Actual Loops": 5,
              "Plans": [
                {
                  "Node Type": "Hash Join",
                  "Parent Relationship": "Outer",
                  "Parallel Aware": true,
                  "Join Type": "Inner",
                  "Startup Cost": 35563.14,
                  "Total Cost": 81871.9,
                  "Plan Rows": 257196,
                  "Plan Width": 0,
                  "Actual Startup Time": 184.027,
                  "Actual Total Time": 421.036,
                  "Actual Rows": 235304,
                  "Actual Loops": 5,
                  "Inner Unique": false,
                  "Hash Cond": "(t.id = mc.movie_id)",
                  "Plans": [
                    {
                      "Node Type": "Seq Scan",
                      "Parent Relationship": "Outer",
                      "Parallel Aware": true,
                      "Relation Name": "title",
                      "Alias": "t",
                      "Startup Cost": 0.0,
                      "Total Cost": 42318.73,
                      "Plan Rows": 632073,
                      "Plan Width": 4,
                      "Actual Startup Time": 0.02,
                      "Actual Total Time": 64.685,
                      "Actual Rows": 505662,
                      "Actual Loops": 5
                    },
                    {
                      "Node Type": "Hash",
                      "Parent Relationship": "Inner",
                      "Parallel Aware": true,
                      "Startup Cost": 31414.82,
                      "Total Cost": 31414.82,
                      "Plan Rows": 331866,
                      "Plan Width": 4,
                      "Actual Startup Time": 179.76,
                      "Actual Total Time": 179.761,
                      "Actual Rows": 235304,
                      "Actual Loops": 5,
                      "Hash Buckets": 2097152,
                      "Original Hash Buckets": 1048576,
                      "Hash Batches": 1,
                      "Original Hash Batches": 1,
                      "Peak Memory Usage": 70688,
                      "Plans": [
                        {
                          "Node Type": "Seq Scan",
                          "Parent Relationship": "Outer",
                          "Parallel Aware": true,
                          "Relation Name": "movie_companies",
                          "Alias": "mc",
                          "Startup Cost": 0.0,
                          "Total Cost": 31414.82,
                          "Plan Rows": 331866,
                          "Plan Width": 4,
                          "Actual Startup Time": 46.018,
                          "Actual Total Time": 80.865,
                          "Actual Rows": 235304,
                          "Actual Loops": 5,
                          "Filter": "((company_id > 633) AND (company_type_id = 2))",
                          "Rows Removed by Filter": 286522
                        }
                      ]
                    }
                  ]
                }
              ]
            }
          ]
        }
      ]
    },
    "Planning Time": 0.632,
    "Triggers": [],
    "Execution Time": 462.293
  }
]