[
  {
    "Plan": {
      "Node Type": "Aggregate",
      "Strategy": "Plain",
      "Partial Mode": "Finalize",
      "Parallel Aware": false,
      "Startup Cost": 89543.46,
      "Total Cost": 89543.47,
      "Plan Rows": 1,
      "Plan Width": 8,
      "Actual Startup Time": 280.303,
      "Actual Total Time": 295.854,
      "Actual Rows": 1,
      "Actual Loops": 1,
      "Plans": [
        {
          "Node Type": "Gather",
          "Parent Relationship": "Outer",
          "Parallel Aware": false,
          "Startup Cost": 89543.14,
          "Total Cost": 89543.45,
          "Plan Rows": 3,
          "Plan Width": 8,
          "Actual Startup Time": 280.014,
          "Actual Total Time": 295.84,
          "Actual Rows": 4,
          "Actual Loops": 1,
          "Workers Planned": 3,
          "Workers Launched": 3,
          "Single Copy": false,
          "Plans": [
            {
              "Node Type": "Aggregate",
              "Strategy": "Plain",
              "Partial Mode": "Partial",
              "Parent Relationship": "Outer",
              "Parallel Aware": false,
              "Startup Cost": 88543.14,
              "Total Cost": 88543.15,
              "Plan Rows": 1,
              "Plan Width": 8,
              "Actual Startup Time": 275.169,
              "Actual Total Time": 275.174,
              "Actual Rows": 1,
              "Actual Loops": 4,
              "Plans": [
                {
                  "Node Type": "Hash Join",
                  "Parent Relationship": "Outer",
                  "Parallel Aware": true,
                  "Join Type": "Inner",
                  "Startup Cost": 45606.47,
                  "Total Cost": 88484.55,
                  "Plan Rows": 23435,
                  "Plan Width": 0,
                  "Actual Startup Time": 95.853,
                  "Actual Total Time": 274.523,
                  "Actual Rows": 12602,
                  "Actual Loops": 4,
                  "Inner Unique": true,
                  "Hash Cond": "(mk.movie_id = t.id)",
                  "Plans": [
                    {
                      "Node Type": "Seq Scan",
                      "Parent Relationship": "Outer",
                      "Parallel Aware": true,
                      "Relation Name": "movie_keyword",
                      "Alias": "mk",
                      "Startup Cost": 0.0,
                      "Total Cost": 39047.32,
                      "Plan Rows": 1459332,
                      "Plan Width": 4,
                      "Actual Startup Time": 0.031,
                      "Actual Total Time": 91.876,
                      "Actual Rows": 1130982,
                      "Actual Loops": 4
                    },
                    {
                      "Node Type": "Hash",
                      "Parent Relationship": "Inner",
                      "Parallel Aware": true,
                      "Startup Cost": 45479.59,
                      "Total Cost": 45479.59,
                      "Plan Rows": 10151,
                      "Plan Width": 4,
                      "Actual Startup Time": 95.117,
                      "Actual Total Time": 95.118,
                      "Actual Rows": 11228,
                      "Actual Loops": 4,
                      "Hash Buckets": 65536,
                      "Original Hash Buckets": 65536,
                      "Hash Batches": 1,
                      "Original Hash Batches": 1,
                      "Peak Memory Usage": 2336,
                      "Plans": [
                        {
                          "Node Type": "Seq Scan",
                          "Parent Relationship": "Outer",
                          "Parallel Aware": true,
                          "Relation Name": "title",
                          "Alias": "t",
                          "Startup Cost": 0.0,
                          "Total Cost": 45479.59,
                          "Plan Rows": 10151,
                          "Plan Width": 4,
                          "Actual Startup Time": 0.031,
                          "Actual Total Time": 90.004,
                          "Actual Rows": 11228,
                          "Actual Loops": 4,
                          "Filter": "((kind_id > 1) AND (production_year = 2000))",
                          "Rows Removed by Filter": 620850
                        }
                      ]
                    }
                  ]
                }
              ]
            }
          ]
        }
      ]
    },
    "Planning Time": 0.212,
    "Triggers": [],
    "Execution Time": 295.897
  }
]