[
  {
    "Plan": {
      "Node Type": "Aggregate",
      "Strategy": "Plain",
      "Partial Mode": "Finalize",
      "Parallel Aware": false,
      "Startup Cost": 31333.79,
      "Total Cost": 31333.8,
      "Plan Rows": 1,
      "Plan Width": 8,
      "Actual Startup Time": 108.362,
      "Actual Total Time": 115.93,
      "Actual Rows": 1,
      "Actual Loops": 1,
      "Plans": [
        {
          "Node Type": "Gather",
          "Parent Relationship": "Outer",
          "Parallel Aware": false,
          "Startup Cost": 31333.47,
          "Total Cost": 31333.78,
          "Plan Rows": 3,
          "Plan Width": 8,
          "Actual Startup Time": 108.251,
          "Actual Total Time": 115.922,
          "Actual Rows": 4,
          "Actual Loops": 1,
          "Workers Planned": 3,
          "Workers Launched": 3,
          "Single Copy": false,
          "Plans": [
            {
              "Node Type": "Aggregate",
              "Strategy": "Plain",
              "Partial Mode": "Partial",
              "Parent Relationship": "Outer",
              "Parallel Aware": false,
              "Startup Cost": 30333.47,
              "Total Cost": 30333.48,
              "Plan Rows": 1,
              "Plan Width": 8,
              "Actual Startup Time": 99.636,
              "Actual Total Time": 99.637,
              "Actual Rows": 1,
              "Actual Loops": 4,
              "Plans": [
                {
                  "Node Type": "Seq Scan",
                  "Parent Relationship": "Outer",
                  "Parallel Aware": true,
                  "Relation Name": "movie_companies",
                  "Alias": "mc",
                  "Startup Cost": 0.0,
                  "Total Cost": 29310.68,
                  "Plan Rows": 409115,
                  "Plan Width": 0,
                  "Actual Startup Time": 0.036,
                  "Actual Total Time": 81.338,
                  "Actual Rows": 320068,
                  "Actual Loops": 4,
                  "Filter": "(company_id < 11219)",
                  "Rows Removed by Filter": 332214
                }
              ]
            }
          ]
        }
      ]
    },
    "Planning Time": 0.103,
    "Triggers": [],
    "Execution Time": 115.964
  }
]