{
    "Plan": {
        "Node Type": "Aggregate",
        "Strategy": "Plain",
        "Partial Mode": "Finalize",
        "Parallel Aware": false,
        "Startup Cost": 250634.27,
        "Total Cost": 250634.28,
        "Plan Rows": 1,
        "Plan Width": 8,
        "Actual Startup Time": 656.591,
        "Actual Total Time": 697.948,
        "Actual Rows": 1,
        "Actual Loops": 1,
        "Output": [
            "count(*)"
        ],
        "Plans": [
            {
                "Node Type": "Gather",
                "Parent Relationship": "Outer",
                "Parallel Aware": false,
                "Startup Cost": 250633.75,
                "Total Cost": 250634.26,
                "Plan Rows": 5,
                "Plan Width": 8,
                "Actual Startup Time": 649.02,
                "Actual Total Time": 697.936,
                "Actual Rows": 6,
                "Actual Loops": 1,
                "Output": [
                    "(PARTIAL count(*))"
                ],
                "Workers Planned": 5,
                "Workers Launched": 5,
                "Single Copy": false,
                "Plans": [
                    {
                        "Node Type": "Aggregate",
                        "Strategy": "Plain",
                        "Partial Mode": "Partial",
                        "Parent Relationship": "Outer",
                        "Parallel Aware": false,
                        "Startup Cost": 249633.75,
                        "Total Cost": 249633.76,
                        "Plan Rows": 1,
                        "Plan Width": 8,
                        "Actual Startup Time": 634.734,
                        "Actual Total Time": 634.737,
                        "Actual Rows": 1,
                        "Actual Loops": 6,
                        "Output": [
                            "PARTIAL count(*)"
                        ],
                        "Workers": [
                            {
                                "Worker Number": 0,
                                "Actual Startup Time": 632.838,
                                "Actual Total Time": 632.841,
                                "Actual Rows": 1,
                                "Actual Loops": 1
                            },
                            {
                                "Worker Number": 1,
                                "Actual Startup Time": 632.445,
                                "Actual Total Time": 632.449,
                                "Actual Rows": 1,
                                "Actual Loops": 1
                            },
                            {
                                "Worker Number": 2,
                                "Actual Startup Time": 631.573,
                                "Actual Total Time": 631.576,
                                "Actual Rows": 1,
                                "Actual Loops": 1
                            },
                            {
                                "Worker Number": 3,
                                "Actual Startup Time": 631.628,
                                "Actual Total Time": 631.631,
                                "Actual Rows": 1,
                                "Actual Loops": 1
                            },
                            {
                                "Worker Number": 4,
                                "Actual Startup Time": 631.786,
                                "Actual Total Time": 631.789,
                                "Actual Rows": 1,
                                "Actual Loops": 1
                            }
                        ],
                        "Plans": [
                            {
                                "Node Type": "Hash Join",
                                "Parent Relationship": "Outer",
                                "Parallel Aware": true,
                                "Join Type": "Inner",
                                "Startup Cost": 49797.81,
                                "Total Cost": 249306.74,
                                "Plan Rows": 130805,
                                "Plan Width": 0,
                                "Actual Startup Time": 440.862,
                                "Actual Total Time": 632.343,
                                "Actual Rows": 37014,
                                "Actual Loops": 6,
                                "Inner Unique": true,
                                "Hash Cond": "(mi.movie_id = t.id)",
                                "Workers": [
                                    {
                                        "Worker Number": 0,
                                        "Actual Startup Time": 438.079,
                                        "Actual Total Time": 630.367,
                                        "Actual Rows": 31230,
                                        "Actual Loops": 1
                                    },
                                    {
                                        "Worker Number": 1,
                                        "Actual Startup Time": 439.151,
                                        "Actual Total Time": 629.99,
                                        "Actual Rows": 30657,
                                        "Actual Loops": 1
                                    },
                                    {
                                        "Worker Number": 2,
                                        "Actual Startup Time": 438.24,
                                        "Actual Total Time": 629.122,
                                        "Actual Rows": 30655,
                                        "Actual Loops": 1
                                    },
                                    {
                                        "Worker Number": 3,
                                        "Actual Startup Time": 436.735,
                                        "Actual Total Time": 629.706,
                                        "Actual Rows": 40057,
                                        "Actual Loops": 1
                                    },
                                    {
                                        "Worker Number": 4,
                                        "Actual Startup Time": 438.515,
                                        "Actual Total Time": 629.312,
                                        "Actual Rows": 30809,
                                        "Actual Loops": 1
                                    }
                                ],
                                "Plans": [
                                    {
                                        "Node Type": "Seq Scan",
                                        "Parent Relationship": "Outer",
                                        "Parallel Aware": true,
                                        "Relation Name": "movie_info",
                                        "Schema": "public",
                                        "Alias": "mi",
                                        "Startup Cost": 0.0,
                                        "Total Cost": 198880.74,
                                        "Plan Rows": 239311,
                                        "Plan Width": 4,
                                        "Actual Startup Time": 198.17,
                                        "Actual Total Time": 344.243,
                                        "Actual Rows": 200785,
                                        "Actual Loops": 6,
                                        "Output": [
                                            "mi.id",
                                            "mi.movie_id",
                                            "mi.info_type_id",
                                            "mi.info",
                                            "mi.note"
                                        ],
                                        "Filter": "(mi.info_type_id > 18)",
                                        "Rows Removed by Filter": 2271835,
                                        "Workers": [
                                            {
                                                "Worker Number": 0,
                                                "Actual Startup Time": 198.166,
                                                "Actual Total Time": 348.305,
                                                "Actual Rows": 167019,
                                                "Actual Loops": 1
                                            },
                                            {
                                                "Worker Number": 1,
                                                "Actual Startup Time": 198.173,
                                                "Actual Total Time": 348.972,
                                                "Actual Rows": 168499,
                                                "Actual Loops": 1
                                            },
                                            {
                                                "Worker Number": 2,
                                                "Actual Startup Time": 198.195,
                                                "Actual Total Time": 346.111,
                                                "Actual Rows": 164803,
                                                "Actual Loops": 1
                                            },
                                            {
                                                "Worker Number": 3,
                                                "Actual Startup Time": 198.164,
                                                "Actual Total Time": 343.425,
                                                "Actual Rows": 224659,
                                                "Actual Loops": 1
                                            },
                                            {
                                                "Worker Number": 4,
                                                "Actual Startup Time": 198.156,
                                                "Actual Total Time": 348.54,
                                                "Actual Rows": 170808,
                                                "Actual Loops": 1
                                            }
                                        ]
                                    },
                                    {
                                        "Node Type": "Hash",
                                        "Parent Relationship": "Inner",
                                        "Parallel Aware": true,
                                        "Startup Cost": 45479.21,
                                        "Total Cost": 45479.21,
                                        "Plan Rows": 345488,
                                        "Plan Width": 4,
                                        "Actual Startup Time": 225.422,
                                        "Actual Total Time": 225.423,
                                        "Actual Rows": 253099,
                                        "Actual Loops": 6,
                                        "Output": [
                                            "t.id"
                                        ],
                                        "Hash Buckets": 2097152,
                                        "Original Hash Buckets": 2097152,
                                        "Hash Batches": 1,
                                        "Original Hash Batches": 1,
                                        "Peak Memory Usage": 75904,
                                        "Workers": [
                                            {
                                                "Worker Number": 0,
                                                "Actual Startup Time": 227.278,
                                                "Actual Total Time": 227.279,
                                                "Actual Rows": 212210,
                                                "Actual Loops": 1
                                            },
                                            {
                                                "Worker Number": 1,
                                                "Actual Startup Time": 228.449,
                                                "Actual Total Time": 228.45,
                                                "Actual Rows": 220384,
                                                "Actual Loops": 1
                                            },
                                            {
                                                "Worker Number": 2,
                                                "Actual Startup Time": 227.342,
                                                "Actual Total Time": 227.343,
                                                "Actual Rows": 212439,
                                                "Actual Loops": 1
                                            },
                                            {
                                                "Worker Number": 3,
                                                "Actual Startup Time": 227.449,
                                                "Actual Total Time": 227.45,
                                                "Actual Rows": 261679,
                                                "Actual Loops": 1
                                            },
                                            {
                                                "Worker Number": 4,
                                                "Actual Startup Time": 227.572,
                                                "Actual Total Time": 227.573,
                                                "Actual Rows": 215146,
                                                "Actual Loops": 1
                                            }
                                        ],
                                        "Plans": [
                                            {
                                                "Node Type": "Seq Scan",
                                                "Parent Relationship": "Outer",
                                                "Parallel Aware": true,
                                                "Relation Name": "title",
                                                "Schema": "public",
                                                "Alias": "t",
                                                "Startup Cost": 0.0,
                                                "Total Cost": 45479.21,
                                                "Plan Rows": 345488,
                                                "Plan Width": 4,
                                                "Actual Startup Time": 0.058,
                                                "Actual Total Time": 96.45,
                                                "Actual Rows": 253099,
                                                "Actual Loops": 6,
                                                "Output": [
                                                    "t.id"
                                                ],
                                                "Filter": "((t.kind_id > 1) AND (t.production_year > 1983))",
                                                "Rows Removed by Filter": 168287,
                                                "Workers": [
                                                    {
                                                        "Worker Number": 0,
                                                        "Actual Startup Time": 0.072,
                                                        "Actual Total Time": 100.129,
                                                        "Actual Rows": 212210,
                                                        "Actual Loops": 1
                                                    },
                                                    {
                                                        "Worker Number": 1,
                                                        "Actual Startup Time": 0.048,
                                                        "Actual Total Time": 100.485,
                                                        "Actual Rows": 220384,
                                                        "Actual Loops": 1
                                                    },
                                                    {
                                                        "Worker Number": 2,
                                                        "Actual Startup Time": 0.076,
                                                        "Actual Total Time": 100.159,
                                                        "Actual Rows": 212439,
                                                        "Actual Loops": 1
                                                    },
                                                    {
                                                        "Worker Number": 3,
                                                        "Actual Startup Time": 0.072,
                                                        "Actual Total Time": 93.201,
                                                        "Actual Rows": 261679,
                                                        "Actual Loops": 1
                                                    },
                                                    {
                                                        "Worker Number": 4,
                                                        "Actual Startup Time": 0.064,
                                                        "Actual Total Time": 100.675,
                                                        "Actual Rows": 215146,
                                                        "Actual Loops": 1
                                                    }
                                                ]
                                            }
                                        ]
                                    }
                                ]
                            }
                        ]
                    }
                ]
            }
        ]
    },
    "Planning Time": 0.77,
    "Triggers": [],
    "Execution Time": 698.032
}