{
  "Plan": {
    "Node Type": "Aggregate",
    "Strategy": "Plain",
    "Partial Mode": "Finalize",
    "Parallel Aware": false,
    "Startup Cost": 109539.85,
    "Total Cost": 109539.86,
    "Plan Rows": 1,
    "Plan Width": 8,
    "Actual Startup Time": 676.403,
    "Actual Total Time": 688.713,
    "Actual Rows": 1,
    "Actual Loops": 1,
    "Plans": [
      {
        "Node Type": "Gather",
        "Parent Relationship": "Outer",
        "Parallel Aware": false,
        "Startup Cost": 109539.74,
        "Total Cost": 109539.85,
        "Plan Rows": 1,
        "Plan Width": 8,
        "Actual Startup Time": 674.593,
        "Actual Total Time": 688.705,
        "Actual Rows": 2,
        "Actual Loops": 1,
        "Workers Planned": 1,
        "Workers Launched": 1,
        "Single Copy": false,
        "Plans": [
          {
            "Node Type": "Aggregate",
            "Strategy": "Plain",
            "Partial Mode": "Partial",
            "Parent Relationship": "Outer",
            "Parallel Aware": false,
            "Startup Cost": 108539.74,
            "Total Cost": 108539.75,
            "Plan Rows": 1,
            "Plan Width": 8,
            "Actual Startup Time": 669.196,
            "Actual Total Time": 669.2,
            "Actual Rows": 1,
            "Actual Loops": 2,
            "Plans": [
              {
                "Node Type": "Hash Join",
                "Parent Relationship": "Outer",
                "Parallel Aware": true,
                "Join Type": "Inner",
                "Startup Cost": 45739.99,
                "Total Cost": 107754.08,
                "Plan Rows": 314261,
                "Plan Width": 0,
                "Actual Startup Time": 222.758,
                "Actual Total Time": 651.82,
                "Actual Rows": 419344,
                "Actual Loops": 2,
                "Inner Unique": false,
                "Hash Cond": "(t.id = mc.movie_id)",
                "Plans": [
                  {
                    "Node Type": "Seq Scan",
                    "Parent Relationship": "Outer",
                    "Parallel Aware": true,
                    "Relation Name": "title",
                    "Alias": "t",
                    "Startup Cost": 0.0,
                    "Total Cost": 50870.31,
                    "Plan Rows": 1487231,
                    "Plan Width": 4,
                    "Actual Startup Time": 0.008,
                    "Actual Total Time": 115.399,
                    "Actual Rows": 1264156,
                    "Actual Loops": 2
                  },
                  {
                    "Node Type": "Hash",
                    "Parent Relationship": "Inner",
                    "Parallel Aware": true,
                    "Startup Cost": 41811.73,
                    "Total Cost": 41811.73,
                    "Plan Rows": 314261,
                    "Plan Width": 4,
                    "Actual Startup Time": 216.097,
                    "Actual Total Time": 216.098,
                    "Actual Rows": 419344,
                    "Actual Loops": 2,
                    "Hash Buckets": 1048576,
                    "Original Hash Buckets": 1048576,
                    "Hash Batches": 1,
                    "Original Hash Batches": 1,
                    "Peak Memory Usage": 41024,
                    "Plans": [
                      {
                        "Node Type": "Seq Scan",
                        "Parent Relationship": "Outer",
                        "Parallel Aware": true,
                        "Relation Name": "movie_companies",
                        "Alias": "mc",
                        "Startup Cost": 0.0,
                        "Total Cost": 41811.73,
                        "Plan Rows": 314261,
                        "Plan Width": 4,
                        "Actual Startup Time": 63.918,
                        "Actual Total Time": 134.194,
                        "Actual Rows": 419344,
                        "Actual Loops": 2,
                        "Filter": "((company_id > 14693) AND (company_type_id > 1))",
                        "Rows Removed by Filter": 885221
                      }
                    ]
                  }
                ]
              }
            ]
          }
        ]
      }
    ]
  },
  "Planning Time": 0.433,
  "Triggers": [],
  "Execution Time": 688.76
}