{
  "Plan": {
    "Node Type": "Aggregate",
    "Strategy": "Plain",
    "Partial Mode": "Finalize",
    "Parallel Aware": false,
    "Startup Cost": 327640.03,
    "Total Cost": 327640.04,
    "Plan Rows": 1,
    "Plan Width": 8,
    "Actual Startup Time": 1601.957,
    "Actual Total Time": 1660.068,
    "Actual Rows": 1,
    "Actual Loops": 1,
    "Plans": [
      {
        "Node Type": "Gather",
        "Parent Relationship": "Outer",
        "Parallel Aware": false,
        "Startup Cost": 327639.92,
        "Total Cost": 327640.03,
        "Plan Rows": 1,
        "Plan Width": 8,
        "Actual Startup Time": 1601.669,
        "Actual Total Time": 1660.058,
        "Actual Rows": 2,
        "Actual Loops": 1,
        "Workers Planned": 1,
        "Workers Launched": 1,
        "Single Copy": false,
        "Plans": [
          {
            "Node Type": "Aggregate",
            "Strategy": "Plain",
            "Partial Mode": "Partial",
            "Parent Relationship": "Outer",
            "Parallel Aware": false,
            "Startup Cost": 326639.92,
            "Total Cost": 326639.93,
            "Plan Rows": 1,
            "Plan Width": 8,
            "Actual Startup Time": 1596.172,
            "Actual Total Time": 1596.176,
            "Actual Rows": 1,
            "Actual Loops": 2,
            "Plans": [
              {
                "Node Type": "Hash Join",
                "Parent Relationship": "Outer",
                "Parallel Aware": true,
                "Join Type": "Inner",
                "Startup Cost": 54711.94,
                "Total Cost": 326495.43,
                "Plan Rows": 57795,
                "Plan Width": 0,
                "Actual Startup Time": 170.64,
                "Actual Total Time": 1591.356,
                "Actual Rows": 86884,
                "Actual Loops": 2,
                "Inner Unique": true,
                "Hash Cond": "(mi.movie_id = t.id)",
                "Plans": [
                  {
                    "Node Type": "Seq Scan",
                    "Parent Relationship": "Outer",
                    "Parallel Aware": true,
                    "Relation Name": "movie_info",
                    "Alias": "mi",
                    "Startup Cost": 0.0,
                    "Total Cost": 248955.74,
                    "Plan Rows": 8696274,
                    "Plan Width": 4,
                    "Actual Startup Time": 0.011,
                    "Actual Total Time": 723.435,
                    "Actual Rows": 7417860,
                    "Actual Loops": 2
                  },
                  {
                    "Node Type": "Hash",
                    "Parent Relationship": "Inner",
                    "Parallel Aware": true,
                    "Startup Cost": 54588.39,
                    "Total Cost": 54588.39,
                    "Plan Rows": 9884,
                    "Plan Width": 4,
                    "Actual Startup Time": 149.667,
                    "Actual Total Time": 149.668,
                    "Actual Rows": 9190,
                    "Actual Loops": 2,
                    "Hash Buckets": 32768,
                    "Original Hash Buckets": 32768,
                    "Hash Batches": 1,
                    "Original Hash Batches": 1,
                    "Peak Memory Usage": 992,
                    "Plans": [
                      {
                        "Node Type": "Seq Scan",
                        "Parent Relationship": "Outer",
                        "Parallel Aware": true,
                        "Relation Name": "title",
                        "Alias": "t",
                        "Startup Cost": 0.0,
                        "Total Cost": 54588.39,
                        "Plan Rows": 9884,
                        "Plan Width": 4,
                        "Actual Startup Time": 78.628,
                        "Actual Total Time": 146.76,
                        "Actual Rows": 9190,
                        "Actual Loops": 2,
                        "Filter": "(production_year < 1908)",
                        "Rows Removed by Filter": 1254966
                      }
                    ]
                  }
                ]
              }
            ]
          }
        ]
      }
    ]
  },
  "Planning Time": 0.409,
  "Triggers": [],
  "Execution Time": 1660.152
}