[
  {
    "Plan": {
      "Node Type": "Aggregate",
      "Strategy": "Plain",
      "Partial Mode": "Finalize",
      "Parallel Aware": false,
      "Startup Cost": 45718.89,
      "Total Cost": 45718.9,
      "Plan Rows": 1,
      "Plan Width": 8,
      "Actual Startup Time": 149.254,
      "Actual Total Time": 158.877,
      "Actual Rows": 1,
      "Actual Loops": 1,
      "Plans": [
        {
          "Node Type": "Gather",
          "Parent Relationship": "Outer",
          "Parallel Aware": false,
          "Startup Cost": 45718.57,
          "Total Cost": 45718.88,
          "Plan Rows": 3,
          "Plan Width": 8,
          "Actual Startup Time": 149.125,
          "Actual Total Time": 158.869,
          "Actual Rows": 4,
          "Actual Loops": 1,
          "Workers Planned": 3,
          "Workers Launched": 3,
          "Single Copy": false,
          "Plans": [
            {
              "Node Type": "Aggregate",
              "Strategy": "Plain",
              "Partial Mode": "Partial",
              "Parent Relationship": "Outer",
              "Parallel Aware": false,
              "Startup Cost": 44718.57,
              "Total Cost": 44718.58,
              "Plan Rows": 1,
              "Plan Width": 8,
              "Actual Startup Time": 145.302,
              "Actual Total Time": 145.304,
              "Actual Rows": 1,
              "Actual Loops": 4,
              "Plans": [
                {
                  "Node Type": "Seq Scan",
                  "Parent Relationship": "Outer",
                  "Parallel Aware": true,
                  "Relation Name": "movie_keyword",
                  "Alias": "mk",
                  "Startup Cost": 0.0,
                  "Total Cost": 42695.65,
                  "Plan Rows": 809167,
                  "Plan Width": 0,
                  "Actual Startup Time": 0.032,
                  "Actual Total Time": 116.104,
                  "Actual Rows": 630370,
                  "Actual Loops": 4,
                  "Filter": "(keyword_id < 6249)",
                  "Rows Removed by Filter": 500612
                }
              ]
            }
          ]
        }
      ]
    },
    "Planning Time": 0.125,
    "Triggers": [],
    "Execution Time": 158.916
  }
]