[
    {
        "Bao": {
            "Bao prediction": "NaN",
            "Bao recommended hint": "(no hint)"
        }
    },
    {
        "Plan": {
            "Node Type": "Aggregate",
            "Strategy": "Plain",
            "Partial Mode": "Finalize",
            "Parallel Aware": false,
            "Startup Cost": 428812.67,
            "Total Cost": 428812.68,
            "Plan Rows": 1,
            "Plan Width": 8,
            "Actual Startup Time": 1753.869,
            "Actual Total Time": 1785.084,
            "Actual Rows": 1,
            "Actual Loops": 1,
            "Output": [
                "count(*)"
            ],
            "Plans": [
                {
                    "Node Type": "Gather",
                    "Parent Relationship": "Outer",
                    "Parallel Aware": false,
                    "Startup Cost": 428812.05,
                    "Total Cost": 428812.66,
                    "Plan Rows": 6,
                    "Plan Width": 8,
                    "Actual Startup Time": 1747.399,
                    "Actual Total Time": 1785.073,
                    "Actual Rows": 7,
                    "Actual Loops": 1,
                    "Output": [
                        "(PARTIAL count(*))"
                    ],
                    "Workers Planned": 6,
                    "Workers Launched": 6,
                    "Single Copy": false,
                    "Plans": [
                        {
                            "Node Type": "Aggregate",
                            "Strategy": "Plain",
                            "Partial Mode": "Partial",
                            "Parent Relationship": "Outer",
                            "Parallel Aware": false,
                            "Startup Cost": 427812.05,
                            "Total Cost": 427812.06,
                            "Plan Rows": 1,
                            "Plan Width": 8,
                            "Actual Startup Time": 1734.674,
                            "Actual Total Time": 1734.679,
                            "Actual Rows": 1,
                            "Actual Loops": 7,
                            "Output": [
                                "PARTIAL count(*)"
                            ],
                            "Workers": [
                                {
                                    "Worker Number": 0,
                                    "Actual Startup Time": 1732.674,
                                    "Actual Total Time": 1732.679,
                                    "Actual Rows": 1,
                                    "Actual Loops": 1
                                },
                                {
                                    "Worker Number": 1,
                                    "Actual Startup Time": 1732.714,
                                    "Actual Total Time": 1732.719,
                                    "Actual Rows": 1,
                                    "Actual Loops": 1
                                },
                                {
                                    "Worker Number": 2,
                                    "Actual Startup Time": 1732.256,
                                    "Actual Total Time": 1732.261,
                                    "Actual Rows": 1,
                                    "Actual Loops": 1
                                },
                                {
                                    "Worker Number": 3,
                                    "Actual Startup Time": 1732.261,
                                    "Actual Total Time": 1732.264,
                                    "Actual Rows": 1,
                                    "Actual Loops": 1
                                },
                                {
                                    "Worker Number": 4,
                                    "Actual Startup Time": 1733.136,
                                    "Actual Total Time": 1733.141,
                                    "Actual Rows": 1,
                                    "Actual Loops": 1
                                },
                                {
                                    "Worker Number": 5,
                                    "Actual Startup Time": 1733.138,
                                    "Actual Total Time": 1733.142,
                                    "Actual Rows": 1,
                                    "Actual Loops": 1
                                }
                            ],
                            "Plans": [
                                {
                                    "Node Type": "Hash Join",
                                    "Parent Relationship": "Outer",
                                    "Parallel Aware": true,
                                    "Join Type": "Inner",
                                    "Startup Cost": 80732.57,
                                    "Total Cost": 422872.48,
                                    "Plan Rows": 1975828,
                                    "Plan Width": 0,
                                    "Actual Startup Time": 302.722,
                                    "Actual Total Time": 1647.904,
                                    "Actual Rows": 1889733,
                                    "Actual Loops": 7,
                                    "Inner Unique": false,
                                    "Hash Cond": "(ci.movie_id = t.id)",
                                    "Workers": [
                                        {
                                            "Worker Number": 0,
                                            "Actual Startup Time": 300.803,
                                            "Actual Total Time": 1642.327,
                                            "Actual Rows": 1382921,
                                            "Actual Loops": 1
                                        },
                                        {
                                            "Worker Number": 1,
                                            "Actual Startup Time": 300.751,
                                            "Actual Total Time": 1650.097,
                                            "Actual Rows": 2063776,
                                            "Actual Loops": 1
                                        },
                                        {
                                            "Worker Number": 2,
                                            "Actual Startup Time": 300.595,
                                            "Actual Total Time": 1649.276,
                                            "Actual Rows": 2012063,
                                            "Actual Loops": 1
                                        },
                                        {
                                            "Worker Number": 3,
                                            "Actual Startup Time": 300.615,
                                            "Actual Total Time": 1648.502,
                                            "Actual Rows": 2018782,
                                            "Actual Loops": 1
                                        },
                                        {
                                            "Worker Number": 4,
                                            "Actual Startup Time": 301.19,
                                            "Actual Total Time": 1649.968,
                                            "Actual Rows": 2070303,
                                            "Actual Loops": 1
                                        },
                                        {
                                            "Worker Number": 5,
                                            "Actual Startup Time": 301.163,
                                            "Actual Total Time": 1649.144,
                                            "Actual Rows": 2088912,
                                            "Actual Loops": 1
                                        }
                                    ],
                                    "Plans": [
                                        {
                                            "Node Type": "Seq Scan",
                                            "Parent Relationship": "Outer",
                                            "Parallel Aware": true,
                                            "Relation Name": "cast_info",
                                            "Schema": "public",
                                            "Alias": "ci",
                                            "Startup Cost": 0.0,
                                            "Total Cost": 313108.29,
                                            "Plan Rows": 6042129,
                                            "Plan Width": 4,
                                            "Actual Startup Time": 0.036,
                                            "Actual Total Time": 505.127,
                                            "Actual Rows": 5177763,
                                            "Actual Loops": 7,
                                            "Output": [
                                                "ci.id",
                                                "ci.person_id",
                                                "ci.movie_id",
                                                "ci.person_role_id",
                                                "ci.note",
                                                "ci.nr_order",
                                                "ci.role_id"
                                            ],
                                            "Workers": [
                                                {
                                                    "Worker Number": 0,
                                                    "Actual Startup Time": 0.027,
                                                    "Actual Total Time": 526.236,
                                                    "Actual Rows": 3735441,
                                                    "Actual Loops": 1
                                                },
                                                {
                                                    "Worker Number": 1,
                                                    "Actual Startup Time": 0.021,
                                                    "Actual Total Time": 519.486,
                                                    "Actual Rows": 5641875,
                                                    "Actual Loops": 1
                                                },
                                                {
                                                    "Worker Number": 2,
                                                    "Actual Startup Time": 0.063,
                                                    "Actual Total Time": 510.018,
                                                    "Actual Rows": 5581071,
                                                    "Actual Loops": 1
                                                },
                                                {
                                                    "Worker Number": 3,
                                                    "Actual Startup Time": 0.068,
                                                    "Actual Total Time": 504.469,
                                                    "Actual Rows": 5450116,
                                                    "Actual Loops": 1
                                                },
                                                {
                                                    "Worker Number": 4,
                                                    "Actual Startup Time": 0.021,
                                                    "Actual Total Time": 521.018,
                                                    "Actual Rows": 5670669,
                                                    "Actual Loops": 1
                                                },
                                                {
                                                    "Worker Number": 5,
                                                    "Actual Startup Time": 0.031,
                                                    "Actual Total Time": 524.074,
                                                    "Actual Rows": 5710895,
                                                    "Actual Loops": 1
                                                }
                                            ]
                                        },
                                        {
                                            "Node Type": "Hash",
                                            "Parent Relationship": "Inner",
                                            "Parallel Aware": true,
                                            "Startup Cost": 77398.77,
                                            "Total Cost": 77398.77,
                                            "Plan Rows": 266704,
                                            "Plan Width": 8,
                                            "Actual Startup Time": 299.058,
                                            "Actual Total Time": 299.061,
                                            "Actual Rows": 47398,
                                            "Actual Loops": 7,
                                            "Output": [
                                                "t.id",
                                                "mc.movie_id"
                                            ],
                                            "Hash Buckets": 1048576,
                                            "Original Hash Buckets": 1048576,
                                            "Hash Batches": 1,
                                            "Original Hash Batches": 1,
                                            "Peak Memory Usage": 21312,
                                            "Workers": [
                                                {
                                                    "Worker Number": 0,
                                                    "Actual Startup Time": 299.73,
                                                    "Actual Total Time": 299.734,
                                                    "Actual Rows": 36299,
                                                    "Actual Loops": 1
                                                },
                                                {
                                                    "Worker Number": 1,
                                                    "Actual Startup Time": 299.855,
                                                    "Actual Total Time": 299.858,
                                                    "Actual Rows": 50610,
                                                    "Actual Loops": 1
                                                },
                                                {
                                                    "Worker Number": 2,
                                                    "Actual Startup Time": 299.348,
                                                    "Actual Total Time": 299.352,
                                                    "Actual Rows": 50886,
                                                    "Actual Loops": 1
                                                },
                                                {
                                                    "Worker Number": 3,
                                                    "Actual Startup Time": 299.379,
                                                    "Actual Total Time": 299.382,
                                                    "Actual Rows": 49914,
                                                    "Actual Loops": 1
                                                },
                                                {
                                                    "Worker Number": 4,
                                                    "Actual Startup Time": 300.055,
                                                    "Actual Total Time": 300.058,
                                                    "Actual Rows": 50216,
                                                    "Actual Loops": 1
                                                },
                                                {
                                                    "Worker Number": 5,
                                                    "Actual Startup Time": 300.048,
                                                    "Actual Total Time": 300.051,
                                                    "Actual Rows": 53741,
                                                    "Actual Loops": 1
                                                }
                                            ],
                                            "Plans": [
                                                {
                                                    "Node Type": "Hash Join",
                                                    "Parent Relationship": "Outer",
                                                    "Parallel Aware": true,
                                                    "Join Type": "Inner",
                                                    "Startup Cost": 47982.88,
                                                    "Total Cost": 77398.77,
                                                    "Plan Rows": 266704,
                                                    "Plan Width": 8,
                                                    "Actual Startup Time": 160.695,
                                                    "Actual Total Time": 278.703,
                                                    "Actual Rows": 47398,
                                                    "Actual Loops": 7,
                                                    "Output": [
                                                        "t.id",
                                                        "mc.movie_id"
                                                    ],
                                                    "Inner Unique": true,
                                                    "Hash Cond": "(mc.movie_id = t.id)",
                                                    "Workers": [
                                                        {
                                                            "Worker Number": 0,
                                                            "Actual Startup Time": 160.578,
                                                            "Actual Total Time": 279.208,
                                                            "Actual Rows": 36299,
                                                            "Actual Loops": 1
                                                        },
                                                        {
                                                            "Worker Number": 1,
                                                            "Actual Startup Time": 160.626,
                                                            "Actual Total Time": 278.603,
                                                            "Actual Rows": 50610,
                                                            "Actual Loops": 1
                                                        },
                                                        {
                                                            "Worker Number": 2,
                                                            "Actual Startup Time": 160.669,
                                                            "Actual Total Time": 278.542,
                                                            "Actual Rows": 50886,
                                                            "Actual Loops": 1
                                                        },
                                                        {
                                                            "Worker Number": 3,
                                                            "Actual Startup Time": 160.827,
                                                            "Actual Total Time": 278.572,
                                                            "Actual Rows": 49914,
                                                            "Actual Loops": 1
                                                        },
                                                        {
                                                            "Worker Number": 4,
                                                            "Actual Startup Time": 160.628,
                                                            "Actual Total Time": 278.569,
                                                            "Actual Rows": 50216,
                                                            "Actual Loops": 1
                                                        },
                                                        {
                                                            "Worker Number": 5,
                                                            "Actual Startup Time": 160.621,
                                                            "Actual Total Time": 278.556,
                                                            "Actual Rows": 53741,
                                                            "Actual Loops": 1
                                                        }
                                                    ],
                                                    "Plans": [
                                                        {
                                                            "Node Type": "Seq Scan",
                                                            "Parent Relationship": "Outer",
                                                            "Parallel Aware": true,
                                                            "Relation Name": "movie_companies",
                                                            "Schema": "public",
                                                            "Alias": "mc",
                                                            "Startup Cost": 0.0,
                                                            "Total Cost": 27206.55,
                                                            "Plan Rows": 841655,
                                                            "Plan Width": 4,
                                                            "Actual Startup Time": 0.026,
                                                            "Actual Total Time": 38.424,
                                                            "Actual Rows": 372733,
                                                            "Actual Loops": 7,
                                                            "Output": [
                                                                "mc.id",
                                                                "mc.movie_id",
                                                                "mc.company_id",
                                                                "mc.company_type_id",
                                                                "mc.note"
                                                            ],
                                                            "Workers": [
                                                                {
                                                                    "Worker Number": 0,
                                                                    "Actual Startup Time": 0.035,
                                                                    "Actual Total Time": 41.605,
                                                                    "Actual Rows": 284478,
                                                                    "Actual Loops": 1
                                                                },
                                                                {
                                                                    "Worker Number": 1,
                                                                    "Actual Startup Time": 0.027,
                                                                    "Actual Total Time": 40.092,
                                                                    "Actual Rows": 384409,
                                                                    "Actual Loops": 1
                                                                },
                                                                {
                                                                    "Worker Number": 2,
                                                                    "Actual Startup Time": 0.029,
                                                                    "Actual Total Time": 38.24,
                                                                    "Actual Rows": 400142,
                                                                    "Actual Loops": 1
                                                                },
                                                                {
                                                                    "Worker Number": 3,
                                                                    "Actual Startup Time": 0.026,
                                                                    "Actual Total Time": 38.078,
                                                                    "Actual Rows": 396431,
                                                                    "Actual Loops": 1
                                                                },
                                                                {
                                                                    "Worker Number": 4,
                                                                    "Actual Startup Time": 0.031,
                                                                    "Actual Total Time": 38.98,
                                                                    "Actual Rows": 403072,
                                                                    "Actual Loops": 1
                                                                },
                                                                {
                                                                    "Worker Number": 5,
                                                                    "Actual Startup Time": 0.026,
                                                                    "Actual Total Time": 38.934,
                                                                    "Actual Rows": 406727,
                                                                    "Actual Loops": 1
                                                                }
                                                            ]
                                                        },
                                                        {
                                                            "Node Type": "Hash",
                                                            "Parent Relationship": "Inner",
                                                            "Parallel Aware": true,
                                                            "Startup Cost": 45479.21,
                                                            "Total Cost": 45479.21,
                                                            "Plan Rows": 200294,
                                                            "Plan Width": 4,
                                                            "Actual Startup Time": 158.937,
                                                            "Actual Total Time": 158.938,
                                                            "Actual Rows": 125992,
                                                            "Actual Loops": 7,
                                                            "Output": [
                                                                "t.id"
                                                            ],
                                                            "Hash Buckets": 1048576,
                                                            "Original Hash Buckets": 1048576,
                                                            "Hash Batches": 1,
                                                            "Original Hash Batches": 1,
                                                            "Peak Memory Usage": 42816,
                                                            "Workers": [
                                                                {
                                                                    "Worker Number": 0,
                                                                    "Actual Startup Time": 160.442,
                                                                    "Actual Total Time": 160.443,
                                                                    "Actual Rows": 100160,
                                                                    "Actual Loops": 1
                                                                },
                                                                {
                                                                    "Worker Number": 1,
                                                                    "Actual Startup Time": 160.308,
                                                                    "Actual Total Time": 160.309,
                                                                    "Actual Rows": 123662,
                                                                    "Actual Loops": 1
                                                                },
                                                                {
                                                                    "Worker Number": 2,
                                                                    "Actual Startup Time": 160.423,
                                                                    "Actual Total Time": 160.424,
                                                                    "Actual Rows": 122158,
                                                                    "Actual Loops": 1
                                                                },
                                                                {
                                                                    "Worker Number": 3,
                                                                    "Actual Startup Time": 160.393,
                                                                    "Actual Total Time": 160.394,
                                                                    "Actual Rows": 124461,
                                                                    "Actual Loops": 1
                                                                },
                                                                {
                                                                    "Worker Number": 4,
                                                                    "Actual Startup Time": 160.322,
                                                                    "Actual Total Time": 160.324,
                                                                    "Actual Rows": 127721,
                                                                    "Actual Loops": 1
                                                                },
                                                                {
                                                                    "Worker Number": 5,
                                                                    "Actual Startup Time": 160.321,
                                                                    "Actual Total Time": 160.322,
                                                                    "Actual Rows": 133310,
                                                                    "Actual Loops": 1
                                                                }
                                                            ],
                                                            "Plans": [
                                                                {
                                                                    "Node Type": "Seq Scan",
                                                                    "Parent Relationship": "Outer",
                                                                    "Parallel Aware": true,
                                                                    "Relation Name": "title",
                                                                    "Schema": "public",
                                                                    "Alias": "t",
                                                                    "Startup Cost": 0.0,
                                                                    "Total Cost": 45479.21,
                                                                    "Plan Rows": 200294,
                                                                    "Plan Width": 4,
                                                                    "Actual Startup Time": 0.065,
                                                                    "Actual Total Time": 81.247,
                                                                    "Actual Rows": 125992,
                                                                    "Actual Loops": 7,
                                                                    "Output": [
                                                                        "t.id"
                                                                    ],
                                                                    "Filter": "((t.production_year > 2001) AND (t.kind_id = 7))",
                                                                    "Rows Removed by Filter": 235195,
                                                                    "Workers": [
                                                                        {
                                                                            "Worker Number": 0,
                                                                            "Actual Startup Time": 0.078,
                                                                            "Actual Total Time": 83.826,
                                                                            "Actual Rows": 100160,
                                                                            "Actual Loops": 1
                                                                        },
                                                                        {
                                                                            "Worker Number": 1,
                                                                            "Actual Startup Time": 0.066,
                                                                            "Actual Total Time": 81.808,
                                                                            "Actual Rows": 123662,
                                                                            "Actual Loops": 1
                                                                        },
                                                                        {
                                                                            "Worker Number": 2,
                                                                            "Actual Startup Time": 0.076,
                                                                            "Actual Total Time": 82.756,
                                                                            "Actual Rows": 122158,
                                                                            "Actual Loops": 1
                                                                        },
                                                                        {
                                                                            "Worker Number": 3,
                                                                            "Actual Startup Time": 0.081,
                                                                            "Actual Total Time": 82.513,
                                                                            "Actual Rows": 124461,
                                                                            "Actual Loops": 1
                                                                        },
                                                                        {
                                                                            "Worker Number": 4,
                                                                            "Actual Startup Time": 0.047,
                                                                            "Actual Total Time": 81.996,
                                                                            "Actual Rows": 127721,
                                                                            "Actual Loops": 1
                                                                        },
                                                                        {
                                                                            "Worker Number": 5,
                                                                            "Actual Startup Time": 0.086,
                                                                            "Actual Total Time": 81.701,
                                                                            "Actual Rows": 133310,
                                                                            "Actual Loops": 1
                                                                        }
                                                                    ]
                                                                }
                                                            ]
                                                        }
                                                    ]
                                                }
                                            ]
                                        }
                                    ]
                                }
                            ]
                        }
                    ]
                }
            ]
        },
        "Planning Time": 330.104,
        "Triggers": [],
        "Execution Time": 1785.192
    }
]