[
  {
    "Plan": {
      "Node Type": "Aggregate",
      "Strategy": "Plain",
      "Partial Mode": "Finalize",
      "Parallel Aware": false,
      "Startup Cost": 79643.78,
      "Total Cost": 79643.79,
      "Plan Rows": 1,
      "Plan Width": 8,
      "Actual Startup Time": 336.009,
      "Actual Total Time": 352.494,
      "Actual Rows": 1,
      "Actual Loops": 1,
      "Plans": [
        {
          "Node Type": "Gather",
          "Parent Relationship": "Outer",
          "Parallel Aware": false,
          "Startup Cost": 79643.36,
          "Total Cost": 79643.77,
          "Plan Rows": 4,
          "Plan Width": 8,
          "Actual Startup Time": 331.191,
          "Actual Total Time": 352.475,
          "Actual Rows": 5,
          "Actual Loops": 1,
          "Workers Planned": 4,
          "Workers Launched": 4,
          "Single Copy": false,
          "Plans": [
            {
              "Node Type": "Aggregate",
              "Strategy": "Plain",
              "Partial Mode": "Partial",
              "Parent Relationship": "Outer",
              "Parallel Aware": false,
              "Startup Cost": 78643.36,
              "Total Cost": 78643.37,
              "Plan Rows": 1,
              "Plan Width": 8,
              "Actual Startup Time": 321.917,
              "Actual Total Time": 322.019,
              "Actual Rows": 1,
              "Actual Loops": 5,
              "Plans": [
                {
                  "Node Type": "Hash Join",
                  "Parent Relationship": "Outer",
                  "Parallel Aware": true,
                  "Join Type": "Inner",
                  "Startup Cost": 32705.92,
                  "Total Cost": 78443.24,
                  "Plan Rows": 80048,
                  "Plan Width": 0,
                  "Actual Startup Time": 126.786,
                  "Actual Total Time": 316.421,
                  "Actual Rows": 125125,
                  "Actual Loops": 5,
                  "Inner Unique": false,
                  "Hash Cond": "(t.id = mc.movie_id)",
                  "Plans": [
                    {
                      "Node Type": "Seq Scan",
                      "Parent Relationship": "Outer",
                      "Parallel Aware": true,
                      "Relation Name": "title",
                      "Alias": "t",
                      "Startup Cost": 0.0,
                      "Total Cost": 42318.73,
                      "Plan Rows": 632073,
                      "Plan Width": 4,
                      "Actual Startup Time": 0.01,
                      "Actual Total Time": 64.206,
                      "Actual Rows": 505662,
                      "Actual Loops": 5
                    },
                    {
                      "Node Type": "Hash",
                      "Parent Relationship": "Inner",
                      "Parallel Aware": true,
                      "Startup Cost": 31414.82,
                      "Total Cost": 31414.82,
                      "Plan Rows": 103288,
                      "Plan Width": 4,
                      "Actual Startup Time": 123.914,
                      "Actual Total Time": 123.915,
                      "Actual Rows": 125125,
                      "Actual Loops": 5,
                      "Hash Buckets": 1048576,
                      "Original Hash Buckets": 524288,
                      "Hash Batches": 1,
                      "Original Hash Batches": 1,
                      "Peak Memory Usage": 36832,
                      "Plans": [
                        {
                          "Node Type": "Seq Scan",
                          "Parent Relationship": "Outer",
                          "Parallel Aware": true,
                          "Relation Name": "movie_companies",
                          "Alias": "mc",
                          "Startup Cost": 0.0,
                          "Total Cost": 31414.82,
                          "Plan Rows": 103288,
                          "Plan Width": 4,
                          "Actual Startup Time": 41.774,
                          "Actual Total Time": 73.181,
                          "Actual Rows": 125125,
                          "Actual Loops": 5,
                          "Filter": "((company_id > 56429) AND (company_type_id > 1))",
                          "Rows Removed by Filter": 396701
                        }
                      ]
                    }
                  ]
                }
              ]
            }
          ]
        }
      ]
    },
    "Planning Time": 0.616,
    "Triggers": [],
    "Execution Time": 352.559
  }
]