[
  {
    "Plan": {
      "Node Type": "Aggregate",
      "Strategy": "Plain",
      "Partial Mode": "Finalize",
      "Parallel Aware": false,
      "Startup Cost": 86138.4,
      "Total Cost": 86138.41,
      "Plan Rows": 1,
      "Plan Width": 8,
      "Actual Startup Time": 373.884,
      "Actual Total Time": 387.901,
      "Actual Rows": 1,
      "Actual Loops": 1,
      "Plans": [
        {
          "Node Type": "Gather",
          "Parent Relationship": "Outer",
          "Parallel Aware": false,
          "Startup Cost": 86138.19,
          "Total Cost": 86138.4,
          "Plan Rows": 2,
          "Plan Width": 8,
          "Actual Startup Time": 372.469,
          "Actual Total Time": 387.892,
          "Actual Rows": 3,
          "Actual Loops": 1,
          "Workers Planned": 2,
          "Workers Launched": 2,
          "Single Copy": false,
          "Plans": [
            {
              "Node Type": "Aggregate",
              "Strategy": "Plain",
              "Partial Mode": "Partial",
              "Parent Relationship": "Outer",
              "Parallel Aware": false,
              "Startup Cost": 85138.19,
              "Total Cost": 85138.2,
              "Plan Rows": 1,
              "Plan Width": 8,
              "Actual Startup Time": 364.125,
              "Actual Total Time": 364.226,
              "Actual Rows": 1,
              "Actual Loops": 3,
              "Plans": [
                {
                  "Node Type": "Hash Join",
                  "Parent Relationship": "Outer",
                  "Parallel Aware": true,
                  "Join Type": "Inner",
                  "Startup Cost": 69132.55,
                  "Total Cost": 85056.09,
                  "Plan Rows": 32838,
                  "Plan Width": 0,
                  "Actual Startup Time": 318.892,
                  "Actual Total Time": 361.526,
                  "Actual Rows": 68022,
                  "Actual Loops": 3,
                  "Inner Unique": false,
                  "Hash Cond": "(mi_idx.movie_id = t.id)",
                  "Plans": [
                    {
                      "Node Type": "Seq Scan",
                      "Parent Relationship": "Outer",
                      "Parallel Aware": true,
                      "Relation Name": "movie_info_idx",
                      "Alias": "mi_idx",
                      "Startup Cost": 0.0,
                      "Total Cost": 13685.15,
                      "Plan Rows": 575015,
                      "Plan Width": 4,
                      "Actual Startup Time": 0.03,
                      "Actual Total Time": 34.228,
                      "Actual Rows": 460012,
                      "Actual Loops": 3
                    },
                    {
                      "Node Type": "Hash",
                      "Parent Relationship": "Inner",
                      "Parallel Aware": true,
                      "Startup Cost": 68681.35,
                      "Total Cost": 68681.35,
                      "Plan Rows": 36096,
                      "Plan Width": 8,
                      "Actual Startup Time": 274.706,
                      "Actual Total Time": 274.802,
                      "Actual Rows": 46996,
                      "Actual Loops": 3,
                      "Hash Buckets": 262144,
                      "Original Hash Buckets": 262144,
                      "Hash Batches": 1,
                      "Original Hash Batches": 1,
                      "Peak Memory Usage": 7616,
                      "Plans": [
                        {
                          "Node Type": "Hash Join",
                          "Parent Relationship": "Outer",
                          "Parallel Aware": true,
                          "Join Type": "Inner",
                          "Startup Cost": 23085.81,
                          "Total Cost": 68681.35,
                          "Plan Rows": 36096,
                          "Plan Width": 8,
                          "Actual Startup Time": 185.129,
                          "Actual Total Time": 261.382,
                          "Actual Rows": 46996,
                          "Actual Loops": 3,
                          "Inner Unique": false,
                          "Hash Cond": "(t.id = mc.movie_id)",
                          "Plans": [
                            {
                              "Node Type": "Seq Scan",
                              "Parent Relationship": "Outer",
                              "Parallel Aware": true,
                              "Relation Name": "title",
                              "Alias": "t",
                              "Startup Cost": 0.0,
                              "Total Cost": 42318.73,
                              "Plan Rows": 632073,
                              "Plan Width": 4,
                              "Actual Startup Time": 0.009,
                              "Actual Total Time": 90.033,
                              "Actual Rows": 842771,
                              "Actual Loops": 3
                            },
                            {
                              "Node Type": "Hash",
                              "Parent Relationship": "Inner",
                              "Parallel Aware": true,
                              "Startup Cost": 22503.61,
                              "Total Cost": 22503.61,
                              "Plan Rows": 46576,
                              "Plan Width": 4,
                              "Actual Startup Time": 55.553,
                              "Actual Total Time": 55.555,
                              "Actual Rows": 46996,
                              "Actual Loops": 3,
                              "Hash Buckets": 262144,
                              "Original Hash Buckets": 262144,
                              "Hash Batches": 1,
                              "Original Hash Batches": 1,
                              "Peak Memory Usage": 7616,
                              "Plans": [
                                {
                                  "Node Type": "Bitmap Heap Scan",
                                  "Parent Relationship": "Outer",
                                  "Parallel Aware": true,
                                  "Relation Name": "movie_companies",
                                  "Alias": "mc",
                                  "Startup Cost": 3131.41,
                                  "Total Cost": 22503.61,
                                  "Plan Rows": 46576,
                                  "Plan Width": 4,
                                  "Actual Startup Time": 14.873,
                                  "Actual Total Time": 39.407,
                                  "Actual Rows": 46996,
                                  "Actual Loops": 3,
                                  "Recheck Cond": "(company_id > 135908)",
                                  "Rows Removed by Index Recheck": 0,
                                  "Exact Heap Blocks": 2450,
                                  "Lossy Heap Blocks": 0,
                                  "Plans": [
                                    {
                                      "Node Type": "Bitmap Index Scan",
                                      "Parent Relationship": "Outer",
                                      "Parallel Aware": false,
                                      "Index Name": "company_id_movie_companies",
                                      "Startup Cost": 0.0,
                                      "Total Cost": 3095.32,
                                      "Plan Rows": 144385,
                                      "Plan Width": 0,
                                      "Actual Startup Time": 14.331,
                                      "Actual Total Time": 14.331,
                                      "Actual Rows": 140988,
                                      "Actual Loops": 1,
                                      "Index Cond": "(company_id > 135908)"
                                    }
                                  ]
                                }
                              ]
                            }
                          ]
                        }
                      ]
                    }
                  ]
                }
              ]
            }
          ]
        }
      ]
    },
    "Planning Time": 1.396,
    "Triggers": [],
    "Execution Time": 388.005
  }
]