[
  {
    "Plan": {
      "Node Type": "Aggregate",
      "Strategy": "Plain",
      "Partial Mode": "Finalize",
      "Parallel Aware": false,
      "Startup Cost": 33073.98,
      "Total Cost": 33073.99,
      "Plan Rows": 1,
      "Plan Width": 8,
      "Actual Startup Time": 118.56,
      "Actual Total Time": 130.196,
      "Actual Rows": 1,
      "Actual Loops": 1,
      "Plans": [
        {
          "Node Type": "Gather",
          "Parent Relationship": "Outer",
          "Parallel Aware": false,
          "Startup Cost": 33073.66,
          "Total Cost": 33073.97,
          "Plan Rows": 3,
          "Plan Width": 8,
          "Actual Startup Time": 118.396,
          "Actual Total Time": 130.184,
          "Actual Rows": 4,
          "Actual Loops": 1,
          "Workers Planned": 3,
          "Workers Launched": 3,
          "Single Copy": false,
          "Plans": [
            {
              "Node Type": "Aggregate",
              "Strategy": "Plain",
              "Partial Mode": "Partial",
              "Parent Relationship": "Outer",
              "Parallel Aware": false,
              "Startup Cost": 32073.66,
              "Total Cost": 32073.67,
              "Plan Rows": 1,
              "Plan Width": 8,
              "Actual Startup Time": 111.621,
              "Actual Total Time": 111.623,
              "Actual Rows": 1,
              "Actual Loops": 4,
              "Plans": [
                {
                  "Node Type": "Seq Scan",
                  "Parent Relationship": "Outer",
                  "Parallel Aware": true,
                  "Relation Name": "movie_companies",
                  "Alias": "mc",
                  "Startup Cost": 0.0,
                  "Total Cost": 31414.82,
                  "Plan Rows": 263536,
                  "Plan Width": 0,
                  "Actual Startup Time": 1.49,
                  "Actual Total Time": 101.171,
                  "Actual Rows": 152587,
                  "Actual Loops": 4,
                  "Filter": "((company_id > 3464) AND (company_type_id < 2))",
                  "Rows Removed by Filter": 499696
                }
              ]
            }
          ]
        }
      ]
    },
    "Planning Time": 0.108,
    "Triggers": [],
    "Execution Time": 130.232
  }
]