[
  {
    "Plan": {
      "Node Type": "Aggregate",
      "Strategy": "Plain",
      "Partial Mode": "Finalize",
      "Parallel Aware": false,
      "Startup Cost": 32842.38,
      "Total Cost": 32842.39,
      "Plan Rows": 1,
      "Plan Width": 8,
      "Actual Startup Time": 90.297,
      "Actual Total Time": 99.052,
      "Actual Rows": 1,
      "Actual Loops": 1,
      "Plans": [
        {
          "Node Type": "Gather",
          "Parent Relationship": "Outer",
          "Parallel Aware": false,
          "Startup Cost": 32842.06,
          "Total Cost": 32842.37,
          "Plan Rows": 3,
          "Plan Width": 8,
          "Actual Startup Time": 90.114,
          "Actual Total Time": 99.043,
          "Actual Rows": 4,
          "Actual Loops": 1,
          "Workers Planned": 3,
          "Workers Launched": 3,
          "Single Copy": false,
          "Plans": [
            {
              "Node Type": "Aggregate",
              "Strategy": "Plain",
              "Partial Mode": "Partial",
              "Parent Relationship": "Outer",
              "Parallel Aware": false,
              "Startup Cost": 31842.06,
              "Total Cost": 31842.07,
              "Plan Rows": 1,
              "Plan Width": 8,
              "Actual Startup Time": 81.876,
              "Actual Total Time": 81.878,
              "Actual Rows": 1,
              "Actual Loops": 4,
              "Plans": [
                {
                  "Node Type": "Seq Scan",
                  "Parent Relationship": "Outer",
                  "Parallel Aware": true,
                  "Relation Name": "movie_companies",
                  "Alias": "mc",
                  "Startup Cost": 0.0,
                  "Total Cost": 31414.82,
                  "Plan Rows": 170897,
                  "Plan Width": 0,
                  "Actual Startup Time": 24.172,
                  "Actual Total Time": 78.995,
                  "Actual Rows": 58685,
                  "Actual Loops": 4,
                  "Filter": "((company_id > 14406) AND (company_type_id = 1))",
                  "Rows Removed by Filter": 593597
                }
              ]
            }
          ]
        }
      ]
    },
    "Planning Time": 0.228,
    "Triggers": [],
    "Execution Time": 99.109
  }
]