[
    {
        "Bao": {
            "Bao prediction": 514.376,
            "Bao recommended hint": "(no hint)"
        }
    },
    {
        "Plan": {
            "Node Type": "Aggregate",
            "Strategy": "Plain",
            "Partial Mode": "Finalize",
            "Parallel Aware": false,
            "Startup Cost": 340465.97,
            "Total Cost": 340465.98,
            "Plan Rows": 1,
            "Plan Width": 8,
            "Actual Startup Time": 984.391,
            "Actual Total Time": 1015.464,
            "Actual Rows": 1,
            "Actual Loops": 1,
            "Output": [
                "count(*)"
            ],
            "Plans": [
                {
                    "Node Type": "Gather",
                    "Parent Relationship": "Outer",
                    "Parallel Aware": false,
                    "Startup Cost": 340465.35,
                    "Total Cost": 340465.96,
                    "Plan Rows": 6,
                    "Plan Width": 8,
                    "Actual Startup Time": 984.246,
                    "Actual Total Time": 1015.455,
                    "Actual Rows": 7,
                    "Actual Loops": 1,
                    "Output": [
                        "(PARTIAL count(*))"
                    ],
                    "Workers Planned": 6,
                    "Workers Launched": 6,
                    "Single Copy": false,
                    "Plans": [
                        {
                            "Node Type": "Aggregate",
                            "Strategy": "Plain",
                            "Partial Mode": "Partial",
                            "Parent Relationship": "Outer",
                            "Parallel Aware": false,
                            "Startup Cost": 339465.35,
                            "Total Cost": 339465.36,
                            "Plan Rows": 1,
                            "Plan Width": 8,
                            "Actual Startup Time": 974.73,
                            "Actual Total Time": 974.731,
                            "Actual Rows": 1,
                            "Actual Loops": 7,
                            "Output": [
                                "PARTIAL count(*)"
                            ],
                            "Workers": [
                                {
                                    "Worker Number": 0,
                                    "Actual Startup Time": 972.854,
                                    "Actual Total Time": 972.856,
                                    "Actual Rows": 1,
                                    "Actual Loops": 1
                                },
                                {
                                    "Worker Number": 1,
                                    "Actual Startup Time": 972.901,
                                    "Actual Total Time": 972.902,
                                    "Actual Rows": 1,
                                    "Actual Loops": 1
                                },
                                {
                                    "Worker Number": 2,
                                    "Actual Startup Time": 973.071,
                                    "Actual Total Time": 973.072,
                                    "Actual Rows": 1,
                                    "Actual Loops": 1
                                },
                                {
                                    "Worker Number": 3,
                                    "Actual Startup Time": 973.519,
                                    "Actual Total Time": 973.52,
                                    "Actual Rows": 1,
                                    "Actual Loops": 1
                                },
                                {
                                    "Worker Number": 4,
                                    "Actual Startup Time": 973.568,
                                    "Actual Total Time": 973.568,
                                    "Actual Rows": 1,
                                    "Actual Loops": 1
                                },
                                {
                                    "Worker Number": 5,
                                    "Actual Startup Time": 973.735,
                                    "Actual Total Time": 973.737,
                                    "Actual Rows": 1,
                                    "Actual Loops": 1
                                }
                            ],
                            "Plans": [
                                {
                                    "Node Type": "Seq Scan",
                                    "Parent Relationship": "Outer",
                                    "Parallel Aware": true,
                                    "Relation Name": "cast_info",
                                    "Schema": "public",
                                    "Alias": "ci",
                                    "Startup Cost": 0.0,
                                    "Total Cost": 328213.62,
                                    "Plan Rows": 4500692,
                                    "Plan Width": 0,
                                    "Actual Startup Time": 124.38,
                                    "Actual Total Time": 748.789,
                                    "Actual Rows": 3849478,
                                    "Actual Loops": 7,
                                    "Output": [
                                        "id",
                                        "person_id",
                                        "movie_id",
                                        "person_role_id",
                                        "note",
                                        "nr_order",
                                        "role_id"
                                    ],
                                    "Filter": "(ci.person_id > 915566)",
                                    "Rows Removed by Filter": 1328286,
                                    "Workers": [
                                        {
                                            "Worker Number": 0,
                                            "Actual Startup Time": 122.511,
                                            "Actual Total Time": 749.493,
                                            "Actual Rows": 3393580,
                                            "Actual Loops": 1
                                        },
                                        {
                                            "Worker Number": 1,
                                            "Actual Startup Time": 122.554,
                                            "Actual Total Time": 749.544,
                                            "Actual Rows": 3400212,
                                            "Actual Loops": 1
                                        },
                                        {
                                            "Worker Number": 2,
                                            "Actual Startup Time": 122.721,
                                            "Actual Total Time": 753.301,
                                            "Actual Rows": 3313124,
                                            "Actual Loops": 1
                                        },
                                        {
                                            "Worker Number": 3,
                                            "Actual Startup Time": 123.171,
                                            "Actual Total Time": 750.483,
                                            "Actual Rows": 3393975,
                                            "Actual Loops": 1
                                        },
                                        {
                                            "Worker Number": 4,
                                            "Actual Startup Time": 123.217,
                                            "Actual Total Time": 753.239,
                                            "Actual Rows": 3350846,
                                            "Actual Loops": 1
                                        },
                                        {
                                            "Worker Number": 5,
                                            "Actual Startup Time": 123.386,
                                            "Actual Total Time": 750.212,
                                            "Actual Rows": 3398362,
                                            "Actual Loops": 1
                                        }
                                    ]
                                }
                            ]
                        }
                    ]
                }
            ]
        },
        "Planning Time": 509.181,
        "Triggers": [],
        "Execution Time": 1015.565
    }
]