[
  {
    "Plan": {
      "Node Type": "Aggregate",
      "Strategy": "Plain",
      "Partial Mode": "Finalize",
      "Parallel Aware": false,
      "Startup Cost": 81990.83,
      "Total Cost": 81990.84,
      "Plan Rows": 1,
      "Plan Width": 8,
      "Actual Startup Time": 442.904,
      "Actual Total Time": 462.814,
      "Actual Rows": 1,
      "Actual Loops": 1,
      "Plans": [
        {
          "Node Type": "Gather",
          "Parent Relationship": "Outer",
          "Parallel Aware": false,
          "Startup Cost": 81990.51,
          "Total Cost": 81990.82,
          "Plan Rows": 3,
          "Plan Width": 8,
          "Actual Startup Time": 423.913,
          "Actual Total Time": 462.804,
          "Actual Rows": 4,
          "Actual Loops": 1,
          "Workers Planned": 3,
          "Workers Launched": 3,
          "Single Copy": false,
          "Plans": [
            {
              "Node Type": "Aggregate",
              "Strategy": "Plain",
              "Partial Mode": "Partial",
              "Parent Relationship": "Outer",
              "Parallel Aware": false,
              "Startup Cost": 80990.51,
              "Total Cost": 80990.52,
              "Plan Rows": 1,
              "Plan Width": 8,
              "Actual Startup Time": 412.004,
              "Actual Total Time": 412.009,
              "Actual Rows": 1,
              "Actual Loops": 4,
              "Plans": [
                {
                  "Node Type": "Hash Join",
                  "Parent Relationship": "Outer",
                  "Parallel Aware": true,
                  "Join Type": "Inner",
                  "Startup Cost": 55351.28,
                  "Total Cost": 80840.03,
                  "Plan Rows": 60193,
                  "Plan Width": 0,
                  "Actual Startup Time": 335.652,
                  "Actual Total Time": 409.205,
                  "Actual Rows": 51331,
                  "Actual Loops": 4,
                  "Inner Unique": true,
                  "Hash Cond": "(mk.movie_id = t.id)",
                  "Plans": [
                    {
                      "Node Type": "Bitmap Heap Scan",
                      "Parent Relationship": "Outer",
                      "Parallel Aware": true,
                      "Relation Name": "movie_keyword",
                      "Alias": "mk",
                      "Startup Cost": 4500.06,
                      "Total Cost": 29809.23,
                      "Plan Rows": 68413,
                      "Plan Width": 4,
                      "Actual Startup Time": 14.657,
                      "Actual Total Time": 59.51,
                      "Actual Rows": 53004,
                      "Actual Loops": 4,
                      "Recheck Cond": "(keyword_id < 141)",
                      "Rows Removed by Index Recheck": 0,
                      "Exact Heap Blocks": 8810,
                      "Lossy Heap Blocks": 0,
                      "Plans": [
                        {
                          "Node Type": "Bitmap Index Scan",
                          "Parent Relationship": "Outer",
                          "Parallel Aware": false,
                          "Index Name": "keyword_id_movie_keyword",
                          "Startup Cost": 0.0,
                          "Total Cost": 4447.04,
                          "Plan Rows": 212081,
                          "Plan Width": 0,
                          "Actual Startup Time": 11.159,
                          "Actual Total Time": 11.159,
                          "Actual Rows": 212018,
                          "Actual Loops": 1,
                          "Index Cond": "(keyword_id < 141)"
                        }
                      ]
                    },
                    {
                      "Node Type": "Hash",
                      "Parent Relationship": "Inner",
                      "Parallel Aware": true,
                      "Startup Cost": 43899.32,
                      "Total Cost": 43899.32,
                      "Plan Rows": 556152,
                      "Plan Width": 4,
                      "Actual Startup Time": 313.434,
                      "Actual Total Time": 313.435,
                      "Actual Rows": 556142,
                      "Actual Loops": 4,
                      "Hash Buckets": 4194304,
                      "Original Hash Buckets": 4194304,
                      "Hash Batches": 1,
                      "Original Hash Batches": 1,
                      "Peak Memory Usage": 119872,
                      "Plans": [
                        {
                          "Node Type": "Seq Scan",
                          "Parent Relationship": "Outer",
                          "Parallel Aware": true,
                          "Relation Name": "title",
                          "Alias": "t",
                          "Startup Cost": 0.0,
                          "Total Cost": 43899.32,
                          "Plan Rows": 556152,
                          "Plan Width": 4,
                          "Actual Startup Time": 0.03,
                          "Actual Total Time": 110.254,
                          "Actual Rows": 556142,
                          "Actual Loops": 4,
                          "Filter": "(production_year < 2012)",
                          "Rows Removed by Filter": 75936
                        }
                      ]
                    }
                  ]
                }
              ]
            }
          ]
        }
      ]
    },
    "Planning Time": 0.285,
    "Triggers": [],
    "Execution Time": 462.88
  }
]