[
  {
    "Plan": {
      "Node Type": "Aggregate",
      "Strategy": "Plain",
      "Partial Mode": "Finalize",
      "Parallel Aware": false,
      "Startup Cost": 347642.35,
      "Total Cost": 347642.36,
      "Plan Rows": 1,
      "Plan Width": 8,
      "Actual Startup Time": 704.644,
      "Actual Total Time": 751.846,
      "Actual Rows": 1,
      "Actual Loops": 1,
      "Plans": [
        {
          "Node Type": "Gather",
          "Parent Relationship": "Outer",
          "Parallel Aware": false,
          "Startup Cost": 347641.73,
          "Total Cost": 347642.34,
          "Plan Rows": 6,
          "Plan Width": 8,
          "Actual Startup Time": 704.446,
          "Actual Total Time": 751.832,
          "Actual Rows": 7,
          "Actual Loops": 1,
          "Workers Planned": 6,
          "Workers Launched": 6,
          "Single Copy": false,
          "Plans": [
            {
              "Node Type": "Aggregate",
              "Strategy": "Plain",
              "Partial Mode": "Partial",
              "Parent Relationship": "Outer",
              "Parallel Aware": false,
              "Startup Cost": 346641.73,
              "Total Cost": 346641.74,
              "Plan Rows": 1,
              "Plan Width": 8,
              "Actual Startup Time": 695.97,
              "Actual Total Time": 695.971,
              "Actual Rows": 1,
              "Actual Loops": 7,
              "Plans": [
                {
                  "Node Type": "Seq Scan",
                  "Parent Relationship": "Outer",
                  "Parallel Aware": true,
                  "Relation Name": "cast_info",
                  "Alias": "ci",
                  "Startup Cost": 0.0,
                  "Total Cost": 343316.27,
                  "Plan Rows": 1330183,
                  "Plan Width": 0,
                  "Actual Startup Time": 363.714,
                  "Actual Total Time": 658.53,
                  "Actual Rows": 712442,
                  "Actual Loops": 7,
                  "Filter": "((person_id < 1809828) AND (role_id > 2))",
                  "Rows Removed by Filter": 4465321
                }
              ]
            }
          ]
        }
      ]
    },
    "Planning Time": 0.242,
    "Triggers": [],
    "Execution Time": 751.921
  }
]