{
  "Plan": {
    "Node Type": "Aggregate",
    "Strategy": "Plain",
    "Partial Mode": "Finalize",
    "Parallel Aware": false,
    "Startup Cost": 343975.03,
    "Total Cost": 343975.04,
    "Plan Rows": 1,
    "Plan Width": 8,
    "Actual Startup Time": 1305.857,
    "Actual Total Time": 1355.721,
    "Actual Rows": 1,
    "Actual Loops": 1,
    "Plans": [
      {
        "Node Type": "Gather",
        "Parent Relationship": "Outer",
        "Parallel Aware": false,
        "Startup Cost": 343974.92,
        "Total Cost": 343975.03,
        "Plan Rows": 1,
        "Plan Width": 8,
        "Actual Startup Time": 1305.631,
        "Actual Total Time": 1355.713,
        "Actual Rows": 2,
        "Actual Loops": 1,
        "Workers Planned": 1,
        "Workers Launched": 1,
        "Single Copy": false,
        "Plans": [
          {
            "Node Type": "Aggregate",
            "Strategy": "Plain",
            "Partial Mode": "Partial",
            "Parent Relationship": "Outer",
            "Parallel Aware": false,
            "Startup Cost": 342974.92,
            "Total Cost": 342974.93,
            "Plan Rows": 1,
            "Plan Width": 8,
            "Actual Startup Time": 1299.744,
            "Actual Total Time": 1299.746,
            "Actual Rows": 1,
            "Actual Loops": 2,
            "Plans": [
              {
                "Node Type": "Hash Join",
                "Parent Relationship": "Outer",
                "Parallel Aware": true,
                "Join Type": "Inner",
                "Startup Cost": 58468.29,
                "Total Cost": 342861.36,
                "Plan Rows": 45421,
                "Plan Width": 0,
                "Actual Startup Time": 177.1,
                "Actual Total Time": 1287.762,
                "Actual Rows": 283476,
                "Actual Loops": 2,
                "Inner Unique": true,
                "Hash Cond": "(mi.movie_id = t.id)",
                "Plans": [
                  {
                    "Node Type": "Seq Scan",
                    "Parent Relationship": "Outer",
                    "Parallel Aware": true,
                    "Relation Name": "movie_info",
                    "Alias": "mi",
                    "Startup Cost": 0.0,
                    "Total Cost": 270696.42,
                    "Plan Rows": 5217764,
                    "Plan Width": 4,
                    "Actual Startup Time": 0.011,
                    "Actual Total Time": 698.525,
                    "Actual Rows": 4483347,
                    "Actual Loops": 2,
                    "Filter": "(info_type_id < 15)",
                    "Rows Removed by Filter": 2934513
                  },
                  {
                    "Node Type": "Hash",
                    "Parent Relationship": "Inner",
                    "Parallel Aware": true,
                    "Startup Cost": 58306.47,
                    "Total Cost": 58306.47,
                    "Plan Rows": 12946,
                    "Plan Width": 4,
                    "Actual Startup Time": 150.445,
                    "Actual Total Time": 150.446,
                    "Actual Rows": 29923,
                    "Actual Loops": 2,
                    "Hash Buckets": 65536,
                    "Original Hash Buckets": 32768,
                    "Hash Batches": 1,
                    "Original Hash Batches": 1,
                    "Peak Memory Usage": 3136,
                    "Plans": [
                      {
                        "Node Type": "Seq Scan",
                        "Parent Relationship": "Outer",
                        "Parallel Aware": true,
                        "Relation Name": "title",
                        "Alias": "t",
                        "Startup Cost": 0.0,
                        "Total Cost": 58306.47,
                        "Plan Rows": 12946,
                        "Plan Width": 4,
                        "Actual Startup Time": 95.575,
                        "Actual Total Time": 142.93,
                        "Actual Rows": 29923,
                        "Actual Loops": 2,
                        "Filter": "((kind_id < 7) AND (production_year < 1915))",
                        "Rows Removed by Filter": 1234233
                      }
                    ]
                  }
                ]
              }
            ]
          }
        ]
      }
    ]
  },
  "Planning Time": 0.436,
  "Triggers": [],
  "Execution Time": 1355.8
}