[
  {
    "Plan": {
      "Node Type": "Aggregate",
      "Strategy": "Plain",
      "Partial Mode": "Finalize",
      "Parallel Aware": false,
      "Startup Cost": 33113.64,
      "Total Cost": 33113.65,
      "Plan Rows": 1,
      "Plan Width": 8,
      "Actual Startup Time": 124.357,
      "Actual Total Time": 131.755,
      "Actual Rows": 1,
      "Actual Loops": 1,
      "Plans": [
        {
          "Node Type": "Gather",
          "Parent Relationship": "Outer",
          "Parallel Aware": false,
          "Startup Cost": 33113.32,
          "Total Cost": 33113.63,
          "Plan Rows": 3,
          "Plan Width": 8,
          "Actual Startup Time": 124.247,
          "Actual Total Time": 131.747,
          "Actual Rows": 4,
          "Actual Loops": 1,
          "Workers Planned": 3,
          "Workers Launched": 3,
          "Single Copy": false,
          "Plans": [
            {
              "Node Type": "Aggregate",
              "Strategy": "Plain",
              "Partial Mode": "Partial",
              "Parent Relationship": "Outer",
              "Parallel Aware": false,
              "Startup Cost": 32113.32,
              "Total Cost": 32113.33,
              "Plan Rows": 1,
              "Plan Width": 8,
              "Actual Startup Time": 116.308,
              "Actual Total Time": 116.309,
              "Actual Rows": 1,
              "Actual Loops": 4,
              "Plans": [
                {
                  "Node Type": "Seq Scan",
                  "Parent Relationship": "Outer",
                  "Parallel Aware": true,
                  "Relation Name": "movie_companies",
                  "Alias": "mc",
                  "Startup Cost": 0.0,
                  "Total Cost": 31414.82,
                  "Plan Rows": 279400,
                  "Plan Width": 0,
                  "Actual Startup Time": 54.929,
                  "Actual Total Time": 101.522,
                  "Actual Rows": 268212,
                  "Actual Loops": 4,
                  "Filter": "((company_id > 2882) AND (company_type_id > 1))",
                  "Rows Removed by Filter": 384070
                }
              ]
            }
          ]
        }
      ]
    },
    "Planning Time": 0.216,
    "Triggers": [],
    "Execution Time": 131.814
  }
]