[
  {
    "Plan": {
      "Node Type": "Aggregate",
      "Strategy": "Plain",
      "Partial Mode": "Finalize",
      "Parallel Aware": false,
      "Startup Cost": 31126.35,
      "Total Cost": 31126.36,
      "Plan Rows": 1,
      "Plan Width": 8,
      "Actual Startup Time": 95.147,
      "Actual Total Time": 103.502,
      "Actual Rows": 1,
      "Actual Loops": 1,
      "Plans": [
        {
          "Node Type": "Gather",
          "Parent Relationship": "Outer",
          "Parallel Aware": false,
          "Startup Cost": 31126.04,
          "Total Cost": 31126.35,
          "Plan Rows": 3,
          "Plan Width": 8,
          "Actual Startup Time": 95.057,
          "Actual Total Time": 103.494,
          "Actual Rows": 4,
          "Actual Loops": 1,
          "Workers Planned": 3,
          "Workers Launched": 3,
          "Single Copy": false,
          "Plans": [
            {
              "Node Type": "Aggregate",
              "Strategy": "Plain",
              "Partial Mode": "Partial",
              "Parent Relationship": "Outer",
              "Parallel Aware": false,
              "Startup Cost": 30126.04,
              "Total Cost": 30126.05,
              "Plan Rows": 1,
              "Plan Width": 8,
              "Actual Startup Time": 88.784,
              "Actual Total Time": 88.785,
              "Actual Rows": 1,
              "Actual Loops": 4,
              "Plans": [
                {
                  "Node Type": "Seq Scan",
                  "Parent Relationship": "Outer",
                  "Parallel Aware": true,
                  "Relation Name": "movie_companies",
                  "Alias": "mc",
                  "Startup Cost": 0.0,
                  "Total Cost": 29310.68,
                  "Plan Rows": 326142,
                  "Plan Width": 0,
                  "Actual Startup Time": 0.039,
                  "Actual Total Time": 73.645,
                  "Actual Rows": 252445,
                  "Actual Loops": 4,
                  "Filter": "(company_id < 4976)",
                  "Rows Removed by Filter": 399838
                }
              ]
            }
          ]
        }
      ]
    },
    "Planning Time": 0.189,
    "Triggers": [],
    "Execution Time": 103.569
  }
]