[
  {
    "Plan": {
      "Node Type": "Aggregate",
      "Strategy": "Plain",
      "Partial Mode": "Finalize",
      "Parallel Aware": false,
      "Startup Cost": 336465.89,
      "Total Cost": 336465.9,
      "Plan Rows": 1,
      "Plan Width": 8,
      "Actual Startup Time": 756.603,
      "Actual Total Time": 803.087,
      "Actual Rows": 1,
      "Actual Loops": 1,
      "Plans": [
        {
          "Node Type": "Gather",
          "Parent Relationship": "Outer",
          "Parallel Aware": false,
          "Startup Cost": 336465.26,
          "Total Cost": 336465.87,
          "Plan Rows": 6,
          "Plan Width": 8,
          "Actual Startup Time": 756.388,
          "Actual Total Time": 803.068,
          "Actual Rows": 7,
          "Actual Loops": 1,
          "Workers Planned": 6,
          "Workers Launched": 6,
          "Single Copy": false,
          "Plans": [
            {
              "Node Type": "Aggregate",
              "Strategy": "Plain",
              "Partial Mode": "Partial",
              "Parent Relationship": "Outer",
              "Parallel Aware": false,
              "Startup Cost": 335465.26,
              "Total Cost": 335465.27,
              "Plan Rows": 1,
              "Plan Width": 8,
              "Actual Startup Time": 749.199,
              "Actual Total Time": 749.201,
              "Actual Rows": 1,
              "Actual Loops": 7,
              "Plans": [
                {
                  "Node Type": "Seq Scan",
                  "Parent Relationship": "Outer",
                  "Parallel Aware": true,
                  "Relation Name": "cast_info",
                  "Alias": "ci",
                  "Startup Cost": 0.0,
                  "Total Cost": 328211.39,
                  "Plan Rows": 2901549,
                  "Plan Width": 0,
                  "Actual Startup Time": 0.048,
                  "Actual Total Time": 617.968,
                  "Actual Rows": 2504172,
                  "Actual Loops": 7,
                  "Filter": "(person_id < 1735467)",
                  "Rows Removed by Filter": 2673592
                }
              ]
            }
          ]
        }
      ]
    },
    "Planning Time": 0.066,
    "Triggers": [],
    "Execution Time": 803.131
  }
]