[
  {
    "Plan": {
      "Node Type": "Aggregate",
      "Strategy": "Plain",
      "Partial Mode": "Finalize",
      "Parallel Aware": false,
      "Startup Cost": 62874.37,
      "Total Cost": 62874.38,
      "Plan Rows": 1,
      "Plan Width": 8,
      "Actual Startup Time": 55.049,
      "Actual Total Time": 61.924,
      "Actual Rows": 1,
      "Actual Loops": 1,
      "Plans": [
        {
          "Node Type": "Gather",
          "Parent Relationship": "Outer",
          "Parallel Aware": false,
          "Startup Cost": 62874.05,
          "Total Cost": 62874.36,
          "Plan Rows": 3,
          "Plan Width": 8,
          "Actual Startup Time": 54.898,
          "Actual Total Time": 61.918,
          "Actual Rows": 4,
          "Actual Loops": 1,
          "Workers Planned": 3,
          "Workers Launched": 3,
          "Single Copy": false,
          "Plans": [
            {
              "Node Type": "Aggregate",
              "Strategy": "Plain",
              "Partial Mode": "Partial",
              "Parent Relationship": "Outer",
              "Parallel Aware": false,
              "Startup Cost": 61874.05,
              "Total Cost": 61874.06,
              "Plan Rows": 1,
              "Plan Width": 8,
              "Actual Startup Time": 45.18,
              "Actual Total Time": 45.182,
              "Actual Rows": 1,
              "Actual Loops": 4,
              "Plans": [
                {
                  "Node Type": "Nested Loop",
                  "Parent Relationship": "Outer",
                  "Parallel Aware": false,
                  "Join Type": "Inner",
                  "Startup Cost": 434.37,
                  "Total Cost": 61873.08,
                  "Plan Rows": 391,
                  "Plan Width": 0,
                  "Actual Startup Time": 7.319,
                  "Actual Total Time": 44.927,
                  "Actual Rows": 3276,
                  "Actual Loops": 4,
                  "Inner Unique": false,
                  "Plans": [
                    {
                      "Node Type": "Nested Loop",
                      "Parent Relationship": "Outer",
                      "Parallel Aware": false,
                      "Join Type": "Inner",
                      "Startup Cost": 433.93,
                      "Total Cost": 59894.04,
                      "Plan Rows": 67,
                      "Plan Width": 8,
                      "Actual Startup Time": 7.188,
                      "Actual Total Time": 40.625,
                      "Actual Rows": 54,
                      "Actual Loops": 4,
                      "Inner Unique": true,
                      "Plans": [
                        {
                          "Node Type": "Bitmap Heap Scan",
                          "Parent Relationship": "Outer",
                          "Parallel Aware": true,
                          "Relation Name": "movie_keyword",
                          "Alias": "mk",
                          "Startup Cost": 433.5,
                          "Total Cost": 24926.16,
                          "Plan Rows": 6538,
                          "Plan Width": 4,
                          "Actual Startup Time": 3.008,
                          "Actual Total Time": 13.707,
                          "Actual Rows": 4604,
                          "Actual Loops": 4,
                          "Recheck Cond": "(keyword_id > 118489)",
                          "Rows Removed by Index Recheck": 0,
                          "Exact Heap Blocks": 2754,
                          "Lossy Heap Blocks": 0,
                          "Plans": [
                            {
                              "Node Type": "Bitmap Index Scan",
                              "Parent Relationship": "Outer",
                              "Parallel Aware": false,
                              "Index Name": "keyword_id_movie_keyword",
                              "Startup Cost": 0.0,
                              "Total Cost": 428.44,
                              "Plan Rows": 20267,
                              "Plan Width": 0,
                              "Actual Startup Time": 8.323,
                              "Actual Total Time": 8.323,
                              "Actual Rows": 18414,
                              "Actual Loops": 1,
                              "Index Cond": "(keyword_id > 118489)"
                            }
                          ]
                        },
                        {
                          "Node Type": "Index Scan",
                          "Parent Relationship": "Inner",
                          "Parallel Aware": false,
                          "Scan Direction": "Forward",
                          "Index Name": "title_pkey",
                          "Relation Name": "title",
                          "Alias": "t",
                          "Startup Cost": 0.43,
                          "Total Cost": 5.35,
                          "Plan Rows": 1,
                          "Plan Width": 4,
                          "Actual Startup Time": 0.005,
                          "Actual Total Time": 0.005,
                          "Actual Rows": 0,
                          "Actual Loops": 18414,
                          "Index Cond": "(id = mk.movie_id)",
                          "Rows Removed by Index Recheck": 0,
                          "Filter": "(production_year = 1993)",
                          "Rows Removed by Filter": 1
                        }
                      ]
                    },
                    {
                      "Node Type": "Index Only Scan",
                      "Parent Relationship": "Inner",
                      "Parallel Aware": false,
                      "Scan Direction": "Forward",
                      "Index Name": "movie_id_movie_info",
                      "Relation Name": "movie_info",
                      "Alias": "mi",
                      "Startup Cost": 0.43,
                      "Total Cost": 29.12,
                      "Plan Rows": 42,
                      "Plan Width": 4,
                      "Actual Startup Time": 0.017,
                      "Actual Total Time": 0.072,
                      "Actual Rows": 60,
                      "Actual Loops": 218,
                      "Index Cond": "(movie_id = t.id)",
                      "Rows Removed by Index Recheck": 0,
                      "Heap Fetches": 13106
                    }
                  ]
                }
              ]
            }
          ]
        }
      ]
    },
    "Planning Time": 1.493,
    "Triggers": [],
    "Execution Time": 62.021
  }
]