[
  {
    "Plan": {
      "Node Type": "Aggregate",
      "Strategy": "Plain",
      "Partial Mode": "Finalize",
      "Parallel Aware": false,
      "Startup Cost": 126125.98,
      "Total Cost": 126125.99,
      "Plan Rows": 1,
      "Plan Width": 8,
      "Actual Startup Time": 1067.439,
      "Actual Total Time": 1086.364,
      "Actual Rows": 1,
      "Actual Loops": 1,
      "Plans": [
        {
          "Node Type": "Gather",
          "Parent Relationship": "Outer",
          "Parallel Aware": false,
          "Startup Cost": 126125.66,
          "Total Cost": 126125.97,
          "Plan Rows": 3,
          "Plan Width": 8,
          "Actual Startup Time": 1059.864,
          "Actual Total Time": 1086.354,
          "Actual Rows": 4,
          "Actual Loops": 1,
          "Workers Planned": 3,
          "Workers Launched": 3,
          "Single Copy": false,
          "Plans": [
            {
              "Node Type": "Aggregate",
              "Strategy": "Plain",
              "Partial Mode": "Partial",
              "Parent Relationship": "Outer",
              "Parallel Aware": false,
              "Startup Cost": 125125.66,
              "Total Cost": 125125.67,
              "Plan Rows": 1,
              "Plan Width": 8,
              "Actual Startup Time": 1051.532,
              "Actual Total Time": 1051.54,
              "Actual Rows": 1,
              "Actual Loops": 4,
              "Plans": [
                {
                  "Node Type": "Hash Join",
                  "Parent Relationship": "Outer",
                  "Parallel Aware": true,
                  "Join Type": "Inner",
                  "Startup Cost": 93567.6,
                  "Total Cost": 124603.77,
                  "Plan Rows": 208758,
                  "Plan Width": 0,
                  "Actual Startup Time": 518.455,
                  "Actual Total Time": 919.456,
                  "Actual Rows": 2809320,
                  "Actual Loops": 4,
                  "Inner Unique": false,
                  "Hash Cond": "(mc.movie_id = t.id)",
                  "Plans": [
                    {
                      "Node Type": "Seq Scan",
                      "Parent Relationship": "Outer",
                      "Parallel Aware": true,
                      "Relation Name": "movie_companies",
                      "Alias": "mc",
                      "Startup Cost": 0.0,
                      "Total Cost": 27206.55,
                      "Plan Rows": 841655,
                      "Plan Width": 4,
                      "Actual Startup Time": 0.012,
                      "Actual Total Time": 61.163,
                      "Actual Rows": 652282,
                      "Actual Loops": 4
                    },
                    {
                      "Node Type": "Hash",
                      "Parent Relationship": "Inner",
                      "Parallel Aware": true,
                      "Startup Cost": 91038.85,
                      "Total Cost": 91038.85,
                      "Plan Rows": 202300,
                      "Plan Width": 8,
                      "Actual Startup Time": 515.357,
                      "Actual Total Time": 515.364,
                      "Actual Rows": 350226,
                      "Actual Loops": 4,
                      "Hash Buckets": 2097152,
                      "Original Hash Buckets": 1048576,
                      "Hash Batches": 1,
                      "Original Hash Batches": 1,
                      "Peak Memory Usage": 79424,
                      "Plans": [
                        {
                          "Node Type": "Hash Join",
                          "Parent Relationship": "Outer",
                          "Parallel Aware": true,
                          "Join Type": "Inner",
                          "Startup Cost": 46982.15,
                          "Total Cost": 91038.85,
                          "Plan Rows": 202300,
                          "Plan Width": 8,
                          "Actual Startup Time": 194.448,
                          "Actual Total Time": 395.91,
                          "Actual Rows": 350226,
                          "Actual Loops": 4,
                          "Inner Unique": true,
                          "Hash Cond": "(mk.movie_id = t.id)",
                          "Plans": [
                            {
                              "Node Type": "Seq Scan",
                              "Parent Relationship": "Outer",
                              "Parallel Aware": true,
                              "Relation Name": "movie_keyword",
                              "Alias": "mk",
                              "Startup Cost": 0.0,
                              "Total Cost": 42695.65,
                              "Plan Rows": 518497,
                              "Plan Width": 4,
                              "Actual Startup Time": 0.037,
                              "Actual Total Time": 107.115,
                              "Actual Rows": 401547,
                              "Actual Loops": 4,
                              "Filter": "(keyword_id < 2488)",
                              "Rows Removed by Filter": 729435
                            },
                            {
                              "Node Type": "Hash",
                              "Parent Relationship": "Inner",
                              "Parallel Aware": true,
                              "Startup Cost": 43899.32,
                              "Total Cost": 43899.32,
                              "Plan Rows": 246626,
                              "Plan Width": 4,
                              "Actual Startup Time": 191.995,
                              "Actual Total Time": 191.996,
                              "Actual Rows": 246262,
                              "Actual Loops": 4,
                              "Hash Buckets": 1048576,
                              "Original Hash Buckets": 1048576,
                              "Hash Batches": 1,
                              "Original Hash Batches": 1,
                              "Peak Memory Usage": 46784,
                              "Plans": [
                                {
                                  "Node Type": "Seq Scan",
                                  "Parent Relationship": "Outer",
                                  "Parallel Aware": true,
                                  "Relation Name": "title",
                                  "Alias": "t",
                                  "Startup Cost": 0.0,
                                  "Total Cost": 43899.32,
                                  "Plan Rows": 246626,
                                  "Plan Width": 4,
                                  "Actual Startup Time": 0.054,
                                  "Actual Total Time": 102.98,
                                  "Actual Rows": 246262,
                                  "Actual Loops": 4,
                                  "Filter": "(kind_id < 7)",
                                  "Rows Removed by Filter": 385816
                                }
                              ]
                            }
                          ]
                        }
                      ]
                    }
                  ]
                }
              ]
            }
          ]
        }
      ]
    },
    "Planning Time": 0.603,
    "Triggers": [],
    "Execution Time": 1086.413
  }
]