[
  {
    "Plan": {
      "Node Type": "Aggregate",
      "Strategy": "Plain",
      "Partial Mode": "Finalize",
      "Parallel Aware": false,
      "Startup Cost": 82319.1,
      "Total Cost": 82319.11,
      "Plan Rows": 1,
      "Plan Width": 8,
      "Actual Startup Time": 238.388,
      "Actual Total Time": 253.17,
      "Actual Rows": 1,
      "Actual Loops": 1,
      "Plans": [
        {
          "Node Type": "Gather",
          "Parent Relationship": "Outer",
          "Parallel Aware": false,
          "Startup Cost": 82318.68,
          "Total Cost": 82319.09,
          "Plan Rows": 4,
          "Plan Width": 8,
          "Actual Startup Time": 237.298,
          "Actual Total Time": 253.162,
          "Actual Rows": 5,
          "Actual Loops": 1,
          "Workers Planned": 4,
          "Workers Launched": 4,
          "Single Copy": false,
          "Plans": [
            {
              "Node Type": "Aggregate",
              "Strategy": "Plain",
              "Partial Mode": "Partial",
              "Parent Relationship": "Outer",
              "Parallel Aware": false,
              "Startup Cost": 81318.68,
              "Total Cost": 81318.69,
              "Plan Rows": 1,
              "Plan Width": 8,
              "Actual Startup Time": 227.074,
              "Actual Total Time": 227.078,
              "Actual Rows": 1,
              "Actual Loops": 5,
              "Plans": [
                {
                  "Node Type": "Nested Loop",
                  "Parent Relationship": "Outer",
                  "Parallel Aware": false,
                  "Join Type": "Inner",
                  "Startup Cost": 21882.95,
                  "Total Cost": 81283.22,
                  "Plan Rows": 14186,
                  "Plan Width": 0,
                  "Actual Startup Time": 135.449,
                  "Actual Total Time": 225.719,
                  "Actual Rows": 28546,
                  "Actual Loops": 5,
                  "Inner Unique": false,
                  "Plans": [
                    {
                      "Node Type": "Hash Join",
                      "Parent Relationship": "Outer",
                      "Parallel Aware": true,
                      "Join Type": "Inner",
                      "Startup Cost": 21882.53,
                      "Total Cost": 67445.46,
                      "Plan Rows": 25990,
                      "Plan Width": 8,
                      "Actual Startup Time": 133.351,
                      "Actual Total Time": 174.67,
                      "Actual Rows": 19685,
                      "Actual Loops": 5,
                      "Inner Unique": false,
                      "Hash Cond": "(t.id = mc.movie_id)",
                      "Plans": [
                        {
                          "Node Type": "Seq Scan",
                          "Parent Relationship": "Outer",
                          "Parallel Aware": true,
                          "Relation Name": "title",
                          "Alias": "t",
                          "Startup Cost": 0.0,
                          "Total Cost": 42318.73,
                          "Plan Rows": 632073,
                          "Plan Width": 4,
                          "Actual Startup Time": 0.014,
                          "Actual Total Time": 64.344,
                          "Actual Rows": 505662,
                          "Actual Loops": 5
                        },
                        {
                          "Node Type": "Hash",
                          "Parent Relationship": "Inner",
                          "Parallel Aware": true,
                          "Startup Cost": 21463.33,
                          "Total Cost": 21463.33,
                          "Plan Rows": 33536,
                          "Plan Width": 4,
                          "Actual Startup Time": 36.47,
                          "Actual Total Time": 36.471,
                          "Actual Rows": 19685,
                          "Actual Loops": 5,
                          "Hash Buckets": 131072,
                          "Original Hash Buckets": 131072,
                          "Hash Batches": 1,
                          "Original Hash Batches": 1,
                          "Peak Memory Usage": 4928,
                          "Plans": [
                            {
                              "Node Type": "Bitmap Heap Scan",
                              "Parent Relationship": "Outer",
                              "Parallel Aware": true,
                              "Relation Name": "movie_companies",
                              "Alias": "mc",
                              "Startup Cost": 2254.13,
                              "Total Cost": 21463.33,
                              "Plan Rows": 33536,
                              "Plan Width": 4,
                              "Actual Startup Time": 7.811,
                              "Actual Total Time": 25.988,
                              "Actual Rows": 19685,
                              "Actual Loops": 5,
                              "Recheck Cond": "(company_id > 158464)",
                              "Rows Removed by Index Recheck": 0,
                              "Exact Heap Blocks": 1369,
                              "Lossy Heap Blocks": 0,
                              "Plans": [
                                {
                                  "Node Type": "Bitmap Index Scan",
                                  "Parent Relationship": "Outer",
                                  "Parallel Aware": false,
                                  "Index Name": "company_id_movie_companies",
                                  "Startup Cost": 0.0,
                                  "Total Cost": 2228.14,
                                  "Plan Rows": 103961,
                                  "Plan Width": 0,
                                  "Actual Startup Time": 11.806,
                                  "Actual Total Time": 11.806,
                                  "Actual Rows": 98425,
                                  "Actual Loops": 1,
                                  "Index Cond": "(company_id > 158464)"
                                }
                              ]
                            }
                          ]
                        }
                      ]
                    },
                    {
                      "Node Type": "Index Only Scan",
                      "Parent Relationship": "Inner",
                      "Parallel Aware": false,
                      "Scan Direction": "Forward",
                      "Index Name": "movie_id_movie_info_idx",
                      "Relation Name": "movie_info_idx",
                      "Alias": "mi_idx",
                      "Startup Cost": 0.43,
                      "Total Cost": 0.5,
                      "Plan Rows": 3,
                      "Plan Width": 4,
                      "Actual Startup Time": 0.002,
                      "Actual Total Time": 0.002,
                      "Actual Rows": 1,
                      "Actual Loops": 98425,
                      "Index Cond": "(movie_id = t.id)",
                      "Rows Removed by Index Recheck": 0,
                      "Heap Fetches": 142732
                    }
                  ]
                }
              ]
            }
          ]
        }
      ]
    },
    "Planning Time": 1.373,
    "Triggers": [],
    "Execution Time": 253.271
  }
]