[
  {
    "Plan": {
      "Node Type": "Aggregate",
      "Strategy": "Plain",
      "Partial Mode": "Finalize",
      "Parallel Aware": false,
      "Startup Cost": 79847.3,
      "Total Cost": 79847.31,
      "Plan Rows": 1,
      "Plan Width": 8,
      "Actual Startup Time": 333.037,
      "Actual Total Time": 353.515,
      "Actual Rows": 1,
      "Actual Loops": 1,
      "Plans": [
        {
          "Node Type": "Gather",
          "Parent Relationship": "Outer",
          "Parallel Aware": false,
          "Startup Cost": 79846.98,
          "Total Cost": 79847.29,
          "Plan Rows": 3,
          "Plan Width": 8,
          "Actual Startup Time": 328.183,
          "Actual Total Time": 353.503,
          "Actual Rows": 4,
          "Actual Loops": 1,
          "Workers Planned": 3,
          "Workers Launched": 3,
          "Single Copy": false,
          "Plans": [
            {
              "Node Type": "Aggregate",
              "Strategy": "Plain",
              "Partial Mode": "Partial",
              "Parent Relationship": "Outer",
              "Parallel Aware": false,
              "Startup Cost": 78846.98,
              "Total Cost": 78846.99,
              "Plan Rows": 1,
              "Plan Width": 8,
              "Actual Startup Time": 318.925,
              "Actual Total Time": 318.929,
              "Actual Rows": 1,
              "Actual Loops": 4,
              "Plans": [
                {
                  "Node Type": "Hash Join",
                  "Parent Relationship": "Outer",
                  "Parallel Aware": true,
                  "Join Type": "Inner",
                  "Startup Cost": 46981.55,
                  "Total Cost": 78777.91,
                  "Plan Rows": 27629,
                  "Plan Width": 0,
                  "Actual Startup Time": 250.203,
                  "Actual Total Time": 318.313,
                  "Actual Rows": 8820,
                  "Actual Loops": 4,
                  "Inner Unique": true,
                  "Hash Cond": "(mc.movie_id = t.id)",
                  "Plans": [
                    {
                      "Node Type": "Seq Scan",
                      "Parent Relationship": "Outer",
                      "Parallel Aware": true,
                      "Relation Name": "movie_companies",
                      "Alias": "mc",
                      "Startup Cost": 0.0,
                      "Total Cost": 31414.82,
                      "Plan Rows": 145349,
                      "Plan Width": 4,
                      "Actual Startup Time": 44.137,
                      "Actual Total Time": 86.083,
                      "Actual Rows": 64438,
                      "Actual Loops": 4,
                      "Filter": "((company_id < 2653) AND (company_type_id = 2))",
                      "Rows Removed by Filter": 587844
                    },
                    {
                      "Node Type": "Hash",
                      "Parent Relationship": "Inner",
                      "Parallel Aware": true,
                      "Startup Cost": 45479.59,
                      "Total Cost": 45479.59,
                      "Plan Rows": 120157,
                      "Plan Width": 4,
                      "Actual Startup Time": 202.176,
                      "Actual Total Time": 202.178,
                      "Actual Rows": 130146,
                      "Actual Loops": 4,
                      "Hash Buckets": 524288,
                      "Original Hash Buckets": 524288,
                      "Hash Batches": 1,
                      "Original Hash Batches": 1,
                      "Peak Memory Usage": 24512,
                      "Plans": [
                        {
                          "Node Type": "Seq Scan",
                          "Parent Relationship": "Outer",
                          "Parallel Aware": true,
                          "Relation Name": "title",
                          "Alias": "t",
                          "Startup Cost": 0.0,
                          "Total Cost": 45479.59,
                          "Plan Rows": 120157,
                          "Plan Width": 4,
                          "Actual Startup Time": 0.056,
                          "Actual Total Time": 134.073,
                          "Actual Rows": 130146,
                          "Actual Loops": 4,
                          "Filter": "((kind_id > 4) AND (production_year > 2007))",
                          "Rows Removed by Filter": 501932
                        }
                      ]
                    }
                  ]
                }
              ]
            }
          ]
        }
      ]
    },
    "Planning Time": 0.691,
    "Triggers": [],
    "Execution Time": 353.59
  }
]