[
    {
        "Bao": {
            "Bao prediction": 445.976,
            "Bao recommended hint": "(no hint)"
        }
    },
    {
        "Plan": {
            "Node Type": "Aggregate",
            "Strategy": "Plain",
            "Partial Mode": "Finalize",
            "Parallel Aware": false,
            "Startup Cost": 33033.26,
            "Total Cost": 33033.27,
            "Plan Rows": 1,
            "Plan Width": 8,
            "Actual Startup Time": 102.58,
            "Actual Total Time": 106.067,
            "Actual Rows": 1,
            "Actual Loops": 1,
            "Output": [
                "count(*)"
            ],
            "Plans": [
                {
                    "Node Type": "Gather",
                    "Parent Relationship": "Outer",
                    "Parallel Aware": false,
                    "Startup Cost": 33032.94,
                    "Total Cost": 33033.25,
                    "Plan Rows": 3,
                    "Plan Width": 8,
                    "Actual Startup Time": 102.529,
                    "Actual Total Time": 106.059,
                    "Actual Rows": 4,
                    "Actual Loops": 1,
                    "Output": [
                        "(PARTIAL count(*))"
                    ],
                    "Workers Planned": 3,
                    "Workers Launched": 3,
                    "Single Copy": false,
                    "Plans": [
                        {
                            "Node Type": "Aggregate",
                            "Strategy": "Plain",
                            "Partial Mode": "Partial",
                            "Parent Relationship": "Outer",
                            "Parallel Aware": false,
                            "Startup Cost": 32032.94,
                            "Total Cost": 32032.95,
                            "Plan Rows": 1,
                            "Plan Width": 8,
                            "Actual Startup Time": 94.874,
                            "Actual Total Time": 94.875,
                            "Actual Rows": 1,
                            "Actual Loops": 4,
                            "Output": [
                                "PARTIAL count(*)"
                            ],
                            "Workers": [
                                {
                                    "Worker Number": 0,
                                    "Actual Startup Time": 92.464,
                                    "Actual Total Time": 92.464,
                                    "Actual Rows": 1,
                                    "Actual Loops": 1
                                },
                                {
                                    "Worker Number": 1,
                                    "Actual Startup Time": 92.457,
                                    "Actual Total Time": 92.458,
                                    "Actual Rows": 1,
                                    "Actual Loops": 1
                                },
                                {
                                    "Worker Number": 2,
                                    "Actual Startup Time": 92.649,
                                    "Actual Total Time": 92.65,
                                    "Actual Rows": 1,
                                    "Actual Loops": 1
                                }
                            ],
                            "Plans": [
                                {
                                    "Node Type": "Seq Scan",
                                    "Parent Relationship": "Outer",
                                    "Parallel Aware": true,
                                    "Relation Name": "movie_companies",
                                    "Schema": "public",
                                    "Alias": "mc",
                                    "Startup Cost": 0.0,
                                    "Total Cost": 31414.82,
                                    "Plan Rows": 247248,
                                    "Plan Width": 0,
                                    "Actual Startup Time": 47.861,
                                    "Actual Total Time": 83.561,
                                    "Actual Rows": 245767,
                                    "Actual Loops": 4,
                                    "Output": [
                                        "id",
                                        "movie_id",
                                        "company_id",
                                        "company_type_id",
                                        "note"
                                    ],
                                    "Filter": "((mc.company_id > 7642) AND (mc.company_type_id > 1))",
                                    "Rows Removed by Filter": 406515,
                                    "Workers": [
                                        {
                                            "Worker Number": 0,
                                            "Actual Startup Time": 45.44,
                                            "Actual Total Time": 81.414,
                                            "Actual Rows": 260881,
                                            "Actual Loops": 1
                                        },
                                        {
                                            "Worker Number": 1,
                                            "Actual Startup Time": 45.458,
                                            "Actual Total Time": 81.335,
                                            "Actual Rows": 264198,
                                            "Actual Loops": 1
                                        },
                                        {
                                            "Worker Number": 2,
                                            "Actual Startup Time": 45.635,
                                            "Actual Total Time": 81.548,
                                            "Actual Rows": 263344,
                                            "Actual Loops": 1
                                        }
                                    ]
                                }
                            ]
                        }
                    ]
                }
            ]
        },
        "Planning Time": 296.191,
        "Triggers": [],
        "Execution Time": 106.157
    }
]