[
  {
    "Plan": {
      "Node Type": "Aggregate",
      "Strategy": "Plain",
      "Partial Mode": "Finalize",
      "Parallel Aware": false,
      "Startup Cost": 95084.04,
      "Total Cost": 95084.05,
      "Plan Rows": 1,
      "Plan Width": 8,
      "Actual Startup Time": 447.602,
      "Actual Total Time": 471.883,
      "Actual Rows": 1,
      "Actual Loops": 1,
      "Plans": [
        {
          "Node Type": "Gather",
          "Parent Relationship": "Outer",
          "Parallel Aware": false,
          "Startup Cost": 95083.73,
          "Total Cost": 95084.04,
          "Plan Rows": 3,
          "Plan Width": 8,
          "Actual Startup Time": 444.433,
          "Actual Total Time": 471.872,
          "Actual Rows": 4,
          "Actual Loops": 1,
          "Workers Planned": 3,
          "Workers Launched": 3,
          "Single Copy": false,
          "Plans": [
            {
              "Node Type": "Aggregate",
              "Strategy": "Plain",
              "Partial Mode": "Partial",
              "Parent Relationship": "Outer",
              "Parallel Aware": false,
              "Startup Cost": 94083.73,
              "Total Cost": 94083.74,
              "Plan Rows": 1,
              "Plan Width": 8,
              "Actual Startup Time": 435.611,
              "Actual Total Time": 435.615,
              "Actual Rows": 1,
              "Actual Loops": 4,
              "Plans": [
                {
                  "Node Type": "Hash Join",
                  "Parent Relationship": "Outer",
                  "Parallel Aware": true,
                  "Join Type": "Inner",
                  "Startup Cost": 47456.86,
                  "Total Cost": 93327.12,
                  "Plan Rows": 302641,
                  "Plan Width": 0,
                  "Actual Startup Time": 166.594,
                  "Actual Total Time": 415.232,
                  "Actual Rows": 409325,
                  "Actual Loops": 4,
                  "Inner Unique": true,
                  "Hash Cond": "(mk.movie_id = t.id)",
                  "Plans": [
                    {
                      "Node Type": "Seq Scan",
                      "Parent Relationship": "Outer",
                      "Parallel Aware": true,
                      "Relation Name": "movie_keyword",
                      "Alias": "mk",
                      "Startup Cost": 0.0,
                      "Total Cost": 42695.65,
                      "Plan Rows": 1209375,
                      "Plan Width": 4,
                      "Actual Startup Time": 0.054,
                      "Actual Total Time": 128.409,
                      "Actual Rows": 936605,
                      "Actual Loops": 4,
                      "Filter": "(keyword_id > 738)",
                      "Rows Removed by Filter": 194378
                    },
                    {
                      "Node Type": "Hash",
                      "Parent Relationship": "Inner",
                      "Parallel Aware": true,
                      "Startup Cost": 45479.59,
                      "Total Cost": 45479.59,
                      "Plan Rows": 158182,
                      "Plan Width": 4,
                      "Actual Startup Time": 162.965,
                      "Actual Total Time": 162.966,
                      "Actual Rows": 133146,
                      "Actual Loops": 4,
                      "Hash Buckets": 1048576,
                      "Original Hash Buckets": 1048576,
                      "Hash Batches": 1,
                      "Original Hash Batches": 1,
                      "Peak Memory Usage": 29056,
                      "Plans": [
                        {
                          "Node Type": "Seq Scan",
                          "Parent Relationship": "Outer",
                          "Parallel Aware": true,
                          "Relation Name": "title",
                          "Alias": "t",
                          "Startup Cost": 0.0,
                          "Total Cost": 45479.59,
                          "Plan Rows": 158182,
                          "Plan Width": 4,
                          "Actual Startup Time": 0.054,
                          "Actual Total Time": 112.291,
                          "Actual Rows": 133146,
                          "Actual Loops": 4,
                          "Filter": "((kind_id < 7) AND (production_year > 1995))",
                          "Rows Removed by Filter": 498932
                        }
                      ]
                    }
                  ]
                }
              ]
            }
          ]
        }
      ]
    },
    "Planning Time": 0.353,
    "Triggers": [],
    "Execution Time": 471.929
  }
]