[
  {
    "Plan": {
      "Node Type": "Aggregate",
      "Strategy": "Plain",
      "Partial Mode": "Finalize",
      "Parallel Aware": false,
      "Startup Cost": 31823.01,
      "Total Cost": 31823.02,
      "Plan Rows": 1,
      "Plan Width": 8,
      "Actual Startup Time": 111.205,
      "Actual Total Time": 119.822,
      "Actual Rows": 1,
      "Actual Loops": 1,
      "Plans": [
        {
          "Node Type": "Gather",
          "Parent Relationship": "Outer",
          "Parallel Aware": false,
          "Startup Cost": 31822.69,
          "Total Cost": 31823.0,
          "Plan Rows": 3,
          "Plan Width": 8,
          "Actual Startup Time": 111.062,
          "Actual Total Time": 119.814,
          "Actual Rows": 4,
          "Actual Loops": 1,
          "Workers Planned": 3,
          "Workers Launched": 3,
          "Single Copy": false,
          "Plans": [
            {
              "Node Type": "Aggregate",
              "Strategy": "Plain",
              "Partial Mode": "Partial",
              "Parent Relationship": "Outer",
              "Parallel Aware": false,
              "Startup Cost": 30822.69,
              "Total Cost": 30822.7,
              "Plan Rows": 1,
              "Plan Width": 8,
              "Actual Startup Time": 104.032,
              "Actual Total Time": 104.033,
              "Actual Rows": 1,
              "Actual Loops": 4,
              "Plans": [
                {
                  "Node Type": "Seq Scan",
                  "Parent Relationship": "Outer",
                  "Parallel Aware": true,
                  "Relation Name": "movie_companies",
                  "Alias": "mc",
                  "Startup Cost": 0.0,
                  "Total Cost": 29310.68,
                  "Plan Rows": 604804,
                  "Plan Width": 0,
                  "Actual Startup Time": 0.032,
                  "Actual Total Time": 80.478,
                  "Actual Rows": 470276,
                  "Actual Loops": 4,
                  "Filter": "(company_id < 40919)",
                  "Rows Removed by Filter": 182006
                }
              ]
            }
          ]
        }
      ]
    },
    "Planning Time": 0.161,
    "Triggers": [],
    "Execution Time": 119.874
  }
]