[
  {
    "Plan": {
      "Node Type": "Aggregate",
      "Strategy": "Plain",
      "Partial Mode": "Finalize",
      "Parallel Aware": false,
      "Startup Cost": 394653.5,
      "Total Cost": 394653.51,
      "Plan Rows": 1,
      "Plan Width": 8,
      "Actual Startup Time": 983.389,
      "Actual Total Time": 1058.1,
      "Actual Rows": 1,
      "Actual Loops": 1,
      "Plans": [
        {
          "Node Type": "Gather",
          "Parent Relationship": "Outer",
          "Parallel Aware": false,
          "Startup Cost": 394652.88,
          "Total Cost": 394653.49,
          "Plan Rows": 6,
          "Plan Width": 8,
          "Actual Startup Time": 982.055,
          "Actual Total Time": 1058.089,
          "Actual Rows": 7,
          "Actual Loops": 1,
          "Workers Planned": 6,
          "Workers Launched": 6,
          "Single Copy": false,
          "Plans": [
            {
              "Node Type": "Aggregate",
              "Strategy": "Plain",
              "Partial Mode": "Partial",
              "Parent Relationship": "Outer",
              "Parallel Aware": false,
              "Startup Cost": 393652.88,
              "Total Cost": 393652.89,
              "Plan Rows": 1,
              "Plan Width": 8,
              "Actual Startup Time": 970.29,
              "Actual Total Time": 970.293,
              "Actual Rows": 1,
              "Actual Loops": 7,
              "Plans": [
                {
                  "Node Type": "Hash Join",
                  "Parent Relationship": "Outer",
                  "Parallel Aware": true,
                  "Join Type": "Inner",
                  "Startup Cost": 45850.16,
                  "Total Cost": 393458.26,
                  "Plan Rows": 77846,
                  "Plan Width": 0,
                  "Actual Startup Time": 422.133,
                  "Actual Total Time": 966.671,
                  "Actual Rows": 54126,
                  "Actual Loops": 7,
                  "Inner Unique": true,
                  "Hash Cond": "(ci.movie_id = t.id)",
                  "Plans": [
                    {
                      "Node Type": "Seq Scan",
                      "Parent Relationship": "Outer",
                      "Parallel Aware": true,
                      "Relation Name": "cast_info",
                      "Alias": "ci",
                      "Startup Cost": 0.0,
                      "Total Cost": 343257.03,
                      "Plan Rows": 1657546,
                      "Plan Width": 4,
                      "Actual Startup Time": 321.007,
                      "Actual Total Time": 707.024,
                      "Actual Rows": 959593,
                      "Actual Loops": 7,
                      "Filter": "((person_id > 2327393) AND (role_id < 5))",
                      "Rows Removed by Filter": 4218170
                    },
                    {
                      "Node Type": "Hash",
                      "Parent Relationship": "Inner",
                      "Parallel Aware": true,
                      "Startup Cost": 45479.1,
                      "Total Cost": 45479.1,
                      "Plan Rows": 29685,
                      "Plan Width": 4,
                      "Actual Startup Time": 99.07,
                      "Actual Total Time": 99.071,
                      "Actual Rows": 17821,
                      "Actual Loops": 7,
                      "Hash Buckets": 131072,
                      "Original Hash Buckets": 131072,
                      "Hash Batches": 1,
                      "Original Hash Batches": 1,
                      "Peak Memory Usage": 6016,
                      "Plans": [
                        {
                          "Node Type": "Seq Scan",
                          "Parent Relationship": "Outer",
                          "Parallel Aware": true,
                          "Relation Name": "title",
                          "Alias": "t",
                          "Startup Cost": 0.0,
                          "Total Cost": 45479.1,
                          "Plan Rows": 29685,
                          "Plan Width": 4,
                          "Actual Startup Time": 0.049,
                          "Actual Total Time": 89.084,
                          "Actual Rows": 17821,
                          "Actual Loops": 7,
                          "Filter": "((kind_id > 1) AND (production_year = 2012))",
                          "Rows Removed by Filter": 343366
                        }
                      ]
                    }
                  ]
                }
              ]
            }
          ]
        }
      ]
    },
    "Planning Time": 0.888,
    "Triggers": [],
    "Execution Time": 1058.203
  }
]