{
  "Plan": {
    "Node Type": "Aggregate",
    "Strategy": "Plain",
    "Partial Mode": "Finalize",
    "Parallel Aware": false,
    "Startup Cost": 86312.62,
    "Total Cost": 86312.63,
    "Plan Rows": 1,
    "Plan Width": 8,
    "Actual Startup Time": 52.107,
    "Actual Total Time": 58.201,
    "Actual Rows": 1,
    "Actual Loops": 1,
    "Plans": [
      {
        "Node Type": "Gather",
        "Parent Relationship": "Outer",
        "Parallel Aware": false,
        "Startup Cost": 86312.51,
        "Total Cost": 86312.62,
        "Plan Rows": 1,
        "Plan Width": 8,
        "Actual Startup Time": 50.557,
        "Actual Total Time": 58.194,
        "Actual Rows": 2,
        "Actual Loops": 1,
        "Workers Planned": 1,
        "Workers Launched": 1,
        "Single Copy": false,
        "Plans": [
          {
            "Node Type": "Aggregate",
            "Strategy": "Plain",
            "Partial Mode": "Partial",
            "Parent Relationship": "Outer",
            "Parallel Aware": false,
            "Startup Cost": 85312.51,
            "Total Cost": 85312.52,
            "Plan Rows": 1,
            "Plan Width": 8,
            "Actual Startup Time": 45.063,
            "Actual Total Time": 45.065,
            "Actual Rows": 1,
            "Actual Loops": 2,
            "Plans": [
              {
                "Node Type": "Nested Loop",
                "Parent Relationship": "Outer",
                "Parallel Aware": false,
                "Join Type": "Inner",
                "Startup Cost": 385.58,
                "Total Cost": 85292.95,
                "Plan Rows": 7824,
                "Plan Width": 0,
                "Actual Startup Time": 19.289,
                "Actual Total Time": 45.002,
                "Actual Rows": 665,
                "Actual Loops": 2,
                "Inner Unique": false,
                "Plans": [
                  {
                    "Node Type": "Nested Loop",
                    "Parent Relationship": "Outer",
                    "Parallel Aware": false,
                    "Join Type": "Inner",
                    "Startup Cost": 385.01,
                    "Total Cost": 78563.88,
                    "Plan Rows": 627,
                    "Plan Width": 8,
                    "Actual Startup Time": 2.126,
                    "Actual Total Time": 41.626,
                    "Actual Rows": 56,
                    "Actual Loops": 2,
                    "Inner Unique": true,
                    "Plans": [
                      {
                        "Node Type": "Bitmap Heap Scan",
                        "Parent Relationship": "Outer",
                        "Parallel Aware": true,
                        "Relation Name": "movie_companies",
                        "Alias": "mc",
                        "Startup Cost": 384.58,
                        "Total Cost": 19733.06,
                        "Plan Rows": 10334,
                        "Plan Width": 4,
                        "Actual Startup Time": 2.008,
                        "Actual Total Time": 4.478,
                        "Actual Rows": 8110,
                        "Actual Loops": 2,
                        "Recheck Cond": "(company_id = 166)",
                        "Rows Removed by Index Recheck": 0,
                        "Exact Heap Blocks": 429,
                        "Lossy Heap Blocks": 0,
                        "Plans": [
                          {
                            "Node Type": "Bitmap Index Scan",
                            "Parent Relationship": "Outer",
                            "Parallel Aware": false,
                            "Index Name": "company_id_movie_companies",
                            "Startup Cost": 0.0,
                            "Total Cost": 380.19,
                            "Plan Rows": 17568,
                            "Plan Width": 0,
                            "Actual Startup Time": 3.657,
                            "Actual Total Time": 3.657,
                            "Actual Rows": 16220,
                            "Actual Loops": 1,
                            "Index Cond": "(company_id = 166)"
                          }
                        ]
                      },
                      {
                        "Node Type": "Index Scan",
                        "Parent Relationship": "Inner",
                        "Parallel Aware": false,
                        "Scan Direction": "Forward",
                        "Index Name": "title_pkey",
                        "Relation Name": "title",
                        "Alias": "t",
                        "Startup Cost": 0.43,
                        "Total Cost": 5.69,
                        "Plan Rows": 1,
                        "Plan Width": 4,
                        "Actual Startup Time": 0.004,
                        "Actual Total Time": 0.004,
                        "Actual Rows": 0,
                        "Actual Loops": 16220,
                        "Index Cond": "(id = mc.movie_id)",
                        "Rows Removed by Index Recheck": 0,
                        "Filter": "((kind_id < 7) AND (production_year > 2010))",
                        "Rows Removed by Filter": 1
                      }
                    ]
                  },
                  {
                    "Node Type": "Index Scan",
                    "Parent Relationship": "Inner",
                    "Parallel Aware": false,
                    "Scan Direction": "Forward",
                    "Index Name": "movie_id_cast_info",
                    "Relation Name": "cast_info",
                    "Alias": "ci",
                    "Startup Cost": 0.56,
                    "Total Cost": 10.41,
                    "Plan Rows": 32,
                    "Plan Width": 4,
                    "Actual Startup Time": 0.015,
                    "Actual Total Time": 0.059,
                    "Actual Rows": 12,
                    "Actual Loops": 112,
                    "Index Cond": "(movie_id = t.id)",
                    "Rows Removed by Index Recheck": 0,
                    "Filter": "(role_id < 10)",
                    "Rows Removed by Filter": 8
                  }
                ]
              }
            ]
          }
        ]
      }
    ]
  },
  "Planning Time": 1.055,
  "Triggers": [],
  "Execution Time": 58.296
}