[
  {
    "Plan": {
      "Node Type": "Aggregate",
      "Strategy": "Plain",
      "Partial Mode": "Finalize",
      "Parallel Aware": false,
      "Startup Cost": 377377.85,
      "Total Cost": 377377.86,
      "Plan Rows": 1,
      "Plan Width": 8,
      "Actual Startup Time": 1721.438,
      "Actual Total Time": 1770.586,
      "Actual Rows": 1,
      "Actual Loops": 1,
      "Plans": [
        {
          "Node Type": "Gather",
          "Parent Relationship": "Outer",
          "Parallel Aware": false,
          "Startup Cost": 377377.33,
          "Total Cost": 377377.84,
          "Plan Rows": 5,
          "Plan Width": 8,
          "Actual Startup Time": 1706.544,
          "Actual Total Time": 1770.571,
          "Actual Rows": 6,
          "Actual Loops": 1,
          "Workers Planned": 5,
          "Workers Launched": 5,
          "Single Copy": false,
          "Plans": [
            {
              "Node Type": "Aggregate",
              "Strategy": "Plain",
              "Partial Mode": "Partial",
              "Parent Relationship": "Outer",
              "Parallel Aware": false,
              "Startup Cost": 376377.33,
              "Total Cost": 376377.34,
              "Plan Rows": 1,
              "Plan Width": 8,
              "Actual Startup Time": 1685.432,
              "Actual Total Time": 1685.895,
              "Actual Rows": 1,
              "Actual Loops": 6,
              "Plans": [
                {
                  "Node Type": "Hash Join",
                  "Parent Relationship": "Outer",
                  "Parallel Aware": true,
                  "Join Type": "Inner",
                  "Startup Cost": 167719.3,
                  "Total Cost": 373216.29,
                  "Plan Rows": 1264418,
                  "Plan Width": 0,
                  "Actual Startup Time": 932.027,
                  "Actual Total Time": 1648.34,
                  "Actual Rows": 828898,
                  "Actual Loops": 6,
                  "Inner Unique": false,
                  "Hash Cond": "(mi.movie_id = t.id)",
                  "Plans": [
                    {
                      "Node Type": "Seq Scan",
                      "Parent Relationship": "Outer",
                      "Parallel Aware": true,
                      "Relation Name": "movie_info",
                      "Alias": "mi",
                      "Startup Cost": 0.0,
                      "Total Cost": 198952.16,
                      "Plan Rows": 1070929,
                      "Plan Width": 4,
                      "Actual Startup Time": 0.032,
                      "Actual Total Time": 328.113,
                      "Actual Rows": 901753,
                      "Actual Loops": 6,
                      "Filter": "(info_type_id < 6)",
                      "Rows Removed by Filter": 1570867
                    },
                    {
                      "Node Type": "Hash",
                      "Parent Relationship": "Inner",
                      "Parallel Aware": true,
                      "Startup Cost": 160256.58,
                      "Total Cost": 160256.58,
                      "Plan Rows": 597018,
                      "Plan Width": 8,
                      "Actual Startup Time": 923.931,
                      "Actual Total Time": 924.393,
                      "Actual Rows": 511863,
                      "Actual Loops": 6,
                      "Hash Buckets": 4194304,
                      "Original Hash Buckets": 4194304,
                      "Hash Batches": 1,
                      "Original Hash Batches": 1,
                      "Peak Memory Usage": 153024,
                      "Plans": [
                        {
                          "Node Type": "Hash Join",
                          "Parent Relationship": "Outer",
                          "Parallel Aware": true,
                          "Join Type": "Inner",
                          "Startup Cost": 49727.72,
                          "Total Cost": 160256.58,
                          "Plan Rows": 597018,
                          "Plan Width": 8,
                          "Actual Startup Time": 234.453,
                          "Actual Total Time": 694.951,
                          "Actual Rows": 511863,
                          "Actual Loops": 6,
                          "Inner Unique": true,
                          "Hash Cond": "(ci.movie_id = t.id)",
                          "Plans": [
                            {
                              "Node Type": "Index Scan",
                              "Parent Relationship": "Outer",
                              "Parallel Aware": true,
                              "Scan Direction": "Forward",
                              "Index Name": "role_id_cast_info",
                              "Relation Name": "cast_info",
                              "Alias": "ci",
                              "Startup Cost": 0.56,
                              "Total Cost": 108404.92,
                              "Plan Rows": 809334,
                              "Plan Width": 4,
                              "Actual Startup Time": 0.172,
                              "Actual Total Time": 132.781,
                              "Actual Rows": 668006,
                              "Actual Loops": 6,
                              "Index Cond": "(role_id = 3)",
                              "Rows Removed by Index Recheck": 0
                            },
                            {
                              "Node Type": "Hash",
                              "Parent Relationship": "Inner",
                              "Parallel Aware": true,
                              "Startup Cost": 43898.92,
                              "Total Cost": 43898.92,
                              "Plan Rows": 466259,
                              "Plan Width": 4,
                              "Actual Startup Time": 231.247,
                              "Actual Total Time": 231.25,
                              "Actual Rows": 310914,
                              "Actual Loops": 6,
                              "Hash Buckets": 2097152,
                              "Original Hash Buckets": 2097152,
                              "Hash Batches": 1,
                              "Original Hash Batches": 1,
                              "Peak Memory Usage": 89408,
                              "Plans": [
                                {
                                  "Node Type": "Seq Scan",
                                  "Parent Relationship": "Outer",
                                  "Parallel Aware": true,
                                  "Relation Name": "title",
                                  "Alias": "t",
                                  "Startup Cost": 0.0,
                                  "Total Cost": 43898.92,
                                  "Plan Rows": 466259,
                                  "Plan Width": 4,
                                  "Actual Startup Time": 0.052,
                                  "Actual Total Time": 91.407,
                                  "Actual Rows": 310914,
                                  "Actual Loops": 6,
                                  "Filter": "(kind_id > 1)",
                                  "Rows Removed by Filter": 110471
                                }
                              ]
                            }
                          ]
                        }
                      ]
                    }
                  ]
                }
              ]
            }
          ]
        }
      ]
    },
    "Planning Time": 1.338,
    "Triggers": [],
    "Execution Time": 1770.677
  }
]