[
    {
        "Bao": {
            "Bao prediction": "NaN",
            "Bao recommended hint": "(no hint)"
        }
    },
    {
        "Plan": {
            "Node Type": "Aggregate",
            "Strategy": "Plain",
            "Partial Mode": "Finalize",
            "Parallel Aware": false,
            "Startup Cost": 69569.01,
            "Total Cost": 69569.02,
            "Plan Rows": 1,
            "Plan Width": 8,
            "Actual Startup Time": 230.384,
            "Actual Total Time": 238.727,
            "Actual Rows": 1,
            "Actual Loops": 1,
            "Output": [
                "count(*)"
            ],
            "Plans": [
                {
                    "Node Type": "Gather",
                    "Parent Relationship": "Outer",
                    "Parallel Aware": false,
                    "Startup Cost": 69568.59,
                    "Total Cost": 69569.0,
                    "Plan Rows": 4,
                    "Plan Width": 8,
                    "Actual Startup Time": 229.033,
                    "Actual Total Time": 238.717,
                    "Actual Rows": 5,
                    "Actual Loops": 1,
                    "Output": [
                        "(PARTIAL count(*))"
                    ],
                    "Workers Planned": 4,
                    "Workers Launched": 4,
                    "Single Copy": false,
                    "Plans": [
                        {
                            "Node Type": "Aggregate",
                            "Strategy": "Plain",
                            "Partial Mode": "Partial",
                            "Parent Relationship": "Outer",
                            "Parallel Aware": false,
                            "Startup Cost": 68568.59,
                            "Total Cost": 68568.6,
                            "Plan Rows": 1,
                            "Plan Width": 8,
                            "Actual Startup Time": 219.433,
                            "Actual Total Time": 219.437,
                            "Actual Rows": 1,
                            "Actual Loops": 5,
                            "Output": [
                                "PARTIAL count(*)"
                            ],
                            "Workers": [
                                {
                                    "Worker Number": 0,
                                    "Actual Startup Time": 217.08,
                                    "Actual Total Time": 217.084,
                                    "Actual Rows": 1,
                                    "Actual Loops": 1
                                },
                                {
                                    "Worker Number": 1,
                                    "Actual Startup Time": 217.047,
                                    "Actual Total Time": 217.05,
                                    "Actual Rows": 1,
                                    "Actual Loops": 1
                                },
                                {
                                    "Worker Number": 2,
                                    "Actual Startup Time": 217.134,
                                    "Actual Total Time": 217.138,
                                    "Actual Rows": 1,
                                    "Actual Loops": 1
                                },
                                {
                                    "Worker Number": 3,
                                    "Actual Startup Time": 217.262,
                                    "Actual Total Time": 217.266,
                                    "Actual Rows": 1,
                                    "Actual Loops": 1
                                }
                            ],
                            "Plans": [
                                {
                                    "Node Type": "Hash Join",
                                    "Parent Relationship": "Outer",
                                    "Parallel Aware": true,
                                    "Join Type": "Inner",
                                    "Startup Cost": 21967.33,
                                    "Total Cost": 68514.15,
                                    "Plan Rows": 21775,
                                    "Plan Width": 0,
                                    "Actual Startup Time": 160.357,
                                    "Actual Total Time": 218.064,
                                    "Actual Rows": 17671,
                                    "Actual Loops": 5,
                                    "Inner Unique": false,
                                    "Hash Cond": "(t.id = mc.movie_id)",
                                    "Workers": [
                                        {
                                            "Worker Number": 0,
                                            "Actual Startup Time": 154.369,
                                            "Actual Total Time": 215.756,
                                            "Actual Rows": 16585,
                                            "Actual Loops": 1
                                        },
                                        {
                                            "Worker Number": 1,
                                            "Actual Startup Time": 163.524,
                                            "Actual Total Time": 215.671,
                                            "Actual Rows": 16576,
                                            "Actual Loops": 1
                                        },
                                        {
                                            "Worker Number": 2,
                                            "Actual Startup Time": 166.735,
                                            "Actual Total Time": 215.768,
                                            "Actual Rows": 16812,
                                            "Actual Loops": 1
                                        },
                                        {
                                            "Worker Number": 3,
                                            "Actual Startup Time": 151.739,
                                            "Actual Total Time": 215.965,
                                            "Actual Rows": 15783,
                                            "Actual Loops": 1
                                        }
                                    ],
                                    "Plans": [
                                        {
                                            "Node Type": "Seq Scan",
                                            "Parent Relationship": "Outer",
                                            "Parallel Aware": true,
                                            "Relation Name": "title",
                                            "Schema": "public",
                                            "Alias": "t",
                                            "Startup Cost": 0.0,
                                            "Total Cost": 43899.01,
                                            "Plan Rows": 515515,
                                            "Plan Width": 4,
                                            "Actual Startup Time": 0.016,
                                            "Actual Total Time": 105.712,
                                            "Actual Rows": 412910,
                                            "Actual Loops": 5,
                                            "Output": [
                                                "t.id",
                                                "t.title",
                                                "t.imdb_index",
                                                "t.kind_id",
                                                "t.production_year",
                                                "t.imdb_id",
                                                "t.phonetic_code",
                                                "t.episode_of_id",
                                                "t.season_nr",
                                                "t.episode_nr",
                                                "t.series_years",
                                                "t.md5sum"
                                            ],
                                            "Filter": "(t.production_year < 2011)",
                                            "Rows Removed by Filter": 92752,
                                            "Workers": [
                                                {
                                                    "Worker Number": 0,
                                                    "Actual Startup Time": 0.014,
                                                    "Actual Total Time": 106.613,
                                                    "Actual Rows": 386566,
                                                    "Actual Loops": 1
                                                },
                                                {
                                                    "Worker Number": 1,
                                                    "Actual Startup Time": 0.022,
                                                    "Actual Total Time": 106.716,
                                                    "Actual Rows": 388040,
                                                    "Actual Loops": 1
                                                },
                                                {
                                                    "Worker Number": 2,
                                                    "Actual Startup Time": 0.018,
                                                    "Actual Total Time": 107.21,
                                                    "Actual Rows": 391791,
                                                    "Actual Loops": 1
                                                },
                                                {
                                                    "Worker Number": 3,
                                                    "Actual Startup Time": 0.016,
                                                    "Actual Total Time": 106.384,
                                                    "Actual Rows": 360212,
                                                    "Actual Loops": 1
                                                }
                                            ]
                                        },
                                        {
                                            "Node Type": "Hash",
                                            "Parent Relationship": "Inner",
                                            "Parallel Aware": true,
                                            "Startup Cost": 21536.7,
                                            "Total Cost": 21536.7,
                                            "Plan Rows": 34450,
                                            "Plan Width": 4,
                                            "Actual Startup Time": 31.165,
                                            "Actual Total Time": 31.166,
                                            "Actual Rows": 21832,
                                            "Actual Loops": 5,
                                            "Output": [
                                                "mc.movie_id"
                                            ],
                                            "Hash Buckets": 131072,
                                            "Original Hash Buckets": 131072,
                                            "Hash Batches": 1,
                                            "Original Hash Batches": 1,
                                            "Peak Memory Usage": 5376,
                                            "Workers": [
                                                {
                                                    "Worker Number": 0,
                                                    "Actual Startup Time": 29.023,
                                                    "Actual Total Time": 29.024,
                                                    "Actual Rows": 16673,
                                                    "Actual Loops": 1
                                                },
                                                {
                                                    "Worker Number": 1,
                                                    "Actual Startup Time": 29.038,
                                                    "Actual Total Time": 29.039,
                                                    "Actual Rows": 17609,
                                                    "Actual Loops": 1
                                                },
                                                {
                                                    "Worker Number": 2,
                                                    "Actual Startup Time": 29.146,
                                                    "Actual Total Time": 29.147,
                                                    "Actual Rows": 18365,
                                                    "Actual Loops": 1
                                                },
                                                {
                                                    "Worker Number": 3,
                                                    "Actual Startup Time": 29.284,
                                                    "Actual Total Time": 29.286,
                                                    "Actual Rows": 14119,
                                                    "Actual Loops": 1
                                                }
                                            ],
                                            "Plans": [
                                                {
                                                    "Node Type": "Bitmap Heap Scan",
                                                    "Parent Relationship": "Outer",
                                                    "Parallel Aware": true,
                                                    "Relation Name": "movie_companies",
                                                    "Schema": "public",
                                                    "Alias": "mc",
                                                    "Startup Cost": 2316.08,
                                                    "Total Cost": 21536.7,
                                                    "Plan Rows": 34450,
                                                    "Plan Width": 4,
                                                    "Actual Startup Time": 2.813,
                                                    "Actual Total Time": 20.834,
                                                    "Actual Rows": 21832,
                                                    "Actual Loops": 5,
                                                    "Output": [
                                                        "mc.movie_id"
                                                    ],
                                                    "Recheck Cond": "(mc.company_id > 152359)",
                                                    "Rows Removed by Index Recheck": 0,
                                                    "Exact Heap Blocks": 1287,
                                                    "Lossy Heap Blocks": 0,
                                                    "Workers": [
                                                        {
                                                            "Worker Number": 0,
                                                            "Actual Startup Time": 0.701,
                                                            "Actual Total Time": 19.499,
                                                            "Actual Rows": 16673,
                                                            "Actual Loops": 1
                                                        },
                                                        {
                                                            "Worker Number": 1,
                                                            "Actual Startup Time": 0.758,
                                                            "Actual Total Time": 19.064,
                                                            "Actual Rows": 17609,
                                                            "Actual Loops": 1
                                                        },
                                                        {
                                                            "Worker Number": 2,
                                                            "Actual Startup Time": 0.701,
                                                            "Actual Total Time": 19.495,
                                                            "Actual Rows": 18365,
                                                            "Actual Loops": 1
                                                        },
                                                        {
                                                            "Worker Number": 3,
                                                            "Actual Startup Time": 1.084,
                                                            "Actual Total Time": 19.788,
                                                            "Actual Rows": 14119,
                                                            "Actual Loops": 1
                                                        }
                                                    ],
                                                    "Plans": [
                                                        {
                                                            "Node Type": "Bitmap Index Scan",
                                                            "Parent Relationship": "Outer",
                                                            "Parallel Aware": false,
                                                            "Index Name": "company_id_movie_companies",
                                                            "Startup Cost": 0.0,
                                                            "Total Cost": 2289.38,
                                                            "Plan Rows": 106794,
                                                            "Plan Width": 0,
                                                            "Actual Startup Time": 10.135,
                                                            "Actual Total Time": 10.136,
                                                            "Actual Rows": 109159,
                                                            "Actual Loops": 1,
                                                            "Index Cond": "(mc.company_id > 152359)"
                                                        }
                                                    ]
                                                }
                                            ]
                                        }
                                    ]
                                }
                            ]
                        }
                    ]
                }
            ]
        },
        "Planning Time": 294.436,
        "Triggers": [],
        "Execution Time": 238.803
    }
]