[
  {
    "Plan": {
      "Node Type": "Aggregate",
      "Strategy": "Plain",
      "Partial Mode": "Finalize",
      "Parallel Aware": false,
      "Startup Cost": 80629.78,
      "Total Cost": 80629.79,
      "Plan Rows": 1,
      "Plan Width": 8,
      "Actual Startup Time": 398.622,
      "Actual Total Time": 414.477,
      "Actual Rows": 1,
      "Actual Loops": 1,
      "Plans": [
        {
          "Node Type": "Gather",
          "Parent Relationship": "Outer",
          "Parallel Aware": false,
          "Startup Cost": 80629.57,
          "Total Cost": 80629.78,
          "Plan Rows": 2,
          "Plan Width": 8,
          "Actual Startup Time": 394.827,
          "Actual Total Time": 414.468,
          "Actual Rows": 3,
          "Actual Loops": 1,
          "Workers Planned": 2,
          "Workers Launched": 2,
          "Single Copy": false,
          "Plans": [
            {
              "Node Type": "Aggregate",
              "Strategy": "Plain",
              "Partial Mode": "Partial",
              "Parent Relationship": "Outer",
              "Parallel Aware": false,
              "Startup Cost": 79629.57,
              "Total Cost": 79629.58,
              "Plan Rows": 1,
              "Plan Width": 8,
              "Actual Startup Time": 387.813,
              "Actual Total Time": 387.817,
              "Actual Rows": 1,
              "Actual Loops": 3,
              "Plans": [
                {
                  "Node Type": "Nested Loop",
                  "Parent Relationship": "Outer",
                  "Parallel Aware": false,
                  "Join Type": "Inner",
                  "Startup Cost": 46355.99,
                  "Total Cost": 79574.6,
                  "Plan Rows": 21988,
                  "Plan Width": 0,
                  "Actual Startup Time": 187.877,
                  "Actual Total Time": 381.316,
                  "Actual Rows": 152857,
                  "Actual Loops": 3,
                  "Inner Unique": false,
                  "Join Filter": "(t.id = mc.movie_id)",
                  "Rows Removed by Join Filter": 0,
                  "Plans": [
                    {
                      "Node Type": "Hash Join",
                      "Parent Relationship": "Outer",
                      "Parallel Aware": true,
                      "Join Type": "Inner",
                      "Startup Cost": 46355.56,
                      "Total Cost": 61982.44,
                      "Plan Rows": 21307,
                      "Plan Width": 8,
                      "Actual Startup Time": 187.788,
                      "Actual Total Time": 241.829,
                      "Actual Rows": 41164,
                      "Actual Loops": 3,
                      "Inner Unique": true,
                      "Hash Cond": "(mi_idx.movie_id = t.id)",
                      "Plans": [
                        {
                          "Node Type": "Seq Scan",
                          "Parent Relationship": "Outer",
                          "Parallel Aware": true,
                          "Relation Name": "movie_info_idx",
                          "Alias": "mi_idx",
                          "Startup Cost": 0.0,
                          "Total Cost": 15122.68,
                          "Plan Rows": 192074,
                          "Plan Width": 4,
                          "Actual Startup Time": 0.023,
                          "Actual Total Time": 38.627,
                          "Actual Rows": 153395,
                          "Actual Loops": 3,
                          "Filter": "(info_type_id > 100)",
                          "Rows Removed by Filter": 306617
                        },
                        {
                          "Node Type": "Hash",
                          "Parent Relationship": "Inner",
                          "Parallel Aware": true,
                          "Startup Cost": 45479.1,
                          "Total Cost": 45479.1,
                          "Plan Rows": 70117,
                          "Plan Width": 4,
                          "Actual Startup Time": 155.215,
                          "Actual Total Time": 155.216,
                          "Actual Rows": 127432,
                          "Actual Loops": 3,
                          "Hash Buckets": 524288,
                          "Original Hash Buckets": 524288,
                          "Hash Batches": 1,
                          "Original Hash Batches": 1,
                          "Peak Memory Usage": 19072,
                          "Plans": [
                            {
                              "Node Type": "Seq Scan",
                              "Parent Relationship": "Outer",
                              "Parallel Aware": true,
                              "Relation Name": "title",
                              "Alias": "t",
                              "Startup Cost": 0.0,
                              "Total Cost": 45479.1,
                              "Plan Rows": 70117,
                              "Plan Width": 4,
                              "Actual Startup Time": 69.133,
                              "Actual Total Time": 119.034,
                              "Actual Rows": 127432,
                              "Actual Loops": 3,
                              "Filter": "((production_year < 2001) AND (kind_id = 1))",
                              "Rows Removed by Filter": 715339
                            }
                          ]
                        }
                      ]
                    },
                    {
                      "Node Type": "Index Only Scan",
                      "Parent Relationship": "Inner",
                      "Parallel Aware": false,
                      "Scan Direction": "Forward",
                      "Index Name": "movie_id_movie_companies",
                      "Relation Name": "movie_companies",
                      "Alias": "mc",
                      "Startup Cost": 0.43,
                      "Total Cost": 0.76,
                      "Plan Rows": 5,
                      "Plan Width": 4,
                      "Actual Startup Time": 0.002,
                      "Actual Total Time": 0.003,
                      "Actual Rows": 4,
                      "Actual Loops": 123493,
                      "Index Cond": "(movie_id = mi_idx.movie_id)",
                      "Rows Removed by Index Recheck": 0,
                      "Heap Fetches": 458571
                    }
                  ]
                }
              ]
            }
          ]
        }
      ]
    },
    "Planning Time": 1.337,
    "Triggers": [],
    "Execution Time": 414.558
  }
]