[
  {
    "Plan": {
      "Node Type": "Aggregate",
      "Strategy": "Plain",
      "Partial Mode": "Finalize",
      "Parallel Aware": false,
      "Startup Cost": 97558.46,
      "Total Cost": 97558.47,
      "Plan Rows": 1,
      "Plan Width": 8,
      "Actual Startup Time": 529.052,
      "Actual Total Time": 542.812,
      "Actual Rows": 1,
      "Actual Loops": 1,
      "Plans": [
        {
          "Node Type": "Gather",
          "Parent Relationship": "Outer",
          "Parallel Aware": false,
          "Startup Cost": 97558.14,
          "Total Cost": 97558.45,
          "Plan Rows": 3,
          "Plan Width": 8,
          "Actual Startup Time": 521.924,
          "Actual Total Time": 542.802,
          "Actual Rows": 4,
          "Actual Loops": 1,
          "Workers Planned": 3,
          "Workers Launched": 3,
          "Single Copy": false,
          "Plans": [
            {
              "Node Type": "Aggregate",
              "Strategy": "Plain",
              "Partial Mode": "Partial",
              "Parent Relationship": "Outer",
              "Parallel Aware": false,
              "Startup Cost": 96558.14,
              "Total Cost": 96558.15,
              "Plan Rows": 1,
              "Plan Width": 8,
              "Actual Startup Time": 504.496,
              "Actual Total Time": 504.499,
              "Actual Rows": 1,
              "Actual Loops": 4,
              "Plans": [
                {
                  "Node Type": "Hash Join",
                  "Parent Relationship": "Outer",
                  "Parallel Aware": true,
                  "Join Type": "Inner",
                  "Startup Cost": 51360.24,
                  "Total Cost": 95373.29,
                  "Plan Rows": 473942,
                  "Plan Width": 0,
                  "Actual Startup Time": 322.523,
                  "Actual Total Time": 489.357,
                  "Actual Rows": 384356,
                  "Actual Loops": 4,
                  "Inner Unique": true,
                  "Hash Cond": "(mk.movie_id = t.id)",
                  "Plans": [
                    {
                      "Node Type": "Seq Scan",
                      "Parent Relationship": "Outer",
                      "Parallel Aware": true,
                      "Relation Name": "movie_keyword",
                      "Alias": "mk",
                      "Startup Cost": 0.0,
                      "Total Cost": 42695.65,
                      "Plan Rows": 501865,
                      "Plan Width": 4,
                      "Actual Startup Time": 0.576,
                      "Actual Total Time": 91.72,
                      "Actual Rows": 390520,
                      "Actual Loops": 4,
                      "Filter": "(keyword_id > 10049)",
                      "Rows Removed by Filter": 740463
                    },
                    {
                      "Node Type": "Hash",
                      "Parent Relationship": "Inner",
                      "Parallel Aware": true,
                      "Startup Cost": 43898.92,
                      "Total Cost": 43898.92,
                      "Plan Rows": 596906,
                      "Plan Width": 4,
                      "Actual Startup Time": 310.611,
                      "Actual Total Time": 310.612,
                      "Actual Rows": 597219,
                      "Actual Loops": 4,
                      "Hash Buckets": 4194304,
                      "Original Hash Buckets": 4194304,
                      "Hash Batches": 1,
                      "Original Hash Batches": 1,
                      "Peak Memory Usage": 126272,
                      "Plans": [
                        {
                          "Node Type": "Seq Scan",
                          "Parent Relationship": "Outer",
                          "Parallel Aware": true,
                          "Relation Name": "title",
                          "Alias": "t",
                          "Startup Cost": 0.0,
                          "Total Cost": 43898.92,
                          "Plan Rows": 596906,
                          "Plan Width": 4,
                          "Actual Startup Time": 0.034,
                          "Actual Total Time": 104.74,
                          "Actual Rows": 597219,
                          "Actual Loops": 4,
                          "Filter": "(production_year < 2013)",
                          "Rows Removed by Filter": 34859
                        }
                      ]
                    }
                  ]
                }
              ]
            }
          ]
        }
      ]
    },
    "Planning Time": 0.65,
    "Triggers": [],
    "Execution Time": 542.879
  }
]