[
  {
    "Plan": {
      "Node Type": "Aggregate",
      "Strategy": "Plain",
      "Partial Mode": "Finalize",
      "Parallel Aware": false,
      "Startup Cost": 125630.95,
      "Total Cost": 125630.96,
      "Plan Rows": 1,
      "Plan Width": 8,
      "Actual Startup Time": 872.7,
      "Actual Total Time": 904.445,
      "Actual Rows": 1,
      "Actual Loops": 1,
      "Plans": [
        {
          "Node Type": "Gather",
          "Parent Relationship": "Outer",
          "Parallel Aware": false,
          "Startup Cost": 125630.63,
          "Total Cost": 125630.94,
          "Plan Rows": 3,
          "Plan Width": 8,
          "Actual Startup Time": 867.386,
          "Actual Total Time": 904.434,
          "Actual Rows": 4,
          "Actual Loops": 1,
          "Workers Planned": 3,
          "Workers Launched": 3,
          "Single Copy": false,
          "Plans": [
            {
              "Node Type": "Aggregate",
              "Strategy": "Plain",
              "Partial Mode": "Partial",
              "Parent Relationship": "Outer",
              "Parallel Aware": false,
              "Startup Cost": 124630.63,
              "Total Cost": 124630.64,
              "Plan Rows": 1,
              "Plan Width": 8,
              "Actual Startup Time": 859.441,
              "Actual Total Time": 859.672,
              "Actual Rows": 1,
              "Actual Loops": 4,
              "Plans": [
                {
                  "Node Type": "Hash Join",
                  "Parent Relationship": "Outer",
                  "Parallel Aware": true,
                  "Join Type": "Inner",
                  "Startup Cost": 79302.36,
                  "Total Cost": 124442.34,
                  "Plan Rows": 75317,
                  "Plan Width": 0,
                  "Actual Startup Time": 435.006,
                  "Actual Total Time": 774.982,
                  "Actual Rows": 1553824,
                  "Actual Loops": 4,
                  "Inner Unique": false,
                  "Hash Cond": "(mk.movie_id = t.id)",
                  "Plans": [
                    {
                      "Node Type": "Seq Scan",
                      "Parent Relationship": "Outer",
                      "Parallel Aware": true,
                      "Relation Name": "movie_keyword",
                      "Alias": "mk",
                      "Startup Cost": 0.0,
                      "Total Cost": 42695.65,
                      "Plan Rows": 587031,
                      "Plan Width": 4,
                      "Actual Startup Time": 0.565,
                      "Actual Total Time": 131.772,
                      "Actual Rows": 451027,
                      "Actual Loops": 4,
                      "Filter": "(keyword_id > 7693)",
                      "Rows Removed by Filter": 679956
                    },
                    {
                      "Node Type": "Hash",
                      "Parent Relationship": "Inner",
                      "Parallel Aware": true,
                      "Startup Cost": 77994.3,
                      "Total Cost": 77994.3,
                      "Plan Rows": 104645,
                      "Plan Width": 8,
                      "Actual Startup Time": 431.082,
                      "Actual Total Time": 431.311,
                      "Actual Rows": 120634,
                      "Actual Loops": 4,
                      "Hash Buckets": 524288,
                      "Original Hash Buckets": 524288,
                      "Hash Batches": 1,
                      "Original Hash Batches": 1,
                      "Peak Memory Usage": 23040,
                      "Plans": [
                        {
                          "Node Type": "Hash Join",
                          "Parent Relationship": "Outer",
                          "Parallel Aware": true,
                          "Join Type": "Inner",
                          "Startup Cost": 47710.9,
                          "Total Cost": 77994.3,
                          "Plan Rows": 104645,
                          "Plan Width": 8,
                          "Actual Startup Time": 210.581,
                          "Actual Total Time": 389.542,
                          "Actual Rows": 120634,
                          "Actual Loops": 4,
                          "Inner Unique": true,
                          "Hash Cond": "(mc.movie_id = t.id)",
                          "Plans": [
                            {
                              "Node Type": "Seq Scan",
                              "Parent Relationship": "Outer",
                              "Parallel Aware": true,
                              "Relation Name": "movie_companies",
                              "Alias": "mc",
                              "Startup Cost": 0.0,
                              "Total Cost": 29310.68,
                              "Plan Rows": 370560,
                              "Plan Width": 4,
                              "Actual Startup Time": 0.025,
                              "Actual Total Time": 87.202,
                              "Actual Rows": 289534,
                              "Actual Loops": 4,
                              "Filter": "(company_id < 9366)",
                              "Rows Removed by Filter": 362748
                            },
                            {
                              "Node Type": "Hash",
                              "Parent Relationship": "Inner",
                              "Parallel Aware": true,
                              "Startup Cost": 45479.59,
                              "Total Cost": 45479.59,
                              "Plan Rows": 178505,
                              "Plan Width": 4,
                              "Actual Startup Time": 207.198,
                              "Actual Total Time": 207.202,
                              "Actual Rows": 169862,
                              "Actual Loops": 4,
                              "Hash Buckets": 1048576,
                              "Original Hash Buckets": 1048576,
                              "Hash Batches": 1,
                              "Original Hash Batches": 1,
                              "Peak Memory Usage": 34848,
                              "Plans": [
                                {
                                  "Node Type": "Seq Scan",
                                  "Parent Relationship": "Outer",
                                  "Parallel Aware": true,
                                  "Relation Name": "title",
                                  "Alias": "t",
                                  "Startup Cost": 0.0,
                                  "Total Cost": 45479.59,
                                  "Plan Rows": 178505,
                                  "Plan Width": 4,
                                  "Actual Startup Time": 0.051,
                                  "Actual Total Time": 126.008,
                                  "Actual Rows": 169862,
                                  "Actual Loops": 4,
                                  "Filter": "((kind_id < 3) AND (production_year > 1915))",
                                  "Rows Removed by Filter": 462216
                                }
                              ]
                            }
                          ]
                        }
                      ]
                    }
                  ]
                }
              ]
            }
          ]
        }
      ]
    },
    "Planning Time": 1.591,
    "Triggers": [],
    "Execution Time": 904.541
  }
]