[
  {
    "Plan": {
      "Node Type": "Aggregate",
      "Strategy": "Plain",
      "Partial Mode": "Finalize",
      "Parallel Aware": false,
      "Startup Cost": 46483.58,
      "Total Cost": 46483.59,
      "Plan Rows": 1,
      "Plan Width": 8,
      "Actual Startup Time": 81.955,
      "Actual Total Time": 92.609,
      "Actual Rows": 1,
      "Actual Loops": 1,
      "Plans": [
        {
          "Node Type": "Gather",
          "Parent Relationship": "Outer",
          "Parallel Aware": false,
          "Startup Cost": 46483.16,
          "Total Cost": 46483.57,
          "Plan Rows": 4,
          "Plan Width": 8,
          "Actual Startup Time": 81.797,
          "Actual Total Time": 92.599,
          "Actual Rows": 5,
          "Actual Loops": 1,
          "Workers Planned": 4,
          "Workers Launched": 4,
          "Single Copy": false,
          "Plans": [
            {
              "Node Type": "Aggregate",
              "Strategy": "Plain",
              "Partial Mode": "Partial",
              "Parent Relationship": "Outer",
              "Parallel Aware": false,
              "Startup Cost": 45483.16,
              "Total Cost": 45483.17,
              "Plan Rows": 1,
              "Plan Width": 8,
              "Actual Startup Time": 75.374,
              "Actual Total Time": 75.375,
              "Actual Rows": 1,
              "Actual Loops": 5,
              "Plans": [
                {
                  "Node Type": "Seq Scan",
                  "Parent Relationship": "Outer",
                  "Parallel Aware": true,
                  "Relation Name": "title",
                  "Alias": "t",
                  "Startup Cost": 0.0,
                  "Total Cost": 45479.59,
                  "Plan Rows": 1430,
                  "Plan Width": 0,
                  "Actual Startup Time": 0.8,
                  "Actual Total Time": 75.247,
                  "Actual Rows": 1240,
                  "Actual Loops": 5,
                  "Filter": "((kind_id < 7) AND (production_year = 1976))",
                  "Rows Removed by Filter": 504423
                }
              ]
            }
          ]
        }
      ]
    },
    "Planning Time": 0.153,
    "Triggers": [],
    "Execution Time": 92.666
  }
]