{
    "Plan": {
        "Node Type": "Aggregate",
        "Strategy": "Plain",
        "Partial Mode": "Finalize",
        "Parallel Aware": false,
        "Startup Cost": 101844.57,
        "Total Cost": 101844.58,
        "Plan Rows": 1,
        "Plan Width": 8,
        "Actual Startup Time": 299.612,
        "Actual Total Time": 326.266,
        "Actual Rows": 1,
        "Actual Loops": 1,
        "Output": [
            "count(*)"
        ],
        "Plans": [
            {
                "Node Type": "Gather",
                "Parent Relationship": "Outer",
                "Parallel Aware": false,
                "Startup Cost": 101844.25,
                "Total Cost": 101844.56,
                "Plan Rows": 3,
                "Plan Width": 8,
                "Actual Startup Time": 298.931,
                "Actual Total Time": 326.257,
                "Actual Rows": 4,
                "Actual Loops": 1,
                "Output": [
                    "(PARTIAL count(*))"
                ],
                "Workers Planned": 3,
                "Workers Launched": 3,
                "Single Copy": false,
                "Plans": [
                    {
                        "Node Type": "Aggregate",
                        "Strategy": "Plain",
                        "Partial Mode": "Partial",
                        "Parent Relationship": "Outer",
                        "Parallel Aware": false,
                        "Startup Cost": 100844.25,
                        "Total Cost": 100844.26,
                        "Plan Rows": 1,
                        "Plan Width": 8,
                        "Actual Startup Time": 289.367,
                        "Actual Total Time": 289.371,
                        "Actual Rows": 1,
                        "Actual Loops": 4,
                        "Output": [
                            "PARTIAL count(*)"
                        ],
                        "Workers": [
                            {
                                "Worker Number": 0,
                                "Actual Startup Time": 286.255,
                                "Actual Total Time": 286.259,
                                "Actual Rows": 1,
                                "Actual Loops": 1
                            },
                            {
                                "Worker Number": 1,
                                "Actual Startup Time": 286.255,
                                "Actual Total Time": 286.258,
                                "Actual Rows": 1,
                                "Actual Loops": 1
                            },
                            {
                                "Worker Number": 2,
                                "Actual Startup Time": 286.779,
                                "Actual Total Time": 286.781,
                                "Actual Rows": 1,
                                "Actual Loops": 1
                            }
                        ],
                        "Plans": [
                            {
                                "Node Type": "Nested Loop",
                                "Parent Relationship": "Outer",
                                "Parallel Aware": false,
                                "Join Type": "Inner",
                                "Startup Cost": 44341.88,
                                "Total Cost": 100813.42,
                                "Plan Rows": 12333,
                                "Plan Width": 0,
                                "Actual Startup Time": 108.429,
                                "Actual Total Time": 288.22,
                                "Actual Rows": 21870,
                                "Actual Loops": 4,
                                "Inner Unique": false,
                                "Join Filter": "(t.id = mi_idx.movie_id)",
                                "Rows Removed by Join Filter": 0,
                                "Workers": [
                                    {
                                        "Worker Number": 0,
                                        "Actual Startup Time": 105.422,
                                        "Actual Total Time": 285.13,
                                        "Actual Rows": 20829,
                                        "Actual Loops": 1
                                    },
                                    {
                                        "Worker Number": 1,
                                        "Actual Startup Time": 105.432,
                                        "Actual Total Time": 285.223,
                                        "Actual Rows": 18723,
                                        "Actual Loops": 1
                                    },
                                    {
                                        "Worker Number": 2,
                                        "Actual Startup Time": 105.828,
                                        "Actual Total Time": 285.684,
                                        "Actual Rows": 20267,
                                        "Actual Loops": 1
                                    }
                                ],
                                "Plans": [
                                    {
                                        "Node Type": "Hash Join",
                                        "Parent Relationship": "Outer",
                                        "Parallel Aware": true,
                                        "Join Type": "Inner",
                                        "Startup Cost": 44341.46,
                                        "Total Cost": 88096.27,
                                        "Plan Rows": 22595,
                                        "Plan Width": 8,
                                        "Actual Startup Time": 108.29,
                                        "Actual Total Time": 253.101,
                                        "Actual Rows": 11043,
                                        "Actual Loops": 4,
                                        "Output": [
                                            "t.id",
                                            "mk.movie_id"
                                        ],
                                        "Inner Unique": true,
                                        "Hash Cond": "(mk.movie_id = t.id)",
                                        "Workers": [
                                            {
                                                "Worker Number": 0,
                                                "Actual Startup Time": 105.351,
                                                "Actual Total Time": 249.28,
                                                "Actual Rows": 10558,
                                                "Actual Loops": 1
                                            },
                                            {
                                                "Worker Number": 1,
                                                "Actual Startup Time": 105.222,
                                                "Actual Total Time": 248.544,
                                                "Actual Rows": 9304,
                                                "Actual Loops": 1
                                            },
                                            {
                                                "Worker Number": 2,
                                                "Actual Startup Time": 105.581,
                                                "Actual Total Time": 250.15,
                                                "Actual Rows": 10541,
                                                "Actual Loops": 1
                                            }
                                        ],
                                        "Plans": [
                                            {
                                                "Node Type": "Seq Scan",
                                                "Parent Relationship": "Outer",
                                                "Parallel Aware": true,
                                                "Relation Name": "movie_keyword",
                                                "Schema": "public",
                                                "Alias": "mk",
                                                "Startup Cost": 0.0,
                                                "Total Cost": 42695.65,
                                                "Plan Rows": 403491,
                                                "Plan Width": 4,
                                                "Actual Startup Time": 0.013,
                                                "Actual Total Time": 107.714,
                                                "Actual Rows": 311736,
                                                "Actual Loops": 4,
                                                "Output": [
                                                    "mk.id",
                                                    "mk.movie_id",
                                                    "mk.keyword_id"
                                                ],
                                                "Filter": "(mk.keyword_id < 1586)",
                                                "Rows Removed by Filter": 819247,
                                                "Workers": [
                                                    {
                                                        "Worker Number": 0,
                                                        "Actual Startup Time": 0.016,
                                                        "Actual Total Time": 108.985,
                                                        "Actual Rows": 292402,
                                                        "Actual Loops": 1
                                                    },
                                                    {
                                                        "Worker Number": 1,
                                                        "Actual Startup Time": 0.019,
                                                        "Actual Total Time": 107.225,
                                                        "Actual Rows": 262593,
                                                        "Actual Loops": 1
                                                    },
                                                    {
                                                        "Worker Number": 2,
                                                        "Actual Startup Time": 0.008,
                                                        "Actual Total Time": 109.528,
                                                        "Actual Rows": 291757,
                                                        "Actual Loops": 1
                                                    }
                                                ]
                                            },
                                            {
                                                "Node Type": "Hash",
                                                "Parent Relationship": "Inner",
                                                "Parallel Aware": true,
                                                "Startup Cost": 43899.01,
                                                "Total Cost": 43899.01,
                                                "Plan Rows": 35396,
                                                "Plan Width": 4,
                                                "Actual Startup Time": 105.951,
                                                "Actual Total Time": 105.952,
                                                "Actual Rows": 35426,
                                                "Actual Loops": 4,
                                                "Output": [
                                                    "t.id"
                                                ],
                                                "Hash Buckets": 262144,
                                                "Original Hash Buckets": 262144,
                                                "Hash Batches": 1,
                                                "Original Hash Batches": 1,
                                                "Peak Memory Usage": 7648,
                                                "Workers": [
                                                    {
                                                        "Worker Number": 0,
                                                        "Actual Startup Time": 104.692,
                                                        "Actual Total Time": 104.693,
                                                        "Actual Rows": 31039,
                                                        "Actual Loops": 1
                                                    },
                                                    {
                                                        "Worker Number": 1,
                                                        "Actual Startup Time": 104.674,
                                                        "Actual Total Time": 104.675,
                                                        "Actual Rows": 28292,
                                                        "Actual Loops": 1
                                                    },
                                                    {
                                                        "Worker Number": 2,
                                                        "Actual Startup Time": 105.103,
                                                        "Actual Total Time": 105.104,
                                                        "Actual Rows": 31501,
                                                        "Actual Loops": 1
                                                    }
                                                ],
                                                "Plans": [
                                                    {
                                                        "Node Type": "Seq Scan",
                                                        "Parent Relationship": "Outer",
                                                        "Parallel Aware": true,
                                                        "Relation Name": "title",
                                                        "Schema": "public",
                                                        "Alias": "t",
                                                        "Startup Cost": 0.0,
                                                        "Total Cost": 43899.01,
                                                        "Plan Rows": 35396,
                                                        "Plan Width": 4,
                                                        "Actual Startup Time": 0.056,
                                                        "Actual Total Time": 92.569,
                                                        "Actual Rows": 35426,
                                                        "Actual Loops": 4,
                                                        "Output": [
                                                            "t.id"
                                                        ],
                                                        "Filter": "(t.production_year = 2010)",
                                                        "Rows Removed by Filter": 596652,
                                                        "Workers": [
                                                            {
                                                                "Worker Number": 0,
                                                                "Actual Startup Time": 0.069,
                                                                "Actual Total Time": 91.651,
                                                                "Actual Rows": 31039,
                                                                "Actual Loops": 1
                                                            },
                                                            {
                                                                "Worker Number": 1,
                                                                "Actual Startup Time": 0.062,
                                                                "Actual Total Time": 91.551,
                                                                "Actual Rows": 28292,
                                                                "Actual Loops": 1
                                                            },
                                                            {
                                                                "Worker Number": 2,
                                                                "Actual Startup Time": 0.073,
                                                                "Actual Total Time": 92.415,
                                                                "Actual Rows": 31501,
                                                                "Actual Loops": 1
                                                            }
                                                        ]
                                                    }
                                                ]
                                            }
                                        ]
                                    },
                                    {
                                        "Node Type": "Index Only Scan",
                                        "Parent Relationship": "Inner",
                                        "Parallel Aware": false,
                                        "Scan Direction": "Forward",
                                        "Index Name": "movie_id_movie_info_idx",
                                        "Relation Name": "movie_info_idx",
                                        "Schema": "public",
                                        "Alias": "mi_idx",
                                        "Startup Cost": 0.43,
                                        "Total Cost": 0.53,
                                        "Plan Rows": 3,
                                        "Plan Width": 4,
                                        "Actual Startup Time": 0.002,
                                        "Actual Total Time": 0.003,
                                        "Actual Rows": 2,
                                        "Actual Loops": 44172,
                                        "Output": [
                                            "mi_idx.movie_id"
                                        ],
                                        "Index Cond": "(mi_idx.movie_id = mk.movie_id)",
                                        "Rows Removed by Index Recheck": 0,
                                        "Heap Fetches": 87478,
                                        "Workers": [
                                            {
                                                "Worker Number": 0,
                                                "Actual Startup Time": 0.003,
                                                "Actual Total Time": 0.003,
                                                "Actual Rows": 2,
                                                "Actual Loops": 10558
                                            },
                                            {
                                                "Worker Number": 1,
                                                "Actual Startup Time": 0.003,
                                                "Actual Total Time": 0.004,
                                                "Actual Rows": 2,
                                                "Actual Loops": 9304
                                            },
                                            {
                                                "Worker Number": 2,
                                                "Actual Startup Time": 0.003,
                                                "Actual Total Time": 0.003,
                                                "Actual Rows": 2,
                                                "Actual Loops": 10541
                                            }
                                        ]
                                    }
                                ]
                            }
                        ]
                    }
                ]
            }
        ]
    },
    "Planning Time": 1.442,
    "Triggers": [],
    "Execution Time": 326.36
}