[
  {
    "Plan": {
      "Node Type": "Aggregate",
      "Strategy": "Plain",
      "Partial Mode": "Finalize",
      "Parallel Aware": false,
      "Startup Cost": 299094.68,
      "Total Cost": 299094.69,
      "Plan Rows": 1,
      "Plan Width": 8,
      "Actual Startup Time": 2159.306,
      "Actual Total Time": 2207.995,
      "Actual Rows": 1,
      "Actual Loops": 1,
      "Plans": [
        {
          "Node Type": "Gather",
          "Parent Relationship": "Outer",
          "Parallel Aware": false,
          "Startup Cost": 299094.16,
          "Total Cost": 299094.67,
          "Plan Rows": 5,
          "Plan Width": 8,
          "Actual Startup Time": 2153.069,
          "Actual Total Time": 2207.984,
          "Actual Rows": 6,
          "Actual Loops": 1,
          "Workers Planned": 5,
          "Workers Launched": 5,
          "Single Copy": false,
          "Plans": [
            {
              "Node Type": "Aggregate",
              "Strategy": "Plain",
              "Partial Mode": "Partial",
              "Parent Relationship": "Outer",
              "Parallel Aware": false,
              "Startup Cost": 298094.16,
              "Total Cost": 298094.17,
              "Plan Rows": 1,
              "Plan Width": 8,
              "Actual Startup Time": 2141.818,
              "Actual Total Time": 2142.125,
              "Actual Rows": 1,
              "Actual Loops": 6,
              "Plans": [
                {
                  "Node Type": "Hash Join",
                  "Parent Relationship": "Outer",
                  "Parallel Aware": true,
                  "Join Type": "Inner",
                  "Startup Cost": 92806.47,
                  "Total Cost": 297016.61,
                  "Plan Rows": 431019,
                  "Plan Width": 0,
                  "Actual Startup Time": 313.691,
                  "Actual Total Time": 1698.712,
                  "Actual Rows": 10173902,
                  "Actual Loops": 6,
                  "Inner Unique": false,
                  "Hash Cond": "(mi.movie_id = t.id)",
                  "Plans": [
                    {
                      "Node Type": "Seq Scan",
                      "Parent Relationship": "Outer",
                      "Parallel Aware": true,
                      "Relation Name": "movie_info",
                      "Alias": "mi",
                      "Startup Cost": 0.0,
                      "Total Cost": 191685.19,
                      "Plan Rows": 2969219,
                      "Plan Width": 4,
                      "Actual Startup Time": 0.035,
                      "Actual Total Time": 295.584,
                      "Actual Rows": 2472620,
                      "Actual Loops": 6
                    },
                    {
                      "Node Type": "Hash",
                      "Parent Relationship": "Inner",
                      "Parallel Aware": true,
                      "Startup Cost": 91326.5,
                      "Total Cost": 91326.5,
                      "Plan Rows": 118397,
                      "Plan Width": 8,
                      "Actual Startup Time": 299.574,
                      "Actual Total Time": 299.879,
                      "Actual Rows": 129980,
                      "Actual Loops": 6,
                      "Hash Buckets": 1048576,
                      "Original Hash Buckets": 524288,
                      "Hash Batches": 1,
                      "Original Hash Batches": 1,
                      "Peak Memory Usage": 42912,
                      "Plans": [
                        {
                          "Node Type": "Hash Join",
                          "Parent Relationship": "Outer",
                          "Parallel Aware": true,
                          "Join Type": "Inner",
                          "Startup Cost": 47219.35,
                          "Total Cost": 91326.5,
                          "Plan Rows": 118397,
                          "Plan Width": 8,
                          "Actual Startup Time": 143.279,
                          "Actual Total Time": 248.808,
                          "Actual Rows": 129980,
                          "Actual Loops": 6,
                          "Inner Unique": true,
                          "Hash Cond": "(mk.movie_id = t.id)",
                          "Plans": [
                            {
                              "Node Type": "Seq Scan",
                              "Parent Relationship": "Outer",
                              "Parallel Aware": true,
                              "Relation Name": "movie_keyword",
                              "Alias": "mk",
                              "Startup Cost": 0.0,
                              "Total Cost": 42695.65,
                              "Plan Rows": 537715,
                              "Plan Width": 4,
                              "Actual Startup Time": 0.04,
                              "Actual Total Time": 76.476,
                              "Actual Rows": 279186,
                              "Actual Loops": 6,
                              "Filter": "(keyword_id < 2567)",
                              "Rows Removed by Filter": 474802
                            },
                            {
                              "Node Type": "Hash",
                              "Parent Relationship": "Inner",
                              "Parallel Aware": true,
                              "Startup Cost": 45479.59,
                              "Total Cost": 45479.59,
                              "Plan Rows": 139181,
                              "Plan Width": 4,
                              "Actual Startup Time": 120.228,
                              "Actual Total Time": 120.229,
                              "Actual Rows": 73119,
                              "Actual Loops": 6,
                              "Hash Buckets": 1048576,
                              "Original Hash Buckets": 1048576,
                              "Hash Batches": 1,
                              "Original Hash Batches": 1,
                              "Peak Memory Usage": 25504,
                              "Plans": [
                                {
                                  "Node Type": "Seq Scan",
                                  "Parent Relationship": "Outer",
                                  "Parallel Aware": true,
                                  "Relation Name": "title",
                                  "Alias": "t",
                                  "Startup Cost": 0.0,
                                  "Total Cost": 45479.59,
                                  "Plan Rows": 139181,
                                  "Plan Width": 4,
                                  "Actual Startup Time": 44.98,
                                  "Actual Total Time": 87.827,
                                  "Actual Rows": 73119,
                                  "Actual Loops": 6,
                                  "Filter": "((production_year > 1967) AND (kind_id = 1))",
                                  "Rows Removed by Filter": 348266
                                }
                              ]
                            }
                          ]
                        }
                      ]
                    }
                  ]
                }
              ]
            }
          ]
        }
      ]
    },
    "Planning Time": 0.495,
    "Triggers": [],
    "Execution Time": 2208.049
  }
]