[
  {
    "Plan": {
      "Node Type": "Aggregate",
      "Strategy": "Plain",
      "Partial Mode": "Finalize",
      "Parallel Aware": false,
      "Startup Cost": 352702.35,
      "Total Cost": 352702.36,
      "Plan Rows": 1,
      "Plan Width": 8,
      "Actual Startup Time": 796.774,
      "Actual Total Time": 857.874,
      "Actual Rows": 1,
      "Actual Loops": 1,
      "Plans": [
        {
          "Node Type": "Gather",
          "Parent Relationship": "Outer",
          "Parallel Aware": false,
          "Startup Cost": 352701.73,
          "Total Cost": 352702.34,
          "Plan Rows": 6,
          "Plan Width": 8,
          "Actual Startup Time": 796.65,
          "Actual Total Time": 857.863,
          "Actual Rows": 7,
          "Actual Loops": 1,
          "Workers Planned": 6,
          "Workers Launched": 6,
          "Single Copy": false,
          "Plans": [
            {
              "Node Type": "Aggregate",
              "Strategy": "Plain",
              "Partial Mode": "Partial",
              "Parent Relationship": "Outer",
              "Parallel Aware": false,
              "Startup Cost": 351701.73,
              "Total Cost": 351701.74,
              "Plan Rows": 1,
              "Plan Width": 8,
              "Actual Startup Time": 786.292,
              "Actual Total Time": 786.293,
              "Actual Rows": 1,
              "Actual Loops": 7,
              "Plans": [
                {
                  "Node Type": "Seq Scan",
                  "Parent Relationship": "Outer",
                  "Parallel Aware": true,
                  "Relation Name": "cast_info",
                  "Alias": "ci",
                  "Startup Cost": 0.0,
                  "Total Cost": 343257.03,
                  "Plan Rows": 3377880,
                  "Plan Width": 0,
                  "Actual Startup Time": 213.751,
                  "Actual Total Time": 663.0,
                  "Actual Rows": 3150540,
                  "Actual Loops": 7,
                  "Filter": "((person_id > 528938) AND (role_id > 1))",
                  "Rows Removed by Filter": 2027223
                }
              ]
            }
          ]
        }
      ]
    },
    "Planning Time": 0.195,
    "Triggers": [],
    "Execution Time": 857.943
  }
]