[
  {
    "Plan": {
      "Node Type": "Aggregate",
      "Strategy": "Plain",
      "Partial Mode": "Finalize",
      "Parallel Aware": false,
      "Startup Cost": 46502.44,
      "Total Cost": 46502.45,
      "Plan Rows": 1,
      "Plan Width": 8,
      "Actual Startup Time": 93.171,
      "Actual Total Time": 105.113,
      "Actual Rows": 1,
      "Actual Loops": 1,
      "Plans": [
        {
          "Node Type": "Gather",
          "Parent Relationship": "Outer",
          "Parallel Aware": false,
          "Startup Cost": 46502.02,
          "Total Cost": 46502.43,
          "Plan Rows": 4,
          "Plan Width": 8,
          "Actual Startup Time": 93.032,
          "Actual Total Time": 105.106,
          "Actual Rows": 5,
          "Actual Loops": 1,
          "Workers Planned": 4,
          "Workers Launched": 4,
          "Single Copy": false,
          "Plans": [
            {
              "Node Type": "Aggregate",
              "Strategy": "Plain",
              "Partial Mode": "Partial",
              "Parent Relationship": "Outer",
              "Parallel Aware": false,
              "Startup Cost": 45502.02,
              "Total Cost": 45502.03,
              "Plan Rows": 1,
              "Plan Width": 8,
              "Actual Startup Time": 85.799,
              "Actual Total Time": 85.8,
              "Actual Rows": 1,
              "Actual Loops": 5,
              "Plans": [
                {
                  "Node Type": "Seq Scan",
                  "Parent Relationship": "Outer",
                  "Parallel Aware": true,
                  "Relation Name": "title",
                  "Alias": "t",
                  "Startup Cost": 0.0,
                  "Total Cost": 45479.1,
                  "Plan Rows": 9168,
                  "Plan Width": 0,
                  "Actual Startup Time": 0.042,
                  "Actual Total Time": 84.823,
                  "Actual Rows": 9446,
                  "Actual Loops": 5,
                  "Filter": "((kind_id > 2) AND (production_year = 2001))",
                  "Rows Removed by Filter": 496217
                }
              ]
            }
          ]
        }
      ]
    },
    "Planning Time": 0.155,
    "Triggers": [],
    "Execution Time": 105.165
  }
]