[
  {
    "Plan": {
      "Node Type": "Aggregate",
      "Strategy": "Plain",
      "Partial Mode": "Finalize",
      "Parallel Aware": false,
      "Startup Cost": 90723.51,
      "Total Cost": 90723.52,
      "Plan Rows": 1,
      "Plan Width": 8,
      "Actual Startup Time": 626.792,
      "Actual Total Time": 649.497,
      "Actual Rows": 1,
      "Actual Loops": 1,
      "Plans": [
        {
          "Node Type": "Gather",
          "Parent Relationship": "Outer",
          "Parallel Aware": false,
          "Startup Cost": 90723.19,
          "Total Cost": 90723.5,
          "Plan Rows": 3,
          "Plan Width": 8,
          "Actual Startup Time": 615.223,
          "Actual Total Time": 649.484,
          "Actual Rows": 4,
          "Actual Loops": 1,
          "Workers Planned": 3,
          "Workers Launched": 3,
          "Single Copy": false,
          "Plans": [
            {
              "Node Type": "Aggregate",
              "Strategy": "Plain",
              "Partial Mode": "Partial",
              "Parent Relationship": "Outer",
              "Parallel Aware": false,
              "Startup Cost": 89723.19,
              "Total Cost": 89723.2,
              "Plan Rows": 1,
              "Plan Width": 8,
              "Actual Startup Time": 597.683,
              "Actual Total Time": 597.687,
              "Actual Rows": 1,
              "Actual Loops": 4,
              "Plans": [
                {
                  "Node Type": "Hash Join",
                  "Parent Relationship": "Outer",
                  "Parallel Aware": true,
                  "Join Type": "Inner",
                  "Startup Cost": 62088.49,
                  "Total Cost": 89272.03,
                  "Plan Rows": 180465,
                  "Plan Width": 0,
                  "Actual Startup Time": 466.014,
                  "Actual Total Time": 588.698,
                  "Actual Rows": 139721,
                  "Actual Loops": 4,
                  "Inner Unique": true,
                  "Hash Cond": "(mk.movie_id = t.id)",
                  "Plans": [
                    {
                      "Node Type": "Bitmap Heap Scan",
                      "Parent Relationship": "Outer",
                      "Parallel Aware": true,
                      "Relation Name": "movie_keyword",
                      "Alias": "mk",
                      "Startup Cost": 11868.11,
                      "Total Cost": 38577.92,
                      "Plan Rows": 180465,
                      "Plan Width": 4,
                      "Actual Startup Time": 64.172,
                      "Actual Total Time": 129.7,
                      "Actual Rows": 139721,
                      "Actual Loops": 4,
                      "Recheck Cond": "(keyword_id > 32914)",
                      "Rows Removed by Index Recheck": 0,
                      "Exact Heap Blocks": 8386,
                      "Lossy Heap Blocks": 0,
                      "Plans": [
                        {
                          "Node Type": "Bitmap Index Scan",
                          "Parent Relationship": "Outer",
                          "Parallel Aware": false,
                          "Index Name": "keyword_id_movie_keyword",
                          "Startup Cost": 0.0,
                          "Total Cost": 11728.25,
                          "Plan Rows": 559442,
                          "Plan Width": 0,
                          "Actual Startup Time": 58.544,
                          "Actual Total Time": 58.545,
                          "Actual Rows": 558885,
                          "Actual Loops": 1,
                          "Index Cond": "(keyword_id > 32914)"
                        }
                      ]
                    },
                    {
                      "Node Type": "Hash",
                      "Parent Relationship": "Inner",
                      "Parallel Aware": true,
                      "Startup Cost": 42319.06,
                      "Total Cost": 42319.06,
                      "Plan Rows": 632106,
                      "Plan Width": 4,
                      "Actual Startup Time": 390.386,
                      "Actual Total Time": 390.387,
                      "Actual Rows": 632078,
                      "Actual Loops": 4,
                      "Hash Buckets": 4194304,
                      "Original Hash Buckets": 4194304,
                      "Hash Batches": 1,
                      "Original Hash Batches": 1,
                      "Peak Memory Usage": 131776,
                      "Plans": [
                        {
                          "Node Type": "Seq Scan",
                          "Parent Relationship": "Outer",
                          "Parallel Aware": true,
                          "Relation Name": "title",
                          "Alias": "t",
                          "Startup Cost": 0.0,
                          "Total Cost": 42319.06,
                          "Plan Rows": 632106,
                          "Plan Width": 4,
                          "Actual Startup Time": 0.046,
                          "Actual Total Time": 119.566,
                          "Actual Rows": 632078,
                          "Actual Loops": 4
                        }
                      ]
                    }
                  ]
                }
              ]
            }
          ]
        }
      ]
    },
    "Planning Time": 0.49,
    "Triggers": [],
    "Execution Time": 649.573
  }
]