[
  {
    "Plan": {
      "Node Type": "Aggregate",
      "Strategy": "Plain",
      "Partial Mode": "Finalize",
      "Parallel Aware": false,
      "Startup Cost": 624687.46,
      "Total Cost": 624687.47,
      "Plan Rows": 1,
      "Plan Width": 8,
      "Actual Startup Time": 5160.361,
      "Actual Total Time": 5252.359,
      "Actual Rows": 1,
      "Actual Loops": 1,
      "Plans": [
        {
          "Node Type": "Gather",
          "Parent Relationship": "Outer",
          "Parallel Aware": false,
          "Startup Cost": 624686.94,
          "Total Cost": 624687.45,
          "Plan Rows": 5,
          "Plan Width": 8,
          "Actual Startup Time": 5087.205,
          "Actual Total Time": 5252.342,
          "Actual Rows": 6,
          "Actual Loops": 1,
          "Workers Planned": 5,
          "Workers Launched": 5,
          "Single Copy": false,
          "Plans": [
            {
              "Node Type": "Aggregate",
              "Strategy": "Plain",
              "Partial Mode": "Partial",
              "Parent Relationship": "Outer",
              "Parallel Aware": false,
              "Startup Cost": 623686.94,
              "Total Cost": 623686.95,
              "Plan Rows": 1,
              "Plan Width": 8,
              "Actual Startup Time": 5053.962,
              "Actual Total Time": 5053.974,
              "Actual Rows": 1,
              "Actual Loops": 6,
              "Plans": [
                {
                  "Node Type": "Hash Join",
                  "Parent Relationship": "Outer",
                  "Parallel Aware": true,
                  "Join Type": "Inner",
                  "Startup Cost": 397420.52,
                  "Total Cost": 611382.25,
                  "Plan Rows": 4921876,
                  "Plan Width": 0,
                  "Actual Startup Time": 2298.268,
                  "Actual Total Time": 4523.669,
                  "Actual Rows": 12017762,
                  "Actual Loops": 6,
                  "Inner Unique": false,
                  "Hash Cond": "(mi.movie_id = t.id)",
                  "Plans": [
                    {
                      "Node Type": "Seq Scan",
                      "Parent Relationship": "Outer",
                      "Parallel Aware": true,
                      "Relation Name": "movie_info",
                      "Alias": "mi",
                      "Startup Cost": 0.0,
                      "Total Cost": 199108.24,
                      "Plan Rows": 1773429,
                      "Plan Width": 4,
                      "Actual Startup Time": 27.877,
                      "Actual Total Time": 363.491,
                      "Actual Rows": 1491793,
                      "Actual Loops": 6,
                      "Filter": "(info_type_id > 6)",
                      "Rows Removed by Filter": 980827
                    },
                    {
                      "Node Type": "Hash",
                      "Parent Relationship": "Inner",
                      "Parallel Aware": true,
                      "Startup Cost": 382801.26,
                      "Total Cost": 382801.26,
                      "Plan Rows": 1169541,
                      "Plan Width": 8,
                      "Actual Startup Time": 2258.952,
                      "Actual Total Time": 2258.962,
                      "Actual Rows": 1241988,
                      "Actual Loops": 6,
                      "Hash Buckets": 8388608,
                      "Original Hash Buckets": 8388608,
                      "Hash Batches": 1,
                      "Original Hash Batches": 1,
                      "Peak Memory Usage": 357152,
                      "Plans": [
                        {
                          "Node Type": "Hash Join",
                          "Parent Relationship": "Outer",
                          "Parallel Aware": true,
                          "Join Type": "Inner",
                          "Startup Cost": 51321.73,
                          "Total Cost": 382801.26,
                          "Plan Rows": 1169541,
                          "Plan Width": 8,
                          "Actual Startup Time": 290.17,
                          "Actual Total Time": 1640.388,
                          "Actual Rows": 1241988,
                          "Actual Loops": 6,
                          "Inner Unique": true,
                          "Hash Cond": "(ci.movie_id = t.id)",
                          "Plans": [
                            {
                              "Node Type": "Seq Scan",
                              "Parent Relationship": "Outer",
                              "Parallel Aware": true,
                              "Relation Name": "cast_info",
                              "Alias": "ci",
                              "Startup Cost": 0.0,
                              "Total Cost": 328211.39,
                              "Plan Rows": 1245002,
                              "Plan Width": 4,
                              "Actual Startup Time": 0.043,
                              "Actual Total Time": 655.188,
                              "Actual Rows": 1268497,
                              "Actual Loops": 6,
                              "Filter": "(person_id < 737896)",
                              "Rows Removed by Filter": 4772227
                            },
                            {
                              "Node Type": "Hash",
                              "Parent Relationship": "Inner",
                              "Parallel Aware": true,
                              "Startup Cost": 43899.32,
                              "Total Cost": 43899.32,
                              "Plan Rows": 593793,
                              "Plan Width": 4,
                              "Actual Startup Time": 285.369,
                              "Actual Total Time": 285.371,
                              "Actual Rows": 395762,
                              "Actual Loops": 6,
                              "Hash Buckets": 4194304,
                              "Original Hash Buckets": 4194304,
                              "Hash Batches": 1,
                              "Original Hash Batches": 1,
                              "Peak Memory Usage": 125792,
                              "Plans": [
                                {
                                  "Node Type": "Seq Scan",
                                  "Parent Relationship": "Outer",
                                  "Parallel Aware": true,
                                  "Relation Name": "title",
                                  "Alias": "t",
                                  "Startup Cost": 0.0,
                                  "Total Cost": 43899.32,
                                  "Plan Rows": 593793,
                                  "Plan Width": 4,
                                  "Actual Startup Time": 0.071,
                                  "Actual Total Time": 89.25,
                                  "Actual Rows": 395762,
                                  "Actual Loops": 6,
                                  "Filter": "(production_year > 1918)",
                                  "Rows Removed by Filter": 25624
                                }
                              ]
                            }
                          ]
                        }
                      ]
                    }
                  ]
                }
              ]
            }
          ]
        }
      ]
    },
    "Planning Time": 0.677,
    "Triggers": [],
    "Execution Time": 5252.425
  }
]