[
  {
    "Plan": {
      "Node Type": "Aggregate",
      "Strategy": "Plain",
      "Partial Mode": "Finalize",
      "Parallel Aware": false,
      "Startup Cost": 464015.62,
      "Total Cost": 464015.63,
      "Plan Rows": 1,
      "Plan Width": 8,
      "Actual Startup Time": 2117.14,
      "Actual Total Time": 2166.019,
      "Actual Rows": 1,
      "Actual Loops": 1,
      "Plans": [
        {
          "Node Type": "Gather",
          "Parent Relationship": "Outer",
          "Parallel Aware": false,
          "Startup Cost": 464015.3,
          "Total Cost": 464015.61,
          "Plan Rows": 3,
          "Plan Width": 8,
          "Actual Startup Time": 2099.353,
          "Actual Total Time": 2165.997,
          "Actual Rows": 4,
          "Actual Loops": 1,
          "Workers Planned": 3,
          "Workers Launched": 3,
          "Single Copy": false,
          "Plans": [
            {
              "Node Type": "Aggregate",
              "Strategy": "Plain",
              "Partial Mode": "Partial",
              "Parent Relationship": "Outer",
              "Parallel Aware": false,
              "Startup Cost": 463015.3,
              "Total Cost": 463015.31,
              "Plan Rows": 1,
              "Plan Width": 8,
              "Actual Startup Time": 2081.268,
              "Actual Total Time": 2082.007,
              "Actual Rows": 1,
              "Actual Loops": 4,
              "Plans": [
                {
                  "Node Type": "Hash Join",
                  "Parent Relationship": "Outer",
                  "Parallel Aware": true,
                  "Join Type": "Inner",
                  "Startup Cost": 405319.26,
                  "Total Cost": 455109.57,
                  "Plan Rows": 3162294,
                  "Plan Width": 0,
                  "Actual Startup Time": 1405.244,
                  "Actual Total Time": 1911.708,
                  "Actual Rows": 4244970,
                  "Actual Loops": 4,
                  "Inner Unique": false,
                  "Hash Cond": "(mk.movie_id = t.id)",
                  "Plans": [
                    {
                      "Node Type": "Seq Scan",
                      "Parent Relationship": "Outer",
                      "Parallel Aware": true,
                      "Relation Name": "movie_keyword",
                      "Alias": "mk",
                      "Startup Cost": 0.0,
                      "Total Cost": 39047.32,
                      "Plan Rows": 1459332,
                      "Plan Width": 4,
                      "Actual Startup Time": 0.025,
                      "Actual Total Time": 84.664,
                      "Actual Rows": 1130982,
                      "Actual Loops": 4
                    },
                    {
                      "Node Type": "Hash",
                      "Parent Relationship": "Inner",
                      "Parallel Aware": true,
                      "Startup Cost": 393904.77,
                      "Total Cost": 393904.77,
                      "Plan Rows": 913159,
                      "Plan Width": 8,
                      "Actual Startup Time": 1391.62,
                      "Actual Total Time": 1392.358,
                      "Actual Rows": 604729,
                      "Actual Loops": 4,
                      "Hash Buckets": 8388608,
                      "Original Hash Buckets": 8388608,
                      "Hash Batches": 1,
                      "Original Hash Batches": 1,
                      "Peak Memory Usage": 160224,
                      "Plans": [
                        {
                          "Node Type": "Hash Join",
                          "Parent Relationship": "Outer",
                          "Parallel Aware": true,
                          "Join Type": "Inner",
                          "Startup Cost": 49126.11,
                          "Total Cost": 393904.77,
                          "Plan Rows": 913159,
                          "Plan Width": 8,
                          "Actual Startup Time": 601.338,
                          "Actual Total Time": 1133.177,
                          "Actual Rows": 604729,
                          "Actual Loops": 4,
                          "Inner Unique": true,
                          "Hash Cond": "(ci.movie_id = t.id)",
                          "Plans": [
                            {
                              "Node Type": "Index Scan",
                              "Parent Relationship": "Outer",
                              "Parallel Aware": true,
                              "Scan Direction": "Forward",
                              "Index Name": "role_id_cast_info",
                              "Relation Name": "cast_info",
                              "Alias": "ci",
                              "Startup Cost": 0.56,
                              "Total Cost": 341155.22,
                              "Plan Rows": 1380570,
                              "Plan Width": 4,
                              "Actual Startup Time": 338.609,
                              "Actual Total Time": 507.45,
                              "Actual Rows": 867805,
                              "Actual Loops": 4,
                              "Index Cond": "(role_id = 1)",
                              "Rows Removed by Index Recheck": 0,
                              "Filter": "(person_id > 1255529)",
                              "Rows Removed by Filter": 2299867
                            },
                            {
                              "Node Type": "Hash",
                              "Parent Relationship": "Inner",
                              "Parallel Aware": true,
                              "Startup Cost": 43899.32,
                              "Total Cost": 43899.32,
                              "Plan Rows": 418098,
                              "Plan Width": 4,
                              "Actual Startup Time": 259.46,
                              "Actual Total Time": 259.462,
                              "Actual Rows": 417823,
                              "Actual Loops": 4,
                              "Hash Buckets": 2097152,
                              "Original Hash Buckets": 2097152,
                              "Hash Batches": 1,
                              "Original Hash Batches": 1,
                              "Peak Memory Usage": 81824,
                              "Plans": [
                                {
                                  "Node Type": "Seq Scan",
                                  "Parent Relationship": "Outer",
                                  "Parallel Aware": true,
                                  "Relation Name": "title",
                                  "Alias": "t",
                                  "Startup Cost": 0.0,
                                  "Total Cost": 43899.32,
                                  "Plan Rows": 418098,
                                  "Plan Width": 4,
                                  "Actual Startup Time": 0.053,
                                  "Actual Total Time": 108.115,
                                  "Actual Rows": 417823,
                                  "Actual Loops": 4,
                                  "Filter": "(production_year < 2008)",
                                  "Rows Removed by Filter": 214255
                                }
                              ]
                            }
                          ]
                        }
                      ]
                    }
                  ]
                }
              ]
            }
          ]
        }
      ]
    },
    "Planning Time": 0.421,
    "Triggers": [],
    "Execution Time": 2166.07
  }
]