{
  "Plan": {
    "Node Type": "Aggregate",
    "Strategy": "Plain",
    "Partial Mode": "Simple",
    "Parallel Aware": false,
    "Startup Cost": 81352.85,
    "Total Cost": 81352.86,
    "Plan Rows": 1,
    "Plan Width": 64,
    "Actual Startup Time": 2976.873,
    "Actual Total Time": 2977.11,
    "Actual Rows": 1,
    "Actual Loops": 1,
    "Plans": [
      {
        "Node Type": "Hash Join",
        "Parent Relationship": "Outer",
        "Parallel Aware": false,
        "Join Type": "Inner",
        "Startup Cost": 78714.98,
        "Total Cost": 81352.83,
        "Plan Rows": 4,
        "Plan Width": 23,
        "Actual Startup Time": 2957.79,
        "Actual Total Time": 2976.655,
        "Actual Rows": 5805,
        "Actual Loops": 1,
        "Inner Unique": false,
        "Hash Cond": "(k.id = mk.keyword_id)",
        "Plans": [
          {
            "Node Type": "Seq Scan",
            "Parent Relationship": "Outer",
            "Parallel Aware": false,
            "Relation Name": "keyword",
            "Alias": "k",
            "Startup Cost": 0.0,
            "Total Cost": 2626.12,
            "Plan Rows": 13,
            "Plan Width": 4,
            "Actual Startup Time": 2.91,
            "Actual Total Time": 19.284,
            "Actual Rows": 30,
            "Actual Loops": 1,
            "Filter": "(keyword ~~ '%sequel%'::text)",
            "Rows Removed by Filter": 134140
          },
          {
            "Node Type": "Hash",
            "Parent Relationship": "Inner",
            "Parallel Aware": false,
            "Startup Cost": 78168.35,
            "Total Cost": 78168.35,
            "Plan Rows": 43730,
            "Plan Width": 27,
            "Actual Startup Time": 2954.064,
            "Actual Total Time": 2954.296,
            "Actual Rows": 2871026,
            "Actual Loops": 1,
            "Hash Buckets": 4194304,
            "Original Hash Buckets": 65536,
            "Hash Batches": 1,
            "Original Hash Batches": 1,
            "Peak Memory Usage": 195673,
            "Plans": [
              {
                "Node Type": "Gather",
                "Parent Relationship": "Outer",
                "Parallel Aware": false,
                "Startup Cost": 21657.2,
                "Total Cost": 78168.35,
                "Plan Rows": 43730,
                "Plan Width": 27,
                "Actual Startup Time": 251.458,
                "Actual Total Time": 2262.31,
                "Actual Rows": 2871026,
                "Actual Loops": 1,
                "Workers Planned": 3,
                "Workers Launched": 3,
                "Single Copy": false,
                "Plans": [
                  {
                    "Node Type": "Nested Loop",
                    "Parent Relationship": "Outer",
                    "Parallel Aware": false,
                    "Join Type": "Inner",
                    "Startup Cost": 20657.2,
                    "Total Cost": 72795.35,
                    "Plan Rows": 14106,
                    "Plan Width": 27,
                    "Actual Startup Time": 241.056,
                    "Actual Total Time": 2251.209,
                    "Actual Rows": 717756,
                    "Actual Loops": 4,
                    "Inner Unique": true,
                    "Join Filter": "(mi_idx.movie_id = t.id)",
                    "Rows Removed by Join Filter": 0,
                    "Plans": [
                      {
                        "Node Type": "Hash Join",
                        "Parent Relationship": "Outer",
                        "Parallel Aware": false,
                        "Join Type": "Inner",
                        "Startup Cost": 20656.77,
                        "Total Cost": 65325.31,
                        "Plan Rows": 14872,
                        "Plan Width": 18,
                        "Actual Startup Time": 240.931,
                        "Actual Total Time": 584.271,
                        "Actual Rows": 720414,
                        "Actual Loops": 4,
                        "Inner Unique": false,
                        "Hash Cond": "(mk.movie_id = mi_idx.movie_id)",
                        "Plans": [
                          {
                            "Node Type": "Seq Scan",
                            "Parent Relationship": "Outer",
                            "Parallel Aware": true,
                            "Relation Name": "movie_keyword",
                            "Alias": "mk",
                            "Startup Cost": 0.0,
                            "Total Cost": 39047.32,
                            "Plan Rows": 1459332,
                            "Plan Width": 8,
                            "Actual Startup Time": 0.064,
                            "Actual Total Time": 114.824,
                            "Actual Rows": 1130982,
                            "Actual Loops": 4
                          },
                          {
                            "Node Type": "Hash",
                            "Parent Relationship": "Inner",
                            "Parallel Aware": false,
                            "Startup Cost": 20599.32,
                            "Total Cost": 20599.32,
                            "Plan Rows": 4596,
                            "Plan Width": 10,
                            "Actual Startup Time": 240.384,
                            "Actual Total Time": 240.387,
                            "Actual Rows": 352990,
                            "Actual Loops": 4,
                            "Hash Buckets": 524288,
                            "Original Hash Buckets": 8192,
                            "Hash Batches": 1,
                            "Original Hash Batches": 1,
                            "Peak Memory Usage": 17885,
                            "Plans": [
                              {
                                "Node Type": "Nested Loop",
                                "Parent Relationship": "Outer",
                                "Parallel Aware": false,
                                "Join Type": "Inner",
                                "Startup Cost": 6188.45,
                                "Total Cost": 20599.32,
                                "Plan Rows": 4596,
                                "Plan Width": 10,
                                "Actual Startup Time": 39.14,
                                "Actual Total Time": 162.471,
                                "Actual Rows": 352990,
                                "Actual Loops": 4,
                                "Inner Unique": false,
                                "Plans": [
                                  {
                                    "Node Type": "Seq Scan",
                                    "Parent Relationship": "Outer",
                                    "Parallel Aware": false,
                                    "Relation Name": "info_type",
                                    "Alias": "it",
                                    "Startup Cost": 0.0,
                                    "Total Cost": 2.41,
                                    "Plan Rows": 1,
                                    "Plan Width": 4,
                                    "Actual Startup Time": 0.077,
                                    "Actual Total Time": 0.082,
                                    "Actual Rows": 1,
                                    "Actual Loops": 4,
                                    "Filter": "((info)::text = 'rating'::text)",
                                    "Rows Removed by Filter": 112
                                  },
                                  {
                                    "Node Type": "Bitmap Heap Scan",
                                    "Parent Relationship": "Inner",
                                    "Parallel Aware": false,
                                    "Relation Name": "movie_info_idx",
                                    "Alias": "mi_idx",
                                    "Startup Cost": 6188.45,
                                    "Total Cost": 19298.59,
                                    "Plan Rows": 129832,
                                    "Plan Width": 14,
                                    "Actual Startup Time": 39.051,
                                    "Actual Total Time": 136.457,
                                    "Actual Rows": 352990,
                                    "Actual Loops": 4,
                                    "Recheck Cond": "(info_type_id = it.id)",
                                    "Rows Removed by Index Recheck": 0,
                                    "Filter": "(info > '5.0'::text)",
                                    "Rows Removed by Filter": 106935,
                                    "Exact Heap Blocks": 7934,
                                    "Lossy Heap Blocks": 0,
                                    "Plans": [
                                      {
                                        "Node Type": "Bitmap Index Scan",
                                        "Parent Relationship": "Outer",
                                        "Parallel Aware": false,
                                        "Index Name": "info_type_id_movie_info_idx",
                                        "Startup Cost": 0.0,
                                        "Total Cost": 6155.99,
                                        "Plan Rows": 345009,
                                        "Plan Width": 0,
                                        "Actual Startup Time": 38.022,
                                        "Actual Total Time": 38.023,
                                        "Actual Rows": 459925,
                                        "Actual Loops": 4,
                                        "Index Cond": "(info_type_id = it.id)"
                                      }
                                    ]
                                  }
                                ]
                              }
                            ]
                          }
                        ]
                      },
                      {
                        "Node Type": "Index Scan",
                        "Parent Relationship": "Inner",
                        "Parallel Aware": false,
                        "Scan Direction": "Forward",
                        "Index Name": "title_pkey",
                        "Relation Name": "title",
                        "Alias": "t",
                        "Startup Cost": 0.43,
                        "Total Cost": 0.49,
                        "Plan Rows": 1,
                        "Plan Width": 21,
                        "Actual Startup Time": 0.002,
                        "Actual Total Time": 0.002,
                        "Actual Rows": 1,
                        "Actual Loops": 2881657,
                        "Index Cond": "(id = mk.movie_id)",
                        "Rows Removed by Index Recheck": 0,
                        "Filter": "(production_year < 2013)",
                        "Rows Removed by Filter": 0
                      }
                    ]
                  }
                ]
              }
            ]
          }
        ]
      }
    ]
  },
  "Planning Time": 6.627,
  "Triggers": [],
  "Execution Time": 2983.054
}