[
  {
    "Plan": {
      "Node Type": "Aggregate",
      "Strategy": "Plain",
      "Partial Mode": "Finalize",
      "Parallel Aware": false,
      "Startup Cost": 335389.74,
      "Total Cost": 335389.75,
      "Plan Rows": 1,
      "Plan Width": 8,
      "Actual Startup Time": 757.923,
      "Actual Total Time": 789.985,
      "Actual Rows": 1,
      "Actual Loops": 1,
      "Plans": [
        {
          "Node Type": "Gather",
          "Parent Relationship": "Outer",
          "Parallel Aware": false,
          "Startup Cost": 335389.12,
          "Total Cost": 335389.73,
          "Plan Rows": 6,
          "Plan Width": 8,
          "Actual Startup Time": 757.823,
          "Actual Total Time": 789.979,
          "Actual Rows": 7,
          "Actual Loops": 1,
          "Workers Planned": 6,
          "Workers Launched": 6,
          "Single Copy": false,
          "Plans": [
            {
              "Node Type": "Aggregate",
              "Strategy": "Plain",
              "Partial Mode": "Partial",
              "Parent Relationship": "Outer",
              "Parallel Aware": false,
              "Startup Cost": 334389.12,
              "Total Cost": 334389.13,
              "Plan Rows": 1,
              "Plan Width": 8,
              "Actual Startup Time": 751.257,
              "Actual Total Time": 751.258,
              "Actual Rows": 1,
              "Actual Loops": 7,
              "Plans": [
                {
                  "Node Type": "Seq Scan",
                  "Parent Relationship": "Outer",
                  "Parallel Aware": true,
                  "Relation Name": "cast_info",
                  "Alias": "ci",
                  "Startup Cost": 0.0,
                  "Total Cost": 328213.62,
                  "Plan Rows": 2470200,
                  "Plan Width": 0,
                  "Actual Startup Time": 249.363,
                  "Actual Total Time": 633.495,
                  "Actual Rows": 2129423,
                  "Actual Loops": 7,
                  "Filter": "(person_id > 2159668)",
                  "Rows Removed by Filter": 3048341
                }
              ]
            }
          ]
        }
      ]
    },
    "Planning Time": 0.075,
    "Triggers": [],
    "Execution Time": 790.013
  }
]