[
  {
    "Plan": {
      "Node Type": "Aggregate",
      "Strategy": "Plain",
      "Partial Mode": "Finalize",
      "Parallel Aware": false,
      "Startup Cost": 82083.59,
      "Total Cost": 82083.6,
      "Plan Rows": 1,
      "Plan Width": 8,
      "Actual Startup Time": 415.34,
      "Actual Total Time": 429.961,
      "Actual Rows": 1,
      "Actual Loops": 1,
      "Plans": [
        {
          "Node Type": "Gather",
          "Parent Relationship": "Outer",
          "Parallel Aware": false,
          "Startup Cost": 82083.17,
          "Total Cost": 82083.58,
          "Plan Rows": 4,
          "Plan Width": 8,
          "Actual Startup Time": 411.596,
          "Actual Total Time": 429.948,
          "Actual Rows": 5,
          "Actual Loops": 1,
          "Workers Planned": 4,
          "Workers Launched": 4,
          "Single Copy": false,
          "Plans": [
            {
              "Node Type": "Aggregate",
              "Strategy": "Plain",
              "Partial Mode": "Partial",
              "Parent Relationship": "Outer",
              "Parallel Aware": false,
              "Startup Cost": 81083.17,
              "Total Cost": 81083.18,
              "Plan Rows": 1,
              "Plan Width": 8,
              "Actual Startup Time": 399.701,
              "Actual Total Time": 399.704,
              "Actual Rows": 1,
              "Actual Loops": 5,
              "Plans": [
                {
                  "Node Type": "Hash Join",
                  "Parent Relationship": "Outer",
                  "Parallel Aware": true,
                  "Join Type": "Inner",
                  "Startup Cost": 34506.52,
                  "Total Cost": 80603.96,
                  "Plan Rows": 191686,
                  "Plan Width": 0,
                  "Actual Startup Time": 152.656,
                  "Actual Total Time": 390.701,
                  "Actual Rows": 197785,
                  "Actual Loops": 5,
                  "Inner Unique": false,
                  "Hash Cond": "(t.id = mc.movie_id)",
                  "Plans": [
                    {
                      "Node Type": "Seq Scan",
                      "Parent Relationship": "Outer",
                      "Parallel Aware": true,
                      "Relation Name": "title",
                      "Alias": "t",
                      "Startup Cost": 0.0,
                      "Total Cost": 42318.73,
                      "Plan Rows": 632073,
                      "Plan Width": 4,
                      "Actual Startup Time": 0.012,
                      "Actual Total Time": 65.567,
                      "Actual Rows": 505662,
                      "Actual Loops": 5
                    },
                    {
                      "Node Type": "Hash",
                      "Parent Relationship": "Inner",
                      "Parallel Aware": true,
                      "Startup Cost": 31414.82,
                      "Total Cost": 31414.82,
                      "Plan Rows": 247336,
                      "Plan Width": 4,
                      "Actual Startup Time": 147.751,
                      "Actual Total Time": 147.752,
                      "Actual Rows": 197785,
                      "Actual Loops": 5,
                      "Hash Buckets": 1048576,
                      "Original Hash Buckets": 1048576,
                      "Hash Batches": 1,
                      "Original Hash Batches": 1,
                      "Peak Memory Usage": 46976,
                      "Plans": [
                        {
                          "Node Type": "Seq Scan",
                          "Parent Relationship": "Outer",
                          "Parallel Aware": true,
                          "Relation Name": "movie_companies",
                          "Alias": "mc",
                          "Startup Cost": 0.0,
                          "Total Cost": 31414.82,
                          "Plan Rows": 247336,
                          "Plan Width": 4,
                          "Actual Startup Time": 47.943,
                          "Actual Total Time": 82.942,
                          "Actual Rows": 197785,
                          "Actual Loops": 5,
                          "Filter": "((company_id > 7436) AND (company_type_id = 2))",
                          "Rows Removed by Filter": 324041
                        }
                      ]
                    }
                  ]
                }
              ]
            }
          ]
        }
      ]
    },
    "Planning Time": 0.635,
    "Triggers": [],
    "Execution Time": 430.035
  }
]