[
    {
        "Bao": {
            "Bao prediction": 359.767,
            "Bao recommended hint": "(no hint)"
        }
    },
    {
        "Plan": {
            "Node Type": "Aggregate",
            "Strategy": "Plain",
            "Partial Mode": "Finalize",
            "Parallel Aware": false,
            "Startup Cost": 39300.24,
            "Total Cost": 39300.25,
            "Plan Rows": 1,
            "Plan Width": 64,
            "Actual Startup Time": 245.558,
            "Actual Total Time": 274.861,
            "Actual Rows": 1,
            "Actual Loops": 1,
            "Output": [
                "min(chn.name)",
                "min(t.title)"
            ],
            "Plans": [
                {
                    "Node Type": "Gather",
                    "Parent Relationship": "Outer",
                    "Parallel Aware": false,
                    "Startup Cost": 39299.91,
                    "Total Cost": 39300.22,
                    "Plan Rows": 3,
                    "Plan Width": 64,
                    "Actual Startup Time": 245.379,
                    "Actual Total Time": 274.852,
                    "Actual Rows": 4,
                    "Actual Loops": 1,
                    "Output": [
                        "(PARTIAL min(chn.name))",
                        "(PARTIAL min(t.title))"
                    ],
                    "Workers Planned": 3,
                    "Workers Launched": 3,
                    "Single Copy": false,
                    "Plans": [
                        {
                            "Node Type": "Aggregate",
                            "Strategy": "Plain",
                            "Partial Mode": "Partial",
                            "Parent Relationship": "Outer",
                            "Parallel Aware": false,
                            "Startup Cost": 38299.91,
                            "Total Cost": 38299.92,
                            "Plan Rows": 1,
                            "Plan Width": 64,
                            "Actual Startup Time": 235.646,
                            "Actual Total Time": 235.655,
                            "Actual Rows": 1,
                            "Actual Loops": 4,
                            "Output": [
                                "PARTIAL min(chn.name)",
                                "PARTIAL min(t.title)"
                            ],
                            "Workers": [
                                {
                                    "Worker Number": 0,
                                    "Actual Startup Time": 232.405,
                                    "Actual Total Time": 232.42,
                                    "Actual Rows": 1,
                                    "Actual Loops": 1
                                },
                                {
                                    "Worker Number": 1,
                                    "Actual Startup Time": 232.498,
                                    "Actual Total Time": 232.505,
                                    "Actual Rows": 1,
                                    "Actual Loops": 1
                                },
                                {
                                    "Worker Number": 2,
                                    "Actual Startup Time": 232.706,
                                    "Actual Total Time": 232.713,
                                    "Actual Rows": 1,
                                    "Actual Loops": 1
                                }
                            ],
                            "Plans": [
                                {
                                    "Node Type": "Hash Join",
                                    "Parent Relationship": "Outer",
                                    "Parallel Aware": false,
                                    "Join Type": "Inner",
                                    "Startup Cost": 4736.85,
                                    "Total Cost": 38299.42,
                                    "Plan Rows": 98,
                                    "Plan Width": 33,
                                    "Actual Startup Time": 235.633,
                                    "Actual Total Time": 235.639,
                                    "Actual Rows": 0,
                                    "Actual Loops": 4,
                                    "Output": [
                                        "chn.name",
                                        "t.title"
                                    ],
                                    "Inner Unique": true,
                                    "Hash Cond": "(mc.company_type_id = ct.id)",
                                    "Workers": [
                                        {
                                            "Worker Number": 0,
                                            "Actual Startup Time": 232.4,
                                            "Actual Total Time": 232.406,
                                            "Actual Rows": 0,
                                            "Actual Loops": 1
                                        },
                                        {
                                            "Worker Number": 1,
                                            "Actual Startup Time": 232.459,
                                            "Actual Total Time": 232.465,
                                            "Actual Rows": 0,
                                            "Actual Loops": 1
                                        },
                                        {
                                            "Worker Number": 2,
                                            "Actual Startup Time": 232.701,
                                            "Actual Total Time": 232.707,
                                            "Actual Rows": 0,
                                            "Actual Loops": 1
                                        }
                                    ],
                                    "Plans": [
                                        {
                                            "Node Type": "Nested Loop",
                                            "Parent Relationship": "Outer",
                                            "Parallel Aware": false,
                                            "Join Type": "Inner",
                                            "Startup Cost": 4735.76,
                                            "Total Cost": 38297.81,
                                            "Plan Rows": 98,
                                            "Plan Width": 37,
                                            "Actual Startup Time": 235.349,
                                            "Actual Total Time": 235.354,
                                            "Actual Rows": 0,
                                            "Actual Loops": 4,
                                            "Output": [
                                                "chn.name",
                                                "mc.company_type_id",
                                                "t.title"
                                            ],
                                            "Inner Unique": true,
                                            "Workers": [
                                                {
                                                    "Worker Number": 0,
                                                    "Actual Startup Time": 232.041,
                                                    "Actual Total Time": 232.046,
                                                    "Actual Rows": 0,
                                                    "Actual Loops": 1
                                                },
                                                {
                                                    "Worker Number": 1,
                                                    "Actual Startup Time": 232.092,
                                                    "Actual Total Time": 232.097,
                                                    "Actual Rows": 0,
                                                    "Actual Loops": 1
                                                },
                                                {
                                                    "Worker Number": 2,
                                                    "Actual Startup Time": 232.309,
                                                    "Actual Total Time": 232.314,
                                                    "Actual Rows": 0,
                                                    "Actual Loops": 1
                                                }
                                            ],
                                            "Plans": [
                                                {
                                                    "Node Type": "Hash Join",
                                                    "Parent Relationship": "Outer",
                                                    "Parallel Aware": false,
                                                    "Join Type": "Inner",
                                                    "Startup Cost": 4735.33,
                                                    "Total Cost": 38241.01,
                                                    "Plan Rows": 98,
                                                    "Plan Width": 25,
                                                    "Actual Startup Time": 235.348,
                                                    "Actual Total Time": 235.352,
                                                    "Actual Rows": 0,
                                                    "Actual Loops": 4,
                                                    "Output": [
                                                        "ci.person_role_id",
                                                        "mc.company_type_id",
                                                        "t.title"
                                                    ],
                                                    "Inner Unique": true,
                                                    "Hash Cond": "(ci.role_id = rt.id)",
                                                    "Workers": [
                                                        {
                                                            "Worker Number": 0,
                                                            "Actual Startup Time": 232.04,
                                                            "Actual Total Time": 232.044,
                                                            "Actual Rows": 0,
                                                            "Actual Loops": 1
                                                        },
                                                        {
                                                            "Worker Number": 1,
                                                            "Actual Startup Time": 232.09,
                                                            "Actual Total Time": 232.094,
                                                            "Actual Rows": 0,
                                                            "Actual Loops": 1
                                                        },
                                                        {
                                                            "Worker Number": 2,
                                                            "Actual Startup Time": 232.308,
                                                            "Actual Total Time": 232.313,
                                                            "Actual Rows": 0,
                                                            "Actual Loops": 1
                                                        }
                                                    ],
                                                    "Plans": [
                                                        {
                                                            "Node Type": "Nested Loop",
                                                            "Parent Relationship": "Outer",
                                                            "Parallel Aware": false,
                                                            "Join Type": "Inner",
                                                            "Startup Cost": 4734.16,
                                                            "Total Cost": 38235.66,
                                                            "Plan Rows": 1181,
                                                            "Plan Width": 29,
                                                            "Actual Startup Time": 15.701,
                                                            "Actual Total Time": 235.109,
                                                            "Actual Rows": 654,
                                                            "Actual Loops": 4,
                                                            "Output": [
                                                                "ci.person_role_id",
                                                                "ci.role_id",
                                                                "mc.company_type_id",
                                                                "t.title"
                                                            ],
                                                            "Inner Unique": false,
                                                            "Join Filter": "(t.id = ci.movie_id)",
                                                            "Rows Removed by Join Filter": 0,
                                                            "Workers": [
                                                                {
                                                                    "Worker Number": 0,
                                                                    "Actual Startup Time": 13.854,
                                                                    "Actual Total Time": 231.79,
                                                                    "Actual Rows": 354,
                                                                    "Actual Loops": 1
                                                                },
                                                                {
                                                                    "Worker Number": 1,
                                                                    "Actual Startup Time": 10.268,
                                                                    "Actual Total Time": 231.757,
                                                                    "Actual Rows": 734,
                                                                    "Actual Loops": 1
                                                                },
                                                                {
                                                                    "Worker Number": 2,
                                                                    "Actual Startup Time": 14.804,
                                                                    "Actual Total Time": 232.062,
                                                                    "Actual Rows": 353,
                                                                    "Actual Loops": 1
                                                                }
                                                            ],
                                                            "Plans": [
                                                                {
                                                                    "Node Type": "Nested Loop",
                                                                    "Parent Relationship": "Outer",
                                                                    "Parallel Aware": false,
                                                                    "Join Type": "Inner",
                                                                    "Startup Cost": 4733.6,
                                                                    "Total Cost": 36740.42,
                                                                    "Plan Rows": 772,
                                                                    "Plan Width": 29,
                                                                    "Actual Startup Time": 14.113,
                                                                    "Actual Total Time": 175.516,
                                                                    "Actual Rows": 315,
                                                                    "Actual Loops": 4,
                                                                    "Output": [
                                                                        "mc.movie_id",
                                                                        "mc.company_type_id",
                                                                        "t.title",
                                                                        "t.id"
                                                                    ],
                                                                    "Inner Unique": true,
                                                                    "Workers": [
                                                                        {
                                                                            "Worker Number": 0,
                                                                            "Actual Startup Time": 8.257,
                                                                            "Actual Total Time": 163.355,
                                                                            "Actual Rows": 194,
                                                                            "Actual Loops": 1
                                                                        },
                                                                        {
                                                                            "Worker Number": 1,
                                                                            "Actual Startup Time": 9.863,
                                                                            "Actual Total Time": 161.526,
                                                                            "Actual Rows": 317,
                                                                            "Actual Loops": 1
                                                                        },
                                                                        {
                                                                            "Worker Number": 2,
                                                                            "Actual Startup Time": 14.542,
                                                                            "Actual Total Time": 168.973,
                                                                            "Actual Rows": 193,
                                                                            "Actual Loops": 1
                                                                        }
                                                                    ],
                                                                    "Plans": [
                                                                        {
                                                                            "Node Type": "Hash Join",
                                                                            "Parent Relationship": "Outer",
                                                                            "Parallel Aware": true,
                                                                            "Join Type": "Inner",
                                                                            "Startup Cost": 4733.17,
                                                                            "Total Cost": 34149.1,
                                                                            "Plan Rows": 4993,
                                                                            "Plan Width": 8,
                                                                            "Actual Startup Time": 11.611,
                                                                            "Actual Total Time": 152.121,
                                                                            "Actual Rows": 2198,
                                                                            "Actual Loops": 4,
                                                                            "Output": [
                                                                                "mc.movie_id",
                                                                                "mc.company_type_id"
                                                                            ],
                                                                            "Inner Unique": true,
                                                                            "Hash Cond": "(mc.company_id = cn.id)",
                                                                            "Workers": [
                                                                                {
                                                                                    "Worker Number": 0,
                                                                                    "Actual Startup Time": 8.052,
                                                                                    "Actual Total Time": 137.119,
                                                                                    "Actual Rows": 1604,
                                                                                    "Actual Loops": 1
                                                                                },
                                                                                {
                                                                                    "Worker Number": 1,
                                                                                    "Actual Startup Time": 8.373,
                                                                                    "Actual Total Time": 135.049,
                                                                                    "Actual Rows": 1751,
                                                                                    "Actual Loops": 1
                                                                                },
                                                                                {
                                                                                    "Worker Number": 2,
                                                                                    "Actual Startup Time": 9.063,
                                                                                    "Actual Total Time": 142.836,
                                                                                    "Actual Rows": 1594,
                                                                                    "Actual Loops": 1
                                                                                }
                                                                            ],
                                                                            "Plans": [
                                                                                {
                                                                                    "Node Type": "Seq Scan",
                                                                                    "Parent Relationship": "Outer",
                                                                                    "Parallel Aware": true,
                                                                                    "Relation Name": "movie_companies",
                                                                                    "Schema": "public",
                                                                                    "Alias": "mc",
                                                                                    "Startup Cost": 0.0,
                                                                                    "Total Cost": 27206.55,
                                                                                    "Plan Rows": 841655,
                                                                                    "Plan Width": 12,
                                                                                    "Actual Startup Time": 0.043,
                                                                                    "Actual Total Time": 73.033,
                                                                                    "Actual Rows": 652282,
                                                                                    "Actual Loops": 4,
                                                                                    "Output": [
                                                                                        "mc.id",
                                                                                        "mc.movie_id",
                                                                                        "mc.company_id",
                                                                                        "mc.company_type_id",
                                                                                        "mc.note"
                                                                                    ],
                                                                                    "Workers": [
                                                                                        {
                                                                                            "Worker Number": 0,
                                                                                            "Actual Startup Time": 0.076,
                                                                                            "Actual Total Time": 68.571,
                                                                                            "Actual Rows": 470928,
                                                                                            "Actual Loops": 1
                                                                                        },
                                                                                        {
                                                                                            "Worker Number": 1,
                                                                                            "Actual Startup Time": 0.058,
                                                                                            "Actual Total Time": 67.569,
                                                                                            "Actual Rows": 461773,
                                                                                            "Actual Loops": 1
                                                                                        },
                                                                                        {
                                                                                            "Worker Number": 2,
                                                                                            "Actual Startup Time": 0.03,
                                                                                            "Actual Total Time": 71.438,
                                                                                            "Actual Rows": 495123,
                                                                                            "Actual Loops": 1
                                                                                        }
                                                                                    ]
                                                                                },
                                                                                {
                                                                                    "Node Type": "Hash",
                                                                                    "Parent Relationship": "Inner",
                                                                                    "Parallel Aware": true,
                                                                                    "Startup Cost": 4722.92,
                                                                                    "Total Cost": 4722.92,
                                                                                    "Plan Rows": 820,
                                                                                    "Plan Width": 4,
                                                                                    "Actual Startup Time": 10.823,
                                                                                    "Actual Total Time": 10.824,
                                                                                    "Actual Rows": 340,
                                                                                    "Actual Loops": 4,
                                                                                    "Output": [
                                                                                        "cn.id"
                                                                                    ],
                                                                                    "Hash Buckets": 2048,
                                                                                    "Original Hash Buckets": 2048,
                                                                                    "Hash Batches": 1,
                                                                                    "Original Hash Batches": 1,
                                                                                    "Peak Memory Usage": 176,
                                                                                    "Workers": [
                                                                                        {
                                                                                            "Worker Number": 0,
                                                                                            "Actual Startup Time": 7.503,
                                                                                            "Actual Total Time": 7.503,
                                                                                            "Actual Rows": 50,
                                                                                            "Actual Loops": 1
                                                                                        },
                                                                                        {
                                                                                            "Worker Number": 1,
                                                                                            "Actual Startup Time": 7.615,
                                                                                            "Actual Total Time": 7.616,
                                                                                            "Actual Rows": 80,
                                                                                            "Actual Loops": 1
                                                                                        },
                                                                                        {
                                                                                            "Worker Number": 2,
                                                                                            "Actual Startup Time": 7.868,
                                                                                            "Actual Total Time": 7.869,
                                                                                            "Actual Rows": 65,
                                                                                            "Actual Loops": 1
                                                                                        }
                                                                                    ],
                                                                                    "Plans": [
                                                                                        {
                                                                                            "Node Type": "Seq Scan",
                                                                                            "Parent Relationship": "Outer",
                                                                                            "Parallel Aware": true,
                                                                                            "Relation Name": "company_name",
                                                                                            "Schema": "public",
                                                                                            "Alias": "cn",
                                                                                            "Startup Cost": 0.0,
                                                                                            "Total Cost": 4722.92,
                                                                                            "Plan Rows": 820,
                                                                                            "Plan Width": 4,
                                                                                            "Actual Startup Time": 0.316,
                                                                                            "Actual Total Time": 10.544,
                                                                                            "Actual Rows": 340,
                                                                                            "Actual Loops": 4,
                                                                                            "Output": [
                                                                                                "cn.id"
                                                                                            ],
                                                                                            "Filter": "((cn.country_code)::text = '[ru]'::text)",
                                                                                            "Rows Removed by Filter": 58409,
                                                                                            "Workers": [
                                                                                                {
                                                                                                    "Worker Number": 0,
                                                                                                    "Actual Startup Time": 0.283,
                                                                                                    "Actual Total Time": 7.315,
                                                                                                    "Actual Rows": 50,
                                                                                                    "Actual Loops": 1
                                                                                                },
                                                                                                {
                                                                                                    "Worker Number": 1,
                                                                                                    "Actual Startup Time": 0.264,
                                                                                                    "Actual Total Time": 7.357,
                                                                                                    "Actual Rows": 80,
                                                                                                    "Actual Loops": 1
                                                                                                },
                                                                                                {
                                                                                                    "Worker Number": 2,
                                                                                                    "Actual Startup Time": 0.702,
                                                                                                    "Actual Total Time": 7.588,
                                                                                                    "Actual Rows": 65,
                                                                                                    "Actual Loops": 1
                                                                                                }
                                                                                            ]
                                                                                        }
                                                                                    ]
                                                                                }
                                                                            ]
                                                                        },
                                                                        {
                                                                            "Node Type": "Index Scan",
                                                                            "Parent Relationship": "Inner",
                                                                            "Parallel Aware": false,
                                                                            "Scan Direction": "Forward",
                                                                            "Index Name": "title_pkey",
                                                                            "Relation Name": "title",
                                                                            "Schema": "public",
                                                                            "Alias": "t",
                                                                            "Startup Cost": 0.43,
                                                                            "Total Cost": 0.52,
                                                                            "Plan Rows": 1,
                                                                            "Plan Width": 21,
                                                                            "Actual Startup Time": 0.01,
                                                                            "Actual Total Time": 0.01,
                                                                            "Actual Rows": 0,
                                                                            "Actual Loops": 8790,
                                                                            "Output": [
                                                                                "t.id",
                                                                                "t.title",
                                                                                "t.imdb_index",
                                                                                "t.kind_id",
                                                                                "t.production_year",
                                                                                "t.imdb_id",
                                                                                "t.phonetic_code",
                                                                                "t.episode_of_id",
                                                                                "t.season_nr",
                                                                                "t.episode_nr",
                                                                                "t.series_years",
                                                                                "t.md5sum"
                                                                            ],
                                                                            "Index Cond": "(t.id = mc.movie_id)",
                                                                            "Rows Removed by Index Recheck": 0,
                                                                            "Filter": "(t.production_year > 2010)",
                                                                            "Rows Removed by Filter": 1,
                                                                            "Workers": [
                                                                                {
                                                                                    "Worker Number": 0,
                                                                                    "Actual Startup Time": 0.016,
                                                                                    "Actual Total Time": 0.016,
                                                                                    "Actual Rows": 0,
                                                                                    "Actual Loops": 1604
                                                                                },
                                                                                {
                                                                                    "Worker Number": 1,
                                                                                    "Actual Startup Time": 0.014,
                                                                                    "Actual Total Time": 0.014,
                                                                                    "Actual Rows": 0,
                                                                                    "Actual Loops": 1751
                                                                                },
                                                                                {
                                                                                    "Worker Number": 2,
                                                                                    "Actual Startup Time": 0.016,
                                                                                    "Actual Total Time": 0.016,
                                                                                    "Actual Rows": 0,
                                                                                    "Actual Loops": 1594
                                                                                }
                                                                            ]
                                                                        }
                                                                    ]
                                                                },
                                                                {
                                                                    "Node Type": "Index Scan",
                                                                    "Parent Relationship": "Inner",
                                                                    "Parallel Aware": false,
                                                                    "Scan Direction": "Forward",
                                                                    "Index Name": "movie_id_cast_info",
                                                                    "Relation Name": "cast_info",
                                                                    "Schema": "public",
                                                                    "Alias": "ci",
                                                                    "Startup Cost": 0.56,
                                                                    "Total Cost": 1.91,
                                                                    "Plan Rows": 2,
                                                                    "Plan Width": 12,
                                                                    "Actual Startup Time": 0.107,
                                                                    "Actual Total Time": 0.188,
                                                                    "Actual Rows": 2,
                                                                    "Actual Loops": 1259,
                                                                    "Output": [
                                                                        "ci.id",
                                                                        "ci.person_id",
                                                                        "ci.movie_id",
                                                                        "ci.person_role_id",
                                                                        "ci.note",
                                                                        "ci.nr_order",
                                                                        "ci.role_id"
                                                                    ],
                                                                    "Index Cond": "(ci.movie_id = mc.movie_id)",
                                                                    "Rows Removed by Index Recheck": 0,
                                                                    "Filter": "(ci.note ~~ '%(producer)%'::text)",
                                                                    "Rows Removed by Filter": 44,
                                                                    "Workers": [
                                                                        {
                                                                            "Worker Number": 0,
                                                                            "Actual Startup Time": 0.2,
                                                                            "Actual Total Time": 0.351,
                                                                            "Actual Rows": 2,
                                                                            "Actual Loops": 194
                                                                        },
                                                                        {
                                                                            "Worker Number": 1,
                                                                            "Actual Startup Time": 0.118,
                                                                            "Actual Total Time": 0.22,
                                                                            "Actual Rows": 2,
                                                                            "Actual Loops": 317
                                                                        },
                                                                        {
                                                                            "Worker Number": 2,
                                                                            "Actual Startup Time": 0.191,
                                                                            "Actual Total Time": 0.325,
                                                                            "Actual Rows": 2,
                                                                            "Actual Loops": 193
                                                                        }
                                                                    ]
                                                                }
                                                            ]
                                                        },
                                                        {
                                                            "Node Type": "Hash",
                                                            "Parent Relationship": "Inner",
                                                            "Parallel Aware": false,
                                                            "Startup Cost": 1.15,
                                                            "Total Cost": 1.15,
                                                            "Plan Rows": 1,
                                                            "Plan Width": 4,
                                                            "Actual Startup Time": 0.051,
                                                            "Actual Total Time": 0.052,
                                                            "Actual Rows": 1,
                                                            "Actual Loops": 4,
                                                            "Output": [
                                                                "rt.id"
                                                            ],
                                                            "Hash Buckets": 1024,
                                                            "Original Hash Buckets": 1024,
                                                            "Hash Batches": 1,
                                                            "Original Hash Batches": 1,
                                                            "Peak Memory Usage": 9,
                                                            "Workers": [
                                                                {
                                                                    "Worker Number": 0,
                                                                    "Actual Startup Time": 0.067,
                                                                    "Actual Total Time": 0.068,
                                                                    "Actual Rows": 1,
                                                                    "Actual Loops": 1
                                                                },
                                                                {
                                                                    "Worker Number": 1,
                                                                    "Actual Startup Time": 0.067,
                                                                    "Actual Total Time": 0.068,
                                                                    "Actual Rows": 1,
                                                                    "Actual Loops": 1
                                                                },
                                                                {
                                                                    "Worker Number": 2,
                                                                    "Actual Startup Time": 0.064,
                                                                    "Actual Total Time": 0.064,
                                                                    "Actual Rows": 1,
                                                                    "Actual Loops": 1
                                                                }
                                                            ],
                                                            "Plans": [
                                                                {
                                                                    "Node Type": "Seq Scan",
                                                                    "Parent Relationship": "Outer",
                                                                    "Parallel Aware": false,
                                                                    "Relation Name": "role_type",
                                                                    "Schema": "public",
                                                                    "Alias": "rt",
                                                                    "Startup Cost": 0.0,
                                                                    "Total Cost": 1.15,
                                                                    "Plan Rows": 1,
                                                                    "Plan Width": 4,
                                                                    "Actual Startup Time": 0.036,
                                                                    "Actual Total Time": 0.04,
                                                                    "Actual Rows": 1,
                                                                    "Actual Loops": 4,
                                                                    "Output": [
                                                                        "rt.id"
                                                                    ],
                                                                    "Filter": "((rt.role)::text = 'actor'::text)",
                                                                    "Rows Removed by Filter": 11,
                                                                    "Workers": [
                                                                        {
                                                                            "Worker Number": 0,
                                                                            "Actual Startup Time": 0.045,
                                                                            "Actual Total Time": 0.051,
                                                                            "Actual Rows": 1,
                                                                            "Actual Loops": 1
                                                                        },
                                                                        {
                                                                            "Worker Number": 1,
                                                                            "Actual Startup Time": 0.046,
                                                                            "Actual Total Time": 0.052,
                                                                            "Actual Rows": 1,
                                                                            "Actual Loops": 1
                                                                        },
                                                                        {
                                                                            "Worker Number": 2,
                                                                            "Actual Startup Time": 0.045,
                                                                            "Actual Total Time": 0.05,
                                                                            "Actual Rows": 1,
                                                                            "Actual Loops": 1
                                                                        }
                                                                    ]
                                                                }
                                                            ]
                                                        }
                                                    ]
                                                },
                                                {
                                                    "Node Type": "Index Scan",
                                                    "Parent Relationship": "Inner",
                                                    "Parallel Aware": false,
                                                    "Scan Direction": "Forward",
                                                    "Index Name": "char_name_pkey",
                                                    "Relation Name": "char_name",
                                                    "Schema": "public",
                                                    "Alias": "chn",
                                                    "Startup Cost": 0.43,
                                                    "Total Cost": 0.58,
                                                    "Plan Rows": 1,
                                                    "Plan Width": 20,
                                                    "Actual Startup Time": 0.0,
                                                    "Actual Total Time": 0.0,
                                                    "Actual Rows": 0,
                                                    "Actual Loops": 0,
                                                    "Output": [
                                                        "chn.id",
                                                        "chn.name",
                                                        "chn.imdb_index",
                                                        "chn.imdb_id",
                                                        "chn.name_pcode_nf",
                                                        "chn.surname_pcode",
                                                        "chn.md5sum"
                                                    ],
                                                    "Index Cond": "(chn.id = ci.person_role_id)",
                                                    "Rows Removed by Index Recheck": 0
                                                }
                                            ]
                                        },
                                        {
                                            "Node Type": "Hash",
                                            "Parent Relationship": "Inner",
                                            "Parallel Aware": false,
                                            "Startup Cost": 1.04,
                                            "Total Cost": 1.04,
                                            "Plan Rows": 4,
                                            "Plan Width": 4,
                                            "Actual Startup Time": 0.058,
                                            "Actual Total Time": 0.058,
                                            "Actual Rows": 4,
                                            "Actual Loops": 4,
                                            "Output": [
                                                "ct.id"
                                            ],
                                            "Hash Buckets": 1024,
                                            "Original Hash Buckets": 1024,
                                            "Hash Batches": 1,
                                            "Original Hash Batches": 1,
                                            "Peak Memory Usage": 9,
                                            "Workers": [
                                                {
                                                    "Worker Number": 0,
                                                    "Actual Startup Time": 0.075,
                                                    "Actual Total Time": 0.075,
                                                    "Actual Rows": 4,
                                                    "Actual Loops": 1
                                                },
                                                {
                                                    "Worker Number": 1,
                                                    "Actual Startup Time": 0.075,
                                                    "Actual Total Time": 0.076,
                                                    "Actual Rows": 4,
                                                    "Actual Loops": 1
                                                },
                                                {
                                                    "Worker Number": 2,
                                                    "Actual Startup Time": 0.07,
                                                    "Actual Total Time": 0.07,
                                                    "Actual Rows": 4,
                                                    "Actual Loops": 1
                                                }
                                            ],
                                            "Plans": [
                                                {
                                                    "Node Type": "Seq Scan",
                                                    "Parent Relationship": "Outer",
                                                    "Parallel Aware": false,
                                                    "Relation Name": "company_type",
                                                    "Schema": "public",
                                                    "Alias": "ct",
                                                    "Startup Cost": 0.0,
                                                    "Total Cost": 1.04,
                                                    "Plan Rows": 4,
                                                    "Plan Width": 4,
                                                    "Actual Startup Time": 0.037,
                                                    "Actual Total Time": 0.04,
                                                    "Actual Rows": 4,
                                                    "Actual Loops": 4,
                                                    "Output": [
                                                        "ct.id"
                                                    ],
                                                    "Workers": [
                                                        {
                                                            "Worker Number": 0,
                                                            "Actual Startup Time": 0.048,
                                                            "Actual Total Time": 0.051,
                                                            "Actual Rows": 4,
                                                            "Actual Loops": 1
                                                        },
                                                        {
                                                            "Worker Number": 1,
                                                            "Actual Startup Time": 0.047,
                                                            "Actual Total Time": 0.051,
                                                            "Actual Rows": 4,
                                                            "Actual Loops": 1
                                                        },
                                                        {
                                                            "Worker Number": 2,
                                                            "Actual Startup Time": 0.045,
                                                            "Actual Total Time": 0.049,
                                                            "Actual Rows": 4,
                                                            "Actual Loops": 1
                                                        }
                                                    ]
                                                }
                                            ]
                                        }
                                    ]
                                }
                            ]
                        }
                    ]
                }
            ]
        },
        "Planning Time": 138.893,
        "Triggers": [],
        "Execution Time": 274.97
    }
]