[
  {
    "Plan": {
      "Node Type": "Aggregate",
      "Strategy": "Plain",
      "Partial Mode": "Finalize",
      "Parallel Aware": false,
      "Startup Cost": 46151.58,
      "Total Cost": 46151.59,
      "Plan Rows": 1,
      "Plan Width": 8,
      "Actual Startup Time": 150.032,
      "Actual Total Time": 157.898,
      "Actual Rows": 1,
      "Actual Loops": 1,
      "Plans": [
        {
          "Node Type": "Gather",
          "Parent Relationship": "Outer",
          "Parallel Aware": false,
          "Startup Cost": 46151.26,
          "Total Cost": 46151.57,
          "Plan Rows": 3,
          "Plan Width": 8,
          "Actual Startup Time": 149.922,
          "Actual Total Time": 157.889,
          "Actual Rows": 4,
          "Actual Loops": 1,
          "Workers Planned": 3,
          "Workers Launched": 3,
          "Single Copy": false,
          "Plans": [
            {
              "Node Type": "Aggregate",
              "Strategy": "Plain",
              "Partial Mode": "Partial",
              "Parent Relationship": "Outer",
              "Parallel Aware": false,
              "Startup Cost": 45151.26,
              "Total Cost": 45151.27,
              "Plan Rows": 1,
              "Plan Width": 8,
              "Actual Startup Time": 144.561,
              "Actual Total Time": 144.562,
              "Actual Rows": 1,
              "Actual Loops": 4,
              "Plans": [
                {
                  "Node Type": "Seq Scan",
                  "Parent Relationship": "Outer",
                  "Parallel Aware": true,
                  "Relation Name": "movie_keyword",
                  "Alias": "mk",
                  "Startup Cost": 0.0,
                  "Total Cost": 42695.65,
                  "Plan Rows": 982243,
                  "Plan Width": 0,
                  "Actual Startup Time": 0.04,
                  "Actual Total Time": 111.125,
                  "Actual Rows": 759057,
                  "Actual Loops": 4,
                  "Filter": "(keyword_id < 10968)",
                  "Rows Removed by Filter": 371926
                }
              ]
            }
          ]
        }
      ]
    },
    "Planning Time": 0.178,
    "Triggers": [],
    "Execution Time": 157.961
  }
]