[
  {
    "Plan": {
      "Node Type": "Aggregate",
      "Strategy": "Plain",
      "Partial Mode": "Finalize",
      "Parallel Aware": false,
      "Startup Cost": 96822.57,
      "Total Cost": 96822.58,
      "Plan Rows": 1,
      "Plan Width": 8,
      "Actual Startup Time": 479.387,
      "Actual Total Time": 495.765,
      "Actual Rows": 1,
      "Actual Loops": 1,
      "Plans": [
        {
          "Node Type": "Gather",
          "Parent Relationship": "Outer",
          "Parallel Aware": false,
          "Startup Cost": 96822.36,
          "Total Cost": 96822.57,
          "Plan Rows": 2,
          "Plan Width": 8,
          "Actual Startup Time": 474.383,
          "Actual Total Time": 495.758,
          "Actual Rows": 3,
          "Actual Loops": 1,
          "Workers Planned": 2,
          "Workers Launched": 2,
          "Single Copy": false,
          "Plans": [
            {
              "Node Type": "Aggregate",
              "Strategy": "Plain",
              "Partial Mode": "Partial",
              "Parent Relationship": "Outer",
              "Parallel Aware": false,
              "Startup Cost": 95822.36,
              "Total Cost": 95822.37,
              "Plan Rows": 1,
              "Plan Width": 8,
              "Actual Startup Time": 467.826,
              "Actual Total Time": 467.832,
              "Actual Rows": 1,
              "Actual Loops": 3,
              "Plans": [
                {
                  "Node Type": "Hash Join",
                  "Parent Relationship": "Outer",
                  "Parallel Aware": true,
                  "Join Type": "Inner",
                  "Startup Cost": 79826.85,
                  "Total Cost": 95755.1,
                  "Plan Rows": 26904,
                  "Plan Width": 0,
                  "Actual Startup Time": 351.574,
                  "Actual Total Time": 459.018,
                  "Actual Rows": 195681,
                  "Actual Loops": 3,
                  "Inner Unique": false,
                  "Hash Cond": "(mi_idx.movie_id = t.id)",
                  "Plans": [
                    {
                      "Node Type": "Seq Scan",
                      "Parent Relationship": "Outer",
                      "Parallel Aware": true,
                      "Relation Name": "movie_info_idx",
                      "Alias": "mi_idx",
                      "Startup Cost": 0.0,
                      "Total Cost": 13685.15,
                      "Plan Rows": 575015,
                      "Plan Width": 4,
                      "Actual Startup Time": 0.018,
                      "Actual Total Time": 39.62,
                      "Actual Rows": 460012,
                      "Actual Loops": 3
                    },
                    {
                      "Node Type": "Hash",
                      "Parent Relationship": "Inner",
                      "Parallel Aware": true,
                      "Startup Cost": 79349.83,
                      "Total Cost": 79349.83,
                      "Plan Rows": 38162,
                      "Plan Width": 8,
                      "Actual Startup Time": 349.585,
                      "Actual Total Time": 349.59,
                      "Actual Rows": 84999,
                      "Actual Loops": 3,
                      "Hash Buckets": 262144,
                      "Original Hash Buckets": 131072,
                      "Hash Batches": 1,
                      "Original Hash Batches": 1,
                      "Peak Memory Usage": 13088,
                      "Plans": [
                        {
                          "Node Type": "Hash Join",
                          "Parent Relationship": "Outer",
                          "Parallel Aware": true,
                          "Join Type": "Inner",
                          "Startup Cost": 53416.46,
                          "Total Cost": 79349.83,
                          "Plan Rows": 38162,
                          "Plan Width": 8,
                          "Actual Startup Time": 240.381,
                          "Actual Total Time": 326.052,
                          "Actual Rows": 84999,
                          "Actual Loops": 3,
                          "Inner Unique": true,
                          "Hash Cond": "(mk.movie_id = t.id)",
                          "Plans": [
                            {
                              "Node Type": "Bitmap Heap Scan",
                              "Parent Relationship": "Outer",
                              "Parallel Aware": true,
                              "Relation Name": "movie_keyword",
                              "Alias": "mk",
                              "Startup Cost": 6434.31,
                              "Total Cost": 32110.93,
                              "Plan Rows": 97810,
                              "Plan Width": 4,
                              "Actual Startup Time": 21.04,
                              "Actual Total Time": 67.272,
                              "Actual Rows": 99282,
                              "Actual Loops": 3,
                              "Recheck Cond": "(keyword_id < 245)",
                              "Rows Removed by Index Recheck": 0,
                              "Exact Heap Blocks": 10578,
                              "Lossy Heap Blocks": 0,
                              "Plans": [
                                {
                                  "Node Type": "Bitmap Index Scan",
                                  "Parent Relationship": "Outer",
                                  "Parallel Aware": false,
                                  "Index Name": "keyword_id_movie_keyword",
                                  "Startup Cost": 0.0,
                                  "Total Cost": 6358.51,
                                  "Plan Rows": 303210,
                                  "Plan Width": 0,
                                  "Actual Startup Time": 17.493,
                                  "Actual Total Time": 17.494,
                                  "Actual Rows": 297845,
                                  "Actual Loops": 1,
                                  "Index Cond": "(keyword_id < 245)"
                                }
                              ]
                            },
                            {
                              "Node Type": "Hash",
                              "Parent Relationship": "Inner",
                              "Parallel Aware": true,
                              "Startup Cost": 43899.32,
                              "Total Cost": 43899.32,
                              "Plan Rows": 246626,
                              "Plan Width": 4,
                              "Actual Startup Time": 214.054,
                              "Actual Total Time": 214.055,
                              "Actual Rows": 328349,
                              "Actual Loops": 3,
                              "Hash Buckets": 1048576,
                              "Original Hash Buckets": 1048576,
                              "Hash Batches": 1,
                              "Original Hash Batches": 1,
                              "Peak Memory Usage": 46784,
                              "Plans": [
                                {
                                  "Node Type": "Seq Scan",
                                  "Parent Relationship": "Outer",
                                  "Parallel Aware": true,
                                  "Relation Name": "title",
                                  "Alias": "t",
                                  "Startup Cost": 0.0,
                                  "Total Cost": 43899.32,
                                  "Plan Rows": 246626,
                                  "Plan Width": 4,
                                  "Actual Startup Time": 0.034,
                                  "Actual Total Time": 120.798,
                                  "Actual Rows": 328349,
                                  "Actual Loops": 3,
                                  "Filter": "(kind_id < 7)",
                                  "Rows Removed by Filter": 514421
                                }
                              ]
                            }
                          ]
                        }
                      ]
                    }
                  ]
                }
              ]
            }
          ]
        }
      ]
    },
    "Planning Time": 1.327,
    "Triggers": [],
    "Execution Time": 495.87
  }
]