[
    {
        "Bao": {
            "Bao prediction": "NaN",
            "Bao recommended hint": "(no hint)"
        }
    },
    {
        "Plan": {
            "Node Type": "Aggregate",
            "Strategy": "Plain",
            "Partial Mode": "Finalize",
            "Parallel Aware": false,
            "Startup Cost": 32620.32,
            "Total Cost": 32620.33,
            "Plan Rows": 1,
            "Plan Width": 8,
            "Actual Startup Time": 84.08,
            "Actual Total Time": 89.768,
            "Actual Rows": 1,
            "Actual Loops": 1,
            "Output": [
                "count(*)"
            ],
            "Plans": [
                {
                    "Node Type": "Gather",
                    "Parent Relationship": "Outer",
                    "Parallel Aware": false,
                    "Startup Cost": 32620.0,
                    "Total Cost": 32620.31,
                    "Plan Rows": 3,
                    "Plan Width": 8,
                    "Actual Startup Time": 83.743,
                    "Actual Total Time": 89.76,
                    "Actual Rows": 4,
                    "Actual Loops": 1,
                    "Output": [
                        "(PARTIAL count(*))"
                    ],
                    "Workers Planned": 3,
                    "Workers Launched": 3,
                    "Single Copy": false,
                    "Plans": [
                        {
                            "Node Type": "Aggregate",
                            "Strategy": "Plain",
                            "Partial Mode": "Partial",
                            "Parent Relationship": "Outer",
                            "Parallel Aware": false,
                            "Startup Cost": 31620.0,
                            "Total Cost": 31620.01,
                            "Plan Rows": 1,
                            "Plan Width": 8,
                            "Actual Startup Time": 75.195,
                            "Actual Total Time": 75.196,
                            "Actual Rows": 1,
                            "Actual Loops": 4,
                            "Output": [
                                "PARTIAL count(*)"
                            ],
                            "Workers": [
                                {
                                    "Worker Number": 0,
                                    "Actual Startup Time": 72.271,
                                    "Actual Total Time": 72.272,
                                    "Actual Rows": 1,
                                    "Actual Loops": 1
                                },
                                {
                                    "Worker Number": 1,
                                    "Actual Startup Time": 72.274,
                                    "Actual Total Time": 72.276,
                                    "Actual Rows": 1,
                                    "Actual Loops": 1
                                },
                                {
                                    "Worker Number": 2,
                                    "Actual Startup Time": 72.725,
                                    "Actual Total Time": 72.726,
                                    "Actual Rows": 1,
                                    "Actual Loops": 1
                                }
                            ],
                            "Plans": [
                                {
                                    "Node Type": "Bitmap Heap Scan",
                                    "Parent Relationship": "Outer",
                                    "Parallel Aware": true,
                                    "Relation Name": "movie_keyword",
                                    "Schema": "public",
                                    "Alias": "mk",
                                    "Startup Cost": 5835.48,
                                    "Total Cost": 31398.25,
                                    "Plan Rows": 88701,
                                    "Plan Width": 0,
                                    "Actual Startup Time": 13.295,
                                    "Actual Total Time": 70.95,
                                    "Actual Rows": 68665,
                                    "Actual Loops": 4,
                                    "Recheck Cond": "(mk.keyword_id > 57756)",
                                    "Rows Removed by Index Recheck": 0,
                                    "Exact Heap Blocks": 11217,
                                    "Lossy Heap Blocks": 0,
                                    "Workers": [
                                        {
                                            "Worker Number": 0,
                                            "Actual Startup Time": 10.491,
                                            "Actual Total Time": 68.554,
                                            "Actual Rows": 36687,
                                            "Actual Loops": 1
                                        },
                                        {
                                            "Worker Number": 1,
                                            "Actual Startup Time": 10.516,
                                            "Actual Total Time": 68.488,
                                            "Actual Rows": 48545,
                                            "Actual Loops": 1
                                        },
                                        {
                                            "Worker Number": 2,
                                            "Actual Startup Time": 10.788,
                                            "Actual Total Time": 69.051,
                                            "Actual Rows": 48221,
                                            "Actual Loops": 1
                                        }
                                    ],
                                    "Plans": [
                                        {
                                            "Node Type": "Bitmap Index Scan",
                                            "Parent Relationship": "Outer",
                                            "Parallel Aware": false,
                                            "Index Name": "keyword_id_movie_keyword",
                                            "Startup Cost": 0.0,
                                            "Total Cost": 5766.74,
                                            "Plan Rows": 274974,
                                            "Plan Width": 0,
                                            "Actual Startup Time": 18.278,
                                            "Actual Total Time": 18.278,
                                            "Actual Rows": 274659,
                                            "Actual Loops": 1,
                                            "Index Cond": "(mk.keyword_id > 57756)"
                                        }
                                    ]
                                }
                            ]
                        }
                    ]
                }
            ]
        },
        "Planning Time": 182.969,
        "Triggers": [],
        "Execution Time": 89.811
    }
]