{
    "Plan": {
        "Node Type": "Aggregate",
        "Strategy": "Plain",
        "Partial Mode": "Finalize",
        "Parallel Aware": false,
        "Startup Cost": 408550.49,
        "Total Cost": 408550.5,
        "Plan Rows": 1,
        "Plan Width": 8,
        "Actual Startup Time": 1328.955,
        "Actual Total Time": 1368.81,
        "Actual Rows": 1,
        "Actual Loops": 1,
        "Output": [
            "count(*)"
        ],
        "Plans": [
            {
                "Node Type": "Gather",
                "Parent Relationship": "Outer",
                "Parallel Aware": false,
                "Startup Cost": 408549.86,
                "Total Cost": 408550.47,
                "Plan Rows": 6,
                "Plan Width": 8,
                "Actual Startup Time": 1321.541,
                "Actual Total Time": 1368.795,
                "Actual Rows": 7,
                "Actual Loops": 1,
                "Output": [
                    "(PARTIAL count(*))"
                ],
                "Workers Planned": 6,
                "Workers Launched": 6,
                "Single Copy": false,
                "Plans": [
                    {
                        "Node Type": "Aggregate",
                        "Strategy": "Plain",
                        "Partial Mode": "Partial",
                        "Parent Relationship": "Outer",
                        "Parallel Aware": false,
                        "Startup Cost": 407549.86,
                        "Total Cost": 407549.87,
                        "Plan Rows": 1,
                        "Plan Width": 8,
                        "Actual Startup Time": 1310.023,
                        "Actual Total Time": 1310.231,
                        "Actual Rows": 1,
                        "Actual Loops": 7,
                        "Output": [
                            "PARTIAL count(*)"
                        ],
                        "Workers": [
                            {
                                "Worker Number": 0,
                                "Actual Startup Time": 1308.324,
                                "Actual Total Time": 1308.329,
                                "Actual Rows": 1,
                                "Actual Loops": 1
                            },
                            {
                                "Worker Number": 1,
                                "Actual Startup Time": 1307.915,
                                "Actual Total Time": 1307.92,
                                "Actual Rows": 1,
                                "Actual Loops": 1
                            },
                            {
                                "Worker Number": 2,
                                "Actual Startup Time": 1308.246,
                                "Actual Total Time": 1308.251,
                                "Actual Rows": 1,
                                "Actual Loops": 1
                            },
                            {
                                "Worker Number": 3,
                                "Actual Startup Time": 1308.195,
                                "Actual Total Time": 1308.2,
                                "Actual Rows": 1,
                                "Actual Loops": 1
                            },
                            {
                                "Worker Number": 4,
                                "Actual Startup Time": 1308.166,
                                "Actual Total Time": 1308.172,
                                "Actual Rows": 1,
                                "Actual Loops": 1
                            },
                            {
                                "Worker Number": 5,
                                "Actual Startup Time": 1308.958,
                                "Actual Total Time": 1308.967,
                                "Actual Rows": 1,
                                "Actual Loops": 1
                            }
                        ],
                        "Plans": [
                            {
                                "Node Type": "Hash Join",
                                "Parent Relationship": "Outer",
                                "Parallel Aware": true,
                                "Join Type": "Inner",
                                "Startup Cost": 80311.87,
                                "Total Cost": 406599.53,
                                "Plan Rows": 380134,
                                "Plan Width": 0,
                                "Actual Startup Time": 291.942,
                                "Actual Total Time": 1230.424,
                                "Actual Rows": 1851349,
                                "Actual Loops": 7,
                                "Inner Unique": false,
                                "Hash Cond": "(ci.movie_id = t.id)",
                                "Workers": [
                                    {
                                        "Worker Number": 0,
                                        "Actual Startup Time": 289.095,
                                        "Actual Total Time": 1232.779,
                                        "Actual Rows": 1844964,
                                        "Actual Loops": 1
                                    },
                                    {
                                        "Worker Number": 1,
                                        "Actual Startup Time": 290.167,
                                        "Actual Total Time": 1229.513,
                                        "Actual Rows": 1949263,
                                        "Actual Loops": 1
                                    },
                                    {
                                        "Worker Number": 2,
                                        "Actual Startup Time": 290.146,
                                        "Actual Total Time": 1229.875,
                                        "Actual Rows": 1948776,
                                        "Actual Loops": 1
                                    },
                                    {
                                        "Worker Number": 3,
                                        "Actual Startup Time": 290.263,
                                        "Actual Total Time": 1228.847,
                                        "Actual Rows": 1972294,
                                        "Actual Loops": 1
                                    },
                                    {
                                        "Worker Number": 4,
                                        "Actual Startup Time": 290.356,
                                        "Actual Total Time": 1219.959,
                                        "Actual Rows": 1358350,
                                        "Actual Loops": 1
                                    },
                                    {
                                        "Worker Number": 5,
                                        "Actual Startup Time": 291.147,
                                        "Actual Total Time": 1234.167,
                                        "Actual Rows": 1848945,
                                        "Actual Loops": 1
                                    }
                                ],
                                "Plans": [
                                    {
                                        "Node Type": "Index Scan",
                                        "Parent Relationship": "Outer",
                                        "Parallel Aware": true,
                                        "Scan Direction": "Forward",
                                        "Index Name": "role_id_cast_info",
                                        "Relation Name": "cast_info",
                                        "Schema": "public",
                                        "Alias": "ci",
                                        "Startup Cost": 0.56,
                                        "Total Cost": 317556.15,
                                        "Plan Rows": 2001556,
                                        "Plan Width": 4,
                                        "Actual Startup Time": 0.221,
                                        "Actual Total Time": 342.014,
                                        "Actual Rows": 1730521,
                                        "Actual Loops": 7,
                                        "Output": [
                                            "ci.id",
                                            "ci.person_id",
                                            "ci.movie_id",
                                            "ci.person_role_id",
                                            "ci.note",
                                            "ci.nr_order",
                                            "ci.role_id"
                                        ],
                                        "Index Cond": "(ci.role_id > 3)",
                                        "Rows Removed by Index Recheck": 0,
                                        "Workers": [
                                            {
                                                "Worker Number": 0,
                                                "Actual Startup Time": 0.112,
                                                "Actual Total Time": 350.112,
                                                "Actual Rows": 1724605,
                                                "Actual Loops": 1
                                            },
                                            {
                                                "Worker Number": 1,
                                                "Actual Startup Time": 0.361,
                                                "Actual Total Time": 346.831,
                                                "Actual Rows": 1814295,
                                                "Actual Loops": 1
                                            },
                                            {
                                                "Worker Number": 2,
                                                "Actual Startup Time": 0.142,
                                                "Actual Total Time": 348.476,
                                                "Actual Rows": 1837473,
                                                "Actual Loops": 1
                                            },
                                            {
                                                "Worker Number": 3,
                                                "Actual Startup Time": 0.179,
                                                "Actual Total Time": 348.874,
                                                "Actual Rows": 1851744,
                                                "Actual Loops": 1
                                            },
                                            {
                                                "Worker Number": 4,
                                                "Actual Startup Time": 0.262,
                                                "Actual Total Time": 361.851,
                                                "Actual Rows": 1269467,
                                                "Actual Loops": 1
                                            },
                                            {
                                                "Worker Number": 5,
                                                "Actual Startup Time": 0.301,
                                                "Actual Total Time": 347.606,
                                                "Actual Rows": 1710017,
                                                "Actual Loops": 1
                                            }
                                        ]
                                    },
                                    {
                                        "Node Type": "Hash",
                                        "Parent Relationship": "Inner",
                                        "Parallel Aware": true,
                                        "Startup Cost": 78375.11,
                                        "Total Cost": 78375.11,
                                        "Plan Rows": 154896,
                                        "Plan Width": 8,
                                        "Actual Startup Time": 289.436,
                                        "Actual Total Time": 289.642,
                                        "Actual Rows": 113325,
                                        "Actual Loops": 7,
                                        "Output": [
                                            "t.id",
                                            "mc.movie_id"
                                        ],
                                        "Hash Buckets": 1048576,
                                        "Original Hash Buckets": 524288,
                                        "Hash Batches": 1,
                                        "Original Hash Batches": 1,
                                        "Peak Memory Usage": 43392,
                                        "Workers": [
                                            {
                                                "Worker Number": 0,
                                                "Actual Startup Time": 288.478,
                                                "Actual Total Time": 288.482,
                                                "Actual Rows": 111081,
                                                "Actual Loops": 1
                                            },
                                            {
                                                "Worker Number": 1,
                                                "Actual Startup Time": 289.299,
                                                "Actual Total Time": 289.302,
                                                "Actual Rows": 120880,
                                                "Actual Loops": 1
                                            },
                                            {
                                                "Worker Number": 2,
                                                "Actual Startup Time": 289.49,
                                                "Actual Total Time": 289.493,
                                                "Actual Rows": 121354,
                                                "Actual Loops": 1
                                            },
                                            {
                                                "Worker Number": 3,
                                                "Actual Startup Time": 289.646,
                                                "Actual Total Time": 289.65,
                                                "Actual Rows": 121714,
                                                "Actual Loops": 1
                                            },
                                            {
                                                "Worker Number": 4,
                                                "Actual Startup Time": 289.499,
                                                "Actual Total Time": 289.502,
                                                "Actual Rows": 84541,
                                                "Actual Loops": 1
                                            },
                                            {
                                                "Worker Number": 5,
                                                "Actual Startup Time": 290.296,
                                                "Actual Total Time": 290.304,
                                                "Actual Rows": 112043,
                                                "Actual Loops": 1
                                            }
                                        ],
                                        "Plans": [
                                            {
                                                "Node Type": "Hash Join",
                                                "Parent Relationship": "Outer",
                                                "Parallel Aware": true,
                                                "Join Type": "Inner",
                                                "Startup Cost": 47301.61,
                                                "Total Cost": 78375.11,
                                                "Plan Rows": 154896,
                                                "Plan Width": 8,
                                                "Actual Startup Time": 118.336,
                                                "Actual Total Time": 233.729,
                                                "Actual Rows": 113325,
                                                "Actual Loops": 7,
                                                "Output": [
                                                    "t.id",
                                                    "mc.movie_id"
                                                ],
                                                "Inner Unique": true,
                                                "Hash Cond": "(mc.movie_id = t.id)",
                                                "Workers": [
                                                    {
                                                        "Worker Number": 0,
                                                        "Actual Startup Time": 117.7,
                                                        "Actual Total Time": 233.035,
                                                        "Actual Rows": 111081,
                                                        "Actual Loops": 1
                                                    },
                                                    {
                                                        "Worker Number": 1,
                                                        "Actual Startup Time": 118.632,
                                                        "Actual Total Time": 232.811,
                                                        "Actual Rows": 120880,
                                                        "Actual Loops": 1
                                                    },
                                                    {
                                                        "Worker Number": 2,
                                                        "Actual Startup Time": 118.304,
                                                        "Actual Total Time": 233.952,
                                                        "Actual Rows": 121354,
                                                        "Actual Loops": 1
                                                    },
                                                    {
                                                        "Worker Number": 3,
                                                        "Actual Startup Time": 118.369,
                                                        "Actual Total Time": 233.95,
                                                        "Actual Rows": 121714,
                                                        "Actual Loops": 1
                                                    },
                                                    {
                                                        "Worker Number": 4,
                                                        "Actual Startup Time": 118.361,
                                                        "Actual Total Time": 234.104,
                                                        "Actual Rows": 84541,
                                                        "Actual Loops": 1
                                                    },
                                                    {
                                                        "Worker Number": 5,
                                                        "Actual Startup Time": 118.365,
                                                        "Actual Total Time": 233.753,
                                                        "Actual Rows": 112043,
                                                        "Actual Loops": 1
                                                    }
                                                ],
                                                "Plans": [
                                                    {
                                                        "Node Type": "Seq Scan",
                                                        "Parent Relationship": "Outer",
                                                        "Parallel Aware": true,
                                                        "Relation Name": "movie_companies",
                                                        "Schema": "public",
                                                        "Alias": "mc",
                                                        "Startup Cost": 0.0,
                                                        "Total Cost": 29310.68,
                                                        "Plan Rows": 671550,
                                                        "Plan Width": 4,
                                                        "Actual Startup Time": 0.103,
                                                        "Actual Total Time": 47.664,
                                                        "Actual Rows": 297926,
                                                        "Actual Loops": 7,
                                                        "Output": [
                                                            "mc.id",
                                                            "mc.movie_id",
                                                            "mc.company_id",
                                                            "mc.company_type_id",
                                                            "mc.note"
                                                        ],
                                                        "Filter": "(mc.company_id > 480)",
                                                        "Rows Removed by Filter": 74807,
                                                        "Workers": [
                                                            {
                                                                "Worker Number": 0,
                                                                "Actual Startup Time": 0.118,
                                                                "Actual Total Time": 48.278,
                                                                "Actual Rows": 290859,
                                                                "Actual Loops": 1
                                                            },
                                                            {
                                                                "Worker Number": 1,
                                                                "Actual Startup Time": 0.101,
                                                                "Actual Total Time": 47.681,
                                                                "Actual Rows": 314535,
                                                                "Actual Loops": 1
                                                            },
                                                            {
                                                                "Worker Number": 2,
                                                                "Actual Startup Time": 0.097,
                                                                "Actual Total Time": 48.431,
                                                                "Actual Rows": 320975,
                                                                "Actual Loops": 1
                                                            },
                                                            {
                                                                "Worker Number": 3,
                                                                "Actual Startup Time": 0.093,
                                                                "Actual Total Time": 48.422,
                                                                "Actual Rows": 321742,
                                                                "Actual Loops": 1
                                                            },
                                                            {
                                                                "Worker Number": 4,
                                                                "Actual Startup Time": 0.087,
                                                                "Actual Total Time": 51.577,
                                                                "Actual Rows": 223091,
                                                                "Actual Loops": 1
                                                            },
                                                            {
                                                                "Worker Number": 5,
                                                                "Actual Startup Time": 0.117,
                                                                "Actual Total Time": 47.503,
                                                                "Actual Rows": 293023,
                                                                "Actual Loops": 1
                                                            }
                                                        ]
                                                    },
                                                    {
                                                        "Node Type": "Hash",
                                                        "Parent Relationship": "Inner",
                                                        "Parallel Aware": true,
                                                        "Startup Cost": 45479.21,
                                                        "Total Cost": 45479.21,
                                                        "Plan Rows": 145792,
                                                        "Plan Width": 4,
                                                        "Actual Startup Time": 116.272,
                                                        "Actual Total Time": 116.273,
                                                        "Actual Rows": 70423,
                                                        "Actual Loops": 7,
                                                        "Output": [
                                                            "t.id"
                                                        ],
                                                        "Hash Buckets": 1048576,
                                                        "Original Hash Buckets": 1048576,
                                                        "Hash Batches": 1,
                                                        "Original Hash Batches": 1,
                                                        "Peak Memory Usage": 27552,
                                                        "Workers": [
                                                            {
                                                                "Worker Number": 0,
                                                                "Actual Startup Time": 117.36,
                                                                "Actual Total Time": 117.361,
                                                                "Actual Rows": 66768,
                                                                "Actual Loops": 1
                                                            },
                                                            {
                                                                "Worker Number": 1,
                                                                "Actual Startup Time": 118.183,
                                                                "Actual Total Time": 118.184,
                                                                "Actual Rows": 72277,
                                                                "Actual Loops": 1
                                                            },
                                                            {
                                                                "Worker Number": 2,
                                                                "Actual Startup Time": 117.973,
                                                                "Actual Total Time": 117.974,
                                                                "Actual Rows": 73489,
                                                                "Actual Loops": 1
                                                            },
                                                            {
                                                                "Worker Number": 3,
                                                                "Actual Startup Time": 118.042,
                                                                "Actual Total Time": 118.043,
                                                                "Actual Rows": 73569,
                                                                "Actual Loops": 1
                                                            },
                                                            {
                                                                "Worker Number": 4,
                                                                "Actual Startup Time": 118.028,
                                                                "Actual Total Time": 118.029,
                                                                "Actual Rows": 52261,
                                                                "Actual Loops": 1
                                                            },
                                                            {
                                                                "Worker Number": 5,
                                                                "Actual Startup Time": 118.162,
                                                                "Actual Total Time": 118.163,
                                                                "Actual Rows": 67241,
                                                                "Actual Loops": 1
                                                            }
                                                        ],
                                                        "Plans": [
                                                            {
                                                                "Node Type": "Seq Scan",
                                                                "Parent Relationship": "Outer",
                                                                "Parallel Aware": true,
                                                                "Relation Name": "title",
                                                                "Schema": "public",
                                                                "Alias": "t",
                                                                "Startup Cost": 0.0,
                                                                "Total Cost": 45479.21,
                                                                "Plan Rows": 145792,
                                                                "Plan Width": 4,
                                                                "Actual Startup Time": 0.071,
                                                                "Actual Total Time": 73.929,
                                                                "Actual Rows": 70423,
                                                                "Actual Loops": 7,
                                                                "Output": [
                                                                    "t.id"
                                                                ],
                                                                "Filter": "((t.kind_id < 7) AND (t.production_year > 1998))",
                                                                "Rows Removed by Filter": 290765,
                                                                "Workers": [
                                                                    {
                                                                        "Worker Number": 0,
                                                                        "Actual Startup Time": 0.087,
                                                                        "Actual Total Time": 74.69,
                                                                        "Actual Rows": 66768,
                                                                        "Actual Loops": 1
                                                                    },
                                                                    {
                                                                        "Worker Number": 1,
                                                                        "Actual Startup Time": 0.078,
                                                                        "Actual Total Time": 73.61,
                                                                        "Actual Rows": 72277,
                                                                        "Actual Loops": 1
                                                                    },
                                                                    {
                                                                        "Worker Number": 2,
                                                                        "Actual Startup Time": 0.071,
                                                                        "Actual Total Time": 73.983,
                                                                        "Actual Rows": 73489,
                                                                        "Actual Loops": 1
                                                                    },
                                                                    {
                                                                        "Worker Number": 3,
                                                                        "Actual Startup Time": 0.077,
                                                                        "Actual Total Time": 73.578,
                                                                        "Actual Rows": 73569,
                                                                        "Actual Loops": 1
                                                                    },
                                                                    {
                                                                        "Worker Number": 4,
                                                                        "Actual Startup Time": 0.077,
                                                                        "Actual Total Time": 74.681,
                                                                        "Actual Rows": 52261,
                                                                        "Actual Loops": 1
                                                                    },
                                                                    {
                                                                        "Worker Number": 5,
                                                                        "Actual Startup Time": 0.082,
                                                                        "Actual Total Time": 74.288,
                                                                        "Actual Rows": 67241,
                                                                        "Actual Loops": 1
                                                                    }
                                                                ]
                                                            }
                                                        ]
                                                    }
                                                ]
                                            }
                                        ]
                                    }
                                ]
                            }
                        ]
                    }
                ]
            }
        ]
    },
    "Planning Time": 1.619,
    "Triggers": [],
    "Execution Time": 1368.927
}