{
  "Plan": {
    "Node Type": "Aggregate",
    "Strategy": "Plain",
    "Partial Mode": "Finalize",
    "Parallel Aware": false,
    "Startup Cost": 122071.04,
    "Total Cost": 122071.05,
    "Plan Rows": 1,
    "Plan Width": 8,
    "Actual Startup Time": 800.18,
    "Actual Total Time": 820.396,
    "Actual Rows": 1,
    "Actual Loops": 1,
    "Plans": [
      {
        "Node Type": "Gather",
        "Parent Relationship": "Outer",
        "Parallel Aware": false,
        "Startup Cost": 122070.93,
        "Total Cost": 122071.04,
        "Plan Rows": 1,
        "Plan Width": 8,
        "Actual Startup Time": 795.489,
        "Actual Total Time": 820.39,
        "Actual Rows": 2,
        "Actual Loops": 1,
        "Workers Planned": 1,
        "Workers Launched": 1,
        "Single Copy": false,
        "Plans": [
          {
            "Node Type": "Aggregate",
            "Strategy": "Plain",
            "Partial Mode": "Partial",
            "Parent Relationship": "Outer",
            "Parallel Aware": false,
            "Startup Cost": 121070.93,
            "Total Cost": 121070.94,
            "Plan Rows": 1,
            "Plan Width": 8,
            "Actual Startup Time": 785.164,
            "Actual Total Time": 785.171,
            "Actual Rows": 1,
            "Actual Loops": 2,
            "Plans": [
              {
                "Node Type": "Hash Join",
                "Parent Relationship": "Outer",
                "Parallel Aware": true,
                "Join Type": "Inner",
                "Startup Cost": 101433.94,
                "Total Cost": 120909.9,
                "Plan Rows": 64414,
                "Plan Width": 0,
                "Actual Startup Time": 648.368,
                "Actual Total Time": 776.118,
                "Actual Rows": 220903,
                "Actual Loops": 2,
                "Inner Unique": false,
                "Hash Cond": "(mi_idx.movie_id = t.id)",
                "Plans": [
                  {
                    "Node Type": "Seq Scan",
                    "Parent Relationship": "Outer",
                    "Parallel Aware": true,
                    "Relation Name": "movie_info_idx",
                    "Alias": "mi_idx",
                    "Startup Cost": 0.0,
                    "Total Cost": 16052.85,
                    "Plan Rows": 811785,
                    "Plan Width": 4,
                    "Actual Startup Time": 0.022,
                    "Actual Total Time": 45.795,
                    "Actual Rows": 690018,
                    "Actual Loops": 2
                  },
                  {
                    "Node Type": "Hash",
                    "Parent Relationship": "Inner",
                    "Parallel Aware": true,
                    "Startup Cost": 99958.81,
                    "Total Cost": 99958.81,
                    "Plan Rows": 118010,
                    "Plan Width": 8,
                    "Actual Startup Time": 646.143,
                    "Actual Total Time": 646.147,
                    "Actual Rows": 106009,
                    "Actual Loops": 2,
                    "Hash Buckets": 262144,
                    "Original Hash Buckets": 262144,
                    "Hash Batches": 1,
                    "Original Hash Batches": 1,
                    "Peak Memory Usage": 10400,
                    "Plans": [
                      {
                        "Node Type": "Hash Join",
                        "Parent Relationship": "Outer",
                        "Parallel Aware": true,
                        "Join Type": "Inner",
                        "Startup Cost": 73719.91,
                        "Total Cost": 99958.81,
                        "Plan Rows": 118010,
                        "Plan Width": 8,
                        "Actual Startup Time": 531.858,
                        "Actual Total Time": 621.892,
                        "Actual Rows": 106009,
                        "Actual Loops": 2,
                        "Inner Unique": true,
                        "Hash Cond": "(mk.movie_id = t.id)",
                        "Plans": [
                          {
                            "Node Type": "Bitmap Heap Scan",
                            "Parent Relationship": "Outer",
                            "Parallel Aware": true,
                            "Relation Name": "movie_keyword",
                            "Alias": "mk",
                            "Startup Cost": 4259.21,
                            "Total Cost": 30188.34,
                            "Plan Rows": 118010,
                            "Plan Width": 4,
                            "Actual Startup Time": 13.642,
                            "Actual Total Time": 57.844,
                            "Actual Rows": 106009,
                            "Actual Loops": 2,
                            "Recheck Cond": "(keyword_id < 141)",
                            "Rows Removed by Index Recheck": 0,
                            "Exact Heap Blocks": 13276,
                            "Lossy Heap Blocks": 0,
                            "Plans": [
                              {
                                "Node Type": "Bitmap Index Scan",
                                "Parent Relationship": "Outer",
                                "Parallel Aware": false,
                                "Index Name": "keyword_id_movie_keyword",
                                "Startup Cost": 0.0,
                                "Total Cost": 4209.06,
                                "Plan Rows": 200617,
                                "Plan Width": 0,
                                "Actual Startup Time": 10.185,
                                "Actual Total Time": 10.185,
                                "Actual Rows": 212018,
                                "Actual Loops": 1,
                                "Index Cond": "(keyword_id < 141)"
                              }
                            ]
                          },
                          {
                            "Node Type": "Hash",
                            "Parent Relationship": "Inner",
                            "Parallel Aware": true,
                            "Startup Cost": 50870.31,
                            "Total Cost": 50870.31,
                            "Plan Rows": 1487231,
                            "Plan Width": 4,
                            "Actual Startup Time": 502.561,
                            "Actual Total Time": 502.562,
                            "Actual Rows": 1264156,
                            "Actual Loops": 2,
                            "Hash Buckets": 4194304,
                            "Original Hash Buckets": 4194304,
                            "Hash Batches": 1,
                            "Original Hash Batches": 1,
                            "Peak Memory Usage": 131712,
                            "Plans": [
                              {
                                "Node Type": "Seq Scan",
                                "Parent Relationship": "Outer",
                                "Parallel Aware": true,
                                "Relation Name": "title",
                                "Alias": "t",
                                "Startup Cost": 0.0,
                                "Total Cost": 50870.31,
                                "Plan Rows": 1487231,
                                "Plan Width": 4,
                                "Actual Startup Time": 0.025,
                                "Actual Total Time": 149.672,
                                "Actual Rows": 1264156,
                                "Actual Loops": 2
                              }
                            ]
                          }
                        ]
                      }
                    ]
                  }
                ]
              }
            ]
          }
        ]
      }
    ]
  },
  "Planning Time": 0.614,
  "Triggers": [],
  "Execution Time": 820.466
}