{
  "Plan": {
    "Node Type": "Aggregate",
    "Strategy": "Plain",
    "Partial Mode": "Finalize",
    "Parallel Aware": false,
    "Startup Cost": 664088.27,
    "Total Cost": 664088.28,
    "Plan Rows": 1,
    "Plan Width": 8,
    "Actual Startup Time": 2657.466,
    "Actual Total Time": 2724.265,
    "Actual Rows": 1,
    "Actual Loops": 1,
    "Plans": [
      {
        "Node Type": "Gather",
        "Parent Relationship": "Outer",
        "Parallel Aware": false,
        "Startup Cost": 664088.16,
        "Total Cost": 664088.27,
        "Plan Rows": 1,
        "Plan Width": 8,
        "Actual Startup Time": 2657.169,
        "Actual Total Time": 2724.256,
        "Actual Rows": 2,
        "Actual Loops": 1,
        "Workers Planned": 1,
        "Workers Launched": 1,
        "Single Copy": false,
        "Plans": [
          {
            "Node Type": "Aggregate",
            "Strategy": "Plain",
            "Partial Mode": "Partial",
            "Parent Relationship": "Outer",
            "Parallel Aware": false,
            "Startup Cost": 663088.16,
            "Total Cost": 663088.17,
            "Plan Rows": 1,
            "Plan Width": 8,
            "Actual Startup Time": 2651.453,
            "Actual Total Time": 2651.457,
            "Actual Rows": 1,
            "Actual Loops": 2,
            "Plans": [
              {
                "Node Type": "Hash Join",
                "Parent Relationship": "Outer",
                "Parallel Aware": true,
                "Join Type": "Inner",
                "Startup Cost": 58664.89,
                "Total Cost": 662509.79,
                "Plan Rows": 231349,
                "Plan Width": 0,
                "Actual Startup Time": 658.215,
                "Actual Total Time": 2643.881,
                "Actual Rows": 152151,
                "Actual Loops": 2,
                "Inner Unique": true,
                "Hash Cond": "(ci.movie_id = t.id)",
                "Plans": [
                  {
                    "Node Type": "Seq Scan",
                    "Parent Relationship": "Outer",
                    "Parallel Aware": true,
                    "Relation Name": "cast_info",
                    "Alias": "ci",
                    "Startup Cost": 0.0,
                    "Total Cost": 572345.93,
                    "Plan Rows": 11999584,
                    "Plan Width": 4,
                    "Actual Startup Time": 512.55,
                    "Actual Total Time": 1715.585,
                    "Actual Rows": 9311006,
                    "Actual Loops": 2,
                    "Filter": "((person_id < 3176731) AND (role_id > 1))",
                    "Rows Removed by Filter": 8811166
                  },
                  {
                    "Node Type": "Hash",
                    "Parent Relationship": "Inner",
                    "Parallel Aware": true,
                    "Startup Cost": 58306.47,
                    "Total Cost": 58306.47,
                    "Plan Rows": 28674,
                    "Plan Width": 4,
                    "Actual Startup Time": 143.971,
                    "Actual Total Time": 143.972,
                    "Actual Rows": 17744,
                    "Actual Loops": 2,
                    "Hash Buckets": 65536,
                    "Original Hash Buckets": 65536,
                    "Hash Batches": 1,
                    "Original Hash Batches": 1,
                    "Peak Memory Usage": 1920,
                    "Plans": [
                      {
                        "Node Type": "Seq Scan",
                        "Parent Relationship": "Outer",
                        "Parallel Aware": true,
                        "Relation Name": "title",
                        "Alias": "t",
                        "Startup Cost": 0.0,
                        "Total Cost": 58306.47,
                        "Plan Rows": 28674,
                        "Plan Width": 4,
                        "Actual Startup Time": 0.286,
                        "Actual Total Time": 139.053,
                        "Actual Rows": 17744,
                        "Actual Loops": 2,
                        "Filter": "((kind_id < 7) AND (production_year = 2007))",
                        "Rows Removed by Filter": 1246412
                      }
                    ]
                  }
                ]
              }
            ]
          }
        ]
      }
    ]
  },
  "Planning Time": 0.449,
  "Triggers": [],
  "Execution Time": 2724.345
}