[
  {
    "Plan": {
      "Node Type": "Aggregate",
      "Strategy": "Plain",
      "Partial Mode": "Finalize",
      "Parallel Aware": false,
      "Startup Cost": 45981.45,
      "Total Cost": 45981.46,
      "Plan Rows": 1,
      "Plan Width": 8,
      "Actual Startup Time": 162.168,
      "Actual Total Time": 171.119,
      "Actual Rows": 1,
      "Actual Loops": 1,
      "Plans": [
        {
          "Node Type": "Gather",
          "Parent Relationship": "Outer",
          "Parallel Aware": false,
          "Startup Cost": 45981.14,
          "Total Cost": 45981.45,
          "Plan Rows": 3,
          "Plan Width": 8,
          "Actual Startup Time": 162.039,
          "Actual Total Time": 171.11,
          "Actual Rows": 4,
          "Actual Loops": 1,
          "Workers Planned": 3,
          "Workers Launched": 3,
          "Single Copy": false,
          "Plans": [
            {
              "Node Type": "Aggregate",
              "Strategy": "Plain",
              "Partial Mode": "Partial",
              "Parent Relationship": "Outer",
              "Parallel Aware": false,
              "Startup Cost": 44981.14,
              "Total Cost": 44981.15,
              "Plan Rows": 1,
              "Plan Width": 8,
              "Actual Startup Time": 152.555,
              "Actual Total Time": 152.556,
              "Actual Rows": 1,
              "Actual Loops": 4,
              "Plans": [
                {
                  "Node Type": "Seq Scan",
                  "Parent Relationship": "Outer",
                  "Parallel Aware": true,
                  "Relation Name": "movie_keyword",
                  "Alias": "mk",
                  "Startup Cost": 0.0,
                  "Total Cost": 42695.65,
                  "Plan Rows": 914193,
                  "Plan Width": 0,
                  "Actual Startup Time": 0.069,
                  "Actual Total Time": 120.613,
                  "Actual Rows": 707280,
                  "Actual Loops": 4,
                  "Filter": "(keyword_id < 8513)",
                  "Rows Removed by Filter": 423702
                }
              ]
            }
          ]
        }
      ]
    },
    "Planning Time": 0.208,
    "Triggers": [],
    "Execution Time": 171.184
  }
]