{
    "Plan": {
        "Node Type": "Aggregate",
        "Strategy": "Plain",
        "Partial Mode": "Finalize",
        "Parallel Aware": false,
        "Startup Cost": 58965.59,
        "Total Cost": 58965.6,
        "Plan Rows": 1,
        "Plan Width": 8,
        "Actual Startup Time": 144.347,
        "Actual Total Time": 165.397,
        "Actual Rows": 1,
        "Actual Loops": 1,
        "Output": [
            "count(*)"
        ],
        "Plans": [
            {
                "Node Type": "Gather",
                "Parent Relationship": "Outer",
                "Parallel Aware": false,
                "Startup Cost": 58965.27,
                "Total Cost": 58965.58,
                "Plan Rows": 3,
                "Plan Width": 8,
                "Actual Startup Time": 144.228,
                "Actual Total Time": 165.39,
                "Actual Rows": 4,
                "Actual Loops": 1,
                "Output": [
                    "(PARTIAL count(*))"
                ],
                "Workers Planned": 3,
                "Workers Launched": 3,
                "Single Copy": false,
                "Plans": [
                    {
                        "Node Type": "Aggregate",
                        "Strategy": "Plain",
                        "Partial Mode": "Partial",
                        "Parent Relationship": "Outer",
                        "Parallel Aware": false,
                        "Startup Cost": 57965.27,
                        "Total Cost": 57965.28,
                        "Plan Rows": 1,
                        "Plan Width": 8,
                        "Actual Startup Time": 134.59,
                        "Actual Total Time": 134.592,
                        "Actual Rows": 1,
                        "Actual Loops": 4,
                        "Output": [
                            "PARTIAL count(*)"
                        ],
                        "Workers": [
                            {
                                "Worker Number": 0,
                                "Actual Startup Time": 131.656,
                                "Actual Total Time": 131.658,
                                "Actual Rows": 1,
                                "Actual Loops": 1
                            },
                            {
                                "Worker Number": 1,
                                "Actual Startup Time": 131.396,
                                "Actual Total Time": 131.399,
                                "Actual Rows": 1,
                                "Actual Loops": 1
                            },
                            {
                                "Worker Number": 2,
                                "Actual Startup Time": 131.835,
                                "Actual Total Time": 131.838,
                                "Actual Rows": 1,
                                "Actual Loops": 1
                            }
                        ],
                        "Plans": [
                            {
                                "Node Type": "Nested Loop",
                                "Parent Relationship": "Outer",
                                "Parallel Aware": false,
                                "Join Type": "Inner",
                                "Startup Cost": 0.99,
                                "Total Cost": 57939.48,
                                "Plan Rows": 10317,
                                "Plan Width": 0,
                                "Actual Startup Time": 1.085,
                                "Actual Total Time": 133.833,
                                "Actual Rows": 6254,
                                "Actual Loops": 4,
                                "Inner Unique": false,
                                "Workers": [
                                    {
                                        "Worker Number": 0,
                                        "Actual Startup Time": 1.328,
                                        "Actual Total Time": 131.008,
                                        "Actual Rows": 3440,
                                        "Actual Loops": 1
                                    },
                                    {
                                        "Worker Number": 1,
                                        "Actual Startup Time": 0.543,
                                        "Actual Total Time": 130.737,
                                        "Actual Rows": 4322,
                                        "Actual Loops": 1
                                    },
                                    {
                                        "Worker Number": 2,
                                        "Actual Startup Time": 1.38,
                                        "Actual Total Time": 131.175,
                                        "Actual Rows": 4347,
                                        "Actual Loops": 1
                                    }
                                ],
                                "Plans": [
                                    {
                                        "Node Type": "Nested Loop",
                                        "Parent Relationship": "Outer",
                                        "Parallel Aware": false,
                                        "Join Type": "Inner",
                                        "Startup Cost": 0.43,
                                        "Total Cost": 55689.51,
                                        "Plan Rows": 720,
                                        "Plan Width": 8,
                                        "Actual Startup Time": 0.861,
                                        "Actual Total Time": 106.059,
                                        "Actual Rows": 210,
                                        "Actual Loops": 4,
                                        "Output": [
                                            "t.id",
                                            "mk.movie_id"
                                        ],
                                        "Inner Unique": true,
                                        "Workers": [
                                            {
                                                "Worker Number": 0,
                                                "Actual Startup Time": 1.012,
                                                "Actual Total Time": 101.896,
                                                "Actual Rows": 123,
                                                "Actual Loops": 1
                                            },
                                            {
                                                "Worker Number": 1,
                                                "Actual Startup Time": 0.296,
                                                "Actual Total Time": 99.084,
                                                "Actual Rows": 140,
                                                "Actual Loops": 1
                                            },
                                            {
                                                "Worker Number": 2,
                                                "Actual Startup Time": 1.079,
                                                "Actual Total Time": 99.883,
                                                "Actual Rows": 150,
                                                "Actual Loops": 1
                                            }
                                        ],
                                        "Plans": [
                                            {
                                                "Node Type": "Seq Scan",
                                                "Parent Relationship": "Outer",
                                                "Parallel Aware": true,
                                                "Relation Name": "movie_keyword",
                                                "Schema": "public",
                                                "Alias": "mk",
                                                "Startup Cost": 0.0,
                                                "Total Cost": 42695.65,
                                                "Plan Rows": 1800,
                                                "Plan Width": 4,
                                                "Actual Startup Time": 0.59,
                                                "Actual Total Time": 91.877,
                                                "Actual Rows": 1222,
                                                "Actual Loops": 4,
                                                "Output": [
                                                    "mk.id",
                                                    "mk.movie_id",
                                                    "mk.keyword_id"
                                                ],
                                                "Filter": "(mk.keyword_id = 1962)",
                                                "Rows Removed by Filter": 1129760,
                                                "Workers": [
                                                    {
                                                        "Worker Number": 0,
                                                        "Actual Startup Time": 0.813,
                                                        "Actual Total Time": 86.203,
                                                        "Actual Rows": 973,
                                                        "Actual Loops": 1
                                                    },
                                                    {
                                                        "Worker Number": 1,
                                                        "Actual Startup Time": 0.109,
                                                        "Actual Total Time": 83.752,
                                                        "Actual Rows": 878,
                                                        "Actual Loops": 1
                                                    },
                                                    {
                                                        "Worker Number": 2,
                                                        "Actual Startup Time": 0.417,
                                                        "Actual Total Time": 83.588,
                                                        "Actual Rows": 1000,
                                                        "Actual Loops": 1
                                                    }
                                                ]
                                            },
                                            {
                                                "Node Type": "Index Scan",
                                                "Parent Relationship": "Inner",
                                                "Parallel Aware": false,
                                                "Scan Direction": "Forward",
                                                "Index Name": "title_pkey",
                                                "Relation Name": "title",
                                                "Schema": "public",
                                                "Alias": "t",
                                                "Startup Cost": 0.43,
                                                "Total Cost": 7.22,
                                                "Plan Rows": 1,
                                                "Plan Width": 4,
                                                "Actual Startup Time": 0.011,
                                                "Actual Total Time": 0.011,
                                                "Actual Rows": 0,
                                                "Actual Loops": 4889,
                                                "Output": [
                                                    "t.id",
                                                    "t.title",
                                                    "t.imdb_index",
                                                    "t.kind_id",
                                                    "t.production_year",
                                                    "t.imdb_id",
                                                    "t.phonetic_code",
                                                    "t.episode_of_id",
                                                    "t.season_nr",
                                                    "t.episode_nr",
                                                    "t.series_years",
                                                    "t.md5sum"
                                                ],
                                                "Index Cond": "(t.id = mk.movie_id)",
                                                "Rows Removed by Index Recheck": 0,
                                                "Filter": "((t.production_year < 2008) AND (t.kind_id = 7))",
                                                "Rows Removed by Filter": 1,
                                                "Workers": [
                                                    {
                                                        "Worker Number": 0,
                                                        "Actual Startup Time": 0.015,
                                                        "Actual Total Time": 0.015,
                                                        "Actual Rows": 0,
                                                        "Actual Loops": 973
                                                    },
                                                    {
                                                        "Worker Number": 1,
                                                        "Actual Startup Time": 0.017,
                                                        "Actual Total Time": 0.017,
                                                        "Actual Rows": 0,
                                                        "Actual Loops": 878
                                                    },
                                                    {
                                                        "Worker Number": 2,
                                                        "Actual Startup Time": 0.016,
                                                        "Actual Total Time": 0.016,
                                                        "Actual Rows": 0,
                                                        "Actual Loops": 1000
                                                    }
                                                ]
                                            }
                                        ]
                                    },
                                    {
                                        "Node Type": "Index Only Scan",
                                        "Parent Relationship": "Inner",
                                        "Parallel Aware": false,
                                        "Scan Direction": "Forward",
                                        "Index Name": "movie_id_cast_info",
                                        "Relation Name": "cast_info",
                                        "Schema": "public",
                                        "Alias": "ci",
                                        "Startup Cost": 0.56,
                                        "Total Cost": 2.74,
                                        "Plan Rows": 38,
                                        "Plan Width": 4,
                                        "Actual Startup Time": 0.017,
                                        "Actual Total Time": 0.127,
                                        "Actual Rows": 30,
                                        "Actual Loops": 841,
                                        "Output": [
                                            "ci.movie_id"
                                        ],
                                        "Index Cond": "(ci.movie_id = t.id)",
                                        "Rows Removed by Index Recheck": 0,
                                        "Heap Fetches": 25015,
                                        "Workers": [
                                            {
                                                "Worker Number": 0,
                                                "Actual Startup Time": 0.029,
                                                "Actual Total Time": 0.231,
                                                "Actual Rows": 28,
                                                "Actual Loops": 123
                                            },
                                            {
                                                "Worker Number": 1,
                                                "Actual Startup Time": 0.025,
                                                "Actual Total Time": 0.221,
                                                "Actual Rows": 31,
                                                "Actual Loops": 140
                                            },
                                            {
                                                "Worker Number": 2,
                                                "Actual Startup Time": 0.025,
                                                "Actual Total Time": 0.203,
                                                "Actual Rows": 29,
                                                "Actual Loops": 150
                                            }
                                        ]
                                    }
                                ]
                            }
                        ]
                    }
                ]
            }
        ]
    },
    "Planning Time": 1.559,
    "Triggers": [],
    "Execution Time": 165.488
}