[
  {
    "Plan": {
      "Node Type": "Aggregate",
      "Strategy": "Plain",
      "Partial Mode": "Finalize",
      "Parallel Aware": false,
      "Startup Cost": 23299.36,
      "Total Cost": 23299.37,
      "Plan Rows": 1,
      "Plan Width": 8,
      "Actual Startup Time": 35.945,
      "Actual Total Time": 39.864,
      "Actual Rows": 1,
      "Actual Loops": 1,
      "Plans": [
        {
          "Node Type": "Gather",
          "Parent Relationship": "Outer",
          "Parallel Aware": false,
          "Startup Cost": 23299.04,
          "Total Cost": 23299.35,
          "Plan Rows": 3,
          "Plan Width": 8,
          "Actual Startup Time": 35.772,
          "Actual Total Time": 39.857,
          "Actual Rows": 4,
          "Actual Loops": 1,
          "Workers Planned": 3,
          "Workers Launched": 3,
          "Single Copy": false,
          "Plans": [
            {
              "Node Type": "Aggregate",
              "Strategy": "Plain",
              "Partial Mode": "Partial",
              "Parent Relationship": "Outer",
              "Parallel Aware": false,
              "Startup Cost": 22299.04,
              "Total Cost": 22299.05,
              "Plan Rows": 1,
              "Plan Width": 8,
              "Actual Startup Time": 30.385,
              "Actual Total Time": 30.386,
              "Actual Rows": 1,
              "Actual Loops": 4,
              "Plans": [
                {
                  "Node Type": "Bitmap Heap Scan",
                  "Parent Relationship": "Outer",
                  "Parallel Aware": true,
                  "Relation Name": "movie_companies",
                  "Alias": "mc",
                  "Startup Cost": 2823.29,
                  "Total Cost": 22247.37,
                  "Plan Rows": 20668,
                  "Plan Width": 0,
                  "Actual Startup Time": 6.075,
                  "Actual Total Time": 28.496,
                  "Actual Rows": 27296,
                  "Actual Loops": 4,
                  "Recheck Cond": "(company_id < 21)",
                  "Rows Removed by Index Recheck": 0,
                  "Filter": "(company_type_id < 2)",
                  "Rows Removed by Filter": 5742,
                  "Exact Heap Blocks": 5832,
                  "Lossy Heap Blocks": 0,
                  "Plans": [
                    {
                      "Node Type": "Bitmap Index Scan",
                      "Parent Relationship": "Outer",
                      "Parallel Aware": false,
                      "Index Name": "company_id_movie_companies",
                      "Startup Cost": 0.0,
                      "Total Cost": 2807.27,
                      "Plan Rows": 131045,
                      "Plan Width": 0,
                      "Actual Startup Time": 9.041,
                      "Actual Total Time": 9.042,
                      "Actual Rows": 132152,
                      "Actual Loops": 1,
                      "Index Cond": "(company_id < 21)"
                    }
                  ]
                }
              ]
            }
          ]
        }
      ]
    },
    "Planning Time": 0.171,
    "Triggers": [],
    "Execution Time": 39.906
  }
]