[
  {
    "Plan": {
      "Node Type": "Aggregate",
      "Strategy": "Plain",
      "Partial Mode": "Finalize",
      "Parallel Aware": false,
      "Startup Cost": 110693.22,
      "Total Cost": 110693.23,
      "Plan Rows": 1,
      "Plan Width": 8,
      "Actual Startup Time": 407.299,
      "Actual Total Time": 429.871,
      "Actual Rows": 1,
      "Actual Loops": 1,
      "Plans": [
        {
          "Node Type": "Gather",
          "Parent Relationship": "Outer",
          "Parallel Aware": false,
          "Startup Cost": 110692.9,
          "Total Cost": 110693.21,
          "Plan Rows": 3,
          "Plan Width": 8,
          "Actual Startup Time": 406.638,
          "Actual Total Time": 429.863,
          "Actual Rows": 4,
          "Actual Loops": 1,
          "Workers Planned": 3,
          "Workers Launched": 3,
          "Single Copy": false,
          "Plans": [
            {
              "Node Type": "Aggregate",
              "Strategy": "Plain",
              "Partial Mode": "Partial",
              "Parent Relationship": "Outer",
              "Parallel Aware": false,
              "Startup Cost": 109692.9,
              "Total Cost": 109692.91,
              "Plan Rows": 1,
              "Plan Width": 8,
              "Actual Startup Time": 397.166,
              "Actual Total Time": 397.169,
              "Actual Rows": 1,
              "Actual Loops": 4,
              "Plans": [
                {
                  "Node Type": "Nested Loop",
                  "Parent Relationship": "Outer",
                  "Parallel Aware": false,
                  "Join Type": "Inner",
                  "Startup Cost": 45667.95,
                  "Total Cost": 109603.11,
                  "Plan Rows": 35916,
                  "Plan Width": 0,
                  "Actual Startup Time": 139.03,
                  "Actual Total Time": 388.898,
                  "Actual Rows": 185010,
                  "Actual Loops": 4,
                  "Inner Unique": false,
                  "Join Filter": "(t.id = mc.movie_id)",
                  "Rows Removed by Join Filter": 0,
                  "Plans": [
                    {
                      "Node Type": "Hash Join",
                      "Parent Relationship": "Outer",
                      "Parallel Aware": true,
                      "Join Type": "Inner",
                      "Startup Cost": 45667.52,
                      "Total Cost": 88545.6,
                      "Plan Rows": 34804,
                      "Plan Width": 8,
                      "Actual Startup Time": 138.817,
                      "Actual Total Time": 285.62,
                      "Actual Rows": 21582,
                      "Actual Loops": 4,
                      "Inner Unique": true,
                      "Hash Cond": "(mk.movie_id = t.id)",
                      "Plans": [
                        {
                          "Node Type": "Seq Scan",
                          "Parent Relationship": "Outer",
                          "Parallel Aware": true,
                          "Relation Name": "movie_keyword",
                          "Alias": "mk",
                          "Startup Cost": 0.0,
                          "Total Cost": 39047.32,
                          "Plan Rows": 1459332,
                          "Plan Width": 4,
                          "Actual Startup Time": 0.025,
                          "Actual Total Time": 89.895,
                          "Actual Rows": 1130982,
                          "Actual Loops": 4
                        },
                        {
                          "Node Type": "Hash",
                          "Parent Relationship": "Inner",
                          "Parallel Aware": true,
                          "Startup Cost": 45479.1,
                          "Total Cost": 45479.1,
                          "Plan Rows": 15074,
                          "Plan Width": 4,
                          "Actual Startup Time": 102.008,
                          "Actual Total Time": 102.009,
                          "Actual Rows": 15395,
                          "Actual Loops": 4,
                          "Hash Buckets": 65536,
                          "Original Hash Buckets": 65536,
                          "Hash Batches": 1,
                          "Original Hash Batches": 1,
                          "Peak Memory Usage": 3008,
                          "Plans": [
                            {
                              "Node Type": "Seq Scan",
                              "Parent Relationship": "Outer",
                              "Parallel Aware": true,
                              "Relation Name": "title",
                              "Alias": "t",
                              "Startup Cost": 0.0,
                              "Total Cost": 45479.1,
                              "Plan Rows": 15074,
                              "Plan Width": 4,
                              "Actual Startup Time": 47.576,
                              "Actual Total Time": 97.101,
                              "Actual Rows": 15395,
                              "Actual Loops": 4,
                              "Filter": "((production_year > 2011) AND (kind_id = 1))",
                              "Rows Removed by Filter": 616683
                            }
                          ]
                        }
                      ]
                    },
                    {
                      "Node Type": "Index Only Scan",
                      "Parent Relationship": "Inner",
                      "Parallel Aware": false,
                      "Scan Direction": "Forward",
                      "Index Name": "movie_id_movie_companies",
                      "Relation Name": "movie_companies",
                      "Alias": "mc",
                      "Startup Cost": 0.43,
                      "Total Cost": 0.54,
                      "Plan Rows": 5,
                      "Plan Width": 4,
                      "Actual Startup Time": 0.002,
                      "Actual Total Time": 0.004,
                      "Actual Rows": 9,
                      "Actual Loops": 86329,
                      "Index Cond": "(movie_id = mk.movie_id)",
                      "Rows Removed by Index Recheck": 0,
                      "Heap Fetches": 740040
                    }
                  ]
                }
              ]
            }
          ]
        }
      ]
    },
    "Planning Time": 1.406,
    "Triggers": [],
    "Execution Time": 429.957
  }
]