{
  "Plan": {
    "Node Type": "Aggregate",
    "Strategy": "Plain",
    "Partial Mode": "Finalize",
    "Parallel Aware": false,
    "Startup Cost": 488291.7,
    "Total Cost": 488291.71,
    "Plan Rows": 1,
    "Plan Width": 8,
    "Actual Startup Time": 2308.308,
    "Actual Total Time": 2364.842,
    "Actual Rows": 1,
    "Actual Loops": 1,
    "Plans": [
      {
        "Node Type": "Gather",
        "Parent Relationship": "Outer",
        "Parallel Aware": false,
        "Startup Cost": 488291.59,
        "Total Cost": 488291.7,
        "Plan Rows": 1,
        "Plan Width": 8,
        "Actual Startup Time": 2304.92,
        "Actual Total Time": 2364.831,
        "Actual Rows": 2,
        "Actual Loops": 1,
        "Workers Planned": 1,
        "Workers Launched": 1,
        "Single Copy": false,
        "Plans": [
          {
            "Node Type": "Aggregate",
            "Strategy": "Plain",
            "Partial Mode": "Partial",
            "Parent Relationship": "Outer",
            "Parallel Aware": false,
            "Startup Cost": 487291.59,
            "Total Cost": 487291.6,
            "Plan Rows": 1,
            "Plan Width": 8,
            "Actual Startup Time": 2299.738,
            "Actual Total Time": 2299.744,
            "Actual Rows": 1,
            "Actual Loops": 2,
            "Plans": [
              {
                "Node Type": "Hash Join",
                "Parent Relationship": "Outer",
                "Parallel Aware": true,
                "Join Type": "Inner",
                "Startup Cost": 196811.08,
                "Total Cost": 484633.1,
                "Plan Rows": 1063395,
                "Plan Width": 0,
                "Actual Startup Time": 934.626,
                "Actual Total Time": 2280.32,
                "Actual Rows": 473570,
                "Actual Loops": 2,
                "Inner Unique": false,
                "Hash Cond": "(mi.movie_id = t.id)",
                "Plans": [
                  {
                    "Node Type": "Seq Scan",
                    "Parent Relationship": "Outer",
                    "Parallel Aware": true,
                    "Relation Name": "movie_info",
                    "Alias": "mi",
                    "Startup Cost": 0.0,
                    "Total Cost": 248955.74,
                    "Plan Rows": 8696274,
                    "Plan Width": 4,
                    "Actual Startup Time": 0.014,
                    "Actual Total Time": 606.78,
                    "Actual Rows": 7417860,
                    "Actual Loops": 2
                  },
                  {
                    "Node Type": "Hash",
                    "Parent Relationship": "Inner",
                    "Parallel Aware": true,
                    "Startup Cost": 194537.82,
                    "Total Cost": 194537.82,
                    "Plan Rows": 181861,
                    "Plan Width": 8,
                    "Actual Startup Time": 927.988,
                    "Actual Total Time": 927.991,
                    "Actual Rows": 60378,
                    "Actual Loops": 2,
                    "Hash Buckets": 524288,
                    "Original Hash Buckets": 524288,
                    "Hash Batches": 1,
                    "Original Hash Batches": 1,
                    "Peak Memory Usage": 8864,
                    "Plans": [
                      {
                        "Node Type": "Merge Join",
                        "Parent Relationship": "Outer",
                        "Parallel Aware": false,
                        "Join Type": "Inner",
                        "Startup Cost": 84378.28,
                        "Total Cost": 194537.82,
                        "Plan Rows": 181861,
                        "Plan Width": 8,
                        "Actual Startup Time": 227.444,
                        "Actual Total Time": 906.963,
                        "Actual Rows": 60378,
                        "Actual Loops": 2,
                        "Inner Unique": false,
                        "Merge Cond": "(t.id = mc.movie_id)",
                        "Plans": [
                          {
                            "Node Type": "Index Scan",
                            "Parent Relationship": "Outer",
                            "Parallel Aware": true,
                            "Scan Direction": "Forward",
                            "Index Name": "title_pkey",
                            "Relation Name": "title",
                            "Alias": "t",
                            "Startup Cost": 0.43,
                            "Total Cost": 103647.43,
                            "Plan Rows": 904038,
                            "Plan Width": 4,
                            "Actual Startup Time": 0.092,
                            "Actual Total Time": 615.847,
                            "Actual Rows": 771052,
                            "Actual Loops": 2,
                            "Filter": "(kind_id = 7)",
                            "Rows Removed by Filter": 491982
                          },
                          {
                            "Node Type": "Sort",
                            "Parent Relationship": "Inner",
                            "Parallel Aware": false,
                            "Startup Cost": 84375.74,
                            "Total Cost": 85647.25,
                            "Plan Rows": 508605,
                            "Plan Width": 4,
                            "Actual Startup Time": 198.87,
                            "Actual Total Time": 221.184,
                            "Actual Rows": 519679,
                            "Actual Loops": 2,
                            "Sort Key": [
                              "mc.movie_id"
                            ],
                            "Sort Method": "quicksort",
                            "Sort Space Used": 36648,
                            "Sort Space Type": "Memory",
                            "Workers": [
                              {
                                "Worker Number": 0,
                                "Sort Method": "quicksort",
                                "Sort Space Used": 36648,
                                "Sort Space Type": "Memory"
                              }
                            ],
                            "Plans": [
                              {
                                "Node Type": "Bitmap Heap Scan",
                                "Parent Relationship": "Outer",
                                "Parallel Aware": false,
                                "Relation Name": "movie_companies",
                                "Alias": "mc",
                                "Startup Cost": 11022.12,
                                "Total Cost": 36169.68,
                                "Plan Rows": 508605,
                                "Plan Width": 4,
                                "Actual Startup Time": 35.136,
                                "Actual Total Time": 104.718,
                                "Actual Rows": 519679,
                                "Actual Loops": 2,
                                "Recheck Cond": "(company_id > 73345)",
                                "Rows Removed by Index Recheck": 0,
                                "Exact Heap Blocks": 7230,
                                "Lossy Heap Blocks": 0,
                                "Plans": [
                                  {
                                    "Node Type": "Bitmap Index Scan",
                                    "Parent Relationship": "Outer",
                                    "Parallel Aware": false,
                                    "Index Name": "company_id_movie_companies",
                                    "Startup Cost": 0.0,
                                    "Total Cost": 10894.97,
                                    "Plan Rows": 508605,
                                    "Plan Width": 0,
                                    "Actual Startup Time": 34.277,
                                    "Actual Total Time": 34.277,
                                    "Actual Rows": 519679,
                                    "Actual Loops": 2,
                                    "Index Cond": "(company_id > 73345)"
                                  }
                                ]
                              }
                            ]
                          }
                        ]
                      }
                    ]
                  }
                ]
              }
            ]
          }
        ]
      }
    ]
  },
  "Planning Time": 0.89,
  "Triggers": [],
  "Execution Time": 2365.053
}