{
  "Plan": {
    "Node Type": "Aggregate",
    "Strategy": "Plain",
    "Partial Mode": "Finalize",
    "Parallel Aware": false,
    "Startup Cost": 84556.16,
    "Total Cost": 84556.17,
    "Plan Rows": 1,
    "Plan Width": 8,
    "Actual Startup Time": 181.97,
    "Actual Total Time": 195.753,
    "Actual Rows": 1,
    "Actual Loops": 1,
    "Plans": [
      {
        "Node Type": "Gather",
        "Parent Relationship": "Outer",
        "Parallel Aware": false,
        "Startup Cost": 84556.05,
        "Total Cost": 84556.16,
        "Plan Rows": 1,
        "Plan Width": 8,
        "Actual Startup Time": 181.712,
        "Actual Total Time": 195.742,
        "Actual Rows": 2,
        "Actual Loops": 1,
        "Workers Planned": 1,
        "Workers Launched": 1,
        "Single Copy": false,
        "Plans": [
          {
            "Node Type": "Aggregate",
            "Strategy": "Plain",
            "Partial Mode": "Partial",
            "Parent Relationship": "Outer",
            "Parallel Aware": false,
            "Startup Cost": 83556.05,
            "Total Cost": 83556.06,
            "Plan Rows": 1,
            "Plan Width": 8,
            "Actual Startup Time": 178.587,
            "Actual Total Time": 178.591,
            "Actual Rows": 1,
            "Actual Loops": 2,
            "Plans": [
              {
                "Node Type": "Hash Join",
                "Parent Relationship": "Outer",
                "Parallel Aware": true,
                "Join Type": "Inner",
                "Startup Cost": 58981.65,
                "Total Cost": 83555.66,
                "Plan Rows": 158,
                "Plan Width": 0,
                "Actual Startup Time": 158.956,
                "Actual Total Time": 178.559,
                "Actual Rows": 196,
                "Actual Loops": 2,
                "Inner Unique": true,
                "Hash Cond": "(mk.movie_id = t.id)",
                "Plans": [
                  {
                    "Node Type": "Bitmap Heap Scan",
                    "Parent Relationship": "Outer",
                    "Parallel Aware": true,
                    "Relation Name": "movie_keyword",
                    "Alias": "mk",
                    "Startup Cost": 429.04,
                    "Total Cost": 24971.84,
                    "Plan Rows": 11886,
                    "Plan Width": 4,
                    "Actual Startup Time": 7.221,
                    "Actual Total Time": 24.626,
                    "Actual Rows": 9764,
                    "Actual Loops": 2,
                    "Recheck Cond": "(keyword_id = 137)",
                    "Rows Removed by Index Recheck": 0,
                    "Exact Heap Blocks": 10396,
                    "Lossy Heap Blocks": 0,
                    "Plans": [
                      {
                        "Node Type": "Bitmap Index Scan",
                        "Parent Relationship": "Outer",
                        "Parallel Aware": false,
                        "Index Name": "keyword_id_movie_keyword",
                        "Startup Cost": 0.0,
                        "Total Cost": 423.99,
                        "Plan Rows": 20207,
                        "Plan Width": 0,
                        "Actual Startup Time": 4.47,
                        "Actual Total Time": 4.472,
                        "Actual Rows": 19528,
                        "Actual Loops": 1,
                        "Index Cond": "(keyword_id = 137)"
                      }
                    ]
                  },
                  {
                    "Node Type": "Hash",
                    "Parent Relationship": "Inner",
                    "Parallel Aware": true,
                    "Startup Cost": 58306.47,
                    "Total Cost": 58306.47,
                    "Plan Rows": 19692,
                    "Plan Width": 4,
                    "Actual Startup Time": 150.07,
                    "Actual Total Time": 150.07,
                    "Actual Rows": 14056,
                    "Actual Loops": 2,
                    "Hash Buckets": 65536,
                    "Original Hash Buckets": 65536,
                    "Hash Batches": 1,
                    "Original Hash Batches": 1,
                    "Peak Memory Usage": 1664,
                    "Plans": [
                      {
                        "Node Type": "Seq Scan",
                        "Parent Relationship": "Outer",
                        "Parallel Aware": true,
                        "Relation Name": "title",
                        "Alias": "t",
                        "Startup Cost": 0.0,
                        "Total Cost": 58306.47,
                        "Plan Rows": 19692,
                        "Plan Width": 4,
                        "Actual Startup Time": 0.147,
                        "Actual Total Time": 145.14,
                        "Actual Rows": 14056,
                        "Actual Loops": 2,
                        "Filter": "((kind_id < 7) AND (production_year = 2004))",
                        "Rows Removed by Filter": 1250100
                      }
                    ]
                  }
                ]
              }
            ]
          }
        ]
      }
    ]
  },
  "Planning Time": 0.473,
  "Triggers": [],
  "Execution Time": 195.849
}