{
  "Plan": {
    "Node Type": "Aggregate",
    "Strategy": "Plain",
    "Partial Mode": "Finalize",
    "Parallel Aware": false,
    "Startup Cost": 121182.36,
    "Total Cost": 121182.37,
    "Plan Rows": 1,
    "Plan Width": 8,
    "Actual Startup Time": 561.115,
    "Actual Total Time": 574.402,
    "Actual Rows": 1,
    "Actual Loops": 1,
    "Plans": [
      {
        "Node Type": "Gather",
        "Parent Relationship": "Outer",
        "Parallel Aware": false,
        "Startup Cost": 121182.24,
        "Total Cost": 121182.35,
        "Plan Rows": 1,
        "Plan Width": 8,
        "Actual Startup Time": 560.376,
        "Actual Total Time": 574.394,
        "Actual Rows": 2,
        "Actual Loops": 1,
        "Workers Planned": 1,
        "Workers Launched": 1,
        "Single Copy": false,
        "Plans": [
          {
            "Node Type": "Aggregate",
            "Strategy": "Plain",
            "Partial Mode": "Partial",
            "Parent Relationship": "Outer",
            "Parallel Aware": false,
            "Startup Cost": 120182.24,
            "Total Cost": 120182.25,
            "Plan Rows": 1,
            "Plan Width": 8,
            "Actual Startup Time": 556.693,
            "Actual Total Time": 556.697,
            "Actual Rows": 1,
            "Actual Loops": 2,
            "Plans": [
              {
                "Node Type": "Hash Join",
                "Parent Relationship": "Outer",
                "Parallel Aware": true,
                "Join Type": "Inner",
                "Startup Cost": 57199.66,
                "Total Cost": 119561.1,
                "Plan Rows": 248459,
                "Plan Width": 0,
                "Actual Startup Time": 208.944,
                "Actual Total Time": 544.712,
                "Actual Rows": 310330,
                "Actual Loops": 2,
                "Inner Unique": true,
                "Hash Cond": "(mk.movie_id = t.id)",
                "Plans": [
                  {
                    "Node Type": "Seq Scan",
                    "Parent Relationship": "Outer",
                    "Parallel Aware": true,
                    "Relation Name": "movie_keyword",
                    "Alias": "mk",
                    "Startup Cost": 0.0,
                    "Total Cost": 57718.19,
                    "Plan Rows": 1768849,
                    "Plan Width": 4,
                    "Actual Startup Time": 0.195,
                    "Actual Total Time": 192.769,
                    "Actual Rows": 1492956,
                    "Actual Loops": 2,
                    "Filter": "(keyword_id > 2245)",
                    "Rows Removed by Filter": 769010
                  },
                  {
                    "Node Type": "Hash",
                    "Parent Relationship": "Inner",
                    "Parallel Aware": true,
                    "Startup Cost": 54588.39,
                    "Total Cost": 54588.39,
                    "Plan Rows": 208902,
                    "Plan Width": 4,
                    "Actual Startup Time": 204.039,
                    "Actual Total Time": 204.04,
                    "Actual Rows": 183215,
                    "Actual Loops": 2,
                    "Hash Buckets": 524288,
                    "Original Hash Buckets": 524288,
                    "Hash Batches": 1,
                    "Original Hash Batches": 1,
                    "Peak Memory Usage": 18464,
                    "Plans": [
                      {
                        "Node Type": "Seq Scan",
                        "Parent Relationship": "Outer",
                        "Parallel Aware": true,
                        "Relation Name": "title",
                        "Alias": "t",
                        "Startup Cost": 0.0,
                        "Total Cost": 54588.39,
                        "Plan Rows": 208902,
                        "Plan Width": 4,
                        "Actual Startup Time": 0.051,
                        "Actual Total Time": 146.703,
                        "Actual Rows": 183215,
                        "Actual Loops": 2,
                        "Filter": "(production_year < 1970)",
                        "Rows Removed by Filter": 1080941
                      }
                    ]
                  }
                ]
              }
            ]
          }
        ]
      }
    ]
  },
  "Planning Time": 0.292,
  "Triggers": [],
  "Execution Time": 574.467
}