{
    "Plan": {
        "Node Type": "Aggregate",
        "Strategy": "Plain",
        "Partial Mode": "Finalize",
        "Parallel Aware": false,
        "Startup Cost": 79097.58,
        "Total Cost": 79097.59,
        "Plan Rows": 1,
        "Plan Width": 8,
        "Actual Startup Time": 223.291,
        "Actual Total Time": 238.378,
        "Actual Rows": 1,
        "Actual Loops": 1,
        "Output": [
            "count(*)"
        ],
        "Plans": [
            {
                "Node Type": "Gather",
                "Parent Relationship": "Outer",
                "Parallel Aware": false,
                "Startup Cost": 79097.16,
                "Total Cost": 79097.57,
                "Plan Rows": 4,
                "Plan Width": 8,
                "Actual Startup Time": 222.635,
                "Actual Total Time": 238.363,
                "Actual Rows": 5,
                "Actual Loops": 1,
                "Output": [
                    "(PARTIAL count(*))"
                ],
                "Workers Planned": 4,
                "Workers Launched": 4,
                "Single Copy": false,
                "Plans": [
                    {
                        "Node Type": "Aggregate",
                        "Strategy": "Plain",
                        "Partial Mode": "Partial",
                        "Parent Relationship": "Outer",
                        "Parallel Aware": false,
                        "Startup Cost": 78097.16,
                        "Total Cost": 78097.17,
                        "Plan Rows": 1,
                        "Plan Width": 8,
                        "Actual Startup Time": 212.991,
                        "Actual Total Time": 212.995,
                        "Actual Rows": 1,
                        "Actual Loops": 5,
                        "Output": [
                            "PARTIAL count(*)"
                        ],
                        "Workers": [
                            {
                                "Worker Number": 0,
                                "Actual Startup Time": 210.494,
                                "Actual Total Time": 210.497,
                                "Actual Rows": 1,
                                "Actual Loops": 1
                            },
                            {
                                "Worker Number": 1,
                                "Actual Startup Time": 210.712,
                                "Actual Total Time": 210.715,
                                "Actual Rows": 1,
                                "Actual Loops": 1
                            },
                            {
                                "Worker Number": 2,
                                "Actual Startup Time": 210.777,
                                "Actual Total Time": 210.781,
                                "Actual Rows": 1,
                                "Actual Loops": 1
                            },
                            {
                                "Worker Number": 3,
                                "Actual Startup Time": 211.186,
                                "Actual Total Time": 211.189,
                                "Actual Rows": 1,
                                "Actual Loops": 1
                            }
                        ],
                        "Plans": [
                            {
                                "Node Type": "Hash Join",
                                "Parent Relationship": "Outer",
                                "Parallel Aware": true,
                                "Join Type": "Inner",
                                "Startup Cost": 32302.74,
                                "Total Cost": 77959.53,
                                "Plan Rows": 55051,
                                "Plan Width": 0,
                                "Actual Startup Time": 76.537,
                                "Actual Total Time": 211.724,
                                "Actual Rows": 20336,
                                "Actual Loops": 5,
                                "Inner Unique": false,
                                "Hash Cond": "(t.id = mc.movie_id)",
                                "Workers": [
                                    {
                                        "Worker Number": 0,
                                        "Actual Startup Time": 74.118,
                                        "Actual Total Time": 209.256,
                                        "Actual Rows": 20590,
                                        "Actual Loops": 1
                                    },
                                    {
                                        "Worker Number": 1,
                                        "Actual Startup Time": 74.237,
                                        "Actual Total Time": 209.457,
                                        "Actual Rows": 20923,
                                        "Actual Loops": 1
                                    },
                                    {
                                        "Worker Number": 2,
                                        "Actual Startup Time": 74.258,
                                        "Actual Total Time": 209.406,
                                        "Actual Rows": 13186,
                                        "Actual Loops": 1
                                    },
                                    {
                                        "Worker Number": 3,
                                        "Actual Startup Time": 74.79,
                                        "Actual Total Time": 209.915,
                                        "Actual Rows": 21036,
                                        "Actual Loops": 1
                                    }
                                ],
                                "Plans": [
                                    {
                                        "Node Type": "Seq Scan",
                                        "Parent Relationship": "Outer",
                                        "Parallel Aware": true,
                                        "Relation Name": "title",
                                        "Schema": "public",
                                        "Alias": "t",
                                        "Startup Cost": 0.0,
                                        "Total Cost": 42318.81,
                                        "Plan Rows": 632080,
                                        "Plan Width": 4,
                                        "Actual Startup Time": 0.024,
                                        "Actual Total Time": 66.306,
                                        "Actual Rows": 505662,
                                        "Actual Loops": 5,
                                        "Output": [
                                            "t.id",
                                            "t.title",
                                            "t.imdb_index",
                                            "t.kind_id",
                                            "t.production_year",
                                            "t.imdb_id",
                                            "t.phonetic_code",
                                            "t.episode_of_id",
                                            "t.season_nr",
                                            "t.episode_nr",
                                            "t.series_years",
                                            "t.md5sum"
                                        ],
                                        "Workers": [
                                            {
                                                "Worker Number": 0,
                                                "Actual Startup Time": 0.027,
                                                "Actual Total Time": 66.6,
                                                "Actual Rows": 514231,
                                                "Actual Loops": 1
                                            },
                                            {
                                                "Worker Number": 1,
                                                "Actual Startup Time": 0.027,
                                                "Actual Total Time": 66.916,
                                                "Actual Rows": 523126,
                                                "Actual Loops": 1
                                            },
                                            {
                                                "Worker Number": 2,
                                                "Actual Startup Time": 0.032,
                                                "Actual Total Time": 68.504,
                                                "Actual Rows": 328500,
                                                "Actual Loops": 1
                                            },
                                            {
                                                "Worker Number": 3,
                                                "Actual Startup Time": 0.026,
                                                "Actual Total Time": 66.83,
                                                "Actual Rows": 525126,
                                                "Actual Loops": 1
                                            }
                                        ]
                                    },
                                    {
                                        "Node Type": "Hash",
                                        "Parent Relationship": "Inner",
                                        "Parallel Aware": true,
                                        "Startup Cost": 31414.82,
                                        "Total Cost": 31414.82,
                                        "Plan Rows": 71034,
                                        "Plan Width": 4,
                                        "Actual Startup Time": 74.095,
                                        "Actual Total Time": 74.097,
                                        "Actual Rows": 20336,
                                        "Actual Loops": 5,
                                        "Output": [
                                            "mc.movie_id"
                                        ],
                                        "Hash Buckets": 262144,
                                        "Original Hash Buckets": 262144,
                                        "Hash Batches": 1,
                                        "Original Hash Batches": 1,
                                        "Peak Memory Usage": 6144,
                                        "Workers": [
                                            {
                                                "Worker Number": 0,
                                                "Actual Startup Time": 73.203,
                                                "Actual Total Time": 73.204,
                                                "Actual Rows": 22405,
                                                "Actual Loops": 1
                                            },
                                            {
                                                "Worker Number": 1,
                                                "Actual Startup Time": 73.37,
                                                "Actual Total Time": 73.371,
                                                "Actual Rows": 20809,
                                                "Actual Loops": 1
                                            },
                                            {
                                                "Worker Number": 2,
                                                "Actual Startup Time": 73.431,
                                                "Actual Total Time": 73.432,
                                                "Actual Rows": 13250,
                                                "Actual Loops": 1
                                            },
                                            {
                                                "Worker Number": 3,
                                                "Actual Startup Time": 73.893,
                                                "Actual Total Time": 73.894,
                                                "Actual Rows": 21474,
                                                "Actual Loops": 1
                                            }
                                        ],
                                        "Plans": [
                                            {
                                                "Node Type": "Seq Scan",
                                                "Parent Relationship": "Outer",
                                                "Parallel Aware": true,
                                                "Relation Name": "movie_companies",
                                                "Schema": "public",
                                                "Alias": "mc",
                                                "Startup Cost": 0.0,
                                                "Total Cost": 31414.82,
                                                "Plan Rows": 71034,
                                                "Plan Width": 4,
                                                "Actual Startup Time": 42.783,
                                                "Actual Total Time": 66.82,
                                                "Actual Rows": 20336,
                                                "Actual Loops": 5,
                                                "Output": [
                                                    "mc.movie_id"
                                                ],
                                                "Filter": "((mc.company_id < 305) AND (mc.company_type_id = 2))",
                                                "Rows Removed by Filter": 501490,
                                                "Workers": [
                                                    {
                                                        "Worker Number": 0,
                                                        "Actual Startup Time": 41.879,
                                                        "Actual Total Time": 66.093,
                                                        "Actual Rows": 22405,
                                                        "Actual Loops": 1
                                                    },
                                                    {
                                                        "Worker Number": 1,
                                                        "Actual Startup Time": 42.025,
                                                        "Actual Total Time": 65.858,
                                                        "Actual Rows": 20809,
                                                        "Actual Loops": 1
                                                    },
                                                    {
                                                        "Worker Number": 2,
                                                        "Actual Startup Time": 42.132,
                                                        "Actual Total Time": 66.061,
                                                        "Actual Rows": 13250,
                                                        "Actual Loops": 1
                                                    },
                                                    {
                                                        "Worker Number": 3,
                                                        "Actual Startup Time": 42.597,
                                                        "Actual Total Time": 67.121,
                                                        "Actual Rows": 21474,
                                                        "Actual Loops": 1
                                                    }
                                                ]
                                            }
                                        ]
                                    }
                                ]
                            }
                        ]
                    }
                ]
            }
        ]
    },
    "Planning Time": 0.777,
    "Triggers": [],
    "Execution Time": 238.48
}