[
  {
    "Plan": {
      "Node Type": "Aggregate",
      "Strategy": "Plain",
      "Partial Mode": "Finalize",
      "Parallel Aware": false,
      "Startup Cost": 99304.47,
      "Total Cost": 99304.48,
      "Plan Rows": 1,
      "Plan Width": 8,
      "Actual Startup Time": 690.814,
      "Actual Total Time": 711.989,
      "Actual Rows": 1,
      "Actual Loops": 1,
      "Plans": [
        {
          "Node Type": "Gather",
          "Parent Relationship": "Outer",
          "Parallel Aware": false,
          "Startup Cost": 99304.15,
          "Total Cost": 99304.46,
          "Plan Rows": 3,
          "Plan Width": 8,
          "Actual Startup Time": 675.013,
          "Actual Total Time": 711.981,
          "Actual Rows": 4,
          "Actual Loops": 1,
          "Workers Planned": 3,
          "Workers Launched": 3,
          "Single Copy": false,
          "Plans": [
            {
              "Node Type": "Aggregate",
              "Strategy": "Plain",
              "Partial Mode": "Partial",
              "Parent Relationship": "Outer",
              "Parallel Aware": false,
              "Startup Cost": 98304.15,
              "Total Cost": 98304.16,
              "Plan Rows": 1,
              "Plan Width": 8,
              "Actual Startup Time": 655.417,
              "Actual Total Time": 655.421,
              "Actual Rows": 1,
              "Actual Loops": 4,
              "Plans": [
                {
                  "Node Type": "Hash Join",
                  "Parent Relationship": "Outer",
                  "Parallel Aware": true,
                  "Join Type": "Inner",
                  "Startup Cost": 50220.38,
                  "Total Cost": 95675.8,
                  "Plan Rows": 1051339,
                  "Plan Width": 0,
                  "Actual Startup Time": 364.54,
                  "Actual Total Time": 620.433,
                  "Actual Rows": 814703,
                  "Actual Loops": 4,
                  "Inner Unique": true,
                  "Hash Cond": "(mk.movie_id = t.id)",
                  "Plans": [
                    {
                      "Node Type": "Seq Scan",
                      "Parent Relationship": "Outer",
                      "Parallel Aware": true,
                      "Relation Name": "movie_keyword",
                      "Alias": "mk",
                      "Startup Cost": 0.0,
                      "Total Cost": 42695.65,
                      "Plan Rows": 1051339,
                      "Plan Width": 4,
                      "Actual Startup Time": 0.034,
                      "Actual Total Time": 108.94,
                      "Actual Rows": 814703,
                      "Actual Loops": 4,
                      "Filter": "(keyword_id < 14138)",
                      "Rows Removed by Filter": 316280
                    },
                    {
                      "Node Type": "Hash",
                      "Parent Relationship": "Inner",
                      "Parallel Aware": true,
                      "Startup Cost": 42319.06,
                      "Total Cost": 42319.06,
                      "Plan Rows": 632106,
                      "Plan Width": 4,
                      "Actual Startup Time": 352.96,
                      "Actual Total Time": 352.961,
                      "Actual Rows": 632078,
                      "Actual Loops": 4,
                      "Hash Buckets": 4194304,
                      "Original Hash Buckets": 4194304,
                      "Hash Batches": 1,
                      "Original Hash Batches": 1,
                      "Peak Memory Usage": 131744,
                      "Plans": [
                        {
                          "Node Type": "Seq Scan",
                          "Parent Relationship": "Outer",
                          "Parallel Aware": true,
                          "Relation Name": "title",
                          "Alias": "t",
                          "Startup Cost": 0.0,
                          "Total Cost": 42319.06,
                          "Plan Rows": 632106,
                          "Plan Width": 4,
                          "Actual Startup Time": 0.05,
                          "Actual Total Time": 101.507,
                          "Actual Rows": 632078,
                          "Actual Loops": 4
                        }
                      ]
                    }
                  ]
                }
              ]
            }
          ]
        }
      ]
    },
    "Planning Time": 0.588,
    "Triggers": [],
    "Execution Time": 712.112
  }
]