[
  {
    "Plan": {
      "Node Type": "Aggregate",
      "Strategy": "Plain",
      "Partial Mode": "Finalize",
      "Parallel Aware": false,
      "Startup Cost": 63817.22,
      "Total Cost": 63817.23,
      "Plan Rows": 1,
      "Plan Width": 8,
      "Actual Startup Time": 61.075,
      "Actual Total Time": 64.564,
      "Actual Rows": 1,
      "Actual Loops": 1,
      "Plans": [
        {
          "Node Type": "Gather",
          "Parent Relationship": "Outer",
          "Parallel Aware": false,
          "Startup Cost": 63816.91,
          "Total Cost": 63817.22,
          "Plan Rows": 3,
          "Plan Width": 8,
          "Actual Startup Time": 60.665,
          "Actual Total Time": 64.556,
          "Actual Rows": 4,
          "Actual Loops": 1,
          "Workers Planned": 3,
          "Workers Launched": 3,
          "Single Copy": false,
          "Plans": [
            {
              "Node Type": "Aggregate",
              "Strategy": "Plain",
              "Partial Mode": "Partial",
              "Parent Relationship": "Outer",
              "Parallel Aware": false,
              "Startup Cost": 62816.91,
              "Total Cost": 62816.92,
              "Plan Rows": 1,
              "Plan Width": 8,
              "Actual Startup Time": 53.622,
              "Actual Total Time": 53.623,
              "Actual Rows": 1,
              "Actual Loops": 4,
              "Plans": [
                {
                  "Node Type": "Nested Loop",
                  "Parent Relationship": "Outer",
                  "Parallel Aware": false,
                  "Join Type": "Inner",
                  "Startup Cost": 1225.67,
                  "Total Cost": 62816.52,
                  "Plan Rows": 154,
                  "Plan Width": 0,
                  "Actual Startup Time": 3.775,
                  "Actual Total Time": 53.506,
                  "Actual Rows": 817,
                  "Actual Loops": 4,
                  "Inner Unique": true,
                  "Plans": [
                    {
                      "Node Type": "Bitmap Heap Scan",
                      "Parent Relationship": "Outer",
                      "Parallel Aware": true,
                      "Relation Name": "movie_companies",
                      "Alias": "mc",
                      "Startup Cost": 1225.24,
                      "Total Cost": 20289.79,
                      "Plan Rows": 9355,
                      "Plan Width": 4,
                      "Actual Startup Time": 2.716,
                      "Actual Total Time": 8.304,
                      "Actual Rows": 13989,
                      "Actual Loops": 4,
                      "Recheck Cond": "(company_id > 186830)",
                      "Rows Removed by Index Recheck": 0,
                      "Filter": "(company_type_id > 1)",
                      "Rows Removed by Filter": 0,
                      "Exact Heap Blocks": 733,
                      "Lossy Heap Blocks": 0,
                      "Plans": [
                        {
                          "Node Type": "Bitmap Index Scan",
                          "Parent Relationship": "Outer",
                          "Parallel Aware": false,
                          "Index Name": "company_id_movie_companies",
                          "Startup Cost": 0.0,
                          "Total Cost": 1217.99,
                          "Plan Rows": 56741,
                          "Plan Width": 0,
                          "Actual Startup Time": 7.0,
                          "Actual Total Time": 7.0,
                          "Actual Rows": 55957,
                          "Actual Loops": 1,
                          "Index Cond": "(company_id > 186830)"
                        }
                      ]
                    },
                    {
                      "Node Type": "Index Scan",
                      "Parent Relationship": "Inner",
                      "Parallel Aware": false,
                      "Scan Direction": "Forward",
                      "Index Name": "title_pkey",
                      "Relation Name": "title",
                      "Alias": "t",
                      "Startup Cost": 0.43,
                      "Total Cost": 4.55,
                      "Plan Rows": 1,
                      "Plan Width": 4,
                      "Actual Startup Time": 0.003,
                      "Actual Total Time": 0.003,
                      "Actual Rows": 0,
                      "Actual Loops": 55957,
                      "Index Cond": "(id = mc.movie_id)",
                      "Rows Removed by Index Recheck": 0,
                      "Filter": "((kind_id = 1) AND (production_year = 2011))",
                      "Rows Removed by Filter": 1
                    }
                  ]
                }
              ]
            }
          ]
        }
      ]
    },
    "Planning Time": 0.43,
    "Triggers": [],
    "Execution Time": 64.621
  }
]