{
  "Plan": {
    "Node Type": "Aggregate",
    "Strategy": "Plain",
    "Partial Mode": "Finalize",
    "Parallel Aware": false,
    "Startup Cost": 166135.08,
    "Total Cost": 166135.09,
    "Plan Rows": 1,
    "Plan Width": 8,
    "Actual Startup Time": 1411.281,
    "Actual Total Time": 1440.437,
    "Actual Rows": 1,
    "Actual Loops": 1,
    "Plans": [
      {
        "Node Type": "Gather",
        "Parent Relationship": "Outer",
        "Parallel Aware": false,
        "Startup Cost": 166134.97,
        "Total Cost": 166135.08,
        "Plan Rows": 1,
        "Plan Width": 8,
        "Actual Startup Time": 1404.41,
        "Actual Total Time": 1440.43,
        "Actual Rows": 2,
        "Actual Loops": 1,
        "Workers Planned": 1,
        "Workers Launched": 1,
        "Single Copy": false,
        "Plans": [
          {
            "Node Type": "Aggregate",
            "Strategy": "Plain",
            "Partial Mode": "Partial",
            "Parent Relationship": "Outer",
            "Parallel Aware": false,
            "Startup Cost": 165134.97,
            "Total Cost": 165134.98,
            "Plan Rows": 1,
            "Plan Width": 8,
            "Actual Startup Time": 1398.064,
            "Actual Total Time": 1398.071,
            "Actual Rows": 1,
            "Actual Loops": 2,
            "Plans": [
              {
                "Node Type": "Hash Join",
                "Parent Relationship": "Outer",
                "Parallel Aware": true,
                "Join Type": "Inner",
                "Startup Cost": 121495.66,
                "Total Cost": 164017.72,
                "Plan Rows": 446898,
                "Plan Width": 0,
                "Actual Startup Time": 862.543,
                "Actual Total Time": 1307.047,
                "Actual Rows": 2293679,
                "Actual Loops": 2,
                "Inner Unique": false,
                "Hash Cond": "(mc.movie_id = t.id)",
                "Plans": [
                  {
                    "Node Type": "Seq Scan",
                    "Parent Relationship": "Outer",
                    "Parallel Aware": true,
                    "Relation Name": "movie_companies",
                    "Alias": "mc",
                    "Startup Cost": 0.0,
                    "Total Cost": 34137.82,
                    "Plan Rows": 1534782,
                    "Plan Width": 4,
                    "Actual Startup Time": 0.019,
                    "Actual Total Time": 98.834,
                    "Actual Rows": 1304564,
                    "Actual Loops": 2
                  },
                  {
                    "Node Type": "Hash",
                    "Parent Relationship": "Inner",
                    "Parallel Aware": true,
                    "Startup Cost": 116082.51,
                    "Total Cost": 116082.51,
                    "Plan Rows": 433052,
                    "Plan Width": 8,
                    "Actual Startup Time": 853.641,
                    "Actual Total Time": 853.646,
                    "Actual Rows": 372378,
                    "Actual Loops": 2,
                    "Hash Buckets": 1048576,
                    "Original Hash Buckets": 1048576,
                    "Hash Batches": 1,
                    "Original Hash Batches": 1,
                    "Peak Memory Usage": 37344,
                    "Plans": [
                      {
                        "Node Type": "Hash Join",
                        "Parent Relationship": "Outer",
                        "Parallel Aware": true,
                        "Join Type": "Inner",
                        "Startup Cost": 85078.6,
                        "Total Cost": 116082.51,
                        "Plan Rows": 433052,
                        "Plan Width": 8,
                        "Actual Startup Time": 572.351,
                        "Actual Total Time": 765.737,
                        "Actual Rows": 372378,
                        "Actual Loops": 2,
                        "Inner Unique": true,
                        "Hash Cond": "(mk.movie_id = t.id)",
                        "Plans": [
                          {
                            "Node Type": "Bitmap Heap Scan",
                            "Parent Relationship": "Outer",
                            "Parallel Aware": true,
                            "Relation Name": "movie_keyword",
                            "Alias": "mk",
                            "Startup Cost": 15617.9,
                            "Total Cost": 45485.05,
                            "Plan Rows": 433052,
                            "Plan Width": 4,
                            "Actual Startup Time": 48.633,
                            "Actual Total Time": 129.326,
                            "Actual Rows": 372378,
                            "Actual Loops": 2,
                            "Recheck Cond": "(keyword_id < 679)",
                            "Rows Removed by Index Recheck": 0,
                            "Exact Heap Blocks": 13219,
                            "Lossy Heap Blocks": 0,
                            "Plans": [
                              {
                                "Node Type": "Bitmap Index Scan",
                                "Parent Relationship": "Outer",
                                "Parallel Aware": false,
                                "Index Name": "keyword_id_movie_keyword",
                                "Startup Cost": 0.0,
                                "Total Cost": 15433.85,
                                "Plan Rows": 736189,
                                "Plan Width": 0,
                                "Actual Startup Time": 44.986,
                                "Actual Total Time": 44.986,
                                "Actual Rows": 744757,
                                "Actual Loops": 1,
                                "Index Cond": "(keyword_id < 679)"
                              }
                            ]
                          },
                          {
                            "Node Type": "Hash",
                            "Parent Relationship": "Inner",
                            "Parallel Aware": true,
                            "Startup Cost": 50870.31,
                            "Total Cost": 50870.31,
                            "Plan Rows": 1487231,
                            "Plan Width": 4,
                            "Actual Startup Time": 508.476,
                            "Actual Total Time": 508.478,
                            "Actual Rows": 1264156,
                            "Actual Loops": 2,
                            "Hash Buckets": 4194304,
                            "Original Hash Buckets": 4194304,
                            "Hash Batches": 1,
                            "Original Hash Batches": 1,
                            "Peak Memory Usage": 131680,
                            "Plans": [
                              {
                                "Node Type": "Seq Scan",
                                "Parent Relationship": "Outer",
                                "Parallel Aware": true,
                                "Relation Name": "title",
                                "Alias": "t",
                                "Startup Cost": 0.0,
                                "Total Cost": 50870.31,
                                "Plan Rows": 1487231,
                                "Plan Width": 4,
                                "Actual Startup Time": 0.034,
                                "Actual Total Time": 154.28,
                                "Actual Rows": 1264156,
                                "Actual Loops": 2
                              }
                            ]
                          }
                        ]
                      }
                    ]
                  }
                ]
              }
            ]
          }
        ]
      }
    ]
  },
  "Planning Time": 1.058,
  "Triggers": [],
  "Execution Time": 1440.54
}