[
  {
    "Plan": {
      "Node Type": "Aggregate",
      "Strategy": "Plain",
      "Partial Mode": "Finalize",
      "Parallel Aware": false,
      "Startup Cost": 71893.14,
      "Total Cost": 71893.15,
      "Plan Rows": 1,
      "Plan Width": 8,
      "Actual Startup Time": 136.893,
      "Actual Total Time": 150.194,
      "Actual Rows": 1,
      "Actual Loops": 1,
      "Plans": [
        {
          "Node Type": "Gather",
          "Parent Relationship": "Outer",
          "Parallel Aware": false,
          "Startup Cost": 71892.72,
          "Total Cost": 71893.13,
          "Plan Rows": 4,
          "Plan Width": 8,
          "Actual Startup Time": 136.616,
          "Actual Total Time": 150.187,
          "Actual Rows": 5,
          "Actual Loops": 1,
          "Workers Planned": 4,
          "Workers Launched": 4,
          "Single Copy": false,
          "Plans": [
            {
              "Node Type": "Aggregate",
              "Strategy": "Plain",
              "Partial Mode": "Partial",
              "Parent Relationship": "Outer",
              "Parallel Aware": false,
              "Startup Cost": 70892.72,
              "Total Cost": 70892.73,
              "Plan Rows": 1,
              "Plan Width": 8,
              "Actual Startup Time": 126.867,
              "Actual Total Time": 126.87,
              "Actual Rows": 1,
              "Actual Loops": 5,
              "Plans": [
                {
                  "Node Type": "Hash Join",
                  "Parent Relationship": "Outer",
                  "Parallel Aware": true,
                  "Join Type": "Inner",
                  "Startup Cost": 45560.43,
                  "Total Cost": 70892.25,
                  "Plan Rows": 186,
                  "Plan Width": 0,
                  "Actual Startup Time": 92.627,
                  "Actual Total Time": 126.845,
                  "Actual Rows": 168,
                  "Actual Loops": 5,
                  "Inner Unique": true,
                  "Hash Cond": "(ci.movie_id = t.id)",
                  "Plans": [
                    {
                      "Node Type": "Index Scan",
                      "Parent Relationship": "Outer",
                      "Parallel Aware": true,
                      "Scan Direction": "Forward",
                      "Index Name": "role_id_cast_info",
                      "Relation Name": "cast_info",
                      "Alias": "ci",
                      "Startup Cost": 0.56,
                      "Total Cost": 25284.63,
                      "Plan Rows": 18196,
                      "Plan Width": 4,
                      "Actual Startup Time": 0.093,
                      "Actual Total Time": 32.821,
                      "Actual Rows": 7437,
                      "Actual Loops": 5,
                      "Index Cond": "(role_id = 5)",
                      "Rows Removed by Index Recheck": 0,
                      "Filter": "(person_id < 287585)",
                      "Rows Removed by Filter": 172241
                    },
                    {
                      "Node Type": "Hash",
                      "Parent Relationship": "Inner",
                      "Parallel Aware": true,
                      "Startup Cost": 45479.1,
                      "Total Cost": 45479.1,
                      "Plan Rows": 6461,
                      "Plan Width": 4,
                      "Actual Startup Time": 91.206,
                      "Actual Total Time": 91.207,
                      "Actual Rows": 4741,
                      "Actual Loops": 5,
                      "Hash Buckets": 32768,
                      "Original Hash Buckets": 32768,
                      "Hash Batches": 1,
                      "Original Hash Batches": 1,
                      "Peak Memory Usage": 1248,
                      "Plans": [
                        {
                          "Node Type": "Seq Scan",
                          "Parent Relationship": "Outer",
                          "Parallel Aware": true,
                          "Relation Name": "title",
                          "Alias": "t",
                          "Startup Cost": 0.0,
                          "Total Cost": 45479.1,
                          "Plan Rows": 6461,
                          "Plan Width": 4,
                          "Actual Startup Time": 0.856,
                          "Actual Total Time": 88.906,
                          "Actual Rows": 4741,
                          "Actual Loops": 5,
                          "Filter": "((kind_id < 7) AND (production_year = 2013))",
                          "Rows Removed by Filter": 500921
                        }
                      ]
                    }
                  ]
                }
              ]
            }
          ]
        }
      ]
    },
    "Planning Time": 0.695,
    "Triggers": [],
    "Execution Time": 150.281
  }
]