[
    {
        "Bao": {
            "Bao prediction": 1622.065,
            "Bao recommended hint": "SET enable_mergejoin TO off; SET enable_indexscan TO off; "
        }
    },
    {
        "Plan": {
            "Node Type": "Aggregate",
            "Strategy": "Plain",
            "Partial Mode": "Finalize",
            "Parallel Aware": false,
            "Startup Cost": 564033.98,
            "Total Cost": 564033.99,
            "Plan Rows": 1,
            "Plan Width": 128,
            "Actual Startup Time": 3590.504,
            "Actual Total Time": 3675.037,
            "Actual Rows": 1,
            "Actual Loops": 1,
            "Output": [
                "min(an.name)",
                "min(chn.name)",
                "min(n.name)",
                "min(t.title)"
            ],
            "Plans": [
                {
                    "Node Type": "Gather",
                    "Parent Relationship": "Outer",
                    "Parallel Aware": false,
                    "Startup Cost": 564033.64,
                    "Total Cost": 564033.95,
                    "Plan Rows": 3,
                    "Plan Width": 128,
                    "Actual Startup Time": 3580.61,
                    "Actual Total Time": 3675.021,
                    "Actual Rows": 4,
                    "Actual Loops": 1,
                    "Output": [
                        "(PARTIAL min(an.name))",
                        "(PARTIAL min(chn.name))",
                        "(PARTIAL min(n.name))",
                        "(PARTIAL min(t.title))"
                    ],
                    "Workers Planned": 3,
                    "Workers Launched": 3,
                    "Single Copy": false,
                    "Plans": [
                        {
                            "Node Type": "Aggregate",
                            "Strategy": "Plain",
                            "Partial Mode": "Partial",
                            "Parent Relationship": "Outer",
                            "Parallel Aware": false,
                            "Startup Cost": 563033.64,
                            "Total Cost": 563033.65,
                            "Plan Rows": 1,
                            "Plan Width": 128,
                            "Actual Startup Time": 3564.717,
                            "Actual Total Time": 3567.086,
                            "Actual Rows": 1,
                            "Actual Loops": 4,
                            "Output": [
                                "PARTIAL min(an.name)",
                                "PARTIAL min(chn.name)",
                                "PARTIAL min(n.name)",
                                "PARTIAL min(t.title)"
                            ],
                            "Workers": [
                                {
                                    "Worker Number": 0,
                                    "Actual Startup Time": 3559.117,
                                    "Actual Total Time": 3559.144,
                                    "Actual Rows": 1,
                                    "Actual Loops": 1
                                },
                                {
                                    "Worker Number": 1,
                                    "Actual Startup Time": 3561.946,
                                    "Actual Total Time": 3561.963,
                                    "Actual Rows": 1,
                                    "Actual Loops": 1
                                },
                                {
                                    "Worker Number": 2,
                                    "Actual Startup Time": 3559.208,
                                    "Actual Total Time": 3559.224,
                                    "Actual Rows": 1,
                                    "Actual Loops": 1
                                }
                            ],
                            "Plans": [
                                {
                                    "Node Type": "Hash Join",
                                    "Parent Relationship": "Outer",
                                    "Parallel Aware": true,
                                    "Join Type": "Inner",
                                    "Startup Cost": 547160.62,
                                    "Total Cost": 562568.05,
                                    "Plan Rows": 46559,
                                    "Plan Width": 64,
                                    "Actual Startup Time": 3436.074,
                                    "Actual Total Time": 3541.212,
                                    "Actual Rows": 224408,
                                    "Actual Loops": 4,
                                    "Output": [
                                        "an.name",
                                        "chn.name",
                                        "n.name",
                                        "t.title"
                                    ],
                                    "Inner Unique": false,
                                    "Hash Cond": "(an.person_id = n.id)",
                                    "Workers": [
                                        {
                                            "Worker Number": 0,
                                            "Actual Startup Time": 3430.447,
                                            "Actual Total Time": 3529.312,
                                            "Actual Rows": 256327,
                                            "Actual Loops": 1
                                        },
                                        {
                                            "Worker Number": 1,
                                            "Actual Startup Time": 3431.103,
                                            "Actual Total Time": 3540.566,
                                            "Actual Rows": 199642,
                                            "Actual Loops": 1
                                        },
                                        {
                                            "Worker Number": 2,
                                            "Actual Startup Time": 3428.953,
                                            "Actual Total Time": 3535.437,
                                            "Actual Rows": 199409,
                                            "Actual Loops": 1
                                        }
                                    ],
                                    "Plans": [
                                        {
                                            "Node Type": "Seq Scan",
                                            "Parent Relationship": "Outer",
                                            "Parallel Aware": true,
                                            "Relation Name": "aka_name",
                                            "Schema": "public",
                                            "Alias": "an",
                                            "Startup Cost": 0.0,
                                            "Total Cost": 14303.56,
                                            "Plan Rows": 290756,
                                            "Plan Width": 20,
                                            "Actual Startup Time": 0.018,
                                            "Actual Total Time": 24.81,
                                            "Actual Rows": 225336,
                                            "Actual Loops": 4,
                                            "Output": [
                                                "an.id",
                                                "an.person_id",
                                                "an.name",
                                                "an.imdb_index",
                                                "an.name_pcode_cf",
                                                "an.name_pcode_nf",
                                                "an.surname_pcode",
                                                "an.md5sum"
                                            ],
                                            "Workers": [
                                                {
                                                    "Worker Number": 0,
                                                    "Actual Startup Time": 0.015,
                                                    "Actual Total Time": 22.91,
                                                    "Actual Rows": 214999,
                                                    "Actual Loops": 1
                                                },
                                                {
                                                    "Worker Number": 1,
                                                    "Actual Startup Time": 0.015,
                                                    "Actual Total Time": 27.387,
                                                    "Actual Rows": 251807,
                                                    "Actual Loops": 1
                                                },
                                                {
                                                    "Worker Number": 2,
                                                    "Actual Startup Time": 0.022,
                                                    "Actual Total Time": 27.154,
                                                    "Actual Rows": 257383,
                                                    "Actual Loops": 1
                                                }
                                            ]
                                        },
                                        {
                                            "Node Type": "Hash",
                                            "Parent Relationship": "Inner",
                                            "Parallel Aware": true,
                                            "Startup Cost": 546918.07,
                                            "Total Cost": 546918.07,
                                            "Plan Rows": 19404,
                                            "Plan Width": 56,
                                            "Actual Startup Time": 3432.199,
                                            "Actual Total Time": 3434.565,
                                            "Actual Rows": 154109,
                                            "Actual Loops": 4,
                                            "Output": [
                                                "chn.name",
                                                "ci.person_id",
                                                "n.name",
                                                "n.id",
                                                "t.title"
                                            ],
                                            "Hash Buckets": 1048576,
                                            "Original Hash Buckets": 65536,
                                            "Hash Batches": 1,
                                            "Original Hash Batches": 1,
                                            "Peak Memory Usage": 72768,
                                            "Workers": [
                                                {
                                                    "Worker Number": 0,
                                                    "Actual Startup Time": 3428.39,
                                                    "Actual Total Time": 3428.416,
                                                    "Actual Rows": 157696,
                                                    "Actual Loops": 1
                                                },
                                                {
                                                    "Worker Number": 1,
                                                    "Actual Startup Time": 3428.383,
                                                    "Actual Total Time": 3428.398,
                                                    "Actual Rows": 158669,
                                                    "Actual Loops": 1
                                                },
                                                {
                                                    "Worker Number": 2,
                                                    "Actual Startup Time": 3428.355,
                                                    "Actual Total Time": 3428.368,
                                                    "Actual Rows": 157927,
                                                    "Actual Loops": 1
                                                }
                                            ],
                                            "Plans": [
                                                {
                                                    "Node Type": "Hash Join",
                                                    "Parent Relationship": "Outer",
                                                    "Parallel Aware": true,
                                                    "Join Type": "Inner",
                                                    "Startup Cost": 516306.35,
                                                    "Total Cost": 546918.07,
                                                    "Plan Rows": 19404,
                                                    "Plan Width": 56,
                                                    "Actual Startup Time": 3084.619,
                                                    "Actual Total Time": 3329.221,
                                                    "Actual Rows": 154109,
                                                    "Actual Loops": 4,
                                                    "Output": [
                                                        "chn.name",
                                                        "ci.person_id",
                                                        "n.name",
                                                        "n.id",
                                                        "t.title"
                                                    ],
                                                    "Inner Unique": false,
                                                    "Hash Cond": "(mc.movie_id = ci.movie_id)",
                                                    "Workers": [
                                                        {
                                                            "Worker Number": 0,
                                                            "Actual Startup Time": 3080.792,
                                                            "Actual Total Time": 3322.761,
                                                            "Actual Rows": 157696,
                                                            "Actual Loops": 1
                                                        },
                                                        {
                                                            "Worker Number": 1,
                                                            "Actual Startup Time": 3080.802,
                                                            "Actual Total Time": 3321.861,
                                                            "Actual Rows": 158669,
                                                            "Actual Loops": 1
                                                        },
                                                        {
                                                            "Worker Number": 2,
                                                            "Actual Startup Time": 3080.719,
                                                            "Actual Total Time": 3324.886,
                                                            "Actual Rows": 157927,
                                                            "Actual Loops": 1
                                                        }
                                                    ],
                                                    "Plans": [
                                                        {
                                                            "Node Type": "Hash Join",
                                                            "Parent Relationship": "Outer",
                                                            "Parallel Aware": true,
                                                            "Join Type": "Inner",
                                                            "Startup Cost": 5351.02,
                                                            "Total Cost": 34766.95,
                                                            "Plan Rows": 305940,
                                                            "Plan Width": 4,
                                                            "Actual Startup Time": 16.257,
                                                            "Actual Total Time": 178.996,
                                                            "Actual Rows": 288450,
                                                            "Actual Loops": 4,
                                                            "Output": [
                                                                "mc.movie_id"
                                                            ],
                                                            "Inner Unique": true,
                                                            "Hash Cond": "(mc.company_id = cn.id)",
                                                            "Workers": [
                                                                {
                                                                    "Worker Number": 0,
                                                                    "Actual Startup Time": 16.794,
                                                                    "Actual Total Time": 177.403,
                                                                    "Actual Rows": 291182,
                                                                    "Actual Loops": 1
                                                                },
                                                                {
                                                                    "Worker Number": 1,
                                                                    "Actual Startup Time": 16.32,
                                                                    "Actual Total Time": 174.815,
                                                                    "Actual Rows": 296553,
                                                                    "Actual Loops": 1
                                                                },
                                                                {
                                                                    "Worker Number": 2,
                                                                    "Actual Startup Time": 16.291,
                                                                    "Actual Total Time": 176.562,
                                                                    "Actual Rows": 297259,
                                                                    "Actual Loops": 1
                                                                }
                                                            ],
                                                            "Plans": [
                                                                {
                                                                    "Node Type": "Seq Scan",
                                                                    "Parent Relationship": "Outer",
                                                                    "Parallel Aware": true,
                                                                    "Relation Name": "movie_companies",
                                                                    "Schema": "public",
                                                                    "Alias": "mc",
                                                                    "Startup Cost": 0.0,
                                                                    "Total Cost": 27206.55,
                                                                    "Plan Rows": 841655,
                                                                    "Plan Width": 8,
                                                                    "Actual Startup Time": 0.027,
                                                                    "Actual Total Time": 60.415,
                                                                    "Actual Rows": 652282,
                                                                    "Actual Loops": 4,
                                                                    "Output": [
                                                                        "mc.id",
                                                                        "mc.movie_id",
                                                                        "mc.company_id",
                                                                        "mc.company_type_id",
                                                                        "mc.note"
                                                                    ],
                                                                    "Workers": [
                                                                        {
                                                                            "Worker Number": 0,
                                                                            "Actual Startup Time": 0.031,
                                                                            "Actual Total Time": 61.086,
                                                                            "Actual Rows": 656496,
                                                                            "Actual Loops": 1
                                                                        },
                                                                        {
                                                                            "Worker Number": 1,
                                                                            "Actual Startup Time": 0.036,
                                                                            "Actual Total Time": 58.815,
                                                                            "Actual Rows": 665780,
                                                                            "Actual Loops": 1
                                                                        },
                                                                        {
                                                                            "Worker Number": 2,
                                                                            "Actual Startup Time": 0.032,
                                                                            "Actual Total Time": 59.786,
                                                                            "Actual Rows": 677303,
                                                                            "Actual Loops": 1
                                                                        }
                                                                    ]
                                                                },
                                                                {
                                                                    "Node Type": "Hash",
                                                                    "Parent Relationship": "Inner",
                                                                    "Parallel Aware": true,
                                                                    "Startup Cost": 4722.92,
                                                                    "Total Cost": 4722.92,
                                                                    "Plan Rows": 50248,
                                                                    "Plan Width": 4,
                                                                    "Actual Startup Time": 15.591,
                                                                    "Actual Total Time": 15.592,
                                                                    "Actual Rows": 21211,
                                                                    "Actual Loops": 4,
                                                                    "Output": [
                                                                        "cn.id"
                                                                    ],
                                                                    "Hash Buckets": 131072,
                                                                    "Original Hash Buckets": 131072,
                                                                    "Hash Batches": 1,
                                                                    "Original Hash Batches": 1,
                                                                    "Peak Memory Usage": 4384,
                                                                    "Workers": [
                                                                        {
                                                                            "Worker Number": 0,
                                                                            "Actual Startup Time": 14.727,
                                                                            "Actual Total Time": 14.728,
                                                                            "Actual Rows": 21991,
                                                                            "Actual Loops": 1
                                                                        },
                                                                        {
                                                                            "Worker Number": 1,
                                                                            "Actual Startup Time": 16.029,
                                                                            "Actual Total Time": 16.029,
                                                                            "Actual Rows": 21968,
                                                                            "Actual Loops": 1
                                                                        },
                                                                        {
                                                                            "Worker Number": 2,
                                                                            "Actual Startup Time": 16.215,
                                                                            "Actual Total Time": 16.216,
                                                                            "Actual Rows": 22101,
                                                                            "Actual Loops": 1
                                                                        }
                                                                    ],
                                                                    "Plans": [
                                                                        {
                                                                            "Node Type": "Seq Scan",
                                                                            "Parent Relationship": "Outer",
                                                                            "Parallel Aware": true,
                                                                            "Relation Name": "company_name",
                                                                            "Schema": "public",
                                                                            "Alias": "cn",
                                                                            "Startup Cost": 0.0,
                                                                            "Total Cost": 4722.92,
                                                                            "Plan Rows": 50248,
                                                                            "Plan Width": 4,
                                                                            "Actual Startup Time": 0.024,
                                                                            "Actual Total Time": 9.367,
                                                                            "Actual Rows": 21211,
                                                                            "Actual Loops": 4,
                                                                            "Output": [
                                                                                "cn.id"
                                                                            ],
                                                                            "Filter": "((cn.country_code)::text = '[us]'::text)",
                                                                            "Rows Removed by Filter": 37538,
                                                                            "Workers": [
                                                                                {
                                                                                    "Worker Number": 0,
                                                                                    "Actual Startup Time": 0.029,
                                                                                    "Actual Total Time": 9.535,
                                                                                    "Actual Rows": 21991,
                                                                                    "Actual Loops": 1
                                                                                },
                                                                                {
                                                                                    "Worker Number": 1,
                                                                                    "Actual Startup Time": 0.023,
                                                                                    "Actual Total Time": 9.471,
                                                                                    "Actual Rows": 21968,
                                                                                    "Actual Loops": 1
                                                                                },
                                                                                {
                                                                                    "Worker Number": 2,
                                                                                    "Actual Startup Time": 0.027,
                                                                                    "Actual Total Time": 9.5,
                                                                                    "Actual Rows": 22101,
                                                                                    "Actual Loops": 1
                                                                                }
                                                                            ]
                                                                        }
                                                                    ]
                                                                }
                                                            ]
                                                        },
                                                        {
                                                            "Node Type": "Hash",
                                                            "Parent Relationship": "Inner",
                                                            "Parallel Aware": true,
                                                            "Startup Cost": 510749.67,
                                                            "Total Cost": 510749.67,
                                                            "Plan Rows": 16453,
                                                            "Plan Width": 64,
                                                            "Actual Startup Time": 3067.158,
                                                            "Actual Total Time": 3067.172,
                                                            "Actual Rows": 90368,
                                                            "Actual Loops": 4,
                                                            "Output": [
                                                                "chn.name",
                                                                "ci.movie_id",
                                                                "ci.person_id",
                                                                "n.name",
                                                                "n.id",
                                                                "t.title",
                                                                "t.id"
                                                            ],
                                                            "Hash Buckets": 524288,
                                                            "Original Hash Buckets": 131072,
                                                            "Hash Batches": 1,
                                                            "Original Hash Batches": 1,
                                                            "Peak Memory Usage": 43840,
                                                            "Workers": [
                                                                {
                                                                    "Worker Number": 0,
                                                                    "Actual Startup Time": 3063.846,
                                                                    "Actual Total Time": 3063.866,
                                                                    "Actual Rows": 95015,
                                                                    "Actual Loops": 1
                                                                },
                                                                {
                                                                    "Worker Number": 1,
                                                                    "Actual Startup Time": 3063.958,
                                                                    "Actual Total Time": 3063.969,
                                                                    "Actual Rows": 96855,
                                                                    "Actual Loops": 1
                                                                },
                                                                {
                                                                    "Worker Number": 2,
                                                                    "Actual Startup Time": 3064.039,
                                                                    "Actual Total Time": 3064.048,
                                                                    "Actual Rows": 96995,
                                                                    "Actual Loops": 1
                                                                }
                                                            ],
                                                            "Plans": [
                                                                {
                                                                    "Node Type": "Hash Join",
                                                                    "Parent Relationship": "Outer",
                                                                    "Parallel Aware": true,
                                                                    "Join Type": "Inner",
                                                                    "Startup Cost": 466032.79,
                                                                    "Total Cost": 510749.67,
                                                                    "Plan Rows": 16453,
                                                                    "Plan Width": 64,
                                                                    "Actual Startup Time": 2740.677,
                                                                    "Actual Total Time": 2990.803,
                                                                    "Actual Rows": 90368,
                                                                    "Actual Loops": 4,
                                                                    "Output": [
                                                                        "chn.name",
                                                                        "ci.movie_id",
                                                                        "ci.person_id",
                                                                        "n.name",
                                                                        "n.id",
                                                                        "t.title",
                                                                        "t.id"
                                                                    ],
                                                                    "Inner Unique": false,
                                                                    "Hash Cond": "(t.id = ci.movie_id)",
                                                                    "Workers": [
                                                                        {
                                                                            "Worker Number": 0,
                                                                            "Actual Startup Time": 2737.438,
                                                                            "Actual Total Time": 2987.683,
                                                                            "Actual Rows": 95015,
                                                                            "Actual Loops": 1
                                                                        },
                                                                        {
                                                                            "Worker Number": 1,
                                                                            "Actual Startup Time": 2737.428,
                                                                            "Actual Total Time": 2986.6,
                                                                            "Actual Rows": 96855,
                                                                            "Actual Loops": 1
                                                                        },
                                                                        {
                                                                            "Worker Number": 2,
                                                                            "Actual Startup Time": 2737.478,
                                                                            "Actual Total Time": 2987.025,
                                                                            "Actual Rows": 96995,
                                                                            "Actual Loops": 1
                                                                        }
                                                                    ],
                                                                    "Plans": [
                                                                        {
                                                                            "Node Type": "Seq Scan",
                                                                            "Parent Relationship": "Outer",
                                                                            "Parallel Aware": true,
                                                                            "Relation Name": "title",
                                                                            "Schema": "public",
                                                                            "Alias": "t",
                                                                            "Startup Cost": 0.0,
                                                                            "Total Cost": 42319.06,
                                                                            "Plan Rows": 632106,
                                                                            "Plan Width": 21,
                                                                            "Actual Startup Time": 0.041,
                                                                            "Actual Total Time": 82.854,
                                                                            "Actual Rows": 632078,
                                                                            "Actual Loops": 4,
                                                                            "Output": [
                                                                                "t.id",
                                                                                "t.title",
                                                                                "t.imdb_index",
                                                                                "t.kind_id",
                                                                                "t.production_year",
                                                                                "t.imdb_id",
                                                                                "t.phonetic_code",
                                                                                "t.episode_of_id",
                                                                                "t.season_nr",
                                                                                "t.episode_nr",
                                                                                "t.series_years",
                                                                                "t.md5sum"
                                                                            ],
                                                                            "Workers": [
                                                                                {
                                                                                    "Worker Number": 0,
                                                                                    "Actual Startup Time": 0.056,
                                                                                    "Actual Total Time": 83.837,
                                                                                    "Actual Rows": 664171,
                                                                                    "Actual Loops": 1
                                                                                },
                                                                                {
                                                                                    "Worker Number": 1,
                                                                                    "Actual Startup Time": 0.04,
                                                                                    "Actual Total Time": 80.909,
                                                                                    "Actual Rows": 675589,
                                                                                    "Actual Loops": 1
                                                                                },
                                                                                {
                                                                                    "Worker Number": 2,
                                                                                    "Actual Startup Time": 0.036,
                                                                                    "Actual Total Time": 80.977,
                                                                                    "Actual Rows": 676945,
                                                                                    "Actual Loops": 1
                                                                                }
                                                                            ]
                                                                        },
                                                                        {
                                                                            "Node Type": "Hash",
                                                                            "Parent Relationship": "Inner",
                                                                            "Parallel Aware": true,
                                                                            "Startup Cost": 465895.68,
                                                                            "Total Cost": 465895.68,
                                                                            "Plan Rows": 10969,
                                                                            "Plan Width": 43,
                                                                            "Actual Startup Time": 2739.867,
                                                                            "Actual Total Time": 2739.877,
                                                                            "Actual Rows": 90368,
                                                                            "Actual Loops": 4,
                                                                            "Output": [
                                                                                "chn.name",
                                                                                "ci.movie_id",
                                                                                "ci.person_id",
                                                                                "n.name",
                                                                                "n.id"
                                                                            ],
                                                                            "Hash Buckets": 524288,
                                                                            "Original Hash Buckets": 131072,
                                                                            "Hash Batches": 1,
                                                                            "Original Hash Batches": 1,
                                                                            "Peak Memory Usage": 34464,
                                                                            "Workers": [
                                                                                {
                                                                                    "Worker Number": 0,
                                                                                    "Actual Startup Time": 2737.252,
                                                                                    "Actual Total Time": 2737.27,
                                                                                    "Actual Rows": 89467,
                                                                                    "Actual Loops": 1
                                                                                },
                                                                                {
                                                                                    "Worker Number": 1,
                                                                                    "Actual Startup Time": 2737.291,
                                                                                    "Actual Total Time": 2737.298,
                                                                                    "Actual Rows": 91894,
                                                                                    "Actual Loops": 1
                                                                                },
                                                                                {
                                                                                    "Worker Number": 2,
                                                                                    "Actual Startup Time": 2737.371,
                                                                                    "Actual Total Time": 2737.378,
                                                                                    "Actual Rows": 96412,
                                                                                    "Actual Loops": 1
                                                                                }
                                                                            ],
                                                                            "Plans": [
                                                                                {
                                                                                    "Node Type": "Nested Loop",
                                                                                    "Parent Relationship": "Outer",
                                                                                    "Parallel Aware": false,
                                                                                    "Join Type": "Inner",
                                                                                    "Startup Cost": 71666.29,
                                                                                    "Total Cost": 465895.68,
                                                                                    "Plan Rows": 10969,
                                                                                    "Plan Width": 43,
                                                                                    "Actual Startup Time": 857.055,
                                                                                    "Actual Total Time": 2628.205,
                                                                                    "Actual Rows": 90368,
                                                                                    "Actual Loops": 4,
                                                                                    "Output": [
                                                                                        "chn.name",
                                                                                        "ci.movie_id",
                                                                                        "ci.person_id",
                                                                                        "n.name",
                                                                                        "n.id"
                                                                                    ],
                                                                                    "Inner Unique": true,
                                                                                    "Workers": [
                                                                                        {
                                                                                            "Worker Number": 0,
                                                                                            "Actual Startup Time": 854.443,
                                                                                            "Actual Total Time": 2629.584,
                                                                                            "Actual Rows": 89467,
                                                                                            "Actual Loops": 1
                                                                                        },
                                                                                        {
                                                                                            "Worker Number": 1,
                                                                                            "Actual Startup Time": 854.39,
                                                                                            "Actual Total Time": 2626.016,
                                                                                            "Actual Rows": 91894,
                                                                                            "Actual Loops": 1
                                                                                        },
                                                                                        {
                                                                                            "Worker Number": 2,
                                                                                            "Actual Startup Time": 854.517,
                                                                                            "Actual Total Time": 2625.05,
                                                                                            "Actual Rows": 96412,
                                                                                            "Actual Loops": 1
                                                                                        }
                                                                                    ],
                                                                                    "Plans": [
                                                                                        {
                                                                                            "Node Type": "Hash Join",
                                                                                            "Parent Relationship": "Outer",
                                                                                            "Parallel Aware": false,
                                                                                            "Join Type": "Inner",
                                                                                            "Startup Cost": 71665.84,
                                                                                            "Total Cost": 416935.75,
                                                                                            "Plan Rows": 10969,
                                                                                            "Plan Width": 31,
                                                                                            "Actual Startup Time": 856.894,
                                                                                            "Actual Total Time": 1841.909,
                                                                                            "Actual Rows": 97579,
                                                                                            "Actual Loops": 4,
                                                                                            "Output": [
                                                                                                "ci.movie_id",
                                                                                                "ci.person_id",
                                                                                                "ci.person_role_id",
                                                                                                "n.name",
                                                                                                "n.id"
                                                                                            ],
                                                                                            "Inner Unique": true,
                                                                                            "Hash Cond": "(ci.role_id = rt.id)",
                                                                                            "Workers": [
                                                                                                {
                                                                                                    "Worker Number": 0,
                                                                                                    "Actual Startup Time": 854.253,
                                                                                                    "Actual Total Time": 1838.146,
                                                                                                    "Actual Rows": 96533,
                                                                                                    "Actual Loops": 1
                                                                                                },
                                                                                                {
                                                                                                    "Worker Number": 1,
                                                                                                    "Actual Startup Time": 854.271,
                                                                                                    "Actual Total Time": 1839.731,
                                                                                                    "Actual Rows": 99545,
                                                                                                    "Actual Loops": 1
                                                                                                },
                                                                                                {
                                                                                                    "Worker Number": 2,
                                                                                                    "Actual Startup Time": 854.34,
                                                                                                    "Actual Total Time": 1842.188,
                                                                                                    "Actual Rows": 103854,
                                                                                                    "Actual Loops": 1
                                                                                                }
                                                                                            ],
                                                                                            "Plans": [
                                                                                                {
                                                                                                    "Node Type": "Hash Join",
                                                                                                    "Parent Relationship": "Outer",
                                                                                                    "Parallel Aware": true,
                                                                                                    "Join Type": "Inner",
                                                                                                    "Startup Cost": 71664.68,
                                                                                                    "Total Cost": 416467.04,
                                                                                                    "Plan Rows": 131626,
                                                                                                    "Plan Width": 35,
                                                                                                    "Actual Startup Time": 856.736,
                                                                                                    "Actual Total Time": 1804.876,
                                                                                                    "Actual Rows": 138448,
                                                                                                    "Actual Loops": 4,
                                                                                                    "Output": [
                                                                                                        "ci.movie_id",
                                                                                                        "ci.role_id",
                                                                                                        "ci.person_id",
                                                                                                        "ci.person_role_id",
                                                                                                        "n.name",
                                                                                                        "n.id"
                                                                                                    ],
                                                                                                    "Inner Unique": true,
                                                                                                    "Hash Cond": "(ci.person_id = n.id)",
                                                                                                    "Workers": [
                                                                                                        {
                                                                                                            "Worker Number": 0,
                                                                                                            "Actual Startup Time": 854.087,
                                                                                                            "Actual Total Time": 1800.105,
                                                                                                            "Actual Rows": 139292,
                                                                                                            "Actual Loops": 1
                                                                                                        },
                                                                                                        {
                                                                                                            "Worker Number": 1,
                                                                                                            "Actual Startup Time": 854.102,
                                                                                                            "Actual Total Time": 1802.696,
                                                                                                            "Actual Rows": 144598,
                                                                                                            "Actual Loops": 1
                                                                                                        },
                                                                                                        {
                                                                                                            "Worker Number": 2,
                                                                                                            "Actual Startup Time": 854.168,
                                                                                                            "Actual Total Time": 1804.875,
                                                                                                            "Actual Rows": 150313,
                                                                                                            "Actual Loops": 1
                                                                                                        }
                                                                                                    ],
                                                                                                    "Plans": [
                                                                                                        {
                                                                                                            "Node Type": "Seq Scan",
                                                                                                            "Parent Relationship": "Outer",
                                                                                                            "Parallel Aware": true,
                                                                                                            "Relation Name": "cast_info",
                                                                                                            "Schema": "public",
                                                                                                            "Alias": "ci",
                                                                                                            "Startup Cost": 0.0,
                                                                                                            "Total Cost": 343316.27,
                                                                                                            "Plan Rows": 566131,
                                                                                                            "Plan Width": 16,
                                                                                                            "Actual Startup Time": 0.024,
                                                                                                            "Actual Total Time": 1260.087,
                                                                                                            "Actual Rows": 868615,
                                                                                                            "Actual Loops": 4,
                                                                                                            "Output": [
                                                                                                                "ci.id",
                                                                                                                "ci.person_id",
                                                                                                                "ci.movie_id",
                                                                                                                "ci.person_role_id",
                                                                                                                "ci.note",
                                                                                                                "ci.nr_order",
                                                                                                                "ci.role_id"
                                                                                                            ],
                                                                                                            "Filter": "(ci.note = ANY ('{(producer),(voice),(writer),(uncredited)}'::text[]))",
                                                                                                            "Rows Removed by Filter": 8192471,
                                                                                                            "Workers": [
                                                                                                                {
                                                                                                                    "Worker Number": 0,
                                                                                                                    "Actual Startup Time": 0.025,
                                                                                                                    "Actual Total Time": 1257.022,
                                                                                                                    "Actual Rows": 888893,
                                                                                                                    "Actual Loops": 1
                                                                                                                },
                                                                                                                {
                                                                                                                    "Worker Number": 1,
                                                                                                                    "Actual Startup Time": 0.015,
                                                                                                                    "Actual Total Time": 1258.801,
                                                                                                                    "Actual Rows": 941774,
                                                                                                                    "Actual Loops": 1
                                                                                                                },
                                                                                                                {
                                                                                                                    "Worker Number": 2,
                                                                                                                    "Actual Startup Time": 0.019,
                                                                                                                    "Actual Total Time": 1262.194,
                                                                                                                    "Actual Rows": 951956,
                                                                                                                    "Actual Loops": 1
                                                                                                                }
                                                                                                            ]
                                                                                                        },
                                                                                                        {
                                                                                                            "Node Type": "Hash",
                                                                                                            "Parent Relationship": "Inner",
                                                                                                            "Parallel Aware": true,
                                                                                                            "Startup Cost": 68636.68,
                                                                                                            "Total Cost": 68636.68,
                                                                                                            "Plan Rows": 242240,
                                                                                                            "Plan Width": 19,
                                                                                                            "Actual Startup Time": 351.059,
                                                                                                            "Actual Total Time": 351.06,
                                                                                                            "Actual Rows": 240389,
                                                                                                            "Actual Loops": 4,
                                                                                                            "Output": [
                                                                                                                "n.name",
                                                                                                                "n.id"
                                                                                                            ],
                                                                                                            "Hash Buckets": 1048576,
                                                                                                            "Original Hash Buckets": 1048576,
                                                                                                            "Hash Batches": 1,
                                                                                                            "Original Hash Batches": 1,
                                                                                                            "Peak Memory Usage": 60576,
                                                                                                            "Workers": [
                                                                                                                {
                                                                                                                    "Worker Number": 0,
                                                                                                                    "Actual Startup Time": 352.192,
                                                                                                                    "Actual Total Time": 352.193,
                                                                                                                    "Actual Rows": 242957,
                                                                                                                    "Actual Loops": 1
                                                                                                                },
                                                                                                                {
                                                                                                                    "Worker Number": 1,
                                                                                                                    "Actual Startup Time": 352.178,
                                                                                                                    "Actual Total Time": 352.18,
                                                                                                                    "Actual Rows": 245324,
                                                                                                                    "Actual Loops": 1
                                                                                                                },
                                                                                                                {
                                                                                                                    "Worker Number": 2,
                                                                                                                    "Actual Startup Time": 352.238,
                                                                                                                    "Actual Total Time": 352.239,
                                                                                                                    "Actual Rows": 245721,
                                                                                                                    "Actual Loops": 1
                                                                                                                }
                                                                                                            ],
                                                                                                            "Plans": [
                                                                                                                {
                                                                                                                    "Node Type": "Seq Scan",
                                                                                                                    "Parent Relationship": "Outer",
                                                                                                                    "Parallel Aware": true,
                                                                                                                    "Relation Name": "name",
                                                                                                                    "Schema": "public",
                                                                                                                    "Alias": "n",
                                                                                                                    "Startup Cost": 0.0,
                                                                                                                    "Total Cost": 68636.68,
                                                                                                                    "Plan Rows": 242240,
                                                                                                                    "Plan Width": 19,
                                                                                                                    "Actual Startup Time": 96.543,
                                                                                                                    "Actual Total Time": 223.585,
                                                                                                                    "Actual Rows": 240389,
                                                                                                                    "Actual Loops": 4,
                                                                                                                    "Output": [
                                                                                                                        "n.name",
                                                                                                                        "n.id"
                                                                                                                    ],
                                                                                                                    "Filter": "((n.gender)::text = 'f'::text)",
                                                                                                                    "Rows Removed by Filter": 801484,
                                                                                                                    "Workers": [
                                                                                                                        {
                                                                                                                            "Worker Number": 0,
                                                                                                                            "Actual Startup Time": 96.478,
                                                                                                                            "Actual Total Time": 224.393,
                                                                                                                            "Actual Rows": 242957,
                                                                                                                            "Actual Loops": 1
                                                                                                                        },
                                                                                                                        {
                                                                                                                            "Worker Number": 1,
                                                                                                                            "Actual Startup Time": 96.491,
                                                                                                                            "Actual Total Time": 223.976,
                                                                                                                            "Actual Rows": 245324,
                                                                                                                            "Actual Loops": 1
                                                                                                                        },
                                                                                                                        {
                                                                                                                            "Worker Number": 2,
                                                                                                                            "Actual Startup Time": 96.544,
                                                                                                                            "Actual Total Time": 223.922,
                                                                                                                            "Actual Rows": 245721,
                                                                                                                            "Actual Loops": 1
                                                                                                                        }
                                                                                                                    ]
                                                                                                                }
                                                                                                            ]
                                                                                                        }
                                                                                                    ]
                                                                                                },
                                                                                                {
                                                                                                    "Node Type": "Hash",
                                                                                                    "Parent Relationship": "Inner",
                                                                                                    "Parallel Aware": false,
                                                                                                    "Startup Cost": 1.15,
                                                                                                    "Total Cost": 1.15,
                                                                                                    "Plan Rows": 1,
                                                                                                    "Plan Width": 4,
                                                                                                    "Actual Startup Time": 0.096,
                                                                                                    "Actual Total Time": 0.097,
                                                                                                    "Actual Rows": 1,
                                                                                                    "Actual Loops": 4,
                                                                                                    "Output": [
                                                                                                        "rt.id"
                                                                                                    ],
                                                                                                    "Hash Buckets": 1024,
                                                                                                    "Original Hash Buckets": 1024,
                                                                                                    "Hash Batches": 1,
                                                                                                    "Original Hash Batches": 1,
                                                                                                    "Peak Memory Usage": 9,
                                                                                                    "Workers": [
                                                                                                        {
                                                                                                            "Worker Number": 0,
                                                                                                            "Actual Startup Time": 0.106,
                                                                                                            "Actual Total Time": 0.107,
                                                                                                            "Actual Rows": 1,
                                                                                                            "Actual Loops": 1
                                                                                                        },
                                                                                                        {
                                                                                                            "Worker Number": 1,
                                                                                                            "Actual Startup Time": 0.108,
                                                                                                            "Actual Total Time": 0.109,
                                                                                                            "Actual Rows": 1,
                                                                                                            "Actual Loops": 1
                                                                                                        },
                                                                                                        {
                                                                                                            "Worker Number": 2,
                                                                                                            "Actual Startup Time": 0.112,
                                                                                                            "Actual Total Time": 0.113,
                                                                                                            "Actual Rows": 1,
                                                                                                            "Actual Loops": 1
                                                                                                        }
                                                                                                    ],
                                                                                                    "Plans": [
                                                                                                        {
                                                                                                            "Node Type": "Seq Scan",
                                                                                                            "Parent Relationship": "Outer",
                                                                                                            "Parallel Aware": false,
                                                                                                            "Relation Name": "role_type",
                                                                                                            "Schema": "public",
                                                                                                            "Alias": "rt",
                                                                                                            "Startup Cost": 0.0,
                                                                                                            "Total Cost": 1.15,
                                                                                                            "Plan Rows": 1,
                                                                                                            "Plan Width": 4,
                                                                                                            "Actual Startup Time": 0.068,
                                                                                                            "Actual Total Time": 0.074,
                                                                                                            "Actual Rows": 1,
                                                                                                            "Actual Loops": 4,
                                                                                                            "Output": [
                                                                                                                "rt.id"
                                                                                                            ],
                                                                                                            "Filter": "((rt.role)::text = 'actress'::text)",
                                                                                                            "Rows Removed by Filter": 11,
                                                                                                            "Workers": [
                                                                                                                {
                                                                                                                    "Worker Number": 0,
                                                                                                                    "Actual Startup Time": 0.079,
                                                                                                                    "Actual Total Time": 0.084,
                                                                                                                    "Actual Rows": 1,
                                                                                                                    "Actual Loops": 1
                                                                                                                },
                                                                                                                {
                                                                                                                    "Worker Number": 1,
                                                                                                                    "Actual Startup Time": 0.08,
                                                                                                                    "Actual Total Time": 0.085,
                                                                                                                    "Actual Rows": 1,
                                                                                                                    "Actual Loops": 1
                                                                                                                },
                                                                                                                {
                                                                                                                    "Worker Number": 2,
                                                                                                                    "Actual Startup Time": 0.085,
                                                                                                                    "Actual Total Time": 0.09,
                                                                                                                    "Actual Rows": 1,
                                                                                                                    "Actual Loops": 1
                                                                                                                }
                                                                                                            ]
                                                                                                        }
                                                                                                    ]
                                                                                                }
                                                                                            ]
                                                                                        },
                                                                                        {
                                                                                            "Node Type": "Bitmap Heap Scan",
                                                                                            "Parent Relationship": "Inner",
                                                                                            "Parallel Aware": false,
                                                                                            "Relation Name": "char_name",
                                                                                            "Schema": "public",
                                                                                            "Alias": "chn",
                                                                                            "Startup Cost": 0.45,
                                                                                            "Total Cost": 4.46,
                                                                                            "Plan Rows": 1,
                                                                                            "Plan Width": 20,
                                                                                            "Actual Startup Time": 0.005,
                                                                                            "Actual Total Time": 0.005,
                                                                                            "Actual Rows": 1,
                                                                                            "Actual Loops": 390317,
                                                                                            "Output": [
                                                                                                "chn.id",
                                                                                                "chn.name",
                                                                                                "chn.imdb_index",
                                                                                                "chn.imdb_id",
                                                                                                "chn.name_pcode_nf",
                                                                                                "chn.surname_pcode",
                                                                                                "chn.md5sum"
                                                                                            ],
                                                                                            "Recheck Cond": "(chn.id = ci.person_role_id)",
                                                                                            "Rows Removed by Index Recheck": 0,
                                                                                            "Exact Heap Blocks": 83699,
                                                                                            "Lossy Heap Blocks": 0,
                                                                                            "Workers": [
                                                                                                {
                                                                                                    "Worker Number": 0,
                                                                                                    "Actual Startup Time": 0.005,
                                                                                                    "Actual Total Time": 0.005,
                                                                                                    "Actual Rows": 1,
                                                                                                    "Actual Loops": 96533
                                                                                                },
                                                                                                {
                                                                                                    "Worker Number": 1,
                                                                                                    "Actual Startup Time": 0.005,
                                                                                                    "Actual Total Time": 0.005,
                                                                                                    "Actual Rows": 1,
                                                                                                    "Actual Loops": 99545
                                                                                                },
                                                                                                {
                                                                                                    "Worker Number": 2,
                                                                                                    "Actual Startup Time": 0.005,
                                                                                                    "Actual Total Time": 0.005,
                                                                                                    "Actual Rows": 1,
                                                                                                    "Actual Loops": 103854
                                                                                                }
                                                                                            ],
                                                                                            "Plans": [
                                                                                                {
                                                                                                    "Node Type": "Bitmap Index Scan",
                                                                                                    "Parent Relationship": "Outer",
                                                                                                    "Parallel Aware": false,
                                                                                                    "Index Name": "char_name_pkey",
                                                                                                    "Startup Cost": 0.0,
                                                                                                    "Total Cost": 0.45,
                                                                                                    "Plan Rows": 1,
                                                                                                    "Plan Width": 0,
                                                                                                    "Actual Startup Time": 0.003,
                                                                                                    "Actual Total Time": 0.003,
                                                                                                    "Actual Rows": 1,
                                                                                                    "Actual Loops": 390317,
                                                                                                    "Index Cond": "(chn.id = ci.person_role_id)",
                                                                                                    "Workers": [
                                                                                                        {
                                                                                                            "Worker Number": 0,
                                                                                                            "Actual Startup Time": 0.003,
                                                                                                            "Actual Total Time": 0.003,
                                                                                                            "Actual Rows": 1,
                                                                                                            "Actual Loops": 96533
                                                                                                        },
                                                                                                        {
                                                                                                            "Worker Number": 1,
                                                                                                            "Actual Startup Time": 0.003,
                                                                                                            "Actual Total Time": 0.003,
                                                                                                            "Actual Rows": 1,
                                                                                                            "Actual Loops": 99545
                                                                                                        },
                                                                                                        {
                                                                                                            "Worker Number": 2,
                                                                                                            "Actual Startup Time": 0.003,
                                                                                                            "Actual Total Time": 0.003,
                                                                                                            "Actual Rows": 1,
                                                                                                            "Actual Loops": 103854
                                                                                                        }
                                                                                                    ]
                                                                                                }
                                                                                            ]
                                                                                        }
                                                                                    ]
                                                                                }
                                                                            ]
                                                                        }
                                                                    ]
                                                                }
                                                            ]
                                                        }
                                                    ]
                                                }
                                            ]
                                        }
                                    ]
                                }
                            ]
                        }
                    ]
                }
            ]
        },
        "Planning Time": 1382.029,
        "Triggers": [],
        "Execution Time": 3676.076
    }
]