[
  {
    "Plan": {
      "Node Type": "Aggregate",
      "Strategy": "Plain",
      "Partial Mode": "Finalize",
      "Parallel Aware": false,
      "Startup Cost": 355367.18,
      "Total Cost": 355367.2,
      "Plan Rows": 1,
      "Plan Width": 8,
      "Actual Startup Time": 888.77,
      "Actual Total Time": 946.188,
      "Actual Rows": 1,
      "Actual Loops": 1,
      "Plans": [
        {
          "Node Type": "Gather",
          "Parent Relationship": "Outer",
          "Parallel Aware": false,
          "Startup Cost": 355366.56,
          "Total Cost": 355367.17,
          "Plan Rows": 6,
          "Plan Width": 8,
          "Actual Startup Time": 888.626,
          "Actual Total Time": 946.17,
          "Actual Rows": 7,
          "Actual Loops": 1,
          "Workers Planned": 6,
          "Workers Launched": 6,
          "Single Copy": false,
          "Plans": [
            {
              "Node Type": "Aggregate",
              "Strategy": "Plain",
              "Partial Mode": "Partial",
              "Parent Relationship": "Outer",
              "Parallel Aware": false,
              "Startup Cost": 354366.56,
              "Total Cost": 354366.57,
              "Plan Rows": 1,
              "Plan Width": 8,
              "Actual Startup Time": 882.055,
              "Actual Total Time": 882.059,
              "Actual Rows": 1,
              "Actual Loops": 7,
              "Plans": [
                {
                  "Node Type": "Seq Scan",
                  "Parent Relationship": "Outer",
                  "Parallel Aware": true,
                  "Relation Name": "cast_info",
                  "Alias": "ci",
                  "Startup Cost": 0.0,
                  "Total Cost": 343316.27,
                  "Plan Rows": 4420116,
                  "Plan Width": 0,
                  "Actual Startup Time": 38.925,
                  "Actual Total Time": 713.265,
                  "Actual Rows": 3739574,
                  "Actual Loops": 7,
                  "Filter": "((person_id > 285345) AND (role_id < 8))",
                  "Rows Removed by Filter": 1438190
                }
              ]
            }
          ]
        }
      ]
    },
    "Planning Time": 0.104,
    "Triggers": [],
    "Execution Time": 946.235
  }
]