{
  "Plan": {
    "Node Type": "Aggregate",
    "Strategy": "Plain",
    "Partial Mode": "Finalize",
    "Parallel Aware": false,
    "Startup Cost": 119642.69,
    "Total Cost": 119642.7,
    "Plan Rows": 1,
    "Plan Width": 8,
    "Actual Startup Time": 569.075,
    "Actual Total Time": 588.104,
    "Actual Rows": 1,
    "Actual Loops": 1,
    "Plans": [
      {
        "Node Type": "Gather",
        "Parent Relationship": "Outer",
        "Parallel Aware": false,
        "Startup Cost": 119642.58,
        "Total Cost": 119642.69,
        "Plan Rows": 1,
        "Plan Width": 8,
        "Actual Startup Time": 565.287,
        "Actual Total Time": 588.097,
        "Actual Rows": 2,
        "Actual Loops": 1,
        "Workers Planned": 1,
        "Workers Launched": 1,
        "Single Copy": false,
        "Plans": [
          {
            "Node Type": "Aggregate",
            "Strategy": "Plain",
            "Partial Mode": "Partial",
            "Parent Relationship": "Outer",
            "Parallel Aware": false,
            "Startup Cost": 118642.58,
            "Total Cost": 118642.59,
            "Plan Rows": 1,
            "Plan Width": 8,
            "Actual Startup Time": 555.618,
            "Actual Total Time": 555.624,
            "Actual Rows": 1,
            "Actual Loops": 2,
            "Plans": [
              {
                "Node Type": "Hash Join",
                "Parent Relationship": "Outer",
                "Parallel Aware": true,
                "Join Type": "Inner",
                "Startup Cost": 99400.88,
                "Total Cost": 118599.92,
                "Plan Rows": 17064,
                "Plan Width": 0,
                "Actual Startup Time": 483.62,
                "Actual Total Time": 555.236,
                "Actual Rows": 9231,
                "Actual Loops": 2,
                "Inner Unique": false,
                "Hash Cond": "(mi_idx.movie_id = t.id)",
                "Plans": [
                  {
                    "Node Type": "Seq Scan",
                    "Parent Relationship": "Outer",
                    "Parallel Aware": true,
                    "Relation Name": "movie_info_idx",
                    "Alias": "mi_idx",
                    "Startup Cost": 0.0,
                    "Total Cost": 18082.32,
                    "Plan Rows": 271028,
                    "Plan Width": 4,
                    "Actual Startup Time": 0.027,
                    "Actual Total Time": 49.015,
                    "Actual Rows": 229962,
                    "Actual Loops": 2,
                    "Filter": "(info_type_id = 101)",
                    "Rows Removed by Filter": 460055
                  },
                  {
                    "Node Type": "Hash",
                    "Parent Relationship": "Inner",
                    "Parallel Aware": true,
                    "Startup Cost": 98230.48,
                    "Total Cost": 98230.48,
                    "Plan Rows": 93632,
                    "Plan Width": 8,
                    "Actual Startup Time": 480.062,
                    "Actual Total Time": 480.066,
                    "Actual Rows": 20186,
                    "Actual Loops": 2,
                    "Hash Buckets": 262144,
                    "Original Hash Buckets": 262144,
                    "Hash Batches": 1,
                    "Original Hash Batches": 1,
                    "Peak Memory Usage": 3648,
                    "Plans": [
                      {
                        "Node Type": "Hash Join",
                        "Parent Relationship": "Outer",
                        "Parallel Aware": true,
                        "Join Type": "Inner",
                        "Startup Cost": 71446.7,
                        "Total Cost": 98230.48,
                        "Plan Rows": 93632,
                        "Plan Width": 8,
                        "Actual Startup Time": 383.559,
                        "Actual Total Time": 474.954,
                        "Actual Rows": 20186,
                        "Actual Loops": 2,
                        "Inner Unique": true,
                        "Hash Cond": "(mk.movie_id = t.id)",
                        "Plans": [
                          {
                            "Node Type": "Bitmap Heap Scan",
                            "Parent Relationship": "Outer",
                            "Parallel Aware": true,
                            "Relation Name": "movie_keyword",
                            "Alias": "mk",
                            "Startup Cost": 5557.84,
                            "Total Cost": 31937.27,
                            "Plan Rows": 154035,
                            "Plan Width": 4,
                            "Actual Startup Time": 17.857,
                            "Actual Total Time": 68.638,
                            "Actual Rows": 136223,
                            "Actual Loops": 2,
                            "Recheck Cond": "(keyword_id < 231)",
                            "Rows Removed by Index Recheck": 0,
                            "Exact Heap Blocks": 14480,
                            "Lossy Heap Blocks": 0,
                            "Plans": [
                              {
                                "Node Type": "Bitmap Index Scan",
                                "Parent Relationship": "Outer",
                                "Parallel Aware": false,
                                "Index Name": "keyword_id_movie_keyword",
                                "Startup Cost": 0.0,
                                "Total Cost": 5492.38,
                                "Plan Rows": 261859,
                                "Plan Width": 0,
                                "Actual Startup Time": 14.33,
                                "Actual Total Time": 14.33,
                                "Actual Rows": 272446,
                                "Actual Loops": 1,
                                "Index Cond": "(keyword_id < 231)"
                              }
                            ]
                          },
                          {
                            "Node Type": "Hash",
                            "Parent Relationship": "Inner",
                            "Parallel Aware": true,
                            "Startup Cost": 54588.39,
                            "Total Cost": 54588.39,
                            "Plan Rows": 904038,
                            "Plan Width": 4,
                            "Actual Startup Time": 353.785,
                            "Actual Total Time": 353.786,
                            "Actual Rows": 771632,
                            "Actual Loops": 2,
                            "Hash Buckets": 2097152,
                            "Original Hash Buckets": 2097152,
                            "Hash Batches": 1,
                            "Original Hash Batches": 1,
                            "Peak Memory Usage": 76800,
                            "Plans": [
                              {
                                "Node Type": "Seq Scan",
                                "Parent Relationship": "Outer",
                                "Parallel Aware": true,
                                "Relation Name": "title",
                                "Alias": "t",
                                "Startup Cost": 0.0,
                                "Total Cost": 54588.39,
                                "Plan Rows": 904038,
                                "Plan Width": 4,
                                "Actual Startup Time": 0.029,
                                "Actual Total Time": 161.673,
                                "Actual Rows": 771632,
                                "Actual Loops": 2,
                                "Filter": "(kind_id = 7)",
                                "Rows Removed by Filter": 492524
                              }
                            ]
                          }
                        ]
                      }
                    ]
                  }
                ]
              }
            ]
          }
        ]
      }
    ]
  },
  "Planning Time": 0.98,
  "Triggers": [],
  "Execution Time": 588.204
}