{
  "Plan": {
    "Node Type": "Aggregate",
    "Strategy": "Plain",
    "Partial Mode": "Finalize",
    "Parallel Aware": false,
    "Startup Cost": 31444.94,
    "Total Cost": 31444.95,
    "Plan Rows": 1,
    "Plan Width": 8,
    "Actual Startup Time": 41.611,
    "Actual Total Time": 46.607,
    "Actual Rows": 1,
    "Actual Loops": 1,
    "Plans": [
      {
        "Node Type": "Gather",
        "Parent Relationship": "Outer",
        "Parallel Aware": false,
        "Startup Cost": 31444.82,
        "Total Cost": 31444.93,
        "Plan Rows": 1,
        "Plan Width": 8,
        "Actual Startup Time": 41.351,
        "Actual Total Time": 46.6,
        "Actual Rows": 2,
        "Actual Loops": 1,
        "Workers Planned": 1,
        "Workers Launched": 1,
        "Single Copy": false,
        "Plans": [
          {
            "Node Type": "Aggregate",
            "Strategy": "Plain",
            "Partial Mode": "Partial",
            "Parent Relationship": "Outer",
            "Parallel Aware": false,
            "Startup Cost": 30444.82,
            "Total Cost": 30444.83,
            "Plan Rows": 1,
            "Plan Width": 8,
            "Actual Startup Time": 35.384,
            "Actual Total Time": 35.385,
            "Actual Rows": 1,
            "Actual Loops": 2,
            "Plans": [
              {
                "Node Type": "Nested Loop",
                "Parent Relationship": "Outer",
                "Parallel Aware": false,
                "Join Type": "Inner",
                "Startup Cost": 94.75,
                "Total Cost": 30441.97,
                "Plan Rows": 1141,
                "Plan Width": 0,
                "Actual Startup Time": 3.472,
                "Actual Total Time": 35.181,
                "Actual Rows": 1130,
                "Actual Loops": 2,
                "Inner Unique": true,
                "Plans": [
                  {
                    "Node Type": "Bitmap Heap Scan",
                    "Parent Relationship": "Outer",
                    "Parallel Aware": true,
                    "Relation Name": "movie_keyword",
                    "Alias": "mk",
                    "Startup Cost": 94.32,
                    "Total Cost": 11305.86,
                    "Plan Rows": 2572,
                    "Plan Width": 4,
                    "Actual Startup Time": 3.3,
                    "Actual Total Time": 11.834,
                    "Actual Rows": 2626,
                    "Actual Loops": 2,
                    "Recheck Cond": "(keyword_id = 3311)",
                    "Rows Removed by Index Recheck": 0,
                    "Exact Heap Blocks": 3139,
                    "Lossy Heap Blocks": 0,
                    "Plans": [
                      {
                        "Node Type": "Bitmap Index Scan",
                        "Parent Relationship": "Outer",
                        "Parallel Aware": false,
                        "Index Name": "keyword_id_movie_keyword",
                        "Startup Cost": 0.0,
                        "Total Cost": 93.23,
                        "Plan Rows": 4373,
                        "Plan Width": 0,
                        "Actual Startup Time": 4.486,
                        "Actual Total Time": 4.487,
                        "Actual Rows": 5252,
                        "Actual Loops": 1,
                        "Index Cond": "(keyword_id = 3311)"
                      }
                    ]
                  },
                  {
                    "Node Type": "Index Scan",
                    "Parent Relationship": "Inner",
                    "Parallel Aware": false,
                    "Scan Direction": "Forward",
                    "Index Name": "title_pkey",
                    "Relation Name": "title",
                    "Alias": "t",
                    "Startup Cost": 0.43,
                    "Total Cost": 7.44,
                    "Plan Rows": 1,
                    "Plan Width": 4,
                    "Actual Startup Time": 0.008,
                    "Actual Total Time": 0.008,
                    "Actual Rows": 0,
                    "Actual Loops": 5252,
                    "Index Cond": "(id = mk.movie_id)",
                    "Rows Removed by Index Recheck": 0,
                    "Filter": "(production_year < 2002)",
                    "Rows Removed by Filter": 1
                  }
                ]
              }
            ]
          }
        ]
      }
    ]
  },
  "Planning Time": 0.505,
  "Triggers": [],
  "Execution Time": 46.693
}