{
  "Plan": {
    "Node Type": "Aggregate",
    "Strategy": "Plain",
    "Partial Mode": "Finalize",
    "Parallel Aware": false,
    "Startup Cost": 496824.69,
    "Total Cost": 496824.7,
    "Plan Rows": 1,
    "Plan Width": 8,
    "Actual Startup Time": 1412.55,
    "Actual Total Time": 1440.497,
    "Actual Rows": 1,
    "Actual Loops": 1,
    "Plans": [
      {
        "Node Type": "Gather",
        "Parent Relationship": "Outer",
        "Parallel Aware": false,
        "Startup Cost": 496824.58,
        "Total Cost": 496824.69,
        "Plan Rows": 1,
        "Plan Width": 8,
        "Actual Startup Time": 1410.681,
        "Actual Total Time": 1440.487,
        "Actual Rows": 2,
        "Actual Loops": 1,
        "Workers Planned": 1,
        "Workers Launched": 1,
        "Single Copy": false,
        "Plans": [
          {
            "Node Type": "Aggregate",
            "Strategy": "Plain",
            "Partial Mode": "Partial",
            "Parent Relationship": "Outer",
            "Parallel Aware": false,
            "Startup Cost": 495824.58,
            "Total Cost": 495824.59,
            "Plan Rows": 1,
            "Plan Width": 8,
            "Actual Startup Time": 1406.107,
            "Actual Total Time": 1406.111,
            "Actual Rows": 1,
            "Actual Loops": 2,
            "Plans": [
              {
                "Node Type": "Hash Join",
                "Parent Relationship": "Outer",
                "Parallel Aware": true,
                "Join Type": "Inner",
                "Startup Cost": 188816.41,
                "Total Cost": 493986.67,
                "Plan Rows": 735165,
                "Plan Width": 0,
                "Actual Startup Time": 490.26,
                "Actual Total Time": 1374.028,
                "Actual Rows": 764876,
                "Actual Loops": 2,
                "Inner Unique": true,
                "Hash Cond": "(ci.movie_id = t.id)",
                "Plans": [
                  {
                    "Node Type": "Bitmap Heap Scan",
                    "Parent Relationship": "Outer",
                    "Parallel Aware": true,
                    "Relation Name": "cast_info",
                    "Alias": "ci",
                    "Startup Cost": 130289.37,
                    "Total Cost": 426350.95,
                    "Plan Rows": 3469966,
                    "Plan Width": 4,
                    "Actual Startup Time": 260.825,
                    "Actual Total Time": 579.733,
                    "Actual Rows": 2853543,
                    "Actual Loops": 2,
                    "Recheck Cond": "(person_id > 3077401)",
                    "Rows Removed by Index Recheck": 0,
                    "Exact Heap Blocks": 41399,
                    "Lossy Heap Blocks": 0,
                    "Plans": [
                      {
                        "Node Type": "Bitmap Index Scan",
                        "Parent Relationship": "Outer",
                        "Parallel Aware": false,
                        "Index Name": "person_id_cast_info",
                        "Startup Cost": 0.0,
                        "Total Cost": 128814.64,
                        "Plan Rows": 5898943,
                        "Plan Width": 0,
                        "Actual Startup Time": 247.179,
                        "Actual Total Time": 247.179,
                        "Actual Rows": 5707086,
                        "Actual Loops": 1,
                        "Index Cond": "(person_id > 3077401)"
                      }
                    ]
                  },
                  {
                    "Node Type": "Hash",
                    "Parent Relationship": "Inner",
                    "Parallel Aware": true,
                    "Startup Cost": 54588.39,
                    "Total Cost": 54588.39,
                    "Plan Rows": 315092,
                    "Plan Width": 4,
                    "Actual Startup Time": 220.674,
                    "Actual Total Time": 220.675,
                    "Actual Rows": 266684,
                    "Actual Loops": 2,
                    "Hash Buckets": 1048576,
                    "Original Hash Buckets": 1048576,
                    "Hash Batches": 1,
                    "Original Hash Batches": 1,
                    "Peak Memory Usage": 29088,
                    "Plans": [
                      {
                        "Node Type": "Seq Scan",
                        "Parent Relationship": "Outer",
                        "Parallel Aware": true,
                        "Relation Name": "title",
                        "Alias": "t",
                        "Startup Cost": 0.0,
                        "Total Cost": 54588.39,
                        "Plan Rows": 315092,
                        "Plan Width": 4,
                        "Actual Startup Time": 0.029,
                        "Actual Total Time": 145.077,
                        "Actual Rows": 266684,
                        "Actual Loops": 2,
                        "Filter": "(production_year > 2009)",
                        "Rows Removed by Filter": 997472
                      }
                    ]
                  }
                ]
              }
            ]
          }
        ]
      }
    ]
  },
  "Planning Time": 0.618,
  "Triggers": [],
  "Execution Time": 1440.592
}