{
    "Plan": {
        "Node Type": "Aggregate",
        "Strategy": "Plain",
        "Partial Mode": "Finalize",
        "Parallel Aware": false,
        "Startup Cost": 389506.7,
        "Total Cost": 389506.71,
        "Plan Rows": 1,
        "Plan Width": 8,
        "Actual Startup Time": 3254.832,
        "Actual Total Time": 3299.64,
        "Actual Rows": 1,
        "Actual Loops": 1,
        "Output": [
            "count(*)"
        ],
        "Plans": [
            {
                "Node Type": "Gather",
                "Parent Relationship": "Outer",
                "Parallel Aware": false,
                "Startup Cost": 389506.07,
                "Total Cost": 389506.68,
                "Plan Rows": 6,
                "Plan Width": 8,
                "Actual Startup Time": 3249.956,
                "Actual Total Time": 3299.63,
                "Actual Rows": 7,
                "Actual Loops": 1,
                "Output": [
                    "(PARTIAL count(*))"
                ],
                "Workers Planned": 6,
                "Workers Launched": 6,
                "Single Copy": false,
                "Plans": [
                    {
                        "Node Type": "Aggregate",
                        "Strategy": "Plain",
                        "Partial Mode": "Partial",
                        "Parent Relationship": "Outer",
                        "Parallel Aware": false,
                        "Startup Cost": 388506.07,
                        "Total Cost": 388506.08,
                        "Plan Rows": 1,
                        "Plan Width": 8,
                        "Actual Startup Time": 3234.065,
                        "Actual Total Time": 3234.068,
                        "Actual Rows": 1,
                        "Actual Loops": 7,
                        "Output": [
                            "PARTIAL count(*)"
                        ],
                        "Workers": [
                            {
                                "Worker Number": 0,
                                "Actual Startup Time": 3231.541,
                                "Actual Total Time": 3231.544,
                                "Actual Rows": 1,
                                "Actual Loops": 1
                            },
                            {
                                "Worker Number": 1,
                                "Actual Startup Time": 3231.327,
                                "Actual Total Time": 3231.33,
                                "Actual Rows": 1,
                                "Actual Loops": 1
                            },
                            {
                                "Worker Number": 2,
                                "Actual Startup Time": 3231.646,
                                "Actual Total Time": 3231.648,
                                "Actual Rows": 1,
                                "Actual Loops": 1
                            },
                            {
                                "Worker Number": 3,
                                "Actual Startup Time": 3231.46,
                                "Actual Total Time": 3231.464,
                                "Actual Rows": 1,
                                "Actual Loops": 1
                            },
                            {
                                "Worker Number": 4,
                                "Actual Startup Time": 3231.72,
                                "Actual Total Time": 3231.722,
                                "Actual Rows": 1,
                                "Actual Loops": 1
                            },
                            {
                                "Worker Number": 5,
                                "Actual Startup Time": 3231.675,
                                "Actual Total Time": 3231.677,
                                "Actual Rows": 1,
                                "Actual Loops": 1
                            }
                        ],
                        "Plans": [
                            {
                                "Node Type": "Hash Join",
                                "Parent Relationship": "Outer",
                                "Parallel Aware": true,
                                "Join Type": "Inner",
                                "Startup Cost": 49269.58,
                                "Total Cost": 378238.49,
                                "Plan Rows": 4107035,
                                "Plan Width": 0,
                                "Actual Startup Time": 217.843,
                                "Actual Total Time": 3043.018,
                                "Actual Rows": 3772234,
                                "Actual Loops": 7,
                                "Inner Unique": true,
                                "Hash Cond": "(ci.movie_id = t.id)",
                                "Workers": [
                                    {
                                        "Worker Number": 0,
                                        "Actual Startup Time": 215.526,
                                        "Actual Total Time": 3044.482,
                                        "Actual Rows": 3406230,
                                        "Actual Loops": 1
                                    },
                                    {
                                        "Worker Number": 1,
                                        "Actual Startup Time": 215.255,
                                        "Actual Total Time": 3017.117,
                                        "Actual Rows": 3219549,
                                        "Actual Loops": 1
                                    },
                                    {
                                        "Worker Number": 2,
                                        "Actual Startup Time": 215.61,
                                        "Actual Total Time": 3029.013,
                                        "Actual Rows": 3586233,
                                        "Actual Loops": 1
                                    },
                                    {
                                        "Worker Number": 3,
                                        "Actual Startup Time": 215.439,
                                        "Actual Total Time": 3067.538,
                                        "Actual Rows": 3977655,
                                        "Actual Loops": 1
                                    },
                                    {
                                        "Worker Number": 4,
                                        "Actual Startup Time": 215.632,
                                        "Actual Total Time": 3054.503,
                                        "Actual Rows": 4324353,
                                        "Actual Loops": 1
                                    },
                                    {
                                        "Worker Number": 5,
                                        "Actual Startup Time": 215.56,
                                        "Actual Total Time": 3053.817,
                                        "Actual Rows": 4230763,
                                        "Actual Loops": 1
                                    }
                                ],
                                "Plans": [
                                    {
                                        "Node Type": "Seq Scan",
                                        "Parent Relationship": "Outer",
                                        "Parallel Aware": true,
                                        "Relation Name": "cast_info",
                                        "Schema": "public",
                                        "Alias": "ci",
                                        "Startup Cost": 0.0,
                                        "Total Cost": 313108.29,
                                        "Plan Rows": 6042129,
                                        "Plan Width": 4,
                                        "Actual Startup Time": 0.038,
                                        "Actual Total Time": 600.397,
                                        "Actual Rows": 5177763,
                                        "Actual Loops": 7,
                                        "Output": [
                                            "ci.id",
                                            "ci.person_id",
                                            "ci.movie_id",
                                            "ci.person_role_id",
                                            "ci.note",
                                            "ci.nr_order",
                                            "ci.role_id"
                                        ],
                                        "Workers": [
                                            {
                                                "Worker Number": 0,
                                                "Actual Startup Time": 0.051,
                                                "Actual Total Time": 619.317,
                                                "Actual Rows": 4650206,
                                                "Actual Loops": 1
                                            },
                                            {
                                                "Worker Number": 1,
                                                "Actual Startup Time": 0.044,
                                                "Actual Total Time": 648.158,
                                                "Actual Rows": 4430894,
                                                "Actual Loops": 1
                                            },
                                            {
                                                "Worker Number": 2,
                                                "Actual Startup Time": 0.045,
                                                "Actual Total Time": 633.936,
                                                "Actual Rows": 4907343,
                                                "Actual Loops": 1
                                            },
                                            {
                                                "Worker Number": 3,
                                                "Actual Startup Time": 0.037,
                                                "Actual Total Time": 585.221,
                                                "Actual Rows": 5467179,
                                                "Actual Loops": 1
                                            },
                                            {
                                                "Worker Number": 4,
                                                "Actual Startup Time": 0.036,
                                                "Actual Total Time": 600.058,
                                                "Actual Rows": 5953361,
                                                "Actual Loops": 1
                                            },
                                            {
                                                "Worker Number": 5,
                                                "Actual Startup Time": 0.038,
                                                "Actual Total Time": 599.425,
                                                "Actual Rows": 5828845,
                                                "Actual Loops": 1
                                            }
                                        ]
                                    },
                                    {
                                        "Node Type": "Hash",
                                        "Parent Relationship": "Inner",
                                        "Parallel Aware": true,
                                        "Startup Cost": 43899.01,
                                        "Total Cost": 43899.01,
                                        "Plan Rows": 429646,
                                        "Plan Width": 4,
                                        "Actual Startup Time": 212.769,
                                        "Actual Total Time": 212.77,
                                        "Actual Rows": 246462,
                                        "Actual Loops": 7,
                                        "Output": [
                                            "t.id"
                                        ],
                                        "Hash Buckets": 2097152,
                                        "Original Hash Buckets": 2097152,
                                        "Hash Batches": 1,
                                        "Original Hash Batches": 1,
                                        "Peak Memory Usage": 83968,
                                        "Workers": [
                                            {
                                                "Worker Number": 0,
                                                "Actual Startup Time": 214.577,
                                                "Actual Total Time": 214.578,
                                                "Actual Rows": 195864,
                                                "Actual Loops": 1
                                            },
                                            {
                                                "Worker Number": 1,
                                                "Actual Startup Time": 214.541,
                                                "Actual Total Time": 214.542,
                                                "Actual Rows": 213131,
                                                "Actual Loops": 1
                                            },
                                            {
                                                "Worker Number": 2,
                                                "Actual Startup Time": 214.625,
                                                "Actual Total Time": 214.625,
                                                "Actual Rows": 212625,
                                                "Actual Loops": 1
                                            },
                                            {
                                                "Worker Number": 3,
                                                "Actual Startup Time": 214.484,
                                                "Actual Total Time": 214.485,
                                                "Actual Rows": 255590,
                                                "Actual Loops": 1
                                            },
                                            {
                                                "Worker Number": 4,
                                                "Actual Startup Time": 214.642,
                                                "Actual Total Time": 214.642,
                                                "Actual Rows": 281201,
                                                "Actual Loops": 1
                                            },
                                            {
                                                "Worker Number": 5,
                                                "Actual Startup Time": 214.72,
                                                "Actual Total Time": 214.721,
                                                "Actual Rows": 275258,
                                                "Actual Loops": 1
                                            }
                                        ],
                                        "Plans": [
                                            {
                                                "Node Type": "Seq Scan",
                                                "Parent Relationship": "Outer",
                                                "Parallel Aware": true,
                                                "Relation Name": "title",
                                                "Schema": "public",
                                                "Alias": "t",
                                                "Startup Cost": 0.0,
                                                "Total Cost": 43899.01,
                                                "Plan Rows": 429646,
                                                "Plan Width": 4,
                                                "Actual Startup Time": 0.061,
                                                "Actual Total Time": 86.445,
                                                "Actual Rows": 246462,
                                                "Actual Loops": 7,
                                                "Output": [
                                                    "t.id"
                                                ],
                                                "Filter": "(t.production_year > 1991)",
                                                "Rows Removed by Filter": 114726,
                                                "Workers": [
                                                    {
                                                        "Worker Number": 0,
                                                        "Actual Startup Time": 0.072,
                                                        "Actual Total Time": 87.976,
                                                        "Actual Rows": 195864,
                                                        "Actual Loops": 1
                                                    },
                                                    {
                                                        "Worker Number": 1,
                                                        "Actual Startup Time": 0.067,
                                                        "Actual Total Time": 90.544,
                                                        "Actual Rows": 213131,
                                                        "Actual Loops": 1
                                                    },
                                                    {
                                                        "Worker Number": 2,
                                                        "Actual Startup Time": 0.073,
                                                        "Actual Total Time": 90.039,
                                                        "Actual Rows": 212625,
                                                        "Actual Loops": 1
                                                    },
                                                    {
                                                        "Worker Number": 3,
                                                        "Actual Startup Time": 0.063,
                                                        "Actual Total Time": 85.465,
                                                        "Actual Rows": 255590,
                                                        "Actual Loops": 1
                                                    },
                                                    {
                                                        "Worker Number": 4,
                                                        "Actual Startup Time": 0.069,
                                                        "Actual Total Time": 87.444,
                                                        "Actual Rows": 281201,
                                                        "Actual Loops": 1
                                                    },
                                                    {
                                                        "Worker Number": 5,
                                                        "Actual Startup Time": 0.068,
                                                        "Actual Total Time": 86.616,
                                                        "Actual Rows": 275258,
                                                        "Actual Loops": 1
                                                    }
                                                ]
                                            }
                                        ]
                                    }
                                ]
                            }
                        ]
                    }
                ]
            }
        ]
    },
    "Planning Time": 0.67,
    "Triggers": [],
    "Execution Time": 3299.777
}