{
    "Plan": {
        "Node Type": "Aggregate",
        "Strategy": "Plain",
        "Partial Mode": "Finalize",
        "Parallel Aware": false,
        "Startup Cost": 98972.81,
        "Total Cost": 98972.82,
        "Plan Rows": 1,
        "Plan Width": 8,
        "Actual Startup Time": 724.154,
        "Actual Total Time": 746.739,
        "Actual Rows": 1,
        "Actual Loops": 1,
        "Output": [
            "count(*)"
        ],
        "Plans": [
            {
                "Node Type": "Gather",
                "Parent Relationship": "Outer",
                "Parallel Aware": false,
                "Startup Cost": 98972.49,
                "Total Cost": 98972.8,
                "Plan Rows": 3,
                "Plan Width": 8,
                "Actual Startup Time": 710.635,
                "Actual Total Time": 746.731,
                "Actual Rows": 4,
                "Actual Loops": 1,
                "Output": [
                    "(PARTIAL count(*))"
                ],
                "Workers Planned": 3,
                "Workers Launched": 3,
                "Single Copy": false,
                "Plans": [
                    {
                        "Node Type": "Aggregate",
                        "Strategy": "Plain",
                        "Partial Mode": "Partial",
                        "Parent Relationship": "Outer",
                        "Parallel Aware": false,
                        "Startup Cost": 97972.49,
                        "Total Cost": 97972.5,
                        "Plan Rows": 1,
                        "Plan Width": 8,
                        "Actual Startup Time": 691.53,
                        "Actual Total Time": 691.534,
                        "Actual Rows": 1,
                        "Actual Loops": 4,
                        "Output": [
                            "PARTIAL count(*)"
                        ],
                        "Workers": [
                            {
                                "Worker Number": 0,
                                "Actual Startup Time": 685.305,
                                "Actual Total Time": 685.308,
                                "Actual Rows": 1,
                                "Actual Loops": 1
                            },
                            {
                                "Worker Number": 1,
                                "Actual Startup Time": 685.311,
                                "Actual Total Time": 685.313,
                                "Actual Rows": 1,
                                "Actual Loops": 1
                            },
                            {
                                "Worker Number": 2,
                                "Actual Startup Time": 685.51,
                                "Actual Total Time": 685.514,
                                "Actual Rows": 1,
                                "Actual Loops": 1
                            }
                        ],
                        "Plans": [
                            {
                                "Node Type": "Hash Join",
                                "Parent Relationship": "Outer",
                                "Parallel Aware": true,
                                "Join Type": "Inner",
                                "Startup Cost": 51557.88,
                                "Total Cost": 94435.96,
                                "Plan Rows": 1414611,
                                "Plan Width": 0,
                                "Actual Startup Time": 356.646,
                                "Actual Total Time": 647.503,
                                "Actual Rows": 1123594,
                                "Actual Loops": 4,
                                "Inner Unique": true,
                                "Hash Cond": "(mk.movie_id = t.id)",
                                "Workers": [
                                    {
                                        "Worker Number": 0,
                                        "Actual Startup Time": 350.838,
                                        "Actual Total Time": 643.586,
                                        "Actual Rows": 1080417,
                                        "Actual Loops": 1
                                    },
                                    {
                                        "Worker Number": 1,
                                        "Actual Startup Time": 350.687,
                                        "Actual Total Time": 643.607,
                                        "Actual Rows": 1080212,
                                        "Actual Loops": 1
                                    },
                                    {
                                        "Worker Number": 2,
                                        "Actual Startup Time": 351.003,
                                        "Actual Total Time": 642.771,
                                        "Actual Rows": 1092426,
                                        "Actual Loops": 1
                                    }
                                ],
                                "Plans": [
                                    {
                                        "Node Type": "Seq Scan",
                                        "Parent Relationship": "Outer",
                                        "Parallel Aware": true,
                                        "Relation Name": "movie_keyword",
                                        "Schema": "public",
                                        "Alias": "mk",
                                        "Startup Cost": 0.0,
                                        "Total Cost": 39047.32,
                                        "Plan Rows": 1459332,
                                        "Plan Width": 4,
                                        "Actual Startup Time": 0.013,
                                        "Actual Total Time": 99.931,
                                        "Actual Rows": 1130982,
                                        "Actual Loops": 4,
                                        "Output": [
                                            "mk.id",
                                            "mk.movie_id",
                                            "mk.keyword_id"
                                        ],
                                        "Workers": [
                                            {
                                                "Worker Number": 0,
                                                "Actual Startup Time": 0.021,
                                                "Actual Total Time": 106.093,
                                                "Actual Rows": 1087800,
                                                "Actual Loops": 1
                                            },
                                            {
                                                "Worker Number": 1,
                                                "Actual Startup Time": 0.011,
                                                "Actual Total Time": 106.433,
                                                "Actual Rows": 1087060,
                                                "Actual Loops": 1
                                            },
                                            {
                                                "Worker Number": 2,
                                                "Actual Startup Time": 0.011,
                                                "Actual Total Time": 105.345,
                                                "Actual Rows": 1099270,
                                                "Actual Loops": 1
                                            }
                                        ]
                                    },
                                    {
                                        "Node Type": "Hash",
                                        "Parent Relationship": "Inner",
                                        "Parallel Aware": true,
                                        "Startup Cost": 43899.01,
                                        "Total Cost": 43899.01,
                                        "Plan Rows": 612710,
                                        "Plan Width": 4,
                                        "Actual Startup Time": 345.007,
                                        "Actual Total Time": 345.008,
                                        "Actual Rows": 613176,
                                        "Actual Loops": 4,
                                        "Output": [
                                            "t.id"
                                        ],
                                        "Hash Buckets": 4194304,
                                        "Original Hash Buckets": 4194304,
                                        "Hash Batches": 1,
                                        "Original Hash Batches": 1,
                                        "Peak Memory Usage": 128768,
                                        "Workers": [
                                            {
                                                "Worker Number": 0,
                                                "Actual Startup Time": 349.953,
                                                "Actual Total Time": 349.954,
                                                "Actual Rows": 570068,
                                                "Actual Loops": 1
                                            },
                                            {
                                                "Worker Number": 1,
                                                "Actual Startup Time": 350.006,
                                                "Actual Total Time": 350.007,
                                                "Actual Rows": 557743,
                                                "Actual Loops": 1
                                            },
                                            {
                                                "Worker Number": 2,
                                                "Actual Startup Time": 350.218,
                                                "Actual Total Time": 350.219,
                                                "Actual Rows": 591877,
                                                "Actual Loops": 1
                                            }
                                        ],
                                        "Plans": [
                                            {
                                                "Node Type": "Seq Scan",
                                                "Parent Relationship": "Outer",
                                                "Parallel Aware": true,
                                                "Relation Name": "title",
                                                "Schema": "public",
                                                "Alias": "t",
                                                "Startup Cost": 0.0,
                                                "Total Cost": 43899.01,
                                                "Plan Rows": 612710,
                                                "Plan Width": 4,
                                                "Actual Startup Time": 0.055,
                                                "Actual Total Time": 115.677,
                                                "Actual Rows": 613176,
                                                "Actual Loops": 4,
                                                "Output": [
                                                    "t.id"
                                                ],
                                                "Filter": "(t.production_year < 2014)",
                                                "Rows Removed by Filter": 18902,
                                                "Workers": [
                                                    {
                                                        "Worker Number": 0,
                                                        "Actual Startup Time": 0.066,
                                                        "Actual Total Time": 120.168,
                                                        "Actual Rows": 570068,
                                                        "Actual Loops": 1
                                                    },
                                                    {
                                                        "Worker Number": 1,
                                                        "Actual Startup Time": 0.076,
                                                        "Actual Total Time": 119.473,
                                                        "Actual Rows": 557743,
                                                        "Actual Loops": 1
                                                    },
                                                    {
                                                        "Worker Number": 2,
                                                        "Actual Startup Time": 0.066,
                                                        "Actual Total Time": 120.439,
                                                        "Actual Rows": 591877,
                                                        "Actual Loops": 1
                                                    }
                                                ]
                                            }
                                        ]
                                    }
                                ]
                            }
                        ]
                    }
                ]
            }
        ]
    },
    "Planning Time": 0.643,
    "Triggers": [],
    "Execution Time": 746.806
}