{
  "Plan": {
    "Node Type": "Aggregate",
    "Strategy": "Plain",
    "Partial Mode": "Finalize",
    "Parallel Aware": false,
    "Startup Cost": 352159.39,
    "Total Cost": 352159.4,
    "Plan Rows": 1,
    "Plan Width": 8,
    "Actual Startup Time": 1106.704,
    "Actual Total Time": 1129.241,
    "Actual Rows": 1,
    "Actual Loops": 1,
    "Plans": [
      {
        "Node Type": "Gather",
        "Parent Relationship": "Outer",
        "Parallel Aware": false,
        "Startup Cost": 352159.28,
        "Total Cost": 352159.39,
        "Plan Rows": 1,
        "Plan Width": 8,
        "Actual Startup Time": 1103.776,
        "Actual Total Time": 1129.231,
        "Actual Rows": 2,
        "Actual Loops": 1,
        "Workers Planned": 1,
        "Workers Launched": 1,
        "Single Copy": false,
        "Plans": [
          {
            "Node Type": "Aggregate",
            "Strategy": "Plain",
            "Partial Mode": "Partial",
            "Parent Relationship": "Outer",
            "Parallel Aware": false,
            "Startup Cost": 351159.28,
            "Total Cost": 351159.29,
            "Plan Rows": 1,
            "Plan Width": 8,
            "Actual Startup Time": 1097.907,
            "Actual Total Time": 1098.233,
            "Actual Rows": 1,
            "Actual Loops": 2,
            "Plans": [
              {
                "Node Type": "Hash Join",
                "Parent Relationship": "Outer",
                "Parallel Aware": true,
                "Join Type": "Inner",
                "Startup Cost": 158329.85,
                "Total Cost": 350464.79,
                "Plan Rows": 277797,
                "Plan Width": 0,
                "Actual Startup Time": 692.317,
                "Actual Total Time": 1088.611,
                "Actual Rows": 186966,
                "Actual Loops": 2,
                "Inner Unique": false,
                "Hash Cond": "(mi.movie_id = t.id)",
                "Plans": [
                  {
                    "Node Type": "Bitmap Heap Scan",
                    "Parent Relationship": "Outer",
                    "Parallel Aware": true,
                    "Relation Name": "movie_info",
                    "Alias": "mi",
                    "Startup Cost": 54025.71,
                    "Total Cost": 237947.81,
                    "Plan Rows": 1754328,
                    "Plan Width": 4,
                    "Actual Startup Time": 91.549,
                    "Actual Total Time": 265.694,
                    "Actual Rows": 1518360,
                    "Actual Loops": 2,
                    "Recheck Cond": "(info_type_id = 16)",
                    "Rows Removed by Index Recheck": 0,
                    "Exact Heap Blocks": 16219,
                    "Lossy Heap Blocks": 0,
                    "Plans": [
                      {
                        "Node Type": "Bitmap Index Scan",
                        "Parent Relationship": "Outer",
                        "Parallel Aware": false,
                        "Index Name": "info_type_id_movie_info",
                        "Startup Cost": 0.0,
                        "Total Cost": 53280.12,
                        "Plan Rows": 2982358,
                        "Plan Width": 0,
                        "Actual Startup Time": 87.432,
                        "Actual Total Time": 87.433,
                        "Actual Rows": 3036719,
                        "Actual Loops": 1,
                        "Index Cond": "(info_type_id = 16)"
                      }
                    ]
                  },
                  {
                    "Node Type": "Hash",
                    "Parent Relationship": "Inner",
                    "Parallel Aware": true,
                    "Startup Cost": 101360.37,
                    "Total Cost": 101360.37,
                    "Plan Rows": 235502,
                    "Plan Width": 8,
                    "Actual Startup Time": 584.235,
                    "Actual Total Time": 584.558,
                    "Actual Rows": 121330,
                    "Actual Loops": 2,
                    "Hash Buckets": 524288,
                    "Original Hash Buckets": 524288,
                    "Hash Batches": 1,
                    "Original Hash Batches": 1,
                    "Peak Memory Usage": 13600,
                    "Plans": [
                      {
                        "Node Type": "Hash Join",
                        "Parent Relationship": "Outer",
                        "Parallel Aware": true,
                        "Join Type": "Inner",
                        "Startup Cost": 38529.91,
                        "Total Cost": 101360.37,
                        "Plan Rows": 235502,
                        "Plan Width": 8,
                        "Actual Startup Time": 163.724,
                        "Actual Total Time": 546.407,
                        "Actual Rows": 121330,
                        "Actual Loops": 2,
                        "Inner Unique": false,
                        "Hash Cond": "(t.id = mc.movie_id)",
                        "Plans": [
                          {
                            "Node Type": "Seq Scan",
                            "Parent Relationship": "Outer",
                            "Parallel Aware": true,
                            "Relation Name": "title",
                            "Alias": "t",
                            "Startup Cost": 0.0,
                            "Total Cost": 54588.39,
                            "Plan Rows": 1097081,
                            "Plan Width": 4,
                            "Actual Startup Time": 0.014,
                            "Actual Total Time": 172.815,
                            "Actual Rows": 932744,
                            "Actual Loops": 2,
                            "Filter": "(kind_id > 1)",
                            "Rows Removed by Filter": 331412
                          },
                          {
                            "Node Type": "Hash",
                            "Parent Relationship": "Inner",
                            "Parallel Aware": true,
                            "Startup Cost": 34539.25,
                            "Total Cost": 34539.25,
                            "Plan Rows": 319253,
                            "Plan Width": 4,
                            "Actual Startup Time": 157.346,
                            "Actual Total Time": 157.348,
                            "Actual Rows": 278018,
                            "Actual Loops": 2,
                            "Hash Buckets": 1048576,
                            "Original Hash Buckets": 1048576,
                            "Hash Batches": 1,
                            "Original Hash Batches": 1,
                            "Peak Memory Usage": 29984,
                            "Plans": [
                              {
                                "Node Type": "Bitmap Heap Scan",
                                "Parent Relationship": "Outer",
                                "Parallel Aware": true,
                                "Relation Name": "movie_companies",
                                "Alias": "mc",
                                "Startup Cost": 11758.59,
                                "Total Cost": 34539.25,
                                "Plan Rows": 319253,
                                "Plan Width": 4,
                                "Actual Startup Time": 31.094,
                                "Actual Total Time": 86.895,
                                "Actual Rows": 278018,
                                "Actual Loops": 2,
                                "Recheck Cond": "(company_id > 71738)",
                                "Rows Removed by Index Recheck": 0,
                                "Exact Heap Blocks": 5134,
                                "Lossy Heap Blocks": 0,
                                "Plans": [
                                  {
                                    "Node Type": "Bitmap Index Scan",
                                    "Parent Relationship": "Outer",
                                    "Parallel Aware": false,
                                    "Index Name": "company_id_movie_companies",
                                    "Startup Cost": 0.0,
                                    "Total Cost": 11622.91,
                                    "Plan Rows": 542730,
                                    "Plan Width": 0,
                                    "Actual Startup Time": 29.959,
                                    "Actual Total Time": 29.959,
                                    "Actual Rows": 556036,
                                    "Actual Loops": 1,
                                    "Index Cond": "(company_id > 71738)"
                                  }
                                ]
                              }
                            ]
                          }
                        ]
                      }
                    ]
                  }
                ]
              }
            ]
          }
        ]
      }
    ]
  },
  "Planning Time": 1.003,
  "Triggers": [],
  "Execution Time": 1129.353
}