[
  {
    "Plan": {
      "Node Type": "Aggregate",
      "Strategy": "Plain",
      "Partial Mode": "Finalize",
      "Parallel Aware": false,
      "Startup Cost": 331912.97,
      "Total Cost": 331912.98,
      "Plan Rows": 1,
      "Plan Width": 8,
      "Actual Startup Time": 621.943,
      "Actual Total Time": 678.515,
      "Actual Rows": 1,
      "Actual Loops": 1,
      "Plans": [
        {
          "Node Type": "Gather",
          "Parent Relationship": "Outer",
          "Parallel Aware": false,
          "Startup Cost": 331912.35,
          "Total Cost": 331912.96,
          "Plan Rows": 6,
          "Plan Width": 8,
          "Actual Startup Time": 621.796,
          "Actual Total Time": 678.502,
          "Actual Rows": 7,
          "Actual Loops": 1,
          "Workers Planned": 6,
          "Workers Launched": 6,
          "Single Copy": false,
          "Plans": [
            {
              "Node Type": "Aggregate",
              "Strategy": "Plain",
              "Partial Mode": "Partial",
              "Parent Relationship": "Outer",
              "Parallel Aware": false,
              "Startup Cost": 330912.35,
              "Total Cost": 330912.36,
              "Plan Rows": 1,
              "Plan Width": 8,
              "Actual Startup Time": 615.9,
              "Actual Total Time": 615.901,
              "Actual Rows": 1,
              "Actual Loops": 7,
              "Plans": [
                {
                  "Node Type": "Seq Scan",
                  "Parent Relationship": "Outer",
                  "Parallel Aware": true,
                  "Relation Name": "cast_info",
                  "Alias": "ci",
                  "Startup Cost": 0.0,
                  "Total Cost": 328162.03,
                  "Plan Rows": 1100129,
                  "Plan Width": 0,
                  "Actual Startup Time": 357.589,
                  "Actual Total Time": 572.778,
                  "Actual Rows": 919229,
                  "Actual Loops": 7,
                  "Filter": "(person_id > 3011922)",
                  "Rows Removed by Filter": 4258534
                }
              ]
            }
          ]
        }
      ]
    },
    "Planning Time": 0.255,
    "Triggers": [],
    "Execution Time": 678.594
  }
]