[
  {
    "Plan": {
      "Node Type": "Aggregate",
      "Strategy": "Plain",
      "Partial Mode": "Finalize",
      "Parallel Aware": false,
      "Startup Cost": 31621.48,
      "Total Cost": 31621.49,
      "Plan Rows": 1,
      "Plan Width": 8,
      "Actual Startup Time": 105.142,
      "Actual Total Time": 111.032,
      "Actual Rows": 1,
      "Actual Loops": 1,
      "Plans": [
        {
          "Node Type": "Gather",
          "Parent Relationship": "Outer",
          "Parallel Aware": false,
          "Startup Cost": 31621.16,
          "Total Cost": 31621.47,
          "Plan Rows": 3,
          "Plan Width": 8,
          "Actual Startup Time": 104.933,
          "Actual Total Time": 111.025,
          "Actual Rows": 4,
          "Actual Loops": 1,
          "Workers Planned": 3,
          "Workers Launched": 3,
          "Single Copy": false,
          "Plans": [
            {
              "Node Type": "Aggregate",
              "Strategy": "Plain",
              "Partial Mode": "Partial",
              "Parent Relationship": "Outer",
              "Parallel Aware": false,
              "Startup Cost": 30621.16,
              "Total Cost": 30621.17,
              "Plan Rows": 1,
              "Plan Width": 8,
              "Actual Startup Time": 98.478,
              "Actual Total Time": 98.479,
              "Actual Rows": 1,
              "Actual Loops": 4,
              "Plans": [
                {
                  "Node Type": "Seq Scan",
                  "Parent Relationship": "Outer",
                  "Parallel Aware": true,
                  "Relation Name": "movie_companies",
                  "Alias": "mc",
                  "Startup Cost": 0.0,
                  "Total Cost": 29310.68,
                  "Plan Rows": 524193,
                  "Plan Width": 0,
                  "Actual Startup Time": 5.02,
                  "Actual Total Time": 79.437,
                  "Actual Rows": 406687,
                  "Actual Loops": 4,
                  "Filter": "(company_id > 4436)",
                  "Rows Removed by Filter": 245596
                }
              ]
            }
          ]
        }
      ]
    },
    "Planning Time": 0.128,
    "Triggers": [],
    "Execution Time": 111.073
  }
]