{
    "Plan": {
        "Node Type": "Aggregate",
        "Strategy": "Plain",
        "Partial Mode": "Finalize",
        "Parallel Aware": false,
        "Startup Cost": 249360.35,
        "Total Cost": 249360.36,
        "Plan Rows": 1,
        "Plan Width": 8,
        "Actual Startup Time": 563.751,
        "Actual Total Time": 605.248,
        "Actual Rows": 1,
        "Actual Loops": 1,
        "Output": [
            "count(*)"
        ],
        "Plans": [
            {
                "Node Type": "Gather",
                "Parent Relationship": "Outer",
                "Parallel Aware": false,
                "Startup Cost": 249359.83,
                "Total Cost": 249360.34,
                "Plan Rows": 5,
                "Plan Width": 8,
                "Actual Startup Time": 560.425,
                "Actual Total Time": 605.226,
                "Actual Rows": 6,
                "Actual Loops": 1,
                "Output": [
                    "(PARTIAL count(*))"
                ],
                "Workers Planned": 5,
                "Workers Launched": 5,
                "Single Copy": false,
                "Plans": [
                    {
                        "Node Type": "Aggregate",
                        "Strategy": "Plain",
                        "Partial Mode": "Partial",
                        "Parent Relationship": "Outer",
                        "Parallel Aware": false,
                        "Startup Cost": 248359.83,
                        "Total Cost": 248359.84,
                        "Plan Rows": 1,
                        "Plan Width": 8,
                        "Actual Startup Time": 549.807,
                        "Actual Total Time": 549.813,
                        "Actual Rows": 1,
                        "Actual Loops": 6,
                        "Output": [
                            "PARTIAL count(*)"
                        ],
                        "Workers": [
                            {
                                "Worker Number": 0,
                                "Actual Startup Time": 547.553,
                                "Actual Total Time": 547.561,
                                "Actual Rows": 1,
                                "Actual Loops": 1
                            },
                            {
                                "Worker Number": 1,
                                "Actual Startup Time": 547.563,
                                "Actual Total Time": 547.567,
                                "Actual Rows": 1,
                                "Actual Loops": 1
                            },
                            {
                                "Worker Number": 2,
                                "Actual Startup Time": 548.105,
                                "Actual Total Time": 548.107,
                                "Actual Rows": 1,
                                "Actual Loops": 1
                            },
                            {
                                "Worker Number": 3,
                                "Actual Startup Time": 548.025,
                                "Actual Total Time": 548.033,
                                "Actual Rows": 1,
                                "Actual Loops": 1
                            },
                            {
                                "Worker Number": 4,
                                "Actual Startup Time": 548.051,
                                "Actual Total Time": 548.06,
                                "Actual Rows": 1,
                                "Actual Loops": 1
                            }
                        ],
                        "Plans": [
                            {
                                "Node Type": "Hash Join",
                                "Parent Relationship": "Outer",
                                "Parallel Aware": true,
                                "Join Type": "Inner",
                                "Startup Cost": 47516.26,
                                "Total Cost": 247972.88,
                                "Plan Rows": 154780,
                                "Plan Width": 0,
                                "Actual Startup Time": 303.459,
                                "Actual Total Time": 542.289,
                                "Actual Rows": 180590,
                                "Actual Loops": 6,
                                "Inner Unique": true,
                                "Hash Cond": "(mi.movie_id = t.id)",
                                "Workers": [
                                    {
                                        "Worker Number": 0,
                                        "Actual Startup Time": 301.303,
                                        "Actual Total Time": 540.243,
                                        "Actual Rows": 191071,
                                        "Actual Loops": 1
                                    },
                                    {
                                        "Worker Number": 1,
                                        "Actual Startup Time": 301.339,
                                        "Actual Total Time": 539.839,
                                        "Actual Rows": 123535,
                                        "Actual Loops": 1
                                    },
                                    {
                                        "Worker Number": 2,
                                        "Actual Startup Time": 301.277,
                                        "Actual Total Time": 541.057,
                                        "Actual Rows": 183398,
                                        "Actual Loops": 1
                                    },
                                    {
                                        "Worker Number": 3,
                                        "Actual Startup Time": 301.754,
                                        "Actual Total Time": 540.718,
                                        "Actual Rows": 189685,
                                        "Actual Loops": 1
                                    },
                                    {
                                        "Worker Number": 4,
                                        "Actual Startup Time": 301.796,
                                        "Actual Total Time": 540.99,
                                        "Actual Rows": 183779,
                                        "Actual Loops": 1
                                    }
                                ],
                                "Plans": [
                                    {
                                        "Node Type": "Seq Scan",
                                        "Parent Relationship": "Outer",
                                        "Parallel Aware": true,
                                        "Relation Name": "movie_info",
                                        "Schema": "public",
                                        "Alias": "mi",
                                        "Startup Cost": 0.0,
                                        "Total Cost": 198880.74,
                                        "Plan Rows": 600336,
                                        "Plan Width": 4,
                                        "Actual Startup Time": 70.25,
                                        "Actual Total Time": 297.507,
                                        "Actual Rows": 506120,
                                        "Actual Loops": 6,
                                        "Output": [
                                            "mi.id",
                                            "mi.movie_id",
                                            "mi.info_type_id",
                                            "mi.info",
                                            "mi.note"
                                        ],
                                        "Filter": "(mi.info_type_id = 16)",
                                        "Rows Removed by Filter": 1966500,
                                        "Workers": [
                                            {
                                                "Worker Number": 0,
                                                "Actual Startup Time": 70.246,
                                                "Actual Total Time": 298.537,
                                                "Actual Rows": 537341,
                                                "Actual Loops": 1
                                            },
                                            {
                                                "Worker Number": 1,
                                                "Actual Startup Time": 70.249,
                                                "Actual Total Time": 303.226,
                                                "Actual Rows": 352713,
                                                "Actual Loops": 1
                                            },
                                            {
                                                "Worker Number": 2,
                                                "Actual Startup Time": 70.258,
                                                "Actual Total Time": 297.78,
                                                "Actual Rows": 505727,
                                                "Actual Loops": 1
                                            },
                                            {
                                                "Worker Number": 3,
                                                "Actual Startup Time": 70.241,
                                                "Actual Total Time": 298.225,
                                                "Actual Rows": 531555,
                                                "Actual Loops": 1
                                            },
                                            {
                                                "Worker Number": 4,
                                                "Actual Startup Time": 70.254,
                                                "Actual Total Time": 297.922,
                                                "Actual Rows": 506198,
                                                "Actual Loops": 1
                                            }
                                        ]
                                    },
                                    {
                                        "Node Type": "Hash",
                                        "Parent Relationship": "Inner",
                                        "Parallel Aware": true,
                                        "Startup Cost": 45479.21,
                                        "Total Cost": 45479.21,
                                        "Plan Rows": 162964,
                                        "Plan Width": 4,
                                        "Actual Startup Time": 130.819,
                                        "Actual Total Time": 130.821,
                                        "Actual Rows": 109385,
                                        "Actual Loops": 6,
                                        "Output": [
                                            "t.id"
                                        ],
                                        "Hash Buckets": 1048576,
                                        "Original Hash Buckets": 1048576,
                                        "Hash Batches": 1,
                                        "Original Hash Batches": 1,
                                        "Peak Memory Usage": 33952,
                                        "Workers": [
                                            {
                                                "Worker Number": 0,
                                                "Actual Startup Time": 131.776,
                                                "Actual Total Time": 131.776,
                                                "Actual Rows": 113582,
                                                "Actual Loops": 1
                                            },
                                            {
                                                "Worker Number": 1,
                                                "Actual Startup Time": 131.742,
                                                "Actual Total Time": 131.744,
                                                "Actual Rows": 78893,
                                                "Actual Loops": 1
                                            },
                                            {
                                                "Worker Number": 2,
                                                "Actual Startup Time": 131.893,
                                                "Actual Total Time": 131.894,
                                                "Actual Rows": 110034,
                                                "Actual Loops": 1
                                            },
                                            {
                                                "Worker Number": 3,
                                                "Actual Startup Time": 132.212,
                                                "Actual Total Time": 132.213,
                                                "Actual Rows": 112546,
                                                "Actual Loops": 1
                                            },
                                            {
                                                "Worker Number": 4,
                                                "Actual Startup Time": 132.234,
                                                "Actual Total Time": 132.241,
                                                "Actual Rows": 109344,
                                                "Actual Loops": 1
                                            }
                                        ],
                                        "Plans": [
                                            {
                                                "Node Type": "Seq Scan",
                                                "Parent Relationship": "Outer",
                                                "Parallel Aware": true,
                                                "Relation Name": "title",
                                                "Schema": "public",
                                                "Alias": "t",
                                                "Startup Cost": 0.0,
                                                "Total Cost": 45479.21,
                                                "Plan Rows": 162964,
                                                "Plan Width": 4,
                                                "Actual Startup Time": 45.117,
                                                "Actual Total Time": 85.192,
                                                "Actual Rows": 109385,
                                                "Actual Loops": 6,
                                                "Output": [
                                                    "t.id"
                                                ],
                                                "Filter": "((t.production_year > 0) AND (t.kind_id = 1))",
                                                "Rows Removed by Filter": 312000,
                                                "Workers": [
                                                    {
                                                        "Worker Number": 0,
                                                        "Actual Startup Time": 52.723,
                                                        "Actual Total Time": 85.544,
                                                        "Actual Rows": 113582,
                                                        "Actual Loops": 1
                                                    },
                                                    {
                                                        "Worker Number": 1,
                                                        "Actual Startup Time": 52.736,
                                                        "Actual Total Time": 86.672,
                                                        "Actual Rows": 78893,
                                                        "Actual Loops": 1
                                                    },
                                                    {
                                                        "Worker Number": 2,
                                                        "Actual Startup Time": 52.808,
                                                        "Actual Total Time": 85.547,
                                                        "Actual Rows": 110034,
                                                        "Actual Loops": 1
                                                    },
                                                    {
                                                        "Worker Number": 3,
                                                        "Actual Startup Time": 52.868,
                                                        "Actual Total Time": 85.356,
                                                        "Actual Rows": 112546,
                                                        "Actual Loops": 1
                                                    },
                                                    {
                                                        "Worker Number": 4,
                                                        "Actual Startup Time": 52.915,
                                                        "Actual Total Time": 85.552,
                                                        "Actual Rows": 109344,
                                                        "Actual Loops": 1
                                                    }
                                                ]
                                            }
                                        ]
                                    }
                                ]
                            }
                        ]
                    }
                ]
            }
        ]
    },
    "Planning Time": 0.753,
    "Triggers": [],
    "Execution Time": 605.33
}