[
  {
    "Plan": {
      "Node Type": "Aggregate",
      "Strategy": "Plain",
      "Partial Mode": "Finalize",
      "Parallel Aware": false,
      "Startup Cost": 31844.83,
      "Total Cost": 31844.84,
      "Plan Rows": 1,
      "Plan Width": 8,
      "Actual Startup Time": 96.702,
      "Actual Total Time": 102.157,
      "Actual Rows": 1,
      "Actual Loops": 1,
      "Plans": [
        {
          "Node Type": "Gather",
          "Parent Relationship": "Outer",
          "Parallel Aware": false,
          "Startup Cost": 31844.51,
          "Total Cost": 31844.82,
          "Plan Rows": 3,
          "Plan Width": 8,
          "Actual Startup Time": 96.63,
          "Actual Total Time": 102.152,
          "Actual Rows": 4,
          "Actual Loops": 1,
          "Workers Planned": 3,
          "Workers Launched": 3,
          "Single Copy": false,
          "Plans": [
            {
              "Node Type": "Aggregate",
              "Strategy": "Plain",
              "Partial Mode": "Partial",
              "Parent Relationship": "Outer",
              "Parallel Aware": false,
              "Startup Cost": 30844.51,
              "Total Cost": 30844.52,
              "Plan Rows": 1,
              "Plan Width": 8,
              "Actual Startup Time": 93.404,
              "Actual Total Time": 93.404,
              "Actual Rows": 1,
              "Actual Loops": 4,
              "Plans": [
                {
                  "Node Type": "Seq Scan",
                  "Parent Relationship": "Outer",
                  "Parallel Aware": true,
                  "Relation Name": "movie_companies",
                  "Alias": "mc",
                  "Startup Cost": 0.0,
                  "Total Cost": 29310.68,
                  "Plan Rows": 613531,
                  "Plan Width": 0,
                  "Actual Startup Time": 0.744,
                  "Actual Total Time": 72.337,
                  "Actual Rows": 476172,
                  "Actual Loops": 4,
                  "Filter": "(company_id > 1310)",
                  "Rows Removed by Filter": 176110
                }
              ]
            }
          ]
        }
      ]
    },
    "Planning Time": 0.179,
    "Triggers": [],
    "Execution Time": 102.209
  }
]