{
    "Plan": {
        "Node Type": "Aggregate",
        "Strategy": "Plain",
        "Partial Mode": "Simple",
        "Parallel Aware": false,
        "Startup Cost": 10038580221.75,
        "Total Cost": 10038580221.76,
        "Plan Rows": 1,
        "Plan Width": 8,
        "Actual Startup Time": 38489.079,
        "Actual Total Time": 38489.084,
        "Actual Rows": 1,
        "Actual Loops": 1,
        "Output": [
            "count(*)"
        ],
        "Plans": [
            {
                "Node Type": "Hash Join",
                "Parent Relationship": "Outer",
                "Parallel Aware": false,
                "Join Type": "Inner",
                "Startup Cost": 10000207830.38,
                "Total Cost": 10038541574.09,
                "Plan Rows": 15459066,
                "Plan Width": 0,
                "Actual Startup Time": 1863.426,
                "Actual Total Time": 37966.288,
                "Actual Rows": 13152405,
                "Actual Loops": 1,
                "Inner Unique": false,
                "Hash Cond": "(t.id = mk.movie_id)",
                "Plans": [
                    {
                        "Node Type": "Hash Join",
                        "Parent Relationship": "Outer",
                        "Parallel Aware": false,
                        "Join Type": "Inner",
                        "Startup Cost": 10000107634.5,
                        "Total Cost": 10002277707.32,
                        "Plan Rows": 23847073,
                        "Plan Width": 8,
                        "Actual Startup Time": 744.892,
                        "Actual Total Time": 34736.119,
                        "Actual Rows": 23008535,
                        "Actual Loops": 1,
                        "Output": [
                            "t.id",
                            "ci.movie_id"
                        ],
                        "Inner Unique": true,
                        "Hash Cond": "(ci.movie_id = t.id)",
                        "Plans": [
                            {
                                "Node Type": "Index Scan",
                                "Parent Relationship": "Outer",
                                "Parallel Aware": false,
                                "Scan Direction": "Forward",
                                "Index Name": "movie_id_cast_info",
                                "Relation Name": "cast_info",
                                "Schema": "public",
                                "Alias": "ci",
                                "Startup Cost": 10000000000.57,
                                "Total Cost": 10002074909.69,
                                "Plan Rows": 36252776,
                                "Plan Width": 4,
                                "Actual Startup Time": 0.029,
                                "Actual Total Time": 28350.734,
                                "Actual Rows": 36244344,
                                "Actual Loops": 1,
                                "Output": [
                                    "ci.id",
                                    "ci.person_id",
                                    "ci.movie_id",
                                    "ci.person_role_id",
                                    "ci.note",
                                    "ci.nr_order",
                                    "ci.role_id"
                                ]
                            },
                            {
                                "Node Type": "Hash",
                                "Parent Relationship": "Inner",
                                "Parallel Aware": false,
                                "Startup Cost": 86844.81,
                                "Total Cost": 86844.81,
                                "Plan Rows": 1663130,
                                "Plan Width": 4,
                                "Actual Startup Time": 737.356,
                                "Actual Total Time": 737.358,
                                "Actual Rows": 1674098,
                                "Actual Loops": 1,
                                "Output": [
                                    "t.id"
                                ],
                                "Hash Buckets": 2097152,
                                "Original Hash Buckets": 2097152,
                                "Hash Batches": 1,
                                "Original Hash Batches": 1,
                                "Peak Memory Usage": 75240,
                                "Plans": [
                                    {
                                        "Node Type": "Bitmap Heap Scan",
                                        "Parent Relationship": "Outer",
                                        "Parallel Aware": false,
                                        "Relation Name": "title",
                                        "Schema": "public",
                                        "Alias": "t",
                                        "Startup Cost": 30057.69,
                                        "Total Cost": 86844.81,
                                        "Plan Rows": 1663130,
                                        "Plan Width": 4,
                                        "Actual Startup Time": 60.731,
                                        "Actual Total Time": 381.799,
                                        "Actual Rows": 1674098,
                                        "Actual Loops": 1,
                                        "Output": [
                                            "t.id"
                                        ],
                                        "Recheck Cond": "(t.kind_id > 3)",
                                        "Rows Removed by Index Recheck": 0,
                                        "Exact Heap Blocks": 35994,
                                        "Lossy Heap Blocks": 0,
                                        "Plans": [
                                            {
                                                "Node Type": "Bitmap Index Scan",
                                                "Parent Relationship": "Outer",
                                                "Parallel Aware": false,
                                                "Index Name": "kind_id_title",
                                                "Startup Cost": 0.0,
                                                "Total Cost": 29641.9,
                                                "Plan Rows": 1663130,
                                                "Plan Width": 0,
                                                "Actual Startup Time": 55.801,
                                                "Actual Total Time": 55.801,
                                                "Actual Rows": 1674098,
                                                "Actual Loops": 1,
                                                "Index Cond": "(t.kind_id > 3)"
                                            }
                                        ]
                                    }
                                ]
                            }
                        ]
                    },
                    {
                        "Node Type": "Hash",
                        "Parent Relationship": "Inner",
                        "Parallel Aware": false,
                        "Startup Cost": 79708.3,
                        "Total Cost": 79708.3,
                        "Plan Rows": 1639006,
                        "Plan Width": 4,
                        "Actual Startup Time": 609.767,
                        "Actual Total Time": 609.769,
                        "Actual Rows": 1616139,
                        "Actual Loops": 1,
                        "Output": [
                            "mk.movie_id"
                        ],
                        "Hash Buckets": 2097152,
                        "Original Hash Buckets": 2097152,
                        "Hash Batches": 1,
                        "Original Hash Batches": 1,
                        "Peak Memory Usage": 73202,
                        "Plans": [
                            {
                                "Node Type": "Bitmap Heap Scan",
                                "Parent Relationship": "Outer",
                                "Parallel Aware": false,
                                "Relation Name": "movie_keyword",
                                "Schema": "public",
                                "Alias": "mk",
                                "Startup Cost": 34766.73,
                                "Total Cost": 79708.3,
                                "Plan Rows": 1639006,
                                "Plan Width": 4,
                                "Actual Startup Time": 108.309,
                                "Actual Total Time": 382.05,
                                "Actual Rows": 1616139,
                                "Actual Loops": 1,
                                "Output": [
                                    "mk.movie_id"
                                ],
                                "Recheck Cond": "(mk.keyword_id > 9341)",
                                "Rows Removed by Index Recheck": 0,
                                "Exact Heap Blocks": 24295,
                                "Lossy Heap Blocks": 0,
                                "Plans": [
                                    {
                                        "Node Type": "Bitmap Index Scan",
                                        "Parent Relationship": "Outer",
                                        "Parallel Aware": false,
                                        "Index Name": "keyword_id_movie_keyword",
                                        "Startup Cost": 0.0,
                                        "Total Cost": 34356.98,
                                        "Plan Rows": 1639006,
                                        "Plan Width": 0,
                                        "Actual Startup Time": 105.267,
                                        "Actual Total Time": 105.268,
                                        "Actual Rows": 1616139,
                                        "Actual Loops": 1,
                                        "Index Cond": "(mk.keyword_id > 9341)"
                                    }
                                ]
                            }
                        ]
                    }
                ]
            }
        ]
    },
    "Planning Time": 3.218,
    "Triggers": [],
    "Execution Time": 38492.702
}