[
  {
    "Plan": {
      "Node Type": "Aggregate",
      "Strategy": "Plain",
      "Partial Mode": "Finalize",
      "Parallel Aware": false,
      "Startup Cost": 357624.91,
      "Total Cost": 357624.92,
      "Plan Rows": 1,
      "Plan Width": 8,
      "Actual Startup Time": 681.723,
      "Actual Total Time": 706.109,
      "Actual Rows": 1,
      "Actual Loops": 1,
      "Plans": [
        {
          "Node Type": "Gather",
          "Parent Relationship": "Outer",
          "Parallel Aware": false,
          "Startup Cost": 357624.28,
          "Total Cost": 357624.89,
          "Plan Rows": 6,
          "Plan Width": 8,
          "Actual Startup Time": 655.16,
          "Actual Total Time": 706.099,
          "Actual Rows": 7,
          "Actual Loops": 1,
          "Workers Planned": 6,
          "Workers Launched": 6,
          "Single Copy": false,
          "Plans": [
            {
              "Node Type": "Aggregate",
              "Strategy": "Plain",
              "Partial Mode": "Partial",
              "Parent Relationship": "Outer",
              "Parallel Aware": false,
              "Startup Cost": 356624.28,
              "Total Cost": 356624.29,
              "Plan Rows": 1,
              "Plan Width": 8,
              "Actual Startup Time": 630.316,
              "Actual Total Time": 630.319,
              "Actual Rows": 1,
              "Actual Loops": 7,
              "Plans": [
                {
                  "Node Type": "Hash Join",
                  "Parent Relationship": "Outer",
                  "Parallel Aware": true,
                  "Join Type": "Inner",
                  "Startup Cost": 97694.37,
                  "Total Cost": 356216.61,
                  "Plan Rows": 163069,
                  "Plan Width": 0,
                  "Actual Startup Time": 396.298,
                  "Actual Total Time": 616.411,
                  "Actual Rows": 296784,
                  "Actual Loops": 7,
                  "Inner Unique": true,
                  "Hash Cond": "(ci.movie_id = t.id)",
                  "Plans": [
                    {
                      "Node Type": "Bitmap Heap Scan",
                      "Parent Relationship": "Outer",
                      "Parallel Aware": true,
                      "Relation Name": "cast_info",
                      "Alias": "ci",
                      "Startup Cost": 47474.72,
                      "Total Cost": 305568.91,
                      "Plan Rows": 163069,
                      "Plan Width": 4,
                      "Actual Startup Time": 144.421,
                      "Actual Total Time": 222.397,
                      "Actual Rows": 296784,
                      "Actual Loops": 7,
                      "Recheck Cond": "(person_id > 3655155)",
                      "Rows Removed by Index Recheck": 0,
                      "Filter": "(role_id > 2)",
                      "Rows Removed by Filter": 0,
                      "Exact Heap Blocks": 4479,
                      "Lossy Heap Blocks": 0,
                      "Plans": [
                        {
                          "Node Type": "Bitmap Index Scan",
                          "Parent Relationship": "Outer",
                          "Parallel Aware": false,
                          "Index Name": "person_id_cast_info",
                          "Startup Cost": 0.0,
                          "Total Cost": 47230.12,
                          "Plan Rows": 2162874,
                          "Plan Width": 0,
                          "Actual Startup Time": 136.257,
                          "Actual Total Time": 136.257,
                          "Actual Rows": 2077485,
                          "Actual Loops": 1,
                          "Index Cond": "(person_id > 3655155)"
                        }
                      ]
                    },
                    {
                      "Node Type": "Hash",
                      "Parent Relationship": "Inner",
                      "Parallel Aware": true,
                      "Startup Cost": 42318.73,
                      "Total Cost": 42318.73,
                      "Plan Rows": 632073,
                      "Plan Width": 4,
                      "Actual Startup Time": 244.941,
                      "Actual Total Time": 244.942,
                      "Actual Rows": 361187,
                      "Actual Loops": 7,
                      "Hash Buckets": 4194304,
                      "Original Hash Buckets": 4194304,
                      "Hash Batches": 1,
                      "Original Hash Batches": 1,
                      "Peak Memory Usage": 131744,
                      "Plans": [
                        {
                          "Node Type": "Seq Scan",
                          "Parent Relationship": "Outer",
                          "Parallel Aware": true,
                          "Relation Name": "title",
                          "Alias": "t",
                          "Startup Cost": 0.0,
                          "Total Cost": 42318.73,
                          "Plan Rows": 632073,
                          "Plan Width": 4,
                          "Actual Startup Time": 0.042,
                          "Actual Total Time": 72.606,
                          "Actual Rows": 361187,
                          "Actual Loops": 7
                        }
                      ]
                    }
                  ]
                }
              ]
            }
          ]
        }
      ]
    },
    "Planning Time": 0.653,
    "Triggers": [],
    "Execution Time": 706.212
  }
]