[
  {
    "Plan": {
      "Node Type": "Aggregate",
      "Strategy": "Plain",
      "Partial Mode": "Finalize",
      "Parallel Aware": false,
      "Startup Cost": 32858.21,
      "Total Cost": 32858.22,
      "Plan Rows": 1,
      "Plan Width": 8,
      "Actual Startup Time": 105.588,
      "Actual Total Time": 113.686,
      "Actual Rows": 1,
      "Actual Loops": 1,
      "Plans": [
        {
          "Node Type": "Gather",
          "Parent Relationship": "Outer",
          "Parallel Aware": false,
          "Startup Cost": 32857.9,
          "Total Cost": 32858.21,
          "Plan Rows": 3,
          "Plan Width": 8,
          "Actual Startup Time": 105.47,
          "Actual Total Time": 113.676,
          "Actual Rows": 4,
          "Actual Loops": 1,
          "Workers Planned": 3,
          "Workers Launched": 3,
          "Single Copy": false,
          "Plans": [
            {
              "Node Type": "Aggregate",
              "Strategy": "Plain",
              "Partial Mode": "Partial",
              "Parent Relationship": "Outer",
              "Parallel Aware": false,
              "Startup Cost": 31857.9,
              "Total Cost": 31857.91,
              "Plan Rows": 1,
              "Plan Width": 8,
              "Actual Startup Time": 96.537,
              "Actual Total Time": 96.538,
              "Actual Rows": 1,
              "Actual Loops": 4,
              "Plans": [
                {
                  "Node Type": "Seq Scan",
                  "Parent Relationship": "Outer",
                  "Parallel Aware": true,
                  "Relation Name": "movie_companies",
                  "Alias": "mc",
                  "Startup Cost": 0.0,
                  "Total Cost": 31414.82,
                  "Plan Rows": 177231,
                  "Plan Width": 0,
                  "Actual Startup Time": 0.038,
                  "Actual Total Time": 83.055,
                  "Actual Rows": 191032,
                  "Actual Loops": 4,
                  "Filter": "((company_id < 8245) AND (company_type_id = 1))",
                  "Rows Removed by Filter": 461250
                }
              ]
            }
          ]
        }
      ]
    },
    "Planning Time": 0.194,
    "Triggers": [],
    "Execution Time": 113.736
  }
]