{
    "Plan": {
        "Node Type": "Aggregate",
        "Strategy": "Plain",
        "Partial Mode": "Finalize",
        "Parallel Aware": false,
        "Startup Cost": 96401.18,
        "Total Cost": 96401.19,
        "Plan Rows": 1,
        "Plan Width": 8,
        "Actual Startup Time": 457.851,
        "Actual Total Time": 478.981,
        "Actual Rows": 1,
        "Actual Loops": 1,
        "Output": [
            "count(*)"
        ],
        "Plans": [
            {
                "Node Type": "Gather",
                "Parent Relationship": "Outer",
                "Parallel Aware": false,
                "Startup Cost": 96400.87,
                "Total Cost": 96401.18,
                "Plan Rows": 3,
                "Plan Width": 8,
                "Actual Startup Time": 454.289,
                "Actual Total Time": 478.972,
                "Actual Rows": 4,
                "Actual Loops": 1,
                "Output": [
                    "(PARTIAL count(*))"
                ],
                "Workers Planned": 3,
                "Workers Launched": 3,
                "Single Copy": false,
                "Plans": [
                    {
                        "Node Type": "Aggregate",
                        "Strategy": "Plain",
                        "Partial Mode": "Partial",
                        "Parent Relationship": "Outer",
                        "Parallel Aware": false,
                        "Startup Cost": 95400.87,
                        "Total Cost": 95400.88,
                        "Plan Rows": 1,
                        "Plan Width": 8,
                        "Actual Startup Time": 441.554,
                        "Actual Total Time": 441.557,
                        "Actual Rows": 1,
                        "Actual Loops": 4,
                        "Output": [
                            "PARTIAL count(*)"
                        ],
                        "Workers": [
                            {
                                "Worker Number": 0,
                                "Actual Startup Time": 437.521,
                                "Actual Total Time": 437.524,
                                "Actual Rows": 1,
                                "Actual Loops": 1
                            },
                            {
                                "Worker Number": 1,
                                "Actual Startup Time": 437.513,
                                "Actual Total Time": 437.516,
                                "Actual Rows": 1,
                                "Actual Loops": 1
                            },
                            {
                                "Worker Number": 2,
                                "Actual Startup Time": 437.547,
                                "Actual Total Time": 437.55,
                                "Actual Rows": 1,
                                "Actual Loops": 1
                            }
                        ],
                        "Plans": [
                            {
                                "Node Type": "Hash Join",
                                "Parent Relationship": "Outer",
                                "Parallel Aware": true,
                                "Join Type": "Inner",
                                "Startup Cost": 48689.12,
                                "Total Cost": 93930.8,
                                "Plan Rows": 588027,
                                "Plan Width": 0,
                                "Actual Startup Time": 238.745,
                                "Actual Total Time": 436.96,
                                "Actual Rows": 113120,
                                "Actual Loops": 4,
                                "Inner Unique": true,
                                "Hash Cond": "(mk.movie_id = t.id)",
                                "Workers": [
                                    {
                                        "Worker Number": 0,
                                        "Actual Startup Time": 234.878,
                                        "Actual Total Time": 433.133,
                                        "Actual Rows": 108321,
                                        "Actual Loops": 1
                                    },
                                    {
                                        "Worker Number": 1,
                                        "Actual Startup Time": 234.896,
                                        "Actual Total Time": 433.147,
                                        "Actual Rows": 109204,
                                        "Actual Loops": 1
                                    },
                                    {
                                        "Worker Number": 2,
                                        "Actual Startup Time": 234.915,
                                        "Actual Total Time": 433.157,
                                        "Actual Rows": 109596,
                                        "Actual Loops": 1
                                    }
                                ],
                                "Plans": [
                                    {
                                        "Node Type": "Seq Scan",
                                        "Parent Relationship": "Outer",
                                        "Parallel Aware": true,
                                        "Relation Name": "movie_keyword",
                                        "Schema": "public",
                                        "Alias": "mk",
                                        "Startup Cost": 0.0,
                                        "Total Cost": 42695.65,
                                        "Plan Rows": 969915,
                                        "Plan Width": 4,
                                        "Actual Startup Time": 0.096,
                                        "Actual Total Time": 115.805,
                                        "Actual Rows": 750818,
                                        "Actual Loops": 4,
                                        "Output": [
                                            "mk.id",
                                            "mk.movie_id",
                                            "mk.keyword_id"
                                        ],
                                        "Filter": "(mk.keyword_id > 2199)",
                                        "Rows Removed by Filter": 380164,
                                        "Workers": [
                                            {
                                                "Worker Number": 0,
                                                "Actual Startup Time": 0.11,
                                                "Actual Total Time": 118.742,
                                                "Actual Rows": 715789,
                                                "Actual Loops": 1
                                            },
                                            {
                                                "Worker Number": 1,
                                                "Actual Startup Time": 0.072,
                                                "Actual Total Time": 119.0,
                                                "Actual Rows": 719965,
                                                "Actual Loops": 1
                                            },
                                            {
                                                "Worker Number": 2,
                                                "Actual Startup Time": 0.082,
                                                "Actual Total Time": 118.997,
                                                "Actual Rows": 720494,
                                                "Actual Loops": 1
                                            }
                                        ]
                                    },
                                    {
                                        "Node Type": "Hash",
                                        "Parent Relationship": "Inner",
                                        "Parallel Aware": true,
                                        "Startup Cost": 43899.01,
                                        "Total Cost": 43899.01,
                                        "Plan Rows": 383209,
                                        "Plan Width": 4,
                                        "Actual Startup Time": 230.765,
                                        "Actual Total Time": 230.766,
                                        "Actual Rows": 385816,
                                        "Actual Loops": 4,
                                        "Output": [
                                            "t.id"
                                        ],
                                        "Hash Buckets": 2097152,
                                        "Original Hash Buckets": 2097152,
                                        "Hash Batches": 1,
                                        "Original Hash Batches": 1,
                                        "Peak Memory Usage": 76800,
                                        "Workers": [
                                            {
                                                "Worker Number": 0,
                                                "Actual Startup Time": 234.164,
                                                "Actual Total Time": 234.165,
                                                "Actual Rows": 355098,
                                                "Actual Loops": 1
                                            },
                                            {
                                                "Worker Number": 1,
                                                "Actual Startup Time": 234.168,
                                                "Actual Total Time": 234.168,
                                                "Actual Rows": 359814,
                                                "Actual Loops": 1
                                            },
                                            {
                                                "Worker Number": 2,
                                                "Actual Startup Time": 234.176,
                                                "Actual Total Time": 234.177,
                                                "Actual Rows": 358209,
                                                "Actual Loops": 1
                                            }
                                        ],
                                        "Plans": [
                                            {
                                                "Node Type": "Seq Scan",
                                                "Parent Relationship": "Outer",
                                                "Parallel Aware": true,
                                                "Relation Name": "title",
                                                "Schema": "public",
                                                "Alias": "t",
                                                "Startup Cost": 0.0,
                                                "Total Cost": 43899.01,
                                                "Plan Rows": 383209,
                                                "Plan Width": 4,
                                                "Actual Startup Time": 0.056,
                                                "Actual Total Time": 99.364,
                                                "Actual Rows": 385816,
                                                "Actual Loops": 4,
                                                "Output": [
                                                    "t.id"
                                                ],
                                                "Filter": "(t.kind_id = 7)",
                                                "Rows Removed by Filter": 246262,
                                                "Workers": [
                                                    {
                                                        "Worker Number": 0,
                                                        "Actual Startup Time": 0.074,
                                                        "Actual Total Time": 102.636,
                                                        "Actual Rows": 355098,
                                                        "Actual Loops": 1
                                                    },
                                                    {
                                                        "Worker Number": 1,
                                                        "Actual Startup Time": 0.063,
                                                        "Actual Total Time": 102.735,
                                                        "Actual Rows": 359814,
                                                        "Actual Loops": 1
                                                    },
                                                    {
                                                        "Worker Number": 2,
                                                        "Actual Startup Time": 0.072,
                                                        "Actual Total Time": 102.517,
                                                        "Actual Rows": 358209,
                                                        "Actual Loops": 1
                                                    }
                                                ]
                                            }
                                        ]
                                    }
                                ]
                            }
                        ]
                    }
                ]
            }
        ]
    },
    "Planning Time": 0.748,
    "Triggers": [],
    "Execution Time": 479.056
}