[
  {
    "Plan": {
      "Node Type": "Aggregate",
      "Strategy": "Plain",
      "Partial Mode": "Finalize",
      "Parallel Aware": false,
      "Startup Cost": 46972.39,
      "Total Cost": 46972.4,
      "Plan Rows": 1,
      "Plan Width": 8,
      "Actual Startup Time": 98.093,
      "Actual Total Time": 112.056,
      "Actual Rows": 1,
      "Actual Loops": 1,
      "Plans": [
        {
          "Node Type": "Gather",
          "Parent Relationship": "Outer",
          "Parallel Aware": false,
          "Startup Cost": 46971.97,
          "Total Cost": 46972.38,
          "Plan Rows": 4,
          "Plan Width": 8,
          "Actual Startup Time": 97.868,
          "Actual Total Time": 112.046,
          "Actual Rows": 5,
          "Actual Loops": 1,
          "Workers Planned": 4,
          "Workers Launched": 4,
          "Single Copy": false,
          "Plans": [
            {
              "Node Type": "Aggregate",
              "Strategy": "Plain",
              "Partial Mode": "Partial",
              "Parent Relationship": "Outer",
              "Parallel Aware": false,
              "Startup Cost": 45971.97,
              "Total Cost": 45971.98,
              "Plan Rows": 1,
              "Plan Width": 8,
              "Actual Startup Time": 93.392,
              "Actual Total Time": 93.394,
              "Actual Rows": 1,
              "Actual Loops": 5,
              "Plans": [
                {
                  "Node Type": "Seq Scan",
                  "Parent Relationship": "Outer",
                  "Parallel Aware": true,
                  "Relation Name": "title",
                  "Alias": "t",
                  "Startup Cost": 0.0,
                  "Total Cost": 45479.59,
                  "Plan Rows": 196953,
                  "Plan Width": 0,
                  "Actual Startup Time": 0.025,
                  "Actual Total Time": 86.124,
                  "Actual Rows": 137157,
                  "Actual Loops": 5,
                  "Filter": "((kind_id > 3) AND (production_year < 2003))",
                  "Rows Removed by Filter": 368505
                }
              ]
            }
          ]
        }
      ]
    },
    "Planning Time": 0.157,
    "Triggers": [],
    "Execution Time": 112.113
  }
]