[
  {
    "Plan": {
      "Node Type": "Aggregate",
      "Strategy": "Plain",
      "Partial Mode": "Finalize",
      "Parallel Aware": false,
      "Startup Cost": 46043.82,
      "Total Cost": 46043.83,
      "Plan Rows": 1,
      "Plan Width": 8,
      "Actual Startup Time": 139.696,
      "Actual Total Time": 147.411,
      "Actual Rows": 1,
      "Actual Loops": 1,
      "Plans": [
        {
          "Node Type": "Gather",
          "Parent Relationship": "Outer",
          "Parallel Aware": false,
          "Startup Cost": 46043.5,
          "Total Cost": 46043.81,
          "Plan Rows": 3,
          "Plan Width": 8,
          "Actual Startup Time": 139.614,
          "Actual Total Time": 147.406,
          "Actual Rows": 4,
          "Actual Loops": 1,
          "Workers Planned": 3,
          "Workers Launched": 3,
          "Single Copy": false,
          "Plans": [
            {
              "Node Type": "Aggregate",
              "Strategy": "Plain",
              "Partial Mode": "Partial",
              "Parent Relationship": "Outer",
              "Parallel Aware": false,
              "Startup Cost": 45043.5,
              "Total Cost": 45043.51,
              "Plan Rows": 1,
              "Plan Width": 8,
              "Actual Startup Time": 135.87,
              "Actual Total Time": 135.871,
              "Actual Rows": 1,
              "Actual Loops": 4,
              "Plans": [
                {
                  "Node Type": "Seq Scan",
                  "Parent Relationship": "Outer",
                  "Parallel Aware": true,
                  "Relation Name": "movie_keyword",
                  "Alias": "mk",
                  "Startup Cost": 0.0,
                  "Total Cost": 42695.65,
                  "Plan Rows": 939139,
                  "Plan Width": 0,
                  "Actual Startup Time": 0.024,
                  "Actual Total Time": 104.188,
                  "Actual Rows": 733106,
                  "Actual Loops": 4,
                  "Filter": "(keyword_id < 9712)",
                  "Rows Removed by Filter": 397877
                }
              ]
            }
          ]
        }
      ]
    },
    "Planning Time": 0.071,
    "Triggers": [],
    "Execution Time": 147.435
  }
]