[
  {
    "Plan": {
      "Node Type": "Aggregate",
      "Strategy": "Plain",
      "Partial Mode": "Finalize",
      "Parallel Aware": false,
      "Startup Cost": 381136.39,
      "Total Cost": 381136.4,
      "Plan Rows": 1,
      "Plan Width": 8,
      "Actual Startup Time": 1047.199,
      "Actual Total Time": 1111.1,
      "Actual Rows": 1,
      "Actual Loops": 1,
      "Plans": [
        {
          "Node Type": "Gather",
          "Parent Relationship": "Outer",
          "Parallel Aware": false,
          "Startup Cost": 381135.77,
          "Total Cost": 381136.38,
          "Plan Rows": 6,
          "Plan Width": 8,
          "Actual Startup Time": 1045.458,
          "Actual Total Time": 1111.09,
          "Actual Rows": 7,
          "Actual Loops": 1,
          "Workers Planned": 6,
          "Workers Launched": 6,
          "Single Copy": false,
          "Plans": [
            {
              "Node Type": "Aggregate",
              "Strategy": "Plain",
              "Partial Mode": "Partial",
              "Parent Relationship": "Outer",
              "Parallel Aware": false,
              "Startup Cost": 380135.77,
              "Total Cost": 380135.78,
              "Plan Rows": 1,
              "Plan Width": 8,
              "Actual Startup Time": 1036.394,
              "Actual Total Time": 1036.397,
              "Actual Rows": 1,
              "Actual Loops": 7,
              "Plans": [
                {
                  "Node Type": "Hash Join",
                  "Parent Relationship": "Outer",
                  "Parallel Aware": true,
                  "Join Type": "Inner",
                  "Startup Cost": 44384.32,
                  "Total Cost": 379716.25,
                  "Plan Rows": 167806,
                  "Plan Width": 0,
                  "Actual Startup Time": 403.727,
                  "Actual Total Time": 1032.928,
                  "Actual Rows": 67886,
                  "Actual Loops": 7,
                  "Inner Unique": true,
                  "Hash Cond": "(ci.movie_id = t.id)",
                  "Plans": [
                    {
                      "Node Type": "Seq Scan",
                      "Parent Relationship": "Outer",
                      "Parallel Aware": true,
                      "Relation Name": "cast_info",
                      "Alias": "ci",
                      "Startup Cost": 0.0,
                      "Total Cost": 328162.03,
                      "Plan Rows": 2731391,
                      "Plan Width": 4,
                      "Actual Startup Time": 320.103,
                      "Actual Total Time": 648.448,
                      "Actual Rows": 2303098,
                      "Actual Loops": 7,
                      "Filter": "(role_id > 2)",
                      "Rows Removed by Filter": 2874666
                    },
                    {
                      "Node Type": "Hash",
                      "Parent Relationship": "Inner",
                      "Parallel Aware": true,
                      "Startup Cost": 43898.92,
                      "Total Cost": 43898.92,
                      "Plan Rows": 38832,
                      "Plan Width": 4,
                      "Actual Startup Time": 81.794,
                      "Actual Total Time": 81.795,
                      "Actual Rows": 22905,
                      "Actual Loops": 7,
                      "Hash Buckets": 262144,
                      "Original Hash Buckets": 262144,
                      "Hash Batches": 1,
                      "Original Hash Batches": 1,
                      "Peak Memory Usage": 8448,
                      "Plans": [
                        {
                          "Node Type": "Seq Scan",
                          "Parent Relationship": "Outer",
                          "Parallel Aware": true,
                          "Relation Name": "title",
                          "Alias": "t",
                          "Startup Cost": 0.0,
                          "Total Cost": 43898.92,
                          "Plan Rows": 38832,
                          "Plan Width": 4,
                          "Actual Startup Time": 0.787,
                          "Actual Total Time": 71.629,
                          "Actual Rows": 22905,
                          "Actual Loops": 7,
                          "Filter": "(production_year < 1949)",
                          "Rows Removed by Filter": 338282
                        }
                      ]
                    }
                  ]
                }
              ]
            }
          ]
        }
      ]
    },
    "Planning Time": 0.313,
    "Triggers": [],
    "Execution Time": 1111.16
  }
]