[
  {
    "Plan": {
      "Node Type": "Aggregate",
      "Strategy": "Plain",
      "Partial Mode": "Finalize",
      "Parallel Aware": false,
      "Startup Cost": 93690.94,
      "Total Cost": 93690.95,
      "Plan Rows": 1,
      "Plan Width": 8,
      "Actual Startup Time": 564.657,
      "Actual Total Time": 586.056,
      "Actual Rows": 1,
      "Actual Loops": 1,
      "Plans": [
        {
          "Node Type": "Gather",
          "Parent Relationship": "Outer",
          "Parallel Aware": false,
          "Startup Cost": 93690.62,
          "Total Cost": 93690.93,
          "Plan Rows": 3,
          "Plan Width": 8,
          "Actual Startup Time": 557.25,
          "Actual Total Time": 586.043,
          "Actual Rows": 4,
          "Actual Loops": 1,
          "Workers Planned": 3,
          "Workers Launched": 3,
          "Single Copy": false,
          "Plans": [
            {
              "Node Type": "Aggregate",
              "Strategy": "Plain",
              "Partial Mode": "Partial",
              "Parent Relationship": "Outer",
              "Parallel Aware": false,
              "Startup Cost": 92690.62,
              "Total Cost": 92690.63,
              "Plan Rows": 1,
              "Plan Width": 8,
              "Actual Startup Time": 538.862,
              "Actual Total Time": 538.866,
              "Actual Rows": 1,
              "Actual Loops": 4,
              "Plans": [
                {
                  "Node Type": "Hash Join",
                  "Parent Relationship": "Outer",
                  "Parallel Aware": true,
                  "Join Type": "Inner",
                  "Startup Cost": 64691.52,
                  "Total Cost": 92211.97,
                  "Plan Rows": 191461,
                  "Plan Width": 0,
                  "Actual Startup Time": 406.56,
                  "Actual Total Time": 530.51,
                  "Actual Rows": 157395,
                  "Actual Loops": 4,
                  "Inner Unique": true,
                  "Hash Cond": "(mk.movie_id = t.id)",
                  "Plans": [
                    {
                      "Node Type": "Bitmap Heap Scan",
                      "Parent Relationship": "Outer",
                      "Parallel Aware": true,
                      "Relation Name": "movie_keyword",
                      "Alias": "mk",
                      "Startup Cost": 13331.28,
                      "Total Cost": 40319.53,
                      "Plan Rows": 202741,
                      "Plan Width": 4,
                      "Actual Startup Time": 39.475,
                      "Actual Total Time": 99.695,
                      "Actual Rows": 159910,
                      "Actual Loops": 4,
                      "Recheck Cond": "(keyword_id < 496)",
                      "Rows Removed by Index Recheck": 0,
                      "Exact Heap Blocks": 5076,
                      "Lossy Heap Blocks": 0,
                      "Plans": [
                        {
                          "Node Type": "Bitmap Index Scan",
                          "Parent Relationship": "Outer",
                          "Parallel Aware": false,
                          "Index Name": "keyword_id_movie_keyword",
                          "Startup Cost": 0.0,
                          "Total Cost": 13174.15,
                          "Plan Rows": 628496,
                          "Plan Width": 0,
                          "Actual Startup Time": 35.792,
                          "Actual Total Time": 35.793,
                          "Actual Rows": 639638,
                          "Actual Loops": 1,
                          "Index Cond": "(keyword_id < 496)"
                        }
                      ]
                    },
                    {
                      "Node Type": "Hash",
                      "Parent Relationship": "Inner",
                      "Parallel Aware": true,
                      "Startup Cost": 43898.92,
                      "Total Cost": 43898.92,
                      "Plan Rows": 596906,
                      "Plan Width": 4,
                      "Actual Startup Time": 355.381,
                      "Actual Total Time": 355.382,
                      "Actual Rows": 597219,
                      "Actual Loops": 4,
                      "Hash Buckets": 4194304,
                      "Original Hash Buckets": 4194304,
                      "Hash Batches": 1,
                      "Original Hash Batches": 1,
                      "Peak Memory Usage": 126304,
                      "Plans": [
                        {
                          "Node Type": "Seq Scan",
                          "Parent Relationship": "Outer",
                          "Parallel Aware": true,
                          "Relation Name": "title",
                          "Alias": "t",
                          "Startup Cost": 0.0,
                          "Total Cost": 43898.92,
                          "Plan Rows": 596906,
                          "Plan Width": 4,
                          "Actual Startup Time": 0.043,
                          "Actual Total Time": 117.616,
                          "Actual Rows": 597219,
                          "Actual Loops": 4,
                          "Filter": "(production_year < 2013)",
                          "Rows Removed by Filter": 34859
                        }
                      ]
                    }
                  ]
                }
              ]
            }
          ]
        }
      ]
    },
    "Planning Time": 0.612,
    "Triggers": [],
    "Execution Time": 586.153
  }
]