{
  "Plan": {
    "Node Type": "Aggregate",
    "Strategy": "Plain",
    "Partial Mode": "Finalize",
    "Parallel Aware": false,
    "Startup Cost": 160874.28,
    "Total Cost": 160874.29,
    "Plan Rows": 1,
    "Plan Width": 8,
    "Actual Startup Time": 1099.365,
    "Actual Total Time": 1149.97,
    "Actual Rows": 1,
    "Actual Loops": 1,
    "Plans": [
      {
        "Node Type": "Gather",
        "Parent Relationship": "Outer",
        "Parallel Aware": false,
        "Startup Cost": 160874.16,
        "Total Cost": 160874.27,
        "Plan Rows": 1,
        "Plan Width": 8,
        "Actual Startup Time": 1094.466,
        "Actual Total Time": 1149.961,
        "Actual Rows": 2,
        "Actual Loops": 1,
        "Workers Planned": 1,
        "Workers Launched": 1,
        "Single Copy": false,
        "Plans": [
          {
            "Node Type": "Aggregate",
            "Strategy": "Plain",
            "Partial Mode": "Partial",
            "Parent Relationship": "Outer",
            "Parallel Aware": false,
            "Startup Cost": 159874.16,
            "Total Cost": 159874.17,
            "Plan Rows": 1,
            "Plan Width": 8,
            "Actual Startup Time": 1082.6,
            "Actual Total Time": 1082.605,
            "Actual Rows": 1,
            "Actual Loops": 2,
            "Plans": [
              {
                "Node Type": "Nested Loop",
                "Parent Relationship": "Outer",
                "Parallel Aware": false,
                "Join Type": "Inner",
                "Startup Cost": 70652.54,
                "Total Cost": 159391.54,
                "Plan Rows": 193050,
                "Plan Width": 0,
                "Actual Startup Time": 580.301,
                "Actual Total Time": 1056.459,
                "Actual Rows": 618991,
                "Actual Loops": 2,
                "Inner Unique": false,
                "Plans": [
                  {
                    "Node Type": "Hash Join",
                    "Parent Relationship": "Outer",
                    "Parallel Aware": true,
                    "Join Type": "Inner",
                    "Startup Cost": 70652.11,
                    "Total Cost": 95605.46,
                    "Plan Rows": 33015,
                    "Plan Width": 8,
                    "Actual Startup Time": 580.241,
                    "Actual Total Time": 631.064,
                    "Actual Rows": 25010,
                    "Actual Loops": 2,
                    "Inner Unique": true,
                    "Hash Cond": "(mk.movie_id = t.id)",
                    "Plans": [
                      {
                        "Node Type": "Bitmap Heap Scan",
                        "Parent Relationship": "Outer",
                        "Parallel Aware": true,
                        "Relation Name": "movie_keyword",
                        "Alias": "mk",
                        "Startup Cost": 1191.41,
                        "Total Cost": 26058.1,
                        "Plan Rows": 33015,
                        "Plan Width": 4,
                        "Actual Startup Time": 6.381,
                        "Actual Total Time": 34.679,
                        "Actual Rows": 25010,
                        "Actual Loops": 2,
                        "Recheck Cond": "(keyword_id < 51)",
                        "Rows Removed by Index Recheck": 0,
                        "Exact Heap Blocks": 9225,
                        "Lossy Heap Blocks": 0,
                        "Plans": [
                          {
                            "Node Type": "Bitmap Index Scan",
                            "Parent Relationship": "Outer",
                            "Parallel Aware": false,
                            "Index Name": "keyword_id_movie_keyword",
                            "Startup Cost": 0.0,
                            "Total Cost": 1177.38,
                            "Plan Rows": 56126,
                            "Plan Width": 0,
                            "Actual Startup Time": 4.218,
                            "Actual Total Time": 4.219,
                            "Actual Rows": 50021,
                            "Actual Loops": 1,
                            "Index Cond": "(keyword_id < 51)"
                          }
                        ]
                      },
                      {
                        "Node Type": "Hash",
                        "Parent Relationship": "Inner",
                        "Parallel Aware": true,
                        "Startup Cost": 50870.31,
                        "Total Cost": 50870.31,
                        "Plan Rows": 1487231,
                        "Plan Width": 4,
                        "Actual Startup Time": 552.381,
                        "Actual Total Time": 552.382,
                        "Actual Rows": 1264156,
                        "Actual Loops": 2,
                        "Hash Buckets": 4194304,
                        "Original Hash Buckets": 4194304,
                        "Hash Batches": 1,
                        "Original Hash Batches": 1,
                        "Peak Memory Usage": 131712,
                        "Plans": [
                          {
                            "Node Type": "Seq Scan",
                            "Parent Relationship": "Outer",
                            "Parallel Aware": true,
                            "Relation Name": "title",
                            "Alias": "t",
                            "Startup Cost": 0.0,
                            "Total Cost": 50870.31,
                            "Plan Rows": 1487231,
                            "Plan Width": 4,
                            "Actual Startup Time": 0.043,
                            "Actual Total Time": 157.583,
                            "Actual Rows": 1264156,
                            "Actual Loops": 2
                          }
                        ]
                      }
                    ]
                  },
                  {
                    "Node Type": "Index Only Scan",
                    "Parent Relationship": "Inner",
                    "Parallel Aware": false,
                    "Scan Direction": "Forward",
                    "Index Name": "movie_id_movie_info",
                    "Relation Name": "movie_info",
                    "Alias": "mi",
                    "Startup Cost": 0.43,
                    "Total Cost": 1.51,
                    "Plan Rows": 42,
                    "Plan Width": 4,
                    "Actual Startup Time": 0.005,
                    "Actual Total Time": 0.015,
                    "Actual Rows": 25,
                    "Actual Loops": 50021,
                    "Index Cond": "(movie_id = t.id)",
                    "Rows Removed by Index Recheck": 0,
                    "Heap Fetches": 1237982
                  }
                ]
              }
            ]
          }
        ]
      }
    ]
  },
  "Planning Time": 1.013,
  "Triggers": [],
  "Execution Time": 1150.082
}