{
    "Plan": {
        "Node Type": "Aggregate",
        "Strategy": "Plain",
        "Partial Mode": "Finalize",
        "Parallel Aware": false,
        "Startup Cost": 346620.46,
        "Total Cost": 346620.47,
        "Plan Rows": 1,
        "Plan Width": 8,
        "Actual Startup Time": 761.003,
        "Actual Total Time": 801.537,
        "Actual Rows": 1,
        "Actual Loops": 1,
        "Output": [
            "count(*)"
        ],
        "Plans": [
            {
                "Node Type": "Gather",
                "Parent Relationship": "Outer",
                "Parallel Aware": false,
                "Startup Cost": 346619.84,
                "Total Cost": 346620.45,
                "Plan Rows": 6,
                "Plan Width": 8,
                "Actual Startup Time": 760.972,
                "Actual Total Time": 801.523,
                "Actual Rows": 7,
                "Actual Loops": 1,
                "Output": [
                    "(PARTIAL count(*))"
                ],
                "Workers Planned": 6,
                "Workers Launched": 6,
                "Single Copy": false,
                "Plans": [
                    {
                        "Node Type": "Aggregate",
                        "Strategy": "Plain",
                        "Partial Mode": "Partial",
                        "Parent Relationship": "Outer",
                        "Parallel Aware": false,
                        "Startup Cost": 345619.84,
                        "Total Cost": 345619.85,
                        "Plan Rows": 1,
                        "Plan Width": 8,
                        "Actual Startup Time": 749.548,
                        "Actual Total Time": 749.549,
                        "Actual Rows": 1,
                        "Actual Loops": 7,
                        "Output": [
                            "PARTIAL count(*)"
                        ],
                        "Workers": [
                            {
                                "Worker Number": 0,
                                "Actual Startup Time": 747.31,
                                "Actual Total Time": 747.311,
                                "Actual Rows": 1,
                                "Actual Loops": 1
                            },
                            {
                                "Worker Number": 1,
                                "Actual Startup Time": 747.262,
                                "Actual Total Time": 747.263,
                                "Actual Rows": 1,
                                "Actual Loops": 1
                            },
                            {
                                "Worker Number": 2,
                                "Actual Startup Time": 747.349,
                                "Actual Total Time": 747.35,
                                "Actual Rows": 1,
                                "Actual Loops": 1
                            },
                            {
                                "Worker Number": 3,
                                "Actual Startup Time": 747.926,
                                "Actual Total Time": 747.928,
                                "Actual Rows": 1,
                                "Actual Loops": 1
                            },
                            {
                                "Worker Number": 4,
                                "Actual Startup Time": 748.26,
                                "Actual Total Time": 748.261,
                                "Actual Rows": 1,
                                "Actual Loops": 1
                            },
                            {
                                "Worker Number": 5,
                                "Actual Startup Time": 749.046,
                                "Actual Total Time": 749.047,
                                "Actual Rows": 1,
                                "Actual Loops": 1
                            }
                        ],
                        "Plans": [
                            {
                                "Node Type": "Index Scan",
                                "Parent Relationship": "Outer",
                                "Parallel Aware": true,
                                "Scan Direction": "Forward",
                                "Index Name": "role_id_cast_info",
                                "Relation Name": "cast_info",
                                "Schema": "public",
                                "Alias": "ci",
                                "Startup Cost": 0.56,
                                "Total Cost": 342814.42,
                                "Plan Rows": 1122165,
                                "Plan Width": 0,
                                "Actual Startup Time": 0.251,
                                "Actual Total Time": 628.131,
                                "Actual Rows": 1810098,
                                "Actual Loops": 7,
                                "Output": [
                                    "id",
                                    "person_id",
                                    "movie_id",
                                    "person_role_id",
                                    "note",
                                    "nr_order",
                                    "role_id"
                                ],
                                "Index Cond": "(ci.role_id = 1)",
                                "Rows Removed by Index Recheck": 0,
                                "Filter": "(ci.person_id < 1900155)",
                                "Rows Removed by Filter": 0,
                                "Workers": [
                                    {
                                        "Worker Number": 0,
                                        "Actual Startup Time": 0.18,
                                        "Actual Total Time": 628.723,
                                        "Actual Rows": 1817401,
                                        "Actual Loops": 1
                                    },
                                    {
                                        "Worker Number": 1,
                                        "Actual Startup Time": 0.546,
                                        "Actual Total Time": 628.755,
                                        "Actual Rows": 1818570,
                                        "Actual Loops": 1
                                    },
                                    {
                                        "Worker Number": 2,
                                        "Actual Startup Time": 0.304,
                                        "Actual Total Time": 628.676,
                                        "Actual Rows": 1821691,
                                        "Actual Loops": 1
                                    },
                                    {
                                        "Worker Number": 3,
                                        "Actual Startup Time": 0.152,
                                        "Actual Total Time": 629.875,
                                        "Actual Rows": 1803750,
                                        "Actual Loops": 1
                                    },
                                    {
                                        "Worker Number": 4,
                                        "Actual Startup Time": 0.171,
                                        "Actual Total Time": 623.32,
                                        "Actual Rows": 1807651,
                                        "Actual Loops": 1
                                    },
                                    {
                                        "Worker Number": 5,
                                        "Actual Startup Time": 0.18,
                                        "Actual Total Time": 624.984,
                                        "Actual Rows": 1778791,
                                        "Actual Loops": 1
                                    }
                                ]
                            }
                        ]
                    }
                ]
            }
        ]
    },
    "Planning Time": 1.989,
    "Triggers": [],
    "Execution Time": 801.932
}