[
  {
    "Plan": {
      "Node Type": "Aggregate",
      "Strategy": "Plain",
      "Partial Mode": "Finalize",
      "Parallel Aware": false,
      "Startup Cost": 160202.3,
      "Total Cost": 160202.31,
      "Plan Rows": 1,
      "Plan Width": 8,
      "Actual Startup Time": 115.151,
      "Actual Total Time": 132.296,
      "Actual Rows": 1,
      "Actual Loops": 1,
      "Plans": [
        {
          "Node Type": "Gather",
          "Parent Relationship": "Outer",
          "Parallel Aware": false,
          "Startup Cost": 160201.88,
          "Total Cost": 160202.29,
          "Plan Rows": 4,
          "Plan Width": 8,
          "Actual Startup Time": 115.02,
          "Actual Total Time": 132.289,
          "Actual Rows": 5,
          "Actual Loops": 1,
          "Workers Planned": 4,
          "Workers Launched": 4,
          "Single Copy": false,
          "Plans": [
            {
              "Node Type": "Aggregate",
              "Strategy": "Plain",
              "Partial Mode": "Partial",
              "Parent Relationship": "Outer",
              "Parallel Aware": false,
              "Startup Cost": 159201.88,
              "Total Cost": 159201.89,
              "Plan Rows": 1,
              "Plan Width": 8,
              "Actual Startup Time": 105.045,
              "Actual Total Time": 105.047,
              "Actual Rows": 1,
              "Actual Loops": 5,
              "Plans": [
                {
                  "Node Type": "Nested Loop",
                  "Parent Relationship": "Outer",
                  "Parallel Aware": false,
                  "Join Type": "Inner",
                  "Startup Cost": 0.43,
                  "Total Cost": 159187.1,
                  "Plan Rows": 5913,
                  "Plan Width": 0,
                  "Actual Startup Time": 0.743,
                  "Actual Total Time": 104.388,
                  "Actual Rows": 8298,
                  "Actual Loops": 5,
                  "Inner Unique": false,
                  "Plans": [
                    {
                      "Node Type": "Seq Scan",
                      "Parent Relationship": "Outer",
                      "Parallel Aware": true,
                      "Relation Name": "title",
                      "Alias": "t",
                      "Startup Cost": 0.0,
                      "Total Cost": 43898.92,
                      "Plan Rows": 1011,
                      "Plan Width": 4,
                      "Actual Startup Time": 0.522,
                      "Actual Total Time": 75.445,
                      "Actual Rows": 769,
                      "Actual Loops": 5,
                      "Filter": "(production_year = 1949)",
                      "Rows Removed by Filter": 504893
                    },
                    {
                      "Node Type": "Index Only Scan",
                      "Parent Relationship": "Inner",
                      "Parallel Aware": false,
                      "Scan Direction": "Forward",
                      "Index Name": "movie_id_movie_info",
                      "Relation Name": "movie_info",
                      "Alias": "mi",
                      "Startup Cost": 0.43,
                      "Total Cost": 113.61,
                      "Plan Rows": 42,
                      "Plan Width": 4,
                      "Actual Startup Time": 0.013,
                      "Actual Total Time": 0.036,
                      "Actual Rows": 11,
                      "Actual Loops": 3847,
                      "Index Cond": "(movie_id = t.id)",
                      "Rows Removed by Index Recheck": 0,
                      "Heap Fetches": 41489
                    }
                  ]
                }
              ]
            }
          ]
        }
      ]
    },
    "Planning Time": 0.53,
    "Triggers": [],
    "Execution Time": 132.366
  }
]