[
  {
    "Plan": {
      "Node Type": "Aggregate",
      "Strategy": "Plain",
      "Partial Mode": "Finalize",
      "Parallel Aware": false,
      "Startup Cost": 32758.44,
      "Total Cost": 32758.45,
      "Plan Rows": 1,
      "Plan Width": 8,
      "Actual Startup Time": 86.957,
      "Actual Total Time": 94.667,
      "Actual Rows": 1,
      "Actual Loops": 1,
      "Plans": [
        {
          "Node Type": "Gather",
          "Parent Relationship": "Outer",
          "Parallel Aware": false,
          "Startup Cost": 32758.12,
          "Total Cost": 32758.43,
          "Plan Rows": 3,
          "Plan Width": 8,
          "Actual Startup Time": 86.854,
          "Actual Total Time": 94.658,
          "Actual Rows": 4,
          "Actual Loops": 1,
          "Workers Planned": 3,
          "Workers Launched": 3,
          "Single Copy": false,
          "Plans": [
            {
              "Node Type": "Aggregate",
              "Strategy": "Plain",
              "Partial Mode": "Partial",
              "Parent Relationship": "Outer",
              "Parallel Aware": false,
              "Startup Cost": 31758.12,
              "Total Cost": 31758.13,
              "Plan Rows": 1,
              "Plan Width": 8,
              "Actual Startup Time": 79.494,
              "Actual Total Time": 79.495,
              "Actual Rows": 1,
              "Actual Loops": 4,
              "Plans": [
                {
                  "Node Type": "Seq Scan",
                  "Parent Relationship": "Outer",
                  "Parallel Aware": true,
                  "Relation Name": "movie_companies",
                  "Alias": "mc",
                  "Startup Cost": 0.0,
                  "Total Cost": 31414.82,
                  "Plan Rows": 137320,
                  "Plan Width": 0,
                  "Actual Startup Time": 24.347,
                  "Actual Total Time": 77.973,
                  "Actual Rows": 27234,
                  "Actual Loops": 4,
                  "Filter": "((company_id > 22982) AND (company_type_id < 2))",
                  "Rows Removed by Filter": 625049
                }
              ]
            }
          ]
        }
      ]
    },
    "Planning Time": 0.219,
    "Triggers": [],
    "Execution Time": 94.727
  }
]