[
  {
    "Plan": {
      "Node Type": "Aggregate",
      "Strategy": "Plain",
      "Partial Mode": "Finalize",
      "Parallel Aware": false,
      "Startup Cost": 450120.05,
      "Total Cost": 450120.06,
      "Plan Rows": 1,
      "Plan Width": 8,
      "Actual Startup Time": 1848.347,
      "Actual Total Time": 1915.477,
      "Actual Rows": 1,
      "Actual Loops": 1,
      "Plans": [
        {
          "Node Type": "Gather",
          "Parent Relationship": "Outer",
          "Parallel Aware": false,
          "Startup Cost": 450119.43,
          "Total Cost": 450120.04,
          "Plan Rows": 6,
          "Plan Width": 8,
          "Actual Startup Time": 1837.398,
          "Actual Total Time": 1915.466,
          "Actual Rows": 7,
          "Actual Loops": 1,
          "Workers Planned": 6,
          "Workers Launched": 6,
          "Single Copy": false,
          "Plans": [
            {
              "Node Type": "Aggregate",
              "Strategy": "Plain",
              "Partial Mode": "Partial",
              "Parent Relationship": "Outer",
              "Parallel Aware": false,
              "Startup Cost": 449119.43,
              "Total Cost": 449119.44,
              "Plan Rows": 1,
              "Plan Width": 8,
              "Actual Startup Time": 1821.044,
              "Actual Total Time": 1821.183,
              "Actual Rows": 1,
              "Actual Loops": 7,
              "Plans": [
                {
                  "Node Type": "Hash Join",
                  "Parent Relationship": "Outer",
                  "Parallel Aware": true,
                  "Join Type": "Inner",
                  "Startup Cost": 97650.04,
                  "Total Cost": 442238.37,
                  "Plan Rows": 2752425,
                  "Plan Width": 0,
                  "Actual Startup Time": 339.369,
                  "Actual Total Time": 1758.154,
                  "Actual Rows": 1388264,
                  "Actual Loops": 7,
                  "Inner Unique": false,
                  "Hash Cond": "(ci.movie_id = t.id)",
                  "Plans": [
                    {
                      "Node Type": "Seq Scan",
                      "Parent Relationship": "Outer",
                      "Parallel Aware": true,
                      "Relation Name": "cast_info",
                      "Alias": "ci",
                      "Startup Cost": 0.0,
                      "Total Cost": 313067.02,
                      "Plan Rows": 6038002,
                      "Plan Width": 4,
                      "Actual Startup Time": 0.02,
                      "Actual Total Time": 553.134,
                      "Actual Rows": 5177763,
                      "Actual Loops": 7
                    },
                    {
                      "Node Type": "Hash",
                      "Parent Relationship": "Inner",
                      "Parallel Aware": true,
                      "Startup Cost": 93002.76,
                      "Total Cost": 93002.76,
                      "Plan Rows": 371782,
                      "Plan Width": 8,
                      "Actual Startup Time": 334.202,
                      "Actual Total Time": 334.34,
                      "Actual Rows": 41615,
                      "Actual Loops": 7,
                      "Hash Buckets": 2097152,
                      "Original Hash Buckets": 2097152,
                      "Hash Batches": 1,
                      "Original Hash Batches": 1,
                      "Peak Memory Usage": 27904,
                      "Plans": [
                        {
                          "Node Type": "Hash Join",
                          "Parent Relationship": "Outer",
                          "Parallel Aware": true,
                          "Join Type": "Inner",
                          "Startup Cost": 48701.62,
                          "Total Cost": 93002.76,
                          "Plan Rows": 371782,
                          "Plan Width": 8,
                          "Actual Startup Time": 200.289,
                          "Actual Total Time": 312.596,
                          "Actual Rows": 41615,
                          "Actual Loops": 7,
                          "Inner Unique": true,
                          "Hash Cond": "(mk.movie_id = t.id)",
                          "Plans": [
                            {
                              "Node Type": "Seq Scan",
                              "Parent Relationship": "Outer",
                              "Parallel Aware": true,
                              "Relation Name": "movie_keyword",
                              "Alias": "mk",
                              "Startup Cost": 0.0,
                              "Total Cost": 42695.65,
                              "Plan Rows": 611617,
                              "Plan Width": 4,
                              "Actual Startup Time": 0.344,
                              "Actual Total Time": 69.651,
                              "Actual Rows": 270899,
                              "Actual Loops": 7,
                              "Filter": "(keyword_id > 7138)",
                              "Rows Removed by Filter": 375377
                            },
                            {
                              "Node Type": "Hash",
                              "Parent Relationship": "Inner",
                              "Parallel Aware": true,
                              "Startup Cost": 43898.92,
                              "Total Cost": 43898.92,
                              "Plan Rows": 384216,
                              "Plan Width": 4,
                              "Actual Startup Time": 197.625,
                              "Actual Total Time": 197.626,
                              "Actual Rows": 220466,
                              "Actual Loops": 7,
                              "Hash Buckets": 2097152,
                              "Original Hash Buckets": 2097152,
                              "Hash Batches": 1,
                              "Original Hash Batches": 1,
                              "Peak Memory Usage": 76864,
                              "Plans": [
                                {
                                  "Node Type": "Seq Scan",
                                  "Parent Relationship": "Outer",
                                  "Parallel Aware": true,
                                  "Relation Name": "title",
                                  "Alias": "t",
                                  "Startup Cost": 0.0,
                                  "Total Cost": 43898.92,
                                  "Plan Rows": 384216,
                                  "Plan Width": 4,
                                  "Actual Startup Time": 0.041,
                                  "Actual Total Time": 78.88,
                                  "Actual Rows": 220466,
                                  "Actual Loops": 7,
                                  "Filter": "(kind_id = 7)",
                                  "Rows Removed by Filter": 140721
                                }
                              ]
                            }
                          ]
                        }
                      ]
                    }
                  ]
                }
              ]
            }
          ]
        }
      ]
    },
    "Planning Time": 1.445,
    "Triggers": [],
    "Execution Time": 1915.585
  }
]