[
  {
    "Plan": {
      "Node Type": "Aggregate",
      "Strategy": "Plain",
      "Partial Mode": "Finalize",
      "Parallel Aware": false,
      "Startup Cost": 31542.46,
      "Total Cost": 31542.47,
      "Plan Rows": 1,
      "Plan Width": 8,
      "Actual Startup Time": 88.232,
      "Actual Total Time": 96.376,
      "Actual Rows": 1,
      "Actual Loops": 1,
      "Plans": [
        {
          "Node Type": "Gather",
          "Parent Relationship": "Outer",
          "Parallel Aware": false,
          "Startup Cost": 31542.14,
          "Total Cost": 31542.45,
          "Plan Rows": 3,
          "Plan Width": 8,
          "Actual Startup Time": 88.086,
          "Actual Total Time": 96.368,
          "Actual Rows": 4,
          "Actual Loops": 1,
          "Workers Planned": 3,
          "Workers Launched": 3,
          "Single Copy": false,
          "Plans": [
            {
              "Node Type": "Aggregate",
              "Strategy": "Plain",
              "Partial Mode": "Partial",
              "Parent Relationship": "Outer",
              "Parallel Aware": false,
              "Startup Cost": 30542.14,
              "Total Cost": 30542.15,
              "Plan Rows": 1,
              "Plan Width": 8,
              "Actual Startup Time": 84.907,
              "Actual Total Time": 84.909,
              "Actual Rows": 1,
              "Actual Loops": 4,
              "Plans": [
                {
                  "Node Type": "Seq Scan",
                  "Parent Relationship": "Outer",
                  "Parallel Aware": true,
                  "Relation Name": "movie_companies",
                  "Alias": "mc",
                  "Startup Cost": 0.0,
                  "Total Cost": 29310.68,
                  "Plan Rows": 492585,
                  "Plan Width": 0,
                  "Actual Startup Time": 0.012,
                  "Actual Total Time": 68.736,
                  "Actual Rows": 383397,
                  "Actual Loops": 4,
                  "Filter": "(company_id < 14437)",
                  "Rows Removed by Filter": 268886
                }
              ]
            }
          ]
        }
      ]
    },
    "Planning Time": 0.09,
    "Triggers": [],
    "Execution Time": 96.412
  }
]