[
  {
    "Plan": {
      "Node Type": "Aggregate",
      "Strategy": "Plain",
      "Partial Mode": "Finalize",
      "Parallel Aware": false,
      "Startup Cost": 46731.83,
      "Total Cost": 46731.84,
      "Plan Rows": 1,
      "Plan Width": 8,
      "Actual Startup Time": 172.493,
      "Actual Total Time": 186.673,
      "Actual Rows": 1,
      "Actual Loops": 1,
      "Plans": [
        {
          "Node Type": "Gather",
          "Parent Relationship": "Outer",
          "Parallel Aware": false,
          "Startup Cost": 46731.51,
          "Total Cost": 46731.82,
          "Plan Rows": 3,
          "Plan Width": 8,
          "Actual Startup Time": 172.333,
          "Actual Total Time": 186.663,
          "Actual Rows": 4,
          "Actual Loops": 1,
          "Workers Planned": 3,
          "Workers Launched": 3,
          "Single Copy": false,
          "Plans": [
            {
              "Node Type": "Aggregate",
              "Strategy": "Plain",
              "Partial Mode": "Partial",
              "Parent Relationship": "Outer",
              "Parallel Aware": false,
              "Startup Cost": 45731.51,
              "Total Cost": 45731.52,
              "Plan Rows": 1,
              "Plan Width": 8,
              "Actual Startup Time": 163.537,
              "Actual Total Time": 163.538,
              "Actual Rows": 1,
              "Actual Loops": 4,
              "Plans": [
                {
                  "Node Type": "Seq Scan",
                  "Parent Relationship": "Outer",
                  "Parallel Aware": true,
                  "Relation Name": "movie_keyword",
                  "Alias": "mk",
                  "Startup Cost": 0.0,
                  "Total Cost": 42695.65,
                  "Plan Rows": 1214344,
                  "Plan Width": 0,
                  "Actual Startup Time": 0.12,
                  "Actual Total Time": 119.769,
                  "Actual Rows": 941214,
                  "Actual Loops": 4,
                  "Filter": "(keyword_id > 707)",
                  "Rows Removed by Filter": 189768
                }
              ]
            }
          ]
        }
      ]
    },
    "Planning Time": 0.184,
    "Triggers": [],
    "Execution Time": 186.726
  }
]