[
  {
    "Plan": {
      "Node Type": "Aggregate",
      "Strategy": "Plain",
      "Partial Mode": "Finalize",
      "Parallel Aware": false,
      "Startup Cost": 345744.01,
      "Total Cost": 345744.02,
      "Plan Rows": 1,
      "Plan Width": 8,
      "Actual Startup Time": 615.758,
      "Actual Total Time": 675.217,
      "Actual Rows": 1,
      "Actual Loops": 1,
      "Plans": [
        {
          "Node Type": "Gather",
          "Parent Relationship": "Outer",
          "Parallel Aware": false,
          "Startup Cost": 345743.38,
          "Total Cost": 345743.99,
          "Plan Rows": 6,
          "Plan Width": 8,
          "Actual Startup Time": 615.628,
          "Actual Total Time": 675.206,
          "Actual Rows": 7,
          "Actual Loops": 1,
          "Workers Planned": 6,
          "Workers Launched": 6,
          "Single Copy": false,
          "Plans": [
            {
              "Node Type": "Aggregate",
              "Strategy": "Plain",
              "Partial Mode": "Partial",
              "Parent Relationship": "Outer",
              "Parallel Aware": false,
              "Startup Cost": 344743.38,
              "Total Cost": 344743.39,
              "Plan Rows": 1,
              "Plan Width": 8,
              "Actual Startup Time": 607.804,
              "Actual Total Time": 607.805,
              "Actual Rows": 1,
              "Actual Loops": 7,
              "Plans": [
                {
                  "Node Type": "Seq Scan",
                  "Parent Relationship": "Outer",
                  "Parallel Aware": true,
                  "Relation Name": "cast_info",
                  "Alias": "ci",
                  "Startup Cost": 0.0,
                  "Total Cost": 343257.03,
                  "Plan Rows": 594542,
                  "Plan Width": 0,
                  "Actual Startup Time": 333.991,
                  "Actual Total Time": 593.51,
                  "Actual Rows": 318781,
                  "Actual Loops": 7,
                  "Filter": "((person_id < 786517) AND (role_id > 2))",
                  "Rows Removed by Filter": 4858983
                }
              ]
            }
          ]
        }
      ]
    },
    "Planning Time": 0.223,
    "Triggers": [],
    "Execution Time": 675.289
  }
]