[
  {
    "Plan": {
      "Node Type": "Aggregate",
      "Strategy": "Plain",
      "Partial Mode": "Finalize",
      "Parallel Aware": false,
      "Startup Cost": 46925.62,
      "Total Cost": 46925.63,
      "Plan Rows": 1,
      "Plan Width": 8,
      "Actual Startup Time": 109.175,
      "Actual Total Time": 123.497,
      "Actual Rows": 1,
      "Actual Loops": 1,
      "Plans": [
        {
          "Node Type": "Gather",
          "Parent Relationship": "Outer",
          "Parallel Aware": false,
          "Startup Cost": 46925.2,
          "Total Cost": 46925.61,
          "Plan Rows": 4,
          "Plan Width": 8,
          "Actual Startup Time": 109.03,
          "Actual Total Time": 123.488,
          "Actual Rows": 5,
          "Actual Loops": 1,
          "Workers Planned": 4,
          "Workers Launched": 4,
          "Single Copy": false,
          "Plans": [
            {
              "Node Type": "Aggregate",
              "Strategy": "Plain",
              "Partial Mode": "Partial",
              "Parent Relationship": "Outer",
              "Parallel Aware": false,
              "Startup Cost": 45925.2,
              "Total Cost": 45925.21,
              "Plan Rows": 1,
              "Plan Width": 8,
              "Actual Startup Time": 101.199,
              "Actual Total Time": 101.201,
              "Actual Rows": 1,
              "Actual Loops": 5,
              "Plans": [
                {
                  "Node Type": "Seq Scan",
                  "Parent Relationship": "Outer",
                  "Parallel Aware": true,
                  "Relation Name": "title",
                  "Alias": "t",
                  "Startup Cost": 0.0,
                  "Total Cost": 45479.1,
                  "Plan Rows": 178441,
                  "Plan Width": 0,
                  "Actual Startup Time": 0.055,
                  "Actual Total Time": 94.665,
                  "Actual Rows": 122431,
                  "Actual Loops": 5,
                  "Filter": "((kind_id < 7) AND (production_year > 1987))",
                  "Rows Removed by Filter": 383231
                }
              ]
            }
          ]
        }
      ]
    },
    "Planning Time": 0.187,
    "Triggers": [],
    "Execution Time": 123.567
  }
]