{
  "Plan": {
    "Node Type": "Aggregate",
    "Strategy": "Plain",
    "Partial Mode": "Finalize",
    "Parallel Aware": false,
    "Startup Cost": 73832.09,
    "Total Cost": 73832.1,
    "Plan Rows": 1,
    "Plan Width": 8,
    "Actual Startup Time": 236.424,
    "Actual Total Time": 247.08,
    "Actual Rows": 1,
    "Actual Loops": 1,
    "Plans": [
      {
        "Node Type": "Gather",
        "Parent Relationship": "Outer",
        "Parallel Aware": false,
        "Startup Cost": 73831.98,
        "Total Cost": 73832.09,
        "Plan Rows": 1,
        "Plan Width": 8,
        "Actual Startup Time": 236.292,
        "Actual Total Time": 247.073,
        "Actual Rows": 2,
        "Actual Loops": 1,
        "Workers Planned": 1,
        "Workers Launched": 1,
        "Single Copy": false,
        "Plans": [
          {
            "Node Type": "Aggregate",
            "Strategy": "Plain",
            "Partial Mode": "Partial",
            "Parent Relationship": "Outer",
            "Parallel Aware": false,
            "Startup Cost": 72831.98,
            "Total Cost": 72831.99,
            "Plan Rows": 1,
            "Plan Width": 8,
            "Actual Startup Time": 230.531,
            "Actual Total Time": 230.534,
            "Actual Rows": 1,
            "Actual Loops": 2,
            "Plans": [
              {
                "Node Type": "Hash Join",
                "Parent Relationship": "Outer",
                "Parallel Aware": true,
                "Join Type": "Inner",
                "Startup Cost": 54642.3,
                "Total Cost": 72826.09,
                "Plan Rows": 2354,
                "Plan Width": 0,
                "Actual Startup Time": 135.415,
                "Actual Total Time": 230.412,
                "Actual Rows": 2176,
                "Actual Loops": 2,
                "Inner Unique": true,
                "Hash Cond": "(mi_idx.movie_id = t.id)",
                "Plans": [
                  {
                    "Node Type": "Seq Scan",
                    "Parent Relationship": "Outer",
                    "Parallel Aware": true,
                    "Relation Name": "movie_info_idx",
                    "Alias": "mi_idx",
                    "Startup Cost": 0.0,
                    "Total Cost": 16052.85,
                    "Plan Rows": 811785,
                    "Plan Width": 4,
                    "Actual Startup Time": 0.018,
                    "Actual Total Time": 47.382,
                    "Actual Rows": 690018,
                    "Actual Loops": 2
                  },
                  {
                    "Node Type": "Hash",
                    "Parent Relationship": "Inner",
                    "Parallel Aware": true,
                    "Startup Cost": 54588.39,
                    "Total Cost": 54588.39,
                    "Plan Rows": 4313,
                    "Plan Width": 4,
                    "Actual Startup Time": 133.484,
                    "Actual Total Time": 133.485,
                    "Actual Rows": 3600,
                    "Actual Loops": 2,
                    "Hash Buckets": 8192,
                    "Original Hash Buckets": 8192,
                    "Hash Batches": 1,
                    "Original Hash Batches": 1,
                    "Peak Memory Usage": 384,
                    "Plans": [
                      {
                        "Node Type": "Seq Scan",
                        "Parent Relationship": "Outer",
                        "Parallel Aware": true,
                        "Relation Name": "title",
                        "Alias": "t",
                        "Startup Cost": 0.0,
                        "Total Cost": 54588.39,
                        "Plan Rows": 4313,
                        "Plan Width": 4,
                        "Actual Startup Time": 0.778,
                        "Actual Total Time": 132.001,
                        "Actual Rows": 3600,
                        "Actual Loops": 2,
                        "Filter": "(production_year = 1954)",
                        "Rows Removed by Filter": 1260556
                      }
                    ]
                  }
                ]
              }
            ]
          }
        ]
      }
    ]
  },
  "Planning Time": 0.409,
  "Triggers": [],
  "Execution Time": 247.152
}