{
    "Plan": {
        "Node Type": "Aggregate",
        "Strategy": "Plain",
        "Partial Mode": "Finalize",
        "Parallel Aware": false,
        "Startup Cost": 76985.67,
        "Total Cost": 76985.68,
        "Plan Rows": 1,
        "Plan Width": 8,
        "Actual Startup Time": 131.317,
        "Actual Total Time": 145.751,
        "Actual Rows": 1,
        "Actual Loops": 1,
        "Output": [
            "count(*)"
        ],
        "Plans": [
            {
                "Node Type": "Gather",
                "Parent Relationship": "Outer",
                "Parallel Aware": false,
                "Startup Cost": 76985.25,
                "Total Cost": 76985.66,
                "Plan Rows": 4,
                "Plan Width": 8,
                "Actual Startup Time": 131.196,
                "Actual Total Time": 145.742,
                "Actual Rows": 5,
                "Actual Loops": 1,
                "Output": [
                    "(PARTIAL count(*))"
                ],
                "Workers Planned": 4,
                "Workers Launched": 4,
                "Single Copy": false,
                "Plans": [
                    {
                        "Node Type": "Aggregate",
                        "Strategy": "Plain",
                        "Partial Mode": "Partial",
                        "Parent Relationship": "Outer",
                        "Parallel Aware": false,
                        "Startup Cost": 75985.25,
                        "Total Cost": 75985.26,
                        "Plan Rows": 1,
                        "Plan Width": 8,
                        "Actual Startup Time": 121.292,
                        "Actual Total Time": 121.293,
                        "Actual Rows": 1,
                        "Actual Loops": 5,
                        "Output": [
                            "PARTIAL count(*)"
                        ],
                        "Workers": [
                            {
                                "Worker Number": 0,
                                "Actual Startup Time": 118.355,
                                "Actual Total Time": 118.356,
                                "Actual Rows": 1,
                                "Actual Loops": 1
                            },
                            {
                                "Worker Number": 1,
                                "Actual Startup Time": 119.082,
                                "Actual Total Time": 119.084,
                                "Actual Rows": 1,
                                "Actual Loops": 1
                            },
                            {
                                "Worker Number": 2,
                                "Actual Startup Time": 119.145,
                                "Actual Total Time": 119.147,
                                "Actual Rows": 1,
                                "Actual Loops": 1
                            },
                            {
                                "Worker Number": 3,
                                "Actual Startup Time": 119.461,
                                "Actual Total Time": 119.463,
                                "Actual Rows": 1,
                                "Actual Loops": 1
                            }
                        ],
                        "Plans": [
                            {
                                "Node Type": "Nested Loop",
                                "Parent Relationship": "Outer",
                                "Parallel Aware": false,
                                "Join Type": "Inner",
                                "Startup Cost": 0.43,
                                "Total Cost": 75982.95,
                                "Plan Rows": 920,
                                "Plan Width": 0,
                                "Actual Startup Time": 4.183,
                                "Actual Total Time": 121.175,
                                "Actual Rows": 685,
                                "Actual Loops": 5,
                                "Inner Unique": false,
                                "Workers": [
                                    {
                                        "Worker Number": 0,
                                        "Actual Startup Time": 6.778,
                                        "Actual Total Time": 118.256,
                                        "Actual Rows": 715,
                                        "Actual Loops": 1
                                    },
                                    {
                                        "Worker Number": 1,
                                        "Actual Startup Time": 12.047,
                                        "Actual Total Time": 118.971,
                                        "Actual Rows": 497,
                                        "Actual Loops": 1
                                    },
                                    {
                                        "Worker Number": 2,
                                        "Actual Startup Time": 1.298,
                                        "Actual Total Time": 119.037,
                                        "Actual Rows": 494,
                                        "Actual Loops": 1
                                    },
                                    {
                                        "Worker Number": 3,
                                        "Actual Startup Time": 0.454,
                                        "Actual Total Time": 119.344,
                                        "Actual Rows": 783,
                                        "Actual Loops": 1
                                    }
                                ],
                                "Plans": [
                                    {
                                        "Node Type": "Seq Scan",
                                        "Parent Relationship": "Outer",
                                        "Parallel Aware": true,
                                        "Relation Name": "title",
                                        "Schema": "public",
                                        "Alias": "t",
                                        "Startup Cost": 0.0,
                                        "Total Cost": 45479.21,
                                        "Plan Rows": 4204,
                                        "Plan Width": 4,
                                        "Actual Startup Time": 0.171,
                                        "Actual Total Time": 92.898,
                                        "Actual Rows": 3691,
                                        "Actual Loops": 5,
                                        "Output": [
                                            "t.id",
                                            "t.title",
                                            "t.imdb_index",
                                            "t.kind_id",
                                            "t.production_year",
                                            "t.imdb_id",
                                            "t.phonetic_code",
                                            "t.episode_of_id",
                                            "t.season_nr",
                                            "t.episode_nr",
                                            "t.series_years",
                                            "t.md5sum"
                                        ],
                                        "Filter": "((t.kind_id > 2) AND (t.production_year = 1992))",
                                        "Rows Removed by Filter": 501971,
                                        "Workers": [
                                            {
                                                "Worker Number": 0,
                                                "Actual Startup Time": 0.215,
                                                "Actual Total Time": 88.208,
                                                "Actual Rows": 3842,
                                                "Actual Loops": 1
                                            },
                                            {
                                                "Worker Number": 1,
                                                "Actual Startup Time": 0.362,
                                                "Actual Total Time": 90.099,
                                                "Actual Rows": 2696,
                                                "Actual Loops": 1
                                            },
                                            {
                                                "Worker Number": 2,
                                                "Actual Startup Time": 0.131,
                                                "Actual Total Time": 89.373,
                                                "Actual Rows": 2813,
                                                "Actual Loops": 1
                                            },
                                            {
                                                "Worker Number": 3,
                                                "Actual Startup Time": 0.118,
                                                "Actual Total Time": 88.819,
                                                "Actual Rows": 3646,
                                                "Actual Loops": 1
                                            }
                                        ]
                                    },
                                    {
                                        "Node Type": "Index Scan",
                                        "Parent Relationship": "Inner",
                                        "Parallel Aware": false,
                                        "Scan Direction": "Forward",
                                        "Index Name": "movie_id_movie_keyword",
                                        "Relation Name": "movie_keyword",
                                        "Schema": "public",
                                        "Alias": "mk",
                                        "Startup Cost": 0.43,
                                        "Total Cost": 7.2,
                                        "Plan Rows": 6,
                                        "Plan Width": 4,
                                        "Actual Startup Time": 0.007,
                                        "Actual Total Time": 0.007,
                                        "Actual Rows": 0,
                                        "Actual Loops": 18455,
                                        "Output": [
                                            "mk.id",
                                            "mk.movie_id",
                                            "mk.keyword_id"
                                        ],
                                        "Index Cond": "(mk.movie_id = t.id)",
                                        "Rows Removed by Index Recheck": 0,
                                        "Filter": "(mk.keyword_id < 398)",
                                        "Rows Removed by Filter": 1,
                                        "Workers": [
                                            {
                                                "Worker Number": 0,
                                                "Actual Startup Time": 0.007,
                                                "Actual Total Time": 0.007,
                                                "Actual Rows": 0,
                                                "Actual Loops": 3842
                                            },
                                            {
                                                "Worker Number": 1,
                                                "Actual Startup Time": 0.01,
                                                "Actual Total Time": 0.01,
                                                "Actual Rows": 0,
                                                "Actual Loops": 2696
                                            },
                                            {
                                                "Worker Number": 2,
                                                "Actual Startup Time": 0.01,
                                                "Actual Total Time": 0.01,
                                                "Actual Rows": 0,
                                                "Actual Loops": 2813
                                            },
                                            {
                                                "Worker Number": 3,
                                                "Actual Startup Time": 0.008,
                                                "Actual Total Time": 0.008,
                                                "Actual Rows": 0,
                                                "Actual Loops": 3646
                                            }
                                        ]
                                    }
                                ]
                            }
                        ]
                    }
                ]
            }
        ]
    },
    "Planning Time": 0.714,
    "Triggers": [],
    "Execution Time": 145.826
}