{
  "Plan": {
    "Node Type": "Aggregate",
    "Strategy": "Plain",
    "Partial Mode": "Finalize",
    "Parallel Aware": false,
    "Startup Cost": 628809.59,
    "Total Cost": 628809.6,
    "Plan Rows": 1,
    "Plan Width": 8,
    "Actual Startup Time": 4081.473,
    "Actual Total Time": 4149.223,
    "Actual Rows": 1,
    "Actual Loops": 1,
    "Plans": [
      {
        "Node Type": "Gather",
        "Parent Relationship": "Outer",
        "Parallel Aware": false,
        "Startup Cost": 628809.48,
        "Total Cost": 628809.59,
        "Plan Rows": 1,
        "Plan Width": 8,
        "Actual Startup Time": 4080.039,
        "Actual Total Time": 4149.215,
        "Actual Rows": 2,
        "Actual Loops": 1,
        "Workers Planned": 1,
        "Workers Launched": 1,
        "Single Copy": false,
        "Plans": [
          {
            "Node Type": "Aggregate",
            "Strategy": "Plain",
            "Partial Mode": "Partial",
            "Parent Relationship": "Outer",
            "Parallel Aware": false,
            "Startup Cost": 627809.48,
            "Total Cost": 627809.49,
            "Plan Rows": 1,
            "Plan Width": 8,
            "Actual Startup Time": 4074.091,
            "Actual Total Time": 4074.095,
            "Actual Rows": 1,
            "Actual Loops": 2,
            "Plans": [
              {
                "Node Type": "Hash Join",
                "Parent Relationship": "Outer",
                "Parallel Aware": true,
                "Join Type": "Inner",
                "Startup Cost": 63085.06,
                "Total Cost": 618830.9,
                "Plan Rows": 3591432,
                "Plan Width": 0,
                "Actual Startup Time": 729.993,
                "Actual Total Time": 3984.731,
                "Actual Rows": 2182538,
                "Actual Loops": 2,
                "Inner Unique": true,
                "Hash Cond": "(ci.movie_id = t.id)",
                "Plans": [
                  {
                    "Node Type": "Seq Scan",
                    "Parent Relationship": "Outer",
                    "Parallel Aware": true,
                    "Relation Name": "cast_info",
                    "Alias": "ci",
                    "Startup Cost": 0.0,
                    "Total Cost": 519069.44,
                    "Plan Rows": 13971936,
                    "Plan Width": 4,
                    "Actual Startup Time": 495.244,
                    "Actual Total Time": 1760.39,
                    "Actual Rows": 11786828,
                    "Actual Loops": 2,
                    "Filter": "(role_id > 1)",
                    "Rows Removed by Filter": 6335344
                  },
                  {
                    "Node Type": "Hash",
                    "Parent Relationship": "Inner",
                    "Parallel Aware": true,
                    "Startup Cost": 58306.47,
                    "Total Cost": 58306.47,
                    "Plan Rows": 382287,
                    "Plan Width": 4,
                    "Actual Startup Time": 224.977,
                    "Actual Total Time": 224.978,
                    "Actual Rows": 278398,
                    "Actual Loops": 2,
                    "Hash Buckets": 1048576,
                    "Original Hash Buckets": 1048576,
                    "Hash Batches": 1,
                    "Original Hash Batches": 1,
                    "Peak Memory Usage": 30016,
                    "Plans": [
                      {
                        "Node Type": "Seq Scan",
                        "Parent Relationship": "Outer",
                        "Parallel Aware": true,
                        "Relation Name": "title",
                        "Alias": "t",
                        "Startup Cost": 0.0,
                        "Total Cost": 58306.47,
                        "Plan Rows": 382287,
                        "Plan Width": 4,
                        "Actual Startup Time": 0.027,
                        "Actual Total Time": 152.784,
                        "Actual Rows": 278398,
                        "Actual Loops": 2,
                        "Filter": "((production_year < 2001) AND (kind_id = 7))",
                        "Rows Removed by Filter": 985758
                      }
                    ]
                  }
                ]
              }
            ]
          }
        ]
      }
    ]
  },
  "Planning Time": 0.606,
  "Triggers": [],
  "Execution Time": 4149.309
}