[
  {
    "Plan": {
      "Node Type": "Aggregate",
      "Strategy": "Plain",
      "Partial Mode": "Finalize",
      "Parallel Aware": false,
      "Startup Cost": 46152.35,
      "Total Cost": 46152.36,
      "Plan Rows": 1,
      "Plan Width": 8,
      "Actual Startup Time": 163.537,
      "Actual Total Time": 173.559,
      "Actual Rows": 1,
      "Actual Loops": 1,
      "Plans": [
        {
          "Node Type": "Gather",
          "Parent Relationship": "Outer",
          "Parallel Aware": false,
          "Startup Cost": 46152.03,
          "Total Cost": 46152.34,
          "Plan Rows": 3,
          "Plan Width": 8,
          "Actual Startup Time": 163.445,
          "Actual Total Time": 173.551,
          "Actual Rows": 4,
          "Actual Loops": 1,
          "Workers Planned": 3,
          "Workers Launched": 3,
          "Single Copy": false,
          "Plans": [
            {
              "Node Type": "Aggregate",
              "Strategy": "Plain",
              "Partial Mode": "Partial",
              "Parent Relationship": "Outer",
              "Parallel Aware": false,
              "Startup Cost": 45152.03,
              "Total Cost": 45152.04,
              "Plan Rows": 1,
              "Plan Width": 8,
              "Actual Startup Time": 154.973,
              "Actual Total Time": 154.974,
              "Actual Rows": 1,
              "Actual Loops": 4,
              "Plans": [
                {
                  "Node Type": "Seq Scan",
                  "Parent Relationship": "Outer",
                  "Parallel Aware": true,
                  "Relation Name": "movie_keyword",
                  "Alias": "mk",
                  "Startup Cost": 0.0,
                  "Total Cost": 42695.65,
                  "Plan Rows": 982551,
                  "Plan Width": 0,
                  "Actual Startup Time": 0.046,
                  "Actual Total Time": 119.477,
                  "Actual Rows": 763894,
                  "Actual Loops": 4,
                  "Filter": "(keyword_id < 11244)",
                  "Rows Removed by Filter": 367089
                }
              ]
            }
          ]
        }
      ]
    },
    "Planning Time": 0.075,
    "Triggers": [],
    "Execution Time": 173.589
  }
]