[
  {
    "Plan": {
      "Node Type": "Aggregate",
      "Strategy": "Plain",
      "Partial Mode": "Finalize",
      "Parallel Aware": false,
      "Startup Cost": 95211.18,
      "Total Cost": 95211.19,
      "Plan Rows": 1,
      "Plan Width": 8,
      "Actual Startup Time": 296.754,
      "Actual Total Time": 313.191,
      "Actual Rows": 1,
      "Actual Loops": 1,
      "Plans": [
        {
          "Node Type": "Gather",
          "Parent Relationship": "Outer",
          "Parallel Aware": false,
          "Startup Cost": 95210.76,
          "Total Cost": 95211.17,
          "Plan Rows": 4,
          "Plan Width": 8,
          "Actual Startup Time": 292.819,
          "Actual Total Time": 313.181,
          "Actual Rows": 5,
          "Actual Loops": 1,
          "Workers Planned": 4,
          "Workers Launched": 4,
          "Single Copy": false,
          "Plans": [
            {
              "Node Type": "Aggregate",
              "Strategy": "Plain",
              "Partial Mode": "Partial",
              "Parent Relationship": "Outer",
              "Parallel Aware": false,
              "Startup Cost": 94210.76,
              "Total Cost": 94210.77,
              "Plan Rows": 1,
              "Plan Width": 8,
              "Actual Startup Time": 287.129,
              "Actual Total Time": 287.138,
              "Actual Rows": 1,
              "Actual Loops": 5,
              "Plans": [
                {
                  "Node Type": "Hash Join",
                  "Parent Relationship": "Outer",
                  "Parallel Aware": true,
                  "Join Type": "Inner",
                  "Startup Cost": 49304.9,
                  "Total Cost": 94184.68,
                  "Plan Rows": 10432,
                  "Plan Width": 0,
                  "Actual Startup Time": 147.783,
                  "Actual Total Time": 285.466,
                  "Actual Rows": 31839,
                  "Actual Loops": 5,
                  "Inner Unique": false,
                  "Hash Cond": "(t.id = mi_idx.movie_id)",
                  "Plans": [
                    {
                      "Node Type": "Seq Scan",
                      "Parent Relationship": "Outer",
                      "Parallel Aware": true,
                      "Relation Name": "title",
                      "Alias": "t",
                      "Startup Cost": 0.0,
                      "Total Cost": 42319.06,
                      "Plan Rows": 632106,
                      "Plan Width": 4,
                      "Actual Startup Time": 0.01,
                      "Actual Total Time": 67.052,
                      "Actual Rows": 505662,
                      "Actual Loops": 5
                    },
                    {
                      "Node Type": "Hash",
                      "Parent Relationship": "Inner",
                      "Parallel Aware": true,
                      "Startup Cost": 48353.29,
                      "Total Cost": 48353.29,
                      "Plan Rows": 76129,
                      "Plan Width": 8,
                      "Actual Startup Time": 146.789,
                      "Actual Total Time": 146.794,
                      "Actual Rows": 31839,
                      "Actual Loops": 5,
                      "Hash Buckets": 262144,
                      "Original Hash Buckets": 262144,
                      "Hash Batches": 1,
                      "Original Hash Batches": 1,
                      "Peak Memory Usage": 8352,
                      "Plans": [
                        {
                          "Node Type": "Hash Join",
                          "Parent Relationship": "Outer",
                          "Parallel Aware": true,
                          "Join Type": "Inner",
                          "Startup Cost": 22381.07,
                          "Total Cost": 48353.29,
                          "Plan Rows": 76129,
                          "Plan Width": 8,
                          "Actual Startup Time": 77.64,
                          "Actual Total Time": 133.726,
                          "Actual Rows": 31839,
                          "Actual Loops": 5,
                          "Inner Unique": false,
                          "Hash Cond": "(mk.movie_id = mi_idx.movie_id)",
                          "Plans": [
                            {
                              "Node Type": "Bitmap Heap Scan",
                              "Parent Relationship": "Outer",
                              "Parallel Aware": true,
                              "Relation Name": "movie_keyword",
                              "Alias": "mk",
                              "Startup Cost": 4860.1,
                              "Total Cost": 30237.96,
                              "Plan Rows": 73909,
                              "Plan Width": 4,
                              "Actual Startup Time": 16.932,
                              "Actual Total Time": 55.388,
                              "Actual Rows": 45385,
                              "Actual Loops": 5,
                              "Recheck Cond": "(keyword_id < 186)",
                              "Rows Removed by Index Recheck": 0,
                              "Exact Heap Blocks": 6830,
                              "Lossy Heap Blocks": 0,
                              "Plans": [
                                {
                                  "Node Type": "Bitmap Index Scan",
                                  "Parent Relationship": "Outer",
                                  "Parallel Aware": false,
                                  "Index Name": "keyword_id_movie_keyword",
                                  "Startup Cost": 0.0,
                                  "Total Cost": 4802.82,
                                  "Plan Rows": 229118,
                                  "Plan Width": 0,
                                  "Actual Startup Time": 13.422,
                                  "Actual Total Time": 13.422,
                                  "Actual Rows": 226927,
                                  "Actual Loops": 1,
                                  "Index Cond": "(keyword_id < 186)"
                                }
                              ]
                            },
                            {
                              "Node Type": "Hash",
                              "Parent Relationship": "Inner",
                              "Parallel Aware": true,
                              "Startup Cost": 15122.68,
                              "Total Cost": 15122.68,
                              "Plan Rows": 191863,
                              "Plan Width": 4,
                              "Actual Startup Time": 59.921,
                              "Actual Total Time": 59.922,
                              "Actual Rows": 91985,
                              "Actual Loops": 5,
                              "Hash Buckets": 524288,
                              "Original Hash Buckets": 524288,
                              "Hash Batches": 1,
                              "Original Hash Batches": 1,
                              "Peak Memory Usage": 22144,
                              "Plans": [
                                {
                                  "Node Type": "Seq Scan",
                                  "Parent Relationship": "Outer",
                                  "Parallel Aware": true,
                                  "Relation Name": "movie_info_idx",
                                  "Alias": "mi_idx",
                                  "Startup Cost": 0.0,
                                  "Total Cost": 15122.68,
                                  "Plan Rows": 191863,
                                  "Plan Width": 4,
                                  "Actual Startup Time": 0.032,
                                  "Actual Total Time": 30.785,
                                  "Actual Rows": 91985,
                                  "Actual Loops": 5,
                                  "Filter": "(info_type_id = 100)",
                                  "Rows Removed by Filter": 184022
                                }
                              ]
                            }
                          ]
                        }
                      ]
                    }
                  ]
                }
              ]
            }
          ]
        }
      ]
    },
    "Planning Time": 0.414,
    "Triggers": [],
    "Execution Time": 313.238
  }
]