[
  {
    "Plan": {
      "Node Type": "Aggregate",
      "Strategy": "Plain",
      "Partial Mode": "Finalize",
      "Parallel Aware": false,
      "Startup Cost": 89252.38,
      "Total Cost": 89252.39,
      "Plan Rows": 1,
      "Plan Width": 8,
      "Actual Startup Time": 245.861,
      "Actual Total Time": 264.394,
      "Actual Rows": 1,
      "Actual Loops": 1,
      "Plans": [
        {
          "Node Type": "Gather",
          "Parent Relationship": "Outer",
          "Parallel Aware": false,
          "Startup Cost": 89252.06,
          "Total Cost": 89252.37,
          "Plan Rows": 3,
          "Plan Width": 8,
          "Actual Startup Time": 245.504,
          "Actual Total Time": 264.386,
          "Actual Rows": 4,
          "Actual Loops": 1,
          "Workers Planned": 3,
          "Workers Launched": 3,
          "Single Copy": false,
          "Plans": [
            {
              "Node Type": "Aggregate",
              "Strategy": "Plain",
              "Partial Mode": "Partial",
              "Parent Relationship": "Outer",
              "Parallel Aware": false,
              "Startup Cost": 88252.06,
              "Total Cost": 88252.07,
              "Plan Rows": 1,
              "Plan Width": 8,
              "Actual Startup Time": 240.186,
              "Actual Total Time": 240.19,
              "Actual Rows": 1,
              "Actual Loops": 4,
              "Plans": [
                {
                  "Node Type": "Hash Join",
                  "Parent Relationship": "Outer",
                  "Parallel Aware": true,
                  "Join Type": "Inner",
                  "Startup Cost": 44013.62,
                  "Total Cost": 88231.09,
                  "Plan Rows": 8387,
                  "Plan Width": 0,
                  "Actual Startup Time": 94.1,
                  "Actual Total Time": 239.792,
                  "Actual Rows": 6766,
                  "Actual Loops": 4,
                  "Inner Unique": true,
                  "Hash Cond": "(mk.movie_id = t.id)",
                  "Plans": [
                    {
                      "Node Type": "Seq Scan",
                      "Parent Relationship": "Outer",
                      "Parallel Aware": true,
                      "Relation Name": "movie_keyword",
                      "Alias": "mk",
                      "Startup Cost": 0.0,
                      "Total Cost": 42695.65,
                      "Plan Rows": 579740,
                      "Plan Width": 4,
                      "Actual Startup Time": 0.499,
                      "Actual Total Time": 109.162,
                      "Actual Rows": 444284,
                      "Actual Loops": 4,
                      "Filter": "(keyword_id > 7778)",
                      "Rows Removed by Filter": 686698
                    },
                    {
                      "Node Type": "Hash",
                      "Parent Relationship": "Inner",
                      "Parallel Aware": true,
                      "Startup Cost": 43899.32,
                      "Total Cost": 43899.32,
                      "Plan Rows": 9144,
                      "Plan Width": 4,
                      "Actual Startup Time": 92.959,
                      "Actual Total Time": 92.961,
                      "Actual Rows": 9109,
                      "Actual Loops": 4,
                      "Hash Buckets": 65536,
                      "Original Hash Buckets": 65536,
                      "Hash Batches": 1,
                      "Original Hash Batches": 1,
                      "Peak Memory Usage": 2016,
                      "Plans": [
                        {
                          "Node Type": "Seq Scan",
                          "Parent Relationship": "Outer",
                          "Parallel Aware": true,
                          "Relation Name": "title",
                          "Alias": "t",
                          "Startup Cost": 0.0,
                          "Total Cost": 43899.32,
                          "Plan Rows": 9144,
                          "Plan Width": 4,
                          "Actual Startup Time": 0.062,
                          "Actual Total Time": 88.64,
                          "Actual Rows": 9109,
                          "Actual Loops": 4,
                          "Filter": "(production_year = 1995)",
                          "Rows Removed by Filter": 622969
                        }
                      ]
                    }
                  ]
                }
              ]
            }
          ]
        }
      ]
    },
    "Planning Time": 0.243,
    "Triggers": [],
    "Execution Time": 264.434
  }
]