[
  {
    "Plan": {
      "Node Type": "Aggregate",
      "Strategy": "Plain",
      "Partial Mode": "Simple",
      "Parallel Aware": false,
      "Startup Cost": 4693.06,
      "Total Cost": 4693.07,
      "Plan Rows": 1,
      "Plan Width": 8,
      "Actual Startup Time": 0.767,
      "Actual Total Time": 0.77,
      "Actual Rows": 1,
      "Actual Loops": 1,
      "Plans": [
        {
          "Node Type": "Nested Loop",
          "Parent Relationship": "Outer",
          "Parallel Aware": false,
          "Join Type": "Inner",
          "Startup Cost": 1.43,
          "Total Cost": 4692.82,
          "Plan Rows": 97,
          "Plan Width": 0,
          "Actual Startup Time": 0.714,
          "Actual Total Time": 0.761,
          "Actual Rows": 3,
          "Actual Loops": 1,
          "Inner Unique": false,
          "Plans": [
            {
              "Node Type": "Nested Loop",
              "Parent Relationship": "Outer",
              "Parallel Aware": false,
              "Join Type": "Inner",
              "Startup Cost": 0.99,
              "Total Cost": 4323.62,
              "Plan Rows": 238,
              "Plan Width": 8,
              "Actual Startup Time": 0.692,
              "Actual Total Time": 0.721,
              "Actual Rows": 3,
              "Actual Loops": 1,
              "Inner Unique": true,
              "Plans": [
                {
                  "Node Type": "Index Scan",
                  "Parent Relationship": "Outer",
                  "Parallel Aware": false,
                  "Scan Direction": "Forward",
                  "Index Name": "person_id_cast_info",
                  "Relation Name": "cast_info",
                  "Alias": "ci",
                  "Startup Cost": 0.56,
                  "Total Cost": 1059.67,
                  "Plan Rows": 391,
                  "Plan Width": 4,
                  "Actual Startup Time": 0.666,
                  "Actual Total Time": 0.68,
                  "Actual Rows": 3,
                  "Actual Loops": 1,
                  "Index Cond": "(person_id = 2989655)",
                  "Rows Removed by Index Recheck": 0,
                  "Filter": "(role_id < 7)",
                  "Rows Removed by Filter": 2
                },
                {
                  "Node Type": "Index Scan",
                  "Parent Relationship": "Inner",
                  "Parallel Aware": false,
                  "Scan Direction": "Forward",
                  "Index Name": "title_pkey",
                  "Relation Name": "title",
                  "Alias": "t",
                  "Startup Cost": 0.43,
                  "Total Cost": 8.35,
                  "Plan Rows": 1,
                  "Plan Width": 4,
                  "Actual Startup Time": 0.01,
                  "Actual Total Time": 0.01,
                  "Actual Rows": 1,
                  "Actual Loops": 3,
                  "Index Cond": "(id = ci.movie_id)",
                  "Rows Removed by Index Recheck": 0,
                  "Filter": "(production_year > 1997)",
                  "Rows Removed by Filter": 0
                }
              ]
            },
            {
              "Node Type": "Index Scan",
              "Parent Relationship": "Inner",
              "Parallel Aware": false,
              "Scan Direction": "Forward",
              "Index Name": "movie_id_movie_keyword",
              "Relation Name": "movie_keyword",
              "Alias": "mk",
              "Startup Cost": 0.43,
              "Total Cost": 1.45,
              "Plan Rows": 10,
              "Plan Width": 4,
              "Actual Startup Time": 0.011,
              "Actual Total Time": 0.012,
              "Actual Rows": 1,
              "Actual Loops": 3,
              "Index Cond": "(movie_id = t.id)",
              "Rows Removed by Index Recheck": 0,
              "Filter": "(keyword_id > 17548)",
              "Rows Removed by Filter": 2
            }
          ]
        }
      ]
    },
    "Planning Time": 1.265,
    "Triggers": [],
    "Execution Time": 0.838
  }
]