{
  "Plan": {
    "Node Type": "Aggregate",
    "Strategy": "Plain",
    "Partial Mode": "Finalize",
    "Parallel Aware": false,
    "Startup Cost": 530007.41,
    "Total Cost": 530007.42,
    "Plan Rows": 1,
    "Plan Width": 8,
    "Actual Startup Time": 2863.252,
    "Actual Total Time": 2892.223,
    "Actual Rows": 1,
    "Actual Loops": 1,
    "Plans": [
      {
        "Node Type": "Gather",
        "Parent Relationship": "Outer",
        "Parallel Aware": false,
        "Startup Cost": 530007.3,
        "Total Cost": 530007.41,
        "Plan Rows": 1,
        "Plan Width": 8,
        "Actual Startup Time": 2856.314,
        "Actual Total Time": 2892.212,
        "Actual Rows": 2,
        "Actual Loops": 1,
        "Workers Planned": 1,
        "Workers Launched": 1,
        "Single Copy": false,
        "Plans": [
          {
            "Node Type": "Aggregate",
            "Strategy": "Plain",
            "Partial Mode": "Partial",
            "Parent Relationship": "Outer",
            "Parallel Aware": false,
            "Startup Cost": 529007.3,
            "Total Cost": 529007.31,
            "Plan Rows": 1,
            "Plan Width": 8,
            "Actual Startup Time": 2844.4,
            "Actual Total Time": 2844.404,
            "Actual Rows": 1,
            "Actual Loops": 2,
            "Plans": [
              {
                "Node Type": "Hash Join",
                "Parent Relationship": "Outer",
                "Parallel Aware": true,
                "Join Type": "Inner",
                "Startup Cost": 210238.54,
                "Total Cost": 519634.0,
                "Plan Rows": 3749319,
                "Plan Width": 0,
                "Actual Startup Time": 797.968,
                "Actual Total Time": 2685.259,
                "Actual Rows": 3102605,
                "Actual Loops": 2,
                "Inner Unique": true,
                "Hash Cond": "(ci.movie_id = t.id)",
                "Plans": [
                  {
                    "Node Type": "Bitmap Heap Scan",
                    "Parent Relationship": "Outer",
                    "Parallel Aware": true,
                    "Relation Name": "cast_info",
                    "Alias": "ci",
                    "Startup Cost": 140777.84,
                    "Total Cost": 440331.33,
                    "Plan Rows": 3749319,
                    "Plan Width": 4,
                    "Actual Startup Time": 196.04,
                    "Actual Total Time": 596.073,
                    "Actual Rows": 3102605,
                    "Actual Loops": 2,
                    "Recheck Cond": "(person_id > 3030578)",
                    "Rows Removed by Index Recheck": 0,
                    "Exact Heap Blocks": 49329,
                    "Lossy Heap Blocks": 0,
                    "Plans": [
                      {
                        "Node Type": "Bitmap Index Scan",
                        "Parent Relationship": "Outer",
                        "Parallel Aware": false,
                        "Index Name": "person_id_cast_info",
                        "Startup Cost": 0.0,
                        "Total Cost": 139184.38,
                        "Plan Rows": 6373842,
                        "Plan Width": 0,
                        "Actual Startup Time": 182.029,
                        "Actual Total Time": 182.03,
                        "Actual Rows": 6205210,
                        "Actual Loops": 1,
                        "Index Cond": "(person_id > 3030578)"
                      }
                    ]
                  },
                  {
                    "Node Type": "Hash",
                    "Parent Relationship": "Inner",
                    "Parallel Aware": true,
                    "Startup Cost": 50870.31,
                    "Total Cost": 50870.31,
                    "Plan Rows": 1487231,
                    "Plan Width": 4,
                    "Actual Startup Time": 579.789,
                    "Actual Total Time": 579.79,
                    "Actual Rows": 1264156,
                    "Actual Loops": 2,
                    "Hash Buckets": 4194304,
                    "Original Hash Buckets": 4194304,
                    "Hash Batches": 1,
                    "Original Hash Batches": 1,
                    "Peak Memory Usage": 131712,
                    "Plans": [
                      {
                        "Node Type": "Seq Scan",
                        "Parent Relationship": "Outer",
                        "Parallel Aware": true,
                        "Relation Name": "title",
                        "Alias": "t",
                        "Startup Cost": 0.0,
                        "Total Cost": 50870.31,
                        "Plan Rows": 1487231,
                        "Plan Width": 4,
                        "Actual Startup Time": 0.025,
                        "Actual Total Time": 172.573,
                        "Actual Rows": 1264156,
                        "Actual Loops": 2
                      }
                    ]
                  }
                ]
              }
            ]
          }
        ]
      }
    ]
  },
  "Planning Time": 0.649,
  "Triggers": [],
  "Execution Time": 2892.342
}