{
  "Plan": {
    "Node Type": "Aggregate",
    "Strategy": "Plain",
    "Partial Mode": "Finalize",
    "Parallel Aware": false,
    "Startup Cost": 733169.49,
    "Total Cost": 733169.5,
    "Plan Rows": 1,
    "Plan Width": 8,
    "Actual Startup Time": 8054.841,
    "Actual Total Time": 8109.601,
    "Actual Rows": 1,
    "Actual Loops": 1,
    "Plans": [
      {
        "Node Type": "Gather",
        "Parent Relationship": "Outer",
        "Parallel Aware": false,
        "Startup Cost": 733169.37,
        "Total Cost": 733169.48,
        "Plan Rows": 1,
        "Plan Width": 8,
        "Actual Startup Time": 8046.685,
        "Actual Total Time": 8109.59,
        "Actual Rows": 2,
        "Actual Loops": 1,
        "Workers Planned": 1,
        "Workers Launched": 1,
        "Single Copy": false,
        "Plans": [
          {
            "Node Type": "Aggregate",
            "Strategy": "Plain",
            "Partial Mode": "Partial",
            "Parent Relationship": "Outer",
            "Parallel Aware": false,
            "Startup Cost": 732169.37,
            "Total Cost": 732169.38,
            "Plan Rows": 1,
            "Plan Width": 8,
            "Actual Startup Time": 8039.862,
            "Actual Total Time": 8041.976,
            "Actual Rows": 1,
            "Actual Loops": 2,
            "Plans": [
              {
                "Node Type": "Hash Join",
                "Parent Relationship": "Outer",
                "Parallel Aware": true,
                "Join Type": "Inner",
                "Startup Cost": 132678.2,
                "Total Cost": 718802.28,
                "Plan Rows": 5346836,
                "Plan Width": 0,
                "Actual Startup Time": 1013.329,
                "Actual Total Time": 6672.534,
                "Actual Rows": 34840678,
                "Actual Loops": 2,
                "Inner Unique": false,
                "Hash Cond": "(ci.movie_id = t.id)",
                "Plans": [
                  {
                    "Node Type": "Seq Scan",
                    "Parent Relationship": "Outer",
                    "Parallel Aware": true,
                    "Relation Name": "cast_info",
                    "Alias": "ci",
                    "Startup Cost": 0.0,
                    "Total Cost": 519069.44,
                    "Plan Rows": 9494049,
                    "Plan Width": 4,
                    "Actual Startup Time": 0.017,
                    "Actual Total Time": 1355.653,
                    "Actual Rows": 8061118,
                    "Actual Loops": 2,
                    "Filter": "(person_id < 1597124)",
                    "Rows Removed by Filter": 10061054
                  },
                  {
                    "Node Type": "Hash",
                    "Parent Relationship": "Inner",
                    "Parallel Aware": true,
                    "Startup Cost": 122208.51,
                    "Total Cost": 122208.51,
                    "Plan Rows": 837575,
                    "Plan Width": 8,
                    "Actual Startup Time": 998.833,
                    "Actual Total Time": 1000.945,
                    "Actual Rows": 1421178,
                    "Actual Loops": 2,
                    "Hash Buckets": 4194304,
                    "Original Hash Buckets": 2097152,
                    "Hash Batches": 1,
                    "Original Hash Batches": 1,
                    "Peak Memory Usage": 160384,
                    "Plans": [
                      {
                        "Node Type": "Hash Join",
                        "Parent Relationship": "Outer",
                        "Parallel Aware": true,
                        "Join Type": "Inner",
                        "Startup Cost": 64157.67,
                        "Total Cost": 122208.51,
                        "Plan Rows": 837575,
                        "Plan Width": 8,
                        "Actual Startup Time": 233.276,
                        "Actual Total Time": 706.559,
                        "Actual Rows": 1421178,
                        "Actual Loops": 2,
                        "Inner Unique": true,
                        "Hash Cond": "(mk.movie_id = t.id)",
                        "Plans": [
                          {
                            "Node Type": "Seq Scan",
                            "Parent Relationship": "Outer",
                            "Parallel Aware": true,
                            "Relation Name": "movie_keyword",
                            "Alias": "mk",
                            "Startup Cost": 0.0,
                            "Total Cost": 51065.35,
                            "Plan Rows": 2661135,
                            "Plan Width": 4,
                            "Actual Startup Time": 0.012,
                            "Actual Total Time": 155.124,
                            "Actual Rows": 2261965,
                            "Actual Loops": 2
                          },
                          {
                            "Node Type": "Hash",
                            "Parent Relationship": "Inner",
                            "Parallel Aware": true,
                            "Startup Cost": 58306.47,
                            "Total Cost": 58306.47,
                            "Plan Rows": 468096,
                            "Plan Width": 4,
                            "Actual Startup Time": 229.315,
                            "Actual Total Time": 229.316,
                            "Actual Rows": 350974,
                            "Actual Loops": 2,
                            "Hash Buckets": 1048576,
                            "Original Hash Buckets": 1048576,
                            "Hash Batches": 1,
                            "Original Hash Batches": 1,
                            "Peak Memory Usage": 35680,
                            "Plans": [
                              {
                                "Node Type": "Seq Scan",
                                "Parent Relationship": "Outer",
                                "Parallel Aware": true,
                                "Relation Name": "title",
                                "Alias": "t",
                                "Startup Cost": 0.0,
                                "Total Cost": 58306.47,
                                "Plan Rows": 468096,
                                "Plan Width": 4,
                                "Actual Startup Time": 0.03,
                                "Actual Total Time": 145.054,
                                "Actual Rows": 350974,
                                "Actual Loops": 2,
                                "Filter": "((kind_id < 7) AND (production_year > 1974))",
                                "Rows Removed by Filter": 913182
                              }
                            ]
                          }
                        ]
                      }
                    ]
                  }
                ]
              }
            ]
          }
        ]
      }
    ]
  },
  "Planning Time": 0.959,
  "Triggers": [],
  "Execution Time": 8109.699
}