[
    {
        "Bao": {
            "Bao prediction": 451.937,
            "Bao recommended hint": "SET enable_mergejoin TO off; SET enable_indexscan TO off; "
        }
    },
    {
        "Plan": {
            "Node Type": "Aggregate",
            "Strategy": "Plain",
            "Partial Mode": "Finalize",
            "Parallel Aware": false,
            "Startup Cost": 345345.34,
            "Total Cost": 345345.35,
            "Plan Rows": 1,
            "Plan Width": 8,
            "Actual Startup Time": 581.247,
            "Actual Total Time": 612.809,
            "Actual Rows": 1,
            "Actual Loops": 1,
            "Output": [
                "count(*)"
            ],
            "Plans": [
                {
                    "Node Type": "Gather",
                    "Parent Relationship": "Outer",
                    "Parallel Aware": false,
                    "Startup Cost": 345344.71,
                    "Total Cost": 345345.32,
                    "Plan Rows": 6,
                    "Plan Width": 8,
                    "Actual Startup Time": 581.149,
                    "Actual Total Time": 612.799,
                    "Actual Rows": 7,
                    "Actual Loops": 1,
                    "Output": [
                        "(PARTIAL count(*))"
                    ],
                    "Workers Planned": 6,
                    "Workers Launched": 6,
                    "Single Copy": false,
                    "Plans": [
                        {
                            "Node Type": "Aggregate",
                            "Strategy": "Plain",
                            "Partial Mode": "Partial",
                            "Parent Relationship": "Outer",
                            "Parallel Aware": false,
                            "Startup Cost": 344344.71,
                            "Total Cost": 344344.72,
                            "Plan Rows": 1,
                            "Plan Width": 8,
                            "Actual Startup Time": 571.559,
                            "Actual Total Time": 571.56,
                            "Actual Rows": 1,
                            "Actual Loops": 7,
                            "Output": [
                                "PARTIAL count(*)"
                            ],
                            "Workers": [
                                {
                                    "Worker Number": 0,
                                    "Actual Startup Time": 569.255,
                                    "Actual Total Time": 569.256,
                                    "Actual Rows": 1,
                                    "Actual Loops": 1
                                },
                                {
                                    "Worker Number": 1,
                                    "Actual Startup Time": 569.896,
                                    "Actual Total Time": 569.897,
                                    "Actual Rows": 1,
                                    "Actual Loops": 1
                                },
                                {
                                    "Worker Number": 2,
                                    "Actual Startup Time": 570.137,
                                    "Actual Total Time": 570.138,
                                    "Actual Rows": 1,
                                    "Actual Loops": 1
                                },
                                {
                                    "Worker Number": 3,
                                    "Actual Startup Time": 570.138,
                                    "Actual Total Time": 570.139,
                                    "Actual Rows": 1,
                                    "Actual Loops": 1
                                },
                                {
                                    "Worker Number": 4,
                                    "Actual Startup Time": 570.425,
                                    "Actual Total Time": 570.426,
                                    "Actual Rows": 1,
                                    "Actual Loops": 1
                                },
                                {
                                    "Worker Number": 5,
                                    "Actual Startup Time": 570.798,
                                    "Actual Total Time": 570.799,
                                    "Actual Rows": 1,
                                    "Actual Loops": 1
                                }
                            ],
                            "Plans": [
                                {
                                    "Node Type": "Seq Scan",
                                    "Parent Relationship": "Outer",
                                    "Parallel Aware": true,
                                    "Relation Name": "cast_info",
                                    "Schema": "public",
                                    "Alias": "ci",
                                    "Startup Cost": 0.0,
                                    "Total Cost": 343318.94,
                                    "Plan Rows": 410309,
                                    "Plan Width": 0,
                                    "Actual Startup Time": 283.674,
                                    "Actual Total Time": 561.241,
                                    "Actual Rows": 240049,
                                    "Actual Loops": 7,
                                    "Output": [
                                        "id",
                                        "person_id",
                                        "movie_id",
                                        "person_role_id",
                                        "note",
                                        "nr_order",
                                        "role_id"
                                    ],
                                    "Filter": "((ci.person_id > 2480270) AND (ci.role_id = 2))",
                                    "Rows Removed by Filter": 4937714,
                                    "Workers": [
                                        {
                                            "Worker Number": 0,
                                            "Actual Startup Time": 281.376,
                                            "Actual Total Time": 558.85,
                                            "Actual Rows": 157990,
                                            "Actual Loops": 1
                                        },
                                        {
                                            "Worker Number": 1,
                                            "Actual Startup Time": 282.001,
                                            "Actual Total Time": 559.838,
                                            "Actual Rows": 247404,
                                            "Actual Loops": 1
                                        },
                                        {
                                            "Worker Number": 2,
                                            "Actual Startup Time": 282.256,
                                            "Actual Total Time": 559.981,
                                            "Actual Rows": 248862,
                                            "Actual Loops": 1
                                        },
                                        {
                                            "Worker Number": 3,
                                            "Actual Startup Time": 282.263,
                                            "Actual Total Time": 560.057,
                                            "Actual Rows": 248084,
                                            "Actual Loops": 1
                                        },
                                        {
                                            "Worker Number": 4,
                                            "Actual Startup Time": 282.539,
                                            "Actual Total Time": 560.244,
                                            "Actual Rows": 238885,
                                            "Actual Loops": 1
                                        },
                                        {
                                            "Worker Number": 5,
                                            "Actual Startup Time": 282.914,
                                            "Actual Total Time": 560.74,
                                            "Actual Rows": 247263,
                                            "Actual Loops": 1
                                        }
                                    ]
                                }
                            ]
                        }
                    ]
                }
            ]
        },
        "Planning Time": 1715.733,
        "Triggers": [],
        "Execution Time": 612.917
    }
]