[
  {
    "Plan": {
      "Node Type": "Aggregate",
      "Strategy": "Plain",
      "Partial Mode": "Finalize",
      "Parallel Aware": false,
      "Startup Cost": 346034.05,
      "Total Cost": 346034.06,
      "Plan Rows": 1,
      "Plan Width": 8,
      "Actual Startup Time": 716.683,
      "Actual Total Time": 776.471,
      "Actual Rows": 1,
      "Actual Loops": 1,
      "Plans": [
        {
          "Node Type": "Gather",
          "Parent Relationship": "Outer",
          "Parallel Aware": false,
          "Startup Cost": 346033.42,
          "Total Cost": 346034.03,
          "Plan Rows": 6,
          "Plan Width": 8,
          "Actual Startup Time": 716.474,
          "Actual Total Time": 776.457,
          "Actual Rows": 7,
          "Actual Loops": 1,
          "Workers Planned": 6,
          "Workers Launched": 6,
          "Single Copy": false,
          "Plans": [
            {
              "Node Type": "Aggregate",
              "Strategy": "Plain",
              "Partial Mode": "Partial",
              "Parent Relationship": "Outer",
              "Parallel Aware": false,
              "Startup Cost": 345033.42,
              "Total Cost": 345033.43,
              "Plan Rows": 1,
              "Plan Width": 8,
              "Actual Startup Time": 709.254,
              "Actual Total Time": 709.256,
              "Actual Rows": 1,
              "Actual Loops": 7,
              "Plans": [
                {
                  "Node Type": "Seq Scan",
                  "Parent Relationship": "Outer",
                  "Parallel Aware": true,
                  "Relation Name": "cast_info",
                  "Alias": "ci",
                  "Startup Cost": 0.0,
                  "Total Cost": 343316.27,
                  "Plan Rows": 686861,
                  "Plan Width": 0,
                  "Actual Startup Time": 376.621,
                  "Actual Total Time": 689.401,
                  "Actual Rows": 376075,
                  "Actual Loops": 7,
                  "Filter": "((person_id < 922477) AND (role_id > 2))",
                  "Rows Removed by Filter": 4801688
                }
              ]
            }
          ]
        }
      ]
    },
    "Planning Time": 0.127,
    "Triggers": [],
    "Execution Time": 776.525
  }
]