[
  {
    "Plan": {
      "Node Type": "Aggregate",
      "Strategy": "Plain",
      "Partial Mode": "Finalize",
      "Parallel Aware": false,
      "Startup Cost": 351947.36,
      "Total Cost": 351947.37,
      "Plan Rows": 1,
      "Plan Width": 8,
      "Actual Startup Time": 774.882,
      "Actual Total Time": 821.239,
      "Actual Rows": 1,
      "Actual Loops": 1,
      "Plans": [
        {
          "Node Type": "Gather",
          "Parent Relationship": "Outer",
          "Parallel Aware": false,
          "Startup Cost": 351946.74,
          "Total Cost": 351947.35,
          "Plan Rows": 6,
          "Plan Width": 8,
          "Actual Startup Time": 774.564,
          "Actual Total Time": 821.226,
          "Actual Rows": 7,
          "Actual Loops": 1,
          "Workers Planned": 6,
          "Workers Launched": 6,
          "Single Copy": false,
          "Plans": [
            {
              "Node Type": "Aggregate",
              "Strategy": "Plain",
              "Partial Mode": "Partial",
              "Parent Relationship": "Outer",
              "Parallel Aware": false,
              "Startup Cost": 350946.74,
              "Total Cost": 350946.75,
              "Plan Rows": 1,
              "Plan Width": 8,
              "Actual Startup Time": 767.017,
              "Actual Total Time": 767.018,
              "Actual Rows": 1,
              "Actual Loops": 7,
              "Plans": [
                {
                  "Node Type": "Seq Scan",
                  "Parent Relationship": "Outer",
                  "Parallel Aware": true,
                  "Relation Name": "cast_info",
                  "Alias": "ci",
                  "Startup Cost": 0.0,
                  "Total Cost": 343316.27,
                  "Plan Rows": 3052187,
                  "Plan Width": 0,
                  "Actual Startup Time": 204.91,
                  "Actual Total Time": 639.635,
                  "Actual Rows": 3042336,
                  "Actual Loops": 7,
                  "Filter": "((person_id > 799980) AND (role_id > 1))",
                  "Rows Removed by Filter": 2135428
                }
              ]
            }
          ]
        }
      ]
    },
    "Planning Time": 0.146,
    "Triggers": [],
    "Execution Time": 821.29
  }
]