[
  {
    "Plan": {
      "Node Type": "Aggregate",
      "Strategy": "Plain",
      "Partial Mode": "Simple",
      "Parallel Aware": false,
      "Startup Cost": 20957.07,
      "Total Cost": 20957.08,
      "Plan Rows": 1,
      "Plan Width": 8,
      "Actual Startup Time": 20.881,
      "Actual Total Time": 20.882,
      "Actual Rows": 1,
      "Actual Loops": 1,
      "Plans": [
        {
          "Node Type": "Bitmap Heap Scan",
          "Parent Relationship": "Outer",
          "Parallel Aware": false,
          "Relation Name": "movie_companies",
          "Alias": "mc",
          "Startup Cost": 1281.81,
          "Total Cost": 20809.52,
          "Plan Rows": 59017,
          "Plan Width": 0,
          "Actual Startup Time": 3.583,
          "Actual Total Time": 17.209,
          "Actual Rows": 58263,
          "Actual Loops": 1,
          "Recheck Cond": "(company_id > 185112)",
          "Rows Removed by Index Recheck": 0,
          "Exact Heap Blocks": 2107,
          "Lossy Heap Blocks": 0,
          "Plans": [
            {
              "Node Type": "Bitmap Index Scan",
              "Parent Relationship": "Outer",
              "Parallel Aware": false,
              "Index Name": "company_id_movie_companies",
              "Startup Cost": 0.0,
              "Total Cost": 1267.06,
              "Plan Rows": 59017,
              "Plan Width": 0,
              "Actual Startup Time": 3.209,
              "Actual Total Time": 3.209,
              "Actual Rows": 58263,
              "Actual Loops": 1,
              "Index Cond": "(company_id > 185112)"
            }
          ]
        }
      ]
    },
    "Planning Time": 0.098,
    "Triggers": [],
    "Execution Time": 20.917
  }
]