{
  "Plan": {
    "Node Type": "Aggregate",
    "Strategy": "Plain",
    "Partial Mode": "Finalize",
    "Parallel Aware": false,
    "Startup Cost": 78591.8,
    "Total Cost": 78591.81,
    "Plan Rows": 1,
    "Plan Width": 8,
    "Actual Startup Time": 300.64,
    "Actual Total Time": 319.738,
    "Actual Rows": 1,
    "Actual Loops": 1,
    "Plans": [
      {
        "Node Type": "Gather",
        "Parent Relationship": "Outer",
        "Parallel Aware": false,
        "Startup Cost": 78591.69,
        "Total Cost": 78591.8,
        "Plan Rows": 1,
        "Plan Width": 8,
        "Actual Startup Time": 300.528,
        "Actual Total Time": 319.732,
        "Actual Rows": 2,
        "Actual Loops": 1,
        "Workers Planned": 1,
        "Workers Launched": 1,
        "Single Copy": false,
        "Plans": [
          {
            "Node Type": "Aggregate",
            "Strategy": "Plain",
            "Partial Mode": "Partial",
            "Parent Relationship": "Outer",
            "Parallel Aware": false,
            "Startup Cost": 77591.69,
            "Total Cost": 77591.7,
            "Plan Rows": 1,
            "Plan Width": 8,
            "Actual Startup Time": 294.473,
            "Actual Total Time": 294.476,
            "Actual Rows": 1,
            "Actual Loops": 2,
            "Plans": [
              {
                "Node Type": "Nested Loop",
                "Parent Relationship": "Outer",
                "Parallel Aware": false,
                "Join Type": "Inner",
                "Startup Cost": 58343.59,
                "Total Cost": 77587.56,
                "Plan Rows": 1654,
                "Plan Width": 0,
                "Actual Startup Time": 157.315,
                "Actual Total Time": 293.684,
                "Actual Rows": 12476,
                "Actual Loops": 2,
                "Inner Unique": false,
                "Join Filter": "(t.id = mc.movie_id)",
                "Rows Removed by Join Filter": 0,
                "Plans": [
                  {
                    "Node Type": "Hash Join",
                    "Parent Relationship": "Outer",
                    "Parallel Aware": true,
                    "Join Type": "Inner",
                    "Startup Cost": 58343.16,
                    "Total Cost": 76526.94,
                    "Plan Rows": 1602,
                    "Plan Width": 8,
                    "Actual Startup Time": 157.241,
                    "Actual Total Time": 272.299,
                    "Actual Rows": 3854,
                    "Actual Loops": 2,
                    "Inner Unique": true,
                    "Hash Cond": "(mi_idx.movie_id = t.id)",
                    "Plans": [
                      {
                        "Node Type": "Seq Scan",
                        "Parent Relationship": "Outer",
                        "Parallel Aware": true,
                        "Relation Name": "movie_info_idx",
                        "Alias": "mi_idx",
                        "Startup Cost": 0.0,
                        "Total Cost": 16052.85,
                        "Plan Rows": 811785,
                        "Plan Width": 4,
                        "Actual Startup Time": 0.021,
                        "Actual Total Time": 55.779,
                        "Actual Rows": 690018,
                        "Actual Loops": 2
                      },
                      {
                        "Node Type": "Hash",
                        "Parent Relationship": "Inner",
                        "Parallel Aware": true,
                        "Startup Cost": 58306.47,
                        "Total Cost": 58306.47,
                        "Plan Rows": 2935,
                        "Plan Width": 4,
                        "Actual Startup Time": 155.941,
                        "Actual Total Time": 155.942,
                        "Actual Rows": 3368,
                        "Actual Loops": 2,
                        "Hash Buckets": 8192,
                        "Original Hash Buckets": 8192,
                        "Hash Batches": 1,
                        "Original Hash Batches": 1,
                        "Peak Memory Usage": 352,
                        "Plans": [
                          {
                            "Node Type": "Seq Scan",
                            "Parent Relationship": "Outer",
                            "Parallel Aware": true,
                            "Relation Name": "title",
                            "Alias": "t",
                            "Startup Cost": 0.0,
                            "Total Cost": 58306.47,
                            "Plan Rows": 2935,
                            "Plan Width": 4,
                            "Actual Startup Time": 1.323,
                            "Actual Total Time": 154.497,
                            "Actual Rows": 3368,
                            "Actual Loops": 2,
                            "Filter": "((kind_id < 7) AND (production_year = 1980))",
                            "Rows Removed by Filter": 1260788
                          }
                        ]
                      }
                    ]
                  },
                  {
                    "Node Type": "Index Only Scan",
                    "Parent Relationship": "Inner",
                    "Parallel Aware": false,
                    "Scan Direction": "Forward",
                    "Index Name": "movie_id_movie_companies",
                    "Relation Name": "movie_companies",
                    "Alias": "mc",
                    "Startup Cost": 0.43,
                    "Total Cost": 0.6,
                    "Plan Rows": 5,
                    "Plan Width": 4,
                    "Actual Startup Time": 0.004,
                    "Actual Total Time": 0.005,
                    "Actual Rows": 3,
                    "Actual Loops": 7708,
                    "Index Cond": "(movie_id = mi_idx.movie_id)",
                    "Rows Removed by Index Recheck": 0,
                    "Heap Fetches": 24952
                  }
                ]
              }
            ]
          }
        ]
      }
    ]
  },
  "Planning Time": 0.943,
  "Triggers": [],
  "Execution Time": 319.826
}