[
  {
    "Plan": {
      "Node Type": "Aggregate",
      "Strategy": "Plain",
      "Partial Mode": "Finalize",
      "Parallel Aware": false,
      "Startup Cost": 33069.73,
      "Total Cost": 33069.74,
      "Plan Rows": 1,
      "Plan Width": 8,
      "Actual Startup Time": 96.669,
      "Actual Total Time": 103.061,
      "Actual Rows": 1,
      "Actual Loops": 1,
      "Plans": [
        {
          "Node Type": "Gather",
          "Parent Relationship": "Outer",
          "Parallel Aware": false,
          "Startup Cost": 33069.42,
          "Total Cost": 33069.73,
          "Plan Rows": 3,
          "Plan Width": 8,
          "Actual Startup Time": 96.562,
          "Actual Total Time": 103.052,
          "Actual Rows": 4,
          "Actual Loops": 1,
          "Workers Planned": 3,
          "Workers Launched": 3,
          "Single Copy": false,
          "Plans": [
            {
              "Node Type": "Aggregate",
              "Strategy": "Plain",
              "Partial Mode": "Partial",
              "Parent Relationship": "Outer",
              "Parallel Aware": false,
              "Startup Cost": 32069.42,
              "Total Cost": 32069.43,
              "Plan Rows": 1,
              "Plan Width": 8,
              "Actual Startup Time": 89.773,
              "Actual Total Time": 89.774,
              "Actual Rows": 1,
              "Actual Loops": 4,
              "Plans": [
                {
                  "Node Type": "Seq Scan",
                  "Parent Relationship": "Outer",
                  "Parallel Aware": true,
                  "Relation Name": "movie_companies",
                  "Alias": "mc",
                  "Startup Cost": 0.0,
                  "Total Cost": 31414.82,
                  "Plan Rows": 261839,
                  "Plan Width": 0,
                  "Actual Startup Time": 3.792,
                  "Actual Total Time": 81.605,
                  "Actual Rows": 149426,
                  "Actual Loops": 4,
                  "Filter": "((company_id > 3927) AND (company_type_id < 2))",
                  "Rows Removed by Filter": 502856
                }
              ]
            }
          ]
        }
      ]
    },
    "Planning Time": 0.211,
    "Triggers": [],
    "Execution Time": 103.116
  }
]