[
  {
    "Plan": {
      "Node Type": "Aggregate",
      "Strategy": "Plain",
      "Partial Mode": "Finalize",
      "Parallel Aware": false,
      "Startup Cost": 350591.63,
      "Total Cost": 350591.64,
      "Plan Rows": 1,
      "Plan Width": 8,
      "Actual Startup Time": 377.232,
      "Actual Total Time": 438.05,
      "Actual Rows": 1,
      "Actual Loops": 1,
      "Plans": [
        {
          "Node Type": "Gather",
          "Parent Relationship": "Outer",
          "Parallel Aware": false,
          "Startup Cost": 350591.21,
          "Total Cost": 350591.62,
          "Plan Rows": 4,
          "Plan Width": 8,
          "Actual Startup Time": 377.025,
          "Actual Total Time": 438.037,
          "Actual Rows": 5,
          "Actual Loops": 1,
          "Workers Planned": 4,
          "Workers Launched": 4,
          "Single Copy": false,
          "Plans": [
            {
              "Node Type": "Aggregate",
              "Strategy": "Plain",
              "Partial Mode": "Partial",
              "Parent Relationship": "Outer",
              "Parallel Aware": false,
              "Startup Cost": 349591.21,
              "Total Cost": 349591.22,
              "Plan Rows": 1,
              "Plan Width": 8,
              "Actual Startup Time": 370.322,
              "Actual Total Time": 370.323,
              "Actual Rows": 1,
              "Actual Loops": 5,
              "Plans": [
                {
                  "Node Type": "Nested Loop",
                  "Parent Relationship": "Outer",
                  "Parallel Aware": false,
                  "Join Type": "Inner",
                  "Startup Cost": 0.56,
                  "Total Cost": 349506.82,
                  "Plan Rows": 33755,
                  "Plan Width": 0,
                  "Actual Startup Time": 1.511,
                  "Actual Total Time": 369.51,
                  "Actual Rows": 9441,
                  "Actual Loops": 5,
                  "Inner Unique": false,
                  "Plans": [
                    {
                      "Node Type": "Seq Scan",
                      "Parent Relationship": "Outer",
                      "Parallel Aware": true,
                      "Relation Name": "title",
                      "Alias": "t",
                      "Startup Cost": 0.0,
                      "Total Cost": 45479.59,
                      "Plan Rows": 10531,
                      "Plan Width": 4,
                      "Actual Startup Time": 0.172,
                      "Actual Total Time": 61.886,
                      "Actual Rows": 6781,
                      "Actual Loops": 5,
                      "Filter": "((kind_id < 7) AND (production_year = 2006))",
                      "Rows Removed by Filter": 498881
                    },
                    {
                      "Node Type": "Index Scan",
                      "Parent Relationship": "Inner",
                      "Parallel Aware": false,
                      "Scan Direction": "Forward",
                      "Index Name": "movie_id_cast_info",
                      "Relation Name": "cast_info",
                      "Alias": "ci",
                      "Startup Cost": 0.56,
                      "Total Cost": 28.79,
                      "Plan Rows": 8,
                      "Plan Width": 4,
                      "Actual Startup Time": 0.026,
                      "Actual Total Time": 0.045,
                      "Actual Rows": 1,
                      "Actual Loops": 33905,
                      "Index Cond": "(movie_id = t.id)",
                      "Rows Removed by Index Recheck": 0,
                      "Filter": "((person_id > 1303580) AND (role_id = 1))",
                      "Rows Removed by Filter": 15
                    }
                  ]
                }
              ]
            }
          ]
        }
      ]
    },
    "Planning Time": 0.225,
    "Triggers": [],
    "Execution Time": 438.101
  }
]