[
  {
    "Plan": {
      "Node Type": "Aggregate",
      "Strategy": "Plain",
      "Partial Mode": "Finalize",
      "Parallel Aware": false,
      "Startup Cost": 47117.96,
      "Total Cost": 47117.97,
      "Plan Rows": 1,
      "Plan Width": 8,
      "Actual Startup Time": 177.672,
      "Actual Total Time": 187.414,
      "Actual Rows": 1,
      "Actual Loops": 1,
      "Plans": [
        {
          "Node Type": "Gather",
          "Parent Relationship": "Outer",
          "Parallel Aware": false,
          "Startup Cost": 47117.65,
          "Total Cost": 47117.96,
          "Plan Rows": 3,
          "Plan Width": 8,
          "Actual Startup Time": 177.448,
          "Actual Total Time": 187.405,
          "Actual Rows": 4,
          "Actual Loops": 1,
          "Workers Planned": 3,
          "Workers Launched": 3,
          "Single Copy": false,
          "Plans": [
            {
              "Node Type": "Aggregate",
              "Strategy": "Plain",
              "Partial Mode": "Partial",
              "Parent Relationship": "Outer",
              "Parallel Aware": false,
              "Startup Cost": 46117.65,
              "Total Cost": 46117.66,
              "Plan Rows": 1,
              "Plan Width": 8,
              "Actual Startup Time": 170.025,
              "Actual Total Time": 170.027,
              "Actual Rows": 1,
              "Actual Loops": 4,
              "Plans": [
                {
                  "Node Type": "Seq Scan",
                  "Parent Relationship": "Outer",
                  "Parallel Aware": true,
                  "Relation Name": "movie_keyword",
                  "Alias": "mk",
                  "Startup Cost": 0.0,
                  "Total Cost": 42695.65,
                  "Plan Rows": 1368797,
                  "Plan Width": 0,
                  "Actual Startup Time": 0.069,
                  "Actual Total Time": 124.015,
                  "Actual Rows": 1056628,
                  "Actual Loops": 4,
                  "Filter": "(keyword_id > 242)",
                  "Rows Removed by Filter": 74355
                }
              ]
            }
          ]
        }
      ]
    },
    "Planning Time": 0.216,
    "Triggers": [],
    "Execution Time": 187.469
  }
]