[
  {
    "Plan": {
      "Node Type": "Aggregate",
      "Strategy": "Plain",
      "Partial Mode": "Finalize",
      "Parallel Aware": false,
      "Startup Cost": 334569.14,
      "Total Cost": 334569.15,
      "Plan Rows": 1,
      "Plan Width": 8,
      "Actual Startup Time": 473.043,
      "Actual Total Time": 494.74,
      "Actual Rows": 1,
      "Actual Loops": 1,
      "Plans": [
        {
          "Node Type": "Gather",
          "Parent Relationship": "Outer",
          "Parallel Aware": false,
          "Startup Cost": 334568.52,
          "Total Cost": 334569.13,
          "Plan Rows": 6,
          "Plan Width": 8,
          "Actual Startup Time": 473.029,
          "Actual Total Time": 494.732,
          "Actual Rows": 7,
          "Actual Loops": 1,
          "Workers Planned": 6,
          "Workers Launched": 6,
          "Single Copy": false,
          "Plans": [
            {
              "Node Type": "Aggregate",
              "Strategy": "Plain",
              "Partial Mode": "Partial",
              "Parent Relationship": "Outer",
              "Parallel Aware": false,
              "Startup Cost": 333568.52,
              "Total Cost": 333568.53,
              "Plan Rows": 1,
              "Plan Width": 8,
              "Actual Startup Time": 463.487,
              "Actual Total Time": 463.488,
              "Actual Rows": 1,
              "Actual Loops": 7,
              "Plans": [
                {
                  "Node Type": "Index Scan",
                  "Parent Relationship": "Outer",
                  "Parallel Aware": true,
                  "Scan Direction": "Forward",
                  "Index Name": "role_id_cast_info",
                  "Relation Name": "cast_info",
                  "Alias": "ci",
                  "Startup Cost": 0.56,
                  "Total Cost": 331632.96,
                  "Plan Rows": 774223,
                  "Plan Width": 0,
                  "Actual Startup Time": 0.197,
                  "Actual Total Time": 404.887,
                  "Actual Rows": 1159923,
                  "Actual Loops": 7,
                  "Index Cond": "(role_id > 3)",
                  "Rows Removed by Index Recheck": 0,
                  "Filter": "(person_id > 2309984)",
                  "Rows Removed by Filter": 570598
                }
              ]
            }
          ]
        }
      ]
    },
    "Planning Time": 0.239,
    "Triggers": [],
    "Execution Time": 494.811
  }
]