[
  {
    "Plan": {
      "Node Type": "Aggregate",
      "Strategy": "Plain",
      "Partial Mode": "Finalize",
      "Parallel Aware": false,
      "Startup Cost": 246228.3,
      "Total Cost": 246228.31,
      "Plan Rows": 1,
      "Plan Width": 8,
      "Actual Startup Time": 745.015,
      "Actual Total Time": 786.908,
      "Actual Rows": 1,
      "Actual Loops": 1,
      "Plans": [
        {
          "Node Type": "Gather",
          "Parent Relationship": "Outer",
          "Parallel Aware": false,
          "Startup Cost": 246227.78,
          "Total Cost": 246228.29,
          "Plan Rows": 5,
          "Plan Width": 8,
          "Actual Startup Time": 743.952,
          "Actual Total Time": 786.899,
          "Actual Rows": 6,
          "Actual Loops": 1,
          "Workers Planned": 5,
          "Workers Launched": 5,
          "Single Copy": false,
          "Plans": [
            {
              "Node Type": "Aggregate",
              "Strategy": "Plain",
              "Partial Mode": "Partial",
              "Parent Relationship": "Outer",
              "Parallel Aware": false,
              "Startup Cost": 245227.78,
              "Total Cost": 245227.79,
              "Plan Rows": 1,
              "Plan Width": 8,
              "Actual Startup Time": 734.284,
              "Actual Total Time": 734.331,
              "Actual Rows": 1,
              "Actual Loops": 6,
              "Plans": [
                {
                  "Node Type": "Hash Join",
                  "Parent Relationship": "Outer",
                  "Parallel Aware": true,
                  "Join Type": "Inner",
                  "Startup Cost": 45699.66,
                  "Total Cost": 245021.43,
                  "Plan Rows": 82540,
                  "Plan Width": 0,
                  "Actual Startup Time": 95.015,
                  "Actual Total Time": 718.192,
                  "Actual Rows": 344313,
                  "Actual Loops": 6,
                  "Inner Unique": true,
                  "Hash Cond": "(mi.movie_id = t.id)",
                  "Plans": [
                    {
                      "Node Type": "Seq Scan",
                      "Parent Relationship": "Outer",
                      "Parallel Aware": true,
                      "Relation Name": "movie_info",
                      "Alias": "mi",
                      "Startup Cost": 0.0,
                      "Total Cost": 191560.33,
                      "Plan Rows": 2956733,
                      "Plan Width": 4,
                      "Actual Startup Time": 0.024,
                      "Actual Total Time": 298.477,
                      "Actual Rows": 2472620,
                      "Actual Loops": 6
                    },
                    {
                      "Node Type": "Hash",
                      "Parent Relationship": "Inner",
                      "Parallel Aware": true,
                      "Startup Cost": 45479.1,
                      "Total Cost": 45479.1,
                      "Plan Rows": 17645,
                      "Plan Width": 4,
                      "Actual Startup Time": 92.583,
                      "Actual Total Time": 92.584,
                      "Actual Rows": 28982,
                      "Actual Loops": 6,
                      "Hash Buckets": 262144,
                      "Original Hash Buckets": 131072,
                      "Hash Batches": 1,
                      "Original Hash Batches": 1,
                      "Peak Memory Usage": 9952,
                      "Plans": [
                        {
                          "Node Type": "Seq Scan",
                          "Parent Relationship": "Outer",
                          "Parallel Aware": true,
                          "Relation Name": "title",
                          "Alias": "t",
                          "Startup Cost": 0.0,
                          "Total Cost": 45479.1,
                          "Plan Rows": 17645,
                          "Plan Width": 4,
                          "Actual Startup Time": 0.578,
                          "Actual Total Time": 79.069,
                          "Actual Rows": 28982,
                          "Actual Loops": 6,
                          "Filter": "((kind_id < 7) AND (production_year < 1954))",
                          "Rows Removed by Filter": 392403
                        }
                      ]
                    }
                  ]
                }
              ]
            }
          ]
        }
      ]
    },
    "Planning Time": 0.611,
    "Triggers": [],
    "Execution Time": 786.987
  }
]