[
  {
    "Plan": {
      "Node Type": "Aggregate",
      "Strategy": "Plain",
      "Partial Mode": "Finalize",
      "Parallel Aware": false,
      "Startup Cost": 30994.09,
      "Total Cost": 30994.1,
      "Plan Rows": 1,
      "Plan Width": 8,
      "Actual Startup Time": 96.162,
      "Actual Total Time": 103.999,
      "Actual Rows": 1,
      "Actual Loops": 1,
      "Plans": [
        {
          "Node Type": "Gather",
          "Parent Relationship": "Outer",
          "Parallel Aware": false,
          "Startup Cost": 30993.77,
          "Total Cost": 30994.08,
          "Plan Rows": 3,
          "Plan Width": 8,
          "Actual Startup Time": 96.037,
          "Actual Total Time": 103.989,
          "Actual Rows": 4,
          "Actual Loops": 1,
          "Workers Planned": 3,
          "Workers Launched": 3,
          "Single Copy": false,
          "Plans": [
            {
              "Node Type": "Aggregate",
              "Strategy": "Plain",
              "Partial Mode": "Partial",
              "Parent Relationship": "Outer",
              "Parallel Aware": false,
              "Startup Cost": 29993.77,
              "Total Cost": 29993.78,
              "Plan Rows": 1,
              "Plan Width": 8,
              "Actual Startup Time": 88.109,
              "Actual Total Time": 88.11,
              "Actual Rows": 1,
              "Actual Loops": 4,
              "Plans": [
                {
                  "Node Type": "Seq Scan",
                  "Parent Relationship": "Outer",
                  "Parallel Aware": true,
                  "Relation Name": "movie_companies",
                  "Alias": "mc",
                  "Startup Cost": 0.0,
                  "Total Cost": 29310.68,
                  "Plan Rows": 273236,
                  "Plan Width": 0,
                  "Actual Startup Time": 0.045,
                  "Actual Total Time": 74.302,
                  "Actual Rows": 210578,
                  "Actual Loops": 4,
                  "Filter": "(company_id < 2231)",
                  "Rows Removed by Filter": 441704
                }
              ]
            }
          ]
        }
      ]
    },
    "Planning Time": 0.19,
    "Triggers": [],
    "Execution Time": 104.056
  }
]