{
  "Plan": {
    "Node Type": "Aggregate",
    "Strategy": "Plain",
    "Partial Mode": "Finalize",
    "Parallel Aware": false,
    "Startup Cost": 107818.32,
    "Total Cost": 107818.33,
    "Plan Rows": 1,
    "Plan Width": 8,
    "Actual Startup Time": 670.957,
    "Actual Total Time": 688.398,
    "Actual Rows": 1,
    "Actual Loops": 1,
    "Plans": [
      {
        "Node Type": "Gather",
        "Parent Relationship": "Outer",
        "Parallel Aware": false,
        "Startup Cost": 107818.21,
        "Total Cost": 107818.32,
        "Plan Rows": 1,
        "Plan Width": 8,
        "Actual Startup Time": 667.088,
        "Actual Total Time": 688.391,
        "Actual Rows": 2,
        "Actual Loops": 1,
        "Workers Planned": 1,
        "Workers Launched": 1,
        "Single Copy": false,
        "Plans": [
          {
            "Node Type": "Aggregate",
            "Strategy": "Plain",
            "Partial Mode": "Partial",
            "Parent Relationship": "Outer",
            "Parallel Aware": false,
            "Startup Cost": 106818.21,
            "Total Cost": 106818.22,
            "Plan Rows": 1,
            "Plan Width": 8,
            "Actual Startup Time": 654.056,
            "Actual Total Time": 654.06,
            "Actual Rows": 1,
            "Actual Loops": 2,
            "Plans": [
              {
                "Node Type": "Hash Join",
                "Parent Relationship": "Outer",
                "Parallel Aware": true,
                "Join Type": "Inner",
                "Startup Cost": 78663.25,
                "Total Cost": 106347.93,
                "Plan Rows": 188113,
                "Plan Width": 0,
                "Actual Startup Time": 542.511,
                "Actual Total Time": 646.636,
                "Actual Rows": 167123,
                "Actual Loops": 2,
                "Inner Unique": true,
                "Hash Cond": "(mk.movie_id = t.id)",
                "Plans": [
                  {
                    "Node Type": "Bitmap Heap Scan",
                    "Parent Relationship": "Outer",
                    "Parallel Aware": true,
                    "Relation Name": "movie_keyword",
                    "Alias": "mk",
                    "Startup Cost": 7702.59,
                    "Total Cost": 34826.57,
                    "Plan Rows": 213598,
                    "Plan Width": 4,
                    "Actual Startup Time": 21.017,
                    "Actual Total Time": 76.281,
                    "Actual Rows": 175615,
                    "Actual Loops": 2,
                    "Recheck Cond": "(keyword_id > 47402)",
                    "Rows Removed by Index Recheck": 0,
                    "Exact Heap Blocks": 12758,
                    "Lossy Heap Blocks": 0,
                    "Plans": [
                      {
                        "Node Type": "Bitmap Index Scan",
                        "Parent Relationship": "Outer",
                        "Parallel Aware": false,
                        "Index Name": "keyword_id_movie_keyword",
                        "Startup Cost": 0.0,
                        "Total Cost": 7611.81,
                        "Plan Rows": 363117,
                        "Plan Width": 0,
                        "Actual Startup Time": 17.725,
                        "Actual Total Time": 17.725,
                        "Actual Rows": 351230,
                        "Actual Loops": 1,
                        "Index Cond": "(keyword_id > 47402)"
                      }
                    ]
                  },
                  {
                    "Node Type": "Hash",
                    "Parent Relationship": "Inner",
                    "Parallel Aware": true,
                    "Startup Cost": 54588.39,
                    "Total Cost": 54588.39,
                    "Plan Rows": 1309782,
                    "Plan Width": 4,
                    "Actual Startup Time": 499.785,
                    "Actual Total Time": 499.785,
                    "Actual Rows": 1112284,
                    "Actual Loops": 2,
                    "Hash Buckets": 4194304,
                    "Original Hash Buckets": 4194304,
                    "Hash Batches": 1,
                    "Original Hash Batches": 1,
                    "Peak Memory Usage": 119808,
                    "Plans": [
                      {
                        "Node Type": "Seq Scan",
                        "Parent Relationship": "Outer",
                        "Parallel Aware": true,
                        "Relation Name": "title",
                        "Alias": "t",
                        "Startup Cost": 0.0,
                        "Total Cost": 54588.39,
                        "Plan Rows": 1309782,
                        "Plan Width": 4,
                        "Actual Startup Time": 0.027,
                        "Actual Total Time": 182.111,
                        "Actual Rows": 1112284,
                        "Actual Loops": 2,
                        "Filter": "(production_year < 2012)",
                        "Rows Removed by Filter": 151872
                      }
                    ]
                  }
                ]
              }
            ]
          }
        ]
      }
    ]
  },
  "Planning Time": 0.673,
  "Triggers": [],
  "Execution Time": 688.487
}