[
  {
    "Plan": {
      "Node Type": "Aggregate",
      "Strategy": "Plain",
      "Partial Mode": "Finalize",
      "Parallel Aware": false,
      "Startup Cost": 332723.51,
      "Total Cost": 332723.52,
      "Plan Rows": 1,
      "Plan Width": 8,
      "Actual Startup Time": 551.589,
      "Actual Total Time": 577.717,
      "Actual Rows": 1,
      "Actual Loops": 1,
      "Plans": [
        {
          "Node Type": "Gather",
          "Parent Relationship": "Outer",
          "Parallel Aware": false,
          "Startup Cost": 332722.88,
          "Total Cost": 332723.49,
          "Plan Rows": 6,
          "Plan Width": 8,
          "Actual Startup Time": 551.526,
          "Actual Total Time": 577.711,
          "Actual Rows": 7,
          "Actual Loops": 1,
          "Workers Planned": 6,
          "Workers Launched": 6,
          "Single Copy": false,
          "Plans": [
            {
              "Node Type": "Aggregate",
              "Strategy": "Plain",
              "Partial Mode": "Partial",
              "Parent Relationship": "Outer",
              "Parallel Aware": false,
              "Startup Cost": 331722.88,
              "Total Cost": 331722.89,
              "Plan Rows": 1,
              "Plan Width": 8,
              "Actual Startup Time": 544.71,
              "Actual Total Time": 544.71,
              "Actual Rows": 1,
              "Actual Loops": 7,
              "Plans": [
                {
                  "Node Type": "Seq Scan",
                  "Parent Relationship": "Outer",
                  "Parallel Aware": true,
                  "Relation Name": "cast_info",
                  "Alias": "ci",
                  "Startup Cost": 0.0,
                  "Total Cost": 328213.62,
                  "Plan Rows": 1403706,
                  "Plan Width": 0,
                  "Actual Startup Time": 283.352,
                  "Actual Total Time": 494.809,
                  "Actual Rows": 1198610,
                  "Actual Loops": 7,
                  "Filter": "(person_id > 2845227)",
                  "Rows Removed by Filter": 3979153
                }
              ]
            }
          ]
        }
      ]
    },
    "Planning Time": 0.076,
    "Triggers": [],
    "Execution Time": 577.748
  }
]