[
  {
    "Plan": {
      "Node Type": "Aggregate",
      "Strategy": "Plain",
      "Partial Mode": "Finalize",
      "Parallel Aware": false,
      "Startup Cost": 33457.02,
      "Total Cost": 33457.03,
      "Plan Rows": 1,
      "Plan Width": 8,
      "Actual Startup Time": 103.676,
      "Actual Total Time": 111.787,
      "Actual Rows": 1,
      "Actual Loops": 1,
      "Plans": [
        {
          "Node Type": "Gather",
          "Parent Relationship": "Outer",
          "Parallel Aware": false,
          "Startup Cost": 33456.7,
          "Total Cost": 33457.01,
          "Plan Rows": 3,
          "Plan Width": 8,
          "Actual Startup Time": 103.543,
          "Actual Total Time": 111.779,
          "Actual Rows": 4,
          "Actual Loops": 1,
          "Workers Planned": 3,
          "Workers Launched": 3,
          "Single Copy": false,
          "Plans": [
            {
              "Node Type": "Aggregate",
              "Strategy": "Plain",
              "Partial Mode": "Partial",
              "Parent Relationship": "Outer",
              "Parallel Aware": false,
              "Startup Cost": 32456.7,
              "Total Cost": 32456.71,
              "Plan Rows": 1,
              "Plan Width": 8,
              "Actual Startup Time": 96.206,
              "Actual Total Time": 96.207,
              "Actual Rows": 1,
              "Actual Loops": 4,
              "Plans": [
                {
                  "Node Type": "Seq Scan",
                  "Parent Relationship": "Outer",
                  "Parallel Aware": true,
                  "Relation Name": "movie_companies",
                  "Alias": "mc",
                  "Startup Cost": 0.0,
                  "Total Cost": 31414.82,
                  "Plan Rows": 416752,
                  "Plan Width": 0,
                  "Actual Startup Time": 48.385,
                  "Actual Total Time": 83.98,
                  "Actual Rows": 318271,
                  "Actual Loops": 4,
                  "Filter": "((company_id < 182510) AND (company_type_id > 1))",
                  "Rows Removed by Filter": 334011
                }
              ]
            }
          ]
        }
      ]
    },
    "Planning Time": 0.212,
    "Triggers": [],
    "Execution Time": 111.844
  }
]