{
  "Plan": {
    "Node Type": "Aggregate",
    "Strategy": "Plain",
    "Partial Mode": "Finalize",
    "Parallel Aware": false,
    "Startup Cost": 111943.29,
    "Total Cost": 111943.3,
    "Plan Rows": 1,
    "Plan Width": 8,
    "Actual Startup Time": 761.031,
    "Actual Total Time": 776.731,
    "Actual Rows": 1,
    "Actual Loops": 1,
    "Plans": [
      {
        "Node Type": "Gather",
        "Parent Relationship": "Outer",
        "Parallel Aware": false,
        "Startup Cost": 111943.18,
        "Total Cost": 111943.29,
        "Plan Rows": 1,
        "Plan Width": 8,
        "Actual Startup Time": 758.972,
        "Actual Total Time": 776.723,
        "Actual Rows": 2,
        "Actual Loops": 1,
        "Workers Planned": 1,
        "Workers Launched": 1,
        "Single Copy": false,
        "Plans": [
          {
            "Node Type": "Aggregate",
            "Strategy": "Plain",
            "Partial Mode": "Partial",
            "Parent Relationship": "Outer",
            "Parallel Aware": false,
            "Startup Cost": 110943.18,
            "Total Cost": 110943.19,
            "Plan Rows": 1,
            "Plan Width": 8,
            "Actual Startup Time": 752.872,
            "Actual Total Time": 752.876,
            "Actual Rows": 1,
            "Actual Loops": 2,
            "Plans": [
              {
                "Node Type": "Hash Join",
                "Parent Relationship": "Outer",
                "Parallel Aware": true,
                "Join Type": "Inner",
                "Startup Cost": 47178.66,
                "Total Cost": 109869.79,
                "Plan Rows": 429355,
                "Plan Width": 0,
                "Actual Startup Time": 258.619,
                "Actual Total Time": 733.745,
                "Actual Rows": 475622,
                "Actual Loops": 2,
                "Inner Unique": false,
                "Hash Cond": "(t.id = mc.movie_id)",
                "Plans": [
                  {
                    "Node Type": "Seq Scan",
                    "Parent Relationship": "Outer",
                    "Parallel Aware": true,
                    "Relation Name": "title",
                    "Alias": "t",
                    "Startup Cost": 0.0,
                    "Total Cost": 50870.31,
                    "Plan Rows": 1487231,
                    "Plan Width": 4,
                    "Actual Startup Time": 0.008,
                    "Actual Total Time": 124.717,
                    "Actual Rows": 1264156,
                    "Actual Loops": 2
                  },
                  {
                    "Node Type": "Hash",
                    "Parent Relationship": "Inner",
                    "Parallel Aware": true,
                    "Startup Cost": 41811.73,
                    "Total Cost": 41811.73,
                    "Plan Rows": 429355,
                    "Plan Width": 4,
                    "Actual Startup Time": 248.985,
                    "Actual Total Time": 248.986,
                    "Actual Rows": 475622,
                    "Actual Loops": 2,
                    "Hash Buckets": 1048576,
                    "Original Hash Buckets": 1048576,
                    "Hash Batches": 1,
                    "Original Hash Batches": 1,
                    "Peak Memory Usage": 45440,
                    "Plans": [
                      {
                        "Node Type": "Seq Scan",
                        "Parent Relationship": "Outer",
                        "Parallel Aware": true,
                        "Relation Name": "movie_companies",
                        "Alias": "mc",
                        "Startup Cost": 0.0,
                        "Total Cost": 41811.73,
                        "Plan Rows": 429355,
                        "Plan Width": 4,
                        "Actual Startup Time": 73.35,
                        "Actual Total Time": 148.7,
                        "Actual Rows": 475622,
                        "Actual Loops": 2,
                        "Filter": "((company_id > 9774) AND (company_type_id > 1))",
                        "Rows Removed by Filter": 828942
                      }
                    ]
                  }
                ]
              }
            ]
          }
        ]
      }
    ]
  },
  "Planning Time": 0.783,
  "Triggers": [],
  "Execution Time": 776.829
}