[
    {
        "Bao": {
            "Bao prediction": "NaN",
            "Bao recommended hint": "(no hint)"
        }
    },
    {
        "Plan": {
            "Node Type": "Aggregate",
            "Strategy": "Plain",
            "Partial Mode": "Finalize",
            "Parallel Aware": false,
            "Startup Cost": 300120.37,
            "Total Cost": 300120.38,
            "Plan Rows": 1,
            "Plan Width": 8,
            "Actual Startup Time": 249.673,
            "Actual Total Time": 256.548,
            "Actual Rows": 1,
            "Actual Loops": 1,
            "Output": [
                "count(*)"
            ],
            "Plans": [
                {
                    "Node Type": "Gather",
                    "Parent Relationship": "Outer",
                    "Parallel Aware": false,
                    "Startup Cost": 300119.74,
                    "Total Cost": 300120.35,
                    "Plan Rows": 6,
                    "Plan Width": 8,
                    "Actual Startup Time": 248.75,
                    "Actual Total Time": 256.54,
                    "Actual Rows": 7,
                    "Actual Loops": 1,
                    "Output": [
                        "(PARTIAL count(*))"
                    ],
                    "Workers Planned": 6,
                    "Workers Launched": 6,
                    "Single Copy": false,
                    "Plans": [
                        {
                            "Node Type": "Aggregate",
                            "Strategy": "Plain",
                            "Partial Mode": "Partial",
                            "Parent Relationship": "Outer",
                            "Parallel Aware": false,
                            "Startup Cost": 299119.74,
                            "Total Cost": 299119.75,
                            "Plan Rows": 1,
                            "Plan Width": 8,
                            "Actual Startup Time": 238.308,
                            "Actual Total Time": 238.309,
                            "Actual Rows": 1,
                            "Actual Loops": 7,
                            "Output": [
                                "PARTIAL count(*)"
                            ],
                            "Workers": [
                                {
                                    "Worker Number": 0,
                                    "Actual Startup Time": 235.262,
                                    "Actual Total Time": 235.264,
                                    "Actual Rows": 1,
                                    "Actual Loops": 1
                                },
                                {
                                    "Worker Number": 1,
                                    "Actual Startup Time": 236.427,
                                    "Actual Total Time": 236.428,
                                    "Actual Rows": 1,
                                    "Actual Loops": 1
                                },
                                {
                                    "Worker Number": 2,
                                    "Actual Startup Time": 236.736,
                                    "Actual Total Time": 236.737,
                                    "Actual Rows": 1,
                                    "Actual Loops": 1
                                },
                                {
                                    "Worker Number": 3,
                                    "Actual Startup Time": 236.678,
                                    "Actual Total Time": 236.679,
                                    "Actual Rows": 1,
                                    "Actual Loops": 1
                                },
                                {
                                    "Worker Number": 4,
                                    "Actual Startup Time": 237.401,
                                    "Actual Total Time": 237.402,
                                    "Actual Rows": 1,
                                    "Actual Loops": 1
                                },
                                {
                                    "Worker Number": 5,
                                    "Actual Startup Time": 237.448,
                                    "Actual Total Time": 237.45,
                                    "Actual Rows": 1,
                                    "Actual Loops": 1
                                }
                            ],
                            "Plans": [
                                {
                                    "Node Type": "Bitmap Heap Scan",
                                    "Parent Relationship": "Outer",
                                    "Parallel Aware": true,
                                    "Relation Name": "cast_info",
                                    "Schema": "public",
                                    "Alias": "ci",
                                    "Startup Cost": 41443.05,
                                    "Total Cost": 298858.67,
                                    "Plan Rows": 104429,
                                    "Plan Width": 0,
                                    "Actual Startup Time": 99.512,
                                    "Actual Total Time": 218.44,
                                    "Actual Rows": 285186,
                                    "Actual Loops": 7,
                                    "Recheck Cond": "(ci.person_id > 3669842)",
                                    "Rows Removed by Index Recheck": 0,
                                    "Filter": "(ci.role_id > 3)",
                                    "Rows Removed by Filter": 0,
                                    "Exact Heap Blocks": 5568,
                                    "Lossy Heap Blocks": 0,
                                    "Workers": [
                                        {
                                            "Worker Number": 0,
                                            "Actual Startup Time": 96.469,
                                            "Actual Total Time": 215.673,
                                            "Actual Rows": 255330,
                                            "Actual Loops": 1
                                        },
                                        {
                                            "Worker Number": 1,
                                            "Actual Startup Time": 97.696,
                                            "Actual Total Time": 217.232,
                                            "Actual Rows": 248741,
                                            "Actual Loops": 1
                                        },
                                        {
                                            "Worker Number": 2,
                                            "Actual Startup Time": 97.949,
                                            "Actual Total Time": 217.372,
                                            "Actual Rows": 249720,
                                            "Actual Loops": 1
                                        },
                                        {
                                            "Worker Number": 3,
                                            "Actual Startup Time": 97.771,
                                            "Actual Total Time": 217.368,
                                            "Actual Rows": 246198,
                                            "Actual Loops": 1
                                        },
                                        {
                                            "Worker Number": 4,
                                            "Actual Startup Time": 98.848,
                                            "Actual Total Time": 217.841,
                                            "Actual Rows": 254975,
                                            "Actual Loops": 1
                                        },
                                        {
                                            "Worker Number": 5,
                                            "Actual Startup Time": 98.813,
                                            "Actual Total Time": 218.431,
                                            "Actual Rows": 365623,
                                            "Actual Loops": 1
                                        }
                                    ],
                                    "Plans": [
                                        {
                                            "Node Type": "Bitmap Index Scan",
                                            "Parent Relationship": "Outer",
                                            "Parallel Aware": false,
                                            "Index Name": "person_id_cast_info",
                                            "Startup Cost": 0.0,
                                            "Total Cost": 41286.41,
                                            "Plan Rows": 1891446,
                                            "Plan Width": 0,
                                            "Actual Startup Time": 101.81,
                                            "Actual Total Time": 101.81,
                                            "Actual Rows": 1996299,
                                            "Actual Loops": 1,
                                            "Index Cond": "(ci.person_id > 3669842)"
                                        }
                                    ]
                                }
                            ]
                        }
                    ]
                }
            ]
        },
        "Planning Time": 273.767,
        "Triggers": [],
        "Execution Time": 256.623
    }
]