[
  {
    "Plan": {
      "Node Type": "Aggregate",
      "Strategy": "Plain",
      "Partial Mode": "Finalize",
      "Parallel Aware": false,
      "Startup Cost": 403790.75,
      "Total Cost": 403790.76,
      "Plan Rows": 1,
      "Plan Width": 8,
      "Actual Startup Time": 1492.849,
      "Actual Total Time": 1515.73,
      "Actual Rows": 1,
      "Actual Loops": 1,
      "Plans": [
        {
          "Node Type": "Gather",
          "Parent Relationship": "Outer",
          "Parallel Aware": false,
          "Startup Cost": 403790.12,
          "Total Cost": 403790.73,
          "Plan Rows": 6,
          "Plan Width": 8,
          "Actual Startup Time": 1486.878,
          "Actual Total Time": 1515.721,
          "Actual Rows": 7,
          "Actual Loops": 1,
          "Workers Planned": 6,
          "Workers Launched": 6,
          "Single Copy": false,
          "Plans": [
            {
              "Node Type": "Aggregate",
              "Strategy": "Plain",
              "Partial Mode": "Partial",
              "Parent Relationship": "Outer",
              "Parallel Aware": false,
              "Startup Cost": 402790.12,
              "Total Cost": 402790.13,
              "Plan Rows": 1,
              "Plan Width": 8,
              "Actual Startup Time": 1478.121,
              "Actual Total Time": 1478.124,
              "Actual Rows": 1,
              "Actual Loops": 7,
              "Plans": [
                {
                  "Node Type": "Hash Join",
                  "Parent Relationship": "Outer",
                  "Parallel Aware": true,
                  "Join Type": "Inner",
                  "Startup Cost": 48868.07,
                  "Total Cost": 399715.01,
                  "Plan Rows": 1230045,
                  "Plan Width": 0,
                  "Actual Startup Time": 309.193,
                  "Actual Total Time": 1411.093,
                  "Actual Rows": 1523597,
                  "Actual Loops": 7,
                  "Inner Unique": true,
                  "Hash Cond": "(ci.movie_id = t.id)",
                  "Plans": [
                    {
                      "Node Type": "Seq Scan",
                      "Parent Relationship": "Outer",
                      "Parallel Aware": true,
                      "Relation Name": "cast_info",
                      "Alias": "ci",
                      "Startup Cost": 0.0,
                      "Total Cost": 343318.94,
                      "Plan Rows": 2867805,
                      "Plan Width": 4,
                      "Actual Startup Time": 173.659,
                      "Actual Total Time": 578.166,
                      "Actual Rows": 2977305,
                      "Actual Loops": 7,
                      "Filter": "((person_id > 956755) AND (role_id > 1))",
                      "Rows Removed by Filter": 2200459
                    },
                    {
                      "Node Type": "Hash",
                      "Parent Relationship": "Inner",
                      "Parallel Aware": true,
                      "Startup Cost": 45479.21,
                      "Total Cost": 45479.21,
                      "Plan Rows": 271109,
                      "Plan Width": 4,
                      "Actual Startup Time": 132.609,
                      "Actual Total Time": 132.61,
                      "Actual Rows": 169935,
                      "Actual Loops": 7,
                      "Hash Buckets": 2097152,
                      "Original Hash Buckets": 2097152,
                      "Hash Batches": 1,
                      "Original Hash Batches": 1,
                      "Peak Memory Usage": 63008,
                      "Plans": [
                        {
                          "Node Type": "Seq Scan",
                          "Parent Relationship": "Outer",
                          "Parallel Aware": true,
                          "Relation Name": "title",
                          "Alias": "t",
                          "Startup Cost": 0.0,
                          "Total Cost": 45479.21,
                          "Plan Rows": 271109,
                          "Plan Width": 4,
                          "Actual Startup Time": 0.041,
                          "Actual Total Time": 67.827,
                          "Actual Rows": 169935,
                          "Actual Loops": 7,
                          "Filter": "((production_year > 1988) AND (kind_id = 7))",
                          "Rows Removed by Filter": 191252
                        }
                      ]
                    }
                  ]
                }
              ]
            }
          ]
        }
      ]
    },
    "Planning Time": 0.204,
    "Triggers": [],
    "Execution Time": 1515.76
  }
]