{
  "Plan": {
    "Node Type": "Aggregate",
    "Strategy": "Plain",
    "Partial Mode": "Finalize",
    "Parallel Aware": false,
    "Startup Cost": 117143.53,
    "Total Cost": 117143.54,
    "Plan Rows": 1,
    "Plan Width": 8,
    "Actual Startup Time": 384.759,
    "Actual Total Time": 402.157,
    "Actual Rows": 1,
    "Actual Loops": 1,
    "Plans": [
      {
        "Node Type": "Gather",
        "Parent Relationship": "Outer",
        "Parallel Aware": false,
        "Startup Cost": 117143.42,
        "Total Cost": 117143.53,
        "Plan Rows": 1,
        "Plan Width": 8,
        "Actual Startup Time": 384.362,
        "Actual Total Time": 402.149,
        "Actual Rows": 2,
        "Actual Loops": 1,
        "Workers Planned": 1,
        "Workers Launched": 1,
        "Single Copy": false,
        "Plans": [
          {
            "Node Type": "Aggregate",
            "Strategy": "Plain",
            "Partial Mode": "Partial",
            "Parent Relationship": "Outer",
            "Parallel Aware": false,
            "Startup Cost": 116143.42,
            "Total Cost": 116143.43,
            "Plan Rows": 1,
            "Plan Width": 8,
            "Actual Startup Time": 378.401,
            "Actual Total Time": 378.404,
            "Actual Rows": 1,
            "Actual Loops": 2,
            "Plans": [
              {
                "Node Type": "Hash Join",
                "Parent Relationship": "Outer",
                "Parallel Aware": true,
                "Join Type": "Inner",
                "Startup Cost": 81968.08,
                "Total Cost": 116091.27,
                "Plan Rows": 20859,
                "Plan Width": 0,
                "Actual Startup Time": 217.158,
                "Actual Total Time": 377.656,
                "Actual Rows": 11896,
                "Actual Loops": 2,
                "Inner Unique": true,
                "Hash Cond": "(mk.movie_id = t.id)",
                "Plans": [
                  {
                    "Node Type": "Bitmap Heap Scan",
                    "Parent Relationship": "Outer",
                    "Parallel Aware": true,
                    "Relation Name": "movie_keyword",
                    "Alias": "mk",
                    "Startup Cost": 23055.02,
                    "Total Cost": 55500.08,
                    "Plan Rows": 639285,
                    "Plan Width": 4,
                    "Actual Startup Time": 59.501,
                    "Actual Total Time": 161.182,
                    "Actual Rows": 551343,
                    "Actual Loops": 2,
                    "Recheck Cond": "(keyword_id < 1135)",
                    "Rows Removed by Index Recheck": 0,
                    "Exact Heap Blocks": 14210,
                    "Lossy Heap Blocks": 0,
                    "Plans": [
                      {
                        "Node Type": "Bitmap Index Scan",
                        "Parent Relationship": "Outer",
                        "Parallel Aware": false,
                        "Index Name": "keyword_id_movie_keyword",
                        "Startup Cost": 0.0,
                        "Total Cost": 22783.32,
                        "Plan Rows": 1086785,
                        "Plan Width": 0,
                        "Actual Startup Time": 55.808,
                        "Actual Total Time": 55.808,
                        "Actual Rows": 1102686,
                        "Actual Loops": 1,
                        "Index Cond": "(keyword_id < 1135)"
                      }
                    ]
                  },
                  {
                    "Node Type": "Hash",
                    "Parent Relationship": "Inner",
                    "Parallel Aware": true,
                    "Startup Cost": 58306.47,
                    "Total Cost": 58306.47,
                    "Plan Rows": 48528,
                    "Plan Width": 4,
                    "Actual Startup Time": 155.083,
                    "Actual Total Time": 155.084,
                    "Actual Rows": 46156,
                    "Actual Loops": 2,
                    "Hash Buckets": 131072,
                    "Original Hash Buckets": 131072,
                    "Hash Batches": 1,
                    "Original Hash Batches": 1,
                    "Peak Memory Usage": 4672,
                    "Plans": [
                      {
                        "Node Type": "Seq Scan",
                        "Parent Relationship": "Outer",
                        "Parallel Aware": true,
                        "Relation Name": "title",
                        "Alias": "t",
                        "Startup Cost": 0.0,
                        "Total Cost": 58306.47,
                        "Plan Rows": 48528,
                        "Plan Width": 4,
                        "Actual Startup Time": 0.054,
                        "Actual Total Time": 141.749,
                        "Actual Rows": 46156,
                        "Actual Loops": 2,
                        "Filter": "((kind_id > 1) AND (production_year = 2006))",
                        "Rows Removed by Filter": 1218000
                      }
                    ]
                  }
                ]
              }
            ]
          }
        ]
      }
    ]
  },
  "Planning Time": 0.47,
  "Triggers": [],
  "Execution Time": 402.252
}