[
  {
    "Plan": {
      "Node Type": "Aggregate",
      "Strategy": "Plain",
      "Partial Mode": "Finalize",
      "Parallel Aware": false,
      "Startup Cost": 352148.11,
      "Total Cost": 352148.12,
      "Plan Rows": 1,
      "Plan Width": 8,
      "Actual Startup Time": 820.633,
      "Actual Total Time": 864.325,
      "Actual Rows": 1,
      "Actual Loops": 1,
      "Plans": [
        {
          "Node Type": "Gather",
          "Parent Relationship": "Outer",
          "Parallel Aware": false,
          "Startup Cost": 352147.49,
          "Total Cost": 352148.1,
          "Plan Rows": 6,
          "Plan Width": 8,
          "Actual Startup Time": 820.453,
          "Actual Total Time": 864.312,
          "Actual Rows": 7,
          "Actual Loops": 1,
          "Workers Planned": 6,
          "Workers Launched": 6,
          "Single Copy": false,
          "Plans": [
            {
              "Node Type": "Aggregate",
              "Strategy": "Plain",
              "Partial Mode": "Partial",
              "Parent Relationship": "Outer",
              "Parallel Aware": false,
              "Startup Cost": 351147.49,
              "Total Cost": 351147.5,
              "Plan Rows": 1,
              "Plan Width": 8,
              "Actual Startup Time": 813.175,
              "Actual Total Time": 813.177,
              "Actual Rows": 1,
              "Actual Loops": 7,
              "Plans": [
                {
                  "Node Type": "Seq Scan",
                  "Parent Relationship": "Outer",
                  "Parallel Aware": true,
                  "Relation Name": "cast_info",
                  "Alias": "ci",
                  "Startup Cost": 0.0,
                  "Total Cost": 343316.27,
                  "Plan Rows": 3132486,
                  "Plan Width": 0,
                  "Actual Startup Time": 213.631,
                  "Actual Total Time": 672.028,
                  "Actual Rows": 3070831,
                  "Actual Loops": 7,
                  "Filter": "((person_id > 721755) AND (role_id > 1))",
                  "Rows Removed by Filter": 2106932
                }
              ]
            }
          ]
        }
      ]
    },
    "Planning Time": 0.122,
    "Triggers": [],
    "Execution Time": 864.366
  }
]