{
  "Plan": {
    "Node Type": "Aggregate",
    "Strategy": "Plain",
    "Partial Mode": "Finalize",
    "Parallel Aware": false,
    "Startup Cost": 160034.02,
    "Total Cost": 160034.03,
    "Plan Rows": 1,
    "Plan Width": 8,
    "Actual Startup Time": 1072.853,
    "Actual Total Time": 1098.17,
    "Actual Rows": 1,
    "Actual Loops": 1,
    "Plans": [
      {
        "Node Type": "Gather",
        "Parent Relationship": "Outer",
        "Parallel Aware": false,
        "Startup Cost": 160033.91,
        "Total Cost": 160034.02,
        "Plan Rows": 1,
        "Plan Width": 8,
        "Actual Startup Time": 1066.966,
        "Actual Total Time": 1098.16,
        "Actual Rows": 2,
        "Actual Loops": 1,
        "Workers Planned": 1,
        "Workers Launched": 1,
        "Single Copy": false,
        "Plans": [
          {
            "Node Type": "Aggregate",
            "Strategy": "Plain",
            "Partial Mode": "Partial",
            "Parent Relationship": "Outer",
            "Parallel Aware": false,
            "Startup Cost": 159033.91,
            "Total Cost": 159033.92,
            "Plan Rows": 1,
            "Plan Width": 8,
            "Actual Startup Time": 1061.164,
            "Actual Total Time": 1061.412,
            "Actual Rows": 1,
            "Actual Loops": 2,
            "Plans": [
              {
                "Node Type": "Hash Join",
                "Parent Relationship": "Outer",
                "Parallel Aware": true,
                "Join Type": "Inner",
                "Startup Cost": 114406.89,
                "Total Cost": 158737.1,
                "Plan Rows": 118723,
                "Plan Width": 0,
                "Actual Startup Time": 762.652,
                "Actual Total Time": 1010.876,
                "Actual Rows": 1272831,
                "Actual Loops": 2,
                "Inner Unique": false,
                "Hash Cond": "(mc.movie_id = t.id)",
                "Plans": [
                  {
                    "Node Type": "Index Scan",
                    "Parent Relationship": "Outer",
                    "Parallel Aware": true,
                    "Scan Direction": "Forward",
                    "Index Name": "company_type_id_movie_companies",
                    "Relation Name": "movie_companies",
                    "Alias": "mc",
                    "Startup Cost": 0.43,
                    "Total Cost": 41574.35,
                    "Plan Rows": 548779,
                    "Plan Width": 4,
                    "Actual Startup Time": 1.077,
                    "Actual Total Time": 104.729,
                    "Actual Rows": 385674,
                    "Actual Loops": 2,
                    "Index Cond": "(company_type_id = 1)",
                    "Rows Removed by Index Recheck": 0,
                    "Filter": "(company_id > 1356)",
                    "Rows Removed by Filter": 251450
                  },
                  {
                    "Node Type": "Hash",
                    "Parent Relationship": "Inner",
                    "Parallel Aware": true,
                    "Startup Cost": 110384.61,
                    "Total Cost": 110384.61,
                    "Plan Rows": 321748,
                    "Plan Width": 8,
                    "Actual Startup Time": 745.233,
                    "Actual Total Time": 745.479,
                    "Actual Rows": 266596,
                    "Actual Loops": 2,
                    "Hash Buckets": 1048576,
                    "Original Hash Buckets": 1048576,
                    "Hash Batches": 1,
                    "Original Hash Batches": 1,
                    "Peak Memory Usage": 29056,
                    "Plans": [
                      {
                        "Node Type": "Hash Join",
                        "Parent Relationship": "Outer",
                        "Parallel Aware": true,
                        "Join Type": "Inner",
                        "Startup Cost": 81064.16,
                        "Total Cost": 110384.61,
                        "Plan Rows": 321748,
                        "Plan Width": 8,
                        "Actual Startup Time": 542.37,
                        "Actual Total Time": 688.297,
                        "Actual Rows": 266596,
                        "Actual Loops": 2,
                        "Inner Unique": true,
                        "Hash Cond": "(mk.movie_id = t.id)",
                        "Plans": [
                          {
                            "Node Type": "Bitmap Heap Scan",
                            "Parent Relationship": "Outer",
                            "Parallel Aware": true,
                            "Relation Name": "movie_keyword",
                            "Alias": "mk",
                            "Startup Cost": 11603.47,
                            "Total Cost": 40079.32,
                            "Plan Rows": 321748,
                            "Plan Width": 4,
                            "Actual Startup Time": 34.411,
                            "Actual Total Time": 107.138,
                            "Actual Rows": 266596,
                            "Actual Loops": 2,
                            "Recheck Cond": "(keyword_id > 34341)",
                            "Rows Removed by Index Recheck": 0,
                            "Exact Heap Blocks": 13014,
                            "Lossy Heap Blocks": 0,
                            "Plans": [
                              {
                                "Node Type": "Bitmap Index Scan",
                                "Parent Relationship": "Outer",
                                "Parallel Aware": false,
                                "Index Name": "keyword_id_movie_keyword",
                                "Startup Cost": 0.0,
                                "Total Cost": 11466.72,
                                "Plan Rows": 546972,
                                "Plan Width": 0,
                                "Actual Startup Time": 30.985,
                                "Actual Total Time": 30.985,
                                "Actual Rows": 533191,
                                "Actual Loops": 1,
                                "Index Cond": "(keyword_id > 34341)"
                              }
                            ]
                          },
                          {
                            "Node Type": "Hash",
                            "Parent Relationship": "Inner",
                            "Parallel Aware": true,
                            "Startup Cost": 50870.31,
                            "Total Cost": 50870.31,
                            "Plan Rows": 1487231,
                            "Plan Width": 4,
                            "Actual Startup Time": 493.096,
                            "Actual Total Time": 493.097,
                            "Actual Rows": 1264156,
                            "Actual Loops": 2,
                            "Hash Buckets": 4194304,
                            "Original Hash Buckets": 4194304,
                            "Hash Batches": 1,
                            "Original Hash Batches": 1,
                            "Peak Memory Usage": 131712,
                            "Plans": [
                              {
                                "Node Type": "Seq Scan",
                                "Parent Relationship": "Outer",
                                "Parallel Aware": true,
                                "Relation Name": "title",
                                "Alias": "t",
                                "Startup Cost": 0.0,
                                "Total Cost": 50870.31,
                                "Plan Rows": 1487231,
                                "Plan Width": 4,
                                "Actual Startup Time": 0.055,
                                "Actual Total Time": 145.998,
                                "Actual Rows": 1264156,
                                "Actual Loops": 2
                              }
                            ]
                          }
                        ]
                      }
                    ]
                  }
                ]
              }
            ]
          }
        ]
      }
    ]
  },
  "Planning Time": 0.897,
  "Triggers": [],
  "Execution Time": 1098.277
}