[
  {
    "Plan": {
      "Node Type": "Aggregate",
      "Strategy": "Plain",
      "Partial Mode": "Finalize",
      "Parallel Aware": false,
      "Startup Cost": 46860.8,
      "Total Cost": 46860.81,
      "Plan Rows": 1,
      "Plan Width": 8,
      "Actual Startup Time": 192.792,
      "Actual Total Time": 203.809,
      "Actual Rows": 1,
      "Actual Loops": 1,
      "Plans": [
        {
          "Node Type": "Gather",
          "Parent Relationship": "Outer",
          "Parallel Aware": false,
          "Startup Cost": 46860.48,
          "Total Cost": 46860.79,
          "Plan Rows": 3,
          "Plan Width": 8,
          "Actual Startup Time": 192.645,
          "Actual Total Time": 203.8,
          "Actual Rows": 4,
          "Actual Loops": 1,
          "Workers Planned": 3,
          "Workers Launched": 3,
          "Single Copy": false,
          "Plans": [
            {
              "Node Type": "Aggregate",
              "Strategy": "Plain",
              "Partial Mode": "Partial",
              "Parent Relationship": "Outer",
              "Parallel Aware": false,
              "Startup Cost": 45860.48,
              "Total Cost": 45860.49,
              "Plan Rows": 1,
              "Plan Width": 8,
              "Actual Startup Time": 185.663,
              "Actual Total Time": 185.664,
              "Actual Rows": 1,
              "Actual Loops": 4,
              "Plans": [
                {
                  "Node Type": "Seq Scan",
                  "Parent Relationship": "Outer",
                  "Parallel Aware": true,
                  "Relation Name": "movie_keyword",
                  "Alias": "mk",
                  "Startup Cost": 0.0,
                  "Total Cost": 42695.65,
                  "Plan Rows": 1265932,
                  "Plan Width": 0,
                  "Actual Startup Time": 0.047,
                  "Actual Total Time": 134.181,
                  "Actual Rows": 980425,
                  "Actual Loops": 4,
                  "Filter": "(keyword_id < 30583)",
                  "Rows Removed by Filter": 150557
                }
              ]
            }
          ]
        }
      ]
    },
    "Planning Time": 0.185,
    "Triggers": [],
    "Execution Time": 203.875
  }
]