[
  {
    "Plan": {
      "Node Type": "Aggregate",
      "Strategy": "Plain",
      "Partial Mode": "Finalize",
      "Parallel Aware": false,
      "Startup Cost": 33210.98,
      "Total Cost": 33210.99,
      "Plan Rows": 1,
      "Plan Width": 8,
      "Actual Startup Time": 97.655,
      "Actual Total Time": 102.887,
      "Actual Rows": 1,
      "Actual Loops": 1,
      "Plans": [
        {
          "Node Type": "Gather",
          "Parent Relationship": "Outer",
          "Parallel Aware": false,
          "Startup Cost": 33210.67,
          "Total Cost": 33210.98,
          "Plan Rows": 3,
          "Plan Width": 8,
          "Actual Startup Time": 97.421,
          "Actual Total Time": 102.879,
          "Actual Rows": 4,
          "Actual Loops": 1,
          "Workers Planned": 3,
          "Workers Launched": 3,
          "Single Copy": false,
          "Plans": [
            {
              "Node Type": "Aggregate",
              "Strategy": "Plain",
              "Partial Mode": "Partial",
              "Parent Relationship": "Outer",
              "Parallel Aware": false,
              "Startup Cost": 32210.67,
              "Total Cost": 32210.68,
              "Plan Rows": 1,
              "Plan Width": 8,
              "Actual Startup Time": 91.845,
              "Actual Total Time": 91.846,
              "Actual Rows": 1,
              "Actual Loops": 4,
              "Plans": [
                {
                  "Node Type": "Seq Scan",
                  "Parent Relationship": "Outer",
                  "Parallel Aware": true,
                  "Relation Name": "movie_companies",
                  "Alias": "mc",
                  "Startup Cost": 0.0,
                  "Total Cost": 31414.82,
                  "Plan Rows": 318339,
                  "Plan Width": 0,
                  "Actual Startup Time": 46.134,
                  "Actual Total Time": 80.825,
                  "Actual Rows": 287150,
                  "Actual Loops": 4,
                  "Filter": "((company_id > 966) AND (company_type_id > 1))",
                  "Rows Removed by Filter": 365133
                }
              ]
            }
          ]
        }
      ]
    },
    "Planning Time": 0.181,
    "Triggers": [],
    "Execution Time": 102.942
  }
]