[
    {
        "Bao": {
            "Bao prediction": "NaN",
            "Bao recommended hint": "(no hint)"
        }
    },
    {
        "Plan": {
            "Node Type": "Aggregate",
            "Strategy": "Plain",
            "Partial Mode": "Finalize",
            "Parallel Aware": false,
            "Startup Cost": 97973.69,
            "Total Cost": 97973.7,
            "Plan Rows": 1,
            "Plan Width": 8,
            "Actual Startup Time": 572.806,
            "Actual Total Time": 589.923,
            "Actual Rows": 1,
            "Actual Loops": 1,
            "Output": [
                "count(*)"
            ],
            "Plans": [
                {
                    "Node Type": "Gather",
                    "Parent Relationship": "Outer",
                    "Parallel Aware": false,
                    "Startup Cost": 97973.37,
                    "Total Cost": 97973.68,
                    "Plan Rows": 3,
                    "Plan Width": 8,
                    "Actual Startup Time": 559.209,
                    "Actual Total Time": 589.916,
                    "Actual Rows": 4,
                    "Actual Loops": 1,
                    "Output": [
                        "(PARTIAL count(*))"
                    ],
                    "Workers Planned": 3,
                    "Workers Launched": 3,
                    "Single Copy": false,
                    "Plans": [
                        {
                            "Node Type": "Aggregate",
                            "Strategy": "Plain",
                            "Partial Mode": "Partial",
                            "Parent Relationship": "Outer",
                            "Parallel Aware": false,
                            "Startup Cost": 96973.37,
                            "Total Cost": 96973.38,
                            "Plan Rows": 1,
                            "Plan Width": 8,
                            "Actual Startup Time": 546.782,
                            "Actual Total Time": 546.785,
                            "Actual Rows": 1,
                            "Actual Loops": 4,
                            "Output": [
                                "PARTIAL count(*)"
                            ],
                            "Workers": [
                                {
                                    "Worker Number": 0,
                                    "Actual Startup Time": 542.73,
                                    "Actual Total Time": 542.733,
                                    "Actual Rows": 1,
                                    "Actual Loops": 1
                                },
                                {
                                    "Worker Number": 1,
                                    "Actual Startup Time": 542.741,
                                    "Actual Total Time": 542.744,
                                    "Actual Rows": 1,
                                    "Actual Loops": 1
                                },
                                {
                                    "Worker Number": 2,
                                    "Actual Startup Time": 542.74,
                                    "Actual Total Time": 542.742,
                                    "Actual Rows": 1,
                                    "Actual Loops": 1
                                }
                            ],
                            "Plans": [
                                {
                                    "Node Type": "Hash Join",
                                    "Parent Relationship": "Outer",
                                    "Parallel Aware": true,
                                    "Join Type": "Inner",
                                    "Startup Cost": 50219.81,
                                    "Total Cost": 94993.9,
                                    "Plan Rows": 791788,
                                    "Plan Width": 0,
                                    "Actual Startup Time": 317.798,
                                    "Actual Total Time": 522.113,
                                    "Actual Rows": 614989,
                                    "Actual Loops": 4,
                                    "Inner Unique": true,
                                    "Hash Cond": "(mk.movie_id = t.id)",
                                    "Workers": [
                                        {
                                            "Worker Number": 0,
                                            "Actual Startup Time": 314.062,
                                            "Actual Total Time": 518.008,
                                            "Actual Rows": 605233,
                                            "Actual Loops": 1
                                        },
                                        {
                                            "Worker Number": 1,
                                            "Actual Startup Time": 314.061,
                                            "Actual Total Time": 518.273,
                                            "Actual Rows": 598890,
                                            "Actual Loops": 1
                                        },
                                        {
                                            "Worker Number": 2,
                                            "Actual Startup Time": 314.047,
                                            "Actual Total Time": 518.306,
                                            "Actual Rows": 598527,
                                            "Actual Loops": 1
                                        }
                                    ],
                                    "Plans": [
                                        {
                                            "Node Type": "Seq Scan",
                                            "Parent Relationship": "Outer",
                                            "Parallel Aware": true,
                                            "Relation Name": "movie_keyword",
                                            "Schema": "public",
                                            "Alias": "mk",
                                            "Startup Cost": 0.0,
                                            "Total Cost": 42695.65,
                                            "Plan Rows": 791788,
                                            "Plan Width": 4,
                                            "Actual Startup Time": 0.186,
                                            "Actual Total Time": 98.772,
                                            "Actual Rows": 614989,
                                            "Actual Loops": 4,
                                            "Output": [
                                                "mk.id",
                                                "mk.movie_id",
                                                "mk.keyword_id"
                                            ],
                                            "Filter": "(mk.keyword_id > 3662)",
                                            "Rows Removed by Filter": 515994,
                                            "Workers": [
                                                {
                                                    "Worker Number": 0,
                                                    "Actual Startup Time": 0.206,
                                                    "Actual Total Time": 100.565,
                                                    "Actual Rows": 605233,
                                                    "Actual Loops": 1
                                                },
                                                {
                                                    "Worker Number": 1,
                                                    "Actual Startup Time": 0.119,
                                                    "Actual Total Time": 100.031,
                                                    "Actual Rows": 598890,
                                                    "Actual Loops": 1
                                                },
                                                {
                                                    "Worker Number": 2,
                                                    "Actual Startup Time": 0.194,
                                                    "Actual Total Time": 100.41,
                                                    "Actual Rows": 598527,
                                                    "Actual Loops": 1
                                                }
                                            ]
                                        },
                                        {
                                            "Node Type": "Hash",
                                            "Parent Relationship": "Inner",
                                            "Parallel Aware": true,
                                            "Startup Cost": 42318.81,
                                            "Total Cost": 42318.81,
                                            "Plan Rows": 632080,
                                            "Plan Width": 4,
                                            "Actual Startup Time": 309.552,
                                            "Actual Total Time": 309.553,
                                            "Actual Rows": 632078,
                                            "Actual Loops": 4,
                                            "Output": [
                                                "t.id"
                                            ],
                                            "Hash Buckets": 4194304,
                                            "Original Hash Buckets": 4194304,
                                            "Hash Batches": 1,
                                            "Original Hash Batches": 1,
                                            "Peak Memory Usage": 131712,
                                            "Workers": [
                                                {
                                                    "Worker Number": 0,
                                                    "Actual Startup Time": 313.001,
                                                    "Actual Total Time": 313.003,
                                                    "Actual Rows": 601020,
                                                    "Actual Loops": 1
                                                },
                                                {
                                                    "Worker Number": 1,
                                                    "Actual Startup Time": 313.033,
                                                    "Actual Total Time": 313.034,
                                                    "Actual Rows": 588000,
                                                    "Actual Loops": 1
                                                },
                                                {
                                                    "Worker Number": 2,
                                                    "Actual Startup Time": 313.041,
                                                    "Actual Total Time": 313.042,
                                                    "Actual Rows": 587083,
                                                    "Actual Loops": 1
                                                }
                                            ],
                                            "Plans": [
                                                {
                                                    "Node Type": "Seq Scan",
                                                    "Parent Relationship": "Outer",
                                                    "Parallel Aware": true,
                                                    "Relation Name": "title",
                                                    "Schema": "public",
                                                    "Alias": "t",
                                                    "Startup Cost": 0.0,
                                                    "Total Cost": 42318.81,
                                                    "Plan Rows": 632080,
                                                    "Plan Width": 4,
                                                    "Actual Startup Time": 0.029,
                                                    "Actual Total Time": 87.368,
                                                    "Actual Rows": 632078,
                                                    "Actual Loops": 4,
                                                    "Output": [
                                                        "t.id"
                                                    ],
                                                    "Workers": [
                                                        {
                                                            "Worker Number": 0,
                                                            "Actual Startup Time": 0.041,
                                                            "Actual Total Time": 92.269,
                                                            "Actual Rows": 601020,
                                                            "Actual Loops": 1
                                                        },
                                                        {
                                                            "Worker Number": 1,
                                                            "Actual Startup Time": 0.042,
                                                            "Actual Total Time": 89.765,
                                                            "Actual Rows": 588000,
                                                            "Actual Loops": 1
                                                        },
                                                        {
                                                            "Worker Number": 2,
                                                            "Actual Startup Time": 0.023,
                                                            "Actual Total Time": 89.469,
                                                            "Actual Rows": 587083,
                                                            "Actual Loops": 1
                                                        }
                                                    ]
                                                }
                                            ]
                                        }
                                    ]
                                }
                            ]
                        }
                    ]
                }
            ]
        },
        "Planning Time": 179.074,
        "Triggers": [],
        "Execution Time": 589.977
    }
]