[
  {
    "Plan": {
      "Node Type": "Aggregate",
      "Strategy": "Plain",
      "Partial Mode": "Simple",
      "Parallel Aware": false,
      "Startup Cost": 22451.47,
      "Total Cost": 22451.48,
      "Plan Rows": 1,
      "Plan Width": 8,
      "Actual Startup Time": 38.373,
      "Actual Total Time": 38.374,
      "Actual Rows": 1,
      "Actual Loops": 1,
      "Plans": [
        {
          "Node Type": "Bitmap Heap Scan",
          "Parent Relationship": "Outer",
          "Parallel Aware": false,
          "Relation Name": "movie_companies",
          "Alias": "mc",
          "Startup Cost": 2086.68,
          "Total Cost": 22328.6,
          "Plan Rows": 49146,
          "Plan Width": 0,
          "Actual Startup Time": 8.675,
          "Actual Total Time": 33.003,
          "Actual Rows": 91697,
          "Actual Loops": 1,
          "Recheck Cond": "(company_id > 162617)",
          "Rows Removed by Index Recheck": 0,
          "Filter": "(company_type_id = 2)",
          "Rows Removed by Filter": 0,
          "Exact Heap Blocks": 2982,
          "Lossy Heap Blocks": 0,
          "Plans": [
            {
              "Node Type": "Bitmap Index Scan",
              "Parent Relationship": "Outer",
              "Parallel Aware": false,
              "Index Name": "company_id_movie_companies",
              "Startup Cost": 0.0,
              "Total Cost": 2074.39,
              "Plan Rows": 96795,
              "Plan Width": 0,
              "Actual Startup Time": 7.973,
              "Actual Total Time": 7.974,
              "Actual Rows": 91697,
              "Actual Loops": 1,
              "Index Cond": "(company_id > 162617)"
            }
          ]
        }
      ]
    },
    "Planning Time": 0.156,
    "Triggers": [],
    "Execution Time": 38.415
  }
]