[
  {
    "Plan": {
      "Node Type": "Aggregate",
      "Strategy": "Plain",
      "Partial Mode": "Simple",
      "Parallel Aware": false,
      "Startup Cost": 15046.97,
      "Total Cost": 15046.98,
      "Plan Rows": 1,
      "Plan Width": 8,
      "Actual Startup Time": 18.386,
      "Actual Total Time": 18.388,
      "Actual Rows": 1,
      "Actual Loops": 1,
      "Plans": [
        {
          "Node Type": "Bitmap Heap Scan",
          "Parent Relationship": "Outer",
          "Parallel Aware": false,
          "Relation Name": "movie_keyword",
          "Alias": "mk",
          "Startup Cost": 143.85,
          "Total Cost": 15030.38,
          "Plan Rows": 6635,
          "Plan Width": 0,
          "Actual Startup Time": 4.733,
          "Actual Total Time": 17.356,
          "Actual Rows": 6790,
          "Actual Loops": 1,
          "Recheck Cond": "(keyword_id = 495)",
          "Rows Removed by Index Recheck": 0,
          "Exact Heap Blocks": 4743,
          "Lossy Heap Blocks": 0,
          "Plans": [
            {
              "Node Type": "Bitmap Index Scan",
              "Parent Relationship": "Outer",
              "Parallel Aware": false,
              "Index Name": "keyword_id_movie_keyword",
              "Startup Cost": 0.0,
              "Total Cost": 142.19,
              "Plan Rows": 6635,
              "Plan Width": 0,
              "Actual Startup Time": 2.573,
              "Actual Total Time": 2.574,
              "Actual Rows": 6790,
              "Actual Loops": 1,
              "Index Cond": "(keyword_id = 495)"
            }
          ]
        }
      ]
    },
    "Planning Time": 0.165,
    "Triggers": [],
    "Execution Time": 18.452
  }
]