[
  {
    "Plan": {
      "Node Type": "Aggregate",
      "Strategy": "Plain",
      "Partial Mode": "Finalize",
      "Parallel Aware": false,
      "Startup Cost": 349937.57,
      "Total Cost": 349937.58,
      "Plan Rows": 1,
      "Plan Width": 8,
      "Actual Startup Time": 789.943,
      "Actual Total Time": 854.414,
      "Actual Rows": 1,
      "Actual Loops": 1,
      "Plans": [
        {
          "Node Type": "Gather",
          "Parent Relationship": "Outer",
          "Parallel Aware": false,
          "Startup Cost": 349936.95,
          "Total Cost": 349937.56,
          "Plan Rows": 6,
          "Plan Width": 8,
          "Actual Startup Time": 789.86,
          "Actual Total Time": 854.405,
          "Actual Rows": 7,
          "Actual Loops": 1,
          "Workers Planned": 6,
          "Workers Launched": 6,
          "Single Copy": false,
          "Plans": [
            {
              "Node Type": "Aggregate",
              "Strategy": "Plain",
              "Partial Mode": "Partial",
              "Parent Relationship": "Outer",
              "Parallel Aware": false,
              "Startup Cost": 348936.95,
              "Total Cost": 348936.96,
              "Plan Rows": 1,
              "Plan Width": 8,
              "Actual Startup Time": 779.789,
              "Actual Total Time": 779.79,
              "Actual Rows": 1,
              "Actual Loops": 7,
              "Plans": [
                {
                  "Node Type": "Seq Scan",
                  "Parent Relationship": "Outer",
                  "Parallel Aware": true,
                  "Relation Name": "cast_info",
                  "Alias": "ci",
                  "Startup Cost": 0.0,
                  "Total Cost": 343257.03,
                  "Plan Rows": 2271967,
                  "Plan Width": 0,
                  "Actual Startup Time": 0.055,
                  "Actual Total Time": 672.409,
                  "Actual Rows": 2412127,
                  "Actual Loops": 7,
                  "Filter": "((person_id < 2085143) AND (role_id < 4))",
                  "Rows Removed by Filter": 2765637
                }
              ]
            }
          ]
        }
      ]
    },
    "Planning Time": 0.199,
    "Triggers": [],
    "Execution Time": 854.483
  }
]