[
  {
    "Plan": {
      "Node Type": "Aggregate",
      "Strategy": "Plain",
      "Partial Mode": "Finalize",
      "Parallel Aware": false,
      "Startup Cost": 29634.4,
      "Total Cost": 29634.41,
      "Plan Rows": 1,
      "Plan Width": 8,
      "Actual Startup Time": 87.982,
      "Actual Total Time": 94.841,
      "Actual Rows": 1,
      "Actual Loops": 1,
      "Plans": [
        {
          "Node Type": "Gather",
          "Parent Relationship": "Outer",
          "Parallel Aware": false,
          "Startup Cost": 29634.08,
          "Total Cost": 29634.39,
          "Plan Rows": 3,
          "Plan Width": 8,
          "Actual Startup Time": 87.726,
          "Actual Total Time": 94.832,
          "Actual Rows": 4,
          "Actual Loops": 1,
          "Workers Planned": 3,
          "Workers Launched": 3,
          "Single Copy": false,
          "Plans": [
            {
              "Node Type": "Aggregate",
              "Strategy": "Plain",
              "Partial Mode": "Partial",
              "Parent Relationship": "Outer",
              "Parallel Aware": false,
              "Startup Cost": 28634.08,
              "Total Cost": 28634.09,
              "Plan Rows": 1,
              "Plan Width": 8,
              "Actual Startup Time": 79.21,
              "Actual Total Time": 79.211,
              "Actual Rows": 1,
              "Actual Loops": 4,
              "Plans": [
                {
                  "Node Type": "Bitmap Heap Scan",
                  "Parent Relationship": "Outer",
                  "Parallel Aware": true,
                  "Relation Name": "movie_keyword",
                  "Alias": "mk",
                  "Startup Cost": 3403.79,
                  "Total Cost": 28504.7,
                  "Plan Rows": 51753,
                  "Plan Width": 0,
                  "Actual Startup Time": 25.669,
                  "Actual Total Time": 75.768,
                  "Actual Rows": 38522,
                  "Actual Loops": 4,
                  "Recheck Cond": "(keyword_id > 73401)",
                  "Rows Removed by Index Recheck": 0,
                  "Exact Heap Blocks": 9452,
                  "Lossy Heap Blocks": 0,
                  "Plans": [
                    {
                      "Node Type": "Bitmap Index Scan",
                      "Parent Relationship": "Outer",
                      "Parallel Aware": false,
                      "Index Name": "keyword_id_movie_keyword",
                      "Startup Cost": 0.0,
                      "Total Cost": 3363.68,
                      "Plan Rows": 160433,
                      "Plan Width": 0,
                      "Actual Startup Time": 28.241,
                      "Actual Total Time": 28.241,
                      "Actual Rows": 154086,
                      "Actual Loops": 1,
                      "Index Cond": "(keyword_id > 73401)"
                    }
                  ]
                }
              ]
            }
          ]
        }
      ]
    },
    "Planning Time": 0.177,
    "Triggers": [],
    "Execution Time": 94.915
  }
]