[
    {
        "Bao": {
            "Bao prediction": "NaN",
            "Bao recommended hint": "(no hint)"
        }
    },
    {
        "Plan": {
            "Node Type": "Aggregate",
            "Strategy": "Plain",
            "Partial Mode": "Finalize",
            "Parallel Aware": false,
            "Startup Cost": 210183.06,
            "Total Cost": 210183.07,
            "Plan Rows": 1,
            "Plan Width": 8,
            "Actual Startup Time": 933.202,
            "Actual Total Time": 958.1,
            "Actual Rows": 1,
            "Actual Loops": 1,
            "Output": [
                "count(*)"
            ],
            "Plans": [
                {
                    "Node Type": "Gather",
                    "Parent Relationship": "Outer",
                    "Parallel Aware": false,
                    "Startup Cost": 210182.74,
                    "Total Cost": 210183.05,
                    "Plan Rows": 3,
                    "Plan Width": 8,
                    "Actual Startup Time": 929.408,
                    "Actual Total Time": 958.092,
                    "Actual Rows": 4,
                    "Actual Loops": 1,
                    "Output": [
                        "(PARTIAL count(*))"
                    ],
                    "Workers Planned": 3,
                    "Workers Launched": 3,
                    "Single Copy": false,
                    "Plans": [
                        {
                            "Node Type": "Aggregate",
                            "Strategy": "Plain",
                            "Partial Mode": "Partial",
                            "Parent Relationship": "Outer",
                            "Parallel Aware": false,
                            "Startup Cost": 209182.74,
                            "Total Cost": 209182.75,
                            "Plan Rows": 1,
                            "Plan Width": 8,
                            "Actual Startup Time": 921.447,
                            "Actual Total Time": 921.45,
                            "Actual Rows": 1,
                            "Actual Loops": 4,
                            "Output": [
                                "PARTIAL count(*)"
                            ],
                            "Workers": [
                                {
                                    "Worker Number": 0,
                                    "Actual Startup Time": 920.726,
                                    "Actual Total Time": 920.729,
                                    "Actual Rows": 1,
                                    "Actual Loops": 1
                                },
                                {
                                    "Worker Number": 1,
                                    "Actual Startup Time": 917.954,
                                    "Actual Total Time": 917.957,
                                    "Actual Rows": 1,
                                    "Actual Loops": 1
                                },
                                {
                                    "Worker Number": 2,
                                    "Actual Startup Time": 917.985,
                                    "Actual Total Time": 917.988,
                                    "Actual Rows": 1,
                                    "Actual Loops": 1
                                }
                            ],
                            "Plans": [
                                {
                                    "Node Type": "Nested Loop",
                                    "Parent Relationship": "Outer",
                                    "Parallel Aware": false,
                                    "Join Type": "Inner",
                                    "Startup Cost": 44312.4,
                                    "Total Cost": 208745.88,
                                    "Plan Rows": 174744,
                                    "Plan Width": 0,
                                    "Actual Startup Time": 94.332,
                                    "Actual Total Time": 898.114,
                                    "Actual Rows": 530480,
                                    "Actual Loops": 4,
                                    "Inner Unique": false,
                                    "Join Filter": "(t.id = mi.movie_id)",
                                    "Rows Removed by Join Filter": 0,
                                    "Workers": [
                                        {
                                            "Worker Number": 0,
                                            "Actual Startup Time": 91.025,
                                            "Actual Total Time": 898.082,
                                            "Actual Rows": 515198,
                                            "Actual Loops": 1
                                        },
                                        {
                                            "Worker Number": 1,
                                            "Actual Startup Time": 91.7,
                                            "Actual Total Time": 895.411,
                                            "Actual Rows": 518130,
                                            "Actual Loops": 1
                                        },
                                        {
                                            "Worker Number": 2,
                                            "Actual Startup Time": 91.844,
                                            "Actual Total Time": 894.976,
                                            "Actual Rows": 525084,
                                            "Actual Loops": 1
                                        }
                                    ],
                                    "Plans": [
                                        {
                                            "Node Type": "Hash Join",
                                            "Parent Relationship": "Outer",
                                            "Parallel Aware": true,
                                            "Join Type": "Inner",
                                            "Startup Cost": 44311.97,
                                            "Total Cost": 87190.05,
                                            "Plan Rows": 76275,
                                            "Plan Width": 8,
                                            "Actual Startup Time": 94.254,
                                            "Actual Total Time": 264.853,
                                            "Actual Rows": 52041,
                                            "Actual Loops": 4,
                                            "Output": [
                                                "t.id",
                                                "mk.movie_id"
                                            ],
                                            "Inner Unique": true,
                                            "Hash Cond": "(mk.movie_id = t.id)",
                                            "Workers": [
                                                {
                                                    "Worker Number": 0,
                                                    "Actual Startup Time": 90.946,
                                                    "Actual Total Time": 265.076,
                                                    "Actual Rows": 49138,
                                                    "Actual Loops": 1
                                                },
                                                {
                                                    "Worker Number": 1,
                                                    "Actual Startup Time": 91.622,
                                                    "Actual Total Time": 252.25,
                                                    "Actual Rows": 49445,
                                                    "Actual Loops": 1
                                                },
                                                {
                                                    "Worker Number": 2,
                                                    "Actual Startup Time": 91.724,
                                                    "Actual Total Time": 263.207,
                                                    "Actual Rows": 53180,
                                                    "Actual Loops": 1
                                                }
                                            ],
                                            "Plans": [
                                                {
                                                    "Node Type": "Seq Scan",
                                                    "Parent Relationship": "Outer",
                                                    "Parallel Aware": true,
                                                    "Relation Name": "movie_keyword",
                                                    "Schema": "public",
                                                    "Alias": "mk",
                                                    "Startup Cost": 0.0,
                                                    "Total Cost": 39047.32,
                                                    "Plan Rows": 1459332,
                                                    "Plan Width": 4,
                                                    "Actual Startup Time": 0.012,
                                                    "Actual Total Time": 76.848,
                                                    "Actual Rows": 1130982,
                                                    "Actual Loops": 4,
                                                    "Output": [
                                                        "mk.id",
                                                        "mk.movie_id",
                                                        "mk.keyword_id"
                                                    ],
                                                    "Workers": [
                                                        {
                                                            "Worker Number": 0,
                                                            "Actual Startup Time": 0.013,
                                                            "Actual Total Time": 78.845,
                                                            "Actual Rows": 1099825,
                                                            "Actual Loops": 1
                                                        },
                                                        {
                                                            "Worker Number": 1,
                                                            "Actual Startup Time": 0.013,
                                                            "Actual Total Time": 73.599,
                                                            "Actual Rows": 1065910,
                                                            "Actual Loops": 1
                                                        },
                                                        {
                                                            "Worker Number": 2,
                                                            "Actual Startup Time": 0.012,
                                                            "Actual Total Time": 78.357,
                                                            "Actual Rows": 1127020,
                                                            "Actual Loops": 1
                                                        }
                                                    ]
                                                },
                                                {
                                                    "Node Type": "Hash",
                                                    "Parent Relationship": "Inner",
                                                    "Parallel Aware": true,
                                                    "Startup Cost": 43899.01,
                                                    "Total Cost": 43899.01,
                                                    "Plan Rows": 33037,
                                                    "Plan Width": 4,
                                                    "Actual Startup Time": 92.777,
                                                    "Actual Total Time": 92.778,
                                                    "Actual Rows": 32174,
                                                    "Actual Loops": 4,
                                                    "Output": [
                                                        "t.id"
                                                    ],
                                                    "Hash Buckets": 262144,
                                                    "Original Hash Buckets": 262144,
                                                    "Hash Batches": 1,
                                                    "Original Hash Batches": 1,
                                                    "Peak Memory Usage": 7168,
                                                    "Workers": [
                                                        {
                                                            "Worker Number": 0,
                                                            "Actual Startup Time": 90.467,
                                                            "Actual Total Time": 90.468,
                                                            "Actual Rows": 23819,
                                                            "Actual Loops": 1
                                                        },
                                                        {
                                                            "Worker Number": 1,
                                                            "Actual Startup Time": 91.174,
                                                            "Actual Total Time": 91.175,
                                                            "Actual Rows": 25366,
                                                            "Actual Loops": 1
                                                        },
                                                        {
                                                            "Worker Number": 2,
                                                            "Actual Startup Time": 91.156,
                                                            "Actual Total Time": 91.157,
                                                            "Actual Rows": 26982,
                                                            "Actual Loops": 1
                                                        }
                                                    ],
                                                    "Plans": [
                                                        {
                                                            "Node Type": "Seq Scan",
                                                            "Parent Relationship": "Outer",
                                                            "Parallel Aware": true,
                                                            "Relation Name": "title",
                                                            "Schema": "public",
                                                            "Alias": "t",
                                                            "Startup Cost": 0.0,
                                                            "Total Cost": 43899.01,
                                                            "Plan Rows": 33037,
                                                            "Plan Width": 4,
                                                            "Actual Startup Time": 0.039,
                                                            "Actual Total Time": 81.735,
                                                            "Actual Rows": 32174,
                                                            "Actual Loops": 4,
                                                            "Output": [
                                                                "t.id"
                                                            ],
                                                            "Filter": "(t.production_year = 2009)",
                                                            "Rows Removed by Filter": 599904,
                                                            "Workers": [
                                                                {
                                                                    "Worker Number": 0,
                                                                    "Actual Startup Time": 0.059,
                                                                    "Actual Total Time": 79.314,
                                                                    "Actual Rows": 23819,
                                                                    "Actual Loops": 1
                                                                },
                                                                {
                                                                    "Worker Number": 1,
                                                                    "Actual Startup Time": 0.047,
                                                                    "Actual Total Time": 80.59,
                                                                    "Actual Rows": 25366,
                                                                    "Actual Loops": 1
                                                                },
                                                                {
                                                                    "Worker Number": 2,
                                                                    "Actual Startup Time": 0.033,
                                                                    "Actual Total Time": 80.746,
                                                                    "Actual Rows": 26982,
                                                                    "Actual Loops": 1
                                                                }
                                                            ]
                                                        }
                                                    ]
                                                }
                                            ]
                                        },
                                        {
                                            "Node Type": "Index Scan",
                                            "Parent Relationship": "Inner",
                                            "Parallel Aware": false,
                                            "Scan Direction": "Forward",
                                            "Index Name": "movie_id_movie_info",
                                            "Relation Name": "movie_info",
                                            "Schema": "public",
                                            "Alias": "mi",
                                            "Startup Cost": 0.43,
                                            "Total Cost": 1.41,
                                            "Plan Rows": 15,
                                            "Plan Width": 4,
                                            "Actual Startup Time": 0.003,
                                            "Actual Total Time": 0.011,
                                            "Actual Rows": 10,
                                            "Actual Loops": 208164,
                                            "Output": [
                                                "mi.id",
                                                "mi.movie_id",
                                                "mi.info_type_id",
                                                "mi.info",
                                                "mi.note"
                                            ],
                                            "Index Cond": "(mi.movie_id = mk.movie_id)",
                                            "Rows Removed by Index Recheck": 0,
                                            "Filter": "(mi.info_type_id < 7)",
                                            "Rows Removed by Filter": 41,
                                            "Workers": [
                                                {
                                                    "Worker Number": 0,
                                                    "Actual Startup Time": 0.003,
                                                    "Actual Total Time": 0.012,
                                                    "Actual Rows": 10,
                                                    "Actual Loops": 49138
                                                },
                                                {
                                                    "Worker Number": 1,
                                                    "Actual Startup Time": 0.003,
                                                    "Actual Total Time": 0.012,
                                                    "Actual Rows": 10,
                                                    "Actual Loops": 49445
                                                },
                                                {
                                                    "Worker Number": 2,
                                                    "Actual Startup Time": 0.003,
                                                    "Actual Total Time": 0.011,
                                                    "Actual Rows": 10,
                                                    "Actual Loops": 53180
                                                }
                                            ]
                                        }
                                    ]
                                }
                            ]
                        }
                    ]
                }
            ]
        },
        "Planning Time": 216.799,
        "Triggers": [],
        "Execution Time": 958.175
    }
]