[
  {
    "Plan": {
      "Node Type": "Aggregate",
      "Strategy": "Plain",
      "Partial Mode": "Finalize",
      "Parallel Aware": false,
      "Startup Cost": 33104.49,
      "Total Cost": 33104.5,
      "Plan Rows": 1,
      "Plan Width": 8,
      "Actual Startup Time": 97.295,
      "Actual Total Time": 104.652,
      "Actual Rows": 1,
      "Actual Loops": 1,
      "Plans": [
        {
          "Node Type": "Gather",
          "Parent Relationship": "Outer",
          "Parallel Aware": false,
          "Startup Cost": 33104.18,
          "Total Cost": 33104.49,
          "Plan Rows": 3,
          "Plan Width": 8,
          "Actual Startup Time": 97.163,
          "Actual Total Time": 104.643,
          "Actual Rows": 4,
          "Actual Loops": 1,
          "Workers Planned": 3,
          "Workers Launched": 3,
          "Single Copy": false,
          "Plans": [
            {
              "Node Type": "Aggregate",
              "Strategy": "Plain",
              "Partial Mode": "Partial",
              "Parent Relationship": "Outer",
              "Parallel Aware": false,
              "Startup Cost": 32104.18,
              "Total Cost": 32104.19,
              "Plan Rows": 1,
              "Plan Width": 8,
              "Actual Startup Time": 92.03,
              "Actual Total Time": 92.031,
              "Actual Rows": 1,
              "Actual Loops": 4,
              "Plans": [
                {
                  "Node Type": "Seq Scan",
                  "Parent Relationship": "Outer",
                  "Parallel Aware": true,
                  "Relation Name": "movie_companies",
                  "Alias": "mc",
                  "Startup Cost": 0.0,
                  "Total Cost": 31414.82,
                  "Plan Rows": 275743,
                  "Plan Width": 0,
                  "Actual Startup Time": 0.028,
                  "Actual Total Time": 77.434,
                  "Actual Rows": 294747,
                  "Actual Loops": 4,
                  "Filter": "((company_id < 25172) AND (company_type_id = 1))",
                  "Rows Removed by Filter": 357536
                }
              ]
            }
          ]
        }
      ]
    },
    "Planning Time": 0.122,
    "Triggers": [],
    "Execution Time": 104.688
  }
]