{
  "Plan": {
    "Node Type": "Aggregate",
    "Strategy": "Plain",
    "Partial Mode": "Simple",
    "Parallel Aware": false,
    "Startup Cost": 227925.24,
    "Total Cost": 227925.25,
    "Plan Rows": 1,
    "Plan Width": 96,
    "Actual Startup Time": 2081.238,
    "Actual Total Time": 2081.799,
    "Actual Rows": 1,
    "Actual Loops": 1,
    "Plans": [
      {
        "Node Type": "Nested Loop",
        "Parent Relationship": "Outer",
        "Parallel Aware": false,
        "Join Type": "Inner",
        "Startup Cost": 219201.62,
        "Total Cost": 227925.07,
        "Plan Rows": 22,
        "Plan Width": 60,
        "Actual Startup Time": 1970.117,
        "Actual Total Time": 2081.302,
        "Actual Rows": 2748,
        "Actual Loops": 1,
        "Inner Unique": false,
        "Join Filter": "(mc.company_type_id = ct.id)",
        "Rows Removed by Join Filter": 5640,
        "Plans": [
          {
            "Node Type": "Seq Scan",
            "Parent Relationship": "Outer",
            "Parallel Aware": false,
            "Relation Name": "company_type",
            "Alias": "ct",
            "Startup Cost": 0.0,
            "Total Cost": 1.05,
            "Plan Rows": 3,
            "Plan Width": 4,
            "Actual Startup Time": 0.017,
            "Actual Total Time": 0.023,
            "Actual Rows": 3,
            "Actual Loops": 1,
            "Filter": "((kind IS NOT NULL) AND ((kind)::text <> 'production companies'::text))",
            "Rows Removed by Filter": 1
          },
          {
            "Node Type": "Materialize",
            "Parent Relationship": "Inner",
            "Parallel Aware": false,
            "Startup Cost": 219201.62,
            "Total Cost": 227922.75,
            "Plan Rows": 30,
            "Plan Width": 64,
            "Actual Startup Time": 656.698,
            "Actual Total Time": 693.417,
            "Actual Rows": 2796,
            "Actual Loops": 3,
            "Plans": [
              {
                "Node Type": "Merge Join",
                "Parent Relationship": "Outer",
                "Parallel Aware": false,
                "Join Type": "Inner",
                "Startup Cost": 219201.62,
                "Total Cost": 227922.6,
                "Plan Rows": 30,
                "Plan Width": 64,
                "Actual Startup Time": 1970.088,
                "Actual Total Time": 2078.289,
                "Actual Rows": 2796,
                "Actual Loops": 1,
                "Inner Unique": false,
                "Merge Cond": "(t.id = ml.movie_id)",
                "Plans": [
                  {
                    "Node Type": "Index Scan",
                    "Parent Relationship": "Outer",
                    "Parallel Aware": false,
                    "Scan Direction": "Forward",
                    "Index Name": "title_pkey",
                    "Relation Name": "title",
                    "Alias": "t",
                    "Startup Cost": 0.43,
                    "Total Cost": 116670.55,
                    "Plan Rows": 984871,
                    "Plan Width": 21,
                    "Actual Startup Time": 0.012,
                    "Actual Total Time": 113.927,
                    "Actual Rows": 43571,
                    "Actual Loops": 1,
                    "Filter": "(production_year < 1999)",
                    "Rows Removed by Filter": 120465
                  },
                  {
                    "Node Type": "Sort",
                    "Parent Relationship": "Inner",
                    "Parallel Aware": false,
                    "Startup Cost": 219201.19,
                    "Total Cost": 219201.38,
                    "Plan Rows": 76,
                    "Plan Width": 59,
                    "Actual Startup Time": 1957.132,
                    "Actual Total Time": 1958.853,
                    "Actual Rows": 15493,
                    "Actual Loops": 1,
                    "Sort Key": [
                      "mc.movie_id"
                    ],
                    "Sort Method": "quicksort",
                    "Sort Space Used": 2469,
                    "Sort Space Type": "Memory",
                    "Plans": [
                      {
                        "Node Type": "Gather",
                        "Parent Relationship": "Outer",
                        "Parallel Aware": false,
                        "Startup Cost": 212305.33,
                        "Total Cost": 219198.82,
                        "Plan Rows": 76,
                        "Plan Width": 59,
                        "Actual Startup Time": 1883.236,
                        "Actual Total Time": 1951.37,
                        "Actual Rows": 15493,
                        "Actual Loops": 1,
                        "Workers Planned": 1,
                        "Workers Launched": 1,
                        "Single Copy": false,
                        "Plans": [
                          {
                            "Node Type": "Hash Join",
                            "Parent Relationship": "Outer",
                            "Parallel Aware": true,
                            "Join Type": "Inner",
                            "Startup Cost": 211305.33,
                            "Total Cost": 218191.22,
                            "Plan Rows": 45,
                            "Plan Width": 59,
                            "Actual Startup Time": 1876.315,
                            "Actual Total Time": 1919.767,
                            "Actual Rows": 7746,
                            "Actual Loops": 2,
                            "Inner Unique": false,
                            "Hash Cond": "(cn.id = mc.company_id)",
                            "Plans": [
                              {
                                "Node Type": "Seq Scan",
                                "Parent Relationship": "Outer",
                                "Parallel Aware": true,
                                "Relation Name": "company_name",
                                "Alias": "cn",
                                "Startup Cost": 0.0,
                                "Total Cost": 4722.92,
                                "Plan Rows": 123590,
                                "Plan Width": 23,
                                "Actual Startup Time": 0.04,
                                "Actual Total Time": 30.769,
                                "Actual Rows": 105016,
                                "Actual Loops": 2,
                                "Filter": "((country_code)::text <> '[pl]'::text)",
                                "Rows Removed by Filter": 12483
                              },
                              {
                                "Node Type": "Hash",
                                "Parent Relationship": "Inner",
                                "Parallel Aware": true,
                                "Startup Cost": 211305.0,
                                "Total Cost": 211305.0,
                                "Plan Rows": 27,
                                "Plan Width": 44,
                                "Actual Startup Time": 1875.621,
                                "Actual Total Time": 1875.63,
                                "Actual Rows": 7755,
                                "Actual Loops": 2,
                                "Hash Buckets": 16384,
                                "Original Hash Buckets": 1024,
                                "Hash Batches": 1,
                                "Original Hash Batches": 1,
                                "Peak Memory Usage": 1624,
                                "Plans": [
                                  {
                                    "Node Type": "Merge Join",
                                    "Parent Relationship": "Outer",
                                    "Parallel Aware": false,
                                    "Join Type": "Inner",
                                    "Startup Cost": 206757.42,
                                    "Total Cost": 211305.0,
                                    "Plan Rows": 27,
                                    "Plan Width": 44,
                                    "Actual Startup Time": 1681.535,
                                    "Actual Total Time": 1701.389,
                                    "Actual Rows": 7755,
                                    "Actual Loops": 2,
                                    "Inner Unique": false,
                                    "Merge Cond": "(mc.movie_id = ml.movie_id)",
                                    "Plans": [
                                      {
                                        "Node Type": "Index Scan",
                                        "Parent Relationship": "Outer",
                                        "Parallel Aware": true,
                                        "Scan Direction": "Forward",
                                        "Index Name": "movie_id_movie_companies",
                                        "Relation Name": "movie_companies",
                                        "Alias": "mc",
                                        "Startup Cost": 0.43,
                                        "Total Cost": 123206.1,
                                        "Plan Rows": 432021,
                                        "Plan Width": 36,
                                        "Actual Startup Time": 0.062,
                                        "Actual Total Time": 14.822,
                                        "Actual Rows": 21110,
                                        "Actual Loops": 2,
                                        "Filter": "(note IS NOT NULL)",
                                        "Rows Removed by Filter": 20718
                                      },
                                      {
                                        "Node Type": "Sort",
                                        "Parent Relationship": "Inner",
                                        "Parallel Aware": false,
                                        "Startup Cost": 206756.99,
                                        "Total Cost": 206757.07,
                                        "Plan Rows": 31,
                                        "Plan Width": 8,
                                        "Actual Startup Time": 1680.957,
                                        "Actual Total Time": 1682.054,
                                        "Actual Rows": 8686,
                                        "Actual Loops": 2,
                                        "Sort Key": [
                                          "mk.movie_id"
                                        ],
                                        "Sort Method": "quicksort",
                                        "Sort Space Used": 117,
                                        "Sort Space Type": "Memory",
                                        "Workers": [
                                          {
                                            "Worker Number": 0,
                                            "Sort Method": "quicksort",
                                            "Sort Space Used": 117,
                                            "Sort Space Type": "Memory"
                                          }
                                        ],
                                        "Plans": [
                                          {
                                            "Node Type": "Hash Join",
                                            "Parent Relationship": "Outer",
                                            "Parallel Aware": false,
                                            "Join Type": "Inner",
                                            "Startup Cost": 203885.74,
                                            "Total Cost": 206756.22,
                                            "Plan Rows": 31,
                                            "Plan Width": 8,
                                            "Actual Startup Time": 1662.334,
                                            "Actual Total Time": 1680.612,
                                            "Actual Rows": 1460,
                                            "Actual Loops": 2,
                                            "Inner Unique": false,
                                            "Hash Cond": "(k.id = mk.keyword_id)",
                                            "Plans": [
                                              {
                                                "Node Type": "Seq Scan",
                                                "Parent Relationship": "Outer",
                                                "Parallel Aware": false,
                                                "Relation Name": "keyword",
                                                "Alias": "k",
                                                "Startup Cost": 0.0,
                                                "Total Cost": 2793.84,
                                                "Plan Rows": 3,
                                                "Plan Width": 4,
                                                "Actual Startup Time": 1.587,
                                                "Actual Total Time": 19.582,
                                                "Actual Rows": 3,
                                                "Actual Loops": 2,
                                                "Filter": "(keyword = ANY ('{sequel,revenge,based-on-novel}'::text[]))",
                                                "Rows Removed by Filter": 134167
                                              },
                                              {
                                                "Node Type": "Hash",
                                                "Parent Relationship": "Inner",
                                                "Parallel Aware": false,
                                                "Startup Cost": 186654.98,
                                                "Total Cost": 186654.98,
                                                "Plan Rows": 1378461,
                                                "Plan Width": 12,
                                                "Actual Startup Time": 1646.635,
                                                "Actual Total Time": 1646.64,
                                                "Actual Rows": 288192,
                                                "Actual Loops": 2,
                                                "Hash Buckets": 2097152,
                                                "Original Hash Buckets": 2097152,
                                                "Hash Batches": 1,
                                                "Original Hash Batches": 1,
                                                "Peak Memory Usage": 28768,
                                                "Plans": [
                                                  {
                                                    "Node Type": "Hash Join",
                                                    "Parent Relationship": "Outer",
                                                    "Parallel Aware": false,
                                                    "Join Type": "Inner",
                                                    "Startup Cost": 127080.36,
                                                    "Total Cost": 186654.98,
                                                    "Plan Rows": 1378461,
                                                    "Plan Width": 12,
                                                    "Actual Startup Time": 1548.251,
                                                    "Actual Total Time": 1590.592,
                                                    "Actual Rows": 288192,
                                                    "Actual Loops": 2,
                                                    "Inner Unique": false,
                                                    "Hash Cond": "(ml.movie_id = mk.movie_id)",
                                                    "Plans": [
                                                      {
                                                        "Node Type": "Hash Join",
                                                        "Parent Relationship": "Outer",
                                                        "Parallel Aware": false,
                                                        "Join Type": "Inner",
                                                        "Startup Cost": 837.93,
                                                        "Total Cost": 1332.47,
                                                        "Plan Rows": 29997,
                                                        "Plan Width": 4,
                                                        "Actual Startup Time": 10.878,
                                                        "Actual Total Time": 14.653,
                                                        "Actual Rows": 29997,
                                                        "Actual Loops": 2,
                                                        "Inner Unique": false,
                                                        "Hash Cond": "(lt.id = ml.link_type_id)",
                                                        "Plans": [
                                                          {
                                                            "Node Type": "Seq Scan",
                                                            "Parent Relationship": "Outer",
                                                            "Parallel Aware": false,
                                                            "Relation Name": "link_type",
                                                            "Alias": "lt",
                                                            "Startup Cost": 0.0,
                                                            "Total Cost": 1.18,
                                                            "Plan Rows": 18,
                                                            "Plan Width": 4,
                                                            "Actual Startup Time": 0.043,
                                                            "Actual Total Time": 0.056,
                                                            "Actual Rows": 18,
                                                            "Actual Loops": 2
                                                          },
                                                          {
                                                            "Node Type": "Hash",
                                                            "Parent Relationship": "Inner",
                                                            "Parallel Aware": false,
                                                            "Startup Cost": 462.97,
                                                            "Total Cost": 462.97,
                                                            "Plan Rows": 29997,
                                                            "Plan Width": 8,
                                                            "Actual Startup Time": 10.609,
                                                            "Actual Total Time": 10.61,
                                                            "Actual Rows": 29997,
                                                            "Actual Loops": 2,
                                                            "Hash Buckets": 32768,
                                                            "Original Hash Buckets": 32768,
                                                            "Hash Batches": 1,
                                                            "Original Hash Batches": 1,
                                                            "Peak Memory Usage": 1428,
                                                            "Plans": [
                                                              {
                                                                "Node Type": "Seq Scan",
                                                                "Parent Relationship": "Outer",
                                                                "Parallel Aware": false,
                                                                "Relation Name": "movie_link",
                                                                "Alias": "ml",
                                                                "Startup Cost": 0.0,
                                                                "Total Cost": 462.97,
                                                                "Plan Rows": 29997,
                                                                "Plan Width": 8,
                                                                "Actual Startup Time": 0.027,
                                                                "Actual Total Time": 5.664,
                                                                "Actual Rows": 29997,
                                                                "Actual Loops": 2
                                                              }
                                                            ]
                                                          }
                                                        ]
                                                      },
                                                      {
                                                        "Node Type": "Hash",
                                                        "Parent Relationship": "Inner",
                                                        "Parallel Aware": false,
                                                        "Startup Cost": 69693.3,
                                                        "Total Cost": 69693.3,
                                                        "Plan Rows": 4523930,
                                                        "Plan Width": 8,
                                                        "Actual Startup Time": 1471.448,
                                                        "Actual Total Time": 1471.449,
                                                        "Actual Rows": 4523930,
                                                        "Actual Loops": 2,
                                                        "Hash Buckets": 8388608,
                                                        "Original Hash Buckets": 8388608,
                                                        "Hash Batches": 1,
                                                        "Original Hash Batches": 1,
                                                        "Peak Memory Usage": 242253,
                                                        "Plans": [
                                                          {
                                                            "Node Type": "Seq Scan",
                                                            "Parent Relationship": "Outer",
                                                            "Parallel Aware": false,
                                                            "Relation Name": "movie_keyword",
                                                            "Alias": "mk",
                                                            "Startup Cost": 0.0,
                                                            "Total Cost": 69693.3,
                                                            "Plan Rows": 4523930,
                                                            "Plan Width": 8,
                                                            "Actual Startup Time": 0.062,
                                                            "Actual Total Time": 610.333,
                                                            "Actual Rows": 4523930,
                                                            "Actual Loops": 2
                                                          }
                                                        ]
                                                      }
                                                    ]
                                                  }
                                                ]
                                              }
                                            ]
                                          }
                                        ]
                                      }
                                    ]
                                  }
                                ]
                              }
                            ]
                          }
                        ]
                      }
                    ]
                  }
                ]
              }
            ]
          }
        ]
      }
    ]
  },
  "Planning Time": 3.149,
  "Triggers": [],
  "Execution Time": 2090.508
}