[
  {
    "Plan": {
      "Node Type": "Aggregate",
      "Strategy": "Plain",
      "Partial Mode": "Finalize",
      "Parallel Aware": false,
      "Startup Cost": 33178.19,
      "Total Cost": 33178.2,
      "Plan Rows": 1,
      "Plan Width": 8,
      "Actual Startup Time": 89.893,
      "Actual Total Time": 97.346,
      "Actual Rows": 1,
      "Actual Loops": 1,
      "Plans": [
        {
          "Node Type": "Gather",
          "Parent Relationship": "Outer",
          "Parallel Aware": false,
          "Startup Cost": 33177.87,
          "Total Cost": 33178.18,
          "Plan Rows": 3,
          "Plan Width": 8,
          "Actual Startup Time": 89.755,
          "Actual Total Time": 97.335,
          "Actual Rows": 4,
          "Actual Loops": 1,
          "Workers Planned": 3,
          "Workers Launched": 3,
          "Single Copy": false,
          "Plans": [
            {
              "Node Type": "Aggregate",
              "Strategy": "Plain",
              "Partial Mode": "Partial",
              "Parent Relationship": "Outer",
              "Parallel Aware": false,
              "Startup Cost": 32177.87,
              "Total Cost": 32177.88,
              "Plan Rows": 1,
              "Plan Width": 8,
              "Actual Startup Time": 84.306,
              "Actual Total Time": 84.307,
              "Actual Rows": 1,
              "Actual Loops": 4,
              "Plans": [
                {
                  "Node Type": "Seq Scan",
                  "Parent Relationship": "Outer",
                  "Parallel Aware": true,
                  "Relation Name": "movie_companies",
                  "Alias": "mc",
                  "Startup Cost": 0.0,
                  "Total Cost": 31414.82,
                  "Plan Rows": 305222,
                  "Plan Width": 0,
                  "Actual Startup Time": 0.33,
                  "Actual Total Time": 74.351,
                  "Actual Rows": 198898,
                  "Actual Loops": 4,
                  "Filter": "((company_id > 1043) AND (company_type_id = 1))",
                  "Rows Removed by Filter": 453384
                }
              ]
            }
          ]
        }
      ]
    },
    "Planning Time": 0.222,
    "Triggers": [],
    "Execution Time": 97.411
  }
]