{
    "Plan": {
        "Node Type": "Aggregate",
        "Strategy": "Plain",
        "Partial Mode": "Simple",
        "Parallel Aware": false,
        "Startup Cost": 10001354374.12,
        "Total Cost": 10001354374.13,
        "Plan Rows": 1,
        "Plan Width": 8,
        "Actual Startup Time": 8715.841,
        "Actual Total Time": 8715.848,
        "Actual Rows": 1,
        "Actual Loops": 1,
        "Output": [
            "count(*)"
        ],
        "Plans": [
            {
                "Node Type": "Hash Join",
                "Parent Relationship": "Outer",
                "Parallel Aware": false,
                "Join Type": "Inner",
                "Startup Cost": 10000182488.08,
                "Total Cost": 10001349823.92,
                "Plan Rows": 1820079,
                "Plan Width": 0,
                "Actual Startup Time": 1566.009,
                "Actual Total Time": 8558.781,
                "Actual Rows": 3818259,
                "Actual Loops": 1,
                "Inner Unique": false,
                "Hash Cond": "(t.id = mc.movie_id)",
                "Plans": [
                    {
                        "Node Type": "Hash Join",
                        "Parent Relationship": "Outer",
                        "Parallel Aware": false,
                        "Join Type": "Inner",
                        "Startup Cost": 10000104932.3,
                        "Total Cost": 10001222092.43,
                        "Plan Rows": 3654275,
                        "Plan Width": 8,
                        "Actual Startup Time": 785.978,
                        "Actual Total Time": 7174.43,
                        "Actual Rows": 2318745,
                        "Actual Loops": 1,
                        "Output": [
                            "t.id",
                            "mi.movie_id"
                        ],
                        "Inner Unique": true,
                        "Hash Cond": "(mi.movie_id = t.id)",
                        "Plans": [
                            {
                                "Node Type": "Index Scan",
                                "Parent Relationship": "Outer",
                                "Parallel Aware": false,
                                "Scan Direction": "Forward",
                                "Index Name": "movie_id_movie_info",
                                "Relation Name": "movie_info",
                                "Schema": "public",
                                "Alias": "mi",
                                "Startup Cost": 10000000000.43,
                                "Total Cost": 10001078428.37,
                                "Plan Rows": 14755095,
                                "Plan Width": 4,
                                "Actual Startup Time": 0.039,
                                "Actual Total Time": 4412.562,
                                "Actual Rows": 14835720,
                                "Actual Loops": 1,
                                "Output": [
                                    "mi.id",
                                    "mi.movie_id",
                                    "mi.info_type_id",
                                    "mi.info",
                                    "mi.note"
                                ]
                            },
                            {
                                "Node Type": "Hash",
                                "Parent Relationship": "Inner",
                                "Parallel Aware": false,
                                "Startup Cost": 97104.75,
                                "Total Cost": 97104.75,
                                "Plan Rows": 626169,
                                "Plan Width": 4,
                                "Actual Startup Time": 780.007,
                                "Actual Total Time": 780.01,
                                "Actual Rows": 501928,
                                "Actual Loops": 1,
                                "Output": [
                                    "t.id"
                                ],
                                "Hash Buckets": 1048576,
                                "Original Hash Buckets": 1048576,
                                "Hash Batches": 1,
                                "Original Hash Batches": 1,
                                "Peak Memory Usage": 25838,
                                "Plans": [
                                    {
                                        "Node Type": "Bitmap Heap Scan",
                                        "Parent Relationship": "Outer",
                                        "Parallel Aware": false,
                                        "Relation Name": "title",
                                        "Schema": "public",
                                        "Alias": "t",
                                        "Startup Cost": 33252.23,
                                        "Total Cost": 97104.75,
                                        "Plan Rows": 626169,
                                        "Plan Width": 4,
                                        "Actual Startup Time": 100.763,
                                        "Actual Total Time": 597.402,
                                        "Actual Rows": 501928,
                                        "Actual Loops": 1,
                                        "Output": [
                                            "t.id"
                                        ],
                                        "Recheck Cond": "(t.kind_id > 1)",
                                        "Rows Removed by Index Recheck": 0,
                                        "Filter": "(t.production_year < 1996)",
                                        "Rows Removed by Filter": 1363559,
                                        "Exact Heap Blocks": 35995,
                                        "Lossy Heap Blocks": 0,
                                        "Plans": [
                                            {
                                                "Node Type": "Bitmap Index Scan",
                                                "Parent Relationship": "Outer",
                                                "Parallel Aware": false,
                                                "Index Name": "kind_id_title",
                                                "Startup Cost": 0.0,
                                                "Total Cost": 33095.69,
                                                "Plan Rows": 1856968,
                                                "Plan Width": 0,
                                                "Actual Startup Time": 92.903,
                                                "Actual Total Time": 92.903,
                                                "Actual Rows": 1865487,
                                                "Actual Loops": 1,
                                                "Index Cond": "(t.kind_id > 1)"
                                            }
                                        ]
                                    }
                                ]
                            }
                        ]
                    },
                    {
                        "Node Type": "Hash",
                        "Parent Relationship": "Inner",
                        "Parallel Aware": false,
                        "Startup Cost": 61814.81,
                        "Total Cost": 61814.81,
                        "Plan Rows": 1259278,
                        "Plan Width": 4,
                        "Actual Startup Time": 762.809,
                        "Actual Total Time": 762.81,
                        "Actual Rows": 1253304,
                        "Actual Loops": 1,
                        "Output": [
                            "mc.movie_id"
                        ],
                        "Hash Buckets": 2097152,
                        "Original Hash Buckets": 2097152,
                        "Hash Batches": 1,
                        "Original Hash Batches": 1,
                        "Peak Memory Usage": 60446,
                        "Plans": [
                            {
                                "Node Type": "Bitmap Heap Scan",
                                "Parent Relationship": "Outer",
                                "Parallel Aware": false,
                                "Relation Name": "movie_companies",
                                "Schema": "public",
                                "Alias": "mc",
                                "Startup Cost": 27283.83,
                                "Total Cost": 61814.81,
                                "Plan Rows": 1259278,
                                "Plan Width": 4,
                                "Actual Startup Time": 102.476,
                                "Actual Total Time": 399.465,
                                "Actual Rows": 1253304,
                                "Actual Loops": 1,
                                "Output": [
                                    "mc.movie_id"
                                ],
                                "Recheck Cond": "(mc.company_id < 11156)",
                                "Rows Removed by Index Recheck": 0,
                                "Exact Heap Blocks": 18723,
                                "Lossy Heap Blocks": 0,
                                "Plans": [
                                    {
                                        "Node Type": "Bitmap Index Scan",
                                        "Parent Relationship": "Outer",
                                        "Parallel Aware": false,
                                        "Index Name": "company_id_movie_companies",
                                        "Startup Cost": 0.0,
                                        "Total Cost": 26969.01,
                                        "Plan Rows": 1259278,
                                        "Plan Width": 0,
                                        "Actual Startup Time": 98.64,
                                        "Actual Total Time": 98.64,
                                        "Actual Rows": 1253304,
                                        "Actual Loops": 1,
                                        "Index Cond": "(mc.company_id < 11156)"
                                    }
                                ]
                            }
                        ]
                    }
                ]
            }
        ]
    },
    "Planning Time": 2.393,
    "Triggers": [],
    "Execution Time": 8718.581
}