[
  {
    "Plan": {
      "Node Type": "Aggregate",
      "Strategy": "Plain",
      "Partial Mode": "Finalize",
      "Parallel Aware": false,
      "Startup Cost": 387448.22,
      "Total Cost": 387448.23,
      "Plan Rows": 1,
      "Plan Width": 8,
      "Actual Startup Time": 3914.791,
      "Actual Total Time": 4008.57,
      "Actual Rows": 1,
      "Actual Loops": 1,
      "Plans": [
        {
          "Node Type": "Gather",
          "Parent Relationship": "Outer",
          "Parallel Aware": false,
          "Startup Cost": 387447.8,
          "Total Cost": 387448.21,
          "Plan Rows": 4,
          "Plan Width": 8,
          "Actual Startup Time": 3912.068,
          "Actual Total Time": 4008.558,
          "Actual Rows": 5,
          "Actual Loops": 1,
          "Workers Planned": 4,
          "Workers Launched": 4,
          "Single Copy": false,
          "Plans": [
            {
              "Node Type": "Aggregate",
              "Strategy": "Plain",
              "Partial Mode": "Partial",
              "Parent Relationship": "Outer",
              "Parallel Aware": false,
              "Startup Cost": 386447.8,
              "Total Cost": 386447.81,
              "Plan Rows": 1,
              "Plan Width": 8,
              "Actual Startup Time": 3904.343,
              "Actual Total Time": 3904.345,
              "Actual Rows": 1,
              "Actual Loops": 5,
              "Plans": [
                {
                  "Node Type": "Nested Loop",
                  "Parent Relationship": "Outer",
                  "Parallel Aware": false,
                  "Join Type": "Inner",
                  "Startup Cost": 12.74,
                  "Total Cost": 385421.65,
                  "Plan Rows": 410459,
                  "Plan Width": 0,
                  "Actual Startup Time": 405.655,
                  "Actual Total Time": 3863.977,
                  "Actual Rows": 607112,
                  "Actual Loops": 5,
                  "Inner Unique": false,
                  "Join Filter": "(t.id = ci.movie_id)",
                  "Rows Removed by Join Filter": 0,
                  "Plans": [
                    {
                      "Node Type": "Merge Join",
                      "Parent Relationship": "Outer",
                      "Parallel Aware": false,
                      "Join Type": "Inner",
                      "Startup Cost": 12.17,
                      "Total Cost": 151255.11,
                      "Plan Rows": 90082,
                      "Plan Width": 8,
                      "Actual Startup Time": 405.433,
                      "Actual Total Time": 828.371,
                      "Actual Rows": 125980,
                      "Actual Loops": 5,
                      "Inner Unique": false,
                      "Merge Cond": "(t.id = mi_idx.movie_id)",
                      "Plans": [
                        {
                          "Node Type": "Index Scan",
                          "Parent Relationship": "Outer",
                          "Parallel Aware": true,
                          "Scan Direction": "Forward",
                          "Index Name": "title_pkey",
                          "Relation Name": "title",
                          "Alias": "t",
                          "Startup Cost": 0.43,
                          "Total Cost": 92969.49,
                          "Plan Rows": 165043,
                          "Plan Width": 4,
                          "Actual Startup Time": 205.312,
                          "Actual Total Time": 402.95,
                          "Actual Rows": 132332,
                          "Actual Loops": 5,
                          "Filter": "(kind_id = 1)",
                          "Rows Removed by Filter": 372833
                        },
                        {
                          "Node Type": "Index Only Scan",
                          "Parent Relationship": "Inner",
                          "Parallel Aware": false,
                          "Scan Direction": "Forward",
                          "Index Name": "movie_id_movie_info_idx",
                          "Relation Name": "movie_info_idx",
                          "Alias": "mi_idx",
                          "Startup Cost": 0.43,
                          "Total Cost": 53621.69,
                          "Plan Rows": 1380035,
                          "Plan Width": 4,
                          "Actual Startup Time": 0.072,
                          "Actual Total Time": 319.806,
                          "Actual Rows": 1380035,
                          "Actual Loops": 5,
                          "Heap Fetches": 6900175
                        }
                      ]
                    },
                    {
                      "Node Type": "Index Scan",
                      "Parent Relationship": "Inner",
                      "Parallel Aware": false,
                      "Scan Direction": "Forward",
                      "Index Name": "movie_id_cast_info",
                      "Relation Name": "cast_info",
                      "Alias": "ci",
                      "Startup Cost": 0.56,
                      "Total Cost": 2.46,
                      "Plan Rows": 11,
                      "Plan Width": 4,
                      "Actual Startup Time": 0.016,
                      "Actual Total Time": 0.023,
                      "Actual Rows": 5,
                      "Actual Loops": 629900,
                      "Index Cond": "(movie_id = mi_idx.movie_id)",
                      "Rows Removed by Index Recheck": 0,
                      "Filter": "((person_id < 2706249) AND (role_id > 2))",
                      "Rows Removed by Filter": 25
                    }
                  ]
                }
              ]
            }
          ]
        }
      ]
    },
    "Planning Time": 1.294,
    "Triggers": [],
    "Execution Time": 4008.702
  }
]