[
  {
    "Plan": {
      "Node Type": "Aggregate",
      "Strategy": "Plain",
      "Partial Mode": "Simple",
      "Parallel Aware": false,
      "Startup Cost": 1578891.06,
      "Total Cost": 1578891.07,
      "Plan Rows": 1,
      "Plan Width": 64,
      "Actual Startup Time": 21312.055,
      "Actual Total Time": 21312.469,
      "Actual Rows": 1,
      "Actual Loops": 1,
      "Plans": [
        {
          "Node Type": "Merge Join",
          "Parent Relationship": "Outer",
          "Parallel Aware": false,
          "Join Type": "Inner",
          "Startup Cost": 1442255.73,
          "Total Cost": 1578862.72,
          "Plan Rows": 5669,
          "Plan Width": 32,
          "Actual Startup Time": 18425.787,
          "Actual Total Time": 21178.649,
          "Actual Rows": 1760645,
          "Actual Loops": 1,
          "Inner Unique": false,
          "Merge Cond": "(chn.id = ci.person_role_id)",
          "Plans": [
            {
              "Node Type": "Index Only Scan",
              "Parent Relationship": "Outer",
              "Parallel Aware": false,
              "Scan Direction": "Forward",
              "Index Name": "char_name_pkey",
              "Relation Name": "char_name",
              "Alias": "chn",
              "Startup Cost": 0.43,
              "Total Cost": 128716.85,
              "Plan Rows": 3140339,
              "Plan Width": 4,
              "Actual Startup Time": 0.025,
              "Actual Total Time": 2154.126,
              "Actual Rows": 3139891,
              "Actual Loops": 1,
              "Heap Fetches": 3139891
            },
            {
              "Node Type": "Sort",
              "Parent Relationship": "Inner",
              "Parallel Aware": false,
              "Startup Cost": 1442253.98,
              "Total Cost": 1442268.16,
              "Plan Rows": 5669,
              "Plan Width": 36,
              "Actual Startup Time": 18425.51,
              "Actual Total Time": 18635.666,
              "Actual Rows": 1760646,
              "Actual Loops": 1,
              "Sort Key": [
                "ci.person_role_id"
              ],
              "Sort Method": "quicksort",
              "Sort Space Used": 218183,
              "Sort Space Type": "Memory",
              "Plans": [
                {
                  "Node Type": "Merge Join",
                  "Parent Relationship": "Outer",
                  "Parallel Aware": false,
                  "Join Type": "Inner",
                  "Startup Cost": 1321814.96,
                  "Total Cost": 1441900.55,
                  "Plan Rows": 5669,
                  "Plan Width": 36,
                  "Actual Startup Time": 15185.093,
                  "Actual Total Time": 17828.156,
                  "Actual Rows": 1909379,
                  "Actual Loops": 1,
                  "Inner Unique": false,
                  "Merge Cond": "(t.id = mi.movie_id)",
                  "Plans": [
                    {
                      "Node Type": "Index Scan",
                      "Parent Relationship": "Outer",
                      "Parallel Aware": false,
                      "Scan Direction": "Forward",
                      "Index Name": "title_pkey",
                      "Relation Name": "title",
                      "Alias": "t",
                      "Startup Cost": 0.43,
                      "Total Cost": 116669.5,
                      "Plan Rows": 1362270,
                      "Plan Width": 21,
                      "Actual Startup Time": 0.045,
                      "Actual Total Time": 1845.636,
                      "Actual Rows": 1381060,
                      "Actual Loops": 1,
                      "Filter": "(production_year > 2000)",
                      "Rows Removed by Filter": 1144649
                    },
                    {
                      "Node Type": "Sort",
                      "Parent Relationship": "Inner",
                      "Parallel Aware": false,
                      "Startup Cost": 1321813.3,
                      "Total Cost": 1321839.6,
                      "Plan Rows": 10522,
                      "Plan Width": 31,
                      "Actual Startup Time": 15179.463,
                      "Actual Total Time": 15568.607,
                      "Actual Rows": 2949213,
                      "Actual Loops": 1,
                      "Sort Key": [
                        "ci.movie_id"
                      ],
                      "Sort Method": "quicksort",
                      "Sort Space Used": 328712,
                      "Sort Space Type": "Memory",
                      "Plans": [
                        {
                          "Node Type": "Merge Join",
                          "Parent Relationship": "Outer",
                          "Parallel Aware": false,
                          "Join Type": "Inner",
                          "Startup Cost": 1290574.96,
                          "Total Cost": 1321110.37,
                          "Plan Rows": 10522,
                          "Plan Width": 31,
                          "Actual Startup Time": 13221.259,
                          "Actual Total Time": 14231.45,
                          "Actual Rows": 2949213,
                          "Actual Loops": 1,
                          "Inner Unique": false,
                          "Merge Cond": "(n.id = ci.person_id)",
                          "Plans": [
                            {
                              "Node Type": "Gather Merge",
                              "Parent Relationship": "Outer",
                              "Parallel Aware": false,
                              "Startup Cost": 200412.99,
                              "Total Cost": 231105.78,
                              "Plan Rows": 205566,
                              "Plan Width": 23,
                              "Actual Startup Time": 1111.927,
                              "Actual Total Time": 1240.436,
                              "Actual Rows": 193376,
                              "Actual Loops": 1,
                              "Workers Planned": 4,
                              "Workers Launched": 4,
                              "Plans": [
                                {
                                  "Node Type": "Merge Join",
                                  "Parent Relationship": "Outer",
                                  "Parallel Aware": false,
                                  "Join Type": "Inner",
                                  "Startup Cost": 199412.93,
                                  "Total Cost": 205620.83,
                                  "Plan Rows": 51392,
                                  "Plan Width": 23,
                                  "Actual Startup Time": 1042.174,
                                  "Actual Total Time": 1210.459,
                                  "Actual Rows": 38691,
                                  "Actual Loops": 5,
                                  "Inner Unique": false,
                                  "Merge Cond": "(n.id = an.person_id)",
                                  "Plans": [
                                    {
                                      "Node Type": "Sort",
                                      "Parent Relationship": "Outer",
                                      "Parallel Aware": false,
                                      "Startup Cost": 89852.85,
                                      "Total Cost": 90446.88,
                                      "Plan Rows": 237612,
                                      "Plan Width": 19,
                                      "Actual Startup Time": 377.378,
                                      "Actual Total Time": 416.199,
                                      "Actual Rows": 192281,
                                      "Actual Loops": 5,
                                      "Sort Key": [
                                        "n.id"
                                      ],
                                      "Sort Method": "quicksort",
                                      "Sort Space Used": 23037,
                                      "Sort Space Type": "Memory",
                                      "Workers": [
                                        {
                                          "Worker Number": 0,
                                          "Sort Method": "quicksort",
                                          "Sort Space Used": 18680,
                                          "Sort Space Type": "Memory"
                                        },
                                        {
                                          "Worker Number": 1,
                                          "Sort Method": "quicksort",
                                          "Sort Space Used": 18794,
                                          "Sort Space Type": "Memory"
                                        },
                                        {
                                          "Worker Number": 2,
                                          "Sort Method": "quicksort",
                                          "Sort Space Used": 18738,
                                          "Sort Space Type": "Memory"
                                        },
                                        {
                                          "Worker Number": 3,
                                          "Sort Method": "quicksort",
                                          "Sort Space Used": 22891,
                                          "Sort Space Type": "Memory"
                                        }
                                      ],
                                      "Plans": [
                                        {
                                          "Node Type": "Seq Scan",
                                          "Parent Relationship": "Outer",
                                          "Parallel Aware": true,
                                          "Relation Name": "name",
                                          "Alias": "n",
                                          "Startup Cost": 0.0,
                                          "Total Cost": 68636.18,
                                          "Plan Rows": 237612,
                                          "Plan Width": 19,
                                          "Actual Startup Time": 118.815,
                                          "Actual Total Time": 293.256,
                                          "Actual Rows": 192311,
                                          "Actual Loops": 5,
                                          "Filter": "((gender)::text = 'f'::text)",
                                          "Rows Removed by Filter": 641187
                                        }
                                      ]
                                    },
                                    {
                                      "Node Type": "Sort",
                                      "Parent Relationship": "Inner",
                                      "Parallel Aware": false,
                                      "Startup Cost": 109559.99,
                                      "Total Cost": 111813.35,
                                      "Plan Rows": 901343,
                                      "Plan Width": 4,
                                      "Actual Startup Time": 610.171,
                                      "Actual Total Time": 675.423,
                                      "Actual Rows": 578844,
                                      "Actual Loops": 5,
                                      "Sort Key": [
                                        "an.person_id"
                                      ],
                                      "Sort Method": "quicksort",
                                      "Sort Space Used": 66827,
                                      "Sort Space Type": "Memory",
                                      "Workers": [
                                        {
                                          "Worker Number": 0,
                                          "Sort Method": "quicksort",
                                          "Sort Space Used": 66827,
                                          "Sort Space Type": "Memory"
                                        },
                                        {
                                          "Worker Number": 1,
                                          "Sort Method": "quicksort",
                                          "Sort Space Used": 66827,
                                          "Sort Space Type": "Memory"
                                        },
                                        {
                                          "Worker Number": 2,
                                          "Sort Method": "quicksort",
                                          "Sort Space Used": 66827,
                                          "Sort Space Type": "Memory"
                                        },
                                        {
                                          "Worker Number": 3,
                                          "Sort Method": "quicksort",
                                          "Sort Space Used": 66827,
                                          "Sort Space Type": "Memory"
                                        }
                                      ],
                                      "Plans": [
                                        {
                                          "Node Type": "Seq Scan",
                                          "Parent Relationship": "Outer",
                                          "Parallel Aware": false,
                                          "Relation Name": "aka_name",
                                          "Alias": "an",
                                          "Startup Cost": 0.0,
                                          "Total Cost": 20409.43,
                                          "Plan Rows": 901343,
                                          "Plan Width": 4,
                                          "Actual Startup Time": 0.065,
                                          "Actual Total Time": 228.352,
                                          "Actual Rows": 901343,
                                          "Actual Loops": 5
                                        }
                                      ]
                                    }
                                  ]
                                }
                              ]
                            },
                            {
                              "Node Type": "Sort",
                              "Parent Relationship": "Inner",
                              "Parallel Aware": false,
                              "Startup Cost": 1090158.17,
                              "Total Cost": 1090206.33,
                              "Plan Rows": 19263,
                              "Plan Width": 20,
                              "Actual Startup Time": 12108.896,
                              "Actual Total Time": 12535.228,
                              "Actual Rows": 3470930,
                              "Actual Loops": 1,
                              "Sort Key": [
                                "ci.person_id"
                              ],
                              "Sort Method": "quicksort",
                              "Sort Space Used": 148767,
                              "Sort Space Type": "Memory",
                              "Plans": [
                                {
                                  "Node Type": "Merge Join",
                                  "Parent Relationship": "Outer",
                                  "Parallel Aware": false,
                                  "Join Type": "Inner",
                                  "Startup Cost": 1075645.57,
                                  "Total Cost": 1088787.26,
                                  "Plan Rows": 19263,
                                  "Plan Width": 20,
                                  "Actual Startup Time": 9916.906,
                                  "Actual Total Time": 11747.133,
                                  "Actual Rows": 1337012,
                                  "Actual Loops": 1,
                                  "Inner Unique": false,
                                  "Merge Cond": "(cn.id = mc.company_id)",
                                  "Plans": [
                                    {
                                      "Node Type": "Index Scan",
                                      "Parent Relationship": "Outer",
                                      "Parallel Aware": false,
                                      "Scan Direction": "Forward",
                                      "Index Name": "company_name_pkey",
                                      "Relation Name": "company_name",
                                      "Alias": "cn",
                                      "Startup Cost": 0.42,
                                      "Total Cost": 12474.79,
                                      "Plan Rows": 84928,
                                      "Plan Width": 4,
                                      "Actual Startup Time": 0.065,
                                      "Actual Total Time": 214.356,
                                      "Actual Rows": 84843,
                                      "Actual Loops": 1,
                                      "Filter": "((country_code)::text = '[us]'::text)",
                                      "Rows Removed by Filter": 150154
                                    },
                                    {
                                      "Node Type": "Sort",
                                      "Parent Relationship": "Inner",
                                      "Parallel Aware": false,
                                      "Startup Cost": 1075645.06,
                                      "Total Cost": 1075778.31,
                                      "Plan Rows": 53300,
                                      "Plan Width": 24,
                                      "Actual Startup Time": 9916.823,
                                      "Actual Total Time": 10911.846,
                                      "Actual Rows": 5063692,
                                      "Actual Loops": 1,
                                      "Sort Key": [
                                        "mc.company_id"
                                      ],
                                      "Sort Method": "quicksort",
                                      "Sort Space Used": 592209,
                                      "Sort Space Type": "Memory",
                                      "Plans": [
                                        {
                                          "Node Type": "Merge Join",
                                          "Parent Relationship": "Outer",
                                          "Parallel Aware": false,
                                          "Join Type": "Inner",
                                          "Startup Cost": 922375.33,
                                          "Total Cost": 1071460.51,
                                          "Plan Rows": 53300,
                                          "Plan Width": 24,
                                          "Actual Startup Time": 5557.426,
                                          "Actual Total Time": 8435.934,
                                          "Actual Rows": 5063692,
                                          "Actual Loops": 1,
                                          "Inner Unique": false,
                                          "Merge Cond": "(mi.movie_id = mc.movie_id)",
                                          "Plans": [
                                            {
                                              "Node Type": "Merge Join",
                                              "Parent Relationship": "Outer",
                                              "Parallel Aware": false,
                                              "Join Type": "Inner",
                                              "Startup Cost": 922374.9,
                                              "Total Cost": 923499.46,
                                              "Plan Rows": 9941,
                                              "Plan Width": 16,
                                              "Actual Startup Time": 5557.339,
                                              "Actual Total Time": 6009.587,
                                              "Actual Rows": 547115,
                                              "Actual Loops": 1,
                                              "Inner Unique": false,
                                              "Merge Cond": "(ci.movie_id = mi.movie_id)",
                                              "Plans": [
                                                {
                                                  "Node Type": "Sort",
                                                  "Parent Relationship": "Outer",
                                                  "Parallel Aware": false,
                                                  "Startup Cost": 371196.84,
                                                  "Total Cost": 371381.17,
                                                  "Plan Rows": 73732,
                                                  "Plan Width": 12,
                                                  "Actual Startup Time": 2076.597,
                                                  "Actual Total Time": 2119.691,
                                                  "Actual Rows": 276166,
                                                  "Actual Loops": 1,
                                                  "Sort Key": [
                                                    "ci.movie_id"
                                                  ],
                                                  "Sort Method": "quicksort",
                                                  "Sort Space Used": 25234,
                                                  "Sort Space Type": "Memory",
                                                  "Plans": [
                                                    {
                                                      "Node Type": "Gather",
                                                      "Parent Relationship": "Outer",
                                                      "Parallel Aware": false,
                                                      "Startup Cost": 357002.19,
                                                      "Total Cost": 365235.6,
                                                      "Plan Rows": 73732,
                                                      "Plan Width": 12,
                                                      "Actual Startup Time": 1929.49,
                                                      "Actual Total Time": 1995.221,
                                                      "Actual Rows": 276166,
                                                      "Actual Loops": 1,
                                                      "Workers Planned": 6,
                                                      "Workers Launched": 3,
                                                      "Single Copy": false,
                                                      "Plans": [
                                                        {
                                                          "Node Type": "Merge Join",
                                                          "Parent Relationship": "Outer",
                                                          "Parallel Aware": false,
                                                          "Join Type": "Inner",
                                                          "Startup Cost": 356002.19,
                                                          "Total Cost": 356862.4,
                                                          "Plan Rows": 12289,
                                                          "Plan Width": 12,
                                                          "Actual Startup Time": 1919.731,
                                                          "Actual Total Time": 1936.14,
                                                          "Actual Rows": 69042,
                                                          "Actual Loops": 4,
                                                          "Inner Unique": true,
                                                          "Merge Cond": "(ci.role_id = rt.id)",
                                                          "Plans": [
                                                            {
                                                              "Node Type": "Sort",
                                                              "Parent Relationship": "Outer",
                                                              "Parallel Aware": false,
                                                              "Startup Cost": 356001.03,
                                                              "Total Cost": 356369.69,
                                                              "Plan Rows": 147464,
                                                              "Plan Width": 16,
                                                              "Actual Startup Time": 1900.041,
                                                              "Actual Total Time": 1911.279,
                                                              "Actual Rows": 216782,
                                                              "Actual Loops": 4,
                                                              "Sort Key": [
                                                                "ci.role_id"
                                                              ],
                                                              "Sort Method": "quicksort",
                                                              "Sort Space Used": 17602,
                                                              "Sort Space Type": "Memory",
                                                              "Workers": [
                                                                {
                                                                  "Worker Number": 0,
                                                                  "Sort Method": "quicksort",
                                                                  "Sort Space Used": 15011,
                                                                  "Sort Space Type": "Memory"
                                                                },
                                                                {
                                                                  "Worker Number": 1,
                                                                  "Sort Method": "quicksort",
                                                                  "Sort Space Used": 17545,
                                                                  "Sort Space Type": "Memory"
                                                                },
                                                                {
                                                                  "Worker Number": 2,
                                                                  "Sort Method": "quicksort",
                                                                  "Sort Space Used": 15082,
                                                                  "Sort Space Type": "Memory"
                                                                }
                                                              ],
                                                              "Plans": [
                                                                {
                                                                  "Node Type": "Seq Scan",
                                                                  "Parent Relationship": "Outer",
                                                                  "Parallel Aware": true,
                                                                  "Relation Name": "cast_info",
                                                                  "Alias": "ci",
                                                                  "Startup Cost": 0.0,
                                                                  "Total Cost": 343341.24,
                                                                  "Plan Rows": 147464,
                                                                  "Plan Width": 16,
                                                                  "Actual Startup Time": 0.156,
                                                                  "Actual Total Time": 1840.053,
                                                                  "Actual Rows": 216869,
                                                                  "Actual Loops": 4,
                                                                  "Filter": "(note = ANY ('{(voice),\"(voice: Japanese version)\",\"(voice) (uncredited)\",\"(voice: English version)\"}'::text[]))",
                                                                  "Rows Removed by Filter": 8844217
                                                                }
                                                              ]
                                                            },
                                                            {
                                                              "Node Type": "Sort",
                                                              "Parent Relationship": "Inner",
                                                              "Parallel Aware": false,
                                                              "Startup Cost": 1.16,
                                                              "Total Cost": 1.16,
                                                              "Plan Rows": 1,
                                                              "Plan Width": 4,
                                                              "Actual Startup Time": 0.113,
                                                              "Actual Total Time": 0.115,
                                                              "Actual Rows": 1,
                                                              "Actual Loops": 4,
                                                              "Sort Key": [
                                                                "rt.id"
                                                              ],
                                                              "Sort Method": "quicksort",
                                                              "Sort Space Used": 25,
                                                              "Sort Space Type": "Memory",
                                                              "Workers": [
                                                                {
                                                                  "Worker Number": 0,
                                                                  "Sort Method": "quicksort",
                                                                  "Sort Space Used": 25,
                                                                  "Sort Space Type": "Memory"
                                                                },
                                                                {
                                                                  "Worker Number": 1,
                                                                  "Sort Method": "quicksort",
                                                                  "Sort Space Used": 25,
                                                                  "Sort Space Type": "Memory"
                                                                },
                                                                {
                                                                  "Worker Number": 2,
                                                                  "Sort Method": "quicksort",
                                                                  "Sort Space Used": 25,
                                                                  "Sort Space Type": "Memory"
                                                                }
                                                              ],
                                                              "Plans": [
                                                                {
                                                                  "Node Type": "Seq Scan",
                                                                  "Parent Relationship": "Outer",
                                                                  "Parallel Aware": false,
                                                                  "Relation Name": "role_type",
                                                                  "Alias": "rt",
                                                                  "Startup Cost": 0.0,
                                                                  "Total Cost": 1.15,
                                                                  "Plan Rows": 1,
                                                                  "Plan Width": 4,
                                                                  "Actual Startup Time": 0.085,
                                                                  "Actual Total Time": 0.087,
                                                                  "Actual Rows": 1,
                                                                  "Actual Loops": 4,
                                                                  "Filter": "((role)::text = 'actress'::text)",
                                                                  "Rows Removed by Filter": 11
                                                                }
                                                              ]
                                                            }
                                                          ]
                                                        }
                                                      ]
                                                    }
                                                  ]
                                                },
                                                {
                                                  "Node Type": "Sort",
                                                  "Parent Relationship": "Inner",
                                                  "Parallel Aware": false,
                                                  "Startup Cost": 551178.06,
                                                  "Total Cost": 551506.4,
                                                  "Plan Rows": 131336,
                                                  "Plan Width": 4,
                                                  "Actual Startup Time": 3480.715,
                                                  "Actual Total Time": 3641.211,
                                                  "Actual Rows": 3445412,
                                                  "Actual Loops": 1,
                                                  "Sort Key": [
                                                    "mi.movie_id"
                                                  ],
                                                  "Sort Method": "quicksort",
                                                  "Sort Space Used": 240651,
                                                  "Sort Space Type": "Memory",
                                                  "Plans": [
                                                    {
                                                      "Node Type": "Gather",
                                                      "Parent Relationship": "Outer",
                                                      "Parallel Aware": false,
                                                      "Startup Cost": 511775.35,
                                                      "Total Cost": 540012.59,
                                                      "Plan Rows": 131336,
                                                      "Plan Width": 4,
                                                      "Actual Startup Time": 2386.49,
                                                      "Actual Total Time": 2821.578,
                                                      "Actual Rows": 3036719,
                                                      "Actual Loops": 1,
                                                      "Workers Planned": 5,
                                                      "Workers Launched": 3,
                                                      "Single Copy": false,
                                                      "Plans": [
                                                        {
                                                          "Node Type": "Merge Join",
                                                          "Parent Relationship": "Outer",
                                                          "Parallel Aware": false,
                                                          "Join Type": "Inner",
                                                          "Startup Cost": 510775.35,
                                                          "Total Cost": 525878.99,
                                                          "Plan Rows": 26267,
                                                          "Plan Width": 4,
                                                          "Actual Startup Time": 2316.95,
                                                          "Actual Total Time": 2451.132,
                                                          "Actual Rows": 759180,
                                                          "Actual Loops": 4,
                                                          "Inner Unique": true,
                                                          "Merge Cond": "(mi.info_type_id = it.id)",
                                                          "Plans": [
                                                            {
                                                              "Node Type": "Sort",
                                                              "Parent Relationship": "Outer",
                                                              "Parallel Aware": false,
                                                              "Startup Cost": 510772.92,
                                                              "Total Cost": 518193.41,
                                                              "Plan Rows": 2968194,
                                                              "Plan Width": 8,
                                                              "Actual Startup Time": 2077.77,
                                                              "Actual Total Time": 2216.424,
                                                              "Actual Rows": 3150468,
                                                              "Actual Loops": 4,
                                                              "Sort Key": [
                                                                "mi.info_type_id"
                                                              ],
                                                              "Sort Method": "quicksort",
                                                              "Sort Space Used": 399194,
                                                              "Sort Space Type": "Memory",
                                                              "Workers": [
                                                                {
                                                                  "Worker Number": 0,
                                                                  "Sort Method": "quicksort",
                                                                  "Sort Space Used": 394097,
                                                                  "Sort Space Type": "Memory"
                                                                },
                                                                {
                                                                  "Worker Number": 1,
                                                                  "Sort Method": "quicksort",
                                                                  "Sort Space Used": 245715,
                                                                  "Sort Space Type": "Memory"
                                                                },
                                                                {
                                                                  "Worker Number": 2,
                                                                  "Sort Method": "quicksort",
                                                                  "Sort Space Used": 246245,
                                                                  "Sort Space Type": "Memory"
                                                                }
                                                              ],
                                                              "Plans": [
                                                                {
                                                                  "Node Type": "Seq Scan",
                                                                  "Parent Relationship": "Outer",
                                                                  "Parallel Aware": true,
                                                                  "Relation Name": "movie_info",
                                                                  "Alias": "mi",
                                                                  "Startup Cost": 0.0,
                                                                  "Total Cost": 191674.94,
                                                                  "Plan Rows": 2968194,
                                                                  "Plan Width": 8,
                                                                  "Actual Startup Time": 0.072,
                                                                  "Actual Total Time": 1020.89,
                                                                  "Actual Rows": 3708930,
                                                                  "Actual Loops": 4
                                                                }
                                                              ]
                                                            },
                                                            {
                                                              "Node Type": "Sort",
                                                              "Parent Relationship": "Inner",
                                                              "Parallel Aware": false,
                                                              "Startup Cost": 2.42,
                                                              "Total Cost": 2.43,
                                                              "Plan Rows": 1,
                                                              "Plan Width": 4,
                                                              "Actual Startup Time": 0.198,
                                                              "Actual Total Time": 0.199,
                                                              "Actual Rows": 1,
                                                              "Actual Loops": 4,
                                                              "Sort Key": [
                                                                "it.id"
                                                              ],
                                                              "Sort Method": "quicksort",
                                                              "Sort Space Used": 25,
                                                              "Sort Space Type": "Memory",
                                                              "Workers": [
                                                                {
                                                                  "Worker Number": 0,
                                                                  "Sort Method": "quicksort",
                                                                  "Sort Space Used": 25,
                                                                  "Sort Space Type": "Memory"
                                                                },
                                                                {
                                                                  "Worker Number": 1,
                                                                  "Sort Method": "quicksort",
                                                                  "Sort Space Used": 25,
                                                                  "Sort Space Type": "Memory"
                                                                },
                                                                {
                                                                  "Worker Number": 2,
                                                                  "Sort Method": "quicksort",
                                                                  "Sort Space Used": 25,
                                                                  "Sort Space Type": "Memory"
                                                                }
                                                              ],
                                                              "Plans": [
                                                                {
                                                                  "Node Type": "Seq Scan",
                                                                  "Parent Relationship": "Outer",
                                                                  "Parallel Aware": false,
                                                                  "Relation Name": "info_type",
                                                                  "Alias": "it",
                                                                  "Startup Cost": 0.0,
                                                                  "Total Cost": 2.41,
                                                                  "Plan Rows": 1,
                                                                  "Plan Width": 4,
                                                                  "Actual Startup Time": 0.153,
                                                                  "Actual Total Time": 0.16,
                                                                  "Actual Rows": 1,
                                                                  "Actual Loops": 4,
                                                                  "Filter": "((info)::text = 'release dates'::text)",
                                                                  "Rows Removed by Filter": 112
                                                                }
                                                              ]
                                                            }
                                                          ]
                                                        }
                                                      ]
                                                    }
                                                  ]
                                                }
                                              ]
                                            },
                                            {
                                              "Node Type": "Index Scan",
                                              "Parent Relationship": "Inner",
                                              "Parallel Aware": false,
                                              "Scan Direction": "Forward",
                                              "Index Name": "movie_id_movie_companies",
                                              "Relation Name": "movie_companies",
                                              "Alias": "mc",
                                              "Startup Cost": 0.43,
                                              "Total Cost": 140880.84,
                                              "Plan Rows": 2609129,
                                              "Plan Width": 8,
                                              "Actual Startup Time": 0.039,
                                              "Actual Total Time": 1555.305,
                                              "Actual Rows": 7555894,
                                              "Actual Loops": 1
                                            }
                                          ]
                                        }
                                      ]
                                    }
                                  ]
                                }
                              ]
                            }
                          ]
                        }
                      ]
                    }
                  ]
                }
              ]
            }
          ]
        }
      ]
    },
    "Planning Time": 38.112,
    "Triggers": [],
    "Execution Time": 21473.327
  }
]