{
  "Plan": {
    "Node Type": "Aggregate",
    "Strategy": "Plain",
    "Partial Mode": "Finalize",
    "Parallel Aware": false,
    "Startup Cost": 153771.56,
    "Total Cost": 153771.57,
    "Plan Rows": 1,
    "Plan Width": 8,
    "Actual Startup Time": 777.55,
    "Actual Total Time": 794.104,
    "Actual Rows": 1,
    "Actual Loops": 1,
    "Plans": [
      {
        "Node Type": "Gather",
        "Parent Relationship": "Outer",
        "Parallel Aware": false,
        "Startup Cost": 153771.45,
        "Total Cost": 153771.56,
        "Plan Rows": 1,
        "Plan Width": 8,
        "Actual Startup Time": 776.688,
        "Actual Total Time": 794.095,
        "Actual Rows": 2,
        "Actual Loops": 1,
        "Workers Planned": 1,
        "Workers Launched": 1,
        "Single Copy": false,
        "Plans": [
          {
            "Node Type": "Aggregate",
            "Strategy": "Plain",
            "Partial Mode": "Partial",
            "Parent Relationship": "Outer",
            "Parallel Aware": false,
            "Startup Cost": 152771.45,
            "Total Cost": 152771.46,
            "Plan Rows": 1,
            "Plan Width": 8,
            "Actual Startup Time": 770.662,
            "Actual Total Time": 770.82,
            "Actual Rows": 1,
            "Actual Loops": 2,
            "Plans": [
              {
                "Node Type": "Hash Join",
                "Parent Relationship": "Outer",
                "Parallel Aware": true,
                "Join Type": "Inner",
                "Startup Cost": 91053.31,
                "Total Cost": 152570.57,
                "Plan Rows": 80352,
                "Plan Width": 0,
                "Actual Startup Time": 369.049,
                "Actual Total Time": 741.372,
                "Actual Rows": 739644,
                "Actual Loops": 2,
                "Inner Unique": false,
                "Hash Cond": "(mk.movie_id = t.id)",
                "Plans": [
                  {
                    "Node Type": "Seq Scan",
                    "Parent Relationship": "Outer",
                    "Parallel Aware": true,
                    "Relation Name": "movie_keyword",
                    "Alias": "mk",
                    "Startup Cost": 0.0,
                    "Total Cost": 51065.35,
                    "Plan Rows": 2661135,
                    "Plan Width": 4,
                    "Actual Startup Time": 0.013,
                    "Actual Total Time": 157.841,
                    "Actual Rows": 2261965,
                    "Actual Loops": 2
                  },
                  {
                    "Node Type": "Hash",
                    "Parent Relationship": "Inner",
                    "Parallel Aware": true,
                    "Startup Cost": 90491.98,
                    "Total Cost": 90491.98,
                    "Plan Rows": 44906,
                    "Plan Width": 8,
                    "Actual Startup Time": 366.738,
                    "Actual Total Time": 366.894,
                    "Actual Rows": 45396,
                    "Actual Loops": 2,
                    "Hash Buckets": 131072,
                    "Original Hash Buckets": 131072,
                    "Hash Batches": 1,
                    "Original Hash Batches": 1,
                    "Peak Memory Usage": 4608,
                    "Plans": [
                      {
                        "Node Type": "Hash Join",
                        "Parent Relationship": "Outer",
                        "Parallel Aware": true,
                        "Join Type": "Inner",
                        "Startup Cost": 29514.2,
                        "Total Cost": 90491.98,
                        "Plan Rows": 44906,
                        "Plan Width": 8,
                        "Actual Startup Time": 131.528,
                        "Actual Total Time": 354.853,
                        "Actual Rows": 45396,
                        "Actual Loops": 2,
                        "Inner Unique": false,
                        "Hash Cond": "(t.id = mc.movie_id)",
                        "Plans": [
                          {
                            "Node Type": "Seq Scan",
                            "Parent Relationship": "Outer",
                            "Parallel Aware": true,
                            "Relation Name": "title",
                            "Alias": "t",
                            "Startup Cost": 0.0,
                            "Total Cost": 58306.47,
                            "Plan Rows": 385145,
                            "Plan Width": 4,
                            "Actual Startup Time": 0.013,
                            "Actual Total Time": 143.792,
                            "Actual Rows": 355590,
                            "Actual Loops": 2,
                            "Filter": "((kind_id < 7) AND (production_year < 2008))",
                            "Rows Removed by Filter": 908566
                          },
                          {
                            "Node Type": "Hash",
                            "Parent Relationship": "Inner",
                            "Parallel Aware": true,
                            "Startup Cost": 27346.63,
                            "Total Cost": 27346.63,
                            "Plan Rows": 173406,
                            "Plan Width": 4,
                            "Actual Startup Time": 127.406,
                            "Actual Total Time": 127.408,
                            "Actual Rows": 146438,
                            "Actual Loops": 2,
                            "Hash Buckets": 524288,
                            "Original Hash Buckets": 524288,
                            "Hash Batches": 1,
                            "Original Hash Batches": 1,
                            "Peak Memory Usage": 15584,
                            "Plans": [
                              {
                                "Node Type": "Bitmap Heap Scan",
                                "Parent Relationship": "Outer",
                                "Parallel Aware": true,
                                "Relation Name": "movie_companies",
                                "Alias": "mc",
                                "Startup Cost": 6389.05,
                                "Total Cost": 27346.63,
                                "Plan Rows": 173406,
                                "Plan Width": 4,
                                "Actual Startup Time": 30.025,
                                "Actual Total Time": 87.546,
                                "Actual Rows": 146438,
                                "Actual Loops": 2,
                                "Recheck Cond": "(company_id < 160)",
                                "Rows Removed by Index Recheck": 0,
                                "Exact Heap Blocks": 10931,
                                "Lossy Heap Blocks": 0,
                                "Plans": [
                                  {
                                    "Node Type": "Bitmap Index Scan",
                                    "Parent Relationship": "Outer",
                                    "Parallel Aware": false,
                                    "Index Name": "company_id_movie_companies",
                                    "Startup Cost": 0.0,
                                    "Total Cost": 6315.35,
                                    "Plan Rows": 294790,
                                    "Plan Width": 0,
                                    "Actual Startup Time": 26.859,
                                    "Actual Total Time": 26.86,
                                    "Actual Rows": 292877,
                                    "Actual Loops": 1,
                                    "Index Cond": "(company_id < 160)"
                                  }
                                ]
                              }
                            ]
                          }
                        ]
                      }
                    ]
                  }
                ]
              }
            ]
          }
        ]
      }
    ]
  },
  "Planning Time": 0.873,
  "Triggers": [],
  "Execution Time": 794.206
}