{
  "Plan": {
    "Node Type": "Aggregate",
    "Strategy": "Plain",
    "Partial Mode": "Finalize",
    "Parallel Aware": false,
    "Startup Cost": 102361.19,
    "Total Cost": 102361.2,
    "Plan Rows": 1,
    "Plan Width": 8,
    "Actual Startup Time": 405.164,
    "Actual Total Time": 418.461,
    "Actual Rows": 1,
    "Actual Loops": 1,
    "Plans": [
      {
        "Node Type": "Gather",
        "Parent Relationship": "Outer",
        "Parallel Aware": false,
        "Startup Cost": 102361.08,
        "Total Cost": 102361.19,
        "Plan Rows": 1,
        "Plan Width": 8,
        "Actual Startup Time": 404.866,
        "Actual Total Time": 418.454,
        "Actual Rows": 2,
        "Actual Loops": 1,
        "Workers Planned": 1,
        "Workers Launched": 1,
        "Single Copy": false,
        "Plans": [
          {
            "Node Type": "Aggregate",
            "Strategy": "Plain",
            "Partial Mode": "Partial",
            "Parent Relationship": "Outer",
            "Parallel Aware": false,
            "Startup Cost": 101361.08,
            "Total Cost": 101361.09,
            "Plan Rows": 1,
            "Plan Width": 8,
            "Actual Startup Time": 398.5,
            "Actual Total Time": 398.505,
            "Actual Rows": 1,
            "Actual Loops": 2,
            "Plans": [
              {
                "Node Type": "Nested Loop",
                "Parent Relationship": "Outer",
                "Parallel Aware": false,
                "Join Type": "Inner",
                "Startup Cost": 21059.16,
                "Total Cost": 101317.0,
                "Plan Rows": 17630,
                "Plan Width": 0,
                "Actual Startup Time": 41.274,
                "Actual Total Time": 396.991,
                "Actual Rows": 29211,
                "Actual Loops": 2,
                "Inner Unique": false,
                "Plans": [
                  {
                    "Node Type": "Hash Join",
                    "Parent Relationship": "Outer",
                    "Parallel Aware": true,
                    "Join Type": "Inner",
                    "Startup Cost": 21058.73,
                    "Total Cost": 84021.9,
                    "Plan Rows": 32299,
                    "Plan Width": 8,
                    "Actual Startup Time": 40.794,
                    "Actual Total Time": 333.161,
                    "Actual Rows": 23344,
                    "Actual Loops": 2,
                    "Inner Unique": false,
                    "Hash Cond": "(t.id = mc.movie_id)",
                    "Plans": [
                      {
                        "Node Type": "Seq Scan",
                        "Parent Relationship": "Outer",
                        "Parallel Aware": true,
                        "Relation Name": "title",
                        "Alias": "t",
                        "Startup Cost": 0.0,
                        "Total Cost": 54588.39,
                        "Plan Rows": 1309566,
                        "Plan Width": 4,
                        "Actual Startup Time": 0.013,
                        "Actual Total Time": 161.524,
                        "Actual Rows": 1107409,
                        "Actual Loops": 2,
                        "Filter": "(production_year > 1959)",
                        "Rows Removed by Filter": 156747
                      },
                      {
                        "Node Type": "Hash",
                        "Parent Relationship": "Inner",
                        "Parallel Aware": true,
                        "Startup Cost": 20600.22,
                        "Total Cost": 20600.22,
                        "Plan Rows": 36681,
                        "Plan Width": 4,
                        "Actual Startup Time": 39.471,
                        "Actual Total Time": 39.472,
                        "Actual Rows": 31038,
                        "Actual Loops": 2,
                        "Hash Buckets": 65536,
                        "Original Hash Buckets": 65536,
                        "Hash Batches": 1,
                        "Original Hash Batches": 1,
                        "Peak Memory Usage": 2976,
                        "Plans": [
                          {
                            "Node Type": "Bitmap Heap Scan",
                            "Parent Relationship": "Outer",
                            "Parallel Aware": true,
                            "Relation Name": "movie_companies",
                            "Alias": "mc",
                            "Startup Cost": 1351.7,
                            "Total Cost": 20600.22,
                            "Plan Rows": 36681,
                            "Plan Width": 4,
                            "Actual Startup Time": 6.894,
                            "Actual Total Time": 26.79,
                            "Actual Rows": 31038,
                            "Actual Loops": 2,
                            "Recheck Cond": "(company_id = 6)",
                            "Rows Removed by Index Recheck": 0,
                            "Exact Heap Blocks": 4157,
                            "Lossy Heap Blocks": 0,
                            "Plans": [
                              {
                                "Node Type": "Bitmap Index Scan",
                                "Parent Relationship": "Outer",
                                "Parallel Aware": false,
                                "Index Name": "company_id_movie_companies",
                                "Startup Cost": 0.0,
                                "Total Cost": 1336.12,
                                "Plan Rows": 62358,
                                "Plan Width": 0,
                                "Actual Startup Time": 9.284,
                                "Actual Total Time": 9.285,
                                "Actual Rows": 62075,
                                "Actual Loops": 1,
                                "Index Cond": "(company_id = 6)"
                              }
                            ]
                          }
                        ]
                      }
                    ]
                  },
                  {
                    "Node Type": "Index Only Scan",
                    "Parent Relationship": "Inner",
                    "Parallel Aware": false,
                    "Scan Direction": "Forward",
                    "Index Name": "movie_id_movie_info_idx",
                    "Relation Name": "movie_info_idx",
                    "Alias": "mi_idx",
                    "Startup Cost": 0.43,
                    "Total Cost": 0.51,
                    "Plan Rows": 3,
                    "Plan Width": 4,
                    "Actual Startup Time": 0.002,
                    "Actual Total Time": 0.002,
                    "Actual Rows": 1,
                    "Actual Loops": 46688,
                    "Index Cond": "(movie_id = t.id)",
                    "Rows Removed by Index Recheck": 0,
                    "Heap Fetches": 58422
                  }
                ]
              }
            ]
          }
        ]
      }
    ]
  },
  "Planning Time": 1.16,
  "Triggers": [],
  "Execution Time": 418.57
}