{
  "Plan": {
    "Node Type": "Aggregate",
    "Strategy": "Plain",
    "Partial Mode": "Finalize",
    "Parallel Aware": false,
    "Startup Cost": 122186.23,
    "Total Cost": 122186.24,
    "Plan Rows": 1,
    "Plan Width": 8,
    "Actual Startup Time": 821.509,
    "Actual Total Time": 835.768,
    "Actual Rows": 1,
    "Actual Loops": 1,
    "Plans": [
      {
        "Node Type": "Gather",
        "Parent Relationship": "Outer",
        "Parallel Aware": false,
        "Startup Cost": 122186.12,
        "Total Cost": 122186.23,
        "Plan Rows": 1,
        "Plan Width": 8,
        "Actual Startup Time": 819.516,
        "Actual Total Time": 835.76,
        "Actual Rows": 2,
        "Actual Loops": 1,
        "Workers Planned": 1,
        "Workers Launched": 1,
        "Single Copy": false,
        "Plans": [
          {
            "Node Type": "Aggregate",
            "Strategy": "Plain",
            "Partial Mode": "Partial",
            "Parent Relationship": "Outer",
            "Parallel Aware": false,
            "Startup Cost": 121186.12,
            "Total Cost": 121186.13,
            "Plan Rows": 1,
            "Plan Width": 8,
            "Actual Startup Time": 812.97,
            "Actual Total Time": 812.977,
            "Actual Rows": 1,
            "Actual Loops": 2,
            "Plans": [
              {
                "Node Type": "Hash Join",
                "Parent Relationship": "Outer",
                "Parallel Aware": true,
                "Join Type": "Inner",
                "Startup Cost": 101643.84,
                "Total Cost": 121056.24,
                "Plan Rows": 51953,
                "Plan Width": 0,
                "Actual Startup Time": 682.285,
                "Actual Total Time": 808.342,
                "Actual Rows": 115514,
                "Actual Loops": 2,
                "Inner Unique": false,
                "Hash Cond": "(mi_idx.movie_id = t.id)",
                "Plans": [
                  {
                    "Node Type": "Seq Scan",
                    "Parent Relationship": "Outer",
                    "Parallel Aware": true,
                    "Relation Name": "movie_info_idx",
                    "Alias": "mi_idx",
                    "Startup Cost": 0.0,
                    "Total Cost": 18082.32,
                    "Plan Rows": 273193,
                    "Plan Width": 4,
                    "Actual Startup Time": 0.028,
                    "Actual Total Time": 52.065,
                    "Actual Rows": 229962,
                    "Actual Loops": 2,
                    "Filter": "(info_type_id = 100)",
                    "Rows Removed by Filter": 460055
                  },
                  {
                    "Node Type": "Hash",
                    "Parent Relationship": "Inner",
                    "Parallel Aware": true,
                    "Startup Cost": 98108.51,
                    "Total Cost": 98108.51,
                    "Plan Rows": 282826,
                    "Plan Width": 8,
                    "Actual Startup Time": 676.547,
                    "Actual Total Time": 676.552,
                    "Actual Rows": 238576,
                    "Actual Loops": 2,
                    "Hash Buckets": 524288,
                    "Original Hash Buckets": 524288,
                    "Hash Batches": 1,
                    "Original Hash Batches": 1,
                    "Peak Memory Usage": 22816,
                    "Plans": [
                      {
                        "Node Type": "Hash Join",
                        "Parent Relationship": "Outer",
                        "Parallel Aware": true,
                        "Join Type": "Inner",
                        "Startup Cost": 36279.32,
                        "Total Cost": 98108.51,
                        "Plan Rows": 282826,
                        "Plan Width": 8,
                        "Actual Startup Time": 166.861,
                        "Actual Total Time": 607.747,
                        "Actual Rows": 238576,
                        "Actual Loops": 2,
                        "Inner Unique": false,
                        "Hash Cond": "(t.id = mc.movie_id)",
                        "Plans": [
                          {
                            "Node Type": "Seq Scan",
                            "Parent Relationship": "Outer",
                            "Parallel Aware": true,
                            "Relation Name": "title",
                            "Alias": "t",
                            "Startup Cost": 0.0,
                            "Total Cost": 50870.31,
                            "Plan Rows": 1487231,
                            "Plan Width": 4,
                            "Actual Startup Time": 0.01,
                            "Actual Total Time": 125.314,
                            "Actual Rows": 1264156,
                            "Actual Loops": 2
                          },
                          {
                            "Node Type": "Hash",
                            "Parent Relationship": "Inner",
                            "Parallel Aware": true,
                            "Startup Cost": 32744.0,
                            "Total Cost": 32744.0,
                            "Plan Rows": 282826,
                            "Plan Width": 4,
                            "Actual Startup Time": 163.301,
                            "Actual Total Time": 163.302,
                            "Actual Rows": 238576,
                            "Actual Loops": 2,
                            "Hash Buckets": 524288,
                            "Original Hash Buckets": 524288,
                            "Hash Batches": 1,
                            "Original Hash Batches": 1,
                            "Peak Memory Usage": 22784,
                            "Plans": [
                              {
                                "Node Type": "Bitmap Heap Scan",
                                "Parent Relationship": "Outer",
                                "Parallel Aware": true,
                                "Relation Name": "movie_companies",
                                "Alias": "mc",
                                "Startup Cost": 10418.67,
                                "Total Cost": 32744.0,
                                "Plan Rows": 282826,
                                "Plan Width": 4,
                                "Actual Startup Time": 30.606,
                                "Actual Total Time": 98.304,
                                "Actual Rows": 238576,
                                "Actual Loops": 2,
                                "Recheck Cond": "(company_id < 424)",
                                "Rows Removed by Index Recheck": 0,
                                "Exact Heap Blocks": 10972,
                                "Lossy Heap Blocks": 0,
                                "Plans": [
                                  {
                                    "Node Type": "Bitmap Index Scan",
                                    "Parent Relationship": "Outer",
                                    "Parallel Aware": false,
                                    "Index Name": "company_id_movie_companies",
                                    "Startup Cost": 0.0,
                                    "Total Cost": 10298.47,
                                    "Plan Rows": 480805,
                                    "Plan Width": 0,
                                    "Actual Startup Time": 27.798,
                                    "Actual Total Time": 27.798,
                                    "Actual Rows": 477152,
                                    "Actual Loops": 1,
                                    "Index Cond": "(company_id < 424)"
                                  }
                                ]
                              }
                            ]
                          }
                        ]
                      }
                    ]
                  }
                ]
              }
            ]
          }
        ]
      }
    ]
  },
  "Planning Time": 0.895,
  "Triggers": [],
  "Execution Time": 835.872
}