[
    {
        "Bao": {
            "Bao prediction": "NaN",
            "Bao recommended hint": "(no hint)"
        }
    },
    {
        "Plan": {
            "Node Type": "Aggregate",
            "Strategy": "Plain",
            "Partial Mode": "Finalize",
            "Parallel Aware": false,
            "Startup Cost": 92251.62,
            "Total Cost": 92251.63,
            "Plan Rows": 1,
            "Plan Width": 8,
            "Actual Startup Time": 594.543,
            "Actual Total Time": 606.43,
            "Actual Rows": 1,
            "Actual Loops": 1,
            "Output": [
                "count(*)"
            ],
            "Plans": [
                {
                    "Node Type": "Gather",
                    "Parent Relationship": "Outer",
                    "Parallel Aware": false,
                    "Startup Cost": 92251.2,
                    "Total Cost": 92251.61,
                    "Plan Rows": 4,
                    "Plan Width": 8,
                    "Actual Startup Time": 594.535,
                    "Actual Total Time": 606.425,
                    "Actual Rows": 5,
                    "Actual Loops": 1,
                    "Output": [
                        "(PARTIAL count(*))"
                    ],
                    "Workers Planned": 4,
                    "Workers Launched": 4,
                    "Single Copy": false,
                    "Plans": [
                        {
                            "Node Type": "Aggregate",
                            "Strategy": "Plain",
                            "Partial Mode": "Partial",
                            "Parent Relationship": "Outer",
                            "Parallel Aware": false,
                            "Startup Cost": 91251.2,
                            "Total Cost": 91251.21,
                            "Plan Rows": 1,
                            "Plan Width": 8,
                            "Actual Startup Time": 579.785,
                            "Actual Total Time": 579.786,
                            "Actual Rows": 1,
                            "Actual Loops": 5,
                            "Output": [
                                "PARTIAL count(*)"
                            ],
                            "Workers": [
                                {
                                    "Worker Number": 0,
                                    "Actual Startup Time": 576.198,
                                    "Actual Total Time": 576.199,
                                    "Actual Rows": 1,
                                    "Actual Loops": 1
                                },
                                {
                                    "Worker Number": 1,
                                    "Actual Startup Time": 577.986,
                                    "Actual Total Time": 577.987,
                                    "Actual Rows": 1,
                                    "Actual Loops": 1
                                },
                                {
                                    "Worker Number": 2,
                                    "Actual Startup Time": 576.49,
                                    "Actual Total Time": 576.492,
                                    "Actual Rows": 1,
                                    "Actual Loops": 1
                                },
                                {
                                    "Worker Number": 3,
                                    "Actual Startup Time": 574.08,
                                    "Actual Total Time": 574.081,
                                    "Actual Rows": 1,
                                    "Actual Loops": 1
                                }
                            ],
                            "Plans": [
                                {
                                    "Node Type": "Nested Loop",
                                    "Parent Relationship": "Outer",
                                    "Parallel Aware": false,
                                    "Join Type": "Inner",
                                    "Startup Cost": 0.87,
                                    "Total Cost": 91202.88,
                                    "Plan Rows": 19328,
                                    "Plan Width": 0,
                                    "Actual Startup Time": 52.03,
                                    "Actual Total Time": 523.195,
                                    "Actual Rows": 1310584,
                                    "Actual Loops": 5,
                                    "Inner Unique": false,
                                    "Join Filter": "(t.id = mi.movie_id)",
                                    "Rows Removed by Join Filter": 0,
                                    "Workers": [
                                        {
                                            "Worker Number": 0,
                                            "Actual Startup Time": 49.486,
                                            "Actual Total Time": 520.049,
                                            "Actual Rows": 852049,
                                            "Actual Loops": 1
                                        },
                                        {
                                            "Worker Number": 1,
                                            "Actual Startup Time": 49.746,
                                            "Actual Total Time": 524.398,
                                            "Actual Rows": 1339581,
                                            "Actual Loops": 1
                                        },
                                        {
                                            "Worker Number": 2,
                                            "Actual Startup Time": 49.831,
                                            "Actual Total Time": 521.193,
                                            "Actual Rows": 1385576,
                                            "Actual Loops": 1
                                        },
                                        {
                                            "Worker Number": 3,
                                            "Actual Startup Time": 50.19,
                                            "Actual Total Time": 516.044,
                                            "Actual Rows": 1450304,
                                            "Actual Loops": 1
                                        }
                                    ],
                                    "Plans": [
                                        {
                                            "Node Type": "Nested Loop",
                                            "Parent Relationship": "Outer",
                                            "Parallel Aware": false,
                                            "Join Type": "Inner",
                                            "Startup Cost": 0.43,
                                            "Total Cost": 78485.37,
                                            "Plan Rows": 7918,
                                            "Plan Width": 8,
                                            "Actual Startup Time": 51.944,
                                            "Actual Total Time": 92.262,
                                            "Actual Rows": 13767,
                                            "Actual Loops": 5,
                                            "Output": [
                                                "t.id",
                                                "mk.movie_id"
                                            ],
                                            "Inner Unique": false,
                                            "Workers": [
                                                {
                                                    "Worker Number": 0,
                                                    "Actual Startup Time": 49.343,
                                                    "Actual Total Time": 88.44,
                                                    "Actual Rows": 9066,
                                                    "Actual Loops": 1
                                                },
                                                {
                                                    "Worker Number": 1,
                                                    "Actual Startup Time": 49.666,
                                                    "Actual Total Time": 100.993,
                                                    "Actual Rows": 16254,
                                                    "Actual Loops": 1
                                                },
                                                {
                                                    "Worker Number": 2,
                                                    "Actual Startup Time": 49.743,
                                                    "Actual Total Time": 96.418,
                                                    "Actual Rows": 14692,
                                                    "Actual Loops": 1
                                                },
                                                {
                                                    "Worker Number": 3,
                                                    "Actual Startup Time": 50.093,
                                                    "Actual Total Time": 85.309,
                                                    "Actual Rows": 12219,
                                                    "Actual Loops": 1
                                                }
                                            ],
                                            "Plans": [
                                                {
                                                    "Node Type": "Seq Scan",
                                                    "Parent Relationship": "Outer",
                                                    "Parallel Aware": true,
                                                    "Relation Name": "title",
                                                    "Schema": "public",
                                                    "Alias": "t",
                                                    "Startup Cost": 0.0,
                                                    "Total Cost": 45479.21,
                                                    "Plan Rows": 4425,
                                                    "Plan Width": 4,
                                                    "Actual Startup Time": 50.409,
                                                    "Actual Total Time": 70.774,
                                                    "Actual Rows": 1941,
                                                    "Actual Loops": 5,
                                                    "Output": [
                                                        "t.id",
                                                        "t.title",
                                                        "t.imdb_index",
                                                        "t.kind_id",
                                                        "t.production_year",
                                                        "t.imdb_id",
                                                        "t.phonetic_code",
                                                        "t.episode_of_id",
                                                        "t.season_nr",
                                                        "t.episode_nr",
                                                        "t.series_years",
                                                        "t.md5sum"
                                                    ],
                                                    "Filter": "((t.kind_id = 1) AND (t.production_year = 2002))",
                                                    "Rows Removed by Filter": 503722,
                                                    "Workers": [
                                                        {
                                                            "Worker Number": 0,
                                                            "Actual Startup Time": 49.022,
                                                            "Actual Total Time": 66.57,
                                                            "Actual Rows": 1242,
                                                            "Actual Loops": 1
                                                        },
                                                        {
                                                            "Worker Number": 1,
                                                            "Actual Startup Time": 45.402,
                                                            "Actual Total Time": 72.895,
                                                            "Actual Rows": 2437,
                                                            "Actual Loops": 1
                                                        },
                                                        {
                                                            "Worker Number": 2,
                                                            "Actual Startup Time": 46.781,
                                                            "Actual Total Time": 70.2,
                                                            "Actual Rows": 2254,
                                                            "Actual Loops": 1
                                                        },
                                                        {
                                                            "Worker Number": 3,
                                                            "Actual Startup Time": 50.0,
                                                            "Actual Total Time": 65.633,
                                                            "Actual Rows": 1573,
                                                            "Actual Loops": 1
                                                        }
                                                    ]
                                                },
                                                {
                                                    "Node Type": "Index Only Scan",
                                                    "Parent Relationship": "Inner",
                                                    "Parallel Aware": false,
                                                    "Scan Direction": "Forward",
                                                    "Index Name": "movie_id_movie_keyword",
                                                    "Relation Name": "movie_keyword",
                                                    "Schema": "public",
                                                    "Alias": "mk",
                                                    "Startup Cost": 0.43,
                                                    "Total Cost": 7.0,
                                                    "Plan Rows": 46,
                                                    "Plan Width": 4,
                                                    "Actual Startup Time": 0.009,
                                                    "Actual Total Time": 0.01,
                                                    "Actual Rows": 7,
                                                    "Actual Loops": 9704,
                                                    "Output": [
                                                        "mk.movie_id"
                                                    ],
                                                    "Index Cond": "(mk.movie_id = t.id)",
                                                    "Rows Removed by Index Recheck": 0,
                                                    "Heap Fetches": 68834,
                                                    "Workers": [
                                                        {
                                                            "Worker Number": 0,
                                                            "Actual Startup Time": 0.014,
                                                            "Actual Total Time": 0.016,
                                                            "Actual Rows": 7,
                                                            "Actual Loops": 1242
                                                        },
                                                        {
                                                            "Worker Number": 1,
                                                            "Actual Startup Time": 0.009,
                                                            "Actual Total Time": 0.011,
                                                            "Actual Rows": 7,
                                                            "Actual Loops": 2437
                                                        },
                                                        {
                                                            "Worker Number": 2,
                                                            "Actual Startup Time": 0.01,
                                                            "Actual Total Time": 0.011,
                                                            "Actual Rows": 7,
                                                            "Actual Loops": 2254
                                                        },
                                                        {
                                                            "Worker Number": 3,
                                                            "Actual Startup Time": 0.01,
                                                            "Actual Total Time": 0.011,
                                                            "Actual Rows": 8,
                                                            "Actual Loops": 1573
                                                        }
                                                    ]
                                                }
                                            ]
                                        },
                                        {
                                            "Node Type": "Index Scan",
                                            "Parent Relationship": "Inner",
                                            "Parallel Aware": false,
                                            "Scan Direction": "Forward",
                                            "Index Name": "movie_id_movie_info",
                                            "Relation Name": "movie_info",
                                            "Schema": "public",
                                            "Alias": "mi",
                                            "Startup Cost": 0.43,
                                            "Total Cost": 1.41,
                                            "Plan Rows": 16,
                                            "Plan Width": 4,
                                            "Actual Startup Time": 0.004,
                                            "Actual Total Time": 0.023,
                                            "Actual Rows": 95,
                                            "Actual Loops": 68834,
                                            "Output": [
                                                "mi.id",
                                                "mi.movie_id",
                                                "mi.info_type_id",
                                                "mi.info",
                                                "mi.note"
                                            ],
                                            "Index Cond": "(mi.movie_id = mk.movie_id)",
                                            "Rows Removed by Index Recheck": 0,
                                            "Filter": "(mi.info_type_id > 8)",
                                            "Rows Removed by Filter": 25,
                                            "Workers": [
                                                {
                                                    "Worker Number": 0,
                                                    "Actual Startup Time": 0.006,
                                                    "Actual Total Time": 0.036,
                                                    "Actual Rows": 94,
                                                    "Actual Loops": 9066
                                                },
                                                {
                                                    "Worker Number": 1,
                                                    "Actual Startup Time": 0.004,
                                                    "Actual Total Time": 0.02,
                                                    "Actual Rows": 82,
                                                    "Actual Loops": 16254
                                                },
                                                {
                                                    "Worker Number": 2,
                                                    "Actual Startup Time": 0.004,
                                                    "Actual Total Time": 0.022,
                                                    "Actual Rows": 94,
                                                    "Actual Loops": 14692
                                                },
                                                {
                                                    "Worker Number": 3,
                                                    "Actual Startup Time": 0.004,
                                                    "Actual Total Time": 0.026,
                                                    "Actual Rows": 119,
                                                    "Actual Loops": 12219
                                                }
                                            ]
                                        }
                                    ]
                                }
                            ]
                        }
                    ]
                }
            ]
        },
        "Planning Time": 174.893,
        "Triggers": [],
        "Execution Time": 606.49
    }
]