[
  {
    "Plan": {
      "Node Type": "Aggregate",
      "Strategy": "Plain",
      "Partial Mode": "Finalize",
      "Parallel Aware": false,
      "Startup Cost": 334897.65,
      "Total Cost": 334897.66,
      "Plan Rows": 1,
      "Plan Width": 8,
      "Actual Startup Time": 725.714,
      "Actual Total Time": 786.061,
      "Actual Rows": 1,
      "Actual Loops": 1,
      "Plans": [
        {
          "Node Type": "Gather",
          "Parent Relationship": "Outer",
          "Parallel Aware": false,
          "Startup Cost": 334897.03,
          "Total Cost": 334897.64,
          "Plan Rows": 6,
          "Plan Width": 8,
          "Actual Startup Time": 725.597,
          "Actual Total Time": 786.05,
          "Actual Rows": 7,
          "Actual Loops": 1,
          "Workers Planned": 6,
          "Workers Launched": 6,
          "Single Copy": false,
          "Plans": [
            {
              "Node Type": "Aggregate",
              "Strategy": "Plain",
              "Partial Mode": "Partial",
              "Parent Relationship": "Outer",
              "Parallel Aware": false,
              "Startup Cost": 333897.03,
              "Total Cost": 333897.04,
              "Plan Rows": 1,
              "Plan Width": 8,
              "Actual Startup Time": 717.506,
              "Actual Total Time": 717.507,
              "Actual Rows": 1,
              "Actual Loops": 7,
              "Plans": [
                {
                  "Node Type": "Seq Scan",
                  "Parent Relationship": "Outer",
                  "Parallel Aware": true,
                  "Relation Name": "cast_info",
                  "Alias": "ci",
                  "Startup Cost": 0.0,
                  "Total Cost": 328162.03,
                  "Plan Rows": 2294000,
                  "Plan Width": 0,
                  "Actual Startup Time": 0.044,
                  "Actual Total Time": 620.53,
                  "Actual Rows": 1970958,
                  "Actual Loops": 7,
                  "Filter": "(person_id < 1358104)",
                  "Rows Removed by Filter": 3206806
                }
              ]
            }
          ]
        }
      ]
    },
    "Planning Time": 0.205,
    "Triggers": [],
    "Execution Time": 786.136
  }
]