[
  {
    "Plan": {
      "Node Type": "Aggregate",
      "Strategy": "Plain",
      "Partial Mode": "Finalize",
      "Parallel Aware": false,
      "Startup Cost": 207038.09,
      "Total Cost": 207038.1,
      "Plan Rows": 1,
      "Plan Width": 8,
      "Actual Startup Time": 516.07,
      "Actual Total Time": 556.219,
      "Actual Rows": 1,
      "Actual Loops": 1,
      "Plans": [
        {
          "Node Type": "Gather",
          "Parent Relationship": "Outer",
          "Parallel Aware": false,
          "Startup Cost": 207037.57,
          "Total Cost": 207038.08,
          "Plan Rows": 5,
          "Plan Width": 8,
          "Actual Startup Time": 515.934,
          "Actual Total Time": 556.204,
          "Actual Rows": 6,
          "Actual Loops": 1,
          "Workers Planned": 5,
          "Workers Launched": 5,
          "Single Copy": false,
          "Plans": [
            {
              "Node Type": "Aggregate",
              "Strategy": "Plain",
              "Partial Mode": "Partial",
              "Parent Relationship": "Outer",
              "Parallel Aware": false,
              "Startup Cost": 206037.57,
              "Total Cost": 206037.58,
              "Plan Rows": 1,
              "Plan Width": 8,
              "Actual Startup Time": 510.153,
              "Actual Total Time": 510.154,
              "Actual Rows": 1,
              "Actual Loops": 6,
              "Plans": [
                {
                  "Node Type": "Seq Scan",
                  "Parent Relationship": "Outer",
                  "Parallel Aware": true,
                  "Relation Name": "movie_info",
                  "Alias": "mi",
                  "Startup Cost": 0.0,
                  "Total Cost": 199108.24,
                  "Plan Rows": 2771729,
                  "Plan Width": 0,
                  "Actual Startup Time": 0.044,
                  "Actual Total Time": 402.427,
                  "Actual Rows": 2309500,
                  "Actual Loops": 6,
                  "Filter": "(info_type_id < 91)",
                  "Rows Removed by Filter": 163120
                }
              ]
            }
          ]
        }
      ]
    },
    "Planning Time": 0.173,
    "Triggers": [],
    "Execution Time": 556.282
  }
]