[
  {
    "Plan": {
      "Node Type": "Aggregate",
      "Strategy": "Plain",
      "Partial Mode": "Finalize",
      "Parallel Aware": false,
      "Startup Cost": 178592.57,
      "Total Cost": 178592.58,
      "Plan Rows": 1,
      "Plan Width": 8,
      "Actual Startup Time": 2207.135,
      "Actual Total Time": 2292.986,
      "Actual Rows": 1,
      "Actual Loops": 1,
      "Plans": [
        {
          "Node Type": "Gather",
          "Parent Relationship": "Outer",
          "Parallel Aware": false,
          "Startup Cost": 178592.26,
          "Total Cost": 178592.57,
          "Plan Rows": 3,
          "Plan Width": 8,
          "Actual Startup Time": 2196.441,
          "Actual Total Time": 2292.975,
          "Actual Rows": 4,
          "Actual Loops": 1,
          "Workers Planned": 3,
          "Workers Launched": 3,
          "Single Copy": false,
          "Plans": [
            {
              "Node Type": "Aggregate",
              "Strategy": "Plain",
              "Partial Mode": "Partial",
              "Parent Relationship": "Outer",
              "Parallel Aware": false,
              "Startup Cost": 177592.26,
              "Total Cost": 177592.27,
              "Plan Rows": 1,
              "Plan Width": 8,
              "Actual Startup Time": 2183.239,
              "Actual Total Time": 2183.244,
              "Actual Rows": 1,
              "Actual Loops": 4,
              "Plans": [
                {
                  "Node Type": "Nested Loop",
                  "Parent Relationship": "Outer",
                  "Parallel Aware": false,
                  "Join Type": "Inner",
                  "Startup Cost": 53232.38,
                  "Total Cost": 175952.6,
                  "Plan Rows": 655861,
                  "Plan Width": 0,
                  "Actual Startup Time": 389.888,
                  "Actual Total Time": 2078.931,
                  "Actual Rows": 1946508,
                  "Actual Loops": 4,
                  "Inner Unique": false,
                  "Plans": [
                    {
                      "Node Type": "Hash Join",
                      "Parent Relationship": "Outer",
                      "Parallel Aware": true,
                      "Join Type": "Inner",
                      "Startup Cost": 53231.81,
                      "Total Cost": 78377.69,
                      "Plan Rows": 45744,
                      "Plan Width": 8,
                      "Actual Startup Time": 389.766,
                      "Actual Total Time": 439.318,
                      "Actual Rows": 35279,
                      "Actual Loops": 4,
                      "Inner Unique": true,
                      "Hash Cond": "(mk.movie_id = t.id)",
                      "Plans": [
                        {
                          "Node Type": "Bitmap Heap Scan",
                          "Parent Relationship": "Outer",
                          "Parallel Aware": true,
                          "Relation Name": "movie_keyword",
                          "Alias": "mk",
                          "Startup Cost": 3011.43,
                          "Total Cost": 28037.23,
                          "Plan Rows": 45744,
                          "Plan Width": 4,
                          "Actual Startup Time": 11.898,
                          "Actual Total Time": 39.594,
                          "Actual Rows": 35279,
                          "Actual Loops": 4,
                          "Recheck Cond": "(keyword_id > 74891)",
                          "Rows Removed by Index Recheck": 0,
                          "Exact Heap Blocks": 6345,
                          "Lossy Heap Blocks": 0,
                          "Plans": [
                            {
                              "Node Type": "Bitmap Index Scan",
                              "Parent Relationship": "Outer",
                              "Parallel Aware": false,
                              "Index Name": "keyword_id_movie_keyword",
                              "Startup Cost": 0.0,
                              "Total Cost": 2975.98,
                              "Plan Rows": 141806,
                              "Plan Width": 0,
                              "Actual Startup Time": 9.082,
                              "Actual Total Time": 9.083,
                              "Actual Rows": 141116,
                              "Actual Loops": 1,
                              "Index Cond": "(keyword_id > 74891)"
                            }
                          ]
                        },
                        {
                          "Node Type": "Hash",
                          "Parent Relationship": "Inner",
                          "Parallel Aware": true,
                          "Startup Cost": 42319.06,
                          "Total Cost": 42319.06,
                          "Plan Rows": 632106,
                          "Plan Width": 4,
                          "Actual Startup Time": 368.502,
                          "Actual Total Time": 368.502,
                          "Actual Rows": 632078,
                          "Actual Loops": 4,
                          "Hash Buckets": 4194304,
                          "Original Hash Buckets": 4194304,
                          "Hash Batches": 1,
                          "Original Hash Batches": 1,
                          "Peak Memory Usage": 131744,
                          "Plans": [
                            {
                              "Node Type": "Seq Scan",
                              "Parent Relationship": "Outer",
                              "Parallel Aware": true,
                              "Relation Name": "title",
                              "Alias": "t",
                              "Startup Cost": 0.0,
                              "Total Cost": 42319.06,
                              "Plan Rows": 632106,
                              "Plan Width": 4,
                              "Actual Startup Time": 0.042,
                              "Actual Total Time": 111.692,
                              "Actual Rows": 632078,
                              "Actual Loops": 4
                            }
                          ]
                        }
                      ]
                    },
                    {
                      "Node Type": "Index Only Scan",
                      "Parent Relationship": "Inner",
                      "Parallel Aware": false,
                      "Scan Direction": "Forward",
                      "Index Name": "movie_id_cast_info",
                      "Relation Name": "cast_info",
                      "Alias": "ci",
                      "Startup Cost": 0.56,
                      "Total Cost": 1.78,
                      "Plan Rows": 35,
                      "Plan Width": 4,
                      "Actual Startup Time": 0.005,
                      "Actual Total Time": 0.042,
                      "Actual Rows": 55,
                      "Actual Loops": 141116,
                      "Index Cond": "(movie_id = t.id)",
                      "Rows Removed by Index Recheck": 0,
                      "Heap Fetches": 7786034
                    }
                  ]
                }
              ]
            }
          ]
        }
      ]
    },
    "Planning Time": 0.671,
    "Triggers": [],
    "Execution Time": 2293.075
  }
]