[
  {
    "Plan": {
      "Node Type": "Aggregate",
      "Strategy": "Plain",
      "Partial Mode": "Finalize",
      "Parallel Aware": false,
      "Startup Cost": 31056.61,
      "Total Cost": 31056.62,
      "Plan Rows": 1,
      "Plan Width": 8,
      "Actual Startup Time": 90.295,
      "Actual Total Time": 97.889,
      "Actual Rows": 1,
      "Actual Loops": 1,
      "Plans": [
        {
          "Node Type": "Gather",
          "Parent Relationship": "Outer",
          "Parallel Aware": false,
          "Startup Cost": 31056.29,
          "Total Cost": 31056.6,
          "Plan Rows": 3,
          "Plan Width": 8,
          "Actual Startup Time": 90.148,
          "Actual Total Time": 97.881,
          "Actual Rows": 4,
          "Actual Loops": 1,
          "Workers Planned": 3,
          "Workers Launched": 3,
          "Single Copy": false,
          "Plans": [
            {
              "Node Type": "Aggregate",
              "Strategy": "Plain",
              "Partial Mode": "Partial",
              "Parent Relationship": "Outer",
              "Parallel Aware": false,
              "Startup Cost": 30056.29,
              "Total Cost": 30056.3,
              "Plan Rows": 1,
              "Plan Width": 8,
              "Actual Startup Time": 83.597,
              "Actual Total Time": 83.598,
              "Actual Rows": 1,
              "Actual Loops": 4,
              "Plans": [
                {
                  "Node Type": "Seq Scan",
                  "Parent Relationship": "Outer",
                  "Parallel Aware": true,
                  "Relation Name": "movie_companies",
                  "Alias": "mc",
                  "Startup Cost": 0.0,
                  "Total Cost": 29310.68,
                  "Plan Rows": 298245,
                  "Plan Width": 0,
                  "Actual Startup Time": 15.02,
                  "Actual Total Time": 72.996,
                  "Actual Rows": 228843,
                  "Actual Loops": 4,
                  "Filter": "(company_id > 20427)",
                  "Rows Removed by Filter": 423439
                }
              ]
            }
          ]
        }
      ]
    },
    "Planning Time": 0.091,
    "Triggers": [],
    "Execution Time": 97.927
  }
]