{
    "Plan": {
        "Node Type": "Aggregate",
        "Strategy": "Plain",
        "Partial Mode": "Finalize",
        "Parallel Aware": false,
        "Startup Cost": 197825.02,
        "Total Cost": 197825.03,
        "Plan Rows": 1,
        "Plan Width": 8,
        "Actual Startup Time": 1095.987,
        "Actual Total Time": 1151.777,
        "Actual Rows": 1,
        "Actual Loops": 1,
        "Output": [
            "count(*)"
        ],
        "Plans": [
            {
                "Node Type": "Gather",
                "Parent Relationship": "Outer",
                "Parallel Aware": false,
                "Startup Cost": 197824.5,
                "Total Cost": 197825.01,
                "Plan Rows": 5,
                "Plan Width": 8,
                "Actual Startup Time": 1095.334,
                "Actual Total Time": 1151.767,
                "Actual Rows": 6,
                "Actual Loops": 1,
                "Output": [
                    "(PARTIAL count(*))"
                ],
                "Workers Planned": 5,
                "Workers Launched": 5,
                "Single Copy": false,
                "Plans": [
                    {
                        "Node Type": "Aggregate",
                        "Strategy": "Plain",
                        "Partial Mode": "Partial",
                        "Parent Relationship": "Outer",
                        "Parallel Aware": false,
                        "Startup Cost": 196824.5,
                        "Total Cost": 196824.51,
                        "Plan Rows": 1,
                        "Plan Width": 8,
                        "Actual Startup Time": 1084.479,
                        "Actual Total Time": 1084.482,
                        "Actual Rows": 1,
                        "Actual Loops": 6,
                        "Output": [
                            "PARTIAL count(*)"
                        ],
                        "Workers": [
                            {
                                "Worker Number": 0,
                                "Actual Startup Time": 1081.799,
                                "Actual Total Time": 1081.802,
                                "Actual Rows": 1,
                                "Actual Loops": 1
                            },
                            {
                                "Worker Number": 1,
                                "Actual Startup Time": 1082.615,
                                "Actual Total Time": 1082.619,
                                "Actual Rows": 1,
                                "Actual Loops": 1
                            },
                            {
                                "Worker Number": 2,
                                "Actual Startup Time": 1082.356,
                                "Actual Total Time": 1082.359,
                                "Actual Rows": 1,
                                "Actual Loops": 1
                            },
                            {
                                "Worker Number": 3,
                                "Actual Startup Time": 1082.447,
                                "Actual Total Time": 1082.449,
                                "Actual Rows": 1,
                                "Actual Loops": 1
                            },
                            {
                                "Worker Number": 4,
                                "Actual Startup Time": 1083.103,
                                "Actual Total Time": 1083.106,
                                "Actual Rows": 1,
                                "Actual Loops": 1
                            }
                        ],
                        "Plans": [
                            {
                                "Node Type": "Nested Loop",
                                "Parent Relationship": "Outer",
                                "Parallel Aware": false,
                                "Join Type": "Inner",
                                "Startup Cost": 44265.29,
                                "Total Cost": 196698.42,
                                "Plan Rows": 50432,
                                "Plan Width": 0,
                                "Actual Startup Time": 93.661,
                                "Actual Total Time": 1042.695,
                                "Actual Rows": 781409,
                                "Actual Loops": 6,
                                "Inner Unique": false,
                                "Join Filter": "(t.id = mi.movie_id)",
                                "Rows Removed by Join Filter": 0,
                                "Workers": [
                                    {
                                        "Worker Number": 0,
                                        "Actual Startup Time": 91.141,
                                        "Actual Total Time": 1040.659,
                                        "Actual Rows": 575513,
                                        "Actual Loops": 1
                                    },
                                    {
                                        "Worker Number": 1,
                                        "Actual Startup Time": 91.851,
                                        "Actual Total Time": 1039.264,
                                        "Actual Rows": 613202,
                                        "Actual Loops": 1
                                    },
                                    {
                                        "Worker Number": 2,
                                        "Actual Startup Time": 91.968,
                                        "Actual Total Time": 1041.752,
                                        "Actual Rows": 841870,
                                        "Actual Loops": 1
                                    },
                                    {
                                        "Worker Number": 3,
                                        "Actual Startup Time": 91.537,
                                        "Actual Total Time": 1042.405,
                                        "Actual Rows": 817328,
                                        "Actual Loops": 1
                                    },
                                    {
                                        "Worker Number": 4,
                                        "Actual Startup Time": 91.95,
                                        "Actual Total Time": 1047.75,
                                        "Actual Rows": 820511,
                                        "Actual Loops": 1
                                    }
                                ],
                                "Plans": [
                                    {
                                        "Node Type": "Hash Join",
                                        "Parent Relationship": "Outer",
                                        "Parallel Aware": true,
                                        "Join Type": "Inner",
                                        "Startup Cost": 44264.86,
                                        "Total Cost": 168928.69,
                                        "Plan Rows": 12840,
                                        "Plan Width": 8,
                                        "Actual Startup Time": 93.538,
                                        "Actual Total Time": 423.903,
                                        "Actual Rows": 34824,
                                        "Actual Loops": 6,
                                        "Output": [
                                            "t.id",
                                            "ci.movie_id"
                                        ],
                                        "Inner Unique": true,
                                        "Hash Cond": "(ci.movie_id = t.id)",
                                        "Workers": [
                                            {
                                                "Worker Number": 0,
                                                "Actual Startup Time": 90.985,
                                                "Actual Total Time": 413.626,
                                                "Actual Rows": 23743,
                                                "Actual Loops": 1
                                            },
                                            {
                                                "Worker Number": 1,
                                                "Actual Startup Time": 91.69,
                                                "Actual Total Time": 420.047,
                                                "Actual Rows": 26670,
                                                "Actual Loops": 1
                                            },
                                            {
                                                "Worker Number": 2,
                                                "Actual Startup Time": 91.847,
                                                "Actual Total Time": 425.13,
                                                "Actual Rows": 38378,
                                                "Actual Loops": 1
                                            },
                                            {
                                                "Worker Number": 3,
                                                "Actual Startup Time": 91.4,
                                                "Actual Total Time": 426.167,
                                                "Actual Rows": 37712,
                                                "Actual Loops": 1
                                            },
                                            {
                                                "Worker Number": 4,
                                                "Actual Startup Time": 91.842,
                                                "Actual Total Time": 424.799,
                                                "Actual Rows": 38154,
                                                "Actual Loops": 1
                                            }
                                        ],
                                        "Plans": [
                                            {
                                                "Node Type": "Index Scan",
                                                "Parent Relationship": "Outer",
                                                "Parallel Aware": true,
                                                "Scan Direction": "Forward",
                                                "Index Name": "role_id_cast_info",
                                                "Relation Name": "cast_info",
                                                "Schema": "public",
                                                "Alias": "ci",
                                                "Startup Cost": 0.56,
                                                "Total Cost": 123935.38,
                                                "Plan Rows": 277722,
                                                "Plan Width": 4,
                                                "Actual Startup Time": 0.311,
                                                "Actual Total Time": 196.635,
                                                "Actual Rows": 599124,
                                                "Actual Loops": 6,
                                                "Output": [
                                                    "ci.id",
                                                    "ci.person_id",
                                                    "ci.movie_id",
                                                    "ci.person_role_id",
                                                    "ci.note",
                                                    "ci.nr_order",
                                                    "ci.role_id"
                                                ],
                                                "Index Cond": "(ci.role_id > 9)",
                                                "Rows Removed by Index Recheck": 0,
                                                "Filter": "(ci.person_id > 2587412)",
                                                "Rows Removed by Filter": 174065,
                                                "Workers": [
                                                    {
                                                        "Worker Number": 0,
                                                        "Actual Startup Time": 0.502,
                                                        "Actual Total Time": 195.028,
                                                        "Actual Rows": 421008,
                                                        "Actual Loops": 1
                                                    },
                                                    {
                                                        "Worker Number": 1,
                                                        "Actual Startup Time": 0.531,
                                                        "Actual Total Time": 203.07,
                                                        "Actual Rows": 463316,
                                                        "Actual Loops": 1
                                                    },
                                                    {
                                                        "Worker Number": 2,
                                                        "Actual Startup Time": 0.355,
                                                        "Actual Total Time": 202.544,
                                                        "Actual Rows": 648720,
                                                        "Actual Loops": 1
                                                    },
                                                    {
                                                        "Worker Number": 3,
                                                        "Actual Startup Time": 0.196,
                                                        "Actual Total Time": 201.669,
                                                        "Actual Rows": 630849,
                                                        "Actual Loops": 1
                                                    },
                                                    {
                                                        "Worker Number": 4,
                                                        "Actual Startup Time": 0.139,
                                                        "Actual Total Time": 193.223,
                                                        "Actual Rows": 643887,
                                                        "Actual Loops": 1
                                                    }
                                                ]
                                            },
                                            {
                                                "Node Type": "Hash",
                                                "Parent Relationship": "Inner",
                                                "Parallel Aware": true,
                                                "Startup Cost": 43899.01,
                                                "Total Cost": 43899.01,
                                                "Plan Rows": 29223,
                                                "Plan Width": 4,
                                                "Actual Startup Time": 91.739,
                                                "Actual Total Time": 91.74,
                                                "Actual Rows": 19928,
                                                "Actual Loops": 6,
                                                "Output": [
                                                    "t.id"
                                                ],
                                                "Hash Buckets": 131072,
                                                "Original Hash Buckets": 131072,
                                                "Hash Batches": 1,
                                                "Original Hash Batches": 1,
                                                "Peak Memory Usage": 5792,
                                                "Workers": [
                                                    {
                                                        "Worker Number": 0,
                                                        "Actual Startup Time": 90.042,
                                                        "Actual Total Time": 90.043,
                                                        "Actual Rows": 15264,
                                                        "Actual Loops": 1
                                                    },
                                                    {
                                                        "Worker Number": 1,
                                                        "Actual Startup Time": 90.608,
                                                        "Actual Total Time": 90.609,
                                                        "Actual Rows": 16380,
                                                        "Actual Loops": 1
                                                    },
                                                    {
                                                        "Worker Number": 2,
                                                        "Actual Startup Time": 90.65,
                                                        "Actual Total Time": 90.651,
                                                        "Actual Rows": 19112,
                                                        "Actual Loops": 1
                                                    },
                                                    {
                                                        "Worker Number": 3,
                                                        "Actual Startup Time": 90.607,
                                                        "Actual Total Time": 90.608,
                                                        "Actual Rows": 19086,
                                                        "Actual Loops": 1
                                                    },
                                                    {
                                                        "Worker Number": 4,
                                                        "Actual Startup Time": 91.332,
                                                        "Actual Total Time": 91.333,
                                                        "Actual Rows": 21172,
                                                        "Actual Loops": 1
                                                    }
                                                ],
                                                "Plans": [
                                                    {
                                                        "Node Type": "Seq Scan",
                                                        "Parent Relationship": "Outer",
                                                        "Parallel Aware": true,
                                                        "Relation Name": "title",
                                                        "Schema": "public",
                                                        "Alias": "t",
                                                        "Startup Cost": 0.0,
                                                        "Total Cost": 43899.01,
                                                        "Plan Rows": 29223,
                                                        "Plan Width": 4,
                                                        "Actual Startup Time": 0.062,
                                                        "Actual Total Time": 82.184,
                                                        "Actual Rows": 19928,
                                                        "Actual Loops": 6,
                                                        "Output": [
                                                            "t.id"
                                                        ],
                                                        "Filter": "(t.production_year = 2007)",
                                                        "Rows Removed by Filter": 401458,
                                                        "Workers": [
                                                            {
                                                                "Worker Number": 0,
                                                                "Actual Startup Time": 0.067,
                                                                "Actual Total Time": 80.391,
                                                                "Actual Rows": 15264,
                                                                "Actual Loops": 1
                                                            },
                                                            {
                                                                "Worker Number": 1,
                                                                "Actual Startup Time": 0.073,
                                                                "Actual Total Time": 81.697,
                                                                "Actual Rows": 16380,
                                                                "Actual Loops": 1
                                                            },
                                                            {
                                                                "Worker Number": 2,
                                                                "Actual Startup Time": 0.063,
                                                                "Actual Total Time": 81.17,
                                                                "Actual Rows": 19112,
                                                                "Actual Loops": 1
                                                            },
                                                            {
                                                                "Worker Number": 3,
                                                                "Actual Startup Time": 0.063,
                                                                "Actual Total Time": 81.07,
                                                                "Actual Rows": 19086,
                                                                "Actual Loops": 1
                                                            },
                                                            {
                                                                "Worker Number": 4,
                                                                "Actual Startup Time": 0.065,
                                                                "Actual Total Time": 82.131,
                                                                "Actual Rows": 21172,
                                                                "Actual Loops": 1
                                                            }
                                                        ]
                                                    }
                                                ]
                                            }
                                        ]
                                    },
                                    {
                                        "Node Type": "Index Scan",
                                        "Parent Relationship": "Inner",
                                        "Parallel Aware": false,
                                        "Scan Direction": "Forward",
                                        "Index Name": "movie_id_movie_info",
                                        "Relation Name": "movie_info",
                                        "Schema": "public",
                                        "Alias": "mi",
                                        "Startup Cost": 0.43,
                                        "Total Cost": 1.84,
                                        "Plan Rows": 26,
                                        "Plan Width": 4,
                                        "Actual Startup Time": 0.005,
                                        "Actual Total Time": 0.015,
                                        "Actual Rows": 22,
                                        "Actual Loops": 208947,
                                        "Output": [
                                            "mi.id",
                                            "mi.movie_id",
                                            "mi.info_type_id",
                                            "mi.info",
                                            "mi.note"
                                        ],
                                        "Index Cond": "(mi.movie_id = ci.movie_id)",
                                        "Rows Removed by Index Recheck": 0,
                                        "Filter": "(mi.info_type_id > 4)",
                                        "Rows Removed by Filter": 2,
                                        "Workers": [
                                            {
                                                "Worker Number": 0,
                                                "Actual Startup Time": 0.008,
                                                "Actual Total Time": 0.023,
                                                "Actual Rows": 24,
                                                "Actual Loops": 23743
                                            },
                                            {
                                                "Worker Number": 1,
                                                "Actual Startup Time": 0.007,
                                                "Actual Total Time": 0.02,
                                                "Actual Rows": 23,
                                                "Actual Loops": 26670
                                            },
                                            {
                                                "Worker Number": 2,
                                                "Actual Startup Time": 0.005,
                                                "Actual Total Time": 0.014,
                                                "Actual Rows": 22,
                                                "Actual Loops": 38378
                                            },
                                            {
                                                "Worker Number": 3,
                                                "Actual Startup Time": 0.005,
                                                "Actual Total Time": 0.014,
                                                "Actual Rows": 22,
                                                "Actual Loops": 37712
                                            },
                                            {
                                                "Worker Number": 4,
                                                "Actual Startup Time": 0.005,
                                                "Actual Total Time": 0.014,
                                                "Actual Rows": 22,
                                                "Actual Loops": 38154
                                            }
                                        ]
                                    }
                                ]
                            }
                        ]
                    }
                ]
            }
        ]
    },
    "Planning Time": 1.322,
    "Triggers": [],
    "Execution Time": 1151.878
}