[
  {
    "Plan": {
      "Node Type": "Aggregate",
      "Strategy": "Plain",
      "Partial Mode": "Finalize",
      "Parallel Aware": false,
      "Startup Cost": 46639.38,
      "Total Cost": 46639.39,
      "Plan Rows": 1,
      "Plan Width": 8,
      "Actual Startup Time": 208.223,
      "Actual Total Time": 219.639,
      "Actual Rows": 1,
      "Actual Loops": 1,
      "Plans": [
        {
          "Node Type": "Gather",
          "Parent Relationship": "Outer",
          "Parallel Aware": false,
          "Startup Cost": 46639.07,
          "Total Cost": 46639.38,
          "Plan Rows": 3,
          "Plan Width": 8,
          "Actual Startup Time": 208.073,
          "Actual Total Time": 219.63,
          "Actual Rows": 4,
          "Actual Loops": 1,
          "Workers Planned": 3,
          "Workers Launched": 3,
          "Single Copy": false,
          "Plans": [
            {
              "Node Type": "Aggregate",
              "Strategy": "Plain",
              "Partial Mode": "Partial",
              "Parent Relationship": "Outer",
              "Parallel Aware": false,
              "Startup Cost": 45639.07,
              "Total Cost": 45639.08,
              "Plan Rows": 1,
              "Plan Width": 8,
              "Actual Startup Time": 202.496,
              "Actual Total Time": 202.497,
              "Actual Rows": 1,
              "Actual Loops": 4,
              "Plans": [
                {
                  "Node Type": "Seq Scan",
                  "Parent Relationship": "Outer",
                  "Parallel Aware": true,
                  "Relation Name": "movie_keyword",
                  "Alias": "mk",
                  "Startup Cost": 0.0,
                  "Total Cost": 42695.65,
                  "Plan Rows": 1177365,
                  "Plan Width": 0,
                  "Actual Startup Time": 0.036,
                  "Actual Total Time": 149.333,
                  "Actual Rows": 914029,
                  "Actual Loops": 4,
                  "Filter": "(keyword_id < 21217)",
                  "Rows Removed by Filter": 216954
                }
              ]
            }
          ]
        }
      ]
    },
    "Planning Time": 0.108,
    "Triggers": [],
    "Execution Time": 219.677
  }
]