[
    {
        "Bao": {
            "Bao prediction": 1132.456,
            "Bao recommended hint": "(no hint)"
        }
    },
    {
        "Plan": {
            "Node Type": "Aggregate",
            "Strategy": "Plain",
            "Partial Mode": "Finalize",
            "Parallel Aware": false,
            "Startup Cost": 100802.49,
            "Total Cost": 100802.5,
            "Plan Rows": 1,
            "Plan Width": 8,
            "Actual Startup Time": 578.117,
            "Actual Total Time": 593.643,
            "Actual Rows": 1,
            "Actual Loops": 1,
            "Output": [
                "count(*)"
            ],
            "Plans": [
                {
                    "Node Type": "Gather",
                    "Parent Relationship": "Outer",
                    "Parallel Aware": false,
                    "Startup Cost": 100802.17,
                    "Total Cost": 100802.48,
                    "Plan Rows": 3,
                    "Plan Width": 8,
                    "Actual Startup Time": 574.698,
                    "Actual Total Time": 593.621,
                    "Actual Rows": 4,
                    "Actual Loops": 1,
                    "Output": [
                        "(PARTIAL count(*))"
                    ],
                    "Workers Planned": 3,
                    "Workers Launched": 3,
                    "Single Copy": false,
                    "Plans": [
                        {
                            "Node Type": "Aggregate",
                            "Strategy": "Plain",
                            "Partial Mode": "Partial",
                            "Parent Relationship": "Outer",
                            "Parallel Aware": false,
                            "Startup Cost": 99802.17,
                            "Total Cost": 99802.18,
                            "Plan Rows": 1,
                            "Plan Width": 8,
                            "Actual Startup Time": 566.303,
                            "Actual Total Time": 566.45,
                            "Actual Rows": 1,
                            "Actual Loops": 4,
                            "Output": [
                                "PARTIAL count(*)"
                            ],
                            "Workers": [
                                {
                                    "Worker Number": 0,
                                    "Actual Startup Time": 563.879,
                                    "Actual Total Time": 563.886,
                                    "Actual Rows": 1,
                                    "Actual Loops": 1
                                },
                                {
                                    "Worker Number": 1,
                                    "Actual Startup Time": 563.575,
                                    "Actual Total Time": 563.581,
                                    "Actual Rows": 1,
                                    "Actual Loops": 1
                                },
                                {
                                    "Worker Number": 2,
                                    "Actual Startup Time": 563.809,
                                    "Actual Total Time": 563.816,
                                    "Actual Rows": 1,
                                    "Actual Loops": 1
                                }
                            ],
                            "Plans": [
                                {
                                    "Node Type": "Hash Join",
                                    "Parent Relationship": "Outer",
                                    "Parallel Aware": true,
                                    "Join Type": "Inner",
                                    "Startup Cost": 73203.91,
                                    "Total Cost": 99755.48,
                                    "Plan Rows": 18677,
                                    "Plan Width": 0,
                                    "Actual Startup Time": 470.178,
                                    "Actual Total Time": 560.497,
                                    "Actual Rows": 71154,
                                    "Actual Loops": 4,
                                    "Inner Unique": false,
                                    "Hash Cond": "(mk.movie_id = t.id)",
                                    "Workers": [
                                        {
                                            "Worker Number": 0,
                                            "Actual Startup Time": 467.252,
                                            "Actual Total Time": 558.251,
                                            "Actual Rows": 75646,
                                            "Actual Loops": 1
                                        },
                                        {
                                            "Worker Number": 1,
                                            "Actual Startup Time": 467.623,
                                            "Actual Total Time": 557.89,
                                            "Actual Rows": 63979,
                                            "Actual Loops": 1
                                        },
                                        {
                                            "Worker Number": 2,
                                            "Actual Startup Time": 467.924,
                                            "Actual Total Time": 558.034,
                                            "Actual Rows": 64737,
                                            "Actual Loops": 1
                                        }
                                    ],
                                    "Plans": [
                                        {
                                            "Node Type": "Bitmap Heap Scan",
                                            "Parent Relationship": "Outer",
                                            "Parallel Aware": true,
                                            "Relation Name": "movie_keyword",
                                            "Schema": "public",
                                            "Alias": "mk",
                                            "Startup Cost": 8300.58,
                                            "Total Cost": 34332.18,
                                            "Plan Rows": 126208,
                                            "Plan Width": 4,
                                            "Actual Startup Time": 50.567,
                                            "Actual Total Time": 104.281,
                                            "Actual Rows": 96789,
                                            "Actual Loops": 4,
                                            "Output": [
                                                "mk.id",
                                                "mk.movie_id",
                                                "mk.keyword_id"
                                            ],
                                            "Recheck Cond": "(mk.keyword_id > 44436)",
                                            "Rows Removed by Index Recheck": 0,
                                            "Exact Heap Blocks": 6331,
                                            "Lossy Heap Blocks": 0,
                                            "Workers": [
                                                {
                                                    "Worker Number": 0,
                                                    "Actual Startup Time": 50.453,
                                                    "Actual Total Time": 105.621,
                                                    "Actual Rows": 105032,
                                                    "Actual Loops": 1
                                                },
                                                {
                                                    "Worker Number": 1,
                                                    "Actual Startup Time": 50.626,
                                                    "Actual Total Time": 106.589,
                                                    "Actual Rows": 86195,
                                                    "Actual Loops": 1
                                                },
                                                {
                                                    "Worker Number": 2,
                                                    "Actual Startup Time": 50.627,
                                                    "Actual Total Time": 106.301,
                                                    "Actual Rows": 87166,
                                                    "Actual Loops": 1
                                                }
                                            ],
                                            "Plans": [
                                                {
                                                    "Node Type": "Bitmap Index Scan",
                                                    "Parent Relationship": "Outer",
                                                    "Parallel Aware": false,
                                                    "Index Name": "keyword_id_movie_keyword",
                                                    "Startup Cost": 0.0,
                                                    "Total Cost": 8202.77,
                                                    "Plan Rows": 391245,
                                                    "Plan Width": 0,
                                                    "Actual Startup Time": 45.206,
                                                    "Actual Total Time": 45.207,
                                                    "Actual Rows": 387155,
                                                    "Actual Loops": 1,
                                                    "Index Cond": "(mk.keyword_id > 44436)",
                                                    "Workers": [
                                                        {
                                                            "Worker Number": 0,
                                                            "Actual Startup Time": 45.206,
                                                            "Actual Total Time": 45.207,
                                                            "Actual Rows": 387155,
                                                            "Actual Loops": 1
                                                        }
                                                    ]
                                                }
                                            ]
                                        },
                                        {
                                            "Node Type": "Hash",
                                            "Parent Relationship": "Inner",
                                            "Parallel Aware": true,
                                            "Startup Cost": 63734.05,
                                            "Total Cost": 63734.05,
                                            "Plan Rows": 93542,
                                            "Plan Width": 8,
                                            "Actual Startup Time": 416.271,
                                            "Actual Total Time": 416.415,
                                            "Actual Rows": 104069,
                                            "Actual Loops": 4,
                                            "Output": [
                                                "t.id",
                                                "mi_idx.movie_id"
                                            ],
                                            "Hash Buckets": 524288,
                                            "Original Hash Buckets": 524288,
                                            "Hash Batches": 1,
                                            "Original Hash Batches": 1,
                                            "Peak Memory Usage": 20448,
                                            "Workers": [
                                                {
                                                    "Worker Number": 0,
                                                    "Actual Startup Time": 416.395,
                                                    "Actual Total Time": 416.399,
                                                    "Actual Rows": 100983,
                                                    "Actual Loops": 1
                                                },
                                                {
                                                    "Worker Number": 1,
                                                    "Actual Startup Time": 416.56,
                                                    "Actual Total Time": 416.565,
                                                    "Actual Rows": 101124,
                                                    "Actual Loops": 1
                                                },
                                                {
                                                    "Worker Number": 2,
                                                    "Actual Startup Time": 416.659,
                                                    "Actual Total Time": 416.663,
                                                    "Actual Rows": 101645,
                                                    "Actual Loops": 1
                                                }
                                            ],
                                            "Plans": [
                                                {
                                                    "Node Type": "Hash Join",
                                                    "Parent Relationship": "Outer",
                                                    "Parallel Aware": true,
                                                    "Join Type": "Inner",
                                                    "Startup Cost": 17512.11,
                                                    "Total Cost": 63734.05,
                                                    "Plan Rows": 93542,
                                                    "Plan Width": 8,
                                                    "Actual Startup Time": 103.883,
                                                    "Actual Total Time": 374.114,
                                                    "Actual Rows": 104069,
                                                    "Actual Loops": 4,
                                                    "Output": [
                                                        "t.id",
                                                        "mi_idx.movie_id"
                                                    ],
                                                    "Inner Unique": false,
                                                    "Hash Cond": "(t.id = mi_idx.movie_id)",
                                                    "Workers": [
                                                        {
                                                            "Worker Number": 0,
                                                            "Actual Startup Time": 103.849,
                                                            "Actual Total Time": 374.057,
                                                            "Actual Rows": 100983,
                                                            "Actual Loops": 1
                                                        },
                                                        {
                                                            "Worker Number": 1,
                                                            "Actual Startup Time": 103.855,
                                                            "Actual Total Time": 373.149,
                                                            "Actual Rows": 101124,
                                                            "Actual Loops": 1
                                                        },
                                                        {
                                                            "Worker Number": 2,
                                                            "Actual Startup Time": 103.798,
                                                            "Actual Total Time": 374.539,
                                                            "Actual Rows": 101645,
                                                            "Actual Loops": 1
                                                        }
                                                    ],
                                                    "Plans": [
                                                        {
                                                            "Node Type": "Seq Scan",
                                                            "Parent Relationship": "Outer",
                                                            "Parallel Aware": true,
                                                            "Relation Name": "title",
                                                            "Schema": "public",
                                                            "Alias": "t",
                                                            "Startup Cost": 0.0,
                                                            "Total Cost": 43899.01,
                                                            "Plan Rows": 515515,
                                                            "Plan Width": 4,
                                                            "Actual Startup Time": 0.01,
                                                            "Actual Total Time": 121.123,
                                                            "Actual Rows": 516138,
                                                            "Actual Loops": 4,
                                                            "Output": [
                                                                "t.id",
                                                                "t.title",
                                                                "t.imdb_index",
                                                                "t.kind_id",
                                                                "t.production_year",
                                                                "t.imdb_id",
                                                                "t.phonetic_code",
                                                                "t.episode_of_id",
                                                                "t.season_nr",
                                                                "t.episode_nr",
                                                                "t.series_years",
                                                                "t.md5sum"
                                                            ],
                                                            "Filter": "(t.production_year < 2011)",
                                                            "Rows Removed by Filter": 115940,
                                                            "Workers": [
                                                                {
                                                                    "Worker Number": 0,
                                                                    "Actual Startup Time": 0.008,
                                                                    "Actual Total Time": 123.61,
                                                                    "Actual Rows": 497621,
                                                                    "Actual Loops": 1
                                                                },
                                                                {
                                                                    "Worker Number": 1,
                                                                    "Actual Startup Time": 0.017,
                                                                    "Actual Total Time": 123.929,
                                                                    "Actual Rows": 501381,
                                                                    "Actual Loops": 1
                                                                },
                                                                {
                                                                    "Worker Number": 2,
                                                                    "Actual Startup Time": 0.009,
                                                                    "Actual Total Time": 124.29,
                                                                    "Actual Rows": 501748,
                                                                    "Actual Loops": 1
                                                                }
                                                            ]
                                                        },
                                                        {
                                                            "Node Type": "Hash",
                                                            "Parent Relationship": "Inner",
                                                            "Parallel Aware": true,
                                                            "Startup Cost": 15122.68,
                                                            "Total Cost": 15122.68,
                                                            "Plan Rows": 191154,
                                                            "Plan Width": 4,
                                                            "Actual Startup Time": 101.739,
                                                            "Actual Total Time": 101.74,
                                                            "Actual Rows": 115046,
                                                            "Actual Loops": 4,
                                                            "Output": [
                                                                "mi_idx.movie_id"
                                                            ],
                                                            "Hash Buckets": 524288,
                                                            "Original Hash Buckets": 524288,
                                                            "Hash Batches": 1,
                                                            "Original Hash Batches": 1,
                                                            "Peak Memory Usage": 22208,
                                                            "Workers": [
                                                                {
                                                                    "Worker Number": 0,
                                                                    "Actual Startup Time": 103.717,
                                                                    "Actual Total Time": 103.718,
                                                                    "Actual Rows": 105631,
                                                                    "Actual Loops": 1
                                                                },
                                                                {
                                                                    "Worker Number": 1,
                                                                    "Actual Startup Time": 103.692,
                                                                    "Actual Total Time": 103.694,
                                                                    "Actual Rows": 104978,
                                                                    "Actual Loops": 1
                                                                },
                                                                {
                                                                    "Worker Number": 2,
                                                                    "Actual Startup Time": 103.706,
                                                                    "Actual Total Time": 103.707,
                                                                    "Actual Rows": 103932,
                                                                    "Actual Loops": 1
                                                                }
                                                            ],
                                                            "Plans": [
                                                                {
                                                                    "Node Type": "Seq Scan",
                                                                    "Parent Relationship": "Outer",
                                                                    "Parallel Aware": true,
                                                                    "Relation Name": "movie_info_idx",
                                                                    "Schema": "public",
                                                                    "Alias": "mi_idx",
                                                                    "Startup Cost": 0.0,
                                                                    "Total Cost": 15122.68,
                                                                    "Plan Rows": 191154,
                                                                    "Plan Width": 4,
                                                                    "Actual Startup Time": 0.081,
                                                                    "Actual Total Time": 55.212,
                                                                    "Actual Rows": 115046,
                                                                    "Actual Loops": 4,
                                                                    "Output": [
                                                                        "mi_idx.movie_id"
                                                                    ],
                                                                    "Filter": "(mi_idx.info_type_id > 100)",
                                                                    "Rows Removed by Filter": 229962,
                                                                    "Workers": [
                                                                        {
                                                                            "Worker Number": 0,
                                                                            "Actual Startup Time": 0.111,
                                                                            "Actual Total Time": 55.814,
                                                                            "Actual Rows": 105631,
                                                                            "Actual Loops": 1
                                                                        },
                                                                        {
                                                                            "Worker Number": 1,
                                                                            "Actual Startup Time": 0.1,
                                                                            "Actual Total Time": 56.78,
                                                                            "Actual Rows": 104978,
                                                                            "Actual Loops": 1
                                                                        },
                                                                        {
                                                                            "Worker Number": 2,
                                                                            "Actual Startup Time": 0.09,
                                                                            "Actual Total Time": 56.079,
                                                                            "Actual Rows": 103932,
                                                                            "Actual Loops": 1
                                                                        }
                                                                    ]
                                                                }
                                                            ]
                                                        }
                                                    ]
                                                }
                                            ]
                                        }
                                    ]
                                }
                            ]
                        }
                    ]
                }
            ]
        },
        "Planning Time": 1683.338,
        "Triggers": [],
        "Execution Time": 593.776
    }
]