[
  {
    "Plan": {
      "Node Type": "Aggregate",
      "Strategy": "Plain",
      "Partial Mode": "Finalize",
      "Parallel Aware": false,
      "Startup Cost": 202759.27,
      "Total Cost": 202759.28,
      "Plan Rows": 1,
      "Plan Width": 8,
      "Actual Startup Time": 230.861,
      "Actual Total Time": 245.121,
      "Actual Rows": 1,
      "Actual Loops": 1,
      "Plans": [
        {
          "Node Type": "Gather",
          "Parent Relationship": "Outer",
          "Parallel Aware": false,
          "Startup Cost": 202758.65,
          "Total Cost": 202759.26,
          "Plan Rows": 6,
          "Plan Width": 8,
          "Actual Startup Time": 230.741,
          "Actual Total Time": 245.11,
          "Actual Rows": 7,
          "Actual Loops": 1,
          "Workers Planned": 6,
          "Workers Launched": 6,
          "Single Copy": false,
          "Plans": [
            {
              "Node Type": "Aggregate",
              "Strategy": "Plain",
              "Partial Mode": "Partial",
              "Parent Relationship": "Outer",
              "Parallel Aware": false,
              "Startup Cost": 201758.65,
              "Total Cost": 201758.66,
              "Plan Rows": 1,
              "Plan Width": 8,
              "Actual Startup Time": 222.353,
              "Actual Total Time": 222.354,
              "Actual Rows": 1,
              "Actual Loops": 7,
              "Plans": [
                {
                  "Node Type": "Index Scan",
                  "Parent Relationship": "Outer",
                  "Parallel Aware": true,
                  "Scan Direction": "Forward",
                  "Index Name": "role_id_cast_info",
                  "Relation Name": "cast_info",
                  "Alias": "ci",
                  "Startup Cost": 0.56,
                  "Total Cost": 200313.69,
                  "Plan Rows": 577984,
                  "Plan Width": 0,
                  "Actual Startup Time": 0.158,
                  "Actual Total Time": 209.741,
                  "Actual Rows": 242371,
                  "Actual Loops": 7,
                  "Index Cond": "(role_id > 7)",
                  "Rows Removed by Index Recheck": 0,
                  "Filter": "(person_id < 1669878)",
                  "Rows Removed by Filter": 819948
                }
              ]
            }
          ]
        }
      ]
    },
    "Planning Time": 0.222,
    "Triggers": [],
    "Execution Time": 245.191
  }
]