[
  {
    "Plan": {
      "Node Type": "Aggregate",
      "Strategy": "Plain",
      "Partial Mode": "Finalize",
      "Parallel Aware": false,
      "Startup Cost": 184590.49,
      "Total Cost": 184590.5,
      "Plan Rows": 1,
      "Plan Width": 8,
      "Actual Startup Time": 882.737,
      "Actual Total Time": 931.09,
      "Actual Rows": 1,
      "Actual Loops": 1,
      "Plans": [
        {
          "Node Type": "Gather",
          "Parent Relationship": "Outer",
          "Parallel Aware": false,
          "Startup Cost": 184590.07,
          "Total Cost": 184590.48,
          "Plan Rows": 4,
          "Plan Width": 8,
          "Actual Startup Time": 879.57,
          "Actual Total Time": 931.081,
          "Actual Rows": 5,
          "Actual Loops": 1,
          "Workers Planned": 4,
          "Workers Launched": 4,
          "Single Copy": false,
          "Plans": [
            {
              "Node Type": "Aggregate",
              "Strategy": "Plain",
              "Partial Mode": "Partial",
              "Parent Relationship": "Outer",
              "Parallel Aware": false,
              "Startup Cost": 183590.07,
              "Total Cost": 183590.08,
              "Plan Rows": 1,
              "Plan Width": 8,
              "Actual Startup Time": 869.573,
              "Actual Total Time": 869.577,
              "Actual Rows": 1,
              "Actual Loops": 5,
              "Plans": [
                {
                  "Node Type": "Nested Loop",
                  "Parent Relationship": "Outer",
                  "Parallel Aware": false,
                  "Join Type": "Inner",
                  "Startup Cost": 30076.3,
                  "Total Cost": 183212.66,
                  "Plan Rows": 150963,
                  "Plan Width": 0,
                  "Actual Startup Time": 115.208,
                  "Actual Total Time": 847.038,
                  "Actual Rows": 427166,
                  "Actual Loops": 5,
                  "Inner Unique": false,
                  "Plans": [
                    {
                      "Node Type": "Hash Join",
                      "Parent Relationship": "Outer",
                      "Parallel Aware": true,
                      "Join Type": "Inner",
                      "Startup Cost": 30075.87,
                      "Total Cost": 75806.7,
                      "Plan Rows": 50138,
                      "Plan Width": 8,
                      "Actual Startup Time": 115.115,
                      "Actual Total Time": 268.341,
                      "Actual Rows": 45038,
                      "Actual Loops": 5,
                      "Inner Unique": false,
                      "Hash Cond": "(t.id = mc.movie_id)",
                      "Plans": [
                        {
                          "Node Type": "Seq Scan",
                          "Parent Relationship": "Outer",
                          "Parallel Aware": true,
                          "Relation Name": "title",
                          "Alias": "t",
                          "Startup Cost": 0.0,
                          "Total Cost": 43898.92,
                          "Plan Rows": 334036,
                          "Plan Width": 4,
                          "Actual Startup Time": 0.015,
                          "Actual Total Time": 79.519,
                          "Actual Rows": 269659,
                          "Actual Loops": 5,
                          "Filter": "(production_year < 2005)",
                          "Rows Removed by Filter": 236004
                        },
                        {
                          "Node Type": "Hash",
                          "Parent Relationship": "Inner",
                          "Parallel Aware": true,
                          "Startup Cost": 28545.67,
                          "Total Cost": 28545.67,
                          "Plan Rows": 122416,
                          "Plan Width": 4,
                          "Actual Startup Time": 94.501,
                          "Actual Total Time": 94.503,
                          "Actual Rows": 77052,
                          "Actual Loops": 5,
                          "Hash Buckets": 524288,
                          "Original Hash Buckets": 524288,
                          "Hash Batches": 1,
                          "Original Hash Batches": 1,
                          "Peak Memory Usage": 19232,
                          "Plans": [
                            {
                              "Node Type": "Bitmap Heap Scan",
                              "Parent Relationship": "Outer",
                              "Parallel Aware": true,
                              "Relation Name": "movie_companies",
                              "Alias": "mc",
                              "Startup Cost": 8225.47,
                              "Total Cost": 28545.67,
                              "Plan Rows": 122416,
                              "Plan Width": 4,
                              "Actual Startup Time": 33.183,
                              "Actual Total Time": 64.884,
                              "Actual Rows": 77052,
                              "Actual Loops": 5,
                              "Recheck Cond": "(company_id > 83645)",
                              "Rows Removed by Index Recheck": 0,
                              "Exact Heap Blocks": 2499,
                              "Lossy Heap Blocks": 0,
                              "Plans": [
                                {
                                  "Node Type": "Bitmap Index Scan",
                                  "Parent Relationship": "Outer",
                                  "Parallel Aware": false,
                                  "Index Name": "company_id_movie_companies",
                                  "Startup Cost": 0.0,
                                  "Total Cost": 8130.6,
                                  "Plan Rows": 379489,
                                  "Plan Width": 0,
                                  "Actual Startup Time": 32.573,
                                  "Actual Total Time": 32.573,
                                  "Actual Rows": 385262,
                                  "Actual Loops": 1,
                                  "Index Cond": "(company_id > 83645)"
                                }
                              ]
                            }
                          ]
                        }
                      ]
                    },
                    {
                      "Node Type": "Index Scan",
                      "Parent Relationship": "Inner",
                      "Parallel Aware": false,
                      "Scan Direction": "Forward",
                      "Index Name": "movie_id_movie_info",
                      "Relation Name": "movie_info",
                      "Alias": "mi",
                      "Startup Cost": 0.43,
                      "Total Cost": 1.92,
                      "Plan Rows": 22,
                      "Plan Width": 4,
                      "Actual Startup Time": 0.006,
                      "Actual Total Time": 0.012,
                      "Actual Rows": 9,
                      "Actual Loops": 225190,
                      "Index Cond": "(movie_id = t.id)",
                      "Rows Removed by Index Recheck": 0,
                      "Filter": "(info_type_id > 7)",
                      "Rows Removed by Filter": 8
                    }
                  ]
                }
              ]
            }
          ]
        }
      ]
    },
    "Planning Time": 1.446,
    "Triggers": [],
    "Execution Time": 931.218
  }
]