{
  "Plan": {
    "Node Type": "Aggregate",
    "Strategy": "Plain",
    "Partial Mode": "Finalize",
    "Parallel Aware": false,
    "Startup Cost": 613207.98,
    "Total Cost": 613207.99,
    "Plan Rows": 1,
    "Plan Width": 8,
    "Actual Startup Time": 7279.355,
    "Actual Total Time": 7359.072,
    "Actual Rows": 1,
    "Actual Loops": 1,
    "Plans": [
      {
        "Node Type": "Gather",
        "Parent Relationship": "Outer",
        "Parallel Aware": false,
        "Startup Cost": 613207.87,
        "Total Cost": 613207.98,
        "Plan Rows": 1,
        "Plan Width": 8,
        "Actual Startup Time": 7267.582,
        "Actual Total Time": 7359.064,
        "Actual Rows": 2,
        "Actual Loops": 1,
        "Workers Planned": 1,
        "Workers Launched": 1,
        "Single Copy": false,
        "Plans": [
          {
            "Node Type": "Aggregate",
            "Strategy": "Plain",
            "Partial Mode": "Partial",
            "Parent Relationship": "Outer",
            "Parallel Aware": false,
            "Startup Cost": 612207.87,
            "Total Cost": 612207.88,
            "Plan Rows": 1,
            "Plan Width": 8,
            "Actual Startup Time": 7237.071,
            "Actual Total Time": 7237.077,
            "Actual Rows": 1,
            "Actual Loops": 2,
            "Plans": [
              {
                "Node Type": "Hash Join",
                "Parent Relationship": "Outer",
                "Parallel Aware": true,
                "Join Type": "Inner",
                "Startup Cost": 556774.68,
                "Total Cost": 606851.08,
                "Plan Rows": 2142718,
                "Plan Width": 0,
                "Actual Startup Time": 6050.424,
                "Actual Total Time": 6933.907,
                "Actual Rows": 7599900,
                "Actual Loops": 2,
                "Inner Unique": false,
                "Hash Cond": "(mk.movie_id = t.id)",
                "Plans": [
                  {
                    "Node Type": "Bitmap Heap Scan",
                    "Parent Relationship": "Outer",
                    "Parallel Aware": true,
                    "Relation Name": "movie_keyword",
                    "Alias": "mk",
                    "Startup Cost": 22091.7,
                    "Total Cost": 54203.45,
                    "Plan Rows": 612620,
                    "Plan Width": 4,
                    "Actual Startup Time": 75.26,
                    "Actual Total Time": 180.784,
                    "Actual Rows": 520802,
                    "Actual Loops": 2,
                    "Recheck Cond": "(keyword_id > 17013)",
                    "Rows Removed by Index Recheck": 0,
                    "Exact Heap Blocks": 12075,
                    "Lossy Heap Blocks": 0,
                    "Plans": [
                      {
                        "Node Type": "Bitmap Index Scan",
                        "Parent Relationship": "Outer",
                        "Parallel Aware": false,
                        "Index Name": "keyword_id_movie_keyword",
                        "Startup Cost": 0.0,
                        "Total Cost": 21831.34,
                        "Plan Rows": 1041454,
                        "Plan Width": 0,
                        "Actual Startup Time": 71.69,
                        "Actual Total Time": 71.691,
                        "Actual Rows": 1041605,
                        "Actual Loops": 1,
                        "Index Cond": "(keyword_id > 17013)"
                      }
                    ]
                  },
                  {
                    "Node Type": "Hash",
                    "Parent Relationship": "Inner",
                    "Parallel Aware": true,
                    "Startup Cost": 469660.68,
                    "Total Cost": 469660.68,
                    "Plan Rows": 5201784,
                    "Plan Width": 8,
                    "Actual Startup Time": 5917.763,
                    "Actual Total Time": 5917.767,
                    "Actual Rows": 4724502,
                    "Actual Loops": 2,
                    "Hash Buckets": 16777216,
                    "Original Hash Buckets": 16777216,
                    "Hash Batches": 1,
                    "Original Hash Batches": 1,
                    "Peak Memory Usage": 500736,
                    "Plans": [
                      {
                        "Node Type": "Hash Join",
                        "Parent Relationship": "Outer",
                        "Parallel Aware": true,
                        "Join Type": "Inner",
                        "Startup Cost": 67766.18,
                        "Total Cost": 469660.68,
                        "Plan Rows": 5201784,
                        "Plan Width": 8,
                        "Actual Startup Time": 448.823,
                        "Actual Total Time": 4248.836,
                        "Actual Rows": 4724502,
                        "Actual Loops": 2,
                        "Inner Unique": true,
                        "Hash Cond": "(ci.movie_id = t.id)",
                        "Plans": [
                          {
                            "Node Type": "Index Scan",
                            "Parent Relationship": "Outer",
                            "Parallel Aware": true,
                            "Scan Direction": "Forward",
                            "Index Name": "role_id_cast_info",
                            "Relation Name": "cast_info",
                            "Alias": "ci",
                            "Startup Cost": 0.56,
                            "Total Cost": 382631.05,
                            "Plan Rows": 7338659,
                            "Plan Width": 4,
                            "Actual Startup Time": 0.039,
                            "Actual Total Time": 985.96,
                            "Actual Rows": 6335344,
                            "Actual Loops": 2,
                            "Index Cond": "(role_id = 1)",
                            "Rows Removed by Index Recheck": 0
                          },
                          {
                            "Node Type": "Hash",
                            "Parent Relationship": "Inner",
                            "Parallel Aware": true,
                            "Startup Cost": 54588.39,
                            "Total Cost": 54588.39,
                            "Plan Rows": 1054178,
                            "Plan Width": 4,
                            "Actual Startup Time": 443.027,
                            "Actual Total Time": 443.028,
                            "Actual Rows": 897076,
                            "Actual Loops": 2,
                            "Hash Buckets": 2097152,
                            "Original Hash Buckets": 2097152,
                            "Hash Batches": 1,
                            "Original Hash Batches": 1,
                            "Peak Memory Usage": 86592,
                            "Plans": [
                              {
                                "Node Type": "Seq Scan",
                                "Parent Relationship": "Outer",
                                "Parallel Aware": true,
                                "Relation Name": "title",
                                "Alias": "t",
                                "Startup Cost": 0.0,
                                "Total Cost": 54588.39,
                                "Plan Rows": 1054178,
                                "Plan Width": 4,
                                "Actual Startup Time": 0.036,
                                "Actual Total Time": 186.102,
                                "Actual Rows": 897076,
                                "Actual Loops": 2,
                                "Filter": "(production_year < 2009)",
                                "Rows Removed by Filter": 367080
                              }
                            ]
                          }
                        ]
                      }
                    ]
                  }
                ]
              }
            ]
          }
        ]
      }
    ]
  },
  "Planning Time": 1.045,
  "Triggers": [],
  "Execution Time": 7359.183
}