[
  {
    "Plan": {
      "Node Type": "Aggregate",
      "Strategy": "Plain",
      "Partial Mode": "Finalize",
      "Parallel Aware": false,
      "Startup Cost": 45581.41,
      "Total Cost": 45581.42,
      "Plan Rows": 1,
      "Plan Width": 8,
      "Actual Startup Time": 130.03,
      "Actual Total Time": 140.326,
      "Actual Rows": 1,
      "Actual Loops": 1,
      "Plans": [
        {
          "Node Type": "Gather",
          "Parent Relationship": "Outer",
          "Parallel Aware": false,
          "Startup Cost": 45581.1,
          "Total Cost": 45581.41,
          "Plan Rows": 3,
          "Plan Width": 8,
          "Actual Startup Time": 129.861,
          "Actual Total Time": 140.318,
          "Actual Rows": 4,
          "Actual Loops": 1,
          "Workers Planned": 3,
          "Workers Launched": 3,
          "Single Copy": false,
          "Plans": [
            {
              "Node Type": "Aggregate",
              "Strategy": "Plain",
              "Partial Mode": "Partial",
              "Parent Relationship": "Outer",
              "Parallel Aware": false,
              "Startup Cost": 44581.1,
              "Total Cost": 44581.11,
              "Plan Rows": 1,
              "Plan Width": 8,
              "Actual Startup Time": 126.232,
              "Actual Total Time": 126.233,
              "Actual Rows": 1,
              "Actual Loops": 4,
              "Plans": [
                {
                  "Node Type": "Seq Scan",
                  "Parent Relationship": "Outer",
                  "Parallel Aware": true,
                  "Relation Name": "movie_keyword",
                  "Alias": "mk",
                  "Startup Cost": 0.0,
                  "Total Cost": 42695.65,
                  "Plan Rows": 754177,
                  "Plan Width": 0,
                  "Actual Startup Time": 0.267,
                  "Actual Total Time": 102.284,
                  "Actual Rows": 581205,
                  "Actual Loops": 4,
                  "Filter": "(keyword_id > 4392)",
                  "Rows Removed by Filter": 549777
                }
              ]
            }
          ]
        }
      ]
    },
    "Planning Time": 0.192,
    "Triggers": [],
    "Execution Time": 140.385
  }
]