[
  {
    "Plan": {
      "Node Type": "Aggregate",
      "Strategy": "Plain",
      "Partial Mode": "Finalize",
      "Parallel Aware": false,
      "Startup Cost": 47192.1,
      "Total Cost": 47192.11,
      "Plan Rows": 1,
      "Plan Width": 8,
      "Actual Startup Time": 221.791,
      "Actual Total Time": 231.324,
      "Actual Rows": 1,
      "Actual Loops": 1,
      "Plans": [
        {
          "Node Type": "Gather",
          "Parent Relationship": "Outer",
          "Parallel Aware": false,
          "Startup Cost": 47191.79,
          "Total Cost": 47192.1,
          "Plan Rows": 3,
          "Plan Width": 8,
          "Actual Startup Time": 221.513,
          "Actual Total Time": 231.316,
          "Actual Rows": 4,
          "Actual Loops": 1,
          "Workers Planned": 3,
          "Workers Launched": 3,
          "Single Copy": false,
          "Plans": [
            {
              "Node Type": "Aggregate",
              "Strategy": "Plain",
              "Partial Mode": "Partial",
              "Parent Relationship": "Outer",
              "Parallel Aware": false,
              "Startup Cost": 46191.79,
              "Total Cost": 46191.8,
              "Plan Rows": 1,
              "Plan Width": 8,
              "Actual Startup Time": 214.894,
              "Actual Total Time": 214.896,
              "Actual Rows": 1,
              "Actual Loops": 4,
              "Plans": [
                {
                  "Node Type": "Seq Scan",
                  "Parent Relationship": "Outer",
                  "Parallel Aware": true,
                  "Relation Name": "movie_keyword",
                  "Alias": "mk",
                  "Startup Cost": 0.0,
                  "Total Cost": 42695.65,
                  "Plan Rows": 1398453,
                  "Plan Width": 0,
                  "Actual Startup Time": 0.061,
                  "Actual Total Time": 152.928,
                  "Actual Rows": 1083440,
                  "Actual Loops": 4,
                  "Filter": "(keyword_id < 70919)",
                  "Rows Removed by Filter": 47543
                }
              ]
            }
          ]
        }
      ]
    },
    "Planning Time": 0.176,
    "Triggers": [],
    "Execution Time": 231.377
  }
]