[
  {
    "Plan": {
      "Node Type": "Aggregate",
      "Strategy": "Plain",
      "Partial Mode": "Finalize",
      "Parallel Aware": false,
      "Startup Cost": 46017.76,
      "Total Cost": 46017.77,
      "Plan Rows": 1,
      "Plan Width": 8,
      "Actual Startup Time": 150.643,
      "Actual Total Time": 160.238,
      "Actual Rows": 1,
      "Actual Loops": 1,
      "Plans": [
        {
          "Node Type": "Gather",
          "Parent Relationship": "Outer",
          "Parallel Aware": false,
          "Startup Cost": 46017.44,
          "Total Cost": 46017.75,
          "Plan Rows": 3,
          "Plan Width": 8,
          "Actual Startup Time": 150.511,
          "Actual Total Time": 160.229,
          "Actual Rows": 4,
          "Actual Loops": 1,
          "Workers Planned": 3,
          "Workers Launched": 3,
          "Single Copy": false,
          "Plans": [
            {
              "Node Type": "Aggregate",
              "Strategy": "Plain",
              "Partial Mode": "Partial",
              "Parent Relationship": "Outer",
              "Parallel Aware": false,
              "Startup Cost": 45017.44,
              "Total Cost": 45017.45,
              "Plan Rows": 1,
              "Plan Width": 8,
              "Actual Startup Time": 145.426,
              "Actual Total Time": 145.427,
              "Actual Rows": 1,
              "Actual Loops": 4,
              "Plans": [
                {
                  "Node Type": "Seq Scan",
                  "Parent Relationship": "Outer",
                  "Parallel Aware": true,
                  "Relation Name": "movie_keyword",
                  "Alias": "mk",
                  "Startup Cost": 0.0,
                  "Total Cost": 42695.65,
                  "Plan Rows": 928715,
                  "Plan Width": 0,
                  "Actual Startup Time": 0.228,
                  "Actual Total Time": 113.225,
                  "Actual Rows": 716544,
                  "Actual Loops": 4,
                  "Filter": "(keyword_id > 2533)",
                  "Rows Removed by Filter": 414438
                }
              ]
            }
          ]
        }
      ]
    },
    "Planning Time": 0.115,
    "Triggers": [],
    "Execution Time": 160.276
  }
]