[
  {
    "Plan": {
      "Node Type": "Aggregate",
      "Strategy": "Plain",
      "Partial Mode": "Finalize",
      "Parallel Aware": false,
      "Startup Cost": 44671.5,
      "Total Cost": 44671.51,
      "Plan Rows": 1,
      "Plan Width": 8,
      "Actual Startup Time": 134.902,
      "Actual Total Time": 141.743,
      "Actual Rows": 1,
      "Actual Loops": 1,
      "Plans": [
        {
          "Node Type": "Gather",
          "Parent Relationship": "Outer",
          "Parallel Aware": false,
          "Startup Cost": 44671.18,
          "Total Cost": 44671.49,
          "Plan Rows": 3,
          "Plan Width": 8,
          "Actual Startup Time": 134.754,
          "Actual Total Time": 141.733,
          "Actual Rows": 4,
          "Actual Loops": 1,
          "Workers Planned": 3,
          "Workers Launched": 3,
          "Single Copy": false,
          "Plans": [
            {
              "Node Type": "Aggregate",
              "Strategy": "Plain",
              "Partial Mode": "Partial",
              "Parent Relationship": "Outer",
              "Parallel Aware": false,
              "Startup Cost": 43671.18,
              "Total Cost": 43671.19,
              "Plan Rows": 1,
              "Plan Width": 8,
              "Actual Startup Time": 127.48,
              "Actual Total Time": 127.481,
              "Actual Rows": 1,
              "Actual Loops": 4,
              "Plans": [
                {
                  "Node Type": "Seq Scan",
                  "Parent Relationship": "Outer",
                  "Parallel Aware": true,
                  "Relation Name": "movie_keyword",
                  "Alias": "mk",
                  "Startup Cost": 0.0,
                  "Total Cost": 42695.65,
                  "Plan Rows": 390210,
                  "Plan Width": 0,
                  "Actual Startup Time": 2.799,
                  "Actual Total Time": 111.283,
                  "Actual Rows": 303637,
                  "Actual Loops": 4,
                  "Filter": "(keyword_id > 15036)",
                  "Rows Removed by Filter": 827346
                }
              ]
            }
          ]
        }
      ]
    },
    "Planning Time": 0.187,
    "Triggers": [],
    "Execution Time": 141.802
  }
]