[
    {
        "Bao": {
            "Bao prediction": "NaN",
            "Bao recommended hint": "(no hint)"
        }
    },
    {
        "Plan": {
            "Node Type": "Aggregate",
            "Strategy": "Plain",
            "Partial Mode": "Finalize",
            "Parallel Aware": false,
            "Startup Cost": 601470.06,
            "Total Cost": 601470.07,
            "Plan Rows": 1,
            "Plan Width": 8,
            "Actual Startup Time": 2837.189,
            "Actual Total Time": 2872.916,
            "Actual Rows": 1,
            "Actual Loops": 1,
            "Output": [
                "count(*)"
            ],
            "Plans": [
                {
                    "Node Type": "Gather",
                    "Parent Relationship": "Outer",
                    "Parallel Aware": false,
                    "Startup Cost": 601469.43,
                    "Total Cost": 601470.04,
                    "Plan Rows": 6,
                    "Plan Width": 8,
                    "Actual Startup Time": 2814.457,
                    "Actual Total Time": 2872.9,
                    "Actual Rows": 7,
                    "Actual Loops": 1,
                    "Output": [
                        "(PARTIAL count(*))"
                    ],
                    "Workers Planned": 6,
                    "Workers Launched": 6,
                    "Single Copy": false,
                    "Plans": [
                        {
                            "Node Type": "Aggregate",
                            "Strategy": "Plain",
                            "Partial Mode": "Partial",
                            "Parent Relationship": "Outer",
                            "Parallel Aware": false,
                            "Startup Cost": 600469.43,
                            "Total Cost": 600469.44,
                            "Plan Rows": 1,
                            "Plan Width": 8,
                            "Actual Startup Time": 2800.668,
                            "Actual Total Time": 2801.161,
                            "Actual Rows": 1,
                            "Actual Loops": 7,
                            "Output": [
                                "PARTIAL count(*)"
                            ],
                            "Workers": [
                                {
                                    "Worker Number": 0,
                                    "Actual Startup Time": 2798.053,
                                    "Actual Total Time": 2798.057,
                                    "Actual Rows": 1,
                                    "Actual Loops": 1
                                },
                                {
                                    "Worker Number": 1,
                                    "Actual Startup Time": 2798.058,
                                    "Actual Total Time": 2798.064,
                                    "Actual Rows": 1,
                                    "Actual Loops": 1
                                },
                                {
                                    "Worker Number": 2,
                                    "Actual Startup Time": 2798.057,
                                    "Actual Total Time": 2798.063,
                                    "Actual Rows": 1,
                                    "Actual Loops": 1
                                },
                                {
                                    "Worker Number": 3,
                                    "Actual Startup Time": 2798.103,
                                    "Actual Total Time": 2798.108,
                                    "Actual Rows": 1,
                                    "Actual Loops": 1
                                },
                                {
                                    "Worker Number": 4,
                                    "Actual Startup Time": 2798.058,
                                    "Actual Total Time": 2798.064,
                                    "Actual Rows": 1,
                                    "Actual Loops": 1
                                },
                                {
                                    "Worker Number": 5,
                                    "Actual Startup Time": 2800.356,
                                    "Actual Total Time": 2800.361,
                                    "Actual Rows": 1,
                                    "Actual Loops": 1
                                }
                            ],
                            "Plans": [
                                {
                                    "Node Type": "Hash Join",
                                    "Parent Relationship": "Outer",
                                    "Parallel Aware": true,
                                    "Join Type": "Inner",
                                    "Startup Cost": 255841.56,
                                    "Total Cost": 595782.14,
                                    "Plan Rows": 1874919,
                                    "Plan Width": 0,
                                    "Actual Startup Time": 774.805,
                                    "Actual Total Time": 2521.136,
                                    "Actual Rows": 6051265,
                                    "Actual Loops": 7,
                                    "Inner Unique": false,
                                    "Hash Cond": "(ci.movie_id = t.id)",
                                    "Workers": [
                                        {
                                            "Worker Number": 0,
                                            "Actual Startup Time": 772.567,
                                            "Actual Total Time": 2504.435,
                                            "Actual Rows": 5442574,
                                            "Actual Loops": 1
                                        },
                                        {
                                            "Worker Number": 1,
                                            "Actual Startup Time": 772.558,
                                            "Actual Total Time": 2501.537,
                                            "Actual Rows": 5374228,
                                            "Actual Loops": 1
                                        },
                                        {
                                            "Worker Number": 2,
                                            "Actual Startup Time": 772.576,
                                            "Actual Total Time": 2492.484,
                                            "Actual Rows": 4967099,
                                            "Actual Loops": 1
                                        },
                                        {
                                            "Worker Number": 3,
                                            "Actual Startup Time": 772.587,
                                            "Actual Total Time": 2528.762,
                                            "Actual Rows": 6846645,
                                            "Actual Loops": 1
                                        },
                                        {
                                            "Worker Number": 4,
                                            "Actual Startup Time": 772.475,
                                            "Actual Total Time": 2509.457,
                                            "Actual Rows": 6775779,
                                            "Actual Loops": 1
                                        },
                                        {
                                            "Worker Number": 5,
                                            "Actual Startup Time": 772.361,
                                            "Actual Total Time": 2546.185,
                                            "Actual Rows": 6347031,
                                            "Actual Loops": 1
                                        }
                                    ],
                                    "Plans": [
                                        {
                                            "Node Type": "Seq Scan",
                                            "Parent Relationship": "Outer",
                                            "Parallel Aware": true,
                                            "Relation Name": "cast_info",
                                            "Schema": "public",
                                            "Alias": "ci",
                                            "Startup Cost": 0.0,
                                            "Total Cost": 328213.62,
                                            "Plan Rows": 2127232,
                                            "Plan Width": 4,
                                            "Actual Startup Time": 0.036,
                                            "Actual Total Time": 580.324,
                                            "Actual Rows": 1810098,
                                            "Actual Loops": 7,
                                            "Output": [
                                                "ci.id",
                                                "ci.person_id",
                                                "ci.movie_id",
                                                "ci.person_role_id",
                                                "ci.note",
                                                "ci.nr_order",
                                                "ci.role_id"
                                            ],
                                            "Filter": "(ci.role_id < 2)",
                                            "Rows Removed by Filter": 3367665,
                                            "Workers": [
                                                {
                                                    "Worker Number": 0,
                                                    "Actual Startup Time": 0.032,
                                                    "Actual Total Time": 592.666,
                                                    "Actual Rows": 1622411,
                                                    "Actual Loops": 1
                                                },
                                                {
                                                    "Worker Number": 1,
                                                    "Actual Startup Time": 0.032,
                                                    "Actual Total Time": 594.909,
                                                    "Actual Rows": 1605189,
                                                    "Actual Loops": 1
                                                },
                                                {
                                                    "Worker Number": 2,
                                                    "Actual Startup Time": 0.031,
                                                    "Actual Total Time": 597.442,
                                                    "Actual Rows": 1457034,
                                                    "Actual Loops": 1
                                                },
                                                {
                                                    "Worker Number": 3,
                                                    "Actual Startup Time": 0.023,
                                                    "Actual Total Time": 578.847,
                                                    "Actual Rows": 2085242,
                                                    "Actual Loops": 1
                                                },
                                                {
                                                    "Worker Number": 4,
                                                    "Actual Startup Time": 0.031,
                                                    "Actual Total Time": 572.576,
                                                    "Actual Rows": 2017265,
                                                    "Actual Loops": 1
                                                },
                                                {
                                                    "Worker Number": 5,
                                                    "Actual Startup Time": 0.068,
                                                    "Actual Total Time": 579.026,
                                                    "Actual Rows": 1901380,
                                                    "Actual Loops": 1
                                                }
                                            ]
                                        },
                                        {
                                            "Node Type": "Hash",
                                            "Parent Relationship": "Inner",
                                            "Parallel Aware": true,
                                            "Startup Cost": 250270.47,
                                            "Total Cost": 250270.47,
                                            "Plan Rows": 445687,
                                            "Plan Width": 8,
                                            "Actual Startup Time": 769.778,
                                            "Actual Total Time": 770.268,
                                            "Actual Rows": 319121,
                                            "Actual Loops": 7,
                                            "Output": [
                                                "t.id",
                                                "mi.movie_id"
                                            ],
                                            "Hash Buckets": 4194304,
                                            "Original Hash Buckets": 4194304,
                                            "Hash Batches": 1,
                                            "Original Hash Batches": 1,
                                            "Peak Memory Usage": 120256,
                                            "Workers": [
                                                {
                                                    "Worker Number": 0,
                                                    "Actual Startup Time": 771.611,
                                                    "Actual Total Time": 771.614,
                                                    "Actual Rows": 256301,
                                                    "Actual Loops": 1
                                                },
                                                {
                                                    "Worker Number": 1,
                                                    "Actual Startup Time": 771.362,
                                                    "Actual Total Time": 771.365,
                                                    "Actual Rows": 258913,
                                                    "Actual Loops": 1
                                                },
                                                {
                                                    "Worker Number": 2,
                                                    "Actual Startup Time": 771.569,
                                                    "Actual Total Time": 771.572,
                                                    "Actual Rows": 256546,
                                                    "Actual Loops": 1
                                                },
                                                {
                                                    "Worker Number": 3,
                                                    "Actual Startup Time": 771.661,
                                                    "Actual Total Time": 771.664,
                                                    "Actual Rows": 378060,
                                                    "Actual Loops": 1
                                                },
                                                {
                                                    "Worker Number": 4,
                                                    "Actual Startup Time": 771.46,
                                                    "Actual Total Time": 771.463,
                                                    "Actual Rows": 371174,
                                                    "Actual Loops": 1
                                                },
                                                {
                                                    "Worker Number": 5,
                                                    "Actual Startup Time": 771.464,
                                                    "Actual Total Time": 771.468,
                                                    "Actual Rows": 334537,
                                                    "Actual Loops": 1
                                                }
                                            ],
                                            "Plans": [
                                                {
                                                    "Node Type": "Hash Join",
                                                    "Parent Relationship": "Outer",
                                                    "Parallel Aware": true,
                                                    "Join Type": "Inner",
                                                    "Startup Cost": 50219.81,
                                                    "Total Cost": 250270.47,
                                                    "Plan Rows": 445687,
                                                    "Plan Width": 8,
                                                    "Actual Startup Time": 268.646,
                                                    "Actual Total Time": 648.499,
                                                    "Actual Rows": 319121,
                                                    "Actual Loops": 7,
                                                    "Output": [
                                                        "t.id",
                                                        "mi.movie_id"
                                                    ],
                                                    "Inner Unique": true,
                                                    "Hash Cond": "(mi.movie_id = t.id)",
                                                    "Workers": [
                                                        {
                                                            "Worker Number": 0,
                                                            "Actual Startup Time": 268.661,
                                                            "Actual Total Time": 648.99,
                                                            "Actual Rows": 256301,
                                                            "Actual Loops": 1
                                                        },
                                                        {
                                                            "Worker Number": 1,
                                                            "Actual Startup Time": 268.634,
                                                            "Actual Total Time": 651.374,
                                                            "Actual Rows": 258913,
                                                            "Actual Loops": 1
                                                        },
                                                        {
                                                            "Worker Number": 2,
                                                            "Actual Startup Time": 268.629,
                                                            "Actual Total Time": 648.949,
                                                            "Actual Rows": 256546,
                                                            "Actual Loops": 1
                                                        },
                                                        {
                                                            "Worker Number": 3,
                                                            "Actual Startup Time": 268.617,
                                                            "Actual Total Time": 647.636,
                                                            "Actual Rows": 378060,
                                                            "Actual Loops": 1
                                                        },
                                                        {
                                                            "Worker Number": 4,
                                                            "Actual Startup Time": 268.597,
                                                            "Actual Total Time": 647.778,
                                                            "Actual Rows": 371174,
                                                            "Actual Loops": 1
                                                        },
                                                        {
                                                            "Worker Number": 5,
                                                            "Actual Startup Time": 268.649,
                                                            "Actual Total Time": 648.908,
                                                            "Actual Rows": 334537,
                                                            "Actual Loops": 1
                                                        }
                                                    ],
                                                    "Plans": [
                                                        {
                                                            "Node Type": "Seq Scan",
                                                            "Parent Relationship": "Outer",
                                                            "Parallel Aware": true,
                                                            "Relation Name": "movie_info",
                                                            "Schema": "public",
                                                            "Alias": "mi",
                                                            "Startup Cost": 0.0,
                                                            "Total Cost": 198880.74,
                                                            "Plan Rows": 445687,
                                                            "Plan Width": 4,
                                                            "Actual Startup Time": 14.415,
                                                            "Actual Total Time": 279.032,
                                                            "Actual Rows": 319121,
                                                            "Actual Loops": 7,
                                                            "Output": [
                                                                "mi.id",
                                                                "mi.movie_id",
                                                                "mi.info_type_id",
                                                                "mi.info",
                                                                "mi.note"
                                                            ],
                                                            "Filter": "(mi.info_type_id > 16)",
                                                            "Rows Removed by Filter": 1800267,
                                                            "Workers": [
                                                                {
                                                                    "Worker Number": 0,
                                                                    "Actual Startup Time": 14.435,
                                                                    "Actual Total Time": 285.493,
                                                                    "Actual Rows": 256301,
                                                                    "Actual Loops": 1
                                                                },
                                                                {
                                                                    "Worker Number": 1,
                                                                    "Actual Startup Time": 14.343,
                                                                    "Actual Total Time": 285.553,
                                                                    "Actual Rows": 258913,
                                                                    "Actual Loops": 1
                                                                },
                                                                {
                                                                    "Worker Number": 2,
                                                                    "Actual Startup Time": 14.449,
                                                                    "Actual Total Time": 285.69,
                                                                    "Actual Rows": 256546,
                                                                    "Actual Loops": 1
                                                                },
                                                                {
                                                                    "Worker Number": 3,
                                                                    "Actual Startup Time": 14.372,
                                                                    "Actual Total Time": 278.645,
                                                                    "Actual Rows": 378060,
                                                                    "Actual Loops": 1
                                                                },
                                                                {
                                                                    "Worker Number": 4,
                                                                    "Actual Startup Time": 14.43,
                                                                    "Actual Total Time": 279.201,
                                                                    "Actual Rows": 371174,
                                                                    "Actual Loops": 1
                                                                },
                                                                {
                                                                    "Worker Number": 5,
                                                                    "Actual Startup Time": 14.441,
                                                                    "Actual Total Time": 279.573,
                                                                    "Actual Rows": 334537,
                                                                    "Actual Loops": 1
                                                                }
                                                            ]
                                                        },
                                                        {
                                                            "Node Type": "Hash",
                                                            "Parent Relationship": "Inner",
                                                            "Parallel Aware": true,
                                                            "Startup Cost": 42318.81,
                                                            "Total Cost": 42318.81,
                                                            "Plan Rows": 632080,
                                                            "Plan Width": 4,
                                                            "Actual Startup Time": 250.758,
                                                            "Actual Total Time": 250.759,
                                                            "Actual Rows": 361187,
                                                            "Actual Loops": 7,
                                                            "Output": [
                                                                "t.id"
                                                            ],
                                                            "Hash Buckets": 4194304,
                                                            "Original Hash Buckets": 4194304,
                                                            "Hash Batches": 1,
                                                            "Original Hash Batches": 1,
                                                            "Peak Memory Usage": 131776,
                                                            "Workers": [
                                                                {
                                                                    "Worker Number": 0,
                                                                    "Actual Startup Time": 254.093,
                                                                    "Actual Total Time": 254.094,
                                                                    "Actual Rows": 292691,
                                                                    "Actual Loops": 1
                                                                },
                                                                {
                                                                    "Worker Number": 1,
                                                                    "Actual Startup Time": 253.911,
                                                                    "Actual Total Time": 253.912,
                                                                    "Actual Rows": 297394,
                                                                    "Actual Loops": 1
                                                                },
                                                                {
                                                                    "Worker Number": 2,
                                                                    "Actual Startup Time": 254.098,
                                                                    "Actual Total Time": 254.099,
                                                                    "Actual Rows": 296277,
                                                                    "Actual Loops": 1
                                                                },
                                                                {
                                                                    "Worker Number": 3,
                                                                    "Actual Startup Time": 253.884,
                                                                    "Actual Total Time": 253.885,
                                                                    "Actual Rows": 403256,
                                                                    "Actual Loops": 1
                                                                },
                                                                {
                                                                    "Worker Number": 4,
                                                                    "Actual Startup Time": 254.071,
                                                                    "Actual Total Time": 254.072,
                                                                    "Actual Rows": 401434,
                                                                    "Actual Loops": 1
                                                                },
                                                                {
                                                                    "Worker Number": 5,
                                                                    "Actual Startup Time": 254.076,
                                                                    "Actual Total Time": 254.077,
                                                                    "Actual Rows": 355111,
                                                                    "Actual Loops": 1
                                                                }
                                                            ],
                                                            "Plans": [
                                                                {
                                                                    "Node Type": "Seq Scan",
                                                                    "Parent Relationship": "Outer",
                                                                    "Parallel Aware": true,
                                                                    "Relation Name": "title",
                                                                    "Schema": "public",
                                                                    "Alias": "t",
                                                                    "Startup Cost": 0.0,
                                                                    "Total Cost": 42318.81,
                                                                    "Plan Rows": 632080,
                                                                    "Plan Width": 4,
                                                                    "Actual Startup Time": 0.042,
                                                                    "Actual Total Time": 71.156,
                                                                    "Actual Rows": 361187,
                                                                    "Actual Loops": 7,
                                                                    "Output": [
                                                                        "t.id"
                                                                    ],
                                                                    "Workers": [
                                                                        {
                                                                            "Worker Number": 0,
                                                                            "Actual Startup Time": 0.061,
                                                                            "Actual Total Time": 76.04,
                                                                            "Actual Rows": 292691,
                                                                            "Actual Loops": 1
                                                                        },
                                                                        {
                                                                            "Worker Number": 1,
                                                                            "Actual Startup Time": 0.046,
                                                                            "Actual Total Time": 76.671,
                                                                            "Actual Rows": 297394,
                                                                            "Actual Loops": 1
                                                                        },
                                                                        {
                                                                            "Worker Number": 2,
                                                                            "Actual Startup Time": 0.047,
                                                                            "Actual Total Time": 76.039,
                                                                            "Actual Rows": 296277,
                                                                            "Actual Loops": 1
                                                                        },
                                                                        {
                                                                            "Worker Number": 3,
                                                                            "Actual Startup Time": 0.047,
                                                                            "Actual Total Time": 70.144,
                                                                            "Actual Rows": 403256,
                                                                            "Actual Loops": 1
                                                                        },
                                                                        {
                                                                            "Worker Number": 4,
                                                                            "Actual Startup Time": 0.026,
                                                                            "Actual Total Time": 70.103,
                                                                            "Actual Rows": 401434,
                                                                            "Actual Loops": 1
                                                                        },
                                                                        {
                                                                            "Worker Number": 5,
                                                                            "Actual Startup Time": 0.046,
                                                                            "Actual Total Time": 72.335,
                                                                            "Actual Rows": 355111,
                                                                            "Actual Loops": 1
                                                                        }
                                                                    ]
                                                                }
                                                            ]
                                                        }
                                                    ]
                                                }
                                            ]
                                        }
                                    ]
                                }
                            ]
                        }
                    ]
                }
            ]
        },
        "Planning Time": 198.658,
        "Triggers": [],
        "Execution Time": 2872.999
    }
]