[
    {
        "Bao": {
            "Bao prediction": "NaN",
            "Bao recommended hint": "(no hint)"
        }
    },
    {
        "Plan": {
            "Node Type": "Aggregate",
            "Strategy": "Plain",
            "Partial Mode": "Simple",
            "Parallel Aware": false,
            "Startup Cost": 21345.6,
            "Total Cost": 21345.61,
            "Plan Rows": 1,
            "Plan Width": 8,
            "Actual Startup Time": 14.932,
            "Actual Total Time": 14.933,
            "Actual Rows": 1,
            "Actual Loops": 1,
            "Output": [
                "count(*)"
            ],
            "Plans": [
                {
                    "Node Type": "Bitmap Heap Scan",
                    "Parent Relationship": "Outer",
                    "Parallel Aware": false,
                    "Relation Name": "movie_keyword",
                    "Schema": "public",
                    "Alias": "mk",
                    "Startup Cost": 270.6,
                    "Total Cost": 21313.93,
                    "Plan Rows": 12667,
                    "Plan Width": 0,
                    "Actual Startup Time": 2.93,
                    "Actual Total Time": 14.227,
                    "Actual Rows": 12645,
                    "Actual Loops": 1,
                    "Recheck Cond": "(mk.keyword_id = 245)",
                    "Rows Removed by Index Recheck": 0,
                    "Exact Heap Blocks": 8382,
                    "Lossy Heap Blocks": 0,
                    "Plans": [
                        {
                            "Node Type": "Bitmap Index Scan",
                            "Parent Relationship": "Outer",
                            "Parallel Aware": false,
                            "Index Name": "keyword_id_movie_keyword",
                            "Startup Cost": 0.0,
                            "Total Cost": 267.44,
                            "Plan Rows": 12667,
                            "Plan Width": 0,
                            "Actual Startup Time": 1.611,
                            "Actual Total Time": 1.612,
                            "Actual Rows": 12645,
                            "Actual Loops": 1,
                            "Index Cond": "(mk.keyword_id = 245)"
                        }
                    ]
                }
            ]
        },
        "Planning Time": 195.157,
        "Triggers": [],
        "Execution Time": 14.971
    }
]