[
  {
    "Plan": {
      "Node Type": "Aggregate",
      "Strategy": "Plain",
      "Partial Mode": "Finalize",
      "Parallel Aware": false,
      "Startup Cost": 356146.22,
      "Total Cost": 356146.23,
      "Plan Rows": 1,
      "Plan Width": 8,
      "Actual Startup Time": 606.029,
      "Actual Total Time": 625.559,
      "Actual Rows": 1,
      "Actual Loops": 1,
      "Plans": [
        {
          "Node Type": "Gather",
          "Parent Relationship": "Outer",
          "Parallel Aware": false,
          "Startup Cost": 356145.6,
          "Total Cost": 356146.21,
          "Plan Rows": 6,
          "Plan Width": 8,
          "Actual Startup Time": 598.909,
          "Actual Total Time": 625.55,
          "Actual Rows": 7,
          "Actual Loops": 1,
          "Workers Planned": 6,
          "Workers Launched": 6,
          "Single Copy": false,
          "Plans": [
            {
              "Node Type": "Aggregate",
              "Strategy": "Plain",
              "Partial Mode": "Partial",
              "Parent Relationship": "Outer",
              "Parallel Aware": false,
              "Startup Cost": 355145.6,
              "Total Cost": 355145.61,
              "Plan Rows": 1,
              "Plan Width": 8,
              "Actual Startup Time": 575.485,
              "Actual Total Time": 575.489,
              "Actual Rows": 1,
              "Actual Loops": 7,
              "Plans": [
                {
                  "Node Type": "Hash Join",
                  "Parent Relationship": "Outer",
                  "Parallel Aware": true,
                  "Join Type": "Inner",
                  "Startup Cost": 96324.51,
                  "Total Cost": 354275.51,
                  "Plan Rows": 348034,
                  "Plan Width": 0,
                  "Actual Startup Time": 356.202,
                  "Actual Total Time": 560.845,
                  "Actual Rows": 287779,
                  "Actual Loops": 7,
                  "Inner Unique": true,
                  "Hash Cond": "(ci.movie_id = t.id)",
                  "Plans": [
                    {
                      "Node Type": "Bitmap Heap Scan",
                      "Parent Relationship": "Outer",
                      "Parallel Aware": true,
                      "Relation Name": "cast_info",
                      "Alias": "ci",
                      "Startup Cost": 46104.12,
                      "Total Cost": 303141.54,
                      "Plan Rows": 348034,
                      "Plan Width": 4,
                      "Actual Startup Time": 90.996,
                      "Actual Total Time": 159.4,
                      "Actual Rows": 287779,
                      "Actual Loops": 7,
                      "Recheck Cond": "(person_id > 3666252)",
                      "Rows Removed by Index Recheck": 0,
                      "Exact Heap Blocks": 4756,
                      "Lossy Heap Blocks": 0,
                      "Plans": [
                        {
                          "Node Type": "Bitmap Index Scan",
                          "Parent Relationship": "Outer",
                          "Parallel Aware": false,
                          "Index Name": "person_id_cast_info",
                          "Startup Cost": 0.0,
                          "Total Cost": 45582.07,
                          "Plan Rows": 2088201,
                          "Plan Width": 0,
                          "Actual Startup Time": 86.17,
                          "Actual Total Time": 86.171,
                          "Actual Rows": 2014451,
                          "Actual Loops": 1,
                          "Index Cond": "(person_id > 3666252)"
                        }
                      ]
                    },
                    {
                      "Node Type": "Hash",
                      "Parent Relationship": "Inner",
                      "Parallel Aware": true,
                      "Startup Cost": 42319.06,
                      "Total Cost": 42319.06,
                      "Plan Rows": 632106,
                      "Plan Width": 4,
                      "Actual Startup Time": 258.411,
                      "Actual Total Time": 258.412,
                      "Actual Rows": 361187,
                      "Actual Loops": 7,
                      "Hash Buckets": 4194304,
                      "Original Hash Buckets": 4194304,
                      "Hash Batches": 1,
                      "Original Hash Batches": 1,
                      "Peak Memory Usage": 131744,
                      "Plans": [
                        {
                          "Node Type": "Seq Scan",
                          "Parent Relationship": "Outer",
                          "Parallel Aware": true,
                          "Relation Name": "title",
                          "Alias": "t",
                          "Startup Cost": 0.0,
                          "Total Cost": 42319.06,
                          "Plan Rows": 632106,
                          "Plan Width": 4,
                          "Actual Startup Time": 0.032,
                          "Actual Total Time": 80.387,
                          "Actual Rows": 361187,
                          "Actual Loops": 7
                        }
                      ]
                    }
                  ]
                }
              ]
            }
          ]
        }
      ]
    },
    "Planning Time": 0.617,
    "Triggers": [],
    "Execution Time": 625.655
  }
]