[
  {
    "Plan": {
      "Node Type": "Aggregate",
      "Strategy": "Plain",
      "Partial Mode": "Finalize",
      "Parallel Aware": false,
      "Startup Cost": 32701.68,
      "Total Cost": 32701.69,
      "Plan Rows": 1,
      "Plan Width": 8,
      "Actual Startup Time": 77.949,
      "Actual Total Time": 83.811,
      "Actual Rows": 1,
      "Actual Loops": 1,
      "Plans": [
        {
          "Node Type": "Gather",
          "Parent Relationship": "Outer",
          "Parallel Aware": false,
          "Startup Cost": 32701.36,
          "Total Cost": 32701.67,
          "Plan Rows": 3,
          "Plan Width": 8,
          "Actual Startup Time": 77.844,
          "Actual Total Time": 83.802,
          "Actual Rows": 4,
          "Actual Loops": 1,
          "Workers Planned": 3,
          "Workers Launched": 3,
          "Single Copy": false,
          "Plans": [
            {
              "Node Type": "Aggregate",
              "Strategy": "Plain",
              "Partial Mode": "Partial",
              "Parent Relationship": "Outer",
              "Parallel Aware": false,
              "Startup Cost": 31701.36,
              "Total Cost": 31701.37,
              "Plan Rows": 1,
              "Plan Width": 8,
              "Actual Startup Time": 71.138,
              "Actual Total Time": 71.14,
              "Actual Rows": 1,
              "Actual Loops": 4,
              "Plans": [
                {
                  "Node Type": "Seq Scan",
                  "Parent Relationship": "Outer",
                  "Parallel Aware": true,
                  "Relation Name": "movie_companies",
                  "Alias": "mc",
                  "Startup Cost": 0.0,
                  "Total Cost": 31414.82,
                  "Plan Rows": 114618,
                  "Plan Width": 0,
                  "Actual Startup Time": 29.267,
                  "Actual Total Time": 70.526,
                  "Actual Rows": 11576,
                  "Actual Loops": 4,
                  "Filter": "((company_id > 39432) AND (company_type_id = 1))",
                  "Rows Removed by Filter": 640706
                }
              ]
            }
          ]
        }
      ]
    },
    "Planning Time": 0.217,
    "Triggers": [],
    "Execution Time": 83.865
  }
]