[
  {
    "Plan": {
      "Node Type": "Aggregate",
      "Strategy": "Plain",
      "Partial Mode": "Finalize",
      "Parallel Aware": false,
      "Startup Cost": 89769.88,
      "Total Cost": 89769.89,
      "Plan Rows": 1,
      "Plan Width": 8,
      "Actual Startup Time": 315.996,
      "Actual Total Time": 332.915,
      "Actual Rows": 1,
      "Actual Loops": 1,
      "Plans": [
        {
          "Node Type": "Gather",
          "Parent Relationship": "Outer",
          "Parallel Aware": false,
          "Startup Cost": 89769.56,
          "Total Cost": 89769.87,
          "Plan Rows": 3,
          "Plan Width": 8,
          "Actual Startup Time": 314.844,
          "Actual Total Time": 332.905,
          "Actual Rows": 4,
          "Actual Loops": 1,
          "Workers Planned": 3,
          "Workers Launched": 3,
          "Single Copy": false,
          "Plans": [
            {
              "Node Type": "Aggregate",
              "Strategy": "Plain",
              "Partial Mode": "Partial",
              "Parent Relationship": "Outer",
              "Parallel Aware": false,
              "Startup Cost": 88769.56,
              "Total Cost": 88769.57,
              "Plan Rows": 1,
              "Plan Width": 8,
              "Actual Startup Time": 310.462,
              "Actual Total Time": 310.534,
              "Actual Rows": 1,
              "Actual Loops": 4,
              "Plans": [
                {
                  "Node Type": "Hash Join",
                  "Parent Relationship": "Outer",
                  "Parallel Aware": true,
                  "Join Type": "Inner",
                  "Startup Cost": 45761.21,
                  "Total Cost": 88639.29,
                  "Plan Rows": 52107,
                  "Plan Width": 0,
                  "Actual Startup Time": 109.86,
                  "Actual Total Time": 303.259,
                  "Actual Rows": 173068,
                  "Actual Loops": 4,
                  "Inner Unique": true,
                  "Hash Cond": "(mk.movie_id = t.id)",
                  "Plans": [
                    {
                      "Node Type": "Seq Scan",
                      "Parent Relationship": "Outer",
                      "Parallel Aware": true,
                      "Relation Name": "movie_keyword",
                      "Alias": "mk",
                      "Startup Cost": 0.0,
                      "Total Cost": 39047.32,
                      "Plan Rows": 1459332,
                      "Plan Width": 4,
                      "Actual Startup Time": 0.025,
                      "Actual Total Time": 89.246,
                      "Actual Rows": 1130982,
                      "Actual Loops": 4
                    },
                    {
                      "Node Type": "Hash",
                      "Parent Relationship": "Inner",
                      "Parallel Aware": true,
                      "Startup Cost": 45479.1,
                      "Total Cost": 45479.1,
                      "Plan Rows": 22569,
                      "Plan Width": 4,
                      "Actual Startup Time": 108.484,
                      "Actual Total Time": 108.485,
                      "Actual Rows": 48743,
                      "Actual Loops": 4,
                      "Hash Buckets": 262144,
                      "Original Hash Buckets": 131072,
                      "Hash Batches": 1,
                      "Original Hash Batches": 1,
                      "Peak Memory Usage": 10720,
                      "Plans": [
                        {
                          "Node Type": "Seq Scan",
                          "Parent Relationship": "Outer",
                          "Parallel Aware": true,
                          "Relation Name": "title",
                          "Alias": "t",
                          "Startup Cost": 0.0,
                          "Total Cost": 45479.1,
                          "Plan Rows": 22569,
                          "Plan Width": 4,
                          "Actual Startup Time": 0.169,
                          "Actual Total Time": 89.833,
                          "Actual Rows": 48743,
                          "Actual Loops": 4,
                          "Filter": "((kind_id < 7) AND (production_year < 1960))",
                          "Rows Removed by Filter": 583335
                        }
                      ]
                    }
                  ]
                }
              ]
            }
          ]
        }
      ]
    },
    "Planning Time": 0.367,
    "Triggers": [],
    "Execution Time": 332.975
  }
]