[
    {
        "Bao": {
            "Bao prediction": "NaN",
            "Bao recommended hint": "(no hint)"
        }
    },
    {
        "Plan": {
            "Node Type": "Aggregate",
            "Strategy": "Plain",
            "Partial Mode": "Finalize",
            "Parallel Aware": false,
            "Startup Cost": 273868.7,
            "Total Cost": 273868.71,
            "Plan Rows": 1,
            "Plan Width": 8,
            "Actual Startup Time": 111.177,
            "Actual Total Time": 115.069,
            "Actual Rows": 1,
            "Actual Loops": 1,
            "Output": [
                "count(*)"
            ],
            "Plans": [
                {
                    "Node Type": "Gather",
                    "Parent Relationship": "Outer",
                    "Parallel Aware": false,
                    "Startup Cost": 273868.08,
                    "Total Cost": 273868.69,
                    "Plan Rows": 6,
                    "Plan Width": 8,
                    "Actual Startup Time": 110.844,
                    "Actual Total Time": 115.061,
                    "Actual Rows": 7,
                    "Actual Loops": 1,
                    "Output": [
                        "(PARTIAL count(*))"
                    ],
                    "Workers Planned": 6,
                    "Workers Launched": 6,
                    "Single Copy": false,
                    "Plans": [
                        {
                            "Node Type": "Aggregate",
                            "Strategy": "Plain",
                            "Partial Mode": "Partial",
                            "Parent Relationship": "Outer",
                            "Parallel Aware": false,
                            "Startup Cost": 272868.08,
                            "Total Cost": 272868.09,
                            "Plan Rows": 1,
                            "Plan Width": 8,
                            "Actual Startup Time": 100.025,
                            "Actual Total Time": 100.027,
                            "Actual Rows": 1,
                            "Actual Loops": 7,
                            "Output": [
                                "PARTIAL count(*)"
                            ],
                            "Workers": [
                                {
                                    "Worker Number": 0,
                                    "Actual Startup Time": 97.624,
                                    "Actual Total Time": 97.625,
                                    "Actual Rows": 1,
                                    "Actual Loops": 1
                                },
                                {
                                    "Worker Number": 1,
                                    "Actual Startup Time": 97.669,
                                    "Actual Total Time": 97.67,
                                    "Actual Rows": 1,
                                    "Actual Loops": 1
                                },
                                {
                                    "Worker Number": 2,
                                    "Actual Startup Time": 98.496,
                                    "Actual Total Time": 98.497,
                                    "Actual Rows": 1,
                                    "Actual Loops": 1
                                },
                                {
                                    "Worker Number": 3,
                                    "Actual Startup Time": 98.661,
                                    "Actual Total Time": 98.663,
                                    "Actual Rows": 1,
                                    "Actual Loops": 1
                                },
                                {
                                    "Worker Number": 4,
                                    "Actual Startup Time": 98.776,
                                    "Actual Total Time": 98.778,
                                    "Actual Rows": 1,
                                    "Actual Loops": 1
                                },
                                {
                                    "Worker Number": 5,
                                    "Actual Startup Time": 98.974,
                                    "Actual Total Time": 98.976,
                                    "Actual Rows": 1,
                                    "Actual Loops": 1
                                }
                            ],
                            "Plans": [
                                {
                                    "Node Type": "Bitmap Heap Scan",
                                    "Parent Relationship": "Outer",
                                    "Parallel Aware": true,
                                    "Relation Name": "cast_info",
                                    "Schema": "public",
                                    "Alias": "ci",
                                    "Startup Cost": 18128.27,
                                    "Total Cost": 272525.94,
                                    "Plan Rows": 136854,
                                    "Plan Width": 0,
                                    "Actual Startup Time": 45.202,
                                    "Actual Total Time": 91.445,
                                    "Actual Rows": 128119,
                                    "Actual Loops": 7,
                                    "Recheck Cond": "(ci.person_id > 3889621)",
                                    "Rows Removed by Index Recheck": 0,
                                    "Exact Heap Blocks": 4237,
                                    "Lossy Heap Blocks": 0,
                                    "Workers": [
                                        {
                                            "Worker Number": 0,
                                            "Actual Startup Time": 42.743,
                                            "Actual Total Time": 89.395,
                                            "Actual Rows": 87127,
                                            "Actual Loops": 1
                                        },
                                        {
                                            "Worker Number": 1,
                                            "Actual Startup Time": 42.821,
                                            "Actual Total Time": 89.562,
                                            "Actual Rows": 105639,
                                            "Actual Loops": 1
                                        },
                                        {
                                            "Worker Number": 2,
                                            "Actual Startup Time": 43.793,
                                            "Actual Total Time": 90.247,
                                            "Actual Rows": 101302,
                                            "Actual Loops": 1
                                        },
                                        {
                                            "Worker Number": 3,
                                            "Actual Startup Time": 44.188,
                                            "Actual Total Time": 90.694,
                                            "Actual Rows": 106301,
                                            "Actual Loops": 1
                                        },
                                        {
                                            "Worker Number": 4,
                                            "Actual Startup Time": 44.044,
                                            "Actual Total Time": 90.572,
                                            "Actual Rows": 109852,
                                            "Actual Loops": 1
                                        },
                                        {
                                            "Worker Number": 5,
                                            "Actual Startup Time": 44.088,
                                            "Actual Total Time": 91.343,
                                            "Actual Rows": 98823,
                                            "Actual Loops": 1
                                        }
                                    ],
                                    "Plans": [
                                        {
                                            "Node Type": "Bitmap Index Scan",
                                            "Parent Relationship": "Outer",
                                            "Parallel Aware": false,
                                            "Index Name": "person_id_cast_info",
                                            "Startup Cost": 0.0,
                                            "Total Cost": 17922.99,
                                            "Plan Rows": 821123,
                                            "Plan Width": 0,
                                            "Actual Startup Time": 53.011,
                                            "Actual Total Time": 53.011,
                                            "Actual Rows": 896830,
                                            "Actual Loops": 1,
                                            "Index Cond": "(ci.person_id > 3889621)"
                                        }
                                    ]
                                }
                            ]
                        }
                    ]
                }
            ]
        },
        "Planning Time": 195.14,
        "Triggers": [],
        "Execution Time": 115.219
    }
]