[
  {
    "Plan": {
      "Node Type": "Aggregate",
      "Strategy": "Plain",
      "Partial Mode": "Finalize",
      "Parallel Aware": false,
      "Startup Cost": 388326.12,
      "Total Cost": 388326.13,
      "Plan Rows": 1,
      "Plan Width": 8,
      "Actual Startup Time": 1940.254,
      "Actual Total Time": 1996.499,
      "Actual Rows": 1,
      "Actual Loops": 1,
      "Plans": [
        {
          "Node Type": "Gather",
          "Parent Relationship": "Outer",
          "Parallel Aware": false,
          "Startup Cost": 388325.5,
          "Total Cost": 388326.11,
          "Plan Rows": 6,
          "Plan Width": 8,
          "Actual Startup Time": 1932.298,
          "Actual Total Time": 1996.469,
          "Actual Rows": 7,
          "Actual Loops": 1,
          "Workers Planned": 6,
          "Workers Launched": 6,
          "Single Copy": false,
          "Plans": [
            {
              "Node Type": "Aggregate",
              "Strategy": "Plain",
              "Partial Mode": "Partial",
              "Parent Relationship": "Outer",
              "Parallel Aware": false,
              "Startup Cost": 387325.5,
              "Total Cost": 387325.51,
              "Plan Rows": 1,
              "Plan Width": 8,
              "Actual Startup Time": 1922.907,
              "Actual Total Time": 1922.912,
              "Actual Rows": 1,
              "Actual Loops": 7,
              "Plans": [
                {
                  "Node Type": "Hash Join",
                  "Parent Relationship": "Outer",
                  "Parallel Aware": true,
                  "Join Type": "Inner",
                  "Startup Cost": 46982.15,
                  "Total Cost": 384038.74,
                  "Plan Rows": 1314704,
                  "Plan Width": 0,
                  "Actual Startup Time": 145.893,
                  "Actual Total Time": 1855.748,
                  "Actual Rows": 1184333,
                  "Actual Loops": 7,
                  "Inner Unique": true,
                  "Hash Cond": "(ci.movie_id = t.id)",
                  "Plans": [
                    {
                      "Node Type": "Seq Scan",
                      "Parent Relationship": "Outer",
                      "Parallel Aware": true,
                      "Relation Name": "cast_info",
                      "Alias": "ci",
                      "Startup Cost": 0.0,
                      "Total Cost": 328211.39,
                      "Plan Rows": 3369596,
                      "Plan Width": 4,
                      "Actual Startup Time": 0.037,
                      "Actual Total Time": 805.05,
                      "Actual Rows": 2874666,
                      "Actual Loops": 7,
                      "Filter": "(role_id < 3)",
                      "Rows Removed by Filter": 2303098
                    },
                    {
                      "Node Type": "Hash",
                      "Parent Relationship": "Inner",
                      "Parallel Aware": true,
                      "Startup Cost": 43899.32,
                      "Total Cost": 43899.32,
                      "Plan Rows": 246626,
                      "Plan Width": 4,
                      "Actual Startup Time": 143.786,
                      "Actual Total Time": 143.787,
                      "Actual Rows": 140721,
                      "Actual Loops": 7,
                      "Hash Buckets": 1048576,
                      "Original Hash Buckets": 1048576,
                      "Hash Batches": 1,
                      "Original Hash Batches": 1,
                      "Peak Memory Usage": 46848,
                      "Plans": [
                        {
                          "Node Type": "Seq Scan",
                          "Parent Relationship": "Outer",
                          "Parallel Aware": true,
                          "Relation Name": "title",
                          "Alias": "t",
                          "Startup Cost": 0.0,
                          "Total Cost": 43899.32,
                          "Plan Rows": 246626,
                          "Plan Width": 4,
                          "Actual Startup Time": 0.05,
                          "Actual Total Time": 81.529,
                          "Actual Rows": 140721,
                          "Actual Loops": 7,
                          "Filter": "(kind_id < 7)",
                          "Rows Removed by Filter": 220466
                        }
                      ]
                    }
                  ]
                }
              ]
            }
          ]
        }
      ]
    },
    "Planning Time": 0.211,
    "Triggers": [],
    "Execution Time": 1996.546
  }
]