[
  {
    "Plan": {
      "Node Type": "Aggregate",
      "Strategy": "Plain",
      "Partial Mode": "Finalize",
      "Parallel Aware": false,
      "Startup Cost": 229708.65,
      "Total Cost": 229708.66,
      "Plan Rows": 1,
      "Plan Width": 8,
      "Actual Startup Time": 2312.396,
      "Actual Total Time": 2391.415,
      "Actual Rows": 1,
      "Actual Loops": 1,
      "Plans": [
        {
          "Node Type": "Gather",
          "Parent Relationship": "Outer",
          "Parallel Aware": false,
          "Startup Cost": 229708.33,
          "Total Cost": 229708.64,
          "Plan Rows": 3,
          "Plan Width": 8,
          "Actual Startup Time": 2294.543,
          "Actual Total Time": 2391.405,
          "Actual Rows": 4,
          "Actual Loops": 1,
          "Workers Planned": 3,
          "Workers Launched": 3,
          "Single Copy": false,
          "Plans": [
            {
              "Node Type": "Aggregate",
              "Strategy": "Plain",
              "Partial Mode": "Partial",
              "Parent Relationship": "Outer",
              "Parallel Aware": false,
              "Startup Cost": 228708.33,
              "Total Cost": 228708.34,
              "Plan Rows": 1,
              "Plan Width": 8,
              "Actual Startup Time": 2281.2,
              "Actual Total Time": 2281.205,
              "Actual Rows": 1,
              "Actual Loops": 4,
              "Plans": [
                {
                  "Node Type": "Nested Loop",
                  "Parent Relationship": "Outer",
                  "Parallel Aware": false,
                  "Join Type": "Inner",
                  "Startup Cost": 54985.7,
                  "Total Cost": 226165.57,
                  "Plan Rows": 1017105,
                  "Plan Width": 0,
                  "Actual Startup Time": 403.674,
                  "Actual Total Time": 2192.201,
                  "Actual Rows": 1509256,
                  "Actual Loops": 4,
                  "Inner Unique": false,
                  "Plans": [
                    {
                      "Node Type": "Hash Join",
                      "Parent Relationship": "Outer",
                      "Parallel Aware": true,
                      "Join Type": "Inner",
                      "Startup Cost": 54985.13,
                      "Total Cost": 74848.09,
                      "Plan Rows": 70939,
                      "Plan Width": 8,
                      "Actual Startup Time": 403.56,
                      "Actual Total Time": 485.283,
                      "Actual Rows": 53801,
                      "Actual Loops": 4,
                      "Inner Unique": true,
                      "Hash Cond": "(mc.movie_id = t.id)",
                      "Plans": [
                        {
                          "Node Type": "Bitmap Heap Scan",
                          "Parent Relationship": "Outer",
                          "Parallel Aware": true,
                          "Relation Name": "movie_companies",
                          "Alias": "mc",
                          "Startup Cost": 4764.75,
                          "Total Cost": 24441.49,
                          "Plan Rows": 70939,
                          "Plan Width": 4,
                          "Actual Startup Time": 11.01,
                          "Actual Total Time": 39.504,
                          "Actual Rows": 53801,
                          "Actual Loops": 4,
                          "Recheck Cond": "(company_id < 73)",
                          "Rows Removed by Index Recheck": 0,
                          "Exact Heap Blocks": 5331,
                          "Lossy Heap Blocks": 0,
                          "Plans": [
                            {
                              "Node Type": "Bitmap Index Scan",
                              "Parent Relationship": "Outer",
                              "Parallel Aware": false,
                              "Index Name": "company_id_movie_companies",
                              "Startup Cost": 0.0,
                              "Total Cost": 4709.77,
                              "Plan Rows": 219912,
                              "Plan Width": 0,
                              "Actual Startup Time": 8.716,
                              "Actual Total Time": 8.717,
                              "Actual Rows": 215203,
                              "Actual Loops": 1,
                              "Index Cond": "(company_id < 73)"
                            }
                          ]
                        },
                        {
                          "Node Type": "Hash",
                          "Parent Relationship": "Inner",
                          "Parallel Aware": true,
                          "Startup Cost": 42319.06,
                          "Total Cost": 42319.06,
                          "Plan Rows": 632106,
                          "Plan Width": 4,
                          "Actual Startup Time": 384.032,
                          "Actual Total Time": 384.033,
                          "Actual Rows": 632078,
                          "Actual Loops": 4,
                          "Hash Buckets": 4194304,
                          "Original Hash Buckets": 4194304,
                          "Hash Batches": 1,
                          "Original Hash Batches": 1,
                          "Peak Memory Usage": 131744,
                          "Plans": [
                            {
                              "Node Type": "Seq Scan",
                              "Parent Relationship": "Outer",
                              "Parallel Aware": true,
                              "Relation Name": "title",
                              "Alias": "t",
                              "Startup Cost": 0.0,
                              "Total Cost": 42319.06,
                              "Plan Rows": 632106,
                              "Plan Width": 4,
                              "Actual Startup Time": 0.04,
                              "Actual Total Time": 120.769,
                              "Actual Rows": 632078,
                              "Actual Loops": 4
                            }
                          ]
                        }
                      ]
                    },
                    {
                      "Node Type": "Index Only Scan",
                      "Parent Relationship": "Inner",
                      "Parallel Aware": false,
                      "Scan Direction": "Forward",
                      "Index Name": "movie_id_cast_info",
                      "Relation Name": "cast_info",
                      "Alias": "ci",
                      "Startup Cost": 0.56,
                      "Total Cost": 1.78,
                      "Plan Rows": 35,
                      "Plan Width": 4,
                      "Actual Startup Time": 0.005,
                      "Actual Total Time": 0.029,
                      "Actual Rows": 28,
                      "Actual Loops": 215203,
                      "Index Cond": "(movie_id = t.id)",
                      "Rows Removed by Index Recheck": 0,
                      "Heap Fetches": 6037026
                    }
                  ]
                }
              ]
            }
          ]
        }
      ]
    },
    "Planning Time": 0.499,
    "Triggers": [],
    "Execution Time": 2391.491
  }
]