[
  {
    "Plan": {
      "Node Type": "Aggregate",
      "Strategy": "Plain",
      "Partial Mode": "Finalize",
      "Parallel Aware": false,
      "Startup Cost": 79383.93,
      "Total Cost": 79383.94,
      "Plan Rows": 1,
      "Plan Width": 8,
      "Actual Startup Time": 247.209,
      "Actual Total Time": 263.16,
      "Actual Rows": 1,
      "Actual Loops": 1,
      "Plans": [
        {
          "Node Type": "Gather",
          "Parent Relationship": "Outer",
          "Parallel Aware": false,
          "Startup Cost": 79383.61,
          "Total Cost": 79383.92,
          "Plan Rows": 3,
          "Plan Width": 8,
          "Actual Startup Time": 245.743,
          "Actual Total Time": 263.152,
          "Actual Rows": 4,
          "Actual Loops": 1,
          "Workers Planned": 3,
          "Workers Launched": 3,
          "Single Copy": false,
          "Plans": [
            {
              "Node Type": "Aggregate",
              "Strategy": "Plain",
              "Partial Mode": "Partial",
              "Parent Relationship": "Outer",
              "Parallel Aware": false,
              "Startup Cost": 78383.61,
              "Total Cost": 78383.62,
              "Plan Rows": 1,
              "Plan Width": 8,
              "Actual Startup Time": 236.515,
              "Actual Total Time": 236.589,
              "Actual Rows": 1,
              "Actual Loops": 4,
              "Plans": [
                {
                  "Node Type": "Hash Join",
                  "Parent Relationship": "Outer",
                  "Parallel Aware": true,
                  "Join Type": "Inner",
                  "Startup Cost": 46007.35,
                  "Total Cost": 78326.06,
                  "Plan Rows": 23022,
                  "Plan Width": 0,
                  "Actual Startup Time": 162.063,
                  "Actual Total Time": 234.734,
                  "Actual Rows": 45138,
                  "Actual Loops": 4,
                  "Inner Unique": true,
                  "Hash Cond": "(mc.movie_id = t.id)",
                  "Plans": [
                    {
                      "Node Type": "Seq Scan",
                      "Parent Relationship": "Outer",
                      "Parallel Aware": true,
                      "Relation Name": "movie_companies",
                      "Alias": "mc",
                      "Startup Cost": 0.0,
                      "Total Cost": 31414.82,
                      "Plan Rows": 344340,
                      "Plan Width": 4,
                      "Actual Startup Time": 30.038,
                      "Actual Total Time": 63.947,
                      "Actual Rows": 204138,
                      "Actual Loops": 4,
                      "Filter": "((company_id < 73455) AND (company_type_id = 2))",
                      "Rows Removed by Filter": 448144
                    },
                    {
                      "Node Type": "Hash",
                      "Parent Relationship": "Inner",
                      "Parallel Aware": true,
                      "Startup Cost": 45479.1,
                      "Total Cost": 45479.1,
                      "Plan Rows": 42260,
                      "Plan Width": 4,
                      "Actual Startup Time": 129.813,
                      "Actual Total Time": 129.813,
                      "Actual Rows": 76546,
                      "Actual Loops": 4,
                      "Hash Buckets": 524288,
                      "Original Hash Buckets": 262144,
                      "Hash Batches": 1,
                      "Original Hash Batches": 1,
                      "Peak Memory Usage": 18208,
                      "Plans": [
                        {
                          "Node Type": "Seq Scan",
                          "Parent Relationship": "Outer",
                          "Parallel Aware": true,
                          "Relation Name": "title",
                          "Alias": "t",
                          "Startup Cost": 0.0,
                          "Total Cost": 45479.1,
                          "Plan Rows": 42260,
                          "Plan Width": 4,
                          "Actual Startup Time": 0.12,
                          "Actual Total Time": 97.983,
                          "Actual Rows": 76546,
                          "Actual Loops": 4,
                          "Filter": "((kind_id < 4) AND (production_year < 1980))",
                          "Rows Removed by Filter": 555532
                        }
                      ]
                    }
                  ]
                }
              ]
            }
          ]
        }
      ]
    },
    "Planning Time": 0.633,
    "Triggers": [],
    "Execution Time": 263.228
  }
]