{
  "Plan": {
    "Node Type": "Aggregate",
    "Strategy": "Plain",
    "Partial Mode": "Finalize",
    "Parallel Aware": false,
    "Startup Cost": 410623.74,
    "Total Cost": 410623.75,
    "Plan Rows": 1,
    "Plan Width": 8,
    "Actual Startup Time": 1937.56,
    "Actual Total Time": 1993.411,
    "Actual Rows": 1,
    "Actual Loops": 1,
    "Plans": [
      {
        "Node Type": "Gather",
        "Parent Relationship": "Outer",
        "Parallel Aware": false,
        "Startup Cost": 410623.62,
        "Total Cost": 410623.73,
        "Plan Rows": 1,
        "Plan Width": 8,
        "Actual Startup Time": 1933.546,
        "Actual Total Time": 1993.402,
        "Actual Rows": 2,
        "Actual Loops": 1,
        "Workers Planned": 1,
        "Workers Launched": 1,
        "Single Copy": false,
        "Plans": [
          {
            "Node Type": "Aggregate",
            "Strategy": "Plain",
            "Partial Mode": "Partial",
            "Parent Relationship": "Outer",
            "Parallel Aware": false,
            "Startup Cost": 409623.62,
            "Total Cost": 409623.63,
            "Plan Rows": 1,
            "Plan Width": 8,
            "Actual Startup Time": 1929.777,
            "Actual Total Time": 1929.783,
            "Actual Rows": 1,
            "Actual Loops": 2,
            "Plans": [
              {
                "Node Type": "Hash Join",
                "Parent Relationship": "Outer",
                "Parallel Aware": true,
                "Join Type": "Inner",
                "Startup Cost": 115371.58,
                "Total Cost": 405840.3,
                "Plan Rows": 1513331,
                "Plan Width": 0,
                "Actual Startup Time": 579.235,
                "Actual Total Time": 1904.814,
                "Actual Rows": 569766,
                "Actual Loops": 2,
                "Inner Unique": false,
                "Hash Cond": "(mi.movie_id = t.id)",
                "Plans": [
                  {
                    "Node Type": "Seq Scan",
                    "Parent Relationship": "Outer",
                    "Parallel Aware": true,
                    "Relation Name": "movie_info",
                    "Alias": "mi",
                    "Startup Cost": 0.0,
                    "Total Cost": 248955.74,
                    "Plan Rows": 8696274,
                    "Plan Width": 4,
                    "Actual Startup Time": 0.017,
                    "Actual Total Time": 621.196,
                    "Actual Rows": 7417860,
                    "Actual Loops": 2
                  },
                  {
                    "Node Type": "Hash",
                    "Parent Relationship": "Inner",
                    "Parallel Aware": true,
                    "Startup Cost": 112136.47,
                    "Total Cost": 112136.47,
                    "Plan Rows": 258809,
                    "Plan Width": 8,
                    "Actual Startup Time": 575.342,
                    "Actual Total Time": 575.346,
                    "Actual Rows": 57591,
                    "Actual Loops": 2,
                    "Hash Buckets": 524288,
                    "Original Hash Buckets": 524288,
                    "Hash Batches": 1,
                    "Original Hash Batches": 1,
                    "Peak Memory Usage": 8640,
                    "Plans": [
                      {
                        "Node Type": "Hash Join",
                        "Parent Relationship": "Outer",
                        "Parallel Aware": true,
                        "Join Type": "Inner",
                        "Startup Cost": 81242.76,
                        "Total Cost": 112136.47,
                        "Plan Rows": 258809,
                        "Plan Width": 8,
                        "Actual Startup Time": 416.671,
                        "Actual Total Time": 562.404,
                        "Actual Rows": 57591,
                        "Actual Loops": 2,
                        "Inner Unique": true,
                        "Hash Cond": "(mk.movie_id = t.id)",
                        "Plans": [
                          {
                            "Node Type": "Bitmap Heap Scan",
                            "Parent Relationship": "Outer",
                            "Parallel Aware": true,
                            "Relation Name": "movie_keyword",
                            "Alias": "mk",
                            "Startup Cost": 15353.9,
                            "Total Cost": 45129.97,
                            "Plan Rows": 425766,
                            "Plan Width": 4,
                            "Actual Startup Time": 46.403,
                            "Actual Total Time": 123.848,
                            "Actual Rows": 357496,
                            "Actual Loops": 2,
                            "Recheck Cond": "(keyword_id > 26350)",
                            "Rows Removed by Index Recheck": 0,
                            "Exact Heap Blocks": 12280,
                            "Lossy Heap Blocks": 0,
                            "Plans": [
                              {
                                "Node Type": "Bitmap Index Scan",
                                "Parent Relationship": "Outer",
                                "Parallel Aware": false,
                                "Index Name": "keyword_id_movie_keyword",
                                "Startup Cost": 0.0,
                                "Total Cost": 15172.95,
                                "Plan Rows": 723802,
                                "Plan Width": 0,
                                "Actual Startup Time": 42.857,
                                "Actual Total Time": 42.857,
                                "Actual Rows": 714993,
                                "Actual Loops": 1,
                                "Index Cond": "(keyword_id > 26350)"
                              }
                            ]
                          },
                          {
                            "Node Type": "Hash",
                            "Parent Relationship": "Inner",
                            "Parallel Aware": true,
                            "Startup Cost": 54588.39,
                            "Total Cost": 54588.39,
                            "Plan Rows": 904038,
                            "Plan Width": 4,
                            "Actual Startup Time": 361.122,
                            "Actual Total Time": 361.123,
                            "Actual Rows": 771632,
                            "Actual Loops": 2,
                            "Hash Buckets": 2097152,
                            "Original Hash Buckets": 2097152,
                            "Hash Batches": 1,
                            "Original Hash Batches": 1,
                            "Peak Memory Usage": 76800,
                            "Plans": [
                              {
                                "Node Type": "Seq Scan",
                                "Parent Relationship": "Outer",
                                "Parallel Aware": true,
                                "Relation Name": "title",
                                "Alias": "t",
                                "Startup Cost": 0.0,
                                "Total Cost": 54588.39,
                                "Plan Rows": 904038,
                                "Plan Width": 4,
                                "Actual Startup Time": 0.03,
                                "Actual Total Time": 157.869,
                                "Actual Rows": 771632,
                                "Actual Loops": 2,
                                "Filter": "(kind_id = 7)",
                                "Rows Removed by Filter": 492524
                              }
                            ]
                          }
                        ]
                      }
                    ]
                  }
                ]
              }
            ]
          }
        ]
      }
    ]
  },
  "Planning Time": 0.481,
  "Triggers": [],
  "Execution Time": 1993.487
}