[
  {
    "Plan": {
      "Node Type": "Aggregate",
      "Strategy": "Plain",
      "Partial Mode": "Finalize",
      "Parallel Aware": false,
      "Startup Cost": 428787.69,
      "Total Cost": 428787.7,
      "Plan Rows": 1,
      "Plan Width": 8,
      "Actual Startup Time": 2231.661,
      "Actual Total Time": 2296.791,
      "Actual Rows": 1,
      "Actual Loops": 1,
      "Plans": [
        {
          "Node Type": "Gather",
          "Parent Relationship": "Outer",
          "Parallel Aware": false,
          "Startup Cost": 428787.07,
          "Total Cost": 428787.68,
          "Plan Rows": 6,
          "Plan Width": 8,
          "Actual Startup Time": 2222.448,
          "Actual Total Time": 2296.778,
          "Actual Rows": 7,
          "Actual Loops": 1,
          "Workers Planned": 6,
          "Workers Launched": 6,
          "Single Copy": false,
          "Plans": [
            {
              "Node Type": "Aggregate",
              "Strategy": "Plain",
              "Partial Mode": "Partial",
              "Parent Relationship": "Outer",
              "Parallel Aware": false,
              "Startup Cost": 427787.07,
              "Total Cost": 427787.08,
              "Plan Rows": 1,
              "Plan Width": 8,
              "Actual Startup Time": 2211.782,
              "Actual Total Time": 2212.043,
              "Actual Rows": 1,
              "Actual Loops": 7,
              "Plans": [
                {
                  "Node Type": "Hash Join",
                  "Parent Relationship": "Outer",
                  "Parallel Aware": true,
                  "Join Type": "Inner",
                  "Startup Cost": 68271.29,
                  "Total Cost": 423423.03,
                  "Plan Rows": 1745613,
                  "Plan Width": 0,
                  "Actual Startup Time": 308.824,
                  "Actual Total Time": 2082.814,
                  "Actual Rows": 2709068,
                  "Actual Loops": 7,
                  "Inner Unique": false,
                  "Hash Cond": "(ci.movie_id = t.id)",
                  "Plans": [
                    {
                      "Node Type": "Seq Scan",
                      "Parent Relationship": "Outer",
                      "Parallel Aware": true,
                      "Relation Name": "cast_info",
                      "Alias": "ci",
                      "Startup Cost": 0.0,
                      "Total Cost": 328162.03,
                      "Plan Rows": 5257691,
                      "Plan Width": 4,
                      "Actual Startup Time": 0.025,
                      "Actual Total Time": 765.449,
                      "Actual Rows": 4515030,
                      "Actual Loops": 7,
                      "Filter": "(role_id < 10)",
                      "Rows Removed by Filter": 662734
                    },
                    {
                      "Node Type": "Hash",
                      "Parent Relationship": "Inner",
                      "Parallel Aware": true,
                      "Startup Cost": 63899.3,
                      "Total Cost": 63899.3,
                      "Plan Rows": 349759,
                      "Plan Width": 8,
                      "Actual Startup Time": 305.5,
                      "Actual Total Time": 305.759,
                      "Actual Rows": 108396,
                      "Actual Loops": 7,
                      "Hash Buckets": 1048576,
                      "Original Hash Buckets": 1048576,
                      "Hash Batches": 1,
                      "Original Hash Batches": 1,
                      "Peak Memory Usage": 37952,
                      "Plans": [
                        {
                          "Node Type": "Hash Join",
                          "Parent Relationship": "Outer",
                          "Parallel Aware": true,
                          "Join Type": "Inner",
                          "Startup Cost": 48704.74,
                          "Total Cost": 63899.3,
                          "Plan Rows": 349759,
                          "Plan Width": 8,
                          "Actual Startup Time": 199.132,
                          "Actual Total Time": 270.231,
                          "Actual Rows": 108396,
                          "Actual Loops": 7,
                          "Inner Unique": true,
                          "Hash Cond": "(mi_idx.movie_id = t.id)",
                          "Plans": [
                            {
                              "Node Type": "Seq Scan",
                              "Parent Relationship": "Outer",
                              "Parallel Aware": true,
                              "Relation Name": "movie_info_idx",
                              "Alias": "mi_idx",
                              "Startup Cost": 0.0,
                              "Total Cost": 13685.15,
                              "Plan Rows": 575015,
                              "Plan Width": 4,
                              "Actual Startup Time": 0.028,
                              "Actual Total Time": 20.621,
                              "Actual Rows": 197148,
                              "Actual Loops": 7
                            },
                            {
                              "Node Type": "Hash",
                              "Parent Relationship": "Inner",
                              "Parallel Aware": true,
                              "Startup Cost": 43898.92,
                              "Total Cost": 43898.92,
                              "Plan Rows": 384466,
                              "Plan Width": 4,
                              "Actual Startup Time": 196.294,
                              "Actual Total Time": 196.296,
                              "Actual Rows": 218802,
                              "Actual Loops": 7,
                              "Hash Buckets": 2097152,
                              "Original Hash Buckets": 2097152,
                              "Hash Batches": 1,
                              "Original Hash Batches": 1,
                              "Peak Memory Usage": 76416,
                              "Plans": [
                                {
                                  "Node Type": "Seq Scan",
                                  "Parent Relationship": "Outer",
                                  "Parallel Aware": true,
                                  "Relation Name": "title",
                                  "Alias": "t",
                                  "Startup Cost": 0.0,
                                  "Total Cost": 43898.92,
                                  "Plan Rows": 384466,
                                  "Plan Width": 4,
                                  "Actual Startup Time": 0.042,
                                  "Actual Total Time": 83.153,
                                  "Actual Rows": 218802,
                                  "Actual Loops": 7,
                                  "Filter": "(production_year > 1997)",
                                  "Rows Removed by Filter": 142386
                                }
                              ]
                            }
                          ]
                        }
                      ]
                    }
                  ]
                }
              ]
            }
          ]
        }
      ]
    },
    "Planning Time": 1.307,
    "Triggers": [],
    "Execution Time": 2296.889
  }
]