{
  "Plan": {
    "Node Type": "Aggregate",
    "Strategy": "Plain",
    "Partial Mode": "Finalize",
    "Parallel Aware": false,
    "Startup Cost": 1574497.23,
    "Total Cost": 1574497.24,
    "Plan Rows": 1,
    "Plan Width": 8,
    "Actual Startup Time": 5377.381,
    "Actual Total Time": 5377.456,
    "Actual Rows": 1,
    "Actual Loops": 1,
    "Plans": [
      {
        "Node Type": "Gather",
        "Parent Relationship": "Outer",
        "Parallel Aware": false,
        "Startup Cost": 1574497.12,
        "Total Cost": 1574497.23,
        "Plan Rows": 1,
        "Plan Width": 8,
        "Actual Startup Time": 5377.37,
        "Actual Total Time": 5377.45,
        "Actual Rows": 2,
        "Actual Loops": 1,
        "Workers Planned": 1,
        "Workers Launched": 1,
        "Single Copy": false,
        "Plans": [
          {
            "Node Type": "Aggregate",
            "Strategy": "Plain",
            "Partial Mode": "Partial",
            "Parent Relationship": "Outer",
            "Parallel Aware": false,
            "Startup Cost": 1573497.12,
            "Total Cost": 1573497.13,
            "Plan Rows": 1,
            "Plan Width": 8,
            "Actual Startup Time": 5306.8,
            "Actual Total Time": 5306.802,
            "Actual Rows": 1,
            "Actual Loops": 2,
            "Plans": [
              {
                "Node Type": "Merge Join",
                "Parent Relationship": "Outer",
                "Parallel Aware": false,
                "Join Type": "Inner",
                "Startup Cost": 1464664.79,
                "Total Cost": 1559753.81,
                "Plan Rows": 5497321,
                "Plan Width": 0,
                "Actual Startup Time": 3419.061,
                "Actual Total Time": 5115.775,
                "Actual Rows": 4724646,
                "Actual Loops": 2,
                "Inner Unique": true,
                "Merge Cond": "(ci.movie_id = t.id)",
                "Plans": [
                  {
                    "Node Type": "Sort",
                    "Parent Relationship": "Outer",
                    "Parallel Aware": false,
                    "Startup Cost": 1134502.7,
                    "Total Cost": 1148246.0,
                    "Plan Rows": 5497321,
                    "Plan Width": 4,
                    "Actual Startup Time": 2532.102,
                    "Actual Total Time": 3103.303,
                    "Actual Rows": 4724646,
                    "Actual Loops": 2,
                    "Sort Key": [
                      "ci.movie_id"
                    ],
                    "Sort Method": "quicksort",
                    "Sort Space Used": 425228,
                    "Sort Space Type": "Memory",
                    "Workers": [
                      {
                        "Worker Number": 0,
                        "Sort Method": "quicksort",
                        "Sort Space Used": 410924,
                        "Sort Space Type": "Memory"
                      }
                    ],
                    "Plans": [
                      {
                        "Node Type": "Seq Scan",
                        "Parent Relationship": "Outer",
                        "Parallel Aware": true,
                        "Relation Name": "cast_info",
                        "Alias": "ci",
                        "Startup Cost": 0.0,
                        "Total Cost": 519069.44,
                        "Plan Rows": 5497321,
                        "Plan Width": 4,
                        "Actual Startup Time": 0.038,
                        "Actual Total Time": 1356.664,
                        "Actual Rows": 4724646,
                        "Actual Loops": 2,
                        "Filter": "(person_id < 930021)",
                        "Rows Removed by Filter": 13397526
                      }
                    ]
                  },
                  {
                    "Node Type": "Sort",
                    "Parent Relationship": "Inner",
                    "Parallel Aware": false,
                    "Startup Cost": 330161.51,
                    "Total Cost": 336482.24,
                    "Plan Rows": 2528293,
                    "Plan Width": 4,
                    "Actual Startup Time": 886.943,
                    "Actual Total Time": 1235.301,
                    "Actual Rows": 2525964,
                    "Actual Loops": 2,
                    "Sort Key": [
                      "t.id"
                    ],
                    "Sort Method": "quicksort",
                    "Sort Space Used": 216819,
                    "Sort Space Type": "Memory",
                    "Workers": [
                      {
                        "Worker Number": 0,
                        "Sort Method": "quicksort",
                        "Sort Space Used": 216819,
                        "Sort Space Type": "Memory"
                      }
                    ],
                    "Plans": [
                      {
                        "Node Type": "Seq Scan",
                        "Parent Relationship": "Outer",
                        "Parallel Aware": false,
                        "Relation Name": "title",
                        "Alias": "t",
                        "Startup Cost": 0.0,
                        "Total Cost": 61280.93,
                        "Plan Rows": 2528293,
                        "Plan Width": 4,
                        "Actual Startup Time": 0.042,
                        "Actual Total Time": 254.919,
                        "Actual Rows": 2528312,
                        "Actual Loops": 2
                      }
                    ]
                  }
                ]
              }
            ]
          }
        ]
      }
    ]
  },
  "Planning Time": 0.63,
  "Triggers": [],
  "Execution Time": 5407.372
}