[
  {
    "Plan": {
      "Node Type": "Aggregate",
      "Strategy": "Plain",
      "Partial Mode": "Finalize",
      "Parallel Aware": false,
      "Startup Cost": 47324.24,
      "Total Cost": 47324.25,
      "Plan Rows": 1,
      "Plan Width": 8,
      "Actual Startup Time": 111.374,
      "Actual Total Time": 122.797,
      "Actual Rows": 1,
      "Actual Loops": 1,
      "Plans": [
        {
          "Node Type": "Gather",
          "Parent Relationship": "Outer",
          "Parallel Aware": false,
          "Startup Cost": 47323.82,
          "Total Cost": 47324.23,
          "Plan Rows": 4,
          "Plan Width": 8,
          "Actual Startup Time": 111.092,
          "Actual Total Time": 122.783,
          "Actual Rows": 5,
          "Actual Loops": 1,
          "Workers Planned": 4,
          "Workers Launched": 4,
          "Single Copy": false,
          "Plans": [
            {
              "Node Type": "Aggregate",
              "Strategy": "Plain",
              "Partial Mode": "Partial",
              "Parent Relationship": "Outer",
              "Parallel Aware": false,
              "Startup Cost": 46323.82,
              "Total Cost": 46323.83,
              "Plan Rows": 1,
              "Plan Width": 8,
              "Actual Startup Time": 104.222,
              "Actual Total Time": 104.223,
              "Actual Rows": 1,
              "Actual Loops": 5,
              "Plans": [
                {
                  "Node Type": "Seq Scan",
                  "Parent Relationship": "Outer",
                  "Parallel Aware": true,
                  "Relation Name": "title",
                  "Alias": "t",
                  "Startup Cost": 0.0,
                  "Total Cost": 45479.59,
                  "Plan Rows": 337692,
                  "Plan Width": 0,
                  "Actual Startup Time": 0.04,
                  "Actual Total Time": 89.757,
                  "Actual Rows": 285003,
                  "Actual Loops": 5,
                  "Filter": "((production_year > 1960) AND (kind_id = 7))",
                  "Rows Removed by Filter": 220660
                }
              ]
            }
          ]
        }
      ]
    },
    "Planning Time": 0.187,
    "Triggers": [],
    "Execution Time": 122.854
  }
]