{
  "Plan": {
    "Node Type": "Aggregate",
    "Strategy": "Plain",
    "Partial Mode": "Finalize",
    "Parallel Aware": false,
    "Startup Cost": 649389.86,
    "Total Cost": 649389.87,
    "Plan Rows": 1,
    "Plan Width": 8,
    "Actual Startup Time": 2842.739,
    "Actual Total Time": 2899.4,
    "Actual Rows": 1,
    "Actual Loops": 1,
    "Plans": [
      {
        "Node Type": "Gather",
        "Parent Relationship": "Outer",
        "Parallel Aware": false,
        "Startup Cost": 649389.75,
        "Total Cost": 649389.86,
        "Plan Rows": 1,
        "Plan Width": 8,
        "Actual Startup Time": 2842.159,
        "Actual Total Time": 2899.391,
        "Actual Rows": 2,
        "Actual Loops": 1,
        "Workers Planned": 1,
        "Workers Launched": 1,
        "Single Copy": false,
        "Plans": [
          {
            "Node Type": "Aggregate",
            "Strategy": "Plain",
            "Partial Mode": "Partial",
            "Parent Relationship": "Outer",
            "Parallel Aware": false,
            "Startup Cost": 648389.75,
            "Total Cost": 648389.76,
            "Plan Rows": 1,
            "Plan Width": 8,
            "Actual Startup Time": 2836.506,
            "Actual Total Time": 2836.512,
            "Actual Rows": 1,
            "Actual Loops": 2,
            "Plans": [
              {
                "Node Type": "Hash Join",
                "Parent Relationship": "Outer",
                "Parallel Aware": true,
                "Join Type": "Inner",
                "Startup Cost": 601946.59,
                "Total Cost": 648152.8,
                "Plan Rows": 94780,
                "Plan Width": 0,
                "Actual Startup Time": 2517.139,
                "Actual Total Time": 2818.827,
                "Actual Rows": 439090,
                "Actual Loops": 2,
                "Inner Unique": false,
                "Hash Cond": "(mc.movie_id = t.id)",
                "Plans": [
                  {
                    "Node Type": "Seq Scan",
                    "Parent Relationship": "Outer",
                    "Parallel Aware": true,
                    "Relation Name": "movie_companies",
                    "Alias": "mc",
                    "Startup Cost": 0.0,
                    "Total Cost": 34137.82,
                    "Plan Rows": 1534782,
                    "Plan Width": 4,
                    "Actual Startup Time": 0.01,
                    "Actual Total Time": 104.657,
                    "Actual Rows": 1304564,
                    "Actual Loops": 2
                  },
                  {
                    "Node Type": "Hash",
                    "Parent Relationship": "Inner",
                    "Parallel Aware": true,
                    "Startup Cost": 600798.54,
                    "Total Cost": 600798.54,
                    "Plan Rows": 91844,
                    "Plan Width": 8,
                    "Actual Startup Time": 2515.16,
                    "Actual Total Time": 2515.164,
                    "Actual Rows": 91142,
                    "Actual Loops": 2,
                    "Hash Buckets": 262144,
                    "Original Hash Buckets": 262144,
                    "Hash Batches": 1,
                    "Original Hash Batches": 1,
                    "Peak Memory Usage": 9216,
                    "Plans": [
                      {
                        "Node Type": "Hash Join",
                        "Parent Relationship": "Outer",
                        "Parallel Aware": true,
                        "Join Type": "Inner",
                        "Startup Cost": 58499.41,
                        "Total Cost": 600798.54,
                        "Plan Rows": 91844,
                        "Plan Width": 8,
                        "Actual Startup Time": 716.189,
                        "Actual Total Time": 2480.048,
                        "Actual Rows": 91142,
                        "Actual Loops": 2,
                        "Inner Unique": true,
                        "Hash Cond": "(ci.movie_id = t.id)",
                        "Plans": [
                          {
                            "Node Type": "Seq Scan",
                            "Parent Relationship": "Outer",
                            "Parallel Aware": true,
                            "Relation Name": "cast_info",
                            "Alias": "ci",
                            "Startup Cost": 0.0,
                            "Total Cost": 519069.44,
                            "Plan Rows": 8849389,
                            "Plan Width": 4,
                            "Actual Startup Time": 568.063,
                            "Actual Total Time": 1559.253,
                            "Actual Rows": 7504744,
                            "Actual Loops": 2,
                            "Filter": "(person_id > 2146513)",
                            "Rows Removed by Filter": 10617428
                          },
                          {
                            "Node Type": "Hash",
                            "Parent Relationship": "Inner",
                            "Parallel Aware": true,
                            "Startup Cost": 58306.47,
                            "Total Cost": 58306.47,
                            "Plan Rows": 15435,
                            "Plan Width": 4,
                            "Actual Startup Time": 147.894,
                            "Actual Total Time": 147.895,
                            "Actual Rows": 11963,
                            "Actual Loops": 2,
                            "Hash Buckets": 32768,
                            "Original Hash Buckets": 32768,
                            "Hash Batches": 1,
                            "Original Hash Batches": 1,
                            "Peak Memory Usage": 1248,
                            "Plans": [
                              {
                                "Node Type": "Seq Scan",
                                "Parent Relationship": "Outer",
                                "Parallel Aware": true,
                                "Relation Name": "title",
                                "Alias": "t",
                                "Startup Cost": 0.0,
                                "Total Cost": 58306.47,
                                "Plan Rows": 15435,
                                "Plan Width": 4,
                                "Actual Startup Time": 0.082,
                                "Actual Total Time": 143.223,
                                "Actual Rows": 11963,
                                "Actual Loops": 2,
                                "Filter": "((kind_id < 7) AND (production_year = 2003))",
                                "Rows Removed by Filter": 1252193
                              }
                            ]
                          }
                        ]
                      }
                    ]
                  }
                ]
              }
            ]
          }
        ]
      }
    ]
  },
  "Planning Time": 0.537,
  "Triggers": [],
  "Execution Time": 2899.463
}