[
  {
    "Plan": {
      "Node Type": "Aggregate",
      "Strategy": "Plain",
      "Partial Mode": "Finalize",
      "Parallel Aware": false,
      "Startup Cost": 32833.64,
      "Total Cost": 32833.65,
      "Plan Rows": 1,
      "Plan Width": 8,
      "Actual Startup Time": 81.195,
      "Actual Total Time": 89.366,
      "Actual Rows": 1,
      "Actual Loops": 1,
      "Plans": [
        {
          "Node Type": "Gather",
          "Parent Relationship": "Outer",
          "Parallel Aware": false,
          "Startup Cost": 32833.32,
          "Total Cost": 32833.63,
          "Plan Rows": 3,
          "Plan Width": 8,
          "Actual Startup Time": 81.027,
          "Actual Total Time": 89.356,
          "Actual Rows": 4,
          "Actual Loops": 1,
          "Workers Planned": 3,
          "Workers Launched": 3,
          "Single Copy": false,
          "Plans": [
            {
              "Node Type": "Aggregate",
              "Strategy": "Plain",
              "Partial Mode": "Partial",
              "Parent Relationship": "Outer",
              "Parallel Aware": false,
              "Startup Cost": 31833.32,
              "Total Cost": 31833.33,
              "Plan Rows": 1,
              "Plan Width": 8,
              "Actual Startup Time": 75.486,
              "Actual Total Time": 75.487,
              "Actual Rows": 1,
              "Actual Loops": 4,
              "Plans": [
                {
                  "Node Type": "Seq Scan",
                  "Parent Relationship": "Outer",
                  "Parallel Aware": true,
                  "Relation Name": "movie_companies",
                  "Alias": "mc",
                  "Startup Cost": 0.0,
                  "Total Cost": 31414.82,
                  "Plan Rows": 167400,
                  "Plan Width": 0,
                  "Actual Startup Time": 43.437,
                  "Actual Total Time": 72.224,
                  "Actual Rows": 77145,
                  "Actual Loops": 4,
                  "Filter": "((company_id < 5298) AND (company_type_id = 2))",
                  "Rows Removed by Filter": 575137
                }
              ]
            }
          ]
        }
      ]
    },
    "Planning Time": 0.182,
    "Triggers": [],
    "Execution Time": 89.413
  }
]