{
  "Plan": {
    "Node Type": "Aggregate",
    "Strategy": "Plain",
    "Partial Mode": "Finalize",
    "Parallel Aware": false,
    "Startup Cost": 113788.53,
    "Total Cost": 113788.54,
    "Plan Rows": 1,
    "Plan Width": 8,
    "Actual Startup Time": 517.834,
    "Actual Total Time": 533.741,
    "Actual Rows": 1,
    "Actual Loops": 1,
    "Plans": [
      {
        "Node Type": "Gather",
        "Parent Relationship": "Outer",
        "Parallel Aware": false,
        "Startup Cost": 113788.41,
        "Total Cost": 113788.52,
        "Plan Rows": 1,
        "Plan Width": 8,
        "Actual Startup Time": 517.646,
        "Actual Total Time": 533.733,
        "Actual Rows": 2,
        "Actual Loops": 1,
        "Workers Planned": 1,
        "Workers Launched": 1,
        "Single Copy": false,
        "Plans": [
          {
            "Node Type": "Aggregate",
            "Strategy": "Plain",
            "Partial Mode": "Partial",
            "Parent Relationship": "Outer",
            "Parallel Aware": false,
            "Startup Cost": 112788.41,
            "Total Cost": 112788.42,
            "Plan Rows": 1,
            "Plan Width": 8,
            "Actual Startup Time": 512.111,
            "Actual Total Time": 512.114,
            "Actual Rows": 1,
            "Actual Loops": 2,
            "Plans": [
              {
                "Node Type": "Hash Join",
                "Parent Relationship": "Outer",
                "Parallel Aware": true,
                "Join Type": "Inner",
                "Startup Cost": 54698.25,
                "Total Cost": 112749.1,
                "Plan Rows": 15727,
                "Plan Width": 0,
                "Actual Startup Time": 215.312,
                "Actual Total Time": 511.9,
                "Actual Rows": 2808,
                "Actual Loops": 2,
                "Inner Unique": true,
                "Hash Cond": "(mk.movie_id = t.id)",
                "Plans": [
                  {
                    "Node Type": "Seq Scan",
                    "Parent Relationship": "Outer",
                    "Parallel Aware": true,
                    "Relation Name": "movie_keyword",
                    "Alias": "mk",
                    "Startup Cost": 0.0,
                    "Total Cost": 51065.35,
                    "Plan Rows": 2661135,
                    "Plan Width": 4,
                    "Actual Startup Time": 0.012,
                    "Actual Total Time": 178.483,
                    "Actual Rows": 2261965,
                    "Actual Loops": 2
                  },
                  {
                    "Node Type": "Hash",
                    "Parent Relationship": "Inner",
                    "Parallel Aware": true,
                    "Startup Cost": 54588.39,
                    "Total Cost": 54588.39,
                    "Plan Rows": 8789,
                    "Plan Width": 4,
                    "Actual Startup Time": 145.642,
                    "Actual Total Time": 145.643,
                    "Actual Rows": 8446,
                    "Actual Loops": 2,
                    "Hash Buckets": 16384,
                    "Original Hash Buckets": 16384,
                    "Hash Batches": 1,
                    "Original Hash Batches": 1,
                    "Peak Memory Usage": 832,
                    "Plans": [
                      {
                        "Node Type": "Seq Scan",
                        "Parent Relationship": "Outer",
                        "Parallel Aware": true,
                        "Relation Name": "title",
                        "Alias": "t",
                        "Startup Cost": 0.0,
                        "Total Cost": 54588.39,
                        "Plan Rows": 8789,
                        "Plan Width": 4,
                        "Actual Startup Time": 76.654,
                        "Actual Total Time": 143.318,
                        "Actual Rows": 8446,
                        "Actual Loops": 2,
                        "Filter": "(production_year < 1907)",
                        "Rows Removed by Filter": 1255710
                      }
                    ]
                  }
                ]
              }
            ]
          }
        ]
      }
    ]
  },
  "Planning Time": 0.41,
  "Triggers": [],
  "Execution Time": 533.809
}