[
  {
    "Plan": {
      "Node Type": "Aggregate",
      "Strategy": "Plain",
      "Partial Mode": "Finalize",
      "Parallel Aware": false,
      "Startup Cost": 333757.68,
      "Total Cost": 333757.69,
      "Plan Rows": 1,
      "Plan Width": 8,
      "Actual Startup Time": 668.788,
      "Actual Total Time": 727.649,
      "Actual Rows": 1,
      "Actual Loops": 1,
      "Plans": [
        {
          "Node Type": "Gather",
          "Parent Relationship": "Outer",
          "Parallel Aware": false,
          "Startup Cost": 333757.06,
          "Total Cost": 333757.67,
          "Plan Rows": 6,
          "Plan Width": 8,
          "Actual Startup Time": 668.679,
          "Actual Total Time": 727.637,
          "Actual Rows": 7,
          "Actual Loops": 1,
          "Workers Planned": 6,
          "Workers Launched": 6,
          "Single Copy": false,
          "Plans": [
            {
              "Node Type": "Aggregate",
              "Strategy": "Plain",
              "Partial Mode": "Partial",
              "Parent Relationship": "Outer",
              "Parallel Aware": false,
              "Startup Cost": 332757.06,
              "Total Cost": 332757.07,
              "Plan Rows": 1,
              "Plan Width": 8,
              "Actual Startup Time": 659.196,
              "Actual Total Time": 659.197,
              "Actual Rows": 1,
              "Actual Loops": 7,
              "Plans": [
                {
                  "Node Type": "Seq Scan",
                  "Parent Relationship": "Outer",
                  "Parallel Aware": true,
                  "Relation Name": "cast_info",
                  "Alias": "ci",
                  "Startup Cost": 0.0,
                  "Total Cost": 328162.03,
                  "Plan Rows": 1838012,
                  "Plan Width": 0,
                  "Actual Startup Time": 0.048,
                  "Actual Total Time": 585.839,
                  "Actual Rows": 1578141,
                  "Actual Loops": 7,
                  "Filter": "(person_id < 1084352)",
                  "Rows Removed by Filter": 3599623
                }
              ]
            }
          ]
        }
      ]
    },
    "Planning Time": 0.194,
    "Triggers": [],
    "Execution Time": 727.724
  }
]