[
  {
    "Plan": {
      "Node Type": "Aggregate",
      "Strategy": "Plain",
      "Partial Mode": "Finalize",
      "Parallel Aware": false,
      "Startup Cost": 31897.95,
      "Total Cost": 31897.96,
      "Plan Rows": 1,
      "Plan Width": 8,
      "Actual Startup Time": 89.396,
      "Actual Total Time": 95.538,
      "Actual Rows": 1,
      "Actual Loops": 1,
      "Plans": [
        {
          "Node Type": "Gather",
          "Parent Relationship": "Outer",
          "Parallel Aware": false,
          "Startup Cost": 31897.63,
          "Total Cost": 31897.94,
          "Plan Rows": 3,
          "Plan Width": 8,
          "Actual Startup Time": 89.287,
          "Actual Total Time": 95.532,
          "Actual Rows": 4,
          "Actual Loops": 1,
          "Workers Planned": 3,
          "Workers Launched": 3,
          "Single Copy": false,
          "Plans": [
            {
              "Node Type": "Aggregate",
              "Strategy": "Plain",
              "Partial Mode": "Partial",
              "Parent Relationship": "Outer",
              "Parallel Aware": false,
              "Startup Cost": 30897.63,
              "Total Cost": 30897.64,
              "Plan Rows": 1,
              "Plan Width": 8,
              "Actual Startup Time": 86.564,
              "Actual Total Time": 86.566,
              "Actual Rows": 1,
              "Actual Loops": 4,
              "Plans": [
                {
                  "Node Type": "Seq Scan",
                  "Parent Relationship": "Outer",
                  "Parallel Aware": true,
                  "Relation Name": "movie_companies",
                  "Alias": "mc",
                  "Startup Cost": 0.0,
                  "Total Cost": 29310.68,
                  "Plan Rows": 634781,
                  "Plan Width": 0,
                  "Actual Startup Time": 0.01,
                  "Actual Total Time": 65.679,
                  "Actual Rows": 493304,
                  "Actual Loops": 4,
                  "Filter": "(company_id < 58122)",
                  "Rows Removed by Filter": 158979
                }
              ]
            }
          ]
        }
      ]
    },
    "Planning Time": 0.076,
    "Triggers": [],
    "Execution Time": 95.56
  }
]