[
  {
    "Plan": {
      "Node Type": "Aggregate",
      "Strategy": "Plain",
      "Partial Mode": "Finalize",
      "Parallel Aware": false,
      "Startup Cost": 44684.53,
      "Total Cost": 44684.54,
      "Plan Rows": 1,
      "Plan Width": 8,
      "Actual Startup Time": 157.853,
      "Actual Total Time": 166.704,
      "Actual Rows": 1,
      "Actual Loops": 1,
      "Plans": [
        {
          "Node Type": "Gather",
          "Parent Relationship": "Outer",
          "Parallel Aware": false,
          "Startup Cost": 44684.21,
          "Total Cost": 44684.52,
          "Plan Rows": 3,
          "Plan Width": 8,
          "Actual Startup Time": 157.719,
          "Actual Total Time": 166.693,
          "Actual Rows": 4,
          "Actual Loops": 1,
          "Workers Planned": 3,
          "Workers Launched": 3,
          "Single Copy": false,
          "Plans": [
            {
              "Node Type": "Aggregate",
              "Strategy": "Plain",
              "Partial Mode": "Partial",
              "Parent Relationship": "Outer",
              "Parallel Aware": false,
              "Startup Cost": 43684.21,
              "Total Cost": 43684.22,
              "Plan Rows": 1,
              "Plan Width": 8,
              "Actual Startup Time": 149.645,
              "Actual Total Time": 149.646,
              "Actual Rows": 1,
              "Actual Loops": 4,
              "Plans": [
                {
                  "Node Type": "Seq Scan",
                  "Parent Relationship": "Outer",
                  "Parallel Aware": true,
                  "Relation Name": "movie_keyword",
                  "Alias": "mk",
                  "Startup Cost": 0.0,
                  "Total Cost": 42695.65,
                  "Plan Rows": 395424,
                  "Plan Width": 0,
                  "Actual Startup Time": 1.292,
                  "Actual Total Time": 129.969,
                  "Actual Rows": 307232,
                  "Actual Loops": 4,
                  "Filter": "(keyword_id > 14766)",
                  "Rows Removed by Filter": 823750
                }
              ]
            }
          ]
        }
      ]
    },
    "Planning Time": 0.113,
    "Triggers": [],
    "Execution Time": 166.741
  }
]