[
  {
    "Plan": {
      "Node Type": "Aggregate",
      "Strategy": "Plain",
      "Partial Mode": "Finalize",
      "Parallel Aware": false,
      "Startup Cost": 83732.97,
      "Total Cost": 83732.98,
      "Plan Rows": 1,
      "Plan Width": 8,
      "Actual Startup Time": 208.394,
      "Actual Total Time": 234.739,
      "Actual Rows": 1,
      "Actual Loops": 1,
      "Plans": [
        {
          "Node Type": "Gather",
          "Parent Relationship": "Outer",
          "Parallel Aware": false,
          "Startup Cost": 83732.65,
          "Total Cost": 83732.96,
          "Plan Rows": 3,
          "Plan Width": 8,
          "Actual Startup Time": 207.379,
          "Actual Total Time": 234.73,
          "Actual Rows": 4,
          "Actual Loops": 1,
          "Workers Planned": 3,
          "Workers Launched": 3,
          "Single Copy": false,
          "Plans": [
            {
              "Node Type": "Aggregate",
              "Strategy": "Plain",
              "Partial Mode": "Partial",
              "Parent Relationship": "Outer",
              "Parallel Aware": false,
              "Startup Cost": 82732.65,
              "Total Cost": 82732.66,
              "Plan Rows": 1,
              "Plan Width": 8,
              "Actual Startup Time": 197.906,
              "Actual Total Time": 197.91,
              "Actual Rows": 1,
              "Actual Loops": 4,
              "Plans": [
                {
                  "Node Type": "Nested Loop",
                  "Parent Relationship": "Outer",
                  "Parallel Aware": false,
                  "Join Type": "Inner",
                  "Startup Cost": 45636.7,
                  "Total Cost": 82689.96,
                  "Plan Rows": 17078,
                  "Plan Width": 0,
                  "Actual Startup Time": 131.02,
                  "Actual Total Time": 196.771,
                  "Actual Rows": 11124,
                  "Actual Loops": 4,
                  "Inner Unique": false,
                  "Plans": [
                    {
                      "Node Type": "Hash Join",
                      "Parent Relationship": "Outer",
                      "Parallel Aware": true,
                      "Join Type": "Inner",
                      "Startup Cost": 45636.14,
                      "Total Cost": 70373.29,
                      "Plan Rows": 1192,
                      "Plan Width": 8,
                      "Actual Startup Time": 130.841,
                      "Actual Total Time": 151.843,
                      "Actual Rows": 365,
                      "Actual Loops": 4,
                      "Inner Unique": true,
                      "Hash Cond": "(mk.movie_id = t.id)",
                      "Plans": [
                        {
                          "Node Type": "Bitmap Heap Scan",
                          "Parent Relationship": "Outer",
                          "Parallel Aware": true,
                          "Relation Name": "movie_keyword",
                          "Alias": "mk",
                          "Startup Cost": 1234.2,
                          "Total Cost": 25922.2,
                          "Plan Rows": 18721,
                          "Plan Width": 4,
                          "Actual Startup Time": 8.255,
                          "Actual Total Time": 24.245,
                          "Actual Rows": 13706,
                          "Actual Loops": 4,
                          "Recheck Cond": "(keyword_id < 55)",
                          "Rows Removed by Index Recheck": 0,
                          "Exact Heap Blocks": 9409,
                          "Lossy Heap Blocks": 0,
                          "Plans": [
                            {
                              "Node Type": "Bitmap Index Scan",
                              "Parent Relationship": "Outer",
                              "Parallel Aware": false,
                              "Index Name": "keyword_id_movie_keyword",
                              "Startup Cost": 0.0,
                              "Total Cost": 1219.69,
                              "Plan Rows": 58034,
                              "Plan Width": 0,
                              "Actual Startup Time": 5.768,
                              "Actual Total Time": 5.768,
                              "Actual Rows": 54826,
                              "Actual Loops": 1,
                              "Index Cond": "(keyword_id < 55)"
                            }
                          ]
                        },
                        {
                          "Node Type": "Hash",
                          "Parent Relationship": "Inner",
                          "Parallel Aware": true,
                          "Startup Cost": 43898.92,
                          "Total Cost": 43898.92,
                          "Plan Rows": 40242,
                          "Plan Width": 4,
                          "Actual Startup Time": 120.101,
                          "Actual Total Time": 120.102,
                          "Actual Rows": 41077,
                          "Actual Loops": 4,
                          "Hash Buckets": 262144,
                          "Original Hash Buckets": 262144,
                          "Hash Batches": 1,
                          "Original Hash Batches": 1,
                          "Peak Memory Usage": 8544,
                          "Plans": [
                            {
                              "Node Type": "Seq Scan",
                              "Parent Relationship": "Outer",
                              "Parallel Aware": true,
                              "Relation Name": "title",
                              "Alias": "t",
                              "Startup Cost": 0.0,
                              "Total Cost": 43898.92,
                              "Plan Rows": 40242,
                              "Plan Width": 4,
                              "Actual Startup Time": 0.048,
                              "Actual Total Time": 102.114,
                              "Actual Rows": 41077,
                              "Actual Loops": 4,
                              "Filter": "(production_year = 2012)",
                              "Rows Removed by Filter": 591001
                            }
                          ]
                        }
                      ]
                    },
                    {
                      "Node Type": "Index Only Scan",
                      "Parent Relationship": "Inner",
                      "Parallel Aware": false,
                      "Scan Direction": "Forward",
                      "Index Name": "movie_id_cast_info",
                      "Relation Name": "cast_info",
                      "Alias": "ci",
                      "Startup Cost": 0.56,
                      "Total Cost": 9.96,
                      "Plan Rows": 37,
                      "Plan Width": 4,
                      "Actual Startup Time": 0.016,
                      "Actual Total Time": 0.119,
                      "Actual Rows": 30,
                      "Actual Loops": 1461,
                      "Index Cond": "(movie_id = t.id)",
                      "Rows Removed by Index Recheck": 0,
                      "Heap Fetches": 44496
                    }
                  ]
                }
              ]
            }
          ]
        }
      ]
    },
    "Planning Time": 1.323,
    "Triggers": [],
    "Execution Time": 234.845
  }
]