[
  {
    "Plan": {
      "Node Type": "Aggregate",
      "Strategy": "Plain",
      "Partial Mode": "Finalize",
      "Parallel Aware": false,
      "Startup Cost": 66324.84,
      "Total Cost": 66324.85,
      "Plan Rows": 1,
      "Plan Width": 8,
      "Actual Startup Time": 33.058,
      "Actual Total Time": 37.839,
      "Actual Rows": 1,
      "Actual Loops": 1,
      "Plans": [
        {
          "Node Type": "Gather",
          "Parent Relationship": "Outer",
          "Parallel Aware": false,
          "Startup Cost": 66324.52,
          "Total Cost": 66324.83,
          "Plan Rows": 3,
          "Plan Width": 8,
          "Actual Startup Time": 32.782,
          "Actual Total Time": 37.832,
          "Actual Rows": 4,
          "Actual Loops": 1,
          "Workers Planned": 3,
          "Workers Launched": 3,
          "Single Copy": false,
          "Plans": [
            {
              "Node Type": "Aggregate",
              "Strategy": "Plain",
              "Partial Mode": "Partial",
              "Parent Relationship": "Outer",
              "Parallel Aware": false,
              "Startup Cost": 65324.52,
              "Total Cost": 65324.53,
              "Plan Rows": 1,
              "Plan Width": 8,
              "Actual Startup Time": 23.479,
              "Actual Total Time": 23.481,
              "Actual Rows": 1,
              "Actual Loops": 4,
              "Plans": [
                {
                  "Node Type": "Nested Loop",
                  "Parent Relationship": "Outer",
                  "Parallel Aware": false,
                  "Join Type": "Inner",
                  "Startup Cost": 837.13,
                  "Total Cost": 65296.1,
                  "Plan Rows": 11367,
                  "Plan Width": 0,
                  "Actual Startup Time": 16.663,
                  "Actual Total Time": 23.383,
                  "Actual Rows": 915,
                  "Actual Loops": 4,
                  "Inner Unique": false,
                  "Plans": [
                    {
                      "Node Type": "Nested Loop",
                      "Parent Relationship": "Outer",
                      "Parallel Aware": false,
                      "Join Type": "Inner",
                      "Startup Cost": 836.7,
                      "Total Cost": 54227.73,
                      "Plan Rows": 6353,
                      "Plan Width": 8,
                      "Actual Startup Time": 16.551,
                      "Actual Total Time": 20.269,
                      "Actual Rows": 155,
                      "Actual Loops": 4,
                      "Inner Unique": true,
                      "Plans": [
                        {
                          "Node Type": "Bitmap Heap Scan",
                          "Parent Relationship": "Outer",
                          "Parallel Aware": true,
                          "Relation Name": "movie_companies",
                          "Alias": "mc",
                          "Startup Cost": 836.27,
                          "Total Cost": 19813.96,
                          "Plan Rows": 6353,
                          "Plan Width": 4,
                          "Actual Startup Time": 16.412,
                          "Actual Total Time": 17.303,
                          "Actual Rows": 155,
                          "Actual Loops": 4,
                          "Recheck Cond": "(company_id = 160)",
                          "Rows Removed by Index Recheck": 0,
                          "Filter": "(company_type_id = 2)",
                          "Rows Removed by Filter": 8879,
                          "Exact Heap Blocks": 3166,
                          "Lossy Heap Blocks": 0,
                          "Plans": [
                            {
                              "Node Type": "Bitmap Index Scan",
                              "Parent Relationship": "Outer",
                              "Parallel Aware": false,
                              "Index Name": "company_id_movie_companies",
                              "Startup Cost": 0.0,
                              "Total Cost": 831.35,
                              "Plan Rows": 38789,
                              "Plan Width": 0,
                              "Actual Startup Time": 9.0,
                              "Actual Total Time": 9.001,
                              "Actual Rows": 36136,
                              "Actual Loops": 1,
                              "Index Cond": "(company_id = 160)"
                            }
                          ]
                        },
                        {
                          "Node Type": "Index Only Scan",
                          "Parent Relationship": "Inner",
                          "Parallel Aware": false,
                          "Scan Direction": "Forward",
                          "Index Name": "title_pkey",
                          "Relation Name": "title",
                          "Alias": "t",
                          "Startup Cost": 0.43,
                          "Total Cost": 5.42,
                          "Plan Rows": 1,
                          "Plan Width": 4,
                          "Actual Startup Time": 0.018,
                          "Actual Total Time": 0.018,
                          "Actual Rows": 1,
                          "Actual Loops": 619,
                          "Index Cond": "(id = mc.movie_id)",
                          "Rows Removed by Index Recheck": 0,
                          "Heap Fetches": 619
                        }
                      ]
                    },
                    {
                      "Node Type": "Index Only Scan",
                      "Parent Relationship": "Inner",
                      "Parallel Aware": false,
                      "Scan Direction": "Forward",
                      "Index Name": "movie_id_movie_keyword",
                      "Relation Name": "movie_keyword",
                      "Alias": "mk",
                      "Startup Cost": 0.43,
                      "Total Cost": 1.29,
                      "Plan Rows": 45,
                      "Plan Width": 4,
                      "Actual Startup Time": 0.017,
                      "Actual Total Time": 0.019,
                      "Actual Rows": 6,
                      "Actual Loops": 619,
                      "Index Cond": "(movie_id = t.id)",
                      "Rows Removed by Index Recheck": 0,
                      "Heap Fetches": 3661
                    }
                  ]
                }
              ]
            }
          ]
        }
      ]
    },
    "Planning Time": 1.465,
    "Triggers": [],
    "Execution Time": 37.934
  }
]