[
  {
    "Plan": {
      "Node Type": "Aggregate",
      "Strategy": "Plain",
      "Partial Mode": "Finalize",
      "Parallel Aware": false,
      "Startup Cost": 282588.64,
      "Total Cost": 282588.65,
      "Plan Rows": 1,
      "Plan Width": 8,
      "Actual Startup Time": 139.666,
      "Actual Total Time": 145.294,
      "Actual Rows": 1,
      "Actual Loops": 1,
      "Plans": [
        {
          "Node Type": "Gather",
          "Parent Relationship": "Outer",
          "Parallel Aware": false,
          "Startup Cost": 282588.02,
          "Total Cost": 282588.63,
          "Plan Rows": 6,
          "Plan Width": 8,
          "Actual Startup Time": 139.306,
          "Actual Total Time": 145.285,
          "Actual Rows": 7,
          "Actual Loops": 1,
          "Workers Planned": 6,
          "Workers Launched": 6,
          "Single Copy": false,
          "Plans": [
            {
              "Node Type": "Aggregate",
              "Strategy": "Plain",
              "Partial Mode": "Partial",
              "Parent Relationship": "Outer",
              "Parallel Aware": false,
              "Startup Cost": 281588.02,
              "Total Cost": 281588.03,
              "Plan Rows": 1,
              "Plan Width": 8,
              "Actual Startup Time": 128.465,
              "Actual Total Time": 128.466,
              "Actual Rows": 1,
              "Actual Loops": 7,
              "Plans": [
                {
                  "Node Type": "Bitmap Heap Scan",
                  "Parent Relationship": "Outer",
                  "Parallel Aware": true,
                  "Relation Name": "cast_info",
                  "Alias": "ci",
                  "Startup Cost": 25792.7,
                  "Total Cost": 281421.02,
                  "Plan Rows": 66800,
                  "Plan Width": 0,
                  "Actual Startup Time": 113.817,
                  "Actual Total Time": 126.742,
                  "Actual Rows": 34163,
                  "Actual Loops": 7,
                  "Recheck Cond": "(person_id < 120803)",
                  "Rows Removed by Index Recheck": 0,
                  "Filter": "(role_id > 3)",
                  "Rows Removed by Filter": 136763,
                  "Exact Heap Blocks": 2968,
                  "Lossy Heap Blocks": 0,
                  "Plans": [
                    {
                      "Node Type": "Bitmap Index Scan",
                      "Parent Relationship": "Outer",
                      "Parallel Aware": false,
                      "Index Name": "person_id_cast_info",
                      "Startup Cost": 0.0,
                      "Total Cost": 25692.5,
                      "Plan Rows": 1176525,
                      "Plan Width": 0,
                      "Actual Startup Time": 75.62,
                      "Actual Total Time": 75.62,
                      "Actual Rows": 1196485,
                      "Actual Loops": 1,
                      "Index Cond": "(person_id < 120803)"
                    }
                  ]
                }
              ]
            }
          ]
        }
      ]
    },
    "Planning Time": 0.233,
    "Triggers": [],
    "Execution Time": 145.382
  }
]