{
  "Plan": {
    "Node Type": "Aggregate",
    "Strategy": "Plain",
    "Partial Mode": "Finalize",
    "Parallel Aware": false,
    "Startup Cost": 97660.55,
    "Total Cost": 97660.56,
    "Plan Rows": 1,
    "Plan Width": 8,
    "Actual Startup Time": 344.875,
    "Actual Total Time": 360.905,
    "Actual Rows": 1,
    "Actual Loops": 1,
    "Plans": [
      {
        "Node Type": "Gather",
        "Parent Relationship": "Outer",
        "Parallel Aware": false,
        "Startup Cost": 97660.44,
        "Total Cost": 97660.55,
        "Plan Rows": 1,
        "Plan Width": 8,
        "Actual Startup Time": 344.703,
        "Actual Total Time": 360.896,
        "Actual Rows": 2,
        "Actual Loops": 1,
        "Workers Planned": 1,
        "Workers Launched": 1,
        "Single Copy": false,
        "Plans": [
          {
            "Node Type": "Aggregate",
            "Strategy": "Plain",
            "Partial Mode": "Partial",
            "Parent Relationship": "Outer",
            "Parallel Aware": false,
            "Startup Cost": 96660.44,
            "Total Cost": 96660.45,
            "Plan Rows": 1,
            "Plan Width": 8,
            "Actual Startup Time": 339.194,
            "Actual Total Time": 339.197,
            "Actual Rows": 1,
            "Actual Loops": 2,
            "Plans": [
              {
                "Node Type": "Hash Join",
                "Parent Relationship": "Outer",
                "Parallel Aware": true,
                "Join Type": "Inner",
                "Startup Cost": 58461.76,
                "Total Cost": 96628.39,
                "Plan Rows": 12820,
                "Plan Width": 0,
                "Actual Startup Time": 140.457,
                "Actual Total Time": 338.318,
                "Actual Rows": 18462,
                "Actual Loops": 2,
                "Inner Unique": true,
                "Hash Cond": "(mc.movie_id = t.id)",
                "Plans": [
                  {
                    "Node Type": "Seq Scan",
                    "Parent Relationship": "Outer",
                    "Parallel Aware": true,
                    "Relation Name": "movie_companies",
                    "Alias": "mc",
                    "Startup Cost": 0.0,
                    "Total Cost": 34137.82,
                    "Plan Rows": 1534782,
                    "Plan Width": 4,
                    "Actual Startup Time": 0.013,
                    "Actual Total Time": 96.933,
                    "Actual Rows": 1304564,
                    "Actual Loops": 2
                  },
                  {
                    "Node Type": "Hash",
                    "Parent Relationship": "Inner",
                    "Parallel Aware": true,
                    "Startup Cost": 58306.47,
                    "Total Cost": 58306.47,
                    "Plan Rows": 12423,
                    "Plan Width": 4,
                    "Actual Startup Time": 139.177,
                    "Actual Total Time": 139.178,
                    "Actual Rows": 7722,
                    "Actual Loops": 2,
                    "Hash Buckets": 32768,
                    "Original Hash Buckets": 32768,
                    "Hash Batches": 1,
                    "Original Hash Batches": 1,
                    "Peak Memory Usage": 896,
                    "Plans": [
                      {
                        "Node Type": "Seq Scan",
                        "Parent Relationship": "Outer",
                        "Parallel Aware": true,
                        "Relation Name": "title",
                        "Alias": "t",
                        "Startup Cost": 0.0,
                        "Total Cost": 58306.47,
                        "Plan Rows": 12423,
                        "Plan Width": 4,
                        "Actual Startup Time": 0.233,
                        "Actual Total Time": 136.68,
                        "Actual Rows": 7722,
                        "Actual Loops": 2,
                        "Filter": "((kind_id < 4) AND (production_year = 2002))",
                        "Rows Removed by Filter": 1256434
                      }
                    ]
                  }
                ]
              }
            ]
          }
        ]
      }
    ]
  },
  "Planning Time": 0.441,
  "Triggers": [],
  "Execution Time": 360.975
}