{
    "Plan": {
        "Node Type": "Aggregate",
        "Strategy": "Plain",
        "Partial Mode": "Finalize",
        "Parallel Aware": false,
        "Startup Cost": 53104.75,
        "Total Cost": 53104.76,
        "Plan Rows": 1,
        "Plan Width": 8,
        "Actual Startup Time": 120.885,
        "Actual Total Time": 137.74,
        "Actual Rows": 1,
        "Actual Loops": 1,
        "Output": [
            "count(*)"
        ],
        "Plans": [
            {
                "Node Type": "Gather",
                "Parent Relationship": "Outer",
                "Parallel Aware": false,
                "Startup Cost": 53104.33,
                "Total Cost": 53104.74,
                "Plan Rows": 4,
                "Plan Width": 8,
                "Actual Startup Time": 120.757,
                "Actual Total Time": 137.731,
                "Actual Rows": 5,
                "Actual Loops": 1,
                "Output": [
                    "(PARTIAL count(*))"
                ],
                "Workers Planned": 4,
                "Workers Launched": 4,
                "Single Copy": false,
                "Plans": [
                    {
                        "Node Type": "Aggregate",
                        "Strategy": "Plain",
                        "Partial Mode": "Partial",
                        "Parent Relationship": "Outer",
                        "Parallel Aware": false,
                        "Startup Cost": 52104.33,
                        "Total Cost": 52104.34,
                        "Plan Rows": 1,
                        "Plan Width": 8,
                        "Actual Startup Time": 110.499,
                        "Actual Total Time": 110.501,
                        "Actual Rows": 1,
                        "Actual Loops": 5,
                        "Output": [
                            "PARTIAL count(*)"
                        ],
                        "Workers": [
                            {
                                "Worker Number": 0,
                                "Actual Startup Time": 107.865,
                                "Actual Total Time": 107.866,
                                "Actual Rows": 1,
                                "Actual Loops": 1
                            },
                            {
                                "Worker Number": 1,
                                "Actual Startup Time": 107.86,
                                "Actual Total Time": 107.862,
                                "Actual Rows": 1,
                                "Actual Loops": 1
                            },
                            {
                                "Worker Number": 2,
                                "Actual Startup Time": 107.87,
                                "Actual Total Time": 107.872,
                                "Actual Rows": 1,
                                "Actual Loops": 1
                            },
                            {
                                "Worker Number": 3,
                                "Actual Startup Time": 108.96,
                                "Actual Total Time": 108.961,
                                "Actual Rows": 1,
                                "Actual Loops": 1
                            }
                        ],
                        "Plans": [
                            {
                                "Node Type": "Nested Loop",
                                "Parent Relationship": "Outer",
                                "Parallel Aware": false,
                                "Join Type": "Inner",
                                "Startup Cost": 0.86,
                                "Total Cost": 52101.98,
                                "Plan Rows": 939,
                                "Plan Width": 0,
                                "Actual Startup Time": 11.744,
                                "Actual Total Time": 110.005,
                                "Actual Rows": 5866,
                                "Actual Loops": 5,
                                "Inner Unique": false,
                                "Join Filter": "(t.id = mi.movie_id)",
                                "Rows Removed by Join Filter": 0,
                                "Workers": [
                                    {
                                        "Worker Number": 0,
                                        "Actual Startup Time": 14.031,
                                        "Actual Total Time": 107.375,
                                        "Actual Rows": 5030,
                                        "Actual Loops": 1
                                    },
                                    {
                                        "Worker Number": 1,
                                        "Actual Startup Time": 6.955,
                                        "Actual Total Time": 107.379,
                                        "Actual Rows": 4678,
                                        "Actual Loops": 1
                                    },
                                    {
                                        "Worker Number": 2,
                                        "Actual Startup Time": 25.5,
                                        "Actual Total Time": 107.387,
                                        "Actual Rows": 5196,
                                        "Actual Loops": 1
                                    },
                                    {
                                        "Worker Number": 3,
                                        "Actual Startup Time": 5.348,
                                        "Actual Total Time": 108.432,
                                        "Actual Rows": 5318,
                                        "Actual Loops": 1
                                    }
                                ],
                                "Plans": [
                                    {
                                        "Node Type": "Nested Loop",
                                        "Parent Relationship": "Outer",
                                        "Parallel Aware": false,
                                        "Join Type": "Inner",
                                        "Startup Cost": 0.43,
                                        "Total Cost": 51542.54,
                                        "Plan Rows": 161,
                                        "Plan Width": 8,
                                        "Actual Startup Time": 11.56,
                                        "Actual Total Time": 90.241,
                                        "Actual Rows": 267,
                                        "Actual Loops": 5,
                                        "Output": [
                                            "t.id",
                                            "mi_idx.movie_id"
                                        ],
                                        "Inner Unique": false,
                                        "Workers": [
                                            {
                                                "Worker Number": 0,
                                                "Actual Startup Time": 13.843,
                                                "Actual Total Time": 85.882,
                                                "Actual Rows": 225,
                                                "Actual Loops": 1
                                            },
                                            {
                                                "Worker Number": 1,
                                                "Actual Startup Time": 6.703,
                                                "Actual Total Time": 85.191,
                                                "Actual Rows": 236,
                                                "Actual Loops": 1
                                            },
                                            {
                                                "Worker Number": 2,
                                                "Actual Startup Time": 25.369,
                                                "Actual Total Time": 86.573,
                                                "Actual Rows": 221,
                                                "Actual Loops": 1
                                            },
                                            {
                                                "Worker Number": 3,
                                                "Actual Startup Time": 5.029,
                                                "Actual Total Time": 85.789,
                                                "Actual Rows": 211,
                                                "Actual Loops": 1
                                            }
                                        ],
                                        "Plans": [
                                            {
                                                "Node Type": "Seq Scan",
                                                "Parent Relationship": "Outer",
                                                "Parallel Aware": true,
                                                "Relation Name": "title",
                                                "Schema": "public",
                                                "Alias": "t",
                                                "Startup Cost": 0.0,
                                                "Total Cost": 45479.21,
                                                "Plan Rows": 879,
                                                "Plan Width": 4,
                                                "Actual Startup Time": 4.032,
                                                "Actual Total Time": 83.31,
                                                "Actual Rows": 663,
                                                "Actual Loops": 5,
                                                "Output": [
                                                    "t.id",
                                                    "t.title",
                                                    "t.imdb_index",
                                                    "t.kind_id",
                                                    "t.production_year",
                                                    "t.imdb_id",
                                                    "t.phonetic_code",
                                                    "t.episode_of_id",
                                                    "t.season_nr",
                                                    "t.episode_nr",
                                                    "t.series_years",
                                                    "t.md5sum"
                                                ],
                                                "Filter": "((t.kind_id < 7) AND (t.production_year = 1955))",
                                                "Rows Removed by Filter": 504999,
                                                "Workers": [
                                                    {
                                                        "Worker Number": 0,
                                                        "Actual Startup Time": 9.454,
                                                        "Actual Total Time": 78.548,
                                                        "Actual Rows": 554,
                                                        "Actual Loops": 1
                                                    },
                                                    {
                                                        "Worker Number": 1,
                                                        "Actual Startup Time": 4.898,
                                                        "Actual Total Time": 78.048,
                                                        "Actual Rows": 536,
                                                        "Actual Loops": 1
                                                    },
                                                    {
                                                        "Worker Number": 2,
                                                        "Actual Startup Time": 4.997,
                                                        "Actual Total Time": 79.358,
                                                        "Actual Rows": 557,
                                                        "Actual Loops": 1
                                                    },
                                                    {
                                                        "Worker Number": 3,
                                                        "Actual Startup Time": 0.334,
                                                        "Actual Total Time": 78.15,
                                                        "Actual Rows": 553,
                                                        "Actual Loops": 1
                                                    }
                                                ]
                                            },
                                            {
                                                "Node Type": "Index Scan",
                                                "Parent Relationship": "Inner",
                                                "Parallel Aware": false,
                                                "Scan Direction": "Forward",
                                                "Index Name": "movie_id_movie_info_idx",
                                                "Relation Name": "movie_info_idx",
                                                "Schema": "public",
                                                "Alias": "mi_idx",
                                                "Startup Cost": 0.43,
                                                "Total Cost": 6.89,
                                                "Plan Rows": 1,
                                                "Plan Width": 4,
                                                "Actual Startup Time": 0.01,
                                                "Actual Total Time": 0.01,
                                                "Actual Rows": 0,
                                                "Actual Loops": 3316,
                                                "Output": [
                                                    "mi_idx.id",
                                                    "mi_idx.movie_id",
                                                    "mi_idx.info_type_id",
                                                    "mi_idx.info",
                                                    "mi_idx.note"
                                                ],
                                                "Index Cond": "(mi_idx.movie_id = t.id)",
                                                "Rows Removed by Index Recheck": 0,
                                                "Filter": "(mi_idx.info_type_id = 100)",
                                                "Rows Removed by Filter": 1,
                                                "Workers": [
                                                    {
                                                        "Worker Number": 0,
                                                        "Actual Startup Time": 0.012,
                                                        "Actual Total Time": 0.012,
                                                        "Actual Rows": 0,
                                                        "Actual Loops": 554
                                                    },
                                                    {
                                                        "Worker Number": 1,
                                                        "Actual Startup Time": 0.012,
                                                        "Actual Total Time": 0.013,
                                                        "Actual Rows": 0,
                                                        "Actual Loops": 536
                                                    },
                                                    {
                                                        "Worker Number": 2,
                                                        "Actual Startup Time": 0.012,
                                                        "Actual Total Time": 0.012,
                                                        "Actual Rows": 0,
                                                        "Actual Loops": 557
                                                    },
                                                    {
                                                        "Worker Number": 3,
                                                        "Actual Startup Time": 0.013,
                                                        "Actual Total Time": 0.013,
                                                        "Actual Rows": 0,
                                                        "Actual Loops": 553
                                                    }
                                                ]
                                            }
                                        ]
                                    },
                                    {
                                        "Node Type": "Index Only Scan",
                                        "Parent Relationship": "Inner",
                                        "Parallel Aware": false,
                                        "Scan Direction": "Forward",
                                        "Index Name": "movie_id_movie_info",
                                        "Relation Name": "movie_info",
                                        "Schema": "public",
                                        "Alias": "mi",
                                        "Startup Cost": 0.43,
                                        "Total Cost": 2.99,
                                        "Plan Rows": 39,
                                        "Plan Width": 4,
                                        "Actual Startup Time": 0.019,
                                        "Actual Total Time": 0.071,
                                        "Actual Rows": 22,
                                        "Actual Loops": 1333,
                                        "Output": [
                                            "mi.movie_id"
                                        ],
                                        "Index Cond": "(mi.movie_id = mi_idx.movie_id)",
                                        "Rows Removed by Index Recheck": 0,
                                        "Heap Fetches": 29332,
                                        "Workers": [
                                            {
                                                "Worker Number": 0,
                                                "Actual Startup Time": 0.024,
                                                "Actual Total Time": 0.091,
                                                "Actual Rows": 22,
                                                "Actual Loops": 225
                                            },
                                            {
                                                "Worker Number": 1,
                                                "Actual Startup Time": 0.024,
                                                "Actual Total Time": 0.09,
                                                "Actual Rows": 20,
                                                "Actual Loops": 236
                                            },
                                            {
                                                "Worker Number": 2,
                                                "Actual Startup Time": 0.023,
                                                "Actual Total Time": 0.09,
                                                "Actual Rows": 24,
                                                "Actual Loops": 221
                                            },
                                            {
                                                "Worker Number": 3,
                                                "Actual Startup Time": 0.027,
                                                "Actual Total Time": 0.103,
                                                "Actual Rows": 25,
                                                "Actual Loops": 211
                                            }
                                        ]
                                    }
                                ]
                            }
                        ]
                    }
                ]
            }
        ]
    },
    "Planning Time": 1.482,
    "Triggers": [],
    "Execution Time": 137.832
}