{
  "Plan": {
    "Node Type": "Aggregate",
    "Strategy": "Plain",
    "Partial Mode": "Finalize",
    "Parallel Aware": false,
    "Startup Cost": 300269.6,
    "Total Cost": 300269.61,
    "Plan Rows": 1,
    "Plan Width": 8,
    "Actual Startup Time": 1021.613,
    "Actual Total Time": 1040.852,
    "Actual Rows": 1,
    "Actual Loops": 1,
    "Plans": [
      {
        "Node Type": "Gather",
        "Parent Relationship": "Outer",
        "Parallel Aware": false,
        "Startup Cost": 300269.48,
        "Total Cost": 300269.59,
        "Plan Rows": 1,
        "Plan Width": 8,
        "Actual Startup Time": 1018.566,
        "Actual Total Time": 1040.84,
        "Actual Rows": 2,
        "Actual Loops": 1,
        "Workers Planned": 1,
        "Workers Launched": 1,
        "Single Copy": false,
        "Plans": [
          {
            "Node Type": "Aggregate",
            "Strategy": "Plain",
            "Partial Mode": "Partial",
            "Parent Relationship": "Outer",
            "Parallel Aware": false,
            "Startup Cost": 299269.48,
            "Total Cost": 299269.49,
            "Plan Rows": 1,
            "Plan Width": 8,
            "Actual Startup Time": 1008.835,
            "Actual Total Time": 1008.842,
            "Actual Rows": 1,
            "Actual Loops": 2,
            "Plans": [
              {
                "Node Type": "Hash Join",
                "Parent Relationship": "Outer",
                "Parallel Aware": true,
                "Join Type": "Inner",
                "Startup Cost": 236673.19,
                "Total Cost": 298806.7,
                "Plan Rows": 185113,
                "Plan Width": 0,
                "Actual Startup Time": 527.446,
                "Actual Total Time": 973.009,
                "Actual Rows": 713156,
                "Actual Loops": 2,
                "Inner Unique": false,
                "Hash Cond": "(mk.movie_id = t.id)",
                "Plans": [
                  {
                    "Node Type": "Seq Scan",
                    "Parent Relationship": "Outer",
                    "Parallel Aware": true,
                    "Relation Name": "movie_keyword",
                    "Alias": "mk",
                    "Startup Cost": 0.0,
                    "Total Cost": 51065.35,
                    "Plan Rows": 2661135,
                    "Plan Width": 4,
                    "Actual Startup Time": 0.014,
                    "Actual Total Time": 175.149,
                    "Actual Rows": 2261965,
                    "Actual Loops": 2
                  },
                  {
                    "Node Type": "Hash",
                    "Parent Relationship": "Inner",
                    "Parallel Aware": true,
                    "Startup Cost": 235380.02,
                    "Total Cost": 235380.02,
                    "Plan Rows": 103454,
                    "Plan Width": 8,
                    "Actual Startup Time": 523.919,
                    "Actual Total Time": 523.924,
                    "Actual Rows": 88420,
                    "Actual Loops": 2,
                    "Hash Buckets": 262144,
                    "Original Hash Buckets": 262144,
                    "Hash Batches": 1,
                    "Original Hash Batches": 1,
                    "Peak Memory Usage": 8992,
                    "Plans": [
                      {
                        "Node Type": "Hash Join",
                        "Parent Relationship": "Outer",
                        "Parallel Aware": true,
                        "Join Type": "Inner",
                        "Startup Cost": 70278.5,
                        "Total Cost": 235380.02,
                        "Plan Rows": 103454,
                        "Plan Width": 8,
                        "Actual Startup Time": 370.632,
                        "Actual Total Time": 497.245,
                        "Actual Rows": 88420,
                        "Actual Loops": 2,
                        "Inner Unique": true,
                        "Hash Cond": "(mi.movie_id = t.id)",
                        "Plans": [
                          {
                            "Node Type": "Bitmap Heap Scan",
                            "Parent Relationship": "Outer",
                            "Parallel Aware": true,
                            "Relation Name": "movie_info",
                            "Alias": "mi",
                            "Startup Cost": 6332.18,
                            "Total Cost": 170894.21,
                            "Plan Rows": 205522,
                            "Plan Width": 4,
                            "Actual Startup Time": 17.467,
                            "Actual Total Time": 69.856,
                            "Actual Rows": 164428,
                            "Actual Loops": 2,
                            "Recheck Cond": "(info_type_id = 98)",
                            "Rows Removed by Index Recheck": 0,
                            "Exact Heap Blocks": 11256,
                            "Lossy Heap Blocks": 0,
                            "Plans": [
                              {
                                "Node Type": "Bitmap Index Scan",
                                "Parent Relationship": "Outer",
                                "Parallel Aware": false,
                                "Index Name": "info_type_id_movie_info",
                                "Startup Cost": 0.0,
                                "Total Cost": 6244.84,
                                "Plan Rows": 349387,
                                "Plan Width": 0,
                                "Actual Startup Time": 13.814,
                                "Actual Total Time": 13.815,
                                "Actual Rows": 328857,
                                "Actual Loops": 1,
                                "Index Cond": "(info_type_id = 98)"
                              }
                            ]
                          },
                          {
                            "Node Type": "Hash",
                            "Parent Relationship": "Inner",
                            "Parallel Aware": true,
                            "Startup Cost": 54588.39,
                            "Total Cost": 54588.39,
                            "Plan Rows": 748634,
                            "Plan Width": 4,
                            "Actual Startup Time": 341.369,
                            "Actual Total Time": 341.37,
                            "Actual Rows": 630148,
                            "Actual Loops": 2,
                            "Hash Buckets": 2097152,
                            "Original Hash Buckets": 2097152,
                            "Hash Batches": 1,
                            "Original Hash Batches": 1,
                            "Peak Memory Usage": 65728,
                            "Plans": [
                              {
                                "Node Type": "Seq Scan",
                                "Parent Relationship": "Outer",
                                "Parallel Aware": true,
                                "Relation Name": "title",
                                "Alias": "t",
                                "Startup Cost": 0.0,
                                "Total Cost": 54588.39,
                                "Plan Rows": 748634,
                                "Plan Width": 4,
                                "Actual Startup Time": 0.028,
                                "Actual Total Time": 163.589,
                                "Actual Rows": 630148,
                                "Actual Loops": 2,
                                "Filter": "(production_year > 2002)",
                                "Rows Removed by Filter": 634008
                              }
                            ]
                          }
                        ]
                      }
                    ]
                  }
                ]
              }
            ]
          }
        ]
      }
    ]
  },
  "Planning Time": 1.04,
  "Triggers": [],
  "Execution Time": 1040.96
}