[
  {
    "Plan": {
      "Node Type": "Aggregate",
      "Strategy": "Plain",
      "Partial Mode": "Finalize",
      "Parallel Aware": false,
      "Startup Cost": 61748.47,
      "Total Cost": 61748.48,
      "Plan Rows": 1,
      "Plan Width": 8,
      "Actual Startup Time": 150.478,
      "Actual Total Time": 162.642,
      "Actual Rows": 1,
      "Actual Loops": 1,
      "Plans": [
        {
          "Node Type": "Gather",
          "Parent Relationship": "Outer",
          "Parallel Aware": false,
          "Startup Cost": 61748.15,
          "Total Cost": 61748.46,
          "Plan Rows": 3,
          "Plan Width": 8,
          "Actual Startup Time": 150.174,
          "Actual Total Time": 162.634,
          "Actual Rows": 4,
          "Actual Loops": 1,
          "Workers Planned": 3,
          "Workers Launched": 3,
          "Single Copy": false,
          "Plans": [
            {
              "Node Type": "Aggregate",
              "Strategy": "Plain",
              "Partial Mode": "Partial",
              "Parent Relationship": "Outer",
              "Parallel Aware": false,
              "Startup Cost": 60748.15,
              "Total Cost": 60748.16,
              "Plan Rows": 1,
              "Plan Width": 8,
              "Actual Startup Time": 144.29,
              "Actual Total Time": 144.293,
              "Actual Rows": 1,
              "Actual Loops": 4,
              "Plans": [
                {
                  "Node Type": "Nested Loop",
                  "Parent Relationship": "Outer",
                  "Parallel Aware": false,
                  "Join Type": "Inner",
                  "Startup Cost": 447.31,
                  "Total Cost": 60735.66,
                  "Plan Rows": 4996,
                  "Plan Width": 0,
                  "Actual Startup Time": 62.973,
                  "Actual Total Time": 143.762,
                  "Actual Rows": 2188,
                  "Actual Loops": 4,
                  "Inner Unique": true,
                  "Plans": [
                    {
                      "Node Type": "Bitmap Heap Scan",
                      "Parent Relationship": "Outer",
                      "Parallel Aware": true,
                      "Relation Name": "movie_keyword",
                      "Alias": "mk",
                      "Startup Cost": 446.88,
                      "Total Cost": 25125.73,
                      "Plan Rows": 6762,
                      "Plan Width": 4,
                      "Actual Startup Time": 62.781,
                      "Actual Total Time": 85.05,
                      "Actual Rows": 5130,
                      "Actual Loops": 4,
                      "Recheck Cond": "(keyword_id = 382)",
                      "Rows Removed by Index Recheck": 0,
                      "Exact Heap Blocks": 5154,
                      "Lossy Heap Blocks": 0,
                      "Plans": [
                        {
                          "Node Type": "Bitmap Index Scan",
                          "Parent Relationship": "Outer",
                          "Parallel Aware": false,
                          "Index Name": "keyword_id_movie_keyword",
                          "Startup Cost": 0.0,
                          "Total Cost": 441.64,
                          "Plan Rows": 20961,
                          "Plan Width": 0,
                          "Actual Startup Time": 61.659,
                          "Actual Total Time": 61.659,
                          "Actual Rows": 20522,
                          "Actual Loops": 1,
                          "Index Cond": "(keyword_id = 382)"
                        }
                      ]
                    },
                    {
                      "Node Type": "Index Scan",
                      "Parent Relationship": "Inner",
                      "Parallel Aware": false,
                      "Scan Direction": "Forward",
                      "Index Name": "title_pkey",
                      "Relation Name": "title",
                      "Alias": "t",
                      "Startup Cost": 0.43,
                      "Total Cost": 5.27,
                      "Plan Rows": 1,
                      "Plan Width": 4,
                      "Actual Startup Time": 0.011,
                      "Actual Total Time": 0.011,
                      "Actual Rows": 0,
                      "Actual Loops": 20522,
                      "Index Cond": "(id = mk.movie_id)",
                      "Rows Removed by Index Recheck": 0,
                      "Filter": "(kind_id > 1)",
                      "Rows Removed by Filter": 1
                    }
                  ]
                }
              ]
            }
          ]
        }
      ]
    },
    "Planning Time": 0.314,
    "Triggers": [],
    "Execution Time": 162.694
  }
]