[
  {
    "Plan": {
      "Node Type": "Aggregate",
      "Strategy": "Plain",
      "Partial Mode": "Finalize",
      "Parallel Aware": false,
      "Startup Cost": 130842.28,
      "Total Cost": 130842.29,
      "Plan Rows": 1,
      "Plan Width": 8,
      "Actual Startup Time": 949.204,
      "Actual Total Time": 970.754,
      "Actual Rows": 1,
      "Actual Loops": 1,
      "Plans": [
        {
          "Node Type": "Gather",
          "Parent Relationship": "Outer",
          "Parallel Aware": false,
          "Startup Cost": 130841.97,
          "Total Cost": 130842.28,
          "Plan Rows": 3,
          "Plan Width": 8,
          "Actual Startup Time": 943.963,
          "Actual Total Time": 970.744,
          "Actual Rows": 4,
          "Actual Loops": 1,
          "Workers Planned": 3,
          "Workers Launched": 3,
          "Single Copy": false,
          "Plans": [
            {
              "Node Type": "Aggregate",
              "Strategy": "Plain",
              "Partial Mode": "Partial",
              "Parent Relationship": "Outer",
              "Parallel Aware": false,
              "Startup Cost": 129841.97,
              "Total Cost": 129841.98,
              "Plan Rows": 1,
              "Plan Width": 8,
              "Actual Startup Time": 934.812,
              "Actual Total Time": 935.349,
              "Actual Rows": 1,
              "Actual Loops": 4,
              "Plans": [
                {
                  "Node Type": "Hash Join",
                  "Parent Relationship": "Outer",
                  "Parallel Aware": true,
                  "Join Type": "Inner",
                  "Startup Cost": 83080.25,
                  "Total Cost": 128721.02,
                  "Plan Rows": 448379,
                  "Plan Width": 0,
                  "Actual Startup Time": 547.643,
                  "Actual Total Time": 871.989,
                  "Actual Rows": 1647811,
                  "Actual Loops": 4,
                  "Inner Unique": false,
                  "Hash Cond": "(mk.movie_id = t.id)",
                  "Plans": [
                    {
                      "Node Type": "Seq Scan",
                      "Parent Relationship": "Outer",
                      "Parallel Aware": true,
                      "Relation Name": "movie_keyword",
                      "Alias": "mk",
                      "Startup Cost": 0.0,
                      "Total Cost": 39047.32,
                      "Plan Rows": 1459332,
                      "Plan Width": 4,
                      "Actual Startup Time": 0.03,
                      "Actual Total Time": 87.273,
                      "Actual Rows": 1130982,
                      "Actual Loops": 4
                    },
                    {
                      "Node Type": "Hash",
                      "Parent Relationship": "Inner",
                      "Parallel Aware": true,
                      "Startup Cost": 80652.7,
                      "Total Cost": 80652.7,
                      "Plan Rows": 194204,
                      "Plan Width": 8,
                      "Actual Startup Time": 542.378,
                      "Actual Total Time": 542.903,
                      "Actual Rows": 249622,
                      "Actual Loops": 4,
                      "Hash Buckets": 1048576,
                      "Original Hash Buckets": 1048576,
                      "Hash Batches": 1,
                      "Original Hash Batches": 1,
                      "Peak Memory Usage": 47296,
                      "Plans": [
                        {
                          "Node Type": "Hash Join",
                          "Parent Relationship": "Outer",
                          "Parallel Aware": true,
                          "Join Type": "Inner",
                          "Startup Cost": 34547.14,
                          "Total Cost": 80652.7,
                          "Plan Rows": 194204,
                          "Plan Width": 8,
                          "Actual Startup Time": 166.332,
                          "Actual Total Time": 460.44,
                          "Actual Rows": 249622,
                          "Actual Loops": 4,
                          "Inner Unique": false,
                          "Hash Cond": "(t.id = mc.movie_id)",
                          "Plans": [
                            {
                              "Node Type": "Seq Scan",
                              "Parent Relationship": "Outer",
                              "Parallel Aware": true,
                              "Relation Name": "title",
                              "Alias": "t",
                              "Startup Cost": 0.0,
                              "Total Cost": 42318.73,
                              "Plan Rows": 632073,
                              "Plan Width": 4,
                              "Actual Startup Time": 0.012,
                              "Actual Total Time": 75.779,
                              "Actual Rows": 632078,
                              "Actual Loops": 4
                            },
                            {
                              "Node Type": "Hash",
                              "Parent Relationship": "Inner",
                              "Parallel Aware": true,
                              "Startup Cost": 31414.82,
                              "Total Cost": 31414.82,
                              "Plan Rows": 250586,
                              "Plan Width": 4,
                              "Actual Startup Time": 163.747,
                              "Actual Total Time": 163.748,
                              "Actual Rows": 249622,
                              "Actual Loops": 4,
                              "Hash Buckets": 1048576,
                              "Original Hash Buckets": 1048576,
                              "Hash Batches": 1,
                              "Original Hash Batches": 1,
                              "Peak Memory Usage": 47328,
                              "Plans": [
                                {
                                  "Node Type": "Seq Scan",
                                  "Parent Relationship": "Outer",
                                  "Parallel Aware": true,
                                  "Relation Name": "movie_companies",
                                  "Alias": "mc",
                                  "Startup Cost": 0.0,
                                  "Total Cost": 31414.82,
                                  "Plan Rows": 250586,
                                  "Plan Width": 4,
                                  "Actual Startup Time": 48.992,
                                  "Actual Total Time": 90.006,
                                  "Actual Rows": 249622,
                                  "Actual Loops": 4,
                                  "Filter": "((company_id > 6857) AND (company_type_id = 2))",
                                  "Rows Removed by Filter": 402660
                                }
                              ]
                            }
                          ]
                        }
                      ]
                    }
                  ]
                }
              ]
            }
          ]
        }
      ]
    },
    "Planning Time": 1.417,
    "Triggers": [],
    "Execution Time": 970.839
  }
]