[
  {
    "Plan": {
      "Node Type": "Aggregate",
      "Strategy": "Plain",
      "Partial Mode": "Finalize",
      "Parallel Aware": false,
      "Startup Cost": 353902.82,
      "Total Cost": 353902.83,
      "Plan Rows": 1,
      "Plan Width": 8,
      "Actual Startup Time": 912.309,
      "Actual Total Time": 966.491,
      "Actual Rows": 1,
      "Actual Loops": 1,
      "Plans": [
        {
          "Node Type": "Gather",
          "Parent Relationship": "Outer",
          "Parallel Aware": false,
          "Startup Cost": 353902.19,
          "Total Cost": 353902.8,
          "Plan Rows": 6,
          "Plan Width": 8,
          "Actual Startup Time": 912.104,
          "Actual Total Time": 966.478,
          "Actual Rows": 7,
          "Actual Loops": 1,
          "Workers Planned": 6,
          "Workers Launched": 6,
          "Single Copy": false,
          "Plans": [
            {
              "Node Type": "Aggregate",
              "Strategy": "Plain",
              "Partial Mode": "Partial",
              "Parent Relationship": "Outer",
              "Parallel Aware": false,
              "Startup Cost": 352902.19,
              "Total Cost": 352902.2,
              "Plan Rows": 1,
              "Plan Width": 8,
              "Actual Startup Time": 903.703,
              "Actual Total Time": 903.704,
              "Actual Rows": 1,
              "Actual Loops": 7,
              "Plans": [
                {
                  "Node Type": "Seq Scan",
                  "Parent Relationship": "Outer",
                  "Parallel Aware": true,
                  "Relation Name": "cast_info",
                  "Alias": "ci",
                  "Startup Cost": 0.0,
                  "Total Cost": 343316.27,
                  "Plan Rows": 3834368,
                  "Plan Width": 0,
                  "Actual Startup Time": 229.259,
                  "Actual Total Time": 737.495,
                  "Actual Rows": 3254979,
                  "Actual Loops": 7,
                  "Filter": "((person_id < 3910413) AND (role_id > 1))",
                  "Rows Removed by Filter": 1922784
                }
              ]
            }
          ]
        }
      ]
    },
    "Planning Time": 0.09,
    "Triggers": [],
    "Execution Time": 966.535
  }
]