[
  {
    "Plan": {
      "Node Type": "Aggregate",
      "Strategy": "Plain",
      "Partial Mode": "Finalize",
      "Parallel Aware": false,
      "Startup Cost": 32835.26,
      "Total Cost": 32835.27,
      "Plan Rows": 1,
      "Plan Width": 8,
      "Actual Startup Time": 78.79,
      "Actual Total Time": 84.693,
      "Actual Rows": 1,
      "Actual Loops": 1,
      "Plans": [
        {
          "Node Type": "Gather",
          "Parent Relationship": "Outer",
          "Parallel Aware": false,
          "Startup Cost": 32834.94,
          "Total Cost": 32835.25,
          "Plan Rows": 3,
          "Plan Width": 8,
          "Actual Startup Time": 78.684,
          "Actual Total Time": 84.687,
          "Actual Rows": 4,
          "Actual Loops": 1,
          "Workers Planned": 3,
          "Workers Launched": 3,
          "Single Copy": false,
          "Plans": [
            {
              "Node Type": "Aggregate",
              "Strategy": "Plain",
              "Partial Mode": "Partial",
              "Parent Relationship": "Outer",
              "Parallel Aware": false,
              "Startup Cost": 31834.94,
              "Total Cost": 31834.95,
              "Plan Rows": 1,
              "Plan Width": 8,
              "Actual Startup Time": 75.13,
              "Actual Total Time": 75.131,
              "Actual Rows": 1,
              "Actual Loops": 4,
              "Plans": [
                {
                  "Node Type": "Seq Scan",
                  "Parent Relationship": "Outer",
                  "Parallel Aware": true,
                  "Relation Name": "movie_companies",
                  "Alias": "mc",
                  "Startup Cost": 0.0,
                  "Total Cost": 31414.82,
                  "Plan Rows": 168050,
                  "Plan Width": 0,
                  "Actual Startup Time": 33.775,
                  "Actual Total Time": 66.6,
                  "Actual Rows": 206119,
                  "Actual Loops": 4,
                  "Filter": "((company_id > 16199) AND (company_type_id > 1))",
                  "Rows Removed by Filter": 446164
                }
              ]
            }
          ]
        }
      ]
    },
    "Planning Time": 0.087,
    "Triggers": [],
    "Execution Time": 84.719
  }
]