{
  "Plan": {
    "Node Type": "Aggregate",
    "Strategy": "Plain",
    "Partial Mode": "Finalize",
    "Parallel Aware": false,
    "Startup Cost": 438477.23,
    "Total Cost": 438477.24,
    "Plan Rows": 1,
    "Plan Width": 8,
    "Actual Startup Time": 4070.554,
    "Actual Total Time": 4125.283,
    "Actual Rows": 1,
    "Actual Loops": 1,
    "Plans": [
      {
        "Node Type": "Gather",
        "Parent Relationship": "Outer",
        "Parallel Aware": false,
        "Startup Cost": 438477.12,
        "Total Cost": 438477.23,
        "Plan Rows": 1,
        "Plan Width": 8,
        "Actual Startup Time": 4063.079,
        "Actual Total Time": 4125.271,
        "Actual Rows": 2,
        "Actual Loops": 1,
        "Workers Planned": 1,
        "Workers Launched": 1,
        "Single Copy": false,
        "Plans": [
          {
            "Node Type": "Aggregate",
            "Strategy": "Plain",
            "Partial Mode": "Partial",
            "Parent Relationship": "Outer",
            "Parallel Aware": false,
            "Startup Cost": 437477.12,
            "Total Cost": 437477.13,
            "Plan Rows": 1,
            "Plan Width": 8,
            "Actual Startup Time": 4057.172,
            "Actual Total Time": 4057.494,
            "Actual Rows": 1,
            "Actual Loops": 2,
            "Plans": [
              {
                "Node Type": "Hash Join",
                "Parent Relationship": "Outer",
                "Parallel Aware": true,
                "Join Type": "Inner",
                "Startup Cost": 127552.97,
                "Total Cost": 432299.61,
                "Plan Rows": 2071002,
                "Plan Width": 0,
                "Actual Startup Time": 916.688,
                "Actual Total Time": 3410.763,
                "Actual Rows": 16643740,
                "Actual Loops": 2,
                "Inner Unique": false,
                "Hash Cond": "(mi.movie_id = t.id)",
                "Plans": [
                  {
                    "Node Type": "Seq Scan",
                    "Parent Relationship": "Outer",
                    "Parallel Aware": true,
                    "Relation Name": "movie_info",
                    "Alias": "mi",
                    "Startup Cost": 0.0,
                    "Total Cost": 270696.42,
                    "Plan Rows": 5831431,
                    "Plan Width": 4,
                    "Actual Startup Time": 33.251,
                    "Actual Total Time": 713.541,
                    "Actual Rows": 4955877,
                    "Actual Loops": 2,
                    "Filter": "(info_type_id > 4)",
                    "Rows Removed by Filter": 2461983
                  },
                  {
                    "Node Type": "Hash",
                    "Parent Relationship": "Inner",
                    "Parallel Aware": true,
                    "Startup Cost": 120950.69,
                    "Total Cost": 120950.69,
                    "Plan Rows": 528182,
                    "Plan Width": 8,
                    "Actual Startup Time": 874.307,
                    "Actual Total Time": 874.628,
                    "Actual Rows": 453007,
                    "Actual Loops": 2,
                    "Hash Buckets": 1048576,
                    "Original Hash Buckets": 1048576,
                    "Hash Batches": 1,
                    "Original Hash Batches": 1,
                    "Peak Memory Usage": 43648,
                    "Plans": [
                      {
                        "Node Type": "Hash Join",
                        "Parent Relationship": "Outer",
                        "Parallel Aware": true,
                        "Join Type": "Inner",
                        "Startup Cost": 88507.93,
                        "Total Cost": 120950.69,
                        "Plan Rows": 528182,
                        "Plan Width": 8,
                        "Actual Startup Time": 565.311,
                        "Actual Total Time": 779.776,
                        "Actual Rows": 453007,
                        "Actual Loops": 2,
                        "Inner Unique": true,
                        "Hash Cond": "(mk.movie_id = t.id)",
                        "Plans": [
                          {
                            "Node Type": "Bitmap Heap Scan",
                            "Parent Relationship": "Outer",
                            "Parallel Aware": true,
                            "Relation Name": "movie_keyword",
                            "Alias": "mk",
                            "Startup Cost": 19047.24,
                            "Total Cost": 50103.51,
                            "Plan Rows": 528182,
                            "Plan Width": 4,
                            "Actual Startup Time": 46.076,
                            "Actual Total Time": 132.522,
                            "Actual Rows": 453007,
                            "Actual Loops": 2,
                            "Recheck Cond": "(keyword_id < 865)",
                            "Rows Removed by Index Recheck": 0,
                            "Exact Heap Blocks": 13229,
                            "Lossy Heap Blocks": 0,
                            "Plans": [
                              {
                                "Node Type": "Bitmap Index Scan",
                                "Parent Relationship": "Outer",
                                "Parallel Aware": false,
                                "Index Name": "keyword_id_movie_keyword",
                                "Startup Cost": 0.0,
                                "Total Cost": 18822.76,
                                "Plan Rows": 897910,
                                "Plan Width": 0,
                                "Actual Startup Time": 42.474,
                                "Actual Total Time": 42.474,
                                "Actual Rows": 906014,
                                "Actual Loops": 1,
                                "Index Cond": "(keyword_id < 865)"
                              }
                            ]
                          },
                          {
                            "Node Type": "Hash",
                            "Parent Relationship": "Inner",
                            "Parallel Aware": true,
                            "Startup Cost": 50870.31,
                            "Total Cost": 50870.31,
                            "Plan Rows": 1487231,
                            "Plan Width": 4,
                            "Actual Startup Time": 503.355,
                            "Actual Total Time": 503.356,
                            "Actual Rows": 1264156,
                            "Actual Loops": 2,
                            "Hash Buckets": 4194304,
                            "Original Hash Buckets": 4194304,
                            "Hash Batches": 1,
                            "Original Hash Batches": 1,
                            "Peak Memory Usage": 131712,
                            "Plans": [
                              {
                                "Node Type": "Seq Scan",
                                "Parent Relationship": "Outer",
                                "Parallel Aware": true,
                                "Relation Name": "title",
                                "Alias": "t",
                                "Startup Cost": 0.0,
                                "Total Cost": 50870.31,
                                "Plan Rows": 1487231,
                                "Plan Width": 4,
                                "Actual Startup Time": 0.038,
                                "Actual Total Time": 155.067,
                                "Actual Rows": 1264156,
                                "Actual Loops": 2
                              }
                            ]
                          }
                        ]
                      }
                    ]
                  }
                ]
              }
            ]
          }
        ]
      }
    ]
  },
  "Planning Time": 0.961,
  "Triggers": [],
  "Execution Time": 4125.385
}