{
  "Plan": {
    "Node Type": "Aggregate",
    "Strategy": "Plain",
    "Partial Mode": "Finalize",
    "Parallel Aware": false,
    "Startup Cost": 71674.75,
    "Total Cost": 71674.76,
    "Plan Rows": 1,
    "Plan Width": 8,
    "Actual Startup Time": 119.246,
    "Actual Total Time": 127.047,
    "Actual Rows": 1,
    "Actual Loops": 1,
    "Plans": [
      {
        "Node Type": "Gather",
        "Parent Relationship": "Outer",
        "Parallel Aware": false,
        "Startup Cost": 71674.64,
        "Total Cost": 71674.75,
        "Plan Rows": 1,
        "Plan Width": 8,
        "Actual Startup Time": 118.992,
        "Actual Total Time": 127.039,
        "Actual Rows": 2,
        "Actual Loops": 1,
        "Workers Planned": 1,
        "Workers Launched": 1,
        "Single Copy": false,
        "Plans": [
          {
            "Node Type": "Aggregate",
            "Strategy": "Plain",
            "Partial Mode": "Partial",
            "Parent Relationship": "Outer",
            "Parallel Aware": false,
            "Startup Cost": 70674.64,
            "Total Cost": 70674.65,
            "Plan Rows": 1,
            "Plan Width": 8,
            "Actual Startup Time": 112.933,
            "Actual Total Time": 112.937,
            "Actual Rows": 1,
            "Actual Loops": 2,
            "Plans": [
              {
                "Node Type": "Hash Join",
                "Parent Relationship": "Outer",
                "Parallel Aware": true,
                "Join Type": "Inner",
                "Startup Cost": 51581.84,
                "Total Cost": 70672.36,
                "Plan Rows": 909,
                "Plan Width": 0,
                "Actual Startup Time": 44.946,
                "Actual Total Time": 112.746,
                "Actual Rows": 2835,
                "Actual Loops": 2,
                "Inner Unique": false,
                "Hash Cond": "(mi_idx.movie_id = t.id)",
                "Plans": [
                  {
                    "Node Type": "Seq Scan",
                    "Parent Relationship": "Outer",
                    "Parallel Aware": true,
                    "Relation Name": "movie_info_idx",
                    "Alias": "mi_idx",
                    "Startup Cost": 0.0,
                    "Total Cost": 18082.32,
                    "Plan Rows": 267429,
                    "Plan Width": 4,
                    "Actual Startup Time": 0.016,
                    "Actual Total Time": 51.247,
                    "Actual Rows": 229962,
                    "Actual Loops": 2,
                    "Filter": "(info_type_id < 100)",
                    "Rows Removed by Filter": 460055
                  },
                  {
                    "Node Type": "Hash",
                    "Parent Relationship": "Inner",
                    "Parallel Aware": true,
                    "Startup Cost": 51518.64,
                    "Total Cost": 51518.64,
                    "Plan Rows": 5056,
                    "Plan Width": 8,
                    "Actual Startup Time": 43.555,
                    "Actual Total Time": 43.557,
                    "Actual Rows": 3776,
                    "Actual Loops": 2,
                    "Hash Buckets": 16384,
                    "Original Hash Buckets": 16384,
                    "Hash Batches": 1,
                    "Original Hash Batches": 1,
                    "Peak Memory Usage": 448,
                    "Plans": [
                      {
                        "Node Type": "Nested Loop",
                        "Parent Relationship": "Outer",
                        "Parallel Aware": false,
                        "Join Type": "Inner",
                        "Startup Cost": 183.47,
                        "Total Cost": 51518.64,
                        "Plan Rows": 5056,
                        "Plan Width": 8,
                        "Actual Startup Time": 3.38,
                        "Actual Total Time": 41.796,
                        "Actual Rows": 3776,
                        "Actual Loops": 2,
                        "Inner Unique": true,
                        "Plans": [
                          {
                            "Node Type": "Bitmap Heap Scan",
                            "Parent Relationship": "Outer",
                            "Parallel Aware": true,
                            "Relation Name": "movie_keyword",
                            "Alias": "mk",
                            "Startup Cost": 183.04,
                            "Total Cost": 17497.69,
                            "Plan Rows": 5056,
                            "Plan Width": 4,
                            "Actual Startup Time": 3.22,
                            "Actual Total Time": 14.03,
                            "Actual Rows": 3776,
                            "Actual Loops": 2,
                            "Recheck Cond": "(keyword_id = 910)",
                            "Rows Removed by Index Recheck": 0,
                            "Exact Heap Blocks": 4827,
                            "Lossy Heap Blocks": 0,
                            "Plans": [
                              {
                                "Node Type": "Bitmap Index Scan",
                                "Parent Relationship": "Outer",
                                "Parallel Aware": false,
                                "Index Name": "keyword_id_movie_keyword",
                                "Startup Cost": 0.0,
                                "Total Cost": 180.89,
                                "Plan Rows": 8595,
                                "Plan Width": 0,
                                "Actual Startup Time": 3.234,
                                "Actual Total Time": 3.234,
                                "Actual Rows": 7552,
                                "Actual Loops": 1,
                                "Index Cond": "(keyword_id = 910)"
                              }
                            ]
                          },
                          {
                            "Node Type": "Index Only Scan",
                            "Parent Relationship": "Inner",
                            "Parallel Aware": false,
                            "Scan Direction": "Forward",
                            "Index Name": "title_pkey",
                            "Relation Name": "title",
                            "Alias": "t",
                            "Startup Cost": 0.43,
                            "Total Cost": 6.73,
                            "Plan Rows": 1,
                            "Plan Width": 4,
                            "Actual Startup Time": 0.007,
                            "Actual Total Time": 0.007,
                            "Actual Rows": 1,
                            "Actual Loops": 7552,
                            "Index Cond": "(id = mk.movie_id)",
                            "Rows Removed by Index Recheck": 0,
                            "Heap Fetches": 7552
                          }
                        ]
                      }
                    ]
                  }
                ]
              }
            ]
          }
        ]
      }
    ]
  },
  "Planning Time": 1.042,
  "Triggers": [],
  "Execution Time": 127.161
}