[
  {
    "Plan": {
      "Node Type": "Aggregate",
      "Strategy": "Plain",
      "Partial Mode": "Finalize",
      "Parallel Aware": false,
      "Startup Cost": 44666.65,
      "Total Cost": 44666.66,
      "Plan Rows": 1,
      "Plan Width": 8,
      "Actual Startup Time": 127.469,
      "Actual Total Time": 137.721,
      "Actual Rows": 1,
      "Actual Loops": 1,
      "Plans": [
        {
          "Node Type": "Gather",
          "Parent Relationship": "Outer",
          "Parallel Aware": false,
          "Startup Cost": 44666.33,
          "Total Cost": 44666.64,
          "Plan Rows": 3,
          "Plan Width": 8,
          "Actual Startup Time": 127.342,
          "Actual Total Time": 137.713,
          "Actual Rows": 4,
          "Actual Loops": 1,
          "Workers Planned": 3,
          "Workers Launched": 3,
          "Single Copy": false,
          "Plans": [
            {
              "Node Type": "Aggregate",
              "Strategy": "Plain",
              "Partial Mode": "Partial",
              "Parent Relationship": "Outer",
              "Parallel Aware": false,
              "Startup Cost": 43666.33,
              "Total Cost": 43666.34,
              "Plan Rows": 1,
              "Plan Width": 8,
              "Actual Startup Time": 119.824,
              "Actual Total Time": 119.843,
              "Actual Rows": 1,
              "Actual Loops": 4,
              "Plans": [
                {
                  "Node Type": "Seq Scan",
                  "Parent Relationship": "Outer",
                  "Parallel Aware": true,
                  "Relation Name": "movie_keyword",
                  "Alias": "mk",
                  "Startup Cost": 0.0,
                  "Total Cost": 42695.65,
                  "Plan Rows": 388272,
                  "Plan Width": 0,
                  "Actual Startup Time": 2.645,
                  "Actual Total Time": 104.711,
                  "Actual Rows": 302115,
                  "Actual Loops": 4,
                  "Filter": "(keyword_id > 15167)",
                  "Rows Removed by Filter": 828868
                }
              ]
            }
          ]
        }
      ]
    },
    "Planning Time": 0.168,
    "Triggers": [],
    "Execution Time": 137.771
  }
]