[
  {
    "Plan": {
      "Node Type": "Aggregate",
      "Strategy": "Plain",
      "Partial Mode": "Finalize",
      "Parallel Aware": false,
      "Startup Cost": 112109.77,
      "Total Cost": 112109.78,
      "Plan Rows": 1,
      "Plan Width": 8,
      "Actual Startup Time": 511.146,
      "Actual Total Time": 529.251,
      "Actual Rows": 1,
      "Actual Loops": 1,
      "Plans": [
        {
          "Node Type": "Gather",
          "Parent Relationship": "Outer",
          "Parallel Aware": false,
          "Startup Cost": 112109.45,
          "Total Cost": 112109.76,
          "Plan Rows": 3,
          "Plan Width": 8,
          "Actual Startup Time": 506.528,
          "Actual Total Time": 529.243,
          "Actual Rows": 4,
          "Actual Loops": 1,
          "Workers Planned": 3,
          "Workers Launched": 3,
          "Single Copy": false,
          "Plans": [
            {
              "Node Type": "Aggregate",
              "Strategy": "Plain",
              "Partial Mode": "Partial",
              "Parent Relationship": "Outer",
              "Parallel Aware": false,
              "Startup Cost": 111109.45,
              "Total Cost": 111109.46,
              "Plan Rows": 1,
              "Plan Width": 8,
              "Actual Startup Time": 495.091,
              "Actual Total Time": 495.096,
              "Actual Rows": 1,
              "Actual Loops": 4,
              "Plans": [
                {
                  "Node Type": "Hash Join",
                  "Parent Relationship": "Outer",
                  "Parallel Aware": true,
                  "Join Type": "Inner",
                  "Startup Cost": 63578.17,
                  "Total Cost": 110978.61,
                  "Plan Rows": 52336,
                  "Plan Width": 0,
                  "Actual Startup Time": 258.353,
                  "Actual Total Time": 473.801,
                  "Actual Rows": 522514,
                  "Actual Loops": 4,
                  "Inner Unique": false,
                  "Hash Cond": "(mk.movie_id = t.id)",
                  "Plans": [
                    {
                      "Node Type": "Seq Scan",
                      "Parent Relationship": "Outer",
                      "Parallel Aware": true,
                      "Relation Name": "movie_keyword",
                      "Alias": "mk",
                      "Startup Cost": 0.0,
                      "Total Cost": 42695.65,
                      "Plan Rows": 1196460,
                      "Plan Width": 4,
                      "Actual Startup Time": 0.058,
                      "Actual Total Time": 108.099,
                      "Actual Rows": 925175,
                      "Actual Loops": 4,
                      "Filter": "(keyword_id > 786)",
                      "Rows Removed by Filter": 205807
                    },
                    {
                      "Node Type": "Hash",
                      "Parent Relationship": "Inner",
                      "Parallel Aware": true,
                      "Startup Cost": 63002.17,
                      "Total Cost": 63002.17,
                      "Plan Rows": 46080,
                      "Plan Width": 8,
                      "Actual Startup Time": 256.265,
                      "Actual Total Time": 256.269,
                      "Actual Rows": 59196,
                      "Actual Loops": 4,
                      "Hash Buckets": 262144,
                      "Original Hash Buckets": 131072,
                      "Hash Batches": 1,
                      "Original Hash Batches": 1,
                      "Peak Memory Usage": 12416,
                      "Plans": [
                        {
                          "Node Type": "Hash Join",
                          "Parent Relationship": "Outer",
                          "Parallel Aware": true,
                          "Join Type": "Inner",
                          "Startup Cost": 47375.55,
                          "Total Cost": 63002.17,
                          "Plan Rows": 46080,
                          "Plan Width": 8,
                          "Actual Startup Time": 167.345,
                          "Actual Total Time": 236.075,
                          "Actual Rows": 59196,
                          "Actual Loops": 4,
                          "Inner Unique": true,
                          "Hash Cond": "(mi_idx.movie_id = t.id)",
                          "Plans": [
                            {
                              "Node Type": "Seq Scan",
                              "Parent Relationship": "Outer",
                              "Parallel Aware": true,
                              "Relation Name": "movie_info_idx",
                              "Alias": "mi_idx",
                              "Startup Cost": 0.0,
                              "Total Cost": 15122.68,
                              "Plan Rows": 191978,
                              "Plan Width": 4,
                              "Actual Startup Time": 0.026,
                              "Actual Total Time": 29.886,
                              "Actual Rows": 114981,
                              "Actual Loops": 4,
                              "Filter": "(info_type_id = 101)",
                              "Rows Removed by Filter": 230028
                            },
                            {
                              "Node Type": "Hash",
                              "Parent Relationship": "Inner",
                              "Parallel Aware": true,
                              "Startup Cost": 45479.1,
                              "Total Cost": 45479.1,
                              "Plan Rows": 151716,
                              "Plan Width": 4,
                              "Actual Startup Time": 163.567,
                              "Actual Total Time": 163.568,
                              "Actual Rows": 162554,
                              "Actual Loops": 4,
                              "Hash Buckets": 1048576,
                              "Original Hash Buckets": 1048576,
                              "Hash Batches": 1,
                              "Original Hash Batches": 1,
                              "Peak Memory Usage": 33696,
                              "Plans": [
                                {
                                  "Node Type": "Seq Scan",
                                  "Parent Relationship": "Outer",
                                  "Parallel Aware": true,
                                  "Relation Name": "title",
                                  "Alias": "t",
                                  "Startup Cost": 0.0,
                                  "Total Cost": 45479.1,
                                  "Plan Rows": 151716,
                                  "Plan Width": 4,
                                  "Actual Startup Time": 0.044,
                                  "Actual Total Time": 103.81,
                                  "Actual Rows": 162554,
                                  "Actual Loops": 4,
                                  "Filter": "((kind_id < 4) AND (production_year < 2009))",
                                  "Rows Removed by Filter": 469524
                                }
                              ]
                            }
                          ]
                        }
                      ]
                    }
                  ]
                }
              ]
            }
          ]
        }
      ]
    },
    "Planning Time": 1.409,
    "Triggers": [],
    "Execution Time": 529.336
  }
]