{
  "Plan": {
    "Node Type": "Aggregate",
    "Strategy": "Plain",
    "Partial Mode": "Finalize",
    "Parallel Aware": false,
    "Startup Cost": 974448.88,
    "Total Cost": 974448.89,
    "Plan Rows": 1,
    "Plan Width": 8,
    "Actual Startup Time": 4711.587,
    "Actual Total Time": 4816.036,
    "Actual Rows": 1,
    "Actual Loops": 1,
    "Plans": [
      {
        "Node Type": "Gather",
        "Parent Relationship": "Outer",
        "Parallel Aware": false,
        "Startup Cost": 974448.76,
        "Total Cost": 974448.87,
        "Plan Rows": 1,
        "Plan Width": 8,
        "Actual Startup Time": 4708.872,
        "Actual Total Time": 4816.017,
        "Actual Rows": 2,
        "Actual Loops": 1,
        "Workers Planned": 1,
        "Workers Launched": 1,
        "Single Copy": false,
        "Plans": [
          {
            "Node Type": "Aggregate",
            "Strategy": "Plain",
            "Partial Mode": "Partial",
            "Parent Relationship": "Outer",
            "Parallel Aware": false,
            "Startup Cost": 973448.76,
            "Total Cost": 973448.77,
            "Plan Rows": 1,
            "Plan Width": 8,
            "Actual Startup Time": 4703.205,
            "Actual Total Time": 4703.565,
            "Actual Rows": 1,
            "Actual Loops": 2,
            "Plans": [
              {
                "Node Type": "Hash Join",
                "Parent Relationship": "Outer",
                "Parallel Aware": true,
                "Join Type": "Inner",
                "Startup Cost": 665804.22,
                "Total Cost": 970703.46,
                "Plan Rows": 1098121,
                "Plan Width": 0,
                "Actual Startup Time": 3358.036,
                "Actual Total Time": 4662.408,
                "Actual Rows": 1029128,
                "Actual Loops": 2,
                "Inner Unique": false,
                "Hash Cond": "(mi.movie_id = t.id)",
                "Plans": [
                  {
                    "Node Type": "Seq Scan",
                    "Parent Relationship": "Outer",
                    "Parallel Aware": true,
                    "Relation Name": "movie_info",
                    "Alias": "mi",
                    "Startup Cost": 0.0,
                    "Total Cost": 270696.42,
                    "Plan Rows": 3699105,
                    "Plan Width": 4,
                    "Actual Startup Time": 34.91,
                    "Actual Total Time": 687.825,
                    "Actual Rows": 3111747,
                    "Actual Loops": 2,
                    "Filter": "(info_type_id > 8)",
                    "Rows Removed by Filter": 4306113
                  },
                  {
                    "Node Type": "Hash",
                    "Parent Relationship": "Inner",
                    "Parallel Aware": true,
                    "Startup Cost": 660285.46,
                    "Total Cost": 660285.46,
                    "Plan Rows": 441501,
                    "Plan Width": 8,
                    "Actual Startup Time": 3313.841,
                    "Actual Total Time": 3314.198,
                    "Actual Rows": 431092,
                    "Actual Loops": 2,
                    "Hash Buckets": 1048576,
                    "Original Hash Buckets": 1048576,
                    "Hash Batches": 1,
                    "Original Hash Batches": 1,
                    "Peak Memory Usage": 41952,
                    "Plans": [
                      {
                        "Node Type": "Hash Join",
                        "Parent Relationship": "Outer",
                        "Parallel Aware": true,
                        "Join Type": "Inner",
                        "Startup Cost": 59052.31,
                        "Total Cost": 660285.46,
                        "Plan Rows": 441501,
                        "Plan Width": 8,
                        "Actual Startup Time": 168.84,
                        "Actual Total Time": 3166.709,
                        "Actual Rows": 431092,
                        "Actual Loops": 2,
                        "Inner Unique": true,
                        "Hash Cond": "(ci.movie_id = t.id)",
                        "Plans": [
                          {
                            "Node Type": "Seq Scan",
                            "Parent Relationship": "Outer",
                            "Parallel Aware": true,
                            "Relation Name": "cast_info",
                            "Alias": "ci",
                            "Startup Cost": 0.0,
                            "Total Cost": 572345.93,
                            "Plan Rows": 11004641,
                            "Plan Width": 4,
                            "Actual Startup Time": 0.025,
                            "Actual Total Time": 1854.25,
                            "Actual Rows": 10061330,
                            "Actual Loops": 2,
                            "Filter": "((person_id < 3671728) AND (role_id < 3))",
                            "Rows Removed by Filter": 8060842
                          },
                          {
                            "Node Type": "Hash",
                            "Parent Relationship": "Inner",
                            "Parallel Aware": true,
                            "Startup Cost": 58306.47,
                            "Total Cost": 58306.47,
                            "Plan Rows": 59667,
                            "Plan Width": 4,
                            "Actual Startup Time": 167.756,
                            "Actual Total Time": 167.758,
                            "Actual Rows": 52046,
                            "Actual Loops": 2,
                            "Hash Buckets": 131072,
                            "Original Hash Buckets": 131072,
                            "Hash Batches": 1,
                            "Original Hash Batches": 1,
                            "Peak Memory Usage": 5120,
                            "Plans": [
                              {
                                "Node Type": "Seq Scan",
                                "Parent Relationship": "Outer",
                                "Parallel Aware": true,
                                "Relation Name": "title",
                                "Alias": "t",
                                "Startup Cost": 0.0,
                                "Total Cost": 58306.47,
                                "Plan Rows": 59667,
                                "Plan Width": 4,
                                "Actual Startup Time": 0.031,
                                "Actual Total Time": 149.156,
                                "Actual Rows": 52046,
                                "Actual Loops": 2,
                                "Filter": "((kind_id > 2) AND (production_year = 2010))",
                                "Rows Removed by Filter": 1212110
                              }
                            ]
                          }
                        ]
                      }
                    ]
                  }
                ]
              }
            ]
          }
        ]
      }
    ]
  },
  "Planning Time": 1.034,
  "Triggers": [],
  "Execution Time": 4816.142
}