{
    "Plan": {
        "Node Type": "Aggregate",
        "Strategy": "Plain",
        "Partial Mode": "Finalize",
        "Parallel Aware": false,
        "Startup Cost": 62357.54,
        "Total Cost": 62357.55,
        "Plan Rows": 1,
        "Plan Width": 8,
        "Actual Startup Time": 116.883,
        "Actual Total Time": 128.61,
        "Actual Rows": 1,
        "Actual Loops": 1,
        "Output": [
            "count(*)"
        ],
        "Plans": [
            {
                "Node Type": "Gather",
                "Parent Relationship": "Outer",
                "Parallel Aware": false,
                "Startup Cost": 62357.12,
                "Total Cost": 62357.53,
                "Plan Rows": 4,
                "Plan Width": 8,
                "Actual Startup Time": 116.693,
                "Actual Total Time": 128.598,
                "Actual Rows": 5,
                "Actual Loops": 1,
                "Output": [
                    "(PARTIAL count(*))"
                ],
                "Workers Planned": 4,
                "Workers Launched": 4,
                "Single Copy": false,
                "Plans": [
                    {
                        "Node Type": "Aggregate",
                        "Strategy": "Plain",
                        "Partial Mode": "Partial",
                        "Parent Relationship": "Outer",
                        "Parallel Aware": false,
                        "Startup Cost": 61357.12,
                        "Total Cost": 61357.13,
                        "Plan Rows": 1,
                        "Plan Width": 8,
                        "Actual Startup Time": 107.0,
                        "Actual Total Time": 107.003,
                        "Actual Rows": 1,
                        "Actual Loops": 5,
                        "Output": [
                            "PARTIAL count(*)"
                        ],
                        "Workers": [
                            {
                                "Worker Number": 0,
                                "Actual Startup Time": 103.362,
                                "Actual Total Time": 103.365,
                                "Actual Rows": 1,
                                "Actual Loops": 1
                            },
                            {
                                "Worker Number": 1,
                                "Actual Startup Time": 107.417,
                                "Actual Total Time": 107.42,
                                "Actual Rows": 1,
                                "Actual Loops": 1
                            },
                            {
                                "Worker Number": 2,
                                "Actual Startup Time": 103.68,
                                "Actual Total Time": 103.683,
                                "Actual Rows": 1,
                                "Actual Loops": 1
                            },
                            {
                                "Worker Number": 3,
                                "Actual Startup Time": 104.708,
                                "Actual Total Time": 104.711,
                                "Actual Rows": 1,
                                "Actual Loops": 1
                            }
                        ],
                        "Plans": [
                            {
                                "Node Type": "Nested Loop",
                                "Parent Relationship": "Outer",
                                "Parallel Aware": false,
                                "Join Type": "Inner",
                                "Startup Cost": 0.86,
                                "Total Cost": 61354.89,
                                "Plan Rows": 891,
                                "Plan Width": 0,
                                "Actual Startup Time": 2.101,
                                "Actual Total Time": 106.897,
                                "Actual Rows": 790,
                                "Actual Loops": 5,
                                "Inner Unique": false,
                                "Join Filter": "(t.id = mc.movie_id)",
                                "Rows Removed by Join Filter": 0,
                                "Workers": [
                                    {
                                        "Worker Number": 0,
                                        "Actual Startup Time": 2.33,
                                        "Actual Total Time": 103.272,
                                        "Actual Rows": 777,
                                        "Actual Loops": 1
                                    },
                                    {
                                        "Worker Number": 1,
                                        "Actual Startup Time": 2.352,
                                        "Actual Total Time": 107.318,
                                        "Actual Rows": 639,
                                        "Actual Loops": 1
                                    },
                                    {
                                        "Worker Number": 2,
                                        "Actual Startup Time": 0.537,
                                        "Actual Total Time": 103.596,
                                        "Actual Rows": 711,
                                        "Actual Loops": 1
                                    },
                                    {
                                        "Worker Number": 3,
                                        "Actual Startup Time": 1.604,
                                        "Actual Total Time": 104.623,
                                        "Actual Rows": 756,
                                        "Actual Loops": 1
                                    }
                                ],
                                "Plans": [
                                    {
                                        "Node Type": "Nested Loop",
                                        "Parent Relationship": "Outer",
                                        "Parallel Aware": false,
                                        "Join Type": "Inner",
                                        "Startup Cost": 0.43,
                                        "Total Cost": 60254.54,
                                        "Plan Rows": 1694,
                                        "Plan Width": 8,
                                        "Actual Startup Time": 0.89,
                                        "Actual Total Time": 101.495,
                                        "Actual Rows": 905,
                                        "Actual Loops": 5,
                                        "Output": [
                                            "t.id",
                                            "mi_idx.movie_id"
                                        ],
                                        "Inner Unique": false,
                                        "Workers": [
                                            {
                                                "Worker Number": 0,
                                                "Actual Startup Time": 2.083,
                                                "Actual Total Time": 97.97,
                                                "Actual Rows": 858,
                                                "Actual Loops": 1
                                            },
                                            {
                                                "Worker Number": 1,
                                                "Actual Startup Time": 0.31,
                                                "Actual Total Time": 101.515,
                                                "Actual Rows": 699,
                                                "Actual Loops": 1
                                            },
                                            {
                                                "Worker Number": 2,
                                                "Actual Startup Time": 0.294,
                                                "Actual Total Time": 98.116,
                                                "Actual Rows": 828,
                                                "Actual Loops": 1
                                            },
                                            {
                                                "Worker Number": 3,
                                                "Actual Startup Time": 1.324,
                                                "Actual Total Time": 99.37,
                                                "Actual Rows": 840,
                                                "Actual Loops": 1
                                            }
                                        ],
                                        "Plans": [
                                            {
                                                "Node Type": "Seq Scan",
                                                "Parent Relationship": "Outer",
                                                "Parallel Aware": true,
                                                "Relation Name": "title",
                                                "Schema": "public",
                                                "Alias": "t",
                                                "Startup Cost": 0.0,
                                                "Total Cost": 45479.21,
                                                "Plan Rows": 3104,
                                                "Plan Width": 4,
                                                "Actual Startup Time": 0.185,
                                                "Actual Total Time": 88.283,
                                                "Actual Rows": 2399,
                                                "Actual Loops": 5,
                                                "Output": [
                                                    "t.id",
                                                    "t.title",
                                                    "t.imdb_index",
                                                    "t.kind_id",
                                                    "t.production_year",
                                                    "t.imdb_id",
                                                    "t.phonetic_code",
                                                    "t.episode_of_id",
                                                    "t.season_nr",
                                                    "t.episode_nr",
                                                    "t.series_years",
                                                    "t.md5sum"
                                                ],
                                                "Filter": "((t.kind_id = 7) AND (t.production_year = 1987))",
                                                "Rows Removed by Filter": 503263,
                                                "Workers": [
                                                    {
                                                        "Worker Number": 0,
                                                        "Actual Startup Time": 0.127,
                                                        "Actual Total Time": 85.306,
                                                        "Actual Rows": 2189,
                                                        "Actual Loops": 1
                                                    },
                                                    {
                                                        "Worker Number": 1,
                                                        "Actual Startup Time": 0.162,
                                                        "Actual Total Time": 87.831,
                                                        "Actual Rows": 1827,
                                                        "Actual Loops": 1
                                                    },
                                                    {
                                                        "Worker Number": 2,
                                                        "Actual Startup Time": 0.066,
                                                        "Actual Total Time": 84.065,
                                                        "Actual Rows": 2310,
                                                        "Actual Loops": 1
                                                    },
                                                    {
                                                        "Worker Number": 3,
                                                        "Actual Startup Time": 0.161,
                                                        "Actual Total Time": 86.347,
                                                        "Actual Rows": 2330,
                                                        "Actual Loops": 1
                                                    }
                                                ]
                                            },
                                            {
                                                "Node Type": "Index Only Scan",
                                                "Parent Relationship": "Inner",
                                                "Parallel Aware": false,
                                                "Scan Direction": "Forward",
                                                "Index Name": "movie_id_movie_info_idx",
                                                "Relation Name": "movie_info_idx",
                                                "Schema": "public",
                                                "Alias": "mi_idx",
                                                "Startup Cost": 0.43,
                                                "Total Cost": 4.73,
                                                "Plan Rows": 3,
                                                "Plan Width": 4,
                                                "Actual Startup Time": 0.005,
                                                "Actual Total Time": 0.005,
                                                "Actual Rows": 0,
                                                "Actual Loops": 11996,
                                                "Output": [
                                                    "mi_idx.movie_id"
                                                ],
                                                "Index Cond": "(mi_idx.movie_id = t.id)",
                                                "Rows Removed by Index Recheck": 0,
                                                "Heap Fetches": 4527,
                                                "Workers": [
                                                    {
                                                        "Worker Number": 0,
                                                        "Actual Startup Time": 0.005,
                                                        "Actual Total Time": 0.005,
                                                        "Actual Rows": 0,
                                                        "Actual Loops": 2189
                                                    },
                                                    {
                                                        "Worker Number": 1,
                                                        "Actual Startup Time": 0.006,
                                                        "Actual Total Time": 0.007,
                                                        "Actual Rows": 0,
                                                        "Actual Loops": 1827
                                                    },
                                                    {
                                                        "Worker Number": 2,
                                                        "Actual Startup Time": 0.005,
                                                        "Actual Total Time": 0.005,
                                                        "Actual Rows": 0,
                                                        "Actual Loops": 2310
                                                    },
                                                    {
                                                        "Worker Number": 3,
                                                        "Actual Startup Time": 0.005,
                                                        "Actual Total Time": 0.005,
                                                        "Actual Rows": 0,
                                                        "Actual Loops": 2330
                                                    }
                                                ]
                                            }
                                        ]
                                    },
                                    {
                                        "Node Type": "Index Scan",
                                        "Parent Relationship": "Inner",
                                        "Parallel Aware": false,
                                        "Scan Direction": "Forward",
                                        "Index Name": "movie_id_movie_companies",
                                        "Relation Name": "movie_companies",
                                        "Schema": "public",
                                        "Alias": "mc",
                                        "Startup Cost": 0.43,
                                        "Total Cost": 0.61,
                                        "Plan Rows": 3,
                                        "Plan Width": 4,
                                        "Actual Startup Time": 0.005,
                                        "Actual Total Time": 0.005,
                                        "Actual Rows": 1,
                                        "Actual Loops": 4527,
                                        "Output": [
                                            "mc.id",
                                            "mc.movie_id",
                                            "mc.company_id",
                                            "mc.company_type_id",
                                            "mc.note"
                                        ],
                                        "Index Cond": "(mc.movie_id = mi_idx.movie_id)",
                                        "Rows Removed by Index Recheck": 0,
                                        "Filter": "(mc.company_type_id > 1)",
                                        "Rows Removed by Filter": 1,
                                        "Workers": [
                                            {
                                                "Worker Number": 0,
                                                "Actual Startup Time": 0.006,
                                                "Actual Total Time": 0.006,
                                                "Actual Rows": 1,
                                                "Actual Loops": 858
                                            },
                                            {
                                                "Worker Number": 1,
                                                "Actual Startup Time": 0.007,
                                                "Actual Total Time": 0.008,
                                                "Actual Rows": 1,
                                                "Actual Loops": 699
                                            },
                                            {
                                                "Worker Number": 2,
                                                "Actual Startup Time": 0.006,
                                                "Actual Total Time": 0.006,
                                                "Actual Rows": 1,
                                                "Actual Loops": 828
                                            },
                                            {
                                                "Worker Number": 3,
                                                "Actual Startup Time": 0.006,
                                                "Actual Total Time": 0.006,
                                                "Actual Rows": 1,
                                                "Actual Loops": 840
                                            }
                                        ]
                                    }
                                ]
                            }
                        ]
                    }
                ]
            }
        ]
    },
    "Planning Time": 1.681,
    "Triggers": [],
    "Execution Time": 128.709
}