[
    {
        "Bao": {
            "Bao prediction": 511.824,
            "Bao recommended hint": "(no hint)"
        }
    },
    {
        "Plan": {
            "Node Type": "Aggregate",
            "Strategy": "Plain",
            "Partial Mode": "Finalize",
            "Parallel Aware": false,
            "Startup Cost": 339578.12,
            "Total Cost": 339578.13,
            "Plan Rows": 1,
            "Plan Width": 8,
            "Actual Startup Time": 821.977,
            "Actual Total Time": 851.581,
            "Actual Rows": 1,
            "Actual Loops": 1,
            "Output": [
                "count(*)"
            ],
            "Plans": [
                {
                    "Node Type": "Gather",
                    "Parent Relationship": "Outer",
                    "Parallel Aware": false,
                    "Startup Cost": 339577.5,
                    "Total Cost": 339578.11,
                    "Plan Rows": 6,
                    "Plan Width": 8,
                    "Actual Startup Time": 821.889,
                    "Actual Total Time": 851.571,
                    "Actual Rows": 7,
                    "Actual Loops": 1,
                    "Output": [
                        "(PARTIAL count(*))"
                    ],
                    "Workers Planned": 6,
                    "Workers Launched": 6,
                    "Single Copy": false,
                    "Plans": [
                        {
                            "Node Type": "Aggregate",
                            "Strategy": "Plain",
                            "Partial Mode": "Partial",
                            "Parent Relationship": "Outer",
                            "Parallel Aware": false,
                            "Startup Cost": 338577.5,
                            "Total Cost": 338577.51,
                            "Plan Rows": 1,
                            "Plan Width": 8,
                            "Actual Startup Time": 812.722,
                            "Actual Total Time": 812.723,
                            "Actual Rows": 1,
                            "Actual Loops": 7,
                            "Output": [
                                "PARTIAL count(*)"
                            ],
                            "Workers": [
                                {
                                    "Worker Number": 0,
                                    "Actual Startup Time": 810.552,
                                    "Actual Total Time": 810.553,
                                    "Actual Rows": 1,
                                    "Actual Loops": 1
                                },
                                {
                                    "Worker Number": 1,
                                    "Actual Startup Time": 810.925,
                                    "Actual Total Time": 810.926,
                                    "Actual Rows": 1,
                                    "Actual Loops": 1
                                },
                                {
                                    "Worker Number": 2,
                                    "Actual Startup Time": 811.003,
                                    "Actual Total Time": 811.004,
                                    "Actual Rows": 1,
                                    "Actual Loops": 1
                                },
                                {
                                    "Worker Number": 3,
                                    "Actual Startup Time": 811.75,
                                    "Actual Total Time": 811.751,
                                    "Actual Rows": 1,
                                    "Actual Loops": 1
                                },
                                {
                                    "Worker Number": 4,
                                    "Actual Startup Time": 811.846,
                                    "Actual Total Time": 811.847,
                                    "Actual Rows": 1,
                                    "Actual Loops": 1
                                },
                                {
                                    "Worker Number": 5,
                                    "Actual Startup Time": 811.843,
                                    "Actual Total Time": 811.844,
                                    "Actual Rows": 1,
                                    "Actual Loops": 1
                                }
                            ],
                            "Plans": [
                                {
                                    "Node Type": "Seq Scan",
                                    "Parent Relationship": "Outer",
                                    "Parallel Aware": true,
                                    "Relation Name": "cast_info",
                                    "Schema": "public",
                                    "Alias": "ci",
                                    "Startup Cost": 0.0,
                                    "Total Cost": 328213.62,
                                    "Plan Rows": 4145552,
                                    "Plan Width": 0,
                                    "Actual Startup Time": 133.21,
                                    "Actual Total Time": 629.258,
                                    "Actual Rows": 3546211,
                                    "Actual Loops": 7,
                                    "Output": [
                                        "id",
                                        "person_id",
                                        "movie_id",
                                        "person_role_id",
                                        "note",
                                        "nr_order",
                                        "role_id"
                                    ],
                                    "Filter": "(ci.person_id > 1122424)",
                                    "Rows Removed by Filter": 1631552,
                                    "Workers": [
                                        {
                                            "Worker Number": 0,
                                            "Actual Startup Time": 131.047,
                                            "Actual Total Time": 638.723,
                                            "Actual Rows": 4253094,
                                            "Actual Loops": 1
                                        },
                                        {
                                            "Worker Number": 1,
                                            "Actual Startup Time": 131.417,
                                            "Actual Total Time": 632.146,
                                            "Actual Rows": 3903647,
                                            "Actual Loops": 1
                                        },
                                        {
                                            "Worker Number": 2,
                                            "Actual Startup Time": 131.479,
                                            "Actual Total Time": 633.164,
                                            "Actual Rows": 2702400,
                                            "Actual Loops": 1
                                        },
                                        {
                                            "Worker Number": 3,
                                            "Actual Startup Time": 132.24,
                                            "Actual Total Time": 633.684,
                                            "Actual Rows": 3891420,
                                            "Actual Loops": 1
                                        },
                                        {
                                            "Worker Number": 4,
                                            "Actual Startup Time": 132.328,
                                            "Actual Total Time": 629.564,
                                            "Actual Rows": 2767546,
                                            "Actual Loops": 1
                                        },
                                        {
                                            "Worker Number": 5,
                                            "Actual Startup Time": 132.337,
                                            "Actual Total Time": 633.276,
                                            "Actual Rows": 3892918,
                                            "Actual Loops": 1
                                        }
                                    ]
                                }
                            ]
                        }
                    ]
                }
            ]
        },
        "Planning Time": 1385.766,
        "Triggers": [],
        "Execution Time": 851.674
    }
]