[
  {
    "Plan": {
      "Node Type": "Aggregate",
      "Strategy": "Plain",
      "Partial Mode": "Finalize",
      "Parallel Aware": false,
      "Startup Cost": 110356.27,
      "Total Cost": 110356.28,
      "Plan Rows": 1,
      "Plan Width": 8,
      "Actual Startup Time": 736.113,
      "Actual Total Time": 754.85,
      "Actual Rows": 1,
      "Actual Loops": 1,
      "Plans": [
        {
          "Node Type": "Gather",
          "Parent Relationship": "Outer",
          "Parallel Aware": false,
          "Startup Cost": 110356.06,
          "Total Cost": 110356.27,
          "Plan Rows": 2,
          "Plan Width": 8,
          "Actual Startup Time": 727.908,
          "Actual Total Time": 754.843,
          "Actual Rows": 3,
          "Actual Loops": 1,
          "Workers Planned": 2,
          "Workers Launched": 2,
          "Single Copy": false,
          "Plans": [
            {
              "Node Type": "Aggregate",
              "Strategy": "Plain",
              "Partial Mode": "Partial",
              "Parent Relationship": "Outer",
              "Parallel Aware": false,
              "Startup Cost": 109356.06,
              "Total Cost": 109356.07,
              "Plan Rows": 1,
              "Plan Width": 8,
              "Actual Startup Time": 723.639,
              "Actual Total Time": 723.645,
              "Actual Rows": 1,
              "Actual Loops": 3,
              "Plans": [
                {
                  "Node Type": "Hash Join",
                  "Parent Relationship": "Outer",
                  "Parallel Aware": true,
                  "Join Type": "Inner",
                  "Startup Cost": 92734.05,
                  "Total Cost": 109015.25,
                  "Plan Rows": 136322,
                  "Plan Width": 0,
                  "Actual Startup Time": 594.115,
                  "Actual Total Time": 704.665,
                  "Actual Rows": 471294,
                  "Actual Loops": 3,
                  "Inner Unique": false,
                  "Hash Cond": "(mi_idx.movie_id = t.id)",
                  "Plans": [
                    {
                      "Node Type": "Seq Scan",
                      "Parent Relationship": "Outer",
                      "Parallel Aware": true,
                      "Relation Name": "movie_info_idx",
                      "Alias": "mi_idx",
                      "Startup Cost": 0.0,
                      "Total Cost": 13685.15,
                      "Plan Rows": 575015,
                      "Plan Width": 4,
                      "Actual Startup Time": 0.015,
                      "Actual Total Time": 35.374,
                      "Actual Rows": 460012,
                      "Actual Loops": 3
                    },
                    {
                      "Node Type": "Hash",
                      "Parent Relationship": "Inner",
                      "Parallel Aware": true,
                      "Startup Cost": 90317.0,
                      "Total Cost": 90317.0,
                      "Plan Rows": 193364,
                      "Plan Width": 8,
                      "Actual Startup Time": 583.828,
                      "Actual Total Time": 583.832,
                      "Actual Rows": 201042,
                      "Actual Loops": 3,
                      "Hash Buckets": 1048576,
                      "Original Hash Buckets": 1048576,
                      "Hash Batches": 1,
                      "Original Hash Batches": 1,
                      "Peak Memory Usage": 31840,
                      "Plans": [
                        {
                          "Node Type": "Hash Join",
                          "Parent Relationship": "Outer",
                          "Parallel Aware": true,
                          "Join Type": "Inner",
                          "Startup Cost": 62938.37,
                          "Total Cost": 90317.0,
                          "Plan Rows": 193364,
                          "Plan Width": 8,
                          "Actual Startup Time": 418.409,
                          "Actual Total Time": 529.927,
                          "Actual Rows": 201042,
                          "Actual Loops": 3,
                          "Inner Unique": true,
                          "Hash Cond": "(mk.movie_id = t.id)",
                          "Plans": [
                            {
                              "Node Type": "Bitmap Heap Scan",
                              "Parent Relationship": "Outer",
                              "Parallel Aware": true,
                              "Relation Name": "movie_keyword",
                              "Alias": "mk",
                              "Startup Cost": 12717.99,
                              "Total Cost": 39589.04,
                              "Plan Rows": 193364,
                              "Plan Width": 4,
                              "Actual Startup Time": 40.072,
                              "Actual Total Time": 93.693,
                              "Actual Rows": 201042,
                              "Actual Loops": 3,
                              "Recheck Cond": "(keyword_id > 30576)",
                              "Rows Removed by Index Recheck": 0,
                              "Exact Heap Blocks": 8106,
                              "Lossy Heap Blocks": 0,
                              "Plans": [
                                {
                                  "Node Type": "Bitmap Index Scan",
                                  "Parent Relationship": "Outer",
                                  "Parallel Aware": false,
                                  "Index Name": "keyword_id_movie_keyword",
                                  "Startup Cost": 0.0,
                                  "Total Cost": 12568.14,
                                  "Plan Rows": 599427,
                                  "Plan Width": 0,
                                  "Actual Startup Time": 36.676,
                                  "Actual Total Time": 36.676,
                                  "Actual Rows": 603127,
                                  "Actual Loops": 1,
                                  "Index Cond": "(keyword_id > 30576)"
                                }
                              ]
                            },
                            {
                              "Node Type": "Hash",
                              "Parent Relationship": "Inner",
                              "Parallel Aware": true,
                              "Startup Cost": 42319.06,
                              "Total Cost": 42319.06,
                              "Plan Rows": 632106,
                              "Plan Width": 4,
                              "Actual Startup Time": 369.484,
                              "Actual Total Time": 369.485,
                              "Actual Rows": 842771,
                              "Actual Loops": 3,
                              "Hash Buckets": 4194304,
                              "Original Hash Buckets": 4194304,
                              "Hash Batches": 1,
                              "Original Hash Batches": 1,
                              "Peak Memory Usage": 131712,
                              "Plans": [
                                {
                                  "Node Type": "Seq Scan",
                                  "Parent Relationship": "Outer",
                                  "Parallel Aware": true,
                                  "Relation Name": "title",
                                  "Alias": "t",
                                  "Startup Cost": 0.0,
                                  "Total Cost": 42319.06,
                                  "Plan Rows": 632106,
                                  "Plan Width": 4,
                                  "Actual Startup Time": 0.042,
                                  "Actual Total Time": 109.273,
                                  "Actual Rows": 842771,
                                  "Actual Loops": 3
                                }
                              ]
                            }
                          ]
                        }
                      ]
                    }
                  ]
                }
              ]
            }
          ]
        }
      ]
    },
    "Planning Time": 0.593,
    "Triggers": [],
    "Execution Time": 754.898
  }
]