{
  "Plan": {
    "Node Type": "Aggregate",
    "Strategy": "Plain",
    "Partial Mode": "Finalize",
    "Parallel Aware": false,
    "Startup Cost": 954836.34,
    "Total Cost": 954836.35,
    "Plan Rows": 1,
    "Plan Width": 8,
    "Actual Startup Time": 15095.342,
    "Actual Total Time": 15258.344,
    "Actual Rows": 1,
    "Actual Loops": 1,
    "Plans": [
      {
        "Node Type": "Gather",
        "Parent Relationship": "Outer",
        "Parallel Aware": false,
        "Startup Cost": 954836.22,
        "Total Cost": 954836.33,
        "Plan Rows": 1,
        "Plan Width": 8,
        "Actual Startup Time": 15063.162,
        "Actual Total Time": 15258.333,
        "Actual Rows": 2,
        "Actual Loops": 1,
        "Workers Planned": 1,
        "Workers Launched": 1,
        "Single Copy": false,
        "Plans": [
          {
            "Node Type": "Aggregate",
            "Strategy": "Plain",
            "Partial Mode": "Partial",
            "Parent Relationship": "Outer",
            "Parallel Aware": false,
            "Startup Cost": 953836.22,
            "Total Cost": 953836.23,
            "Plan Rows": 1,
            "Plan Width": 8,
            "Actual Startup Time": 15032.991,
            "Actual Total Time": 15036.626,
            "Actual Rows": 1,
            "Actual Loops": 2,
            "Plans": [
              {
                "Node Type": "Hash Join",
                "Parent Relationship": "Outer",
                "Parallel Aware": true,
                "Join Type": "Inner",
                "Startup Cost": 779509.5,
                "Total Cost": 926310.34,
                "Plan Rows": 11010352,
                "Plan Width": 0,
                "Actual Startup Time": 11031.389,
                "Actual Total Time": 13845.078,
                "Actual Rows": 29675610,
                "Actual Loops": 2,
                "Inner Unique": false,
                "Hash Cond": "(mk.movie_id = t.id)",
                "Plans": [
                  {
                    "Node Type": "Seq Scan",
                    "Parent Relationship": "Outer",
                    "Parallel Aware": true,
                    "Relation Name": "movie_keyword",
                    "Alias": "mk",
                    "Startup Cost": 0.0,
                    "Total Cost": 57718.19,
                    "Plan Rows": 1296847,
                    "Plan Width": 4,
                    "Actual Startup Time": 0.013,
                    "Actual Total Time": 182.99,
                    "Actual Rows": 1102625,
                    "Actual Loops": 2,
                    "Filter": "(keyword_id < 4447)",
                    "Rows Removed by Filter": 1159340
                  },
                  {
                    "Node Type": "Hash",
                    "Parent Relationship": "Inner",
                    "Parallel Aware": true,
                    "Startup Cost": 621675.36,
                    "Total Cost": 621675.36,
                    "Plan Rows": 12626731,
                    "Plan Width": 8,
                    "Actual Startup Time": 10940.502,
                    "Actual Total Time": 10944.134,
                    "Actual Rows": 10742600,
                    "Actual Loops": 2,
                    "Hash Buckets": 33554432,
                    "Original Hash Buckets": 33554432,
                    "Hash Batches": 1,
                    "Original Hash Batches": 1,
                    "Peak Memory Usage": 1102656,
                    "Plans": [
                      {
                        "Node Type": "Hash Join",
                        "Parent Relationship": "Outer",
                        "Parallel Aware": true,
                        "Join Type": "Inner",
                        "Startup Cost": 69460.7,
                        "Total Cost": 621675.36,
                        "Plan Rows": 12626731,
                        "Plan Width": 8,
                        "Actual Startup Time": 826.183,
                        "Actual Total Time": 7264.472,
                        "Actual Rows": 10742600,
                        "Actual Loops": 2,
                        "Inner Unique": true,
                        "Hash Cond": "(ci.movie_id = t.id)",
                        "Plans": [
                          {
                            "Node Type": "Seq Scan",
                            "Parent Relationship": "Outer",
                            "Parallel Aware": true,
                            "Relation Name": "cast_info",
                            "Alias": "ci",
                            "Startup Cost": 0.0,
                            "Total Cost": 519069.44,
                            "Plan Rows": 12626731,
                            "Plan Width": 4,
                            "Actual Startup Time": 320.915,
                            "Actual Total Time": 1554.058,
                            "Actual Rows": 10742600,
                            "Actual Loops": 2,
                            "Filter": "(person_id > 1455089)",
                            "Rows Removed by Filter": 7379572
                          },
                          {
                            "Node Type": "Hash",
                            "Parent Relationship": "Inner",
                            "Parallel Aware": true,
                            "Startup Cost": 50870.31,
                            "Total Cost": 50870.31,
                            "Plan Rows": 1487231,
                            "Plan Width": 4,
                            "Actual Startup Time": 494.505,
                            "Actual Total Time": 494.506,
                            "Actual Rows": 1264156,
                            "Actual Loops": 2,
                            "Hash Buckets": 4194304,
                            "Original Hash Buckets": 4194304,
                            "Hash Batches": 1,
                            "Original Hash Batches": 1,
                            "Peak Memory Usage": 131712,
                            "Plans": [
                              {
                                "Node Type": "Seq Scan",
                                "Parent Relationship": "Outer",
                                "Parallel Aware": true,
                                "Relation Name": "title",
                                "Alias": "t",
                                "Startup Cost": 0.0,
                                "Total Cost": 50870.31,
                                "Plan Rows": 1487231,
                                "Plan Width": 4,
                                "Actual Startup Time": 0.038,
                                "Actual Total Time": 144.853,
                                "Actual Rows": 1264156,
                                "Actual Loops": 2
                              }
                            ]
                          }
                        ]
                      }
                    ]
                  }
                ]
              }
            ]
          }
        ]
      }
    ]
  },
  "Planning Time": 0.499,
  "Triggers": [],
  "Execution Time": 15258.405
}