[
  {
    "Plan": {
      "Node Type": "Aggregate",
      "Strategy": "Plain",
      "Partial Mode": "Finalize",
      "Parallel Aware": false,
      "Startup Cost": 45474.22,
      "Total Cost": 45474.23,
      "Plan Rows": 1,
      "Plan Width": 8,
      "Actual Startup Time": 51.268,
      "Actual Total Time": 59.113,
      "Actual Rows": 1,
      "Actual Loops": 1,
      "Plans": [
        {
          "Node Type": "Gather",
          "Parent Relationship": "Outer",
          "Parallel Aware": false,
          "Startup Cost": 45474.0,
          "Total Cost": 45474.21,
          "Plan Rows": 2,
          "Plan Width": 8,
          "Actual Startup Time": 51.106,
          "Actual Total Time": 59.106,
          "Actual Rows": 3,
          "Actual Loops": 1,
          "Workers Planned": 2,
          "Workers Launched": 2,
          "Single Copy": false,
          "Plans": [
            {
              "Node Type": "Aggregate",
              "Strategy": "Plain",
              "Partial Mode": "Partial",
              "Parent Relationship": "Outer",
              "Parallel Aware": false,
              "Startup Cost": 44474.0,
              "Total Cost": 44474.01,
              "Plan Rows": 1,
              "Plan Width": 8,
              "Actual Startup Time": 43.135,
              "Actual Total Time": 43.136,
              "Actual Rows": 1,
              "Actual Loops": 3,
              "Plans": [
                {
                  "Node Type": "Nested Loop",
                  "Parent Relationship": "Outer",
                  "Parallel Aware": false,
                  "Join Type": "Inner",
                  "Startup Cost": 224.4,
                  "Total Cost": 44463.31,
                  "Plan Rows": 4276,
                  "Plan Width": 0,
                  "Actual Startup Time": 3.01,
                  "Actual Total Time": 42.641,
                  "Actual Rows": 3155,
                  "Actual Loops": 3,
                  "Inner Unique": true,
                  "Plans": [
                    {
                      "Node Type": "Bitmap Heap Scan",
                      "Parent Relationship": "Outer",
                      "Parallel Aware": true,
                      "Relation Name": "movie_companies",
                      "Alias": "mc",
                      "Startup Cost": 223.97,
                      "Total Cost": 16682.98,
                      "Plan Rows": 4276,
                      "Plan Width": 4,
                      "Actual Startup Time": 2.834,
                      "Actual Total Time": 13.244,
                      "Actual Rows": 3155,
                      "Actual Loops": 3,
                      "Recheck Cond": "(company_id = 1451)",
                      "Rows Removed by Index Recheck": 0,
                      "Exact Heap Blocks": 3608,
                      "Lossy Heap Blocks": 0,
                      "Plans": [
                        {
                          "Node Type": "Bitmap Index Scan",
                          "Parent Relationship": "Outer",
                          "Parallel Aware": false,
                          "Index Name": "company_id_movie_companies",
                          "Startup Cost": 0.0,
                          "Total Cost": 221.4,
                          "Plan Rows": 10263,
                          "Plan Width": 0,
                          "Actual Startup Time": 5.447,
                          "Actual Total Time": 5.447,
                          "Actual Rows": 9466,
                          "Actual Loops": 1,
                          "Index Cond": "(company_id = 1451)"
                        }
                      ]
                    },
                    {
                      "Node Type": "Index Only Scan",
                      "Parent Relationship": "Inner",
                      "Parallel Aware": false,
                      "Scan Direction": "Forward",
                      "Index Name": "title_pkey",
                      "Relation Name": "title",
                      "Alias": "t",
                      "Startup Cost": 0.43,
                      "Total Cost": 6.5,
                      "Plan Rows": 1,
                      "Plan Width": 4,
                      "Actual Startup Time": 0.009,
                      "Actual Total Time": 0.009,
                      "Actual Rows": 1,
                      "Actual Loops": 9466,
                      "Index Cond": "(id = mc.movie_id)",
                      "Rows Removed by Index Recheck": 0,
                      "Heap Fetches": 9466
                    }
                  ]
                }
              ]
            }
          ]
        }
      ]
    },
    "Planning Time": 0.618,
    "Triggers": [],
    "Execution Time": 59.199
  }
]