{
    "Plan": {
        "Node Type": "Aggregate",
        "Strategy": "Plain",
        "Partial Mode": "Finalize",
        "Parallel Aware": false,
        "Startup Cost": 107749.89,
        "Total Cost": 107749.9,
        "Plan Rows": 1,
        "Plan Width": 8,
        "Actual Startup Time": 803.183,
        "Actual Total Time": 821.031,
        "Actual Rows": 1,
        "Actual Loops": 1,
        "Output": [
            "count(*)"
        ],
        "Plans": [
            {
                "Node Type": "Gather",
                "Parent Relationship": "Outer",
                "Parallel Aware": false,
                "Startup Cost": 107749.58,
                "Total Cost": 107749.89,
                "Plan Rows": 3,
                "Plan Width": 8,
                "Actual Startup Time": 791.744,
                "Actual Total Time": 821.022,
                "Actual Rows": 4,
                "Actual Loops": 1,
                "Output": [
                    "(PARTIAL count(*))"
                ],
                "Workers Planned": 3,
                "Workers Launched": 3,
                "Single Copy": false,
                "Plans": [
                    {
                        "Node Type": "Aggregate",
                        "Strategy": "Plain",
                        "Partial Mode": "Partial",
                        "Parent Relationship": "Outer",
                        "Parallel Aware": false,
                        "Startup Cost": 106749.58,
                        "Total Cost": 106749.59,
                        "Plan Rows": 1,
                        "Plan Width": 8,
                        "Actual Startup Time": 779.485,
                        "Actual Total Time": 779.49,
                        "Actual Rows": 1,
                        "Actual Loops": 4,
                        "Output": [
                            "PARTIAL count(*)"
                        ],
                        "Workers": [
                            {
                                "Worker Number": 0,
                                "Actual Startup Time": 775.627,
                                "Actual Total Time": 775.631,
                                "Actual Rows": 1,
                                "Actual Loops": 1
                            },
                            {
                                "Worker Number": 1,
                                "Actual Startup Time": 775.638,
                                "Actual Total Time": 775.642,
                                "Actual Rows": 1,
                                "Actual Loops": 1
                            },
                            {
                                "Worker Number": 2,
                                "Actual Startup Time": 775.66,
                                "Actual Total Time": 775.664,
                                "Actual Rows": 1,
                                "Actual Loops": 1
                            }
                        ],
                        "Plans": [
                            {
                                "Node Type": "Hash Join",
                                "Parent Relationship": "Outer",
                                "Parallel Aware": true,
                                "Join Type": "Inner",
                                "Startup Cost": 72602.05,
                                "Total Cost": 105856.31,
                                "Plan Rows": 357307,
                                "Plan Width": 0,
                                "Actual Startup Time": 532.5,
                                "Actual Total Time": 747.905,
                                "Actual Rows": 818637,
                                "Actual Loops": 4,
                                "Inner Unique": false,
                                "Hash Cond": "(mc.movie_id = t.id)",
                                "Workers": [
                                    {
                                        "Worker Number": 0,
                                        "Actual Startup Time": 528.848,
                                        "Actual Total Time": 744.796,
                                        "Actual Rows": 806624,
                                        "Actual Loops": 1
                                    },
                                    {
                                        "Worker Number": 1,
                                        "Actual Startup Time": 528.987,
                                        "Actual Total Time": 744.683,
                                        "Actual Rows": 804938,
                                        "Actual Loops": 1
                                    },
                                    {
                                        "Worker Number": 2,
                                        "Actual Startup Time": 528.868,
                                        "Actual Total Time": 744.754,
                                        "Actual Rows": 808815,
                                        "Actual Loops": 1
                                    }
                                ],
                                "Plans": [
                                    {
                                        "Node Type": "Seq Scan",
                                        "Parent Relationship": "Outer",
                                        "Parallel Aware": true,
                                        "Relation Name": "movie_companies",
                                        "Schema": "public",
                                        "Alias": "mc",
                                        "Startup Cost": 0.0,
                                        "Total Cost": 29310.68,
                                        "Plan Rows": 654612,
                                        "Plan Width": 4,
                                        "Actual Startup Time": 0.024,
                                        "Actual Total Time": 65.454,
                                        "Actual Rows": 508150,
                                        "Actual Loops": 4,
                                        "Output": [
                                            "mc.id",
                                            "mc.movie_id",
                                            "mc.company_id",
                                            "mc.company_type_id",
                                            "mc.note"
                                        ],
                                        "Filter": "(mc.company_id < 71124)",
                                        "Rows Removed by Filter": 144132,
                                        "Workers": [
                                            {
                                                "Worker Number": 0,
                                                "Actual Startup Time": 0.031,
                                                "Actual Total Time": 67.421,
                                                "Actual Rows": 500679,
                                                "Actual Loops": 1
                                            },
                                            {
                                                "Worker Number": 1,
                                                "Actual Startup Time": 0.025,
                                                "Actual Total Time": 67.58,
                                                "Actual Rows": 502893,
                                                "Actual Loops": 1
                                            },
                                            {
                                                "Worker Number": 2,
                                                "Actual Startup Time": 0.027,
                                                "Actual Total Time": 67.552,
                                                "Actual Rows": 502100,
                                                "Actual Loops": 1
                                            }
                                        ]
                                    },
                                    {
                                        "Node Type": "Hash",
                                        "Parent Relationship": "Inner",
                                        "Parallel Aware": true,
                                        "Startup Cost": 65414.37,
                                        "Total Cost": 65414.37,
                                        "Plan Rows": 575015,
                                        "Plan Width": 8,
                                        "Actual Startup Time": 525.141,
                                        "Actual Total Time": 525.144,
                                        "Actual Rows": 345009,
                                        "Actual Loops": 4,
                                        "Output": [
                                            "t.id",
                                            "mi_idx.movie_id"
                                        ],
                                        "Hash Buckets": 2097152,
                                        "Original Hash Buckets": 2097152,
                                        "Hash Batches": 1,
                                        "Original Hash Batches": 1,
                                        "Peak Memory Usage": 70432,
                                        "Workers": [
                                            {
                                                "Worker Number": 0,
                                                "Actual Startup Time": 528.226,
                                                "Actual Total Time": 528.228,
                                                "Actual Rows": 344637,
                                                "Actual Loops": 1
                                            },
                                            {
                                                "Worker Number": 1,
                                                "Actual Startup Time": 528.095,
                                                "Actual Total Time": 528.098,
                                                "Actual Rows": 343012,
                                                "Actual Loops": 1
                                            },
                                            {
                                                "Worker Number": 2,
                                                "Actual Startup Time": 528.228,
                                                "Actual Total Time": 528.231,
                                                "Actual Rows": 341751,
                                                "Actual Loops": 1
                                            }
                                        ],
                                        "Plans": [
                                            {
                                                "Node Type": "Hash Join",
                                                "Parent Relationship": "Outer",
                                                "Parallel Aware": true,
                                                "Join Type": "Inner",
                                                "Startup Cost": 50219.81,
                                                "Total Cost": 65414.37,
                                                "Plan Rows": 575015,
                                                "Plan Width": 8,
                                                "Actual Startup Time": 321.929,
                                                "Actual Total Time": 438.958,
                                                "Actual Rows": 345009,
                                                "Actual Loops": 4,
                                                "Output": [
                                                    "t.id",
                                                    "mi_idx.movie_id"
                                                ],
                                                "Inner Unique": true,
                                                "Hash Cond": "(mi_idx.movie_id = t.id)",
                                                "Workers": [
                                                    {
                                                        "Worker Number": 0,
                                                        "Actual Startup Time": 321.88,
                                                        "Actual Total Time": 438.824,
                                                        "Actual Rows": 344637,
                                                        "Actual Loops": 1
                                                    },
                                                    {
                                                        "Worker Number": 1,
                                                        "Actual Startup Time": 321.891,
                                                        "Actual Total Time": 440.061,
                                                        "Actual Rows": 343012,
                                                        "Actual Loops": 1
                                                    },
                                                    {
                                                        "Worker Number": 2,
                                                        "Actual Startup Time": 321.917,
                                                        "Actual Total Time": 438.634,
                                                        "Actual Rows": 341751,
                                                        "Actual Loops": 1
                                                    }
                                                ],
                                                "Plans": [
                                                    {
                                                        "Node Type": "Seq Scan",
                                                        "Parent Relationship": "Outer",
                                                        "Parallel Aware": true,
                                                        "Relation Name": "movie_info_idx",
                                                        "Schema": "public",
                                                        "Alias": "mi_idx",
                                                        "Startup Cost": 0.0,
                                                        "Total Cost": 13685.15,
                                                        "Plan Rows": 575015,
                                                        "Plan Width": 4,
                                                        "Actual Startup Time": 0.01,
                                                        "Actual Total Time": 27.525,
                                                        "Actual Rows": 345009,
                                                        "Actual Loops": 4,
                                                        "Output": [
                                                            "mi_idx.id",
                                                            "mi_idx.movie_id",
                                                            "mi_idx.info_type_id",
                                                            "mi_idx.info",
                                                            "mi_idx.note"
                                                        ],
                                                        "Workers": [
                                                            {
                                                                "Worker Number": 0,
                                                                "Actual Startup Time": 0.009,
                                                                "Actual Total Time": 28.319,
                                                                "Actual Rows": 344637,
                                                                "Actual Loops": 1
                                                            },
                                                            {
                                                                "Worker Number": 1,
                                                                "Actual Startup Time": 0.015,
                                                                "Actual Total Time": 28.36,
                                                                "Actual Rows": 343012,
                                                                "Actual Loops": 1
                                                            },
                                                            {
                                                                "Worker Number": 2,
                                                                "Actual Startup Time": 0.008,
                                                                "Actual Total Time": 28.182,
                                                                "Actual Rows": 341751,
                                                                "Actual Loops": 1
                                                            }
                                                        ]
                                                    },
                                                    {
                                                        "Node Type": "Hash",
                                                        "Parent Relationship": "Inner",
                                                        "Parallel Aware": true,
                                                        "Startup Cost": 42318.81,
                                                        "Total Cost": 42318.81,
                                                        "Plan Rows": 632080,
                                                        "Plan Width": 4,
                                                        "Actual Startup Time": 315.291,
                                                        "Actual Total Time": 315.292,
                                                        "Actual Rows": 632078,
                                                        "Actual Loops": 4,
                                                        "Output": [
                                                            "t.id"
                                                        ],
                                                        "Hash Buckets": 4194304,
                                                        "Original Hash Buckets": 4194304,
                                                        "Hash Batches": 1,
                                                        "Original Hash Batches": 1,
                                                        "Peak Memory Usage": 131712,
                                                        "Workers": [
                                                            {
                                                                "Worker Number": 0,
                                                                "Actual Startup Time": 321.8,
                                                                "Actual Total Time": 321.801,
                                                                "Actual Rows": 583978,
                                                                "Actual Loops": 1
                                                            },
                                                            {
                                                                "Worker Number": 1,
                                                                "Actual Startup Time": 321.832,
                                                                "Actual Total Time": 321.833,
                                                                "Actual Rows": 599520,
                                                                "Actual Loops": 1
                                                            },
                                                            {
                                                                "Worker Number": 2,
                                                                "Actual Startup Time": 321.788,
                                                                "Actual Total Time": 321.789,
                                                                "Actual Rows": 597744,
                                                                "Actual Loops": 1
                                                            }
                                                        ],
                                                        "Plans": [
                                                            {
                                                                "Node Type": "Seq Scan",
                                                                "Parent Relationship": "Outer",
                                                                "Parallel Aware": true,
                                                                "Relation Name": "title",
                                                                "Schema": "public",
                                                                "Alias": "t",
                                                                "Startup Cost": 0.0,
                                                                "Total Cost": 42318.81,
                                                                "Plan Rows": 632080,
                                                                "Plan Width": 4,
                                                                "Actual Startup Time": 0.065,
                                                                "Actual Total Time": 94.694,
                                                                "Actual Rows": 632078,
                                                                "Actual Loops": 4,
                                                                "Output": [
                                                                    "t.id"
                                                                ],
                                                                "Workers": [
                                                                    {
                                                                        "Worker Number": 0,
                                                                        "Actual Startup Time": 0.087,
                                                                        "Actual Total Time": 99.332,
                                                                        "Actual Rows": 583978,
                                                                        "Actual Loops": 1
                                                                    },
                                                                    {
                                                                        "Worker Number": 1,
                                                                        "Actual Startup Time": 0.078,
                                                                        "Actual Total Time": 99.521,
                                                                        "Actual Rows": 599520,
                                                                        "Actual Loops": 1
                                                                    },
                                                                    {
                                                                        "Worker Number": 2,
                                                                        "Actual Startup Time": 0.079,
                                                                        "Actual Total Time": 98.491,
                                                                        "Actual Rows": 597744,
                                                                        "Actual Loops": 1
                                                                    }
                                                                ]
                                                            }
                                                        ]
                                                    }
                                                ]
                                            }
                                        ]
                                    }
                                ]
                            }
                        ]
                    }
                ]
            }
        ]
    },
    "Planning Time": 1.56,
    "Triggers": [],
    "Execution Time": 821.112
}