{
  "Plan": {
    "Node Type": "Aggregate",
    "Strategy": "Plain",
    "Partial Mode": "Finalize",
    "Parallel Aware": false,
    "Startup Cost": 448180.91,
    "Total Cost": 448180.92,
    "Plan Rows": 1,
    "Plan Width": 8,
    "Actual Startup Time": 5871.145,
    "Actual Total Time": 5923.954,
    "Actual Rows": 1,
    "Actual Loops": 1,
    "Plans": [
      {
        "Node Type": "Gather",
        "Parent Relationship": "Outer",
        "Parallel Aware": false,
        "Startup Cost": 448180.8,
        "Total Cost": 448180.91,
        "Plan Rows": 1,
        "Plan Width": 8,
        "Actual Startup Time": 5864.225,
        "Actual Total Time": 5923.946,
        "Actual Rows": 2,
        "Actual Loops": 1,
        "Workers Planned": 1,
        "Workers Launched": 1,
        "Single Copy": false,
        "Plans": [
          {
            "Node Type": "Aggregate",
            "Strategy": "Plain",
            "Partial Mode": "Partial",
            "Parent Relationship": "Outer",
            "Parallel Aware": false,
            "Startup Cost": 447180.8,
            "Total Cost": 447180.81,
            "Plan Rows": 1,
            "Plan Width": 8,
            "Actual Startup Time": 5856.452,
            "Actual Total Time": 5856.459,
            "Actual Rows": 1,
            "Actual Loops": 2,
            "Plans": [
              {
                "Node Type": "Hash Join",
                "Parent Relationship": "Outer",
                "Parallel Aware": true,
                "Join Type": "Inner",
                "Startup Cost": 134431.73,
                "Total Cost": 437880.81,
                "Plan Rows": 3719995,
                "Plan Width": 0,
                "Actual Startup Time": 1061.738,
                "Actual Total Time": 4869.572,
                "Actual Rows": 23949637,
                "Actual Loops": 2,
                "Inner Unique": false,
                "Hash Cond": "(mi.movie_id = t.id)",
                "Plans": [
                  {
                    "Node Type": "Seq Scan",
                    "Parent Relationship": "Outer",
                    "Parallel Aware": true,
                    "Relation Name": "movie_info",
                    "Alias": "mi",
                    "Startup Cost": 0.0,
                    "Total Cost": 248955.74,
                    "Plan Rows": 8696274,
                    "Plan Width": 4,
                    "Actual Startup Time": 0.017,
                    "Actual Total Time": 693.965,
                    "Actual Rows": 7417860,
                    "Actual Loops": 2
                  },
                  {
                    "Node Type": "Hash",
                    "Parent Relationship": "Inner",
                    "Parallel Aware": true,
                    "Startup Cost": 126479.34,
                    "Total Cost": 126479.34,
                    "Plan Rows": 636191,
                    "Plan Width": 8,
                    "Actual Startup Time": 1046.764,
                    "Actual Total Time": 1046.769,
                    "Actual Rows": 547244,
                    "Actual Loops": 2,
                    "Hash Buckets": 2097152,
                    "Original Hash Buckets": 2097152,
                    "Hash Batches": 1,
                    "Original Hash Batches": 1,
                    "Peak Memory Usage": 59232,
                    "Plans": [
                      {
                        "Node Type": "Hash Join",
                        "Parent Relationship": "Outer",
                        "Parallel Aware": true,
                        "Join Type": "Inner",
                        "Startup Cost": 92402.95,
                        "Total Cost": 126479.34,
                        "Plan Rows": 636191,
                        "Plan Width": 8,
                        "Actual Startup Time": 646.635,
                        "Actual Total Time": 915.927,
                        "Actual Rows": 547244,
                        "Actual Loops": 2,
                        "Inner Unique": true,
                        "Hash Cond": "(mk.movie_id = t.id)",
                        "Plans": [
                          {
                            "Node Type": "Bitmap Heap Scan",
                            "Parent Relationship": "Outer",
                            "Parallel Aware": true,
                            "Relation Name": "movie_keyword",
                            "Alias": "mk",
                            "Startup Cost": 22942.25,
                            "Total Cost": 55348.64,
                            "Plan Rows": 636191,
                            "Plan Width": 4,
                            "Actual Startup Time": 65.365,
                            "Actual Total Time": 175.583,
                            "Actual Rows": 547244,
                            "Actual Loops": 2,
                            "Recheck Cond": "(keyword_id < 1118)",
                            "Rows Removed by Index Recheck": 0,
                            "Exact Heap Blocks": 12563,
                            "Lossy Heap Blocks": 0,
                            "Plans": [
                              {
                                "Node Type": "Bitmap Index Scan",
                                "Parent Relationship": "Outer",
                                "Parallel Aware": false,
                                "Index Name": "keyword_id_movie_keyword",
                                "Startup Cost": 0.0,
                                "Total Cost": 22671.87,
                                "Plan Rows": 1081525,
                                "Plan Width": 0,
                                "Actual Startup Time": 61.67,
                                "Actual Total Time": 61.671,
                                "Actual Rows": 1094487,
                                "Actual Loops": 1,
                                "Index Cond": "(keyword_id < 1118)"
                              }
                            ]
                          },
                          {
                            "Node Type": "Hash",
                            "Parent Relationship": "Inner",
                            "Parallel Aware": true,
                            "Startup Cost": 50870.31,
                            "Total Cost": 50870.31,
                            "Plan Rows": 1487231,
                            "Plan Width": 4,
                            "Actual Startup Time": 567.728,
                            "Actual Total Time": 567.729,
                            "Actual Rows": 1264156,
                            "Actual Loops": 2,
                            "Hash Buckets": 4194304,
                            "Original Hash Buckets": 4194304,
                            "Hash Batches": 1,
                            "Original Hash Batches": 1,
                            "Peak Memory Usage": 131680,
                            "Plans": [
                              {
                                "Node Type": "Seq Scan",
                                "Parent Relationship": "Outer",
                                "Parallel Aware": true,
                                "Relation Name": "title",
                                "Alias": "t",
                                "Startup Cost": 0.0,
                                "Total Cost": 50870.31,
                                "Plan Rows": 1487231,
                                "Plan Width": 4,
                                "Actual Startup Time": 0.04,
                                "Actual Total Time": 160.131,
                                "Actual Rows": 1264156,
                                "Actual Loops": 2
                              }
                            ]
                          }
                        ]
                      }
                    ]
                  }
                ]
              }
            ]
          }
        ]
      }
    ]
  },
  "Planning Time": 0.865,
  "Triggers": [],
  "Execution Time": 5924.065
}