[
  {
    "Plan": {
      "Node Type": "Aggregate",
      "Strategy": "Plain",
      "Partial Mode": "Finalize",
      "Parallel Aware": false,
      "Startup Cost": 79190.4,
      "Total Cost": 79190.41,
      "Plan Rows": 1,
      "Plan Width": 8,
      "Actual Startup Time": 108.564,
      "Actual Total Time": 116.354,
      "Actual Rows": 1,
      "Actual Loops": 1,
      "Plans": [
        {
          "Node Type": "Gather",
          "Parent Relationship": "Outer",
          "Parallel Aware": false,
          "Startup Cost": 79189.88,
          "Total Cost": 79190.39,
          "Plan Rows": 5,
          "Plan Width": 8,
          "Actual Startup Time": 108.495,
          "Actual Total Time": 116.344,
          "Actual Rows": 6,
          "Actual Loops": 1,
          "Workers Planned": 5,
          "Workers Launched": 5,
          "Single Copy": false,
          "Plans": [
            {
              "Node Type": "Aggregate",
              "Strategy": "Plain",
              "Partial Mode": "Partial",
              "Parent Relationship": "Outer",
              "Parallel Aware": false,
              "Startup Cost": 78189.88,
              "Total Cost": 78189.89,
              "Plan Rows": 1,
              "Plan Width": 8,
              "Actual Startup Time": 100.022,
              "Actual Total Time": 100.023,
              "Actual Rows": 1,
              "Actual Loops": 6,
              "Plans": [
                {
                  "Node Type": "Index Scan",
                  "Parent Relationship": "Outer",
                  "Parallel Aware": true,
                  "Scan Direction": "Forward",
                  "Index Name": "role_id_cast_info",
                  "Relation Name": "cast_info",
                  "Alias": "ci",
                  "Startup Cost": 0.56,
                  "Total Cost": 77740.85,
                  "Plan Rows": 179611,
                  "Plan Width": 0,
                  "Actual Startup Time": 0.255,
                  "Actual Total Time": 92.911,
                  "Actual Rows": 134072,
                  "Actual Loops": 6,
                  "Index Cond": "(role_id = 4)",
                  "Rows Removed by Index Recheck": 0,
                  "Filter": "(person_id < 1122481)",
                  "Rows Removed by Filter": 320751
                }
              ]
            }
          ]
        }
      ]
    },
    "Planning Time": 0.193,
    "Triggers": [],
    "Execution Time": 116.41
  }
]