[
  {
    "Plan": {
      "Node Type": "Aggregate",
      "Strategy": "Plain",
      "Partial Mode": "Finalize",
      "Parallel Aware": false,
      "Startup Cost": 132730.76,
      "Total Cost": 132730.77,
      "Plan Rows": 1,
      "Plan Width": 8,
      "Actual Startup Time": 1093.352,
      "Actual Total Time": 1112.866,
      "Actual Rows": 1,
      "Actual Loops": 1,
      "Plans": [
        {
          "Node Type": "Gather",
          "Parent Relationship": "Outer",
          "Parallel Aware": false,
          "Startup Cost": 132730.45,
          "Total Cost": 132730.76,
          "Plan Rows": 3,
          "Plan Width": 8,
          "Actual Startup Time": 1085.527,
          "Actual Total Time": 1112.854,
          "Actual Rows": 4,
          "Actual Loops": 1,
          "Workers Planned": 3,
          "Workers Launched": 3,
          "Single Copy": false,
          "Plans": [
            {
              "Node Type": "Aggregate",
              "Strategy": "Plain",
              "Partial Mode": "Partial",
              "Parent Relationship": "Outer",
              "Parallel Aware": false,
              "Startup Cost": 131730.45,
              "Total Cost": 131730.46,
              "Plan Rows": 1,
              "Plan Width": 8,
              "Actual Startup Time": 1076.924,
              "Actual Total Time": 1077.578,
              "Actual Rows": 1,
              "Actual Loops": 4,
              "Plans": [
                {
                  "Node Type": "Hash Join",
                  "Parent Relationship": "Outer",
                  "Parallel Aware": true,
                  "Join Type": "Inner",
                  "Startup Cost": 83102.2,
                  "Total Cost": 130677.32,
                  "Plan Rows": 421249,
                  "Plan Width": 0,
                  "Actual Startup Time": 552.373,
                  "Actual Total Time": 962.76,
                  "Actual Rows": 2660783,
                  "Actual Loops": 4,
                  "Inner Unique": false,
                  "Hash Cond": "(mk.movie_id = t.id)",
                  "Plans": [
                    {
                      "Node Type": "Seq Scan",
                      "Parent Relationship": "Outer",
                      "Parallel Aware": true,
                      "Relation Name": "movie_keyword",
                      "Alias": "mk",
                      "Startup Cost": 0.0,
                      "Total Cost": 42695.65,
                      "Plan Rows": 1020360,
                      "Plan Width": 4,
                      "Actual Startup Time": 0.035,
                      "Actual Total Time": 116.357,
                      "Actual Rows": 789393,
                      "Actual Loops": 4,
                      "Filter": "(keyword_id < 12233)",
                      "Rows Removed by Filter": 341590
                    },
                    {
                      "Node Type": "Hash",
                      "Parent Relationship": "Inner",
                      "Parallel Aware": true,
                      "Startup Cost": 79840.36,
                      "Total Cost": 79840.36,
                      "Plan Rows": 260947,
                      "Plan Width": 8,
                      "Actual Startup Time": 547.243,
                      "Actual Total Time": 547.896,
                      "Actual Rows": 260551,
                      "Actual Loops": 4,
                      "Hash Buckets": 1048576,
                      "Original Hash Buckets": 1048576,
                      "Hash Batches": 1,
                      "Original Hash Batches": 1,
                      "Peak Memory Usage": 49024,
                      "Plans": [
                        {
                          "Node Type": "Hash Join",
                          "Parent Relationship": "Outer",
                          "Parallel Aware": true,
                          "Join Type": "Inner",
                          "Startup Cost": 33519.51,
                          "Total Cost": 79840.36,
                          "Plan Rows": 260947,
                          "Plan Width": 8,
                          "Actual Startup Time": 164.742,
                          "Actual Total Time": 467.713,
                          "Actual Rows": 260551,
                          "Actual Loops": 4,
                          "Inner Unique": false,
                          "Hash Cond": "(t.id = mc.movie_id)",
                          "Plans": [
                            {
                              "Node Type": "Seq Scan",
                              "Parent Relationship": "Outer",
                              "Parallel Aware": true,
                              "Relation Name": "title",
                              "Alias": "t",
                              "Startup Cost": 0.0,
                              "Total Cost": 42318.73,
                              "Plan Rows": 632073,
                              "Plan Width": 4,
                              "Actual Startup Time": 0.016,
                              "Actual Total Time": 77.653,
                              "Actual Rows": 632078,
                              "Actual Loops": 4
                            },
                            {
                              "Node Type": "Hash",
                              "Parent Relationship": "Inner",
                              "Parallel Aware": true,
                              "Startup Cost": 29310.68,
                              "Total Cost": 29310.68,
                              "Plan Rows": 336706,
                              "Plan Width": 4,
                              "Actual Startup Time": 161.805,
                              "Actual Total Time": 161.806,
                              "Actual Rows": 260551,
                              "Actual Loops": 4,
                              "Hash Buckets": 1048576,
                              "Original Hash Buckets": 1048576,
                              "Hash Batches": 1,
                              "Original Hash Batches": 1,
                              "Peak Memory Usage": 49024,
                              "Plans": [
                                {
                                  "Node Type": "Seq Scan",
                                  "Parent Relationship": "Outer",
                                  "Parallel Aware": true,
                                  "Relation Name": "movie_companies",
                                  "Alias": "mc",
                                  "Startup Cost": 0.0,
                                  "Total Cost": 29310.68,
                                  "Plan Rows": 336706,
                                  "Plan Width": 4,
                                  "Actual Startup Time": 0.05,
                                  "Actual Total Time": 77.115,
                                  "Actual Rows": 260551,
                                  "Actual Loops": 4,
                                  "Filter": "(company_id < 6012)",
                                  "Rows Removed by Filter": 391731
                                }
                              ]
                            }
                          ]
                        }
                      ]
                    }
                  ]
                }
              ]
            }
          ]
        }
      ]
    },
    "Planning Time": 1.437,
    "Triggers": [],
    "Execution Time": 1112.957
  }
]