[
  {
    "Plan": {
      "Node Type": "Aggregate",
      "Strategy": "Plain",
      "Partial Mode": "Finalize",
      "Parallel Aware": false,
      "Startup Cost": 30658.38,
      "Total Cost": 30658.39,
      "Plan Rows": 1,
      "Plan Width": 8,
      "Actual Startup Time": 87.663,
      "Actual Total Time": 94.846,
      "Actual Rows": 1,
      "Actual Loops": 1,
      "Plans": [
        {
          "Node Type": "Gather",
          "Parent Relationship": "Outer",
          "Parallel Aware": false,
          "Startup Cost": 30658.06,
          "Total Cost": 30658.37,
          "Plan Rows": 3,
          "Plan Width": 8,
          "Actual Startup Time": 87.566,
          "Actual Total Time": 94.832,
          "Actual Rows": 4,
          "Actual Loops": 1,
          "Workers Planned": 3,
          "Workers Launched": 3,
          "Single Copy": false,
          "Plans": [
            {
              "Node Type": "Aggregate",
              "Strategy": "Plain",
              "Partial Mode": "Partial",
              "Parent Relationship": "Outer",
              "Parallel Aware": false,
              "Startup Cost": 29658.06,
              "Total Cost": 29658.07,
              "Plan Rows": 1,
              "Plan Width": 8,
              "Actual Startup Time": 80.434,
              "Actual Total Time": 80.435,
              "Actual Rows": 1,
              "Actual Loops": 4,
              "Plans": [
                {
                  "Node Type": "Seq Scan",
                  "Parent Relationship": "Outer",
                  "Parallel Aware": true,
                  "Relation Name": "movie_companies",
                  "Alias": "mc",
                  "Startup Cost": 0.0,
                  "Total Cost": 29310.68,
                  "Plan Rows": 138952,
                  "Plan Width": 0,
                  "Actual Startup Time": 45.874,
                  "Actual Total Time": 75.159,
                  "Actual Rows": 107152,
                  "Actual Loops": 4,
                  "Filter": "(company_id > 79300)",
                  "Rows Removed by Filter": 545131
                }
              ]
            }
          ]
        }
      ]
    },
    "Planning Time": 0.096,
    "Triggers": [],
    "Execution Time": 94.88
  }
]