[
  {
    "Plan": {
      "Node Type": "Aggregate",
      "Strategy": "Plain",
      "Partial Mode": "Finalize",
      "Parallel Aware": false,
      "Startup Cost": 87908.31,
      "Total Cost": 87908.32,
      "Plan Rows": 1,
      "Plan Width": 8,
      "Actual Startup Time": 229.575,
      "Actual Total Time": 246.067,
      "Actual Rows": 1,
      "Actual Loops": 1,
      "Plans": [
        {
          "Node Type": "Gather",
          "Parent Relationship": "Outer",
          "Parallel Aware": false,
          "Startup Cost": 87908.0,
          "Total Cost": 87908.31,
          "Plan Rows": 3,
          "Plan Width": 8,
          "Actual Startup Time": 228.978,
          "Actual Total Time": 246.057,
          "Actual Rows": 4,
          "Actual Loops": 1,
          "Workers Planned": 3,
          "Workers Launched": 3,
          "Single Copy": false,
          "Plans": [
            {
              "Node Type": "Aggregate",
              "Strategy": "Plain",
              "Partial Mode": "Partial",
              "Parent Relationship": "Outer",
              "Parallel Aware": false,
              "Startup Cost": 86908.0,
              "Total Cost": 86908.01,
              "Plan Rows": 1,
              "Plan Width": 8,
              "Actual Startup Time": 225.012,
              "Actual Total Time": 225.015,
              "Actual Rows": 1,
              "Actual Loops": 4,
              "Plans": [
                {
                  "Node Type": "Hash Join",
                  "Parent Relationship": "Outer",
                  "Parallel Aware": true,
                  "Join Type": "Inner",
                  "Startup Cost": 59035.11,
                  "Total Cost": 86880.12,
                  "Plan Rows": 11150,
                  "Plan Width": 0,
                  "Actual Startup Time": 138.923,
                  "Actual Total Time": 224.362,
                  "Actual Rows": 8513,
                  "Actual Loops": 4,
                  "Inner Unique": true,
                  "Hash Cond": "(mk.movie_id = t.id)",
                  "Plans": [
                    {
                      "Node Type": "Bitmap Heap Scan",
                      "Parent Relationship": "Outer",
                      "Parallel Aware": true,
                      "Relation Name": "movie_keyword",
                      "Alias": "mk",
                      "Startup Cost": 14742.82,
                      "Total Cost": 41999.31,
                      "Plan Rows": 224199,
                      "Plan Width": 4,
                      "Actual Startup Time": 44.312,
                      "Actual Total Time": 105.474,
                      "Actual Rows": 173214,
                      "Actual Loops": 4,
                      "Recheck Cond": "(keyword_id > 27173)",
                      "Rows Removed by Index Recheck": 0,
                      "Exact Heap Blocks": 8240,
                      "Lossy Heap Blocks": 0,
                      "Plans": [
                        {
                          "Node Type": "Bitmap Index Scan",
                          "Parent Relationship": "Outer",
                          "Parallel Aware": false,
                          "Index Name": "keyword_id_movie_keyword",
                          "Startup Cost": 0.0,
                          "Total Cost": 14569.07,
                          "Plan Rows": 695018,
                          "Plan Width": 0,
                          "Actual Startup Time": 40.767,
                          "Actual Total Time": 40.768,
                          "Actual Rows": 692855,
                          "Actual Loops": 1,
                          "Index Cond": "(keyword_id > 27173)"
                        }
                      ]
                    },
                    {
                      "Node Type": "Hash",
                      "Parent Relationship": "Inner",
                      "Parallel Aware": true,
                      "Startup Cost": 43899.32,
                      "Total Cost": 43899.32,
                      "Plan Rows": 31437,
                      "Plan Width": 4,
                      "Actual Startup Time": 93.085,
                      "Actual Total Time": 93.086,
                      "Actual Rows": 32174,
                      "Actual Loops": 4,
                      "Hash Buckets": 131072,
                      "Original Hash Buckets": 131072,
                      "Hash Batches": 1,
                      "Original Hash Batches": 1,
                      "Peak Memory Usage": 6144,
                      "Plans": [
                        {
                          "Node Type": "Seq Scan",
                          "Parent Relationship": "Outer",
                          "Parallel Aware": true,
                          "Relation Name": "title",
                          "Alias": "t",
                          "Startup Cost": 0.0,
                          "Total Cost": 43899.32,
                          "Plan Rows": 31437,
                          "Plan Width": 4,
                          "Actual Startup Time": 0.017,
                          "Actual Total Time": 83.927,
                          "Actual Rows": 32174,
                          "Actual Loops": 4,
                          "Filter": "(production_year = 2009)",
                          "Rows Removed by Filter": 599904
                        }
                      ]
                    }
                  ]
                }
              ]
            }
          ]
        }
      ]
    },
    "Planning Time": 0.622,
    "Triggers": [],
    "Execution Time": 246.156
  }
]