{
  "Plan": {
    "Node Type": "Aggregate",
    "Strategy": "Plain",
    "Partial Mode": "Finalize",
    "Parallel Aware": false,
    "Startup Cost": 659615.95,
    "Total Cost": 659615.96,
    "Plan Rows": 1,
    "Plan Width": 8,
    "Actual Startup Time": 3143.194,
    "Actual Total Time": 3213.992,
    "Actual Rows": 1,
    "Actual Loops": 1,
    "Plans": [
      {
        "Node Type": "Gather",
        "Parent Relationship": "Outer",
        "Parallel Aware": false,
        "Startup Cost": 659615.84,
        "Total Cost": 659615.95,
        "Plan Rows": 1,
        "Plan Width": 8,
        "Actual Startup Time": 3142.727,
        "Actual Total Time": 3213.985,
        "Actual Rows": 2,
        "Actual Loops": 1,
        "Workers Planned": 1,
        "Workers Launched": 1,
        "Single Copy": false,
        "Plans": [
          {
            "Node Type": "Aggregate",
            "Strategy": "Plain",
            "Partial Mode": "Partial",
            "Parent Relationship": "Outer",
            "Parallel Aware": false,
            "Startup Cost": 658615.84,
            "Total Cost": 658615.85,
            "Plan Rows": 1,
            "Plan Width": 8,
            "Actual Startup Time": 3136.954,
            "Actual Total Time": 3136.959,
            "Actual Rows": 1,
            "Actual Loops": 2,
            "Plans": [
              {
                "Node Type": "Hash Join",
                "Parent Relationship": "Outer",
                "Parallel Aware": true,
                "Join Type": "Inner",
                "Startup Cost": 581298.61,
                "Total Cost": 658377.84,
                "Plan Rows": 95200,
                "Plan Width": 0,
                "Actual Startup Time": 2865.705,
                "Actual Total Time": 3135.968,
                "Actual Rows": 23692,
                "Actual Loops": 2,
                "Inner Unique": false,
                "Hash Cond": "(mk.movie_id = t.id)",
                "Plans": [
                  {
                    "Node Type": "Seq Scan",
                    "Parent Relationship": "Outer",
                    "Parallel Aware": true,
                    "Relation Name": "movie_keyword",
                    "Alias": "mk",
                    "Startup Cost": 0.0,
                    "Total Cost": 57718.19,
                    "Plan Rows": 1504083,
                    "Plan Width": 4,
                    "Actual Startup Time": 0.008,
                    "Actual Total Time": 183.05,
                    "Actual Rows": 1279934,
                    "Actual Loops": 2,
                    "Filter": "(keyword_id < 6465)",
                    "Rows Removed by Filter": 982031
                  },
                  {
                    "Node Type": "Hash",
                    "Parent Relationship": "Inner",
                    "Parallel Aware": true,
                    "Startup Cost": 580121.93,
                    "Total Cost": 580121.93,
                    "Plan Rows": 94134,
                    "Plan Width": 8,
                    "Actual Startup Time": 2860.75,
                    "Actual Total Time": 2860.753,
                    "Actual Rows": 63154,
                    "Actual Loops": 2,
                    "Hash Buckets": 262144,
                    "Original Hash Buckets": 262144,
                    "Hash Batches": 1,
                    "Original Hash Batches": 1,
                    "Peak Memory Usage": 7040,
                    "Plans": [
                      {
                        "Node Type": "Hash Join",
                        "Parent Relationship": "Outer",
                        "Parallel Aware": true,
                        "Join Type": "Inner",
                        "Startup Cost": 58388.58,
                        "Total Cost": 580121.93,
                        "Plan Rows": 94134,
                        "Plan Width": 8,
                        "Actual Startup Time": 133.333,
                        "Actual Total Time": 2840.408,
                        "Actual Rows": 63154,
                        "Actual Loops": 2,
                        "Inner Unique": true,
                        "Hash Cond": "(ci.movie_id = t.id)",
                        "Plans": [
                          {
                            "Node Type": "Seq Scan",
                            "Parent Relationship": "Outer",
                            "Parallel Aware": true,
                            "Relation Name": "cast_info",
                            "Alias": "ci",
                            "Startup Cost": 0.0,
                            "Total Cost": 465792.95,
                            "Plan Rows": 21310595,
                            "Plan Width": 4,
                            "Actual Startup Time": 0.018,
                            "Actual Total Time": 1310.806,
                            "Actual Rows": 18122172,
                            "Actual Loops": 2
                          },
                          {
                            "Node Type": "Hash",
                            "Parent Relationship": "Inner",
                            "Parallel Aware": true,
                            "Startup Cost": 58306.47,
                            "Total Cost": 58306.47,
                            "Plan Rows": 6569,
                            "Plan Width": 4,
                            "Actual Startup Time": 132.99,
                            "Actual Total Time": 132.991,
                            "Actual Rows": 4202,
                            "Actual Loops": 2,
                            "Hash Buckets": 16384,
                            "Original Hash Buckets": 16384,
                            "Hash Batches": 1,
                            "Original Hash Batches": 1,
                            "Peak Memory Usage": 480,
                            "Plans": [
                              {
                                "Node Type": "Seq Scan",
                                "Parent Relationship": "Outer",
                                "Parallel Aware": true,
                                "Relation Name": "title",
                                "Alias": "t",
                                "Startup Cost": 0.0,
                                "Total Cost": 58306.47,
                                "Plan Rows": 6569,
                                "Plan Width": 4,
                                "Actual Startup Time": 0.171,
                                "Actual Total Time": 131.354,
                                "Actual Rows": 4202,
                                "Actual Loops": 2,
                                "Filter": "((kind_id = 7) AND (production_year = 1983))",
                                "Rows Removed by Filter": 1259954
                              }
                            ]
                          }
                        ]
                      }
                    ]
                  }
                ]
              }
            ]
          }
        ]
      }
    ]
  },
  "Planning Time": 0.962,
  "Triggers": [],
  "Execution Time": 3214.089
}