{
    "Plan": {
        "Node Type": "Aggregate",
        "Strategy": "Plain",
        "Partial Mode": "Finalize",
        "Parallel Aware": false,
        "Startup Cost": 330238.94,
        "Total Cost": 330238.95,
        "Plan Rows": 1,
        "Plan Width": 8,
        "Actual Startup Time": 4637.661,
        "Actual Total Time": 4688.144,
        "Actual Rows": 1,
        "Actual Loops": 1,
        "Output": [
            "count(*)"
        ],
        "Plans": [
            {
                "Node Type": "Gather",
                "Parent Relationship": "Outer",
                "Parallel Aware": false,
                "Startup Cost": 330238.42,
                "Total Cost": 330238.93,
                "Plan Rows": 5,
                "Plan Width": 8,
                "Actual Startup Time": 4583.478,
                "Actual Total Time": 4688.129,
                "Actual Rows": 6,
                "Actual Loops": 1,
                "Output": [
                    "(PARTIAL count(*))"
                ],
                "Workers Planned": 5,
                "Workers Launched": 5,
                "Single Copy": false,
                "Plans": [
                    {
                        "Node Type": "Aggregate",
                        "Strategy": "Plain",
                        "Partial Mode": "Partial",
                        "Parent Relationship": "Outer",
                        "Parallel Aware": false,
                        "Startup Cost": 329238.42,
                        "Total Cost": 329238.43,
                        "Plan Rows": 1,
                        "Plan Width": 8,
                        "Actual Startup Time": 4564.942,
                        "Actual Total Time": 4566.241,
                        "Actual Rows": 1,
                        "Actual Loops": 6,
                        "Output": [
                            "PARTIAL count(*)"
                        ],
                        "Workers": [
                            {
                                "Worker Number": 0,
                                "Actual Startup Time": 4560.922,
                                "Actual Total Time": 4560.926,
                                "Actual Rows": 1,
                                "Actual Loops": 1
                            },
                            {
                                "Worker Number": 1,
                                "Actual Startup Time": 4560.762,
                                "Actual Total Time": 4560.768,
                                "Actual Rows": 1,
                                "Actual Loops": 1
                            },
                            {
                                "Worker Number": 2,
                                "Actual Startup Time": 4561.094,
                                "Actual Total Time": 4561.099,
                                "Actual Rows": 1,
                                "Actual Loops": 1
                            },
                            {
                                "Worker Number": 3,
                                "Actual Startup Time": 4563.279,
                                "Actual Total Time": 4563.285,
                                "Actual Rows": 1,
                                "Actual Loops": 1
                            },
                            {
                                "Worker Number": 4,
                                "Actual Startup Time": 4561.061,
                                "Actual Total Time": 4561.066,
                                "Actual Rows": 1,
                                "Actual Loops": 1
                            }
                        ],
                        "Plans": [
                            {
                                "Node Type": "Hash Join",
                                "Parent Relationship": "Outer",
                                "Parallel Aware": true,
                                "Join Type": "Inner",
                                "Startup Cost": 107158.9,
                                "Total Cost": 320719.96,
                                "Plan Rows": 3407384,
                                "Plan Width": 0,
                                "Actual Startup Time": 790.344,
                                "Actual Total Time": 3486.203,
                                "Actual Rows": 25040912,
                                "Actual Loops": 6,
                                "Inner Unique": false,
                                "Hash Cond": "(mi.movie_id = t.id)",
                                "Workers": [
                                    {
                                        "Worker Number": 0,
                                        "Actual Startup Time": 786.828,
                                        "Actual Total Time": 3468.271,
                                        "Actual Rows": 19171234,
                                        "Actual Loops": 1
                                    },
                                    {
                                        "Worker Number": 1,
                                        "Actual Startup Time": 786.732,
                                        "Actual Total Time": 3498.2,
                                        "Actual Rows": 26299620,
                                        "Actual Loops": 1
                                    },
                                    {
                                        "Worker Number": 2,
                                        "Actual Startup Time": 786.935,
                                        "Actual Total Time": 3478.297,
                                        "Actual Rows": 24607788,
                                        "Actual Loops": 1
                                    },
                                    {
                                        "Worker Number": 3,
                                        "Actual Startup Time": 786.636,
                                        "Actual Total Time": 3504.056,
                                        "Actual Rows": 26067570,
                                        "Actual Loops": 1
                                    },
                                    {
                                        "Worker Number": 4,
                                        "Actual Startup Time": 786.555,
                                        "Actual Total Time": 3485.622,
                                        "Actual Rows": 26587317,
                                        "Actual Loops": 1
                                    }
                                ],
                                "Plans": [
                                    {
                                        "Node Type": "Seq Scan",
                                        "Parent Relationship": "Outer",
                                        "Parallel Aware": true,
                                        "Relation Name": "movie_info",
                                        "Schema": "public",
                                        "Alias": "mi",
                                        "Startup Cost": 0.0,
                                        "Total Cost": 191503.19,
                                        "Plan Rows": 2951019,
                                        "Plan Width": 4,
                                        "Actual Startup Time": 0.036,
                                        "Actual Total Time": 294.101,
                                        "Actual Rows": 2472620,
                                        "Actual Loops": 6,
                                        "Output": [
                                            "mi.id",
                                            "mi.movie_id",
                                            "mi.info_type_id",
                                            "mi.info",
                                            "mi.note"
                                        ],
                                        "Workers": [
                                            {
                                                "Worker Number": 0,
                                                "Actual Startup Time": 0.042,
                                                "Actual Total Time": 299.885,
                                                "Actual Rows": 2060188,
                                                "Actual Loops": 1
                                            },
                                            {
                                                "Worker Number": 1,
                                                "Actual Startup Time": 0.055,
                                                "Actual Total Time": 312.388,
                                                "Actual Rows": 2536340,
                                                "Actual Loops": 1
                                            },
                                            {
                                                "Worker Number": 2,
                                                "Actual Startup Time": 0.035,
                                                "Actual Total Time": 302.994,
                                                "Actual Rows": 2278988,
                                                "Actual Loops": 1
                                            },
                                            {
                                                "Worker Number": 3,
                                                "Actual Startup Time": 0.038,
                                                "Actual Total Time": 313.561,
                                                "Actual Rows": 2536581,
                                                "Actual Loops": 1
                                            },
                                            {
                                                "Worker Number": 4,
                                                "Actual Startup Time": 0.035,
                                                "Actual Total Time": 302.638,
                                                "Actual Rows": 2629265,
                                                "Actual Loops": 1
                                            }
                                        ]
                                    },
                                    {
                                        "Node Type": "Hash",
                                        "Parent Relationship": "Inner",
                                        "Parallel Aware": true,
                                        "Startup Cost": 95387.46,
                                        "Total Cost": 95387.46,
                                        "Plan Rows": 941715,
                                        "Plan Width": 8,
                                        "Actual Startup Time": 782.642,
                                        "Actual Total Time": 783.937,
                                        "Actual Rows": 489914,
                                        "Actual Loops": 6,
                                        "Output": [
                                            "t.id",
                                            "mk.movie_id"
                                        ],
                                        "Hash Buckets": 4194304,
                                        "Original Hash Buckets": 4194304,
                                        "Hash Batches": 1,
                                        "Original Hash Batches": 1,
                                        "Peak Memory Usage": 147872,
                                        "Workers": [
                                            {
                                                "Worker Number": 0,
                                                "Actual Startup Time": 785.566,
                                                "Actual Total Time": 785.568,
                                                "Actual Rows": 373788,
                                                "Actual Loops": 1
                                            },
                                            {
                                                "Worker Number": 1,
                                                "Actual Startup Time": 785.506,
                                                "Actual Total Time": 785.51,
                                                "Actual Rows": 514709,
                                                "Actual Loops": 1
                                            },
                                            {
                                                "Worker Number": 2,
                                                "Actual Startup Time": 785.796,
                                                "Actual Total Time": 785.8,
                                                "Actual Rows": 521115,
                                                "Actual Loops": 1
                                            },
                                            {
                                                "Worker Number": 3,
                                                "Actual Startup Time": 785.429,
                                                "Actual Total Time": 785.433,
                                                "Actual Rows": 495056,
                                                "Actual Loops": 1
                                            },
                                            {
                                                "Worker Number": 4,
                                                "Actual Startup Time": 785.771,
                                                "Actual Total Time": 785.774,
                                                "Actual Rows": 494329,
                                                "Actual Loops": 1
                                            }
                                        ],
                                        "Plans": [
                                            {
                                                "Node Type": "Hash Join",
                                                "Parent Relationship": "Outer",
                                                "Parallel Aware": true,
                                                "Join Type": "Inner",
                                                "Startup Cost": 50219.81,
                                                "Total Cost": 95387.46,
                                                "Plan Rows": 941715,
                                                "Plan Width": 8,
                                                "Actual Startup Time": 333.702,
                                                "Actual Total Time": 555.083,
                                                "Actual Rows": 489914,
                                                "Actual Loops": 6,
                                                "Output": [
                                                    "t.id",
                                                    "mk.movie_id"
                                                ],
                                                "Inner Unique": true,
                                                "Hash Cond": "(mk.movie_id = t.id)",
                                                "Workers": [
                                                    {
                                                        "Worker Number": 0,
                                                        "Actual Startup Time": 333.669,
                                                        "Actual Total Time": 556.549,
                                                        "Actual Rows": 373788,
                                                        "Actual Loops": 1
                                                    },
                                                    {
                                                        "Worker Number": 1,
                                                        "Actual Startup Time": 333.594,
                                                        "Actual Total Time": 554.758,
                                                        "Actual Rows": 514709,
                                                        "Actual Loops": 1
                                                    },
                                                    {
                                                        "Worker Number": 2,
                                                        "Actual Startup Time": 333.742,
                                                        "Actual Total Time": 554.586,
                                                        "Actual Rows": 521115,
                                                        "Actual Loops": 1
                                                    },
                                                    {
                                                        "Worker Number": 3,
                                                        "Actual Startup Time": 333.681,
                                                        "Actual Total Time": 554.255,
                                                        "Actual Rows": 495056,
                                                        "Actual Loops": 1
                                                    },
                                                    {
                                                        "Worker Number": 4,
                                                        "Actual Startup Time": 333.649,
                                                        "Actual Total Time": 554.291,
                                                        "Actual Rows": 494329,
                                                        "Actual Loops": 1
                                                    }
                                                ],
                                                "Plans": [
                                                    {
                                                        "Node Type": "Seq Scan",
                                                        "Parent Relationship": "Outer",
                                                        "Parallel Aware": true,
                                                        "Relation Name": "movie_keyword",
                                                        "Schema": "public",
                                                        "Alias": "mk",
                                                        "Startup Cost": 0.0,
                                                        "Total Cost": 42695.65,
                                                        "Plan Rows": 941715,
                                                        "Plan Width": 4,
                                                        "Actual Startup Time": 0.022,
                                                        "Actual Total Time": 107.832,
                                                        "Actual Rows": 489914,
                                                        "Actual Loops": 6,
                                                        "Output": [
                                                            "mk.id",
                                                            "mk.movie_id",
                                                            "mk.keyword_id"
                                                        ],
                                                        "Filter": "(mk.keyword_id < 9822)",
                                                        "Rows Removed by Filter": 264074,
                                                        "Workers": [
                                                            {
                                                                "Worker Number": 0,
                                                                "Actual Startup Time": 0.026,
                                                                "Actual Total Time": 110.788,
                                                                "Actual Rows": 373788,
                                                                "Actual Loops": 1
                                                            },
                                                            {
                                                                "Worker Number": 1,
                                                                "Actual Startup Time": 0.012,
                                                                "Actual Total Time": 111.172,
                                                                "Actual Rows": 514709,
                                                                "Actual Loops": 1
                                                            },
                                                            {
                                                                "Worker Number": 2,
                                                                "Actual Startup Time": 0.031,
                                                                "Actual Total Time": 110.806,
                                                                "Actual Rows": 521115,
                                                                "Actual Loops": 1
                                                            },
                                                            {
                                                                "Worker Number": 3,
                                                                "Actual Startup Time": 0.03,
                                                                "Actual Total Time": 110.556,
                                                                "Actual Rows": 495056,
                                                                "Actual Loops": 1
                                                            },
                                                            {
                                                                "Worker Number": 4,
                                                                "Actual Startup Time": 0.022,
                                                                "Actual Total Time": 110.444,
                                                                "Actual Rows": 494329,
                                                                "Actual Loops": 1
                                                            }
                                                        ]
                                                    },
                                                    {
                                                        "Node Type": "Hash",
                                                        "Parent Relationship": "Inner",
                                                        "Parallel Aware": true,
                                                        "Startup Cost": 42318.81,
                                                        "Total Cost": 42318.81,
                                                        "Plan Rows": 632080,
                                                        "Plan Width": 4,
                                                        "Actual Startup Time": 329.947,
                                                        "Actual Total Time": 329.949,
                                                        "Actual Rows": 421385,
                                                        "Actual Loops": 6,
                                                        "Output": [
                                                            "t.id"
                                                        ],
                                                        "Hash Buckets": 4194304,
                                                        "Original Hash Buckets": 4194304,
                                                        "Hash Batches": 1,
                                                        "Original Hash Batches": 1,
                                                        "Peak Memory Usage": 131776,
                                                        "Workers": [
                                                            {
                                                                "Worker Number": 0,
                                                                "Actual Startup Time": 333.571,
                                                                "Actual Total Time": 333.571,
                                                                "Actual Rows": 339154,
                                                                "Actual Loops": 1
                                                            },
                                                            {
                                                                "Worker Number": 1,
                                                                "Actual Startup Time": 333.333,
                                                                "Actual Total Time": 333.335,
                                                                "Actual Rows": 384475,
                                                                "Actual Loops": 1
                                                            },
                                                            {
                                                                "Worker Number": 2,
                                                                "Actual Startup Time": 333.367,
                                                                "Actual Total Time": 333.368,
                                                                "Actual Rows": 425063,
                                                                "Actual Loops": 1
                                                            },
                                                            {
                                                                "Worker Number": 3,
                                                                "Actual Startup Time": 333.304,
                                                                "Actual Total Time": 333.305,
                                                                "Actual Rows": 397116,
                                                                "Actual Loops": 1
                                                            },
                                                            {
                                                                "Worker Number": 4,
                                                                "Actual Startup Time": 333.492,
                                                                "Actual Total Time": 333.493,
                                                                "Actual Rows": 419509,
                                                                "Actual Loops": 1
                                                            }
                                                        ],
                                                        "Plans": [
                                                            {
                                                                "Node Type": "Seq Scan",
                                                                "Parent Relationship": "Outer",
                                                                "Parallel Aware": true,
                                                                "Relation Name": "title",
                                                                "Schema": "public",
                                                                "Alias": "t",
                                                                "Startup Cost": 0.0,
                                                                "Total Cost": 42318.81,
                                                                "Plan Rows": 632080,
                                                                "Plan Width": 4,
                                                                "Actual Startup Time": 0.078,
                                                                "Actual Total Time": 82.478,
                                                                "Actual Rows": 421385,
                                                                "Actual Loops": 6,
                                                                "Output": [
                                                                    "t.id"
                                                                ],
                                                                "Workers": [
                                                                    {
                                                                        "Worker Number": 0,
                                                                        "Actual Startup Time": 0.078,
                                                                        "Actual Total Time": 88.117,
                                                                        "Actual Rows": 339154,
                                                                        "Actual Loops": 1
                                                                    },
                                                                    {
                                                                        "Worker Number": 1,
                                                                        "Actual Startup Time": 0.133,
                                                                        "Actual Total Time": 84.454,
                                                                        "Actual Rows": 384475,
                                                                        "Actual Loops": 1
                                                                    },
                                                                    {
                                                                        "Worker Number": 2,
                                                                        "Actual Startup Time": 0.079,
                                                                        "Actual Total Time": 85.023,
                                                                        "Actual Rows": 425063,
                                                                        "Actual Loops": 1
                                                                    },
                                                                    {
                                                                        "Worker Number": 3,
                                                                        "Actual Startup Time": 0.086,
                                                                        "Actual Total Time": 84.385,
                                                                        "Actual Rows": 397116,
                                                                        "Actual Loops": 1
                                                                    },
                                                                    {
                                                                        "Worker Number": 4,
                                                                        "Actual Startup Time": 0.076,
                                                                        "Actual Total Time": 84.468,
                                                                        "Actual Rows": 419509,
                                                                        "Actual Loops": 1
                                                                    }
                                                                ]
                                                            }
                                                        ]
                                                    }
                                                ]
                                            }
                                        ]
                                    }
                                ]
                            }
                        ]
                    }
                ]
            }
        ]
    },
    "Planning Time": 1.462,
    "Triggers": [],
    "Execution Time": 4688.246
}