{
  "Plan": {
    "Node Type": "Aggregate",
    "Strategy": "Plain",
    "Partial Mode": "Finalize",
    "Parallel Aware": false,
    "Startup Cost": 124021.35,
    "Total Cost": 124021.36,
    "Plan Rows": 1,
    "Plan Width": 8,
    "Actual Startup Time": 818.713,
    "Actual Total Time": 839.127,
    "Actual Rows": 1,
    "Actual Loops": 1,
    "Plans": [
      {
        "Node Type": "Gather",
        "Parent Relationship": "Outer",
        "Parallel Aware": false,
        "Startup Cost": 124021.24,
        "Total Cost": 124021.35,
        "Plan Rows": 1,
        "Plan Width": 8,
        "Actual Startup Time": 814.009,
        "Actual Total Time": 839.121,
        "Actual Rows": 2,
        "Actual Loops": 1,
        "Workers Planned": 1,
        "Workers Launched": 1,
        "Single Copy": false,
        "Plans": [
          {
            "Node Type": "Aggregate",
            "Strategy": "Plain",
            "Partial Mode": "Partial",
            "Parent Relationship": "Outer",
            "Parallel Aware": false,
            "Startup Cost": 123021.24,
            "Total Cost": 123021.25,
            "Plan Rows": 1,
            "Plan Width": 8,
            "Actual Startup Time": 803.299,
            "Actual Total Time": 803.303,
            "Actual Rows": 1,
            "Actual Loops": 2,
            "Plans": [
              {
                "Node Type": "Hash Join",
                "Parent Relationship": "Outer",
                "Parallel Aware": true,
                "Join Type": "Inner",
                "Startup Cost": 89011.91,
                "Total Cost": 121665.88,
                "Plan Rows": 542146,
                "Plan Width": 0,
                "Actual Startup Time": 592.879,
                "Actual Total Time": 783.514,
                "Actual Rows": 452234,
                "Actual Loops": 2,
                "Inner Unique": true,
                "Hash Cond": "(mk.movie_id = t.id)",
                "Plans": [
                  {
                    "Node Type": "Bitmap Heap Scan",
                    "Parent Relationship": "Outer",
                    "Parallel Aware": true,
                    "Relation Name": "movie_keyword",
                    "Alias": "mk",
                    "Startup Cost": 19551.21,
                    "Total Cost": 50782.04,
                    "Plan Rows": 542146,
                    "Plan Width": 4,
                    "Actual Startup Time": 60.036,
                    "Actual Total Time": 144.837,
                    "Actual Rows": 452234,
                    "Actual Loops": 2,
                    "Recheck Cond": "(keyword_id > 20398)",
                    "Rows Removed by Index Recheck": 0,
                    "Exact Heap Blocks": 13274,
                    "Lossy Heap Blocks": 0,
                    "Plans": [
                      {
                        "Node Type": "Bitmap Index Scan",
                        "Parent Relationship": "Outer",
                        "Parallel Aware": false,
                        "Index Name": "keyword_id_movie_keyword",
                        "Startup Cost": 0.0,
                        "Total Cost": 19320.8,
                        "Plan Rows": 921649,
                        "Plan Width": 0,
                        "Actual Startup Time": 56.483,
                        "Actual Total Time": 56.484,
                        "Actual Rows": 904469,
                        "Actual Loops": 1,
                        "Index Cond": "(keyword_id > 20398)"
                      }
                    ]
                  },
                  {
                    "Node Type": "Hash",
                    "Parent Relationship": "Inner",
                    "Parallel Aware": true,
                    "Startup Cost": 50870.31,
                    "Total Cost": 50870.31,
                    "Plan Rows": 1487231,
                    "Plan Width": 4,
                    "Actual Startup Time": 513.538,
                    "Actual Total Time": 513.538,
                    "Actual Rows": 1264156,
                    "Actual Loops": 2,
                    "Hash Buckets": 4194304,
                    "Original Hash Buckets": 4194304,
                    "Hash Batches": 1,
                    "Original Hash Batches": 1,
                    "Peak Memory Usage": 131680,
                    "Plans": [
                      {
                        "Node Type": "Seq Scan",
                        "Parent Relationship": "Outer",
                        "Parallel Aware": true,
                        "Relation Name": "title",
                        "Alias": "t",
                        "Startup Cost": 0.0,
                        "Total Cost": 50870.31,
                        "Plan Rows": 1487231,
                        "Plan Width": 4,
                        "Actual Startup Time": 0.031,
                        "Actual Total Time": 149.097,
                        "Actual Rows": 1264156,
                        "Actual Loops": 2
                      }
                    ]
                  }
                ]
              }
            ]
          }
        ]
      }
    ]
  },
  "Planning Time": 0.409,
  "Triggers": [],
  "Execution Time": 839.19
}