{
    "Plan": {
        "Node Type": "Aggregate",
        "Strategy": "Plain",
        "Partial Mode": "Finalize",
        "Parallel Aware": false,
        "Startup Cost": 79074.36,
        "Total Cost": 79074.37,
        "Plan Rows": 1,
        "Plan Width": 8,
        "Actual Startup Time": 234.408,
        "Actual Total Time": 249.219,
        "Actual Rows": 1,
        "Actual Loops": 1,
        "Output": [
            "count(*)"
        ],
        "Plans": [
            {
                "Node Type": "Gather",
                "Parent Relationship": "Outer",
                "Parallel Aware": false,
                "Startup Cost": 79073.94,
                "Total Cost": 79074.35,
                "Plan Rows": 4,
                "Plan Width": 8,
                "Actual Startup Time": 233.73,
                "Actual Total Time": 249.208,
                "Actual Rows": 5,
                "Actual Loops": 1,
                "Output": [
                    "(PARTIAL count(*))"
                ],
                "Workers Planned": 4,
                "Workers Launched": 4,
                "Single Copy": false,
                "Plans": [
                    {
                        "Node Type": "Aggregate",
                        "Strategy": "Plain",
                        "Partial Mode": "Partial",
                        "Parent Relationship": "Outer",
                        "Parallel Aware": false,
                        "Startup Cost": 78073.94,
                        "Total Cost": 78073.95,
                        "Plan Rows": 1,
                        "Plan Width": 8,
                        "Actual Startup Time": 223.884,
                        "Actual Total Time": 223.888,
                        "Actual Rows": 1,
                        "Actual Loops": 5,
                        "Output": [
                            "PARTIAL count(*)"
                        ],
                        "Workers": [
                            {
                                "Worker Number": 0,
                                "Actual Startup Time": 221.32,
                                "Actual Total Time": 221.323,
                                "Actual Rows": 1,
                                "Actual Loops": 1
                            },
                            {
                                "Worker Number": 1,
                                "Actual Startup Time": 221.195,
                                "Actual Total Time": 221.198,
                                "Actual Rows": 1,
                                "Actual Loops": 1
                            },
                            {
                                "Worker Number": 2,
                                "Actual Startup Time": 221.811,
                                "Actual Total Time": 221.814,
                                "Actual Rows": 1,
                                "Actual Loops": 1
                            },
                            {
                                "Worker Number": 3,
                                "Actual Startup Time": 222.166,
                                "Actual Total Time": 222.169,
                                "Actual Rows": 1,
                                "Actual Loops": 1
                            }
                        ],
                        "Plans": [
                            {
                                "Node Type": "Hash Join",
                                "Parent Relationship": "Outer",
                                "Parallel Aware": true,
                                "Join Type": "Inner",
                                "Startup Cost": 32285.61,
                                "Total Cost": 77938.97,
                                "Plan Rows": 53988,
                                "Plan Width": 0,
                                "Actual Startup Time": 79.194,
                                "Actual Total Time": 222.514,
                                "Actual Rows": 19766,
                                "Actual Loops": 5,
                                "Inner Unique": false,
                                "Hash Cond": "(t.id = mc.movie_id)",
                                "Workers": [
                                    {
                                        "Worker Number": 0,
                                        "Actual Startup Time": 76.544,
                                        "Actual Total Time": 219.86,
                                        "Actual Rows": 14042,
                                        "Actual Loops": 1
                                    },
                                    {
                                        "Worker Number": 1,
                                        "Actual Startup Time": 76.512,
                                        "Actual Total Time": 219.943,
                                        "Actual Rows": 20221,
                                        "Actual Loops": 1
                                    },
                                    {
                                        "Worker Number": 2,
                                        "Actual Startup Time": 77.186,
                                        "Actual Total Time": 220.507,
                                        "Actual Rows": 21914,
                                        "Actual Loops": 1
                                    },
                                    {
                                        "Worker Number": 3,
                                        "Actual Startup Time": 77.488,
                                        "Actual Total Time": 220.859,
                                        "Actual Rows": 21856,
                                        "Actual Loops": 1
                                    }
                                ],
                                "Plans": [
                                    {
                                        "Node Type": "Seq Scan",
                                        "Parent Relationship": "Outer",
                                        "Parallel Aware": true,
                                        "Relation Name": "title",
                                        "Schema": "public",
                                        "Alias": "t",
                                        "Startup Cost": 0.0,
                                        "Total Cost": 42318.81,
                                        "Plan Rows": 632080,
                                        "Plan Width": 4,
                                        "Actual Startup Time": 0.031,
                                        "Actual Total Time": 69.964,
                                        "Actual Rows": 505662,
                                        "Actual Loops": 5,
                                        "Output": [
                                            "t.id",
                                            "t.title",
                                            "t.imdb_index",
                                            "t.kind_id",
                                            "t.production_year",
                                            "t.imdb_id",
                                            "t.phonetic_code",
                                            "t.episode_of_id",
                                            "t.season_nr",
                                            "t.episode_nr",
                                            "t.series_years",
                                            "t.md5sum"
                                        ],
                                        "Workers": [
                                            {
                                                "Worker Number": 0,
                                                "Actual Startup Time": 0.042,
                                                "Actual Total Time": 71.57,
                                                "Actual Rows": 358458,
                                                "Actual Loops": 1
                                            },
                                            {
                                                "Worker Number": 1,
                                                "Actual Startup Time": 0.033,
                                                "Actual Total Time": 72.373,
                                                "Actual Rows": 518348,
                                                "Actual Loops": 1
                                            },
                                            {
                                                "Worker Number": 2,
                                                "Actual Startup Time": 0.034,
                                                "Actual Total Time": 71.831,
                                                "Actual Rows": 565390,
                                                "Actual Loops": 1
                                            },
                                            {
                                                "Worker Number": 3,
                                                "Actual Startup Time": 0.033,
                                                "Actual Total Time": 71.32,
                                                "Actual Rows": 560532,
                                                "Actual Loops": 1
                                            }
                                        ]
                                    },
                                    {
                                        "Node Type": "Hash",
                                        "Parent Relationship": "Inner",
                                        "Parallel Aware": true,
                                        "Startup Cost": 31414.82,
                                        "Total Cost": 31414.82,
                                        "Plan Rows": 69663,
                                        "Plan Width": 4,
                                        "Actual Startup Time": 76.863,
                                        "Actual Total Time": 76.864,
                                        "Actual Rows": 19766,
                                        "Actual Loops": 5,
                                        "Output": [
                                            "mc.movie_id"
                                        ],
                                        "Hash Buckets": 262144,
                                        "Original Hash Buckets": 262144,
                                        "Hash Batches": 1,
                                        "Original Hash Batches": 1,
                                        "Peak Memory Usage": 6016,
                                        "Workers": [
                                            {
                                                "Worker Number": 0,
                                                "Actual Startup Time": 75.709,
                                                "Actual Total Time": 75.71,
                                                "Actual Rows": 14310,
                                                "Actual Loops": 1
                                            },
                                            {
                                                "Worker Number": 1,
                                                "Actual Startup Time": 75.73,
                                                "Actual Total Time": 75.731,
                                                "Actual Rows": 21178,
                                                "Actual Loops": 1
                                            },
                                            {
                                                "Worker Number": 2,
                                                "Actual Startup Time": 76.462,
                                                "Actual Total Time": 76.462,
                                                "Actual Rows": 22907,
                                                "Actual Loops": 1
                                            },
                                            {
                                                "Worker Number": 3,
                                                "Actual Startup Time": 76.733,
                                                "Actual Total Time": 76.734,
                                                "Actual Rows": 22241,
                                                "Actual Loops": 1
                                            }
                                        ],
                                        "Plans": [
                                            {
                                                "Node Type": "Seq Scan",
                                                "Parent Relationship": "Outer",
                                                "Parallel Aware": true,
                                                "Relation Name": "movie_companies",
                                                "Schema": "public",
                                                "Alias": "mc",
                                                "Startup Cost": 0.0,
                                                "Total Cost": 31414.82,
                                                "Plan Rows": 69663,
                                                "Plan Width": 4,
                                                "Actual Startup Time": 43.083,
                                                "Actual Total Time": 68.674,
                                                "Actual Rows": 19766,
                                                "Actual Loops": 5,
                                                "Output": [
                                                    "mc.movie_id"
                                                ],
                                                "Filter": "((mc.company_id < 302) AND (mc.company_type_id > 1))",
                                                "Rows Removed by Filter": 502060,
                                                "Workers": [
                                                    {
                                                        "Worker Number": 0,
                                                        "Actual Startup Time": 41.946,
                                                        "Actual Total Time": 67.709,
                                                        "Actual Rows": 14310,
                                                        "Actual Loops": 1
                                                    },
                                                    {
                                                        "Worker Number": 1,
                                                        "Actual Startup Time": 41.938,
                                                        "Actual Total Time": 67.45,
                                                        "Actual Rows": 21178,
                                                        "Actual Loops": 1
                                                    },
                                                    {
                                                        "Worker Number": 2,
                                                        "Actual Startup Time": 42.621,
                                                        "Actual Total Time": 67.894,
                                                        "Actual Rows": 22907,
                                                        "Actual Loops": 1
                                                    },
                                                    {
                                                        "Worker Number": 3,
                                                        "Actual Startup Time": 42.945,
                                                        "Actual Total Time": 68.759,
                                                        "Actual Rows": 22241,
                                                        "Actual Loops": 1
                                                    }
                                                ]
                                            }
                                        ]
                                    }
                                ]
                            }
                        ]
                    }
                ]
            }
        ]
    },
    "Planning Time": 0.786,
    "Triggers": [],
    "Execution Time": 249.3
}