[
    {
        "Bao": {
            "Bao prediction": "NaN",
            "Bao recommended hint": "(no hint)"
        }
    },
    {
        "Plan": {
            "Node Type": "Aggregate",
            "Strategy": "Plain",
            "Partial Mode": "Finalize",
            "Parallel Aware": false,
            "Startup Cost": 76473.4,
            "Total Cost": 76473.41,
            "Plan Rows": 1,
            "Plan Width": 8,
            "Actual Startup Time": 197.61,
            "Actual Total Time": 205.278,
            "Actual Rows": 1,
            "Actual Loops": 1,
            "Output": [
                "count(*)"
            ],
            "Plans": [
                {
                    "Node Type": "Gather",
                    "Parent Relationship": "Outer",
                    "Parallel Aware": false,
                    "Startup Cost": 76472.98,
                    "Total Cost": 76473.39,
                    "Plan Rows": 4,
                    "Plan Width": 8,
                    "Actual Startup Time": 194.548,
                    "Actual Total Time": 205.269,
                    "Actual Rows": 5,
                    "Actual Loops": 1,
                    "Output": [
                        "(PARTIAL count(*))"
                    ],
                    "Workers Planned": 4,
                    "Workers Launched": 4,
                    "Single Copy": false,
                    "Plans": [
                        {
                            "Node Type": "Aggregate",
                            "Strategy": "Plain",
                            "Partial Mode": "Partial",
                            "Parent Relationship": "Outer",
                            "Parallel Aware": false,
                            "Startup Cost": 75472.98,
                            "Total Cost": 75472.99,
                            "Plan Rows": 1,
                            "Plan Width": 8,
                            "Actual Startup Time": 184.679,
                            "Actual Total Time": 184.682,
                            "Actual Rows": 1,
                            "Actual Loops": 5,
                            "Output": [
                                "PARTIAL count(*)"
                            ],
                            "Workers": [
                                {
                                    "Worker Number": 0,
                                    "Actual Startup Time": 181.881,
                                    "Actual Total Time": 181.884,
                                    "Actual Rows": 1,
                                    "Actual Loops": 1
                                },
                                {
                                    "Worker Number": 1,
                                    "Actual Startup Time": 182.535,
                                    "Actual Total Time": 182.538,
                                    "Actual Rows": 1,
                                    "Actual Loops": 1
                                },
                                {
                                    "Worker Number": 2,
                                    "Actual Startup Time": 182.261,
                                    "Actual Total Time": 182.263,
                                    "Actual Rows": 1,
                                    "Actual Loops": 1
                                },
                                {
                                    "Worker Number": 3,
                                    "Actual Startup Time": 182.568,
                                    "Actual Total Time": 182.571,
                                    "Actual Rows": 1,
                                    "Actual Loops": 1
                                }
                            ],
                            "Plans": [
                                {
                                    "Node Type": "Hash Join",
                                    "Parent Relationship": "Outer",
                                    "Parallel Aware": true,
                                    "Join Type": "Inner",
                                    "Startup Cost": 28734.71,
                                    "Total Cost": 75400.67,
                                    "Plan Rows": 28924,
                                    "Plan Width": 0,
                                    "Actual Startup Time": 105.753,
                                    "Actual Total Time": 184.551,
                                    "Actual Rows": 1251,
                                    "Actual Loops": 5,
                                    "Inner Unique": false,
                                    "Hash Cond": "(t.id = mc.movie_id)",
                                    "Workers": [
                                        {
                                            "Worker Number": 0,
                                            "Actual Startup Time": 107.768,
                                            "Actual Total Time": 181.752,
                                            "Actual Rows": 1228,
                                            "Actual Loops": 1
                                        },
                                        {
                                            "Worker Number": 1,
                                            "Actual Startup Time": 98.453,
                                            "Actual Total Time": 182.391,
                                            "Actual Rows": 791,
                                            "Actual Loops": 1
                                        },
                                        {
                                            "Worker Number": 2,
                                            "Actual Startup Time": 107.479,
                                            "Actual Total Time": 182.132,
                                            "Actual Rows": 1235,
                                            "Actual Loops": 1
                                        },
                                        {
                                            "Worker Number": 3,
                                            "Actual Startup Time": 109.772,
                                            "Actual Total Time": 182.422,
                                            "Actual Rows": 1251,
                                            "Actual Loops": 1
                                        }
                                    ],
                                    "Plans": [
                                        {
                                            "Node Type": "Seq Scan",
                                            "Parent Relationship": "Outer",
                                            "Parallel Aware": true,
                                            "Relation Name": "title",
                                            "Schema": "public",
                                            "Alias": "t",
                                            "Startup Cost": 0.0,
                                            "Total Cost": 45479.21,
                                            "Plan Rows": 218691,
                                            "Plan Width": 4,
                                            "Actual Startup Time": 0.021,
                                            "Actual Total Time": 73.289,
                                            "Actual Rows": 192608,
                                            "Actual Loops": 5,
                                            "Output": [
                                                "t.id",
                                                "t.title",
                                                "t.imdb_index",
                                                "t.kind_id",
                                                "t.production_year",
                                                "t.imdb_id",
                                                "t.phonetic_code",
                                                "t.episode_of_id",
                                                "t.season_nr",
                                                "t.episode_nr",
                                                "t.series_years",
                                                "t.md5sum"
                                            ],
                                            "Filter": "((t.kind_id > 4) AND (t.production_year > 1999))",
                                            "Rows Removed by Filter": 313054,
                                            "Workers": [
                                                {
                                                    "Worker Number": 0,
                                                    "Actual Startup Time": 0.016,
                                                    "Actual Total Time": 73.92,
                                                    "Actual Rows": 195343,
                                                    "Actual Loops": 1
                                                },
                                                {
                                                    "Worker Number": 1,
                                                    "Actual Startup Time": 0.033,
                                                    "Actual Total Time": 76.601,
                                                    "Actual Rows": 127126,
                                                    "Actual Loops": 1
                                                },
                                                {
                                                    "Worker Number": 2,
                                                    "Actual Startup Time": 0.023,
                                                    "Actual Total Time": 72.942,
                                                    "Actual Rows": 190050,
                                                    "Actual Loops": 1
                                                },
                                                {
                                                    "Worker Number": 3,
                                                    "Actual Startup Time": 0.021,
                                                    "Actual Total Time": 74.068,
                                                    "Actual Rows": 200097,
                                                    "Actual Loops": 1
                                                }
                                            ]
                                        },
                                        {
                                            "Node Type": "Hash",
                                            "Parent Relationship": "Inner",
                                            "Parallel Aware": true,
                                            "Startup Cost": 27386.35,
                                            "Total Cost": 27386.35,
                                            "Plan Rows": 107869,
                                            "Plan Width": 4,
                                            "Actual Startup Time": 72.082,
                                            "Actual Total Time": 72.083,
                                            "Actual Rows": 67938,
                                            "Actual Loops": 5,
                                            "Output": [
                                                "mc.movie_id"
                                            ],
                                            "Hash Buckets": 524288,
                                            "Original Hash Buckets": 524288,
                                            "Hash Batches": 1,
                                            "Original Hash Batches": 1,
                                            "Peak Memory Usage": 17440,
                                            "Workers": [
                                                {
                                                    "Worker Number": 0,
                                                    "Actual Startup Time": 70.654,
                                                    "Actual Total Time": 70.655,
                                                    "Actual Rows": 49795,
                                                    "Actual Loops": 1
                                                },
                                                {
                                                    "Worker Number": 1,
                                                    "Actual Startup Time": 71.049,
                                                    "Actual Total Time": 71.05,
                                                    "Actual Rows": 50546,
                                                    "Actual Loops": 1
                                                },
                                                {
                                                    "Worker Number": 2,
                                                    "Actual Startup Time": 71.065,
                                                    "Actual Total Time": 71.066,
                                                    "Actual Rows": 53792,
                                                    "Actual Loops": 1
                                                },
                                                {
                                                    "Worker Number": 3,
                                                    "Actual Startup Time": 71.407,
                                                    "Actual Total Time": 71.409,
                                                    "Actual Rows": 55411,
                                                    "Actual Loops": 1
                                                }
                                            ],
                                            "Plans": [
                                                {
                                                    "Node Type": "Bitmap Heap Scan",
                                                    "Parent Relationship": "Outer",
                                                    "Parallel Aware": true,
                                                    "Relation Name": "movie_companies",
                                                    "Schema": "public",
                                                    "Alias": "mc",
                                                    "Startup Cost": 7247.98,
                                                    "Total Cost": 27386.35,
                                                    "Plan Rows": 107869,
                                                    "Plan Width": 4,
                                                    "Actual Startup Time": 15.394,
                                                    "Actual Total Time": 44.986,
                                                    "Actual Rows": 67938,
                                                    "Actual Loops": 5,
                                                    "Output": [
                                                        "mc.movie_id"
                                                    ],
                                                    "Recheck Cond": "(mc.company_id > 89352)",
                                                    "Rows Removed by Index Recheck": 0,
                                                    "Exact Heap Blocks": 2024,
                                                    "Lossy Heap Blocks": 0,
                                                    "Workers": [
                                                        {
                                                            "Worker Number": 0,
                                                            "Actual Startup Time": 13.93,
                                                            "Actual Total Time": 44.892,
                                                            "Actual Rows": 49795,
                                                            "Actual Loops": 1
                                                        },
                                                        {
                                                            "Worker Number": 1,
                                                            "Actual Startup Time": 14.475,
                                                            "Actual Total Time": 44.946,
                                                            "Actual Rows": 50546,
                                                            "Actual Loops": 1
                                                        },
                                                        {
                                                            "Worker Number": 2,
                                                            "Actual Startup Time": 14.519,
                                                            "Actual Total Time": 44.732,
                                                            "Actual Rows": 53792,
                                                            "Actual Loops": 1
                                                        },
                                                        {
                                                            "Worker Number": 3,
                                                            "Actual Startup Time": 14.649,
                                                            "Actual Total Time": 45.613,
                                                            "Actual Rows": 55411,
                                                            "Actual Loops": 1
                                                        }
                                                    ],
                                                    "Plans": [
                                                        {
                                                            "Node Type": "Bitmap Index Scan",
                                                            "Parent Relationship": "Outer",
                                                            "Parallel Aware": false,
                                                            "Index Name": "company_id_movie_companies",
                                                            "Startup Cost": 0.0,
                                                            "Total Cost": 7164.39,
                                                            "Plan Rows": 334394,
                                                            "Plan Width": 0,
                                                            "Actual Startup Time": 18.728,
                                                            "Actual Total Time": 18.728,
                                                            "Actual Rows": 339690,
                                                            "Actual Loops": 1,
                                                            "Index Cond": "(mc.company_id > 89352)"
                                                        }
                                                    ]
                                                }
                                            ]
                                        }
                                    ]
                                }
                            ]
                        }
                    ]
                }
            ]
        },
        "Planning Time": 186.282,
        "Triggers": [],
        "Execution Time": 205.358
    }
]