{
    "Plan": {
        "Node Type": "Aggregate",
        "Strategy": "Plain",
        "Partial Mode": "Finalize",
        "Parallel Aware": false,
        "Startup Cost": 283091.79,
        "Total Cost": 283091.8,
        "Plan Rows": 1,
        "Plan Width": 8,
        "Actual Startup Time": 865.966,
        "Actual Total Time": 913.135,
        "Actual Rows": 1,
        "Actual Loops": 1,
        "Output": [
            "count(*)"
        ],
        "Plans": [
            {
                "Node Type": "Gather",
                "Parent Relationship": "Outer",
                "Parallel Aware": false,
                "Startup Cost": 283091.47,
                "Total Cost": 283091.78,
                "Plan Rows": 3,
                "Plan Width": 8,
                "Actual Startup Time": 858.371,
                "Actual Total Time": 913.122,
                "Actual Rows": 4,
                "Actual Loops": 1,
                "Output": [
                    "(PARTIAL count(*))"
                ],
                "Workers Planned": 3,
                "Workers Launched": 3,
                "Single Copy": false,
                "Plans": [
                    {
                        "Node Type": "Aggregate",
                        "Strategy": "Plain",
                        "Partial Mode": "Partial",
                        "Parent Relationship": "Outer",
                        "Parallel Aware": false,
                        "Startup Cost": 282091.47,
                        "Total Cost": 282091.48,
                        "Plan Rows": 1,
                        "Plan Width": 8,
                        "Actual Startup Time": 841.027,
                        "Actual Total Time": 841.286,
                        "Actual Rows": 1,
                        "Actual Loops": 4,
                        "Output": [
                            "PARTIAL count(*)"
                        ],
                        "Workers": [
                            {
                                "Worker Number": 0,
                                "Actual Startup Time": 835.269,
                                "Actual Total Time": 835.274,
                                "Actual Rows": 1,
                                "Actual Loops": 1
                            },
                            {
                                "Worker Number": 1,
                                "Actual Startup Time": 835.277,
                                "Actual Total Time": 835.282,
                                "Actual Rows": 1,
                                "Actual Loops": 1
                            },
                            {
                                "Worker Number": 2,
                                "Actual Startup Time": 835.98,
                                "Actual Total Time": 835.986,
                                "Actual Rows": 1,
                                "Actual Loops": 1
                            }
                        ],
                        "Plans": [
                            {
                                "Node Type": "Hash Join",
                                "Parent Relationship": "Outer",
                                "Parallel Aware": true,
                                "Join Type": "Inner",
                                "Startup Cost": 249098.45,
                                "Total Cost": 281936.0,
                                "Plan Rows": 62189,
                                "Plan Width": 0,
                                "Actual Startup Time": 771.27,
                                "Actual Total Time": 839.828,
                                "Actual Rows": 32818,
                                "Actual Loops": 4,
                                "Inner Unique": false,
                                "Hash Cond": "(mc.movie_id = t.id)",
                                "Workers": [
                                    {
                                        "Worker Number": 0,
                                        "Actual Startup Time": 765.564,
                                        "Actual Total Time": 833.881,
                                        "Actual Rows": 35078,
                                        "Actual Loops": 1
                                    },
                                    {
                                        "Worker Number": 1,
                                        "Actual Startup Time": 765.557,
                                        "Actual Total Time": 833.861,
                                        "Actual Rows": 36081,
                                        "Actual Loops": 1
                                    },
                                    {
                                        "Worker Number": 2,
                                        "Actual Startup Time": 765.914,
                                        "Actual Total Time": 834.733,
                                        "Actual Rows": 31836,
                                        "Actual Loops": 1
                                    }
                                ],
                                "Plans": [
                                    {
                                        "Node Type": "Seq Scan",
                                        "Parent Relationship": "Outer",
                                        "Parallel Aware": true,
                                        "Relation Name": "movie_companies",
                                        "Schema": "public",
                                        "Alias": "mc",
                                        "Startup Cost": 0.0,
                                        "Total Cost": 31414.82,
                                        "Plan Rows": 346226,
                                        "Plan Width": 4,
                                        "Actual Startup Time": 32.385,
                                        "Actual Total Time": 69.083,
                                        "Actual Rows": 207488,
                                        "Actual Loops": 4,
                                        "Output": [
                                            "mc.id",
                                            "mc.movie_id",
                                            "mc.company_id",
                                            "mc.company_type_id",
                                            "mc.note"
                                        ],
                                        "Filter": "((mc.company_id < 73990) AND (mc.company_type_id > 1))",
                                        "Rows Removed by Filter": 444794,
                                        "Workers": [
                                            {
                                                "Worker Number": 0,
                                                "Actual Startup Time": 32.323,
                                                "Actual Total Time": 69.163,
                                                "Actual Rows": 224008,
                                                "Actual Loops": 1
                                            },
                                            {
                                                "Worker Number": 1,
                                                "Actual Startup Time": 32.399,
                                                "Actual Total Time": 69.257,
                                                "Actual Rows": 225793,
                                                "Actual Loops": 1
                                            },
                                            {
                                                "Worker Number": 2,
                                                "Actual Startup Time": 32.404,
                                                "Actual Total Time": 67.629,
                                                "Actual Rows": 204781,
                                                "Actual Loops": 1
                                            }
                                        ]
                                    },
                                    {
                                        "Node Type": "Hash",
                                        "Parent Relationship": "Inner",
                                        "Parallel Aware": true,
                                        "Startup Cost": 247963.12,
                                        "Total Cost": 247963.12,
                                        "Plan Rows": 90827,
                                        "Plan Width": 8,
                                        "Actual Startup Time": 735.538,
                                        "Actual Total Time": 735.795,
                                        "Actual Rows": 42260,
                                        "Actual Loops": 4,
                                        "Output": [
                                            "t.id",
                                            "mi.movie_id"
                                        ],
                                        "Hash Buckets": 524288,
                                        "Original Hash Buckets": 524288,
                                        "Hash Batches": 1,
                                        "Original Hash Batches": 1,
                                        "Peak Memory Usage": 10784,
                                        "Workers": [
                                            {
                                                "Worker Number": 0,
                                                "Actual Startup Time": 732.286,
                                                "Actual Total Time": 732.29,
                                                "Actual Rows": 46311,
                                                "Actual Loops": 1
                                            },
                                            {
                                                "Worker Number": 1,
                                                "Actual Startup Time": 732.46,
                                                "Actual Total Time": 732.463,
                                                "Actual Rows": 46567,
                                                "Actual Loops": 1
                                            },
                                            {
                                                "Worker Number": 2,
                                                "Actual Startup Time": 732.847,
                                                "Actual Total Time": 732.851,
                                                "Actual Rows": 40911,
                                                "Actual Loops": 1
                                            }
                                        ],
                                        "Plans": [
                                            {
                                                "Node Type": "Hash Join",
                                                "Parent Relationship": "Outer",
                                                "Parallel Aware": true,
                                                "Join Type": "Inner",
                                                "Startup Cost": 48689.12,
                                                "Total Cost": 247963.12,
                                                "Plan Rows": 90827,
                                                "Plan Width": 8,
                                                "Actual Startup Time": 304.096,
                                                "Actual Total Time": 722.749,
                                                "Actual Rows": 42260,
                                                "Actual Loops": 4,
                                                "Output": [
                                                    "t.id",
                                                    "mi.movie_id"
                                                ],
                                                "Inner Unique": true,
                                                "Hash Cond": "(mi.movie_id = t.id)",
                                                "Workers": [
                                                    {
                                                        "Worker Number": 0,
                                                        "Actual Startup Time": 300.898,
                                                        "Actual Total Time": 720.26,
                                                        "Actual Rows": 46311,
                                                        "Actual Loops": 1
                                                    },
                                                    {
                                                        "Worker Number": 1,
                                                        "Actual Startup Time": 300.972,
                                                        "Actual Total Time": 719.179,
                                                        "Actual Rows": 46567,
                                                        "Actual Loops": 1
                                                    },
                                                    {
                                                        "Worker Number": 2,
                                                        "Actual Startup Time": 301.395,
                                                        "Actual Total Time": 719.117,
                                                        "Actual Rows": 40911,
                                                        "Actual Loops": 1
                                                    }
                                                ],
                                                "Plans": [
                                                    {
                                                        "Node Type": "Seq Scan",
                                                        "Parent Relationship": "Outer",
                                                        "Parallel Aware": true,
                                                        "Relation Name": "movie_info",
                                                        "Schema": "public",
                                                        "Alias": "mi",
                                                        "Startup Cost": 0.0,
                                                        "Total Cost": 198880.74,
                                                        "Plan Rows": 149813,
                                                        "Plan Width": 4,
                                                        "Actual Startup Time": 40.661,
                                                        "Actual Total Time": 389.206,
                                                        "Actual Rows": 200535,
                                                        "Actual Loops": 4,
                                                        "Output": [
                                                            "mi.id",
                                                            "mi.movie_id",
                                                            "mi.info_type_id",
                                                            "mi.info",
                                                            "mi.note"
                                                        ],
                                                        "Filter": "(mi.info_type_id = 1)",
                                                        "Rows Removed by Filter": 3508395,
                                                        "Workers": [
                                                            {
                                                                "Worker Number": 0,
                                                                "Actual Startup Time": 40.675,
                                                                "Actual Total Time": 389.275,
                                                                "Actual Rows": 215698,
                                                                "Actual Loops": 1
                                                            },
                                                            {
                                                                "Worker Number": 1,
                                                                "Actual Startup Time": 40.671,
                                                                "Actual Total Time": 389.095,
                                                                "Actual Rows": 217852,
                                                                "Actual Loops": 1
                                                            },
                                                            {
                                                                "Worker Number": 2,
                                                                "Actual Startup Time": 40.6,
                                                                "Actual Total Time": 387.88,
                                                                "Actual Rows": 194714,
                                                                "Actual Loops": 1
                                                            }
                                                        ]
                                                    },
                                                    {
                                                        "Node Type": "Hash",
                                                        "Parent Relationship": "Inner",
                                                        "Parallel Aware": true,
                                                        "Startup Cost": 43899.01,
                                                        "Total Cost": 43899.01,
                                                        "Plan Rows": 383209,
                                                        "Plan Width": 4,
                                                        "Actual Startup Time": 257.8,
                                                        "Actual Total Time": 257.801,
                                                        "Actual Rows": 385816,
                                                        "Actual Loops": 4,
                                                        "Output": [
                                                            "t.id"
                                                        ],
                                                        "Hash Buckets": 2097152,
                                                        "Original Hash Buckets": 2097152,
                                                        "Hash Batches": 1,
                                                        "Original Hash Batches": 1,
                                                        "Peak Memory Usage": 76832,
                                                        "Workers": [
                                                            {
                                                                "Worker Number": 0,
                                                                "Actual Startup Time": 260.134,
                                                                "Actual Total Time": 260.134,
                                                                "Actual Rows": 390852,
                                                                "Actual Loops": 1
                                                            },
                                                            {
                                                                "Worker Number": 1,
                                                                "Actual Startup Time": 260.198,
                                                                "Actual Total Time": 260.199,
                                                                "Actual Rows": 398384,
                                                                "Actual Loops": 1
                                                            },
                                                            {
                                                                "Worker Number": 2,
                                                                "Actual Startup Time": 260.54,
                                                                "Actual Total Time": 260.541,
                                                                "Actual Rows": 364524,
                                                                "Actual Loops": 1
                                                            }
                                                        ],
                                                        "Plans": [
                                                            {
                                                                "Node Type": "Seq Scan",
                                                                "Parent Relationship": "Outer",
                                                                "Parallel Aware": true,
                                                                "Relation Name": "title",
                                                                "Schema": "public",
                                                                "Alias": "t",
                                                                "Startup Cost": 0.0,
                                                                "Total Cost": 43899.01,
                                                                "Plan Rows": 383209,
                                                                "Plan Width": 4,
                                                                "Actual Startup Time": 0.066,
                                                                "Actual Total Time": 110.822,
                                                                "Actual Rows": 385816,
                                                                "Actual Loops": 4,
                                                                "Output": [
                                                                    "t.id"
                                                                ],
                                                                "Filter": "(t.kind_id = 7)",
                                                                "Rows Removed by Filter": 246262,
                                                                "Workers": [
                                                                    {
                                                                        "Worker Number": 0,
                                                                        "Actual Startup Time": 0.093,
                                                                        "Actual Total Time": 114.402,
                                                                        "Actual Rows": 390852,
                                                                        "Actual Loops": 1
                                                                    },
                                                                    {
                                                                        "Worker Number": 1,
                                                                        "Actual Startup Time": 0.074,
                                                                        "Actual Total Time": 114.453,
                                                                        "Actual Rows": 398384,
                                                                        "Actual Loops": 1
                                                                    },
                                                                    {
                                                                        "Worker Number": 2,
                                                                        "Actual Startup Time": 0.082,
                                                                        "Actual Total Time": 110.486,
                                                                        "Actual Rows": 364524,
                                                                        "Actual Loops": 1
                                                                    }
                                                                ]
                                                            }
                                                        ]
                                                    }
                                                ]
                                            }
                                        ]
                                    }
                                ]
                            }
                        ]
                    }
                ]
            }
        ]
    },
    "Planning Time": 1.706,
    "Triggers": [],
    "Execution Time": 913.228
}