{
  "Plan": {
    "Node Type": "Aggregate",
    "Strategy": "Plain",
    "Partial Mode": "Finalize",
    "Parallel Aware": false,
    "Startup Cost": 490449.26,
    "Total Cost": 490449.27,
    "Plan Rows": 1,
    "Plan Width": 8,
    "Actual Startup Time": 2438.522,
    "Actual Total Time": 2462.747,
    "Actual Rows": 1,
    "Actual Loops": 1,
    "Plans": [
      {
        "Node Type": "Gather",
        "Parent Relationship": "Outer",
        "Parallel Aware": false,
        "Startup Cost": 490449.15,
        "Total Cost": 490449.26,
        "Plan Rows": 1,
        "Plan Width": 8,
        "Actual Startup Time": 2431.684,
        "Actual Total Time": 2462.738,
        "Actual Rows": 2,
        "Actual Loops": 1,
        "Workers Planned": 1,
        "Workers Launched": 1,
        "Single Copy": false,
        "Plans": [
          {
            "Node Type": "Aggregate",
            "Strategy": "Plain",
            "Partial Mode": "Partial",
            "Parent Relationship": "Outer",
            "Parallel Aware": false,
            "Startup Cost": 489449.15,
            "Total Cost": 489449.16,
            "Plan Rows": 1,
            "Plan Width": 8,
            "Actual Startup Time": 2422.505,
            "Actual Total Time": 2422.509,
            "Actual Rows": 1,
            "Actual Loops": 2,
            "Plans": [
              {
                "Node Type": "Hash Join",
                "Parent Relationship": "Outer",
                "Parallel Aware": true,
                "Join Type": "Inner",
                "Startup Cost": 183316.68,
                "Total Cost": 481868.23,
                "Plan Rows": 3032366,
                "Plan Width": 0,
                "Actual Startup Time": 784.644,
                "Actual Total Time": 2292.844,
                "Actual Rows": 2495928,
                "Actual Loops": 2,
                "Inner Unique": true,
                "Hash Cond": "(ci.movie_id = t.id)",
                "Plans": [
                  {
                    "Node Type": "Bitmap Heap Scan",
                    "Parent Relationship": "Outer",
                    "Parallel Aware": true,
                    "Relation Name": "cast_info",
                    "Alias": "ci",
                    "Startup Cost": 113855.99,
                    "Total Cost": 404447.56,
                    "Plan Rows": 3032366,
                    "Plan Width": 4,
                    "Actual Startup Time": 193.924,
                    "Actual Total Time": 518.138,
                    "Actual Rows": 2495928,
                    "Actual Loops": 2,
                    "Recheck Cond": "(person_id > 3170886)",
                    "Rows Removed by Index Recheck": 0,
                    "Exact Heap Blocks": 40654,
                    "Lossy Heap Blocks": 0,
                    "Plans": [
                      {
                        "Node Type": "Bitmap Index Scan",
                        "Parent Relationship": "Outer",
                        "Parallel Aware": false,
                        "Index Name": "person_id_cast_info",
                        "Startup Cost": 0.0,
                        "Total Cost": 112567.23,
                        "Plan Rows": 5155022,
                        "Plan Width": 0,
                        "Actual Startup Time": 181.931,
                        "Actual Total Time": 181.932,
                        "Actual Rows": 4991857,
                        "Actual Loops": 1,
                        "Index Cond": "(person_id > 3170886)"
                      }
                    ]
                  },
                  {
                    "Node Type": "Hash",
                    "Parent Relationship": "Inner",
                    "Parallel Aware": true,
                    "Startup Cost": 50870.31,
                    "Total Cost": 50870.31,
                    "Plan Rows": 1487231,
                    "Plan Width": 4,
                    "Actual Startup Time": 572.466,
                    "Actual Total Time": 572.467,
                    "Actual Rows": 1264156,
                    "Actual Loops": 2,
                    "Hash Buckets": 4194304,
                    "Original Hash Buckets": 4194304,
                    "Hash Batches": 1,
                    "Original Hash Batches": 1,
                    "Peak Memory Usage": 131712,
                    "Plans": [
                      {
                        "Node Type": "Seq Scan",
                        "Parent Relationship": "Outer",
                        "Parallel Aware": true,
                        "Relation Name": "title",
                        "Alias": "t",
                        "Startup Cost": 0.0,
                        "Total Cost": 50870.31,
                        "Plan Rows": 1487231,
                        "Plan Width": 4,
                        "Actual Startup Time": 0.018,
                        "Actual Total Time": 171.708,
                        "Actual Rows": 1264156,
                        "Actual Loops": 2
                      }
                    ]
                  }
                ]
              }
            ]
          }
        ]
      }
    ]
  },
  "Planning Time": 0.447,
  "Triggers": [],
  "Execution Time": 2462.808
}