[
  {
    "Plan": {
      "Node Type": "Aggregate",
      "Strategy": "Plain",
      "Partial Mode": "Finalize",
      "Parallel Aware": false,
      "Startup Cost": 378071.65,
      "Total Cost": 378071.66,
      "Plan Rows": 1,
      "Plan Width": 8,
      "Actual Startup Time": 841.256,
      "Actual Total Time": 892.975,
      "Actual Rows": 1,
      "Actual Loops": 1,
      "Plans": [
        {
          "Node Type": "Gather",
          "Parent Relationship": "Outer",
          "Parallel Aware": false,
          "Startup Cost": 378071.02,
          "Total Cost": 378071.63,
          "Plan Rows": 6,
          "Plan Width": 8,
          "Actual Startup Time": 838.846,
          "Actual Total Time": 892.96,
          "Actual Rows": 7,
          "Actual Loops": 1,
          "Workers Planned": 6,
          "Workers Launched": 6,
          "Single Copy": false,
          "Plans": [
            {
              "Node Type": "Aggregate",
              "Strategy": "Plain",
              "Partial Mode": "Partial",
              "Parent Relationship": "Outer",
              "Parallel Aware": false,
              "Startup Cost": 377071.02,
              "Total Cost": 377071.03,
              "Plan Rows": 1,
              "Plan Width": 8,
              "Actual Startup Time": 831.103,
              "Actual Total Time": 831.106,
              "Actual Rows": 1,
              "Actual Loops": 7,
              "Plans": [
                {
                  "Node Type": "Hash Join",
                  "Parent Relationship": "Outer",
                  "Parallel Aware": true,
                  "Join Type": "Inner",
                  "Startup Cost": 44469.7,
                  "Total Cost": 376788.63,
                  "Plan Rows": 112957,
                  "Plan Width": 0,
                  "Actual Startup Time": 370.353,
                  "Actual Total Time": 828.576,
                  "Actual Rows": 46489,
                  "Actual Loops": 7,
                  "Inner Unique": true,
                  "Hash Cond": "(ci.movie_id = t.id)",
                  "Plans": [
                    {
                      "Node Type": "Seq Scan",
                      "Parent Relationship": "Outer",
                      "Parallel Aware": true,
                      "Relation Name": "cast_info",
                      "Alias": "ci",
                      "Startup Cost": 0.0,
                      "Total Cost": 328211.39,
                      "Plan Rows": 1564773,
                      "Plan Width": 4,
                      "Actual Startup Time": 289.319,
                      "Actual Total Time": 543.39,
                      "Actual Rows": 1326309,
                      "Actual Loops": 7,
                      "Filter": "(person_id > 2773054)",
                      "Rows Removed by Filter": 3851454
                    },
                    {
                      "Node Type": "Hash",
                      "Parent Relationship": "Inner",
                      "Parallel Aware": true,
                      "Startup Cost": 43899.32,
                      "Total Cost": 43899.32,
                      "Plan Rows": 45630,
                      "Plan Width": 4,
                      "Actual Startup Time": 79.273,
                      "Actual Total Time": 79.274,
                      "Actual Rows": 27856,
                      "Actual Loops": 7,
                      "Hash Buckets": 262144,
                      "Original Hash Buckets": 262144,
                      "Hash Batches": 1,
                      "Original Hash Batches": 1,
                      "Peak Memory Usage": 9760,
                      "Plans": [
                        {
                          "Node Type": "Seq Scan",
                          "Parent Relationship": "Outer",
                          "Parallel Aware": true,
                          "Relation Name": "title",
                          "Alias": "t",
                          "Startup Cost": 0.0,
                          "Total Cost": 43899.32,
                          "Plan Rows": 45630,
                          "Plan Width": 4,
                          "Actual Startup Time": 0.101,
                          "Actual Total Time": 67.201,
                          "Actual Rows": 27856,
                          "Actual Loops": 7,
                          "Filter": "(production_year < 1955)",
                          "Rows Removed by Filter": 333332
                        }
                      ]
                    }
                  ]
                }
              ]
            }
          ]
        }
      ]
    },
    "Planning Time": 0.426,
    "Triggers": [],
    "Execution Time": 893.027
  }
]