{
  "Plan": {
    "Node Type": "Aggregate",
    "Strategy": "Plain",
    "Partial Mode": "Simple",
    "Parallel Aware": false,
    "Startup Cost": 688409.23,
    "Total Cost": 688409.24,
    "Plan Rows": 1,
    "Plan Width": 96,
    "Actual Startup Time": 5000.766,
    "Actual Total Time": 5000.896,
    "Actual Rows": 1,
    "Actual Loops": 1,
    "Plans": [
      {
        "Node Type": "Merge Join",
        "Parent Relationship": "Outer",
        "Parallel Aware": false,
        "Join Type": "Inner",
        "Startup Cost": 688408.03,
        "Total Cost": 688409.21,
        "Plan Rows": 2,
        "Plan Width": 42,
        "Actual Startup Time": 4999.566,
        "Actual Total Time": 5000.415,
        "Actual Rows": 4711,
        "Actual Loops": 1,
        "Inner Unique": true,
        "Merge Cond": "(mi_idx.info_type_id = it2.id)",
        "Plans": [
          {
            "Node Type": "Sort",
            "Parent Relationship": "Outer",
            "Parallel Aware": false,
            "Startup Cost": 688405.6,
            "Total Cost": 688406.18,
            "Plan Rows": 233,
            "Plan Width": 46,
            "Actual Startup Time": 4999.076,
            "Actual Total Time": 4999.571,
            "Actual Rows": 9270,
            "Actual Loops": 1,
            "Sort Key": [
              "mi_idx.info_type_id"
            ],
            "Sort Method": "quicksort",
            "Sort Space Used": 1314,
            "Sort Space Type": "Memory",
            "Plans": [
              {
                "Node Type": "Merge Join",
                "Parent Relationship": "Outer",
                "Parallel Aware": false,
                "Join Type": "Inner",
                "Startup Cost": 688262.62,
                "Total Cost": 688396.44,
                "Plan Rows": 233,
                "Plan Width": 46,
                "Actual Startup Time": 4995.197,
                "Actual Total Time": 4996.746,
                "Actual Rows": 9282,
                "Actual Loops": 1,
                "Inner Unique": false,
                "Merge Cond": "(it1.id = mi.info_type_id)",
                "Plans": [
                  {
                    "Node Type": "Sort",
                    "Parent Relationship": "Outer",
                    "Parallel Aware": false,
                    "Startup Cost": 2.42,
                    "Total Cost": 2.43,
                    "Plan Rows": 1,
                    "Plan Width": 4,
                    "Actual Startup Time": 0.04,
                    "Actual Total Time": 0.041,
                    "Actual Rows": 1,
                    "Actual Loops": 1,
                    "Sort Key": [
                      "it1.id"
                    ],
                    "Sort Method": "quicksort",
                    "Sort Space Used": 25,
                    "Sort Space Type": "Memory",
                    "Plans": [
                      {
                        "Node Type": "Seq Scan",
                        "Parent Relationship": "Outer",
                        "Parallel Aware": false,
                        "Relation Name": "info_type",
                        "Alias": "it1",
                        "Startup Cost": 0.0,
                        "Total Cost": 2.41,
                        "Plan Rows": 1,
                        "Plan Width": 4,
                        "Actual Startup Time": 0.015,
                        "Actual Total Time": 0.026,
                        "Actual Rows": 1,
                        "Actual Loops": 1,
                        "Filter": "((info)::text = 'genres'::text)",
                        "Rows Removed by Filter": 112
                      }
                    ]
                  },
                  {
                    "Node Type": "Sort",
                    "Parent Relationship": "Inner",
                    "Parallel Aware": false,
                    "Startup Cost": 688260.2,
                    "Total Cost": 688325.94,
                    "Plan Rows": 26296,
                    "Plan Width": 50,
                    "Actual Startup Time": 4995.154,
                    "Actual Total Time": 4995.618,
                    "Actual Rows": 9282,
                    "Actual Loops": 1,
                    "Sort Key": [
                      "mi.info_type_id"
                    ],
                    "Sort Method": "quicksort",
                    "Sort Space Used": 1424,
                    "Sort Space Type": "Memory",
                    "Plans": [
                      {
                        "Node Type": "Merge Join",
                        "Parent Relationship": "Outer",
                        "Parallel Aware": false,
                        "Join Type": "Inner",
                        "Startup Cost": 685288.82,
                        "Total Cost": 686329.73,
                        "Plan Rows": 26296,
                        "Plan Width": 50,
                        "Actual Startup Time": 4968.633,
                        "Actual Total Time": 4992.221,
                        "Actual Rows": 9282,
                        "Actual Loops": 1,
                        "Inner Unique": true,
                        "Merge Cond": "(mc.company_id = cn.id)",
                        "Plans": [
                          {
                            "Node Type": "Sort",
                            "Parent Relationship": "Outer",
                            "Parallel Aware": false,
                            "Startup Cost": 672302.93,
                            "Total Cost": 672482.72,
                            "Plan Rows": 71913,
                            "Plan Width": 35,
                            "Actual Startup Time": 4910.362,
                            "Actual Total Time": 4914.595,
                            "Actual Rows": 30107,
                            "Actual Loops": 1,
                            "Sort Key": [
                              "mc.company_id"
                            ],
                            "Sort Method": "quicksort",
                            "Sort Space Used": 3237,
                            "Sort Space Type": "Memory",
                            "Plans": [
                              {
                                "Node Type": "Merge Join",
                                "Parent Relationship": "Outer",
                                "Parallel Aware": false,
                                "Join Type": "Inner",
                                "Startup Cost": 664256.43,
                                "Total Cost": 666501.72,
                                "Plan Rows": 71913,
                                "Plan Width": 35,
                                "Actual Startup Time": 4849.935,
                                "Actual Total Time": 4900.864,
                                "Actual Rows": 30107,
                                "Actual Loops": 1,
                                "Inner Unique": false,
                                "Merge Cond": "(t.id = mi.movie_id)",
                                "Plans": [
                                  {
                                    "Node Type": "Sort",
                                    "Parent Relationship": "Outer",
                                    "Parallel Aware": false,
                                    "Startup Cost": 394773.29,
                                    "Total Cost": 395024.2,
                                    "Plan Rows": 100365,
                                    "Plan Width": 43,
                                    "Actual Startup Time": 4129.474,
                                    "Actual Total Time": 4137.345,
                                    "Actual Rows": 106550,
                                    "Actual Loops": 1,
                                    "Sort Key": [
                                      "mc.movie_id"
                                    ],
                                    "Sort Method": "quicksort",
                                    "Sort Space Used": 12755,
                                    "Sort Space Type": "Memory",
                                    "Plans": [
                                      {
                                        "Node Type": "Merge Join",
                                        "Parent Relationship": "Outer",
                                        "Parallel Aware": false,
                                        "Join Type": "Inner",
                                        "Startup Cost": 383424.55,
                                        "Total Cost": 386435.52,
                                        "Plan Rows": 100365,
                                        "Plan Width": 43,
                                        "Actual Startup Time": 4075.95,
                                        "Actual Total Time": 4094.956,
                                        "Actual Rows": 106550,
                                        "Actual Loops": 1,
                                        "Inner Unique": false,
                                        "Merge Cond": "(ct.id = mc.company_type_id)",
                                        "Plans": [
                                          {
                                            "Node Type": "Sort",
                                            "Parent Relationship": "Outer",
                                            "Parallel Aware": false,
                                            "Startup Cost": 1.06,
                                            "Total Cost": 1.06,
                                            "Plan Rows": 1,
                                            "Plan Width": 4,
                                            "Actual Startup Time": 0.021,
                                            "Actual Total Time": 0.023,
                                            "Actual Rows": 1,
                                            "Actual Loops": 1,
                                            "Sort Key": [
                                              "ct.id"
                                            ],
                                            "Sort Method": "quicksort",
                                            "Sort Space Used": 25,
                                            "Sort Space Type": "Memory",
                                            "Plans": [
                                              {
                                                "Node Type": "Seq Scan",
                                                "Parent Relationship": "Outer",
                                                "Parallel Aware": false,
                                                "Relation Name": "company_type",
                                                "Alias": "ct",
                                                "Startup Cost": 0.0,
                                                "Total Cost": 1.05,
                                                "Plan Rows": 1,
                                                "Plan Width": 4,
                                                "Actual Startup Time": 0.007,
                                                "Actual Total Time": 0.008,
                                                "Actual Rows": 1,
                                                "Actual Loops": 1,
                                                "Filter": "((kind)::text = 'production companies'::text)",
                                                "Rows Removed by Filter": 3
                                              }
                                            ]
                                          },
                                          {
                                            "Node Type": "Sort",
                                            "Parent Relationship": "Inner",
                                            "Parallel Aware": false,
                                            "Startup Cost": 383423.49,
                                            "Total Cost": 384427.15,
                                            "Plan Rows": 401461,
                                            "Plan Width": 47,
                                            "Actual Startup Time": 4062.342,
                                            "Actual Total Time": 4073.419,
                                            "Actual Rows": 253629,
                                            "Actual Loops": 1,
                                            "Sort Key": [
                                              "mc.company_type_id"
                                            ],
                                            "Sort Method": "quicksort",
                                            "Sort Space Used": 30759,
                                            "Sort Space Type": "Memory",
                                            "Plans": [
                                              {
                                                "Node Type": "Merge Join",
                                                "Parent Relationship": "Outer",
                                                "Parallel Aware": false,
                                                "Join Type": "Inner",
                                                "Startup Cost": 10.11,
                                                "Total Cost": 346057.71,
                                                "Plan Rows": 401461,
                                                "Plan Width": 47,
                                                "Actual Startup Time": 4.168,
                                                "Actual Total Time": 3947.957,
                                                "Actual Rows": 253629,
                                                "Actual Loops": 1,
                                                "Inner Unique": true,
                                                "Merge Cond": "(mi_idx.movie_id = t.id)",
                                                "Plans": [
                                                  {
                                                    "Node Type": "Merge Join",
                                                    "Parent Relationship": "Outer",
                                                    "Parallel Aware": false,
                                                    "Join Type": "Inner",
                                                    "Startup Cost": 4.07,
                                                    "Total Cost": 214133.48,
                                                    "Plan Rows": 965440,
                                                    "Plan Width": 26,
                                                    "Actual Startup Time": 0.249,
                                                    "Actual Total Time": 1713.131,
                                                    "Actual Rows": 586316,
                                                    "Actual Loops": 1,
                                                    "Inner Unique": false,
                                                    "Merge Cond": "(mi_idx.movie_id = mc.movie_id)",
                                                    "Plans": [
                                                      {
                                                        "Node Type": "Index Scan",
                                                        "Parent Relationship": "Outer",
                                                        "Parallel Aware": false,
                                                        "Scan Direction": "Forward",
                                                        "Index Name": "movie_id_movie_info_idx",
                                                        "Relation Name": "movie_info_idx",
                                                        "Alias": "mi_idx",
                                                        "Startup Cost": 0.43,
                                                        "Total Cost": 57072.82,
                                                        "Plan Rows": 193020,
                                                        "Plan Width": 14,
                                                        "Actual Startup Time": 0.047,
                                                        "Actual Total Time": 376.851,
                                                        "Actual Rows": 192836,
                                                        "Actual Loops": 1,
                                                        "Filter": "(info > '7.0'::text)",
                                                        "Rows Removed by Filter": 1187177
                                                      },
                                                      {
                                                        "Node Type": "Index Scan",
                                                        "Parent Relationship": "Inner",
                                                        "Parallel Aware": false,
                                                        "Scan Direction": "Forward",
                                                        "Index Name": "movie_id_movie_companies",
                                                        "Relation Name": "movie_companies",
                                                        "Alias": "mc",
                                                        "Startup Cost": 0.43,
                                                        "Total Cost": 140404.76,
                                                        "Plan Rows": 2609129,
                                                        "Plan Width": 12,
                                                        "Actual Startup Time": 0.018,
                                                        "Actual Total Time": 967.89,
                                                        "Actual Rows": 2669012,
                                                        "Actual Loops": 1
                                                      }
                                                    ]
                                                  },
                                                  {
                                                    "Node Type": "Index Scan",
                                                    "Parent Relationship": "Inner",
                                                    "Parallel Aware": false,
                                                    "Scan Direction": "Forward",
                                                    "Index Name": "title_pkey",
                                                    "Relation Name": "title",
                                                    "Alias": "t",
                                                    "Startup Cost": 0.43,
                                                    "Total Cost": 123001.61,
                                                    "Plan Rows": 1051436,
                                                    "Plan Width": 21,
                                                    "Actual Startup Time": 0.052,
                                                    "Actual Total Time": 2070.856,
                                                    "Actual Rows": 1042573,
                                                    "Actual Loops": 1,
                                                    "Filter": "((production_year >= 2000) AND (production_year <= 2010))",
                                                    "Rows Removed by Filter": 1483160
                                                  }
                                                ]
                                              }
                                            ]
                                          }
                                        ]
                                      }
                                    ]
                                  },
                                  {
                                    "Node Type": "Sort",
                                    "Parent Relationship": "Inner",
                                    "Parallel Aware": false,
                                    "Startup Cost": 269483.13,
                                    "Total Cost": 270290.99,
                                    "Plan Rows": 323142,
                                    "Plan Width": 8,
                                    "Actual Startup Time": 720.435,
                                    "Actual Total Time": 734.594,
                                    "Actual Rows": 344970,
                                    "Actual Loops": 1,
                                    "Sort Key": [
                                      "mi.movie_id"
                                    ],
                                    "Sort Method": "quicksort",
                                    "Sort Space Used": 27631,
                                    "Sort Space Type": "Memory",
                                    "Plans": [
                                      {
                                        "Node Type": "Gather",
                                        "Parent Relationship": "Outer",
                                        "Parallel Aware": false,
                                        "Startup Cost": 1000.0,
                                        "Total Cost": 239912.72,
                                        "Plan Rows": 323142,
                                        "Plan Width": 8,
                                        "Actual Startup Time": 410.768,
                                        "Actual Total Time": 657.506,
                                        "Actual Rows": 327313,
                                        "Actual Loops": 1,
                                        "Workers Planned": 5,
                                        "Workers Launched": 5,
                                        "Single Copy": false,
                                        "Plans": [
                                          {
                                            "Node Type": "Seq Scan",
                                            "Parent Relationship": "Outer",
                                            "Parallel Aware": true,
                                            "Relation Name": "movie_info",
                                            "Alias": "mi",
                                            "Startup Cost": 0.0,
                                            "Total Cost": 206598.52,
                                            "Plan Rows": 64628,
                                            "Plan Width": 8,
                                            "Actual Startup Time": 400.779,
                                            "Actual Total Time": 649.467,
                                            "Actual Rows": 54552,
                                            "Actual Loops": 6,
                                            "Filter": "(info = ANY ('{Drama,Horror,Western,Family}'::text[]))",
                                            "Rows Removed by Filter": 2418068
                                          }
                                        ]
                                      }
                                    ]
                                  }
                                ]
                              }
                            ]
                          },
                          {
                            "Node Type": "Sort",
                            "Parent Relationship": "Inner",
                            "Parallel Aware": false,
                            "Startup Cost": 12974.89,
                            "Total Cost": 13189.72,
                            "Plan Rows": 85931,
                            "Plan Width": 23,
                            "Actual Startup Time": 58.255,
                            "Actual Total Time": 66.912,
                            "Actual Rows": 84843,
                            "Actual Loops": 1,
                            "Sort Key": [
                              "cn.id"
                            ],
                            "Sort Method": "quicksort",
                            "Sort Space Used": 9413,
                            "Sort Space Type": "Memory",
                            "Plans": [
                              {
                                "Node Type": "Seq Scan",
                                "Parent Relationship": "Outer",
                                "Parallel Aware": false,
                                "Relation Name": "company_name",
                                "Alias": "cn",
                                "Startup Cost": 0.0,
                                "Total Cost": 5932.46,
                                "Plan Rows": 85931,
                                "Plan Width": 23,
                                "Actual Startup Time": 0.04,
                                "Actual Total Time": 31.846,
                                "Actual Rows": 84843,
                                "Actual Loops": 1,
                                "Filter": "((country_code)::text = '[us]'::text)",
                                "Rows Removed by Filter": 150154
                              }
                            ]
                          }
                        ]
                      }
                    ]
                  }
                ]
              }
            ]
          },
          {
            "Node Type": "Sort",
            "Parent Relationship": "Inner",
            "Parallel Aware": false,
            "Startup Cost": 2.42,
            "Total Cost": 2.43,
            "Plan Rows": 1,
            "Plan Width": 4,
            "Actual Startup Time": 0.028,
            "Actual Total Time": 0.028,
            "Actual Rows": 1,
            "Actual Loops": 1,
            "Sort Key": [
              "it2.id"
            ],
            "Sort Method": "quicksort",
            "Sort Space Used": 25,
            "Sort Space Type": "Memory",
            "Plans": [
              {
                "Node Type": "Seq Scan",
                "Parent Relationship": "Outer",
                "Parallel Aware": false,
                "Relation Name": "info_type",
                "Alias": "it2",
                "Startup Cost": 0.0,
                "Total Cost": 2.41,
                "Plan Rows": 1,
                "Plan Width": 4,
                "Actual Startup Time": 0.02,
                "Actual Total Time": 0.021,
                "Actual Rows": 1,
                "Actual Loops": 1,
                "Filter": "((info)::text = 'rating'::text)",
                "Rows Removed by Filter": 112
              }
            ]
          }
        ]
      }
    ]
  },
  "Planning Time": 15.239,
  "Triggers": [],
  "Execution Time": 5006.945
}