[
  {
    "Plan": {
      "Node Type": "Aggregate",
      "Strategy": "Plain",
      "Partial Mode": "Finalize",
      "Parallel Aware": false,
      "Startup Cost": 79502.99,
      "Total Cost": 79503.0,
      "Plan Rows": 1,
      "Plan Width": 8,
      "Actual Startup Time": 230.822,
      "Actual Total Time": 261.305,
      "Actual Rows": 1,
      "Actual Loops": 1,
      "Plans": [
        {
          "Node Type": "Gather",
          "Parent Relationship": "Outer",
          "Parallel Aware": false,
          "Startup Cost": 79502.57,
          "Total Cost": 79502.98,
          "Plan Rows": 4,
          "Plan Width": 8,
          "Actual Startup Time": 229.65,
          "Actual Total Time": 261.296,
          "Actual Rows": 5,
          "Actual Loops": 1,
          "Workers Planned": 4,
          "Workers Launched": 4,
          "Single Copy": false,
          "Plans": [
            {
              "Node Type": "Aggregate",
              "Strategy": "Plain",
              "Partial Mode": "Partial",
              "Parent Relationship": "Outer",
              "Parallel Aware": false,
              "Startup Cost": 78502.57,
              "Total Cost": 78502.58,
              "Plan Rows": 1,
              "Plan Width": 8,
              "Actual Startup Time": 219.39,
              "Actual Total Time": 219.44,
              "Actual Rows": 1,
              "Actual Loops": 5,
              "Plans": [
                {
                  "Node Type": "Nested Loop",
                  "Parent Relationship": "Outer",
                  "Parallel Aware": false,
                  "Join Type": "Inner",
                  "Startup Cost": 23772.82,
                  "Total Cost": 78478.43,
                  "Plan Rows": 9659,
                  "Plan Width": 0,
                  "Actual Startup Time": 110.916,
                  "Actual Total Time": 217.343,
                  "Actual Rows": 34828,
                  "Actual Loops": 5,
                  "Inner Unique": false,
                  "Plans": [
                    {
                      "Node Type": "Hash Join",
                      "Parent Relationship": "Outer",
                      "Parallel Aware": true,
                      "Join Type": "Inner",
                      "Startup Cost": 23772.39,
                      "Total Cost": 67930.27,
                      "Plan Rows": 1781,
                      "Plan Width": 8,
                      "Actual Startup Time": 110.834,
                      "Actual Total Time": 141.928,
                      "Actual Rows": 3101,
                      "Actual Loops": 5,
                      "Inner Unique": false,
                      "Hash Cond": "(t.id = mc.movie_id)",
                      "Plans": [
                        {
                          "Node Type": "Seq Scan",
                          "Parent Relationship": "Outer",
                          "Parallel Aware": true,
                          "Relation Name": "title",
                          "Alias": "t",
                          "Startup Cost": 0.0,
                          "Total Cost": 43898.92,
                          "Plan Rows": 50644,
                          "Plan Width": 4,
                          "Actual Startup Time": 0.051,
                          "Actual Total Time": 66.755,
                          "Actual Rows": 42325,
                          "Actual Loops": 5,
                          "Filter": "(production_year < 1957)",
                          "Rows Removed by Filter": 463338
                        },
                        {
                          "Node Type": "Hash",
                          "Parent Relationship": "Inner",
                          "Parallel Aware": true,
                          "Startup Cost": 23413.8,
                          "Total Cost": 23413.8,
                          "Plan Rows": 28687,
                          "Plan Width": 4,
                          "Actual Startup Time": 59.757,
                          "Actual Total Time": 59.758,
                          "Actual Rows": 34161,
                          "Actual Loops": 5,
                          "Hash Buckets": 262144,
                          "Original Hash Buckets": 131072,
                          "Hash Batches": 1,
                          "Original Hash Batches": 1,
                          "Peak Memory Usage": 9824,
                          "Plans": [
                            {
                              "Node Type": "Bitmap Heap Scan",
                              "Parent Relationship": "Outer",
                              "Parallel Aware": true,
                              "Relation Name": "movie_companies",
                              "Alias": "mc",
                              "Startup Cost": 3776.29,
                              "Total Cost": 23413.8,
                              "Plan Rows": 28687,
                              "Plan Width": 4,
                              "Actual Startup Time": 15.666,
                              "Actual Total Time": 40.089,
                              "Actual Rows": 34161,
                              "Actual Loops": 5,
                              "Recheck Cond": "(company_id > 123567)",
                              "Rows Removed by Index Recheck": 0,
                              "Filter": "(company_type_id = 2)",
                              "Rows Removed by Filter": 0,
                              "Exact Heap Blocks": 1761,
                              "Lossy Heap Blocks": 0,
                              "Plans": [
                                {
                                  "Node Type": "Bitmap Index Scan",
                                  "Parent Relationship": "Outer",
                                  "Parallel Aware": false,
                                  "Index Name": "company_id_movie_companies",
                                  "Startup Cost": 0.0,
                                  "Total Cost": 3754.06,
                                  "Plan Rows": 175151,
                                  "Plan Width": 0,
                                  "Actual Startup Time": 19.483,
                                  "Actual Total Time": 19.483,
                                  "Actual Rows": 170803,
                                  "Actual Loops": 1,
                                  "Index Cond": "(company_id > 123567)"
                                }
                              ]
                            }
                          ]
                        }
                      ]
                    },
                    {
                      "Node Type": "Index Scan",
                      "Parent Relationship": "Inner",
                      "Parallel Aware": false,
                      "Scan Direction": "Forward",
                      "Index Name": "movie_id_movie_info",
                      "Relation Name": "movie_info",
                      "Alias": "mi",
                      "Startup Cost": 0.43,
                      "Total Cost": 5.53,
                      "Plan Rows": 39,
                      "Plan Width": 4,
                      "Actual Startup Time": 0.009,
                      "Actual Total Time": 0.023,
                      "Actual Rows": 11,
                      "Actual Loops": 15503,
                      "Index Cond": "(movie_id = t.id)",
                      "Rows Removed by Index Recheck": 0,
                      "Filter": "(info_type_id < 86)",
                      "Rows Removed by Filter": 1
                    }
                  ]
                }
              ]
            }
          ]
        }
      ]
    },
    "Planning Time": 1.53,
    "Triggers": [],
    "Execution Time": 261.439
  }
]