[
  {
    "Plan": {
      "Node Type": "Aggregate",
      "Strategy": "Plain",
      "Partial Mode": "Finalize",
      "Parallel Aware": false,
      "Startup Cost": 32025.4,
      "Total Cost": 32025.41,
      "Plan Rows": 1,
      "Plan Width": 8,
      "Actual Startup Time": 129.476,
      "Actual Total Time": 139.118,
      "Actual Rows": 1,
      "Actual Loops": 1,
      "Plans": [
        {
          "Node Type": "Gather",
          "Parent Relationship": "Outer",
          "Parallel Aware": false,
          "Startup Cost": 32025.08,
          "Total Cost": 32025.39,
          "Plan Rows": 3,
          "Plan Width": 8,
          "Actual Startup Time": 129.303,
          "Actual Total Time": 139.11,
          "Actual Rows": 4,
          "Actual Loops": 1,
          "Workers Planned": 3,
          "Workers Launched": 3,
          "Single Copy": false,
          "Plans": [
            {
              "Node Type": "Aggregate",
              "Strategy": "Plain",
              "Partial Mode": "Partial",
              "Parent Relationship": "Outer",
              "Parallel Aware": false,
              "Startup Cost": 31025.08,
              "Total Cost": 31025.09,
              "Plan Rows": 1,
              "Plan Width": 8,
              "Actual Startup Time": 122.321,
              "Actual Total Time": 122.322,
              "Actual Rows": 1,
              "Actual Loops": 4,
              "Plans": [
                {
                  "Node Type": "Seq Scan",
                  "Parent Relationship": "Outer",
                  "Parallel Aware": true,
                  "Relation Name": "movie_companies",
                  "Alias": "mc",
                  "Startup Cost": 0.0,
                  "Total Cost": 29310.68,
                  "Plan Rows": 685759,
                  "Plan Width": 0,
                  "Actual Startup Time": 0.058,
                  "Actual Total Time": 92.303,
                  "Actual Rows": 531845,
                  "Actual Loops": 4,
                  "Filter": "(company_id < 75160)",
                  "Rows Removed by Filter": 120438
                }
              ]
            }
          ]
        }
      ]
    },
    "Planning Time": 0.197,
    "Triggers": [],
    "Execution Time": 139.174
  }
]