[
  {
    "Plan": {
      "Node Type": "Aggregate",
      "Strategy": "Plain",
      "Partial Mode": "Finalize",
      "Parallel Aware": false,
      "Startup Cost": 272929.34,
      "Total Cost": 272929.35,
      "Plan Rows": 1,
      "Plan Width": 8,
      "Actual Startup Time": 927.386,
      "Actual Total Time": 968.869,
      "Actual Rows": 1,
      "Actual Loops": 1,
      "Plans": [
        {
          "Node Type": "Gather",
          "Parent Relationship": "Outer",
          "Parallel Aware": false,
          "Startup Cost": 272928.81,
          "Total Cost": 272929.32,
          "Plan Rows": 5,
          "Plan Width": 8,
          "Actual Startup Time": 922.719,
          "Actual Total Time": 968.858,
          "Actual Rows": 6,
          "Actual Loops": 1,
          "Workers Planned": 5,
          "Workers Launched": 5,
          "Single Copy": false,
          "Plans": [
            {
              "Node Type": "Aggregate",
              "Strategy": "Plain",
              "Partial Mode": "Partial",
              "Parent Relationship": "Outer",
              "Parallel Aware": false,
              "Startup Cost": 271928.81,
              "Total Cost": 271928.82,
              "Plan Rows": 1,
              "Plan Width": 8,
              "Actual Startup Time": 912.322,
              "Actual Total Time": 912.464,
              "Actual Rows": 1,
              "Actual Loops": 6,
              "Plans": [
                {
                  "Node Type": "Hash Join",
                  "Parent Relationship": "Outer",
                  "Parallel Aware": true,
                  "Join Type": "Inner",
                  "Startup Cost": 64133.34,
                  "Total Cost": 271064.11,
                  "Plan Rows": 345883,
                  "Plan Width": 0,
                  "Actual Startup Time": 265.815,
                  "Actual Total Time": 884.178,
                  "Actual Rows": 707276,
                  "Actual Loops": 6,
                  "Inner Unique": false,
                  "Hash Cond": "(mi.movie_id = t.id)",
                  "Plans": [
                    {
                      "Node Type": "Seq Scan",
                      "Parent Relationship": "Outer",
                      "Parallel Aware": true,
                      "Relation Name": "movie_info",
                      "Alias": "mi",
                      "Startup Cost": 0.0,
                      "Total Cost": 198952.16,
                      "Plan Rows": 1897040,
                      "Plan Width": 4,
                      "Actual Startup Time": 0.032,
                      "Actual Total Time": 324.698,
                      "Actual Rows": 1594192,
                      "Actual Loops": 6,
                      "Filter": "(info_type_id < 16)",
                      "Rows Removed by Filter": 878428
                    },
                    {
                      "Node Type": "Hash",
                      "Parent Relationship": "Inner",
                      "Parallel Aware": true,
                      "Startup Cost": 62692.79,
                      "Total Cost": 62692.79,
                      "Plan Rows": 115244,
                      "Plan Width": 8,
                      "Actual Startup Time": 261.881,
                      "Actual Total Time": 262.022,
                      "Actual Rows": 76698,
                      "Actual Loops": 6,
                      "Hash Buckets": 524288,
                      "Original Hash Buckets": 524288,
                      "Hash Batches": 1,
                      "Original Hash Batches": 1,
                      "Peak Memory Usage": 22240,
                      "Plans": [
                        {
                          "Node Type": "Hash Join",
                          "Parent Relationship": "Outer",
                          "Parallel Aware": true,
                          "Join Type": "Inner",
                          "Startup Cost": 17523.61,
                          "Total Cost": 62692.79,
                          "Plan Rows": 115244,
                          "Plan Width": 8,
                          "Actual Startup Time": 76.664,
                          "Actual Total Time": 233.939,
                          "Actual Rows": 76698,
                          "Actual Loops": 6,
                          "Inner Unique": false,
                          "Hash Cond": "(t.id = mi_idx.movie_id)",
                          "Plans": [
                            {
                              "Node Type": "Seq Scan",
                              "Parent Relationship": "Outer",
                              "Parallel Aware": true,
                              "Relation Name": "title",
                              "Alias": "t",
                              "Startup Cost": 0.0,
                              "Total Cost": 42318.73,
                              "Plan Rows": 632073,
                              "Plan Width": 4,
                              "Actual Startup Time": 0.011,
                              "Actual Total Time": 58.744,
                              "Actual Rows": 421385,
                              "Actual Loops": 6
                            },
                            {
                              "Node Type": "Hash",
                              "Parent Relationship": "Inner",
                              "Parallel Aware": true,
                              "Startup Cost": 15122.68,
                              "Total Cost": 15122.68,
                              "Plan Rows": 192074,
                              "Plan Width": 4,
                              "Actual Startup Time": 75.448,
                              "Actual Total Time": 75.449,
                              "Actual Rows": 76698,
                              "Actual Loops": 6,
                              "Hash Buckets": 524288,
                              "Original Hash Buckets": 524288,
                              "Hash Batches": 1,
                              "Original Hash Batches": 1,
                              "Peak Memory Usage": 22176,
                              "Plans": [
                                {
                                  "Node Type": "Seq Scan",
                                  "Parent Relationship": "Outer",
                                  "Parallel Aware": true,
                                  "Relation Name": "movie_info_idx",
                                  "Alias": "mi_idx",
                                  "Startup Cost": 0.0,
                                  "Total Cost": 15122.68,
                                  "Plan Rows": 192074,
                                  "Plan Width": 4,
                                  "Actual Startup Time": 0.07,
                                  "Actual Total Time": 36.351,
                                  "Actual Rows": 76698,
                                  "Actual Loops": 6,
                                  "Filter": "(info_type_id > 100)",
                                  "Rows Removed by Filter": 153308
                                }
                              ]
                            }
                          ]
                        }
                      ]
                    }
                  ]
                }
              ]
            }
          ]
        }
      ]
    },
    "Planning Time": 1.405,
    "Triggers": [],
    "Execution Time": 968.968
  }
]