[
    {
        "Bao": {
            "Bao prediction": "NaN",
            "Bao recommended hint": "(no hint)"
        }
    },
    {
        "Plan": {
            "Node Type": "Aggregate",
            "Strategy": "Plain",
            "Partial Mode": "Finalize",
            "Parallel Aware": false,
            "Startup Cost": 93314.22,
            "Total Cost": 93314.23,
            "Plan Rows": 1,
            "Plan Width": 8,
            "Actual Startup Time": 216.813,
            "Actual Total Time": 226.432,
            "Actual Rows": 1,
            "Actual Loops": 1,
            "Output": [
                "count(*)"
            ],
            "Plans": [
                {
                    "Node Type": "Gather",
                    "Parent Relationship": "Outer",
                    "Parallel Aware": false,
                    "Startup Cost": 93314.0,
                    "Total Cost": 93314.21,
                    "Plan Rows": 2,
                    "Plan Width": 8,
                    "Actual Startup Time": 216.46,
                    "Actual Total Time": 226.425,
                    "Actual Rows": 3,
                    "Actual Loops": 1,
                    "Output": [
                        "(PARTIAL count(*))"
                    ],
                    "Workers Planned": 2,
                    "Workers Launched": 2,
                    "Single Copy": false,
                    "Plans": [
                        {
                            "Node Type": "Aggregate",
                            "Strategy": "Plain",
                            "Partial Mode": "Partial",
                            "Parent Relationship": "Outer",
                            "Parallel Aware": false,
                            "Startup Cost": 92314.0,
                            "Total Cost": 92314.01,
                            "Plan Rows": 1,
                            "Plan Width": 8,
                            "Actual Startup Time": 208.216,
                            "Actual Total Time": 208.219,
                            "Actual Rows": 1,
                            "Actual Loops": 3,
                            "Output": [
                                "PARTIAL count(*)"
                            ],
                            "Workers": [
                                {
                                    "Worker Number": 0,
                                    "Actual Startup Time": 204.293,
                                    "Actual Total Time": 204.297,
                                    "Actual Rows": 1,
                                    "Actual Loops": 1
                                },
                                {
                                    "Worker Number": 1,
                                    "Actual Startup Time": 204.567,
                                    "Actual Total Time": 204.57,
                                    "Actual Rows": 1,
                                    "Actual Loops": 1
                                }
                            ],
                            "Plans": [
                                {
                                    "Node Type": "Nested Loop",
                                    "Parent Relationship": "Outer",
                                    "Parallel Aware": false,
                                    "Join Type": "Inner",
                                    "Startup Cost": 45701.1,
                                    "Total Cost": 92241.91,
                                    "Plan Rows": 28839,
                                    "Plan Width": 0,
                                    "Actual Startup Time": 116.714,
                                    "Actual Total Time": 207.515,
                                    "Actual Rows": 16906,
                                    "Actual Loops": 3,
                                    "Inner Unique": false,
                                    "Join Filter": "(t.id = mk.movie_id)",
                                    "Rows Removed by Join Filter": 0,
                                    "Workers": [
                                        {
                                            "Worker Number": 0,
                                            "Actual Startup Time": 112.63,
                                            "Actual Total Time": 203.561,
                                            "Actual Rows": 17346,
                                            "Actual Loops": 1
                                        },
                                        {
                                            "Worker Number": 1,
                                            "Actual Startup Time": 113.476,
                                            "Actual Total Time": 203.899,
                                            "Actual Rows": 15667,
                                            "Actual Loops": 1
                                        }
                                    ],
                                    "Plans": [
                                        {
                                            "Node Type": "Hash Join",
                                            "Parent Relationship": "Outer",
                                            "Parallel Aware": true,
                                            "Join Type": "Inner",
                                            "Startup Cost": 45700.67,
                                            "Total Cost": 60895.23,
                                            "Plan Rows": 16118,
                                            "Plan Width": 8,
                                            "Actual Startup Time": 116.554,
                                            "Actual Total Time": 191.039,
                                            "Actual Rows": 6523,
                                            "Actual Loops": 3,
                                            "Output": [
                                                "t.id",
                                                "mi_idx.movie_id"
                                            ],
                                            "Inner Unique": true,
                                            "Hash Cond": "(mi_idx.movie_id = t.id)",
                                            "Workers": [
                                                {
                                                    "Worker Number": 0,
                                                    "Actual Startup Time": 112.575,
                                                    "Actual Total Time": 186.052,
                                                    "Actual Rows": 6431,
                                                    "Actual Loops": 1
                                                },
                                                {
                                                    "Worker Number": 1,
                                                    "Actual Startup Time": 113.116,
                                                    "Actual Total Time": 186.784,
                                                    "Actual Rows": 5768,
                                                    "Actual Loops": 1
                                                }
                                            ],
                                            "Plans": [
                                                {
                                                    "Node Type": "Seq Scan",
                                                    "Parent Relationship": "Outer",
                                                    "Parallel Aware": true,
                                                    "Relation Name": "movie_info_idx",
                                                    "Schema": "public",
                                                    "Alias": "mi_idx",
                                                    "Startup Cost": 0.0,
                                                    "Total Cost": 13685.15,
                                                    "Plan Rows": 575015,
                                                    "Plan Width": 4,
                                                    "Actual Startup Time": 0.017,
                                                    "Actual Total Time": 33.963,
                                                    "Actual Rows": 460012,
                                                    "Actual Loops": 3,
                                                    "Output": [
                                                        "mi_idx.id",
                                                        "mi_idx.movie_id",
                                                        "mi_idx.info_type_id",
                                                        "mi_idx.info",
                                                        "mi_idx.note"
                                                    ],
                                                    "Workers": [
                                                        {
                                                            "Worker Number": 0,
                                                            "Actual Startup Time": 0.023,
                                                            "Actual Total Time": 34.403,
                                                            "Actual Rows": 436185,
                                                            "Actual Loops": 1
                                                        },
                                                        {
                                                            "Worker Number": 1,
                                                            "Actual Startup Time": 0.022,
                                                            "Actual Total Time": 33.95,
                                                            "Actual Rows": 423279,
                                                            "Actual Loops": 1
                                                        }
                                                    ]
                                                },
                                                {
                                                    "Node Type": "Hash",
                                                    "Parent Relationship": "Inner",
                                                    "Parallel Aware": true,
                                                    "Startup Cost": 45479.21,
                                                    "Total Cost": 45479.21,
                                                    "Plan Rows": 17717,
                                                    "Plan Width": 4,
                                                    "Actual Startup Time": 114.532,
                                                    "Actual Total Time": 114.533,
                                                    "Actual Rows": 28025,
                                                    "Actual Loops": 3,
                                                    "Output": [
                                                        "t.id"
                                                    ],
                                                    "Hash Buckets": 131072,
                                                    "Original Hash Buckets": 131072,
                                                    "Hash Batches": 1,
                                                    "Original Hash Batches": 1,
                                                    "Peak Memory Usage": 4384,
                                                    "Workers": [
                                                        {
                                                            "Worker Number": 0,
                                                            "Actual Startup Time": 112.048,
                                                            "Actual Total Time": 112.049,
                                                            "Actual Rows": 24637,
                                                            "Actual Loops": 1
                                                        },
                                                        {
                                                            "Worker Number": 1,
                                                            "Actual Startup Time": 112.322,
                                                            "Actual Total Time": 112.323,
                                                            "Actual Rows": 24201,
                                                            "Actual Loops": 1
                                                        }
                                                    ],
                                                    "Plans": [
                                                        {
                                                            "Node Type": "Seq Scan",
                                                            "Parent Relationship": "Outer",
                                                            "Parallel Aware": true,
                                                            "Relation Name": "title",
                                                            "Schema": "public",
                                                            "Alias": "t",
                                                            "Startup Cost": 0.0,
                                                            "Total Cost": 45479.21,
                                                            "Plan Rows": 17717,
                                                            "Plan Width": 4,
                                                            "Actual Startup Time": 0.062,
                                                            "Actual Total Time": 104.657,
                                                            "Actual Rows": 28025,
                                                            "Actual Loops": 3,
                                                            "Output": [
                                                                "t.id"
                                                            ],
                                                            "Filter": "((t.kind_id = 7) AND (t.production_year = 2007))",
                                                            "Rows Removed by Filter": 814745,
                                                            "Workers": [
                                                                {
                                                                    "Worker Number": 0,
                                                                    "Actual Startup Time": 0.051,
                                                                    "Actual Total Time": 102.874,
                                                                    "Actual Rows": 24637,
                                                                    "Actual Loops": 1
                                                                },
                                                                {
                                                                    "Worker Number": 1,
                                                                    "Actual Startup Time": 0.065,
                                                                    "Actual Total Time": 102.157,
                                                                    "Actual Rows": 24201,
                                                                    "Actual Loops": 1
                                                                }
                                                            ]
                                                        }
                                                    ]
                                                }
                                            ]
                                        },
                                        {
                                            "Node Type": "Index Only Scan",
                                            "Parent Relationship": "Inner",
                                            "Parallel Aware": false,
                                            "Scan Direction": "Forward",
                                            "Index Name": "movie_id_movie_keyword",
                                            "Relation Name": "movie_keyword",
                                            "Schema": "public",
                                            "Alias": "mk",
                                            "Startup Cost": 0.43,
                                            "Total Cost": 1.37,
                                            "Plan Rows": 46,
                                            "Plan Width": 4,
                                            "Actual Startup Time": 0.002,
                                            "Actual Total Time": 0.002,
                                            "Actual Rows": 3,
                                            "Actual Loops": 19569,
                                            "Output": [
                                                "mk.movie_id"
                                            ],
                                            "Index Cond": "(mk.movie_id = mi_idx.movie_id)",
                                            "Rows Removed by Index Recheck": 0,
                                            "Heap Fetches": 50718,
                                            "Workers": [
                                                {
                                                    "Worker Number": 0,
                                                    "Actual Startup Time": 0.002,
                                                    "Actual Total Time": 0.002,
                                                    "Actual Rows": 3,
                                                    "Actual Loops": 6431
                                                },
                                                {
                                                    "Worker Number": 1,
                                                    "Actual Startup Time": 0.002,
                                                    "Actual Total Time": 0.003,
                                                    "Actual Rows": 3,
                                                    "Actual Loops": 5768
                                                }
                                            ]
                                        }
                                    ]
                                }
                            ]
                        }
                    ]
                }
            ]
        },
        "Planning Time": 205.187,
        "Triggers": [],
        "Execution Time": 226.546
    }
]