[
  {
    "Plan": {
      "Node Type": "Aggregate",
      "Strategy": "Plain",
      "Partial Mode": "Finalize",
      "Parallel Aware": false,
      "Startup Cost": 33322.37,
      "Total Cost": 33322.38,
      "Plan Rows": 1,
      "Plan Width": 8,
      "Actual Startup Time": 101.739,
      "Actual Total Time": 109.503,
      "Actual Rows": 1,
      "Actual Loops": 1,
      "Plans": [
        {
          "Node Type": "Gather",
          "Parent Relationship": "Outer",
          "Parallel Aware": false,
          "Startup Cost": 33322.05,
          "Total Cost": 33322.36,
          "Plan Rows": 3,
          "Plan Width": 8,
          "Actual Startup Time": 101.621,
          "Actual Total Time": 109.495,
          "Actual Rows": 4,
          "Actual Loops": 1,
          "Workers Planned": 3,
          "Workers Launched": 3,
          "Single Copy": false,
          "Plans": [
            {
              "Node Type": "Aggregate",
              "Strategy": "Plain",
              "Partial Mode": "Partial",
              "Parent Relationship": "Outer",
              "Parallel Aware": false,
              "Startup Cost": 32322.05,
              "Total Cost": 32322.06,
              "Plan Rows": 1,
              "Plan Width": 8,
              "Actual Startup Time": 94.673,
              "Actual Total Time": 94.674,
              "Actual Rows": 1,
              "Actual Loops": 4,
              "Plans": [
                {
                  "Node Type": "Seq Scan",
                  "Parent Relationship": "Outer",
                  "Parallel Aware": true,
                  "Relation Name": "movie_companies",
                  "Alias": "mc",
                  "Startup Cost": 0.0,
                  "Total Cost": 31414.82,
                  "Plan Rows": 362892,
                  "Plan Width": 0,
                  "Actual Startup Time": 47.348,
                  "Actual Total Time": 82.944,
                  "Actual Rows": 310535,
                  "Actual Loops": 4,
                  "Filter": "((company_id > 228) AND (company_type_id > 1))",
                  "Rows Removed by Filter": 341747
                }
              ]
            }
          ]
        }
      ]
    },
    "Planning Time": 0.192,
    "Triggers": [],
    "Execution Time": 109.554
  }
]