[
  {
    "Plan": {
      "Node Type": "Aggregate",
      "Strategy": "Plain",
      "Partial Mode": "Finalize",
      "Parallel Aware": false,
      "Startup Cost": 46599.33,
      "Total Cost": 46599.34,
      "Plan Rows": 1,
      "Plan Width": 8,
      "Actual Startup Time": 200.399,
      "Actual Total Time": 213.639,
      "Actual Rows": 1,
      "Actual Loops": 1,
      "Plans": [
        {
          "Node Type": "Gather",
          "Parent Relationship": "Outer",
          "Parallel Aware": false,
          "Startup Cost": 46599.01,
          "Total Cost": 46599.32,
          "Plan Rows": 3,
          "Plan Width": 8,
          "Actual Startup Time": 200.255,
          "Actual Total Time": 213.631,
          "Actual Rows": 4,
          "Actual Loops": 1,
          "Workers Planned": 3,
          "Workers Launched": 3,
          "Single Copy": false,
          "Plans": [
            {
              "Node Type": "Aggregate",
              "Strategy": "Plain",
              "Partial Mode": "Partial",
              "Parent Relationship": "Outer",
              "Parallel Aware": false,
              "Startup Cost": 45599.01,
              "Total Cost": 45599.02,
              "Plan Rows": 1,
              "Plan Width": 8,
              "Actual Startup Time": 195.517,
              "Actual Total Time": 195.519,
              "Actual Rows": 1,
              "Actual Loops": 4,
              "Plans": [
                {
                  "Node Type": "Seq Scan",
                  "Parent Relationship": "Outer",
                  "Parallel Aware": true,
                  "Relation Name": "movie_keyword",
                  "Alias": "mk",
                  "Startup Cost": 0.0,
                  "Total Cost": 42695.65,
                  "Plan Rows": 1161342,
                  "Plan Width": 0,
                  "Actual Startup Time": 0.11,
                  "Actual Total Time": 145.582,
                  "Actual Rows": 897455,
                  "Actual Loops": 4,
                  "Filter": "(keyword_id > 872)",
                  "Rows Removed by Filter": 233528
                }
              ]
            }
          ]
        }
      ]
    },
    "Planning Time": 0.145,
    "Triggers": [],
    "Execution Time": 213.686
  }
]