[
  {
    "Plan": {
      "Node Type": "Aggregate",
      "Strategy": "Plain",
      "Partial Mode": "Finalize",
      "Parallel Aware": false,
      "Startup Cost": 351954.24,
      "Total Cost": 351954.25,
      "Plan Rows": 1,
      "Plan Width": 8,
      "Actual Startup Time": 462.654,
      "Actual Total Time": 482.645,
      "Actual Rows": 1,
      "Actual Loops": 1,
      "Plans": [
        {
          "Node Type": "Gather",
          "Parent Relationship": "Outer",
          "Parallel Aware": false,
          "Startup Cost": 351953.62,
          "Total Cost": 351954.23,
          "Plan Rows": 6,
          "Plan Width": 8,
          "Actual Startup Time": 449.789,
          "Actual Total Time": 482.635,
          "Actual Rows": 7,
          "Actual Loops": 1,
          "Workers Planned": 6,
          "Workers Launched": 6,
          "Single Copy": false,
          "Plans": [
            {
              "Node Type": "Aggregate",
              "Strategy": "Plain",
              "Partial Mode": "Partial",
              "Parent Relationship": "Outer",
              "Parallel Aware": false,
              "Startup Cost": 350953.62,
              "Total Cost": 350953.63,
              "Plan Rows": 1,
              "Plan Width": 8,
              "Actual Startup Time": 429.962,
              "Actual Total Time": 429.965,
              "Actual Rows": 1,
              "Actual Loops": 7,
              "Plans": [
                {
                  "Node Type": "Hash Join",
                  "Parent Relationship": "Outer",
                  "Parallel Aware": true,
                  "Join Type": "Inner",
                  "Startup Cost": 92683.12,
                  "Total Cost": 350589.01,
                  "Plan Rows": 145844,
                  "Plan Width": 0,
                  "Actual Startup Time": 361.712,
                  "Actual Total Time": 426.441,
                  "Actual Rows": 79444,
                  "Actual Loops": 7,
                  "Inner Unique": true,
                  "Hash Cond": "(ci.movie_id = t.id)",
                  "Plans": [
                    {
                      "Node Type": "Bitmap Heap Scan",
                      "Parent Relationship": "Outer",
                      "Parallel Aware": true,
                      "Relation Name": "cast_info",
                      "Alias": "ci",
                      "Startup Cost": 42463.47,
                      "Total Cost": 299986.52,
                      "Plan Rows": 145844,
                      "Plan Width": 4,
                      "Actual Startup Time": 124.381,
                      "Actual Total Time": 145.888,
                      "Actual Rows": 79444,
                      "Actual Loops": 7,
                      "Recheck Cond": "(person_id < 191681)",
                      "Rows Removed by Index Recheck": 0,
                      "Filter": "(role_id > 2)",
                      "Rows Removed by Filter": 200077,
                      "Exact Heap Blocks": 3053,
                      "Lossy Heap Blocks": 0,
                      "Plans": [
                        {
                          "Node Type": "Bitmap Index Scan",
                          "Parent Relationship": "Outer",
                          "Parallel Aware": false,
                          "Index Name": "person_id_cast_info",
                          "Startup Cost": 0.0,
                          "Total Cost": 42244.71,
                          "Plan Rows": 1934419,
                          "Plan Width": 0,
                          "Actual Startup Time": 72.696,
                          "Actual Total Time": 72.696,
                          "Actual Rows": 1956651,
                          "Actual Loops": 1,
                          "Index Cond": "(person_id < 191681)"
                        }
                      ]
                    },
                    {
                      "Node Type": "Hash",
                      "Parent Relationship": "Inner",
                      "Parallel Aware": true,
                      "Startup Cost": 42318.73,
                      "Total Cost": 42318.73,
                      "Plan Rows": 632073,
                      "Plan Width": 4,
                      "Actual Startup Time": 231.418,
                      "Actual Total Time": 231.419,
                      "Actual Rows": 361187,
                      "Actual Loops": 7,
                      "Hash Buckets": 4194304,
                      "Original Hash Buckets": 4194304,
                      "Hash Batches": 1,
                      "Original Hash Batches": 1,
                      "Peak Memory Usage": 131808,
                      "Plans": [
                        {
                          "Node Type": "Seq Scan",
                          "Parent Relationship": "Outer",
                          "Parallel Aware": true,
                          "Relation Name": "title",
                          "Alias": "t",
                          "Startup Cost": 0.0,
                          "Total Cost": 42318.73,
                          "Plan Rows": 632073,
                          "Plan Width": 4,
                          "Actual Startup Time": 0.041,
                          "Actual Total Time": 67.005,
                          "Actual Rows": 361187,
                          "Actual Loops": 7
                        }
                      ]
                    }
                  ]
                }
              ]
            }
          ]
        }
      ]
    },
    "Planning Time": 0.359,
    "Triggers": [],
    "Execution Time": 482.707
  }
]