[
  {
    "Plan": {
      "Node Type": "Aggregate",
      "Strategy": "Plain",
      "Partial Mode": "Finalize",
      "Parallel Aware": false,
      "Startup Cost": 34705.18,
      "Total Cost": 34705.19,
      "Plan Rows": 1,
      "Plan Width": 8,
      "Actual Startup Time": 116.415,
      "Actual Total Time": 124.2,
      "Actual Rows": 1,
      "Actual Loops": 1,
      "Plans": [
        {
          "Node Type": "Gather",
          "Parent Relationship": "Outer",
          "Parallel Aware": false,
          "Startup Cost": 34704.86,
          "Total Cost": 34705.17,
          "Plan Rows": 3,
          "Plan Width": 8,
          "Actual Startup Time": 116.102,
          "Actual Total Time": 124.19,
          "Actual Rows": 4,
          "Actual Loops": 1,
          "Workers Planned": 3,
          "Workers Launched": 3,
          "Single Copy": false,
          "Plans": [
            {
              "Node Type": "Aggregate",
              "Strategy": "Plain",
              "Partial Mode": "Partial",
              "Parent Relationship": "Outer",
              "Parallel Aware": false,
              "Startup Cost": 33704.86,
              "Total Cost": 33704.87,
              "Plan Rows": 1,
              "Plan Width": 8,
              "Actual Startup Time": 107.224,
              "Actual Total Time": 107.225,
              "Actual Rows": 1,
              "Actual Loops": 4,
              "Plans": [
                {
                  "Node Type": "Bitmap Heap Scan",
                  "Parent Relationship": "Outer",
                  "Parallel Aware": true,
                  "Relation Name": "movie_keyword",
                  "Alias": "mk",
                  "Startup Cost": 7532.57,
                  "Total Cost": 33418.48,
                  "Plan Rows": 114553,
                  "Plan Width": 0,
                  "Actual Startup Time": 38.22,
                  "Actual Total Time": 101.975,
                  "Actual Rows": 88472,
                  "Actual Loops": 4,
                  "Recheck Cond": "(keyword_id > 47155)",
                  "Rows Removed by Index Recheck": 0,
                  "Exact Heap Blocks": 11242,
                  "Lossy Heap Blocks": 0,
                  "Plans": [
                    {
                      "Node Type": "Bitmap Index Scan",
                      "Parent Relationship": "Outer",
                      "Parallel Aware": false,
                      "Index Name": "keyword_id_movie_keyword",
                      "Startup Cost": 0.0,
                      "Total Cost": 7443.79,
                      "Plan Rows": 355114,
                      "Plan Width": 0,
                      "Actual Startup Time": 42.163,
                      "Actual Total Time": 42.163,
                      "Actual Rows": 353886,
                      "Actual Loops": 1,
                      "Index Cond": "(keyword_id > 47155)"
                    }
                  ]
                }
              ]
            }
          ]
        }
      ]
    },
    "Planning Time": 0.182,
    "Triggers": [],
    "Execution Time": 124.273
  }
]