[
  {
    "Plan": {
      "Node Type": "Aggregate",
      "Strategy": "Plain",
      "Partial Mode": "Finalize",
      "Parallel Aware": false,
      "Startup Cost": 250617.37,
      "Total Cost": 250617.38,
      "Plan Rows": 1,
      "Plan Width": 8,
      "Actual Startup Time": 290.519,
      "Actual Total Time": 341.228,
      "Actual Rows": 1,
      "Actual Loops": 1,
      "Plans": [
        {
          "Node Type": "Gather",
          "Parent Relationship": "Outer",
          "Parallel Aware": false,
          "Startup Cost": 250616.95,
          "Total Cost": 250617.36,
          "Plan Rows": 4,
          "Plan Width": 8,
          "Actual Startup Time": 290.366,
          "Actual Total Time": 341.22,
          "Actual Rows": 5,
          "Actual Loops": 1,
          "Workers Planned": 4,
          "Workers Launched": 4,
          "Single Copy": false,
          "Plans": [
            {
              "Node Type": "Aggregate",
              "Strategy": "Plain",
              "Partial Mode": "Partial",
              "Parent Relationship": "Outer",
              "Parallel Aware": false,
              "Startup Cost": 249616.95,
              "Total Cost": 249616.96,
              "Plan Rows": 1,
              "Plan Width": 8,
              "Actual Startup Time": 280.625,
              "Actual Total Time": 280.627,
              "Actual Rows": 1,
              "Actual Loops": 5,
              "Plans": [
                {
                  "Node Type": "Nested Loop",
                  "Parent Relationship": "Outer",
                  "Parallel Aware": false,
                  "Join Type": "Inner",
                  "Startup Cost": 0.43,
                  "Total Cost": 249485.85,
                  "Plan Rows": 52441,
                  "Plan Width": 0,
                  "Actual Startup Time": 65.701,
                  "Actual Total Time": 274.212,
                  "Actual Rows": 69807,
                  "Actual Loops": 5,
                  "Inner Unique": false,
                  "Plans": [
                    {
                      "Node Type": "Seq Scan",
                      "Parent Relationship": "Outer",
                      "Parallel Aware": true,
                      "Relation Name": "title",
                      "Alias": "t",
                      "Startup Cost": 0.0,
                      "Total Cost": 45479.1,
                      "Plan Rows": 9479,
                      "Plan Width": 4,
                      "Actual Startup Time": 65.599,
                      "Actual Total Time": 102.904,
                      "Actual Rows": 6638,
                      "Actual Loops": 5,
                      "Filter": "((kind_id < 2) AND (production_year = 2010))",
                      "Rows Removed by Filter": 499024
                    },
                    {
                      "Node Type": "Index Scan",
                      "Parent Relationship": "Inner",
                      "Parallel Aware": false,
                      "Scan Direction": "Forward",
                      "Index Name": "movie_id_movie_info",
                      "Relation Name": "movie_info",
                      "Alias": "mi",
                      "Startup Cost": 0.43,
                      "Total Cost": 21.12,
                      "Plan Rows": 40,
                      "Plan Width": 4,
                      "Actual Startup Time": 0.009,
                      "Actual Total Time": 0.024,
                      "Actual Rows": 11,
                      "Actual Loops": 33190,
                      "Index Cond": "(movie_id = t.id)",
                      "Rows Removed by Index Recheck": 0,
                      "Filter": "(info_type_id > 1)",
                      "Rows Removed by Filter": 1
                    }
                  ]
                }
              ]
            }
          ]
        }
      ]
    },
    "Planning Time": 0.649,
    "Triggers": [],
    "Execution Time": 341.317
  }
]