[
  {
    "Plan": {
      "Node Type": "Aggregate",
      "Strategy": "Plain",
      "Partial Mode": "Finalize",
      "Parallel Aware": false,
      "Startup Cost": 47191.38,
      "Total Cost": 47191.39,
      "Plan Rows": 1,
      "Plan Width": 8,
      "Actual Startup Time": 140.474,
      "Actual Total Time": 156.229,
      "Actual Rows": 1,
      "Actual Loops": 1,
      "Plans": [
        {
          "Node Type": "Gather",
          "Parent Relationship": "Outer",
          "Parallel Aware": false,
          "Startup Cost": 47190.96,
          "Total Cost": 47191.37,
          "Plan Rows": 4,
          "Plan Width": 8,
          "Actual Startup Time": 140.231,
          "Actual Total Time": 156.215,
          "Actual Rows": 5,
          "Actual Loops": 1,
          "Workers Planned": 4,
          "Workers Launched": 4,
          "Single Copy": false,
          "Plans": [
            {
              "Node Type": "Aggregate",
              "Strategy": "Plain",
              "Partial Mode": "Partial",
              "Parent Relationship": "Outer",
              "Parallel Aware": false,
              "Startup Cost": 46190.96,
              "Total Cost": 46190.97,
              "Plan Rows": 1,
              "Plan Width": 8,
              "Actual Startup Time": 129.804,
              "Actual Total Time": 129.806,
              "Actual Rows": 1,
              "Actual Loops": 5,
              "Plans": [
                {
                  "Node Type": "Seq Scan",
                  "Parent Relationship": "Outer",
                  "Parallel Aware": true,
                  "Relation Name": "title",
                  "Alias": "t",
                  "Startup Cost": 0.0,
                  "Total Cost": 45479.59,
                  "Plan Rows": 284550,
                  "Plan Width": 0,
                  "Actual Startup Time": 0.039,
                  "Actual Total Time": 113.99,
                  "Actual Rows": 244935,
                  "Actual Loops": 5,
                  "Filter": "((production_year > 1985) AND (kind_id = 7))",
                  "Rows Removed by Filter": 260728
                }
              ]
            }
          ]
        }
      ]
    },
    "Planning Time": 0.109,
    "Triggers": [],
    "Execution Time": 156.268
  }
]