[
  {
    "Plan": {
      "Node Type": "Aggregate",
      "Strategy": "Plain",
      "Partial Mode": "Finalize",
      "Parallel Aware": false,
      "Startup Cost": 54913.41,
      "Total Cost": 54913.42,
      "Plan Rows": 1,
      "Plan Width": 8,
      "Actual Startup Time": 128.171,
      "Actual Total Time": 145.969,
      "Actual Rows": 1,
      "Actual Loops": 1,
      "Plans": [
        {
          "Node Type": "Gather",
          "Parent Relationship": "Outer",
          "Parallel Aware": false,
          "Startup Cost": 54912.99,
          "Total Cost": 54913.4,
          "Plan Rows": 4,
          "Plan Width": 8,
          "Actual Startup Time": 128.034,
          "Actual Total Time": 145.962,
          "Actual Rows": 5,
          "Actual Loops": 1,
          "Workers Planned": 4,
          "Workers Launched": 4,
          "Single Copy": false,
          "Plans": [
            {
              "Node Type": "Aggregate",
              "Strategy": "Plain",
              "Partial Mode": "Partial",
              "Parent Relationship": "Outer",
              "Parallel Aware": false,
              "Startup Cost": 53912.99,
              "Total Cost": 53913.0,
              "Plan Rows": 1,
              "Plan Width": 8,
              "Actual Startup Time": 117.503,
              "Actual Total Time": 117.505,
              "Actual Rows": 1,
              "Actual Loops": 5,
              "Plans": [
                {
                  "Node Type": "Nested Loop",
                  "Parent Relationship": "Outer",
                  "Parallel Aware": false,
                  "Join Type": "Inner",
                  "Startup Cost": 0.86,
                  "Total Cost": 53907.5,
                  "Plan Rows": 2196,
                  "Plan Width": 0,
                  "Actual Startup Time": 60.752,
                  "Actual Total Time": 116.753,
                  "Actual Rows": 13035,
                  "Actual Loops": 5,
                  "Inner Unique": false,
                  "Join Filter": "(t.id = mi.movie_id)",
                  "Rows Removed by Join Filter": 0,
                  "Plans": [
                    {
                      "Node Type": "Nested Loop",
                      "Parent Relationship": "Outer",
                      "Parallel Aware": false,
                      "Join Type": "Inner",
                      "Startup Cost": 0.43,
                      "Total Cost": 52597.62,
                      "Plan Rows": 585,
                      "Plan Width": 8,
                      "Actual Startup Time": 60.671,
                      "Actual Total Time": 92.03,
                      "Actual Rows": 1043,
                      "Actual Loops": 5,
                      "Inner Unique": false,
                      "Plans": [
                        {
                          "Node Type": "Seq Scan",
                          "Parent Relationship": "Outer",
                          "Parallel Aware": true,
                          "Relation Name": "title",
                          "Alias": "t",
                          "Startup Cost": 0.0,
                          "Total Cost": 45479.1,
                          "Plan Rows": 1072,
                          "Plan Width": 4,
                          "Actual Startup Time": 60.494,
                          "Actual Total Time": 84.93,
                          "Actual Rows": 911,
                          "Actual Loops": 5,
                          "Filter": "((kind_id = 1) AND (production_year = 1968))",
                          "Rows Removed by Filter": 504751
                        },
                        {
                          "Node Type": "Index Only Scan",
                          "Parent Relationship": "Inner",
                          "Parallel Aware": false,
                          "Scan Direction": "Forward",
                          "Index Name": "movie_id_movie_info_idx",
                          "Relation Name": "movie_info_idx",
                          "Alias": "mi_idx",
                          "Startup Cost": 0.43,
                          "Total Cost": 6.61,
                          "Plan Rows": 3,
                          "Plan Width": 4,
                          "Actual Startup Time": 0.007,
                          "Actual Total Time": 0.007,
                          "Actual Rows": 1,
                          "Actual Loops": 4557,
                          "Index Cond": "(movie_id = t.id)",
                          "Rows Removed by Index Recheck": 0,
                          "Heap Fetches": 5217
                        }
                      ]
                    },
                    {
                      "Node Type": "Index Scan",
                      "Parent Relationship": "Inner",
                      "Parallel Aware": false,
                      "Scan Direction": "Forward",
                      "Index Name": "movie_id_movie_info",
                      "Relation Name": "movie_info",
                      "Alias": "mi",
                      "Startup Cost": 0.43,
                      "Total Cost": 1.9,
                      "Plan Rows": 27,
                      "Plan Width": 4,
                      "Actual Startup Time": 0.007,
                      "Actual Total Time": 0.022,
                      "Actual Rows": 12,
                      "Actual Loops": 5217,
                      "Index Cond": "(movie_id = mi_idx.movie_id)",
                      "Rows Removed by Index Recheck": 0,
                      "Filter": "(info_type_id < 16)",
                      "Rows Removed by Filter": 7
                    }
                  ]
                }
              ]
            }
          ]
        }
      ]
    },
    "Planning Time": 1.317,
    "Triggers": [],
    "Execution Time": 146.054
  }
]