[
  {
    "Plan": {
      "Node Type": "Aggregate",
      "Strategy": "Plain",
      "Partial Mode": "Finalize",
      "Parallel Aware": false,
      "Startup Cost": 470411.42,
      "Total Cost": 470411.43,
      "Plan Rows": 1,
      "Plan Width": 8,
      "Actual Startup Time": 3337.723,
      "Actual Total Time": 3398.916,
      "Actual Rows": 1,
      "Actual Loops": 1,
      "Plans": [
        {
          "Node Type": "Gather",
          "Parent Relationship": "Outer",
          "Parallel Aware": false,
          "Startup Cost": 470410.79,
          "Total Cost": 470411.4,
          "Plan Rows": 6,
          "Plan Width": 8,
          "Actual Startup Time": 3298.526,
          "Actual Total Time": 3398.902,
          "Actual Rows": 7,
          "Actual Loops": 1,
          "Workers Planned": 6,
          "Workers Launched": 6,
          "Single Copy": false,
          "Plans": [
            {
              "Node Type": "Aggregate",
              "Strategy": "Plain",
              "Partial Mode": "Partial",
              "Parent Relationship": "Outer",
              "Parallel Aware": false,
              "Startup Cost": 469410.79,
              "Total Cost": 469410.8,
              "Plan Rows": 1,
              "Plan Width": 8,
              "Actual Startup Time": 3276.069,
              "Actual Total Time": 3277.12,
              "Actual Rows": 1,
              "Actual Loops": 7,
              "Plans": [
                {
                  "Node Type": "Hash Join",
                  "Parent Relationship": "Outer",
                  "Parallel Aware": true,
                  "Join Type": "Inner",
                  "Startup Cost": 108751.88,
                  "Total Cost": 460015.15,
                  "Plan Rows": 3758255,
                  "Plan Width": 0,
                  "Actual Startup Time": 814.805,
                  "Actual Total Time": 2809.357,
                  "Actual Rows": 10627636,
                  "Actual Loops": 7,
                  "Inner Unique": false,
                  "Hash Cond": "(ci.movie_id = t.id)",
                  "Plans": [
                    {
                      "Node Type": "Seq Scan",
                      "Parent Relationship": "Outer",
                      "Parallel Aware": true,
                      "Relation Name": "cast_info",
                      "Alias": "ci",
                      "Startup Cost": 0.0,
                      "Total Cost": 328162.03,
                      "Plan Rows": 2927425,
                      "Plan Width": 4,
                      "Actual Startup Time": 198.496,
                      "Actual Total Time": 598.433,
                      "Actual Rows": 2506285,
                      "Actual Loops": 7,
                      "Filter": "(person_id > 1863110)",
                      "Rows Removed by Filter": 2671478
                    },
                    {
                      "Node Type": "Hash",
                      "Parent Relationship": "Inner",
                      "Parallel Aware": true,
                      "Startup Cost": 95663.8,
                      "Total Cost": 95663.8,
                      "Plan Rows": 1047047,
                      "Plan Width": 8,
                      "Actual Startup Time": 608.838,
                      "Actual Total Time": 609.887,
                      "Actual Rows": 462518,
                      "Actual Loops": 7,
                      "Hash Buckets": 4194304,
                      "Original Hash Buckets": 4194304,
                      "Hash Batches": 1,
                      "Original Hash Batches": 1,
                      "Peak Memory Usage": 159520,
                      "Plans": [
                        {
                          "Node Type": "Hash Join",
                          "Parent Relationship": "Outer",
                          "Parallel Aware": true,
                          "Join Type": "Inner",
                          "Startup Cost": 50219.64,
                          "Total Cost": 95663.8,
                          "Plan Rows": 1047047,
                          "Plan Width": 8,
                          "Actual Startup Time": 269.359,
                          "Actual Total Time": 456.497,
                          "Actual Rows": 462518,
                          "Actual Loops": 7,
                          "Inner Unique": true,
                          "Hash Cond": "(mk.movie_id = t.id)",
                          "Plans": [
                            {
                              "Node Type": "Seq Scan",
                              "Parent Relationship": "Outer",
                              "Parallel Aware": true,
                              "Relation Name": "movie_keyword",
                              "Alias": "mk",
                              "Startup Cost": 0.0,
                              "Total Cost": 42695.65,
                              "Plan Rows": 1047047,
                              "Plan Width": 4,
                              "Actual Startup Time": 0.094,
                              "Actual Total Time": 83.649,
                              "Actual Rows": 462518,
                              "Actual Loops": 7,
                              "Filter": "(keyword_id > 1661)",
                              "Rows Removed by Filter": 183758
                            },
                            {
                              "Node Type": "Hash",
                              "Parent Relationship": "Inner",
                              "Parallel Aware": true,
                              "Startup Cost": 42318.73,
                              "Total Cost": 42318.73,
                              "Plan Rows": 632073,
                              "Plan Width": 4,
                              "Actual Startup Time": 264.289,
                              "Actual Total Time": 264.29,
                              "Actual Rows": 361187,
                              "Actual Loops": 7,
                              "Hash Buckets": 4194304,
                              "Original Hash Buckets": 4194304,
                              "Hash Batches": 1,
                              "Original Hash Batches": 1,
                              "Peak Memory Usage": 131808,
                              "Plans": [
                                {
                                  "Node Type": "Seq Scan",
                                  "Parent Relationship": "Outer",
                                  "Parallel Aware": true,
                                  "Relation Name": "title",
                                  "Alias": "t",
                                  "Startup Cost": 0.0,
                                  "Total Cost": 42318.73,
                                  "Plan Rows": 632073,
                                  "Plan Width": 4,
                                  "Actual Startup Time": 0.061,
                                  "Actual Total Time": 76.501,
                                  "Actual Rows": 361187,
                                  "Actual Loops": 7
                                }
                              ]
                            }
                          ]
                        }
                      ]
                    }
                  ]
                }
              ]
            }
          ]
        }
      ]
    },
    "Planning Time": 1.389,
    "Triggers": [],
    "Execution Time": 3399.012
  }
]