[
  {
    "Plan": {
      "Node Type": "Aggregate",
      "Strategy": "Plain",
      "Partial Mode": "Finalize",
      "Parallel Aware": false,
      "Startup Cost": 51319.02,
      "Total Cost": 51319.03,
      "Plan Rows": 1,
      "Plan Width": 8,
      "Actual Startup Time": 98.115,
      "Actual Total Time": 110.348,
      "Actual Rows": 1,
      "Actual Loops": 1,
      "Plans": [
        {
          "Node Type": "Gather",
          "Parent Relationship": "Outer",
          "Parallel Aware": false,
          "Startup Cost": 51318.6,
          "Total Cost": 51319.01,
          "Plan Rows": 4,
          "Plan Width": 8,
          "Actual Startup Time": 98.009,
          "Actual Total Time": 110.341,
          "Actual Rows": 5,
          "Actual Loops": 1,
          "Workers Planned": 4,
          "Workers Launched": 4,
          "Single Copy": false,
          "Plans": [
            {
              "Node Type": "Aggregate",
              "Strategy": "Plain",
              "Partial Mode": "Partial",
              "Parent Relationship": "Outer",
              "Parallel Aware": false,
              "Startup Cost": 50318.6,
              "Total Cost": 50318.61,
              "Plan Rows": 1,
              "Plan Width": 8,
              "Actual Startup Time": 88.567,
              "Actual Total Time": 88.569,
              "Actual Rows": 1,
              "Actual Loops": 5,
              "Plans": [
                {
                  "Node Type": "Nested Loop",
                  "Parent Relationship": "Outer",
                  "Parallel Aware": false,
                  "Join Type": "Inner",
                  "Startup Cost": 0.43,
                  "Total Cost": 50317.69,
                  "Plan Rows": 365,
                  "Plan Width": 0,
                  "Actual Startup Time": 58.902,
                  "Actual Total Time": 88.502,
                  "Actual Rows": 756,
                  "Actual Loops": 5,
                  "Inner Unique": false,
                  "Plans": [
                    {
                      "Node Type": "Seq Scan",
                      "Parent Relationship": "Outer",
                      "Parallel Aware": true,
                      "Relation Name": "title",
                      "Alias": "t",
                      "Startup Cost": 0.0,
                      "Total Cost": 45479.1,
                      "Plan Rows": 669,
                      "Plan Width": 4,
                      "Actual Startup Time": 56.348,
                      "Actual Total Time": 82.937,
                      "Actual Rows": 672,
                      "Actual Loops": 5,
                      "Filter": "((kind_id < 2) AND (production_year = 1963))",
                      "Rows Removed by Filter": 504990
                    },
                    {
                      "Node Type": "Index Only Scan",
                      "Parent Relationship": "Inner",
                      "Parallel Aware": false,
                      "Scan Direction": "Forward",
                      "Index Name": "movie_id_movie_info_idx",
                      "Relation Name": "movie_info_idx",
                      "Alias": "mi_idx",
                      "Startup Cost": 0.43,
                      "Total Cost": 7.2,
                      "Plan Rows": 3,
                      "Plan Width": 4,
                      "Actual Startup Time": 0.007,
                      "Actual Total Time": 0.008,
                      "Actual Rows": 1,
                      "Actual Loops": 3361,
                      "Index Cond": "(movie_id = t.id)",
                      "Rows Removed by Index Recheck": 0,
                      "Heap Fetches": 3782
                    }
                  ]
                }
              ]
            }
          ]
        }
      ]
    },
    "Planning Time": 0.574,
    "Triggers": [],
    "Execution Time": 110.418
  }
]