[
  {
    "Plan": {
      "Node Type": "Aggregate",
      "Strategy": "Plain",
      "Partial Mode": "Finalize",
      "Parallel Aware": false,
      "Startup Cost": 348373.44,
      "Total Cost": 348373.45,
      "Plan Rows": 1,
      "Plan Width": 8,
      "Actual Startup Time": 691.619,
      "Actual Total Time": 749.664,
      "Actual Rows": 1,
      "Actual Loops": 1,
      "Plans": [
        {
          "Node Type": "Gather",
          "Parent Relationship": "Outer",
          "Parallel Aware": false,
          "Startup Cost": 348372.82,
          "Total Cost": 348373.43,
          "Plan Rows": 6,
          "Plan Width": 8,
          "Actual Startup Time": 691.489,
          "Actual Total Time": 749.653,
          "Actual Rows": 7,
          "Actual Loops": 1,
          "Workers Planned": 6,
          "Workers Launched": 6,
          "Single Copy": false,
          "Plans": [
            {
              "Node Type": "Aggregate",
              "Strategy": "Plain",
              "Partial Mode": "Partial",
              "Parent Relationship": "Outer",
              "Parallel Aware": false,
              "Startup Cost": 347372.82,
              "Total Cost": 347372.83,
              "Plan Rows": 1,
              "Plan Width": 8,
              "Actual Startup Time": 681.099,
              "Actual Total Time": 681.1,
              "Actual Rows": 1,
              "Actual Loops": 7,
              "Plans": [
                {
                  "Node Type": "Seq Scan",
                  "Parent Relationship": "Outer",
                  "Parallel Aware": true,
                  "Relation Name": "cast_info",
                  "Alias": "ci",
                  "Startup Cost": 0.0,
                  "Total Cost": 343257.03,
                  "Plan Rows": 1646315,
                  "Plan Width": 0,
                  "Actual Startup Time": 240.351,
                  "Actual Total Time": 652.584,
                  "Actual Rows": 600057,
                  "Actual Loops": 7,
                  "Filter": "((person_id < 1483023) AND (role_id > 1))",
                  "Rows Removed by Filter": 4577707
                }
              ]
            }
          ]
        }
      ]
    },
    "Planning Time": 0.225,
    "Triggers": [],
    "Execution Time": 749.739
  }
]