[
  {
    "Plan": {
      "Node Type": "Aggregate",
      "Strategy": "Plain",
      "Partial Mode": "Finalize",
      "Parallel Aware": false,
      "Startup Cost": 375203.26,
      "Total Cost": 375203.27,
      "Plan Rows": 1,
      "Plan Width": 8,
      "Actual Startup Time": 1416.48,
      "Actual Total Time": 1467.71,
      "Actual Rows": 1,
      "Actual Loops": 1,
      "Plans": [
        {
          "Node Type": "Gather",
          "Parent Relationship": "Outer",
          "Parallel Aware": false,
          "Startup Cost": 375202.63,
          "Total Cost": 375203.24,
          "Plan Rows": 6,
          "Plan Width": 8,
          "Actual Startup Time": 1415.403,
          "Actual Total Time": 1467.704,
          "Actual Rows": 7,
          "Actual Loops": 1,
          "Workers Planned": 6,
          "Workers Launched": 6,
          "Single Copy": false,
          "Plans": [
            {
              "Node Type": "Aggregate",
              "Strategy": "Plain",
              "Partial Mode": "Partial",
              "Parent Relationship": "Outer",
              "Parallel Aware": false,
              "Startup Cost": 374202.63,
              "Total Cost": 374202.64,
              "Plan Rows": 1,
              "Plan Width": 8,
              "Actual Startup Time": 1408.653,
              "Actual Total Time": 1408.657,
              "Actual Rows": 1,
              "Actual Loops": 7,
              "Plans": [
                {
                  "Node Type": "Hash Join",
                  "Parent Relationship": "Outer",
                  "Parallel Aware": true,
                  "Join Type": "Inner",
                  "Startup Cost": 44358.38,
                  "Total Cost": 373325.04,
                  "Plan Rows": 351036,
                  "Plan Width": 0,
                  "Actual Startup Time": 86.274,
                  "Actual Total Time": 1397.849,
                  "Actual Rows": 202753,
                  "Actual Loops": 7,
                  "Inner Unique": true,
                  "Hash Cond": "(ci.movie_id = t.id)",
                  "Plans": [
                    {
                      "Node Type": "Seq Scan",
                      "Parent Relationship": "Outer",
                      "Parallel Aware": true,
                      "Relation Name": "cast_info",
                      "Alias": "ci",
                      "Startup Cost": 0.0,
                      "Total Cost": 313106.51,
                      "Plan Rows": 6041951,
                      "Plan Width": 4,
                      "Actual Startup Time": 0.033,
                      "Actual Total Time": 562.844,
                      "Actual Rows": 5177763,
                      "Actual Loops": 7
                    },
                    {
                      "Node Type": "Hash",
                      "Parent Relationship": "Inner",
                      "Parallel Aware": true,
                      "Startup Cost": 43899.32,
                      "Total Cost": 43899.32,
                      "Plan Rows": 36725,
                      "Plan Width": 4,
                      "Actual Startup Time": 84.883,
                      "Actual Total Time": 84.884,
                      "Actual Rows": 22905,
                      "Actual Loops": 7,
                      "Hash Buckets": 262144,
                      "Original Hash Buckets": 262144,
                      "Hash Batches": 1,
                      "Original Hash Batches": 1,
                      "Peak Memory Usage": 8416,
                      "Plans": [
                        {
                          "Node Type": "Seq Scan",
                          "Parent Relationship": "Outer",
                          "Parallel Aware": true,
                          "Relation Name": "title",
                          "Alias": "t",
                          "Startup Cost": 0.0,
                          "Total Cost": 43899.32,
                          "Plan Rows": 36725,
                          "Plan Width": 4,
                          "Actual Startup Time": 0.737,
                          "Actual Total Time": 73.658,
                          "Actual Rows": 22905,
                          "Actual Loops": 7,
                          "Filter": "(production_year < 1949)",
                          "Rows Removed by Filter": 338282
                        }
                      ]
                    }
                  ]
                }
              ]
            }
          ]
        }
      ]
    },
    "Planning Time": 0.267,
    "Triggers": [],
    "Execution Time": 1467.763
  }
]