[
  {
    "Plan": {
      "Node Type": "Aggregate",
      "Strategy": "Plain",
      "Partial Mode": "Finalize",
      "Parallel Aware": false,
      "Startup Cost": 127295.24,
      "Total Cost": 127295.25,
      "Plan Rows": 1,
      "Plan Width": 8,
      "Actual Startup Time": 918.225,
      "Actual Total Time": 950.123,
      "Actual Rows": 1,
      "Actual Loops": 1,
      "Plans": [
        {
          "Node Type": "Gather",
          "Parent Relationship": "Outer",
          "Parallel Aware": false,
          "Startup Cost": 127294.92,
          "Total Cost": 127295.23,
          "Plan Rows": 3,
          "Plan Width": 8,
          "Actual Startup Time": 888.685,
          "Actual Total Time": 950.108,
          "Actual Rows": 4,
          "Actual Loops": 1,
          "Workers Planned": 3,
          "Workers Launched": 3,
          "Single Copy": false,
          "Plans": [
            {
              "Node Type": "Aggregate",
              "Strategy": "Plain",
              "Partial Mode": "Partial",
              "Parent Relationship": "Outer",
              "Parallel Aware": false,
              "Startup Cost": 126294.92,
              "Total Cost": 126294.93,
              "Plan Rows": 1,
              "Plan Width": 8,
              "Actual Startup Time": 880.717,
              "Actual Total Time": 880.727,
              "Actual Rows": 1,
              "Actual Loops": 4,
              "Plans": [
                {
                  "Node Type": "Hash Join",
                  "Parent Relationship": "Outer",
                  "Parallel Aware": true,
                  "Join Type": "Inner",
                  "Startup Cost": 94667.34,
                  "Total Cost": 125742.67,
                  "Plan Rows": 220899,
                  "Plan Width": 0,
                  "Actual Startup Time": 557.308,
                  "Actual Total Time": 822.959,
                  "Actual Rows": 1315744,
                  "Actual Loops": 4,
                  "Inner Unique": false,
                  "Hash Cond": "(mc.movie_id = t.id)",
                  "Plans": [
                    {
                      "Node Type": "Seq Scan",
                      "Parent Relationship": "Outer",
                      "Parallel Aware": true,
                      "Relation Name": "movie_companies",
                      "Alias": "mc",
                      "Startup Cost": 0.0,
                      "Total Cost": 27206.55,
                      "Plan Rows": 841655,
                      "Plan Width": 4,
                      "Actual Startup Time": 0.014,
                      "Actual Total Time": 59.987,
                      "Actual Rows": 652282,
                      "Actual Loops": 4
                    },
                    {
                      "Node Type": "Hash",
                      "Parent Relationship": "Inner",
                      "Parallel Aware": true,
                      "Startup Cost": 91991.52,
                      "Total Cost": 91991.52,
                      "Plan Rows": 214066,
                      "Plan Width": 8,
                      "Actual Startup Time": 548.907,
                      "Actual Total Time": 548.914,
                      "Actual Rows": 166500,
                      "Actual Loops": 4,
                      "Hash Buckets": 1048576,
                      "Original Hash Buckets": 1048576,
                      "Hash Batches": 1,
                      "Original Hash Batches": 1,
                      "Peak Memory Usage": 34304,
                      "Plans": [
                        {
                          "Node Type": "Hash Join",
                          "Parent Relationship": "Outer",
                          "Parallel Aware": true,
                          "Join Type": "Inner",
                          "Startup Cost": 64299.76,
                          "Total Cost": 91991.52,
                          "Plan Rows": 214066,
                          "Plan Width": 8,
                          "Actual Startup Time": 385.753,
                          "Actual Total Time": 495.377,
                          "Actual Rows": 166500,
                          "Actual Loops": 4,
                          "Inner Unique": true,
                          "Hash Cond": "(mk.movie_id = t.id)",
                          "Plans": [
                            {
                              "Node Type": "Bitmap Heap Scan",
                              "Parent Relationship": "Outer",
                              "Parallel Aware": true,
                              "Relation Name": "movie_keyword",
                              "Alias": "mk",
                              "Startup Cost": 14079.38,
                              "Total Cost": 41209.21,
                              "Plan Rows": 214066,
                              "Plan Width": 4,
                              "Actual Startup Time": 44.618,
                              "Actual Total Time": 100.716,
                              "Actual Rows": 166500,
                              "Actual Loops": 4,
                              "Recheck Cond": "(keyword_id > 28168)",
                              "Rows Removed by Index Recheck": 0,
                              "Exact Heap Blocks": 6600,
                              "Lossy Heap Blocks": 0,
                              "Plans": [
                                {
                                  "Node Type": "Bitmap Index Scan",
                                  "Parent Relationship": "Outer",
                                  "Parallel Aware": false,
                                  "Index Name": "keyword_id_movie_keyword",
                                  "Startup Cost": 0.0,
                                  "Total Cost": 13913.48,
                                  "Plan Rows": 663606,
                                  "Plan Width": 0,
                                  "Actual Startup Time": 41.145,
                                  "Actual Total Time": 41.145,
                                  "Actual Rows": 665998,
                                  "Actual Loops": 1,
                                  "Index Cond": "(keyword_id > 28168)"
                                }
                              ]
                            },
                            {
                              "Node Type": "Hash",
                              "Parent Relationship": "Inner",
                              "Parallel Aware": true,
                              "Startup Cost": 42319.06,
                              "Total Cost": 42319.06,
                              "Plan Rows": 632106,
                              "Plan Width": 4,
                              "Actual Startup Time": 334.467,
                              "Actual Total Time": 334.468,
                              "Actual Rows": 632078,
                              "Actual Loops": 4,
                              "Hash Buckets": 4194304,
                              "Original Hash Buckets": 4194304,
                              "Hash Batches": 1,
                              "Original Hash Batches": 1,
                              "Peak Memory Usage": 131712,
                              "Plans": [
                                {
                                  "Node Type": "Seq Scan",
                                  "Parent Relationship": "Outer",
                                  "Parallel Aware": true,
                                  "Relation Name": "title",
                                  "Alias": "t",
                                  "Startup Cost": 0.0,
                                  "Total Cost": 42319.06,
                                  "Plan Rows": 632106,
                                  "Plan Width": 4,
                                  "Actual Startup Time": 0.06,
                                  "Actual Total Time": 96.639,
                                  "Actual Rows": 632078,
                                  "Actual Loops": 4
                                }
                              ]
                            }
                          ]
                        }
                      ]
                    }
                  ]
                }
              ]
            }
          ]
        }
      ]
    },
    "Planning Time": 0.444,
    "Triggers": [],
    "Execution Time": 950.18
  }
]