{
    "Plan": {
        "Node Type": "Aggregate",
        "Strategy": "Plain",
        "Partial Mode": "Finalize",
        "Parallel Aware": false,
        "Startup Cost": 207159.94,
        "Total Cost": 207159.95,
        "Plan Rows": 1,
        "Plan Width": 8,
        "Actual Startup Time": 982.797,
        "Actual Total Time": 1021.097,
        "Actual Rows": 1,
        "Actual Loops": 1,
        "Output": [
            "count(*)"
        ],
        "Plans": [
            {
                "Node Type": "Gather",
                "Parent Relationship": "Outer",
                "Parallel Aware": false,
                "Startup Cost": 207159.73,
                "Total Cost": 207159.94,
                "Plan Rows": 2,
                "Plan Width": 8,
                "Actual Startup Time": 982.181,
                "Actual Total Time": 1021.088,
                "Actual Rows": 3,
                "Actual Loops": 1,
                "Output": [
                    "(PARTIAL count(*))"
                ],
                "Workers Planned": 2,
                "Workers Launched": 2,
                "Single Copy": false,
                "Plans": [
                    {
                        "Node Type": "Aggregate",
                        "Strategy": "Plain",
                        "Partial Mode": "Partial",
                        "Parent Relationship": "Outer",
                        "Parallel Aware": false,
                        "Startup Cost": 206159.73,
                        "Total Cost": 206159.74,
                        "Plan Rows": 1,
                        "Plan Width": 8,
                        "Actual Startup Time": 972.487,
                        "Actual Total Time": 972.491,
                        "Actual Rows": 1,
                        "Actual Loops": 3,
                        "Output": [
                            "PARTIAL count(*)"
                        ],
                        "Workers": [
                            {
                                "Worker Number": 0,
                                "Actual Startup Time": 969.065,
                                "Actual Total Time": 969.068,
                                "Actual Rows": 1,
                                "Actual Loops": 1
                            },
                            {
                                "Worker Number": 1,
                                "Actual Startup Time": 966.977,
                                "Actual Total Time": 966.982,
                                "Actual Rows": 1,
                                "Actual Loops": 1
                            }
                        ],
                        "Plans": [
                            {
                                "Node Type": "Nested Loop",
                                "Parent Relationship": "Outer",
                                "Parallel Aware": false,
                                "Join Type": "Inner",
                                "Startup Cost": 46520.87,
                                "Total Cost": 206005.53,
                                "Plan Rows": 61677,
                                "Plan Width": 0,
                                "Actual Startup Time": 203.277,
                                "Actual Total Time": 961.501,
                                "Actual Rows": 152610,
                                "Actual Loops": 3,
                                "Inner Unique": false,
                                "Join Filter": "(t.id = mi.movie_id)",
                                "Rows Removed by Join Filter": 0,
                                "Workers": [
                                    {
                                        "Worker Number": 0,
                                        "Actual Startup Time": 199.286,
                                        "Actual Total Time": 958.801,
                                        "Actual Rows": 160677,
                                        "Actual Loops": 1
                                    },
                                    {
                                        "Worker Number": 1,
                                        "Actual Startup Time": 199.717,
                                        "Actual Total Time": 955.357,
                                        "Actual Rows": 108853,
                                        "Actual Loops": 1
                                    }
                                ],
                                "Plans": [
                                    {
                                        "Node Type": "Hash Join",
                                        "Parent Relationship": "Outer",
                                        "Parallel Aware": true,
                                        "Join Type": "Inner",
                                        "Startup Cost": 46520.43,
                                        "Total Cost": 61714.99,
                                        "Plan Rows": 75778,
                                        "Plan Width": 8,
                                        "Actual Startup Time": 203.156,
                                        "Actual Total Time": 288.928,
                                        "Actual Rows": 77132,
                                        "Actual Loops": 3,
                                        "Output": [
                                            "t.id",
                                            "mi_idx.movie_id"
                                        ],
                                        "Inner Unique": true,
                                        "Hash Cond": "(mi_idx.movie_id = t.id)",
                                        "Workers": [
                                            {
                                                "Worker Number": 0,
                                                "Actual Startup Time": 199.129,
                                                "Actual Total Time": 282.363,
                                                "Actual Rows": 81204,
                                                "Actual Loops": 1
                                            },
                                            {
                                                "Worker Number": 1,
                                                "Actual Startup Time": 199.546,
                                                "Actual Total Time": 282.148,
                                                "Actual Rows": 55010,
                                                "Actual Loops": 1
                                            }
                                        ],
                                        "Plans": [
                                            {
                                                "Node Type": "Seq Scan",
                                                "Parent Relationship": "Outer",
                                                "Parallel Aware": true,
                                                "Relation Name": "movie_info_idx",
                                                "Schema": "public",
                                                "Alias": "mi_idx",
                                                "Startup Cost": 0.0,
                                                "Total Cost": 13685.15,
                                                "Plan Rows": 575015,
                                                "Plan Width": 4,
                                                "Actual Startup Time": 0.009,
                                                "Actual Total Time": 40.304,
                                                "Actual Rows": 460012,
                                                "Actual Loops": 3,
                                                "Output": [
                                                    "mi_idx.id",
                                                    "mi_idx.movie_id",
                                                    "mi_idx.info_type_id",
                                                    "mi_idx.info",
                                                    "mi_idx.note"
                                                ],
                                                "Workers": [
                                                    {
                                                        "Worker Number": 0,
                                                        "Actual Startup Time": 0.008,
                                                        "Actual Total Time": 39.441,
                                                        "Actual Rows": 489871,
                                                        "Actual Loops": 1
                                                    },
                                                    {
                                                        "Worker Number": 1,
                                                        "Actual Startup Time": 0.009,
                                                        "Actual Total Time": 41.994,
                                                        "Actual Rows": 332557,
                                                        "Actual Loops": 1
                                                    }
                                                ]
                                            },
                                            {
                                                "Node Type": "Hash",
                                                "Parent Relationship": "Inner",
                                                "Parallel Aware": true,
                                                "Startup Cost": 45479.21,
                                                "Total Cost": 45479.21,
                                                "Plan Rows": 83298,
                                                "Plan Width": 4,
                                                "Actual Startup Time": 160.981,
                                                "Actual Total Time": 160.982,
                                                "Actual Rows": 85190,
                                                "Actual Loops": 3,
                                                "Output": [
                                                    "t.id"
                                                ],
                                                "Hash Buckets": 524288,
                                                "Original Hash Buckets": 524288,
                                                "Hash Batches": 1,
                                                "Original Hash Batches": 1,
                                                "Peak Memory Usage": 14176,
                                                "Workers": [
                                                    {
                                                        "Worker Number": 0,
                                                        "Actual Startup Time": 160.591,
                                                        "Actual Total Time": 160.592,
                                                        "Actual Rows": 90811,
                                                        "Actual Loops": 1
                                                    },
                                                    {
                                                        "Worker Number": 1,
                                                        "Actual Startup Time": 161.163,
                                                        "Actual Total Time": 161.165,
                                                        "Actual Rows": 63839,
                                                        "Actual Loops": 1
                                                    }
                                                ],
                                                "Plans": [
                                                    {
                                                        "Node Type": "Seq Scan",
                                                        "Parent Relationship": "Outer",
                                                        "Parallel Aware": true,
                                                        "Relation Name": "title",
                                                        "Schema": "public",
                                                        "Alias": "t",
                                                        "Startup Cost": 0.0,
                                                        "Total Cost": 45479.21,
                                                        "Plan Rows": 83298,
                                                        "Plan Width": 4,
                                                        "Actual Startup Time": 55.875,
                                                        "Actual Total Time": 132.264,
                                                        "Actual Rows": 85190,
                                                        "Actual Loops": 3,
                                                        "Output": [
                                                            "t.id"
                                                        ],
                                                        "Filter": "((t.production_year > 2002) AND (t.kind_id = 1))",
                                                        "Rows Removed by Filter": 757580,
                                                        "Workers": [
                                                            {
                                                                "Worker Number": 0,
                                                                "Actual Startup Time": 77.9,
                                                                "Actual Total Time": 130.67,
                                                                "Actual Rows": 90811,
                                                                "Actual Loops": 1
                                                            },
                                                            {
                                                                "Worker Number": 1,
                                                                "Actual Startup Time": 11.238,
                                                                "Actual Total Time": 135.022,
                                                                "Actual Rows": 63839,
                                                                "Actual Loops": 1
                                                            }
                                                        ]
                                                    }
                                                ]
                                            }
                                        ]
                                    },
                                    {
                                        "Node Type": "Index Scan",
                                        "Parent Relationship": "Inner",
                                        "Parallel Aware": false,
                                        "Scan Direction": "Forward",
                                        "Index Name": "movie_id_movie_info",
                                        "Relation Name": "movie_info",
                                        "Schema": "public",
                                        "Alias": "mi",
                                        "Startup Cost": 0.43,
                                        "Total Cost": 1.84,
                                        "Plan Rows": 5,
                                        "Plan Width": 4,
                                        "Actual Startup Time": 0.004,
                                        "Actual Total Time": 0.008,
                                        "Actual Rows": 2,
                                        "Actual Loops": 231397,
                                        "Output": [
                                            "mi.id",
                                            "mi.movie_id",
                                            "mi.info_type_id",
                                            "mi.info",
                                            "mi.note"
                                        ],
                                        "Index Cond": "(mi.movie_id = mi_idx.movie_id)",
                                        "Rows Removed by Index Recheck": 0,
                                        "Filter": "(mi.info_type_id < 3)",
                                        "Rows Removed by Filter": 20,
                                        "Workers": [
                                            {
                                                "Worker Number": 0,
                                                "Actual Startup Time": 0.004,
                                                "Actual Total Time": 0.008,
                                                "Actual Rows": 2,
                                                "Actual Loops": 81204
                                            },
                                            {
                                                "Worker Number": 1,
                                                "Actual Startup Time": 0.005,
                                                "Actual Total Time": 0.012,
                                                "Actual Rows": 2,
                                                "Actual Loops": 55010
                                            }
                                        ]
                                    }
                                ]
                            }
                        ]
                    }
                ]
            }
        ]
    },
    "Planning Time": 1.573,
    "Triggers": [],
    "Execution Time": 1021.202
}