[
  {
    "Plan": {
      "Node Type": "Aggregate",
      "Strategy": "Plain",
      "Partial Mode": "Finalize",
      "Parallel Aware": false,
      "Startup Cost": 125437.51,
      "Total Cost": 125437.52,
      "Plan Rows": 1,
      "Plan Width": 8,
      "Actual Startup Time": 503.137,
      "Actual Total Time": 525.029,
      "Actual Rows": 1,
      "Actual Loops": 1,
      "Plans": [
        {
          "Node Type": "Gather",
          "Parent Relationship": "Outer",
          "Parallel Aware": false,
          "Startup Cost": 125437.19,
          "Total Cost": 125437.5,
          "Plan Rows": 3,
          "Plan Width": 8,
          "Actual Startup Time": 501.016,
          "Actual Total Time": 525.018,
          "Actual Rows": 4,
          "Actual Loops": 1,
          "Workers Planned": 3,
          "Workers Launched": 3,
          "Single Copy": false,
          "Plans": [
            {
              "Node Type": "Aggregate",
              "Strategy": "Plain",
              "Partial Mode": "Partial",
              "Parent Relationship": "Outer",
              "Parallel Aware": false,
              "Startup Cost": 124437.19,
              "Total Cost": 124437.2,
              "Plan Rows": 1,
              "Plan Width": 8,
              "Actual Startup Time": 492.34,
              "Actual Total Time": 492.474,
              "Actual Rows": 1,
              "Actual Loops": 4,
              "Plans": [
                {
                  "Node Type": "Hash Join",
                  "Parent Relationship": "Outer",
                  "Parallel Aware": true,
                  "Join Type": "Inner",
                  "Startup Cost": 79013.21,
                  "Total Cost": 124269.3,
                  "Plan Rows": 67155,
                  "Plan Width": 0,
                  "Actual Startup Time": 313.07,
                  "Actual Total Time": 489.018,
                  "Actual Rows": 65389,
                  "Actual Loops": 4,
                  "Inner Unique": false,
                  "Hash Cond": "(mk.movie_id = t.id)",
                  "Plans": [
                    {
                      "Node Type": "Seq Scan",
                      "Parent Relationship": "Outer",
                      "Parallel Aware": true,
                      "Relation Name": "movie_keyword",
                      "Alias": "mk",
                      "Startup Cost": 0.0,
                      "Total Cost": 42695.65,
                      "Plan Rows": 638013,
                      "Plan Width": 4,
                      "Actual Startup Time": 0.039,
                      "Actual Total Time": 119.305,
                      "Actual Rows": 497247,
                      "Actual Loops": 4,
                      "Filter": "(keyword_id < 3518)",
                      "Rows Removed by Filter": 633736
                    },
                    {
                      "Node Type": "Hash",
                      "Parent Relationship": "Inner",
                      "Parallel Aware": true,
                      "Startup Cost": 78181.59,
                      "Total Cost": 78181.59,
                      "Plan Rows": 66530,
                      "Plan Width": 8,
                      "Actual Startup Time": 309.693,
                      "Actual Total Time": 309.825,
                      "Actual Rows": 35090,
                      "Actual Loops": 4,
                      "Hash Buckets": 524288,
                      "Original Hash Buckets": 524288,
                      "Hash Batches": 1,
                      "Original Hash Batches": 1,
                      "Peak Memory Usage": 9632,
                      "Plans": [
                        {
                          "Node Type": "Hash Join",
                          "Parent Relationship": "Outer",
                          "Parallel Aware": true,
                          "Join Type": "Inner",
                          "Startup Cost": 32487.88,
                          "Total Cost": 78181.59,
                          "Plan Rows": 66530,
                          "Plan Width": 8,
                          "Actual Startup Time": 104.382,
                          "Actual Total Time": 295.084,
                          "Actual Rows": 35090,
                          "Actual Loops": 4,
                          "Inner Unique": false,
                          "Hash Cond": "(t.id = mc.movie_id)",
                          "Plans": [
                            {
                              "Node Type": "Seq Scan",
                              "Parent Relationship": "Outer",
                              "Parallel Aware": true,
                              "Relation Name": "title",
                              "Alias": "t",
                              "Startup Cost": 0.0,
                              "Total Cost": 42318.73,
                              "Plan Rows": 632073,
                              "Plan Width": 4,
                              "Actual Startup Time": 0.011,
                              "Actual Total Time": 86.407,
                              "Actual Rows": 632078,
                              "Actual Loops": 4
                            },
                            {
                              "Node Type": "Hash",
                              "Parent Relationship": "Inner",
                              "Parallel Aware": true,
                              "Startup Cost": 31414.82,
                              "Total Cost": 31414.82,
                              "Plan Rows": 85845,
                              "Plan Width": 4,
                              "Actual Startup Time": 102.5,
                              "Actual Total Time": 102.501,
                              "Actual Rows": 35090,
                              "Actual Loops": 4,
                              "Hash Buckets": 524288,
                              "Original Hash Buckets": 524288,
                              "Hash Batches": 1,
                              "Original Hash Batches": 1,
                              "Peak Memory Usage": 9632,
                              "Plans": [
                                {
                                  "Node Type": "Seq Scan",
                                  "Parent Relationship": "Outer",
                                  "Parallel Aware": true,
                                  "Relation Name": "movie_companies",
                                  "Alias": "mc",
                                  "Startup Cost": 0.0,
                                  "Total Cost": 31414.82,
                                  "Plan Rows": 85845,
                                  "Plan Width": 4,
                                  "Actual Startup Time": 51.573,
                                  "Actual Total Time": 84.807,
                                  "Actual Rows": 35090,
                                  "Actual Loops": 4,
                                  "Filter": "((company_id < 480) AND (company_type_id = 2))",
                                  "Rows Removed by Filter": 617192
                                }
                              ]
                            }
                          ]
                        }
                      ]
                    }
                  ]
                }
              ]
            }
          ]
        }
      ]
    },
    "Planning Time": 1.498,
    "Triggers": [],
    "Execution Time": 525.113
  }
]