[
  {
    "Plan": {
      "Node Type": "Aggregate",
      "Strategy": "Plain",
      "Partial Mode": "Finalize",
      "Parallel Aware": false,
      "Startup Cost": 84606.49,
      "Total Cost": 84606.5,
      "Plan Rows": 1,
      "Plan Width": 8,
      "Actual Startup Time": 137.819,
      "Actual Total Time": 158.473,
      "Actual Rows": 1,
      "Actual Loops": 1,
      "Plans": [
        {
          "Node Type": "Gather",
          "Parent Relationship": "Outer",
          "Parallel Aware": false,
          "Startup Cost": 84606.07,
          "Total Cost": 84606.48,
          "Plan Rows": 4,
          "Plan Width": 8,
          "Actual Startup Time": 137.537,
          "Actual Total Time": 158.459,
          "Actual Rows": 5,
          "Actual Loops": 1,
          "Workers Planned": 4,
          "Workers Launched": 4,
          "Single Copy": false,
          "Plans": [
            {
              "Node Type": "Aggregate",
              "Strategy": "Plain",
              "Partial Mode": "Partial",
              "Parent Relationship": "Outer",
              "Parallel Aware": false,
              "Startup Cost": 83606.07,
              "Total Cost": 83606.08,
              "Plan Rows": 1,
              "Plan Width": 8,
              "Actual Startup Time": 130.313,
              "Actual Total Time": 130.316,
              "Actual Rows": 1,
              "Actual Loops": 5,
              "Plans": [
                {
                  "Node Type": "Nested Loop",
                  "Parent Relationship": "Outer",
                  "Parallel Aware": false,
                  "Join Type": "Inner",
                  "Startup Cost": 1.0,
                  "Total Cost": 83528.12,
                  "Plan Rows": 31182,
                  "Plan Width": 0,
                  "Actual Startup Time": 2.012,
                  "Actual Total Time": 129.507,
                  "Actual Rows": 12262,
                  "Actual Loops": 5,
                  "Inner Unique": false,
                  "Join Filter": "(t.id = ci.movie_id)",
                  "Rows Removed by Join Filter": 0,
                  "Plans": [
                    {
                      "Node Type": "Nested Loop",
                      "Parent Relationship": "Outer",
                      "Parallel Aware": false,
                      "Join Type": "Inner",
                      "Startup Cost": 0.43,
                      "Total Cost": 72644.45,
                      "Plan Rows": 6207,
                      "Plan Width": 8,
                      "Actual Startup Time": 1.026,
                      "Actual Total Time": 84.327,
                      "Actual Rows": 1430,
                      "Actual Loops": 5,
                      "Inner Unique": false,
                      "Plans": [
                        {
                          "Node Type": "Seq Scan",
                          "Parent Relationship": "Outer",
                          "Parallel Aware": true,
                          "Relation Name": "title",
                          "Alias": "t",
                          "Startup Cost": 0.0,
                          "Total Cost": 45479.59,
                          "Plan Rows": 3469,
                          "Plan Width": 4,
                          "Actual Startup Time": 0.079,
                          "Actual Total Time": 72.763,
                          "Actual Rows": 2726,
                          "Actual Loops": 5,
                          "Filter": "((kind_id = 7) AND (production_year = 1990))",
                          "Rows Removed by Filter": 502936
                        },
                        {
                          "Node Type": "Index Only Scan",
                          "Parent Relationship": "Inner",
                          "Parallel Aware": false,
                          "Scan Direction": "Forward",
                          "Index Name": "movie_id_movie_keyword",
                          "Relation Name": "movie_keyword",
                          "Alias": "mk",
                          "Startup Cost": 0.43,
                          "Total Cost": 7.37,
                          "Plan Rows": 46,
                          "Plan Width": 4,
                          "Actual Startup Time": 0.004,
                          "Actual Total Time": 0.004,
                          "Actual Rows": 1,
                          "Actual Loops": 13632,
                          "Index Cond": "(movie_id = t.id)",
                          "Rows Removed by Index Recheck": 0,
                          "Heap Fetches": 7148
                        }
                      ]
                    },
                    {
                      "Node Type": "Index Scan",
                      "Parent Relationship": "Inner",
                      "Parallel Aware": false,
                      "Scan Direction": "Forward",
                      "Index Name": "movie_id_cast_info",
                      "Relation Name": "cast_info",
                      "Alias": "ci",
                      "Startup Cost": 0.56,
                      "Total Cost": 1.6,
                      "Plan Rows": 12,
                      "Plan Width": 4,
                      "Actual Startup Time": 0.005,
                      "Actual Total Time": 0.03,
                      "Actual Rows": 9,
                      "Actual Loops": 7148,
                      "Index Cond": "(movie_id = mk.movie_id)",
                      "Rows Removed by Index Recheck": 0,
                      "Filter": "(role_id < 2)",
                      "Rows Removed by Filter": 20
                    }
                  ]
                }
              ]
            }
          ]
        }
      ]
    },
    "Planning Time": 0.665,
    "Triggers": [],
    "Execution Time": 158.541
  }
]