{
  "Plan": {
    "Node Type": "Aggregate",
    "Strategy": "Plain",
    "Partial Mode": "Finalize",
    "Parallel Aware": false,
    "Startup Cost": 207636.76,
    "Total Cost": 207636.77,
    "Plan Rows": 1,
    "Plan Width": 64,
    "Actual Startup Time": 2130.984,
    "Actual Total Time": 2131.087,
    "Actual Rows": 1,
    "Actual Loops": 1,
    "Plans": [
      {
        "Node Type": "Gather",
        "Parent Relationship": "Outer",
        "Parallel Aware": false,
        "Startup Cost": 207636.65,
        "Total Cost": 207636.76,
        "Plan Rows": 1,
        "Plan Width": 64,
        "Actual Startup Time": 2130.98,
        "Actual Total Time": 2131.082,
        "Actual Rows": 1,
        "Actual Loops": 1,
        "Workers Planned": 1,
        "Workers Launched": 0,
        "Single Copy": false,
        "Plans": [
          {
            "Node Type": "Aggregate",
            "Strategy": "Plain",
            "Partial Mode": "Partial",
            "Parent Relationship": "Outer",
            "Parallel Aware": false,
            "Startup Cost": 206636.65,
            "Total Cost": 206636.66,
            "Plan Rows": 1,
            "Plan Width": 64,
            "Actual Startup Time": 2130.062,
            "Actual Total Time": 2130.067,
            "Actual Rows": 1,
            "Actual Loops": 1,
            "Plans": [
              {
                "Node Type": "Merge Join",
                "Parent Relationship": "Outer",
                "Parallel Aware": false,
                "Join Type": "Inner",
                "Startup Cost": 206472.47,
                "Total Cost": 206595.62,
                "Plan Rows": 8206,
                "Plan Width": 33,
                "Actual Startup Time": 2127.057,
                "Actual Total Time": 2129.019,
                "Actual Rows": 12862,
                "Actual Loops": 1,
                "Inner Unique": true,
                "Merge Cond": "(ci.role_id = rt.id)",
                "Plans": [
                  {
                    "Node Type": "Sort",
                    "Parent Relationship": "Outer",
                    "Parallel Aware": false,
                    "Startup Cost": 206471.14,
                    "Total Cost": 206491.65,
                    "Plan Rows": 8206,
                    "Plan Width": 37,
                    "Actual Startup Time": 2127.025,
                    "Actual Total Time": 2127.503,
                    "Actual Rows": 12862,
                    "Actual Loops": 1,
                    "Sort Key": [
                      "ci.role_id"
                    ],
                    "Sort Method": "quicksort",
                    "Sort Space Used": 1579,
                    "Sort Space Type": "Memory",
                    "Plans": [
                      {
                        "Node Type": "Nested Loop",
                        "Parent Relationship": "Outer",
                        "Parallel Aware": false,
                        "Join Type": "Inner",
                        "Startup Cost": 2.94,
                        "Total Cost": 205937.64,
                        "Plan Rows": 8206,
                        "Plan Width": 37,
                        "Actual Startup Time": 31.0,
                        "Actual Total Time": 2122.952,
                        "Actual Rows": 12862,
                        "Actual Loops": 1,
                        "Inner Unique": true,
                        "Plans": [
                          {
                            "Node Type": "Nested Loop",
                            "Parent Relationship": "Outer",
                            "Parallel Aware": false,
                            "Join Type": "Inner",
                            "Startup Cost": 2.51,
                            "Total Cost": 200279.07,
                            "Plan Rows": 8206,
                            "Plan Width": 25,
                            "Actual Startup Time": 30.982,
                            "Actual Total Time": 2077.654,
                            "Actual Rows": 14643,
                            "Actual Loops": 1,
                            "Inner Unique": false,
                            "Join Filter": "(t.id = ci.movie_id)",
                            "Rows Removed by Join Filter": 0,
                            "Plans": [
                              {
                                "Node Type": "Nested Loop",
                                "Parent Relationship": "Outer",
                                "Parallel Aware": false,
                                "Join Type": "Inner",
                                "Startup Cost": 1.95,
                                "Total Cost": 151738.06,
                                "Plan Rows": 26319,
                                "Plan Width": 25,
                                "Actual Startup Time": 0.26,
                                "Actual Total Time": 906.55,
                                "Actual Rows": 39406,
                                "Actual Loops": 1,
                                "Inner Unique": true,
                                "Plans": [
                                  {
                                    "Node Type": "Hash Join",
                                    "Parent Relationship": "Outer",
                                    "Parallel Aware": false,
                                    "Join Type": "Inner",
                                    "Startup Cost": 1.52,
                                    "Total Cost": 99274.39,
                                    "Plan Rows": 101088,
                                    "Plan Width": 4,
                                    "Actual Startup Time": 0.138,
                                    "Actual Total Time": 289.241,
                                    "Actual Rows": 204735,
                                    "Actual Loops": 1,
                                    "Inner Unique": true,
                                    "Hash Cond": "(mc.company_type_id = ct.id)",
                                    "Plans": [
                                      {
                                        "Node Type": "Nested Loop",
                                        "Parent Relationship": "Outer",
                                        "Parallel Aware": false,
                                        "Join Type": "Inner",
                                        "Startup Cost": 0.43,
                                        "Total Cost": 98726.79,
                                        "Plan Rows": 101088,
                                        "Plan Width": 8,
                                        "Actual Startup Time": 0.099,
                                        "Actual Total Time": 259.468,
                                        "Actual Rows": 204735,
                                        "Actual Loops": 1,
                                        "Inner Unique": false,
                                        "Plans": [
                                          {
                                            "Node Type": "Seq Scan",
                                            "Parent Relationship": "Outer",
                                            "Parallel Aware": true,
                                            "Relation Name": "company_name",
                                            "Alias": "cn",
                                            "Startup Cost": 0.0,
                                            "Total Cost": 4722.92,
                                            "Plan Rows": 9105,
                                            "Plan Width": 4,
                                            "Actual Startup Time": 0.02,
                                            "Actual Total Time": 24.855,
                                            "Actual Rows": 16045,
                                            "Actual Loops": 1,
                                            "Filter": "((country_code)::text = '[gb]'::text)",
                                            "Rows Removed by Filter": 218952
                                          },
                                          {
                                            "Node Type": "Index Scan",
                                            "Parent Relationship": "Inner",
                                            "Parallel Aware": false,
                                            "Scan Direction": "Forward",
                                            "Index Name": "company_id_movie_companies",
                                            "Relation Name": "movie_companies",
                                            "Alias": "mc",
                                            "Startup Cost": 0.43,
                                            "Total Cost": 9.01,
                                            "Plan Rows": 131,
                                            "Plan Width": 12,
                                            "Actual Startup Time": 0.004,
                                            "Actual Total Time": 0.013,
                                            "Actual Rows": 13,
                                            "Actual Loops": 16045,
                                            "Index Cond": "(company_id = cn.id)",
                                            "Rows Removed by Index Recheck": 0
                                          }
                                        ]
                                      },
                                      {
                                        "Node Type": "Hash",
                                        "Parent Relationship": "Inner",
                                        "Parallel Aware": false,
                                        "Startup Cost": 1.04,
                                        "Total Cost": 1.04,
                                        "Plan Rows": 4,
                                        "Plan Width": 4,
                                        "Actual Startup Time": 0.024,
                                        "Actual Total Time": 0.025,
                                        "Actual Rows": 4,
                                        "Actual Loops": 1,
                                        "Hash Buckets": 1024,
                                        "Original Hash Buckets": 1024,
                                        "Hash Batches": 1,
                                        "Original Hash Batches": 1,
                                        "Peak Memory Usage": 9,
                                        "Plans": [
                                          {
                                            "Node Type": "Seq Scan",
                                            "Parent Relationship": "Outer",
                                            "Parallel Aware": false,
                                            "Relation Name": "company_type",
                                            "Alias": "ct",
                                            "Startup Cost": 0.0,
                                            "Total Cost": 1.04,
                                            "Plan Rows": 4,
                                            "Plan Width": 4,
                                            "Actual Startup Time": 0.013,
                                            "Actual Total Time": 0.016,
                                            "Actual Rows": 4,
                                            "Actual Loops": 1
                                          }
                                        ]
                                      }
                                    ]
                                  },
                                  {
                                    "Node Type": "Index Scan",
                                    "Parent Relationship": "Inner",
                                    "Parallel Aware": false,
                                    "Scan Direction": "Forward",
                                    "Index Name": "title_pkey",
                                    "Relation Name": "title",
                                    "Alias": "t",
                                    "Startup Cost": 0.43,
                                    "Total Cost": 0.52,
                                    "Plan Rows": 1,
                                    "Plan Width": 21,
                                    "Actual Startup Time": 0.003,
                                    "Actual Total Time": 0.003,
                                    "Actual Rows": 0,
                                    "Actual Loops": 204735,
                                    "Index Cond": "(id = mc.movie_id)",
                                    "Rows Removed by Index Recheck": 0,
                                    "Filter": "(production_year > 2008)",
                                    "Rows Removed by Filter": 1
                                  }
                                ]
                              },
                              {
                                "Node Type": "Index Scan",
                                "Parent Relationship": "Inner",
                                "Parallel Aware": false,
                                "Scan Direction": "Forward",
                                "Index Name": "movie_id_cast_info",
                                "Relation Name": "cast_info",
                                "Alias": "ci",
                                "Startup Cost": 0.56,
                                "Total Cost": 1.83,
                                "Plan Rows": 1,
                                "Plan Width": 12,
                                "Actual Startup Time": 0.026,
                                "Actual Total Time": 0.029,
                                "Actual Rows": 0,
                                "Actual Loops": 39406,
                                "Index Cond": "(movie_id = mc.movie_id)",
                                "Rows Removed by Index Recheck": 0,
                                "Filter": "(note ~~ '%(voice)%'::text)",
                                "Rows Removed by Filter": 30
                              }
                            ]
                          },
                          {
                            "Node Type": "Index Scan",
                            "Parent Relationship": "Inner",
                            "Parallel Aware": false,
                            "Scan Direction": "Forward",
                            "Index Name": "char_name_pkey",
                            "Relation Name": "char_name",
                            "Alias": "chn",
                            "Startup Cost": 0.43,
                            "Total Cost": 0.69,
                            "Plan Rows": 1,
                            "Plan Width": 20,
                            "Actual Startup Time": 0.003,
                            "Actual Total Time": 0.003,
                            "Actual Rows": 1,
                            "Actual Loops": 14643,
                            "Index Cond": "(id = ci.person_role_id)",
                            "Rows Removed by Index Recheck": 0
                          }
                        ]
                      }
                    ]
                  },
                  {
                    "Node Type": "Sort",
                    "Parent Relationship": "Inner",
                    "Parallel Aware": false,
                    "Startup Cost": 1.34,
                    "Total Cost": 1.37,
                    "Plan Rows": 12,
                    "Plan Width": 4,
                    "Actual Startup Time": 0.026,
                    "Actual Total Time": 0.027,
                    "Actual Rows": 2,
                    "Actual Loops": 1,
                    "Sort Key": [
                      "rt.id"
                    ],
                    "Sort Method": "quicksort",
                    "Sort Space Used": 25,
                    "Sort Space Type": "Memory",
                    "Plans": [
                      {
                        "Node Type": "Seq Scan",
                        "Parent Relationship": "Outer",
                        "Parallel Aware": false,
                        "Relation Name": "role_type",
                        "Alias": "rt",
                        "Startup Cost": 0.0,
                        "Total Cost": 1.12,
                        "Plan Rows": 12,
                        "Plan Width": 4,
                        "Actual Startup Time": 0.013,
                        "Actual Total Time": 0.014,
                        "Actual Rows": 12,
                        "Actual Loops": 1
                      }
                    ]
                  }
                ]
              }
            ]
          }
        ]
      }
    ]
  },
  "Planning Time": 2.281,
  "Triggers": [],
  "Execution Time": 2131.236
}