{
  "Plan": {
    "Node Type": "Aggregate",
    "Strategy": "Plain",
    "Partial Mode": "Finalize",
    "Parallel Aware": false,
    "Startup Cost": 95960.25,
    "Total Cost": 95960.26,
    "Plan Rows": 1,
    "Plan Width": 8,
    "Actual Startup Time": 419.74,
    "Actual Total Time": 435.251,
    "Actual Rows": 1,
    "Actual Loops": 1,
    "Plans": [
      {
        "Node Type": "Gather",
        "Parent Relationship": "Outer",
        "Parallel Aware": false,
        "Startup Cost": 95960.14,
        "Total Cost": 95960.25,
        "Plan Rows": 1,
        "Plan Width": 8,
        "Actual Startup Time": 418.643,
        "Actual Total Time": 435.243,
        "Actual Rows": 2,
        "Actual Loops": 1,
        "Workers Planned": 1,
        "Workers Launched": 1,
        "Single Copy": false,
        "Plans": [
          {
            "Node Type": "Aggregate",
            "Strategy": "Plain",
            "Partial Mode": "Partial",
            "Parent Relationship": "Outer",
            "Parallel Aware": false,
            "Startup Cost": 94960.14,
            "Total Cost": 94960.15,
            "Plan Rows": 1,
            "Plan Width": 8,
            "Actual Startup Time": 412.647,
            "Actual Total Time": 412.651,
            "Actual Rows": 1,
            "Actual Loops": 2,
            "Plans": [
              {
                "Node Type": "Hash Join",
                "Parent Relationship": "Outer",
                "Parallel Aware": true,
                "Join Type": "Inner",
                "Startup Cost": 34897.69,
                "Total Cost": 94649.6,
                "Plan Rows": 124215,
                "Plan Width": 0,
                "Actual Startup Time": 145.551,
                "Actual Total Time": 409.202,
                "Actual Rows": 77137,
                "Actual Loops": 2,
                "Inner Unique": false,
                "Hash Cond": "(t.id = mc.movie_id)",
                "Plans": [
                  {
                    "Node Type": "Seq Scan",
                    "Parent Relationship": "Outer",
                    "Parallel Aware": true,
                    "Relation Name": "title",
                    "Alias": "t",
                    "Startup Cost": 0.0,
                    "Total Cost": 54588.39,
                    "Plan Rows": 709255,
                    "Plan Width": 4,
                    "Actual Startup Time": 0.013,
                    "Actual Total Time": 140.094,
                    "Actual Rows": 596259,
                    "Actual Loops": 2,
                    "Filter": "(production_year > 2003)",
                    "Rows Removed by Filter": 667897
                  },
                  {
                    "Node Type": "Hash",
                    "Parent Relationship": "Inner",
                    "Parallel Aware": true,
                    "Startup Cost": 31641.88,
                    "Total Cost": 31641.88,
                    "Plan Rows": 260465,
                    "Plan Width": 4,
                    "Actual Startup Time": 139.906,
                    "Actual Total Time": 139.907,
                    "Actual Rows": 219658,
                    "Actual Loops": 2,
                    "Hash Buckets": 524288,
                    "Original Hash Buckets": 524288,
                    "Hash Batches": 1,
                    "Original Hash Batches": 1,
                    "Peak Memory Usage": 21312,
                    "Plans": [
                      {
                        "Node Type": "Bitmap Heap Scan",
                        "Parent Relationship": "Outer",
                        "Parallel Aware": true,
                        "Relation Name": "movie_companies",
                        "Alias": "mc",
                        "Startup Cost": 9596.06,
                        "Total Cost": 31641.88,
                        "Plan Rows": 260465,
                        "Plan Width": 4,
                        "Actual Startup Time": 34.445,
                        "Actual Total Time": 92.737,
                        "Actual Rows": 219658,
                        "Actual Loops": 2,
                        "Recheck Cond": "(company_id < 329)",
                        "Rows Removed by Index Recheck": 0,
                        "Exact Heap Blocks": 11179,
                        "Lossy Heap Blocks": 0,
                        "Plans": [
                          {
                            "Node Type": "Bitmap Index Scan",
                            "Parent Relationship": "Outer",
                            "Parallel Aware": false,
                            "Index Name": "company_id_movie_companies",
                            "Startup Cost": 0.0,
                            "Total Cost": 9485.36,
                            "Plan Rows": 442791,
                            "Plan Width": 0,
                            "Actual Startup Time": 31.138,
                            "Actual Total Time": 31.138,
                            "Actual Rows": 439315,
                            "Actual Loops": 1,
                            "Index Cond": "(company_id < 329)"
                          }
                        ]
                      }
                    ]
                  }
                ]
              }
            ]
          }
        ]
      }
    ]
  },
  "Planning Time": 0.455,
  "Triggers": [],
  "Execution Time": 435.347
}