[
  {
    "Plan": {
      "Node Type": "Aggregate",
      "Strategy": "Plain",
      "Partial Mode": "Finalize",
      "Parallel Aware": false,
      "Startup Cost": 33517.3,
      "Total Cost": 33517.31,
      "Plan Rows": 1,
      "Plan Width": 8,
      "Actual Startup Time": 37.119,
      "Actual Total Time": 42.085,
      "Actual Rows": 1,
      "Actual Loops": 1,
      "Plans": [
        {
          "Node Type": "Gather",
          "Parent Relationship": "Outer",
          "Parallel Aware": false,
          "Startup Cost": 33517.08,
          "Total Cost": 33517.29,
          "Plan Rows": 2,
          "Plan Width": 8,
          "Actual Startup Time": 36.941,
          "Actual Total Time": 42.079,
          "Actual Rows": 3,
          "Actual Loops": 1,
          "Workers Planned": 2,
          "Workers Launched": 2,
          "Single Copy": false,
          "Plans": [
            {
              "Node Type": "Aggregate",
              "Strategy": "Plain",
              "Partial Mode": "Partial",
              "Parent Relationship": "Outer",
              "Parallel Aware": false,
              "Startup Cost": 32517.08,
              "Total Cost": 32517.09,
              "Plan Rows": 1,
              "Plan Width": 8,
              "Actual Startup Time": 28.468,
              "Actual Total Time": 28.47,
              "Actual Rows": 1,
              "Actual Loops": 3,
              "Plans": [
                {
                  "Node Type": "Nested Loop",
                  "Parent Relationship": "Outer",
                  "Parallel Aware": false,
                  "Join Type": "Inner",
                  "Startup Cost": 216.91,
                  "Total Cost": 32515.3,
                  "Plan Rows": 714,
                  "Plan Width": 0,
                  "Actual Startup Time": 11.83,
                  "Actual Total Time": 28.398,
                  "Actual Rows": 440,
                  "Actual Loops": 3,
                  "Inner Unique": false,
                  "Plans": [
                    {
                      "Node Type": "Nested Loop",
                      "Parent Relationship": "Outer",
                      "Parallel Aware": false,
                      "Join Type": "Inner",
                      "Startup Cost": 216.48,
                      "Total Cost": 31801.18,
                      "Plan Rows": 1308,
                      "Plan Width": 8,
                      "Actual Startup Time": 11.689,
                      "Actual Total Time": 26.089,
                      "Actual Rows": 173,
                      "Actual Loops": 3,
                      "Inner Unique": true,
                      "Plans": [
                        {
                          "Node Type": "Bitmap Heap Scan",
                          "Parent Relationship": "Outer",
                          "Parallel Aware": true,
                          "Relation Name": "movie_companies",
                          "Alias": "mc",
                          "Startup Cost": 216.05,
                          "Total Cost": 16451.98,
                          "Plan Rows": 2098,
                          "Plan Width": 4,
                          "Actual Startup Time": 11.559,
                          "Actual Total Time": 14.999,
                          "Actual Rows": 1013,
                          "Actual Loops": 3,
                          "Recheck Cond": "(company_id = 2561)",
                          "Rows Removed by Index Recheck": 0,
                          "Filter": "(company_type_id > 1)",
                          "Rows Removed by Filter": 2373,
                          "Exact Heap Blocks": 4705,
                          "Lossy Heap Blocks": 0,
                          "Plans": [
                            {
                              "Node Type": "Bitmap Index Scan",
                              "Parent Relationship": "Outer",
                              "Parallel Aware": false,
                              "Index Name": "company_id_movie_companies",
                              "Startup Cost": 0.0,
                              "Total Cost": 214.79,
                              "Plan Rows": 9915,
                              "Plan Width": 0,
                              "Actual Startup Time": 5.88,
                              "Actual Total Time": 5.88,
                              "Actual Rows": 10160,
                              "Actual Loops": 1,
                              "Index Cond": "(company_id = 2561)"
                            }
                          ]
                        },
                        {
                          "Node Type": "Index Scan",
                          "Parent Relationship": "Inner",
                          "Parallel Aware": false,
                          "Scan Direction": "Forward",
                          "Index Name": "title_pkey",
                          "Relation Name": "title",
                          "Alias": "t",
                          "Startup Cost": 0.43,
                          "Total Cost": 7.32,
                          "Plan Rows": 1,
                          "Plan Width": 4,
                          "Actual Startup Time": 0.01,
                          "Actual Total Time": 0.01,
                          "Actual Rows": 0,
                          "Actual Loops": 3040,
                          "Index Cond": "(id = mc.movie_id)",
                          "Rows Removed by Index Recheck": 0,
                          "Filter": "(production_year > 1996)",
                          "Rows Removed by Filter": 1
                        }
                      ]
                    },
                    {
                      "Node Type": "Index Only Scan",
                      "Parent Relationship": "Inner",
                      "Parallel Aware": false,
                      "Scan Direction": "Forward",
                      "Index Name": "movie_id_movie_info_idx",
                      "Relation Name": "movie_info_idx",
                      "Alias": "mi_idx",
                      "Startup Cost": 0.43,
                      "Total Cost": 0.52,
                      "Plan Rows": 3,
                      "Plan Width": 4,
                      "Actual Startup Time": 0.011,
                      "Actual Total Time": 0.012,
                      "Actual Rows": 3,
                      "Actual Loops": 520,
                      "Index Cond": "(movie_id = t.id)",
                      "Rows Removed by Index Recheck": 0,
                      "Heap Fetches": 1319
                    }
                  ]
                }
              ]
            }
          ]
        }
      ]
    },
    "Planning Time": 1.418,
    "Triggers": [],
    "Execution Time": 42.185
  }
]