{
  "Plan": {
    "Node Type": "Aggregate",
    "Strategy": "Plain",
    "Partial Mode": "Finalize",
    "Parallel Aware": false,
    "Startup Cost": 598827.72,
    "Total Cost": 598827.73,
    "Plan Rows": 1,
    "Plan Width": 8,
    "Actual Startup Time": 343.991,
    "Actual Total Time": 392.837,
    "Actual Rows": 1,
    "Actual Loops": 1,
    "Plans": [
      {
        "Node Type": "Gather",
        "Parent Relationship": "Outer",
        "Parallel Aware": false,
        "Startup Cost": 598827.6,
        "Total Cost": 598827.71,
        "Plan Rows": 1,
        "Plan Width": 8,
        "Actual Startup Time": 343.875,
        "Actual Total Time": 392.829,
        "Actual Rows": 2,
        "Actual Loops": 1,
        "Workers Planned": 1,
        "Workers Launched": 1,
        "Single Copy": false,
        "Plans": [
          {
            "Node Type": "Aggregate",
            "Strategy": "Plain",
            "Partial Mode": "Partial",
            "Parent Relationship": "Outer",
            "Parallel Aware": false,
            "Startup Cost": 597827.6,
            "Total Cost": 597827.61,
            "Plan Rows": 1,
            "Plan Width": 8,
            "Actual Startup Time": 341.401,
            "Actual Total Time": 341.402,
            "Actual Rows": 1,
            "Actual Loops": 2,
            "Plans": [
              {
                "Node Type": "Nested Loop",
                "Parent Relationship": "Outer",
                "Parallel Aware": false,
                "Join Type": "Inner",
                "Startup Cost": 0.56,
                "Total Cost": 597650.36,
                "Plan Rows": 70898,
                "Plan Width": 0,
                "Actual Startup Time": 0.458,
                "Actual Total Time": 336.208,
                "Actual Rows": 69922,
                "Actual Loops": 2,
                "Inner Unique": false,
                "Plans": [
                  {
                    "Node Type": "Seq Scan",
                    "Parent Relationship": "Outer",
                    "Parallel Aware": true,
                    "Relation Name": "title",
                    "Alias": "t",
                    "Startup Cost": 0.0,
                    "Total Cost": 58306.47,
                    "Plan Rows": 5968,
                    "Plan Width": 4,
                    "Actual Startup Time": 0.232,
                    "Actual Total Time": 125.417,
                    "Actual Rows": 5264,
                    "Actual Loops": 2,
                    "Filter": "((kind_id < 7) AND (production_year = 1993))",
                    "Rows Removed by Filter": 1258892
                  },
                  {
                    "Node Type": "Index Scan",
                    "Parent Relationship": "Inner",
                    "Parallel Aware": false,
                    "Scan Direction": "Forward",
                    "Index Name": "movie_id_cast_info",
                    "Relation Name": "cast_info",
                    "Alias": "ci",
                    "Startup Cost": 0.56,
                    "Total Cost": 90.07,
                    "Plan Rows": 30,
                    "Plan Width": 4,
                    "Actual Startup Time": 0.012,
                    "Actual Total Time": 0.038,
                    "Actual Rows": 13,
                    "Actual Loops": 10528,
                    "Index Cond": "(movie_id = t.id)",
                    "Rows Removed by Index Recheck": 0,
                    "Filter": "(person_id > 616342)",
                    "Rows Removed by Filter": 3
                  }
                ]
              }
            ]
          }
        ]
      }
    ]
  },
  "Planning Time": 0.236,
  "Triggers": [],
  "Execution Time": 392.891
}