[
  {
    "Plan": {
      "Node Type": "Aggregate",
      "Strategy": "Plain",
      "Partial Mode": "Finalize",
      "Parallel Aware": false,
      "Startup Cost": 46762.31,
      "Total Cost": 46762.32,
      "Plan Rows": 1,
      "Plan Width": 8,
      "Actual Startup Time": 102.038,
      "Actual Total Time": 112.643,
      "Actual Rows": 1,
      "Actual Loops": 1,
      "Plans": [
        {
          "Node Type": "Gather",
          "Parent Relationship": "Outer",
          "Parallel Aware": false,
          "Startup Cost": 46761.89,
          "Total Cost": 46762.3,
          "Plan Rows": 4,
          "Plan Width": 8,
          "Actual Startup Time": 101.925,
          "Actual Total Time": 112.634,
          "Actual Rows": 5,
          "Actual Loops": 1,
          "Workers Planned": 4,
          "Workers Launched": 4,
          "Single Copy": false,
          "Plans": [
            {
              "Node Type": "Aggregate",
              "Strategy": "Plain",
              "Partial Mode": "Partial",
              "Parent Relationship": "Outer",
              "Parallel Aware": false,
              "Startup Cost": 45761.89,
              "Total Cost": 45761.9,
              "Plan Rows": 1,
              "Plan Width": 8,
              "Actual Startup Time": 93.126,
              "Actual Total Time": 93.127,
              "Actual Rows": 1,
              "Actual Loops": 5,
              "Plans": [
                {
                  "Node Type": "Seq Scan",
                  "Parent Relationship": "Outer",
                  "Parallel Aware": true,
                  "Relation Name": "title",
                  "Alias": "t",
                  "Startup Cost": 0.0,
                  "Total Cost": 45479.1,
                  "Plan Rows": 113116,
                  "Plan Width": 0,
                  "Actual Startup Time": 0.044,
                  "Actual Total Time": 87.604,
                  "Actual Rows": 109460,
                  "Actual Loops": 5,
                  "Filter": "((kind_id < 4) AND (production_year < 2005))",
                  "Rows Removed by Filter": 396202
                }
              ]
            }
          ]
        }
      ]
    },
    "Planning Time": 0.164,
    "Triggers": [],
    "Execution Time": 112.709
  }
]