[
  {
    "Bao": {
      "Bao prediction": 1219.319,
      "Bao recommended hint": "SET enable_nestloop TO off; "
    }
  },
  {
    "Plan": {
      "Node Type": "Aggregate",
      "Strategy": "Plain",
      "Partial Mode": "Finalize",
      "Parallel Aware": false,
      "Startup Cost": 333943.43,
      "Total Cost": 333943.44,
      "Plan Rows": 1,
      "Plan Width": 64,
      "Actual Startup Time": 2119.011,
      "Actual Total Time": 2162.71,
      "Actual Rows": 1,
      "Actual Loops": 1,
      "Plans": [
        {
          "Node Type": "Gather",
          "Parent Relationship": "Outer",
          "Parallel Aware": false,
          "Startup Cost": 333943.1,
          "Total Cost": 333943.41,
          "Plan Rows": 3,
          "Plan Width": 64,
          "Actual Startup Time": 2113.569,
          "Actual Total Time": 2162.686,
          "Actual Rows": 4,
          "Actual Loops": 1,
          "Workers Planned": 3,
          "Workers Launched": 3,
          "Single Copy": false,
          "Plans": [
            {
              "Node Type": "Aggregate",
              "Strategy": "Plain",
              "Partial Mode": "Partial",
              "Parent Relationship": "Outer",
              "Parallel Aware": false,
              "Startup Cost": 332943.1,
              "Total Cost": 332943.11,
              "Plan Rows": 1,
              "Plan Width": 64,
              "Actual Startup Time": 2094.731,
              "Actual Total Time": 2094.767,
              "Actual Rows": 1,
              "Actual Loops": 4,
              "Plans": [
                {
                  "Node Type": "Hash Join",
                  "Parent Relationship": "Outer",
                  "Parallel Aware": false,
                  "Join Type": "Inner",
                  "Startup Cost": 288421.71,
                  "Total Cost": 332942.1,
                  "Plan Rows": 200,
                  "Plan Width": 38,
                  "Actual Startup Time": 2094.723,
                  "Actual Total Time": 2094.757,
                  "Actual Rows": 0,
                  "Actual Loops": 4,
                  "Inner Unique": true,
                  "Hash Cond": "(mk.keyword_id = k.id)",
                  "Plans": [
                    {
                      "Node Type": "Hash Join",
                      "Parent Relationship": "Outer",
                      "Parallel Aware": true,
                      "Join Type": "Inner",
                      "Startup Cost": 284453.89,
                      "Total Cost": 328973.75,
                      "Plan Rows": 200,
                      "Plan Width": 42,
                      "Actual Startup Time": 2020.942,
                      "Actual Total Time": 2020.973,
                      "Actual Rows": 0,
                      "Actual Loops": 4,
                      "Inner Unique": false,
                      "Hash Cond": "(mk.movie_id = t.id)",
                      "Plans": [
                        {
                          "Node Type": "Seq Scan",
                          "Parent Relationship": "Outer",
                          "Parallel Aware": true,
                          "Relation Name": "movie_keyword",
                          "Alias": "mk",
                          "Startup Cost": 0.0,
                          "Total Cost": 39047.32,
                          "Plan Rows": 1459332,
                          "Plan Width": 8,
                          "Actual Startup Time": 0.0,
                          "Actual Total Time": 0.0,
                          "Actual Rows": 0,
                          "Actual Loops": 0
                        },
                        {
                          "Node Type": "Hash",
                          "Parent Relationship": "Inner",
                          "Parallel Aware": true,
                          "Startup Cost": 284453.79,
                          "Total Cost": 284453.79,
                          "Plan Rows": 8,
                          "Plan Width": 54,
                          "Actual Startup Time": 2020.673,
                          "Actual Total Time": 2020.702,
                          "Actual Rows": 0,
                          "Actual Loops": 4,
                          "Hash Buckets": 1024,
                          "Original Hash Buckets": 1024,
                          "Hash Batches": 1,
                          "Original Hash Batches": 1,
                          "Peak Memory Usage": 0,
                          "Plans": [
                            {
                              "Node Type": "Hash Join",
                              "Parent Relationship": "Outer",
                              "Parallel Aware": false,
                              "Join Type": "Inner",
                              "Startup Cost": 276190.8,
                              "Total Cost": 284453.79,
                              "Plan Rows": 8,
                              "Plan Width": 54,
                              "Actual Startup Time": 2020.387,
                              "Actual Total Time": 2020.414,
                              "Actual Rows": 0,
                              "Actual Loops": 4,
                              "Inner Unique": true,
                              "Hash Cond": "(mc.company_type_id = ct.id)",
                              "Plans": [
                                {
                                  "Node Type": "Hash Join",
                                  "Parent Relationship": "Outer",
                                  "Parallel Aware": true,
                                  "Join Type": "Inner",
                                  "Startup Cost": 276189.71,
                                  "Total Cost": 284452.65,
                                  "Plan Rows": 8,
                                  "Plan Width": 58,
                                  "Actual Startup Time": 2020.304,
                                  "Actual Total Time": 2020.328,
                                  "Actual Rows": 0,
                                  "Actual Loops": 4,
                                  "Inner Unique": false,
                                  "Hash Cond": "(at.movie_id = t.id)",
                                  "Plans": [
                                    {
                                      "Node Type": "Seq Scan",
                                      "Parent Relationship": "Outer",
                                      "Parallel Aware": true,
                                      "Relation Name": "aka_title",
                                      "Alias": "at",
                                      "Startup Cost": 0.0,
                                      "Total Cost": 7698.13,
                                      "Plan Rows": 150613,
                                      "Plan Width": 25,
                                      "Actual Startup Time": 0.0,
                                      "Actual Total Time": 0.0,
                                      "Actual Rows": 0,
                                      "Actual Loops": 0
                                    },
                                    {
                                      "Node Type": "Hash",
                                      "Parent Relationship": "Inner",
                                      "Parallel Aware": true,
                                      "Startup Cost": 276189.57,
                                      "Total Cost": 276189.57,
                                      "Plan Rows": 11,
                                      "Plan Width": 33,
                                      "Actual Startup Time": 2020.285,
                                      "Actual Total Time": 2020.308,
                                      "Actual Rows": 0,
                                      "Actual Loops": 4,
                                      "Hash Buckets": 1024,
                                      "Original Hash Buckets": 1024,
                                      "Hash Batches": 1,
                                      "Original Hash Batches": 1,
                                      "Peak Memory Usage": 0,
                                      "Plans": [
                                        {
                                          "Node Type": "Hash Join",
                                          "Parent Relationship": "Outer",
                                          "Parallel Aware": true,
                                          "Join Type": "Inner",
                                          "Startup Cost": 271279.0,
                                          "Total Cost": 276189.57,
                                          "Plan Rows": 11,
                                          "Plan Width": 33,
                                          "Actual Startup Time": 2020.032,
                                          "Actual Total Time": 2020.054,
                                          "Actual Rows": 0,
                                          "Actual Loops": 4,
                                          "Inner Unique": false,
                                          "Hash Cond": "(cn.id = mc.company_id)",
                                          "Plans": [
                                            {
                                              "Node Type": "Seq Scan",
                                              "Parent Relationship": "Outer",
                                              "Parallel Aware": true,
                                              "Relation Name": "company_name",
                                              "Alias": "cn",
                                              "Startup Cost": 0.0,
                                              "Total Cost": 4722.92,
                                              "Plan Rows": 50031,
                                              "Plan Width": 4,
                                              "Actual Startup Time": 0.0,
                                              "Actual Total Time": 0.0,
                                              "Actual Rows": 0,
                                              "Actual Loops": 0,
                                              "Filter": "((country_code)::text = '[us]'::text)",
                                              "Rows Removed by Filter": 0
                                            },
                                            {
                                              "Node Type": "Hash",
                                              "Parent Relationship": "Inner",
                                              "Parallel Aware": true,
                                              "Startup Cost": 271278.78,
                                              "Total Cost": 271278.78,
                                              "Plan Rows": 17,
                                              "Plan Width": 37,
                                              "Actual Startup Time": 2020.01,
                                              "Actual Total Time": 2020.03,
                                              "Actual Rows": 0,
                                              "Actual Loops": 4,
                                              "Hash Buckets": 1024,
                                              "Original Hash Buckets": 1024,
                                              "Hash Batches": 1,
                                              "Original Hash Batches": 1,
                                              "Peak Memory Usage": 0,
                                              "Plans": [
                                                {
                                                  "Node Type": "Hash Join",
                                                  "Parent Relationship": "Outer",
                                                  "Parallel Aware": true,
                                                  "Join Type": "Inner",
                                                  "Startup Cost": 241166.3,
                                                  "Total Cost": 271278.78,
                                                  "Plan Rows": 17,
                                                  "Plan Width": 37,
                                                  "Actual Startup Time": 2019.481,
                                                  "Actual Total Time": 2019.5,
                                                  "Actual Rows": 0,
                                                  "Actual Loops": 4,
                                                  "Inner Unique": false,
                                                  "Hash Cond": "(t.id = mi.movie_id)",
                                                  "Plans": [
                                                    {
                                                      "Node Type": "Hash Join",
                                                      "Parent Relationship": "Outer",
                                                      "Parallel Aware": true,
                                                      "Join Type": "Inner",
                                                      "Startup Cost": 41974.5,
                                                      "Total Cost": 71390.39,
                                                      "Plan Rows": 79610,
                                                      "Plan Width": 33,
                                                      "Actual Startup Time": 239.54,
                                                      "Actual Total Time": 600.438,
                                                      "Actual Rows": 119134,
                                                      "Actual Loops": 4,
                                                      "Inner Unique": true,
                                                      "Hash Cond": "(mc.movie_id = t.id)",
                                                      "Plans": [
                                                        {
                                                          "Node Type": "Seq Scan",
                                                          "Parent Relationship": "Outer",
                                                          "Parallel Aware": true,
                                                          "Relation Name": "movie_companies",
                                                          "Alias": "mc",
                                                          "Startup Cost": 0.0,
                                                          "Total Cost": 27206.55,
                                                          "Plan Rows": 841655,
                                                          "Plan Width": 12,
                                                          "Actual Startup Time": 0.036,
                                                          "Actual Total Time": 139.715,
                                                          "Actual Rows": 652282,
                                                          "Actual Loops": 4
                                                        },
                                                        {
                                                          "Node Type": "Hash",
                                                          "Parent Relationship": "Inner",
                                                          "Parallel Aware": true,
                                                          "Startup Cost": 41227.16,
                                                          "Total Cost": 41227.16,
                                                          "Plan Rows": 59787,
                                                          "Plan Width": 21,
                                                          "Actual Startup Time": 237.059,
                                                          "Actual Total Time": 237.062,
                                                          "Actual Rows": 60350,
                                                          "Actual Loops": 4,
                                                          "Hash Buckets": 262144,
                                                          "Original Hash Buckets": 262144,
                                                          "Hash Batches": 1,
                                                          "Original Hash Batches": 1,
                                                          "Peak Memory Usage": 16064,
                                                          "Plans": [
                                                            {
                                                              "Node Type": "Bitmap Heap Scan",
                                                              "Parent Relationship": "Outer",
                                                              "Parallel Aware": true,
                                                              "Relation Name": "title",
                                                              "Alias": "t",
                                                              "Startup Cost": 4481.83,
                                                              "Total Cost": 41227.16,
                                                              "Plan Rows": 59787,
                                                              "Plan Width": 21,
                                                              "Actual Startup Time": 56.524,
                                                              "Actual Total Time": 185.238,
                                                              "Actual Rows": 60350,
                                                              "Actual Loops": 4,
                                                              "Recheck Cond": "(production_year < 1960)",
                                                              "Rows Removed by Index Recheck": 0,
                                                              "Exact Heap Blocks": 7522,
                                                              "Lossy Heap Blocks": 0,
                                                              "Plans": [
                                                                {
                                                                  "Node Type": "Bitmap Index Scan",
                                                                  "Parent Relationship": "Outer",
                                                                  "Parallel Aware": false,
                                                                  "Index Name": "idx_title_production_year",
                                                                  "Startup Cost": 0.0,
                                                                  "Total Cost": 4422.04,
                                                                  "Plan Rows": 239148,
                                                                  "Plan Width": 0,
                                                                  "Actual Startup Time": 48.087,
                                                                  "Actual Total Time": 48.088,
                                                                  "Actual Rows": 241400,
                                                                  "Actual Loops": 1,
                                                                  "Index Cond": "(production_year < 1960)"
                                                                }
                                                              ]
                                                            }
                                                          ]
                                                        }
                                                      ]
                                                    },
                                                    {
                                                      "Node Type": "Hash",
                                                      "Parent Relationship": "Inner",
                                                      "Parallel Aware": true,
                                                      "Startup Cost": 199191.53,
                                                      "Total Cost": 199191.53,
                                                      "Plan Rows": 21,
                                                      "Plan Width": 4,
                                                      "Actual Startup Time": 1395.549,
                                                      "Actual Total Time": 1395.561,
                                                      "Actual Rows": 2670,
                                                      "Actual Loops": 4,
                                                      "Hash Buckets": 16384,
                                                      "Original Hash Buckets": 1024,
                                                      "Hash Batches": 1,
                                                      "Original Hash Batches": 1,
                                                      "Peak Memory Usage": 792,
                                                      "Plans": [
                                                        {
                                                          "Node Type": "Hash Join",
                                                          "Parent Relationship": "Outer",
                                                          "Parallel Aware": false,
                                                          "Join Type": "Inner",
                                                          "Startup Cost": 2.43,
                                                          "Total Cost": 199191.53,
                                                          "Plan Rows": 21,
                                                          "Plan Width": 4,
                                                          "Actual Startup Time": 171.459,
                                                          "Actual Total Time": 572.736,
                                                          "Actual Rows": 2670,
                                                          "Actual Loops": 4,
                                                          "Inner Unique": true,
                                                          "Hash Cond": "(mi.info_type_id = it1.id)",
                                                          "Plans": [
                                                            {
                                                              "Node Type": "Seq Scan",
                                                              "Parent Relationship": "Outer",
                                                              "Parallel Aware": true,
                                                              "Relation Name": "movie_info",
                                                              "Alias": "mi",
                                                              "Startup Cost": 0.0,
                                                              "Total Cost": 199182.58,
                                                              "Plan Rows": 2397,
                                                              "Plan Width": 8,
                                                              "Actual Startup Time": 30.271,
                                                              "Actual Total Time": 571.244,
                                                              "Actual Rows": 2702,
                                                              "Actual Loops": 4,
                                                              "Filter": "(note ~~ '%internet%'::text)",
                                                              "Rows Removed by Filter": 3706228
                                                            },
                                                            {
                                                              "Node Type": "Hash",
                                                              "Parent Relationship": "Inner",
                                                              "Parallel Aware": false,
                                                              "Startup Cost": 2.41,
                                                              "Total Cost": 2.41,
                                                              "Plan Rows": 1,
                                                              "Plan Width": 4,
                                                              "Actual Startup Time": 0.059,
                                                              "Actual Total Time": 0.061,
                                                              "Actual Rows": 1,
                                                              "Actual Loops": 4,
                                                              "Hash Buckets": 1024,
                                                              "Original Hash Buckets": 1024,
                                                              "Hash Batches": 1,
                                                              "Original Hash Batches": 1,
                                                              "Peak Memory Usage": 9,
                                                              "Plans": [
                                                                {
                                                                  "Node Type": "Seq Scan",
                                                                  "Parent Relationship": "Outer",
                                                                  "Parallel Aware": false,
                                                                  "Relation Name": "info_type",
                                                                  "Alias": "it1",
                                                                  "Startup Cost": 0.0,
                                                                  "Total Cost": 2.41,
                                                                  "Plan Rows": 1,
                                                                  "Plan Width": 4,
                                                                  "Actual Startup Time": 0.043,
                                                                  "Actual Total Time": 0.051,
                                                                  "Actual Rows": 1,
                                                                  "Actual Loops": 4,
                                                                  "Filter": "((info)::text = 'release dates'::text)",
                                                                  "Rows Removed by Filter": 112
                                                                }
                                                              ]
                                                            }
                                                          ]
                                                        }
                                                      ]
                                                    }
                                                  ]
                                                }
                                              ]
                                            }
                                          ]
                                        }
                                      ]
                                    }
                                  ]
                                },
                                {
                                  "Node Type": "Hash",
                                  "Parent Relationship": "Inner",
                                  "Parallel Aware": false,
                                  "Startup Cost": 1.04,
                                  "Total Cost": 1.04,
                                  "Plan Rows": 4,
                                  "Plan Width": 4,
                                  "Actual Startup Time": 0.047,
                                  "Actual Total Time": 0.049,
                                  "Actual Rows": 4,
                                  "Actual Loops": 4,
                                  "Hash Buckets": 1024,
                                  "Original Hash Buckets": 1024,
                                  "Hash Batches": 1,
                                  "Original Hash Batches": 1,
                                  "Peak Memory Usage": 9,
                                  "Plans": [
                                    {
                                      "Node Type": "Seq Scan",
                                      "Parent Relationship": "Outer",
                                      "Parallel Aware": false,
                                      "Relation Name": "company_type",
                                      "Alias": "ct",
                                      "Startup Cost": 0.0,
                                      "Total Cost": 1.04,
                                      "Plan Rows": 4,
                                      "Plan Width": 4,
                                      "Actual Startup Time": 0.037,
                                      "Actual Total Time": 0.039,
                                      "Actual Rows": 4,
                                      "Actual Loops": 4
                                    }
                                  ]
                                }
                              ]
                            }
                          ]
                        }
                      ]
                    },
                    {
                      "Node Type": "Hash",
                      "Parent Relationship": "Inner",
                      "Parallel Aware": false,
                      "Startup Cost": 2290.7,
                      "Total Cost": 2290.7,
                      "Plan Rows": 134170,
                      "Plan Width": 4,
                      "Actual Startup Time": 69.603,
                      "Actual Total Time": 69.604,
                      "Actual Rows": 134170,
                      "Actual Loops": 4,
                      "Hash Buckets": 262144,
                      "Original Hash Buckets": 262144,
                      "Hash Batches": 1,
                      "Original Hash Batches": 1,
                      "Peak Memory Usage": 6765,
                      "Plans": [
                        {
                          "Node Type": "Seq Scan",
                          "Parent Relationship": "Outer",
                          "Parallel Aware": false,
                          "Relation Name": "keyword",
                          "Alias": "k",
                          "Startup Cost": 0.0,
                          "Total Cost": 2290.7,
                          "Plan Rows": 134170,
                          "Plan Width": 4,
                          "Actual Startup Time": 0.067,
                          "Actual Total Time": 30.011,
                          "Actual Rows": 134170,
                          "Actual Loops": 4
                        }
                      ]
                    }
                  ]
                }
              ]
            }
          ]
        }
      ]
    },
    "Planning Time": 583.068,
    "Triggers": [],
    "Execution Time": 2164.559
  }
]