[
  {
    "Plan": {
      "Node Type": "Aggregate",
      "Strategy": "Plain",
      "Partial Mode": "Finalize",
      "Parallel Aware": false,
      "Startup Cost": 528939.1,
      "Total Cost": 528939.11,
      "Plan Rows": 1,
      "Plan Width": 8,
      "Actual Startup Time": 2850.914,
      "Actual Total Time": 2924.887,
      "Actual Rows": 1,
      "Actual Loops": 1,
      "Plans": [
        {
          "Node Type": "Gather",
          "Parent Relationship": "Outer",
          "Parallel Aware": false,
          "Startup Cost": 528938.68,
          "Total Cost": 528939.09,
          "Plan Rows": 4,
          "Plan Width": 8,
          "Actual Startup Time": 2844.288,
          "Actual Total Time": 2924.871,
          "Actual Rows": 5,
          "Actual Loops": 1,
          "Workers Planned": 4,
          "Workers Launched": 4,
          "Single Copy": false,
          "Plans": [
            {
              "Node Type": "Aggregate",
              "Strategy": "Plain",
              "Partial Mode": "Partial",
              "Parent Relationship": "Outer",
              "Parallel Aware": false,
              "Startup Cost": 527938.68,
              "Total Cost": 527938.69,
              "Plan Rows": 1,
              "Plan Width": 8,
              "Actual Startup Time": 2840.721,
              "Actual Total Time": 2840.875,
              "Actual Rows": 1,
              "Actual Loops": 5,
              "Plans": [
                {
                  "Node Type": "Nested Loop",
                  "Parent Relationship": "Outer",
                  "Parallel Aware": false,
                  "Join Type": "Inner",
                  "Startup Cost": 283381.2,
                  "Total Cost": 526813.35,
                  "Plan Rows": 450132,
                  "Plan Width": 0,
                  "Actual Startup Time": 242.16,
                  "Actual Total Time": 2614.558,
                  "Actual Rows": 5094755,
                  "Actual Loops": 5,
                  "Inner Unique": false,
                  "Plans": [
                    {
                      "Node Type": "Hash Join",
                      "Parent Relationship": "Outer",
                      "Parallel Aware": true,
                      "Join Type": "Inner",
                      "Startup Cost": 283380.76,
                      "Total Cost": 332190.97,
                      "Plan Rows": 102056,
                      "Plan Width": 8,
                      "Actual Startup Time": 242.027,
                      "Actual Total Time": 535.594,
                      "Actual Rows": 231870,
                      "Actual Loops": 5,
                      "Inner Unique": false,
                      "Hash Cond": "(t.id = ci.movie_id)",
                      "Plans": [
                        {
                          "Node Type": "Seq Scan",
                          "Parent Relationship": "Outer",
                          "Parallel Aware": true,
                          "Relation Name": "title",
                          "Alias": "t",
                          "Startup Cost": 0.0,
                          "Total Cost": 42319.06,
                          "Plan Rows": 632106,
                          "Plan Width": 4,
                          "Actual Startup Time": 0.016,
                          "Actual Total Time": 63.058,
                          "Actual Rows": 505662,
                          "Actual Loops": 5
                        },
                        {
                          "Node Type": "Hash",
                          "Parent Relationship": "Inner",
                          "Parallel Aware": true,
                          "Startup Cost": 282530.3,
                          "Total Cost": 282530.3,
                          "Plan Rows": 68037,
                          "Plan Width": 4,
                          "Actual Startup Time": 240.378,
                          "Actual Total Time": 240.379,
                          "Actual Rows": 231870,
                          "Actual Loops": 5,
                          "Hash Buckets": 2097152,
                          "Original Hash Buckets": 524288,
                          "Hash Batches": 1,
                          "Original Hash Batches": 1,
                          "Peak Memory Usage": 74112,
                          "Plans": [
                            {
                              "Node Type": "Bitmap Heap Scan",
                              "Parent Relationship": "Outer",
                              "Parallel Aware": true,
                              "Relation Name": "cast_info",
                              "Alias": "ci",
                              "Startup Cost": 26787.13,
                              "Total Cost": 282530.3,
                              "Plan Rows": 68037,
                              "Plan Width": 4,
                              "Actual Startup Time": 51.159,
                              "Actual Total Time": 121.926,
                              "Actual Rows": 231870,
                              "Actual Loops": 5,
                              "Recheck Cond": "(person_id > 3837054)",
                              "Rows Removed by Index Recheck": 0,
                              "Filter": "(role_id > 3)",
                              "Rows Removed by Filter": 0,
                              "Exact Heap Blocks": 4859,
                              "Lossy Heap Blocks": 0,
                              "Plans": [
                                {
                                  "Node Type": "Bitmap Index Scan",
                                  "Parent Relationship": "Outer",
                                  "Parallel Aware": false,
                                  "Index Name": "person_id_cast_info",
                                  "Startup Cost": 0.0,
                                  "Total Cost": 26685.08,
                                  "Plan Rows": 1222468,
                                  "Plan Width": 0,
                                  "Actual Startup Time": 48.332,
                                  "Actual Total Time": 48.332,
                                  "Actual Rows": 1159352,
                                  "Actual Loops": 1,
                                  "Index Cond": "(person_id > 3837054)"
                                }
                              ]
                            }
                          ]
                        }
                      ]
                    },
                    {
                      "Node Type": "Index Scan",
                      "Parent Relationship": "Inner",
                      "Parallel Aware": false,
                      "Scan Direction": "Forward",
                      "Index Name": "movie_id_movie_info",
                      "Relation Name": "movie_info",
                      "Alias": "mi",
                      "Startup Cost": 0.43,
                      "Total Cost": 1.6,
                      "Plan Rows": 31,
                      "Plan Width": 4,
                      "Actual Startup Time": 0.002,
                      "Actual Total Time": 0.007,
                      "Actual Rows": 22,
                      "Actual Loops": 1159352,
                      "Index Cond": "(movie_id = t.id)",
                      "Rows Removed by Index Recheck": 0,
                      "Filter": "(info_type_id > 3)",
                      "Rows Removed by Filter": 2
                    }
                  ]
                }
              ]
            }
          ]
        }
      ]
    },
    "Planning Time": 0.941,
    "Triggers": [],
    "Execution Time": 2924.973
  }
]