[
  {
    "Plan": {
      "Node Type": "Aggregate",
      "Strategy": "Plain",
      "Partial Mode": "Finalize",
      "Parallel Aware": false,
      "Startup Cost": 31376.57,
      "Total Cost": 31376.58,
      "Plan Rows": 1,
      "Plan Width": 8,
      "Actual Startup Time": 109.227,
      "Actual Total Time": 117.112,
      "Actual Rows": 1,
      "Actual Loops": 1,
      "Plans": [
        {
          "Node Type": "Gather",
          "Parent Relationship": "Outer",
          "Parallel Aware": false,
          "Startup Cost": 31376.25,
          "Total Cost": 31376.56,
          "Plan Rows": 3,
          "Plan Width": 8,
          "Actual Startup Time": 108.991,
          "Actual Total Time": 117.105,
          "Actual Rows": 4,
          "Actual Loops": 1,
          "Workers Planned": 3,
          "Workers Launched": 3,
          "Single Copy": false,
          "Plans": [
            {
              "Node Type": "Aggregate",
              "Strategy": "Plain",
              "Partial Mode": "Partial",
              "Parent Relationship": "Outer",
              "Parallel Aware": false,
              "Startup Cost": 30376.25,
              "Total Cost": 30376.26,
              "Plan Rows": 1,
              "Plan Width": 8,
              "Actual Startup Time": 100.671,
              "Actual Total Time": 100.672,
              "Actual Rows": 1,
              "Actual Loops": 4,
              "Plans": [
                {
                  "Node Type": "Seq Scan",
                  "Parent Relationship": "Outer",
                  "Parallel Aware": true,
                  "Relation Name": "movie_companies",
                  "Alias": "mc",
                  "Startup Cost": 0.0,
                  "Total Cost": 29310.68,
                  "Plan Rows": 426228,
                  "Plan Width": 0,
                  "Actual Startup Time": 0.047,
                  "Actual Total Time": 81.96,
                  "Actual Rows": 329026,
                  "Actual Loops": 4,
                  "Filter": "(company_id < 11369)",
                  "Rows Removed by Filter": 323256
                }
              ]
            }
          ]
        }
      ]
    },
    "Planning Time": 0.161,
    "Triggers": [],
    "Execution Time": 117.157
  }
]