[
  {
    "Plan": {
      "Node Type": "Aggregate",
      "Strategy": "Plain",
      "Partial Mode": "Finalize",
      "Parallel Aware": false,
      "Startup Cost": 75996.77,
      "Total Cost": 75996.78,
      "Plan Rows": 1,
      "Plan Width": 8,
      "Actual Startup Time": 245.161,
      "Actual Total Time": 262.813,
      "Actual Rows": 1,
      "Actual Loops": 1,
      "Plans": [
        {
          "Node Type": "Gather",
          "Parent Relationship": "Outer",
          "Parallel Aware": false,
          "Startup Cost": 75996.45,
          "Total Cost": 75996.76,
          "Plan Rows": 3,
          "Plan Width": 8,
          "Actual Startup Time": 244.706,
          "Actual Total Time": 262.796,
          "Actual Rows": 4,
          "Actual Loops": 1,
          "Workers Planned": 3,
          "Workers Launched": 3,
          "Single Copy": false,
          "Plans": [
            {
              "Node Type": "Aggregate",
              "Strategy": "Plain",
              "Partial Mode": "Partial",
              "Parent Relationship": "Outer",
              "Parallel Aware": false,
              "Startup Cost": 74996.45,
              "Total Cost": 74996.46,
              "Plan Rows": 1,
              "Plan Width": 8,
              "Actual Startup Time": 236.121,
              "Actual Total Time": 236.124,
              "Actual Rows": 1,
              "Actual Loops": 4,
              "Plans": [
                {
                  "Node Type": "Hash Join",
                  "Parent Relationship": "Outer",
                  "Parallel Aware": true,
                  "Join Type": "Inner",
                  "Startup Cost": 45559.22,
                  "Total Cost": 74975.11,
                  "Plan Rows": 8536,
                  "Plan Width": 0,
                  "Actual Startup Time": 128.068,
                  "Actual Total Time": 234.179,
                  "Actual Rows": 42558,
                  "Actual Loops": 4,
                  "Inner Unique": true,
                  "Hash Cond": "(mc.movie_id = t.id)",
                  "Plans": [
                    {
                      "Node Type": "Seq Scan",
                      "Parent Relationship": "Outer",
                      "Parallel Aware": true,
                      "Relation Name": "movie_companies",
                      "Alias": "mc",
                      "Startup Cost": 0.0,
                      "Total Cost": 27206.55,
                      "Plan Rows": 841655,
                      "Plan Width": 4,
                      "Actual Startup Time": 0.016,
                      "Actual Total Time": 55.775,
                      "Actual Rows": 652282,
                      "Actual Loops": 4
                    },
                    {
                      "Node Type": "Hash",
                      "Parent Relationship": "Inner",
                      "Parallel Aware": true,
                      "Startup Cost": 45479.1,
                      "Total Cost": 45479.1,
                      "Plan Rows": 6410,
                      "Plan Width": 4,
                      "Actual Startup Time": 104.215,
                      "Actual Total Time": 104.216,
                      "Actual Rows": 22318,
                      "Actual Loops": 4,
                      "Hash Buckets": 131072,
                      "Original Hash Buckets": 32768,
                      "Hash Batches": 1,
                      "Original Hash Batches": 1,
                      "Peak Memory Usage": 5312,
                      "Plans": [
                        {
                          "Node Type": "Seq Scan",
                          "Parent Relationship": "Outer",
                          "Parallel Aware": true,
                          "Relation Name": "title",
                          "Alias": "t",
                          "Startup Cost": 0.0,
                          "Total Cost": 45479.1,
                          "Plan Rows": 6410,
                          "Plan Width": 4,
                          "Actual Startup Time": 62.287,
                          "Actual Total Time": 94.668,
                          "Actual Rows": 22318,
                          "Actual Loops": 4,
                          "Filter": "((kind_id < 3) AND (production_year < 1921))",
                          "Rows Removed by Filter": 609760
                        }
                      ]
                    }
                  ]
                }
              ]
            }
          ]
        }
      ]
    },
    "Planning Time": 0.619,
    "Triggers": [],
    "Execution Time": 262.882
  }
]