[
  {
    "Plan": {
      "Node Type": "Aggregate",
      "Strategy": "Plain",
      "Partial Mode": "Finalize",
      "Parallel Aware": false,
      "Startup Cost": 212995.81,
      "Total Cost": 212995.82,
      "Plan Rows": 1,
      "Plan Width": 8,
      "Actual Startup Time": 927.758,
      "Actual Total Time": 1011.3,
      "Actual Rows": 1,
      "Actual Loops": 1,
      "Plans": [
        {
          "Node Type": "Gather",
          "Parent Relationship": "Outer",
          "Parallel Aware": false,
          "Startup Cost": 212995.39,
          "Total Cost": 212995.8,
          "Plan Rows": 4,
          "Plan Width": 8,
          "Actual Startup Time": 926.511,
          "Actual Total Time": 1011.285,
          "Actual Rows": 5,
          "Actual Loops": 1,
          "Workers Planned": 4,
          "Workers Launched": 4,
          "Single Copy": false,
          "Plans": [
            {
              "Node Type": "Aggregate",
              "Strategy": "Plain",
              "Partial Mode": "Partial",
              "Parent Relationship": "Outer",
              "Parallel Aware": false,
              "Startup Cost": 211995.39,
              "Total Cost": 211995.4,
              "Plan Rows": 1,
              "Plan Width": 8,
              "Actual Startup Time": 916.351,
              "Actual Total Time": 916.354,
              "Actual Rows": 1,
              "Actual Loops": 5,
              "Plans": [
                {
                  "Node Type": "Nested Loop",
                  "Parent Relationship": "Outer",
                  "Parallel Aware": false,
                  "Join Type": "Inner",
                  "Startup Cost": 33228.03,
                  "Total Cost": 210544.6,
                  "Plan Rows": 580316,
                  "Plan Width": 0,
                  "Actual Startup Time": 90.258,
                  "Actual Total Time": 890.528,
                  "Actual Rows": 459123,
                  "Actual Loops": 5,
                  "Inner Unique": false,
                  "Plans": [
                    {
                      "Node Type": "Hash Join",
                      "Parent Relationship": "Outer",
                      "Parallel Aware": true,
                      "Join Type": "Inner",
                      "Startup Cost": 33227.47,
                      "Total Cost": 78395.9,
                      "Plan Rows": 40499,
                      "Plan Width": 8,
                      "Actual Startup Time": 90.145,
                      "Actual Total Time": 224.666,
                      "Actual Rows": 12945,
                      "Actual Loops": 5,
                      "Inner Unique": false,
                      "Hash Cond": "(t.id = mc.movie_id)",
                      "Plans": [
                        {
                          "Node Type": "Seq Scan",
                          "Parent Relationship": "Outer",
                          "Parallel Aware": true,
                          "Relation Name": "title",
                          "Alias": "t",
                          "Startup Cost": 0.0,
                          "Total Cost": 43898.92,
                          "Plan Rows": 227776,
                          "Plan Width": 4,
                          "Actual Startup Time": 0.012,
                          "Actual Total Time": 73.317,
                          "Actual Rows": 180898,
                          "Actual Loops": 5,
                          "Filter": "(production_year > 2006)",
                          "Rows Removed by Filter": 324764
                        },
                        {
                          "Node Type": "Hash",
                          "Parent Relationship": "Inner",
                          "Parallel Aware": true,
                          "Startup Cost": 31414.82,
                          "Total Cost": 31414.82,
                          "Plan Rows": 145012,
                          "Plan Width": 4,
                          "Actual Startup Time": 87.41,
                          "Actual Total Time": 87.411,
                          "Actual Rows": 51481,
                          "Actual Loops": 5,
                          "Hash Buckets": 524288,
                          "Original Hash Buckets": 524288,
                          "Hash Batches": 1,
                          "Original Hash Batches": 1,
                          "Peak Memory Usage": 14240,
                          "Plans": [
                            {
                              "Node Type": "Seq Scan",
                              "Parent Relationship": "Outer",
                              "Parallel Aware": true,
                              "Relation Name": "movie_companies",
                              "Alias": "mc",
                              "Startup Cost": 0.0,
                              "Total Cost": 31414.82,
                              "Plan Rows": 145012,
                              "Plan Width": 4,
                              "Actual Startup Time": 43.943,
                              "Actual Total Time": 70.304,
                              "Actual Rows": 51481,
                              "Actual Loops": 5,
                              "Filter": "((company_id < 2631) AND (company_type_id = 2))",
                              "Rows Removed by Filter": 470345
                            }
                          ]
                        }
                      ]
                    },
                    {
                      "Node Type": "Index Only Scan",
                      "Parent Relationship": "Inner",
                      "Parallel Aware": false,
                      "Scan Direction": "Forward",
                      "Index Name": "movie_id_cast_info",
                      "Relation Name": "cast_info",
                      "Alias": "ci",
                      "Startup Cost": 0.56,
                      "Total Cost": 2.89,
                      "Plan Rows": 37,
                      "Plan Width": 4,
                      "Actual Startup Time": 0.009,
                      "Actual Total Time": 0.048,
                      "Actual Rows": 35,
                      "Actual Loops": 64725,
                      "Index Cond": "(movie_id = t.id)",
                      "Rows Removed by Index Recheck": 0,
                      "Heap Fetches": 2295613
                    }
                  ]
                }
              ]
            }
          ]
        }
      ]
    },
    "Planning Time": 1.438,
    "Triggers": [],
    "Execution Time": 1011.416
  }
]