[
    {
        "Bao": {
            "Bao prediction": 439.182,
            "Bao recommended hint": "(no hint)"
        }
    },
    {
        "Plan": {
            "Node Type": "Aggregate",
            "Strategy": "Plain",
            "Partial Mode": "Finalize",
            "Parallel Aware": false,
            "Startup Cost": 32695.24,
            "Total Cost": 32695.25,
            "Plan Rows": 1,
            "Plan Width": 8,
            "Actual Startup Time": 98.998,
            "Actual Total Time": 107.6,
            "Actual Rows": 1,
            "Actual Loops": 1,
            "Output": [
                "count(*)"
            ],
            "Plans": [
                {
                    "Node Type": "Gather",
                    "Parent Relationship": "Outer",
                    "Parallel Aware": false,
                    "Startup Cost": 32694.92,
                    "Total Cost": 32695.23,
                    "Plan Rows": 3,
                    "Plan Width": 8,
                    "Actual Startup Time": 98.902,
                    "Actual Total Time": 107.591,
                    "Actual Rows": 4,
                    "Actual Loops": 1,
                    "Output": [
                        "(PARTIAL count(*))"
                    ],
                    "Workers Planned": 3,
                    "Workers Launched": 3,
                    "Single Copy": false,
                    "Plans": [
                        {
                            "Node Type": "Aggregate",
                            "Strategy": "Plain",
                            "Partial Mode": "Partial",
                            "Parent Relationship": "Outer",
                            "Parallel Aware": false,
                            "Startup Cost": 31694.92,
                            "Total Cost": 31694.93,
                            "Plan Rows": 1,
                            "Plan Width": 8,
                            "Actual Startup Time": 91.168,
                            "Actual Total Time": 91.169,
                            "Actual Rows": 1,
                            "Actual Loops": 4,
                            "Output": [
                                "PARTIAL count(*)"
                            ],
                            "Workers": [
                                {
                                    "Worker Number": 0,
                                    "Actual Startup Time": 88.585,
                                    "Actual Total Time": 88.586,
                                    "Actual Rows": 1,
                                    "Actual Loops": 1
                                },
                                {
                                    "Worker Number": 1,
                                    "Actual Startup Time": 88.654,
                                    "Actual Total Time": 88.654,
                                    "Actual Rows": 1,
                                    "Actual Loops": 1
                                },
                                {
                                    "Worker Number": 2,
                                    "Actual Startup Time": 89.089,
                                    "Actual Total Time": 89.09,
                                    "Actual Rows": 1,
                                    "Actual Loops": 1
                                }
                            ],
                            "Plans": [
                                {
                                    "Node Type": "Seq Scan",
                                    "Parent Relationship": "Outer",
                                    "Parallel Aware": true,
                                    "Relation Name": "movie_companies",
                                    "Schema": "public",
                                    "Alias": "mc",
                                    "Startup Cost": 0.0,
                                    "Total Cost": 31414.82,
                                    "Plan Rows": 112041,
                                    "Plan Width": 0,
                                    "Actual Startup Time": 33.883,
                                    "Actual Total Time": 90.483,
                                    "Actual Rows": 9099,
                                    "Actual Loops": 4,
                                    "Output": [
                                        "id",
                                        "movie_id",
                                        "company_id",
                                        "company_type_id",
                                        "note"
                                    ],
                                    "Filter": "((mc.company_id > 44218) AND (mc.company_type_id < 2))",
                                    "Rows Removed by Filter": 643184,
                                    "Workers": [
                                        {
                                            "Worker Number": 0,
                                            "Actual Startup Time": 31.299,
                                            "Actual Total Time": 87.942,
                                            "Actual Rows": 8085,
                                            "Actual Loops": 1
                                        },
                                        {
                                            "Worker Number": 1,
                                            "Actual Startup Time": 31.369,
                                            "Actual Total Time": 88.0,
                                            "Actual Rows": 8195,
                                            "Actual Loops": 1
                                        },
                                        {
                                            "Worker Number": 2,
                                            "Actual Startup Time": 31.813,
                                            "Actual Total Time": 88.425,
                                            "Actual Rows": 8457,
                                            "Actual Loops": 1
                                        }
                                    ]
                                }
                            ]
                        }
                    ]
                }
            ]
        },
        "Planning Time": 1396.765,
        "Triggers": [],
        "Execution Time": 107.687
    }
]