[
    {
        "Bao": {
            "Bao prediction": "NaN",
            "Bao recommended hint": "(no hint)"
        }
    },
    {
        "Plan": {
            "Node Type": "Aggregate",
            "Strategy": "Plain",
            "Partial Mode": "Finalize",
            "Parallel Aware": false,
            "Startup Cost": 73843.2,
            "Total Cost": 73843.21,
            "Plan Rows": 1,
            "Plan Width": 8,
            "Actual Startup Time": 134.78,
            "Actual Total Time": 140.995,
            "Actual Rows": 1,
            "Actual Loops": 1,
            "Output": [
                "count(*)"
            ],
            "Plans": [
                {
                    "Node Type": "Gather",
                    "Parent Relationship": "Outer",
                    "Parallel Aware": false,
                    "Startup Cost": 73842.68,
                    "Total Cost": 73843.18,
                    "Plan Rows": 5,
                    "Plan Width": 8,
                    "Actual Startup Time": 134.683,
                    "Actual Total Time": 140.981,
                    "Actual Rows": 6,
                    "Actual Loops": 1,
                    "Output": [
                        "(PARTIAL count(*))"
                    ],
                    "Workers Planned": 5,
                    "Workers Launched": 5,
                    "Single Copy": false,
                    "Plans": [
                        {
                            "Node Type": "Aggregate",
                            "Strategy": "Plain",
                            "Partial Mode": "Partial",
                            "Parent Relationship": "Outer",
                            "Parallel Aware": false,
                            "Startup Cost": 72842.68,
                            "Total Cost": 72842.68,
                            "Plan Rows": 1,
                            "Plan Width": 8,
                            "Actual Startup Time": 124.373,
                            "Actual Total Time": 124.374,
                            "Actual Rows": 1,
                            "Actual Loops": 6,
                            "Output": [
                                "PARTIAL count(*)"
                            ],
                            "Workers": [
                                {
                                    "Worker Number": 0,
                                    "Actual Startup Time": 122.101,
                                    "Actual Total Time": 122.102,
                                    "Actual Rows": 1,
                                    "Actual Loops": 1
                                },
                                {
                                    "Worker Number": 1,
                                    "Actual Startup Time": 122.13,
                                    "Actual Total Time": 122.131,
                                    "Actual Rows": 1,
                                    "Actual Loops": 1
                                },
                                {
                                    "Worker Number": 2,
                                    "Actual Startup Time": 122.355,
                                    "Actual Total Time": 122.356,
                                    "Actual Rows": 1,
                                    "Actual Loops": 1
                                },
                                {
                                    "Worker Number": 3,
                                    "Actual Startup Time": 122.825,
                                    "Actual Total Time": 122.826,
                                    "Actual Rows": 1,
                                    "Actual Loops": 1
                                },
                                {
                                    "Worker Number": 4,
                                    "Actual Startup Time": 123.003,
                                    "Actual Total Time": 123.004,
                                    "Actual Rows": 1,
                                    "Actual Loops": 1
                                }
                            ],
                            "Plans": [
                                {
                                    "Node Type": "Index Scan",
                                    "Parent Relationship": "Outer",
                                    "Parallel Aware": true,
                                    "Scan Direction": "Forward",
                                    "Index Name": "role_id_cast_info",
                                    "Relation Name": "cast_info",
                                    "Schema": "public",
                                    "Alias": "ci",
                                    "Startup Cost": 0.56,
                                    "Total Cost": 72121.93,
                                    "Plan Rows": 288300,
                                    "Plan Width": 0,
                                    "Actual Startup Time": 0.161,
                                    "Actual Total Time": 109.994,
                                    "Actual Rows": 264022,
                                    "Actual Loops": 6,
                                    "Output": [
                                        "id",
                                        "person_id",
                                        "movie_id",
                                        "person_role_id",
                                        "note",
                                        "nr_order",
                                        "role_id"
                                    ],
                                    "Index Cond": "(ci.role_id = 4)",
                                    "Rows Removed by Index Recheck": 0,
                                    "Filter": "(ci.person_id > 1626482)",
                                    "Rows Removed by Filter": 190802,
                                    "Workers": [
                                        {
                                            "Worker Number": 0,
                                            "Actual Startup Time": 0.307,
                                            "Actual Total Time": 108.388,
                                            "Actual Rows": 271020,
                                            "Actual Loops": 1
                                        },
                                        {
                                            "Worker Number": 1,
                                            "Actual Startup Time": 0.191,
                                            "Actual Total Time": 108.126,
                                            "Actual Rows": 270774,
                                            "Actual Loops": 1
                                        },
                                        {
                                            "Worker Number": 2,
                                            "Actual Startup Time": 0.156,
                                            "Actual Total Time": 109.243,
                                            "Actual Rows": 264332,
                                            "Actual Loops": 1
                                        },
                                        {
                                            "Worker Number": 3,
                                            "Actual Startup Time": 0.125,
                                            "Actual Total Time": 108.859,
                                            "Actual Rows": 275198,
                                            "Actual Loops": 1
                                        },
                                        {
                                            "Worker Number": 4,
                                            "Actual Startup Time": 0.126,
                                            "Actual Total Time": 109.002,
                                            "Actual Rows": 270479,
                                            "Actual Loops": 1
                                        }
                                    ]
                                }
                            ]
                        }
                    ]
                }
            ]
        },
        "Planning Time": 191.366,
        "Triggers": [],
        "Execution Time": 141.099
    }
]