{
    "Plan": {
        "Node Type": "Aggregate",
        "Strategy": "Plain",
        "Partial Mode": "Finalize",
        "Parallel Aware": false,
        "Startup Cost": 217960.5,
        "Total Cost": 217960.51,
        "Plan Rows": 1,
        "Plan Width": 8,
        "Actual Startup Time": 1439.907,
        "Actual Total Time": 1487.629,
        "Actual Rows": 1,
        "Actual Loops": 1,
        "Output": [
            "count(*)"
        ],
        "Plans": [
            {
                "Node Type": "Gather",
                "Parent Relationship": "Outer",
                "Parallel Aware": false,
                "Startup Cost": 217960.18,
                "Total Cost": 217960.49,
                "Plan Rows": 3,
                "Plan Width": 8,
                "Actual Startup Time": 1432.424,
                "Actual Total Time": 1487.617,
                "Actual Rows": 4,
                "Actual Loops": 1,
                "Output": [
                    "(PARTIAL count(*))"
                ],
                "Workers Planned": 3,
                "Workers Launched": 3,
                "Single Copy": false,
                "Plans": [
                    {
                        "Node Type": "Aggregate",
                        "Strategy": "Plain",
                        "Partial Mode": "Partial",
                        "Parent Relationship": "Outer",
                        "Parallel Aware": false,
                        "Startup Cost": 216960.18,
                        "Total Cost": 216960.19,
                        "Plan Rows": 1,
                        "Plan Width": 8,
                        "Actual Startup Time": 1413.593,
                        "Actual Total Time": 1413.597,
                        "Actual Rows": 1,
                        "Actual Loops": 4,
                        "Output": [
                            "PARTIAL count(*)"
                        ],
                        "Workers": [
                            {
                                "Worker Number": 0,
                                "Actual Startup Time": 1406.523,
                                "Actual Total Time": 1406.526,
                                "Actual Rows": 1,
                                "Actual Loops": 1
                            },
                            {
                                "Worker Number": 1,
                                "Actual Startup Time": 1409.663,
                                "Actual Total Time": 1409.666,
                                "Actual Rows": 1,
                                "Actual Loops": 1
                            },
                            {
                                "Worker Number": 2,
                                "Actual Startup Time": 1406.534,
                                "Actual Total Time": 1406.536,
                                "Actual Rows": 1,
                                "Actual Loops": 1
                            }
                        ],
                        "Plans": [
                            {
                                "Node Type": "Nested Loop",
                                "Parent Relationship": "Outer",
                                "Parallel Aware": false,
                                "Join Type": "Inner",
                                "Startup Cost": 50220.24,
                                "Total Cost": 216355.54,
                                "Plan Rows": 241856,
                                "Plan Width": 0,
                                "Actual Startup Time": 361.152,
                                "Actual Total Time": 1366.521,
                                "Actual Rows": 1129734,
                                "Actual Loops": 4,
                                "Inner Unique": false,
                                "Workers": [
                                    {
                                        "Worker Number": 0,
                                        "Actual Startup Time": 354.847,
                                        "Actual Total Time": 1359.679,
                                        "Actual Rows": 1123379,
                                        "Actual Loops": 1
                                    },
                                    {
                                        "Worker Number": 1,
                                        "Actual Startup Time": 354.929,
                                        "Actual Total Time": 1362.441,
                                        "Actual Rows": 1131325,
                                        "Actual Loops": 1
                                    },
                                    {
                                        "Worker Number": 2,
                                        "Actual Startup Time": 354.849,
                                        "Actual Total Time": 1359.601,
                                        "Actual Rows": 1125295,
                                        "Actual Loops": 1
                                    }
                                ],
                                "Plans": [
                                    {
                                        "Node Type": "Hash Join",
                                        "Parent Relationship": "Outer",
                                        "Parallel Aware": true,
                                        "Join Type": "Inner",
                                        "Startup Cost": 50219.81,
                                        "Total Cost": 93095.51,
                                        "Plan Rows": 68591,
                                        "Plan Width": 8,
                                        "Actual Startup Time": 361.035,
                                        "Actual Total Time": 468.894,
                                        "Actual Rows": 52620,
                                        "Actual Loops": 4,
                                        "Output": [
                                            "t.id",
                                            "mk.movie_id"
                                        ],
                                        "Inner Unique": true,
                                        "Hash Cond": "(mk.movie_id = t.id)",
                                        "Workers": [
                                            {
                                                "Worker Number": 0,
                                                "Actual Startup Time": 354.724,
                                                "Actual Total Time": 467.23,
                                                "Actual Rows": 53139,
                                                "Actual Loops": 1
                                            },
                                            {
                                                "Worker Number": 1,
                                                "Actual Startup Time": 354.729,
                                                "Actual Total Time": 467.86,
                                                "Actual Rows": 51921,
                                                "Actual Loops": 1
                                            },
                                            {
                                                "Worker Number": 2,
                                                "Actual Startup Time": 354.741,
                                                "Actual Total Time": 466.429,
                                                "Actual Rows": 52165,
                                                "Actual Loops": 1
                                            }
                                        ],
                                        "Plans": [
                                            {
                                                "Node Type": "Seq Scan",
                                                "Parent Relationship": "Outer",
                                                "Parallel Aware": true,
                                                "Relation Name": "movie_keyword",
                                                "Schema": "public",
                                                "Alias": "mk",
                                                "Startup Cost": 0.0,
                                                "Total Cost": 42695.65,
                                                "Plan Rows": 68591,
                                                "Plan Width": 4,
                                                "Actual Startup Time": 15.072,
                                                "Actual Total Time": 95.876,
                                                "Actual Rows": 52620,
                                                "Actual Loops": 4,
                                                "Output": [
                                                    "mk.id",
                                                    "mk.movie_id",
                                                    "mk.keyword_id"
                                                ],
                                                "Filter": "(mk.keyword_id > 66628)",
                                                "Rows Removed by Filter": 1078362,
                                                "Workers": [
                                                    {
                                                        "Worker Number": 0,
                                                        "Actual Startup Time": 15.088,
                                                        "Actual Total Time": 101.935,
                                                        "Actual Rows": 53139,
                                                        "Actual Loops": 1
                                                    },
                                                    {
                                                        "Worker Number": 1,
                                                        "Actual Startup Time": 15.062,
                                                        "Actual Total Time": 99.611,
                                                        "Actual Rows": 51921,
                                                        "Actual Loops": 1
                                                    },
                                                    {
                                                        "Worker Number": 2,
                                                        "Actual Startup Time": 15.078,
                                                        "Actual Total Time": 100.946,
                                                        "Actual Rows": 52165,
                                                        "Actual Loops": 1
                                                    }
                                                ]
                                            },
                                            {
                                                "Node Type": "Hash",
                                                "Parent Relationship": "Inner",
                                                "Parallel Aware": true,
                                                "Startup Cost": 42318.81,
                                                "Total Cost": 42318.81,
                                                "Plan Rows": 632080,
                                                "Plan Width": 4,
                                                "Actual Startup Time": 334.553,
                                                "Actual Total Time": 334.554,
                                                "Actual Rows": 632078,
                                                "Actual Loops": 4,
                                                "Output": [
                                                    "t.id"
                                                ],
                                                "Hash Buckets": 4194304,
                                                "Original Hash Buckets": 4194304,
                                                "Hash Batches": 1,
                                                "Original Hash Batches": 1,
                                                "Peak Memory Usage": 131744,
                                                "Workers": [
                                                    {
                                                        "Worker Number": 0,
                                                        "Actual Startup Time": 339.242,
                                                        "Actual Total Time": 339.242,
                                                        "Actual Rows": 623801,
                                                        "Actual Loops": 1
                                                    },
                                                    {
                                                        "Worker Number": 1,
                                                        "Actual Startup Time": 339.241,
                                                        "Actual Total Time": 339.241,
                                                        "Actual Rows": 624663,
                                                        "Actual Loops": 1
                                                    },
                                                    {
                                                        "Worker Number": 2,
                                                        "Actual Startup Time": 339.198,
                                                        "Actual Total Time": 339.199,
                                                        "Actual Rows": 613813,
                                                        "Actual Loops": 1
                                                    }
                                                ],
                                                "Plans": [
                                                    {
                                                        "Node Type": "Seq Scan",
                                                        "Parent Relationship": "Outer",
                                                        "Parallel Aware": true,
                                                        "Relation Name": "title",
                                                        "Schema": "public",
                                                        "Alias": "t",
                                                        "Startup Cost": 0.0,
                                                        "Total Cost": 42318.81,
                                                        "Plan Rows": 632080,
                                                        "Plan Width": 4,
                                                        "Actual Startup Time": 0.052,
                                                        "Actual Total Time": 96.049,
                                                        "Actual Rows": 632078,
                                                        "Actual Loops": 4,
                                                        "Output": [
                                                            "t.id"
                                                        ],
                                                        "Workers": [
                                                            {
                                                                "Worker Number": 0,
                                                                "Actual Startup Time": 0.061,
                                                                "Actual Total Time": 100.779,
                                                                "Actual Rows": 623801,
                                                                "Actual Loops": 1
                                                            },
                                                            {
                                                                "Worker Number": 1,
                                                                "Actual Startup Time": 0.07,
                                                                "Actual Total Time": 101.183,
                                                                "Actual Rows": 624663,
                                                                "Actual Loops": 1
                                                            },
                                                            {
                                                                "Worker Number": 2,
                                                                "Actual Startup Time": 0.061,
                                                                "Actual Total Time": 100.528,
                                                                "Actual Rows": 613813,
                                                                "Actual Loops": 1
                                                            }
                                                        ]
                                                    }
                                                ]
                                            }
                                        ]
                                    },
                                    {
                                        "Node Type": "Index Scan",
                                        "Parent Relationship": "Inner",
                                        "Parallel Aware": false,
                                        "Scan Direction": "Forward",
                                        "Index Name": "movie_id_movie_info",
                                        "Relation Name": "movie_info",
                                        "Schema": "public",
                                        "Alias": "mi",
                                        "Startup Cost": 0.43,
                                        "Total Cost": 1.56,
                                        "Plan Rows": 24,
                                        "Plan Width": 4,
                                        "Actual Startup Time": 0.003,
                                        "Actual Total Time": 0.015,
                                        "Actual Rows": 21,
                                        "Actual Loops": 210482,
                                        "Output": [
                                            "mi.id",
                                            "mi.movie_id",
                                            "mi.info_type_id",
                                            "mi.info",
                                            "mi.note"
                                        ],
                                        "Index Cond": "(mi.movie_id = t.id)",
                                        "Rows Removed by Index Recheck": 0,
                                        "Filter": "(mi.info_type_id < 15)",
                                        "Rows Removed by Filter": 40,
                                        "Workers": [
                                            {
                                                "Worker Number": 0,
                                                "Actual Startup Time": 0.003,
                                                "Actual Total Time": 0.015,
                                                "Actual Rows": 21,
                                                "Actual Loops": 53139
                                            },
                                            {
                                                "Worker Number": 1,
                                                "Actual Startup Time": 0.003,
                                                "Actual Total Time": 0.016,
                                                "Actual Rows": 22,
                                                "Actual Loops": 51921
                                            },
                                            {
                                                "Worker Number": 2,
                                                "Actual Startup Time": 0.003,
                                                "Actual Total Time": 0.015,
                                                "Actual Rows": 22,
                                                "Actual Loops": 52165
                                            }
                                        ]
                                    }
                                ]
                            }
                        ]
                    }
                ]
            }
        ]
    },
    "Planning Time": 1.671,
    "Triggers": [],
    "Execution Time": 1487.734
}