[
    {
        "Bao": {
            "Bao prediction": "NaN",
            "Bao recommended hint": "(no hint)"
        }
    },
    {
        "Plan": {
            "Node Type": "Aggregate",
            "Strategy": "Plain",
            "Partial Mode": "Finalize",
            "Parallel Aware": false,
            "Startup Cost": 484794.35,
            "Total Cost": 484794.36,
            "Plan Rows": 1,
            "Plan Width": 8,
            "Actual Startup Time": 2862.82,
            "Actual Total Time": 2916.352,
            "Actual Rows": 1,
            "Actual Loops": 1,
            "Output": [
                "count(*)"
            ],
            "Plans": [
                {
                    "Node Type": "Gather",
                    "Parent Relationship": "Outer",
                    "Parallel Aware": false,
                    "Startup Cost": 484793.73,
                    "Total Cost": 484794.34,
                    "Plan Rows": 6,
                    "Plan Width": 8,
                    "Actual Startup Time": 2841.18,
                    "Actual Total Time": 2916.339,
                    "Actual Rows": 7,
                    "Actual Loops": 1,
                    "Output": [
                        "(PARTIAL count(*))"
                    ],
                    "Workers Planned": 6,
                    "Workers Launched": 6,
                    "Single Copy": false,
                    "Plans": [
                        {
                            "Node Type": "Aggregate",
                            "Strategy": "Plain",
                            "Partial Mode": "Partial",
                            "Parent Relationship": "Outer",
                            "Parallel Aware": false,
                            "Startup Cost": 483793.73,
                            "Total Cost": 483793.74,
                            "Plan Rows": 1,
                            "Plan Width": 8,
                            "Actual Startup Time": 2819.073,
                            "Actual Total Time": 2819.684,
                            "Actual Rows": 1,
                            "Actual Loops": 7,
                            "Output": [
                                "PARTIAL count(*)"
                            ],
                            "Workers": [
                                {
                                    "Worker Number": 0,
                                    "Actual Startup Time": 2814.892,
                                    "Actual Total Time": 2814.897,
                                    "Actual Rows": 1,
                                    "Actual Loops": 1
                                },
                                {
                                    "Worker Number": 1,
                                    "Actual Startup Time": 2814.838,
                                    "Actual Total Time": 2814.843,
                                    "Actual Rows": 1,
                                    "Actual Loops": 1
                                },
                                {
                                    "Worker Number": 2,
                                    "Actual Startup Time": 2814.654,
                                    "Actual Total Time": 2814.659,
                                    "Actual Rows": 1,
                                    "Actual Loops": 1
                                },
                                {
                                    "Worker Number": 3,
                                    "Actual Startup Time": 2818.903,
                                    "Actual Total Time": 2818.908,
                                    "Actual Rows": 1,
                                    "Actual Loops": 1
                                },
                                {
                                    "Worker Number": 4,
                                    "Actual Startup Time": 2814.432,
                                    "Actual Total Time": 2814.437,
                                    "Actual Rows": 1,
                                    "Actual Loops": 1
                                },
                                {
                                    "Worker Number": 5,
                                    "Actual Startup Time": 2815.133,
                                    "Actual Total Time": 2815.138,
                                    "Actual Rows": 1,
                                    "Actual Loops": 1
                                }
                            ],
                            "Plans": [
                                {
                                    "Node Type": "Hash Join",
                                    "Parent Relationship": "Outer",
                                    "Parallel Aware": true,
                                    "Join Type": "Inner",
                                    "Startup Cost": 111340.1,
                                    "Total Cost": 474320.03,
                                    "Plan Rows": 3789479,
                                    "Plan Width": 0,
                                    "Actual Startup Time": 648.557,
                                    "Actual Total Time": 2355.217,
                                    "Actual Rows": 11154032,
                                    "Actual Loops": 7,
                                    "Inner Unique": false,
                                    "Hash Cond": "(ci.movie_id = t.id)",
                                    "Workers": [
                                        {
                                            "Worker Number": 0,
                                            "Actual Startup Time": 644.845,
                                            "Actual Total Time": 2355.423,
                                            "Actual Rows": 11264045,
                                            "Actual Loops": 1
                                        },
                                        {
                                            "Worker Number": 1,
                                            "Actual Startup Time": 644.968,
                                            "Actual Total Time": 2354.374,
                                            "Actual Rows": 11423969,
                                            "Actual Loops": 1
                                        },
                                        {
                                            "Worker Number": 2,
                                            "Actual Startup Time": 644.605,
                                            "Actual Total Time": 2356.024,
                                            "Actual Rows": 11887160,
                                            "Actual Loops": 1
                                        },
                                        {
                                            "Worker Number": 3,
                                            "Actual Startup Time": 645.009,
                                            "Actual Total Time": 2357.828,
                                            "Actual Rows": 11449545,
                                            "Actual Loops": 1
                                        },
                                        {
                                            "Worker Number": 4,
                                            "Actual Startup Time": 644.598,
                                            "Actual Total Time": 2362.214,
                                            "Actual Rows": 11653034,
                                            "Actual Loops": 1
                                        },
                                        {
                                            "Worker Number": 5,
                                            "Actual Startup Time": 645.087,
                                            "Actual Total Time": 2328.101,
                                            "Actual Rows": 8833177,
                                            "Actual Loops": 1
                                        }
                                    ],
                                    "Plans": [
                                        {
                                            "Node Type": "Index Scan",
                                            "Parent Relationship": "Outer",
                                            "Parallel Aware": true,
                                            "Scan Direction": "Forward",
                                            "Index Name": "role_id_cast_info",
                                            "Relation Name": "cast_info",
                                            "Schema": "public",
                                            "Alias": "ci",
                                            "Startup Cost": 0.56,
                                            "Total Cost": 342814.42,
                                            "Plan Rows": 2117854,
                                            "Plan Width": 4,
                                            "Actual Startup Time": 3.524,
                                            "Actual Total Time": 354.409,
                                            "Actual Rows": 1794091,
                                            "Actual Loops": 7,
                                            "Output": [
                                                "ci.id",
                                                "ci.person_id",
                                                "ci.movie_id",
                                                "ci.person_role_id",
                                                "ci.note",
                                                "ci.nr_order",
                                                "ci.role_id"
                                            ],
                                            "Index Cond": "(ci.role_id = 1)",
                                            "Rows Removed by Index Recheck": 0,
                                            "Filter": "(ci.person_id > 18676)",
                                            "Rows Removed by Filter": 16008,
                                            "Workers": [
                                                {
                                                    "Worker Number": 0,
                                                    "Actual Startup Time": 3.494,
                                                    "Actual Total Time": 360.314,
                                                    "Actual Rows": 1823128,
                                                    "Actual Loops": 1
                                                },
                                                {
                                                    "Worker Number": 1,
                                                    "Actual Startup Time": 3.581,
                                                    "Actual Total Time": 357.934,
                                                    "Actual Rows": 1842360,
                                                    "Actual Loops": 1
                                                },
                                                {
                                                    "Worker Number": 2,
                                                    "Actual Startup Time": 3.507,
                                                    "Actual Total Time": 364.963,
                                                    "Actual Rows": 1901642,
                                                    "Actual Loops": 1
                                                },
                                                {
                                                    "Worker Number": 3,
                                                    "Actual Startup Time": 3.543,
                                                    "Actual Total Time": 357.916,
                                                    "Actual Rows": 1840385,
                                                    "Actual Loops": 1
                                                },
                                                {
                                                    "Worker Number": 4,
                                                    "Actual Startup Time": 3.45,
                                                    "Actual Total Time": 366.524,
                                                    "Actual Rows": 1884480,
                                                    "Actual Loops": 1
                                                },
                                                {
                                                    "Worker Number": 5,
                                                    "Actual Startup Time": 3.543,
                                                    "Actual Total Time": 362.29,
                                                    "Actual Rows": 1405170,
                                                    "Actual Loops": 1
                                                }
                                            ]
                                        },
                                        {
                                            "Node Type": "Hash",
                                            "Parent Relationship": "Inner",
                                            "Parallel Aware": true,
                                            "Startup Cost": 93097.89,
                                            "Total Cost": 93097.89,
                                            "Plan Rows": 1459332,
                                            "Plan Width": 8,
                                            "Actual Startup Time": 636.588,
                                            "Actual Total Time": 637.197,
                                            "Actual Rows": 646276,
                                            "Actual Loops": 7,
                                            "Output": [
                                                "t.id",
                                                "mk.movie_id"
                                            ],
                                            "Hash Buckets": 8388608,
                                            "Original Hash Buckets": 8388608,
                                            "Hash Batches": 1,
                                            "Original Hash Batches": 1,
                                            "Peak Memory Usage": 242592,
                                            "Workers": [
                                                {
                                                    "Worker Number": 0,
                                                    "Actual Startup Time": 640.91,
                                                    "Actual Total Time": 640.913,
                                                    "Actual Rows": 662300,
                                                    "Actual Loops": 1
                                                },
                                                {
                                                    "Worker Number": 1,
                                                    "Actual Startup Time": 640.931,
                                                    "Actual Total Time": 640.935,
                                                    "Actual Rows": 658415,
                                                    "Actual Loops": 1
                                                },
                                                {
                                                    "Worker Number": 2,
                                                    "Actual Startup Time": 640.645,
                                                    "Actual Total Time": 640.648,
                                                    "Actual Rows": 679690,
                                                    "Actual Loops": 1
                                                },
                                                {
                                                    "Worker Number": 3,
                                                    "Actual Startup Time": 641.022,
                                                    "Actual Total Time": 641.026,
                                                    "Actual Rows": 683515,
                                                    "Actual Loops": 1
                                                },
                                                {
                                                    "Worker Number": 4,
                                                    "Actual Startup Time": 640.562,
                                                    "Actual Total Time": 640.566,
                                                    "Actual Rows": 674325,
                                                    "Actual Loops": 1
                                                },
                                                {
                                                    "Worker Number": 5,
                                                    "Actual Startup Time": 641.065,
                                                    "Actual Total Time": 641.068,
                                                    "Actual Rows": 470085,
                                                    "Actual Loops": 1
                                                }
                                            ],
                                            "Plans": [
                                                {
                                                    "Node Type": "Hash Join",
                                                    "Parent Relationship": "Outer",
                                                    "Parallel Aware": true,
                                                    "Join Type": "Inner",
                                                    "Startup Cost": 50219.81,
                                                    "Total Cost": 93097.89,
                                                    "Plan Rows": 1459332,
                                                    "Plan Width": 8,
                                                    "Actual Startup Time": 240.06,
                                                    "Actual Total Time": 435.193,
                                                    "Actual Rows": 646276,
                                                    "Actual Loops": 7,
                                                    "Output": [
                                                        "t.id",
                                                        "mk.movie_id"
                                                    ],
                                                    "Inner Unique": true,
                                                    "Hash Cond": "(mk.movie_id = t.id)",
                                                    "Workers": [
                                                        {
                                                            "Worker Number": 0,
                                                            "Actual Startup Time": 239.995,
                                                            "Actual Total Time": 434.756,
                                                            "Actual Rows": 662300,
                                                            "Actual Loops": 1
                                                        },
                                                        {
                                                            "Worker Number": 1,
                                                            "Actual Startup Time": 240.144,
                                                            "Actual Total Time": 434.151,
                                                            "Actual Rows": 658415,
                                                            "Actual Loops": 1
                                                        },
                                                        {
                                                            "Worker Number": 2,
                                                            "Actual Startup Time": 239.908,
                                                            "Actual Total Time": 434.084,
                                                            "Actual Rows": 679690,
                                                            "Actual Loops": 1
                                                        },
                                                        {
                                                            "Worker Number": 3,
                                                            "Actual Startup Time": 240.123,
                                                            "Actual Total Time": 434.125,
                                                            "Actual Rows": 683515,
                                                            "Actual Loops": 1
                                                        },
                                                        {
                                                            "Worker Number": 4,
                                                            "Actual Startup Time": 239.967,
                                                            "Actual Total Time": 435.423,
                                                            "Actual Rows": 674325,
                                                            "Actual Loops": 1
                                                        },
                                                        {
                                                            "Worker Number": 5,
                                                            "Actual Startup Time": 240.153,
                                                            "Actual Total Time": 434.653,
                                                            "Actual Rows": 470085,
                                                            "Actual Loops": 1
                                                        }
                                                    ],
                                                    "Plans": [
                                                        {
                                                            "Node Type": "Seq Scan",
                                                            "Parent Relationship": "Outer",
                                                            "Parallel Aware": true,
                                                            "Relation Name": "movie_keyword",
                                                            "Schema": "public",
                                                            "Alias": "mk",
                                                            "Startup Cost": 0.0,
                                                            "Total Cost": 39047.32,
                                                            "Plan Rows": 1459332,
                                                            "Plan Width": 4,
                                                            "Actual Startup Time": 0.018,
                                                            "Actual Total Time": 59.172,
                                                            "Actual Rows": 646276,
                                                            "Actual Loops": 7,
                                                            "Output": [
                                                                "mk.id",
                                                                "mk.movie_id",
                                                                "mk.keyword_id"
                                                            ],
                                                            "Workers": [
                                                                {
                                                                    "Worker Number": 0,
                                                                    "Actual Startup Time": 0.016,
                                                                    "Actual Total Time": 60.645,
                                                                    "Actual Rows": 662300,
                                                                    "Actual Loops": 1
                                                                },
                                                                {
                                                                    "Worker Number": 1,
                                                                    "Actual Startup Time": 0.022,
                                                                    "Actual Total Time": 60.372,
                                                                    "Actual Rows": 658415,
                                                                    "Actual Loops": 1
                                                                },
                                                                {
                                                                    "Worker Number": 2,
                                                                    "Actual Startup Time": 0.017,
                                                                    "Actual Total Time": 60.523,
                                                                    "Actual Rows": 679690,
                                                                    "Actual Loops": 1
                                                                },
                                                                {
                                                                    "Worker Number": 3,
                                                                    "Actual Startup Time": 0.023,
                                                                    "Actual Total Time": 60.053,
                                                                    "Actual Rows": 683515,
                                                                    "Actual Loops": 1
                                                                },
                                                                {
                                                                    "Worker Number": 4,
                                                                    "Actual Startup Time": 0.018,
                                                                    "Actual Total Time": 60.362,
                                                                    "Actual Rows": 674325,
                                                                    "Actual Loops": 1
                                                                },
                                                                {
                                                                    "Worker Number": 5,
                                                                    "Actual Startup Time": 0.025,
                                                                    "Actual Total Time": 61.124,
                                                                    "Actual Rows": 470085,
                                                                    "Actual Loops": 1
                                                                }
                                                            ]
                                                        },
                                                        {
                                                            "Node Type": "Hash",
                                                            "Parent Relationship": "Inner",
                                                            "Parallel Aware": true,
                                                            "Startup Cost": 42318.81,
                                                            "Total Cost": 42318.81,
                                                            "Plan Rows": 632080,
                                                            "Plan Width": 4,
                                                            "Actual Startup Time": 236.426,
                                                            "Actual Total Time": 236.427,
                                                            "Actual Rows": 361187,
                                                            "Actual Loops": 7,
                                                            "Output": [
                                                                "t.id"
                                                            ],
                                                            "Hash Buckets": 4194304,
                                                            "Original Hash Buckets": 4194304,
                                                            "Hash Batches": 1,
                                                            "Original Hash Batches": 1,
                                                            "Peak Memory Usage": 131840,
                                                            "Workers": [
                                                                {
                                                                    "Worker Number": 0,
                                                                    "Actual Startup Time": 239.914,
                                                                    "Actual Total Time": 239.915,
                                                                    "Actual Rows": 359240,
                                                                    "Actual Loops": 1
                                                                },
                                                                {
                                                                    "Worker Number": 1,
                                                                    "Actual Startup Time": 239.838,
                                                                    "Actual Total Time": 239.84,
                                                                    "Actual Rows": 355056,
                                                                    "Actual Loops": 1
                                                                },
                                                                {
                                                                    "Worker Number": 2,
                                                                    "Actual Startup Time": 239.754,
                                                                    "Actual Total Time": 239.756,
                                                                    "Actual Rows": 350352,
                                                                    "Actual Loops": 1
                                                                },
                                                                {
                                                                    "Worker Number": 3,
                                                                    "Actual Startup Time": 239.798,
                                                                    "Actual Total Time": 239.799,
                                                                    "Actual Rows": 358735,
                                                                    "Actual Loops": 1
                                                                },
                                                                {
                                                                    "Worker Number": 4,
                                                                    "Actual Startup Time": 239.686,
                                                                    "Actual Total Time": 239.687,
                                                                    "Actual Rows": 340356,
                                                                    "Actual Loops": 1
                                                                },
                                                                {
                                                                    "Worker Number": 5,
                                                                    "Actual Startup Time": 239.808,
                                                                    "Actual Total Time": 239.809,
                                                                    "Actual Rows": 278632,
                                                                    "Actual Loops": 1
                                                                }
                                                            ],
                                                            "Plans": [
                                                                {
                                                                    "Node Type": "Seq Scan",
                                                                    "Parent Relationship": "Outer",
                                                                    "Parallel Aware": true,
                                                                    "Relation Name": "title",
                                                                    "Schema": "public",
                                                                    "Alias": "t",
                                                                    "Startup Cost": 0.0,
                                                                    "Total Cost": 42318.81,
                                                                    "Plan Rows": 632080,
                                                                    "Plan Width": 4,
                                                                    "Actual Startup Time": 0.052,
                                                                    "Actual Total Time": 65.242,
                                                                    "Actual Rows": 361187,
                                                                    "Actual Loops": 7,
                                                                    "Output": [
                                                                        "t.id"
                                                                    ],
                                                                    "Workers": [
                                                                        {
                                                                            "Worker Number": 0,
                                                                            "Actual Startup Time": 0.094,
                                                                            "Actual Total Time": 67.212,
                                                                            "Actual Rows": 359240,
                                                                            "Actual Loops": 1
                                                                        },
                                                                        {
                                                                            "Worker Number": 1,
                                                                            "Actual Startup Time": 0.048,
                                                                            "Actual Total Time": 67.9,
                                                                            "Actual Rows": 355056,
                                                                            "Actual Loops": 1
                                                                        },
                                                                        {
                                                                            "Worker Number": 2,
                                                                            "Actual Startup Time": 0.055,
                                                                            "Actual Total Time": 65.487,
                                                                            "Actual Rows": 350352,
                                                                            "Actual Loops": 1
                                                                        },
                                                                        {
                                                                            "Worker Number": 3,
                                                                            "Actual Startup Time": 0.046,
                                                                            "Actual Total Time": 67.707,
                                                                            "Actual Rows": 358735,
                                                                            "Actual Loops": 1
                                                                        },
                                                                        {
                                                                            "Worker Number": 4,
                                                                            "Actual Startup Time": 0.059,
                                                                            "Actual Total Time": 64.349,
                                                                            "Actual Rows": 340356,
                                                                            "Actual Loops": 1
                                                                        },
                                                                        {
                                                                            "Worker Number": 5,
                                                                            "Actual Startup Time": 0.047,
                                                                            "Actual Total Time": 71.015,
                                                                            "Actual Rows": 278632,
                                                                            "Actual Loops": 1
                                                                        }
                                                                    ]
                                                                }
                                                            ]
                                                        }
                                                    ]
                                                }
                                            ]
                                        }
                                    ]
                                }
                            ]
                        }
                    ]
                }
            ]
        },
        "Planning Time": 196.695,
        "Triggers": [],
        "Execution Time": 2916.506
    }
]