[
  {
    "Plan": {
      "Node Type": "Aggregate",
      "Strategy": "Plain",
      "Partial Mode": "Finalize",
      "Parallel Aware": false,
      "Startup Cost": 101298.18,
      "Total Cost": 101298.19,
      "Plan Rows": 1,
      "Plan Width": 8,
      "Actual Startup Time": 830.111,
      "Actual Total Time": 851.014,
      "Actual Rows": 1,
      "Actual Loops": 1,
      "Plans": [
        {
          "Node Type": "Gather",
          "Parent Relationship": "Outer",
          "Parallel Aware": false,
          "Startup Cost": 101297.87,
          "Total Cost": 101298.18,
          "Plan Rows": 3,
          "Plan Width": 8,
          "Actual Startup Time": 804.023,
          "Actual Total Time": 850.996,
          "Actual Rows": 4,
          "Actual Loops": 1,
          "Workers Planned": 3,
          "Workers Launched": 3,
          "Single Copy": false,
          "Plans": [
            {
              "Node Type": "Aggregate",
              "Strategy": "Plain",
              "Partial Mode": "Partial",
              "Parent Relationship": "Outer",
              "Parallel Aware": false,
              "Startup Cost": 100297.87,
              "Total Cost": 100297.88,
              "Plan Rows": 1,
              "Plan Width": 8,
              "Actual Startup Time": 789.965,
              "Actual Total Time": 789.97,
              "Actual Rows": 1,
              "Actual Loops": 4,
              "Plans": [
                {
                  "Node Type": "Hash Join",
                  "Parent Relationship": "Outer",
                  "Parallel Aware": true,
                  "Join Type": "Inner",
                  "Startup Cost": 50220.38,
                  "Total Cost": 96696.98,
                  "Plan Rows": 1440355,
                  "Plan Width": 0,
                  "Actual Startup Time": 391.545,
                  "Actual Total Time": 732.266,
                  "Actual Rows": 1116582,
                  "Actual Loops": 4,
                  "Inner Unique": true,
                  "Hash Cond": "(mk.movie_id = t.id)",
                  "Plans": [
                    {
                      "Node Type": "Seq Scan",
                      "Parent Relationship": "Outer",
                      "Parallel Aware": true,
                      "Relation Name": "movie_keyword",
                      "Alias": "mk",
                      "Startup Cost": 0.0,
                      "Total Cost": 42695.65,
                      "Plan Rows": 1440355,
                      "Plan Width": 4,
                      "Actual Startup Time": 0.034,
                      "Actual Total Time": 135.842,
                      "Actual Rows": 1116582,
                      "Actual Loops": 4,
                      "Filter": "(keyword_id > 55)",
                      "Rows Removed by Filter": 14401
                    },
                    {
                      "Node Type": "Hash",
                      "Parent Relationship": "Inner",
                      "Parallel Aware": true,
                      "Startup Cost": 42319.06,
                      "Total Cost": 42319.06,
                      "Plan Rows": 632106,
                      "Plan Width": 4,
                      "Actual Startup Time": 381.146,
                      "Actual Total Time": 381.147,
                      "Actual Rows": 632078,
                      "Actual Loops": 4,
                      "Hash Buckets": 4194304,
                      "Original Hash Buckets": 4194304,
                      "Hash Batches": 1,
                      "Original Hash Batches": 1,
                      "Peak Memory Usage": 131712,
                      "Plans": [
                        {
                          "Node Type": "Seq Scan",
                          "Parent Relationship": "Outer",
                          "Parallel Aware": true,
                          "Relation Name": "title",
                          "Alias": "t",
                          "Startup Cost": 0.0,
                          "Total Cost": 42319.06,
                          "Plan Rows": 632106,
                          "Plan Width": 4,
                          "Actual Startup Time": 0.031,
                          "Actual Total Time": 114.682,
                          "Actual Rows": 632078,
                          "Actual Loops": 4
                        }
                      ]
                    }
                  ]
                }
              ]
            }
          ]
        }
      ]
    },
    "Planning Time": 0.32,
    "Triggers": [],
    "Execution Time": 851.059
  }
]