[
  {
    "Plan": {
      "Node Type": "Aggregate",
      "Strategy": "Plain",
      "Partial Mode": "Finalize",
      "Parallel Aware": false,
      "Startup Cost": 47532.96,
      "Total Cost": 47532.97,
      "Plan Rows": 1,
      "Plan Width": 8,
      "Actual Startup Time": 135.344,
      "Actual Total Time": 151.617,
      "Actual Rows": 1,
      "Actual Loops": 1,
      "Plans": [
        {
          "Node Type": "Gather",
          "Parent Relationship": "Outer",
          "Parallel Aware": false,
          "Startup Cost": 47532.54,
          "Total Cost": 47532.95,
          "Plan Rows": 4,
          "Plan Width": 8,
          "Actual Startup Time": 135.079,
          "Actual Total Time": 151.609,
          "Actual Rows": 5,
          "Actual Loops": 1,
          "Workers Planned": 4,
          "Workers Launched": 4,
          "Single Copy": false,
          "Plans": [
            {
              "Node Type": "Aggregate",
              "Strategy": "Plain",
              "Partial Mode": "Partial",
              "Parent Relationship": "Outer",
              "Parallel Aware": false,
              "Startup Cost": 46532.54,
              "Total Cost": 46532.55,
              "Plan Rows": 1,
              "Plan Width": 8,
              "Actual Startup Time": 129.496,
              "Actual Total Time": 129.498,
              "Actual Rows": 1,
              "Actual Loops": 5,
              "Plans": [
                {
                  "Node Type": "Seq Scan",
                  "Parent Relationship": "Outer",
                  "Parallel Aware": true,
                  "Relation Name": "title",
                  "Alias": "t",
                  "Startup Cost": 0.0,
                  "Total Cost": 45479.59,
                  "Plan Rows": 421180,
                  "Plan Width": 0,
                  "Actual Startup Time": 0.03,
                  "Actual Total Time": 108.547,
                  "Actual Rows": 356761,
                  "Actual Loops": 5,
                  "Filter": "((kind_id > 1) AND (production_year > 1953))",
                  "Rows Removed by Filter": 148902
                }
              ]
            }
          ]
        }
      ]
    },
    "Planning Time": 0.088,
    "Triggers": [],
    "Execution Time": 151.655
  }
]