[
  {
    "Plan": {
      "Node Type": "Aggregate",
      "Strategy": "Plain",
      "Partial Mode": "Finalize",
      "Parallel Aware": false,
      "Startup Cost": 624062.28,
      "Total Cost": 624062.29,
      "Plan Rows": 1,
      "Plan Width": 8,
      "Actual Startup Time": 2203.768,
      "Actual Total Time": 2286.161,
      "Actual Rows": 1,
      "Actual Loops": 1,
      "Plans": [
        {
          "Node Type": "Gather",
          "Parent Relationship": "Outer",
          "Parallel Aware": false,
          "Startup Cost": 624061.65,
          "Total Cost": 624062.26,
          "Plan Rows": 6,
          "Plan Width": 8,
          "Actual Startup Time": 2189.558,
          "Actual Total Time": 2286.146,
          "Actual Rows": 7,
          "Actual Loops": 1,
          "Workers Planned": 6,
          "Workers Launched": 6,
          "Single Copy": false,
          "Plans": [
            {
              "Node Type": "Aggregate",
              "Strategy": "Plain",
              "Partial Mode": "Partial",
              "Parent Relationship": "Outer",
              "Parallel Aware": false,
              "Startup Cost": 623061.65,
              "Total Cost": 623061.66,
              "Plan Rows": 1,
              "Plan Width": 8,
              "Actual Startup Time": 2171.651,
              "Actual Total Time": 2172.024,
              "Actual Rows": 1,
              "Actual Loops": 7,
              "Plans": [
                {
                  "Node Type": "Hash Join",
                  "Parent Relationship": "Outer",
                  "Parallel Aware": true,
                  "Join Type": "Inner",
                  "Startup Cost": 259865.71,
                  "Total Cost": 616422.0,
                  "Plan Rows": 2655862,
                  "Plan Width": 0,
                  "Actual Startup Time": 842.731,
                  "Actual Total Time": 2112.485,
                  "Actual Rows": 1220595,
                  "Actual Loops": 7,
                  "Inner Unique": false,
                  "Hash Cond": "(ci.movie_id = t.id)",
                  "Plans": [
                    {
                      "Node Type": "Seq Scan",
                      "Parent Relationship": "Outer",
                      "Parallel Aware": true,
                      "Relation Name": "cast_info",
                      "Alias": "ci",
                      "Startup Cost": 0.0,
                      "Total Cost": 343316.27,
                      "Plan Rows": 2114213,
                      "Plan Width": 4,
                      "Actual Startup Time": 0.035,
                      "Actual Total Time": 681.417,
                      "Actual Rows": 2007035,
                      "Actual Loops": 7,
                      "Filter": "((person_id < 1447256) AND (role_id < 10))",
                      "Rows Removed by Filter": 3170729
                    },
                    {
                      "Node Type": "Hash",
                      "Parent Relationship": "Inner",
                      "Parallel Aware": true,
                      "Startup Cost": 251925.23,
                      "Total Cost": 251925.23,
                      "Plan Rows": 635238,
                      "Plan Width": 8,
                      "Actual Startup Time": 836.719,
                      "Actual Total Time": 837.09,
                      "Actual Rows": 132735,
                      "Actual Loops": 7,
                      "Hash Buckets": 4194304,
                      "Original Hash Buckets": 4194304,
                      "Hash Batches": 1,
                      "Original Hash Batches": 1,
                      "Peak Memory Usage": 69280,
                      "Plans": [
                        {
                          "Node Type": "Hash Join",
                          "Parent Relationship": "Outer",
                          "Parallel Aware": true,
                          "Join Type": "Inner",
                          "Startup Cost": 49681.11,
                          "Total Cost": 251925.23,
                          "Plan Rows": 635238,
                          "Plan Width": 8,
                          "Actual Startup Time": 195.895,
                          "Actual Total Time": 754.038,
                          "Actual Rows": 132735,
                          "Actual Loops": 7,
                          "Inner Unique": true,
                          "Hash Cond": "(mi.movie_id = t.id)",
                          "Plans": [
                            {
                              "Node Type": "Seq Scan",
                              "Parent Relationship": "Outer",
                              "Parallel Aware": true,
                              "Relation Name": "movie_info",
                              "Alias": "mi",
                              "Startup Cost": 0.0,
                              "Total Cost": 199108.24,
                              "Plan Rows": 1194621,
                              "Plan Width": 4,
                              "Actual Startup Time": 0.038,
                              "Actual Total Time": 317.474,
                              "Actual Rows": 840709,
                              "Actual Loops": 7,
                              "Filter": "(info_type_id < 7)",
                              "Rows Removed by Filter": 1278680
                            },
                            {
                              "Node Type": "Hash",
                              "Parent Relationship": "Inner",
                              "Parallel Aware": true,
                              "Startup Cost": 45479.59,
                              "Total Cost": 45479.59,
                              "Plan Rows": 336122,
                              "Plan Width": 4,
                              "Actual Startup Time": 193.406,
                              "Actual Total Time": 193.408,
                              "Actual Rows": 202611,
                              "Actual Loops": 7,
                              "Hash Buckets": 2097152,
                              "Original Hash Buckets": 2097152,
                              "Hash Batches": 1,
                              "Original Hash Batches": 1,
                              "Peak Memory Usage": 72000,
                              "Plans": [
                                {
                                  "Node Type": "Seq Scan",
                                  "Parent Relationship": "Outer",
                                  "Parallel Aware": true,
                                  "Relation Name": "title",
                                  "Alias": "t",
                                  "Startup Cost": 0.0,
                                  "Total Cost": 45479.59,
                                  "Plan Rows": 336122,
                                  "Plan Width": 4,
                                  "Actual Startup Time": 0.057,
                                  "Actual Total Time": 86.978,
                                  "Actual Rows": 202611,
                                  "Actual Loops": 7,
                                  "Filter": "((production_year > 1961) AND (kind_id = 7))",
                                  "Rows Removed by Filter": 158576
                                }
                              ]
                            }
                          ]
                        }
                      ]
                    }
                  ]
                }
              ]
            }
          ]
        }
      ]
    },
    "Planning Time": 0.784,
    "Triggers": [],
    "Execution Time": 2286.235
  }
]