[
  {
    "Plan": {
      "Node Type": "Aggregate",
      "Strategy": "Plain",
      "Partial Mode": "Finalize",
      "Parallel Aware": false,
      "Startup Cost": 32202.04,
      "Total Cost": 32202.05,
      "Plan Rows": 1,
      "Plan Width": 8,
      "Actual Startup Time": 103.743,
      "Actual Total Time": 109.357,
      "Actual Rows": 1,
      "Actual Loops": 1,
      "Plans": [
        {
          "Node Type": "Gather",
          "Parent Relationship": "Outer",
          "Parallel Aware": false,
          "Startup Cost": 32201.72,
          "Total Cost": 32202.03,
          "Plan Rows": 3,
          "Plan Width": 8,
          "Actual Startup Time": 103.602,
          "Actual Total Time": 109.348,
          "Actual Rows": 4,
          "Actual Loops": 1,
          "Workers Planned": 3,
          "Workers Launched": 3,
          "Single Copy": false,
          "Plans": [
            {
              "Node Type": "Aggregate",
              "Strategy": "Plain",
              "Partial Mode": "Partial",
              "Parent Relationship": "Outer",
              "Parallel Aware": false,
              "Startup Cost": 31201.72,
              "Total Cost": 31201.73,
              "Plan Rows": 1,
              "Plan Width": 8,
              "Actual Startup Time": 98.945,
              "Actual Total Time": 98.946,
              "Actual Rows": 1,
              "Actual Loops": 4,
              "Plans": [
                {
                  "Node Type": "Seq Scan",
                  "Parent Relationship": "Outer",
                  "Parallel Aware": true,
                  "Relation Name": "movie_companies",
                  "Alias": "mc",
                  "Startup Cost": 0.0,
                  "Total Cost": 29310.68,
                  "Plan Rows": 756416,
                  "Plan Width": 0,
                  "Actual Startup Time": 0.02,
                  "Actual Total Time": 73.227,
                  "Actual Rows": 587358,
                  "Actual Loops": 4,
                  "Filter": "(company_id < 99460)",
                  "Rows Removed by Filter": 64924
                }
              ]
            }
          ]
        }
      ]
    },
    "Planning Time": 0.187,
    "Triggers": [],
    "Execution Time": 109.409
  }
]