[
  {
    "Plan": {
      "Node Type": "Aggregate",
      "Strategy": "Plain",
      "Partial Mode": "Finalize",
      "Parallel Aware": false,
      "Startup Cost": 31628.84,
      "Total Cost": 31628.85,
      "Plan Rows": 1,
      "Plan Width": 8,
      "Actual Startup Time": 103.856,
      "Actual Total Time": 111.286,
      "Actual Rows": 1,
      "Actual Loops": 1,
      "Plans": [
        {
          "Node Type": "Gather",
          "Parent Relationship": "Outer",
          "Parallel Aware": false,
          "Startup Cost": 31628.52,
          "Total Cost": 31628.83,
          "Plan Rows": 3,
          "Plan Width": 8,
          "Actual Startup Time": 103.763,
          "Actual Total Time": 111.278,
          "Actual Rows": 4,
          "Actual Loops": 1,
          "Workers Planned": 3,
          "Workers Launched": 3,
          "Single Copy": false,
          "Plans": [
            {
              "Node Type": "Aggregate",
              "Strategy": "Plain",
              "Partial Mode": "Partial",
              "Parent Relationship": "Outer",
              "Parallel Aware": false,
              "Startup Cost": 30628.52,
              "Total Cost": 30628.53,
              "Plan Rows": 1,
              "Plan Width": 8,
              "Actual Startup Time": 98.352,
              "Actual Total Time": 98.353,
              "Actual Rows": 1,
              "Actual Loops": 4,
              "Plans": [
                {
                  "Node Type": "Seq Scan",
                  "Parent Relationship": "Outer",
                  "Parallel Aware": true,
                  "Relation Name": "movie_companies",
                  "Alias": "mc",
                  "Startup Cost": 0.0,
                  "Total Cost": 29310.68,
                  "Plan Rows": 527137,
                  "Plan Width": 0,
                  "Actual Startup Time": 4.56,
                  "Actual Total Time": 80.495,
                  "Actual Rows": 408520,
                  "Actual Loops": 4,
                  "Filter": "(company_id > 4242)",
                  "Rows Removed by Filter": 243762
                }
              ]
            }
          ]
        }
      ]
    },
    "Planning Time": 0.191,
    "Triggers": [],
    "Execution Time": 111.34
  }
]