{
  "Plan": {
    "Node Type": "Aggregate",
    "Strategy": "Plain",
    "Partial Mode": "Finalize",
    "Parallel Aware": false,
    "Startup Cost": 91184.82,
    "Total Cost": 91184.83,
    "Plan Rows": 1,
    "Plan Width": 8,
    "Actual Startup Time": 226.017,
    "Actual Total Time": 234.574,
    "Actual Rows": 1,
    "Actual Loops": 1,
    "Plans": [
      {
        "Node Type": "Gather",
        "Parent Relationship": "Outer",
        "Parallel Aware": false,
        "Startup Cost": 91184.71,
        "Total Cost": 91184.82,
        "Plan Rows": 1,
        "Plan Width": 8,
        "Actual Startup Time": 225.484,
        "Actual Total Time": 234.564,
        "Actual Rows": 2,
        "Actual Loops": 1,
        "Workers Planned": 1,
        "Workers Launched": 1,
        "Single Copy": false,
        "Plans": [
          {
            "Node Type": "Aggregate",
            "Strategy": "Plain",
            "Partial Mode": "Partial",
            "Parent Relationship": "Outer",
            "Parallel Aware": false,
            "Startup Cost": 90184.71,
            "Total Cost": 90184.72,
            "Plan Rows": 1,
            "Plan Width": 8,
            "Actual Startup Time": 219.385,
            "Actual Total Time": 219.39,
            "Actual Rows": 1,
            "Actual Loops": 2,
            "Plans": [
              {
                "Node Type": "Hash Join",
                "Parent Relationship": "Outer",
                "Parallel Aware": true,
                "Join Type": "Inner",
                "Startup Cost": 45974.98,
                "Total Cost": 90109.21,
                "Plan Rows": 30200,
                "Plan Width": 0,
                "Actual Startup Time": 129.062,
                "Actual Total Time": 219.054,
                "Actual Rows": 4670,
                "Actual Loops": 2,
                "Inner Unique": false,
                "Hash Cond": "(t.id = mc.movie_id)",
                "Plans": [
                  {
                    "Node Type": "Bitmap Heap Scan",
                    "Parent Relationship": "Outer",
                    "Parallel Aware": true,
                    "Relation Name": "title",
                    "Alias": "t",
                    "Startup Cost": 11966.08,
                    "Total Cost": 53816.34,
                    "Plan Rows": 337011,
                    "Plan Width": 4,
                    "Actual Startup Time": 21.979,
                    "Actual Total Time": 80.111,
                    "Actual Rows": 227002,
                    "Actual Loops": 2,
                    "Recheck Cond": "(kind_id = 1)",
                    "Rows Removed by Index Recheck": 0,
                    "Filter": "(production_year > 1963)",
                    "Rows Removed by Filter": 104410,
                    "Exact Heap Blocks": 7402,
                    "Lossy Heap Blocks": 0,
                    "Plans": [
                      {
                        "Node Type": "Bitmap Index Scan",
                        "Parent Relationship": "Outer",
                        "Parallel Aware": false,
                        "Index Name": "kind_id_title",
                        "Startup Cost": 0.0,
                        "Total Cost": 11822.85,
                        "Plan Rows": 663256,
                        "Plan Width": 0,
                        "Actual Startup Time": 20.149,
                        "Actual Total Time": 20.15,
                        "Actual Rows": 662825,
                        "Actual Loops": 1,
                        "Index Cond": "(kind_id = 1)"
                      }
                    ]
                  },
                  {
                    "Node Type": "Hash",
                    "Parent Relationship": "Inner",
                    "Parallel Aware": true,
                    "Startup Cost": 32343.0,
                    "Total Cost": 32343.0,
                    "Plan Rows": 133272,
                    "Plan Width": 4,
                    "Actual Startup Time": 103.603,
                    "Actual Total Time": 103.604,
                    "Actual Rows": 53614,
                    "Actual Loops": 2,
                    "Hash Buckets": 262144,
                    "Original Hash Buckets": 262144,
                    "Hash Batches": 1,
                    "Original Hash Batches": 1,
                    "Peak Memory Usage": 6272,
                    "Plans": [
                      {
                        "Node Type": "Bitmap Heap Scan",
                        "Parent Relationship": "Outer",
                        "Parallel Aware": true,
                        "Relation Name": "movie_companies",
                        "Alias": "mc",
                        "Startup Cost": 9615.74,
                        "Total Cost": 32343.0,
                        "Plan Rows": 133272,
                        "Plan Width": 4,
                        "Actual Startup Time": 74.472,
                        "Actual Total Time": 92.714,
                        "Actual Rows": 53614,
                        "Actual Loops": 2,
                        "Recheck Cond": "(company_id < 331)",
                        "Rows Removed by Index Recheck": 0,
                        "Filter": "(company_type_id > 1)",
                        "Rows Removed by Filter": 167966,
                        "Exact Heap Blocks": 13287,
                        "Lossy Heap Blocks": 0,
                        "Plans": [
                          {
                            "Node Type": "Bitmap Index Scan",
                            "Parent Relationship": "Outer",
                            "Parallel Aware": false,
                            "Index Name": "company_id_movie_companies",
                            "Startup Cost": 0.0,
                            "Total Cost": 9559.1,
                            "Plan Rows": 446223,
                            "Plan Width": 0,
                            "Actual Startup Time": 32.549,
                            "Actual Total Time": 32.549,
                            "Actual Rows": 443160,
                            "Actual Loops": 1,
                            "Index Cond": "(company_id < 331)"
                          }
                        ]
                      }
                    ]
                  }
                ]
              }
            ]
          }
        ]
      }
    ]
  },
  "Planning Time": 0.697,
  "Triggers": [],
  "Execution Time": 234.689
}