[
  {
    "Plan": {
      "Node Type": "Aggregate",
      "Strategy": "Plain",
      "Partial Mode": "Finalize",
      "Parallel Aware": false,
      "Startup Cost": 44964.64,
      "Total Cost": 44964.65,
      "Plan Rows": 1,
      "Plan Width": 8,
      "Actual Startup Time": 129.935,
      "Actual Total Time": 139.363,
      "Actual Rows": 1,
      "Actual Loops": 1,
      "Plans": [
        {
          "Node Type": "Gather",
          "Parent Relationship": "Outer",
          "Parallel Aware": false,
          "Startup Cost": 44964.33,
          "Total Cost": 44964.64,
          "Plan Rows": 3,
          "Plan Width": 8,
          "Actual Startup Time": 129.757,
          "Actual Total Time": 139.35,
          "Actual Rows": 4,
          "Actual Loops": 1,
          "Workers Planned": 3,
          "Workers Launched": 3,
          "Single Copy": false,
          "Plans": [
            {
              "Node Type": "Aggregate",
              "Strategy": "Plain",
              "Partial Mode": "Partial",
              "Parent Relationship": "Outer",
              "Parallel Aware": false,
              "Startup Cost": 43964.33,
              "Total Cost": 43964.34,
              "Plan Rows": 1,
              "Plan Width": 8,
              "Actual Startup Time": 121.406,
              "Actual Total Time": 121.407,
              "Actual Rows": 1,
              "Actual Loops": 4,
              "Plans": [
                {
                  "Node Type": "Seq Scan",
                  "Parent Relationship": "Outer",
                  "Parallel Aware": true,
                  "Relation Name": "movie_keyword",
                  "Alias": "mk",
                  "Startup Cost": 0.0,
                  "Total Cost": 42695.65,
                  "Plan Rows": 507469,
                  "Plan Width": 0,
                  "Actual Startup Time": 0.053,
                  "Actual Total Time": 103.552,
                  "Actual Rows": 392988,
                  "Actual Loops": 4,
                  "Filter": "(keyword_id < 2372)",
                  "Rows Removed by Filter": 737994
                }
              ]
            }
          ]
        }
      ]
    },
    "Planning Time": 0.078,
    "Triggers": [],
    "Execution Time": 139.391
  }
]