{
    "Plan": {
        "Node Type": "Aggregate",
        "Strategy": "Plain",
        "Partial Mode": "Finalize",
        "Parallel Aware": false,
        "Startup Cost": 76006.23,
        "Total Cost": 76006.24,
        "Plan Rows": 1,
        "Plan Width": 8,
        "Actual Startup Time": 198.45,
        "Actual Total Time": 213.973,
        "Actual Rows": 1,
        "Actual Loops": 1,
        "Output": [
            "count(*)"
        ],
        "Plans": [
            {
                "Node Type": "Gather",
                "Parent Relationship": "Outer",
                "Parallel Aware": false,
                "Startup Cost": 76005.81,
                "Total Cost": 76006.22,
                "Plan Rows": 4,
                "Plan Width": 8,
                "Actual Startup Time": 198.039,
                "Actual Total Time": 213.964,
                "Actual Rows": 5,
                "Actual Loops": 1,
                "Output": [
                    "(PARTIAL count(*))"
                ],
                "Workers Planned": 4,
                "Workers Launched": 4,
                "Single Copy": false,
                "Plans": [
                    {
                        "Node Type": "Aggregate",
                        "Strategy": "Plain",
                        "Partial Mode": "Partial",
                        "Parent Relationship": "Outer",
                        "Parallel Aware": false,
                        "Startup Cost": 75005.81,
                        "Total Cost": 75005.82,
                        "Plan Rows": 1,
                        "Plan Width": 8,
                        "Actual Startup Time": 188.531,
                        "Actual Total Time": 188.534,
                        "Actual Rows": 1,
                        "Actual Loops": 5,
                        "Output": [
                            "PARTIAL count(*)"
                        ],
                        "Workers": [
                            {
                                "Worker Number": 0,
                                "Actual Startup Time": 186.018,
                                "Actual Total Time": 186.021,
                                "Actual Rows": 1,
                                "Actual Loops": 1
                            },
                            {
                                "Worker Number": 1,
                                "Actual Startup Time": 186.009,
                                "Actual Total Time": 186.012,
                                "Actual Rows": 1,
                                "Actual Loops": 1
                            },
                            {
                                "Worker Number": 2,
                                "Actual Startup Time": 186.181,
                                "Actual Total Time": 186.185,
                                "Actual Rows": 1,
                                "Actual Loops": 1
                            },
                            {
                                "Worker Number": 3,
                                "Actual Startup Time": 187.142,
                                "Actual Total Time": 187.145,
                                "Actual Rows": 1,
                                "Actual Loops": 1
                            }
                        ],
                        "Plans": [
                            {
                                "Node Type": "Hash Join",
                                "Parent Relationship": "Outer",
                                "Parallel Aware": true,
                                "Join Type": "Inner",
                                "Startup Cost": 29494.79,
                                "Total Cost": 74991.55,
                                "Plan Rows": 5704,
                                "Plan Width": 0,
                                "Actual Startup Time": 68.539,
                                "Actual Total Time": 187.86,
                                "Actual Rows": 8142,
                                "Actual Loops": 5,
                                "Inner Unique": false,
                                "Hash Cond": "(t.id = mc.movie_id)",
                                "Workers": [
                                    {
                                        "Worker Number": 0,
                                        "Actual Startup Time": 66.064,
                                        "Actual Total Time": 185.252,
                                        "Actual Rows": 6094,
                                        "Actual Loops": 1
                                    },
                                    {
                                        "Worker Number": 1,
                                        "Actual Startup Time": 66.049,
                                        "Actual Total Time": 185.349,
                                        "Actual Rows": 8690,
                                        "Actual Loops": 1
                                    },
                                    {
                                        "Worker Number": 2,
                                        "Actual Startup Time": 66.151,
                                        "Actual Total Time": 185.469,
                                        "Actual Rows": 5455,
                                        "Actual Loops": 1
                                    },
                                    {
                                        "Worker Number": 3,
                                        "Actual Startup Time": 67.237,
                                        "Actual Total Time": 186.479,
                                        "Actual Rows": 8724,
                                        "Actual Loops": 1
                                    }
                                ],
                                "Plans": [
                                    {
                                        "Node Type": "Seq Scan",
                                        "Parent Relationship": "Outer",
                                        "Parallel Aware": true,
                                        "Relation Name": "title",
                                        "Schema": "public",
                                        "Alias": "t",
                                        "Startup Cost": 0.0,
                                        "Total Cost": 43899.01,
                                        "Plan Rows": 315870,
                                        "Plan Width": 4,
                                        "Actual Startup Time": 0.029,
                                        "Actual Total Time": 83.885,
                                        "Actual Rows": 252740,
                                        "Actual Loops": 5,
                                        "Output": [
                                            "t.id",
                                            "t.title",
                                            "t.imdb_index",
                                            "t.kind_id",
                                            "t.production_year",
                                            "t.imdb_id",
                                            "t.phonetic_code",
                                            "t.episode_of_id",
                                            "t.season_nr",
                                            "t.episode_nr",
                                            "t.series_years",
                                            "t.md5sum"
                                        ],
                                        "Filter": "(t.production_year < 2004)",
                                        "Rows Removed by Filter": 252922,
                                        "Workers": [
                                            {
                                                "Worker Number": 0,
                                                "Actual Startup Time": 0.031,
                                                "Actual Total Time": 84.617,
                                                "Actual Rows": 192066,
                                                "Actual Loops": 1
                                            },
                                            {
                                                "Worker Number": 1,
                                                "Actual Startup Time": 0.037,
                                                "Actual Total Time": 84.751,
                                                "Actual Rows": 267615,
                                                "Actual Loops": 1
                                            },
                                            {
                                                "Worker Number": 2,
                                                "Actual Startup Time": 0.036,
                                                "Actual Total Time": 84.29,
                                                "Actual Rows": 179848,
                                                "Actual Loops": 1
                                            },
                                            {
                                                "Worker Number": 3,
                                                "Actual Startup Time": 0.035,
                                                "Actual Total Time": 85.117,
                                                "Actual Rows": 269517,
                                                "Actual Loops": 1
                                            }
                                        ]
                                    },
                                    {
                                        "Node Type": "Hash",
                                        "Parent Relationship": "Inner",
                                        "Parallel Aware": true,
                                        "Startup Cost": 29310.68,
                                        "Total Cost": 29310.68,
                                        "Plan Rows": 14729,
                                        "Plan Width": 4,
                                        "Actual Startup Time": 66.939,
                                        "Actual Total Time": 66.94,
                                        "Actual Rows": 9450,
                                        "Actual Loops": 5,
                                        "Output": [
                                            "mc.movie_id"
                                        ],
                                        "Hash Buckets": 65536,
                                        "Original Hash Buckets": 65536,
                                        "Hash Batches": 1,
                                        "Original Hash Batches": 1,
                                        "Peak Memory Usage": 2496,
                                        "Workers": [
                                            {
                                                "Worker Number": 0,
                                                "Actual Startup Time": 65.244,
                                                "Actual Total Time": 65.245,
                                                "Actual Rows": 7423,
                                                "Actual Loops": 1
                                            },
                                            {
                                                "Worker Number": 1,
                                                "Actual Startup Time": 65.229,
                                                "Actual Total Time": 65.229,
                                                "Actual Rows": 8213,
                                                "Actual Loops": 1
                                            },
                                            {
                                                "Worker Number": 2,
                                                "Actual Startup Time": 65.356,
                                                "Actual Total Time": 65.357,
                                                "Actual Rows": 7394,
                                                "Actual Loops": 1
                                            },
                                            {
                                                "Worker Number": 3,
                                                "Actual Startup Time": 66.377,
                                                "Actual Total Time": 66.378,
                                                "Actual Rows": 9245,
                                                "Actual Loops": 1
                                            }
                                        ],
                                        "Plans": [
                                            {
                                                "Node Type": "Seq Scan",
                                                "Parent Relationship": "Outer",
                                                "Parallel Aware": true,
                                                "Relation Name": "movie_companies",
                                                "Schema": "public",
                                                "Alias": "mc",
                                                "Startup Cost": 0.0,
                                                "Total Cost": 29310.68,
                                                "Plan Rows": 14729,
                                                "Plan Width": 4,
                                                "Actual Startup Time": 0.185,
                                                "Actual Total Time": 62.058,
                                                "Actual Rows": 9450,
                                                "Actual Loops": 5,
                                                "Output": [
                                                    "mc.movie_id"
                                                ],
                                                "Filter": "(mc.company_id = 19)",
                                                "Rows Removed by Filter": 512375,
                                                "Workers": [
                                                    {
                                                        "Worker Number": 0,
                                                        "Actual Startup Time": 0.189,
                                                        "Actual Total Time": 61.349,
                                                        "Actual Rows": 7423,
                                                        "Actual Loops": 1
                                                    },
                                                    {
                                                        "Worker Number": 1,
                                                        "Actual Startup Time": 0.106,
                                                        "Actual Total Time": 60.687,
                                                        "Actual Rows": 8213,
                                                        "Actual Loops": 1
                                                    },
                                                    {
                                                        "Worker Number": 2,
                                                        "Actual Startup Time": 0.346,
                                                        "Actual Total Time": 60.604,
                                                        "Actual Rows": 7394,
                                                        "Actual Loops": 1
                                                    },
                                                    {
                                                        "Worker Number": 3,
                                                        "Actual Startup Time": 0.243,
                                                        "Actual Total Time": 61.513,
                                                        "Actual Rows": 9245,
                                                        "Actual Loops": 1
                                                    }
                                                ]
                                            }
                                        ]
                                    }
                                ]
                            }
                        ]
                    }
                ]
            }
        ]
    },
    "Planning Time": 0.828,
    "Triggers": [],
    "Execution Time": 214.048
}