[
  {
    "Plan": {
      "Node Type": "Aggregate",
      "Strategy": "Plain",
      "Partial Mode": "Finalize",
      "Parallel Aware": false,
      "Startup Cost": 74616.84,
      "Total Cost": 74616.85,
      "Plan Rows": 1,
      "Plan Width": 8,
      "Actual Startup Time": 170.861,
      "Actual Total Time": 187.355,
      "Actual Rows": 1,
      "Actual Loops": 1,
      "Plans": [
        {
          "Node Type": "Gather",
          "Parent Relationship": "Outer",
          "Parallel Aware": false,
          "Startup Cost": 74616.53,
          "Total Cost": 74616.84,
          "Plan Rows": 3,
          "Plan Width": 8,
          "Actual Startup Time": 170.212,
          "Actual Total Time": 187.347,
          "Actual Rows": 4,
          "Actual Loops": 1,
          "Workers Planned": 3,
          "Workers Launched": 3,
          "Single Copy": false,
          "Plans": [
            {
              "Node Type": "Aggregate",
              "Strategy": "Plain",
              "Partial Mode": "Partial",
              "Parent Relationship": "Outer",
              "Parallel Aware": false,
              "Startup Cost": 73616.53,
              "Total Cost": 73616.54,
              "Plan Rows": 1,
              "Plan Width": 8,
              "Actual Startup Time": 160.685,
              "Actual Total Time": 160.691,
              "Actual Rows": 1,
              "Actual Loops": 4,
              "Plans": [
                {
                  "Node Type": "Nested Loop",
                  "Parent Relationship": "Outer",
                  "Parallel Aware": false,
                  "Join Type": "Inner",
                  "Startup Cost": 51753.77,
                  "Total Cost": 73614.24,
                  "Plan Rows": 915,
                  "Plan Width": 0,
                  "Actual Startup Time": 156.984,
                  "Actual Total Time": 160.685,
                  "Actual Rows": 4,
                  "Actual Loops": 4,
                  "Inner Unique": false,
                  "Join Filter": "(t.id = mk.movie_id)",
                  "Rows Removed by Join Filter": 0,
                  "Plans": [
                    {
                      "Node Type": "Hash Join",
                      "Parent Relationship": "Outer",
                      "Parallel Aware": true,
                      "Join Type": "Inner",
                      "Startup Cost": 51753.34,
                      "Total Cost": 71942.1,
                      "Plan Rows": 702,
                      "Plan Width": 8,
                      "Actual Startup Time": 156.96,
                      "Actual Total Time": 160.658,
                      "Actual Rows": 0,
                      "Actual Loops": 4,
                      "Inner Unique": true,
                      "Hash Cond": "(mc.movie_id = t.id)",
                      "Plans": [
                        {
                          "Node Type": "Bitmap Heap Scan",
                          "Parent Relationship": "Outer",
                          "Parallel Aware": true,
                          "Relation Name": "movie_companies",
                          "Alias": "mc",
                          "Startup Cost": 6214.26,
                          "Total Cost": 26160.26,
                          "Plan Rows": 92480,
                          "Plan Width": 4,
                          "Actual Startup Time": 15.765,
                          "Actual Total Time": 48.548,
                          "Actual Rows": 71329,
                          "Actual Loops": 4,
                          "Recheck Cond": "(company_id < 159)",
                          "Rows Removed by Index Recheck": 0,
                          "Exact Heap Blocks": 6646,
                          "Lossy Heap Blocks": 0,
                          "Plans": [
                            {
                              "Node Type": "Bitmap Index Scan",
                              "Parent Relationship": "Outer",
                              "Parallel Aware": false,
                              "Index Name": "company_id_movie_companies",
                              "Startup Cost": 0.0,
                              "Total Cost": 6142.59,
                              "Plan Rows": 286688,
                              "Plan Width": 0,
                              "Actual Startup Time": 13.064,
                              "Actual Total Time": 13.064,
                              "Actual Rows": 285317,
                              "Actual Loops": 1,
                              "Index Cond": "(company_id < 159)"
                            }
                          ]
                        },
                        {
                          "Node Type": "Hash",
                          "Parent Relationship": "Inner",
                          "Parallel Aware": true,
                          "Startup Cost": 45479.1,
                          "Total Cost": 45479.1,
                          "Plan Rows": 4798,
                          "Plan Width": 4,
                          "Actual Startup Time": 98.876,
                          "Actual Total Time": 98.877,
                          "Actual Rows": 12930,
                          "Actual Loops": 4,
                          "Hash Buckets": 65536,
                          "Original Hash Buckets": 32768,
                          "Hash Batches": 1,
                          "Original Hash Batches": 1,
                          "Peak Memory Usage": 2880,
                          "Plans": [
                            {
                              "Node Type": "Seq Scan",
                              "Parent Relationship": "Outer",
                              "Parallel Aware": true,
                              "Relation Name": "title",
                              "Alias": "t",
                              "Startup Cost": 0.0,
                              "Total Cost": 45479.1,
                              "Plan Rows": 4798,
                              "Plan Width": 4,
                              "Actual Startup Time": 63.681,
                              "Actual Total Time": 92.895,
                              "Actual Rows": 12930,
                              "Actual Loops": 4,
                              "Filter": "((kind_id < 7) AND (production_year < 1914))",
                              "Rows Removed by Filter": 619148
                            }
                          ]
                        }
                      ]
                    },
                    {
                      "Node Type": "Index Scan",
                      "Parent Relationship": "Inner",
                      "Parallel Aware": false,
                      "Scan Direction": "Forward",
                      "Index Name": "movie_id_movie_keyword",
                      "Relation Name": "movie_keyword",
                      "Alias": "mk",
                      "Startup Cost": 0.43,
                      "Total Cost": 1.97,
                      "Plan Rows": 33,
                      "Plan Width": 4,
                      "Actual Startup Time": 0.086,
                      "Actual Total Time": 0.092,
                      "Actual Rows": 16,
                      "Actual Loops": 1,
                      "Index Cond": "(movie_id = mc.movie_id)",
                      "Rows Removed by Index Recheck": 0,
                      "Filter": "(keyword_id > 1561)",
                      "Rows Removed by Filter": 3
                    }
                  ]
                }
              ]
            }
          ]
        }
      ]
    },
    "Planning Time": 1.515,
    "Triggers": [],
    "Execution Time": 187.465
  }
]