[
  {
    "Plan": {
      "Node Type": "Aggregate",
      "Strategy": "Plain",
      "Partial Mode": "Finalize",
      "Parallel Aware": false,
      "Startup Cost": 204279.88,
      "Total Cost": 204279.89,
      "Plan Rows": 1,
      "Plan Width": 8,
      "Actual Startup Time": 332.287,
      "Actual Total Time": 353.396,
      "Actual Rows": 1,
      "Actual Loops": 1,
      "Plans": [
        {
          "Node Type": "Gather",
          "Parent Relationship": "Outer",
          "Parallel Aware": false,
          "Startup Cost": 204279.25,
          "Total Cost": 204279.86,
          "Plan Rows": 6,
          "Plan Width": 8,
          "Actual Startup Time": 332.122,
          "Actual Total Time": 353.38,
          "Actual Rows": 7,
          "Actual Loops": 1,
          "Workers Planned": 6,
          "Workers Launched": 6,
          "Single Copy": false,
          "Plans": [
            {
              "Node Type": "Aggregate",
              "Strategy": "Plain",
              "Partial Mode": "Partial",
              "Parent Relationship": "Outer",
              "Parallel Aware": false,
              "Startup Cost": 203279.25,
              "Total Cost": 203279.26,
              "Plan Rows": 1,
              "Plan Width": 8,
              "Actual Startup Time": 319.842,
              "Actual Total Time": 319.843,
              "Actual Rows": 1,
              "Actual Loops": 7,
              "Plans": [
                {
                  "Node Type": "Index Scan",
                  "Parent Relationship": "Outer",
                  "Parallel Aware": true,
                  "Scan Direction": "Forward",
                  "Index Name": "role_id_cast_info",
                  "Relation Name": "cast_info",
                  "Alias": "ci",
                  "Startup Cost": 0.56,
                  "Total Cost": 201884.69,
                  "Plan Rows": 557825,
                  "Plan Width": 0,
                  "Actual Startup Time": 102.752,
                  "Actual Total Time": 280.348,
                  "Actual Rows": 714850,
                  "Actual Loops": 7,
                  "Index Cond": "(role_id = 2)",
                  "Rows Removed by Index Recheck": 0,
                  "Filter": "(person_id > 2048256)",
                  "Rows Removed by Filter": 349718
                }
              ]
            }
          ]
        }
      ]
    },
    "Planning Time": 0.226,
    "Triggers": [],
    "Execution Time": 353.45
  }
]