{
  "Plan": {
    "Node Type": "Aggregate",
    "Strategy": "Plain",
    "Partial Mode": "Finalize",
    "Parallel Aware": false,
    "Startup Cost": 427582.59,
    "Total Cost": 427582.6,
    "Plan Rows": 1,
    "Plan Width": 8,
    "Actual Startup Time": 4937.855,
    "Actual Total Time": 4982.947,
    "Actual Rows": 1,
    "Actual Loops": 1,
    "Plans": [
      {
        "Node Type": "Gather",
        "Parent Relationship": "Outer",
        "Parallel Aware": false,
        "Startup Cost": 427582.48,
        "Total Cost": 427582.59,
        "Plan Rows": 1,
        "Plan Width": 8,
        "Actual Startup Time": 4932.55,
        "Actual Total Time": 4982.939,
        "Actual Rows": 2,
        "Actual Loops": 1,
        "Workers Planned": 1,
        "Workers Launched": 1,
        "Single Copy": false,
        "Plans": [
          {
            "Node Type": "Aggregate",
            "Strategy": "Plain",
            "Partial Mode": "Partial",
            "Parent Relationship": "Outer",
            "Parallel Aware": false,
            "Startup Cost": 426582.48,
            "Total Cost": 426582.49,
            "Plan Rows": 1,
            "Plan Width": 8,
            "Actual Startup Time": 4926.161,
            "Actual Total Time": 4926.168,
            "Actual Rows": 1,
            "Actual Loops": 2,
            "Plans": [
              {
                "Node Type": "Hash Join",
                "Parent Relationship": "Outer",
                "Parallel Aware": true,
                "Join Type": "Inner",
                "Startup Cost": 122791.17,
                "Total Cost": 419954.1,
                "Plan Rows": 2651351,
                "Plan Width": 0,
                "Actual Startup Time": 921.59,
                "Actual Total Time": 4098.488,
                "Actual Rows": 20934836,
                "Actual Loops": 2,
                "Inner Unique": false,
                "Hash Cond": "(mi.movie_id = t.id)",
                "Plans": [
                  {
                    "Node Type": "Seq Scan",
                    "Parent Relationship": "Outer",
                    "Parallel Aware": true,
                    "Relation Name": "movie_info",
                    "Alias": "mi",
                    "Startup Cost": 0.0,
                    "Total Cost": 248955.74,
                    "Plan Rows": 8696274,
                    "Plan Width": 4,
                    "Actual Startup Time": 0.016,
                    "Actual Total Time": 647.838,
                    "Actual Rows": 7417860,
                    "Actual Loops": 2
                  },
                  {
                    "Node Type": "Hash",
                    "Parent Relationship": "Inner",
                    "Parallel Aware": true,
                    "Startup Cost": 117123.27,
                    "Total Cost": 117123.27,
                    "Plan Rows": 453432,
                    "Plan Width": 8,
                    "Actual Startup Time": 911.408,
                    "Actual Total Time": 911.412,
                    "Actual Rows": 381164,
                    "Actual Loops": 2,
                    "Hash Buckets": 1048576,
                    "Original Hash Buckets": 1048576,
                    "Hash Batches": 1,
                    "Original Hash Batches": 1,
                    "Peak Memory Usage": 38048,
                    "Plans": [
                      {
                        "Node Type": "Hash Join",
                        "Parent Relationship": "Outer",
                        "Parallel Aware": true,
                        "Join Type": "Inner",
                        "Startup Cost": 85811.1,
                        "Total Cost": 117123.27,
                        "Plan Rows": 453432,
                        "Plan Width": 8,
                        "Actual Startup Time": 629.25,
                        "Actual Total Time": 821.264,
                        "Actual Rows": 381164,
                        "Actual Loops": 2,
                        "Inner Unique": true,
                        "Hash Cond": "(mk.movie_id = t.id)",
                        "Plans": [
                          {
                            "Node Type": "Bitmap Heap Scan",
                            "Parent Relationship": "Outer",
                            "Parallel Aware": true,
                            "Relation Name": "movie_keyword",
                            "Alias": "mk",
                            "Startup Cost": 16350.4,
                            "Total Cost": 46472.31,
                            "Plan Rows": 453432,
                            "Plan Width": 4,
                            "Actual Startup Time": 42.286,
                            "Actual Total Time": 132.535,
                            "Actual Rows": 381164,
                            "Actual Loops": 2,
                            "Recheck Cond": "(keyword_id > 24602)",
                            "Rows Removed by Index Recheck": 0,
                            "Exact Heap Blocks": 12623,
                            "Lossy Heap Blocks": 0,
                            "Plans": [
                              {
                                "Node Type": "Bitmap Index Scan",
                                "Parent Relationship": "Outer",
                                "Parallel Aware": false,
                                "Index Name": "keyword_id_movie_keyword",
                                "Startup Cost": 0.0,
                                "Total Cost": 16157.7,
                                "Plan Rows": 770835,
                                "Plan Width": 0,
                                "Actual Startup Time": 38.744,
                                "Actual Total Time": 38.744,
                                "Actual Rows": 762328,
                                "Actual Loops": 1,
                                "Index Cond": "(keyword_id > 24602)"
                              }
                            ]
                          },
                          {
                            "Node Type": "Hash",
                            "Parent Relationship": "Inner",
                            "Parallel Aware": true,
                            "Startup Cost": 50870.31,
                            "Total Cost": 50870.31,
                            "Plan Rows": 1487231,
                            "Plan Width": 4,
                            "Actual Startup Time": 570.581,
                            "Actual Total Time": 570.582,
                            "Actual Rows": 1264156,
                            "Actual Loops": 2,
                            "Hash Buckets": 4194304,
                            "Original Hash Buckets": 4194304,
                            "Hash Batches": 1,
                            "Original Hash Batches": 1,
                            "Peak Memory Usage": 131712,
                            "Plans": [
                              {
                                "Node Type": "Seq Scan",
                                "Parent Relationship": "Outer",
                                "Parallel Aware": true,
                                "Relation Name": "title",
                                "Alias": "t",
                                "Startup Cost": 0.0,
                                "Total Cost": 50870.31,
                                "Plan Rows": 1487231,
                                "Plan Width": 4,
                                "Actual Startup Time": 0.033,
                                "Actual Total Time": 157.375,
                                "Actual Rows": 1264156,
                                "Actual Loops": 2
                              }
                            ]
                          }
                        ]
                      }
                    ]
                  }
                ]
              }
            ]
          }
        ]
      }
    ]
  },
  "Planning Time": 0.917,
  "Triggers": [],
  "Execution Time": 4983.051
}