{
    "Plan": {
        "Node Type": "Aggregate",
        "Strategy": "Plain",
        "Partial Mode": "Finalize",
        "Parallel Aware": false,
        "Startup Cost": 55644.95,
        "Total Cost": 55644.96,
        "Plan Rows": 1,
        "Plan Width": 8,
        "Actual Startup Time": 117.622,
        "Actual Total Time": 131.87,
        "Actual Rows": 1,
        "Actual Loops": 1,
        "Output": [
            "count(*)"
        ],
        "Plans": [
            {
                "Node Type": "Gather",
                "Parent Relationship": "Outer",
                "Parallel Aware": false,
                "Startup Cost": 55644.53,
                "Total Cost": 55644.94,
                "Plan Rows": 4,
                "Plan Width": 8,
                "Actual Startup Time": 117.509,
                "Actual Total Time": 131.863,
                "Actual Rows": 5,
                "Actual Loops": 1,
                "Output": [
                    "(PARTIAL count(*))"
                ],
                "Workers Planned": 4,
                "Workers Launched": 4,
                "Single Copy": false,
                "Plans": [
                    {
                        "Node Type": "Aggregate",
                        "Strategy": "Plain",
                        "Partial Mode": "Partial",
                        "Parent Relationship": "Outer",
                        "Parallel Aware": false,
                        "Startup Cost": 54644.53,
                        "Total Cost": 54644.54,
                        "Plan Rows": 1,
                        "Plan Width": 8,
                        "Actual Startup Time": 107.245,
                        "Actual Total Time": 107.247,
                        "Actual Rows": 1,
                        "Actual Loops": 5,
                        "Output": [
                            "PARTIAL count(*)"
                        ],
                        "Workers": [
                            {
                                "Worker Number": 0,
                                "Actual Startup Time": 104.636,
                                "Actual Total Time": 104.638,
                                "Actual Rows": 1,
                                "Actual Loops": 1
                            },
                            {
                                "Worker Number": 1,
                                "Actual Startup Time": 104.404,
                                "Actual Total Time": 104.406,
                                "Actual Rows": 1,
                                "Actual Loops": 1
                            },
                            {
                                "Worker Number": 2,
                                "Actual Startup Time": 105.128,
                                "Actual Total Time": 105.13,
                                "Actual Rows": 1,
                                "Actual Loops": 1
                            },
                            {
                                "Worker Number": 3,
                                "Actual Startup Time": 105.374,
                                "Actual Total Time": 105.375,
                                "Actual Rows": 1,
                                "Actual Loops": 1
                            }
                        ],
                        "Plans": [
                            {
                                "Node Type": "Nested Loop",
                                "Parent Relationship": "Outer",
                                "Parallel Aware": false,
                                "Join Type": "Inner",
                                "Startup Cost": 0.86,
                                "Total Cost": 54644.04,
                                "Plan Rows": 197,
                                "Plan Width": 0,
                                "Actual Startup Time": 56.523,
                                "Actual Total Time": 106.968,
                                "Actual Rows": 3975,
                                "Actual Loops": 5,
                                "Inner Unique": false,
                                "Join Filter": "(t.id = mc.movie_id)",
                                "Rows Removed by Join Filter": 0,
                                "Workers": [
                                    {
                                        "Worker Number": 0,
                                        "Actual Startup Time": 53.676,
                                        "Actual Total Time": 104.44,
                                        "Actual Rows": 2766,
                                        "Actual Loops": 1
                                    },
                                    {
                                        "Worker Number": 1,
                                        "Actual Startup Time": 53.478,
                                        "Actual Total Time": 104.167,
                                        "Actual Rows": 3013,
                                        "Actual Loops": 1
                                    },
                                    {
                                        "Worker Number": 2,
                                        "Actual Startup Time": 54.838,
                                        "Actual Total Time": 104.871,
                                        "Actual Rows": 3787,
                                        "Actual Loops": 1
                                    },
                                    {
                                        "Worker Number": 3,
                                        "Actual Startup Time": 55.082,
                                        "Actual Total Time": 105.024,
                                        "Actual Rows": 5586,
                                        "Actual Loops": 1
                                    }
                                ],
                                "Plans": [
                                    {
                                        "Node Type": "Nested Loop",
                                        "Parent Relationship": "Outer",
                                        "Parallel Aware": false,
                                        "Join Type": "Inner",
                                        "Startup Cost": 0.43,
                                        "Total Cost": 53740.37,
                                        "Plan Rows": 1556,
                                        "Plan Width": 8,
                                        "Actual Startup Time": 56.173,
                                        "Actual Total Time": 90.025,
                                        "Actual Rows": 4817,
                                        "Actual Loops": 5,
                                        "Output": [
                                            "t.id",
                                            "mk.movie_id"
                                        ],
                                        "Inner Unique": false,
                                        "Workers": [
                                            {
                                                "Worker Number": 0,
                                                "Actual Startup Time": 53.594,
                                                "Actual Total Time": 89.465,
                                                "Actual Rows": 4016,
                                                "Actual Loops": 1
                                            },
                                            {
                                                "Worker Number": 1,
                                                "Actual Startup Time": 53.388,
                                                "Actual Total Time": 87.581,
                                                "Actual Rows": 3697,
                                                "Actual Loops": 1
                                            },
                                            {
                                                "Worker Number": 2,
                                                "Actual Startup Time": 54.009,
                                                "Actual Total Time": 89.047,
                                                "Actual Rows": 4407,
                                                "Actual Loops": 1
                                            },
                                            {
                                                "Worker Number": 3,
                                                "Actual Startup Time": 54.35,
                                                "Actual Total Time": 85.909,
                                                "Actual Rows": 4905,
                                                "Actual Loops": 1
                                            }
                                        ],
                                        "Plans": [
                                            {
                                                "Node Type": "Seq Scan",
                                                "Parent Relationship": "Outer",
                                                "Parallel Aware": true,
                                                "Relation Name": "title",
                                                "Schema": "public",
                                                "Alias": "t",
                                                "Startup Cost": 0.0,
                                                "Total Cost": 45479.21,
                                                "Plan Rows": 895,
                                                "Plan Width": 4,
                                                "Actual Startup Time": 56.086,
                                                "Actual Total Time": 79.439,
                                                "Actual Rows": 893,
                                                "Actual Loops": 5,
                                                "Output": [
                                                    "t.id",
                                                    "t.title",
                                                    "t.imdb_index",
                                                    "t.kind_id",
                                                    "t.production_year",
                                                    "t.imdb_id",
                                                    "t.phonetic_code",
                                                    "t.episode_of_id",
                                                    "t.season_nr",
                                                    "t.episode_nr",
                                                    "t.series_years",
                                                    "t.md5sum"
                                                ],
                                                "Filter": "((t.kind_id = 1) AND (t.production_year = 1980))",
                                                "Rows Removed by Filter": 504769,
                                                "Workers": [
                                                    {
                                                        "Worker Number": 0,
                                                        "Actual Startup Time": 53.512,
                                                        "Actual Total Time": 77.511,
                                                        "Actual Rows": 870,
                                                        "Actual Loops": 1
                                                    },
                                                    {
                                                        "Worker Number": 1,
                                                        "Actual Startup Time": 53.242,
                                                        "Actual Total Time": 76.378,
                                                        "Actual Rows": 669,
                                                        "Actual Loops": 1
                                                    },
                                                    {
                                                        "Worker Number": 2,
                                                        "Actual Startup Time": 53.912,
                                                        "Actual Total Time": 77.234,
                                                        "Actual Rows": 820,
                                                        "Actual Loops": 1
                                                    },
                                                    {
                                                        "Worker Number": 3,
                                                        "Actual Startup Time": 54.267,
                                                        "Actual Total Time": 74.767,
                                                        "Actual Rows": 760,
                                                        "Actual Loops": 1
                                                    }
                                                ]
                                            },
                                            {
                                                "Node Type": "Index Scan",
                                                "Parent Relationship": "Inner",
                                                "Parallel Aware": false,
                                                "Scan Direction": "Forward",
                                                "Index Name": "movie_id_movie_keyword",
                                                "Relation Name": "movie_keyword",
                                                "Schema": "public",
                                                "Alias": "mk",
                                                "Startup Cost": 0.43,
                                                "Total Cost": 8.79,
                                                "Plan Rows": 44,
                                                "Plan Width": 4,
                                                "Actual Startup Time": 0.01,
                                                "Actual Total Time": 0.011,
                                                "Actual Rows": 5,
                                                "Actual Loops": 4466,
                                                "Output": [
                                                    "mk.id",
                                                    "mk.movie_id",
                                                    "mk.keyword_id"
                                                ],
                                                "Index Cond": "(mk.movie_id = t.id)",
                                                "Rows Removed by Index Recheck": 0,
                                                "Filter": "(mk.keyword_id < 78006)",
                                                "Rows Removed by Filter": 0,
                                                "Workers": [
                                                    {
                                                        "Worker Number": 0,
                                                        "Actual Startup Time": 0.012,
                                                        "Actual Total Time": 0.013,
                                                        "Actual Rows": 5,
                                                        "Actual Loops": 870
                                                    },
                                                    {
                                                        "Worker Number": 1,
                                                        "Actual Startup Time": 0.014,
                                                        "Actual Total Time": 0.016,
                                                        "Actual Rows": 6,
                                                        "Actual Loops": 669
                                                    },
                                                    {
                                                        "Worker Number": 2,
                                                        "Actual Startup Time": 0.012,
                                                        "Actual Total Time": 0.013,
                                                        "Actual Rows": 5,
                                                        "Actual Loops": 820
                                                    },
                                                    {
                                                        "Worker Number": 3,
                                                        "Actual Startup Time": 0.012,
                                                        "Actual Total Time": 0.014,
                                                        "Actual Rows": 6,
                                                        "Actual Loops": 760
                                                    }
                                                ]
                                            }
                                        ]
                                    },
                                    {
                                        "Node Type": "Index Scan",
                                        "Parent Relationship": "Inner",
                                        "Parallel Aware": false,
                                        "Scan Direction": "Forward",
                                        "Index Name": "movie_id_movie_companies",
                                        "Relation Name": "movie_companies",
                                        "Schema": "public",
                                        "Alias": "mc",
                                        "Startup Cost": 0.43,
                                        "Total Cost": 0.57,
                                        "Plan Rows": 1,
                                        "Plan Width": 4,
                                        "Actual Startup Time": 0.003,
                                        "Actual Total Time": 0.003,
                                        "Actual Rows": 1,
                                        "Actual Loops": 24085,
                                        "Output": [
                                            "mc.id",
                                            "mc.movie_id",
                                            "mc.company_id",
                                            "mc.company_type_id",
                                            "mc.note"
                                        ],
                                        "Index Cond": "(mc.movie_id = mk.movie_id)",
                                        "Rows Removed by Index Recheck": 0,
                                        "Filter": "((mc.company_id > 60724) AND (mc.company_type_id = 2))",
                                        "Rows Removed by Filter": 10,
                                        "Workers": [
                                            {
                                                "Worker Number": 0,
                                                "Actual Startup Time": 0.003,
                                                "Actual Total Time": 0.003,
                                                "Actual Rows": 1,
                                                "Actual Loops": 4016
                                            },
                                            {
                                                "Worker Number": 1,
                                                "Actual Startup Time": 0.004,
                                                "Actual Total Time": 0.004,
                                                "Actual Rows": 1,
                                                "Actual Loops": 3697
                                            },
                                            {
                                                "Worker Number": 2,
                                                "Actual Startup Time": 0.003,
                                                "Actual Total Time": 0.003,
                                                "Actual Rows": 1,
                                                "Actual Loops": 4407
                                            },
                                            {
                                                "Worker Number": 3,
                                                "Actual Startup Time": 0.003,
                                                "Actual Total Time": 0.004,
                                                "Actual Rows": 1,
                                                "Actual Loops": 4905
                                            }
                                        ]
                                    }
                                ]
                            }
                        ]
                    }
                ]
            }
        ]
    },
    "Planning Time": 1.703,
    "Triggers": [],
    "Execution Time": 131.96
}