[
  {
    "Plan": {
      "Node Type": "Aggregate",
      "Strategy": "Plain",
      "Partial Mode": "Finalize",
      "Parallel Aware": false,
      "Startup Cost": 32846.74,
      "Total Cost": 32846.75,
      "Plan Rows": 1,
      "Plan Width": 8,
      "Actual Startup Time": 106.787,
      "Actual Total Time": 115.029,
      "Actual Rows": 1,
      "Actual Loops": 1,
      "Plans": [
        {
          "Node Type": "Gather",
          "Parent Relationship": "Outer",
          "Parallel Aware": false,
          "Startup Cost": 32846.42,
          "Total Cost": 32846.73,
          "Plan Rows": 3,
          "Plan Width": 8,
          "Actual Startup Time": 106.66,
          "Actual Total Time": 115.02,
          "Actual Rows": 4,
          "Actual Loops": 1,
          "Workers Planned": 3,
          "Workers Launched": 3,
          "Single Copy": false,
          "Plans": [
            {
              "Node Type": "Aggregate",
              "Strategy": "Plain",
              "Partial Mode": "Partial",
              "Parent Relationship": "Outer",
              "Parallel Aware": false,
              "Startup Cost": 31846.42,
              "Total Cost": 31846.43,
              "Plan Rows": 1,
              "Plan Width": 8,
              "Actual Startup Time": 97.307,
              "Actual Total Time": 97.308,
              "Actual Rows": 1,
              "Actual Loops": 4,
              "Plans": [
                {
                  "Node Type": "Seq Scan",
                  "Parent Relationship": "Outer",
                  "Parallel Aware": true,
                  "Relation Name": "movie_companies",
                  "Alias": "mc",
                  "Startup Cost": 0.0,
                  "Total Cost": 31414.82,
                  "Plan Rows": 172642,
                  "Plan Width": 0,
                  "Actual Startup Time": 54.979,
                  "Actual Total Time": 92.671,
                  "Actual Rows": 81316,
                  "Actual Loops": 4,
                  "Filter": "((company_id < 6170) AND (company_type_id = 2))",
                  "Rows Removed by Filter": 570966
                }
              ]
            }
          ]
        }
      ]
    },
    "Planning Time": 0.26,
    "Triggers": [],
    "Execution Time": 115.1
  }
]