{
  "Plan": {
    "Node Type": "Aggregate",
    "Strategy": "Plain",
    "Partial Mode": "Finalize",
    "Parallel Aware": false,
    "Startup Cost": 529241.75,
    "Total Cost": 529241.76,
    "Plan Rows": 1,
    "Plan Width": 8,
    "Actual Startup Time": 355.176,
    "Actual Total Time": 412.278,
    "Actual Rows": 1,
    "Actual Loops": 1,
    "Plans": [
      {
        "Node Type": "Gather",
        "Parent Relationship": "Outer",
        "Parallel Aware": false,
        "Startup Cost": 529241.64,
        "Total Cost": 529241.75,
        "Plan Rows": 1,
        "Plan Width": 8,
        "Actual Startup Time": 355.04,
        "Actual Total Time": 412.268,
        "Actual Rows": 2,
        "Actual Loops": 1,
        "Workers Planned": 1,
        "Workers Launched": 1,
        "Single Copy": false,
        "Plans": [
          {
            "Node Type": "Aggregate",
            "Strategy": "Plain",
            "Partial Mode": "Partial",
            "Parent Relationship": "Outer",
            "Parallel Aware": false,
            "Startup Cost": 528241.64,
            "Total Cost": 528241.65,
            "Plan Rows": 1,
            "Plan Width": 8,
            "Actual Startup Time": 349.282,
            "Actual Total Time": 349.284,
            "Actual Rows": 1,
            "Actual Loops": 2,
            "Plans": [
              {
                "Node Type": "Nested Loop",
                "Parent Relationship": "Outer",
                "Parallel Aware": false,
                "Join Type": "Inner",
                "Startup Cost": 0.56,
                "Total Cost": 528070.32,
                "Plan Rows": 68526,
                "Plan Width": 0,
                "Actual Startup Time": 2.105,
                "Actual Total Time": 344.02,
                "Actual Rows": 72974,
                "Actual Loops": 2,
                "Inner Unique": false,
                "Plans": [
                  {
                    "Node Type": "Seq Scan",
                    "Parent Relationship": "Outer",
                    "Parallel Aware": true,
                    "Relation Name": "title",
                    "Alias": "t",
                    "Startup Cost": 0.0,
                    "Total Cost": 58306.47,
                    "Plan Rows": 4782,
                    "Plan Width": 4,
                    "Actual Startup Time": 0.615,
                    "Actual Total Time": 140.268,
                    "Actual Rows": 4160,
                    "Actual Loops": 2,
                    "Filter": "((kind_id < 7) AND (production_year = 1988))",
                    "Rows Removed by Filter": 1259996
                  },
                  {
                    "Node Type": "Index Only Scan",
                    "Parent Relationship": "Inner",
                    "Parallel Aware": false,
                    "Scan Direction": "Forward",
                    "Index Name": "movie_id_cast_info",
                    "Relation Name": "cast_info",
                    "Alias": "ci",
                    "Startup Cost": 0.56,
                    "Total Cost": 97.87,
                    "Plan Rows": 37,
                    "Plan Width": 4,
                    "Actual Startup Time": 0.01,
                    "Actual Total Time": 0.047,
                    "Actual Rows": 18,
                    "Actual Loops": 8319,
                    "Index Cond": "(movie_id = t.id)",
                    "Rows Removed by Index Recheck": 0,
                    "Heap Fetches": 145947
                  }
                ]
              }
            ]
          }
        ]
      }
    ]
  },
  "Planning Time": 0.46,
  "Triggers": [],
  "Execution Time": 412.42
}