[
  {
    "Plan": {
      "Node Type": "Aggregate",
      "Strategy": "Plain",
      "Partial Mode": "Finalize",
      "Parallel Aware": false,
      "Startup Cost": 45871.55,
      "Total Cost": 45871.56,
      "Plan Rows": 1,
      "Plan Width": 8,
      "Actual Startup Time": 112.107,
      "Actual Total Time": 125.286,
      "Actual Rows": 1,
      "Actual Loops": 1,
      "Plans": [
        {
          "Node Type": "Gather",
          "Parent Relationship": "Outer",
          "Parallel Aware": false,
          "Startup Cost": 45871.13,
          "Total Cost": 45871.54,
          "Plan Rows": 4,
          "Plan Width": 8,
          "Actual Startup Time": 111.936,
          "Actual Total Time": 125.277,
          "Actual Rows": 5,
          "Actual Loops": 1,
          "Workers Planned": 4,
          "Workers Launched": 4,
          "Single Copy": false,
          "Plans": [
            {
              "Node Type": "Aggregate",
              "Strategy": "Plain",
              "Partial Mode": "Partial",
              "Parent Relationship": "Outer",
              "Parallel Aware": false,
              "Startup Cost": 44871.13,
              "Total Cost": 44871.14,
              "Plan Rows": 1,
              "Plan Width": 8,
              "Actual Startup Time": 106.93,
              "Actual Total Time": 106.931,
              "Actual Rows": 1,
              "Actual Loops": 5,
              "Plans": [
                {
                  "Node Type": "Seq Scan",
                  "Parent Relationship": "Outer",
                  "Parallel Aware": true,
                  "Relation Name": "title",
                  "Alias": "t",
                  "Startup Cost": 0.0,
                  "Total Cost": 43899.32,
                  "Plan Rows": 388724,
                  "Plan Width": 0,
                  "Actual Startup Time": 0.025,
                  "Actual Total Time": 90.087,
                  "Actual Rows": 311173,
                  "Actual Loops": 5,
                  "Filter": "(kind_id > 4)",
                  "Rows Removed by Filter": 194490
                }
              ]
            }
          ]
        }
      ]
    },
    "Planning Time": 0.176,
    "Triggers": [],
    "Execution Time": 125.344
  }
]