[
  {
    "Plan": {
      "Node Type": "Aggregate",
      "Strategy": "Plain",
      "Partial Mode": "Finalize",
      "Parallel Aware": false,
      "Startup Cost": 47157.36,
      "Total Cost": 47157.37,
      "Plan Rows": 1,
      "Plan Width": 8,
      "Actual Startup Time": 111.749,
      "Actual Total Time": 123.432,
      "Actual Rows": 1,
      "Actual Loops": 1,
      "Plans": [
        {
          "Node Type": "Gather",
          "Parent Relationship": "Outer",
          "Parallel Aware": false,
          "Startup Cost": 47156.94,
          "Total Cost": 47157.35,
          "Plan Rows": 4,
          "Plan Width": 8,
          "Actual Startup Time": 111.613,
          "Actual Total Time": 123.423,
          "Actual Rows": 5,
          "Actual Loops": 1,
          "Workers Planned": 4,
          "Workers Launched": 4,
          "Single Copy": false,
          "Plans": [
            {
              "Node Type": "Aggregate",
              "Strategy": "Plain",
              "Partial Mode": "Partial",
              "Parent Relationship": "Outer",
              "Parallel Aware": false,
              "Startup Cost": 46156.94,
              "Total Cost": 46156.95,
              "Plan Rows": 1,
              "Plan Width": 8,
              "Actual Startup Time": 102.836,
              "Actual Total Time": 102.837,
              "Actual Rows": 1,
              "Actual Loops": 5,
              "Plans": [
                {
                  "Node Type": "Seq Scan",
                  "Parent Relationship": "Outer",
                  "Parallel Aware": true,
                  "Relation Name": "title",
                  "Alias": "t",
                  "Startup Cost": 0.0,
                  "Total Cost": 45479.1,
                  "Plan Rows": 271135,
                  "Plan Width": 0,
                  "Actual Startup Time": 0.041,
                  "Actual Total Time": 91.362,
                  "Actual Rows": 206951,
                  "Actual Loops": 5,
                  "Filter": "((kind_id > 2) AND (production_year < 2007))",
                  "Rows Removed by Filter": 298712
                }
              ]
            }
          ]
        }
      ]
    },
    "Planning Time": 0.191,
    "Triggers": [],
    "Execution Time": 123.489
  }
]