[
    {
        "Bao": {
            "Bao prediction": "NaN",
            "Bao recommended hint": "(no hint)"
        }
    },
    {
        "Plan": {
            "Node Type": "Aggregate",
            "Strategy": "Plain",
            "Partial Mode": "Finalize",
            "Parallel Aware": false,
            "Startup Cost": 273907.38,
            "Total Cost": 273907.39,
            "Plan Rows": 1,
            "Plan Width": 8,
            "Actual Startup Time": 57.71,
            "Actual Total Time": 61.196,
            "Actual Rows": 1,
            "Actual Loops": 1,
            "Output": [
                "count(*)"
            ],
            "Plans": [
                {
                    "Node Type": "Gather",
                    "Parent Relationship": "Outer",
                    "Parallel Aware": false,
                    "Startup Cost": 273906.86,
                    "Total Cost": 273907.37,
                    "Plan Rows": 5,
                    "Plan Width": 8,
                    "Actual Startup Time": 57.509,
                    "Actual Total Time": 61.19,
                    "Actual Rows": 6,
                    "Actual Loops": 1,
                    "Output": [
                        "(PARTIAL count(*))"
                    ],
                    "Workers Planned": 5,
                    "Workers Launched": 5,
                    "Single Copy": false,
                    "Plans": [
                        {
                            "Node Type": "Aggregate",
                            "Strategy": "Plain",
                            "Partial Mode": "Partial",
                            "Parent Relationship": "Outer",
                            "Parallel Aware": false,
                            "Startup Cost": 272906.86,
                            "Total Cost": 272906.87,
                            "Plan Rows": 1,
                            "Plan Width": 8,
                            "Actual Startup Time": 47.647,
                            "Actual Total Time": 47.648,
                            "Actual Rows": 1,
                            "Actual Loops": 6,
                            "Output": [
                                "PARTIAL count(*)"
                            ],
                            "Workers": [
                                {
                                    "Worker Number": 0,
                                    "Actual Startup Time": 45.037,
                                    "Actual Total Time": 45.038,
                                    "Actual Rows": 1,
                                    "Actual Loops": 1
                                },
                                {
                                    "Worker Number": 1,
                                    "Actual Startup Time": 45.459,
                                    "Actual Total Time": 45.46,
                                    "Actual Rows": 1,
                                    "Actual Loops": 1
                                },
                                {
                                    "Worker Number": 2,
                                    "Actual Startup Time": 45.747,
                                    "Actual Total Time": 45.749,
                                    "Actual Rows": 1,
                                    "Actual Loops": 1
                                },
                                {
                                    "Worker Number": 3,
                                    "Actual Startup Time": 46.117,
                                    "Actual Total Time": 46.117,
                                    "Actual Rows": 1,
                                    "Actual Loops": 1
                                },
                                {
                                    "Worker Number": 4,
                                    "Actual Startup Time": 46.354,
                                    "Actual Total Time": 46.355,
                                    "Actual Rows": 1,
                                    "Actual Loops": 1
                                }
                            ],
                            "Plans": [
                                {
                                    "Node Type": "Bitmap Heap Scan",
                                    "Parent Relationship": "Outer",
                                    "Parallel Aware": true,
                                    "Relation Name": "cast_info",
                                    "Schema": "public",
                                    "Alias": "ci",
                                    "Startup Cost": 9045.56,
                                    "Total Cost": 272815.83,
                                    "Plan Rows": 36413,
                                    "Plan Width": 0,
                                    "Actual Startup Time": 9.711,
                                    "Actual Total Time": 41.934,
                                    "Actual Rows": 71842,
                                    "Actual Loops": 6,
                                    "Recheck Cond": "(ci.person_id > 3980728)",
                                    "Rows Removed by Index Recheck": 0,
                                    "Filter": "(ci.role_id > 2)",
                                    "Rows Removed by Filter": 0,
                                    "Exact Heap Blocks": 2561,
                                    "Lossy Heap Blocks": 0,
                                    "Workers": [
                                        {
                                            "Worker Number": 0,
                                            "Actual Startup Time": 7.185,
                                            "Actual Total Time": 39.51,
                                            "Actual Rows": 51598,
                                            "Actual Loops": 1
                                        },
                                        {
                                            "Worker Number": 1,
                                            "Actual Startup Time": 7.483,
                                            "Actual Total Time": 40.002,
                                            "Actual Rows": 50006,
                                            "Actual Loops": 1
                                        },
                                        {
                                            "Worker Number": 2,
                                            "Actual Startup Time": 7.783,
                                            "Actual Total Time": 40.277,
                                            "Actual Rows": 44401,
                                            "Actual Loops": 1
                                        },
                                        {
                                            "Worker Number": 3,
                                            "Actual Startup Time": 8.258,
                                            "Actual Total Time": 40.829,
                                            "Actual Rows": 50805,
                                            "Actual Loops": 1
                                        },
                                        {
                                            "Worker Number": 4,
                                            "Actual Startup Time": 8.573,
                                            "Actual Total Time": 41.157,
                                            "Actual Rows": 50385,
                                            "Actual Loops": 1
                                        }
                                    ],
                                    "Plans": [
                                        {
                                            "Node Type": "Bitmap Index Scan",
                                            "Parent Relationship": "Outer",
                                            "Parallel Aware": false,
                                            "Index Name": "person_id_cast_info",
                                            "Startup Cost": 0.0,
                                            "Total Cost": 9000.04,
                                            "Plan Rows": 412197,
                                            "Plan Width": 0,
                                            "Actual Startup Time": 18.227,
                                            "Actual Total Time": 18.231,
                                            "Actual Rows": 431055,
                                            "Actual Loops": 1,
                                            "Index Cond": "(ci.person_id > 3980728)"
                                        }
                                    ]
                                }
                            ]
                        }
                    ]
                }
            ]
        },
        "Planning Time": 182.575,
        "Triggers": [],
        "Execution Time": 61.247
    }
]