[
  {
    "Plan": {
      "Node Type": "Aggregate",
      "Strategy": "Plain",
      "Partial Mode": "Finalize",
      "Parallel Aware": false,
      "Startup Cost": 136791.03,
      "Total Cost": 136791.04,
      "Plan Rows": 1,
      "Plan Width": 8,
      "Actual Startup Time": 1455.474,
      "Actual Total Time": 1526.843,
      "Actual Rows": 1,
      "Actual Loops": 1,
      "Plans": [
        {
          "Node Type": "Gather",
          "Parent Relationship": "Outer",
          "Parallel Aware": false,
          "Startup Cost": 136790.71,
          "Total Cost": 136791.02,
          "Plan Rows": 3,
          "Plan Width": 8,
          "Actual Startup Time": 1451.15,
          "Actual Total Time": 1526.833,
          "Actual Rows": 4,
          "Actual Loops": 1,
          "Workers Planned": 3,
          "Workers Launched": 3,
          "Single Copy": false,
          "Plans": [
            {
              "Node Type": "Aggregate",
              "Strategy": "Plain",
              "Partial Mode": "Partial",
              "Parent Relationship": "Outer",
              "Parallel Aware": false,
              "Startup Cost": 135790.71,
              "Total Cost": 135790.72,
              "Plan Rows": 1,
              "Plan Width": 8,
              "Actual Startup Time": 1429.771,
              "Actual Total Time": 1429.776,
              "Actual Rows": 1,
              "Actual Loops": 4,
              "Plans": [
                {
                  "Node Type": "Nested Loop",
                  "Parent Relationship": "Outer",
                  "Parallel Aware": false,
                  "Join Type": "Inner",
                  "Startup Cost": 52084.12,
                  "Total Cost": 135596.62,
                  "Plan Rows": 77639,
                  "Plan Width": 0,
                  "Actual Startup Time": 360.159,
                  "Actual Total Time": 1420.779,
                  "Actual Rows": 147160,
                  "Actual Loops": 4,
                  "Inner Unique": false,
                  "Plans": [
                    {
                      "Node Type": "Hash Join",
                      "Parent Relationship": "Outer",
                      "Parallel Aware": true,
                      "Join Type": "Inner",
                      "Startup Cost": 52083.55,
                      "Total Cost": 76965.32,
                      "Plan Rows": 28282,
                      "Plan Width": 8,
                      "Actual Startup Time": 359.392,
                      "Actual Total Time": 397.153,
                      "Actual Rows": 21484,
                      "Actual Loops": 4,
                      "Inner Unique": true,
                      "Hash Cond": "(mk.movie_id = t.id)",
                      "Plans": [
                        {
                          "Node Type": "Bitmap Heap Scan",
                          "Parent Relationship": "Outer",
                          "Parallel Aware": true,
                          "Relation Name": "movie_keyword",
                          "Alias": "mk",
                          "Startup Cost": 1863.91,
                          "Total Cost": 26671.43,
                          "Plan Rows": 28282,
                          "Plan Width": 4,
                          "Actual Startup Time": 8.093,
                          "Actual Total Time": 31.038,
                          "Actual Rows": 21484,
                          "Actual Loops": 4,
                          "Recheck Cond": "(keyword_id > 86073)",
                          "Rows Removed by Index Recheck": 0,
                          "Exact Heap Blocks": 5296,
                          "Lossy Heap Blocks": 0,
                          "Plans": [
                            {
                              "Node Type": "Bitmap Index Scan",
                              "Parent Relationship": "Outer",
                              "Parallel Aware": false,
                              "Index Name": "keyword_id_movie_keyword",
                              "Startup Cost": 0.0,
                              "Total Cost": 1841.99,
                              "Plan Rows": 87674,
                              "Plan Width": 0,
                              "Actual Startup Time": 5.589,
                              "Actual Total Time": 5.59,
                              "Actual Rows": 85938,
                              "Actual Loops": 1,
                              "Index Cond": "(keyword_id > 86073)"
                            }
                          ]
                        },
                        {
                          "Node Type": "Hash",
                          "Parent Relationship": "Inner",
                          "Parallel Aware": true,
                          "Startup Cost": 42318.73,
                          "Total Cost": 42318.73,
                          "Plan Rows": 632073,
                          "Plan Width": 4,
                          "Actual Startup Time": 340.227,
                          "Actual Total Time": 340.228,
                          "Actual Rows": 632078,
                          "Actual Loops": 4,
                          "Hash Buckets": 4194304,
                          "Original Hash Buckets": 4194304,
                          "Hash Batches": 1,
                          "Original Hash Batches": 1,
                          "Peak Memory Usage": 131744,
                          "Plans": [
                            {
                              "Node Type": "Seq Scan",
                              "Parent Relationship": "Outer",
                              "Parallel Aware": true,
                              "Relation Name": "title",
                              "Alias": "t",
                              "Startup Cost": 0.0,
                              "Total Cost": 42318.73,
                              "Plan Rows": 632073,
                              "Plan Width": 4,
                              "Actual Startup Time": 0.032,
                              "Actual Total Time": 101.521,
                              "Actual Rows": 632078,
                              "Actual Loops": 4
                            }
                          ]
                        }
                      ]
                    },
                    {
                      "Node Type": "Index Scan",
                      "Parent Relationship": "Inner",
                      "Parallel Aware": false,
                      "Scan Direction": "Forward",
                      "Index Name": "movie_id_cast_info",
                      "Relation Name": "cast_info",
                      "Alias": "ci",
                      "Startup Cost": 0.56,
                      "Total Cost": 2.0,
                      "Plan Rows": 7,
                      "Plan Width": 4,
                      "Actual Startup Time": 0.03,
                      "Actual Total Time": 0.047,
                      "Actual Rows": 7,
                      "Actual Loops": 85938,
                      "Index Cond": "(movie_id = t.id)",
                      "Rows Removed by Index Recheck": 0,
                      "Filter": "((person_id < 1507792) AND (role_id > 2))",
                      "Rows Removed by Filter": 51
                    }
                  ]
                }
              ]
            }
          ]
        }
      ]
    },
    "Planning Time": 1.362,
    "Triggers": [],
    "Execution Time": 1526.977
  }
]