[
  {
    "Plan": {
      "Node Type": "Aggregate",
      "Strategy": "Plain",
      "Partial Mode": "Finalize",
      "Parallel Aware": false,
      "Startup Cost": 15094.54,
      "Total Cost": 15094.55,
      "Plan Rows": 1,
      "Plan Width": 8,
      "Actual Startup Time": 22.871,
      "Actual Total Time": 25.939,
      "Actual Rows": 1,
      "Actual Loops": 1,
      "Plans": [
        {
          "Node Type": "Gather",
          "Parent Relationship": "Outer",
          "Parallel Aware": false,
          "Startup Cost": 15094.43,
          "Total Cost": 15094.54,
          "Plan Rows": 1,
          "Plan Width": 8,
          "Actual Startup Time": 22.552,
          "Actual Total Time": 25.931,
          "Actual Rows": 2,
          "Actual Loops": 1,
          "Workers Planned": 1,
          "Workers Launched": 1,
          "Single Copy": false,
          "Plans": [
            {
              "Node Type": "Aggregate",
              "Strategy": "Plain",
              "Partial Mode": "Partial",
              "Parent Relationship": "Outer",
              "Parallel Aware": false,
              "Startup Cost": 14094.43,
              "Total Cost": 14094.44,
              "Plan Rows": 1,
              "Plan Width": 8,
              "Actual Startup Time": 16.574,
              "Actual Total Time": 16.576,
              "Actual Rows": 1,
              "Actual Loops": 2,
              "Plans": [
                {
                  "Node Type": "Nested Loop",
                  "Parent Relationship": "Outer",
                  "Parallel Aware": false,
                  "Join Type": "Inner",
                  "Startup Cost": 62.08,
                  "Total Cost": 14094.08,
                  "Plan Rows": 140,
                  "Plan Width": 0,
                  "Actual Startup Time": 1.999,
                  "Actual Total Time": 16.519,
                  "Actual Rows": 175,
                  "Actual Loops": 2,
                  "Inner Unique": true,
                  "Plans": [
                    {
                      "Node Type": "Bitmap Heap Scan",
                      "Parent Relationship": "Outer",
                      "Parallel Aware": true,
                      "Relation Name": "movie_companies",
                      "Alias": "mc",
                      "Startup Cost": 61.65,
                      "Total Cost": 7566.11,
                      "Plan Rows": 806,
                      "Plan Width": 4,
                      "Actual Startup Time": 1.869,
                      "Actual Total Time": 6.826,
                      "Actual Rows": 822,
                      "Actual Loops": 2,
                      "Recheck Cond": "(company_id = 228)",
                      "Rows Removed by Index Recheck": 0,
                      "Filter": "(company_type_id < 2)",
                      "Rows Removed by Filter": 516,
                      "Exact Heap Blocks": 1560,
                      "Lossy Heap Blocks": 0,
                      "Plans": [
                        {
                          "Node Type": "Bitmap Index Scan",
                          "Parent Relationship": "Outer",
                          "Parallel Aware": false,
                          "Index Name": "company_id_movie_companies",
                          "Startup Cost": 0.0,
                          "Total Cost": 61.3,
                          "Plan Rows": 2783,
                          "Plan Width": 0,
                          "Actual Startup Time": 2.712,
                          "Actual Total Time": 2.713,
                          "Actual Rows": 2676,
                          "Actual Loops": 1,
                          "Index Cond": "(company_id = 228)"
                        }
                      ]
                    },
                    {
                      "Node Type": "Index Scan",
                      "Parent Relationship": "Inner",
                      "Parallel Aware": false,
                      "Scan Direction": "Forward",
                      "Index Name": "title_pkey",
                      "Relation Name": "title",
                      "Alias": "t",
                      "Startup Cost": 0.43,
                      "Total Cost": 8.1,
                      "Plan Rows": 1,
                      "Plan Width": 4,
                      "Actual Startup Time": 0.011,
                      "Actual Total Time": 0.011,
                      "Actual Rows": 0,
                      "Actual Loops": 1643,
                      "Index Cond": "(id = mc.movie_id)",
                      "Rows Removed by Index Recheck": 0,
                      "Filter": "((kind_id < 7) AND (production_year > 2004))",
                      "Rows Removed by Filter": 1
                    }
                  ]
                }
              ]
            }
          ]
        }
      ]
    },
    "Planning Time": 0.626,
    "Triggers": [],
    "Execution Time": 26.05
  }
]