[
  {
    "Plan": {
      "Node Type": "Aggregate",
      "Strategy": "Plain",
      "Partial Mode": "Finalize",
      "Parallel Aware": false,
      "Startup Cost": 277899.01,
      "Total Cost": 277899.02,
      "Plan Rows": 1,
      "Plan Width": 8,
      "Actual Startup Time": 858.265,
      "Actual Total Time": 902.269,
      "Actual Rows": 1,
      "Actual Loops": 1,
      "Plans": [
        {
          "Node Type": "Gather",
          "Parent Relationship": "Outer",
          "Parallel Aware": false,
          "Startup Cost": 277898.48,
          "Total Cost": 277898.99,
          "Plan Rows": 5,
          "Plan Width": 8,
          "Actual Startup Time": 848.277,
          "Actual Total Time": 902.257,
          "Actual Rows": 6,
          "Actual Loops": 1,
          "Workers Planned": 5,
          "Workers Launched": 5,
          "Single Copy": false,
          "Plans": [
            {
              "Node Type": "Aggregate",
              "Strategy": "Plain",
              "Partial Mode": "Partial",
              "Parent Relationship": "Outer",
              "Parallel Aware": false,
              "Startup Cost": 276898.48,
              "Total Cost": 276898.49,
              "Plan Rows": 1,
              "Plan Width": 8,
              "Actual Startup Time": 838.081,
              "Actual Total Time": 838.213,
              "Actual Rows": 1,
              "Actual Loops": 6,
              "Plans": [
                {
                  "Node Type": "Hash Join",
                  "Parent Relationship": "Outer",
                  "Parallel Aware": true,
                  "Join Type": "Inner",
                  "Startup Cost": 67751.28,
                  "Total Cost": 275836.94,
                  "Plan Rows": 424616,
                  "Plan Width": 0,
                  "Actual Startup Time": 304.126,
                  "Actual Total Time": 826.925,
                  "Actual Rows": 251622,
                  "Actual Loops": 6,
                  "Inner Unique": false,
                  "Hash Cond": "(mi.movie_id = t.id)",
                  "Plans": [
                    {
                      "Node Type": "Seq Scan",
                      "Parent Relationship": "Outer",
                      "Parallel Aware": true,
                      "Relation Name": "movie_info",
                      "Alias": "mi",
                      "Startup Cost": 0.0,
                      "Total Cost": 199108.24,
                      "Plan Rows": 1922185,
                      "Plan Width": 4,
                      "Actual Startup Time": 0.043,
                      "Actual Total Time": 330.224,
                      "Actual Rows": 1594192,
                      "Actual Loops": 6,
                      "Filter": "(info_type_id < 16)",
                      "Rows Removed by Filter": 878428
                    },
                    {
                      "Node Type": "Hash",
                      "Parent Relationship": "Inner",
                      "Parallel Aware": true,
                      "Startup Cost": 64842.24,
                      "Total Cost": 64842.24,
                      "Plan Rows": 232723,
                      "Plan Width": 8,
                      "Actual Startup Time": 299.529,
                      "Actual Total Time": 299.658,
                      "Actual Rows": 47302,
                      "Actual Loops": 6,
                      "Hash Buckets": 1048576,
                      "Original Hash Buckets": 1048576,
                      "Hash Batches": 1,
                      "Original Hash Batches": 1,
                      "Peak Memory Usage": 19392,
                      "Plans": [
                        {
                          "Node Type": "Hash Join",
                          "Parent Relationship": "Outer",
                          "Parallel Aware": true,
                          "Join Type": "Inner",
                          "Startup Cost": 48717.81,
                          "Total Cost": 64842.24,
                          "Plan Rows": 232723,
                          "Plan Width": 8,
                          "Actual Startup Time": 213.545,
                          "Actual Total Time": 281.019,
                          "Actual Rows": 47302,
                          "Actual Loops": 6,
                          "Inner Unique": true,
                          "Hash Cond": "(mi_idx.movie_id = t.id)",
                          "Plans": [
                            {
                              "Node Type": "Seq Scan",
                              "Parent Relationship": "Outer",
                              "Parallel Aware": true,
                              "Relation Name": "movie_info_idx",
                              "Alias": "mi_idx",
                              "Startup Cost": 0.0,
                              "Total Cost": 15122.68,
                              "Plan Rows": 381618,
                              "Plan Width": 4,
                              "Actual Startup Time": 0.017,
                              "Actual Total Time": 26.797,
                              "Actual Rows": 153308,
                              "Actual Loops": 6,
                              "Filter": "(info_type_id < 101)",
                              "Rows Removed by Filter": 76698
                            },
                            {
                              "Node Type": "Hash",
                              "Parent Relationship": "Inner",
                              "Parallel Aware": true,
                              "Startup Cost": 43899.32,
                              "Total Cost": 43899.32,
                              "Plan Rows": 385479,
                              "Plan Width": 4,
                              "Actual Startup Time": 210.219,
                              "Actual Total Time": 210.22,
                              "Actual Rows": 257211,
                              "Actual Loops": 6,
                              "Hash Buckets": 2097152,
                              "Original Hash Buckets": 2097152,
                              "Hash Batches": 1,
                              "Original Hash Batches": 1,
                              "Peak Memory Usage": 76896,
                              "Plans": [
                                {
                                  "Node Type": "Seq Scan",
                                  "Parent Relationship": "Outer",
                                  "Parallel Aware": true,
                                  "Relation Name": "title",
                                  "Alias": "t",
                                  "Startup Cost": 0.0,
                                  "Total Cost": 43899.32,
                                  "Plan Rows": 385479,
                                  "Plan Width": 4,
                                  "Actual Startup Time": 0.062,
                                  "Actual Total Time": 85.738,
                                  "Actual Rows": 257211,
                                  "Actual Loops": 6,
                                  "Filter": "(kind_id = 7)",
                                  "Rows Removed by Filter": 164175
                                }
                              ]
                            }
                          ]
                        }
                      ]
                    }
                  ]
                }
              ]
            }
          ]
        }
      ]
    },
    "Planning Time": 1.172,
    "Triggers": [],
    "Execution Time": 902.353
  }
]