[
  {
    "Plan": {
      "Node Type": "Aggregate",
      "Strategy": "Plain",
      "Partial Mode": "Finalize",
      "Parallel Aware": false,
      "Startup Cost": 44705.97,
      "Total Cost": 44705.98,
      "Plan Rows": 1,
      "Plan Width": 8,
      "Actual Startup Time": 155.265,
      "Actual Total Time": 164.724,
      "Actual Rows": 1,
      "Actual Loops": 1,
      "Plans": [
        {
          "Node Type": "Gather",
          "Parent Relationship": "Outer",
          "Parallel Aware": false,
          "Startup Cost": 44705.65,
          "Total Cost": 44705.96,
          "Plan Rows": 3,
          "Plan Width": 8,
          "Actual Startup Time": 155.11,
          "Actual Total Time": 164.71,
          "Actual Rows": 4,
          "Actual Loops": 1,
          "Workers Planned": 3,
          "Workers Launched": 3,
          "Single Copy": false,
          "Plans": [
            {
              "Node Type": "Aggregate",
              "Strategy": "Plain",
              "Partial Mode": "Partial",
              "Parent Relationship": "Outer",
              "Parallel Aware": false,
              "Startup Cost": 43705.65,
              "Total Cost": 43705.66,
              "Plan Rows": 1,
              "Plan Width": 8,
              "Actual Startup Time": 146.667,
              "Actual Total Time": 146.668,
              "Actual Rows": 1,
              "Actual Loops": 4,
              "Plans": [
                {
                  "Node Type": "Seq Scan",
                  "Parent Relationship": "Outer",
                  "Parallel Aware": true,
                  "Relation Name": "movie_keyword",
                  "Alias": "mk",
                  "Startup Cost": 0.0,
                  "Total Cost": 42695.65,
                  "Plan Rows": 404000,
                  "Plan Width": 0,
                  "Actual Startup Time": 1.139,
                  "Actual Total Time": 127.761,
                  "Actual Rows": 313944,
                  "Actual Loops": 4,
                  "Filter": "(keyword_id > 14335)",
                  "Rows Removed by Filter": 817038
                }
              ]
            }
          ]
        }
      ]
    },
    "Planning Time": 0.057,
    "Triggers": [],
    "Execution Time": 164.758
  }
]