[
  {
    "Plan": {
      "Node Type": "Aggregate",
      "Strategy": "Plain",
      "Partial Mode": "Finalize",
      "Parallel Aware": false,
      "Startup Cost": 343230.28,
      "Total Cost": 343230.29,
      "Plan Rows": 1,
      "Plan Width": 8,
      "Actual Startup Time": 991.702,
      "Actual Total Time": 1039.0,
      "Actual Rows": 1,
      "Actual Loops": 1,
      "Plans": [
        {
          "Node Type": "Gather",
          "Parent Relationship": "Outer",
          "Parallel Aware": false,
          "Startup Cost": 343229.66,
          "Total Cost": 343230.27,
          "Plan Rows": 6,
          "Plan Width": 8,
          "Actual Startup Time": 991.59,
          "Actual Total Time": 1038.988,
          "Actual Rows": 7,
          "Actual Loops": 1,
          "Workers Planned": 6,
          "Workers Launched": 6,
          "Single Copy": false,
          "Plans": [
            {
              "Node Type": "Aggregate",
              "Strategy": "Plain",
              "Partial Mode": "Partial",
              "Parent Relationship": "Outer",
              "Parallel Aware": false,
              "Startup Cost": 342229.66,
              "Total Cost": 342229.67,
              "Plan Rows": 1,
              "Plan Width": 8,
              "Actual Startup Time": 983.561,
              "Actual Total Time": 983.563,
              "Actual Rows": 1,
              "Actual Loops": 7,
              "Plans": [
                {
                  "Node Type": "Seq Scan",
                  "Parent Relationship": "Outer",
                  "Parallel Aware": true,
                  "Relation Name": "cast_info",
                  "Alias": "ci",
                  "Startup Cost": 0.0,
                  "Total Cost": 328211.39,
                  "Plan Rows": 5607306,
                  "Plan Width": 0,
                  "Actual Startup Time": 43.843,
                  "Actual Total Time": 721.939,
                  "Actual Rows": 4790776,
                  "Actual Loops": 7,
                  "Filter": "(person_id > 259511)",
                  "Rows Removed by Filter": 386988
                }
              ]
            }
          ]
        }
      ]
    },
    "Planning Time": 0.231,
    "Triggers": [],
    "Execution Time": 1039.069
  }
]