[
  {
    "Plan": {
      "Node Type": "Aggregate",
      "Strategy": "Plain",
      "Partial Mode": "Finalize",
      "Parallel Aware": false,
      "Startup Cost": 30729.88,
      "Total Cost": 30729.89,
      "Plan Rows": 1,
      "Plan Width": 8,
      "Actual Startup Time": 88.724,
      "Actual Total Time": 96.517,
      "Actual Rows": 1,
      "Actual Loops": 1,
      "Plans": [
        {
          "Node Type": "Gather",
          "Parent Relationship": "Outer",
          "Parallel Aware": false,
          "Startup Cost": 30729.57,
          "Total Cost": 30729.88,
          "Plan Rows": 3,
          "Plan Width": 8,
          "Actual Startup Time": 88.591,
          "Actual Total Time": 96.509,
          "Actual Rows": 4,
          "Actual Loops": 1,
          "Workers Planned": 3,
          "Workers Launched": 3,
          "Single Copy": false,
          "Plans": [
            {
              "Node Type": "Aggregate",
              "Strategy": "Plain",
              "Partial Mode": "Partial",
              "Parent Relationship": "Outer",
              "Parallel Aware": false,
              "Startup Cost": 29729.57,
              "Total Cost": 29729.58,
              "Plan Rows": 1,
              "Plan Width": 8,
              "Actual Startup Time": 82.965,
              "Actual Total Time": 82.966,
              "Actual Rows": 1,
              "Actual Loops": 4,
              "Plans": [
                {
                  "Node Type": "Seq Scan",
                  "Parent Relationship": "Outer",
                  "Parallel Aware": true,
                  "Relation Name": "movie_companies",
                  "Alias": "mc",
                  "Startup Cost": 0.0,
                  "Total Cost": 29310.68,
                  "Plan Rows": 167554,
                  "Plan Width": 0,
                  "Actual Startup Time": 45.751,
                  "Actual Total Time": 77.056,
                  "Actual Rows": 132430,
                  "Actual Loops": 4,
                  "Filter": "(company_id > 72741)",
                  "Rows Removed by Filter": 519852
                }
              ]
            }
          ]
        }
      ]
    },
    "Planning Time": 0.16,
    "Triggers": [],
    "Execution Time": 96.564
  }
]