[
  {
    "Plan": {
      "Node Type": "Aggregate",
      "Strategy": "Plain",
      "Partial Mode": "Finalize",
      "Parallel Aware": false,
      "Startup Cost": 89729.67,
      "Total Cost": 89729.68,
      "Plan Rows": 1,
      "Plan Width": 8,
      "Actual Startup Time": 324.811,
      "Actual Total Time": 344.505,
      "Actual Rows": 1,
      "Actual Loops": 1,
      "Plans": [
        {
          "Node Type": "Gather",
          "Parent Relationship": "Outer",
          "Parallel Aware": false,
          "Startup Cost": 89729.35,
          "Total Cost": 89729.66,
          "Plan Rows": 3,
          "Plan Width": 8,
          "Actual Startup Time": 323.545,
          "Actual Total Time": 344.495,
          "Actual Rows": 4,
          "Actual Loops": 1,
          "Workers Planned": 3,
          "Workers Launched": 3,
          "Single Copy": false,
          "Plans": [
            {
              "Node Type": "Aggregate",
              "Strategy": "Plain",
              "Partial Mode": "Partial",
              "Parent Relationship": "Outer",
              "Parallel Aware": false,
              "Startup Cost": 88729.35,
              "Total Cost": 88729.36,
              "Plan Rows": 1,
              "Plan Width": 8,
              "Actual Startup Time": 314.774,
              "Actual Total Time": 314.844,
              "Actual Rows": 1,
              "Actual Loops": 4,
              "Plans": [
                {
                  "Node Type": "Hash Join",
                  "Parent Relationship": "Outer",
                  "Parallel Aware": true,
                  "Join Type": "Inner",
                  "Startup Cost": 45733.86,
                  "Total Cost": 88611.94,
                  "Plan Rows": 46964,
                  "Plan Width": 0,
                  "Actual Startup Time": 124.986,
                  "Actual Total Time": 308.001,
                  "Actual Rows": 165867,
                  "Actual Loops": 4,
                  "Inner Unique": true,
                  "Hash Cond": "(mk.movie_id = t.id)",
                  "Plans": [
                    {
                      "Node Type": "Seq Scan",
                      "Parent Relationship": "Outer",
                      "Parallel Aware": true,
                      "Relation Name": "movie_keyword",
                      "Alias": "mk",
                      "Startup Cost": 0.0,
                      "Total Cost": 39047.32,
                      "Plan Rows": 1459332,
                      "Plan Width": 4,
                      "Actual Startup Time": 0.025,
                      "Actual Total Time": 84.296,
                      "Actual Rows": 1130982,
                      "Actual Loops": 4
                    },
                    {
                      "Node Type": "Hash",
                      "Parent Relationship": "Inner",
                      "Parallel Aware": true,
                      "Startup Cost": 45479.59,
                      "Total Cost": 45479.59,
                      "Plan Rows": 20342,
                      "Plan Width": 4,
                      "Actual Startup Time": 122.803,
                      "Actual Total Time": 122.804,
                      "Actual Rows": 46866,
                      "Actual Loops": 4,
                      "Hash Buckets": 262144,
                      "Original Hash Buckets": 131072,
                      "Hash Batches": 1,
                      "Original Hash Batches": 1,
                      "Peak Memory Usage": 10496,
                      "Plans": [
                        {
                          "Node Type": "Seq Scan",
                          "Parent Relationship": "Outer",
                          "Parallel Aware": true,
                          "Relation Name": "title",
                          "Alias": "t",
                          "Startup Cost": 0.0,
                          "Total Cost": 45479.59,
                          "Plan Rows": 20342,
                          "Plan Width": 4,
                          "Actual Startup Time": 0.317,
                          "Actual Total Time": 103.588,
                          "Actual Rows": 46866,
                          "Actual Loops": 4,
                          "Filter": "((kind_id < 7) AND (production_year < 1958))",
                          "Rows Removed by Filter": 585212
                        }
                      ]
                    }
                  ]
                }
              ]
            }
          ]
        }
      ]
    },
    "Planning Time": 0.642,
    "Triggers": [],
    "Execution Time": 344.575
  }
]