[
  {
    "Plan": {
      "Node Type": "Aggregate",
      "Strategy": "Plain",
      "Partial Mode": "Finalize",
      "Parallel Aware": false,
      "Startup Cost": 32379.59,
      "Total Cost": 32379.6,
      "Plan Rows": 1,
      "Plan Width": 8,
      "Actual Startup Time": 153.86,
      "Actual Total Time": 164.613,
      "Actual Rows": 1,
      "Actual Loops": 1,
      "Plans": [
        {
          "Node Type": "Gather",
          "Parent Relationship": "Outer",
          "Parallel Aware": false,
          "Startup Cost": 32379.28,
          "Total Cost": 32379.59,
          "Plan Rows": 3,
          "Plan Width": 8,
          "Actual Startup Time": 153.553,
          "Actual Total Time": 164.605,
          "Actual Rows": 4,
          "Actual Loops": 1,
          "Workers Planned": 3,
          "Workers Launched": 3,
          "Single Copy": false,
          "Plans": [
            {
              "Node Type": "Aggregate",
              "Strategy": "Plain",
              "Partial Mode": "Partial",
              "Parent Relationship": "Outer",
              "Parallel Aware": false,
              "Startup Cost": 31379.28,
              "Total Cost": 31379.29,
              "Plan Rows": 1,
              "Plan Width": 8,
              "Actual Startup Time": 144.843,
              "Actual Total Time": 144.845,
              "Actual Rows": 1,
              "Actual Loops": 4,
              "Plans": [
                {
                  "Node Type": "Seq Scan",
                  "Parent Relationship": "Outer",
                  "Parallel Aware": true,
                  "Relation Name": "movie_companies",
                  "Alias": "mc",
                  "Startup Cost": 0.0,
                  "Total Cost": 29310.68,
                  "Plan Rows": 827438,
                  "Plan Width": 0,
                  "Actual Startup Time": 0.049,
                  "Actual Total Time": 105.322,
                  "Actual Rows": 641930,
                  "Actual Loops": 4,
                  "Filter": "(company_id < 198299)",
                  "Rows Removed by Filter": 10352
                }
              ]
            }
          ]
        }
      ]
    },
    "Planning Time": 0.166,
    "Triggers": [],
    "Execution Time": 164.664
  }
]