[
  {
    "Plan": {
      "Node Type": "Aggregate",
      "Strategy": "Plain",
      "Partial Mode": "Simple",
      "Parallel Aware": false,
      "Startup Cost": 28324.06,
      "Total Cost": 28324.07,
      "Plan Rows": 1,
      "Plan Width": 8,
      "Actual Startup Time": 68.372,
      "Actual Total Time": 68.374,
      "Actual Rows": 1,
      "Actual Loops": 1,
      "Plans": [
        {
          "Node Type": "Bitmap Heap Scan",
          "Parent Relationship": "Outer",
          "Parallel Aware": false,
          "Relation Name": "movie_keyword",
          "Alias": "mk",
          "Startup Cost": 2268.11,
          "Total Cost": 28057.07,
          "Plan Rows": 106797,
          "Plan Width": 0,
          "Actual Startup Time": 23.202,
          "Actual Total Time": 63.504,
          "Actual Rows": 106172,
          "Actual Loops": 1,
          "Recheck Cond": "(keyword_id > 80899)",
          "Rows Removed by Index Recheck": 0,
          "Exact Heap Blocks": 17651,
          "Lossy Heap Blocks": 0,
          "Plans": [
            {
              "Node Type": "Bitmap Index Scan",
              "Parent Relationship": "Outer",
              "Parallel Aware": false,
              "Index Name": "keyword_id_movie_keyword",
              "Startup Cost": 0.0,
              "Total Cost": 2241.41,
              "Plan Rows": 106797,
              "Plan Width": 0,
              "Actual Startup Time": 17.615,
              "Actual Total Time": 17.615,
              "Actual Rows": 106172,
              "Actual Loops": 1,
              "Index Cond": "(keyword_id > 80899)"
            }
          ]
        }
      ]
    },
    "Planning Time": 0.171,
    "Triggers": [],
    "Execution Time": 68.43
  }
]