{
  "Plan": {
    "Node Type": "Aggregate",
    "Strategy": "Plain",
    "Partial Mode": "Finalize",
    "Parallel Aware": false,
    "Startup Cost": 126909.42,
    "Total Cost": 126909.43,
    "Plan Rows": 1,
    "Plan Width": 8,
    "Actual Startup Time": 361.161,
    "Actual Total Time": 387.752,
    "Actual Rows": 1,
    "Actual Loops": 1,
    "Plans": [
      {
        "Node Type": "Gather",
        "Parent Relationship": "Outer",
        "Parallel Aware": false,
        "Startup Cost": 126909.31,
        "Total Cost": 126909.42,
        "Plan Rows": 1,
        "Plan Width": 8,
        "Actual Startup Time": 360.357,
        "Actual Total Time": 387.743,
        "Actual Rows": 2,
        "Actual Loops": 1,
        "Workers Planned": 1,
        "Workers Launched": 1,
        "Single Copy": false,
        "Plans": [
          {
            "Node Type": "Aggregate",
            "Strategy": "Plain",
            "Partial Mode": "Partial",
            "Parent Relationship": "Outer",
            "Parallel Aware": false,
            "Startup Cost": 125909.31,
            "Total Cost": 125909.32,
            "Plan Rows": 1,
            "Plan Width": 8,
            "Actual Startup Time": 356.684,
            "Actual Total Time": 356.845,
            "Actual Rows": 1,
            "Actual Loops": 2,
            "Plans": [
              {
                "Node Type": "Nested Loop",
                "Parent Relationship": "Outer",
                "Parallel Aware": false,
                "Join Type": "Inner",
                "Startup Cost": 59242.75,
                "Total Cost": 125883.35,
                "Plan Rows": 10383,
                "Plan Width": 0,
                "Actual Startup Time": 215.017,
                "Actual Total Time": 354.58,
                "Actual Rows": 49155,
                "Actual Loops": 2,
                "Inner Unique": false,
                "Join Filter": "(t.id = mk.movie_id)",
                "Rows Removed by Join Filter": 0,
                "Plans": [
                  {
                    "Node Type": "Hash Join",
                    "Parent Relationship": "Outer",
                    "Parallel Aware": true,
                    "Join Type": "Inner",
                    "Startup Cost": 59242.32,
                    "Total Cost": 101659.73,
                    "Plan Rows": 11615,
                    "Plan Width": 8,
                    "Actual Startup Time": 214.973,
                    "Actual Total Time": 291.87,
                    "Actual Rows": 10956,
                    "Actual Loops": 2,
                    "Inner Unique": true,
                    "Hash Cond": "(mc.movie_id = t.id)",
                    "Plans": [
                      {
                        "Node Type": "Seq Scan",
                        "Parent Relationship": "Outer",
                        "Parallel Aware": true,
                        "Relation Name": "movie_companies",
                        "Alias": "mc",
                        "Startup Cost": 0.0,
                        "Total Cost": 41811.73,
                        "Plan Rows": 230737,
                        "Plan Width": 4,
                        "Actual Startup Time": 48.411,
                        "Actual Total Time": 97.744,
                        "Actual Rows": 113382,
                        "Actual Loops": 2,
                        "Filter": "((company_id < 1583) AND (company_type_id = 2))",
                        "Rows Removed by Filter": 1191183
                      },
                      {
                        "Node Type": "Hash",
                        "Parent Relationship": "Inner",
                        "Parallel Aware": true,
                        "Startup Cost": 58306.47,
                        "Total Cost": 58306.47,
                        "Plan Rows": 74868,
                        "Plan Width": 4,
                        "Actual Startup Time": 164.598,
                        "Actual Total Time": 164.599,
                        "Actual Rows": 116846,
                        "Actual Loops": 2,
                        "Hash Buckets": 262144,
                        "Original Hash Buckets": 131072,
                        "Hash Batches": 1,
                        "Original Hash Batches": 1,
                        "Peak Memory Usage": 12256,
                        "Plans": [
                          {
                            "Node Type": "Seq Scan",
                            "Parent Relationship": "Outer",
                            "Parallel Aware": true,
                            "Relation Name": "title",
                            "Alias": "t",
                            "Startup Cost": 0.0,
                            "Total Cost": 58306.47,
                            "Plan Rows": 74868,
                            "Plan Width": 4,
                            "Actual Startup Time": 0.131,
                            "Actual Total Time": 137.561,
                            "Actual Rows": 116846,
                            "Actual Loops": 2,
                            "Filter": "((kind_id < 7) AND (production_year < 1968))",
                            "Rows Removed by Filter": 1147310
                          }
                        ]
                      }
                    ]
                  },
                  {
                    "Node Type": "Index Scan",
                    "Parent Relationship": "Inner",
                    "Parallel Aware": false,
                    "Scan Direction": "Forward",
                    "Index Name": "movie_id_movie_keyword",
                    "Relation Name": "movie_keyword",
                    "Alias": "mk",
                    "Startup Cost": 0.43,
                    "Total Cost": 1.8,
                    "Plan Rows": 23,
                    "Plan Width": 4,
                    "Actual Startup Time": 0.004,
                    "Actual Total Time": 0.005,
                    "Actual Rows": 4,
                    "Actual Loops": 21913,
                    "Index Cond": "(movie_id = mc.movie_id)",
                    "Rows Removed by Index Recheck": 0,
                    "Filter": "(keyword_id < 4720)",
                    "Rows Removed by Filter": 5
                  }
                ]
              }
            ]
          }
        ]
      }
    ]
  },
  "Planning Time": 0.816,
  "Triggers": [],
  "Execution Time": 387.831
}