[
  {
    "Plan": {
      "Node Type": "Aggregate",
      "Strategy": "Plain",
      "Partial Mode": "Finalize",
      "Parallel Aware": false,
      "Startup Cost": 97988.29,
      "Total Cost": 97988.3,
      "Plan Rows": 1,
      "Plan Width": 8,
      "Actual Startup Time": 609.728,
      "Actual Total Time": 627.767,
      "Actual Rows": 1,
      "Actual Loops": 1,
      "Plans": [
        {
          "Node Type": "Gather",
          "Parent Relationship": "Outer",
          "Parallel Aware": false,
          "Startup Cost": 97987.98,
          "Total Cost": 97988.29,
          "Plan Rows": 3,
          "Plan Width": 8,
          "Actual Startup Time": 600.966,
          "Actual Total Time": 627.756,
          "Actual Rows": 4,
          "Actual Loops": 1,
          "Workers Planned": 3,
          "Workers Launched": 3,
          "Single Copy": false,
          "Plans": [
            {
              "Node Type": "Aggregate",
              "Strategy": "Plain",
              "Partial Mode": "Partial",
              "Parent Relationship": "Outer",
              "Parallel Aware": false,
              "Startup Cost": 96987.98,
              "Total Cost": 96987.99,
              "Plan Rows": 1,
              "Plan Width": 8,
              "Actual Startup Time": 581.289,
              "Actual Total Time": 581.292,
              "Actual Rows": 1,
              "Actual Loops": 4,
              "Plans": [
                {
                  "Node Type": "Hash Join",
                  "Parent Relationship": "Outer",
                  "Parallel Aware": true,
                  "Join Type": "Inner",
                  "Startup Cost": 50219.64,
                  "Total Cost": 95001.3,
                  "Plan Rows": 794669,
                  "Plan Width": 0,
                  "Actual Startup Time": 339.244,
                  "Actual Total Time": 557.634,
                  "Actual Rows": 616398,
                  "Actual Loops": 4,
                  "Inner Unique": true,
                  "Hash Cond": "(mk.movie_id = t.id)",
                  "Plans": [
                    {
                      "Node Type": "Seq Scan",
                      "Parent Relationship": "Outer",
                      "Parallel Aware": true,
                      "Relation Name": "movie_keyword",
                      "Alias": "mk",
                      "Startup Cost": 0.0,
                      "Total Cost": 42695.65,
                      "Plan Rows": 794669,
                      "Plan Width": 4,
                      "Actual Startup Time": 0.027,
                      "Actual Total Time": 104.02,
                      "Actual Rows": 616398,
                      "Actual Loops": 4,
                      "Filter": "(keyword_id < 5928)",
                      "Rows Removed by Filter": 514584
                    },
                    {
                      "Node Type": "Hash",
                      "Parent Relationship": "Inner",
                      "Parallel Aware": true,
                      "Startup Cost": 42318.73,
                      "Total Cost": 42318.73,
                      "Plan Rows": 632073,
                      "Plan Width": 4,
                      "Actual Startup Time": 327.498,
                      "Actual Total Time": 327.499,
                      "Actual Rows": 632078,
                      "Actual Loops": 4,
                      "Hash Buckets": 4194304,
                      "Original Hash Buckets": 4194304,
                      "Hash Batches": 1,
                      "Original Hash Batches": 1,
                      "Peak Memory Usage": 131776,
                      "Plans": [
                        {
                          "Node Type": "Seq Scan",
                          "Parent Relationship": "Outer",
                          "Parallel Aware": true,
                          "Relation Name": "title",
                          "Alias": "t",
                          "Startup Cost": 0.0,
                          "Total Cost": 42318.73,
                          "Plan Rows": 632073,
                          "Plan Width": 4,
                          "Actual Startup Time": 0.038,
                          "Actual Total Time": 94.734,
                          "Actual Rows": 632078,
                          "Actual Loops": 4
                        }
                      ]
                    }
                  ]
                }
              ]
            }
          ]
        }
      ]
    },
    "Planning Time": 0.702,
    "Triggers": [],
    "Execution Time": 627.832
  }
]