[
  {
    "Plan": {
      "Node Type": "Aggregate",
      "Strategy": "Plain",
      "Partial Mode": "Finalize",
      "Parallel Aware": false,
      "Startup Cost": 331069.99,
      "Total Cost": 331070.0,
      "Plan Rows": 1,
      "Plan Width": 8,
      "Actual Startup Time": 586.008,
      "Actual Total Time": 644.434,
      "Actual Rows": 1,
      "Actual Loops": 1,
      "Plans": [
        {
          "Node Type": "Gather",
          "Parent Relationship": "Outer",
          "Parallel Aware": false,
          "Startup Cost": 331069.37,
          "Total Cost": 331069.98,
          "Plan Rows": 6,
          "Plan Width": 8,
          "Actual Startup Time": 585.871,
          "Actual Total Time": 644.424,
          "Actual Rows": 7,
          "Actual Loops": 1,
          "Workers Planned": 6,
          "Workers Launched": 6,
          "Single Copy": false,
          "Plans": [
            {
              "Node Type": "Aggregate",
              "Strategy": "Plain",
              "Partial Mode": "Partial",
              "Parent Relationship": "Outer",
              "Parallel Aware": false,
              "Startup Cost": 330069.37,
              "Total Cost": 330069.38,
              "Plan Rows": 1,
              "Plan Width": 8,
              "Actual Startup Time": 577.426,
              "Actual Total Time": 577.427,
              "Actual Rows": 1,
              "Actual Loops": 7,
              "Plans": [
                {
                  "Node Type": "Seq Scan",
                  "Parent Relationship": "Outer",
                  "Parallel Aware": true,
                  "Relation Name": "cast_info",
                  "Alias": "ci",
                  "Startup Cost": 0.0,
                  "Total Cost": 328162.03,
                  "Plan Rows": 762936,
                  "Plan Width": 0,
                  "Actual Startup Time": 0.057,
                  "Actual Total Time": 544.55,
                  "Actual Rows": 671028,
                  "Actual Loops": 7,
                  "Filter": "(person_id < 455440)",
                  "Rows Removed by Filter": 4506735
                }
              ]
            }
          ]
        }
      ]
    },
    "Planning Time": 0.164,
    "Triggers": [],
    "Execution Time": 644.516
  }
]