[
  {
    "Plan": {
      "Node Type": "Aggregate",
      "Strategy": "Plain",
      "Partial Mode": "Finalize",
      "Parallel Aware": false,
      "Startup Cost": 32648.44,
      "Total Cost": 32648.45,
      "Plan Rows": 1,
      "Plan Width": 8,
      "Actual Startup Time": 71.391,
      "Actual Total Time": 79.444,
      "Actual Rows": 1,
      "Actual Loops": 1,
      "Plans": [
        {
          "Node Type": "Gather",
          "Parent Relationship": "Outer",
          "Parallel Aware": false,
          "Startup Cost": 32648.13,
          "Total Cost": 32648.44,
          "Plan Rows": 3,
          "Plan Width": 8,
          "Actual Startup Time": 71.302,
          "Actual Total Time": 79.436,
          "Actual Rows": 4,
          "Actual Loops": 1,
          "Workers Planned": 3,
          "Workers Launched": 3,
          "Single Copy": false,
          "Plans": [
            {
              "Node Type": "Aggregate",
              "Strategy": "Plain",
              "Partial Mode": "Partial",
              "Parent Relationship": "Outer",
              "Parallel Aware": false,
              "Startup Cost": 31648.13,
              "Total Cost": 31648.14,
              "Plan Rows": 1,
              "Plan Width": 8,
              "Actual Startup Time": 67.692,
              "Actual Total Time": 67.693,
              "Actual Rows": 1,
              "Actual Loops": 4,
              "Plans": [
                {
                  "Node Type": "Seq Scan",
                  "Parent Relationship": "Outer",
                  "Parallel Aware": true,
                  "Relation Name": "movie_companies",
                  "Alias": "mc",
                  "Startup Cost": 0.0,
                  "Total Cost": 31414.82,
                  "Plan Rows": 93323,
                  "Plan Width": 0,
                  "Actual Startup Time": 35.559,
                  "Actual Total Time": 65.952,
                  "Actual Rows": 36517,
                  "Actual Loops": 4,
                  "Filter": "((company_id < 596) AND (company_type_id > 1))",
                  "Rows Removed by Filter": 615765
                }
              ]
            }
          ]
        }
      ]
    },
    "Planning Time": 0.23,
    "Triggers": [],
    "Execution Time": 79.498
  }
]