[
  {
    "Plan": {
      "Node Type": "Aggregate",
      "Strategy": "Plain",
      "Partial Mode": "Finalize",
      "Parallel Aware": false,
      "Startup Cost": 79770.97,
      "Total Cost": 79770.98,
      "Plan Rows": 1,
      "Plan Width": 8,
      "Actual Startup Time": 214.992,
      "Actual Total Time": 230.691,
      "Actual Rows": 1,
      "Actual Loops": 1,
      "Plans": [
        {
          "Node Type": "Gather",
          "Parent Relationship": "Outer",
          "Parallel Aware": false,
          "Startup Cost": 79770.55,
          "Total Cost": 79770.96,
          "Plan Rows": 4,
          "Plan Width": 8,
          "Actual Startup Time": 213.544,
          "Actual Total Time": 230.68,
          "Actual Rows": 5,
          "Actual Loops": 1,
          "Workers Planned": 4,
          "Workers Launched": 4,
          "Single Copy": false,
          "Plans": [
            {
              "Node Type": "Aggregate",
              "Strategy": "Plain",
              "Partial Mode": "Partial",
              "Parent Relationship": "Outer",
              "Parallel Aware": false,
              "Startup Cost": 78770.55,
              "Total Cost": 78770.56,
              "Plan Rows": 1,
              "Plan Width": 8,
              "Actual Startup Time": 204.343,
              "Actual Total Time": 204.346,
              "Actual Rows": 1,
              "Actual Loops": 5,
              "Plans": [
                {
                  "Node Type": "Hash Join",
                  "Parent Relationship": "Outer",
                  "Parallel Aware": true,
                  "Join Type": "Inner",
                  "Startup Cost": 32799.79,
                  "Total Cost": 78555.88,
                  "Plan Rows": 85869,
                  "Plan Width": 0,
                  "Actual Startup Time": 167.448,
                  "Actual Total Time": 203.879,
                  "Actual Rows": 7487,
                  "Actual Loops": 5,
                  "Inner Unique": false,
                  "Hash Cond": "(t.id = mc.movie_id)",
                  "Plans": [
                    {
                      "Node Type": "Seq Scan",
                      "Parent Relationship": "Outer",
                      "Parallel Aware": true,
                      "Relation Name": "title",
                      "Alias": "t",
                      "Startup Cost": 0.0,
                      "Total Cost": 42318.73,
                      "Plan Rows": 632073,
                      "Plan Width": 4,
                      "Actual Startup Time": 0.014,
                      "Actual Total Time": 70.698,
                      "Actual Rows": 505662,
                      "Actual Loops": 5
                    },
                    {
                      "Node Type": "Hash",
                      "Parent Relationship": "Inner",
                      "Parallel Aware": true,
                      "Startup Cost": 31414.82,
                      "Total Cost": 31414.82,
                      "Plan Rows": 110798,
                      "Plan Width": 4,
                      "Actual Startup Time": 72.014,
                      "Actual Total Time": 72.015,
                      "Actual Rows": 7487,
                      "Actual Loops": 5,
                      "Hash Buckets": 524288,
                      "Original Hash Buckets": 524288,
                      "Hash Batches": 1,
                      "Original Hash Batches": 1,
                      "Peak Memory Usage": 5632,
                      "Plans": [
                        {
                          "Node Type": "Seq Scan",
                          "Parent Relationship": "Outer",
                          "Parallel Aware": true,
                          "Relation Name": "movie_companies",
                          "Alias": "mc",
                          "Startup Cost": 0.0,
                          "Total Cost": 31414.82,
                          "Plan Rows": 110798,
                          "Plan Width": 4,
                          "Actual Startup Time": 29.192,
                          "Actual Total Time": 68.268,
                          "Actual Rows": 7487,
                          "Actual Loops": 5,
                          "Filter": "((company_id > 43725) AND (company_type_id = 1))",
                          "Rows Removed by Filter": 514338
                        }
                      ]
                    }
                  ]
                }
              ]
            }
          ]
        }
      ]
    },
    "Planning Time": 0.713,
    "Triggers": [],
    "Execution Time": 230.793
  }
]