[
  {
    "Plan": {
      "Node Type": "Aggregate",
      "Strategy": "Plain",
      "Partial Mode": "Finalize",
      "Parallel Aware": false,
      "Startup Cost": 342978.43,
      "Total Cost": 342978.44,
      "Plan Rows": 1,
      "Plan Width": 8,
      "Actual Startup Time": 940.633,
      "Actual Total Time": 1000.927,
      "Actual Rows": 1,
      "Actual Loops": 1,
      "Plans": [
        {
          "Node Type": "Gather",
          "Parent Relationship": "Outer",
          "Parallel Aware": false,
          "Startup Cost": 342977.8,
          "Total Cost": 342978.41,
          "Plan Rows": 6,
          "Plan Width": 8,
          "Actual Startup Time": 940.52,
          "Actual Total Time": 1000.917,
          "Actual Rows": 7,
          "Actual Loops": 1,
          "Workers Planned": 6,
          "Workers Launched": 6,
          "Single Copy": false,
          "Plans": [
            {
              "Node Type": "Aggregate",
              "Strategy": "Plain",
              "Partial Mode": "Partial",
              "Parent Relationship": "Outer",
              "Parallel Aware": false,
              "Startup Cost": 341977.8,
              "Total Cost": 341977.81,
              "Plan Rows": 1,
              "Plan Width": 8,
              "Actual Startup Time": 929.796,
              "Actual Total Time": 929.798,
              "Actual Rows": 1,
              "Actual Loops": 7,
              "Plans": [
                {
                  "Node Type": "Seq Scan",
                  "Parent Relationship": "Outer",
                  "Parallel Aware": true,
                  "Relation Name": "cast_info",
                  "Alias": "ci",
                  "Startup Cost": 0.0,
                  "Total Cost": 328162.03,
                  "Plan Rows": 5526310,
                  "Plan Width": 0,
                  "Actual Startup Time": 0.05,
                  "Actual Total Time": 703.095,
                  "Actual Rows": 4754251,
                  "Actual Loops": 7,
                  "Filter": "(person_id < 3509442)",
                  "Rows Removed by Filter": 423513
                }
              ]
            }
          ]
        }
      ]
    },
    "Planning Time": 0.178,
    "Triggers": [],
    "Execution Time": 1000.996
  }
]