[
  {
    "Plan": {
      "Node Type": "Aggregate",
      "Strategy": "Plain",
      "Partial Mode": "Finalize",
      "Parallel Aware": false,
      "Startup Cost": 350062.88,
      "Total Cost": 350062.89,
      "Plan Rows": 1,
      "Plan Width": 8,
      "Actual Startup Time": 856.783,
      "Actual Total Time": 915.952,
      "Actual Rows": 1,
      "Actual Loops": 1,
      "Plans": [
        {
          "Node Type": "Gather",
          "Parent Relationship": "Outer",
          "Parallel Aware": false,
          "Startup Cost": 350062.26,
          "Total Cost": 350062.87,
          "Plan Rows": 6,
          "Plan Width": 8,
          "Actual Startup Time": 856.67,
          "Actual Total Time": 915.942,
          "Actual Rows": 7,
          "Actual Loops": 1,
          "Workers Planned": 6,
          "Workers Launched": 6,
          "Single Copy": false,
          "Plans": [
            {
              "Node Type": "Aggregate",
              "Strategy": "Plain",
              "Partial Mode": "Partial",
              "Parent Relationship": "Outer",
              "Parallel Aware": false,
              "Startup Cost": 349062.26,
              "Total Cost": 349062.27,
              "Plan Rows": 1,
              "Plan Width": 8,
              "Actual Startup Time": 847.597,
              "Actual Total Time": 847.599,
              "Actual Rows": 1,
              "Actual Loops": 7,
              "Plans": [
                {
                  "Node Type": "Seq Scan",
                  "Parent Relationship": "Outer",
                  "Parallel Aware": true,
                  "Relation Name": "cast_info",
                  "Alias": "ci",
                  "Startup Cost": 0.0,
                  "Total Cost": 343257.03,
                  "Plan Rows": 2322091,
                  "Plan Width": 0,
                  "Actual Startup Time": 225.526,
                  "Actual Total Time": 720.651,
                  "Actual Rows": 2771124,
                  "Actual Loops": 7,
                  "Filter": "((person_id > 1475477) AND (role_id > 1))",
                  "Rows Removed by Filter": 2406639
                }
              ]
            }
          ]
        }
      ]
    },
    "Planning Time": 0.184,
    "Triggers": [],
    "Execution Time": 916.018
  }
]