[
  {
    "Plan": {
      "Node Type": "Aggregate",
      "Strategy": "Plain",
      "Partial Mode": "Finalize",
      "Parallel Aware": false,
      "Startup Cost": 84142.04,
      "Total Cost": 84142.05,
      "Plan Rows": 1,
      "Plan Width": 8,
      "Actual Startup Time": 425.502,
      "Actual Total Time": 441.058,
      "Actual Rows": 1,
      "Actual Loops": 1,
      "Plans": [
        {
          "Node Type": "Gather",
          "Parent Relationship": "Outer",
          "Parallel Aware": false,
          "Startup Cost": 84141.62,
          "Total Cost": 84142.03,
          "Plan Rows": 4,
          "Plan Width": 8,
          "Actual Startup Time": 416.553,
          "Actual Total Time": 441.049,
          "Actual Rows": 5,
          "Actual Loops": 1,
          "Workers Planned": 4,
          "Workers Launched": 4,
          "Single Copy": false,
          "Plans": [
            {
              "Node Type": "Aggregate",
              "Strategy": "Plain",
              "Partial Mode": "Partial",
              "Parent Relationship": "Outer",
              "Parallel Aware": false,
              "Startup Cost": 83141.62,
              "Total Cost": 83141.63,
              "Plan Rows": 1,
              "Plan Width": 8,
              "Actual Startup Time": 403.809,
              "Actual Total Time": 403.813,
              "Actual Rows": 1,
              "Actual Loops": 5,
              "Plans": [
                {
                  "Node Type": "Hash Join",
                  "Parent Relationship": "Outer",
                  "Parallel Aware": true,
                  "Join Type": "Inner",
                  "Startup Cost": 36025.67,
                  "Total Cost": 82426.94,
                  "Plan Rows": 285873,
                  "Plan Width": 0,
                  "Actual Startup Time": 164.278,
                  "Actual Total Time": 393.215,
                  "Actual Rows": 251478,
                  "Actual Loops": 5,
                  "Inner Unique": false,
                  "Hash Cond": "(t.id = mc.movie_id)",
                  "Plans": [
                    {
                      "Node Type": "Seq Scan",
                      "Parent Relationship": "Outer",
                      "Parallel Aware": true,
                      "Relation Name": "title",
                      "Alias": "t",
                      "Startup Cost": 0.0,
                      "Total Cost": 42318.73,
                      "Plan Rows": 632073,
                      "Plan Width": 4,
                      "Actual Startup Time": 0.012,
                      "Actual Total Time": 63.12,
                      "Actual Rows": 505662,
                      "Actual Loops": 5
                    },
                    {
                      "Node Type": "Hash",
                      "Parent Relationship": "Inner",
                      "Parallel Aware": true,
                      "Startup Cost": 31414.82,
                      "Total Cost": 31414.82,
                      "Plan Rows": 368868,
                      "Plan Width": 4,
                      "Actual Startup Time": 158.168,
                      "Actual Total Time": 158.169,
                      "Actual Rows": 251478,
                      "Actual Loops": 5,
                      "Hash Buckets": 2097152,
                      "Original Hash Buckets": 2097152,
                      "Hash Batches": 1,
                      "Original Hash Batches": 1,
                      "Peak Memory Usage": 65664,
                      "Plans": [
                        {
                          "Node Type": "Seq Scan",
                          "Parent Relationship": "Outer",
                          "Parallel Aware": true,
                          "Relation Name": "movie_companies",
                          "Alias": "mc",
                          "Startup Cost": 0.0,
                          "Total Cost": 31414.82,
                          "Plan Rows": 368868,
                          "Plan Width": 4,
                          "Actual Startup Time": 44.317,
                          "Actual Total Time": 79.123,
                          "Actual Rows": 251478,
                          "Actual Loops": 5,
                          "Filter": "((company_id > 166) AND (company_type_id > 1))",
                          "Rows Removed by Filter": 270347
                        }
                      ]
                    }
                  ]
                }
              ]
            }
          ]
        }
      ]
    },
    "Planning Time": 0.622,
    "Triggers": [],
    "Execution Time": 441.145
  }
]