[
  {
    "Plan": {
      "Node Type": "Aggregate",
      "Strategy": "Plain",
      "Partial Mode": "Simple",
      "Parallel Aware": false,
      "Startup Cost": 479546.1,
      "Total Cost": 479546.11,
      "Plan Rows": 1,
      "Plan Width": 96,
      "Actual Startup Time": 3473.4,
      "Actual Total Time": 3473.695,
      "Actual Rows": 1,
      "Actual Loops": 1,
      "Plans": [
        {
          "Node Type": "Merge Join",
          "Parent Relationship": "Outer",
          "Parallel Aware": false,
          "Join Type": "Inner",
          "Startup Cost": 476975.82,
          "Total Cost": 479546.08,
          "Plan Rows": 2,
          "Plan Width": 42,
          "Actual Startup Time": 3219.658,
          "Actual Total Time": 3472.98,
          "Actual Rows": 4711,
          "Actual Loops": 1,
          "Inner Unique": false,
          "Merge Cond": "(t.id = mc.movie_id)",
          "Plans": [
            {
              "Node Type": "Merge Join",
              "Parent Relationship": "Outer",
              "Parallel Aware": false,
              "Join Type": "Inner",
              "Startup Cost": 326275.64,
              "Total Cost": 327667.21,
              "Plan Rows": 4,
              "Plan Width": 35,
              "Actual Startup Time": 2302.81,
              "Actual Total Time": 2418.805,
              "Actual Rows": 7964,
              "Actual Loops": 1,
              "Inner Unique": false,
              "Merge Cond": "(t.id = mi.movie_id)",
              "Plans": [
                {
                  "Node Type": "Gather Merge",
                  "Parent Relationship": "Outer",
                  "Parallel Aware": false,
                  "Startup Cost": 112946.56,
                  "Total Cost": 114324.34,
                  "Plan Rows": 700,
                  "Plan Width": 31,
                  "Actual Startup Time": 792.739,
                  "Actual Total Time": 872.299,
                  "Actual Rows": 52304,
                  "Actual Loops": 1,
                  "Workers Planned": 4,
                  "Workers Launched": 4,
                  "Plans": [
                    {
                      "Node Type": "Merge Join",
                      "Parent Relationship": "Outer",
                      "Parallel Aware": false,
                      "Join Type": "Inner",
                      "Startup Cost": 111946.5,
                      "Total Cost": 113240.9,
                      "Plan Rows": 175,
                      "Plan Width": 31,
                      "Actual Startup Time": 780.958,
                      "Actual Total Time": 887.521,
                      "Actual Rows": 10461,
                      "Actual Loops": 5,
                      "Inner Unique": false,
                      "Merge Cond": "(t.id = mi_idx.movie_id)",
                      "Plans": [
                        {
                          "Node Type": "Sort",
                          "Parent Relationship": "Outer",
                          "Parallel Aware": false,
                          "Startup Cost": 68579.0,
                          "Total Cost": 69221.68,
                          "Plan Rows": 257070,
                          "Plan Width": 21,
                          "Actual Startup Time": 361.988,
                          "Actual Total Time": 400.667,
                          "Actual Rows": 208517,
                          "Actual Loops": 5,
                          "Sort Key": [
                            "t.id"
                          ],
                          "Sort Method": "quicksort",
                          "Sort Space Used": 22439,
                          "Sort Space Type": "Memory",
                          "Workers": [
                            {
                              "Worker Number": 0,
                              "Sort Method": "quicksort",
                              "Sort Space Used": 20449,
                              "Sort Space Type": "Memory"
                            },
                            {
                              "Worker Number": 1,
                              "Sort Method": "quicksort",
                              "Sort Space Used": 18178,
                              "Sort Space Type": "Memory"
                            },
                            {
                              "Worker Number": 2,
                              "Sort Method": "quicksort",
                              "Sort Space Used": 21137,
                              "Sort Space Type": "Memory"
                            },
                            {
                              "Worker Number": 3,
                              "Sort Method": "quicksort",
                              "Sort Space Used": 20857,
                              "Sort Space Type": "Memory"
                            }
                          ],
                          "Plans": [
                            {
                              "Node Type": "Seq Scan",
                              "Parent Relationship": "Outer",
                              "Parallel Aware": true,
                              "Relation Name": "title",
                              "Alias": "t",
                              "Startup Cost": 0.0,
                              "Total Cost": 45478.94,
                              "Plan Rows": 257070,
                              "Plan Width": 21,
                              "Actual Startup Time": 0.065,
                              "Actual Total Time": 237.345,
                              "Actual Rows": 208560,
                              "Actual Loops": 5,
                              "Filter": "((production_year >= 2000) AND (production_year <= 2010))",
                              "Rows Removed by Filter": 297102
                            }
                          ]
                        },
                        {
                          "Node Type": "Sort",
                          "Parent Relationship": "Inner",
                          "Parallel Aware": false,
                          "Startup Cost": 43367.5,
                          "Total Cost": 43371.81,
                          "Plan Rows": 1722,
                          "Plan Width": 10,
                          "Actual Startup Time": 418.905,
                          "Actual Total Time": 429.935,
                          "Actual Rows": 121572,
                          "Actual Loops": 5,
                          "Sort Key": [
                            "mi_idx.movie_id"
                          ],
                          "Sort Method": "quicksort",
                          "Sort Space Used": 8771,
                          "Sort Space Type": "Memory",
                          "Workers": [
                            {
                              "Worker Number": 0,
                              "Sort Method": "quicksort",
                              "Sort Space Used": 8771,
                              "Sort Space Type": "Memory"
                            },
                            {
                              "Worker Number": 1,
                              "Sort Method": "quicksort",
                              "Sort Space Used": 8771,
                              "Sort Space Type": "Memory"
                            },
                            {
                              "Worker Number": 2,
                              "Sort Method": "quicksort",
                              "Sort Space Used": 8771,
                              "Sort Space Type": "Memory"
                            },
                            {
                              "Worker Number": 3,
                              "Sort Method": "quicksort",
                              "Sort Space Used": 8771,
                              "Sort Space Type": "Memory"
                            }
                          ],
                          "Plans": [
                            {
                              "Node Type": "Merge Join",
                              "Parent Relationship": "Outer",
                              "Parallel Aware": false,
                              "Join Type": "Inner",
                              "Startup Cost": 42284.67,
                              "Total Cost": 43274.95,
                              "Plan Rows": 1722,
                              "Plan Width": 10,
                              "Actual Startup Time": 337.964,
                              "Actual Total Time": 367.753,
                              "Actual Rows": 121572,
                              "Actual Loops": 5,
                              "Inner Unique": false,
                              "Merge Cond": "(it2.id = mi_idx.info_type_id)",
                              "Plans": [
                                {
                                  "Node Type": "Sort",
                                  "Parent Relationship": "Outer",
                                  "Parallel Aware": false,
                                  "Startup Cost": 2.42,
                                  "Total Cost": 2.43,
                                  "Plan Rows": 1,
                                  "Plan Width": 4,
                                  "Actual Startup Time": 0.101,
                                  "Actual Total Time": 0.103,
                                  "Actual Rows": 1,
                                  "Actual Loops": 5,
                                  "Sort Key": [
                                    "it2.id"
                                  ],
                                  "Sort Method": "quicksort",
                                  "Sort Space Used": 25,
                                  "Sort Space Type": "Memory",
                                  "Workers": [
                                    {
                                      "Worker Number": 0,
                                      "Sort Method": "quicksort",
                                      "Sort Space Used": 25,
                                      "Sort Space Type": "Memory"
                                    },
                                    {
                                      "Worker Number": 1,
                                      "Sort Method": "quicksort",
                                      "Sort Space Used": 25,
                                      "Sort Space Type": "Memory"
                                    },
                                    {
                                      "Worker Number": 2,
                                      "Sort Method": "quicksort",
                                      "Sort Space Used": 25,
                                      "Sort Space Type": "Memory"
                                    },
                                    {
                                      "Worker Number": 3,
                                      "Sort Method": "quicksort",
                                      "Sort Space Used": 25,
                                      "Sort Space Type": "Memory"
                                    }
                                  ],
                                  "Plans": [
                                    {
                                      "Node Type": "Seq Scan",
                                      "Parent Relationship": "Outer",
                                      "Parallel Aware": false,
                                      "Relation Name": "info_type",
                                      "Alias": "it2",
                                      "Startup Cost": 0.0,
                                      "Total Cost": 2.41,
                                      "Plan Rows": 1,
                                      "Plan Width": 4,
                                      "Actual Startup Time": 0.091,
                                      "Actual Total Time": 0.093,
                                      "Actual Rows": 1,
                                      "Actual Loops": 5,
                                      "Filter": "((info)::text = 'rating'::text)",
                                      "Rows Removed by Filter": 112
                                    }
                                  ]
                                },
                                {
                                  "Node Type": "Sort",
                                  "Parent Relationship": "Inner",
                                  "Parallel Aware": false,
                                  "Startup Cost": 42282.24,
                                  "Total Cost": 42768.77,
                                  "Plan Rows": 194611,
                                  "Plan Width": 14,
                                  "Actual Startup Time": 323.706,
                                  "Actual Total Time": 338.913,
                                  "Actual Rows": 192806,
                                  "Actual Loops": 5,
                                  "Sort Key": [
                                    "mi_idx.info_type_id"
                                  ],
                                  "Sort Method": "quicksort",
                                  "Sort Space Used": 15241,
                                  "Sort Space Type": "Memory",
                                  "Workers": [
                                    {
                                      "Worker Number": 0,
                                      "Sort Method": "quicksort",
                                      "Sort Space Used": 15241,
                                      "Sort Space Type": "Memory"
                                    },
                                    {
                                      "Worker Number": 1,
                                      "Sort Method": "quicksort",
                                      "Sort Space Used": 15241,
                                      "Sort Space Type": "Memory"
                                    },
                                    {
                                      "Worker Number": 2,
                                      "Sort Method": "quicksort",
                                      "Sort Space Used": 15241,
                                      "Sort Space Type": "Memory"
                                    },
                                    {
                                      "Worker Number": 3,
                                      "Sort Method": "quicksort",
                                      "Sort Space Used": 15241,
                                      "Sort Space Type": "Memory"
                                    }
                                  ],
                                  "Plans": [
                                    {
                                      "Node Type": "Seq Scan",
                                      "Parent Relationship": "Outer",
                                      "Parallel Aware": false,
                                      "Relation Name": "movie_info_idx",
                                      "Alias": "mi_idx",
                                      "Startup Cost": 0.0,
                                      "Total Cost": 25185.44,
                                      "Plan Rows": 194611,
                                      "Plan Width": 14,
                                      "Actual Startup Time": 0.041,
                                      "Actual Total Time": 256.504,
                                      "Actual Rows": 192839,
                                      "Actual Loops": 5,
                                      "Filter": "(info > '7.0'::text)",
                                      "Rows Removed by Filter": 1187196
                                    }
                                  ]
                                }
                              ]
                            }
                          ]
                        }
                      ]
                    }
                  ]
                },
                {
                  "Node Type": "Sort",
                  "Parent Relationship": "Inner",
                  "Parallel Aware": false,
                  "Startup Cost": 213329.08,
                  "Total Cost": 213336.08,
                  "Plan Rows": 2801,
                  "Plan Width": 4,
                  "Actual Startup Time": 1509.923,
                  "Actual Total Time": 1523.443,
                  "Actual Rows": 325234,
                  "Actual Loops": 1,
                  "Sort Key": [
                    "mi.movie_id"
                  ],
                  "Sort Method": "quicksort",
                  "Sort Space Used": 27535,
                  "Sort Space Type": "Memory",
                  "Plans": [
                    {
                      "Node Type": "Gather",
                      "Parent Relationship": "Outer",
                      "Parallel Aware": false,
                      "Startup Cost": 212566.49,
                      "Total Cost": 213168.7,
                      "Plan Rows": 2801,
                      "Plan Width": 4,
                      "Actual Startup Time": 1337.661,
                      "Actual Total Time": 1411.286,
                      "Actual Rows": 325255,
                      "Actual Loops": 1,
                      "Workers Planned": 5,
                      "Workers Launched": 3,
                      "Single Copy": false,
                      "Plans": [
                        {
                          "Node Type": "Merge Join",
                          "Parent Relationship": "Outer",
                          "Parallel Aware": false,
                          "Join Type": "Inner",
                          "Startup Cost": 211566.49,
                          "Total Cost": 211888.6,
                          "Plan Rows": 560,
                          "Plan Width": 4,
                          "Actual Startup Time": 1327.005,
                          "Actual Total Time": 1346.322,
                          "Actual Rows": 81314,
                          "Actual Loops": 4,
                          "Inner Unique": true,
                          "Merge Cond": "(mi.info_type_id = it1.id)",
                          "Plans": [
                            {
                              "Node Type": "Sort",
                              "Parent Relationship": "Outer",
                              "Parallel Aware": false,
                              "Startup Cost": 211564.07,
                              "Total Cost": 211722.32,
                              "Plan Rows": 63300,
                              "Plan Width": 8,
                              "Actual Startup Time": 1326.83,
                              "Actual Total Time": 1331.585,
                              "Actual Rows": 81315,
                              "Actual Loops": 4,
                              "Sort Key": [
                                "mi.info_type_id"
                              ],
                              "Sort Method": "quicksort",
                              "Sort Space Used": 6934,
                              "Sort Space Type": "Memory",
                              "Workers": [
                                {
                                  "Worker Number": 0,
                                  "Sort Method": "quicksort",
                                  "Sort Space Used": 6906,
                                  "Sort Space Type": "Memory"
                                },
                                {
                                  "Worker Number": 1,
                                  "Sort Method": "quicksort",
                                  "Sort Space Used": 6917,
                                  "Sort Space Type": "Memory"
                                },
                                {
                                  "Worker Number": 2,
                                  "Sort Method": "quicksort",
                                  "Sort Space Used": 6875,
                                  "Sort Space Type": "Memory"
                                }
                              ],
                              "Plans": [
                                {
                                  "Node Type": "Seq Scan",
                                  "Parent Relationship": "Outer",
                                  "Parallel Aware": true,
                                  "Relation Name": "movie_info",
                                  "Alias": "mi",
                                  "Startup Cost": 0.0,
                                  "Total Cost": 206515.92,
                                  "Plan Rows": 63300,
                                  "Plan Width": 8,
                                  "Actual Startup Time": 842.694,
                                  "Actual Total Time": 1302.612,
                                  "Actual Rows": 81828,
                                  "Actual Loops": 4,
                                  "Filter": "(info = ANY ('{Drama,Horror,Western,Family}'::text[]))",
                                  "Rows Removed by Filter": 3627102
                                }
                              ]
                            },
                            {
                              "Node Type": "Sort",
                              "Parent Relationship": "Inner",
                              "Parallel Aware": false,
                              "Startup Cost": 2.42,
                              "Total Cost": 2.43,
                              "Plan Rows": 1,
                              "Plan Width": 4,
                              "Actual Startup Time": 0.157,
                              "Actual Total Time": 0.159,
                              "Actual Rows": 1,
                              "Actual Loops": 4,
                              "Sort Key": [
                                "it1.id"
                              ],
                              "Sort Method": "quicksort",
                              "Sort Space Used": 25,
                              "Sort Space Type": "Memory",
                              "Workers": [
                                {
                                  "Worker Number": 0,
                                  "Sort Method": "quicksort",
                                  "Sort Space Used": 25,
                                  "Sort Space Type": "Memory"
                                },
                                {
                                  "Worker Number": 1,
                                  "Sort Method": "quicksort",
                                  "Sort Space Used": 25,
                                  "Sort Space Type": "Memory"
                                },
                                {
                                  "Worker Number": 2,
                                  "Sort Method": "quicksort",
                                  "Sort Space Used": 25,
                                  "Sort Space Type": "Memory"
                                }
                              ],
                              "Plans": [
                                {
                                  "Node Type": "Seq Scan",
                                  "Parent Relationship": "Outer",
                                  "Parallel Aware": false,
                                  "Relation Name": "info_type",
                                  "Alias": "it1",
                                  "Startup Cost": 0.0,
                                  "Total Cost": 2.41,
                                  "Plan Rows": 1,
                                  "Plan Width": 4,
                                  "Actual Startup Time": 0.116,
                                  "Actual Total Time": 0.124,
                                  "Actual Rows": 1,
                                  "Actual Loops": 4,
                                  "Filter": "((info)::text = 'genres'::text)",
                                  "Rows Removed by Filter": 112
                                }
                              ]
                            }
                          ]
                        }
                      ]
                    }
                  ]
                }
              ]
            },
            {
              "Node Type": "Sort",
              "Parent Relationship": "Inner",
              "Parallel Aware": false,
              "Startup Cost": 150700.18,
              "Total Cost": 151289.52,
              "Plan Rows": 235735,
              "Plan Width": 23,
              "Actual Startup Time": 916.788,
              "Actual Total Time": 995.689,
              "Actual Rows": 552604,
              "Actual Loops": 1,
              "Sort Key": [
                "mc.movie_id"
              ],
              "Sort Method": "quicksort",
              "Sort Space Used": 66142,
              "Sort Space Type": "Memory",
              "Plans": [
                {
                  "Node Type": "Gather",
                  "Parent Relationship": "Outer",
                  "Parallel Aware": false,
                  "Startup Cost": 103854.46,
                  "Total Cost": 129664.6,
                  "Plan Rows": 235735,
                  "Plan Width": 23,
                  "Actual Startup Time": 549.363,
                  "Actual Total Time": 739.966,
                  "Actual Rows": 552328,
                  "Actual Loops": 1,
                  "Workers Planned": 3,
                  "Workers Launched": 3,
                  "Single Copy": false,
                  "Plans": [
                    {
                      "Node Type": "Merge Join",
                      "Parent Relationship": "Outer",
                      "Parallel Aware": false,
                      "Join Type": "Inner",
                      "Startup Cost": 102854.46,
                      "Total Cost": 105091.1,
                      "Plan Rows": 76044,
                      "Plan Width": 23,
                      "Actual Startup Time": 579.976,
                      "Actual Total Time": 705.152,
                      "Actual Rows": 138082,
                      "Actual Loops": 4,
                      "Inner Unique": true,
                      "Merge Cond": "(mc.company_id = cn.id)",
                      "Plans": [
                        {
                          "Node Type": "Sort",
                          "Parent Relationship": "Outer",
                          "Parallel Aware": false,
                          "Startup Cost": 89968.58,
                          "Total Cost": 90494.62,
                          "Plan Rows": 210414,
                          "Plan Width": 8,
                          "Actual Startup Time": 453.079,
                          "Actual Total Time": 505.373,
                          "Actual Rows": 333721,
                          "Actual Loops": 4,
                          "Sort Key": [
                            "mc.company_id"
                          ],
                          "Sort Method": "quicksort",
                          "Sort Space Used": 28078,
                          "Sort Space Type": "Memory",
                          "Workers": [
                            {
                              "Worker Number": 0,
                              "Sort Method": "quicksort",
                              "Sort Space Used": 27700,
                              "Sort Space Type": "Memory"
                            },
                            {
                              "Worker Number": 1,
                              "Sort Method": "quicksort",
                              "Sort Space Used": 27974,
                              "Sort Space Type": "Memory"
                            },
                            {
                              "Worker Number": 2,
                              "Sort Method": "quicksort",
                              "Sort Space Used": 27974,
                              "Sort Space Type": "Memory"
                            }
                          ],
                          "Plans": [
                            {
                              "Node Type": "Merge Join",
                              "Parent Relationship": "Outer",
                              "Parallel Aware": false,
                              "Join Type": "Inner",
                              "Startup Cost": 1.49,
                              "Total Cost": 71364.97,
                              "Plan Rows": 210414,
                              "Plan Width": 8,
                              "Actual Startup Time": 153.161,
                              "Actual Total Time": 321.825,
                              "Actual Rows": 333721,
                              "Actual Loops": 4,
                              "Inner Unique": true,
                              "Merge Cond": "(mc.company_type_id = ct.id)",
                              "Plans": [
                                {
                                  "Node Type": "Index Scan",
                                  "Parent Relationship": "Outer",
                                  "Parallel Aware": true,
                                  "Scan Direction": "Forward",
                                  "Index Name": "company_type_id_movie_companies",
                                  "Relation Name": "movie_companies",
                                  "Alias": "mc",
                                  "Startup Cost": 0.43,
                                  "Total Cost": 67155.62,
                                  "Plan Rows": 841655,
                                  "Plan Width": 12,
                                  "Actual Startup Time": 0.115,
                                  "Actual Total Time": 220.614,
                                  "Actual Rows": 652282,
                                  "Actual Loops": 4
                                },
                                {
                                  "Node Type": "Sort",
                                  "Parent Relationship": "Inner",
                                  "Parallel Aware": false,
                                  "Startup Cost": 1.06,
                                  "Total Cost": 1.06,
                                  "Plan Rows": 1,
                                  "Plan Width": 4,
                                  "Actual Startup Time": 0.074,
                                  "Actual Total Time": 0.075,
                                  "Actual Rows": 1,
                                  "Actual Loops": 4,
                                  "Sort Key": [
                                    "ct.id"
                                  ],
                                  "Sort Method": "quicksort",
                                  "Sort Space Used": 25,
                                  "Sort Space Type": "Memory",
                                  "Workers": [
                                    {
                                      "Worker Number": 0,
                                      "Sort Method": "quicksort",
                                      "Sort Space Used": 25,
                                      "Sort Space Type": "Memory"
                                    },
                                    {
                                      "Worker Number": 1,
                                      "Sort Method": "quicksort",
                                      "Sort Space Used": 25,
                                      "Sort Space Type": "Memory"
                                    },
                                    {
                                      "Worker Number": 2,
                                      "Sort Method": "quicksort",
                                      "Sort Space Used": 25,
                                      "Sort Space Type": "Memory"
                                    }
                                  ],
                                  "Plans": [
                                    {
                                      "Node Type": "Seq Scan",
                                      "Parent Relationship": "Outer",
                                      "Parallel Aware": false,
                                      "Relation Name": "company_type",
                                      "Alias": "ct",
                                      "Startup Cost": 0.0,
                                      "Total Cost": 1.05,
                                      "Plan Rows": 1,
                                      "Plan Width": 4,
                                      "Actual Startup Time": 0.052,
                                      "Actual Total Time": 0.053,
                                      "Actual Rows": 1,
                                      "Actual Loops": 4,
                                      "Filter": "((kind)::text = 'production companies'::text)",
                                      "Rows Removed by Filter": 3
                                    }
                                  ]
                                }
                              ]
                            }
                          ]
                        },
                        {
                          "Node Type": "Sort",
                          "Parent Relationship": "Inner",
                          "Parallel Aware": false,
                          "Startup Cost": 12885.5,
                          "Total Cost": 13097.82,
                          "Plan Rows": 84928,
                          "Plan Width": 23,
                          "Actual Startup Time": 126.881,
                          "Actual Total Time": 141.563,
                          "Actual Rows": 84843,
                          "Actual Loops": 4,
                          "Sort Key": [
                            "cn.id"
                          ],
                          "Sort Method": "quicksort",
                          "Sort Space Used": 9413,
                          "Sort Space Type": "Memory",
                          "Workers": [
                            {
                              "Worker Number": 0,
                              "Sort Method": "quicksort",
                              "Sort Space Used": 9413,
                              "Sort Space Type": "Memory"
                            },
                            {
                              "Worker Number": 1,
                              "Sort Method": "quicksort",
                              "Sort Space Used": 9413,
                              "Sort Space Type": "Memory"
                            },
                            {
                              "Worker Number": 2,
                              "Sort Method": "quicksort",
                              "Sort Space Used": 9413,
                              "Sort Space Type": "Memory"
                            }
                          ],
                          "Plans": [
                            {
                              "Node Type": "Seq Scan",
                              "Parent Relationship": "Outer",
                              "Parallel Aware": false,
                              "Relation Name": "company_name",
                              "Alias": "cn",
                              "Startup Cost": 0.0,
                              "Total Cost": 5932.46,
                              "Plan Rows": 84928,
                              "Plan Width": 23,
                              "Actual Startup Time": 0.075,
                              "Actual Total Time": 73.622,
                              "Actual Rows": 84843,
                              "Actual Loops": 4,
                              "Filter": "((country_code)::text = '[us]'::text)",
                              "Rows Removed by Filter": 150154
                            }
                          ]
                        }
                      ]
                    }
                  ]
                }
              ]
            }
          ]
        }
      ]
    },
    "Planning Time": 16.526,
    "Triggers": [],
    "Execution Time": 3487.647
  }
]