[
    {
        "Bao": {
            "Bao prediction": 1323.842,
            "Bao recommended hint": "(no hint)"
        }
    },
    {
        "Plan": {
            "Node Type": "Aggregate",
            "Strategy": "Plain",
            "Partial Mode": "Finalize",
            "Parallel Aware": false,
            "Startup Cost": 301355.65,
            "Total Cost": 301355.66,
            "Plan Rows": 1,
            "Plan Width": 8,
            "Actual Startup Time": 2347.991,
            "Actual Total Time": 2367.629,
            "Actual Rows": 1,
            "Actual Loops": 1,
            "Output": [
                "count(*)"
            ],
            "Plans": [
                {
                    "Node Type": "Gather",
                    "Parent Relationship": "Outer",
                    "Parallel Aware": false,
                    "Startup Cost": 301355.33,
                    "Total Cost": 301355.64,
                    "Plan Rows": 3,
                    "Plan Width": 8,
                    "Actual Startup Time": 2340.733,
                    "Actual Total Time": 2367.622,
                    "Actual Rows": 4,
                    "Actual Loops": 1,
                    "Output": [
                        "(PARTIAL count(*))"
                    ],
                    "Workers Planned": 3,
                    "Workers Launched": 3,
                    "Single Copy": false,
                    "Plans": [
                        {
                            "Node Type": "Aggregate",
                            "Strategy": "Plain",
                            "Partial Mode": "Partial",
                            "Parent Relationship": "Outer",
                            "Parallel Aware": false,
                            "Startup Cost": 300355.33,
                            "Total Cost": 300355.34,
                            "Plan Rows": 1,
                            "Plan Width": 8,
                            "Actual Startup Time": 2327.344,
                            "Actual Total Time": 2327.349,
                            "Actual Rows": 1,
                            "Actual Loops": 4,
                            "Output": [
                                "PARTIAL count(*)"
                            ],
                            "Workers": [
                                {
                                    "Worker Number": 0,
                                    "Actual Startup Time": 2323.133,
                                    "Actual Total Time": 2323.137,
                                    "Actual Rows": 1,
                                    "Actual Loops": 1
                                },
                                {
                                    "Worker Number": 1,
                                    "Actual Startup Time": 2323.212,
                                    "Actual Total Time": 2323.216,
                                    "Actual Rows": 1,
                                    "Actual Loops": 1
                                },
                                {
                                    "Worker Number": 2,
                                    "Actual Startup Time": 2323.123,
                                    "Actual Total Time": 2323.126,
                                    "Actual Rows": 1,
                                    "Actual Loops": 1
                                }
                            ],
                            "Plans": [
                                {
                                    "Node Type": "Hash Join",
                                    "Parent Relationship": "Outer",
                                    "Parallel Aware": true,
                                    "Join Type": "Inner",
                                    "Startup Cost": 250421.16,
                                    "Total Cost": 298910.2,
                                    "Plan Rows": 578052,
                                    "Plan Width": 0,
                                    "Actual Startup Time": 1101.122,
                                    "Actual Total Time": 1956.613,
                                    "Actual Rows": 7387719,
                                    "Actual Loops": 4,
                                    "Inner Unique": false,
                                    "Hash Cond": "(mk.movie_id = t.id)",
                                    "Workers": [
                                        {
                                            "Worker Number": 0,
                                            "Actual Startup Time": 1097.269,
                                            "Actual Total Time": 1952.355,
                                            "Actual Rows": 7450908,
                                            "Actual Loops": 1
                                        },
                                        {
                                            "Worker Number": 1,
                                            "Actual Startup Time": 1097.335,
                                            "Actual Total Time": 1951.106,
                                            "Actual Rows": 7520416,
                                            "Actual Loops": 1
                                        },
                                        {
                                            "Worker Number": 2,
                                            "Actual Startup Time": 1097.4,
                                            "Actual Total Time": 1954.252,
                                            "Actual Rows": 7381115,
                                            "Actual Loops": 1
                                        }
                                    ],
                                    "Plans": [
                                        {
                                            "Node Type": "Seq Scan",
                                            "Parent Relationship": "Outer",
                                            "Parallel Aware": true,
                                            "Relation Name": "movie_keyword",
                                            "Schema": "public",
                                            "Alias": "mk",
                                            "Startup Cost": 0.0,
                                            "Total Cost": 42695.65,
                                            "Plan Rows": 1236610,
                                            "Plan Width": 4,
                                            "Actual Startup Time": 0.017,
                                            "Actual Total Time": 132.716,
                                            "Actual Rows": 962266,
                                            "Actual Loops": 4,
                                            "Output": [
                                                "mk.id",
                                                "mk.movie_id",
                                                "mk.keyword_id"
                                            ],
                                            "Filter": "(mk.keyword_id < 27788)",
                                            "Rows Removed by Filter": 168717,
                                            "Workers": [
                                                {
                                                    "Worker Number": 0,
                                                    "Actual Startup Time": 0.015,
                                                    "Actual Total Time": 135.45,
                                                    "Actual Rows": 961444,
                                                    "Actual Loops": 1
                                                },
                                                {
                                                    "Worker Number": 1,
                                                    "Actual Startup Time": 0.023,
                                                    "Actual Total Time": 133.315,
                                                    "Actual Rows": 958089,
                                                    "Actual Loops": 1
                                                },
                                                {
                                                    "Worker Number": 2,
                                                    "Actual Startup Time": 0.014,
                                                    "Actual Total Time": 137.66,
                                                    "Actual Rows": 982662,
                                                    "Actual Loops": 1
                                                }
                                            ]
                                        },
                                        {
                                            "Node Type": "Hash",
                                            "Parent Relationship": "Inner",
                                            "Parallel Aware": true,
                                            "Startup Cost": 247466.51,
                                            "Total Cost": 247466.51,
                                            "Plan Rows": 236372,
                                            "Plan Width": 8,
                                            "Actual Startup Time": 1093.2,
                                            "Actual Total Time": 1093.204,
                                            "Actual Rows": 348729,
                                            "Actual Loops": 4,
                                            "Output": [
                                                "t.id",
                                                "mi.movie_id"
                                            ],
                                            "Hash Buckets": 2097152,
                                            "Original Hash Buckets": 2097152,
                                            "Hash Batches": 1,
                                            "Original Hash Batches": 1,
                                            "Peak Memory Usage": 70976,
                                            "Workers": [
                                                {
                                                    "Worker Number": 0,
                                                    "Actual Startup Time": 1096.505,
                                                    "Actual Total Time": 1096.508,
                                                    "Actual Rows": 342389,
                                                    "Actual Loops": 1
                                                },
                                                {
                                                    "Worker Number": 1,
                                                    "Actual Startup Time": 1096.44,
                                                    "Actual Total Time": 1096.444,
                                                    "Actual Rows": 347481,
                                                    "Actual Loops": 1
                                                },
                                                {
                                                    "Worker Number": 2,
                                                    "Actual Startup Time": 1096.338,
                                                    "Actual Total Time": 1096.341,
                                                    "Actual Rows": 350073,
                                                    "Actual Loops": 1
                                                }
                                            ],
                                            "Plans": [
                                                {
                                                    "Node Type": "Hash Join",
                                                    "Parent Relationship": "Outer",
                                                    "Parallel Aware": true,
                                                    "Join Type": "Inner",
                                                    "Startup Cost": 47009.89,
                                                    "Total Cost": 247466.51,
                                                    "Plan Rows": 236372,
                                                    "Plan Width": 8,
                                                    "Actual Startup Time": 339.62,
                                                    "Actual Total Time": 964.375,
                                                    "Actual Rows": 348729,
                                                    "Actual Loops": 4,
                                                    "Output": [
                                                        "t.id",
                                                        "mi.movie_id"
                                                    ],
                                                    "Inner Unique": true,
                                                    "Hash Cond": "(mi.movie_id = t.id)",
                                                    "Workers": [
                                                        {
                                                            "Worker Number": 0,
                                                            "Actual Startup Time": 339.652,
                                                            "Actual Total Time": 965.246,
                                                            "Actual Rows": 342389,
                                                            "Actual Loops": 1
                                                        },
                                                        {
                                                            "Worker Number": 1,
                                                            "Actual Startup Time": 339.595,
                                                            "Actual Total Time": 964.171,
                                                            "Actual Rows": 347481,
                                                            "Actual Loops": 1
                                                        },
                                                        {
                                                            "Worker Number": 2,
                                                            "Actual Startup Time": 339.583,
                                                            "Actual Total Time": 965.348,
                                                            "Actual Rows": 350073,
                                                            "Actual Loops": 1
                                                        }
                                                    ],
                                                    "Plans": [
                                                        {
                                                            "Node Type": "Seq Scan",
                                                            "Parent Relationship": "Outer",
                                                            "Parallel Aware": true,
                                                            "Relation Name": "movie_info",
                                                            "Schema": "public",
                                                            "Alias": "mi",
                                                            "Startup Cost": 0.0,
                                                            "Total Cost": 198880.74,
                                                            "Plan Rows": 600336,
                                                            "Plan Width": 4,
                                                            "Actual Startup Time": 116.385,
                                                            "Actual Total Time": 497.594,
                                                            "Actual Rows": 759180,
                                                            "Actual Loops": 4,
                                                            "Output": [
                                                                "mi.id",
                                                                "mi.movie_id",
                                                                "mi.info_type_id",
                                                                "mi.info",
                                                                "mi.note"
                                                            ],
                                                            "Filter": "(mi.info_type_id = 16)",
                                                            "Rows Removed by Filter": 2949750,
                                                            "Workers": [
                                                                {
                                                                    "Worker Number": 0,
                                                                    "Actual Startup Time": 116.386,
                                                                    "Actual Total Time": 500.088,
                                                                    "Actual Rows": 735254,
                                                                    "Actual Loops": 1
                                                                },
                                                                {
                                                                    "Worker Number": 1,
                                                                    "Actual Startup Time": 116.375,
                                                                    "Actual Total Time": 499.037,
                                                                    "Actual Rows": 758014,
                                                                    "Actual Loops": 1
                                                                },
                                                                {
                                                                    "Worker Number": 2,
                                                                    "Actual Startup Time": 116.373,
                                                                    "Actual Total Time": 499.599,
                                                                    "Actual Rows": 762927,
                                                                    "Actual Loops": 1
                                                                }
                                                            ]
                                                        },
                                                        {
                                                            "Node Type": "Hash",
                                                            "Parent Relationship": "Inner",
                                                            "Parallel Aware": true,
                                                            "Startup Cost": 43899.01,
                                                            "Total Cost": 43899.01,
                                                            "Plan Rows": 248871,
                                                            "Plan Width": 4,
                                                            "Actual Startup Time": 220.994,
                                                            "Actual Total Time": 220.995,
                                                            "Actual Rows": 246262,
                                                            "Actual Loops": 4,
                                                            "Output": [
                                                                "t.id"
                                                            ],
                                                            "Hash Buckets": 1048576,
                                                            "Original Hash Buckets": 1048576,
                                                            "Hash Batches": 1,
                                                            "Original Hash Batches": 1,
                                                            "Peak Memory Usage": 46784,
                                                            "Workers": [
                                                                {
                                                                    "Worker Number": 0,
                                                                    "Actual Startup Time": 223.071,
                                                                    "Actual Total Time": 223.071,
                                                                    "Actual Rows": 236985,
                                                                    "Actual Loops": 1
                                                                },
                                                                {
                                                                    "Worker Number": 1,
                                                                    "Actual Startup Time": 223.042,
                                                                    "Actual Total Time": 223.044,
                                                                    "Actual Rows": 237848,
                                                                    "Actual Loops": 1
                                                                },
                                                                {
                                                                    "Worker Number": 2,
                                                                    "Actual Startup Time": 223.036,
                                                                    "Actual Total Time": 223.037,
                                                                    "Actual Rows": 236054,
                                                                    "Actual Loops": 1
                                                                }
                                                            ],
                                                            "Plans": [
                                                                {
                                                                    "Node Type": "Seq Scan",
                                                                    "Parent Relationship": "Outer",
                                                                    "Parallel Aware": true,
                                                                    "Relation Name": "title",
                                                                    "Schema": "public",
                                                                    "Alias": "t",
                                                                    "Startup Cost": 0.0,
                                                                    "Total Cost": 43899.01,
                                                                    "Plan Rows": 248871,
                                                                    "Plan Width": 4,
                                                                    "Actual Startup Time": 0.037,
                                                                    "Actual Total Time": 120.338,
                                                                    "Actual Rows": 246262,
                                                                    "Actual Loops": 4,
                                                                    "Output": [
                                                                        "t.id"
                                                                    ],
                                                                    "Filter": "(t.kind_id < 7)",
                                                                    "Rows Removed by Filter": 385816,
                                                                    "Workers": [
                                                                        {
                                                                            "Worker Number": 0,
                                                                            "Actual Startup Time": 0.049,
                                                                            "Actual Total Time": 122.314,
                                                                            "Actual Rows": 236985,
                                                                            "Actual Loops": 1
                                                                        },
                                                                        {
                                                                            "Worker Number": 1,
                                                                            "Actual Startup Time": 0.032,
                                                                            "Actual Total Time": 121.723,
                                                                            "Actual Rows": 237848,
                                                                            "Actual Loops": 1
                                                                        },
                                                                        {
                                                                            "Worker Number": 2,
                                                                            "Actual Startup Time": 0.05,
                                                                            "Actual Total Time": 121.053,
                                                                            "Actual Rows": 236054,
                                                                            "Actual Loops": 1
                                                                        }
                                                                    ]
                                                                }
                                                            ]
                                                        }
                                                    ]
                                                }
                                            ]
                                        }
                                    ]
                                }
                            ]
                        }
                    ]
                }
            ]
        },
        "Planning Time": 1878.883,
        "Triggers": [],
        "Execution Time": 2367.757
    }
]