[
  {
    "Plan": {
      "Node Type": "Aggregate",
      "Strategy": "Plain",
      "Partial Mode": "Finalize",
      "Parallel Aware": false,
      "Startup Cost": 96684.0,
      "Total Cost": 96684.01,
      "Plan Rows": 1,
      "Plan Width": 8,
      "Actual Startup Time": 995.811,
      "Actual Total Time": 1082.706,
      "Actual Rows": 1,
      "Actual Loops": 1,
      "Plans": [
        {
          "Node Type": "Gather",
          "Parent Relationship": "Outer",
          "Parallel Aware": false,
          "Startup Cost": 96683.58,
          "Total Cost": 96683.99,
          "Plan Rows": 4,
          "Plan Width": 8,
          "Actual Startup Time": 995.294,
          "Actual Total Time": 1082.696,
          "Actual Rows": 5,
          "Actual Loops": 1,
          "Workers Planned": 4,
          "Workers Launched": 4,
          "Single Copy": false,
          "Plans": [
            {
              "Node Type": "Aggregate",
              "Strategy": "Plain",
              "Partial Mode": "Partial",
              "Parent Relationship": "Outer",
              "Parallel Aware": false,
              "Startup Cost": 95683.58,
              "Total Cost": 95683.59,
              "Plan Rows": 1,
              "Plan Width": 8,
              "Actual Startup Time": 985.282,
              "Actual Total Time": 985.286,
              "Actual Rows": 1,
              "Actual Loops": 5,
              "Plans": [
                {
                  "Node Type": "Nested Loop",
                  "Parent Relationship": "Outer",
                  "Parallel Aware": false,
                  "Join Type": "Inner",
                  "Startup Cost": 21664.19,
                  "Total Cost": 95224.51,
                  "Plan Rows": 183627,
                  "Plan Width": 0,
                  "Actual Startup Time": 137.995,
                  "Actual Total Time": 959.204,
                  "Actual Rows": 496218,
                  "Actual Loops": 5,
                  "Inner Unique": false,
                  "Plans": [
                    {
                      "Node Type": "Hash Join",
                      "Parent Relationship": "Outer",
                      "Parallel Aware": true,
                      "Join Type": "Inner",
                      "Startup Cost": 21663.62,
                      "Total Cost": 67184.06,
                      "Plan Rows": 12815,
                      "Plan Width": 8,
                      "Actual Startup Time": 137.88,
                      "Actual Total Time": 199.956,
                      "Actual Rows": 19104,
                      "Actual Loops": 5,
                      "Inner Unique": false,
                      "Hash Cond": "(t.id = mc.movie_id)",
                      "Plans": [
                        {
                          "Node Type": "Seq Scan",
                          "Parent Relationship": "Outer",
                          "Parallel Aware": true,
                          "Relation Name": "title",
                          "Alias": "t",
                          "Startup Cost": 0.0,
                          "Total Cost": 42318.73,
                          "Plan Rows": 632073,
                          "Plan Width": 4,
                          "Actual Startup Time": 0.015,
                          "Actual Total Time": 68.846,
                          "Actual Rows": 505662,
                          "Actual Loops": 5
                        },
                        {
                          "Node Type": "Hash",
                          "Parent Relationship": "Inner",
                          "Parallel Aware": true,
                          "Startup Cost": 21456.94,
                          "Total Cost": 21456.94,
                          "Plan Rows": 16535,
                          "Plan Width": 4,
                          "Actual Startup Time": 39.11,
                          "Actual Total Time": 39.111,
                          "Actual Rows": 19104,
                          "Actual Loops": 5,
                          "Hash Buckets": 131072,
                          "Original Hash Buckets": 65536,
                          "Hash Batches": 1,
                          "Original Hash Batches": 1,
                          "Peak Memory Usage": 5344,
                          "Plans": [
                            {
                              "Node Type": "Bitmap Heap Scan",
                              "Parent Relationship": "Outer",
                              "Parallel Aware": true,
                              "Relation Name": "movie_companies",
                              "Alias": "mc",
                              "Startup Cost": 2178.43,
                              "Total Cost": 21456.94,
                              "Plan Rows": 16535,
                              "Plan Width": 4,
                              "Actual Startup Time": 6.869,
                              "Actual Total Time": 25.696,
                              "Actual Rows": 19104,
                              "Actual Loops": 5,
                              "Recheck Cond": "(company_id > 160258)",
                              "Rows Removed by Index Recheck": 0,
                              "Filter": "(company_type_id > 1)",
                              "Rows Removed by Filter": 0,
                              "Exact Heap Blocks": 1281,
                              "Lossy Heap Blocks": 0,
                              "Plans": [
                                {
                                  "Node Type": "Bitmap Index Scan",
                                  "Parent Relationship": "Outer",
                                  "Parallel Aware": false,
                                  "Index Name": "company_id_movie_companies",
                                  "Startup Cost": 0.0,
                                  "Total Cost": 2165.61,
                                  "Plan Rows": 100958,
                                  "Plan Width": 0,
                                  "Actual Startup Time": 11.59,
                                  "Actual Total Time": 11.591,
                                  "Actual Rows": 95519,
                                  "Actual Loops": 1,
                                  "Index Cond": "(company_id > 160258)"
                                }
                              ]
                            }
                          ]
                        }
                      ]
                    },
                    {
                      "Node Type": "Index Only Scan",
                      "Parent Relationship": "Inner",
                      "Parallel Aware": false,
                      "Scan Direction": "Forward",
                      "Index Name": "movie_id_cast_info",
                      "Relation Name": "cast_info",
                      "Alias": "ci",
                      "Startup Cost": 0.56,
                      "Total Cost": 1.82,
                      "Plan Rows": 37,
                      "Plan Width": 4,
                      "Actual Startup Time": 0.006,
                      "Actual Total Time": 0.038,
                      "Actual Rows": 26,
                      "Actual Loops": 95519,
                      "Index Cond": "(movie_id = t.id)",
                      "Rows Removed by Index Recheck": 0,
                      "Heap Fetches": 2481092
                    }
                  ]
                }
              ]
            }
          ]
        }
      ]
    },
    "Planning Time": 1.424,
    "Triggers": [],
    "Execution Time": 1082.837
  }
]