{
  "Plan": {
    "Node Type": "Aggregate",
    "Strategy": "Plain",
    "Partial Mode": "Simple",
    "Parallel Aware": false,
    "Startup Cost": 3773084.66,
    "Total Cost": 3773084.67,
    "Plan Rows": 1,
    "Plan Width": 64,
    "Actual Startup Time": 137023.202,
    "Actual Total Time": 137043.004,
    "Actual Rows": 1,
    "Actual Loops": 1,
    "Plans": [
      {
        "Node Type": "Nested Loop",
        "Parent Relationship": "Outer",
        "Parallel Aware": false,
        "Join Type": "Inner",
        "Startup Cost": 3680302.89,
        "Total Cost": 3773084.49,
        "Plan Rows": 34,
        "Plan Width": 15,
        "Actual Startup Time": 125413.631,
        "Actual Total Time": 137034.19,
        "Actual Rows": 52306,
        "Actual Loops": 1,
        "Inner Unique": true,
        "Plans": [
          {
            "Node Type": "Hash Join",
            "Parent Relationship": "Outer",
            "Parallel Aware": false,
            "Join Type": "Inner",
            "Startup Cost": 3680302.46,
            "Total Cost": 3773069.11,
            "Plan Rows": 34,
            "Plan Width": 27,
            "Actual Startup Time": 125413.225,
            "Actual Total Time": 136714.944,
            "Actual Rows": 52306,
            "Actual Loops": 1,
            "Inner Unique": true,
            "Hash Cond": "(mk.keyword_id = k.id)",
            "Plans": [
              {
                "Node Type": "Merge Join",
                "Parent Relationship": "Outer",
                "Parallel Aware": false,
                "Join Type": "Inner",
                "Startup Cost": 3677676.33,
                "Total Cost": 3758377.6,
                "Plan Rows": 4596187,
                "Plan Width": 31,
                "Actual Startup Time": 125384.932,
                "Actual Total Time": 135318.794,
                "Actual Rows": 23379521,
                "Actual Loops": 1,
                "Inner Unique": false,
                "Merge Cond": "(cn.id = mc.company_id)",
                "Plans": [
                  {
                    "Node Type": "Index Only Scan",
                    "Parent Relationship": "Outer",
                    "Parallel Aware": false,
                    "Scan Direction": "Forward",
                    "Index Name": "company_name_pkey",
                    "Relation Name": "company_name",
                    "Alias": "cn",
                    "Startup Cost": 0.42,
                    "Total Cost": 11881.93,
                    "Plan Rows": 234997,
                    "Plan Width": 4,
                    "Actual Startup Time": 0.045,
                    "Actual Total Time": 291.484,
                    "Actual Rows": 234980,
                    "Actual Loops": 1,
                    "Heap Fetches": 234980
                  },
                  {
                    "Node Type": "Sort",
                    "Parent Relationship": "Inner",
                    "Parallel Aware": false,
                    "Startup Cost": 3676973.22,
                    "Total Cost": 3688463.69,
                    "Plan Rows": 4596187,
                    "Plan Width": 35,
                    "Actual Startup Time": 125384.844,
                    "Actual Total Time": 130977.658,
                    "Actual Rows": 23379521,
                    "Actual Loops": 1,
                    "Sort Key": [
                      "mc.company_id"
                    ],
                    "Sort Method": "quicksort",
                    "Sort Space Used": 2613934,
                    "Sort Space Type": "Memory",
                    "Plans": [
                      {
                        "Node Type": "Gather",
                        "Parent Relationship": "Outer",
                        "Parallel Aware": false,
                        "Startup Cost": 1671053.99,
                        "Total Cost": 3168359.03,
                        "Plan Rows": 4596187,
                        "Plan Width": 35,
                        "Actual Startup Time": 5858.515,
                        "Actual Total Time": 112700.624,
                        "Actual Rows": 23379521,
                        "Actual Loops": 1,
                        "Workers Planned": 6,
                        "Workers Launched": 6,
                        "Single Copy": false,
                        "Plans": [
                          {
                            "Node Type": "Hash Join",
                            "Parent Relationship": "Outer",
                            "Parallel Aware": true,
                            "Join Type": "Inner",
                            "Startup Cost": 1670053.99,
                            "Total Cost": 2707740.33,
                            "Plan Rows": 766031,
                            "Plan Width": 35,
                            "Actual Startup Time": 5983.855,
                            "Actual Total Time": 88410.889,
                            "Actual Rows": 3339932,
                            "Actual Loops": 7,
                            "Inner Unique": true,
                            "Hash Cond": "(ci.person_id = n.id)",
                            "Plans": [
                              {
                                "Node Type": "Hash Join",
                                "Parent Relationship": "Outer",
                                "Parallel Aware": true,
                                "Join Type": "Inner",
                                "Startup Cost": 1601286.39,
                                "Total Cost": 2439901.5,
                                "Plan Rows": 75836581,
                                "Plan Width": 24,
                                "Actual Startup Time": 5735.839,
                                "Actual Total Time": 60253.425,
                                "Actual Rows": 443050078,
                                "Actual Loops": 7,
                                "Inner Unique": false,
                                "Hash Cond": "(ci.movie_id = mc.movie_id)",
                                "Plans": [
                                  {
                                    "Node Type": "Merge Join",
                                    "Parent Relationship": "Outer",
                                    "Parallel Aware": false,
                                    "Join Type": "Inner",
                                    "Startup Cost": 1563559.16,
                                    "Total Cost": 2016596.59,
                                    "Plan Rows": 28188682,
                                    "Plan Width": 16,
                                    "Actual Startup Time": 5458.377,
                                    "Actual Total Time": 12244.5,
                                    "Actual Rows": 30823640,
                                    "Actual Loops": 7,
                                    "Inner Unique": false,
                                    "Merge Cond": "(ci.movie_id = mk.movie_id)",
                                    "Plans": [
                                      {
                                        "Node Type": "Sort",
                                        "Parent Relationship": "Outer",
                                        "Parallel Aware": false,
                                        "Startup Cost": 993761.51,
                                        "Total Cost": 1008868.93,
                                        "Plan Rows": 6042971,
                                        "Plan Width": 8,
                                        "Actual Startup Time": 3542.42,
                                        "Actual Total Time": 4633.918,
                                        "Actual Rows": 5177762,
                                        "Actual Loops": 7,
                                        "Sort Key": [
                                          "ci.movie_id"
                                        ],
                                        "Sort Method": "quicksort",
                                        "Sort Space Used": 423118,
                                        "Sort Space Type": "Memory",
                                        "Workers": [
                                          {
                                            "Worker Number": 0,
                                            "Sort Method": "quicksort",
                                            "Sort Space Used": 416483,
                                            "Sort Space Type": "Memory"
                                          },
                                          {
                                            "Worker Number": 1,
                                            "Sort Method": "quicksort",
                                            "Sort Space Used": 423238,
                                            "Sort Space Type": "Memory"
                                          },
                                          {
                                            "Worker Number": 2,
                                            "Sort Method": "quicksort",
                                            "Sort Space Used": 406132,
                                            "Sort Space Type": "Memory"
                                          },
                                          {
                                            "Worker Number": 3,
                                            "Sort Method": "quicksort",
                                            "Sort Space Used": 486718,
                                            "Sort Space Type": "Memory"
                                          },
                                          {
                                            "Worker Number": 4,
                                            "Sort Method": "quicksort",
                                            "Sort Space Used": 428217,
                                            "Sort Space Type": "Memory"
                                          },
                                          {
                                            "Worker Number": 5,
                                            "Sort Method": "quicksort",
                                            "Sort Space Used": 491306,
                                            "Sort Space Type": "Memory"
                                          }
                                        ],
                                        "Plans": [
                                          {
                                            "Node Type": "Seq Scan",
                                            "Parent Relationship": "Outer",
                                            "Parallel Aware": true,
                                            "Relation Name": "cast_info",
                                            "Alias": "ci",
                                            "Startup Cost": 0.0,
                                            "Total Cost": 313116.71,
                                            "Plan Rows": 6042971,
                                            "Plan Width": 8,
                                            "Actual Startup Time": 0.032,
                                            "Actual Total Time": 1242.966,
                                            "Actual Rows": 5177763,
                                            "Actual Loops": 7
                                          }
                                        ]
                                      },
                                      {
                                        "Node Type": "Sort",
                                        "Parent Relationship": "Inner",
                                        "Parallel Aware": false,
                                        "Startup Cost": 569794.43,
                                        "Total Cost": 581104.25,
                                        "Plan Rows": 4523930,
                                        "Plan Width": 8,
                                        "Actual Startup Time": 1915.931,
                                        "Actual Total Time": 3297.678,
                                        "Actual Rows": 31344819,
                                        "Actual Loops": 7,
                                        "Sort Key": [
                                          "mk.movie_id"
                                        ],
                                        "Sort Method": "quicksort",
                                        "Sort Space Used": 408668,
                                        "Sort Space Type": "Memory",
                                        "Workers": [
                                          {
                                            "Worker Number": 0,
                                            "Sort Method": "quicksort",
                                            "Sort Space Used": 408668,
                                            "Sort Space Type": "Memory"
                                          },
                                          {
                                            "Worker Number": 1,
                                            "Sort Method": "quicksort",
                                            "Sort Space Used": 408668,
                                            "Sort Space Type": "Memory"
                                          },
                                          {
                                            "Worker Number": 2,
                                            "Sort Method": "quicksort",
                                            "Sort Space Used": 408668,
                                            "Sort Space Type": "Memory"
                                          },
                                          {
                                            "Worker Number": 3,
                                            "Sort Method": "quicksort",
                                            "Sort Space Used": 408668,
                                            "Sort Space Type": "Memory"
                                          },
                                          {
                                            "Worker Number": 4,
                                            "Sort Method": "quicksort",
                                            "Sort Space Used": 408668,
                                            "Sort Space Type": "Memory"
                                          },
                                          {
                                            "Worker Number": 5,
                                            "Sort Method": "quicksort",
                                            "Sort Space Used": 408668,
                                            "Sort Space Type": "Memory"
                                          }
                                        ],
                                        "Plans": [
                                          {
                                            "Node Type": "Seq Scan",
                                            "Parent Relationship": "Outer",
                                            "Parallel Aware": false,
                                            "Relation Name": "movie_keyword",
                                            "Alias": "mk",
                                            "Startup Cost": 0.0,
                                            "Total Cost": 69693.3,
                                            "Plan Rows": 4523930,
                                            "Plan Width": 8,
                                            "Actual Startup Time": 0.101,
                                            "Actual Total Time": 520.897,
                                            "Actual Rows": 4523930,
                                            "Actual Loops": 7
                                          }
                                        ]
                                      }
                                    ]
                                  },
                                  {
                                    "Node Type": "Hash",
                                    "Parent Relationship": "Inner",
                                    "Parallel Aware": true,
                                    "Startup Cost": 27206.55,
                                    "Total Cost": 27206.55,
                                    "Plan Rows": 841655,
                                    "Plan Width": 8,
                                    "Actual Startup Time": 273.25,
                                    "Actual Total Time": 273.251,
                                    "Actual Rows": 372733,
                                    "Actual Loops": 7,
                                    "Hash Buckets": 4194304,
                                    "Original Hash Buckets": 4194304,
                                    "Hash Batches": 1,
                                    "Original Hash Batches": 1,
                                    "Peak Memory Usage": 134944,
                                    "Plans": [
                                      {
                                        "Node Type": "Seq Scan",
                                        "Parent Relationship": "Outer",
                                        "Parallel Aware": true,
                                        "Relation Name": "movie_companies",
                                        "Alias": "mc",
                                        "Startup Cost": 0.0,
                                        "Total Cost": 27206.55,
                                        "Plan Rows": 841655,
                                        "Plan Width": 8,
                                        "Actual Startup Time": 0.072,
                                        "Actual Total Time": 80.169,
                                        "Actual Rows": 372733,
                                        "Actual Loops": 7
                                      }
                                    ]
                                  }
                                ]
                              },
                              {
                                "Node Type": "Hash",
                                "Parent Relationship": "Inner",
                                "Parallel Aware": true,
                                "Startup Cost": 68636.05,
                                "Total Cost": 68636.05,
                                "Plan Rows": 10524,
                                "Plan Width": 19,
                                "Actual Startup Time": 243.918,
                                "Actual Total Time": 243.919,
                                "Actual Rows": 5168,
                                "Actual Loops": 7,
                                "Hash Buckets": 65536,
                                "Original Hash Buckets": 65536,
                                "Hash Batches": 1,
                                "Original Hash Batches": 1,
                                "Peak Memory Usage": 2592,
                                "Plans": [
                                  {
                                    "Node Type": "Seq Scan",
                                    "Parent Relationship": "Outer",
                                    "Parallel Aware": true,
                                    "Relation Name": "name",
                                    "Alias": "n",
                                    "Startup Cost": 0.0,
                                    "Total Cost": 68636.05,
                                    "Plan Rows": 10524,
                                    "Plan Width": 19,
                                    "Actual Startup Time": 116.321,
                                    "Actual Total Time": 239.587,
                                    "Actual Rows": 5168,
                                    "Actual Loops": 7,
                                    "Filter": "(name ~~ 'Z%'::text)",
                                    "Rows Removed by Filter": 590188
                                  }
                                ]
                              }
                            ]
                          }
                        ]
                      }
                    ]
                  }
                ]
              },
              {
                "Node Type": "Hash",
                "Parent Relationship": "Inner",
                "Parallel Aware": false,
                "Startup Cost": 2626.12,
                "Total Cost": 2626.12,
                "Plan Rows": 1,
                "Plan Width": 4,
                "Actual Startup Time": 28.099,
                "Actual Total Time": 28.1,
                "Actual Rows": 1,
                "Actual Loops": 1,
                "Hash Buckets": 1024,
                "Original Hash Buckets": 1024,
                "Hash Batches": 1,
                "Original Hash Batches": 1,
                "Peak Memory Usage": 9,
                "Plans": [
                  {
                    "Node Type": "Seq Scan",
                    "Parent Relationship": "Outer",
                    "Parallel Aware": false,
                    "Relation Name": "keyword",
                    "Alias": "k",
                    "Startup Cost": 0.0,
                    "Total Cost": 2626.12,
                    "Plan Rows": 1,
                    "Plan Width": 4,
                    "Actual Startup Time": 1.86,
                    "Actual Total Time": 28.085,
                    "Actual Rows": 1,
                    "Actual Loops": 1,
                    "Filter": "(keyword = 'character-name-in-title'::text)",
                    "Rows Removed by Filter": 134169
                  }
                ]
              }
            ]
          },
          {
            "Node Type": "Index Only Scan",
            "Parent Relationship": "Inner",
            "Parallel Aware": false,
            "Scan Direction": "Forward",
            "Index Name": "title_pkey",
            "Relation Name": "title",
            "Alias": "t",
            "Startup Cost": 0.43,
            "Total Cost": 0.45,
            "Plan Rows": 1,
            "Plan Width": 4,
            "Actual Startup Time": 0.006,
            "Actual Total Time": 0.006,
            "Actual Rows": 1,
            "Actual Loops": 52306,
            "Index Cond": "(id = ci.movie_id)",
            "Rows Removed by Index Recheck": 0,
            "Heap Fetches": 52306
          }
        ]
      }
    ]
  },
  "Planning Time": 13.385,
  "Triggers": [],
  "Execution Time": 137297.171
}