[
  {
    "Plan": {
      "Node Type": "Aggregate",
      "Strategy": "Plain",
      "Partial Mode": "Finalize",
      "Parallel Aware": false,
      "Startup Cost": 93123.06,
      "Total Cost": 93123.07,
      "Plan Rows": 1,
      "Plan Width": 8,
      "Actual Startup Time": 135.97,
      "Actual Total Time": 159.574,
      "Actual Rows": 1,
      "Actual Loops": 1,
      "Plans": [
        {
          "Node Type": "Gather",
          "Parent Relationship": "Outer",
          "Parallel Aware": false,
          "Startup Cost": 93122.64,
          "Total Cost": 93123.05,
          "Plan Rows": 4,
          "Plan Width": 8,
          "Actual Startup Time": 135.856,
          "Actual Total Time": 159.566,
          "Actual Rows": 5,
          "Actual Loops": 1,
          "Workers Planned": 4,
          "Workers Launched": 4,
          "Single Copy": false,
          "Plans": [
            {
              "Node Type": "Aggregate",
              "Strategy": "Plain",
              "Partial Mode": "Partial",
              "Parent Relationship": "Outer",
              "Parallel Aware": false,
              "Startup Cost": 92122.64,
              "Total Cost": 92122.65,
              "Plan Rows": 1,
              "Plan Width": 8,
              "Actual Startup Time": 126.579,
              "Actual Total Time": 126.58,
              "Actual Rows": 1,
              "Actual Loops": 5,
              "Plans": [
                {
                  "Node Type": "Nested Loop",
                  "Parent Relationship": "Outer",
                  "Parallel Aware": false,
                  "Join Type": "Inner",
                  "Startup Cost": 0.56,
                  "Total Cost": 92110.75,
                  "Plan Rows": 4754,
                  "Plan Width": 0,
                  "Actual Startup Time": 59.229,
                  "Actual Total Time": 125.624,
                  "Actual Rows": 9901,
                  "Actual Loops": 5,
                  "Inner Unique": false,
                  "Plans": [
                    {
                      "Node Type": "Seq Scan",
                      "Parent Relationship": "Outer",
                      "Parallel Aware": true,
                      "Relation Name": "title",
                      "Alias": "t",
                      "Startup Cost": 0.0,
                      "Total Cost": 45479.1,
                      "Plan Rows": 332,
                      "Plan Width": 4,
                      "Actual Startup Time": 59.117,
                      "Actual Total Time": 79.983,
                      "Actual Rows": 493,
                      "Actual Loops": 5,
                      "Filter": "((kind_id = 1) AND (production_year = 1951))",
                      "Rows Removed by Filter": 505169
                    },
                    {
                      "Node Type": "Index Only Scan",
                      "Parent Relationship": "Inner",
                      "Parallel Aware": false,
                      "Scan Direction": "Forward",
                      "Index Name": "movie_id_cast_info",
                      "Relation Name": "cast_info",
                      "Alias": "ci",
                      "Startup Cost": 0.56,
                      "Total Cost": 140.09,
                      "Plan Rows": 37,
                      "Plan Width": 4,
                      "Actual Startup Time": 0.014,
                      "Actual Total Time": 0.09,
                      "Actual Rows": 20,
                      "Actual Loops": 2465,
                      "Index Cond": "(movie_id = t.id)",
                      "Rows Removed by Index Recheck": 0,
                      "Heap Fetches": 49505
                    }
                  ]
                }
              ]
            }
          ]
        }
      ]
    },
    "Planning Time": 0.596,
    "Triggers": [],
    "Execution Time": 159.646
  }
]