{
    "Plan": {
        "Node Type": "Aggregate",
        "Strategy": "Plain",
        "Partial Mode": "Finalize",
        "Parallel Aware": false,
        "Startup Cost": 105110.08,
        "Total Cost": 105110.09,
        "Plan Rows": 1,
        "Plan Width": 8,
        "Actual Startup Time": 623.643,
        "Actual Total Time": 640.445,
        "Actual Rows": 1,
        "Actual Loops": 1,
        "Output": [
            "count(*)"
        ],
        "Plans": [
            {
                "Node Type": "Gather",
                "Parent Relationship": "Outer",
                "Parallel Aware": false,
                "Startup Cost": 105109.86,
                "Total Cost": 105110.07,
                "Plan Rows": 2,
                "Plan Width": 8,
                "Actual Startup Time": 616.882,
                "Actual Total Time": 640.434,
                "Actual Rows": 3,
                "Actual Loops": 1,
                "Output": [
                    "(PARTIAL count(*))"
                ],
                "Workers Planned": 2,
                "Workers Launched": 2,
                "Single Copy": false,
                "Plans": [
                    {
                        "Node Type": "Aggregate",
                        "Strategy": "Plain",
                        "Partial Mode": "Partial",
                        "Parent Relationship": "Outer",
                        "Parallel Aware": false,
                        "Startup Cost": 104109.86,
                        "Total Cost": 104109.87,
                        "Plan Rows": 1,
                        "Plan Width": 8,
                        "Actual Startup Time": 606.926,
                        "Actual Total Time": 606.931,
                        "Actual Rows": 1,
                        "Actual Loops": 3,
                        "Output": [
                            "PARTIAL count(*)"
                        ],
                        "Workers": [
                            {
                                "Worker Number": 0,
                                "Actual Startup Time": 603.029,
                                "Actual Total Time": 603.033,
                                "Actual Rows": 1,
                                "Actual Loops": 1
                            },
                            {
                                "Worker Number": 1,
                                "Actual Startup Time": 602.06,
                                "Actual Total Time": 602.065,
                                "Actual Rows": 1,
                                "Actual Loops": 1
                            }
                        ],
                        "Plans": [
                            {
                                "Node Type": "Hash Join",
                                "Parent Relationship": "Outer",
                                "Parallel Aware": true,
                                "Join Type": "Inner",
                                "Startup Cost": 89899.71,
                                "Total Cost": 103640.6,
                                "Plan Rows": 187706,
                                "Plan Width": 0,
                                "Actual Startup Time": 455.996,
                                "Actual Total Time": 601.283,
                                "Actual Rows": 83433,
                                "Actual Loops": 3,
                                "Inner Unique": true,
                                "Hash Cond": "(mi_idx.movie_id = t.id)",
                                "Workers": [
                                    {
                                        "Worker Number": 0,
                                        "Actual Startup Time": 451.43,
                                        "Actual Total Time": 597.364,
                                        "Actual Rows": 85886,
                                        "Actual Loops": 1
                                    },
                                    {
                                        "Worker Number": 1,
                                        "Actual Startup Time": 451.493,
                                        "Actual Total Time": 596.246,
                                        "Actual Rows": 71516,
                                        "Actual Loops": 1
                                    }
                                ],
                                "Plans": [
                                    {
                                        "Node Type": "Bitmap Heap Scan",
                                        "Parent Relationship": "Outer",
                                        "Parallel Aware": true,
                                        "Relation Name": "movie_info_idx",
                                        "Schema": "public",
                                        "Alias": "mi_idx",
                                        "Startup Cost": 16660.23,
                                        "Total Cost": 29393.49,
                                        "Plan Rows": 383860,
                                        "Plan Width": 4,
                                        "Actual Startup Time": 51.053,
                                        "Actual Total Time": 102.657,
                                        "Actual Rows": 306617,
                                        "Actual Loops": 3,
                                        "Output": [
                                            "mi_idx.id",
                                            "mi_idx.movie_id",
                                            "mi_idx.info_type_id",
                                            "mi_idx.info",
                                            "mi_idx.note"
                                        ],
                                        "Recheck Cond": "(mi_idx.info_type_id < 101)",
                                        "Rows Removed by Index Recheck": 0,
                                        "Exact Heap Blocks": 3235,
                                        "Lossy Heap Blocks": 0,
                                        "Workers": [
                                            {
                                                "Worker Number": 0,
                                                "Actual Startup Time": 50.932,
                                                "Actual Total Time": 102.733,
                                                "Actual Rows": 282691,
                                                "Actual Loops": 1
                                            },
                                            {
                                                "Worker Number": 1,
                                                "Actual Startup Time": 51.157,
                                                "Actual Total Time": 102.826,
                                                "Actual Rows": 262076,
                                                "Actual Loops": 1
                                            }
                                        ],
                                        "Plans": [
                                            {
                                                "Node Type": "Bitmap Index Scan",
                                                "Parent Relationship": "Outer",
                                                "Parallel Aware": false,
                                                "Index Name": "info_type_id_movie_info_idx",
                                                "Startup Cost": 0.0,
                                                "Total Cost": 16429.92,
                                                "Plan Rows": 921265,
                                                "Plan Width": 0,
                                                "Actual Startup Time": 49.171,
                                                "Actual Total Time": 49.171,
                                                "Actual Rows": 919850,
                                                "Actual Loops": 1,
                                                "Index Cond": "(mi_idx.info_type_id < 101)",
                                                "Workers": [
                                                    {
                                                        "Worker Number": 0,
                                                        "Actual Startup Time": 49.171,
                                                        "Actual Total Time": 49.171,
                                                        "Actual Rows": 919850,
                                                        "Actual Loops": 1
                                                    }
                                                ]
                                            }
                                        ]
                                    },
                                    {
                                        "Node Type": "Hash",
                                        "Parent Relationship": "Inner",
                                        "Parallel Aware": true,
                                        "Startup Cost": 69375.93,
                                        "Total Cost": 69375.93,
                                        "Plan Rows": 309084,
                                        "Plan Width": 4,
                                        "Actual Startup Time": 396.445,
                                        "Actual Total Time": 396.446,
                                        "Actual Rows": 444327,
                                        "Actual Loops": 3,
                                        "Output": [
                                            "t.id"
                                        ],
                                        "Hash Buckets": 2097152,
                                        "Original Hash Buckets": 2097152,
                                        "Hash Batches": 1,
                                        "Original Hash Batches": 1,
                                        "Peak Memory Usage": 68608,
                                        "Workers": [
                                            {
                                                "Worker Number": 0,
                                                "Actual Startup Time": 400.147,
                                                "Actual Total Time": 400.149,
                                                "Actual Rows": 373162,
                                                "Actual Loops": 1
                                            },
                                            {
                                                "Worker Number": 1,
                                                "Actual Startup Time": 399.983,
                                                "Actual Total Time": 399.985,
                                                "Actual Rows": 372420,
                                                "Actual Loops": 1
                                            }
                                        ],
                                        "Plans": [
                                            {
                                                "Node Type": "Bitmap Heap Scan",
                                                "Parent Relationship": "Outer",
                                                "Parallel Aware": true,
                                                "Relation Name": "title",
                                                "Schema": "public",
                                                "Alias": "t",
                                                "Startup Cost": 27629.79,
                                                "Total Cost": 69375.93,
                                                "Plan Rows": 309084,
                                                "Plan Width": 4,
                                                "Actual Startup Time": 60.35,
                                                "Actual Total Time": 220.563,
                                                "Actual Rows": 444327,
                                                "Actual Loops": 3,
                                                "Output": [
                                                    "t.id"
                                                ],
                                                "Recheck Cond": "(t.kind_id = 7)",
                                                "Rows Removed by Index Recheck": 0,
                                                "Filter": "(t.production_year > 1972)",
                                                "Rows Removed by Filter": 70094,
                                                "Exact Heap Blocks": 10855,
                                                "Lossy Heap Blocks": 0,
                                                "Workers": [
                                                    {
                                                        "Worker Number": 0,
                                                        "Actual Startup Time": 60.301,
                                                        "Actual Total Time": 224.691,
                                                        "Actual Rows": 373162,
                                                        "Actual Loops": 1
                                                    },
                                                    {
                                                        "Worker Number": 1,
                                                        "Actual Startup Time": 60.513,
                                                        "Actual Total Time": 224.306,
                                                        "Actual Rows": 372420,
                                                        "Actual Loops": 1
                                                    }
                                                ],
                                                "Plans": [
                                                    {
                                                        "Node Type": "Bitmap Index Scan",
                                                        "Parent Relationship": "Outer",
                                                        "Parallel Aware": false,
                                                        "Index Name": "kind_id_title",
                                                        "Startup Cost": 0.0,
                                                        "Total Cost": 27320.71,
                                                        "Plan Rows": 1532837,
                                                        "Plan Width": 0,
                                                        "Actual Startup Time": 56.622,
                                                        "Actual Total Time": 56.622,
                                                        "Actual Rows": 1543264,
                                                        "Actual Loops": 1,
                                                        "Index Cond": "(t.kind_id = 7)"
                                                    }
                                                ]
                                            }
                                        ]
                                    }
                                ]
                            }
                        ]
                    }
                ]
            }
        ]
    },
    "Planning Time": 2.738,
    "Triggers": [],
    "Execution Time": 640.984
}