[
  {
    "Plan": {
      "Node Type": "Aggregate",
      "Strategy": "Plain",
      "Partial Mode": "Finalize",
      "Parallel Aware": false,
      "Startup Cost": 121886.41,
      "Total Cost": 121886.42,
      "Plan Rows": 1,
      "Plan Width": 8,
      "Actual Startup Time": 423.3,
      "Actual Total Time": 442.382,
      "Actual Rows": 1,
      "Actual Loops": 1,
      "Plans": [
        {
          "Node Type": "Gather",
          "Parent Relationship": "Outer",
          "Parallel Aware": false,
          "Startup Cost": 121886.09,
          "Total Cost": 121886.4,
          "Plan Rows": 3,
          "Plan Width": 8,
          "Actual Startup Time": 422.524,
          "Actual Total Time": 442.374,
          "Actual Rows": 4,
          "Actual Loops": 1,
          "Workers Planned": 3,
          "Workers Launched": 3,
          "Single Copy": false,
          "Plans": [
            {
              "Node Type": "Aggregate",
              "Strategy": "Plain",
              "Partial Mode": "Partial",
              "Parent Relationship": "Outer",
              "Parallel Aware": false,
              "Startup Cost": 120886.09,
              "Total Cost": 120886.1,
              "Plan Rows": 1,
              "Plan Width": 8,
              "Actual Startup Time": 412.533,
              "Actual Total Time": 412.602,
              "Actual Rows": 1,
              "Actual Loops": 4,
              "Plans": [
                {
                  "Node Type": "Hash Join",
                  "Parent Relationship": "Outer",
                  "Parallel Aware": true,
                  "Join Type": "Inner",
                  "Startup Cost": 75810.55,
                  "Total Cost": 120608.23,
                  "Plan Rows": 111144,
                  "Plan Width": 0,
                  "Actual Startup Time": 240.887,
                  "Actual Total Time": 409.11,
                  "Actual Rows": 83649,
                  "Actual Loops": 4,
                  "Inner Unique": false,
                  "Hash Cond": "(mk.movie_id = t.id)",
                  "Plans": [
                    {
                      "Node Type": "Seq Scan",
                      "Parent Relationship": "Outer",
                      "Parallel Aware": true,
                      "Relation Name": "movie_keyword",
                      "Alias": "mk",
                      "Startup Cost": 0.0,
                      "Total Cost": 39047.32,
                      "Plan Rows": 1459332,
                      "Plan Width": 4,
                      "Actual Startup Time": 0.031,
                      "Actual Total Time": 83.258,
                      "Actual Rows": 1130982,
                      "Actual Loops": 4
                    },
                    {
                      "Node Type": "Hash",
                      "Parent Relationship": "Inner",
                      "Parallel Aware": true,
                      "Startup Cost": 75208.81,
                      "Total Cost": 75208.81,
                      "Plan Rows": 48139,
                      "Plan Width": 8,
                      "Actual Startup Time": 238.797,
                      "Actual Total Time": 238.865,
                      "Actual Rows": 21758,
                      "Actual Loops": 4,
                      "Hash Buckets": 262144,
                      "Original Hash Buckets": 262144,
                      "Hash Batches": 1,
                      "Original Hash Batches": 1,
                      "Peak Memory Usage": 5504,
                      "Plans": [
                        {
                          "Node Type": "Hash Join",
                          "Parent Relationship": "Outer",
                          "Parallel Aware": true,
                          "Join Type": "Inner",
                          "Startup Cost": 29574.43,
                          "Total Cost": 75208.81,
                          "Plan Rows": 48139,
                          "Plan Width": 8,
                          "Actual Startup Time": 86.887,
                          "Actual Total Time": 231.363,
                          "Actual Rows": 21758,
                          "Actual Loops": 4,
                          "Inner Unique": false,
                          "Hash Cond": "(t.id = mc.movie_id)",
                          "Plans": [
                            {
                              "Node Type": "Seq Scan",
                              "Parent Relationship": "Outer",
                              "Parallel Aware": true,
                              "Relation Name": "title",
                              "Alias": "t",
                              "Startup Cost": 0.0,
                              "Total Cost": 42318.73,
                              "Plan Rows": 632073,
                              "Plan Width": 4,
                              "Actual Startup Time": 0.012,
                              "Actual Total Time": 69.431,
                              "Actual Rows": 632078,
                              "Actual Loops": 4
                            },
                            {
                              "Node Type": "Hash",
                              "Parent Relationship": "Inner",
                              "Parallel Aware": true,
                              "Startup Cost": 28797.99,
                              "Total Cost": 28797.99,
                              "Plan Rows": 62115,
                              "Plan Width": 4,
                              "Actual Startup Time": 85.747,
                              "Actual Total Time": 85.749,
                              "Actual Rows": 21758,
                              "Actual Loops": 4,
                              "Hash Buckets": 262144,
                              "Original Hash Buckets": 262144,
                              "Hash Batches": 1,
                              "Original Hash Batches": 1,
                              "Peak Memory Usage": 5504,
                              "Plans": [
                                {
                                  "Node Type": "Bitmap Heap Scan",
                                  "Parent Relationship": "Outer",
                                  "Parallel Aware": true,
                                  "Relation Name": "movie_companies",
                                  "Alias": "mc",
                                  "Startup Cost": 8172.92,
                                  "Total Cost": 28797.99,
                                  "Plan Rows": 62115,
                                  "Plan Width": 4,
                                  "Actual Startup Time": 67.676,
                                  "Actual Total Time": 79.813,
                                  "Actual Rows": 21758,
                                  "Actual Loops": 4,
                                  "Recheck Cond": "(company_id < 225)",
                                  "Rows Removed by Index Recheck": 0,
                                  "Filter": "(company_type_id > 1)",
                                  "Rows Removed by Filter": 72397,
                                  "Exact Heap Blocks": 10143,
                                  "Lossy Heap Blocks": 0,
                                  "Plans": [
                                    {
                                      "Node Type": "Bitmap Index Scan",
                                      "Parent Relationship": "Outer",
                                      "Parallel Aware": false,
                                      "Index Name": "company_id_movie_companies",
                                      "Startup Cost": 0.0,
                                      "Total Cost": 8124.78,
                                      "Plan Rows": 379247,
                                      "Plan Width": 0,
                                      "Actual Startup Time": 28.926,
                                      "Actual Total Time": 28.927,
                                      "Actual Rows": 376622,
                                      "Actual Loops": 1,
                                      "Index Cond": "(company_id < 225)"
                                    }
                                  ]
                                }
                              ]
                            }
                          ]
                        }
                      ]
                    }
                  ]
                }
              ]
            }
          ]
        }
      ]
    },
    "Planning Time": 1.499,
    "Triggers": [],
    "Execution Time": 442.488
  }
]