{
  "Plan": {
    "Node Type": "Aggregate",
    "Strategy": "Plain",
    "Partial Mode": "Finalize",
    "Parallel Aware": false,
    "Startup Cost": 97559.09,
    "Total Cost": 97559.1,
    "Plan Rows": 1,
    "Plan Width": 8,
    "Actual Startup Time": 335.689,
    "Actual Total Time": 351.349,
    "Actual Rows": 1,
    "Actual Loops": 1,
    "Plans": [
      {
        "Node Type": "Gather",
        "Parent Relationship": "Outer",
        "Parallel Aware": false,
        "Startup Cost": 97558.98,
        "Total Cost": 97559.09,
        "Plan Rows": 1,
        "Plan Width": 8,
        "Actual Startup Time": 335.464,
        "Actual Total Time": 351.34,
        "Actual Rows": 2,
        "Actual Loops": 1,
        "Workers Planned": 1,
        "Workers Launched": 1,
        "Single Copy": false,
        "Plans": [
          {
            "Node Type": "Aggregate",
            "Strategy": "Plain",
            "Partial Mode": "Partial",
            "Parent Relationship": "Outer",
            "Parallel Aware": false,
            "Startup Cost": 96558.98,
            "Total Cost": 96558.99,
            "Plan Rows": 1,
            "Plan Width": 8,
            "Actual Startup Time": 329.814,
            "Actual Total Time": 329.817,
            "Actual Rows": 1,
            "Actual Loops": 2,
            "Plans": [
              {
                "Node Type": "Hash Join",
                "Parent Relationship": "Outer",
                "Parallel Aware": true,
                "Join Type": "Inner",
                "Startup Cost": 58377.66,
                "Total Cost": 96544.29,
                "Plan Rows": 5878,
                "Plan Width": 0,
                "Actual Startup Time": 142.889,
                "Actual Total Time": 329.663,
                "Actual Rows": 3297,
                "Actual Loops": 2,
                "Inner Unique": true,
                "Hash Cond": "(mc.movie_id = t.id)",
                "Plans": [
                  {
                    "Node Type": "Seq Scan",
                    "Parent Relationship": "Outer",
                    "Parallel Aware": true,
                    "Relation Name": "movie_companies",
                    "Alias": "mc",
                    "Startup Cost": 0.0,
                    "Total Cost": 34137.82,
                    "Plan Rows": 1534782,
                    "Plan Width": 4,
                    "Actual Startup Time": 0.013,
                    "Actual Total Time": 94.152,
                    "Actual Rows": 1304564,
                    "Actual Loops": 2
                  },
                  {
                    "Node Type": "Hash",
                    "Parent Relationship": "Inner",
                    "Parallel Aware": true,
                    "Startup Cost": 58306.47,
                    "Total Cost": 58306.47,
                    "Plan Rows": 5695,
                    "Plan Width": 4,
                    "Actual Startup Time": 141.04,
                    "Actual Total Time": 141.041,
                    "Actual Rows": 3972,
                    "Actual Loops": 2,
                    "Hash Buckets": 16384,
                    "Original Hash Buckets": 16384,
                    "Hash Batches": 1,
                    "Original Hash Batches": 1,
                    "Peak Memory Usage": 480,
                    "Plans": [
                      {
                        "Node Type": "Seq Scan",
                        "Parent Relationship": "Outer",
                        "Parallel Aware": true,
                        "Relation Name": "title",
                        "Alias": "t",
                        "Startup Cost": 0.0,
                        "Total Cost": 58306.47,
                        "Plan Rows": 5695,
                        "Plan Width": 4,
                        "Actual Startup Time": 0.419,
                        "Actual Total Time": 139.467,
                        "Actual Rows": 3972,
                        "Actual Loops": 2,
                        "Filter": "((kind_id = 7) AND (production_year = 1977))",
                        "Rows Removed by Filter": 1260184
                      }
                    ]
                  }
                ]
              }
            ]
          }
        ]
      }
    ]
  },
  "Planning Time": 0.444,
  "Triggers": [],
  "Execution Time": 351.42
}