[
  {
    "Plan": {
      "Node Type": "Aggregate",
      "Strategy": "Plain",
      "Partial Mode": "Finalize",
      "Parallel Aware": false,
      "Startup Cost": 338683.25,
      "Total Cost": 338683.26,
      "Plan Rows": 1,
      "Plan Width": 8,
      "Actual Startup Time": 720.343,
      "Actual Total Time": 781.909,
      "Actual Rows": 1,
      "Actual Loops": 1,
      "Plans": [
        {
          "Node Type": "Gather",
          "Parent Relationship": "Outer",
          "Parallel Aware": false,
          "Startup Cost": 338682.63,
          "Total Cost": 338683.24,
          "Plan Rows": 6,
          "Plan Width": 8,
          "Actual Startup Time": 720.199,
          "Actual Total Time": 781.899,
          "Actual Rows": 7,
          "Actual Loops": 1,
          "Workers Planned": 6,
          "Workers Launched": 6,
          "Single Copy": false,
          "Plans": [
            {
              "Node Type": "Aggregate",
              "Strategy": "Plain",
              "Partial Mode": "Partial",
              "Parent Relationship": "Outer",
              "Parallel Aware": false,
              "Startup Cost": 337682.63,
              "Total Cost": 337682.64,
              "Plan Rows": 1,
              "Plan Width": 8,
              "Actual Startup Time": 709.318,
              "Actual Total Time": 709.319,
              "Actual Rows": 1,
              "Actual Loops": 7,
              "Plans": [
                {
                  "Node Type": "Seq Scan",
                  "Parent Relationship": "Outer",
                  "Parallel Aware": true,
                  "Relation Name": "cast_info",
                  "Alias": "ci",
                  "Startup Cost": 0.0,
                  "Total Cost": 328162.03,
                  "Plan Rows": 3808241,
                  "Plan Width": 0,
                  "Actual Startup Time": 144.618,
                  "Actual Total Time": 582.103,
                  "Actual Rows": 3266748,
                  "Actual Loops": 7,
                  "Filter": "(person_id > 1319390)",
                  "Rows Removed by Filter": 1911015
                }
              ]
            }
          ]
        }
      ]
    },
    "Planning Time": 0.172,
    "Triggers": [],
    "Execution Time": 781.981
  }
]