[
    {
        "Bao": {
            "Bao prediction": "NaN",
            "Bao recommended hint": "(no hint)"
        }
    },
    {
        "Plan": {
            "Node Type": "Aggregate",
            "Strategy": "Plain",
            "Partial Mode": "Finalize",
            "Parallel Aware": false,
            "Startup Cost": 383074.06,
            "Total Cost": 383074.07,
            "Plan Rows": 1,
            "Plan Width": 8,
            "Actual Startup Time": 1156.392,
            "Actual Total Time": 1192.479,
            "Actual Rows": 1,
            "Actual Loops": 1,
            "Output": [
                "count(*)"
            ],
            "Plans": [
                {
                    "Node Type": "Gather",
                    "Parent Relationship": "Outer",
                    "Parallel Aware": false,
                    "Startup Cost": 383073.44,
                    "Total Cost": 383074.05,
                    "Plan Rows": 6,
                    "Plan Width": 8,
                    "Actual Startup Time": 1128.136,
                    "Actual Total Time": 1192.467,
                    "Actual Rows": 7,
                    "Actual Loops": 1,
                    "Output": [
                        "(PARTIAL count(*))"
                    ],
                    "Workers Planned": 6,
                    "Workers Launched": 6,
                    "Single Copy": false,
                    "Plans": [
                        {
                            "Node Type": "Aggregate",
                            "Strategy": "Plain",
                            "Partial Mode": "Partial",
                            "Parent Relationship": "Outer",
                            "Parallel Aware": false,
                            "Startup Cost": 382073.44,
                            "Total Cost": 382073.45,
                            "Plan Rows": 1,
                            "Plan Width": 8,
                            "Actual Startup Time": 1111.862,
                            "Actual Total Time": 1111.865,
                            "Actual Rows": 1,
                            "Actual Loops": 7,
                            "Output": [
                                "PARTIAL count(*)"
                            ],
                            "Workers": [
                                {
                                    "Worker Number": 0,
                                    "Actual Startup Time": 1108.765,
                                    "Actual Total Time": 1108.768,
                                    "Actual Rows": 1,
                                    "Actual Loops": 1
                                },
                                {
                                    "Worker Number": 1,
                                    "Actual Startup Time": 1110.824,
                                    "Actual Total Time": 1110.827,
                                    "Actual Rows": 1,
                                    "Actual Loops": 1
                                },
                                {
                                    "Worker Number": 2,
                                    "Actual Startup Time": 1108.801,
                                    "Actual Total Time": 1108.804,
                                    "Actual Rows": 1,
                                    "Actual Loops": 1
                                },
                                {
                                    "Worker Number": 3,
                                    "Actual Startup Time": 1108.957,
                                    "Actual Total Time": 1108.959,
                                    "Actual Rows": 1,
                                    "Actual Loops": 1
                                },
                                {
                                    "Worker Number": 4,
                                    "Actual Startup Time": 1109.004,
                                    "Actual Total Time": 1109.007,
                                    "Actual Rows": 1,
                                    "Actual Loops": 1
                                },
                                {
                                    "Worker Number": 5,
                                    "Actual Startup Time": 1109.04,
                                    "Actual Total Time": 1109.042,
                                    "Actual Rows": 1,
                                    "Actual Loops": 1
                                }
                            ],
                            "Plans": [
                                {
                                    "Node Type": "Hash Join",
                                    "Parent Relationship": "Outer",
                                    "Parallel Aware": true,
                                    "Join Type": "Inner",
                                    "Startup Cost": 50219.81,
                                    "Total Cost": 380297.82,
                                    "Plan Rows": 710247,
                                    "Plan Width": 0,
                                    "Actual Startup Time": 246.336,
                                    "Actual Total Time": 1079.388,
                                    "Actual Rows": 616412,
                                    "Actual Loops": 7,
                                    "Inner Unique": true,
                                    "Hash Cond": "(ci.movie_id = t.id)",
                                    "Workers": [
                                        {
                                            "Worker Number": 0,
                                            "Actual Startup Time": 243.42,
                                            "Actual Total Time": 1073.21,
                                            "Actual Rows": 511686,
                                            "Actual Loops": 1
                                        },
                                        {
                                            "Worker Number": 1,
                                            "Actual Startup Time": 243.632,
                                            "Actual Total Time": 1075.265,
                                            "Actual Rows": 512790,
                                            "Actual Loops": 1
                                        },
                                        {
                                            "Worker Number": 2,
                                            "Actual Startup Time": 243.615,
                                            "Actual Total Time": 1073.132,
                                            "Actual Rows": 514005,
                                            "Actual Loops": 1
                                        },
                                        {
                                            "Worker Number": 3,
                                            "Actual Startup Time": 243.775,
                                            "Actual Total Time": 1078.589,
                                            "Actual Rows": 670705,
                                            "Actual Loops": 1
                                        },
                                        {
                                            "Worker Number": 4,
                                            "Actual Startup Time": 243.793,
                                            "Actual Total Time": 1079.352,
                                            "Actual Rows": 697615,
                                            "Actual Loops": 1
                                        },
                                        {
                                            "Worker Number": 5,
                                            "Actual Startup Time": 243.848,
                                            "Actual Total Time": 1078.526,
                                            "Actual Rows": 674507,
                                            "Actual Loops": 1
                                        }
                                    ],
                                    "Plans": [
                                        {
                                            "Node Type": "Seq Scan",
                                            "Parent Relationship": "Outer",
                                            "Parallel Aware": true,
                                            "Relation Name": "cast_info",
                                            "Schema": "public",
                                            "Alias": "ci",
                                            "Startup Cost": 0.0,
                                            "Total Cost": 328213.62,
                                            "Plan Rows": 710247,
                                            "Plan Width": 4,
                                            "Actual Startup Time": 0.029,
                                            "Actual Total Time": 528.854,
                                            "Actual Rows": 616412,
                                            "Actual Loops": 7,
                                            "Output": [
                                                "ci.id",
                                                "ci.person_id",
                                                "ci.movie_id",
                                                "ci.person_role_id",
                                                "ci.note",
                                                "ci.nr_order",
                                                "ci.role_id"
                                            ],
                                            "Filter": "(ci.person_id < 415811)",
                                            "Rows Removed by Filter": 4561351,
                                            "Workers": [
                                                {
                                                    "Worker Number": 0,
                                                    "Actual Startup Time": 0.033,
                                                    "Actual Total Time": 537.363,
                                                    "Actual Rows": 511686,
                                                    "Actual Loops": 1
                                                },
                                                {
                                                    "Worker Number": 1,
                                                    "Actual Startup Time": 0.032,
                                                    "Actual Total Time": 541.38,
                                                    "Actual Rows": 512790,
                                                    "Actual Loops": 1
                                                },
                                                {
                                                    "Worker Number": 2,
                                                    "Actual Startup Time": 0.032,
                                                    "Actual Total Time": 541.735,
                                                    "Actual Rows": 514005,
                                                    "Actual Loops": 1
                                                },
                                                {
                                                    "Worker Number": 3,
                                                    "Actual Startup Time": 0.034,
                                                    "Actual Total Time": 523.392,
                                                    "Actual Rows": 670705,
                                                    "Actual Loops": 1
                                                },
                                                {
                                                    "Worker Number": 4,
                                                    "Actual Startup Time": 0.029,
                                                    "Actual Total Time": 527.314,
                                                    "Actual Rows": 697615,
                                                    "Actual Loops": 1
                                                },
                                                {
                                                    "Worker Number": 5,
                                                    "Actual Startup Time": 0.034,
                                                    "Actual Total Time": 522.896,
                                                    "Actual Rows": 674507,
                                                    "Actual Loops": 1
                                                }
                                            ]
                                        },
                                        {
                                            "Node Type": "Hash",
                                            "Parent Relationship": "Inner",
                                            "Parallel Aware": true,
                                            "Startup Cost": 42318.81,
                                            "Total Cost": 42318.81,
                                            "Plan Rows": 632080,
                                            "Plan Width": 4,
                                            "Actual Startup Time": 240.538,
                                            "Actual Total Time": 240.539,
                                            "Actual Rows": 361187,
                                            "Actual Loops": 7,
                                            "Output": [
                                                "t.id"
                                            ],
                                            "Hash Buckets": 4194304,
                                            "Original Hash Buckets": 4194304,
                                            "Hash Batches": 1,
                                            "Original Hash Batches": 1,
                                            "Peak Memory Usage": 131808,
                                            "Workers": [
                                                {
                                                    "Worker Number": 0,
                                                    "Actual Startup Time": 242.618,
                                                    "Actual Total Time": 242.619,
                                                    "Actual Rows": 290275,
                                                    "Actual Loops": 1
                                                },
                                                {
                                                    "Worker Number": 1,
                                                    "Actual Startup Time": 242.581,
                                                    "Actual Total Time": 242.581,
                                                    "Actual Rows": 285600,
                                                    "Actual Loops": 1
                                                },
                                                {
                                                    "Worker Number": 2,
                                                    "Actual Startup Time": 242.572,
                                                    "Actual Total Time": 242.572,
                                                    "Actual Rows": 286517,
                                                    "Actual Loops": 1
                                                },
                                                {
                                                    "Worker Number": 3,
                                                    "Actual Startup Time": 242.82,
                                                    "Actual Total Time": 242.82,
                                                    "Actual Rows": 389834,
                                                    "Actual Loops": 1
                                                },
                                                {
                                                    "Worker Number": 4,
                                                    "Actual Startup Time": 242.844,
                                                    "Actual Total Time": 242.845,
                                                    "Actual Rows": 379861,
                                                    "Actual Loops": 1
                                                },
                                                {
                                                    "Worker Number": 5,
                                                    "Actual Startup Time": 242.883,
                                                    "Actual Total Time": 242.884,
                                                    "Actual Rows": 376471,
                                                    "Actual Loops": 1
                                                }
                                            ],
                                            "Plans": [
                                                {
                                                    "Node Type": "Seq Scan",
                                                    "Parent Relationship": "Outer",
                                                    "Parallel Aware": true,
                                                    "Relation Name": "title",
                                                    "Schema": "public",
                                                    "Alias": "t",
                                                    "Startup Cost": 0.0,
                                                    "Total Cost": 42318.81,
                                                    "Plan Rows": 632080,
                                                    "Plan Width": 4,
                                                    "Actual Startup Time": 0.042,
                                                    "Actual Total Time": 70.698,
                                                    "Actual Rows": 361187,
                                                    "Actual Loops": 7,
                                                    "Output": [
                                                        "t.id"
                                                    ],
                                                    "Workers": [
                                                        {
                                                            "Worker Number": 0,
                                                            "Actual Startup Time": 0.046,
                                                            "Actual Total Time": 76.043,
                                                            "Actual Rows": 290275,
                                                            "Actual Loops": 1
                                                        },
                                                        {
                                                            "Worker Number": 1,
                                                            "Actual Startup Time": 0.059,
                                                            "Actual Total Time": 75.464,
                                                            "Actual Rows": 285600,
                                                            "Actual Loops": 1
                                                        },
                                                        {
                                                            "Worker Number": 2,
                                                            "Actual Startup Time": 0.045,
                                                            "Actual Total Time": 75.77,
                                                            "Actual Rows": 286517,
                                                            "Actual Loops": 1
                                                        },
                                                        {
                                                            "Worker Number": 3,
                                                            "Actual Startup Time": 0.048,
                                                            "Actual Total Time": 71.301,
                                                            "Actual Rows": 389834,
                                                            "Actual Loops": 1
                                                        },
                                                        {
                                                            "Worker Number": 4,
                                                            "Actual Startup Time": 0.04,
                                                            "Actual Total Time": 69.716,
                                                            "Actual Rows": 379861,
                                                            "Actual Loops": 1
                                                        },
                                                        {
                                                            "Worker Number": 5,
                                                            "Actual Startup Time": 0.046,
                                                            "Actual Total Time": 70.637,
                                                            "Actual Rows": 376471,
                                                            "Actual Loops": 1
                                                        }
                                                    ]
                                                }
                                            ]
                                        }
                                    ]
                                }
                            ]
                        }
                    ]
                }
            ]
        },
        "Planning Time": 216.23,
        "Triggers": [],
        "Execution Time": 1192.553
    }
]