[
  {
    "Plan": {
      "Node Type": "Aggregate",
      "Strategy": "Plain",
      "Partial Mode": "Finalize",
      "Parallel Aware": false,
      "Startup Cost": 273230.8,
      "Total Cost": 273230.81,
      "Plan Rows": 1,
      "Plan Width": 8,
      "Actual Startup Time": 845.527,
      "Actual Total Time": 890.142,
      "Actual Rows": 1,
      "Actual Loops": 1,
      "Plans": [
        {
          "Node Type": "Gather",
          "Parent Relationship": "Outer",
          "Parallel Aware": false,
          "Startup Cost": 273230.27,
          "Total Cost": 273230.78,
          "Plan Rows": 5,
          "Plan Width": 8,
          "Actual Startup Time": 837.793,
          "Actual Total Time": 890.131,
          "Actual Rows": 6,
          "Actual Loops": 1,
          "Workers Planned": 5,
          "Workers Launched": 5,
          "Single Copy": false,
          "Plans": [
            {
              "Node Type": "Aggregate",
              "Strategy": "Plain",
              "Partial Mode": "Partial",
              "Parent Relationship": "Outer",
              "Parallel Aware": false,
              "Startup Cost": 272230.27,
              "Total Cost": 272230.28,
              "Plan Rows": 1,
              "Plan Width": 8,
              "Actual Startup Time": 827.842,
              "Actual Total Time": 827.848,
              "Actual Rows": 1,
              "Actual Loops": 6,
              "Plans": [
                {
                  "Node Type": "Hash Join",
                  "Parent Relationship": "Outer",
                  "Parallel Aware": true,
                  "Join Type": "Inner",
                  "Startup Cost": 65873.98,
                  "Total Cost": 270839.69,
                  "Plan Rows": 556232,
                  "Plan Width": 0,
                  "Actual Startup Time": 227.036,
                  "Actual Total Time": 810.829,
                  "Actual Rows": 403521,
                  "Actual Loops": 6,
                  "Inner Unique": false,
                  "Hash Cond": "(mi.movie_id = t.id)",
                  "Plans": [
                    {
                      "Node Type": "Seq Scan",
                      "Parent Relationship": "Outer",
                      "Parallel Aware": true,
                      "Relation Name": "movie_info",
                      "Alias": "mi",
                      "Startup Cost": 0.0,
                      "Total Cost": 191560.33,
                      "Plan Rows": 2956733,
                      "Plan Width": 4,
                      "Actual Startup Time": 0.031,
                      "Actual Total Time": 288.747,
                      "Actual Rows": 2472620,
                      "Actual Loops": 6
                    },
                    {
                      "Node Type": "Hash",
                      "Parent Relationship": "Inner",
                      "Parallel Aware": true,
                      "Startup Cost": 63396.73,
                      "Total Cost": 63396.73,
                      "Plan Rows": 198180,
                      "Plan Width": 8,
                      "Actual Startup Time": 223.678,
                      "Actual Total Time": 223.682,
                      "Actual Rows": 44988,
                      "Actual Loops": 6,
                      "Hash Buckets": 524288,
                      "Original Hash Buckets": 524288,
                      "Hash Batches": 1,
                      "Original Hash Batches": 1,
                      "Peak Memory Usage": 14720,
                      "Plans": [
                        {
                          "Node Type": "Hash Join",
                          "Parent Relationship": "Outer",
                          "Parallel Aware": true,
                          "Join Type": "Inner",
                          "Startup Cost": 48202.17,
                          "Total Cost": 63396.73,
                          "Plan Rows": 198180,
                          "Plan Width": 8,
                          "Actual Startup Time": 146.555,
                          "Actual Total Time": 208.18,
                          "Actual Rows": 44988,
                          "Actual Loops": 6,
                          "Inner Unique": true,
                          "Hash Cond": "(mi_idx.movie_id = t.id)",
                          "Plans": [
                            {
                              "Node Type": "Seq Scan",
                              "Parent Relationship": "Outer",
                              "Parallel Aware": true,
                              "Relation Name": "movie_info_idx",
                              "Alias": "mi_idx",
                              "Startup Cost": 0.0,
                              "Total Cost": 13685.15,
                              "Plan Rows": 575015,
                              "Plan Width": 4,
                              "Actual Startup Time": 0.028,
                              "Actual Total Time": 21.412,
                              "Actual Rows": 230006,
                              "Actual Loops": 6
                            },
                            {
                              "Node Type": "Hash",
                              "Parent Relationship": "Inner",
                              "Parallel Aware": true,
                              "Startup Cost": 45479.1,
                              "Total Cost": 45479.1,
                              "Plan Rows": 217846,
                              "Plan Width": 4,
                              "Actual Startup Time": 144.226,
                              "Actual Total Time": 144.227,
                              "Actual Rows": 133586,
                              "Actual Loops": 6,
                              "Hash Buckets": 1048576,
                              "Original Hash Buckets": 1048576,
                              "Hash Batches": 1,
                              "Original Hash Batches": 1,
                              "Peak Memory Usage": 39616,
                              "Plans": [
                                {
                                  "Node Type": "Seq Scan",
                                  "Parent Relationship": "Outer",
                                  "Parallel Aware": true,
                                  "Relation Name": "title",
                                  "Alias": "t",
                                  "Startup Cost": 0.0,
                                  "Total Cost": 45479.1,
                                  "Plan Rows": 217846,
                                  "Plan Width": 4,
                                  "Actual Startup Time": 0.044,
                                  "Actual Total Time": 82.662,
                                  "Actual Rows": 133586,
                                  "Actual Loops": 6,
                                  "Filter": "((production_year < 2006) AND (kind_id = 7))",
                                  "Rows Removed by Filter": 287800
                                }
                              ]
                            }
                          ]
                        }
                      ]
                    }
                  ]
                }
              ]
            }
          ]
        }
      ]
    },
    "Planning Time": 1.377,
    "Triggers": [],
    "Execution Time": 890.243
  }
]