{
  "Plan": {
    "Node Type": "Aggregate",
    "Strategy": "Plain",
    "Partial Mode": "Finalize",
    "Parallel Aware": false,
    "Startup Cost": 598461.94,
    "Total Cost": 598461.95,
    "Plan Rows": 1,
    "Plan Width": 8,
    "Actual Startup Time": 338.26,
    "Actual Total Time": 394.211,
    "Actual Rows": 1,
    "Actual Loops": 1,
    "Plans": [
      {
        "Node Type": "Gather",
        "Parent Relationship": "Outer",
        "Parallel Aware": false,
        "Startup Cost": 598461.82,
        "Total Cost": 598461.93,
        "Plan Rows": 1,
        "Plan Width": 8,
        "Actual Startup Time": 338.147,
        "Actual Total Time": 394.203,
        "Actual Rows": 2,
        "Actual Loops": 1,
        "Workers Planned": 1,
        "Workers Launched": 1,
        "Single Copy": false,
        "Plans": [
          {
            "Node Type": "Aggregate",
            "Strategy": "Plain",
            "Partial Mode": "Partial",
            "Parent Relationship": "Outer",
            "Parallel Aware": false,
            "Startup Cost": 597461.82,
            "Total Cost": 597461.83,
            "Plan Rows": 1,
            "Plan Width": 8,
            "Actual Startup Time": 332.314,
            "Actual Total Time": 332.315,
            "Actual Rows": 1,
            "Actual Loops": 2,
            "Plans": [
              {
                "Node Type": "Nested Loop",
                "Parent Relationship": "Outer",
                "Parallel Aware": false,
                "Join Type": "Inner",
                "Startup Cost": 0.56,
                "Total Cost": 597366.88,
                "Plan Rows": 37978,
                "Plan Width": 0,
                "Actual Startup Time": 0.858,
                "Actual Total Time": 330.082,
                "Actual Rows": 34766,
                "Actual Loops": 2,
                "Inner Unique": false,
                "Plans": [
                  {
                    "Node Type": "Seq Scan",
                    "Parent Relationship": "Outer",
                    "Parallel Aware": true,
                    "Relation Name": "title",
                    "Alias": "t",
                    "Startup Cost": 0.0,
                    "Total Cost": 58306.47,
                    "Plan Rows": 5968,
                    "Plan Width": 4,
                    "Actual Startup Time": 0.304,
                    "Actual Total Time": 125.492,
                    "Actual Rows": 5264,
                    "Actual Loops": 2,
                    "Filter": "((kind_id < 7) AND (production_year = 1993))",
                    "Rows Removed by Filter": 1258892
                  },
                  {
                    "Node Type": "Index Scan",
                    "Parent Relationship": "Inner",
                    "Parallel Aware": false,
                    "Scan Direction": "Forward",
                    "Index Name": "movie_id_cast_info",
                    "Relation Name": "cast_info",
                    "Alias": "ci",
                    "Startup Cost": 0.56,
                    "Total Cost": 90.17,
                    "Plan Rows": 16,
                    "Plan Width": 4,
                    "Actual Startup Time": 0.026,
                    "Actual Total Time": 0.038,
                    "Actual Rows": 7,
                    "Actual Loops": 10528,
                    "Index Cond": "(movie_id = t.id)",
                    "Rows Removed by Index Recheck": 0,
                    "Filter": "((person_id > 68987) AND (role_id > 2))",
                    "Rows Removed by Filter": 10
                  }
                ]
              }
            ]
          }
        ]
      }
    ]
  },
  "Planning Time": 0.505,
  "Triggers": [],
  "Execution Time": 394.301
}