[
  {
    "Plan": {
      "Node Type": "Aggregate",
      "Strategy": "Plain",
      "Partial Mode": "Finalize",
      "Parallel Aware": false,
      "Startup Cost": 354501.3,
      "Total Cost": 354501.31,
      "Plan Rows": 1,
      "Plan Width": 8,
      "Actual Startup Time": 695.676,
      "Actual Total Time": 711.979,
      "Actual Rows": 1,
      "Actual Loops": 1,
      "Plans": [
        {
          "Node Type": "Gather",
          "Parent Relationship": "Outer",
          "Parallel Aware": false,
          "Startup Cost": 354500.98,
          "Total Cost": 354501.29,
          "Plan Rows": 3,
          "Plan Width": 8,
          "Actual Startup Time": 688.82,
          "Actual Total Time": 711.969,
          "Actual Rows": 4,
          "Actual Loops": 1,
          "Workers Planned": 3,
          "Workers Launched": 3,
          "Single Copy": false,
          "Plans": [
            {
              "Node Type": "Aggregate",
              "Strategy": "Plain",
              "Partial Mode": "Partial",
              "Parent Relationship": "Outer",
              "Parallel Aware": false,
              "Startup Cost": 353500.98,
              "Total Cost": 353500.99,
              "Plan Rows": 1,
              "Plan Width": 8,
              "Actual Startup Time": 679.113,
              "Actual Total Time": 679.238,
              "Actual Rows": 1,
              "Actual Loops": 4,
              "Plans": [
                {
                  "Node Type": "Hash Join",
                  "Parent Relationship": "Outer",
                  "Parallel Aware": true,
                  "Join Type": "Inner",
                  "Startup Cost": 321984.25,
                  "Total Cost": 352923.99,
                  "Plan Rows": 230795,
                  "Plan Width": 0,
                  "Actual Startup Time": 447.375,
                  "Actual Total Time": 655.355,
                  "Actual Rows": 604154,
                  "Actual Loops": 4,
                  "Inner Unique": false,
                  "Hash Cond": "(mc.movie_id = t.id)",
                  "Plans": [
                    {
                      "Node Type": "Seq Scan",
                      "Parent Relationship": "Outer",
                      "Parallel Aware": true,
                      "Relation Name": "movie_companies",
                      "Alias": "mc",
                      "Startup Cost": 0.0,
                      "Total Cost": 27206.55,
                      "Plan Rows": 841655,
                      "Plan Width": 4,
                      "Actual Startup Time": 0.031,
                      "Actual Total Time": 56.304,
                      "Actual Rows": 652282,
                      "Actual Loops": 4
                    },
                    {
                      "Node Type": "Hash",
                      "Parent Relationship": "Inner",
                      "Parallel Aware": true,
                      "Startup Cost": 319817.7,
                      "Total Cost": 319817.7,
                      "Plan Rows": 173324,
                      "Plan Width": 8,
                      "Actual Startup Time": 442.182,
                      "Actual Total Time": 442.306,
                      "Actual Rows": 162675,
                      "Actual Loops": 4,
                      "Hash Buckets": 1048576,
                      "Original Hash Buckets": 1048576,
                      "Hash Batches": 1,
                      "Original Hash Batches": 1,
                      "Peak Memory Usage": 33696,
                      "Plans": [
                        {
                          "Node Type": "Hash Join",
                          "Parent Relationship": "Outer",
                          "Parallel Aware": true,
                          "Join Type": "Inner",
                          "Startup Cost": 270889.37,
                          "Total Cost": 319817.7,
                          "Plan Rows": 173324,
                          "Plan Width": 8,
                          "Actual Startup Time": 137.583,
                          "Actual Total Time": 392.071,
                          "Actual Rows": 162675,
                          "Actual Loops": 4,
                          "Inner Unique": false,
                          "Hash Cond": "(t.id = ci.movie_id)",
                          "Plans": [
                            {
                              "Node Type": "Seq Scan",
                              "Parent Relationship": "Outer",
                              "Parallel Aware": true,
                              "Relation Name": "title",
                              "Alias": "t",
                              "Startup Cost": 0.0,
                              "Total Cost": 42318.73,
                              "Plan Rows": 632073,
                              "Plan Width": 4,
                              "Actual Startup Time": 0.012,
                              "Actual Total Time": 74.72,
                              "Actual Rows": 632078,
                              "Actual Loops": 4
                            },
                            {
                              "Node Type": "Hash",
                              "Parent Relationship": "Inner",
                              "Parallel Aware": true,
                              "Startup Cost": 269445.0,
                              "Total Cost": 269445.0,
                              "Plan Rows": 115550,
                              "Plan Width": 4,
                              "Actual Startup Time": 134.851,
                              "Actual Total Time": 134.852,
                              "Actual Rows": 162675,
                              "Actual Loops": 4,
                              "Hash Buckets": 1048576,
                              "Original Hash Buckets": 1048576,
                              "Hash Batches": 1,
                              "Original Hash Batches": 1,
                              "Peak Memory Usage": 33728,
                              "Plans": [
                                {
                                  "Node Type": "Bitmap Heap Scan",
                                  "Parent Relationship": "Outer",
                                  "Parallel Aware": true,
                                  "Relation Name": "cast_info",
                                  "Alias": "ci",
                                  "Startup Cost": 15313.62,
                                  "Total Cost": 269445.0,
                                  "Plan Rows": 115550,
                                  "Plan Width": 4,
                                  "Actual Startup Time": 30.26,
                                  "Actual Total Time": 71.195,
                                  "Actual Rows": 162675,
                                  "Actual Loops": 4,
                                  "Recheck Cond": "(person_id > 3935162)",
                                  "Rows Removed by Index Recheck": 0,
                                  "Exact Heap Blocks": 3541,
                                  "Lossy Heap Blocks": 0,
                                  "Plans": [
                                    {
                                      "Node Type": "Bitmap Index Scan",
                                      "Parent Relationship": "Outer",
                                      "Parallel Aware": false,
                                      "Index Name": "person_id_cast_info",
                                      "Startup Cost": 0.0,
                                      "Total Cost": 15140.3,
                                      "Plan Rows": 693298,
                                      "Plan Width": 0,
                                      "Actual Startup Time": 28.763,
                                      "Actual Total Time": 28.763,
                                      "Actual Rows": 650701,
                                      "Actual Loops": 1,
                                      "Index Cond": "(person_id > 3935162)"
                                    }
                                  ]
                                }
                              ]
                            }
                          ]
                        }
                      ]
                    }
                  ]
                }
              ]
            }
          ]
        }
      ]
    },
    "Planning Time": 1.501,
    "Triggers": [],
    "Execution Time": 712.09
  }
]