{
    "Plan": {
        "Node Type": "Aggregate",
        "Strategy": "Plain",
        "Partial Mode": "Finalize",
        "Parallel Aware": false,
        "Startup Cost": 53657.25,
        "Total Cost": 53657.26,
        "Plan Rows": 1,
        "Plan Width": 8,
        "Actual Startup Time": 110.044,
        "Actual Total Time": 122.597,
        "Actual Rows": 1,
        "Actual Loops": 1,
        "Output": [
            "count(*)"
        ],
        "Plans": [
            {
                "Node Type": "Gather",
                "Parent Relationship": "Outer",
                "Parallel Aware": false,
                "Startup Cost": 53656.83,
                "Total Cost": 53657.24,
                "Plan Rows": 4,
                "Plan Width": 8,
                "Actual Startup Time": 109.856,
                "Actual Total Time": 122.586,
                "Actual Rows": 5,
                "Actual Loops": 1,
                "Output": [
                    "(PARTIAL count(*))"
                ],
                "Workers Planned": 4,
                "Workers Launched": 4,
                "Single Copy": false,
                "Plans": [
                    {
                        "Node Type": "Aggregate",
                        "Strategy": "Plain",
                        "Partial Mode": "Partial",
                        "Parent Relationship": "Outer",
                        "Parallel Aware": false,
                        "Startup Cost": 52656.83,
                        "Total Cost": 52656.84,
                        "Plan Rows": 1,
                        "Plan Width": 8,
                        "Actual Startup Time": 99.513,
                        "Actual Total Time": 99.515,
                        "Actual Rows": 1,
                        "Actual Loops": 5,
                        "Output": [
                            "PARTIAL count(*)"
                        ],
                        "Workers": [
                            {
                                "Worker Number": 0,
                                "Actual Startup Time": 96.867,
                                "Actual Total Time": 96.869,
                                "Actual Rows": 1,
                                "Actual Loops": 1
                            },
                            {
                                "Worker Number": 1,
                                "Actual Startup Time": 96.882,
                                "Actual Total Time": 96.884,
                                "Actual Rows": 1,
                                "Actual Loops": 1
                            },
                            {
                                "Worker Number": 2,
                                "Actual Startup Time": 96.858,
                                "Actual Total Time": 96.859,
                                "Actual Rows": 1,
                                "Actual Loops": 1
                            },
                            {
                                "Worker Number": 3,
                                "Actual Startup Time": 97.885,
                                "Actual Total Time": 97.887,
                                "Actual Rows": 1,
                                "Actual Loops": 1
                            }
                        ],
                        "Plans": [
                            {
                                "Node Type": "Nested Loop",
                                "Parent Relationship": "Outer",
                                "Parallel Aware": false,
                                "Join Type": "Inner",
                                "Startup Cost": 0.86,
                                "Total Cost": 52655.4,
                                "Plan Rows": 570,
                                "Plan Width": 0,
                                "Actual Startup Time": 58.656,
                                "Actual Total Time": 99.256,
                                "Actual Rows": 3969,
                                "Actual Loops": 5,
                                "Inner Unique": false,
                                "Join Filter": "(t.id = mc.movie_id)",
                                "Rows Removed by Join Filter": 0,
                                "Workers": [
                                    {
                                        "Worker Number": 0,
                                        "Actual Startup Time": 55.788,
                                        "Actual Total Time": 96.642,
                                        "Actual Rows": 3765,
                                        "Actual Loops": 1
                                    },
                                    {
                                        "Worker Number": 1,
                                        "Actual Startup Time": 56.531,
                                        "Actual Total Time": 96.652,
                                        "Actual Rows": 4017,
                                        "Actual Loops": 1
                                    },
                                    {
                                        "Worker Number": 2,
                                        "Actual Startup Time": 56.142,
                                        "Actual Total Time": 96.633,
                                        "Actual Rows": 3883,
                                        "Actual Loops": 1
                                    },
                                    {
                                        "Worker Number": 3,
                                        "Actual Startup Time": 56.897,
                                        "Actual Total Time": 97.681,
                                        "Actual Rows": 3546,
                                        "Actual Loops": 1
                                    }
                                ],
                                "Plans": [
                                    {
                                        "Node Type": "Nested Loop",
                                        "Parent Relationship": "Outer",
                                        "Parallel Aware": false,
                                        "Join Type": "Inner",
                                        "Startup Cost": 0.43,
                                        "Total Cost": 52289.28,
                                        "Plan Rows": 553,
                                        "Plan Width": 8,
                                        "Actual Startup Time": 58.519,
                                        "Actual Total Time": 90.982,
                                        "Actual Rows": 1060,
                                        "Actual Loops": 5,
                                        "Output": [
                                            "t.id",
                                            "mi_idx.movie_id"
                                        ],
                                        "Inner Unique": false,
                                        "Workers": [
                                            {
                                                "Worker Number": 0,
                                                "Actual Startup Time": 55.685,
                                                "Actual Total Time": 87.891,
                                                "Actual Rows": 1005,
                                                "Actual Loops": 1
                                            },
                                            {
                                                "Worker Number": 1,
                                                "Actual Startup Time": 56.16,
                                                "Actual Total Time": 87.988,
                                                "Actual Rows": 1021,
                                                "Actual Loops": 1
                                            },
                                            {
                                                "Worker Number": 2,
                                                "Actual Startup Time": 56.056,
                                                "Actual Total Time": 87.979,
                                                "Actual Rows": 1000,
                                                "Actual Loops": 1
                                            },
                                            {
                                                "Worker Number": 3,
                                                "Actual Startup Time": 56.788,
                                                "Actual Total Time": 89.255,
                                                "Actual Rows": 996,
                                                "Actual Loops": 1
                                            }
                                        ],
                                        "Plans": [
                                            {
                                                "Node Type": "Seq Scan",
                                                "Parent Relationship": "Outer",
                                                "Parallel Aware": true,
                                                "Relation Name": "title",
                                                "Schema": "public",
                                                "Alias": "t",
                                                "Startup Cost": 0.0,
                                                "Total Cost": 45479.21,
                                                "Plan Rows": 1013,
                                                "Plan Width": 4,
                                                "Actual Startup Time": 58.234,
                                                "Actual Total Time": 83.583,
                                                "Actual Rows": 828,
                                                "Actual Loops": 5,
                                                "Output": [
                                                    "t.id",
                                                    "t.title",
                                                    "t.imdb_index",
                                                    "t.kind_id",
                                                    "t.production_year",
                                                    "t.imdb_id",
                                                    "t.phonetic_code",
                                                    "t.episode_of_id",
                                                    "t.season_nr",
                                                    "t.episode_nr",
                                                    "t.series_years",
                                                    "t.md5sum"
                                                ],
                                                "Filter": "((t.kind_id = 1) AND (t.production_year = 1973))",
                                                "Rows Removed by Filter": 504834,
                                                "Workers": [
                                                    {
                                                        "Worker Number": 0,
                                                        "Actual Startup Time": 55.55,
                                                        "Actual Total Time": 79.967,
                                                        "Actual Rows": 804,
                                                        "Actual Loops": 1
                                                    },
                                                    {
                                                        "Worker Number": 1,
                                                        "Actual Startup Time": 55.572,
                                                        "Actual Total Time": 80.12,
                                                        "Actual Rows": 781,
                                                        "Actual Loops": 1
                                                    },
                                                    {
                                                        "Worker Number": 2,
                                                        "Actual Startup Time": 55.618,
                                                        "Actual Total Time": 80.163,
                                                        "Actual Rows": 793,
                                                        "Actual Loops": 1
                                                    },
                                                    {
                                                        "Worker Number": 3,
                                                        "Actual Startup Time": 56.626,
                                                        "Actual Total Time": 81.013,
                                                        "Actual Rows": 810,
                                                        "Actual Loops": 1
                                                    }
                                                ]
                                            },
                                            {
                                                "Node Type": "Index Only Scan",
                                                "Parent Relationship": "Inner",
                                                "Parallel Aware": false,
                                                "Scan Direction": "Forward",
                                                "Index Name": "movie_id_movie_info_idx",
                                                "Relation Name": "movie_info_idx",
                                                "Schema": "public",
                                                "Alias": "mi_idx",
                                                "Startup Cost": 0.43,
                                                "Total Cost": 6.69,
                                                "Plan Rows": 3,
                                                "Plan Width": 4,
                                                "Actual Startup Time": 0.008,
                                                "Actual Total Time": 0.008,
                                                "Actual Rows": 1,
                                                "Actual Loops": 4142,
                                                "Output": [
                                                    "mi_idx.movie_id"
                                                ],
                                                "Index Cond": "(mi_idx.movie_id = t.id)",
                                                "Rows Removed by Index Recheck": 0,
                                                "Heap Fetches": 5298,
                                                "Workers": [
                                                    {
                                                        "Worker Number": 0,
                                                        "Actual Startup Time": 0.009,
                                                        "Actual Total Time": 0.009,
                                                        "Actual Rows": 1,
                                                        "Actual Loops": 804
                                                    },
                                                    {
                                                        "Worker Number": 1,
                                                        "Actual Startup Time": 0.009,
                                                        "Actual Total Time": 0.009,
                                                        "Actual Rows": 1,
                                                        "Actual Loops": 781
                                                    },
                                                    {
                                                        "Worker Number": 2,
                                                        "Actual Startup Time": 0.009,
                                                        "Actual Total Time": 0.009,
                                                        "Actual Rows": 1,
                                                        "Actual Loops": 793
                                                    },
                                                    {
                                                        "Worker Number": 3,
                                                        "Actual Startup Time": 0.009,
                                                        "Actual Total Time": 0.01,
                                                        "Actual Rows": 1,
                                                        "Actual Loops": 810
                                                    }
                                                ]
                                            }
                                        ]
                                    },
                                    {
                                        "Node Type": "Index Only Scan",
                                        "Parent Relationship": "Inner",
                                        "Parallel Aware": false,
                                        "Scan Direction": "Forward",
                                        "Index Name": "movie_id_movie_companies",
                                        "Relation Name": "movie_companies",
                                        "Schema": "public",
                                        "Alias": "mc",
                                        "Startup Cost": 0.43,
                                        "Total Cost": 0.6,
                                        "Plan Rows": 5,
                                        "Plan Width": 4,
                                        "Actual Startup Time": 0.006,
                                        "Actual Total Time": 0.007,
                                        "Actual Rows": 4,
                                        "Actual Loops": 5298,
                                        "Output": [
                                            "mc.movie_id"
                                        ],
                                        "Index Cond": "(mc.movie_id = mi_idx.movie_id)",
                                        "Rows Removed by Index Recheck": 0,
                                        "Heap Fetches": 19844,
                                        "Workers": [
                                            {
                                                "Worker Number": 0,
                                                "Actual Startup Time": 0.006,
                                                "Actual Total Time": 0.008,
                                                "Actual Rows": 4,
                                                "Actual Loops": 1005
                                            },
                                            {
                                                "Worker Number": 1,
                                                "Actual Startup Time": 0.006,
                                                "Actual Total Time": 0.008,
                                                "Actual Rows": 4,
                                                "Actual Loops": 1021
                                            },
                                            {
                                                "Worker Number": 2,
                                                "Actual Startup Time": 0.006,
                                                "Actual Total Time": 0.008,
                                                "Actual Rows": 4,
                                                "Actual Loops": 1000
                                            },
                                            {
                                                "Worker Number": 3,
                                                "Actual Startup Time": 0.006,
                                                "Actual Total Time": 0.008,
                                                "Actual Rows": 4,
                                                "Actual Loops": 996
                                            }
                                        ]
                                    }
                                ]
                            }
                        ]
                    }
                ]
            }
        ]
    },
    "Planning Time": 1.563,
    "Triggers": [],
    "Execution Time": 122.683
}