[
  {
    "Plan": {
      "Node Type": "Aggregate",
      "Strategy": "Plain",
      "Partial Mode": "Finalize",
      "Parallel Aware": false,
      "Startup Cost": 44469.52,
      "Total Cost": 44469.53,
      "Plan Rows": 1,
      "Plan Width": 8,
      "Actual Startup Time": 123.644,
      "Actual Total Time": 136.286,
      "Actual Rows": 1,
      "Actual Loops": 1,
      "Plans": [
        {
          "Node Type": "Gather",
          "Parent Relationship": "Outer",
          "Parallel Aware": false,
          "Startup Cost": 44469.2,
          "Total Cost": 44469.51,
          "Plan Rows": 3,
          "Plan Width": 8,
          "Actual Startup Time": 123.487,
          "Actual Total Time": 136.276,
          "Actual Rows": 4,
          "Actual Loops": 1,
          "Workers Planned": 3,
          "Workers Launched": 3,
          "Single Copy": false,
          "Plans": [
            {
              "Node Type": "Aggregate",
              "Strategy": "Plain",
              "Partial Mode": "Partial",
              "Parent Relationship": "Outer",
              "Parallel Aware": false,
              "Startup Cost": 43469.2,
              "Total Cost": 43469.21,
              "Plan Rows": 1,
              "Plan Width": 8,
              "Actual Startup Time": 115.0,
              "Actual Total Time": 115.001,
              "Actual Rows": 1,
              "Actual Loops": 4,
              "Plans": [
                {
                  "Node Type": "Seq Scan",
                  "Parent Relationship": "Outer",
                  "Parallel Aware": true,
                  "Relation Name": "movie_keyword",
                  "Alias": "mk",
                  "Startup Cost": 0.0,
                  "Total Cost": 42695.65,
                  "Plan Rows": 309418,
                  "Plan Width": 0,
                  "Actual Startup Time": 4.223,
                  "Actual Total Time": 103.156,
                  "Actual Rows": 239227,
                  "Actual Loops": 4,
                  "Filter": "(keyword_id > 19809)",
                  "Rows Removed by Filter": 891756
                }
              ]
            }
          ]
        }
      ]
    },
    "Planning Time": 0.186,
    "Triggers": [],
    "Execution Time": 136.339
  }
]