[
    {
        "Bao": {
            "Bao prediction": "NaN",
            "Bao recommended hint": "(no hint)"
        }
    },
    {
        "Plan": {
            "Node Type": "Aggregate",
            "Strategy": "Plain",
            "Partial Mode": "Finalize",
            "Parallel Aware": false,
            "Startup Cost": 38226.96,
            "Total Cost": 38226.97,
            "Plan Rows": 1,
            "Plan Width": 8,
            "Actual Startup Time": 106.087,
            "Actual Total Time": 112.858,
            "Actual Rows": 1,
            "Actual Loops": 1,
            "Output": [
                "count(*)"
            ],
            "Plans": [
                {
                    "Node Type": "Gather",
                    "Parent Relationship": "Outer",
                    "Parallel Aware": false,
                    "Startup Cost": 38226.64,
                    "Total Cost": 38226.95,
                    "Plan Rows": 3,
                    "Plan Width": 8,
                    "Actual Startup Time": 105.803,
                    "Actual Total Time": 112.849,
                    "Actual Rows": 4,
                    "Actual Loops": 1,
                    "Output": [
                        "(PARTIAL count(*))"
                    ],
                    "Workers Planned": 3,
                    "Workers Launched": 3,
                    "Single Copy": false,
                    "Plans": [
                        {
                            "Node Type": "Aggregate",
                            "Strategy": "Plain",
                            "Partial Mode": "Partial",
                            "Parent Relationship": "Outer",
                            "Parallel Aware": false,
                            "Startup Cost": 37226.64,
                            "Total Cost": 37226.65,
                            "Plan Rows": 1,
                            "Plan Width": 8,
                            "Actual Startup Time": 97.029,
                            "Actual Total Time": 97.03,
                            "Actual Rows": 1,
                            "Actual Loops": 4,
                            "Output": [
                                "PARTIAL count(*)"
                            ],
                            "Workers": [
                                {
                                    "Worker Number": 0,
                                    "Actual Startup Time": 93.732,
                                    "Actual Total Time": 93.734,
                                    "Actual Rows": 1,
                                    "Actual Loops": 1
                                },
                                {
                                    "Worker Number": 1,
                                    "Actual Startup Time": 94.241,
                                    "Actual Total Time": 94.243,
                                    "Actual Rows": 1,
                                    "Actual Loops": 1
                                },
                                {
                                    "Worker Number": 2,
                                    "Actual Startup Time": 94.616,
                                    "Actual Total Time": 94.618,
                                    "Actual Rows": 1,
                                    "Actual Loops": 1
                                }
                            ],
                            "Plans": [
                                {
                                    "Node Type": "Bitmap Heap Scan",
                                    "Parent Relationship": "Outer",
                                    "Parallel Aware": true,
                                    "Relation Name": "movie_keyword",
                                    "Schema": "public",
                                    "Alias": "mk",
                                    "Startup Cost": 10400.23,
                                    "Total Cost": 36831.24,
                                    "Plan Rows": 158160,
                                    "Plan Width": 0,
                                    "Actual Startup Time": 24.359,
                                    "Actual Total Time": 90.463,
                                    "Actual Rows": 120215,
                                    "Actual Loops": 4,
                                    "Recheck Cond": "(mk.keyword_id > 37217)",
                                    "Rows Removed by Index Recheck": 0,
                                    "Exact Heap Blocks": 10813,
                                    "Lossy Heap Blocks": 0,
                                    "Workers": [
                                        {
                                            "Worker Number": 0,
                                            "Actual Startup Time": 21.211,
                                            "Actual Total Time": 88.373,
                                            "Actual Rows": 75474,
                                            "Actual Loops": 1
                                        },
                                        {
                                            "Worker Number": 1,
                                            "Actual Startup Time": 21.73,
                                            "Actual Total Time": 88.296,
                                            "Actual Rows": 89226,
                                            "Actual Loops": 1
                                        },
                                        {
                                            "Worker Number": 2,
                                            "Actual Startup Time": 21.943,
                                            "Actual Total Time": 88.588,
                                            "Actual Rows": 90692,
                                            "Actual Loops": 1
                                        }
                                    ],
                                    "Plans": [
                                        {
                                            "Node Type": "Bitmap Index Scan",
                                            "Parent Relationship": "Outer",
                                            "Parallel Aware": false,
                                            "Index Name": "keyword_id_movie_keyword",
                                            "Startup Cost": 0.0,
                                            "Total Cost": 10277.66,
                                            "Plan Rows": 490297,
                                            "Plan Width": 0,
                                            "Actual Startup Time": 29.264,
                                            "Actual Total Time": 29.265,
                                            "Actual Rows": 480860,
                                            "Actual Loops": 1,
                                            "Index Cond": "(mk.keyword_id > 37217)"
                                        }
                                    ]
                                }
                            ]
                        }
                    ]
                }
            ]
        },
        "Planning Time": 179.215,
        "Triggers": [],
        "Execution Time": 112.915
    }
]