[
  {
    "Plan": {
      "Node Type": "Aggregate",
      "Strategy": "Plain",
      "Partial Mode": "Simple",
      "Parallel Aware": false,
      "Startup Cost": 26699.73,
      "Total Cost": 26699.74,
      "Plan Rows": 1,
      "Plan Width": 8,
      "Actual Startup Time": 51.151,
      "Actual Total Time": 51.152,
      "Actual Rows": 1,
      "Actual Loops": 1,
      "Plans": [
        {
          "Node Type": "Bitmap Heap Scan",
          "Parent Relationship": "Outer",
          "Parallel Aware": false,
          "Relation Name": "movie_keyword",
          "Alias": "mk",
          "Startup Cost": 1316.52,
          "Total Cost": 26544.86,
          "Plan Rows": 61947,
          "Plan Width": 0,
          "Actual Startup Time": 17.072,
          "Actual Total Time": 48.164,
          "Actual Rows": 60883,
          "Actual Loops": 1,
          "Recheck Cond": "(keyword_id > 94855)",
          "Rows Removed by Index Recheck": 0,
          "Exact Heap Blocks": 13800,
          "Lossy Heap Blocks": 0,
          "Plans": [
            {
              "Node Type": "Bitmap Index Scan",
              "Parent Relationship": "Outer",
              "Parallel Aware": false,
              "Index Name": "keyword_id_movie_keyword",
              "Startup Cost": 0.0,
              "Total Cost": 1301.03,
              "Plan Rows": 61947,
              "Plan Width": 0,
              "Actual Startup Time": 13.221,
              "Actual Total Time": 13.222,
              "Actual Rows": 60883,
              "Actual Loops": 1,
              "Index Cond": "(keyword_id > 94855)"
            }
          ]
        }
      ]
    },
    "Planning Time": 0.307,
    "Triggers": [],
    "Execution Time": 51.268
  }
]