[
    {
        "Bao": {
            "Bao prediction": "NaN",
            "Bao recommended hint": "(no hint)"
        }
    },
    {
        "Plan": {
            "Node Type": "Aggregate",
            "Strategy": "Plain",
            "Partial Mode": "Finalize",
            "Parallel Aware": false,
            "Startup Cost": 79646.72,
            "Total Cost": 79646.73,
            "Plan Rows": 1,
            "Plan Width": 8,
            "Actual Startup Time": 278.839,
            "Actual Total Time": 287.567,
            "Actual Rows": 1,
            "Actual Loops": 1,
            "Output": [
                "count(*)"
            ],
            "Plans": [
                {
                    "Node Type": "Gather",
                    "Parent Relationship": "Outer",
                    "Parallel Aware": false,
                    "Startup Cost": 79646.3,
                    "Total Cost": 79646.71,
                    "Plan Rows": 4,
                    "Plan Width": 8,
                    "Actual Startup Time": 275.317,
                    "Actual Total Time": 287.56,
                    "Actual Rows": 5,
                    "Actual Loops": 1,
                    "Output": [
                        "(PARTIAL count(*))"
                    ],
                    "Workers Planned": 4,
                    "Workers Launched": 4,
                    "Single Copy": false,
                    "Plans": [
                        {
                            "Node Type": "Aggregate",
                            "Strategy": "Plain",
                            "Partial Mode": "Partial",
                            "Parent Relationship": "Outer",
                            "Parallel Aware": false,
                            "Startup Cost": 78646.3,
                            "Total Cost": 78646.31,
                            "Plan Rows": 1,
                            "Plan Width": 8,
                            "Actual Startup Time": 266.409,
                            "Actual Total Time": 266.411,
                            "Actual Rows": 1,
                            "Actual Loops": 5,
                            "Output": [
                                "PARTIAL count(*)"
                            ],
                            "Workers": [
                                {
                                    "Worker Number": 0,
                                    "Actual Startup Time": 264.225,
                                    "Actual Total Time": 264.227,
                                    "Actual Rows": 1,
                                    "Actual Loops": 1
                                },
                                {
                                    "Worker Number": 1,
                                    "Actual Startup Time": 264.239,
                                    "Actual Total Time": 264.242,
                                    "Actual Rows": 1,
                                    "Actual Loops": 1
                                },
                                {
                                    "Worker Number": 2,
                                    "Actual Startup Time": 264.31,
                                    "Actual Total Time": 264.313,
                                    "Actual Rows": 1,
                                    "Actual Loops": 1
                                },
                                {
                                    "Worker Number": 3,
                                    "Actual Startup Time": 264.347,
                                    "Actual Total Time": 264.349,
                                    "Actual Rows": 1,
                                    "Actual Loops": 1
                                }
                            ],
                            "Plans": [
                                {
                                    "Node Type": "Hash Join",
                                    "Parent Relationship": "Outer",
                                    "Parallel Aware": true,
                                    "Join Type": "Inner",
                                    "Startup Cost": 31781.78,
                                    "Total Cost": 78364.99,
                                    "Plan Rows": 112526,
                                    "Plan Width": 0,
                                    "Actual Startup Time": 103.813,
                                    "Actual Total Time": 261.268,
                                    "Actual Rows": 104010,
                                    "Actual Loops": 5,
                                    "Inner Unique": false,
                                    "Hash Cond": "(t.id = mc.movie_id)",
                                    "Workers": [
                                        {
                                            "Worker Number": 0,
                                            "Actual Startup Time": 101.304,
                                            "Actual Total Time": 259.225,
                                            "Actual Rows": 107688,
                                            "Actual Loops": 1
                                        },
                                        {
                                            "Worker Number": 1,
                                            "Actual Startup Time": 101.839,
                                            "Actual Total Time": 259.219,
                                            "Actual Rows": 108308,
                                            "Actual Loops": 1
                                        },
                                        {
                                            "Worker Number": 2,
                                            "Actual Startup Time": 101.721,
                                            "Actual Total Time": 258.716,
                                            "Actual Rows": 71780,
                                            "Actual Loops": 1
                                        },
                                        {
                                            "Worker Number": 3,
                                            "Actual Startup Time": 101.736,
                                            "Actual Total Time": 259.35,
                                            "Actual Rows": 106427,
                                            "Actual Loops": 1
                                        }
                                    ],
                                    "Plans": [
                                        {
                                            "Node Type": "Seq Scan",
                                            "Parent Relationship": "Outer",
                                            "Parallel Aware": true,
                                            "Relation Name": "title",
                                            "Schema": "public",
                                            "Alias": "t",
                                            "Startup Cost": 0.0,
                                            "Total Cost": 43899.01,
                                            "Plan Rows": 464242,
                                            "Plan Width": 4,
                                            "Actual Startup Time": 0.018,
                                            "Actual Total Time": 68.593,
                                            "Actual Rows": 373097,
                                            "Actual Loops": 5,
                                            "Output": [
                                                "t.id",
                                                "t.title",
                                                "t.imdb_index",
                                                "t.kind_id",
                                                "t.production_year",
                                                "t.imdb_id",
                                                "t.phonetic_code",
                                                "t.episode_of_id",
                                                "t.season_nr",
                                                "t.episode_nr",
                                                "t.series_years",
                                                "t.md5sum"
                                            ],
                                            "Filter": "(t.kind_id > 1)",
                                            "Rows Removed by Filter": 132565,
                                            "Workers": [
                                                {
                                                    "Worker Number": 0,
                                                    "Actual Startup Time": 0.026,
                                                    "Actual Total Time": 68.777,
                                                    "Actual Rows": 385279,
                                                    "Actual Loops": 1
                                                },
                                                {
                                                    "Worker Number": 1,
                                                    "Actual Startup Time": 0.017,
                                                    "Actual Total Time": 68.776,
                                                    "Actual Rows": 387506,
                                                    "Actual Loops": 1
                                                },
                                                {
                                                    "Worker Number": 2,
                                                    "Actual Startup Time": 0.021,
                                                    "Actual Total Time": 74.867,
                                                    "Actual Rows": 258875,
                                                    "Actual Loops": 1
                                                },
                                                {
                                                    "Worker Number": 3,
                                                    "Actual Startup Time": 0.017,
                                                    "Actual Total Time": 68.651,
                                                    "Actual Rows": 380485,
                                                    "Actual Loops": 1
                                                }
                                            ]
                                        },
                                        {
                                            "Node Type": "Hash",
                                            "Parent Relationship": "Inner",
                                            "Parallel Aware": true,
                                            "Startup Cost": 29310.68,
                                            "Total Cost": 29310.68,
                                            "Plan Rows": 197688,
                                            "Plan Width": 4,
                                            "Actual Startup Time": 100.377,
                                            "Actual Total Time": 100.378,
                                            "Actual Rows": 122515,
                                            "Actual Loops": 5,
                                            "Output": [
                                                "mc.movie_id"
                                            ],
                                            "Hash Buckets": 1048576,
                                            "Original Hash Buckets": 1048576,
                                            "Hash Batches": 1,
                                            "Original Hash Batches": 1,
                                            "Peak Memory Usage": 32224,
                                            "Workers": [
                                                {
                                                    "Worker Number": 0,
                                                    "Actual Startup Time": 100.581,
                                                    "Actual Total Time": 100.582,
                                                    "Actual Rows": 112346,
                                                    "Actual Loops": 1
                                                },
                                                {
                                                    "Worker Number": 1,
                                                    "Actual Startup Time": 100.859,
                                                    "Actual Total Time": 100.86,
                                                    "Actual Rows": 111017,
                                                    "Actual Loops": 1
                                                },
                                                {
                                                    "Worker Number": 2,
                                                    "Actual Startup Time": 100.922,
                                                    "Actual Total Time": 100.922,
                                                    "Actual Rows": 88901,
                                                    "Actual Loops": 1
                                                },
                                                {
                                                    "Worker Number": 3,
                                                    "Actual Startup Time": 100.96,
                                                    "Actual Total Time": 100.961,
                                                    "Actual Rows": 112380,
                                                    "Actual Loops": 1
                                                }
                                            ],
                                            "Plans": [
                                                {
                                                    "Node Type": "Seq Scan",
                                                    "Parent Relationship": "Outer",
                                                    "Parallel Aware": true,
                                                    "Relation Name": "movie_companies",
                                                    "Schema": "public",
                                                    "Alias": "mc",
                                                    "Startup Cost": 0.0,
                                                    "Total Cost": 29310.68,
                                                    "Plan Rows": 197688,
                                                    "Plan Width": 4,
                                                    "Actual Startup Time": 0.057,
                                                    "Actual Total Time": 58.375,
                                                    "Actual Rows": 122515,
                                                    "Actual Loops": 5,
                                                    "Output": [
                                                        "mc.movie_id"
                                                    ],
                                                    "Filter": "(mc.company_id < 737)",
                                                    "Rows Removed by Filter": 399310,
                                                    "Workers": [
                                                        {
                                                            "Worker Number": 0,
                                                            "Actual Startup Time": 0.069,
                                                            "Actual Total Time": 58.714,
                                                            "Actual Rows": 112346,
                                                            "Actual Loops": 1
                                                        },
                                                        {
                                                            "Worker Number": 1,
                                                            "Actual Startup Time": 0.068,
                                                            "Actual Total Time": 58.773,
                                                            "Actual Rows": 111017,
                                                            "Actual Loops": 1
                                                        },
                                                        {
                                                            "Worker Number": 2,
                                                            "Actual Startup Time": 0.07,
                                                            "Actual Total Time": 60.542,
                                                            "Actual Rows": 88901,
                                                            "Actual Loops": 1
                                                        },
                                                        {
                                                            "Worker Number": 3,
                                                            "Actual Startup Time": 0.063,
                                                            "Actual Total Time": 58.638,
                                                            "Actual Rows": 112380,
                                                            "Actual Loops": 1
                                                        }
                                                    ]
                                                }
                                            ]
                                        }
                                    ]
                                }
                            ]
                        }
                    ]
                }
            ]
        },
        "Planning Time": 210.284,
        "Triggers": [],
        "Execution Time": 287.627
    }
]