[
  {
    "Plan": {
      "Node Type": "Aggregate",
      "Strategy": "Plain",
      "Partial Mode": "Finalize",
      "Parallel Aware": false,
      "Startup Cost": 421863.34,
      "Total Cost": 421863.35,
      "Plan Rows": 1,
      "Plan Width": 8,
      "Actual Startup Time": 2452.87,
      "Actual Total Time": 2514.091,
      "Actual Rows": 1,
      "Actual Loops": 1,
      "Plans": [
        {
          "Node Type": "Gather",
          "Parent Relationship": "Outer",
          "Parallel Aware": false,
          "Startup Cost": 421862.72,
          "Total Cost": 421863.33,
          "Plan Rows": 6,
          "Plan Width": 8,
          "Actual Startup Time": 2446.685,
          "Actual Total Time": 2514.083,
          "Actual Rows": 7,
          "Actual Loops": 1,
          "Workers Planned": 6,
          "Workers Launched": 6,
          "Single Copy": false,
          "Plans": [
            {
              "Node Type": "Aggregate",
              "Strategy": "Plain",
              "Partial Mode": "Partial",
              "Parent Relationship": "Outer",
              "Parallel Aware": false,
              "Startup Cost": 420862.72,
              "Total Cost": 420862.73,
              "Plan Rows": 1,
              "Plan Width": 8,
              "Actual Startup Time": 2436.818,
              "Actual Total Time": 2436.824,
              "Actual Rows": 1,
              "Actual Loops": 7,
              "Plans": [
                {
                  "Node Type": "Hash Join",
                  "Parent Relationship": "Outer",
                  "Parallel Aware": true,
                  "Join Type": "Inner",
                  "Startup Cost": 78368.55,
                  "Total Cost": 417924.12,
                  "Plan Rows": 1175438,
                  "Plan Width": 0,
                  "Actual Startup Time": 274.028,
                  "Actual Total Time": 2210.937,
                  "Actual Rows": 4725934,
                  "Actual Loops": 7,
                  "Inner Unique": false,
                  "Hash Cond": "(ci.movie_id = t.id)",
                  "Plans": [
                    {
                      "Node Type": "Seq Scan",
                      "Parent Relationship": "Outer",
                      "Parallel Aware": true,
                      "Relation Name": "cast_info",
                      "Alias": "ci",
                      "Startup Cost": 0.0,
                      "Total Cost": 313106.51,
                      "Plan Rows": 6041951,
                      "Plan Width": 4,
                      "Actual Startup Time": 0.024,
                      "Actual Total Time": 585.351,
                      "Actual Rows": 5177763,
                      "Actual Loops": 7
                    },
                    {
                      "Node Type": "Hash",
                      "Parent Relationship": "Inner",
                      "Parallel Aware": true,
                      "Startup Cost": 76385.1,
                      "Total Cost": 76385.1,
                      "Plan Rows": 158676,
                      "Plan Width": 8,
                      "Actual Startup Time": 272.305,
                      "Actual Total Time": 272.31,
                      "Actual Rows": 93968,
                      "Actual Loops": 7,
                      "Hash Buckets": 1048576,
                      "Original Hash Buckets": 524288,
                      "Hash Batches": 1,
                      "Original Hash Batches": 1,
                      "Peak Memory Usage": 38144,
                      "Plans": [
                        {
                          "Node Type": "Hash Join",
                          "Parent Relationship": "Outer",
                          "Parallel Aware": true,
                          "Join Type": "Inner",
                          "Startup Cost": 46969.21,
                          "Total Cost": 76385.1,
                          "Plan Rows": 158676,
                          "Plan Width": 8,
                          "Actual Startup Time": 121.021,
                          "Actual Total Time": 223.16,
                          "Actual Rows": 93968,
                          "Actual Loops": 7,
                          "Inner Unique": true,
                          "Hash Cond": "(mc.movie_id = t.id)",
                          "Plans": [
                            {
                              "Node Type": "Seq Scan",
                              "Parent Relationship": "Outer",
                              "Parallel Aware": true,
                              "Relation Name": "movie_companies",
                              "Alias": "mc",
                              "Startup Cost": 0.0,
                              "Total Cost": 27206.55,
                              "Plan Rows": 841655,
                              "Plan Width": 4,
                              "Actual Startup Time": 0.031,
                              "Actual Total Time": 45.455,
                              "Actual Rows": 372733,
                              "Actual Loops": 7
                            },
                            {
                              "Node Type": "Hash",
                              "Parent Relationship": "Inner",
                              "Parallel Aware": true,
                              "Startup Cost": 45479.59,
                              "Total Cost": 45479.59,
                              "Plan Rows": 119170,
                              "Plan Width": 4,
                              "Actual Startup Time": 100.953,
                              "Actual Total Time": 100.954,
                              "Actual Rows": 50078,
                              "Actual Loops": 7,
                              "Hash Buckets": 524288,
                              "Original Hash Buckets": 524288,
                              "Hash Batches": 1,
                              "Original Hash Batches": 1,
                              "Peak Memory Usage": 17920,
                              "Plans": [
                                {
                                  "Node Type": "Seq Scan",
                                  "Parent Relationship": "Outer",
                                  "Parallel Aware": true,
                                  "Relation Name": "title",
                                  "Alias": "t",
                                  "Startup Cost": 0.0,
                                  "Total Cost": 45479.59,
                                  "Plan Rows": 119170,
                                  "Plan Width": 4,
                                  "Actual Startup Time": 39.792,
                                  "Actual Total Time": 78.208,
                                  "Actual Rows": 50078,
                                  "Actual Loops": 7,
                                  "Filter": "((kind_id < 2) AND (production_year > 1987))",
                                  "Rows Removed by Filter": 311110
                                }
                              ]
                            }
                          ]
                        }
                      ]
                    }
                  ]
                }
              ]
            }
          ]
        }
      ]
    },
    "Planning Time": 0.678,
    "Triggers": [],
    "Execution Time": 2514.159
  }
]