[
  {
    "Plan": {
      "Node Type": "Aggregate",
      "Strategy": "Plain",
      "Partial Mode": "Simple",
      "Parallel Aware": false,
      "Startup Cost": 26784.85,
      "Total Cost": 26784.86,
      "Plan Rows": 1,
      "Plan Width": 8,
      "Actual Startup Time": 36.226,
      "Actual Total Time": 36.227,
      "Actual Rows": 1,
      "Actual Loops": 1,
      "Plans": [
        {
          "Node Type": "Bitmap Heap Scan",
          "Parent Relationship": "Outer",
          "Parallel Aware": false,
          "Relation Name": "movie_keyword",
          "Alias": "mk",
          "Startup Cost": 628.45,
          "Total Cost": 26711.3,
          "Plan Rows": 29422,
          "Plan Width": 0,
          "Actual Startup Time": 9.773,
          "Actual Total Time": 33.185,
          "Actual Rows": 29618,
          "Actual Loops": 1,
          "Recheck Cond": "(keyword_id > 110761)",
          "Rows Removed by Index Recheck": 0,
          "Exact Heap Blocks": 8464,
          "Lossy Heap Blocks": 0,
          "Plans": [
            {
              "Node Type": "Bitmap Index Scan",
              "Parent Relationship": "Outer",
              "Parallel Aware": false,
              "Index Name": "keyword_id_movie_keyword",
              "Startup Cost": 0.0,
              "Total Cost": 621.1,
              "Plan Rows": 29422,
              "Plan Width": 0,
              "Actual Startup Time": 5.738,
              "Actual Total Time": 5.739,
              "Actual Rows": 29618,
              "Actual Loops": 1,
              "Index Cond": "(keyword_id > 110761)"
            }
          ]
        }
      ]
    },
    "Planning Time": 0.212,
    "Triggers": [],
    "Execution Time": 36.271
  }
]