[
  {
    "Plan": {
      "Node Type": "Aggregate",
      "Strategy": "Plain",
      "Partial Mode": "Finalize",
      "Parallel Aware": false,
      "Startup Cost": 31259.69,
      "Total Cost": 31259.7,
      "Plan Rows": 1,
      "Plan Width": 8,
      "Actual Startup Time": 102.219,
      "Actual Total Time": 109.831,
      "Actual Rows": 1,
      "Actual Loops": 1,
      "Plans": [
        {
          "Node Type": "Gather",
          "Parent Relationship": "Outer",
          "Parallel Aware": false,
          "Startup Cost": 31259.37,
          "Total Cost": 31259.68,
          "Plan Rows": 3,
          "Plan Width": 8,
          "Actual Startup Time": 102.094,
          "Actual Total Time": 109.821,
          "Actual Rows": 4,
          "Actual Loops": 1,
          "Workers Planned": 3,
          "Workers Launched": 3,
          "Single Copy": false,
          "Plans": [
            {
              "Node Type": "Aggregate",
              "Strategy": "Plain",
              "Partial Mode": "Partial",
              "Parent Relationship": "Outer",
              "Parallel Aware": false,
              "Startup Cost": 30259.37,
              "Total Cost": 30259.38,
              "Plan Rows": 1,
              "Plan Width": 8,
              "Actual Startup Time": 94.435,
              "Actual Total Time": 94.436,
              "Actual Rows": 1,
              "Actual Loops": 4,
              "Plans": [
                {
                  "Node Type": "Seq Scan",
                  "Parent Relationship": "Outer",
                  "Parallel Aware": true,
                  "Relation Name": "movie_companies",
                  "Alias": "mc",
                  "Startup Cost": 0.0,
                  "Total Cost": 29310.68,
                  "Plan Rows": 379476,
                  "Plan Width": 0,
                  "Actual Startup Time": 23.379,
                  "Actual Total Time": 81.94,
                  "Actual Rows": 294437,
                  "Actual Loops": 4,
                  "Filter": "(company_id > 12667)",
                  "Rows Removed by Filter": 357845
                }
              ]
            }
          ]
        }
      ]
    },
    "Planning Time": 0.195,
    "Triggers": [],
    "Execution Time": 109.898
  }
]