[
  {
    "Plan": {
      "Node Type": "Aggregate",
      "Strategy": "Plain",
      "Partial Mode": "Finalize",
      "Parallel Aware": false,
      "Startup Cost": 46628.01,
      "Total Cost": 46628.02,
      "Plan Rows": 1,
      "Plan Width": 8,
      "Actual Startup Time": 153.0,
      "Actual Total Time": 162.028,
      "Actual Rows": 1,
      "Actual Loops": 1,
      "Plans": [
        {
          "Node Type": "Gather",
          "Parent Relationship": "Outer",
          "Parallel Aware": false,
          "Startup Cost": 46627.69,
          "Total Cost": 46628.0,
          "Plan Rows": 3,
          "Plan Width": 8,
          "Actual Startup Time": 152.883,
          "Actual Total Time": 162.017,
          "Actual Rows": 4,
          "Actual Loops": 1,
          "Workers Planned": 3,
          "Workers Launched": 3,
          "Single Copy": false,
          "Plans": [
            {
              "Node Type": "Aggregate",
              "Strategy": "Plain",
              "Partial Mode": "Partial",
              "Parent Relationship": "Outer",
              "Parallel Aware": false,
              "Startup Cost": 45627.69,
              "Total Cost": 45627.7,
              "Plan Rows": 1,
              "Plan Width": 8,
              "Actual Startup Time": 148.246,
              "Actual Total Time": 148.248,
              "Actual Rows": 1,
              "Actual Loops": 4,
              "Plans": [
                {
                  "Node Type": "Seq Scan",
                  "Parent Relationship": "Outer",
                  "Parallel Aware": true,
                  "Relation Name": "movie_keyword",
                  "Alias": "mk",
                  "Startup Cost": 0.0,
                  "Total Cost": 42695.65,
                  "Plan Rows": 1172815,
                  "Plan Width": 0,
                  "Actual Startup Time": 0.054,
                  "Actual Total Time": 110.487,
                  "Actual Rows": 907776,
                  "Actual Loops": 4,
                  "Filter": "(keyword_id > 844)",
                  "Rows Removed by Filter": 223207
                }
              ]
            }
          ]
        }
      ]
    },
    "Planning Time": 0.063,
    "Triggers": [],
    "Execution Time": 162.061
  }
]