[
  {
    "Plan": {
      "Node Type": "Aggregate",
      "Strategy": "Plain",
      "Partial Mode": "Finalize",
      "Parallel Aware": false,
      "Startup Cost": 77069.91,
      "Total Cost": 77069.92,
      "Plan Rows": 1,
      "Plan Width": 8,
      "Actual Startup Time": 550.567,
      "Actual Total Time": 610.352,
      "Actual Rows": 1,
      "Actual Loops": 1,
      "Plans": [
        {
          "Node Type": "Gather",
          "Parent Relationship": "Outer",
          "Parallel Aware": false,
          "Startup Cost": 77069.69,
          "Total Cost": 77069.9,
          "Plan Rows": 2,
          "Plan Width": 8,
          "Actual Startup Time": 549.117,
          "Actual Total Time": 610.34,
          "Actual Rows": 3,
          "Actual Loops": 1,
          "Workers Planned": 2,
          "Workers Launched": 2,
          "Single Copy": false,
          "Plans": [
            {
              "Node Type": "Aggregate",
              "Strategy": "Plain",
              "Partial Mode": "Partial",
              "Parent Relationship": "Outer",
              "Parallel Aware": false,
              "Startup Cost": 76069.69,
              "Total Cost": 76069.7,
              "Plan Rows": 1,
              "Plan Width": 8,
              "Actual Startup Time": 544.449,
              "Actual Total Time": 544.453,
              "Actual Rows": 1,
              "Actual Loops": 3,
              "Plans": [
                {
                  "Node Type": "Nested Loop",
                  "Parent Relationship": "Outer",
                  "Parallel Aware": false,
                  "Join Type": "Inner",
                  "Startup Cost": 45565.34,
                  "Total Cost": 76023.62,
                  "Plan Rows": 18429,
                  "Plan Width": 0,
                  "Actual Startup Time": 114.14,
                  "Actual Total Time": 540.921,
                  "Actual Rows": 51890,
                  "Actual Loops": 3,
                  "Inner Unique": false,
                  "Join Filter": "(t.id = ci.movie_id)",
                  "Rows Removed by Join Filter": 0,
                  "Plans": [
                    {
                      "Node Type": "Hash Join",
                      "Parent Relationship": "Outer",
                      "Parallel Aware": true,
                      "Join Type": "Inner",
                      "Startup Cost": 45564.77,
                      "Total Cost": 60759.33,
                      "Plan Rows": 6200,
                      "Plan Width": 8,
                      "Actual Startup Time": 113.485,
                      "Actual Total Time": 203.982,
                      "Actual Rows": 10600,
                      "Actual Loops": 3,
                      "Inner Unique": true,
                      "Hash Cond": "(mi_idx.movie_id = t.id)",
                      "Plans": [
                        {
                          "Node Type": "Seq Scan",
                          "Parent Relationship": "Outer",
                          "Parallel Aware": true,
                          "Relation Name": "movie_info_idx",
                          "Alias": "mi_idx",
                          "Startup Cost": 0.0,
                          "Total Cost": 13685.15,
                          "Plan Rows": 575015,
                          "Plan Width": 4,
                          "Actual Startup Time": 0.012,
                          "Actual Total Time": 41.714,
                          "Actual Rows": 460012,
                          "Actual Loops": 3
                        },
                        {
                          "Node Type": "Hash",
                          "Parent Relationship": "Inner",
                          "Parallel Aware": true,
                          "Startup Cost": 45479.59,
                          "Total Cost": 45479.59,
                          "Plan Rows": 6815,
                          "Plan Width": 4,
                          "Actual Startup Time": 112.931,
                          "Actual Total Time": 112.932,
                          "Actual Rows": 7975,
                          "Actual Loops": 3,
                          "Hash Buckets": 32768,
                          "Original Hash Buckets": 32768,
                          "Hash Batches": 1,
                          "Original Hash Batches": 1,
                          "Peak Memory Usage": 1248,
                          "Plans": [
                            {
                              "Node Type": "Seq Scan",
                              "Parent Relationship": "Outer",
                              "Parallel Aware": true,
                              "Relation Name": "title",
                              "Alias": "t",
                              "Startup Cost": 0.0,
                              "Total Cost": 45479.59,
                              "Plan Rows": 6815,
                              "Plan Width": 4,
                              "Actual Startup Time": 0.134,
                              "Actual Total Time": 109.733,
                              "Actual Rows": 7975,
                              "Actual Loops": 3,
                              "Filter": "((kind_id < 7) AND (production_year = 2003))",
                              "Rows Removed by Filter": 834795
                            }
                          ]
                        }
                      ]
                    },
                    {
                      "Node Type": "Index Scan",
                      "Parent Relationship": "Inner",
                      "Parallel Aware": false,
                      "Scan Direction": "Forward",
                      "Index Name": "movie_id_cast_info",
                      "Relation Name": "cast_info",
                      "Alias": "ci",
                      "Startup Cost": 0.56,
                      "Total Cost": 2.37,
                      "Plan Rows": 7,
                      "Plan Width": 4,
                      "Actual Startup Time": 0.016,
                      "Actual Total Time": 0.031,
                      "Actual Rows": 5,
                      "Actual Loops": 31800,
                      "Index Cond": "(movie_id = mi_idx.movie_id)",
                      "Rows Removed by Index Recheck": 0,
                      "Filter": "(role_id = 2)",
                      "Rows Removed by Filter": 22
                    }
                  ]
                }
              ]
            }
          ]
        }
      ]
    },
    "Planning Time": 0.587,
    "Triggers": [],
    "Execution Time": 610.419
  }
]