[
  {
    "Plan": {
      "Node Type": "Aggregate",
      "Strategy": "Plain",
      "Partial Mode": "Finalize",
      "Parallel Aware": false,
      "Startup Cost": 89583.67,
      "Total Cost": 89583.68,
      "Plan Rows": 1,
      "Plan Width": 8,
      "Actual Startup Time": 296.654,
      "Actual Total Time": 314.731,
      "Actual Rows": 1,
      "Actual Loops": 1,
      "Plans": [
        {
          "Node Type": "Gather",
          "Parent Relationship": "Outer",
          "Parallel Aware": false,
          "Startup Cost": 89583.35,
          "Total Cost": 89583.66,
          "Plan Rows": 3,
          "Plan Width": 8,
          "Actual Startup Time": 296.04,
          "Actual Total Time": 314.724,
          "Actual Rows": 4,
          "Actual Loops": 1,
          "Workers Planned": 3,
          "Workers Launched": 3,
          "Single Copy": false,
          "Plans": [
            {
              "Node Type": "Aggregate",
              "Strategy": "Plain",
              "Partial Mode": "Partial",
              "Parent Relationship": "Outer",
              "Parallel Aware": false,
              "Startup Cost": 88583.35,
              "Total Cost": 88583.36,
              "Plan Rows": 1,
              "Plan Width": 8,
              "Actual Startup Time": 287.094,
              "Actual Total Time": 287.135,
              "Actual Rows": 1,
              "Actual Loops": 4,
              "Plans": [
                {
                  "Node Type": "Hash Join",
                  "Parent Relationship": "Outer",
                  "Parallel Aware": true,
                  "Join Type": "Inner",
                  "Startup Cost": 45633.82,
                  "Total Cost": 88511.9,
                  "Plan Rows": 28579,
                  "Plan Width": 0,
                  "Actual Startup Time": 142.601,
                  "Actual Total Time": 285.096,
                  "Actual Rows": 46682,
                  "Actual Loops": 4,
                  "Inner Unique": true,
                  "Hash Cond": "(mk.movie_id = t.id)",
                  "Plans": [
                    {
                      "Node Type": "Seq Scan",
                      "Parent Relationship": "Outer",
                      "Parallel Aware": true,
                      "Relation Name": "movie_keyword",
                      "Alias": "mk",
                      "Startup Cost": 0.0,
                      "Total Cost": 39047.32,
                      "Plan Rows": 1459332,
                      "Plan Width": 4,
                      "Actual Startup Time": 0.025,
                      "Actual Total Time": 86.752,
                      "Actual Rows": 1130982,
                      "Actual Loops": 4
                    },
                    {
                      "Node Type": "Hash",
                      "Parent Relationship": "Inner",
                      "Parallel Aware": true,
                      "Startup Cost": 45479.1,
                      "Total Cost": 45479.1,
                      "Plan Rows": 12378,
                      "Plan Width": 4,
                      "Actual Startup Time": 107.569,
                      "Actual Total Time": 107.57,
                      "Actual Rows": 31964,
                      "Actual Loops": 4,
                      "Hash Buckets": 131072,
                      "Original Hash Buckets": 65536,
                      "Hash Batches": 1,
                      "Original Hash Batches": 1,
                      "Peak Memory Usage": 6560,
                      "Plans": [
                        {
                          "Node Type": "Seq Scan",
                          "Parent Relationship": "Outer",
                          "Parallel Aware": true,
                          "Relation Name": "title",
                          "Alias": "t",
                          "Startup Cost": 0.0,
                          "Total Cost": 45479.1,
                          "Plan Rows": 12378,
                          "Plan Width": 4,
                          "Actual Startup Time": 61.183,
                          "Actual Total Time": 96.091,
                          "Actual Rows": 31964,
                          "Actual Loops": 4,
                          "Filter": "((kind_id < 7) AND (production_year < 1935))",
                          "Rows Removed by Filter": 600114
                        }
                      ]
                    }
                  ]
                }
              ]
            }
          ]
        }
      ]
    },
    "Planning Time": 0.645,
    "Triggers": [],
    "Execution Time": 314.799
  }
]