[
    {
        "Bao": {
            "Bao prediction": "NaN",
            "Bao recommended hint": "(no hint)"
        }
    },
    {
        "Plan": {
            "Node Type": "Aggregate",
            "Strategy": "Plain",
            "Partial Mode": "Finalize",
            "Parallel Aware": false,
            "Startup Cost": 37403.42,
            "Total Cost": 37403.43,
            "Plan Rows": 1,
            "Plan Width": 8,
            "Actual Startup Time": 105.562,
            "Actual Total Time": 111.069,
            "Actual Rows": 1,
            "Actual Loops": 1,
            "Output": [
                "count(*)"
            ],
            "Plans": [
                {
                    "Node Type": "Gather",
                    "Parent Relationship": "Outer",
                    "Parallel Aware": false,
                    "Startup Cost": 37403.1,
                    "Total Cost": 37403.41,
                    "Plan Rows": 3,
                    "Plan Width": 8,
                    "Actual Startup Time": 105.313,
                    "Actual Total Time": 111.061,
                    "Actual Rows": 4,
                    "Actual Loops": 1,
                    "Output": [
                        "(PARTIAL count(*))"
                    ],
                    "Workers Planned": 3,
                    "Workers Launched": 3,
                    "Single Copy": false,
                    "Plans": [
                        {
                            "Node Type": "Aggregate",
                            "Strategy": "Plain",
                            "Partial Mode": "Partial",
                            "Parent Relationship": "Outer",
                            "Parallel Aware": false,
                            "Startup Cost": 36403.1,
                            "Total Cost": 36403.11,
                            "Plan Rows": 1,
                            "Plan Width": 8,
                            "Actual Startup Time": 97.179,
                            "Actual Total Time": 97.181,
                            "Actual Rows": 1,
                            "Actual Loops": 4,
                            "Output": [
                                "PARTIAL count(*)"
                            ],
                            "Workers": [
                                {
                                    "Worker Number": 0,
                                    "Actual Startup Time": 94.658,
                                    "Actual Total Time": 94.66,
                                    "Actual Rows": 1,
                                    "Actual Loops": 1
                                },
                                {
                                    "Worker Number": 1,
                                    "Actual Startup Time": 94.659,
                                    "Actual Total Time": 94.661,
                                    "Actual Rows": 1,
                                    "Actual Loops": 1
                                },
                                {
                                    "Worker Number": 2,
                                    "Actual Startup Time": 94.831,
                                    "Actual Total Time": 94.832,
                                    "Actual Rows": 1,
                                    "Actual Loops": 1
                                }
                            ],
                            "Plans": [
                                {
                                    "Node Type": "Bitmap Heap Scan",
                                    "Parent Relationship": "Outer",
                                    "Parallel Aware": true,
                                    "Relation Name": "movie_keyword",
                                    "Schema": "public",
                                    "Alias": "mk",
                                    "Startup Cost": 9730.26,
                                    "Total Cost": 36033.29,
                                    "Plan Rows": 147922,
                                    "Plan Width": 0,
                                    "Actual Startup Time": 24.631,
                                    "Actual Total Time": 90.608,
                                    "Actual Rows": 112767,
                                    "Actual Loops": 4,
                                    "Recheck Cond": "(mk.keyword_id > 39314)",
                                    "Rows Removed by Index Recheck": 0,
                                    "Exact Heap Blocks": 10660,
                                    "Lossy Heap Blocks": 0,
                                    "Workers": [
                                        {
                                            "Worker Number": 0,
                                            "Actual Startup Time": 22.119,
                                            "Actual Total Time": 88.507,
                                            "Actual Rows": 67664,
                                            "Actual Loops": 1
                                        },
                                        {
                                            "Worker Number": 1,
                                            "Actual Startup Time": 22.258,
                                            "Actual Total Time": 88.64,
                                            "Actual Rows": 90420,
                                            "Actual Loops": 1
                                        },
                                        {
                                            "Worker Number": 2,
                                            "Actual Startup Time": 22.426,
                                            "Actual Total Time": 89.273,
                                            "Actual Rows": 83289,
                                            "Actual Loops": 1
                                        }
                                    ],
                                    "Plans": [
                                        {
                                            "Node Type": "Bitmap Index Scan",
                                            "Parent Relationship": "Outer",
                                            "Parallel Aware": false,
                                            "Index Name": "keyword_id_movie_keyword",
                                            "Startup Cost": 0.0,
                                            "Total Cost": 9615.62,
                                            "Plan Rows": 458559,
                                            "Plan Width": 0,
                                            "Actual Startup Time": 28.191,
                                            "Actual Total Time": 28.191,
                                            "Actual Rows": 451069,
                                            "Actual Loops": 1,
                                            "Index Cond": "(mk.keyword_id > 39314)"
                                        }
                                    ]
                                }
                            ]
                        }
                    ]
                }
            ]
        },
        "Planning Time": 203.109,
        "Triggers": [],
        "Execution Time": 111.115
    }
]