[
  {
    "Plan": {
      "Node Type": "Aggregate",
      "Strategy": "Plain",
      "Partial Mode": "Finalize",
      "Parallel Aware": false,
      "Startup Cost": 45670.26,
      "Total Cost": 45670.27,
      "Plan Rows": 1,
      "Plan Width": 8,
      "Actual Startup Time": 136.994,
      "Actual Total Time": 144.236,
      "Actual Rows": 1,
      "Actual Loops": 1,
      "Plans": [
        {
          "Node Type": "Gather",
          "Parent Relationship": "Outer",
          "Parallel Aware": false,
          "Startup Cost": 45669.94,
          "Total Cost": 45670.25,
          "Plan Rows": 3,
          "Plan Width": 8,
          "Actual Startup Time": 136.859,
          "Actual Total Time": 144.228,
          "Actual Rows": 4,
          "Actual Loops": 1,
          "Workers Planned": 3,
          "Workers Launched": 3,
          "Single Copy": false,
          "Plans": [
            {
              "Node Type": "Aggregate",
              "Strategy": "Plain",
              "Partial Mode": "Partial",
              "Parent Relationship": "Outer",
              "Parallel Aware": false,
              "Startup Cost": 44669.94,
              "Total Cost": 44669.95,
              "Plan Rows": 1,
              "Plan Width": 8,
              "Actual Startup Time": 132.137,
              "Actual Total Time": 132.138,
              "Actual Rows": 1,
              "Actual Loops": 4,
              "Plans": [
                {
                  "Node Type": "Seq Scan",
                  "Parent Relationship": "Outer",
                  "Parallel Aware": true,
                  "Relation Name": "movie_keyword",
                  "Alias": "mk",
                  "Startup Cost": 0.0,
                  "Total Cost": 42695.65,
                  "Plan Rows": 789715,
                  "Plan Width": 0,
                  "Actual Startup Time": 0.046,
                  "Actual Total Time": 104.867,
                  "Actual Rows": 616612,
                  "Actual Loops": 4,
                  "Filter": "(keyword_id < 5935)",
                  "Rows Removed by Filter": 514371
                }
              ]
            }
          ]
        }
      ]
    },
    "Planning Time": 0.196,
    "Triggers": [],
    "Execution Time": 144.29
  }
]