[
  {
    "Plan": {
      "Node Type": "Aggregate",
      "Strategy": "Plain",
      "Partial Mode": "Simple",
      "Parallel Aware": false,
      "Startup Cost": 21504.0,
      "Total Cost": 21504.01,
      "Plan Rows": 1,
      "Plan Width": 8,
      "Actual Startup Time": 38.88,
      "Actual Total Time": 38.881,
      "Actual Rows": 1,
      "Actual Loops": 1,
      "Plans": [
        {
          "Node Type": "Bitmap Heap Scan",
          "Parent Relationship": "Outer",
          "Parallel Aware": false,
          "Relation Name": "movie_companies",
          "Alias": "mc",
          "Startup Cost": 1605.27,
          "Total Cost": 21319.21,
          "Plan Rows": 73915,
          "Plan Width": 0,
          "Actual Startup Time": 10.083,
          "Actual Total Time": 32.393,
          "Actual Rows": 73260,
          "Actual Loops": 1,
          "Recheck Cond": "(company_id > 174455)",
          "Rows Removed by Index Recheck": 0,
          "Exact Heap Blocks": 2532,
          "Lossy Heap Blocks": 0,
          "Plans": [
            {
              "Node Type": "Bitmap Index Scan",
              "Parent Relationship": "Outer",
              "Parallel Aware": false,
              "Index Name": "company_id_movie_companies",
              "Startup Cost": 0.0,
              "Total Cost": 1586.79,
              "Plan Rows": 73915,
              "Plan Width": 0,
              "Actual Startup Time": 9.239,
              "Actual Total Time": 9.239,
              "Actual Rows": 73260,
              "Actual Loops": 1,
              "Index Cond": "(company_id > 174455)"
            }
          ]
        }
      ]
    },
    "Planning Time": 0.186,
    "Triggers": [],
    "Execution Time": 38.948
  }
]