[
  {
    "Plan": {
      "Node Type": "Aggregate",
      "Strategy": "Plain",
      "Partial Mode": "Finalize",
      "Parallel Aware": false,
      "Startup Cost": 451658.43,
      "Total Cost": 451658.44,
      "Plan Rows": 1,
      "Plan Width": 8,
      "Actual Startup Time": 1401.795,
      "Actual Total Time": 1465.686,
      "Actual Rows": 1,
      "Actual Loops": 1,
      "Plans": [
        {
          "Node Type": "Gather",
          "Parent Relationship": "Outer",
          "Parallel Aware": false,
          "Startup Cost": 451657.81,
          "Total Cost": 451658.42,
          "Plan Rows": 6,
          "Plan Width": 8,
          "Actual Startup Time": 1384.426,
          "Actual Total Time": 1465.676,
          "Actual Rows": 7,
          "Actual Loops": 1,
          "Workers Planned": 6,
          "Workers Launched": 6,
          "Single Copy": false,
          "Plans": [
            {
              "Node Type": "Aggregate",
              "Strategy": "Plain",
              "Partial Mode": "Partial",
              "Parent Relationship": "Outer",
              "Parallel Aware": false,
              "Startup Cost": 450657.81,
              "Total Cost": 450657.82,
              "Plan Rows": 1,
              "Plan Width": 8,
              "Actual Startup Time": 1361.453,
              "Actual Total Time": 1361.458,
              "Actual Rows": 1,
              "Actual Loops": 7,
              "Plans": [
                {
                  "Node Type": "Hash Join",
                  "Parent Relationship": "Outer",
                  "Parallel Aware": true,
                  "Join Type": "Inner",
                  "Startup Cost": 101474.63,
                  "Total Cost": 445350.82,
                  "Plan Rows": 2122794,
                  "Plan Width": 0,
                  "Actual Startup Time": 565.169,
                  "Actual Total Time": 1311.177,
                  "Actual Rows": 1270028,
                  "Actual Loops": 7,
                  "Inner Unique": false,
                  "Hash Cond": "(ci.movie_id = t.id)",
                  "Plans": [
                    {
                      "Node Type": "Seq Scan",
                      "Parent Relationship": "Outer",
                      "Parallel Aware": true,
                      "Relation Name": "cast_info",
                      "Alias": "ci",
                      "Startup Cost": 0.0,
                      "Total Cost": 328162.03,
                      "Plan Rows": 2364386,
                      "Plan Width": 4,
                      "Actual Startup Time": 216.295,
                      "Actual Total Time": 531.691,
                      "Actual Rows": 2021792,
                      "Actual Loops": 7,
                      "Filter": "(person_id > 2250170)",
                      "Rows Removed by Filter": 3155971
                    },
                    {
                      "Node Type": "Hash",
                      "Parent Relationship": "Inner",
                      "Parallel Aware": true,
                      "Startup Cost": 92321.59,
                      "Total Cost": 92321.59,
                      "Plan Rows": 732243,
                      "Plan Width": 8,
                      "Actual Startup Time": 341.986,
                      "Actual Total Time": 341.99,
                      "Actual Rows": 80404,
                      "Actual Loops": 7,
                      "Hash Buckets": 4194304,
                      "Original Hash Buckets": 4194304,
                      "Hash Batches": 1,
                      "Original Hash Batches": 1,
                      "Peak Memory Usage": 54912,
                      "Plans": [
                        {
                          "Node Type": "Hash Join",
                          "Parent Relationship": "Outer",
                          "Parallel Aware": true,
                          "Join Type": "Inner",
                          "Startup Cost": 49443.51,
                          "Total Cost": 92321.59,
                          "Plan Rows": 732243,
                          "Plan Width": 8,
                          "Actual Startup Time": 170.205,
                          "Actual Total Time": 300.336,
                          "Actual Rows": 80404,
                          "Actual Loops": 7,
                          "Inner Unique": true,
                          "Hash Cond": "(mk.movie_id = t.id)",
                          "Plans": [
                            {
                              "Node Type": "Seq Scan",
                              "Parent Relationship": "Outer",
                              "Parallel Aware": true,
                              "Relation Name": "movie_keyword",
                              "Alias": "mk",
                              "Startup Cost": 0.0,
                              "Total Cost": 39047.32,
                              "Plan Rows": 1459332,
                              "Plan Width": 4,
                              "Actual Startup Time": 0.031,
                              "Actual Total Time": 58.291,
                              "Actual Rows": 646276,
                              "Actual Loops": 7
                            },
                            {
                              "Node Type": "Hash",
                              "Parent Relationship": "Inner",
                              "Parallel Aware": true,
                              "Startup Cost": 45479.1,
                              "Total Cost": 45479.1,
                              "Plan Rows": 317153,
                              "Plan Width": 4,
                              "Actual Startup Time": 168.255,
                              "Actual Total Time": 168.256,
                              "Actual Rows": 192698,
                              "Actual Loops": 7,
                              "Hash Buckets": 2097152,
                              "Original Hash Buckets": 2097152,
                              "Hash Batches": 1,
                              "Original Hash Batches": 1,
                              "Peak Memory Usage": 69248,
                              "Plans": [
                                {
                                  "Node Type": "Seq Scan",
                                  "Parent Relationship": "Outer",
                                  "Parallel Aware": true,
                                  "Relation Name": "title",
                                  "Alias": "t",
                                  "Startup Cost": 0.0,
                                  "Total Cost": 45479.1,
                                  "Plan Rows": 317153,
                                  "Plan Width": 4,
                                  "Actual Startup Time": 0.052,
                                  "Actual Total Time": 77.117,
                                  "Actual Rows": 192698,
                                  "Actual Loops": 7,
                                  "Filter": "((production_year > 1970) AND (kind_id = 7))",
                                  "Rows Removed by Filter": 168490
                                }
                              ]
                            }
                          ]
                        }
                      ]
                    }
                  ]
                }
              ]
            }
          ]
        }
      ]
    },
    "Planning Time": 1.374,
    "Triggers": [],
    "Execution Time": 1465.79
  }
]