[
  {
    "Plan": {
      "Node Type": "Aggregate",
      "Strategy": "Plain",
      "Partial Mode": "Finalize",
      "Parallel Aware": false,
      "Startup Cost": 126557.58,
      "Total Cost": 126557.59,
      "Plan Rows": 1,
      "Plan Width": 8,
      "Actual Startup Time": 1167.702,
      "Actual Total Time": 1190.143,
      "Actual Rows": 1,
      "Actual Loops": 1,
      "Plans": [
        {
          "Node Type": "Gather",
          "Parent Relationship": "Outer",
          "Parallel Aware": false,
          "Startup Cost": 126557.26,
          "Total Cost": 126557.57,
          "Plan Rows": 3,
          "Plan Width": 8,
          "Actual Startup Time": 1156.311,
          "Actual Total Time": 1190.132,
          "Actual Rows": 4,
          "Actual Loops": 1,
          "Workers Planned": 3,
          "Workers Launched": 3,
          "Single Copy": false,
          "Plans": [
            {
              "Node Type": "Aggregate",
              "Strategy": "Plain",
              "Partial Mode": "Partial",
              "Parent Relationship": "Outer",
              "Parallel Aware": false,
              "Startup Cost": 125557.26,
              "Total Cost": 125557.27,
              "Plan Rows": 1,
              "Plan Width": 8,
              "Actual Startup Time": 1150.692,
              "Actual Total Time": 1151.148,
              "Actual Rows": 1,
              "Actual Loops": 4,
              "Plans": [
                {
                  "Node Type": "Hash Join",
                  "Parent Relationship": "Outer",
                  "Parallel Aware": true,
                  "Join Type": "Inner",
                  "Startup Cost": 94166.02,
                  "Total Cost": 125108.2,
                  "Plan Rows": 179623,
                  "Plan Width": 0,
                  "Actual Startup Time": 532.498,
                  "Actual Total Time": 978.498,
                  "Actual Rows": 3449164,
                  "Actual Loops": 4,
                  "Inner Unique": false,
                  "Hash Cond": "(mc.movie_id = t.id)",
                  "Plans": [
                    {
                      "Node Type": "Seq Scan",
                      "Parent Relationship": "Outer",
                      "Parallel Aware": true,
                      "Relation Name": "movie_companies",
                      "Alias": "mc",
                      "Startup Cost": 0.0,
                      "Total Cost": 27206.55,
                      "Plan Rows": 841655,
                      "Plan Width": 4,
                      "Actual Startup Time": 0.015,
                      "Actual Total Time": 67.787,
                      "Actual Rows": 652282,
                      "Actual Loops": 4
                    },
                    {
                      "Node Type": "Hash",
                      "Parent Relationship": "Inner",
                      "Parallel Aware": true,
                      "Startup Cost": 91990.18,
                      "Total Cost": 91990.18,
                      "Plan Rows": 174067,
                      "Plan Width": 8,
                      "Actual Startup Time": 494.594,
                      "Actual Total Time": 495.048,
                      "Actual Rows": 279094,
                      "Actual Loops": 4,
                      "Hash Buckets": 2097152,
                      "Original Hash Buckets": 1048576,
                      "Hash Batches": 1,
                      "Original Hash Batches": 1,
                      "Peak Memory Usage": 68288,
                      "Plans": [
                        {
                          "Node Type": "Hash Join",
                          "Parent Relationship": "Outer",
                          "Parallel Aware": true,
                          "Join Type": "Inner",
                          "Startup Cost": 47219.35,
                          "Total Cost": 91990.18,
                          "Plan Rows": 174067,
                          "Plan Width": 8,
                          "Actual Startup Time": 190.571,
                          "Actual Total Time": 380.319,
                          "Actual Rows": 279094,
                          "Actual Loops": 4,
                          "Inner Unique": true,
                          "Hash Cond": "(mk.movie_id = t.id)",
                          "Plans": [
                            {
                              "Node Type": "Seq Scan",
                              "Parent Relationship": "Outer",
                              "Parallel Aware": true,
                              "Relation Name": "movie_keyword",
                              "Alias": "mk",
                              "Startup Cost": 0.0,
                              "Total Cost": 42695.65,
                              "Plan Rows": 790545,
                              "Plan Width": 4,
                              "Actual Startup Time": 0.263,
                              "Actual Total Time": 128.626,
                              "Actual Rows": 610071,
                              "Actual Loops": 4,
                              "Filter": "(keyword_id > 3709)",
                              "Rows Removed by Filter": 520911
                            },
                            {
                              "Node Type": "Hash",
                              "Parent Relationship": "Inner",
                              "Parallel Aware": true,
                              "Startup Cost": 45479.59,
                              "Total Cost": 45479.59,
                              "Plan Rows": 139181,
                              "Plan Width": 4,
                              "Actual Startup Time": 153.696,
                              "Actual Total Time": 153.699,
                              "Actual Rows": 109678,
                              "Actual Loops": 4,
                              "Hash Buckets": 1048576,
                              "Original Hash Buckets": 1048576,
                              "Hash Batches": 1,
                              "Original Hash Batches": 1,
                              "Peak Memory Usage": 25440,
                              "Plans": [
                                {
                                  "Node Type": "Seq Scan",
                                  "Parent Relationship": "Outer",
                                  "Parallel Aware": true,
                                  "Relation Name": "title",
                                  "Alias": "t",
                                  "Startup Cost": 0.0,
                                  "Total Cost": 45479.59,
                                  "Plan Rows": 139181,
                                  "Plan Width": 4,
                                  "Actual Startup Time": 44.351,
                                  "Actual Total Time": 106.348,
                                  "Actual Rows": 109678,
                                  "Actual Loops": 4,
                                  "Filter": "((production_year > 1967) AND (kind_id = 1))",
                                  "Rows Removed by Filter": 522400
                                }
                              ]
                            }
                          ]
                        }
                      ]
                    }
                  ]
                }
              ]
            }
          ]
        }
      ]
    },
    "Planning Time": 0.549,
    "Triggers": [],
    "Execution Time": 1190.188
  }
]