[
  {
    "Plan": {
      "Node Type": "Aggregate",
      "Strategy": "Plain",
      "Partial Mode": "Finalize",
      "Parallel Aware": false,
      "Startup Cost": 37607.71,
      "Total Cost": 37607.72,
      "Plan Rows": 1,
      "Plan Width": 8,
      "Actual Startup Time": 118.374,
      "Actual Total Time": 127.548,
      "Actual Rows": 1,
      "Actual Loops": 1,
      "Plans": [
        {
          "Node Type": "Gather",
          "Parent Relationship": "Outer",
          "Parallel Aware": false,
          "Startup Cost": 37607.39,
          "Total Cost": 37607.7,
          "Plan Rows": 3,
          "Plan Width": 8,
          "Actual Startup Time": 117.928,
          "Actual Total Time": 127.53,
          "Actual Rows": 4,
          "Actual Loops": 1,
          "Workers Planned": 3,
          "Workers Launched": 3,
          "Single Copy": false,
          "Plans": [
            {
              "Node Type": "Aggregate",
              "Strategy": "Plain",
              "Partial Mode": "Partial",
              "Parent Relationship": "Outer",
              "Parallel Aware": false,
              "Startup Cost": 36607.39,
              "Total Cost": 36607.4,
              "Plan Rows": 1,
              "Plan Width": 8,
              "Actual Startup Time": 112.549,
              "Actual Total Time": 112.551,
              "Actual Rows": 1,
              "Actual Loops": 4,
              "Plans": [
                {
                  "Node Type": "Bitmap Heap Scan",
                  "Parent Relationship": "Outer",
                  "Parallel Aware": true,
                  "Relation Name": "movie_keyword",
                  "Alias": "mk",
                  "Startup Cost": 9896.01,
                  "Total Cost": 36231.16,
                  "Plan Rows": 150492,
                  "Plan Width": 0,
                  "Actual Startup Time": 31.614,
                  "Actual Total Time": 105.062,
                  "Actual Rows": 115593,
                  "Actual Loops": 4,
                  "Recheck Cond": "(keyword_id > 38432)",
                  "Rows Removed by Index Recheck": 0,
                  "Exact Heap Blocks": 10553,
                  "Lossy Heap Blocks": 0,
                  "Plans": [
                    {
                      "Node Type": "Bitmap Index Scan",
                      "Parent Relationship": "Outer",
                      "Parallel Aware": false,
                      "Index Name": "keyword_id_movie_keyword",
                      "Startup Cost": 0.0,
                      "Total Cost": 9779.38,
                      "Plan Rows": 466526,
                      "Plan Width": 0,
                      "Actual Startup Time": 33.009,
                      "Actual Total Time": 33.01,
                      "Actual Rows": 462371,
                      "Actual Loops": 1,
                      "Index Cond": "(keyword_id > 38432)"
                    }
                  ]
                }
              ]
            }
          ]
        }
      ]
    },
    "Planning Time": 0.109,
    "Triggers": [],
    "Execution Time": 127.611
  }
]