[
    {
        "Bao": {
            "Bao prediction": "NaN",
            "Bao recommended hint": "(no hint)"
        }
    },
    {
        "Plan": {
            "Node Type": "Aggregate",
            "Strategy": "Plain",
            "Partial Mode": "Finalize",
            "Parallel Aware": false,
            "Startup Cost": 75310.19,
            "Total Cost": 75310.2,
            "Plan Rows": 1,
            "Plan Width": 8,
            "Actual Startup Time": 220.55,
            "Actual Total Time": 230.642,
            "Actual Rows": 1,
            "Actual Loops": 1,
            "Output": [
                "count(*)"
            ],
            "Plans": [
                {
                    "Node Type": "Gather",
                    "Parent Relationship": "Outer",
                    "Parallel Aware": false,
                    "Startup Cost": 75309.88,
                    "Total Cost": 75310.19,
                    "Plan Rows": 3,
                    "Plan Width": 8,
                    "Actual Startup Time": 218.234,
                    "Actual Total Time": 230.63,
                    "Actual Rows": 4,
                    "Actual Loops": 1,
                    "Output": [
                        "(PARTIAL count(*))"
                    ],
                    "Workers Planned": 3,
                    "Workers Launched": 3,
                    "Single Copy": false,
                    "Plans": [
                        {
                            "Node Type": "Aggregate",
                            "Strategy": "Plain",
                            "Partial Mode": "Partial",
                            "Parent Relationship": "Outer",
                            "Parallel Aware": false,
                            "Startup Cost": 74309.88,
                            "Total Cost": 74309.89,
                            "Plan Rows": 1,
                            "Plan Width": 8,
                            "Actual Startup Time": 209.39,
                            "Actual Total Time": 209.394,
                            "Actual Rows": 1,
                            "Actual Loops": 4,
                            "Output": [
                                "PARTIAL count(*)"
                            ],
                            "Workers": [
                                {
                                    "Worker Number": 0,
                                    "Actual Startup Time": 206.276,
                                    "Actual Total Time": 206.28,
                                    "Actual Rows": 1,
                                    "Actual Loops": 1
                                },
                                {
                                    "Worker Number": 1,
                                    "Actual Startup Time": 206.385,
                                    "Actual Total Time": 206.389,
                                    "Actual Rows": 1,
                                    "Actual Loops": 1
                                },
                                {
                                    "Worker Number": 2,
                                    "Actual Startup Time": 207.018,
                                    "Actual Total Time": 207.02,
                                    "Actual Rows": 1,
                                    "Actual Loops": 1
                                }
                            ],
                            "Plans": [
                                {
                                    "Node Type": "Hash Join",
                                    "Parent Relationship": "Outer",
                                    "Parallel Aware": true,
                                    "Join Type": "Inner",
                                    "Startup Cost": 49247.75,
                                    "Total Cost": 74295.16,
                                    "Plan Rows": 5887,
                                    "Plan Width": 0,
                                    "Actual Startup Time": 156.434,
                                    "Actual Total Time": 208.73,
                                    "Actual Rows": 6553,
                                    "Actual Loops": 4,
                                    "Inner Unique": true,
                                    "Hash Cond": "(mk.movie_id = t.id)",
                                    "Workers": [
                                        {
                                            "Worker Number": 0,
                                            "Actual Startup Time": 153.365,
                                            "Actual Total Time": 205.661,
                                            "Actual Rows": 5231,
                                            "Actual Loops": 1
                                        },
                                        {
                                            "Worker Number": 1,
                                            "Actual Startup Time": 153.511,
                                            "Actual Total Time": 205.73,
                                            "Actual Rows": 5329,
                                            "Actual Loops": 1
                                        },
                                        {
                                            "Worker Number": 2,
                                            "Actual Startup Time": 154.051,
                                            "Actual Total Time": 206.465,
                                            "Actual Rows": 6163,
                                            "Actual Loops": 1
                                        }
                                    ],
                                    "Plans": [
                                        {
                                            "Node Type": "Bitmap Heap Scan",
                                            "Parent Relationship": "Outer",
                                            "Parallel Aware": true,
                                            "Relation Name": "movie_keyword",
                                            "Schema": "public",
                                            "Alias": "mk",
                                            "Startup Cost": 2583.02,
                                            "Total Cost": 27527.44,
                                            "Plan Rows": 39234,
                                            "Plan Width": 4,
                                            "Actual Startup Time": 17.618,
                                            "Actual Total Time": 58.026,
                                            "Actual Rows": 30480,
                                            "Actual Loops": 4,
                                            "Output": [
                                                "mk.id",
                                                "mk.movie_id",
                                                "mk.keyword_id"
                                            ],
                                            "Recheck Cond": "(mk.keyword_id < 117)",
                                            "Rows Removed by Index Recheck": 0,
                                            "Exact Heap Blocks": 8410,
                                            "Lossy Heap Blocks": 0,
                                            "Workers": [
                                                {
                                                    "Worker Number": 0,
                                                    "Actual Startup Time": 17.641,
                                                    "Actual Total Time": 59.363,
                                                    "Actual Rows": 24645,
                                                    "Actual Loops": 1
                                                },
                                                {
                                                    "Worker Number": 1,
                                                    "Actual Startup Time": 17.663,
                                                    "Actual Total Time": 59.267,
                                                    "Actual Rows": 24785,
                                                    "Actual Loops": 1
                                                },
                                                {
                                                    "Worker Number": 2,
                                                    "Actual Startup Time": 17.637,
                                                    "Actual Total Time": 59.381,
                                                    "Actual Rows": 28721,
                                                    "Actual Loops": 1
                                                }
                                            ],
                                            "Plans": [
                                                {
                                                    "Node Type": "Bitmap Index Scan",
                                                    "Parent Relationship": "Outer",
                                                    "Parallel Aware": false,
                                                    "Index Name": "keyword_id_movie_keyword",
                                                    "Startup Cost": 0.0,
                                                    "Total Cost": 2552.61,
                                                    "Plan Rows": 121624,
                                                    "Plan Width": 0,
                                                    "Actual Startup Time": 12.216,
                                                    "Actual Total Time": 12.217,
                                                    "Actual Rows": 121921,
                                                    "Actual Loops": 1,
                                                    "Index Cond": "(mk.keyword_id < 117)"
                                                }
                                            ]
                                        },
                                        {
                                            "Node Type": "Hash",
                                            "Parent Relationship": "Inner",
                                            "Parallel Aware": true,
                                            "Startup Cost": 45479.21,
                                            "Total Cost": 45479.21,
                                            "Plan Rows": 94842,
                                            "Plan Width": 4,
                                            "Actual Startup Time": 136.797,
                                            "Actual Total Time": 136.798,
                                            "Actual Rows": 74860,
                                            "Actual Loops": 4,
                                            "Output": [
                                                "t.id"
                                            ],
                                            "Hash Buckets": 524288,
                                            "Original Hash Buckets": 524288,
                                            "Hash Batches": 1,
                                            "Original Hash Batches": 1,
                                            "Peak Memory Usage": 15904,
                                            "Workers": [
                                                {
                                                    "Worker Number": 0,
                                                    "Actual Startup Time": 135.263,
                                                    "Actual Total Time": 135.265,
                                                    "Actual Rows": 62715,
                                                    "Actual Loops": 1
                                                },
                                                {
                                                    "Worker Number": 1,
                                                    "Actual Startup Time": 135.361,
                                                    "Actual Total Time": 135.362,
                                                    "Actual Rows": 63959,
                                                    "Actual Loops": 1
                                                },
                                                {
                                                    "Worker Number": 2,
                                                    "Actual Startup Time": 135.839,
                                                    "Actual Total Time": 135.84,
                                                    "Actual Rows": 88441,
                                                    "Actual Loops": 1
                                                }
                                            ],
                                            "Plans": [
                                                {
                                                    "Node Type": "Seq Scan",
                                                    "Parent Relationship": "Outer",
                                                    "Parallel Aware": true,
                                                    "Relation Name": "title",
                                                    "Schema": "public",
                                                    "Alias": "t",
                                                    "Startup Cost": 0.0,
                                                    "Total Cost": 45479.21,
                                                    "Plan Rows": 94842,
                                                    "Plan Width": 4,
                                                    "Actual Startup Time": 0.063,
                                                    "Actual Total Time": 106.736,
                                                    "Actual Rows": 74860,
                                                    "Actual Loops": 4,
                                                    "Output": [
                                                        "t.id"
                                                    ],
                                                    "Filter": "((t.kind_id < 3) AND (t.production_year > 2002))",
                                                    "Rows Removed by Filter": 557218,
                                                    "Workers": [
                                                        {
                                                            "Worker Number": 0,
                                                            "Actual Startup Time": 0.06,
                                                            "Actual Total Time": 106.332,
                                                            "Actual Rows": 62715,
                                                            "Actual Loops": 1
                                                        },
                                                        {
                                                            "Worker Number": 1,
                                                            "Actual Startup Time": 0.102,
                                                            "Actual Total Time": 107.235,
                                                            "Actual Rows": 63959,
                                                            "Actual Loops": 1
                                                        },
                                                        {
                                                            "Worker Number": 2,
                                                            "Actual Startup Time": 0.073,
                                                            "Actual Total Time": 104.088,
                                                            "Actual Rows": 88441,
                                                            "Actual Loops": 1
                                                        }
                                                    ]
                                                }
                                            ]
                                        }
                                    ]
                                }
                            ]
                        }
                    ]
                }
            ]
        },
        "Planning Time": 262.829,
        "Triggers": [],
        "Execution Time": 230.717
    }
]