[
  {
    "Plan": {
      "Node Type": "Aggregate",
      "Strategy": "Plain",
      "Partial Mode": "Finalize",
      "Parallel Aware": false,
      "Startup Cost": 82911.25,
      "Total Cost": 82911.26,
      "Plan Rows": 1,
      "Plan Width": 8,
      "Actual Startup Time": 559.162,
      "Actual Total Time": 575.589,
      "Actual Rows": 1,
      "Actual Loops": 1,
      "Plans": [
        {
          "Node Type": "Gather",
          "Parent Relationship": "Outer",
          "Parallel Aware": false,
          "Startup Cost": 82910.83,
          "Total Cost": 82911.24,
          "Plan Rows": 4,
          "Plan Width": 8,
          "Actual Startup Time": 551.983,
          "Actual Total Time": 575.574,
          "Actual Rows": 5,
          "Actual Loops": 1,
          "Workers Planned": 4,
          "Workers Launched": 4,
          "Single Copy": false,
          "Plans": [
            {
              "Node Type": "Aggregate",
              "Strategy": "Plain",
              "Partial Mode": "Partial",
              "Parent Relationship": "Outer",
              "Parallel Aware": false,
              "Startup Cost": 81910.83,
              "Total Cost": 81910.84,
              "Plan Rows": 1,
              "Plan Width": 8,
              "Actual Startup Time": 542.516,
              "Actual Total Time": 542.715,
              "Actual Rows": 1,
              "Actual Loops": 5,
              "Plans": [
                {
                  "Node Type": "Hash Join",
                  "Parent Relationship": "Outer",
                  "Parallel Aware": true,
                  "Join Type": "Inner",
                  "Startup Cost": 35117.34,
                  "Total Cost": 81336.94,
                  "Plan Rows": 229556,
                  "Plan Width": 0,
                  "Actual Startup Time": 232.963,
                  "Actual Total Time": 526.619,
                  "Actual Rows": 220834,
                  "Actual Loops": 5,
                  "Inner Unique": false,
                  "Hash Cond": "(t.id = mc.movie_id)",
                  "Plans": [
                    {
                      "Node Type": "Seq Scan",
                      "Parent Relationship": "Outer",
                      "Parallel Aware": true,
                      "Relation Name": "title",
                      "Alias": "t",
                      "Startup Cost": 0.0,
                      "Total Cost": 42318.73,
                      "Plan Rows": 632073,
                      "Plan Width": 4,
                      "Actual Startup Time": 0.017,
                      "Actual Total Time": 90.37,
                      "Actual Rows": 505662,
                      "Actual Loops": 5
                    },
                    {
                      "Node Type": "Hash",
                      "Parent Relationship": "Inner",
                      "Parallel Aware": true,
                      "Startup Cost": 31414.82,
                      "Total Cost": 31414.82,
                      "Plan Rows": 296202,
                      "Plan Width": 4,
                      "Actual Startup Time": 228.87,
                      "Actual Total Time": 228.871,
                      "Actual Rows": 220834,
                      "Actual Loops": 5,
                      "Hash Buckets": 2097152,
                      "Original Hash Buckets": 1048576,
                      "Hash Batches": 1,
                      "Original Hash Batches": 1,
                      "Peak Memory Usage": 67872,
                      "Plans": [
                        {
                          "Node Type": "Seq Scan",
                          "Parent Relationship": "Outer",
                          "Parallel Aware": true,
                          "Relation Name": "movie_companies",
                          "Alias": "mc",
                          "Startup Cost": 0.0,
                          "Total Cost": 31414.82,
                          "Plan Rows": 296202,
                          "Plan Width": 4,
                          "Actual Startup Time": 49.656,
                          "Actual Total Time": 101.67,
                          "Actual Rows": 220834,
                          "Actual Loops": 5,
                          "Filter": "((company_id > 1709) AND (company_type_id > 1))",
                          "Rows Removed by Filter": 300992
                        }
                      ]
                    }
                  ]
                }
              ]
            }
          ]
        }
      ]
    },
    "Planning Time": 0.636,
    "Triggers": [],
    "Execution Time": 575.664
  }
]