[
  {
    "Plan": {
      "Node Type": "Aggregate",
      "Strategy": "Plain",
      "Partial Mode": "Finalize",
      "Parallel Aware": false,
      "Startup Cost": 112755.84,
      "Total Cost": 112755.85,
      "Plan Rows": 1,
      "Plan Width": 8,
      "Actual Startup Time": 841.981,
      "Actual Total Time": 862.501,
      "Actual Rows": 1,
      "Actual Loops": 1,
      "Plans": [
        {
          "Node Type": "Gather",
          "Parent Relationship": "Outer",
          "Parallel Aware": false,
          "Startup Cost": 112755.62,
          "Total Cost": 112755.83,
          "Plan Rows": 2,
          "Plan Width": 8,
          "Actual Startup Time": 831.776,
          "Actual Total Time": 862.491,
          "Actual Rows": 3,
          "Actual Loops": 1,
          "Workers Planned": 2,
          "Workers Launched": 2,
          "Single Copy": false,
          "Plans": [
            {
              "Node Type": "Aggregate",
              "Strategy": "Plain",
              "Partial Mode": "Partial",
              "Parent Relationship": "Outer",
              "Parallel Aware": false,
              "Startup Cost": 111755.62,
              "Total Cost": 111755.63,
              "Plan Rows": 1,
              "Plan Width": 8,
              "Actual Startup Time": 823.809,
              "Actual Total Time": 823.991,
              "Actual Rows": 1,
              "Actual Loops": 3,
              "Plans": [
                {
                  "Node Type": "Hash Join",
                  "Parent Relationship": "Outer",
                  "Parallel Aware": true,
                  "Join Type": "Inner",
                  "Startup Cost": 95034.09,
                  "Total Cost": 111371.36,
                  "Plan Rows": 153703,
                  "Plan Width": 0,
                  "Actual Startup Time": 676.211,
                  "Actual Total Time": 805.336,
                  "Actual Rows": 467731,
                  "Actual Loops": 3,
                  "Inner Unique": false,
                  "Hash Cond": "(mi_idx.movie_id = t.id)",
                  "Plans": [
                    {
                      "Node Type": "Seq Scan",
                      "Parent Relationship": "Outer",
                      "Parallel Aware": true,
                      "Relation Name": "movie_info_idx",
                      "Alias": "mi_idx",
                      "Startup Cost": 0.0,
                      "Total Cost": 13685.15,
                      "Plan Rows": 575015,
                      "Plan Width": 4,
                      "Actual Startup Time": 0.045,
                      "Actual Total Time": 36.555,
                      "Actual Rows": 460012,
                      "Actual Loops": 3
                    },
                    {
                      "Node Type": "Hash",
                      "Parent Relationship": "Inner",
                      "Parallel Aware": true,
                      "Startup Cost": 92309.02,
                      "Total Cost": 92309.02,
                      "Plan Rows": 218006,
                      "Plan Width": 8,
                      "Actual Startup Time": 669.754,
                      "Actual Total Time": 669.934,
                      "Actual Rows": 227218,
                      "Actual Loops": 3,
                      "Hash Buckets": 1048576,
                      "Original Hash Buckets": 1048576,
                      "Hash Batches": 1,
                      "Original Hash Batches": 1,
                      "Peak Memory Usage": 34880,
                      "Plans": [
                        {
                          "Node Type": "Hash Join",
                          "Parent Relationship": "Outer",
                          "Parallel Aware": true,
                          "Join Type": "Inner",
                          "Startup Cost": 64557.67,
                          "Total Cost": 92309.02,
                          "Plan Rows": 218006,
                          "Plan Width": 8,
                          "Actual Startup Time": 454.45,
                          "Actual Total Time": 603.576,
                          "Actual Rows": 227218,
                          "Actual Loops": 3,
                          "Inner Unique": true,
                          "Hash Cond": "(mk.movie_id = t.id)",
                          "Plans": [
                            {
                              "Node Type": "Bitmap Heap Scan",
                              "Parent Relationship": "Outer",
                              "Parallel Aware": true,
                              "Relation Name": "movie_keyword",
                              "Alias": "mk",
                              "Startup Cost": 14338.03,
                              "Total Cost": 41517.11,
                              "Plan Rows": 218006,
                              "Plan Width": 4,
                              "Actual Startup Time": 38.146,
                              "Actual Total Time": 108.095,
                              "Actual Rows": 227218,
                              "Actual Loops": 3,
                              "Recheck Cond": "(keyword_id < 562)",
                              "Rows Removed by Index Recheck": 0,
                              "Exact Heap Blocks": 9361,
                              "Lossy Heap Blocks": 0,
                              "Plans": [
                                {
                                  "Node Type": "Bitmap Index Scan",
                                  "Parent Relationship": "Outer",
                                  "Parallel Aware": false,
                                  "Index Name": "keyword_id_movie_keyword",
                                  "Startup Cost": 0.0,
                                  "Total Cost": 14169.08,
                                  "Plan Rows": 675819,
                                  "Plan Width": 0,
                                  "Actual Startup Time": 34.519,
                                  "Actual Total Time": 34.52,
                                  "Actual Rows": 681653,
                                  "Actual Loops": 1,
                                  "Index Cond": "(keyword_id < 562)"
                                }
                              ]
                            },
                            {
                              "Node Type": "Hash",
                              "Parent Relationship": "Inner",
                              "Parallel Aware": true,
                              "Startup Cost": 42318.73,
                              "Total Cost": 42318.73,
                              "Plan Rows": 632073,
                              "Plan Width": 4,
                              "Actual Startup Time": 405.94,
                              "Actual Total Time": 405.941,
                              "Actual Rows": 842771,
                              "Actual Loops": 3,
                              "Hash Buckets": 4194304,
                              "Original Hash Buckets": 4194304,
                              "Hash Batches": 1,
                              "Original Hash Batches": 1,
                              "Peak Memory Usage": 131712,
                              "Plans": [
                                {
                                  "Node Type": "Seq Scan",
                                  "Parent Relationship": "Outer",
                                  "Parallel Aware": true,
                                  "Relation Name": "title",
                                  "Alias": "t",
                                  "Startup Cost": 0.0,
                                  "Total Cost": 42318.73,
                                  "Plan Rows": 632073,
                                  "Plan Width": 4,
                                  "Actual Startup Time": 0.046,
                                  "Actual Total Time": 118.049,
                                  "Actual Rows": 842771,
                                  "Actual Loops": 3
                                }
                              ]
                            }
                          ]
                        }
                      ]
                    }
                  ]
                }
              ]
            }
          ]
        }
      ]
    },
    "Planning Time": 1.309,
    "Triggers": [],
    "Execution Time": 862.608
  }
]