[
  {
    "Plan": {
      "Node Type": "Aggregate",
      "Strategy": "Plain",
      "Partial Mode": "Finalize",
      "Parallel Aware": false,
      "Startup Cost": 62288.72,
      "Total Cost": 62288.73,
      "Plan Rows": 1,
      "Plan Width": 8,
      "Actual Startup Time": 197.37,
      "Actual Total Time": 212.023,
      "Actual Rows": 1,
      "Actual Loops": 1,
      "Plans": [
        {
          "Node Type": "Gather",
          "Parent Relationship": "Outer",
          "Parallel Aware": false,
          "Startup Cost": 62288.51,
          "Total Cost": 62288.72,
          "Plan Rows": 2,
          "Plan Width": 8,
          "Actual Startup Time": 196.492,
          "Actual Total Time": 212.015,
          "Actual Rows": 3,
          "Actual Loops": 1,
          "Workers Planned": 2,
          "Workers Launched": 2,
          "Single Copy": false,
          "Plans": [
            {
              "Node Type": "Aggregate",
              "Strategy": "Plain",
              "Partial Mode": "Partial",
              "Parent Relationship": "Outer",
              "Parallel Aware": false,
              "Startup Cost": 61288.51,
              "Total Cost": 61288.52,
              "Plan Rows": 1,
              "Plan Width": 8,
              "Actual Startup Time": 192.805,
              "Actual Total Time": 192.887,
              "Actual Rows": 1,
              "Actual Loops": 3,
              "Plans": [
                {
                  "Node Type": "Hash Join",
                  "Parent Relationship": "Outer",
                  "Parallel Aware": true,
                  "Join Type": "Inner",
                  "Startup Cost": 45657.06,
                  "Total Cost": 61277.85,
                  "Plan Rows": 4262,
                  "Plan Width": 0,
                  "Actual Startup Time": 150.777,
                  "Actual Total Time": 192.219,
                  "Actual Rows": 12567,
                  "Actual Loops": 3,
                  "Inner Unique": true,
                  "Hash Cond": "(mi_idx.movie_id = t.id)",
                  "Plans": [
                    {
                      "Node Type": "Seq Scan",
                      "Parent Relationship": "Outer",
                      "Parallel Aware": true,
                      "Relation Name": "movie_info_idx",
                      "Alias": "mi_idx",
                      "Startup Cost": 0.0,
                      "Total Cost": 15122.68,
                      "Plan Rows": 189755,
                      "Plan Width": 4,
                      "Actual Startup Time": 0.014,
                      "Actual Total Time": 42.061,
                      "Actual Rows": 153308,
                      "Actual Loops": 3,
                      "Filter": "(info_type_id < 100)",
                      "Rows Removed by Filter": 306703
                    },
                    {
                      "Node Type": "Hash",
                      "Parent Relationship": "Inner",
                      "Parallel Aware": true,
                      "Startup Cost": 45479.59,
                      "Total Cost": 45479.59,
                      "Plan Rows": 14198,
                      "Plan Width": 4,
                      "Actual Startup Time": 124.991,
                      "Actual Total Time": 124.992,
                      "Actual Rows": 62070,
                      "Actual Loops": 3,
                      "Hash Buckets": 262144,
                      "Original Hash Buckets": 65536,
                      "Hash Batches": 1,
                      "Original Hash Batches": 1,
                      "Peak Memory Usage": 10912,
                      "Plans": [
                        {
                          "Node Type": "Seq Scan",
                          "Parent Relationship": "Outer",
                          "Parallel Aware": true,
                          "Relation Name": "title",
                          "Alias": "t",
                          "Startup Cost": 0.0,
                          "Total Cost": 45479.59,
                          "Plan Rows": 14198,
                          "Plan Width": 4,
                          "Actual Startup Time": 60.122,
                          "Actual Total Time": 106.533,
                          "Actual Rows": 62070,
                          "Actual Loops": 3,
                          "Filter": "((production_year < 1959) AND (kind_id = 1))",
                          "Rows Removed by Filter": 780701
                        }
                      ]
                    }
                  ]
                }
              ]
            }
          ]
        }
      ]
    },
    "Planning Time": 0.331,
    "Triggers": [],
    "Execution Time": 212.066
  }
]