[
  {
    "Plan": {
      "Node Type": "Aggregate",
      "Strategy": "Plain",
      "Partial Mode": "Finalize",
      "Parallel Aware": false,
      "Startup Cost": 30855.81,
      "Total Cost": 30855.82,
      "Plan Rows": 1,
      "Plan Width": 8,
      "Actual Startup Time": 111.431,
      "Actual Total Time": 122.114,
      "Actual Rows": 1,
      "Actual Loops": 1,
      "Plans": [
        {
          "Node Type": "Gather",
          "Parent Relationship": "Outer",
          "Parallel Aware": false,
          "Startup Cost": 30855.49,
          "Total Cost": 30855.8,
          "Plan Rows": 3,
          "Plan Width": 8,
          "Actual Startup Time": 111.284,
          "Actual Total Time": 122.104,
          "Actual Rows": 4,
          "Actual Loops": 1,
          "Workers Planned": 3,
          "Workers Launched": 3,
          "Single Copy": false,
          "Plans": [
            {
              "Node Type": "Aggregate",
              "Strategy": "Plain",
              "Partial Mode": "Partial",
              "Parent Relationship": "Outer",
              "Parallel Aware": false,
              "Startup Cost": 29855.49,
              "Total Cost": 29855.5,
              "Plan Rows": 1,
              "Plan Width": 8,
              "Actual Startup Time": 104.238,
              "Actual Total Time": 104.239,
              "Actual Rows": 1,
              "Actual Loops": 4,
              "Plans": [
                {
                  "Node Type": "Seq Scan",
                  "Parent Relationship": "Outer",
                  "Parallel Aware": true,
                  "Relation Name": "movie_companies",
                  "Alias": "mc",
                  "Startup Cost": 0.0,
                  "Total Cost": 29310.68,
                  "Plan Rows": 217923,
                  "Plan Width": 0,
                  "Actual Startup Time": 36.311,
                  "Actual Total Time": 93.77,
                  "Actual Rows": 167610,
                  "Actual Loops": 4,
                  "Filter": "(company_id > 50569)",
                  "Rows Removed by Filter": 484672
                }
              ]
            }
          ]
        }
      ]
    },
    "Planning Time": 0.23,
    "Triggers": [],
    "Execution Time": 122.174
  }
]