[
    {
        "Bao": {
            "Bao prediction": "NaN",
            "Bao recommended hint": "(no hint)"
        }
    },
    {
        "Plan": {
            "Node Type": "Aggregate",
            "Strategy": "Plain",
            "Partial Mode": "Finalize",
            "Parallel Aware": false,
            "Startup Cost": 45699.55,
            "Total Cost": 45699.56,
            "Plan Rows": 1,
            "Plan Width": 8,
            "Actual Startup Time": 158.995,
            "Actual Total Time": 164.65,
            "Actual Rows": 1,
            "Actual Loops": 1,
            "Output": [
                "count(*)"
            ],
            "Plans": [
                {
                    "Node Type": "Gather",
                    "Parent Relationship": "Outer",
                    "Parallel Aware": false,
                    "Startup Cost": 45699.24,
                    "Total Cost": 45699.55,
                    "Plan Rows": 3,
                    "Plan Width": 8,
                    "Actual Startup Time": 158.869,
                    "Actual Total Time": 164.642,
                    "Actual Rows": 4,
                    "Actual Loops": 1,
                    "Output": [
                        "(PARTIAL count(*))"
                    ],
                    "Workers Planned": 3,
                    "Workers Launched": 3,
                    "Single Copy": false,
                    "Plans": [
                        {
                            "Node Type": "Aggregate",
                            "Strategy": "Plain",
                            "Partial Mode": "Partial",
                            "Parent Relationship": "Outer",
                            "Parallel Aware": false,
                            "Startup Cost": 44699.24,
                            "Total Cost": 44699.25,
                            "Plan Rows": 1,
                            "Plan Width": 8,
                            "Actual Startup Time": 150.782,
                            "Actual Total Time": 150.783,
                            "Actual Rows": 1,
                            "Actual Loops": 4,
                            "Output": [
                                "PARTIAL count(*)"
                            ],
                            "Workers": [
                                {
                                    "Worker Number": 0,
                                    "Actual Startup Time": 148.109,
                                    "Actual Total Time": 148.11,
                                    "Actual Rows": 1,
                                    "Actual Loops": 1
                                },
                                {
                                    "Worker Number": 1,
                                    "Actual Startup Time": 148.171,
                                    "Actual Total Time": 148.172,
                                    "Actual Rows": 1,
                                    "Actual Loops": 1
                                },
                                {
                                    "Worker Number": 2,
                                    "Actual Startup Time": 148.298,
                                    "Actual Total Time": 148.299,
                                    "Actual Rows": 1,
                                    "Actual Loops": 1
                                }
                            ],
                            "Plans": [
                                {
                                    "Node Type": "Seq Scan",
                                    "Parent Relationship": "Outer",
                                    "Parallel Aware": true,
                                    "Relation Name": "movie_keyword",
                                    "Schema": "public",
                                    "Alias": "mk",
                                    "Startup Cost": 0.0,
                                    "Total Cost": 42695.65,
                                    "Plan Rows": 801433,
                                    "Plan Width": 0,
                                    "Actual Startup Time": 0.054,
                                    "Actual Total Time": 117.936,
                                    "Actual Rows": 625449,
                                    "Actual Loops": 4,
                                    "Output": [
                                        "id",
                                        "movie_id",
                                        "keyword_id"
                                    ],
                                    "Filter": "(mk.keyword_id < 6116)",
                                    "Rows Removed by Filter": 505534,
                                    "Workers": [
                                        {
                                            "Worker Number": 0,
                                            "Actual Startup Time": 0.059,
                                            "Actual Total Time": 117.483,
                                            "Actual Rows": 642509,
                                            "Actual Loops": 1
                                        },
                                        {
                                            "Worker Number": 1,
                                            "Actual Startup Time": 0.07,
                                            "Actual Total Time": 117.304,
                                            "Actual Rows": 644304,
                                            "Actual Loops": 1
                                        },
                                        {
                                            "Worker Number": 2,
                                            "Actual Startup Time": 0.073,
                                            "Actual Total Time": 117.533,
                                            "Actual Rows": 635864,
                                            "Actual Loops": 1
                                        }
                                    ]
                                }
                            ]
                        }
                    ]
                }
            ]
        },
        "Planning Time": 280.507,
        "Triggers": [],
        "Execution Time": 164.692
    }
]