{
  "Plan": {
    "Node Type": "Aggregate",
    "Strategy": "Plain",
    "Partial Mode": "Finalize",
    "Parallel Aware": false,
    "Startup Cost": 117866.77,
    "Total Cost": 117866.78,
    "Plan Rows": 1,
    "Plan Width": 8,
    "Actual Startup Time": 386.859,
    "Actual Total Time": 408.516,
    "Actual Rows": 1,
    "Actual Loops": 1,
    "Plans": [
      {
        "Node Type": "Gather",
        "Parent Relationship": "Outer",
        "Parallel Aware": false,
        "Startup Cost": 117866.66,
        "Total Cost": 117866.77,
        "Plan Rows": 1,
        "Plan Width": 8,
        "Actual Startup Time": 385.002,
        "Actual Total Time": 408.508,
        "Actual Rows": 2,
        "Actual Loops": 1,
        "Workers Planned": 1,
        "Workers Launched": 1,
        "Single Copy": false,
        "Plans": [
          {
            "Node Type": "Aggregate",
            "Strategy": "Plain",
            "Partial Mode": "Partial",
            "Parent Relationship": "Outer",
            "Parallel Aware": false,
            "Startup Cost": 116866.66,
            "Total Cost": 116866.67,
            "Plan Rows": 1,
            "Plan Width": 8,
            "Actual Startup Time": 379.136,
            "Actual Total Time": 379.141,
            "Actual Rows": 1,
            "Actual Loops": 2,
            "Plans": [
              {
                "Node Type": "Nested Loop",
                "Parent Relationship": "Outer",
                "Parallel Aware": false,
                "Join Type": "Inner",
                "Startup Cost": 65144.07,
                "Total Cost": 116852.26,
                "Plan Rows": 5760,
                "Plan Width": 0,
                "Actual Startup Time": 313.349,
                "Actual Total Time": 379.014,
                "Actual Rows": 1490,
                "Actual Loops": 2,
                "Inner Unique": false,
                "Plans": [
                  {
                    "Node Type": "Hash Join",
                    "Parent Relationship": "Outer",
                    "Parallel Aware": true,
                    "Join Type": "Inner",
                    "Startup Cost": 65143.63,
                    "Total Cost": 90149.0,
                    "Plan Rows": 10825,
                    "Plan Width": 8,
                    "Actual Startup Time": 313.173,
                    "Actual Total Time": 347.114,
                    "Actual Rows": 1532,
                    "Actual Loops": 2,
                    "Inner Unique": true,
                    "Hash Cond": "(mk.movie_id = t.id)",
                    "Plans": [
                      {
                        "Node Type": "Bitmap Heap Scan",
                        "Parent Relationship": "Outer",
                        "Parallel Aware": true,
                        "Relation Name": "movie_keyword",
                        "Alias": "mk",
                        "Startup Cost": 1316.72,
                        "Total Cost": 26226.39,
                        "Plan Rows": 36454,
                        "Plan Width": 4,
                        "Actual Startup Time": 8.765,
                        "Actual Total Time": 33.93,
                        "Actual Rows": 30456,
                        "Actual Loops": 2,
                        "Recheck Cond": "(keyword_id > 94844)",
                        "Rows Removed by Index Recheck": 0,
                        "Exact Heap Blocks": 10949,
                        "Lossy Heap Blocks": 0,
                        "Plans": [
                          {
                            "Node Type": "Bitmap Index Scan",
                            "Parent Relationship": "Outer",
                            "Parallel Aware": false,
                            "Index Name": "keyword_id_movie_keyword",
                            "Startup Cost": 0.0,
                            "Total Cost": 1301.22,
                            "Plan Rows": 61972,
                            "Plan Width": 0,
                            "Actual Startup Time": 6.65,
                            "Actual Total Time": 6.651,
                            "Actual Rows": 60912,
                            "Actual Loops": 1,
                            "Index Cond": "(keyword_id > 94844)"
                          }
                        ]
                      },
                      {
                        "Node Type": "Hash",
                        "Parent Relationship": "Inner",
                        "Parallel Aware": true,
                        "Startup Cost": 58306.47,
                        "Total Cost": 58306.47,
                        "Plan Rows": 441636,
                        "Plan Width": 4,
                        "Actual Startup Time": 295.418,
                        "Actual Total Time": 295.419,
                        "Actual Rows": 323778,
                        "Actual Loops": 2,
                        "Hash Buckets": 1048576,
                        "Original Hash Buckets": 1048576,
                        "Hash Batches": 1,
                        "Original Hash Batches": 1,
                        "Peak Memory Usage": 33536,
                        "Plans": [
                          {
                            "Node Type": "Seq Scan",
                            "Parent Relationship": "Outer",
                            "Parallel Aware": true,
                            "Relation Name": "title",
                            "Alias": "t",
                            "Startup Cost": 0.0,
                            "Total Cost": 58306.47,
                            "Plan Rows": 441636,
                            "Plan Width": 4,
                            "Actual Startup Time": 0.049,
                            "Actual Total Time": 184.494,
                            "Actual Rows": 323778,
                            "Actual Loops": 2,
                            "Filter": "((kind_id > 1) AND (production_year < 2000))",
                            "Rows Removed by Filter": 940378
                          }
                        ]
                      }
                    ]
                  },
                  {
                    "Node Type": "Index Scan",
                    "Parent Relationship": "Inner",
                    "Parallel Aware": false,
                    "Scan Direction": "Forward",
                    "Index Name": "movie_id_movie_info",
                    "Relation Name": "movie_info",
                    "Alias": "mi",
                    "Startup Cost": 0.43,
                    "Total Cost": 2.43,
                    "Plan Rows": 4,
                    "Plan Width": 4,
                    "Actual Startup Time": 0.015,
                    "Actual Total Time": 0.02,
                    "Actual Rows": 1,
                    "Actual Loops": 3064,
                    "Index Cond": "(movie_id = t.id)",
                    "Rows Removed by Index Recheck": 0,
                    "Filter": "(info_type_id = 7)",
                    "Rows Removed by Filter": 16
                  }
                ]
              }
            ]
          }
        ]
      }
    ]
  },
  "Planning Time": 1.08,
  "Triggers": [],
  "Execution Time": 408.628
}