{
  "Plan": {
    "Node Type": "Aggregate",
    "Strategy": "Plain",
    "Partial Mode": "Finalize",
    "Parallel Aware": false,
    "Startup Cost": 135462.28,
    "Total Cost": 135462.29,
    "Plan Rows": 1,
    "Plan Width": 8,
    "Actual Startup Time": 517.761,
    "Actual Total Time": 570.878,
    "Actual Rows": 1,
    "Actual Loops": 1,
    "Plans": [
      {
        "Node Type": "Gather",
        "Parent Relationship": "Outer",
        "Parallel Aware": false,
        "Startup Cost": 135462.16,
        "Total Cost": 135462.27,
        "Plan Rows": 1,
        "Plan Width": 8,
        "Actual Startup Time": 517.224,
        "Actual Total Time": 570.869,
        "Actual Rows": 2,
        "Actual Loops": 1,
        "Workers Planned": 1,
        "Workers Launched": 1,
        "Single Copy": false,
        "Plans": [
          {
            "Node Type": "Aggregate",
            "Strategy": "Plain",
            "Partial Mode": "Partial",
            "Parent Relationship": "Outer",
            "Parallel Aware": false,
            "Startup Cost": 134462.16,
            "Total Cost": 134462.17,
            "Plan Rows": 1,
            "Plan Width": 8,
            "Actual Startup Time": 510.949,
            "Actual Total Time": 510.954,
            "Actual Rows": 1,
            "Actual Loops": 2,
            "Plans": [
              {
                "Node Type": "Nested Loop",
                "Parent Relationship": "Outer",
                "Parallel Aware": false,
                "Join Type": "Inner",
                "Startup Cost": 48799.62,
                "Total Cost": 134048.98,
                "Plan Rows": 165273,
                "Plan Width": 0,
                "Actual Startup Time": 104.232,
                "Actual Total Time": 500.571,
                "Actual Rows": 206178,
                "Actual Loops": 2,
                "Inner Unique": false,
                "Join Filter": "(t.id = ci.movie_id)",
                "Rows Removed by Join Filter": 0,
                "Plans": [
                  {
                    "Node Type": "Hash Join",
                    "Parent Relationship": "Outer",
                    "Parallel Aware": true,
                    "Join Type": "Inner",
                    "Startup Cost": 48799.06,
                    "Total Cost": 71198.47,
                    "Plan Rows": 11534,
                    "Plan Width": 8,
                    "Actual Startup Time": 104.126,
                    "Actual Total Time": 168.981,
                    "Actual Rows": 12590,
                    "Actual Loops": 2,
                    "Inner Unique": true,
                    "Hash Cond": "(mc.movie_id = t.id)",
                    "Plans": [
                      {
                        "Node Type": "Bitmap Heap Scan",
                        "Parent Relationship": "Outer",
                        "Parallel Aware": true,
                        "Relation Name": "movie_companies",
                        "Alias": "mc",
                        "Startup Cost": 8792.5,
                        "Total Cost": 30565.48,
                        "Plan Rows": 238639,
                        "Plan Width": 4,
                        "Actual Startup Time": 18.555,
                        "Actual Total Time": 48.574,
                        "Actual Rows": 204880,
                        "Actual Loops": 2,
                        "Recheck Cond": "(company_id > 81089)",
                        "Rows Removed by Index Recheck": 0,
                        "Exact Heap Blocks": 4195,
                        "Lossy Heap Blocks": 0,
                        "Plans": [
                          {
                            "Node Type": "Bitmap Index Scan",
                            "Parent Relationship": "Outer",
                            "Parallel Aware": false,
                            "Index Name": "company_id_movie_companies",
                            "Startup Cost": 0.0,
                            "Total Cost": 8691.08,
                            "Plan Rows": 405686,
                            "Plan Width": 0,
                            "Actual Startup Time": 17.609,
                            "Actual Total Time": 17.61,
                            "Actual Rows": 409761,
                            "Actual Loops": 1,
                            "Index Cond": "(company_id > 81089)"
                          }
                        ]
                      },
                      {
                        "Node Type": "Hash",
                        "Parent Relationship": "Inner",
                        "Parallel Aware": true,
                        "Startup Cost": 39108.02,
                        "Total Cost": 39108.02,
                        "Plan Rows": 71883,
                        "Plan Width": 4,
                        "Actual Startup Time": 69.565,
                        "Actual Total Time": 69.566,
                        "Actual Rows": 59117,
                        "Actual Loops": 2,
                        "Hash Buckets": 131072,
                        "Original Hash Buckets": 131072,
                        "Hash Batches": 1,
                        "Original Hash Batches": 1,
                        "Peak Memory Usage": 5696,
                        "Plans": [
                          {
                            "Node Type": "Bitmap Heap Scan",
                            "Parent Relationship": "Outer",
                            "Parallel Aware": true,
                            "Relation Name": "title",
                            "Alias": "t",
                            "Startup Cost": 2211.49,
                            "Total Cost": 39108.02,
                            "Plan Rows": 71883,
                            "Plan Width": 4,
                            "Actual Startup Time": 15.304,
                            "Actual Total Time": 53.231,
                            "Actual Rows": 59117,
                            "Actual Loops": 2,
                            "Recheck Cond": "(kind_id = 4)",
                            "Rows Removed by Index Recheck": 0,
                            "Exact Heap Blocks": 9459,
                            "Lossy Heap Blocks": 0,
                            "Plans": [
                              {
                                "Node Type": "Bitmap Index Scan",
                                "Parent Relationship": "Outer",
                                "Parallel Aware": false,
                                "Index Name": "kind_id_title",
                                "Startup Cost": 0.0,
                                "Total Cost": 2180.94,
                                "Plan Rows": 122201,
                                "Plan Width": 0,
                                "Actual Startup Time": 14.673,
                                "Actual Total Time": 14.673,
                                "Actual Rows": 118234,
                                "Actual Loops": 1,
                                "Index Cond": "(kind_id = 4)"
                              }
                            ]
                          }
                        ]
                      }
                    ]
                  },
                  {
                    "Node Type": "Index Only Scan",
                    "Parent Relationship": "Inner",
                    "Parallel Aware": false,
                    "Scan Direction": "Forward",
                    "Index Name": "movie_id_cast_info",
                    "Relation Name": "cast_info",
                    "Alias": "ci",
                    "Startup Cost": 0.56,
                    "Total Cost": 4.99,
                    "Plan Rows": 37,
                    "Plan Width": 4,
                    "Actual Startup Time": 0.005,
                    "Actual Total Time": 0.025,
                    "Actual Rows": 16,
                    "Actual Loops": 25180,
                    "Index Cond": "(movie_id = mc.movie_id)",
                    "Rows Removed by Index Recheck": 0,
                    "Heap Fetches": 412357
                  }
                ]
              }
            ]
          }
        ]
      }
    ]
  },
  "Planning Time": 1.076,
  "Triggers": [],
  "Execution Time": 571.015
}