{
    "Plan": {
        "Node Type": "Aggregate",
        "Strategy": "Plain",
        "Partial Mode": "Finalize",
        "Parallel Aware": false,
        "Startup Cost": 93023.05,
        "Total Cost": 93023.06,
        "Plan Rows": 1,
        "Plan Width": 8,
        "Actual Startup Time": 452.747,
        "Actual Total Time": 472.466,
        "Actual Rows": 1,
        "Actual Loops": 1,
        "Output": [
            "count(*)"
        ],
        "Plans": [
            {
                "Node Type": "Gather",
                "Parent Relationship": "Outer",
                "Parallel Aware": false,
                "Startup Cost": 93022.73,
                "Total Cost": 93023.04,
                "Plan Rows": 3,
                "Plan Width": 8,
                "Actual Startup Time": 449.735,
                "Actual Total Time": 472.457,
                "Actual Rows": 4,
                "Actual Loops": 1,
                "Output": [
                    "(PARTIAL count(*))"
                ],
                "Workers Planned": 3,
                "Workers Launched": 3,
                "Single Copy": false,
                "Plans": [
                    {
                        "Node Type": "Aggregate",
                        "Strategy": "Plain",
                        "Partial Mode": "Partial",
                        "Parent Relationship": "Outer",
                        "Parallel Aware": false,
                        "Startup Cost": 92022.73,
                        "Total Cost": 92022.74,
                        "Plan Rows": 1,
                        "Plan Width": 8,
                        "Actual Startup Time": 440.838,
                        "Actual Total Time": 440.841,
                        "Actual Rows": 1,
                        "Actual Loops": 4,
                        "Output": [
                            "PARTIAL count(*)"
                        ],
                        "Workers": [
                            {
                                "Worker Number": 0,
                                "Actual Startup Time": 437.712,
                                "Actual Total Time": 437.715,
                                "Actual Rows": 1,
                                "Actual Loops": 1
                            },
                            {
                                "Worker Number": 1,
                                "Actual Startup Time": 437.968,
                                "Actual Total Time": 437.971,
                                "Actual Rows": 1,
                                "Actual Loops": 1
                            },
                            {
                                "Worker Number": 2,
                                "Actual Startup Time": 438.631,
                                "Actual Total Time": 438.633,
                                "Actual Rows": 1,
                                "Actual Loops": 1
                            }
                        ],
                        "Plans": [
                            {
                                "Node Type": "Hash Join",
                                "Parent Relationship": "Outer",
                                "Parallel Aware": true,
                                "Join Type": "Inner",
                                "Startup Cost": 47009.89,
                                "Total Cost": 91390.79,
                                "Plan Rows": 252776,
                                "Plan Width": 0,
                                "Actual Startup Time": 204.292,
                                "Actual Total Time": 422.037,
                                "Actual Rows": 417153,
                                "Actual Loops": 4,
                                "Inner Unique": true,
                                "Hash Cond": "(mk.movie_id = t.id)",
                                "Workers": [
                                    {
                                        "Worker Number": 0,
                                        "Actual Startup Time": 201.362,
                                        "Actual Total Time": 418.677,
                                        "Actual Rows": 292254,
                                        "Actual Loops": 1
                                    },
                                    {
                                        "Worker Number": 1,
                                        "Actual Startup Time": 201.493,
                                        "Actual Total Time": 420.589,
                                        "Actual Rows": 427199,
                                        "Actual Loops": 1
                                    },
                                    {
                                        "Worker Number": 2,
                                        "Actual Startup Time": 201.761,
                                        "Actual Total Time": 421.207,
                                        "Actual Rows": 427781,
                                        "Actual Loops": 1
                                    }
                                ],
                                "Plans": [
                                    {
                                        "Node Type": "Seq Scan",
                                        "Parent Relationship": "Outer",
                                        "Parallel Aware": true,
                                        "Relation Name": "movie_keyword",
                                        "Schema": "public",
                                        "Alias": "mk",
                                        "Startup Cost": 0.0,
                                        "Total Cost": 42695.65,
                                        "Plan Rows": 641998,
                                        "Plan Width": 4,
                                        "Actual Startup Time": 0.334,
                                        "Actual Total Time": 121.334,
                                        "Actual Rows": 492635,
                                        "Actual Loops": 4,
                                        "Output": [
                                            "mk.id",
                                            "mk.movie_id",
                                            "mk.keyword_id"
                                        ],
                                        "Filter": "(mk.keyword_id > 6427)",
                                        "Rows Removed by Filter": 638348,
                                        "Workers": [
                                            {
                                                "Worker Number": 0,
                                                "Actual Startup Time": 0.265,
                                                "Actual Total Time": 125.993,
                                                "Actual Rows": 344500,
                                                "Actual Loops": 1
                                            },
                                            {
                                                "Worker Number": 1,
                                                "Actual Startup Time": 0.25,
                                                "Actual Total Time": 125.127,
                                                "Actual Rows": 504559,
                                                "Actual Loops": 1
                                            },
                                            {
                                                "Worker Number": 2,
                                                "Actual Startup Time": 0.424,
                                                "Actual Total Time": 125.2,
                                                "Actual Rows": 503206,
                                                "Actual Loops": 1
                                            }
                                        ]
                                    },
                                    {
                                        "Node Type": "Hash",
                                        "Parent Relationship": "Inner",
                                        "Parallel Aware": true,
                                        "Startup Cost": 43899.01,
                                        "Total Cost": 43899.01,
                                        "Plan Rows": 248871,
                                        "Plan Width": 4,
                                        "Actual Startup Time": 198.702,
                                        "Actual Total Time": 198.703,
                                        "Actual Rows": 246262,
                                        "Actual Loops": 4,
                                        "Output": [
                                            "t.id"
                                        ],
                                        "Hash Buckets": 1048576,
                                        "Original Hash Buckets": 1048576,
                                        "Hash Batches": 1,
                                        "Original Hash Batches": 1,
                                        "Peak Memory Usage": 46816,
                                        "Workers": [
                                            {
                                                "Worker Number": 0,
                                                "Actual Startup Time": 200.147,
                                                "Actual Total Time": 200.148,
                                                "Actual Rows": 186639,
                                                "Actual Loops": 1
                                            },
                                            {
                                                "Worker Number": 1,
                                                "Actual Startup Time": 200.346,
                                                "Actual Total Time": 200.346,
                                                "Actual Rows": 255567,
                                                "Actual Loops": 1
                                            },
                                            {
                                                "Worker Number": 2,
                                                "Actual Startup Time": 200.379,
                                                "Actual Total Time": 200.38,
                                                "Actual Rows": 254051,
                                                "Actual Loops": 1
                                            }
                                        ],
                                        "Plans": [
                                            {
                                                "Node Type": "Seq Scan",
                                                "Parent Relationship": "Outer",
                                                "Parallel Aware": true,
                                                "Relation Name": "title",
                                                "Schema": "public",
                                                "Alias": "t",
                                                "Startup Cost": 0.0,
                                                "Total Cost": 43899.01,
                                                "Plan Rows": 248871,
                                                "Plan Width": 4,
                                                "Actual Startup Time": 0.06,
                                                "Actual Total Time": 108.008,
                                                "Actual Rows": 246262,
                                                "Actual Loops": 4,
                                                "Output": [
                                                    "t.id"
                                                ],
                                                "Filter": "(t.kind_id < 7)",
                                                "Rows Removed by Filter": 385816,
                                                "Workers": [
                                                    {
                                                        "Worker Number": 0,
                                                        "Actual Startup Time": 0.071,
                                                        "Actual Total Time": 112.455,
                                                        "Actual Rows": 186639,
                                                        "Actual Loops": 1
                                                    },
                                                    {
                                                        "Worker Number": 1,
                                                        "Actual Startup Time": 0.075,
                                                        "Actual Total Time": 109.943,
                                                        "Actual Rows": 255567,
                                                        "Actual Loops": 1
                                                    },
                                                    {
                                                        "Worker Number": 2,
                                                        "Actual Startup Time": 0.072,
                                                        "Actual Total Time": 109.511,
                                                        "Actual Rows": 254051,
                                                        "Actual Loops": 1
                                                    }
                                                ]
                                            }
                                        ]
                                    }
                                ]
                            }
                        ]
                    }
                ]
            }
        ]
    },
    "Planning Time": 0.668,
    "Triggers": [],
    "Execution Time": 472.535
}