[
  {
    "Plan": {
      "Node Type": "Aggregate",
      "Strategy": "Plain",
      "Partial Mode": "Finalize",
      "Parallel Aware": false,
      "Startup Cost": 338024.19,
      "Total Cost": 338024.2,
      "Plan Rows": 1,
      "Plan Width": 8,
      "Actual Startup Time": 838.21,
      "Actual Total Time": 887.206,
      "Actual Rows": 1,
      "Actual Loops": 1,
      "Plans": [
        {
          "Node Type": "Gather",
          "Parent Relationship": "Outer",
          "Parallel Aware": false,
          "Startup Cost": 338023.56,
          "Total Cost": 338024.17,
          "Plan Rows": 6,
          "Plan Width": 8,
          "Actual Startup Time": 837.992,
          "Actual Total Time": 887.195,
          "Actual Rows": 7,
          "Actual Loops": 1,
          "Workers Planned": 6,
          "Workers Launched": 6,
          "Single Copy": false,
          "Plans": [
            {
              "Node Type": "Aggregate",
              "Strategy": "Plain",
              "Partial Mode": "Partial",
              "Parent Relationship": "Outer",
              "Parallel Aware": false,
              "Startup Cost": 337023.56,
              "Total Cost": 337023.57,
              "Plan Rows": 1,
              "Plan Width": 8,
              "Actual Startup Time": 827.552,
              "Actual Total Time": 827.553,
              "Actual Rows": 1,
              "Actual Loops": 7,
              "Plans": [
                {
                  "Node Type": "Seq Scan",
                  "Parent Relationship": "Outer",
                  "Parallel Aware": true,
                  "Relation Name": "cast_info",
                  "Alias": "ci",
                  "Startup Cost": 0.0,
                  "Total Cost": 328211.39,
                  "Plan Rows": 3524868,
                  "Plan Width": 0,
                  "Actual Startup Time": 191.884,
                  "Actual Total Time": 667.275,
                  "Actual Rows": 3000174,
                  "Actual Loops": 7,
                  "Filter": "(person_id > 1501258)",
                  "Rows Removed by Filter": 2177589
                }
              ]
            }
          ]
        }
      ]
    },
    "Planning Time": 0.282,
    "Triggers": [],
    "Execution Time": 887.28
  }
]