[
  {
    "Plan": {
      "Node Type": "Aggregate",
      "Strategy": "Plain",
      "Partial Mode": "Finalize",
      "Parallel Aware": false,
      "Startup Cost": 53023.65,
      "Total Cost": 53023.66,
      "Plan Rows": 1,
      "Plan Width": 8,
      "Actual Startup Time": 104.304,
      "Actual Total Time": 117.285,
      "Actual Rows": 1,
      "Actual Loops": 1,
      "Plans": [
        {
          "Node Type": "Gather",
          "Parent Relationship": "Outer",
          "Parallel Aware": false,
          "Startup Cost": 53023.23,
          "Total Cost": 53023.64,
          "Plan Rows": 4,
          "Plan Width": 8,
          "Actual Startup Time": 104.056,
          "Actual Total Time": 117.276,
          "Actual Rows": 5,
          "Actual Loops": 1,
          "Workers Planned": 4,
          "Workers Launched": 4,
          "Single Copy": false,
          "Plans": [
            {
              "Node Type": "Aggregate",
              "Strategy": "Plain",
              "Partial Mode": "Partial",
              "Parent Relationship": "Outer",
              "Parallel Aware": false,
              "Startup Cost": 52023.23,
              "Total Cost": 52023.24,
              "Plan Rows": 1,
              "Plan Width": 8,
              "Actual Startup Time": 97.203,
              "Actual Total Time": 97.206,
              "Actual Rows": 1,
              "Actual Loops": 5,
              "Plans": [
                {
                  "Node Type": "Nested Loop",
                  "Parent Relationship": "Outer",
                  "Parallel Aware": false,
                  "Join Type": "Inner",
                  "Startup Cost": 0.43,
                  "Total Cost": 52020.25,
                  "Plan Rows": 1192,
                  "Plan Width": 0,
                  "Actual Startup Time": 2.965,
                  "Actual Total Time": 96.958,
                  "Actual Rows": 3859,
                  "Actual Loops": 5,
                  "Inner Unique": false,
                  "Plans": [
                    {
                      "Node Type": "Seq Scan",
                      "Parent Relationship": "Outer",
                      "Parallel Aware": true,
                      "Relation Name": "title",
                      "Alias": "t",
                      "Startup Cost": 0.0,
                      "Total Cost": 45479.59,
                      "Plan Rows": 699,
                      "Plan Width": 4,
                      "Actual Startup Time": 2.691,
                      "Actual Total Time": 82.8,
                      "Actual Rows": 634,
                      "Actual Loops": 5,
                      "Filter": "((kind_id < 7) AND (production_year = 1953))",
                      "Rows Removed by Filter": 505028
                    },
                    {
                      "Node Type": "Index Scan",
                      "Parent Relationship": "Inner",
                      "Parallel Aware": false,
                      "Scan Direction": "Forward",
                      "Index Name": "movie_id_movie_keyword",
                      "Relation Name": "movie_keyword",
                      "Alias": "mk",
                      "Startup Cost": 0.43,
                      "Total Cost": 8.92,
                      "Plan Rows": 44,
                      "Plan Width": 4,
                      "Actual Startup Time": 0.02,
                      "Actual Total Time": 0.021,
                      "Actual Rows": 6,
                      "Actual Loops": 3172,
                      "Index Cond": "(movie_id = t.id)",
                      "Rows Removed by Index Recheck": 0,
                      "Filter": "(keyword_id < 65633)",
                      "Rows Removed by Filter": 0
                    }
                  ]
                }
              ]
            }
          ]
        }
      ]
    },
    "Planning Time": 0.223,
    "Triggers": [],
    "Execution Time": 117.317
  }
]