[
    {
        "Bao": {
            "Bao prediction": "NaN",
            "Bao recommended hint": "(no hint)"
        }
    },
    {
        "Plan": {
            "Node Type": "Aggregate",
            "Strategy": "Plain",
            "Partial Mode": "Finalize",
            "Parallel Aware": false,
            "Startup Cost": 33002.23,
            "Total Cost": 33002.24,
            "Plan Rows": 1,
            "Plan Width": 8,
            "Actual Startup Time": 139.191,
            "Actual Total Time": 150.026,
            "Actual Rows": 1,
            "Actual Loops": 1,
            "Output": [
                "count(*)"
            ],
            "Plans": [
                {
                    "Node Type": "Gather",
                    "Parent Relationship": "Outer",
                    "Parallel Aware": false,
                    "Startup Cost": 33001.91,
                    "Total Cost": 33002.22,
                    "Plan Rows": 3,
                    "Plan Width": 8,
                    "Actual Startup Time": 138.933,
                    "Actual Total Time": 150.012,
                    "Actual Rows": 4,
                    "Actual Loops": 1,
                    "Output": [
                        "(PARTIAL count(*))"
                    ],
                    "Workers Planned": 3,
                    "Workers Launched": 3,
                    "Single Copy": false,
                    "Plans": [
                        {
                            "Node Type": "Aggregate",
                            "Strategy": "Plain",
                            "Partial Mode": "Partial",
                            "Parent Relationship": "Outer",
                            "Parallel Aware": false,
                            "Startup Cost": 32001.91,
                            "Total Cost": 32001.92,
                            "Plan Rows": 1,
                            "Plan Width": 8,
                            "Actual Startup Time": 129.812,
                            "Actual Total Time": 129.814,
                            "Actual Rows": 1,
                            "Actual Loops": 4,
                            "Output": [
                                "PARTIAL count(*)"
                            ],
                            "Workers": [
                                {
                                    "Worker Number": 0,
                                    "Actual Startup Time": 126.499,
                                    "Actual Total Time": 126.502,
                                    "Actual Rows": 1,
                                    "Actual Loops": 1
                                },
                                {
                                    "Worker Number": 1,
                                    "Actual Startup Time": 126.904,
                                    "Actual Total Time": 126.906,
                                    "Actual Rows": 1,
                                    "Actual Loops": 1
                                },
                                {
                                    "Worker Number": 2,
                                    "Actual Startup Time": 127.529,
                                    "Actual Total Time": 127.531,
                                    "Actual Rows": 1,
                                    "Actual Loops": 1
                                }
                            ],
                            "Plans": [
                                {
                                    "Node Type": "Seq Scan",
                                    "Parent Relationship": "Outer",
                                    "Parallel Aware": true,
                                    "Relation Name": "movie_companies",
                                    "Schema": "public",
                                    "Alias": "mc",
                                    "Startup Cost": 0.0,
                                    "Total Cost": 31414.82,
                                    "Plan Rows": 234837,
                                    "Plan Width": 0,
                                    "Actual Startup Time": 0.056,
                                    "Actual Total Time": 110.964,
                                    "Actual Rows": 251738,
                                    "Actual Loops": 4,
                                    "Output": [
                                        "id",
                                        "movie_id",
                                        "company_id",
                                        "company_type_id",
                                        "note"
                                    ],
                                    "Filter": "((mc.company_id < 13562) AND (mc.company_type_id = 1))",
                                    "Rows Removed by Filter": 400544,
                                    "Workers": [
                                        {
                                            "Worker Number": 0,
                                            "Actual Startup Time": 0.063,
                                            "Actual Total Time": 109.225,
                                            "Actual Rows": 229522,
                                            "Actual Loops": 1
                                        },
                                        {
                                            "Worker Number": 1,
                                            "Actual Startup Time": 0.062,
                                            "Actual Total Time": 110.13,
                                            "Actual Rows": 222007,
                                            "Actual Loops": 1
                                        },
                                        {
                                            "Worker Number": 2,
                                            "Actual Startup Time": 0.071,
                                            "Actual Total Time": 110.155,
                                            "Actual Rows": 227654,
                                            "Actual Loops": 1
                                        }
                                    ]
                                }
                            ]
                        }
                    ]
                }
            ]
        },
        "Planning Time": 293.182,
        "Triggers": [],
        "Execution Time": 150.132
    }
]