[
    {
        "Bao": {
            "Bao prediction": 1244.796,
            "Bao recommended hint": "SET enable_nestloop TO off; "
        }
    },
    {
        "Plan": {
            "Node Type": "Aggregate",
            "Strategy": "Plain",
            "Partial Mode": "Finalize",
            "Parallel Aware": false,
            "Startup Cost": 490777.79,
            "Total Cost": 490777.8,
            "Plan Rows": 1,
            "Plan Width": 96,
            "Actual Startup Time": 2745.783,
            "Actual Total Time": 2853.626,
            "Actual Rows": 1,
            "Actual Loops": 1,
            "Output": [
                "min(k.keyword)",
                "min(n.name)",
                "min(t.title)"
            ],
            "Plans": [
                {
                    "Node Type": "Gather",
                    "Parent Relationship": "Outer",
                    "Parallel Aware": false,
                    "Startup Cost": 490777.35,
                    "Total Cost": 490777.76,
                    "Plan Rows": 4,
                    "Plan Width": 96,
                    "Actual Startup Time": 2744.951,
                    "Actual Total Time": 2853.608,
                    "Actual Rows": 5,
                    "Actual Loops": 1,
                    "Output": [
                        "(PARTIAL min(k.keyword))",
                        "(PARTIAL min(n.name))",
                        "(PARTIAL min(t.title))"
                    ],
                    "Workers Planned": 4,
                    "Workers Launched": 4,
                    "Single Copy": false,
                    "Plans": [
                        {
                            "Node Type": "Aggregate",
                            "Strategy": "Plain",
                            "Partial Mode": "Partial",
                            "Parent Relationship": "Outer",
                            "Parallel Aware": false,
                            "Startup Cost": 489777.35,
                            "Total Cost": 489777.36,
                            "Plan Rows": 1,
                            "Plan Width": 96,
                            "Actual Startup Time": 2733.368,
                            "Actual Total Time": 2733.424,
                            "Actual Rows": 1,
                            "Actual Loops": 5,
                            "Output": [
                                "PARTIAL min(k.keyword)",
                                "PARTIAL min(n.name)",
                                "PARTIAL min(t.title)"
                            ],
                            "Workers": [
                                {
                                    "Worker Number": 0,
                                    "Actual Startup Time": 2730.515,
                                    "Actual Total Time": 2730.529,
                                    "Actual Rows": 1,
                                    "Actual Loops": 1
                                },
                                {
                                    "Worker Number": 1,
                                    "Actual Startup Time": 2730.693,
                                    "Actual Total Time": 2730.701,
                                    "Actual Rows": 1,
                                    "Actual Loops": 1
                                },
                                {
                                    "Worker Number": 2,
                                    "Actual Startup Time": 2731.158,
                                    "Actual Total Time": 2731.176,
                                    "Actual Rows": 1,
                                    "Actual Loops": 1
                                },
                                {
                                    "Worker Number": 3,
                                    "Actual Startup Time": 2731.263,
                                    "Actual Total Time": 2731.272,
                                    "Actual Rows": 1,
                                    "Actual Loops": 1
                                }
                            ],
                            "Plans": [
                                {
                                    "Node Type": "Hash Join",
                                    "Parent Relationship": "Outer",
                                    "Parallel Aware": true,
                                    "Join Type": "Inner",
                                    "Startup Cost": 444475.77,
                                    "Total Cost": 489777.25,
                                    "Plan Rows": 14,
                                    "Plan Width": 48,
                                    "Actual Startup Time": 2601.168,
                                    "Actual Total Time": 2733.211,
                                    "Actual Rows": 589,
                                    "Actual Loops": 5,
                                    "Output": [
                                        "k.keyword",
                                        "n.name",
                                        "t.title"
                                    ],
                                    "Inner Unique": false,
                                    "Hash Cond": "(t.id = mk.movie_id)",
                                    "Workers": [
                                        {
                                            "Worker Number": 0,
                                            "Actual Startup Time": 2594.617,
                                            "Actual Total Time": 2730.313,
                                            "Actual Rows": 507,
                                            "Actual Loops": 1
                                        },
                                        {
                                            "Worker Number": 1,
                                            "Actual Startup Time": 2597.312,
                                            "Actual Total Time": 2730.49,
                                            "Actual Rows": 475,
                                            "Actual Loops": 1
                                        },
                                        {
                                            "Worker Number": 2,
                                            "Actual Startup Time": 2601.144,
                                            "Actual Total Time": 2730.97,
                                            "Actual Rows": 472,
                                            "Actual Loops": 1
                                        },
                                        {
                                            "Worker Number": 3,
                                            "Actual Startup Time": 2601.475,
                                            "Actual Total Time": 2731.067,
                                            "Actual Rows": 760,
                                            "Actual Loops": 1
                                        }
                                    ],
                                    "Plans": [
                                        {
                                            "Node Type": "Seq Scan",
                                            "Parent Relationship": "Outer",
                                            "Parallel Aware": true,
                                            "Relation Name": "title",
                                            "Schema": "public",
                                            "Alias": "t",
                                            "Startup Cost": 0.0,
                                            "Total Cost": 43899.32,
                                            "Plan Rows": 373904,
                                            "Plan Width": 21,
                                            "Actual Startup Time": 0.037,
                                            "Actual Total Time": 101.047,
                                            "Actual Rows": 297006,
                                            "Actual Loops": 5,
                                            "Output": [
                                                "t.id",
                                                "t.title",
                                                "t.imdb_index",
                                                "t.kind_id",
                                                "t.production_year",
                                                "t.imdb_id",
                                                "t.phonetic_code",
                                                "t.episode_of_id",
                                                "t.season_nr",
                                                "t.episode_nr",
                                                "t.series_years",
                                                "t.md5sum"
                                            ],
                                            "Filter": "(t.production_year > 1998)",
                                            "Rows Removed by Filter": 208656,
                                            "Workers": [
                                                {
                                                    "Worker Number": 0,
                                                    "Actual Startup Time": 0.042,
                                                    "Actual Total Time": 100.469,
                                                    "Actual Rows": 247158,
                                                    "Actual Loops": 1
                                                },
                                                {
                                                    "Worker Number": 1,
                                                    "Actual Startup Time": 0.032,
                                                    "Actual Total Time": 100.482,
                                                    "Actual Rows": 245414,
                                                    "Actual Loops": 1
                                                },
                                                {
                                                    "Worker Number": 2,
                                                    "Actual Startup Time": 0.049,
                                                    "Actual Total Time": 100.605,
                                                    "Actual Rows": 243732,
                                                    "Actual Loops": 1
                                                },
                                                {
                                                    "Worker Number": 3,
                                                    "Actual Startup Time": 0.04,
                                                    "Actual Total Time": 101.599,
                                                    "Actual Rows": 369681,
                                                    "Actual Loops": 1
                                                }
                                            ]
                                        },
                                        {
                                            "Node Type": "Hash",
                                            "Parent Relationship": "Inner",
                                            "Parallel Aware": true,
                                            "Startup Cost": 444475.57,
                                            "Total Cost": 444475.57,
                                            "Plan Rows": 16,
                                            "Plan Width": 39,
                                            "Actual Startup Time": 2595.036,
                                            "Actual Total Time": 2595.09,
                                            "Actual Rows": 1282,
                                            "Actual Loops": 5,
                                            "Output": [
                                                "ci.movie_id",
                                                "mk.movie_id",
                                                "k.keyword",
                                                "n.name"
                                            ],
                                            "Hash Buckets": 8192,
                                            "Original Hash Buckets": 1024,
                                            "Hash Batches": 1,
                                            "Original Hash Batches": 1,
                                            "Peak Memory Usage": 696,
                                            "Workers": [
                                                {
                                                    "Worker Number": 0,
                                                    "Actual Startup Time": 2592.793,
                                                    "Actual Total Time": 2592.806,
                                                    "Actual Rows": 1005,
                                                    "Actual Loops": 1
                                                },
                                                {
                                                    "Worker Number": 1,
                                                    "Actual Startup Time": 2592.818,
                                                    "Actual Total Time": 2592.825,
                                                    "Actual Rows": 983,
                                                    "Actual Loops": 1
                                                },
                                                {
                                                    "Worker Number": 2,
                                                    "Actual Startup Time": 2593.453,
                                                    "Actual Total Time": 2593.468,
                                                    "Actual Rows": 1042,
                                                    "Actual Loops": 1
                                                },
                                                {
                                                    "Worker Number": 3,
                                                    "Actual Startup Time": 2593.625,
                                                    "Actual Total Time": 2593.633,
                                                    "Actual Rows": 1469,
                                                    "Actual Loops": 1
                                                }
                                            ],
                                            "Plans": [
                                                {
                                                    "Node Type": "Hash Join",
                                                    "Parent Relationship": "Outer",
                                                    "Parallel Aware": true,
                                                    "Join Type": "Inner",
                                                    "Startup Cost": 115280.01,
                                                    "Total Cost": 444475.57,
                                                    "Plan Rows": 16,
                                                    "Plan Width": 39,
                                                    "Actual Startup Time": 673.257,
                                                    "Actual Total Time": 1830.035,
                                                    "Actual Rows": 1282,
                                                    "Actual Loops": 5,
                                                    "Output": [
                                                        "ci.movie_id",
                                                        "mk.movie_id",
                                                        "k.keyword",
                                                        "n.name"
                                                    ],
                                                    "Inner Unique": false,
                                                    "Hash Cond": "(ci.movie_id = mk.movie_id)",
                                                    "Workers": [
                                                        {
                                                            "Worker Number": 0,
                                                            "Actual Startup Time": 657.821,
                                                            "Actual Total Time": 1504.597,
                                                            "Actual Rows": 1005,
                                                            "Actual Loops": 1
                                                        },
                                                        {
                                                            "Worker Number": 1,
                                                            "Actual Startup Time": 559.536,
                                                            "Actual Total Time": 1503.0,
                                                            "Actual Rows": 983,
                                                            "Actual Loops": 1
                                                        },
                                                        {
                                                            "Worker Number": 2,
                                                            "Actual Startup Time": 558.593,
                                                            "Actual Total Time": 1504.934,
                                                            "Actual Rows": 1042,
                                                            "Actual Loops": 1
                                                        },
                                                        {
                                                            "Worker Number": 3,
                                                            "Actual Startup Time": 843.878,
                                                            "Actual Total Time": 2039.628,
                                                            "Actual Rows": 1469,
                                                            "Actual Loops": 1
                                                        }
                                                    ],
                                                    "Plans": [
                                                        {
                                                            "Node Type": "Hash Join",
                                                            "Parent Relationship": "Outer",
                                                            "Parallel Aware": true,
                                                            "Join Type": "Inner",
                                                            "Startup Cost": 68768.23,
                                                            "Total Cost": 397734.87,
                                                            "Plan Rows": 61030,
                                                            "Plan Width": 19,
                                                            "Actual Startup Time": 221.043,
                                                            "Actual Total Time": 1528.031,
                                                            "Actual Rows": 18956,
                                                            "Actual Loops": 5,
                                                            "Output": [
                                                                "ci.movie_id",
                                                                "n.name"
                                                            ],
                                                            "Inner Unique": true,
                                                            "Hash Cond": "(ci.person_id = n.id)",
                                                            "Workers": [
                                                                {
                                                                    "Worker Number": 0,
                                                                    "Actual Startup Time": 274.676,
                                                                    "Actual Total Time": 1205.609,
                                                                    "Actual Rows": 14377,
                                                                    "Actual Loops": 1
                                                                },
                                                                {
                                                                    "Worker Number": 1,
                                                                    "Actual Startup Time": 206.539,
                                                                    "Actual Total Time": 1204.772,
                                                                    "Actual Rows": 12261,
                                                                    "Actual Loops": 1
                                                                },
                                                                {
                                                                    "Worker Number": 2,
                                                                    "Actual Startup Time": 185.197,
                                                                    "Actual Total Time": 1205.727,
                                                                    "Actual Rows": 13496,
                                                                    "Actual Loops": 1
                                                                },
                                                                {
                                                                    "Worker Number": 3,
                                                                    "Actual Startup Time": 250.864,
                                                                    "Actual Total Time": 1738.665,
                                                                    "Actual Rows": 20142,
                                                                    "Actual Loops": 1
                                                                }
                                                            ],
                                                            "Plans": [
                                                                {
                                                                    "Node Type": "Seq Scan",
                                                                    "Parent Relationship": "Outer",
                                                                    "Parallel Aware": true,
                                                                    "Relation Name": "cast_info",
                                                                    "Schema": "public",
                                                                    "Alias": "ci",
                                                                    "Startup Cost": 0.0,
                                                                    "Total Cost": 313106.51,
                                                                    "Plan Rows": 6041951,
                                                                    "Plan Width": 8,
                                                                    "Actual Startup Time": 0.01,
                                                                    "Actual Total Time": 756.101,
                                                                    "Actual Rows": 7248869,
                                                                    "Actual Loops": 5,
                                                                    "Output": [
                                                                        "ci.id",
                                                                        "ci.person_id",
                                                                        "ci.movie_id",
                                                                        "ci.person_role_id",
                                                                        "ci.note",
                                                                        "ci.nr_order",
                                                                        "ci.role_id"
                                                                    ],
                                                                    "Workers": [
                                                                        {
                                                                            "Worker Number": 0,
                                                                            "Actual Startup Time": 0.011,
                                                                            "Actual Total Time": 580.925,
                                                                            "Actual Rows": 4030687,
                                                                            "Actual Loops": 1
                                                                        },
                                                                        {
                                                                            "Worker Number": 1,
                                                                            "Actual Startup Time": 0.009,
                                                                            "Actual Total Time": 576.319,
                                                                            "Actual Rows": 4027564,
                                                                            "Actual Loops": 1
                                                                        },
                                                                        {
                                                                            "Worker Number": 2,
                                                                            "Actual Startup Time": 0.01,
                                                                            "Actual Total Time": 580.796,
                                                                            "Actual Rows": 4001710,
                                                                            "Actual Loops": 1
                                                                        },
                                                                        {
                                                                            "Worker Number": 3,
                                                                            "Actual Startup Time": 0.013,
                                                                            "Actual Total Time": 876.561,
                                                                            "Actual Rows": 9676516,
                                                                            "Actual Loops": 1
                                                                        }
                                                                    ]
                                                                },
                                                                {
                                                                    "Node Type": "Hash",
                                                                    "Parent Relationship": "Inner",
                                                                    "Parallel Aware": true,
                                                                    "Startup Cost": 68636.68,
                                                                    "Total Cost": 68636.68,
                                                                    "Plan Rows": 10524,
                                                                    "Plan Width": 19,
                                                                    "Actual Startup Time": 184.829,
                                                                    "Actual Total Time": 184.831,
                                                                    "Actual Rows": 2142,
                                                                    "Actual Loops": 5,
                                                                    "Output": [
                                                                        "n.name",
                                                                        "n.id"
                                                                    ],
                                                                    "Hash Buckets": 65536,
                                                                    "Original Hash Buckets": 65536,
                                                                    "Hash Batches": 1,
                                                                    "Original Hash Batches": 1,
                                                                    "Peak Memory Usage": 1216,
                                                                    "Workers": [
                                                                        {
                                                                            "Worker Number": 0,
                                                                            "Actual Startup Time": 184.485,
                                                                            "Actual Total Time": 184.486,
                                                                            "Actual Rows": 1935,
                                                                            "Actual Loops": 1
                                                                        },
                                                                        {
                                                                            "Worker Number": 1,
                                                                            "Actual Startup Time": 184.929,
                                                                            "Actual Total Time": 184.93,
                                                                            "Actual Rows": 1748,
                                                                            "Actual Loops": 1
                                                                        },
                                                                        {
                                                                            "Worker Number": 2,
                                                                            "Actual Startup Time": 184.89,
                                                                            "Actual Total Time": 184.892,
                                                                            "Actual Rows": 1840,
                                                                            "Actual Loops": 1
                                                                        },
                                                                        {
                                                                            "Worker Number": 3,
                                                                            "Actual Startup Time": 184.909,
                                                                            "Actual Total Time": 184.911,
                                                                            "Actual Rows": 2550,
                                                                            "Actual Loops": 1
                                                                        }
                                                                    ],
                                                                    "Plans": [
                                                                        {
                                                                            "Node Type": "Seq Scan",
                                                                            "Parent Relationship": "Outer",
                                                                            "Parallel Aware": true,
                                                                            "Relation Name": "name",
                                                                            "Schema": "public",
                                                                            "Alias": "n",
                                                                            "Startup Cost": 0.0,
                                                                            "Total Cost": 68636.68,
                                                                            "Plan Rows": 10524,
                                                                            "Plan Width": 19,
                                                                            "Actual Startup Time": 4.377,
                                                                            "Actual Total Time": 182.63,
                                                                            "Actual Rows": 2142,
                                                                            "Actual Loops": 5,
                                                                            "Output": [
                                                                                "n.name",
                                                                                "n.id"
                                                                            ],
                                                                            "Filter": "(n.name ~~ '%Williams,%'::text)",
                                                                            "Rows Removed by Filter": 831357,
                                                                            "Workers": [
                                                                                {
                                                                                    "Worker Number": 0,
                                                                                    "Actual Startup Time": 0.125,
                                                                                    "Actual Total Time": 183.298,
                                                                                    "Actual Rows": 1935,
                                                                                    "Actual Loops": 1
                                                                                },
                                                                                {
                                                                                    "Worker Number": 1,
                                                                                    "Actual Startup Time": 0.499,
                                                                                    "Actual Total Time": 182.309,
                                                                                    "Actual Rows": 1748,
                                                                                    "Actual Loops": 1
                                                                                },
                                                                                {
                                                                                    "Worker Number": 2,
                                                                                    "Actual Startup Time": 13.22,
                                                                                    "Actual Total Time": 183.086,
                                                                                    "Actual Rows": 1840,
                                                                                    "Actual Loops": 1
                                                                                },
                                                                                {
                                                                                    "Worker Number": 3,
                                                                                    "Actual Startup Time": 4.653,
                                                                                    "Actual Total Time": 182.171,
                                                                                    "Actual Rows": 2550,
                                                                                    "Actual Loops": 1
                                                                                }
                                                                            ]
                                                                        }
                                                                    ]
                                                                }
                                                            ]
                                                        },
                                                        {
                                                            "Node Type": "Hash",
                                                            "Parent Relationship": "Inner",
                                                            "Parallel Aware": true,
                                                            "Startup Cost": 46510.69,
                                                            "Total Cost": 46510.69,
                                                            "Plan Rows": 87,
                                                            "Plan Width": 20,
                                                            "Actual Startup Time": 294.629,
                                                            "Actual Total Time": 294.633,
                                                            "Actual Rows": 11940,
                                                            "Actual Loops": 5,
                                                            "Output": [
                                                                "k.keyword",
                                                                "mk.movie_id"
                                                            ],
                                                            "Hash Buckets": 65536,
                                                            "Original Hash Buckets": 1024,
                                                            "Hash Batches": 1,
                                                            "Original Hash Batches": 1,
                                                            "Peak Memory Usage": 4184,
                                                            "Workers": [
                                                                {
                                                                    "Worker Number": 0,
                                                                    "Actual Startup Time": 292.445,
                                                                    "Actual Total Time": 292.449,
                                                                    "Actual Rows": 12039,
                                                                    "Actual Loops": 1
                                                                },
                                                                {
                                                                    "Worker Number": 1,
                                                                    "Actual Startup Time": 292.457,
                                                                    "Actual Total Time": 292.46,
                                                                    "Actual Rows": 10857,
                                                                    "Actual Loops": 1
                                                                },
                                                                {
                                                                    "Worker Number": 2,
                                                                    "Actual Startup Time": 292.959,
                                                                    "Actual Total Time": 292.967,
                                                                    "Actual Rows": 11453,
                                                                    "Actual Loops": 1
                                                                },
                                                                {
                                                                    "Worker Number": 3,
                                                                    "Actual Startup Time": 293.188,
                                                                    "Actual Total Time": 293.191,
                                                                    "Actual Rows": 11979,
                                                                    "Actual Loops": 1
                                                                }
                                                            ],
                                                            "Plans": [
                                                                {
                                                                    "Node Type": "Hash Join",
                                                                    "Parent Relationship": "Outer",
                                                                    "Parallel Aware": false,
                                                                    "Join Type": "Inner",
                                                                    "Startup Cost": 3632.5,
                                                                    "Total Cost": 46510.69,
                                                                    "Plan Rows": 87,
                                                                    "Plan Width": 20,
                                                                    "Actual Startup Time": 42.578,
                                                                    "Actual Total Time": 231.959,
                                                                    "Actual Rows": 11940,
                                                                    "Actual Loops": 5,
                                                                    "Output": [
                                                                        "k.keyword",
                                                                        "mk.movie_id"
                                                                    ],
                                                                    "Inner Unique": true,
                                                                    "Hash Cond": "(mk.keyword_id = k.id)",
                                                                    "Workers": [
                                                                        {
                                                                            "Worker Number": 0,
                                                                            "Actual Startup Time": 41.729,
                                                                            "Actual Total Time": 250.153,
                                                                            "Actual Rows": 12039,
                                                                            "Actual Loops": 1
                                                                        },
                                                                        {
                                                                            "Worker Number": 1,
                                                                            "Actual Startup Time": 45.557,
                                                                            "Actual Total Time": 229.785,
                                                                            "Actual Rows": 10857,
                                                                            "Actual Loops": 1
                                                                        },
                                                                        {
                                                                            "Worker Number": 2,
                                                                            "Actual Startup Time": 42.565,
                                                                            "Actual Total Time": 249.123,
                                                                            "Actual Rows": 11453,
                                                                            "Actual Loops": 1
                                                                        },
                                                                        {
                                                                            "Worker Number": 3,
                                                                            "Actual Startup Time": 39.384,
                                                                            "Actual Total Time": 206.662,
                                                                            "Actual Rows": 11979,
                                                                            "Actual Loops": 1
                                                                        }
                                                                    ],
                                                                    "Plans": [
                                                                        {
                                                                            "Node Type": "Seq Scan",
                                                                            "Parent Relationship": "Outer",
                                                                            "Parallel Aware": true,
                                                                            "Relation Name": "movie_keyword",
                                                                            "Schema": "public",
                                                                            "Alias": "mk",
                                                                            "Startup Cost": 0.0,
                                                                            "Total Cost": 39047.32,
                                                                            "Plan Rows": 1459332,
                                                                            "Plan Width": 8,
                                                                            "Actual Startup Time": 0.059,
                                                                            "Actual Total Time": 102.774,
                                                                            "Actual Rows": 904786,
                                                                            "Actual Loops": 5,
                                                                            "Output": [
                                                                                "mk.id",
                                                                                "mk.movie_id",
                                                                                "mk.keyword_id"
                                                                            ],
                                                                            "Workers": [
                                                                                {
                                                                                    "Worker Number": 0,
                                                                                    "Actual Startup Time": 0.063,
                                                                                    "Actual Total Time": 111.679,
                                                                                    "Actual Rows": 913345,
                                                                                    "Actual Loops": 1
                                                                                },
                                                                                {
                                                                                    "Worker Number": 1,
                                                                                    "Actual Startup Time": 0.063,
                                                                                    "Actual Total Time": 99.554,
                                                                                    "Actual Rows": 801050,
                                                                                    "Actual Loops": 1
                                                                                },
                                                                                {
                                                                                    "Worker Number": 2,
                                                                                    "Actual Startup Time": 0.09,
                                                                                    "Actual Total Time": 110.914,
                                                                                    "Actual Rows": 917045,
                                                                                    "Actual Loops": 1
                                                                                },
                                                                                {
                                                                                    "Worker Number": 3,
                                                                                    "Actual Startup Time": 0.062,
                                                                                    "Actual Total Time": 91.704,
                                                                                    "Actual Rows": 863335,
                                                                                    "Actual Loops": 1
                                                                                }
                                                                            ]
                                                                        },
                                                                        {
                                                                            "Node Type": "Hash",
                                                                            "Parent Relationship": "Inner",
                                                                            "Parallel Aware": false,
                                                                            "Startup Cost": 3632.4,
                                                                            "Total Cost": 3632.4,
                                                                            "Plan Rows": 8,
                                                                            "Plan Width": 20,
                                                                            "Actual Startup Time": 42.344,
                                                                            "Actual Total Time": 42.345,
                                                                            "Actual Rows": 5,
                                                                            "Actual Loops": 5,
                                                                            "Output": [
                                                                                "k.keyword",
                                                                                "k.id"
                                                                            ],
                                                                            "Hash Buckets": 1024,
                                                                            "Original Hash Buckets": 1024,
                                                                            "Hash Batches": 1,
                                                                            "Original Hash Batches": 1,
                                                                            "Peak Memory Usage": 9,
                                                                            "Workers": [
                                                                                {
                                                                                    "Worker Number": 0,
                                                                                    "Actual Startup Time": 41.503,
                                                                                    "Actual Total Time": 41.504,
                                                                                    "Actual Rows": 5,
                                                                                    "Actual Loops": 1
                                                                                },
                                                                                {
                                                                                    "Worker Number": 1,
                                                                                    "Actual Startup Time": 45.433,
                                                                                    "Actual Total Time": 45.433,
                                                                                    "Actual Rows": 5,
                                                                                    "Actual Loops": 1
                                                                                },
                                                                                {
                                                                                    "Worker Number": 2,
                                                                                    "Actual Startup Time": 42.405,
                                                                                    "Actual Total Time": 42.408,
                                                                                    "Actual Rows": 5,
                                                                                    "Actual Loops": 1
                                                                                },
                                                                                {
                                                                                    "Worker Number": 3,
                                                                                    "Actual Startup Time": 38.928,
                                                                                    "Actual Total Time": 38.928,
                                                                                    "Actual Rows": 5,
                                                                                    "Actual Loops": 1
                                                                                }
                                                                            ],
                                                                            "Plans": [
                                                                                {
                                                                                    "Node Type": "Seq Scan",
                                                                                    "Parent Relationship": "Outer",
                                                                                    "Parallel Aware": false,
                                                                                    "Relation Name": "keyword",
                                                                                    "Schema": "public",
                                                                                    "Alias": "k",
                                                                                    "Startup Cost": 0.0,
                                                                                    "Total Cost": 3632.4,
                                                                                    "Plan Rows": 8,
                                                                                    "Plan Width": 20,
                                                                                    "Actual Startup Time": 0.386,
                                                                                    "Actual Total Time": 42.312,
                                                                                    "Actual Rows": 5,
                                                                                    "Actual Loops": 5,
                                                                                    "Output": [
                                                                                        "k.keyword",
                                                                                        "k.id"
                                                                                    ],
                                                                                    "Filter": "(k.keyword = ANY ('{sequel,based-on-novel,based-on-novel,blood,violence,violence,based-on-comic,violence}'::text[]))",
                                                                                    "Rows Removed by Filter": 134165,
                                                                                    "Workers": [
                                                                                        {
                                                                                            "Worker Number": 0,
                                                                                            "Actual Startup Time": 0.288,
                                                                                            "Actual Total Time": 41.477,
                                                                                            "Actual Rows": 5,
                                                                                            "Actual Loops": 1
                                                                                        },
                                                                                        {
                                                                                            "Worker Number": 1,
                                                                                            "Actual Startup Time": 0.41,
                                                                                            "Actual Total Time": 45.399,
                                                                                            "Actual Rows": 5,
                                                                                            "Actual Loops": 1
                                                                                        },
                                                                                        {
                                                                                            "Worker Number": 2,
                                                                                            "Actual Startup Time": 0.408,
                                                                                            "Actual Total Time": 42.374,
                                                                                            "Actual Rows": 5,
                                                                                            "Actual Loops": 1
                                                                                        },
                                                                                        {
                                                                                            "Worker Number": 3,
                                                                                            "Actual Startup Time": 0.42,
                                                                                            "Actual Total Time": 38.894,
                                                                                            "Actual Rows": 5,
                                                                                            "Actual Loops": 1
                                                                                        }
                                                                                    ]
                                                                                }
                                                                            ]
                                                                        }
                                                                    ]
                                                                }
                                                            ]
                                                        }
                                                    ]
                                                }
                                            ]
                                        }
                                    ]
                                }
                            ]
                        }
                    ]
                }
            ]
        },
        "Planning Time": 412.427,
        "Triggers": [],
        "Execution Time": 2854.413
    }
]