[
  {
    "Plan": {
      "Node Type": "Aggregate",
      "Strategy": "Plain",
      "Partial Mode": "Finalize",
      "Parallel Aware": false,
      "Startup Cost": 343380.43,
      "Total Cost": 343380.44,
      "Plan Rows": 1,
      "Plan Width": 8,
      "Actual Startup Time": 1115.106,
      "Actual Total Time": 1169.16,
      "Actual Rows": 1,
      "Actual Loops": 1,
      "Plans": [
        {
          "Node Type": "Gather",
          "Parent Relationship": "Outer",
          "Parallel Aware": false,
          "Startup Cost": 343379.81,
          "Total Cost": 343380.42,
          "Plan Rows": 6,
          "Plan Width": 8,
          "Actual Startup Time": 1114.921,
          "Actual Total Time": 1169.146,
          "Actual Rows": 7,
          "Actual Loops": 1,
          "Workers Planned": 6,
          "Workers Launched": 6,
          "Single Copy": false,
          "Plans": [
            {
              "Node Type": "Aggregate",
              "Strategy": "Plain",
              "Partial Mode": "Partial",
              "Parent Relationship": "Outer",
              "Parallel Aware": false,
              "Startup Cost": 342379.81,
              "Total Cost": 342379.82,
              "Plan Rows": 1,
              "Plan Width": 8,
              "Actual Startup Time": 1107.42,
              "Actual Total Time": 1107.421,
              "Actual Rows": 1,
              "Actual Loops": 7,
              "Plans": [
                {
                  "Node Type": "Seq Scan",
                  "Parent Relationship": "Outer",
                  "Parallel Aware": true,
                  "Relation Name": "cast_info",
                  "Alias": "ci",
                  "Startup Cost": 0.0,
                  "Total Cost": 328211.39,
                  "Plan Rows": 5667366,
                  "Plan Width": 0,
                  "Actual Startup Time": 0.044,
                  "Actual Total Time": 796.659,
                  "Actual Rows": 4866159,
                  "Actual Loops": 7,
                  "Filter": "(person_id < 3636132)",
                  "Rows Removed by Filter": 311604
                }
              ]
            }
          ]
        }
      ]
    },
    "Planning Time": 0.272,
    "Triggers": [],
    "Execution Time": 1169.236
  }
]