{
  "Plan": {
    "Node Type": "Aggregate",
    "Strategy": "Plain",
    "Partial Mode": "Finalize",
    "Parallel Aware": false,
    "Startup Cost": 721053.21,
    "Total Cost": 721053.22,
    "Plan Rows": 1,
    "Plan Width": 8,
    "Actual Startup Time": 2656.423,
    "Actual Total Time": 2708.223,
    "Actual Rows": 1,
    "Actual Loops": 1,
    "Plans": [
      {
        "Node Type": "Gather",
        "Parent Relationship": "Outer",
        "Parallel Aware": false,
        "Startup Cost": 721053.1,
        "Total Cost": 721053.21,
        "Plan Rows": 1,
        "Plan Width": 8,
        "Actual Startup Time": 2652.712,
        "Actual Total Time": 2708.211,
        "Actual Rows": 2,
        "Actual Loops": 1,
        "Workers Planned": 1,
        "Workers Launched": 1,
        "Single Copy": false,
        "Plans": [
          {
            "Node Type": "Aggregate",
            "Strategy": "Plain",
            "Partial Mode": "Partial",
            "Parent Relationship": "Outer",
            "Parallel Aware": false,
            "Startup Cost": 720053.1,
            "Total Cost": 720053.11,
            "Plan Rows": 1,
            "Plan Width": 8,
            "Actual Startup Time": 2648.572,
            "Actual Total Time": 2649.404,
            "Actual Rows": 1,
            "Actual Loops": 2,
            "Plans": [
              {
                "Node Type": "Hash Join",
                "Parent Relationship": "Outer",
                "Parallel Aware": true,
                "Join Type": "Inner",
                "Startup Cost": 111830.27,
                "Total Cost": 715603.25,
                "Plan Rows": 1779941,
                "Plan Width": 0,
                "Actual Startup Time": 1337.6,
                "Actual Total Time": 2609.671,
                "Actual Rows": 978238,
                "Actual Loops": 2,
                "Inner Unique": false,
                "Hash Cond": "(ci.movie_id = t.id)",
                "Plans": [
                  {
                    "Node Type": "Seq Scan",
                    "Parent Relationship": "Outer",
                    "Parallel Aware": true,
                    "Relation Name": "cast_info",
                    "Alias": "ci",
                    "Startup Cost": 0.0,
                    "Total Cost": 572345.93,
                    "Plan Rows": 5588480,
                    "Plan Width": 4,
                    "Actual Startup Time": 673.49,
                    "Actual Total Time": 1455.596,
                    "Actual Rows": 3205338,
                    "Actual Loops": 2,
                    "Filter": "((person_id > 2441081) AND (role_id < 6))",
                    "Rows Removed by Filter": 14916834
                  },
                  {
                    "Node Type": "Hash",
                    "Parent Relationship": "Inner",
                    "Parallel Aware": true,
                    "Startup Cost": 105909.19,
                    "Total Cost": 105909.19,
                    "Plan Rows": 473686,
                    "Plan Width": 8,
                    "Actual Startup Time": 657.803,
                    "Actual Total Time": 658.633,
                    "Actual Rows": 200234,
                    "Actual Loops": 2,
                    "Hash Buckets": 1048576,
                    "Original Hash Buckets": 1048576,
                    "Hash Batches": 1,
                    "Original Hash Batches": 1,
                    "Peak Memory Usage": 23872,
                    "Plans": [
                      {
                        "Node Type": "Hash Join",
                        "Parent Relationship": "Outer",
                        "Parallel Aware": true,
                        "Join Type": "Inner",
                        "Startup Cost": 65888.86,
                        "Total Cost": 105909.19,
                        "Plan Rows": 473686,
                        "Plan Width": 8,
                        "Actual Startup Time": 392.293,
                        "Actual Total Time": 613.908,
                        "Actual Rows": 200234,
                        "Actual Loops": 2,
                        "Inner Unique": true,
                        "Hash Cond": "(mc.movie_id = t.id)",
                        "Plans": [
                          {
                            "Node Type": "Seq Scan",
                            "Parent Relationship": "Outer",
                            "Parallel Aware": true,
                            "Relation Name": "movie_companies",
                            "Alias": "mc",
                            "Startup Cost": 0.0,
                            "Total Cost": 37974.77,
                            "Plan Rows": 779260,
                            "Plan Width": 4,
                            "Actual Startup Time": 44.47,
                            "Actual Total Time": 108.042,
                            "Actual Rows": 667442,
                            "Actual Loops": 2,
                            "Filter": "(company_type_id > 1)",
                            "Rows Removed by Filter": 637123
                          },
                          {
                            "Node Type": "Hash",
                            "Parent Relationship": "Inner",
                            "Parallel Aware": true,
                            "Startup Cost": 54588.39,
                            "Total Cost": 54588.39,
                            "Plan Rows": 904038,
                            "Plan Width": 4,
                            "Actual Startup Time": 340.455,
                            "Actual Total Time": 340.456,
                            "Actual Rows": 771632,
                            "Actual Loops": 2,
                            "Hash Buckets": 2097152,
                            "Original Hash Buckets": 2097152,
                            "Hash Batches": 1,
                            "Original Hash Batches": 1,
                            "Peak Memory Usage": 76768,
                            "Plans": [
                              {
                                "Node Type": "Seq Scan",
                                "Parent Relationship": "Outer",
                                "Parallel Aware": true,
                                "Relation Name": "title",
                                "Alias": "t",
                                "Startup Cost": 0.0,
                                "Total Cost": 54588.39,
                                "Plan Rows": 904038,
                                "Plan Width": 4,
                                "Actual Startup Time": 0.032,
                                "Actual Total Time": 150.069,
                                "Actual Rows": 771632,
                                "Actual Loops": 2,
                                "Filter": "(kind_id = 7)",
                                "Rows Removed by Filter": 492524
                              }
                            ]
                          }
                        ]
                      }
                    ]
                  }
                ]
              }
            ]
          }
        ]
      }
    ]
  },
  "Planning Time": 0.526,
  "Triggers": [],
  "Execution Time": 2708.282
}