[
  {
    "Plan": {
      "Node Type": "Aggregate",
      "Strategy": "Plain",
      "Partial Mode": "Finalize",
      "Parallel Aware": false,
      "Startup Cost": 30653.66,
      "Total Cost": 30653.67,
      "Plan Rows": 1,
      "Plan Width": 8,
      "Actual Startup Time": 84.193,
      "Actual Total Time": 91.874,
      "Actual Rows": 1,
      "Actual Loops": 1,
      "Plans": [
        {
          "Node Type": "Gather",
          "Parent Relationship": "Outer",
          "Parallel Aware": false,
          "Startup Cost": 30653.35,
          "Total Cost": 30653.66,
          "Plan Rows": 3,
          "Plan Width": 8,
          "Actual Startup Time": 84.09,
          "Actual Total Time": 91.865,
          "Actual Rows": 4,
          "Actual Loops": 1,
          "Workers Planned": 3,
          "Workers Launched": 3,
          "Single Copy": false,
          "Plans": [
            {
              "Node Type": "Aggregate",
              "Strategy": "Plain",
              "Partial Mode": "Partial",
              "Parent Relationship": "Outer",
              "Parallel Aware": false,
              "Startup Cost": 29653.35,
              "Total Cost": 29653.36,
              "Plan Rows": 1,
              "Plan Width": 8,
              "Actual Startup Time": 78.461,
              "Actual Total Time": 78.462,
              "Actual Rows": 1,
              "Actual Loops": 4,
              "Plans": [
                {
                  "Node Type": "Seq Scan",
                  "Parent Relationship": "Outer",
                  "Parallel Aware": true,
                  "Relation Name": "movie_companies",
                  "Alias": "mc",
                  "Startup Cost": 0.0,
                  "Total Cost": 29310.68,
                  "Plan Rows": 137066,
                  "Plan Width": 0,
                  "Actual Startup Time": 47.849,
                  "Actual Total Time": 74.03,
                  "Actual Rows": 107982,
                  "Actual Loops": 4,
                  "Filter": "(company_id > 78955)",
                  "Rows Removed by Filter": 544301
                }
              ]
            }
          ]
        }
      ]
    },
    "Planning Time": 0.193,
    "Triggers": [],
    "Execution Time": 91.93
  }
]