[
  {
    "Plan": {
      "Node Type": "Aggregate",
      "Strategy": "Plain",
      "Partial Mode": "Finalize",
      "Parallel Aware": false,
      "Startup Cost": 94770.43,
      "Total Cost": 94770.44,
      "Plan Rows": 1,
      "Plan Width": 8,
      "Actual Startup Time": 520.338,
      "Actual Total Time": 538.584,
      "Actual Rows": 1,
      "Actual Loops": 1,
      "Plans": [
        {
          "Node Type": "Gather",
          "Parent Relationship": "Outer",
          "Parallel Aware": false,
          "Startup Cost": 94770.22,
          "Total Cost": 94770.43,
          "Plan Rows": 2,
          "Plan Width": 8,
          "Actual Startup Time": 515.635,
          "Actual Total Time": 538.575,
          "Actual Rows": 3,
          "Actual Loops": 1,
          "Workers Planned": 2,
          "Workers Launched": 2,
          "Single Copy": false,
          "Plans": [
            {
              "Node Type": "Aggregate",
              "Strategy": "Plain",
              "Partial Mode": "Partial",
              "Parent Relationship": "Outer",
              "Parallel Aware": false,
              "Startup Cost": 93770.22,
              "Total Cost": 93770.23,
              "Plan Rows": 1,
              "Plan Width": 8,
              "Actual Startup Time": 508.199,
              "Actual Total Time": 508.38,
              "Actual Rows": 1,
              "Actual Loops": 3,
              "Plans": [
                {
                  "Node Type": "Hash Join",
                  "Parent Relationship": "Outer",
                  "Parallel Aware": true,
                  "Join Type": "Inner",
                  "Startup Cost": 77696.28,
                  "Total Cost": 93668.71,
                  "Plan Rows": 40604,
                  "Plan Width": 0,
                  "Actual Startup Time": 377.37,
                  "Actual Total Time": 495.502,
                  "Actual Rows": 323729,
                  "Actual Loops": 3,
                  "Inner Unique": false,
                  "Hash Cond": "(mi_idx.movie_id = t.id)",
                  "Plans": [
                    {
                      "Node Type": "Seq Scan",
                      "Parent Relationship": "Outer",
                      "Parallel Aware": true,
                      "Relation Name": "movie_info_idx",
                      "Alias": "mi_idx",
                      "Startup Cost": 0.0,
                      "Total Cost": 13685.15,
                      "Plan Rows": 575015,
                      "Plan Width": 4,
                      "Actual Startup Time": 0.023,
                      "Actual Total Time": 39.009,
                      "Actual Rows": 460012,
                      "Actual Loops": 3
                    },
                    {
                      "Node Type": "Hash",
                      "Parent Relationship": "Inner",
                      "Parallel Aware": true,
                      "Startup Cost": 76976.34,
                      "Total Cost": 76976.34,
                      "Plan Rows": 57595,
                      "Plan Width": 8,
                      "Actual Startup Time": 375.822,
                      "Actual Total Time": 376.001,
                      "Actual Rows": 170041,
                      "Actual Loops": 3,
                      "Hash Buckets": 524288,
                      "Original Hash Buckets": 262144,
                      "Hash Batches": 1,
                      "Original Hash Batches": 1,
                      "Peak Memory Usage": 26176,
                      "Plans": [
                        {
                          "Node Type": "Hash Join",
                          "Parent Relationship": "Outer",
                          "Parallel Aware": true,
                          "Join Type": "Inner",
                          "Startup Cost": 46585.44,
                          "Total Cost": 76976.34,
                          "Plan Rows": 57595,
                          "Plan Width": 8,
                          "Actual Startup Time": 163.22,
                          "Actual Total Time": 327.762,
                          "Actual Rows": 170041,
                          "Actual Loops": 3,
                          "Inner Unique": true,
                          "Hash Cond": "(mc.movie_id = t.id)",
                          "Plans": [
                            {
                              "Node Type": "Seq Scan",
                              "Parent Relationship": "Outer",
                              "Parallel Aware": true,
                              "Relation Name": "movie_companies",
                              "Alias": "mc",
                              "Startup Cost": 0.0,
                              "Total Cost": 29310.68,
                              "Plan Rows": 411513,
                              "Plan Width": 4,
                              "Actual Startup Time": 0.01,
                              "Actual Total Time": 82.19,
                              "Actual Rows": 424749,
                              "Actual Loops": 3,
                              "Filter": "(company_type_id = 1)",
                              "Rows Removed by Filter": 444961
                            },
                            {
                              "Node Type": "Hash",
                              "Parent Relationship": "Inner",
                              "Parallel Aware": true,
                              "Startup Cost": 45479.59,
                              "Total Cost": 45479.59,
                              "Plan Rows": 88468,
                              "Plan Width": 4,
                              "Actual Startup Time": 161.981,
                              "Actual Total Time": 161.982,
                              "Actual Rows": 156790,
                              "Actual Loops": 3,
                              "Hash Buckets": 524288,
                              "Original Hash Buckets": 524288,
                              "Hash Batches": 1,
                              "Original Hash Batches": 1,
                              "Peak Memory Usage": 22560,
                              "Plans": [
                                {
                                  "Node Type": "Seq Scan",
                                  "Parent Relationship": "Outer",
                                  "Parallel Aware": true,
                                  "Relation Name": "title",
                                  "Alias": "t",
                                  "Startup Cost": 0.0,
                                  "Total Cost": 45479.59,
                                  "Plan Rows": 88468,
                                  "Plan Width": 4,
                                  "Actual Startup Time": 0.047,
                                  "Actual Total Time": 114.682,
                                  "Actual Rows": 156790,
                                  "Actual Loops": 3,
                                  "Filter": "((kind_id < 7) AND (production_year < 1998))",
                                  "Rows Removed by Filter": 685980
                                }
                              ]
                            }
                          ]
                        }
                      ]
                    }
                  ]
                }
              ]
            }
          ]
        }
      ]
    },
    "Planning Time": 0.65,
    "Triggers": [],
    "Execution Time": 538.627
  }
]