[
  {
    "Plan": {
      "Node Type": "Aggregate",
      "Strategy": "Plain",
      "Partial Mode": "Finalize",
      "Parallel Aware": false,
      "Startup Cost": 268263.93,
      "Total Cost": 268263.94,
      "Plan Rows": 1,
      "Plan Width": 8,
      "Actual Startup Time": 941.669,
      "Actual Total Time": 970.14,
      "Actual Rows": 1,
      "Actual Loops": 1,
      "Plans": [
        {
          "Node Type": "Gather",
          "Parent Relationship": "Outer",
          "Parallel Aware": false,
          "Startup Cost": 268263.61,
          "Total Cost": 268263.92,
          "Plan Rows": 3,
          "Plan Width": 8,
          "Actual Startup Time": 922.673,
          "Actual Total Time": 970.128,
          "Actual Rows": 4,
          "Actual Loops": 1,
          "Workers Planned": 3,
          "Workers Launched": 3,
          "Single Copy": false,
          "Plans": [
            {
              "Node Type": "Aggregate",
              "Strategy": "Plain",
              "Partial Mode": "Partial",
              "Parent Relationship": "Outer",
              "Parallel Aware": false,
              "Startup Cost": 267263.61,
              "Total Cost": 267263.62,
              "Plan Rows": 1,
              "Plan Width": 8,
              "Actual Startup Time": 913.87,
              "Actual Total Time": 914.147,
              "Actual Rows": 1,
              "Actual Loops": 4,
              "Plans": [
                {
                  "Node Type": "Hash Join",
                  "Parent Relationship": "Outer",
                  "Parallel Aware": true,
                  "Join Type": "Inner",
                  "Startup Cost": 236688.37,
                  "Total Cost": 267069.73,
                  "Plan Rows": 77553,
                  "Plan Width": 0,
                  "Actual Startup Time": 734.53,
                  "Actual Total Time": 894.285,
                  "Actual Rows": 338312,
                  "Actual Loops": 4,
                  "Inner Unique": false,
                  "Hash Cond": "(mc.movie_id = t.id)",
                  "Plans": [
                    {
                      "Node Type": "Seq Scan",
                      "Parent Relationship": "Outer",
                      "Parallel Aware": true,
                      "Relation Name": "movie_companies",
                      "Alias": "mc",
                      "Startup Cost": 0.0,
                      "Total Cost": 29310.68,
                      "Plan Rows": 244153,
                      "Plan Width": 4,
                      "Actual Startup Time": 18.573,
                      "Actual Total Time": 82.845,
                      "Actual Rows": 187762,
                      "Actual Loops": 4,
                      "Filter": "(company_id > 36908)",
                      "Rows Removed by Filter": 464520
                    },
                    {
                      "Node Type": "Hash",
                      "Parent Relationship": "Inner",
                      "Parallel Aware": true,
                      "Startup Cost": 234680.53,
                      "Total Cost": 234680.53,
                      "Plan Rows": 160627,
                      "Plan Width": 8,
                      "Actual Startup Time": 713.212,
                      "Actual Total Time": 713.485,
                      "Actual Rows": 208458,
                      "Actual Loops": 4,
                      "Hash Buckets": 1048576,
                      "Original Hash Buckets": 1048576,
                      "Hash Batches": 1,
                      "Original Hash Batches": 1,
                      "Peak Memory Usage": 40864,
                      "Plans": [
                        {
                          "Node Type": "Hash Join",
                          "Parent Relationship": "Outer",
                          "Parallel Aware": true,
                          "Join Type": "Inner",
                          "Startup Cost": 69396.32,
                          "Total Cost": 234680.53,
                          "Plan Rows": 160627,
                          "Plan Width": 8,
                          "Actual Startup Time": 438.127,
                          "Actual Total Time": 638.217,
                          "Actual Rows": 208458,
                          "Actual Loops": 4,
                          "Inner Unique": true,
                          "Hash Cond": "(mi.movie_id = t.id)",
                          "Plans": [
                            {
                              "Node Type": "Bitmap Heap Scan",
                              "Parent Relationship": "Outer",
                              "Parallel Aware": true,
                              "Relation Name": "movie_info",
                              "Alias": "mi",
                              "Startup Cost": 19664.46,
                              "Total Cost": 184377.47,
                              "Plan Rows": 217601,
                              "Plan Width": 4,
                              "Actual Startup Time": 89.81,
                              "Actual Total Time": 180.827,
                              "Actual Rows": 270792,
                              "Actual Loops": 4,
                              "Recheck Cond": "(info_type_id > 70)",
                              "Rows Removed by Index Recheck": 0,
                              "Exact Heap Blocks": 11712,
                              "Lossy Heap Blocks": 0,
                              "Plans": [
                                {
                                  "Node Type": "Bitmap Index Scan",
                                  "Parent Relationship": "Outer",
                                  "Parallel Aware": false,
                                  "Index Name": "info_type_id_movie_info",
                                  "Startup Cost": 0.0,
                                  "Total Cost": 19392.46,
                                  "Plan Rows": 1088003,
                                  "Plan Width": 0,
                                  "Actual Startup Time": 80.885,
                                  "Actual Total Time": 80.885,
                                  "Actual Rows": 1083166,
                                  "Actual Loops": 1,
                                  "Index Cond": "(info_type_id > 70)"
                                }
                              ]
                            },
                            {
                              "Node Type": "Hash",
                              "Parent Relationship": "Inner",
                              "Parallel Aware": true,
                              "Startup Cost": 43899.32,
                              "Total Cost": 43899.32,
                              "Plan Rows": 466603,
                              "Plan Width": 4,
                              "Actual Startup Time": 330.514,
                              "Actual Total Time": 330.515,
                              "Actual Rows": 463202,
                              "Actual Loops": 4,
                              "Hash Buckets": 2097152,
                              "Original Hash Buckets": 2097152,
                              "Hash Batches": 1,
                              "Original Hash Batches": 1,
                              "Peak Memory Usage": 88896,
                              "Plans": [
                                {
                                  "Node Type": "Seq Scan",
                                  "Parent Relationship": "Outer",
                                  "Parallel Aware": true,
                                  "Relation Name": "title",
                                  "Alias": "t",
                                  "Startup Cost": 0.0,
                                  "Total Cost": 43899.32,
                                  "Plan Rows": 466603,
                                  "Plan Width": 4,
                                  "Actual Startup Time": 0.041,
                                  "Actual Total Time": 139.49,
                                  "Actual Rows": 463202,
                                  "Actual Loops": 4,
                                  "Filter": "(production_year > 1985)",
                                  "Rows Removed by Filter": 168876
                                }
                              ]
                            }
                          ]
                        }
                      ]
                    }
                  ]
                }
              ]
            }
          ]
        }
      ]
    },
    "Planning Time": 0.455,
    "Triggers": [],
    "Execution Time": 970.198
  }
]