[
  {
    "Plan": {
      "Node Type": "Aggregate",
      "Strategy": "Plain",
      "Partial Mode": "Finalize",
      "Parallel Aware": false,
      "Startup Cost": 127277.65,
      "Total Cost": 127277.66,
      "Plan Rows": 1,
      "Plan Width": 8,
      "Actual Startup Time": 512.975,
      "Actual Total Time": 533.593,
      "Actual Rows": 1,
      "Actual Loops": 1,
      "Plans": [
        {
          "Node Type": "Gather",
          "Parent Relationship": "Outer",
          "Parallel Aware": false,
          "Startup Cost": 127277.33,
          "Total Cost": 127277.64,
          "Plan Rows": 3,
          "Plan Width": 8,
          "Actual Startup Time": 508.607,
          "Actual Total Time": 533.584,
          "Actual Rows": 4,
          "Actual Loops": 1,
          "Workers Planned": 3,
          "Workers Launched": 3,
          "Single Copy": false,
          "Plans": [
            {
              "Node Type": "Aggregate",
              "Strategy": "Plain",
              "Partial Mode": "Partial",
              "Parent Relationship": "Outer",
              "Parallel Aware": false,
              "Startup Cost": 126277.33,
              "Total Cost": 126277.34,
              "Plan Rows": 1,
              "Plan Width": 8,
              "Actual Startup Time": 498.398,
              "Actual Total Time": 498.524,
              "Actual Rows": 1,
              "Actual Loops": 4,
              "Plans": [
                {
                  "Node Type": "Hash Join",
                  "Parent Relationship": "Outer",
                  "Parallel Aware": true,
                  "Join Type": "Inner",
                  "Startup Cost": 80351.46,
                  "Total Cost": 126153.2,
                  "Plan Rows": 49655,
                  "Plan Width": 0,
                  "Actual Startup Time": 330.883,
                  "Actual Total Time": 494.962,
                  "Actual Rows": 83738,
                  "Actual Loops": 4,
                  "Inner Unique": false,
                  "Hash Cond": "(mk.movie_id = t.id)",
                  "Plans": [
                    {
                      "Node Type": "Seq Scan",
                      "Parent Relationship": "Outer",
                      "Parallel Aware": true,
                      "Relation Name": "movie_keyword",
                      "Alias": "mk",
                      "Startup Cost": 0.0,
                      "Total Cost": 42695.65,
                      "Plan Rows": 795184,
                      "Plan Width": 4,
                      "Actual Startup Time": 0.03,
                      "Actual Total Time": 105.075,
                      "Actual Rows": 616677,
                      "Actual Loops": 4,
                      "Filter": "(keyword_id < 5936)",
                      "Rows Removed by Filter": 514306
                    },
                    {
                      "Node Type": "Hash",
                      "Parent Relationship": "Inner",
                      "Parallel Aware": true,
                      "Startup Cost": 79858.09,
                      "Total Cost": 79858.09,
                      "Plan Rows": 39470,
                      "Plan Width": 8,
                      "Actual Startup Time": 327.874,
                      "Actual Total Time": 327.999,
                      "Actual Rows": 46520,
                      "Actual Loops": 4,
                      "Hash Buckets": 262144,
                      "Original Hash Buckets": 262144,
                      "Hash Batches": 1,
                      "Original Hash Batches": 1,
                      "Peak Memory Usage": 9408,
                      "Plans": [
                        {
                          "Node Type": "Hash Join",
                          "Parent Relationship": "Outer",
                          "Parallel Aware": true,
                          "Join Type": "Inner",
                          "Startup Cost": 32833.63,
                          "Total Cost": 79858.09,
                          "Plan Rows": 39470,
                          "Plan Width": 8,
                          "Actual Startup Time": 138.5,
                          "Actual Total Time": 312.609,
                          "Actual Rows": 46520,
                          "Actual Loops": 4,
                          "Inner Unique": false,
                          "Hash Cond": "(t.id = mc.movie_id)",
                          "Plans": [
                            {
                              "Node Type": "Seq Scan",
                              "Parent Relationship": "Outer",
                              "Parallel Aware": true,
                              "Relation Name": "title",
                              "Alias": "t",
                              "Startup Cost": 0.0,
                              "Total Cost": 45479.1,
                              "Plan Rows": 283608,
                              "Plan Width": 4,
                              "Actual Startup Time": 0.014,
                              "Actual Total Time": 90.366,
                              "Actual Rows": 308711,
                              "Actual Loops": 4,
                              "Filter": "((kind_id > 1) AND (production_year > 1997))",
                              "Rows Removed by Filter": 323367
                            },
                            {
                              "Node Type": "Hash",
                              "Parent Relationship": "Inner",
                              "Parallel Aware": true,
                              "Startup Cost": 31414.82,
                              "Total Cost": 31414.82,
                              "Plan Rows": 113505,
                              "Plan Width": 4,
                              "Actual Startup Time": 136.444,
                              "Actual Total Time": 136.445,
                              "Actual Rows": 167707,
                              "Actual Loops": 4,
                              "Hash Buckets": 1048576,
                              "Original Hash Buckets": 524288,
                              "Hash Batches": 1,
                              "Original Hash Batches": 1,
                              "Peak Memory Usage": 38624,
                              "Plans": [
                                {
                                  "Node Type": "Seq Scan",
                                  "Parent Relationship": "Outer",
                                  "Parallel Aware": true,
                                  "Relation Name": "movie_companies",
                                  "Alias": "mc",
                                  "Startup Cost": 0.0,
                                  "Total Cost": 31414.82,
                                  "Plan Rows": 113505,
                                  "Plan Width": 4,
                                  "Actual Startup Time": 45.58,
                                  "Actual Total Time": 81.09,
                                  "Actual Rows": 167707,
                                  "Actual Loops": 4,
                                  "Filter": "((company_id > 44130) AND (company_type_id = 2))",
                                  "Rows Removed by Filter": 484575
                                }
                              ]
                            }
                          ]
                        }
                      ]
                    }
                  ]
                }
              ]
            }
          ]
        }
      ]
    },
    "Planning Time": 1.519,
    "Triggers": [],
    "Execution Time": 533.68
  }
]