[
    {
        "Bao": {
            "Bao prediction": "NaN",
            "Bao recommended hint": "(no hint)"
        }
    },
    {
        "Plan": {
            "Node Type": "Aggregate",
            "Strategy": "Plain",
            "Partial Mode": "Finalize",
            "Parallel Aware": false,
            "Startup Cost": 92948.04,
            "Total Cost": 92948.05,
            "Plan Rows": 1,
            "Plan Width": 8,
            "Actual Startup Time": 450.141,
            "Actual Total Time": 460.908,
            "Actual Rows": 1,
            "Actual Loops": 1,
            "Output": [
                "count(*)"
            ],
            "Plans": [
                {
                    "Node Type": "Gather",
                    "Parent Relationship": "Outer",
                    "Parallel Aware": false,
                    "Startup Cost": 92947.72,
                    "Total Cost": 92948.03,
                    "Plan Rows": 3,
                    "Plan Width": 8,
                    "Actual Startup Time": 445.483,
                    "Actual Total Time": 460.901,
                    "Actual Rows": 4,
                    "Actual Loops": 1,
                    "Output": [
                        "(PARTIAL count(*))"
                    ],
                    "Workers Planned": 3,
                    "Workers Launched": 3,
                    "Single Copy": false,
                    "Plans": [
                        {
                            "Node Type": "Aggregate",
                            "Strategy": "Plain",
                            "Partial Mode": "Partial",
                            "Parent Relationship": "Outer",
                            "Parallel Aware": false,
                            "Startup Cost": 91947.72,
                            "Total Cost": 91947.73,
                            "Plan Rows": 1,
                            "Plan Width": 8,
                            "Actual Startup Time": 437.057,
                            "Actual Total Time": 437.06,
                            "Actual Rows": 1,
                            "Actual Loops": 4,
                            "Output": [
                                "PARTIAL count(*)"
                            ],
                            "Workers": [
                                {
                                    "Worker Number": 0,
                                    "Actual Startup Time": 434.014,
                                    "Actual Total Time": 434.016,
                                    "Actual Rows": 1,
                                    "Actual Loops": 1
                                },
                                {
                                    "Worker Number": 1,
                                    "Actual Startup Time": 434.272,
                                    "Actual Total Time": 434.274,
                                    "Actual Rows": 1,
                                    "Actual Loops": 1
                                },
                                {
                                    "Worker Number": 2,
                                    "Actual Startup Time": 434.78,
                                    "Actual Total Time": 434.782,
                                    "Actual Rows": 1,
                                    "Actual Loops": 1
                                }
                            ],
                            "Plans": [
                                {
                                    "Node Type": "Hash Join",
                                    "Parent Relationship": "Outer",
                                    "Parallel Aware": true,
                                    "Join Type": "Inner",
                                    "Startup Cost": 47935.46,
                                    "Total Cost": 90813.54,
                                    "Plan Rows": 453674,
                                    "Plan Width": 0,
                                    "Actual Startup Time": 156.465,
                                    "Actual Total Time": 406.815,
                                    "Actual Rows": 703209,
                                    "Actual Loops": 4,
                                    "Inner Unique": true,
                                    "Hash Cond": "(mk.movie_id = t.id)",
                                    "Workers": [
                                        {
                                            "Worker Number": 0,
                                            "Actual Startup Time": 153.561,
                                            "Actual Total Time": 403.429,
                                            "Actual Rows": 494672,
                                            "Actual Loops": 1
                                        },
                                        {
                                            "Worker Number": 1,
                                            "Actual Startup Time": 153.76,
                                            "Actual Total Time": 405.623,
                                            "Actual Rows": 756713,
                                            "Actual Loops": 1
                                        },
                                        {
                                            "Worker Number": 2,
                                            "Actual Startup Time": 154.239,
                                            "Actual Total Time": 405.533,
                                            "Actual Rows": 754956,
                                            "Actual Loops": 1
                                        }
                                    ],
                                    "Plans": [
                                        {
                                            "Node Type": "Seq Scan",
                                            "Parent Relationship": "Outer",
                                            "Parallel Aware": true,
                                            "Relation Name": "movie_keyword",
                                            "Schema": "public",
                                            "Alias": "mk",
                                            "Startup Cost": 0.0,
                                            "Total Cost": 39047.32,
                                            "Plan Rows": 1459332,
                                            "Plan Width": 4,
                                            "Actual Startup Time": 0.011,
                                            "Actual Total Time": 89.225,
                                            "Actual Rows": 1130982,
                                            "Actual Loops": 4,
                                            "Output": [
                                                "mk.id",
                                                "mk.movie_id",
                                                "mk.keyword_id"
                                            ],
                                            "Workers": [
                                                {
                                                    "Worker Number": 0,
                                                    "Actual Startup Time": 0.014,
                                                    "Actual Total Time": 92.617,
                                                    "Actual Rows": 791245,
                                                    "Actual Loops": 1
                                                },
                                                {
                                                    "Worker Number": 1,
                                                    "Actual Startup Time": 0.01,
                                                    "Actual Total Time": 91.864,
                                                    "Actual Rows": 1203365,
                                                    "Actual Loops": 1
                                                },
                                                {
                                                    "Worker Number": 2,
                                                    "Actual Startup Time": 0.011,
                                                    "Actual Total Time": 91.324,
                                                    "Actual Rows": 1219150,
                                                    "Actual Loops": 1
                                                }
                                            ]
                                        },
                                        {
                                            "Node Type": "Hash",
                                            "Parent Relationship": "Inner",
                                            "Parallel Aware": true,
                                            "Startup Cost": 45479.21,
                                            "Total Cost": 45479.21,
                                            "Plan Rows": 196500,
                                            "Plan Width": 4,
                                            "Actual Startup Time": 153.542,
                                            "Actual Total Time": 153.543,
                                            "Actual Rows": 173938,
                                            "Actual Loops": 4,
                                            "Output": [
                                                "t.id"
                                            ],
                                            "Hash Buckets": 1048576,
                                            "Original Hash Buckets": 1048576,
                                            "Hash Batches": 1,
                                            "Original Hash Batches": 1,
                                            "Peak Memory Usage": 35488,
                                            "Workers": [
                                                {
                                                    "Worker Number": 0,
                                                    "Actual Startup Time": 152.733,
                                                    "Actual Total Time": 152.733,
                                                    "Actual Rows": 128028,
                                                    "Actual Loops": 1
                                                },
                                                {
                                                    "Worker Number": 1,
                                                    "Actual Startup Time": 152.956,
                                                    "Actual Total Time": 152.956,
                                                    "Actual Rows": 162803,
                                                    "Actual Loops": 1
                                                },
                                                {
                                                    "Worker Number": 2,
                                                    "Actual Startup Time": 153.531,
                                                    "Actual Total Time": 153.532,
                                                    "Actual Rows": 184177,
                                                    "Actual Loops": 1
                                                }
                                            ],
                                            "Plans": [
                                                {
                                                    "Node Type": "Seq Scan",
                                                    "Parent Relationship": "Outer",
                                                    "Parallel Aware": true,
                                                    "Relation Name": "title",
                                                    "Schema": "public",
                                                    "Alias": "t",
                                                    "Startup Cost": 0.0,
                                                    "Total Cost": 45479.21,
                                                    "Plan Rows": 196500,
                                                    "Plan Width": 4,
                                                    "Actual Startup Time": 0.034,
                                                    "Actual Total Time": 96.018,
                                                    "Actual Rows": 173938,
                                                    "Actual Loops": 4,
                                                    "Output": [
                                                        "t.id"
                                                    ],
                                                    "Filter": "((t.kind_id < 7) AND (t.production_year > 1975))",
                                                    "Rows Removed by Filter": 458140,
                                                    "Workers": [
                                                        {
                                                            "Worker Number": 0,
                                                            "Actual Startup Time": 0.045,
                                                            "Actual Total Time": 98.82,
                                                            "Actual Rows": 128028,
                                                            "Actual Loops": 1
                                                        },
                                                        {
                                                            "Worker Number": 1,
                                                            "Actual Startup Time": 0.044,
                                                            "Actual Total Time": 94.09,
                                                            "Actual Rows": 162803,
                                                            "Actual Loops": 1
                                                        },
                                                        {
                                                            "Worker Number": 2,
                                                            "Actual Startup Time": 0.034,
                                                            "Actual Total Time": 96.121,
                                                            "Actual Rows": 184177,
                                                            "Actual Loops": 1
                                                        }
                                                    ]
                                                }
                                            ]
                                        }
                                    ]
                                }
                            ]
                        }
                    ]
                }
            ]
        },
        "Planning Time": 178.136,
        "Triggers": [],
        "Execution Time": 460.964
    }
]