[
  {
    "Plan": {
      "Node Type": "Aggregate",
      "Strategy": "Plain",
      "Partial Mode": "Finalize",
      "Parallel Aware": false,
      "Startup Cost": 26693.26,
      "Total Cost": 26693.27,
      "Plan Rows": 1,
      "Plan Width": 8,
      "Actual Startup Time": 84.562,
      "Actual Total Time": 88.144,
      "Actual Rows": 1,
      "Actual Loops": 1,
      "Plans": [
        {
          "Node Type": "Gather",
          "Parent Relationship": "Outer",
          "Parallel Aware": false,
          "Startup Cost": 26692.95,
          "Total Cost": 26693.26,
          "Plan Rows": 3,
          "Plan Width": 8,
          "Actual Startup Time": 84.394,
          "Actual Total Time": 88.138,
          "Actual Rows": 4,
          "Actual Loops": 1,
          "Workers Planned": 3,
          "Workers Launched": 3,
          "Single Copy": false,
          "Plans": [
            {
              "Node Type": "Aggregate",
              "Strategy": "Plain",
              "Partial Mode": "Partial",
              "Parent Relationship": "Outer",
              "Parallel Aware": false,
              "Startup Cost": 25692.95,
              "Total Cost": 25692.96,
              "Plan Rows": 1,
              "Plan Width": 8,
              "Actual Startup Time": 78.872,
              "Actual Total Time": 78.873,
              "Actual Rows": 1,
              "Actual Loops": 4,
              "Plans": [
                {
                  "Node Type": "Bitmap Heap Scan",
                  "Parent Relationship": "Outer",
                  "Parallel Aware": true,
                  "Relation Name": "movie_companies",
                  "Alias": "mc",
                  "Startup Cost": 5642.79,
                  "Total Cost": 25482.92,
                  "Plan Rows": 84011,
                  "Plan Width": 0,
                  "Actual Startup Time": 29.815,
                  "Actual Total Time": 73.969,
                  "Actual Rows": 64852,
                  "Actual Loops": 4,
                  "Recheck Cond": "(company_id < 133)",
                  "Rows Removed by Index Recheck": 0,
                  "Exact Heap Blocks": 9634,
                  "Lossy Heap Blocks": 0,
                  "Plans": [
                    {
                      "Node Type": "Bitmap Index Scan",
                      "Parent Relationship": "Outer",
                      "Parallel Aware": false,
                      "Index Name": "company_id_movie_companies",
                      "Startup Cost": 0.0,
                      "Total Cost": 5577.68,
                      "Plan Rows": 260433,
                      "Plan Width": 0,
                      "Actual Startup Time": 29.963,
                      "Actual Total Time": 29.963,
                      "Actual Rows": 259406,
                      "Actual Loops": 1,
                      "Index Cond": "(company_id < 133)"
                    }
                  ]
                }
              ]
            }
          ]
        }
      ]
    },
    "Planning Time": 0.187,
    "Triggers": [],
    "Execution Time": 88.209
  }
]