[
  {
    "Plan": {
      "Node Type": "Aggregate",
      "Strategy": "Plain",
      "Partial Mode": "Finalize",
      "Parallel Aware": false,
      "Startup Cost": 32759.54,
      "Total Cost": 32759.55,
      "Plan Rows": 1,
      "Plan Width": 8,
      "Actual Startup Time": 91.278,
      "Actual Total Time": 100.898,
      "Actual Rows": 1,
      "Actual Loops": 1,
      "Plans": [
        {
          "Node Type": "Gather",
          "Parent Relationship": "Outer",
          "Parallel Aware": false,
          "Startup Cost": 32759.22,
          "Total Cost": 32759.53,
          "Plan Rows": 3,
          "Plan Width": 8,
          "Actual Startup Time": 91.157,
          "Actual Total Time": 100.885,
          "Actual Rows": 4,
          "Actual Loops": 1,
          "Workers Planned": 3,
          "Workers Launched": 3,
          "Single Copy": false,
          "Plans": [
            {
              "Node Type": "Aggregate",
              "Strategy": "Plain",
              "Partial Mode": "Partial",
              "Parent Relationship": "Outer",
              "Parallel Aware": false,
              "Startup Cost": 31759.22,
              "Total Cost": 31759.23,
              "Plan Rows": 1,
              "Plan Width": 8,
              "Actual Startup Time": 83.658,
              "Actual Total Time": 83.659,
              "Actual Rows": 1,
              "Actual Loops": 4,
              "Plans": [
                {
                  "Node Type": "Seq Scan",
                  "Parent Relationship": "Outer",
                  "Parallel Aware": true,
                  "Relation Name": "movie_companies",
                  "Alias": "mc",
                  "Startup Cost": 0.0,
                  "Total Cost": 31414.82,
                  "Plan Rows": 137761,
                  "Plan Width": 0,
                  "Actual Startup Time": 23.695,
                  "Actual Total Time": 82.054,
                  "Actual Rows": 25302,
                  "Actual Loops": 4,
                  "Filter": "((company_id > 24064) AND (company_type_id = 1))",
                  "Rows Removed by Filter": 626980
                }
              ]
            }
          ]
        }
      ]
    },
    "Planning Time": 0.173,
    "Triggers": [],
    "Execution Time": 100.945
  }
]