[
  {
    "Plan": {
      "Node Type": "Aggregate",
      "Strategy": "Plain",
      "Partial Mode": "Finalize",
      "Parallel Aware": false,
      "Startup Cost": 336441.54,
      "Total Cost": 336441.55,
      "Plan Rows": 1,
      "Plan Width": 8,
      "Actual Startup Time": 772.581,
      "Actual Total Time": 828.522,
      "Actual Rows": 1,
      "Actual Loops": 1,
      "Plans": [
        {
          "Node Type": "Gather",
          "Parent Relationship": "Outer",
          "Parallel Aware": false,
          "Startup Cost": 336440.91,
          "Total Cost": 336441.52,
          "Plan Rows": 6,
          "Plan Width": 8,
          "Actual Startup Time": 772.314,
          "Actual Total Time": 828.507,
          "Actual Rows": 7,
          "Actual Loops": 1,
          "Workers Planned": 6,
          "Workers Launched": 6,
          "Single Copy": false,
          "Plans": [
            {
              "Node Type": "Aggregate",
              "Strategy": "Plain",
              "Partial Mode": "Partial",
              "Parent Relationship": "Outer",
              "Parallel Aware": false,
              "Startup Cost": 335440.91,
              "Total Cost": 335440.92,
              "Plan Rows": 1,
              "Plan Width": 8,
              "Actual Startup Time": 764.669,
              "Actual Total Time": 764.67,
              "Actual Rows": 1,
              "Actual Loops": 7,
              "Plans": [
                {
                  "Node Type": "Seq Scan",
                  "Parent Relationship": "Outer",
                  "Parallel Aware": true,
                  "Relation Name": "cast_info",
                  "Alias": "ci",
                  "Startup Cost": 0.0,
                  "Total Cost": 328211.39,
                  "Plan Rows": 2891808,
                  "Plan Width": 0,
                  "Actual Startup Time": 0.048,
                  "Actual Total Time": 647.358,
                  "Actual Rows": 2497112,
                  "Actual Loops": 7,
                  "Filter": "(person_id < 1729665)",
                  "Rows Removed by Filter": 2680651
                }
              ]
            }
          ]
        }
      ]
    },
    "Planning Time": 0.086,
    "Triggers": [],
    "Execution Time": 828.569
  }
]