[
  {
    "Plan": {
      "Node Type": "Aggregate",
      "Strategy": "Plain",
      "Partial Mode": "Simple",
      "Parallel Aware": false,
      "Startup Cost": 1060.23,
      "Total Cost": 1060.24,
      "Plan Rows": 1,
      "Plan Width": 8,
      "Actual Startup Time": 2.044,
      "Actual Total Time": 2.046,
      "Actual Rows": 1,
      "Actual Loops": 1,
      "Plans": [
        {
          "Node Type": "Index Scan",
          "Parent Relationship": "Outer",
          "Parallel Aware": false,
          "Scan Direction": "Forward",
          "Index Name": "person_id_cast_info",
          "Relation Name": "cast_info",
          "Alias": "ci",
          "Startup Cost": 0.56,
          "Total Cost": 1059.67,
          "Plan Rows": 225,
          "Plan Width": 0,
          "Actual Startup Time": 0.315,
          "Actual Total Time": 1.682,
          "Actual Rows": 1995,
          "Actual Loops": 1,
          "Index Cond": "(person_id = 3567056)",
          "Rows Removed by Index Recheck": 0,
          "Filter": "(role_id > 2)",
          "Rows Removed by Filter": 0
        }
      ]
    },
    "Planning Time": 0.216,
    "Triggers": [],
    "Execution Time": 2.099
  }
]