[
  {
    "Plan": {
      "Node Type": "Aggregate",
      "Strategy": "Plain",
      "Partial Mode": "Finalize",
      "Parallel Aware": false,
      "Startup Cost": 46819.2,
      "Total Cost": 46819.21,
      "Plan Rows": 1,
      "Plan Width": 8,
      "Actual Startup Time": 182.162,
      "Actual Total Time": 188.693,
      "Actual Rows": 1,
      "Actual Loops": 1,
      "Plans": [
        {
          "Node Type": "Gather",
          "Parent Relationship": "Outer",
          "Parallel Aware": false,
          "Startup Cost": 46818.88,
          "Total Cost": 46819.19,
          "Plan Rows": 3,
          "Plan Width": 8,
          "Actual Startup Time": 182.011,
          "Actual Total Time": 188.682,
          "Actual Rows": 4,
          "Actual Loops": 1,
          "Workers Planned": 3,
          "Workers Launched": 3,
          "Single Copy": false,
          "Plans": [
            {
              "Node Type": "Aggregate",
              "Strategy": "Plain",
              "Partial Mode": "Partial",
              "Parent Relationship": "Outer",
              "Parallel Aware": false,
              "Startup Cost": 45818.88,
              "Total Cost": 45818.89,
              "Plan Rows": 1,
              "Plan Width": 8,
              "Actual Startup Time": 176.782,
              "Actual Total Time": 176.783,
              "Actual Rows": 1,
              "Actual Loops": 4,
              "Plans": [
                {
                  "Node Type": "Seq Scan",
                  "Parent Relationship": "Outer",
                  "Parallel Aware": true,
                  "Relation Name": "movie_keyword",
                  "Alias": "mk",
                  "Startup Cost": 0.0,
                  "Total Cost": 42695.65,
                  "Plan Rows": 1249291,
                  "Plan Width": 0,
                  "Actual Startup Time": 0.035,
                  "Actual Total Time": 128.445,
                  "Actual Rows": 967059,
                  "Actual Loops": 4,
                  "Filter": "(keyword_id < 28650)",
                  "Rows Removed by Filter": 163924
                }
              ]
            }
          ]
        }
      ]
    },
    "Planning Time": 0.191,
    "Triggers": [],
    "Execution Time": 188.758
  }
]