[
  {
    "Plan": {
      "Node Type": "Aggregate",
      "Strategy": "Plain",
      "Partial Mode": "Finalize",
      "Parallel Aware": false,
      "Startup Cost": 46554.44,
      "Total Cost": 46554.45,
      "Plan Rows": 1,
      "Plan Width": 8,
      "Actual Startup Time": 210.391,
      "Actual Total Time": 220.818,
      "Actual Rows": 1,
      "Actual Loops": 1,
      "Plans": [
        {
          "Node Type": "Gather",
          "Parent Relationship": "Outer",
          "Parallel Aware": false,
          "Startup Cost": 46554.12,
          "Total Cost": 46554.43,
          "Plan Rows": 3,
          "Plan Width": 8,
          "Actual Startup Time": 210.14,
          "Actual Total Time": 220.807,
          "Actual Rows": 4,
          "Actual Loops": 1,
          "Workers Planned": 3,
          "Workers Launched": 3,
          "Single Copy": false,
          "Plans": [
            {
              "Node Type": "Aggregate",
              "Strategy": "Plain",
              "Partial Mode": "Partial",
              "Parent Relationship": "Outer",
              "Parallel Aware": false,
              "Startup Cost": 45554.12,
              "Total Cost": 45554.13,
              "Plan Rows": 1,
              "Plan Width": 8,
              "Actual Startup Time": 202.162,
              "Actual Total Time": 202.164,
              "Actual Rows": 1,
              "Actual Loops": 4,
              "Plans": [
                {
                  "Node Type": "Seq Scan",
                  "Parent Relationship": "Outer",
                  "Parallel Aware": true,
                  "Relation Name": "movie_keyword",
                  "Alias": "mk",
                  "Startup Cost": 0.0,
                  "Total Cost": 42695.65,
                  "Plan Rows": 1143386,
                  "Plan Width": 0,
                  "Actual Startup Time": 0.14,
                  "Actual Total Time": 150.668,
                  "Actual Rows": 885983,
                  "Actual Loops": 4,
                  "Filter": "(keyword_id > 917)",
                  "Rows Removed by Filter": 245000
                }
              ]
            }
          ]
        }
      ]
    },
    "Planning Time": 0.186,
    "Triggers": [],
    "Execution Time": 220.877
  }
]