[
  {
    "Plan": {
      "Node Type": "Aggregate",
      "Strategy": "Plain",
      "Partial Mode": "Finalize",
      "Parallel Aware": false,
      "Startup Cost": 31472.92,
      "Total Cost": 31472.93,
      "Plan Rows": 1,
      "Plan Width": 8,
      "Actual Startup Time": 105.624,
      "Actual Total Time": 111.609,
      "Actual Rows": 1,
      "Actual Loops": 1,
      "Plans": [
        {
          "Node Type": "Gather",
          "Parent Relationship": "Outer",
          "Parallel Aware": false,
          "Startup Cost": 31472.6,
          "Total Cost": 31472.91,
          "Plan Rows": 3,
          "Plan Width": 8,
          "Actual Startup Time": 105.482,
          "Actual Total Time": 111.602,
          "Actual Rows": 4,
          "Actual Loops": 1,
          "Workers Planned": 3,
          "Workers Launched": 3,
          "Single Copy": false,
          "Plans": [
            {
              "Node Type": "Aggregate",
              "Strategy": "Plain",
              "Partial Mode": "Partial",
              "Parent Relationship": "Outer",
              "Parallel Aware": false,
              "Startup Cost": 30472.6,
              "Total Cost": 30472.61,
              "Plan Rows": 1,
              "Plan Width": 8,
              "Actual Startup Time": 97.425,
              "Actual Total Time": 97.426,
              "Actual Rows": 1,
              "Actual Loops": 4,
              "Plans": [
                {
                  "Node Type": "Seq Scan",
                  "Parent Relationship": "Outer",
                  "Parallel Aware": true,
                  "Relation Name": "movie_companies",
                  "Alias": "mc",
                  "Startup Cost": 0.0,
                  "Total Cost": 29310.68,
                  "Plan Rows": 464769,
                  "Plan Width": 0,
                  "Actual Startup Time": 0.054,
                  "Actual Total Time": 77.536,
                  "Actual Rows": 362777,
                  "Actual Loops": 4,
                  "Filter": "(company_id < 13015)",
                  "Rows Removed by Filter": 289505
                }
              ]
            }
          ]
        }
      ]
    },
    "Planning Time": 0.196,
    "Triggers": [],
    "Execution Time": 111.664
  }
]