[
  {
    "Plan": {
      "Node Type": "Aggregate",
      "Strategy": "Plain",
      "Partial Mode": "Finalize",
      "Parallel Aware": false,
      "Startup Cost": 382571.57,
      "Total Cost": 382571.58,
      "Plan Rows": 1,
      "Plan Width": 8,
      "Actual Startup Time": 1382.841,
      "Actual Total Time": 1420.691,
      "Actual Rows": 1,
      "Actual Loops": 1,
      "Plans": [
        {
          "Node Type": "Gather",
          "Parent Relationship": "Outer",
          "Parallel Aware": false,
          "Startup Cost": 382571.25,
          "Total Cost": 382571.56,
          "Plan Rows": 3,
          "Plan Width": 8,
          "Actual Startup Time": 1353.76,
          "Actual Total Time": 1420.682,
          "Actual Rows": 4,
          "Actual Loops": 1,
          "Workers Planned": 3,
          "Workers Launched": 3,
          "Single Copy": false,
          "Plans": [
            {
              "Node Type": "Aggregate",
              "Strategy": "Plain",
              "Partial Mode": "Partial",
              "Parent Relationship": "Outer",
              "Parallel Aware": false,
              "Startup Cost": 381571.25,
              "Total Cost": 381571.26,
              "Plan Rows": 1,
              "Plan Width": 8,
              "Actual Startup Time": 1344.29,
              "Actual Total Time": 1344.298,
              "Actual Rows": 1,
              "Actual Loops": 4,
              "Plans": [
                {
                  "Node Type": "Hash Join",
                  "Parent Relationship": "Outer",
                  "Parallel Aware": true,
                  "Join Type": "Inner",
                  "Startup Cost": 348821.9,
                  "Total Cost": 380139.29,
                  "Plan Rows": 572785,
                  "Plan Width": 0,
                  "Actual Startup Time": 923.653,
                  "Actual Total Time": 1299.926,
                  "Actual Rows": 972550,
                  "Actual Loops": 4,
                  "Inner Unique": false,
                  "Hash Cond": "(mc.movie_id = t.id)",
                  "Plans": [
                    {
                      "Node Type": "Seq Scan",
                      "Parent Relationship": "Outer",
                      "Parallel Aware": true,
                      "Relation Name": "movie_companies",
                      "Alias": "mc",
                      "Startup Cost": 0.0,
                      "Total Cost": 27206.55,
                      "Plan Rows": 841655,
                      "Plan Width": 4,
                      "Actual Startup Time": 0.013,
                      "Actual Total Time": 65.449,
                      "Actual Rows": 652282,
                      "Actual Loops": 4
                    },
                    {
                      "Node Type": "Hash",
                      "Parent Relationship": "Inner",
                      "Parallel Aware": true,
                      "Startup Cost": 345237.08,
                      "Total Cost": 345237.08,
                      "Plan Rows": 286785,
                      "Plan Width": 8,
                      "Actual Startup Time": 919.374,
                      "Actual Total Time": 919.38,
                      "Actual Rows": 441831,
                      "Actual Loops": 4,
                      "Hash Buckets": 2097152,
                      "Original Hash Buckets": 2097152,
                      "Hash Batches": 1,
                      "Original Hash Batches": 1,
                      "Peak Memory Usage": 85600,
                      "Plans": [
                        {
                          "Node Type": "Hash Join",
                          "Parent Relationship": "Outer",
                          "Parallel Aware": true,
                          "Join Type": "Inner",
                          "Startup Cost": 88212.46,
                          "Total Cost": 345237.08,
                          "Plan Rows": 286785,
                          "Plan Width": 8,
                          "Actual Startup Time": 425.973,
                          "Actual Total Time": 749.162,
                          "Actual Rows": 441831,
                          "Actual Loops": 4,
                          "Inner Unique": true,
                          "Hash Cond": "(ci.movie_id = t.id)",
                          "Plans": [
                            {
                              "Node Type": "Bitmap Heap Scan",
                              "Parent Relationship": "Outer",
                              "Parallel Aware": true,
                              "Relation Name": "cast_info",
                              "Alias": "ci",
                              "Startup Cost": 37992.08,
                              "Total Cost": 294263.89,
                              "Plan Rows": 286785,
                              "Plan Width": 4,
                              "Actual Startup Time": 65.144,
                              "Actual Total Time": 140.175,
                              "Actual Rows": 441831,
                              "Actual Loops": 4,
                              "Recheck Cond": "(person_id < 175654)",
                              "Rows Removed by Index Recheck": 0,
                              "Exact Heap Blocks": 5114,
                              "Lossy Heap Blocks": 0,
                              "Plans": [
                                {
                                  "Node Type": "Bitmap Index Scan",
                                  "Parent Relationship": "Outer",
                                  "Parallel Aware": false,
                                  "Index Name": "person_id_cast_info",
                                  "Startup Cost": 0.0,
                                  "Total Cost": 37561.9,
                                  "Plan Rows": 1720711,
                                  "Plan Width": 0,
                                  "Actual Startup Time": 62.296,
                                  "Actual Total Time": 62.297,
                                  "Actual Rows": 1767325,
                                  "Actual Loops": 1,
                                  "Index Cond": "(person_id < 175654)"
                                }
                              ]
                            },
                            {
                              "Node Type": "Hash",
                              "Parent Relationship": "Inner",
                              "Parallel Aware": true,
                              "Startup Cost": 42319.06,
                              "Total Cost": 42319.06,
                              "Plan Rows": 632106,
                              "Plan Width": 4,
                              "Actual Startup Time": 353.993,
                              "Actual Total Time": 353.994,
                              "Actual Rows": 632078,
                              "Actual Loops": 4,
                              "Hash Buckets": 4194304,
                              "Original Hash Buckets": 4194304,
                              "Hash Batches": 1,
                              "Original Hash Batches": 1,
                              "Peak Memory Usage": 131744,
                              "Plans": [
                                {
                                  "Node Type": "Seq Scan",
                                  "Parent Relationship": "Outer",
                                  "Parallel Aware": true,
                                  "Relation Name": "title",
                                  "Alias": "t",
                                  "Startup Cost": 0.0,
                                  "Total Cost": 42319.06,
                                  "Plan Rows": 632106,
                                  "Plan Width": 4,
                                  "Actual Startup Time": 0.054,
                                  "Actual Total Time": 99.37,
                                  "Actual Rows": 632078,
                                  "Actual Loops": 4
                                }
                              ]
                            }
                          ]
                        }
                      ]
                    }
                  ]
                }
              ]
            }
          ]
        }
      ]
    },
    "Planning Time": 0.439,
    "Triggers": [],
    "Execution Time": 1420.761
  }
]