[
    {
        "Bao": {
            "Bao prediction": "NaN",
            "Bao recommended hint": "(no hint)"
        }
    },
    {
        "Plan": {
            "Node Type": "Aggregate",
            "Strategy": "Plain",
            "Partial Mode": "Finalize",
            "Parallel Aware": false,
            "Startup Cost": 66387.8,
            "Total Cost": 66387.81,
            "Plan Rows": 1,
            "Plan Width": 8,
            "Actual Startup Time": 510.726,
            "Actual Total Time": 522.576,
            "Actual Rows": 1,
            "Actual Loops": 1,
            "Output": [
                "count(*)"
            ],
            "Plans": [
                {
                    "Node Type": "Gather",
                    "Parent Relationship": "Outer",
                    "Parallel Aware": false,
                    "Startup Cost": 66387.58,
                    "Total Cost": 66387.79,
                    "Plan Rows": 2,
                    "Plan Width": 8,
                    "Actual Startup Time": 503.127,
                    "Actual Total Time": 522.564,
                    "Actual Rows": 3,
                    "Actual Loops": 1,
                    "Output": [
                        "(PARTIAL count(*))"
                    ],
                    "Workers Planned": 2,
                    "Workers Launched": 2,
                    "Single Copy": false,
                    "Plans": [
                        {
                            "Node Type": "Aggregate",
                            "Strategy": "Plain",
                            "Partial Mode": "Partial",
                            "Parent Relationship": "Outer",
                            "Parallel Aware": false,
                            "Startup Cost": 65387.58,
                            "Total Cost": 65387.59,
                            "Plan Rows": 1,
                            "Plan Width": 8,
                            "Actual Startup Time": 494.193,
                            "Actual Total Time": 494.198,
                            "Actual Rows": 1,
                            "Actual Loops": 3,
                            "Output": [
                                "PARTIAL count(*)"
                            ],
                            "Workers": [
                                {
                                    "Worker Number": 0,
                                    "Actual Startup Time": 489.518,
                                    "Actual Total Time": 489.521,
                                    "Actual Rows": 1,
                                    "Actual Loops": 1
                                },
                                {
                                    "Worker Number": 1,
                                    "Actual Startup Time": 490.473,
                                    "Actual Total Time": 490.476,
                                    "Actual Rows": 1,
                                    "Actual Loops": 1
                                }
                            ],
                            "Plans": [
                                {
                                    "Node Type": "Hash Join",
                                    "Parent Relationship": "Outer",
                                    "Parallel Aware": true,
                                    "Join Type": "Inner",
                                    "Startup Cost": 48676.94,
                                    "Total Cost": 64807.26,
                                    "Plan Rows": 232130,
                                    "Plan Width": 0,
                                    "Actual Startup Time": 344.747,
                                    "Actual Total Time": 484.349,
                                    "Actual Rows": 168595,
                                    "Actual Loops": 3,
                                    "Inner Unique": true,
                                    "Hash Cond": "(mi_idx.movie_id = t.id)",
                                    "Workers": [
                                        {
                                            "Worker Number": 0,
                                            "Actual Startup Time": 340.328,
                                            "Actual Total Time": 479.292,
                                            "Actual Rows": 145567,
                                            "Actual Loops": 1
                                        },
                                        {
                                            "Worker Number": 1,
                                            "Actual Startup Time": 340.389,
                                            "Actual Total Time": 480.27,
                                            "Actual Rows": 145957,
                                            "Actual Loops": 1
                                        }
                                    ],
                                    "Plans": [
                                        {
                                            "Node Type": "Seq Scan",
                                            "Parent Relationship": "Outer",
                                            "Parallel Aware": true,
                                            "Relation Name": "movie_info_idx",
                                            "Schema": "public",
                                            "Alias": "mi_idx",
                                            "Startup Cost": 0.0,
                                            "Total Cost": 15122.68,
                                            "Plan Rows": 383860,
                                            "Plan Width": 4,
                                            "Actual Startup Time": 0.023,
                                            "Actual Total Time": 55.176,
                                            "Actual Rows": 306617,
                                            "Actual Loops": 3,
                                            "Output": [
                                                "mi_idx.id",
                                                "mi_idx.movie_id",
                                                "mi_idx.info_type_id",
                                                "mi_idx.info",
                                                "mi_idx.note"
                                            ],
                                            "Filter": "(mi_idx.info_type_id < 101)",
                                            "Rows Removed by Filter": 153395,
                                            "Workers": [
                                                {
                                                    "Worker Number": 0,
                                                    "Actual Startup Time": 0.026,
                                                    "Actual Total Time": 57.953,
                                                    "Actual Rows": 263474,
                                                    "Actual Loops": 1
                                                },
                                                {
                                                    "Worker Number": 1,
                                                    "Actual Startup Time": 0.032,
                                                    "Actual Total Time": 58.21,
                                                    "Actual Rows": 264364,
                                                    "Actual Loops": 1
                                                }
                                            ]
                                        },
                                        {
                                            "Node Type": "Hash",
                                            "Parent Relationship": "Inner",
                                            "Parallel Aware": true,
                                            "Startup Cost": 43899.01,
                                            "Total Cost": 43899.01,
                                            "Plan Rows": 382235,
                                            "Plan Width": 4,
                                            "Actual Startup Time": 335.756,
                                            "Actual Total Time": 335.757,
                                            "Actual Rows": 510538,
                                            "Actual Loops": 3,
                                            "Output": [
                                                "t.id"
                                            ],
                                            "Hash Buckets": 2097152,
                                            "Original Hash Buckets": 2097152,
                                            "Hash Batches": 1,
                                            "Original Hash Batches": 1,
                                            "Peak Memory Usage": 76352,
                                            "Workers": [
                                                {
                                                    "Worker Number": 0,
                                                    "Actual Startup Time": 339.586,
                                                    "Actual Total Time": 339.586,
                                                    "Actual Rows": 425766,
                                                    "Actual Loops": 1
                                                },
                                                {
                                                    "Worker Number": 1,
                                                    "Actual Startup Time": 339.669,
                                                    "Actual Total Time": 339.67,
                                                    "Actual Rows": 425034,
                                                    "Actual Loops": 1
                                                }
                                            ],
                                            "Plans": [
                                                {
                                                    "Node Type": "Seq Scan",
                                                    "Parent Relationship": "Outer",
                                                    "Parallel Aware": true,
                                                    "Relation Name": "title",
                                                    "Schema": "public",
                                                    "Alias": "t",
                                                    "Startup Cost": 0.0,
                                                    "Total Cost": 43899.01,
                                                    "Plan Rows": 382235,
                                                    "Plan Width": 4,
                                                    "Actual Startup Time": 0.045,
                                                    "Actual Total Time": 147.783,
                                                    "Actual Rows": 510538,
                                                    "Actual Loops": 3,
                                                    "Output": [
                                                        "t.id"
                                                    ],
                                                    "Filter": "(t.production_year > 1997)",
                                                    "Rows Removed by Filter": 332233,
                                                    "Workers": [
                                                        {
                                                            "Worker Number": 0,
                                                            "Actual Startup Time": 0.057,
                                                            "Actual Total Time": 152.799,
                                                            "Actual Rows": 425766,
                                                            "Actual Loops": 1
                                                        },
                                                        {
                                                            "Worker Number": 1,
                                                            "Actual Startup Time": 0.064,
                                                            "Actual Total Time": 153.72,
                                                            "Actual Rows": 425034,
                                                            "Actual Loops": 1
                                                        }
                                                    ]
                                                }
                                            ]
                                        }
                                    ]
                                }
                            ]
                        }
                    ]
                }
            ]
        },
        "Planning Time": 198.536,
        "Triggers": [],
        "Execution Time": 522.696
    }
]