[
  {
    "Plan": {
      "Node Type": "Aggregate",
      "Strategy": "Plain",
      "Partial Mode": "Finalize",
      "Parallel Aware": false,
      "Startup Cost": 46271.49,
      "Total Cost": 46271.5,
      "Plan Rows": 1,
      "Plan Width": 8,
      "Actual Startup Time": 178.668,
      "Actual Total Time": 187.078,
      "Actual Rows": 1,
      "Actual Loops": 1,
      "Plans": [
        {
          "Node Type": "Gather",
          "Parent Relationship": "Outer",
          "Parallel Aware": false,
          "Startup Cost": 46271.17,
          "Total Cost": 46271.48,
          "Plan Rows": 3,
          "Plan Width": 8,
          "Actual Startup Time": 178.551,
          "Actual Total Time": 187.068,
          "Actual Rows": 4,
          "Actual Loops": 1,
          "Workers Planned": 3,
          "Workers Launched": 3,
          "Single Copy": false,
          "Plans": [
            {
              "Node Type": "Aggregate",
              "Strategy": "Plain",
              "Partial Mode": "Partial",
              "Parent Relationship": "Outer",
              "Parallel Aware": false,
              "Startup Cost": 45271.17,
              "Total Cost": 45271.18,
              "Plan Rows": 1,
              "Plan Width": 8,
              "Actual Startup Time": 170.315,
              "Actual Total Time": 170.317,
              "Actual Rows": 1,
              "Actual Loops": 4,
              "Plans": [
                {
                  "Node Type": "Seq Scan",
                  "Parent Relationship": "Outer",
                  "Parallel Aware": true,
                  "Relation Name": "movie_keyword",
                  "Alias": "mk",
                  "Startup Cost": 0.0,
                  "Total Cost": 42695.65,
                  "Plan Rows": 1030207,
                  "Plan Width": 0,
                  "Actual Startup Time": 0.063,
                  "Actual Total Time": 130.902,
                  "Actual Rows": 796346,
                  "Actual Loops": 4,
                  "Filter": "(keyword_id < 12835)",
                  "Rows Removed by Filter": 334637
                }
              ]
            }
          ]
        }
      ]
    },
    "Planning Time": 0.165,
    "Triggers": [],
    "Execution Time": 187.131
  }
]