{
    "Plan": {
        "Node Type": "Aggregate",
        "Strategy": "Plain",
        "Partial Mode": "Finalize",
        "Parallel Aware": false,
        "Startup Cost": 379177.08,
        "Total Cost": 379177.09,
        "Plan Rows": 1,
        "Plan Width": 8,
        "Actual Startup Time": 840.738,
        "Actual Total Time": 893.302,
        "Actual Rows": 1,
        "Actual Loops": 1,
        "Output": [
            "count(*)"
        ],
        "Plans": [
            {
                "Node Type": "Gather",
                "Parent Relationship": "Outer",
                "Parallel Aware": false,
                "Startup Cost": 379176.46,
                "Total Cost": 379177.07,
                "Plan Rows": 6,
                "Plan Width": 8,
                "Actual Startup Time": 826.398,
                "Actual Total Time": 893.291,
                "Actual Rows": 7,
                "Actual Loops": 1,
                "Output": [
                    "(PARTIAL count(*))"
                ],
                "Workers Planned": 6,
                "Workers Launched": 6,
                "Single Copy": false,
                "Plans": [
                    {
                        "Node Type": "Aggregate",
                        "Strategy": "Plain",
                        "Partial Mode": "Partial",
                        "Parent Relationship": "Outer",
                        "Parallel Aware": false,
                        "Startup Cost": 378176.46,
                        "Total Cost": 378176.47,
                        "Plan Rows": 1,
                        "Plan Width": 8,
                        "Actual Startup Time": 811.853,
                        "Actual Total Time": 811.856,
                        "Actual Rows": 1,
                        "Actual Loops": 7,
                        "Output": [
                            "PARTIAL count(*)"
                        ],
                        "Workers": [
                            {
                                "Worker Number": 0,
                                "Actual Startup Time": 809.309,
                                "Actual Total Time": 809.311,
                                "Actual Rows": 1,
                                "Actual Loops": 1
                            },
                            {
                                "Worker Number": 1,
                                "Actual Startup Time": 809.35,
                                "Actual Total Time": 809.354,
                                "Actual Rows": 1,
                                "Actual Loops": 1
                            },
                            {
                                "Worker Number": 2,
                                "Actual Startup Time": 810.327,
                                "Actual Total Time": 810.33,
                                "Actual Rows": 1,
                                "Actual Loops": 1
                            },
                            {
                                "Worker Number": 3,
                                "Actual Startup Time": 809.414,
                                "Actual Total Time": 809.416,
                                "Actual Rows": 1,
                                "Actual Loops": 1
                            },
                            {
                                "Worker Number": 4,
                                "Actual Startup Time": 809.522,
                                "Actual Total Time": 809.525,
                                "Actual Rows": 1,
                                "Actual Loops": 1
                            },
                            {
                                "Worker Number": 5,
                                "Actual Startup Time": 809.57,
                                "Actual Total Time": 809.573,
                                "Actual Rows": 1,
                                "Actual Loops": 1
                            }
                        ],
                        "Plans": [
                            {
                                "Node Type": "Hash Join",
                                "Parent Relationship": "Outer",
                                "Parallel Aware": true,
                                "Join Type": "Inner",
                                "Startup Cost": 48867.23,
                                "Total Cost": 377858.77,
                                "Plan Rows": 127077,
                                "Plan Width": 0,
                                "Actual Startup Time": 649.989,
                                "Actual Total Time": 806.701,
                                "Actual Rows": 94792,
                                "Actual Loops": 7,
                                "Inner Unique": true,
                                "Hash Cond": "(ci.movie_id = t.id)",
                                "Workers": [
                                    {
                                        "Worker Number": 0,
                                        "Actual Startup Time": 647.544,
                                        "Actual Total Time": 803.653,
                                        "Actual Rows": 84006,
                                        "Actual Loops": 1
                                    },
                                    {
                                        "Worker Number": 1,
                                        "Actual Startup Time": 647.58,
                                        "Actual Total Time": 804.336,
                                        "Actual Rows": 75004,
                                        "Actual Loops": 1
                                    },
                                    {
                                        "Worker Number": 2,
                                        "Actual Startup Time": 647.778,
                                        "Actual Total Time": 805.123,
                                        "Actual Rows": 77647,
                                        "Actual Loops": 1
                                    },
                                    {
                                        "Worker Number": 3,
                                        "Actual Startup Time": 647.677,
                                        "Actual Total Time": 803.904,
                                        "Actual Rows": 83129,
                                        "Actual Loops": 1
                                    },
                                    {
                                        "Worker Number": 4,
                                        "Actual Startup Time": 647.726,
                                        "Actual Total Time": 805.058,
                                        "Actual Rows": 104357,
                                        "Actual Loops": 1
                                    },
                                    {
                                        "Worker Number": 5,
                                        "Actual Startup Time": 647.81,
                                        "Actual Total Time": 804.687,
                                        "Actual Rows": 114419,
                                        "Actual Loops": 1
                                    }
                                ],
                                "Plans": [
                                    {
                                        "Node Type": "Seq Scan",
                                        "Parent Relationship": "Outer",
                                        "Parallel Aware": true,
                                        "Relation Name": "cast_info",
                                        "Schema": "public",
                                        "Alias": "ci",
                                        "Startup Cost": 0.0,
                                        "Total Cost": 328213.62,
                                        "Plan Rows": 296349,
                                        "Plan Width": 4,
                                        "Actual Startup Time": 479.191,
                                        "Actual Total Time": 543.393,
                                        "Actual Rows": 269146,
                                        "Actual Loops": 7,
                                        "Output": [
                                            "ci.id",
                                            "ci.person_id",
                                            "ci.movie_id",
                                            "ci.person_role_id",
                                            "ci.note",
                                            "ci.nr_order",
                                            "ci.role_id"
                                        ],
                                        "Filter": "(ci.person_id > 3690859)",
                                        "Rows Removed by Filter": 4908618,
                                        "Workers": [
                                            {
                                                "Worker Number": 0,
                                                "Actual Startup Time": 479.235,
                                                "Actual Total Time": 546.877,
                                                "Actual Rows": 233026,
                                                "Actual Loops": 1
                                            },
                                            {
                                                "Worker Number": 1,
                                                "Actual Startup Time": 479.166,
                                                "Actual Total Time": 546.046,
                                                "Actual Rows": 222778,
                                                "Actual Loops": 1
                                            },
                                            {
                                                "Worker Number": 2,
                                                "Actual Startup Time": 479.253,
                                                "Actual Total Time": 545.506,
                                                "Actual Rows": 222543,
                                                "Actual Loops": 1
                                            },
                                            {
                                                "Worker Number": 3,
                                                "Actual Startup Time": 479.168,
                                                "Actual Total Time": 546.362,
                                                "Actual Rows": 233823,
                                                "Actual Loops": 1
                                            },
                                            {
                                                "Worker Number": 4,
                                                "Actual Startup Time": 479.156,
                                                "Actual Total Time": 540.013,
                                                "Actual Rows": 293360,
                                                "Actual Loops": 1
                                            },
                                            {
                                                "Worker Number": 5,
                                                "Actual Startup Time": 479.198,
                                                "Actual Total Time": 542.655,
                                                "Actual Rows": 321064,
                                                "Actual Loops": 1
                                            }
                                        ]
                                    },
                                    {
                                        "Node Type": "Hash",
                                        "Parent Relationship": "Inner",
                                        "Parallel Aware": true,
                                        "Startup Cost": 45479.21,
                                        "Total Cost": 45479.21,
                                        "Plan Rows": 271042,
                                        "Plan Width": 4,
                                        "Actual Startup Time": 165.797,
                                        "Actual Total Time": 165.798,
                                        "Actual Rows": 149175,
                                        "Actual Loops": 7,
                                        "Output": [
                                            "t.id"
                                        ],
                                        "Hash Buckets": 2097152,
                                        "Original Hash Buckets": 2097152,
                                        "Hash Batches": 1,
                                        "Original Hash Batches": 1,
                                        "Peak Memory Usage": 57376,
                                        "Workers": [
                                            {
                                                "Worker Number": 0,
                                                "Actual Startup Time": 167.622,
                                                "Actual Total Time": 167.622,
                                                "Actual Rows": 122815,
                                                "Actual Loops": 1
                                            },
                                            {
                                                "Worker Number": 1,
                                                "Actual Startup Time": 167.531,
                                                "Actual Total Time": 167.533,
                                                "Actual Rows": 120112,
                                                "Actual Loops": 1
                                            },
                                            {
                                                "Worker Number": 2,
                                                "Actual Startup Time": 167.788,
                                                "Actual Total Time": 167.789,
                                                "Actual Rows": 120434,
                                                "Actual Loops": 1
                                            },
                                            {
                                                "Worker Number": 3,
                                                "Actual Startup Time": 167.645,
                                                "Actual Total Time": 167.646,
                                                "Actual Rows": 121530,
                                                "Actual Loops": 1
                                            },
                                            {
                                                "Worker Number": 4,
                                                "Actual Startup Time": 167.66,
                                                "Actual Total Time": 167.662,
                                                "Actual Rows": 149782,
                                                "Actual Loops": 1
                                            },
                                            {
                                                "Worker Number": 5,
                                                "Actual Startup Time": 167.746,
                                                "Actual Total Time": 167.747,
                                                "Actual Rows": 159724,
                                                "Actual Loops": 1
                                            }
                                        ],
                                        "Plans": [
                                            {
                                                "Node Type": "Seq Scan",
                                                "Parent Relationship": "Outer",
                                                "Parallel Aware": true,
                                                "Relation Name": "title",
                                                "Schema": "public",
                                                "Alias": "t",
                                                "Startup Cost": 0.0,
                                                "Total Cost": 45479.21,
                                                "Plan Rows": 271042,
                                                "Plan Width": 4,
                                                "Actual Startup Time": 0.063,
                                                "Actual Total Time": 82.248,
                                                "Actual Rows": 149175,
                                                "Actual Loops": 7,
                                                "Output": [
                                                    "t.id"
                                                ],
                                                "Filter": "((t.production_year < 2009) AND (t.kind_id = 7))",
                                                "Rows Removed by Filter": 212013,
                                                "Workers": [
                                                    {
                                                        "Worker Number": 0,
                                                        "Actual Startup Time": 0.073,
                                                        "Actual Total Time": 85.796,
                                                        "Actual Rows": 122815,
                                                        "Actual Loops": 1
                                                    },
                                                    {
                                                        "Worker Number": 1,
                                                        "Actual Startup Time": 0.076,
                                                        "Actual Total Time": 84.291,
                                                        "Actual Rows": 120112,
                                                        "Actual Loops": 1
                                                    },
                                                    {
                                                        "Worker Number": 2,
                                                        "Actual Startup Time": 0.065,
                                                        "Actual Total Time": 84.343,
                                                        "Actual Rows": 120434,
                                                        "Actual Loops": 1
                                                    },
                                                    {
                                                        "Worker Number": 3,
                                                        "Actual Startup Time": 0.071,
                                                        "Actual Total Time": 84.904,
                                                        "Actual Rows": 121530,
                                                        "Actual Loops": 1
                                                    },
                                                    {
                                                        "Worker Number": 4,
                                                        "Actual Startup Time": 0.069,
                                                        "Actual Total Time": 80.377,
                                                        "Actual Rows": 149782,
                                                        "Actual Loops": 1
                                                    },
                                                    {
                                                        "Worker Number": 5,
                                                        "Actual Startup Time": 0.074,
                                                        "Actual Total Time": 83.184,
                                                        "Actual Rows": 159724,
                                                        "Actual Loops": 1
                                                    }
                                                ]
                                            }
                                        ]
                                    }
                                ]
                            }
                        ]
                    }
                ]
            }
        ]
    },
    "Planning Time": 0.786,
    "Triggers": [],
    "Execution Time": 893.393
}