[
  {
    "Plan": {
      "Node Type": "Aggregate",
      "Strategy": "Plain",
      "Partial Mode": "Finalize",
      "Parallel Aware": false,
      "Startup Cost": 46511.82,
      "Total Cost": 46511.83,
      "Plan Rows": 1,
      "Plan Width": 8,
      "Actual Startup Time": 70.466,
      "Actual Total Time": 76.299,
      "Actual Rows": 1,
      "Actual Loops": 1,
      "Plans": [
        {
          "Node Type": "Gather",
          "Parent Relationship": "Outer",
          "Parallel Aware": false,
          "Startup Cost": 46511.4,
          "Total Cost": 46511.81,
          "Plan Rows": 4,
          "Plan Width": 8,
          "Actual Startup Time": 70.191,
          "Actual Total Time": 76.292,
          "Actual Rows": 5,
          "Actual Loops": 1,
          "Workers Planned": 4,
          "Workers Launched": 4,
          "Single Copy": false,
          "Plans": [
            {
              "Node Type": "Aggregate",
              "Strategy": "Plain",
              "Partial Mode": "Partial",
              "Parent Relationship": "Outer",
              "Parallel Aware": false,
              "Startup Cost": 45511.4,
              "Total Cost": 45511.41,
              "Plan Rows": 1,
              "Plan Width": 8,
              "Actual Startup Time": 66.726,
              "Actual Total Time": 66.727,
              "Actual Rows": 1,
              "Actual Loops": 5,
              "Plans": [
                {
                  "Node Type": "Seq Scan",
                  "Parent Relationship": "Outer",
                  "Parallel Aware": true,
                  "Relation Name": "title",
                  "Alias": "t",
                  "Startup Cost": 0.0,
                  "Total Cost": 45479.21,
                  "Plan Rows": 12875,
                  "Plan Width": 0,
                  "Actual Startup Time": 0.021,
                  "Actual Total Time": 65.901,
                  "Actual Rows": 11382,
                  "Actual Loops": 5,
                  "Filter": "((kind_id > 4) AND (production_year = 2004))",
                  "Rows Removed by Filter": 494280
                }
              ]
            }
          ]
        }
      ]
    },
    "Planning Time": 0.082,
    "Triggers": [],
    "Execution Time": 76.331
  }
]