{
  "Plan": {
    "Node Type": "Aggregate",
    "Strategy": "Plain",
    "Partial Mode": "Simple",
    "Parallel Aware": false,
    "Startup Cost": 348536.19,
    "Total Cost": 348536.2,
    "Plan Rows": 1,
    "Plan Width": 32,
    "Actual Startup Time": 2048.445,
    "Actual Total Time": 2055.881,
    "Actual Rows": 1,
    "Actual Loops": 1,
    "Plans": [
      {
        "Node Type": "Gather",
        "Parent Relationship": "Outer",
        "Parallel Aware": false,
        "Startup Cost": 334874.0,
        "Total Cost": 348536.18,
        "Plan Rows": 1,
        "Plan Width": 17,
        "Actual Startup Time": 2048.441,
        "Actual Total Time": 2055.876,
        "Actual Rows": 0,
        "Actual Loops": 1,
        "Workers Planned": 1,
        "Workers Launched": 0,
        "Single Copy": false,
        "Plans": [
          {
            "Node Type": "Nested Loop",
            "Parent Relationship": "Outer",
            "Parallel Aware": false,
            "Join Type": "Inner",
            "Startup Cost": 333874.0,
            "Total Cost": 347536.08,
            "Plan Rows": 1,
            "Plan Width": 17,
            "Actual Startup Time": 2047.989,
            "Actual Total Time": 2047.997,
            "Actual Rows": 0,
            "Actual Loops": 1,
            "Inner Unique": true,
            "Plans": [
              {
                "Node Type": "Nested Loop",
                "Parent Relationship": "Outer",
                "Parallel Aware": false,
                "Join Type": "Inner",
                "Startup Cost": 333873.87,
                "Total Cost": 347535.5,
                "Plan Rows": 1,
                "Plan Width": 21,
                "Actual Startup Time": 2047.988,
                "Actual Total Time": 2047.996,
                "Actual Rows": 0,
                "Actual Loops": 1,
                "Inner Unique": false,
                "Plans": [
                  {
                    "Node Type": "Merge Join",
                    "Parent Relationship": "Outer",
                    "Parallel Aware": false,
                    "Join Type": "Inner",
                    "Startup Cost": 333873.44,
                    "Total Cost": 334164.62,
                    "Plan Rows": 19375,
                    "Plan Width": 25,
                    "Actual Startup Time": 1992.554,
                    "Actual Total Time": 1996.1,
                    "Actual Rows": 18583,
                    "Actual Loops": 1,
                    "Inner Unique": true,
                    "Merge Cond": "(mi.info_type_id = it.id)",
                    "Plans": [
                      {
                        "Node Type": "Sort",
                        "Parent Relationship": "Outer",
                        "Parallel Aware": false,
                        "Startup Cost": 333867.45,
                        "Total Cost": 333915.89,
                        "Plan Rows": 19375,
                        "Plan Width": 29,
                        "Actual Startup Time": 1992.504,
                        "Actual Total Time": 1993.537,
                        "Actual Rows": 18583,
                        "Actual Loops": 1,
                        "Sort Key": [
                          "mi.info_type_id"
                        ],
                        "Sort Method": "quicksort",
                        "Sort Space Used": 2380,
                        "Sort Space Type": "Memory",
                        "Plans": [
                          {
                            "Node Type": "Hash Join",
                            "Parent Relationship": "Outer",
                            "Parallel Aware": true,
                            "Join Type": "Inner",
                            "Startup Cost": 61243.0,
                            "Total Cost": 332487.77,
                            "Plan Rows": 19375,
                            "Plan Width": 29,
                            "Actual Startup Time": 569.06,
                            "Actual Total Time": 1987.766,
                            "Actual Rows": 18583,
                            "Actual Loops": 1,
                            "Inner Unique": true,
                            "Hash Cond": "(mi.movie_id = t.id)",
                            "Plans": [
                              {
                                "Node Type": "Seq Scan",
                                "Parent Relationship": "Outer",
                                "Parallel Aware": true,
                                "Relation Name": "movie_info",
                                "Alias": "mi",
                                "Startup Cost": 0.0,
                                "Total Cost": 271102.71,
                                "Plan Rows": 54118,
                                "Plan Width": 8,
                                "Actual Startup Time": 0.537,
                                "Actual Total Time": 1383.921,
                                "Actual Rows": 78212,
                                "Actual Loops": 1,
                                "Filter": "(info = ANY ('{Denmark,German}'::text[]))",
                                "Rows Removed by Filter": 14757508
                              },
                              {
                                "Node Type": "Hash",
                                "Parent Relationship": "Inner",
                                "Parallel Aware": true,
                                "Startup Cost": 54587.68,
                                "Total Cost": 54587.68,
                                "Plan Rows": 532425,
                                "Plan Width": 21,
                                "Actual Startup Time": 557.5,
                                "Actual Total Time": 557.501,
                                "Actual Rows": 904491,
                                "Actual Loops": 1,
                                "Hash Buckets": 1048576,
                                "Original Hash Buckets": 1048576,
                                "Hash Batches": 1,
                                "Original Hash Batches": 1,
                                "Peak Memory Usage": 58976,
                                "Plans": [
                                  {
                                    "Node Type": "Seq Scan",
                                    "Parent Relationship": "Outer",
                                    "Parallel Aware": true,
                                    "Relation Name": "title",
                                    "Alias": "t",
                                    "Startup Cost": 0.0,
                                    "Total Cost": 54587.68,
                                    "Plan Rows": 532425,
                                    "Plan Width": 21,
                                    "Actual Startup Time": 0.016,
                                    "Actual Total Time": 270.489,
                                    "Actual Rows": 904491,
                                    "Actual Loops": 1,
                                    "Filter": "(production_year > 2006)",
                                    "Rows Removed by Filter": 1623821
                                  }
                                ]
                              }
                            ]
                          }
                        ]
                      },
                      {
                        "Node Type": "Sort",
                        "Parent Relationship": "Inner",
                        "Parallel Aware": false,
                        "Startup Cost": 5.98,
                        "Total Cost": 6.27,
                        "Plan Rows": 113,
                        "Plan Width": 4,
                        "Actual Startup Time": 0.043,
                        "Actual Total Time": 0.046,
                        "Actual Rows": 18,
                        "Actual Loops": 1,
                        "Sort Key": [
                          "it.id"
                        ],
                        "Sort Method": "quicksort",
                        "Sort Space Used": 30,
                        "Sort Space Type": "Memory",
                        "Plans": [
                          {
                            "Node Type": "Seq Scan",
                            "Parent Relationship": "Outer",
                            "Parallel Aware": false,
                            "Relation Name": "info_type",
                            "Alias": "it",
                            "Startup Cost": 0.0,
                            "Total Cost": 2.13,
                            "Plan Rows": 113,
                            "Plan Width": 4,
                            "Actual Startup Time": 0.017,
                            "Actual Total Time": 0.024,
                            "Actual Rows": 113,
                            "Actual Loops": 1
                          }
                        ]
                      }
                    ]
                  },
                  {
                    "Node Type": "Index Scan",
                    "Parent Relationship": "Inner",
                    "Parallel Aware": false,
                    "Scan Direction": "Forward",
                    "Index Name": "movie_id_movie_companies",
                    "Relation Name": "movie_companies",
                    "Alias": "mc",
                    "Startup Cost": 0.43,
                    "Total Cost": 0.68,
                    "Plan Rows": 1,
                    "Plan Width": 8,
                    "Actual Startup Time": 0.003,
                    "Actual Total Time": 0.003,
                    "Actual Rows": 0,
                    "Actual Loops": 18583,
                    "Index Cond": "(movie_id = t.id)",
                    "Rows Removed by Index Recheck": 0,
                    "Filter": "((note ~~ '%(VHS)%'::text) AND (note ~~ '%(USA)%'::text) AND (note ~~ '%(1994)%'::text))",
                    "Rows Removed by Filter": 2
                  }
                ]
              },
              {
                "Node Type": "Index Scan",
                "Parent Relationship": "Inner",
                "Parallel Aware": false,
                "Scan Direction": "Forward",
                "Index Name": "company_type_pkey",
                "Relation Name": "company_type",
                "Alias": "ct",
                "Startup Cost": 0.13,
                "Total Cost": 0.36,
                "Plan Rows": 1,
                "Plan Width": 4,
                "Actual Startup Time": 0.0,
                "Actual Total Time": 0.0,
                "Actual Rows": 0,
                "Actual Loops": 0,
                "Index Cond": "(id = mc.company_type_id)",
                "Rows Removed by Index Recheck": 0,
                "Filter": "((kind)::text = 'production companies'::text)",
                "Rows Removed by Filter": 0
              }
            ]
          }
        ]
      }
    ]
  },
  "Planning Time": 1.002,
  "Triggers": [],
  "Execution Time": 2055.969
}