{
  "Plan": {
    "Node Type": "Aggregate",
    "Strategy": "Plain",
    "Partial Mode": "Finalize",
    "Parallel Aware": false,
    "Startup Cost": 138633.28,
    "Total Cost": 138633.29,
    "Plan Rows": 1,
    "Plan Width": 8,
    "Actual Startup Time": 993.767,
    "Actual Total Time": 1020.942,
    "Actual Rows": 1,
    "Actual Loops": 1,
    "Plans": [
      {
        "Node Type": "Gather",
        "Parent Relationship": "Outer",
        "Parallel Aware": false,
        "Startup Cost": 138633.17,
        "Total Cost": 138633.28,
        "Plan Rows": 1,
        "Plan Width": 8,
        "Actual Startup Time": 987.476,
        "Actual Total Time": 1020.935,
        "Actual Rows": 2,
        "Actual Loops": 1,
        "Workers Planned": 1,
        "Workers Launched": 1,
        "Single Copy": false,
        "Plans": [
          {
            "Node Type": "Aggregate",
            "Strategy": "Plain",
            "Partial Mode": "Partial",
            "Parent Relationship": "Outer",
            "Parallel Aware": false,
            "Startup Cost": 137633.17,
            "Total Cost": 137633.18,
            "Plan Rows": 1,
            "Plan Width": 8,
            "Actual Startup Time": 981.162,
            "Actual Total Time": 981.168,
            "Actual Rows": 1,
            "Actual Loops": 2,
            "Plans": [
              {
                "Node Type": "Hash Join",
                "Parent Relationship": "Outer",
                "Parallel Aware": true,
                "Join Type": "Inner",
                "Startup Cost": 116885.97,
                "Total Cost": 137141.02,
                "Plan Rows": 196860,
                "Plan Width": 0,
                "Actual Startup Time": 794.722,
                "Actual Total Time": 952.97,
                "Actual Rows": 706941,
                "Actual Loops": 2,
                "Inner Unique": false,
                "Hash Cond": "(mi_idx.movie_id = t.id)",
                "Plans": [
                  {
                    "Node Type": "Seq Scan",
                    "Parent Relationship": "Outer",
                    "Parallel Aware": true,
                    "Relation Name": "movie_info_idx",
                    "Alias": "mi_idx",
                    "Startup Cost": 0.0,
                    "Total Cost": 16052.85,
                    "Plan Rows": 811785,
                    "Plan Width": 4,
                    "Actual Startup Time": 0.019,
                    "Actual Total Time": 46.424,
                    "Actual Rows": 690018,
                    "Actual Loops": 2
                  },
                  {
                    "Node Type": "Hash",
                    "Parent Relationship": "Inner",
                    "Parallel Aware": true,
                    "Startup Cost": 112377.74,
                    "Total Cost": 112377.74,
                    "Plan Rows": 360658,
                    "Plan Width": 8,
                    "Actual Startup Time": 776.106,
                    "Actual Total Time": 776.11,
                    "Actual Rows": 301564,
                    "Actual Loops": 2,
                    "Hash Buckets": 1048576,
                    "Original Hash Buckets": 1048576,
                    "Hash Batches": 1,
                    "Original Hash Batches": 1,
                    "Peak Memory Usage": 31808,
                    "Plans": [
                      {
                        "Node Type": "Hash Join",
                        "Parent Relationship": "Outer",
                        "Parallel Aware": true,
                        "Join Type": "Inner",
                        "Startup Cost": 82468.8,
                        "Total Cost": 112377.74,
                        "Plan Rows": 360658,
                        "Plan Width": 8,
                        "Actual Startup Time": 556.89,
                        "Actual Total Time": 707.906,
                        "Actual Rows": 301564,
                        "Actual Loops": 2,
                        "Inner Unique": true,
                        "Hash Cond": "(mk.movie_id = t.id)",
                        "Plans": [
                          {
                            "Node Type": "Bitmap Heap Scan",
                            "Parent Relationship": "Outer",
                            "Parallel Aware": true,
                            "Relation Name": "movie_keyword",
                            "Alias": "mk",
                            "Startup Cost": 13008.1,
                            "Total Cost": 41970.32,
                            "Plan Rows": 360658,
                            "Plan Width": 4,
                            "Actual Startup Time": 42.094,
                            "Actual Total Time": 112.387,
                            "Actual Rows": 301564,
                            "Actual Loops": 2,
                            "Recheck Cond": "(keyword_id > 30576)",
                            "Rows Removed by Index Recheck": 0,
                            "Exact Heap Blocks": 11715,
                            "Lossy Heap Blocks": 0,
                            "Plans": [
                              {
                                "Node Type": "Bitmap Index Scan",
                                "Parent Relationship": "Outer",
                                "Parallel Aware": false,
                                "Index Name": "keyword_id_movie_keyword",
                                "Startup Cost": 0.0,
                                "Total Cost": 12854.82,
                                "Plan Rows": 613118,
                                "Plan Width": 0,
                                "Actual Startup Time": 37.805,
                                "Actual Total Time": 37.805,
                                "Actual Rows": 603127,
                                "Actual Loops": 1,
                                "Index Cond": "(keyword_id > 30576)"
                              }
                            ]
                          },
                          {
                            "Node Type": "Hash",
                            "Parent Relationship": "Inner",
                            "Parallel Aware": true,
                            "Startup Cost": 50870.31,
                            "Total Cost": 50870.31,
                            "Plan Rows": 1487231,
                            "Plan Width": 4,
                            "Actual Startup Time": 499.083,
                            "Actual Total Time": 499.084,
                            "Actual Rows": 1264156,
                            "Actual Loops": 2,
                            "Hash Buckets": 4194304,
                            "Original Hash Buckets": 4194304,
                            "Hash Batches": 1,
                            "Original Hash Batches": 1,
                            "Peak Memory Usage": 131712,
                            "Plans": [
                              {
                                "Node Type": "Seq Scan",
                                "Parent Relationship": "Outer",
                                "Parallel Aware": true,
                                "Relation Name": "title",
                                "Alias": "t",
                                "Startup Cost": 0.0,
                                "Total Cost": 50870.31,
                                "Plan Rows": 1487231,
                                "Plan Width": 4,
                                "Actual Startup Time": 0.034,
                                "Actual Total Time": 152.782,
                                "Actual Rows": 1264156,
                                "Actual Loops": 2
                              }
                            ]
                          }
                        ]
                      }
                    ]
                  }
                ]
              }
            ]
          }
        ]
      }
    ]
  },
  "Planning Time": 0.953,
  "Triggers": [],
  "Execution Time": 1021.036
}