[
  {
    "Plan": {
      "Node Type": "Aggregate",
      "Strategy": "Plain",
      "Partial Mode": "Finalize",
      "Parallel Aware": false,
      "Startup Cost": 359259.37,
      "Total Cost": 359259.38,
      "Plan Rows": 1,
      "Plan Width": 8,
      "Actual Startup Time": 625.465,
      "Actual Total Time": 644.221,
      "Actual Rows": 1,
      "Actual Loops": 1,
      "Plans": [
        {
          "Node Type": "Gather",
          "Parent Relationship": "Outer",
          "Parallel Aware": false,
          "Startup Cost": 359258.74,
          "Total Cost": 359259.35,
          "Plan Rows": 6,
          "Plan Width": 8,
          "Actual Startup Time": 608.025,
          "Actual Total Time": 644.213,
          "Actual Rows": 7,
          "Actual Loops": 1,
          "Workers Planned": 6,
          "Workers Launched": 6,
          "Single Copy": false,
          "Plans": [
            {
              "Node Type": "Aggregate",
              "Strategy": "Plain",
              "Partial Mode": "Partial",
              "Parent Relationship": "Outer",
              "Parallel Aware": false,
              "Startup Cost": 358258.74,
              "Total Cost": 358258.75,
              "Plan Rows": 1,
              "Plan Width": 8,
              "Actual Startup Time": 585.214,
              "Actual Total Time": 585.217,
              "Actual Rows": 1,
              "Actual Loops": 7,
              "Plans": [
                {
                  "Node Type": "Hash Join",
                  "Parent Relationship": "Outer",
                  "Parallel Aware": true,
                  "Join Type": "Inner",
                  "Startup Cost": 99074.33,
                  "Total Cost": 357337.12,
                  "Plan Rows": 368648,
                  "Plan Width": 0,
                  "Actual Startup Time": 338.658,
                  "Actual Total Time": 569.222,
                  "Actual Rows": 316087,
                  "Actual Loops": 7,
                  "Inner Unique": true,
                  "Hash Cond": "(ci.movie_id = t.id)",
                  "Plans": [
                    {
                      "Node Type": "Bitmap Heap Scan",
                      "Parent Relationship": "Outer",
                      "Parallel Aware": true,
                      "Relation Name": "cast_info",
                      "Alias": "ci",
                      "Startup Cost": 48854.68,
                      "Total Cost": 306149.78,
                      "Plan Rows": 368648,
                      "Plan Width": 4,
                      "Actual Startup Time": 83.337,
                      "Actual Total Time": 140.975,
                      "Actual Rows": 316087,
                      "Actual Loops": 7,
                      "Recheck Cond": "(person_id < 215756)",
                      "Rows Removed by Index Recheck": 0,
                      "Exact Heap Blocks": 4292,
                      "Lossy Heap Blocks": 0,
                      "Plans": [
                        {
                          "Node Type": "Bitmap Index Scan",
                          "Parent Relationship": "Outer",
                          "Parallel Aware": false,
                          "Index Name": "person_id_cast_info",
                          "Startup Cost": 0.0,
                          "Total Cost": 48301.71,
                          "Plan Rows": 2211886,
                          "Plan Width": 0,
                          "Actual Startup Time": 79.591,
                          "Actual Total Time": 79.592,
                          "Actual Rows": 2212606,
                          "Actual Loops": 1,
                          "Index Cond": "(person_id < 215756)"
                        }
                      ]
                    },
                    {
                      "Node Type": "Hash",
                      "Parent Relationship": "Inner",
                      "Parallel Aware": true,
                      "Startup Cost": 42318.73,
                      "Total Cost": 42318.73,
                      "Plan Rows": 632073,
                      "Plan Width": 4,
                      "Actual Startup Time": 248.836,
                      "Actual Total Time": 248.837,
                      "Actual Rows": 361187,
                      "Actual Loops": 7,
                      "Hash Buckets": 4194304,
                      "Original Hash Buckets": 4194304,
                      "Hash Batches": 1,
                      "Original Hash Batches": 1,
                      "Peak Memory Usage": 131808,
                      "Plans": [
                        {
                          "Node Type": "Seq Scan",
                          "Parent Relationship": "Outer",
                          "Parallel Aware": true,
                          "Relation Name": "title",
                          "Alias": "t",
                          "Startup Cost": 0.0,
                          "Total Cost": 42318.73,
                          "Plan Rows": 632073,
                          "Plan Width": 4,
                          "Actual Startup Time": 0.038,
                          "Actual Total Time": 74.253,
                          "Actual Rows": 361187,
                          "Actual Loops": 7
                        }
                      ]
                    }
                  ]
                }
              ]
            }
          ]
        }
      ]
    },
    "Planning Time": 0.503,
    "Triggers": [],
    "Execution Time": 644.302
  }
]