[
    {
        "Bao": {
            "Bao prediction": "NaN",
            "Bao recommended hint": "(no hint)"
        }
    },
    {
        "Plan": {
            "Node Type": "Aggregate",
            "Strategy": "Plain",
            "Partial Mode": "Finalize",
            "Parallel Aware": false,
            "Startup Cost": 38116.25,
            "Total Cost": 38116.26,
            "Plan Rows": 1,
            "Plan Width": 8,
            "Actual Startup Time": 122.084,
            "Actual Total Time": 128.653,
            "Actual Rows": 1,
            "Actual Loops": 1,
            "Output": [
                "count(*)"
            ],
            "Plans": [
                {
                    "Node Type": "Gather",
                    "Parent Relationship": "Outer",
                    "Parallel Aware": false,
                    "Startup Cost": 38115.93,
                    "Total Cost": 38116.24,
                    "Plan Rows": 3,
                    "Plan Width": 8,
                    "Actual Startup Time": 121.796,
                    "Actual Total Time": 128.645,
                    "Actual Rows": 4,
                    "Actual Loops": 1,
                    "Output": [
                        "(PARTIAL count(*))"
                    ],
                    "Workers Planned": 3,
                    "Workers Launched": 3,
                    "Single Copy": false,
                    "Plans": [
                        {
                            "Node Type": "Aggregate",
                            "Strategy": "Plain",
                            "Partial Mode": "Partial",
                            "Parent Relationship": "Outer",
                            "Parallel Aware": false,
                            "Startup Cost": 37115.93,
                            "Total Cost": 37115.94,
                            "Plan Rows": 1,
                            "Plan Width": 8,
                            "Actual Startup Time": 113.179,
                            "Actual Total Time": 113.181,
                            "Actual Rows": 1,
                            "Actual Loops": 4,
                            "Output": [
                                "PARTIAL count(*)"
                            ],
                            "Workers": [
                                {
                                    "Worker Number": 0,
                                    "Actual Startup Time": 109.97,
                                    "Actual Total Time": 109.972,
                                    "Actual Rows": 1,
                                    "Actual Loops": 1
                                },
                                {
                                    "Worker Number": 1,
                                    "Actual Startup Time": 110.504,
                                    "Actual Total Time": 110.506,
                                    "Actual Rows": 1,
                                    "Actual Loops": 1
                                },
                                {
                                    "Worker Number": 2,
                                    "Actual Startup Time": 110.724,
                                    "Actual Total Time": 110.726,
                                    "Actual Rows": 1,
                                    "Actual Loops": 1
                                }
                            ],
                            "Plans": [
                                {
                                    "Node Type": "Bitmap Heap Scan",
                                    "Parent Relationship": "Outer",
                                    "Parallel Aware": true,
                                    "Relation Name": "movie_keyword",
                                    "Schema": "public",
                                    "Alias": "mk",
                                    "Startup Cost": 10310.55,
                                    "Total Cost": 36724.03,
                                    "Plan Rows": 156758,
                                    "Plan Width": 0,
                                    "Actual Startup Time": 37.039,
                                    "Actual Total Time": 106.567,
                                    "Actual Rows": 119180,
                                    "Actual Loops": 4,
                                    "Recheck Cond": "(mk.keyword_id > 37474)",
                                    "Rows Removed by Index Recheck": 0,
                                    "Exact Heap Blocks": 10192,
                                    "Lossy Heap Blocks": 0,
                                    "Workers": [
                                        {
                                            "Worker Number": 0,
                                            "Actual Startup Time": 33.879,
                                            "Actual Total Time": 103.928,
                                            "Actual Rows": 90898,
                                            "Actual Loops": 1
                                        },
                                        {
                                            "Worker Number": 1,
                                            "Actual Startup Time": 34.564,
                                            "Actual Total Time": 104.436,
                                            "Actual Rows": 92559,
                                            "Actual Loops": 1
                                        },
                                        {
                                            "Worker Number": 2,
                                            "Actual Startup Time": 34.681,
                                            "Actual Total Time": 104.885,
                                            "Actual Rows": 82815,
                                            "Actual Loops": 1
                                        }
                                    ],
                                    "Plans": [
                                        {
                                            "Node Type": "Bitmap Index Scan",
                                            "Parent Relationship": "Outer",
                                            "Parallel Aware": false,
                                            "Index Name": "keyword_id_movie_keyword",
                                            "Startup Cost": 0.0,
                                            "Total Cost": 10189.07,
                                            "Plan Rows": 485951,
                                            "Plan Width": 0,
                                            "Actual Startup Time": 41.743,
                                            "Actual Total Time": 41.743,
                                            "Actual Rows": 476719,
                                            "Actual Loops": 1,
                                            "Index Cond": "(mk.keyword_id > 37474)"
                                        }
                                    ]
                                }
                            ]
                        }
                    ]
                }
            ]
        },
        "Planning Time": 203.659,
        "Triggers": [],
        "Execution Time": 128.706
    }
]