[
  {
    "Plan": {
      "Node Type": "Aggregate",
      "Strategy": "Plain",
      "Partial Mode": "Finalize",
      "Parallel Aware": false,
      "Startup Cost": 300355.89,
      "Total Cost": 300355.9,
      "Plan Rows": 1,
      "Plan Width": 8,
      "Actual Startup Time": 181.329,
      "Actual Total Time": 189.107,
      "Actual Rows": 1,
      "Actual Loops": 1,
      "Plans": [
        {
          "Node Type": "Gather",
          "Parent Relationship": "Outer",
          "Parallel Aware": false,
          "Startup Cost": 300355.26,
          "Total Cost": 300355.87,
          "Plan Rows": 6,
          "Plan Width": 8,
          "Actual Startup Time": 180.508,
          "Actual Total Time": 189.099,
          "Actual Rows": 7,
          "Actual Loops": 1,
          "Workers Planned": 6,
          "Workers Launched": 6,
          "Single Copy": false,
          "Plans": [
            {
              "Node Type": "Aggregate",
              "Strategy": "Plain",
              "Partial Mode": "Partial",
              "Parent Relationship": "Outer",
              "Parallel Aware": false,
              "Startup Cost": 299355.26,
              "Total Cost": 299355.27,
              "Plan Rows": 1,
              "Plan Width": 8,
              "Actual Startup Time": 171.928,
              "Actual Total Time": 171.93,
              "Actual Rows": 1,
              "Actual Loops": 7,
              "Plans": [
                {
                  "Node Type": "Bitmap Heap Scan",
                  "Parent Relationship": "Outer",
                  "Parallel Aware": true,
                  "Relation Name": "cast_info",
                  "Alias": "ci",
                  "Startup Cost": 41580.77,
                  "Total Cost": 299005.98,
                  "Plan Rows": 139714,
                  "Plan Width": 0,
                  "Actual Startup Time": 142.004,
                  "Actual Total Time": 168.429,
                  "Actual Rows": 79748,
                  "Actual Loops": 7,
                  "Recheck Cond": "(person_id < 192183)",
                  "Rows Removed by Index Recheck": 0,
                  "Filter": "(role_id > 2)",
                  "Rows Removed by Filter": 200596,
                  "Exact Heap Blocks": 5154,
                  "Lossy Heap Blocks": 0,
                  "Plans": [
                    {
                      "Node Type": "Bitmap Index Scan",
                      "Parent Relationship": "Outer",
                      "Parallel Aware": false,
                      "Index Name": "person_id_cast_info",
                      "Startup Cost": 0.0,
                      "Total Cost": 41371.19,
                      "Plan Rows": 1895284,
                      "Plan Width": 0,
                      "Actual Startup Time": 94.061,
                      "Actual Total Time": 94.062,
                      "Actual Rows": 1962412,
                      "Actual Loops": 1,
                      "Index Cond": "(person_id < 192183)"
                    }
                  ]
                }
              ]
            }
          ]
        }
      ]
    },
    "Planning Time": 0.239,
    "Triggers": [],
    "Execution Time": 189.188
  }
]