[
  {
    "Plan": {
      "Node Type": "Aggregate",
      "Strategy": "Plain",
      "Partial Mode": "Finalize",
      "Parallel Aware": false,
      "Startup Cost": 32679.89,
      "Total Cost": 32679.9,
      "Plan Rows": 1,
      "Plan Width": 8,
      "Actual Startup Time": 76.937,
      "Actual Total Time": 84.582,
      "Actual Rows": 1,
      "Actual Loops": 1,
      "Plans": [
        {
          "Node Type": "Gather",
          "Parent Relationship": "Outer",
          "Parallel Aware": false,
          "Startup Cost": 32679.57,
          "Total Cost": 32679.88,
          "Plan Rows": 3,
          "Plan Width": 8,
          "Actual Startup Time": 76.812,
          "Actual Total Time": 84.571,
          "Actual Rows": 4,
          "Actual Loops": 1,
          "Workers Planned": 3,
          "Workers Launched": 3,
          "Single Copy": false,
          "Plans": [
            {
              "Node Type": "Aggregate",
              "Strategy": "Plain",
              "Partial Mode": "Partial",
              "Parent Relationship": "Outer",
              "Parallel Aware": false,
              "Startup Cost": 31679.57,
              "Total Cost": 31679.58,
              "Plan Rows": 1,
              "Plan Width": 8,
              "Actual Startup Time": 71.386,
              "Actual Total Time": 71.387,
              "Actual Rows": 1,
              "Actual Loops": 4,
              "Plans": [
                {
                  "Node Type": "Seq Scan",
                  "Parent Relationship": "Outer",
                  "Parallel Aware": true,
                  "Relation Name": "movie_companies",
                  "Alias": "mc",
                  "Startup Cost": 0.0,
                  "Total Cost": 31414.82,
                  "Plan Rows": 105901,
                  "Plan Width": 0,
                  "Actual Startup Time": 29.283,
                  "Actual Total Time": 71.018,
                  "Actual Rows": 6090,
                  "Actual Loops": 4,
                  "Filter": "((company_id > 51466) AND (company_type_id = 1))",
                  "Rows Removed by Filter": 646192
                }
              ]
            }
          ]
        }
      ]
    },
    "Planning Time": 0.12,
    "Triggers": [],
    "Execution Time": 84.617
  }
]