[
  {
    "Plan": {
      "Node Type": "Aggregate",
      "Strategy": "Plain",
      "Partial Mode": "Finalize",
      "Parallel Aware": false,
      "Startup Cost": 167085.36,
      "Total Cost": 167085.37,
      "Plan Rows": 1,
      "Plan Width": 8,
      "Actual Startup Time": 485.131,
      "Actual Total Time": 532.198,
      "Actual Rows": 1,
      "Actual Loops": 1,
      "Plans": [
        {
          "Node Type": "Gather",
          "Parent Relationship": "Outer",
          "Parallel Aware": false,
          "Startup Cost": 167084.94,
          "Total Cost": 167085.35,
          "Plan Rows": 4,
          "Plan Width": 8,
          "Actual Startup Time": 484.535,
          "Actual Total Time": 532.189,
          "Actual Rows": 5,
          "Actual Loops": 1,
          "Workers Planned": 4,
          "Workers Launched": 4,
          "Single Copy": false,
          "Plans": [
            {
              "Node Type": "Aggregate",
              "Strategy": "Plain",
              "Partial Mode": "Partial",
              "Parent Relationship": "Outer",
              "Parallel Aware": false,
              "Startup Cost": 166084.94,
              "Total Cost": 166084.95,
              "Plan Rows": 1,
              "Plan Width": 8,
              "Actual Startup Time": 474.133,
              "Actual Total Time": 474.137,
              "Actual Rows": 1,
              "Actual Loops": 5,
              "Plans": [
                {
                  "Node Type": "Nested Loop",
                  "Parent Relationship": "Outer",
                  "Parallel Aware": false,
                  "Join Type": "Inner",
                  "Startup Cost": 29281.84,
                  "Total Cost": 165400.28,
                  "Plan Rows": 273862,
                  "Plan Width": 0,
                  "Actual Startup Time": 86.116,
                  "Actual Total Time": 464.519,
                  "Actual Rows": 174228,
                  "Actual Loops": 5,
                  "Inner Unique": false,
                  "Plans": [
                    {
                      "Node Type": "Hash Join",
                      "Parent Relationship": "Outer",
                      "Parallel Aware": true,
                      "Join Type": "Inner",
                      "Startup Cost": 29281.4,
                      "Total Cost": 74911.58,
                      "Plan Rows": 46836,
                      "Plan Width": 8,
                      "Actual Startup Time": 86.045,
                      "Actual Total Time": 218.66,
                      "Actual Rows": 16633,
                      "Actual Loops": 5,
                      "Inner Unique": false,
                      "Hash Cond": "(t.id = mc.movie_id)",
                      "Plans": [
                        {
                          "Node Type": "Seq Scan",
                          "Parent Relationship": "Outer",
                          "Parallel Aware": true,
                          "Relation Name": "title",
                          "Alias": "t",
                          "Startup Cost": 0.0,
                          "Total Cost": 42318.73,
                          "Plan Rows": 632073,
                          "Plan Width": 4,
                          "Actual Startup Time": 0.01,
                          "Actual Total Time": 61.275,
                          "Actual Rows": 505662,
                          "Actual Loops": 5
                        },
                        {
                          "Node Type": "Hash",
                          "Parent Relationship": "Inner",
                          "Parallel Aware": true,
                          "Startup Cost": 28525.99,
                          "Total Cost": 28525.99,
                          "Plan Rows": 60433,
                          "Plan Width": 4,
                          "Actual Startup Time": 84.038,
                          "Actual Total Time": 84.04,
                          "Actual Rows": 16633,
                          "Actual Loops": 5,
                          "Hash Buckets": 262144,
                          "Original Hash Buckets": 262144,
                          "Hash Batches": 1,
                          "Original Hash Batches": 1,
                          "Peak Memory Usage": 5376,
                          "Plans": [
                            {
                              "Node Type": "Bitmap Heap Scan",
                              "Parent Relationship": "Outer",
                              "Parallel Aware": true,
                              "Relation Name": "movie_companies",
                              "Alias": "mc",
                              "Startup Cost": 7950.61,
                              "Total Cost": 28525.99,
                              "Plan Rows": 60433,
                              "Plan Width": 4,
                              "Actual Startup Time": 65.946,
                              "Actual Total Time": 78.428,
                              "Actual Rows": 16633,
                              "Actual Loops": 5,
                              "Recheck Cond": "(company_id < 187)",
                              "Rows Removed by Index Recheck": 0,
                              "Filter": "(company_type_id = 2)",
                              "Rows Removed by Filter": 56077,
                              "Exact Heap Blocks": 8241,
                              "Lossy Heap Blocks": 0,
                              "Plans": [
                                {
                                  "Node Type": "Bitmap Index Scan",
                                  "Parent Relationship": "Outer",
                                  "Parallel Aware": false,
                                  "Index Name": "company_id_movie_companies",
                                  "Startup Cost": 0.0,
                                  "Total Cost": 7903.77,
                                  "Plan Rows": 368979,
                                  "Plan Width": 0,
                                  "Actual Startup Time": 28.855,
                                  "Actual Total Time": 28.855,
                                  "Actual Rows": 363553,
                                  "Actual Loops": 1,
                                  "Index Cond": "(company_id < 187)"
                                }
                              ]
                            }
                          ]
                        }
                      ]
                    },
                    {
                      "Node Type": "Index Only Scan",
                      "Parent Relationship": "Inner",
                      "Parallel Aware": false,
                      "Scan Direction": "Forward",
                      "Index Name": "movie_id_movie_info",
                      "Relation Name": "movie_info",
                      "Alias": "mi",
                      "Startup Cost": 0.43,
                      "Total Cost": 1.51,
                      "Plan Rows": 42,
                      "Plan Width": 4,
                      "Actual Startup Time": 0.005,
                      "Actual Total Time": 0.014,
                      "Actual Rows": 10,
                      "Actual Loops": 83167,
                      "Index Cond": "(movie_id = t.id)",
                      "Rows Removed by Index Recheck": 0,
                      "Heap Fetches": 871138
                    }
                  ]
                }
              ]
            }
          ]
        }
      ]
    },
    "Planning Time": 1.44,
    "Triggers": [],
    "Execution Time": 532.337
  }
]