[
  {
    "Plan": {
      "Node Type": "Aggregate",
      "Strategy": "Plain",
      "Partial Mode": "Finalize",
      "Parallel Aware": false,
      "Startup Cost": 309457.54,
      "Total Cost": 309457.55,
      "Plan Rows": 1,
      "Plan Width": 8,
      "Actual Startup Time": 2618.388,
      "Actual Total Time": 2661.359,
      "Actual Rows": 1,
      "Actual Loops": 1,
      "Plans": [
        {
          "Node Type": "Gather",
          "Parent Relationship": "Outer",
          "Parallel Aware": false,
          "Startup Cost": 309457.02,
          "Total Cost": 309457.53,
          "Plan Rows": 5,
          "Plan Width": 8,
          "Actual Startup Time": 2595.313,
          "Actual Total Time": 2661.349,
          "Actual Rows": 6,
          "Actual Loops": 1,
          "Workers Planned": 5,
          "Workers Launched": 5,
          "Single Copy": false,
          "Plans": [
            {
              "Node Type": "Aggregate",
              "Strategy": "Plain",
              "Partial Mode": "Partial",
              "Parent Relationship": "Outer",
              "Parallel Aware": false,
              "Startup Cost": 308457.02,
              "Total Cost": 308457.03,
              "Plan Rows": 1,
              "Plan Width": 8,
              "Actual Startup Time": 2571.656,
              "Actual Total Time": 2571.661,
              "Actual Rows": 1,
              "Actual Loops": 6,
              "Plans": [
                {
                  "Node Type": "Hash Join",
                  "Parent Relationship": "Outer",
                  "Parallel Aware": true,
                  "Join Type": "Inner",
                  "Startup Cost": 90607.03,
                  "Total Cost": 301819.57,
                  "Plan Rows": 2654980,
                  "Plan Width": 0,
                  "Actual Startup Time": 573.455,
                  "Actual Total Time": 2179.087,
                  "Actual Rows": 10239789,
                  "Actual Loops": 6,
                  "Inner Unique": false,
                  "Hash Cond": "(mi.movie_id = t.id)",
                  "Plans": [
                    {
                      "Node Type": "Seq Scan",
                      "Parent Relationship": "Outer",
                      "Parallel Aware": true,
                      "Relation Name": "movie_info",
                      "Alias": "mi",
                      "Startup Cost": 0.0,
                      "Total Cost": 191560.33,
                      "Plan Rows": 2956733,
                      "Plan Width": 4,
                      "Actual Startup Time": 0.018,
                      "Actual Total Time": 278.241,
                      "Actual Rows": 2472620,
                      "Actual Loops": 6
                    },
                    {
                      "Node Type": "Hash",
                      "Parent Relationship": "Inner",
                      "Parallel Aware": true,
                      "Startup Cost": 81452.73,
                      "Total Cost": 81452.73,
                      "Plan Rows": 732344,
                      "Plan Width": 8,
                      "Actual Startup Time": 564.59,
                      "Actual Total Time": 564.593,
                      "Actual Rows": 379248,
                      "Actual Loops": 6,
                      "Hash Buckets": 4194304,
                      "Original Hash Buckets": 4194304,
                      "Hash Batches": 1,
                      "Original Hash Batches": 1,
                      "Peak Memory Usage": 121888,
                      "Plans": [
                        {
                          "Node Type": "Hash Join",
                          "Parent Relationship": "Outer",
                          "Parallel Aware": true,
                          "Join Type": "Inner",
                          "Startup Cost": 50219.64,
                          "Total Cost": 81452.73,
                          "Plan Rows": 732344,
                          "Plan Width": 8,
                          "Actual Startup Time": 248.497,
                          "Actual Total Time": 431.802,
                          "Actual Rows": 379248,
                          "Actual Loops": 6,
                          "Inner Unique": true,
                          "Hash Cond": "(mc.movie_id = t.id)",
                          "Plans": [
                            {
                              "Node Type": "Seq Scan",
                              "Parent Relationship": "Outer",
                              "Parallel Aware": true,
                              "Relation Name": "movie_companies",
                              "Alias": "mc",
                              "Startup Cost": 0.0,
                              "Total Cost": 29310.68,
                              "Plan Rows": 732344,
                              "Plan Width": 4,
                              "Actual Startup Time": 0.042,
                              "Actual Total Time": 54.135,
                              "Actual Rows": 379248,
                              "Actual Loops": 6,
                              "Filter": "(company_id > 164)",
                              "Rows Removed by Filter": 55607
                            },
                            {
                              "Node Type": "Hash",
                              "Parent Relationship": "Inner",
                              "Parallel Aware": true,
                              "Startup Cost": 42318.73,
                              "Total Cost": 42318.73,
                              "Plan Rows": 632073,
                              "Plan Width": 4,
                              "Actual Startup Time": 244.375,
                              "Actual Total Time": 244.377,
                              "Actual Rows": 421385,
                              "Actual Loops": 6,
                              "Hash Buckets": 4194304,
                              "Original Hash Buckets": 4194304,
                              "Hash Batches": 1,
                              "Original Hash Batches": 1,
                              "Peak Memory Usage": 131776,
                              "Plans": [
                                {
                                  "Node Type": "Seq Scan",
                                  "Parent Relationship": "Outer",
                                  "Parallel Aware": true,
                                  "Relation Name": "title",
                                  "Alias": "t",
                                  "Startup Cost": 0.0,
                                  "Total Cost": 42318.73,
                                  "Plan Rows": 632073,
                                  "Plan Width": 4,
                                  "Actual Startup Time": 0.038,
                                  "Actual Total Time": 72.256,
                                  "Actual Rows": 421385,
                                  "Actual Loops": 6
                                }
                              ]
                            }
                          ]
                        }
                      ]
                    }
                  ]
                }
              ]
            }
          ]
        }
      ]
    },
    "Planning Time": 1.468,
    "Triggers": [],
    "Execution Time": 2661.448
  }
]