{
    "Plan": {
        "Node Type": "Aggregate",
        "Strategy": "Plain",
        "Partial Mode": "Finalize",
        "Parallel Aware": false,
        "Startup Cost": 60733.92,
        "Total Cost": 60733.93,
        "Plan Rows": 1,
        "Plan Width": 8,
        "Actual Startup Time": 134.95,
        "Actual Total Time": 153.508,
        "Actual Rows": 1,
        "Actual Loops": 1,
        "Output": [
            "count(*)"
        ],
        "Plans": [
            {
                "Node Type": "Gather",
                "Parent Relationship": "Outer",
                "Parallel Aware": false,
                "Startup Cost": 60733.6,
                "Total Cost": 60733.91,
                "Plan Rows": 3,
                "Plan Width": 8,
                "Actual Startup Time": 134.837,
                "Actual Total Time": 153.499,
                "Actual Rows": 4,
                "Actual Loops": 1,
                "Output": [
                    "(PARTIAL count(*))"
                ],
                "Workers Planned": 3,
                "Workers Launched": 3,
                "Single Copy": false,
                "Plans": [
                    {
                        "Node Type": "Aggregate",
                        "Strategy": "Plain",
                        "Partial Mode": "Partial",
                        "Parent Relationship": "Outer",
                        "Parallel Aware": false,
                        "Startup Cost": 59733.6,
                        "Total Cost": 59733.61,
                        "Plan Rows": 1,
                        "Plan Width": 8,
                        "Actual Startup Time": 125.876,
                        "Actual Total Time": 125.877,
                        "Actual Rows": 1,
                        "Actual Loops": 4,
                        "Output": [
                            "PARTIAL count(*)"
                        ],
                        "Workers": [
                            {
                                "Worker Number": 0,
                                "Actual Startup Time": 122.484,
                                "Actual Total Time": 122.486,
                                "Actual Rows": 1,
                                "Actual Loops": 1
                            },
                            {
                                "Worker Number": 1,
                                "Actual Startup Time": 123.268,
                                "Actual Total Time": 123.269,
                                "Actual Rows": 1,
                                "Actual Loops": 1
                            },
                            {
                                "Worker Number": 2,
                                "Actual Startup Time": 123.537,
                                "Actual Total Time": 123.538,
                                "Actual Rows": 1,
                                "Actual Loops": 1
                            }
                        ],
                        "Plans": [
                            {
                                "Node Type": "Nested Loop",
                                "Parent Relationship": "Outer",
                                "Parallel Aware": false,
                                "Join Type": "Inner",
                                "Startup Cost": 0.43,
                                "Total Cost": 59727.4,
                                "Plan Rows": 2481,
                                "Plan Width": 0,
                                "Actual Startup Time": 0.922,
                                "Actual Total Time": 125.57,
                                "Actual Rows": 2084,
                                "Actual Loops": 4,
                                "Inner Unique": true,
                                "Workers": [
                                    {
                                        "Worker Number": 0,
                                        "Actual Startup Time": 0.825,
                                        "Actual Total Time": 122.17,
                                        "Actual Rows": 1652,
                                        "Actual Loops": 1
                                    },
                                    {
                                        "Worker Number": 1,
                                        "Actual Startup Time": 1.605,
                                        "Actual Total Time": 122.941,
                                        "Actual Rows": 1779,
                                        "Actual Loops": 1
                                    },
                                    {
                                        "Worker Number": 2,
                                        "Actual Startup Time": 0.908,
                                        "Actual Total Time": 123.199,
                                        "Actual Rows": 1855,
                                        "Actual Loops": 1
                                    }
                                ],
                                "Plans": [
                                    {
                                        "Node Type": "Seq Scan",
                                        "Parent Relationship": "Outer",
                                        "Parallel Aware": true,
                                        "Relation Name": "movie_keyword",
                                        "Schema": "public",
                                        "Alias": "mk",
                                        "Startup Cost": 0.0,
                                        "Total Cost": 42695.65,
                                        "Plan Rows": 2481,
                                        "Plan Width": 4,
                                        "Actual Startup Time": 0.739,
                                        "Actual Total Time": 104.835,
                                        "Actual Rows": 2084,
                                        "Actual Loops": 4,
                                        "Output": [
                                            "mk.id",
                                            "mk.movie_id",
                                            "mk.keyword_id"
                                        ],
                                        "Filter": "(mk.keyword_id = 865)",
                                        "Rows Removed by Filter": 1128898,
                                        "Workers": [
                                            {
                                                "Worker Number": 0,
                                                "Actual Startup Time": 0.582,
                                                "Actual Total Time": 98.175,
                                                "Actual Rows": 1652,
                                                "Actual Loops": 1
                                            },
                                            {
                                                "Worker Number": 1,
                                                "Actual Startup Time": 1.374,
                                                "Actual Total Time": 99.902,
                                                "Actual Rows": 1779,
                                                "Actual Loops": 1
                                            },
                                            {
                                                "Worker Number": 2,
                                                "Actual Startup Time": 0.681,
                                                "Actual Total Time": 99.953,
                                                "Actual Rows": 1855,
                                                "Actual Loops": 1
                                            }
                                        ]
                                    },
                                    {
                                        "Node Type": "Index Only Scan",
                                        "Parent Relationship": "Inner",
                                        "Parallel Aware": false,
                                        "Scan Direction": "Forward",
                                        "Index Name": "title_pkey",
                                        "Relation Name": "title",
                                        "Schema": "public",
                                        "Alias": "t",
                                        "Startup Cost": 0.43,
                                        "Total Cost": 6.86,
                                        "Plan Rows": 1,
                                        "Plan Width": 4,
                                        "Actual Startup Time": 0.009,
                                        "Actual Total Time": 0.009,
                                        "Actual Rows": 1,
                                        "Actual Loops": 8337,
                                        "Output": [
                                            "t.id"
                                        ],
                                        "Index Cond": "(t.id = mk.movie_id)",
                                        "Rows Removed by Index Recheck": 0,
                                        "Heap Fetches": 8337,
                                        "Workers": [
                                            {
                                                "Worker Number": 0,
                                                "Actual Startup Time": 0.014,
                                                "Actual Total Time": 0.014,
                                                "Actual Rows": 1,
                                                "Actual Loops": 1652
                                            },
                                            {
                                                "Worker Number": 1,
                                                "Actual Startup Time": 0.012,
                                                "Actual Total Time": 0.012,
                                                "Actual Rows": 1,
                                                "Actual Loops": 1779
                                            },
                                            {
                                                "Worker Number": 2,
                                                "Actual Startup Time": 0.012,
                                                "Actual Total Time": 0.012,
                                                "Actual Rows": 1,
                                                "Actual Loops": 1855
                                            }
                                        ]
                                    }
                                ]
                            }
                        ]
                    }
                ]
            }
        ]
    },
    "Planning Time": 0.674,
    "Triggers": [],
    "Execution Time": 153.588
}