[
    {
        "Bao": {
            "Bao prediction": "NaN",
            "Bao recommended hint": "(no hint)"
        }
    },
    {
        "Plan": {
            "Node Type": "Aggregate",
            "Strategy": "Plain",
            "Partial Mode": "Finalize",
            "Parallel Aware": false,
            "Startup Cost": 45306.15,
            "Total Cost": 45306.16,
            "Plan Rows": 1,
            "Plan Width": 8,
            "Actual Startup Time": 46.51,
            "Actual Total Time": 51.614,
            "Actual Rows": 1,
            "Actual Loops": 1,
            "Output": [
                "count(*)"
            ],
            "Plans": [
                {
                    "Node Type": "Gather",
                    "Parent Relationship": "Outer",
                    "Parallel Aware": false,
                    "Startup Cost": 45305.73,
                    "Total Cost": 45306.14,
                    "Plan Rows": 4,
                    "Plan Width": 8,
                    "Actual Startup Time": 46.208,
                    "Actual Total Time": 51.609,
                    "Actual Rows": 5,
                    "Actual Loops": 1,
                    "Output": [
                        "(PARTIAL count(*))"
                    ],
                    "Workers Planned": 4,
                    "Workers Launched": 4,
                    "Single Copy": false,
                    "Plans": [
                        {
                            "Node Type": "Aggregate",
                            "Strategy": "Plain",
                            "Partial Mode": "Partial",
                            "Parent Relationship": "Outer",
                            "Parallel Aware": false,
                            "Startup Cost": 44305.73,
                            "Total Cost": 44305.74,
                            "Plan Rows": 1,
                            "Plan Width": 8,
                            "Actual Startup Time": 35.665,
                            "Actual Total Time": 35.667,
                            "Actual Rows": 1,
                            "Actual Loops": 5,
                            "Output": [
                                "PARTIAL count(*)"
                            ],
                            "Workers": [
                                {
                                    "Worker Number": 0,
                                    "Actual Startup Time": 32.667,
                                    "Actual Total Time": 32.669,
                                    "Actual Rows": 1,
                                    "Actual Loops": 1
                                },
                                {
                                    "Worker Number": 1,
                                    "Actual Startup Time": 33.115,
                                    "Actual Total Time": 33.117,
                                    "Actual Rows": 1,
                                    "Actual Loops": 1
                                },
                                {
                                    "Worker Number": 2,
                                    "Actual Startup Time": 33.357,
                                    "Actual Total Time": 33.358,
                                    "Actual Rows": 1,
                                    "Actual Loops": 1
                                },
                                {
                                    "Worker Number": 3,
                                    "Actual Startup Time": 33.327,
                                    "Actual Total Time": 33.329,
                                    "Actual Rows": 1,
                                    "Actual Loops": 1
                                }
                            ],
                            "Plans": [
                                {
                                    "Node Type": "Nested Loop",
                                    "Parent Relationship": "Outer",
                                    "Parallel Aware": false,
                                    "Join Type": "Inner",
                                    "Startup Cost": 2107.75,
                                    "Total Cost": 44303.59,
                                    "Plan Rows": 856,
                                    "Plan Width": 0,
                                    "Actual Startup Time": 3.17,
                                    "Actual Total Time": 35.535,
                                    "Actual Rows": 1217,
                                    "Actual Loops": 5,
                                    "Inner Unique": false,
                                    "Join Filter": "(t.id = mi.movie_id)",
                                    "Rows Removed by Join Filter": 0,
                                    "Workers": [
                                        {
                                            "Worker Number": 0,
                                            "Actual Startup Time": 1.377,
                                            "Actual Total Time": 32.537,
                                            "Actual Rows": 615,
                                            "Actual Loops": 1
                                        },
                                        {
                                            "Worker Number": 1,
                                            "Actual Startup Time": 1.973,
                                            "Actual Total Time": 33.014,
                                            "Actual Rows": 536,
                                            "Actual Loops": 1
                                        },
                                        {
                                            "Worker Number": 2,
                                            "Actual Startup Time": 1.465,
                                            "Actual Total Time": 33.25,
                                            "Actual Rows": 660,
                                            "Actual Loops": 1
                                        },
                                        {
                                            "Worker Number": 3,
                                            "Actual Startup Time": 1.408,
                                            "Actual Total Time": 33.207,
                                            "Actual Rows": 655,
                                            "Actual Loops": 1
                                        }
                                    ],
                                    "Plans": [
                                        {
                                            "Node Type": "Nested Loop",
                                            "Parent Relationship": "Outer",
                                            "Parallel Aware": false,
                                            "Join Type": "Inner",
                                            "Startup Cost": 2107.32,
                                            "Total Cost": 43898.53,
                                            "Plan Rows": 194,
                                            "Plan Width": 8,
                                            "Actual Startup Time": 2.989,
                                            "Actual Total Time": 28.462,
                                            "Actual Rows": 174,
                                            "Actual Loops": 5,
                                            "Output": [
                                                "t.id",
                                                "mc.movie_id"
                                            ],
                                            "Inner Unique": false,
                                            "Workers": [
                                                {
                                                    "Worker Number": 0,
                                                    "Actual Startup Time": 1.164,
                                                    "Actual Total Time": 25.193,
                                                    "Actual Rows": 74,
                                                    "Actual Loops": 1
                                                },
                                                {
                                                    "Worker Number": 1,
                                                    "Actual Startup Time": 1.744,
                                                    "Actual Total Time": 25.479,
                                                    "Actual Rows": 88,
                                                    "Actual Loops": 1
                                                },
                                                {
                                                    "Worker Number": 2,
                                                    "Actual Startup Time": 1.239,
                                                    "Actual Total Time": 26.46,
                                                    "Actual Rows": 73,
                                                    "Actual Loops": 1
                                                },
                                                {
                                                    "Worker Number": 3,
                                                    "Actual Startup Time": 1.193,
                                                    "Actual Total Time": 24.991,
                                                    "Actual Rows": 98,
                                                    "Actual Loops": 1
                                                }
                                            ],
                                            "Plans": [
                                                {
                                                    "Node Type": "Bitmap Heap Scan",
                                                    "Parent Relationship": "Outer",
                                                    "Parallel Aware": true,
                                                    "Relation Name": "title",
                                                    "Schema": "public",
                                                    "Alias": "t",
                                                    "Startup Cost": 2106.89,
                                                    "Total Cost": 38547.98,
                                                    "Plan Rows": 282,
                                                    "Plan Width": 4,
                                                    "Actual Startup Time": 2.522,
                                                    "Actual Total Time": 24.598,
                                                    "Actual Rows": 185,
                                                    "Actual Loops": 5,
                                                    "Output": [
                                                        "t.id",
                                                        "t.title",
                                                        "t.imdb_index",
                                                        "t.kind_id",
                                                        "t.production_year",
                                                        "t.imdb_id",
                                                        "t.phonetic_code",
                                                        "t.episode_of_id",
                                                        "t.season_nr",
                                                        "t.episode_nr",
                                                        "t.series_years",
                                                        "t.md5sum"
                                                    ],
                                                    "Recheck Cond": "(t.kind_id = 4)",
                                                    "Rows Removed by Index Recheck": 0,
                                                    "Filter": "(t.production_year = 1990)",
                                                    "Rows Removed by Filter": 23462,
                                                    "Exact Heap Blocks": 8098,
                                                    "Lossy Heap Blocks": 0,
                                                    "Workers": [
                                                        {
                                                            "Worker Number": 0,
                                                            "Actual Startup Time": 0.95,
                                                            "Actual Total Time": 21.395,
                                                            "Actual Rows": 79,
                                                            "Actual Loops": 1
                                                        },
                                                        {
                                                            "Worker Number": 1,
                                                            "Actual Startup Time": 0.643,
                                                            "Actual Total Time": 21.11,
                                                            "Actual Rows": 102,
                                                            "Actual Loops": 1
                                                        },
                                                        {
                                                            "Worker Number": 2,
                                                            "Actual Startup Time": 1.045,
                                                            "Actual Total Time": 22.73,
                                                            "Actual Rows": 85,
                                                            "Actual Loops": 1
                                                        },
                                                        {
                                                            "Worker Number": 3,
                                                            "Actual Startup Time": 0.6,
                                                            "Actual Total Time": 20.532,
                                                            "Actual Rows": 98,
                                                            "Actual Loops": 1
                                                        }
                                                    ],
                                                    "Plans": [
                                                        {
                                                            "Node Type": "Bitmap Index Scan",
                                                            "Parent Relationship": "Outer",
                                                            "Parallel Aware": false,
                                                            "Index Name": "kind_id_title",
                                                            "Startup Cost": 0.0,
                                                            "Total Cost": 2106.61,
                                                            "Plan Rows": 118157,
                                                            "Plan Width": 0,
                                                            "Actual Startup Time": 7.082,
                                                            "Actual Total Time": 7.083,
                                                            "Actual Rows": 118234,
                                                            "Actual Loops": 1,
                                                            "Index Cond": "(t.kind_id = 4)"
                                                        }
                                                    ]
                                                },
                                                {
                                                    "Node Type": "Index Scan",
                                                    "Parent Relationship": "Inner",
                                                    "Parallel Aware": false,
                                                    "Scan Direction": "Forward",
                                                    "Index Name": "movie_id_movie_companies",
                                                    "Relation Name": "movie_companies",
                                                    "Schema": "public",
                                                    "Alias": "mc",
                                                    "Startup Cost": 0.43,
                                                    "Total Cost": 18.93,
                                                    "Plan Rows": 4,
                                                    "Plan Width": 4,
                                                    "Actual Startup Time": 0.018,
                                                    "Actual Total Time": 0.02,
                                                    "Actual Rows": 1,
                                                    "Actual Loops": 924,
                                                    "Output": [
                                                        "mc.id",
                                                        "mc.movie_id",
                                                        "mc.company_id",
                                                        "mc.company_type_id",
                                                        "mc.note"
                                                    ],
                                                    "Index Cond": "(mc.movie_id = t.id)",
                                                    "Rows Removed by Index Recheck": 0,
                                                    "Filter": "(mc.company_id < 23204)",
                                                    "Rows Removed by Filter": 1,
                                                    "Workers": [
                                                        {
                                                            "Worker Number": 0,
                                                            "Actual Startup Time": 0.041,
                                                            "Actual Total Time": 0.047,
                                                            "Actual Rows": 1,
                                                            "Actual Loops": 79
                                                        },
                                                        {
                                                            "Worker Number": 1,
                                                            "Actual Startup Time": 0.037,
                                                            "Actual Total Time": 0.041,
                                                            "Actual Rows": 1,
                                                            "Actual Loops": 102
                                                        },
                                                        {
                                                            "Worker Number": 2,
                                                            "Actual Startup Time": 0.038,
                                                            "Actual Total Time": 0.042,
                                                            "Actual Rows": 1,
                                                            "Actual Loops": 85
                                                        },
                                                        {
                                                            "Worker Number": 3,
                                                            "Actual Startup Time": 0.038,
                                                            "Actual Total Time": 0.044,
                                                            "Actual Rows": 1,
                                                            "Actual Loops": 98
                                                        }
                                                    ]
                                                }
                                            ]
                                        },
                                        {
                                            "Node Type": "Index Scan",
                                            "Parent Relationship": "Inner",
                                            "Parallel Aware": false,
                                            "Scan Direction": "Forward",
                                            "Index Name": "movie_id_movie_info",
                                            "Relation Name": "movie_info",
                                            "Schema": "public",
                                            "Alias": "mi",
                                            "Startup Cost": 0.43,
                                            "Total Cost": 1.71,
                                            "Plan Rows": 30,
                                            "Plan Width": 4,
                                            "Actual Startup Time": 0.015,
                                            "Actual Total Time": 0.039,
                                            "Actual Rows": 7,
                                            "Actual Loops": 868,
                                            "Output": [
                                                "mi.id",
                                                "mi.movie_id",
                                                "mi.info_type_id",
                                                "mi.info",
                                                "mi.note"
                                            ],
                                            "Index Cond": "(mi.movie_id = mc.movie_id)",
                                            "Rows Removed by Index Recheck": 0,
                                            "Filter": "(mi.info_type_id > 3)",
                                            "Rows Removed by Filter": 3,
                                            "Workers": [
                                                {
                                                    "Worker Number": 0,
                                                    "Actual Startup Time": 0.035,
                                                    "Actual Total Time": 0.096,
                                                    "Actual Rows": 8,
                                                    "Actual Loops": 74
                                                },
                                                {
                                                    "Worker Number": 1,
                                                    "Actual Startup Time": 0.034,
                                                    "Actual Total Time": 0.083,
                                                    "Actual Rows": 6,
                                                    "Actual Loops": 88
                                                },
                                                {
                                                    "Worker Number": 2,
                                                    "Actual Startup Time": 0.034,
                                                    "Actual Total Time": 0.09,
                                                    "Actual Rows": 9,
                                                    "Actual Loops": 73
                                                },
                                                {
                                                    "Worker Number": 3,
                                                    "Actual Startup Time": 0.034,
                                                    "Actual Total Time": 0.081,
                                                    "Actual Rows": 7,
                                                    "Actual Loops": 98
                                                }
                                            ]
                                        }
                                    ]
                                }
                            ]
                        }
                    ]
                }
            ]
        },
        "Planning Time": 181.355,
        "Triggers": [],
        "Execution Time": 51.685
    }
]