[
  {
    "Plan": {
      "Node Type": "Aggregate",
      "Strategy": "Plain",
      "Partial Mode": "Finalize",
      "Parallel Aware": false,
      "Startup Cost": 47021.9,
      "Total Cost": 47021.91,
      "Plan Rows": 1,
      "Plan Width": 8,
      "Actual Startup Time": 178.942,
      "Actual Total Time": 185.687,
      "Actual Rows": 1,
      "Actual Loops": 1,
      "Plans": [
        {
          "Node Type": "Gather",
          "Parent Relationship": "Outer",
          "Parallel Aware": false,
          "Startup Cost": 47021.58,
          "Total Cost": 47021.89,
          "Plan Rows": 3,
          "Plan Width": 8,
          "Actual Startup Time": 178.833,
          "Actual Total Time": 185.68,
          "Actual Rows": 4,
          "Actual Loops": 1,
          "Workers Planned": 3,
          "Workers Launched": 3,
          "Single Copy": false,
          "Plans": [
            {
              "Node Type": "Aggregate",
              "Strategy": "Plain",
              "Partial Mode": "Partial",
              "Parent Relationship": "Outer",
              "Parallel Aware": false,
              "Startup Cost": 46021.58,
              "Total Cost": 46021.59,
              "Plan Rows": 1,
              "Plan Width": 8,
              "Actual Startup Time": 174.025,
              "Actual Total Time": 174.026,
              "Actual Rows": 1,
              "Actual Loops": 4,
              "Plans": [
                {
                  "Node Type": "Seq Scan",
                  "Parent Relationship": "Outer",
                  "Parallel Aware": true,
                  "Relation Name": "movie_keyword",
                  "Alias": "mk",
                  "Startup Cost": 0.0,
                  "Total Cost": 42695.65,
                  "Plan Rows": 1330372,
                  "Plan Width": 0,
                  "Actual Startup Time": 0.034,
                  "Actual Total Time": 124.206,
                  "Actual Rows": 1030990,
                  "Actual Loops": 4,
                  "Filter": "(keyword_id < 43370)",
                  "Rows Removed by Filter": 99993
                }
              ]
            }
          ]
        }
      ]
    },
    "Planning Time": 0.073,
    "Triggers": [],
    "Execution Time": 185.711
  }
]