[
  {
    "Plan": {
      "Node Type": "Aggregate",
      "Strategy": "Plain",
      "Partial Mode": "Finalize",
      "Parallel Aware": false,
      "Startup Cost": 330615.01,
      "Total Cost": 330615.02,
      "Plan Rows": 1,
      "Plan Width": 8,
      "Actual Startup Time": 528.804,
      "Actual Total Time": 572.309,
      "Actual Rows": 1,
      "Actual Loops": 1,
      "Plans": [
        {
          "Node Type": "Gather",
          "Parent Relationship": "Outer",
          "Parallel Aware": false,
          "Startup Cost": 330614.39,
          "Total Cost": 330615.0,
          "Plan Rows": 6,
          "Plan Width": 8,
          "Actual Startup Time": 528.641,
          "Actual Total Time": 572.296,
          "Actual Rows": 7,
          "Actual Loops": 1,
          "Workers Planned": 6,
          "Workers Launched": 6,
          "Single Copy": false,
          "Plans": [
            {
              "Node Type": "Aggregate",
              "Strategy": "Plain",
              "Partial Mode": "Partial",
              "Parent Relationship": "Outer",
              "Parallel Aware": false,
              "Startup Cost": 329614.39,
              "Total Cost": 329614.4,
              "Plan Rows": 1,
              "Plan Width": 8,
              "Actual Startup Time": 523.345,
              "Actual Total Time": 523.346,
              "Actual Rows": 1,
              "Actual Loops": 7,
              "Plans": [
                {
                  "Node Type": "Seq Scan",
                  "Parent Relationship": "Outer",
                  "Parallel Aware": true,
                  "Relation Name": "cast_info",
                  "Alias": "ci",
                  "Startup Cost": 0.0,
                  "Total Cost": 328211.39,
                  "Plan Rows": 561199,
                  "Plan Width": 0,
                  "Actual Startup Time": 395.953,
                  "Actual Total Time": 501.822,
                  "Actual Rows": 470407,
                  "Actual Loops": 7,
                  "Filter": "(person_id > 3455747)",
                  "Rows Removed by Filter": 4707357
                }
              ]
            }
          ]
        }
      ]
    },
    "Planning Time": 0.106,
    "Triggers": [],
    "Execution Time": 572.35
  }
]