[
  {
    "Plan": {
      "Node Type": "Aggregate",
      "Strategy": "Plain",
      "Partial Mode": "Finalize",
      "Parallel Aware": false,
      "Startup Cost": 754951.24,
      "Total Cost": 754951.25,
      "Plan Rows": 1,
      "Plan Width": 64,
      "Actual Startup Time": 4242.404,
      "Actual Total Time": 4433.333,
      "Actual Rows": 1,
      "Actual Loops": 1,
      "Plans": [
        {
          "Node Type": "Gather",
          "Parent Relationship": "Outer",
          "Parallel Aware": false,
          "Startup Cost": 754951.13,
          "Total Cost": 754951.24,
          "Plan Rows": 1,
          "Plan Width": 64,
          "Actual Startup Time": 4242.144,
          "Actual Total Time": 4433.311,
          "Actual Rows": 2,
          "Actual Loops": 1,
          "Workers Planned": 1,
          "Workers Launched": 1,
          "Single Copy": false,
          "Plans": [
            {
              "Node Type": "Aggregate",
              "Strategy": "Plain",
              "Partial Mode": "Partial",
              "Parent Relationship": "Outer",
              "Parallel Aware": false,
              "Startup Cost": 753951.13,
              "Total Cost": 753951.14,
              "Plan Rows": 1,
              "Plan Width": 64,
              "Actual Startup Time": 4235.126,
              "Actual Total Time": 4235.154,
              "Actual Rows": 1,
              "Actual Loops": 2,
              "Plans": [
                {
                  "Node Type": "Hash Join",
                  "Parent Relationship": "Outer",
                  "Parallel Aware": true,
                  "Join Type": "Inner",
                  "Startup Cost": 749040.18,
                  "Total Cost": 753951.12,
                  "Plan Rows": 1,
                  "Plan Width": 32,
                  "Actual Startup Time": 4227.992,
                  "Actual Total Time": 4235.143,
                  "Actual Rows": 8,
                  "Actual Loops": 2,
                  "Inner Unique": false,
                  "Hash Cond": "(cn.id = mc.company_id)",
                  "Plans": [
                    {
                      "Node Type": "Seq Scan",
                      "Parent Relationship": "Outer",
                      "Parallel Aware": true,
                      "Relation Name": "company_name",
                      "Alias": "cn",
                      "Startup Cost": 0.0,
                      "Total Cost": 4722.92,
                      "Plan Rows": 50137,
                      "Plan Width": 4,
                      "Actual Startup Time": 0.019,
                      "Actual Total Time": 13.876,
                      "Actual Rows": 42422,
                      "Actual Loops": 2,
                      "Filter": "((country_code)::text = '[us]'::text)",
                      "Rows Removed by Filter": 75077
                    },
                    {
                      "Node Type": "Hash",
                      "Parent Relationship": "Inner",
                      "Parallel Aware": true,
                      "Startup Cost": 749040.17,
                      "Total Cost": 749040.17,
                      "Plan Rows": 1,
                      "Plan Width": 36,
                      "Actual Startup Time": 4218.21,
                      "Actual Total Time": 4218.237,
                      "Actual Rows": 8,
                      "Actual Loops": 2,
                      "Hash Buckets": 1024,
                      "Original Hash Buckets": 1024,
                      "Hash Batches": 1,
                      "Original Hash Batches": 1,
                      "Peak Memory Usage": 72,
                      "Plans": [
                        {
                          "Node Type": "Hash Join",
                          "Parent Relationship": "Outer",
                          "Parallel Aware": true,
                          "Join Type": "Inner",
                          "Startup Cost": 715402.2,
                          "Total Cost": 749040.17,
                          "Plan Rows": 1,
                          "Plan Width": 36,
                          "Actual Startup Time": 4054.762,
                          "Actual Total Time": 4218.163,
                          "Actual Rows": 8,
                          "Actual Loops": 2,
                          "Inner Unique": false,
                          "Hash Cond": "(mc.movie_id = t.id)",
                          "Plans": [
                            {
                              "Node Type": "Seq Scan",
                              "Parent Relationship": "Outer",
                              "Parallel Aware": true,
                              "Relation Name": "movie_companies",
                              "Alias": "mc",
                              "Startup Cost": 0.0,
                              "Total Cost": 33518.95,
                              "Plan Rows": 31735,
                              "Plan Width": 8,
                              "Actual Startup Time": 0.017,
                              "Actual Total Time": 176.309,
                              "Actual Rows": 99260,
                              "Actual Loops": 2,
                              "Filter": "((note ~~ '%(200%)%'::text) AND ((note ~~ '%(USA)%'::text) OR (note ~~ '%(worldwide)%'::text)))",
                              "Rows Removed by Filter": 1205305
                            },
                            {
                              "Node Type": "Hash",
                              "Parent Relationship": "Inner",
                              "Parallel Aware": true,
                              "Startup Cost": 715402.18,
                              "Total Cost": 715402.18,
                              "Plan Rows": 1,
                              "Plan Width": 44,
                              "Actual Startup Time": 4035.816,
                              "Actual Total Time": 4035.841,
                              "Actual Rows": 8,
                              "Actual Loops": 2,
                              "Hash Buckets": 1024,
                              "Original Hash Buckets": 1024,
                              "Hash Batches": 1,
                              "Original Hash Batches": 1,
                              "Peak Memory Usage": 40,
                              "Plans": [
                                {
                                  "Node Type": "Hash Join",
                                  "Parent Relationship": "Outer",
                                  "Parallel Aware": true,
                                  "Join Type": "Inner",
                                  "Startup Cost": 668130.92,
                                  "Total Cost": 715402.18,
                                  "Plan Rows": 1,
                                  "Plan Width": 44,
                                  "Actual Startup Time": 3906.186,
                                  "Actual Total Time": 4035.816,
                                  "Actual Rows": 8,
                                  "Actual Loops": 2,
                                  "Inner Unique": false,
                                  "Hash Cond": "(chn.id = ci.person_role_id)",
                                  "Plans": [
                                    {
                                      "Node Type": "Seq Scan",
                                      "Parent Relationship": "Outer",
                                      "Parallel Aware": true,
                                      "Relation Name": "char_name",
                                      "Alias": "chn",
                                      "Startup Cost": 0.0,
                                      "Total Cost": 44325.46,
                                      "Plan Rows": 785546,
                                      "Plan Width": 4,
                                      "Actual Startup Time": 0.007,
                                      "Actual Total Time": 172.734,
                                      "Actual Rows": 1570170,
                                      "Actual Loops": 2
                                    },
                                    {
                                      "Node Type": "Hash",
                                      "Parent Relationship": "Inner",
                                      "Parallel Aware": true,
                                      "Startup Cost": 668130.91,
                                      "Total Cost": 668130.91,
                                      "Plan Rows": 1,
                                      "Plan Width": 48,
                                      "Actual Startup Time": 3772.989,
                                      "Actual Total Time": 3773.011,
                                      "Actual Rows": 8,
                                      "Actual Loops": 2,
                                      "Hash Buckets": 1024,
                                      "Original Hash Buckets": 1024,
                                      "Hash Batches": 1,
                                      "Original Hash Batches": 1,
                                      "Peak Memory Usage": 40,
                                      "Plans": [
                                        {
                                          "Node Type": "Hash Join",
                                          "Parent Relationship": "Outer",
                                          "Parallel Aware": true,
                                          "Join Type": "Inner",
                                          "Startup Cost": 653064.08,
                                          "Total Cost": 668130.91,
                                          "Plan Rows": 1,
                                          "Plan Width": 48,
                                          "Actual Startup Time": 3737.529,
                                          "Actual Total Time": 3772.962,
                                          "Actual Rows": 8,
                                          "Actual Loops": 2,
                                          "Inner Unique": false,
                                          "Hash Cond": "(n.id = ci.person_id)",
                                          "Plans": [
                                            {
                                              "Node Type": "Hash Join",
                                              "Parent Relationship": "Outer",
                                              "Parallel Aware": true,
                                              "Join Type": "Inner",
                                              "Startup Cost": 71240.4,
                                              "Total Cost": 86307.19,
                                              "Plan Rows": 7,
                                              "Plan Width": 23,
                                              "Actual Startup Time": 333.251,
                                              "Actual Total Time": 390.058,
                                              "Actual Rows": 14,
                                              "Actual Loops": 2,
                                              "Inner Unique": true,
                                              "Hash Cond": "(an.person_id = n.id)",
                                              "Plans": [
                                                {
                                                  "Node Type": "Seq Scan",
                                                  "Parent Relationship": "Outer",
                                                  "Parallel Aware": true,
                                                  "Relation Name": "aka_name",
                                                  "Alias": "an",
                                                  "Startup Cost": 0.0,
                                                  "Total Cost": 14303.56,
                                                  "Plan Rows": 290756,
                                                  "Plan Width": 4,
                                                  "Actual Startup Time": 0.029,
                                                  "Actual Total Time": 56.067,
                                                  "Actual Rows": 450672,
                                                  "Actual Loops": 2
                                                },
                                                {
                                                  "Node Type": "Hash",
                                                  "Parent Relationship": "Inner",
                                                  "Parallel Aware": true,
                                                  "Startup Cost": 71240.1,
                                                  "Total Cost": 71240.1,
                                                  "Plan Rows": 24,
                                                  "Plan Width": 19,
                                                  "Actual Startup Time": 306.042,
                                                  "Actual Total Time": 306.043,
                                                  "Actual Rows": 23,
                                                  "Actual Loops": 2,
                                                  "Hash Buckets": 1024,
                                                  "Original Hash Buckets": 1024,
                                                  "Hash Batches": 1,
                                                  "Original Hash Batches": 1,
                                                  "Peak Memory Usage": 72,
                                                  "Plans": [
                                                    {
                                                      "Node Type": "Seq Scan",
                                                      "Parent Relationship": "Outer",
                                                      "Parallel Aware": true,
                                                      "Relation Name": "name",
                                                      "Alias": "n",
                                                      "Startup Cost": 0.0,
                                                      "Total Cost": 71240.1,
                                                      "Plan Rows": 24,
                                                      "Plan Width": 19,
                                                      "Actual Startup Time": 141.564,
                                                      "Actual Total Time": 306.0,
                                                      "Actual Rows": 23,
                                                      "Actual Loops": 2,
                                                      "Filter": "((name ~~ '%Clinton,%'::text) AND ((gender)::text = 'f'::text))",
                                                      "Rows Removed by Filter": 2083722
                                                    }
                                                  ]
                                                }
                                              ]
                                            },
                                            {
                                              "Node Type": "Hash",
                                              "Parent Relationship": "Inner",
                                              "Parallel Aware": true,
                                              "Startup Cost": 581823.66,
                                              "Total Cost": 581823.66,
                                              "Plan Rows": 1,
                                              "Plan Width": 37,
                                              "Actual Startup Time": 3382.807,
                                              "Actual Total Time": 3382.821,
                                              "Actual Rows": 4,
                                              "Actual Loops": 2,
                                              "Hash Buckets": 1024,
                                              "Original Hash Buckets": 1024,
                                              "Hash Batches": 1,
                                              "Original Hash Batches": 1,
                                              "Peak Memory Usage": 72,
                                              "Plans": [
                                                {
                                                  "Node Type": "Hash Join",
                                                  "Parent Relationship": "Outer",
                                                  "Parallel Aware": true,
                                                  "Join Type": "Inner",
                                                  "Startup Cost": 375313.04,
                                                  "Total Cost": 581823.66,
                                                  "Plan Rows": 1,
                                                  "Plan Width": 37,
                                                  "Actual Startup Time": 2550.409,
                                                  "Actual Total Time": 3382.775,
                                                  "Actual Rows": 4,
                                                  "Actual Loops": 2,
                                                  "Inner Unique": false,
                                                  "Hash Cond": "(mi.movie_id = t.id)",
                                                  "Plans": [
                                                    {
                                                      "Node Type": "Hash Join",
                                                      "Parent Relationship": "Outer",
                                                      "Parallel Aware": false,
                                                      "Join Type": "Inner",
                                                      "Startup Cost": 2.43,
                                                      "Total Cost": 206513.03,
                                                      "Plan Rows": 3,
                                                      "Plan Width": 4,
                                                      "Actual Startup Time": 358.373,
                                                      "Actual Total Time": 1258.218,
                                                      "Actual Rows": 34739,
                                                      "Actual Loops": 2,
                                                      "Inner Unique": true,
                                                      "Hash Cond": "(mi.info_type_id = it.id)",
                                                      "Plans": [
                                                        {
                                                          "Node Type": "Seq Scan",
                                                          "Parent Relationship": "Outer",
                                                          "Parallel Aware": true,
                                                          "Relation Name": "movie_info",
                                                          "Alias": "mi",
                                                          "Startup Cost": 0.0,
                                                          "Total Cost": 206509.76,
                                                          "Plan Rows": 309,
                                                          "Plan Width": 8,
                                                          "Actual Startup Time": 358.271,
                                                          "Actual Total Time": 1251.192,
                                                          "Actual Rows": 34739,
                                                          "Actual Loops": 2,
                                                          "Filter": "((info IS NOT NULL) AND ((info ~~ 'Japan:%2007%'::text) OR (info ~~ 'USA:%2008%'::text)))",
                                                          "Rows Removed by Filter": 7383121
                                                        },
                                                        {
                                                          "Node Type": "Hash",
                                                          "Parent Relationship": "Inner",
                                                          "Parallel Aware": false,
                                                          "Startup Cost": 2.41,
                                                          "Total Cost": 2.41,
                                                          "Plan Rows": 1,
                                                          "Plan Width": 4,
                                                          "Actual Startup Time": 0.053,
                                                          "Actual Total Time": 0.054,
                                                          "Actual Rows": 1,
                                                          "Actual Loops": 2,
                                                          "Hash Buckets": 1024,
                                                          "Original Hash Buckets": 1024,
                                                          "Hash Batches": 1,
                                                          "Original Hash Batches": 1,
                                                          "Peak Memory Usage": 9,
                                                          "Plans": [
                                                            {
                                                              "Node Type": "Seq Scan",
                                                              "Parent Relationship": "Outer",
                                                              "Parallel Aware": false,
                                                              "Relation Name": "info_type",
                                                              "Alias": "it",
                                                              "Startup Cost": 0.0,
                                                              "Total Cost": 2.41,
                                                              "Plan Rows": 1,
                                                              "Plan Width": 4,
                                                              "Actual Startup Time": 0.038,
                                                              "Actual Total Time": 0.044,
                                                              "Actual Rows": 1,
                                                              "Actual Loops": 2,
                                                              "Filter": "((info)::text = 'release dates'::text)",
                                                              "Rows Removed by Filter": 112
                                                            }
                                                          ]
                                                        }
                                                      ]
                                                    },
                                                    {
                                                      "Node Type": "Hash",
                                                      "Parent Relationship": "Inner",
                                                      "Parallel Aware": true,
                                                      "Startup Cost": 375310.6,
                                                      "Total Cost": 375310.6,
                                                      "Plan Rows": 1,
                                                      "Plan Width": 33,
                                                      "Actual Startup Time": 2121.358,
                                                      "Actual Total Time": 2121.367,
                                                      "Actual Rows": 4,
                                                      "Actual Loops": 2,
                                                      "Hash Buckets": 1024,
                                                      "Original Hash Buckets": 1024,
                                                      "Hash Batches": 1,
                                                      "Original Hash Batches": 1,
                                                      "Peak Memory Usage": 72,
                                                      "Plans": [
                                                        {
                                                          "Node Type": "Hash Join",
                                                          "Parent Relationship": "Outer",
                                                          "Parallel Aware": false,
                                                          "Join Type": "Inner",
                                                          "Startup Cost": 47060.5,
                                                          "Total Cost": 375310.6,
                                                          "Plan Rows": 1,
                                                          "Plan Width": 33,
                                                          "Actual Startup Time": 985.497,
                                                          "Actual Total Time": 2121.306,
                                                          "Actual Rows": 4,
                                                          "Actual Loops": 2,
                                                          "Inner Unique": true,
                                                          "Hash Cond": "(ci.role_id = rt.id)",
                                                          "Plans": [
                                                            {
                                                              "Node Type": "Hash Join",
                                                              "Parent Relationship": "Outer",
                                                              "Parallel Aware": true,
                                                              "Join Type": "Inner",
                                                              "Startup Cost": 47059.34,
                                                              "Total Cost": 375309.43,
                                                              "Plan Rows": 2,
                                                              "Plan Width": 37,
                                                              "Actual Startup Time": 488.848,
                                                              "Actual Total Time": 2121.176,
                                                              "Actual Rows": 9,
                                                              "Actual Loops": 2,
                                                              "Inner Unique": true,
                                                              "Hash Cond": "(ci.movie_id = t.id)",
                                                              "Plans": [
                                                                {
                                                                  "Node Type": "Seq Scan",
                                                                  "Parent Relationship": "Outer",
                                                                  "Parallel Aware": true,
                                                                  "Relation Name": "cast_info",
                                                                  "Alias": "ci",
                                                                  "Startup Cost": 0.0,
                                                                  "Total Cost": 328163.97,
                                                                  "Plan Rows": 32807,
                                                                  "Plan Width": 16,
                                                                  "Actual Startup Time": 0.018,
                                                                  "Actual Total Time": 1824.655,
                                                                  "Actual Rows": 93207,
                                                                  "Actual Loops": 2,
                                                                  "Filter": "(note = '(archive footage)'::text)",
                                                                  "Rows Removed by Filter": 18028965
                                                                },
                                                                {
                                                                  "Node Type": "Hash",
                                                                  "Parent Relationship": "Inner",
                                                                  "Parallel Aware": true,
                                                                  "Startup Cost": 47058.86,
                                                                  "Total Cost": 47058.86,
                                                                  "Plan Rows": 38,
                                                                  "Plan Width": 21,
                                                                  "Actual Startup Time": 282.874,
                                                                  "Actual Total Time": 282.875,
                                                                  "Actual Rows": 39,
                                                                  "Actual Loops": 2,
                                                                  "Hash Buckets": 1024,
                                                                  "Original Hash Buckets": 1024,
                                                                  "Hash Batches": 1,
                                                                  "Original Hash Batches": 1,
                                                                  "Peak Memory Usage": 72,
                                                                  "Plans": [
                                                                    {
                                                                      "Node Type": "Seq Scan",
                                                                      "Parent Relationship": "Outer",
                                                                      "Parallel Aware": true,
                                                                      "Relation Name": "title",
                                                                      "Alias": "t",
                                                                      "Startup Cost": 0.0,
                                                                      "Total Cost": 47058.86,
                                                                      "Plan Rows": 38,
                                                                      "Plan Width": 21,
                                                                      "Actual Startup Time": 3.153,
                                                                      "Actual Total Time": 282.777,
                                                                      "Actual Rows": 39,
                                                                      "Actual Loops": 2,
                                                                      "Filter": "((title ~~ '%(2008-02-11)%'::text) AND (production_year >= 1995) AND (production_year <= 2013))",
                                                                      "Rows Removed by Filter": 1264117
                                                                    }
                                                                  ]
                                                                }
                                                              ]
                                                            },
                                                            {
                                                              "Node Type": "Hash",
                                                              "Parent Relationship": "Inner",
                                                              "Parallel Aware": false,
                                                              "Startup Cost": 1.15,
                                                              "Total Cost": 1.15,
                                                              "Plan Rows": 1,
                                                              "Plan Width": 4,
                                                              "Actual Startup Time": 0.074,
                                                              "Actual Total Time": 0.075,
                                                              "Actual Rows": 1,
                                                              "Actual Loops": 2,
                                                              "Hash Buckets": 1024,
                                                              "Original Hash Buckets": 1024,
                                                              "Hash Batches": 1,
                                                              "Original Hash Batches": 1,
                                                              "Peak Memory Usage": 9,
                                                              "Plans": [
                                                                {
                                                                  "Node Type": "Seq Scan",
                                                                  "Parent Relationship": "Outer",
                                                                  "Parallel Aware": false,
                                                                  "Relation Name": "role_type",
                                                                  "Alias": "rt",
                                                                  "Startup Cost": 0.0,
                                                                  "Total Cost": 1.15,
                                                                  "Plan Rows": 1,
                                                                  "Plan Width": 4,
                                                                  "Actual Startup Time": 0.048,
                                                                  "Actual Total Time": 0.052,
                                                                  "Actual Rows": 1,
                                                                  "Actual Loops": 2,
                                                                  "Filter": "((role)::text = 'actress'::text)",
                                                                  "Rows Removed by Filter": 11
                                                                }
                                                              ]
                                                            }
                                                          ]
                                                        }
                                                      ]
                                                    }
                                                  ]
                                                }
                                              ]
                                            }
                                          ]
                                        }
                                      ]
                                    }
                                  ]
                                }
                              ]
                            }
                          ]
                        }
                      ]
                    }
                  ]
                }
              ]
            }
          ]
        }
      ]
    },
    "Planning Time": 39.686,
    "Triggers": [],
    "Execution Time": 4433.776
  }
]