[
    {
        "Bao": {
            "Bao prediction": "NaN",
            "Bao recommended hint": "(no hint)"
        }
    },
    {
        "Plan": {
            "Node Type": "Aggregate",
            "Strategy": "Plain",
            "Partial Mode": "Finalize",
            "Parallel Aware": false,
            "Startup Cost": 56959.46,
            "Total Cost": 56959.47,
            "Plan Rows": 1,
            "Plan Width": 8,
            "Actual Startup Time": 108.693,
            "Actual Total Time": 120.372,
            "Actual Rows": 1,
            "Actual Loops": 1,
            "Output": [
                "count(*)"
            ],
            "Plans": [
                {
                    "Node Type": "Gather",
                    "Parent Relationship": "Outer",
                    "Parallel Aware": false,
                    "Startup Cost": 56959.04,
                    "Total Cost": 56959.45,
                    "Plan Rows": 4,
                    "Plan Width": 8,
                    "Actual Startup Time": 108.601,
                    "Actual Total Time": 120.364,
                    "Actual Rows": 5,
                    "Actual Loops": 1,
                    "Output": [
                        "(PARTIAL count(*))"
                    ],
                    "Workers Planned": 4,
                    "Workers Launched": 4,
                    "Single Copy": false,
                    "Plans": [
                        {
                            "Node Type": "Aggregate",
                            "Strategy": "Plain",
                            "Partial Mode": "Partial",
                            "Parent Relationship": "Outer",
                            "Parallel Aware": false,
                            "Startup Cost": 55959.04,
                            "Total Cost": 55959.05,
                            "Plan Rows": 1,
                            "Plan Width": 8,
                            "Actual Startup Time": 98.834,
                            "Actual Total Time": 98.835,
                            "Actual Rows": 1,
                            "Actual Loops": 5,
                            "Output": [
                                "PARTIAL count(*)"
                            ],
                            "Workers": [
                                {
                                    "Worker Number": 0,
                                    "Actual Startup Time": 95.985,
                                    "Actual Total Time": 95.987,
                                    "Actual Rows": 1,
                                    "Actual Loops": 1
                                },
                                {
                                    "Worker Number": 1,
                                    "Actual Startup Time": 96.32,
                                    "Actual Total Time": 96.321,
                                    "Actual Rows": 1,
                                    "Actual Loops": 1
                                },
                                {
                                    "Worker Number": 2,
                                    "Actual Startup Time": 96.526,
                                    "Actual Total Time": 96.528,
                                    "Actual Rows": 1,
                                    "Actual Loops": 1
                                },
                                {
                                    "Worker Number": 3,
                                    "Actual Startup Time": 97.11,
                                    "Actual Total Time": 97.111,
                                    "Actual Rows": 1,
                                    "Actual Loops": 1
                                }
                            ],
                            "Plans": [
                                {
                                    "Node Type": "Nested Loop",
                                    "Parent Relationship": "Outer",
                                    "Parallel Aware": false,
                                    "Join Type": "Inner",
                                    "Startup Cost": 0.43,
                                    "Total Cost": 55957.0,
                                    "Plan Rows": 814,
                                    "Plan Width": 0,
                                    "Actual Startup Time": 60.127,
                                    "Actual Total Time": 98.812,
                                    "Actual Rows": 99,
                                    "Actual Loops": 5,
                                    "Inner Unique": false,
                                    "Workers": [
                                        {
                                            "Worker Number": 0,
                                            "Actual Startup Time": 56.809,
                                            "Actual Total Time": 95.962,
                                            "Actual Rows": 88,
                                            "Actual Loops": 1
                                        },
                                        {
                                            "Worker Number": 1,
                                            "Actual Startup Time": 58.274,
                                            "Actual Total Time": 96.299,
                                            "Actual Rows": 74,
                                            "Actual Loops": 1
                                        },
                                        {
                                            "Worker Number": 2,
                                            "Actual Startup Time": 59.453,
                                            "Actual Total Time": 96.508,
                                            "Actual Rows": 106,
                                            "Actual Loops": 1
                                        },
                                        {
                                            "Worker Number": 3,
                                            "Actual Startup Time": 57.51,
                                            "Actual Total Time": 97.088,
                                            "Actual Rows": 82,
                                            "Actual Loops": 1
                                        }
                                    ],
                                    "Plans": [
                                        {
                                            "Node Type": "Seq Scan",
                                            "Parent Relationship": "Outer",
                                            "Parallel Aware": true,
                                            "Relation Name": "title",
                                            "Schema": "public",
                                            "Alias": "t",
                                            "Startup Cost": 0.0,
                                            "Total Cost": 43899.01,
                                            "Plan Rows": 2233,
                                            "Plan Width": 4,
                                            "Actual Startup Time": 58.991,
                                            "Actual Total Time": 87.467,
                                            "Actual Rows": 1625,
                                            "Actual Loops": 5,
                                            "Output": [
                                                "t.id",
                                                "t.title",
                                                "t.imdb_index",
                                                "t.kind_id",
                                                "t.production_year",
                                                "t.imdb_id",
                                                "t.phonetic_code",
                                                "t.episode_of_id",
                                                "t.season_nr",
                                                "t.episode_nr",
                                                "t.series_years",
                                                "t.md5sum"
                                            ],
                                            "Filter": "(t.production_year = 1914)",
                                            "Rows Removed by Filter": 504037,
                                            "Workers": [
                                                {
                                                    "Worker Number": 0,
                                                    "Actual Startup Time": 56.152,
                                                    "Actual Total Time": 83.453,
                                                    "Actual Rows": 1214,
                                                    "Actual Loops": 1
                                                },
                                                {
                                                    "Worker Number": 1,
                                                    "Actual Startup Time": 56.513,
                                                    "Actual Total Time": 83.895,
                                                    "Actual Rows": 1251,
                                                    "Actual Loops": 1
                                                },
                                                {
                                                    "Worker Number": 2,
                                                    "Actual Startup Time": 56.663,
                                                    "Actual Total Time": 84.266,
                                                    "Actual Rows": 1975,
                                                    "Actual Loops": 1
                                                },
                                                {
                                                    "Worker Number": 3,
                                                    "Actual Startup Time": 57.268,
                                                    "Actual Total Time": 84.796,
                                                    "Actual Rows": 1208,
                                                    "Actual Loops": 1
                                                }
                                            ]
                                        },
                                        {
                                            "Node Type": "Index Scan",
                                            "Parent Relationship": "Inner",
                                            "Parallel Aware": false,
                                            "Scan Direction": "Forward",
                                            "Index Name": "movie_id_movie_info_idx",
                                            "Relation Name": "movie_info_idx",
                                            "Schema": "public",
                                            "Alias": "mi_idx",
                                            "Startup Cost": 0.43,
                                            "Total Cost": 5.38,
                                            "Plan Rows": 2,
                                            "Plan Width": 4,
                                            "Actual Startup Time": 0.006,
                                            "Actual Total Time": 0.006,
                                            "Actual Rows": 0,
                                            "Actual Loops": 8125,
                                            "Output": [
                                                "mi_idx.id",
                                                "mi_idx.movie_id",
                                                "mi_idx.info_type_id",
                                                "mi_idx.info",
                                                "mi_idx.note"
                                            ],
                                            "Index Cond": "(mi_idx.movie_id = t.id)",
                                            "Rows Removed by Index Recheck": 0,
                                            "Filter": "(mi_idx.info_type_id < 101)",
                                            "Rows Removed by Filter": 0,
                                            "Workers": [
                                                {
                                                    "Worker Number": 0,
                                                    "Actual Startup Time": 0.01,
                                                    "Actual Total Time": 0.01,
                                                    "Actual Rows": 0,
                                                    "Actual Loops": 1214
                                                },
                                                {
                                                    "Worker Number": 1,
                                                    "Actual Startup Time": 0.009,
                                                    "Actual Total Time": 0.009,
                                                    "Actual Rows": 0,
                                                    "Actual Loops": 1251
                                                },
                                                {
                                                    "Worker Number": 2,
                                                    "Actual Startup Time": 0.006,
                                                    "Actual Total Time": 0.006,
                                                    "Actual Rows": 0,
                                                    "Actual Loops": 1975
                                                },
                                                {
                                                    "Worker Number": 3,
                                                    "Actual Startup Time": 0.009,
                                                    "Actual Total Time": 0.009,
                                                    "Actual Rows": 0,
                                                    "Actual Loops": 1208
                                                }
                                            ]
                                        }
                                    ]
                                }
                            ]
                        }
                    ]
                }
            ]
        },
        "Planning Time": 306.841,
        "Triggers": [],
        "Execution Time": 120.429
    }
]