[
  {
    "Plan": {
      "Node Type": "Aggregate",
      "Strategy": "Plain",
      "Partial Mode": "Finalize",
      "Parallel Aware": false,
      "Startup Cost": 444855.7,
      "Total Cost": 444855.71,
      "Plan Rows": 1,
      "Plan Width": 8,
      "Actual Startup Time": 1984.373,
      "Actual Total Time": 2049.718,
      "Actual Rows": 1,
      "Actual Loops": 1,
      "Plans": [
        {
          "Node Type": "Gather",
          "Parent Relationship": "Outer",
          "Parallel Aware": false,
          "Startup Cost": 444855.07,
          "Total Cost": 444855.68,
          "Plan Rows": 6,
          "Plan Width": 8,
          "Actual Startup Time": 1962.95,
          "Actual Total Time": 2049.705,
          "Actual Rows": 7,
          "Actual Loops": 1,
          "Workers Planned": 6,
          "Workers Launched": 6,
          "Single Copy": false,
          "Plans": [
            {
              "Node Type": "Aggregate",
              "Strategy": "Plain",
              "Partial Mode": "Partial",
              "Parent Relationship": "Outer",
              "Parallel Aware": false,
              "Startup Cost": 443855.07,
              "Total Cost": 443855.08,
              "Plan Rows": 1,
              "Plan Width": 8,
              "Actual Startup Time": 1951.059,
              "Actual Total Time": 1951.264,
              "Actual Rows": 1,
              "Actual Loops": 7,
              "Plans": [
                {
                  "Node Type": "Hash Join",
                  "Parent Relationship": "Outer",
                  "Parallel Aware": true,
                  "Join Type": "Inner",
                  "Startup Cost": 83717.98,
                  "Total Cost": 441188.02,
                  "Plan Rows": 1066820,
                  "Plan Width": 0,
                  "Actual Startup Time": 575.401,
                  "Actual Total Time": 1876.06,
                  "Actual Rows": 1895137,
                  "Actual Loops": 7,
                  "Inner Unique": false,
                  "Hash Cond": "(ci.movie_id = t.id)",
                  "Plans": [
                    {
                      "Node Type": "Seq Scan",
                      "Parent Relationship": "Outer",
                      "Parallel Aware": true,
                      "Relation Name": "cast_info",
                      "Alias": "ci",
                      "Startup Cost": 0.0,
                      "Total Cost": 343257.03,
                      "Plan Rows": 2872443,
                      "Plan Width": 4,
                      "Actual Startup Time": 197.633,
                      "Actual Total Time": 655.041,
                      "Actual Rows": 2966846,
                      "Actual Loops": 7,
                      "Filter": "((person_id > 983999) AND (role_id > 1))",
                      "Rows Removed by Filter": 2210917
                    },
                    {
                      "Node Type": "Hash",
                      "Parent Relationship": "Inner",
                      "Parallel Aware": true,
                      "Startup Cost": 79931.68,
                      "Total Cost": 79931.68,
                      "Plan Rows": 302904,
                      "Plan Width": 8,
                      "Actual Startup Time": 374.299,
                      "Actual Total Time": 374.503,
                      "Actual Rows": 145098,
                      "Actual Loops": 7,
                      "Hash Buckets": 1048576,
                      "Original Hash Buckets": 1048576,
                      "Hash Batches": 1,
                      "Original Hash Batches": 1,
                      "Peak Memory Usage": 48032,
                      "Plans": [
                        {
                          "Node Type": "Hash Join",
                          "Parent Relationship": "Outer",
                          "Parallel Aware": true,
                          "Join Type": "Inner",
                          "Startup Cost": 49499.24,
                          "Total Cost": 79931.68,
                          "Plan Rows": 302904,
                          "Plan Width": 8,
                          "Actual Startup Time": 226.833,
                          "Actual Total Time": 319.109,
                          "Actual Rows": 145098,
                          "Actual Loops": 7,
                          "Inner Unique": true,
                          "Hash Cond": "(mc.movie_id = t.id)",
                          "Plans": [
                            {
                              "Node Type": "Seq Scan",
                              "Parent Relationship": "Outer",
                              "Parallel Aware": true,
                              "Relation Name": "movie_companies",
                              "Alias": "mc",
                              "Startup Cost": 0.0,
                              "Total Cost": 29310.68,
                              "Plan Rows": 427336,
                              "Plan Width": 4,
                              "Actual Startup Time": 20.934,
                              "Actual Total Time": 45.481,
                              "Actual Rows": 190698,
                              "Actual Loops": 7,
                              "Filter": "(company_type_id > 1)",
                              "Rows Removed by Filter": 182035
                            },
                            {
                              "Node Type": "Hash",
                              "Parent Relationship": "Inner",
                              "Parallel Aware": true,
                              "Startup Cost": 43898.92,
                              "Total Cost": 43898.92,
                              "Plan Rows": 448026,
                              "Plan Width": 4,
                              "Actual Startup Time": 203.095,
                              "Actual Total Time": 203.097,
                              "Actual Rows": 256308,
                              "Actual Loops": 7,
                              "Hash Buckets": 2097152,
                              "Original Hash Buckets": 2097152,
                              "Hash Batches": 1,
                              "Original Hash Batches": 1,
                              "Peak Memory Usage": 86656,
                              "Plans": [
                                {
                                  "Node Type": "Seq Scan",
                                  "Parent Relationship": "Outer",
                                  "Parallel Aware": true,
                                  "Relation Name": "title",
                                  "Alias": "t",
                                  "Startup Cost": 0.0,
                                  "Total Cost": 43898.92,
                                  "Plan Rows": 448026,
                                  "Plan Width": 4,
                                  "Actual Startup Time": 0.041,
                                  "Actual Total Time": 80.162,
                                  "Actual Rows": 256308,
                                  "Actual Loops": 7,
                                  "Filter": "(production_year < 2009)",
                                  "Rows Removed by Filter": 104880
                                }
                              ]
                            }
                          ]
                        }
                      ]
                    }
                  ]
                }
              ]
            }
          ]
        }
      ]
    },
    "Planning Time": 1.588,
    "Triggers": [],
    "Execution Time": 2049.823
  }
]