{
    "Plan": {
        "Node Type": "Aggregate",
        "Strategy": "Plain",
        "Partial Mode": "Finalize",
        "Parallel Aware": false,
        "Startup Cost": 378322.42,
        "Total Cost": 378322.43,
        "Plan Rows": 1,
        "Plan Width": 8,
        "Actual Startup Time": 845.528,
        "Actual Total Time": 892.978,
        "Actual Rows": 1,
        "Actual Loops": 1,
        "Output": [
            "count(*)"
        ],
        "Plans": [
            {
                "Node Type": "Gather",
                "Parent Relationship": "Outer",
                "Parallel Aware": false,
                "Startup Cost": 378321.8,
                "Total Cost": 378322.41,
                "Plan Rows": 6,
                "Plan Width": 8,
                "Actual Startup Time": 837.773,
                "Actual Total Time": 892.966,
                "Actual Rows": 7,
                "Actual Loops": 1,
                "Output": [
                    "(PARTIAL count(*))"
                ],
                "Workers Planned": 6,
                "Workers Launched": 6,
                "Single Copy": false,
                "Plans": [
                    {
                        "Node Type": "Aggregate",
                        "Strategy": "Plain",
                        "Partial Mode": "Partial",
                        "Parent Relationship": "Outer",
                        "Parallel Aware": false,
                        "Startup Cost": 377321.8,
                        "Total Cost": 377321.81,
                        "Plan Rows": 1,
                        "Plan Width": 8,
                        "Actual Startup Time": 827.183,
                        "Actual Total Time": 827.186,
                        "Actual Rows": 1,
                        "Actual Loops": 7,
                        "Output": [
                            "PARTIAL count(*)"
                        ],
                        "Workers": [
                            {
                                "Worker Number": 0,
                                "Actual Startup Time": 824.868,
                                "Actual Total Time": 824.872,
                                "Actual Rows": 1,
                                "Actual Loops": 1
                            },
                            {
                                "Worker Number": 1,
                                "Actual Startup Time": 825.653,
                                "Actual Total Time": 825.656,
                                "Actual Rows": 1,
                                "Actual Loops": 1
                            },
                            {
                                "Worker Number": 2,
                                "Actual Startup Time": 825.484,
                                "Actual Total Time": 825.487,
                                "Actual Rows": 1,
                                "Actual Loops": 1
                            },
                            {
                                "Worker Number": 3,
                                "Actual Startup Time": 825.582,
                                "Actual Total Time": 825.585,
                                "Actual Rows": 1,
                                "Actual Loops": 1
                            },
                            {
                                "Worker Number": 4,
                                "Actual Startup Time": 825.681,
                                "Actual Total Time": 825.684,
                                "Actual Rows": 1,
                                "Actual Loops": 1
                            },
                            {
                                "Worker Number": 5,
                                "Actual Startup Time": 826.159,
                                "Actual Total Time": 826.161,
                                "Actual Rows": 1,
                                "Actual Loops": 1
                            }
                        ],
                        "Plans": [
                            {
                                "Node Type": "Hash Join",
                                "Parent Relationship": "Outer",
                                "Parallel Aware": true,
                                "Join Type": "Inner",
                                "Startup Cost": 47009.89,
                                "Total Cost": 376749.55,
                                "Plan Rows": 228897,
                                "Plan Width": 0,
                                "Actual Startup Time": 538.284,
                                "Actual Total Time": 818.379,
                                "Actual Rows": 183191,
                                "Actual Loops": 7,
                                "Inner Unique": true,
                                "Hash Cond": "(ci.movie_id = t.id)",
                                "Workers": [
                                    {
                                        "Worker Number": 0,
                                        "Actual Startup Time": 536.008,
                                        "Actual Total Time": 815.352,
                                        "Actual Rows": 142245,
                                        "Actual Loops": 1
                                    },
                                    {
                                        "Worker Number": 1,
                                        "Actual Startup Time": 536.003,
                                        "Actual Total Time": 815.979,
                                        "Actual Rows": 144607,
                                        "Actual Loops": 1
                                    },
                                    {
                                        "Worker Number": 2,
                                        "Actual Startup Time": 536.587,
                                        "Actual Total Time": 817.443,
                                        "Actual Rows": 189881,
                                        "Actual Loops": 1
                                    },
                                    {
                                        "Worker Number": 3,
                                        "Actual Startup Time": 537.02,
                                        "Actual Total Time": 817.511,
                                        "Actual Rows": 190378,
                                        "Actual Loops": 1
                                    },
                                    {
                                        "Worker Number": 4,
                                        "Actual Startup Time": 536.902,
                                        "Actual Total Time": 817.466,
                                        "Actual Rows": 193925,
                                        "Actual Loops": 1
                                    },
                                    {
                                        "Worker Number": 5,
                                        "Actual Startup Time": 537.492,
                                        "Actual Total Time": 817.758,
                                        "Actual Rows": 201866,
                                        "Actual Loops": 1
                                    }
                                ],
                                "Plans": [
                                    {
                                        "Node Type": "Seq Scan",
                                        "Parent Relationship": "Outer",
                                        "Parallel Aware": true,
                                        "Relation Name": "cast_info",
                                        "Schema": "public",
                                        "Alias": "ci",
                                        "Startup Cost": 0.0,
                                        "Total Cost": 328213.62,
                                        "Plan Rows": 581350,
                                        "Plan Width": 4,
                                        "Actual Startup Time": 397.709,
                                        "Actual Total Time": 519.748,
                                        "Actual Rows": 504446,
                                        "Actual Loops": 7,
                                        "Output": [
                                            "ci.id",
                                            "ci.person_id",
                                            "ci.movie_id",
                                            "ci.person_role_id",
                                            "ci.note",
                                            "ci.nr_order",
                                            "ci.role_id"
                                        ],
                                        "Filter": "(ci.person_id > 3419831)",
                                        "Rows Removed by Filter": 4673318,
                                        "Workers": [
                                            {
                                                "Worker Number": 0,
                                                "Actual Startup Time": 397.708,
                                                "Actual Total Time": 523.986,
                                                "Actual Rows": 396524,
                                                "Actual Loops": 1
                                            },
                                            {
                                                "Worker Number": 1,
                                                "Actual Startup Time": 397.696,
                                                "Actual Total Time": 524.571,
                                                "Actual Rows": 394482,
                                                "Actual Loops": 1
                                            },
                                            {
                                                "Worker Number": 2,
                                                "Actual Startup Time": 397.72,
                                                "Actual Total Time": 520.444,
                                                "Actual Rows": 527617,
                                                "Actual Loops": 1
                                            },
                                            {
                                                "Worker Number": 3,
                                                "Actual Startup Time": 397.715,
                                                "Actual Total Time": 519.703,
                                                "Actual Rows": 526237,
                                                "Actual Loops": 1
                                            },
                                            {
                                                "Worker Number": 4,
                                                "Actual Startup Time": 397.718,
                                                "Actual Total Time": 521.825,
                                                "Actual Rows": 534504,
                                                "Actual Loops": 1
                                            },
                                            {
                                                "Worker Number": 5,
                                                "Actual Startup Time": 397.712,
                                                "Actual Total Time": 517.505,
                                                "Actual Rows": 553240,
                                                "Actual Loops": 1
                                            }
                                        ]
                                    },
                                    {
                                        "Node Type": "Hash",
                                        "Parent Relationship": "Inner",
                                        "Parallel Aware": true,
                                        "Startup Cost": 43899.01,
                                        "Total Cost": 43899.01,
                                        "Plan Rows": 248871,
                                        "Plan Width": 4,
                                        "Actual Startup Time": 137.259,
                                        "Actual Total Time": 137.26,
                                        "Actual Rows": 140721,
                                        "Actual Loops": 7,
                                        "Output": [
                                            "t.id"
                                        ],
                                        "Hash Buckets": 1048576,
                                        "Original Hash Buckets": 1048576,
                                        "Hash Batches": 1,
                                        "Original Hash Batches": 1,
                                        "Peak Memory Usage": 46848,
                                        "Workers": [
                                            {
                                                "Worker Number": 0,
                                                "Actual Startup Time": 137.556,
                                                "Actual Total Time": 137.557,
                                                "Actual Rows": 108639,
                                                "Actual Loops": 1
                                            },
                                            {
                                                "Worker Number": 1,
                                                "Actual Startup Time": 137.573,
                                                "Actual Total Time": 137.574,
                                                "Actual Rows": 106686,
                                                "Actual Loops": 1
                                            },
                                            {
                                                "Worker Number": 2,
                                                "Actual Startup Time": 138.219,
                                                "Actual Total Time": 138.22,
                                                "Actual Rows": 148188,
                                                "Actual Loops": 1
                                            },
                                            {
                                                "Worker Number": 3,
                                                "Actual Startup Time": 138.307,
                                                "Actual Total Time": 138.308,
                                                "Actual Rows": 147550,
                                                "Actual Loops": 1
                                            },
                                            {
                                                "Worker Number": 4,
                                                "Actual Startup Time": 138.4,
                                                "Actual Total Time": 138.401,
                                                "Actual Rows": 149992,
                                                "Actual Loops": 1
                                            },
                                            {
                                                "Worker Number": 5,
                                                "Actual Startup Time": 138.962,
                                                "Actual Total Time": 138.963,
                                                "Actual Rows": 142874,
                                                "Actual Loops": 1
                                            }
                                        ],
                                        "Plans": [
                                            {
                                                "Node Type": "Seq Scan",
                                                "Parent Relationship": "Outer",
                                                "Parallel Aware": true,
                                                "Relation Name": "title",
                                                "Schema": "public",
                                                "Alias": "t",
                                                "Startup Cost": 0.0,
                                                "Total Cost": 43899.01,
                                                "Plan Rows": 248871,
                                                "Plan Width": 4,
                                                "Actual Startup Time": 0.068,
                                                "Actual Total Time": 77.492,
                                                "Actual Rows": 140721,
                                                "Actual Loops": 7,
                                                "Output": [
                                                    "t.id"
                                                ],
                                                "Filter": "(t.kind_id < 7)",
                                                "Rows Removed by Filter": 220466,
                                                "Workers": [
                                                    {
                                                        "Worker Number": 0,
                                                        "Actual Startup Time": 0.077,
                                                        "Actual Total Time": 78.35,
                                                        "Actual Rows": 108639,
                                                        "Actual Loops": 1
                                                    },
                                                    {
                                                        "Worker Number": 1,
                                                        "Actual Startup Time": 0.075,
                                                        "Actual Total Time": 77.867,
                                                        "Actual Rows": 106686,
                                                        "Actual Loops": 1
                                                    },
                                                    {
                                                        "Worker Number": 2,
                                                        "Actual Startup Time": 0.081,
                                                        "Actual Total Time": 78.433,
                                                        "Actual Rows": 148188,
                                                        "Actual Loops": 1
                                                    },
                                                    {
                                                        "Worker Number": 3,
                                                        "Actual Startup Time": 0.065,
                                                        "Actual Total Time": 78.445,
                                                        "Actual Rows": 147550,
                                                        "Actual Loops": 1
                                                    },
                                                    {
                                                        "Worker Number": 4,
                                                        "Actual Startup Time": 0.085,
                                                        "Actual Total Time": 78.61,
                                                        "Actual Rows": 149992,
                                                        "Actual Loops": 1
                                                    },
                                                    {
                                                        "Worker Number": 5,
                                                        "Actual Startup Time": 0.076,
                                                        "Actual Total Time": 75.798,
                                                        "Actual Rows": 142874,
                                                        "Actual Loops": 1
                                                    }
                                                ]
                                            }
                                        ]
                                    }
                                ]
                            }
                        ]
                    }
                ]
            }
        ]
    },
    "Planning Time": 0.742,
    "Triggers": [],
    "Execution Time": 893.074
}