[
    {
        "Bao": {
            "Bao prediction": "NaN",
            "Bao recommended hint": "(no hint)"
        }
    },
    {
        "Plan": {
            "Node Type": "Aggregate",
            "Strategy": "Plain",
            "Partial Mode": "Finalize",
            "Parallel Aware": false,
            "Startup Cost": 243779.05,
            "Total Cost": 243779.06,
            "Plan Rows": 1,
            "Plan Width": 8,
            "Actual Startup Time": 553.018,
            "Actual Total Time": 574.603,
            "Actual Rows": 1,
            "Actual Loops": 1,
            "Output": [
                "count(*)"
            ],
            "Plans": [
                {
                    "Node Type": "Gather",
                    "Parent Relationship": "Outer",
                    "Parallel Aware": false,
                    "Startup Cost": 243778.53,
                    "Total Cost": 243779.04,
                    "Plan Rows": 5,
                    "Plan Width": 8,
                    "Actual Startup Time": 551.656,
                    "Actual Total Time": 574.594,
                    "Actual Rows": 6,
                    "Actual Loops": 1,
                    "Output": [
                        "(PARTIAL count(*))"
                    ],
                    "Workers Planned": 5,
                    "Workers Launched": 5,
                    "Single Copy": false,
                    "Plans": [
                        {
                            "Node Type": "Aggregate",
                            "Strategy": "Plain",
                            "Partial Mode": "Partial",
                            "Parent Relationship": "Outer",
                            "Parallel Aware": false,
                            "Startup Cost": 242778.53,
                            "Total Cost": 242778.54,
                            "Plan Rows": 1,
                            "Plan Width": 8,
                            "Actual Startup Time": 541.347,
                            "Actual Total Time": 541.35,
                            "Actual Rows": 1,
                            "Actual Loops": 6,
                            "Output": [
                                "PARTIAL count(*)"
                            ],
                            "Workers": [
                                {
                                    "Worker Number": 0,
                                    "Actual Startup Time": 538.959,
                                    "Actual Total Time": 538.962,
                                    "Actual Rows": 1,
                                    "Actual Loops": 1
                                },
                                {
                                    "Worker Number": 1,
                                    "Actual Startup Time": 539.041,
                                    "Actual Total Time": 539.044,
                                    "Actual Rows": 1,
                                    "Actual Loops": 1
                                },
                                {
                                    "Worker Number": 2,
                                    "Actual Startup Time": 539.353,
                                    "Actual Total Time": 539.356,
                                    "Actual Rows": 1,
                                    "Actual Loops": 1
                                },
                                {
                                    "Worker Number": 3,
                                    "Actual Startup Time": 539.656,
                                    "Actual Total Time": 539.658,
                                    "Actual Rows": 1,
                                    "Actual Loops": 1
                                },
                                {
                                    "Worker Number": 4,
                                    "Actual Startup Time": 539.957,
                                    "Actual Total Time": 539.96,
                                    "Actual Rows": 1,
                                    "Actual Loops": 1
                                }
                            ],
                            "Plans": [
                                {
                                    "Node Type": "Hash Join",
                                    "Parent Relationship": "Outer",
                                    "Parallel Aware": true,
                                    "Join Type": "Inner",
                                    "Startup Cost": 38497.4,
                                    "Total Cost": 242591.73,
                                    "Plan Rows": 74718,
                                    "Plan Width": 0,
                                    "Actual Startup Time": 77.77,
                                    "Actual Total Time": 537.595,
                                    "Actual Rows": 71061,
                                    "Actual Loops": 6,
                                    "Inner Unique": true,
                                    "Hash Cond": "(mi.movie_id = t.id)",
                                    "Workers": [
                                        {
                                            "Worker Number": 0,
                                            "Actual Startup Time": 75.299,
                                            "Actual Total Time": 534.918,
                                            "Actual Rows": 47079,
                                            "Actual Loops": 1
                                        },
                                        {
                                            "Worker Number": 1,
                                            "Actual Startup Time": 75.477,
                                            "Actual Total Time": 535.315,
                                            "Actual Rows": 71812,
                                            "Actual Loops": 1
                                        },
                                        {
                                            "Worker Number": 2,
                                            "Actual Startup Time": 75.779,
                                            "Actual Total Time": 535.625,
                                            "Actual Rows": 72388,
                                            "Actual Loops": 1
                                        },
                                        {
                                            "Worker Number": 3,
                                            "Actual Startup Time": 76.113,
                                            "Actual Total Time": 535.984,
                                            "Actual Rows": 71211,
                                            "Actual Loops": 1
                                        },
                                        {
                                            "Worker Number": 4,
                                            "Actual Startup Time": 76.398,
                                            "Actual Total Time": 536.249,
                                            "Actual Rows": 71927,
                                            "Actual Loops": 1
                                        }
                                    ],
                                    "Plans": [
                                        {
                                            "Node Type": "Seq Scan",
                                            "Parent Relationship": "Outer",
                                            "Parallel Aware": true,
                                            "Relation Name": "movie_info",
                                            "Schema": "public",
                                            "Alias": "mi",
                                            "Startup Cost": 0.0,
                                            "Total Cost": 198880.74,
                                            "Plan Rows": 1986127,
                                            "Plan Width": 4,
                                            "Actual Startup Time": 15.462,
                                            "Actual Total Time": 316.889,
                                            "Actual Rows": 1651959,
                                            "Actual Loops": 6,
                                            "Output": [
                                                "mi.id",
                                                "mi.movie_id",
                                                "mi.info_type_id",
                                                "mi.info",
                                                "mi.note"
                                            ],
                                            "Filter": "(mi.info_type_id > 4)",
                                            "Rows Removed by Filter": 820661,
                                            "Workers": [
                                                {
                                                    "Worker Number": 0,
                                                    "Actual Startup Time": 15.457,
                                                    "Actual Total Time": 319.934,
                                                    "Actual Rows": 1076479,
                                                    "Actual Loops": 1
                                                },
                                                {
                                                    "Worker Number": 1,
                                                    "Actual Startup Time": 15.47,
                                                    "Actual Total Time": 320.752,
                                                    "Actual Rows": 1657422,
                                                    "Actual Loops": 1
                                                },
                                                {
                                                    "Worker Number": 2,
                                                    "Actual Startup Time": 15.453,
                                                    "Actual Total Time": 318.98,
                                                    "Actual Rows": 1672508,
                                                    "Actual Loops": 1
                                                },
                                                {
                                                    "Worker Number": 3,
                                                    "Actual Startup Time": 15.459,
                                                    "Actual Total Time": 319.827,
                                                    "Actual Rows": 1645138,
                                                    "Actual Loops": 1
                                                },
                                                {
                                                    "Worker Number": 4,
                                                    "Actual Startup Time": 15.469,
                                                    "Actual Total Time": 319.608,
                                                    "Actual Rows": 1680820,
                                                    "Actual Loops": 1
                                                }
                                            ]
                                        },
                                        {
                                            "Node Type": "Hash",
                                            "Parent Relationship": "Inner",
                                            "Parallel Aware": true,
                                            "Startup Cost": 38200.16,
                                            "Total Cost": 38200.16,
                                            "Plan Rows": 23779,
                                            "Plan Width": 4,
                                            "Actual Startup Time": 50.433,
                                            "Actual Total Time": 50.434,
                                            "Actual Rows": 16501,
                                            "Actual Loops": 6,
                                            "Output": [
                                                "t.id"
                                            ],
                                            "Hash Buckets": 131072,
                                            "Original Hash Buckets": 131072,
                                            "Hash Batches": 1,
                                            "Original Hash Batches": 1,
                                            "Peak Memory Usage": 5024,
                                            "Workers": [
                                                {
                                                    "Worker Number": 0,
                                                    "Actual Startup Time": 48.571,
                                                    "Actual Total Time": 48.572,
                                                    "Actual Rows": 10954,
                                                    "Actual Loops": 1
                                                },
                                                {
                                                    "Worker Number": 1,
                                                    "Actual Startup Time": 48.774,
                                                    "Actual Total Time": 48.775,
                                                    "Actual Rows": 12294,
                                                    "Actual Loops": 1
                                                },
                                                {
                                                    "Worker Number": 2,
                                                    "Actual Startup Time": 49.082,
                                                    "Actual Total Time": 49.083,
                                                    "Actual Rows": 9146,
                                                    "Actual Loops": 1
                                                },
                                                {
                                                    "Worker Number": 3,
                                                    "Actual Startup Time": 49.379,
                                                    "Actual Total Time": 49.38,
                                                    "Actual Rows": 11266,
                                                    "Actual Loops": 1
                                                },
                                                {
                                                    "Worker Number": 4,
                                                    "Actual Startup Time": 49.698,
                                                    "Actual Total Time": 49.699,
                                                    "Actual Rows": 9211,
                                                    "Actual Loops": 1
                                                }
                                            ],
                                            "Plans": [
                                                {
                                                    "Node Type": "Bitmap Heap Scan",
                                                    "Parent Relationship": "Outer",
                                                    "Parallel Aware": true,
                                                    "Relation Name": "title",
                                                    "Schema": "public",
                                                    "Alias": "t",
                                                    "Startup Cost": 1824.18,
                                                    "Total Cost": 38200.16,
                                                    "Plan Rows": 23779,
                                                    "Plan Width": 4,
                                                    "Actual Startup Time": 9.917,
                                                    "Actual Total Time": 42.662,
                                                    "Actual Rows": 16501,
                                                    "Actual Loops": 6,
                                                    "Output": [
                                                        "t.id"
                                                    ],
                                                    "Recheck Cond": "(t.kind_id = 3)",
                                                    "Rows Removed by Index Recheck": 0,
                                                    "Filter": "(t.production_year < 2013)",
                                                    "Rows Removed by Filter": 256,
                                                    "Exact Heap Blocks": 5990,
                                                    "Lossy Heap Blocks": 0,
                                                    "Workers": [
                                                        {
                                                            "Worker Number": 0,
                                                            "Actual Startup Time": 8.103,
                                                            "Actual Total Time": 41.57,
                                                            "Actual Rows": 10954,
                                                            "Actual Loops": 1
                                                        },
                                                        {
                                                            "Worker Number": 1,
                                                            "Actual Startup Time": 8.25,
                                                            "Actual Total Time": 42.376,
                                                            "Actual Rows": 12294,
                                                            "Actual Loops": 1
                                                        },
                                                        {
                                                            "Worker Number": 2,
                                                            "Actual Startup Time": 8.773,
                                                            "Actual Total Time": 41.689,
                                                            "Actual Rows": 9146,
                                                            "Actual Loops": 1
                                                        },
                                                        {
                                                            "Worker Number": 3,
                                                            "Actual Startup Time": 8.802,
                                                            "Actual Total Time": 42.449,
                                                            "Actual Rows": 11266,
                                                            "Actual Loops": 1
                                                        },
                                                        {
                                                            "Worker Number": 4,
                                                            "Actual Startup Time": 9.192,
                                                            "Actual Total Time": 42.465,
                                                            "Actual Rows": 9211,
                                                            "Actual Loops": 1
                                                        }
                                                    ],
                                                    "Plans": [
                                                        {
                                                            "Node Type": "Bitmap Index Scan",
                                                            "Parent Relationship": "Outer",
                                                            "Parallel Aware": false,
                                                            "Index Name": "kind_id_title",
                                                            "Startup Cost": 0.0,
                                                            "Total Cost": 1800.4,
                                                            "Plan Rows": 100796,
                                                            "Plan Width": 0,
                                                            "Actual Startup Time": 12.48,
                                                            "Actual Total Time": 12.481,
                                                            "Actual Rows": 100537,
                                                            "Actual Loops": 1,
                                                            "Index Cond": "(t.kind_id = 3)"
                                                        }
                                                    ]
                                                }
                                            ]
                                        }
                                    ]
                                }
                            ]
                        }
                    ]
                }
            ]
        },
        "Planning Time": 205.924,
        "Triggers": [],
        "Execution Time": 574.698
    }
]