[
  {
    "Plan": {
      "Node Type": "Aggregate",
      "Strategy": "Plain",
      "Partial Mode": "Finalize",
      "Parallel Aware": false,
      "Startup Cost": 75088.72,
      "Total Cost": 75088.73,
      "Plan Rows": 1,
      "Plan Width": 8,
      "Actual Startup Time": 435.778,
      "Actual Total Time": 456.157,
      "Actual Rows": 1,
      "Actual Loops": 1,
      "Plans": [
        {
          "Node Type": "Gather",
          "Parent Relationship": "Outer",
          "Parallel Aware": false,
          "Startup Cost": 75088.4,
          "Total Cost": 75088.71,
          "Plan Rows": 3,
          "Plan Width": 8,
          "Actual Startup Time": 426.61,
          "Actual Total Time": 456.147,
          "Actual Rows": 4,
          "Actual Loops": 1,
          "Workers Planned": 3,
          "Workers Launched": 3,
          "Single Copy": false,
          "Plans": [
            {
              "Node Type": "Aggregate",
              "Strategy": "Plain",
              "Partial Mode": "Partial",
              "Parent Relationship": "Outer",
              "Parallel Aware": false,
              "Startup Cost": 74088.4,
              "Total Cost": 74088.41,
              "Plan Rows": 1,
              "Plan Width": 8,
              "Actual Startup Time": 415.058,
              "Actual Total Time": 415.061,
              "Actual Rows": 1,
              "Actual Loops": 4,
              "Plans": [
                {
                  "Node Type": "Hash Join",
                  "Parent Relationship": "Outer",
                  "Parallel Aware": true,
                  "Join Type": "Inner",
                  "Startup Cost": 54238.83,
                  "Total Cost": 74011.56,
                  "Plan Rows": 30734,
                  "Plan Width": 0,
                  "Actual Startup Time": 377.224,
                  "Actual Total Time": 412.767,
                  "Actual Rows": 45734,
                  "Actual Loops": 4,
                  "Inner Unique": true,
                  "Hash Cond": "(mc.movie_id = t.id)",
                  "Plans": [
                    {
                      "Node Type": "Bitmap Heap Scan",
                      "Parent Relationship": "Outer",
                      "Parallel Aware": true,
                      "Relation Name": "movie_companies",
                      "Alias": "mc",
                      "Startup Cost": 4018.44,
                      "Total Cost": 23710.51,
                      "Plan Rows": 30734,
                      "Plan Width": 4,
                      "Actual Startup Time": 10.351,
                      "Actual Total Time": 24.641,
                      "Actual Rows": 45734,
                      "Actual Loops": 4,
                      "Recheck Cond": "(company_id > 119186)",
                      "Rows Removed by Index Recheck": 0,
                      "Filter": "(company_type_id = 2)",
                      "Rows Removed by Filter": 0,
                      "Exact Heap Blocks": 945,
                      "Lossy Heap Blocks": 0,
                      "Plans": [
                        {
                          "Node Type": "Bitmap Index Scan",
                          "Parent Relationship": "Outer",
                          "Parallel Aware": false,
                          "Index Name": "company_id_movie_companies",
                          "Startup Cost": 0.0,
                          "Total Cost": 3994.62,
                          "Plan Rows": 186426,
                          "Plan Width": 0,
                          "Actual Startup Time": 9.682,
                          "Actual Total Time": 9.683,
                          "Actual Rows": 182936,
                          "Actual Loops": 1,
                          "Index Cond": "(company_id > 119186)"
                        }
                      ]
                    },
                    {
                      "Node Type": "Hash",
                      "Parent Relationship": "Inner",
                      "Parallel Aware": true,
                      "Startup Cost": 42319.06,
                      "Total Cost": 42319.06,
                      "Plan Rows": 632106,
                      "Plan Width": 4,
                      "Actual Startup Time": 357.234,
                      "Actual Total Time": 357.235,
                      "Actual Rows": 632078,
                      "Actual Loops": 4,
                      "Hash Buckets": 4194304,
                      "Original Hash Buckets": 4194304,
                      "Hash Batches": 1,
                      "Original Hash Batches": 1,
                      "Peak Memory Usage": 131712,
                      "Plans": [
                        {
                          "Node Type": "Seq Scan",
                          "Parent Relationship": "Outer",
                          "Parallel Aware": true,
                          "Relation Name": "title",
                          "Alias": "t",
                          "Startup Cost": 0.0,
                          "Total Cost": 42319.06,
                          "Plan Rows": 632106,
                          "Plan Width": 4,
                          "Actual Startup Time": 0.049,
                          "Actual Total Time": 104.394,
                          "Actual Rows": 632078,
                          "Actual Loops": 4
                        }
                      ]
                    }
                  ]
                }
              ]
            }
          ]
        }
      ]
    },
    "Planning Time": 0.373,
    "Triggers": [],
    "Execution Time": 456.208
  }
]