[
  {
    "Bao": {
      "Bao prediction": 902.067,
      "Bao recommended hint": "SET enable_nestloop TO off; "
    }
  },
  {
    "Plan": {
      "Node Type": "Aggregate",
      "Strategy": "Plain",
      "Partial Mode": "Finalize",
      "Parallel Aware": false,
      "Startup Cost": 92967.88,
      "Total Cost": 92967.89,
      "Plan Rows": 1,
      "Plan Width": 68,
      "Actual Startup Time": 290.927,
      "Actual Total Time": 310.083,
      "Actual Rows": 1,
      "Actual Loops": 1,
      "Plans": [
        {
          "Node Type": "Gather",
          "Parent Relationship": "Outer",
          "Parallel Aware": false,
          "Startup Cost": 92967.44,
          "Total Cost": 92967.85,
          "Plan Rows": 4,
          "Plan Width": 68,
          "Actual Startup Time": 290.535,
          "Actual Total Time": 310.068,
          "Actual Rows": 5,
          "Actual Loops": 1,
          "Workers Planned": 4,
          "Workers Launched": 4,
          "Single Copy": false,
          "Plans": [
            {
              "Node Type": "Aggregate",
              "Strategy": "Plain",
              "Partial Mode": "Partial",
              "Parent Relationship": "Outer",
              "Parallel Aware": false,
              "Startup Cost": 91967.44,
              "Total Cost": 91967.45,
              "Plan Rows": 1,
              "Plan Width": 68,
              "Actual Startup Time": 279.588,
              "Actual Total Time": 279.605,
              "Actual Rows": 1,
              "Actual Loops": 5,
              "Plans": [
                {
                  "Node Type": "Hash Join",
                  "Parent Relationship": "Outer",
                  "Parallel Aware": true,
                  "Join Type": "Inner",
                  "Startup Cost": 46714.75,
                  "Total Cost": 91967.38,
                  "Plan Rows": 8,
                  "Plan Width": 45,
                  "Actual Startup Time": 258.301,
                  "Actual Total Time": 279.588,
                  "Actual Rows": 3,
                  "Actual Loops": 5,
                  "Inner Unique": false,
                  "Hash Cond": "(t.id = mc.movie_id)",
                  "Plans": [
                    {
                      "Node Type": "Seq Scan",
                      "Parent Relationship": "Outer",
                      "Parallel Aware": true,
                      "Relation Name": "title",
                      "Alias": "t",
                      "Startup Cost": 0.0,
                      "Total Cost": 43898.97,
                      "Plan Rows": 360968,
                      "Plan Width": 25,
                      "Actual Startup Time": 0.017,
                      "Actual Total Time": 92.843,
                      "Actual Rows": 288660,
                      "Actual Loops": 5,
                      "Filter": "(production_year < 2006)",
                      "Rows Removed by Filter": 217003
                    },
                    {
                      "Node Type": "Hash",
                      "Parent Relationship": "Inner",
                      "Parallel Aware": true,
                      "Startup Cost": 46714.45,
                      "Total Cost": 46714.45,
                      "Plan Rows": 24,
                      "Plan Width": 32,
                      "Actual Startup Time": 166.637,
                      "Actual Total Time": 166.651,
                      "Actual Rows": 5,
                      "Actual Loops": 5,
                      "Hash Buckets": 1024,
                      "Original Hash Buckets": 1024,
                      "Hash Batches": 1,
                      "Original Hash Batches": 1,
                      "Peak Memory Usage": 72,
                      "Plans": [
                        {
                          "Node Type": "Hash Join",
                          "Parent Relationship": "Outer",
                          "Parallel Aware": true,
                          "Join Type": "Inner",
                          "Startup Cost": 31444.11,
                          "Total Cost": 46714.45,
                          "Plan Rows": 24,
                          "Plan Width": 32,
                          "Actual Startup Time": 166.309,
                          "Actual Total Time": 166.357,
                          "Actual Rows": 5,
                          "Actual Loops": 5,
                          "Inner Unique": false,
                          "Hash Cond": "(mi_idx.movie_id = mc.movie_id)",
                          "Plans": [
                            {
                              "Node Type": "Hash Join",
                              "Parent Relationship": "Outer",
                              "Parallel Aware": false,
                              "Join Type": "Inner",
                              "Startup Cost": 2.43,
                              "Total Cost": 15253.6,
                              "Plan Rows": 5089,
                              "Plan Width": 4,
                              "Actual Startup Time": 48.705,
                              "Actual Total Time": 48.722,
                              "Actual Rows": 50,
                              "Actual Loops": 5,
                              "Inner Unique": true,
                              "Hash Cond": "(mi_idx.info_type_id = it.id)",
                              "Plans": [
                                {
                                  "Node Type": "Seq Scan",
                                  "Parent Relationship": "Outer",
                                  "Parallel Aware": true,
                                  "Relation Name": "movie_info_idx",
                                  "Alias": "mi_idx",
                                  "Startup Cost": 0.0,
                                  "Total Cost": 13685.15,
                                  "Plan Rows": 575015,
                                  "Plan Width": 8,
                                  "Actual Startup Time": 0.024,
                                  "Actual Total Time": 28.381,
                                  "Actual Rows": 276007,
                                  "Actual Loops": 5
                                },
                                {
                                  "Node Type": "Hash",
                                  "Parent Relationship": "Inner",
                                  "Parallel Aware": false,
                                  "Startup Cost": 2.41,
                                  "Total Cost": 2.41,
                                  "Plan Rows": 1,
                                  "Plan Width": 4,
                                  "Actual Startup Time": 0.039,
                                  "Actual Total Time": 0.042,
                                  "Actual Rows": 1,
                                  "Actual Loops": 5,
                                  "Hash Buckets": 1024,
                                  "Original Hash Buckets": 1024,
                                  "Hash Batches": 1,
                                  "Original Hash Batches": 1,
                                  "Peak Memory Usage": 9,
                                  "Plans": [
                                    {
                                      "Node Type": "Seq Scan",
                                      "Parent Relationship": "Outer",
                                      "Parallel Aware": false,
                                      "Relation Name": "info_type",
                                      "Alias": "it",
                                      "Startup Cost": 0.0,
                                      "Total Cost": 2.41,
                                      "Plan Rows": 1,
                                      "Plan Width": 4,
                                      "Actual Startup Time": 0.027,
                                      "Actual Total Time": 0.029,
                                      "Actual Rows": 1,
                                      "Actual Loops": 5,
                                      "Filter": "((info)::text = 'top 250 rank'::text)",
                                      "Rows Removed by Filter": 112
                                    }
                                  ]
                                }
                              ]
                            },
                            {
                              "Node Type": "Hash",
                              "Parent Relationship": "Inner",
                              "Parallel Aware": true,
                              "Startup Cost": 31432.23,
                              "Total Cost": 31432.23,
                              "Plan Rows": 756,
                              "Plan Width": 28,
                              "Actual Startup Time": 117.52,
                              "Actual Total Time": 117.525,
                              "Actual Rows": 3562,
                              "Actual Loops": 5,
                              "Hash Buckets": 16384,
                              "Original Hash Buckets": 4096,
                              "Hash Batches": 1,
                              "Original Hash Batches": 1,
                              "Peak Memory Usage": 1280,
                              "Plans": [
                                {
                                  "Node Type": "Hash Join",
                                  "Parent Relationship": "Outer",
                                  "Parallel Aware": false,
                                  "Join Type": "Inner",
                                  "Startup Cost": 1.06,
                                  "Total Cost": 31432.23,
                                  "Plan Rows": 756,
                                  "Plan Width": 28,
                                  "Actual Startup Time": 80.993,
                                  "Actual Total Time": 112.741,
                                  "Actual Rows": 3562,
                                  "Actual Loops": 5,
                                  "Inner Unique": true,
                                  "Hash Cond": "(mc.company_type_id = ct.id)",
                                  "Plans": [
                                    {
                                      "Node Type": "Seq Scan",
                                      "Parent Relationship": "Outer",
                                      "Parallel Aware": true,
                                      "Relation Name": "movie_companies",
                                      "Alias": "mc",
                                      "Startup Cost": 0.0,
                                      "Total Cost": 31414.82,
                                      "Plan Rows": 3026,
                                      "Plan Width": 32,
                                      "Actual Startup Time": 67.053,
                                      "Actual Total Time": 111.829,
                                      "Actual Rows": 3563,
                                      "Actual Loops": 5,
                                      "Filter": "((note !~~ '%(as Metro-Goldwyn-Mayer Pictures)%'::text) AND (note ~~ '%(co-production)%'::text))",
                                      "Rows Removed by Filter": 518263
                                    },
                                    {
                                      "Node Type": "Hash",
                                      "Parent Relationship": "Inner",
                                      "Parallel Aware": false,
                                      "Startup Cost": 1.05,
                                      "Total Cost": 1.05,
                                      "Plan Rows": 1,
                                      "Plan Width": 4,
                                      "Actual Startup Time": 0.039,
                                      "Actual Total Time": 0.041,
                                      "Actual Rows": 1,
                                      "Actual Loops": 5,
                                      "Hash Buckets": 1024,
                                      "Original Hash Buckets": 1024,
                                      "Hash Batches": 1,
                                      "Original Hash Batches": 1,
                                      "Peak Memory Usage": 9,
                                      "Plans": [
                                        {
                                          "Node Type": "Seq Scan",
                                          "Parent Relationship": "Outer",
                                          "Parallel Aware": false,
                                          "Relation Name": "company_type",
                                          "Alias": "ct",
                                          "Startup Cost": 0.0,
                                          "Total Cost": 1.05,
                                          "Plan Rows": 1,
                                          "Plan Width": 4,
                                          "Actual Startup Time": 0.027,
                                          "Actual Total Time": 0.028,
                                          "Actual Rows": 1,
                                          "Actual Loops": 5,
                                          "Filter": "((kind)::text = 'production companies'::text)",
                                          "Rows Removed by Filter": 3
                                        }
                                      ]
                                    }
                                  ]
                                }
                              ]
                            }
                          ]
                        }
                      ]
                    }
                  ]
                }
              ]
            }
          ]
        }
      ]
    },
    "Planning Time": 263.521,
    "Triggers": [],
    "Execution Time": 310.393
  }
]