[
  {
    "Plan": {
      "Node Type": "Aggregate",
      "Strategy": "Plain",
      "Partial Mode": "Finalize",
      "Parallel Aware": false,
      "Startup Cost": 29234.04,
      "Total Cost": 29234.05,
      "Plan Rows": 1,
      "Plan Width": 8,
      "Actual Startup Time": 34.193,
      "Actual Total Time": 39.236,
      "Actual Rows": 1,
      "Actual Loops": 1,
      "Plans": [
        {
          "Node Type": "Gather",
          "Parent Relationship": "Outer",
          "Parallel Aware": false,
          "Startup Cost": 29233.82,
          "Total Cost": 29234.03,
          "Plan Rows": 2,
          "Plan Width": 8,
          "Actual Startup Time": 34.054,
          "Actual Total Time": 39.228,
          "Actual Rows": 3,
          "Actual Loops": 1,
          "Workers Planned": 2,
          "Workers Launched": 2,
          "Single Copy": false,
          "Plans": [
            {
              "Node Type": "Aggregate",
              "Strategy": "Plain",
              "Partial Mode": "Partial",
              "Parent Relationship": "Outer",
              "Parallel Aware": false,
              "Startup Cost": 28233.82,
              "Total Cost": 28233.83,
              "Plan Rows": 1,
              "Plan Width": 8,
              "Actual Startup Time": 28.31,
              "Actual Total Time": 28.312,
              "Actual Rows": 1,
              "Actual Loops": 3,
              "Plans": [
                {
                  "Node Type": "Nested Loop",
                  "Parent Relationship": "Outer",
                  "Parallel Aware": false,
                  "Join Type": "Inner",
                  "Startup Cost": 112.6,
                  "Total Cost": 28232.24,
                  "Plan Rows": 634,
                  "Plan Width": 0,
                  "Actual Startup Time": 3.109,
                  "Actual Total Time": 28.018,
                  "Actual Rows": 1474,
                  "Actual Loops": 3,
                  "Inner Unique": true,
                  "Plans": [
                    {
                      "Node Type": "Bitmap Heap Scan",
                      "Parent Relationship": "Outer",
                      "Parallel Aware": true,
                      "Relation Name": "movie_keyword",
                      "Alias": "mk",
                      "Startup Cost": 112.17,
                      "Total Cost": 12637.41,
                      "Plan Rows": 2136,
                      "Plan Width": 4,
                      "Actual Startup Time": 2.968,
                      "Actual Total Time": 9.425,
                      "Actual Rows": 1653,
                      "Actual Loops": 3,
                      "Recheck Cond": "(keyword_id = 2632)",
                      "Rows Removed by Index Recheck": 0,
                      "Exact Heap Blocks": 1701,
                      "Lossy Heap Blocks": 0,
                      "Plans": [
                        {
                          "Node Type": "Bitmap Index Scan",
                          "Parent Relationship": "Outer",
                          "Parallel Aware": false,
                          "Index Name": "keyword_id_movie_keyword",
                          "Startup Cost": 0.0,
                          "Total Cost": 110.89,
                          "Plan Rows": 5127,
                          "Plan Width": 0,
                          "Actual Startup Time": 5.165,
                          "Actual Total Time": 5.165,
                          "Actual Rows": 4958,
                          "Actual Loops": 1,
                          "Index Cond": "(keyword_id = 2632)"
                        }
                      ]
                    },
                    {
                      "Node Type": "Index Scan",
                      "Parent Relationship": "Inner",
                      "Parallel Aware": false,
                      "Scan Direction": "Forward",
                      "Index Name": "title_pkey",
                      "Relation Name": "title",
                      "Alias": "t",
                      "Startup Cost": 0.43,
                      "Total Cost": 7.3,
                      "Plan Rows": 1,
                      "Plan Width": 4,
                      "Actual Startup Time": 0.01,
                      "Actual Total Time": 0.01,
                      "Actual Rows": 1,
                      "Actual Loops": 4958,
                      "Index Cond": "(id = mk.movie_id)",
                      "Rows Removed by Index Recheck": 0,
                      "Filter": "((kind_id < 7) AND (production_year < 2010))",
                      "Rows Removed by Filter": 0
                    }
                  ]
                }
              ]
            }
          ]
        }
      ]
    },
    "Planning Time": 0.704,
    "Triggers": [],
    "Execution Time": 39.333
  }
]