{
  "Plan": {
    "Node Type": "Aggregate",
    "Strategy": "Plain",
    "Partial Mode": "Finalize",
    "Parallel Aware": false,
    "Startup Cost": 523201.97,
    "Total Cost": 523201.98,
    "Plan Rows": 1,
    "Plan Width": 8,
    "Actual Startup Time": 1265.451,
    "Actual Total Time": 1293.176,
    "Actual Rows": 1,
    "Actual Loops": 1,
    "Plans": [
      {
        "Node Type": "Gather",
        "Parent Relationship": "Outer",
        "Parallel Aware": false,
        "Startup Cost": 523201.86,
        "Total Cost": 523201.97,
        "Plan Rows": 1,
        "Plan Width": 8,
        "Actual Startup Time": 1264.924,
        "Actual Total Time": 1293.168,
        "Actual Rows": 2,
        "Actual Loops": 1,
        "Workers Planned": 1,
        "Workers Launched": 1,
        "Single Copy": false,
        "Plans": [
          {
            "Node Type": "Aggregate",
            "Strategy": "Plain",
            "Partial Mode": "Partial",
            "Parent Relationship": "Outer",
            "Parallel Aware": false,
            "Startup Cost": 522201.86,
            "Total Cost": 522201.87,
            "Plan Rows": 1,
            "Plan Width": 8,
            "Actual Startup Time": 1261.695,
            "Actual Total Time": 1261.699,
            "Actual Rows": 1,
            "Actual Loops": 2,
            "Plans": [
              {
                "Node Type": "Hash Join",
                "Parent Relationship": "Outer",
                "Parallel Aware": true,
                "Join Type": "Inner",
                "Startup Cost": 208837.77,
                "Total Cost": 522043.36,
                "Plan Rows": 63400,
                "Plan Width": 0,
                "Actual Startup Time": 423.85,
                "Actual Total Time": 1258.897,
                "Actual Rows": 43887,
                "Actual Loops": 2,
                "Inner Unique": true,
                "Hash Cond": "(ci.movie_id = t.id)",
                "Plans": [
                  {
                    "Node Type": "Bitmap Heap Scan",
                    "Parent Relationship": "Outer",
                    "Parallel Aware": true,
                    "Relation Name": "cast_info",
                    "Alias": "ci",
                    "Startup Cost": 150236.74,
                    "Total Cost": 452939.08,
                    "Plan Rows": 4001228,
                    "Plan Width": 4,
                    "Actual Startup Time": 271.736,
                    "Actual Total Time": 674.043,
                    "Actual Rows": 3493482,
                    "Actual Loops": 2,
                    "Recheck Cond": "(person_id < 675380)",
                    "Rows Removed by Index Recheck": 0,
                    "Exact Heap Blocks": 49339,
                    "Lossy Heap Blocks": 0,
                    "Plans": [
                      {
                        "Node Type": "Bitmap Index Scan",
                        "Parent Relationship": "Outer",
                        "Parallel Aware": false,
                        "Index Name": "person_id_cast_info",
                        "Startup Cost": 0.0,
                        "Total Cost": 148536.22,
                        "Plan Rows": 6802087,
                        "Plan Width": 0,
                        "Actual Startup Time": 258.663,
                        "Actual Total Time": 258.664,
                        "Actual Rows": 6986965,
                        "Actual Loops": 1,
                        "Index Cond": "(person_id < 675380)"
                      }
                    ]
                  },
                  {
                    "Node Type": "Hash",
                    "Parent Relationship": "Inner",
                    "Parallel Aware": true,
                    "Startup Cost": 58306.47,
                    "Total Cost": 58306.47,
                    "Plan Rows": 23565,
                    "Plan Width": 4,
                    "Actual Startup Time": 151.336,
                    "Actual Total Time": 151.337,
                    "Actual Rows": 20060,
                    "Actual Loops": 2,
                    "Hash Buckets": 65536,
                    "Original Hash Buckets": 65536,
                    "Hash Batches": 1,
                    "Original Hash Batches": 1,
                    "Peak Memory Usage": 2112,
                    "Plans": [
                      {
                        "Node Type": "Seq Scan",
                        "Parent Relationship": "Outer",
                        "Parallel Aware": true,
                        "Relation Name": "title",
                        "Alias": "t",
                        "Startup Cost": 0.0,
                        "Total Cost": 58306.47,
                        "Plan Rows": 23565,
                        "Plan Width": 4,
                        "Actual Startup Time": 0.034,
                        "Actual Total Time": 144.597,
                        "Actual Rows": 20060,
                        "Actual Loops": 2,
                        "Filter": "((kind_id = 7) AND (production_year = 2013))",
                        "Rows Removed by Filter": 1244096
                      }
                    ]
                  }
                ]
              }
            ]
          }
        ]
      }
    ]
  },
  "Planning Time": 0.246,
  "Triggers": [],
  "Execution Time": 1293.237
}