{
  "Plan": {
    "Node Type": "Aggregate",
    "Strategy": "Plain",
    "Partial Mode": "Finalize",
    "Parallel Aware": false,
    "Startup Cost": 425344.01,
    "Total Cost": 425344.02,
    "Plan Rows": 1,
    "Plan Width": 8,
    "Actual Startup Time": 526.603,
    "Actual Total Time": 547.23,
    "Actual Rows": 1,
    "Actual Loops": 1,
    "Plans": [
      {
        "Node Type": "Gather",
        "Parent Relationship": "Outer",
        "Parallel Aware": false,
        "Startup Cost": 425343.9,
        "Total Cost": 425344.01,
        "Plan Rows": 1,
        "Plan Width": 8,
        "Actual Startup Time": 526.22,
        "Actual Total Time": 547.221,
        "Actual Rows": 2,
        "Actual Loops": 1,
        "Workers Planned": 1,
        "Workers Launched": 1,
        "Single Copy": false,
        "Plans": [
          {
            "Node Type": "Aggregate",
            "Strategy": "Plain",
            "Partial Mode": "Partial",
            "Parent Relationship": "Outer",
            "Parallel Aware": false,
            "Startup Cost": 424343.9,
            "Total Cost": 424343.91,
            "Plan Rows": 1,
            "Plan Width": 8,
            "Actual Startup Time": 520.116,
            "Actual Total Time": 520.12,
            "Actual Rows": 1,
            "Actual Loops": 2,
            "Plans": [
              {
                "Node Type": "Hash Join",
                "Parent Relationship": "Outer",
                "Parallel Aware": true,
                "Join Type": "Inner",
                "Startup Cost": 136681.71,
                "Total Cost": 424298.56,
                "Plan Rows": 18135,
                "Plan Width": 0,
                "Actual Startup Time": 387.76,
                "Actual Total Time": 519.686,
                "Actual Rows": 6378,
                "Actual Loops": 2,
                "Inner Unique": true,
                "Hash Cond": "(ci.movie_id = t.id)",
                "Plans": [
                  {
                    "Node Type": "Bitmap Heap Scan",
                    "Parent Relationship": "Outer",
                    "Parallel Aware": true,
                    "Relation Name": "cast_info",
                    "Alias": "ci",
                    "Startup Cost": 78129.09,
                    "Total Cost": 362150.73,
                    "Plan Rows": 1369602,
                    "Plan Width": 4,
                    "Actual Startup Time": 243.979,
                    "Actual Total Time": 328.848,
                    "Actual Rows": 514659,
                    "Actual Loops": 2,
                    "Recheck Cond": "(person_id < 351758)",
                    "Rows Removed by Index Recheck": 0,
                    "Filter": "(role_id > 1)",
                    "Rows Removed by Filter": 1323284,
                    "Exact Heap Blocks": 22836,
                    "Lossy Heap Blocks": 0,
                    "Plans": [
                      {
                        "Node Type": "Bitmap Index Scan",
                        "Parent Relationship": "Outer",
                        "Parallel Aware": false,
                        "Index Name": "person_id_cast_info",
                        "Startup Cost": 0.0,
                        "Total Cost": 77547.01,
                        "Plan Rows": 3551259,
                        "Plan Width": 0,
                        "Actual Startup Time": 110.988,
                        "Actual Total Time": 110.988,
                        "Actual Rows": 3675887,
                        "Actual Loops": 1,
                        "Index Cond": "(person_id < 351758)"
                      }
                    ]
                  },
                  {
                    "Node Type": "Hash",
                    "Parent Relationship": "Inner",
                    "Parallel Aware": true,
                    "Startup Cost": 58306.47,
                    "Total Cost": 58306.47,
                    "Plan Rows": 19692,
                    "Plan Width": 4,
                    "Actual Startup Time": 142.303,
                    "Actual Total Time": 142.304,
                    "Actual Rows": 14056,
                    "Actual Loops": 2,
                    "Hash Buckets": 65536,
                    "Original Hash Buckets": 65536,
                    "Hash Batches": 1,
                    "Original Hash Batches": 1,
                    "Peak Memory Usage": 1632,
                    "Plans": [
                      {
                        "Node Type": "Seq Scan",
                        "Parent Relationship": "Outer",
                        "Parallel Aware": true,
                        "Relation Name": "title",
                        "Alias": "t",
                        "Startup Cost": 0.0,
                        "Total Cost": 58306.47,
                        "Plan Rows": 19692,
                        "Plan Width": 4,
                        "Actual Startup Time": 0.118,
                        "Actual Total Time": 138.183,
                        "Actual Rows": 14056,
                        "Actual Loops": 2,
                        "Filter": "((kind_id < 7) AND (production_year = 2004))",
                        "Rows Removed by Filter": 1250100
                      }
                    ]
                  }
                ]
              }
            ]
          }
        ]
      }
    ]
  },
  "Planning Time": 0.512,
  "Triggers": [],
  "Execution Time": 547.328
}