{
  "Plan": {
    "Node Type": "Aggregate",
    "Strategy": "Plain",
    "Partial Mode": "Finalize",
    "Parallel Aware": false,
    "Startup Cost": 687049.96,
    "Total Cost": 687049.97,
    "Plan Rows": 1,
    "Plan Width": 8,
    "Actual Startup Time": 2900.437,
    "Actual Total Time": 2964.625,
    "Actual Rows": 1,
    "Actual Loops": 1,
    "Plans": [
      {
        "Node Type": "Gather",
        "Parent Relationship": "Outer",
        "Parallel Aware": false,
        "Startup Cost": 687049.85,
        "Total Cost": 687049.96,
        "Plan Rows": 1,
        "Plan Width": 8,
        "Actual Startup Time": 2898.515,
        "Actual Total Time": 2964.616,
        "Actual Rows": 2,
        "Actual Loops": 1,
        "Workers Planned": 1,
        "Workers Launched": 1,
        "Single Copy": false,
        "Plans": [
          {
            "Node Type": "Aggregate",
            "Strategy": "Plain",
            "Partial Mode": "Partial",
            "Parent Relationship": "Outer",
            "Parallel Aware": false,
            "Startup Cost": 686049.85,
            "Total Cost": 686049.86,
            "Plan Rows": 1,
            "Plan Width": 8,
            "Actual Startup Time": 2889.981,
            "Actual Total Time": 2889.988,
            "Actual Rows": 1,
            "Actual Loops": 2,
            "Plans": [
              {
                "Node Type": "Hash Join",
                "Parent Relationship": "Outer",
                "Parallel Aware": true,
                "Join Type": "Inner",
                "Startup Cost": 608208.82,
                "Total Cost": 683024.57,
                "Plan Rows": 1210112,
                "Plan Width": 0,
                "Actual Startup Time": 2498.655,
                "Actual Total Time": 2876.845,
                "Actual Rows": 312790,
                "Actual Loops": 2,
                "Inner Unique": false,
                "Hash Cond": "(mk.movie_id = t.id)",
                "Plans": [
                  {
                    "Node Type": "Seq Scan",
                    "Parent Relationship": "Outer",
                    "Parallel Aware": true,
                    "Relation Name": "movie_keyword",
                    "Alias": "mk",
                    "Startup Cost": 0.0,
                    "Total Cost": 51065.35,
                    "Plan Rows": 2661135,
                    "Plan Width": 4,
                    "Actual Startup Time": 0.012,
                    "Actual Total Time": 158.912,
                    "Actual Rows": 2261965,
                    "Actual Loops": 2
                  },
                  {
                    "Node Type": "Hash",
                    "Parent Relationship": "Inner",
                    "Parallel Aware": true,
                    "Startup Cost": 599755.12,
                    "Total Cost": 599755.12,
                    "Plan Rows": 676296,
                    "Plan Width": 8,
                    "Actual Startup Time": 2483.314,
                    "Actual Total Time": 2483.318,
                    "Actual Rows": 304194,
                    "Actual Loops": 2,
                    "Hash Buckets": 2097152,
                    "Original Hash Buckets": 2097152,
                    "Hash Batches": 1,
                    "Original Hash Batches": 1,
                    "Peak Memory Usage": 40224,
                    "Plans": [
                      {
                        "Node Type": "Hash Join",
                        "Parent Relationship": "Outer",
                        "Parallel Aware": true,
                        "Join Type": "Inner",
                        "Startup Cost": 59893.78,
                        "Total Cost": 599755.12,
                        "Plan Rows": 676296,
                        "Plan Width": 8,
                        "Actual Startup Time": 162.536,
                        "Actual Total Time": 2369.096,
                        "Actual Rows": 304194,
                        "Actual Loops": 2,
                        "Inner Unique": true,
                        "Hash Cond": "(ci.movie_id = t.id)",
                        "Plans": [
                          {
                            "Node Type": "Seq Scan",
                            "Parent Relationship": "Outer",
                            "Parallel Aware": true,
                            "Relation Name": "cast_info",
                            "Alias": "ci",
                            "Startup Cost": 0.0,
                            "Total Cost": 519069.44,
                            "Plan Rows": 7920710,
                            "Plan Width": 4,
                            "Actual Startup Time": 0.019,
                            "Actual Total Time": 1412.597,
                            "Actual Rows": 6733342,
                            "Actual Loops": 2,
                            "Filter": "(person_id < 1327384)",
                            "Rows Removed by Filter": 11388830
                          },
                          {
                            "Node Type": "Hash",
                            "Parent Relationship": "Inner",
                            "Parallel Aware": true,
                            "Startup Cost": 58306.47,
                            "Total Cost": 58306.47,
                            "Plan Rows": 126985,
                            "Plan Width": 4,
                            "Actual Startup Time": 161.171,
                            "Actual Total Time": 161.172,
                            "Actual Rows": 60394,
                            "Actual Loops": 2,
                            "Hash Buckets": 262144,
                            "Original Hash Buckets": 262144,
                            "Hash Batches": 1,
                            "Original Hash Batches": 1,
                            "Peak Memory Usage": 6816,
                            "Plans": [
                              {
                                "Node Type": "Seq Scan",
                                "Parent Relationship": "Outer",
                                "Parallel Aware": true,
                                "Relation Name": "title",
                                "Alias": "t",
                                "Startup Cost": 0.0,
                                "Total Cost": 58306.47,
                                "Plan Rows": 126985,
                                "Plan Width": 4,
                                "Actual Startup Time": 0.057,
                                "Actual Total Time": 140.305,
                                "Actual Rows": 60394,
                                "Actual Loops": 2,
                                "Filter": "((production_year < 1970) AND (kind_id = 7))",
                                "Rows Removed by Filter": 1203762
                              }
                            ]
                          }
                        ]
                      }
                    ]
                  }
                ]
              }
            ]
          }
        ]
      }
    ]
  },
  "Planning Time": 1.012,
  "Triggers": [],
  "Execution Time": 2964.72
}