[
  {
    "Plan": {
      "Node Type": "Aggregate",
      "Strategy": "Plain",
      "Partial Mode": "Finalize",
      "Parallel Aware": false,
      "Startup Cost": 78151.15,
      "Total Cost": 78151.16,
      "Plan Rows": 1,
      "Plan Width": 8,
      "Actual Startup Time": 373.46,
      "Actual Total Time": 390.133,
      "Actual Rows": 1,
      "Actual Loops": 1,
      "Plans": [
        {
          "Node Type": "Gather",
          "Parent Relationship": "Outer",
          "Parallel Aware": false,
          "Startup Cost": 78150.84,
          "Total Cost": 78151.15,
          "Plan Rows": 3,
          "Plan Width": 8,
          "Actual Startup Time": 370.356,
          "Actual Total Time": 390.126,
          "Actual Rows": 4,
          "Actual Loops": 1,
          "Workers Planned": 3,
          "Workers Launched": 3,
          "Single Copy": false,
          "Plans": [
            {
              "Node Type": "Aggregate",
              "Strategy": "Plain",
              "Partial Mode": "Partial",
              "Parent Relationship": "Outer",
              "Parallel Aware": false,
              "Startup Cost": 77150.84,
              "Total Cost": 77150.85,
              "Plan Rows": 1,
              "Plan Width": 8,
              "Actual Startup Time": 361.118,
              "Actual Total Time": 361.121,
              "Actual Rows": 1,
              "Actual Loops": 4,
              "Plans": [
                {
                  "Node Type": "Hash Join",
                  "Parent Relationship": "Outer",
                  "Parallel Aware": true,
                  "Join Type": "Inner",
                  "Startup Cost": 47260.52,
                  "Total Cost": 76676.41,
                  "Plan Rows": 189769,
                  "Plan Width": 0,
                  "Actual Startup Time": 193.031,
                  "Actual Total Time": 351.075,
                  "Actual Rows": 214446,
                  "Actual Loops": 4,
                  "Inner Unique": true,
                  "Hash Cond": "(mc.movie_id = t.id)",
                  "Plans": [
                    {
                      "Node Type": "Seq Scan",
                      "Parent Relationship": "Outer",
                      "Parallel Aware": true,
                      "Relation Name": "movie_companies",
                      "Alias": "mc",
                      "Startup Cost": 0.0,
                      "Total Cost": 27206.55,
                      "Plan Rows": 841655,
                      "Plan Width": 4,
                      "Actual Startup Time": 0.022,
                      "Actual Total Time": 64.036,
                      "Actual Rows": 652282,
                      "Actual Loops": 4
                    },
                    {
                      "Node Type": "Hash",
                      "Parent Relationship": "Inner",
                      "Parallel Aware": true,
                      "Startup Cost": 45479.1,
                      "Total Cost": 45479.1,
                      "Plan Rows": 142514,
                      "Plan Width": 4,
                      "Actual Startup Time": 157.101,
                      "Actual Total Time": 157.102,
                      "Actual Rows": 112578,
                      "Actual Loops": 4,
                      "Hash Buckets": 1048576,
                      "Original Hash Buckets": 1048576,
                      "Hash Batches": 1,
                      "Original Hash Batches": 1,
                      "Peak Memory Usage": 25888,
                      "Plans": [
                        {
                          "Node Type": "Seq Scan",
                          "Parent Relationship": "Outer",
                          "Parallel Aware": true,
                          "Relation Name": "title",
                          "Alias": "t",
                          "Startup Cost": 0.0,
                          "Total Cost": 45479.1,
                          "Plan Rows": 142514,
                          "Plan Width": 4,
                          "Actual Startup Time": 53.141,
                          "Actual Total Time": 113.975,
                          "Actual Rows": 112578,
                          "Actual Loops": 4,
                          "Filter": "((production_year > 1964) AND (kind_id = 1))",
                          "Rows Removed by Filter": 519500
                        }
                      ]
                    }
                  ]
                }
              ]
            }
          ]
        }
      ]
    },
    "Planning Time": 0.653,
    "Triggers": [],
    "Execution Time": 390.21
  }
]