[
    {
        "Bao": {
            "Bao prediction": 485.589,
            "Bao recommended hint": "SET enable_mergejoin TO off; SET enable_indexscan TO off; "
        }
    },
    {
        "Plan": {
            "Node Type": "Aggregate",
            "Strategy": "Plain",
            "Partial Mode": "Finalize",
            "Parallel Aware": false,
            "Startup Cost": 348886.45,
            "Total Cost": 348886.46,
            "Plan Rows": 1,
            "Plan Width": 8,
            "Actual Startup Time": 874.185,
            "Actual Total Time": 905.023,
            "Actual Rows": 1,
            "Actual Loops": 1,
            "Output": [
                "count(*)"
            ],
            "Plans": [
                {
                    "Node Type": "Gather",
                    "Parent Relationship": "Outer",
                    "Parallel Aware": false,
                    "Startup Cost": 348885.83,
                    "Total Cost": 348886.43,
                    "Plan Rows": 6,
                    "Plan Width": 8,
                    "Actual Startup Time": 874.055,
                    "Actual Total Time": 905.013,
                    "Actual Rows": 7,
                    "Actual Loops": 1,
                    "Output": [
                        "(PARTIAL count(*))"
                    ],
                    "Workers Planned": 6,
                    "Workers Launched": 6,
                    "Single Copy": false,
                    "Plans": [
                        {
                            "Node Type": "Aggregate",
                            "Strategy": "Plain",
                            "Partial Mode": "Partial",
                            "Parent Relationship": "Outer",
                            "Parallel Aware": false,
                            "Startup Cost": 347885.83,
                            "Total Cost": 347885.84,
                            "Plan Rows": 1,
                            "Plan Width": 8,
                            "Actual Startup Time": 864.71,
                            "Actual Total Time": 864.711,
                            "Actual Rows": 1,
                            "Actual Loops": 7,
                            "Output": [
                                "PARTIAL count(*)"
                            ],
                            "Workers": [
                                {
                                    "Worker Number": 0,
                                    "Actual Startup Time": 862.694,
                                    "Actual Total Time": 862.695,
                                    "Actual Rows": 1,
                                    "Actual Loops": 1
                                },
                                {
                                    "Worker Number": 1,
                                    "Actual Startup Time": 862.761,
                                    "Actual Total Time": 862.763,
                                    "Actual Rows": 1,
                                    "Actual Loops": 1
                                },
                                {
                                    "Worker Number": 2,
                                    "Actual Startup Time": 863.234,
                                    "Actual Total Time": 863.235,
                                    "Actual Rows": 1,
                                    "Actual Loops": 1
                                },
                                {
                                    "Worker Number": 3,
                                    "Actual Startup Time": 863.155,
                                    "Actual Total Time": 863.156,
                                    "Actual Rows": 1,
                                    "Actual Loops": 1
                                },
                                {
                                    "Worker Number": 4,
                                    "Actual Startup Time": 863.967,
                                    "Actual Total Time": 863.968,
                                    "Actual Rows": 1,
                                    "Actual Loops": 1
                                },
                                {
                                    "Worker Number": 5,
                                    "Actual Startup Time": 863.954,
                                    "Actual Total Time": 863.955,
                                    "Actual Rows": 1,
                                    "Actual Loops": 1
                                }
                            ],
                            "Plans": [
                                {
                                    "Node Type": "Seq Scan",
                                    "Parent Relationship": "Outer",
                                    "Parallel Aware": true,
                                    "Relation Name": "cast_info",
                                    "Schema": "public",
                                    "Alias": "ci",
                                    "Startup Cost": 0.0,
                                    "Total Cost": 343318.94,
                                    "Plan Rows": 1826754,
                                    "Plan Width": 0,
                                    "Actual Startup Time": 85.087,
                                    "Actual Total Time": 787.714,
                                    "Actual Rows": 1271611,
                                    "Actual Loops": 7,
                                    "Output": [
                                        "id",
                                        "person_id",
                                        "movie_id",
                                        "person_role_id",
                                        "note",
                                        "nr_order",
                                        "role_id"
                                    ],
                                    "Filter": "((ci.person_id > 504427) AND (ci.role_id = 1))",
                                    "Rows Removed by Filter": 3906152,
                                    "Workers": [
                                        {
                                            "Worker Number": 0,
                                            "Actual Startup Time": 83.057,
                                            "Actual Total Time": 786.508,
                                            "Actual Rows": 1150717,
                                            "Actual Loops": 1
                                        },
                                        {
                                            "Worker Number": 1,
                                            "Actual Startup Time": 83.146,
                                            "Actual Total Time": 787.247,
                                            "Actual Rows": 1144088,
                                            "Actual Loops": 1
                                        },
                                        {
                                            "Worker Number": 2,
                                            "Actual Startup Time": 83.625,
                                            "Actual Total Time": 786.994,
                                            "Actual Rows": 1155903,
                                            "Actual Loops": 1
                                        },
                                        {
                                            "Worker Number": 3,
                                            "Actual Startup Time": 83.536,
                                            "Actual Total Time": 787.86,
                                            "Actual Rows": 1130692,
                                            "Actual Loops": 1
                                        },
                                        {
                                            "Worker Number": 4,
                                            "Actual Startup Time": 84.33,
                                            "Actual Total Time": 787.571,
                                            "Actual Rows": 1156476,
                                            "Actual Loops": 1
                                        },
                                        {
                                            "Worker Number": 5,
                                            "Actual Startup Time": 84.331,
                                            "Actual Total Time": 787.695,
                                            "Actual Rows": 1156136,
                                            "Actual Loops": 1
                                        }
                                    ]
                                }
                            ]
                        }
                    ]
                }
            ]
        },
        "Planning Time": 539.809,
        "Triggers": [],
        "Execution Time": 905.121
    }
]