[
  {
    "Plan": {
      "Node Type": "Aggregate",
      "Strategy": "Plain",
      "Partial Mode": "Finalize",
      "Parallel Aware": false,
      "Startup Cost": 100992.72,
      "Total Cost": 100992.73,
      "Plan Rows": 1,
      "Plan Width": 8,
      "Actual Startup Time": 904.686,
      "Actual Total Time": 921.576,
      "Actual Rows": 1,
      "Actual Loops": 1,
      "Plans": [
        {
          "Node Type": "Gather",
          "Parent Relationship": "Outer",
          "Parallel Aware": false,
          "Startup Cost": 100992.5,
          "Total Cost": 100992.71,
          "Plan Rows": 2,
          "Plan Width": 8,
          "Actual Startup Time": 899.993,
          "Actual Total Time": 921.569,
          "Actual Rows": 3,
          "Actual Loops": 1,
          "Workers Planned": 2,
          "Workers Launched": 2,
          "Single Copy": false,
          "Plans": [
            {
              "Node Type": "Aggregate",
              "Strategy": "Plain",
              "Partial Mode": "Partial",
              "Parent Relationship": "Outer",
              "Parallel Aware": false,
              "Startup Cost": 99992.5,
              "Total Cost": 99992.51,
              "Plan Rows": 1,
              "Plan Width": 8,
              "Actual Startup Time": 891.258,
              "Actual Total Time": 891.264,
              "Actual Rows": 1,
              "Actual Loops": 3,
              "Plans": [
                {
                  "Node Type": "Hash Join",
                  "Parent Relationship": "Outer",
                  "Parallel Aware": true,
                  "Join Type": "Inner",
                  "Startup Cost": 83439.75,
                  "Total Cost": 99636.85,
                  "Plan Rows": 142260,
                  "Plan Width": 0,
                  "Actual Startup Time": 701.01,
                  "Actual Total Time": 865.961,
                  "Actual Rows": 538639,
                  "Actual Loops": 3,
                  "Inner Unique": false,
                  "Hash Cond": "(mi_idx.movie_id = t.id)",
                  "Plans": [
                    {
                      "Node Type": "Seq Scan",
                      "Parent Relationship": "Outer",
                      "Parallel Aware": true,
                      "Relation Name": "movie_info_idx",
                      "Alias": "mi_idx",
                      "Startup Cost": 0.0,
                      "Total Cost": 13685.15,
                      "Plan Rows": 575015,
                      "Plan Width": 4,
                      "Actual Startup Time": 0.065,
                      "Actual Total Time": 39.466,
                      "Actual Rows": 460012,
                      "Actual Loops": 3
                    },
                    {
                      "Node Type": "Hash",
                      "Parent Relationship": "Inner",
                      "Parallel Aware": true,
                      "Startup Cost": 81485.05,
                      "Total Cost": 81485.05,
                      "Plan Rows": 156376,
                      "Plan Width": 8,
                      "Actual Startup Time": 694.2,
                      "Actual Total Time": 694.204,
                      "Actual Rows": 290190,
                      "Actual Loops": 3,
                      "Hash Buckets": 1048576,
                      "Original Hash Buckets": 1048576,
                      "Hash Batches": 1,
                      "Original Hash Batches": 1,
                      "Peak Memory Usage": 42304,
                      "Plans": [
                        {
                          "Node Type": "Hash Join",
                          "Parent Relationship": "Outer",
                          "Parallel Aware": true,
                          "Join Type": "Inner",
                          "Startup Cost": 34008.89,
                          "Total Cost": 81485.05,
                          "Plan Rows": 156376,
                          "Plan Width": 8,
                          "Actual Startup Time": 200.635,
                          "Actual Total Time": 601.117,
                          "Actual Rows": 290190,
                          "Actual Loops": 3,
                          "Inner Unique": false,
                          "Hash Cond": "(t.id = mc.movie_id)",
                          "Plans": [
                            {
                              "Node Type": "Seq Scan",
                              "Parent Relationship": "Outer",
                              "Parallel Aware": true,
                              "Relation Name": "title",
                              "Alias": "t",
                              "Startup Cost": 0.0,
                              "Total Cost": 43898.92,
                              "Plan Rows": 614560,
                              "Plan Width": 4,
                              "Actual Startup Time": 0.013,
                              "Actual Total Time": 134.966,
                              "Actual Rows": 818739,
                              "Actual Loops": 3,
                              "Filter": "(production_year > 0)",
                              "Rows Removed by Filter": 24031
                            },
                            {
                              "Node Type": "Hash",
                              "Parent Relationship": "Inner",
                              "Parallel Aware": true,
                              "Startup Cost": 31414.82,
                              "Total Cost": 31414.82,
                              "Plan Rows": 207526,
                              "Plan Width": 4,
                              "Actual Startup Time": 196.924,
                              "Actual Total Time": 196.925,
                              "Actual Rows": 291361,
                              "Actual Loops": 3,
                              "Hash Buckets": 1048576,
                              "Original Hash Buckets": 1048576,
                              "Hash Batches": 1,
                              "Original Hash Batches": 1,
                              "Peak Memory Usage": 42464,
                              "Plans": [
                                {
                                  "Node Type": "Seq Scan",
                                  "Parent Relationship": "Outer",
                                  "Parallel Aware": true,
                                  "Relation Name": "movie_companies",
                                  "Alias": "mc",
                                  "Startup Cost": 0.0,
                                  "Total Cost": 31414.82,
                                  "Plan Rows": 207526,
                                  "Plan Width": 4,
                                  "Actual Startup Time": 0.051,
                                  "Actual Total Time": 104.649,
                                  "Actual Rows": 291361,
                                  "Actual Loops": 3,
                                  "Filter": "((company_id < 11299) AND (company_type_id = 1))",
                                  "Rows Removed by Filter": 578349
                                }
                              ]
                            }
                          ]
                        }
                      ]
                    }
                  ]
                }
              ]
            }
          ]
        }
      ]
    },
    "Planning Time": 1.441,
    "Triggers": [],
    "Execution Time": 921.66
  }
]