[
    {
        "Bao": {
            "Bao prediction": "NaN",
            "Bao recommended hint": "(no hint)"
        }
    },
    {
        "Plan": {
            "Node Type": "Aggregate",
            "Strategy": "Plain",
            "Partial Mode": "Finalize",
            "Parallel Aware": false,
            "Startup Cost": 143649.55,
            "Total Cost": 143649.56,
            "Plan Rows": 1,
            "Plan Width": 8,
            "Actual Startup Time": 1855.894,
            "Actual Total Time": 1897.897,
            "Actual Rows": 1,
            "Actual Loops": 1,
            "Output": [
                "count(*)"
            ],
            "Plans": [
                {
                    "Node Type": "Gather",
                    "Parent Relationship": "Outer",
                    "Parallel Aware": false,
                    "Startup Cost": 143649.23,
                    "Total Cost": 143649.54,
                    "Plan Rows": 3,
                    "Plan Width": 8,
                    "Actual Startup Time": 1827.362,
                    "Actual Total Time": 1897.888,
                    "Actual Rows": 4,
                    "Actual Loops": 1,
                    "Output": [
                        "(PARTIAL count(*))"
                    ],
                    "Workers Planned": 3,
                    "Workers Launched": 3,
                    "Single Copy": false,
                    "Plans": [
                        {
                            "Node Type": "Aggregate",
                            "Strategy": "Plain",
                            "Partial Mode": "Partial",
                            "Parent Relationship": "Outer",
                            "Parallel Aware": false,
                            "Startup Cost": 142649.23,
                            "Total Cost": 142649.24,
                            "Plan Rows": 1,
                            "Plan Width": 8,
                            "Actual Startup Time": 1810.373,
                            "Actual Total Time": 1811.551,
                            "Actual Rows": 1,
                            "Actual Loops": 4,
                            "Output": [
                                "PARTIAL count(*)"
                            ],
                            "Workers": [
                                {
                                    "Worker Number": 0,
                                    "Actual Startup Time": 1804.194,
                                    "Actual Total Time": 1804.198,
                                    "Actual Rows": 1,
                                    "Actual Loops": 1
                                },
                                {
                                    "Worker Number": 1,
                                    "Actual Startup Time": 1804.253,
                                    "Actual Total Time": 1804.258,
                                    "Actual Rows": 1,
                                    "Actual Loops": 1
                                },
                                {
                                    "Worker Number": 2,
                                    "Actual Startup Time": 1806.457,
                                    "Actual Total Time": 1806.462,
                                    "Actual Rows": 1,
                                    "Actual Loops": 1
                                }
                            ],
                            "Plans": [
                                {
                                    "Node Type": "Hash Join",
                                    "Parent Relationship": "Outer",
                                    "Parallel Aware": true,
                                    "Join Type": "Inner",
                                    "Startup Cost": 90156.38,
                                    "Total Cost": 140032.37,
                                    "Plan Rows": 1046747,
                                    "Plan Width": 0,
                                    "Actual Startup Time": 871.491,
                                    "Actual Total Time": 1534.229,
                                    "Actual Rows": 6266507,
                                    "Actual Loops": 4,
                                    "Inner Unique": false,
                                    "Hash Cond": "(mk.movie_id = t.id)",
                                    "Workers": [
                                        {
                                            "Worker Number": 0,
                                            "Actual Startup Time": 865.894,
                                            "Actual Total Time": 1526.582,
                                            "Actual Rows": 6707245,
                                            "Actual Loops": 1
                                        },
                                        {
                                            "Worker Number": 1,
                                            "Actual Startup Time": 865.902,
                                            "Actual Total Time": 1519.564,
                                            "Actual Rows": 4325930,
                                            "Actual Loops": 1
                                        },
                                        {
                                            "Worker Number": 2,
                                            "Actual Startup Time": 865.961,
                                            "Actual Total Time": 1527.902,
                                            "Actual Rows": 6847032,
                                            "Actual Loops": 1
                                        }
                                    ],
                                    "Plans": [
                                        {
                                            "Node Type": "Seq Scan",
                                            "Parent Relationship": "Outer",
                                            "Parallel Aware": true,
                                            "Relation Name": "movie_keyword",
                                            "Schema": "public",
                                            "Alias": "mk",
                                            "Startup Cost": 0.0,
                                            "Total Cost": 42695.65,
                                            "Plan Rows": 1014328,
                                            "Plan Width": 4,
                                            "Actual Startup Time": 0.185,
                                            "Actual Total Time": 111.517,
                                            "Actual Rows": 786058,
                                            "Actual Loops": 4,
                                            "Output": [
                                                "mk.id",
                                                "mk.movie_id",
                                                "mk.keyword_id"
                                            ],
                                            "Filter": "(mk.keyword_id > 1827)",
                                            "Rows Removed by Filter": 344925,
                                            "Workers": [
                                                {
                                                    "Worker Number": 0,
                                                    "Actual Startup Time": 0.225,
                                                    "Actual Total Time": 114.303,
                                                    "Actual Rows": 847777,
                                                    "Actual Loops": 1
                                                },
                                                {
                                                    "Worker Number": 1,
                                                    "Actual Startup Time": 0.195,
                                                    "Actual Total Time": 110.682,
                                                    "Actual Rows": 525443,
                                                    "Actual Loops": 1
                                                },
                                                {
                                                    "Worker Number": 2,
                                                    "Actual Startup Time": 0.182,
                                                    "Actual Total Time": 113.816,
                                                    "Actual Rows": 862751,
                                                    "Actual Loops": 1
                                                }
                                            ]
                                        },
                                        {
                                            "Node Type": "Hash",
                                            "Parent Relationship": "Inner",
                                            "Parallel Aware": true,
                                            "Startup Cost": 79635.69,
                                            "Total Cost": 79635.69,
                                            "Plan Rows": 841655,
                                            "Plan Width": 8,
                                            "Actual Startup Time": 860.415,
                                            "Actual Total Time": 861.591,
                                            "Actual Rows": 652282,
                                            "Actual Loops": 4,
                                            "Output": [
                                                "t.id",
                                                "mc.movie_id"
                                            ],
                                            "Hash Buckets": 4194304,
                                            "Original Hash Buckets": 4194304,
                                            "Hash Batches": 1,
                                            "Original Hash Batches": 1,
                                            "Peak Memory Usage": 134880,
                                            "Workers": [
                                                {
                                                    "Worker Number": 0,
                                                    "Actual Startup Time": 864.925,
                                                    "Actual Total Time": 864.928,
                                                    "Actual Rows": 695280,
                                                    "Actual Loops": 1
                                                },
                                                {
                                                    "Worker Number": 1,
                                                    "Actual Startup Time": 864.855,
                                                    "Actual Total Time": 864.859,
                                                    "Actual Rows": 509380,
                                                    "Actual Loops": 1
                                                },
                                                {
                                                    "Worker Number": 2,
                                                    "Actual Startup Time": 864.941,
                                                    "Actual Total Time": 864.944,
                                                    "Actual Rows": 695690,
                                                    "Actual Loops": 1
                                                }
                                            ],
                                            "Plans": [
                                                {
                                                    "Node Type": "Hash Join",
                                                    "Parent Relationship": "Outer",
                                                    "Parallel Aware": true,
                                                    "Join Type": "Inner",
                                                    "Startup Cost": 50219.81,
                                                    "Total Cost": 79635.69,
                                                    "Plan Rows": 841655,
                                                    "Plan Width": 8,
                                                    "Actual Startup Time": 343.329,
                                                    "Actual Total Time": 644.936,
                                                    "Actual Rows": 652282,
                                                    "Actual Loops": 4,
                                                    "Output": [
                                                        "t.id",
                                                        "mc.movie_id"
                                                    ],
                                                    "Inner Unique": true,
                                                    "Hash Cond": "(mc.movie_id = t.id)",
                                                    "Workers": [
                                                        {
                                                            "Worker Number": 0,
                                                            "Actual Startup Time": 343.358,
                                                            "Actual Total Time": 643.343,
                                                            "Actual Rows": 695280,
                                                            "Actual Loops": 1
                                                        },
                                                        {
                                                            "Worker Number": 1,
                                                            "Actual Startup Time": 343.281,
                                                            "Actual Total Time": 644.618,
                                                            "Actual Rows": 509380,
                                                            "Actual Loops": 1
                                                        },
                                                        {
                                                            "Worker Number": 2,
                                                            "Actual Startup Time": 343.334,
                                                            "Actual Total Time": 643.439,
                                                            "Actual Rows": 695690,
                                                            "Actual Loops": 1
                                                        }
                                                    ],
                                                    "Plans": [
                                                        {
                                                            "Node Type": "Seq Scan",
                                                            "Parent Relationship": "Outer",
                                                            "Parallel Aware": true,
                                                            "Relation Name": "movie_companies",
                                                            "Schema": "public",
                                                            "Alias": "mc",
                                                            "Startup Cost": 0.0,
                                                            "Total Cost": 27206.55,
                                                            "Plan Rows": 841655,
                                                            "Plan Width": 4,
                                                            "Actual Startup Time": 0.024,
                                                            "Actual Total Time": 61.142,
                                                            "Actual Rows": 652282,
                                                            "Actual Loops": 4,
                                                            "Output": [
                                                                "mc.id",
                                                                "mc.movie_id",
                                                                "mc.company_id",
                                                                "mc.company_type_id",
                                                                "mc.note"
                                                            ],
                                                            "Workers": [
                                                                {
                                                                    "Worker Number": 0,
                                                                    "Actual Startup Time": 0.024,
                                                                    "Actual Total Time": 60.708,
                                                                    "Actual Rows": 695280,
                                                                    "Actual Loops": 1
                                                                },
                                                                {
                                                                    "Worker Number": 1,
                                                                    "Actual Startup Time": 0.033,
                                                                    "Actual Total Time": 69.394,
                                                                    "Actual Rows": 509380,
                                                                    "Actual Loops": 1
                                                                },
                                                                {
                                                                    "Worker Number": 2,
                                                                    "Actual Startup Time": 0.03,
                                                                    "Actual Total Time": 60.001,
                                                                    "Actual Rows": 695690,
                                                                    "Actual Loops": 1
                                                                }
                                                            ]
                                                        },
                                                        {
                                                            "Node Type": "Hash",
                                                            "Parent Relationship": "Inner",
                                                            "Parallel Aware": true,
                                                            "Startup Cost": 42318.81,
                                                            "Total Cost": 42318.81,
                                                            "Plan Rows": 632080,
                                                            "Plan Width": 4,
                                                            "Actual Startup Time": 337.063,
                                                            "Actual Total Time": 337.064,
                                                            "Actual Rows": 632078,
                                                            "Actual Loops": 4,
                                                            "Output": [
                                                                "t.id"
                                                            ],
                                                            "Hash Buckets": 4194304,
                                                            "Original Hash Buckets": 4194304,
                                                            "Hash Batches": 1,
                                                            "Original Hash Batches": 1,
                                                            "Peak Memory Usage": 131712,
                                                            "Workers": [
                                                                {
                                                                    "Worker Number": 0,
                                                                    "Actual Startup Time": 343.093,
                                                                    "Actual Total Time": 343.094,
                                                                    "Actual Rows": 636462,
                                                                    "Actual Loops": 1
                                                                },
                                                                {
                                                                    "Worker Number": 1,
                                                                    "Actual Startup Time": 343.135,
                                                                    "Actual Total Time": 343.136,
                                                                    "Actual Rows": 479347,
                                                                    "Actual Loops": 1
                                                                },
                                                                {
                                                                    "Worker Number": 2,
                                                                    "Actual Startup Time": 343.041,
                                                                    "Actual Total Time": 343.042,
                                                                    "Actual Rows": 633069,
                                                                    "Actual Loops": 1
                                                                }
                                                            ],
                                                            "Plans": [
                                                                {
                                                                    "Node Type": "Seq Scan",
                                                                    "Parent Relationship": "Outer",
                                                                    "Parallel Aware": true,
                                                                    "Relation Name": "title",
                                                                    "Schema": "public",
                                                                    "Alias": "t",
                                                                    "Startup Cost": 0.0,
                                                                    "Total Cost": 42318.81,
                                                                    "Plan Rows": 632080,
                                                                    "Plan Width": 4,
                                                                    "Actual Startup Time": 0.062,
                                                                    "Actual Total Time": 94.433,
                                                                    "Actual Rows": 632078,
                                                                    "Actual Loops": 4,
                                                                    "Output": [
                                                                        "t.id"
                                                                    ],
                                                                    "Workers": [
                                                                        {
                                                                            "Worker Number": 0,
                                                                            "Actual Startup Time": 0.061,
                                                                            "Actual Total Time": 95.563,
                                                                            "Actual Rows": 636462,
                                                                            "Actual Loops": 1
                                                                        },
                                                                        {
                                                                            "Worker Number": 1,
                                                                            "Actual Startup Time": 0.093,
                                                                            "Actual Total Time": 105.088,
                                                                            "Actual Rows": 479347,
                                                                            "Actual Loops": 1
                                                                        },
                                                                        {
                                                                            "Worker Number": 2,
                                                                            "Actual Startup Time": 0.078,
                                                                            "Actual Total Time": 94.757,
                                                                            "Actual Rows": 633069,
                                                                            "Actual Loops": 1
                                                                        }
                                                                    ]
                                                                }
                                                            ]
                                                        }
                                                    ]
                                                }
                                            ]
                                        }
                                    ]
                                }
                            ]
                        }
                    ]
                }
            ]
        },
        "Planning Time": 194.022,
        "Triggers": [],
        "Execution Time": 1898.009
    }
]