[
  {
    "Plan": {
      "Node Type": "Aggregate",
      "Strategy": "Plain",
      "Partial Mode": "Finalize",
      "Parallel Aware": false,
      "Startup Cost": 35321.12,
      "Total Cost": 35321.13,
      "Plan Rows": 1,
      "Plan Width": 8,
      "Actual Startup Time": 114.489,
      "Actual Total Time": 122.063,
      "Actual Rows": 1,
      "Actual Loops": 1,
      "Plans": [
        {
          "Node Type": "Gather",
          "Parent Relationship": "Outer",
          "Parallel Aware": false,
          "Startup Cost": 35320.81,
          "Total Cost": 35321.12,
          "Plan Rows": 3,
          "Plan Width": 8,
          "Actual Startup Time": 114.254,
          "Actual Total Time": 122.055,
          "Actual Rows": 4,
          "Actual Loops": 1,
          "Workers Planned": 3,
          "Workers Launched": 3,
          "Single Copy": false,
          "Plans": [
            {
              "Node Type": "Aggregate",
              "Strategy": "Plain",
              "Partial Mode": "Partial",
              "Parent Relationship": "Outer",
              "Parallel Aware": false,
              "Startup Cost": 34320.81,
              "Total Cost": 34320.82,
              "Plan Rows": 1,
              "Plan Width": 8,
              "Actual Startup Time": 107.179,
              "Actual Total Time": 107.18,
              "Actual Rows": 1,
              "Actual Loops": 4,
              "Plans": [
                {
                  "Node Type": "Bitmap Heap Scan",
                  "Parent Relationship": "Outer",
                  "Parallel Aware": true,
                  "Relation Name": "movie_keyword",
                  "Alias": "mk",
                  "Startup Cost": 8034.76,
                  "Total Cost": 34015.47,
                  "Plan Rows": 122136,
                  "Plan Width": 0,
                  "Actual Startup Time": 41.29,
                  "Actual Total Time": 101.746,
                  "Actual Rows": 90901,
                  "Actual Loops": 4,
                  "Recheck Cond": "(keyword_id > 46050)",
                  "Rows Removed by Index Recheck": 0,
                  "Exact Heap Blocks": 10818,
                  "Lossy Heap Blocks": 0,
                  "Plans": [
                    {
                      "Node Type": "Bitmap Index Scan",
                      "Parent Relationship": "Outer",
                      "Parallel Aware": false,
                      "Index Name": "keyword_id_movie_keyword",
                      "Startup Cost": 0.0,
                      "Total Cost": 7940.1,
                      "Plan Rows": 378623,
                      "Plan Width": 0,
                      "Actual Startup Time": 43.424,
                      "Actual Total Time": 43.424,
                      "Actual Rows": 363603,
                      "Actual Loops": 1,
                      "Index Cond": "(keyword_id > 46050)"
                    }
                  ]
                }
              ]
            }
          ]
        }
      ]
    },
    "Planning Time": 0.181,
    "Triggers": [],
    "Execution Time": 122.14
  }
]