[
  {
    "Plan": {
      "Node Type": "Aggregate",
      "Strategy": "Plain",
      "Partial Mode": "Finalize",
      "Parallel Aware": false,
      "Startup Cost": 332726.18,
      "Total Cost": 332726.2,
      "Plan Rows": 1,
      "Plan Width": 8,
      "Actual Startup Time": 608.614,
      "Actual Total Time": 662.942,
      "Actual Rows": 1,
      "Actual Loops": 1,
      "Plans": [
        {
          "Node Type": "Gather",
          "Parent Relationship": "Outer",
          "Parallel Aware": false,
          "Startup Cost": 332725.56,
          "Total Cost": 332726.17,
          "Plan Rows": 6,
          "Plan Width": 8,
          "Actual Startup Time": 608.489,
          "Actual Total Time": 662.932,
          "Actual Rows": 7,
          "Actual Loops": 1,
          "Workers Planned": 6,
          "Workers Launched": 6,
          "Single Copy": false,
          "Plans": [
            {
              "Node Type": "Aggregate",
              "Strategy": "Plain",
              "Partial Mode": "Partial",
              "Parent Relationship": "Outer",
              "Parallel Aware": false,
              "Startup Cost": 331725.56,
              "Total Cost": 331725.57,
              "Plan Rows": 1,
              "Plan Width": 8,
              "Actual Startup Time": 599.477,
              "Actual Total Time": 599.478,
              "Actual Rows": 1,
              "Actual Loops": 7,
              "Plans": [
                {
                  "Node Type": "Seq Scan",
                  "Parent Relationship": "Outer",
                  "Parallel Aware": true,
                  "Relation Name": "cast_info",
                  "Alias": "ci",
                  "Startup Cost": 0.0,
                  "Total Cost": 328162.03,
                  "Plan Rows": 1425414,
                  "Plan Width": 0,
                  "Actual Startup Time": 313.69,
                  "Actual Total Time": 549.4,
                  "Actual Rows": 1209811,
                  "Actual Loops": 7,
                  "Filter": "(person_id > 2838830)",
                  "Rows Removed by Filter": 3967952
                }
              ]
            }
          ]
        }
      ]
    },
    "Planning Time": 0.226,
    "Triggers": [],
    "Execution Time": 663.016
  }
]