[
  {
    "Plan": {
      "Node Type": "Aggregate",
      "Strategy": "Plain",
      "Partial Mode": "Finalize",
      "Parallel Aware": false,
      "Startup Cost": 354898.99,
      "Total Cost": 354899.01,
      "Plan Rows": 1,
      "Plan Width": 8,
      "Actual Startup Time": 829.996,
      "Actual Total Time": 888.435,
      "Actual Rows": 1,
      "Actual Loops": 1,
      "Plans": [
        {
          "Node Type": "Gather",
          "Parent Relationship": "Outer",
          "Parallel Aware": false,
          "Startup Cost": 354898.37,
          "Total Cost": 354898.98,
          "Plan Rows": 6,
          "Plan Width": 8,
          "Actual Startup Time": 829.859,
          "Actual Total Time": 888.425,
          "Actual Rows": 7,
          "Actual Loops": 1,
          "Workers Planned": 6,
          "Workers Launched": 6,
          "Single Copy": false,
          "Plans": [
            {
              "Node Type": "Aggregate",
              "Strategy": "Plain",
              "Partial Mode": "Partial",
              "Parent Relationship": "Outer",
              "Parallel Aware": false,
              "Startup Cost": 353898.37,
              "Total Cost": 353898.38,
              "Plan Rows": 1,
              "Plan Width": 8,
              "Actual Startup Time": 821.4,
              "Actual Total Time": 821.401,
              "Actual Rows": 1,
              "Actual Loops": 7,
              "Plans": [
                {
                  "Node Type": "Seq Scan",
                  "Parent Relationship": "Outer",
                  "Parallel Aware": true,
                  "Relation Name": "cast_info",
                  "Alias": "ci",
                  "Startup Cost": 0.0,
                  "Total Cost": 343257.03,
                  "Plan Rows": 4256536,
                  "Plan Width": 0,
                  "Actual Startup Time": 90.648,
                  "Actual Total Time": 676.14,
                  "Actual Rows": 3547684,
                  "Actual Loops": 7,
                  "Filter": "((person_id > 683792) AND (role_id < 10))",
                  "Rows Removed by Filter": 1630079
                }
              ]
            }
          ]
        }
      ]
    },
    "Planning Time": 0.244,
    "Triggers": [],
    "Execution Time": 888.507
  }
]