[
    {
        "Bao": {
            "Bao prediction": "NaN",
            "Bao recommended hint": "(no hint)"
        }
    },
    {
        "Plan": {
            "Node Type": "Aggregate",
            "Strategy": "Plain",
            "Partial Mode": "Finalize",
            "Parallel Aware": false,
            "Startup Cost": 328137.72,
            "Total Cost": 328137.73,
            "Plan Rows": 1,
            "Plan Width": 8,
            "Actual Startup Time": 237.197,
            "Actual Total Time": 243.111,
            "Actual Rows": 1,
            "Actual Loops": 1,
            "Output": [
                "count(*)"
            ],
            "Plans": [
                {
                    "Node Type": "Gather",
                    "Parent Relationship": "Outer",
                    "Parallel Aware": false,
                    "Startup Cost": 328137.1,
                    "Total Cost": 328137.71,
                    "Plan Rows": 6,
                    "Plan Width": 8,
                    "Actual Startup Time": 236.338,
                    "Actual Total Time": 243.103,
                    "Actual Rows": 7,
                    "Actual Loops": 1,
                    "Output": [
                        "(PARTIAL count(*))"
                    ],
                    "Workers Planned": 6,
                    "Workers Launched": 6,
                    "Single Copy": false,
                    "Plans": [
                        {
                            "Node Type": "Aggregate",
                            "Strategy": "Plain",
                            "Partial Mode": "Partial",
                            "Parent Relationship": "Outer",
                            "Parallel Aware": false,
                            "Startup Cost": 327137.1,
                            "Total Cost": 327137.11,
                            "Plan Rows": 1,
                            "Plan Width": 8,
                            "Actual Startup Time": 226.13,
                            "Actual Total Time": 226.131,
                            "Actual Rows": 1,
                            "Actual Loops": 7,
                            "Output": [
                                "PARTIAL count(*)"
                            ],
                            "Workers": [
                                {
                                    "Worker Number": 0,
                                    "Actual Startup Time": 223.6,
                                    "Actual Total Time": 223.602,
                                    "Actual Rows": 1,
                                    "Actual Loops": 1
                                },
                                {
                                    "Worker Number": 1,
                                    "Actual Startup Time": 223.883,
                                    "Actual Total Time": 223.884,
                                    "Actual Rows": 1,
                                    "Actual Loops": 1
                                },
                                {
                                    "Worker Number": 2,
                                    "Actual Startup Time": 224.493,
                                    "Actual Total Time": 224.494,
                                    "Actual Rows": 1,
                                    "Actual Loops": 1
                                },
                                {
                                    "Worker Number": 3,
                                    "Actual Startup Time": 224.8,
                                    "Actual Total Time": 224.802,
                                    "Actual Rows": 1,
                                    "Actual Loops": 1
                                },
                                {
                                    "Worker Number": 4,
                                    "Actual Startup Time": 224.793,
                                    "Actual Total Time": 224.794,
                                    "Actual Rows": 1,
                                    "Actual Loops": 1
                                },
                                {
                                    "Worker Number": 5,
                                    "Actual Startup Time": 225.323,
                                    "Actual Total Time": 225.324,
                                    "Actual Rows": 1,
                                    "Actual Loops": 1
                                }
                            ],
                            "Plans": [
                                {
                                    "Node Type": "Bitmap Heap Scan",
                                    "Parent Relationship": "Outer",
                                    "Parallel Aware": true,
                                    "Relation Name": "cast_info",
                                    "Schema": "public",
                                    "Alias": "ci",
                                    "Startup Cost": 66877.04,
                                    "Total Cost": 325874.92,
                                    "Plan Rows": 504870,
                                    "Plan Width": 0,
                                    "Actual Startup Time": 104.782,
                                    "Actual Total Time": 202.748,
                                    "Actual Rows": 440346,
                                    "Actual Loops": 7,
                                    "Recheck Cond": "(ci.person_id < 298787)",
                                    "Rows Removed by Index Recheck": 0,
                                    "Exact Heap Blocks": 6998,
                                    "Lossy Heap Blocks": 0,
                                    "Workers": [
                                        {
                                            "Worker Number": 0,
                                            "Actual Startup Time": 102.258,
                                            "Actual Total Time": 201.588,
                                            "Actual Rows": 408418,
                                            "Actual Loops": 1
                                        },
                                        {
                                            "Worker Number": 1,
                                            "Actual Startup Time": 102.481,
                                            "Actual Total Time": 200.199,
                                            "Actual Rows": 308265,
                                            "Actual Loops": 1
                                        },
                                        {
                                            "Worker Number": 2,
                                            "Actual Startup Time": 103.475,
                                            "Actual Total Time": 200.979,
                                            "Actual Rows": 423830,
                                            "Actual Loops": 1
                                        },
                                        {
                                            "Worker Number": 3,
                                            "Actual Startup Time": 103.703,
                                            "Actual Total Time": 201.455,
                                            "Actual Rows": 420130,
                                            "Actual Loops": 1
                                        },
                                        {
                                            "Worker Number": 4,
                                            "Actual Startup Time": 103.375,
                                            "Actual Total Time": 202.941,
                                            "Actual Rows": 402999,
                                            "Actual Loops": 1
                                        },
                                        {
                                            "Worker Number": 5,
                                            "Actual Startup Time": 103.974,
                                            "Actual Total Time": 202.039,
                                            "Actual Rows": 426197,
                                            "Actual Loops": 1
                                        }
                                    ],
                                    "Plans": [
                                        {
                                            "Node Type": "Bitmap Index Scan",
                                            "Parent Relationship": "Outer",
                                            "Parallel Aware": false,
                                            "Index Name": "person_id_cast_info",
                                            "Startup Cost": 0.0,
                                            "Total Cost": 66119.74,
                                            "Plan Rows": 3029223,
                                            "Plan Width": 0,
                                            "Actual Startup Time": 109.088,
                                            "Actual Total Time": 109.088,
                                            "Actual Rows": 3082423,
                                            "Actual Loops": 1,
                                            "Index Cond": "(ci.person_id < 298787)"
                                        }
                                    ]
                                }
                            ]
                        }
                    ]
                }
            ]
        },
        "Planning Time": 189.135,
        "Triggers": [],
        "Execution Time": 243.154
    }
]