{
  "Plan": {
    "Node Type": "Aggregate",
    "Strategy": "Plain",
    "Partial Mode": "Finalize",
    "Parallel Aware": false,
    "Startup Cost": 484986.44,
    "Total Cost": 484986.45,
    "Plan Rows": 1,
    "Plan Width": 8,
    "Actual Startup Time": 1153.955,
    "Actual Total Time": 1199.649,
    "Actual Rows": 1,
    "Actual Loops": 1,
    "Plans": [
      {
        "Node Type": "Gather",
        "Parent Relationship": "Outer",
        "Parallel Aware": false,
        "Startup Cost": 484986.33,
        "Total Cost": 484986.44,
        "Plan Rows": 1,
        "Plan Width": 8,
        "Actual Startup Time": 1153.78,
        "Actual Total Time": 1199.64,
        "Actual Rows": 2,
        "Actual Loops": 1,
        "Workers Planned": 1,
        "Workers Launched": 1,
        "Single Copy": false,
        "Plans": [
          {
            "Node Type": "Aggregate",
            "Strategy": "Plain",
            "Partial Mode": "Partial",
            "Parent Relationship": "Outer",
            "Parallel Aware": false,
            "Startup Cost": 483986.33,
            "Total Cost": 483986.34,
            "Plan Rows": 1,
            "Plan Width": 8,
            "Actual Startup Time": 1147.562,
            "Actual Total Time": 1147.566,
            "Actual Rows": 1,
            "Actual Loops": 2,
            "Plans": [
              {
                "Node Type": "Nested Loop",
                "Parent Relationship": "Outer",
                "Parallel Aware": false,
                "Join Type": "Inner",
                "Startup Cost": 39469.82,
                "Total Cost": 483556.9,
                "Plan Rows": 171773,
                "Plan Width": 0,
                "Actual Startup Time": 68.264,
                "Actual Total Time": 1146.648,
                "Actual Rows": 18539,
                "Actual Loops": 2,
                "Inner Unique": false,
                "Join Filter": "(t.id = mk.movie_id)",
                "Rows Removed by Join Filter": 0,
                "Plans": [
                  {
                    "Node Type": "Hash Join",
                    "Parent Relationship": "Outer",
                    "Parallel Aware": true,
                    "Join Type": "Inner",
                    "Startup Cost": 39469.38,
                    "Total Cost": 311252.87,
                    "Plan Rows": 95999,
                    "Plan Width": 8,
                    "Actual Startup Time": 67.708,
                    "Actual Total Time": 1124.35,
                    "Actual Rows": 3072,
                    "Actual Loops": 2,
                    "Inner Unique": true,
                    "Hash Cond": "(mi.movie_id = t.id)",
                    "Plans": [
                      {
                        "Node Type": "Seq Scan",
                        "Parent Relationship": "Outer",
                        "Parallel Aware": true,
                        "Relation Name": "movie_info",
                        "Alias": "mi",
                        "Startup Cost": 0.0,
                        "Total Cost": 248955.74,
                        "Plan Rows": 8696274,
                        "Plan Width": 4,
                        "Actual Startup Time": 0.012,
                        "Actual Total Time": 603.934,
                        "Actual Rows": 7417860,
                        "Actual Loops": 2
                      },
                      {
                        "Node Type": "Hash",
                        "Parent Relationship": "Inner",
                        "Parallel Aware": true,
                        "Startup Cost": 39264.16,
                        "Total Cost": 39264.16,
                        "Plan Rows": 16418,
                        "Plan Width": 4,
                        "Actual Startup Time": 51.503,
                        "Actual Total Time": 51.505,
                        "Actual Rows": 407,
                        "Actual Loops": 2,
                        "Hash Buckets": 32768,
                        "Original Hash Buckets": 32768,
                        "Hash Batches": 1,
                        "Original Hash Batches": 1,
                        "Peak Memory Usage": 320,
                        "Plans": [
                          {
                            "Node Type": "Bitmap Heap Scan",
                            "Parent Relationship": "Outer",
                            "Parallel Aware": true,
                            "Relation Name": "title",
                            "Alias": "t",
                            "Startup Cost": 2187.91,
                            "Total Cost": 39264.16,
                            "Plan Rows": 16418,
                            "Plan Width": 4,
                            "Actual Startup Time": 15.775,
                            "Actual Total Time": 51.188,
                            "Actual Rows": 407,
                            "Actual Loops": 2,
                            "Recheck Cond": "(kind_id = 4)",
                            "Rows Removed by Index Recheck": 0,
                            "Filter": "(production_year < 1985)",
                            "Rows Removed by Filter": 58710,
                            "Exact Heap Blocks": 11306,
                            "Lossy Heap Blocks": 0,
                            "Plans": [
                              {
                                "Node Type": "Bitmap Index Scan",
                                "Parent Relationship": "Outer",
                                "Parallel Aware": false,
                                "Index Name": "kind_id_title",
                                "Startup Cost": 0.0,
                                "Total Cost": 2180.94,
                                "Plan Rows": 122201,
                                "Plan Width": 0,
                                "Actual Startup Time": 15.804,
                                "Actual Total Time": 15.804,
                                "Actual Rows": 118234,
                                "Actual Loops": 1,
                                "Index Cond": "(kind_id = 4)"
                              }
                            ]
                          }
                        ]
                      }
                    ]
                  },
                  {
                    "Node Type": "Index Only Scan",
                    "Parent Relationship": "Inner",
                    "Parallel Aware": false,
                    "Scan Direction": "Forward",
                    "Index Name": "movie_id_movie_keyword",
                    "Relation Name": "movie_keyword",
                    "Alias": "mk",
                    "Startup Cost": 0.43,
                    "Total Cost": 1.23,
                    "Plan Rows": 45,
                    "Plan Width": 4,
                    "Actual Startup Time": 0.006,
                    "Actual Total Time": 0.006,
                    "Actual Rows": 6,
                    "Actual Loops": 6144,
                    "Index Cond": "(movie_id = mi.movie_id)",
                    "Rows Removed by Index Recheck": 0,
                    "Heap Fetches": 37078
                  }
                ]
              }
            ]
          }
        ]
      }
    ]
  },
  "Planning Time": 1.021,
  "Triggers": [],
  "Execution Time": 1199.767
}