[
  {
    "Plan": {
      "Node Type": "Aggregate",
      "Strategy": "Plain",
      "Partial Mode": "Simple",
      "Parallel Aware": false,
      "Startup Cost": 5997.06,
      "Total Cost": 5997.07,
      "Plan Rows": 1,
      "Plan Width": 8,
      "Actual Startup Time": 3.01,
      "Actual Total Time": 3.012,
      "Actual Rows": 1,
      "Actual Loops": 1,
      "Plans": [
        {
          "Node Type": "Index Only Scan",
          "Parent Relationship": "Outer",
          "Parallel Aware": false,
          "Scan Direction": "Forward",
          "Index Name": "company_id_movie_companies",
          "Relation Name": "movie_companies",
          "Alias": "mc",
          "Startup Cost": 0.43,
          "Total Cost": 5990.98,
          "Plan Rows": 2435,
          "Plan Width": 0,
          "Actual Startup Time": 0.205,
          "Actual Total Time": 2.652,
          "Actual Rows": 2403,
          "Actual Loops": 1,
          "Index Cond": "(company_id = 575)",
          "Rows Removed by Index Recheck": 0,
          "Heap Fetches": 2403
        }
      ]
    },
    "Planning Time": 0.185,
    "Triggers": [],
    "Execution Time": 3.066
  }
]