[
  {
    "Plan": {
      "Node Type": "Aggregate",
      "Strategy": "Plain",
      "Partial Mode": "Finalize",
      "Parallel Aware": false,
      "Startup Cost": 461901.82,
      "Total Cost": 461901.83,
      "Plan Rows": 1,
      "Plan Width": 8,
      "Actual Startup Time": 4859.407,
      "Actual Total Time": 4937.47,
      "Actual Rows": 1,
      "Actual Loops": 1,
      "Plans": [
        {
          "Node Type": "Gather",
          "Parent Relationship": "Outer",
          "Parallel Aware": false,
          "Startup Cost": 461901.5,
          "Total Cost": 461901.81,
          "Plan Rows": 3,
          "Plan Width": 8,
          "Actual Startup Time": 4813.684,
          "Actual Total Time": 4937.446,
          "Actual Rows": 4,
          "Actual Loops": 1,
          "Workers Planned": 3,
          "Workers Launched": 3,
          "Single Copy": false,
          "Plans": [
            {
              "Node Type": "Aggregate",
              "Strategy": "Plain",
              "Partial Mode": "Partial",
              "Parent Relationship": "Outer",
              "Parallel Aware": false,
              "Startup Cost": 460901.5,
              "Total Cost": 460901.51,
              "Plan Rows": 1,
              "Plan Width": 8,
              "Actual Startup Time": 4785.932,
              "Actual Total Time": 4787.935,
              "Actual Rows": 1,
              "Actual Loops": 4,
              "Plans": [
                {
                  "Node Type": "Hash Join",
                  "Parent Relationship": "Outer",
                  "Parallel Aware": true,
                  "Join Type": "Inner",
                  "Startup Cost": 397828.47,
                  "Total Cost": 449769.58,
                  "Plan Rows": 4452771,
                  "Plan Width": 0,
                  "Actual Startup Time": 2984.042,
                  "Actual Total Time": 4235.801,
                  "Actual Rows": 13131162,
                  "Actual Loops": 4,
                  "Inner Unique": false,
                  "Hash Cond": "(mk.movie_id = t.id)",
                  "Plans": [
                    {
                      "Node Type": "Seq Scan",
                      "Parent Relationship": "Outer",
                      "Parallel Aware": true,
                      "Relation Name": "movie_keyword",
                      "Alias": "mk",
                      "Startup Cost": 0.0,
                      "Total Cost": 39047.32,
                      "Plan Rows": 1459332,
                      "Plan Width": 4,
                      "Actual Startup Time": 0.055,
                      "Actual Total Time": 92.391,
                      "Actual Rows": 1130982,
                      "Actual Loops": 4
                    },
                    {
                      "Node Type": "Hash",
                      "Parent Relationship": "Inner",
                      "Parallel Aware": true,
                      "Startup Cost": 381756.74,
                      "Total Cost": 381756.74,
                      "Plan Rows": 1285738,
                      "Plan Width": 8,
                      "Actual Startup Time": 2966.529,
                      "Actual Total Time": 2968.53,
                      "Actual Rows": 1911596,
                      "Actual Loops": 4,
                      "Hash Buckets": 8388608,
                      "Original Hash Buckets": 8388608,
                      "Hash Batches": 1,
                      "Original Hash Batches": 1,
                      "Peak Memory Usage": 364736,
                      "Plans": [
                        {
                          "Node Type": "Hash Join",
                          "Parent Relationship": "Outer",
                          "Parallel Aware": true,
                          "Join Type": "Inner",
                          "Startup Cost": 50219.64,
                          "Total Cost": 381756.74,
                          "Plan Rows": 1285738,
                          "Plan Width": 8,
                          "Actual Startup Time": 824.9,
                          "Actual Total Time": 2201.192,
                          "Actual Rows": 1911596,
                          "Actual Loops": 4,
                          "Inner Unique": true,
                          "Hash Cond": "(ci.movie_id = t.id)",
                          "Plans": [
                            {
                              "Node Type": "Seq Scan",
                              "Parent Relationship": "Outer",
                              "Parallel Aware": true,
                              "Relation Name": "cast_info",
                              "Alias": "ci",
                              "Startup Cost": 0.0,
                              "Total Cost": 328162.03,
                              "Plan Rows": 1285738,
                              "Plan Width": 4,
                              "Actual Startup Time": 467.83,
                              "Actual Total Time": 855.22,
                              "Actual Rows": 1911596,
                              "Actual Loops": 4,
                              "Filter": "(person_id > 2911060)",
                              "Rows Removed by Filter": 7149490
                            },
                            {
                              "Node Type": "Hash",
                              "Parent Relationship": "Inner",
                              "Parallel Aware": true,
                              "Startup Cost": 42318.73,
                              "Total Cost": 42318.73,
                              "Plan Rows": 632073,
                              "Plan Width": 4,
                              "Actual Startup Time": 351.233,
                              "Actual Total Time": 351.234,
                              "Actual Rows": 632078,
                              "Actual Loops": 4,
                              "Hash Buckets": 4194304,
                              "Original Hash Buckets": 4194304,
                              "Hash Batches": 1,
                              "Original Hash Batches": 1,
                              "Peak Memory Usage": 131744,
                              "Plans": [
                                {
                                  "Node Type": "Seq Scan",
                                  "Parent Relationship": "Outer",
                                  "Parallel Aware": true,
                                  "Relation Name": "title",
                                  "Alias": "t",
                                  "Startup Cost": 0.0,
                                  "Total Cost": 42318.73,
                                  "Plan Rows": 632073,
                                  "Plan Width": 4,
                                  "Actual Startup Time": 0.045,
                                  "Actual Total Time": 103.127,
                                  "Actual Rows": 632078,
                                  "Actual Loops": 4
                                }
                              ]
                            }
                          ]
                        }
                      ]
                    }
                  ]
                }
              ]
            }
          ]
        }
      ]
    },
    "Planning Time": 1.278,
    "Triggers": [],
    "Execution Time": 4937.559
  }
]