[
  {
    "Plan": {
      "Node Type": "Aggregate",
      "Strategy": "Plain",
      "Partial Mode": "Finalize",
      "Parallel Aware": false,
      "Startup Cost": 95047.53,
      "Total Cost": 95047.54,
      "Plan Rows": 1,
      "Plan Width": 8,
      "Actual Startup Time": 410.17,
      "Actual Total Time": 426.63,
      "Actual Rows": 1,
      "Actual Loops": 1,
      "Plans": [
        {
          "Node Type": "Gather",
          "Parent Relationship": "Outer",
          "Parallel Aware": false,
          "Startup Cost": 95047.21,
          "Total Cost": 95047.52,
          "Plan Rows": 3,
          "Plan Width": 8,
          "Actual Startup Time": 408.868,
          "Actual Total Time": 426.62,
          "Actual Rows": 4,
          "Actual Loops": 1,
          "Workers Planned": 3,
          "Workers Launched": 3,
          "Single Copy": false,
          "Plans": [
            {
              "Node Type": "Aggregate",
              "Strategy": "Plain",
              "Partial Mode": "Partial",
              "Parent Relationship": "Outer",
              "Parallel Aware": false,
              "Startup Cost": 94047.21,
              "Total Cost": 94047.22,
              "Plan Rows": 1,
              "Plan Width": 8,
              "Actual Startup Time": 400.291,
              "Actual Total Time": 400.295,
              "Actual Rows": 1,
              "Actual Loops": 4,
              "Plans": [
                {
                  "Node Type": "Hash Join",
                  "Parent Relationship": "Outer",
                  "Parallel Aware": true,
                  "Join Type": "Inner",
                  "Startup Cost": 47061.52,
                  "Total Cost": 93359.99,
                  "Plan Rows": 274888,
                  "Plan Width": 0,
                  "Actual Startup Time": 182.123,
                  "Actual Total Time": 382.178,
                  "Actual Rows": 402794,
                  "Actual Loops": 4,
                  "Inner Unique": true,
                  "Hash Cond": "(mk.movie_id = t.id)",
                  "Plans": [
                    {
                      "Node Type": "Seq Scan",
                      "Parent Relationship": "Outer",
                      "Parallel Aware": true,
                      "Relation Name": "movie_keyword",
                      "Alias": "mk",
                      "Startup Cost": 0.0,
                      "Total Cost": 42695.65,
                      "Plan Rows": 1372496,
                      "Plan Width": 4,
                      "Actual Startup Time": 0.026,
                      "Actual Total Time": 120.49,
                      "Actual Rows": 1064888,
                      "Actual Loops": 4,
                      "Filter": "(keyword_id < 59098)",
                      "Rows Removed by Filter": 66094
                    },
                    {
                      "Node Type": "Hash",
                      "Parent Relationship": "Inner",
                      "Parallel Aware": true,
                      "Startup Cost": 45479.1,
                      "Total Cost": 45479.1,
                      "Plan Rows": 126594,
                      "Plan Width": 4,
                      "Actual Startup Time": 136.781,
                      "Actual Total Time": 136.782,
                      "Actual Rows": 94480,
                      "Actual Loops": 4,
                      "Hash Buckets": 524288,
                      "Original Hash Buckets": 524288,
                      "Hash Batches": 1,
                      "Original Hash Batches": 1,
                      "Peak Memory Usage": 18912,
                      "Plans": [
                        {
                          "Node Type": "Seq Scan",
                          "Parent Relationship": "Outer",
                          "Parallel Aware": true,
                          "Relation Name": "title",
                          "Alias": "t",
                          "Startup Cost": 0.0,
                          "Total Cost": 45479.1,
                          "Plan Rows": 126594,
                          "Plan Width": 4,
                          "Actual Startup Time": 48.433,
                          "Actual Total Time": 105.061,
                          "Actual Rows": 94480,
                          "Actual Loops": 4,
                          "Filter": "((production_year > 1981) AND (kind_id = 1))",
                          "Rows Removed by Filter": 537598
                        }
                      ]
                    }
                  ]
                }
              ]
            }
          ]
        }
      ]
    },
    "Planning Time": 0.611,
    "Triggers": [],
    "Execution Time": 426.7
  }
]