[
  {
    "Plan": {
      "Node Type": "Aggregate",
      "Strategy": "Plain",
      "Partial Mode": "Finalize",
      "Parallel Aware": false,
      "Startup Cost": 100220.88,
      "Total Cost": 100220.89,
      "Plan Rows": 1,
      "Plan Width": 8,
      "Actual Startup Time": 808.255,
      "Actual Total Time": 832.282,
      "Actual Rows": 1,
      "Actual Loops": 1,
      "Plans": [
        {
          "Node Type": "Gather",
          "Parent Relationship": "Outer",
          "Parallel Aware": false,
          "Startup Cost": 100220.56,
          "Total Cost": 100220.87,
          "Plan Rows": 3,
          "Plan Width": 8,
          "Actual Startup Time": 794.261,
          "Actual Total Time": 832.273,
          "Actual Rows": 4,
          "Actual Loops": 1,
          "Workers Planned": 3,
          "Workers Launched": 3,
          "Single Copy": false,
          "Plans": [
            {
              "Node Type": "Aggregate",
              "Strategy": "Plain",
              "Partial Mode": "Partial",
              "Parent Relationship": "Outer",
              "Parallel Aware": false,
              "Startup Cost": 99220.56,
              "Total Cost": 99220.57,
              "Plan Rows": 1,
              "Plan Width": 8,
              "Actual Startup Time": 781.357,
              "Actual Total Time": 781.361,
              "Actual Rows": 1,
              "Actual Loops": 4,
              "Plans": [
                {
                  "Node Type": "Hash Join",
                  "Parent Relationship": "Outer",
                  "Parallel Aware": true,
                  "Join Type": "Inner",
                  "Startup Cost": 50220.38,
                  "Total Cost": 96145.18,
                  "Plan Rows": 1230152,
                  "Plan Width": 0,
                  "Actual Startup Time": 408.406,
                  "Actual Total Time": 731.545,
                  "Actual Rows": 954041,
                  "Actual Loops": 4,
                  "Inner Unique": true,
                  "Hash Cond": "(mk.movie_id = t.id)",
                  "Plans": [
                    {
                      "Node Type": "Seq Scan",
                      "Parent Relationship": "Outer",
                      "Parallel Aware": true,
                      "Relation Name": "movie_keyword",
                      "Alias": "mk",
                      "Startup Cost": 0.0,
                      "Total Cost": 42695.65,
                      "Plan Rows": 1230152,
                      "Plan Width": 4,
                      "Actual Startup Time": 0.038,
                      "Actual Total Time": 131.508,
                      "Actual Rows": 954041,
                      "Actual Loops": 4,
                      "Filter": "(keyword_id < 26680)",
                      "Rows Removed by Filter": 176941
                    },
                    {
                      "Node Type": "Hash",
                      "Parent Relationship": "Inner",
                      "Parallel Aware": true,
                      "Startup Cost": 42319.06,
                      "Total Cost": 42319.06,
                      "Plan Rows": 632106,
                      "Plan Width": 4,
                      "Actual Startup Time": 400.386,
                      "Actual Total Time": 400.387,
                      "Actual Rows": 632078,
                      "Actual Loops": 4,
                      "Hash Buckets": 4194304,
                      "Original Hash Buckets": 4194304,
                      "Hash Batches": 1,
                      "Original Hash Batches": 1,
                      "Peak Memory Usage": 131744,
                      "Plans": [
                        {
                          "Node Type": "Seq Scan",
                          "Parent Relationship": "Outer",
                          "Parallel Aware": true,
                          "Relation Name": "title",
                          "Alias": "t",
                          "Startup Cost": 0.0,
                          "Total Cost": 42319.06,
                          "Plan Rows": 632106,
                          "Plan Width": 4,
                          "Actual Startup Time": 0.052,
                          "Actual Total Time": 117.236,
                          "Actual Rows": 632078,
                          "Actual Loops": 4
                        }
                      ]
                    }
                  ]
                }
              ]
            }
          ]
        }
      ]
    },
    "Planning Time": 0.265,
    "Triggers": [],
    "Execution Time": 832.32
  }
]