{
    "Plan": {
        "Node Type": "Aggregate",
        "Strategy": "Plain",
        "Partial Mode": "Finalize",
        "Parallel Aware": false,
        "Startup Cost": 170813.62,
        "Total Cost": 170813.63,
        "Plan Rows": 1,
        "Plan Width": 8,
        "Actual Startup Time": 36.969,
        "Actual Total Time": 43.24,
        "Actual Rows": 1,
        "Actual Loops": 1,
        "Output": [
            "count(*)"
        ],
        "Plans": [
            {
                "Node Type": "Gather",
                "Parent Relationship": "Outer",
                "Parallel Aware": false,
                "Startup Cost": 170813.4,
                "Total Cost": 170813.61,
                "Plan Rows": 2,
                "Plan Width": 8,
                "Actual Startup Time": 36.848,
                "Actual Total Time": 43.233,
                "Actual Rows": 3,
                "Actual Loops": 1,
                "Output": [
                    "(PARTIAL count(*))"
                ],
                "Workers Planned": 2,
                "Workers Launched": 2,
                "Single Copy": false,
                "Plans": [
                    {
                        "Node Type": "Aggregate",
                        "Strategy": "Plain",
                        "Partial Mode": "Partial",
                        "Parent Relationship": "Outer",
                        "Parallel Aware": false,
                        "Startup Cost": 169813.4,
                        "Total Cost": 169813.41,
                        "Plan Rows": 1,
                        "Plan Width": 8,
                        "Actual Startup Time": 32.055,
                        "Actual Total Time": 32.056,
                        "Actual Rows": 1,
                        "Actual Loops": 3,
                        "Output": [
                            "PARTIAL count(*)"
                        ],
                        "Workers": [
                            {
                                "Worker Number": 0,
                                "Actual Startup Time": 29.041,
                                "Actual Total Time": 29.042,
                                "Actual Rows": 1,
                                "Actual Loops": 1
                            },
                            {
                                "Worker Number": 1,
                                "Actual Startup Time": 30.884,
                                "Actual Total Time": 30.885,
                                "Actual Rows": 1,
                                "Actual Loops": 1
                            }
                        ],
                        "Plans": [
                            {
                                "Node Type": "Nested Loop",
                                "Parent Relationship": "Outer",
                                "Parallel Aware": false,
                                "Join Type": "Inner",
                                "Startup Cost": 0.99,
                                "Total Cost": 169811.39,
                                "Plan Rows": 804,
                                "Plan Width": 0,
                                "Actual Startup Time": 3.111,
                                "Actual Total Time": 31.997,
                                "Actual Rows": 244,
                                "Actual Loops": 3,
                                "Inner Unique": true,
                                "Workers": [
                                    {
                                        "Worker Number": 0,
                                        "Actual Startup Time": 8.375,
                                        "Actual Total Time": 29.005,
                                        "Actual Rows": 121,
                                        "Actual Loops": 1
                                    },
                                    {
                                        "Worker Number": 1,
                                        "Actual Startup Time": 0.797,
                                        "Actual Total Time": 30.853,
                                        "Actual Rows": 133,
                                        "Actual Loops": 1
                                    }
                                ],
                                "Plans": [
                                    {
                                        "Node Type": "Index Scan",
                                        "Parent Relationship": "Outer",
                                        "Parallel Aware": true,
                                        "Scan Direction": "Forward",
                                        "Index Name": "person_id_cast_info",
                                        "Relation Name": "cast_info",
                                        "Schema": "public",
                                        "Alias": "ci",
                                        "Startup Cost": 0.56,
                                        "Total Cost": 138138.09,
                                        "Plan Rows": 5055,
                                        "Plan Width": 4,
                                        "Actual Startup Time": 0.132,
                                        "Actual Total Time": 13.935,
                                        "Actual Rows": 1603,
                                        "Actual Loops": 3,
                                        "Output": [
                                            "ci.id",
                                            "ci.person_id",
                                            "ci.movie_id",
                                            "ci.person_role_id",
                                            "ci.note",
                                            "ci.nr_order",
                                            "ci.role_id"
                                        ],
                                        "Index Cond": "(ci.person_id < 9094)",
                                        "Rows Removed by Index Recheck": 0,
                                        "Filter": "(ci.role_id > 8)",
                                        "Rows Removed by Filter": 24526,
                                        "Workers": [
                                            {
                                                "Worker Number": 0,
                                                "Actual Startup Time": 0.129,
                                                "Actual Total Time": 9.959,
                                                "Actual Rows": 928,
                                                "Actual Loops": 1
                                            },
                                            {
                                                "Worker Number": 1,
                                                "Actual Startup Time": 0.134,
                                                "Actual Total Time": 11.202,
                                                "Actual Rows": 1190,
                                                "Actual Loops": 1
                                            }
                                        ]
                                    },
                                    {
                                        "Node Type": "Index Scan",
                                        "Parent Relationship": "Inner",
                                        "Parallel Aware": false,
                                        "Scan Direction": "Forward",
                                        "Index Name": "title_pkey",
                                        "Relation Name": "title",
                                        "Schema": "public",
                                        "Alias": "t",
                                        "Startup Cost": 0.43,
                                        "Total Cost": 6.27,
                                        "Plan Rows": 1,
                                        "Plan Width": 4,
                                        "Actual Startup Time": 0.011,
                                        "Actual Total Time": 0.011,
                                        "Actual Rows": 0,
                                        "Actual Loops": 4809,
                                        "Output": [
                                            "t.id",
                                            "t.title",
                                            "t.imdb_index",
                                            "t.kind_id",
                                            "t.production_year",
                                            "t.imdb_id",
                                            "t.phonetic_code",
                                            "t.episode_of_id",
                                            "t.season_nr",
                                            "t.episode_nr",
                                            "t.series_years",
                                            "t.md5sum"
                                        ],
                                        "Index Cond": "(t.id = ci.movie_id)",
                                        "Rows Removed by Index Recheck": 0,
                                        "Filter": "((t.kind_id < 7) AND (t.production_year < 2000))",
                                        "Rows Removed by Filter": 1,
                                        "Workers": [
                                            {
                                                "Worker Number": 0,
                                                "Actual Startup Time": 0.02,
                                                "Actual Total Time": 0.02,
                                                "Actual Rows": 0,
                                                "Actual Loops": 928
                                            },
                                            {
                                                "Worker Number": 1,
                                                "Actual Startup Time": 0.016,
                                                "Actual Total Time": 0.016,
                                                "Actual Rows": 0,
                                                "Actual Loops": 1190
                                            }
                                        ]
                                    }
                                ]
                            }
                        ]
                    }
                ]
            }
        ]
    },
    "Planning Time": 0.893,
    "Triggers": [],
    "Execution Time": 43.317
}