[
  {
    "Plan": {
      "Node Type": "Aggregate",
      "Strategy": "Plain",
      "Partial Mode": "Finalize",
      "Parallel Aware": false,
      "Startup Cost": 99520.67,
      "Total Cost": 99520.68,
      "Plan Rows": 1,
      "Plan Width": 8,
      "Actual Startup Time": 500.89,
      "Actual Total Time": 515.591,
      "Actual Rows": 1,
      "Actual Loops": 1,
      "Plans": [
        {
          "Node Type": "Gather",
          "Parent Relationship": "Outer",
          "Parallel Aware": false,
          "Startup Cost": 99520.35,
          "Total Cost": 99520.66,
          "Plan Rows": 3,
          "Plan Width": 8,
          "Actual Startup Time": 497.806,
          "Actual Total Time": 515.582,
          "Actual Rows": 4,
          "Actual Loops": 1,
          "Workers Planned": 3,
          "Workers Launched": 3,
          "Single Copy": false,
          "Plans": [
            {
              "Node Type": "Aggregate",
              "Strategy": "Plain",
              "Partial Mode": "Partial",
              "Parent Relationship": "Outer",
              "Parallel Aware": false,
              "Startup Cost": 98520.35,
              "Total Cost": 98520.36,
              "Plan Rows": 1,
              "Plan Width": 8,
              "Actual Startup Time": 488.67,
              "Actual Total Time": 488.937,
              "Actual Rows": 1,
              "Actual Loops": 4,
              "Plans": [
                {
                  "Node Type": "Hash Join",
                  "Parent Relationship": "Outer",
                  "Parallel Aware": true,
                  "Join Type": "Inner",
                  "Startup Cost": 72200.9,
                  "Total Cost": 98478.77,
                  "Plan Rows": 16630,
                  "Plan Width": 0,
                  "Actual Startup Time": 409.426,
                  "Actual Total Time": 485.835,
                  "Actual Rows": 48947,
                  "Actual Loops": 4,
                  "Inner Unique": false,
                  "Hash Cond": "(mk.movie_id = t.id)",
                  "Plans": [
                    {
                      "Node Type": "Bitmap Heap Scan",
                      "Parent Relationship": "Outer",
                      "Parallel Aware": true,
                      "Relation Name": "movie_keyword",
                      "Alias": "mk",
                      "Startup Cost": 7215.48,
                      "Total Cost": 33040.47,
                      "Plan Rows": 109679,
                      "Plan Width": 4,
                      "Actual Startup Time": 22.622,
                      "Actual Total Time": 72.762,
                      "Actual Rows": 82940,
                      "Actual Loops": 4,
                      "Recheck Cond": "(keyword_id > 49767)",
                      "Rows Removed by Index Recheck": 0,
                      "Exact Heap Blocks": 6958,
                      "Lossy Heap Blocks": 0,
                      "Plans": [
                        {
                          "Node Type": "Bitmap Index Scan",
                          "Parent Relationship": "Outer",
                          "Parallel Aware": false,
                          "Index Name": "keyword_id_movie_keyword",
                          "Startup Cost": 0.0,
                          "Total Cost": 7130.48,
                          "Plan Rows": 340006,
                          "Plan Width": 0,
                          "Actual Startup Time": 19.339,
                          "Actual Total Time": 19.339,
                          "Actual Rows": 331760,
                          "Actual Loops": 1,
                          "Index Cond": "(keyword_id > 49767)"
                        }
                      ]
                    },
                    {
                      "Node Type": "Hash",
                      "Parent Relationship": "Inner",
                      "Parallel Aware": true,
                      "Startup Cost": 63787.45,
                      "Total Cost": 63787.45,
                      "Plan Rows": 95838,
                      "Plan Width": 8,
                      "Actual Startup Time": 383.419,
                      "Actual Total Time": 383.684,
                      "Actual Rows": 98292,
                      "Actual Loops": 4,
                      "Hash Buckets": 524288,
                      "Original Hash Buckets": 524288,
                      "Hash Batches": 1,
                      "Original Hash Batches": 1,
                      "Peak Memory Usage": 19584,
                      "Plans": [
                        {
                          "Node Type": "Hash Join",
                          "Parent Relationship": "Outer",
                          "Parallel Aware": true,
                          "Join Type": "Inner",
                          "Startup Cost": 17490.54,
                          "Total Cost": 63787.45,
                          "Plan Rows": 95838,
                          "Plan Width": 8,
                          "Actual Startup Time": 96.361,
                          "Actual Total Time": 345.091,
                          "Actual Rows": 98292,
                          "Actual Loops": 4,
                          "Inner Unique": false,
                          "Hash Cond": "(t.id = mi_idx.movie_id)",
                          "Plans": [
                            {
                              "Node Type": "Seq Scan",
                              "Parent Relationship": "Outer",
                              "Parallel Aware": true,
                              "Relation Name": "title",
                              "Alias": "t",
                              "Startup Cost": 0.0,
                              "Total Cost": 43898.92,
                              "Plan Rows": 532976,
                              "Plan Width": 4,
                              "Actual Startup Time": 0.013,
                              "Actual Total Time": 109.007,
                              "Actual Rows": 529593,
                              "Actual Loops": 4,
                              "Filter": "(production_year > 1967)",
                              "Rows Removed by Filter": 102485
                            },
                            {
                              "Node Type": "Hash",
                              "Parent Relationship": "Inner",
                              "Parallel Aware": true,
                              "Startup Cost": 15122.68,
                              "Total Cost": 15122.68,
                              "Plan Rows": 189429,
                              "Plan Width": 4,
                              "Actual Startup Time": 94.519,
                              "Actual Total Time": 94.52,
                              "Actual Rows": 114981,
                              "Actual Loops": 4,
                              "Hash Buckets": 524288,
                              "Original Hash Buckets": 524288,
                              "Hash Batches": 1,
                              "Original Hash Batches": 1,
                              "Peak Memory Usage": 22144,
                              "Plans": [
                                {
                                  "Node Type": "Seq Scan",
                                  "Parent Relationship": "Outer",
                                  "Parallel Aware": true,
                                  "Relation Name": "movie_info_idx",
                                  "Alias": "mi_idx",
                                  "Startup Cost": 0.0,
                                  "Total Cost": 15122.68,
                                  "Plan Rows": 189429,
                                  "Plan Width": 4,
                                  "Actual Startup Time": 0.073,
                                  "Actual Total Time": 47.489,
                                  "Actual Rows": 114981,
                                  "Actual Loops": 4,
                                  "Filter": "(info_type_id = 99)",
                                  "Rows Removed by Filter": 230028
                                }
                              ]
                            }
                          ]
                        }
                      ]
                    }
                  ]
                }
              ]
            }
          ]
        }
      ]
    },
    "Planning Time": 1.334,
    "Triggers": [],
    "Execution Time": 515.699
  }
]