{
  "Plan": {
    "Node Type": "Aggregate",
    "Strategy": "Plain",
    "Partial Mode": "Finalize",
    "Parallel Aware": false,
    "Startup Cost": 150360.29,
    "Total Cost": 150360.3,
    "Plan Rows": 1,
    "Plan Width": 8,
    "Actual Startup Time": 1119.631,
    "Actual Total Time": 1139.882,
    "Actual Rows": 1,
    "Actual Loops": 1,
    "Plans": [
      {
        "Node Type": "Gather",
        "Parent Relationship": "Outer",
        "Parallel Aware": false,
        "Startup Cost": 150360.17,
        "Total Cost": 150360.28,
        "Plan Rows": 1,
        "Plan Width": 8,
        "Actual Startup Time": 1114.274,
        "Actual Total Time": 1139.875,
        "Actual Rows": 2,
        "Actual Loops": 1,
        "Workers Planned": 1,
        "Workers Launched": 1,
        "Single Copy": false,
        "Plans": [
          {
            "Node Type": "Aggregate",
            "Strategy": "Plain",
            "Partial Mode": "Partial",
            "Parent Relationship": "Outer",
            "Parallel Aware": false,
            "Startup Cost": 149360.17,
            "Total Cost": 149360.18,
            "Plan Rows": 1,
            "Plan Width": 8,
            "Actual Startup Time": 1107.848,
            "Actual Total Time": 1107.854,
            "Actual Rows": 1,
            "Actual Loops": 2,
            "Plans": [
              {
                "Node Type": "Hash Join",
                "Parent Relationship": "Outer",
                "Parallel Aware": true,
                "Join Type": "Inner",
                "Startup Cost": 105602.25,
                "Total Cost": 148987.3,
                "Plan Rows": 149150,
                "Plan Width": 0,
                "Actual Startup Time": 773.49,
                "Actual Total Time": 1061.44,
                "Actual Rows": 1134090,
                "Actual Loops": 2,
                "Inner Unique": false,
                "Hash Cond": "(mc.movie_id = t.id)",
                "Plans": [
                  {
                    "Node Type": "Seq Scan",
                    "Parent Relationship": "Outer",
                    "Parallel Aware": true,
                    "Relation Name": "movie_companies",
                    "Alias": "mc",
                    "Startup Cost": 0.0,
                    "Total Cost": 37974.77,
                    "Plan Rows": 1208781,
                    "Plan Width": 4,
                    "Actual Startup Time": 0.033,
                    "Actual Total Time": 124.109,
                    "Actual Rows": 1020328,
                    "Actual Loops": 2,
                    "Filter": "(company_id < 71419)",
                    "Rows Removed by Filter": 284236
                  },
                  {
                    "Node Type": "Hash",
                    "Parent Relationship": "Inner",
                    "Parallel Aware": true,
                    "Startup Cost": 103308.4,
                    "Total Cost": 103308.4,
                    "Plan Rows": 183508,
                    "Plan Width": 8,
                    "Actual Startup Time": 741.247,
                    "Actual Total Time": 741.251,
                    "Actual Rows": 153195,
                    "Actual Loops": 2,
                    "Hash Buckets": 524288,
                    "Original Hash Buckets": 524288,
                    "Hash Batches": 1,
                    "Original Hash Batches": 1,
                    "Peak Memory Usage": 16128,
                    "Plans": [
                      {
                        "Node Type": "Hash Join",
                        "Parent Relationship": "Outer",
                        "Parallel Aware": true,
                        "Join Type": "Inner",
                        "Startup Cost": 76078.85,
                        "Total Cost": 103308.4,
                        "Plan Rows": 183508,
                        "Plan Width": 8,
                        "Actual Startup Time": 598.013,
                        "Actual Total Time": 705.45,
                        "Actual Rows": 153195,
                        "Actual Loops": 2,
                        "Inner Unique": true,
                        "Hash Cond": "(mk.movie_id = t.id)",
                        "Plans": [
                          {
                            "Node Type": "Bitmap Heap Scan",
                            "Parent Relationship": "Outer",
                            "Parallel Aware": true,
                            "Relation Name": "movie_keyword",
                            "Alias": "mk",
                            "Startup Cost": 6618.15,
                            "Total Cost": 33365.99,
                            "Plan Rows": 183508,
                            "Plan Width": 4,
                            "Actual Startup Time": 18.683,
                            "Actual Total Time": 77.92,
                            "Actual Rows": 153195,
                            "Actual Loops": 2,
                            "Recheck Cond": "(keyword_id > 53038)",
                            "Rows Removed by Index Recheck": 0,
                            "Exact Heap Blocks": 12757,
                            "Lossy Heap Blocks": 0,
                            "Plans": [
                              {
                                "Node Type": "Bitmap Index Scan",
                                "Parent Relationship": "Outer",
                                "Parallel Aware": false,
                                "Index Name": "keyword_id_movie_keyword",
                                "Startup Cost": 0.0,
                                "Total Cost": 6540.15,
                                "Plan Rows": 311963,
                                "Plan Width": 0,
                                "Actual Startup Time": 15.498,
                                "Actual Total Time": 15.499,
                                "Actual Rows": 306390,
                                "Actual Loops": 1,
                                "Index Cond": "(keyword_id > 53038)"
                              }
                            ]
                          },
                          {
                            "Node Type": "Hash",
                            "Parent Relationship": "Inner",
                            "Parallel Aware": true,
                            "Startup Cost": 50870.31,
                            "Total Cost": 50870.31,
                            "Plan Rows": 1487231,
                            "Plan Width": 4,
                            "Actual Startup Time": 561.019,
                            "Actual Total Time": 561.02,
                            "Actual Rows": 1264156,
                            "Actual Loops": 2,
                            "Hash Buckets": 4194304,
                            "Original Hash Buckets": 4194304,
                            "Hash Batches": 1,
                            "Original Hash Batches": 1,
                            "Peak Memory Usage": 131680,
                            "Plans": [
                              {
                                "Node Type": "Seq Scan",
                                "Parent Relationship": "Outer",
                                "Parallel Aware": true,
                                "Relation Name": "title",
                                "Alias": "t",
                                "Startup Cost": 0.0,
                                "Total Cost": 50870.31,
                                "Plan Rows": 1487231,
                                "Plan Width": 4,
                                "Actual Startup Time": 0.033,
                                "Actual Total Time": 160.528,
                                "Actual Rows": 1264156,
                                "Actual Loops": 2
                              }
                            ]
                          }
                        ]
                      }
                    ]
                  }
                ]
              }
            ]
          }
        ]
      }
    ]
  },
  "Planning Time": 0.85,
  "Triggers": [],
  "Execution Time": 1139.98
}