[
  {
    "Plan": {
      "Node Type": "Aggregate",
      "Strategy": "Plain",
      "Partial Mode": "Finalize",
      "Parallel Aware": false,
      "Startup Cost": 355820.47,
      "Total Cost": 355820.48,
      "Plan Rows": 1,
      "Plan Width": 8,
      "Actual Startup Time": 540.151,
      "Actual Total Time": 557.864,
      "Actual Rows": 1,
      "Actual Loops": 1,
      "Plans": [
        {
          "Node Type": "Gather",
          "Parent Relationship": "Outer",
          "Parallel Aware": false,
          "Startup Cost": 355819.84,
          "Total Cost": 355820.45,
          "Plan Rows": 6,
          "Plan Width": 8,
          "Actual Startup Time": 524.4,
          "Actual Total Time": 557.84,
          "Actual Rows": 7,
          "Actual Loops": 1,
          "Workers Planned": 6,
          "Workers Launched": 6,
          "Single Copy": false,
          "Plans": [
            {
              "Node Type": "Aggregate",
              "Strategy": "Plain",
              "Partial Mode": "Partial",
              "Parent Relationship": "Outer",
              "Parallel Aware": false,
              "Startup Cost": 354819.84,
              "Total Cost": 354819.85,
              "Plan Rows": 1,
              "Plan Width": 8,
              "Actual Startup Time": 508.253,
              "Actual Total Time": 508.257,
              "Actual Rows": 1,
              "Actual Loops": 7,
              "Plans": [
                {
                  "Node Type": "Hash Join",
                  "Parent Relationship": "Outer",
                  "Parallel Aware": true,
                  "Join Type": "Inner",
                  "Startup Cost": 96184.3,
                  "Total Cost": 354173.37,
                  "Plan Rows": 258589,
                  "Plan Width": 0,
                  "Actual Startup Time": 287.894,
                  "Actual Total Time": 495.982,
                  "Actual Rows": 218792,
                  "Actual Loops": 7,
                  "Inner Unique": true,
                  "Hash Cond": "(ci.movie_id = t.id)",
                  "Plans": [
                    {
                      "Node Type": "Bitmap Heap Scan",
                      "Parent Relationship": "Outer",
                      "Parallel Aware": true,
                      "Relation Name": "cast_info",
                      "Alias": "ci",
                      "Startup Cost": 46457.15,
                      "Total Cost": 303526.02,
                      "Plan Rows": 350550,
                      "Plan Width": 4,
                      "Actual Startup Time": 71.589,
                      "Actual Total Time": 142.61,
                      "Actual Rows": 288287,
                      "Actual Loops": 7,
                      "Recheck Cond": "(person_id > 3665488)",
                      "Rows Removed by Index Recheck": 0,
                      "Exact Heap Blocks": 5637,
                      "Lossy Heap Blocks": 0,
                      "Plans": [
                        {
                          "Node Type": "Bitmap Index Scan",
                          "Parent Relationship": "Outer",
                          "Parallel Aware": false,
                          "Index Name": "person_id_cast_info",
                          "Startup Cost": 0.0,
                          "Total Cost": 45931.32,
                          "Plan Rows": 2103301,
                          "Plan Width": 0,
                          "Actual Startup Time": 66.645,
                          "Actual Total Time": 66.645,
                          "Actual Rows": 2018007,
                          "Actual Loops": 1,
                          "Index Cond": "(person_id > 3665488)"
                        }
                      ]
                    },
                    {
                      "Node Type": "Hash",
                      "Parent Relationship": "Inner",
                      "Parallel Aware": true,
                      "Startup Cost": 43898.92,
                      "Total Cost": 43898.92,
                      "Plan Rows": 466259,
                      "Plan Width": 4,
                      "Actual Startup Time": 211.324,
                      "Actual Total Time": 211.325,
                      "Actual Rows": 266498,
                      "Actual Loops": 7,
                      "Hash Buckets": 2097152,
                      "Original Hash Buckets": 2097152,
                      "Hash Batches": 1,
                      "Original Hash Batches": 1,
                      "Peak Memory Usage": 89536,
                      "Plans": [
                        {
                          "Node Type": "Seq Scan",
                          "Parent Relationship": "Outer",
                          "Parallel Aware": true,
                          "Relation Name": "title",
                          "Alias": "t",
                          "Startup Cost": 0.0,
                          "Total Cost": 43898.92,
                          "Plan Rows": 466259,
                          "Plan Width": 4,
                          "Actual Startup Time": 0.038,
                          "Actual Total Time": 85.244,
                          "Actual Rows": 266498,
                          "Actual Loops": 7,
                          "Filter": "(kind_id > 1)",
                          "Rows Removed by Filter": 94689
                        }
                      ]
                    }
                  ]
                }
              ]
            }
          ]
        }
      ]
    },
    "Planning Time": 0.544,
    "Triggers": [],
    "Execution Time": 557.949
  }
]