[
  {
    "Plan": {
      "Node Type": "Aggregate",
      "Strategy": "Plain",
      "Partial Mode": "Finalize",
      "Parallel Aware": false,
      "Startup Cost": 34272.6,
      "Total Cost": 34272.61,
      "Plan Rows": 1,
      "Plan Width": 8,
      "Actual Startup Time": 133.355,
      "Actual Total Time": 158.825,
      "Actual Rows": 1,
      "Actual Loops": 1,
      "Plans": [
        {
          "Node Type": "Gather",
          "Parent Relationship": "Outer",
          "Parallel Aware": false,
          "Startup Cost": 34272.39,
          "Total Cost": 34272.6,
          "Plan Rows": 2,
          "Plan Width": 8,
          "Actual Startup Time": 133.015,
          "Actual Total Time": 158.817,
          "Actual Rows": 3,
          "Actual Loops": 1,
          "Workers Planned": 2,
          "Workers Launched": 2,
          "Single Copy": false,
          "Plans": [
            {
              "Node Type": "Aggregate",
              "Strategy": "Plain",
              "Partial Mode": "Partial",
              "Parent Relationship": "Outer",
              "Parallel Aware": false,
              "Startup Cost": 33272.39,
              "Total Cost": 33272.4,
              "Plan Rows": 1,
              "Plan Width": 8,
              "Actual Startup Time": 124.412,
              "Actual Total Time": 124.415,
              "Actual Rows": 1,
              "Actual Loops": 3,
              "Plans": [
                {
                  "Node Type": "Nested Loop",
                  "Parent Relationship": "Outer",
                  "Parallel Aware": false,
                  "Join Type": "Inner",
                  "Startup Cost": 119.37,
                  "Total Cost": 33268.95,
                  "Plan Rows": 1373,
                  "Plan Width": 0,
                  "Actual Startup Time": 5.691,
                  "Actual Total Time": 124.095,
                  "Actual Rows": 4192,
                  "Actual Loops": 3,
                  "Inner Unique": false,
                  "Plans": [
                    {
                      "Node Type": "Nested Loop",
                      "Parent Relationship": "Outer",
                      "Parallel Aware": false,
                      "Join Type": "Inner",
                      "Startup Cost": 118.94,
                      "Total Cost": 29520.74,
                      "Plan Rows": 2262,
                      "Plan Width": 8,
                      "Actual Startup Time": 2.867,
                      "Actual Total Time": 30.153,
                      "Actual Rows": 2095,
                      "Actual Loops": 3,
                      "Inner Unique": true,
                      "Plans": [
                        {
                          "Node Type": "Bitmap Heap Scan",
                          "Parent Relationship": "Outer",
                          "Parallel Aware": true,
                          "Relation Name": "movie_keyword",
                          "Alias": "mk",
                          "Startup Cost": 118.51,
                          "Total Cost": 13140.73,
                          "Plan Rows": 2262,
                          "Plan Width": 4,
                          "Actual Startup Time": 2.714,
                          "Actual Total Time": 11.319,
                          "Actual Rows": 2095,
                          "Actual Loops": 3,
                          "Recheck Cond": "(keyword_id = 2276)",
                          "Rows Removed by Index Recheck": 0,
                          "Exact Heap Blocks": 3328,
                          "Lossy Heap Blocks": 0,
                          "Plans": [
                            {
                              "Node Type": "Bitmap Index Scan",
                              "Parent Relationship": "Outer",
                              "Parallel Aware": false,
                              "Index Name": "keyword_id_movie_keyword",
                              "Startup Cost": 0.0,
                              "Total Cost": 117.15,
                              "Plan Rows": 5429,
                              "Plan Width": 0,
                              "Actual Startup Time": 4.978,
                              "Actual Total Time": 4.978,
                              "Actual Rows": 6286,
                              "Actual Loops": 1,
                              "Index Cond": "(keyword_id = 2276)"
                            }
                          ]
                        },
                        {
                          "Node Type": "Index Only Scan",
                          "Parent Relationship": "Inner",
                          "Parallel Aware": false,
                          "Scan Direction": "Forward",
                          "Index Name": "title_pkey",
                          "Relation Name": "title",
                          "Alias": "t",
                          "Startup Cost": 0.43,
                          "Total Cost": 7.24,
                          "Plan Rows": 1,
                          "Plan Width": 4,
                          "Actual Startup Time": 0.008,
                          "Actual Total Time": 0.008,
                          "Actual Rows": 1,
                          "Actual Loops": 6286,
                          "Index Cond": "(id = mk.movie_id)",
                          "Rows Removed by Index Recheck": 0,
                          "Heap Fetches": 6286
                        }
                      ]
                    },
                    {
                      "Node Type": "Index Scan",
                      "Parent Relationship": "Inner",
                      "Parallel Aware": false,
                      "Scan Direction": "Forward",
                      "Index Name": "movie_id_movie_info",
                      "Relation Name": "movie_info",
                      "Alias": "mi",
                      "Startup Cost": 0.43,
                      "Total Cost": 1.62,
                      "Plan Rows": 4,
                      "Plan Width": 4,
                      "Actual Startup Time": 0.044,
                      "Actual Total Time": 0.044,
                      "Actual Rows": 2,
                      "Actual Loops": 6286,
                      "Index Cond": "(movie_id = t.id)",
                      "Rows Removed by Index Recheck": 0,
                      "Filter": "(info_type_id = 3)",
                      "Rows Removed by Filter": 57
                    }
                  ]
                }
              ]
            }
          ]
        }
      ]
    },
    "Planning Time": 1.393,
    "Triggers": [],
    "Execution Time": 158.929
  }
]