[
    {
        "Bao": {
            "Bao prediction": "NaN",
            "Bao recommended hint": "(no hint)"
        }
    },
    {
        "Plan": {
            "Node Type": "Aggregate",
            "Strategy": "Plain",
            "Partial Mode": "Finalize",
            "Parallel Aware": false,
            "Startup Cost": 54491.43,
            "Total Cost": 54491.44,
            "Plan Rows": 1,
            "Plan Width": 8,
            "Actual Startup Time": 144.114,
            "Actual Total Time": 150.064,
            "Actual Rows": 1,
            "Actual Loops": 1,
            "Output": [
                "count(*)"
            ],
            "Plans": [
                {
                    "Node Type": "Gather",
                    "Parent Relationship": "Outer",
                    "Parallel Aware": false,
                    "Startup Cost": 54491.21,
                    "Total Cost": 54491.42,
                    "Plan Rows": 2,
                    "Plan Width": 8,
                    "Actual Startup Time": 143.469,
                    "Actual Total Time": 150.056,
                    "Actual Rows": 3,
                    "Actual Loops": 1,
                    "Output": [
                        "(PARTIAL count(*))"
                    ],
                    "Workers Planned": 2,
                    "Workers Launched": 2,
                    "Single Copy": false,
                    "Plans": [
                        {
                            "Node Type": "Aggregate",
                            "Strategy": "Plain",
                            "Partial Mode": "Partial",
                            "Parent Relationship": "Outer",
                            "Parallel Aware": false,
                            "Startup Cost": 53491.21,
                            "Total Cost": 53491.22,
                            "Plan Rows": 1,
                            "Plan Width": 8,
                            "Actual Startup Time": 135.775,
                            "Actual Total Time": 135.778,
                            "Actual Rows": 1,
                            "Actual Loops": 3,
                            "Output": [
                                "PARTIAL count(*)"
                            ],
                            "Workers": [
                                {
                                    "Worker Number": 0,
                                    "Actual Startup Time": 131.927,
                                    "Actual Total Time": 131.93,
                                    "Actual Rows": 1,
                                    "Actual Loops": 1
                                },
                                {
                                    "Worker Number": 1,
                                    "Actual Startup Time": 132.206,
                                    "Actual Total Time": 132.209,
                                    "Actual Rows": 1,
                                    "Actual Loops": 1
                                }
                            ],
                            "Plans": [
                                {
                                    "Node Type": "Hash Join",
                                    "Parent Relationship": "Outer",
                                    "Parallel Aware": true,
                                    "Join Type": "Inner",
                                    "Startup Cost": 38255.2,
                                    "Total Cost": 53449.76,
                                    "Plan Rows": 16580,
                                    "Plan Width": 0,
                                    "Actual Startup Time": 56.877,
                                    "Actual Total Time": 134.347,
                                    "Actual Rows": 33459,
                                    "Actual Loops": 3,
                                    "Inner Unique": true,
                                    "Hash Cond": "(mi_idx.movie_id = t.id)",
                                    "Workers": [
                                        {
                                            "Worker Number": 0,
                                            "Actual Startup Time": 53.034,
                                            "Actual Total Time": 130.399,
                                            "Actual Rows": 34187,
                                            "Actual Loops": 1
                                        },
                                        {
                                            "Worker Number": 1,
                                            "Actual Startup Time": 53.325,
                                            "Actual Total Time": 130.84,
                                            "Actual Rows": 30355,
                                            "Actual Loops": 1
                                        }
                                    ],
                                    "Plans": [
                                        {
                                            "Node Type": "Seq Scan",
                                            "Parent Relationship": "Outer",
                                            "Parallel Aware": true,
                                            "Relation Name": "movie_info_idx",
                                            "Schema": "public",
                                            "Alias": "mi_idx",
                                            "Startup Cost": 0.0,
                                            "Total Cost": 13685.15,
                                            "Plan Rows": 575015,
                                            "Plan Width": 4,
                                            "Actual Startup Time": 0.017,
                                            "Actual Total Time": 35.041,
                                            "Actual Rows": 460012,
                                            "Actual Loops": 3,
                                            "Output": [
                                                "mi_idx.id",
                                                "mi_idx.movie_id",
                                                "mi_idx.info_type_id",
                                                "mi_idx.info",
                                                "mi_idx.note"
                                            ],
                                            "Workers": [
                                                {
                                                    "Worker Number": 0,
                                                    "Actual Startup Time": 0.022,
                                                    "Actual Total Time": 35.591,
                                                    "Actual Rows": 445048,
                                                    "Actual Loops": 1
                                                },
                                                {
                                                    "Worker Number": 1,
                                                    "Actual Startup Time": 0.02,
                                                    "Actual Total Time": 35.579,
                                                    "Actual Rows": 428129,
                                                    "Actual Loops": 1
                                                }
                                            ]
                                        },
                                        {
                                            "Node Type": "Hash",
                                            "Parent Relationship": "Inner",
                                            "Parallel Aware": true,
                                            "Startup Cost": 38027.38,
                                            "Total Cost": 38027.38,
                                            "Plan Rows": 18226,
                                            "Plan Width": 4,
                                            "Actual Startup Time": 56.082,
                                            "Actual Total Time": 56.083,
                                            "Actual Rows": 26159,
                                            "Actual Loops": 3,
                                            "Output": [
                                                "t.id"
                                            ],
                                            "Hash Buckets": 131072,
                                            "Original Hash Buckets": 131072,
                                            "Hash Batches": 1,
                                            "Original Hash Batches": 1,
                                            "Peak Memory Usage": 4128,
                                            "Workers": [
                                                {
                                                    "Worker Number": 0,
                                                    "Actual Startup Time": 52.508,
                                                    "Actual Total Time": 52.51,
                                                    "Actual Rows": 13045,
                                                    "Actual Loops": 1
                                                },
                                                {
                                                    "Worker Number": 1,
                                                    "Actual Startup Time": 52.858,
                                                    "Actual Total Time": 52.859,
                                                    "Actual Rows": 12031,
                                                    "Actual Loops": 1
                                                }
                                            ],
                                            "Plans": [
                                                {
                                                    "Node Type": "Bitmap Heap Scan",
                                                    "Parent Relationship": "Outer",
                                                    "Parallel Aware": true,
                                                    "Relation Name": "title",
                                                    "Schema": "public",
                                                    "Alias": "t",
                                                    "Startup Cost": 1680.47,
                                                    "Total Cost": 38027.38,
                                                    "Plan Rows": 18226,
                                                    "Plan Width": 4,
                                                    "Actual Startup Time": 5.412,
                                                    "Actual Total Time": 48.409,
                                                    "Actual Rows": 26159,
                                                    "Actual Loops": 3,
                                                    "Output": [
                                                        "t.id"
                                                    ],
                                                    "Recheck Cond": "(t.kind_id = 2)",
                                                    "Rows Removed by Index Recheck": 0,
                                                    "Filter": "(t.production_year > 1976)",
                                                    "Rows Removed by Filter": 4125,
                                                    "Exact Heap Blocks": 16106,
                                                    "Lossy Heap Blocks": 0,
                                                    "Workers": [
                                                        {
                                                            "Worker Number": 0,
                                                            "Actual Startup Time": 2.063,
                                                            "Actual Total Time": 46.062,
                                                            "Actual Rows": 13045,
                                                            "Actual Loops": 1
                                                        },
                                                        {
                                                            "Worker Number": 1,
                                                            "Actual Startup Time": 2.227,
                                                            "Actual Total Time": 46.589,
                                                            "Actual Rows": 12031,
                                                            "Actual Loops": 1
                                                        }
                                                    ],
                                                    "Plans": [
                                                        {
                                                            "Node Type": "Bitmap Index Scan",
                                                            "Parent Relationship": "Outer",
                                                            "Parallel Aware": false,
                                                            "Index Name": "kind_id_title",
                                                            "Startup Cost": 0.0,
                                                            "Total Cost": 1662.25,
                                                            "Plan Rows": 93042,
                                                            "Plan Width": 0,
                                                            "Actual Startup Time": 8.063,
                                                            "Actual Total Time": 8.063,
                                                            "Actual Rows": 90852,
                                                            "Actual Loops": 1,
                                                            "Index Cond": "(t.kind_id = 2)"
                                                        }
                                                    ]
                                                }
                                            ]
                                        }
                                    ]
                                }
                            ]
                        }
                    ]
                }
            ]
        },
        "Planning Time": 194.162,
        "Triggers": [],
        "Execution Time": 150.126
    }
]