{
  "Plan": {
    "Node Type": "Aggregate",
    "Strategy": "Plain",
    "Partial Mode": "Finalize",
    "Parallel Aware": false,
    "Startup Cost": 199871.15,
    "Total Cost": 199871.16,
    "Plan Rows": 1,
    "Plan Width": 8,
    "Actual Startup Time": 2296.271,
    "Actual Total Time": 2323.133,
    "Actual Rows": 1,
    "Actual Loops": 1,
    "Plans": [
      {
        "Node Type": "Gather",
        "Parent Relationship": "Outer",
        "Parallel Aware": false,
        "Startup Cost": 199871.04,
        "Total Cost": 199871.15,
        "Plan Rows": 1,
        "Plan Width": 8,
        "Actual Startup Time": 2290.559,
        "Actual Total Time": 2323.126,
        "Actual Rows": 2,
        "Actual Loops": 1,
        "Workers Planned": 1,
        "Workers Launched": 1,
        "Single Copy": false,
        "Plans": [
          {
            "Node Type": "Aggregate",
            "Strategy": "Plain",
            "Partial Mode": "Partial",
            "Parent Relationship": "Outer",
            "Parallel Aware": false,
            "Startup Cost": 198871.04,
            "Total Cost": 198871.05,
            "Plan Rows": 1,
            "Plan Width": 8,
            "Actual Startup Time": 2283.907,
            "Actual Total Time": 2283.911,
            "Actual Rows": 1,
            "Actual Loops": 2,
            "Plans": [
              {
                "Node Type": "Hash Join",
                "Parent Relationship": "Outer",
                "Parallel Aware": true,
                "Join Type": "Inner",
                "Startup Cost": 115050.66,
                "Total Cost": 196145.84,
                "Plan Rows": 1090082,
                "Plan Width": 0,
                "Actual Startup Time": 761.389,
                "Actual Total Time": 1991.628,
                "Actual Rows": 7457532,
                "Actual Loops": 2,
                "Inner Unique": false,
                "Hash Cond": "(t.id = mc.movie_id)",
                "Plans": [
                  {
                    "Node Type": "Hash Join",
                    "Parent Relationship": "Outer",
                    "Parallel Aware": true,
                    "Join Type": "Inner",
                    "Startup Cost": 69460.7,
                    "Total Cost": 127511.54,
                    "Plan Rows": 2661135,
                    "Plan Width": 8,
                    "Actual Startup Time": 509.539,
                    "Actual Total Time": 1042.337,
                    "Actual Rows": 2261965,
                    "Actual Loops": 2,
                    "Inner Unique": true,
                    "Hash Cond": "(mk.movie_id = t.id)",
                    "Plans": [
                      {
                        "Node Type": "Seq Scan",
                        "Parent Relationship": "Outer",
                        "Parallel Aware": true,
                        "Relation Name": "movie_keyword",
                        "Alias": "mk",
                        "Startup Cost": 0.0,
                        "Total Cost": 51065.35,
                        "Plan Rows": 2661135,
                        "Plan Width": 4,
                        "Actual Startup Time": 0.008,
                        "Actual Total Time": 152.43,
                        "Actual Rows": 2261965,
                        "Actual Loops": 2
                      },
                      {
                        "Node Type": "Hash",
                        "Parent Relationship": "Inner",
                        "Parallel Aware": true,
                        "Startup Cost": 50870.31,
                        "Total Cost": 50870.31,
                        "Plan Rows": 1487231,
                        "Plan Width": 4,
                        "Actual Startup Time": 497.691,
                        "Actual Total Time": 497.692,
                        "Actual Rows": 1264156,
                        "Actual Loops": 2,
                        "Hash Buckets": 4194304,
                        "Original Hash Buckets": 4194304,
                        "Hash Batches": 1,
                        "Original Hash Batches": 1,
                        "Peak Memory Usage": 131712,
                        "Plans": [
                          {
                            "Node Type": "Seq Scan",
                            "Parent Relationship": "Outer",
                            "Parallel Aware": true,
                            "Relation Name": "title",
                            "Alias": "t",
                            "Startup Cost": 0.0,
                            "Total Cost": 50870.31,
                            "Plan Rows": 1487231,
                            "Plan Width": 4,
                            "Actual Startup Time": 0.019,
                            "Actual Total Time": 146.203,
                            "Actual Rows": 1264156,
                            "Actual Loops": 2
                          }
                        ]
                      }
                    ]
                  },
                  {
                    "Node Type": "Hash",
                    "Parent Relationship": "Inner",
                    "Parallel Aware": true,
                    "Startup Cost": 37974.77,
                    "Total Cost": 37974.77,
                    "Plan Rows": 609215,
                    "Plan Width": 4,
                    "Actual Startup Time": 242.239,
                    "Actual Total Time": 242.239,
                    "Actual Rows": 516493,
                    "Actual Loops": 2,
                    "Hash Buckets": 1048576,
                    "Original Hash Buckets": 1048576,
                    "Hash Batches": 1,
                    "Original Hash Batches": 1,
                    "Peak Memory Usage": 48640,
                    "Plans": [
                      {
                        "Node Type": "Seq Scan",
                        "Parent Relationship": "Outer",
                        "Parallel Aware": true,
                        "Relation Name": "movie_companies",
                        "Alias": "mc",
                        "Startup Cost": 0.0,
                        "Total Cost": 37974.77,
                        "Plan Rows": 609215,
                        "Plan Width": 4,
                        "Actual Startup Time": 0.045,
                        "Actual Total Time": 127.166,
                        "Actual Rows": 516493,
                        "Actual Loops": 2,
                        "Filter": "(company_id < 5789)",
                        "Rows Removed by Filter": 788072
                      }
                    ]
                  }
                ]
              }
            ]
          }
        ]
      }
    ]
  },
  "Planning Time": 0.826,
  "Triggers": [],
  "Execution Time": 2323.212
}