[
  {
    "Plan": {
      "Node Type": "Aggregate",
      "Strategy": "Plain",
      "Partial Mode": "Finalize",
      "Parallel Aware": false,
      "Startup Cost": 74394.91,
      "Total Cost": 74394.92,
      "Plan Rows": 1,
      "Plan Width": 8,
      "Actual Startup Time": 234.662,
      "Actual Total Time": 250.533,
      "Actual Rows": 1,
      "Actual Loops": 1,
      "Plans": [
        {
          "Node Type": "Gather",
          "Parent Relationship": "Outer",
          "Parallel Aware": false,
          "Startup Cost": 74394.59,
          "Total Cost": 74394.9,
          "Plan Rows": 3,
          "Plan Width": 8,
          "Actual Startup Time": 234.376,
          "Actual Total Time": 250.524,
          "Actual Rows": 4,
          "Actual Loops": 1,
          "Workers Planned": 3,
          "Workers Launched": 3,
          "Single Copy": false,
          "Plans": [
            {
              "Node Type": "Aggregate",
              "Strategy": "Plain",
              "Partial Mode": "Partial",
              "Parent Relationship": "Outer",
              "Parallel Aware": false,
              "Startup Cost": 73394.59,
              "Total Cost": 73394.6,
              "Plan Rows": 1,
              "Plan Width": 8,
              "Actual Startup Time": 227.009,
              "Actual Total Time": 227.012,
              "Actual Rows": 1,
              "Actual Loops": 4,
              "Plans": [
                {
                  "Node Type": "Hash Join",
                  "Parent Relationship": "Outer",
                  "Parallel Aware": true,
                  "Join Type": "Inner",
                  "Startup Cost": 43962.01,
                  "Total Cost": 73377.9,
                  "Plan Rows": 6677,
                  "Plan Width": 0,
                  "Actual Startup Time": 104.293,
                  "Actual Total Time": 226.596,
                  "Actual Rows": 6103,
                  "Actual Loops": 4,
                  "Inner Unique": true,
                  "Hash Cond": "(mc.movie_id = t.id)",
                  "Plans": [
                    {
                      "Node Type": "Seq Scan",
                      "Parent Relationship": "Outer",
                      "Parallel Aware": true,
                      "Relation Name": "movie_companies",
                      "Alias": "mc",
                      "Startup Cost": 0.0,
                      "Total Cost": 27206.55,
                      "Plan Rows": 841655,
                      "Plan Width": 4,
                      "Actual Startup Time": 0.024,
                      "Actual Total Time": 60.489,
                      "Actual Rows": 652282,
                      "Actual Loops": 4
                    },
                    {
                      "Node Type": "Hash",
                      "Parent Relationship": "Inner",
                      "Parallel Aware": true,
                      "Startup Cost": 43899.32,
                      "Total Cost": 43899.32,
                      "Plan Rows": 5015,
                      "Plan Width": 4,
                      "Actual Startup Time": 102.617,
                      "Actual Total Time": 102.618,
                      "Actual Rows": 5328,
                      "Actual Loops": 4,
                      "Hash Buckets": 32768,
                      "Original Hash Buckets": 32768,
                      "Hash Batches": 1,
                      "Original Hash Batches": 1,
                      "Peak Memory Usage": 1120,
                      "Plans": [
                        {
                          "Node Type": "Seq Scan",
                          "Parent Relationship": "Outer",
                          "Parallel Aware": true,
                          "Relation Name": "title",
                          "Alias": "t",
                          "Startup Cost": 0.0,
                          "Total Cost": 43899.32,
                          "Plan Rows": 5015,
                          "Plan Width": 4,
                          "Actual Startup Time": 0.199,
                          "Actual Total Time": 99.182,
                          "Actual Rows": 5328,
                          "Actual Loops": 4,
                          "Filter": "(production_year = 1989)",
                          "Rows Removed by Filter": 626750
                        }
                      ]
                    }
                  ]
                }
              ]
            }
          ]
        }
      ]
    },
    "Planning Time": 0.528,
    "Triggers": [],
    "Execution Time": 250.599
  }
]