{
  "Plan": {
    "Node Type": "Aggregate",
    "Strategy": "Plain",
    "Partial Mode": "Finalize",
    "Parallel Aware": false,
    "Startup Cost": 189348.51,
    "Total Cost": 189348.52,
    "Plan Rows": 1,
    "Plan Width": 8,
    "Actual Startup Time": 2194.156,
    "Actual Total Time": 2238.652,
    "Actual Rows": 1,
    "Actual Loops": 1,
    "Plans": [
      {
        "Node Type": "Gather",
        "Parent Relationship": "Outer",
        "Parallel Aware": false,
        "Startup Cost": 189348.39,
        "Total Cost": 189348.5,
        "Plan Rows": 1,
        "Plan Width": 8,
        "Actual Startup Time": 2193.602,
        "Actual Total Time": 2238.645,
        "Actual Rows": 2,
        "Actual Loops": 1,
        "Workers Planned": 1,
        "Workers Launched": 1,
        "Single Copy": false,
        "Plans": [
          {
            "Node Type": "Aggregate",
            "Strategy": "Plain",
            "Partial Mode": "Partial",
            "Parent Relationship": "Outer",
            "Parallel Aware": false,
            "Startup Cost": 188348.39,
            "Total Cost": 188348.4,
            "Plan Rows": 1,
            "Plan Width": 8,
            "Actual Startup Time": 2187.309,
            "Actual Total Time": 2187.314,
            "Actual Rows": 1,
            "Actual Loops": 2,
            "Plans": [
              {
                "Node Type": "Nested Loop",
                "Parent Relationship": "Outer",
                "Parallel Aware": false,
                "Join Type": "Inner",
                "Startup Cost": 58942.67,
                "Total Cost": 187904.12,
                "Plan Rows": 177709,
                "Plan Width": 0,
                "Actual Startup Time": 187.585,
                "Actual Total Time": 2013.472,
                "Actual Rows": 3999180,
                "Actual Loops": 2,
                "Inner Unique": false,
                "Join Filter": "(t.id = mi.movie_id)",
                "Rows Removed by Join Filter": 0,
                "Plans": [
                  {
                    "Node Type": "Hash Join",
                    "Parent Relationship": "Outer",
                    "Parallel Aware": true,
                    "Join Type": "Inner",
                    "Startup Cost": 58942.23,
                    "Total Cost": 118993.2,
                    "Plan Rows": 30392,
                    "Plan Width": 8,
                    "Actual Startup Time": 187.496,
                    "Actual Total Time": 461.479,
                    "Actual Rows": 108071,
                    "Actual Loops": 2,
                    "Inner Unique": true,
                    "Hash Cond": "(mk.movie_id = t.id)",
                    "Plans": [
                      {
                        "Node Type": "Seq Scan",
                        "Parent Relationship": "Outer",
                        "Parallel Aware": true,
                        "Relation Name": "movie_keyword",
                        "Alias": "mk",
                        "Startup Cost": 0.0,
                        "Total Cost": 57718.19,
                        "Plan Rows": 888678,
                        "Plan Width": 4,
                        "Actual Startup Time": 1.075,
                        "Actual Total Time": 177.472,
                        "Actual Rows": 760568,
                        "Actual Loops": 2,
                        "Filter": "(keyword_id > 10605)",
                        "Rows Removed by Filter": 1501398
                      },
                      {
                        "Node Type": "Hash",
                        "Parent Relationship": "Inner",
                        "Parallel Aware": true,
                        "Startup Cost": 58306.47,
                        "Total Cost": 58306.47,
                        "Plan Rows": 50861,
                        "Plan Width": 4,
                        "Actual Startup Time": 183.571,
                        "Actual Total Time": 183.572,
                        "Actual Rows": 95569,
                        "Actual Loops": 2,
                        "Hash Buckets": 262144,
                        "Original Hash Buckets": 131072,
                        "Hash Batches": 1,
                        "Original Hash Batches": 1,
                        "Peak Memory Usage": 10592,
                        "Plans": [
                          {
                            "Node Type": "Seq Scan",
                            "Parent Relationship": "Outer",
                            "Parallel Aware": true,
                            "Relation Name": "title",
                            "Alias": "t",
                            "Startup Cost": 0.0,
                            "Total Cost": 58306.47,
                            "Plan Rows": 50861,
                            "Plan Width": 4,
                            "Actual Startup Time": 0.353,
                            "Actual Total Time": 153.802,
                            "Actual Rows": 95569,
                            "Actual Loops": 2,
                            "Filter": "((kind_id < 7) AND (production_year < 1959))",
                            "Rows Removed by Filter": 1168587
                          }
                        ]
                      }
                    ]
                  },
                  {
                    "Node Type": "Index Only Scan",
                    "Parent Relationship": "Inner",
                    "Parallel Aware": false,
                    "Scan Direction": "Forward",
                    "Index Name": "movie_id_movie_info",
                    "Relation Name": "movie_info",
                    "Alias": "mi",
                    "Startup Cost": 0.43,
                    "Total Cost": 1.74,
                    "Plan Rows": 42,
                    "Plan Width": 4,
                    "Actual Startup Time": 0.003,
                    "Actual Total Time": 0.011,
                    "Actual Rows": 37,
                    "Actual Loops": 216142,
                    "Index Cond": "(movie_id = mk.movie_id)",
                    "Rows Removed by Index Recheck": 0,
                    "Heap Fetches": 7998360
                  }
                ]
              }
            ]
          }
        ]
      }
    ]
  },
  "Planning Time": 0.889,
  "Triggers": [],
  "Execution Time": 2238.746
}