[
  {
    "Plan": {
      "Node Type": "Aggregate",
      "Strategy": "Plain",
      "Partial Mode": "Finalize",
      "Parallel Aware": false,
      "Startup Cost": 45251.13,
      "Total Cost": 45251.14,
      "Plan Rows": 1,
      "Plan Width": 8,
      "Actual Startup Time": 157.299,
      "Actual Total Time": 167.954,
      "Actual Rows": 1,
      "Actual Loops": 1,
      "Plans": [
        {
          "Node Type": "Gather",
          "Parent Relationship": "Outer",
          "Parallel Aware": false,
          "Startup Cost": 45250.81,
          "Total Cost": 45251.12,
          "Plan Rows": 3,
          "Plan Width": 8,
          "Actual Startup Time": 157.036,
          "Actual Total Time": 167.942,
          "Actual Rows": 4,
          "Actual Loops": 1,
          "Workers Planned": 3,
          "Workers Launched": 3,
          "Single Copy": false,
          "Plans": [
            {
              "Node Type": "Aggregate",
              "Strategy": "Plain",
              "Partial Mode": "Partial",
              "Parent Relationship": "Outer",
              "Parallel Aware": false,
              "Startup Cost": 44250.81,
              "Total Cost": 44250.82,
              "Plan Rows": 1,
              "Plan Width": 8,
              "Actual Startup Time": 147.959,
              "Actual Total Time": 147.96,
              "Actual Rows": 1,
              "Actual Loops": 4,
              "Plans": [
                {
                  "Node Type": "Seq Scan",
                  "Parent Relationship": "Outer",
                  "Parallel Aware": true,
                  "Relation Name": "movie_keyword",
                  "Alias": "mk",
                  "Startup Cost": 0.0,
                  "Total Cost": 42695.65,
                  "Plan Rows": 622064,
                  "Plan Width": 0,
                  "Actual Startup Time": 0.049,
                  "Actual Total Time": 122.887,
                  "Actual Rows": 484115,
                  "Actual Loops": 4,
                  "Filter": "(keyword_id < 3329)",
                  "Rows Removed by Filter": 646868
                }
              ]
            }
          ]
        }
      ]
    },
    "Planning Time": 0.174,
    "Triggers": [],
    "Execution Time": 168.006
  }
]