[
  {
    "Plan": {
      "Node Type": "Aggregate",
      "Strategy": "Plain",
      "Partial Mode": "Finalize",
      "Parallel Aware": false,
      "Startup Cost": 75682.33,
      "Total Cost": 75682.34,
      "Plan Rows": 1,
      "Plan Width": 8,
      "Actual Startup Time": 203.957,
      "Actual Total Time": 219.094,
      "Actual Rows": 1,
      "Actual Loops": 1,
      "Plans": [
        {
          "Node Type": "Gather",
          "Parent Relationship": "Outer",
          "Parallel Aware": false,
          "Startup Cost": 75682.01,
          "Total Cost": 75682.32,
          "Plan Rows": 3,
          "Plan Width": 8,
          "Actual Startup Time": 202.585,
          "Actual Total Time": 219.086,
          "Actual Rows": 4,
          "Actual Loops": 1,
          "Workers Planned": 3,
          "Workers Launched": 3,
          "Single Copy": false,
          "Plans": [
            {
              "Node Type": "Aggregate",
              "Strategy": "Plain",
              "Partial Mode": "Partial",
              "Parent Relationship": "Outer",
              "Parallel Aware": false,
              "Startup Cost": 74682.01,
              "Total Cost": 74682.02,
              "Plan Rows": 1,
              "Plan Width": 8,
              "Actual Startup Time": 193.617,
              "Actual Total Time": 193.621,
              "Actual Rows": 1,
              "Actual Loops": 4,
              "Plans": [
                {
                  "Node Type": "Hash Join",
                  "Parent Relationship": "Outer",
                  "Parallel Aware": true,
                  "Join Type": "Inner",
                  "Startup Cost": 53931.59,
                  "Total Cost": 74673.56,
                  "Plan Rows": 3380,
                  "Plan Width": 0,
                  "Actual Startup Time": 139.247,
                  "Actual Total Time": 193.322,
                  "Actual Rows": 4365,
                  "Actual Loops": 4,
                  "Inner Unique": true,
                  "Hash Cond": "(mc.movie_id = t.id)",
                  "Plans": [
                    {
                      "Node Type": "Bitmap Heap Scan",
                      "Parent Relationship": "Outer",
                      "Parallel Aware": true,
                      "Relation Name": "movie_companies",
                      "Alias": "mc",
                      "Startup Cost": 7999.72,
                      "Total Cost": 28586.87,
                      "Plan Rows": 58978,
                      "Plan Width": 4,
                      "Actual Startup Time": 18.051,
                      "Actual Total Time": 55.772,
                      "Actual Rows": 70704,
                      "Actual Loops": 4,
                      "Recheck Cond": "(company_id < 196)",
                      "Rows Removed by Index Recheck": 0,
                      "Filter": "(company_type_id = 1)",
                      "Rows Removed by Filter": 21165,
                      "Exact Heap Blocks": 7459,
                      "Lossy Heap Blocks": 0,
                      "Plans": [
                        {
                          "Node Type": "Bitmap Index Scan",
                          "Parent Relationship": "Outer",
                          "Parallel Aware": false,
                          "Index Name": "company_id_movie_companies",
                          "Startup Cost": 0.0,
                          "Total Cost": 7954.01,
                          "Plan Rows": 371411,
                          "Plan Width": 0,
                          "Actual Startup Time": 15.325,
                          "Actual Total Time": 15.326,
                          "Actual Rows": 367478,
                          "Actual Loops": 1,
                          "Index Cond": "(company_id < 196)"
                        }
                      ]
                    },
                    {
                      "Node Type": "Hash",
                      "Parent Relationship": "Inner",
                      "Parallel Aware": true,
                      "Startup Cost": 45479.1,
                      "Total Cost": 45479.1,
                      "Plan Rows": 36222,
                      "Plan Width": 4,
                      "Actual Startup Time": 118.53,
                      "Actual Total Time": 118.531,
                      "Actual Rows": 62969,
                      "Actual Loops": 4,
                      "Hash Buckets": 262144,
                      "Original Hash Buckets": 262144,
                      "Hash Batches": 1,
                      "Original Hash Batches": 1,
                      "Peak Memory Usage": 11968,
                      "Plans": [
                        {
                          "Node Type": "Seq Scan",
                          "Parent Relationship": "Outer",
                          "Parallel Aware": true,
                          "Relation Name": "title",
                          "Alias": "t",
                          "Startup Cost": 0.0,
                          "Total Cost": 45479.1,
                          "Plan Rows": 36222,
                          "Plan Width": 4,
                          "Actual Startup Time": 0.155,
                          "Actual Total Time": 99.028,
                          "Actual Rows": 62969,
                          "Actual Loops": 4,
                          "Filter": "((kind_id < 7) AND (production_year < 1971))",
                          "Rows Removed by Filter": 569109
                        }
                      ]
                    }
                  ]
                }
              ]
            }
          ]
        }
      ]
    },
    "Planning Time": 0.676,
    "Triggers": [],
    "Execution Time": 219.186
  }
]