[
  {
    "Plan": {
      "Node Type": "Aggregate",
      "Strategy": "Plain",
      "Partial Mode": "Finalize",
      "Parallel Aware": false,
      "Startup Cost": 425429.47,
      "Total Cost": 425429.48,
      "Plan Rows": 1,
      "Plan Width": 8,
      "Actual Startup Time": 1278.291,
      "Actual Total Time": 1343.047,
      "Actual Rows": 1,
      "Actual Loops": 1,
      "Plans": [
        {
          "Node Type": "Gather",
          "Parent Relationship": "Outer",
          "Parallel Aware": false,
          "Startup Cost": 425428.85,
          "Total Cost": 425429.46,
          "Plan Rows": 6,
          "Plan Width": 8,
          "Actual Startup Time": 1272.661,
          "Actual Total Time": 1343.037,
          "Actual Rows": 7,
          "Actual Loops": 1,
          "Workers Planned": 6,
          "Workers Launched": 6,
          "Single Copy": false,
          "Plans": [
            {
              "Node Type": "Aggregate",
              "Strategy": "Plain",
              "Partial Mode": "Partial",
              "Parent Relationship": "Outer",
              "Parallel Aware": false,
              "Startup Cost": 424428.85,
              "Total Cost": 424428.86,
              "Plan Rows": 1,
              "Plan Width": 8,
              "Actual Startup Time": 1261.153,
              "Actual Total Time": 1261.221,
              "Actual Rows": 1,
              "Actual Loops": 7,
              "Plans": [
                {
                  "Node Type": "Hash Join",
                  "Parent Relationship": "Outer",
                  "Parallel Aware": true,
                  "Join Type": "Inner",
                  "Startup Cost": 83587.57,
                  "Total Cost": 422481.8,
                  "Plan Rows": 778821,
                  "Plan Width": 0,
                  "Actual Startup Time": 275.0,
                  "Actual Total Time": 1233.304,
                  "Actual Rows": 678977,
                  "Actual Loops": 7,
                  "Inner Unique": false,
                  "Hash Cond": "(ci.movie_id = t.id)",
                  "Plans": [
                    {
                      "Node Type": "Seq Scan",
                      "Parent Relationship": "Outer",
                      "Parallel Aware": true,
                      "Relation Name": "cast_info",
                      "Alias": "ci",
                      "Startup Cost": 0.0,
                      "Total Cost": 328162.03,
                      "Plan Rows": 2342705,
                      "Plan Width": 4,
                      "Actual Startup Time": 0.021,
                      "Actual Total Time": 516.643,
                      "Actual Rows": 2007713,
                      "Actual Loops": 7,
                      "Filter": "(person_id < 1384852)",
                      "Rows Removed by Filter": 3170051
                    },
                    {
                      "Node Type": "Hash",
                      "Parent Relationship": "Inner",
                      "Parallel Aware": true,
                      "Startup Cost": 80960.94,
                      "Total Cost": 80960.94,
                      "Plan Rows": 210130,
                      "Plan Width": 8,
                      "Actual Startup Time": 271.531,
                      "Actual Total Time": 271.597,
                      "Actual Rows": 75770,
                      "Actual Loops": 7,
                      "Hash Buckets": 1048576,
                      "Original Hash Buckets": 1048576,
                      "Hash Batches": 1,
                      "Original Hash Batches": 1,
                      "Peak Memory Usage": 29120,
                      "Plans": [
                        {
                          "Node Type": "Hash Join",
                          "Parent Relationship": "Outer",
                          "Parallel Aware": true,
                          "Join Type": "Inner",
                          "Startup Cost": 34804.01,
                          "Total Cost": 80960.94,
                          "Plan Rows": 210130,
                          "Plan Width": 8,
                          "Actual Startup Time": 95.126,
                          "Actual Total Time": 235.348,
                          "Actual Rows": 75770,
                          "Actual Loops": 7,
                          "Inner Unique": false,
                          "Hash Cond": "(t.id = mc.movie_id)",
                          "Plans": [
                            {
                              "Node Type": "Seq Scan",
                              "Parent Relationship": "Outer",
                              "Parallel Aware": true,
                              "Relation Name": "title",
                              "Alias": "t",
                              "Startup Cost": 0.0,
                              "Total Cost": 42318.73,
                              "Plan Rows": 632073,
                              "Plan Width": 4,
                              "Actual Startup Time": 0.014,
                              "Actual Total Time": 50.36,
                              "Actual Rows": 361187,
                              "Actual Loops": 7
                            },
                            {
                              "Node Type": "Hash",
                              "Parent Relationship": "Inner",
                              "Parallel Aware": true,
                              "Startup Cost": 31414.82,
                              "Total Cost": 31414.82,
                              "Plan Rows": 271135,
                              "Plan Width": 4,
                              "Actual Startup Time": 93.457,
                              "Actual Total Time": 93.458,
                              "Actual Rows": 75770,
                              "Actual Loops": 7,
                              "Hash Buckets": 1048576,
                              "Original Hash Buckets": 1048576,
                              "Hash Batches": 1,
                              "Original Hash Batches": 1,
                              "Peak Memory Usage": 29056,
                              "Plans": [
                                {
                                  "Node Type": "Seq Scan",
                                  "Parent Relationship": "Outer",
                                  "Parallel Aware": true,
                                  "Relation Name": "movie_companies",
                                  "Alias": "mc",
                                  "Startup Cost": 0.0,
                                  "Total Cost": 31414.82,
                                  "Plan Rows": 271135,
                                  "Plan Width": 4,
                                  "Actual Startup Time": 38.453,
                                  "Actual Total Time": 60.345,
                                  "Actual Rows": 75770,
                                  "Actual Loops": 7,
                                  "Filter": "((company_id < 17909) AND (company_type_id = 2))",
                                  "Rows Removed by Filter": 296963
                                }
                              ]
                            }
                          ]
                        }
                      ]
                    }
                  ]
                }
              ]
            }
          ]
        }
      ]
    },
    "Planning Time": 1.388,
    "Triggers": [],
    "Execution Time": 1343.152
  }
]