[
  {
    "Plan": {
      "Node Type": "Aggregate",
      "Strategy": "Plain",
      "Partial Mode": "Finalize",
      "Parallel Aware": false,
      "Startup Cost": 44290.81,
      "Total Cost": 44290.82,
      "Plan Rows": 1,
      "Plan Width": 8,
      "Actual Startup Time": 110.436,
      "Actual Total Time": 119.947,
      "Actual Rows": 1,
      "Actual Loops": 1,
      "Plans": [
        {
          "Node Type": "Gather",
          "Parent Relationship": "Outer",
          "Parallel Aware": false,
          "Startup Cost": 44290.49,
          "Total Cost": 44290.8,
          "Plan Rows": 3,
          "Plan Width": 8,
          "Actual Startup Time": 110.31,
          "Actual Total Time": 119.935,
          "Actual Rows": 4,
          "Actual Loops": 1,
          "Workers Planned": 3,
          "Workers Launched": 3,
          "Single Copy": false,
          "Plans": [
            {
              "Node Type": "Aggregate",
              "Strategy": "Plain",
              "Partial Mode": "Partial",
              "Parent Relationship": "Outer",
              "Parallel Aware": false,
              "Startup Cost": 43290.49,
              "Total Cost": 43290.5,
              "Plan Rows": 1,
              "Plan Width": 8,
              "Actual Startup Time": 106.632,
              "Actual Total Time": 106.633,
              "Actual Rows": 1,
              "Actual Loops": 4,
              "Plans": [
                {
                  "Node Type": "Seq Scan",
                  "Parent Relationship": "Outer",
                  "Parallel Aware": true,
                  "Relation Name": "movie_keyword",
                  "Alias": "mk",
                  "Startup Cost": 0.0,
                  "Total Cost": 42695.65,
                  "Plan Rows": 237935,
                  "Plan Width": 0,
                  "Actual Startup Time": 0.031,
                  "Actual Total Time": 97.635,
                  "Actual Rows": 184823,
                  "Actual Loops": 4,
                  "Filter": "(keyword_id < 664)",
                  "Rows Removed by Filter": 946160
                }
              ]
            }
          ]
        }
      ]
    },
    "Planning Time": 0.088,
    "Triggers": [],
    "Execution Time": 119.977
  }
]