[
  {
    "Plan": {
      "Node Type": "Aggregate",
      "Strategy": "Plain",
      "Partial Mode": "Finalize",
      "Parallel Aware": false,
      "Startup Cost": 47341.94,
      "Total Cost": 47341.95,
      "Plan Rows": 1,
      "Plan Width": 8,
      "Actual Startup Time": 119.639,
      "Actual Total Time": 132.918,
      "Actual Rows": 1,
      "Actual Loops": 1,
      "Plans": [
        {
          "Node Type": "Gather",
          "Parent Relationship": "Outer",
          "Parallel Aware": false,
          "Startup Cost": 47341.52,
          "Total Cost": 47341.93,
          "Plan Rows": 4,
          "Plan Width": 8,
          "Actual Startup Time": 119.477,
          "Actual Total Time": 132.908,
          "Actual Rows": 5,
          "Actual Loops": 1,
          "Workers Planned": 4,
          "Workers Launched": 4,
          "Single Copy": false,
          "Plans": [
            {
              "Node Type": "Aggregate",
              "Strategy": "Plain",
              "Partial Mode": "Partial",
              "Parent Relationship": "Outer",
              "Parallel Aware": false,
              "Startup Cost": 46341.52,
              "Total Cost": 46341.53,
              "Plan Rows": 1,
              "Plan Width": 8,
              "Actual Startup Time": 110.252,
              "Actual Total Time": 110.253,
              "Actual Rows": 1,
              "Actual Loops": 5,
              "Plans": [
                {
                  "Node Type": "Seq Scan",
                  "Parent Relationship": "Outer",
                  "Parallel Aware": true,
                  "Relation Name": "title",
                  "Alias": "t",
                  "Startup Cost": 0.0,
                  "Total Cost": 45479.59,
                  "Plan Rows": 344773,
                  "Plan Width": 0,
                  "Actual Startup Time": 0.051,
                  "Actual Total Time": 94.679,
                  "Actual Rows": 298587,
                  "Actual Loops": 5,
                  "Filter": "((kind_id > 1) AND (production_year > 1985))",
                  "Rows Removed by Filter": 207075
                }
              ]
            }
          ]
        }
      ]
    },
    "Planning Time": 0.091,
    "Triggers": [],
    "Execution Time": 132.948
  }
]