[
    {
        "Bao": {
            "Bao prediction": 1316.001,
            "Bao recommended hint": "(no hint)"
        }
    },
    {
        "Plan": {
            "Node Type": "Aggregate",
            "Strategy": "Plain",
            "Partial Mode": "Finalize",
            "Parallel Aware": false,
            "Startup Cost": 575129.44,
            "Total Cost": 575129.45,
            "Plan Rows": 1,
            "Plan Width": 8,
            "Actual Startup Time": 1175.925,
            "Actual Total Time": 1216.901,
            "Actual Rows": 1,
            "Actual Loops": 1,
            "Output": [
                "count(*)"
            ],
            "Plans": [
                {
                    "Node Type": "Gather",
                    "Parent Relationship": "Outer",
                    "Parallel Aware": false,
                    "Startup Cost": 575128.81,
                    "Total Cost": 575129.42,
                    "Plan Rows": 6,
                    "Plan Width": 8,
                    "Actual Startup Time": 1137.154,
                    "Actual Total Time": 1216.89,
                    "Actual Rows": 7,
                    "Actual Loops": 1,
                    "Output": [
                        "(PARTIAL count(*))"
                    ],
                    "Workers Planned": 6,
                    "Workers Launched": 6,
                    "Single Copy": false,
                    "Plans": [
                        {
                            "Node Type": "Aggregate",
                            "Strategy": "Plain",
                            "Partial Mode": "Partial",
                            "Parent Relationship": "Outer",
                            "Parallel Aware": false,
                            "Startup Cost": 574128.81,
                            "Total Cost": 574128.82,
                            "Plan Rows": 1,
                            "Plan Width": 8,
                            "Actual Startup Time": 1121.329,
                            "Actual Total Time": 1121.463,
                            "Actual Rows": 1,
                            "Actual Loops": 7,
                            "Output": [
                                "PARTIAL count(*)"
                            ],
                            "Workers": [
                                {
                                    "Worker Number": 0,
                                    "Actual Startup Time": 1118.628,
                                    "Actual Total Time": 1118.644,
                                    "Actual Rows": 1,
                                    "Actual Loops": 1
                                },
                                {
                                    "Worker Number": 1,
                                    "Actual Startup Time": 1118.553,
                                    "Actual Total Time": 1118.558,
                                    "Actual Rows": 1,
                                    "Actual Loops": 1
                                },
                                {
                                    "Worker Number": 2,
                                    "Actual Startup Time": 1119.76,
                                    "Actual Total Time": 1119.766,
                                    "Actual Rows": 1,
                                    "Actual Loops": 1
                                },
                                {
                                    "Worker Number": 3,
                                    "Actual Startup Time": 1118.811,
                                    "Actual Total Time": 1118.816,
                                    "Actual Rows": 1,
                                    "Actual Loops": 1
                                },
                                {
                                    "Worker Number": 4,
                                    "Actual Startup Time": 1118.639,
                                    "Actual Total Time": 1118.645,
                                    "Actual Rows": 1,
                                    "Actual Loops": 1
                                },
                                {
                                    "Worker Number": 5,
                                    "Actual Startup Time": 1118.789,
                                    "Actual Total Time": 1118.796,
                                    "Actual Rows": 1,
                                    "Actual Loops": 1
                                }
                            ],
                            "Plans": [
                                {
                                    "Node Type": "Hash Join",
                                    "Parent Relationship": "Outer",
                                    "Parallel Aware": true,
                                    "Join Type": "Inner",
                                    "Startup Cost": 312026.48,
                                    "Total Cost": 573533.59,
                                    "Plan Rows": 238090,
                                    "Plan Width": 0,
                                    "Actual Startup Time": 811.882,
                                    "Actual Total Time": 1103.038,
                                    "Actual Rows": 270493,
                                    "Actual Loops": 7,
                                    "Inner Unique": false,
                                    "Hash Cond": "(ci.movie_id = t.id)",
                                    "Workers": [
                                        {
                                            "Worker Number": 0,
                                            "Actual Startup Time": 809.514,
                                            "Actual Total Time": 1100.051,
                                            "Actual Rows": 270228,
                                            "Actual Loops": 1
                                        },
                                        {
                                            "Worker Number": 1,
                                            "Actual Startup Time": 809.15,
                                            "Actual Total Time": 1100.694,
                                            "Actual Rows": 260492,
                                            "Actual Loops": 1
                                        },
                                        {
                                            "Worker Number": 2,
                                            "Actual Startup Time": 809.512,
                                            "Actual Total Time": 1101.302,
                                            "Actual Rows": 268411,
                                            "Actual Loops": 1
                                        },
                                        {
                                            "Worker Number": 3,
                                            "Actual Startup Time": 809.701,
                                            "Actual Total Time": 1100.048,
                                            "Actual Rows": 272978,
                                            "Actual Loops": 1
                                        },
                                        {
                                            "Worker Number": 4,
                                            "Actual Startup Time": 809.02,
                                            "Actual Total Time": 1100.214,
                                            "Actual Rows": 280437,
                                            "Actual Loops": 1
                                        },
                                        {
                                            "Worker Number": 5,
                                            "Actual Startup Time": 809.457,
                                            "Actual Total Time": 1100.959,
                                            "Actual Rows": 257029,
                                            "Actual Loops": 1
                                        }
                                    ],
                                    "Plans": [
                                        {
                                            "Node Type": "Bitmap Heap Scan",
                                            "Parent Relationship": "Outer",
                                            "Parallel Aware": true,
                                            "Relation Name": "cast_info",
                                            "Schema": "public",
                                            "Alias": "ci",
                                            "Startup Cost": 68017.05,
                                            "Total Cost": 327122.46,
                                            "Plan Rows": 513473,
                                            "Plan Width": 4,
                                            "Actual Startup Time": 213.362,
                                            "Actual Total Time": 317.048,
                                            "Actual Rows": 447630,
                                            "Actual Loops": 7,
                                            "Output": [
                                                "ci.id",
                                                "ci.person_id",
                                                "ci.movie_id",
                                                "ci.person_role_id",
                                                "ci.note",
                                                "ci.nr_order",
                                                "ci.role_id"
                                            ],
                                            "Recheck Cond": "(ci.person_id < 303375)",
                                            "Rows Removed by Index Recheck": 0,
                                            "Exact Heap Blocks": 5153,
                                            "Lossy Heap Blocks": 0,
                                            "Workers": [
                                                {
                                                    "Worker Number": 0,
                                                    "Actual Startup Time": 213.346,
                                                    "Actual Total Time": 317.759,
                                                    "Actual Rows": 451899,
                                                    "Actual Loops": 1
                                                },
                                                {
                                                    "Worker Number": 1,
                                                    "Actual Startup Time": 213.307,
                                                    "Actual Total Time": 321.041,
                                                    "Actual Rows": 430567,
                                                    "Actual Loops": 1
                                                },
                                                {
                                                    "Worker Number": 2,
                                                    "Actual Startup Time": 213.537,
                                                    "Actual Total Time": 317.398,
                                                    "Actual Rows": 445056,
                                                    "Actual Loops": 1
                                                },
                                                {
                                                    "Worker Number": 3,
                                                    "Actual Startup Time": 213.643,
                                                    "Actual Total Time": 317.443,
                                                    "Actual Rows": 446069,
                                                    "Actual Loops": 1
                                                },
                                                {
                                                    "Worker Number": 4,
                                                    "Actual Startup Time": 213.154,
                                                    "Actual Total Time": 316.997,
                                                    "Actual Rows": 466635,
                                                    "Actual Loops": 1
                                                },
                                                {
                                                    "Worker Number": 5,
                                                    "Actual Startup Time": 213.195,
                                                    "Actual Total Time": 320.465,
                                                    "Actual Rows": 424372,
                                                    "Actual Loops": 1
                                                }
                                            ],
                                            "Plans": [
                                                {
                                                    "Node Type": "Bitmap Index Scan",
                                                    "Parent Relationship": "Outer",
                                                    "Parallel Aware": false,
                                                    "Index Name": "person_id_cast_info",
                                                    "Startup Cost": 0.0,
                                                    "Total Cost": 67246.84,
                                                    "Plan Rows": 3080837,
                                                    "Plan Width": 0,
                                                    "Actual Startup Time": 204.806,
                                                    "Actual Total Time": 204.807,
                                                    "Actual Rows": 3133412,
                                                    "Actual Loops": 1,
                                                    "Index Cond": "(ci.person_id < 303375)",
                                                    "Workers": [
                                                        {
                                                            "Worker Number": 4,
                                                            "Actual Startup Time": 204.806,
                                                            "Actual Total Time": 204.807,
                                                            "Actual Rows": 3133412,
                                                            "Actual Loops": 1
                                                        }
                                                    ]
                                                }
                                            ]
                                        },
                                        {
                                            "Node Type": "Hash",
                                            "Parent Relationship": "Inner",
                                            "Parallel Aware": true,
                                            "Startup Cost": 241078.56,
                                            "Total Cost": 241078.56,
                                            "Plan Rows": 234469,
                                            "Plan Width": 8,
                                            "Actual Startup Time": 593.603,
                                            "Actual Total Time": 593.735,
                                            "Actual Rows": 174138,
                                            "Actual Loops": 7,
                                            "Output": [
                                                "t.id",
                                                "mi.movie_id"
                                            ],
                                            "Hash Buckets": 2097152,
                                            "Original Hash Buckets": 2097152,
                                            "Hash Batches": 1,
                                            "Original Hash Batches": 1,
                                            "Peak Memory Usage": 64192,
                                            "Workers": [
                                                {
                                                    "Worker Number": 0,
                                                    "Actual Startup Time": 595.466,
                                                    "Actual Total Time": 595.481,
                                                    "Actual Rows": 178114,
                                                    "Actual Loops": 1
                                                },
                                                {
                                                    "Worker Number": 1,
                                                    "Actual Startup Time": 595.292,
                                                    "Actual Total Time": 595.296,
                                                    "Actual Rows": 164942,
                                                    "Actual Loops": 1
                                                },
                                                {
                                                    "Worker Number": 2,
                                                    "Actual Startup Time": 595.513,
                                                    "Actual Total Time": 595.517,
                                                    "Actual Rows": 175375,
                                                    "Actual Loops": 1
                                                },
                                                {
                                                    "Worker Number": 3,
                                                    "Actual Startup Time": 595.519,
                                                    "Actual Total Time": 595.522,
                                                    "Actual Rows": 175061,
                                                    "Actual Loops": 1
                                                },
                                                {
                                                    "Worker Number": 4,
                                                    "Actual Startup Time": 595.496,
                                                    "Actual Total Time": 595.5,
                                                    "Actual Rows": 174774,
                                                    "Actual Loops": 1
                                                },
                                                {
                                                    "Worker Number": 5,
                                                    "Actual Startup Time": 595.512,
                                                    "Actual Total Time": 595.517,
                                                    "Actual Rows": 176153,
                                                    "Actual Loops": 1
                                                }
                                            ],
                                            "Plans": [
                                                {
                                                    "Node Type": "Hash Join",
                                                    "Parent Relationship": "Outer",
                                                    "Parallel Aware": true,
                                                    "Join Type": "Inner",
                                                    "Startup Cost": 75047.66,
                                                    "Total Cost": 241078.56,
                                                    "Plan Rows": 234469,
                                                    "Plan Width": 8,
                                                    "Actual Startup Time": 353.629,
                                                    "Actual Total Time": 490.974,
                                                    "Actual Rows": 174138,
                                                    "Actual Loops": 7,
                                                    "Output": [
                                                        "t.id",
                                                        "mi.movie_id"
                                                    ],
                                                    "Inner Unique": true,
                                                    "Hash Cond": "(mi.movie_id = t.id)",
                                                    "Workers": [
                                                        {
                                                            "Worker Number": 0,
                                                            "Actual Startup Time": 353.686,
                                                            "Actual Total Time": 490.125,
                                                            "Actual Rows": 178114,
                                                            "Actual Loops": 1
                                                        },
                                                        {
                                                            "Worker Number": 1,
                                                            "Actual Startup Time": 353.82,
                                                            "Actual Total Time": 489.529,
                                                            "Actual Rows": 164942,
                                                            "Actual Loops": 1
                                                        },
                                                        {
                                                            "Worker Number": 2,
                                                            "Actual Startup Time": 353.576,
                                                            "Actual Total Time": 490.09,
                                                            "Actual Rows": 175375,
                                                            "Actual Loops": 1
                                                        },
                                                        {
                                                            "Worker Number": 3,
                                                            "Actual Startup Time": 353.756,
                                                            "Actual Total Time": 490.165,
                                                            "Actual Rows": 175061,
                                                            "Actual Loops": 1
                                                        },
                                                        {
                                                            "Worker Number": 4,
                                                            "Actual Startup Time": 353.599,
                                                            "Actual Total Time": 490.155,
                                                            "Actual Rows": 174774,
                                                            "Actual Loops": 1
                                                        },
                                                        {
                                                            "Worker Number": 5,
                                                            "Actual Startup Time": 353.305,
                                                            "Actual Total Time": 491.503,
                                                            "Actual Rows": 176153,
                                                            "Actual Loops": 1
                                                        }
                                                    ],
                                                    "Plans": [
                                                        {
                                                            "Node Type": "Bitmap Heap Scan",
                                                            "Parent Relationship": "Outer",
                                                            "Parallel Aware": true,
                                                            "Relation Name": "movie_info",
                                                            "Schema": "public",
                                                            "Alias": "mi",
                                                            "Startup Cost": 24209.48,
                                                            "Total Cost": 189539.59,
                                                            "Plan Rows": 266969,
                                                            "Plan Width": 4,
                                                            "Actual Startup Time": 71.268,
                                                            "Actual Total Time": 103.773,
                                                            "Actual Rows": 189337,
                                                            "Actual Loops": 7,
                                                            "Output": [
                                                                "mi.id",
                                                                "mi.movie_id",
                                                                "mi.info_type_id",
                                                                "mi.info",
                                                                "mi.note"
                                                            ],
                                                            "Recheck Cond": "(mi.info_type_id = 8)",
                                                            "Rows Removed by Index Recheck": 0,
                                                            "Exact Heap Blocks": 1127,
                                                            "Lossy Heap Blocks": 0,
                                                            "Workers": [
                                                                {
                                                                    "Worker Number": 0,
                                                                    "Actual Startup Time": 71.3,
                                                                    "Actual Total Time": 104.587,
                                                                    "Actual Rows": 193648,
                                                                    "Actual Loops": 1
                                                                },
                                                                {
                                                                    "Worker Number": 1,
                                                                    "Actual Startup Time": 71.437,
                                                                    "Actual Total Time": 104.355,
                                                                    "Actual Rows": 179170,
                                                                    "Actual Loops": 1
                                                                },
                                                                {
                                                                    "Worker Number": 2,
                                                                    "Actual Startup Time": 71.209,
                                                                    "Actual Total Time": 104.048,
                                                                    "Actual Rows": 190773,
                                                                    "Actual Loops": 1
                                                                },
                                                                {
                                                                    "Worker Number": 3,
                                                                    "Actual Startup Time": 71.375,
                                                                    "Actual Total Time": 104.408,
                                                                    "Actual Rows": 190415,
                                                                    "Actual Loops": 1
                                                                },
                                                                {
                                                                    "Worker Number": 4,
                                                                    "Actual Startup Time": 71.219,
                                                                    "Actual Total Time": 104.245,
                                                                    "Actual Rows": 190179,
                                                                    "Actual Loops": 1
                                                                },
                                                                {
                                                                    "Worker Number": 5,
                                                                    "Actual Startup Time": 71.12,
                                                                    "Actual Total Time": 104.454,
                                                                    "Actual Rows": 190923,
                                                                    "Actual Loops": 1
                                                                }
                                                            ],
                                                            "Plans": [
                                                                {
                                                                    "Node Type": "Bitmap Index Scan",
                                                                    "Parent Relationship": "Outer",
                                                                    "Parallel Aware": false,
                                                                    "Index Name": "info_type_id_movie_info",
                                                                    "Startup Cost": 0.0,
                                                                    "Total Cost": 23875.77,
                                                                    "Plan Rows": 1334844,
                                                                    "Plan Width": 0,
                                                                    "Actual Startup Time": 69.312,
                                                                    "Actual Total Time": 69.313,
                                                                    "Actual Rows": 1325361,
                                                                    "Actual Loops": 1,
                                                                    "Index Cond": "(mi.info_type_id = 8)",
                                                                    "Workers": [
                                                                        {
                                                                            "Worker Number": 5,
                                                                            "Actual Startup Time": 69.312,
                                                                            "Actual Total Time": 69.313,
                                                                            "Actual Rows": 1325361,
                                                                            "Actual Loops": 1
                                                                        }
                                                                    ]
                                                                }
                                                            ]
                                                        },
                                                        {
                                                            "Node Type": "Hash",
                                                            "Parent Relationship": "Inner",
                                                            "Parallel Aware": true,
                                                            "Startup Cost": 43899.01,
                                                            "Total Cost": 43899.01,
                                                            "Plan Rows": 555134,
                                                            "Plan Width": 4,
                                                            "Actual Startup Time": 277.255,
                                                            "Actual Total Time": 277.256,
                                                            "Actual Rows": 317796,
                                                            "Actual Loops": 7,
                                                            "Output": [
                                                                "t.id"
                                                            ],
                                                            "Hash Buckets": 4194304,
                                                            "Original Hash Buckets": 4194304,
                                                            "Hash Batches": 1,
                                                            "Original Hash Batches": 1,
                                                            "Peak Memory Usage": 119904,
                                                            "Workers": [
                                                                {
                                                                    "Worker Number": 0,
                                                                    "Actual Startup Time": 282.058,
                                                                    "Actual Total Time": 282.06,
                                                                    "Actual Rows": 309145,
                                                                    "Actual Loops": 1
                                                                },
                                                                {
                                                                    "Worker Number": 1,
                                                                    "Actual Startup Time": 282.056,
                                                                    "Actual Total Time": 282.057,
                                                                    "Actual Rows": 300614,
                                                                    "Actual Loops": 1
                                                                },
                                                                {
                                                                    "Worker Number": 2,
                                                                    "Actual Startup Time": 282.065,
                                                                    "Actual Total Time": 282.066,
                                                                    "Actual Rows": 304597,
                                                                    "Actual Loops": 1
                                                                },
                                                                {
                                                                    "Worker Number": 3,
                                                                    "Actual Startup Time": 282.106,
                                                                    "Actual Total Time": 282.107,
                                                                    "Actual Rows": 308955,
                                                                    "Actual Loops": 1
                                                                },
                                                                {
                                                                    "Worker Number": 4,
                                                                    "Actual Startup Time": 282.066,
                                                                    "Actual Total Time": 282.067,
                                                                    "Actual Rows": 307785,
                                                                    "Actual Loops": 1
                                                                },
                                                                {
                                                                    "Worker Number": 5,
                                                                    "Actual Startup Time": 282.062,
                                                                    "Actual Total Time": 282.063,
                                                                    "Actual Rows": 297109,
                                                                    "Actual Loops": 1
                                                                }
                                                            ],
                                                            "Plans": [
                                                                {
                                                                    "Node Type": "Seq Scan",
                                                                    "Parent Relationship": "Outer",
                                                                    "Parallel Aware": true,
                                                                    "Relation Name": "title",
                                                                    "Schema": "public",
                                                                    "Alias": "t",
                                                                    "Startup Cost": 0.0,
                                                                    "Total Cost": 43899.01,
                                                                    "Plan Rows": 555134,
                                                                    "Plan Width": 4,
                                                                    "Actual Startup Time": 0.037,
                                                                    "Actual Total Time": 95.935,
                                                                    "Actual Rows": 317796,
                                                                    "Actual Loops": 7,
                                                                    "Output": [
                                                                        "t.id"
                                                                    ],
                                                                    "Filter": "(t.production_year < 2012)",
                                                                    "Rows Removed by Filter": 43392,
                                                                    "Workers": [
                                                                        {
                                                                            "Worker Number": 0,
                                                                            "Actual Startup Time": 0.039,
                                                                            "Actual Total Time": 97.718,
                                                                            "Actual Rows": 309145,
                                                                            "Actual Loops": 1
                                                                        },
                                                                        {
                                                                            "Worker Number": 1,
                                                                            "Actual Startup Time": 0.032,
                                                                            "Actual Total Time": 98.13,
                                                                            "Actual Rows": 300614,
                                                                            "Actual Loops": 1
                                                                        },
                                                                        {
                                                                            "Worker Number": 2,
                                                                            "Actual Startup Time": 0.028,
                                                                            "Actual Total Time": 96.927,
                                                                            "Actual Rows": 304597,
                                                                            "Actual Loops": 1
                                                                        },
                                                                        {
                                                                            "Worker Number": 3,
                                                                            "Actual Startup Time": 0.039,
                                                                            "Actual Total Time": 98.363,
                                                                            "Actual Rows": 308955,
                                                                            "Actual Loops": 1
                                                                        },
                                                                        {
                                                                            "Worker Number": 4,
                                                                            "Actual Startup Time": 0.052,
                                                                            "Actual Total Time": 98.203,
                                                                            "Actual Rows": 307785,
                                                                            "Actual Loops": 1
                                                                        },
                                                                        {
                                                                            "Worker Number": 5,
                                                                            "Actual Startup Time": 0.052,
                                                                            "Actual Total Time": 98.374,
                                                                            "Actual Rows": 297109,
                                                                            "Actual Loops": 1
                                                                        }
                                                                    ]
                                                                }
                                                            ]
                                                        }
                                                    ]
                                                }
                                            ]
                                        }
                                    ]
                                }
                            ]
                        }
                    ]
                }
            ]
        },
        "Planning Time": 4017.451,
        "Triggers": [],
        "Execution Time": 1217.102
    }
]