[
  {
    "Plan": {
      "Node Type": "Aggregate",
      "Strategy": "Plain",
      "Partial Mode": "Finalize",
      "Parallel Aware": false,
      "Startup Cost": 397394.22,
      "Total Cost": 397394.23,
      "Plan Rows": 1,
      "Plan Width": 8,
      "Actual Startup Time": 2810.873,
      "Actual Total Time": 2889.897,
      "Actual Rows": 1,
      "Actual Loops": 1,
      "Plans": [
        {
          "Node Type": "Gather",
          "Parent Relationship": "Outer",
          "Parallel Aware": false,
          "Startup Cost": 397393.59,
          "Total Cost": 397394.2,
          "Plan Rows": 6,
          "Plan Width": 8,
          "Actual Startup Time": 2800.624,
          "Actual Total Time": 2889.883,
          "Actual Rows": 7,
          "Actual Loops": 1,
          "Workers Planned": 6,
          "Workers Launched": 6,
          "Single Copy": false,
          "Plans": [
            {
              "Node Type": "Aggregate",
              "Strategy": "Plain",
              "Partial Mode": "Partial",
              "Parent Relationship": "Outer",
              "Parallel Aware": false,
              "Startup Cost": 396393.59,
              "Total Cost": 396393.6,
              "Plan Rows": 1,
              "Plan Width": 8,
              "Actual Startup Time": 2788.729,
              "Actual Total Time": 2788.734,
              "Actual Rows": 1,
              "Actual Loops": 7,
              "Plans": [
                {
                  "Node Type": "Hash Join",
                  "Parent Relationship": "Outer",
                  "Parallel Aware": true,
                  "Join Type": "Inner",
                  "Startup Cost": 46982.15,
                  "Total Cost": 390650.13,
                  "Plan Rows": 2297385,
                  "Plan Width": 0,
                  "Actual Startup Time": 243.667,
                  "Actual Total Time": 2659.34,
                  "Actual Rows": 2072835,
                  "Actual Loops": 7,
                  "Inner Unique": true,
                  "Hash Cond": "(ci.movie_id = t.id)",
                  "Plans": [
                    {
                      "Node Type": "Seq Scan",
                      "Parent Relationship": "Outer",
                      "Parallel Aware": true,
                      "Relation Name": "cast_info",
                      "Alias": "ci",
                      "Startup Cost": 0.0,
                      "Total Cost": 328211.39,
                      "Plan Rows": 5888216,
                      "Plan Width": 4,
                      "Actual Startup Time": 0.038,
                      "Actual Total Time": 869.68,
                      "Actual Rows": 5052806,
                      "Actual Loops": 7,
                      "Filter": "(person_id < 3893684)",
                      "Rows Removed by Filter": 124957
                    },
                    {
                      "Node Type": "Hash",
                      "Parent Relationship": "Inner",
                      "Parallel Aware": true,
                      "Startup Cost": 43899.32,
                      "Total Cost": 43899.32,
                      "Plan Rows": 246626,
                      "Plan Width": 4,
                      "Actual Startup Time": 240.467,
                      "Actual Total Time": 240.468,
                      "Actual Rows": 140721,
                      "Actual Loops": 7,
                      "Hash Buckets": 1048576,
                      "Original Hash Buckets": 1048576,
                      "Hash Batches": 1,
                      "Original Hash Batches": 1,
                      "Peak Memory Usage": 46816,
                      "Plans": [
                        {
                          "Node Type": "Seq Scan",
                          "Parent Relationship": "Outer",
                          "Parallel Aware": true,
                          "Relation Name": "title",
                          "Alias": "t",
                          "Startup Cost": 0.0,
                          "Total Cost": 43899.32,
                          "Plan Rows": 246626,
                          "Plan Width": 4,
                          "Actual Startup Time": 0.055,
                          "Actual Total Time": 96.886,
                          "Actual Rows": 140721,
                          "Actual Loops": 7,
                          "Filter": "(kind_id < 7)",
                          "Rows Removed by Filter": 220466
                        }
                      ]
                    }
                  ]
                }
              ]
            }
          ]
        }
      ]
    },
    "Planning Time": 0.607,
    "Triggers": [],
    "Execution Time": 2889.963
  }
]