[
  {
    "Plan": {
      "Node Type": "Aggregate",
      "Strategy": "Plain",
      "Partial Mode": "Finalize",
      "Parallel Aware": false,
      "Startup Cost": 342468.46,
      "Total Cost": 342468.47,
      "Plan Rows": 1,
      "Plan Width": 8,
      "Actual Startup Time": 1046.297,
      "Actual Total Time": 1098.067,
      "Actual Rows": 1,
      "Actual Loops": 1,
      "Plans": [
        {
          "Node Type": "Gather",
          "Parent Relationship": "Outer",
          "Parallel Aware": false,
          "Startup Cost": 342467.84,
          "Total Cost": 342468.45,
          "Plan Rows": 6,
          "Plan Width": 8,
          "Actual Startup Time": 1046.105,
          "Actual Total Time": 1098.058,
          "Actual Rows": 7,
          "Actual Loops": 1,
          "Workers Planned": 6,
          "Workers Launched": 6,
          "Single Copy": false,
          "Plans": [
            {
              "Node Type": "Aggregate",
              "Strategy": "Plain",
              "Partial Mode": "Partial",
              "Parent Relationship": "Outer",
              "Parallel Aware": false,
              "Startup Cost": 341467.84,
              "Total Cost": 341467.85,
              "Plan Rows": 1,
              "Plan Width": 8,
              "Actual Startup Time": 1037.505,
              "Actual Total Time": 1037.506,
              "Actual Rows": 1,
              "Actual Loops": 7,
              "Plans": [
                {
                  "Node Type": "Seq Scan",
                  "Parent Relationship": "Outer",
                  "Parallel Aware": true,
                  "Relation Name": "cast_info",
                  "Alias": "ci",
                  "Startup Cost": 0.0,
                  "Total Cost": 328211.39,
                  "Plan Rows": 5302578,
                  "Plan Width": 0,
                  "Actual Startup Time": 68.708,
                  "Actual Total Time": 765.03,
                  "Actual Rows": 4520506,
                  "Actual Loops": 7,
                  "Filter": "(person_id > 445063)",
                  "Rows Removed by Filter": 657257
                }
              ]
            }
          ]
        }
      ]
    },
    "Planning Time": 0.106,
    "Triggers": [],
    "Execution Time": 1098.115
  }
]