[
  {
    "Plan": {
      "Node Type": "Aggregate",
      "Strategy": "Plain",
      "Partial Mode": "Finalize",
      "Parallel Aware": false,
      "Startup Cost": 98322.43,
      "Total Cost": 98322.44,
      "Plan Rows": 1,
      "Plan Width": 8,
      "Actual Startup Time": 592.936,
      "Actual Total Time": 613.155,
      "Actual Rows": 1,
      "Actual Loops": 1,
      "Plans": [
        {
          "Node Type": "Gather",
          "Parent Relationship": "Outer",
          "Parallel Aware": false,
          "Startup Cost": 98322.22,
          "Total Cost": 98322.43,
          "Plan Rows": 2,
          "Plan Width": 8,
          "Actual Startup Time": 583.0,
          "Actual Total Time": 613.144,
          "Actual Rows": 3,
          "Actual Loops": 1,
          "Workers Planned": 2,
          "Workers Launched": 2,
          "Single Copy": false,
          "Plans": [
            {
              "Node Type": "Aggregate",
              "Strategy": "Plain",
              "Partial Mode": "Partial",
              "Parent Relationship": "Outer",
              "Parallel Aware": false,
              "Startup Cost": 97322.22,
              "Total Cost": 97322.23,
              "Plan Rows": 1,
              "Plan Width": 8,
              "Actual Startup Time": 573.252,
              "Actual Total Time": 573.259,
              "Actual Rows": 1,
              "Actual Loops": 3,
              "Plans": [
                {
                  "Node Type": "Hash Join",
                  "Parent Relationship": "Outer",
                  "Parallel Aware": true,
                  "Join Type": "Inner",
                  "Startup Cost": 81247.3,
                  "Total Cost": 97220.28,
                  "Plan Rows": 40774,
                  "Plan Width": 0,
                  "Actual Startup Time": 509.097,
                  "Actual Total Time": 571.727,
                  "Actual Rows": 31869,
                  "Actual Loops": 3,
                  "Inner Unique": false,
                  "Hash Cond": "(mi_idx.movie_id = t.id)",
                  "Plans": [
                    {
                      "Node Type": "Seq Scan",
                      "Parent Relationship": "Outer",
                      "Parallel Aware": true,
                      "Relation Name": "movie_info_idx",
                      "Alias": "mi_idx",
                      "Startup Cost": 0.0,
                      "Total Cost": 13685.15,
                      "Plan Rows": 575015,
                      "Plan Width": 4,
                      "Actual Startup Time": 0.016,
                      "Actual Total Time": 41.992,
                      "Actual Rows": 460012,
                      "Actual Loops": 3
                    },
                    {
                      "Node Type": "Hash",
                      "Parent Relationship": "Inner",
                      "Parallel Aware": true,
                      "Startup Cost": 80524.36,
                      "Total Cost": 80524.36,
                      "Plan Rows": 57835,
                      "Plan Width": 8,
                      "Actual Startup Time": 481.952,
                      "Actual Total Time": 481.957,
                      "Actual Rows": 18137,
                      "Actual Loops": 3,
                      "Hash Buckets": 262144,
                      "Original Hash Buckets": 262144,
                      "Hash Batches": 1,
                      "Original Hash Batches": 1,
                      "Peak Memory Usage": 4224,
                      "Plans": [
                        {
                          "Node Type": "Hash Join",
                          "Parent Relationship": "Outer",
                          "Parallel Aware": true,
                          "Join Type": "Inner",
                          "Startup Cost": 54886.51,
                          "Total Cost": 80524.36,
                          "Plan Rows": 57835,
                          "Plan Width": 8,
                          "Actual Startup Time": 398.676,
                          "Actual Total Time": 475.091,
                          "Actual Rows": 18137,
                          "Actual Loops": 3,
                          "Inner Unique": true,
                          "Hash Cond": "(mk.movie_id = t.id)",
                          "Plans": [
                            {
                              "Node Type": "Bitmap Heap Scan",
                              "Parent Relationship": "Outer",
                              "Parallel Aware": true,
                              "Relation Name": "movie_keyword",
                              "Alias": "mk",
                              "Startup Cost": 5148.9,
                              "Total Cost": 30581.29,
                              "Plan Rows": 78271,
                              "Plan Width": 4,
                              "Actual Startup Time": 22.243,
                              "Actual Total Time": 69.935,
                              "Actual Rows": 81991,
                              "Actual Loops": 3,
                              "Recheck Cond": "(keyword_id > 61050)",
                              "Rows Removed by Index Recheck": 0,
                              "Exact Heap Blocks": 9196,
                              "Lossy Heap Blocks": 0,
                              "Plans": [
                                {
                                  "Node Type": "Bitmap Index Scan",
                                  "Parent Relationship": "Outer",
                                  "Parallel Aware": false,
                                  "Index Name": "keyword_id_movie_keyword",
                                  "Startup Cost": 0.0,
                                  "Total Cost": 5088.24,
                                  "Plan Rows": 242641,
                                  "Plan Width": 0,
                                  "Actual Startup Time": 19.114,
                                  "Actual Total Time": 19.115,
                                  "Actual Rows": 245973,
                                  "Actual Loops": 1,
                                  "Index Cond": "(keyword_id > 61050)"
                                }
                              ]
                            },
                            {
                              "Node Type": "Hash",
                              "Parent Relationship": "Inner",
                              "Parallel Aware": true,
                              "Startup Cost": 43899.32,
                              "Total Cost": 43899.32,
                              "Plan Rows": 467063,
                              "Plan Width": 4,
                              "Actual Startup Time": 367.74,
                              "Actual Total Time": 367.741,
                              "Actual Rows": 621829,
                              "Actual Loops": 3,
                              "Hash Buckets": 2097152,
                              "Original Hash Buckets": 2097152,
                              "Hash Batches": 1,
                              "Original Hash Batches": 1,
                              "Peak Memory Usage": 89408,
                              "Plans": [
                                {
                                  "Node Type": "Seq Scan",
                                  "Parent Relationship": "Outer",
                                  "Parallel Aware": true,
                                  "Relation Name": "title",
                                  "Alias": "t",
                                  "Startup Cost": 0.0,
                                  "Total Cost": 43899.32,
                                  "Plan Rows": 467063,
                                  "Plan Width": 4,
                                  "Actual Startup Time": 0.048,
                                  "Actual Total Time": 143.344,
                                  "Actual Rows": 621829,
                                  "Actual Loops": 3,
                                  "Filter": "(kind_id > 1)",
                                  "Rows Removed by Filter": 220942
                                }
                              ]
                            }
                          ]
                        }
                      ]
                    }
                  ]
                }
              ]
            }
          ]
        }
      ]
    },
    "Planning Time": 1.366,
    "Triggers": [],
    "Execution Time": 613.265
  }
]