[
  {
    "Plan": {
      "Node Type": "Aggregate",
      "Strategy": "Plain",
      "Partial Mode": "Finalize",
      "Parallel Aware": false,
      "Startup Cost": 132301.08,
      "Total Cost": 132301.09,
      "Plan Rows": 1,
      "Plan Width": 8,
      "Actual Startup Time": 1471.613,
      "Actual Total Time": 1541.34,
      "Actual Rows": 1,
      "Actual Loops": 1,
      "Plans": [
        {
          "Node Type": "Gather",
          "Parent Relationship": "Outer",
          "Parallel Aware": false,
          "Startup Cost": 132300.77,
          "Total Cost": 132301.08,
          "Plan Rows": 3,
          "Plan Width": 8,
          "Actual Startup Time": 1469.354,
          "Actual Total Time": 1541.329,
          "Actual Rows": 4,
          "Actual Loops": 1,
          "Workers Planned": 3,
          "Workers Launched": 3,
          "Single Copy": false,
          "Plans": [
            {
              "Node Type": "Aggregate",
              "Strategy": "Plain",
              "Partial Mode": "Partial",
              "Parent Relationship": "Outer",
              "Parallel Aware": false,
              "Startup Cost": 131300.77,
              "Total Cost": 131300.78,
              "Plan Rows": 1,
              "Plan Width": 8,
              "Actual Startup Time": 1447.347,
              "Actual Total Time": 1447.351,
              "Actual Rows": 1,
              "Actual Loops": 4,
              "Plans": [
                {
                  "Node Type": "Nested Loop",
                  "Parent Relationship": "Outer",
                  "Parallel Aware": false,
                  "Join Type": "Inner",
                  "Startup Cost": 51871.96,
                  "Total Cost": 130710.98,
                  "Plan Rows": 235916,
                  "Plan Width": 0,
                  "Actual Startup Time": 340.24,
                  "Actual Total Time": 1409.724,
                  "Actual Rows": 718150,
                  "Actual Loops": 4,
                  "Inner Unique": false,
                  "Plans": [
                    {
                      "Node Type": "Hash Join",
                      "Parent Relationship": "Outer",
                      "Parallel Aware": true,
                      "Join Type": "Inner",
                      "Startup Cost": 51871.39,
                      "Total Cost": 76705.21,
                      "Plan Rows": 25112,
                      "Plan Width": 8,
                      "Actual Startup Time": 340.067,
                      "Actual Total Time": 375.802,
                      "Actual Rows": 19226,
                      "Actual Loops": 4,
                      "Inner Unique": true,
                      "Hash Cond": "(mk.movie_id = t.id)",
                      "Plans": [
                        {
                          "Node Type": "Bitmap Heap Scan",
                          "Parent Relationship": "Outer",
                          "Parallel Aware": true,
                          "Relation Name": "movie_keyword",
                          "Alias": "mk",
                          "Startup Cost": 1651.75,
                          "Total Cost": 26419.65,
                          "Plan Rows": 25112,
                          "Plan Width": 4,
                          "Actual Startup Time": 9.296,
                          "Actual Total Time": 31.285,
                          "Actual Rows": 19226,
                          "Actual Loops": 4,
                          "Recheck Cond": "(keyword_id > 88732)",
                          "Rows Removed by Index Recheck": 0,
                          "Exact Heap Blocks": 4061,
                          "Lossy Heap Blocks": 0,
                          "Plans": [
                            {
                              "Node Type": "Bitmap Index Scan",
                              "Parent Relationship": "Outer",
                              "Parallel Aware": false,
                              "Index Name": "keyword_id_movie_keyword",
                              "Startup Cost": 0.0,
                              "Total Cost": 1632.28,
                              "Plan Rows": 77847,
                              "Plan Width": 0,
                              "Actual Startup Time": 6.965,
                              "Actual Total Time": 6.966,
                              "Actual Rows": 76902,
                              "Actual Loops": 1,
                              "Index Cond": "(keyword_id > 88732)"
                            }
                          ]
                        },
                        {
                          "Node Type": "Hash",
                          "Parent Relationship": "Inner",
                          "Parallel Aware": true,
                          "Startup Cost": 42318.73,
                          "Total Cost": 42318.73,
                          "Plan Rows": 632073,
                          "Plan Width": 4,
                          "Actual Startup Time": 320.054,
                          "Actual Total Time": 320.054,
                          "Actual Rows": 632078,
                          "Actual Loops": 4,
                          "Hash Buckets": 4194304,
                          "Original Hash Buckets": 4194304,
                          "Hash Batches": 1,
                          "Original Hash Batches": 1,
                          "Peak Memory Usage": 131744,
                          "Plans": [
                            {
                              "Node Type": "Seq Scan",
                              "Parent Relationship": "Outer",
                              "Parallel Aware": true,
                              "Relation Name": "title",
                              "Alias": "t",
                              "Startup Cost": 0.0,
                              "Total Cost": 42318.73,
                              "Plan Rows": 632073,
                              "Plan Width": 4,
                              "Actual Startup Time": 0.044,
                              "Actual Total Time": 94.04,
                              "Actual Rows": 632078,
                              "Actual Loops": 4
                            }
                          ]
                        }
                      ]
                    },
                    {
                      "Node Type": "Index Scan",
                      "Parent Relationship": "Inner",
                      "Parallel Aware": false,
                      "Scan Direction": "Forward",
                      "Index Name": "movie_id_cast_info",
                      "Relation Name": "cast_info",
                      "Alias": "ci",
                      "Startup Cost": 0.56,
                      "Total Cost": 1.91,
                      "Plan Rows": 24,
                      "Plan Width": 4,
                      "Actual Startup Time": 0.021,
                      "Actual Total Time": 0.05,
                      "Actual Rows": 37,
                      "Actual Loops": 76902,
                      "Index Cond": "(movie_id = t.id)",
                      "Rows Removed by Index Recheck": 0,
                      "Filter": "(role_id > 1)",
                      "Rows Removed by Filter": 21
                    }
                  ]
                }
              ]
            }
          ]
        }
      ]
    },
    "Planning Time": 1.322,
    "Triggers": [],
    "Execution Time": 1541.467
  }
]