[
  {
    "Plan": {
      "Node Type": "Aggregate",
      "Strategy": "Plain",
      "Partial Mode": "Finalize",
      "Parallel Aware": false,
      "Startup Cost": 350492.15,
      "Total Cost": 350492.16,
      "Plan Rows": 1,
      "Plan Width": 8,
      "Actual Startup Time": 875.314,
      "Actual Total Time": 930.039,
      "Actual Rows": 1,
      "Actual Loops": 1,
      "Plans": [
        {
          "Node Type": "Gather",
          "Parent Relationship": "Outer",
          "Parallel Aware": false,
          "Startup Cost": 350491.52,
          "Total Cost": 350492.13,
          "Plan Rows": 6,
          "Plan Width": 8,
          "Actual Startup Time": 874.919,
          "Actual Total Time": 930.02,
          "Actual Rows": 7,
          "Actual Loops": 1,
          "Workers Planned": 6,
          "Workers Launched": 6,
          "Single Copy": false,
          "Plans": [
            {
              "Node Type": "Aggregate",
              "Strategy": "Plain",
              "Partial Mode": "Partial",
              "Parent Relationship": "Outer",
              "Parallel Aware": false,
              "Startup Cost": 349491.52,
              "Total Cost": 349491.53,
              "Plan Rows": 1,
              "Plan Width": 8,
              "Actual Startup Time": 866.673,
              "Actual Total Time": 866.674,
              "Actual Rows": 1,
              "Actual Loops": 7,
              "Plans": [
                {
                  "Node Type": "Seq Scan",
                  "Parent Relationship": "Outer",
                  "Parallel Aware": true,
                  "Relation Name": "cast_info",
                  "Alias": "ci",
                  "Startup Cost": 0.0,
                  "Total Cost": 343316.27,
                  "Plan Rows": 2470100,
                  "Plan Width": 0,
                  "Actual Startup Time": 286.323,
                  "Actual Total Time": 785.697,
                  "Actual Rows": 1478436,
                  "Actual Loops": 7,
                  "Filter": "((person_id < 2351695) AND (role_id > 1))",
                  "Rows Removed by Filter": 3699328
                }
              ]
            }
          ]
        }
      ]
    },
    "Planning Time": 0.156,
    "Triggers": [],
    "Execution Time": 930.106
  }
]