{
  "Plan": {
    "Node Type": "Aggregate",
    "Strategy": "Plain",
    "Partial Mode": "Finalize",
    "Parallel Aware": false,
    "Startup Cost": 172315.39,
    "Total Cost": 172315.4,
    "Plan Rows": 1,
    "Plan Width": 8,
    "Actual Startup Time": 544.499,
    "Actual Total Time": 575.472,
    "Actual Rows": 1,
    "Actual Loops": 1,
    "Plans": [
      {
        "Node Type": "Gather",
        "Parent Relationship": "Outer",
        "Parallel Aware": false,
        "Startup Cost": 172315.28,
        "Total Cost": 172315.39,
        "Plan Rows": 1,
        "Plan Width": 8,
        "Actual Startup Time": 544.204,
        "Actual Total Time": 575.463,
        "Actual Rows": 2,
        "Actual Loops": 1,
        "Workers Planned": 1,
        "Workers Launched": 1,
        "Single Copy": false,
        "Plans": [
          {
            "Node Type": "Aggregate",
            "Strategy": "Plain",
            "Partial Mode": "Partial",
            "Parent Relationship": "Outer",
            "Parallel Aware": false,
            "Startup Cost": 171315.28,
            "Total Cost": 171315.29,
            "Plan Rows": 1,
            "Plan Width": 8,
            "Actual Startup Time": 537.992,
            "Actual Total Time": 537.996,
            "Actual Rows": 1,
            "Actual Loops": 2,
            "Plans": [
              {
                "Node Type": "Nested Loop",
                "Parent Relationship": "Outer",
                "Parallel Aware": false,
                "Join Type": "Inner",
                "Startup Cost": 54948.7,
                "Total Cost": 171054.84,
                "Plan Rows": 104176,
                "Plan Width": 0,
                "Actual Startup Time": 216.238,
                "Actual Total Time": 535.793,
                "Actual Rows": 34120,
                "Actual Loops": 2,
                "Inner Unique": false,
                "Join Filter": "(t.id = mi.movie_id)",
                "Rows Removed by Join Filter": 0,
                "Plans": [
                  {
                    "Node Type": "Hash Join",
                    "Parent Relationship": "Outer",
                    "Parallel Aware": true,
                    "Join Type": "Inner",
                    "Startup Cost": 54948.26,
                    "Total Cost": 116431.9,
                    "Plan Rows": 27768,
                    "Plan Width": 8,
                    "Actual Startup Time": 216.167,
                    "Actual Total Time": 478.694,
                    "Actual Rows": 3401,
                    "Actual Loops": 2,
                    "Inner Unique": true,
                    "Hash Cond": "(mk.movie_id = t.id)",
                    "Plans": [
                      {
                        "Node Type": "Seq Scan",
                        "Parent Relationship": "Outer",
                        "Parallel Aware": true,
                        "Relation Name": "movie_keyword",
                        "Alias": "mk",
                        "Startup Cost": 0.0,
                        "Total Cost": 57718.19,
                        "Plan Rows": 1434451,
                        "Plan Width": 4,
                        "Actual Startup Time": 0.406,
                        "Actual Total Time": 218.712,
                        "Actual Rows": 1218364,
                        "Actual Loops": 2,
                        "Filter": "(keyword_id > 3729)",
                        "Rows Removed by Filter": 1043602
                      },
                      {
                        "Node Type": "Hash",
                        "Parent Relationship": "Inner",
                        "Parallel Aware": true,
                        "Startup Cost": 54588.39,
                        "Total Cost": 54588.39,
                        "Plan Rows": 28790,
                        "Plan Width": 4,
                        "Actual Startup Time": 155.862,
                        "Actual Total Time": 155.863,
                        "Actual Rows": 25861,
                        "Actual Loops": 2,
                        "Hash Buckets": 65536,
                        "Original Hash Buckets": 65536,
                        "Hash Batches": 1,
                        "Original Hash Batches": 1,
                        "Peak Memory Usage": 2560,
                        "Plans": [
                          {
                            "Node Type": "Seq Scan",
                            "Parent Relationship": "Outer",
                            "Parallel Aware": true,
                            "Relation Name": "title",
                            "Alias": "t",
                            "Startup Cost": 0.0,
                            "Total Cost": 54588.39,
                            "Plan Rows": 28790,
                            "Plan Width": 4,
                            "Actual Startup Time": 78.33,
                            "Actual Total Time": 149.193,
                            "Actual Rows": 25861,
                            "Actual Loops": 2,
                            "Filter": "(production_year < 1914)",
                            "Rows Removed by Filter": 1238295
                          }
                        ]
                      }
                    ]
                  },
                  {
                    "Node Type": "Index Scan",
                    "Parent Relationship": "Inner",
                    "Parallel Aware": false,
                    "Scan Direction": "Forward",
                    "Index Name": "movie_id_movie_info",
                    "Relation Name": "movie_info",
                    "Alias": "mi",
                    "Startup Cost": 0.43,
                    "Total Cost": 1.63,
                    "Plan Rows": 27,
                    "Plan Width": 4,
                    "Actual Startup Time": 0.006,
                    "Actual Total Time": 0.015,
                    "Actual Rows": 10,
                    "Actual Loops": 6802,
                    "Index Cond": "(movie_id = mk.movie_id)",
                    "Rows Removed by Index Recheck": 0,
                    "Filter": "(info_type_id < 16)",
                    "Rows Removed by Filter": 3
                  }
                ]
              }
            ]
          }
        ]
      }
    ]
  },
  "Planning Time": 0.889,
  "Triggers": [],
  "Execution Time": 575.56
}