[
  {
    "Plan": {
      "Node Type": "Aggregate",
      "Strategy": "Plain",
      "Partial Mode": "Finalize",
      "Parallel Aware": false,
      "Startup Cost": 33363.71,
      "Total Cost": 33363.72,
      "Plan Rows": 1,
      "Plan Width": 8,
      "Actual Startup Time": 104.039,
      "Actual Total Time": 113.094,
      "Actual Rows": 1,
      "Actual Loops": 1,
      "Plans": [
        {
          "Node Type": "Gather",
          "Parent Relationship": "Outer",
          "Parallel Aware": false,
          "Startup Cost": 33363.4,
          "Total Cost": 33363.71,
          "Plan Rows": 3,
          "Plan Width": 8,
          "Actual Startup Time": 103.893,
          "Actual Total Time": 113.084,
          "Actual Rows": 4,
          "Actual Loops": 1,
          "Workers Planned": 3,
          "Workers Launched": 3,
          "Single Copy": false,
          "Plans": [
            {
              "Node Type": "Aggregate",
              "Strategy": "Plain",
              "Partial Mode": "Partial",
              "Parent Relationship": "Outer",
              "Parallel Aware": false,
              "Startup Cost": 32363.4,
              "Total Cost": 32363.41,
              "Plan Rows": 1,
              "Plan Width": 8,
              "Actual Startup Time": 97.527,
              "Actual Total Time": 97.528,
              "Actual Rows": 1,
              "Actual Loops": 4,
              "Plans": [
                {
                  "Node Type": "Seq Scan",
                  "Parent Relationship": "Outer",
                  "Parallel Aware": true,
                  "Relation Name": "movie_companies",
                  "Alias": "mc",
                  "Startup Cost": 0.0,
                  "Total Cost": 31414.82,
                  "Plan Rows": 379431,
                  "Plan Width": 0,
                  "Actual Startup Time": 0.048,
                  "Actual Total Time": 82.735,
                  "Actual Rows": 279148,
                  "Actual Loops": 4,
                  "Filter": "((company_id > 54) AND (company_type_id = 1))",
                  "Rows Removed by Filter": 373135
                }
              ]
            }
          ]
        }
      ]
    },
    "Planning Time": 0.136,
    "Triggers": [],
    "Execution Time": 113.125
  }
]