[
    {
        "Bao": {
            "Bao prediction": "NaN",
            "Bao recommended hint": "(no hint)"
        }
    },
    {
        "Plan": {
            "Node Type": "Aggregate",
            "Strategy": "Plain",
            "Partial Mode": "Finalize",
            "Parallel Aware": false,
            "Startup Cost": 96578.96,
            "Total Cost": 96578.97,
            "Plan Rows": 1,
            "Plan Width": 8,
            "Actual Startup Time": 517.608,
            "Actual Total Time": 534.047,
            "Actual Rows": 1,
            "Actual Loops": 1,
            "Output": [
                "count(*)"
            ],
            "Plans": [
                {
                    "Node Type": "Gather",
                    "Parent Relationship": "Outer",
                    "Parallel Aware": false,
                    "Startup Cost": 96578.64,
                    "Total Cost": 96578.95,
                    "Plan Rows": 3,
                    "Plan Width": 8,
                    "Actual Startup Time": 511.327,
                    "Actual Total Time": 534.041,
                    "Actual Rows": 4,
                    "Actual Loops": 1,
                    "Output": [
                        "(PARTIAL count(*))"
                    ],
                    "Workers Planned": 3,
                    "Workers Launched": 3,
                    "Single Copy": false,
                    "Plans": [
                        {
                            "Node Type": "Aggregate",
                            "Strategy": "Plain",
                            "Partial Mode": "Partial",
                            "Parent Relationship": "Outer",
                            "Parallel Aware": false,
                            "Startup Cost": 95578.64,
                            "Total Cost": 95578.65,
                            "Plan Rows": 1,
                            "Plan Width": 8,
                            "Actual Startup Time": 499.574,
                            "Actual Total Time": 499.577,
                            "Actual Rows": 1,
                            "Actual Loops": 4,
                            "Output": [
                                "PARTIAL count(*)"
                            ],
                            "Workers": [
                                {
                                    "Worker Number": 0,
                                    "Actual Startup Time": 495.656,
                                    "Actual Total Time": 495.658,
                                    "Actual Rows": 1,
                                    "Actual Loops": 1
                                },
                                {
                                    "Worker Number": 1,
                                    "Actual Startup Time": 495.734,
                                    "Actual Total Time": 495.736,
                                    "Actual Rows": 1,
                                    "Actual Loops": 1
                                },
                                {
                                    "Worker Number": 2,
                                    "Actual Startup Time": 495.882,
                                    "Actual Total Time": 495.885,
                                    "Actual Rows": 1,
                                    "Actual Loops": 1
                                }
                            ],
                            "Plans": [
                                {
                                    "Node Type": "Hash Join",
                                    "Parent Relationship": "Outer",
                                    "Parallel Aware": true,
                                    "Join Type": "Inner",
                                    "Startup Cost": 50219.81,
                                    "Total Cost": 94279.53,
                                    "Plan Rows": 519646,
                                    "Plan Width": 0,
                                    "Actual Startup Time": 317.679,
                                    "Actual Total Time": 483.029,
                                    "Actual Rows": 397594,
                                    "Actual Loops": 4,
                                    "Inner Unique": true,
                                    "Hash Cond": "(mk.movie_id = t.id)",
                                    "Workers": [
                                        {
                                            "Worker Number": 0,
                                            "Actual Startup Time": 314.078,
                                            "Actual Total Time": 479.461,
                                            "Actual Rows": 393911,
                                            "Actual Loops": 1
                                        },
                                        {
                                            "Worker Number": 1,
                                            "Actual Startup Time": 314.18,
                                            "Actual Total Time": 479.541,
                                            "Actual Rows": 394183,
                                            "Actual Loops": 1
                                        },
                                        {
                                            "Worker Number": 2,
                                            "Actual Startup Time": 314.31,
                                            "Actual Total Time": 479.542,
                                            "Actual Rows": 396847,
                                            "Actual Loops": 1
                                        }
                                    ],
                                    "Plans": [
                                        {
                                            "Node Type": "Seq Scan",
                                            "Parent Relationship": "Outer",
                                            "Parallel Aware": true,
                                            "Relation Name": "movie_keyword",
                                            "Schema": "public",
                                            "Alias": "mk",
                                            "Startup Cost": 0.0,
                                            "Total Cost": 42695.65,
                                            "Plan Rows": 519646,
                                            "Plan Width": 4,
                                            "Actual Startup Time": 0.482,
                                            "Actual Total Time": 88.802,
                                            "Actual Rows": 397594,
                                            "Actual Loops": 4,
                                            "Output": [
                                                "mk.id",
                                                "mk.movie_id",
                                                "mk.keyword_id"
                                            ],
                                            "Filter": "(mk.keyword_id > 9732)",
                                            "Rows Removed by Filter": 733388,
                                            "Workers": [
                                                {
                                                    "Worker Number": 0,
                                                    "Actual Startup Time": 0.463,
                                                    "Actual Total Time": 90.367,
                                                    "Actual Rows": 393911,
                                                    "Actual Loops": 1
                                                },
                                                {
                                                    "Worker Number": 1,
                                                    "Actual Startup Time": 0.479,
                                                    "Actual Total Time": 90.32,
                                                    "Actual Rows": 394183,
                                                    "Actual Loops": 1
                                                },
                                                {
                                                    "Worker Number": 2,
                                                    "Actual Startup Time": 0.49,
                                                    "Actual Total Time": 90.347,
                                                    "Actual Rows": 396847,
                                                    "Actual Loops": 1
                                                }
                                            ]
                                        },
                                        {
                                            "Node Type": "Hash",
                                            "Parent Relationship": "Inner",
                                            "Parallel Aware": true,
                                            "Startup Cost": 42318.81,
                                            "Total Cost": 42318.81,
                                            "Plan Rows": 632080,
                                            "Plan Width": 4,
                                            "Actual Startup Time": 309.699,
                                            "Actual Total Time": 309.7,
                                            "Actual Rows": 632078,
                                            "Actual Loops": 4,
                                            "Output": [
                                                "t.id"
                                            ],
                                            "Hash Buckets": 4194304,
                                            "Original Hash Buckets": 4194304,
                                            "Hash Batches": 1,
                                            "Original Hash Batches": 1,
                                            "Peak Memory Usage": 131712,
                                            "Workers": [
                                                {
                                                    "Worker Number": 0,
                                                    "Actual Startup Time": 312.877,
                                                    "Actual Total Time": 312.877,
                                                    "Actual Rows": 609035,
                                                    "Actual Loops": 1
                                                },
                                                {
                                                    "Worker Number": 1,
                                                    "Actual Startup Time": 312.949,
                                                    "Actual Total Time": 312.949,
                                                    "Actual Rows": 610149,
                                                    "Actual Loops": 1
                                                },
                                                {
                                                    "Worker Number": 2,
                                                    "Actual Startup Time": 313.069,
                                                    "Actual Total Time": 313.07,
                                                    "Actual Rows": 614293,
                                                    "Actual Loops": 1
                                                }
                                            ],
                                            "Plans": [
                                                {
                                                    "Node Type": "Seq Scan",
                                                    "Parent Relationship": "Outer",
                                                    "Parallel Aware": true,
                                                    "Relation Name": "title",
                                                    "Schema": "public",
                                                    "Alias": "t",
                                                    "Startup Cost": 0.0,
                                                    "Total Cost": 42318.81,
                                                    "Plan Rows": 632080,
                                                    "Plan Width": 4,
                                                    "Actual Startup Time": 0.033,
                                                    "Actual Total Time": 85.644,
                                                    "Actual Rows": 632078,
                                                    "Actual Loops": 4,
                                                    "Output": [
                                                        "t.id"
                                                    ],
                                                    "Workers": [
                                                        {
                                                            "Worker Number": 0,
                                                            "Actual Startup Time": 0.056,
                                                            "Actual Total Time": 89.286,
                                                            "Actual Rows": 609035,
                                                            "Actual Loops": 1
                                                        },
                                                        {
                                                            "Worker Number": 1,
                                                            "Actual Startup Time": 0.042,
                                                            "Actual Total Time": 89.262,
                                                            "Actual Rows": 610149,
                                                            "Actual Loops": 1
                                                        },
                                                        {
                                                            "Worker Number": 2,
                                                            "Actual Startup Time": 0.024,
                                                            "Actual Total Time": 89.482,
                                                            "Actual Rows": 614293,
                                                            "Actual Loops": 1
                                                        }
                                                    ]
                                                }
                                            ]
                                        }
                                    ]
                                }
                            ]
                        }
                    ]
                }
            ]
        },
        "Planning Time": 188.92,
        "Triggers": [],
        "Execution Time": 534.108
    }
]