{
  "Plan": {
    "Node Type": "Aggregate",
    "Strategy": "Plain",
    "Partial Mode": "Finalize",
    "Parallel Aware": false,
    "Startup Cost": 87621.62,
    "Total Cost": 87621.63,
    "Plan Rows": 1,
    "Plan Width": 8,
    "Actual Startup Time": 220.754,
    "Actual Total Time": 230.371,
    "Actual Rows": 1,
    "Actual Loops": 1,
    "Plans": [
      {
        "Node Type": "Gather",
        "Parent Relationship": "Outer",
        "Parallel Aware": false,
        "Startup Cost": 87621.5,
        "Total Cost": 87621.61,
        "Plan Rows": 1,
        "Plan Width": 8,
        "Actual Startup Time": 220.528,
        "Actual Total Time": 230.364,
        "Actual Rows": 2,
        "Actual Loops": 1,
        "Workers Planned": 1,
        "Workers Launched": 1,
        "Single Copy": false,
        "Plans": [
          {
            "Node Type": "Aggregate",
            "Strategy": "Plain",
            "Partial Mode": "Partial",
            "Parent Relationship": "Outer",
            "Parallel Aware": false,
            "Startup Cost": 86621.5,
            "Total Cost": 86621.51,
            "Plan Rows": 1,
            "Plan Width": 8,
            "Actual Startup Time": 214.476,
            "Actual Total Time": 214.479,
            "Actual Rows": 1,
            "Actual Loops": 2,
            "Plans": [
              {
                "Node Type": "Hash Join",
                "Parent Relationship": "Outer",
                "Parallel Aware": true,
                "Join Type": "Inner",
                "Startup Cost": 65199.59,
                "Total Cost": 86610.37,
                "Plan Rows": 4454,
                "Plan Width": 0,
                "Actual Startup Time": 171.703,
                "Actual Total Time": 214.465,
                "Actual Rows": 15,
                "Actual Loops": 2,
                "Inner Unique": true,
                "Hash Cond": "(mc.movie_id = t.id)",
                "Plans": [
                  {
                    "Node Type": "Bitmap Heap Scan",
                    "Parent Relationship": "Outer",
                    "Parallel Aware": true,
                    "Relation Name": "movie_companies",
                    "Alias": "mc",
                    "Startup Cost": 5876.94,
                    "Total Cost": 27073.85,
                    "Plan Rows": 81471,
                    "Plan Width": 4,
                    "Actual Startup Time": 17.926,
                    "Actual Total Time": 45.45,
                    "Actual Rows": 135521,
                    "Actual Loops": 2,
                    "Recheck Cond": "(company_id > 97426)",
                    "Rows Removed by Index Recheck": 0,
                    "Filter": "(company_type_id = 2)",
                    "Rows Removed by Filter": 0,
                    "Exact Heap Blocks": 2650,
                    "Lossy Heap Blocks": 0,
                    "Plans": [
                      {
                        "Node Type": "Bitmap Index Scan",
                        "Parent Relationship": "Outer",
                        "Parallel Aware": false,
                        "Index Name": "company_id_movie_companies",
                        "Startup Cost": 0.0,
                        "Total Cost": 5842.31,
                        "Plan Rows": 272784,
                        "Plan Width": 0,
                        "Actual Startup Time": 17.206,
                        "Actual Total Time": 17.207,
                        "Actual Rows": 271042,
                        "Actual Loops": 1,
                        "Index Cond": "(company_id > 97426)"
                      }
                    ]
                  },
                  {
                    "Node Type": "Hash",
                    "Parent Relationship": "Inner",
                    "Parallel Aware": true,
                    "Startup Cost": 58306.47,
                    "Total Cost": 58306.47,
                    "Plan Rows": 81295,
                    "Plan Width": 4,
                    "Actual Startup Time": 149.429,
                    "Actual Total Time": 149.43,
                    "Actual Rows": 10296,
                    "Actual Loops": 2,
                    "Hash Buckets": 262144,
                    "Original Hash Buckets": 262144,
                    "Hash Batches": 1,
                    "Original Hash Batches": 1,
                    "Peak Memory Usage": 2880,
                    "Plans": [
                      {
                        "Node Type": "Seq Scan",
                        "Parent Relationship": "Outer",
                        "Parallel Aware": true,
                        "Relation Name": "title",
                        "Alias": "t",
                        "Startup Cost": 0.0,
                        "Total Cost": 58306.47,
                        "Plan Rows": 81295,
                        "Plan Width": 4,
                        "Actual Startup Time": 0.035,
                        "Actual Total Time": 145.0,
                        "Actual Rows": 10296,
                        "Actual Loops": 2,
                        "Filter": "((kind_id > 1) AND (production_year < 1955))",
                        "Rows Removed by Filter": 1253860
                      }
                    ]
                  }
                ]
              }
            ]
          }
        ]
      }
    ]
  },
  "Planning Time": 0.529,
  "Triggers": [],
  "Execution Time": 230.471
}