[
  {
    "Plan": {
      "Node Type": "Aggregate",
      "Strategy": "Plain",
      "Partial Mode": "Finalize",
      "Parallel Aware": false,
      "Startup Cost": 343880.31,
      "Total Cost": 343880.32,
      "Plan Rows": 1,
      "Plan Width": 8,
      "Actual Startup Time": 905.229,
      "Actual Total Time": 966.116,
      "Actual Rows": 1,
      "Actual Loops": 1,
      "Plans": [
        {
          "Node Type": "Gather",
          "Parent Relationship": "Outer",
          "Parallel Aware": false,
          "Startup Cost": 343879.68,
          "Total Cost": 343880.29,
          "Plan Rows": 6,
          "Plan Width": 8,
          "Actual Startup Time": 905.051,
          "Actual Total Time": 966.082,
          "Actual Rows": 7,
          "Actual Loops": 1,
          "Workers Planned": 6,
          "Workers Launched": 6,
          "Single Copy": false,
          "Plans": [
            {
              "Node Type": "Aggregate",
              "Strategy": "Plain",
              "Partial Mode": "Partial",
              "Parent Relationship": "Outer",
              "Parallel Aware": false,
              "Startup Cost": 342879.68,
              "Total Cost": 342879.7,
              "Plan Rows": 1,
              "Plan Width": 8,
              "Actual Startup Time": 894.968,
              "Actual Total Time": 894.97,
              "Actual Rows": 1,
              "Actual Loops": 7,
              "Plans": [
                {
                  "Node Type": "Seq Scan",
                  "Parent Relationship": "Outer",
                  "Parallel Aware": true,
                  "Relation Name": "cast_info",
                  "Alias": "ci",
                  "Startup Cost": 0.0,
                  "Total Cost": 328162.03,
                  "Plan Rows": 5887064,
                  "Plan Width": 0,
                  "Actual Startup Time": 0.058,
                  "Actual Total Time": 668.979,
                  "Actual Rows": 5052990,
                  "Actual Loops": 7,
                  "Filter": "(person_id < 3893965)",
                  "Rows Removed by Filter": 124773
                }
              ]
            }
          ]
        }
      ]
    },
    "Planning Time": 0.192,
    "Triggers": [],
    "Execution Time": 966.189
  }
]