[
    {
        "Bao": {
            "Bao prediction": "NaN",
            "Bao recommended hint": "(no hint)"
        }
    },
    {
        "Plan": {
            "Node Type": "Aggregate",
            "Strategy": "Plain",
            "Partial Mode": "Finalize",
            "Parallel Aware": false,
            "Startup Cost": 331046.3,
            "Total Cost": 331046.31,
            "Plan Rows": 1,
            "Plan Width": 8,
            "Actual Startup Time": 250.75,
            "Actual Total Time": 280.997,
            "Actual Rows": 1,
            "Actual Loops": 1,
            "Output": [
                "count(*)"
            ],
            "Plans": [
                {
                    "Node Type": "Gather",
                    "Parent Relationship": "Outer",
                    "Parallel Aware": false,
                    "Startup Cost": 331045.88,
                    "Total Cost": 331046.29,
                    "Plan Rows": 4,
                    "Plan Width": 8,
                    "Actual Startup Time": 250.649,
                    "Actual Total Time": 280.988,
                    "Actual Rows": 5,
                    "Actual Loops": 1,
                    "Output": [
                        "(PARTIAL count(*))"
                    ],
                    "Workers Planned": 4,
                    "Workers Launched": 4,
                    "Single Copy": false,
                    "Plans": [
                        {
                            "Node Type": "Aggregate",
                            "Strategy": "Plain",
                            "Partial Mode": "Partial",
                            "Parent Relationship": "Outer",
                            "Parallel Aware": false,
                            "Startup Cost": 330045.88,
                            "Total Cost": 330045.89,
                            "Plan Rows": 1,
                            "Plan Width": 8,
                            "Actual Startup Time": 240.809,
                            "Actual Total Time": 240.81,
                            "Actual Rows": 1,
                            "Actual Loops": 5,
                            "Output": [
                                "PARTIAL count(*)"
                            ],
                            "Workers": [
                                {
                                    "Worker Number": 0,
                                    "Actual Startup Time": 238.27,
                                    "Actual Total Time": 238.271,
                                    "Actual Rows": 1,
                                    "Actual Loops": 1
                                },
                                {
                                    "Worker Number": 1,
                                    "Actual Startup Time": 238.381,
                                    "Actual Total Time": 238.383,
                                    "Actual Rows": 1,
                                    "Actual Loops": 1
                                },
                                {
                                    "Worker Number": 2,
                                    "Actual Startup Time": 238.543,
                                    "Actual Total Time": 238.544,
                                    "Actual Rows": 1,
                                    "Actual Loops": 1
                                },
                                {
                                    "Worker Number": 3,
                                    "Actual Startup Time": 238.97,
                                    "Actual Total Time": 238.971,
                                    "Actual Rows": 1,
                                    "Actual Loops": 1
                                }
                            ],
                            "Plans": [
                                {
                                    "Node Type": "Nested Loop",
                                    "Parent Relationship": "Outer",
                                    "Parallel Aware": false,
                                    "Join Type": "Inner",
                                    "Startup Cost": 0.56,
                                    "Total Cost": 329956.87,
                                    "Plan Rows": 35605,
                                    "Plan Width": 0,
                                    "Actual Startup Time": 51.308,
                                    "Actual Total Time": 238.886,
                                    "Actual Rows": 21955,
                                    "Actual Loops": 5,
                                    "Inner Unique": false,
                                    "Workers": [
                                        {
                                            "Worker Number": 0,
                                            "Actual Startup Time": 48.366,
                                            "Actual Total Time": 236.519,
                                            "Actual Rows": 19190,
                                            "Actual Loops": 1
                                        },
                                        {
                                            "Worker Number": 1,
                                            "Actual Startup Time": 46.998,
                                            "Actual Total Time": 236.646,
                                            "Actual Rows": 19239,
                                            "Actual Loops": 1
                                        },
                                        {
                                            "Worker Number": 2,
                                            "Actual Startup Time": 48.389,
                                            "Actual Total Time": 236.752,
                                            "Actual Rows": 19307,
                                            "Actual Loops": 1
                                        },
                                        {
                                            "Worker Number": 3,
                                            "Actual Startup Time": 49.371,
                                            "Actual Total Time": 237.214,
                                            "Actual Rows": 16956,
                                            "Actual Loops": 1
                                        }
                                    ],
                                    "Plans": [
                                        {
                                            "Node Type": "Seq Scan",
                                            "Parent Relationship": "Outer",
                                            "Parallel Aware": true,
                                            "Relation Name": "title",
                                            "Schema": "public",
                                            "Alias": "t",
                                            "Startup Cost": 0.0,
                                            "Total Cost": 45479.21,
                                            "Plan Rows": 6199,
                                            "Plan Width": 4,
                                            "Actual Startup Time": 51.128,
                                            "Actual Total Time": 77.378,
                                            "Actual Rows": 3091,
                                            "Actual Loops": 5,
                                            "Output": [
                                                "t.id",
                                                "t.title",
                                                "t.imdb_index",
                                                "t.kind_id",
                                                "t.production_year",
                                                "t.imdb_id",
                                                "t.phonetic_code",
                                                "t.episode_of_id",
                                                "t.season_nr",
                                                "t.episode_nr",
                                                "t.series_years",
                                                "t.md5sum"
                                            ],
                                            "Filter": "((t.kind_id = 1) AND (t.production_year = 2005))",
                                            "Rows Removed by Filter": 502571,
                                            "Workers": [
                                                {
                                                    "Worker Number": 0,
                                                    "Actual Startup Time": 48.278,
                                                    "Actual Total Time": 71.216,
                                                    "Actual Rows": 2689,
                                                    "Actual Loops": 1
                                                },
                                                {
                                                    "Worker Number": 1,
                                                    "Actual Startup Time": 46.898,
                                                    "Actual Total Time": 70.823,
                                                    "Actual Rows": 2639,
                                                    "Actual Loops": 1
                                                },
                                                {
                                                    "Worker Number": 2,
                                                    "Actual Startup Time": 48.27,
                                                    "Actual Total Time": 70.954,
                                                    "Actual Rows": 2723,
                                                    "Actual Loops": 1
                                                },
                                                {
                                                    "Worker Number": 3,
                                                    "Actual Startup Time": 48.804,
                                                    "Actual Total Time": 71.597,
                                                    "Actual Rows": 2405,
                                                    "Actual Loops": 1
                                                }
                                            ]
                                        },
                                        {
                                            "Node Type": "Index Scan",
                                            "Parent Relationship": "Inner",
                                            "Parallel Aware": false,
                                            "Scan Direction": "Forward",
                                            "Index Name": "movie_id_cast_info",
                                            "Relation Name": "cast_info",
                                            "Schema": "public",
                                            "Alias": "ci",
                                            "Startup Cost": 0.56,
                                            "Total Cost": 45.74,
                                            "Plan Rows": 15,
                                            "Plan Width": 4,
                                            "Actual Startup Time": 0.014,
                                            "Actual Total Time": 0.051,
                                            "Actual Rows": 7,
                                            "Actual Loops": 15457,
                                            "Output": [
                                                "ci.id",
                                                "ci.person_id",
                                                "ci.movie_id",
                                                "ci.person_role_id",
                                                "ci.note",
                                                "ci.nr_order",
                                                "ci.role_id"
                                            ],
                                            "Index Cond": "(ci.movie_id = t.id)",
                                            "Rows Removed by Index Recheck": 0,
                                            "Filter": "(ci.person_id < 1428180)",
                                            "Rows Removed by Filter": 12,
                                            "Workers": [
                                                {
                                                    "Worker Number": 0,
                                                    "Actual Startup Time": 0.017,
                                                    "Actual Total Time": 0.06,
                                                    "Actual Rows": 7,
                                                    "Actual Loops": 2689
                                                },
                                                {
                                                    "Worker Number": 1,
                                                    "Actual Startup Time": 0.017,
                                                    "Actual Total Time": 0.062,
                                                    "Actual Rows": 7,
                                                    "Actual Loops": 2639
                                                },
                                                {
                                                    "Worker Number": 2,
                                                    "Actual Startup Time": 0.017,
                                                    "Actual Total Time": 0.06,
                                                    "Actual Rows": 7,
                                                    "Actual Loops": 2723
                                                },
                                                {
                                                    "Worker Number": 3,
                                                    "Actual Startup Time": 0.019,
                                                    "Actual Total Time": 0.068,
                                                    "Actual Rows": 7,
                                                    "Actual Loops": 2405
                                                }
                                            ]
                                        }
                                    ]
                                }
                            ]
                        }
                    ]
                }
            ]
        },
        "Planning Time": 278.336,
        "Triggers": [],
        "Execution Time": 281.11
    }
]