{
  "Plan": {
    "Node Type": "Aggregate",
    "Strategy": "Plain",
    "Partial Mode": "Finalize",
    "Parallel Aware": false,
    "Startup Cost": 140605.16,
    "Total Cost": 140605.17,
    "Plan Rows": 1,
    "Plan Width": 8,
    "Actual Startup Time": 1157.511,
    "Actual Total Time": 1234.059,
    "Actual Rows": 1,
    "Actual Loops": 1,
    "Plans": [
      {
        "Node Type": "Gather",
        "Parent Relationship": "Outer",
        "Parallel Aware": false,
        "Startup Cost": 140605.05,
        "Total Cost": 140605.16,
        "Plan Rows": 1,
        "Plan Width": 8,
        "Actual Startup Time": 1156.036,
        "Actual Total Time": 1234.051,
        "Actual Rows": 2,
        "Actual Loops": 1,
        "Workers Planned": 1,
        "Workers Launched": 1,
        "Single Copy": false,
        "Plans": [
          {
            "Node Type": "Aggregate",
            "Strategy": "Plain",
            "Partial Mode": "Partial",
            "Parent Relationship": "Outer",
            "Parallel Aware": false,
            "Startup Cost": 139605.05,
            "Total Cost": 139605.06,
            "Plan Rows": 1,
            "Plan Width": 8,
            "Actual Startup Time": 1149.872,
            "Actual Total Time": 1149.876,
            "Actual Rows": 1,
            "Actual Loops": 2,
            "Plans": [
              {
                "Node Type": "Nested Loop",
                "Parent Relationship": "Outer",
                "Parallel Aware": false,
                "Join Type": "Inner",
                "Startup Cost": 63598.86,
                "Total Cost": 139249.24,
                "Plan Rows": 142321,
                "Plan Width": 0,
                "Actual Startup Time": 205.997,
                "Actual Total Time": 1098.786,
                "Actual Rows": 1165104,
                "Actual Loops": 2,
                "Inner Unique": false,
                "Plans": [
                  {
                    "Node Type": "Hash Join",
                    "Parent Relationship": "Outer",
                    "Parallel Aware": true,
                    "Join Type": "Inner",
                    "Startup Cost": 63598.29,
                    "Total Cost": 88916.85,
                    "Plan Rows": 9932,
                    "Plan Width": 8,
                    "Actual Startup Time": 205.921,
                    "Actual Total Time": 253.734,
                    "Actual Rows": 16169,
                    "Actual Loops": 2,
                    "Inner Unique": true,
                    "Hash Cond": "(mk.movie_id = t.id)",
                    "Plans": [
                      {
                        "Node Type": "Bitmap Heap Scan",
                        "Parent Relationship": "Outer",
                        "Parallel Aware": true,
                        "Relation Name": "movie_keyword",
                        "Alias": "mk",
                        "Startup Cost": 2061.52,
                        "Total Cost": 27230.03,
                        "Plan Rows": 57161,
                        "Plan Width": 4,
                        "Actual Startup Time": 10.0,
                        "Actual Total Time": 41.777,
                        "Actual Rows": 47730,
                        "Actual Loops": 2,
                        "Recheck Cond": "(keyword_id > 83503)",
                        "Rows Removed by Index Recheck": 0,
                        "Exact Heap Blocks": 10066,
                        "Lossy Heap Blocks": 0,
                        "Plans": [
                          {
                            "Node Type": "Bitmap Index Scan",
                            "Parent Relationship": "Outer",
                            "Parallel Aware": false,
                            "Index Name": "keyword_id_movie_keyword",
                            "Startup Cost": 0.0,
                            "Total Cost": 2037.23,
                            "Plan Rows": 97173,
                            "Plan Width": 0,
                            "Actual Startup Time": 7.412,
                            "Actual Total Time": 7.412,
                            "Actual Rows": 95461,
                            "Actual Loops": 1,
                            "Index Cond": "(keyword_id > 83503)"
                          }
                        ]
                      },
                      {
                        "Node Type": "Hash",
                        "Parent Relationship": "Inner",
                        "Parallel Aware": true,
                        "Startup Cost": 58306.47,
                        "Total Cost": 58306.47,
                        "Plan Rows": 258424,
                        "Plan Width": 4,
                        "Actual Startup Time": 190.129,
                        "Actual Total Time": 190.13,
                        "Actual Rows": 184123,
                        "Actual Loops": 2,
                        "Hash Buckets": 524288,
                        "Original Hash Buckets": 524288,
                        "Hash Batches": 1,
                        "Original Hash Batches": 1,
                        "Peak Memory Usage": 18560,
                        "Plans": [
                          {
                            "Node Type": "Seq Scan",
                            "Parent Relationship": "Outer",
                            "Parallel Aware": true,
                            "Relation Name": "title",
                            "Alias": "t",
                            "Startup Cost": 0.0,
                            "Total Cost": 58306.47,
                            "Plan Rows": 258424,
                            "Plan Width": 4,
                            "Actual Startup Time": 0.063,
                            "Actual Total Time": 147.103,
                            "Actual Rows": 184123,
                            "Actual Loops": 2,
                            "Filter": "((kind_id < 7) AND (production_year > 2004))",
                            "Rows Removed by Filter": 1080033
                          }
                        ]
                      }
                    ]
                  },
                  {
                    "Node Type": "Index Only Scan",
                    "Parent Relationship": "Inner",
                    "Parallel Aware": false,
                    "Scan Direction": "Forward",
                    "Index Name": "movie_id_cast_info",
                    "Relation Name": "cast_info",
                    "Alias": "ci",
                    "Startup Cost": 0.56,
                    "Total Cost": 4.7,
                    "Plan Rows": 37,
                    "Plan Width": 4,
                    "Actual Startup Time": 0.006,
                    "Actual Total Time": 0.047,
                    "Actual Rows": 72,
                    "Actual Loops": 32338,
                    "Index Cond": "(movie_id = t.id)",
                    "Rows Removed by Index Recheck": 0,
                    "Heap Fetches": 2330208
                  }
                ]
              }
            ]
          }
        ]
      }
    ]
  },
  "Planning Time": 0.977,
  "Triggers": [],
  "Execution Time": 1234.186
}