[
  {
    "Plan": {
      "Node Type": "Aggregate",
      "Strategy": "Plain",
      "Partial Mode": "Finalize",
      "Parallel Aware": false,
      "Startup Cost": 343725.59,
      "Total Cost": 343725.6,
      "Plan Rows": 1,
      "Plan Width": 8,
      "Actual Startup Time": 873.104,
      "Actual Total Time": 931.61,
      "Actual Rows": 1,
      "Actual Loops": 1,
      "Plans": [
        {
          "Node Type": "Gather",
          "Parent Relationship": "Outer",
          "Parallel Aware": false,
          "Startup Cost": 343724.96,
          "Total Cost": 343725.57,
          "Plan Rows": 6,
          "Plan Width": 8,
          "Actual Startup Time": 872.961,
          "Actual Total Time": 931.6,
          "Actual Rows": 7,
          "Actual Loops": 1,
          "Workers Planned": 6,
          "Workers Launched": 6,
          "Single Copy": false,
          "Plans": [
            {
              "Node Type": "Aggregate",
              "Strategy": "Plain",
              "Partial Mode": "Partial",
              "Parent Relationship": "Outer",
              "Parallel Aware": false,
              "Startup Cost": 342724.96,
              "Total Cost": 342724.97,
              "Plan Rows": 1,
              "Plan Width": 8,
              "Actual Startup Time": 866.659,
              "Actual Total Time": 866.66,
              "Actual Rows": 1,
              "Actual Loops": 7,
              "Plans": [
                {
                  "Node Type": "Seq Scan",
                  "Parent Relationship": "Outer",
                  "Parallel Aware": true,
                  "Relation Name": "cast_info",
                  "Alias": "ci",
                  "Startup Cost": 0.0,
                  "Total Cost": 328162.03,
                  "Plan Rows": 5825175,
                  "Plan Width": 0,
                  "Actual Startup Time": 0.035,
                  "Actual Total Time": 653.977,
                  "Actual Rows": 4998163,
                  "Actual Loops": 7,
                  "Filter": "(person_id < 3818350)",
                  "Rows Removed by Filter": 179600
                }
              ]
            }
          ]
        }
      ]
    },
    "Planning Time": 0.238,
    "Triggers": [],
    "Execution Time": 931.686
  }
]