[
  {
    "Plan": {
      "Node Type": "Aggregate",
      "Strategy": "Plain",
      "Partial Mode": "Finalize",
      "Parallel Aware": false,
      "Startup Cost": 44317.06,
      "Total Cost": 44317.07,
      "Plan Rows": 1,
      "Plan Width": 8,
      "Actual Startup Time": 122.133,
      "Actual Total Time": 131.213,
      "Actual Rows": 1,
      "Actual Loops": 1,
      "Plans": [
        {
          "Node Type": "Gather",
          "Parent Relationship": "Outer",
          "Parallel Aware": false,
          "Startup Cost": 44316.75,
          "Total Cost": 44317.06,
          "Plan Rows": 3,
          "Plan Width": 8,
          "Actual Startup Time": 122.032,
          "Actual Total Time": 131.205,
          "Actual Rows": 4,
          "Actual Loops": 1,
          "Workers Planned": 3,
          "Workers Launched": 3,
          "Single Copy": false,
          "Plans": [
            {
              "Node Type": "Aggregate",
              "Strategy": "Plain",
              "Partial Mode": "Partial",
              "Parent Relationship": "Outer",
              "Parallel Aware": false,
              "Startup Cost": 43316.75,
              "Total Cost": 43316.76,
              "Plan Rows": 1,
              "Plan Width": 8,
              "Actual Startup Time": 113.799,
              "Actual Total Time": 113.8,
              "Actual Rows": 1,
              "Actual Loops": 4,
              "Plans": [
                {
                  "Node Type": "Seq Scan",
                  "Parent Relationship": "Outer",
                  "Parallel Aware": true,
                  "Relation Name": "movie_keyword",
                  "Alias": "mk",
                  "Startup Cost": 0.0,
                  "Total Cost": 42695.65,
                  "Plan Rows": 248437,
                  "Plan Width": 0,
                  "Actual Startup Time": 6.643,
                  "Actual Total Time": 104.001,
                  "Actual Rows": 190337,
                  "Actual Loops": 4,
                  "Filter": "(keyword_id > 24626)",
                  "Rows Removed by Filter": 940645
                }
              ]
            }
          ]
        }
      ]
    },
    "Planning Time": 0.223,
    "Triggers": [],
    "Execution Time": 131.268
  }
]