[
  {
    "Plan": {
      "Node Type": "Aggregate",
      "Strategy": "Plain",
      "Partial Mode": "Finalize",
      "Parallel Aware": false,
      "Startup Cost": 32273.72,
      "Total Cost": 32273.73,
      "Plan Rows": 1,
      "Plan Width": 8,
      "Actual Startup Time": 96.476,
      "Actual Total Time": 100.851,
      "Actual Rows": 1,
      "Actual Loops": 1,
      "Plans": [
        {
          "Node Type": "Gather",
          "Parent Relationship": "Outer",
          "Parallel Aware": false,
          "Startup Cost": 32273.4,
          "Total Cost": 32273.71,
          "Plan Rows": 3,
          "Plan Width": 8,
          "Actual Startup Time": 96.272,
          "Actual Total Time": 100.842,
          "Actual Rows": 4,
          "Actual Loops": 1,
          "Workers Planned": 3,
          "Workers Launched": 3,
          "Single Copy": false,
          "Plans": [
            {
              "Node Type": "Aggregate",
              "Strategy": "Plain",
              "Partial Mode": "Partial",
              "Parent Relationship": "Outer",
              "Parallel Aware": false,
              "Startup Cost": 31273.4,
              "Total Cost": 31273.41,
              "Plan Rows": 1,
              "Plan Width": 8,
              "Actual Startup Time": 88.864,
              "Actual Total Time": 88.865,
              "Actual Rows": 1,
              "Actual Loops": 4,
              "Plans": [
                {
                  "Node Type": "Bitmap Heap Scan",
                  "Parent Relationship": "Outer",
                  "Parallel Aware": true,
                  "Relation Name": "movie_companies",
                  "Alias": "mc",
                  "Startup Cost": 10038.09,
                  "Total Cost": 31082.62,
                  "Plan Rows": 76313,
                  "Plan Width": 0,
                  "Actual Startup Time": 38.049,
                  "Actual Total Time": 81.562,
                  "Actual Rows": 118284,
                  "Actual Loops": 4,
                  "Recheck Cond": "(company_id > 75762)",
                  "Rows Removed by Index Recheck": 0,
                  "Filter": "(company_type_id > 1)",
                  "Rows Removed by Filter": 0,
                  "Exact Heap Blocks": 3619,
                  "Lossy Heap Blocks": 0,
                  "Plans": [
                    {
                      "Node Type": "Bitmap Index Scan",
                      "Parent Relationship": "Outer",
                      "Parallel Aware": false,
                      "Index Name": "company_id_movie_companies",
                      "Startup Cost": 0.0,
                      "Total Cost": 9978.95,
                      "Plan Rows": 465936,
                      "Plan Width": 0,
                      "Actual Startup Time": 43.245,
                      "Actual Total Time": 43.245,
                      "Actual Rows": 473137,
                      "Actual Loops": 1,
                      "Index Cond": "(company_id > 75762)"
                    }
                  ]
                }
              ]
            }
          ]
        }
      ]
    },
    "Planning Time": 0.219,
    "Triggers": [],
    "Execution Time": 100.929
  }
]