[
    {
        "Bao": {
            "Bao prediction": "NaN",
            "Bao recommended hint": "(no hint)"
        }
    },
    {
        "Plan": {
            "Node Type": "Aggregate",
            "Strategy": "Plain",
            "Partial Mode": "Finalize",
            "Parallel Aware": false,
            "Startup Cost": 328206.68,
            "Total Cost": 328206.69,
            "Plan Rows": 1,
            "Plan Width": 8,
            "Actual Startup Time": 918.17,
            "Actual Total Time": 955.079,
            "Actual Rows": 1,
            "Actual Loops": 1,
            "Output": [
                "count(*)"
            ],
            "Plans": [
                {
                    "Node Type": "Gather",
                    "Parent Relationship": "Outer",
                    "Parallel Aware": false,
                    "Startup Cost": 328206.36,
                    "Total Cost": 328206.67,
                    "Plan Rows": 3,
                    "Plan Width": 8,
                    "Actual Startup Time": 915.374,
                    "Actual Total Time": 955.059,
                    "Actual Rows": 4,
                    "Actual Loops": 1,
                    "Output": [
                        "(PARTIAL count(*))"
                    ],
                    "Workers Planned": 3,
                    "Workers Launched": 3,
                    "Single Copy": false,
                    "Plans": [
                        {
                            "Node Type": "Aggregate",
                            "Strategy": "Plain",
                            "Partial Mode": "Partial",
                            "Parent Relationship": "Outer",
                            "Parallel Aware": false,
                            "Startup Cost": 327206.36,
                            "Total Cost": 327206.37,
                            "Plan Rows": 1,
                            "Plan Width": 8,
                            "Actual Startup Time": 906.69,
                            "Actual Total Time": 906.694,
                            "Actual Rows": 1,
                            "Actual Loops": 4,
                            "Output": [
                                "PARTIAL count(*)"
                            ],
                            "Workers": [
                                {
                                    "Worker Number": 0,
                                    "Actual Startup Time": 903.633,
                                    "Actual Total Time": 903.637,
                                    "Actual Rows": 1,
                                    "Actual Loops": 1
                                },
                                {
                                    "Worker Number": 1,
                                    "Actual Startup Time": 903.853,
                                    "Actual Total Time": 903.855,
                                    "Actual Rows": 1,
                                    "Actual Loops": 1
                                },
                                {
                                    "Worker Number": 2,
                                    "Actual Startup Time": 904.233,
                                    "Actual Total Time": 904.236,
                                    "Actual Rows": 1,
                                    "Actual Loops": 1
                                }
                            ],
                            "Plans": [
                                {
                                    "Node Type": "Nested Loop",
                                    "Parent Relationship": "Outer",
                                    "Parallel Aware": false,
                                    "Join Type": "Inner",
                                    "Startup Cost": 47230.36,
                                    "Total Cost": 326858.66,
                                    "Plan Rows": 139081,
                                    "Plan Width": 0,
                                    "Actual Startup Time": 154.774,
                                    "Actual Total Time": 902.906,
                                    "Actual Rows": 56928,
                                    "Actual Loops": 4,
                                    "Inner Unique": false,
                                    "Join Filter": "(t.id = ci.movie_id)",
                                    "Rows Removed by Join Filter": 0,
                                    "Workers": [
                                        {
                                            "Worker Number": 0,
                                            "Actual Startup Time": 151.567,
                                            "Actual Total Time": 899.918,
                                            "Actual Rows": 53980,
                                            "Actual Loops": 1
                                        },
                                        {
                                            "Worker Number": 1,
                                            "Actual Startup Time": 151.969,
                                            "Actual Total Time": 900.192,
                                            "Actual Rows": 52068,
                                            "Actual Loops": 1
                                        },
                                        {
                                            "Worker Number": 2,
                                            "Actual Startup Time": 152.429,
                                            "Actual Total Time": 900.561,
                                            "Actual Rows": 51883,
                                            "Actual Loops": 1
                                        }
                                    ],
                                    "Plans": [
                                        {
                                            "Node Type": "Hash Join",
                                            "Parent Relationship": "Outer",
                                            "Parallel Aware": true,
                                            "Join Type": "Inner",
                                            "Startup Cost": 47229.8,
                                            "Total Cost": 77666.87,
                                            "Plan Rows": 95074,
                                            "Plan Width": 8,
                                            "Actual Startup Time": 154.519,
                                            "Actual Total Time": 258.486,
                                            "Actual Rows": 45796,
                                            "Actual Loops": 4,
                                            "Output": [
                                                "t.id",
                                                "mc.movie_id"
                                            ],
                                            "Inner Unique": true,
                                            "Hash Cond": "(mc.movie_id = t.id)",
                                            "Workers": [
                                                {
                                                    "Worker Number": 0,
                                                    "Actual Startup Time": 151.47,
                                                    "Actual Total Time": 253.777,
                                                    "Actual Rows": 44376,
                                                    "Actual Loops": 1
                                                },
                                                {
                                                    "Worker Number": 1,
                                                    "Actual Startup Time": 151.623,
                                                    "Actual Total Time": 252.94,
                                                    "Actual Rows": 41626,
                                                    "Actual Loops": 1
                                                },
                                                {
                                                    "Worker Number": 2,
                                                    "Actual Startup Time": 151.912,
                                                    "Actual Total Time": 253.682,
                                                    "Actual Rows": 44544,
                                                    "Actual Loops": 1
                                                }
                                            ],
                                            "Plans": [
                                                {
                                                    "Node Type": "Seq Scan",
                                                    "Parent Relationship": "Outer",
                                                    "Parallel Aware": true,
                                                    "Relation Name": "movie_companies",
                                                    "Schema": "public",
                                                    "Alias": "mc",
                                                    "Startup Cost": 0.0,
                                                    "Total Cost": 29310.68,
                                                    "Plan Rows": 429104,
                                                    "Plan Width": 4,
                                                    "Actual Startup Time": 25.341,
                                                    "Actual Total Time": 60.267,
                                                    "Actual Rows": 333721,
                                                    "Actual Loops": 4,
                                                    "Output": [
                                                        "mc.id",
                                                        "mc.movie_id",
                                                        "mc.company_id",
                                                        "mc.company_type_id",
                                                        "mc.note"
                                                    ],
                                                    "Filter": "(mc.company_type_id = 2)",
                                                    "Rows Removed by Filter": 318562,
                                                    "Workers": [
                                                        {
                                                            "Worker Number": 0,
                                                            "Actual Startup Time": 25.324,
                                                            "Actual Total Time": 60.384,
                                                            "Actual Rows": 319906,
                                                            "Actual Loops": 1
                                                        },
                                                        {
                                                            "Worker Number": 1,
                                                            "Actual Startup Time": 25.316,
                                                            "Actual Total Time": 59.883,
                                                            "Actual Rows": 311610,
                                                            "Actual Loops": 1
                                                        },
                                                        {
                                                            "Worker Number": 2,
                                                            "Actual Startup Time": 25.358,
                                                            "Actual Total Time": 60.101,
                                                            "Actual Rows": 322781,
                                                            "Actual Loops": 1
                                                        }
                                                    ]
                                                },
                                                {
                                                    "Node Type": "Hash",
                                                    "Parent Relationship": "Inner",
                                                    "Parallel Aware": true,
                                                    "Startup Cost": 45479.21,
                                                    "Total Cost": 45479.21,
                                                    "Plan Rows": 140047,
                                                    "Plan Width": 4,
                                                    "Actual Startup Time": 126.285,
                                                    "Actual Total Time": 126.286,
                                                    "Actual Rows": 113558,
                                                    "Actual Loops": 4,
                                                    "Output": [
                                                        "t.id"
                                                    ],
                                                    "Hash Buckets": 1048576,
                                                    "Original Hash Buckets": 1048576,
                                                    "Hash Batches": 1,
                                                    "Original Hash Batches": 1,
                                                    "Peak Memory Usage": 26048,
                                                    "Workers": [
                                                        {
                                                            "Worker Number": 0,
                                                            "Actual Startup Time": 125.506,
                                                            "Actual Total Time": 125.507,
                                                            "Actual Rows": 96835,
                                                            "Actual Loops": 1
                                                        },
                                                        {
                                                            "Worker Number": 1,
                                                            "Actual Startup Time": 125.46,
                                                            "Actual Total Time": 125.461,
                                                            "Actual Rows": 96131,
                                                            "Actual Loops": 1
                                                        },
                                                        {
                                                            "Worker Number": 2,
                                                            "Actual Startup Time": 126.062,
                                                            "Actual Total Time": 126.063,
                                                            "Actual Rows": 103220,
                                                            "Actual Loops": 1
                                                        }
                                                    ],
                                                    "Plans": [
                                                        {
                                                            "Node Type": "Seq Scan",
                                                            "Parent Relationship": "Outer",
                                                            "Parallel Aware": true,
                                                            "Relation Name": "title",
                                                            "Schema": "public",
                                                            "Alias": "t",
                                                            "Startup Cost": 0.0,
                                                            "Total Cost": 45479.21,
                                                            "Plan Rows": 140047,
                                                            "Plan Width": 4,
                                                            "Actual Startup Time": 0.037,
                                                            "Actual Total Time": 87.697,
                                                            "Actual Rows": 113558,
                                                            "Actual Loops": 4,
                                                            "Output": [
                                                                "t.id"
                                                            ],
                                                            "Filter": "((t.production_year < 1998) AND (t.kind_id = 7))",
                                                            "Rows Removed by Filter": 518520,
                                                            "Workers": [
                                                                {
                                                                    "Worker Number": 0,
                                                                    "Actual Startup Time": 0.046,
                                                                    "Actual Total Time": 88.071,
                                                                    "Actual Rows": 96835,
                                                                    "Actual Loops": 1
                                                                },
                                                                {
                                                                    "Worker Number": 1,
                                                                    "Actual Startup Time": 0.048,
                                                                    "Actual Total Time": 88.097,
                                                                    "Actual Rows": 96131,
                                                                    "Actual Loops": 1
                                                                },
                                                                {
                                                                    "Worker Number": 2,
                                                                    "Actual Startup Time": 0.038,
                                                                    "Actual Total Time": 88.76,
                                                                    "Actual Rows": 103220,
                                                                    "Actual Loops": 1
                                                                }
                                                            ]
                                                        }
                                                    ]
                                                }
                                            ]
                                        },
                                        {
                                            "Node Type": "Index Scan",
                                            "Parent Relationship": "Inner",
                                            "Parallel Aware": false,
                                            "Scan Direction": "Forward",
                                            "Index Name": "movie_id_cast_info",
                                            "Relation Name": "cast_info",
                                            "Schema": "public",
                                            "Alias": "ci",
                                            "Startup Cost": 0.56,
                                            "Total Cost": 2.57,
                                            "Plan Rows": 4,
                                            "Plan Width": 4,
                                            "Actual Startup Time": 0.012,
                                            "Actual Total Time": 0.014,
                                            "Actual Rows": 1,
                                            "Actual Loops": 183185,
                                            "Output": [
                                                "ci.id",
                                                "ci.person_id",
                                                "ci.movie_id",
                                                "ci.person_role_id",
                                                "ci.note",
                                                "ci.nr_order",
                                                "ci.role_id"
                                            ],
                                            "Index Cond": "(ci.movie_id = mc.movie_id)",
                                            "Rows Removed by Index Recheck": 0,
                                            "Filter": "((ci.person_id < 1408992) AND (ci.role_id > 4))",
                                            "Rows Removed by Filter": 19,
                                            "Workers": [
                                                {
                                                    "Worker Number": 0,
                                                    "Actual Startup Time": 0.013,
                                                    "Actual Total Time": 0.014,
                                                    "Actual Rows": 1,
                                                    "Actual Loops": 44376
                                                },
                                                {
                                                    "Worker Number": 1,
                                                    "Actual Startup Time": 0.013,
                                                    "Actual Total Time": 0.015,
                                                    "Actual Rows": 1,
                                                    "Actual Loops": 41626
                                                },
                                                {
                                                    "Worker Number": 2,
                                                    "Actual Startup Time": 0.013,
                                                    "Actual Total Time": 0.014,
                                                    "Actual Rows": 1,
                                                    "Actual Loops": 44544
                                                }
                                            ]
                                        }
                                    ]
                                }
                            ]
                        }
                    ]
                }
            ]
        },
        "Planning Time": 201.763,
        "Triggers": [],
        "Execution Time": 955.178
    }
]