[
  {
    "Plan": {
      "Node Type": "Aggregate",
      "Strategy": "Plain",
      "Partial Mode": "Finalize",
      "Parallel Aware": false,
      "Startup Cost": 61463.03,
      "Total Cost": 61463.04,
      "Plan Rows": 1,
      "Plan Width": 8,
      "Actual Startup Time": 206.227,
      "Actual Total Time": 219.374,
      "Actual Rows": 1,
      "Actual Loops": 1,
      "Plans": [
        {
          "Node Type": "Gather",
          "Parent Relationship": "Outer",
          "Parallel Aware": false,
          "Startup Cost": 61462.81,
          "Total Cost": 61463.02,
          "Plan Rows": 2,
          "Plan Width": 8,
          "Actual Startup Time": 205.936,
          "Actual Total Time": 219.367,
          "Actual Rows": 3,
          "Actual Loops": 1,
          "Workers Planned": 2,
          "Workers Launched": 2,
          "Single Copy": false,
          "Plans": [
            {
              "Node Type": "Aggregate",
              "Strategy": "Plain",
              "Partial Mode": "Partial",
              "Parent Relationship": "Outer",
              "Parallel Aware": false,
              "Startup Cost": 60462.81,
              "Total Cost": 60462.82,
              "Plan Rows": 1,
              "Plan Width": 8,
              "Actual Startup Time": 198.382,
              "Actual Total Time": 198.384,
              "Actual Rows": 1,
              "Actual Loops": 3,
              "Plans": [
                {
                  "Node Type": "Hash Join",
                  "Parent Relationship": "Outer",
                  "Parallel Aware": true,
                  "Join Type": "Inner",
                  "Startup Cost": 44281.32,
                  "Total Cost": 60416.16,
                  "Plan Rows": 18662,
                  "Plan Width": 0,
                  "Actual Startup Time": 126.931,
                  "Actual Total Time": 197.809,
                  "Actual Rows": 13023,
                  "Actual Loops": 3,
                  "Inner Unique": true,
                  "Hash Cond": "(mi_idx.movie_id = t.id)",
                  "Plans": [
                    {
                      "Node Type": "Seq Scan",
                      "Parent Relationship": "Outer",
                      "Parallel Aware": true,
                      "Relation Name": "movie_info_idx",
                      "Alias": "mi_idx",
                      "Startup Cost": 0.0,
                      "Total Cost": 15122.68,
                      "Plan Rows": 385585,
                      "Plan Width": 4,
                      "Actual Startup Time": 0.024,
                      "Actual Total Time": 40.002,
                      "Actual Rows": 306703,
                      "Actual Loops": 3,
                      "Filter": "(info_type_id > 99)",
                      "Rows Removed by Filter": 153308
                    },
                    {
                      "Node Type": "Hash",
                      "Parent Relationship": "Inner",
                      "Parallel Aware": true,
                      "Startup Cost": 43898.92,
                      "Total Cost": 43898.92,
                      "Plan Rows": 30592,
                      "Plan Width": 4,
                      "Actual Startup Time": 124.803,
                      "Actual Total Time": 124.804,
                      "Actual Rows": 40954,
                      "Actual Loops": 3,
                      "Hash Buckets": 131072,
                      "Original Hash Buckets": 131072,
                      "Hash Batches": 1,
                      "Original Hash Batches": 1,
                      "Peak Memory Usage": 5888,
                      "Plans": [
                        {
                          "Node Type": "Seq Scan",
                          "Parent Relationship": "Outer",
                          "Parallel Aware": true,
                          "Relation Name": "title",
                          "Alias": "t",
                          "Startup Cost": 0.0,
                          "Total Cost": 43898.92,
                          "Plan Rows": 30592,
                          "Plan Width": 4,
                          "Actual Startup Time": 0.041,
                          "Actual Total Time": 110.187,
                          "Actual Rows": 40954,
                          "Actual Loops": 3,
                          "Filter": "(production_year = 2008)",
                          "Rows Removed by Filter": 801817
                        }
                      ]
                    }
                  ]
                }
              ]
            }
          ]
        }
      ]
    },
    "Planning Time": 0.6,
    "Triggers": [],
    "Execution Time": 219.45
  }
]