[
  {
    "Plan": {
      "Node Type": "Aggregate",
      "Strategy": "Plain",
      "Partial Mode": "Finalize",
      "Parallel Aware": false,
      "Startup Cost": 46139.39,
      "Total Cost": 46139.4,
      "Plan Rows": 1,
      "Plan Width": 8,
      "Actual Startup Time": 169.045,
      "Actual Total Time": 179.405,
      "Actual Rows": 1,
      "Actual Loops": 1,
      "Plans": [
        {
          "Node Type": "Gather",
          "Parent Relationship": "Outer",
          "Parallel Aware": false,
          "Startup Cost": 46139.07,
          "Total Cost": 46139.38,
          "Plan Rows": 3,
          "Plan Width": 8,
          "Actual Startup Time": 168.927,
          "Actual Total Time": 179.394,
          "Actual Rows": 4,
          "Actual Loops": 1,
          "Workers Planned": 3,
          "Workers Launched": 3,
          "Single Copy": false,
          "Plans": [
            {
              "Node Type": "Aggregate",
              "Strategy": "Plain",
              "Partial Mode": "Partial",
              "Parent Relationship": "Outer",
              "Parallel Aware": false,
              "Startup Cost": 45139.07,
              "Total Cost": 45139.08,
              "Plan Rows": 1,
              "Plan Width": 8,
              "Actual Startup Time": 162.957,
              "Actual Total Time": 162.959,
              "Actual Rows": 1,
              "Actual Loops": 4,
              "Plans": [
                {
                  "Node Type": "Seq Scan",
                  "Parent Relationship": "Outer",
                  "Parallel Aware": true,
                  "Relation Name": "movie_keyword",
                  "Alias": "mk",
                  "Startup Cost": 0.0,
                  "Total Cost": 42695.65,
                  "Plan Rows": 977367,
                  "Plan Width": 0,
                  "Actual Startup Time": 0.049,
                  "Actual Total Time": 124.225,
                  "Actual Rows": 760347,
                  "Actual Loops": 4,
                  "Filter": "(keyword_id < 11044)",
                  "Rows Removed by Filter": 370635
                }
              ]
            }
          ]
        }
      ]
    },
    "Planning Time": 0.185,
    "Triggers": [],
    "Execution Time": 179.469
  }
]