[
  {
    "Plan": {
      "Node Type": "Aggregate",
      "Strategy": "Plain",
      "Partial Mode": "Finalize",
      "Parallel Aware": false,
      "Startup Cost": 347846.9,
      "Total Cost": 347846.91,
      "Plan Rows": 1,
      "Plan Width": 8,
      "Actual Startup Time": 835.19,
      "Actual Total Time": 896.191,
      "Actual Rows": 1,
      "Actual Loops": 1,
      "Plans": [
        {
          "Node Type": "Gather",
          "Parent Relationship": "Outer",
          "Parallel Aware": false,
          "Startup Cost": 347846.28,
          "Total Cost": 347846.89,
          "Plan Rows": 6,
          "Plan Width": 8,
          "Actual Startup Time": 835.065,
          "Actual Total Time": 896.181,
          "Actual Rows": 7,
          "Actual Loops": 1,
          "Workers Planned": 6,
          "Workers Launched": 6,
          "Single Copy": false,
          "Plans": [
            {
              "Node Type": "Aggregate",
              "Strategy": "Plain",
              "Partial Mode": "Partial",
              "Parent Relationship": "Outer",
              "Parallel Aware": false,
              "Startup Cost": 346846.28,
              "Total Cost": 346846.29,
              "Plan Rows": 1,
              "Plan Width": 8,
              "Actual Startup Time": 824.567,
              "Actual Total Time": 824.568,
              "Actual Rows": 1,
              "Actual Loops": 7,
              "Plans": [
                {
                  "Node Type": "Seq Scan",
                  "Parent Relationship": "Outer",
                  "Parallel Aware": true,
                  "Relation Name": "cast_info",
                  "Alias": "ci",
                  "Startup Cost": 0.0,
                  "Total Cost": 343257.03,
                  "Plan Rows": 1435700,
                  "Plan Width": 0,
                  "Actual Startup Time": 322.165,
                  "Actual Total Time": 730.818,
                  "Actual Rows": 1872469,
                  "Actual Loops": 7,
                  "Filter": "((person_id > 2365706) AND (role_id > 1))",
                  "Rows Removed by Filter": 3305295
                }
              ]
            }
          ]
        }
      ]
    },
    "Planning Time": 0.203,
    "Triggers": [],
    "Execution Time": 896.256
  }
]