{
  "Plan": {
    "Node Type": "Aggregate",
    "Strategy": "Plain",
    "Partial Mode": "Finalize",
    "Parallel Aware": false,
    "Startup Cost": 110976.39,
    "Total Cost": 110976.4,
    "Plan Rows": 1,
    "Plan Width": 8,
    "Actual Startup Time": 535.658,
    "Actual Total Time": 551.7,
    "Actual Rows": 1,
    "Actual Loops": 1,
    "Plans": [
      {
        "Node Type": "Gather",
        "Parent Relationship": "Outer",
        "Parallel Aware": false,
        "Startup Cost": 110976.28,
        "Total Cost": 110976.39,
        "Plan Rows": 1,
        "Plan Width": 8,
        "Actual Startup Time": 534.365,
        "Actual Total Time": 551.693,
        "Actual Rows": 2,
        "Actual Loops": 1,
        "Workers Planned": 1,
        "Workers Launched": 1,
        "Single Copy": false,
        "Plans": [
          {
            "Node Type": "Aggregate",
            "Strategy": "Plain",
            "Partial Mode": "Partial",
            "Parent Relationship": "Outer",
            "Parallel Aware": false,
            "Startup Cost": 109976.28,
            "Total Cost": 109976.29,
            "Plan Rows": 1,
            "Plan Width": 8,
            "Actual Startup Time": 528.498,
            "Actual Total Time": 528.502,
            "Actual Rows": 1,
            "Actual Loops": 2,
            "Plans": [
              {
                "Node Type": "Hash Join",
                "Parent Relationship": "Outer",
                "Parallel Aware": true,
                "Join Type": "Inner",
                "Startup Cost": 46599.89,
                "Total Cost": 109018.64,
                "Plan Rows": 383053,
                "Plan Width": 0,
                "Actual Startup Time": 181.779,
                "Actual Total Time": 519.97,
                "Actual Rows": 208444,
                "Actual Loops": 2,
                "Inner Unique": false,
                "Hash Cond": "(t.id = mc.movie_id)",
                "Plans": [
                  {
                    "Node Type": "Seq Scan",
                    "Parent Relationship": "Outer",
                    "Parallel Aware": true,
                    "Relation Name": "title",
                    "Alias": "t",
                    "Startup Cost": 0.0,
                    "Total Cost": 50870.31,
                    "Plan Rows": 1487231,
                    "Plan Width": 4,
                    "Actual Startup Time": 0.012,
                    "Actual Total Time": 115.277,
                    "Actual Rows": 1264156,
                    "Actual Loops": 2
                  },
                  {
                    "Node Type": "Hash",
                    "Parent Relationship": "Inner",
                    "Parallel Aware": true,
                    "Startup Cost": 41811.73,
                    "Total Cost": 41811.73,
                    "Plan Rows": 383053,
                    "Plan Width": 4,
                    "Actual Startup Time": 172.166,
                    "Actual Total Time": 172.167,
                    "Actual Rows": 208444,
                    "Actual Loops": 2,
                    "Hash Buckets": 1048576,
                    "Original Hash Buckets": 1048576,
                    "Hash Batches": 1,
                    "Original Hash Batches": 1,
                    "Peak Memory Usage": 24512,
                    "Plans": [
                      {
                        "Node Type": "Seq Scan",
                        "Parent Relationship": "Outer",
                        "Parallel Aware": true,
                        "Relation Name": "movie_companies",
                        "Alias": "mc",
                        "Startup Cost": 0.0,
                        "Total Cost": 41811.73,
                        "Plan Rows": 383053,
                        "Plan Width": 4,
                        "Actual Startup Time": 66.759,
                        "Actual Total Time": 123.407,
                        "Actual Rows": 208444,
                        "Actual Loops": 2,
                        "Filter": "((company_id < 11207) AND (company_type_id > 1))",
                        "Rows Removed by Filter": 1096120
                      }
                    ]
                  }
                ]
              }
            ]
          }
        ]
      }
    ]
  },
  "Planning Time": 0.705,
  "Triggers": [],
  "Execution Time": 551.77
}