[
  {
    "Plan": {
      "Node Type": "Aggregate",
      "Strategy": "Plain",
      "Partial Mode": "Finalize",
      "Parallel Aware": false,
      "Startup Cost": 286171.74,
      "Total Cost": 286171.75,
      "Plan Rows": 1,
      "Plan Width": 8,
      "Actual Startup Time": 7464.687,
      "Actual Total Time": 7546.877,
      "Actual Rows": 1,
      "Actual Loops": 1,
      "Plans": [
        {
          "Node Type": "Gather",
          "Parent Relationship": "Outer",
          "Parallel Aware": false,
          "Startup Cost": 286171.42,
          "Total Cost": 286171.73,
          "Plan Rows": 3,
          "Plan Width": 8,
          "Actual Startup Time": 7463.041,
          "Actual Total Time": 7546.866,
          "Actual Rows": 4,
          "Actual Loops": 1,
          "Workers Planned": 3,
          "Workers Launched": 3,
          "Single Copy": false,
          "Plans": [
            {
              "Node Type": "Aggregate",
              "Strategy": "Plain",
              "Partial Mode": "Partial",
              "Parent Relationship": "Outer",
              "Parallel Aware": false,
              "Startup Cost": 285171.42,
              "Total Cost": 285171.43,
              "Plan Rows": 1,
              "Plan Width": 8,
              "Actual Startup Time": 7454.096,
              "Actual Total Time": 7454.162,
              "Actual Rows": 1,
              "Actual Loops": 4,
              "Plans": [
                {
                  "Node Type": "Nested Loop",
                  "Parent Relationship": "Outer",
                  "Parallel Aware": false,
                  "Join Type": "Inner",
                  "Startup Cost": 46200.94,
                  "Total Cost": 282058.08,
                  "Plan Rows": 1245338,
                  "Plan Width": 0,
                  "Actual Startup Time": 170.673,
                  "Actual Total Time": 6929.405,
                  "Actual Rows": 11467289,
                  "Actual Loops": 4,
                  "Inner Unique": false,
                  "Join Filter": "(t.id = ci.movie_id)",
                  "Rows Removed by Join Filter": 0,
                  "Plans": [
                    {
                      "Node Type": "Hash Join",
                      "Parent Relationship": "Outer",
                      "Parallel Aware": true,
                      "Join Type": "Inner",
                      "Startup Cost": 46200.37,
                      "Total Cost": 91395.11,
                      "Plan Rows": 86910,
                      "Plan Width": 8,
                      "Actual Startup Time": 170.578,
                      "Actual Total Time": 376.341,
                      "Actual Rows": 267779,
                      "Actual Loops": 4,
                      "Inner Unique": true,
                      "Hash Cond": "(mk.movie_id = t.id)",
                      "Plans": [
                        {
                          "Node Type": "Seq Scan",
                          "Parent Relationship": "Outer",
                          "Parallel Aware": true,
                          "Relation Name": "movie_keyword",
                          "Alias": "mk",
                          "Startup Cost": 0.0,
                          "Total Cost": 42695.65,
                          "Plan Rows": 952030,
                          "Plan Width": 4,
                          "Actual Startup Time": 0.024,
                          "Actual Total Time": 122.034,
                          "Actual Rows": 736047,
                          "Actual Loops": 4,
                          "Filter": "(keyword_id < 9857)",
                          "Rows Removed by Filter": 394935
                        },
                        {
                          "Node Type": "Hash",
                          "Parent Relationship": "Inner",
                          "Parallel Aware": true,
                          "Startup Cost": 45479.1,
                          "Total Cost": 45479.1,
                          "Plan Rows": 57702,
                          "Plan Width": 4,
                          "Actual Startup Time": 133.586,
                          "Actual Total Time": 133.587,
                          "Actual Rows": 88269,
                          "Actual Loops": 4,
                          "Hash Buckets": 524288,
                          "Original Hash Buckets": 262144,
                          "Hash Batches": 1,
                          "Original Hash Batches": 1,
                          "Peak Memory Usage": 20032,
                          "Plans": [
                            {
                              "Node Type": "Seq Scan",
                              "Parent Relationship": "Outer",
                              "Parallel Aware": true,
                              "Relation Name": "title",
                              "Alias": "t",
                              "Startup Cost": 0.0,
                              "Total Cost": 45479.1,
                              "Plan Rows": 57702,
                              "Plan Width": 4,
                              "Actual Startup Time": 58.628,
                              "Actual Total Time": 101.349,
                              "Actual Rows": 88269,
                              "Actual Loops": 4,
                              "Filter": "((kind_id < 2) AND (production_year < 1997))",
                              "Rows Removed by Filter": 543809
                            }
                          ]
                        }
                      ]
                    },
                    {
                      "Node Type": "Index Only Scan",
                      "Parent Relationship": "Inner",
                      "Parallel Aware": false,
                      "Scan Direction": "Forward",
                      "Index Name": "movie_id_cast_info",
                      "Relation Name": "cast_info",
                      "Alias": "ci",
                      "Startup Cost": 0.56,
                      "Total Cost": 1.73,
                      "Plan Rows": 37,
                      "Plan Width": 4,
                      "Actual Startup Time": 0.003,
                      "Actual Total Time": 0.021,
                      "Actual Rows": 43,
                      "Actual Loops": 1071115,
                      "Index Cond": "(movie_id = mk.movie_id)",
                      "Rows Removed by Index Recheck": 0,
                      "Heap Fetches": 45869157
                    }
                  ]
                }
              ]
            }
          ]
        }
      ]
    },
    "Planning Time": 1.369,
    "Triggers": [],
    "Execution Time": 7546.989
  }
]