[
  {
    "Plan": {
      "Node Type": "Aggregate",
      "Strategy": "Plain",
      "Partial Mode": "Simple",
      "Parallel Aware": false,
      "Startup Cost": 26896.54,
      "Total Cost": 26896.55,
      "Plan Rows": 1,
      "Plan Width": 8,
      "Actual Startup Time": 23.565,
      "Actual Total Time": 23.566,
      "Actual Rows": 1,
      "Actual Loops": 1,
      "Plans": [
        {
          "Node Type": "Bitmap Heap Scan",
          "Parent Relationship": "Outer",
          "Parallel Aware": false,
          "Relation Name": "movie_keyword",
          "Alias": "mk",
          "Startup Cost": 667.17,
          "Total Cost": 26818.23,
          "Plan Rows": 31321,
          "Plan Width": 0,
          "Actual Startup Time": 4.072,
          "Actual Total Time": 21.917,
          "Actual Rows": 24747,
          "Actual Loops": 1,
          "Recheck Cond": "(keyword_id < 18)",
          "Rows Removed by Index Recheck": 0,
          "Exact Heap Blocks": 8423,
          "Lossy Heap Blocks": 0,
          "Plans": [
            {
              "Node Type": "Bitmap Index Scan",
              "Parent Relationship": "Outer",
              "Parallel Aware": false,
              "Index Name": "keyword_id_movie_keyword",
              "Startup Cost": 0.0,
              "Total Cost": 659.34,
              "Plan Rows": 31321,
              "Plan Width": 0,
              "Actual Startup Time": 2.502,
              "Actual Total Time": 2.502,
              "Actual Rows": 24747,
              "Actual Loops": 1,
              "Index Cond": "(keyword_id < 18)"
            }
          ]
        }
      ]
    },
    "Planning Time": 0.124,
    "Triggers": [],
    "Execution Time": 23.597
  }
]