[
  {
    "Plan": {
      "Node Type": "Aggregate",
      "Strategy": "Plain",
      "Partial Mode": "Simple",
      "Parallel Aware": false,
      "Startup Cost": 26768.21,
      "Total Cost": 26768.22,
      "Plan Rows": 1,
      "Plan Width": 8,
      "Actual Startup Time": 32.523,
      "Actual Total Time": 32.524,
      "Actual Rows": 1,
      "Actual Loops": 1,
      "Plans": [
        {
          "Node Type": "Bitmap Heap Scan",
          "Parent Relationship": "Outer",
          "Parallel Aware": false,
          "Relation Name": "movie_keyword",
          "Alias": "mk",
          "Startup Cost": 622.9,
          "Total Cost": 26695.15,
          "Plan Rows": 29222,
          "Plan Width": 0,
          "Actual Startup Time": 8.495,
          "Actual Total Time": 30.257,
          "Actual Rows": 24747,
          "Actual Loops": 1,
          "Recheck Cond": "(keyword_id < 18)",
          "Rows Removed by Index Recheck": 0,
          "Exact Heap Blocks": 8423,
          "Lossy Heap Blocks": 0,
          "Plans": [
            {
              "Node Type": "Bitmap Index Scan",
              "Parent Relationship": "Outer",
              "Parallel Aware": false,
              "Index Name": "keyword_id_movie_keyword",
              "Startup Cost": 0.0,
              "Total Cost": 615.6,
              "Plan Rows": 29222,
              "Plan Width": 0,
              "Actual Startup Time": 4.811,
              "Actual Total Time": 4.811,
              "Actual Rows": 24747,
              "Actual Loops": 1,
              "Index Cond": "(keyword_id < 18)"
            }
          ]
        }
      ]
    },
    "Planning Time": 0.218,
    "Triggers": [],
    "Execution Time": 32.566
  }
]