[
  {
    "Plan": {
      "Node Type": "Aggregate",
      "Strategy": "Plain",
      "Partial Mode": "Finalize",
      "Parallel Aware": false,
      "Startup Cost": 115038.06,
      "Total Cost": 115038.07,
      "Plan Rows": 1,
      "Plan Width": 8,
      "Actual Startup Time": 564.241,
      "Actual Total Time": 583.195,
      "Actual Rows": 1,
      "Actual Loops": 1,
      "Plans": [
        {
          "Node Type": "Gather",
          "Parent Relationship": "Outer",
          "Parallel Aware": false,
          "Startup Cost": 115037.74,
          "Total Cost": 115038.05,
          "Plan Rows": 3,
          "Plan Width": 8,
          "Actual Startup Time": 555.617,
          "Actual Total Time": 583.187,
          "Actual Rows": 4,
          "Actual Loops": 1,
          "Workers Planned": 3,
          "Workers Launched": 3,
          "Single Copy": false,
          "Plans": [
            {
              "Node Type": "Aggregate",
              "Strategy": "Plain",
              "Partial Mode": "Partial",
              "Parent Relationship": "Outer",
              "Parallel Aware": false,
              "Startup Cost": 114037.74,
              "Total Cost": 114037.75,
              "Plan Rows": 1,
              "Plan Width": 8,
              "Actual Startup Time": 546.768,
              "Actual Total Time": 546.775,
              "Actual Rows": 1,
              "Actual Loops": 4,
              "Plans": [
                {
                  "Node Type": "Hash Join",
                  "Parent Relationship": "Outer",
                  "Parallel Aware": true,
                  "Join Type": "Inner",
                  "Startup Cost": 67215.8,
                  "Total Cost": 113174.44,
                  "Plan Rows": 345320,
                  "Plan Width": 0,
                  "Actual Startup Time": 345.633,
                  "Actual Total Time": 538.523,
                  "Actual Rows": 198345,
                  "Actual Loops": 4,
                  "Inner Unique": false,
                  "Hash Cond": "(mk.movie_id = t.id)",
                  "Plans": [
                    {
                      "Node Type": "Seq Scan",
                      "Parent Relationship": "Outer",
                      "Parallel Aware": true,
                      "Relation Name": "movie_keyword",
                      "Alias": "mk",
                      "Startup Cost": 0.0,
                      "Total Cost": 39047.32,
                      "Plan Rows": 1459332,
                      "Plan Width": 4,
                      "Actual Startup Time": 0.029,
                      "Actual Total Time": 89.498,
                      "Actual Rows": 1130982,
                      "Actual Loops": 4
                    },
                    {
                      "Node Type": "Hash",
                      "Parent Relationship": "Inner",
                      "Parallel Aware": true,
                      "Startup Cost": 64099.67,
                      "Total Cost": 64099.67,
                      "Plan Rows": 249290,
                      "Plan Width": 8,
                      "Actual Startup Time": 340.372,
                      "Actual Total Time": 340.376,
                      "Actual Rows": 82175,
                      "Actual Loops": 4,
                      "Hash Buckets": 1048576,
                      "Original Hash Buckets": 1048576,
                      "Hash Batches": 1,
                      "Original Hash Batches": 1,
                      "Peak Memory Usage": 21120,
                      "Plans": [
                        {
                          "Node Type": "Hash Join",
                          "Parent Relationship": "Outer",
                          "Parallel Aware": true,
                          "Join Type": "Inner",
                          "Startup Cost": 48905.11,
                          "Total Cost": 64099.67,
                          "Plan Rows": 249290,
                          "Plan Width": 8,
                          "Actual Startup Time": 220.341,
                          "Actual Total Time": 310.592,
                          "Actual Rows": 82175,
                          "Actual Loops": 4,
                          "Inner Unique": true,
                          "Hash Cond": "(mi_idx.movie_id = t.id)",
                          "Plans": [
                            {
                              "Node Type": "Seq Scan",
                              "Parent Relationship": "Outer",
                              "Parallel Aware": true,
                              "Relation Name": "movie_info_idx",
                              "Alias": "mi_idx",
                              "Startup Cost": 0.0,
                              "Total Cost": 13685.15,
                              "Plan Rows": 575015,
                              "Plan Width": 4,
                              "Actual Startup Time": 0.034,
                              "Actual Total Time": 29.558,
                              "Actual Rows": 345009,
                              "Actual Loops": 4
                            },
                            {
                              "Node Type": "Hash",
                              "Parent Relationship": "Inner",
                              "Parallel Aware": true,
                              "Startup Cost": 45479.59,
                              "Total Cost": 45479.59,
                              "Plan Rows": 274042,
                              "Plan Width": 4,
                              "Actual Startup Time": 215.406,
                              "Actual Total Time": 215.407,
                              "Actual Rows": 261056,
                              "Actual Loops": 4,
                              "Hash Buckets": 2097152,
                              "Original Hash Buckets": 2097152,
                              "Hash Batches": 1,
                              "Original Hash Batches": 1,
                              "Peak Memory Usage": 57312,
                              "Plans": [
                                {
                                  "Node Type": "Seq Scan",
                                  "Parent Relationship": "Outer",
                                  "Parallel Aware": true,
                                  "Relation Name": "title",
                                  "Alias": "t",
                                  "Startup Cost": 0.0,
                                  "Total Cost": 45479.59,
                                  "Plan Rows": 274042,
                                  "Plan Width": 4,
                                  "Actual Startup Time": 0.053,
                                  "Actual Total Time": 105.882,
                                  "Actual Rows": 261056,
                                  "Actual Loops": 4,
                                  "Filter": "((production_year < 2009) AND (kind_id = 7))",
                                  "Rows Removed by Filter": 371022
                                }
                              ]
                            }
                          ]
                        }
                      ]
                    }
                  ]
                }
              ]
            }
          ]
        }
      ]
    },
    "Planning Time": 1.326,
    "Triggers": [],
    "Execution Time": 583.277
  }
]