[
  {
    "Plan": {
      "Node Type": "Aggregate",
      "Strategy": "Plain",
      "Partial Mode": "Finalize",
      "Parallel Aware": false,
      "Startup Cost": 46499.74,
      "Total Cost": 46499.75,
      "Plan Rows": 1,
      "Plan Width": 8,
      "Actual Startup Time": 108.691,
      "Actual Total Time": 124.626,
      "Actual Rows": 1,
      "Actual Loops": 1,
      "Plans": [
        {
          "Node Type": "Gather",
          "Parent Relationship": "Outer",
          "Parallel Aware": false,
          "Startup Cost": 46499.32,
          "Total Cost": 46499.73,
          "Plan Rows": 4,
          "Plan Width": 8,
          "Actual Startup Time": 108.501,
          "Actual Total Time": 124.613,
          "Actual Rows": 5,
          "Actual Loops": 1,
          "Workers Planned": 4,
          "Workers Launched": 4,
          "Single Copy": false,
          "Plans": [
            {
              "Node Type": "Aggregate",
              "Strategy": "Plain",
              "Partial Mode": "Partial",
              "Parent Relationship": "Outer",
              "Parallel Aware": false,
              "Startup Cost": 45499.32,
              "Total Cost": 45499.33,
              "Plan Rows": 1,
              "Plan Width": 8,
              "Actual Startup Time": 99.325,
              "Actual Total Time": 99.327,
              "Actual Rows": 1,
              "Actual Loops": 5,
              "Plans": [
                {
                  "Node Type": "Seq Scan",
                  "Parent Relationship": "Outer",
                  "Parallel Aware": true,
                  "Relation Name": "title",
                  "Alias": "t",
                  "Startup Cost": 0.0,
                  "Total Cost": 45479.59,
                  "Plan Rows": 7894,
                  "Plan Width": 0,
                  "Actual Startup Time": 63.705,
                  "Actual Total Time": 98.969,
                  "Actual Rows": 3554,
                  "Actual Loops": 5,
                  "Filter": "((kind_id = 1) AND (production_year = 2007))",
                  "Rows Removed by Filter": 502108
                }
              ]
            }
          ]
        }
      ]
    },
    "Planning Time": 0.199,
    "Triggers": [],
    "Execution Time": 124.69
  }
]