[
    {
        "Bao": {
            "Bao prediction": 569.359,
            "Bao recommended hint": "SET enable_nestloop TO off; "
        }
    },
    {
        "Plan": {
            "Node Type": "Aggregate",
            "Strategy": "Plain",
            "Partial Mode": "Finalize",
            "Parallel Aware": false,
            "Startup Cost": 74387.72,
            "Total Cost": 74387.73,
            "Plan Rows": 1,
            "Plan Width": 8,
            "Actual Startup Time": 153.293,
            "Actual Total Time": 163.452,
            "Actual Rows": 1,
            "Actual Loops": 1,
            "Output": [
                "count(*)"
            ],
            "Plans": [
                {
                    "Node Type": "Gather",
                    "Parent Relationship": "Outer",
                    "Parallel Aware": false,
                    "Startup Cost": 74387.3,
                    "Total Cost": 74387.71,
                    "Plan Rows": 4,
                    "Plan Width": 8,
                    "Actual Startup Time": 153.002,
                    "Actual Total Time": 163.442,
                    "Actual Rows": 5,
                    "Actual Loops": 1,
                    "Output": [
                        "(PARTIAL count(*))"
                    ],
                    "Workers Planned": 4,
                    "Workers Launched": 4,
                    "Single Copy": false,
                    "Plans": [
                        {
                            "Node Type": "Aggregate",
                            "Strategy": "Plain",
                            "Partial Mode": "Partial",
                            "Parent Relationship": "Outer",
                            "Parallel Aware": false,
                            "Startup Cost": 73387.3,
                            "Total Cost": 73387.31,
                            "Plan Rows": 1,
                            "Plan Width": 8,
                            "Actual Startup Time": 143.958,
                            "Actual Total Time": 143.961,
                            "Actual Rows": 1,
                            "Actual Loops": 5,
                            "Output": [
                                "PARTIAL count(*)"
                            ],
                            "Workers": [
                                {
                                    "Worker Number": 0,
                                    "Actual Startup Time": 141.625,
                                    "Actual Total Time": 141.627,
                                    "Actual Rows": 1,
                                    "Actual Loops": 1
                                },
                                {
                                    "Worker Number": 1,
                                    "Actual Startup Time": 141.655,
                                    "Actual Total Time": 141.657,
                                    "Actual Rows": 1,
                                    "Actual Loops": 1
                                },
                                {
                                    "Worker Number": 2,
                                    "Actual Startup Time": 142.047,
                                    "Actual Total Time": 142.049,
                                    "Actual Rows": 1,
                                    "Actual Loops": 1
                                },
                                {
                                    "Worker Number": 3,
                                    "Actual Startup Time": 142.205,
                                    "Actual Total Time": 142.207,
                                    "Actual Rows": 1,
                                    "Actual Loops": 1
                                }
                            ],
                            "Plans": [
                                {
                                    "Node Type": "Hash Join",
                                    "Parent Relationship": "Outer",
                                    "Parallel Aware": false,
                                    "Join Type": "Inner",
                                    "Startup Cost": 1043.67,
                                    "Total Cost": 73387.1,
                                    "Plan Rows": 82,
                                    "Plan Width": 0,
                                    "Actual Startup Time": 102.177,
                                    "Actual Total Time": 143.947,
                                    "Actual Rows": 19,
                                    "Actual Loops": 5,
                                    "Inner Unique": false,
                                    "Hash Cond": "(t.id = ci.movie_id)",
                                    "Workers": [
                                        {
                                            "Worker Number": 0,
                                            "Actual Startup Time": 100.822,
                                            "Actual Total Time": 141.615,
                                            "Actual Rows": 14,
                                            "Actual Loops": 1
                                        },
                                        {
                                            "Worker Number": 1,
                                            "Actual Startup Time": 100.823,
                                            "Actual Total Time": 141.643,
                                            "Actual Rows": 23,
                                            "Actual Loops": 1
                                        },
                                        {
                                            "Worker Number": 2,
                                            "Actual Startup Time": 99.695,
                                            "Actual Total Time": 142.036,
                                            "Actual Rows": 17,
                                            "Actual Loops": 1
                                        },
                                        {
                                            "Worker Number": 3,
                                            "Actual Startup Time": 100.531,
                                            "Actual Total Time": 142.193,
                                            "Actual Rows": 19,
                                            "Actual Loops": 1
                                        }
                                    ],
                                    "Plans": [
                                        {
                                            "Node Type": "Seq Scan",
                                            "Parent Relationship": "Outer",
                                            "Parallel Aware": true,
                                            "Relation Name": "title",
                                            "Schema": "public",
                                            "Alias": "t",
                                            "Startup Cost": 0.0,
                                            "Total Cost": 42318.81,
                                            "Plan Rows": 632080,
                                            "Plan Width": 4,
                                            "Actual Startup Time": 0.034,
                                            "Actual Total Time": 90.679,
                                            "Actual Rows": 505662,
                                            "Actual Loops": 5,
                                            "Output": [
                                                "t.id",
                                                "t.title",
                                                "t.imdb_index",
                                                "t.kind_id",
                                                "t.production_year",
                                                "t.imdb_id",
                                                "t.phonetic_code",
                                                "t.episode_of_id",
                                                "t.season_nr",
                                                "t.episode_nr",
                                                "t.series_years",
                                                "t.md5sum"
                                            ],
                                            "Workers": [
                                                {
                                                    "Worker Number": 0,
                                                    "Actual Startup Time": 0.032,
                                                    "Actual Total Time": 92.48,
                                                    "Actual Rows": 462966,
                                                    "Actual Loops": 1
                                                },
                                                {
                                                    "Worker Number": 1,
                                                    "Actual Startup Time": 0.041,
                                                    "Actual Total Time": 92.827,
                                                    "Actual Rows": 459302,
                                                    "Actual Loops": 1
                                                },
                                                {
                                                    "Worker Number": 2,
                                                    "Actual Startup Time": 0.042,
                                                    "Actual Total Time": 92.637,
                                                    "Actual Rows": 468376,
                                                    "Actual Loops": 1
                                                },
                                                {
                                                    "Worker Number": 3,
                                                    "Actual Startup Time": 0.042,
                                                    "Actual Total Time": 92.944,
                                                    "Actual Rows": 467391,
                                                    "Actual Loops": 1
                                                }
                                            ]
                                        },
                                        {
                                            "Node Type": "Hash",
                                            "Parent Relationship": "Inner",
                                            "Parallel Aware": false,
                                            "Startup Cost": 1039.59,
                                            "Total Cost": 1039.59,
                                            "Plan Rows": 327,
                                            "Plan Width": 4,
                                            "Actual Startup Time": 0.381,
                                            "Actual Total Time": 0.381,
                                            "Actual Rows": 93,
                                            "Actual Loops": 5,
                                            "Output": [
                                                "ci.movie_id"
                                            ],
                                            "Hash Buckets": 1024,
                                            "Original Hash Buckets": 1024,
                                            "Hash Batches": 1,
                                            "Original Hash Batches": 1,
                                            "Peak Memory Usage": 12,
                                            "Workers": [
                                                {
                                                    "Worker Number": 0,
                                                    "Actual Startup Time": 0.408,
                                                    "Actual Total Time": 0.408,
                                                    "Actual Rows": 93,
                                                    "Actual Loops": 1
                                                },
                                                {
                                                    "Worker Number": 1,
                                                    "Actual Startup Time": 0.409,
                                                    "Actual Total Time": 0.41,
                                                    "Actual Rows": 93,
                                                    "Actual Loops": 1
                                                },
                                                {
                                                    "Worker Number": 2,
                                                    "Actual Startup Time": 0.396,
                                                    "Actual Total Time": 0.397,
                                                    "Actual Rows": 93,
                                                    "Actual Loops": 1
                                                },
                                                {
                                                    "Worker Number": 3,
                                                    "Actual Startup Time": 0.383,
                                                    "Actual Total Time": 0.384,
                                                    "Actual Rows": 93,
                                                    "Actual Loops": 1
                                                }
                                            ],
                                            "Plans": [
                                                {
                                                    "Node Type": "Index Scan",
                                                    "Parent Relationship": "Outer",
                                                    "Parallel Aware": false,
                                                    "Scan Direction": "Forward",
                                                    "Index Name": "person_id_cast_info",
                                                    "Relation Name": "cast_info",
                                                    "Schema": "public",
                                                    "Alias": "ci",
                                                    "Startup Cost": 0.56,
                                                    "Total Cost": 1039.59,
                                                    "Plan Rows": 327,
                                                    "Plan Width": 4,
                                                    "Actual Startup Time": 0.228,
                                                    "Actual Total Time": 0.304,
                                                    "Actual Rows": 93,
                                                    "Actual Loops": 5,
                                                    "Output": [
                                                        "ci.movie_id"
                                                    ],
                                                    "Index Cond": "(ci.person_id = 3262995)",
                                                    "Rows Removed by Index Recheck": 0,
                                                    "Filter": "(ci.role_id > 1)",
                                                    "Rows Removed by Filter": 0,
                                                    "Workers": [
                                                        {
                                                            "Worker Number": 0,
                                                            "Actual Startup Time": 0.281,
                                                            "Actual Total Time": 0.346,
                                                            "Actual Rows": 93,
                                                            "Actual Loops": 1
                                                        },
                                                        {
                                                            "Worker Number": 1,
                                                            "Actual Startup Time": 0.279,
                                                            "Actual Total Time": 0.346,
                                                            "Actual Rows": 93,
                                                            "Actual Loops": 1
                                                        },
                                                        {
                                                            "Worker Number": 2,
                                                            "Actual Startup Time": 0.237,
                                                            "Actual Total Time": 0.301,
                                                            "Actual Rows": 93,
                                                            "Actual Loops": 1
                                                        },
                                                        {
                                                            "Worker Number": 3,
                                                            "Actual Startup Time": 0.258,
                                                            "Actual Total Time": 0.321,
                                                            "Actual Rows": 93,
                                                            "Actual Loops": 1
                                                        }
                                                    ]
                                                }
                                            ]
                                        }
                                    ]
                                }
                            ]
                        }
                    ]
                }
            ]
        },
        "Planning Time": 1114.421,
        "Triggers": [],
        "Execution Time": 163.585
    }
]