{
  "Plan": {
    "Node Type": "Aggregate",
    "Strategy": "Plain",
    "Partial Mode": "Finalize",
    "Parallel Aware": false,
    "Startup Cost": 1180433.72,
    "Total Cost": 1180433.73,
    "Plan Rows": 1,
    "Plan Width": 8,
    "Actual Startup Time": 25253.181,
    "Actual Total Time": 25497.544,
    "Actual Rows": 1,
    "Actual Loops": 1,
    "Plans": [
      {
        "Node Type": "Gather",
        "Parent Relationship": "Outer",
        "Parallel Aware": false,
        "Startup Cost": 1180433.6,
        "Total Cost": 1180433.71,
        "Plan Rows": 1,
        "Plan Width": 8,
        "Actual Startup Time": 25230.072,
        "Actual Total Time": 25497.535,
        "Actual Rows": 2,
        "Actual Loops": 1,
        "Workers Planned": 1,
        "Workers Launched": 1,
        "Single Copy": false,
        "Plans": [
          {
            "Node Type": "Aggregate",
            "Strategy": "Plain",
            "Partial Mode": "Partial",
            "Parent Relationship": "Outer",
            "Parallel Aware": false,
            "Startup Cost": 1179433.6,
            "Total Cost": 1179433.61,
            "Plan Rows": 1,
            "Plan Width": 8,
            "Actual Startup Time": 25152.093,
            "Actual Total Time": 25152.101,
            "Actual Rows": 1,
            "Actual Loops": 2,
            "Plans": [
              {
                "Node Type": "Hash Join",
                "Parent Relationship": "Outer",
                "Parallel Aware": true,
                "Join Type": "Inner",
                "Startup Cost": 895719.13,
                "Total Cost": 1125087.11,
                "Plan Rows": 21738599,
                "Plan Width": 0,
                "Actual Startup Time": 17270.295,
                "Actual Total Time": 22746.863,
                "Actual Rows": 60642461,
                "Actual Loops": 2,
                "Inner Unique": false,
                "Hash Cond": "(mk.movie_id = t.id)",
                "Plans": [
                  {
                    "Node Type": "Seq Scan",
                    "Parent Relationship": "Outer",
                    "Parallel Aware": true,
                    "Relation Name": "movie_keyword",
                    "Alias": "mk",
                    "Startup Cost": 0.0,
                    "Total Cost": 57718.19,
                    "Plan Rows": 1591842,
                    "Plan Width": 4,
                    "Actual Startup Time": 0.014,
                    "Actual Total Time": 193.003,
                    "Actual Rows": 1347594,
                    "Actual Loops": 2,
                    "Filter": "(keyword_id < 7633)",
                    "Rows Removed by Filter": 914372
                  },
                  {
                    "Node Type": "Hash",
                    "Parent Relationship": "Inner",
                    "Parallel Aware": true,
                    "Startup Cost": 641844.01,
                    "Total Cost": 641844.01,
                    "Plan Rows": 20310010,
                    "Plan Width": 8,
                    "Actual Startup Time": 17088.426,
                    "Actual Total Time": 17088.431,
                    "Actual Rows": 17259182,
                    "Actual Loops": 2,
                    "Hash Buckets": 67108864,
                    "Original Hash Buckets": 67108864,
                    "Hash Batches": 1,
                    "Original Hash Batches": 1,
                    "Peak Memory Usage": 1874656,
                    "Plans": [
                      {
                        "Node Type": "Hash Join",
                        "Parent Relationship": "Outer",
                        "Parallel Aware": true,
                        "Join Type": "Inner",
                        "Startup Cost": 69460.7,
                        "Total Cost": 641844.01,
                        "Plan Rows": 20310010,
                        "Plan Width": 8,
                        "Actual Startup Time": 545.623,
                        "Actual Total Time": 10814.809,
                        "Actual Rows": 17259182,
                        "Actual Loops": 2,
                        "Inner Unique": true,
                        "Hash Cond": "(ci.movie_id = t.id)",
                        "Plans": [
                          {
                            "Node Type": "Seq Scan",
                            "Parent Relationship": "Outer",
                            "Parallel Aware": true,
                            "Relation Name": "cast_info",
                            "Alias": "ci",
                            "Startup Cost": 0.0,
                            "Total Cost": 519069.44,
                            "Plan Rows": 20310010,
                            "Plan Width": 4,
                            "Actual Startup Time": 36.593,
                            "Actual Total Time": 1815.168,
                            "Actual Rows": 17259182,
                            "Actual Loops": 2,
                            "Filter": "(person_id > 171837)",
                            "Rows Removed by Filter": 862990
                          },
                          {
                            "Node Type": "Hash",
                            "Parent Relationship": "Inner",
                            "Parallel Aware": true,
                            "Startup Cost": 50870.31,
                            "Total Cost": 50870.31,
                            "Plan Rows": 1487231,
                            "Plan Width": 4,
                            "Actual Startup Time": 498.461,
                            "Actual Total Time": 498.462,
                            "Actual Rows": 1264156,
                            "Actual Loops": 2,
                            "Hash Buckets": 4194304,
                            "Original Hash Buckets": 4194304,
                            "Hash Batches": 1,
                            "Original Hash Batches": 1,
                            "Peak Memory Usage": 131712,
                            "Plans": [
                              {
                                "Node Type": "Seq Scan",
                                "Parent Relationship": "Outer",
                                "Parallel Aware": true,
                                "Relation Name": "title",
                                "Alias": "t",
                                "Startup Cost": 0.0,
                                "Total Cost": 50870.31,
                                "Plan Rows": 1487231,
                                "Plan Width": 4,
                                "Actual Startup Time": 0.04,
                                "Actual Total Time": 148.036,
                                "Actual Rows": 1264156,
                                "Actual Loops": 2
                              }
                            ]
                          }
                        ]
                      }
                    ]
                  }
                ]
              }
            ]
          }
        ]
      }
    ]
  },
  "Planning Time": 1.084,
  "Triggers": [],
  "Execution Time": 25497.629
}