{
  "Plan": {
    "Node Type": "Aggregate",
    "Strategy": "Plain",
    "Partial Mode": "Finalize",
    "Parallel Aware": false,
    "Startup Cost": 398224.81,
    "Total Cost": 398224.82,
    "Plan Rows": 1,
    "Plan Width": 8,
    "Actual Startup Time": 254.511,
    "Actual Total Time": 296.494,
    "Actual Rows": 1,
    "Actual Loops": 1,
    "Plans": [
      {
        "Node Type": "Gather",
        "Parent Relationship": "Outer",
        "Parallel Aware": false,
        "Startup Cost": 398224.7,
        "Total Cost": 398224.81,
        "Plan Rows": 1,
        "Plan Width": 8,
        "Actual Startup Time": 254.382,
        "Actual Total Time": 296.486,
        "Actual Rows": 2,
        "Actual Loops": 1,
        "Workers Planned": 1,
        "Workers Launched": 1,
        "Single Copy": false,
        "Plans": [
          {
            "Node Type": "Aggregate",
            "Strategy": "Plain",
            "Partial Mode": "Partial",
            "Parent Relationship": "Outer",
            "Parallel Aware": false,
            "Startup Cost": 397224.7,
            "Total Cost": 397224.71,
            "Plan Rows": 1,
            "Plan Width": 8,
            "Actual Startup Time": 248.237,
            "Actual Total Time": 248.239,
            "Actual Rows": 1,
            "Actual Loops": 2,
            "Plans": [
              {
                "Node Type": "Nested Loop",
                "Parent Relationship": "Outer",
                "Parallel Aware": false,
                "Join Type": "Inner",
                "Startup Cost": 0.56,
                "Total Cost": 397209.5,
                "Plan Rows": 6079,
                "Plan Width": 0,
                "Actual Startup Time": 1.928,
                "Actual Total Time": 247.856,
                "Actual Rows": 4563,
                "Actual Loops": 2,
                "Inner Unique": false,
                "Plans": [
                  {
                    "Node Type": "Seq Scan",
                    "Parent Relationship": "Outer",
                    "Parallel Aware": true,
                    "Relation Name": "title",
                    "Alias": "t",
                    "Startup Cost": 0.0,
                    "Total Cost": 58306.47,
                    "Plan Rows": 2994,
                    "Plan Width": 4,
                    "Actual Startup Time": 0.163,
                    "Actual Total Time": 129.92,
                    "Actual Rows": 3098,
                    "Actual Loops": 2,
                    "Filter": "((kind_id < 7) AND (production_year = 1975))",
                    "Rows Removed by Filter": 1261058
                  },
                  {
                    "Node Type": "Index Scan",
                    "Parent Relationship": "Inner",
                    "Parallel Aware": false,
                    "Scan Direction": "Forward",
                    "Index Name": "movie_id_cast_info",
                    "Relation Name": "cast_info",
                    "Alias": "ci",
                    "Startup Cost": 0.56,
                    "Total Cost": 113.14,
                    "Plan Rows": 5,
                    "Plan Width": 4,
                    "Actual Startup Time": 0.032,
                    "Actual Total Time": 0.038,
                    "Actual Rows": 1,
                    "Actual Loops": 6196,
                    "Index Cond": "(movie_id = t.id)",
                    "Rows Removed by Index Recheck": 0,
                    "Filter": "((person_id < 1483345) AND (role_id > 3))",
                    "Rows Removed by Filter": 13
                  }
                ]
              }
            ]
          }
        ]
      }
    ]
  },
  "Planning Time": 0.562,
  "Triggers": [],
  "Execution Time": 296.581
}