[
  {
    "Plan": {
      "Node Type": "Aggregate",
      "Strategy": "Plain",
      "Partial Mode": "Finalize",
      "Parallel Aware": false,
      "Startup Cost": 375358.86,
      "Total Cost": 375358.87,
      "Plan Rows": 1,
      "Plan Width": 8,
      "Actual Startup Time": 799.898,
      "Actual Total Time": 825.131,
      "Actual Rows": 1,
      "Actual Loops": 1,
      "Plans": [
        {
          "Node Type": "Gather",
          "Parent Relationship": "Outer",
          "Parallel Aware": false,
          "Startup Cost": 375358.23,
          "Total Cost": 375358.84,
          "Plan Rows": 6,
          "Plan Width": 8,
          "Actual Startup Time": 777.886,
          "Actual Total Time": 825.12,
          "Actual Rows": 7,
          "Actual Loops": 1,
          "Workers Planned": 6,
          "Workers Launched": 6,
          "Single Copy": false,
          "Plans": [
            {
              "Node Type": "Aggregate",
              "Strategy": "Plain",
              "Partial Mode": "Partial",
              "Parent Relationship": "Outer",
              "Parallel Aware": false,
              "Startup Cost": 374358.23,
              "Total Cost": 374358.24,
              "Plan Rows": 1,
              "Plan Width": 8,
              "Actual Startup Time": 759.927,
              "Actual Total Time": 759.936,
              "Actual Rows": 1,
              "Actual Loops": 7,
              "Plans": [
                {
                  "Node Type": "Hash Join",
                  "Parent Relationship": "Outer",
                  "Parallel Aware": true,
                  "Join Type": "Inner",
                  "Startup Cost": 113613.12,
                  "Total Cost": 373955.68,
                  "Plan Rows": 161020,
                  "Plan Width": 0,
                  "Actual Startup Time": 393.863,
                  "Actual Total Time": 734.525,
                  "Actual Rows": 400932,
                  "Actual Loops": 7,
                  "Inner Unique": true,
                  "Hash Cond": "(ci.movie_id = t.id)",
                  "Plans": [
                    {
                      "Node Type": "Bitmap Heap Scan",
                      "Parent Relationship": "Outer",
                      "Parallel Aware": true,
                      "Relation Name": "cast_info",
                      "Alias": "ci",
                      "Startup Cost": 63392.74,
                      "Total Cost": 323312.62,
                      "Plan Rows": 161020,
                      "Plan Width": 4,
                      "Actual Startup Time": 101.547,
                      "Actual Total Time": 237.932,
                      "Actual Rows": 400932,
                      "Actual Loops": 7,
                      "Recheck Cond": "(person_id > 3530147)",
                      "Rows Removed by Index Recheck": 0,
                      "Filter": "(role_id > 3)",
                      "Rows Removed by Filter": 0,
                      "Exact Heap Blocks": 8950,
                      "Lossy Heap Blocks": 0,
                      "Plans": [
                        {
                          "Node Type": "Bitmap Index Scan",
                          "Parent Relationship": "Outer",
                          "Parallel Aware": false,
                          "Index Name": "person_id_cast_info",
                          "Startup Cost": 0.0,
                          "Total Cost": 63151.21,
                          "Plan Rows": 2893153,
                          "Plan Width": 0,
                          "Actual Startup Time": 95.003,
                          "Actual Total Time": 95.004,
                          "Actual Rows": 2806524,
                          "Actual Loops": 1,
                          "Index Cond": "(person_id > 3530147)"
                        }
                      ]
                    },
                    {
                      "Node Type": "Hash",
                      "Parent Relationship": "Inner",
                      "Parallel Aware": true,
                      "Startup Cost": 42319.06,
                      "Total Cost": 42319.06,
                      "Plan Rows": 632106,
                      "Plan Width": 4,
                      "Actual Startup Time": 286.431,
                      "Actual Total Time": 286.432,
                      "Actual Rows": 361187,
                      "Actual Loops": 7,
                      "Hash Buckets": 4194304,
                      "Original Hash Buckets": 4194304,
                      "Hash Batches": 1,
                      "Original Hash Batches": 1,
                      "Peak Memory Usage": 131808,
                      "Plans": [
                        {
                          "Node Type": "Seq Scan",
                          "Parent Relationship": "Outer",
                          "Parallel Aware": true,
                          "Relation Name": "title",
                          "Alias": "t",
                          "Startup Cost": 0.0,
                          "Total Cost": 42319.06,
                          "Plan Rows": 632106,
                          "Plan Width": 4,
                          "Actual Startup Time": 0.053,
                          "Actual Total Time": 93.283,
                          "Actual Rows": 361187,
                          "Actual Loops": 7
                        }
                      ]
                    }
                  ]
                }
              ]
            }
          ]
        }
      ]
    },
    "Planning Time": 0.344,
    "Triggers": [],
    "Execution Time": 825.212
  }
]