[
  {
    "Plan": {
      "Node Type": "Aggregate",
      "Strategy": "Plain",
      "Partial Mode": "Finalize",
      "Parallel Aware": false,
      "Startup Cost": 31452.66,
      "Total Cost": 31452.67,
      "Plan Rows": 1,
      "Plan Width": 8,
      "Actual Startup Time": 102.363,
      "Actual Total Time": 111.96,
      "Actual Rows": 1,
      "Actual Loops": 1,
      "Plans": [
        {
          "Node Type": "Gather",
          "Parent Relationship": "Outer",
          "Parallel Aware": false,
          "Startup Cost": 31452.34,
          "Total Cost": 31452.65,
          "Plan Rows": 3,
          "Plan Width": 8,
          "Actual Startup Time": 102.199,
          "Actual Total Time": 111.95,
          "Actual Rows": 4,
          "Actual Loops": 1,
          "Workers Planned": 3,
          "Workers Launched": 3,
          "Single Copy": false,
          "Plans": [
            {
              "Node Type": "Aggregate",
              "Strategy": "Plain",
              "Partial Mode": "Partial",
              "Parent Relationship": "Outer",
              "Parallel Aware": false,
              "Startup Cost": 30452.34,
              "Total Cost": 30452.35,
              "Plan Rows": 1,
              "Plan Width": 8,
              "Actual Startup Time": 97.945,
              "Actual Total Time": 97.946,
              "Actual Rows": 1,
              "Actual Loops": 4,
              "Plans": [
                {
                  "Node Type": "Seq Scan",
                  "Parent Relationship": "Outer",
                  "Parallel Aware": true,
                  "Relation Name": "movie_companies",
                  "Alias": "mc",
                  "Startup Cost": 0.0,
                  "Total Cost": 29310.68,
                  "Plan Rows": 456665,
                  "Plan Width": 0,
                  "Actual Startup Time": 16.0,
                  "Actual Total Time": 81.078,
                  "Actual Rows": 351973,
                  "Actual Loops": 4,
                  "Filter": "(company_id > 10936)",
                  "Rows Removed by Filter": 300309
                }
              ]
            }
          ]
        }
      ]
    },
    "Planning Time": 0.274,
    "Triggers": [],
    "Execution Time": 112.021
  }
]