[
  {
    "Plan": {
      "Node Type": "Aggregate",
      "Strategy": "Plain",
      "Partial Mode": "Finalize",
      "Parallel Aware": false,
      "Startup Cost": 56125.94,
      "Total Cost": 56125.95,
      "Plan Rows": 1,
      "Plan Width": 8,
      "Actual Startup Time": 91.153,
      "Actual Total Time": 104.044,
      "Actual Rows": 1,
      "Actual Loops": 1,
      "Plans": [
        {
          "Node Type": "Gather",
          "Parent Relationship": "Outer",
          "Parallel Aware": false,
          "Startup Cost": 56125.52,
          "Total Cost": 56125.93,
          "Plan Rows": 4,
          "Plan Width": 8,
          "Actual Startup Time": 90.982,
          "Actual Total Time": 104.032,
          "Actual Rows": 5,
          "Actual Loops": 1,
          "Workers Planned": 4,
          "Workers Launched": 4,
          "Single Copy": false,
          "Plans": [
            {
              "Node Type": "Aggregate",
              "Strategy": "Plain",
              "Partial Mode": "Partial",
              "Parent Relationship": "Outer",
              "Parallel Aware": false,
              "Startup Cost": 55125.52,
              "Total Cost": 55125.53,
              "Plan Rows": 1,
              "Plan Width": 8,
              "Actual Startup Time": 85.697,
              "Actual Total Time": 85.698,
              "Actual Rows": 1,
              "Actual Loops": 5,
              "Plans": [
                {
                  "Node Type": "Nested Loop",
                  "Parent Relationship": "Outer",
                  "Parallel Aware": false,
                  "Join Type": "Inner",
                  "Startup Cost": 0.86,
                  "Total Cost": 55125.09,
                  "Plan Rows": 173,
                  "Plan Width": 0,
                  "Actual Startup Time": 1.855,
                  "Actual Total Time": 85.584,
                  "Actual Rows": 1436,
                  "Actual Loops": 5,
                  "Inner Unique": false,
                  "Join Filter": "(t.id = mc.movie_id)",
                  "Rows Removed by Join Filter": 0,
                  "Plans": [
                    {
                      "Node Type": "Nested Loop",
                      "Parent Relationship": "Outer",
                      "Parallel Aware": false,
                      "Join Type": "Inner",
                      "Startup Cost": 0.43,
                      "Total Cost": 54744.27,
                      "Plan Rows": 551,
                      "Plan Width": 8,
                      "Actual Startup Time": 1.558,
                      "Actual Total Time": 78.645,
                      "Actual Rows": 863,
                      "Actual Loops": 5,
                      "Inner Unique": false,
                      "Plans": [
                        {
                          "Node Type": "Seq Scan",
                          "Parent Relationship": "Outer",
                          "Parallel Aware": true,
                          "Relation Name": "title",
                          "Alias": "t",
                          "Startup Cost": 0.0,
                          "Total Cost": 45479.59,
                          "Plan Rows": 1521,
                          "Plan Width": 4,
                          "Actual Startup Time": 1.036,
                          "Actual Total Time": 68.893,
                          "Actual Rows": 1246,
                          "Actual Loops": 5,
                          "Filter": "((kind_id < 7) AND (production_year = 1970))",
                          "Rows Removed by Filter": 504416
                        },
                        {
                          "Node Type": "Index Scan",
                          "Parent Relationship": "Inner",
                          "Parallel Aware": false,
                          "Scan Direction": "Forward",
                          "Index Name": "movie_id_movie_info_idx",
                          "Relation Name": "movie_info_idx",
                          "Alias": "mi_idx",
                          "Startup Cost": 0.43,
                          "Total Cost": 6.07,
                          "Plan Rows": 2,
                          "Plan Width": 4,
                          "Actual Startup Time": 0.007,
                          "Actual Total Time": 0.007,
                          "Actual Rows": 1,
                          "Actual Loops": 6232,
                          "Index Cond": "(movie_id = t.id)",
                          "Rows Removed by Index Recheck": 0,
                          "Filter": "(info_type_id < 101)",
                          "Rows Removed by Filter": 0
                        }
                      ]
                    },
                    {
                      "Node Type": "Index Scan",
                      "Parent Relationship": "Inner",
                      "Parallel Aware": false,
                      "Scan Direction": "Forward",
                      "Index Name": "movie_id_movie_companies",
                      "Relation Name": "movie_companies",
                      "Alias": "mc",
                      "Startup Cost": 0.43,
                      "Total Cost": 0.67,
                      "Plan Rows": 2,
                      "Plan Width": 4,
                      "Actual Startup Time": 0.006,
                      "Actual Total Time": 0.008,
                      "Actual Rows": 2,
                      "Actual Loops": 4316,
                      "Index Cond": "(movie_id = mi_idx.movie_id)",
                      "Rows Removed by Index Recheck": 0,
                      "Filter": "((company_id < 17460) AND (company_type_id < 2))",
                      "Rows Removed by Filter": 2
                    }
                  ]
                }
              ]
            }
          ]
        }
      ]
    },
    "Planning Time": 0.686,
    "Triggers": [],
    "Execution Time": 104.095
  }
]