[
  {
    "Plan": {
      "Node Type": "Aggregate",
      "Strategy": "Plain",
      "Partial Mode": "Finalize",
      "Parallel Aware": false,
      "Startup Cost": 46339.26,
      "Total Cost": 46339.27,
      "Plan Rows": 1,
      "Plan Width": 8,
      "Actual Startup Time": 138.007,
      "Actual Total Time": 150.173,
      "Actual Rows": 1,
      "Actual Loops": 1,
      "Plans": [
        {
          "Node Type": "Gather",
          "Parent Relationship": "Outer",
          "Parallel Aware": false,
          "Startup Cost": 46338.84,
          "Total Cost": 46339.25,
          "Plan Rows": 4,
          "Plan Width": 8,
          "Actual Startup Time": 137.83,
          "Actual Total Time": 150.161,
          "Actual Rows": 5,
          "Actual Loops": 1,
          "Workers Planned": 4,
          "Workers Launched": 4,
          "Single Copy": false,
          "Plans": [
            {
              "Node Type": "Aggregate",
              "Strategy": "Plain",
              "Partial Mode": "Partial",
              "Parent Relationship": "Outer",
              "Parallel Aware": false,
              "Startup Cost": 45338.84,
              "Total Cost": 45338.85,
              "Plan Rows": 1,
              "Plan Width": 8,
              "Actual Startup Time": 131.655,
              "Actual Total Time": 131.657,
              "Actual Rows": 1,
              "Actual Loops": 5,
              "Plans": [
                {
                  "Node Type": "Seq Scan",
                  "Parent Relationship": "Outer",
                  "Parallel Aware": true,
                  "Relation Name": "title",
                  "Alias": "t",
                  "Startup Cost": 0.0,
                  "Total Cost": 43899.32,
                  "Plan Rows": 575806,
                  "Plan Width": 0,
                  "Actual Startup Time": 0.031,
                  "Actual Total Time": 105.896,
                  "Actual Rows": 458407,
                  "Actual Loops": 5,
                  "Filter": "(production_year > 1949)",
                  "Rows Removed by Filter": 47256
                }
              ]
            }
          ]
        }
      ]
    },
    "Planning Time": 0.132,
    "Triggers": [],
    "Execution Time": 150.223
  }
]