[
  {
    "Plan": {
      "Node Type": "Aggregate",
      "Strategy": "Plain",
      "Partial Mode": "Finalize",
      "Parallel Aware": false,
      "Startup Cost": 47230.31,
      "Total Cost": 47230.32,
      "Plan Rows": 1,
      "Plan Width": 8,
      "Actual Startup Time": 190.766,
      "Actual Total Time": 196.92,
      "Actual Rows": 1,
      "Actual Loops": 1,
      "Plans": [
        {
          "Node Type": "Gather",
          "Parent Relationship": "Outer",
          "Parallel Aware": false,
          "Startup Cost": 47229.99,
          "Total Cost": 47230.3,
          "Plan Rows": 3,
          "Plan Width": 8,
          "Actual Startup Time": 190.665,
          "Actual Total Time": 196.914,
          "Actual Rows": 4,
          "Actual Loops": 1,
          "Workers Planned": 3,
          "Workers Launched": 3,
          "Single Copy": false,
          "Plans": [
            {
              "Node Type": "Aggregate",
              "Strategy": "Plain",
              "Partial Mode": "Partial",
              "Parent Relationship": "Outer",
              "Parallel Aware": false,
              "Startup Cost": 46229.99,
              "Total Cost": 46230.0,
              "Plan Rows": 1,
              "Plan Width": 8,
              "Actual Startup Time": 185.136,
              "Actual Total Time": 185.137,
              "Actual Rows": 1,
              "Actual Loops": 4,
              "Plans": [
                {
                  "Node Type": "Seq Scan",
                  "Parent Relationship": "Outer",
                  "Parallel Aware": true,
                  "Relation Name": "movie_keyword",
                  "Alias": "mk",
                  "Startup Cost": 0.0,
                  "Total Cost": 42695.65,
                  "Plan Rows": 1413735,
                  "Plan Width": 0,
                  "Actual Startup Time": 0.037,
                  "Actual Total Time": 128.745,
                  "Actual Rows": 1097554,
                  "Actual Loops": 4,
                  "Filter": "(keyword_id < 75849)",
                  "Rows Removed by Filter": 33428
                }
              ]
            }
          ]
        }
      ]
    },
    "Planning Time": 0.061,
    "Triggers": [],
    "Execution Time": 196.941
  }
]