[
  {
    "Plan": {
      "Node Type": "Aggregate",
      "Strategy": "Plain",
      "Partial Mode": "Finalize",
      "Parallel Aware": false,
      "Startup Cost": 33064.21,
      "Total Cost": 33064.22,
      "Plan Rows": 1,
      "Plan Width": 8,
      "Actual Startup Time": 99.24,
      "Actual Total Time": 106.793,
      "Actual Rows": 1,
      "Actual Loops": 1,
      "Plans": [
        {
          "Node Type": "Gather",
          "Parent Relationship": "Outer",
          "Parallel Aware": false,
          "Startup Cost": 33063.9,
          "Total Cost": 33064.21,
          "Plan Rows": 3,
          "Plan Width": 8,
          "Actual Startup Time": 99.107,
          "Actual Total Time": 106.783,
          "Actual Rows": 4,
          "Actual Loops": 1,
          "Workers Planned": 3,
          "Workers Launched": 3,
          "Single Copy": false,
          "Plans": [
            {
              "Node Type": "Aggregate",
              "Strategy": "Plain",
              "Partial Mode": "Partial",
              "Parent Relationship": "Outer",
              "Parallel Aware": false,
              "Startup Cost": 32063.9,
              "Total Cost": 32063.91,
              "Plan Rows": 1,
              "Plan Width": 8,
              "Actual Startup Time": 90.407,
              "Actual Total Time": 90.408,
              "Actual Rows": 1,
              "Actual Loops": 4,
              "Plans": [
                {
                  "Node Type": "Seq Scan",
                  "Parent Relationship": "Outer",
                  "Parallel Aware": true,
                  "Relation Name": "movie_companies",
                  "Alias": "mc",
                  "Startup Cost": 0.0,
                  "Total Cost": 31414.82,
                  "Plan Rows": 259631,
                  "Plan Width": 0,
                  "Actual Startup Time": 51.15,
                  "Actual Total Time": 84.555,
                  "Actual Rows": 126302,
                  "Actual Loops": 4,
                  "Filter": "((company_id < 15652) AND (company_type_id = 2))",
                  "Rows Removed by Filter": 525981
                }
              ]
            }
          ]
        }
      ]
    },
    "Planning Time": 0.196,
    "Triggers": [],
    "Execution Time": 106.847
  }
]