[
  {
    "Plan": {
      "Node Type": "Aggregate",
      "Strategy": "Plain",
      "Partial Mode": "Finalize",
      "Parallel Aware": false,
      "Startup Cost": 172323.36,
      "Total Cost": 172323.37,
      "Plan Rows": 1,
      "Plan Width": 8,
      "Actual Startup Time": 1069.071,
      "Actual Total Time": 1126.794,
      "Actual Rows": 1,
      "Actual Loops": 1,
      "Plans": [
        {
          "Node Type": "Gather",
          "Parent Relationship": "Outer",
          "Parallel Aware": false,
          "Startup Cost": 172323.04,
          "Total Cost": 172323.35,
          "Plan Rows": 3,
          "Plan Width": 8,
          "Actual Startup Time": 1060.926,
          "Actual Total Time": 1126.783,
          "Actual Rows": 4,
          "Actual Loops": 1,
          "Workers Planned": 3,
          "Workers Launched": 3,
          "Single Copy": false,
          "Plans": [
            {
              "Node Type": "Aggregate",
              "Strategy": "Plain",
              "Partial Mode": "Partial",
              "Parent Relationship": "Outer",
              "Parallel Aware": false,
              "Startup Cost": 171323.04,
              "Total Cost": 171323.05,
              "Plan Rows": 1,
              "Plan Width": 8,
              "Actual Startup Time": 1042.044,
              "Actual Total Time": 1042.047,
              "Actual Rows": 1,
              "Actual Loops": 4,
              "Plans": [
                {
                  "Node Type": "Nested Loop",
                  "Parent Relationship": "Outer",
                  "Parallel Aware": false,
                  "Join Type": "Inner",
                  "Startup Cost": 53792.33,
                  "Total Cost": 171163.0,
                  "Plan Rows": 64015,
                  "Plan Width": 0,
                  "Actual Startup Time": 349.562,
                  "Actual Total Time": 1030.437,
                  "Actual Rows": 241397,
                  "Actual Loops": 4,
                  "Inner Unique": false,
                  "Plans": [
                    {
                      "Node Type": "Hash Join",
                      "Parent Relationship": "Outer",
                      "Parallel Aware": true,
                      "Join Type": "Inner",
                      "Startup Cost": 53791.89,
                      "Total Cost": 79066.71,
                      "Plan Rows": 54269,
                      "Plan Width": 8,
                      "Actual Startup Time": 349.413,
                      "Actual Total Time": 416.058,
                      "Actual Rows": 45606,
                      "Actual Loops": 4,
                      "Inner Unique": true,
                      "Hash Cond": "(mk.movie_id = t.id)",
                      "Plans": [
                        {
                          "Node Type": "Bitmap Heap Scan",
                          "Parent Relationship": "Outer",
                          "Parallel Aware": true,
                          "Relation Name": "movie_keyword",
                          "Alias": "mk",
                          "Startup Cost": 3572.25,
                          "Total Cost": 28704.61,
                          "Plan Rows": 54269,
                          "Plan Width": 4,
                          "Actual Startup Time": 13.867,
                          "Actual Total Time": 47.208,
                          "Actual Rows": 45606,
                          "Actual Loops": 4,
                          "Recheck Cond": "(keyword_id < 135)",
                          "Rows Removed by Index Recheck": 0,
                          "Exact Heap Blocks": 7459,
                          "Lossy Heap Blocks": 0,
                          "Plans": [
                            {
                              "Node Type": "Bitmap Index Scan",
                              "Parent Relationship": "Outer",
                              "Parallel Aware": false,
                              "Index Name": "keyword_id_movie_keyword",
                              "Startup Cost": 0.0,
                              "Total Cost": 3530.19,
                              "Plan Rows": 168234,
                              "Plan Width": 0,
                              "Actual Startup Time": 10.382,
                              "Actual Total Time": 10.383,
                              "Actual Rows": 182426,
                              "Actual Loops": 1,
                              "Index Cond": "(keyword_id < 135)"
                            }
                          ]
                        },
                        {
                          "Node Type": "Hash",
                          "Parent Relationship": "Inner",
                          "Parallel Aware": true,
                          "Startup Cost": 42318.73,
                          "Total Cost": 42318.73,
                          "Plan Rows": 632073,
                          "Plan Width": 4,
                          "Actual Startup Time": 324.396,
                          "Actual Total Time": 324.397,
                          "Actual Rows": 632078,
                          "Actual Loops": 4,
                          "Hash Buckets": 4194304,
                          "Original Hash Buckets": 4194304,
                          "Hash Batches": 1,
                          "Original Hash Batches": 1,
                          "Peak Memory Usage": 131712,
                          "Plans": [
                            {
                              "Node Type": "Seq Scan",
                              "Parent Relationship": "Outer",
                              "Parallel Aware": true,
                              "Relation Name": "title",
                              "Alias": "t",
                              "Startup Cost": 0.0,
                              "Total Cost": 42318.73,
                              "Plan Rows": 632073,
                              "Plan Width": 4,
                              "Actual Startup Time": 0.035,
                              "Actual Total Time": 95.585,
                              "Actual Rows": 632078,
                              "Actual Loops": 4
                            }
                          ]
                        }
                      ]
                    },
                    {
                      "Node Type": "Index Scan",
                      "Parent Relationship": "Inner",
                      "Parallel Aware": false,
                      "Scan Direction": "Forward",
                      "Index Name": "movie_id_movie_info",
                      "Relation Name": "movie_info",
                      "Alias": "mi",
                      "Startup Cost": 0.43,
                      "Total Cost": 1.62,
                      "Plan Rows": 8,
                      "Plan Width": 4,
                      "Actual Startup Time": 0.006,
                      "Actual Total Time": 0.013,
                      "Actual Rows": 5,
                      "Actual Loops": 182426,
                      "Index Cond": "(movie_id = t.id)",
                      "Rows Removed by Index Recheck": 0,
                      "Filter": "(info_type_id = 16)",
                      "Rows Removed by Filter": 30
                    }
                  ]
                }
              ]
            }
          ]
        }
      ]
    },
    "Planning Time": 1.378,
    "Triggers": [],
    "Execution Time": 1126.917
  }
]