[
  {
    "Plan": {
      "Node Type": "Aggregate",
      "Strategy": "Plain",
      "Partial Mode": "Finalize",
      "Parallel Aware": false,
      "Startup Cost": 63772.17,
      "Total Cost": 63772.18,
      "Plan Rows": 1,
      "Plan Width": 8,
      "Actual Startup Time": 296.243,
      "Actual Total Time": 310.528,
      "Actual Rows": 1,
      "Actual Loops": 1,
      "Plans": [
        {
          "Node Type": "Gather",
          "Parent Relationship": "Outer",
          "Parallel Aware": false,
          "Startup Cost": 63771.95,
          "Total Cost": 63772.16,
          "Plan Rows": 2,
          "Plan Width": 8,
          "Actual Startup Time": 295.147,
          "Actual Total Time": 310.521,
          "Actual Rows": 3,
          "Actual Loops": 1,
          "Workers Planned": 2,
          "Workers Launched": 2,
          "Single Copy": false,
          "Plans": [
            {
              "Node Type": "Aggregate",
              "Strategy": "Plain",
              "Partial Mode": "Partial",
              "Parent Relationship": "Outer",
              "Parallel Aware": false,
              "Startup Cost": 62771.95,
              "Total Cost": 62771.96,
              "Plan Rows": 1,
              "Plan Width": 8,
              "Actual Startup Time": 286.666,
              "Actual Total Time": 286.669,
              "Actual Rows": 1,
              "Actual Loops": 3,
              "Plans": [
                {
                  "Node Type": "Hash Join",
                  "Parent Relationship": "Outer",
                  "Parallel Aware": true,
                  "Join Type": "Inner",
                  "Startup Cost": 47254.47,
                  "Total Cost": 62449.03,
                  "Plan Rows": 129167,
                  "Plan Width": 0,
                  "Actual Startup Time": 208.315,
                  "Actual Total Time": 279.395,
                  "Actual Rows": 164552,
                  "Actual Loops": 3,
                  "Inner Unique": true,
                  "Hash Cond": "(mi_idx.movie_id = t.id)",
                  "Plans": [
                    {
                      "Node Type": "Seq Scan",
                      "Parent Relationship": "Outer",
                      "Parallel Aware": true,
                      "Relation Name": "movie_info_idx",
                      "Alias": "mi_idx",
                      "Startup Cost": 0.0,
                      "Total Cost": 13685.15,
                      "Plan Rows": 575015,
                      "Plan Width": 4,
                      "Actual Startup Time": 0.012,
                      "Actual Total Time": 36.189,
                      "Actual Rows": 460012,
                      "Actual Loops": 3
                    },
                    {
                      "Node Type": "Hash",
                      "Parent Relationship": "Inner",
                      "Parallel Aware": true,
                      "Startup Cost": 45479.59,
                      "Total Cost": 45479.59,
                      "Plan Rows": 141991,
                      "Plan Width": 4,
                      "Actual Startup Time": 168.237,
                      "Actual Total Time": 168.238,
                      "Actual Rows": 150104,
                      "Actual Loops": 3,
                      "Hash Buckets": 1048576,
                      "Original Hash Buckets": 1048576,
                      "Hash Batches": 1,
                      "Original Hash Batches": 1,
                      "Peak Memory Usage": 25888,
                      "Plans": [
                        {
                          "Node Type": "Seq Scan",
                          "Parent Relationship": "Outer",
                          "Parallel Aware": true,
                          "Relation Name": "title",
                          "Alias": "t",
                          "Startup Cost": 0.0,
                          "Total Cost": 45479.59,
                          "Plan Rows": 141991,
                          "Plan Width": 4,
                          "Actual Startup Time": 51.394,
                          "Actual Total Time": 124.408,
                          "Actual Rows": 150104,
                          "Actual Loops": 3,
                          "Filter": "((production_year > 1964) AND (kind_id = 1))",
                          "Rows Removed by Filter": 692667
                        }
                      ]
                    }
                  ]
                }
              ]
            }
          ]
        }
      ]
    },
    "Planning Time": 0.565,
    "Triggers": [],
    "Execution Time": 310.594
  }
]