[
  {
    "Plan": {
      "Node Type": "Aggregate",
      "Strategy": "Plain",
      "Partial Mode": "Finalize",
      "Parallel Aware": false,
      "Startup Cost": 44879.68,
      "Total Cost": 44879.69,
      "Plan Rows": 1,
      "Plan Width": 8,
      "Actual Startup Time": 116.416,
      "Actual Total Time": 125.975,
      "Actual Rows": 1,
      "Actual Loops": 1,
      "Plans": [
        {
          "Node Type": "Gather",
          "Parent Relationship": "Outer",
          "Parallel Aware": false,
          "Startup Cost": 44879.36,
          "Total Cost": 44879.67,
          "Plan Rows": 3,
          "Plan Width": 8,
          "Actual Startup Time": 116.292,
          "Actual Total Time": 125.962,
          "Actual Rows": 4,
          "Actual Loops": 1,
          "Workers Planned": 3,
          "Workers Launched": 3,
          "Single Copy": false,
          "Plans": [
            {
              "Node Type": "Aggregate",
              "Strategy": "Plain",
              "Partial Mode": "Partial",
              "Parent Relationship": "Outer",
              "Parallel Aware": false,
              "Startup Cost": 43879.36,
              "Total Cost": 43879.37,
              "Plan Rows": 1,
              "Plan Width": 8,
              "Actual Startup Time": 111.747,
              "Actual Total Time": 111.748,
              "Actual Rows": 1,
              "Actual Loops": 4,
              "Plans": [
                {
                  "Node Type": "Seq Scan",
                  "Parent Relationship": "Outer",
                  "Parallel Aware": true,
                  "Relation Name": "movie_keyword",
                  "Alias": "mk",
                  "Startup Cost": 0.0,
                  "Total Cost": 42695.65,
                  "Plan Rows": 473484,
                  "Plan Width": 0,
                  "Actual Startup Time": 0.556,
                  "Actual Total Time": 95.822,
                  "Actual Rows": 365180,
                  "Actual Loops": 4,
                  "Filter": "(keyword_id > 11369)",
                  "Rows Removed by Filter": 765802
                }
              ]
            }
          ]
        }
      ]
    },
    "Planning Time": 0.075,
    "Triggers": [],
    "Execution Time": 126.002
  }
]