{
    "Plan": {
        "Node Type": "Aggregate",
        "Strategy": "Plain",
        "Partial Mode": "Finalize",
        "Parallel Aware": false,
        "Startup Cost": 73093.28,
        "Total Cost": 73093.29,
        "Plan Rows": 1,
        "Plan Width": 8,
        "Actual Startup Time": 147.125,
        "Actual Total Time": 167.579,
        "Actual Rows": 1,
        "Actual Loops": 1,
        "Output": [
            "count(*)"
        ],
        "Plans": [
            {
                "Node Type": "Gather",
                "Parent Relationship": "Outer",
                "Parallel Aware": false,
                "Startup Cost": 73092.86,
                "Total Cost": 73093.27,
                "Plan Rows": 4,
                "Plan Width": 8,
                "Actual Startup Time": 146.848,
                "Actual Total Time": 167.571,
                "Actual Rows": 5,
                "Actual Loops": 1,
                "Output": [
                    "(PARTIAL count(*))"
                ],
                "Workers Planned": 4,
                "Workers Launched": 4,
                "Single Copy": false,
                "Plans": [
                    {
                        "Node Type": "Aggregate",
                        "Strategy": "Plain",
                        "Partial Mode": "Partial",
                        "Parent Relationship": "Outer",
                        "Parallel Aware": false,
                        "Startup Cost": 72092.86,
                        "Total Cost": 72092.87,
                        "Plan Rows": 1,
                        "Plan Width": 8,
                        "Actual Startup Time": 136.482,
                        "Actual Total Time": 136.484,
                        "Actual Rows": 1,
                        "Actual Loops": 5,
                        "Output": [
                            "PARTIAL count(*)"
                        ],
                        "Workers": [
                            {
                                "Worker Number": 0,
                                "Actual Startup Time": 133.935,
                                "Actual Total Time": 133.938,
                                "Actual Rows": 1,
                                "Actual Loops": 1
                            },
                            {
                                "Worker Number": 1,
                                "Actual Startup Time": 133.736,
                                "Actual Total Time": 133.738,
                                "Actual Rows": 1,
                                "Actual Loops": 1
                            },
                            {
                                "Worker Number": 2,
                                "Actual Startup Time": 134.365,
                                "Actual Total Time": 134.367,
                                "Actual Rows": 1,
                                "Actual Loops": 1
                            },
                            {
                                "Worker Number": 3,
                                "Actual Startup Time": 134.362,
                                "Actual Total Time": 134.364,
                                "Actual Rows": 1,
                                "Actual Loops": 1
                            }
                        ],
                        "Plans": [
                            {
                                "Node Type": "Nested Loop",
                                "Parent Relationship": "Outer",
                                "Parallel Aware": false,
                                "Join Type": "Inner",
                                "Startup Cost": 0.99,
                                "Total Cost": 72081.77,
                                "Plan Rows": 4438,
                                "Plan Width": 0,
                                "Actual Startup Time": 1.695,
                                "Actual Total Time": 135.889,
                                "Actual Rows": 5304,
                                "Actual Loops": 5,
                                "Inner Unique": false,
                                "Join Filter": "(t.id = ci.movie_id)",
                                "Rows Removed by Join Filter": 0,
                                "Workers": [
                                    {
                                        "Worker Number": 0,
                                        "Actual Startup Time": 2.72,
                                        "Actual Total Time": 133.347,
                                        "Actual Rows": 3376,
                                        "Actual Loops": 1
                                    },
                                    {
                                        "Worker Number": 1,
                                        "Actual Startup Time": 0.697,
                                        "Actual Total Time": 133.166,
                                        "Actual Rows": 3190,
                                        "Actual Loops": 1
                                    },
                                    {
                                        "Worker Number": 2,
                                        "Actual Startup Time": 0.767,
                                        "Actual Total Time": 133.824,
                                        "Actual Rows": 4592,
                                        "Actual Loops": 1
                                    },
                                    {
                                        "Worker Number": 3,
                                        "Actual Startup Time": 3.799,
                                        "Actual Total Time": 133.764,
                                        "Actual Rows": 3524,
                                        "Actual Loops": 1
                                    }
                                ],
                                "Plans": [
                                    {
                                        "Node Type": "Nested Loop",
                                        "Parent Relationship": "Outer",
                                        "Parallel Aware": false,
                                        "Join Type": "Inner",
                                        "Startup Cost": 0.43,
                                        "Total Cost": 69609.35,
                                        "Plan Rows": 626,
                                        "Plan Width": 8,
                                        "Actual Startup Time": 1.489,
                                        "Actual Total Time": 100.593,
                                        "Actual Rows": 471,
                                        "Actual Loops": 5,
                                        "Output": [
                                            "t.id",
                                            "mc.movie_id"
                                        ],
                                        "Inner Unique": false,
                                        "Workers": [
                                            {
                                                "Worker Number": 0,
                                                "Actual Startup Time": 2.5,
                                                "Actual Total Time": 96.008,
                                                "Actual Rows": 322,
                                                "Actual Loops": 1
                                            },
                                            {
                                                "Worker Number": 1,
                                                "Actual Startup Time": 0.418,
                                                "Actual Total Time": 94.341,
                                                "Actual Rows": 289,
                                                "Actual Loops": 1
                                            },
                                            {
                                                "Worker Number": 2,
                                                "Actual Startup Time": 0.482,
                                                "Actual Total Time": 95.087,
                                                "Actual Rows": 390,
                                                "Actual Loops": 1
                                            },
                                            {
                                                "Worker Number": 3,
                                                "Actual Startup Time": 3.597,
                                                "Actual Total Time": 95.951,
                                                "Actual Rows": 307,
                                                "Actual Loops": 1
                                            }
                                        ],
                                        "Plans": [
                                            {
                                                "Node Type": "Seq Scan",
                                                "Parent Relationship": "Outer",
                                                "Parallel Aware": true,
                                                "Relation Name": "title",
                                                "Schema": "public",
                                                "Alias": "t",
                                                "Startup Cost": 0.0,
                                                "Total Cost": 45479.21,
                                                "Plan Rows": 2368,
                                                "Plan Width": 4,
                                                "Actual Startup Time": 0.185,
                                                "Actual Total Time": 84.746,
                                                "Actual Rows": 2009,
                                                "Actual Loops": 5,
                                                "Output": [
                                                    "t.id",
                                                    "t.title",
                                                    "t.imdb_index",
                                                    "t.kind_id",
                                                    "t.production_year",
                                                    "t.imdb_id",
                                                    "t.phonetic_code",
                                                    "t.episode_of_id",
                                                    "t.season_nr",
                                                    "t.episode_nr",
                                                    "t.series_years",
                                                    "t.md5sum"
                                                ],
                                                "Filter": "((t.kind_id > 1) AND (t.production_year = 1969))",
                                                "Rows Removed by Filter": 503653,
                                                "Workers": [
                                                    {
                                                        "Worker Number": 0,
                                                        "Actual Startup Time": 0.122,
                                                        "Actual Total Time": 79.579,
                                                        "Actual Rows": 1345,
                                                        "Actual Loops": 1
                                                    },
                                                    {
                                                        "Worker Number": 1,
                                                        "Actual Startup Time": 0.185,
                                                        "Actual Total Time": 77.87,
                                                        "Actual Rows": 1249,
                                                        "Actual Loops": 1
                                                    },
                                                    {
                                                        "Worker Number": 2,
                                                        "Actual Startup Time": 0.2,
                                                        "Actual Total Time": 78.647,
                                                        "Actual Rows": 1772,
                                                        "Actual Loops": 1
                                                    },
                                                    {
                                                        "Worker Number": 3,
                                                        "Actual Startup Time": 0.249,
                                                        "Actual Total Time": 80.199,
                                                        "Actual Rows": 1317,
                                                        "Actual Loops": 1
                                                    }
                                                ]
                                            },
                                            {
                                                "Node Type": "Index Scan",
                                                "Parent Relationship": "Inner",
                                                "Parallel Aware": false,
                                                "Scan Direction": "Forward",
                                                "Index Name": "movie_id_movie_companies",
                                                "Relation Name": "movie_companies",
                                                "Schema": "public",
                                                "Alias": "mc",
                                                "Startup Cost": 0.43,
                                                "Total Cost": 10.18,
                                                "Plan Rows": 1,
                                                "Plan Width": 4,
                                                "Actual Startup Time": 0.007,
                                                "Actual Total Time": 0.007,
                                                "Actual Rows": 0,
                                                "Actual Loops": 10047,
                                                "Output": [
                                                    "mc.id",
                                                    "mc.movie_id",
                                                    "mc.company_id",
                                                    "mc.company_type_id",
                                                    "mc.note"
                                                ],
                                                "Index Cond": "(mc.movie_id = t.id)",
                                                "Rows Removed by Index Recheck": 0,
                                                "Filter": "((mc.company_id > 11255) AND (mc.company_type_id > 1))",
                                                "Rows Removed by Filter": 1,
                                                "Workers": [
                                                    {
                                                        "Worker Number": 0,
                                                        "Actual Startup Time": 0.011,
                                                        "Actual Total Time": 0.011,
                                                        "Actual Rows": 0,
                                                        "Actual Loops": 1345
                                                    },
                                                    {
                                                        "Worker Number": 1,
                                                        "Actual Startup Time": 0.012,
                                                        "Actual Total Time": 0.012,
                                                        "Actual Rows": 0,
                                                        "Actual Loops": 1249
                                                    },
                                                    {
                                                        "Worker Number": 2,
                                                        "Actual Startup Time": 0.009,
                                                        "Actual Total Time": 0.009,
                                                        "Actual Rows": 0,
                                                        "Actual Loops": 1772
                                                    },
                                                    {
                                                        "Worker Number": 3,
                                                        "Actual Startup Time": 0.011,
                                                        "Actual Total Time": 0.011,
                                                        "Actual Rows": 0,
                                                        "Actual Loops": 1317
                                                    }
                                                ]
                                            }
                                        ]
                                    },
                                    {
                                        "Node Type": "Index Scan",
                                        "Parent Relationship": "Inner",
                                        "Parallel Aware": false,
                                        "Scan Direction": "Forward",
                                        "Index Name": "movie_id_cast_info",
                                        "Relation Name": "cast_info",
                                        "Schema": "public",
                                        "Alias": "ci",
                                        "Startup Cost": 0.56,
                                        "Total Cost": 3.71,
                                        "Plan Rows": 19,
                                        "Plan Width": 4,
                                        "Actual Startup Time": 0.014,
                                        "Actual Total Time": 0.073,
                                        "Actual Rows": 11,
                                        "Actual Loops": 2354,
                                        "Output": [
                                            "ci.id",
                                            "ci.person_id",
                                            "ci.movie_id",
                                            "ci.person_role_id",
                                            "ci.note",
                                            "ci.nr_order",
                                            "ci.role_id"
                                        ],
                                        "Index Cond": "(ci.movie_id = mc.movie_id)",
                                        "Rows Removed by Index Recheck": 0,
                                        "Filter": "((ci.person_id < 2053283) AND (ci.role_id < 10))",
                                        "Rows Removed by Filter": 7,
                                        "Workers": [
                                            {
                                                "Worker Number": 0,
                                                "Actual Startup Time": 0.024,
                                                "Actual Total Time": 0.113,
                                                "Actual Rows": 10,
                                                "Actual Loops": 322
                                            },
                                            {
                                                "Worker Number": 1,
                                                "Actual Startup Time": 0.024,
                                                "Actual Total Time": 0.131,
                                                "Actual Rows": 11,
                                                "Actual Loops": 289
                                            },
                                            {
                                                "Worker Number": 2,
                                                "Actual Startup Time": 0.017,
                                                "Actual Total Time": 0.097,
                                                "Actual Rows": 12,
                                                "Actual Loops": 390
                                            },
                                            {
                                                "Worker Number": 3,
                                                "Actual Startup Time": 0.021,
                                                "Actual Total Time": 0.12,
                                                "Actual Rows": 11,
                                                "Actual Loops": 307
                                            }
                                        ]
                                    }
                                ]
                            }
                        ]
                    }
                ]
            }
        ]
    },
    "Planning Time": 1.65,
    "Triggers": [],
    "Execution Time": 167.676
}