[
  {
    "Plan": {
      "Node Type": "Aggregate",
      "Strategy": "Plain",
      "Partial Mode": "Finalize",
      "Parallel Aware": false,
      "Startup Cost": 83902.0,
      "Total Cost": 83902.01,
      "Plan Rows": 1,
      "Plan Width": 8,
      "Actual Startup Time": 598.729,
      "Actual Total Time": 617.781,
      "Actual Rows": 1,
      "Actual Loops": 1,
      "Plans": [
        {
          "Node Type": "Gather",
          "Parent Relationship": "Outer",
          "Parallel Aware": false,
          "Startup Cost": 83901.68,
          "Total Cost": 83901.99,
          "Plan Rows": 3,
          "Plan Width": 8,
          "Actual Startup Time": 587.32,
          "Actual Total Time": 617.772,
          "Actual Rows": 4,
          "Actual Loops": 1,
          "Workers Planned": 3,
          "Workers Launched": 3,
          "Single Copy": false,
          "Plans": [
            {
              "Node Type": "Aggregate",
              "Strategy": "Plain",
              "Partial Mode": "Partial",
              "Parent Relationship": "Outer",
              "Parallel Aware": false,
              "Startup Cost": 82901.68,
              "Total Cost": 82901.69,
              "Plan Rows": 1,
              "Plan Width": 8,
              "Actual Startup Time": 568.915,
              "Actual Total Time": 568.919,
              "Actual Rows": 1,
              "Actual Loops": 4,
              "Plans": [
                {
                  "Node Type": "Hash Join",
                  "Parent Relationship": "Outer",
                  "Parallel Aware": true,
                  "Join Type": "Inner",
                  "Startup Cost": 50220.38,
                  "Total Cost": 82283.88,
                  "Plan Rows": 247118,
                  "Plan Width": 0,
                  "Actual Startup Time": 391.959,
                  "Actual Total Time": 556.966,
                  "Actual Rows": 267598,
                  "Actual Loops": 4,
                  "Inner Unique": true,
                  "Hash Cond": "(mc.movie_id = t.id)",
                  "Plans": [
                    {
                      "Node Type": "Seq Scan",
                      "Parent Relationship": "Outer",
                      "Parallel Aware": true,
                      "Relation Name": "movie_companies",
                      "Alias": "mc",
                      "Startup Cost": 0.0,
                      "Total Cost": 31414.82,
                      "Plan Rows": 247118,
                      "Plan Width": 4,
                      "Actual Startup Time": 0.014,
                      "Actual Total Time": 71.288,
                      "Actual Rows": 267598,
                      "Actual Loops": 4,
                      "Filter": "((company_id < 15365) AND (company_type_id < 2))",
                      "Rows Removed by Filter": 384684
                    },
                    {
                      "Node Type": "Hash",
                      "Parent Relationship": "Inner",
                      "Parallel Aware": true,
                      "Startup Cost": 42319.06,
                      "Total Cost": 42319.06,
                      "Plan Rows": 632106,
                      "Plan Width": 4,
                      "Actual Startup Time": 381.307,
                      "Actual Total Time": 381.308,
                      "Actual Rows": 632078,
                      "Actual Loops": 4,
                      "Hash Buckets": 4194304,
                      "Original Hash Buckets": 4194304,
                      "Hash Batches": 1,
                      "Original Hash Batches": 1,
                      "Peak Memory Usage": 131744,
                      "Plans": [
                        {
                          "Node Type": "Seq Scan",
                          "Parent Relationship": "Outer",
                          "Parallel Aware": true,
                          "Relation Name": "title",
                          "Alias": "t",
                          "Startup Cost": 0.0,
                          "Total Cost": 42319.06,
                          "Plan Rows": 632106,
                          "Plan Width": 4,
                          "Actual Startup Time": 0.049,
                          "Actual Total Time": 110.498,
                          "Actual Rows": 632078,
                          "Actual Loops": 4
                        }
                      ]
                    }
                  ]
                }
              ]
            }
          ]
        }
      ]
    },
    "Planning Time": 0.533,
    "Triggers": [],
    "Execution Time": 617.827
  }
]