{
  "Plan": {
    "Node Type": "Aggregate",
    "Strategy": "Plain",
    "Partial Mode": "Finalize",
    "Parallel Aware": false,
    "Startup Cost": 673761.71,
    "Total Cost": 673761.72,
    "Plan Rows": 1,
    "Plan Width": 64,
    "Actual Startup Time": 16780.283,
    "Actual Total Time": 16789.882,
    "Actual Rows": 1,
    "Actual Loops": 1,
    "Plans": [
      {
        "Node Type": "Gather",
        "Parent Relationship": "Outer",
        "Parallel Aware": false,
        "Startup Cost": 673761.6,
        "Total Cost": 673761.71,
        "Plan Rows": 1,
        "Plan Width": 64,
        "Actual Startup Time": 16780.273,
        "Actual Total Time": 16789.871,
        "Actual Rows": 1,
        "Actual Loops": 1,
        "Workers Planned": 1,
        "Workers Launched": 0,
        "Single Copy": false,
        "Plans": [
          {
            "Node Type": "Aggregate",
            "Strategy": "Plain",
            "Partial Mode": "Partial",
            "Parent Relationship": "Outer",
            "Parallel Aware": false,
            "Startup Cost": 672761.6,
            "Total Cost": 672761.61,
            "Plan Rows": 1,
            "Plan Width": 64,
            "Actual Startup Time": 16778.931,
            "Actual Total Time": 16778.958,
            "Actual Rows": 1,
            "Actual Loops": 1,
            "Plans": [
              {
                "Node Type": "Nested Loop",
                "Parent Relationship": "Outer",
                "Parallel Aware": false,
                "Join Type": "Inner",
                "Startup Cost": 369365.86,
                "Total Cost": 672753.94,
                "Plan Rows": 1531,
                "Plan Width": 32,
                "Actual Startup Time": 3430.439,
                "Actual Total Time": 16429.784,
                "Actual Rows": 2677879,
                "Actual Loops": 1,
                "Inner Unique": true,
                "Plans": [
                  {
                    "Node Type": "Nested Loop",
                    "Parent Relationship": "Outer",
                    "Parallel Aware": false,
                    "Join Type": "Inner",
                    "Startup Cost": 369365.43,
                    "Total Cost": 669199.87,
                    "Plan Rows": 6696,
                    "Plan Width": 25,
                    "Actual Startup Time": 3430.4,
                    "Actual Total Time": 12767.047,
                    "Actual Rows": 2679000,
                    "Actual Loops": 1,
                    "Inner Unique": true,
                    "Plans": [
                      {
                        "Node Type": "Hash Join",
                        "Parent Relationship": "Outer",
                        "Parallel Aware": false,
                        "Join Type": "Inner",
                        "Startup Cost": 369365.0,
                        "Total Cost": 665838.06,
                        "Plan Rows": 6696,
                        "Plan Width": 29,
                        "Actual Startup Time": 3430.373,
                        "Actual Total Time": 9086.315,
                        "Actual Rows": 2771557,
                        "Actual Loops": 1,
                        "Inner Unique": true,
                        "Hash Cond": "(mi.info_type_id = it.id)",
                        "Plans": [
                          {
                            "Node Type": "Nested Loop",
                            "Parent Relationship": "Outer",
                            "Parallel Aware": false,
                            "Join Type": "Inner",
                            "Startup Cost": 369362.58,
                            "Total Cost": 663774.9,
                            "Plan Rows": 756662,
                            "Plan Width": 33,
                            "Actual Startup Time": 3430.291,
                            "Actual Total Time": 8007.618,
                            "Actual Rows": 14387240,
                            "Actual Loops": 1,
                            "Inner Unique": false,
                            "Plans": [
                              {
                                "Node Type": "Hash Join",
                                "Parent Relationship": "Outer",
                                "Parallel Aware": true,
                                "Join Type": "Inner",
                                "Startup Cost": 369362.14,
                                "Total Cost": 426704.75,
                                "Plan Rows": 128917,
                                "Plan Width": 41,
                                "Actual Startup Time": 3430.24,
                                "Actual Total Time": 4074.859,
                                "Actual Rows": 205534,
                                "Actual Loops": 1,
                                "Inner Unique": false,
                                "Hash Cond": "(t.id = mc.movie_id)",
                                "Plans": [
                                  {
                                    "Node Type": "Seq Scan",
                                    "Parent Relationship": "Outer",
                                    "Parallel Aware": true,
                                    "Relation Name": "title",
                                    "Alias": "t",
                                    "Startup Cost": 0.0,
                                    "Total Cost": 54587.68,
                                    "Plan Rows": 532425,
                                    "Plan Width": 21,
                                    "Actual Startup Time": 0.024,
                                    "Actual Total Time": 277.025,
                                    "Actual Rows": 904491,
                                    "Actual Loops": 1,
                                    "Filter": "(production_year > 2006)",
                                    "Rows Removed by Filter": 1623821
                                  },
                                  {
                                    "Node Type": "Hash",
                                    "Parent Relationship": "Inner",
                                    "Parallel Aware": true,
                                    "Startup Cost": 364860.99,
                                    "Total Cost": 364860.99,
                                    "Plan Rows": 360092,
                                    "Plan Width": 20,
                                    "Actual Startup Time": 3410.845,
                                    "Actual Total Time": 3410.862,
                                    "Actual Rows": 936503,
                                    "Actual Loops": 1,
                                    "Hash Buckets": 1048576,
                                    "Original Hash Buckets": 1048576,
                                    "Hash Batches": 1,
                                    "Original Hash Batches": 1,
                                    "Peak Memory Usage": 59200,
                                    "Plans": [
                                      {
                                        "Node Type": "Merge Join",
                                        "Parent Relationship": "Outer",
                                        "Parallel Aware": false,
                                        "Join Type": "Inner",
                                        "Startup Cost": 355870.28,
                                        "Total Cost": 364860.99,
                                        "Plan Rows": 360092,
                                        "Plan Width": 20,
                                        "Actual Startup Time": 2837.322,
                                        "Actual Total Time": 3213.558,
                                        "Actual Rows": 936503,
                                        "Actual Loops": 1,
                                        "Inner Unique": true,
                                        "Merge Cond": "(mc.company_id = cn.id)",
                                        "Plans": [
                                          {
                                            "Node Type": "Sort",
                                            "Parent Relationship": "Outer",
                                            "Parallel Aware": false,
                                            "Startup Cost": 342957.61,
                                            "Total Cost": 345439.65,
                                            "Plan Rows": 992814,
                                            "Plan Width": 24,
                                            "Actual Startup Time": 2794.699,
                                            "Actual Total Time": 2956.743,
                                            "Actual Rows": 1777611,
                                            "Actual Loops": 1,
                                            "Sort Key": [
                                              "mc.company_id"
                                            ],
                                            "Sort Method": "quicksort",
                                            "Sort Space Used": 188028,
                                            "Sort Space Type": "Memory",
                                            "Plans": [
                                              {
                                                "Node Type": "Hash Join",
                                                "Parent Relationship": "Outer",
                                                "Parallel Aware": false,
                                                "Join Type": "Inner",
                                                "Startup Cost": 182735.3,
                                                "Total Cost": 244067.56,
                                                "Plan Rows": 992814,
                                                "Plan Width": 24,
                                                "Actual Startup Time": 1554.119,
                                                "Actual Total Time": 2451.872,
                                                "Actual Rows": 1777611,
                                                "Actual Loops": 1,
                                                "Inner Unique": false,
                                                "Hash Cond": "(mc.movie_id = ci.movie_id)",
                                                "Plans": [
                                                  {
                                                    "Node Type": "Seq Scan",
                                                    "Parent Relationship": "Outer",
                                                    "Parallel Aware": true,
                                                    "Relation Name": "movie_companies",
                                                    "Alias": "mc",
                                                    "Startup Cost": 0.0,
                                                    "Total Cost": 34137.82,
                                                    "Plan Rows": 1534782,
                                                    "Plan Width": 8,
                                                    "Actual Startup Time": 0.014,
                                                    "Actual Total Time": 197.13,
                                                    "Actual Rows": 2609129,
                                                    "Actual Loops": 1
                                                  },
                                                  {
                                                    "Node Type": "Hash",
                                                    "Parent Relationship": "Inner",
                                                    "Parallel Aware": false,
                                                    "Startup Cost": 174192.45,
                                                    "Total Cost": 174192.45,
                                                    "Plan Rows": 683428,
                                                    "Plan Width": 16,
                                                    "Actual Startup Time": 1550.738,
                                                    "Actual Total Time": 1550.742,
                                                    "Actual Rows": 581234,
                                                    "Actual Loops": 1,
                                                    "Hash Buckets": 1048576,
                                                    "Original Hash Buckets": 1048576,
                                                    "Hash Batches": 1,
                                                    "Original Hash Batches": 1,
                                                    "Peak Memory Usage": 35326,
                                                    "Plans": [
                                                      {
                                                        "Node Type": "Hash Join",
                                                        "Parent Relationship": "Outer",
                                                        "Parallel Aware": false,
                                                        "Join Type": "Inner",
                                                        "Startup Cost": 31676.78,
                                                        "Total Cost": 174192.45,
                                                        "Plan Rows": 683428,
                                                        "Plan Width": 16,
                                                        "Actual Startup Time": 297.28,
                                                        "Actual Total Time": 1445.133,
                                                        "Actual Rows": 581234,
                                                        "Actual Loops": 1,
                                                        "Inner Unique": false,
                                                        "Hash Cond": "(ci.person_id = an.person_id)",
                                                        "Plans": [
                                                          {
                                                            "Node Type": "Nested Loop",
                                                            "Parent Relationship": "Outer",
                                                            "Parallel Aware": false,
                                                            "Join Type": "Inner",
                                                            "Startup Cost": 0.56,
                                                            "Total Cost": 134224.75,
                                                            "Plan Rows": 291442,
                                                            "Plan Width": 12,
                                                            "Actual Startup Time": 0.089,
                                                            "Actual Total Time": 1018.899,
                                                            "Actual Rows": 390499,
                                                            "Actual Loops": 1,
                                                            "Inner Unique": false,
                                                            "Plans": [
                                                              {
                                                                "Node Type": "Seq Scan",
                                                                "Parent Relationship": "Outer",
                                                                "Parallel Aware": false,
                                                                "Relation Name": "role_type",
                                                                "Alias": "rt",
                                                                "Startup Cost": 0.0,
                                                                "Total Cost": 1.15,
                                                                "Plan Rows": 1,
                                                                "Plan Width": 4,
                                                                "Actual Startup Time": 0.023,
                                                                "Actual Total Time": 0.028,
                                                                "Actual Rows": 1,
                                                                "Actual Loops": 1,
                                                                "Filter": "((role)::text = 'actress'::text)",
                                                                "Rows Removed by Filter": 11
                                                              },
                                                              {
                                                                "Node Type": "Index Scan",
                                                                "Parent Relationship": "Inner",
                                                                "Parallel Aware": false,
                                                                "Scan Direction": "Forward",
                                                                "Index Name": "role_id_cast_info",
                                                                "Relation Name": "cast_info",
                                                                "Alias": "ci",
                                                                "Startup Cost": 0.56,
                                                                "Total Cost": 131044.24,
                                                                "Plan Rows": 317936,
                                                                "Plan Width": 16,
                                                                "Actual Startup Time": 0.057,
                                                                "Actual Total Time": 988.913,
                                                                "Actual Rows": 390499,
                                                                "Actual Loops": 1,
                                                                "Index Cond": "(role_id = rt.id)",
                                                                "Rows Removed by Index Recheck": 0,
                                                                "Filter": "(note = ANY ('{(producer),(voice),(writer),(uncredited)}'::text[]))",
                                                                "Rows Removed by Filter": 7061474
                                                              }
                                                            ]
                                                          },
                                                          {
                                                            "Node Type": "Hash",
                                                            "Parent Relationship": "Inner",
                                                            "Parallel Aware": false,
                                                            "Startup Cost": 20409.43,
                                                            "Total Cost": 20409.43,
                                                            "Plan Rows": 901343,
                                                            "Plan Width": 4,
                                                            "Actual Startup Time": 293.262,
                                                            "Actual Total Time": 293.263,
                                                            "Actual Rows": 901343,
                                                            "Actual Loops": 1,
                                                            "Hash Buckets": 1048576,
                                                            "Original Hash Buckets": 1048576,
                                                            "Hash Batches": 1,
                                                            "Original Hash Batches": 1,
                                                            "Peak Memory Usage": 39880,
                                                            "Plans": [
                                                              {
                                                                "Node Type": "Seq Scan",
                                                                "Parent Relationship": "Outer",
                                                                "Parallel Aware": false,
                                                                "Relation Name": "aka_name",
                                                                "Alias": "an",
                                                                "Startup Cost": 0.0,
                                                                "Total Cost": 20409.43,
                                                                "Plan Rows": 901343,
                                                                "Plan Width": 4,
                                                                "Actual Startup Time": 0.031,
                                                                "Actual Total Time": 116.915,
                                                                "Actual Rows": 901343,
                                                                "Actual Loops": 1
                                                              }
                                                            ]
                                                          }
                                                        ]
                                                      }
                                                    ]
                                                  }
                                                ]
                                              }
                                            ]
                                          },
                                          {
                                            "Node Type": "Sort",
                                            "Parent Relationship": "Inner",
                                            "Parallel Aware": false,
                                            "Startup Cost": 12912.67,
                                            "Total Cost": 13125.75,
                                            "Plan Rows": 85233,
                                            "Plan Width": 4,
                                            "Actual Startup Time": 42.609,
                                            "Actual Total Time": 57.214,
                                            "Actual Rows": 84843,
                                            "Actual Loops": 1,
                                            "Sort Key": [
                                              "cn.id"
                                            ],
                                            "Sort Method": "quicksort",
                                            "Sort Space Used": 7050,
                                            "Sort Space Type": "Memory",
                                            "Plans": [
                                              {
                                                "Node Type": "Seq Scan",
                                                "Parent Relationship": "Outer",
                                                "Parallel Aware": false,
                                                "Relation Name": "company_name",
                                                "Alias": "cn",
                                                "Startup Cost": 0.0,
                                                "Total Cost": 5932.46,
                                                "Plan Rows": 85233,
                                                "Plan Width": 4,
                                                "Actual Startup Time": 0.03,
                                                "Actual Total Time": 25.823,
                                                "Actual Rows": 84843,
                                                "Actual Loops": 1,
                                                "Filter": "((country_code)::text = '[us]'::text)",
                                                "Rows Removed by Filter": 150154
                                              }
                                            ]
                                          }
                                        ]
                                      }
                                    ]
                                  }
                                ]
                              },
                              {
                                "Node Type": "Index Scan",
                                "Parent Relationship": "Inner",
                                "Parallel Aware": false,
                                "Scan Direction": "Forward",
                                "Index Name": "movie_id_movie_info",
                                "Relation Name": "movie_info",
                                "Alias": "mi",
                                "Startup Cost": 0.43,
                                "Total Cost": 1.45,
                                "Plan Rows": 39,
                                "Plan Width": 8,
                                "Actual Startup Time": 0.002,
                                "Actual Total Time": 0.012,
                                "Actual Rows": 70,
                                "Actual Loops": 205534,
                                "Index Cond": "(movie_id = mc.movie_id)",
                                "Rows Removed by Index Recheck": 0
                              }
                            ]
                          },
                          {
                            "Node Type": "Hash",
                            "Parent Relationship": "Inner",
                            "Parallel Aware": false,
                            "Startup Cost": 2.41,
                            "Total Cost": 2.41,
                            "Plan Rows": 1,
                            "Plan Width": 4,
                            "Actual Startup Time": 0.063,
                            "Actual Total Time": 0.064,
                            "Actual Rows": 1,
                            "Actual Loops": 1,
                            "Hash Buckets": 1024,
                            "Original Hash Buckets": 1024,
                            "Hash Batches": 1,
                            "Original Hash Batches": 1,
                            "Peak Memory Usage": 9,
                            "Plans": [
                              {
                                "Node Type": "Seq Scan",
                                "Parent Relationship": "Outer",
                                "Parallel Aware": false,
                                "Relation Name": "info_type",
                                "Alias": "it",
                                "Startup Cost": 0.0,
                                "Total Cost": 2.41,
                                "Plan Rows": 1,
                                "Plan Width": 4,
                                "Actual Startup Time": 0.036,
                                "Actual Total Time": 0.055,
                                "Actual Rows": 1,
                                "Actual Loops": 1,
                                "Filter": "((info)::text = 'release dates'::text)",
                                "Rows Removed by Filter": 112
                              }
                            ]
                          }
                        ]
                      },
                      {
                        "Node Type": "Index Only Scan",
                        "Parent Relationship": "Inner",
                        "Parallel Aware": false,
                        "Scan Direction": "Forward",
                        "Index Name": "char_name_pkey",
                        "Relation Name": "char_name",
                        "Alias": "chn",
                        "Startup Cost": 0.43,
                        "Total Cost": 0.5,
                        "Plan Rows": 1,
                        "Plan Width": 4,
                        "Actual Startup Time": 0.001,
                        "Actual Total Time": 0.001,
                        "Actual Rows": 1,
                        "Actual Loops": 2771557,
                        "Index Cond": "(id = ci.person_role_id)",
                        "Rows Removed by Index Recheck": 0,
                        "Heap Fetches": 2679000
                      }
                    ]
                  },
                  {
                    "Node Type": "Index Scan",
                    "Parent Relationship": "Inner",
                    "Parallel Aware": false,
                    "Scan Direction": "Forward",
                    "Index Name": "name_pkey",
                    "Relation Name": "name",
                    "Alias": "n",
                    "Startup Cost": 0.43,
                    "Total Cost": 0.53,
                    "Plan Rows": 1,
                    "Plan Width": 19,
                    "Actual Startup Time": 0.001,
                    "Actual Total Time": 0.001,
                    "Actual Rows": 1,
                    "Actual Loops": 2679000,
                    "Index Cond": "(id = ci.person_id)",
                    "Rows Removed by Index Recheck": 0,
                    "Filter": "((gender)::text = 'f'::text)",
                    "Rows Removed by Filter": 0
                  }
                ]
              }
            ]
          }
        ]
      }
    ]
  },
  "Planning Time": 3.176,
  "Triggers": [],
  "Execution Time": 16790.89
}