[
  {
    "Plan": {
      "Node Type": "Aggregate",
      "Strategy": "Plain",
      "Partial Mode": "Finalize",
      "Parallel Aware": false,
      "Startup Cost": 47082.34,
      "Total Cost": 47082.35,
      "Plan Rows": 1,
      "Plan Width": 8,
      "Actual Startup Time": 178.211,
      "Actual Total Time": 187.45,
      "Actual Rows": 1,
      "Actual Loops": 1,
      "Plans": [
        {
          "Node Type": "Gather",
          "Parent Relationship": "Outer",
          "Parallel Aware": false,
          "Startup Cost": 47082.02,
          "Total Cost": 47082.33,
          "Plan Rows": 3,
          "Plan Width": 8,
          "Actual Startup Time": 178.076,
          "Actual Total Time": 187.441,
          "Actual Rows": 4,
          "Actual Loops": 1,
          "Workers Planned": 3,
          "Workers Launched": 3,
          "Single Copy": false,
          "Plans": [
            {
              "Node Type": "Aggregate",
              "Strategy": "Plain",
              "Partial Mode": "Partial",
              "Parent Relationship": "Outer",
              "Parallel Aware": false,
              "Startup Cost": 46082.02,
              "Total Cost": 46082.03,
              "Plan Rows": 1,
              "Plan Width": 8,
              "Actual Startup Time": 169.39,
              "Actual Total Time": 169.391,
              "Actual Rows": 1,
              "Actual Loops": 4,
              "Plans": [
                {
                  "Node Type": "Seq Scan",
                  "Parent Relationship": "Outer",
                  "Parallel Aware": true,
                  "Relation Name": "movie_keyword",
                  "Alias": "mk",
                  "Startup Cost": 0.0,
                  "Total Cost": 42695.65,
                  "Plan Rows": 1354547,
                  "Plan Width": 0,
                  "Actual Startup Time": 0.075,
                  "Actual Total Time": 123.281,
                  "Actual Rows": 1045838,
                  "Actual Loops": 4,
                  "Filter": "(keyword_id > 282)",
                  "Rows Removed by Filter": 85144
                }
              ]
            }
          ]
        }
      ]
    },
    "Planning Time": 0.161,
    "Triggers": [],
    "Execution Time": 187.501
  }
]