[
  {
    "Plan": {
      "Node Type": "Aggregate",
      "Strategy": "Plain",
      "Partial Mode": "Finalize",
      "Parallel Aware": false,
      "Startup Cost": 150455.66,
      "Total Cost": 150455.67,
      "Plan Rows": 1,
      "Plan Width": 8,
      "Actual Startup Time": 1199.69,
      "Actual Total Time": 1258.674,
      "Actual Rows": 1,
      "Actual Loops": 1,
      "Plans": [
        {
          "Node Type": "Gather",
          "Parent Relationship": "Outer",
          "Parallel Aware": false,
          "Startup Cost": 150455.34,
          "Total Cost": 150455.65,
          "Plan Rows": 3,
          "Plan Width": 8,
          "Actual Startup Time": 1194.917,
          "Actual Total Time": 1258.664,
          "Actual Rows": 4,
          "Actual Loops": 1,
          "Workers Planned": 3,
          "Workers Launched": 3,
          "Single Copy": false,
          "Plans": [
            {
              "Node Type": "Aggregate",
              "Strategy": "Plain",
              "Partial Mode": "Partial",
              "Parent Relationship": "Outer",
              "Parallel Aware": false,
              "Startup Cost": 149455.34,
              "Total Cost": 149455.35,
              "Plan Rows": 1,
              "Plan Width": 8,
              "Actual Startup Time": 1185.336,
              "Actual Total Time": 1185.34,
              "Actual Rows": 1,
              "Actual Loops": 4,
              "Plans": [
                {
                  "Node Type": "Nested Loop",
                  "Parent Relationship": "Outer",
                  "Parallel Aware": false,
                  "Join Type": "Inner",
                  "Startup Cost": 52367.51,
                  "Total Cost": 149360.93,
                  "Plan Rows": 37765,
                  "Plan Width": 0,
                  "Actual Startup Time": 218.432,
                  "Actual Total Time": 1166.327,
                  "Actual Rows": 372182,
                  "Actual Loops": 4,
                  "Inner Unique": false,
                  "Plans": [
                    {
                      "Node Type": "Hash Join",
                      "Parent Relationship": "Outer",
                      "Parallel Aware": true,
                      "Join Type": "Inner",
                      "Startup Cost": 52367.07,
                      "Total Cost": 78055.94,
                      "Plan Rows": 32015,
                      "Plan Width": 8,
                      "Actual Startup Time": 218.276,
                      "Actual Total Time": 298.749,
                      "Actual Rows": 55417,
                      "Actual Loops": 4,
                      "Inner Unique": true,
                      "Hash Cond": "(mk.movie_id = t.id)",
                      "Plans": [
                        {
                          "Node Type": "Bitmap Heap Scan",
                          "Parent Relationship": "Outer",
                          "Parallel Aware": true,
                          "Relation Name": "movie_keyword",
                          "Alias": "mk",
                          "Startup Cost": 5369.94,
                          "Total Cost": 30844.5,
                          "Plan Rows": 81645,
                          "Plan Width": 4,
                          "Actual Startup Time": 18.39,
                          "Actual Total Time": 59.934,
                          "Actual Rows": 65233,
                          "Actual Loops": 4,
                          "Recheck Cond": "(keyword_id < 229)",
                          "Rows Removed by Index Recheck": 0,
                          "Exact Heap Blocks": 7983,
                          "Lossy Heap Blocks": 0,
                          "Plans": [
                            {
                              "Node Type": "Bitmap Index Scan",
                              "Parent Relationship": "Outer",
                              "Parallel Aware": false,
                              "Index Name": "keyword_id_movie_keyword",
                              "Startup Cost": 0.0,
                              "Total Cost": 5306.67,
                              "Plan Rows": 253098,
                              "Plan Width": 0,
                              "Actual Startup Time": 14.718,
                              "Actual Total Time": 14.719,
                              "Actual Rows": 260933,
                              "Actual Loops": 1,
                              "Index Cond": "(keyword_id < 229)"
                            }
                          ]
                        },
                        {
                          "Node Type": "Hash",
                          "Parent Relationship": "Inner",
                          "Parallel Aware": true,
                          "Startup Cost": 43898.92,
                          "Total Cost": 43898.92,
                          "Plan Rows": 247857,
                          "Plan Width": 4,
                          "Actual Startup Time": 194.855,
                          "Actual Total Time": 194.855,
                          "Actual Rows": 246262,
                          "Actual Loops": 4,
                          "Hash Buckets": 1048576,
                          "Original Hash Buckets": 1048576,
                          "Hash Batches": 1,
                          "Original Hash Batches": 1,
                          "Peak Memory Usage": 46752,
                          "Plans": [
                            {
                              "Node Type": "Seq Scan",
                              "Parent Relationship": "Outer",
                              "Parallel Aware": true,
                              "Relation Name": "title",
                              "Alias": "t",
                              "Startup Cost": 0.0,
                              "Total Cost": 43898.92,
                              "Plan Rows": 247857,
                              "Plan Width": 4,
                              "Actual Startup Time": 0.043,
                              "Actual Total Time": 105.492,
                              "Actual Rows": 246262,
                              "Actual Loops": 4,
                              "Filter": "(kind_id < 7)",
                              "Rows Removed by Filter": 385816
                            }
                          ]
                        }
                      ]
                    },
                    {
                      "Node Type": "Index Scan",
                      "Parent Relationship": "Inner",
                      "Parallel Aware": false,
                      "Scan Direction": "Forward",
                      "Index Name": "movie_id_movie_info",
                      "Relation Name": "movie_info",
                      "Alias": "mi",
                      "Startup Cost": 0.43,
                      "Total Cost": 2.15,
                      "Plan Rows": 8,
                      "Plan Width": 4,
                      "Actual Startup Time": 0.007,
                      "Actual Total Time": 0.015,
                      "Actual Rows": 7,
                      "Actual Loops": 221669,
                      "Index Cond": "(movie_id = t.id)",
                      "Rows Removed by Index Recheck": 0,
                      "Filter": "(info_type_id = 16)",
                      "Rows Removed by Filter": 38
                    }
                  ]
                }
              ]
            }
          ]
        }
      ]
    },
    "Planning Time": 1.444,
    "Triggers": [],
    "Execution Time": 1258.829
  }
]