{
  "Plan": {
    "Node Type": "Aggregate",
    "Strategy": "Plain",
    "Partial Mode": "Finalize",
    "Parallel Aware": false,
    "Startup Cost": 655527.9,
    "Total Cost": 655527.91,
    "Plan Rows": 1,
    "Plan Width": 8,
    "Actual Startup Time": 4603.572,
    "Actual Total Time": 4672.316,
    "Actual Rows": 1,
    "Actual Loops": 1,
    "Plans": [
      {
        "Node Type": "Gather",
        "Parent Relationship": "Outer",
        "Parallel Aware": false,
        "Startup Cost": 655527.79,
        "Total Cost": 655527.9,
        "Plan Rows": 1,
        "Plan Width": 8,
        "Actual Startup Time": 4601.679,
        "Actual Total Time": 4672.308,
        "Actual Rows": 2,
        "Actual Loops": 1,
        "Workers Planned": 1,
        "Workers Launched": 1,
        "Single Copy": false,
        "Plans": [
          {
            "Node Type": "Aggregate",
            "Strategy": "Plain",
            "Partial Mode": "Partial",
            "Parent Relationship": "Outer",
            "Parallel Aware": false,
            "Startup Cost": 654527.79,
            "Total Cost": 654527.8,
            "Plan Rows": 1,
            "Plan Width": 8,
            "Actual Startup Time": 4595.616,
            "Actual Total Time": 4595.621,
            "Actual Rows": 1,
            "Actual Loops": 2,
            "Plans": [
              {
                "Node Type": "Hash Join",
                "Parent Relationship": "Outer",
                "Parallel Aware": true,
                "Join Type": "Inner",
                "Startup Cost": 85125.33,
                "Total Cost": 647460.93,
                "Plan Rows": 2826741,
                "Plan Width": 0,
                "Actual Startup Time": 499.513,
                "Actual Total Time": 4440.236,
                "Actual Rows": 3711870,
                "Actual Loops": 2,
                "Inner Unique": false,
                "Hash Cond": "(ci.movie_id = t.id)",
                "Plans": [
                  {
                    "Node Type": "Seq Scan",
                    "Parent Relationship": "Outer",
                    "Parallel Aware": true,
                    "Relation Name": "cast_info",
                    "Alias": "ci",
                    "Startup Cost": 0.0,
                    "Total Cost": 465792.95,
                    "Plan Rows": 21310595,
                    "Plan Width": 4,
                    "Actual Startup Time": 0.031,
                    "Actual Total Time": 1320.635,
                    "Actual Rows": 18122172,
                    "Actual Loops": 2
                  },
                  {
                    "Node Type": "Hash",
                    "Parent Relationship": "Inner",
                    "Parallel Aware": true,
                    "Startup Cost": 82659.4,
                    "Total Cost": 82659.4,
                    "Plan Rows": 197274,
                    "Plan Width": 8,
                    "Actual Startup Time": 493.538,
                    "Actual Total Time": 493.541,
                    "Actual Rows": 125022,
                    "Actual Loops": 2,
                    "Hash Buckets": 524288,
                    "Original Hash Buckets": 524288,
                    "Hash Batches": 1,
                    "Original Hash Batches": 1,
                    "Peak Memory Usage": 13920,
                    "Plans": [
                      {
                        "Node Type": "Hash Join",
                        "Parent Relationship": "Outer",
                        "Parallel Aware": true,
                        "Join Type": "Inner",
                        "Startup Cost": 21425.18,
                        "Total Cost": 82659.4,
                        "Plan Rows": 197274,
                        "Plan Width": 8,
                        "Actual Startup Time": 122.596,
                        "Actual Total Time": 457.057,
                        "Actual Rows": 125022,
                        "Actual Loops": 2,
                        "Inner Unique": false,
                        "Hash Cond": "(t.id = mi_idx.movie_id)",
                        "Plans": [
                          {
                            "Node Type": "Seq Scan",
                            "Parent Relationship": "Outer",
                            "Parallel Aware": true,
                            "Relation Name": "title",
                            "Alias": "t",
                            "Startup Cost": 0.0,
                            "Total Cost": 54588.39,
                            "Plan Rows": 1097081,
                            "Plan Width": 4,
                            "Actual Startup Time": 0.009,
                            "Actual Total Time": 143.963,
                            "Actual Rows": 932744,
                            "Actual Loops": 2,
                            "Filter": "(kind_id > 1)",
                            "Rows Removed by Filter": 331412
                          },
                          {
                            "Node Type": "Hash",
                            "Parent Relationship": "Inner",
                            "Parallel Aware": true,
                            "Startup Cost": 18082.32,
                            "Total Cost": 18082.32,
                            "Plan Rows": 267429,
                            "Plan Width": 4,
                            "Actual Startup Time": 119.108,
                            "Actual Total Time": 119.109,
                            "Actual Rows": 229962,
                            "Actual Loops": 2,
                            "Hash Buckets": 524288,
                            "Original Hash Buckets": 524288,
                            "Hash Batches": 1,
                            "Original Hash Batches": 1,
                            "Peak Memory Usage": 22112,
                            "Plans": [
                              {
                                "Node Type": "Seq Scan",
                                "Parent Relationship": "Outer",
                                "Parallel Aware": true,
                                "Relation Name": "movie_info_idx",
                                "Alias": "mi_idx",
                                "Startup Cost": 0.0,
                                "Total Cost": 18082.32,
                                "Plan Rows": 267429,
                                "Plan Width": 4,
                                "Actual Startup Time": 0.053,
                                "Actual Total Time": 65.276,
                                "Actual Rows": 229962,
                                "Actual Loops": 2,
                                "Filter": "(info_type_id < 100)",
                                "Rows Removed by Filter": 460055
                              }
                            ]
                          }
                        ]
                      }
                    ]
                  }
                ]
              }
            ]
          }
        ]
      }
    ]
  },
  "Planning Time": 1.078,
  "Triggers": [],
  "Execution Time": 4672.414
}