[
  {
    "Plan": {
      "Node Type": "Aggregate",
      "Strategy": "Plain",
      "Partial Mode": "Finalize",
      "Parallel Aware": false,
      "Startup Cost": 546981.2,
      "Total Cost": 546981.21,
      "Plan Rows": 1,
      "Plan Width": 64,
      "Actual Startup Time": 5529.113,
      "Actual Total Time": 5664.824,
      "Actual Rows": 1,
      "Actual Loops": 1,
      "Plans": [
        {
          "Node Type": "Gather",
          "Parent Relationship": "Outer",
          "Parallel Aware": false,
          "Startup Cost": 546980.87,
          "Total Cost": 546981.18,
          "Plan Rows": 3,
          "Plan Width": 64,
          "Actual Startup Time": 5523.804,
          "Actual Total Time": 5664.81,
          "Actual Rows": 4,
          "Actual Loops": 1,
          "Workers Planned": 3,
          "Workers Launched": 3,
          "Single Copy": false,
          "Plans": [
            {
              "Node Type": "Aggregate",
              "Strategy": "Plain",
              "Partial Mode": "Partial",
              "Parent Relationship": "Outer",
              "Parallel Aware": false,
              "Startup Cost": 545980.87,
              "Total Cost": 545980.88,
              "Plan Rows": 1,
              "Plan Width": 64,
              "Actual Startup Time": 5514.242,
              "Actual Total Time": 5514.822,
              "Actual Rows": 1,
              "Actual Loops": 4,
              "Plans": [
                {
                  "Node Type": "Hash Join",
                  "Parent Relationship": "Outer",
                  "Parallel Aware": true,
                  "Join Type": "Inner",
                  "Startup Cost": 530586.09,
                  "Total Cost": 545980.02,
                  "Plan Rows": 170,
                  "Plan Width": 33,
                  "Actual Startup Time": 5434.742,
                  "Actual Total Time": 5510.89,
                  "Actual Rows": 43518,
                  "Actual Loops": 4,
                  "Inner Unique": false,
                  "Hash Cond": "(an.person_id = n.id)",
                  "Plans": [
                    {
                      "Node Type": "Seq Scan",
                      "Parent Relationship": "Outer",
                      "Parallel Aware": true,
                      "Relation Name": "aka_name",
                      "Alias": "an",
                      "Startup Cost": 0.0,
                      "Total Cost": 14303.56,
                      "Plan Rows": 290756,
                      "Plan Width": 20,
                      "Actual Startup Time": 0.032,
                      "Actual Total Time": 38.098,
                      "Actual Rows": 225336,
                      "Actual Loops": 4
                    },
                    {
                      "Node Type": "Hash",
                      "Parent Relationship": "Inner",
                      "Parallel Aware": true,
                      "Startup Cost": 530585.39,
                      "Total Cost": 530585.39,
                      "Plan Rows": 56,
                      "Plan Width": 25,
                      "Actual Startup Time": 5433.15,
                      "Actual Total Time": 5433.727,
                      "Actual Rows": 31832,
                      "Actual Loops": 4,
                      "Hash Buckets": 131072,
                      "Original Hash Buckets": 1024,
                      "Hash Batches": 1,
                      "Original Hash Batches": 1,
                      "Peak Memory Usage": 10392,
                      "Plans": [
                        {
                          "Node Type": "Hash Join",
                          "Parent Relationship": "Outer",
                          "Parallel Aware": true,
                          "Join Type": "Inner",
                          "Startup Cost": 460647.46,
                          "Total Cost": 530585.39,
                          "Plan Rows": 56,
                          "Plan Width": 25,
                          "Actual Startup Time": 5092.311,
                          "Actual Total Time": 5403.306,
                          "Actual Rows": 31832,
                          "Actual Loops": 4,
                          "Inner Unique": false,
                          "Hash Cond": "(n.id = ci.person_id)",
                          "Plans": [
                            {
                              "Node Type": "Seq Scan",
                              "Parent Relationship": "Outer",
                              "Parallel Aware": true,
                              "Relation Name": "name",
                              "Alias": "n",
                              "Startup Cost": 0.0,
                              "Total Cost": 66031.07,
                              "Plan Rows": 1041807,
                              "Plan Width": 4,
                              "Actual Startup Time": 0.023,
                              "Actual Total Time": 155.992,
                              "Actual Rows": 1041873,
                              "Actual Loops": 4
                            },
                            {
                              "Node Type": "Hash",
                              "Parent Relationship": "Inner",
                              "Parallel Aware": true,
                              "Startup Cost": 460646.99,
                              "Total Cost": 460646.99,
                              "Plan Rows": 37,
                              "Plan Width": 21,
                              "Actual Startup Time": 5091.357,
                              "Actual Total Time": 5091.929,
                              "Actual Rows": 31832,
                              "Actual Loops": 4,
                              "Hash Buckets": 131072,
                              "Original Hash Buckets": 1024,
                              "Hash Batches": 1,
                              "Original Hash Batches": 1,
                              "Peak Memory Usage": 9944,
                              "Plans": [
                                {
                                  "Node Type": "Hash Join",
                                  "Parent Relationship": "Outer",
                                  "Parallel Aware": true,
                                  "Join Type": "Inner",
                                  "Startup Cost": 126826.35,
                                  "Total Cost": 460646.99,
                                  "Plan Rows": 37,
                                  "Plan Width": 21,
                                  "Actual Startup Time": 728.809,
                                  "Actual Total Time": 4871.304,
                                  "Actual Rows": 31832,
                                  "Actual Loops": 4,
                                  "Inner Unique": false,
                                  "Hash Cond": "(ci.movie_id = mk.movie_id)",
                                  "Plans": [
                                    {
                                      "Node Type": "Hash Join",
                                      "Parent Relationship": "Outer",
                                      "Parallel Aware": true,
                                      "Join Type": "Inner",
                                      "Startup Cost": 45608.88,
                                      "Total Cost": 374527.65,
                                      "Plan Rows": 1307095,
                                      "Plan Width": 29,
                                      "Actual Startup Time": 203.142,
                                      "Actual Total Time": 3951.75,
                                      "Actual Rows": 2375562,
                                      "Actual Loops": 4,
                                      "Inner Unique": true,
                                      "Hash Cond": "(ci.movie_id = t.id)",
                                      "Plans": [
                                        {
                                          "Node Type": "Seq Scan",
                                          "Parent Relationship": "Outer",
                                          "Parallel Aware": true,
                                          "Relation Name": "cast_info",
                                          "Alias": "ci",
                                          "Startup Cost": 0.0,
                                          "Total Cost": 313068.58,
                                          "Plan Rows": 6038158,
                                          "Plan Width": 8,
                                          "Actual Startup Time": 0.018,
                                          "Actual Total Time": 1106.096,
                                          "Actual Rows": 9061086,
                                          "Actual Loops": 4
                                        },
                                        {
                                          "Node Type": "Hash",
                                          "Parent Relationship": "Inner",
                                          "Parallel Aware": true,
                                          "Startup Cost": 43898.62,
                                          "Total Cost": 43898.62,
                                          "Plan Rows": 136821,
                                          "Plan Width": 21,
                                          "Actual Startup Time": 201.151,
                                          "Actual Total Time": 201.153,
                                          "Actual Rows": 138074,
                                          "Actual Loops": 4,
                                          "Hash Buckets": 1048576,
                                          "Original Hash Buckets": 1048576,
                                          "Hash Batches": 1,
                                          "Original Hash Batches": 1,
                                          "Peak Memory Usage": 38752,
                                          "Plans": [
                                            {
                                              "Node Type": "Seq Scan",
                                              "Parent Relationship": "Outer",
                                              "Parallel Aware": true,
                                              "Relation Name": "title",
                                              "Alias": "t",
                                              "Startup Cost": 0.0,
                                              "Total Cost": 43898.62,
                                              "Plan Rows": 136821,
                                              "Plan Width": 21,
                                              "Actual Startup Time": 0.025,
                                              "Actual Total Time": 128.08,
                                              "Actual Rows": 138074,
                                              "Actual Loops": 4,
                                              "Filter": "(episode_nr < 12)",
                                              "Rows Removed by Filter": 494004
                                            }
                                          ]
                                        }
                                      ]
                                    },
                                    {
                                      "Node Type": "Hash",
                                      "Parent Relationship": "Inner",
                                      "Parallel Aware": true,
                                      "Startup Cost": 81217.2,
                                      "Total Cost": 81217.2,
                                      "Plan Rows": 22,
                                      "Plan Width": 8,
                                      "Actual Startup Time": 523.725,
                                      "Actual Total Time": 523.735,
                                      "Actual Rows": 17079,
                                      "Actual Loops": 4,
                                      "Hash Buckets": 131072,
                                      "Original Hash Buckets": 1024,
                                      "Hash Batches": 1,
                                      "Original Hash Batches": 1,
                                      "Peak Memory Usage": 4760,
                                      "Plans": [
                                        {
                                          "Node Type": "Hash Join",
                                          "Parent Relationship": "Outer",
                                          "Parallel Aware": true,
                                          "Join Type": "Inner",
                                          "Startup Cost": 50854.1,
                                          "Total Cost": 81217.2,
                                          "Plan Rows": 22,
                                          "Plan Width": 8,
                                          "Actual Startup Time": 324.18,
                                          "Actual Total Time": 503.129,
                                          "Actual Rows": 17079,
                                          "Actual Loops": 4,
                                          "Inner Unique": true,
                                          "Hash Cond": "(mc.company_id = cn.id)",
                                          "Plans": [
                                            {
                                              "Node Type": "Hash Join",
                                              "Parent Relationship": "Outer",
                                              "Parallel Aware": true,
                                              "Join Type": "Inner",
                                              "Startup Cost": 45504.47,
                                              "Total Cost": 75867.41,
                                              "Plan Rows": 60,
                                              "Plan Width": 12,
                                              "Actual Startup Time": 293.598,
                                              "Actual Total Time": 462.066,
                                              "Actual Rows": 37138,
                                              "Actual Loops": 4,
                                              "Inner Unique": false,
                                              "Hash Cond": "(mc.movie_id = mk.movie_id)",
                                              "Plans": [
                                                {
                                                  "Node Type": "Seq Scan",
                                                  "Parent Relationship": "Outer",
                                                  "Parallel Aware": true,
                                                  "Relation Name": "movie_companies",
                                                  "Alias": "mc",
                                                  "Startup Cost": 0.0,
                                                  "Total Cost": 27206.55,
                                                  "Plan Rows": 841655,
                                                  "Plan Width": 8,
                                                  "Actual Startup Time": 0.024,
                                                  "Actual Total Time": 82.581,
                                                  "Actual Rows": 652282,
                                                  "Actual Loops": 4
                                                },
                                                {
                                                  "Node Type": "Hash",
                                                  "Parent Relationship": "Inner",
                                                  "Parallel Aware": true,
                                                  "Startup Cost": 45504.33,
                                                  "Total Cost": 45504.33,
                                                  "Plan Rows": 11,
                                                  "Plan Width": 4,
                                                  "Actual Startup Time": 293.293,
                                                  "Actual Total Time": 293.297,
                                                  "Actual Rows": 10460,
                                                  "Actual Loops": 4,
                                                  "Hash Buckets": 65536,
                                                  "Original Hash Buckets": 1024,
                                                  "Hash Batches": 1,
                                                  "Original Hash Batches": 1,
                                                  "Peak Memory Usage": 2744,
                                                  "Plans": [
                                                    {
                                                      "Node Type": "Hash Join",
                                                      "Parent Relationship": "Outer",
                                                      "Parallel Aware": false,
                                                      "Join Type": "Inner",
                                                      "Startup Cost": 2626.14,
                                                      "Total Cost": 45504.33,
                                                      "Plan Rows": 11,
                                                      "Plan Width": 4,
                                                      "Actual Startup Time": 16.985,
                                                      "Actual Total Time": 250.767,
                                                      "Actual Rows": 10460,
                                                      "Actual Loops": 4,
                                                      "Inner Unique": true,
                                                      "Hash Cond": "(mk.keyword_id = k.id)",
                                                      "Plans": [
                                                        {
                                                          "Node Type": "Seq Scan",
                                                          "Parent Relationship": "Outer",
                                                          "Parallel Aware": true,
                                                          "Relation Name": "movie_keyword",
                                                          "Alias": "mk",
                                                          "Startup Cost": 0.0,
                                                          "Total Cost": 39047.32,
                                                          "Plan Rows": 1459332,
                                                          "Plan Width": 8,
                                                          "Actual Startup Time": 0.036,
                                                          "Actual Total Time": 138.231,
                                                          "Actual Rows": 1130982,
                                                          "Actual Loops": 4
                                                        },
                                                        {
                                                          "Node Type": "Hash",
                                                          "Parent Relationship": "Inner",
                                                          "Parallel Aware": false,
                                                          "Startup Cost": 2626.12,
                                                          "Total Cost": 2626.12,
                                                          "Plan Rows": 1,
                                                          "Plan Width": 4,
                                                          "Actual Startup Time": 16.895,
                                                          "Actual Total Time": 16.896,
                                                          "Actual Rows": 1,
                                                          "Actual Loops": 4,
                                                          "Hash Buckets": 1024,
                                                          "Original Hash Buckets": 1024,
                                                          "Hash Batches": 1,
                                                          "Original Hash Batches": 1,
                                                          "Peak Memory Usage": 9,
                                                          "Plans": [
                                                            {
                                                              "Node Type": "Seq Scan",
                                                              "Parent Relationship": "Outer",
                                                              "Parallel Aware": false,
                                                              "Relation Name": "keyword",
                                                              "Alias": "k",
                                                              "Startup Cost": 0.0,
                                                              "Total Cost": 2626.12,
                                                              "Plan Rows": 1,
                                                              "Plan Width": 4,
                                                              "Actual Startup Time": 0.925,
                                                              "Actual Total Time": 16.888,
                                                              "Actual Rows": 1,
                                                              "Actual Loops": 4,
                                                              "Filter": "(keyword = 'character-name-in-title'::text)",
                                                              "Rows Removed by Filter": 134169
                                                            }
                                                          ]
                                                        }
                                                      ]
                                                    }
                                                  ]
                                                }
                                              ]
                                            },
                                            {
                                              "Node Type": "Hash",
                                              "Parent Relationship": "Inner",
                                              "Parallel Aware": true,
                                              "Startup Cost": 4722.92,
                                              "Total Cost": 4722.92,
                                              "Plan Rows": 50137,
                                              "Plan Width": 4,
                                              "Actual Startup Time": 30.073,
                                              "Actual Total Time": 30.075,
                                              "Actual Rows": 21211,
                                              "Actual Loops": 4,
                                              "Hash Buckets": 131072,
                                              "Original Hash Buckets": 131072,
                                              "Hash Batches": 1,
                                              "Original Hash Batches": 1,
                                              "Peak Memory Usage": 4384,
                                              "Plans": [
                                                {
                                                  "Node Type": "Seq Scan",
                                                  "Parent Relationship": "Outer",
                                                  "Parallel Aware": true,
                                                  "Relation Name": "company_name",
                                                  "Alias": "cn",
                                                  "Startup Cost": 0.0,
                                                  "Total Cost": 4722.92,
                                                  "Plan Rows": 50137,
                                                  "Plan Width": 4,
                                                  "Actual Startup Time": 0.065,
                                                  "Actual Total Time": 22.179,
                                                  "Actual Rows": 21211,
                                                  "Actual Loops": 4,
                                                  "Filter": "((country_code)::text = '[us]'::text)",
                                                  "Rows Removed by Filter": 37538
                                                }
                                              ]
                                            }
                                          ]
                                        }
                                      ]
                                    }
                                  ]
                                }
                              ]
                            }
                          ]
                        }
                      ]
                    }
                  ]
                }
              ]
            }
          ]
        }
      ]
    },
    "Planning Time": 19.158,
    "Triggers": [],
    "Execution Time": 5665.416
  }
]