{
    "Plan": {
        "Node Type": "Aggregate",
        "Strategy": "Plain",
        "Partial Mode": "Finalize",
        "Parallel Aware": false,
        "Startup Cost": 79720.43,
        "Total Cost": 79720.44,
        "Plan Rows": 1,
        "Plan Width": 8,
        "Actual Startup Time": 310.714,
        "Actual Total Time": 326.486,
        "Actual Rows": 1,
        "Actual Loops": 1,
        "Output": [
            "count(*)"
        ],
        "Plans": [
            {
                "Node Type": "Gather",
                "Parent Relationship": "Outer",
                "Parallel Aware": false,
                "Startup Cost": 79720.11,
                "Total Cost": 79720.42,
                "Plan Rows": 3,
                "Plan Width": 8,
                "Actual Startup Time": 309.628,
                "Actual Total Time": 326.465,
                "Actual Rows": 4,
                "Actual Loops": 1,
                "Output": [
                    "(PARTIAL count(*))"
                ],
                "Workers Planned": 3,
                "Workers Launched": 3,
                "Single Copy": false,
                "Plans": [
                    {
                        "Node Type": "Aggregate",
                        "Strategy": "Plain",
                        "Partial Mode": "Partial",
                        "Parent Relationship": "Outer",
                        "Parallel Aware": false,
                        "Startup Cost": 78720.11,
                        "Total Cost": 78720.12,
                        "Plan Rows": 1,
                        "Plan Width": 8,
                        "Actual Startup Time": 301.014,
                        "Actual Total Time": 301.018,
                        "Actual Rows": 1,
                        "Actual Loops": 4,
                        "Output": [
                            "PARTIAL count(*)"
                        ],
                        "Workers": [
                            {
                                "Worker Number": 0,
                                "Actual Startup Time": 297.853,
                                "Actual Total Time": 297.857,
                                "Actual Rows": 1,
                                "Actual Loops": 1
                            },
                            {
                                "Worker Number": 1,
                                "Actual Startup Time": 298.586,
                                "Actual Total Time": 298.589,
                                "Actual Rows": 1,
                                "Actual Loops": 1
                            },
                            {
                                "Worker Number": 2,
                                "Actual Startup Time": 298.668,
                                "Actual Total Time": 298.671,
                                "Actual Rows": 1,
                                "Actual Loops": 1
                            }
                        ],
                        "Plans": [
                            {
                                "Node Type": "Hash Join",
                                "Parent Relationship": "Outer",
                                "Parallel Aware": true,
                                "Join Type": "Inner",
                                "Startup Cost": 46963.47,
                                "Total Cost": 78348.91,
                                "Plan Rows": 148479,
                                "Plan Width": 0,
                                "Actual Startup Time": 154.233,
                                "Actual Total Time": 294.615,
                                "Actual Rows": 161268,
                                "Actual Loops": 4,
                                "Inner Unique": true,
                                "Hash Cond": "(mc.movie_id = t.id)",
                                "Workers": [
                                    {
                                        "Worker Number": 0,
                                        "Actual Startup Time": 150.864,
                                        "Actual Total Time": 292.187,
                                        "Actual Rows": 142158,
                                        "Actual Loops": 1
                                    },
                                    {
                                        "Worker Number": 1,
                                        "Actual Startup Time": 151.899,
                                        "Actual Total Time": 292.179,
                                        "Actual Rows": 164308,
                                        "Actual Loops": 1
                                    },
                                    {
                                        "Worker Number": 2,
                                        "Actual Startup Time": 151.954,
                                        "Actual Total Time": 292.42,
                                        "Actual Rows": 160426,
                                        "Actual Loops": 1
                                    }
                                ],
                                "Plans": [
                                    {
                                        "Node Type": "Seq Scan",
                                        "Parent Relationship": "Outer",
                                        "Parallel Aware": true,
                                        "Relation Name": "movie_companies",
                                        "Schema": "public",
                                        "Alias": "mc",
                                        "Startup Cost": 0.0,
                                        "Total Cost": 29310.68,
                                        "Plan Rows": 790385,
                                        "Plan Width": 4,
                                        "Actual Startup Time": 0.027,
                                        "Actual Total Time": 69.927,
                                        "Actual Rows": 611755,
                                        "Actual Loops": 4,
                                        "Output": [
                                            "mc.id",
                                            "mc.movie_id",
                                            "mc.company_id",
                                            "mc.company_type_id",
                                            "mc.note"
                                        ],
                                        "Filter": "(mc.company_id > 27)",
                                        "Rows Removed by Filter": 40528,
                                        "Workers": [
                                            {
                                                "Worker Number": 0,
                                                "Actual Startup Time": 0.033,
                                                "Actual Total Time": 68.035,
                                                "Actual Rows": 532648,
                                                "Actual Loops": 1
                                            },
                                            {
                                                "Worker Number": 1,
                                                "Actual Startup Time": 0.027,
                                                "Actual Total Time": 72.29,
                                                "Actual Rows": 620377,
                                                "Actual Loops": 1
                                            },
                                            {
                                                "Worker Number": 2,
                                                "Actual Startup Time": 0.032,
                                                "Actual Total Time": 71.611,
                                                "Actual Rows": 609256,
                                                "Actual Loops": 1
                                            }
                                        ]
                                    },
                                    {
                                        "Node Type": "Hash",
                                        "Parent Relationship": "Inner",
                                        "Parallel Aware": true,
                                        "Startup Cost": 45479.21,
                                        "Total Cost": 45479.21,
                                        "Plan Rows": 118741,
                                        "Plan Width": 4,
                                        "Actual Startup Time": 126.252,
                                        "Actual Total Time": 126.253,
                                        "Actual Rows": 86421,
                                        "Actual Loops": 4,
                                        "Output": [
                                            "t.id"
                                        ],
                                        "Hash Buckets": 524288,
                                        "Original Hash Buckets": 524288,
                                        "Hash Batches": 1,
                                        "Original Hash Batches": 1,
                                        "Peak Memory Usage": 17696,
                                        "Workers": [
                                            {
                                                "Worker Number": 0,
                                                "Actual Startup Time": 125.56,
                                                "Actual Total Time": 125.561,
                                                "Actual Rows": 74863,
                                                "Actual Loops": 1
                                            },
                                            {
                                                "Worker Number": 1,
                                                "Actual Startup Time": 126.537,
                                                "Actual Total Time": 126.538,
                                                "Actual Rows": 86370,
                                                "Actual Loops": 1
                                            },
                                            {
                                                "Worker Number": 2,
                                                "Actual Startup Time": 126.607,
                                                "Actual Total Time": 126.608,
                                                "Actual Rows": 85310,
                                                "Actual Loops": 1
                                            }
                                        ],
                                        "Plans": [
                                            {
                                                "Node Type": "Seq Scan",
                                                "Parent Relationship": "Outer",
                                                "Parallel Aware": true,
                                                "Relation Name": "title",
                                                "Schema": "public",
                                                "Alias": "t",
                                                "Startup Cost": 0.0,
                                                "Total Cost": 45479.21,
                                                "Plan Rows": 118741,
                                                "Plan Width": 4,
                                                "Actual Startup Time": 48.113,
                                                "Actual Total Time": 100.842,
                                                "Actual Rows": 86421,
                                                "Actual Loops": 4,
                                                "Output": [
                                                    "t.id"
                                                ],
                                                "Filter": "((t.production_year > 1988) AND (t.kind_id = 1))",
                                                "Rows Removed by Filter": 545657,
                                                "Workers": [
                                                    {
                                                        "Worker Number": 0,
                                                        "Actual Startup Time": 60.807,
                                                        "Actual Total Time": 99.91,
                                                        "Actual Rows": 74863,
                                                        "Actual Loops": 1
                                                    },
                                                    {
                                                        "Worker Number": 1,
                                                        "Actual Startup Time": 9.105,
                                                        "Actual Total Time": 102.108,
                                                        "Actual Rows": 86370,
                                                        "Actual Loops": 1
                                                    },
                                                    {
                                                        "Worker Number": 2,
                                                        "Actual Startup Time": 61.088,
                                                        "Actual Total Time": 101.871,
                                                        "Actual Rows": 85310,
                                                        "Actual Loops": 1
                                                    }
                                                ]
                                            }
                                        ]
                                    }
                                ]
                            }
                        ]
                    }
                ]
            }
        ]
    },
    "Planning Time": 0.836,
    "Triggers": [],
    "Execution Time": 326.556
}