[
  {
    "Plan": {
      "Node Type": "Aggregate",
      "Strategy": "Plain",
      "Partial Mode": "Finalize",
      "Parallel Aware": false,
      "Startup Cost": 78186.94,
      "Total Cost": 78186.95,
      "Plan Rows": 1,
      "Plan Width": 8,
      "Actual Startup Time": 278.707,
      "Actual Total Time": 295.701,
      "Actual Rows": 1,
      "Actual Loops": 1,
      "Plans": [
        {
          "Node Type": "Gather",
          "Parent Relationship": "Outer",
          "Parallel Aware": false,
          "Startup Cost": 78186.52,
          "Total Cost": 78186.93,
          "Plan Rows": 4,
          "Plan Width": 8,
          "Actual Startup Time": 277.112,
          "Actual Total Time": 295.692,
          "Actual Rows": 5,
          "Actual Loops": 1,
          "Workers Planned": 4,
          "Workers Launched": 4,
          "Single Copy": false,
          "Plans": [
            {
              "Node Type": "Aggregate",
              "Strategy": "Plain",
              "Partial Mode": "Partial",
              "Parent Relationship": "Outer",
              "Parallel Aware": false,
              "Startup Cost": 77186.52,
              "Total Cost": 77186.53,
              "Plan Rows": 1,
              "Plan Width": 8,
              "Actual Startup Time": 268.065,
              "Actual Total Time": 268.068,
              "Actual Rows": 1,
              "Actual Loops": 5,
              "Plans": [
                {
                  "Node Type": "Hash Join",
                  "Parent Relationship": "Outer",
                  "Parallel Aware": true,
                  "Join Type": "Inner",
                  "Startup Cost": 31079.49,
                  "Total Cost": 76912.35,
                  "Plan Rows": 109666,
                  "Plan Width": 0,
                  "Actual Startup Time": 107.639,
                  "Actual Total Time": 264.093,
                  "Actual Rows": 89334,
                  "Actual Loops": 5,
                  "Inner Unique": false,
                  "Hash Cond": "(t.id = mc.movie_id)",
                  "Plans": [
                    {
                      "Node Type": "Seq Scan",
                      "Parent Relationship": "Outer",
                      "Parallel Aware": true,
                      "Relation Name": "title",
                      "Alias": "t",
                      "Startup Cost": 0.0,
                      "Total Cost": 42318.73,
                      "Plan Rows": 632073,
                      "Plan Width": 4,
                      "Actual Startup Time": 0.009,
                      "Actual Total Time": 61.65,
                      "Actual Rows": 505662,
                      "Actual Loops": 5
                    },
                    {
                      "Node Type": "Hash",
                      "Parent Relationship": "Inner",
                      "Parallel Aware": true,
                      "Startup Cost": 29310.68,
                      "Total Cost": 29310.68,
                      "Plan Rows": 141505,
                      "Plan Width": 4,
                      "Actual Startup Time": 92.013,
                      "Actual Total Time": 92.014,
                      "Actual Rows": 89334,
                      "Actual Loops": 5,
                      "Hash Buckets": 524288,
                      "Original Hash Buckets": 524288,
                      "Hash Batches": 1,
                      "Original Hash Batches": 1,
                      "Peak Memory Usage": 21696,
                      "Plans": [
                        {
                          "Node Type": "Seq Scan",
                          "Parent Relationship": "Outer",
                          "Parallel Aware": true,
                          "Relation Name": "movie_companies",
                          "Alias": "mc",
                          "Startup Cost": 0.0,
                          "Total Cost": 29310.68,
                          "Plan Rows": 141505,
                          "Plan Width": 4,
                          "Actual Startup Time": 42.013,
                          "Actual Total Time": 66.345,
                          "Actual Rows": 89334,
                          "Actual Loops": 5,
                          "Filter": "(company_id > 77540)",
                          "Rows Removed by Filter": 432492
                        }
                      ]
                    }
                  ]
                }
              ]
            }
          ]
        }
      ]
    },
    "Planning Time": 0.623,
    "Triggers": [],
    "Execution Time": 295.769
  }
]