[
  {
    "Plan": {
      "Node Type": "Aggregate",
      "Strategy": "Plain",
      "Partial Mode": "Finalize",
      "Parallel Aware": false,
      "Startup Cost": 45752.91,
      "Total Cost": 45752.92,
      "Plan Rows": 1,
      "Plan Width": 8,
      "Actual Startup Time": 164.926,
      "Actual Total Time": 175.433,
      "Actual Rows": 1,
      "Actual Loops": 1,
      "Plans": [
        {
          "Node Type": "Gather",
          "Parent Relationship": "Outer",
          "Parallel Aware": false,
          "Startup Cost": 45752.59,
          "Total Cost": 45752.9,
          "Plan Rows": 3,
          "Plan Width": 8,
          "Actual Startup Time": 164.708,
          "Actual Total Time": 175.419,
          "Actual Rows": 4,
          "Actual Loops": 1,
          "Workers Planned": 3,
          "Workers Launched": 3,
          "Single Copy": false,
          "Plans": [
            {
              "Node Type": "Aggregate",
              "Strategy": "Plain",
              "Partial Mode": "Partial",
              "Parent Relationship": "Outer",
              "Parallel Aware": false,
              "Startup Cost": 44752.59,
              "Total Cost": 44752.6,
              "Plan Rows": 1,
              "Plan Width": 8,
              "Actual Startup Time": 156.126,
              "Actual Total Time": 156.129,
              "Actual Rows": 1,
              "Actual Loops": 4,
              "Plans": [
                {
                  "Node Type": "Seq Scan",
                  "Parent Relationship": "Outer",
                  "Parallel Aware": true,
                  "Relation Name": "movie_keyword",
                  "Alias": "mk",
                  "Startup Cost": 0.0,
                  "Total Cost": 42695.65,
                  "Plan Rows": 822774,
                  "Plan Width": 0,
                  "Actual Startup Time": 0.062,
                  "Actual Total Time": 124.279,
                  "Actual Rows": 639865,
                  "Actual Loops": 4,
                  "Filter": "(keyword_id < 6453)",
                  "Rows Removed by Filter": 491118
                }
              ]
            }
          ]
        }
      ]
    },
    "Planning Time": 0.157,
    "Triggers": [],
    "Execution Time": 175.481
  }
]