{
  "Plan": {
    "Node Type": "Aggregate",
    "Strategy": "Plain",
    "Partial Mode": "Finalize",
    "Parallel Aware": false,
    "Startup Cost": 92010.5,
    "Total Cost": 92010.51,
    "Plan Rows": 1,
    "Plan Width": 8,
    "Actual Startup Time": 281.202,
    "Actual Total Time": 293.37,
    "Actual Rows": 1,
    "Actual Loops": 1,
    "Plans": [
      {
        "Node Type": "Gather",
        "Parent Relationship": "Outer",
        "Parallel Aware": false,
        "Startup Cost": 92010.39,
        "Total Cost": 92010.5,
        "Plan Rows": 1,
        "Plan Width": 8,
        "Actual Startup Time": 280.752,
        "Actual Total Time": 293.362,
        "Actual Rows": 2,
        "Actual Loops": 1,
        "Workers Planned": 1,
        "Workers Launched": 1,
        "Single Copy": false,
        "Plans": [
          {
            "Node Type": "Aggregate",
            "Strategy": "Plain",
            "Partial Mode": "Partial",
            "Parent Relationship": "Outer",
            "Parallel Aware": false,
            "Startup Cost": 91010.39,
            "Total Cost": 91010.4,
            "Plan Rows": 1,
            "Plan Width": 8,
            "Actual Startup Time": 274.278,
            "Actual Total Time": 274.282,
            "Actual Rows": 1,
            "Actual Loops": 2,
            "Plans": [
              {
                "Node Type": "Hash Join",
                "Parent Relationship": "Outer",
                "Parallel Aware": true,
                "Join Type": "Inner",
                "Startup Cost": 68357.24,
                "Total Cost": 90986.56,
                "Plan Rows": 9531,
                "Plan Width": 0,
                "Actual Startup Time": 201.073,
                "Actual Total Time": 274.021,
                "Actual Rows": 3511,
                "Actual Loops": 2,
                "Inner Unique": true,
                "Hash Cond": "(mc.movie_id = t.id)",
                "Plans": [
                  {
                    "Node Type": "Bitmap Heap Scan",
                    "Parent Relationship": "Outer",
                    "Parallel Aware": true,
                    "Relation Name": "movie_companies",
                    "Alias": "mc",
                    "Startup Cost": 9352.76,
                    "Total Cost": 31315.76,
                    "Plan Rows": 253839,
                    "Plan Width": 4,
                    "Actual Startup Time": 20.77,
                    "Actual Total Time": 57.342,
                    "Actual Rows": 219993,
                    "Actual Loops": 2,
                    "Recheck Cond": "(company_id > 78274)",
                    "Rows Removed by Index Recheck": 0,
                    "Exact Heap Blocks": 4323,
                    "Lossy Heap Blocks": 0,
                    "Plans": [
                      {
                        "Node Type": "Bitmap Index Scan",
                        "Parent Relationship": "Outer",
                        "Parallel Aware": false,
                        "Index Name": "company_id_movie_companies",
                        "Startup Cost": 0.0,
                        "Total Cost": 9244.88,
                        "Plan Rows": 431527,
                        "Plan Width": 0,
                        "Actual Startup Time": 19.816,
                        "Actual Total Time": 19.816,
                        "Actual Rows": 439986,
                        "Actual Loops": 1,
                        "Index Cond": "(company_id > 78274)"
                      }
                    ]
                  },
                  {
                    "Node Type": "Hash",
                    "Parent Relationship": "Inner",
                    "Parallel Aware": true,
                    "Startup Cost": 58306.47,
                    "Total Cost": 58306.47,
                    "Plan Rows": 55841,
                    "Plan Width": 4,
                    "Actual Startup Time": 177.913,
                    "Actual Total Time": 177.914,
                    "Actual Rows": 50296,
                    "Actual Loops": 2,
                    "Hash Buckets": 131072,
                    "Original Hash Buckets": 131072,
                    "Hash Batches": 1,
                    "Original Hash Batches": 1,
                    "Peak Memory Usage": 4992,
                    "Plans": [
                      {
                        "Node Type": "Seq Scan",
                        "Parent Relationship": "Outer",
                        "Parallel Aware": true,
                        "Relation Name": "title",
                        "Alias": "t",
                        "Startup Cost": 0.0,
                        "Total Cost": 58306.47,
                        "Plan Rows": 55841,
                        "Plan Width": 4,
                        "Actual Startup Time": 0.038,
                        "Actual Total Time": 159.667,
                        "Actual Rows": 50296,
                        "Actual Loops": 2,
                        "Filter": "((kind_id > 1) AND (production_year = 2009))",
                        "Rows Removed by Filter": 1213860
                      }
                    ]
                  }
                ]
              }
            ]
          }
        ]
      }
    ]
  },
  "Planning Time": 0.493,
  "Triggers": [],
  "Execution Time": 293.468
}