[
  {
    "Plan": {
      "Node Type": "Aggregate",
      "Strategy": "Plain",
      "Partial Mode": "Finalize",
      "Parallel Aware": false,
      "Startup Cost": 343964.03,
      "Total Cost": 343964.04,
      "Plan Rows": 1,
      "Plan Width": 8,
      "Actual Startup Time": 856.803,
      "Actual Total Time": 901.285,
      "Actual Rows": 1,
      "Actual Loops": 1,
      "Plans": [
        {
          "Node Type": "Gather",
          "Parent Relationship": "Outer",
          "Parallel Aware": false,
          "Startup Cost": 343963.4,
          "Total Cost": 343964.01,
          "Plan Rows": 6,
          "Plan Width": 8,
          "Actual Startup Time": 856.611,
          "Actual Total Time": 901.271,
          "Actual Rows": 7,
          "Actual Loops": 1,
          "Workers Planned": 6,
          "Workers Launched": 6,
          "Single Copy": false,
          "Plans": [
            {
              "Node Type": "Aggregate",
              "Strategy": "Plain",
              "Partial Mode": "Partial",
              "Parent Relationship": "Outer",
              "Parallel Aware": false,
              "Startup Cost": 342963.4,
              "Total Cost": 342963.41,
              "Plan Rows": 1,
              "Plan Width": 8,
              "Actual Startup Time": 848.459,
              "Actual Total Time": 848.46,
              "Actual Rows": 1,
              "Actual Loops": 7,
              "Plans": [
                {
                  "Node Type": "Seq Scan",
                  "Parent Relationship": "Outer",
                  "Parallel Aware": true,
                  "Relation Name": "cast_info",
                  "Alias": "ci",
                  "Startup Cost": 0.0,
                  "Total Cost": 328211.39,
                  "Plan Rows": 5900804,
                  "Plan Width": 0,
                  "Actual Startup Time": 16.146,
                  "Actual Total Time": 625.263,
                  "Actual Rows": 5053947,
                  "Actual Loops": 7,
                  "Filter": "(person_id > 91152)",
                  "Rows Removed by Filter": 123817
                }
              ]
            }
          ]
        }
      ]
    },
    "Planning Time": 0.083,
    "Triggers": [],
    "Execution Time": 901.322
  }
]