[
  {
    "Plan": {
      "Node Type": "Aggregate",
      "Strategy": "Plain",
      "Partial Mode": "Finalize",
      "Parallel Aware": false,
      "Startup Cost": 450967.34,
      "Total Cost": 450967.35,
      "Plan Rows": 1,
      "Plan Width": 8,
      "Actual Startup Time": 3437.98,
      "Actual Total Time": 3503.281,
      "Actual Rows": 1,
      "Actual Loops": 1,
      "Plans": [
        {
          "Node Type": "Gather",
          "Parent Relationship": "Outer",
          "Parallel Aware": false,
          "Startup Cost": 450966.71,
          "Total Cost": 450967.32,
          "Plan Rows": 6,
          "Plan Width": 8,
          "Actual Startup Time": 3409.156,
          "Actual Total Time": 3503.26,
          "Actual Rows": 7,
          "Actual Loops": 1,
          "Workers Planned": 6,
          "Workers Launched": 6,
          "Single Copy": false,
          "Plans": [
            {
              "Node Type": "Aggregate",
              "Strategy": "Plain",
              "Partial Mode": "Partial",
              "Parent Relationship": "Outer",
              "Parallel Aware": false,
              "Startup Cost": 449966.71,
              "Total Cost": 449966.72,
              "Plan Rows": 1,
              "Plan Width": 8,
              "Actual Startup Time": 3395.426,
              "Actual Total Time": 3395.643,
              "Actual Rows": 1,
              "Actual Loops": 7,
              "Plans": [
                {
                  "Node Type": "Hash Join",
                  "Parent Relationship": "Outer",
                  "Parallel Aware": true,
                  "Join Type": "Inner",
                  "Startup Cost": 94254.4,
                  "Total Cost": 447903.15,
                  "Plan Rows": 825423,
                  "Plan Width": 0,
                  "Actual Startup Time": 1013.744,
                  "Actual Total Time": 2850.539,
                  "Actual Rows": 8824294,
                  "Actual Loops": 7,
                  "Inner Unique": false,
                  "Hash Cond": "(ci.movie_id = t.id)",
                  "Plans": [
                    {
                      "Node Type": "Seq Scan",
                      "Parent Relationship": "Outer",
                      "Parallel Aware": true,
                      "Relation Name": "cast_info",
                      "Alias": "ci",
                      "Startup Cost": 0.0,
                      "Total Cost": 343316.27,
                      "Plan Rows": 2045285,
                      "Plan Width": 4,
                      "Actual Startup Time": 419.842,
                      "Actual Total Time": 844.963,
                      "Actual Rows": 1962453,
                      "Actual Loops": 7,
                      "Filter": "((person_id > 842615) AND (role_id > 2))",
                      "Rows Removed by Filter": 3215311
                    },
                    {
                      "Node Type": "Hash",
                      "Parent Relationship": "Inner",
                      "Parallel Aware": true,
                      "Startup Cost": 90139.87,
                      "Total Cost": 90139.87,
                      "Plan Rows": 329163,
                      "Plan Width": 8,
                      "Actual Startup Time": 590.069,
                      "Actual Total Time": 590.284,
                      "Actual Rows": 305912,
                      "Actual Loops": 7,
                      "Hash Buckets": 4194304,
                      "Original Hash Buckets": 1048576,
                      "Hash Batches": 1,
                      "Original Hash Batches": 1,
                      "Peak Memory Usage": 141184,
                      "Plans": [
                        {
                          "Node Type": "Hash Join",
                          "Parent Relationship": "Outer",
                          "Parallel Aware": true,
                          "Join Type": "Inner",
                          "Startup Cost": 47261.79,
                          "Total Cost": 90139.87,
                          "Plan Rows": 329163,
                          "Plan Width": 8,
                          "Actual Startup Time": 182.311,
                          "Actual Total Time": 354.627,
                          "Actual Rows": 305912,
                          "Actual Loops": 7,
                          "Inner Unique": true,
                          "Hash Cond": "(mk.movie_id = t.id)",
                          "Plans": [
                            {
                              "Node Type": "Seq Scan",
                              "Parent Relationship": "Outer",
                              "Parallel Aware": true,
                              "Relation Name": "movie_keyword",
                              "Alias": "mk",
                              "Startup Cost": 0.0,
                              "Total Cost": 39047.32,
                              "Plan Rows": 1459332,
                              "Plan Width": 4,
                              "Actual Startup Time": 0.04,
                              "Actual Total Time": 80.963,
                              "Actual Rows": 646276,
                              "Actual Loops": 7
                            },
                            {
                              "Node Type": "Hash",
                              "Parent Relationship": "Inner",
                              "Parallel Aware": true,
                              "Startup Cost": 45479.59,
                              "Total Cost": 45479.59,
                              "Plan Rows": 142576,
                              "Plan Width": 4,
                              "Actual Startup Time": 147.878,
                              "Actual Total Time": 147.88,
                              "Actual Rows": 64858,
                              "Actual Loops": 7,
                              "Hash Buckets": 1048576,
                              "Original Hash Buckets": 1048576,
                              "Hash Batches": 1,
                              "Original Hash Batches": 1,
                              "Peak Memory Usage": 26048,
                              "Plans": [
                                {
                                  "Node Type": "Seq Scan",
                                  "Parent Relationship": "Outer",
                                  "Parallel Aware": true,
                                  "Relation Name": "title",
                                  "Alias": "t",
                                  "Startup Cost": 0.0,
                                  "Total Cost": 45479.59,
                                  "Plan Rows": 142576,
                                  "Plan Width": 4,
                                  "Actual Startup Time": 55.213,
                                  "Actual Total Time": 104.214,
                                  "Actual Rows": 64858,
                                  "Actual Loops": 7,
                                  "Filter": "((production_year > 1963) AND (kind_id = 1))",
                                  "Rows Removed by Filter": 296330
                                }
                              ]
                            }
                          ]
                        }
                      ]
                    }
                  ]
                }
              ]
            }
          ]
        }
      ]
    },
    "Planning Time": 1.411,
    "Triggers": [],
    "Execution Time": 3503.386
  }
]