{
  "Plan": {
    "Node Type": "Aggregate",
    "Strategy": "Plain",
    "Partial Mode": "Finalize",
    "Parallel Aware": false,
    "Startup Cost": 173876.89,
    "Total Cost": 173876.9,
    "Plan Rows": 1,
    "Plan Width": 8,
    "Actual Startup Time": 888.429,
    "Actual Total Time": 910.002,
    "Actual Rows": 1,
    "Actual Loops": 1,
    "Plans": [
      {
        "Node Type": "Gather",
        "Parent Relationship": "Outer",
        "Parallel Aware": false,
        "Startup Cost": 173876.77,
        "Total Cost": 173876.88,
        "Plan Rows": 1,
        "Plan Width": 8,
        "Actual Startup Time": 886.105,
        "Actual Total Time": 909.995,
        "Actual Rows": 2,
        "Actual Loops": 1,
        "Workers Planned": 1,
        "Workers Launched": 1,
        "Single Copy": false,
        "Plans": [
          {
            "Node Type": "Aggregate",
            "Strategy": "Plain",
            "Partial Mode": "Partial",
            "Parent Relationship": "Outer",
            "Parallel Aware": false,
            "Startup Cost": 172876.77,
            "Total Cost": 172876.78,
            "Plan Rows": 1,
            "Plan Width": 8,
            "Actual Startup Time": 879.956,
            "Actual Total Time": 879.961,
            "Actual Rows": 1,
            "Actual Loops": 2,
            "Plans": [
              {
                "Node Type": "Hash Join",
                "Parent Relationship": "Outer",
                "Parallel Aware": true,
                "Join Type": "Inner",
                "Startup Cost": 107926.61,
                "Total Cost": 171711.96,
                "Plan Rows": 465926,
                "Plan Width": 0,
                "Actual Startup Time": 531.405,
                "Actual Total Time": 871.534,
                "Actual Rows": 195768,
                "Actual Loops": 2,
                "Inner Unique": false,
                "Hash Cond": "(mk.movie_id = t.id)",
                "Plans": [
                  {
                    "Node Type": "Seq Scan",
                    "Parent Relationship": "Outer",
                    "Parallel Aware": true,
                    "Relation Name": "movie_keyword",
                    "Alias": "mk",
                    "Startup Cost": 0.0,
                    "Total Cost": 51065.35,
                    "Plan Rows": 2661135,
                    "Plan Width": 4,
                    "Actual Startup Time": 0.014,
                    "Actual Total Time": 159.597,
                    "Actual Rows": 2261965,
                    "Actual Loops": 2
                  },
                  {
                    "Node Type": "Hash",
                    "Parent Relationship": "Inner",
                    "Parallel Aware": true,
                    "Startup Cost": 104671.71,
                    "Total Cost": 104671.71,
                    "Plan Rows": 260392,
                    "Plan Width": 8,
                    "Actual Startup Time": 525.795,
                    "Actual Total Time": 525.798,
                    "Actual Rows": 98219,
                    "Actual Loops": 2,
                    "Hash Buckets": 524288,
                    "Original Hash Buckets": 524288,
                    "Hash Batches": 1,
                    "Original Hash Batches": 1,
                    "Peak Memory Usage": 11808,
                    "Plans": [
                      {
                        "Node Type": "Hash Join",
                        "Parent Relationship": "Outer",
                        "Parallel Aware": true,
                        "Join Type": "Inner",
                        "Startup Cost": 64713.69,
                        "Total Cost": 104671.71,
                        "Plan Rows": 260392,
                        "Plan Width": 8,
                        "Actual Startup Time": 269.196,
                        "Actual Total Time": 503.96,
                        "Actual Rows": 98219,
                        "Actual Loops": 2,
                        "Inner Unique": true,
                        "Hash Cond": "(mc.movie_id = t.id)",
                        "Plans": [
                          {
                            "Node Type": "Seq Scan",
                            "Parent Relationship": "Outer",
                            "Parallel Aware": true,
                            "Relation Name": "movie_companies",
                            "Alias": "mc",
                            "Startup Cost": 0.0,
                            "Total Cost": 37974.77,
                            "Plan Rows": 755522,
                            "Plan Width": 4,
                            "Actual Startup Time": 0.015,
                            "Actual Total Time": 111.533,
                            "Actual Rows": 637123,
                            "Actual Loops": 2,
                            "Filter": "(company_type_id < 2)",
                            "Rows Removed by Filter": 667442
                          },
                          {
                            "Node Type": "Hash",
                            "Parent Relationship": "Inner",
                            "Parallel Aware": true,
                            "Startup Cost": 58306.47,
                            "Total Cost": 58306.47,
                            "Plan Rows": 512578,
                            "Plan Width": 4,
                            "Actual Startup Time": 262.839,
                            "Actual Total Time": 262.84,
                            "Actual Rows": 400756,
                            "Actual Loops": 2,
                            "Hash Buckets": 1048576,
                            "Original Hash Buckets": 1048576,
                            "Hash Batches": 1,
                            "Original Hash Batches": 1,
                            "Peak Memory Usage": 39584,
                            "Plans": [
                              {
                                "Node Type": "Seq Scan",
                                "Parent Relationship": "Outer",
                                "Parallel Aware": true,
                                "Relation Name": "title",
                                "Alias": "t",
                                "Startup Cost": 0.0,
                                "Total Cost": 58306.47,
                                "Plan Rows": 512578,
                                "Plan Width": 4,
                                "Actual Startup Time": 0.039,
                                "Actual Total Time": 160.512,
                                "Actual Rows": 400756,
                                "Actual Loops": 2,
                                "Filter": "((production_year < 2006) AND (kind_id = 7))",
                                "Rows Removed by Filter": 863400
                              }
                            ]
                          }
                        ]
                      }
                    ]
                  }
                ]
              }
            ]
          }
        ]
      }
    ]
  },
  "Planning Time": 1.072,
  "Triggers": [],
  "Execution Time": 910.086
}