[
  {
    "Plan": {
      "Node Type": "Aggregate",
      "Strategy": "Plain",
      "Partial Mode": "Simple",
      "Parallel Aware": false,
      "Startup Cost": 12671.29,
      "Total Cost": 12671.3,
      "Plan Rows": 1,
      "Plan Width": 8,
      "Actual Startup Time": 11.162,
      "Actual Total Time": 11.164,
      "Actual Rows": 1,
      "Actual Loops": 1,
      "Plans": [
        {
          "Node Type": "Bitmap Heap Scan",
          "Parent Relationship": "Outer",
          "Parallel Aware": false,
          "Relation Name": "movie_companies",
          "Alias": "mc",
          "Startup Cost": 129.54,
          "Total Cost": 12663.78,
          "Plan Rows": 3003,
          "Plan Width": 0,
          "Actual Startup Time": 6.598,
          "Actual Total Time": 10.78,
          "Actual Rows": 2438,
          "Actual Loops": 1,
          "Recheck Cond": "(company_id = 11146)",
          "Rows Removed by Index Recheck": 0,
          "Filter": "(company_type_id > 1)",
          "Rows Removed by Filter": 2629,
          "Exact Heap Blocks": 2691,
          "Lossy Heap Blocks": 0,
          "Plans": [
            {
              "Node Type": "Bitmap Index Scan",
              "Parent Relationship": "Outer",
              "Parallel Aware": false,
              "Index Name": "company_id_movie_companies",
              "Startup Cost": 0.0,
              "Total Cost": 128.78,
              "Plan Rows": 5914,
              "Plan Width": 0,
              "Actual Startup Time": 1.387,
              "Actual Total Time": 1.387,
              "Actual Rows": 5067,
              "Actual Loops": 1,
              "Index Cond": "(company_id = 11146)"
            }
          ]
        }
      ]
    },
    "Planning Time": 0.167,
    "Triggers": [],
    "Execution Time": 11.222
  }
]