{
  "Plan": {
    "Node Type": "Aggregate",
    "Strategy": "Plain",
    "Partial Mode": "Finalize",
    "Parallel Aware": false,
    "Startup Cost": 867448.36,
    "Total Cost": 867448.37,
    "Plan Rows": 1,
    "Plan Width": 8,
    "Actual Startup Time": 4995.315,
    "Actual Total Time": 5028.925,
    "Actual Rows": 1,
    "Actual Loops": 1,
    "Plans": [
      {
        "Node Type": "Gather",
        "Parent Relationship": "Outer",
        "Parallel Aware": false,
        "Startup Cost": 867448.25,
        "Total Cost": 867448.36,
        "Plan Rows": 1,
        "Plan Width": 8,
        "Actual Startup Time": 4972.145,
        "Actual Total Time": 5028.917,
        "Actual Rows": 2,
        "Actual Loops": 1,
        "Workers Planned": 1,
        "Workers Launched": 1,
        "Single Copy": false,
        "Plans": [
          {
            "Node Type": "Aggregate",
            "Strategy": "Plain",
            "Partial Mode": "Partial",
            "Parent Relationship": "Outer",
            "Parallel Aware": false,
            "Startup Cost": 866448.25,
            "Total Cost": 866448.26,
            "Plan Rows": 1,
            "Plan Width": 8,
            "Actual Startup Time": 4958.76,
            "Actual Total Time": 4958.766,
            "Actual Rows": 1,
            "Actual Loops": 2,
            "Plans": [
              {
                "Node Type": "Hash Join",
                "Parent Relationship": "Outer",
                "Parallel Aware": true,
                "Join Type": "Inner",
                "Startup Cost": 766739.1,
                "Total Cost": 855908.81,
                "Plan Rows": 4215777,
                "Plan Width": 0,
                "Actual Startup Time": 3735.377,
                "Actual Total Time": 4649.24,
                "Actual Rows": 7836012,
                "Actual Loops": 2,
                "Inner Unique": false,
                "Hash Cond": "(mk.movie_id = t.id)",
                "Plans": [
                  {
                    "Node Type": "Seq Scan",
                    "Parent Relationship": "Outer",
                    "Parallel Aware": true,
                    "Relation Name": "movie_keyword",
                    "Alias": "mk",
                    "Startup Cost": 0.0,
                    "Total Cost": 51065.35,
                    "Plan Rows": 2661135,
                    "Plan Width": 4,
                    "Actual Startup Time": 0.016,
                    "Actual Total Time": 151.165,
                    "Actual Rows": 2261965,
                    "Actual Loops": 2
                  },
                  {
                    "Node Type": "Hash",
                    "Parent Relationship": "Inner",
                    "Parallel Aware": true,
                    "Startup Cost": 737288.16,
                    "Total Cost": 737288.16,
                    "Plan Rows": 2356075,
                    "Plan Width": 8,
                    "Actual Startup Time": 3713.555,
                    "Actual Total Time": 3713.557,
                    "Actual Rows": 1991900,
                    "Actual Loops": 2,
                    "Hash Buckets": 4194304,
                    "Original Hash Buckets": 4194304,
                    "Hash Batches": 1,
                    "Original Hash Batches": 1,
                    "Peak Memory Usage": 188640,
                    "Plans": [
                      {
                        "Node Type": "Merge Join",
                        "Parent Relationship": "Outer",
                        "Parallel Aware": false,
                        "Join Type": "Inner",
                        "Startup Cost": 590149.89,
                        "Total Cost": 737288.16,
                        "Plan Rows": 2356075,
                        "Plan Width": 8,
                        "Actual Startup Time": 1663.644,
                        "Actual Total Time": 3302.369,
                        "Actual Rows": 1991900,
                        "Actual Loops": 2,
                        "Inner Unique": false,
                        "Merge Cond": "(t.id = ci.movie_id)",
                        "Plans": [
                          {
                            "Node Type": "Index Only Scan",
                            "Parent Relationship": "Outer",
                            "Parallel Aware": true,
                            "Scan Direction": "Forward",
                            "Index Name": "title_pkey",
                            "Relation Name": "title",
                            "Alias": "t",
                            "Startup Cost": 0.43,
                            "Total Cost": 99929.35,
                            "Plan Rows": 1487231,
                            "Plan Width": 4,
                            "Actual Startup Time": 0.101,
                            "Actual Total Time": 705.215,
                            "Actual Rows": 1262986,
                            "Actual Loops": 2,
                            "Heap Fetches": 2525972
                          },
                          {
                            "Node Type": "Sort",
                            "Parent Relationship": "Inner",
                            "Parallel Aware": false,
                            "Startup Cost": 590149.03,
                            "Total Cost": 600162.35,
                            "Plan Rows": 4005328,
                            "Plan Width": 4,
                            "Actual Startup Time": 1663.463,
                            "Actual Total Time": 2112.649,
                            "Actual Rows": 3983801,
                            "Actual Loops": 2,
                            "Sort Key": [
                              "ci.movie_id"
                            ],
                            "Sort Method": "quicksort",
                            "Sort Space Used": 285045,
                            "Sort Space Type": "Memory",
                            "Workers": [
                              {
                                "Worker Number": 0,
                                "Sort Method": "quicksort",
                                "Sort Space Used": 285045,
                                "Sort Space Type": "Memory"
                              }
                            ],
                            "Plans": [
                              {
                                "Node Type": "Index Scan",
                                "Parent Relationship": "Outer",
                                "Parallel Aware": false,
                                "Scan Direction": "Forward",
                                "Index Name": "role_id_cast_info",
                                "Relation Name": "cast_info",
                                "Alias": "ci",
                                "Startup Cost": 0.56,
                                "Total Cost": 150894.95,
                                "Plan Rows": 4005328,
                                "Plan Width": 4,
                                "Actual Startup Time": 0.159,
                                "Actual Total Time": 713.952,
                                "Actual Rows": 3983801,
                                "Actual Loops": 2,
                                "Index Cond": "(role_id = 3)",
                                "Rows Removed by Index Recheck": 0,
                                "Filter": "(person_id > 41959)",
                                "Rows Removed by Filter": 24236
                              }
                            ]
                          }
                        ]
                      }
                    ]
                  }
                ]
              }
            ]
          }
        ]
      }
    ]
  },
  "Planning Time": 1.143,
  "Triggers": [],
  "Execution Time": 5046.176
}