[
    {
        "Bao": {
            "Bao prediction": "NaN",
            "Bao recommended hint": "(no hint)"
        }
    },
    {
        "Plan": {
            "Node Type": "Aggregate",
            "Strategy": "Plain",
            "Partial Mode": "Finalize",
            "Parallel Aware": false,
            "Startup Cost": 31931.84,
            "Total Cost": 31931.85,
            "Plan Rows": 1,
            "Plan Width": 8,
            "Actual Startup Time": 88.816,
            "Actual Total Time": 93.58,
            "Actual Rows": 1,
            "Actual Loops": 1,
            "Output": [
                "count(*)"
            ],
            "Plans": [
                {
                    "Node Type": "Gather",
                    "Parent Relationship": "Outer",
                    "Parallel Aware": false,
                    "Startup Cost": 31931.52,
                    "Total Cost": 31931.83,
                    "Plan Rows": 3,
                    "Plan Width": 8,
                    "Actual Startup Time": 88.563,
                    "Actual Total Time": 93.573,
                    "Actual Rows": 4,
                    "Actual Loops": 1,
                    "Output": [
                        "(PARTIAL count(*))"
                    ],
                    "Workers Planned": 3,
                    "Workers Launched": 3,
                    "Single Copy": false,
                    "Plans": [
                        {
                            "Node Type": "Aggregate",
                            "Strategy": "Plain",
                            "Partial Mode": "Partial",
                            "Parent Relationship": "Outer",
                            "Parallel Aware": false,
                            "Startup Cost": 30931.52,
                            "Total Cost": 30931.53,
                            "Plan Rows": 1,
                            "Plan Width": 8,
                            "Actual Startup Time": 79.98,
                            "Actual Total Time": 79.982,
                            "Actual Rows": 1,
                            "Actual Loops": 4,
                            "Output": [
                                "PARTIAL count(*)"
                            ],
                            "Workers": [
                                {
                                    "Worker Number": 0,
                                    "Actual Startup Time": 77.103,
                                    "Actual Total Time": 77.104,
                                    "Actual Rows": 1,
                                    "Actual Loops": 1
                                },
                                {
                                    "Worker Number": 1,
                                    "Actual Startup Time": 77.215,
                                    "Actual Total Time": 77.217,
                                    "Actual Rows": 1,
                                    "Actual Loops": 1
                                },
                                {
                                    "Worker Number": 2,
                                    "Actual Startup Time": 77.317,
                                    "Actual Total Time": 77.319,
                                    "Actual Rows": 1,
                                    "Actual Loops": 1
                                }
                            ],
                            "Plans": [
                                {
                                    "Node Type": "Bitmap Heap Scan",
                                    "Parent Relationship": "Outer",
                                    "Parallel Aware": true,
                                    "Relation Name": "movie_companies",
                                    "Schema": "public",
                                    "Alias": "mc",
                                    "Startup Cost": 9768.45,
                                    "Total Cost": 30752.3,
                                    "Plan Rows": 71690,
                                    "Plan Width": 0,
                                    "Actual Startup Time": 18.685,
                                    "Actual Total Time": 74.057,
                                    "Actual Rows": 84528,
                                    "Actual Loops": 4,
                                    "Recheck Cond": "(mc.company_id < 352)",
                                    "Rows Removed by Index Recheck": 0,
                                    "Filter": "(mc.company_type_id < 2)",
                                    "Rows Removed by Filter": 27122,
                                    "Exact Heap Blocks": 8741,
                                    "Lossy Heap Blocks": 0,
                                    "Workers": [
                                        {
                                            "Worker Number": 0,
                                            "Actual Startup Time": 15.883,
                                            "Actual Total Time": 71.645,
                                            "Actual Rows": 40905,
                                            "Actual Loops": 1
                                        },
                                        {
                                            "Worker Number": 1,
                                            "Actual Startup Time": 16.065,
                                            "Actual Total Time": 71.763,
                                            "Actual Rows": 50738,
                                            "Actual Loops": 1
                                        },
                                        {
                                            "Worker Number": 2,
                                            "Actual Startup Time": 16.064,
                                            "Actual Total Time": 72.076,
                                            "Actual Rows": 47253,
                                            "Actual Loops": 1
                                        }
                                    ],
                                    "Plans": [
                                        {
                                            "Node Type": "Bitmap Index Scan",
                                            "Parent Relationship": "Outer",
                                            "Parallel Aware": false,
                                            "Index Name": "company_id_movie_companies",
                                            "Startup Cost": 0.0,
                                            "Total Cost": 9712.89,
                                            "Plan Rows": 453395,
                                            "Plan Width": 0,
                                            "Actual Startup Time": 23.522,
                                            "Actual Total Time": 23.523,
                                            "Actual Rows": 446597,
                                            "Actual Loops": 1,
                                            "Index Cond": "(mc.company_id < 352)"
                                        }
                                    ]
                                }
                            ]
                        }
                    ]
                }
            ]
        },
        "Planning Time": 237.269,
        "Triggers": [],
        "Execution Time": 93.632
    }
]