[
  {
    "Plan": {
      "Node Type": "Aggregate",
      "Strategy": "Plain",
      "Partial Mode": "Finalize",
      "Parallel Aware": false,
      "Startup Cost": 24117.7,
      "Total Cost": 24117.71,
      "Plan Rows": 1,
      "Plan Width": 8,
      "Actual Startup Time": 31.059,
      "Actual Total Time": 33.579,
      "Actual Rows": 1,
      "Actual Loops": 1,
      "Plans": [
        {
          "Node Type": "Gather",
          "Parent Relationship": "Outer",
          "Parallel Aware": false,
          "Startup Cost": 24117.38,
          "Total Cost": 24117.69,
          "Plan Rows": 3,
          "Plan Width": 8,
          "Actual Startup Time": 30.897,
          "Actual Total Time": 33.572,
          "Actual Rows": 4,
          "Actual Loops": 1,
          "Workers Planned": 3,
          "Workers Launched": 3,
          "Single Copy": false,
          "Plans": [
            {
              "Node Type": "Aggregate",
              "Strategy": "Plain",
              "Partial Mode": "Partial",
              "Parent Relationship": "Outer",
              "Parallel Aware": false,
              "Startup Cost": 23117.38,
              "Total Cost": 23117.39,
              "Plan Rows": 1,
              "Plan Width": 8,
              "Actual Startup Time": 25.534,
              "Actual Total Time": 25.535,
              "Actual Rows": 1,
              "Actual Loops": 4,
              "Plans": [
                {
                  "Node Type": "Bitmap Heap Scan",
                  "Parent Relationship": "Outer",
                  "Parallel Aware": true,
                  "Relation Name": "movie_companies",
                  "Alias": "mc",
                  "Startup Cost": 3537.52,
                  "Total Cost": 22985.74,
                  "Plan Rows": 52657,
                  "Plan Width": 0,
                  "Actual Startup Time": 4.94,
                  "Actual Total Time": 22.971,
                  "Actual Rows": 39757,
                  "Actual Loops": 4,
                  "Recheck Cond": "(company_id > 128217)",
                  "Rows Removed by Index Recheck": 0,
                  "Exact Heap Blocks": 1787,
                  "Lossy Heap Blocks": 0,
                  "Plans": [
                    {
                      "Node Type": "Bitmap Index Scan",
                      "Parent Relationship": "Outer",
                      "Parallel Aware": false,
                      "Index Name": "company_id_movie_companies",
                      "Startup Cost": 0.0,
                      "Total Cost": 3496.71,
                      "Plan Rows": 163238,
                      "Plan Width": 0,
                      "Actual Startup Time": 8.797,
                      "Actual Total Time": 8.798,
                      "Actual Rows": 159028,
                      "Actual Loops": 1,
                      "Index Cond": "(company_id > 128217)"
                    }
                  ]
                }
              ]
            }
          ]
        }
      ]
    },
    "Planning Time": 0.098,
    "Triggers": [],
    "Execution Time": 33.616
  }
]