{
  "Plan": {
    "Node Type": "Aggregate",
    "Strategy": "Plain",
    "Partial Mode": "Finalize",
    "Parallel Aware": false,
    "Startup Cost": 109298.07,
    "Total Cost": 109298.08,
    "Plan Rows": 1,
    "Plan Width": 8,
    "Actual Startup Time": 447.642,
    "Actual Total Time": 458.326,
    "Actual Rows": 1,
    "Actual Loops": 1,
    "Plans": [
      {
        "Node Type": "Gather",
        "Parent Relationship": "Outer",
        "Parallel Aware": false,
        "Startup Cost": 109297.96,
        "Total Cost": 109298.07,
        "Plan Rows": 1,
        "Plan Width": 8,
        "Actual Startup Time": 445.884,
        "Actual Total Time": 458.32,
        "Actual Rows": 2,
        "Actual Loops": 1,
        "Workers Planned": 1,
        "Workers Launched": 1,
        "Single Copy": false,
        "Plans": [
          {
            "Node Type": "Aggregate",
            "Strategy": "Plain",
            "Partial Mode": "Partial",
            "Parent Relationship": "Outer",
            "Parallel Aware": false,
            "Startup Cost": 108297.96,
            "Total Cost": 108297.97,
            "Plan Rows": 1,
            "Plan Width": 8,
            "Actual Startup Time": 442.584,
            "Actual Total Time": 442.59,
            "Actual Rows": 1,
            "Actual Loops": 2,
            "Plans": [
              {
                "Node Type": "Hash Join",
                "Parent Relationship": "Outer",
                "Parallel Aware": true,
                "Join Type": "Inner",
                "Startup Cost": 89068.4,
                "Total Cost": 108258.44,
                "Plan Rows": 15809,
                "Plan Width": 0,
                "Actual Startup Time": 368.1,
                "Actual Total Time": 438.447,
                "Actual Rows": 102864,
                "Actual Loops": 2,
                "Inner Unique": false,
                "Hash Cond": "(mi_idx.movie_id = t.id)",
                "Plans": [
                  {
                    "Node Type": "Seq Scan",
                    "Parent Relationship": "Outer",
                    "Parallel Aware": true,
                    "Relation Name": "movie_info_idx",
                    "Alias": "mi_idx",
                    "Startup Cost": 0.0,
                    "Total Cost": 16052.85,
                    "Plan Rows": 811785,
                    "Plan Width": 4,
                    "Actual Startup Time": 0.018,
                    "Actual Total Time": 48.381,
                    "Actual Rows": 690018,
                    "Actual Loops": 2
                  },
                  {
                    "Node Type": "Hash",
                    "Parent Relationship": "Inner",
                    "Parallel Aware": true,
                    "Startup Cost": 88706.36,
                    "Total Cost": 88706.36,
                    "Plan Rows": 28963,
                    "Plan Width": 8,
                    "Actual Startup Time": 322.227,
                    "Actual Total Time": 322.231,
                    "Actual Rows": 66616,
                    "Actual Loops": 2,
                    "Hash Buckets": 262144,
                    "Original Hash Buckets": 65536,
                    "Hash Batches": 1,
                    "Original Hash Batches": 1,
                    "Peak Memory Usage": 8832,
                    "Plans": [
                      {
                        "Node Type": "Hash Join",
                        "Parent Relationship": "Outer",
                        "Parallel Aware": true,
                        "Join Type": "Inner",
                        "Startup Cost": 67530.47,
                        "Total Cost": 88706.36,
                        "Plan Rows": 28963,
                        "Plan Width": 8,
                        "Actual Startup Time": 246.899,
                        "Actual Total Time": 304.289,
                        "Actual Rows": 66616,
                        "Actual Loops": 2,
                        "Inner Unique": true,
                        "Hash Cond": "(mc.movie_id = t.id)",
                        "Plans": [
                          {
                            "Node Type": "Bitmap Heap Scan",
                            "Parent Relationship": "Outer",
                            "Parallel Aware": true,
                            "Relation Name": "movie_companies",
                            "Alias": "mc",
                            "Startup Cost": 5810.72,
                            "Total Cost": 26572.53,
                            "Plan Rows": 157745,
                            "Plan Width": 4,
                            "Actual Startup Time": 15.615,
                            "Actual Total Time": 36.476,
                            "Actual Rows": 133524,
                            "Actual Loops": 2,
                            "Recheck Cond": "(company_id > 98262)",
                            "Rows Removed by Index Recheck": 0,
                            "Exact Heap Blocks": 2420,
                            "Lossy Heap Blocks": 0,
                            "Plans": [
                              {
                                "Node Type": "Bitmap Index Scan",
                                "Parent Relationship": "Outer",
                                "Parallel Aware": false,
                                "Index Name": "company_id_movie_companies",
                                "Startup Cost": 0.0,
                                "Total Cost": 5743.68,
                                "Plan Rows": 268166,
                                "Plan Width": 0,
                                "Actual Startup Time": 14.916,
                                "Actual Total Time": 14.917,
                                "Actual Rows": 267047,
                                "Actual Loops": 1,
                                "Index Cond": "(company_id > 98262)"
                              }
                            ]
                          },
                          {
                            "Node Type": "Hash",
                            "Parent Relationship": "Inner",
                            "Parallel Aware": true,
                            "Startup Cost": 58306.47,
                            "Total Cost": 58306.47,
                            "Plan Rows": 273063,
                            "Plan Width": 4,
                            "Actual Startup Time": 228.382,
                            "Actual Total Time": 228.383,
                            "Actual Rows": 278746,
                            "Actual Loops": 2,
                            "Hash Buckets": 1048576,
                            "Original Hash Buckets": 524288,
                            "Hash Batches": 1,
                            "Original Hash Batches": 1,
                            "Peak Memory Usage": 34144,
                            "Plans": [
                              {
                                "Node Type": "Seq Scan",
                                "Parent Relationship": "Outer",
                                "Parallel Aware": true,
                                "Relation Name": "title",
                                "Alias": "t",
                                "Startup Cost": 0.0,
                                "Total Cost": 58306.47,
                                "Plan Rows": 273063,
                                "Plan Width": 4,
                                "Actual Startup Time": 0.03,
                                "Actual Total Time": 155.194,
                                "Actual Rows": 278746,
                                "Actual Loops": 2,
                                "Filter": "((kind_id < 7) AND (production_year < 2003))",
                                "Rows Removed by Filter": 985410
                              }
                            ]
                          }
                        ]
                      }
                    ]
                  }
                ]
              }
            ]
          }
        ]
      }
    ]
  },
  "Planning Time": 0.544,
  "Triggers": [],
  "Execution Time": 458.397
}