{
  "Plan": {
    "Node Type": "Aggregate",
    "Strategy": "Plain",
    "Partial Mode": "Finalize",
    "Parallel Aware": false,
    "Startup Cost": 70462.42,
    "Total Cost": 70462.43,
    "Plan Rows": 1,
    "Plan Width": 8,
    "Actual Startup Time": 69.037,
    "Actual Total Time": 76.664,
    "Actual Rows": 1,
    "Actual Loops": 1,
    "Plans": [
      {
        "Node Type": "Gather",
        "Parent Relationship": "Outer",
        "Parallel Aware": false,
        "Startup Cost": 70462.3,
        "Total Cost": 70462.41,
        "Plan Rows": 1,
        "Plan Width": 8,
        "Actual Startup Time": 68.81,
        "Actual Total Time": 76.658,
        "Actual Rows": 2,
        "Actual Loops": 1,
        "Workers Planned": 1,
        "Workers Launched": 1,
        "Single Copy": false,
        "Plans": [
          {
            "Node Type": "Aggregate",
            "Strategy": "Plain",
            "Partial Mode": "Partial",
            "Parent Relationship": "Outer",
            "Parallel Aware": false,
            "Startup Cost": 69462.3,
            "Total Cost": 69462.31,
            "Plan Rows": 1,
            "Plan Width": 8,
            "Actual Startup Time": 64.72,
            "Actual Total Time": 64.721,
            "Actual Rows": 1,
            "Actual Loops": 2,
            "Plans": [
              {
                "Node Type": "Nested Loop",
                "Parent Relationship": "Outer",
                "Parallel Aware": false,
                "Join Type": "Inner",
                "Startup Cost": 600.35,
                "Total Cost": 69442.22,
                "Plan Rows": 8034,
                "Plan Width": 0,
                "Actual Startup Time": 8.138,
                "Actual Total Time": 63.966,
                "Actual Rows": 6416,
                "Actual Loops": 2,
                "Inner Unique": true,
                "Plans": [
                  {
                    "Node Type": "Bitmap Heap Scan",
                    "Parent Relationship": "Outer",
                    "Parallel Aware": true,
                    "Relation Name": "movie_companies",
                    "Alias": "mc",
                    "Startup Cost": 599.92,
                    "Total Cost": 20557.29,
                    "Plan Rows": 8034,
                    "Plan Width": 4,
                    "Actual Startup Time": 8.012,
                    "Actual Total Time": 21.62,
                    "Actual Rows": 6416,
                    "Actual Loops": 2,
                    "Recheck Cond": "(company_id = 27)",
                    "Rows Removed by Index Recheck": 0,
                    "Filter": "(company_type_id = 1)",
                    "Rows Removed by Filter": 7235,
                    "Exact Heap Blocks": 5438,
                    "Lossy Heap Blocks": 0,
                    "Plans": [
                      {
                        "Node Type": "Bitmap Index Scan",
                        "Parent Relationship": "Outer",
                        "Parallel Aware": false,
                        "Index Name": "company_id_movie_companies",
                        "Startup Cost": 0.0,
                        "Total Cost": 596.51,
                        "Plan Rows": 27744,
                        "Plan Width": 0,
                        "Actual Startup Time": 7.888,
                        "Actual Total Time": 7.888,
                        "Actual Rows": 27303,
                        "Actual Loops": 1,
                        "Index Cond": "(company_id = 27)"
                      }
                    ]
                  },
                  {
                    "Node Type": "Index Only Scan",
                    "Parent Relationship": "Inner",
                    "Parallel Aware": false,
                    "Scan Direction": "Forward",
                    "Index Name": "title_pkey",
                    "Relation Name": "title",
                    "Alias": "t",
                    "Startup Cost": 0.43,
                    "Total Cost": 6.08,
                    "Plan Rows": 1,
                    "Plan Width": 4,
                    "Actual Startup Time": 0.006,
                    "Actual Total Time": 0.006,
                    "Actual Rows": 1,
                    "Actual Loops": 12833,
                    "Index Cond": "(id = mc.movie_id)",
                    "Rows Removed by Index Recheck": 0,
                    "Heap Fetches": 12833
                  }
                ]
              }
            ]
          }
        ]
      }
    ]
  },
  "Planning Time": 0.561,
  "Triggers": [],
  "Execution Time": 76.735
}