[
    {
        "Bao": {
            "Bao prediction": "NaN",
            "Bao recommended hint": "(no hint)"
        }
    },
    {
        "Plan": {
            "Node Type": "Aggregate",
            "Strategy": "Plain",
            "Partial Mode": "Finalize",
            "Parallel Aware": false,
            "Startup Cost": 32204.06,
            "Total Cost": 32204.07,
            "Plan Rows": 1,
            "Plan Width": 8,
            "Actual Startup Time": 86.24,
            "Actual Total Time": 91.743,
            "Actual Rows": 1,
            "Actual Loops": 1,
            "Output": [
                "count(*)"
            ],
            "Plans": [
                {
                    "Node Type": "Gather",
                    "Parent Relationship": "Outer",
                    "Parallel Aware": false,
                    "Startup Cost": 32203.74,
                    "Total Cost": 32204.05,
                    "Plan Rows": 3,
                    "Plan Width": 8,
                    "Actual Startup Time": 85.955,
                    "Actual Total Time": 91.736,
                    "Actual Rows": 4,
                    "Actual Loops": 1,
                    "Output": [
                        "(PARTIAL count(*))"
                    ],
                    "Workers Planned": 3,
                    "Workers Launched": 3,
                    "Single Copy": false,
                    "Plans": [
                        {
                            "Node Type": "Aggregate",
                            "Strategy": "Plain",
                            "Partial Mode": "Partial",
                            "Parent Relationship": "Outer",
                            "Parallel Aware": false,
                            "Startup Cost": 31203.74,
                            "Total Cost": 31203.75,
                            "Plan Rows": 1,
                            "Plan Width": 8,
                            "Actual Startup Time": 77.607,
                            "Actual Total Time": 77.608,
                            "Actual Rows": 1,
                            "Actual Loops": 4,
                            "Output": [
                                "PARTIAL count(*)"
                            ],
                            "Workers": [
                                {
                                    "Worker Number": 0,
                                    "Actual Startup Time": 74.623,
                                    "Actual Total Time": 74.624,
                                    "Actual Rows": 1,
                                    "Actual Loops": 1
                                },
                                {
                                    "Worker Number": 1,
                                    "Actual Startup Time": 74.832,
                                    "Actual Total Time": 74.833,
                                    "Actual Rows": 1,
                                    "Actual Loops": 1
                                },
                                {
                                    "Worker Number": 2,
                                    "Actual Startup Time": 75.254,
                                    "Actual Total Time": 75.255,
                                    "Actual Rows": 1,
                                    "Actual Loops": 1
                                }
                            ],
                            "Plans": [
                                {
                                    "Node Type": "Bitmap Heap Scan",
                                    "Parent Relationship": "Outer",
                                    "Parallel Aware": true,
                                    "Relation Name": "movie_companies",
                                    "Schema": "public",
                                    "Alias": "mc",
                                    "Startup Cost": 9986.84,
                                    "Total Cost": 31020.45,
                                    "Plan Rows": 73316,
                                    "Plan Width": 0,
                                    "Actual Startup Time": 17.077,
                                    "Actual Total Time": 71.481,
                                    "Actual Rows": 85920,
                                    "Actual Loops": 4,
                                    "Recheck Cond": "(mc.company_id < 390)",
                                    "Rows Removed by Index Recheck": 0,
                                    "Filter": "(mc.company_type_id < 2)",
                                    "Rows Removed by Filter": 28196,
                                    "Exact Heap Blocks": 8637,
                                    "Lossy Heap Blocks": 0,
                                    "Workers": [
                                        {
                                            "Worker Number": 0,
                                            "Actual Startup Time": 14.128,
                                            "Actual Total Time": 68.987,
                                            "Actual Rows": 52301,
                                            "Actual Loops": 1
                                        },
                                        {
                                            "Worker Number": 1,
                                            "Actual Startup Time": 14.357,
                                            "Actual Total Time": 69.263,
                                            "Actual Rows": 51907,
                                            "Actual Loops": 1
                                        },
                                        {
                                            "Worker Number": 2,
                                            "Actual Startup Time": 14.946,
                                            "Actual Total Time": 69.804,
                                            "Actual Rows": 44596,
                                            "Actual Loops": 1
                                        }
                                    ],
                                    "Plans": [
                                        {
                                            "Node Type": "Bitmap Index Scan",
                                            "Parent Relationship": "Outer",
                                            "Parallel Aware": false,
                                            "Index Name": "company_id_movie_companies",
                                            "Startup Cost": 0.0,
                                            "Total Cost": 9930.02,
                                            "Plan Rows": 463679,
                                            "Plan Width": 0,
                                            "Actual Startup Time": 22.204,
                                            "Actual Total Time": 22.204,
                                            "Actual Rows": 456466,
                                            "Actual Loops": 1,
                                            "Index Cond": "(mc.company_id < 390)"
                                        }
                                    ]
                                }
                            ]
                        }
                    ]
                }
            ]
        },
        "Planning Time": 191.182,
        "Triggers": [],
        "Execution Time": 91.79
    }
]