{
  "Plan": {
    "Node Type": "Aggregate",
    "Strategy": "Plain",
    "Partial Mode": "Finalize",
    "Parallel Aware": false,
    "Startup Cost": 784293.5,
    "Total Cost": 784293.51,
    "Plan Rows": 1,
    "Plan Width": 8,
    "Actual Startup Time": 4246.749,
    "Actual Total Time": 4342.823,
    "Actual Rows": 1,
    "Actual Loops": 1,
    "Plans": [
      {
        "Node Type": "Gather",
        "Parent Relationship": "Outer",
        "Parallel Aware": false,
        "Startup Cost": 784293.39,
        "Total Cost": 784293.5,
        "Plan Rows": 1,
        "Plan Width": 8,
        "Actual Startup Time": 4246.659,
        "Actual Total Time": 4342.815,
        "Actual Rows": 2,
        "Actual Loops": 1,
        "Workers Planned": 1,
        "Workers Launched": 1,
        "Single Copy": false,
        "Plans": [
          {
            "Node Type": "Aggregate",
            "Strategy": "Plain",
            "Partial Mode": "Partial",
            "Parent Relationship": "Outer",
            "Parallel Aware": false,
            "Startup Cost": 783293.39,
            "Total Cost": 783293.4,
            "Plan Rows": 1,
            "Plan Width": 8,
            "Actual Startup Time": 4240.639,
            "Actual Total Time": 4240.642,
            "Actual Rows": 1,
            "Actual Loops": 2,
            "Plans": [
              {
                "Node Type": "Nested Loop",
                "Parent Relationship": "Outer",
                "Parallel Aware": false,
                "Join Type": "Inner",
                "Startup Cost": 54692.92,
                "Total Cost": 781548.91,
                "Plan Rows": 697792,
                "Plan Width": 0,
                "Actual Startup Time": 137.041,
                "Actual Total Time": 4193.096,
                "Actual Rows": 1021549,
                "Actual Loops": 2,
                "Inner Unique": false,
                "Join Filter": "(t.id = mi.movie_id)",
                "Rows Removed by Join Filter": 0,
                "Plans": [
                  {
                    "Node Type": "Hash Join",
                    "Parent Relationship": "Outer",
                    "Parallel Aware": true,
                    "Join Type": "Inner",
                    "Startup Cost": 54692.49,
                    "Total Cost": 576425.84,
                    "Plan Rows": 119336,
                    "Plan Width": 8,
                    "Actual Startup Time": 136.972,
                    "Actual Total Time": 3116.56,
                    "Actual Rows": 90936,
                    "Actual Loops": 2,
                    "Inner Unique": true,
                    "Hash Cond": "(ci.movie_id = t.id)",
                    "Plans": [
                      {
                        "Node Type": "Seq Scan",
                        "Parent Relationship": "Outer",
                        "Parallel Aware": true,
                        "Relation Name": "cast_info",
                        "Alias": "ci",
                        "Startup Cost": 0.0,
                        "Total Cost": 465792.95,
                        "Plan Rows": 21310595,
                        "Plan Width": 4,
                        "Actual Startup Time": 0.013,
                        "Actual Total Time": 1306.389,
                        "Actual Rows": 18122172,
                        "Actual Loops": 2
                      },
                      {
                        "Node Type": "Hash",
                        "Parent Relationship": "Inner",
                        "Parallel Aware": true,
                        "Startup Cost": 54588.39,
                        "Total Cost": 54588.39,
                        "Plan Rows": 8328,
                        "Plan Width": 4,
                        "Actual Startup Time": 135.934,
                        "Actual Total Time": 135.935,
                        "Actual Rows": 7174,
                        "Actual Loops": 2,
                        "Hash Buckets": 16384,
                        "Original Hash Buckets": 16384,
                        "Hash Batches": 1,
                        "Original Hash Batches": 1,
                        "Peak Memory Usage": 736,
                        "Plans": [
                          {
                            "Node Type": "Seq Scan",
                            "Parent Relationship": "Outer",
                            "Parallel Aware": true,
                            "Relation Name": "title",
                            "Alias": "t",
                            "Startup Cost": 0.0,
                            "Total Cost": 54588.39,
                            "Plan Rows": 8328,
                            "Plan Width": 4,
                            "Actual Startup Time": 0.35,
                            "Actual Total Time": 133.404,
                            "Actual Rows": 7174,
                            "Actual Loops": 2,
                            "Filter": "(production_year = 1969)",
                            "Rows Removed by Filter": 1256982
                          }
                        ]
                      }
                    ]
                  },
                  {
                    "Node Type": "Index Only Scan",
                    "Parent Relationship": "Inner",
                    "Parallel Aware": false,
                    "Scan Direction": "Forward",
                    "Index Name": "movie_id_movie_info",
                    "Relation Name": "movie_info",
                    "Alias": "mi",
                    "Startup Cost": 0.43,
                    "Total Cost": 1.19,
                    "Plan Rows": 42,
                    "Plan Width": 4,
                    "Actual Startup Time": 0.004,
                    "Actual Total Time": 0.011,
                    "Actual Rows": 11,
                    "Actual Loops": 181871,
                    "Index Cond": "(movie_id = ci.movie_id)",
                    "Rows Removed by Index Recheck": 0,
                    "Heap Fetches": 2043098
                  }
                ]
              }
            ]
          }
        ]
      }
    ]
  },
  "Planning Time": 0.918,
  "Triggers": [],
  "Execution Time": 4342.924
}