[
    {
        "Bao": {
            "Bao prediction": "NaN",
            "Bao recommended hint": "(no hint)"
        }
    },
    {
        "Plan": {
            "Node Type": "Aggregate",
            "Strategy": "Plain",
            "Partial Mode": "Finalize",
            "Parallel Aware": false,
            "Startup Cost": 32475.48,
            "Total Cost": 32475.49,
            "Plan Rows": 1,
            "Plan Width": 8,
            "Actual Startup Time": 98.892,
            "Actual Total Time": 104.822,
            "Actual Rows": 1,
            "Actual Loops": 1,
            "Output": [
                "count(*)"
            ],
            "Plans": [
                {
                    "Node Type": "Gather",
                    "Parent Relationship": "Outer",
                    "Parallel Aware": false,
                    "Startup Cost": 32475.16,
                    "Total Cost": 32475.47,
                    "Plan Rows": 3,
                    "Plan Width": 8,
                    "Actual Startup Time": 98.632,
                    "Actual Total Time": 104.814,
                    "Actual Rows": 4,
                    "Actual Loops": 1,
                    "Output": [
                        "(PARTIAL count(*))"
                    ],
                    "Workers Planned": 3,
                    "Workers Launched": 3,
                    "Single Copy": false,
                    "Plans": [
                        {
                            "Node Type": "Aggregate",
                            "Strategy": "Plain",
                            "Partial Mode": "Partial",
                            "Parent Relationship": "Outer",
                            "Parallel Aware": false,
                            "Startup Cost": 31475.16,
                            "Total Cost": 31475.17,
                            "Plan Rows": 1,
                            "Plan Width": 8,
                            "Actual Startup Time": 89.641,
                            "Actual Total Time": 89.643,
                            "Actual Rows": 1,
                            "Actual Loops": 4,
                            "Output": [
                                "PARTIAL count(*)"
                            ],
                            "Workers": [
                                {
                                    "Worker Number": 0,
                                    "Actual Startup Time": 86.686,
                                    "Actual Total Time": 86.688,
                                    "Actual Rows": 1,
                                    "Actual Loops": 1
                                },
                                {
                                    "Worker Number": 1,
                                    "Actual Startup Time": 86.687,
                                    "Actual Total Time": 86.689,
                                    "Actual Rows": 1,
                                    "Actual Loops": 1
                                },
                                {
                                    "Worker Number": 2,
                                    "Actual Startup Time": 87.157,
                                    "Actual Total Time": 87.159,
                                    "Actual Rows": 1,
                                    "Actual Loops": 1
                                }
                            ],
                            "Plans": [
                                {
                                    "Node Type": "Bitmap Heap Scan",
                                    "Parent Relationship": "Outer",
                                    "Parallel Aware": true,
                                    "Relation Name": "movie_keyword",
                                    "Schema": "public",
                                    "Alias": "mk",
                                    "Startup Cost": 5717.1,
                                    "Total Cost": 31257.82,
                                    "Plan Rows": 86937,
                                    "Plan Width": 0,
                                    "Actual Startup Time": 27.907,
                                    "Actual Total Time": 85.437,
                                    "Actual Rows": 67144,
                                    "Actual Loops": 4,
                                    "Recheck Cond": "(mk.keyword_id > 58485)",
                                    "Rows Removed by Index Recheck": 0,
                                    "Exact Heap Blocks": 11039,
                                    "Lossy Heap Blocks": 0,
                                    "Workers": [
                                        {
                                            "Worker Number": 0,
                                            "Actual Startup Time": 25.057,
                                            "Actual Total Time": 82.968,
                                            "Actual Rows": 48554,
                                            "Actual Loops": 1
                                        },
                                        {
                                            "Worker Number": 1,
                                            "Actual Startup Time": 25.346,
                                            "Actual Total Time": 83.088,
                                            "Actual Rows": 47687,
                                            "Actual Loops": 1
                                        },
                                        {
                                            "Worker Number": 2,
                                            "Actual Startup Time": 25.322,
                                            "Actual Total Time": 83.512,
                                            "Actual Rows": 36097,
                                            "Actual Loops": 1
                                        }
                                    ],
                                    "Plans": [
                                        {
                                            "Node Type": "Bitmap Index Scan",
                                            "Parent Relationship": "Outer",
                                            "Parallel Aware": false,
                                            "Index Name": "keyword_id_movie_keyword",
                                            "Startup Cost": 0.0,
                                            "Total Cost": 5649.73,
                                            "Plan Rows": 269506,
                                            "Plan Width": 0,
                                            "Actual Startup Time": 31.448,
                                            "Actual Total Time": 31.448,
                                            "Actual Rows": 268574,
                                            "Actual Loops": 1,
                                            "Index Cond": "(mk.keyword_id > 58485)"
                                        }
                                    ]
                                }
                            ]
                        }
                    ]
                }
            ]
        },
        "Planning Time": 177.529,
        "Triggers": [],
        "Execution Time": 104.923
    }
]