[
    {
        "Bao": {
            "Bao prediction": 1165.121,
            "Bao recommended hint": "SET enable_nestloop TO off; "
        }
    },
    {
        "Plan": {
            "Node Type": "Aggregate",
            "Strategy": "Plain",
            "Partial Mode": "Finalize",
            "Parallel Aware": false,
            "Startup Cost": 281739.67,
            "Total Cost": 281739.68,
            "Plan Rows": 1,
            "Plan Width": 8,
            "Actual Startup Time": 1015.236,
            "Actual Total Time": 1042.594,
            "Actual Rows": 1,
            "Actual Loops": 1,
            "Output": [
                "count(*)"
            ],
            "Plans": [
                {
                    "Node Type": "Gather",
                    "Parent Relationship": "Outer",
                    "Parallel Aware": false,
                    "Startup Cost": 281739.15,
                    "Total Cost": 281739.66,
                    "Plan Rows": 5,
                    "Plan Width": 8,
                    "Actual Startup Time": 1012.402,
                    "Actual Total Time": 1042.572,
                    "Actual Rows": 6,
                    "Actual Loops": 1,
                    "Output": [
                        "(PARTIAL count(*))"
                    ],
                    "Workers Planned": 5,
                    "Workers Launched": 5,
                    "Single Copy": false,
                    "Plans": [
                        {
                            "Node Type": "Aggregate",
                            "Strategy": "Plain",
                            "Partial Mode": "Partial",
                            "Parent Relationship": "Outer",
                            "Parallel Aware": false,
                            "Startup Cost": 280739.15,
                            "Total Cost": 280739.16,
                            "Plan Rows": 1,
                            "Plan Width": 8,
                            "Actual Startup Time": 1002.673,
                            "Actual Total Time": 1002.778,
                            "Actual Rows": 1,
                            "Actual Loops": 6,
                            "Output": [
                                "PARTIAL count(*)"
                            ],
                            "Workers": [
                                {
                                    "Worker Number": 0,
                                    "Actual Startup Time": 1000.805,
                                    "Actual Total Time": 1000.81,
                                    "Actual Rows": 1,
                                    "Actual Loops": 1
                                },
                                {
                                    "Worker Number": 1,
                                    "Actual Startup Time": 1000.775,
                                    "Actual Total Time": 1000.78,
                                    "Actual Rows": 1,
                                    "Actual Loops": 1
                                },
                                {
                                    "Worker Number": 2,
                                    "Actual Startup Time": 1001.237,
                                    "Actual Total Time": 1001.242,
                                    "Actual Rows": 1,
                                    "Actual Loops": 1
                                },
                                {
                                    "Worker Number": 3,
                                    "Actual Startup Time": 1000.913,
                                    "Actual Total Time": 1000.919,
                                    "Actual Rows": 1,
                                    "Actual Loops": 1
                                },
                                {
                                    "Worker Number": 4,
                                    "Actual Startup Time": 1000.807,
                                    "Actual Total Time": 1000.811,
                                    "Actual Rows": 1,
                                    "Actual Loops": 1
                                }
                            ],
                            "Plans": [
                                {
                                    "Node Type": "Hash Join",
                                    "Parent Relationship": "Outer",
                                    "Parallel Aware": true,
                                    "Join Type": "Inner",
                                    "Startup Cost": 77331.9,
                                    "Total Cost": 280373.37,
                                    "Plan Rows": 146309,
                                    "Plan Width": 0,
                                    "Actual Startup Time": 216.287,
                                    "Actual Total Time": 968.513,
                                    "Actual Rows": 576215,
                                    "Actual Loops": 6,
                                    "Inner Unique": false,
                                    "Hash Cond": "(mi.movie_id = t.id)",
                                    "Workers": [
                                        {
                                            "Worker Number": 0,
                                            "Actual Startup Time": 214.472,
                                            "Actual Total Time": 966.818,
                                            "Actual Rows": 512764,
                                            "Actual Loops": 1
                                        },
                                        {
                                            "Worker Number": 1,
                                            "Actual Startup Time": 214.46,
                                            "Actual Total Time": 966.19,
                                            "Actual Rows": 522214,
                                            "Actual Loops": 1
                                        },
                                        {
                                            "Worker Number": 2,
                                            "Actual Startup Time": 214.622,
                                            "Actual Total Time": 967.249,
                                            "Actual Rows": 511139,
                                            "Actual Loops": 1
                                        },
                                        {
                                            "Worker Number": 3,
                                            "Actual Startup Time": 214.571,
                                            "Actual Total Time": 967.527,
                                            "Actual Rows": 501766,
                                            "Actual Loops": 1
                                        },
                                        {
                                            "Worker Number": 4,
                                            "Actual Startup Time": 214.456,
                                            "Actual Total Time": 967.246,
                                            "Actual Rows": 505189,
                                            "Actual Loops": 1
                                        }
                                    ],
                                    "Plans": [
                                        {
                                            "Node Type": "Seq Scan",
                                            "Parent Relationship": "Outer",
                                            "Parallel Aware": true,
                                            "Relation Name": "movie_info",
                                            "Schema": "public",
                                            "Alias": "mi",
                                            "Startup Cost": 0.0,
                                            "Total Cost": 191503.19,
                                            "Plan Rows": 2951019,
                                            "Plan Width": 4,
                                            "Actual Startup Time": 0.017,
                                            "Actual Total Time": 340.545,
                                            "Actual Rows": 2472620,
                                            "Actual Loops": 6,
                                            "Output": [
                                                "mi.id",
                                                "mi.movie_id",
                                                "mi.info_type_id",
                                                "mi.info",
                                                "mi.note"
                                            ],
                                            "Workers": [
                                                {
                                                    "Worker Number": 0,
                                                    "Actual Startup Time": 0.017,
                                                    "Actual Total Time": 343.974,
                                                    "Actual Rows": 2172835,
                                                    "Actual Loops": 1
                                                },
                                                {
                                                    "Worker Number": 1,
                                                    "Actual Startup Time": 0.017,
                                                    "Actual Total Time": 343.109,
                                                    "Actual Rows": 2166325,
                                                    "Actual Loops": 1
                                                },
                                                {
                                                    "Worker Number": 2,
                                                    "Actual Startup Time": 0.016,
                                                    "Actual Total Time": 343.937,
                                                    "Actual Rows": 2173221,
                                                    "Actual Loops": 1
                                                },
                                                {
                                                    "Worker Number": 3,
                                                    "Actual Startup Time": 0.019,
                                                    "Actual Total Time": 352.522,
                                                    "Actual Rows": 2136691,
                                                    "Actual Loops": 1
                                                },
                                                {
                                                    "Worker Number": 4,
                                                    "Actual Startup Time": 0.023,
                                                    "Actual Total Time": 344.261,
                                                    "Actual Rows": 2176000,
                                                    "Actual Loops": 1
                                                }
                                            ]
                                        },
                                        {
                                            "Node Type": "Hash",
                                            "Parent Relationship": "Inner",
                                            "Parallel Aware": true,
                                            "Startup Cost": 76826.45,
                                            "Total Cost": 76826.45,
                                            "Plan Rows": 40436,
                                            "Plan Width": 8,
                                            "Actual Startup Time": 213.992,
                                            "Actual Total Time": 214.096,
                                            "Actual Rows": 17740,
                                            "Actual Loops": 6,
                                            "Output": [
                                                "t.id",
                                                "mc.movie_id"
                                            ],
                                            "Hash Buckets": 131072,
                                            "Original Hash Buckets": 131072,
                                            "Hash Batches": 1,
                                            "Original Hash Batches": 1,
                                            "Peak Memory Usage": 5280,
                                            "Workers": [
                                                {
                                                    "Worker Number": 0,
                                                    "Actual Startup Time": 213.013,
                                                    "Actual Total Time": 213.016,
                                                    "Actual Rows": 16592,
                                                    "Actual Loops": 1
                                                },
                                                {
                                                    "Worker Number": 1,
                                                    "Actual Startup Time": 212.895,
                                                    "Actual Total Time": 212.898,
                                                    "Actual Rows": 16127,
                                                    "Actual Loops": 1
                                                },
                                                {
                                                    "Worker Number": 2,
                                                    "Actual Startup Time": 213.222,
                                                    "Actual Total Time": 213.225,
                                                    "Actual Rows": 15380,
                                                    "Actual Loops": 1
                                                },
                                                {
                                                    "Worker Number": 3,
                                                    "Actual Startup Time": 213.135,
                                                    "Actual Total Time": 213.139,
                                                    "Actual Rows": 15644,
                                                    "Actual Loops": 1
                                                },
                                                {
                                                    "Worker Number": 4,
                                                    "Actual Startup Time": 212.996,
                                                    "Actual Total Time": 212.999,
                                                    "Actual Rows": 16305,
                                                    "Actual Loops": 1
                                                }
                                            ],
                                            "Plans": [
                                                {
                                                    "Node Type": "Hash Join",
                                                    "Parent Relationship": "Outer",
                                                    "Parallel Aware": true,
                                                    "Join Type": "Inner",
                                                    "Startup Cost": 46942.73,
                                                    "Total Cost": 76826.45,
                                                    "Plan Rows": 40436,
                                                    "Plan Width": 8,
                                                    "Actual Startup Time": 121.992,
                                                    "Actual Total Time": 206.609,
                                                    "Actual Rows": 17740,
                                                    "Actual Loops": 6,
                                                    "Output": [
                                                        "t.id",
                                                        "mc.movie_id"
                                                    ],
                                                    "Inner Unique": true,
                                                    "Hash Cond": "(mc.movie_id = t.id)",
                                                    "Workers": [
                                                        {
                                                            "Worker Number": 0,
                                                            "Actual Startup Time": 121.062,
                                                            "Actual Total Time": 206.563,
                                                            "Actual Rows": 16592,
                                                            "Actual Loops": 1
                                                        },
                                                        {
                                                            "Worker Number": 1,
                                                            "Actual Startup Time": 120.952,
                                                            "Actual Total Time": 205.601,
                                                            "Actual Rows": 16127,
                                                            "Actual Loops": 1
                                                        },
                                                        {
                                                            "Worker Number": 2,
                                                            "Actual Startup Time": 121.323,
                                                            "Actual Total Time": 205.653,
                                                            "Actual Rows": 15380,
                                                            "Actual Loops": 1
                                                        },
                                                        {
                                                            "Worker Number": 3,
                                                            "Actual Startup Time": 121.073,
                                                            "Actual Total Time": 205.544,
                                                            "Actual Rows": 15644,
                                                            "Actual Loops": 1
                                                        },
                                                        {
                                                            "Worker Number": 4,
                                                            "Actual Startup Time": 120.918,
                                                            "Actual Total Time": 205.311,
                                                            "Actual Rows": 16305,
                                                            "Actual Loops": 1
                                                        }
                                                    ],
                                                    "Plans": [
                                                        {
                                                            "Node Type": "Seq Scan",
                                                            "Parent Relationship": "Outer",
                                                            "Parallel Aware": true,
                                                            "Relation Name": "movie_companies",
                                                            "Schema": "public",
                                                            "Alias": "mc",
                                                            "Startup Cost": 0.0,
                                                            "Total Cost": 29310.68,
                                                            "Plan Rows": 218300,
                                                            "Plan Width": 4,
                                                            "Actual Startup Time": 0.029,
                                                            "Actual Total Time": 55.293,
                                                            "Actual Rows": 113246,
                                                            "Actual Loops": 6,
                                                            "Output": [
                                                                "mc.id",
                                                                "mc.movie_id",
                                                                "mc.company_id",
                                                                "mc.company_type_id",
                                                                "mc.note"
                                                            ],
                                                            "Filter": "(mc.company_id < 1135)",
                                                            "Rows Removed by Filter": 321609,
                                                            "Workers": [
                                                                {
                                                                    "Worker Number": 0,
                                                                    "Actual Startup Time": 0.034,
                                                                    "Actual Total Time": 57.005,
                                                                    "Actual Rows": 105966,
                                                                    "Actual Loops": 1
                                                                },
                                                                {
                                                                    "Worker Number": 1,
                                                                    "Actual Startup Time": 0.038,
                                                                    "Actual Total Time": 55.684,
                                                                    "Actual Rows": 105441,
                                                                    "Actual Loops": 1
                                                                },
                                                                {
                                                                    "Worker Number": 2,
                                                                    "Actual Startup Time": 0.025,
                                                                    "Actual Total Time": 57.121,
                                                                    "Actual Rows": 100614,
                                                                    "Actual Loops": 1
                                                                },
                                                                {
                                                                    "Worker Number": 3,
                                                                    "Actual Startup Time": 0.03,
                                                                    "Actual Total Time": 56.124,
                                                                    "Actual Rows": 98353,
                                                                    "Actual Loops": 1
                                                                },
                                                                {
                                                                    "Worker Number": 4,
                                                                    "Actual Startup Time": 0.041,
                                                                    "Actual Total Time": 56.017,
                                                                    "Actual Rows": 104327,
                                                                    "Actual Loops": 1
                                                                }
                                                            ]
                                                        },
                                                        {
                                                            "Node Type": "Hash",
                                                            "Parent Relationship": "Inner",
                                                            "Parallel Aware": true,
                                                            "Startup Cost": 45479.21,
                                                            "Total Cost": 45479.21,
                                                            "Plan Rows": 117082,
                                                            "Plan Width": 4,
                                                            "Actual Startup Time": 120.313,
                                                            "Actual Total Time": 120.314,
                                                            "Actual Rows": 66060,
                                                            "Actual Loops": 6,
                                                            "Output": [
                                                                "t.id"
                                                            ],
                                                            "Hash Buckets": 524288,
                                                            "Original Hash Buckets": 524288,
                                                            "Hash Batches": 1,
                                                            "Original Hash Batches": 1,
                                                            "Peak Memory Usage": 19712,
                                                            "Workers": [
                                                                {
                                                                    "Worker Number": 0,
                                                                    "Actual Startup Time": 120.803,
                                                                    "Actual Total Time": 120.804,
                                                                    "Actual Rows": 58931,
                                                                    "Actual Loops": 1
                                                                },
                                                                {
                                                                    "Worker Number": 1,
                                                                    "Actual Startup Time": 120.766,
                                                                    "Actual Total Time": 120.767,
                                                                    "Actual Rows": 59727,
                                                                    "Actual Loops": 1
                                                                },
                                                                {
                                                                    "Worker Number": 2,
                                                                    "Actual Startup Time": 121.008,
                                                                    "Actual Total Time": 121.009,
                                                                    "Actual Rows": 59444,
                                                                    "Actual Loops": 1
                                                                },
                                                                {
                                                                    "Worker Number": 3,
                                                                    "Actual Startup Time": 120.889,
                                                                    "Actual Total Time": 120.89,
                                                                    "Actual Rows": 55516,
                                                                    "Actual Loops": 1
                                                                },
                                                                {
                                                                    "Worker Number": 4,
                                                                    "Actual Startup Time": 120.792,
                                                                    "Actual Total Time": 120.793,
                                                                    "Actual Rows": 59564,
                                                                    "Actual Loops": 1
                                                                }
                                                            ],
                                                            "Plans": [
                                                                {
                                                                    "Node Type": "Seq Scan",
                                                                    "Parent Relationship": "Outer",
                                                                    "Parallel Aware": true,
                                                                    "Relation Name": "title",
                                                                    "Schema": "public",
                                                                    "Alias": "t",
                                                                    "Startup Cost": 0.0,
                                                                    "Total Cost": 45479.21,
                                                                    "Plan Rows": 117082,
                                                                    "Plan Width": 4,
                                                                    "Actual Startup Time": 0.049,
                                                                    "Actual Total Time": 89.811,
                                                                    "Actual Rows": 66060,
                                                                    "Actual Loops": 6,
                                                                    "Output": [
                                                                        "t.id"
                                                                    ],
                                                                    "Filter": "((t.kind_id < 7) AND (t.production_year > 2003))",
                                                                    "Rows Removed by Filter": 355326,
                                                                    "Workers": [
                                                                        {
                                                                            "Worker Number": 0,
                                                                            "Actual Startup Time": 0.066,
                                                                            "Actual Total Time": 90.779,
                                                                            "Actual Rows": 58931,
                                                                            "Actual Loops": 1
                                                                        },
                                                                        {
                                                                            "Worker Number": 1,
                                                                            "Actual Startup Time": 0.054,
                                                                            "Actual Total Time": 90.719,
                                                                            "Actual Rows": 59727,
                                                                            "Actual Loops": 1
                                                                        },
                                                                        {
                                                                            "Worker Number": 2,
                                                                            "Actual Startup Time": 0.046,
                                                                            "Actual Total Time": 90.794,
                                                                            "Actual Rows": 59444,
                                                                            "Actual Loops": 1
                                                                        },
                                                                        {
                                                                            "Worker Number": 3,
                                                                            "Actual Startup Time": 0.056,
                                                                            "Actual Total Time": 90.239,
                                                                            "Actual Rows": 55516,
                                                                            "Actual Loops": 1
                                                                        },
                                                                        {
                                                                            "Worker Number": 4,
                                                                            "Actual Startup Time": 0.046,
                                                                            "Actual Total Time": 90.752,
                                                                            "Actual Rows": 59564,
                                                                            "Actual Loops": 1
                                                                        }
                                                                    ]
                                                                }
                                                            ]
                                                        }
                                                    ]
                                                }
                                            ]
                                        }
                                    ]
                                }
                            ]
                        }
                    ]
                }
            ]
        },
        "Planning Time": 1402.659,
        "Triggers": [],
        "Execution Time": 1042.704
    }
]