[
    {
        "Bao": {
            "Bao prediction": "NaN",
            "Bao recommended hint": "(no hint)"
        }
    },
    {
        "Plan": {
            "Node Type": "Aggregate",
            "Strategy": "Plain",
            "Partial Mode": "Finalize",
            "Parallel Aware": false,
            "Startup Cost": 41111.47,
            "Total Cost": 41111.48,
            "Plan Rows": 1,
            "Plan Width": 8,
            "Actual Startup Time": 124.797,
            "Actual Total Time": 129.993,
            "Actual Rows": 1,
            "Actual Loops": 1,
            "Output": [
                "count(*)"
            ],
            "Plans": [
                {
                    "Node Type": "Gather",
                    "Parent Relationship": "Outer",
                    "Parallel Aware": false,
                    "Startup Cost": 41111.15,
                    "Total Cost": 41111.46,
                    "Plan Rows": 3,
                    "Plan Width": 8,
                    "Actual Startup Time": 124.498,
                    "Actual Total Time": 129.984,
                    "Actual Rows": 4,
                    "Actual Loops": 1,
                    "Output": [
                        "(PARTIAL count(*))"
                    ],
                    "Workers Planned": 3,
                    "Workers Launched": 3,
                    "Single Copy": false,
                    "Plans": [
                        {
                            "Node Type": "Aggregate",
                            "Strategy": "Plain",
                            "Partial Mode": "Partial",
                            "Parent Relationship": "Outer",
                            "Parallel Aware": false,
                            "Startup Cost": 40111.15,
                            "Total Cost": 40111.16,
                            "Plan Rows": 1,
                            "Plan Width": 8,
                            "Actual Startup Time": 116.021,
                            "Actual Total Time": 116.023,
                            "Actual Rows": 1,
                            "Actual Loops": 4,
                            "Output": [
                                "PARTIAL count(*)"
                            ],
                            "Workers": [
                                {
                                    "Worker Number": 0,
                                    "Actual Startup Time": 113.015,
                                    "Actual Total Time": 113.017,
                                    "Actual Rows": 1,
                                    "Actual Loops": 1
                                },
                                {
                                    "Worker Number": 1,
                                    "Actual Startup Time": 112.954,
                                    "Actual Total Time": 112.956,
                                    "Actual Rows": 1,
                                    "Actual Loops": 1
                                },
                                {
                                    "Worker Number": 2,
                                    "Actual Startup Time": 113.919,
                                    "Actual Total Time": 113.921,
                                    "Actual Rows": 1,
                                    "Actual Loops": 1
                                }
                            ],
                            "Plans": [
                                {
                                    "Node Type": "Bitmap Heap Scan",
                                    "Parent Relationship": "Outer",
                                    "Parallel Aware": true,
                                    "Relation Name": "movie_keyword",
                                    "Schema": "public",
                                    "Alias": "mk",
                                    "Startup Cost": 12749.51,
                                    "Total Cost": 39626.54,
                                    "Plan Rows": 193843,
                                    "Plan Width": 0,
                                    "Actual Startup Time": 33.176,
                                    "Actual Total Time": 107.69,
                                    "Actual Rows": 151686,
                                    "Actual Loops": 4,
                                    "Recheck Cond": "(mk.keyword_id < 460)",
                                    "Rows Removed by Index Recheck": 0,
                                    "Exact Heap Blocks": 10226,
                                    "Lossy Heap Blocks": 0,
                                    "Workers": [
                                        {
                                            "Worker Number": 0,
                                            "Actual Startup Time": 30.227,
                                            "Actual Total Time": 105.279,
                                            "Actual Rows": 121280,
                                            "Actual Loops": 1
                                        },
                                        {
                                            "Worker Number": 1,
                                            "Actual Startup Time": 30.297,
                                            "Actual Total Time": 105.684,
                                            "Actual Rows": 111336,
                                            "Actual Loops": 1
                                        },
                                        {
                                            "Worker Number": 2,
                                            "Actual Startup Time": 31.159,
                                            "Actual Total Time": 106.195,
                                            "Actual Rows": 119983,
                                            "Actual Loops": 1
                                        }
                                    ],
                                    "Plans": [
                                        {
                                            "Node Type": "Bitmap Index Scan",
                                            "Parent Relationship": "Outer",
                                            "Parallel Aware": false,
                                            "Index Name": "keyword_id_movie_keyword",
                                            "Startup Cost": 0.0,
                                            "Total Cost": 12599.28,
                                            "Plan Rows": 600913,
                                            "Plan Width": 0,
                                            "Actual Startup Time": 37.482,
                                            "Actual Total Time": 37.483,
                                            "Actual Rows": 606746,
                                            "Actual Loops": 1,
                                            "Index Cond": "(mk.keyword_id < 460)"
                                        }
                                    ]
                                }
                            ]
                        }
                    ]
                }
            ]
        },
        "Planning Time": 228.437,
        "Triggers": [],
        "Execution Time": 130.053
    }
]