[
  {
    "Plan": {
      "Node Type": "Aggregate",
      "Strategy": "Plain",
      "Partial Mode": "Finalize",
      "Parallel Aware": false,
      "Startup Cost": 65697.59,
      "Total Cost": 65697.6,
      "Plan Rows": 1,
      "Plan Width": 8,
      "Actual Startup Time": 233.151,
      "Actual Total Time": 245.257,
      "Actual Rows": 1,
      "Actual Loops": 1,
      "Plans": [
        {
          "Node Type": "Gather",
          "Parent Relationship": "Outer",
          "Parallel Aware": false,
          "Startup Cost": 65697.17,
          "Total Cost": 65697.58,
          "Plan Rows": 4,
          "Plan Width": 8,
          "Actual Startup Time": 229.447,
          "Actual Total Time": 245.249,
          "Actual Rows": 5,
          "Actual Loops": 1,
          "Workers Planned": 4,
          "Workers Launched": 4,
          "Single Copy": false,
          "Plans": [
            {
              "Node Type": "Aggregate",
              "Strategy": "Plain",
              "Partial Mode": "Partial",
              "Parent Relationship": "Outer",
              "Parallel Aware": false,
              "Startup Cost": 64697.17,
              "Total Cost": 64697.18,
              "Plan Rows": 1,
              "Plan Width": 8,
              "Actual Startup Time": 219.763,
              "Actual Total Time": 219.766,
              "Actual Rows": 1,
              "Actual Loops": 5,
              "Plans": [
                {
                  "Node Type": "Hash Join",
                  "Parent Relationship": "Outer",
                  "Parallel Aware": true,
                  "Join Type": "Inner",
                  "Startup Cost": 17541.58,
                  "Total Cost": 64542.4,
                  "Plan Rows": 61906,
                  "Plan Width": 0,
                  "Actual Startup Time": 75.141,
                  "Actual Total Time": 217.801,
                  "Actual Rows": 36111,
                  "Actual Loops": 5,
                  "Inner Unique": false,
                  "Hash Cond": "(t.id = mi_idx.movie_id)",
                  "Plans": [
                    {
                      "Node Type": "Seq Scan",
                      "Parent Relationship": "Outer",
                      "Parallel Aware": true,
                      "Relation Name": "title",
                      "Alias": "t",
                      "Startup Cost": 0.0,
                      "Total Cost": 45479.1,
                      "Plan Rows": 337008,
                      "Plan Width": 4,
                      "Actual Startup Time": 0.017,
                      "Actual Total Time": 78.194,
                      "Actual Rows": 265138,
                      "Actual Loops": 5,
                      "Filter": "((kind_id > 2) AND (production_year < 2010))",
                      "Rows Removed by Filter": 240525
                    },
                    {
                      "Node Type": "Hash",
                      "Parent Relationship": "Inner",
                      "Parallel Aware": true,
                      "Startup Cost": 15122.68,
                      "Total Cost": 15122.68,
                      "Plan Rows": 193512,
                      "Plan Width": 4,
                      "Actual Startup Time": 72.027,
                      "Actual Total Time": 72.028,
                      "Actual Rows": 91985,
                      "Actual Loops": 5,
                      "Hash Buckets": 524288,
                      "Original Hash Buckets": 524288,
                      "Hash Batches": 1,
                      "Original Hash Batches": 1,
                      "Peak Memory Usage": 22144,
                      "Plans": [
                        {
                          "Node Type": "Seq Scan",
                          "Parent Relationship": "Outer",
                          "Parallel Aware": true,
                          "Relation Name": "movie_info_idx",
                          "Alias": "mi_idx",
                          "Startup Cost": 0.0,
                          "Total Cost": 15122.68,
                          "Plan Rows": 193512,
                          "Plan Width": 4,
                          "Actual Startup Time": 0.062,
                          "Actual Total Time": 37.401,
                          "Actual Rows": 91985,
                          "Actual Loops": 5,
                          "Filter": "(info_type_id = 100)",
                          "Rows Removed by Filter": 184022
                        }
                      ]
                    }
                  ]
                }
              ]
            }
          ]
        }
      ]
    },
    "Planning Time": 0.628,
    "Triggers": [],
    "Execution Time": 245.328
  }
]