{
  "Plan": {
    "Node Type": "Aggregate",
    "Strategy": "Plain",
    "Partial Mode": "Finalize",
    "Parallel Aware": false,
    "Startup Cost": 142576.34,
    "Total Cost": 142576.35,
    "Plan Rows": 1,
    "Plan Width": 8,
    "Actual Startup Time": 835.073,
    "Actual Total Time": 877.811,
    "Actual Rows": 1,
    "Actual Loops": 1,
    "Plans": [
      {
        "Node Type": "Gather",
        "Parent Relationship": "Outer",
        "Parallel Aware": false,
        "Startup Cost": 142576.23,
        "Total Cost": 142576.34,
        "Plan Rows": 1,
        "Plan Width": 8,
        "Actual Startup Time": 834.427,
        "Actual Total Time": 877.802,
        "Actual Rows": 2,
        "Actual Loops": 1,
        "Workers Planned": 1,
        "Workers Launched": 1,
        "Single Copy": false,
        "Plans": [
          {
            "Node Type": "Aggregate",
            "Strategy": "Plain",
            "Partial Mode": "Partial",
            "Parent Relationship": "Outer",
            "Parallel Aware": false,
            "Startup Cost": 141576.23,
            "Total Cost": 141576.24,
            "Plan Rows": 1,
            "Plan Width": 8,
            "Actual Startup Time": 828.252,
            "Actual Total Time": 828.256,
            "Actual Rows": 1,
            "Actual Loops": 2,
            "Plans": [
              {
                "Node Type": "Nested Loop",
                "Parent Relationship": "Outer",
                "Parallel Aware": false,
                "Join Type": "Inner",
                "Startup Cost": 23792.69,
                "Total Cost": 141558.54,
                "Plan Rows": 7076,
                "Plan Width": 0,
                "Actual Startup Time": 153.136,
                "Actual Total Time": 825.362,
                "Actual Rows": 40400,
                "Actual Loops": 2,
                "Inner Unique": false,
                "Plans": [
                  {
                    "Node Type": "Hash Join",
                    "Parent Relationship": "Outer",
                    "Parallel Aware": true,
                    "Join Type": "Inner",
                    "Startup Cost": 23792.26,
                    "Total Cost": 84814.5,
                    "Plan Rows": 22468,
                    "Plan Width": 8,
                    "Actual Startup Time": 150.304,
                    "Actual Total Time": 290.957,
                    "Actual Rows": 46372,
                    "Actual Loops": 2,
                    "Inner Unique": false,
                    "Hash Cond": "(t.id = mc.movie_id)",
                    "Plans": [
                      {
                        "Node Type": "Seq Scan",
                        "Parent Relationship": "Outer",
                        "Parallel Aware": true,
                        "Relation Name": "title",
                        "Alias": "t",
                        "Startup Cost": 0.0,
                        "Total Cost": 58306.47,
                        "Plan Rows": 413378,
                        "Plan Width": 4,
                        "Actual Startup Time": 0.013,
                        "Actual Total Time": 135.061,
                        "Actual Rows": 374966,
                        "Actual Loops": 2,
                        "Filter": "((kind_id < 7) AND (production_year < 2009))",
                        "Rows Removed by Filter": 889190
                      },
                      {
                        "Node Type": "Hash",
                        "Parent Relationship": "Inner",
                        "Parallel Aware": true,
                        "Startup Cost": 22781.83,
                        "Total Cost": 22781.83,
                        "Plan Rows": 80834,
                        "Plan Width": 4,
                        "Actual Startup Time": 56.905,
                        "Actual Total Time": 56.907,
                        "Actual Rows": 67050,
                        "Actual Loops": 2,
                        "Hash Buckets": 262144,
                        "Original Hash Buckets": 262144,
                        "Hash Batches": 1,
                        "Original Hash Batches": 1,
                        "Peak Memory Usage": 7328,
                        "Plans": [
                          {
                            "Node Type": "Bitmap Heap Scan",
                            "Parent Relationship": "Outer",
                            "Parallel Aware": true,
                            "Relation Name": "movie_companies",
                            "Alias": "mc",
                            "Startup Cost": 2981.41,
                            "Total Cost": 22781.83,
                            "Plan Rows": 80834,
                            "Plan Width": 4,
                            "Actual Startup Time": 14.163,
                            "Actual Total Time": 39.84,
                            "Actual Rows": 67050,
                            "Actual Loops": 2,
                            "Recheck Cond": "(company_id > 139211)",
                            "Rows Removed by Index Recheck": 0,
                            "Exact Heap Blocks": 2857,
                            "Lossy Heap Blocks": 0,
                            "Plans": [
                              {
                                "Node Type": "Bitmap Index Scan",
                                "Parent Relationship": "Outer",
                                "Parallel Aware": false,
                                "Index Name": "company_id_movie_companies",
                                "Startup Cost": 0.0,
                                "Total Cost": 2947.06,
                                "Plan Rows": 137417,
                                "Plan Width": 0,
                                "Actual Startup Time": 15.657,
                                "Actual Total Time": 15.657,
                                "Actual Rows": 134100,
                                "Actual Loops": 1,
                                "Index Cond": "(company_id > 139211)"
                              }
                            ]
                          }
                        ]
                      }
                    ]
                  },
                  {
                    "Node Type": "Index Scan",
                    "Parent Relationship": "Inner",
                    "Parallel Aware": false,
                    "Scan Direction": "Forward",
                    "Index Name": "movie_id_movie_info",
                    "Relation Name": "movie_info",
                    "Alias": "mi",
                    "Startup Cost": 0.43,
                    "Total Cost": 2.51,
                    "Plan Rows": 2,
                    "Plan Width": 4,
                    "Actual Startup Time": 0.006,
                    "Actual Total Time": 0.011,
                    "Actual Rows": 1,
                    "Actual Loops": 92744,
                    "Index Cond": "(movie_id = t.id)",
                    "Rows Removed by Index Recheck": 0,
                    "Filter": "(info_type_id < 2)",
                    "Rows Removed by Filter": 18
                  }
                ]
              }
            ]
          }
        ]
      }
    ]
  },
  "Planning Time": 0.996,
  "Triggers": [],
  "Execution Time": 877.928
}