[
  {
    "Plan": {
      "Node Type": "Aggregate",
      "Strategy": "Plain",
      "Partial Mode": "Finalize",
      "Parallel Aware": false,
      "Startup Cost": 250024.6,
      "Total Cost": 250024.61,
      "Plan Rows": 1,
      "Plan Width": 8,
      "Actual Startup Time": 552.101,
      "Actual Total Time": 598.418,
      "Actual Rows": 1,
      "Actual Loops": 1,
      "Plans": [
        {
          "Node Type": "Gather",
          "Parent Relationship": "Outer",
          "Parallel Aware": false,
          "Startup Cost": 250024.07,
          "Total Cost": 250024.58,
          "Plan Rows": 5,
          "Plan Width": 8,
          "Actual Startup Time": 551.756,
          "Actual Total Time": 598.404,
          "Actual Rows": 6,
          "Actual Loops": 1,
          "Workers Planned": 5,
          "Workers Launched": 5,
          "Single Copy": false,
          "Plans": [
            {
              "Node Type": "Aggregate",
              "Strategy": "Plain",
              "Partial Mode": "Partial",
              "Parent Relationship": "Outer",
              "Parallel Aware": false,
              "Startup Cost": 249024.07,
              "Total Cost": 249024.08,
              "Plan Rows": 1,
              "Plan Width": 8,
              "Actual Startup Time": 544.942,
              "Actual Total Time": 544.946,
              "Actual Rows": 1,
              "Actual Loops": 6,
              "Plans": [
                {
                  "Node Type": "Hash Join",
                  "Parent Relationship": "Outer",
                  "Parallel Aware": true,
                  "Join Type": "Inner",
                  "Startup Cost": 45827.6,
                  "Total Cost": 248859.49,
                  "Plan Rows": 65835,
                  "Plan Width": 0,
                  "Actual Startup Time": 98.549,
                  "Actual Total Time": 544.836,
                  "Actual Rows": 922,
                  "Actual Loops": 6,
                  "Inner Unique": true,
                  "Hash Cond": "(mi.movie_id = t.id)",
                  "Plans": [
                    {
                      "Node Type": "Seq Scan",
                      "Parent Relationship": "Outer",
                      "Parallel Aware": true,
                      "Relation Name": "movie_info",
                      "Alias": "mi",
                      "Startup Cost": 0.0,
                      "Total Cost": 199108.24,
                      "Plan Rows": 1494718,
                      "Plan Width": 4,
                      "Actual Startup Time": 17.846,
                      "Actual Total Time": 362.818,
                      "Actual Rows": 1258142,
                      "Actual Loops": 6,
                      "Filter": "(info_type_id > 7)",
                      "Rows Removed by Filter": 1214478
                    },
                    {
                      "Node Type": "Hash",
                      "Parent Relationship": "Inner",
                      "Parallel Aware": true,
                      "Startup Cost": 45479.59,
                      "Total Cost": 45479.59,
                      "Plan Rows": 27841,
                      "Plan Width": 4,
                      "Actual Startup Time": 79.192,
                      "Actual Total Time": 79.193,
                      "Actual Rows": 470,
                      "Actual Loops": 6,
                      "Hash Buckets": 131072,
                      "Original Hash Buckets": 131072,
                      "Hash Batches": 1,
                      "Original Hash Batches": 1,
                      "Peak Memory Usage": 1216,
                      "Plans": [
                        {
                          "Node Type": "Seq Scan",
                          "Parent Relationship": "Outer",
                          "Parallel Aware": true,
                          "Relation Name": "title",
                          "Alias": "t",
                          "Startup Cost": 0.0,
                          "Total Cost": 45479.59,
                          "Plan Rows": 27841,
                          "Plan Width": 4,
                          "Actual Startup Time": 0.535,
                          "Actual Total Time": 78.627,
                          "Actual Rows": 470,
                          "Actual Loops": 6,
                          "Filter": "((kind_id > 1) AND (production_year < 1950))",
                          "Rows Removed by Filter": 420916
                        }
                      ]
                    }
                  ]
                }
              ]
            }
          ]
        }
      ]
    },
    "Planning Time": 0.283,
    "Triggers": [],
    "Execution Time": 598.465
  }
]