{
  "Plan": {
    "Node Type": "Aggregate",
    "Strategy": "Plain",
    "Partial Mode": "Finalize",
    "Parallel Aware": false,
    "Startup Cost": 337731.05,
    "Total Cost": 337731.06,
    "Plan Rows": 1,
    "Plan Width": 8,
    "Actual Startup Time": 2348.196,
    "Actual Total Time": 2417.831,
    "Actual Rows": 1,
    "Actual Loops": 1,
    "Plans": [
      {
        "Node Type": "Gather",
        "Parent Relationship": "Outer",
        "Parallel Aware": false,
        "Startup Cost": 337730.94,
        "Total Cost": 337731.05,
        "Plan Rows": 1,
        "Plan Width": 8,
        "Actual Startup Time": 2343.4,
        "Actual Total Time": 2417.821,
        "Actual Rows": 2,
        "Actual Loops": 1,
        "Workers Planned": 1,
        "Workers Launched": 1,
        "Single Copy": false,
        "Plans": [
          {
            "Node Type": "Aggregate",
            "Strategy": "Plain",
            "Partial Mode": "Partial",
            "Parent Relationship": "Outer",
            "Parallel Aware": false,
            "Startup Cost": 336730.94,
            "Total Cost": 336730.95,
            "Plan Rows": 1,
            "Plan Width": 8,
            "Actual Startup Time": 2330.879,
            "Actual Total Time": 2330.883,
            "Actual Rows": 1,
            "Actual Loops": 2,
            "Plans": [
              {
                "Node Type": "Nested Loop",
                "Parent Relationship": "Outer",
                "Parallel Aware": false,
                "Join Type": "Inner",
                "Startup Cost": 74263.97,
                "Total Cost": 336033.28,
                "Plan Rows": 279063,
                "Plan Width": 0,
                "Actual Startup Time": 578.095,
                "Actual Total Time": 2235.231,
                "Actual Rows": 2232174,
                "Actual Loops": 2,
                "Inner Unique": false,
                "Plans": [
                  {
                    "Node Type": "Hash Join",
                    "Parent Relationship": "Outer",
                    "Parallel Aware": true,
                    "Join Type": "Inner",
                    "Startup Cost": 74263.54,
                    "Total Cost": 100731.61,
                    "Plan Rows": 133162,
                    "Plan Width": 8,
                    "Actual Startup Time": 578.045,
                    "Actual Total Time": 701.225,
                    "Actual Rows": 117317,
                    "Actual Loops": 2,
                    "Inner Unique": true,
                    "Hash Cond": "(mk.movie_id = t.id)",
                    "Plans": [
                      {
                        "Node Type": "Bitmap Heap Scan",
                        "Parent Relationship": "Outer",
                        "Parallel Aware": true,
                        "Relation Name": "movie_keyword",
                        "Alias": "mk",
                        "Startup Cost": 4802.84,
                        "Total Cost": 30921.36,
                        "Plan Rows": 133162,
                        "Plan Width": 4,
                        "Actual Startup Time": 16.179,
                        "Actual Total Time": 73.401,
                        "Actual Rows": 117317,
                        "Actual Loops": 2,
                        "Recheck Cond": "(keyword_id < 188)",
                        "Rows Removed by Index Recheck": 0,
                        "Exact Heap Blocks": 12966,
                        "Lossy Heap Blocks": 0,
                        "Plans": [
                          {
                            "Node Type": "Bitmap Index Scan",
                            "Parent Relationship": "Outer",
                            "Parallel Aware": false,
                            "Index Name": "keyword_id_movie_keyword",
                            "Startup Cost": 0.0,
                            "Total Cost": 4746.24,
                            "Plan Rows": 226375,
                            "Plan Width": 0,
                            "Actual Startup Time": 12.607,
                            "Actual Total Time": 12.607,
                            "Actual Rows": 234634,
                            "Actual Loops": 1,
                            "Index Cond": "(keyword_id < 188)"
                          }
                        ]
                      },
                      {
                        "Node Type": "Hash",
                        "Parent Relationship": "Inner",
                        "Parallel Aware": true,
                        "Startup Cost": 50870.31,
                        "Total Cost": 50870.31,
                        "Plan Rows": 1487231,
                        "Plan Width": 4,
                        "Actual Startup Time": 540.59,
                        "Actual Total Time": 540.59,
                        "Actual Rows": 1264156,
                        "Actual Loops": 2,
                        "Hash Buckets": 4194304,
                        "Original Hash Buckets": 4194304,
                        "Hash Batches": 1,
                        "Original Hash Batches": 1,
                        "Peak Memory Usage": 131712,
                        "Plans": [
                          {
                            "Node Type": "Seq Scan",
                            "Parent Relationship": "Outer",
                            "Parallel Aware": true,
                            "Relation Name": "title",
                            "Alias": "t",
                            "Startup Cost": 0.0,
                            "Total Cost": 50870.31,
                            "Plan Rows": 1487231,
                            "Plan Width": 4,
                            "Actual Startup Time": 0.024,
                            "Actual Total Time": 150.963,
                            "Actual Rows": 1264156,
                            "Actual Loops": 2
                          }
                        ]
                      }
                    ]
                  },
                  {
                    "Node Type": "Index Scan",
                    "Parent Relationship": "Inner",
                    "Parallel Aware": false,
                    "Scan Direction": "Forward",
                    "Index Name": "movie_id_movie_info",
                    "Relation Name": "movie_info",
                    "Alias": "mi",
                    "Startup Cost": 0.43,
                    "Total Cost": 1.62,
                    "Plan Rows": 15,
                    "Plan Width": 4,
                    "Actual Startup Time": 0.004,
                    "Actual Total Time": 0.012,
                    "Actual Rows": 19,
                    "Actual Loops": 234634,
                    "Index Cond": "(movie_id = t.id)",
                    "Rows Removed by Index Recheck": 0,
                    "Filter": "(info_type_id > 15)",
                    "Rows Removed by Filter": 19
                  }
                ]
              }
            ]
          }
        ]
      }
    ]
  },
  "Planning Time": 0.941,
  "Triggers": [],
  "Execution Time": 2417.947
}