[
  {
    "Plan": {
      "Node Type": "Aggregate",
      "Strategy": "Plain",
      "Partial Mode": "Finalize",
      "Parallel Aware": false,
      "Startup Cost": 30711.74,
      "Total Cost": 30711.75,
      "Plan Rows": 1,
      "Plan Width": 8,
      "Actual Startup Time": 97.636,
      "Actual Total Time": 102.819,
      "Actual Rows": 1,
      "Actual Loops": 1,
      "Plans": [
        {
          "Node Type": "Gather",
          "Parent Relationship": "Outer",
          "Parallel Aware": false,
          "Startup Cost": 30711.42,
          "Total Cost": 30711.73,
          "Plan Rows": 3,
          "Plan Width": 8,
          "Actual Startup Time": 97.384,
          "Actual Total Time": 102.812,
          "Actual Rows": 4,
          "Actual Loops": 1,
          "Workers Planned": 3,
          "Workers Launched": 3,
          "Single Copy": false,
          "Plans": [
            {
              "Node Type": "Aggregate",
              "Strategy": "Plain",
              "Partial Mode": "Partial",
              "Parent Relationship": "Outer",
              "Parallel Aware": false,
              "Startup Cost": 29711.42,
              "Total Cost": 29711.43,
              "Plan Rows": 1,
              "Plan Width": 8,
              "Actual Startup Time": 92.802,
              "Actual Total Time": 92.804,
              "Actual Rows": 1,
              "Actual Loops": 4,
              "Plans": [
                {
                  "Node Type": "Bitmap Heap Scan",
                  "Parent Relationship": "Outer",
                  "Parallel Aware": true,
                  "Relation Name": "movie_companies",
                  "Alias": "mc",
                  "Startup Cost": 8781.31,
                  "Total Cost": 29543.44,
                  "Plan Rows": 67193,
                  "Plan Width": 0,
                  "Actual Startup Time": 76.138,
                  "Actual Total Time": 91.47,
                  "Actual Rows": 23664,
                  "Actual Loops": 4,
                  "Recheck Cond": "(company_id < 258)",
                  "Rows Removed by Index Recheck": 0,
                  "Filter": "(company_type_id > 1)",
                  "Rows Removed by Filter": 77250,
                  "Exact Heap Blocks": 10464,
                  "Lossy Heap Blocks": 0,
                  "Plans": [
                    {
                      "Node Type": "Bitmap Index Scan",
                      "Parent Relationship": "Outer",
                      "Parallel Aware": false,
                      "Index Name": "company_id_movie_companies",
                      "Startup Cost": 0.0,
                      "Total Cost": 8729.24,
                      "Plan Rows": 407574,
                      "Plan Width": 0,
                      "Actual Startup Time": 37.562,
                      "Actual Total Time": 37.562,
                      "Actual Rows": 403659,
                      "Actual Loops": 1,
                      "Index Cond": "(company_id < 258)"
                    }
                  ]
                }
              ]
            }
          ]
        }
      ]
    },
    "Planning Time": 0.183,
    "Triggers": [],
    "Execution Time": 102.897
  }
]