[
    {
        "Bao": {
            "Bao prediction": 1057.798,
            "Bao recommended hint": "SET enable_nestloop TO off; "
        }
    },
    {
        "Plan": {
            "Node Type": "Aggregate",
            "Strategy": "Plain",
            "Partial Mode": "Finalize",
            "Parallel Aware": false,
            "Startup Cost": 404932.26,
            "Total Cost": 404932.27,
            "Plan Rows": 1,
            "Plan Width": 8,
            "Actual Startup Time": 2039.26,
            "Actual Total Time": 2097.573,
            "Actual Rows": 1,
            "Actual Loops": 1,
            "Output": [
                "count(*)"
            ],
            "Plans": [
                {
                    "Node Type": "Gather",
                    "Parent Relationship": "Outer",
                    "Parallel Aware": false,
                    "Startup Cost": 404931.63,
                    "Total Cost": 404932.24,
                    "Plan Rows": 6,
                    "Plan Width": 8,
                    "Actual Startup Time": 2034.184,
                    "Actual Total Time": 2097.559,
                    "Actual Rows": 7,
                    "Actual Loops": 1,
                    "Output": [
                        "(PARTIAL count(*))"
                    ],
                    "Workers Planned": 6,
                    "Workers Launched": 6,
                    "Single Copy": false,
                    "Plans": [
                        {
                            "Node Type": "Aggregate",
                            "Strategy": "Plain",
                            "Partial Mode": "Partial",
                            "Parent Relationship": "Outer",
                            "Parallel Aware": false,
                            "Startup Cost": 403931.63,
                            "Total Cost": 403931.64,
                            "Plan Rows": 1,
                            "Plan Width": 8,
                            "Actual Startup Time": 2023.074,
                            "Actual Total Time": 2023.237,
                            "Actual Rows": 1,
                            "Actual Loops": 7,
                            "Output": [
                                "PARTIAL count(*)"
                            ],
                            "Workers": [
                                {
                                    "Worker Number": 0,
                                    "Actual Startup Time": 2020.29,
                                    "Actual Total Time": 2020.294,
                                    "Actual Rows": 1,
                                    "Actual Loops": 1
                                },
                                {
                                    "Worker Number": 1,
                                    "Actual Startup Time": 2020.465,
                                    "Actual Total Time": 2020.471,
                                    "Actual Rows": 1,
                                    "Actual Loops": 1
                                },
                                {
                                    "Worker Number": 2,
                                    "Actual Startup Time": 2020.478,
                                    "Actual Total Time": 2020.484,
                                    "Actual Rows": 1,
                                    "Actual Loops": 1
                                },
                                {
                                    "Worker Number": 3,
                                    "Actual Startup Time": 2020.486,
                                    "Actual Total Time": 2020.491,
                                    "Actual Rows": 1,
                                    "Actual Loops": 1
                                },
                                {
                                    "Worker Number": 4,
                                    "Actual Startup Time": 2022.979,
                                    "Actual Total Time": 2022.983,
                                    "Actual Rows": 1,
                                    "Actual Loops": 1
                                },
                                {
                                    "Worker Number": 5,
                                    "Actual Startup Time": 2023.783,
                                    "Actual Total Time": 2023.788,
                                    "Actual Rows": 1,
                                    "Actual Loops": 1
                                }
                            ],
                            "Plans": [
                                {
                                    "Node Type": "Hash Join",
                                    "Parent Relationship": "Outer",
                                    "Parallel Aware": true,
                                    "Join Type": "Inner",
                                    "Startup Cost": 65260.39,
                                    "Total Cost": 402479.15,
                                    "Plan Rows": 580992,
                                    "Plan Width": 0,
                                    "Actual Startup Time": 241.572,
                                    "Actual Total Time": 1967.868,
                                    "Actual Rows": 805448,
                                    "Actual Loops": 7,
                                    "Inner Unique": false,
                                    "Hash Cond": "(ci.movie_id = t.id)",
                                    "Workers": [
                                        {
                                            "Worker Number": 0,
                                            "Actual Startup Time": 238.821,
                                            "Actual Total Time": 1965.248,
                                            "Actual Rows": 820411,
                                            "Actual Loops": 1
                                        },
                                        {
                                            "Worker Number": 1,
                                            "Actual Startup Time": 239.013,
                                            "Actual Total Time": 1965.305,
                                            "Actual Rows": 751626,
                                            "Actual Loops": 1
                                        },
                                        {
                                            "Worker Number": 2,
                                            "Actual Startup Time": 238.999,
                                            "Actual Total Time": 1966.143,
                                            "Actual Rows": 808828,
                                            "Actual Loops": 1
                                        },
                                        {
                                            "Worker Number": 3,
                                            "Actual Startup Time": 239.179,
                                            "Actual Total Time": 1964.824,
                                            "Actual Rows": 752378,
                                            "Actual Loops": 1
                                        },
                                        {
                                            "Worker Number": 4,
                                            "Actual Startup Time": 241.522,
                                            "Actual Total Time": 1968.014,
                                            "Actual Rows": 827376,
                                            "Actual Loops": 1
                                        },
                                        {
                                            "Worker Number": 5,
                                            "Actual Startup Time": 241.915,
                                            "Actual Total Time": 1968.728,
                                            "Actual Rows": 757677,
                                            "Actual Loops": 1
                                        }
                                    ],
                                    "Plans": [
                                        {
                                            "Node Type": "Seq Scan",
                                            "Parent Relationship": "Outer",
                                            "Parallel Aware": true,
                                            "Relation Name": "cast_info",
                                            "Schema": "public",
                                            "Alias": "ci",
                                            "Startup Cost": 0.0,
                                            "Total Cost": 313108.29,
                                            "Plan Rows": 6042129,
                                            "Plan Width": 4,
                                            "Actual Startup Time": 0.03,
                                            "Actual Total Time": 657.753,
                                            "Actual Rows": 5177763,
                                            "Actual Loops": 7,
                                            "Output": [
                                                "ci.id",
                                                "ci.person_id",
                                                "ci.movie_id",
                                                "ci.person_role_id",
                                                "ci.note",
                                                "ci.nr_order",
                                                "ci.role_id"
                                            ],
                                            "Workers": [
                                                {
                                                    "Worker Number": 0,
                                                    "Actual Startup Time": 0.03,
                                                    "Actual Total Time": 656.154,
                                                    "Actual Rows": 5176356,
                                                    "Actual Loops": 1
                                                },
                                                {
                                                    "Worker Number": 1,
                                                    "Actual Startup Time": 0.046,
                                                    "Actual Total Time": 674.35,
                                                    "Actual Rows": 4901117,
                                                    "Actual Loops": 1
                                                },
                                                {
                                                    "Worker Number": 2,
                                                    "Actual Startup Time": 0.027,
                                                    "Actual Total Time": 671.546,
                                                    "Actual Rows": 5108246,
                                                    "Actual Loops": 1
                                                },
                                                {
                                                    "Worker Number": 3,
                                                    "Actual Startup Time": 0.034,
                                                    "Actual Total Time": 675.772,
                                                    "Actual Rows": 4870436,
                                                    "Actual Loops": 1
                                                },
                                                {
                                                    "Worker Number": 4,
                                                    "Actual Startup Time": 0.025,
                                                    "Actual Total Time": 659.892,
                                                    "Actual Rows": 5249375,
                                                    "Actual Loops": 1
                                                },
                                                {
                                                    "Worker Number": 5,
                                                    "Actual Startup Time": 0.036,
                                                    "Actual Total Time": 656.42,
                                                    "Actual Rows": 4893382,
                                                    "Actual Loops": 1
                                                }
                                            ]
                                        },
                                        {
                                            "Node Type": "Hash",
                                            "Parent Relationship": "Inner",
                                            "Parallel Aware": true,
                                            "Startup Cost": 64500.66,
                                            "Total Cost": 64500.66,
                                            "Plan Rows": 60779,
                                            "Plan Width": 8,
                                            "Actual Startup Time": 239.641,
                                            "Actual Total Time": 239.803,
                                            "Actual Rows": 25793,
                                            "Actual Loops": 7,
                                            "Output": [
                                                "t.id",
                                                "mi_idx.movie_id"
                                            ],
                                            "Hash Buckets": 262144,
                                            "Original Hash Buckets": 262144,
                                            "Hash Batches": 1,
                                            "Original Hash Batches": 1,
                                            "Peak Memory Usage": 9216,
                                            "Workers": [
                                                {
                                                    "Worker Number": 0,
                                                    "Actual Startup Time": 238.065,
                                                    "Actual Total Time": 238.068,
                                                    "Actual Rows": 24541,
                                                    "Actual Loops": 1
                                                },
                                                {
                                                    "Worker Number": 1,
                                                    "Actual Startup Time": 238.161,
                                                    "Actual Total Time": 238.166,
                                                    "Actual Rows": 25233,
                                                    "Actual Loops": 1
                                                },
                                                {
                                                    "Worker Number": 2,
                                                    "Actual Startup Time": 238.174,
                                                    "Actual Total Time": 238.178,
                                                    "Actual Rows": 24430,
                                                    "Actual Loops": 1
                                                },
                                                {
                                                    "Worker Number": 3,
                                                    "Actual Startup Time": 238.177,
                                                    "Actual Total Time": 238.18,
                                                    "Actual Rows": 24536,
                                                    "Actual Loops": 1
                                                },
                                                {
                                                    "Worker Number": 4,
                                                    "Actual Startup Time": 240.667,
                                                    "Actual Total Time": 240.67,
                                                    "Actual Rows": 24921,
                                                    "Actual Loops": 1
                                                },
                                                {
                                                    "Worker Number": 5,
                                                    "Actual Startup Time": 240.917,
                                                    "Actual Total Time": 240.92,
                                                    "Actual Rows": 24607,
                                                    "Actual Loops": 1
                                                }
                                            ],
                                            "Plans": [
                                                {
                                                    "Node Type": "Hash Join",
                                                    "Parent Relationship": "Outer",
                                                    "Parallel Aware": true,
                                                    "Join Type": "Inner",
                                                    "Startup Cost": 17512.11,
                                                    "Total Cost": 64500.66,
                                                    "Plan Rows": 60779,
                                                    "Plan Width": 8,
                                                    "Actual Startup Time": 75.886,
                                                    "Actual Total Time": 224.277,
                                                    "Actual Rows": 25793,
                                                    "Actual Loops": 7,
                                                    "Output": [
                                                        "t.id",
                                                        "mi_idx.movie_id"
                                                    ],
                                                    "Inner Unique": false,
                                                    "Hash Cond": "(t.id = mi_idx.movie_id)",
                                                    "Workers": [
                                                        {
                                                            "Worker Number": 0,
                                                            "Actual Startup Time": 74.189,
                                                            "Actual Total Time": 222.223,
                                                            "Actual Rows": 24541,
                                                            "Actual Loops": 1
                                                        },
                                                        {
                                                            "Worker Number": 1,
                                                            "Actual Startup Time": 74.371,
                                                            "Actual Total Time": 223.73,
                                                            "Actual Rows": 25233,
                                                            "Actual Loops": 1
                                                        },
                                                        {
                                                            "Worker Number": 2,
                                                            "Actual Startup Time": 74.43,
                                                            "Actual Total Time": 222.413,
                                                            "Actual Rows": 24430,
                                                            "Actual Loops": 1
                                                        },
                                                        {
                                                            "Worker Number": 3,
                                                            "Actual Startup Time": 74.38,
                                                            "Actual Total Time": 222.436,
                                                            "Actual Rows": 24536,
                                                            "Actual Loops": 1
                                                        },
                                                        {
                                                            "Worker Number": 4,
                                                            "Actual Startup Time": 76.862,
                                                            "Actual Total Time": 224.734,
                                                            "Actual Rows": 24921,
                                                            "Actual Loops": 1
                                                        },
                                                        {
                                                            "Worker Number": 5,
                                                            "Actual Startup Time": 77.166,
                                                            "Actual Total Time": 225.194,
                                                            "Actual Rows": 24607,
                                                            "Actual Loops": 1
                                                        }
                                                    ],
                                                    "Plans": [
                                                        {
                                                            "Node Type": "Seq Scan",
                                                            "Parent Relationship": "Outer",
                                                            "Parallel Aware": true,
                                                            "Relation Name": "title",
                                                            "Schema": "public",
                                                            "Alias": "t",
                                                            "Startup Cost": 0.0,
                                                            "Total Cost": 45479.21,
                                                            "Plan Rows": 334958,
                                                            "Plan Width": 4,
                                                            "Actual Startup Time": 0.017,
                                                            "Actual Total Time": 84.122,
                                                            "Actual Rows": 189384,
                                                            "Actual Loops": 7,
                                                            "Output": [
                                                                "t.id",
                                                                "t.title",
                                                                "t.imdb_index",
                                                                "t.kind_id",
                                                                "t.production_year",
                                                                "t.imdb_id",
                                                                "t.phonetic_code",
                                                                "t.episode_of_id",
                                                                "t.season_nr",
                                                                "t.episode_nr",
                                                                "t.series_years",
                                                                "t.md5sum"
                                                            ],
                                                            "Filter": "((t.kind_id > 2) AND (t.production_year < 2010))",
                                                            "Rows Removed by Filter": 171803,
                                                            "Workers": [
                                                                {
                                                                    "Worker Number": 0,
                                                                    "Actual Startup Time": 0.022,
                                                                    "Actual Total Time": 86.033,
                                                                    "Actual Rows": 181397,
                                                                    "Actual Loops": 1
                                                                },
                                                                {
                                                                    "Worker Number": 1,
                                                                    "Actual Startup Time": 0.017,
                                                                    "Actual Total Time": 86.419,
                                                                    "Actual Rows": 184460,
                                                                    "Actual Loops": 1
                                                                },
                                                                {
                                                                    "Worker Number": 2,
                                                                    "Actual Startup Time": 0.017,
                                                                    "Actual Total Time": 85.493,
                                                                    "Actual Rows": 180434,
                                                                    "Actual Loops": 1
                                                                },
                                                                {
                                                                    "Worker Number": 3,
                                                                    "Actual Startup Time": 0.024,
                                                                    "Actual Total Time": 85.794,
                                                                    "Actual Rows": 181172,
                                                                    "Actual Loops": 1
                                                                },
                                                                {
                                                                    "Worker Number": 4,
                                                                    "Actual Startup Time": 0.019,
                                                                    "Actual Total Time": 86.465,
                                                                    "Actual Rows": 181594,
                                                                    "Actual Loops": 1
                                                                },
                                                                {
                                                                    "Worker Number": 5,
                                                                    "Actual Startup Time": 0.013,
                                                                    "Actual Total Time": 85.784,
                                                                    "Actual Rows": 182420,
                                                                    "Actual Loops": 1
                                                                }
                                                            ]
                                                        },
                                                        {
                                                            "Node Type": "Hash",
                                                            "Parent Relationship": "Inner",
                                                            "Parallel Aware": true,
                                                            "Startup Cost": 15122.68,
                                                            "Total Cost": 15122.68,
                                                            "Plan Rows": 191154,
                                                            "Plan Width": 4,
                                                            "Actual Startup Time": 74.725,
                                                            "Actual Total Time": 74.726,
                                                            "Actual Rows": 65704,
                                                            "Actual Loops": 7,
                                                            "Output": [
                                                                "mi_idx.movie_id"
                                                            ],
                                                            "Hash Buckets": 524288,
                                                            "Original Hash Buckets": 524288,
                                                            "Hash Batches": 1,
                                                            "Original Hash Batches": 1,
                                                            "Peak Memory Usage": 22208,
                                                            "Workers": [
                                                                {
                                                                    "Worker Number": 0,
                                                                    "Actual Startup Time": 74.063,
                                                                    "Actual Total Time": 74.064,
                                                                    "Actual Rows": 59886,
                                                                    "Actual Loops": 1
                                                                },
                                                                {
                                                                    "Worker Number": 1,
                                                                    "Actual Startup Time": 74.278,
                                                                    "Actual Total Time": 74.28,
                                                                    "Actual Rows": 61916,
                                                                    "Actual Loops": 1
                                                                },
                                                                {
                                                                    "Worker Number": 2,
                                                                    "Actual Startup Time": 74.257,
                                                                    "Actual Total Time": 74.259,
                                                                    "Actual Rows": 62094,
                                                                    "Actual Loops": 1
                                                                },
                                                                {
                                                                    "Worker Number": 3,
                                                                    "Actual Startup Time": 74.253,
                                                                    "Actual Total Time": 74.255,
                                                                    "Actual Rows": 63018,
                                                                    "Actual Loops": 1
                                                                },
                                                                {
                                                                    "Worker Number": 4,
                                                                    "Actual Startup Time": 76.723,
                                                                    "Actual Total Time": 76.724,
                                                                    "Actual Rows": 59779,
                                                                    "Actual Loops": 1
                                                                },
                                                                {
                                                                    "Worker Number": 5,
                                                                    "Actual Startup Time": 76.986,
                                                                    "Actual Total Time": 76.988,
                                                                    "Actual Rows": 60052,
                                                                    "Actual Loops": 1
                                                                }
                                                            ],
                                                            "Plans": [
                                                                {
                                                                    "Node Type": "Seq Scan",
                                                                    "Parent Relationship": "Outer",
                                                                    "Parallel Aware": true,
                                                                    "Relation Name": "movie_info_idx",
                                                                    "Schema": "public",
                                                                    "Alias": "mi_idx",
                                                                    "Startup Cost": 0.0,
                                                                    "Total Cost": 15122.68,
                                                                    "Plan Rows": 191154,
                                                                    "Plan Width": 4,
                                                                    "Actual Startup Time": 0.067,
                                                                    "Actual Total Time": 38.422,
                                                                    "Actual Rows": 65704,
                                                                    "Actual Loops": 7,
                                                                    "Output": [
                                                                        "mi_idx.movie_id"
                                                                    ],
                                                                    "Filter": "(mi_idx.info_type_id = 99)",
                                                                    "Rows Removed by Filter": 131444,
                                                                    "Workers": [
                                                                        {
                                                                            "Worker Number": 0,
                                                                            "Actual Startup Time": 0.08,
                                                                            "Actual Total Time": 38.542,
                                                                            "Actual Rows": 59886,
                                                                            "Actual Loops": 1
                                                                        },
                                                                        {
                                                                            "Worker Number": 1,
                                                                            "Actual Startup Time": 0.058,
                                                                            "Actual Total Time": 39.598,
                                                                            "Actual Rows": 61916,
                                                                            "Actual Loops": 1
                                                                        },
                                                                        {
                                                                            "Worker Number": 2,
                                                                            "Actual Startup Time": 0.061,
                                                                            "Actual Total Time": 39.124,
                                                                            "Actual Rows": 62094,
                                                                            "Actual Loops": 1
                                                                        },
                                                                        {
                                                                            "Worker Number": 3,
                                                                            "Actual Startup Time": 0.072,
                                                                            "Actual Total Time": 39.812,
                                                                            "Actual Rows": 63018,
                                                                            "Actual Loops": 1
                                                                        },
                                                                        {
                                                                            "Worker Number": 4,
                                                                            "Actual Startup Time": 0.079,
                                                                            "Actual Total Time": 38.651,
                                                                            "Actual Rows": 59779,
                                                                            "Actual Loops": 1
                                                                        },
                                                                        {
                                                                            "Worker Number": 5,
                                                                            "Actual Startup Time": 0.093,
                                                                            "Actual Total Time": 38.722,
                                                                            "Actual Rows": 60052,
                                                                            "Actual Loops": 1
                                                                        }
                                                                    ]
                                                                }
                                                            ]
                                                        }
                                                    ]
                                                }
                                            ]
                                        }
                                    ]
                                }
                            ]
                        }
                    ]
                }
            ]
        },
        "Planning Time": 2758.679,
        "Triggers": [],
        "Execution Time": 2097.767
    }
]