[
  {
    "Plan": {
      "Node Type": "Aggregate",
      "Strategy": "Plain",
      "Partial Mode": "Finalize",
      "Parallel Aware": false,
      "Startup Cost": 122685.84,
      "Total Cost": 122685.85,
      "Plan Rows": 1,
      "Plan Width": 8,
      "Actual Startup Time": 415.912,
      "Actual Total Time": 445.575,
      "Actual Rows": 1,
      "Actual Loops": 1,
      "Plans": [
        {
          "Node Type": "Gather",
          "Parent Relationship": "Outer",
          "Parallel Aware": false,
          "Startup Cost": 122685.52,
          "Total Cost": 122685.83,
          "Plan Rows": 3,
          "Plan Width": 8,
          "Actual Startup Time": 415.426,
          "Actual Total Time": 445.566,
          "Actual Rows": 4,
          "Actual Loops": 1,
          "Workers Planned": 3,
          "Workers Launched": 3,
          "Single Copy": false,
          "Plans": [
            {
              "Node Type": "Aggregate",
              "Strategy": "Plain",
              "Partial Mode": "Partial",
              "Parent Relationship": "Outer",
              "Parallel Aware": false,
              "Startup Cost": 121685.52,
              "Total Cost": 121685.53,
              "Plan Rows": 1,
              "Plan Width": 8,
              "Actual Startup Time": 410.469,
              "Actual Total Time": 410.472,
              "Actual Rows": 1,
              "Actual Loops": 4,
              "Plans": [
                {
                  "Node Type": "Nested Loop",
                  "Parent Relationship": "Outer",
                  "Parallel Aware": false,
                  "Join Type": "Inner",
                  "Startup Cost": 45599.06,
                  "Total Cost": 121596.16,
                  "Plan Rows": 35743,
                  "Plan Width": 0,
                  "Actual Startup Time": 133.066,
                  "Actual Total Time": 407.111,
                  "Actual Rows": 60245,
                  "Actual Loops": 4,
                  "Inner Unique": false,
                  "Join Filter": "(t.id = mi.movie_id)",
                  "Rows Removed by Join Filter": 0,
                  "Plans": [
                    {
                      "Node Type": "Hash Join",
                      "Parent Relationship": "Outer",
                      "Parallel Aware": true,
                      "Join Type": "Inner",
                      "Startup Cost": 45598.62,
                      "Total Cost": 91454.81,
                      "Plan Rows": 18139,
                      "Plan Width": 8,
                      "Actual Startup Time": 132.958,
                      "Actual Total Time": 270.051,
                      "Actual Rows": 14533,
                      "Actual Loops": 4,
                      "Inner Unique": true,
                      "Hash Cond": "(mk.movie_id = t.id)",
                      "Plans": [
                        {
                          "Node Type": "Seq Scan",
                          "Parent Relationship": "Outer",
                          "Parallel Aware": true,
                          "Relation Name": "movie_keyword",
                          "Alias": "mk",
                          "Startup Cost": 0.0,
                          "Total Cost": 42695.65,
                          "Plan Rows": 1204014,
                          "Plan Width": 4,
                          "Actual Startup Time": 0.025,
                          "Actual Total Time": 103.436,
                          "Actual Rows": 933778,
                          "Actual Loops": 4,
                          "Filter": "(keyword_id < 23822)",
                          "Rows Removed by Filter": 197204
                        },
                        {
                          "Node Type": "Hash",
                          "Parent Relationship": "Inner",
                          "Parallel Aware": true,
                          "Startup Cost": 45479.59,
                          "Total Cost": 45479.59,
                          "Plan Rows": 9523,
                          "Plan Width": 4,
                          "Actual Startup Time": 99.306,
                          "Actual Total Time": 99.307,
                          "Actual Rows": 25994,
                          "Actual Loops": 4,
                          "Hash Buckets": 131072,
                          "Original Hash Buckets": 65536,
                          "Hash Batches": 1,
                          "Original Hash Batches": 1,
                          "Peak Memory Usage": 5664,
                          "Plans": [
                            {
                              "Node Type": "Seq Scan",
                              "Parent Relationship": "Outer",
                              "Parallel Aware": true,
                              "Relation Name": "title",
                              "Alias": "t",
                              "Startup Cost": 0.0,
                              "Total Cost": 45479.59,
                              "Plan Rows": 9523,
                              "Plan Width": 4,
                              "Actual Startup Time": 57.34,
                              "Actual Total Time": 89.097,
                              "Actual Rows": 25994,
                              "Actual Loops": 4,
                              "Filter": "((kind_id < 7) AND (production_year < 1926))",
                              "Rows Removed by Filter": 606084
                            }
                          ]
                        }
                      ]
                    },
                    {
                      "Node Type": "Index Scan",
                      "Parent Relationship": "Inner",
                      "Parallel Aware": false,
                      "Scan Direction": "Forward",
                      "Index Name": "movie_id_movie_info",
                      "Relation Name": "movie_info",
                      "Alias": "mi",
                      "Startup Cost": 0.43,
                      "Total Cost": 1.49,
                      "Plan Rows": 14,
                      "Plan Width": 4,
                      "Actual Startup Time": 0.004,
                      "Actual Total Time": 0.009,
                      "Actual Rows": 4,
                      "Actual Loops": 58133,
                      "Index Cond": "(movie_id = mk.movie_id)",
                      "Rows Removed by Index Recheck": 0,
                      "Filter": "(info_type_id < 5)",
                      "Rows Removed by Filter": 14
                    }
                  ]
                }
              ]
            }
          ]
        }
      ]
    },
    "Planning Time": 1.372,
    "Triggers": [],
    "Execution Time": 445.665
  }
]