{
  "Plan": {
    "Node Type": "Aggregate",
    "Strategy": "Plain",
    "Partial Mode": "Finalize",
    "Parallel Aware": false,
    "Startup Cost": 115593.36,
    "Total Cost": 115593.37,
    "Plan Rows": 1,
    "Plan Width": 8,
    "Actual Startup Time": 1061.285,
    "Actual Total Time": 1083.717,
    "Actual Rows": 1,
    "Actual Loops": 1,
    "Plans": [
      {
        "Node Type": "Gather",
        "Parent Relationship": "Outer",
        "Parallel Aware": false,
        "Startup Cost": 115593.25,
        "Total Cost": 115593.36,
        "Plan Rows": 1,
        "Plan Width": 8,
        "Actual Startup Time": 1054.638,
        "Actual Total Time": 1083.708,
        "Actual Rows": 2,
        "Actual Loops": 1,
        "Workers Planned": 1,
        "Workers Launched": 1,
        "Single Copy": false,
        "Plans": [
          {
            "Node Type": "Aggregate",
            "Strategy": "Plain",
            "Partial Mode": "Partial",
            "Parent Relationship": "Outer",
            "Parallel Aware": false,
            "Startup Cost": 114593.25,
            "Total Cost": 114593.26,
            "Plan Rows": 1,
            "Plan Width": 8,
            "Actual Startup Time": 1043.018,
            "Actual Total Time": 1043.021,
            "Actual Rows": 1,
            "Actual Loops": 2,
            "Plans": [
              {
                "Node Type": "Hash Join",
                "Parent Relationship": "Outer",
                "Parallel Aware": true,
                "Join Type": "Inner",
                "Startup Cost": 69460.7,
                "Total Cost": 111101.65,
                "Plan Rows": 1396637,
                "Plan Width": 0,
                "Actual Startup Time": 528.922,
                "Actual Total Time": 995.225,
                "Actual Rows": 1188195,
                "Actual Loops": 2,
                "Inner Unique": true,
                "Hash Cond": "(mc.movie_id = t.id)",
                "Plans": [
                  {
                    "Node Type": "Seq Scan",
                    "Parent Relationship": "Outer",
                    "Parallel Aware": true,
                    "Relation Name": "movie_companies",
                    "Alias": "mc",
                    "Startup Cost": 0.0,
                    "Total Cost": 37974.77,
                    "Plan Rows": 1396637,
                    "Plan Width": 4,
                    "Actual Startup Time": 0.017,
                    "Actual Total Time": 129.005,
                    "Actual Rows": 1188195,
                    "Actual Loops": 2,
                    "Filter": "(company_id < 104769)",
                    "Rows Removed by Filter": 116370
                  },
                  {
                    "Node Type": "Hash",
                    "Parent Relationship": "Inner",
                    "Parallel Aware": true,
                    "Startup Cost": 50870.31,
                    "Total Cost": 50870.31,
                    "Plan Rows": 1487231,
                    "Plan Width": 4,
                    "Actual Startup Time": 506.975,
                    "Actual Total Time": 506.975,
                    "Actual Rows": 1264156,
                    "Actual Loops": 2,
                    "Hash Buckets": 4194304,
                    "Original Hash Buckets": 4194304,
                    "Hash Batches": 1,
                    "Original Hash Batches": 1,
                    "Peak Memory Usage": 131712,
                    "Plans": [
                      {
                        "Node Type": "Seq Scan",
                        "Parent Relationship": "Outer",
                        "Parallel Aware": true,
                        "Relation Name": "title",
                        "Alias": "t",
                        "Startup Cost": 0.0,
                        "Total Cost": 50870.31,
                        "Plan Rows": 1487231,
                        "Plan Width": 4,
                        "Actual Startup Time": 0.02,
                        "Actual Total Time": 152.579,
                        "Actual Rows": 1264156,
                        "Actual Loops": 2
                      }
                    ]
                  }
                ]
              }
            ]
          }
        ]
      }
    ]
  },
  "Planning Time": 0.588,
  "Triggers": [],
  "Execution Time": 1083.783
}