[
  {
    "Plan": {
      "Node Type": "Aggregate",
      "Strategy": "Plain",
      "Partial Mode": "Finalize",
      "Parallel Aware": false,
      "Startup Cost": 335126.96,
      "Total Cost": 335126.97,
      "Plan Rows": 1,
      "Plan Width": 8,
      "Actual Startup Time": 880.258,
      "Actual Total Time": 947.659,
      "Actual Rows": 1,
      "Actual Loops": 1,
      "Plans": [
        {
          "Node Type": "Gather",
          "Parent Relationship": "Outer",
          "Parallel Aware": false,
          "Startup Cost": 335126.34,
          "Total Cost": 335126.95,
          "Plan Rows": 6,
          "Plan Width": 8,
          "Actual Startup Time": 880.136,
          "Actual Total Time": 947.648,
          "Actual Rows": 7,
          "Actual Loops": 1,
          "Workers Planned": 6,
          "Workers Launched": 6,
          "Single Copy": false,
          "Plans": [
            {
              "Node Type": "Aggregate",
              "Strategy": "Plain",
              "Partial Mode": "Partial",
              "Parent Relationship": "Outer",
              "Parallel Aware": false,
              "Startup Cost": 334126.34,
              "Total Cost": 334126.35,
              "Plan Rows": 1,
              "Plan Width": 8,
              "Actual Startup Time": 869.75,
              "Actual Total Time": 869.751,
              "Actual Rows": 1,
              "Actual Loops": 7,
              "Plans": [
                {
                  "Node Type": "Seq Scan",
                  "Parent Relationship": "Outer",
                  "Parallel Aware": true,
                  "Relation Name": "cast_info",
                  "Alias": "ci",
                  "Startup Cost": 0.0,
                  "Total Cost": 328162.03,
                  "Plan Rows": 2385725,
                  "Plan Width": 0,
                  "Actual Startup Time": 0.058,
                  "Actual Total Time": 741.753,
                  "Actual Rows": 2045355,
                  "Actual Loops": 7,
                  "Filter": "(person_id < 1409743)",
                  "Rows Removed by Filter": 3132409
                }
              ]
            }
          ]
        }
      ]
    },
    "Planning Time": 0.113,
    "Triggers": [],
    "Execution Time": 947.711
  }
]