[
  {
    "Plan": {
      "Node Type": "Aggregate",
      "Strategy": "Plain",
      "Partial Mode": "Finalize",
      "Parallel Aware": false,
      "Startup Cost": 88474.32,
      "Total Cost": 88474.33,
      "Plan Rows": 1,
      "Plan Width": 8,
      "Actual Startup Time": 197.707,
      "Actual Total Time": 219.058,
      "Actual Rows": 1,
      "Actual Loops": 1,
      "Plans": [
        {
          "Node Type": "Gather",
          "Parent Relationship": "Outer",
          "Parallel Aware": false,
          "Startup Cost": 88474.01,
          "Total Cost": 88474.32,
          "Plan Rows": 3,
          "Plan Width": 8,
          "Actual Startup Time": 196.335,
          "Actual Total Time": 219.05,
          "Actual Rows": 4,
          "Actual Loops": 1,
          "Workers Planned": 3,
          "Workers Launched": 3,
          "Single Copy": false,
          "Plans": [
            {
              "Node Type": "Aggregate",
              "Strategy": "Plain",
              "Partial Mode": "Partial",
              "Parent Relationship": "Outer",
              "Parallel Aware": false,
              "Startup Cost": 87474.01,
              "Total Cost": 87474.02,
              "Plan Rows": 1,
              "Plan Width": 8,
              "Actual Startup Time": 192.096,
              "Actual Total Time": 192.101,
              "Actual Rows": 1,
              "Actual Loops": 4,
              "Plans": [
                {
                  "Node Type": "Nested Loop",
                  "Parent Relationship": "Outer",
                  "Parallel Aware": false,
                  "Join Type": "Inner",
                  "Startup Cost": 37046.8,
                  "Total Cost": 87451.29,
                  "Plan Rows": 9086,
                  "Plan Width": 0,
                  "Actual Startup Time": 92.392,
                  "Actual Total Time": 191.352,
                  "Actual Rows": 7722,
                  "Actual Loops": 4,
                  "Inner Unique": true,
                  "Join Filter": "(ci.movie_id = t.id)",
                  "Rows Removed by Join Filter": 0,
                  "Plans": [
                    {
                      "Node Type": "Hash Join",
                      "Parent Relationship": "Outer",
                      "Parallel Aware": true,
                      "Join Type": "Inner",
                      "Startup Cost": 37046.37,
                      "Total Cost": 64123.23,
                      "Plan Rows": 22140,
                      "Plan Width": 8,
                      "Actual Startup Time": 92.305,
                      "Actual Total Time": 153.735,
                      "Actual Rows": 7722,
                      "Actual Loops": 4,
                      "Inner Unique": false,
                      "Hash Cond": "(mk.movie_id = ci.movie_id)",
                      "Plans": [
                        {
                          "Node Type": "Bitmap Heap Scan",
                          "Parent Relationship": "Outer",
                          "Parallel Aware": true,
                          "Relation Name": "movie_keyword",
                          "Alias": "mk",
                          "Startup Cost": 6434.31,
                          "Total Cost": 32110.93,
                          "Plan Rows": 97810,
                          "Plan Width": 4,
                          "Actual Startup Time": 23.178,
                          "Actual Total Time": 67.918,
                          "Actual Rows": 74461,
                          "Actual Loops": 4,
                          "Recheck Cond": "(keyword_id < 245)",
                          "Rows Removed by Index Recheck": 0,
                          "Exact Heap Blocks": 9067,
                          "Lossy Heap Blocks": 0,
                          "Plans": [
                            {
                              "Node Type": "Bitmap Index Scan",
                              "Parent Relationship": "Outer",
                              "Parallel Aware": false,
                              "Index Name": "keyword_id_movie_keyword",
                              "Startup Cost": 0.0,
                              "Total Cost": 6358.51,
                              "Plan Rows": 303210,
                              "Plan Width": 0,
                              "Actual Startup Time": 19.657,
                              "Actual Total Time": 19.658,
                              "Actual Rows": 297845,
                              "Actual Loops": 1,
                              "Index Cond": "(keyword_id < 245)"
                            }
                          ]
                        },
                        {
                          "Node Type": "Hash",
                          "Parent Relationship": "Inner",
                          "Parallel Aware": true,
                          "Startup Cost": 29878.05,
                          "Total Cost": 29878.05,
                          "Plan Rows": 58721,
                          "Plan Width": 4,
                          "Actual Startup Time": 67.856,
                          "Actual Total Time": 67.858,
                          "Actual Rows": 25722,
                          "Actual Loops": 4,
                          "Hash Buckets": 262144,
                          "Original Hash Buckets": 262144,
                          "Hash Batches": 1,
                          "Original Hash Batches": 1,
                          "Peak Memory Usage": 6112,
                          "Plans": [
                            {
                              "Node Type": "Index Scan",
                              "Parent Relationship": "Outer",
                              "Parallel Aware": true,
                              "Scan Direction": "Forward",
                              "Index Name": "role_id_cast_info",
                              "Relation Name": "cast_info",
                              "Alias": "ci",
                              "Startup Cost": 0.56,
                              "Total Cost": 29878.05,
                              "Plan Rows": 58721,
                              "Plan Width": 4,
                              "Actual Startup Time": 0.074,
                              "Actual Total Time": 59.173,
                              "Actual Rows": 25722,
                              "Actual Loops": 4,
                              "Index Cond": "(role_id = 9)",
                              "Rows Removed by Index Recheck": 0,
                              "Filter": "(person_id < 789214)",
                              "Rows Removed by Filter": 247668
                            }
                          ]
                        }
                      ]
                    },
                    {
                      "Node Type": "Index Only Scan",
                      "Parent Relationship": "Inner",
                      "Parallel Aware": false,
                      "Scan Direction": "Forward",
                      "Index Name": "title_pkey",
                      "Relation Name": "title",
                      "Alias": "t",
                      "Startup Cost": 0.43,
                      "Total Cost": 1.04,
                      "Plan Rows": 1,
                      "Plan Width": 4,
                      "Actual Startup Time": 0.004,
                      "Actual Total Time": 0.004,
                      "Actual Rows": 1,
                      "Actual Loops": 30888,
                      "Index Cond": "(id = mk.movie_id)",
                      "Rows Removed by Index Recheck": 0,
                      "Heap Fetches": 30888
                    }
                  ]
                }
              ]
            }
          ]
        }
      ]
    },
    "Planning Time": 0.565,
    "Triggers": [],
    "Execution Time": 219.147
  }
]