[
  {
    "Plan": {
      "Node Type": "Aggregate",
      "Strategy": "Plain",
      "Partial Mode": "Finalize",
      "Parallel Aware": false,
      "Startup Cost": 340902.59,
      "Total Cost": 340902.6,
      "Plan Rows": 1,
      "Plan Width": 8,
      "Actual Startup Time": 957.138,
      "Actual Total Time": 1004.381,
      "Actual Rows": 1,
      "Actual Loops": 1,
      "Plans": [
        {
          "Node Type": "Gather",
          "Parent Relationship": "Outer",
          "Parallel Aware": false,
          "Startup Cost": 340901.97,
          "Total Cost": 340902.58,
          "Plan Rows": 6,
          "Plan Width": 8,
          "Actual Startup Time": 956.919,
          "Actual Total Time": 1004.369,
          "Actual Rows": 7,
          "Actual Loops": 1,
          "Workers Planned": 6,
          "Workers Launched": 6,
          "Single Copy": false,
          "Plans": [
            {
              "Node Type": "Aggregate",
              "Strategy": "Plain",
              "Partial Mode": "Partial",
              "Parent Relationship": "Outer",
              "Parallel Aware": false,
              "Startup Cost": 339901.97,
              "Total Cost": 339901.98,
              "Plan Rows": 1,
              "Plan Width": 8,
              "Actual Startup Time": 947.836,
              "Actual Total Time": 947.837,
              "Actual Rows": 1,
              "Actual Loops": 7,
              "Plans": [
                {
                  "Node Type": "Seq Scan",
                  "Parent Relationship": "Outer",
                  "Parallel Aware": true,
                  "Relation Name": "cast_info",
                  "Alias": "ci",
                  "Startup Cost": 0.0,
                  "Total Cost": 328211.39,
                  "Plan Rows": 4676230,
                  "Plan Width": 0,
                  "Actual Startup Time": 0.061,
                  "Actual Total Time": 720.461,
                  "Actual Rows": 4014214,
                  "Actual Loops": 7,
                  "Filter": "(person_id < 2866593)",
                  "Rows Removed by Filter": 1163549
                }
              ]
            }
          ]
        }
      ]
    },
    "Planning Time": 0.092,
    "Triggers": [],
    "Execution Time": 1004.425
  }
]