[
  {
    "Plan": {
      "Node Type": "Aggregate",
      "Strategy": "Plain",
      "Partial Mode": "Finalize",
      "Parallel Aware": false,
      "Startup Cost": 31206.22,
      "Total Cost": 31206.23,
      "Plan Rows": 1,
      "Plan Width": 8,
      "Actual Startup Time": 101.069,
      "Actual Total Time": 109.112,
      "Actual Rows": 1,
      "Actual Loops": 1,
      "Plans": [
        {
          "Node Type": "Gather",
          "Parent Relationship": "Outer",
          "Parallel Aware": false,
          "Startup Cost": 31205.9,
          "Total Cost": 31206.21,
          "Plan Rows": 3,
          "Plan Width": 8,
          "Actual Startup Time": 100.934,
          "Actual Total Time": 109.105,
          "Actual Rows": 4,
          "Actual Loops": 1,
          "Workers Planned": 3,
          "Workers Launched": 3,
          "Single Copy": false,
          "Plans": [
            {
              "Node Type": "Aggregate",
              "Strategy": "Plain",
              "Partial Mode": "Partial",
              "Parent Relationship": "Outer",
              "Parallel Aware": false,
              "Startup Cost": 30205.9,
              "Total Cost": 30205.91,
              "Plan Rows": 1,
              "Plan Width": 8,
              "Actual Startup Time": 93.306,
              "Actual Total Time": 93.307,
              "Actual Rows": 1,
              "Actual Loops": 4,
              "Plans": [
                {
                  "Node Type": "Seq Scan",
                  "Parent Relationship": "Outer",
                  "Parallel Aware": true,
                  "Relation Name": "movie_companies",
                  "Alias": "mc",
                  "Startup Cost": 0.0,
                  "Total Cost": 29310.68,
                  "Plan Rows": 358087,
                  "Plan Width": 0,
                  "Actual Startup Time": 17.698,
                  "Actual Total Time": 80.016,
                  "Actual Rows": 276704,
                  "Actual Loops": 4,
                  "Filter": "(company_id > 14031)",
                  "Rows Removed by Filter": 375578
                }
              ]
            }
          ]
        }
      ]
    },
    "Planning Time": 0.2,
    "Triggers": [],
    "Execution Time": 109.168
  }
]