[
  {
    "Plan": {
      "Node Type": "Aggregate",
      "Strategy": "Plain",
      "Partial Mode": "Finalize",
      "Parallel Aware": false,
      "Startup Cost": 327586.59,
      "Total Cost": 327586.6,
      "Plan Rows": 1,
      "Plan Width": 8,
      "Actual Startup Time": 209.311,
      "Actual Total Time": 242.802,
      "Actual Rows": 1,
      "Actual Loops": 1,
      "Plans": [
        {
          "Node Type": "Gather",
          "Parent Relationship": "Outer",
          "Parallel Aware": false,
          "Startup Cost": 327586.17,
          "Total Cost": 327586.58,
          "Plan Rows": 4,
          "Plan Width": 8,
          "Actual Startup Time": 209.17,
          "Actual Total Time": 242.793,
          "Actual Rows": 5,
          "Actual Loops": 1,
          "Workers Planned": 4,
          "Workers Launched": 4,
          "Single Copy": false,
          "Plans": [
            {
              "Node Type": "Aggregate",
              "Strategy": "Plain",
              "Partial Mode": "Partial",
              "Parent Relationship": "Outer",
              "Parallel Aware": false,
              "Startup Cost": 326586.17,
              "Total Cost": 326586.18,
              "Plan Rows": 1,
              "Plan Width": 8,
              "Actual Startup Time": 199.249,
              "Actual Total Time": 199.251,
              "Actual Rows": 1,
              "Actual Loops": 5,
              "Plans": [
                {
                  "Node Type": "Nested Loop",
                  "Parent Relationship": "Outer",
                  "Parallel Aware": false,
                  "Join Type": "Inner",
                  "Startup Cost": 0.56,
                  "Total Cost": 326499.36,
                  "Plan Rows": 34727,
                  "Plan Width": 0,
                  "Actual Startup Time": 60.027,
                  "Actual Total Time": 198.349,
                  "Actual Rows": 10044,
                  "Actual Loops": 5,
                  "Inner Unique": false,
                  "Plans": [
                    {
                      "Node Type": "Seq Scan",
                      "Parent Relationship": "Outer",
                      "Parallel Aware": true,
                      "Relation Name": "title",
                      "Alias": "t",
                      "Startup Cost": 0.0,
                      "Total Cost": 45479.1,
                      "Plan Rows": 5502,
                      "Plan Width": 4,
                      "Actual Startup Time": 59.832,
                      "Actual Total Time": 84.562,
                      "Actual Rows": 11969,
                      "Actual Loops": 5,
                      "Filter": "((kind_id < 7) AND (production_year < 1915))",
                      "Rows Removed by Filter": 493693
                    },
                    {
                      "Node Type": "Index Scan",
                      "Parent Relationship": "Inner",
                      "Parallel Aware": false,
                      "Scan Direction": "Forward",
                      "Index Name": "movie_id_cast_info",
                      "Relation Name": "cast_info",
                      "Alias": "ci",
                      "Startup Cost": 0.56,
                      "Total Cost": 50.92,
                      "Plan Rows": 16,
                      "Plan Width": 4,
                      "Actual Startup Time": 0.008,
                      "Actual Total Time": 0.009,
                      "Actual Rows": 1,
                      "Actual Loops": 59846,
                      "Index Cond": "(movie_id = t.id)",
                      "Rows Removed by Index Recheck": 0,
                      "Filter": "(person_id > 2041595)",
                      "Rows Removed by Filter": 2
                    }
                  ]
                }
              ]
            }
          ]
        }
      ]
    },
    "Planning Time": 0.643,
    "Triggers": [],
    "Execution Time": 242.889
  }
]