[
  {
    "Plan": {
      "Node Type": "Aggregate",
      "Strategy": "Plain",
      "Partial Mode": "Finalize",
      "Parallel Aware": false,
      "Startup Cost": 55897.0,
      "Total Cost": 55897.01,
      "Plan Rows": 1,
      "Plan Width": 8,
      "Actual Startup Time": 105.632,
      "Actual Total Time": 119.932,
      "Actual Rows": 1,
      "Actual Loops": 1,
      "Plans": [
        {
          "Node Type": "Gather",
          "Parent Relationship": "Outer",
          "Parallel Aware": false,
          "Startup Cost": 55896.58,
          "Total Cost": 55896.99,
          "Plan Rows": 4,
          "Plan Width": 8,
          "Actual Startup Time": 105.523,
          "Actual Total Time": 119.926,
          "Actual Rows": 5,
          "Actual Loops": 1,
          "Workers Planned": 4,
          "Workers Launched": 4,
          "Single Copy": false,
          "Plans": [
            {
              "Node Type": "Aggregate",
              "Strategy": "Plain",
              "Partial Mode": "Partial",
              "Parent Relationship": "Outer",
              "Parallel Aware": false,
              "Startup Cost": 54896.58,
              "Total Cost": 54896.59,
              "Plan Rows": 1,
              "Plan Width": 8,
              "Actual Startup Time": 97.393,
              "Actual Total Time": 97.394,
              "Actual Rows": 1,
              "Actual Loops": 5,
              "Plans": [
                {
                  "Node Type": "Nested Loop",
                  "Parent Relationship": "Outer",
                  "Parallel Aware": false,
                  "Join Type": "Inner",
                  "Startup Cost": 0.43,
                  "Total Cost": 54895.15,
                  "Plan Rows": 570,
                  "Plan Width": 0,
                  "Actual Startup Time": 58.472,
                  "Actual Total Time": 97.15,
                  "Actual Rows": 2135,
                  "Actual Loops": 5,
                  "Inner Unique": false,
                  "Plans": [
                    {
                      "Node Type": "Seq Scan",
                      "Parent Relationship": "Outer",
                      "Parallel Aware": true,
                      "Relation Name": "title",
                      "Alias": "t",
                      "Startup Cost": 0.0,
                      "Total Cost": 45479.1,
                      "Plan Rows": 552,
                      "Plan Width": 4,
                      "Actual Startup Time": 58.346,
                      "Actual Total Time": 83.935,
                      "Actual Rows": 1174,
                      "Actual Loops": 5,
                      "Filter": "((kind_id < 7) AND (production_year < 1900))",
                      "Rows Removed by Filter": 504488
                    },
                    {
                      "Node Type": "Index Only Scan",
                      "Parent Relationship": "Inner",
                      "Parallel Aware": false,
                      "Scan Direction": "Forward",
                      "Index Name": "movie_id_movie_companies",
                      "Relation Name": "movie_companies",
                      "Alias": "mc",
                      "Startup Cost": 0.43,
                      "Total Cost": 17.01,
                      "Plan Rows": 5,
                      "Plan Width": 4,
                      "Actual Startup Time": 0.008,
                      "Actual Total Time": 0.011,
                      "Actual Rows": 2,
                      "Actual Loops": 5872,
                      "Index Cond": "(movie_id = t.id)",
                      "Rows Removed by Index Recheck": 0,
                      "Heap Fetches": 10675
                    }
                  ]
                }
              ]
            }
          ]
        }
      ]
    },
    "Planning Time": 0.496,
    "Triggers": [],
    "Execution Time": 119.99
  }
]