[
  {
    "Plan": {
      "Node Type": "Aggregate",
      "Strategy": "Plain",
      "Partial Mode": "Finalize",
      "Parallel Aware": false,
      "Startup Cost": 337147.61,
      "Total Cost": 337147.62,
      "Plan Rows": 1,
      "Plan Width": 8,
      "Actual Startup Time": 683.726,
      "Actual Total Time": 742.067,
      "Actual Rows": 1,
      "Actual Loops": 1,
      "Plans": [
        {
          "Node Type": "Gather",
          "Parent Relationship": "Outer",
          "Parallel Aware": false,
          "Startup Cost": 337146.98,
          "Total Cost": 337147.59,
          "Plan Rows": 6,
          "Plan Width": 8,
          "Actual Startup Time": 683.568,
          "Actual Total Time": 742.057,
          "Actual Rows": 7,
          "Actual Loops": 1,
          "Workers Planned": 6,
          "Workers Launched": 6,
          "Single Copy": false,
          "Plans": [
            {
              "Node Type": "Aggregate",
              "Strategy": "Plain",
              "Partial Mode": "Partial",
              "Parent Relationship": "Outer",
              "Parallel Aware": false,
              "Startup Cost": 336146.98,
              "Total Cost": 336146.99,
              "Plan Rows": 1,
              "Plan Width": 8,
              "Actual Startup Time": 675.602,
              "Actual Total Time": 675.604,
              "Actual Rows": 1,
              "Actual Loops": 7,
              "Plans": [
                {
                  "Node Type": "Seq Scan",
                  "Parent Relationship": "Outer",
                  "Parallel Aware": true,
                  "Relation Name": "cast_info",
                  "Alias": "ci",
                  "Startup Cost": 0.0,
                  "Total Cost": 328162.03,
                  "Plan Rows": 3193982,
                  "Plan Width": 0,
                  "Actual Startup Time": 0.048,
                  "Actual Total Time": 564.798,
                  "Actual Rows": 2751021,
                  "Actual Loops": 7,
                  "Filter": "(person_id < 1924561)",
                  "Rows Removed by Filter": 2426743
                }
              ]
            }
          ]
        }
      ]
    },
    "Planning Time": 0.199,
    "Triggers": [],
    "Execution Time": 742.143
  }
]