[
  {
    "Plan": {
      "Node Type": "Aggregate",
      "Strategy": "Plain",
      "Partial Mode": "Finalize",
      "Parallel Aware": false,
      "Startup Cost": 46949.0,
      "Total Cost": 46949.01,
      "Plan Rows": 1,
      "Plan Width": 8,
      "Actual Startup Time": 108.177,
      "Actual Total Time": 119.79,
      "Actual Rows": 1,
      "Actual Loops": 1,
      "Plans": [
        {
          "Node Type": "Gather",
          "Parent Relationship": "Outer",
          "Parallel Aware": false,
          "Startup Cost": 46948.58,
          "Total Cost": 46948.99,
          "Plan Rows": 4,
          "Plan Width": 8,
          "Actual Startup Time": 107.791,
          "Actual Total Time": 119.78,
          "Actual Rows": 5,
          "Actual Loops": 1,
          "Workers Planned": 4,
          "Workers Launched": 4,
          "Single Copy": false,
          "Plans": [
            {
              "Node Type": "Aggregate",
              "Strategy": "Plain",
              "Partial Mode": "Partial",
              "Parent Relationship": "Outer",
              "Parallel Aware": false,
              "Startup Cost": 45948.58,
              "Total Cost": 45948.59,
              "Plan Rows": 1,
              "Plan Width": 8,
              "Actual Startup Time": 100.887,
              "Actual Total Time": 100.889,
              "Actual Rows": 1,
              "Actual Loops": 5,
              "Plans": [
                {
                  "Node Type": "Seq Scan",
                  "Parent Relationship": "Outer",
                  "Parallel Aware": true,
                  "Relation Name": "title",
                  "Alias": "t",
                  "Startup Cost": 0.0,
                  "Total Cost": 45479.59,
                  "Plan Rows": 187598,
                  "Plan Width": 0,
                  "Actual Startup Time": 0.044,
                  "Actual Total Time": 92.562,
                  "Actual Rows": 158789,
                  "Actual Loops": 5,
                  "Filter": "((kind_id < 7) AND (production_year < 2010))",
                  "Rows Removed by Filter": 346874
                }
              ]
            }
          ]
        }
      ]
    },
    "Planning Time": 0.105,
    "Triggers": [],
    "Execution Time": 119.825
  }
]