[
  {
    "Plan": {
      "Node Type": "Gather",
      "Parallel Aware": false,
      "Startup Cost": 7159.64,
      "Total Cost": 13909.15,
      "Plan Rows": 2316,
      "Plan Width": 40,
      "Actual Startup Time": 62.098,
      "Actual Total Time": 73.435,
      "Actual Rows": 4712,
      "Actual Loops": 1,
      "Workers Planned": 1,
      "Workers Launched": 1,
      "Single Copy": false,
      "Plans": [
        {
          "Node Type": "Hash Join",
          "Parent Relationship": "Outer",
          "Parallel Aware": true,
          "Join Type": "Inner",
          "Startup Cost": 6159.64,
          "Total Cost": 12677.55,
          "Plan Rows": 1362,
          "Plan Width": 40,
          "Actual Startup Time": 56.228,
          "Actual Total Time": 62.732,
          "Actual Rows": 2356,
          "Actual Loops": 2,
          "Inner Unique": true,
          "Hash Cond": "(mc.company_id = cn.id)",
          "Plans": [
            {
              "Node Type": "Bitmap Heap Scan",
              "Parent Relationship": "Outer",
              "Parallel Aware": true,
              "Relation Name": "movie_companies",
              "Alias": "mc",
              "Startup Cost": 54.38,
              "Total Cost": 6568.71,
              "Plan Rows": 1362,
              "Plan Width": 40,
              "Actual Startup Time": 0.636,
              "Actual Total Time": 6.328,
              "Actual Rows": 2356,
              "Actual Loops": 2,
              "Recheck Cond": "(company_id < 6)",
              "Rows Removed by Index Recheck": 0,
              "Exact Heap Blocks": 931,
              "Lossy Heap Blocks": 0,
              "Plans": [
                {
                  "Node Type": "Bitmap Index Scan",
                  "Parent Relationship": "Outer",
                  "Parallel Aware": false,
                  "Index Name": "company_id_movie_companies",
                  "Startup Cost": 0.0,
                  "Total Cost": 53.8,
                  "Plan Rows": 2316,
                  "Plan Width": 0,
                  "Actual Startup Time": 0.426,
                  "Actual Total Time": 0.426,
                  "Actual Rows": 4712,
                  "Actual Loops": 1,
                  "Index Cond": "(company_id < 6)"
                }
              ]
            },
            {
              "Node Type": "Hash",
              "Parent Relationship": "Inner",
              "Parallel Aware": true,
              "Startup Cost": 4377.34,
              "Total Cost": 4377.34,
              "Plan Rows": 138234,
              "Plan Width": 4,
              "Actual Startup Time": 52.662,
              "Actual Total Time": 52.663,
              "Actual Rows": 117498,
              "Actual Loops": 2,
              "Hash Buckets": 262144,
              "Original Hash Buckets": 262144,
              "Hash Batches": 1,
              "Original Hash Batches": 1,
              "Peak Memory Usage": 11264,
              "Plans": [
                {
                  "Node Type": "Seq Scan",
                  "Parent Relationship": "Outer",
                  "Parallel Aware": true,
                  "Relation Name": "company_name",
                  "Alias": "cn",
                  "Startup Cost": 0.0,
                  "Total Cost": 4377.34,
                  "Plan Rows": 138234,
                  "Plan Width": 4,
                  "Actual Startup Time": 0.054,
                  "Actual Total Time": 24.502,
                  "Actual Rows": 117498,
                  "Actual Loops": 2
                }
              ]
            }
          ]
        }
      ]
    },
    "Planning Time": 3.486,
    "Triggers": [],
    "Execution Time": 73.854
  }
]