[
  {
    "Plan": {
      "Node Type": "Aggregate",
      "Strategy": "Plain",
      "Partial Mode": "Finalize",
      "Parallel Aware": false,
      "Startup Cost": 339811.95,
      "Total Cost": 339811.96,
      "Plan Rows": 1,
      "Plan Width": 8,
      "Actual Startup Time": 825.292,
      "Actual Total Time": 883.479,
      "Actual Rows": 1,
      "Actual Loops": 1,
      "Plans": [
        {
          "Node Type": "Gather",
          "Parent Relationship": "Outer",
          "Parallel Aware": false,
          "Startup Cost": 339811.33,
          "Total Cost": 339811.93,
          "Plan Rows": 6,
          "Plan Width": 8,
          "Actual Startup Time": 825.174,
          "Actual Total Time": 883.466,
          "Actual Rows": 7,
          "Actual Loops": 1,
          "Workers Planned": 6,
          "Workers Launched": 6,
          "Single Copy": false,
          "Plans": [
            {
              "Node Type": "Aggregate",
              "Strategy": "Plain",
              "Partial Mode": "Partial",
              "Parent Relationship": "Outer",
              "Parallel Aware": false,
              "Startup Cost": 338811.33,
              "Total Cost": 338811.34,
              "Plan Rows": 1,
              "Plan Width": 8,
              "Actual Startup Time": 816.395,
              "Actual Total Time": 816.396,
              "Actual Rows": 1,
              "Actual Loops": 7,
              "Plans": [
                {
                  "Node Type": "Seq Scan",
                  "Parent Relationship": "Outer",
                  "Parallel Aware": true,
                  "Relation Name": "cast_info",
                  "Alias": "ci",
                  "Startup Cost": 0.0,
                  "Total Cost": 328162.03,
                  "Plan Rows": 4259720,
                  "Plan Width": 0,
                  "Actual Startup Time": 0.049,
                  "Actual Total Time": 648.71,
                  "Actual Rows": 3669252,
                  "Actual Loops": 7,
                  "Filter": "(person_id < 2653116)",
                  "Rows Removed by Filter": 1508512
                }
              ]
            }
          ]
        }
      ]
    },
    "Planning Time": 0.181,
    "Triggers": [],
    "Execution Time": 883.55
  }
]