[
    {
        "Bao": {
            "Bao prediction": "NaN",
            "Bao recommended hint": "(no hint)"
        }
    },
    {
        "Plan": {
            "Node Type": "Aggregate",
            "Strategy": "Plain",
            "Partial Mode": "Finalize",
            "Parallel Aware": false,
            "Startup Cost": 47840.79,
            "Total Cost": 47840.8,
            "Plan Rows": 1,
            "Plan Width": 8,
            "Actual Startup Time": 96.121,
            "Actual Total Time": 106.479,
            "Actual Rows": 1,
            "Actual Loops": 1,
            "Output": [
                "count(*)"
            ],
            "Plans": [
                {
                    "Node Type": "Gather",
                    "Parent Relationship": "Outer",
                    "Parallel Aware": false,
                    "Startup Cost": 47840.37,
                    "Total Cost": 47840.78,
                    "Plan Rows": 4,
                    "Plan Width": 8,
                    "Actual Startup Time": 96.006,
                    "Actual Total Time": 106.472,
                    "Actual Rows": 5,
                    "Actual Loops": 1,
                    "Output": [
                        "(PARTIAL count(*))"
                    ],
                    "Workers Planned": 4,
                    "Workers Launched": 4,
                    "Single Copy": false,
                    "Plans": [
                        {
                            "Node Type": "Aggregate",
                            "Strategy": "Plain",
                            "Partial Mode": "Partial",
                            "Parent Relationship": "Outer",
                            "Parallel Aware": false,
                            "Startup Cost": 46840.37,
                            "Total Cost": 46840.38,
                            "Plan Rows": 1,
                            "Plan Width": 8,
                            "Actual Startup Time": 84.774,
                            "Actual Total Time": 84.775,
                            "Actual Rows": 1,
                            "Actual Loops": 5,
                            "Output": [
                                "PARTIAL count(*)"
                            ],
                            "Workers": [
                                {
                                    "Worker Number": 0,
                                    "Actual Startup Time": 83.55,
                                    "Actual Total Time": 83.552,
                                    "Actual Rows": 1,
                                    "Actual Loops": 1
                                },
                                {
                                    "Worker Number": 1,
                                    "Actual Startup Time": 80.388,
                                    "Actual Total Time": 80.389,
                                    "Actual Rows": 1,
                                    "Actual Loops": 1
                                },
                                {
                                    "Worker Number": 2,
                                    "Actual Startup Time": 84.026,
                                    "Actual Total Time": 84.027,
                                    "Actual Rows": 1,
                                    "Actual Loops": 1
                                },
                                {
                                    "Worker Number": 3,
                                    "Actual Startup Time": 80.384,
                                    "Actual Total Time": 80.386,
                                    "Actual Rows": 1,
                                    "Actual Loops": 1
                                }
                            ],
                            "Plans": [
                                {
                                    "Node Type": "Nested Loop",
                                    "Parent Relationship": "Outer",
                                    "Parallel Aware": false,
                                    "Join Type": "Inner",
                                    "Startup Cost": 0.87,
                                    "Total Cost": 46840.36,
                                    "Plan Rows": 4,
                                    "Plan Width": 0,
                                    "Actual Startup Time": 54.394,
                                    "Actual Total Time": 84.757,
                                    "Actual Rows": 20,
                                    "Actual Loops": 5,
                                    "Inner Unique": false,
                                    "Join Filter": "(t.id = mi.movie_id)",
                                    "Rows Removed by Join Filter": 0,
                                    "Workers": [
                                        {
                                            "Worker Number": 0,
                                            "Actual Startup Time": 52.416,
                                            "Actual Total Time": 83.54,
                                            "Actual Rows": 20,
                                            "Actual Loops": 1
                                        },
                                        {
                                            "Worker Number": 1,
                                            "Actual Startup Time": 49.115,
                                            "Actual Total Time": 80.365,
                                            "Actual Rows": 18,
                                            "Actual Loops": 1
                                        },
                                        {
                                            "Worker Number": 2,
                                            "Actual Startup Time": 52.528,
                                            "Actual Total Time": 84.012,
                                            "Actual Rows": 23,
                                            "Actual Loops": 1
                                        },
                                        {
                                            "Worker Number": 3,
                                            "Actual Startup Time": 53.556,
                                            "Actual Total Time": 80.359,
                                            "Actual Rows": 9,
                                            "Actual Loops": 1
                                        }
                                    ],
                                    "Plans": [
                                        {
                                            "Node Type": "Nested Loop",
                                            "Parent Relationship": "Outer",
                                            "Parallel Aware": false,
                                            "Join Type": "Inner",
                                            "Startup Cost": 0.43,
                                            "Total Cost": 46782.0,
                                            "Plan Rows": 7,
                                            "Plan Width": 8,
                                            "Actual Startup Time": 54.283,
                                            "Actual Total Time": 83.573,
                                            "Actual Rows": 21,
                                            "Actual Loops": 5,
                                            "Output": [
                                                "t.id",
                                                "mk.movie_id"
                                            ],
                                            "Inner Unique": false,
                                            "Workers": [
                                                {
                                                    "Worker Number": 0,
                                                    "Actual Startup Time": 52.347,
                                                    "Actual Total Time": 81.956,
                                                    "Actual Rows": 23,
                                                    "Actual Loops": 1
                                                },
                                                {
                                                    "Worker Number": 1,
                                                    "Actual Startup Time": 48.934,
                                                    "Actual Total Time": 79.103,
                                                    "Actual Rows": 13,
                                                    "Actual Loops": 1
                                                },
                                                {
                                                    "Worker Number": 2,
                                                    "Actual Startup Time": 52.442,
                                                    "Actual Total Time": 82.492,
                                                    "Actual Rows": 21,
                                                    "Actual Loops": 1
                                                },
                                                {
                                                    "Worker Number": 3,
                                                    "Actual Startup Time": 53.389,
                                                    "Actual Total Time": 79.308,
                                                    "Actual Rows": 12,
                                                    "Actual Loops": 1
                                                }
                                            ],
                                            "Plans": [
                                                {
                                                    "Node Type": "Seq Scan",
                                                    "Parent Relationship": "Outer",
                                                    "Parallel Aware": true,
                                                    "Relation Name": "title",
                                                    "Schema": "public",
                                                    "Alias": "t",
                                                    "Startup Cost": 0.0,
                                                    "Total Cost": 45479.21,
                                                    "Plan Rows": 139,
                                                    "Plan Width": 4,
                                                    "Actual Startup Time": 52.089,
                                                    "Actual Total Time": 76.494,
                                                    "Actual Rows": 643,
                                                    "Actual Loops": 5,
                                                    "Output": [
                                                        "t.id",
                                                        "t.title",
                                                        "t.imdb_index",
                                                        "t.kind_id",
                                                        "t.production_year",
                                                        "t.imdb_id",
                                                        "t.phonetic_code",
                                                        "t.episode_of_id",
                                                        "t.season_nr",
                                                        "t.episode_nr",
                                                        "t.series_years",
                                                        "t.md5sum"
                                                    ],
                                                    "Filter": "((t.production_year > 2013) AND (t.kind_id = 1))",
                                                    "Rows Removed by Filter": 505019,
                                                    "Workers": [
                                                        {
                                                            "Worker Number": 0,
                                                            "Actual Startup Time": 51.94,
                                                            "Actual Total Time": 73.705,
                                                            "Actual Rows": 662,
                                                            "Actual Loops": 1
                                                        },
                                                        {
                                                            "Worker Number": 1,
                                                            "Actual Startup Time": 48.625,
                                                            "Actual Total Time": 71.75,
                                                            "Actual Rows": 395,
                                                            "Actual Loops": 1
                                                        },
                                                        {
                                                            "Worker Number": 2,
                                                            "Actual Startup Time": 52.275,
                                                            "Actual Total Time": 74.461,
                                                            "Actual Rows": 587,
                                                            "Actual Loops": 1
                                                        },
                                                        {
                                                            "Worker Number": 3,
                                                            "Actual Startup Time": 48.855,
                                                            "Actual Total Time": 71.906,
                                                            "Actual Rows": 395,
                                                            "Actual Loops": 1
                                                        }
                                                    ]
                                                },
                                                {
                                                    "Node Type": "Index Scan",
                                                    "Parent Relationship": "Inner",
                                                    "Parallel Aware": false,
                                                    "Scan Direction": "Forward",
                                                    "Index Name": "movie_id_movie_keyword",
                                                    "Relation Name": "movie_keyword",
                                                    "Schema": "public",
                                                    "Alias": "mk",
                                                    "Startup Cost": 0.43,
                                                    "Total Cost": 9.36,
                                                    "Plan Rows": 1,
                                                    "Plan Width": 4,
                                                    "Actual Startup Time": 0.011,
                                                    "Actual Total Time": 0.011,
                                                    "Actual Rows": 0,
                                                    "Actual Loops": 3217,
                                                    "Output": [
                                                        "mk.id",
                                                        "mk.movie_id",
                                                        "mk.keyword_id"
                                                    ],
                                                    "Index Cond": "(mk.movie_id = t.id)",
                                                    "Rows Removed by Index Recheck": 0,
                                                    "Filter": "(mk.keyword_id < 117)",
                                                    "Rows Removed by Filter": 2,
                                                    "Workers": [
                                                        {
                                                            "Worker Number": 0,
                                                            "Actual Startup Time": 0.012,
                                                            "Actual Total Time": 0.012,
                                                            "Actual Rows": 0,
                                                            "Actual Loops": 662
                                                        },
                                                        {
                                                            "Worker Number": 1,
                                                            "Actual Startup Time": 0.018,
                                                            "Actual Total Time": 0.018,
                                                            "Actual Rows": 0,
                                                            "Actual Loops": 395
                                                        },
                                                        {
                                                            "Worker Number": 2,
                                                            "Actual Startup Time": 0.013,
                                                            "Actual Total Time": 0.013,
                                                            "Actual Rows": 0,
                                                            "Actual Loops": 587
                                                        },
                                                        {
                                                            "Worker Number": 3,
                                                            "Actual Startup Time": 0.018,
                                                            "Actual Total Time": 0.018,
                                                            "Actual Rows": 0,
                                                            "Actual Loops": 395
                                                        }
                                                    ]
                                                }
                                            ]
                                        },
                                        {
                                            "Node Type": "Index Scan",
                                            "Parent Relationship": "Inner",
                                            "Parallel Aware": false,
                                            "Scan Direction": "Forward",
                                            "Index Name": "movie_id_movie_info",
                                            "Relation Name": "movie_info",
                                            "Schema": "public",
                                            "Alias": "mi",
                                            "Startup Cost": 0.43,
                                            "Total Cost": 8.29,
                                            "Plan Rows": 4,
                                            "Plan Width": 4,
                                            "Actual Startup Time": 0.049,
                                            "Actual Total Time": 0.055,
                                            "Actual Rows": 1,
                                            "Actual Loops": 106,
                                            "Output": [
                                                "mi.id",
                                                "mi.movie_id",
                                                "mi.info_type_id",
                                                "mi.info",
                                                "mi.note"
                                            ],
                                            "Index Cond": "(mi.movie_id = mk.movie_id)",
                                            "Rows Removed by Index Recheck": 0,
                                            "Filter": "(mi.info_type_id = 8)",
                                            "Rows Removed by Filter": 8,
                                            "Workers": [
                                                {
                                                    "Worker Number": 0,
                                                    "Actual Startup Time": 0.062,
                                                    "Actual Total Time": 0.068,
                                                    "Actual Rows": 1,
                                                    "Actual Loops": 23
                                                },
                                                {
                                                    "Worker Number": 1,
                                                    "Actual Startup Time": 0.084,
                                                    "Actual Total Time": 0.096,
                                                    "Actual Rows": 1,
                                                    "Actual Loops": 13
                                                },
                                                {
                                                    "Worker Number": 2,
                                                    "Actual Startup Time": 0.064,
                                                    "Actual Total Time": 0.071,
                                                    "Actual Rows": 1,
                                                    "Actual Loops": 21
                                                },
                                                {
                                                    "Worker Number": 3,
                                                    "Actual Startup Time": 0.076,
                                                    "Actual Total Time": 0.086,
                                                    "Actual Rows": 1,
                                                    "Actual Loops": 12
                                                }
                                            ]
                                        }
                                    ]
                                }
                            ]
                        }
                    ]
                }
            ]
        },
        "Planning Time": 180.069,
        "Triggers": [],
        "Execution Time": 106.591
    }
]