[
  {
    "Plan": {
      "Node Type": "Aggregate",
      "Strategy": "Plain",
      "Partial Mode": "Finalize",
      "Parallel Aware": false,
      "Startup Cost": 175564.1,
      "Total Cost": 175564.11,
      "Plan Rows": 1,
      "Plan Width": 8,
      "Actual Startup Time": 932.408,
      "Actual Total Time": 1016.247,
      "Actual Rows": 1,
      "Actual Loops": 1,
      "Plans": [
        {
          "Node Type": "Gather",
          "Parent Relationship": "Outer",
          "Parallel Aware": false,
          "Startup Cost": 175563.79,
          "Total Cost": 175564.1,
          "Plan Rows": 3,
          "Plan Width": 8,
          "Actual Startup Time": 925.834,
          "Actual Total Time": 1016.234,
          "Actual Rows": 4,
          "Actual Loops": 1,
          "Workers Planned": 3,
          "Workers Launched": 3,
          "Single Copy": false,
          "Plans": [
            {
              "Node Type": "Aggregate",
              "Strategy": "Plain",
              "Partial Mode": "Partial",
              "Parent Relationship": "Outer",
              "Parallel Aware": false,
              "Startup Cost": 174563.79,
              "Total Cost": 174563.8,
              "Plan Rows": 1,
              "Plan Width": 8,
              "Actual Startup Time": 917.409,
              "Actual Total Time": 917.413,
              "Actual Rows": 1,
              "Actual Loops": 4,
              "Plans": [
                {
                  "Node Type": "Nested Loop",
                  "Parent Relationship": "Outer",
                  "Parallel Aware": false,
                  "Join Type": "Inner",
                  "Startup Cost": 48584.03,
                  "Total Cost": 174160.63,
                  "Plan Rows": 161261,
                  "Plan Width": 0,
                  "Actual Startup Time": 251.977,
                  "Actual Total Time": 907.539,
                  "Actual Rows": 143382,
                  "Actual Loops": 4,
                  "Inner Unique": false,
                  "Plans": [
                    {
                      "Node Type": "Hash Join",
                      "Parent Relationship": "Outer",
                      "Parallel Aware": true,
                      "Join Type": "Inner",
                      "Startup Cost": 48583.46,
                      "Total Cost": 80212.79,
                      "Plan Rows": 32102,
                      "Plan Width": 8,
                      "Actual Startup Time": 251.652,
                      "Actual Total Time": 309.39,
                      "Actual Rows": 19348,
                      "Actual Loops": 4,
                      "Inner Unique": true,
                      "Hash Cond": "(mc.movie_id = t.id)",
                      "Plans": [
                        {
                          "Node Type": "Seq Scan",
                          "Parent Relationship": "Outer",
                          "Parallel Aware": true,
                          "Relation Name": "movie_companies",
                          "Alias": "mc",
                          "Startup Cost": 0.0,
                          "Total Cost": 31414.82,
                          "Plan Rows": 81719,
                          "Plan Width": 4,
                          "Actual Startup Time": 34.472,
                          "Actual Total Time": 67.245,
                          "Actual Rows": 32933,
                          "Actual Loops": 4,
                          "Filter": "((company_id < 428) AND (company_type_id > 1))",
                          "Rows Removed by Filter": 619349
                        },
                        {
                          "Node Type": "Hash",
                          "Parent Relationship": "Inner",
                          "Parallel Aware": true,
                          "Startup Cost": 45479.59,
                          "Total Cost": 45479.59,
                          "Plan Rows": 248310,
                          "Plan Width": 4,
                          "Actual Startup Time": 212.278,
                          "Actual Total Time": 212.279,
                          "Actual Rows": 230930,
                          "Actual Loops": 4,
                          "Hash Buckets": 1048576,
                          "Original Hash Buckets": 1048576,
                          "Hash Batches": 1,
                          "Original Hash Batches": 1,
                          "Peak Memory Usage": 44352,
                          "Plans": [
                            {
                              "Node Type": "Seq Scan",
                              "Parent Relationship": "Outer",
                              "Parallel Aware": true,
                              "Relation Name": "title",
                              "Alias": "t",
                              "Startup Cost": 0.0,
                              "Total Cost": 45479.59,
                              "Plan Rows": 248310,
                              "Plan Width": 4,
                              "Actual Startup Time": 0.04,
                              "Actual Total Time": 119.167,
                              "Actual Rows": 230930,
                              "Actual Loops": 4,
                              "Filter": "((kind_id > 1) AND (production_year < 2005))",
                              "Rows Removed by Filter": 401148
                            }
                          ]
                        }
                      ]
                    },
                    {
                      "Node Type": "Index Scan",
                      "Parent Relationship": "Inner",
                      "Parallel Aware": false,
                      "Scan Direction": "Forward",
                      "Index Name": "movie_id_cast_info",
                      "Relation Name": "cast_info",
                      "Alias": "ci",
                      "Startup Cost": 0.56,
                      "Total Cost": 2.81,
                      "Plan Rows": 12,
                      "Plan Width": 4,
                      "Actual Startup Time": 0.007,
                      "Actual Total Time": 0.03,
                      "Actual Rows": 7,
                      "Actual Loops": 77394,
                      "Index Cond": "(movie_id = t.id)",
                      "Rows Removed by Index Recheck": 0,
                      "Filter": "(role_id = 1)",
                      "Rows Removed by Filter": 12
                    }
                  ]
                }
              ]
            }
          ]
        }
      ]
    },
    "Planning Time": 1.488,
    "Triggers": [],
    "Execution Time": 1016.359
  }
]