[
  {
    "Plan": {
      "Node Type": "Aggregate",
      "Strategy": "Plain",
      "Partial Mode": "Finalize",
      "Parallel Aware": false,
      "Startup Cost": 44706.94,
      "Total Cost": 44706.95,
      "Plan Rows": 1,
      "Plan Width": 8,
      "Actual Startup Time": 154.185,
      "Actual Total Time": 167.127,
      "Actual Rows": 1,
      "Actual Loops": 1,
      "Plans": [
        {
          "Node Type": "Gather",
          "Parent Relationship": "Outer",
          "Parallel Aware": false,
          "Startup Cost": 44706.62,
          "Total Cost": 44706.93,
          "Plan Rows": 3,
          "Plan Width": 8,
          "Actual Startup Time": 153.935,
          "Actual Total Time": 167.117,
          "Actual Rows": 4,
          "Actual Loops": 1,
          "Workers Planned": 3,
          "Workers Launched": 3,
          "Single Copy": false,
          "Plans": [
            {
              "Node Type": "Aggregate",
              "Strategy": "Plain",
              "Partial Mode": "Partial",
              "Parent Relationship": "Outer",
              "Parallel Aware": false,
              "Startup Cost": 43706.62,
              "Total Cost": 43706.63,
              "Plan Rows": 1,
              "Plan Width": 8,
              "Actual Startup Time": 148.058,
              "Actual Total Time": 148.059,
              "Actual Rows": 1,
              "Actual Loops": 4,
              "Plans": [
                {
                  "Node Type": "Seq Scan",
                  "Parent Relationship": "Outer",
                  "Parallel Aware": true,
                  "Relation Name": "movie_keyword",
                  "Alias": "mk",
                  "Startup Cost": 0.0,
                  "Total Cost": 42695.65,
                  "Plan Rows": 404388,
                  "Plan Width": 0,
                  "Actual Startup Time": 2.216,
                  "Actual Total Time": 128.404,
                  "Actual Rows": 315313,
                  "Actual Loops": 4,
                  "Filter": "(keyword_id > 14213)",
                  "Rows Removed by Filter": 815669
                }
              ]
            }
          ]
        }
      ]
    },
    "Planning Time": 0.145,
    "Triggers": [],
    "Execution Time": 167.171
  }
]