{
  "Plan": {
    "Node Type": "Aggregate",
    "Strategy": "Plain",
    "Partial Mode": "Finalize",
    "Parallel Aware": false,
    "Startup Cost": 379107.84,
    "Total Cost": 379107.85,
    "Plan Rows": 1,
    "Plan Width": 8,
    "Actual Startup Time": 1055.773,
    "Actual Total Time": 1074.539,
    "Actual Rows": 1,
    "Actual Loops": 1,
    "Plans": [
      {
        "Node Type": "Gather",
        "Parent Relationship": "Outer",
        "Parallel Aware": false,
        "Startup Cost": 379107.72,
        "Total Cost": 379107.83,
        "Plan Rows": 1,
        "Plan Width": 8,
        "Actual Startup Time": 1051.756,
        "Actual Total Time": 1074.532,
        "Actual Rows": 2,
        "Actual Loops": 1,
        "Workers Planned": 1,
        "Workers Launched": 1,
        "Single Copy": false,
        "Plans": [
          {
            "Node Type": "Aggregate",
            "Strategy": "Plain",
            "Partial Mode": "Partial",
            "Parent Relationship": "Outer",
            "Parallel Aware": false,
            "Startup Cost": 378107.72,
            "Total Cost": 378107.73,
            "Plan Rows": 1,
            "Plan Width": 8,
            "Actual Startup Time": 1039.352,
            "Actual Total Time": 1039.355,
            "Actual Rows": 1,
            "Actual Loops": 2,
            "Plans": [
              {
                "Node Type": "Hash Join",
                "Parent Relationship": "Outer",
                "Parallel Aware": true,
                "Join Type": "Inner",
                "Startup Cost": 107544.25,
                "Total Cost": 375572.05,
                "Plan Rows": 1014268,
                "Plan Width": 0,
                "Actual Startup Time": 574.257,
                "Actual Total Time": 1004.308,
                "Actual Rows": 836148,
                "Actual Loops": 2,
                "Inner Unique": true,
                "Hash Cond": "(ci.movie_id = t.id)",
                "Plans": [
                  {
                    "Node Type": "Bitmap Heap Scan",
                    "Parent Relationship": "Outer",
                    "Parallel Aware": true,
                    "Relation Name": "cast_info",
                    "Alias": "ci",
                    "Startup Cost": 38083.55,
                    "Total Cost": 303448.9,
                    "Plan Rows": 1014268,
                    "Plan Width": 4,
                    "Actual Startup Time": 59.106,
                    "Actual Total Time": 153.223,
                    "Actual Rows": 836148,
                    "Actual Loops": 2,
                    "Recheck Cond": "(person_id > 3730538)",
                    "Rows Removed by Index Recheck": 0,
                    "Exact Heap Blocks": 12350,
                    "Lossy Heap Blocks": 0,
                    "Plans": [
                      {
                        "Node Type": "Bitmap Index Scan",
                        "Parent Relationship": "Outer",
                        "Parallel Aware": false,
                        "Index Name": "person_id_cast_info",
                        "Startup Cost": 0.0,
                        "Total Cost": 37652.49,
                        "Plan Rows": 1724256,
                        "Plan Width": 0,
                        "Actual Startup Time": 55.47,
                        "Actual Total Time": 55.47,
                        "Actual Rows": 1672296,
                        "Actual Loops": 1,
                        "Index Cond": "(person_id > 3730538)"
                      }
                    ]
                  },
                  {
                    "Node Type": "Hash",
                    "Parent Relationship": "Inner",
                    "Parallel Aware": true,
                    "Startup Cost": 50870.31,
                    "Total Cost": 50870.31,
                    "Plan Rows": 1487231,
                    "Plan Width": 4,
                    "Actual Startup Time": 493.217,
                    "Actual Total Time": 493.218,
                    "Actual Rows": 1264156,
                    "Actual Loops": 2,
                    "Hash Buckets": 4194304,
                    "Original Hash Buckets": 4194304,
                    "Hash Batches": 1,
                    "Original Hash Batches": 1,
                    "Peak Memory Usage": 131712,
                    "Plans": [
                      {
                        "Node Type": "Seq Scan",
                        "Parent Relationship": "Outer",
                        "Parallel Aware": true,
                        "Relation Name": "title",
                        "Alias": "t",
                        "Startup Cost": 0.0,
                        "Total Cost": 50870.31,
                        "Plan Rows": 1487231,
                        "Plan Width": 4,
                        "Actual Startup Time": 0.026,
                        "Actual Total Time": 146.159,
                        "Actual Rows": 1264156,
                        "Actual Loops": 2
                      }
                    ]
                  }
                ]
              }
            ]
          }
        ]
      }
    ]
  },
  "Planning Time": 0.69,
  "Triggers": [],
  "Execution Time": 1074.627
}