[
  {
    "Plan": {
      "Node Type": "Aggregate",
      "Strategy": "Plain",
      "Partial Mode": "Finalize",
      "Parallel Aware": false,
      "Startup Cost": 251618.84,
      "Total Cost": 251618.85,
      "Plan Rows": 1,
      "Plan Width": 8,
      "Actual Startup Time": 346.165,
      "Actual Total Time": 375.375,
      "Actual Rows": 1,
      "Actual Loops": 1,
      "Plans": [
        {
          "Node Type": "Gather",
          "Parent Relationship": "Outer",
          "Parallel Aware": false,
          "Startup Cost": 251618.21,
          "Total Cost": 251618.82,
          "Plan Rows": 6,
          "Plan Width": 8,
          "Actual Startup Time": 342.845,
          "Actual Total Time": 375.359,
          "Actual Rows": 7,
          "Actual Loops": 1,
          "Workers Planned": 6,
          "Workers Launched": 6,
          "Single Copy": false,
          "Plans": [
            {
              "Node Type": "Aggregate",
              "Strategy": "Plain",
              "Partial Mode": "Partial",
              "Parent Relationship": "Outer",
              "Parallel Aware": false,
              "Startup Cost": 250618.21,
              "Total Cost": 250618.22,
              "Plan Rows": 1,
              "Plan Width": 8,
              "Actual Startup Time": 333.14,
              "Actual Total Time": 333.144,
              "Actual Rows": 1,
              "Actual Loops": 7,
              "Plans": [
                {
                  "Node Type": "Hash Join",
                  "Parent Relationship": "Outer",
                  "Parallel Aware": true,
                  "Join Type": "Inner",
                  "Startup Cost": 47422.43,
                  "Total Cost": 250369.39,
                  "Plan Rows": 99529,
                  "Plan Width": 0,
                  "Actual Startup Time": 132.664,
                  "Actual Total Time": 333.118,
                  "Actual Rows": 70,
                  "Actual Loops": 7,
                  "Inner Unique": true,
                  "Hash Cond": "(ci.movie_id = t.id)",
                  "Plans": [
                    {
                      "Node Type": "Index Scan",
                      "Parent Relationship": "Outer",
                      "Parallel Aware": true,
                      "Scan Direction": "Forward",
                      "Index Name": "role_id_cast_info",
                      "Relation Name": "cast_info",
                      "Alias": "ci",
                      "Startup Cost": 0.56,
                      "Total Cost": 201884.69,
                      "Plan Rows": 404891,
                      "Plan Width": 4,
                      "Actual Startup Time": 5.873,
                      "Actual Total Time": 209.472,
                      "Actual Rows": 274,
                      "Actual Loops": 7,
                      "Index Cond": "(role_id = 2)",
                      "Rows Removed by Index Recheck": 0,
                      "Filter": "(person_id < 1162472)",
                      "Rows Removed by Filter": 1064294
                    },
                    {
                      "Node Type": "Hash",
                      "Parent Relationship": "Inner",
                      "Parallel Aware": true,
                      "Startup Cost": 45479.59,
                      "Total Cost": 45479.59,
                      "Plan Rows": 155382,
                      "Plan Width": 4,
                      "Actual Startup Time": 120.31,
                      "Actual Total Time": 120.312,
                      "Actual Rows": 82635,
                      "Actual Loops": 7,
                      "Hash Buckets": 1048576,
                      "Original Hash Buckets": 1048576,
                      "Hash Batches": 1,
                      "Original Hash Batches": 1,
                      "Peak Memory Usage": 30912,
                      "Plans": [
                        {
                          "Node Type": "Seq Scan",
                          "Parent Relationship": "Outer",
                          "Parallel Aware": true,
                          "Relation Name": "title",
                          "Alias": "t",
                          "Startup Cost": 0.0,
                          "Total Cost": 45479.59,
                          "Plan Rows": 155382,
                          "Plan Width": 4,
                          "Actual Startup Time": 42.52,
                          "Actual Total Time": 81.149,
                          "Actual Rows": 82635,
                          "Actual Loops": 7,
                          "Filter": "((production_year > 1917) AND (kind_id = 1))",
                          "Rows Removed by Filter": 278552
                        }
                      ]
                    }
                  ]
                }
              ]
            }
          ]
        }
      ]
    },
    "Planning Time": 0.481,
    "Triggers": [],
    "Execution Time": 375.439
  }
]