[
  {
    "Plan": {
      "Node Type": "Aggregate",
      "Strategy": "Plain",
      "Partial Mode": "Finalize",
      "Parallel Aware": false,
      "Startup Cost": 94941.75,
      "Total Cost": 94941.76,
      "Plan Rows": 1,
      "Plan Width": 8,
      "Actual Startup Time": 508.042,
      "Actual Total Time": 525.066,
      "Actual Rows": 1,
      "Actual Loops": 1,
      "Plans": [
        {
          "Node Type": "Gather",
          "Parent Relationship": "Outer",
          "Parallel Aware": false,
          "Startup Cost": 94941.44,
          "Total Cost": 94941.75,
          "Plan Rows": 3,
          "Plan Width": 8,
          "Actual Startup Time": 504.425,
          "Actual Total Time": 525.054,
          "Actual Rows": 4,
          "Actual Loops": 1,
          "Workers Planned": 3,
          "Workers Launched": 3,
          "Single Copy": false,
          "Plans": [
            {
              "Node Type": "Aggregate",
              "Strategy": "Plain",
              "Partial Mode": "Partial",
              "Parent Relationship": "Outer",
              "Parallel Aware": false,
              "Startup Cost": 93941.44,
              "Total Cost": 93941.45,
              "Plan Rows": 1,
              "Plan Width": 8,
              "Actual Startup Time": 497.624,
              "Actual Total Time": 497.627,
              "Actual Rows": 1,
              "Actual Loops": 4,
              "Plans": [
                {
                  "Node Type": "Hash Join",
                  "Parent Relationship": "Outer",
                  "Parallel Aware": true,
                  "Join Type": "Inner",
                  "Startup Cost": 46997.13,
                  "Total Cost": 92786.18,
                  "Plan Rows": 462104,
                  "Plan Width": 0,
                  "Actual Startup Time": 201.988,
                  "Actual Total Time": 463.839,
                  "Actual Rows": 774822,
                  "Actual Loops": 4,
                  "Inner Unique": true,
                  "Hash Cond": "(mk.movie_id = t.id)",
                  "Plans": [
                    {
                      "Node Type": "Seq Scan",
                      "Parent Relationship": "Outer",
                      "Parallel Aware": true,
                      "Relation Name": "movie_keyword",
                      "Alias": "mk",
                      "Startup Cost": 0.0,
                      "Total Cost": 42695.65,
                      "Plan Rows": 1178436,
                      "Plan Width": 4,
                      "Actual Startup Time": 0.07,
                      "Actual Total Time": 117.902,
                      "Actual Rows": 909604,
                      "Actual Loops": 4,
                      "Filter": "(keyword_id > 835)",
                      "Rows Removed by Filter": 221379
                    },
                    {
                      "Node Type": "Hash",
                      "Parent Relationship": "Inner",
                      "Parallel Aware": true,
                      "Startup Cost": 43898.92,
                      "Total Cost": 43898.92,
                      "Plan Rows": 247857,
                      "Plan Width": 4,
                      "Actual Startup Time": 197.264,
                      "Actual Total Time": 197.264,
                      "Actual Rows": 246262,
                      "Actual Loops": 4,
                      "Hash Buckets": 1048576,
                      "Original Hash Buckets": 1048576,
                      "Hash Batches": 1,
                      "Original Hash Batches": 1,
                      "Peak Memory Usage": 46784,
                      "Plans": [
                        {
                          "Node Type": "Seq Scan",
                          "Parent Relationship": "Outer",
                          "Parallel Aware": true,
                          "Relation Name": "title",
                          "Alias": "t",
                          "Startup Cost": 0.0,
                          "Total Cost": 43898.92,
                          "Plan Rows": 247857,
                          "Plan Width": 4,
                          "Actual Startup Time": 0.042,
                          "Actual Total Time": 111.537,
                          "Actual Rows": 246262,
                          "Actual Loops": 4,
                          "Filter": "(kind_id < 7)",
                          "Rows Removed by Filter": 385816
                        }
                      ]
                    }
                  ]
                }
              ]
            }
          ]
        }
      ]
    },
    "Planning Time": 0.476,
    "Triggers": [],
    "Execution Time": 525.147
  }
]