[
  {
    "Plan": {
      "Node Type": "Aggregate",
      "Strategy": "Plain",
      "Partial Mode": "Finalize",
      "Parallel Aware": false,
      "Startup Cost": 208646.54,
      "Total Cost": 208646.55,
      "Plan Rows": 1,
      "Plan Width": 8,
      "Actual Startup Time": 706.289,
      "Actual Total Time": 726.527,
      "Actual Rows": 1,
      "Actual Loops": 1,
      "Plans": [
        {
          "Node Type": "Gather",
          "Parent Relationship": "Outer",
          "Parallel Aware": false,
          "Startup Cost": 208646.02,
          "Total Cost": 208646.53,
          "Plan Rows": 5,
          "Plan Width": 8,
          "Actual Startup Time": 697.198,
          "Actual Total Time": 726.517,
          "Actual Rows": 6,
          "Actual Loops": 1,
          "Workers Planned": 5,
          "Workers Launched": 5,
          "Single Copy": false,
          "Plans": [
            {
              "Node Type": "Aggregate",
              "Strategy": "Plain",
              "Partial Mode": "Partial",
              "Parent Relationship": "Outer",
              "Parallel Aware": false,
              "Startup Cost": 207646.02,
              "Total Cost": 207646.03,
              "Plan Rows": 1,
              "Plan Width": 8,
              "Actual Startup Time": 685.537,
              "Actual Total Time": 685.879,
              "Actual Rows": 1,
              "Actual Loops": 6,
              "Plans": [
                {
                  "Node Type": "Hash Join",
                  "Parent Relationship": "Outer",
                  "Parallel Aware": true,
                  "Join Type": "Inner",
                  "Startup Cost": 85557.44,
                  "Total Cost": 207047.94,
                  "Plan Rows": 239232,
                  "Plan Width": 0,
                  "Actual Startup Time": 368.159,
                  "Actual Total Time": 667.943,
                  "Actual Rows": 444106,
                  "Actual Loops": 6,
                  "Inner Unique": false,
                  "Hash Cond": "(ci.movie_id = t.id)",
                  "Plans": [
                    {
                      "Node Type": "Index Scan",
                      "Parent Relationship": "Outer",
                      "Parallel Aware": true,
                      "Scan Direction": "Forward",
                      "Index Name": "role_id_cast_info",
                      "Relation Name": "cast_info",
                      "Alias": "ci",
                      "Startup Cost": 0.56,
                      "Total Cost": 117431.66,
                      "Plan Rows": 876718,
                      "Plan Width": 4,
                      "Actual Startup Time": 0.257,
                      "Actual Total Time": 124.389,
                      "Actual Rows": 720503,
                      "Actual Loops": 6,
                      "Index Cond": "(role_id = 10)",
                      "Rows Removed by Index Recheck": 0
                    },
                    {
                      "Node Type": "Hash",
                      "Parent Relationship": "Inner",
                      "Parallel Aware": true,
                      "Startup Cost": 82775.03,
                      "Total Cost": 82775.03,
                      "Plan Rows": 222548,
                      "Plan Width": 8,
                      "Actual Startup Time": 364.227,
                      "Actual Total Time": 364.567,
                      "Actual Rows": 87766,
                      "Actual Loops": 6,
                      "Hash Buckets": 1048576,
                      "Original Hash Buckets": 1048576,
                      "Hash Batches": 1,
                      "Original Hash Batches": 1,
                      "Peak Memory Usage": 28864,
                      "Plans": [
                        {
                          "Node Type": "Hash Join",
                          "Parent Relationship": "Outer",
                          "Parallel Aware": true,
                          "Join Type": "Inner",
                          "Startup Cost": 50427.45,
                          "Total Cost": 82775.03,
                          "Plan Rows": 222548,
                          "Plan Width": 8,
                          "Actual Startup Time": 236.943,
                          "Actual Total Time": 331.558,
                          "Actual Rows": 87766,
                          "Actual Loops": 6,
                          "Inner Unique": true,
                          "Hash Cond": "(mc.movie_id = t.id)",
                          "Plans": [
                            {
                              "Node Type": "Seq Scan",
                              "Parent Relationship": "Outer",
                              "Parallel Aware": true,
                              "Relation Name": "movie_companies",
                              "Alias": "mc",
                              "Startup Cost": 0.0,
                              "Total Cost": 31414.82,
                              "Plan Rows": 355337,
                              "Plan Width": 4,
                              "Actual Startup Time": 23.124,
                              "Actual Total Time": 50.385,
                              "Actual Rows": 205283,
                              "Actual Loops": 6,
                              "Filter": "((company_id > 312) AND (company_type_id = 2))",
                              "Rows Removed by Filter": 229572
                            },
                            {
                              "Node Type": "Hash",
                              "Parent Relationship": "Inner",
                              "Parallel Aware": true,
                              "Startup Cost": 45479.1,
                              "Total Cost": 45479.1,
                              "Plan Rows": 395868,
                              "Plan Width": 4,
                              "Actual Startup Time": 210.518,
                              "Actual Total Time": 210.52,
                              "Actual Rows": 281701,
                              "Actual Loops": 6,
                              "Hash Buckets": 2097152,
                              "Original Hash Buckets": 2097152,
                              "Hash Batches": 1,
                              "Original Hash Batches": 1,
                              "Peak Memory Usage": 82592,
                              "Plans": [
                                {
                                  "Node Type": "Seq Scan",
                                  "Parent Relationship": "Outer",
                                  "Parallel Aware": true,
                                  "Relation Name": "title",
                                  "Alias": "t",
                                  "Startup Cost": 0.0,
                                  "Total Cost": 45479.1,
                                  "Plan Rows": 395868,
                                  "Plan Width": 4,
                                  "Actual Startup Time": 0.049,
                                  "Actual Total Time": 84.634,
                                  "Actual Rows": 281701,
                                  "Actual Loops": 6,
                                  "Filter": "((kind_id > 1) AND (production_year > 1966))",
                                  "Rows Removed by Filter": 139684
                                }
                              ]
                            }
                          ]
                        }
                      ]
                    }
                  ]
                }
              ]
            }
          ]
        }
      ]
    },
    "Planning Time": 1.513,
    "Triggers": [],
    "Execution Time": 726.626
  }
]