[
  {
    "Plan": {
      "Node Type": "Aggregate",
      "Strategy": "Plain",
      "Partial Mode": "Finalize",
      "Parallel Aware": false,
      "Startup Cost": 72710.68,
      "Total Cost": 72710.69,
      "Plan Rows": 1,
      "Plan Width": 8,
      "Actual Startup Time": 152.241,
      "Actual Total Time": 168.045,
      "Actual Rows": 1,
      "Actual Loops": 1,
      "Plans": [
        {
          "Node Type": "Gather",
          "Parent Relationship": "Outer",
          "Parallel Aware": false,
          "Startup Cost": 72710.36,
          "Total Cost": 72710.67,
          "Plan Rows": 3,
          "Plan Width": 8,
          "Actual Startup Time": 151.397,
          "Actual Total Time": 168.039,
          "Actual Rows": 4,
          "Actual Loops": 1,
          "Workers Planned": 3,
          "Workers Launched": 3,
          "Single Copy": false,
          "Plans": [
            {
              "Node Type": "Aggregate",
              "Strategy": "Plain",
              "Partial Mode": "Partial",
              "Parent Relationship": "Outer",
              "Parallel Aware": false,
              "Startup Cost": 71710.36,
              "Total Cost": 71710.37,
              "Plan Rows": 1,
              "Plan Width": 8,
              "Actual Startup Time": 147.954,
              "Actual Total Time": 147.957,
              "Actual Rows": 1,
              "Actual Loops": 4,
              "Plans": [
                {
                  "Node Type": "Nested Loop",
                  "Parent Relationship": "Outer",
                  "Parallel Aware": false,
                  "Join Type": "Inner",
                  "Startup Cost": 49524.51,
                  "Total Cost": 71707.0,
                  "Plan Rows": 1346,
                  "Plan Width": 0,
                  "Actual Startup Time": 106.394,
                  "Actual Total Time": 147.661,
                  "Actual Rows": 4405,
                  "Actual Loops": 4,
                  "Inner Unique": false,
                  "Plans": [
                    {
                      "Node Type": "Hash Join",
                      "Parent Relationship": "Outer",
                      "Parallel Aware": true,
                      "Join Type": "Inner",
                      "Startup Cost": 49524.08,
                      "Total Cost": 69568.83,
                      "Plan Rows": 2467,
                      "Plan Width": 8,
                      "Actual Startup Time": 106.231,
                      "Actual Total Time": 132.265,
                      "Actual Rows": 3483,
                      "Actual Loops": 4,
                      "Inner Unique": true,
                      "Hash Cond": "(mc.movie_id = t.id)",
                      "Plans": [
                        {
                          "Node Type": "Bitmap Heap Scan",
                          "Parent Relationship": "Outer",
                          "Parallel Aware": true,
                          "Relation Name": "movie_companies",
                          "Alias": "mc",
                          "Startup Cost": 5128.04,
                          "Total Cost": 25069.78,
                          "Plan Rows": 39241,
                          "Plan Width": 4,
                          "Actual Startup Time": 9.258,
                          "Actual Total Time": 23.776,
                          "Actual Rows": 58772,
                          "Actual Loops": 4,
                          "Recheck Cond": "(company_id > 104133)",
                          "Rows Removed by Index Recheck": 0,
                          "Filter": "(company_type_id > 1)",
                          "Rows Removed by Filter": 0,
                          "Exact Heap Blocks": 1607,
                          "Lossy Heap Blocks": 0,
                          "Plans": [
                            {
                              "Node Type": "Bitmap Index Scan",
                              "Parent Relationship": "Outer",
                              "Parallel Aware": false,
                              "Index Name": "company_id_movie_companies",
                              "Startup Cost": 0.0,
                              "Total Cost": 5097.62,
                              "Plan Rows": 238026,
                              "Plan Width": 0,
                              "Actual Startup Time": 8.587,
                              "Actual Total Time": 8.588,
                              "Actual Rows": 235088,
                              "Actual Loops": 1,
                              "Index Cond": "(company_id > 104133)"
                            }
                          ]
                        },
                        {
                          "Node Type": "Hash",
                          "Parent Relationship": "Inner",
                          "Parallel Aware": true,
                          "Startup Cost": 43899.32,
                          "Total Cost": 43899.32,
                          "Plan Rows": 39738,
                          "Plan Width": 4,
                          "Actual Startup Time": 95.917,
                          "Actual Total Time": 95.918,
                          "Actual Rows": 40004,
                          "Actual Loops": 4,
                          "Hash Buckets": 262144,
                          "Original Hash Buckets": 262144,
                          "Hash Batches": 1,
                          "Original Hash Batches": 1,
                          "Peak Memory Usage": 8384,
                          "Plans": [
                            {
                              "Node Type": "Seq Scan",
                              "Parent Relationship": "Outer",
                              "Parallel Aware": true,
                              "Relation Name": "title",
                              "Alias": "t",
                              "Startup Cost": 0.0,
                              "Total Cost": 43899.32,
                              "Plan Rows": 39738,
                              "Plan Width": 4,
                              "Actual Startup Time": 0.02,
                              "Actual Total Time": 82.983,
                              "Actual Rows": 40004,
                              "Actual Loops": 4,
                              "Filter": "(production_year = 2011)",
                              "Rows Removed by Filter": 592074
                            }
                          ]
                        }
                      ]
                    },
                    {
                      "Node Type": "Index Only Scan",
                      "Parent Relationship": "Inner",
                      "Parallel Aware": false,
                      "Scan Direction": "Forward",
                      "Index Name": "movie_id_movie_info_idx",
                      "Relation Name": "movie_info_idx",
                      "Alias": "mi_idx",
                      "Startup Cost": 0.43,
                      "Total Cost": 0.84,
                      "Plan Rows": 3,
                      "Plan Width": 4,
                      "Actual Startup Time": 0.004,
                      "Actual Total Time": 0.004,
                      "Actual Rows": 1,
                      "Actual Loops": 13933,
                      "Index Cond": "(movie_id = t.id)",
                      "Rows Removed by Index Recheck": 0,
                      "Heap Fetches": 17621
                    }
                  ]
                }
              ]
            }
          ]
        }
      ]
    },
    "Planning Time": 0.522,
    "Triggers": [],
    "Execution Time": 168.095
  }
]