[
  {
    "Plan": {
      "Node Type": "Aggregate",
      "Strategy": "Plain",
      "Partial Mode": "Finalize",
      "Parallel Aware": false,
      "Startup Cost": 191725.2,
      "Total Cost": 191725.21,
      "Plan Rows": 1,
      "Plan Width": 8,
      "Actual Startup Time": 97.14,
      "Actual Total Time": 110.833,
      "Actual Rows": 1,
      "Actual Loops": 1,
      "Plans": [
        {
          "Node Type": "Gather",
          "Parent Relationship": "Outer",
          "Parallel Aware": false,
          "Startup Cost": 191724.78,
          "Total Cost": 191725.19,
          "Plan Rows": 4,
          "Plan Width": 8,
          "Actual Startup Time": 96.997,
          "Actual Total Time": 110.824,
          "Actual Rows": 5,
          "Actual Loops": 1,
          "Workers Planned": 4,
          "Workers Launched": 4,
          "Single Copy": false,
          "Plans": [
            {
              "Node Type": "Aggregate",
              "Strategy": "Plain",
              "Partial Mode": "Partial",
              "Parent Relationship": "Outer",
              "Parallel Aware": false,
              "Startup Cost": 190724.78,
              "Total Cost": 190724.79,
              "Plan Rows": 1,
              "Plan Width": 8,
              "Actual Startup Time": 90.492,
              "Actual Total Time": 90.495,
              "Actual Rows": 1,
              "Actual Loops": 5,
              "Plans": [
                {
                  "Node Type": "Nested Loop",
                  "Parent Relationship": "Outer",
                  "Parallel Aware": false,
                  "Join Type": "Inner",
                  "Startup Cost": 0.43,
                  "Total Cost": 190721.63,
                  "Plan Rows": 1262,
                  "Plan Width": 0,
                  "Actual Startup Time": 1.149,
                  "Actual Total Time": 90.353,
                  "Actual Rows": 1177,
                  "Actual Loops": 5,
                  "Inner Unique": false,
                  "Plans": [
                    {
                      "Node Type": "Seq Scan",
                      "Parent Relationship": "Outer",
                      "Parallel Aware": true,
                      "Relation Name": "title",
                      "Alias": "t",
                      "Startup Cost": 0.0,
                      "Total Cost": 45479.59,
                      "Plan Rows": 1490,
                      "Plan Width": 4,
                      "Actual Startup Time": 0.703,
                      "Actual Total Time": 72.701,
                      "Actual Rows": 938,
                      "Actual Loops": 5,
                      "Filter": "((kind_id = 7) AND (production_year = 1955))",
                      "Rows Removed by Filter": 504724
                    },
                    {
                      "Node Type": "Index Scan",
                      "Parent Relationship": "Inner",
                      "Parallel Aware": false,
                      "Scan Direction": "Forward",
                      "Index Name": "movie_id_movie_info",
                      "Relation Name": "movie_info",
                      "Alias": "mi",
                      "Startup Cost": 0.43,
                      "Total Cost": 97.42,
                      "Plan Rows": 6,
                      "Plan Width": 4,
                      "Actual Startup Time": 0.012,
                      "Actual Total Time": 0.018,
                      "Actual Rows": 1,
                      "Actual Loops": 4691,
                      "Index Cond": "(movie_id = t.id)",
                      "Rows Removed by Index Recheck": 0,
                      "Filter": "(info_type_id < 3)",
                      "Rows Removed by Filter": 5
                    }
                  ]
                }
              ]
            }
          ]
        }
      ]
    },
    "Planning Time": 0.277,
    "Triggers": [],
    "Execution Time": 110.871
  }
]