[
  {
    "Plan": {
      "Node Type": "Aggregate",
      "Strategy": "Plain",
      "Partial Mode": "Finalize",
      "Parallel Aware": false,
      "Startup Cost": 46535.94,
      "Total Cost": 46535.95,
      "Plan Rows": 1,
      "Plan Width": 8,
      "Actual Startup Time": 100.048,
      "Actual Total Time": 113.23,
      "Actual Rows": 1,
      "Actual Loops": 1,
      "Plans": [
        {
          "Node Type": "Gather",
          "Parent Relationship": "Outer",
          "Parallel Aware": false,
          "Startup Cost": 46535.52,
          "Total Cost": 46535.93,
          "Plan Rows": 4,
          "Plan Width": 8,
          "Actual Startup Time": 99.788,
          "Actual Total Time": 113.221,
          "Actual Rows": 5,
          "Actual Loops": 1,
          "Workers Planned": 4,
          "Workers Launched": 4,
          "Single Copy": false,
          "Plans": [
            {
              "Node Type": "Aggregate",
              "Strategy": "Plain",
              "Partial Mode": "Partial",
              "Parent Relationship": "Outer",
              "Parallel Aware": false,
              "Startup Cost": 45535.52,
              "Total Cost": 45535.53,
              "Plan Rows": 1,
              "Plan Width": 8,
              "Actual Startup Time": 91.665,
              "Actual Total Time": 91.667,
              "Actual Rows": 1,
              "Actual Loops": 5,
              "Plans": [
                {
                  "Node Type": "Seq Scan",
                  "Parent Relationship": "Outer",
                  "Parallel Aware": true,
                  "Relation Name": "title",
                  "Alias": "t",
                  "Startup Cost": 0.0,
                  "Total Cost": 45479.1,
                  "Plan Rows": 22567,
                  "Plan Width": 0,
                  "Actual Startup Time": 0.05,
                  "Actual Total Time": 89.814,
                  "Actual Rows": 20151,
                  "Actual Loops": 5,
                  "Filter": "((kind_id > 1) AND (production_year = 2008))",
                  "Rows Removed by Filter": 485512
                }
              ]
            }
          ]
        }
      ]
    },
    "Planning Time": 0.158,
    "Triggers": [],
    "Execution Time": 113.281
  }
]