[
  {
    "Plan": {
      "Node Type": "Aggregate",
      "Strategy": "Plain",
      "Partial Mode": "Finalize",
      "Parallel Aware": false,
      "Startup Cost": 97293.71,
      "Total Cost": 97293.72,
      "Plan Rows": 1,
      "Plan Width": 8,
      "Actual Startup Time": 215.073,
      "Actual Total Time": 234.168,
      "Actual Rows": 1,
      "Actual Loops": 1,
      "Plans": [
        {
          "Node Type": "Gather",
          "Parent Relationship": "Outer",
          "Parallel Aware": false,
          "Startup Cost": 97293.39,
          "Total Cost": 97293.7,
          "Plan Rows": 3,
          "Plan Width": 8,
          "Actual Startup Time": 214.73,
          "Actual Total Time": 234.155,
          "Actual Rows": 4,
          "Actual Loops": 1,
          "Workers Planned": 3,
          "Workers Launched": 3,
          "Single Copy": false,
          "Plans": [
            {
              "Node Type": "Aggregate",
              "Strategy": "Plain",
              "Partial Mode": "Partial",
              "Parent Relationship": "Outer",
              "Parallel Aware": false,
              "Startup Cost": 96293.39,
              "Total Cost": 96293.4,
              "Plan Rows": 1,
              "Plan Width": 8,
              "Actual Startup Time": 210.453,
              "Actual Total Time": 210.458,
              "Actual Rows": 1,
              "Actual Loops": 4,
              "Plans": [
                {
                  "Node Type": "Nested Loop",
                  "Parent Relationship": "Outer",
                  "Parallel Aware": false,
                  "Join Type": "Inner",
                  "Startup Cost": 45644.01,
                  "Total Cost": 96184.13,
                  "Plan Rows": 43706,
                  "Plan Width": 0,
                  "Actual Startup Time": 99.016,
                  "Actual Total Time": 209.772,
                  "Actual Rows": 12717,
                  "Actual Loops": 4,
                  "Inner Unique": false,
                  "Join Filter": "(t.id = mi.movie_id)",
                  "Rows Removed by Join Filter": 0,
                  "Plans": [
                    {
                      "Node Type": "Hash Join",
                      "Parent Relationship": "Outer",
                      "Parallel Aware": true,
                      "Join Type": "Inner",
                      "Startup Cost": 45643.57,
                      "Total Cost": 77999.82,
                      "Plan Rows": 7444,
                      "Plan Width": 8,
                      "Actual Startup Time": 98.913,
                      "Actual Total Time": 193.872,
                      "Actual Rows": 1122,
                      "Actual Loops": 4,
                      "Inner Unique": true,
                      "Hash Cond": "(mc.movie_id = t.id)",
                      "Plans": [
                        {
                          "Node Type": "Seq Scan",
                          "Parent Relationship": "Outer",
                          "Parallel Aware": true,
                          "Relation Name": "movie_companies",
                          "Alias": "mc",
                          "Startup Cost": 0.0,
                          "Total Cost": 31414.82,
                          "Plan Rows": 358639,
                          "Plan Width": 4,
                          "Actual Startup Time": 0.048,
                          "Actual Total Time": 69.495,
                          "Actual Rows": 253482,
                          "Actual Loops": 4,
                          "Filter": "((company_id > 161) AND (company_type_id = 1))",
                          "Rows Removed by Filter": 398800
                        },
                        {
                          "Node Type": "Hash",
                          "Parent Relationship": "Inner",
                          "Parallel Aware": true,
                          "Startup Cost": 45479.59,
                          "Total Cost": 45479.59,
                          "Plan Rows": 13119,
                          "Plan Width": 4,
                          "Actual Startup Time": 98.245,
                          "Actual Total Time": 98.247,
                          "Actual Rows": 14120,
                          "Actual Loops": 4,
                          "Hash Buckets": 65536,
                          "Original Hash Buckets": 65536,
                          "Hash Batches": 1,
                          "Original Hash Batches": 1,
                          "Peak Memory Usage": 2784,
                          "Plans": [
                            {
                              "Node Type": "Seq Scan",
                              "Parent Relationship": "Outer",
                              "Parallel Aware": true,
                              "Relation Name": "title",
                              "Alias": "t",
                              "Startup Cost": 0.0,
                              "Total Cost": 45479.59,
                              "Plan Rows": 13119,
                              "Plan Width": 4,
                              "Actual Startup Time": 0.022,
                              "Actual Total Time": 92.723,
                              "Actual Rows": 14120,
                              "Actual Loops": 4,
                              "Filter": "((kind_id = 7) AND (production_year = 2004))",
                              "Rows Removed by Filter": 617958
                            }
                          ]
                        }
                      ]
                    },
                    {
                      "Node Type": "Index Only Scan",
                      "Parent Relationship": "Inner",
                      "Parallel Aware": false,
                      "Scan Direction": "Forward",
                      "Index Name": "movie_id_movie_info",
                      "Relation Name": "movie_info",
                      "Alias": "mi",
                      "Startup Cost": 0.43,
                      "Total Cost": 1.93,
                      "Plan Rows": 41,
                      "Plan Width": 4,
                      "Actual Startup Time": 0.005,
                      "Actual Total Time": 0.013,
                      "Actual Rows": 11,
                      "Actual Loops": 4489,
                      "Index Cond": "(movie_id = mc.movie_id)",
                      "Rows Removed by Index Recheck": 0,
                      "Heap Fetches": 50868
                    }
                  ]
                }
              ]
            }
          ]
        }
      ]
    },
    "Planning Time": 0.892,
    "Triggers": [],
    "Execution Time": 234.232
  }
]