{
  "Plan": {
    "Node Type": "Aggregate",
    "Strategy": "Plain",
    "Partial Mode": "Finalize",
    "Parallel Aware": false,
    "Startup Cost": 171711.01,
    "Total Cost": 171711.02,
    "Plan Rows": 1,
    "Plan Width": 8,
    "Actual Startup Time": 1633.2,
    "Actual Total Time": 1660.484,
    "Actual Rows": 1,
    "Actual Loops": 1,
    "Plans": [
      {
        "Node Type": "Gather",
        "Parent Relationship": "Outer",
        "Parallel Aware": false,
        "Startup Cost": 171710.9,
        "Total Cost": 171711.01,
        "Plan Rows": 1,
        "Plan Width": 8,
        "Actual Startup Time": 1627.142,
        "Actual Total Time": 1660.475,
        "Actual Rows": 2,
        "Actual Loops": 1,
        "Workers Planned": 1,
        "Workers Launched": 1,
        "Single Copy": false,
        "Plans": [
          {
            "Node Type": "Aggregate",
            "Strategy": "Plain",
            "Partial Mode": "Partial",
            "Parent Relationship": "Outer",
            "Parallel Aware": false,
            "Startup Cost": 170710.9,
            "Total Cost": 170710.91,
            "Plan Rows": 1,
            "Plan Width": 8,
            "Actual Startup Time": 1621.078,
            "Actual Total Time": 1621.397,
            "Actual Rows": 1,
            "Actual Loops": 2,
            "Plans": [
              {
                "Node Type": "Hash Join",
                "Parent Relationship": "Outer",
                "Parallel Aware": true,
                "Join Type": "Inner",
                "Startup Cost": 126404.77,
                "Total Cost": 169394.78,
                "Plan Rows": 526449,
                "Plan Width": 0,
                "Actual Startup Time": 945.234,
                "Actual Total Time": 1482.052,
                "Actual Rows": 3482217,
                "Actual Loops": 2,
                "Inner Unique": false,
                "Hash Cond": "(mc.movie_id = t.id)",
                "Plans": [
                  {
                    "Node Type": "Seq Scan",
                    "Parent Relationship": "Outer",
                    "Parallel Aware": true,
                    "Relation Name": "movie_companies",
                    "Alias": "mc",
                    "Startup Cost": 0.0,
                    "Total Cost": 34137.82,
                    "Plan Rows": 1534782,
                    "Plan Width": 4,
                    "Actual Startup Time": 0.016,
                    "Actual Total Time": 101.328,
                    "Actual Rows": 1304564,
                    "Actual Loops": 2
                  },
                  {
                    "Node Type": "Hash",
                    "Parent Relationship": "Inner",
                    "Parallel Aware": true,
                    "Startup Cost": 120028.04,
                    "Total Cost": 120028.04,
                    "Plan Rows": 510138,
                    "Plan Width": 8,
                    "Actual Startup Time": 929.472,
                    "Actual Total Time": 929.789,
                    "Actual Rows": 431116,
                    "Actual Loops": 2,
                    "Hash Buckets": 1048576,
                    "Original Hash Buckets": 1048576,
                    "Hash Batches": 1,
                    "Original Hash Batches": 1,
                    "Peak Memory Usage": 41952,
                    "Plans": [
                      {
                        "Node Type": "Hash Join",
                        "Parent Relationship": "Outer",
                        "Parallel Aware": true,
                        "Join Type": "Inner",
                        "Startup Cost": 87858.2,
                        "Total Cost": 120028.04,
                        "Plan Rows": 510138,
                        "Plan Width": 8,
                        "Actual Startup Time": 624.504,
                        "Actual Total Time": 833.043,
                        "Actual Rows": 431116,
                        "Actual Loops": 2,
                        "Inner Unique": true,
                        "Hash Cond": "(mk.movie_id = t.id)",
                        "Plans": [
                          {
                            "Node Type": "Bitmap Heap Scan",
                            "Parent Relationship": "Outer",
                            "Parallel Aware": true,
                            "Relation Name": "movie_keyword",
                            "Alias": "mk",
                            "Startup Cost": 18397.5,
                            "Total Cost": 49228.23,
                            "Plan Rows": 510138,
                            "Plan Width": 4,
                            "Actual Startup Time": 47.141,
                            "Actual Total Time": 142.82,
                            "Actual Rows": 431116,
                            "Actual Loops": 2,
                            "Recheck Cond": "(keyword_id > 21346)",
                            "Rows Removed by Index Recheck": 0,
                            "Exact Heap Blocks": 13110,
                            "Lossy Heap Blocks": 0,
                            "Plans": [
                              {
                                "Node Type": "Bitmap Index Scan",
                                "Parent Relationship": "Outer",
                                "Parallel Aware": false,
                                "Index Name": "keyword_id_movie_keyword",
                                "Startup Cost": 0.0,
                                "Total Cost": 18180.69,
                                "Plan Rows": 867235,
                                "Plan Width": 0,
                                "Actual Startup Time": 43.586,
                                "Actual Total Time": 43.586,
                                "Actual Rows": 862232,
                                "Actual Loops": 1,
                                "Index Cond": "(keyword_id > 21346)"
                              }
                            ]
                          },
                          {
                            "Node Type": "Hash",
                            "Parent Relationship": "Inner",
                            "Parallel Aware": true,
                            "Startup Cost": 50870.31,
                            "Total Cost": 50870.31,
                            "Plan Rows": 1487231,
                            "Plan Width": 4,
                            "Actual Startup Time": 562.169,
                            "Actual Total Time": 562.17,
                            "Actual Rows": 1264156,
                            "Actual Loops": 2,
                            "Hash Buckets": 4194304,
                            "Original Hash Buckets": 4194304,
                            "Hash Batches": 1,
                            "Original Hash Batches": 1,
                            "Peak Memory Usage": 131712,
                            "Plans": [
                              {
                                "Node Type": "Seq Scan",
                                "Parent Relationship": "Outer",
                                "Parallel Aware": true,
                                "Relation Name": "title",
                                "Alias": "t",
                                "Startup Cost": 0.0,
                                "Total Cost": 50870.31,
                                "Plan Rows": 1487231,
                                "Plan Width": 4,
                                "Actual Startup Time": 0.033,
                                "Actual Total Time": 161.475,
                                "Actual Rows": 1264156,
                                "Actual Loops": 2
                              }
                            ]
                          }
                        ]
                      }
                    ]
                  }
                ]
              }
            ]
          }
        ]
      }
    ]
  },
  "Planning Time": 1.132,
  "Triggers": [],
  "Execution Time": 1660.585
}