[
  {
    "Plan": {
      "Node Type": "Aggregate",
      "Strategy": "Plain",
      "Partial Mode": "Finalize",
      "Parallel Aware": false,
      "Startup Cost": 92665.18,
      "Total Cost": 92665.19,
      "Plan Rows": 1,
      "Plan Width": 8,
      "Actual Startup Time": 334.825,
      "Actual Total Time": 350.364,
      "Actual Rows": 1,
      "Actual Loops": 1,
      "Plans": [
        {
          "Node Type": "Gather",
          "Parent Relationship": "Outer",
          "Parallel Aware": false,
          "Startup Cost": 92664.86,
          "Total Cost": 92665.17,
          "Plan Rows": 3,
          "Plan Width": 8,
          "Actual Startup Time": 331.271,
          "Actual Total Time": 350.358,
          "Actual Rows": 4,
          "Actual Loops": 1,
          "Workers Planned": 3,
          "Workers Launched": 3,
          "Single Copy": false,
          "Plans": [
            {
              "Node Type": "Aggregate",
              "Strategy": "Plain",
              "Partial Mode": "Partial",
              "Parent Relationship": "Outer",
              "Parallel Aware": false,
              "Startup Cost": 91664.86,
              "Total Cost": 91664.87,
              "Plan Rows": 1,
              "Plan Width": 8,
              "Actual Startup Time": 325.499,
              "Actual Total Time": 325.502,
              "Actual Rows": 1,
              "Actual Loops": 4,
              "Plans": [
                {
                  "Node Type": "Hash Join",
                  "Parent Relationship": "Outer",
                  "Parallel Aware": true,
                  "Join Type": "Inner",
                  "Startup Cost": 47990.95,
                  "Total Cost": 91437.54,
                  "Plan Rows": 90926,
                  "Plan Width": 0,
                  "Actual Startup Time": 171.003,
                  "Actual Total Time": 318.102,
                  "Actual Rows": 161859,
                  "Actual Loops": 4,
                  "Inner Unique": true,
                  "Hash Cond": "(mk.movie_id = t.id)",
                  "Plans": [
                    {
                      "Node Type": "Seq Scan",
                      "Parent Relationship": "Outer",
                      "Parallel Aware": true,
                      "Relation Name": "movie_keyword",
                      "Alias": "mk",
                      "Startup Cost": 0.0,
                      "Total Cost": 42695.65,
                      "Plan Rows": 286073,
                      "Plan Width": 4,
                      "Actual Startup Time": 0.028,
                      "Actual Total Time": 91.914,
                      "Actual Rows": 222134,
                      "Actual Loops": 4,
                      "Filter": "(keyword_id < 842)",
                      "Rows Removed by Filter": 908848
                    },
                    {
                      "Node Type": "Hash",
                      "Parent Relationship": "Inner",
                      "Parallel Aware": true,
                      "Startup Cost": 45479.59,
                      "Total Cost": 45479.59,
                      "Plan Rows": 200909,
                      "Plan Width": 4,
                      "Actual Startup Time": 168.149,
                      "Actual Total Time": 168.15,
                      "Actual Rows": 205410,
                      "Actual Loops": 4,
                      "Hash Buckets": 1048576,
                      "Original Hash Buckets": 1048576,
                      "Hash Batches": 1,
                      "Original Hash Batches": 1,
                      "Peak Memory Usage": 40416,
                      "Plans": [
                        {
                          "Node Type": "Seq Scan",
                          "Parent Relationship": "Outer",
                          "Parallel Aware": true,
                          "Relation Name": "title",
                          "Alias": "t",
                          "Startup Cost": 0.0,
                          "Total Cost": 45479.59,
                          "Plan Rows": 200909,
                          "Plan Width": 4,
                          "Actual Startup Time": 0.029,
                          "Actual Total Time": 100.843,
                          "Actual Rows": 205410,
                          "Actual Loops": 4,
                          "Filter": "((kind_id < 4) AND (production_year < 2013))",
                          "Rows Removed by Filter": 426668
                        }
                      ]
                    }
                  ]
                }
              ]
            }
          ]
        }
      ]
    },
    "Planning Time": 0.256,
    "Triggers": [],
    "Execution Time": 350.4
  }
]