[
  {
    "Plan": {
      "Node Type": "Aggregate",
      "Strategy": "Plain",
      "Partial Mode": "Finalize",
      "Parallel Aware": false,
      "Startup Cost": 454823.72,
      "Total Cost": 454823.73,
      "Plan Rows": 1,
      "Plan Width": 8,
      "Actual Startup Time": 2844.705,
      "Actual Total Time": 2915.065,
      "Actual Rows": 1,
      "Actual Loops": 1,
      "Plans": [
        {
          "Node Type": "Gather",
          "Parent Relationship": "Outer",
          "Parallel Aware": false,
          "Startup Cost": 454823.1,
          "Total Cost": 454823.71,
          "Plan Rows": 6,
          "Plan Width": 8,
          "Actual Startup Time": 2821.45,
          "Actual Total Time": 2915.052,
          "Actual Rows": 7,
          "Actual Loops": 1,
          "Workers Planned": 6,
          "Workers Launched": 6,
          "Single Copy": false,
          "Plans": [
            {
              "Node Type": "Aggregate",
              "Strategy": "Plain",
              "Partial Mode": "Partial",
              "Parent Relationship": "Outer",
              "Parallel Aware": false,
              "Startup Cost": 453823.1,
              "Total Cost": 453823.11,
              "Plan Rows": 1,
              "Plan Width": 8,
              "Actual Startup Time": 2809.8,
              "Actual Total Time": 2810.155,
              "Actual Rows": 1,
              "Actual Loops": 7,
              "Plans": [
                {
                  "Node Type": "Hash Join",
                  "Parent Relationship": "Outer",
                  "Parallel Aware": true,
                  "Join Type": "Inner",
                  "Startup Cost": 97305.44,
                  "Total Cost": 449464.1,
                  "Plan Rows": 1743597,
                  "Plan Width": 0,
                  "Actual Startup Time": 564.103,
                  "Actual Total Time": 2552.047,
                  "Actual Rows": 4944219,
                  "Actual Loops": 7,
                  "Inner Unique": false,
                  "Hash Cond": "(ci.movie_id = t.id)",
                  "Plans": [
                    {
                      "Node Type": "Seq Scan",
                      "Parent Relationship": "Outer",
                      "Parallel Aware": true,
                      "Relation Name": "cast_info",
                      "Alias": "ci",
                      "Startup Cost": 0.0,
                      "Total Cost": 328162.03,
                      "Plan Rows": 4899238,
                      "Plan Width": 4,
                      "Actual Startup Time": 82.017,
                      "Actual Total Time": 731.826,
                      "Actual Rows": 4174828,
                      "Actual Loops": 7,
                      "Filter": "(person_id > 678013)",
                      "Rows Removed by Filter": 1002936
                    },
                    {
                      "Node Type": "Hash",
                      "Parent Relationship": "Inner",
                      "Parallel Aware": true,
                      "Startup Cost": 93677.22,
                      "Total Cost": 93677.22,
                      "Plan Rows": 290257,
                      "Plan Width": 8,
                      "Actual Startup Time": 478.41,
                      "Actual Total Time": 478.763,
                      "Actual Rows": 127493,
                      "Actual Loops": 7,
                      "Hash Buckets": 1048576,
                      "Original Hash Buckets": 1048576,
                      "Hash Batches": 1,
                      "Original Hash Batches": 1,
                      "Peak Memory Usage": 43200,
                      "Plans": [
                        {
                          "Node Type": "Hash Join",
                          "Parent Relationship": "Outer",
                          "Parallel Aware": true,
                          "Join Type": "Inner",
                          "Startup Cost": 50219.64,
                          "Total Cost": 93677.22,
                          "Plan Rows": 290257,
                          "Plan Width": 8,
                          "Actual Startup Time": 299.622,
                          "Actual Total Time": 420.514,
                          "Actual Rows": 127493,
                          "Actual Loops": 7,
                          "Inner Unique": true,
                          "Hash Cond": "(mk.movie_id = t.id)",
                          "Plans": [
                            {
                              "Node Type": "Seq Scan",
                              "Parent Relationship": "Outer",
                              "Parallel Aware": true,
                              "Relation Name": "movie_keyword",
                              "Alias": "mk",
                              "Startup Cost": 0.0,
                              "Total Cost": 42695.65,
                              "Plan Rows": 290257,
                              "Plan Width": 4,
                              "Actual Startup Time": 1.306,
                              "Actual Total Time": 77.411,
                              "Actual Rows": 127493,
                              "Actual Loops": 7,
                              "Filter": "(keyword_id > 20638)",
                              "Rows Removed by Filter": 518783
                            },
                            {
                              "Node Type": "Hash",
                              "Parent Relationship": "Inner",
                              "Parallel Aware": true,
                              "Startup Cost": 42318.73,
                              "Total Cost": 42318.73,
                              "Plan Rows": 632073,
                              "Plan Width": 4,
                              "Actual Startup Time": 292.914,
                              "Actual Total Time": 292.915,
                              "Actual Rows": 361187,
                              "Actual Loops": 7,
                              "Hash Buckets": 4194304,
                              "Original Hash Buckets": 4194304,
                              "Hash Batches": 1,
                              "Original Hash Batches": 1,
                              "Peak Memory Usage": 131744,
                              "Plans": [
                                {
                                  "Node Type": "Seq Scan",
                                  "Parent Relationship": "Outer",
                                  "Parallel Aware": true,
                                  "Relation Name": "title",
                                  "Alias": "t",
                                  "Startup Cost": 0.0,
                                  "Total Cost": 42318.73,
                                  "Plan Rows": 632073,
                                  "Plan Width": 4,
                                  "Actual Startup Time": 0.053,
                                  "Actual Total Time": 83.526,
                                  "Actual Rows": 361187,
                                  "Actual Loops": 7
                                }
                              ]
                            }
                          ]
                        }
                      ]
                    }
                  ]
                }
              ]
            }
          ]
        }
      ]
    },
    "Planning Time": 1.316,
    "Triggers": [],
    "Execution Time": 2915.158
  }
]