[
  {
    "Plan": {
      "Node Type": "Aggregate",
      "Strategy": "Plain",
      "Partial Mode": "Finalize",
      "Parallel Aware": false,
      "Startup Cost": 302001.26,
      "Total Cost": 302001.27,
      "Plan Rows": 1,
      "Plan Width": 8,
      "Actual Startup Time": 201.605,
      "Actual Total Time": 210.411,
      "Actual Rows": 1,
      "Actual Loops": 1,
      "Plans": [
        {
          "Node Type": "Gather",
          "Parent Relationship": "Outer",
          "Parallel Aware": false,
          "Startup Cost": 302000.63,
          "Total Cost": 302001.24,
          "Plan Rows": 6,
          "Plan Width": 8,
          "Actual Startup Time": 201.209,
          "Actual Total Time": 210.398,
          "Actual Rows": 7,
          "Actual Loops": 1,
          "Workers Planned": 6,
          "Workers Launched": 6,
          "Single Copy": false,
          "Plans": [
            {
              "Node Type": "Aggregate",
              "Strategy": "Plain",
              "Partial Mode": "Partial",
              "Parent Relationship": "Outer",
              "Parallel Aware": false,
              "Startup Cost": 301000.63,
              "Total Cost": 301000.64,
              "Plan Rows": 1,
              "Plan Width": 8,
              "Actual Startup Time": 193.787,
              "Actual Total Time": 193.79,
              "Actual Rows": 1,
              "Actual Loops": 7,
              "Plans": [
                {
                  "Node Type": "Bitmap Heap Scan",
                  "Parent Relationship": "Outer",
                  "Parallel Aware": true,
                  "Relation Name": "cast_info",
                  "Alias": "ci",
                  "Startup Cost": 43109.08,
                  "Total Cost": 300713.48,
                  "Plan Rows": 114860,
                  "Plan Width": 0,
                  "Actual Startup Time": 93.27,
                  "Actual Total Time": 180.759,
                  "Actual Rows": 206686,
                  "Actual Loops": 7,
                  "Recheck Cond": "(person_id < 198370)",
                  "Rows Removed by Index Recheck": 0,
                  "Filter": "(role_id = 1)",
                  "Rows Removed by Filter": 82161,
                  "Exact Heap Blocks": 5499,
                  "Lossy Heap Blocks": 0,
                  "Plans": [
                    {
                      "Node Type": "Bitmap Index Scan",
                      "Parent Relationship": "Outer",
                      "Parallel Aware": false,
                      "Index Name": "person_id_cast_info",
                      "Startup Cost": 0.0,
                      "Total Cost": 42936.79,
                      "Plan Rows": 1966963,
                      "Plan Width": 0,
                      "Actual Startup Time": 96.609,
                      "Actual Total Time": 96.61,
                      "Actual Rows": 2021930,
                      "Actual Loops": 1,
                      "Index Cond": "(person_id < 198370)"
                    }
                  ]
                }
              ]
            }
          ]
        }
      ]
    },
    "Planning Time": 0.128,
    "Triggers": [],
    "Execution Time": 210.455
  }
]