[
  {
    "Plan": {
      "Node Type": "Aggregate",
      "Strategy": "Plain",
      "Partial Mode": "Finalize",
      "Parallel Aware": false,
      "Startup Cost": 45255.19,
      "Total Cost": 45255.2,
      "Plan Rows": 1,
      "Plan Width": 8,
      "Actual Startup Time": 108.254,
      "Actual Total Time": 122.803,
      "Actual Rows": 1,
      "Actual Loops": 1,
      "Plans": [
        {
          "Node Type": "Gather",
          "Parent Relationship": "Outer",
          "Parallel Aware": false,
          "Startup Cost": 45254.77,
          "Total Cost": 45255.18,
          "Plan Rows": 4,
          "Plan Width": 8,
          "Actual Startup Time": 108.083,
          "Actual Total Time": 122.795,
          "Actual Rows": 5,
          "Actual Loops": 1,
          "Workers Planned": 4,
          "Workers Launched": 4,
          "Single Copy": false,
          "Plans": [
            {
              "Node Type": "Aggregate",
              "Strategy": "Plain",
              "Partial Mode": "Partial",
              "Parent Relationship": "Outer",
              "Parallel Aware": false,
              "Startup Cost": 44254.77,
              "Total Cost": 44254.78,
              "Plan Rows": 1,
              "Plan Width": 8,
              "Actual Startup Time": 99.187,
              "Actual Total Time": 99.188,
              "Actual Rows": 1,
              "Actual Loops": 5,
              "Plans": [
                {
                  "Node Type": "Seq Scan",
                  "Parent Relationship": "Outer",
                  "Parallel Aware": true,
                  "Relation Name": "title",
                  "Alias": "t",
                  "Startup Cost": 0.0,
                  "Total Cost": 43899.32,
                  "Plan Rows": 142178,
                  "Plan Width": 0,
                  "Actual Startup Time": 0.054,
                  "Actual Total Time": 91.925,
                  "Actual Rows": 117004,
                  "Actual Loops": 5,
                  "Filter": "(production_year < 1985)",
                  "Rows Removed by Filter": 388658
                }
              ]
            }
          ]
        }
      ]
    },
    "Planning Time": 0.08,
    "Triggers": [],
    "Execution Time": 122.832
  }
]