{
  "Plan": {
    "Node Type": "Aggregate",
    "Strategy": "Plain",
    "Partial Mode": "Finalize",
    "Parallel Aware": false,
    "Startup Cost": 140689.92,
    "Total Cost": 140689.93,
    "Plan Rows": 1,
    "Plan Width": 8,
    "Actual Startup Time": 809.497,
    "Actual Total Time": 879.624,
    "Actual Rows": 1,
    "Actual Loops": 1,
    "Plans": [
      {
        "Node Type": "Gather",
        "Parent Relationship": "Outer",
        "Parallel Aware": false,
        "Startup Cost": 140689.8,
        "Total Cost": 140689.91,
        "Plan Rows": 1,
        "Plan Width": 8,
        "Actual Startup Time": 808.373,
        "Actual Total Time": 879.608,
        "Actual Rows": 2,
        "Actual Loops": 1,
        "Workers Planned": 1,
        "Workers Launched": 1,
        "Single Copy": false,
        "Plans": [
          {
            "Node Type": "Aggregate",
            "Strategy": "Plain",
            "Partial Mode": "Partial",
            "Parent Relationship": "Outer",
            "Parallel Aware": false,
            "Startup Cost": 139689.8,
            "Total Cost": 139689.81,
            "Plan Rows": 1,
            "Plan Width": 8,
            "Actual Startup Time": 801.843,
            "Actual Total Time": 801.85,
            "Actual Rows": 1,
            "Actual Loops": 2,
            "Plans": [
              {
                "Node Type": "Nested Loop",
                "Parent Relationship": "Outer",
                "Parallel Aware": false,
                "Join Type": "Inner",
                "Startup Cost": 69743.78,
                "Total Cost": 139682.62,
                "Plan Rows": 2872,
                "Plan Width": 0,
                "Actual Startup Time": 311.845,
                "Actual Total Time": 800.721,
                "Actual Rows": 9003,
                "Actual Loops": 2,
                "Inner Unique": false,
                "Join Filter": "(t.id = mi.movie_id)",
                "Rows Removed by Join Filter": 0,
                "Plans": [
                  {
                    "Node Type": "Hash Join",
                    "Parent Relationship": "Outer",
                    "Parallel Aware": true,
                    "Join Type": "Inner",
                    "Startup Cost": 69743.34,
                    "Total Cost": 100252.85,
                    "Plan Rows": 15414,
                    "Plan Width": 8,
                    "Actual Startup Time": 307.402,
                    "Actual Total Time": 487.654,
                    "Actual Rows": 11508,
                    "Actual Loops": 2,
                    "Inner Unique": true,
                    "Hash Cond": "(mk.movie_id = t.id)",
                    "Plans": [
                      {
                        "Node Type": "Bitmap Heap Scan",
                        "Parent Relationship": "Outer",
                        "Parallel Aware": true,
                        "Relation Name": "movie_keyword",
                        "Alias": "mk",
                        "Startup Cost": 14439.23,
                        "Total Cost": 43897.78,
                        "Plan Rows": 400364,
                        "Plan Width": 4,
                        "Actual Startup Time": 73.321,
                        "Actual Total Time": 187.733,
                        "Actual Rows": 333586,
                        "Actual Loops": 2,
                        "Recheck Cond": "(keyword_id > 28089)",
                        "Rows Removed by Index Recheck": 0,
                        "Exact Heap Blocks": 14918,
                        "Lossy Heap Blocks": 0,
                        "Plans": [
                          {
                            "Node Type": "Bitmap Index Scan",
                            "Parent Relationship": "Outer",
                            "Parallel Aware": false,
                            "Index Name": "keyword_id_movie_keyword",
                            "Startup Cost": 0.0,
                            "Total Cost": 14269.08,
                            "Plan Rows": 680619,
                            "Plan Width": 0,
                            "Actual Startup Time": 67.513,
                            "Actual Total Time": 67.514,
                            "Actual Rows": 667172,
                            "Actual Loops": 1,
                            "Index Cond": "(keyword_id > 28089)"
                          }
                        ]
                      },
                      {
                        "Node Type": "Hash",
                        "Parent Relationship": "Inner",
                        "Parallel Aware": true,
                        "Startup Cost": 54588.39,
                        "Total Cost": 54588.39,
                        "Plan Rows": 57258,
                        "Plan Width": 4,
                        "Actual Startup Time": 231.273,
                        "Actual Total Time": 231.274,
                        "Actual Rows": 47502,
                        "Actual Loops": 2,
                        "Hash Buckets": 131072,
                        "Original Hash Buckets": 131072,
                        "Hash Batches": 1,
                        "Original Hash Batches": 1,
                        "Peak Memory Usage": 4768,
                        "Plans": [
                          {
                            "Node Type": "Seq Scan",
                            "Parent Relationship": "Outer",
                            "Parallel Aware": true,
                            "Relation Name": "title",
                            "Alias": "t",
                            "Startup Cost": 0.0,
                            "Total Cost": 54588.39,
                            "Plan Rows": 57258,
                            "Plan Width": 4,
                            "Actual Startup Time": 0.04,
                            "Actual Total Time": 210.059,
                            "Actual Rows": 47502,
                            "Actual Loops": 2,
                            "Filter": "(production_year = 2005)",
                            "Rows Removed by Filter": 1216654
                          }
                        ]
                      }
                    ]
                  },
                  {
                    "Node Type": "Index Scan",
                    "Parent Relationship": "Inner",
                    "Parallel Aware": false,
                    "Scan Direction": "Forward",
                    "Index Name": "movie_id_movie_info",
                    "Relation Name": "movie_info",
                    "Alias": "mi",
                    "Startup Cost": 0.43,
                    "Total Cost": 2.55,
                    "Plan Rows": 1,
                    "Plan Width": 4,
                    "Actual Startup Time": 0.013,
                    "Actual Total Time": 0.027,
                    "Actual Rows": 1,
                    "Actual Loops": 23016,
                    "Index Cond": "(movie_id = mk.movie_id)",
                    "Rows Removed by Index Recheck": 0,
                    "Filter": "(info_type_id = 6)",
                    "Rows Removed by Filter": 68
                  }
                ]
              }
            ]
          }
        ]
      }
    ]
  },
  "Planning Time": 1.074,
  "Triggers": [],
  "Execution Time": 879.767
}