{
    "Plan": {
        "Node Type": "Aggregate",
        "Strategy": "Plain",
        "Partial Mode": "Simple",
        "Parallel Aware": false,
        "Startup Cost": 20000871207.97,
        "Total Cost": 20000871207.98,
        "Plan Rows": 1,
        "Plan Width": 96,
        "Actual Startup Time": 3384.173,
        "Actual Total Time": 3384.183,
        "Actual Rows": 1,
        "Actual Loops": 1,
        "Output": [
            "min(k.keyword)",
            "min(n.name)",
            "min(t.title)"
        ],
        "Plans": [
            {
                "Node Type": "Nested Loop",
                "Parent Relationship": "Outer",
                "Parallel Aware": false,
                "Join Type": "Inner",
                "Startup Cost": 20000867568.54,
                "Total Cost": 20000871207.96,
                "Plan Rows": 1,
                "Plan Width": 48,
                "Actual Startup Time": 3306.734,
                "Actual Total Time": 3382.412,
                "Actual Rows": 4404,
                "Actual Loops": 1,
                "Output": [
                    "k.keyword",
                    "n.name",
                    "t.title"
                ],
                "Inner Unique": true,
                "Join Filter": "(mk.movie_id = t.id)",
                "Rows Removed by Join Filter": 0,
                "Plans": [
                    {
                        "Node Type": "Hash Join",
                        "Parent Relationship": "Outer",
                        "Parallel Aware": false,
                        "Join Type": "Inner",
                        "Startup Cost": 10000867568.11,
                        "Total Cost": 10000871203.5,
                        "Plan Rows": 1,
                        "Plan Width": 39,
                        "Actual Startup Time": 3306.674,
                        "Actual Total Time": 3329.44,
                        "Actual Rows": 8375,
                        "Actual Loops": 1,
                        "Output": [
                            "ci.movie_id",
                            "mk.movie_id",
                            "k.keyword",
                            "n.name"
                        ],
                        "Inner Unique": false,
                        "Hash Cond": "(k.id = mk.keyword_id)",
                        "Plans": [
                            {
                                "Node Type": "Seq Scan",
                                "Parent Relationship": "Outer",
                                "Parallel Aware": false,
                                "Relation Name": "keyword",
                                "Schema": "public",
                                "Alias": "k",
                                "Startup Cost": 0.0,
                                "Total Cost": 3632.4,
                                "Plan Rows": 8,
                                "Plan Width": 20,
                                "Actual Startup Time": 1.389,
                                "Actual Total Time": 21.103,
                                "Actual Rows": 5,
                                "Actual Loops": 1,
                                "Output": [
                                    "k.id",
                                    "k.keyword",
                                    "k.phonetic_code"
                                ],
                                "Filter": "(k.keyword = ANY ('{superhero,blood,laser,blood,fight,fight,character-name-in-title,superhero}'::text[]))",
                                "Rows Removed by Filter": 134165
                            },
                            {
                                "Node Type": "Hash",
                                "Parent Relationship": "Inner",
                                "Parallel Aware": false,
                                "Startup Cost": 10000867350.73,
                                "Total Cost": 10000867350.73,
                                "Plan Rows": 17390,
                                "Plan Width": 27,
                                "Actual Startup Time": 3305.2,
                                "Actual Total Time": 3305.207,
                                "Actual Rows": 974696,
                                "Actual Loops": 1,
                                "Output": [
                                    "ci.movie_id",
                                    "mk.keyword_id",
                                    "mk.movie_id",
                                    "n.name"
                                ],
                                "Hash Buckets": 1048576,
                                "Original Hash Buckets": 32768,
                                "Hash Batches": 1,
                                "Original Hash Batches": 1,
                                "Peak Memory Usage": 64510,
                                "Plans": [
                                    {
                                        "Node Type": "Hash Join",
                                        "Parent Relationship": "Outer",
                                        "Parallel Aware": false,
                                        "Join Type": "Inner",
                                        "Startup Cost": 10000780518.81,
                                        "Total Cost": 10000867350.73,
                                        "Plan Rows": 17390,
                                        "Plan Width": 27,
                                        "Actual Startup Time": 2268.643,
                                        "Actual Total Time": 3129.588,
                                        "Actual Rows": 974696,
                                        "Actual Loops": 1,
                                        "Output": [
                                            "ci.movie_id",
                                            "mk.keyword_id",
                                            "mk.movie_id",
                                            "n.name"
                                        ],
                                        "Inner Unique": false,
                                        "Hash Cond": "(mk.movie_id = ci.movie_id)",
                                        "Plans": [
                                            {
                                                "Node Type": "Seq Scan",
                                                "Parent Relationship": "Outer",
                                                "Parallel Aware": false,
                                                "Relation Name": "movie_keyword",
                                                "Schema": "public",
                                                "Alias": "mk",
                                                "Startup Cost": 0.0,
                                                "Total Cost": 69693.3,
                                                "Plan Rows": 4523930,
                                                "Plan Width": 8,
                                                "Actual Startup Time": 0.021,
                                                "Actual Total Time": 339.857,
                                                "Actual Rows": 4523930,
                                                "Actual Loops": 1,
                                                "Output": [
                                                    "mk.id",
                                                    "mk.movie_id",
                                                    "mk.keyword_id"
                                                ]
                                            },
                                            {
                                                "Node Type": "Hash",
                                                "Parent Relationship": "Inner",
                                                "Parallel Aware": false,
                                                "Startup Cost": 10000780473.48,
                                                "Total Cost": 10000780473.48,
                                                "Plan Rows": 3627,
                                                "Plan Width": 19,
                                                "Actual Startup Time": 2268.601,
                                                "Actual Total Time": 2268.604,
                                                "Actual Rows": 135548,
                                                "Actual Loops": 1,
                                                "Output": [
                                                    "ci.movie_id",
                                                    "n.name"
                                                ],
                                                "Hash Buckets": 262144,
                                                "Original Hash Buckets": 4096,
                                                "Hash Batches": 1,
                                                "Original Hash Batches": 1,
                                                "Peak Memory Usage": 8812,
                                                "Plans": [
                                                    {
                                                        "Node Type": "Nested Loop",
                                                        "Parent Relationship": "Outer",
                                                        "Parallel Aware": false,
                                                        "Join Type": "Inner",
                                                        "Startup Cost": 10000000012.93,
                                                        "Total Cost": 10000780473.48,
                                                        "Plan Rows": 3627,
                                                        "Plan Width": 19,
                                                        "Actual Startup Time": 0.311,
                                                        "Actual Total Time": 2232.317,
                                                        "Actual Rows": 135548,
                                                        "Actual Loops": 1,
                                                        "Output": [
                                                            "ci.movie_id",
                                                            "n.name"
                                                        ],
                                                        "Inner Unique": false,
                                                        "Plans": [
                                                            {
                                                                "Node Type": "Index Scan",
                                                                "Parent Relationship": "Outer",
                                                                "Parallel Aware": false,
                                                                "Scan Direction": "Forward",
                                                                "Index Name": "name_pkey",
                                                                "Relation Name": "name",
                                                                "Schema": "public",
                                                                "Alias": "n",
                                                                "Startup Cost": 0.43,
                                                                "Total Cost": 188592.68,
                                                                "Plan Rows": 417,
                                                                "Plan Width": 19,
                                                                "Actual Startup Time": 0.238,
                                                                "Actual Total Time": 2035.769,
                                                                "Actual Rows": 16957,
                                                                "Actual Loops": 1,
                                                                "Output": [
                                                                    "n.id",
                                                                    "n.name",
                                                                    "n.imdb_index",
                                                                    "n.imdb_id",
                                                                    "n.gender",
                                                                    "n.name_pcode_cf",
                                                                    "n.name_pcode_nf",
                                                                    "n.surname_pcode",
                                                                    "n.md5sum"
                                                                ],
                                                                "Filter": "(n.name ~~ '%Smith,%'::text)",
                                                                "Rows Removed by Filter": 4150534
                                                            },
                                                            {
                                                                "Node Type": "Bitmap Heap Scan",
                                                                "Parent Relationship": "Inner",
                                                                "Parallel Aware": false,
                                                                "Relation Name": "cast_info",
                                                                "Schema": "public",
                                                                "Alias": "ci",
                                                                "Startup Cost": 12.5,
                                                                "Total Cost": 1414.28,
                                                                "Plan Rows": 510,
                                                                "Plan Width": 8,
                                                                "Actual Startup Time": 0.006,
                                                                "Actual Total Time": 0.008,
                                                                "Actual Rows": 8,
                                                                "Actual Loops": 16957,
                                                                "Output": [
                                                                    "ci.id",
                                                                    "ci.person_id",
                                                                    "ci.movie_id",
                                                                    "ci.person_role_id",
                                                                    "ci.note",
                                                                    "ci.nr_order",
                                                                    "ci.role_id"
                                                                ],
                                                                "Recheck Cond": "(ci.person_id = n.id)",
                                                                "Rows Removed by Index Recheck": 0,
                                                                "Exact Heap Blocks": 22289,
                                                                "Lossy Heap Blocks": 0,
                                                                "Plans": [
                                                                    {
                                                                        "Node Type": "Bitmap Index Scan",
                                                                        "Parent Relationship": "Outer",
                                                                        "Parallel Aware": false,
                                                                        "Index Name": "person_id_cast_info",
                                                                        "Startup Cost": 0.0,
                                                                        "Total Cost": 12.37,
                                                                        "Plan Rows": 510,
                                                                        "Plan Width": 0,
                                                                        "Actual Startup Time": 0.005,
                                                                        "Actual Total Time": 0.005,
                                                                        "Actual Rows": 8,
                                                                        "Actual Loops": 16957,
                                                                        "Index Cond": "(ci.person_id = n.id)"
                                                                    }
                                                                ]
                                                            }
                                                        ]
                                                    }
                                                ]
                                            }
                                        ]
                                    }
                                ]
                            }
                        ]
                    },
                    {
                        "Node Type": "Bitmap Heap Scan",
                        "Parent Relationship": "Inner",
                        "Parallel Aware": false,
                        "Relation Name": "title",
                        "Schema": "public",
                        "Alias": "t",
                        "Startup Cost": 0.44,
                        "Total Cost": 4.45,
                        "Plan Rows": 1,
                        "Plan Width": 21,
                        "Actual Startup Time": 0.005,
                        "Actual Total Time": 0.005,
                        "Actual Rows": 1,
                        "Actual Loops": 8375,
                        "Output": [
                            "t.id",
                            "t.title",
                            "t.imdb_index",
                            "t.kind_id",
                            "t.production_year",
                            "t.imdb_id",
                            "t.phonetic_code",
                            "t.episode_of_id",
                            "t.season_nr",
                            "t.episode_nr",
                            "t.series_years",
                            "t.md5sum"
                        ],
                        "Recheck Cond": "(t.id = ci.movie_id)",
                        "Rows Removed by Index Recheck": 0,
                        "Filter": "(t.production_year > 2000)",
                        "Rows Removed by Filter": 0,
                        "Exact Heap Blocks": 8375,
                        "Lossy Heap Blocks": 0,
                        "Plans": [
                            {
                                "Node Type": "Bitmap Index Scan",
                                "Parent Relationship": "Outer",
                                "Parallel Aware": false,
                                "Index Name": "title_pkey",
                                "Startup Cost": 0.0,
                                "Total Cost": 0.44,
                                "Plan Rows": 1,
                                "Plan Width": 0,
                                "Actual Startup Time": 0.003,
                                "Actual Total Time": 0.003,
                                "Actual Rows": 1,
                                "Actual Loops": 8375,
                                "Index Cond": "(t.id = ci.movie_id)"
                            }
                        ]
                    }
                ]
            }
        ]
    },
    "Planning Time": 2.292,
    "Triggers": [],
    "Execution Time": 3385.038
}