{
  "Plan": {
    "Node Type": "Aggregate",
    "Strategy": "Plain",
    "Partial Mode": "Finalize",
    "Parallel Aware": false,
    "Startup Cost": 52637.1,
    "Total Cost": 52637.11,
    "Plan Rows": 1,
    "Plan Width": 64,
    "Actual Startup Time": 289.505,
    "Actual Total Time": 289.599,
    "Actual Rows": 1,
    "Actual Loops": 1,
    "Plans": [
      {
        "Node Type": "Gather",
        "Parent Relationship": "Outer",
        "Parallel Aware": false,
        "Startup Cost": 52636.99,
        "Total Cost": 52637.1,
        "Plan Rows": 1,
        "Plan Width": 64,
        "Actual Startup Time": 289.495,
        "Actual Total Time": 289.593,
        "Actual Rows": 2,
        "Actual Loops": 1,
        "Workers Planned": 1,
        "Workers Launched": 1,
        "Single Copy": false,
        "Plans": [
          {
            "Node Type": "Aggregate",
            "Strategy": "Plain",
            "Partial Mode": "Partial",
            "Parent Relationship": "Outer",
            "Parallel Aware": false,
            "Startup Cost": 51636.99,
            "Total Cost": 51637.0,
            "Plan Rows": 1,
            "Plan Width": 64,
            "Actual Startup Time": 202.23,
            "Actual Total Time": 202.236,
            "Actual Rows": 1,
            "Actual Loops": 2,
            "Plans": [
              {
                "Node Type": "Nested Loop",
                "Parent Relationship": "Outer",
                "Parallel Aware": false,
                "Join Type": "Inner",
                "Startup Cost": 51626.31,
                "Total Cost": 51636.98,
                "Plan Rows": 2,
                "Plan Width": 33,
                "Actual Startup Time": 201.938,
                "Actual Total Time": 202.22,
                "Actual Rows": 52,
                "Actual Loops": 2,
                "Inner Unique": true,
                "Plans": [
                  {
                    "Node Type": "Merge Join",
                    "Parent Relationship": "Outer",
                    "Parallel Aware": false,
                    "Join Type": "Inner",
                    "Startup Cost": 51625.88,
                    "Total Cost": 51626.07,
                    "Plan Rows": 2,
                    "Plan Width": 21,
                    "Actual Startup Time": 201.912,
                    "Actual Total Time": 201.93,
                    "Actual Rows": 56,
                    "Actual Loops": 2,
                    "Inner Unique": true,
                    "Merge Cond": "(ci.role_id = rt.id)",
                    "Plans": [
                      {
                        "Node Type": "Sort",
                        "Parent Relationship": "Outer",
                        "Parallel Aware": false,
                        "Startup Cost": 51624.72,
                        "Total Cost": 51624.8,
                        "Plan Rows": 31,
                        "Plan Width": 25,
                        "Actual Startup Time": 201.876,
                        "Actual Total Time": 201.884,
                        "Actual Rows": 56,
                        "Actual Loops": 2,
                        "Sort Key": [
                          "ci.role_id"
                        ],
                        "Sort Method": "quicksort",
                        "Sort Space Used": 35,
                        "Sort Space Type": "Memory",
                        "Workers": [
                          {
                            "Worker Number": 0,
                            "Sort Method": "quicksort",
                            "Sort Space Used": 25,
                            "Sort Space Type": "Memory"
                          }
                        ],
                        "Plans": [
                          {
                            "Node Type": "Nested Loop",
                            "Parent Relationship": "Outer",
                            "Parallel Aware": false,
                            "Join Type": "Inner",
                            "Startup Cost": 40507.83,
                            "Total Cost": 51623.95,
                            "Plan Rows": 31,
                            "Plan Width": 25,
                            "Actual Startup Time": 45.129,
                            "Actual Total Time": 201.773,
                            "Actual Rows": 76,
                            "Actual Loops": 2,
                            "Inner Unique": false,
                            "Join Filter": "(t.id = ci.movie_id)",
                            "Rows Removed by Join Filter": 0,
                            "Plans": [
                              {
                                "Node Type": "Nested Loop",
                                "Parent Relationship": "Outer",
                                "Parallel Aware": false,
                                "Join Type": "Inner",
                                "Startup Cost": 40507.26,
                                "Total Cost": 44932.56,
                                "Plan Rows": 3351,
                                "Plan Width": 25,
                                "Actual Startup Time": 41.286,
                                "Actual Total Time": 63.632,
                                "Actual Rows": 2270,
                                "Actual Loops": 2,
                                "Inner Unique": true,
                                "Plans": [
                                  {
                                    "Node Type": "Merge Join",
                                    "Parent Relationship": "Outer",
                                    "Parallel Aware": false,
                                    "Join Type": "Inner",
                                    "Startup Cost": 40506.83,
                                    "Total Cost": 40631.17,
                                    "Plan Rows": 8288,
                                    "Plan Width": 4,
                                    "Actual Startup Time": 41.146,
                                    "Actual Total Time": 42.387,
                                    "Actual Rows": 4395,
                                    "Actual Loops": 2,
                                    "Inner Unique": true,
                                    "Merge Cond": "(mc.company_type_id = ct.id)",
                                    "Plans": [
                                      {
                                        "Node Type": "Sort",
                                        "Parent Relationship": "Outer",
                                        "Parallel Aware": false,
                                        "Startup Cost": 40505.75,
                                        "Total Cost": 40526.47,
                                        "Plan Rows": 8288,
                                        "Plan Width": 8,
                                        "Actual Startup Time": 41.108,
                                        "Actual Total Time": 41.661,
                                        "Actual Rows": 4395,
                                        "Actual Loops": 2,
                                        "Sort Key": [
                                          "mc.company_type_id"
                                        ],
                                        "Sort Method": "quicksort",
                                        "Sort Space Used": 553,
                                        "Sort Space Type": "Memory",
                                        "Workers": [
                                          {
                                            "Worker Number": 0,
                                            "Sort Method": "quicksort",
                                            "Sort Space Used": 100,
                                            "Sort Space Type": "Memory"
                                          }
                                        ],
                                        "Plans": [
                                          {
                                            "Node Type": "Nested Loop",
                                            "Parent Relationship": "Outer",
                                            "Parallel Aware": false,
                                            "Join Type": "Inner",
                                            "Startup Cost": 0.43,
                                            "Total Cost": 39966.34,
                                            "Plan Rows": 8288,
                                            "Plan Width": 8,
                                            "Actual Startup Time": 0.274,
                                            "Actual Total Time": 39.737,
                                            "Actual Rows": 4395,
                                            "Actual Loops": 2,
                                            "Inner Unique": false,
                                            "Plans": [
                                              {
                                                "Node Type": "Seq Scan",
                                                "Parent Relationship": "Outer",
                                                "Parallel Aware": true,
                                                "Relation Name": "company_name",
                                                "Alias": "cn",
                                                "Startup Cost": 0.0,
                                                "Total Cost": 4722.92,
                                                "Plan Rows": 746,
                                                "Plan Width": 4,
                                                "Actual Startup Time": 0.106,
                                                "Actual Total Time": 20.266,
                                                "Actual Rows": 680,
                                                "Actual Loops": 2,
                                                "Filter": "((country_code)::text = '[ru]'::text)",
                                                "Rows Removed by Filter": 116818
                                              },
                                              {
                                                "Node Type": "Index Scan",
                                                "Parent Relationship": "Inner",
                                                "Parallel Aware": false,
                                                "Scan Direction": "Forward",
                                                "Index Name": "company_id_movie_companies",
                                                "Relation Name": "movie_companies",
                                                "Alias": "mc",
                                                "Startup Cost": 0.43,
                                                "Total Cost": 45.94,
                                                "Plan Rows": 130,
                                                "Plan Width": 12,
                                                "Actual Startup Time": 0.012,
                                                "Actual Total Time": 0.026,
                                                "Actual Rows": 6,
                                                "Actual Loops": 1361,
                                                "Index Cond": "(company_id = cn.id)",
                                                "Rows Removed by Index Recheck": 0
                                              }
                                            ]
                                          }
                                        ]
                                      },
                                      {
                                        "Node Type": "Sort",
                                        "Parent Relationship": "Inner",
                                        "Parallel Aware": false,
                                        "Startup Cost": 1.08,
                                        "Total Cost": 1.09,
                                        "Plan Rows": 4,
                                        "Plan Width": 4,
                                        "Actual Startup Time": 0.033,
                                        "Actual Total Time": 0.034,
                                        "Actual Rows": 2,
                                        "Actual Loops": 2,
                                        "Sort Key": [
                                          "ct.id"
                                        ],
                                        "Sort Method": "quicksort",
                                        "Sort Space Used": 25,
                                        "Sort Space Type": "Memory",
                                        "Workers": [
                                          {
                                            "Worker Number": 0,
                                            "Sort Method": "quicksort",
                                            "Sort Space Used": 25,
                                            "Sort Space Type": "Memory"
                                          }
                                        ],
                                        "Plans": [
                                          {
                                            "Node Type": "Seq Scan",
                                            "Parent Relationship": "Outer",
                                            "Parallel Aware": false,
                                            "Relation Name": "company_type",
                                            "Alias": "ct",
                                            "Startup Cost": 0.0,
                                            "Total Cost": 1.04,
                                            "Plan Rows": 4,
                                            "Plan Width": 4,
                                            "Actual Startup Time": 0.024,
                                            "Actual Total Time": 0.025,
                                            "Actual Rows": 4,
                                            "Actual Loops": 2
                                          }
                                        ]
                                      }
                                    ]
                                  },
                                  {
                                    "Node Type": "Index Scan",
                                    "Parent Relationship": "Inner",
                                    "Parallel Aware": false,
                                    "Scan Direction": "Forward",
                                    "Index Name": "title_pkey",
                                    "Relation Name": "title",
                                    "Alias": "t",
                                    "Startup Cost": 0.43,
                                    "Total Cost": 0.52,
                                    "Plan Rows": 1,
                                    "Plan Width": 21,
                                    "Actual Startup Time": 0.005,
                                    "Actual Total Time": 0.005,
                                    "Actual Rows": 1,
                                    "Actual Loops": 8790,
                                    "Index Cond": "(id = mc.movie_id)",
                                    "Rows Removed by Index Recheck": 0,
                                    "Filter": "(production_year > 2005)",
                                    "Rows Removed by Filter": 0
                                  }
                                ]
                              },
                              {
                                "Node Type": "Index Scan",
                                "Parent Relationship": "Inner",
                                "Parallel Aware": false,
                                "Scan Direction": "Forward",
                                "Index Name": "movie_id_cast_info",
                                "Relation Name": "cast_info",
                                "Alias": "ci",
                                "Startup Cost": 0.56,
                                "Total Cost": 1.98,
                                "Plan Rows": 1,
                                "Plan Width": 12,
                                "Actual Startup Time": 0.058,
                                "Actual Total Time": 0.061,
                                "Actual Rows": 0,
                                "Actual Loops": 4539,
                                "Index Cond": "(movie_id = mc.movie_id)",
                                "Rows Removed by Index Recheck": 0,
                                "Filter": "((note ~~ '%(voice)%'::text) AND (note ~~ '%(uncredited)%'::text))",
                                "Rows Removed by Filter": 50
                              }
                            ]
                          }
                        ]
                      },
                      {
                        "Node Type": "Sort",
                        "Parent Relationship": "Inner",
                        "Parallel Aware": false,
                        "Startup Cost": 1.16,
                        "Total Cost": 1.16,
                        "Plan Rows": 1,
                        "Plan Width": 4,
                        "Actual Startup Time": 0.033,
                        "Actual Total Time": 0.033,
                        "Actual Rows": 1,
                        "Actual Loops": 2,
                        "Sort Key": [
                          "rt.id"
                        ],
                        "Sort Method": "quicksort",
                        "Sort Space Used": 25,
                        "Sort Space Type": "Memory",
                        "Workers": [
                          {
                            "Worker Number": 0,
                            "Sort Method": "quicksort",
                            "Sort Space Used": 25,
                            "Sort Space Type": "Memory"
                          }
                        ],
                        "Plans": [
                          {
                            "Node Type": "Seq Scan",
                            "Parent Relationship": "Outer",
                            "Parallel Aware": false,
                            "Relation Name": "role_type",
                            "Alias": "rt",
                            "Startup Cost": 0.0,
                            "Total Cost": 1.15,
                            "Plan Rows": 1,
                            "Plan Width": 4,
                            "Actual Startup Time": 0.018,
                            "Actual Total Time": 0.019,
                            "Actual Rows": 1,
                            "Actual Loops": 2,
                            "Filter": "((role)::text = 'actor'::text)",
                            "Rows Removed by Filter": 11
                          }
                        ]
                      }
                    ]
                  },
                  {
                    "Node Type": "Index Scan",
                    "Parent Relationship": "Inner",
                    "Parallel Aware": false,
                    "Scan Direction": "Forward",
                    "Index Name": "char_name_pkey",
                    "Relation Name": "char_name",
                    "Alias": "chn",
                    "Startup Cost": 0.43,
                    "Total Cost": 5.45,
                    "Plan Rows": 1,
                    "Plan Width": 20,
                    "Actual Startup Time": 0.005,
                    "Actual Total Time": 0.005,
                    "Actual Rows": 1,
                    "Actual Loops": 112,
                    "Index Cond": "(id = ci.person_role_id)",
                    "Rows Removed by Index Recheck": 0
                  }
                ]
              }
            ]
          }
        ]
      }
    ]
  },
  "Planning Time": 2.432,
  "Triggers": [],
  "Execution Time": 289.746
}