[
    {
        "Bao": {
            "Bao prediction": "NaN",
            "Bao recommended hint": "(no hint)"
        }
    },
    {
        "Plan": {
            "Node Type": "Aggregate",
            "Strategy": "Plain",
            "Partial Mode": "Finalize",
            "Parallel Aware": false,
            "Startup Cost": 185627.75,
            "Total Cost": 185627.76,
            "Plan Rows": 1,
            "Plan Width": 8,
            "Actual Startup Time": 1145.154,
            "Actual Total Time": 1174.125,
            "Actual Rows": 1,
            "Actual Loops": 1,
            "Output": [
                "count(*)"
            ],
            "Plans": [
                {
                    "Node Type": "Gather",
                    "Parent Relationship": "Outer",
                    "Parallel Aware": false,
                    "Startup Cost": 185627.44,
                    "Total Cost": 185627.75,
                    "Plan Rows": 3,
                    "Plan Width": 8,
                    "Actual Startup Time": 1141.31,
                    "Actual Total Time": 1174.111,
                    "Actual Rows": 4,
                    "Actual Loops": 1,
                    "Output": [
                        "(PARTIAL count(*))"
                    ],
                    "Workers Planned": 3,
                    "Workers Launched": 3,
                    "Single Copy": false,
                    "Plans": [
                        {
                            "Node Type": "Aggregate",
                            "Strategy": "Plain",
                            "Partial Mode": "Partial",
                            "Parent Relationship": "Outer",
                            "Parallel Aware": false,
                            "Startup Cost": 184627.44,
                            "Total Cost": 184627.45,
                            "Plan Rows": 1,
                            "Plan Width": 8,
                            "Actual Startup Time": 1133.154,
                            "Actual Total Time": 1133.158,
                            "Actual Rows": 1,
                            "Actual Loops": 4,
                            "Output": [
                                "PARTIAL count(*)"
                            ],
                            "Workers": [
                                {
                                    "Worker Number": 0,
                                    "Actual Startup Time": 1132.79,
                                    "Actual Total Time": 1132.793,
                                    "Actual Rows": 1,
                                    "Actual Loops": 1
                                },
                                {
                                    "Worker Number": 1,
                                    "Actual Startup Time": 1129.481,
                                    "Actual Total Time": 1129.485,
                                    "Actual Rows": 1,
                                    "Actual Loops": 1
                                },
                                {
                                    "Worker Number": 2,
                                    "Actual Startup Time": 1129.471,
                                    "Actual Total Time": 1129.474,
                                    "Actual Rows": 1,
                                    "Actual Loops": 1
                                }
                            ],
                            "Plans": [
                                {
                                    "Node Type": "Nested Loop",
                                    "Parent Relationship": "Outer",
                                    "Parallel Aware": false,
                                    "Join Type": "Inner",
                                    "Startup Cost": 44264.73,
                                    "Total Cost": 184545.6,
                                    "Plan Rows": 32734,
                                    "Plan Width": 0,
                                    "Actual Startup Time": 115.204,
                                    "Actual Total Time": 1127.335,
                                    "Actual Rows": 54920,
                                    "Actual Loops": 4,
                                    "Inner Unique": false,
                                    "Join Filter": "(t.id = mi.movie_id)",
                                    "Rows Removed by Join Filter": 0,
                                    "Workers": [
                                        {
                                            "Worker Number": 0,
                                            "Actual Startup Time": 112.529,
                                            "Actual Total Time": 1127.166,
                                            "Actual Rows": 53418,
                                            "Actual Loops": 1
                                        },
                                        {
                                            "Worker Number": 1,
                                            "Actual Startup Time": 112.423,
                                            "Actual Total Time": 1123.614,
                                            "Actual Rows": 55453,
                                            "Actual Loops": 1
                                        },
                                        {
                                            "Worker Number": 2,
                                            "Actual Startup Time": 112.29,
                                            "Actual Total Time": 1123.907,
                                            "Actual Rows": 51575,
                                            "Actual Loops": 1
                                        }
                                    ],
                                    "Plans": [
                                        {
                                            "Node Type": "Hash Join",
                                            "Parent Relationship": "Outer",
                                            "Parallel Aware": true,
                                            "Join Type": "Inner",
                                            "Startup Cost": 44264.29,
                                            "Total Cost": 87142.37,
                                            "Plan Rows": 67470,
                                            "Plan Width": 8,
                                            "Actual Startup Time": 114.96,
                                            "Actual Total Time": 375.433,
                                            "Actual Rows": 45820,
                                            "Actual Loops": 4,
                                            "Output": [
                                                "t.id",
                                                "mk.movie_id"
                                            ],
                                            "Inner Unique": true,
                                            "Hash Cond": "(mk.movie_id = t.id)",
                                            "Workers": [
                                                {
                                                    "Worker Number": 0,
                                                    "Actual Startup Time": 111.974,
                                                    "Actual Total Time": 356.161,
                                                    "Actual Rows": 44541,
                                                    "Actual Loops": 1
                                                },
                                                {
                                                    "Worker Number": 1,
                                                    "Actual Startup Time": 112.225,
                                                    "Actual Total Time": 383.88,
                                                    "Actual Rows": 46185,
                                                    "Actual Loops": 1
                                                },
                                                {
                                                    "Worker Number": 2,
                                                    "Actual Startup Time": 112.11,
                                                    "Actual Total Time": 374.038,
                                                    "Actual Rows": 43718,
                                                    "Actual Loops": 1
                                                }
                                            ],
                                            "Plans": [
                                                {
                                                    "Node Type": "Seq Scan",
                                                    "Parent Relationship": "Outer",
                                                    "Parallel Aware": true,
                                                    "Relation Name": "movie_keyword",
                                                    "Schema": "public",
                                                    "Alias": "mk",
                                                    "Startup Cost": 0.0,
                                                    "Total Cost": 39047.32,
                                                    "Plan Rows": 1459332,
                                                    "Plan Width": 4,
                                                    "Actual Startup Time": 0.015,
                                                    "Actual Total Time": 114.978,
                                                    "Actual Rows": 1130982,
                                                    "Actual Loops": 4,
                                                    "Output": [
                                                        "mk.id",
                                                        "mk.movie_id",
                                                        "mk.keyword_id"
                                                    ],
                                                    "Workers": [
                                                        {
                                                            "Worker Number": 0,
                                                            "Actual Startup Time": 0.017,
                                                            "Actual Total Time": 108.751,
                                                            "Actual Rows": 1038590,
                                                            "Actual Loops": 1
                                                        },
                                                        {
                                                            "Worker Number": 1,
                                                            "Actual Startup Time": 0.02,
                                                            "Actual Total Time": 121.211,
                                                            "Actual Rows": 1165500,
                                                            "Actual Loops": 1
                                                        },
                                                        {
                                                            "Worker Number": 2,
                                                            "Actual Startup Time": 0.016,
                                                            "Actual Total Time": 117.062,
                                                            "Actual Rows": 1108335,
                                                            "Actual Loops": 1
                                                        }
                                                    ]
                                                },
                                                {
                                                    "Node Type": "Hash",
                                                    "Parent Relationship": "Inner",
                                                    "Parallel Aware": true,
                                                    "Startup Cost": 43899.01,
                                                    "Total Cost": 43899.01,
                                                    "Plan Rows": 29223,
                                                    "Plan Width": 4,
                                                    "Actual Startup Time": 114.034,
                                                    "Actual Total Time": 114.035,
                                                    "Actual Rows": 29891,
                                                    "Actual Loops": 4,
                                                    "Output": [
                                                        "t.id"
                                                    ],
                                                    "Hash Buckets": 131072,
                                                    "Original Hash Buckets": 131072,
                                                    "Hash Batches": 1,
                                                    "Original Hash Batches": 1,
                                                    "Peak Memory Usage": 5760,
                                                    "Workers": [
                                                        {
                                                            "Worker Number": 0,
                                                            "Actual Startup Time": 111.465,
                                                            "Actual Total Time": 111.466,
                                                            "Actual Rows": 25194,
                                                            "Actual Loops": 1
                                                        },
                                                        {
                                                            "Worker Number": 1,
                                                            "Actual Startup Time": 111.478,
                                                            "Actual Total Time": 111.479,
                                                            "Actual Rows": 24953,
                                                            "Actual Loops": 1
                                                        },
                                                        {
                                                            "Worker Number": 2,
                                                            "Actual Startup Time": 111.381,
                                                            "Actual Total Time": 111.382,
                                                            "Actual Rows": 24711,
                                                            "Actual Loops": 1
                                                        }
                                                    ],
                                                    "Plans": [
                                                        {
                                                            "Node Type": "Seq Scan",
                                                            "Parent Relationship": "Outer",
                                                            "Parallel Aware": true,
                                                            "Relation Name": "title",
                                                            "Schema": "public",
                                                            "Alias": "t",
                                                            "Startup Cost": 0.0,
                                                            "Total Cost": 43899.01,
                                                            "Plan Rows": 29223,
                                                            "Plan Width": 4,
                                                            "Actual Startup Time": 0.052,
                                                            "Actual Total Time": 102.064,
                                                            "Actual Rows": 29891,
                                                            "Actual Loops": 4,
                                                            "Output": [
                                                                "t.id"
                                                            ],
                                                            "Filter": "(t.production_year = 2007)",
                                                            "Rows Removed by Filter": 602187,
                                                            "Workers": [
                                                                {
                                                                    "Worker Number": 0,
                                                                    "Actual Startup Time": 0.055,
                                                                    "Actual Total Time": 99.697,
                                                                    "Actual Rows": 25194,
                                                                    "Actual Loops": 1
                                                                },
                                                                {
                                                                    "Worker Number": 1,
                                                                    "Actual Startup Time": 0.066,
                                                                    "Actual Total Time": 99.362,
                                                                    "Actual Rows": 24953,
                                                                    "Actual Loops": 1
                                                                },
                                                                {
                                                                    "Worker Number": 2,
                                                                    "Actual Startup Time": 0.061,
                                                                    "Actual Total Time": 100.25,
                                                                    "Actual Rows": 24711,
                                                                    "Actual Loops": 1
                                                                }
                                                            ]
                                                        }
                                                    ]
                                                }
                                            ]
                                        },
                                        {
                                            "Node Type": "Index Scan",
                                            "Parent Relationship": "Inner",
                                            "Parallel Aware": false,
                                            "Scan Direction": "Forward",
                                            "Index Name": "movie_id_movie_info",
                                            "Relation Name": "movie_info",
                                            "Schema": "public",
                                            "Alias": "mi",
                                            "Startup Cost": 0.43,
                                            "Total Cost": 1.41,
                                            "Plan Rows": 3,
                                            "Plan Width": 4,
                                            "Actual Startup Time": 0.004,
                                            "Actual Total Time": 0.016,
                                            "Actual Rows": 1,
                                            "Actual Loops": 183280,
                                            "Output": [
                                                "mi.id",
                                                "mi.movie_id",
                                                "mi.info_type_id",
                                                "mi.info",
                                                "mi.note"
                                            ],
                                            "Index Cond": "(mi.movie_id = mk.movie_id)",
                                            "Rows Removed by Index Recheck": 0,
                                            "Filter": "(mi.info_type_id = 4)",
                                            "Rows Removed by Filter": 56,
                                            "Workers": [
                                                {
                                                    "Worker Number": 0,
                                                    "Actual Startup Time": 0.005,
                                                    "Actual Total Time": 0.017,
                                                    "Actual Rows": 1,
                                                    "Actual Loops": 44541
                                                },
                                                {
                                                    "Worker Number": 1,
                                                    "Actual Startup Time": 0.004,
                                                    "Actual Total Time": 0.016,
                                                    "Actual Rows": 1,
                                                    "Actual Loops": 46185
                                                },
                                                {
                                                    "Worker Number": 2,
                                                    "Actual Startup Time": 0.005,
                                                    "Actual Total Time": 0.017,
                                                    "Actual Rows": 1,
                                                    "Actual Loops": 43718
                                                }
                                            ]
                                        }
                                    ]
                                }
                            ]
                        }
                    ]
                }
            ]
        },
        "Planning Time": 289.735,
        "Triggers": [],
        "Execution Time": 1174.317
    }
]