[
    {
        "Bao": {
            "Bao prediction": "NaN",
            "Bao recommended hint": "(no hint)"
        }
    },
    {
        "Plan": {
            "Node Type": "Aggregate",
            "Strategy": "Plain",
            "Partial Mode": "Finalize",
            "Parallel Aware": false,
            "Startup Cost": 315816.16,
            "Total Cost": 315816.17,
            "Plan Rows": 1,
            "Plan Width": 8,
            "Actual Startup Time": 1496.705,
            "Actual Total Time": 1547.755,
            "Actual Rows": 1,
            "Actual Loops": 1,
            "Output": [
                "count(*)"
            ],
            "Plans": [
                {
                    "Node Type": "Gather",
                    "Parent Relationship": "Outer",
                    "Parallel Aware": false,
                    "Startup Cost": 315815.64,
                    "Total Cost": 315816.15,
                    "Plan Rows": 5,
                    "Plan Width": 8,
                    "Actual Startup Time": 1493.252,
                    "Actual Total Time": 1547.745,
                    "Actual Rows": 6,
                    "Actual Loops": 1,
                    "Output": [
                        "(PARTIAL count(*))"
                    ],
                    "Workers Planned": 5,
                    "Workers Launched": 5,
                    "Single Copy": false,
                    "Plans": [
                        {
                            "Node Type": "Aggregate",
                            "Strategy": "Plain",
                            "Partial Mode": "Partial",
                            "Parent Relationship": "Outer",
                            "Parallel Aware": false,
                            "Startup Cost": 314815.64,
                            "Total Cost": 314815.65,
                            "Plan Rows": 1,
                            "Plan Width": 8,
                            "Actual Startup Time": 1483.14,
                            "Actual Total Time": 1483.144,
                            "Actual Rows": 1,
                            "Actual Loops": 6,
                            "Output": [
                                "PARTIAL count(*)"
                            ],
                            "Workers": [
                                {
                                    "Worker Number": 0,
                                    "Actual Startup Time": 1479.829,
                                    "Actual Total Time": 1479.834,
                                    "Actual Rows": 1,
                                    "Actual Loops": 1
                                },
                                {
                                    "Worker Number": 1,
                                    "Actual Startup Time": 1481.183,
                                    "Actual Total Time": 1481.186,
                                    "Actual Rows": 1,
                                    "Actual Loops": 1
                                },
                                {
                                    "Worker Number": 2,
                                    "Actual Startup Time": 1481.982,
                                    "Actual Total Time": 1481.985,
                                    "Actual Rows": 1,
                                    "Actual Loops": 1
                                },
                                {
                                    "Worker Number": 3,
                                    "Actual Startup Time": 1481.437,
                                    "Actual Total Time": 1481.439,
                                    "Actual Rows": 1,
                                    "Actual Loops": 1
                                },
                                {
                                    "Worker Number": 4,
                                    "Actual Startup Time": 1481.606,
                                    "Actual Total Time": 1481.61,
                                    "Actual Rows": 1,
                                    "Actual Loops": 1
                                }
                            ],
                            "Plans": [
                                {
                                    "Node Type": "Nested Loop",
                                    "Parent Relationship": "Outer",
                                    "Parallel Aware": false,
                                    "Join Type": "Inner",
                                    "Startup Cost": 59332.35,
                                    "Total Cost": 313987.54,
                                    "Plan Rows": 331241,
                                    "Plan Width": 0,
                                    "Actual Startup Time": 154.821,
                                    "Actual Total Time": 1413.221,
                                    "Actual Rows": 1358719,
                                    "Actual Loops": 6,
                                    "Inner Unique": false,
                                    "Join Filter": "(t.id = ci.movie_id)",
                                    "Rows Removed by Join Filter": 0,
                                    "Workers": [
                                        {
                                            "Worker Number": 0,
                                            "Actual Startup Time": 152.668,
                                            "Actual Total Time": 1406.979,
                                            "Actual Rows": 993929,
                                            "Actual Loops": 1
                                        },
                                        {
                                            "Worker Number": 1,
                                            "Actual Startup Time": 152.187,
                                            "Actual Total Time": 1413.742,
                                            "Actual Rows": 1510621,
                                            "Actual Loops": 1
                                        },
                                        {
                                            "Worker Number": 2,
                                            "Actual Startup Time": 152.653,
                                            "Actual Total Time": 1412.885,
                                            "Actual Rows": 1528705,
                                            "Actual Loops": 1
                                        },
                                        {
                                            "Worker Number": 3,
                                            "Actual Startup Time": 153.128,
                                            "Actual Total Time": 1418.318,
                                            "Actual Rows": 1416060,
                                            "Actual Loops": 1
                                        },
                                        {
                                            "Worker Number": 4,
                                            "Actual Startup Time": 153.571,
                                            "Actual Total Time": 1405.471,
                                            "Actual Rows": 1034581,
                                            "Actual Loops": 1
                                        }
                                    ],
                                    "Plans": [
                                        {
                                            "Node Type": "Hash Join",
                                            "Parent Relationship": "Outer",
                                            "Parallel Aware": true,
                                            "Join Type": "Inner",
                                            "Startup Cost": 59331.79,
                                            "Total Cost": 223415.15,
                                            "Plan Rows": 23101,
                                            "Plan Width": 8,
                                            "Actual Startup Time": 154.667,
                                            "Actual Total Time": 215.194,
                                            "Actual Rows": 34065,
                                            "Actual Loops": 6,
                                            "Output": [
                                                "t.id",
                                                "mi.movie_id"
                                            ],
                                            "Inner Unique": true,
                                            "Hash Cond": "(mi.movie_id = t.id)",
                                            "Workers": [
                                                {
                                                    "Worker Number": 0,
                                                    "Actual Startup Time": 152.481,
                                                    "Actual Total Time": 208.498,
                                                    "Actual Rows": 25009,
                                                    "Actual Loops": 1
                                                },
                                                {
                                                    "Worker Number": 1,
                                                    "Actual Startup Time": 152.09,
                                                    "Actual Total Time": 212.238,
                                                    "Actual Rows": 37813,
                                                    "Actual Loops": 1
                                                },
                                                {
                                                    "Worker Number": 2,
                                                    "Actual Startup Time": 152.463,
                                                    "Actual Total Time": 210.84,
                                                    "Actual Rows": 36363,
                                                    "Actual Loops": 1
                                                },
                                                {
                                                    "Worker Number": 3,
                                                    "Actual Startup Time": 152.961,
                                                    "Actual Total Time": 209.845,
                                                    "Actual Rows": 34801,
                                                    "Actual Loops": 1
                                                },
                                                {
                                                    "Worker Number": 4,
                                                    "Actual Startup Time": 153.37,
                                                    "Actual Total Time": 210.891,
                                                    "Actual Rows": 26516,
                                                    "Actual Loops": 1
                                                }
                                            ],
                                            "Plans": [
                                                {
                                                    "Node Type": "Bitmap Heap Scan",
                                                    "Parent Relationship": "Outer",
                                                    "Parallel Aware": true,
                                                    "Relation Name": "movie_info",
                                                    "Schema": "public",
                                                    "Alias": "mi",
                                                    "Startup Cost": 12531.92,
                                                    "Total Cost": 176252.49,
                                                    "Plan Rows": 138206,
                                                    "Plan Width": 4,
                                                    "Actual Startup Time": 40.966,
                                                    "Actual Total Time": 57.226,
                                                    "Actual Rows": 110154,
                                                    "Actual Loops": 6,
                                                    "Output": [
                                                        "mi.id",
                                                        "mi.movie_id",
                                                        "mi.info_type_id",
                                                        "mi.info",
                                                        "mi.note"
                                                    ],
                                                    "Recheck Cond": "(mi.info_type_id = 18)",
                                                    "Rows Removed by Index Recheck": 0,
                                                    "Exact Heap Blocks": 1754,
                                                    "Lossy Heap Blocks": 0,
                                                    "Workers": [
                                                        {
                                                            "Worker Number": 0,
                                                            "Actual Startup Time": 40.953,
                                                            "Actual Total Time": 57.597,
                                                            "Actual Rows": 78882,
                                                            "Actual Loops": 1
                                                        },
                                                        {
                                                            "Worker Number": 1,
                                                            "Actual Startup Time": 40.708,
                                                            "Actual Total Time": 56.499,
                                                            "Actual Rows": 120085,
                                                            "Actual Loops": 1
                                                        },
                                                        {
                                                            "Worker Number": 2,
                                                            "Actual Startup Time": 40.933,
                                                            "Actual Total Time": 55.92,
                                                            "Actual Rows": 111069,
                                                            "Actual Loops": 1
                                                        },
                                                        {
                                                            "Worker Number": 3,
                                                            "Actual Startup Time": 41.111,
                                                            "Actual Total Time": 56.633,
                                                            "Actual Rows": 107499,
                                                            "Actual Loops": 1
                                                        },
                                                        {
                                                            "Worker Number": 4,
                                                            "Actual Startup Time": 41.091,
                                                            "Actual Total Time": 57.488,
                                                            "Actual Rows": 83042,
                                                            "Actual Loops": 1
                                                        }
                                                    ],
                                                    "Plans": [
                                                        {
                                                            "Node Type": "Bitmap Index Scan",
                                                            "Parent Relationship": "Outer",
                                                            "Parallel Aware": false,
                                                            "Index Name": "info_type_id_movie_info",
                                                            "Startup Cost": 0.0,
                                                            "Total Cost": 12359.16,
                                                            "Plan Rows": 691030,
                                                            "Plan Width": 0,
                                                            "Actual Startup Time": 39.772,
                                                            "Actual Total Time": 39.772,
                                                            "Actual Rows": 660923,
                                                            "Actual Loops": 1,
                                                            "Index Cond": "(mi.info_type_id = 18)",
                                                            "Workers": [
                                                                {
                                                                    "Worker Number": 1,
                                                                    "Actual Startup Time": 39.772,
                                                                    "Actual Total Time": 39.772,
                                                                    "Actual Rows": 660923,
                                                                    "Actual Loops": 1
                                                                }
                                                            ]
                                                        }
                                                    ]
                                                },
                                                {
                                                    "Node Type": "Hash",
                                                    "Parent Relationship": "Inner",
                                                    "Parallel Aware": true,
                                                    "Startup Cost": 45479.21,
                                                    "Total Cost": 45479.21,
                                                    "Plan Rows": 105653,
                                                    "Plan Width": 4,
                                                    "Actual Startup Time": 111.924,
                                                    "Actual Total Time": 111.925,
                                                    "Actual Rows": 86328,
                                                    "Actual Loops": 6,
                                                    "Output": [
                                                        "t.id"
                                                    ],
                                                    "Hash Buckets": 524288,
                                                    "Original Hash Buckets": 524288,
                                                    "Hash Batches": 1,
                                                    "Original Hash Batches": 1,
                                                    "Peak Memory Usage": 24480,
                                                    "Workers": [
                                                        {
                                                            "Worker Number": 0,
                                                            "Actual Startup Time": 110.207,
                                                            "Actual Total Time": 110.208,
                                                            "Actual Rows": 65656,
                                                            "Actual Loops": 1
                                                        },
                                                        {
                                                            "Worker Number": 1,
                                                            "Actual Startup Time": 110.875,
                                                            "Actual Total Time": 110.876,
                                                            "Actual Rows": 88922,
                                                            "Actual Loops": 1
                                                        },
                                                        {
                                                            "Worker Number": 2,
                                                            "Actual Startup Time": 110.993,
                                                            "Actual Total Time": 110.993,
                                                            "Actual Rows": 90182,
                                                            "Actual Loops": 1
                                                        },
                                                        {
                                                            "Worker Number": 3,
                                                            "Actual Startup Time": 111.185,
                                                            "Actual Total Time": 111.186,
                                                            "Actual Rows": 92570,
                                                            "Actual Loops": 1
                                                        },
                                                        {
                                                            "Worker Number": 4,
                                                            "Actual Startup Time": 111.646,
                                                            "Actual Total Time": 111.647,
                                                            "Actual Rows": 62181,
                                                            "Actual Loops": 1
                                                        }
                                                    ],
                                                    "Plans": [
                                                        {
                                                            "Node Type": "Seq Scan",
                                                            "Parent Relationship": "Outer",
                                                            "Parallel Aware": true,
                                                            "Relation Name": "title",
                                                            "Schema": "public",
                                                            "Alias": "t",
                                                            "Startup Cost": 0.0,
                                                            "Total Cost": 45479.21,
                                                            "Plan Rows": 105653,
                                                            "Plan Width": 4,
                                                            "Actual Startup Time": 0.062,
                                                            "Actual Total Time": 77.797,
                                                            "Actual Rows": 86328,
                                                            "Actual Loops": 6,
                                                            "Output": [
                                                                "t.id"
                                                            ],
                                                            "Filter": "((t.kind_id < 7) AND (t.production_year < 2001))",
                                                            "Rows Removed by Filter": 335057,
                                                            "Workers": [
                                                                {
                                                                    "Worker Number": 0,
                                                                    "Actual Startup Time": 0.117,
                                                                    "Actual Total Time": 78.622,
                                                                    "Actual Rows": 65656,
                                                                    "Actual Loops": 1
                                                                },
                                                                {
                                                                    "Worker Number": 1,
                                                                    "Actual Startup Time": 0.064,
                                                                    "Actual Total Time": 76.904,
                                                                    "Actual Rows": 88922,
                                                                    "Actual Loops": 1
                                                                },
                                                                {
                                                                    "Worker Number": 2,
                                                                    "Actual Startup Time": 0.06,
                                                                    "Actual Total Time": 76.495,
                                                                    "Actual Rows": 90182,
                                                                    "Actual Loops": 1
                                                                },
                                                                {
                                                                    "Worker Number": 3,
                                                                    "Actual Startup Time": 0.043,
                                                                    "Actual Total Time": 77.319,
                                                                    "Actual Rows": 92570,
                                                                    "Actual Loops": 1
                                                                },
                                                                {
                                                                    "Worker Number": 4,
                                                                    "Actual Startup Time": 0.064,
                                                                    "Actual Total Time": 79.089,
                                                                    "Actual Rows": 62181,
                                                                    "Actual Loops": 1
                                                                }
                                                            ]
                                                        }
                                                    ]
                                                }
                                            ]
                                        },
                                        {
                                            "Node Type": "Index Only Scan",
                                            "Parent Relationship": "Inner",
                                            "Parallel Aware": false,
                                            "Scan Direction": "Forward",
                                            "Index Name": "movie_id_cast_info",
                                            "Relation Name": "cast_info",
                                            "Schema": "public",
                                            "Alias": "ci",
                                            "Startup Cost": 0.56,
                                            "Total Cost": 3.45,
                                            "Plan Rows": 38,
                                            "Plan Width": 4,
                                            "Actual Startup Time": 0.006,
                                            "Actual Total Time": 0.031,
                                            "Actual Rows": 40,
                                            "Actual Loops": 204390,
                                            "Output": [
                                                "ci.movie_id"
                                            ],
                                            "Index Cond": "(ci.movie_id = mi.movie_id)",
                                            "Rows Removed by Index Recheck": 0,
                                            "Heap Fetches": 8152314,
                                            "Workers": [
                                                {
                                                    "Worker Number": 0,
                                                    "Actual Startup Time": 0.008,
                                                    "Actual Total Time": 0.042,
                                                    "Actual Rows": 40,
                                                    "Actual Loops": 25009
                                                },
                                                {
                                                    "Worker Number": 1,
                                                    "Actual Startup Time": 0.005,
                                                    "Actual Total Time": 0.028,
                                                    "Actual Rows": 40,
                                                    "Actual Loops": 37813
                                                },
                                                {
                                                    "Worker Number": 2,
                                                    "Actual Startup Time": 0.006,
                                                    "Actual Total Time": 0.029,
                                                    "Actual Rows": 42,
                                                    "Actual Loops": 36363
                                                },
                                                {
                                                    "Worker Number": 3,
                                                    "Actual Startup Time": 0.006,
                                                    "Actual Total Time": 0.031,
                                                    "Actual Rows": 41,
                                                    "Actual Loops": 34801
                                                },
                                                {
                                                    "Worker Number": 4,
                                                    "Actual Startup Time": 0.008,
                                                    "Actual Total Time": 0.039,
                                                    "Actual Rows": 39,
                                                    "Actual Loops": 26516
                                                }
                                            ]
                                        }
                                    ]
                                }
                            ]
                        }
                    ]
                }
            ]
        },
        "Planning Time": 177.054,
        "Triggers": [],
        "Execution Time": 1547.88
    }
]