[
    {
        "Bao": {
            "Bao prediction": "NaN",
            "Bao recommended hint": "(no hint)"
        }
    },
    {
        "Plan": {
            "Node Type": "Aggregate",
            "Strategy": "Plain",
            "Partial Mode": "Finalize",
            "Parallel Aware": false,
            "Startup Cost": 97995.65,
            "Total Cost": 97995.66,
            "Plan Rows": 1,
            "Plan Width": 8,
            "Actual Startup Time": 576.205,
            "Actual Total Time": 589.931,
            "Actual Rows": 1,
            "Actual Loops": 1,
            "Output": [
                "count(*)"
            ],
            "Plans": [
                {
                    "Node Type": "Gather",
                    "Parent Relationship": "Outer",
                    "Parallel Aware": false,
                    "Startup Cost": 97995.33,
                    "Total Cost": 97995.64,
                    "Plan Rows": 3,
                    "Plan Width": 8,
                    "Actual Startup Time": 566.42,
                    "Actual Total Time": 589.922,
                    "Actual Rows": 4,
                    "Actual Loops": 1,
                    "Output": [
                        "(PARTIAL count(*))"
                    ],
                    "Workers Planned": 3,
                    "Workers Launched": 3,
                    "Single Copy": false,
                    "Plans": [
                        {
                            "Node Type": "Aggregate",
                            "Strategy": "Plain",
                            "Partial Mode": "Partial",
                            "Parent Relationship": "Outer",
                            "Parallel Aware": false,
                            "Startup Cost": 96995.33,
                            "Total Cost": 96995.34,
                            "Plan Rows": 1,
                            "Plan Width": 8,
                            "Actual Startup Time": 555.007,
                            "Actual Total Time": 555.01,
                            "Actual Rows": 1,
                            "Actual Loops": 4,
                            "Output": [
                                "PARTIAL count(*)"
                            ],
                            "Workers": [
                                {
                                    "Worker Number": 0,
                                    "Actual Startup Time": 550.836,
                                    "Actual Total Time": 550.838,
                                    "Actual Rows": 1,
                                    "Actual Loops": 1
                                },
                                {
                                    "Worker Number": 1,
                                    "Actual Startup Time": 552.182,
                                    "Actual Total Time": 552.185,
                                    "Actual Rows": 1,
                                    "Actual Loops": 1
                                },
                                {
                                    "Worker Number": 2,
                                    "Actual Startup Time": 550.872,
                                    "Actual Total Time": 550.875,
                                    "Actual Rows": 1,
                                    "Actual Loops": 1
                                }
                            ],
                            "Plans": [
                                {
                                    "Node Type": "Hash Join",
                                    "Parent Relationship": "Outer",
                                    "Parallel Aware": true,
                                    "Join Type": "Inner",
                                    "Startup Cost": 50219.81,
                                    "Total Cost": 95005.15,
                                    "Plan Rows": 796073,
                                    "Plan Width": 0,
                                    "Actual Startup Time": 315.811,
                                    "Actual Total Time": 529.366,
                                    "Actual Rows": 620353,
                                    "Actual Loops": 4,
                                    "Inner Unique": true,
                                    "Hash Cond": "(mk.movie_id = t.id)",
                                    "Workers": [
                                        {
                                            "Worker Number": 0,
                                            "Actual Startup Time": 312.051,
                                            "Actual Total Time": 525.708,
                                            "Actual Rows": 613805,
                                            "Actual Loops": 1
                                        },
                                        {
                                            "Worker Number": 1,
                                            "Actual Startup Time": 311.97,
                                            "Actual Total Time": 526.456,
                                            "Actual Rows": 603144,
                                            "Actual Loops": 1
                                        },
                                        {
                                            "Worker Number": 2,
                                            "Actual Startup Time": 311.989,
                                            "Actual Total Time": 525.127,
                                            "Actual Rows": 607879,
                                            "Actual Loops": 1
                                        }
                                    ],
                                    "Plans": [
                                        {
                                            "Node Type": "Seq Scan",
                                            "Parent Relationship": "Outer",
                                            "Parallel Aware": true,
                                            "Relation Name": "movie_keyword",
                                            "Schema": "public",
                                            "Alias": "mk",
                                            "Startup Cost": 0.0,
                                            "Total Cost": 42695.65,
                                            "Plan Rows": 796073,
                                            "Plan Width": 4,
                                            "Actual Startup Time": 0.015,
                                            "Actual Total Time": 100.183,
                                            "Actual Rows": 620353,
                                            "Actual Loops": 4,
                                            "Output": [
                                                "mk.id",
                                                "mk.movie_id",
                                                "mk.keyword_id"
                                            ],
                                            "Filter": "(mk.keyword_id < 6019)",
                                            "Rows Removed by Filter": 510629,
                                            "Workers": [
                                                {
                                                    "Worker Number": 0,
                                                    "Actual Startup Time": 0.02,
                                                    "Actual Total Time": 101.914,
                                                    "Actual Rows": 613805,
                                                    "Actual Loops": 1
                                                },
                                                {
                                                    "Worker Number": 1,
                                                    "Actual Startup Time": 0.015,
                                                    "Actual Total Time": 101.639,
                                                    "Actual Rows": 603144,
                                                    "Actual Loops": 1
                                                },
                                                {
                                                    "Worker Number": 2,
                                                    "Actual Startup Time": 0.015,
                                                    "Actual Total Time": 101.672,
                                                    "Actual Rows": 607879,
                                                    "Actual Loops": 1
                                                }
                                            ]
                                        },
                                        {
                                            "Node Type": "Hash",
                                            "Parent Relationship": "Inner",
                                            "Parallel Aware": true,
                                            "Startup Cost": 42318.81,
                                            "Total Cost": 42318.81,
                                            "Plan Rows": 632080,
                                            "Plan Width": 4,
                                            "Actual Startup Time": 307.516,
                                            "Actual Total Time": 307.517,
                                            "Actual Rows": 632078,
                                            "Actual Loops": 4,
                                            "Output": [
                                                "t.id"
                                            ],
                                            "Hash Buckets": 4194304,
                                            "Original Hash Buckets": 4194304,
                                            "Hash Batches": 1,
                                            "Original Hash Batches": 1,
                                            "Peak Memory Usage": 131744,
                                            "Workers": [
                                                {
                                                    "Worker Number": 0,
                                                    "Actual Startup Time": 311.158,
                                                    "Actual Total Time": 311.159,
                                                    "Actual Rows": 583114,
                                                    "Actual Loops": 1
                                                },
                                                {
                                                    "Worker Number": 1,
                                                    "Actual Startup Time": 311.036,
                                                    "Actual Total Time": 311.037,
                                                    "Actual Rows": 597982,
                                                    "Actual Loops": 1
                                                },
                                                {
                                                    "Worker Number": 2,
                                                    "Actual Startup Time": 311.043,
                                                    "Actual Total Time": 311.045,
                                                    "Actual Rows": 607823,
                                                    "Actual Loops": 1
                                                }
                                            ],
                                            "Plans": [
                                                {
                                                    "Node Type": "Seq Scan",
                                                    "Parent Relationship": "Outer",
                                                    "Parallel Aware": true,
                                                    "Relation Name": "title",
                                                    "Schema": "public",
                                                    "Alias": "t",
                                                    "Startup Cost": 0.0,
                                                    "Total Cost": 42318.81,
                                                    "Plan Rows": 632080,
                                                    "Plan Width": 4,
                                                    "Actual Startup Time": 0.034,
                                                    "Actual Total Time": 87.284,
                                                    "Actual Rows": 632078,
                                                    "Actual Loops": 4,
                                                    "Output": [
                                                        "t.id"
                                                    ],
                                                    "Workers": [
                                                        {
                                                            "Worker Number": 0,
                                                            "Actual Startup Time": 0.057,
                                                            "Actual Total Time": 89.242,
                                                            "Actual Rows": 583114,
                                                            "Actual Loops": 1
                                                        },
                                                        {
                                                            "Worker Number": 1,
                                                            "Actual Startup Time": 0.047,
                                                            "Actual Total Time": 91.034,
                                                            "Actual Rows": 597982,
                                                            "Actual Loops": 1
                                                        },
                                                        {
                                                            "Worker Number": 2,
                                                            "Actual Startup Time": 0.024,
                                                            "Actual Total Time": 91.859,
                                                            "Actual Rows": 607823,
                                                            "Actual Loops": 1
                                                        }
                                                    ]
                                                }
                                            ]
                                        }
                                    ]
                                }
                            ]
                        }
                    ]
                }
            ]
        },
        "Planning Time": 185.948,
        "Triggers": [],
        "Execution Time": 589.987
    }
]