[
  {
    "Plan": {
      "Node Type": "Aggregate",
      "Strategy": "Plain",
      "Partial Mode": "Finalize",
      "Parallel Aware": false,
      "Startup Cost": 350158.15,
      "Total Cost": 350158.16,
      "Plan Rows": 1,
      "Plan Width": 8,
      "Actual Startup Time": 727.754,
      "Actual Total Time": 791.562,
      "Actual Rows": 1,
      "Actual Loops": 1,
      "Plans": [
        {
          "Node Type": "Gather",
          "Parent Relationship": "Outer",
          "Parallel Aware": false,
          "Startup Cost": 350157.53,
          "Total Cost": 350158.14,
          "Plan Rows": 6,
          "Plan Width": 8,
          "Actual Startup Time": 727.615,
          "Actual Total Time": 791.552,
          "Actual Rows": 7,
          "Actual Loops": 1,
          "Workers Planned": 6,
          "Workers Launched": 6,
          "Single Copy": false,
          "Plans": [
            {
              "Node Type": "Aggregate",
              "Strategy": "Plain",
              "Partial Mode": "Partial",
              "Parent Relationship": "Outer",
              "Parallel Aware": false,
              "Startup Cost": 349157.53,
              "Total Cost": 349157.54,
              "Plan Rows": 1,
              "Plan Width": 8,
              "Actual Startup Time": 717.197,
              "Actual Total Time": 717.198,
              "Actual Rows": 1,
              "Actual Loops": 7,
              "Plans": [
                {
                  "Node Type": "Seq Scan",
                  "Parent Relationship": "Outer",
                  "Parallel Aware": true,
                  "Relation Name": "cast_info",
                  "Alias": "ci",
                  "Startup Cost": 0.0,
                  "Total Cost": 343257.03,
                  "Plan Rows": 2360199,
                  "Plan Width": 0,
                  "Actual Startup Time": 0.058,
                  "Actual Total Time": 625.732,
                  "Actual Rows": 2223783,
                  "Actual Loops": 7,
                  "Filter": "((person_id < 1610313) AND (role_id < 10))",
                  "Rows Removed by Filter": 2953980
                }
              ]
            }
          ]
        }
      ]
    },
    "Planning Time": 0.226,
    "Triggers": [],
    "Execution Time": 791.638
  }
]