{
    "Plan": {
        "Node Type": "Aggregate",
        "Strategy": "Plain",
        "Partial Mode": "Finalize",
        "Parallel Aware": false,
        "Startup Cost": 246029.08,
        "Total Cost": 246029.09,
        "Plan Rows": 1,
        "Plan Width": 8,
        "Actual Startup Time": 806.081,
        "Actual Total Time": 848.305,
        "Actual Rows": 1,
        "Actual Loops": 1,
        "Output": [
            "count(*)"
        ],
        "Plans": [
            {
                "Node Type": "Gather",
                "Parent Relationship": "Outer",
                "Parallel Aware": false,
                "Startup Cost": 246028.56,
                "Total Cost": 246029.07,
                "Plan Rows": 5,
                "Plan Width": 8,
                "Actual Startup Time": 805.045,
                "Actual Total Time": 848.294,
                "Actual Rows": 6,
                "Actual Loops": 1,
                "Output": [
                    "(PARTIAL count(*))"
                ],
                "Workers Planned": 5,
                "Workers Launched": 5,
                "Single Copy": false,
                "Plans": [
                    {
                        "Node Type": "Aggregate",
                        "Strategy": "Plain",
                        "Partial Mode": "Partial",
                        "Parent Relationship": "Outer",
                        "Parallel Aware": false,
                        "Startup Cost": 245028.56,
                        "Total Cost": 245028.57,
                        "Plan Rows": 1,
                        "Plan Width": 8,
                        "Actual Startup Time": 794.619,
                        "Actual Total Time": 794.658,
                        "Actual Rows": 1,
                        "Actual Loops": 6,
                        "Output": [
                            "PARTIAL count(*)"
                        ],
                        "Workers": [
                            {
                                "Worker Number": 0,
                                "Actual Startup Time": 794.014,
                                "Actual Total Time": 794.017,
                                "Actual Rows": 1,
                                "Actual Loops": 1
                            },
                            {
                                "Worker Number": 1,
                                "Actual Startup Time": 793.954,
                                "Actual Total Time": 793.957,
                                "Actual Rows": 1,
                                "Actual Loops": 1
                            },
                            {
                                "Worker Number": 2,
                                "Actual Startup Time": 793.473,
                                "Actual Total Time": 793.475,
                                "Actual Rows": 1,
                                "Actual Loops": 1
                            },
                            {
                                "Worker Number": 3,
                                "Actual Startup Time": 792.248,
                                "Actual Total Time": 792.251,
                                "Actual Rows": 1,
                                "Actual Loops": 1
                            },
                            {
                                "Worker Number": 4,
                                "Actual Startup Time": 792.118,
                                "Actual Total Time": 792.121,
                                "Actual Rows": 1,
                                "Actual Loops": 1
                            }
                        ],
                        "Plans": [
                            {
                                "Node Type": "Hash Join",
                                "Parent Relationship": "Outer",
                                "Parallel Aware": true,
                                "Join Type": "Inner",
                                "Startup Cost": 45634.21,
                                "Total Cost": 244883.83,
                                "Plan Rows": 57891,
                                "Plan Width": 0,
                                "Actual Startup Time": 100.281,
                                "Actual Total Time": 782.147,
                                "Actual Rows": 228637,
                                "Actual Loops": 6,
                                "Inner Unique": true,
                                "Hash Cond": "(mi.movie_id = t.id)",
                                "Workers": [
                                    {
                                        "Worker Number": 0,
                                        "Actual Startup Time": 100.138,
                                        "Actual Total Time": 781.36,
                                        "Actual Rows": 172778,
                                        "Actual Loops": 1
                                    },
                                    {
                                        "Worker Number": 1,
                                        "Actual Startup Time": 99.805,
                                        "Actual Total Time": 781.294,
                                        "Actual Rows": 173260,
                                        "Actual Loops": 1
                                    },
                                    {
                                        "Worker Number": 2,
                                        "Actual Startup Time": 99.591,
                                        "Actual Total Time": 781.598,
                                        "Actual Rows": 273368,
                                        "Actual Loops": 1
                                    },
                                    {
                                        "Worker Number": 3,
                                        "Actual Startup Time": 98.345,
                                        "Actual Total Time": 780.997,
                                        "Actual Rows": 255693,
                                        "Actual Loops": 1
                                    },
                                    {
                                        "Worker Number": 4,
                                        "Actual Startup Time": 98.264,
                                        "Actual Total Time": 779.593,
                                        "Actual Rows": 172286,
                                        "Actual Loops": 1
                                    }
                                ],
                                "Plans": [
                                    {
                                        "Node Type": "Seq Scan",
                                        "Parent Relationship": "Outer",
                                        "Parallel Aware": true,
                                        "Relation Name": "movie_info",
                                        "Schema": "public",
                                        "Alias": "mi",
                                        "Startup Cost": 0.0,
                                        "Total Cost": 191503.19,
                                        "Plan Rows": 2951019,
                                        "Plan Width": 4,
                                        "Actual Startup Time": 0.027,
                                        "Actual Total Time": 317.006,
                                        "Actual Rows": 2472620,
                                        "Actual Loops": 6,
                                        "Output": [
                                            "mi.id",
                                            "mi.movie_id",
                                            "mi.info_type_id",
                                            "mi.info",
                                            "mi.note"
                                        ],
                                        "Workers": [
                                            {
                                                "Worker Number": 0,
                                                "Actual Startup Time": 0.03,
                                                "Actual Total Time": 323.119,
                                                "Actual Rows": 1854382,
                                                "Actual Loops": 1
                                            },
                                            {
                                                "Worker Number": 1,
                                                "Actual Startup Time": 0.034,
                                                "Actual Total Time": 324.355,
                                                "Actual Rows": 1851140,
                                                "Actual Loops": 1
                                            },
                                            {
                                                "Worker Number": 2,
                                                "Actual Startup Time": 0.024,
                                                "Actual Total Time": 317.08,
                                                "Actual Rows": 2910751,
                                                "Actual Loops": 1
                                            },
                                            {
                                                "Worker Number": 3,
                                                "Actual Startup Time": 0.029,
                                                "Actual Total Time": 330.74,
                                                "Actual Rows": 2699778,
                                                "Actual Loops": 1
                                            },
                                            {
                                                "Worker Number": 4,
                                                "Actual Startup Time": 0.042,
                                                "Actual Total Time": 323.264,
                                                "Actual Rows": 1856665,
                                                "Actual Loops": 1
                                            }
                                        ]
                                    },
                                    {
                                        "Node Type": "Hash",
                                        "Parent Relationship": "Inner",
                                        "Parallel Aware": true,
                                        "Startup Cost": 45479.21,
                                        "Total Cost": 45479.21,
                                        "Plan Rows": 12400,
                                        "Plan Width": 4,
                                        "Actual Startup Time": 88.569,
                                        "Actual Total Time": 88.57,
                                        "Actual Rows": 20894,
                                        "Actual Loops": 6,
                                        "Output": [
                                            "t.id"
                                        ],
                                        "Hash Buckets": 131072,
                                        "Original Hash Buckets": 65536,
                                        "Hash Batches": 1,
                                        "Original Hash Batches": 1,
                                        "Peak Memory Usage": 6528,
                                        "Workers": [
                                            {
                                                "Worker Number": 0,
                                                "Actual Startup Time": 88.388,
                                                "Actual Total Time": 88.389,
                                                "Actual Rows": 17089,
                                                "Actual Loops": 1
                                            },
                                            {
                                                "Worker Number": 1,
                                                "Actual Startup Time": 88.078,
                                                "Actual Total Time": 88.079,
                                                "Actual Rows": 16342,
                                                "Actual Loops": 1
                                            },
                                            {
                                                "Worker Number": 2,
                                                "Actual Startup Time": 87.898,
                                                "Actual Total Time": 87.899,
                                                "Actual Rows": 23865,
                                                "Actual Loops": 1
                                            },
                                            {
                                                "Worker Number": 3,
                                                "Actual Startup Time": 86.617,
                                                "Actual Total Time": 86.618,
                                                "Actual Rows": 20616,
                                                "Actual Loops": 1
                                            },
                                            {
                                                "Worker Number": 4,
                                                "Actual Startup Time": 86.478,
                                                "Actual Total Time": 86.479,
                                                "Actual Rows": 15850,
                                                "Actual Loops": 1
                                            }
                                        ],
                                        "Plans": [
                                            {
                                                "Node Type": "Seq Scan",
                                                "Parent Relationship": "Outer",
                                                "Parallel Aware": true,
                                                "Relation Name": "title",
                                                "Schema": "public",
                                                "Alias": "t",
                                                "Startup Cost": 0.0,
                                                "Total Cost": 45479.21,
                                                "Plan Rows": 12400,
                                                "Plan Width": 4,
                                                "Actual Startup Time": 51.905,
                                                "Actual Total Time": 78.316,
                                                "Actual Rows": 20894,
                                                "Actual Loops": 6,
                                                "Output": [
                                                    "t.id"
                                                ],
                                                "Filter": "((t.kind_id < 7) AND (t.production_year < 1934))",
                                                "Rows Removed by Filter": 400492,
                                                "Workers": [
                                                    {
                                                        "Worker Number": 0,
                                                        "Actual Startup Time": 50.369,
                                                        "Actual Total Time": 79.648,
                                                        "Actual Rows": 17089,
                                                        "Actual Loops": 1
                                                    },
                                                    {
                                                        "Worker Number": 1,
                                                        "Actual Startup Time": 49.72,
                                                        "Actual Total Time": 78.267,
                                                        "Actual Rows": 16342,
                                                        "Actual Loops": 1
                                                    },
                                                    {
                                                        "Worker Number": 2,
                                                        "Actual Startup Time": 52.949,
                                                        "Actual Total Time": 77.538,
                                                        "Actual Rows": 23865,
                                                        "Actual Loops": 1
                                                    },
                                                    {
                                                        "Worker Number": 3,
                                                        "Actual Startup Time": 51.668,
                                                        "Actual Total Time": 75.817,
                                                        "Actual Rows": 20616,
                                                        "Actual Loops": 1
                                                    },
                                                    {
                                                        "Worker Number": 4,
                                                        "Actual Startup Time": 47.637,
                                                        "Actual Total Time": 75.747,
                                                        "Actual Rows": 15850,
                                                        "Actual Loops": 1
                                                    }
                                                ]
                                            }
                                        ]
                                    }
                                ]
                            }
                        ]
                    }
                ]
            }
        ]
    },
    "Planning Time": 0.691,
    "Triggers": [],
    "Execution Time": 848.389
}