[
  {
    "Plan": {
      "Node Type": "Aggregate",
      "Strategy": "Plain",
      "Partial Mode": "Finalize",
      "Parallel Aware": false,
      "Startup Cost": 80904.23,
      "Total Cost": 80904.24,
      "Plan Rows": 1,
      "Plan Width": 8,
      "Actual Startup Time": 263.718,
      "Actual Total Time": 280.852,
      "Actual Rows": 1,
      "Actual Loops": 1,
      "Plans": [
        {
          "Node Type": "Gather",
          "Parent Relationship": "Outer",
          "Parallel Aware": false,
          "Startup Cost": 80903.81,
          "Total Cost": 80904.22,
          "Plan Rows": 4,
          "Plan Width": 8,
          "Actual Startup Time": 262.072,
          "Actual Total Time": 280.842,
          "Actual Rows": 5,
          "Actual Loops": 1,
          "Workers Planned": 4,
          "Workers Launched": 4,
          "Single Copy": false,
          "Plans": [
            {
              "Node Type": "Aggregate",
              "Strategy": "Plain",
              "Partial Mode": "Partial",
              "Parent Relationship": "Outer",
              "Parallel Aware": false,
              "Startup Cost": 79903.81,
              "Total Cost": 79903.82,
              "Plan Rows": 1,
              "Plan Width": 8,
              "Actual Startup Time": 252.316,
              "Actual Total Time": 252.319,
              "Actual Rows": 1,
              "Actual Loops": 5,
              "Plans": [
                {
                  "Node Type": "Hash Join",
                  "Parent Relationship": "Outer",
                  "Parallel Aware": true,
                  "Join Type": "Inner",
                  "Startup Cost": 33636.14,
                  "Total Cost": 79559.5,
                  "Plan Rows": 137722,
                  "Plan Width": 0,
                  "Actual Startup Time": 182.795,
                  "Actual Total Time": 250.117,
                  "Actual Rows": 52457,
                  "Actual Loops": 5,
                  "Inner Unique": false,
                  "Hash Cond": "(t.id = mc.movie_id)",
                  "Plans": [
                    {
                      "Node Type": "Seq Scan",
                      "Parent Relationship": "Outer",
                      "Parallel Aware": true,
                      "Relation Name": "title",
                      "Alias": "t",
                      "Startup Cost": 0.0,
                      "Total Cost": 42318.73,
                      "Plan Rows": 632073,
                      "Plan Width": 4,
                      "Actual Startup Time": 0.014,
                      "Actual Total Time": 64.847,
                      "Actual Rows": 505662,
                      "Actual Loops": 5
                    },
                    {
                      "Node Type": "Hash",
                      "Parent Relationship": "Inner",
                      "Parallel Aware": true,
                      "Startup Cost": 31414.82,
                      "Total Cost": 31414.82,
                      "Plan Rows": 177706,
                      "Plan Width": 4,
                      "Actual Startup Time": 94.392,
                      "Actual Total Time": 94.393,
                      "Actual Rows": 52457,
                      "Actual Loops": 5,
                      "Hash Buckets": 1048576,
                      "Original Hash Buckets": 1048576,
                      "Hash Batches": 1,
                      "Original Hash Batches": 1,
                      "Peak Memory Usage": 18528,
                      "Plans": [
                        {
                          "Node Type": "Seq Scan",
                          "Parent Relationship": "Outer",
                          "Parallel Aware": true,
                          "Relation Name": "movie_companies",
                          "Alias": "mc",
                          "Startup Cost": 0.0,
                          "Total Cost": 31414.82,
                          "Plan Rows": 177706,
                          "Plan Width": 4,
                          "Actual Startup Time": 21.108,
                          "Actual Total Time": 69.496,
                          "Actual Rows": 52457,
                          "Actual Loops": 5,
                          "Filter": "((company_id > 13670) AND (company_type_id < 2))",
                          "Rows Removed by Filter": 469368
                        }
                      ]
                    }
                  ]
                }
              ]
            }
          ]
        }
      ]
    },
    "Planning Time": 0.664,
    "Triggers": [],
    "Execution Time": 280.935
  }
]