{
  "Plan": {
    "Node Type": "Aggregate",
    "Strategy": "Plain",
    "Partial Mode": "Finalize",
    "Parallel Aware": false,
    "Startup Cost": 73011.31,
    "Total Cost": 73011.32,
    "Plan Rows": 1,
    "Plan Width": 8,
    "Actual Startup Time": 77.354,
    "Actual Total Time": 86.163,
    "Actual Rows": 1,
    "Actual Loops": 1,
    "Plans": [
      {
        "Node Type": "Gather",
        "Parent Relationship": "Outer",
        "Parallel Aware": false,
        "Startup Cost": 73011.19,
        "Total Cost": 73011.3,
        "Plan Rows": 1,
        "Plan Width": 8,
        "Actual Startup Time": 77.266,
        "Actual Total Time": 86.156,
        "Actual Rows": 2,
        "Actual Loops": 1,
        "Workers Planned": 1,
        "Workers Launched": 1,
        "Single Copy": false,
        "Plans": [
          {
            "Node Type": "Aggregate",
            "Strategy": "Plain",
            "Partial Mode": "Partial",
            "Parent Relationship": "Outer",
            "Parallel Aware": false,
            "Startup Cost": 72011.19,
            "Total Cost": 72011.2,
            "Plan Rows": 1,
            "Plan Width": 8,
            "Actual Startup Time": 71.033,
            "Actual Total Time": 71.034,
            "Actual Rows": 1,
            "Actual Loops": 2,
            "Plans": [
              {
                "Node Type": "Nested Loop",
                "Parent Relationship": "Outer",
                "Parallel Aware": false,
                "Join Type": "Inner",
                "Startup Cost": 297.19,
                "Total Cost": 72010.9,
                "Plan Rows": 116,
                "Plan Width": 0,
                "Actual Startup Time": 30.175,
                "Actual Total Time": 71.021,
                "Actual Rows": 40,
                "Actual Loops": 2,
                "Inner Unique": false,
                "Plans": [
                  {
                    "Node Type": "Nested Loop",
                    "Parent Relationship": "Outer",
                    "Parallel Aware": false,
                    "Join Type": "Inner",
                    "Startup Cost": 296.77,
                    "Total Cost": 71717.65,
                    "Plan Rows": 214,
                    "Plan Width": 8,
                    "Actual Startup Time": 26.139,
                    "Actual Total Time": 70.181,
                    "Actual Rows": 56,
                    "Actual Loops": 2,
                    "Inner Unique": true,
                    "Plans": [
                      {
                        "Node Type": "Bitmap Heap Scan",
                        "Parent Relationship": "Outer",
                        "Parallel Aware": true,
                        "Relation Name": "movie_keyword",
                        "Alias": "mk",
                        "Startup Cost": 296.34,
                        "Total Cost": 22105.09,
                        "Plan Rows": 8190,
                        "Plan Width": 4,
                        "Actual Startup Time": 4.084,
                        "Actual Total Time": 17.245,
                        "Actual Rows": 7186,
                        "Actual Loops": 2,
                        "Recheck Cond": "(keyword_id < 3)",
                        "Rows Removed by Index Recheck": 0,
                        "Exact Heap Blocks": 4203,
                        "Lossy Heap Blocks": 0,
                        "Plans": [
                          {
                            "Node Type": "Bitmap Index Scan",
                            "Parent Relationship": "Outer",
                            "Parallel Aware": false,
                            "Index Name": "keyword_id_movie_keyword",
                            "Startup Cost": 0.0,
                            "Total Cost": 292.86,
                            "Plan Rows": 13923,
                            "Plan Width": 0,
                            "Actual Startup Time": 5.304,
                            "Actual Total Time": 5.304,
                            "Actual Rows": 14373,
                            "Actual Loops": 1,
                            "Index Cond": "(keyword_id < 3)"
                          }
                        ]
                      },
                      {
                        "Node Type": "Index Scan",
                        "Parent Relationship": "Inner",
                        "Parallel Aware": false,
                        "Scan Direction": "Forward",
                        "Index Name": "title_pkey",
                        "Relation Name": "title",
                        "Alias": "t",
                        "Startup Cost": 0.43,
                        "Total Cost": 6.06,
                        "Plan Rows": 1,
                        "Plan Width": 4,
                        "Actual Startup Time": 0.007,
                        "Actual Total Time": 0.007,
                        "Actual Rows": 0,
                        "Actual Loops": 14373,
                        "Index Cond": "(id = mk.movie_id)",
                        "Rows Removed by Index Recheck": 0,
                        "Filter": "(production_year = 2013)",
                        "Rows Removed by Filter": 1
                      }
                    ]
                  },
                  {
                    "Node Type": "Index Only Scan",
                    "Parent Relationship": "Inner",
                    "Parallel Aware": false,
                    "Scan Direction": "Forward",
                    "Index Name": "movie_id_movie_info_idx",
                    "Relation Name": "movie_info_idx",
                    "Alias": "mi_idx",
                    "Startup Cost": 0.43,
                    "Total Cost": 1.34,
                    "Plan Rows": 3,
                    "Plan Width": 4,
                    "Actual Startup Time": 0.014,
                    "Actual Total Time": 0.014,
                    "Actual Rows": 1,
                    "Actual Loops": 112,
                    "Index Cond": "(movie_id = t.id)",
                    "Rows Removed by Index Recheck": 0,
                    "Heap Fetches": 81
                  }
                ]
              }
            ]
          }
        ]
      }
    ]
  },
  "Planning Time": 1.071,
  "Triggers": [],
  "Execution Time": 86.268
}