{
  "Plan": {
    "Node Type": "Aggregate",
    "Strategy": "Plain",
    "Partial Mode": "Finalize",
    "Parallel Aware": false,
    "Startup Cost": 75448.07,
    "Total Cost": 75448.08,
    "Plan Rows": 1,
    "Plan Width": 8,
    "Actual Startup Time": 241.016,
    "Actual Total Time": 254.014,
    "Actual Rows": 1,
    "Actual Loops": 1,
    "Plans": [
      {
        "Node Type": "Gather",
        "Parent Relationship": "Outer",
        "Parallel Aware": false,
        "Startup Cost": 75447.96,
        "Total Cost": 75448.07,
        "Plan Rows": 1,
        "Plan Width": 8,
        "Actual Startup Time": 240.582,
        "Actual Total Time": 254.008,
        "Actual Rows": 2,
        "Actual Loops": 1,
        "Workers Planned": 1,
        "Workers Launched": 1,
        "Single Copy": false,
        "Plans": [
          {
            "Node Type": "Aggregate",
            "Strategy": "Plain",
            "Partial Mode": "Partial",
            "Parent Relationship": "Outer",
            "Parallel Aware": false,
            "Startup Cost": 74447.96,
            "Total Cost": 74447.97,
            "Plan Rows": 1,
            "Plan Width": 8,
            "Actual Startup Time": 234.977,
            "Actual Total Time": 234.98,
            "Actual Rows": 1,
            "Actual Loops": 2,
            "Plans": [
              {
                "Node Type": "Hash Join",
                "Parent Relationship": "Outer",
                "Parallel Aware": true,
                "Join Type": "Inner",
                "Startup Cost": 55626.31,
                "Total Cost": 74410.63,
                "Plan Rows": 14931,
                "Plan Width": 0,
                "Actual Startup Time": 170.796,
                "Actual Total Time": 234.538,
                "Actual Rows": 9634,
                "Actual Loops": 2,
                "Inner Unique": true,
                "Hash Cond": "(mi_idx.movie_id = t.id)",
                "Plans": [
                  {
                    "Node Type": "Seq Scan",
                    "Parent Relationship": "Outer",
                    "Parallel Aware": true,
                    "Relation Name": "movie_info_idx",
                    "Alias": "mi_idx",
                    "Startup Cost": 0.0,
                    "Total Cost": 18082.32,
                    "Plan Rows": 267429,
                    "Plan Width": 4,
                    "Actual Startup Time": 0.029,
                    "Actual Total Time": 50.784,
                    "Actual Rows": 229962,
                    "Actual Loops": 2,
                    "Filter": "(info_type_id < 100)",
                    "Rows Removed by Filter": 460055
                  },
                  {
                    "Node Type": "Hash",
                    "Parent Relationship": "Inner",
                    "Parallel Aware": true,
                    "Startup Cost": 54588.39,
                    "Total Cost": 54588.39,
                    "Plan Rows": 83034,
                    "Plan Width": 4,
                    "Actual Startup Time": 150.971,
                    "Actual Total Time": 150.972,
                    "Actual Rows": 71666,
                    "Actual Loops": 2,
                    "Hash Buckets": 262144,
                    "Original Hash Buckets": 262144,
                    "Hash Batches": 1,
                    "Original Hash Batches": 1,
                    "Peak Memory Usage": 7680,
                    "Plans": [
                      {
                        "Node Type": "Seq Scan",
                        "Parent Relationship": "Outer",
                        "Parallel Aware": true,
                        "Relation Name": "title",
                        "Alias": "t",
                        "Startup Cost": 0.0,
                        "Total Cost": 54588.39,
                        "Plan Rows": 83034,
                        "Plan Width": 4,
                        "Actual Startup Time": 15.371,
                        "Actual Total Time": 135.467,
                        "Actual Rows": 71666,
                        "Actual Loops": 2,
                        "Filter": "(production_year < 1941)",
                        "Rows Removed by Filter": 1192490
                      }
                    ]
                  }
                ]
              }
            ]
          }
        ]
      }
    ]
  },
  "Planning Time": 0.464,
  "Triggers": [],
  "Execution Time": 254.084
}