[
  {
    "Plan": {
      "Node Type": "Aggregate",
      "Strategy": "Plain",
      "Partial Mode": "Finalize",
      "Parallel Aware": false,
      "Startup Cost": 312098.58,
      "Total Cost": 312098.59,
      "Plan Rows": 1,
      "Plan Width": 8,
      "Actual Startup Time": 344.175,
      "Actual Total Time": 372.249,
      "Actual Rows": 1,
      "Actual Loops": 1,
      "Plans": [
        {
          "Node Type": "Gather",
          "Parent Relationship": "Outer",
          "Parallel Aware": false,
          "Startup Cost": 312097.95,
          "Total Cost": 312098.56,
          "Plan Rows": 6,
          "Plan Width": 8,
          "Actual Startup Time": 344.017,
          "Actual Total Time": 372.24,
          "Actual Rows": 7,
          "Actual Loops": 1,
          "Workers Planned": 6,
          "Workers Launched": 6,
          "Single Copy": false,
          "Plans": [
            {
              "Node Type": "Aggregate",
              "Strategy": "Plain",
              "Partial Mode": "Partial",
              "Parent Relationship": "Outer",
              "Parallel Aware": false,
              "Startup Cost": 311097.95,
              "Total Cost": 311097.96,
              "Plan Rows": 1,
              "Plan Width": 8,
              "Actual Startup Time": 332.496,
              "Actual Total Time": 332.499,
              "Actual Rows": 1,
              "Actual Loops": 7,
              "Plans": [
                {
                  "Node Type": "Nested Loop",
                  "Parent Relationship": "Outer",
                  "Parallel Aware": false,
                  "Join Type": "Inner",
                  "Startup Cost": 12385.89,
                  "Total Cost": 311073.0,
                  "Plan Rows": 9980,
                  "Plan Width": 0,
                  "Actual Startup Time": 35.943,
                  "Actual Total Time": 330.793,
                  "Actual Rows": 18887,
                  "Actual Loops": 7,
                  "Inner Unique": true,
                  "Plans": [
                    {
                      "Node Type": "Bitmap Heap Scan",
                      "Parent Relationship": "Outer",
                      "Parallel Aware": true,
                      "Relation Name": "cast_info",
                      "Alias": "ci",
                      "Startup Cost": 12385.46,
                      "Total Cost": 266484.54,
                      "Plan Rows": 32418,
                      "Plan Width": 4,
                      "Actual Startup Time": 34.027,
                      "Actual Total Time": 53.393,
                      "Actual Rows": 58737,
                      "Actual Loops": 7,
                      "Recheck Cond": "(person_id < 60068)",
                      "Rows Removed by Index Recheck": 0,
                      "Filter": "(role_id < 2)",
                      "Rows Removed by Filter": 19965,
                      "Exact Heap Blocks": 1381,
                      "Lossy Heap Blocks": 0,
                      "Plans": [
                        {
                          "Node Type": "Bitmap Index Scan",
                          "Parent Relationship": "Outer",
                          "Parallel Aware": false,
                          "Index Name": "person_id_cast_info",
                          "Startup Cost": 0.0,
                          "Total Cost": 12336.83,
                          "Plan Rows": 564835,
                          "Plan Width": 0,
                          "Actual Startup Time": 43.172,
                          "Actual Total Time": 43.172,
                          "Actual Rows": 550913,
                          "Actual Loops": 1,
                          "Index Cond": "(person_id < 60068)"
                        }
                      ]
                    },
                    {
                      "Node Type": "Index Scan",
                      "Parent Relationship": "Inner",
                      "Parallel Aware": false,
                      "Scan Direction": "Forward",
                      "Index Name": "title_pkey",
                      "Relation Name": "title",
                      "Alias": "t",
                      "Startup Cost": 0.43,
                      "Total Cost": 1.38,
                      "Plan Rows": 1,
                      "Plan Width": 4,
                      "Actual Startup Time": 0.004,
                      "Actual Total Time": 0.004,
                      "Actual Rows": 0,
                      "Actual Loops": 411160,
                      "Index Cond": "(id = ci.movie_id)",
                      "Rows Removed by Index Recheck": 0,
                      "Filter": "(production_year < 1994)",
                      "Rows Removed by Filter": 1
                    }
                  ]
                }
              ]
            }
          ]
        }
      ]
    },
    "Planning Time": 0.659,
    "Triggers": [],
    "Execution Time": 372.347
  }
]