[
  {
    "Plan": {
      "Node Type": "Aggregate",
      "Strategy": "Plain",
      "Partial Mode": "Finalize",
      "Parallel Aware": false,
      "Startup Cost": 77835.09,
      "Total Cost": 77835.1,
      "Plan Rows": 1,
      "Plan Width": 8,
      "Actual Startup Time": 284.703,
      "Actual Total Time": 299.642,
      "Actual Rows": 1,
      "Actual Loops": 1,
      "Plans": [
        {
          "Node Type": "Gather",
          "Parent Relationship": "Outer",
          "Parallel Aware": false,
          "Startup Cost": 77834.77,
          "Total Cost": 77835.08,
          "Plan Rows": 3,
          "Plan Width": 8,
          "Actual Startup Time": 280.96,
          "Actual Total Time": 299.632,
          "Actual Rows": 4,
          "Actual Loops": 1,
          "Workers Planned": 3,
          "Workers Launched": 3,
          "Single Copy": false,
          "Plans": [
            {
              "Node Type": "Aggregate",
              "Strategy": "Plain",
              "Partial Mode": "Partial",
              "Parent Relationship": "Outer",
              "Parallel Aware": false,
              "Startup Cost": 76834.77,
              "Total Cost": 76834.78,
              "Plan Rows": 1,
              "Plan Width": 8,
              "Actual Startup Time": 270.896,
              "Actual Total Time": 270.9,
              "Actual Rows": 1,
              "Actual Loops": 4,
              "Plans": [
                {
                  "Node Type": "Hash Join",
                  "Parent Relationship": "Outer",
                  "Parallel Aware": true,
                  "Join Type": "Inner",
                  "Startup Cost": 51140.4,
                  "Total Cost": 76783.22,
                  "Plan Rows": 20619,
                  "Plan Width": 0,
                  "Actual Startup Time": 212.883,
                  "Actual Total Time": 268.905,
                  "Actual Rows": 35750,
                  "Actual Loops": 4,
                  "Inner Unique": true,
                  "Hash Cond": "(mk.movie_id = t.id)",
                  "Plans": [
                    {
                      "Node Type": "Bitmap Heap Scan",
                      "Parent Relationship": "Outer",
                      "Parallel Aware": true,
                      "Relation Name": "movie_keyword",
                      "Alias": "mk",
                      "Startup Cost": 5168.81,
                      "Total Cost": 30605.31,
                      "Plan Rows": 78600,
                      "Plan Width": 4,
                      "Actual Startup Time": 20.553,
                      "Actual Total Time": 71.287,
                      "Actual Rows": 63157,
                      "Actual Loops": 4,
                      "Recheck Cond": "(keyword_id < 217)",
                      "Rows Removed by Index Recheck": 0,
                      "Exact Heap Blocks": 5985,
                      "Lossy Heap Blocks": 0,
                      "Plans": [
                        {
                          "Node Type": "Bitmap Index Scan",
                          "Parent Relationship": "Outer",
                          "Parallel Aware": false,
                          "Index Name": "keyword_id_movie_keyword",
                          "Startup Cost": 0.0,
                          "Total Cost": 5107.89,
                          "Plan Rows": 243661,
                          "Plan Width": 0,
                          "Actual Startup Time": 16.783,
                          "Actual Total Time": 16.783,
                          "Actual Rows": 252629,
                          "Actual Loops": 1,
                          "Index Cond": "(keyword_id < 217)"
                        }
                      ]
                    },
                    {
                      "Node Type": "Hash",
                      "Parent Relationship": "Inner",
                      "Parallel Aware": true,
                      "Startup Cost": 43898.92,
                      "Total Cost": 43898.92,
                      "Plan Rows": 165814,
                      "Plan Width": 4,
                      "Actual Startup Time": 168.014,
                      "Actual Total Time": 168.015,
                      "Actual Rows": 165706,
                      "Actual Loops": 4,
                      "Hash Buckets": 1048576,
                      "Original Hash Buckets": 1048576,
                      "Hash Batches": 1,
                      "Original Hash Batches": 1,
                      "Peak Memory Usage": 34176,
                      "Plans": [
                        {
                          "Node Type": "Seq Scan",
                          "Parent Relationship": "Outer",
                          "Parallel Aware": true,
                          "Relation Name": "title",
                          "Alias": "t",
                          "Startup Cost": 0.0,
                          "Total Cost": 43898.92,
                          "Plan Rows": 165814,
                          "Plan Width": 4,
                          "Actual Startup Time": 50.083,
                          "Actual Total Time": 108.539,
                          "Actual Rows": 165706,
                          "Actual Loops": 4,
                          "Filter": "(kind_id = 1)",
                          "Rows Removed by Filter": 466372
                        }
                      ]
                    }
                  ]
                }
              ]
            }
          ]
        }
      ]
    },
    "Planning Time": 0.687,
    "Triggers": [],
    "Execution Time": 299.739
  }
]