[
  {
    "Plan": {
      "Node Type": "Aggregate",
      "Strategy": "Plain",
      "Partial Mode": "Finalize",
      "Parallel Aware": false,
      "Startup Cost": 391087.73,
      "Total Cost": 391087.74,
      "Plan Rows": 1,
      "Plan Width": 8,
      "Actual Startup Time": 2027.39,
      "Actual Total Time": 2105.214,
      "Actual Rows": 1,
      "Actual Loops": 1,
      "Plans": [
        {
          "Node Type": "Gather",
          "Parent Relationship": "Outer",
          "Parallel Aware": false,
          "Startup Cost": 391087.11,
          "Total Cost": 391087.72,
          "Plan Rows": 6,
          "Plan Width": 8,
          "Actual Startup Time": 2018.81,
          "Actual Total Time": 2105.199,
          "Actual Rows": 7,
          "Actual Loops": 1,
          "Workers Planned": 6,
          "Workers Launched": 6,
          "Single Copy": false,
          "Plans": [
            {
              "Node Type": "Aggregate",
              "Strategy": "Plain",
              "Partial Mode": "Partial",
              "Parent Relationship": "Outer",
              "Parallel Aware": false,
              "Startup Cost": 390087.11,
              "Total Cost": 390087.12,
              "Plan Rows": 1,
              "Plan Width": 8,
              "Actual Startup Time": 2006.889,
              "Actual Total Time": 2006.893,
              "Actual Rows": 1,
              "Actual Loops": 7,
              "Plans": [
                {
                  "Node Type": "Hash Join",
                  "Parent Relationship": "Outer",
                  "Parallel Aware": true,
                  "Join Type": "Inner",
                  "Startup Cost": 48473.41,
                  "Total Cost": 386533.22,
                  "Plan Rows": 1421553,
                  "Plan Width": 0,
                  "Actual Startup Time": 336.924,
                  "Actual Total Time": 1932.885,
                  "Actual Rows": 1269224,
                  "Actual Loops": 7,
                  "Inner Unique": true,
                  "Hash Cond": "(ci.movie_id = t.id)",
                  "Plans": [
                    {
                      "Node Type": "Seq Scan",
                      "Parent Relationship": "Outer",
                      "Parallel Aware": true,
                      "Relation Name": "cast_info",
                      "Alias": "ci",
                      "Startup Cost": 0.0,
                      "Total Cost": 328211.39,
                      "Plan Rows": 3751775,
                      "Plan Width": 4,
                      "Actual Startup Time": 167.585,
                      "Actual Total Time": 732.311,
                      "Actual Rows": 3194594,
                      "Actual Loops": 7,
                      "Filter": "(person_id > 1367805)",
                      "Rows Removed by Filter": 1983169
                    },
                    {
                      "Node Type": "Hash",
                      "Parent Relationship": "Inner",
                      "Parallel Aware": true,
                      "Startup Cost": 45479.59,
                      "Total Cost": 45479.59,
                      "Plan Rows": 239506,
                      "Plan Width": 4,
                      "Actual Startup Time": 165.625,
                      "Actual Total Time": 165.626,
                      "Actual Rows": 139683,
                      "Actual Loops": 7,
                      "Hash Buckets": 1048576,
                      "Original Hash Buckets": 1048576,
                      "Hash Batches": 1,
                      "Original Hash Batches": 1,
                      "Peak Memory Usage": 46592,
                      "Plans": [
                        {
                          "Node Type": "Seq Scan",
                          "Parent Relationship": "Outer",
                          "Parallel Aware": true,
                          "Relation Name": "title",
                          "Alias": "t",
                          "Startup Cost": 0.0,
                          "Total Cost": 45479.59,
                          "Plan Rows": 239506,
                          "Plan Width": 4,
                          "Actual Startup Time": 0.054,
                          "Actual Total Time": 92.41,
                          "Actual Rows": 139683,
                          "Actual Loops": 7,
                          "Filter": "((kind_id < 7) AND (production_year > 0))",
                          "Rows Removed by Filter": 221505
                        }
                      ]
                    }
                  ]
                }
              ]
            }
          ]
        }
      ]
    },
    "Planning Time": 0.55,
    "Triggers": [],
    "Execution Time": 2105.299
  }
]