[
  {
    "Plan": {
      "Node Type": "Aggregate",
      "Strategy": "Plain",
      "Partial Mode": "Finalize",
      "Parallel Aware": false,
      "Startup Cost": 35386.45,
      "Total Cost": 35386.46,
      "Plan Rows": 1,
      "Plan Width": 8,
      "Actual Startup Time": 114.284,
      "Actual Total Time": 122.182,
      "Actual Rows": 1,
      "Actual Loops": 1,
      "Plans": [
        {
          "Node Type": "Gather",
          "Parent Relationship": "Outer",
          "Parallel Aware": false,
          "Startup Cost": 35386.13,
          "Total Cost": 35386.44,
          "Plan Rows": 3,
          "Plan Width": 8,
          "Actual Startup Time": 114.028,
          "Actual Total Time": 122.175,
          "Actual Rows": 4,
          "Actual Loops": 1,
          "Workers Planned": 3,
          "Workers Launched": 3,
          "Single Copy": false,
          "Plans": [
            {
              "Node Type": "Aggregate",
              "Strategy": "Plain",
              "Partial Mode": "Partial",
              "Parent Relationship": "Outer",
              "Parallel Aware": false,
              "Startup Cost": 34386.13,
              "Total Cost": 34386.14,
              "Plan Rows": 1,
              "Plan Width": 8,
              "Actual Startup Time": 107.723,
              "Actual Total Time": 107.725,
              "Actual Rows": 1,
              "Actual Loops": 4,
              "Plans": [
                {
                  "Node Type": "Bitmap Heap Scan",
                  "Parent Relationship": "Outer",
                  "Parallel Aware": true,
                  "Relation Name": "movie_keyword",
                  "Alias": "mk",
                  "Startup Cost": 8087.27,
                  "Total Cost": 34078.65,
                  "Plan Rows": 122990,
                  "Plan Width": 0,
                  "Actual Startup Time": 36.529,
                  "Actual Total Time": 102.126,
                  "Actual Rows": 91965,
                  "Actual Loops": 4,
                  "Recheck Cond": "(keyword_id > 45825)",
                  "Rows Removed by Index Recheck": 0,
                  "Exact Heap Blocks": 11071,
                  "Lossy Heap Blocks": 0,
                  "Plans": [
                    {
                      "Node Type": "Bitmap Index Scan",
                      "Parent Relationship": "Outer",
                      "Parallel Aware": false,
                      "Index Name": "keyword_id_movie_keyword",
                      "Startup Cost": 0.0,
                      "Total Cost": 7991.96,
                      "Plan Rows": 381270,
                      "Plan Width": 0,
                      "Actual Startup Time": 38.56,
                      "Actual Total Time": 38.561,
                      "Actual Rows": 367861,
                      "Actual Loops": 1,
                      "Index Cond": "(keyword_id > 45825)"
                    }
                  ]
                }
              ]
            }
          ]
        }
      ]
    },
    "Planning Time": 0.136,
    "Triggers": [],
    "Execution Time": 122.245
  }
]