{
  "Plan": {
    "Node Type": "Aggregate",
    "Strategy": "Plain",
    "Partial Mode": "Finalize",
    "Parallel Aware": false,
    "Startup Cost": 603413.79,
    "Total Cost": 603413.8,
    "Plan Rows": 1,
    "Plan Width": 8,
    "Actual Startup Time": 2619.636,
    "Actual Total Time": 2655.128,
    "Actual Rows": 1,
    "Actual Loops": 1,
    "Plans": [
      {
        "Node Type": "Gather",
        "Parent Relationship": "Outer",
        "Parallel Aware": false,
        "Startup Cost": 603413.68,
        "Total Cost": 603413.79,
        "Plan Rows": 1,
        "Plan Width": 8,
        "Actual Startup Time": 2616.66,
        "Actual Total Time": 2655.119,
        "Actual Rows": 2,
        "Actual Loops": 1,
        "Workers Planned": 1,
        "Workers Launched": 1,
        "Single Copy": false,
        "Plans": [
          {
            "Node Type": "Aggregate",
            "Strategy": "Plain",
            "Partial Mode": "Partial",
            "Parent Relationship": "Outer",
            "Parallel Aware": false,
            "Startup Cost": 602413.68,
            "Total Cost": 602413.69,
            "Plan Rows": 1,
            "Plan Width": 8,
            "Actual Startup Time": 2610.487,
            "Actual Total Time": 2610.492,
            "Actual Rows": 1,
            "Actual Loops": 2,
            "Plans": [
              {
                "Node Type": "Hash Join",
                "Parent Relationship": "Outer",
                "Parallel Aware": true,
                "Join Type": "Inner",
                "Startup Cost": 264394.87,
                "Total Cost": 597078.82,
                "Plan Rows": 2133944,
                "Plan Width": 0,
                "Actual Startup Time": 758.707,
                "Actual Total Time": 2531.145,
                "Actual Rows": 1875778,
                "Actual Loops": 2,
                "Inner Unique": true,
                "Hash Cond": "(ci.movie_id = t.id)",
                "Plans": [
                  {
                    "Node Type": "Bitmap Heap Scan",
                    "Parent Relationship": "Outer",
                    "Parallel Aware": true,
                    "Relation Name": "cast_info",
                    "Alias": "ci",
                    "Startup Cost": 198587.84,
                    "Total Cost": 517388.0,
                    "Plan Rows": 5289053,
                    "Plan Width": 4,
                    "Actual Startup Time": 428.284,
                    "Actual Total Time": 877.946,
                    "Actual Rows": 4562414,
                    "Actual Loops": 2,
                    "Recheck Cond": "(person_id < 898541)",
                    "Rows Removed by Index Recheck": 0,
                    "Exact Heap Blocks": 49824,
                    "Lossy Heap Blocks": 0,
                    "Plans": [
                      {
                        "Node Type": "Bitmap Index Scan",
                        "Parent Relationship": "Outer",
                        "Parallel Aware": false,
                        "Index Name": "person_id_cast_info",
                        "Startup Cost": 0.0,
                        "Total Cost": 196339.99,
                        "Plan Rows": 8991390,
                        "Plan Width": 0,
                        "Actual Startup Time": 411.8,
                        "Actual Total Time": 411.801,
                        "Actual Rows": 9124827,
                        "Actual Loops": 1,
                        "Index Cond": "(person_id < 898541)"
                      }
                    ]
                  },
                  {
                    "Node Type": "Hash",
                    "Parent Relationship": "Inner",
                    "Parallel Aware": true,
                    "Startup Cost": 58306.47,
                    "Total Cost": 58306.47,
                    "Plan Rows": 600045,
                    "Plan Width": 4,
                    "Actual Startup Time": 321.245,
                    "Actual Total Time": 321.246,
                    "Actual Rows": 558990,
                    "Actual Loops": 2,
                    "Hash Buckets": 2097152,
                    "Original Hash Buckets": 1048576,
                    "Hash Batches": 1,
                    "Original Hash Batches": 1,
                    "Peak Memory Usage": 68352,
                    "Plans": [
                      {
                        "Node Type": "Seq Scan",
                        "Parent Relationship": "Outer",
                        "Parallel Aware": true,
                        "Relation Name": "title",
                        "Alias": "t",
                        "Startup Cost": 0.0,
                        "Total Cost": 58306.47,
                        "Plan Rows": 600045,
                        "Plan Width": 4,
                        "Actual Startup Time": 0.033,
                        "Actual Total Time": 163.009,
                        "Actual Rows": 558990,
                        "Actual Loops": 2,
                        "Filter": "((production_year > 1993) AND (kind_id = 7))",
                        "Rows Removed by Filter": 705166
                      }
                    ]
                  }
                ]
              }
            ]
          }
        ]
      }
    ]
  },
  "Planning Time": 0.687,
  "Triggers": [],
  "Execution Time": 2655.223
}