[
  {
    "Plan": {
      "Node Type": "Aggregate",
      "Strategy": "Plain",
      "Partial Mode": "Finalize",
      "Parallel Aware": false,
      "Startup Cost": 53864.27,
      "Total Cost": 53864.28,
      "Plan Rows": 1,
      "Plan Width": 8,
      "Actual Startup Time": 117.811,
      "Actual Total Time": 139.539,
      "Actual Rows": 1,
      "Actual Loops": 1,
      "Plans": [
        {
          "Node Type": "Gather",
          "Parent Relationship": "Outer",
          "Parallel Aware": false,
          "Startup Cost": 53864.06,
          "Total Cost": 53864.27,
          "Plan Rows": 2,
          "Plan Width": 8,
          "Actual Startup Time": 117.506,
          "Actual Total Time": 139.531,
          "Actual Rows": 3,
          "Actual Loops": 1,
          "Workers Planned": 2,
          "Workers Launched": 2,
          "Single Copy": false,
          "Plans": [
            {
              "Node Type": "Aggregate",
              "Strategy": "Plain",
              "Partial Mode": "Partial",
              "Parent Relationship": "Outer",
              "Parallel Aware": false,
              "Startup Cost": 52864.06,
              "Total Cost": 52864.07,
              "Plan Rows": 1,
              "Plan Width": 8,
              "Actual Startup Time": 108.927,
              "Actual Total Time": 108.929,
              "Actual Rows": 1,
              "Actual Loops": 3,
              "Plans": [
                {
                  "Node Type": "Nested Loop",
                  "Parent Relationship": "Outer",
                  "Parallel Aware": false,
                  "Join Type": "Inner",
                  "Startup Cost": 244.95,
                  "Total Cost": 52862.79,
                  "Plan Rows": 506,
                  "Plan Width": 0,
                  "Actual Startup Time": 9.931,
                  "Actual Total Time": 108.636,
                  "Actual Rows": 3397,
                  "Actual Loops": 3,
                  "Inner Unique": false,
                  "Plans": [
                    {
                      "Node Type": "Nested Loop",
                      "Parent Relationship": "Outer",
                      "Parallel Aware": false,
                      "Join Type": "Inner",
                      "Startup Cost": 244.51,
                      "Total Cost": 50155.97,
                      "Plan Rows": 833,
                      "Plan Width": 8,
                      "Actual Startup Time": 9.501,
                      "Actual Total Time": 37.761,
                      "Actual Rows": 1259,
                      "Actual Loops": 3,
                      "Inner Unique": true,
                      "Plans": [
                        {
                          "Node Type": "Bitmap Heap Scan",
                          "Parent Relationship": "Outer",
                          "Parallel Aware": true,
                          "Relation Name": "movie_keyword",
                          "Alias": "mk",
                          "Startup Cost": 244.08,
                          "Total Cost": 20156.75,
                          "Plan Rows": 4712,
                          "Plan Width": 4,
                          "Actual Startup Time": 4.084,
                          "Actual Total Time": 14.74,
                          "Actual Rows": 3075,
                          "Actual Loops": 3,
                          "Recheck Cond": "(keyword_id = 875)",
                          "Rows Removed by Index Recheck": 0,
                          "Exact Heap Blocks": 4528,
                          "Lossy Heap Blocks": 0,
                          "Plans": [
                            {
                              "Node Type": "Bitmap Index Scan",
                              "Parent Relationship": "Outer",
                              "Parallel Aware": false,
                              "Index Name": "keyword_id_movie_keyword",
                              "Startup Cost": 0.0,
                              "Total Cost": 241.26,
                              "Plan Rows": 11310,
                              "Plan Width": 0,
                              "Actual Startup Time": 8.379,
                              "Actual Total Time": 8.38,
                              "Actual Rows": 9226,
                              "Actual Loops": 1,
                              "Index Cond": "(keyword_id = 875)"
                            }
                          ]
                        },
                        {
                          "Node Type": "Index Scan",
                          "Parent Relationship": "Inner",
                          "Parallel Aware": false,
                          "Scan Direction": "Forward",
                          "Index Name": "title_pkey",
                          "Relation Name": "title",
                          "Alias": "t",
                          "Startup Cost": 0.43,
                          "Total Cost": 6.37,
                          "Plan Rows": 1,
                          "Plan Width": 4,
                          "Actual Startup Time": 0.007,
                          "Actual Total Time": 0.007,
                          "Actual Rows": 0,
                          "Actual Loops": 9226,
                          "Index Cond": "(id = mk.movie_id)",
                          "Rows Removed by Index Recheck": 0,
                          "Filter": "((kind_id < 2) AND (production_year > 1992))",
                          "Rows Removed by Filter": 1
                        }
                      ]
                    },
                    {
                      "Node Type": "Index Scan",
                      "Parent Relationship": "Inner",
                      "Parallel Aware": false,
                      "Scan Direction": "Forward",
                      "Index Name": "movie_id_movie_info",
                      "Relation Name": "movie_info",
                      "Alias": "mi",
                      "Startup Cost": 0.43,
                      "Total Cost": 3.21,
                      "Plan Rows": 4,
                      "Plan Width": 4,
                      "Actual Startup Time": 0.055,
                      "Actual Total Time": 0.056,
                      "Actual Rows": 3,
                      "Actual Loops": 3776,
                      "Index Cond": "(movie_id = t.id)",
                      "Rows Removed by Index Recheck": 0,
                      "Filter": "(info_type_id = 3)",
                      "Rows Removed by Filter": 84
                    }
                  ]
                }
              ]
            }
          ]
        }
      ]
    },
    "Planning Time": 1.452,
    "Triggers": [],
    "Execution Time": 139.67
  }
]