[
  {
    "Plan": {
      "Node Type": "Aggregate",
      "Strategy": "Plain",
      "Partial Mode": "Finalize",
      "Parallel Aware": false,
      "Startup Cost": 95898.6,
      "Total Cost": 95898.61,
      "Plan Rows": 1,
      "Plan Width": 8,
      "Actual Startup Time": 456.815,
      "Actual Total Time": 476.177,
      "Actual Rows": 1,
      "Actual Loops": 1,
      "Plans": [
        {
          "Node Type": "Gather",
          "Parent Relationship": "Outer",
          "Parallel Aware": false,
          "Startup Cost": 95898.28,
          "Total Cost": 95898.59,
          "Plan Rows": 3,
          "Plan Width": 8,
          "Actual Startup Time": 454.157,
          "Actual Total Time": 476.164,
          "Actual Rows": 4,
          "Actual Loops": 1,
          "Workers Planned": 3,
          "Workers Launched": 3,
          "Single Copy": false,
          "Plans": [
            {
              "Node Type": "Aggregate",
              "Strategy": "Plain",
              "Partial Mode": "Partial",
              "Parent Relationship": "Outer",
              "Parallel Aware": false,
              "Startup Cost": 94898.28,
              "Total Cost": 94898.29,
              "Plan Rows": 1,
              "Plan Width": 8,
              "Actual Startup Time": 446.448,
              "Actual Total Time": 446.696,
              "Actual Rows": 1,
              "Actual Loops": 4,
              "Plans": [
                {
                  "Node Type": "Hash Join",
                  "Parent Relationship": "Outer",
                  "Parallel Aware": true,
                  "Join Type": "Inner",
                  "Startup Cost": 64064.41,
                  "Total Cost": 94662.72,
                  "Plan Rows": 94223,
                  "Plan Width": 0,
                  "Actual Startup Time": 300.042,
                  "Actual Total Time": 443.377,
                  "Actual Rows": 74223,
                  "Actual Loops": 4,
                  "Inner Unique": false,
                  "Hash Cond": "(mc.movie_id = t.id)",
                  "Plans": [
                    {
                      "Node Type": "Seq Scan",
                      "Parent Relationship": "Outer",
                      "Parallel Aware": true,
                      "Relation Name": "movie_companies",
                      "Alias": "mc",
                      "Startup Cost": 0.0,
                      "Total Cost": 27206.55,
                      "Plan Rows": 841655,
                      "Plan Width": 4,
                      "Actual Startup Time": 0.026,
                      "Actual Total Time": 62.161,
                      "Actual Rows": 652282,
                      "Actual Loops": 4
                    },
                    {
                      "Node Type": "Hash",
                      "Parent Relationship": "Inner",
                      "Parallel Aware": true,
                      "Startup Cost": 63179.86,
                      "Total Cost": 63179.86,
                      "Plan Rows": 70764,
                      "Plan Width": 8,
                      "Actual Startup Time": 296.583,
                      "Actual Total Time": 296.83,
                      "Actual Rows": 35476,
                      "Actual Loops": 4,
                      "Hash Buckets": 524288,
                      "Original Hash Buckets": 524288,
                      "Hash Batches": 1,
                      "Original Hash Batches": 1,
                      "Peak Memory Usage": 9696,
                      "Plans": [
                        {
                          "Node Type": "Hash Join",
                          "Parent Relationship": "Outer",
                          "Parallel Aware": true,
                          "Join Type": "Inner",
                          "Startup Cost": 17540.14,
                          "Total Cost": 63179.86,
                          "Plan Rows": 70764,
                          "Plan Width": 8,
                          "Actual Startup Time": 96.834,
                          "Actual Total Time": 282.182,
                          "Actual Rows": 35476,
                          "Actual Loops": 4,
                          "Inner Unique": false,
                          "Hash Cond": "(t.id = mi_idx.movie_id)",
                          "Plans": [
                            {
                              "Node Type": "Seq Scan",
                              "Parent Relationship": "Outer",
                              "Parallel Aware": true,
                              "Relation Name": "title",
                              "Alias": "t",
                              "Startup Cost": 0.0,
                              "Total Cost": 43899.32,
                              "Plan Rows": 385479,
                              "Plan Width": 4,
                              "Actual Startup Time": 0.018,
                              "Actual Total Time": 94.49,
                              "Actual Rows": 385816,
                              "Actual Loops": 4,
                              "Filter": "(kind_id = 7)",
                              "Rows Removed by Filter": 246262
                            },
                            {
                              "Node Type": "Hash",
                              "Parent Relationship": "Inner",
                              "Parallel Aware": true,
                              "Startup Cost": 15122.68,
                              "Total Cost": 15122.68,
                              "Plan Rows": 193397,
                              "Plan Width": 4,
                              "Actual Startup Time": 94.913,
                              "Actual Total Time": 94.914,
                              "Actual Rows": 115046,
                              "Actual Loops": 4,
                              "Hash Buckets": 524288,
                              "Original Hash Buckets": 524288,
                              "Hash Batches": 1,
                              "Original Hash Batches": 1,
                              "Peak Memory Usage": 22176,
                              "Plans": [
                                {
                                  "Node Type": "Seq Scan",
                                  "Parent Relationship": "Outer",
                                  "Parallel Aware": true,
                                  "Relation Name": "movie_info_idx",
                                  "Alias": "mi_idx",
                                  "Startup Cost": 0.0,
                                  "Total Cost": 15122.68,
                                  "Plan Rows": 193397,
                                  "Plan Width": 4,
                                  "Actual Startup Time": 0.067,
                                  "Actual Total Time": 47.99,
                                  "Actual Rows": 115046,
                                  "Actual Loops": 4,
                                  "Filter": "(info_type_id > 100)",
                                  "Rows Removed by Filter": 229962
                                }
                              ]
                            }
                          ]
                        }
                      ]
                    }
                  ]
                }
              ]
            }
          ]
        }
      ]
    },
    "Planning Time": 1.41,
    "Triggers": [],
    "Execution Time": 476.258
  }
]