{
    "Plan": {
        "Node Type": "Aggregate",
        "Strategy": "Plain",
        "Partial Mode": "Finalize",
        "Parallel Aware": false,
        "Startup Cost": 91652.69,
        "Total Cost": 91652.7,
        "Plan Rows": 1,
        "Plan Width": 8,
        "Actual Startup Time": 136.778,
        "Actual Total Time": 154.215,
        "Actual Rows": 1,
        "Actual Loops": 1,
        "Output": [
            "count(*)"
        ],
        "Plans": [
            {
                "Node Type": "Gather",
                "Parent Relationship": "Outer",
                "Parallel Aware": false,
                "Startup Cost": 91652.27,
                "Total Cost": 91652.68,
                "Plan Rows": 4,
                "Plan Width": 8,
                "Actual Startup Time": 136.66,
                "Actual Total Time": 154.206,
                "Actual Rows": 5,
                "Actual Loops": 1,
                "Output": [
                    "(PARTIAL count(*))"
                ],
                "Workers Planned": 4,
                "Workers Launched": 4,
                "Single Copy": false,
                "Plans": [
                    {
                        "Node Type": "Aggregate",
                        "Strategy": "Plain",
                        "Partial Mode": "Partial",
                        "Parent Relationship": "Outer",
                        "Parallel Aware": false,
                        "Startup Cost": 90652.27,
                        "Total Cost": 90652.28,
                        "Plan Rows": 1,
                        "Plan Width": 8,
                        "Actual Startup Time": 126.611,
                        "Actual Total Time": 126.613,
                        "Actual Rows": 1,
                        "Actual Loops": 5,
                        "Output": [
                            "PARTIAL count(*)"
                        ],
                        "Workers": [
                            {
                                "Worker Number": 0,
                                "Actual Startup Time": 123.835,
                                "Actual Total Time": 123.837,
                                "Actual Rows": 1,
                                "Actual Loops": 1
                            },
                            {
                                "Worker Number": 1,
                                "Actual Startup Time": 123.954,
                                "Actual Total Time": 123.956,
                                "Actual Rows": 1,
                                "Actual Loops": 1
                            },
                            {
                                "Worker Number": 2,
                                "Actual Startup Time": 124.671,
                                "Actual Total Time": 124.672,
                                "Actual Rows": 1,
                                "Actual Loops": 1
                            },
                            {
                                "Worker Number": 3,
                                "Actual Startup Time": 124.717,
                                "Actual Total Time": 124.718,
                                "Actual Rows": 1,
                                "Actual Loops": 1
                            }
                        ],
                        "Plans": [
                            {
                                "Node Type": "Nested Loop",
                                "Parent Relationship": "Outer",
                                "Parallel Aware": false,
                                "Join Type": "Inner",
                                "Startup Cost": 0.43,
                                "Total Cost": 90625.05,
                                "Plan Rows": 10888,
                                "Plan Width": 0,
                                "Actual Startup Time": 0.767,
                                "Actual Total Time": 126.151,
                                "Actual Rows": 6320,
                                "Actual Loops": 5,
                                "Inner Unique": false,
                                "Workers": [
                                    {
                                        "Worker Number": 0,
                                        "Actual Startup Time": 0.593,
                                        "Actual Total Time": 123.411,
                                        "Actual Rows": 5603,
                                        "Actual Loops": 1
                                    },
                                    {
                                        "Worker Number": 1,
                                        "Actual Startup Time": 0.637,
                                        "Actual Total Time": 123.52,
                                        "Actual Rows": 3903,
                                        "Actual Loops": 1
                                    },
                                    {
                                        "Worker Number": 2,
                                        "Actual Startup Time": 0.895,
                                        "Actual Total Time": 124.228,
                                        "Actual Rows": 6119,
                                        "Actual Loops": 1
                                    },
                                    {
                                        "Worker Number": 3,
                                        "Actual Startup Time": 0.675,
                                        "Actual Total Time": 124.309,
                                        "Actual Rows": 6079,
                                        "Actual Loops": 1
                                    }
                                ],
                                "Plans": [
                                    {
                                        "Node Type": "Seq Scan",
                                        "Parent Relationship": "Outer",
                                        "Parallel Aware": true,
                                        "Relation Name": "title",
                                        "Schema": "public",
                                        "Alias": "t",
                                        "Startup Cost": 0.0,
                                        "Total Cost": 45479.21,
                                        "Plan Rows": 6605,
                                        "Plan Width": 4,
                                        "Actual Startup Time": 0.326,
                                        "Actual Total Time": 85.067,
                                        "Actual Rows": 5417,
                                        "Actual Loops": 5,
                                        "Output": [
                                            "t.id",
                                            "t.title",
                                            "t.imdb_index",
                                            "t.kind_id",
                                            "t.production_year",
                                            "t.imdb_id",
                                            "t.phonetic_code",
                                            "t.episode_of_id",
                                            "t.season_nr",
                                            "t.episode_nr",
                                            "t.series_years",
                                            "t.md5sum"
                                        ],
                                        "Filter": "((t.kind_id < 7) AND (t.production_year > 2012))",
                                        "Rows Removed by Filter": 500245,
                                        "Workers": [
                                            {
                                                "Worker Number": 0,
                                                "Actual Startup Time": 0.369,
                                                "Actual Total Time": 80.947,
                                                "Actual Rows": 4882,
                                                "Actual Loops": 1
                                            },
                                            {
                                                "Worker Number": 1,
                                                "Actual Startup Time": 0.4,
                                                "Actual Total Time": 80.727,
                                                "Actual Rows": 3415,
                                                "Actual Loops": 1
                                            },
                                            {
                                                "Worker Number": 2,
                                                "Actual Startup Time": 0.141,
                                                "Actual Total Time": 81.502,
                                                "Actual Rows": 5134,
                                                "Actual Loops": 1
                                            },
                                            {
                                                "Worker Number": 3,
                                                "Actual Startup Time": 0.494,
                                                "Actual Total Time": 81.003,
                                                "Actual Rows": 5182,
                                                "Actual Loops": 1
                                            }
                                        ]
                                    },
                                    {
                                        "Node Type": "Index Scan",
                                        "Parent Relationship": "Inner",
                                        "Parallel Aware": false,
                                        "Scan Direction": "Forward",
                                        "Index Name": "movie_id_movie_keyword",
                                        "Relation Name": "movie_keyword",
                                        "Schema": "public",
                                        "Alias": "mk",
                                        "Startup Cost": 0.43,
                                        "Total Cost": 6.42,
                                        "Plan Rows": 42,
                                        "Plan Width": 4,
                                        "Actual Startup Time": 0.007,
                                        "Actual Total Time": 0.007,
                                        "Actual Rows": 1,
                                        "Actual Loops": 27085,
                                        "Output": [
                                            "mk.id",
                                            "mk.movie_id",
                                            "mk.keyword_id"
                                        ],
                                        "Index Cond": "(mk.movie_id = t.id)",
                                        "Rows Removed by Index Recheck": 0,
                                        "Filter": "(mk.keyword_id < 47205)",
                                        "Rows Removed by Filter": 0,
                                        "Workers": [
                                            {
                                                "Worker Number": 0,
                                                "Actual Startup Time": 0.008,
                                                "Actual Total Time": 0.008,
                                                "Actual Rows": 1,
                                                "Actual Loops": 4882
                                            },
                                            {
                                                "Worker Number": 1,
                                                "Actual Startup Time": 0.011,
                                                "Actual Total Time": 0.012,
                                                "Actual Rows": 1,
                                                "Actual Loops": 3415
                                            },
                                            {
                                                "Worker Number": 2,
                                                "Actual Startup Time": 0.008,
                                                "Actual Total Time": 0.008,
                                                "Actual Rows": 1,
                                                "Actual Loops": 5134
                                            },
                                            {
                                                "Worker Number": 3,
                                                "Actual Startup Time": 0.008,
                                                "Actual Total Time": 0.008,
                                                "Actual Rows": 1,
                                                "Actual Loops": 5182
                                            }
                                        ]
                                    }
                                ]
                            }
                        ]
                    }
                ]
            }
        ]
    },
    "Planning Time": 0.799,
    "Triggers": [],
    "Execution Time": 154.299
}