[
  {
    "Plan": {
      "Node Type": "Aggregate",
      "Strategy": "Plain",
      "Partial Mode": "Finalize",
      "Parallel Aware": false,
      "Startup Cost": 94237.56,
      "Total Cost": 94237.57,
      "Plan Rows": 1,
      "Plan Width": 8,
      "Actual Startup Time": 527.341,
      "Actual Total Time": 547.008,
      "Actual Rows": 1,
      "Actual Loops": 1,
      "Plans": [
        {
          "Node Type": "Gather",
          "Parent Relationship": "Outer",
          "Parallel Aware": false,
          "Startup Cost": 94237.25,
          "Total Cost": 94237.56,
          "Plan Rows": 3,
          "Plan Width": 8,
          "Actual Startup Time": 513.91,
          "Actual Total Time": 546.999,
          "Actual Rows": 4,
          "Actual Loops": 1,
          "Workers Planned": 3,
          "Workers Launched": 3,
          "Single Copy": false,
          "Plans": [
            {
              "Node Type": "Aggregate",
              "Strategy": "Plain",
              "Partial Mode": "Partial",
              "Parent Relationship": "Outer",
              "Parallel Aware": false,
              "Startup Cost": 93237.25,
              "Total Cost": 93237.26,
              "Plan Rows": 1,
              "Plan Width": 8,
              "Actual Startup Time": 495.661,
              "Actual Total Time": 495.666,
              "Actual Rows": 1,
              "Actual Loops": 4,
              "Plans": [
                {
                  "Node Type": "Hash Join",
                  "Parent Relationship": "Outer",
                  "Parallel Aware": true,
                  "Join Type": "Inner",
                  "Startup Cost": 64859.97,
                  "Total Cost": 92680.75,
                  "Plan Rows": 222597,
                  "Plan Width": 0,
                  "Actual Startup Time": 368.372,
                  "Actual Total Time": 487.783,
                  "Actual Rows": 174028,
                  "Actual Loops": 4,
                  "Inner Unique": true,
                  "Hash Cond": "(mk.movie_id = t.id)",
                  "Plans": [
                    {
                      "Node Type": "Bitmap Heap Scan",
                      "Parent Relationship": "Outer",
                      "Parallel Aware": true,
                      "Relation Name": "movie_keyword",
                      "Alias": "mk",
                      "Startup Cost": 14640.33,
                      "Total Cost": 41876.79,
                      "Plan Rows": 222597,
                      "Plan Width": 4,
                      "Actual Startup Time": 40.326,
                      "Actual Total Time": 98.07,
                      "Actual Rows": 174028,
                      "Actual Loops": 4,
                      "Recheck Cond": "(keyword_id < 580)",
                      "Rows Removed by Index Recheck": 0,
                      "Exact Heap Blocks": 7016,
                      "Lossy Heap Blocks": 0,
                      "Plans": [
                        {
                          "Node Type": "Bitmap Index Scan",
                          "Parent Relationship": "Outer",
                          "Parallel Aware": false,
                          "Index Name": "keyword_id_movie_keyword",
                          "Startup Cost": 0.0,
                          "Total Cost": 14467.82,
                          "Plan Rows": 690051,
                          "Plan Width": 0,
                          "Actual Startup Time": 36.802,
                          "Actual Total Time": 36.803,
                          "Actual Rows": 696113,
                          "Actual Loops": 1,
                          "Index Cond": "(keyword_id < 580)"
                        }
                      ]
                    },
                    {
                      "Node Type": "Hash",
                      "Parent Relationship": "Inner",
                      "Parallel Aware": true,
                      "Startup Cost": 42318.73,
                      "Total Cost": 42318.73,
                      "Plan Rows": 632073,
                      "Plan Width": 4,
                      "Actual Startup Time": 316.876,
                      "Actual Total Time": 316.876,
                      "Actual Rows": 632078,
                      "Actual Loops": 4,
                      "Hash Buckets": 4194304,
                      "Original Hash Buckets": 4194304,
                      "Hash Batches": 1,
                      "Original Hash Batches": 1,
                      "Peak Memory Usage": 131744,
                      "Plans": [
                        {
                          "Node Type": "Seq Scan",
                          "Parent Relationship": "Outer",
                          "Parallel Aware": true,
                          "Relation Name": "title",
                          "Alias": "t",
                          "Startup Cost": 0.0,
                          "Total Cost": 42318.73,
                          "Plan Rows": 632073,
                          "Plan Width": 4,
                          "Actual Startup Time": 0.034,
                          "Actual Total Time": 93.785,
                          "Actual Rows": 632078,
                          "Actual Loops": 4
                        }
                      ]
                    }
                  ]
                }
              ]
            }
          ]
        }
      ]
    },
    "Planning Time": 0.522,
    "Triggers": [],
    "Execution Time": 547.082
  }
]