[
  {
    "Plan": {
      "Node Type": "Aggregate",
      "Strategy": "Plain",
      "Partial Mode": "Finalize",
      "Parallel Aware": false,
      "Startup Cost": 93529.92,
      "Total Cost": 93529.93,
      "Plan Rows": 1,
      "Plan Width": 8,
      "Actual Startup Time": 602.641,
      "Actual Total Time": 620.802,
      "Actual Rows": 1,
      "Actual Loops": 1,
      "Plans": [
        {
          "Node Type": "Gather",
          "Parent Relationship": "Outer",
          "Parallel Aware": false,
          "Startup Cost": 93529.71,
          "Total Cost": 93529.92,
          "Plan Rows": 2,
          "Plan Width": 8,
          "Actual Startup Time": 596.98,
          "Actual Total Time": 620.794,
          "Actual Rows": 3,
          "Actual Loops": 1,
          "Workers Planned": 2,
          "Workers Launched": 2,
          "Single Copy": false,
          "Plans": [
            {
              "Node Type": "Aggregate",
              "Strategy": "Plain",
              "Partial Mode": "Partial",
              "Parent Relationship": "Outer",
              "Parallel Aware": false,
              "Startup Cost": 92529.71,
              "Total Cost": 92529.72,
              "Plan Rows": 1,
              "Plan Width": 8,
              "Actual Startup Time": 594.234,
              "Actual Total Time": 594.478,
              "Actual Rows": 1,
              "Actual Loops": 3,
              "Plans": [
                {
                  "Node Type": "Hash Join",
                  "Parent Relationship": "Outer",
                  "Parallel Aware": true,
                  "Join Type": "Inner",
                  "Startup Cost": 76409.1,
                  "Total Cost": 92407.82,
                  "Plan Rows": 48754,
                  "Plan Width": 0,
                  "Actual Startup Time": 491.581,
                  "Actual Total Time": 579.271,
                  "Actual Rows": 377212,
                  "Actual Loops": 3,
                  "Inner Unique": false,
                  "Hash Cond": "(mi_idx.movie_id = t.id)",
                  "Plans": [
                    {
                      "Node Type": "Seq Scan",
                      "Parent Relationship": "Outer",
                      "Parallel Aware": true,
                      "Relation Name": "movie_info_idx",
                      "Alias": "mi_idx",
                      "Startup Cost": 0.0,
                      "Total Cost": 13685.15,
                      "Plan Rows": 575015,
                      "Plan Width": 4,
                      "Actual Startup Time": 0.015,
                      "Actual Total Time": 39.514,
                      "Actual Rows": 460012,
                      "Actual Loops": 3
                    },
                    {
                      "Node Type": "Hash",
                      "Parent Relationship": "Inner",
                      "Parallel Aware": true,
                      "Startup Cost": 75544.68,
                      "Total Cost": 75544.68,
                      "Plan Rows": 69154,
                      "Plan Width": 8,
                      "Actual Startup Time": 451.492,
                      "Actual Total Time": 451.734,
                      "Actual Rows": 238758,
                      "Actual Loops": 3,
                      "Hash Buckets": 1048576,
                      "Original Hash Buckets": 262144,
                      "Hash Batches": 1,
                      "Original Hash Batches": 1,
                      "Peak Memory Usage": 42400,
                      "Plans": [
                        {
                          "Node Type": "Hash Join",
                          "Parent Relationship": "Outer",
                          "Parallel Aware": true,
                          "Join Type": "Inner",
                          "Startup Cost": 46128.79,
                          "Total Cost": 75544.68,
                          "Plan Rows": 69154,
                          "Plan Width": 8,
                          "Actual Startup Time": 183.183,
                          "Actual Total Time": 372.059,
                          "Actual Rows": 238758,
                          "Actual Loops": 3,
                          "Inner Unique": true,
                          "Hash Cond": "(mc.movie_id = t.id)",
                          "Plans": [
                            {
                              "Node Type": "Seq Scan",
                              "Parent Relationship": "Outer",
                              "Parallel Aware": true,
                              "Relation Name": "movie_companies",
                              "Alias": "mc",
                              "Startup Cost": 0.0,
                              "Total Cost": 27206.55,
                              "Plan Rows": 841655,
                              "Plan Width": 4,
                              "Actual Startup Time": 0.007,
                              "Actual Total Time": 72.84,
                              "Actual Rows": 869710,
                              "Actual Loops": 3
                            },
                            {
                              "Node Type": "Hash",
                              "Parent Relationship": "Inner",
                              "Parallel Aware": true,
                              "Startup Cost": 45479.59,
                              "Total Cost": 45479.59,
                              "Plan Rows": 51936,
                              "Plan Width": 4,
                              "Actual Startup Time": 147.515,
                              "Actual Total Time": 147.516,
                              "Actual Rows": 113875,
                              "Actual Loops": 3,
                              "Hash Buckets": 524288,
                              "Original Hash Buckets": 262144,
                              "Hash Batches": 1,
                              "Original Hash Batches": 1,
                              "Peak Memory Usage": 19552,
                              "Plans": [
                                {
                                  "Node Type": "Seq Scan",
                                  "Parent Relationship": "Outer",
                                  "Parallel Aware": true,
                                  "Relation Name": "title",
                                  "Alias": "t",
                                  "Startup Cost": 0.0,
                                  "Total Cost": 45479.59,
                                  "Plan Rows": 51936,
                                  "Plan Width": 4,
                                  "Actual Startup Time": 58.223,
                                  "Actual Total Time": 107.113,
                                  "Actual Rows": 113875,
                                  "Actual Loops": 3,
                                  "Filter": "((production_year < 1995) AND (kind_id = 1))",
                                  "Rows Removed by Filter": 728895
                                }
                              ]
                            }
                          ]
                        }
                      ]
                    }
                  ]
                }
              ]
            }
          ]
        }
      ]
    },
    "Planning Time": 0.64,
    "Triggers": [],
    "Execution Time": 620.846
  }
]