[
  {
    "Plan": {
      "Node Type": "Aggregate",
      "Strategy": "Plain",
      "Partial Mode": "Finalize",
      "Parallel Aware": false,
      "Startup Cost": 391816.89,
      "Total Cost": 391816.9,
      "Plan Rows": 1,
      "Plan Width": 8,
      "Actual Startup Time": 1029.528,
      "Actual Total Time": 1060.617,
      "Actual Rows": 1,
      "Actual Loops": 1,
      "Plans": [
        {
          "Node Type": "Gather",
          "Parent Relationship": "Outer",
          "Parallel Aware": false,
          "Startup Cost": 391816.57,
          "Total Cost": 391816.88,
          "Plan Rows": 3,
          "Plan Width": 8,
          "Actual Startup Time": 1026.035,
          "Actual Total Time": 1060.607,
          "Actual Rows": 4,
          "Actual Loops": 1,
          "Workers Planned": 3,
          "Workers Launched": 3,
          "Single Copy": false,
          "Plans": [
            {
              "Node Type": "Aggregate",
              "Strategy": "Plain",
              "Partial Mode": "Partial",
              "Parent Relationship": "Outer",
              "Parallel Aware": false,
              "Startup Cost": 390816.57,
              "Total Cost": 390816.58,
              "Plan Rows": 1,
              "Plan Width": 8,
              "Actual Startup Time": 1016.61,
              "Actual Total Time": 1016.719,
              "Actual Rows": 1,
              "Actual Loops": 4,
              "Plans": [
                {
                  "Node Type": "Hash Join",
                  "Parent Relationship": "Outer",
                  "Parallel Aware": true,
                  "Join Type": "Inner",
                  "Startup Cost": 345630.68,
                  "Total Cost": 390416.92,
                  "Plan Rows": 159860,
                  "Plan Width": 0,
                  "Actual Startup Time": 561.5,
                  "Actual Total Time": 922.368,
                  "Actual Rows": 1661364,
                  "Actual Loops": 4,
                  "Inner Unique": false,
                  "Hash Cond": "(mk.movie_id = t.id)",
                  "Plans": [
                    {
                      "Node Type": "Seq Scan",
                      "Parent Relationship": "Outer",
                      "Parallel Aware": true,
                      "Relation Name": "movie_keyword",
                      "Alias": "mk",
                      "Startup Cost": 0.0,
                      "Total Cost": 39047.32,
                      "Plan Rows": 1459332,
                      "Plan Width": 4,
                      "Actual Startup Time": 0.029,
                      "Actual Total Time": 113.285,
                      "Actual Rows": 1130982,
                      "Actual Loops": 4
                    },
                    {
                      "Node Type": "Hash",
                      "Parent Relationship": "Inner",
                      "Parallel Aware": true,
                      "Startup Cost": 345053.65,
                      "Total Cost": 345053.65,
                      "Plan Rows": 46162,
                      "Plan Width": 8,
                      "Actual Startup Time": 508.119,
                      "Actual Total Time": 508.226,
                      "Actual Rows": 97194,
                      "Actual Loops": 4,
                      "Hash Buckets": 524288,
                      "Original Hash Buckets": 524288,
                      "Hash Batches": 1,
                      "Original Hash Batches": 1,
                      "Peak Memory Usage": 19392,
                      "Plans": [
                        {
                          "Node Type": "Hash Join",
                          "Parent Relationship": "Outer",
                          "Parallel Aware": true,
                          "Join Type": "Inner",
                          "Startup Cost": 87682.56,
                          "Total Cost": 345053.65,
                          "Plan Rows": 46162,
                          "Plan Width": 8,
                          "Actual Startup Time": 233.423,
                          "Actual Total Time": 468.405,
                          "Actual Rows": 97194,
                          "Actual Loops": 4,
                          "Inner Unique": true,
                          "Hash Cond": "(ci.movie_id = t.id)",
                          "Plans": [
                            {
                              "Node Type": "Bitmap Heap Scan",
                              "Parent Relationship": "Outer",
                              "Parallel Aware": true,
                              "Relation Name": "cast_info",
                              "Alias": "ci",
                              "Startup Cost": 41025.23,
                              "Total Cost": 297583.37,
                              "Plan Rows": 309692,
                              "Plan Width": 4,
                              "Actual Startup Time": 72.077,
                              "Actual Total Time": 164.5,
                              "Actual Rows": 480844,
                              "Actual Loops": 4,
                              "Recheck Cond": "(person_id < 188617)",
                              "Rows Removed by Index Recheck": 0,
                              "Exact Heap Blocks": 7561,
                              "Lossy Heap Blocks": 0,
                              "Plans": [
                                {
                                  "Node Type": "Bitmap Index Scan",
                                  "Parent Relationship": "Outer",
                                  "Parallel Aware": false,
                                  "Index Name": "person_id_cast_info",
                                  "Startup Cost": 0.0,
                                  "Total Cost": 40560.69,
                                  "Plan Rows": 1858150,
                                  "Plan Width": 0,
                                  "Actual Startup Time": 68.813,
                                  "Actual Total Time": 68.814,
                                  "Actual Rows": 1923375,
                                  "Actual Loops": 1,
                                  "Index Cond": "(person_id < 188617)"
                                }
                              ]
                            },
                            {
                              "Node Type": "Hash",
                              "Parent Relationship": "Inner",
                              "Parallel Aware": true,
                              "Startup Cost": 45479.59,
                              "Total Cost": 45479.59,
                              "Plan Rows": 94220,
                              "Plan Width": 4,
                              "Actual Startup Time": 159.255,
                              "Actual Total Time": 159.256,
                              "Actual Rows": 110007,
                              "Actual Loops": 4,
                              "Hash Buckets": 524288,
                              "Original Hash Buckets": 524288,
                              "Hash Batches": 1,
                              "Original Hash Batches": 1,
                              "Peak Memory Usage": 21376,
                              "Plans": [
                                {
                                  "Node Type": "Seq Scan",
                                  "Parent Relationship": "Outer",
                                  "Parallel Aware": true,
                                  "Relation Name": "title",
                                  "Alias": "t",
                                  "Startup Cost": 0.0,
                                  "Total Cost": 45479.59,
                                  "Plan Rows": 94220,
                                  "Plan Width": 4,
                                  "Actual Startup Time": 64.959,
                                  "Actual Total Time": 117.196,
                                  "Actual Rows": 110007,
                                  "Actual Loops": 4,
                                  "Filter": "((kind_id < 2) AND (production_year < 2006))",
                                  "Rows Removed by Filter": 522071
                                }
                              ]
                            }
                          ]
                        }
                      ]
                    }
                  ]
                }
              ]
            }
          ]
        }
      ]
    },
    "Planning Time": 1.41,
    "Triggers": [],
    "Execution Time": 1060.737
  }
]