{
  "Plan": {
    "Node Type": "Aggregate",
    "Strategy": "Plain",
    "Partial Mode": "Finalize",
    "Parallel Aware": false,
    "Startup Cost": 876529.62,
    "Total Cost": 876529.63,
    "Plan Rows": 1,
    "Plan Width": 8,
    "Actual Startup Time": 7017.897,
    "Actual Total Time": 7073.715,
    "Actual Rows": 1,
    "Actual Loops": 1,
    "Plans": [
      {
        "Node Type": "Gather",
        "Parent Relationship": "Outer",
        "Parallel Aware": false,
        "Startup Cost": 876529.5,
        "Total Cost": 876529.61,
        "Plan Rows": 1,
        "Plan Width": 8,
        "Actual Startup Time": 7007.457,
        "Actual Total Time": 7073.704,
        "Actual Rows": 2,
        "Actual Loops": 1,
        "Workers Planned": 1,
        "Workers Launched": 1,
        "Single Copy": false,
        "Plans": [
          {
            "Node Type": "Aggregate",
            "Strategy": "Plain",
            "Partial Mode": "Partial",
            "Parent Relationship": "Outer",
            "Parallel Aware": false,
            "Startup Cost": 875529.5,
            "Total Cost": 875529.51,
            "Plan Rows": 1,
            "Plan Width": 8,
            "Actual Startup Time": 6990.444,
            "Actual Total Time": 6992.165,
            "Actual Rows": 1,
            "Actual Loops": 2,
            "Plans": [
              {
                "Node Type": "Hash Join",
                "Parent Relationship": "Outer",
                "Parallel Aware": true,
                "Join Type": "Inner",
                "Startup Cost": 507032.26,
                "Total Cost": 858822.29,
                "Plan Rows": 6682886,
                "Plan Width": 0,
                "Actual Startup Time": 3133.512,
                "Actual Total Time": 6328.91,
                "Actual Rows": 16246082,
                "Actual Loops": 2,
                "Inner Unique": false,
                "Hash Cond": "(ci.movie_id = t.id)",
                "Plans": [
                  {
                    "Node Type": "Bitmap Heap Scan",
                    "Parent Relationship": "Outer",
                    "Parallel Aware": true,
                    "Relation Name": "cast_info",
                    "Alias": "ci",
                    "Startup Cost": 119734.36,
                    "Total Cost": 412282.65,
                    "Plan Rows": 3188903,
                    "Plan Width": 4,
                    "Actual Startup Time": 259.599,
                    "Actual Total Time": 550.393,
                    "Actual Rows": 2790032,
                    "Actual Loops": 2,
                    "Recheck Cond": "(person_id < 539051)",
                    "Rows Removed by Index Recheck": 0,
                    "Exact Heap Blocks": 29166,
                    "Lossy Heap Blocks": 0,
                    "Plans": [
                      {
                        "Node Type": "Bitmap Index Scan",
                        "Parent Relationship": "Outer",
                        "Parallel Aware": false,
                        "Index Name": "person_id_cast_info",
                        "Startup Cost": 0.0,
                        "Total Cost": 118379.08,
                        "Plan Rows": 5421135,
                        "Plan Width": 0,
                        "Actual Startup Time": 249.526,
                        "Actual Total Time": 249.527,
                        "Actual Rows": 5580065,
                        "Actual Loops": 1,
                        "Index Cond": "(person_id < 539051)"
                      }
                    ]
                  },
                  {
                    "Node Type": "Hash",
                    "Parent Relationship": "Inner",
                    "Parallel Aware": true,
                    "Startup Cost": 348338.59,
                    "Total Cost": 348338.59,
                    "Plan Rows": 3116745,
                    "Plan Width": 8,
                    "Actual Startup Time": 2841.405,
                    "Actual Total Time": 2843.123,
                    "Actual Rows": 2635284,
                    "Actual Loops": 2,
                    "Hash Buckets": 8388608,
                    "Original Hash Buckets": 8388608,
                    "Hash Batches": 1,
                    "Original Hash Batches": 1,
                    "Peak Memory Usage": 271744,
                    "Plans": [
                      {
                        "Node Type": "Hash Join",
                        "Parent Relationship": "Outer",
                        "Parallel Aware": true,
                        "Join Type": "Inner",
                        "Startup Cost": 69460.7,
                        "Total Cost": 348338.59,
                        "Plan Rows": 3116745,
                        "Plan Width": 8,
                        "Actual Startup Time": 549.954,
                        "Actual Total Time": 2085.844,
                        "Actual Rows": 2635284,
                        "Actual Loops": 2,
                        "Inner Unique": true,
                        "Hash Cond": "(mi.movie_id = t.id)",
                        "Plans": [
                          {
                            "Node Type": "Seq Scan",
                            "Parent Relationship": "Outer",
                            "Parallel Aware": true,
                            "Relation Name": "movie_info",
                            "Alias": "mi",
                            "Startup Cost": 0.0,
                            "Total Cost": 270696.42,
                            "Plan Rows": 3116745,
                            "Plan Width": 4,
                            "Actual Startup Time": 32.829,
                            "Actual Total Time": 668.587,
                            "Actual Rows": 2635284,
                            "Actual Loops": 2,
                            "Filter": "(info_type_id > 15)",
                            "Rows Removed by Filter": 4782576
                          },
                          {
                            "Node Type": "Hash",
                            "Parent Relationship": "Inner",
                            "Parallel Aware": true,
                            "Startup Cost": 50870.31,
                            "Total Cost": 50870.31,
                            "Plan Rows": 1487231,
                            "Plan Width": 4,
                            "Actual Startup Time": 506.328,
                            "Actual Total Time": 506.329,
                            "Actual Rows": 1264156,
                            "Actual Loops": 2,
                            "Hash Buckets": 4194304,
                            "Original Hash Buckets": 4194304,
                            "Hash Batches": 1,
                            "Original Hash Batches": 1,
                            "Peak Memory Usage": 131712,
                            "Plans": [
                              {
                                "Node Type": "Seq Scan",
                                "Parent Relationship": "Outer",
                                "Parallel Aware": true,
                                "Relation Name": "title",
                                "Alias": "t",
                                "Startup Cost": 0.0,
                                "Total Cost": 50870.31,
                                "Plan Rows": 1487231,
                                "Plan Width": 4,
                                "Actual Startup Time": 0.03,
                                "Actual Total Time": 149.071,
                                "Actual Rows": 1264156,
                                "Actual Loops": 2
                              }
                            ]
                          }
                        ]
                      }
                    ]
                  }
                ]
              }
            ]
          }
        ]
      }
    ]
  },
  "Planning Time": 1.183,
  "Triggers": [],
  "Execution Time": 7073.825
}