[
  {
    "Plan": {
      "Node Type": "Aggregate",
      "Strategy": "Plain",
      "Partial Mode": "Finalize",
      "Parallel Aware": false,
      "Startup Cost": 46893.91,
      "Total Cost": 46893.92,
      "Plan Rows": 1,
      "Plan Width": 8,
      "Actual Startup Time": 171.624,
      "Actual Total Time": 181.272,
      "Actual Rows": 1,
      "Actual Loops": 1,
      "Plans": [
        {
          "Node Type": "Gather",
          "Parent Relationship": "Outer",
          "Parallel Aware": false,
          "Startup Cost": 46893.59,
          "Total Cost": 46893.9,
          "Plan Rows": 3,
          "Plan Width": 8,
          "Actual Startup Time": 171.526,
          "Actual Total Time": 181.264,
          "Actual Rows": 4,
          "Actual Loops": 1,
          "Workers Planned": 3,
          "Workers Launched": 3,
          "Single Copy": false,
          "Plans": [
            {
              "Node Type": "Aggregate",
              "Strategy": "Plain",
              "Partial Mode": "Partial",
              "Parent Relationship": "Outer",
              "Parallel Aware": false,
              "Startup Cost": 45893.59,
              "Total Cost": 45893.6,
              "Plan Rows": 1,
              "Plan Width": 8,
              "Actual Startup Time": 163.87,
              "Actual Total Time": 163.871,
              "Actual Rows": 1,
              "Actual Loops": 4,
              "Plans": [
                {
                  "Node Type": "Seq Scan",
                  "Parent Relationship": "Outer",
                  "Parallel Aware": true,
                  "Relation Name": "movie_keyword",
                  "Alias": "mk",
                  "Startup Cost": 0.0,
                  "Total Cost": 42695.65,
                  "Plan Rows": 1279175,
                  "Plan Width": 0,
                  "Actual Startup Time": 0.054,
                  "Actual Total Time": 119.767,
                  "Actual Rows": 994148,
                  "Actual Loops": 4,
                  "Filter": "(keyword_id < 33639)",
                  "Rows Removed by Filter": 136834
                }
              ]
            }
          ]
        }
      ]
    },
    "Planning Time": 0.151,
    "Triggers": [],
    "Execution Time": 181.319
  }
]