[
  {
    "Plan": {
      "Node Type": "Aggregate",
      "Strategy": "Plain",
      "Partial Mode": "Finalize",
      "Parallel Aware": false,
      "Startup Cost": 46100.2,
      "Total Cost": 46100.21,
      "Plan Rows": 1,
      "Plan Width": 8,
      "Actual Startup Time": 161.172,
      "Actual Total Time": 170.685,
      "Actual Rows": 1,
      "Actual Loops": 1,
      "Plans": [
        {
          "Node Type": "Gather",
          "Parent Relationship": "Outer",
          "Parallel Aware": false,
          "Startup Cost": 46099.89,
          "Total Cost": 46100.2,
          "Plan Rows": 3,
          "Plan Width": 8,
          "Actual Startup Time": 161.077,
          "Actual Total Time": 170.678,
          "Actual Rows": 4,
          "Actual Loops": 1,
          "Workers Planned": 3,
          "Workers Launched": 3,
          "Single Copy": false,
          "Plans": [
            {
              "Node Type": "Aggregate",
              "Strategy": "Plain",
              "Partial Mode": "Partial",
              "Parent Relationship": "Outer",
              "Parallel Aware": false,
              "Startup Cost": 45099.89,
              "Total Cost": 45099.9,
              "Plan Rows": 1,
              "Plan Width": 8,
              "Actual Startup Time": 153.396,
              "Actual Total Time": 153.397,
              "Actual Rows": 1,
              "Actual Loops": 4,
              "Plans": [
                {
                  "Node Type": "Seq Scan",
                  "Parent Relationship": "Outer",
                  "Parallel Aware": true,
                  "Relation Name": "movie_keyword",
                  "Alias": "mk",
                  "Startup Cost": 0.0,
                  "Total Cost": 42695.65,
                  "Plan Rows": 961693,
                  "Plan Width": 0,
                  "Actual Startup Time": 0.059,
                  "Actual Total Time": 119.679,
                  "Actual Rows": 744626,
                  "Actual Loops": 4,
                  "Filter": "(keyword_id < 10219)",
                  "Rows Removed by Filter": 386356
                }
              ]
            }
          ]
        }
      ]
    },
    "Planning Time": 0.118,
    "Triggers": [],
    "Execution Time": 170.724
  }
]