[
  {
    "Plan": {
      "Node Type": "Aggregate",
      "Strategy": "Plain",
      "Partial Mode": "Finalize",
      "Parallel Aware": false,
      "Startup Cost": 333279.16,
      "Total Cost": 333279.17,
      "Plan Rows": 1,
      "Plan Width": 8,
      "Actual Startup Time": 597.885,
      "Actual Total Time": 660.619,
      "Actual Rows": 1,
      "Actual Loops": 1,
      "Plans": [
        {
          "Node Type": "Gather",
          "Parent Relationship": "Outer",
          "Parallel Aware": false,
          "Startup Cost": 333278.54,
          "Total Cost": 333279.15,
          "Plan Rows": 6,
          "Plan Width": 8,
          "Actual Startup Time": 597.747,
          "Actual Total Time": 660.61,
          "Actual Rows": 7,
          "Actual Loops": 1,
          "Workers Planned": 6,
          "Workers Launched": 6,
          "Single Copy": false,
          "Plans": [
            {
              "Node Type": "Aggregate",
              "Strategy": "Plain",
              "Partial Mode": "Partial",
              "Parent Relationship": "Outer",
              "Parallel Aware": false,
              "Startup Cost": 332278.54,
              "Total Cost": 332278.55,
              "Plan Rows": 1,
              "Plan Width": 8,
              "Actual Startup Time": 588.53,
              "Actual Total Time": 588.531,
              "Actual Rows": 1,
              "Actual Loops": 7,
              "Plans": [
                {
                  "Node Type": "Seq Scan",
                  "Parent Relationship": "Outer",
                  "Parallel Aware": true,
                  "Relation Name": "cast_info",
                  "Alias": "ci",
                  "Startup Cost": 0.0,
                  "Total Cost": 328162.03,
                  "Plan Rows": 1646604,
                  "Plan Width": 0,
                  "Actual Startup Time": 285.147,
                  "Actual Total Time": 533.457,
                  "Actual Rows": 1396931,
                  "Actual Loops": 7,
                  "Filter": "(person_id > 2732609)",
                  "Rows Removed by Filter": 3780833
                }
              ]
            }
          ]
        }
      ]
    },
    "Planning Time": 0.195,
    "Triggers": [],
    "Execution Time": 660.696
  }
]