[
  {
    "Plan": {
      "Node Type": "Aggregate",
      "Strategy": "Plain",
      "Partial Mode": "Finalize",
      "Parallel Aware": false,
      "Startup Cost": 45842.39,
      "Total Cost": 45842.4,
      "Plan Rows": 1,
      "Plan Width": 8,
      "Actual Startup Time": 160.601,
      "Actual Total Time": 170.313,
      "Actual Rows": 1,
      "Actual Loops": 1,
      "Plans": [
        {
          "Node Type": "Gather",
          "Parent Relationship": "Outer",
          "Parallel Aware": false,
          "Startup Cost": 45842.07,
          "Total Cost": 45842.38,
          "Plan Rows": 3,
          "Plan Width": 8,
          "Actual Startup Time": 160.464,
          "Actual Total Time": 170.304,
          "Actual Rows": 4,
          "Actual Loops": 1,
          "Workers Planned": 3,
          "Workers Launched": 3,
          "Single Copy": false,
          "Plans": [
            {
              "Node Type": "Aggregate",
              "Strategy": "Plain",
              "Partial Mode": "Partial",
              "Parent Relationship": "Outer",
              "Parallel Aware": false,
              "Startup Cost": 44842.07,
              "Total Cost": 44842.08,
              "Plan Rows": 1,
              "Plan Width": 8,
              "Actual Startup Time": 153.222,
              "Actual Total Time": 153.223,
              "Actual Rows": 1,
              "Actual Loops": 4,
              "Plans": [
                {
                  "Node Type": "Seq Scan",
                  "Parent Relationship": "Outer",
                  "Parallel Aware": true,
                  "Relation Name": "movie_keyword",
                  "Alias": "mk",
                  "Startup Cost": 0.0,
                  "Total Cost": 42695.65,
                  "Plan Rows": 858567,
                  "Plan Width": 0,
                  "Actual Startup Time": 0.069,
                  "Actual Total Time": 121.761,
                  "Actual Rows": 664802,
                  "Actual Loops": 4,
                  "Filter": "(keyword_id < 7396)",
                  "Rows Removed by Filter": 466181
                }
              ]
            }
          ]
        }
      ]
    },
    "Planning Time": 0.18,
    "Triggers": [],
    "Execution Time": 170.369
  }
]