[
  {
    "Plan": {
      "Node Type": "Aggregate",
      "Strategy": "Plain",
      "Partial Mode": "Finalize",
      "Parallel Aware": false,
      "Startup Cost": 260353.3,
      "Total Cost": 260353.31,
      "Plan Rows": 1,
      "Plan Width": 8,
      "Actual Startup Time": 483.67,
      "Actual Total Time": 534.225,
      "Actual Rows": 1,
      "Actual Loops": 1,
      "Plans": [
        {
          "Node Type": "Gather",
          "Parent Relationship": "Outer",
          "Parallel Aware": false,
          "Startup Cost": 260352.88,
          "Total Cost": 260353.29,
          "Plan Rows": 4,
          "Plan Width": 8,
          "Actual Startup Time": 483.355,
          "Actual Total Time": 534.215,
          "Actual Rows": 5,
          "Actual Loops": 1,
          "Workers Planned": 4,
          "Workers Launched": 4,
          "Single Copy": false,
          "Plans": [
            {
              "Node Type": "Aggregate",
              "Strategy": "Plain",
              "Partial Mode": "Partial",
              "Parent Relationship": "Outer",
              "Parallel Aware": false,
              "Startup Cost": 259352.88,
              "Total Cost": 259352.89,
              "Plan Rows": 1,
              "Plan Width": 8,
              "Actual Startup Time": 473.367,
              "Actual Total Time": 473.369,
              "Actual Rows": 1,
              "Actual Loops": 5,
              "Plans": [
                {
                  "Node Type": "Nested Loop",
                  "Parent Relationship": "Outer",
                  "Parallel Aware": false,
                  "Join Type": "Inner",
                  "Startup Cost": 1.0,
                  "Total Cost": 258611.47,
                  "Plan Rows": 296562,
                  "Plan Width": 0,
                  "Actual Startup Time": 0.681,
                  "Actual Total Time": 452.87,
                  "Actual Rows": 408620,
                  "Actual Loops": 5,
                  "Inner Unique": false,
                  "Join Filter": "(t.id = ci.movie_id)",
                  "Rows Removed by Join Filter": 0,
                  "Plans": [
                    {
                      "Node Type": "Nested Loop",
                      "Parent Relationship": "Outer",
                      "Parallel Aware": false,
                      "Join Type": "Inner",
                      "Startup Cost": 0.43,
                      "Total Cost": 221802.22,
                      "Plan Rows": 20696,
                      "Plan Width": 8,
                      "Actual Startup Time": 0.424,
                      "Actual Total Time": 121.197,
                      "Actual Rows": 18281,
                      "Actual Loops": 5,
                      "Inner Unique": false,
                      "Plans": [
                        {
                          "Node Type": "Seq Scan",
                          "Parent Relationship": "Outer",
                          "Parallel Aware": true,
                          "Relation Name": "title",
                          "Alias": "t",
                          "Startup Cost": 0.0,
                          "Total Cost": 43898.92,
                          "Plan Rows": 3540,
                          "Plan Width": 4,
                          "Actual Startup Time": 0.17,
                          "Actual Total Time": 59.617,
                          "Actual Rows": 2870,
                          "Actual Loops": 5,
                          "Filter": "(production_year = 1969)",
                          "Rows Removed by Filter": 502793
                        },
                        {
                          "Node Type": "Index Only Scan",
                          "Parent Relationship": "Inner",
                          "Parallel Aware": false,
                          "Scan Direction": "Forward",
                          "Index Name": "movie_id_movie_info",
                          "Relation Name": "movie_info",
                          "Alias": "mi",
                          "Startup Cost": 0.43,
                          "Total Cost": 49.84,
                          "Plan Rows": 42,
                          "Plan Width": 4,
                          "Actual Startup Time": 0.009,
                          "Actual Total Time": 0.02,
                          "Actual Rows": 6,
                          "Actual Loops": 14349,
                          "Index Cond": "(movie_id = t.id)",
                          "Rows Removed by Index Recheck": 0,
                          "Heap Fetches": 91403
                        }
                      ]
                    },
                    {
                      "Node Type": "Index Only Scan",
                      "Parent Relationship": "Inner",
                      "Parallel Aware": false,
                      "Scan Direction": "Forward",
                      "Index Name": "movie_id_cast_info",
                      "Relation Name": "cast_info",
                      "Alias": "ci",
                      "Startup Cost": 0.56,
                      "Total Cost": 1.32,
                      "Plan Rows": 37,
                      "Plan Width": 4,
                      "Actual Startup Time": 0.004,
                      "Actual Total Time": 0.016,
                      "Actual Rows": 22,
                      "Actual Loops": 91403,
                      "Index Cond": "(movie_id = mi.movie_id)",
                      "Rows Removed by Index Recheck": 0,
                      "Heap Fetches": 2043098
                    }
                  ]
                }
              ]
            }
          ]
        }
      ]
    },
    "Planning Time": 1.361,
    "Triggers": [],
    "Execution Time": 534.328
  }
]