[
    {
        "Bao": {
            "Bao prediction": "NaN",
            "Bao recommended hint": "(no hint)"
        }
    },
    {
        "Plan": {
            "Node Type": "Aggregate",
            "Strategy": "Plain",
            "Partial Mode": "Finalize",
            "Parallel Aware": false,
            "Startup Cost": 26049.92,
            "Total Cost": 26049.93,
            "Plan Rows": 1,
            "Plan Width": 8,
            "Actual Startup Time": 67.908,
            "Actual Total Time": 73.181,
            "Actual Rows": 1,
            "Actual Loops": 1,
            "Output": [
                "count(*)"
            ],
            "Plans": [
                {
                    "Node Type": "Gather",
                    "Parent Relationship": "Outer",
                    "Parallel Aware": false,
                    "Startup Cost": 26049.6,
                    "Total Cost": 26049.91,
                    "Plan Rows": 3,
                    "Plan Width": 8,
                    "Actual Startup Time": 67.692,
                    "Actual Total Time": 73.169,
                    "Actual Rows": 4,
                    "Actual Loops": 1,
                    "Output": [
                        "(PARTIAL count(*))"
                    ],
                    "Workers Planned": 3,
                    "Workers Launched": 3,
                    "Single Copy": false,
                    "Plans": [
                        {
                            "Node Type": "Aggregate",
                            "Strategy": "Plain",
                            "Partial Mode": "Partial",
                            "Parent Relationship": "Outer",
                            "Parallel Aware": false,
                            "Startup Cost": 25049.6,
                            "Total Cost": 25049.61,
                            "Plan Rows": 1,
                            "Plan Width": 8,
                            "Actual Startup Time": 58.115,
                            "Actual Total Time": 58.117,
                            "Actual Rows": 1,
                            "Actual Loops": 4,
                            "Output": [
                                "PARTIAL count(*)"
                            ],
                            "Workers": [
                                {
                                    "Worker Number": 0,
                                    "Actual Startup Time": 54.956,
                                    "Actual Total Time": 54.958,
                                    "Actual Rows": 1,
                                    "Actual Loops": 1
                                },
                                {
                                    "Worker Number": 1,
                                    "Actual Startup Time": 55.115,
                                    "Actual Total Time": 55.117,
                                    "Actual Rows": 1,
                                    "Actual Loops": 1
                                },
                                {
                                    "Worker Number": 2,
                                    "Actual Startup Time": 55.348,
                                    "Actual Total Time": 55.35,
                                    "Actual Rows": 1,
                                    "Actual Loops": 1
                                }
                            ],
                            "Plans": [
                                {
                                    "Node Type": "Bitmap Heap Scan",
                                    "Parent Relationship": "Outer",
                                    "Parallel Aware": true,
                                    "Relation Name": "movie_companies",
                                    "Schema": "public",
                                    "Alias": "mc",
                                    "Startup Cost": 5117.58,
                                    "Total Cost": 24859.27,
                                    "Plan Rows": 76135,
                                    "Plan Width": 0,
                                    "Actual Startup Time": 17.389,
                                    "Actual Total Time": 52.578,
                                    "Actual Rows": 59835,
                                    "Actual Loops": 4,
                                    "Recheck Cond": "(mc.company_id > 103286)",
                                    "Rows Removed by Index Recheck": 0,
                                    "Exact Heap Blocks": 2221,
                                    "Lossy Heap Blocks": 0,
                                    "Workers": [
                                        {
                                            "Worker Number": 0,
                                            "Actual Startup Time": 14.319,
                                            "Actual Total Time": 50.032,
                                            "Actual Rows": 41528,
                                            "Actual Loops": 1
                                        },
                                        {
                                            "Worker Number": 1,
                                            "Actual Startup Time": 14.574,
                                            "Actual Total Time": 50.373,
                                            "Actual Rows": 40478,
                                            "Actual Loops": 1
                                        },
                                        {
                                            "Worker Number": 2,
                                            "Actual Startup Time": 14.71,
                                            "Actual Total Time": 50.617,
                                            "Actual Rows": 40708,
                                            "Actual Loops": 1
                                        }
                                    ],
                                    "Plans": [
                                        {
                                            "Node Type": "Bitmap Index Scan",
                                            "Parent Relationship": "Outer",
                                            "Parallel Aware": false,
                                            "Index Name": "company_id_movie_companies",
                                            "Startup Cost": 0.0,
                                            "Total Cost": 5058.57,
                                            "Plan Rows": 236019,
                                            "Plan Width": 0,
                                            "Actual Startup Time": 24.932,
                                            "Actual Total Time": 24.932,
                                            "Actual Rows": 239339,
                                            "Actual Loops": 1,
                                            "Index Cond": "(mc.company_id > 103286)"
                                        }
                                    ]
                                }
                            ]
                        }
                    ]
                }
            ]
        },
        "Planning Time": 276.296,
        "Triggers": [],
        "Execution Time": 73.305
    }
]