[
  {
    "Plan": {
      "Node Type": "Aggregate",
      "Strategy": "Plain",
      "Partial Mode": "Finalize",
      "Parallel Aware": false,
      "Startup Cost": 33175.14,
      "Total Cost": 33175.15,
      "Plan Rows": 1,
      "Plan Width": 8,
      "Actual Startup Time": 95.088,
      "Actual Total Time": 102.9,
      "Actual Rows": 1,
      "Actual Loops": 1,
      "Plans": [
        {
          "Node Type": "Gather",
          "Parent Relationship": "Outer",
          "Parallel Aware": false,
          "Startup Cost": 33174.82,
          "Total Cost": 33175.13,
          "Plan Rows": 3,
          "Plan Width": 8,
          "Actual Startup Time": 94.984,
          "Actual Total Time": 102.893,
          "Actual Rows": 4,
          "Actual Loops": 1,
          "Workers Planned": 3,
          "Workers Launched": 3,
          "Single Copy": false,
          "Plans": [
            {
              "Node Type": "Aggregate",
              "Strategy": "Plain",
              "Partial Mode": "Partial",
              "Parent Relationship": "Outer",
              "Parallel Aware": false,
              "Startup Cost": 32174.82,
              "Total Cost": 32174.83,
              "Plan Rows": 1,
              "Plan Width": 8,
              "Actual Startup Time": 86.714,
              "Actual Total Time": 86.715,
              "Actual Rows": 1,
              "Actual Loops": 4,
              "Plans": [
                {
                  "Node Type": "Seq Scan",
                  "Parent Relationship": "Outer",
                  "Parallel Aware": true,
                  "Relation Name": "movie_companies",
                  "Alias": "mc",
                  "Startup Cost": 0.0,
                  "Total Cost": 31414.82,
                  "Plan Rows": 304002,
                  "Plan Width": 0,
                  "Actual Startup Time": 0.482,
                  "Actual Total Time": 77.429,
                  "Actual Rows": 195377,
                  "Actual Loops": 4,
                  "Filter": "((company_id > 1263) AND (company_type_id < 2))",
                  "Rows Removed by Filter": 456905
                }
              ]
            }
          ]
        }
      ]
    },
    "Planning Time": 0.139,
    "Triggers": [],
    "Execution Time": 102.938
  }
]