{
  "Plan": {
    "Node Type": "Aggregate",
    "Strategy": "Plain",
    "Partial Mode": "Finalize",
    "Parallel Aware": false,
    "Startup Cost": 180279.09,
    "Total Cost": 180279.1,
    "Plan Rows": 1,
    "Plan Width": 8,
    "Actual Startup Time": 1550.864,
    "Actual Total Time": 1575.069,
    "Actual Rows": 1,
    "Actual Loops": 1,
    "Plans": [
      {
        "Node Type": "Gather",
        "Parent Relationship": "Outer",
        "Parallel Aware": false,
        "Startup Cost": 180278.98,
        "Total Cost": 180279.09,
        "Plan Rows": 1,
        "Plan Width": 8,
        "Actual Startup Time": 1545.565,
        "Actual Total Time": 1575.061,
        "Actual Rows": 2,
        "Actual Loops": 1,
        "Workers Planned": 1,
        "Workers Launched": 1,
        "Single Copy": false,
        "Plans": [
          {
            "Node Type": "Aggregate",
            "Strategy": "Plain",
            "Partial Mode": "Partial",
            "Parent Relationship": "Outer",
            "Parallel Aware": false,
            "Startup Cost": 179278.98,
            "Total Cost": 179278.99,
            "Plan Rows": 1,
            "Plan Width": 8,
            "Actual Startup Time": 1537.382,
            "Actual Total Time": 1537.388,
            "Actual Rows": 1,
            "Actual Loops": 2,
            "Plans": [
              {
                "Node Type": "Hash Join",
                "Parent Relationship": "Outer",
                "Parallel Aware": true,
                "Join Type": "Inner",
                "Startup Cost": 134534.38,
                "Total Cost": 178290.76,
                "Plan Rows": 395288,
                "Plan Width": 0,
                "Actual Startup Time": 956.759,
                "Actual Total Time": 1411.717,
                "Actual Rows": 3112936,
                "Actual Loops": 2,
                "Inner Unique": false,
                "Hash Cond": "(mc.movie_id = t.id)",
                "Plans": [
                  {
                    "Node Type": "Seq Scan",
                    "Parent Relationship": "Outer",
                    "Parallel Aware": true,
                    "Relation Name": "movie_companies",
                    "Alias": "mc",
                    "Startup Cost": 0.0,
                    "Total Cost": 37974.77,
                    "Plan Rows": 921701,
                    "Plan Width": 4,
                    "Actual Startup Time": 0.018,
                    "Actual Total Time": 111.163,
                    "Actual Rows": 778606,
                    "Actual Loops": 2,
                    "Filter": "(company_id < 14916)",
                    "Rows Removed by Filter": 525958
                  },
                  {
                    "Node Type": "Hash",
                    "Parent Relationship": "Inner",
                    "Parallel Aware": true,
                    "Startup Cost": 126561.57,
                    "Total Cost": 126561.57,
                    "Plan Rows": 637825,
                    "Plan Width": 8,
                    "Actual Startup Time": 937.663,
                    "Actual Total Time": 937.667,
                    "Actual Rows": 543034,
                    "Actual Loops": 2,
                    "Hash Buckets": 2097152,
                    "Original Hash Buckets": 2097152,
                    "Hash Batches": 1,
                    "Original Hash Batches": 1,
                    "Peak Memory Usage": 58912,
                    "Plans": [
                      {
                        "Node Type": "Hash Join",
                        "Parent Relationship": "Outer",
                        "Parallel Aware": true,
                        "Join Type": "Inner",
                        "Startup Cost": 92460.47,
                        "Total Cost": 126561.57,
                        "Plan Rows": 637825,
                        "Plan Width": 8,
                        "Actual Startup Time": 597.736,
                        "Actual Total Time": 823.414,
                        "Actual Rows": 543034,
                        "Actual Loops": 2,
                        "Inner Unique": true,
                        "Hash Cond": "(mk.movie_id = t.id)",
                        "Plans": [
                          {
                            "Node Type": "Bitmap Heap Scan",
                            "Parent Relationship": "Outer",
                            "Parallel Aware": true,
                            "Relation Name": "movie_keyword",
                            "Alias": "mk",
                            "Startup Cost": 22999.77,
                            "Total Cost": 55426.58,
                            "Plan Rows": 637825,
                            "Plan Width": 4,
                            "Actual Startup Time": 78.175,
                            "Actual Total Time": 170.351,
                            "Actual Rows": 543034,
                            "Actual Loops": 2,
                            "Recheck Cond": "(keyword_id > 16284)",
                            "Rows Removed by Index Recheck": 0,
                            "Exact Heap Blocks": 11906,
                            "Lossy Heap Blocks": 0,
                            "Plans": [
                              {
                                "Node Type": "Bitmap Index Scan",
                                "Parent Relationship": "Outer",
                                "Parallel Aware": false,
                                "Index Name": "keyword_id_movie_keyword",
                                "Startup Cost": 0.0,
                                "Total Cost": 22728.7,
                                "Plan Rows": 1084302,
                                "Plan Width": 0,
                                "Actual Startup Time": 74.65,
                                "Actual Total Time": 74.651,
                                "Actual Rows": 1086069,
                                "Actual Loops": 1,
                                "Index Cond": "(keyword_id > 16284)"
                              }
                            ]
                          },
                          {
                            "Node Type": "Hash",
                            "Parent Relationship": "Inner",
                            "Parallel Aware": true,
                            "Startup Cost": 50870.31,
                            "Total Cost": 50870.31,
                            "Plan Rows": 1487231,
                            "Plan Width": 4,
                            "Actual Startup Time": 506.515,
                            "Actual Total Time": 506.516,
                            "Actual Rows": 1264156,
                            "Actual Loops": 2,
                            "Hash Buckets": 4194304,
                            "Original Hash Buckets": 4194304,
                            "Hash Batches": 1,
                            "Original Hash Batches": 1,
                            "Peak Memory Usage": 131712,
                            "Plans": [
                              {
                                "Node Type": "Seq Scan",
                                "Parent Relationship": "Outer",
                                "Parallel Aware": true,
                                "Relation Name": "title",
                                "Alias": "t",
                                "Startup Cost": 0.0,
                                "Total Cost": 50870.31,
                                "Plan Rows": 1487231,
                                "Plan Width": 4,
                                "Actual Startup Time": 0.028,
                                "Actual Total Time": 148.106,
                                "Actual Rows": 1264156,
                                "Actual Loops": 2
                              }
                            ]
                          }
                        ]
                      }
                    ]
                  }
                ]
              }
            ]
          }
        ]
      }
    ]
  },
  "Planning Time": 0.856,
  "Triggers": [],
  "Execution Time": 1575.171
}