[
  {
    "Plan": {
      "Node Type": "Aggregate",
      "Strategy": "Plain",
      "Partial Mode": "Finalize",
      "Parallel Aware": false,
      "Startup Cost": 170514.56,
      "Total Cost": 170514.57,
      "Plan Rows": 1,
      "Plan Width": 8,
      "Actual Startup Time": 1027.632,
      "Actual Total Time": 1133.72,
      "Actual Rows": 1,
      "Actual Loops": 1,
      "Plans": [
        {
          "Node Type": "Gather",
          "Parent Relationship": "Outer",
          "Parallel Aware": false,
          "Startup Cost": 170514.14,
          "Total Cost": 170514.55,
          "Plan Rows": 4,
          "Plan Width": 8,
          "Actual Startup Time": 1026.339,
          "Actual Total Time": 1133.708,
          "Actual Rows": 5,
          "Actual Loops": 1,
          "Workers Planned": 4,
          "Workers Launched": 4,
          "Single Copy": false,
          "Plans": [
            {
              "Node Type": "Aggregate",
              "Strategy": "Plain",
              "Partial Mode": "Partial",
              "Parent Relationship": "Outer",
              "Parallel Aware": false,
              "Startup Cost": 169514.14,
              "Total Cost": 169514.15,
              "Plan Rows": 1,
              "Plan Width": 8,
              "Actual Startup Time": 1015.763,
              "Actual Total Time": 1015.77,
              "Actual Rows": 1,
              "Actual Loops": 5,
              "Plans": [
                {
                  "Node Type": "Nested Loop",
                  "Parent Relationship": "Outer",
                  "Parallel Aware": false,
                  "Join Type": "Inner",
                  "Startup Cost": 29258.05,
                  "Total Cost": 169430.65,
                  "Plan Rows": 33398,
                  "Plan Width": 0,
                  "Actual Startup Time": 91.48,
                  "Actual Total Time": 1012.715,
                  "Actual Rows": 29117,
                  "Actual Loops": 5,
                  "Inner Unique": false,
                  "Plans": [
                    {
                      "Node Type": "Hash Join",
                      "Parent Relationship": "Outer",
                      "Parallel Aware": true,
                      "Join Type": "Inner",
                      "Startup Cost": 29257.48,
                      "Total Cost": 74887.33,
                      "Plan Rows": 46732,
                      "Plan Width": 8,
                      "Actual Startup Time": 90.801,
                      "Actual Total Time": 265.569,
                      "Actual Rows": 16444,
                      "Actual Loops": 5,
                      "Inner Unique": false,
                      "Hash Cond": "(t.id = mc.movie_id)",
                      "Plans": [
                        {
                          "Node Type": "Seq Scan",
                          "Parent Relationship": "Outer",
                          "Parallel Aware": true,
                          "Relation Name": "title",
                          "Alias": "t",
                          "Startup Cost": 0.0,
                          "Total Cost": 42318.73,
                          "Plan Rows": 632073,
                          "Plan Width": 4,
                          "Actual Startup Time": 0.012,
                          "Actual Total Time": 72.658,
                          "Actual Rows": 505662,
                          "Actual Loops": 5
                        },
                        {
                          "Node Type": "Hash",
                          "Parent Relationship": "Inner",
                          "Parallel Aware": true,
                          "Startup Cost": 28503.74,
                          "Total Cost": 28503.74,
                          "Plan Rows": 60299,
                          "Plan Width": 4,
                          "Actual Startup Time": 88.777,
                          "Actual Total Time": 88.779,
                          "Actual Rows": 16444,
                          "Actual Loops": 5,
                          "Hash Buckets": 262144,
                          "Original Hash Buckets": 262144,
                          "Hash Batches": 1,
                          "Original Hash Batches": 1,
                          "Peak Memory Usage": 5312,
                          "Plans": [
                            {
                              "Node Type": "Bitmap Heap Scan",
                              "Parent Relationship": "Outer",
                              "Parallel Aware": true,
                              "Relation Name": "movie_companies",
                              "Alias": "mc",
                              "Startup Cost": 7932.34,
                              "Total Cost": 28503.74,
                              "Plan Rows": 60299,
                              "Plan Width": 4,
                              "Actual Startup Time": 68.296,
                              "Actual Total Time": 82.13,
                              "Actual Rows": 16444,
                              "Actual Loops": 5,
                              "Recheck Cond": "(company_id < 184)",
                              "Rows Removed by Index Recheck": 0,
                              "Filter": "(company_type_id = 2)",
                              "Rows Removed by Filter": 55921,
                              "Exact Heap Blocks": 8230,
                              "Lossy Heap Blocks": 0,
                              "Plans": [
                                {
                                  "Node Type": "Bitmap Index Scan",
                                  "Parent Relationship": "Outer",
                                  "Parallel Aware": false,
                                  "Index Name": "company_id_movie_companies",
                                  "Startup Cost": 0.0,
                                  "Total Cost": 7885.61,
                                  "Plan Rows": 368157,
                                  "Plan Width": 0,
                                  "Actual Startup Time": 28.449,
                                  "Actual Total Time": 28.45,
                                  "Actual Rows": 361826,
                                  "Actual Loops": 1,
                                  "Index Cond": "(company_id < 184)"
                                }
                              ]
                            }
                          ]
                        }
                      ]
                    },
                    {
                      "Node Type": "Index Scan",
                      "Parent Relationship": "Inner",
                      "Parallel Aware": false,
                      "Scan Direction": "Forward",
                      "Index Name": "movie_id_cast_info",
                      "Relation Name": "cast_info",
                      "Alias": "ci",
                      "Startup Cost": 0.56,
                      "Total Cost": 2.0,
                      "Plan Rows": 2,
                      "Plan Width": 4,
                      "Actual Startup Time": 0.031,
                      "Actual Total Time": 0.045,
                      "Actual Rows": 2,
                      "Actual Loops": 82220,
                      "Index Cond": "(movie_id = t.id)",
                      "Rows Removed by Index Recheck": 0,
                      "Filter": "((person_id > 2018474) AND (role_id = 3))",
                      "Rows Removed by Filter": 24
                    }
                  ]
                }
              ]
            }
          ]
        }
      ]
    },
    "Planning Time": 1.518,
    "Triggers": [],
    "Execution Time": 1133.867
  }
]