{
  "Plan": {
    "Node Type": "Aggregate",
    "Strategy": "Plain",
    "Partial Mode": "Finalize",
    "Parallel Aware": false,
    "Startup Cost": 69545.86,
    "Total Cost": 69545.87,
    "Plan Rows": 1,
    "Plan Width": 8,
    "Actual Startup Time": 82.595,
    "Actual Total Time": 96.163,
    "Actual Rows": 1,
    "Actual Loops": 1,
    "Plans": [
      {
        "Node Type": "Gather",
        "Parent Relationship": "Outer",
        "Parallel Aware": false,
        "Startup Cost": 69545.75,
        "Total Cost": 69545.86,
        "Plan Rows": 1,
        "Plan Width": 8,
        "Actual Startup Time": 81.905,
        "Actual Total Time": 96.151,
        "Actual Rows": 2,
        "Actual Loops": 1,
        "Workers Planned": 1,
        "Workers Launched": 1,
        "Single Copy": false,
        "Plans": [
          {
            "Node Type": "Aggregate",
            "Strategy": "Plain",
            "Partial Mode": "Partial",
            "Parent Relationship": "Outer",
            "Parallel Aware": false,
            "Startup Cost": 68545.75,
            "Total Cost": 68545.76,
            "Plan Rows": 1,
            "Plan Width": 8,
            "Actual Startup Time": 76.049,
            "Actual Total Time": 76.052,
            "Actual Rows": 1,
            "Actual Loops": 2,
            "Plans": [
              {
                "Node Type": "Nested Loop",
                "Parent Relationship": "Outer",
                "Parallel Aware": false,
                "Join Type": "Inner",
                "Startup Cost": 251.41,
                "Total Cost": 68542.22,
                "Plan Rows": 1411,
                "Plan Width": 0,
                "Actual Startup Time": 7.268,
                "Actual Total Time": 75.808,
                "Actual Rows": 3315,
                "Actual Loops": 2,
                "Inner Unique": false,
                "Plans": [
                  {
                    "Node Type": "Nested Loop",
                    "Parent Relationship": "Outer",
                    "Parallel Aware": false,
                    "Join Type": "Inner",
                    "Startup Cost": 250.85,
                    "Total Cost": 63644.85,
                    "Plan Rows": 621,
                    "Plan Width": 8,
                    "Actual Startup Time": 6.054,
                    "Actual Total Time": 46.328,
                    "Actual Rows": 222,
                    "Actual Loops": 2,
                    "Inner Unique": true,
                    "Plans": [
                      {
                        "Node Type": "Bitmap Heap Scan",
                        "Parent Relationship": "Outer",
                        "Parallel Aware": true,
                        "Relation Name": "movie_keyword",
                        "Alias": "mk",
                        "Startup Cost": 250.42,
                        "Total Cost": 20432.52,
                        "Plan Rows": 6830,
                        "Plan Width": 4,
                        "Actual Startup Time": 5.53,
                        "Actual Total Time": 18.742,
                        "Actual Rows": 5154,
                        "Actual Loops": 2,
                        "Recheck Cond": "(keyword_id = 870)",
                        "Rows Removed by Index Recheck": 0,
                        "Exact Heap Blocks": 6709,
                        "Lossy Heap Blocks": 0,
                        "Plans": [
                          {
                            "Node Type": "Bitmap Index Scan",
                            "Parent Relationship": "Outer",
                            "Parallel Aware": false,
                            "Index Name": "keyword_id_movie_keyword",
                            "Startup Cost": 0.0,
                            "Total Cost": 247.51,
                            "Plan Rows": 11611,
                            "Plan Width": 0,
                            "Actual Startup Time": 7.043,
                            "Actual Total Time": 7.044,
                            "Actual Rows": 10307,
                            "Actual Loops": 1,
                            "Index Cond": "(keyword_id = 870)"
                          }
                        ]
                      },
                      {
                        "Node Type": "Index Scan",
                        "Parent Relationship": "Inner",
                        "Parallel Aware": false,
                        "Scan Direction": "Forward",
                        "Index Name": "title_pkey",
                        "Relation Name": "title",
                        "Alias": "t",
                        "Startup Cost": 0.43,
                        "Total Cost": 6.33,
                        "Plan Rows": 1,
                        "Plan Width": 4,
                        "Actual Startup Time": 0.005,
                        "Actual Total Time": 0.005,
                        "Actual Rows": 0,
                        "Actual Loops": 10307,
                        "Index Cond": "(id = mk.movie_id)",
                        "Rows Removed by Index Recheck": 0,
                        "Filter": "(production_year > 2011)",
                        "Rows Removed by Filter": 1
                      }
                    ]
                  },
                  {
                    "Node Type": "Index Scan",
                    "Parent Relationship": "Inner",
                    "Parallel Aware": false,
                    "Scan Direction": "Forward",
                    "Index Name": "movie_id_cast_info",
                    "Relation Name": "cast_info",
                    "Alias": "ci",
                    "Startup Cost": 0.56,
                    "Total Cost": 7.83,
                    "Plan Rows": 6,
                    "Plan Width": 4,
                    "Actual Startup Time": 0.103,
                    "Actual Total Time": 0.131,
                    "Actual Rows": 15,
                    "Actual Loops": 445,
                    "Index Cond": "(movie_id = t.id)",
                    "Rows Removed by Index Recheck": 0,
                    "Filter": "(role_id > 8)",
                    "Rows Removed by Filter": 34
                  }
                ]
              }
            ]
          }
        ]
      }
    ]
  },
  "Planning Time": 0.948,
  "Triggers": [],
  "Execution Time": 96.263
}