[
  {
    "Plan": {
      "Node Type": "Aggregate",
      "Strategy": "Plain",
      "Partial Mode": "Finalize",
      "Parallel Aware": false,
      "Startup Cost": 345041.94,
      "Total Cost": 345041.95,
      "Plan Rows": 1,
      "Plan Width": 8,
      "Actual Startup Time": 640.589,
      "Actual Total Time": 686.323,
      "Actual Rows": 1,
      "Actual Loops": 1,
      "Plans": [
        {
          "Node Type": "Gather",
          "Parent Relationship": "Outer",
          "Parallel Aware": false,
          "Startup Cost": 345041.31,
          "Total Cost": 345041.92,
          "Plan Rows": 6,
          "Plan Width": 8,
          "Actual Startup Time": 640.272,
          "Actual Total Time": 686.309,
          "Actual Rows": 7,
          "Actual Loops": 1,
          "Workers Planned": 6,
          "Workers Launched": 6,
          "Single Copy": false,
          "Plans": [
            {
              "Node Type": "Aggregate",
              "Strategy": "Plain",
              "Partial Mode": "Partial",
              "Parent Relationship": "Outer",
              "Parallel Aware": false,
              "Startup Cost": 344041.31,
              "Total Cost": 344041.32,
              "Plan Rows": 1,
              "Plan Width": 8,
              "Actual Startup Time": 630.723,
              "Actual Total Time": 630.725,
              "Actual Rows": 1,
              "Actual Loops": 7,
              "Plans": [
                {
                  "Node Type": "Seq Scan",
                  "Parent Relationship": "Outer",
                  "Parallel Aware": true,
                  "Relation Name": "cast_info",
                  "Alias": "ci",
                  "Startup Cost": 0.0,
                  "Total Cost": 343316.27,
                  "Plan Rows": 290017,
                  "Plan Width": 0,
                  "Actual Startup Time": 352.54,
                  "Actual Total Time": 622.421,
                  "Actual Rows": 162340,
                  "Actual Loops": 7,
                  "Filter": "((person_id < 393027) AND (role_id > 2))",
                  "Rows Removed by Filter": 5015424
                }
              ]
            }
          ]
        }
      ]
    },
    "Planning Time": 0.204,
    "Triggers": [],
    "Execution Time": 686.393
  }
]