[
  {
    "Plan": {
      "Node Type": "Aggregate",
      "Strategy": "Plain",
      "Partial Mode": "Finalize",
      "Parallel Aware": false,
      "Startup Cost": 345004.55,
      "Total Cost": 345004.56,
      "Plan Rows": 1,
      "Plan Width": 8,
      "Actual Startup Time": 760.854,
      "Actual Total Time": 828.003,
      "Actual Rows": 1,
      "Actual Loops": 1,
      "Plans": [
        {
          "Node Type": "Gather",
          "Parent Relationship": "Outer",
          "Parallel Aware": false,
          "Startup Cost": 345003.93,
          "Total Cost": 345004.54,
          "Plan Rows": 6,
          "Plan Width": 8,
          "Actual Startup Time": 760.565,
          "Actual Total Time": 827.992,
          "Actual Rows": 7,
          "Actual Loops": 1,
          "Workers Planned": 6,
          "Workers Launched": 6,
          "Single Copy": false,
          "Plans": [
            {
              "Node Type": "Aggregate",
              "Strategy": "Plain",
              "Partial Mode": "Partial",
              "Parent Relationship": "Outer",
              "Parallel Aware": false,
              "Startup Cost": 344003.93,
              "Total Cost": 344003.94,
              "Plan Rows": 1,
              "Plan Width": 8,
              "Actual Startup Time": 750.421,
              "Actual Total Time": 750.422,
              "Actual Rows": 1,
              "Actual Loops": 7,
              "Plans": [
                {
                  "Node Type": "Seq Scan",
                  "Parent Relationship": "Outer",
                  "Parallel Aware": true,
                  "Relation Name": "cast_info",
                  "Alias": "ci",
                  "Startup Cost": 0.0,
                  "Total Cost": 343257.03,
                  "Plan Rows": 298759,
                  "Plan Width": 0,
                  "Actual Startup Time": 417.032,
                  "Actual Total Time": 740.657,
                  "Actual Rows": 162340,
                  "Actual Loops": 7,
                  "Filter": "((person_id < 393027) AND (role_id > 2))",
                  "Rows Removed by Filter": 5015424
                }
              ]
            }
          ]
        }
      ]
    },
    "Planning Time": 0.223,
    "Triggers": [],
    "Execution Time": 828.074
  }
]