[
  {
    "Plan": {
      "Node Type": "Aggregate",
      "Strategy": "Plain",
      "Partial Mode": "Finalize",
      "Parallel Aware": false,
      "Startup Cost": 335093.06,
      "Total Cost": 335093.07,
      "Plan Rows": 1,
      "Plan Width": 8,
      "Actual Startup Time": 757.026,
      "Actual Total Time": 806.368,
      "Actual Rows": 1,
      "Actual Loops": 1,
      "Plans": [
        {
          "Node Type": "Gather",
          "Parent Relationship": "Outer",
          "Parallel Aware": false,
          "Startup Cost": 335092.44,
          "Total Cost": 335093.05,
          "Plan Rows": 6,
          "Plan Width": 8,
          "Actual Startup Time": 756.808,
          "Actual Total Time": 806.353,
          "Actual Rows": 7,
          "Actual Loops": 1,
          "Workers Planned": 6,
          "Workers Launched": 6,
          "Single Copy": false,
          "Plans": [
            {
              "Node Type": "Aggregate",
              "Strategy": "Plain",
              "Partial Mode": "Partial",
              "Parent Relationship": "Outer",
              "Parallel Aware": false,
              "Startup Cost": 334092.44,
              "Total Cost": 334092.45,
              "Plan Rows": 1,
              "Plan Width": 8,
              "Actual Startup Time": 748.939,
              "Actual Total Time": 748.941,
              "Actual Rows": 1,
              "Actual Loops": 7,
              "Plans": [
                {
                  "Node Type": "Seq Scan",
                  "Parent Relationship": "Outer",
                  "Parallel Aware": true,
                  "Relation Name": "cast_info",
                  "Alias": "ci",
                  "Startup Cost": 0.0,
                  "Total Cost": 328211.39,
                  "Plan Rows": 2352418,
                  "Plan Width": 0,
                  "Actual Startup Time": 276.759,
                  "Actual Total Time": 640.204,
                  "Actual Rows": 1973253,
                  "Actual Loops": 7,
                  "Filter": "(person_id > 2287192)",
                  "Rows Removed by Filter": 3204510
                }
              ]
            }
          ]
        }
      ]
    },
    "Planning Time": 0.09,
    "Triggers": [],
    "Execution Time": 806.449
  }
]