[
  {
    "Plan": {
      "Node Type": "Aggregate",
      "Strategy": "Plain",
      "Partial Mode": "Finalize",
      "Parallel Aware": false,
      "Startup Cost": 382306.2,
      "Total Cost": 382306.21,
      "Plan Rows": 1,
      "Plan Width": 8,
      "Actual Startup Time": 1251.612,
      "Actual Total Time": 1312.563,
      "Actual Rows": 1,
      "Actual Loops": 1,
      "Plans": [
        {
          "Node Type": "Gather",
          "Parent Relationship": "Outer",
          "Parallel Aware": false,
          "Startup Cost": 382305.57,
          "Total Cost": 382306.18,
          "Plan Rows": 6,
          "Plan Width": 8,
          "Actual Startup Time": 1226.078,
          "Actual Total Time": 1312.55,
          "Actual Rows": 7,
          "Actual Loops": 1,
          "Workers Planned": 6,
          "Workers Launched": 6,
          "Single Copy": false,
          "Plans": [
            {
              "Node Type": "Aggregate",
              "Strategy": "Plain",
              "Partial Mode": "Partial",
              "Parent Relationship": "Outer",
              "Parallel Aware": false,
              "Startup Cost": 381305.57,
              "Total Cost": 381305.58,
              "Plan Rows": 1,
              "Plan Width": 8,
              "Actual Startup Time": 1203.805,
              "Actual Total Time": 1203.809,
              "Actual Rows": 1,
              "Actual Loops": 7,
              "Plans": [
                {
                  "Node Type": "Hash Join",
                  "Parent Relationship": "Outer",
                  "Parallel Aware": true,
                  "Join Type": "Inner",
                  "Startup Cost": 50220.38,
                  "Total Cost": 379903.72,
                  "Plan Rows": 560741,
                  "Plan Width": 0,
                  "Actual Startup Time": 789.411,
                  "Actual Total Time": 1176.449,
                  "Actual Rows": 469744,
                  "Actual Loops": 7,
                  "Inner Unique": true,
                  "Hash Cond": "(ci.movie_id = t.id)",
                  "Plans": [
                    {
                      "Node Type": "Seq Scan",
                      "Parent Relationship": "Outer",
                      "Parallel Aware": true,
                      "Relation Name": "cast_info",
                      "Alias": "ci",
                      "Startup Cost": 0.0,
                      "Total Cost": 328211.39,
                      "Plan Rows": 560741,
                      "Plan Width": 4,
                      "Actual Startup Time": 483.023,
                      "Actual Total Time": 617.4,
                      "Actual Rows": 469744,
                      "Actual Loops": 7,
                      "Filter": "(person_id > 3456251)",
                      "Rows Removed by Filter": 4708020
                    },
                    {
                      "Node Type": "Hash",
                      "Parent Relationship": "Inner",
                      "Parallel Aware": true,
                      "Startup Cost": 42319.06,
                      "Total Cost": 42319.06,
                      "Plan Rows": 632106,
                      "Plan Width": 4,
                      "Actual Startup Time": 299.341,
                      "Actual Total Time": 299.342,
                      "Actual Rows": 361187,
                      "Actual Loops": 7,
                      "Hash Buckets": 4194304,
                      "Original Hash Buckets": 4194304,
                      "Hash Batches": 1,
                      "Original Hash Batches": 1,
                      "Peak Memory Usage": 131776,
                      "Plans": [
                        {
                          "Node Type": "Seq Scan",
                          "Parent Relationship": "Outer",
                          "Parallel Aware": true,
                          "Relation Name": "title",
                          "Alias": "t",
                          "Startup Cost": 0.0,
                          "Total Cost": 42319.06,
                          "Plan Rows": 632106,
                          "Plan Width": 4,
                          "Actual Startup Time": 0.057,
                          "Actual Total Time": 89.43,
                          "Actual Rows": 361187,
                          "Actual Loops": 7
                        }
                      ]
                    }
                  ]
                }
              ]
            }
          ]
        }
      ]
    },
    "Planning Time": 0.562,
    "Triggers": [],
    "Execution Time": 1312.646
  }
]