[
    {
        "Bao": {
            "Bao prediction": "NaN",
            "Bao recommended hint": "(no hint)"
        }
    },
    {
        "Plan": {
            "Node Type": "Aggregate",
            "Strategy": "Plain",
            "Partial Mode": "Finalize",
            "Parallel Aware": false,
            "Startup Cost": 237692.33,
            "Total Cost": 237692.34,
            "Plan Rows": 1,
            "Plan Width": 8,
            "Actual Startup Time": 1579.29,
            "Actual Total Time": 1642.485,
            "Actual Rows": 1,
            "Actual Loops": 1,
            "Output": [
                "count(*)"
            ],
            "Plans": [
                {
                    "Node Type": "Gather",
                    "Parent Relationship": "Outer",
                    "Parallel Aware": false,
                    "Startup Cost": 237691.91,
                    "Total Cost": 237692.32,
                    "Plan Rows": 4,
                    "Plan Width": 8,
                    "Actual Startup Time": 1575.526,
                    "Actual Total Time": 1642.472,
                    "Actual Rows": 5,
                    "Actual Loops": 1,
                    "Output": [
                        "(PARTIAL count(*))"
                    ],
                    "Workers Planned": 4,
                    "Workers Launched": 4,
                    "Single Copy": false,
                    "Plans": [
                        {
                            "Node Type": "Aggregate",
                            "Strategy": "Plain",
                            "Partial Mode": "Partial",
                            "Parent Relationship": "Outer",
                            "Parallel Aware": false,
                            "Startup Cost": 236691.91,
                            "Total Cost": 236691.92,
                            "Plan Rows": 1,
                            "Plan Width": 8,
                            "Actual Startup Time": 1564.271,
                            "Actual Total Time": 1564.274,
                            "Actual Rows": 1,
                            "Actual Loops": 5,
                            "Output": [
                                "PARTIAL count(*)"
                            ],
                            "Workers": [
                                {
                                    "Worker Number": 0,
                                    "Actual Startup Time": 1562.075,
                                    "Actual Total Time": 1562.078,
                                    "Actual Rows": 1,
                                    "Actual Loops": 1
                                },
                                {
                                    "Worker Number": 1,
                                    "Actual Startup Time": 1561.178,
                                    "Actual Total Time": 1561.181,
                                    "Actual Rows": 1,
                                    "Actual Loops": 1
                                },
                                {
                                    "Worker Number": 2,
                                    "Actual Startup Time": 1561.175,
                                    "Actual Total Time": 1561.178,
                                    "Actual Rows": 1,
                                    "Actual Loops": 1
                                },
                                {
                                    "Worker Number": 3,
                                    "Actual Startup Time": 1562.41,
                                    "Actual Total Time": 1562.413,
                                    "Actual Rows": 1,
                                    "Actual Loops": 1
                                }
                            ],
                            "Plans": [
                                {
                                    "Node Type": "Nested Loop",
                                    "Parent Relationship": "Outer",
                                    "Parallel Aware": false,
                                    "Join Type": "Inner",
                                    "Startup Cost": 17532.08,
                                    "Total Cost": 234467.52,
                                    "Plan Rows": 889755,
                                    "Plan Width": 0,
                                    "Actual Startup Time": 93.838,
                                    "Actual Total Time": 1504.915,
                                    "Actual Rows": 960722,
                                    "Actual Loops": 5,
                                    "Inner Unique": false,
                                    "Workers": [
                                        {
                                            "Worker Number": 0,
                                            "Actual Startup Time": 91.429,
                                            "Actual Total Time": 1500.549,
                                            "Actual Rows": 790266,
                                            "Actual Loops": 1
                                        },
                                        {
                                            "Worker Number": 1,
                                            "Actual Startup Time": 90.821,
                                            "Actual Total Time": 1508.032,
                                            "Actual Rows": 1128250,
                                            "Actual Loops": 1
                                        },
                                        {
                                            "Worker Number": 2,
                                            "Actual Startup Time": 90.721,
                                            "Actual Total Time": 1499.144,
                                            "Actual Rows": 797861,
                                            "Actual Loops": 1
                                        },
                                        {
                                            "Worker Number": 3,
                                            "Actual Startup Time": 92.115,
                                            "Actual Total Time": 1511.459,
                                            "Actual Rows": 1092459,
                                            "Actual Loops": 1
                                        }
                                    ],
                                    "Plans": [
                                        {
                                            "Node Type": "Hash Join",
                                            "Parent Relationship": "Outer",
                                            "Parallel Aware": true,
                                            "Join Type": "Inner",
                                            "Startup Cost": 17531.52,
                                            "Total Cost": 64541.37,
                                            "Plan Rows": 62053,
                                            "Plan Width": 8,
                                            "Actual Startup Time": 93.738,
                                            "Actual Total Time": 294.327,
                                            "Actual Rows": 27388,
                                            "Actual Loops": 5,
                                            "Output": [
                                                "t.id",
                                                "mi_idx.movie_id"
                                            ],
                                            "Inner Unique": false,
                                            "Hash Cond": "(t.id = mi_idx.movie_id)",
                                            "Workers": [
                                                {
                                                    "Worker Number": 0,
                                                    "Actual Startup Time": 91.282,
                                                    "Actual Total Time": 285.129,
                                                    "Actual Rows": 22492,
                                                    "Actual Loops": 1
                                                },
                                                {
                                                    "Worker Number": 1,
                                                    "Actual Startup Time": 90.729,
                                                    "Actual Total Time": 293.522,
                                                    "Actual Rows": 32266,
                                                    "Actual Loops": 1
                                                },
                                                {
                                                    "Worker Number": 2,
                                                    "Actual Startup Time": 90.594,
                                                    "Actual Total Time": 288.44,
                                                    "Actual Rows": 22615,
                                                    "Actual Loops": 1
                                                },
                                                {
                                                    "Worker Number": 3,
                                                    "Actual Startup Time": 92.012,
                                                    "Actual Total Time": 289.804,
                                                    "Actual Rows": 31191,
                                                    "Actual Loops": 1
                                                }
                                            ],
                                            "Plans": [
                                                {
                                                    "Node Type": "Seq Scan",
                                                    "Parent Relationship": "Outer",
                                                    "Parallel Aware": true,
                                                    "Relation Name": "title",
                                                    "Schema": "public",
                                                    "Alias": "t",
                                                    "Startup Cost": 0.0,
                                                    "Total Cost": 45479.21,
                                                    "Plan Rows": 339224,
                                                    "Plan Width": 4,
                                                    "Actual Startup Time": 0.019,
                                                    "Actual Total Time": 83.978,
                                                    "Actual Rows": 267937,
                                                    "Actual Loops": 5,
                                                    "Output": [
                                                        "t.id",
                                                        "t.title",
                                                        "t.imdb_index",
                                                        "t.kind_id",
                                                        "t.production_year",
                                                        "t.imdb_id",
                                                        "t.phonetic_code",
                                                        "t.episode_of_id",
                                                        "t.season_nr",
                                                        "t.episode_nr",
                                                        "t.series_years",
                                                        "t.md5sum"
                                                    ],
                                                    "Filter": "((t.kind_id > 4) AND (t.production_year < 2012))",
                                                    "Rows Removed by Filter": 237725,
                                                    "Workers": [
                                                        {
                                                            "Worker Number": 0,
                                                            "Actual Startup Time": 0.023,
                                                            "Actual Total Time": 87.552,
                                                            "Actual Rows": 221770,
                                                            "Actual Loops": 1
                                                        },
                                                        {
                                                            "Worker Number": 1,
                                                            "Actual Startup Time": 0.022,
                                                            "Actual Total Time": 81.082,
                                                            "Actual Rows": 313705,
                                                            "Actual Loops": 1
                                                        },
                                                        {
                                                            "Worker Number": 2,
                                                            "Actual Startup Time": 0.016,
                                                            "Actual Total Time": 88.921,
                                                            "Actual Rows": 221899,
                                                            "Actual Loops": 1
                                                        },
                                                        {
                                                            "Worker Number": 3,
                                                            "Actual Startup Time": 0.02,
                                                            "Actual Total Time": 79.773,
                                                            "Actual Rows": 305285,
                                                            "Actual Loops": 1
                                                        }
                                                    ]
                                                },
                                                {
                                                    "Node Type": "Hash",
                                                    "Parent Relationship": "Inner",
                                                    "Parallel Aware": true,
                                                    "Startup Cost": 15122.68,
                                                    "Total Cost": 15122.68,
                                                    "Plan Rows": 192707,
                                                    "Plan Width": 4,
                                                    "Actual Startup Time": 90.429,
                                                    "Actual Total Time": 90.43,
                                                    "Actual Rows": 91985,
                                                    "Actual Loops": 5,
                                                    "Output": [
                                                        "mi_idx.movie_id"
                                                    ],
                                                    "Hash Buckets": 524288,
                                                    "Original Hash Buckets": 524288,
                                                    "Hash Batches": 1,
                                                    "Original Hash Batches": 1,
                                                    "Peak Memory Usage": 22176,
                                                    "Workers": [
                                                        {
                                                            "Worker Number": 0,
                                                            "Actual Startup Time": 90.732,
                                                            "Actual Total Time": 90.733,
                                                            "Actual Rows": 84057,
                                                            "Actual Loops": 1
                                                        },
                                                        {
                                                            "Worker Number": 1,
                                                            "Actual Startup Time": 90.047,
                                                            "Actual Total Time": 90.047,
                                                            "Actual Rows": 99314,
                                                            "Actual Loops": 1
                                                        },
                                                        {
                                                            "Worker Number": 2,
                                                            "Actual Startup Time": 90.058,
                                                            "Actual Total Time": 90.059,
                                                            "Actual Rows": 77009,
                                                            "Actual Loops": 1
                                                        },
                                                        {
                                                            "Worker Number": 3,
                                                            "Actual Startup Time": 91.3,
                                                            "Actual Total Time": 91.301,
                                                            "Actual Rows": 97736,
                                                            "Actual Loops": 1
                                                        }
                                                    ],
                                                    "Plans": [
                                                        {
                                                            "Node Type": "Seq Scan",
                                                            "Parent Relationship": "Outer",
                                                            "Parallel Aware": true,
                                                            "Relation Name": "movie_info_idx",
                                                            "Schema": "public",
                                                            "Alias": "mi_idx",
                                                            "Startup Cost": 0.0,
                                                            "Total Cost": 15122.68,
                                                            "Plan Rows": 192707,
                                                            "Plan Width": 4,
                                                            "Actual Startup Time": 0.062,
                                                            "Actual Total Time": 44.115,
                                                            "Actual Rows": 91985,
                                                            "Actual Loops": 5,
                                                            "Output": [
                                                                "mi_idx.movie_id"
                                                            ],
                                                            "Filter": "(mi_idx.info_type_id = 100)",
                                                            "Rows Removed by Filter": 184022,
                                                            "Workers": [
                                                                {
                                                                    "Worker Number": 0,
                                                                    "Actual Startup Time": 0.068,
                                                                    "Actual Total Time": 46.611,
                                                                    "Actual Rows": 84057,
                                                                    "Actual Loops": 1
                                                                },
                                                                {
                                                                    "Worker Number": 1,
                                                                    "Actual Startup Time": 0.07,
                                                                    "Actual Total Time": 42.388,
                                                                    "Actual Rows": 99314,
                                                                    "Actual Loops": 1
                                                                },
                                                                {
                                                                    "Worker Number": 2,
                                                                    "Actual Startup Time": 0.073,
                                                                    "Actual Total Time": 44.665,
                                                                    "Actual Rows": 77009,
                                                                    "Actual Loops": 1
                                                                },
                                                                {
                                                                    "Worker Number": 3,
                                                                    "Actual Startup Time": 0.068,
                                                                    "Actual Total Time": 45.445,
                                                                    "Actual Rows": 97736,
                                                                    "Actual Loops": 1
                                                                }
                                                            ]
                                                        }
                                                    ]
                                                }
                                            ]
                                        },
                                        {
                                            "Node Type": "Index Only Scan",
                                            "Parent Relationship": "Inner",
                                            "Parallel Aware": false,
                                            "Scan Direction": "Forward",
                                            "Index Name": "movie_id_cast_info",
                                            "Relation Name": "cast_info",
                                            "Schema": "public",
                                            "Alias": "ci",
                                            "Startup Cost": 0.56,
                                            "Total Cost": 2.36,
                                            "Plan Rows": 38,
                                            "Plan Width": 4,
                                            "Actual Startup Time": 0.009,
                                            "Actual Total Time": 0.041,
                                            "Actual Rows": 35,
                                            "Actual Loops": 136939,
                                            "Output": [
                                                "ci.movie_id"
                                            ],
                                            "Index Cond": "(ci.movie_id = t.id)",
                                            "Rows Removed by Index Recheck": 0,
                                            "Heap Fetches": 4803611,
                                            "Workers": [
                                                {
                                                    "Worker Number": 0,
                                                    "Actual Startup Time": 0.012,
                                                    "Actual Total Time": 0.05,
                                                    "Actual Rows": 35,
                                                    "Actual Loops": 22492
                                                },
                                                {
                                                    "Worker Number": 1,
                                                    "Actual Startup Time": 0.008,
                                                    "Actual Total Time": 0.035,
                                                    "Actual Rows": 35,
                                                    "Actual Loops": 32266
                                                },
                                                {
                                                    "Worker Number": 2,
                                                    "Actual Startup Time": 0.012,
                                                    "Actual Total Time": 0.049,
                                                    "Actual Rows": 35,
                                                    "Actual Loops": 22615
                                                },
                                                {
                                                    "Worker Number": 3,
                                                    "Actual Startup Time": 0.008,
                                                    "Actual Total Time": 0.036,
                                                    "Actual Rows": 35,
                                                    "Actual Loops": 31191
                                                }
                                            ]
                                        }
                                    ]
                                }
                            ]
                        }
                    ]
                }
            ]
        },
        "Planning Time": 281.058,
        "Triggers": [],
        "Execution Time": 1642.7
    }
]