[
  {
    "Plan": {
      "Node Type": "Aggregate",
      "Strategy": "Plain",
      "Partial Mode": "Finalize",
      "Parallel Aware": false,
      "Startup Cost": 32940.77,
      "Total Cost": 32940.78,
      "Plan Rows": 1,
      "Plan Width": 8,
      "Actual Startup Time": 101.418,
      "Actual Total Time": 109.765,
      "Actual Rows": 1,
      "Actual Loops": 1,
      "Plans": [
        {
          "Node Type": "Gather",
          "Parent Relationship": "Outer",
          "Parallel Aware": false,
          "Startup Cost": 32940.45,
          "Total Cost": 32940.76,
          "Plan Rows": 3,
          "Plan Width": 8,
          "Actual Startup Time": 101.329,
          "Actual Total Time": 109.757,
          "Actual Rows": 4,
          "Actual Loops": 1,
          "Workers Planned": 3,
          "Workers Launched": 3,
          "Single Copy": false,
          "Plans": [
            {
              "Node Type": "Aggregate",
              "Strategy": "Plain",
              "Partial Mode": "Partial",
              "Parent Relationship": "Outer",
              "Parallel Aware": false,
              "Startup Cost": 31940.45,
              "Total Cost": 31940.46,
              "Plan Rows": 1,
              "Plan Width": 8,
              "Actual Startup Time": 93.129,
              "Actual Total Time": 93.13,
              "Actual Rows": 1,
              "Actual Loops": 4,
              "Plans": [
                {
                  "Node Type": "Seq Scan",
                  "Parent Relationship": "Outer",
                  "Parallel Aware": true,
                  "Relation Name": "movie_companies",
                  "Alias": "mc",
                  "Startup Cost": 0.0,
                  "Total Cost": 31414.82,
                  "Plan Rows": 210254,
                  "Plan Width": 0,
                  "Actual Startup Time": 49.665,
                  "Actual Total Time": 84.118,
                  "Actual Rows": 225746,
                  "Actual Loops": 4,
                  "Filter": "((company_id > 11373) AND (company_type_id > 1))",
                  "Rows Removed by Filter": 426536
                }
              ]
            }
          ]
        }
      ]
    },
    "Planning Time": 0.222,
    "Triggers": [],
    "Execution Time": 109.823
  }
]