{
  "Plan": {
    "Node Type": "Aggregate",
    "Strategy": "Plain",
    "Partial Mode": "Finalize",
    "Parallel Aware": false,
    "Startup Cost": 331204.99,
    "Total Cost": 331205.0,
    "Plan Rows": 1,
    "Plan Width": 8,
    "Actual Startup Time": 1327.126,
    "Actual Total Time": 1376.3,
    "Actual Rows": 1,
    "Actual Loops": 1,
    "Plans": [
      {
        "Node Type": "Gather",
        "Parent Relationship": "Outer",
        "Parallel Aware": false,
        "Startup Cost": 331204.88,
        "Total Cost": 331204.99,
        "Plan Rows": 1,
        "Plan Width": 8,
        "Actual Startup Time": 1327.023,
        "Actual Total Time": 1376.293,
        "Actual Rows": 2,
        "Actual Loops": 1,
        "Workers Planned": 1,
        "Workers Launched": 1,
        "Single Copy": false,
        "Plans": [
          {
            "Node Type": "Aggregate",
            "Strategy": "Plain",
            "Partial Mode": "Partial",
            "Parent Relationship": "Outer",
            "Parallel Aware": false,
            "Startup Cost": 330204.88,
            "Total Cost": 330204.89,
            "Plan Rows": 1,
            "Plan Width": 8,
            "Actual Startup Time": 1321.462,
            "Actual Total Time": 1321.464,
            "Actual Rows": 1,
            "Actual Loops": 2,
            "Plans": [
              {
                "Node Type": "Hash Join",
                "Parent Relationship": "Outer",
                "Parallel Aware": true,
                "Join Type": "Inner",
                "Startup Cost": 58359.44,
                "Total Cost": 330142.93,
                "Plan Rows": 24779,
                "Plan Width": 0,
                "Actual Startup Time": 128.641,
                "Actual Total Time": 1318.982,
                "Actual Rows": 46136,
                "Actual Loops": 2,
                "Inner Unique": true,
                "Hash Cond": "(mi.movie_id = t.id)",
                "Plans": [
                  {
                    "Node Type": "Seq Scan",
                    "Parent Relationship": "Outer",
                    "Parallel Aware": true,
                    "Relation Name": "movie_info",
                    "Alias": "mi",
                    "Startup Cost": 0.0,
                    "Total Cost": 248955.74,
                    "Plan Rows": 8696274,
                    "Plan Width": 4,
                    "Actual Startup Time": 0.008,
                    "Actual Total Time": 606.452,
                    "Actual Rows": 7417860,
                    "Actual Loops": 2
                  },
                  {
                    "Node Type": "Hash",
                    "Parent Relationship": "Inner",
                    "Parallel Aware": true,
                    "Startup Cost": 58306.47,
                    "Total Cost": 58306.47,
                    "Plan Rows": 4238,
                    "Plan Width": 4,
                    "Actual Startup Time": 127.344,
                    "Actual Total Time": 127.345,
                    "Actual Rows": 4063,
                    "Actual Loops": 2,
                    "Hash Buckets": 8192,
                    "Original Hash Buckets": 8192,
                    "Hash Batches": 1,
                    "Original Hash Batches": 1,
                    "Peak Memory Usage": 416,
                    "Plans": [
                      {
                        "Node Type": "Seq Scan",
                        "Parent Relationship": "Outer",
                        "Parallel Aware": true,
                        "Relation Name": "title",
                        "Alias": "t",
                        "Startup Cost": 0.0,
                        "Total Cost": 58306.47,
                        "Plan Rows": 4238,
                        "Plan Width": 4,
                        "Actual Startup Time": 0.899,
                        "Actual Total Time": 126.06,
                        "Actual Rows": 4063,
                        "Actual Loops": 2,
                        "Filter": "((kind_id < 7) AND (production_year = 1987))",
                        "Rows Removed by Filter": 1260093
                      }
                    ]
                  }
                ]
              }
            ]
          }
        ]
      }
    ]
  },
  "Planning Time": 0.187,
  "Triggers": [],
  "Execution Time": 1376.352
}