[
  {
    "Plan": {
      "Node Type": "Aggregate",
      "Strategy": "Plain",
      "Partial Mode": "Finalize",
      "Parallel Aware": false,
      "Startup Cost": 381008.48,
      "Total Cost": 381008.49,
      "Plan Rows": 1,
      "Plan Width": 8,
      "Actual Startup Time": 2005.764,
      "Actual Total Time": 2056.231,
      "Actual Rows": 1,
      "Actual Loops": 1,
      "Plans": [
        {
          "Node Type": "Gather",
          "Parent Relationship": "Outer",
          "Parallel Aware": false,
          "Startup Cost": 381007.86,
          "Total Cost": 381008.47,
          "Plan Rows": 6,
          "Plan Width": 8,
          "Actual Startup Time": 2002.486,
          "Actual Total Time": 2056.218,
          "Actual Rows": 7,
          "Actual Loops": 1,
          "Workers Planned": 6,
          "Workers Launched": 6,
          "Single Copy": false,
          "Plans": [
            {
              "Node Type": "Aggregate",
              "Strategy": "Plain",
              "Partial Mode": "Partial",
              "Parent Relationship": "Outer",
              "Parallel Aware": false,
              "Startup Cost": 380007.86,
              "Total Cost": 380007.87,
              "Plan Rows": 1,
              "Plan Width": 8,
              "Actual Startup Time": 1994.469,
              "Actual Total Time": 1994.473,
              "Actual Rows": 1,
              "Actual Loops": 7,
              "Plans": [
                {
                  "Node Type": "Hash Join",
                  "Parent Relationship": "Outer",
                  "Parallel Aware": true,
                  "Join Type": "Inner",
                  "Startup Cost": 47389.69,
                  "Total Cost": 376356.34,
                  "Plan Rows": 1460605,
                  "Plan Width": 0,
                  "Actual Startup Time": 126.451,
                  "Actual Total Time": 1918.254,
                  "Actual Rows": 1376442,
                  "Actual Loops": 7,
                  "Inner Unique": true,
                  "Hash Cond": "(ci.movie_id = t.id)",
                  "Plans": [
                    {
                      "Node Type": "Seq Scan",
                      "Parent Relationship": "Outer",
                      "Parallel Aware": true,
                      "Relation Name": "cast_info",
                      "Alias": "ci",
                      "Startup Cost": 0.0,
                      "Total Cost": 313106.51,
                      "Plan Rows": 6041951,
                      "Plan Width": 4,
                      "Actual Startup Time": 0.04,
                      "Actual Total Time": 599.229,
                      "Actual Rows": 5177763,
                      "Actual Loops": 7
                    },
                    {
                      "Node Type": "Hash",
                      "Parent Relationship": "Inner",
                      "Parallel Aware": true,
                      "Startup Cost": 45479.59,
                      "Total Cost": 45479.59,
                      "Plan Rows": 152808,
                      "Plan Width": 4,
                      "Actual Startup Time": 124.329,
                      "Actual Total Time": 124.33,
                      "Actual Rows": 75851,
                      "Actual Loops": 7,
                      "Hash Buckets": 1048576,
                      "Original Hash Buckets": 1048576,
                      "Hash Batches": 1,
                      "Original Hash Batches": 1,
                      "Peak Memory Usage": 29088,
                      "Plans": [
                        {
                          "Node Type": "Seq Scan",
                          "Parent Relationship": "Outer",
                          "Parallel Aware": true,
                          "Relation Name": "title",
                          "Alias": "t",
                          "Startup Cost": 0.0,
                          "Total Cost": 45479.59,
                          "Plan Rows": 152808,
                          "Plan Width": 4,
                          "Actual Startup Time": 42.755,
                          "Actual Total Time": 86.593,
                          "Actual Rows": 75851,
                          "Actual Loops": 7,
                          "Filter": "((production_year > 1933) AND (kind_id = 1))",
                          "Rows Removed by Filter": 285337
                        }
                      ]
                    }
                  ]
                }
              ]
            }
          ]
        }
      ]
    },
    "Planning Time": 0.276,
    "Triggers": [],
    "Execution Time": 2056.291
  }
]