[
  {
    "Plan": {
      "Node Type": "Aggregate",
      "Strategy": "Plain",
      "Partial Mode": "Finalize",
      "Parallel Aware": false,
      "Startup Cost": 30893.16,
      "Total Cost": 30893.17,
      "Plan Rows": 1,
      "Plan Width": 8,
      "Actual Startup Time": 90.04,
      "Actual Total Time": 98.003,
      "Actual Rows": 1,
      "Actual Loops": 1,
      "Plans": [
        {
          "Node Type": "Gather",
          "Parent Relationship": "Outer",
          "Parallel Aware": false,
          "Startup Cost": 30892.84,
          "Total Cost": 30893.15,
          "Plan Rows": 3,
          "Plan Width": 8,
          "Actual Startup Time": 89.934,
          "Actual Total Time": 97.996,
          "Actual Rows": 4,
          "Actual Loops": 1,
          "Workers Planned": 3,
          "Workers Launched": 3,
          "Single Copy": false,
          "Plans": [
            {
              "Node Type": "Aggregate",
              "Strategy": "Plain",
              "Partial Mode": "Partial",
              "Parent Relationship": "Outer",
              "Parallel Aware": false,
              "Startup Cost": 29892.84,
              "Total Cost": 29892.85,
              "Plan Rows": 1,
              "Plan Width": 8,
              "Actual Startup Time": 82.359,
              "Actual Total Time": 82.36,
              "Actual Rows": 1,
              "Actual Loops": 4,
              "Plans": [
                {
                  "Node Type": "Seq Scan",
                  "Parent Relationship": "Outer",
                  "Parallel Aware": true,
                  "Relation Name": "movie_companies",
                  "Alias": "mc",
                  "Startup Cost": 0.0,
                  "Total Cost": 29310.68,
                  "Plan Rows": 232863,
                  "Plan Width": 0,
                  "Actual Startup Time": 28.697,
                  "Actual Total Time": 75.029,
                  "Actual Rows": 184086,
                  "Actual Loops": 4,
                  "Filter": "(company_id > 39418)",
                  "Rows Removed by Filter": 468196
                }
              ]
            }
          ]
        }
      ]
    },
    "Planning Time": 0.13,
    "Triggers": [],
    "Execution Time": 98.044
  }
]