[
  {
    "Plan": {
      "Node Type": "Aggregate",
      "Strategy": "Plain",
      "Partial Mode": "Finalize",
      "Parallel Aware": false,
      "Startup Cost": 376990.03,
      "Total Cost": 376990.04,
      "Plan Rows": 1,
      "Plan Width": 8,
      "Actual Startup Time": 1490.756,
      "Actual Total Time": 1539.511,
      "Actual Rows": 1,
      "Actual Loops": 1,
      "Plans": [
        {
          "Node Type": "Gather",
          "Parent Relationship": "Outer",
          "Parallel Aware": false,
          "Startup Cost": 376989.4,
          "Total Cost": 376990.01,
          "Plan Rows": 6,
          "Plan Width": 8,
          "Actual Startup Time": 1488.653,
          "Actual Total Time": 1539.492,
          "Actual Rows": 7,
          "Actual Loops": 1,
          "Workers Planned": 6,
          "Workers Launched": 6,
          "Single Copy": false,
          "Plans": [
            {
              "Node Type": "Aggregate",
              "Strategy": "Plain",
              "Partial Mode": "Partial",
              "Parent Relationship": "Outer",
              "Parallel Aware": false,
              "Startup Cost": 375989.4,
              "Total Cost": 375989.41,
              "Plan Rows": 1,
              "Plan Width": 8,
              "Actual Startup Time": 1480.716,
              "Actual Total Time": 1480.756,
              "Actual Rows": 1,
              "Actual Loops": 7,
              "Plans": [
                {
                  "Node Type": "Hash Join",
                  "Parent Relationship": "Outer",
                  "Parallel Aware": true,
                  "Join Type": "Inner",
                  "Startup Cost": 46009.57,
                  "Total Cost": 374976.23,
                  "Plan Rows": 405269,
                  "Plan Width": 0,
                  "Actual Startup Time": 100.992,
                  "Actual Total Time": 1453.738,
                  "Actual Rows": 575791,
                  "Actual Loops": 7,
                  "Inner Unique": true,
                  "Hash Cond": "(ci.movie_id = t.id)",
                  "Plans": [
                    {
                      "Node Type": "Seq Scan",
                      "Parent Relationship": "Outer",
                      "Parallel Aware": true,
                      "Relation Name": "cast_info",
                      "Alias": "ci",
                      "Startup Cost": 0.0,
                      "Total Cost": 313106.51,
                      "Plan Rows": 6041951,
                      "Plan Width": 4,
                      "Actual Startup Time": 0.035,
                      "Actual Total Time": 537.75,
                      "Actual Rows": 5177763,
                      "Actual Loops": 7
                    },
                    {
                      "Node Type": "Hash",
                      "Parent Relationship": "Inner",
                      "Parallel Aware": true,
                      "Startup Cost": 45479.59,
                      "Total Cost": 45479.59,
                      "Plan Rows": 42399,
                      "Plan Width": 4,
                      "Actual Startup Time": 99.692,
                      "Actual Total Time": 99.694,
                      "Actual Rows": 44375,
                      "Actual Loops": 7,
                      "Hash Buckets": 524288,
                      "Original Hash Buckets": 262144,
                      "Hash Batches": 1,
                      "Original Hash Batches": 1,
                      "Peak Memory Usage": 18400,
                      "Plans": [
                        {
                          "Node Type": "Seq Scan",
                          "Parent Relationship": "Outer",
                          "Parallel Aware": true,
                          "Relation Name": "title",
                          "Alias": "t",
                          "Startup Cost": 0.0,
                          "Total Cost": 45479.59,
                          "Plan Rows": 42399,
                          "Plan Width": 4,
                          "Actual Startup Time": 43.755,
                          "Actual Total Time": 74.394,
                          "Actual Rows": 44375,
                          "Actual Loops": 7,
                          "Filter": "((kind_id < 2) AND (production_year < 1989))",
                          "Rows Removed by Filter": 316812
                        }
                      ]
                    }
                  ]
                }
              ]
            }
          ]
        }
      ]
    },
    "Planning Time": 0.284,
    "Triggers": [],
    "Execution Time": 1539.567
  }
]