[
  {
    "Plan": {
      "Node Type": "Aggregate",
      "Strategy": "Plain",
      "Partial Mode": "Finalize",
      "Parallel Aware": false,
      "Startup Cost": 82551.32,
      "Total Cost": 82551.33,
      "Plan Rows": 1,
      "Plan Width": 8,
      "Actual Startup Time": 332.465,
      "Actual Total Time": 348.625,
      "Actual Rows": 1,
      "Actual Loops": 1,
      "Plans": [
        {
          "Node Type": "Gather",
          "Parent Relationship": "Outer",
          "Parallel Aware": false,
          "Startup Cost": 82550.9,
          "Total Cost": 82551.31,
          "Plan Rows": 4,
          "Plan Width": 8,
          "Actual Startup Time": 329.382,
          "Actual Total Time": 348.617,
          "Actual Rows": 5,
          "Actual Loops": 1,
          "Workers Planned": 4,
          "Workers Launched": 4,
          "Single Copy": false,
          "Plans": [
            {
              "Node Type": "Aggregate",
              "Strategy": "Plain",
              "Partial Mode": "Partial",
              "Parent Relationship": "Outer",
              "Parallel Aware": false,
              "Startup Cost": 81550.9,
              "Total Cost": 81550.91,
              "Plan Rows": 1,
              "Plan Width": 8,
              "Actual Startup Time": 320.713,
              "Actual Total Time": 320.716,
              "Actual Rows": 1,
              "Actual Loops": 5,
              "Plans": [
                {
                  "Node Type": "Hash Join",
                  "Parent Relationship": "Outer",
                  "Parallel Aware": true,
                  "Join Type": "Inner",
                  "Startup Cost": 34851.71,
                  "Total Cost": 81018.18,
                  "Plan Rows": 213087,
                  "Plan Width": 0,
                  "Actual Startup Time": 120.28,
                  "Actual Total Time": 315.355,
                  "Actual Rows": 107645,
                  "Actual Loops": 5,
                  "Inner Unique": false,
                  "Hash Cond": "(t.id = mc.movie_id)",
                  "Plans": [
                    {
                      "Node Type": "Seq Scan",
                      "Parent Relationship": "Outer",
                      "Parallel Aware": true,
                      "Relation Name": "title",
                      "Alias": "t",
                      "Startup Cost": 0.0,
                      "Total Cost": 42318.73,
                      "Plan Rows": 632073,
                      "Plan Width": 4,
                      "Actual Startup Time": 0.013,
                      "Actual Total Time": 68.286,
                      "Actual Rows": 505662,
                      "Actual Loops": 5
                    },
                    {
                      "Node Type": "Hash",
                      "Parent Relationship": "Inner",
                      "Parallel Aware": true,
                      "Startup Cost": 31414.82,
                      "Total Cost": 31414.82,
                      "Plan Rows": 274951,
                      "Plan Width": 4,
                      "Actual Startup Time": 116.472,
                      "Actual Total Time": 116.473,
                      "Actual Rows": 107645,
                      "Actual Loops": 5,
                      "Hash Buckets": 1048576,
                      "Original Hash Buckets": 1048576,
                      "Hash Batches": 1,
                      "Original Hash Batches": 1,
                      "Peak Memory Usage": 29312,
                      "Plans": [
                        {
                          "Node Type": "Seq Scan",
                          "Parent Relationship": "Outer",
                          "Parallel Aware": true,
                          "Relation Name": "movie_companies",
                          "Alias": "mc",
                          "Startup Cost": 0.0,
                          "Total Cost": 31414.82,
                          "Plan Rows": 274951,
                          "Plan Width": 4,
                          "Actual Startup Time": 44.516,
                          "Actual Total Time": 76.427,
                          "Actual Rows": 107645,
                          "Actual Loops": 5,
                          "Filter": "((company_id < 18933) AND (company_type_id > 1))",
                          "Rows Removed by Filter": 414181
                        }
                      ]
                    }
                  ]
                }
              ]
            }
          ]
        }
      ]
    },
    "Planning Time": 0.407,
    "Triggers": [],
    "Execution Time": 348.675
  }
]