{
  "Plan": {
    "Node Type": "Aggregate",
    "Strategy": "Plain",
    "Partial Mode": "Finalize",
    "Parallel Aware": false,
    "Startup Cost": 115701.38,
    "Total Cost": 115701.39,
    "Plan Rows": 1,
    "Plan Width": 8,
    "Actual Startup Time": 828.785,
    "Actual Total Time": 847.635,
    "Actual Rows": 1,
    "Actual Loops": 1,
    "Plans": [
      {
        "Node Type": "Gather",
        "Parent Relationship": "Outer",
        "Parallel Aware": false,
        "Startup Cost": 115701.27,
        "Total Cost": 115701.38,
        "Plan Rows": 1,
        "Plan Width": 8,
        "Actual Startup Time": 823.532,
        "Actual Total Time": 847.626,
        "Actual Rows": 2,
        "Actual Loops": 1,
        "Workers Planned": 1,
        "Workers Launched": 1,
        "Single Copy": false,
        "Plans": [
          {
            "Node Type": "Aggregate",
            "Strategy": "Plain",
            "Partial Mode": "Partial",
            "Parent Relationship": "Outer",
            "Parallel Aware": false,
            "Startup Cost": 114701.27,
            "Total Cost": 114701.28,
            "Plan Rows": 1,
            "Plan Width": 8,
            "Actual Startup Time": 815.349,
            "Actual Total Time": 815.352,
            "Actual Rows": 1,
            "Actual Loops": 2,
            "Plans": [
              {
                "Node Type": "Hash Join",
                "Parent Relationship": "Outer",
                "Parallel Aware": true,
                "Join Type": "Inner",
                "Startup Cost": 69460.7,
                "Total Cost": 113028.66,
                "Plan Rows": 669042,
                "Plan Width": 0,
                "Actual Startup Time": 573.028,
                "Actual Total Time": 796.457,
                "Actual Rows": 482029,
                "Actual Loops": 2,
                "Inner Unique": true,
                "Hash Cond": "(mc.movie_id = t.id)",
                "Plans": [
                  {
                    "Node Type": "Seq Scan",
                    "Parent Relationship": "Outer",
                    "Parallel Aware": true,
                    "Relation Name": "movie_companies",
                    "Alias": "mc",
                    "Startup Cost": 0.0,
                    "Total Cost": 41811.73,
                    "Plan Rows": 669042,
                    "Plan Width": 4,
                    "Actual Startup Time": 48.654,
                    "Actual Total Time": 112.144,
                    "Actual Rows": 482029,
                    "Actual Loops": 2,
                    "Filter": "((company_id < 85358) AND (company_type_id = 2))",
                    "Rows Removed by Filter": 822536
                  },
                  {
                    "Node Type": "Hash",
                    "Parent Relationship": "Inner",
                    "Parallel Aware": true,
                    "Startup Cost": 50870.31,
                    "Total Cost": 50870.31,
                    "Plan Rows": 1487231,
                    "Plan Width": 4,
                    "Actual Startup Time": 506.92,
                    "Actual Total Time": 506.921,
                    "Actual Rows": 1264156,
                    "Actual Loops": 2,
                    "Hash Buckets": 4194304,
                    "Original Hash Buckets": 4194304,
                    "Hash Batches": 1,
                    "Original Hash Batches": 1,
                    "Peak Memory Usage": 131712,
                    "Plans": [
                      {
                        "Node Type": "Seq Scan",
                        "Parent Relationship": "Outer",
                        "Parallel Aware": true,
                        "Relation Name": "title",
                        "Alias": "t",
                        "Startup Cost": 0.0,
                        "Total Cost": 50870.31,
                        "Plan Rows": 1487231,
                        "Plan Width": 4,
                        "Actual Startup Time": 0.023,
                        "Actual Total Time": 148.073,
                        "Actual Rows": 1264156,
                        "Actual Loops": 2
                      }
                    ]
                  }
                ]
              }
            ]
          }
        ]
      }
    ]
  },
  "Planning Time": 0.388,
  "Triggers": [],
  "Execution Time": 847.681
}