[
  {
    "Plan": {
      "Node Type": "Aggregate",
      "Strategy": "Plain",
      "Partial Mode": "Finalize",
      "Parallel Aware": false,
      "Startup Cost": 279448.86,
      "Total Cost": 279448.87,
      "Plan Rows": 1,
      "Plan Width": 8,
      "Actual Startup Time": 1226.64,
      "Actual Total Time": 1315.257,
      "Actual Rows": 1,
      "Actual Loops": 1,
      "Plans": [
        {
          "Node Type": "Gather",
          "Parent Relationship": "Outer",
          "Parallel Aware": false,
          "Startup Cost": 279448.34,
          "Total Cost": 279448.85,
          "Plan Rows": 5,
          "Plan Width": 8,
          "Actual Startup Time": 1226.066,
          "Actual Total Time": 1315.242,
          "Actual Rows": 6,
          "Actual Loops": 1,
          "Workers Planned": 5,
          "Workers Launched": 5,
          "Single Copy": false,
          "Plans": [
            {
              "Node Type": "Aggregate",
              "Strategy": "Plain",
              "Partial Mode": "Partial",
              "Parent Relationship": "Outer",
              "Parallel Aware": false,
              "Startup Cost": 278448.34,
              "Total Cost": 278448.35,
              "Plan Rows": 1,
              "Plan Width": 8,
              "Actual Startup Time": 1217.646,
              "Actual Total Time": 1217.651,
              "Actual Rows": 1,
              "Actual Loops": 6,
              "Plans": [
                {
                  "Node Type": "Nested Loop",
                  "Parent Relationship": "Outer",
                  "Parallel Aware": false,
                  "Join Type": "Inner",
                  "Startup Cost": 44024.2,
                  "Total Cost": 278373.13,
                  "Plan Rows": 30083,
                  "Plan Width": 0,
                  "Actual Startup Time": 88.419,
                  "Actual Total Time": 1206.711,
                  "Actual Rows": 231406,
                  "Actual Loops": 6,
                  "Inner Unique": false,
                  "Join Filter": "(t.id = ci.movie_id)",
                  "Rows Removed by Join Filter": 0,
                  "Plans": [
                    {
                      "Node Type": "Hash Join",
                      "Parent Relationship": "Outer",
                      "Parallel Aware": true,
                      "Join Type": "Inner",
                      "Startup Cost": 44023.63,
                      "Total Cost": 246366.24,
                      "Plan Rows": 19386,
                      "Plan Width": 8,
                      "Actual Startup Time": 88.337,
                      "Actual Total Time": 439.399,
                      "Actual Rows": 18196,
                      "Actual Loops": 6,
                      "Inner Unique": true,
                      "Hash Cond": "(mi.movie_id = t.id)",
                      "Plans": [
                        {
                          "Node Type": "Seq Scan",
                          "Parent Relationship": "Outer",
                          "Parallel Aware": true,
                          "Relation Name": "movie_info",
                          "Alias": "mi",
                          "Startup Cost": 0.0,
                          "Total Cost": 199108.24,
                          "Plan Rows": 1232139,
                          "Plan Width": 4,
                          "Actual Startup Time": 15.154,
                          "Actual Total Time": 270.296,
                          "Actual Rows": 1037249,
                          "Actual Loops": 6,
                          "Filter": "(info_type_id > 8)",
                          "Rows Removed by Filter": 1435371
                        },
                        {
                          "Node Type": "Hash",
                          "Parent Relationship": "Inner",
                          "Parallel Aware": true,
                          "Startup Cost": 43899.32,
                          "Total Cost": 43899.32,
                          "Plan Rows": 9945,
                          "Plan Width": 4,
                          "Actual Startup Time": 72.451,
                          "Actual Total Time": 72.453,
                          "Actual Rows": 6492,
                          "Actual Loops": 6,
                          "Hash Buckets": 65536,
                          "Original Hash Buckets": 65536,
                          "Hash Batches": 1,
                          "Original Hash Batches": 1,
                          "Peak Memory Usage": 2176,
                          "Plans": [
                            {
                              "Node Type": "Seq Scan",
                              "Parent Relationship": "Outer",
                              "Parallel Aware": true,
                              "Relation Name": "title",
                              "Alias": "t",
                              "Startup Cost": 0.0,
                              "Total Cost": 43899.32,
                              "Plan Rows": 9945,
                              "Plan Width": 4,
                              "Actual Startup Time": 0.065,
                              "Actual Total Time": 68.979,
                              "Actual Rows": 6492,
                              "Actual Loops": 6,
                              "Filter": "(production_year = 1997)",
                              "Rows Removed by Filter": 414893
                            }
                          ]
                        }
                      ]
                    },
                    {
                      "Node Type": "Index Scan",
                      "Parent Relationship": "Inner",
                      "Parallel Aware": false,
                      "Scan Direction": "Forward",
                      "Index Name": "movie_id_cast_info",
                      "Relation Name": "cast_info",
                      "Alias": "ci",
                      "Startup Cost": 0.56,
                      "Total Cost": 1.6,
                      "Plan Rows": 4,
                      "Plan Width": 4,
                      "Actual Startup Time": 0.006,
                      "Actual Total Time": 0.041,
                      "Actual Rows": 13,
                      "Actual Loops": 109174,
                      "Index Cond": "(movie_id = mi.movie_id)",
                      "Rows Removed by Index Recheck": 0,
                      "Filter": "((person_id < 1108061) AND (role_id < 2))",
                      "Rows Removed by Filter": 50
                    }
                  ]
                }
              ]
            }
          ]
        }
      ]
    },
    "Planning Time": 0.563,
    "Triggers": [],
    "Execution Time": 1315.328
  }
]