[
  {
    "Plan": {
      "Node Type": "Aggregate",
      "Strategy": "Plain",
      "Partial Mode": "Finalize",
      "Parallel Aware": false,
      "Startup Cost": 30449.03,
      "Total Cost": 30449.04,
      "Plan Rows": 1,
      "Plan Width": 8,
      "Actual Startup Time": 81.299,
      "Actual Total Time": 85.167,
      "Actual Rows": 1,
      "Actual Loops": 1,
      "Plans": [
        {
          "Node Type": "Gather",
          "Parent Relationship": "Outer",
          "Parallel Aware": false,
          "Startup Cost": 30448.71,
          "Total Cost": 30449.02,
          "Plan Rows": 3,
          "Plan Width": 8,
          "Actual Startup Time": 81.17,
          "Actual Total Time": 85.158,
          "Actual Rows": 4,
          "Actual Loops": 1,
          "Workers Planned": 3,
          "Workers Launched": 3,
          "Single Copy": false,
          "Plans": [
            {
              "Node Type": "Aggregate",
              "Strategy": "Plain",
              "Partial Mode": "Partial",
              "Parent Relationship": "Outer",
              "Parallel Aware": false,
              "Startup Cost": 29448.71,
              "Total Cost": 29448.72,
              "Plan Rows": 1,
              "Plan Width": 8,
              "Actual Startup Time": 75.624,
              "Actual Total Time": 75.625,
              "Actual Rows": 1,
              "Actual Loops": 4,
              "Plans": [
                {
                  "Node Type": "Bitmap Heap Scan",
                  "Parent Relationship": "Outer",
                  "Parallel Aware": true,
                  "Relation Name": "movie_companies",
                  "Alias": "mc",
                  "Startup Cost": 8570.76,
                  "Total Cost": 29285.81,
                  "Plan Rows": 65161,
                  "Plan Width": 0,
                  "Actual Startup Time": 29.379,
                  "Actual Total Time": 69.09,
                  "Actual Rows": 100645,
                  "Actual Loops": 4,
                  "Recheck Cond": "(company_id > 81936)",
                  "Rows Removed by Index Recheck": 0,
                  "Filter": "(company_type_id > 1)",
                  "Rows Removed by Filter": 0,
                  "Exact Heap Blocks": 3369,
                  "Lossy Heap Blocks": 0,
                  "Plans": [
                    {
                      "Node Type": "Bitmap Index Scan",
                      "Parent Relationship": "Outer",
                      "Parallel Aware": false,
                      "Index Name": "company_id_movie_companies",
                      "Startup Cost": 0.0,
                      "Total Cost": 8520.26,
                      "Plan Rows": 397844,
                      "Plan Width": 0,
                      "Actual Startup Time": 33.469,
                      "Actual Total Time": 33.47,
                      "Actual Rows": 402580,
                      "Actual Loops": 1,
                      "Index Cond": "(company_id > 81936)"
                    }
                  ]
                }
              ]
            }
          ]
        }
      ]
    },
    "Planning Time": 0.15,
    "Triggers": [],
    "Execution Time": 85.224
  }
]