{
  "Plan": {
    "Node Type": "Aggregate",
    "Strategy": "Plain",
    "Partial Mode": "Finalize",
    "Parallel Aware": false,
    "Startup Cost": 2498430.74,
    "Total Cost": 2498430.75,
    "Plan Rows": 1,
    "Plan Width": 8,
    "Actual Startup Time": 17520.972,
    "Actual Total Time": 17626.106,
    "Actual Rows": 1,
    "Actual Loops": 1,
    "Plans": [
      {
        "Node Type": "Gather",
        "Parent Relationship": "Outer",
        "Parallel Aware": false,
        "Startup Cost": 2498430.63,
        "Total Cost": 2498430.74,
        "Plan Rows": 1,
        "Plan Width": 8,
        "Actual Startup Time": 17520.52,
        "Actual Total Time": 17626.097,
        "Actual Rows": 2,
        "Actual Loops": 1,
        "Workers Planned": 1,
        "Workers Launched": 1,
        "Single Copy": false,
        "Plans": [
          {
            "Node Type": "Aggregate",
            "Strategy": "Plain",
            "Partial Mode": "Partial",
            "Parent Relationship": "Outer",
            "Parallel Aware": false,
            "Startup Cost": 2497430.63,
            "Total Cost": 2497430.64,
            "Plan Rows": 1,
            "Plan Width": 8,
            "Actual Startup Time": 17514.19,
            "Actual Total Time": 17514.192,
            "Actual Rows": 1,
            "Actual Loops": 2,
            "Plans": [
              {
                "Node Type": "Merge Join",
                "Parent Relationship": "Outer",
                "Parallel Aware": false,
                "Join Type": "Inner",
                "Startup Cost": 128366.95,
                "Total Cost": 2496091.07,
                "Plan Rows": 535822,
                "Plan Width": 0,
                "Actual Startup Time": 62.596,
                "Actual Total Time": 17453.289,
                "Actual Rows": 1277382,
                "Actual Loops": 2,
                "Inner Unique": false,
                "Merge Cond": "(t.id = mi.movie_id)",
                "Plans": [
                  {
                    "Node Type": "Merge Join",
                    "Parent Relationship": "Outer",
                    "Parallel Aware": false,
                    "Join Type": "Inner",
                    "Startup Cost": 42.96,
                    "Total Cost": 2308280.59,
                    "Plan Rows": 21310595,
                    "Plan Width": 8,
                    "Actual Startup Time": 0.352,
                    "Actual Total Time": 16426.619,
                    "Actual Rows": 18119938,
                    "Actual Loops": 2,
                    "Inner Unique": true,
                    "Merge Cond": "(ci.movie_id = t.id)",
                    "Plans": [
                      {
                        "Node Type": "Index Only Scan",
                        "Parent Relationship": "Outer",
                        "Parallel Aware": true,
                        "Scan Direction": "Forward",
                        "Index Name": "movie_id_cast_info",
                        "Relation Name": "cast_info",
                        "Alias": "ci",
                        "Startup Cost": 0.56,
                        "Total Cost": 1925345.15,
                        "Plan Rows": 21310595,
                        "Plan Width": 4,
                        "Actual Startup Time": 0.101,
                        "Actual Total Time": 13025.522,
                        "Actual Rows": 18119938,
                        "Actual Loops": 2,
                        "Heap Fetches": 36239877
                      },
                      {
                        "Node Type": "Index Only Scan",
                        "Parent Relationship": "Inner",
                        "Parallel Aware": false,
                        "Scan Direction": "Forward",
                        "Index Name": "title_pkey",
                        "Relation Name": "title",
                        "Alias": "t",
                        "Startup Cost": 0.43,
                        "Total Cost": 110339.97,
                        "Plan Rows": 2528293,
                        "Plan Width": 4,
                        "Actual Startup Time": 0.148,
                        "Actual Total Time": 1451.549,
                        "Actual Rows": 2525598,
                        "Actual Loops": 2,
                        "Heap Fetches": 5051195
                      }
                    ]
                  },
                  {
                    "Node Type": "Sort",
                    "Parent Relationship": "Inner",
                    "Parallel Aware": false,
                    "Startup Cost": 128276.34,
                    "Total Cost": 128435.26,
                    "Plan Rows": 63570,
                    "Plan Width": 4,
                    "Actual Startup Time": 55.613,
                    "Actual Total Time": 120.028,
                    "Actual Rows": 1308050,
                    "Actual Loops": 2,
                    "Sort Key": [
                      "mi.movie_id"
                    ],
                    "Sort Method": "quicksort",
                    "Sort Space Used": 4402,
                    "Sort Space Type": "Memory",
                    "Workers": [
                      {
                        "Worker Number": 0,
                        "Sort Method": "quicksort",
                        "Sort Space Used": 4402,
                        "Sort Space Type": "Memory"
                      }
                    ],
                    "Plans": [
                      {
                        "Node Type": "Bitmap Heap Scan",
                        "Parent Relationship": "Outer",
                        "Parallel Aware": false,
                        "Relation Name": "movie_info",
                        "Alias": "mi",
                        "Startup Cost": 1153.1,
                        "Total Cost": 123204.7,
                        "Plan Rows": 63570,
                        "Plan Width": 4,
                        "Actual Startup Time": 11.646,
                        "Actual Total Time": 37.457,
                        "Actual Rows": 61128,
                        "Actual Loops": 2,
                        "Recheck Cond": "(info_type_id = 103)",
                        "Rows Removed by Index Recheck": 0,
                        "Exact Heap Blocks": 4954,
                        "Lossy Heap Blocks": 0,
                        "Plans": [
                          {
                            "Node Type": "Bitmap Index Scan",
                            "Parent Relationship": "Outer",
                            "Parallel Aware": false,
                            "Index Name": "info_type_id_movie_info",
                            "Startup Cost": 0.0,
                            "Total Cost": 1137.21,
                            "Plan Rows": 63570,
                            "Plan Width": 0,
                            "Actual Startup Time": 9.975,
                            "Actual Total Time": 9.975,
                            "Actual Rows": 61128,
                            "Actual Loops": 2,
                            "Index Cond": "(info_type_id = 103)"
                          }
                        ]
                      }
                    ]
                  }
                ]
              }
            ]
          }
        ]
      }
    ]
  },
  "Planning Time": 1.01,
  "Triggers": [],
  "Execution Time": 17626.31
}