[
  {
    "Plan": {
      "Node Type": "Aggregate",
      "Strategy": "Plain",
      "Partial Mode": "Finalize",
      "Parallel Aware": false,
      "Startup Cost": 32850.68,
      "Total Cost": 32850.69,
      "Plan Rows": 1,
      "Plan Width": 8,
      "Actual Startup Time": 92.825,
      "Actual Total Time": 100.368,
      "Actual Rows": 1,
      "Actual Loops": 1,
      "Plans": [
        {
          "Node Type": "Gather",
          "Parent Relationship": "Outer",
          "Parallel Aware": false,
          "Startup Cost": 32850.36,
          "Total Cost": 32850.67,
          "Plan Rows": 3,
          "Plan Width": 8,
          "Actual Startup Time": 92.72,
          "Actual Total Time": 100.36,
          "Actual Rows": 4,
          "Actual Loops": 1,
          "Workers Planned": 3,
          "Workers Launched": 3,
          "Single Copy": false,
          "Plans": [
            {
              "Node Type": "Aggregate",
              "Strategy": "Plain",
              "Partial Mode": "Partial",
              "Parent Relationship": "Outer",
              "Parallel Aware": false,
              "Startup Cost": 31850.36,
              "Total Cost": 31850.37,
              "Plan Rows": 1,
              "Plan Width": 8,
              "Actual Startup Time": 85.623,
              "Actual Total Time": 85.624,
              "Actual Rows": 1,
              "Actual Loops": 4,
              "Plans": [
                {
                  "Node Type": "Seq Scan",
                  "Parent Relationship": "Outer",
                  "Parallel Aware": true,
                  "Relation Name": "movie_companies",
                  "Alias": "mc",
                  "Startup Cost": 0.0,
                  "Total Cost": 31414.82,
                  "Plan Rows": 174218,
                  "Plan Width": 0,
                  "Actual Startup Time": 21.212,
                  "Actual Total Time": 82.1,
                  "Actual Rows": 61854,
                  "Actual Loops": 4,
                  "Filter": "((company_id > 14086) AND (company_type_id = 1))",
                  "Rows Removed by Filter": 590428
                }
              ]
            }
          ]
        }
      ]
    },
    "Planning Time": 0.149,
    "Triggers": [],
    "Execution Time": 100.409
  }
]