[
    {
        "Bao": {
            "Bao prediction": 297.817,
            "Bao recommended hint": "SET enable_mergejoin TO off; "
        }
    },
    {
        "Plan": {
            "Node Type": "Aggregate",
            "Strategy": "Plain",
            "Partial Mode": "Finalize",
            "Parallel Aware": false,
            "Startup Cost": 74896.59,
            "Total Cost": 74896.6,
            "Plan Rows": 1,
            "Plan Width": 32,
            "Actual Startup Time": 192.274,
            "Actual Total Time": 206.839,
            "Actual Rows": 1,
            "Actual Loops": 1,
            "Output": [
                "min(t.title)"
            ],
            "Plans": [
                {
                    "Node Type": "Gather",
                    "Parent Relationship": "Outer",
                    "Parallel Aware": false,
                    "Startup Cost": 74896.28,
                    "Total Cost": 74896.59,
                    "Plan Rows": 3,
                    "Plan Width": 32,
                    "Actual Startup Time": 192.107,
                    "Actual Total Time": 206.83,
                    "Actual Rows": 4,
                    "Actual Loops": 1,
                    "Output": [
                        "(PARTIAL min(t.title))"
                    ],
                    "Workers Planned": 3,
                    "Workers Launched": 3,
                    "Single Copy": false,
                    "Plans": [
                        {
                            "Node Type": "Aggregate",
                            "Strategy": "Plain",
                            "Partial Mode": "Partial",
                            "Parent Relationship": "Outer",
                            "Parallel Aware": false,
                            "Startup Cost": 73896.28,
                            "Total Cost": 73896.29,
                            "Plan Rows": 1,
                            "Plan Width": 32,
                            "Actual Startup Time": 182.411,
                            "Actual Total Time": 182.416,
                            "Actual Rows": 1,
                            "Actual Loops": 4,
                            "Output": [
                                "PARTIAL min(t.title)"
                            ],
                            "Workers": [
                                {
                                    "Worker Number": 0,
                                    "Actual Startup Time": 177.922,
                                    "Actual Total Time": 177.927,
                                    "Actual Rows": 1,
                                    "Actual Loops": 1
                                },
                                {
                                    "Worker Number": 1,
                                    "Actual Startup Time": 178.36,
                                    "Actual Total Time": 178.364,
                                    "Actual Rows": 1,
                                    "Actual Loops": 1
                                },
                                {
                                    "Worker Number": 2,
                                    "Actual Startup Time": 182.771,
                                    "Actual Total Time": 182.775,
                                    "Actual Rows": 1,
                                    "Actual Loops": 1
                                }
                            ],
                            "Plans": [
                                {
                                    "Node Type": "Hash Join",
                                    "Parent Relationship": "Outer",
                                    "Parallel Aware": false,
                                    "Join Type": "Inner",
                                    "Startup Cost": 5.47,
                                    "Total Cost": 73831.15,
                                    "Plan Rows": 26052,
                                    "Plan Width": 17,
                                    "Actual Startup Time": 116.231,
                                    "Actual Total Time": 182.304,
                                    "Actual Rows": 326,
                                    "Actual Loops": 4,
                                    "Output": [
                                        "t.title"
                                    ],
                                    "Inner Unique": true,
                                    "Hash Cond": "(mi.info_type_id = it.id)",
                                    "Workers": [
                                        {
                                            "Worker Number": 0,
                                            "Actual Startup Time": 111.592,
                                            "Actual Total Time": 177.813,
                                            "Actual Rows": 326,
                                            "Actual Loops": 1
                                        },
                                        {
                                            "Worker Number": 1,
                                            "Actual Startup Time": 111.827,
                                            "Actual Total Time": 178.252,
                                            "Actual Rows": 328,
                                            "Actual Loops": 1
                                        },
                                        {
                                            "Worker Number": 2,
                                            "Actual Startup Time": 116.837,
                                            "Actual Total Time": 182.676,
                                            "Actual Rows": 299,
                                            "Actual Loops": 1
                                        }
                                    ],
                                    "Plans": [
                                        {
                                            "Node Type": "Nested Loop",
                                            "Parent Relationship": "Outer",
                                            "Parallel Aware": false,
                                            "Join Type": "Inner",
                                            "Startup Cost": 1.93,
                                            "Total Cost": 73756.65,
                                            "Plan Rows": 26052,
                                            "Plan Width": 21,
                                            "Actual Startup Time": 116.132,
                                            "Actual Total Time": 181.983,
                                            "Actual Rows": 326,
                                            "Actual Loops": 4,
                                            "Output": [
                                                "mi.info_type_id",
                                                "t.title"
                                            ],
                                            "Inner Unique": false,
                                            "Workers": [
                                                {
                                                    "Worker Number": 0,
                                                    "Actual Startup Time": 111.481,
                                                    "Actual Total Time": 177.481,
                                                    "Actual Rows": 326,
                                                    "Actual Loops": 1
                                                },
                                                {
                                                    "Worker Number": 1,
                                                    "Actual Startup Time": 111.726,
                                                    "Actual Total Time": 177.925,
                                                    "Actual Rows": 328,
                                                    "Actual Loops": 1
                                                },
                                                {
                                                    "Worker Number": 2,
                                                    "Actual Startup Time": 116.734,
                                                    "Actual Total Time": 182.365,
                                                    "Actual Rows": 299,
                                                    "Actual Loops": 1
                                                }
                                            ],
                                            "Plans": [
                                                {
                                                    "Node Type": "Nested Loop",
                                                    "Parent Relationship": "Outer",
                                                    "Parallel Aware": false,
                                                    "Join Type": "Inner",
                                                    "Startup Cost": 1.49,
                                                    "Total Cost": 52899.32,
                                                    "Plan Rows": 9270,
                                                    "Plan Width": 25,
                                                    "Actual Startup Time": 115.963,
                                                    "Actual Total Time": 162.74,
                                                    "Actual Rows": 189,
                                                    "Actual Loops": 4,
                                                    "Output": [
                                                        "mc.movie_id",
                                                        "t.title",
                                                        "t.id"
                                                    ],
                                                    "Inner Unique": true,
                                                    "Workers": [
                                                        {
                                                            "Worker Number": 0,
                                                            "Actual Startup Time": 111.246,
                                                            "Actual Total Time": 158.057,
                                                            "Actual Rows": 167,
                                                            "Actual Loops": 1
                                                        },
                                                        {
                                                            "Worker Number": 1,
                                                            "Actual Startup Time": 111.61,
                                                            "Actual Total Time": 157.399,
                                                            "Actual Rows": 225,
                                                            "Actual Loops": 1
                                                        },
                                                        {
                                                            "Worker Number": 2,
                                                            "Actual Startup Time": 116.532,
                                                            "Actual Total Time": 164.314,
                                                            "Actual Rows": 161,
                                                            "Actual Loops": 1
                                                        }
                                                    ],
                                                    "Plans": [
                                                        {
                                                            "Node Type": "Hash Join",
                                                            "Parent Relationship": "Outer",
                                                            "Parallel Aware": false,
                                                            "Join Type": "Inner",
                                                            "Startup Cost": 1.06,
                                                            "Total Cost": 31735.32,
                                                            "Plan Rows": 14772,
                                                            "Plan Width": 4,
                                                            "Actual Startup Time": 115.851,
                                                            "Actual Total Time": 158.233,
                                                            "Actual Rows": 200,
                                                            "Actual Loops": 4,
                                                            "Output": [
                                                                "mc.movie_id"
                                                            ],
                                                            "Inner Unique": true,
                                                            "Hash Cond": "(mc.company_type_id = ct.id)",
                                                            "Workers": [
                                                                {
                                                                    "Worker Number": 0,
                                                                    "Actual Startup Time": 111.106,
                                                                    "Actual Total Time": 153.846,
                                                                    "Actual Rows": 172,
                                                                    "Actual Loops": 1
                                                                },
                                                                {
                                                                    "Worker Number": 1,
                                                                    "Actual Startup Time": 111.493,
                                                                    "Actual Total Time": 152.39,
                                                                    "Actual Rows": 229,
                                                                    "Actual Loops": 1
                                                                },
                                                                {
                                                                    "Worker Number": 2,
                                                                    "Actual Startup Time": 116.408,
                                                                    "Actual Total Time": 160.063,
                                                                    "Actual Rows": 177,
                                                                    "Actual Loops": 1
                                                                }
                                                            ],
                                                            "Plans": [
                                                                {
                                                                    "Node Type": "Seq Scan",
                                                                    "Parent Relationship": "Outer",
                                                                    "Parallel Aware": true,
                                                                    "Relation Name": "movie_companies",
                                                                    "Schema": "public",
                                                                    "Alias": "mc",
                                                                    "Startup Cost": 0.0,
                                                                    "Total Cost": 31414.82,
                                                                    "Plan Rows": 59087,
                                                                    "Plan Width": 8,
                                                                    "Actual Startup Time": 0.085,
                                                                    "Actual Total Time": 150.629,
                                                                    "Actual Rows": 73907,
                                                                    "Actual Loops": 4,
                                                                    "Output": [
                                                                        "mc.id",
                                                                        "mc.movie_id",
                                                                        "mc.company_id",
                                                                        "mc.company_type_id",
                                                                        "mc.note"
                                                                    ],
                                                                    "Filter": "((mc.note !~~ '%(TV)%'::text) AND (mc.note ~~ '%(USA)%'::text))",
                                                                    "Rows Removed by Filter": 578375,
                                                                    "Workers": [
                                                                        {
                                                                            "Worker Number": 0,
                                                                            "Actual Startup Time": 0.194,
                                                                            "Actual Total Time": 146.243,
                                                                            "Actual Rows": 72494,
                                                                            "Actual Loops": 1
                                                                        },
                                                                        {
                                                                            "Worker Number": 1,
                                                                            "Actual Startup Time": 0.07,
                                                                            "Actual Total Time": 145.074,
                                                                            "Actual Rows": 70975,
                                                                            "Actual Loops": 1
                                                                        },
                                                                        {
                                                                            "Worker Number": 2,
                                                                            "Actual Startup Time": 0.049,
                                                                            "Actual Total Time": 152.442,
                                                                            "Actual Rows": 76075,
                                                                            "Actual Loops": 1
                                                                        }
                                                                    ]
                                                                },
                                                                {
                                                                    "Node Type": "Hash",
                                                                    "Parent Relationship": "Inner",
                                                                    "Parallel Aware": false,
                                                                    "Startup Cost": 1.05,
                                                                    "Total Cost": 1.05,
                                                                    "Plan Rows": 1,
                                                                    "Plan Width": 4,
                                                                    "Actual Startup Time": 0.063,
                                                                    "Actual Total Time": 0.064,
                                                                    "Actual Rows": 1,
                                                                    "Actual Loops": 4,
                                                                    "Output": [
                                                                        "ct.id"
                                                                    ],
                                                                    "Hash Buckets": 1024,
                                                                    "Original Hash Buckets": 1024,
                                                                    "Hash Batches": 1,
                                                                    "Original Hash Batches": 1,
                                                                    "Peak Memory Usage": 9,
                                                                    "Workers": [
                                                                        {
                                                                            "Worker Number": 0,
                                                                            "Actual Startup Time": 0.081,
                                                                            "Actual Total Time": 0.083,
                                                                            "Actual Rows": 1,
                                                                            "Actual Loops": 1
                                                                        },
                                                                        {
                                                                            "Worker Number": 1,
                                                                            "Actual Startup Time": 0.073,
                                                                            "Actual Total Time": 0.073,
                                                                            "Actual Rows": 1,
                                                                            "Actual Loops": 1
                                                                        },
                                                                        {
                                                                            "Worker Number": 2,
                                                                            "Actual Startup Time": 0.05,
                                                                            "Actual Total Time": 0.051,
                                                                            "Actual Rows": 1,
                                                                            "Actual Loops": 1
                                                                        }
                                                                    ],
                                                                    "Plans": [
                                                                        {
                                                                            "Node Type": "Seq Scan",
                                                                            "Parent Relationship": "Outer",
                                                                            "Parallel Aware": false,
                                                                            "Relation Name": "company_type",
                                                                            "Schema": "public",
                                                                            "Alias": "ct",
                                                                            "Startup Cost": 0.0,
                                                                            "Total Cost": 1.05,
                                                                            "Plan Rows": 1,
                                                                            "Plan Width": 4,
                                                                            "Actual Startup Time": 0.041,
                                                                            "Actual Total Time": 0.044,
                                                                            "Actual Rows": 1,
                                                                            "Actual Loops": 4,
                                                                            "Output": [
                                                                                "ct.id"
                                                                            ],
                                                                            "Filter": "((ct.kind)::text = 'production companies'::text)",
                                                                            "Rows Removed by Filter": 3,
                                                                            "Workers": [
                                                                                {
                                                                                    "Worker Number": 0,
                                                                                    "Actual Startup Time": 0.056,
                                                                                    "Actual Total Time": 0.061,
                                                                                    "Actual Rows": 1,
                                                                                    "Actual Loops": 1
                                                                                },
                                                                                {
                                                                                    "Worker Number": 1,
                                                                                    "Actual Startup Time": 0.049,
                                                                                    "Actual Total Time": 0.053,
                                                                                    "Actual Rows": 1,
                                                                                    "Actual Loops": 1
                                                                                },
                                                                                {
                                                                                    "Worker Number": 2,
                                                                                    "Actual Startup Time": 0.035,
                                                                                    "Actual Total Time": 0.037,
                                                                                    "Actual Rows": 1,
                                                                                    "Actual Loops": 1
                                                                                }
                                                                            ]
                                                                        }
                                                                    ]
                                                                }
                                                            ]
                                                        },
                                                        {
                                                            "Node Type": "Index Scan",
                                                            "Parent Relationship": "Inner",
                                                            "Parallel Aware": false,
                                                            "Scan Direction": "Forward",
                                                            "Index Name": "title_pkey",
                                                            "Relation Name": "title",
                                                            "Schema": "public",
                                                            "Alias": "t",
                                                            "Startup Cost": 0.43,
                                                            "Total Cost": 1.43,
                                                            "Plan Rows": 1,
                                                            "Plan Width": 21,
                                                            "Actual Startup Time": 0.021,
                                                            "Actual Total Time": 0.021,
                                                            "Actual Rows": 1,
                                                            "Actual Loops": 798,
                                                            "Output": [
                                                                "t.id",
                                                                "t.title",
                                                                "t.imdb_index",
                                                                "t.kind_id",
                                                                "t.production_year",
                                                                "t.imdb_id",
                                                                "t.phonetic_code",
                                                                "t.episode_of_id",
                                                                "t.season_nr",
                                                                "t.episode_nr",
                                                                "t.series_years",
                                                                "t.md5sum"
                                                            ],
                                                            "Index Cond": "(t.id = mc.movie_id)",
                                                            "Rows Removed by Index Recheck": 0,
                                                            "Filter": "(t.production_year > 1996)",
                                                            "Rows Removed by Filter": 0,
                                                            "Workers": [
                                                                {
                                                                    "Worker Number": 0,
                                                                    "Actual Startup Time": 0.023,
                                                                    "Actual Total Time": 0.023,
                                                                    "Actual Rows": 1,
                                                                    "Actual Loops": 172
                                                                },
                                                                {
                                                                    "Worker Number": 1,
                                                                    "Actual Startup Time": 0.021,
                                                                    "Actual Total Time": 0.021,
                                                                    "Actual Rows": 1,
                                                                    "Actual Loops": 229
                                                                },
                                                                {
                                                                    "Worker Number": 2,
                                                                    "Actual Startup Time": 0.023,
                                                                    "Actual Total Time": 0.023,
                                                                    "Actual Rows": 1,
                                                                    "Actual Loops": 177
                                                                }
                                                            ]
                                                        }
                                                    ]
                                                },
                                                {
                                                    "Node Type": "Index Scan",
                                                    "Parent Relationship": "Inner",
                                                    "Parallel Aware": false,
                                                    "Scan Direction": "Forward",
                                                    "Index Name": "movie_id_movie_info",
                                                    "Relation Name": "movie_info",
                                                    "Schema": "public",
                                                    "Alias": "mi",
                                                    "Startup Cost": 0.43,
                                                    "Total Cost": 2.21,
                                                    "Plan Rows": 4,
                                                    "Plan Width": 8,
                                                    "Actual Startup Time": 0.037,
                                                    "Actual Total Time": 0.1,
                                                    "Actual Rows": 2,
                                                    "Actual Loops": 756,
                                                    "Output": [
                                                        "mi.id",
                                                        "mi.movie_id",
                                                        "mi.info_type_id",
                                                        "mi.info",
                                                        "mi.note"
                                                    ],
                                                    "Index Cond": "(mi.movie_id = t.id)",
                                                    "Rows Removed by Index Recheck": 0,
                                                    "Filter": "(mi.info = ANY ('{German,American,America,Swedish,USA,English,Denish,Norwegian,Sweden,Norway}'::text[]))",
                                                    "Rows Removed by Filter": 9,
                                                    "Workers": [
                                                        {
                                                            "Worker Number": 0,
                                                            "Actual Startup Time": 0.044,
                                                            "Actual Total Time": 0.115,
                                                            "Actual Rows": 2,
                                                            "Actual Loops": 167
                                                        },
                                                        {
                                                            "Worker Number": 1,
                                                            "Actual Startup Time": 0.033,
                                                            "Actual Total Time": 0.09,
                                                            "Actual Rows": 1,
                                                            "Actual Loops": 225
                                                        },
                                                        {
                                                            "Worker Number": 2,
                                                            "Actual Startup Time": 0.042,
                                                            "Actual Total Time": 0.111,
                                                            "Actual Rows": 2,
                                                            "Actual Loops": 161
                                                        }
                                                    ]
                                                }
                                            ]
                                        },
                                        {
                                            "Node Type": "Hash",
                                            "Parent Relationship": "Inner",
                                            "Parallel Aware": false,
                                            "Startup Cost": 2.13,
                                            "Total Cost": 2.13,
                                            "Plan Rows": 113,
                                            "Plan Width": 4,
                                            "Actual Startup Time": 0.065,
                                            "Actual Total Time": 0.065,
                                            "Actual Rows": 113,
                                            "Actual Loops": 4,
                                            "Output": [
                                                "it.id"
                                            ],
                                            "Hash Buckets": 1024,
                                            "Original Hash Buckets": 1024,
                                            "Hash Batches": 1,
                                            "Original Hash Batches": 1,
                                            "Peak Memory Usage": 12,
                                            "Workers": [
                                                {
                                                    "Worker Number": 0,
                                                    "Actual Startup Time": 0.076,
                                                    "Actual Total Time": 0.076,
                                                    "Actual Rows": 113,
                                                    "Actual Loops": 1
                                                },
                                                {
                                                    "Worker Number": 1,
                                                    "Actual Startup Time": 0.069,
                                                    "Actual Total Time": 0.069,
                                                    "Actual Rows": 113,
                                                    "Actual Loops": 1
                                                },
                                                {
                                                    "Worker Number": 2,
                                                    "Actual Startup Time": 0.07,
                                                    "Actual Total Time": 0.07,
                                                    "Actual Rows": 113,
                                                    "Actual Loops": 1
                                                }
                                            ],
                                            "Plans": [
                                                {
                                                    "Node Type": "Seq Scan",
                                                    "Parent Relationship": "Outer",
                                                    "Parallel Aware": false,
                                                    "Relation Name": "info_type",
                                                    "Schema": "public",
                                                    "Alias": "it",
                                                    "Startup Cost": 0.0,
                                                    "Total Cost": 2.13,
                                                    "Plan Rows": 113,
                                                    "Plan Width": 4,
                                                    "Actual Startup Time": 0.028,
                                                    "Actual Total Time": 0.04,
                                                    "Actual Rows": 113,
                                                    "Actual Loops": 4,
                                                    "Output": [
                                                        "it.id"
                                                    ],
                                                    "Workers": [
                                                        {
                                                            "Worker Number": 0,
                                                            "Actual Startup Time": 0.038,
                                                            "Actual Total Time": 0.051,
                                                            "Actual Rows": 113,
                                                            "Actual Loops": 1
                                                        },
                                                        {
                                                            "Worker Number": 1,
                                                            "Actual Startup Time": 0.032,
                                                            "Actual Total Time": 0.044,
                                                            "Actual Rows": 113,
                                                            "Actual Loops": 1
                                                        },
                                                        {
                                                            "Worker Number": 2,
                                                            "Actual Startup Time": 0.032,
                                                            "Actual Total Time": 0.044,
                                                            "Actual Rows": 113,
                                                            "Actual Loops": 1
                                                        }
                                                    ]
                                                }
                                            ]
                                        }
                                    ]
                                }
                            ]
                        }
                    ]
                }
            ]
        },
        "Planning Time": 1809.935,
        "Triggers": [],
        "Execution Time": 207.532
    }
]