[
  {
    "Plan": {
      "Node Type": "Aggregate",
      "Strategy": "Plain",
      "Partial Mode": "Finalize",
      "Parallel Aware": false,
      "Startup Cost": 333182.29,
      "Total Cost": 333182.3,
      "Plan Rows": 1,
      "Plan Width": 8,
      "Actual Startup Time": 691.914,
      "Actual Total Time": 750.536,
      "Actual Rows": 1,
      "Actual Loops": 1,
      "Plans": [
        {
          "Node Type": "Gather",
          "Parent Relationship": "Outer",
          "Parallel Aware": false,
          "Startup Cost": 333181.66,
          "Total Cost": 333182.27,
          "Plan Rows": 6,
          "Plan Width": 8,
          "Actual Startup Time": 691.775,
          "Actual Total Time": 750.526,
          "Actual Rows": 7,
          "Actual Loops": 1,
          "Workers Planned": 6,
          "Workers Launched": 6,
          "Single Copy": false,
          "Plans": [
            {
              "Node Type": "Aggregate",
              "Strategy": "Plain",
              "Partial Mode": "Partial",
              "Parent Relationship": "Outer",
              "Parallel Aware": false,
              "Startup Cost": 332181.66,
              "Total Cost": 332181.67,
              "Plan Rows": 1,
              "Plan Width": 8,
              "Actual Startup Time": 681.873,
              "Actual Total Time": 681.874,
              "Actual Rows": 1,
              "Actual Loops": 7,
              "Plans": [
                {
                  "Node Type": "Seq Scan",
                  "Parent Relationship": "Outer",
                  "Parallel Aware": true,
                  "Relation Name": "cast_info",
                  "Alias": "ci",
                  "Startup Cost": 0.0,
                  "Total Cost": 328162.03,
                  "Plan Rows": 1607855,
                  "Plan Width": 0,
                  "Actual Startup Time": 328.848,
                  "Actual Total Time": 614.889,
                  "Actual Rows": 1365238,
                  "Actual Loops": 7,
                  "Filter": "(person_id > 2750676)",
                  "Rows Removed by Filter": 3812526
                }
              ]
            }
          ]
        }
      ]
    },
    "Planning Time": 0.202,
    "Triggers": [],
    "Execution Time": 750.611
  }
]