[
  {
    "Plan": {
      "Node Type": "Aggregate",
      "Strategy": "Plain",
      "Partial Mode": "Finalize",
      "Parallel Aware": false,
      "Startup Cost": 392178.12,
      "Total Cost": 392178.13,
      "Plan Rows": 1,
      "Plan Width": 8,
      "Actual Startup Time": 1891.31,
      "Actual Total Time": 1955.141,
      "Actual Rows": 1,
      "Actual Loops": 1,
      "Plans": [
        {
          "Node Type": "Gather",
          "Parent Relationship": "Outer",
          "Parallel Aware": false,
          "Startup Cost": 392177.49,
          "Total Cost": 392178.1,
          "Plan Rows": 6,
          "Plan Width": 8,
          "Actual Startup Time": 1883.478,
          "Actual Total Time": 1955.131,
          "Actual Rows": 7,
          "Actual Loops": 1,
          "Workers Planned": 6,
          "Workers Launched": 6,
          "Single Copy": false,
          "Plans": [
            {
              "Node Type": "Aggregate",
              "Strategy": "Plain",
              "Partial Mode": "Partial",
              "Parent Relationship": "Outer",
              "Parallel Aware": false,
              "Startup Cost": 391177.49,
              "Total Cost": 391177.5,
              "Plan Rows": 1,
              "Plan Width": 8,
              "Actual Startup Time": 1871.792,
              "Actual Total Time": 1871.795,
              "Actual Rows": 1,
              "Actual Loops": 7,
              "Plans": [
                {
                  "Node Type": "Hash Join",
                  "Parent Relationship": "Outer",
                  "Parallel Aware": true,
                  "Join Type": "Inner",
                  "Startup Cost": 48650.85,
                  "Total Cost": 387204.52,
                  "Plan Rows": 1589188,
                  "Plan Width": 0,
                  "Actual Startup Time": 360.458,
                  "Actual Total Time": 1816.865,
                  "Actual Rows": 1159301,
                  "Actual Loops": 7,
                  "Inner Unique": true,
                  "Hash Cond": "(ci.movie_id = t.id)",
                  "Plans": [
                    {
                      "Node Type": "Seq Scan",
                      "Parent Relationship": "Outer",
                      "Parallel Aware": true,
                      "Relation Name": "cast_info",
                      "Alias": "ci",
                      "Startup Cost": 0.0,
                      "Total Cost": 328162.03,
                      "Plan Rows": 3958715,
                      "Plan Width": 4,
                      "Actual Startup Time": 208.465,
                      "Actual Total Time": 713.275,
                      "Actual Rows": 3367665,
                      "Actual Loops": 7,
                      "Filter": "(role_id > 1)",
                      "Rows Removed by Filter": 1810098
                    },
                    {
                      "Node Type": "Hash",
                      "Parent Relationship": "Inner",
                      "Parallel Aware": true,
                      "Startup Cost": 45479.1,
                      "Total Cost": 45479.1,
                      "Plan Rows": 253740,
                      "Plan Width": 4,
                      "Actual Startup Time": 148.378,
                      "Actual Total Time": 148.379,
                      "Actual Rows": 137159,
                      "Actual Loops": 7,
                      "Hash Buckets": 1048576,
                      "Original Hash Buckets": 1048576,
                      "Hash Batches": 1,
                      "Original Hash Batches": 1,
                      "Peak Memory Usage": 45888,
                      "Plans": [
                        {
                          "Node Type": "Seq Scan",
                          "Parent Relationship": "Outer",
                          "Parallel Aware": true,
                          "Relation Name": "title",
                          "Alias": "t",
                          "Startup Cost": 0.0,
                          "Total Cost": 45479.1,
                          "Plan Rows": 253740,
                          "Plan Width": 4,
                          "Actual Startup Time": 0.039,
                          "Actual Total Time": 82.146,
                          "Actual Rows": 137159,
                          "Actual Loops": 7,
                          "Filter": "((production_year < 2008) AND (kind_id = 7))",
                          "Rows Removed by Filter": 224028
                        }
                      ]
                    }
                  ]
                }
              ]
            }
          ]
        }
      ]
    },
    "Planning Time": 0.488,
    "Triggers": [],
    "Execution Time": 1955.231
  }
]