[
  {
    "Plan": {
      "Node Type": "Aggregate",
      "Strategy": "Plain",
      "Partial Mode": "Finalize",
      "Parallel Aware": false,
      "Startup Cost": 45287.22,
      "Total Cost": 45287.23,
      "Plan Rows": 1,
      "Plan Width": 8,
      "Actual Startup Time": 157.412,
      "Actual Total Time": 168.584,
      "Actual Rows": 1,
      "Actual Loops": 1,
      "Plans": [
        {
          "Node Type": "Gather",
          "Parent Relationship": "Outer",
          "Parallel Aware": false,
          "Startup Cost": 45286.9,
          "Total Cost": 45287.21,
          "Plan Rows": 3,
          "Plan Width": 8,
          "Actual Startup Time": 157.282,
          "Actual Total Time": 168.575,
          "Actual Rows": 4,
          "Actual Loops": 1,
          "Workers Planned": 3,
          "Workers Launched": 3,
          "Single Copy": false,
          "Plans": [
            {
              "Node Type": "Aggregate",
              "Strategy": "Plain",
              "Partial Mode": "Partial",
              "Parent Relationship": "Outer",
              "Parallel Aware": false,
              "Startup Cost": 44286.9,
              "Total Cost": 44286.91,
              "Plan Rows": 1,
              "Plan Width": 8,
              "Actual Startup Time": 149.921,
              "Actual Total Time": 149.922,
              "Actual Rows": 1,
              "Actual Loops": 4,
              "Plans": [
                {
                  "Node Type": "Seq Scan",
                  "Parent Relationship": "Outer",
                  "Parallel Aware": true,
                  "Relation Name": "movie_keyword",
                  "Alias": "mk",
                  "Startup Cost": 0.0,
                  "Total Cost": 42695.65,
                  "Plan Rows": 636498,
                  "Plan Width": 0,
                  "Actual Startup Time": 0.975,
                  "Actual Total Time": 124.032,
                  "Actual Rows": 494036,
                  "Actual Loops": 4,
                  "Filter": "(keyword_id > 6411)",
                  "Rows Removed by Filter": 636946
                }
              ]
            }
          ]
        }
      ]
    },
    "Planning Time": 0.183,
    "Triggers": [],
    "Execution Time": 168.715
  }
]