[
  {
    "Plan": {
      "Node Type": "Aggregate",
      "Strategy": "Plain",
      "Partial Mode": "Finalize",
      "Parallel Aware": false,
      "Startup Cost": 253016.0,
      "Total Cost": 253016.01,
      "Plan Rows": 1,
      "Plan Width": 8,
      "Actual Startup Time": 339.512,
      "Actual Total Time": 356.628,
      "Actual Rows": 1,
      "Actual Loops": 1,
      "Plans": [
        {
          "Node Type": "Gather",
          "Parent Relationship": "Outer",
          "Parallel Aware": false,
          "Startup Cost": 253015.58,
          "Total Cost": 253015.99,
          "Plan Rows": 4,
          "Plan Width": 8,
          "Actual Startup Time": 334.215,
          "Actual Total Time": 356.616,
          "Actual Rows": 5,
          "Actual Loops": 1,
          "Workers Planned": 4,
          "Workers Launched": 4,
          "Single Copy": false,
          "Plans": [
            {
              "Node Type": "Aggregate",
              "Strategy": "Plain",
              "Partial Mode": "Partial",
              "Parent Relationship": "Outer",
              "Parallel Aware": false,
              "Startup Cost": 252015.58,
              "Total Cost": 252015.59,
              "Plan Rows": 1,
              "Plan Width": 8,
              "Actual Startup Time": 323.551,
              "Actual Total Time": 323.557,
              "Actual Rows": 1,
              "Actual Loops": 5,
              "Plans": [
                {
                  "Node Type": "Hash Join",
                  "Parent Relationship": "Outer",
                  "Parallel Aware": true,
                  "Join Type": "Inner",
                  "Startup Cost": 203873.58,
                  "Total Cost": 251919.6,
                  "Plan Rows": 38392,
                  "Plan Width": 0,
                  "Actual Startup Time": 178.965,
                  "Actual Total Time": 321.422,
                  "Actual Rows": 43316,
                  "Actual Loops": 5,
                  "Inner Unique": false,
                  "Hash Cond": "(t.id = ci.movie_id)",
                  "Plans": [
                    {
                      "Node Type": "Seq Scan",
                      "Parent Relationship": "Outer",
                      "Parallel Aware": true,
                      "Relation Name": "title",
                      "Alias": "t",
                      "Startup Cost": 0.0,
                      "Total Cost": 42318.73,
                      "Plan Rows": 632073,
                      "Plan Width": 4,
                      "Actual Startup Time": 0.016,
                      "Actual Total Time": 68.144,
                      "Actual Rows": 505662,
                      "Actual Loops": 5
                    },
                    {
                      "Node Type": "Hash",
                      "Parent Relationship": "Inner",
                      "Parallel Aware": true,
                      "Startup Cost": 202890.34,
                      "Total Cost": 202890.34,
                      "Plan Rows": 78659,
                      "Plan Width": 8,
                      "Actual Startup Time": 176.223,
                      "Actual Total Time": 176.228,
                      "Actual Rows": 43316,
                      "Actual Loops": 5,
                      "Hash Buckets": 524288,
                      "Original Hash Buckets": 524288,
                      "Hash Batches": 1,
                      "Original Hash Batches": 1,
                      "Peak Memory Usage": 12704,
                      "Plans": [
                        {
                          "Node Type": "Hash Join",
                          "Parent Relationship": "Outer",
                          "Parallel Aware": true,
                          "Join Type": "Inner",
                          "Startup Cost": 37011.43,
                          "Total Cost": 202890.34,
                          "Plan Rows": 78659,
                          "Plan Width": 8,
                          "Actual Startup Time": 106.368,
                          "Actual Total Time": 161.453,
                          "Actual Rows": 43316,
                          "Actual Loops": 5,
                          "Inner Unique": false,
                          "Hash Cond": "(mi.movie_id = ci.movie_id)",
                          "Plans": [
                            {
                              "Node Type": "Bitmap Heap Scan",
                              "Parent Relationship": "Outer",
                              "Parallel Aware": true,
                              "Relation Name": "movie_info",
                              "Alias": "mi",
                              "Startup Cost": 12730.49,
                              "Total Cost": 176480.28,
                              "Plan Rows": 140543,
                              "Plan Width": 4,
                              "Actual Startup Time": 23.982,
                              "Actual Total Time": 48.312,
                              "Actual Rows": 132185,
                              "Actual Loops": 5,
                              "Recheck Cond": "(info_type_id = 18)",
                              "Rows Removed by Index Recheck": 0,
                              "Exact Heap Blocks": 1568,
                              "Lossy Heap Blocks": 0,
                              "Plans": [
                                {
                                  "Node Type": "Bitmap Index Scan",
                                  "Parent Relationship": "Outer",
                                  "Parallel Aware": false,
                                  "Index Name": "info_type_id_movie_info",
                                  "Startup Cost": 0.0,
                                  "Total Cost": 12554.81,
                                  "Plan Rows": 702717,
                                  "Plan Width": 0,
                                  "Actual Startup Time": 22.904,
                                  "Actual Total Time": 22.905,
                                  "Actual Rows": 660923,
                                  "Actual Loops": 1,
                                  "Index Cond": "(info_type_id = 18)"
                                }
                              ]
                            },
                            {
                              "Node Type": "Hash",
                              "Parent Relationship": "Inner",
                              "Parallel Aware": true,
                              "Startup Cost": 22554.34,
                              "Total Cost": 22554.34,
                              "Plan Rows": 138128,
                              "Plan Width": 4,
                              "Actual Startup Time": 79.789,
                              "Actual Total Time": 79.79,
                              "Actual Rows": 62040,
                              "Actual Loops": 5,
                              "Hash Buckets": 1048576,
                              "Original Hash Buckets": 1048576,
                              "Hash Batches": 1,
                              "Original Hash Batches": 1,
                              "Peak Memory Usage": 20416,
                              "Plans": [
                                {
                                  "Node Type": "Index Scan",
                                  "Parent Relationship": "Outer",
                                  "Parallel Aware": true,
                                  "Scan Direction": "Forward",
                                  "Index Name": "role_id_cast_info",
                                  "Relation Name": "cast_info",
                                  "Alias": "ci",
                                  "Startup Cost": 0.56,
                                  "Total Cost": 22554.34,
                                  "Plan Rows": 138128,
                                  "Plan Width": 4,
                                  "Actual Startup Time": 0.298,
                                  "Actual Total Time": 44.226,
                                  "Actual Rows": 62040,
                                  "Actual Loops": 5,
                                  "Index Cond": "(role_id = 6)",
                                  "Rows Removed by Index Recheck": 0,
                                  "Filter": "(person_id < 2561285)",
                                  "Rows Removed by Filter": 92695
                                }
                              ]
                            }
                          ]
                        }
                      ]
                    }
                  ]
                }
              ]
            }
          ]
        }
      ]
    },
    "Planning Time": 1.443,
    "Triggers": [],
    "Execution Time": 356.746
  }
]