{
    "Plan": {
        "Node Type": "Aggregate",
        "Strategy": "Plain",
        "Partial Mode": "Finalize",
        "Parallel Aware": false,
        "Startup Cost": 62369.39,
        "Total Cost": 62369.4,
        "Plan Rows": 1,
        "Plan Width": 8,
        "Actual Startup Time": 205.543,
        "Actual Total Time": 217.933,
        "Actual Rows": 1,
        "Actual Loops": 1,
        "Output": [
            "count(*)"
        ],
        "Plans": [
            {
                "Node Type": "Gather",
                "Parent Relationship": "Outer",
                "Parallel Aware": false,
                "Startup Cost": 62369.17,
                "Total Cost": 62369.38,
                "Plan Rows": 2,
                "Plan Width": 8,
                "Actual Startup Time": 205.136,
                "Actual Total Time": 217.925,
                "Actual Rows": 3,
                "Actual Loops": 1,
                "Output": [
                    "(PARTIAL count(*))"
                ],
                "Workers Planned": 2,
                "Workers Launched": 2,
                "Single Copy": false,
                "Plans": [
                    {
                        "Node Type": "Aggregate",
                        "Strategy": "Plain",
                        "Partial Mode": "Partial",
                        "Parent Relationship": "Outer",
                        "Parallel Aware": false,
                        "Startup Cost": 61369.17,
                        "Total Cost": 61369.18,
                        "Plan Rows": 1,
                        "Plan Width": 8,
                        "Actual Startup Time": 197.995,
                        "Actual Total Time": 197.999,
                        "Actual Rows": 1,
                        "Actual Loops": 3,
                        "Output": [
                            "PARTIAL count(*)"
                        ],
                        "Workers": [
                            {
                                "Worker Number": 0,
                                "Actual Startup Time": 193.406,
                                "Actual Total Time": 193.41,
                                "Actual Rows": 1,
                                "Actual Loops": 1
                            },
                            {
                                "Worker Number": 1,
                                "Actual Startup Time": 196.055,
                                "Actual Total Time": 196.058,
                                "Actual Rows": 1,
                                "Actual Loops": 1
                            }
                        ],
                        "Plans": [
                            {
                                "Node Type": "Hash Join",
                                "Parent Relationship": "Outer",
                                "Parallel Aware": true,
                                "Join Type": "Inner",
                                "Startup Cost": 45729.57,
                                "Total Cost": 61354.03,
                                "Plan Rows": 6057,
                                "Plan Width": 0,
                                "Actual Startup Time": 136.75,
                                "Actual Total Time": 197.859,
                                "Actual Rows": 2291,
                                "Actual Loops": 3,
                                "Inner Unique": true,
                                "Hash Cond": "(mi_idx.movie_id = t.id)",
                                "Workers": [
                                    {
                                        "Worker Number": 0,
                                        "Actual Startup Time": 132.295,
                                        "Actual Total Time": 193.257,
                                        "Actual Rows": 1637,
                                        "Actual Loops": 1
                                    },
                                    {
                                        "Worker Number": 1,
                                        "Actual Startup Time": 134.768,
                                        "Actual Total Time": 195.921,
                                        "Actual Rows": 2544,
                                        "Actual Loops": 1
                                    }
                                ],
                                "Plans": [
                                    {
                                        "Node Type": "Seq Scan",
                                        "Parent Relationship": "Outer",
                                        "Parallel Aware": true,
                                        "Relation Name": "movie_info_idx",
                                        "Schema": "public",
                                        "Alias": "mi_idx",
                                        "Startup Cost": 0.0,
                                        "Total Cost": 15122.68,
                                        "Plan Rows": 191154,
                                        "Plan Width": 4,
                                        "Actual Startup Time": 0.013,
                                        "Actual Total Time": 40.602,
                                        "Actual Rows": 153308,
                                        "Actual Loops": 3,
                                        "Output": [
                                            "mi_idx.id",
                                            "mi_idx.movie_id",
                                            "mi_idx.info_type_id",
                                            "mi_idx.info",
                                            "mi_idx.note"
                                        ],
                                        "Filter": "(mi_idx.info_type_id = 99)",
                                        "Rows Removed by Filter": 306703,
                                        "Workers": [
                                            {
                                                "Worker Number": 0,
                                                "Actual Startup Time": 0.013,
                                                "Actual Total Time": 41.17,
                                                "Actual Rows": 108241,
                                                "Actual Loops": 1
                                            },
                                            {
                                                "Worker Number": 1,
                                                "Actual Startup Time": 0.017,
                                                "Actual Total Time": 40.302,
                                                "Actual Rows": 163728,
                                                "Actual Loops": 1
                                            }
                                        ]
                                    },
                                    {
                                        "Node Type": "Hash",
                                        "Parent Relationship": "Inner",
                                        "Parallel Aware": true,
                                        "Startup Cost": 45479.21,
                                        "Total Cost": 45479.21,
                                        "Plan Rows": 20029,
                                        "Plan Width": 4,
                                        "Actual Startup Time": 134.698,
                                        "Actual Total Time": 134.699,
                                        "Actual Rows": 28228,
                                        "Actual Loops": 3,
                                        "Output": [
                                            "t.id"
                                        ],
                                        "Hash Buckets": 131072,
                                        "Original Hash Buckets": 131072,
                                        "Hash Batches": 1,
                                        "Original Hash Batches": 1,
                                        "Peak Memory Usage": 4384,
                                        "Workers": [
                                            {
                                                "Worker Number": 0,
                                                "Actual Startup Time": 131.392,
                                                "Actual Total Time": 131.393,
                                                "Actual Rows": 15264,
                                                "Actual Loops": 1
                                            },
                                            {
                                                "Worker Number": 1,
                                                "Actual Startup Time": 134.15,
                                                "Actual Total Time": 134.151,
                                                "Actual Rows": 28829,
                                                "Actual Loops": 1
                                            }
                                        ],
                                        "Plans": [
                                            {
                                                "Node Type": "Seq Scan",
                                                "Parent Relationship": "Outer",
                                                "Parallel Aware": true,
                                                "Relation Name": "title",
                                                "Schema": "public",
                                                "Alias": "t",
                                                "Startup Cost": 0.0,
                                                "Total Cost": 45479.21,
                                                "Plan Rows": 20029,
                                                "Plan Width": 4,
                                                "Actual Startup Time": 0.048,
                                                "Actual Total Time": 124.377,
                                                "Actual Rows": 28228,
                                                "Actual Loops": 3,
                                                "Output": [
                                                    "t.id"
                                                ],
                                                "Filter": "((t.kind_id = 7) AND (t.production_year = 2009))",
                                                "Rows Removed by Filter": 814543,
                                                "Workers": [
                                                    {
                                                        "Worker Number": 0,
                                                        "Actual Startup Time": 0.063,
                                                        "Actual Total Time": 122.032,
                                                        "Actual Rows": 15264,
                                                        "Actual Loops": 1
                                                    },
                                                    {
                                                        "Worker Number": 1,
                                                        "Actual Startup Time": 0.053,
                                                        "Actual Total Time": 124.416,
                                                        "Actual Rows": 28829,
                                                        "Actual Loops": 1
                                                    }
                                                ]
                                            }
                                        ]
                                    }
                                ]
                            }
                        ]
                    }
                ]
            }
        ]
    },
    "Planning Time": 0.737,
    "Triggers": [],
    "Execution Time": 218.007
}