[
  {
    "Plan": {
      "Node Type": "Aggregate",
      "Strategy": "Plain",
      "Partial Mode": "Finalize",
      "Parallel Aware": false,
      "Startup Cost": 153974.72,
      "Total Cost": 153974.73,
      "Plan Rows": 1,
      "Plan Width": 8,
      "Actual Startup Time": 927.007,
      "Actual Total Time": 968.994,
      "Actual Rows": 1,
      "Actual Loops": 1,
      "Plans": [
        {
          "Node Type": "Gather",
          "Parent Relationship": "Outer",
          "Parallel Aware": false,
          "Startup Cost": 153974.4,
          "Total Cost": 153974.71,
          "Plan Rows": 3,
          "Plan Width": 8,
          "Actual Startup Time": 924.177,
          "Actual Total Time": 968.985,
          "Actual Rows": 4,
          "Actual Loops": 1,
          "Workers Planned": 3,
          "Workers Launched": 3,
          "Single Copy": false,
          "Plans": [
            {
              "Node Type": "Aggregate",
              "Strategy": "Plain",
              "Partial Mode": "Partial",
              "Parent Relationship": "Outer",
              "Parallel Aware": false,
              "Startup Cost": 152974.4,
              "Total Cost": 152974.41,
              "Plan Rows": 1,
              "Plan Width": 8,
              "Actual Startup Time": 914.128,
              "Actual Total Time": 914.133,
              "Actual Rows": 1,
              "Actual Loops": 4,
              "Plans": [
                {
                  "Node Type": "Nested Loop",
                  "Parent Relationship": "Outer",
                  "Parallel Aware": false,
                  "Join Type": "Inner",
                  "Startup Cost": 54569.87,
                  "Total Cost": 152585.4,
                  "Plan Rows": 155600,
                  "Plan Width": 0,
                  "Actual Startup Time": 185.78,
                  "Actual Total Time": 864.255,
                  "Actual Rows": 927779,
                  "Actual Loops": 4,
                  "Inner Unique": false,
                  "Plans": [
                    {
                      "Node Type": "Hash Join",
                      "Parent Relationship": "Outer",
                      "Parallel Aware": true,
                      "Join Type": "Inner",
                      "Startup Cost": 54569.43,
                      "Total Cost": 74961.1,
                      "Plan Rows": 26500,
                      "Plan Width": 8,
                      "Actual Startup Time": 185.595,
                      "Actual Total Time": 243.96,
                      "Actual Rows": 46119,
                      "Actual Loops": 4,
                      "Inner Unique": true,
                      "Hash Cond": "(mc.movie_id = t.id)",
                      "Plans": [
                        {
                          "Node Type": "Bitmap Heap Scan",
                          "Parent Relationship": "Outer",
                          "Parallel Aware": true,
                          "Relation Name": "movie_companies",
                          "Alias": "mc",
                          "Startup Cost": 7112.57,
                          "Total Cost": 27226.26,
                          "Plan Rows": 105895,
                          "Plan Width": 4,
                          "Actual Startup Time": 26.453,
                          "Actual Total Time": 44.723,
                          "Actual Rows": 82516,
                          "Actual Loops": 4,
                          "Recheck Cond": "(company_id > 90685)",
                          "Rows Removed by Index Recheck": 0,
                          "Exact Heap Blocks": 1763,
                          "Lossy Heap Blocks": 0,
                          "Plans": [
                            {
                              "Node Type": "Bitmap Index Scan",
                              "Parent Relationship": "Outer",
                              "Parallel Aware": false,
                              "Index Name": "company_id_movie_companies",
                              "Startup Cost": 0.0,
                              "Total Cost": 7030.5,
                              "Plan Rows": 328276,
                              "Plan Width": 0,
                              "Actual Startup Time": 25.287,
                              "Actual Total Time": 25.288,
                              "Actual Rows": 330066,
                              "Actual Loops": 1,
                              "Index Cond": "(company_id > 90685)"
                            }
                          ]
                        },
                        {
                          "Node Type": "Hash",
                          "Parent Relationship": "Inner",
                          "Parallel Aware": true,
                          "Startup Cost": 45479.59,
                          "Total Cost": 45479.59,
                          "Plan Rows": 158182,
                          "Plan Width": 4,
                          "Actual Startup Time": 156.574,
                          "Actual Total Time": 156.575,
                          "Actual Rows": 133146,
                          "Actual Loops": 4,
                          "Hash Buckets": 1048576,
                          "Original Hash Buckets": 1048576,
                          "Hash Batches": 1,
                          "Original Hash Batches": 1,
                          "Peak Memory Usage": 29088,
                          "Plans": [
                            {
                              "Node Type": "Seq Scan",
                              "Parent Relationship": "Outer",
                              "Parallel Aware": true,
                              "Relation Name": "title",
                              "Alias": "t",
                              "Startup Cost": 0.0,
                              "Total Cost": 45479.59,
                              "Plan Rows": 158182,
                              "Plan Width": 4,
                              "Actual Startup Time": 0.052,
                              "Actual Total Time": 108.802,
                              "Actual Rows": 133146,
                              "Actual Loops": 4,
                              "Filter": "((kind_id < 7) AND (production_year > 1995))",
                              "Rows Removed by Filter": 498932
                            }
                          ]
                        }
                      ]
                    },
                    {
                      "Node Type": "Index Only Scan",
                      "Parent Relationship": "Inner",
                      "Parallel Aware": false,
                      "Scan Direction": "Forward",
                      "Index Name": "movie_id_movie_info",
                      "Relation Name": "movie_info",
                      "Alias": "mi",
                      "Startup Cost": 0.43,
                      "Total Cost": 2.52,
                      "Plan Rows": 41,
                      "Plan Width": 4,
                      "Actual Startup Time": 0.004,
                      "Actual Total Time": 0.012,
                      "Actual Rows": 20,
                      "Actual Loops": 184477,
                      "Index Cond": "(movie_id = t.id)",
                      "Rows Removed by Index Recheck": 0,
                      "Heap Fetches": 3711115
                    }
                  ]
                }
              ]
            }
          ]
        }
      ]
    },
    "Planning Time": 0.448,
    "Triggers": [],
    "Execution Time": 969.091
  }
]