{
  "Plan": {
    "Node Type": "Aggregate",
    "Strategy": "Plain",
    "Partial Mode": "Finalize",
    "Parallel Aware": false,
    "Startup Cost": 107300.59,
    "Total Cost": 107300.6,
    "Plan Rows": 1,
    "Plan Width": 8,
    "Actual Startup Time": 751.495,
    "Actual Total Time": 765.757,
    "Actual Rows": 1,
    "Actual Loops": 1,
    "Plans": [
      {
        "Node Type": "Gather",
        "Parent Relationship": "Outer",
        "Parallel Aware": false,
        "Startup Cost": 107300.48,
        "Total Cost": 107300.59,
        "Plan Rows": 1,
        "Plan Width": 8,
        "Actual Startup Time": 749.918,
        "Actual Total Time": 765.749,
        "Actual Rows": 2,
        "Actual Loops": 1,
        "Workers Planned": 1,
        "Workers Launched": 1,
        "Single Copy": false,
        "Plans": [
          {
            "Node Type": "Aggregate",
            "Strategy": "Plain",
            "Partial Mode": "Partial",
            "Parent Relationship": "Outer",
            "Parallel Aware": false,
            "Startup Cost": 106300.48,
            "Total Cost": 106300.49,
            "Plan Rows": 1,
            "Plan Width": 8,
            "Actual Startup Time": 746.875,
            "Actual Total Time": 746.879,
            "Actual Rows": 1,
            "Actual Loops": 2,
            "Plans": [
              {
                "Node Type": "Hash Join",
                "Parent Relationship": "Outer",
                "Parallel Aware": true,
                "Join Type": "Inner",
                "Startup Cost": 44304.3,
                "Total Cost": 105754.49,
                "Plan Rows": 218396,
                "Plan Width": 0,
                "Actual Startup Time": 218.884,
                "Actual Total Time": 732.459,
                "Actual Rows": 263085,
                "Actual Loops": 2,
                "Inner Unique": false,
                "Hash Cond": "(t.id = mc.movie_id)",
                "Plans": [
                  {
                    "Node Type": "Seq Scan",
                    "Parent Relationship": "Outer",
                    "Parallel Aware": true,
                    "Relation Name": "title",
                    "Alias": "t",
                    "Startup Cost": 0.0,
                    "Total Cost": 50870.31,
                    "Plan Rows": 1487231,
                    "Plan Width": 4,
                    "Actual Startup Time": 0.011,
                    "Actual Total Time": 142.784,
                    "Actual Rows": 1264156,
                    "Actual Loops": 2
                  },
                  {
                    "Node Type": "Hash",
                    "Parent Relationship": "Inner",
                    "Parallel Aware": true,
                    "Startup Cost": 41574.35,
                    "Total Cost": 41574.35,
                    "Plan Rows": 218396,
                    "Plan Width": 4,
                    "Actual Startup Time": 215.411,
                    "Actual Total Time": 215.413,
                    "Actual Rows": 263085,
                    "Actual Loops": 2,
                    "Hash Buckets": 1048576,
                    "Original Hash Buckets": 524288,
                    "Hash Batches": 1,
                    "Original Hash Batches": 1,
                    "Peak Memory Usage": 32896,
                    "Plans": [
                      {
                        "Node Type": "Index Scan",
                        "Parent Relationship": "Outer",
                        "Parallel Aware": true,
                        "Scan Direction": "Forward",
                        "Index Name": "company_type_id_movie_companies",
                        "Relation Name": "movie_companies",
                        "Alias": "mc",
                        "Startup Cost": 0.43,
                        "Total Cost": 41574.35,
                        "Plan Rows": 218396,
                        "Plan Width": 4,
                        "Actual Startup Time": 0.055,
                        "Actual Total Time": 126.195,
                        "Actual Rows": 263085,
                        "Actual Loops": 2,
                        "Index Cond": "(company_type_id < 2)",
                        "Rows Removed by Index Recheck": 0,
                        "Filter": "(company_id < 1455)",
                        "Rows Removed by Filter": 374038
                      }
                    ]
                  }
                ]
              }
            ]
          }
        ]
      }
    ]
  },
  "Planning Time": 0.399,
  "Triggers": [],
  "Execution Time": 765.808
}