[
  {
    "Plan": {
      "Node Type": "Aggregate",
      "Strategy": "Plain",
      "Partial Mode": "Finalize",
      "Parallel Aware": false,
      "Startup Cost": 447894.31,
      "Total Cost": 447894.32,
      "Plan Rows": 1,
      "Plan Width": 8,
      "Actual Startup Time": 1585.227,
      "Actual Total Time": 1659.359,
      "Actual Rows": 1,
      "Actual Loops": 1,
      "Plans": [
        {
          "Node Type": "Gather",
          "Parent Relationship": "Outer",
          "Parallel Aware": false,
          "Startup Cost": 447893.69,
          "Total Cost": 447894.3,
          "Plan Rows": 6,
          "Plan Width": 8,
          "Actual Startup Time": 1577.225,
          "Actual Total Time": 1659.345,
          "Actual Rows": 7,
          "Actual Loops": 1,
          "Workers Planned": 6,
          "Workers Launched": 6,
          "Single Copy": false,
          "Plans": [
            {
              "Node Type": "Aggregate",
              "Strategy": "Plain",
              "Partial Mode": "Partial",
              "Parent Relationship": "Outer",
              "Parallel Aware": false,
              "Startup Cost": 446893.69,
              "Total Cost": 446893.7,
              "Plan Rows": 1,
              "Plan Width": 8,
              "Actual Startup Time": 1566.044,
              "Actual Total Time": 1566.174,
              "Actual Rows": 1,
              "Actual Loops": 7,
              "Plans": [
                {
                  "Node Type": "Hash Join",
                  "Parent Relationship": "Outer",
                  "Parallel Aware": true,
                  "Join Type": "Inner",
                  "Startup Cost": 94267.68,
                  "Total Cost": 444675.74,
                  "Plan Rows": 887180,
                  "Plan Width": 0,
                  "Actual Startup Time": 293.419,
                  "Actual Total Time": 1538.724,
                  "Actual Rows": 556270,
                  "Actual Loops": 7,
                  "Inner Unique": false,
                  "Hash Cond": "(ci.movie_id = t.id)",
                  "Plans": [
                    {
                      "Node Type": "Seq Scan",
                      "Parent Relationship": "Outer",
                      "Parallel Aware": true,
                      "Relation Name": "cast_info",
                      "Alias": "ci",
                      "Startup Cost": 0.0,
                      "Total Cost": 328211.39,
                      "Plan Rows": 5155944,
                      "Plan Width": 4,
                      "Actual Startup Time": 0.049,
                      "Actual Total Time": 690.473,
                      "Actual Rows": 4425777,
                      "Actual Loops": 7,
                      "Filter": "(person_id < 3135162)",
                      "Rows Removed by Filter": 751986
                    },
                    {
                      "Node Type": "Hash",
                      "Parent Relationship": "Inner",
                      "Parallel Aware": true,
                      "Startup Cost": 92513.4,
                      "Total Cost": 92513.4,
                      "Plan Rows": 140343,
                      "Plan Width": 8,
                      "Actual Startup Time": 290.701,
                      "Actual Total Time": 290.829,
                      "Actual Rows": 19335,
                      "Actual Loops": 7,
                      "Hash Buckets": 524288,
                      "Original Hash Buckets": 524288,
                      "Hash Batches": 1,
                      "Original Hash Batches": 1,
                      "Peak Memory Usage": 9472,
                      "Plans": [
                        {
                          "Node Type": "Hash Join",
                          "Parent Relationship": "Outer",
                          "Parallel Aware": true,
                          "Join Type": "Inner",
                          "Startup Cost": 48988.09,
                          "Total Cost": 92513.4,
                          "Plan Rows": 140343,
                          "Plan Width": 8,
                          "Actual Startup Time": 186.772,
                          "Actual Total Time": 280.918,
                          "Actual Rows": 19335,
                          "Actual Loops": 7,
                          "Inner Unique": true,
                          "Hash Cond": "(mk.movie_id = t.id)",
                          "Plans": [
                            {
                              "Node Type": "Seq Scan",
                              "Parent Relationship": "Outer",
                              "Parallel Aware": true,
                              "Relation Name": "movie_keyword",
                              "Alias": "mk",
                              "Startup Cost": 0.0,
                              "Total Cost": 42695.65,
                              "Plan Rows": 316060,
                              "Plan Width": 4,
                              "Actual Startup Time": 0.939,
                              "Actual Total Time": 68.066,
                              "Actual Rows": 139374,
                              "Actual Loops": 7,
                              "Filter": "(keyword_id > 19197)",
                              "Rows Removed by Filter": 506901
                            },
                            {
                              "Node Type": "Hash",
                              "Parent Relationship": "Inner",
                              "Parallel Aware": true,
                              "Startup Cost": 45479.59,
                              "Total Cost": 45479.59,
                              "Plan Rows": 280680,
                              "Plan Width": 4,
                              "Actual Startup Time": 182.532,
                              "Actual Total Time": 182.533,
                              "Actual Rows": 172936,
                              "Actual Loops": 7,
                              "Hash Buckets": 2097152,
                              "Original Hash Buckets": 2097152,
                              "Hash Batches": 1,
                              "Original Hash Batches": 1,
                              "Peak Memory Usage": 63840,
                              "Plans": [
                                {
                                  "Node Type": "Seq Scan",
                                  "Parent Relationship": "Outer",
                                  "Parallel Aware": true,
                                  "Relation Name": "title",
                                  "Alias": "t",
                                  "Startup Cost": 0.0,
                                  "Total Cost": 45479.59,
                                  "Plan Rows": 280680,
                                  "Plan Width": 4,
                                  "Actual Startup Time": 0.059,
                                  "Actual Total Time": 84.08,
                                  "Actual Rows": 172936,
                                  "Actual Loops": 7,
                                  "Filter": "((kind_id > 4) AND (production_year > 1987))",
                                  "Rows Removed by Filter": 188252
                                }
                              ]
                            }
                          ]
                        }
                      ]
                    }
                  ]
                }
              ]
            }
          ]
        }
      ]
    },
    "Planning Time": 1.343,
    "Triggers": [],
    "Execution Time": 1659.466
  }
]