[
    {
        "Bao": {
            "Bao prediction": "NaN",
            "Bao recommended hint": "(no hint)"
        }
    },
    {
        "Plan": {
            "Node Type": "Aggregate",
            "Strategy": "Plain",
            "Partial Mode": "Finalize",
            "Parallel Aware": false,
            "Startup Cost": 76931.03,
            "Total Cost": 76931.04,
            "Plan Rows": 1,
            "Plan Width": 8,
            "Actual Startup Time": 271.962,
            "Actual Total Time": 283.462,
            "Actual Rows": 1,
            "Actual Loops": 1,
            "Output": [
                "count(*)"
            ],
            "Plans": [
                {
                    "Node Type": "Gather",
                    "Parent Relationship": "Outer",
                    "Parallel Aware": false,
                    "Startup Cost": 76930.72,
                    "Total Cost": 76931.03,
                    "Plan Rows": 3,
                    "Plan Width": 8,
                    "Actual Startup Time": 271.212,
                    "Actual Total Time": 283.453,
                    "Actual Rows": 4,
                    "Actual Loops": 1,
                    "Output": [
                        "(PARTIAL count(*))"
                    ],
                    "Workers Planned": 3,
                    "Workers Launched": 3,
                    "Single Copy": false,
                    "Plans": [
                        {
                            "Node Type": "Aggregate",
                            "Strategy": "Plain",
                            "Partial Mode": "Partial",
                            "Parent Relationship": "Outer",
                            "Parallel Aware": false,
                            "Startup Cost": 75930.72,
                            "Total Cost": 75930.73,
                            "Plan Rows": 1,
                            "Plan Width": 8,
                            "Actual Startup Time": 262.607,
                            "Actual Total Time": 262.61,
                            "Actual Rows": 1,
                            "Actual Loops": 4,
                            "Output": [
                                "PARTIAL count(*)"
                            ],
                            "Workers": [
                                {
                                    "Worker Number": 0,
                                    "Actual Startup Time": 259.608,
                                    "Actual Total Time": 259.61,
                                    "Actual Rows": 1,
                                    "Actual Loops": 1
                                },
                                {
                                    "Worker Number": 1,
                                    "Actual Startup Time": 259.937,
                                    "Actual Total Time": 259.94,
                                    "Actual Rows": 1,
                                    "Actual Loops": 1
                                },
                                {
                                    "Worker Number": 2,
                                    "Actual Startup Time": 260.264,
                                    "Actual Total Time": 260.266,
                                    "Actual Rows": 1,
                                    "Actual Loops": 1
                                }
                            ],
                            "Plans": [
                                {
                                    "Node Type": "Hash Join",
                                    "Parent Relationship": "Outer",
                                    "Parallel Aware": true,
                                    "Join Type": "Inner",
                                    "Startup Cost": 46297.03,
                                    "Total Cost": 75712.92,
                                    "Plan Rows": 87118,
                                    "Plan Width": 0,
                                    "Actual Startup Time": 115.406,
                                    "Actual Total Time": 258.882,
                                    "Actual Rows": 85799,
                                    "Actual Loops": 4,
                                    "Inner Unique": true,
                                    "Hash Cond": "(mc.movie_id = t.id)",
                                    "Workers": [
                                        {
                                            "Worker Number": 0,
                                            "Actual Startup Time": 112.483,
                                            "Actual Total Time": 255.836,
                                            "Actual Rows": 84714,
                                            "Actual Loops": 1
                                        },
                                        {
                                            "Worker Number": 1,
                                            "Actual Startup Time": 112.717,
                                            "Actual Total Time": 256.154,
                                            "Actual Rows": 82566,
                                            "Actual Loops": 1
                                        },
                                        {
                                            "Worker Number": 2,
                                            "Actual Startup Time": 113.053,
                                            "Actual Total Time": 256.551,
                                            "Actual Rows": 82914,
                                            "Actual Loops": 1
                                        }
                                    ],
                                    "Plans": [
                                        {
                                            "Node Type": "Seq Scan",
                                            "Parent Relationship": "Outer",
                                            "Parallel Aware": true,
                                            "Relation Name": "movie_companies",
                                            "Schema": "public",
                                            "Alias": "mc",
                                            "Startup Cost": 0.0,
                                            "Total Cost": 27206.55,
                                            "Plan Rows": 841655,
                                            "Plan Width": 4,
                                            "Actual Startup Time": 0.018,
                                            "Actual Total Time": 54.067,
                                            "Actual Rows": 652282,
                                            "Actual Loops": 4,
                                            "Output": [
                                                "mc.id",
                                                "mc.movie_id",
                                                "mc.company_id",
                                                "mc.company_type_id",
                                                "mc.note"
                                            ],
                                            "Workers": [
                                                {
                                                    "Worker Number": 0,
                                                    "Actual Startup Time": 0.019,
                                                    "Actual Total Time": 55.368,
                                                    "Actual Rows": 641170,
                                                    "Actual Loops": 1
                                                },
                                                {
                                                    "Worker Number": 1,
                                                    "Actual Startup Time": 0.023,
                                                    "Actual Total Time": 53.952,
                                                    "Actual Rows": 628535,
                                                    "Actual Loops": 1
                                                },
                                                {
                                                    "Worker Number": 2,
                                                    "Actual Startup Time": 0.021,
                                                    "Actual Total Time": 54.804,
                                                    "Actual Rows": 632666,
                                                    "Actual Loops": 1
                                                }
                                            ]
                                        },
                                        {
                                            "Node Type": "Hash",
                                            "Parent Relationship": "Inner",
                                            "Parallel Aware": true,
                                            "Startup Cost": 45479.21,
                                            "Total Cost": 45479.21,
                                            "Plan Rows": 65426,
                                            "Plan Width": 4,
                                            "Actual Startup Time": 112.762,
                                            "Actual Total Time": 112.763,
                                            "Actual Rows": 56962,
                                            "Actual Loops": 4,
                                            "Output": [
                                                "t.id"
                                            ],
                                            "Hash Buckets": 262144,
                                            "Original Hash Buckets": 262144,
                                            "Hash Batches": 1,
                                            "Original Hash Batches": 1,
                                            "Peak Memory Usage": 11008,
                                            "Workers": [
                                                {
                                                    "Worker Number": 0,
                                                    "Actual Startup Time": 111.567,
                                                    "Actual Total Time": 111.567,
                                                    "Actual Rows": 54653,
                                                    "Actual Loops": 1
                                                },
                                                {
                                                    "Worker Number": 1,
                                                    "Actual Startup Time": 111.729,
                                                    "Actual Total Time": 111.729,
                                                    "Actual Rows": 47824,
                                                    "Actual Loops": 1
                                                },
                                                {
                                                    "Worker Number": 2,
                                                    "Actual Startup Time": 112.326,
                                                    "Actual Total Time": 112.327,
                                                    "Actual Rows": 55280,
                                                    "Actual Loops": 1
                                                }
                                            ],
                                            "Plans": [
                                                {
                                                    "Node Type": "Seq Scan",
                                                    "Parent Relationship": "Outer",
                                                    "Parallel Aware": true,
                                                    "Relation Name": "title",
                                                    "Schema": "public",
                                                    "Alias": "t",
                                                    "Startup Cost": 0.0,
                                                    "Total Cost": 45479.21,
                                                    "Plan Rows": 65426,
                                                    "Plan Width": 4,
                                                    "Actual Startup Time": 0.067,
                                                    "Actual Total Time": 93.199,
                                                    "Actual Rows": 56962,
                                                    "Actual Loops": 4,
                                                    "Output": [
                                                        "t.id"
                                                    ],
                                                    "Filter": "((t.kind_id < 7) AND (t.production_year > 2008))",
                                                    "Rows Removed by Filter": 575116,
                                                    "Workers": [
                                                        {
                                                            "Worker Number": 0,
                                                            "Actual Startup Time": 0.063,
                                                            "Actual Total Time": 92.164,
                                                            "Actual Rows": 54653,
                                                            "Actual Loops": 1
                                                        },
                                                        {
                                                            "Worker Number": 1,
                                                            "Actual Startup Time": 0.095,
                                                            "Actual Total Time": 93.278,
                                                            "Actual Rows": 47824,
                                                            "Actual Loops": 1
                                                        },
                                                        {
                                                            "Worker Number": 2,
                                                            "Actual Startup Time": 0.039,
                                                            "Actual Total Time": 93.463,
                                                            "Actual Rows": 55280,
                                                            "Actual Loops": 1
                                                        }
                                                    ]
                                                }
                                            ]
                                        }
                                    ]
                                }
                            ]
                        }
                    ]
                }
            ]
        },
        "Planning Time": 196.805,
        "Triggers": [],
        "Execution Time": 283.55
    }
]