[
  {
    "Plan": {
      "Node Type": "Aggregate",
      "Strategy": "Plain",
      "Partial Mode": "Finalize",
      "Parallel Aware": false,
      "Startup Cost": 46552.51,
      "Total Cost": 46552.52,
      "Plan Rows": 1,
      "Plan Width": 8,
      "Actual Startup Time": 161.569,
      "Actual Total Time": 169.727,
      "Actual Rows": 1,
      "Actual Loops": 1,
      "Plans": [
        {
          "Node Type": "Gather",
          "Parent Relationship": "Outer",
          "Parallel Aware": false,
          "Startup Cost": 46552.19,
          "Total Cost": 46552.5,
          "Plan Rows": 3,
          "Plan Width": 8,
          "Actual Startup Time": 161.455,
          "Actual Total Time": 169.719,
          "Actual Rows": 4,
          "Actual Loops": 1,
          "Workers Planned": 3,
          "Workers Launched": 3,
          "Single Copy": false,
          "Plans": [
            {
              "Node Type": "Aggregate",
              "Strategy": "Plain",
              "Partial Mode": "Partial",
              "Parent Relationship": "Outer",
              "Parallel Aware": false,
              "Startup Cost": 45552.19,
              "Total Cost": 45552.2,
              "Plan Rows": 1,
              "Plan Width": 8,
              "Actual Startup Time": 155.125,
              "Actual Total Time": 155.127,
              "Actual Rows": 1,
              "Actual Loops": 4,
              "Plans": [
                {
                  "Node Type": "Seq Scan",
                  "Parent Relationship": "Outer",
                  "Parallel Aware": true,
                  "Relation Name": "movie_keyword",
                  "Alias": "mk",
                  "Startup Cost": 0.0,
                  "Total Cost": 42695.65,
                  "Plan Rows": 1142614,
                  "Plan Width": 0,
                  "Actual Startup Time": 0.059,
                  "Actual Total Time": 116.861,
                  "Actual Rows": 887456,
                  "Actual Loops": 4,
                  "Filter": "(keyword_id < 19286)",
                  "Rows Removed by Filter": 243527
                }
              ]
            }
          ]
        }
      ]
    },
    "Planning Time": 0.138,
    "Triggers": [],
    "Execution Time": 169.768
  }
]