[
  {
    "Plan": {
      "Node Type": "Aggregate",
      "Strategy": "Plain",
      "Partial Mode": "Finalize",
      "Parallel Aware": false,
      "Startup Cost": 33283.76,
      "Total Cost": 33283.77,
      "Plan Rows": 1,
      "Plan Width": 8,
      "Actual Startup Time": 106.735,
      "Actual Total Time": 115.205,
      "Actual Rows": 1,
      "Actual Loops": 1,
      "Plans": [
        {
          "Node Type": "Gather",
          "Parent Relationship": "Outer",
          "Parallel Aware": false,
          "Startup Cost": 33283.44,
          "Total Cost": 33283.75,
          "Plan Rows": 3,
          "Plan Width": 8,
          "Actual Startup Time": 106.611,
          "Actual Total Time": 115.197,
          "Actual Rows": 4,
          "Actual Loops": 1,
          "Workers Planned": 3,
          "Workers Launched": 3,
          "Single Copy": false,
          "Plans": [
            {
              "Node Type": "Aggregate",
              "Strategy": "Plain",
              "Partial Mode": "Partial",
              "Parent Relationship": "Outer",
              "Parallel Aware": false,
              "Startup Cost": 32283.44,
              "Total Cost": 32283.45,
              "Plan Rows": 1,
              "Plan Width": 8,
              "Actual Startup Time": 98.723,
              "Actual Total Time": 98.724,
              "Actual Rows": 1,
              "Actual Loops": 4,
              "Plans": [
                {
                  "Node Type": "Seq Scan",
                  "Parent Relationship": "Outer",
                  "Parallel Aware": true,
                  "Relation Name": "movie_companies",
                  "Alias": "mc",
                  "Startup Cost": 0.0,
                  "Total Cost": 31414.82,
                  "Plan Rows": 347450,
                  "Plan Width": 0,
                  "Actual Startup Time": 0.143,
                  "Actual Total Time": 85.468,
                  "Actual Rows": 238285,
                  "Actual Loops": 4,
                  "Filter": "((company_id > 292) AND (company_type_id < 2))",
                  "Rows Removed by Filter": 413997
                }
              ]
            }
          ]
        }
      ]
    },
    "Planning Time": 0.233,
    "Triggers": [],
    "Execution Time": 115.26
  }
]