{
  "Plan": {
    "Node Type": "Aggregate",
    "Strategy": "Plain",
    "Partial Mode": "Finalize",
    "Parallel Aware": false,
    "Startup Cost": 717342.67,
    "Total Cost": 717342.68,
    "Plan Rows": 1,
    "Plan Width": 8,
    "Actual Startup Time": 7591.102,
    "Actual Total Time": 7663.273,
    "Actual Rows": 1,
    "Actual Loops": 1,
    "Plans": [
      {
        "Node Type": "Gather",
        "Parent Relationship": "Outer",
        "Parallel Aware": false,
        "Startup Cost": 717342.56,
        "Total Cost": 717342.67,
        "Plan Rows": 1,
        "Plan Width": 8,
        "Actual Startup Time": 7588.581,
        "Actual Total Time": 7663.264,
        "Actual Rows": 2,
        "Actual Loops": 1,
        "Workers Planned": 1,
        "Workers Launched": 1,
        "Single Copy": false,
        "Plans": [
          {
            "Node Type": "Aggregate",
            "Strategy": "Plain",
            "Partial Mode": "Partial",
            "Parent Relationship": "Outer",
            "Parallel Aware": false,
            "Startup Cost": 716342.56,
            "Total Cost": 716342.57,
            "Plan Rows": 1,
            "Plan Width": 8,
            "Actual Startup Time": 7582.258,
            "Actual Total Time": 7582.263,
            "Actual Rows": 1,
            "Actual Loops": 2,
            "Plans": [
              {
                "Node Type": "Hash Join",
                "Parent Relationship": "Outer",
                "Parallel Aware": true,
                "Join Type": "Inner",
                "Startup Cost": 129168.93,
                "Total Cost": 703975.52,
                "Plan Rows": 4946815,
                "Plan Width": 0,
                "Actual Startup Time": 634.984,
                "Actual Total Time": 6407.616,
                "Actual Rows": 29149616,
                "Actual Loops": 2,
                "Inner Unique": false,
                "Hash Cond": "(ci.movie_id = t.id)",
                "Plans": [
                  {
                    "Node Type": "Seq Scan",
                    "Parent Relationship": "Outer",
                    "Parallel Aware": true,
                    "Relation Name": "cast_info",
                    "Alias": "ci",
                    "Startup Cost": 0.0,
                    "Total Cost": 465792.95,
                    "Plan Rows": 21310595,
                    "Plan Width": 4,
                    "Actual Startup Time": 0.014,
                    "Actual Total Time": 1339.211,
                    "Actual Rows": 18122172,
                    "Actual Loops": 2
                  },
                  {
                    "Node Type": "Hash",
                    "Parent Relationship": "Inner",
                    "Parallel Aware": true,
                    "Startup Cost": 124853.55,
                    "Total Cost": 124853.55,
                    "Plan Rows": 345230,
                    "Plan Width": 8,
                    "Actual Startup Time": 625.651,
                    "Actual Total Time": 625.654,
                    "Actual Rows": 391813,
                    "Actual Loops": 2,
                    "Hash Buckets": 1048576,
                    "Original Hash Buckets": 1048576,
                    "Hash Batches": 1,
                    "Original Hash Batches": 1,
                    "Peak Memory Usage": 38880,
                    "Plans": [
                      {
                        "Node Type": "Hash Join",
                        "Parent Relationship": "Outer",
                        "Parallel Aware": true,
                        "Join Type": "Inner",
                        "Startup Cost": 61096.04,
                        "Total Cost": 124853.55,
                        "Plan Rows": 345230,
                        "Plan Width": 8,
                        "Actual Startup Time": 183.947,
                        "Actual Total Time": 553.542,
                        "Actual Rows": 391813,
                        "Actual Loops": 2,
                        "Inner Unique": true,
                        "Hash Cond": "(mk.movie_id = t.id)",
                        "Plans": [
                          {
                            "Node Type": "Seq Scan",
                            "Parent Relationship": "Outer",
                            "Parallel Aware": true,
                            "Relation Name": "movie_keyword",
                            "Alias": "mk",
                            "Startup Cost": 0.0,
                            "Total Cost": 57718.19,
                            "Plan Rows": 2300688,
                            "Plan Width": 4,
                            "Actual Startup Time": 0.038,
                            "Actual Total Time": 199.251,
                            "Actual Rows": 1951915,
                            "Actual Loops": 2,
                            "Filter": "(keyword_id > 475)",
                            "Rows Removed by Filter": 310050
                          },
                          {
                            "Node Type": "Hash",
                            "Parent Relationship": "Inner",
                            "Parallel Aware": true,
                            "Startup Cost": 58306.47,
                            "Total Cost": 58306.47,
                            "Plan Rows": 223166,
                            "Plan Width": 4,
                            "Actual Startup Time": 181.022,
                            "Actual Total Time": 181.023,
                            "Actual Rows": 150061,
                            "Actual Loops": 2,
                            "Hash Buckets": 524288,
                            "Original Hash Buckets": 524288,
                            "Hash Batches": 1,
                            "Original Hash Batches": 1,
                            "Peak Memory Usage": 15872,
                            "Plans": [
                              {
                                "Node Type": "Seq Scan",
                                "Parent Relationship": "Outer",
                                "Parallel Aware": true,
                                "Relation Name": "title",
                                "Alias": "t",
                                "Startup Cost": 0.0,
                                "Total Cost": 58306.47,
                                "Plan Rows": 223166,
                                "Plan Width": 4,
                                "Actual Startup Time": 0.041,
                                "Actual Total Time": 142.658,
                                "Actual Rows": 150061,
                                "Actual Loops": 2,
                                "Filter": "((kind_id < 4) AND (production_year > 2004))",
                                "Rows Removed by Filter": 1114095
                              }
                            ]
                          }
                        ]
                      }
                    ]
                  }
                ]
              }
            ]
          }
        ]
      }
    ]
  },
  "Planning Time": 0.958,
  "Triggers": [],
  "Execution Time": 7663.397
}