{
  "Plan": {
    "Node Type": "Aggregate",
    "Strategy": "Plain",
    "Partial Mode": "Finalize",
    "Parallel Aware": false,
    "Startup Cost": 393195.37,
    "Total Cost": 393195.38,
    "Plan Rows": 1,
    "Plan Width": 8,
    "Actual Startup Time": 1736.497,
    "Actual Total Time": 1795.858,
    "Actual Rows": 1,
    "Actual Loops": 1,
    "Plans": [
      {
        "Node Type": "Gather",
        "Parent Relationship": "Outer",
        "Parallel Aware": false,
        "Startup Cost": 393195.26,
        "Total Cost": 393195.37,
        "Plan Rows": 1,
        "Plan Width": 8,
        "Actual Startup Time": 1734.163,
        "Actual Total Time": 1795.847,
        "Actual Rows": 2,
        "Actual Loops": 1,
        "Workers Planned": 1,
        "Workers Launched": 1,
        "Single Copy": false,
        "Plans": [
          {
            "Node Type": "Aggregate",
            "Strategy": "Plain",
            "Partial Mode": "Partial",
            "Parent Relationship": "Outer",
            "Parallel Aware": false,
            "Startup Cost": 392195.26,
            "Total Cost": 392195.27,
            "Plan Rows": 1,
            "Plan Width": 8,
            "Actual Startup Time": 1727.556,
            "Actual Total Time": 1727.86,
            "Actual Rows": 1,
            "Actual Loops": 2,
            "Plans": [
              {
                "Node Type": "Hash Join",
                "Parent Relationship": "Outer",
                "Parallel Aware": true,
                "Join Type": "Inner",
                "Startup Cost": 104544.5,
                "Total Cost": 390971.43,
                "Plan Rows": 489529,
                "Plan Width": 0,
                "Actual Startup Time": 549.607,
                "Actual Total Time": 1717.444,
                "Actual Rows": 205154,
                "Actual Loops": 2,
                "Inner Unique": false,
                "Hash Cond": "(mi.movie_id = t.id)",
                "Plans": [
                  {
                    "Node Type": "Seq Scan",
                    "Parent Relationship": "Outer",
                    "Parallel Aware": true,
                    "Relation Name": "movie_info",
                    "Alias": "mi",
                    "Startup Cost": 0.0,
                    "Total Cost": 270696.42,
                    "Plan Rows": 3426912,
                    "Plan Width": 4,
                    "Actual Startup Time": 0.02,
                    "Actual Total Time": 810.853,
                    "Actual Rows": 2942482,
                    "Actual Loops": 2,
                    "Filter": "(info_type_id < 7)",
                    "Rows Removed by Filter": 4475378
                  },
                  {
                    "Node Type": "Hash",
                    "Parent Relationship": "Inner",
                    "Parallel Aware": true,
                    "Startup Cost": 101888.89,
                    "Total Cost": 101888.89,
                    "Plan Rows": 212449,
                    "Plan Width": 8,
                    "Actual Startup Time": 542.257,
                    "Actual Total Time": 542.559,
                    "Actual Rows": 84581,
                    "Actual Loops": 2,
                    "Hash Buckets": 524288,
                    "Original Hash Buckets": 524288,
                    "Hash Batches": 1,
                    "Original Hash Batches": 1,
                    "Peak Memory Usage": 10720,
                    "Plans": [
                      {
                        "Node Type": "Hash Join",
                        "Parent Relationship": "Outer",
                        "Parallel Aware": true,
                        "Join Type": "Inner",
                        "Startup Cost": 40400.56,
                        "Total Cost": 101888.89,
                        "Plan Rows": 212449,
                        "Plan Width": 8,
                        "Actual Startup Time": 171.557,
                        "Actual Total Time": 515.412,
                        "Actual Rows": 84581,
                        "Actual Loops": 2,
                        "Inner Unique": false,
                        "Hash Cond": "(t.id = mc.movie_id)",
                        "Plans": [
                          {
                            "Node Type": "Seq Scan",
                            "Parent Relationship": "Outer",
                            "Parallel Aware": true,
                            "Relation Name": "title",
                            "Alias": "t",
                            "Startup Cost": 0.0,
                            "Total Cost": 54588.39,
                            "Plan Rows": 904038,
                            "Plan Width": 4,
                            "Actual Startup Time": 0.022,
                            "Actual Total Time": 169.364,
                            "Actual Rows": 771632,
                            "Actual Loops": 2,
                            "Filter": "(kind_id = 7)",
                            "Rows Removed by Filter": 492524
                          },
                          {
                            "Node Type": "Hash",
                            "Parent Relationship": "Inner",
                            "Parallel Aware": true,
                            "Startup Cost": 36031.83,
                            "Total Cost": 36031.83,
                            "Plan Rows": 349499,
                            "Plan Width": 4,
                            "Actual Startup Time": 164.937,
                            "Actual Total Time": 164.938,
                            "Actual Rows": 303726,
                            "Actual Loops": 2,
                            "Hash Buckets": 1048576,
                            "Original Hash Buckets": 1048576,
                            "Hash Batches": 1,
                            "Original Hash Batches": 1,
                            "Peak Memory Usage": 32000,
                            "Plans": [
                              {
                                "Node Type": "Bitmap Heap Scan",
                                "Parent Relationship": "Outer",
                                "Parallel Aware": true,
                                "Relation Name": "movie_companies",
                                "Alias": "mc",
                                "Startup Cost": 12873.08,
                                "Total Cost": 36031.83,
                                "Plan Rows": 349499,
                                "Plan Width": 4,
                                "Actual Startup Time": 32.324,
                                "Actual Total Time": 93.314,
                                "Actual Rows": 303726,
                                "Actual Loops": 2,
                                "Recheck Cond": "(company_id > 65479)",
                                "Rows Removed by Index Recheck": 0,
                                "Exact Heap Blocks": 6159,
                                "Lossy Heap Blocks": 0,
                                "Plans": [
                                  {
                                    "Node Type": "Bitmap Index Scan",
                                    "Parent Relationship": "Outer",
                                    "Parallel Aware": false,
                                    "Index Name": "company_id_movie_companies",
                                    "Startup Cost": 0.0,
                                    "Total Cost": 12724.55,
                                    "Plan Rows": 594149,
                                    "Plan Width": 0,
                                    "Actual Startup Time": 31.014,
                                    "Actual Total Time": 31.014,
                                    "Actual Rows": 607453,
                                    "Actual Loops": 1,
                                    "Index Cond": "(company_id > 65479)"
                                  }
                                ]
                              }
                            ]
                          }
                        ]
                      }
                    ]
                  }
                ]
              }
            ]
          }
        ]
      }
    ]
  },
  "Planning Time": 0.94,
  "Triggers": [],
  "Execution Time": 1796.008
}