{
  "Plan": {
    "Node Type": "Aggregate",
    "Strategy": "Plain",
    "Partial Mode": "Finalize",
    "Parallel Aware": false,
    "Startup Cost": 101802.43,
    "Total Cost": 101802.44,
    "Plan Rows": 1,
    "Plan Width": 8,
    "Actual Startup Time": 711.053,
    "Actual Total Time": 730.555,
    "Actual Rows": 1,
    "Actual Loops": 1,
    "Plans": [
      {
        "Node Type": "Gather",
        "Parent Relationship": "Outer",
        "Parallel Aware": false,
        "Startup Cost": 101802.32,
        "Total Cost": 101802.43,
        "Plan Rows": 1,
        "Plan Width": 8,
        "Actual Startup Time": 705.801,
        "Actual Total Time": 730.548,
        "Actual Rows": 2,
        "Actual Loops": 1,
        "Workers Planned": 1,
        "Workers Launched": 1,
        "Single Copy": false,
        "Plans": [
          {
            "Node Type": "Aggregate",
            "Strategy": "Plain",
            "Partial Mode": "Partial",
            "Parent Relationship": "Outer",
            "Parallel Aware": false,
            "Startup Cost": 100802.32,
            "Total Cost": 100802.33,
            "Plan Rows": 1,
            "Plan Width": 8,
            "Actual Startup Time": 692.68,
            "Actual Total Time": 692.684,
            "Actual Rows": 1,
            "Actual Loops": 2,
            "Plans": [
              {
                "Node Type": "Hash Join",
                "Parent Relationship": "Outer",
                "Parallel Aware": true,
                "Join Type": "Inner",
                "Startup Cost": 74087.29,
                "Total Cost": 100481.6,
                "Plan Rows": 128285,
                "Plan Width": 0,
                "Actual Startup Time": 605.595,
                "Actual Total Time": 687.1,
                "Actual Rows": 105602,
                "Actual Loops": 2,
                "Inner Unique": true,
                "Hash Cond": "(mk.movie_id = t.id)",
                "Plans": [
                  {
                    "Node Type": "Bitmap Heap Scan",
                    "Parent Relationship": "Outer",
                    "Parallel Aware": true,
                    "Relation Name": "movie_keyword",
                    "Alias": "mk",
                    "Startup Cost": 4626.59,
                    "Total Cost": 30684.16,
                    "Plan Rows": 128285,
                    "Plan Width": 4,
                    "Actual Startup Time": 14.466,
                    "Actual Total Time": 62.576,
                    "Actual Rows": 105602,
                    "Actual Loops": 2,
                    "Recheck Cond": "(keyword_id > 66496)",
                    "Rows Removed by Index Recheck": 0,
                    "Exact Heap Blocks": 14011,
                    "Lossy Heap Blocks": 0,
                    "Plans": [
                      {
                        "Node Type": "Bitmap Index Scan",
                        "Parent Relationship": "Outer",
                        "Parallel Aware": false,
                        "Index Name": "keyword_id_movie_keyword",
                        "Startup Cost": 0.0,
                        "Total Cost": 4572.07,
                        "Plan Rows": 218085,
                        "Plan Width": 0,
                        "Actual Startup Time": 11.455,
                        "Actual Total Time": 11.456,
                        "Actual Rows": 211203,
                        "Actual Loops": 1,
                        "Index Cond": "(keyword_id > 66496)"
                      }
                    ]
                  },
                  {
                    "Node Type": "Hash",
                    "Parent Relationship": "Inner",
                    "Parallel Aware": true,
                    "Startup Cost": 50870.31,
                    "Total Cost": 50870.31,
                    "Plan Rows": 1487231,
                    "Plan Width": 4,
                    "Actual Startup Time": 569.067,
                    "Actual Total Time": 569.068,
                    "Actual Rows": 1264156,
                    "Actual Loops": 2,
                    "Hash Buckets": 4194304,
                    "Original Hash Buckets": 4194304,
                    "Hash Batches": 1,
                    "Original Hash Batches": 1,
                    "Peak Memory Usage": 131712,
                    "Plans": [
                      {
                        "Node Type": "Seq Scan",
                        "Parent Relationship": "Outer",
                        "Parallel Aware": true,
                        "Relation Name": "title",
                        "Alias": "t",
                        "Startup Cost": 0.0,
                        "Total Cost": 50870.31,
                        "Plan Rows": 1487231,
                        "Plan Width": 4,
                        "Actual Startup Time": 0.024,
                        "Actual Total Time": 179.933,
                        "Actual Rows": 1264156,
                        "Actual Loops": 2
                      }
                    ]
                  }
                ]
              }
            ]
          }
        ]
      }
    ]
  },
  "Planning Time": 0.657,
  "Triggers": [],
  "Execution Time": 730.644
}