[
  {
    "Plan": {
      "Node Type": "Aggregate",
      "Strategy": "Plain",
      "Partial Mode": "Finalize",
      "Parallel Aware": false,
      "Startup Cost": 390035.11,
      "Total Cost": 390035.12,
      "Plan Rows": 1,
      "Plan Width": 8,
      "Actual Startup Time": 1510.02,
      "Actual Total Time": 1565.263,
      "Actual Rows": 1,
      "Actual Loops": 1,
      "Plans": [
        {
          "Node Type": "Gather",
          "Parent Relationship": "Outer",
          "Parallel Aware": false,
          "Startup Cost": 390034.48,
          "Total Cost": 390035.09,
          "Plan Rows": 6,
          "Plan Width": 8,
          "Actual Startup Time": 1507.413,
          "Actual Total Time": 1565.249,
          "Actual Rows": 7,
          "Actual Loops": 1,
          "Workers Planned": 6,
          "Workers Launched": 6,
          "Single Copy": false,
          "Plans": [
            {
              "Node Type": "Aggregate",
              "Strategy": "Plain",
              "Partial Mode": "Partial",
              "Parent Relationship": "Outer",
              "Parallel Aware": false,
              "Startup Cost": 389034.48,
              "Total Cost": 389034.49,
              "Plan Rows": 1,
              "Plan Width": 8,
              "Actual Startup Time": 1498.277,
              "Actual Total Time": 1498.28,
              "Actual Rows": 1,
              "Actual Loops": 7,
              "Plans": [
                {
                  "Node Type": "Hash Join",
                  "Parent Relationship": "Outer",
                  "Parallel Aware": true,
                  "Join Type": "Inner",
                  "Startup Cost": 45906.01,
                  "Total Cost": 388305.24,
                  "Plan Rows": 291697,
                  "Plan Width": 0,
                  "Actual Startup Time": 100.028,
                  "Actual Total Time": 1475.596,
                  "Actual Rows": 464315,
                  "Actual Loops": 7,
                  "Inner Unique": true,
                  "Hash Cond": "(ci.movie_id = t.id)",
                  "Plans": [
                    {
                      "Node Type": "Seq Scan",
                      "Parent Relationship": "Outer",
                      "Parallel Aware": true,
                      "Relation Name": "cast_info",
                      "Alias": "ci",
                      "Startup Cost": 0.0,
                      "Total Cost": 328211.39,
                      "Plan Rows": 5404882,
                      "Plan Width": 4,
                      "Actual Startup Time": 0.034,
                      "Actual Total Time": 657.501,
                      "Actual Rows": 4634552,
                      "Actual Loops": 7,
                      "Filter": "(person_id < 3366067)",
                      "Rows Removed by Filter": 543212
                    },
                    {
                      "Node Type": "Hash",
                      "Parent Relationship": "Inner",
                      "Parallel Aware": true,
                      "Startup Cost": 45479.59,
                      "Total Cost": 45479.59,
                      "Plan Rows": 34114,
                      "Plan Width": 4,
                      "Actual Startup Time": 98.477,
                      "Actual Total Time": 98.478,
                      "Actual Rows": 39770,
                      "Actual Loops": 7,
                      "Hash Buckets": 524288,
                      "Original Hash Buckets": 262144,
                      "Hash Batches": 1,
                      "Original Hash Batches": 1,
                      "Peak Memory Usage": 17152,
                      "Plans": [
                        {
                          "Node Type": "Seq Scan",
                          "Parent Relationship": "Outer",
                          "Parallel Aware": true,
                          "Relation Name": "title",
                          "Alias": "t",
                          "Startup Cost": 0.0,
                          "Total Cost": 45479.59,
                          "Plan Rows": 34114,
                          "Plan Width": 4,
                          "Actual Startup Time": 44.343,
                          "Actual Total Time": 73.3,
                          "Actual Rows": 39770,
                          "Actual Loops": 7,
                          "Filter": "((production_year < 1982) AND (kind_id = 1))",
                          "Rows Removed by Filter": 321417
                        }
                      ]
                    }
                  ]
                }
              ]
            }
          ]
        }
      ]
    },
    "Planning Time": 0.687,
    "Triggers": [],
    "Execution Time": 1565.357
  }
]