[
  {
    "Plan": {
      "Node Type": "Aggregate",
      "Strategy": "Plain",
      "Partial Mode": "Finalize",
      "Parallel Aware": false,
      "Startup Cost": 46519.16,
      "Total Cost": 46519.17,
      "Plan Rows": 1,
      "Plan Width": 8,
      "Actual Startup Time": 92.497,
      "Actual Total Time": 104.59,
      "Actual Rows": 1,
      "Actual Loops": 1,
      "Plans": [
        {
          "Node Type": "Gather",
          "Parent Relationship": "Outer",
          "Parallel Aware": false,
          "Startup Cost": 46518.74,
          "Total Cost": 46519.15,
          "Plan Rows": 4,
          "Plan Width": 8,
          "Actual Startup Time": 92.241,
          "Actual Total Time": 104.582,
          "Actual Rows": 5,
          "Actual Loops": 1,
          "Workers Planned": 4,
          "Workers Launched": 4,
          "Single Copy": false,
          "Plans": [
            {
              "Node Type": "Aggregate",
              "Strategy": "Plain",
              "Partial Mode": "Partial",
              "Parent Relationship": "Outer",
              "Parallel Aware": false,
              "Startup Cost": 45518.74,
              "Total Cost": 45518.75,
              "Plan Rows": 1,
              "Plan Width": 8,
              "Actual Startup Time": 84.582,
              "Actual Total Time": 84.583,
              "Actual Rows": 1,
              "Actual Loops": 5,
              "Plans": [
                {
                  "Node Type": "Seq Scan",
                  "Parent Relationship": "Outer",
                  "Parallel Aware": true,
                  "Relation Name": "title",
                  "Alias": "t",
                  "Startup Cost": 0.0,
                  "Total Cost": 45479.1,
                  "Plan Rows": 15858,
                  "Plan Width": 0,
                  "Actual Startup Time": 66.404,
                  "Actual Total Time": 84.576,
                  "Actual Rows": 0,
                  "Actual Loops": 5,
                  "Filter": "((kind_id > 1) AND (production_year < 1921))",
                  "Rows Removed by Filter": 505662
                }
              ]
            }
          ]
        }
      ]
    },
    "Planning Time": 0.188,
    "Triggers": [],
    "Execution Time": 104.65
  }
]