{
  "Plan": {
    "Node Type": "Aggregate",
    "Strategy": "Plain",
    "Partial Mode": "Finalize",
    "Parallel Aware": false,
    "Startup Cost": 130065.09,
    "Total Cost": 130065.1,
    "Plan Rows": 1,
    "Plan Width": 8,
    "Actual Startup Time": 774.803,
    "Actual Total Time": 791.08,
    "Actual Rows": 1,
    "Actual Loops": 1,
    "Plans": [
      {
        "Node Type": "Gather",
        "Parent Relationship": "Outer",
        "Parallel Aware": false,
        "Startup Cost": 130064.97,
        "Total Cost": 130065.08,
        "Plan Rows": 1,
        "Plan Width": 8,
        "Actual Startup Time": 770.519,
        "Actual Total Time": 791.07,
        "Actual Rows": 2,
        "Actual Loops": 1,
        "Workers Planned": 1,
        "Workers Launched": 1,
        "Single Copy": false,
        "Plans": [
          {
            "Node Type": "Aggregate",
            "Strategy": "Plain",
            "Partial Mode": "Partial",
            "Parent Relationship": "Outer",
            "Parallel Aware": false,
            "Startup Cost": 129064.97,
            "Total Cost": 129064.98,
            "Plan Rows": 1,
            "Plan Width": 8,
            "Actual Startup Time": 762.825,
            "Actual Total Time": 762.83,
            "Actual Rows": 1,
            "Actual Loops": 2,
            "Plans": [
              {
                "Node Type": "Hash Join",
                "Parent Relationship": "Outer",
                "Parallel Aware": true,
                "Join Type": "Inner",
                "Startup Cost": 93396.63,
                "Total Cost": 128093.13,
                "Plan Rows": 388739,
                "Plan Width": 0,
                "Actual Startup Time": 520.448,
                "Actual Total Time": 759.092,
                "Actual Rows": 70106,
                "Actual Loops": 2,
                "Inner Unique": true,
                "Hash Cond": "(mk.movie_id = t.id)",
                "Plans": [
                  {
                    "Node Type": "Bitmap Heap Scan",
                    "Parent Relationship": "Outer",
                    "Parallel Aware": true,
                    "Relation Name": "movie_keyword",
                    "Alias": "mk",
                    "Startup Cost": 24418.41,
                    "Total Cost": 57337.29,
                    "Plan Rows": 677190,
                    "Plan Width": 4,
                    "Actual Startup Time": 71.263,
                    "Actual Total Time": 192.519,
                    "Actual Rows": 579930,
                    "Actual Loops": 2,
                    "Recheck Cond": "(keyword_id < 1382)",
                    "Rows Removed by Index Recheck": 0,
                    "Exact Heap Blocks": 15954,
                    "Lossy Heap Blocks": 0,
                    "Plans": [
                      {
                        "Node Type": "Bitmap Index Scan",
                        "Parent Relationship": "Outer",
                        "Parallel Aware": false,
                        "Index Name": "keyword_id_movie_keyword",
                        "Startup Cost": 0.0,
                        "Total Cost": 24130.6,
                        "Plan Rows": 1151223,
                        "Plan Width": 0,
                        "Actual Startup Time": 67.557,
                        "Actual Total Time": 67.558,
                        "Actual Rows": 1159861,
                        "Actual Loops": 1,
                        "Index Cond": "(keyword_id < 1382)"
                      }
                    ]
                  },
                  {
                    "Node Type": "Hash",
                    "Parent Relationship": "Inner",
                    "Parallel Aware": true,
                    "Startup Cost": 58306.47,
                    "Total Cost": 58306.47,
                    "Plan Rows": 853740,
                    "Plan Width": 4,
                    "Actual Startup Time": 434.992,
                    "Actual Total Time": 434.993,
                    "Actual Rows": 719092,
                    "Actual Loops": 2,
                    "Hash Buckets": 2097152,
                    "Original Hash Buckets": 2097152,
                    "Hash Batches": 1,
                    "Original Hash Batches": 1,
                    "Peak Memory Usage": 72672,
                    "Plans": [
                      {
                        "Node Type": "Seq Scan",
                        "Parent Relationship": "Outer",
                        "Parallel Aware": true,
                        "Relation Name": "title",
                        "Alias": "t",
                        "Startup Cost": 0.0,
                        "Total Cost": 58306.47,
                        "Plan Rows": 853740,
                        "Plan Width": 4,
                        "Actual Startup Time": 0.034,
                        "Actual Total Time": 197.657,
                        "Actual Rows": 719092,
                        "Actual Loops": 2,
                        "Filter": "((production_year < 2013) AND (kind_id = 7))",
                        "Rows Removed by Filter": 545064
                      }
                    ]
                  }
                ]
              }
            ]
          }
        ]
      }
    ]
  },
  "Planning Time": 0.718,
  "Triggers": [],
  "Execution Time": 791.173
}