[
  {
    "Plan": {
      "Node Type": "Aggregate",
      "Strategy": "Plain",
      "Partial Mode": "Finalize",
      "Parallel Aware": false,
      "Startup Cost": 76756.42,
      "Total Cost": 76756.43,
      "Plan Rows": 1,
      "Plan Width": 8,
      "Actual Startup Time": 214.655,
      "Actual Total Time": 227.72,
      "Actual Rows": 1,
      "Actual Loops": 1,
      "Plans": [
        {
          "Node Type": "Gather",
          "Parent Relationship": "Outer",
          "Parallel Aware": false,
          "Startup Cost": 76756.1,
          "Total Cost": 76756.41,
          "Plan Rows": 3,
          "Plan Width": 8,
          "Actual Startup Time": 213.305,
          "Actual Total Time": 227.711,
          "Actual Rows": 4,
          "Actual Loops": 1,
          "Workers Planned": 3,
          "Workers Launched": 3,
          "Single Copy": false,
          "Plans": [
            {
              "Node Type": "Aggregate",
              "Strategy": "Plain",
              "Partial Mode": "Partial",
              "Parent Relationship": "Outer",
              "Parallel Aware": false,
              "Startup Cost": 75756.1,
              "Total Cost": 75756.11,
              "Plan Rows": 1,
              "Plan Width": 8,
              "Actual Startup Time": 203.789,
              "Actual Total Time": 203.794,
              "Actual Rows": 1,
              "Actual Loops": 4,
              "Plans": [
                {
                  "Node Type": "Hash Join",
                  "Parent Relationship": "Outer",
                  "Parallel Aware": true,
                  "Join Type": "Inner",
                  "Startup Cost": 54859.13,
                  "Total Cost": 75738.95,
                  "Plan Rows": 6861,
                  "Plan Width": 0,
                  "Actual Startup Time": 160.178,
                  "Actual Total Time": 202.187,
                  "Actual Rows": 37093,
                  "Actual Loops": 4,
                  "Inner Unique": true,
                  "Hash Cond": "(mc.movie_id = t.id)",
                  "Plans": [
                    {
                      "Node Type": "Bitmap Heap Scan",
                      "Parent Relationship": "Outer",
                      "Parallel Aware": true,
                      "Relation Name": "movie_companies",
                      "Alias": "mc",
                      "Startup Cost": 8545.67,
                      "Total Cost": 29254.95,
                      "Plan Rows": 64965,
                      "Plan Width": 4,
                      "Actual Startup Time": 21.54,
                      "Actual Total Time": 46.162,
                      "Actual Rows": 100476,
                      "Actual Loops": 4,
                      "Recheck Cond": "(company_id > 82045)",
                      "Rows Removed by Index Recheck": 0,
                      "Filter": "(company_type_id = 2)",
                      "Rows Removed by Filter": 0,
                      "Exact Heap Blocks": 1921,
                      "Lossy Heap Blocks": 0,
                      "Plans": [
                        {
                          "Node Type": "Bitmap Index Scan",
                          "Parent Relationship": "Outer",
                          "Parallel Aware": false,
                          "Index Name": "company_id_movie_companies",
                          "Startup Cost": 0.0,
                          "Total Cost": 8495.32,
                          "Plan Rows": 396652,
                          "Plan Width": 0,
                          "Actual Startup Time": 20.611,
                          "Actual Total Time": 20.612,
                          "Actual Rows": 401906,
                          "Actual Loops": 1,
                          "Index Cond": "(company_id > 82045)"
                        }
                      ]
                    },
                    {
                      "Node Type": "Hash",
                      "Parent Relationship": "Inner",
                      "Parallel Aware": true,
                      "Startup Cost": 45479.1,
                      "Total Cost": 45479.1,
                      "Plan Rows": 66749,
                      "Plan Width": 4,
                      "Actual Startup Time": 125.305,
                      "Actual Total Time": 125.307,
                      "Actual Rows": 93549,
                      "Actual Loops": 4,
                      "Hash Buckets": 524288,
                      "Original Hash Buckets": 524288,
                      "Hash Batches": 1,
                      "Original Hash Batches": 1,
                      "Peak Memory Usage": 18784,
                      "Plans": [
                        {
                          "Node Type": "Seq Scan",
                          "Parent Relationship": "Outer",
                          "Parallel Aware": true,
                          "Relation Name": "title",
                          "Alias": "t",
                          "Startup Cost": 0.0,
                          "Total Cost": 45479.1,
                          "Plan Rows": 66749,
                          "Plan Width": 4,
                          "Actual Startup Time": 56.621,
                          "Actual Total Time": 96.93,
                          "Actual Rows": 93549,
                          "Actual Loops": 4,
                          "Filter": "((kind_id < 2) AND (production_year < 2000))",
                          "Rows Removed by Filter": 538529
                        }
                      ]
                    }
                  ]
                }
              ]
            }
          ]
        }
      ]
    },
    "Planning Time": 0.686,
    "Triggers": [],
    "Execution Time": 227.814
  }
]