[
  {
    "Plan": {
      "Node Type": "Aggregate",
      "Strategy": "Plain",
      "Partial Mode": "Finalize",
      "Parallel Aware": false,
      "Startup Cost": 78493.42,
      "Total Cost": 78493.43,
      "Plan Rows": 1,
      "Plan Width": 8,
      "Actual Startup Time": 218.561,
      "Actual Total Time": 241.974,
      "Actual Rows": 1,
      "Actual Loops": 1,
      "Plans": [
        {
          "Node Type": "Gather",
          "Parent Relationship": "Outer",
          "Parallel Aware": false,
          "Startup Cost": 78493.2,
          "Total Cost": 78493.41,
          "Plan Rows": 2,
          "Plan Width": 8,
          "Actual Startup Time": 218.192,
          "Actual Total Time": 241.967,
          "Actual Rows": 3,
          "Actual Loops": 1,
          "Workers Planned": 2,
          "Workers Launched": 2,
          "Single Copy": false,
          "Plans": [
            {
              "Node Type": "Aggregate",
              "Strategy": "Plain",
              "Partial Mode": "Partial",
              "Parent Relationship": "Outer",
              "Parallel Aware": false,
              "Startup Cost": 77493.2,
              "Total Cost": 77493.21,
              "Plan Rows": 1,
              "Plan Width": 8,
              "Actual Startup Time": 210.289,
              "Actual Total Time": 210.297,
              "Actual Rows": 1,
              "Actual Loops": 3,
              "Plans": [
                {
                  "Node Type": "Nested Loop",
                  "Parent Relationship": "Outer",
                  "Parallel Aware": false,
                  "Join Type": "Inner",
                  "Startup Cost": 45827.85,
                  "Total Cost": 77464.84,
                  "Plan Rows": 11344,
                  "Plan Width": 0,
                  "Actual Startup Time": 120.924,
                  "Actual Total Time": 210.207,
                  "Actual Rows": 854,
                  "Actual Loops": 3,
                  "Inner Unique": false,
                  "Join Filter": "(t.id = mc.movie_id)",
                  "Rows Removed by Join Filter": 0,
                  "Plans": [
                    {
                      "Node Type": "Hash Join",
                      "Parent Relationship": "Outer",
                      "Parallel Aware": true,
                      "Join Type": "Inner",
                      "Startup Cost": 45827.42,
                      "Total Cost": 61021.98,
                      "Plan Rows": 25314,
                      "Plan Width": 8,
                      "Actual Startup Time": 118.537,
                      "Actual Total Time": 206.641,
                      "Actual Rows": 1043,
                      "Actual Loops": 3,
                      "Inner Unique": true,
                      "Hash Cond": "(mi_idx.movie_id = t.id)",
                      "Plans": [
                        {
                          "Node Type": "Seq Scan",
                          "Parent Relationship": "Outer",
                          "Parallel Aware": true,
                          "Relation Name": "movie_info_idx",
                          "Alias": "mi_idx",
                          "Startup Cost": 0.0,
                          "Total Cost": 13685.15,
                          "Plan Rows": 575015,
                          "Plan Width": 4,
                          "Actual Startup Time": 0.012,
                          "Actual Total Time": 45.989,
                          "Actual Rows": 460012,
                          "Actual Loops": 3
                        },
                        {
                          "Node Type": "Hash",
                          "Parent Relationship": "Inner",
                          "Parallel Aware": true,
                          "Startup Cost": 45479.59,
                          "Total Cost": 45479.59,
                          "Plan Rows": 27827,
                          "Plan Width": 4,
                          "Actual Startup Time": 116.717,
                          "Actual Total Time": 116.718,
                          "Actual Rows": 5972,
                          "Actual Loops": 3,
                          "Hash Buckets": 131072,
                          "Original Hash Buckets": 131072,
                          "Hash Batches": 1,
                          "Original Hash Batches": 1,
                          "Peak Memory Usage": 1760,
                          "Plans": [
                            {
                              "Node Type": "Seq Scan",
                              "Parent Relationship": "Outer",
                              "Parallel Aware": true,
                              "Relation Name": "title",
                              "Alias": "t",
                              "Startup Cost": 0.0,
                              "Total Cost": 45479.59,
                              "Plan Rows": 27827,
                              "Plan Width": 4,
                              "Actual Startup Time": 0.063,
                              "Actual Total Time": 113.589,
                              "Actual Rows": 5972,
                              "Actual Loops": 3,
                              "Filter": "((production_year < 1955) AND (kind_id = 7))",
                              "Rows Removed by Filter": 836799
                            }
                          ]
                        }
                      ]
                    },
                    {
                      "Node Type": "Index Scan",
                      "Parent Relationship": "Inner",
                      "Parallel Aware": false,
                      "Scan Direction": "Forward",
                      "Index Name": "movie_id_movie_companies",
                      "Relation Name": "movie_companies",
                      "Alias": "mc",
                      "Startup Cost": 0.43,
                      "Total Cost": 0.62,
                      "Plan Rows": 2,
                      "Plan Width": 4,
                      "Actual Startup Time": 0.003,
                      "Actual Total Time": 0.003,
                      "Actual Rows": 1,
                      "Actual Loops": 3129,
                      "Index Cond": "(movie_id = mi_idx.movie_id)",
                      "Rows Removed by Index Recheck": 0,
                      "Filter": "((company_id < 83163) AND (company_type_id = 2))",
                      "Rows Removed by Filter": 1
                    }
                  ]
                }
              ]
            }
          ]
        }
      ]
    },
    "Planning Time": 0.931,
    "Triggers": [],
    "Execution Time": 242.017
  }
]