[
  {
    "Plan": {
      "Node Type": "Aggregate",
      "Strategy": "Plain",
      "Partial Mode": "Finalize",
      "Parallel Aware": false,
      "Startup Cost": 90754.18,
      "Total Cost": 90754.19,
      "Plan Rows": 1,
      "Plan Width": 8,
      "Actual Startup Time": 404.255,
      "Actual Total Time": 422.317,
      "Actual Rows": 1,
      "Actual Loops": 1,
      "Plans": [
        {
          "Node Type": "Gather",
          "Parent Relationship": "Outer",
          "Parallel Aware": false,
          "Startup Cost": 90753.86,
          "Total Cost": 90754.17,
          "Plan Rows": 3,
          "Plan Width": 8,
          "Actual Startup Time": 402.858,
          "Actual Total Time": 422.304,
          "Actual Rows": 4,
          "Actual Loops": 1,
          "Workers Planned": 3,
          "Workers Launched": 3,
          "Single Copy": false,
          "Plans": [
            {
              "Node Type": "Aggregate",
              "Strategy": "Plain",
              "Partial Mode": "Partial",
              "Parent Relationship": "Outer",
              "Parallel Aware": false,
              "Startup Cost": 89753.86,
              "Total Cost": 89753.87,
              "Plan Rows": 1,
              "Plan Width": 8,
              "Actual Startup Time": 396.001,
              "Actual Total Time": 396.005,
              "Actual Rows": 1,
              "Actual Loops": 4,
              "Plans": [
                {
                  "Node Type": "Hash Join",
                  "Parent Relationship": "Outer",
                  "Parallel Aware": true,
                  "Join Type": "Inner",
                  "Startup Cost": 46434.75,
                  "Total Cost": 89312.83,
                  "Plan Rows": 176413,
                  "Plan Width": 0,
                  "Actual Startup Time": 139.248,
                  "Actual Total Time": 374.584,
                  "Actual Rows": 465114,
                  "Actual Loops": 4,
                  "Inner Unique": true,
                  "Hash Cond": "(mk.movie_id = t.id)",
                  "Plans": [
                    {
                      "Node Type": "Seq Scan",
                      "Parent Relationship": "Outer",
                      "Parallel Aware": true,
                      "Relation Name": "movie_keyword",
                      "Alias": "mk",
                      "Startup Cost": 0.0,
                      "Total Cost": 39047.32,
                      "Plan Rows": 1459332,
                      "Plan Width": 4,
                      "Actual Startup Time": 0.027,
                      "Actual Total Time": 90.984,
                      "Actual Rows": 1130982,
                      "Actual Loops": 4
                    },
                    {
                      "Node Type": "Hash",
                      "Parent Relationship": "Inner",
                      "Parallel Aware": true,
                      "Startup Cost": 45479.59,
                      "Total Cost": 45479.59,
                      "Plan Rows": 76413,
                      "Plan Width": 4,
                      "Actual Startup Time": 136.164,
                      "Actual Total Time": 136.165,
                      "Actual Rows": 110888,
                      "Actual Loops": 4,
                      "Hash Buckets": 524288,
                      "Original Hash Buckets": 524288,
                      "Hash Batches": 1,
                      "Original Hash Batches": 1,
                      "Peak Memory Usage": 21536,
                      "Plans": [
                        {
                          "Node Type": "Seq Scan",
                          "Parent Relationship": "Outer",
                          "Parallel Aware": true,
                          "Relation Name": "title",
                          "Alias": "t",
                          "Startup Cost": 0.0,
                          "Total Cost": 45479.59,
                          "Plan Rows": 76413,
                          "Plan Width": 4,
                          "Actual Startup Time": 0.075,
                          "Actual Total Time": 102.517,
                          "Actual Rows": 110888,
                          "Actual Loops": 4,
                          "Filter": "((kind_id < 4) AND (production_year < 1998))",
                          "Rows Removed by Filter": 521190
                        }
                      ]
                    }
                  ]
                }
              ]
            }
          ]
        }
      ]
    },
    "Planning Time": 0.407,
    "Triggers": [],
    "Execution Time": 422.371
  }
]