[
  {
    "Plan": {
      "Node Type": "Aggregate",
      "Strategy": "Plain",
      "Partial Mode": "Finalize",
      "Parallel Aware": false,
      "Startup Cost": 72053.6,
      "Total Cost": 72053.61,
      "Plan Rows": 1,
      "Plan Width": 8,
      "Actual Startup Time": 161.074,
      "Actual Total Time": 171.966,
      "Actual Rows": 1,
      "Actual Loops": 1,
      "Plans": [
        {
          "Node Type": "Gather",
          "Parent Relationship": "Outer",
          "Parallel Aware": false,
          "Startup Cost": 72053.29,
          "Total Cost": 72053.6,
          "Plan Rows": 3,
          "Plan Width": 8,
          "Actual Startup Time": 160.723,
          "Actual Total Time": 171.958,
          "Actual Rows": 4,
          "Actual Loops": 1,
          "Workers Planned": 3,
          "Workers Launched": 3,
          "Single Copy": false,
          "Plans": [
            {
              "Node Type": "Aggregate",
              "Strategy": "Plain",
              "Partial Mode": "Partial",
              "Parent Relationship": "Outer",
              "Parallel Aware": false,
              "Startup Cost": 71053.29,
              "Total Cost": 71053.3,
              "Plan Rows": 1,
              "Plan Width": 8,
              "Actual Startup Time": 151.09,
              "Actual Total Time": 151.094,
              "Actual Rows": 1,
              "Actual Loops": 4,
              "Plans": [
                {
                  "Node Type": "Hash Join",
                  "Parent Relationship": "Outer",
                  "Parallel Aware": true,
                  "Join Type": "Inner",
                  "Startup Cost": 38780.71,
                  "Total Cost": 71039.76,
                  "Plan Rows": 5409,
                  "Plan Width": 0,
                  "Actual Startup Time": 116.248,
                  "Actual Total Time": 150.984,
                  "Actual Rows": 1380,
                  "Actual Loops": 4,
                  "Inner Unique": true,
                  "Hash Cond": "(mc.movie_id = t.id)",
                  "Plans": [
                    {
                      "Node Type": "Seq Scan",
                      "Parent Relationship": "Outer",
                      "Parallel Aware": true,
                      "Relation Name": "movie_companies",
                      "Alias": "mc",
                      "Startup Cost": 0.0,
                      "Total Cost": 31414.82,
                      "Plan Rows": 321614,
                      "Plan Width": 4,
                      "Actual Startup Time": 35.119,
                      "Actual Total Time": 74.498,
                      "Actual Rows": 174793,
                      "Actual Loops": 4,
                      "Filter": "((company_id < 53011) AND (company_type_id > 1))",
                      "Rows Removed by Filter": 477489
                    },
                    {
                      "Node Type": "Hash",
                      "Parent Relationship": "Inner",
                      "Parallel Aware": true,
                      "Startup Cost": 38647.82,
                      "Total Cost": 38647.82,
                      "Plan Rows": 10631,
                      "Plan Width": 4,
                      "Actual Startup Time": 57.541,
                      "Actual Total Time": 57.543,
                      "Actual Rows": 4638,
                      "Actual Loops": 4,
                      "Hash Buckets": 65536,
                      "Original Hash Buckets": 65536,
                      "Hash Batches": 1,
                      "Original Hash Batches": 1,
                      "Peak Memory Usage": 1312,
                      "Plans": [
                        {
                          "Node Type": "Bitmap Heap Scan",
                          "Parent Relationship": "Outer",
                          "Parallel Aware": true,
                          "Relation Name": "title",
                          "Alias": "t",
                          "Startup Cost": 2191.57,
                          "Total Cost": 38647.82,
                          "Plan Rows": 10631,
                          "Plan Width": 4,
                          "Actual Startup Time": 15.136,
                          "Actual Total Time": 54.647,
                          "Actual Rows": 4638,
                          "Actual Loops": 4,
                          "Recheck Cond": "(kind_id = 4)",
                          "Rows Removed by Index Recheck": 0,
                          "Filter": "(production_year < 1997)",
                          "Rows Removed by Filter": 24920,
                          "Exact Heap Blocks": 6896,
                          "Lossy Heap Blocks": 0,
                          "Plans": [
                            {
                              "Node Type": "Bitmap Index Scan",
                              "Parent Relationship": "Outer",
                              "Parallel Aware": false,
                              "Index Name": "kind_id_title",
                              "Startup Cost": 0.0,
                              "Total Cost": 2180.94,
                              "Plan Rows": 122201,
                              "Plan Width": 0,
                              "Actual Startup Time": 16.325,
                              "Actual Total Time": 16.326,
                              "Actual Rows": 118234,
                              "Actual Loops": 1,
                              "Index Cond": "(kind_id = 4)"
                            }
                          ]
                        }
                      ]
                    }
                  ]
                }
              ]
            }
          ]
        }
      ]
    },
    "Planning Time": 0.7,
    "Triggers": [],
    "Execution Time": 172.066
  }
]