[
  {
    "Plan": {
      "Node Type": "Aggregate",
      "Strategy": "Plain",
      "Partial Mode": "Finalize",
      "Parallel Aware": false,
      "Startup Cost": 32962.74,
      "Total Cost": 32962.75,
      "Plan Rows": 1,
      "Plan Width": 8,
      "Actual Startup Time": 97.012,
      "Actual Total Time": 102.616,
      "Actual Rows": 1,
      "Actual Loops": 1,
      "Plans": [
        {
          "Node Type": "Gather",
          "Parent Relationship": "Outer",
          "Parallel Aware": false,
          "Startup Cost": 32962.42,
          "Total Cost": 32962.73,
          "Plan Rows": 3,
          "Plan Width": 8,
          "Actual Startup Time": 96.899,
          "Actual Total Time": 102.609,
          "Actual Rows": 4,
          "Actual Loops": 1,
          "Workers Planned": 3,
          "Workers Launched": 3,
          "Single Copy": false,
          "Plans": [
            {
              "Node Type": "Aggregate",
              "Strategy": "Plain",
              "Partial Mode": "Partial",
              "Parent Relationship": "Outer",
              "Parallel Aware": false,
              "Startup Cost": 31962.42,
              "Total Cost": 31962.43,
              "Plan Rows": 1,
              "Plan Width": 8,
              "Actual Startup Time": 88.612,
              "Actual Total Time": 88.614,
              "Actual Rows": 1,
              "Actual Loops": 4,
              "Plans": [
                {
                  "Node Type": "Seq Scan",
                  "Parent Relationship": "Outer",
                  "Parallel Aware": true,
                  "Relation Name": "movie_companies",
                  "Alias": "mc",
                  "Startup Cost": 0.0,
                  "Total Cost": 31414.82,
                  "Plan Rows": 219040,
                  "Plan Width": 0,
                  "Actual Startup Time": 50.969,
                  "Actual Total Time": 83.657,
                  "Actual Rows": 109146,
                  "Actual Loops": 4,
                  "Filter": "((company_id < 11428) AND (company_type_id > 1))",
                  "Rows Removed by Filter": 543136
                }
              ]
            }
          ]
        }
      ]
    },
    "Planning Time": 0.168,
    "Triggers": [],
    "Execution Time": 102.662
  }
]