[
  {
    "Plan": {
      "Node Type": "Aggregate",
      "Strategy": "Plain",
      "Partial Mode": "Finalize",
      "Parallel Aware": false,
      "Startup Cost": 23284.87,
      "Total Cost": 23284.88,
      "Plan Rows": 1,
      "Plan Width": 8,
      "Actual Startup Time": 48.921,
      "Actual Total Time": 52.782,
      "Actual Rows": 1,
      "Actual Loops": 1,
      "Plans": [
        {
          "Node Type": "Gather",
          "Parent Relationship": "Outer",
          "Parallel Aware": false,
          "Startup Cost": 23284.55,
          "Total Cost": 23284.86,
          "Plan Rows": 3,
          "Plan Width": 8,
          "Actual Startup Time": 48.634,
          "Actual Total Time": 52.774,
          "Actual Rows": 4,
          "Actual Loops": 1,
          "Workers Planned": 3,
          "Workers Launched": 3,
          "Single Copy": false,
          "Plans": [
            {
              "Node Type": "Aggregate",
              "Strategy": "Plain",
              "Partial Mode": "Partial",
              "Parent Relationship": "Outer",
              "Parallel Aware": false,
              "Startup Cost": 22284.55,
              "Total Cost": 22284.56,
              "Plan Rows": 1,
              "Plan Width": 8,
              "Actual Startup Time": 42.338,
              "Actual Total Time": 42.34,
              "Actual Rows": 1,
              "Actual Loops": 4,
              "Plans": [
                {
                  "Node Type": "Bitmap Heap Scan",
                  "Parent Relationship": "Outer",
                  "Parallel Aware": true,
                  "Relation Name": "movie_companies",
                  "Alias": "mc",
                  "Startup Cost": 2857.22,
                  "Total Cost": 22178.33,
                  "Plan Rows": 42489,
                  "Plan Width": 0,
                  "Actual Startup Time": 14.662,
                  "Actual Total Time": 38.998,
                  "Actual Rows": 31940,
                  "Actual Loops": 4,
                  "Recheck Cond": "(company_id > 142377)",
                  "Rows Removed by Index Recheck": 0,
                  "Exact Heap Blocks": 2130,
                  "Lossy Heap Blocks": 0,
                  "Plans": [
                    {
                      "Node Type": "Bitmap Index Scan",
                      "Parent Relationship": "Outer",
                      "Parallel Aware": false,
                      "Index Name": "company_id_movie_companies",
                      "Startup Cost": 0.0,
                      "Total Cost": 2824.29,
                      "Plan Rows": 131715,
                      "Plan Width": 0,
                      "Actual Startup Time": 18.898,
                      "Actual Total Time": 18.899,
                      "Actual Rows": 127760,
                      "Actual Loops": 1,
                      "Index Cond": "(company_id > 142377)"
                    }
                  ]
                }
              ]
            }
          ]
        }
      ]
    },
    "Planning Time": 0.206,
    "Triggers": [],
    "Execution Time": 52.859
  }
]