[
  {
    "Plan": {
      "Node Type": "Aggregate",
      "Strategy": "Plain",
      "Partial Mode": "Finalize",
      "Parallel Aware": false,
      "Startup Cost": 220772.93,
      "Total Cost": 220772.94,
      "Plan Rows": 1,
      "Plan Width": 8,
      "Actual Startup Time": 453.787,
      "Actual Total Time": 479.075,
      "Actual Rows": 1,
      "Actual Loops": 1,
      "Plans": [
        {
          "Node Type": "Gather",
          "Parent Relationship": "Outer",
          "Parallel Aware": false,
          "Startup Cost": 220772.71,
          "Total Cost": 220772.92,
          "Plan Rows": 2,
          "Plan Width": 8,
          "Actual Startup Time": 450.521,
          "Actual Total Time": 479.059,
          "Actual Rows": 3,
          "Actual Loops": 1,
          "Workers Planned": 2,
          "Workers Launched": 2,
          "Single Copy": false,
          "Plans": [
            {
              "Node Type": "Aggregate",
              "Strategy": "Plain",
              "Partial Mode": "Partial",
              "Parent Relationship": "Outer",
              "Parallel Aware": false,
              "Startup Cost": 219772.71,
              "Total Cost": 219772.72,
              "Plan Rows": 1,
              "Plan Width": 8,
              "Actual Startup Time": 444.91,
              "Actual Total Time": 444.915,
              "Actual Rows": 1,
              "Actual Loops": 3,
              "Plans": [
                {
                  "Node Type": "Nested Loop",
                  "Parent Relationship": "Outer",
                  "Parallel Aware": false,
                  "Join Type": "Inner",
                  "Startup Cost": 47892.08,
                  "Total Cost": 218922.39,
                  "Plan Rows": 340130,
                  "Plan Width": 0,
                  "Actual Startup Time": 202.616,
                  "Actual Total Time": 436.802,
                  "Actual Rows": 174868,
                  "Actual Loops": 3,
                  "Inner Unique": false,
                  "Plans": [
                    {
                      "Node Type": "Hash Join",
                      "Parent Relationship": "Outer",
                      "Parallel Aware": true,
                      "Join Type": "Inner",
                      "Startup Cost": 47891.65,
                      "Total Cost": 63512.44,
                      "Plan Rows": 57927,
                      "Plan Width": 8,
                      "Actual Startup Time": 202.544,
                      "Actual Total Time": 301.374,
                      "Actual Rows": 22497,
                      "Actual Loops": 3,
                      "Inner Unique": true,
                      "Hash Cond": "(mi_idx.movie_id = t.id)",
                      "Plans": [
                        {
                          "Node Type": "Seq Scan",
                          "Parent Relationship": "Outer",
                          "Parallel Aware": true,
                          "Relation Name": "movie_info_idx",
                          "Alias": "mi_idx",
                          "Startup Cost": 0.0,
                          "Total Cost": 15122.68,
                          "Plan Rows": 189755,
                          "Plan Width": 4,
                          "Actual Startup Time": 0.023,
                          "Actual Total Time": 38.465,
                          "Actual Rows": 153308,
                          "Actual Loops": 3,
                          "Filter": "(info_type_id = 99)",
                          "Rows Removed by Filter": 306703
                        },
                        {
                          "Node Type": "Hash",
                          "Parent Relationship": "Inner",
                          "Parallel Aware": true,
                          "Startup Cost": 45479.59,
                          "Total Cost": 45479.59,
                          "Plan Rows": 192965,
                          "Plan Width": 4,
                          "Actual Startup Time": 197.218,
                          "Actual Total Time": 197.219,
                          "Actual Rows": 280003,
                          "Actual Loops": 3,
                          "Hash Buckets": 1048576,
                          "Original Hash Buckets": 1048576,
                          "Hash Batches": 1,
                          "Original Hash Batches": 1,
                          "Peak Memory Usage": 41088,
                          "Plans": [
                            {
                              "Node Type": "Seq Scan",
                              "Parent Relationship": "Outer",
                              "Parallel Aware": true,
                              "Relation Name": "title",
                              "Alias": "t",
                              "Startup Cost": 0.0,
                              "Total Cost": 45479.59,
                              "Plan Rows": 192965,
                              "Plan Width": 4,
                              "Actual Startup Time": 0.029,
                              "Actual Total Time": 118.552,
                              "Actual Rows": 280003,
                              "Actual Loops": 3,
                              "Filter": "((production_year > 2002) AND (kind_id = 7))",
                              "Rows Removed by Filter": 562767
                            }
                          ]
                        }
                      ]
                    },
                    {
                      "Node Type": "Index Only Scan",
                      "Parent Relationship": "Inner",
                      "Parallel Aware": false,
                      "Scan Direction": "Forward",
                      "Index Name": "movie_id_movie_info",
                      "Relation Name": "movie_info",
                      "Alias": "mi",
                      "Startup Cost": 0.43,
                      "Total Cost": 2.27,
                      "Plan Rows": 41,
                      "Plan Width": 4,
                      "Actual Startup Time": 0.002,
                      "Actual Total Time": 0.005,
                      "Actual Rows": 8,
                      "Actual Loops": 67492,
                      "Index Cond": "(movie_id = t.id)",
                      "Rows Removed by Index Recheck": 0,
                      "Heap Fetches": 524605
                    }
                  ]
                }
              ]
            }
          ]
        }
      ]
    },
    "Planning Time": 0.868,
    "Triggers": [],
    "Execution Time": 479.149
  }
]