{
  "Plan": {
    "Node Type": "Aggregate",
    "Strategy": "Plain",
    "Partial Mode": "Finalize",
    "Parallel Aware": false,
    "Startup Cost": 1485921.32,
    "Total Cost": 1485921.33,
    "Plan Rows": 1,
    "Plan Width": 8,
    "Actual Startup Time": 4193.908,
    "Actual Total Time": 4239.171,
    "Actual Rows": 1,
    "Actual Loops": 1,
    "Plans": [
      {
        "Node Type": "Gather",
        "Parent Relationship": "Outer",
        "Parallel Aware": false,
        "Startup Cost": 1485921.21,
        "Total Cost": 1485921.32,
        "Plan Rows": 1,
        "Plan Width": 8,
        "Actual Startup Time": 4093.512,
        "Actual Total Time": 4239.152,
        "Actual Rows": 2,
        "Actual Loops": 1,
        "Workers Planned": 1,
        "Workers Launched": 1,
        "Single Copy": false,
        "Plans": [
          {
            "Node Type": "Aggregate",
            "Strategy": "Plain",
            "Partial Mode": "Partial",
            "Parent Relationship": "Outer",
            "Parallel Aware": false,
            "Startup Cost": 1484921.21,
            "Total Cost": 1484921.22,
            "Plan Rows": 1,
            "Plan Width": 8,
            "Actual Startup Time": 4137.369,
            "Actual Total Time": 4137.373,
            "Actual Rows": 1,
            "Actual Loops": 2,
            "Plans": [
              {
                "Node Type": "Merge Join",
                "Parent Relationship": "Outer",
                "Parallel Aware": false,
                "Join Type": "Inner",
                "Startup Cost": 22.35,
                "Total Cost": 1469993.88,
                "Plan Rows": 5970930,
                "Plan Width": 0,
                "Actual Startup Time": 20.366,
                "Actual Total Time": 4046.634,
                "Actual Rows": 2283741,
                "Actual Loops": 2,
                "Inner Unique": false,
                "Merge Cond": "(mi.movie_id = t.id)",
                "Plans": [
                  {
                    "Node Type": "Index Only Scan",
                    "Parent Relationship": "Outer",
                    "Parallel Aware": true,
                    "Scan Direction": "Forward",
                    "Index Name": "movie_id_movie_info",
                    "Relation Name": "movie_info",
                    "Alias": "mi",
                    "Startup Cost": 0.43,
                    "Total Cost": 1018223.42,
                    "Plan Rows": 8696274,
                    "Plan Width": 4,
                    "Actual Startup Time": 0.102,
                    "Actual Total Time": 873.977,
                    "Actual Rows": 2365869,
                    "Actual Loops": 2,
                    "Heap Fetches": 4731738
                  },
                  {
                    "Node Type": "Materialize",
                    "Parent Relationship": "Inner",
                    "Parallel Aware": false,
                    "Startup Cost": 14.75,
                    "Total Cost": 345068.94,
                    "Plan Rows": 1735946,
                    "Plan Width": 8,
                    "Actual Startup Time": 12.618,
                    "Actual Total Time": 2840.788,
                    "Actual Rows": 2507044,
                    "Actual Loops": 2,
                    "Plans": [
                      {
                        "Node Type": "Merge Join",
                        "Parent Relationship": "Outer",
                        "Parallel Aware": false,
                        "Join Type": "Inner",
                        "Startup Cost": 14.75,
                        "Total Cost": 340729.08,
                        "Plan Rows": 1735946,
                        "Plan Width": 8,
                        "Actual Startup Time": 12.596,
                        "Actual Total Time": 2703.635,
                        "Actual Rows": 446618,
                        "Actual Loops": 2,
                        "Inner Unique": false,
                        "Merge Cond": "(t.id = mk.movie_id)",
                        "Plans": [
                          {
                            "Node Type": "Index Scan",
                            "Parent Relationship": "Outer",
                            "Parallel Aware": false,
                            "Scan Direction": "Forward",
                            "Index Name": "title_pkey",
                            "Relation Name": "title",
                            "Alias": "t",
                            "Startup Cost": 0.43,
                            "Total Cost": 122981.43,
                            "Plan Rows": 1225649,
                            "Plan Width": 4,
                            "Actual Startup Time": 0.142,
                            "Actual Total Time": 1698.058,
                            "Actual Rows": 1308895,
                            "Actual Loops": 2,
                            "Filter": "((production_year > 1975) AND (kind_id = 7))",
                            "Rows Removed by Filter": 1217968
                          },
                          {
                            "Node Type": "Index Scan",
                            "Parent Relationship": "Inner",
                            "Parallel Aware": false,
                            "Scan Direction": "Forward",
                            "Index Name": "movie_id_movie_keyword",
                            "Relation Name": "movie_keyword",
                            "Alias": "mk",
                            "Startup Cost": 0.43,
                            "Total Cost": 188497.89,
                            "Plan Rows": 3580944,
                            "Plan Width": 4,
                            "Actual Startup Time": 0.831,
                            "Actual Total Time": 741.565,
                            "Actual Rows": 3577606,
                            "Actual Loops": 2,
                            "Filter": "(keyword_id > 888)",
                            "Rows Removed by Filter": 946324
                          }
                        ]
                      }
                    ]
                  }
                ]
              }
            ]
          }
        ]
      }
    ]
  },
  "Planning Time": 1.117,
  "Triggers": [],
  "Execution Time": 4239.346
}