[
  {
    "Plan": {
      "Node Type": "Aggregate",
      "Strategy": "Plain",
      "Partial Mode": "Finalize",
      "Parallel Aware": false,
      "Startup Cost": 30228.7,
      "Total Cost": 30228.71,
      "Plan Rows": 1,
      "Plan Width": 8,
      "Actual Startup Time": 85.563,
      "Actual Total Time": 89.441,
      "Actual Rows": 1,
      "Actual Loops": 1,
      "Plans": [
        {
          "Node Type": "Gather",
          "Parent Relationship": "Outer",
          "Parallel Aware": false,
          "Startup Cost": 30228.38,
          "Total Cost": 30228.69,
          "Plan Rows": 3,
          "Plan Width": 8,
          "Actual Startup Time": 85.296,
          "Actual Total Time": 89.433,
          "Actual Rows": 4,
          "Actual Loops": 1,
          "Workers Planned": 3,
          "Workers Launched": 3,
          "Single Copy": false,
          "Plans": [
            {
              "Node Type": "Aggregate",
              "Strategy": "Plain",
              "Partial Mode": "Partial",
              "Parent Relationship": "Outer",
              "Parallel Aware": false,
              "Startup Cost": 29228.38,
              "Total Cost": 29228.39,
              "Plan Rows": 1,
              "Plan Width": 8,
              "Actual Startup Time": 78.222,
              "Actual Total Time": 78.223,
              "Actual Rows": 1,
              "Actual Loops": 4,
              "Plans": [
                {
                  "Node Type": "Bitmap Heap Scan",
                  "Parent Relationship": "Outer",
                  "Parallel Aware": true,
                  "Relation Name": "movie_keyword",
                  "Alias": "mk",
                  "Startup Cost": 3888.05,
                  "Total Cost": 29080.66,
                  "Plan Rows": 59089,
                  "Plan Width": 0,
                  "Actual Startup Time": 25.514,
                  "Actual Total Time": 75.13,
                  "Actual Rows": 44524,
                  "Actual Loops": 4,
                  "Recheck Cond": "(keyword_id > 71711)",
                  "Rows Removed by Index Recheck": 0,
                  "Exact Heap Blocks": 10678,
                  "Lossy Heap Blocks": 0,
                  "Plans": [
                    {
                      "Node Type": "Bitmap Index Scan",
                      "Parent Relationship": "Outer",
                      "Parallel Aware": false,
                      "Index Name": "keyword_id_movie_keyword",
                      "Startup Cost": 0.0,
                      "Total Cost": 3842.25,
                      "Plan Rows": 183176,
                      "Plan Width": 0,
                      "Actual Startup Time": 26.986,
                      "Actual Total Time": 26.987,
                      "Actual Rows": 178098,
                      "Actual Loops": 1,
                      "Index Cond": "(keyword_id > 71711)"
                    }
                  ]
                }
              ]
            }
          ]
        }
      ]
    },
    "Planning Time": 0.152,
    "Triggers": [],
    "Execution Time": 89.512
  }
]