[
  {
    "Plan": {
      "Node Type": "Aggregate",
      "Strategy": "Plain",
      "Partial Mode": "Finalize",
      "Parallel Aware": false,
      "Startup Cost": 23264.44,
      "Total Cost": 23264.45,
      "Plan Rows": 1,
      "Plan Width": 8,
      "Actual Startup Time": 64.952,
      "Actual Total Time": 71.985,
      "Actual Rows": 1,
      "Actual Loops": 1,
      "Plans": [
        {
          "Node Type": "Gather",
          "Parent Relationship": "Outer",
          "Parallel Aware": false,
          "Startup Cost": 23264.12,
          "Total Cost": 23264.43,
          "Plan Rows": 3,
          "Plan Width": 8,
          "Actual Startup Time": 64.554,
          "Actual Total Time": 71.971,
          "Actual Rows": 4,
          "Actual Loops": 1,
          "Workers Planned": 3,
          "Workers Launched": 3,
          "Single Copy": false,
          "Plans": [
            {
              "Node Type": "Aggregate",
              "Strategy": "Plain",
              "Partial Mode": "Partial",
              "Parent Relationship": "Outer",
              "Parallel Aware": false,
              "Startup Cost": 22264.12,
              "Total Cost": 22264.13,
              "Plan Rows": 1,
              "Plan Width": 8,
              "Actual Startup Time": 53.156,
              "Actual Total Time": 53.159,
              "Actual Rows": 1,
              "Actual Loops": 4,
              "Plans": [
                {
                  "Node Type": "Bitmap Heap Scan",
                  "Parent Relationship": "Outer",
                  "Parallel Aware": true,
                  "Relation Name": "movie_companies",
                  "Alias": "mc",
                  "Startup Cost": 2840.03,
                  "Total Cost": 22158.44,
                  "Plan Rows": 42273,
                  "Plan Width": 0,
                  "Actual Startup Time": 14.018,
                  "Actual Total Time": 49.89,
                  "Actual Rows": 33038,
                  "Actual Loops": 4,
                  "Recheck Cond": "(company_id < 21)",
                  "Rows Removed by Index Recheck": 0,
                  "Exact Heap Blocks": 6761,
                  "Lossy Heap Blocks": 0,
                  "Plans": [
                    {
                      "Node Type": "Bitmap Index Scan",
                      "Parent Relationship": "Outer",
                      "Parallel Aware": false,
                      "Index Name": "company_id_movie_companies",
                      "Startup Cost": 0.0,
                      "Total Cost": 2807.27,
                      "Plan Rows": 131045,
                      "Plan Width": 0,
                      "Actual Startup Time": 21.368,
                      "Actual Total Time": 21.369,
                      "Actual Rows": 132152,
                      "Actual Loops": 1,
                      "Index Cond": "(company_id < 21)"
                    }
                  ]
                }
              ]
            }
          ]
        }
      ]
    },
    "Planning Time": 0.384,
    "Triggers": [],
    "Execution Time": 72.083
  }
]