[
  {
    "Plan": {
      "Node Type": "Aggregate",
      "Strategy": "Plain",
      "Partial Mode": "Finalize",
      "Parallel Aware": false,
      "Startup Cost": 31128.46,
      "Total Cost": 31128.47,
      "Plan Rows": 1,
      "Plan Width": 8,
      "Actual Startup Time": 115.294,
      "Actual Total Time": 126.147,
      "Actual Rows": 1,
      "Actual Loops": 1,
      "Plans": [
        {
          "Node Type": "Gather",
          "Parent Relationship": "Outer",
          "Parallel Aware": false,
          "Startup Cost": 31128.15,
          "Total Cost": 31128.46,
          "Plan Rows": 3,
          "Plan Width": 8,
          "Actual Startup Time": 115.153,
          "Actual Total Time": 126.133,
          "Actual Rows": 4,
          "Actual Loops": 1,
          "Workers Planned": 3,
          "Workers Launched": 3,
          "Single Copy": false,
          "Plans": [
            {
              "Node Type": "Aggregate",
              "Strategy": "Plain",
              "Partial Mode": "Partial",
              "Parent Relationship": "Outer",
              "Parallel Aware": false,
              "Startup Cost": 30128.15,
              "Total Cost": 30128.16,
              "Plan Rows": 1,
              "Plan Width": 8,
              "Actual Startup Time": 106.461,
              "Actual Total Time": 106.462,
              "Actual Rows": 1,
              "Actual Loops": 4,
              "Plans": [
                {
                  "Node Type": "Seq Scan",
                  "Parent Relationship": "Outer",
                  "Parallel Aware": true,
                  "Relation Name": "movie_companies",
                  "Alias": "mc",
                  "Startup Cost": 0.0,
                  "Total Cost": 29310.68,
                  "Plan Rows": 326986,
                  "Plan Width": 0,
                  "Actual Startup Time": 0.039,
                  "Actual Total Time": 88.979,
                  "Actual Rows": 254008,
                  "Actual Loops": 4,
                  "Filter": "(company_id < 5236)",
                  "Rows Removed by Filter": 398275
                }
              ]
            }
          ]
        }
      ]
    },
    "Planning Time": 0.215,
    "Triggers": [],
    "Execution Time": 126.205
  }
]