[
  {
    "Plan": {
      "Node Type": "Aggregate",
      "Strategy": "Plain",
      "Partial Mode": "Finalize",
      "Parallel Aware": false,
      "Startup Cost": 349280.89,
      "Total Cost": 349280.9,
      "Plan Rows": 1,
      "Plan Width": 8,
      "Actual Startup Time": 813.518,
      "Actual Total Time": 867.512,
      "Actual Rows": 1,
      "Actual Loops": 1,
      "Plans": [
        {
          "Node Type": "Gather",
          "Parent Relationship": "Outer",
          "Parallel Aware": false,
          "Startup Cost": 349280.27,
          "Total Cost": 349280.88,
          "Plan Rows": 6,
          "Plan Width": 8,
          "Actual Startup Time": 813.223,
          "Actual Total Time": 867.489,
          "Actual Rows": 7,
          "Actual Loops": 1,
          "Workers Planned": 6,
          "Workers Launched": 6,
          "Single Copy": false,
          "Plans": [
            {
              "Node Type": "Aggregate",
              "Strategy": "Plain",
              "Partial Mode": "Partial",
              "Parent Relationship": "Outer",
              "Parallel Aware": false,
              "Startup Cost": 348280.27,
              "Total Cost": 348280.28,
              "Plan Rows": 1,
              "Plan Width": 8,
              "Actual Startup Time": 806.481,
              "Actual Total Time": 806.483,
              "Actual Rows": 1,
              "Actual Loops": 7,
              "Plans": [
                {
                  "Node Type": "Seq Scan",
                  "Parent Relationship": "Outer",
                  "Parallel Aware": true,
                  "Relation Name": "cast_info",
                  "Alias": "ci",
                  "Startup Cost": 0.0,
                  "Total Cost": 343316.27,
                  "Plan Rows": 1985598,
                  "Plan Width": 0,
                  "Actual Startup Time": 359.687,
                  "Actual Total Time": 705.891,
                  "Actual Rows": 1927092,
                  "Actual Loops": 7,
                  "Filter": "((person_id > 922267) AND (role_id > 2))",
                  "Rows Removed by Filter": 3250671
                }
              ]
            }
          ]
        }
      ]
    },
    "Planning Time": 0.221,
    "Triggers": [],
    "Execution Time": 867.607
  }
]