[
    {
        "Bao": {
            "Bao prediction": "NaN",
            "Bao recommended hint": "(no hint)"
        }
    },
    {
        "Plan": {
            "Node Type": "Aggregate",
            "Strategy": "Plain",
            "Partial Mode": "Finalize",
            "Parallel Aware": false,
            "Startup Cost": 338553.54,
            "Total Cost": 338553.55,
            "Plan Rows": 1,
            "Plan Width": 8,
            "Actual Startup Time": 715.247,
            "Actual Total Time": 739.934,
            "Actual Rows": 1,
            "Actual Loops": 1,
            "Output": [
                "count(*)"
            ],
            "Plans": [
                {
                    "Node Type": "Gather",
                    "Parent Relationship": "Outer",
                    "Parallel Aware": false,
                    "Startup Cost": 338552.92,
                    "Total Cost": 338553.53,
                    "Plan Rows": 6,
                    "Plan Width": 8,
                    "Actual Startup Time": 715.172,
                    "Actual Total Time": 739.926,
                    "Actual Rows": 7,
                    "Actual Loops": 1,
                    "Output": [
                        "(PARTIAL count(*))"
                    ],
                    "Workers Planned": 6,
                    "Workers Launched": 6,
                    "Single Copy": false,
                    "Plans": [
                        {
                            "Node Type": "Aggregate",
                            "Strategy": "Plain",
                            "Partial Mode": "Partial",
                            "Parent Relationship": "Outer",
                            "Parallel Aware": false,
                            "Startup Cost": 337552.92,
                            "Total Cost": 337552.93,
                            "Plan Rows": 1,
                            "Plan Width": 8,
                            "Actual Startup Time": 705.271,
                            "Actual Total Time": 705.272,
                            "Actual Rows": 1,
                            "Actual Loops": 7,
                            "Output": [
                                "PARTIAL count(*)"
                            ],
                            "Workers": [
                                {
                                    "Worker Number": 0,
                                    "Actual Startup Time": 702.817,
                                    "Actual Total Time": 702.819,
                                    "Actual Rows": 1,
                                    "Actual Loops": 1
                                },
                                {
                                    "Worker Number": 1,
                                    "Actual Startup Time": 703.087,
                                    "Actual Total Time": 703.088,
                                    "Actual Rows": 1,
                                    "Actual Loops": 1
                                },
                                {
                                    "Worker Number": 2,
                                    "Actual Startup Time": 703.657,
                                    "Actual Total Time": 703.658,
                                    "Actual Rows": 1,
                                    "Actual Loops": 1
                                },
                                {
                                    "Worker Number": 3,
                                    "Actual Startup Time": 703.888,
                                    "Actual Total Time": 703.889,
                                    "Actual Rows": 1,
                                    "Actual Loops": 1
                                },
                                {
                                    "Worker Number": 4,
                                    "Actual Startup Time": 704.164,
                                    "Actual Total Time": 704.165,
                                    "Actual Rows": 1,
                                    "Actual Loops": 1
                                },
                                {
                                    "Worker Number": 5,
                                    "Actual Startup Time": 704.483,
                                    "Actual Total Time": 704.484,
                                    "Actual Rows": 1,
                                    "Actual Loops": 1
                                }
                            ],
                            "Plans": [
                                {
                                    "Node Type": "Seq Scan",
                                    "Parent Relationship": "Outer",
                                    "Parallel Aware": true,
                                    "Relation Name": "cast_info",
                                    "Schema": "public",
                                    "Alias": "ci",
                                    "Startup Cost": 0.0,
                                    "Total Cost": 328213.62,
                                    "Plan Rows": 3735720,
                                    "Plan Width": 0,
                                    "Actual Startup Time": 148.068,
                                    "Actual Total Time": 567.053,
                                    "Actual Rows": 3203678,
                                    "Actual Loops": 7,
                                    "Output": [
                                        "id",
                                        "person_id",
                                        "movie_id",
                                        "person_role_id",
                                        "note",
                                        "nr_order",
                                        "role_id"
                                    ],
                                    "Filter": "(ci.person_id > 1360578)",
                                    "Rows Removed by Filter": 1974086,
                                    "Workers": [
                                        {
                                            "Worker Number": 0,
                                            "Actual Startup Time": 145.63,
                                            "Actual Total Time": 563.401,
                                            "Actual Rows": 2283498,
                                            "Actual Loops": 1
                                        },
                                        {
                                            "Worker Number": 1,
                                            "Actual Startup Time": 145.891,
                                            "Actual Total Time": 568.903,
                                            "Actual Rows": 3187536,
                                            "Actual Loops": 1
                                        },
                                        {
                                            "Worker Number": 2,
                                            "Actual Startup Time": 146.447,
                                            "Actual Total Time": 570.983,
                                            "Actual Rows": 3272783,
                                            "Actual Loops": 1
                                        },
                                        {
                                            "Worker Number": 3,
                                            "Actual Startup Time": 146.685,
                                            "Actual Total Time": 571.458,
                                            "Actual Rows": 3269393,
                                            "Actual Loops": 1
                                        },
                                        {
                                            "Worker Number": 4,
                                            "Actual Startup Time": 146.959,
                                            "Actual Total Time": 571.493,
                                            "Actual Rows": 3269313,
                                            "Actual Loops": 1
                                        },
                                        {
                                            "Worker Number": 5,
                                            "Actual Startup Time": 147.271,
                                            "Actual Total Time": 570.071,
                                            "Actual Rows": 3194928,
                                            "Actual Loops": 1
                                        }
                                    ]
                                }
                            ]
                        }
                    ]
                }
            ]
        },
        "Planning Time": 200.466,
        "Triggers": [],
        "Execution Time": 739.991
    }
]