{
  "Plan": {
    "Node Type": "Aggregate",
    "Strategy": "Plain",
    "Partial Mode": "Finalize",
    "Parallel Aware": false,
    "Startup Cost": 166993.17,
    "Total Cost": 166993.18,
    "Plan Rows": 1,
    "Plan Width": 8,
    "Actual Startup Time": 543.605,
    "Actual Total Time": 564.282,
    "Actual Rows": 1,
    "Actual Loops": 1,
    "Plans": [
      {
        "Node Type": "Gather",
        "Parent Relationship": "Outer",
        "Parallel Aware": false,
        "Startup Cost": 166993.06,
        "Total Cost": 166993.17,
        "Plan Rows": 1,
        "Plan Width": 8,
        "Actual Startup Time": 543.018,
        "Actual Total Time": 564.273,
        "Actual Rows": 2,
        "Actual Loops": 1,
        "Workers Planned": 1,
        "Workers Launched": 1,
        "Single Copy": false,
        "Plans": [
          {
            "Node Type": "Aggregate",
            "Strategy": "Plain",
            "Partial Mode": "Partial",
            "Parent Relationship": "Outer",
            "Parallel Aware": false,
            "Startup Cost": 165993.06,
            "Total Cost": 165993.07,
            "Plan Rows": 1,
            "Plan Width": 8,
            "Actual Startup Time": 536.794,
            "Actual Total Time": 536.799,
            "Actual Rows": 1,
            "Actual Loops": 2,
            "Plans": [
              {
                "Node Type": "Hash Join",
                "Parent Relationship": "Outer",
                "Parallel Aware": true,
                "Join Type": "Inner",
                "Startup Cost": 121521.64,
                "Total Cost": 165893.08,
                "Plan Rows": 39993,
                "Plan Width": 0,
                "Actual Startup Time": 393.832,
                "Actual Total Time": 536.418,
                "Actual Rows": 8920,
                "Actual Loops": 2,
                "Inner Unique": false,
                "Hash Cond": "(mc.movie_id = t.id)",
                "Plans": [
                  {
                    "Node Type": "Index Scan",
                    "Parent Relationship": "Outer",
                    "Parallel Aware": true,
                    "Scan Direction": "Forward",
                    "Index Name": "company_type_id_movie_companies",
                    "Relation Name": "movie_companies",
                    "Alias": "mc",
                    "Startup Cost": 0.43,
                    "Total Cost": 41574.35,
                    "Plan Rows": 683269,
                    "Plan Width": 4,
                    "Actual Startup Time": 0.097,
                    "Actual Total Time": 102.427,
                    "Actual Rows": 541928,
                    "Actual Loops": 2,
                    "Index Cond": "(company_type_id = 1)",
                    "Rows Removed by Index Recheck": 0,
                    "Filter": "(company_id > 115)",
                    "Rows Removed by Filter": 95196
                  },
                  {
                    "Node Type": "Hash",
                    "Parent Relationship": "Inner",
                    "Parallel Aware": true,
                    "Startup Cost": 120433.09,
                    "Total Cost": 120433.09,
                    "Plan Rows": 87050,
                    "Plan Width": 8,
                    "Actual Startup Time": 388.746,
                    "Actual Total Time": 388.75,
                    "Actual Rows": 11689,
                    "Actual Loops": 2,
                    "Hash Buckets": 262144,
                    "Original Hash Buckets": 262144,
                    "Hash Batches": 1,
                    "Original Hash Batches": 1,
                    "Peak Memory Usage": 2976,
                    "Plans": [
                      {
                        "Node Type": "Hash Join",
                        "Parent Relationship": "Outer",
                        "Parallel Aware": true,
                        "Join Type": "Inner",
                        "Startup Cost": 59729.31,
                        "Total Cost": 120433.09,
                        "Plan Rows": 87050,
                        "Plan Width": 8,
                        "Actual Startup Time": 151.748,
                        "Actual Total Time": 386.239,
                        "Actual Rows": 11689,
                        "Actual Loops": 2,
                        "Inner Unique": true,
                        "Hash Cond": "(mk.movie_id = t.id)",
                        "Plans": [
                          {
                            "Node Type": "Seq Scan",
                            "Parent Relationship": "Outer",
                            "Parallel Aware": true,
                            "Relation Name": "movie_keyword",
                            "Alias": "mk",
                            "Startup Cost": 0.0,
                            "Total Cost": 57718.19,
                            "Plan Rows": 1137369,
                            "Plan Width": 4,
                            "Actual Startup Time": 0.595,
                            "Actual Total Time": 169.17,
                            "Actual Rows": 967714,
                            "Actual Loops": 2,
                            "Filter": "(keyword_id > 6848)",
                            "Rows Removed by Filter": 1294250
                          },
                          {
                            "Node Type": "Hash",
                            "Parent Relationship": "Inner",
                            "Parallel Aware": true,
                            "Startup Cost": 58306.47,
                            "Total Cost": 58306.47,
                            "Plan Rows": 113827,
                            "Plan Width": 4,
                            "Actual Startup Time": 148.794,
                            "Actual Total Time": 148.795,
                            "Actual Rows": 37478,
                            "Actual Loops": 2,
                            "Hash Buckets": 262144,
                            "Original Hash Buckets": 262144,
                            "Hash Batches": 1,
                            "Original Hash Batches": 1,
                            "Peak Memory Usage": 5024,
                            "Plans": [
                              {
                                "Node Type": "Seq Scan",
                                "Parent Relationship": "Outer",
                                "Parallel Aware": true,
                                "Relation Name": "title",
                                "Alias": "t",
                                "Startup Cost": 0.0,
                                "Total Cost": 58306.47,
                                "Plan Rows": 113827,
                                "Plan Width": 4,
                                "Actual Startup Time": 0.035,
                                "Actual Total Time": 137.129,
                                "Actual Rows": 37478,
                                "Actual Loops": 2,
                                "Filter": "((kind_id > 1) AND (production_year < 1963))",
                                "Rows Removed by Filter": 1226678
                              }
                            ]
                          }
                        ]
                      }
                    ]
                  }
                ]
              }
            ]
          }
        ]
      }
    ]
  },
  "Planning Time": 1.021,
  "Triggers": [],
  "Execution Time": 564.372
}