{
  "Plan": {
    "Node Type": "Aggregate",
    "Strategy": "Plain",
    "Partial Mode": "Finalize",
    "Parallel Aware": false,
    "Startup Cost": 554767.0,
    "Total Cost": 554767.01,
    "Plan Rows": 1,
    "Plan Width": 8,
    "Actual Startup Time": 1833.109,
    "Actual Total Time": 1859.203,
    "Actual Rows": 1,
    "Actual Loops": 1,
    "Plans": [
      {
        "Node Type": "Gather",
        "Parent Relationship": "Outer",
        "Parallel Aware": false,
        "Startup Cost": 554766.89,
        "Total Cost": 554767.0,
        "Plan Rows": 1,
        "Plan Width": 8,
        "Actual Startup Time": 1830.99,
        "Actual Total Time": 1859.194,
        "Actual Rows": 2,
        "Actual Loops": 1,
        "Workers Planned": 1,
        "Workers Launched": 1,
        "Single Copy": false,
        "Plans": [
          {
            "Node Type": "Aggregate",
            "Strategy": "Plain",
            "Partial Mode": "Partial",
            "Parent Relationship": "Outer",
            "Parallel Aware": false,
            "Startup Cost": 553766.89,
            "Total Cost": 553766.9,
            "Plan Rows": 1,
            "Plan Width": 8,
            "Actual Startup Time": 1825.003,
            "Actual Total Time": 1825.007,
            "Actual Rows": 1,
            "Actual Loops": 2,
            "Plans": [
              {
                "Node Type": "Hash Join",
                "Parent Relationship": "Outer",
                "Parallel Aware": true,
                "Join Type": "Inner",
                "Startup Cost": 229071.16,
                "Total Cost": 550774.29,
                "Plan Rows": 1197041,
                "Plan Width": 0,
                "Actual Startup Time": 512.2,
                "Actual Total Time": 1777.578,
                "Actual Rows": 1135065,
                "Actual Loops": 2,
                "Inner Unique": true,
                "Hash Cond": "(ci.movie_id = t.id)",
                "Plans": [
                  {
                    "Node Type": "Bitmap Heap Scan",
                    "Parent Relationship": "Outer",
                    "Parallel Aware": true,
                    "Relation Name": "cast_info",
                    "Alias": "ci",
                    "Startup Cost": 171330.73,
                    "Total Cost": 481055.83,
                    "Plan Rows": 4563048,
                    "Plan Width": 4,
                    "Actual Startup Time": 336.773,
                    "Actual Total Time": 724.988,
                    "Actual Rows": 3846045,
                    "Actual Loops": 2,
                    "Recheck Cond": "(person_id > 2907366)",
                    "Rows Removed by Index Recheck": 0,
                    "Exact Heap Blocks": 47587,
                    "Lossy Heap Blocks": 0,
                    "Plans": [
                      {
                        "Node Type": "Bitmap Index Scan",
                        "Parent Relationship": "Outer",
                        "Parallel Aware": false,
                        "Index Name": "person_id_cast_info",
                        "Startup Cost": 0.0,
                        "Total Cost": 169391.43,
                        "Plan Rows": 7757182,
                        "Plan Width": 0,
                        "Actual Startup Time": 320.791,
                        "Actual Total Time": 320.793,
                        "Actual Rows": 7692090,
                        "Actual Loops": 1,
                        "Index Cond": "(person_id > 2907366)"
                      }
                    ]
                  },
                  {
                    "Node Type": "Hash",
                    "Parent Relationship": "Inner",
                    "Parallel Aware": true,
                    "Startup Cost": 52863.55,
                    "Total Cost": 52863.55,
                    "Plan Rows": 390151,
                    "Plan Width": 4,
                    "Actual Startup Time": 166.619,
                    "Actual Total Time": 166.62,
                    "Actual Rows": 331412,
                    "Actual Loops": 2,
                    "Hash Buckets": 1048576,
                    "Original Hash Buckets": 1048576,
                    "Hash Batches": 1,
                    "Original Hash Batches": 1,
                    "Peak Memory Usage": 34176,
                    "Plans": [
                      {
                        "Node Type": "Bitmap Heap Scan",
                        "Parent Relationship": "Outer",
                        "Parallel Aware": true,
                        "Relation Name": "title",
                        "Alias": "t",
                        "Startup Cost": 11988.66,
                        "Total Cost": 52863.55,
                        "Plan Rows": 390151,
                        "Plan Width": 4,
                        "Actual Startup Time": 30.46,
                        "Actual Total Time": 89.028,
                        "Actual Rows": 331412,
                        "Actual Loops": 2,
                        "Recheck Cond": "(kind_id = 1)",
                        "Rows Removed by Index Recheck": 0,
                        "Exact Heap Blocks": 7701,
                        "Lossy Heap Blocks": 0,
                        "Plans": [
                          {
                            "Node Type": "Bitmap Index Scan",
                            "Parent Relationship": "Outer",
                            "Parallel Aware": false,
                            "Index Name": "kind_id_title",
                            "Startup Cost": 0.0,
                            "Total Cost": 11822.85,
                            "Plan Rows": 663256,
                            "Plan Width": 0,
                            "Actual Startup Time": 28.706,
                            "Actual Total Time": 28.707,
                            "Actual Rows": 662825,
                            "Actual Loops": 1,
                            "Index Cond": "(kind_id = 1)"
                          }
                        ]
                      }
                    ]
                  }
                ]
              }
            ]
          }
        ]
      }
    ]
  },
  "Planning Time": 0.665,
  "Triggers": [],
  "Execution Time": 1859.31
}