[
  {
    "Plan": {
      "Node Type": "Aggregate",
      "Strategy": "Plain",
      "Partial Mode": "Finalize",
      "Parallel Aware": false,
      "Startup Cost": 73489.72,
      "Total Cost": 73489.73,
      "Plan Rows": 1,
      "Plan Width": 8,
      "Actual Startup Time": 287.277,
      "Actual Total Time": 300.94,
      "Actual Rows": 1,
      "Actual Loops": 1,
      "Plans": [
        {
          "Node Type": "Gather",
          "Parent Relationship": "Outer",
          "Parallel Aware": false,
          "Startup Cost": 73489.4,
          "Total Cost": 73489.71,
          "Plan Rows": 3,
          "Plan Width": 8,
          "Actual Startup Time": 282.221,
          "Actual Total Time": 300.933,
          "Actual Rows": 4,
          "Actual Loops": 1,
          "Workers Planned": 3,
          "Workers Launched": 3,
          "Single Copy": false,
          "Plans": [
            {
              "Node Type": "Aggregate",
              "Strategy": "Plain",
              "Partial Mode": "Partial",
              "Parent Relationship": "Outer",
              "Parallel Aware": false,
              "Startup Cost": 72489.4,
              "Total Cost": 72489.41,
              "Plan Rows": 1,
              "Plan Width": 8,
              "Actual Startup Time": 273.765,
              "Actual Total Time": 273.769,
              "Actual Rows": 1,
              "Actual Loops": 4,
              "Plans": [
                {
                  "Node Type": "Hash Join",
                  "Parent Relationship": "Outer",
                  "Parallel Aware": true,
                  "Join Type": "Inner",
                  "Startup Cost": 52400.62,
                  "Total Cost": 72410.72,
                  "Plan Rows": 31474,
                  "Plan Width": 0,
                  "Actual Startup Time": 225.259,
                  "Actual Total Time": 270.507,
                  "Actual Rows": 61386,
                  "Actual Loops": 4,
                  "Inner Unique": true,
                  "Hash Cond": "(mc.movie_id = t.id)",
                  "Plans": [
                    {
                      "Node Type": "Bitmap Heap Scan",
                      "Parent Relationship": "Outer",
                      "Parallel Aware": true,
                      "Relation Name": "movie_companies",
                      "Alias": "mc",
                      "Startup Cost": 5418.47,
                      "Total Cost": 25216.82,
                      "Plan Rows": 80668,
                      "Plan Width": 4,
                      "Actual Startup Time": 11.517,
                      "Actual Total Time": 27.349,
                      "Actual Rows": 61386,
                      "Actual Loops": 4,
                      "Recheck Cond": "(company_id > 101936)",
                      "Rows Removed by Index Recheck": 0,
                      "Exact Heap Blocks": 1426,
                      "Lossy Heap Blocks": 0,
                      "Plans": [
                        {
                          "Node Type": "Bitmap Index Scan",
                          "Parent Relationship": "Outer",
                          "Parallel Aware": false,
                          "Index Name": "company_id_movie_companies",
                          "Startup Cost": 0.0,
                          "Total Cost": 5355.95,
                          "Plan Rows": 250070,
                          "Plan Width": 0,
                          "Actual Startup Time": 10.787,
                          "Actual Total Time": 10.788,
                          "Actual Rows": 245542,
                          "Actual Loops": 1,
                          "Index Cond": "(company_id > 101936)"
                        }
                      ]
                    },
                    {
                      "Node Type": "Hash",
                      "Parent Relationship": "Inner",
                      "Parallel Aware": true,
                      "Startup Cost": 43899.32,
                      "Total Cost": 43899.32,
                      "Plan Rows": 246626,
                      "Plan Width": 4,
                      "Actual Startup Time": 208.771,
                      "Actual Total Time": 208.772,
                      "Actual Rows": 246262,
                      "Actual Loops": 4,
                      "Hash Buckets": 1048576,
                      "Original Hash Buckets": 1048576,
                      "Hash Batches": 1,
                      "Original Hash Batches": 1,
                      "Peak Memory Usage": 46816,
                      "Plans": [
                        {
                          "Node Type": "Seq Scan",
                          "Parent Relationship": "Outer",
                          "Parallel Aware": true,
                          "Relation Name": "title",
                          "Alias": "t",
                          "Startup Cost": 0.0,
                          "Total Cost": 43899.32,
                          "Plan Rows": 246626,
                          "Plan Width": 4,
                          "Actual Startup Time": 0.055,
                          "Actual Total Time": 112.307,
                          "Actual Rows": 246262,
                          "Actual Loops": 4,
                          "Filter": "(kind_id < 7)",
                          "Rows Removed by Filter": 385816
                        }
                      ]
                    }
                  ]
                }
              ]
            }
          ]
        }
      ]
    },
    "Planning Time": 0.638,
    "Triggers": [],
    "Execution Time": 301.03
  }
]