[
  {
    "Plan": {
      "Node Type": "Aggregate",
      "Strategy": "Plain",
      "Partial Mode": "Finalize",
      "Parallel Aware": false,
      "Startup Cost": 74658.38,
      "Total Cost": 74658.39,
      "Plan Rows": 1,
      "Plan Width": 8,
      "Actual Startup Time": 495.654,
      "Actual Total Time": 516.86,
      "Actual Rows": 1,
      "Actual Loops": 1,
      "Plans": [
        {
          "Node Type": "Gather",
          "Parent Relationship": "Outer",
          "Parallel Aware": false,
          "Startup Cost": 74658.07,
          "Total Cost": 74658.38,
          "Plan Rows": 3,
          "Plan Width": 8,
          "Actual Startup Time": 483.643,
          "Actual Total Time": 516.848,
          "Actual Rows": 4,
          "Actual Loops": 1,
          "Workers Planned": 3,
          "Workers Launched": 3,
          "Single Copy": false,
          "Plans": [
            {
              "Node Type": "Aggregate",
              "Strategy": "Plain",
              "Partial Mode": "Partial",
              "Parent Relationship": "Outer",
              "Parallel Aware": false,
              "Startup Cost": 73658.07,
              "Total Cost": 73658.08,
              "Plan Rows": 1,
              "Plan Width": 8,
              "Actual Startup Time": 471.212,
              "Actual Total Time": 471.216,
              "Actual Rows": 1,
              "Actual Loops": 4,
              "Plans": [
                {
                  "Node Type": "Hash Join",
                  "Parent Relationship": "Outer",
                  "Parallel Aware": true,
                  "Join Type": "Inner",
                  "Startup Cost": 53898.3,
                  "Total Cost": 73587.74,
                  "Plan Rows": 28129,
                  "Plan Width": 0,
                  "Actual Startup Time": 451.031,
                  "Actual Total Time": 470.643,
                  "Actual Rows": 9539,
                  "Actual Loops": 4,
                  "Inner Unique": true,
                  "Hash Cond": "(mc.movie_id = t.id)",
                  "Plans": [
                    {
                      "Node Type": "Bitmap Heap Scan",
                      "Parent Relationship": "Outer",
                      "Parallel Aware": true,
                      "Relation Name": "movie_companies",
                      "Alias": "mc",
                      "Startup Cost": 3677.92,
                      "Total Cost": 23293.52,
                      "Plan Rows": 28129,
                      "Plan Width": 4,
                      "Actual Startup Time": 25.742,
                      "Actual Total Time": 33.029,
                      "Actual Rows": 9539,
                      "Actual Loops": 4,
                      "Recheck Cond": "(company_id < 34)",
                      "Rows Removed by Index Recheck": 0,
                      "Filter": "(company_type_id = 2)",
                      "Rows Removed by Filter": 32388,
                      "Exact Heap Blocks": 6376,
                      "Lossy Heap Blocks": 0,
                      "Plans": [
                        {
                          "Node Type": "Bitmap Index Scan",
                          "Parent Relationship": "Outer",
                          "Parallel Aware": false,
                          "Index Name": "company_id_movie_companies",
                          "Startup Cost": 0.0,
                          "Total Cost": 3656.12,
                          "Plan Rows": 170625,
                          "Plan Width": 0,
                          "Actual Startup Time": 7.211,
                          "Actual Total Time": 7.212,
                          "Actual Rows": 167708,
                          "Actual Loops": 1,
                          "Index Cond": "(company_id < 34)"
                        }
                      ]
                    },
                    {
                      "Node Type": "Hash",
                      "Parent Relationship": "Inner",
                      "Parallel Aware": true,
                      "Startup Cost": 42319.06,
                      "Total Cost": 42319.06,
                      "Plan Rows": 632106,
                      "Plan Width": 4,
                      "Actual Startup Time": 416.904,
                      "Actual Total Time": 416.905,
                      "Actual Rows": 632078,
                      "Actual Loops": 4,
                      "Hash Buckets": 4194304,
                      "Original Hash Buckets": 4194304,
                      "Hash Batches": 1,
                      "Original Hash Batches": 1,
                      "Peak Memory Usage": 131744,
                      "Plans": [
                        {
                          "Node Type": "Seq Scan",
                          "Parent Relationship": "Outer",
                          "Parallel Aware": true,
                          "Relation Name": "title",
                          "Alias": "t",
                          "Startup Cost": 0.0,
                          "Total Cost": 42319.06,
                          "Plan Rows": 632106,
                          "Plan Width": 4,
                          "Actual Startup Time": 0.035,
                          "Actual Total Time": 125.106,
                          "Actual Rows": 632078,
                          "Actual Loops": 4
                        }
                      ]
                    }
                  ]
                }
              ]
            }
          ]
        }
      ]
    },
    "Planning Time": 0.448,
    "Triggers": [],
    "Execution Time": 516.91
  }
]