[
  {
    "Plan": {
      "Node Type": "Aggregate",
      "Strategy": "Plain",
      "Partial Mode": "Simple",
      "Parallel Aware": false,
      "Startup Cost": 5594.42,
      "Total Cost": 5594.43,
      "Plan Rows": 1,
      "Plan Width": 8,
      "Actual Startup Time": 3.014,
      "Actual Total Time": 3.016,
      "Actual Rows": 1,
      "Actual Loops": 1,
      "Plans": [
        {
          "Node Type": "Index Scan",
          "Parent Relationship": "Outer",
          "Parallel Aware": false,
          "Scan Direction": "Forward",
          "Index Name": "company_id_movie_companies",
          "Relation Name": "movie_companies",
          "Alias": "mc",
          "Startup Cost": 0.43,
          "Total Cost": 5591.64,
          "Plan Rows": 1113,
          "Plan Width": 0,
          "Actual Startup Time": 0.12,
          "Actual Total Time": 2.704,
          "Actual Rows": 1913,
          "Actual Loops": 1,
          "Index Cond": "(company_id = 11319)",
          "Rows Removed by Index Recheck": 0,
          "Filter": "(company_type_id = 1)",
          "Rows Removed by Filter": 0
        }
      ]
    },
    "Planning Time": 0.171,
    "Triggers": [],
    "Execution Time": 3.058
  }
]