[
  {
    "Plan": {
      "Node Type": "Aggregate",
      "Strategy": "Plain",
      "Partial Mode": "Finalize",
      "Parallel Aware": false,
      "Startup Cost": 32118.44,
      "Total Cost": 32118.45,
      "Plan Rows": 1,
      "Plan Width": 8,
      "Actual Startup Time": 107.444,
      "Actual Total Time": 115.509,
      "Actual Rows": 1,
      "Actual Loops": 1,
      "Plans": [
        {
          "Node Type": "Gather",
          "Parent Relationship": "Outer",
          "Parallel Aware": false,
          "Startup Cost": 32118.12,
          "Total Cost": 32118.43,
          "Plan Rows": 3,
          "Plan Width": 8,
          "Actual Startup Time": 107.258,
          "Actual Total Time": 115.499,
          "Actual Rows": 4,
          "Actual Loops": 1,
          "Workers Planned": 3,
          "Workers Launched": 3,
          "Single Copy": false,
          "Plans": [
            {
              "Node Type": "Aggregate",
              "Strategy": "Plain",
              "Partial Mode": "Partial",
              "Parent Relationship": "Outer",
              "Parallel Aware": false,
              "Startup Cost": 31118.12,
              "Total Cost": 31118.13,
              "Plan Rows": 1,
              "Plan Width": 8,
              "Actual Startup Time": 103.329,
              "Actual Total Time": 103.33,
              "Actual Rows": 1,
              "Actual Loops": 4,
              "Plans": [
                {
                  "Node Type": "Seq Scan",
                  "Parent Relationship": "Outer",
                  "Parallel Aware": true,
                  "Relation Name": "movie_companies",
                  "Alias": "mc",
                  "Startup Cost": 0.0,
                  "Total Cost": 29310.68,
                  "Plan Rows": 722975,
                  "Plan Width": 0,
                  "Actual Startup Time": 0.111,
                  "Actual Total Time": 79.353,
                  "Actual Rows": 561412,
                  "Actual Loops": 4,
                  "Filter": "(company_id > 185)",
                  "Rows Removed by Filter": 90870
                }
              ]
            }
          ]
        }
      ]
    },
    "Planning Time": 0.2,
    "Triggers": [],
    "Execution Time": 115.567
  }
]