{
  "Plan": {
    "Node Type": "Aggregate",
    "Strategy": "Plain",
    "Partial Mode": "Finalize",
    "Parallel Aware": false,
    "Startup Cost": 29695.31,
    "Total Cost": 29695.32,
    "Plan Rows": 1,
    "Plan Width": 8,
    "Actual Startup Time": 34.129,
    "Actual Total Time": 38.842,
    "Actual Rows": 1,
    "Actual Loops": 1,
    "Plans": [
      {
        "Node Type": "Gather",
        "Parent Relationship": "Outer",
        "Parallel Aware": false,
        "Startup Cost": 29695.2,
        "Total Cost": 29695.31,
        "Plan Rows": 1,
        "Plan Width": 8,
        "Actual Startup Time": 33.962,
        "Actual Total Time": 38.835,
        "Actual Rows": 2,
        "Actual Loops": 1,
        "Workers Planned": 1,
        "Workers Launched": 1,
        "Single Copy": false,
        "Plans": [
          {
            "Node Type": "Aggregate",
            "Strategy": "Plain",
            "Partial Mode": "Partial",
            "Parent Relationship": "Outer",
            "Parallel Aware": false,
            "Startup Cost": 28695.2,
            "Total Cost": 28695.21,
            "Plan Rows": 1,
            "Plan Width": 8,
            "Actual Startup Time": 28.104,
            "Actual Total Time": 28.106,
            "Actual Rows": 1,
            "Actual Loops": 2,
            "Plans": [
              {
                "Node Type": "Nested Loop",
                "Parent Relationship": "Outer",
                "Parallel Aware": false,
                "Join Type": "Inner",
                "Startup Cost": 88.42,
                "Total Cost": 28689.21,
                "Plan Rows": 2395,
                "Plan Width": 0,
                "Actual Startup Time": 2.503,
                "Actual Total Time": 27.785,
                "Actual Rows": 2031,
                "Actual Loops": 2,
                "Inner Unique": true,
                "Plans": [
                  {
                    "Node Type": "Bitmap Heap Scan",
                    "Parent Relationship": "Outer",
                    "Parallel Aware": true,
                    "Relation Name": "movie_keyword",
                    "Alias": "mk",
                    "Startup Cost": 87.99,
                    "Total Cost": 10734.82,
                    "Plan Rows": 2395,
                    "Plan Width": 4,
                    "Actual Startup Time": 2.368,
                    "Actual Total Time": 9.444,
                    "Actual Rows": 2031,
                    "Actual Loops": 2,
                    "Recheck Cond": "(keyword_id = 266)",
                    "Rows Removed by Index Recheck": 0,
                    "Exact Heap Blocks": 2997,
                    "Lossy Heap Blocks": 0,
                    "Plans": [
                      {
                        "Node Type": "Bitmap Index Scan",
                        "Parent Relationship": "Outer",
                        "Parallel Aware": false,
                        "Index Name": "keyword_id_movie_keyword",
                        "Startup Cost": 0.0,
                        "Total Cost": 86.97,
                        "Plan Rows": 4072,
                        "Plan Width": 0,
                        "Actual Startup Time": 2.923,
                        "Actual Total Time": 2.923,
                        "Actual Rows": 4062,
                        "Actual Loops": 1,
                        "Index Cond": "(keyword_id = 266)"
                      }
                    ]
                  },
                  {
                    "Node Type": "Index Only Scan",
                    "Parent Relationship": "Inner",
                    "Parallel Aware": false,
                    "Scan Direction": "Forward",
                    "Index Name": "title_pkey",
                    "Relation Name": "title",
                    "Alias": "t",
                    "Startup Cost": 0.43,
                    "Total Cost": 7.5,
                    "Plan Rows": 1,
                    "Plan Width": 4,
                    "Actual Startup Time": 0.008,
                    "Actual Total Time": 0.008,
                    "Actual Rows": 1,
                    "Actual Loops": 4062,
                    "Index Cond": "(id = mk.movie_id)",
                    "Rows Removed by Index Recheck": 0,
                    "Heap Fetches": 4062
                  }
                ]
              }
            ]
          }
        ]
      }
    ]
  },
  "Planning Time": 0.605,
  "Triggers": [],
  "Execution Time": 38.925
}