[
  {
    "Plan": {
      "Node Type": "Aggregate",
      "Strategy": "Plain",
      "Partial Mode": "Finalize",
      "Parallel Aware": false,
      "Startup Cost": 32675.99,
      "Total Cost": 32676.0,
      "Plan Rows": 1,
      "Plan Width": 8,
      "Actual Startup Time": 76.961,
      "Actual Total Time": 85.455,
      "Actual Rows": 1,
      "Actual Loops": 1,
      "Plans": [
        {
          "Node Type": "Gather",
          "Parent Relationship": "Outer",
          "Parallel Aware": false,
          "Startup Cost": 32675.68,
          "Total Cost": 32675.99,
          "Plan Rows": 3,
          "Plan Width": 8,
          "Actual Startup Time": 76.856,
          "Actual Total Time": 85.441,
          "Actual Rows": 4,
          "Actual Loops": 1,
          "Workers Planned": 3,
          "Workers Launched": 3,
          "Single Copy": false,
          "Plans": [
            {
              "Node Type": "Aggregate",
              "Strategy": "Plain",
              "Partial Mode": "Partial",
              "Parent Relationship": "Outer",
              "Parallel Aware": false,
              "Startup Cost": 31675.68,
              "Total Cost": 31675.69,
              "Plan Rows": 1,
              "Plan Width": 8,
              "Actual Startup Time": 73.681,
              "Actual Total Time": 73.683,
              "Actual Rows": 1,
              "Actual Loops": 4,
              "Plans": [
                {
                  "Node Type": "Seq Scan",
                  "Parent Relationship": "Outer",
                  "Parallel Aware": true,
                  "Relation Name": "movie_companies",
                  "Alias": "mc",
                  "Startup Cost": 0.0,
                  "Total Cost": 31414.82,
                  "Plan Rows": 104343,
                  "Plan Width": 0,
                  "Actual Startup Time": 0.015,
                  "Actual Total Time": 67.56,
                  "Actual Rows": 117619,
                  "Actual Loops": 4,
                  "Filter": "((company_id < 917) AND (company_type_id = 1))",
                  "Rows Removed by Filter": 534664
                }
              ]
            }
          ]
        }
      ]
    },
    "Planning Time": 0.071,
    "Triggers": [],
    "Execution Time": 85.48
  }
]