[
  {
    "Plan": {
      "Node Type": "Aggregate",
      "Strategy": "Plain",
      "Partial Mode": "Finalize",
      "Parallel Aware": false,
      "Startup Cost": 339910.69,
      "Total Cost": 339910.7,
      "Plan Rows": 1,
      "Plan Width": 8,
      "Actual Startup Time": 860.756,
      "Actual Total Time": 903.768,
      "Actual Rows": 1,
      "Actual Loops": 1,
      "Plans": [
        {
          "Node Type": "Gather",
          "Parent Relationship": "Outer",
          "Parallel Aware": false,
          "Startup Cost": 339910.07,
          "Total Cost": 339910.68,
          "Plan Rows": 6,
          "Plan Width": 8,
          "Actual Startup Time": 860.557,
          "Actual Total Time": 903.75,
          "Actual Rows": 7,
          "Actual Loops": 1,
          "Workers Planned": 6,
          "Workers Launched": 6,
          "Single Copy": false,
          "Plans": [
            {
              "Node Type": "Aggregate",
              "Strategy": "Plain",
              "Partial Mode": "Partial",
              "Parent Relationship": "Outer",
              "Parallel Aware": false,
              "Startup Cost": 338910.07,
              "Total Cost": 338910.08,
              "Plan Rows": 1,
              "Plan Width": 8,
              "Actual Startup Time": 853.143,
              "Actual Total Time": 853.144,
              "Actual Rows": 1,
              "Actual Loops": 7,
              "Plans": [
                {
                  "Node Type": "Seq Scan",
                  "Parent Relationship": "Outer",
                  "Parallel Aware": true,
                  "Relation Name": "cast_info",
                  "Alias": "ci",
                  "Startup Cost": 0.0,
                  "Total Cost": 328211.39,
                  "Plan Rows": 4279470,
                  "Plan Width": 0,
                  "Actual Startup Time": 127.512,
                  "Actual Total Time": 660.661,
                  "Actual Rows": 3664991,
                  "Actual Loops": 7,
                  "Filter": "(person_id > 1039059)",
                  "Rows Removed by Filter": 1512773
                }
              ]
            }
          ]
        }
      ]
    },
    "Planning Time": 0.111,
    "Triggers": [],
    "Execution Time": 903.813
  }
]