[
    {
        "Bao": {
            "Bao prediction": "NaN",
            "Bao recommended hint": "(no hint)"
        }
    },
    {
        "Plan": {
            "Node Type": "Aggregate",
            "Strategy": "Plain",
            "Partial Mode": "Simple",
            "Parallel Aware": false,
            "Startup Cost": 6061.88,
            "Total Cost": 6061.89,
            "Plan Rows": 1,
            "Plan Width": 8,
            "Actual Startup Time": 2.503,
            "Actual Total Time": 2.504,
            "Actual Rows": 1,
            "Actual Loops": 1,
            "Output": [
                "count(*)"
            ],
            "Plans": [
                {
                    "Node Type": "Index Only Scan",
                    "Parent Relationship": "Outer",
                    "Parallel Aware": false,
                    "Scan Direction": "Forward",
                    "Index Name": "company_id_movie_companies",
                    "Relation Name": "movie_companies",
                    "Schema": "public",
                    "Alias": "mc",
                    "Startup Cost": 0.43,
                    "Total Cost": 6055.79,
                    "Plan Rows": 2435,
                    "Plan Width": 0,
                    "Actual Startup Time": 0.182,
                    "Actual Total Time": 2.31,
                    "Actual Rows": 1768,
                    "Actual Loops": 1,
                    "Output": [
                        "company_id"
                    ],
                    "Index Cond": "(mc.company_id = 305)",
                    "Rows Removed by Index Recheck": 0,
                    "Heap Fetches": 1768
                }
            ]
        },
        "Planning Time": 230.223,
        "Triggers": [],
        "Execution Time": 2.574
    }
]