[
    {
        "Bao": {
            "Bao prediction": "NaN",
            "Bao recommended hint": "(no hint)"
        }
    },
    {
        "Plan": {
            "Node Type": "Aggregate",
            "Strategy": "Plain",
            "Partial Mode": "Finalize",
            "Parallel Aware": false,
            "Startup Cost": 125886.37,
            "Total Cost": 125886.38,
            "Plan Rows": 1,
            "Plan Width": 8,
            "Actual Startup Time": 548.475,
            "Actual Total Time": 563.021,
            "Actual Rows": 1,
            "Actual Loops": 1,
            "Output": [
                "count(*)"
            ],
            "Plans": [
                {
                    "Node Type": "Gather",
                    "Parent Relationship": "Outer",
                    "Parallel Aware": false,
                    "Startup Cost": 125886.05,
                    "Total Cost": 125886.36,
                    "Plan Rows": 3,
                    "Plan Width": 8,
                    "Actual Startup Time": 545.994,
                    "Actual Total Time": 563.012,
                    "Actual Rows": 4,
                    "Actual Loops": 1,
                    "Output": [
                        "(PARTIAL count(*))"
                    ],
                    "Workers Planned": 3,
                    "Workers Launched": 3,
                    "Single Copy": false,
                    "Plans": [
                        {
                            "Node Type": "Aggregate",
                            "Strategy": "Plain",
                            "Partial Mode": "Partial",
                            "Parent Relationship": "Outer",
                            "Parallel Aware": false,
                            "Startup Cost": 124886.05,
                            "Total Cost": 124886.06,
                            "Plan Rows": 1,
                            "Plan Width": 8,
                            "Actual Startup Time": 537.25,
                            "Actual Total Time": 537.313,
                            "Actual Rows": 1,
                            "Actual Loops": 4,
                            "Output": [
                                "PARTIAL count(*)"
                            ],
                            "Workers": [
                                {
                                    "Worker Number": 0,
                                    "Actual Startup Time": 533.878,
                                    "Actual Total Time": 533.884,
                                    "Actual Rows": 1,
                                    "Actual Loops": 1
                                },
                                {
                                    "Worker Number": 1,
                                    "Actual Startup Time": 534.702,
                                    "Actual Total Time": 534.707,
                                    "Actual Rows": 1,
                                    "Actual Loops": 1
                                },
                                {
                                    "Worker Number": 2,
                                    "Actual Startup Time": 534.9,
                                    "Actual Total Time": 534.904,
                                    "Actual Rows": 1,
                                    "Actual Loops": 1
                                }
                            ],
                            "Plans": [
                                {
                                    "Node Type": "Hash Join",
                                    "Parent Relationship": "Outer",
                                    "Parallel Aware": true,
                                    "Join Type": "Inner",
                                    "Startup Cost": 79442.64,
                                    "Total Cost": 124424.26,
                                    "Plan Rows": 184719,
                                    "Plan Width": 0,
                                    "Actual Startup Time": 304.846,
                                    "Actual Total Time": 527.833,
                                    "Actual Rows": 181023,
                                    "Actual Loops": 4,
                                    "Inner Unique": false,
                                    "Hash Cond": "(mk.movie_id = t.id)",
                                    "Workers": [
                                        {
                                            "Worker Number": 0,
                                            "Actual Startup Time": 301.417,
                                            "Actual Total Time": 524.663,
                                            "Actual Rows": 136646,
                                            "Actual Loops": 1
                                        },
                                        {
                                            "Worker Number": 1,
                                            "Actual Startup Time": 302.344,
                                            "Actual Total Time": 525.542,
                                            "Actual Rows": 213109,
                                            "Actual Loops": 1
                                        },
                                        {
                                            "Worker Number": 2,
                                            "Actual Startup Time": 302.504,
                                            "Actual Total Time": 525.402,
                                            "Actual Rows": 141096,
                                            "Actual Loops": 1
                                        }
                                    ],
                                    "Plans": [
                                        {
                                            "Node Type": "Seq Scan",
                                            "Parent Relationship": "Outer",
                                            "Parallel Aware": true,
                                            "Relation Name": "movie_keyword",
                                            "Schema": "public",
                                            "Alias": "mk",
                                            "Startup Cost": 0.0,
                                            "Total Cost": 39047.32,
                                            "Plan Rows": 1459332,
                                            "Plan Width": 4,
                                            "Actual Startup Time": 0.02,
                                            "Actual Total Time": 101.908,
                                            "Actual Rows": 1130982,
                                            "Actual Loops": 4,
                                            "Output": [
                                                "mk.id",
                                                "mk.movie_id",
                                                "mk.keyword_id"
                                            ],
                                            "Workers": [
                                                {
                                                    "Worker Number": 0,
                                                    "Actual Startup Time": 0.032,
                                                    "Actual Total Time": 104.312,
                                                    "Actual Rows": 863025,
                                                    "Actual Loops": 1
                                                },
                                                {
                                                    "Worker Number": 1,
                                                    "Actual Startup Time": 0.018,
                                                    "Actual Total Time": 103.503,
                                                    "Actual Rows": 1331075,
                                                    "Actual Loops": 1
                                                },
                                                {
                                                    "Worker Number": 2,
                                                    "Actual Startup Time": 0.022,
                                                    "Actual Total Time": 104.906,
                                                    "Actual Rows": 883685,
                                                    "Actual Loops": 1
                                                }
                                            ]
                                        },
                                        {
                                            "Node Type": "Hash",
                                            "Parent Relationship": "Inner",
                                            "Parallel Aware": true,
                                            "Startup Cost": 78442.55,
                                            "Total Cost": 78442.55,
                                            "Plan Rows": 80007,
                                            "Plan Width": 8,
                                            "Actual Startup Time": 301.64,
                                            "Actual Total Time": 301.702,
                                            "Actual Rows": 43470,
                                            "Actual Loops": 4,
                                            "Output": [
                                                "t.id",
                                                "mc.movie_id"
                                            ],
                                            "Hash Buckets": 524288,
                                            "Original Hash Buckets": 524288,
                                            "Hash Batches": 1,
                                            "Original Hash Batches": 1,
                                            "Peak Memory Usage": 10944,
                                            "Workers": [
                                                {
                                                    "Worker Number": 0,
                                                    "Actual Startup Time": 300.357,
                                                    "Actual Total Time": 300.361,
                                                    "Actual Rows": 32134,
                                                    "Actual Loops": 1
                                                },
                                                {
                                                    "Worker Number": 1,
                                                    "Actual Startup Time": 301.545,
                                                    "Actual Total Time": 301.549,
                                                    "Actual Rows": 49533,
                                                    "Actual Loops": 1
                                                },
                                                {
                                                    "Worker Number": 2,
                                                    "Actual Startup Time": 301.708,
                                                    "Actual Total Time": 301.711,
                                                    "Actual Rows": 34137,
                                                    "Actual Loops": 1
                                                }
                                            ],
                                            "Plans": [
                                                {
                                                    "Node Type": "Hash Join",
                                                    "Parent Relationship": "Outer",
                                                    "Parallel Aware": true,
                                                    "Join Type": "Inner",
                                                    "Startup Cost": 32705.26,
                                                    "Total Cost": 78442.55,
                                                    "Plan Rows": 80007,
                                                    "Plan Width": 8,
                                                    "Actual Startup Time": 100.087,
                                                    "Actual Total Time": 285.027,
                                                    "Actual Rows": 43470,
                                                    "Actual Loops": 4,
                                                    "Output": [
                                                        "t.id",
                                                        "mc.movie_id"
                                                    ],
                                                    "Inner Unique": false,
                                                    "Hash Cond": "(t.id = mc.movie_id)",
                                                    "Workers": [
                                                        {
                                                            "Worker Number": 0,
                                                            "Actual Startup Time": 98.872,
                                                            "Actual Total Time": 285.027,
                                                            "Actual Rows": 32134,
                                                            "Actual Loops": 1
                                                        },
                                                        {
                                                            "Worker Number": 1,
                                                            "Actual Startup Time": 99.964,
                                                            "Actual Total Time": 285.555,
                                                            "Actual Rows": 49533,
                                                            "Actual Loops": 1
                                                        },
                                                        {
                                                            "Worker Number": 2,
                                                            "Actual Startup Time": 100.088,
                                                            "Actual Total Time": 285.169,
                                                            "Actual Rows": 34137,
                                                            "Actual Loops": 1
                                                        }
                                                    ],
                                                    "Plans": [
                                                        {
                                                            "Node Type": "Seq Scan",
                                                            "Parent Relationship": "Outer",
                                                            "Parallel Aware": true,
                                                            "Relation Name": "title",
                                                            "Schema": "public",
                                                            "Alias": "t",
                                                            "Startup Cost": 0.0,
                                                            "Total Cost": 42318.81,
                                                            "Plan Rows": 632080,
                                                            "Plan Width": 4,
                                                            "Actual Startup Time": 0.013,
                                                            "Actual Total Time": 78.522,
                                                            "Actual Rows": 632078,
                                                            "Actual Loops": 4,
                                                            "Output": [
                                                                "t.id",
                                                                "t.title",
                                                                "t.imdb_index",
                                                                "t.kind_id",
                                                                "t.production_year",
                                                                "t.imdb_id",
                                                                "t.phonetic_code",
                                                                "t.episode_of_id",
                                                                "t.season_nr",
                                                                "t.episode_nr",
                                                                "t.series_years",
                                                                "t.md5sum"
                                                            ],
                                                            "Workers": [
                                                                {
                                                                    "Worker Number": 0,
                                                                    "Actual Startup Time": 0.017,
                                                                    "Actual Total Time": 81.077,
                                                                    "Actual Rows": 465293,
                                                                    "Actual Loops": 1
                                                                },
                                                                {
                                                                    "Worker Number": 1,
                                                                    "Actual Startup Time": 0.015,
                                                                    "Actual Total Time": 79.864,
                                                                    "Actual Rows": 724699,
                                                                    "Actual Loops": 1
                                                                },
                                                                {
                                                                    "Worker Number": 2,
                                                                    "Actual Startup Time": 0.013,
                                                                    "Actual Total Time": 83.079,
                                                                    "Actual Rows": 501526,
                                                                    "Actual Loops": 1
                                                                }
                                                            ]
                                                        },
                                                        {
                                                            "Node Type": "Hash",
                                                            "Parent Relationship": "Inner",
                                                            "Parallel Aware": true,
                                                            "Startup Cost": 31414.82,
                                                            "Total Cost": 31414.82,
                                                            "Plan Rows": 103235,
                                                            "Plan Width": 4,
                                                            "Actual Startup Time": 98.502,
                                                            "Actual Total Time": 98.503,
                                                            "Actual Rows": 43470,
                                                            "Actual Loops": 4,
                                                            "Output": [
                                                                "mc.movie_id"
                                                            ],
                                                            "Hash Buckets": 524288,
                                                            "Original Hash Buckets": 524288,
                                                            "Hash Batches": 1,
                                                            "Original Hash Batches": 1,
                                                            "Peak Memory Usage": 10976,
                                                            "Workers": [
                                                                {
                                                                    "Worker Number": 0,
                                                                    "Actual Startup Time": 98.755,
                                                                    "Actual Total Time": 98.756,
                                                                    "Actual Rows": 32380,
                                                                    "Actual Loops": 1
                                                                },
                                                                {
                                                                    "Worker Number": 1,
                                                                    "Actual Startup Time": 99.863,
                                                                    "Actual Total Time": 99.865,
                                                                    "Actual Rows": 50485,
                                                                    "Actual Loops": 1
                                                                },
                                                                {
                                                                    "Worker Number": 2,
                                                                    "Actual Startup Time": 99.963,
                                                                    "Actual Total Time": 99.964,
                                                                    "Actual Rows": 33749,
                                                                    "Actual Loops": 1
                                                                }
                                                            ],
                                                            "Plans": [
                                                                {
                                                                    "Node Type": "Seq Scan",
                                                                    "Parent Relationship": "Outer",
                                                                    "Parallel Aware": true,
                                                                    "Relation Name": "movie_companies",
                                                                    "Schema": "public",
                                                                    "Alias": "mc",
                                                                    "Startup Cost": 0.0,
                                                                    "Total Cost": 31414.82,
                                                                    "Plan Rows": 103235,
                                                                    "Plan Width": 4,
                                                                    "Actual Startup Time": 47.08,
                                                                    "Actual Total Time": 80.711,
                                                                    "Actual Rows": 43470,
                                                                    "Actual Loops": 4,
                                                                    "Output": [
                                                                        "mc.movie_id"
                                                                    ],
                                                                    "Filter": "((mc.company_id < 795) AND (mc.company_type_id = 2))",
                                                                    "Rows Removed by Filter": 608812,
                                                                    "Workers": [
                                                                        {
                                                                            "Worker Number": 0,
                                                                            "Actual Startup Time": 46.957,
                                                                            "Actual Total Time": 80.595,
                                                                            "Actual Rows": 32380,
                                                                            "Actual Loops": 1
                                                                        },
                                                                        {
                                                                            "Worker Number": 1,
                                                                            "Actual Startup Time": 47.086,
                                                                            "Actual Total Time": 80.803,
                                                                            "Actual Rows": 50485,
                                                                            "Actual Loops": 1
                                                                        },
                                                                        {
                                                                            "Worker Number": 2,
                                                                            "Actual Startup Time": 47.099,
                                                                            "Actual Total Time": 81.431,
                                                                            "Actual Rows": 33749,
                                                                            "Actual Loops": 1
                                                                        }
                                                                    ]
                                                                }
                                                            ]
                                                        }
                                                    ]
                                                }
                                            ]
                                        }
                                    ]
                                }
                            ]
                        }
                    ]
                }
            ]
        },
        "Planning Time": 224.153,
        "Triggers": [],
        "Execution Time": 563.101
    }
]