[
    {
        "Bao": {
            "Bao prediction": 441.674,
            "Bao recommended hint": "(no hint)"
        }
    },
    {
        "Plan": {
            "Node Type": "Aggregate",
            "Strategy": "Plain",
            "Partial Mode": "Finalize",
            "Parallel Aware": false,
            "Startup Cost": 46745.23,
            "Total Cost": 46745.24,
            "Plan Rows": 1,
            "Plan Width": 8,
            "Actual Startup Time": 111.257,
            "Actual Total Time": 118.591,
            "Actual Rows": 1,
            "Actual Loops": 1,
            "Output": [
                "count(*)"
            ],
            "Plans": [
                {
                    "Node Type": "Gather",
                    "Parent Relationship": "Outer",
                    "Parallel Aware": false,
                    "Startup Cost": 46744.81,
                    "Total Cost": 46745.22,
                    "Plan Rows": 4,
                    "Plan Width": 8,
                    "Actual Startup Time": 111.1,
                    "Actual Total Time": 118.584,
                    "Actual Rows": 5,
                    "Actual Loops": 1,
                    "Output": [
                        "(PARTIAL count(*))"
                    ],
                    "Workers Planned": 4,
                    "Workers Launched": 4,
                    "Single Copy": false,
                    "Plans": [
                        {
                            "Node Type": "Aggregate",
                            "Strategy": "Plain",
                            "Partial Mode": "Partial",
                            "Parent Relationship": "Outer",
                            "Parallel Aware": false,
                            "Startup Cost": 45744.81,
                            "Total Cost": 45744.82,
                            "Plan Rows": 1,
                            "Plan Width": 8,
                            "Actual Startup Time": 102.691,
                            "Actual Total Time": 102.693,
                            "Actual Rows": 1,
                            "Actual Loops": 5,
                            "Output": [
                                "PARTIAL count(*)"
                            ],
                            "Workers": [
                                {
                                    "Worker Number": 0,
                                    "Actual Startup Time": 100.571,
                                    "Actual Total Time": 100.572,
                                    "Actual Rows": 1,
                                    "Actual Loops": 1
                                },
                                {
                                    "Worker Number": 1,
                                    "Actual Startup Time": 100.648,
                                    "Actual Total Time": 100.649,
                                    "Actual Rows": 1,
                                    "Actual Loops": 1
                                },
                                {
                                    "Worker Number": 2,
                                    "Actual Startup Time": 100.706,
                                    "Actual Total Time": 100.707,
                                    "Actual Rows": 1,
                                    "Actual Loops": 1
                                },
                                {
                                    "Worker Number": 3,
                                    "Actual Startup Time": 101.111,
                                    "Actual Total Time": 101.112,
                                    "Actual Rows": 1,
                                    "Actual Loops": 1
                                }
                            ],
                            "Plans": [
                                {
                                    "Node Type": "Seq Scan",
                                    "Parent Relationship": "Outer",
                                    "Parallel Aware": true,
                                    "Relation Name": "title",
                                    "Schema": "public",
                                    "Alias": "t",
                                    "Startup Cost": 0.0,
                                    "Total Cost": 45479.21,
                                    "Plan Rows": 106239,
                                    "Plan Width": 0,
                                    "Actual Startup Time": 48.811,
                                    "Actual Total Time": 98.832,
                                    "Actual Rows": 61820,
                                    "Actual Loops": 5,
                                    "Output": [
                                        "id",
                                        "title",
                                        "imdb_index",
                                        "kind_id",
                                        "production_year",
                                        "imdb_id",
                                        "phonetic_code",
                                        "episode_of_id",
                                        "season_nr",
                                        "episode_nr",
                                        "series_years",
                                        "md5sum"
                                    ],
                                    "Filter": "((t.production_year > 1995) AND (t.kind_id = 1))",
                                    "Rows Removed by Filter": 443843,
                                    "Workers": [
                                        {
                                            "Worker Number": 0,
                                            "Actual Startup Time": 4.753,
                                            "Actual Total Time": 96.865,
                                            "Actual Rows": 49586,
                                            "Actual Loops": 1
                                        },
                                        {
                                            "Worker Number": 1,
                                            "Actual Startup Time": 57.144,
                                            "Actual Total Time": 96.891,
                                            "Actual Rows": 50044,
                                            "Actual Loops": 1
                                        },
                                        {
                                            "Worker Number": 2,
                                            "Actual Startup Time": 57.358,
                                            "Actual Total Time": 96.987,
                                            "Actual Rows": 49893,
                                            "Actual Loops": 1
                                        },
                                        {
                                            "Worker Number": 3,
                                            "Actual Startup Time": 57.827,
                                            "Actual Total Time": 97.337,
                                            "Actual Rows": 50382,
                                            "Actual Loops": 1
                                        }
                                    ]
                                }
                            ]
                        }
                    ]
                }
            ]
        },
        "Planning Time": 1121.557,
        "Triggers": [],
        "Execution Time": 118.681
    }
]