{
  "Plan": {
    "Node Type": "Aggregate",
    "Strategy": "Plain",
    "Partial Mode": "Finalize",
    "Parallel Aware": false,
    "Startup Cost": 30585.08,
    "Total Cost": 30585.09,
    "Plan Rows": 1,
    "Plan Width": 8,
    "Actual Startup Time": 33.15,
    "Actual Total Time": 37.301,
    "Actual Rows": 1,
    "Actual Loops": 1,
    "Plans": [
      {
        "Node Type": "Gather",
        "Parent Relationship": "Outer",
        "Parallel Aware": false,
        "Startup Cost": 30584.97,
        "Total Cost": 30585.08,
        "Plan Rows": 1,
        "Plan Width": 8,
        "Actual Startup Time": 33.032,
        "Actual Total Time": 37.294,
        "Actual Rows": 2,
        "Actual Loops": 1,
        "Workers Planned": 1,
        "Workers Launched": 1,
        "Single Copy": false,
        "Plans": [
          {
            "Node Type": "Aggregate",
            "Strategy": "Plain",
            "Partial Mode": "Partial",
            "Parent Relationship": "Outer",
            "Parallel Aware": false,
            "Startup Cost": 29584.97,
            "Total Cost": 29584.98,
            "Plan Rows": 1,
            "Plan Width": 8,
            "Actual Startup Time": 27.056,
            "Actual Total Time": 27.057,
            "Actual Rows": 1,
            "Actual Loops": 2,
            "Plans": [
              {
                "Node Type": "Nested Loop",
                "Parent Relationship": "Outer",
                "Parallel Aware": false,
                "Join Type": "Inner",
                "Startup Cost": 93.58,
                "Total Cost": 29579.5,
                "Plan Rows": 2187,
                "Plan Width": 0,
                "Actual Startup Time": 2.437,
                "Actual Total Time": 26.717,
                "Actual Rows": 1649,
                "Actual Loops": 2,
                "Inner Unique": true,
                "Plans": [
                  {
                    "Node Type": "Bitmap Heap Scan",
                    "Parent Relationship": "Outer",
                    "Parallel Aware": true,
                    "Relation Name": "movie_keyword",
                    "Alias": "mk",
                    "Startup Cost": 93.15,
                    "Total Cost": 11023.11,
                    "Plan Rows": 2484,
                    "Plan Width": 4,
                    "Actual Startup Time": 2.283,
                    "Actual Total Time": 8.872,
                    "Actual Rows": 1713,
                    "Actual Loops": 2,
                    "Recheck Cond": "(keyword_id = 820)",
                    "Rows Removed by Index Recheck": 0,
                    "Exact Heap Blocks": 2572,
                    "Lossy Heap Blocks": 0,
                    "Plans": [
                      {
                        "Node Type": "Bitmap Index Scan",
                        "Parent Relationship": "Outer",
                        "Parallel Aware": false,
                        "Index Name": "keyword_id_movie_keyword",
                        "Startup Cost": 0.0,
                        "Total Cost": 92.1,
                        "Plan Rows": 4222,
                        "Plan Width": 0,
                        "Actual Startup Time": 2.871,
                        "Actual Total Time": 2.872,
                        "Actual Rows": 3426,
                        "Actual Loops": 1,
                        "Index Cond": "(keyword_id = 820)"
                      }
                    ]
                  },
                  {
                    "Node Type": "Index Scan",
                    "Parent Relationship": "Inner",
                    "Parallel Aware": false,
                    "Scan Direction": "Forward",
                    "Index Name": "title_pkey",
                    "Relation Name": "title",
                    "Alias": "t",
                    "Startup Cost": 0.43,
                    "Total Cost": 7.47,
                    "Plan Rows": 1,
                    "Plan Width": 4,
                    "Actual Startup Time": 0.01,
                    "Actual Total Time": 0.01,
                    "Actual Rows": 1,
                    "Actual Loops": 3426,
                    "Index Cond": "(id = mk.movie_id)",
                    "Rows Removed by Index Recheck": 0,
                    "Filter": "(production_year < 2012)",
                    "Rows Removed by Filter": 0
                  }
                ]
              }
            ]
          }
        ]
      }
    ]
  },
  "Planning Time": 0.642,
  "Triggers": [],
  "Execution Time": 37.389
}