[
  {
    "Plan": {
      "Node Type": "Aggregate",
      "Strategy": "Plain",
      "Partial Mode": "Finalize",
      "Parallel Aware": false,
      "Startup Cost": 32674.58,
      "Total Cost": 32674.59,
      "Plan Rows": 1,
      "Plan Width": 8,
      "Actual Startup Time": 86.342,
      "Actual Total Time": 93.264,
      "Actual Rows": 1,
      "Actual Loops": 1,
      "Plans": [
        {
          "Node Type": "Gather",
          "Parent Relationship": "Outer",
          "Parallel Aware": false,
          "Startup Cost": 32674.26,
          "Total Cost": 32674.57,
          "Plan Rows": 3,
          "Plan Width": 8,
          "Actual Startup Time": 86.183,
          "Actual Total Time": 93.255,
          "Actual Rows": 4,
          "Actual Loops": 1,
          "Workers Planned": 3,
          "Workers Launched": 3,
          "Single Copy": false,
          "Plans": [
            {
              "Node Type": "Aggregate",
              "Strategy": "Plain",
              "Partial Mode": "Partial",
              "Parent Relationship": "Outer",
              "Parallel Aware": false,
              "Startup Cost": 31674.26,
              "Total Cost": 31674.27,
              "Plan Rows": 1,
              "Plan Width": 8,
              "Actual Startup Time": 79.583,
              "Actual Total Time": 79.584,
              "Actual Rows": 1,
              "Actual Loops": 4,
              "Plans": [
                {
                  "Node Type": "Seq Scan",
                  "Parent Relationship": "Outer",
                  "Parallel Aware": true,
                  "Relation Name": "movie_companies",
                  "Alias": "mc",
                  "Startup Cost": 0.0,
                  "Total Cost": 31414.82,
                  "Plan Rows": 103778,
                  "Plan Width": 0,
                  "Actual Startup Time": 39.72,
                  "Actual Total Time": 73.001,
                  "Actual Rows": 153470,
                  "Actual Loops": 4,
                  "Filter": "((company_id > 61092) AND (company_type_id = 2))",
                  "Rows Removed by Filter": 498812
                }
              ]
            }
          ]
        }
      ]
    },
    "Planning Time": 0.111,
    "Triggers": [],
    "Execution Time": 93.297
  }
]