{
  "Plan": {
    "Node Type": "Aggregate",
    "Strategy": "Plain",
    "Partial Mode": "Finalize",
    "Parallel Aware": false,
    "Startup Cost": 160999.97,
    "Total Cost": 160999.98,
    "Plan Rows": 1,
    "Plan Width": 8,
    "Actual Startup Time": 855.918,
    "Actual Total Time": 877.202,
    "Actual Rows": 1,
    "Actual Loops": 1,
    "Plans": [
      {
        "Node Type": "Gather",
        "Parent Relationship": "Outer",
        "Parallel Aware": false,
        "Startup Cost": 160999.86,
        "Total Cost": 160999.97,
        "Plan Rows": 1,
        "Plan Width": 8,
        "Actual Startup Time": 853.916,
        "Actual Total Time": 877.193,
        "Actual Rows": 2,
        "Actual Loops": 1,
        "Workers Planned": 1,
        "Workers Launched": 1,
        "Single Copy": false,
        "Plans": [
          {
            "Node Type": "Aggregate",
            "Strategy": "Plain",
            "Partial Mode": "Partial",
            "Parent Relationship": "Outer",
            "Parallel Aware": false,
            "Startup Cost": 159999.86,
            "Total Cost": 159999.87,
            "Plan Rows": 1,
            "Plan Width": 8,
            "Actual Startup Time": 847.762,
            "Actual Total Time": 848.208,
            "Actual Rows": 1,
            "Actual Loops": 2,
            "Plans": [
              {
                "Node Type": "Hash Join",
                "Parent Relationship": "Outer",
                "Parallel Aware": true,
                "Join Type": "Inner",
                "Startup Cost": 118997.12,
                "Total Cost": 159668.96,
                "Plan Rows": 132360,
                "Plan Width": 0,
                "Actual Startup Time": 498.013,
                "Actual Total Time": 799.33,
                "Actual Rows": 1233798,
                "Actual Loops": 2,
                "Inner Unique": false,
                "Hash Cond": "(mc.movie_id = t.id)",
                "Plans": [
                  {
                    "Node Type": "Seq Scan",
                    "Parent Relationship": "Outer",
                    "Parallel Aware": true,
                    "Relation Name": "movie_companies",
                    "Alias": "mc",
                    "Startup Cost": 0.0,
                    "Total Cost": 34137.82,
                    "Plan Rows": 1534782,
                    "Plan Width": 4,
                    "Actual Startup Time": 0.018,
                    "Actual Total Time": 95.208,
                    "Actual Rows": 1304564,
                    "Actual Loops": 2
                  },
                  {
                    "Node Type": "Hash",
                    "Parent Relationship": "Inner",
                    "Parallel Aware": true,
                    "Startup Cost": 117393.88,
                    "Total Cost": 117393.88,
                    "Plan Rows": 128259,
                    "Plan Width": 8,
                    "Actual Startup Time": 493.03,
                    "Actual Total Time": 493.474,
                    "Actual Rows": 179438,
                    "Actual Loops": 2,
                    "Hash Buckets": 524288,
                    "Original Hash Buckets": 262144,
                    "Hash Batches": 1,
                    "Original Hash Batches": 1,
                    "Peak Memory Usage": 20224,
                    "Plans": [
                      {
                        "Node Type": "Hash Join",
                        "Parent Relationship": "Outer",
                        "Parallel Aware": true,
                        "Join Type": "Inner",
                        "Startup Cost": 56672.55,
                        "Total Cost": 117393.88,
                        "Plan Rows": 128259,
                        "Plan Width": 8,
                        "Actual Startup Time": 182.705,
                        "Actual Total Time": 456.248,
                        "Actual Rows": 179438,
                        "Actual Loops": 2,
                        "Inner Unique": true,
                        "Hash Cond": "(mk.movie_id = t.id)",
                        "Plans": [
                          {
                            "Node Type": "Seq Scan",
                            "Parent Relationship": "Outer",
                            "Parallel Aware": true,
                            "Relation Name": "movie_keyword",
                            "Alias": "mk",
                            "Startup Cost": 0.0,
                            "Total Cost": 57718.19,
                            "Plan Rows": 1144052,
                            "Plan Width": 4,
                            "Actual Startup Time": 0.585,
                            "Actual Total Time": 177.342,
                            "Actual Rows": 972039,
                            "Actual Loops": 2,
                            "Filter": "(keyword_id > 6717)",
                            "Rows Removed by Filter": 1289926
                          },
                          {
                            "Node Type": "Hash",
                            "Parent Relationship": "Inner",
                            "Parallel Aware": true,
                            "Startup Cost": 54588.39,
                            "Total Cost": 54588.39,
                            "Plan Rows": 166733,
                            "Plan Width": 4,
                            "Actual Startup Time": 177.532,
                            "Actual Total Time": 177.532,
                            "Actual Rows": 148236,
                            "Actual Loops": 2,
                            "Hash Buckets": 524288,
                            "Original Hash Buckets": 524288,
                            "Hash Batches": 1,
                            "Original Hash Batches": 1,
                            "Peak Memory Usage": 15744,
                            "Plans": [
                              {
                                "Node Type": "Seq Scan",
                                "Parent Relationship": "Outer",
                                "Parallel Aware": true,
                                "Relation Name": "title",
                                "Alias": "t",
                                "Startup Cost": 0.0,
                                "Total Cost": 54588.39,
                                "Plan Rows": 166733,
                                "Plan Width": 4,
                                "Actual Startup Time": 0.03,
                                "Actual Total Time": 139.306,
                                "Actual Rows": 148236,
                                "Actual Loops": 2,
                                "Filter": "(production_year < 1965)",
                                "Rows Removed by Filter": 1115920
                              }
                            ]
                          }
                        ]
                      }
                    ]
                  }
                ]
              }
            ]
          }
        ]
      }
    ]
  },
  "Planning Time": 0.957,
  "Triggers": [],
  "Execution Time": 877.281
}