[
  {
    "Plan": {
      "Node Type": "Aggregate",
      "Strategy": "Plain",
      "Partial Mode": "Finalize",
      "Parallel Aware": false,
      "Startup Cost": 32617.86,
      "Total Cost": 32617.87,
      "Plan Rows": 1,
      "Plan Width": 8,
      "Actual Startup Time": 101.696,
      "Actual Total Time": 112.139,
      "Actual Rows": 1,
      "Actual Loops": 1,
      "Plans": [
        {
          "Node Type": "Gather",
          "Parent Relationship": "Outer",
          "Parallel Aware": false,
          "Startup Cost": 32617.54,
          "Total Cost": 32617.85,
          "Plan Rows": 3,
          "Plan Width": 8,
          "Actual Startup Time": 101.578,
          "Actual Total Time": 112.129,
          "Actual Rows": 4,
          "Actual Loops": 1,
          "Workers Planned": 3,
          "Workers Launched": 3,
          "Single Copy": false,
          "Plans": [
            {
              "Node Type": "Aggregate",
              "Strategy": "Plain",
              "Partial Mode": "Partial",
              "Parent Relationship": "Outer",
              "Parallel Aware": false,
              "Startup Cost": 31617.54,
              "Total Cost": 31617.55,
              "Plan Rows": 1,
              "Plan Width": 8,
              "Actual Startup Time": 93.281,
              "Actual Total Time": 93.282,
              "Actual Rows": 1,
              "Actual Loops": 4,
              "Plans": [
                {
                  "Node Type": "Seq Scan",
                  "Parent Relationship": "Outer",
                  "Parallel Aware": true,
                  "Relation Name": "movie_companies",
                  "Alias": "mc",
                  "Startup Cost": 0.0,
                  "Total Cost": 31414.82,
                  "Plan Rows": 81090,
                  "Plan Width": 0,
                  "Actual Startup Time": 0.046,
                  "Actual Total Time": 85.131,
                  "Actual Rows": 93008,
                  "Actual Loops": 4,
                  "Filter": "((company_id < 465) AND (company_type_id < 2))",
                  "Rows Removed by Filter": 559274
                }
              ]
            }
          ]
        }
      ]
    },
    "Planning Time": 0.228,
    "Triggers": [],
    "Execution Time": 112.209
  }
]