[
  {
    "Plan": {
      "Node Type": "Aggregate",
      "Strategy": "Plain",
      "Partial Mode": "Finalize",
      "Parallel Aware": false,
      "Startup Cost": 47215.47,
      "Total Cost": 47215.48,
      "Plan Rows": 1,
      "Plan Width": 8,
      "Actual Startup Time": 116.242,
      "Actual Total Time": 127.584,
      "Actual Rows": 1,
      "Actual Loops": 1,
      "Plans": [
        {
          "Node Type": "Gather",
          "Parent Relationship": "Outer",
          "Parallel Aware": false,
          "Startup Cost": 47215.05,
          "Total Cost": 47215.46,
          "Plan Rows": 4,
          "Plan Width": 8,
          "Actual Startup Time": 116.092,
          "Actual Total Time": 127.574,
          "Actual Rows": 5,
          "Actual Loops": 1,
          "Workers Planned": 4,
          "Workers Launched": 4,
          "Single Copy": false,
          "Plans": [
            {
              "Node Type": "Aggregate",
              "Strategy": "Plain",
              "Partial Mode": "Partial",
              "Parent Relationship": "Outer",
              "Parallel Aware": false,
              "Startup Cost": 46215.05,
              "Total Cost": 46215.06,
              "Plan Rows": 1,
              "Plan Width": 8,
              "Actual Startup Time": 108.307,
              "Actual Total Time": 108.309,
              "Actual Rows": 1,
              "Actual Loops": 5,
              "Plans": [
                {
                  "Node Type": "Seq Scan",
                  "Parent Relationship": "Outer",
                  "Parallel Aware": true,
                  "Relation Name": "title",
                  "Alias": "t",
                  "Startup Cost": 0.0,
                  "Total Cost": 45479.1,
                  "Plan Rows": 294382,
                  "Plan Width": 0,
                  "Actual Startup Time": 0.036,
                  "Actual Total Time": 95.069,
                  "Actual Rows": 227991,
                  "Actual Loops": 5,
                  "Filter": "((kind_id > 4) AND (production_year < 2010))",
                  "Rows Removed by Filter": 277671
                }
              ]
            }
          ]
        }
      ]
    },
    "Planning Time": 0.19,
    "Triggers": [],
    "Execution Time": 127.646
  }
]