[
  {
    "Plan": {
      "Node Type": "Aggregate",
      "Strategy": "Plain",
      "Partial Mode": "Finalize",
      "Parallel Aware": false,
      "Startup Cost": 595753.76,
      "Total Cost": 595753.77,
      "Plan Rows": 1,
      "Plan Width": 8,
      "Actual Startup Time": 2650.795,
      "Actual Total Time": 2741.048,
      "Actual Rows": 1,
      "Actual Loops": 1,
      "Plans": [
        {
          "Node Type": "Gather",
          "Parent Relationship": "Outer",
          "Parallel Aware": false,
          "Startup Cost": 595753.24,
          "Total Cost": 595753.75,
          "Plan Rows": 5,
          "Plan Width": 8,
          "Actual Startup Time": 2637.715,
          "Actual Total Time": 2741.035,
          "Actual Rows": 6,
          "Actual Loops": 1,
          "Workers Planned": 5,
          "Workers Launched": 5,
          "Single Copy": false,
          "Plans": [
            {
              "Node Type": "Aggregate",
              "Strategy": "Plain",
              "Partial Mode": "Partial",
              "Parent Relationship": "Outer",
              "Parallel Aware": false,
              "Startup Cost": 594753.24,
              "Total Cost": 594753.25,
              "Plan Rows": 1,
              "Plan Width": 8,
              "Actual Startup Time": 2627.657,
              "Actual Total Time": 2627.735,
              "Actual Rows": 1,
              "Actual Loops": 6,
              "Plans": [
                {
                  "Node Type": "Hash Join",
                  "Parent Relationship": "Outer",
                  "Parallel Aware": true,
                  "Join Type": "Inner",
                  "Startup Cost": 384364.55,
                  "Total Cost": 590211.89,
                  "Plan Rows": 1816541,
                  "Plan Width": 0,
                  "Actual Startup Time": 1464.324,
                  "Actual Total Time": 2573.107,
                  "Actual Rows": 1017332,
                  "Actual Loops": 6,
                  "Inner Unique": false,
                  "Hash Cond": "(mi.movie_id = t.id)",
                  "Plans": [
                    {
                      "Node Type": "Seq Scan",
                      "Parent Relationship": "Outer",
                      "Parallel Aware": true,
                      "Relation Name": "movie_info",
                      "Alias": "mi",
                      "Startup Cost": 0.0,
                      "Total Cost": 191685.19,
                      "Plan Rows": 2969219,
                      "Plan Width": 4,
                      "Actual Startup Time": 0.026,
                      "Actual Total Time": 330.343,
                      "Actual Rows": 2472620,
                      "Actual Loops": 6
                    },
                    {
                      "Node Type": "Hash",
                      "Parent Relationship": "Inner",
                      "Parallel Aware": true,
                      "Startup Cost": 381141.92,
                      "Total Cost": 381141.92,
                      "Plan Rows": 257811,
                      "Plan Width": 8,
                      "Actual Startup Time": 1458.11,
                      "Actual Total Time": 1458.186,
                      "Actual Rows": 317282,
                      "Actual Loops": 6,
                      "Hash Buckets": 2097152,
                      "Original Hash Buckets": 2097152,
                      "Hash Batches": 1,
                      "Original Hash Batches": 1,
                      "Peak Memory Usage": 90944,
                      "Plans": [
                        {
                          "Node Type": "Hash Join",
                          "Parent Relationship": "Outer",
                          "Parallel Aware": true,
                          "Join Type": "Inner",
                          "Startup Cost": 46284.12,
                          "Total Cost": 381141.92,
                          "Plan Rows": 257811,
                          "Plan Width": 8,
                          "Actual Startup Time": 385.682,
                          "Actual Total Time": 1320.338,
                          "Actual Rows": 317282,
                          "Actual Loops": 6,
                          "Inner Unique": true,
                          "Hash Cond": "(ci.movie_id = t.id)",
                          "Plans": [
                            {
                              "Node Type": "Seq Scan",
                              "Parent Relationship": "Outer",
                              "Parallel Aware": true,
                              "Relation Name": "cast_info",
                              "Alias": "ci",
                              "Startup Cost": 0.0,
                              "Total Cost": 328211.39,
                              "Plan Rows": 2531958,
                              "Plan Width": 4,
                              "Actual Startup Time": 270.474,
                              "Actual Total Time": 727.131,
                              "Actual Rows": 2483673,
                              "Actual Loops": 6,
                              "Filter": "(person_id > 2160321)",
                              "Rows Removed by Filter": 3557051
                            },
                            {
                              "Node Type": "Hash",
                              "Parent Relationship": "Inner",
                              "Parallel Aware": true,
                              "Startup Cost": 45479.59,
                              "Total Cost": 45479.59,
                              "Plan Rows": 64363,
                              "Plan Width": 4,
                              "Actual Startup Time": 114.755,
                              "Actual Total Time": 114.756,
                              "Actual Rows": 45199,
                              "Actual Loops": 6,
                              "Hash Buckets": 524288,
                              "Original Hash Buckets": 262144,
                              "Hash Batches": 1,
                              "Original Hash Batches": 1,
                              "Peak Memory Usage": 16832,
                              "Plans": [
                                {
                                  "Node Type": "Seq Scan",
                                  "Parent Relationship": "Outer",
                                  "Parallel Aware": true,
                                  "Relation Name": "title",
                                  "Alias": "t",
                                  "Startup Cost": 0.0,
                                  "Total Cost": 45479.59,
                                  "Plan Rows": 64363,
                                  "Plan Width": 4,
                                  "Actual Startup Time": 0.035,
                                  "Actual Total Time": 81.585,
                                  "Actual Rows": 45199,
                                  "Actual Loops": 6,
                                  "Filter": "((kind_id > 3) AND (production_year > 2010))",
                                  "Rows Removed by Filter": 376186
                                }
                              ]
                            }
                          ]
                        }
                      ]
                    }
                  ]
                }
              ]
            }
          ]
        }
      ]
    },
    "Planning Time": 0.47,
    "Triggers": [],
    "Execution Time": 2741.11
  }
]