[
  {
    "Plan": {
      "Node Type": "Aggregate",
      "Strategy": "Plain",
      "Partial Mode": "Finalize",
      "Parallel Aware": false,
      "Startup Cost": 33064.31,
      "Total Cost": 33064.32,
      "Plan Rows": 1,
      "Plan Width": 8,
      "Actual Startup Time": 111.326,
      "Actual Total Time": 116.987,
      "Actual Rows": 1,
      "Actual Loops": 1,
      "Plans": [
        {
          "Node Type": "Gather",
          "Parent Relationship": "Outer",
          "Parallel Aware": false,
          "Startup Cost": 33063.99,
          "Total Cost": 33064.3,
          "Plan Rows": 3,
          "Plan Width": 8,
          "Actual Startup Time": 111.204,
          "Actual Total Time": 116.979,
          "Actual Rows": 4,
          "Actual Loops": 1,
          "Workers Planned": 3,
          "Workers Launched": 3,
          "Single Copy": false,
          "Plans": [
            {
              "Node Type": "Aggregate",
              "Strategy": "Plain",
              "Partial Mode": "Partial",
              "Parent Relationship": "Outer",
              "Parallel Aware": false,
              "Startup Cost": 32063.99,
              "Total Cost": 32064.0,
              "Plan Rows": 1,
              "Plan Width": 8,
              "Actual Startup Time": 103.096,
              "Actual Total Time": 103.097,
              "Actual Rows": 1,
              "Actual Loops": 4,
              "Plans": [
                {
                  "Node Type": "Seq Scan",
                  "Parent Relationship": "Outer",
                  "Parallel Aware": true,
                  "Relation Name": "movie_companies",
                  "Alias": "mc",
                  "Startup Cost": 0.0,
                  "Total Cost": 31414.82,
                  "Plan Rows": 259668,
                  "Plan Width": 0,
                  "Actual Startup Time": 3.025,
                  "Actual Total Time": 93.799,
                  "Actual Rows": 147902,
                  "Actual Loops": 4,
                  "Filter": "((company_id > 4213) AND (company_type_id < 2))",
                  "Rows Removed by Filter": 504380
                }
              ]
            }
          ]
        }
      ]
    },
    "Planning Time": 0.122,
    "Triggers": [],
    "Execution Time": 117.028
  }
]