[
  {
    "Plan": {
      "Node Type": "Aggregate",
      "Strategy": "Plain",
      "Partial Mode": "Finalize",
      "Parallel Aware": false,
      "Startup Cost": 351059.77,
      "Total Cost": 351059.78,
      "Plan Rows": 1,
      "Plan Width": 8,
      "Actual Startup Time": 889.982,
      "Actual Total Time": 948.029,
      "Actual Rows": 1,
      "Actual Loops": 1,
      "Plans": [
        {
          "Node Type": "Gather",
          "Parent Relationship": "Outer",
          "Parallel Aware": false,
          "Startup Cost": 351059.15,
          "Total Cost": 351059.76,
          "Plan Rows": 6,
          "Plan Width": 8,
          "Actual Startup Time": 889.721,
          "Actual Total Time": 948.018,
          "Actual Rows": 7,
          "Actual Loops": 1,
          "Workers Planned": 6,
          "Workers Launched": 6,
          "Single Copy": false,
          "Plans": [
            {
              "Node Type": "Aggregate",
              "Strategy": "Plain",
              "Partial Mode": "Partial",
              "Parent Relationship": "Outer",
              "Parallel Aware": false,
              "Startup Cost": 350059.15,
              "Total Cost": 350059.16,
              "Plan Rows": 1,
              "Plan Width": 8,
              "Actual Startup Time": 879.569,
              "Actual Total Time": 879.57,
              "Actual Rows": 1,
              "Actual Loops": 7,
              "Plans": [
                {
                  "Node Type": "Seq Scan",
                  "Parent Relationship": "Outer",
                  "Parallel Aware": true,
                  "Relation Name": "cast_info",
                  "Alias": "ci",
                  "Startup Cost": 0.0,
                  "Total Cost": 343257.03,
                  "Plan Rows": 2720848,
                  "Plan Width": 0,
                  "Actual Startup Time": 386.438,
                  "Actual Total Time": 766.156,
                  "Actual Rows": 2298041,
                  "Actual Loops": 7,
                  "Filter": "((person_id > 16866) AND (role_id > 2))",
                  "Rows Removed by Filter": 2879722
                }
              ]
            }
          ]
        }
      ]
    },
    "Planning Time": 0.316,
    "Triggers": [],
    "Execution Time": 948.096
  }
]