[
  {
    "Plan": {
      "Node Type": "Aggregate",
      "Strategy": "Plain",
      "Partial Mode": "Finalize",
      "Parallel Aware": false,
      "Startup Cost": 159485.76,
      "Total Cost": 159485.77,
      "Plan Rows": 1,
      "Plan Width": 8,
      "Actual Startup Time": 395.706,
      "Actual Total Time": 424.373,
      "Actual Rows": 1,
      "Actual Loops": 1,
      "Plans": [
        {
          "Node Type": "Gather",
          "Parent Relationship": "Outer",
          "Parallel Aware": false,
          "Startup Cost": 159485.34,
          "Total Cost": 159485.75,
          "Plan Rows": 4,
          "Plan Width": 8,
          "Actual Startup Time": 393.625,
          "Actual Total Time": 424.364,
          "Actual Rows": 5,
          "Actual Loops": 1,
          "Workers Planned": 4,
          "Workers Launched": 4,
          "Single Copy": false,
          "Plans": [
            {
              "Node Type": "Aggregate",
              "Strategy": "Plain",
              "Partial Mode": "Partial",
              "Parent Relationship": "Outer",
              "Parallel Aware": false,
              "Startup Cost": 158485.34,
              "Total Cost": 158485.35,
              "Plan Rows": 1,
              "Plan Width": 8,
              "Actual Startup Time": 385.429,
              "Actual Total Time": 385.433,
              "Actual Rows": 1,
              "Actual Loops": 5,
              "Plans": [
                {
                  "Node Type": "Nested Loop",
                  "Parent Relationship": "Outer",
                  "Parallel Aware": false,
                  "Join Type": "Inner",
                  "Startup Cost": 17490.98,
                  "Total Cost": 158431.96,
                  "Plan Rows": 21351,
                  "Plan Width": 0,
                  "Actual Startup Time": 73.788,
                  "Actual Total Time": 384.189,
                  "Actual Rows": 13345,
                  "Actual Loops": 5,
                  "Inner Unique": false,
                  "Plans": [
                    {
                      "Node Type": "Hash Join",
                      "Parent Relationship": "Outer",
                      "Parallel Aware": true,
                      "Join Type": "Inner",
                      "Startup Cost": 17490.54,
                      "Total Cost": 64026.26,
                      "Plan Rows": 42229,
                      "Plan Width": 8,
                      "Actual Startup Time": 73.612,
                      "Actual Total Time": 208.58,
                      "Actual Rows": 19343,
                      "Actual Loops": 5,
                      "Inner Unique": false,
                      "Hash Cond": "(t.id = mi_idx.movie_id)",
                      "Plans": [
                        {
                          "Node Type": "Seq Scan",
                          "Parent Relationship": "Outer",
                          "Parallel Aware": true,
                          "Relation Name": "title",
                          "Alias": "t",
                          "Startup Cost": 0.0,
                          "Total Cost": 45479.1,
                          "Plan Rows": 234845,
                          "Plan Width": 4,
                          "Actual Startup Time": 0.017,
                          "Actual Total Time": 73.843,
                          "Actual Rows": 175207,
                          "Actual Loops": 5,
                          "Filter": "((production_year < 2007) AND (kind_id = 7))",
                          "Rows Removed by Filter": 330455
                        },
                        {
                          "Node Type": "Hash",
                          "Parent Relationship": "Inner",
                          "Parallel Aware": true,
                          "Startup Cost": 15122.68,
                          "Total Cost": 15122.68,
                          "Plan Rows": 189429,
                          "Plan Width": 4,
                          "Actual Startup Time": 71.186,
                          "Actual Total Time": 71.187,
                          "Actual Rows": 91985,
                          "Actual Loops": 5,
                          "Hash Buckets": 524288,
                          "Original Hash Buckets": 524288,
                          "Hash Batches": 1,
                          "Original Hash Batches": 1,
                          "Peak Memory Usage": 22176,
                          "Plans": [
                            {
                              "Node Type": "Seq Scan",
                              "Parent Relationship": "Outer",
                              "Parallel Aware": true,
                              "Relation Name": "movie_info_idx",
                              "Alias": "mi_idx",
                              "Startup Cost": 0.0,
                              "Total Cost": 15122.68,
                              "Plan Rows": 189429,
                              "Plan Width": 4,
                              "Actual Startup Time": 0.054,
                              "Actual Total Time": 36.15,
                              "Actual Rows": 91985,
                              "Actual Loops": 5,
                              "Filter": "(info_type_id < 100)",
                              "Rows Removed by Filter": 184022
                            }
                          ]
                        }
                      ]
                    },
                    {
                      "Node Type": "Index Scan",
                      "Parent Relationship": "Inner",
                      "Parallel Aware": false,
                      "Scan Direction": "Forward",
                      "Index Name": "movie_id_movie_info",
                      "Relation Name": "movie_info",
                      "Alias": "mi",
                      "Startup Cost": 0.43,
                      "Total Cost": 2.2,
                      "Plan Rows": 4,
                      "Plan Width": 4,
                      "Actual Startup Time": 0.007,
                      "Actual Total Time": 0.009,
                      "Actual Rows": 1,
                      "Actual Loops": 96715,
                      "Index Cond": "(movie_id = t.id)",
                      "Rows Removed by Index Recheck": 0,
                      "Filter": "(info_type_id = 4)",
                      "Rows Removed by Filter": 8
                    }
                  ]
                }
              ]
            }
          ]
        }
      ]
    },
    "Planning Time": 0.979,
    "Triggers": [],
    "Execution Time": 424.454
  }
]