{
  "Plan": {
    "Node Type": "Aggregate",
    "Strategy": "Plain",
    "Partial Mode": "Finalize",
    "Parallel Aware": false,
    "Startup Cost": 108168.23,
    "Total Cost": 108168.24,
    "Plan Rows": 1,
    "Plan Width": 8,
    "Actual Startup Time": 661.753,
    "Actual Total Time": 674.662,
    "Actual Rows": 1,
    "Actual Loops": 1,
    "Plans": [
      {
        "Node Type": "Gather",
        "Parent Relationship": "Outer",
        "Parallel Aware": false,
        "Startup Cost": 108168.11,
        "Total Cost": 108168.22,
        "Plan Rows": 1,
        "Plan Width": 8,
        "Actual Startup Time": 660.052,
        "Actual Total Time": 674.654,
        "Actual Rows": 2,
        "Actual Loops": 1,
        "Workers Planned": 1,
        "Workers Launched": 1,
        "Single Copy": false,
        "Plans": [
          {
            "Node Type": "Aggregate",
            "Strategy": "Plain",
            "Partial Mode": "Partial",
            "Parent Relationship": "Outer",
            "Parallel Aware": false,
            "Startup Cost": 107168.11,
            "Total Cost": 107168.12,
            "Plan Rows": 1,
            "Plan Width": 8,
            "Actual Startup Time": 654.891,
            "Actual Total Time": 654.894,
            "Actual Rows": 1,
            "Actual Loops": 2,
            "Plans": [
              {
                "Node Type": "Hash Join",
                "Parent Relationship": "Outer",
                "Parallel Aware": true,
                "Join Type": "Inner",
                "Startup Cost": 43378.76,
                "Total Cost": 106087.32,
                "Plan Rows": 432319,
                "Plan Width": 0,
                "Actual Startup Time": 218.38,
                "Actual Total Time": 639.347,
                "Actual Rows": 374804,
                "Actual Loops": 2,
                "Inner Unique": false,
                "Hash Cond": "(t.id = mc.movie_id)",
                "Plans": [
                  {
                    "Node Type": "Seq Scan",
                    "Parent Relationship": "Outer",
                    "Parallel Aware": true,
                    "Relation Name": "title",
                    "Alias": "t",
                    "Startup Cost": 0.0,
                    "Total Cost": 50870.31,
                    "Plan Rows": 1487231,
                    "Plan Width": 4,
                    "Actual Startup Time": 0.009,
                    "Actual Total Time": 113.276,
                    "Actual Rows": 1264156,
                    "Actual Loops": 2
                  },
                  {
                    "Node Type": "Hash",
                    "Parent Relationship": "Inner",
                    "Parallel Aware": true,
                    "Startup Cost": 37974.77,
                    "Total Cost": 37974.77,
                    "Plan Rows": 432319,
                    "Plan Width": 4,
                    "Actual Startup Time": 209.034,
                    "Actual Total Time": 209.035,
                    "Actual Rows": 374804,
                    "Actual Loops": 2,
                    "Hash Buckets": 1048576,
                    "Original Hash Buckets": 1048576,
                    "Hash Batches": 1,
                    "Original Hash Batches": 1,
                    "Peak Memory Usage": 37536,
                    "Plans": [
                      {
                        "Node Type": "Seq Scan",
                        "Parent Relationship": "Outer",
                        "Parallel Aware": true,
                        "Relation Name": "movie_companies",
                        "Alias": "mc",
                        "Startup Cost": 0.0,
                        "Total Cost": 37974.77,
                        "Plan Rows": 432319,
                        "Plan Width": 4,
                        "Actual Startup Time": 38.053,
                        "Actual Total Time": 126.408,
                        "Actual Rows": 374804,
                        "Actual Loops": 2,
                        "Filter": "(company_id > 37135)",
                        "Rows Removed by Filter": 929760
                      }
                    ]
                  }
                ]
              }
            ]
          }
        ]
      }
    ]
  },
  "Planning Time": 0.581,
  "Triggers": [],
  "Execution Time": 674.723
}