{
  "Plan": {
    "Node Type": "Aggregate",
    "Strategy": "Plain",
    "Partial Mode": "Finalize",
    "Parallel Aware": false,
    "Startup Cost": 450779.07,
    "Total Cost": 450779.08,
    "Plan Rows": 1,
    "Plan Width": 8,
    "Actual Startup Time": 2069.386,
    "Actual Total Time": 2101.744,
    "Actual Rows": 1,
    "Actual Loops": 1,
    "Plans": [
      {
        "Node Type": "Gather",
        "Parent Relationship": "Outer",
        "Parallel Aware": false,
        "Startup Cost": 450778.95,
        "Total Cost": 450779.06,
        "Plan Rows": 1,
        "Plan Width": 8,
        "Actual Startup Time": 2061.23,
        "Actual Total Time": 2101.734,
        "Actual Rows": 2,
        "Actual Loops": 1,
        "Workers Planned": 1,
        "Workers Launched": 1,
        "Single Copy": false,
        "Plans": [
          {
            "Node Type": "Aggregate",
            "Strategy": "Plain",
            "Partial Mode": "Partial",
            "Parent Relationship": "Outer",
            "Parallel Aware": false,
            "Startup Cost": 449778.95,
            "Total Cost": 449778.96,
            "Plan Rows": 1,
            "Plan Width": 8,
            "Actual Startup Time": 2055.356,
            "Actual Total Time": 2055.645,
            "Actual Rows": 1,
            "Actual Loops": 2,
            "Plans": [
              {
                "Node Type": "Hash Join",
                "Parent Relationship": "Outer",
                "Parallel Aware": true,
                "Join Type": "Inner",
                "Startup Cost": 405562.68,
                "Total Cost": 448489.63,
                "Plan Rows": 515729,
                "Plan Width": 0,
                "Actual Startup Time": 1406.939,
                "Actual Total Time": 1979.581,
                "Actual Rows": 1928447,
                "Actual Loops": 2,
                "Inner Unique": false,
                "Hash Cond": "(mc.movie_id = t.id)",
                "Plans": [
                  {
                    "Node Type": "Seq Scan",
                    "Parent Relationship": "Outer",
                    "Parallel Aware": true,
                    "Relation Name": "movie_companies",
                    "Alias": "mc",
                    "Startup Cost": 0.0,
                    "Total Cost": 34137.82,
                    "Plan Rows": 1534782,
                    "Plan Width": 4,
                    "Actual Startup Time": 0.017,
                    "Actual Total Time": 98.829,
                    "Actual Rows": 1304564,
                    "Actual Loops": 2
                  },
                  {
                    "Node Type": "Hash",
                    "Parent Relationship": "Inner",
                    "Parallel Aware": true,
                    "Startup Cost": 399315.79,
                    "Total Cost": 399315.79,
                    "Plan Rows": 499751,
                    "Plan Width": 8,
                    "Actual Startup Time": 1398.265,
                    "Actual Total Time": 1398.553,
                    "Actual Rows": 895108,
                    "Actual Loops": 2,
                    "Hash Buckets": 2097152,
                    "Original Hash Buckets": 1048576,
                    "Hash Batches": 1,
                    "Original Hash Batches": 1,
                    "Peak Memory Usage": 94624,
                    "Plans": [
                      {
                        "Node Type": "Hash Join",
                        "Parent Relationship": "Outer",
                        "Parallel Aware": true,
                        "Join Type": "Inner",
                        "Startup Cost": 123548.68,
                        "Total Cost": 399315.79,
                        "Plan Rows": 499751,
                        "Plan Width": 8,
                        "Actual Startup Time": 601.684,
                        "Actual Total Time": 1166.841,
                        "Actual Rows": 895108,
                        "Actual Loops": 2,
                        "Inner Unique": true,
                        "Hash Cond": "(ci.movie_id = t.id)",
                        "Plans": [
                          {
                            "Node Type": "Bitmap Heap Scan",
                            "Parent Relationship": "Outer",
                            "Parallel Aware": true,
                            "Relation Name": "cast_info",
                            "Alias": "ci",
                            "Startup Cost": 54087.98,
                            "Total Cost": 328543.25,
                            "Plan Rows": 499751,
                            "Plan Width": 4,
                            "Actual Startup Time": 87.851,
                            "Actual Total Time": 252.186,
                            "Actual Rows": 895108,
                            "Actual Loops": 2,
                            "Recheck Cond": "(person_id < 242304)",
                            "Rows Removed by Index Recheck": 0,
                            "Filter": "(role_id = 1)",
                            "Rows Removed by Filter": 353863,
                            "Exact Heap Blocks": 14296,
                            "Lossy Heap Blocks": 0,
                            "Plans": [
                              {
                                "Node Type": "Bitmap Index Scan",
                                "Parent Relationship": "Outer",
                                "Parallel Aware": false,
                                "Index Name": "person_id_cast_info",
                                "Startup Cost": 0.0,
                                "Total Cost": 53875.59,
                                "Plan Rows": 2467070,
                                "Plan Width": 0,
                                "Actual Startup Time": 83.911,
                                "Actual Total Time": 83.911,
                                "Actual Rows": 2497941,
                                "Actual Loops": 1,
                                "Index Cond": "(person_id < 242304)"
                              }
                            ]
                          },
                          {
                            "Node Type": "Hash",
                            "Parent Relationship": "Inner",
                            "Parallel Aware": true,
                            "Startup Cost": 50870.31,
                            "Total Cost": 50870.31,
                            "Plan Rows": 1487231,
                            "Plan Width": 4,
                            "Actual Startup Time": 498.818,
                            "Actual Total Time": 498.819,
                            "Actual Rows": 1264156,
                            "Actual Loops": 2,
                            "Hash Buckets": 4194304,
                            "Original Hash Buckets": 4194304,
                            "Hash Batches": 1,
                            "Original Hash Batches": 1,
                            "Peak Memory Usage": 131712,
                            "Plans": [
                              {
                                "Node Type": "Seq Scan",
                                "Parent Relationship": "Outer",
                                "Parallel Aware": true,
                                "Relation Name": "title",
                                "Alias": "t",
                                "Startup Cost": 0.0,
                                "Total Cost": 50870.31,
                                "Plan Rows": 1487231,
                                "Plan Width": 4,
                                "Actual Startup Time": 0.037,
                                "Actual Total Time": 147.602,
                                "Actual Rows": 1264156,
                                "Actual Loops": 2
                              }
                            ]
                          }
                        ]
                      }
                    ]
                  }
                ]
              }
            ]
          }
        ]
      }
    ]
  },
  "Planning Time": 1.093,
  "Triggers": [],
  "Execution Time": 2101.847
}