{
  "Plan": {
    "Node Type": "Aggregate",
    "Strategy": "Plain",
    "Partial Mode": "Finalize",
    "Parallel Aware": false,
    "Startup Cost": 582920.62,
    "Total Cost": 582920.63,
    "Plan Rows": 1,
    "Plan Width": 8,
    "Actual Startup Time": 3672.665,
    "Actual Total Time": 3736.489,
    "Actual Rows": 1,
    "Actual Loops": 1,
    "Plans": [
      {
        "Node Type": "Gather",
        "Parent Relationship": "Outer",
        "Parallel Aware": false,
        "Startup Cost": 582920.5,
        "Total Cost": 582920.61,
        "Plan Rows": 1,
        "Plan Width": 8,
        "Actual Startup Time": 3672.107,
        "Actual Total Time": 3736.481,
        "Actual Rows": 2,
        "Actual Loops": 1,
        "Workers Planned": 1,
        "Workers Launched": 1,
        "Single Copy": false,
        "Plans": [
          {
            "Node Type": "Aggregate",
            "Strategy": "Plain",
            "Partial Mode": "Partial",
            "Parent Relationship": "Outer",
            "Parallel Aware": false,
            "Startup Cost": 581920.5,
            "Total Cost": 581920.51,
            "Plan Rows": 1,
            "Plan Width": 8,
            "Actual Startup Time": 3667.703,
            "Actual Total Time": 3667.706,
            "Actual Rows": 1,
            "Actual Loops": 2,
            "Plans": [
              {
                "Node Type": "Hash Join",
                "Parent Relationship": "Outer",
                "Parallel Aware": true,
                "Join Type": "Inner",
                "Startup Cost": 58792.96,
                "Total Cost": 580526.31,
                "Plan Rows": 557678,
                "Plan Width": 0,
                "Actual Startup Time": 159.546,
                "Actual Total Time": 3635.242,
                "Actual Rows": 782388,
                "Actual Loops": 2,
                "Inner Unique": true,
                "Hash Cond": "(ci.movie_id = t.id)",
                "Plans": [
                  {
                    "Node Type": "Seq Scan",
                    "Parent Relationship": "Outer",
                    "Parallel Aware": true,
                    "Relation Name": "cast_info",
                    "Alias": "ci",
                    "Startup Cost": 0.0,
                    "Total Cost": 465792.95,
                    "Plan Rows": 21310595,
                    "Plan Width": 4,
                    "Actual Startup Time": 0.013,
                    "Actual Total Time": 1320.312,
                    "Actual Rows": 18122172,
                    "Actual Loops": 2
                  },
                  {
                    "Node Type": "Hash",
                    "Parent Relationship": "Inner",
                    "Parallel Aware": true,
                    "Startup Cost": 58306.47,
                    "Total Cost": 58306.47,
                    "Plan Rows": 38919,
                    "Plan Width": 4,
                    "Actual Startup Time": 157.342,
                    "Actual Total Time": 157.343,
                    "Actual Rows": 83840,
                    "Actual Loops": 2,
                    "Hash Buckets": 262144,
                    "Original Hash Buckets": 131072,
                    "Hash Batches": 1,
                    "Original Hash Batches": 1,
                    "Peak Memory Usage": 9664,
                    "Plans": [
                      {
                        "Node Type": "Seq Scan",
                        "Parent Relationship": "Outer",
                        "Parallel Aware": true,
                        "Relation Name": "title",
                        "Alias": "t",
                        "Startup Cost": 0.0,
                        "Total Cost": 58306.47,
                        "Plan Rows": 38919,
                        "Plan Width": 4,
                        "Actual Startup Time": 0.218,
                        "Actual Total Time": 137.746,
                        "Actual Rows": 83840,
                        "Actual Loops": 2,
                        "Filter": "((kind_id < 7) AND (production_year < 1952))",
                        "Rows Removed by Filter": 1180316
                      }
                    ]
                  }
                ]
              }
            ]
          }
        ]
      }
    ]
  },
  "Planning Time": 0.585,
  "Triggers": [],
  "Execution Time": 3736.572
}