[
  {
    "Plan": {
      "Node Type": "Aggregate",
      "Strategy": "Plain",
      "Partial Mode": "Finalize",
      "Parallel Aware": false,
      "Startup Cost": 335117.48,
      "Total Cost": 335117.49,
      "Plan Rows": 1,
      "Plan Width": 8,
      "Actual Startup Time": 685.625,
      "Actual Total Time": 739.68,
      "Actual Rows": 1,
      "Actual Loops": 1,
      "Plans": [
        {
          "Node Type": "Gather",
          "Parent Relationship": "Outer",
          "Parallel Aware": false,
          "Startup Cost": 335116.86,
          "Total Cost": 335117.47,
          "Plan Rows": 6,
          "Plan Width": 8,
          "Actual Startup Time": 685.379,
          "Actual Total Time": 739.671,
          "Actual Rows": 7,
          "Actual Loops": 1,
          "Workers Planned": 6,
          "Workers Launched": 6,
          "Single Copy": false,
          "Plans": [
            {
              "Node Type": "Aggregate",
              "Strategy": "Plain",
              "Partial Mode": "Partial",
              "Parent Relationship": "Outer",
              "Parallel Aware": false,
              "Startup Cost": 334116.86,
              "Total Cost": 334116.87,
              "Plan Rows": 1,
              "Plan Width": 8,
              "Actual Startup Time": 675.218,
              "Actual Total Time": 675.219,
              "Actual Rows": 1,
              "Actual Loops": 7,
              "Plans": [
                {
                  "Node Type": "Seq Scan",
                  "Parent Relationship": "Outer",
                  "Parallel Aware": true,
                  "Relation Name": "cast_info",
                  "Alias": "ci",
                  "Startup Cost": 0.0,
                  "Total Cost": 328162.03,
                  "Plan Rows": 2381933,
                  "Plan Width": 0,
                  "Actual Startup Time": 0.051,
                  "Actual Total Time": 581.451,
                  "Actual Rows": 2042081,
                  "Actual Loops": 7,
                  "Filter": "(person_id < 1407320)",
                  "Rows Removed by Filter": 3135683
                }
              ]
            }
          ]
        }
      ]
    },
    "Planning Time": 0.166,
    "Triggers": [],
    "Execution Time": 739.743
  }
]