[
    {
        "Bao": {
            "Bao prediction": "NaN",
            "Bao recommended hint": "(no hint)"
        }
    },
    {
        "Plan": {
            "Node Type": "Aggregate",
            "Strategy": "Plain",
            "Partial Mode": "Finalize",
            "Parallel Aware": false,
            "Startup Cost": 233626.91,
            "Total Cost": 233626.92,
            "Plan Rows": 1,
            "Plan Width": 8,
            "Actual Startup Time": 2922.583,
            "Actual Total Time": 2977.744,
            "Actual Rows": 1,
            "Actual Loops": 1,
            "Output": [
                "count(*)"
            ],
            "Plans": [
                {
                    "Node Type": "Gather",
                    "Parent Relationship": "Outer",
                    "Parallel Aware": false,
                    "Startup Cost": 233626.59,
                    "Total Cost": 233626.9,
                    "Plan Rows": 3,
                    "Plan Width": 8,
                    "Actual Startup Time": 2897.345,
                    "Actual Total Time": 2977.734,
                    "Actual Rows": 4,
                    "Actual Loops": 1,
                    "Output": [
                        "(PARTIAL count(*))"
                    ],
                    "Workers Planned": 3,
                    "Workers Launched": 3,
                    "Single Copy": false,
                    "Plans": [
                        {
                            "Node Type": "Aggregate",
                            "Strategy": "Plain",
                            "Partial Mode": "Partial",
                            "Parent Relationship": "Outer",
                            "Parallel Aware": false,
                            "Startup Cost": 232626.59,
                            "Total Cost": 232626.6,
                            "Plan Rows": 1,
                            "Plan Width": 8,
                            "Actual Startup Time": 2879.362,
                            "Actual Total Time": 2880.595,
                            "Actual Rows": 1,
                            "Actual Loops": 4,
                            "Output": [
                                "PARTIAL count(*)"
                            ],
                            "Workers": [
                                {
                                    "Worker Number": 0,
                                    "Actual Startup Time": 2872.311,
                                    "Actual Total Time": 2872.324,
                                    "Actual Rows": 1,
                                    "Actual Loops": 1
                                },
                                {
                                    "Worker Number": 1,
                                    "Actual Startup Time": 2872.519,
                                    "Actual Total Time": 2872.523,
                                    "Actual Rows": 1,
                                    "Actual Loops": 1
                                },
                                {
                                    "Worker Number": 2,
                                    "Actual Startup Time": 2875.661,
                                    "Actual Total Time": 2875.665,
                                    "Actual Rows": 1,
                                    "Actual Loops": 1
                                }
                            ],
                            "Plans": [
                                {
                                    "Node Type": "Hash Join",
                                    "Parent Relationship": "Outer",
                                    "Parallel Aware": true,
                                    "Join Type": "Inner",
                                    "Startup Cost": 176626.1,
                                    "Total Cost": 227688.12,
                                    "Plan Rows": 1975388,
                                    "Plan Width": 0,
                                    "Actual Startup Time": 1365.793,
                                    "Actual Total Time": 2409.998,
                                    "Actual Rows": 12096137,
                                    "Actual Loops": 4,
                                    "Inner Unique": false,
                                    "Hash Cond": "(mk.movie_id = t.id)",
                                    "Workers": [
                                        {
                                            "Worker Number": 0,
                                            "Actual Startup Time": 1359.583,
                                            "Actual Total Time": 2401.646,
                                            "Actual Rows": 11883500,
                                            "Actual Loops": 1
                                        },
                                        {
                                            "Worker Number": 1,
                                            "Actual Startup Time": 1359.662,
                                            "Actual Total Time": 2399.937,
                                            "Actual Rows": 12094599,
                                            "Actual Loops": 1
                                        },
                                        {
                                            "Worker Number": 2,
                                            "Actual Startup Time": 1359.724,
                                            "Actual Total Time": 2403.213,
                                            "Actual Rows": 12099615,
                                            "Actual Loops": 1
                                        }
                                    ],
                                    "Plans": [
                                        {
                                            "Node Type": "Seq Scan",
                                            "Parent Relationship": "Outer",
                                            "Parallel Aware": true,
                                            "Relation Name": "movie_keyword",
                                            "Schema": "public",
                                            "Alias": "mk",
                                            "Startup Cost": 0.0,
                                            "Total Cost": 42695.65,
                                            "Plan Rows": 1177491,
                                            "Plan Width": 4,
                                            "Actual Startup Time": 0.082,
                                            "Actual Total Time": 104.121,
                                            "Actual Rows": 914324,
                                            "Actual Loops": 4,
                                            "Output": [
                                                "mk.id",
                                                "mk.movie_id",
                                                "mk.keyword_id"
                                            ],
                                            "Filter": "(mk.keyword_id > 824)",
                                            "Rows Removed by Filter": 216659,
                                            "Workers": [
                                                {
                                                    "Worker Number": 0,
                                                    "Actual Startup Time": 0.028,
                                                    "Actual Total Time": 106.147,
                                                    "Actual Rows": 909199,
                                                    "Actual Loops": 1
                                                },
                                                {
                                                    "Worker Number": 1,
                                                    "Actual Startup Time": 0.122,
                                                    "Actual Total Time": 104.608,
                                                    "Actual Rows": 904972,
                                                    "Actual Loops": 1
                                                },
                                                {
                                                    "Worker Number": 2,
                                                    "Actual Startup Time": 0.11,
                                                    "Actual Total Time": 104.947,
                                                    "Actual Rows": 910713,
                                                    "Actual Loops": 1
                                                }
                                            ]
                                        },
                                        {
                                            "Node Type": "Hash",
                                            "Parent Relationship": "Inner",
                                            "Parallel Aware": true,
                                            "Startup Cost": 166022.16,
                                            "Total Cost": 166022.16,
                                            "Plan Rows": 848315,
                                            "Plan Width": 8,
                                            "Actual Startup Time": 1352.243,
                                            "Actual Total Time": 1353.474,
                                            "Actual Rows": 1080754,
                                            "Actual Loops": 4,
                                            "Output": [
                                                "t.id",
                                                "ci.movie_id"
                                            ],
                                            "Hash Buckets": 8388608,
                                            "Original Hash Buckets": 8388608,
                                            "Hash Batches": 1,
                                            "Original Hash Batches": 1,
                                            "Peak Memory Usage": 234688,
                                            "Workers": [
                                                {
                                                    "Worker Number": 0,
                                                    "Actual Startup Time": 1358.864,
                                                    "Actual Total Time": 1358.876,
                                                    "Actual Rows": 1059266,
                                                    "Actual Loops": 1
                                                },
                                                {
                                                    "Worker Number": 1,
                                                    "Actual Startup Time": 1359.106,
                                                    "Actual Total Time": 1359.109,
                                                    "Actual Rows": 1081243,
                                                    "Actual Loops": 1
                                                },
                                                {
                                                    "Worker Number": 2,
                                                    "Actual Startup Time": 1359.087,
                                                    "Actual Total Time": 1359.09,
                                                    "Actual Rows": 1076432,
                                                    "Actual Loops": 1
                                                }
                                            ],
                                            "Plans": [
                                                {
                                                    "Node Type": "Hash Join",
                                                    "Parent Relationship": "Outer",
                                                    "Parallel Aware": true,
                                                    "Join Type": "Inner",
                                                    "Startup Cost": 50220.37,
                                                    "Total Cost": 166022.16,
                                                    "Plan Rows": 848315,
                                                    "Plan Width": 8,
                                                    "Actual Startup Time": 320.012,
                                                    "Actual Total Time": 957.718,
                                                    "Actual Rows": 1080754,
                                                    "Actual Loops": 4,
                                                    "Output": [
                                                        "t.id",
                                                        "ci.movie_id"
                                                    ],
                                                    "Inner Unique": true,
                                                    "Hash Cond": "(ci.movie_id = t.id)",
                                                    "Workers": [
                                                        {
                                                            "Worker Number": 0,
                                                            "Actual Startup Time": 320.07,
                                                            "Actual Total Time": 958.418,
                                                            "Actual Rows": 1059266,
                                                            "Actual Loops": 1
                                                        },
                                                        {
                                                            "Worker Number": 1,
                                                            "Actual Startup Time": 319.825,
                                                            "Actual Total Time": 958.072,
                                                            "Actual Rows": 1081243,
                                                            "Actual Loops": 1
                                                        },
                                                        {
                                                            "Worker Number": 2,
                                                            "Actual Startup Time": 319.877,
                                                            "Actual Total Time": 957.052,
                                                            "Actual Rows": 1076432,
                                                            "Actual Loops": 1
                                                        }
                                                    ],
                                                    "Plans": [
                                                        {
                                                            "Node Type": "Index Scan",
                                                            "Parent Relationship": "Outer",
                                                            "Parallel Aware": true,
                                                            "Scan Direction": "Forward",
                                                            "Index Name": "role_id_cast_info",
                                                            "Relation Name": "cast_info",
                                                            "Schema": "public",
                                                            "Alias": "ci",
                                                            "Startup Cost": 0.56,
                                                            "Total Cost": 113575.53,
                                                            "Plan Rows": 848315,
                                                            "Plan Width": 4,
                                                            "Actual Startup Time": 0.199,
                                                            "Actual Total Time": 181.092,
                                                            "Actual Rows": 1080754,
                                                            "Actual Loops": 4,
                                                            "Output": [
                                                                "ci.id",
                                                                "ci.person_id",
                                                                "ci.movie_id",
                                                                "ci.person_role_id",
                                                                "ci.note",
                                                                "ci.nr_order",
                                                                "ci.role_id"
                                                            ],
                                                            "Index Cond": "(ci.role_id = 10)",
                                                            "Rows Removed by Index Recheck": 0,
                                                            "Workers": [
                                                                {
                                                                    "Worker Number": 0,
                                                                    "Actual Startup Time": 0.264,
                                                                    "Actual Total Time": 182.942,
                                                                    "Actual Rows": 1059266,
                                                                    "Actual Loops": 1
                                                                },
                                                                {
                                                                    "Worker Number": 1,
                                                                    "Actual Startup Time": 0.091,
                                                                    "Actual Total Time": 189.391,
                                                                    "Actual Rows": 1081243,
                                                                    "Actual Loops": 1
                                                                },
                                                                {
                                                                    "Worker Number": 2,
                                                                    "Actual Startup Time": 0.117,
                                                                    "Actual Total Time": 188.535,
                                                                    "Actual Rows": 1076432,
                                                                    "Actual Loops": 1
                                                                }
                                                            ]
                                                        },
                                                        {
                                                            "Node Type": "Hash",
                                                            "Parent Relationship": "Inner",
                                                            "Parallel Aware": true,
                                                            "Startup Cost": 42318.81,
                                                            "Total Cost": 42318.81,
                                                            "Plan Rows": 632080,
                                                            "Plan Width": 4,
                                                            "Actual Startup Time": 313.975,
                                                            "Actual Total Time": 313.979,
                                                            "Actual Rows": 632078,
                                                            "Actual Loops": 4,
                                                            "Output": [
                                                                "t.id"
                                                            ],
                                                            "Hash Buckets": 4194304,
                                                            "Original Hash Buckets": 4194304,
                                                            "Hash Batches": 1,
                                                            "Original Hash Batches": 1,
                                                            "Peak Memory Usage": 131744,
                                                            "Workers": [
                                                                {
                                                                    "Worker Number": 0,
                                                                    "Actual Startup Time": 319.692,
                                                                    "Actual Total Time": 319.701,
                                                                    "Actual Rows": 594124,
                                                                    "Actual Loops": 1
                                                                },
                                                                {
                                                                    "Worker Number": 1,
                                                                    "Actual Startup Time": 319.682,
                                                                    "Actual Total Time": 319.683,
                                                                    "Actual Rows": 597582,
                                                                    "Actual Loops": 1
                                                                },
                                                                {
                                                                    "Worker Number": 2,
                                                                    "Actual Startup Time": 319.658,
                                                                    "Actual Total Time": 319.659,
                                                                    "Actual Rows": 596960,
                                                                    "Actual Loops": 1
                                                                }
                                                            ],
                                                            "Plans": [
                                                                {
                                                                    "Node Type": "Seq Scan",
                                                                    "Parent Relationship": "Outer",
                                                                    "Parallel Aware": true,
                                                                    "Relation Name": "title",
                                                                    "Schema": "public",
                                                                    "Alias": "t",
                                                                    "Startup Cost": 0.0,
                                                                    "Total Cost": 42318.81,
                                                                    "Plan Rows": 632080,
                                                                    "Plan Width": 4,
                                                                    "Actual Startup Time": 0.045,
                                                                    "Actual Total Time": 87.23,
                                                                    "Actual Rows": 632078,
                                                                    "Actual Loops": 4,
                                                                    "Output": [
                                                                        "t.id"
                                                                    ],
                                                                    "Workers": [
                                                                        {
                                                                            "Worker Number": 0,
                                                                            "Actual Startup Time": 0.046,
                                                                            "Actual Total Time": 91.159,
                                                                            "Actual Rows": 594124,
                                                                            "Actual Loops": 1
                                                                        },
                                                                        {
                                                                            "Worker Number": 1,
                                                                            "Actual Startup Time": 0.066,
                                                                            "Actual Total Time": 91.094,
                                                                            "Actual Rows": 597582,
                                                                            "Actual Loops": 1
                                                                        },
                                                                        {
                                                                            "Worker Number": 2,
                                                                            "Actual Startup Time": 0.053,
                                                                            "Actual Total Time": 90.509,
                                                                            "Actual Rows": 596960,
                                                                            "Actual Loops": 1
                                                                        }
                                                                    ]
                                                                }
                                                            ]
                                                        }
                                                    ]
                                                }
                                            ]
                                        }
                                    ]
                                }
                            ]
                        }
                    ]
                }
            ]
        },
        "Planning Time": 191.895,
        "Triggers": [],
        "Execution Time": 2977.862
    }
]