[
  {
    "Plan": {
      "Node Type": "Aggregate",
      "Strategy": "Plain",
      "Partial Mode": "Finalize",
      "Parallel Aware": false,
      "Startup Cost": 114207.28,
      "Total Cost": 114207.29,
      "Plan Rows": 1,
      "Plan Width": 8,
      "Actual Startup Time": 555.894,
      "Actual Total Time": 577.738,
      "Actual Rows": 1,
      "Actual Loops": 1,
      "Plans": [
        {
          "Node Type": "Gather",
          "Parent Relationship": "Outer",
          "Parallel Aware": false,
          "Startup Cost": 114206.96,
          "Total Cost": 114207.27,
          "Plan Rows": 3,
          "Plan Width": 8,
          "Actual Startup Time": 542.206,
          "Actual Total Time": 577.726,
          "Actual Rows": 4,
          "Actual Loops": 1,
          "Workers Planned": 3,
          "Workers Launched": 3,
          "Single Copy": false,
          "Plans": [
            {
              "Node Type": "Aggregate",
              "Strategy": "Plain",
              "Partial Mode": "Partial",
              "Parent Relationship": "Outer",
              "Parallel Aware": false,
              "Startup Cost": 113206.96,
              "Total Cost": 113206.97,
              "Plan Rows": 1,
              "Plan Width": 8,
              "Actual Startup Time": 530.443,
              "Actual Total Time": 530.45,
              "Actual Rows": 1,
              "Actual Loops": 4,
              "Plans": [
                {
                  "Node Type": "Hash Join",
                  "Parent Relationship": "Outer",
                  "Parallel Aware": true,
                  "Join Type": "Inner",
                  "Startup Cost": 82399.31,
                  "Total Cost": 113134.93,
                  "Plan Rows": 28815,
                  "Plan Width": 0,
                  "Actual Startup Time": 420.628,
                  "Actual Total Time": 525.011,
                  "Actual Rows": 121088,
                  "Actual Loops": 4,
                  "Inner Unique": false,
                  "Hash Cond": "(mc.movie_id = t.id)",
                  "Plans": [
                    {
                      "Node Type": "Seq Scan",
                      "Parent Relationship": "Outer",
                      "Parallel Aware": true,
                      "Relation Name": "movie_companies",
                      "Alias": "mc",
                      "Startup Cost": 0.0,
                      "Total Cost": 29310.68,
                      "Plan Rows": 355196,
                      "Plan Width": 4,
                      "Actual Startup Time": 10.444,
                      "Actual Total Time": 70.188,
                      "Actual Rows": 273768,
                      "Actual Loops": 4,
                      "Filter": "(company_id > 14137)",
                      "Rows Removed by Filter": 378514
                    },
                    {
                      "Node Type": "Hash",
                      "Parent Relationship": "Inner",
                      "Parallel Aware": true,
                      "Startup Cost": 81572.25,
                      "Total Cost": 81572.25,
                      "Plan Rows": 66165,
                      "Plan Width": 8,
                      "Actual Startup Time": 407.85,
                      "Actual Total Time": 407.855,
                      "Actual Rows": 42768,
                      "Actual Loops": 4,
                      "Hash Buckets": 262144,
                      "Original Hash Buckets": 262144,
                      "Hash Batches": 1,
                      "Original Hash Batches": 1,
                      "Peak Memory Usage": 8832,
                      "Plans": [
                        {
                          "Node Type": "Hash Join",
                          "Parent Relationship": "Outer",
                          "Parallel Aware": true,
                          "Join Type": "Inner",
                          "Startup Cost": 55661.31,
                          "Total Cost": 81572.25,
                          "Plan Rows": 66165,
                          "Plan Width": 8,
                          "Actual Startup Time": 314.435,
                          "Actual Total Time": 389.518,
                          "Actual Rows": 42768,
                          "Actual Loops": 4,
                          "Inner Unique": true,
                          "Hash Cond": "(mk.movie_id = t.id)",
                          "Plans": [
                            {
                              "Node Type": "Bitmap Heap Scan",
                              "Parent Relationship": "Outer",
                              "Parallel Aware": true,
                              "Relation Name": "movie_keyword",
                              "Alias": "mk",
                              "Startup Cost": 6334.68,
                              "Total Cost": 31992.77,
                              "Plan Rows": 96327,
                              "Plan Width": 4,
                              "Actual Startup Time": 21.677,
                              "Actual Total Time": 68.159,
                              "Actual Rows": 75680,
                              "Actual Loops": 4,
                              "Recheck Cond": "(keyword_id > 53591)",
                              "Rows Removed by Index Recheck": 0,
                              "Exact Heap Blocks": 7205,
                              "Lossy Heap Blocks": 0,
                              "Plans": [
                                {
                                  "Node Type": "Bitmap Index Scan",
                                  "Parent Relationship": "Outer",
                                  "Parallel Aware": false,
                                  "Index Name": "keyword_id_movie_keyword",
                                  "Startup Cost": 0.0,
                                  "Total Cost": 6260.03,
                                  "Plan Rows": 298613,
                                  "Plan Width": 0,
                                  "Actual Startup Time": 18.315,
                                  "Actual Total Time": 18.316,
                                  "Actual Rows": 302720,
                                  "Actual Loops": 1,
                                  "Index Cond": "(keyword_id > 53591)"
                                }
                              ]
                            },
                            {
                              "Node Type": "Hash",
                              "Parent Relationship": "Inner",
                              "Parallel Aware": true,
                              "Startup Cost": 43899.32,
                              "Total Cost": 43899.32,
                              "Plan Rows": 434184,
                              "Plan Width": 4,
                              "Actual Startup Time": 286.974,
                              "Actual Total Time": 286.975,
                              "Actual Rows": 431308,
                              "Actual Loops": 4,
                              "Hash Buckets": 2097152,
                              "Original Hash Buckets": 2097152,
                              "Hash Batches": 1,
                              "Original Hash Batches": 1,
                              "Peak Memory Usage": 83936,
                              "Plans": [
                                {
                                  "Node Type": "Seq Scan",
                                  "Parent Relationship": "Outer",
                                  "Parallel Aware": true,
                                  "Relation Name": "title",
                                  "Alias": "t",
                                  "Startup Cost": 0.0,
                                  "Total Cost": 43899.32,
                                  "Plan Rows": 434184,
                                  "Plan Width": 4,
                                  "Actual Startup Time": 0.052,
                                  "Actual Total Time": 117.546,
                                  "Actual Rows": 431308,
                                  "Actual Loops": 4,
                                  "Filter": "(production_year > 1991)",
                                  "Rows Removed by Filter": 200770
                                }
                              ]
                            }
                          ]
                        }
                      ]
                    }
                  ]
                }
              ]
            }
          ]
        }
      ]
    },
    "Planning Time": 1.028,
    "Triggers": [],
    "Execution Time": 577.836
  }
]