[
  {
    "Plan": {
      "Node Type": "Aggregate",
      "Strategy": "Plain",
      "Partial Mode": "Finalize",
      "Parallel Aware": false,
      "Startup Cost": 46623.16,
      "Total Cost": 46623.17,
      "Plan Rows": 1,
      "Plan Width": 8,
      "Actual Startup Time": 169.768,
      "Actual Total Time": 179.008,
      "Actual Rows": 1,
      "Actual Loops": 1,
      "Plans": [
        {
          "Node Type": "Gather",
          "Parent Relationship": "Outer",
          "Parallel Aware": false,
          "Startup Cost": 46622.84,
          "Total Cost": 46623.15,
          "Plan Rows": 3,
          "Plan Width": 8,
          "Actual Startup Time": 169.676,
          "Actual Total Time": 178.994,
          "Actual Rows": 4,
          "Actual Loops": 1,
          "Workers Planned": 3,
          "Workers Launched": 3,
          "Single Copy": false,
          "Plans": [
            {
              "Node Type": "Aggregate",
              "Strategy": "Plain",
              "Partial Mode": "Partial",
              "Parent Relationship": "Outer",
              "Parallel Aware": false,
              "Startup Cost": 45622.84,
              "Total Cost": 45622.85,
              "Plan Rows": 1,
              "Plan Width": 8,
              "Actual Startup Time": 164.155,
              "Actual Total Time": 164.156,
              "Actual Rows": 1,
              "Actual Loops": 4,
              "Plans": [
                {
                  "Node Type": "Seq Scan",
                  "Parent Relationship": "Outer",
                  "Parallel Aware": true,
                  "Relation Name": "movie_keyword",
                  "Alias": "mk",
                  "Startup Cost": 0.0,
                  "Total Cost": 42695.65,
                  "Plan Rows": 1170875,
                  "Plan Width": 0,
                  "Actual Startup Time": 0.042,
                  "Actual Total Time": 122.216,
                  "Actual Rows": 908506,
                  "Actual Loops": 4,
                  "Filter": "(keyword_id < 20722)",
                  "Rows Removed by Filter": 222476
                }
              ]
            }
          ]
        }
      ]
    },
    "Planning Time": 0.158,
    "Triggers": [],
    "Execution Time": 179.068
  }
]