{
  "Plan": {
    "Node Type": "Aggregate",
    "Strategy": "Plain",
    "Partial Mode": "Finalize",
    "Parallel Aware": false,
    "Startup Cost": 116344.95,
    "Total Cost": 116344.96,
    "Plan Rows": 1,
    "Plan Width": 8,
    "Actual Startup Time": 520.628,
    "Actual Total Time": 531.951,
    "Actual Rows": 1,
    "Actual Loops": 1,
    "Plans": [
      {
        "Node Type": "Gather",
        "Parent Relationship": "Outer",
        "Parallel Aware": false,
        "Startup Cost": 116344.84,
        "Total Cost": 116344.95,
        "Plan Rows": 1,
        "Plan Width": 8,
        "Actual Startup Time": 519.764,
        "Actual Total Time": 531.945,
        "Actual Rows": 2,
        "Actual Loops": 1,
        "Workers Planned": 1,
        "Workers Launched": 1,
        "Single Copy": false,
        "Plans": [
          {
            "Node Type": "Aggregate",
            "Strategy": "Plain",
            "Partial Mode": "Partial",
            "Parent Relationship": "Outer",
            "Parallel Aware": false,
            "Startup Cost": 115344.84,
            "Total Cost": 115344.85,
            "Plan Rows": 1,
            "Plan Width": 8,
            "Actual Startup Time": 513.803,
            "Actual Total Time": 513.807,
            "Actual Rows": 1,
            "Actual Loops": 2,
            "Plans": [
              {
                "Node Type": "Nested Loop",
                "Parent Relationship": "Outer",
                "Parallel Aware": false,
                "Join Type": "Inner",
                "Startup Cost": 67788.03,
                "Total Cost": 115305.22,
                "Plan Rows": 15849,
                "Plan Width": 0,
                "Actual Startup Time": 191.061,
                "Actual Total Time": 503.054,
                "Actual Rows": 229662,
                "Actual Loops": 2,
                "Inner Unique": false,
                "Join Filter": "(t.id = mi_idx.movie_id)",
                "Rows Removed by Join Filter": 0,
                "Plans": [
                  {
                    "Node Type": "Hash Join",
                    "Parent Relationship": "Outer",
                    "Parallel Aware": true,
                    "Join Type": "Inner",
                    "Startup Cost": 67787.6,
                    "Total Cost": 97486.19,
                    "Plan Rows": 29036,
                    "Plan Width": 8,
                    "Actual Startup Time": 190.969,
                    "Actual Total Time": 300.207,
                    "Actual Rows": 96395,
                    "Actual Loops": 2,
                    "Inner Unique": true,
                    "Hash Cond": "(mk.movie_id = t.id)",
                    "Plans": [
                      {
                        "Node Type": "Bitmap Heap Scan",
                        "Parent Relationship": "Outer",
                        "Parallel Aware": true,
                        "Relation Name": "movie_keyword",
                        "Alias": "mk",
                        "Startup Cost": 12504.86,
                        "Total Cost": 41293.24,
                        "Plan Rows": 346750,
                        "Plan Width": 4,
                        "Actual Startup Time": 30.583,
                        "Actual Total Time": 100.941,
                        "Actual Rows": 301525,
                        "Actual Loops": 2,
                        "Recheck Cond": "(keyword_id < 449)",
                        "Rows Removed by Index Recheck": 0,
                        "Exact Heap Blocks": 13622,
                        "Lossy Heap Blocks": 0,
                        "Plans": [
                          {
                            "Node Type": "Bitmap Index Scan",
                            "Parent Relationship": "Outer",
                            "Parallel Aware": false,
                            "Index Name": "keyword_id_movie_keyword",
                            "Startup Cost": 0.0,
                            "Total Cost": 12357.5,
                            "Plan Rows": 589475,
                            "Plan Width": 0,
                            "Actual Startup Time": 26.882,
                            "Actual Total Time": 26.882,
                            "Actual Rows": 603050,
                            "Actual Loops": 1,
                            "Index Cond": "(keyword_id < 449)"
                          }
                        ]
                      },
                      {
                        "Node Type": "Hash",
                        "Parent Relationship": "Inner",
                        "Parallel Aware": true,
                        "Startup Cost": 53726.04,
                        "Total Cost": 53726.04,
                        "Plan Rows": 124536,
                        "Plan Width": 4,
                        "Actual Startup Time": 131.911,
                        "Actual Total Time": 131.912,
                        "Actual Rows": 170813,
                        "Actual Loops": 2,
                        "Hash Buckets": 524288,
                        "Original Hash Buckets": 262144,
                        "Hash Batches": 1,
                        "Original Hash Batches": 1,
                        "Peak Memory Usage": 19520,
                        "Plans": [
                          {
                            "Node Type": "Bitmap Heap Scan",
                            "Parent Relationship": "Outer",
                            "Parallel Aware": true,
                            "Relation Name": "title",
                            "Alias": "t",
                            "Startup Cost": 11875.78,
                            "Total Cost": 53726.04,
                            "Plan Rows": 124536,
                            "Plan Width": 4,
                            "Actual Startup Time": 27.299,
                            "Actual Total Time": 91.814,
                            "Actual Rows": 170813,
                            "Actual Loops": 2,
                            "Recheck Cond": "(kind_id = 1)",
                            "Rows Removed by Index Recheck": 0,
                            "Filter": "(production_year < 1995)",
                            "Rows Removed by Filter": 160600,
                            "Exact Heap Blocks": 8291,
                            "Lossy Heap Blocks": 0,
                            "Plans": [
                              {
                                "Node Type": "Bitmap Index Scan",
                                "Parent Relationship": "Outer",
                                "Parallel Aware": false,
                                "Index Name": "kind_id_title",
                                "Startup Cost": 0.0,
                                "Total Cost": 11822.85,
                                "Plan Rows": 663256,
                                "Plan Width": 0,
                                "Actual Startup Time": 29.827,
                                "Actual Total Time": 29.827,
                                "Actual Rows": 662825,
                                "Actual Loops": 1,
                                "Index Cond": "(kind_id = 1)"
                              }
                            ]
                          }
                        ]
                      }
                    ]
                  },
                  {
                    "Node Type": "Index Only Scan",
                    "Parent Relationship": "Inner",
                    "Parallel Aware": false,
                    "Scan Direction": "Forward",
                    "Index Name": "movie_id_movie_info_idx",
                    "Relation Name": "movie_info_idx",
                    "Alias": "mi_idx",
                    "Startup Cost": 0.43,
                    "Total Cost": 0.58,
                    "Plan Rows": 3,
                    "Plan Width": 4,
                    "Actual Startup Time": 0.001,
                    "Actual Total Time": 0.002,
                    "Actual Rows": 2,
                    "Actual Loops": 192790,
                    "Index Cond": "(movie_id = mk.movie_id)",
                    "Rows Removed by Index Recheck": 0,
                    "Heap Fetches": 459325
                  }
                ]
              }
            ]
          }
        ]
      }
    ]
  },
  "Planning Time": 0.503,
  "Triggers": [],
  "Execution Time": 532.016
}