[
  {
    "Plan": {
      "Node Type": "Aggregate",
      "Strategy": "Plain",
      "Partial Mode": "Simple",
      "Parallel Aware": false,
      "Startup Cost": 24658.98,
      "Total Cost": 24658.99,
      "Plan Rows": 1,
      "Plan Width": 8,
      "Actual Startup Time": 12.846,
      "Actual Total Time": 12.846,
      "Actual Rows": 1,
      "Actual Loops": 1,
      "Plans": [
        {
          "Node Type": "Bitmap Heap Scan",
          "Parent Relationship": "Outer",
          "Parallel Aware": false,
          "Relation Name": "movie_keyword",
          "Alias": "mk",
          "Startup Cost": 402.43,
          "Total Cost": 24611.88,
          "Plan Rows": 18839,
          "Plan Width": 0,
          "Actual Startup Time": 1.977,
          "Actual Total Time": 11.927,
          "Actual Rows": 17503,
          "Actual Loops": 1,
          "Recheck Cond": "(keyword_id > 119181)",
          "Rows Removed by Index Recheck": 0,
          "Exact Heap Blocks": 5370,
          "Lossy Heap Blocks": 0,
          "Plans": [
            {
              "Node Type": "Bitmap Index Scan",
              "Parent Relationship": "Outer",
              "Parallel Aware": false,
              "Index Name": "keyword_id_movie_keyword",
              "Startup Cost": 0.0,
              "Total Cost": 397.73,
              "Plan Rows": 18839,
              "Plan Width": 0,
              "Actual Startup Time": 1.225,
              "Actual Total Time": 1.226,
              "Actual Rows": 17503,
              "Actual Loops": 1,
              "Index Cond": "(keyword_id > 119181)"
            }
          ]
        }
      ]
    },
    "Planning Time": 0.111,
    "Triggers": [],
    "Execution Time": 12.869
  }
]