[
  {
    "Plan": {
      "Node Type": "Aggregate",
      "Strategy": "Plain",
      "Partial Mode": "Finalize",
      "Parallel Aware": false,
      "Startup Cost": 30814.92,
      "Total Cost": 30814.93,
      "Plan Rows": 1,
      "Plan Width": 8,
      "Actual Startup Time": 91.714,
      "Actual Total Time": 99.536,
      "Actual Rows": 1,
      "Actual Loops": 1,
      "Plans": [
        {
          "Node Type": "Gather",
          "Parent Relationship": "Outer",
          "Parallel Aware": false,
          "Startup Cost": 30814.61,
          "Total Cost": 30814.92,
          "Plan Rows": 3,
          "Plan Width": 8,
          "Actual Startup Time": 91.648,
          "Actual Total Time": 99.528,
          "Actual Rows": 4,
          "Actual Loops": 1,
          "Workers Planned": 3,
          "Workers Launched": 3,
          "Single Copy": false,
          "Plans": [
            {
              "Node Type": "Aggregate",
              "Strategy": "Plain",
              "Partial Mode": "Partial",
              "Parent Relationship": "Outer",
              "Parallel Aware": false,
              "Startup Cost": 29814.61,
              "Total Cost": 29814.62,
              "Plan Rows": 1,
              "Plan Width": 8,
              "Actual Startup Time": 85.406,
              "Actual Total Time": 85.407,
              "Actual Rows": 1,
              "Actual Loops": 4,
              "Plans": [
                {
                  "Node Type": "Seq Scan",
                  "Parent Relationship": "Outer",
                  "Parallel Aware": true,
                  "Relation Name": "movie_companies",
                  "Alias": "mc",
                  "Startup Cost": 0.0,
                  "Total Cost": 29310.68,
                  "Plan Rows": 201570,
                  "Plan Width": 0,
                  "Actual Startup Time": 37.316,
                  "Actual Total Time": 77.994,
                  "Actual Rows": 159248,
                  "Actual Loops": 4,
                  "Filter": "(company_id > 57869)",
                  "Rows Removed by Filter": 493034
                }
              ]
            }
          ]
        }
      ]
    },
    "Planning Time": 0.158,
    "Triggers": [],
    "Execution Time": 99.585
  }
]