[
  {
    "Plan": {
      "Node Type": "Aggregate",
      "Strategy": "Plain",
      "Partial Mode": "Finalize",
      "Parallel Aware": false,
      "Startup Cost": 46800.43,
      "Total Cost": 46800.44,
      "Plan Rows": 1,
      "Plan Width": 8,
      "Actual Startup Time": 98.031,
      "Actual Total Time": 111.044,
      "Actual Rows": 1,
      "Actual Loops": 1,
      "Plans": [
        {
          "Node Type": "Gather",
          "Parent Relationship": "Outer",
          "Parallel Aware": false,
          "Startup Cost": 46800.01,
          "Total Cost": 46800.42,
          "Plan Rows": 4,
          "Plan Width": 8,
          "Actual Startup Time": 97.764,
          "Actual Total Time": 111.035,
          "Actual Rows": 5,
          "Actual Loops": 1,
          "Workers Planned": 4,
          "Workers Launched": 4,
          "Single Copy": false,
          "Plans": [
            {
              "Node Type": "Aggregate",
              "Strategy": "Plain",
              "Partial Mode": "Partial",
              "Parent Relationship": "Outer",
              "Parallel Aware": false,
              "Startup Cost": 45800.01,
              "Total Cost": 45800.02,
              "Plan Rows": 1,
              "Plan Width": 8,
              "Actual Startup Time": 89.76,
              "Actual Total Time": 89.761,
              "Actual Rows": 1,
              "Actual Loops": 5,
              "Plans": [
                {
                  "Node Type": "Seq Scan",
                  "Parent Relationship": "Outer",
                  "Parallel Aware": true,
                  "Relation Name": "title",
                  "Alias": "t",
                  "Startup Cost": 0.0,
                  "Total Cost": 45479.1,
                  "Plan Rows": 128366,
                  "Plan Width": 0,
                  "Actual Startup Time": 44.137,
                  "Actual Total Time": 86.538,
                  "Actual Rows": 77315,
                  "Actual Loops": 5,
                  "Filter": "((kind_id < 2) AND (production_year > 1979))",
                  "Rows Removed by Filter": 428347
                }
              ]
            }
          ]
        }
      ]
    },
    "Planning Time": 0.181,
    "Triggers": [],
    "Execution Time": 111.104
  }
]