[
  {
    "Plan": {
      "Node Type": "Aggregate",
      "Strategy": "Plain",
      "Partial Mode": "Finalize",
      "Parallel Aware": false,
      "Startup Cost": 272391.28,
      "Total Cost": 272391.29,
      "Plan Rows": 1,
      "Plan Width": 8,
      "Actual Startup Time": 543.28,
      "Actual Total Time": 561.672,
      "Actual Rows": 1,
      "Actual Loops": 1,
      "Plans": [
        {
          "Node Type": "Gather",
          "Parent Relationship": "Outer",
          "Parallel Aware": false,
          "Startup Cost": 272390.96,
          "Total Cost": 272391.27,
          "Plan Rows": 3,
          "Plan Width": 8,
          "Actual Startup Time": 537.131,
          "Actual Total Time": 561.661,
          "Actual Rows": 4,
          "Actual Loops": 1,
          "Workers Planned": 3,
          "Workers Launched": 3,
          "Single Copy": false,
          "Plans": [
            {
              "Node Type": "Aggregate",
              "Strategy": "Plain",
              "Partial Mode": "Partial",
              "Parent Relationship": "Outer",
              "Parallel Aware": false,
              "Startup Cost": 271390.96,
              "Total Cost": 271390.97,
              "Plan Rows": 1,
              "Plan Width": 8,
              "Actual Startup Time": 523.737,
              "Actual Total Time": 523.744,
              "Actual Rows": 1,
              "Actual Loops": 4,
              "Plans": [
                {
                  "Node Type": "Hash Join",
                  "Parent Relationship": "Outer",
                  "Parallel Aware": true,
                  "Join Type": "Inner",
                  "Startup Cost": 225980.41,
                  "Total Cost": 271172.77,
                  "Plan Rows": 87276,
                  "Plan Width": 0,
                  "Actual Startup Time": 385.117,
                  "Actual Total Time": 522.02,
                  "Actual Rows": 41650,
                  "Actual Loops": 4,
                  "Inner Unique": false,
                  "Hash Cond": "(mk.movie_id = t.id)",
                  "Plans": [
                    {
                      "Node Type": "Seq Scan",
                      "Parent Relationship": "Outer",
                      "Parallel Aware": true,
                      "Relation Name": "movie_keyword",
                      "Alias": "mk",
                      "Startup Cost": 0.0,
                      "Total Cost": 42695.65,
                      "Plan Rows": 619241,
                      "Plan Width": 4,
                      "Actual Startup Time": 0.404,
                      "Actual Total Time": 96.078,
                      "Actual Rows": 477012,
                      "Actual Loops": 4,
                      "Filter": "(keyword_id > 7078)",
                      "Rows Removed by Filter": 653970
                    },
                    {
                      "Node Type": "Hash",
                      "Parent Relationship": "Inner",
                      "Parallel Aware": true,
                      "Startup Cost": 225089.51,
                      "Total Cost": 225089.51,
                      "Plan Rows": 71272,
                      "Plan Width": 8,
                      "Actual Startup Time": 382.383,
                      "Actual Total Time": 382.388,
                      "Actual Rows": 41000,
                      "Actual Loops": 4,
                      "Hash Buckets": 524288,
                      "Original Hash Buckets": 524288,
                      "Hash Batches": 1,
                      "Original Hash Batches": 1,
                      "Peak Memory Usage": 10560,
                      "Plans": [
                        {
                          "Node Type": "Hash Join",
                          "Parent Relationship": "Outer",
                          "Parallel Aware": true,
                          "Join Type": "Inner",
                          "Startup Cost": 61222.29,
                          "Total Cost": 225089.51,
                          "Plan Rows": 71272,
                          "Plan Width": 8,
                          "Actual Startup Time": 283.952,
                          "Actual Total Time": 362.364,
                          "Actual Rows": 41000,
                          "Actual Loops": 4,
                          "Inner Unique": true,
                          "Hash Cond": "(mi.movie_id = t.id)",
                          "Plans": [
                            {
                              "Node Type": "Bitmap Heap Scan",
                              "Parent Relationship": "Outer",
                              "Parallel Aware": true,
                              "Relation Name": "movie_info",
                              "Alias": "mi",
                              "Startup Cost": 11198.16,
                              "Total Cost": 174740.1,
                              "Plan Rows": 123915,
                              "Plan Width": 4,
                              "Actual Startup Time": 24.576,
                              "Actual Total Time": 50.77,
                              "Actual Rows": 165231,
                              "Actual Loops": 4,
                              "Recheck Cond": "(info_type_id = 18)",
                              "Rows Removed by Index Recheck": 0,
                              "Exact Heap Blocks": 1857,
                              "Lossy Heap Blocks": 0,
                              "Plans": [
                                {
                                  "Node Type": "Bitmap Index Scan",
                                  "Parent Relationship": "Outer",
                                  "Parallel Aware": false,
                                  "Index Name": "info_type_id_movie_info",
                                  "Startup Cost": 0.0,
                                  "Total Cost": 11043.26,
                                  "Plan Rows": 619577,
                                  "Plan Width": 0,
                                  "Actual Startup Time": 23.631,
                                  "Actual Total Time": 23.632,
                                  "Actual Rows": 660923,
                                  "Actual Loops": 1,
                                  "Index Cond": "(info_type_id = 18)"
                                }
                              ]
                            },
                            {
                              "Node Type": "Hash",
                              "Parent Relationship": "Inner",
                              "Parallel Aware": true,
                              "Startup Cost": 45479.59,
                              "Total Cost": 45479.59,
                              "Plan Rows": 363564,
                              "Plan Width": 4,
                              "Actual Startup Time": 254.835,
                              "Actual Total Time": 254.836,
                              "Actual Rows": 359546,
                              "Actual Loops": 4,
                              "Hash Buckets": 2097152,
                              "Original Hash Buckets": 2097152,
                              "Hash Batches": 1,
                              "Original Hash Batches": 1,
                              "Peak Memory Usage": 72704,
                              "Plans": [
                                {
                                  "Node Type": "Seq Scan",
                                  "Parent Relationship": "Outer",
                                  "Parallel Aware": true,
                                  "Relation Name": "title",
                                  "Alias": "t",
                                  "Startup Cost": 0.0,
                                  "Total Cost": 45479.59,
                                  "Plan Rows": 363564,
                                  "Plan Width": 4,
                                  "Actual Startup Time": 0.05,
                                  "Actual Total Time": 117.972,
                                  "Actual Rows": 359546,
                                  "Actual Loops": 4,
                                  "Filter": "((production_year < 2013) AND (kind_id = 7))",
                                  "Rows Removed by Filter": 272532
                                }
                              ]
                            }
                          ]
                        }
                      ]
                    }
                  ]
                }
              ]
            }
          ]
        }
      ]
    },
    "Planning Time": 0.99,
    "Triggers": [],
    "Execution Time": 561.754
  }
]