[
  {
    "Plan": {
      "Node Type": "Aggregate",
      "Strategy": "Plain",
      "Partial Mode": "Finalize",
      "Parallel Aware": false,
      "Startup Cost": 350919.52,
      "Total Cost": 350919.53,
      "Plan Rows": 1,
      "Plan Width": 8,
      "Actual Startup Time": 753.009,
      "Actual Total Time": 811.83,
      "Actual Rows": 1,
      "Actual Loops": 1,
      "Plans": [
        {
          "Node Type": "Gather",
          "Parent Relationship": "Outer",
          "Parallel Aware": false,
          "Startup Cost": 350918.89,
          "Total Cost": 350919.5,
          "Plan Rows": 6,
          "Plan Width": 8,
          "Actual Startup Time": 752.848,
          "Actual Total Time": 811.819,
          "Actual Rows": 7,
          "Actual Loops": 1,
          "Workers Planned": 6,
          "Workers Launched": 6,
          "Single Copy": false,
          "Plans": [
            {
              "Node Type": "Aggregate",
              "Strategy": "Plain",
              "Partial Mode": "Partial",
              "Parent Relationship": "Outer",
              "Parallel Aware": false,
              "Startup Cost": 349918.89,
              "Total Cost": 349918.9,
              "Plan Rows": 1,
              "Plan Width": 8,
              "Actual Startup Time": 743.413,
              "Actual Total Time": 743.414,
              "Actual Rows": 1,
              "Actual Loops": 7,
              "Plans": [
                {
                  "Node Type": "Seq Scan",
                  "Parent Relationship": "Outer",
                  "Parallel Aware": true,
                  "Relation Name": "cast_info",
                  "Alias": "ci",
                  "Startup Cost": 0.0,
                  "Total Cost": 343257.03,
                  "Plan Rows": 2664745,
                  "Plan Width": 0,
                  "Actual Startup Time": 231.529,
                  "Actual Total Time": 668.426,
                  "Actual Rows": 1683406,
                  "Actual Loops": 7,
                  "Filter": "((person_id < 2512593) AND (role_id > 1))",
                  "Rows Removed by Filter": 3494358
                }
              ]
            }
          ]
        }
      ]
    },
    "Planning Time": 0.22,
    "Triggers": [],
    "Execution Time": 811.902
  }
]