[
    {
        "Bao": {
            "Bao prediction": 2630.07,
            "Bao recommended hint": "SET enable_nestloop TO off; "
        }
    },
    {
        "Plan": {
            "Node Type": "Aggregate",
            "Strategy": "Plain",
            "Partial Mode": "Finalize",
            "Parallel Aware": false,
            "Startup Cost": 767152.62,
            "Total Cost": 767152.63,
            "Plan Rows": 1,
            "Plan Width": 64,
            "Actual Startup Time": 5684.489,
            "Actual Total Time": 5945.159,
            "Actual Rows": 1,
            "Actual Loops": 1,
            "Output": [
                "min(n.name)",
                "min(t.title)"
            ],
            "Plans": [
                {
                    "Node Type": "Gather",
                    "Parent Relationship": "Outer",
                    "Parallel Aware": false,
                    "Startup Cost": 767152.3,
                    "Total Cost": 767152.61,
                    "Plan Rows": 3,
                    "Plan Width": 64,
                    "Actual Startup Time": 5582.205,
                    "Actual Total Time": 5945.136,
                    "Actual Rows": 4,
                    "Actual Loops": 1,
                    "Output": [
                        "(PARTIAL min(n.name))",
                        "(PARTIAL min(t.title))"
                    ],
                    "Workers Planned": 3,
                    "Workers Launched": 3,
                    "Single Copy": false,
                    "Plans": [
                        {
                            "Node Type": "Aggregate",
                            "Strategy": "Plain",
                            "Partial Mode": "Partial",
                            "Parent Relationship": "Outer",
                            "Parallel Aware": false,
                            "Startup Cost": 766152.3,
                            "Total Cost": 766152.31,
                            "Plan Rows": 1,
                            "Plan Width": 64,
                            "Actual Startup Time": 5570.921,
                            "Actual Total Time": 5574.582,
                            "Actual Rows": 1,
                            "Actual Loops": 4,
                            "Output": [
                                "PARTIAL min(n.name)",
                                "PARTIAL min(t.title)"
                            ],
                            "Workers": [
                                {
                                    "Worker Number": 0,
                                    "Actual Startup Time": 5565.789,
                                    "Actual Total Time": 5565.823,
                                    "Actual Rows": 1,
                                    "Actual Loops": 1
                                },
                                {
                                    "Worker Number": 1,
                                    "Actual Startup Time": 5566.684,
                                    "Actual Total Time": 5566.713,
                                    "Actual Rows": 1,
                                    "Actual Loops": 1
                                },
                                {
                                    "Worker Number": 2,
                                    "Actual Startup Time": 5571.378,
                                    "Actual Total Time": 5571.406,
                                    "Actual Rows": 1,
                                    "Actual Loops": 1
                                }
                            ],
                            "Plans": [
                                {
                                    "Node Type": "Hash Join",
                                    "Parent Relationship": "Outer",
                                    "Parallel Aware": true,
                                    "Join Type": "Inner",
                                    "Startup Cost": 750744.57,
                                    "Total Cost": 766139.22,
                                    "Plan Rows": 2615,
                                    "Plan Width": 32,
                                    "Actual Startup Time": 5344.791,
                                    "Actual Total Time": 5523.483,
                                    "Actual Rows": 669702,
                                    "Actual Loops": 4,
                                    "Output": [
                                        "n.name",
                                        "t.title"
                                    ],
                                    "Inner Unique": false,
                                    "Hash Cond": "(an.person_id = n.id)",
                                    "Workers": [
                                        {
                                            "Worker Number": 0,
                                            "Actual Startup Time": 5340.796,
                                            "Actual Total Time": 5506.401,
                                            "Actual Rows": 787474,
                                            "Actual Loops": 1
                                        },
                                        {
                                            "Worker Number": 1,
                                            "Actual Startup Time": 5341.822,
                                            "Actual Total Time": 5519.225,
                                            "Actual Rows": 629193,
                                            "Actual Loops": 1
                                        },
                                        {
                                            "Worker Number": 2,
                                            "Actual Startup Time": 5341.719,
                                            "Actual Total Time": 5526.946,
                                            "Actual Rows": 622055,
                                            "Actual Loops": 1
                                        }
                                    ],
                                    "Plans": [
                                        {
                                            "Node Type": "Seq Scan",
                                            "Parent Relationship": "Outer",
                                            "Parallel Aware": true,
                                            "Relation Name": "aka_name",
                                            "Schema": "public",
                                            "Alias": "an",
                                            "Startup Cost": 0.0,
                                            "Total Cost": 14303.56,
                                            "Plan Rows": 290756,
                                            "Plan Width": 4,
                                            "Actual Startup Time": 0.027,
                                            "Actual Total Time": 26.286,
                                            "Actual Rows": 225336,
                                            "Actual Loops": 4,
                                            "Output": [
                                                "an.id",
                                                "an.person_id",
                                                "an.name",
                                                "an.imdb_index",
                                                "an.name_pcode_cf",
                                                "an.name_pcode_nf",
                                                "an.surname_pcode",
                                                "an.md5sum"
                                            ],
                                            "Workers": [
                                                {
                                                    "Worker Number": 0,
                                                    "Actual Startup Time": 0.031,
                                                    "Actual Total Time": 21.396,
                                                    "Actual Rows": 177105,
                                                    "Actual Loops": 1
                                                },
                                                {
                                                    "Worker Number": 1,
                                                    "Actual Startup Time": 0.036,
                                                    "Actual Total Time": 28.79,
                                                    "Actual Rows": 235559,
                                                    "Actual Loops": 1
                                                },
                                                {
                                                    "Worker Number": 2,
                                                    "Actual Startup Time": 0.031,
                                                    "Actual Total Time": 27.984,
                                                    "Actual Rows": 247740,
                                                    "Actual Loops": 1
                                                }
                                            ]
                                        },
                                        {
                                            "Node Type": "Hash",
                                            "Parent Relationship": "Inner",
                                            "Parallel Aware": true,
                                            "Startup Cost": 750730.95,
                                            "Total Cost": 750730.95,
                                            "Plan Rows": 1090,
                                            "Plan Width": 40,
                                            "Actual Startup Time": 5343.136,
                                            "Actual Total Time": 5346.794,
                                            "Actual Rows": 766676,
                                            "Actual Loops": 4,
                                            "Output": [
                                                "ci.person_id",
                                                "n.name",
                                                "n.id",
                                                "t.title"
                                            ],
                                            "Hash Buckets": 4194304,
                                            "Original Hash Buckets": 4096,
                                            "Hash Batches": 1,
                                            "Original Hash Batches": 1,
                                            "Peak Memory Usage": 297344,
                                            "Workers": [
                                                {
                                                    "Worker Number": 0,
                                                    "Actual Startup Time": 5339.882,
                                                    "Actual Total Time": 5339.914,
                                                    "Actual Rows": 786536,
                                                    "Actual Loops": 1
                                                },
                                                {
                                                    "Worker Number": 1,
                                                    "Actual Startup Time": 5340.979,
                                                    "Actual Total Time": 5341.006,
                                                    "Actual Rows": 767032,
                                                    "Actual Loops": 1
                                                },
                                                {
                                                    "Worker Number": 2,
                                                    "Actual Startup Time": 5340.988,
                                                    "Actual Total Time": 5341.015,
                                                    "Actual Rows": 812669,
                                                    "Actual Loops": 1
                                                }
                                            ],
                                            "Plans": [
                                                {
                                                    "Node Type": "Hash Join",
                                                    "Parent Relationship": "Outer",
                                                    "Parallel Aware": true,
                                                    "Join Type": "Inner",
                                                    "Startup Cost": 720358.82,
                                                    "Total Cost": 750730.95,
                                                    "Plan Rows": 1090,
                                                    "Plan Width": 40,
                                                    "Actual Startup Time": 4115.014,
                                                    "Actual Total Time": 4870.847,
                                                    "Actual Rows": 766676,
                                                    "Actual Loops": 4,
                                                    "Output": [
                                                        "ci.person_id",
                                                        "n.name",
                                                        "n.id",
                                                        "t.title"
                                                    ],
                                                    "Inner Unique": true,
                                                    "Hash Cond": "(mc.company_id = cn.id)",
                                                    "Workers": [
                                                        {
                                                            "Worker Number": 0,
                                                            "Actual Startup Time": 4111.745,
                                                            "Actual Total Time": 4863.975,
                                                            "Actual Rows": 786536,
                                                            "Actual Loops": 1
                                                        },
                                                        {
                                                            "Worker Number": 1,
                                                            "Actual Startup Time": 4113.043,
                                                            "Actual Total Time": 4871.715,
                                                            "Actual Rows": 767032,
                                                            "Actual Loops": 1
                                                        },
                                                        {
                                                            "Worker Number": 2,
                                                            "Actual Startup Time": 4112.759,
                                                            "Actual Total Time": 4867.581,
                                                            "Actual Rows": 812669,
                                                            "Actual Loops": 1
                                                        }
                                                    ],
                                                    "Plans": [
                                                        {
                                                            "Node Type": "Hash Join",
                                                            "Parent Relationship": "Outer",
                                                            "Parallel Aware": true,
                                                            "Join Type": "Inner",
                                                            "Startup Cost": 715007.81,
                                                            "Total Cost": 745372.06,
                                                            "Plan Rows": 2998,
                                                            "Plan Width": 44,
                                                            "Actual Startup Time": 4083.899,
                                                            "Actual Total Time": 4586.236,
                                                            "Actual Rows": 3005839,
                                                            "Actual Loops": 4,
                                                            "Output": [
                                                                "ci.person_id",
                                                                "mc.company_id",
                                                                "n.name",
                                                                "n.id",
                                                                "t.title"
                                                            ],
                                                            "Inner Unique": false,
                                                            "Hash Cond": "(mc.movie_id = t.id)",
                                                            "Workers": [
                                                                {
                                                                    "Worker Number": 0,
                                                                    "Actual Startup Time": 4083.93,
                                                                    "Actual Total Time": 4579.741,
                                                                    "Actual Rows": 3160642,
                                                                    "Actual Loops": 1
                                                                },
                                                                {
                                                                    "Worker Number": 1,
                                                                    "Actual Startup Time": 4083.95,
                                                                    "Actual Total Time": 4594.219,
                                                                    "Actual Rows": 3165913,
                                                                    "Actual Loops": 1
                                                                },
                                                                {
                                                                    "Worker Number": 2,
                                                                    "Actual Startup Time": 4083.932,
                                                                    "Actual Total Time": 4582.487,
                                                                    "Actual Rows": 3306009,
                                                                    "Actual Loops": 1
                                                                }
                                                            ],
                                                            "Plans": [
                                                                {
                                                                    "Node Type": "Seq Scan",
                                                                    "Parent Relationship": "Outer",
                                                                    "Parallel Aware": true,
                                                                    "Relation Name": "movie_companies",
                                                                    "Schema": "public",
                                                                    "Alias": "mc",
                                                                    "Startup Cost": 0.0,
                                                                    "Total Cost": 27206.55,
                                                                    "Plan Rows": 841655,
                                                                    "Plan Width": 8,
                                                                    "Actual Startup Time": 0.028,
                                                                    "Actual Total Time": 60.831,
                                                                    "Actual Rows": 652282,
                                                                    "Actual Loops": 4,
                                                                    "Output": [
                                                                        "mc.id",
                                                                        "mc.movie_id",
                                                                        "mc.company_id",
                                                                        "mc.company_type_id",
                                                                        "mc.note"
                                                                    ],
                                                                    "Workers": [
                                                                        {
                                                                            "Worker Number": 0,
                                                                            "Actual Startup Time": 0.03,
                                                                            "Actual Total Time": 59.411,
                                                                            "Actual Rows": 632463,
                                                                            "Actual Loops": 1
                                                                        },
                                                                        {
                                                                            "Worker Number": 1,
                                                                            "Actual Startup Time": 0.027,
                                                                            "Actual Total Time": 66.001,
                                                                            "Actual Rows": 723835,
                                                                            "Actual Loops": 1
                                                                        },
                                                                        {
                                                                            "Worker Number": 2,
                                                                            "Actual Startup Time": 0.03,
                                                                            "Actual Total Time": 60.249,
                                                                            "Actual Rows": 674965,
                                                                            "Actual Loops": 1
                                                                        }
                                                                    ]
                                                                },
                                                                {
                                                                    "Node Type": "Hash",
                                                                    "Parent Relationship": "Inner",
                                                                    "Parallel Aware": true,
                                                                    "Startup Cost": 715002.16,
                                                                    "Total Cost": 715002.16,
                                                                    "Plan Rows": 452,
                                                                    "Plan Width": 52,
                                                                    "Actual Startup Time": 4083.706,
                                                                    "Actual Total Time": 4087.355,
                                                                    "Actual Rows": 151865,
                                                                    "Actual Loops": 4,
                                                                    "Output": [
                                                                        "ci.movie_id",
                                                                        "ci.person_id",
                                                                        "mi.movie_id",
                                                                        "n.name",
                                                                        "n.id",
                                                                        "t.title",
                                                                        "t.id"
                                                                    ],
                                                                    "Hash Buckets": 1048576,
                                                                    "Original Hash Buckets": 2048,
                                                                    "Hash Batches": 1,
                                                                    "Original Hash Batches": 1,
                                                                    "Peak Memory Usage": 70192,
                                                                    "Workers": [
                                                                        {
                                                                            "Worker Number": 0,
                                                                            "Actual Startup Time": 4083.817,
                                                                            "Actual Total Time": 4083.844,
                                                                            "Actual Rows": 156218,
                                                                            "Actual Loops": 1
                                                                        },
                                                                        {
                                                                            "Worker Number": 1,
                                                                            "Actual Startup Time": 4083.598,
                                                                            "Actual Total Time": 4083.615,
                                                                            "Actual Rows": 155660,
                                                                            "Actual Loops": 1
                                                                        },
                                                                        {
                                                                            "Worker Number": 2,
                                                                            "Actual Startup Time": 4083.769,
                                                                            "Actual Total Time": 4083.786,
                                                                            "Actual Rows": 169468,
                                                                            "Actual Loops": 1
                                                                        }
                                                                    ],
                                                                    "Plans": [
                                                                        {
                                                                            "Node Type": "Hash Join",
                                                                            "Parent Relationship": "Outer",
                                                                            "Parallel Aware": true,
                                                                            "Join Type": "Inner",
                                                                            "Startup Cost": 670254.64,
                                                                            "Total Cost": 715002.16,
                                                                            "Plan Rows": 452,
                                                                            "Plan Width": 52,
                                                                            "Actual Startup Time": 3709.163,
                                                                            "Actual Total Time": 3951.527,
                                                                            "Actual Rows": 151865,
                                                                            "Actual Loops": 4,
                                                                            "Output": [
                                                                                "ci.movie_id",
                                                                                "ci.person_id",
                                                                                "mi.movie_id",
                                                                                "n.name",
                                                                                "n.id",
                                                                                "t.title",
                                                                                "t.id"
                                                                            ],
                                                                            "Inner Unique": true,
                                                                            "Hash Cond": "(ci.person_role_id = chn.id)",
                                                                            "Workers": [
                                                                                {
                                                                                    "Worker Number": 0,
                                                                                    "Actual Startup Time": 3708.485,
                                                                                    "Actual Total Time": 3948.123,
                                                                                    "Actual Rows": 156218,
                                                                                    "Actual Loops": 1
                                                                                },
                                                                                {
                                                                                    "Worker Number": 1,
                                                                                    "Actual Startup Time": 3709.133,
                                                                                    "Actual Total Time": 3950.102,
                                                                                    "Actual Rows": 155660,
                                                                                    "Actual Loops": 1
                                                                                },
                                                                                {
                                                                                    "Worker Number": 2,
                                                                                    "Actual Startup Time": 3712.343,
                                                                                    "Actual Total Time": 3949.842,
                                                                                    "Actual Rows": 169468,
                                                                                    "Actual Loops": 1
                                                                                }
                                                                            ],
                                                                            "Plans": [
                                                                                {
                                                                                    "Node Type": "Hash Join",
                                                                                    "Parent Relationship": "Outer",
                                                                                    "Parallel Aware": true,
                                                                                    "Join Type": "Inner",
                                                                                    "Startup Cost": 616141.76,
                                                                                    "Total Cost": 660888.09,
                                                                                    "Plan Rows": 452,
                                                                                    "Plan Width": 56,
                                                                                    "Actual Startup Time": 3180.904,
                                                                                    "Actual Total Time": 3375.921,
                                                                                    "Actual Rows": 156773,
                                                                                    "Actual Loops": 4,
                                                                                    "Output": [
                                                                                        "ci.movie_id",
                                                                                        "ci.person_id",
                                                                                        "ci.person_role_id",
                                                                                        "mi.movie_id",
                                                                                        "n.name",
                                                                                        "n.id",
                                                                                        "t.title",
                                                                                        "t.id"
                                                                                    ],
                                                                                    "Inner Unique": false,
                                                                                    "Hash Cond": "(t.id = mi.movie_id)",
                                                                                    "Workers": [
                                                                                        {
                                                                                            "Worker Number": 0,
                                                                                            "Actual Startup Time": 3180.21,
                                                                                            "Actual Total Time": 3373.392,
                                                                                            "Actual Rows": 162864,
                                                                                            "Actual Loops": 1
                                                                                        },
                                                                                        {
                                                                                            "Worker Number": 1,
                                                                                            "Actual Startup Time": 3180.922,
                                                                                            "Actual Total Time": 3373.7,
                                                                                            "Actual Rows": 160321,
                                                                                            "Actual Loops": 1
                                                                                        },
                                                                                        {
                                                                                            "Worker Number": 2,
                                                                                            "Actual Startup Time": 3184.055,
                                                                                            "Actual Total Time": 3375.223,
                                                                                            "Actual Rows": 174119,
                                                                                            "Actual Loops": 1
                                                                                        }
                                                                                    ],
                                                                                    "Plans": [
                                                                                        {
                                                                                            "Node Type": "Seq Scan",
                                                                                            "Parent Relationship": "Outer",
                                                                                            "Parallel Aware": true,
                                                                                            "Relation Name": "title",
                                                                                            "Schema": "public",
                                                                                            "Alias": "t",
                                                                                            "Startup Cost": 0.0,
                                                                                            "Total Cost": 43899.32,
                                                                                            "Plan Rows": 225629,
                                                                                            "Plan Width": 21,
                                                                                            "Actual Startup Time": 0.043,
                                                                                            "Actual Total Time": 98.86,
                                                                                            "Actual Rows": 226123,
                                                                                            "Actual Loops": 4,
                                                                                            "Output": [
                                                                                                "t.id",
                                                                                                "t.title",
                                                                                                "t.imdb_index",
                                                                                                "t.kind_id",
                                                                                                "t.production_year",
                                                                                                "t.imdb_id",
                                                                                                "t.phonetic_code",
                                                                                                "t.episode_of_id",
                                                                                                "t.season_nr",
                                                                                                "t.episode_nr",
                                                                                                "t.series_years",
                                                                                                "t.md5sum"
                                                                                            ],
                                                                                            "Filter": "(t.production_year > 2006)",
                                                                                            "Rows Removed by Filter": 405955,
                                                                                            "Workers": [
                                                                                                {
                                                                                                    "Worker Number": 0,
                                                                                                    "Actual Startup Time": 0.043,
                                                                                                    "Actual Total Time": 99.712,
                                                                                                    "Actual Rows": 240298,
                                                                                                    "Actual Loops": 1
                                                                                                },
                                                                                                {
                                                                                                    "Worker Number": 1,
                                                                                                    "Actual Startup Time": 0.059,
                                                                                                    "Actual Total Time": 99.395,
                                                                                                    "Actual Rows": 237834,
                                                                                                    "Actual Loops": 1
                                                                                                },
                                                                                                {
                                                                                                    "Worker Number": 2,
                                                                                                    "Actual Startup Time": 0.039,
                                                                                                    "Actual Total Time": 96.572,
                                                                                                    "Actual Rows": 248642,
                                                                                                    "Actual Loops": 1
                                                                                                }
                                                                                            ]
                                                                                        },
                                                                                        {
                                                                                            "Node Type": "Hash",
                                                                                            "Parent Relationship": "Inner",
                                                                                            "Parallel Aware": true,
                                                                                            "Startup Cost": 616129.08,
                                                                                            "Total Cost": 616129.08,
                                                                                            "Plan Rows": 1014,
                                                                                            "Plan Width": 35,
                                                                                            "Actual Startup Time": 3178.182,
                                                                                            "Actual Total Time": 3181.825,
                                                                                            "Actual Rows": 428862,
                                                                                            "Actual Loops": 4,
                                                                                            "Output": [
                                                                                                "ci.movie_id",
                                                                                                "ci.person_id",
                                                                                                "ci.person_role_id",
                                                                                                "mi.movie_id",
                                                                                                "n.name",
                                                                                                "n.id"
                                                                                            ],
                                                                                            "Hash Buckets": 2097152,
                                                                                            "Original Hash Buckets": 8192,
                                                                                            "Hash Batches": 1,
                                                                                            "Original Hash Batches": 1,
                                                                                            "Peak Memory Usage": 152416,
                                                                                            "Workers": [
                                                                                                {
                                                                                                    "Worker Number": 0,
                                                                                                    "Actual Startup Time": 3178.221,
                                                                                                    "Actual Total Time": 3178.242,
                                                                                                    "Actual Rows": 441246,
                                                                                                    "Actual Loops": 1
                                                                                                },
                                                                                                {
                                                                                                    "Worker Number": 1,
                                                                                                    "Actual Startup Time": 3178.174,
                                                                                                    "Actual Total Time": 3178.185,
                                                                                                    "Actual Rows": 442061,
                                                                                                    "Actual Loops": 1
                                                                                                },
                                                                                                {
                                                                                                    "Worker Number": 2,
                                                                                                    "Actual Startup Time": 3178.265,
                                                                                                    "Actual Total Time": 3178.276,
                                                                                                    "Actual Rows": 505790,
                                                                                                    "Actual Loops": 1
                                                                                                }
                                                                                            ],
                                                                                            "Plans": [
                                                                                                {
                                                                                                    "Node Type": "Hash Join",
                                                                                                    "Parent Relationship": "Outer",
                                                                                                    "Parallel Aware": true,
                                                                                                    "Join Type": "Inner",
                                                                                                    "Startup Cost": 416257.14,
                                                                                                    "Total Cost": 616129.08,
                                                                                                    "Plan Rows": 1014,
                                                                                                    "Plan Width": 35,
                                                                                                    "Actual Startup Time": 2151.327,
                                                                                                    "Actual Total Time": 2950.407,
                                                                                                    "Actual Rows": 428862,
                                                                                                    "Actual Loops": 4,
                                                                                                    "Output": [
                                                                                                        "ci.movie_id",
                                                                                                        "ci.person_id",
                                                                                                        "ci.person_role_id",
                                                                                                        "mi.movie_id",
                                                                                                        "n.name",
                                                                                                        "n.id"
                                                                                                    ],
                                                                                                    "Inner Unique": false,
                                                                                                    "Hash Cond": "(mi.movie_id = ci.movie_id)",
                                                                                                    "Workers": [
                                                                                                        {
                                                                                                            "Worker Number": 0,
                                                                                                            "Actual Startup Time": 2151.2,
                                                                                                            "Actual Total Time": 2947.439,
                                                                                                            "Actual Rows": 441246,
                                                                                                            "Actual Loops": 1
                                                                                                        },
                                                                                                        {
                                                                                                            "Worker Number": 1,
                                                                                                            "Actual Startup Time": 2151.429,
                                                                                                            "Actual Total Time": 2946.9,
                                                                                                            "Actual Rows": 442061,
                                                                                                            "Actual Loops": 1
                                                                                                        },
                                                                                                        {
                                                                                                            "Worker Number": 2,
                                                                                                            "Actual Startup Time": 2151.353,
                                                                                                            "Actual Total Time": 2944.566,
                                                                                                            "Actual Rows": 505790,
                                                                                                            "Actual Loops": 1
                                                                                                        }
                                                                                                    ],
                                                                                                    "Plans": [
                                                                                                        {
                                                                                                            "Node Type": "Hash Join",
                                                                                                            "Parent Relationship": "Outer",
                                                                                                            "Parallel Aware": false,
                                                                                                            "Join Type": "Inner",
                                                                                                            "Startup Cost": 2.43,
                                                                                                            "Total Cost": 199774.14,
                                                                                                            "Plan Rows": 26276,
                                                                                                            "Plan Width": 4,
                                                                                                            "Actual Startup Time": 198.053,
                                                                                                            "Actual Total Time": 793.99,
                                                                                                            "Actual Rows": 759180,
                                                                                                            "Actual Loops": 4,
                                                                                                            "Output": [
                                                                                                                "mi.movie_id"
                                                                                                            ],
                                                                                                            "Inner Unique": true,
                                                                                                            "Hash Cond": "(mi.info_type_id = it.id)",
                                                                                                            "Workers": [
                                                                                                                {
                                                                                                                    "Worker Number": 0,
                                                                                                                    "Actual Startup Time": 198.076,
                                                                                                                    "Actual Total Time": 791.84,
                                                                                                                    "Actual Rows": 797636,
                                                                                                                    "Actual Loops": 1
                                                                                                                },
                                                                                                                {
                                                                                                                    "Worker Number": 1,
                                                                                                                    "Actual Startup Time": 197.965,
                                                                                                                    "Actual Total Time": 791.528,
                                                                                                                    "Actual Rows": 788148,
                                                                                                                    "Actual Loops": 1
                                                                                                                },
                                                                                                                {
                                                                                                                    "Worker Number": 2,
                                                                                                                    "Actual Startup Time": 198.089,
                                                                                                                    "Actual Total Time": 789.404,
                                                                                                                    "Actual Rows": 872447,
                                                                                                                    "Actual Loops": 1
                                                                                                                }
                                                                                                            ],
                                                                                                            "Plans": [
                                                                                                                {
                                                                                                                    "Node Type": "Seq Scan",
                                                                                                                    "Parent Relationship": "Outer",
                                                                                                                    "Parallel Aware": true,
                                                                                                                    "Relation Name": "movie_info",
                                                                                                                    "Schema": "public",
                                                                                                                    "Alias": "mi",
                                                                                                                    "Startup Cost": 0.0,
                                                                                                                    "Total Cost": 191685.19,
                                                                                                                    "Plan Rows": 2969219,
                                                                                                                    "Plan Width": 8,
                                                                                                                    "Actual Startup Time": 0.029,
                                                                                                                    "Actual Total Time": 459.882,
                                                                                                                    "Actual Rows": 3708930,
                                                                                                                    "Actual Loops": 4,
                                                                                                                    "Output": [
                                                                                                                        "mi.id",
                                                                                                                        "mi.movie_id",
                                                                                                                        "mi.info_type_id",
                                                                                                                        "mi.info",
                                                                                                                        "mi.note"
                                                                                                                    ],
                                                                                                                    "Workers": [
                                                                                                                        {
                                                                                                                            "Worker Number": 0,
                                                                                                                            "Actual Startup Time": 0.032,
                                                                                                                            "Actual Total Time": 461.799,
                                                                                                                            "Actual Rows": 4024873,
                                                                                                                            "Actual Loops": 1
                                                                                                                        },
                                                                                                                        {
                                                                                                                            "Worker Number": 1,
                                                                                                                            "Actual Startup Time": 0.032,
                                                                                                                            "Actual Total Time": 461.606,
                                                                                                                            "Actual Rows": 4018206,
                                                                                                                            "Actual Loops": 1
                                                                                                                        },
                                                                                                                        {
                                                                                                                            "Worker Number": 2,
                                                                                                                            "Actual Startup Time": 0.039,
                                                                                                                            "Actual Total Time": 457.494,
                                                                                                                            "Actual Rows": 4026510,
                                                                                                                            "Actual Loops": 1
                                                                                                                        }
                                                                                                                    ]
                                                                                                                },
                                                                                                                {
                                                                                                                    "Node Type": "Hash",
                                                                                                                    "Parent Relationship": "Inner",
                                                                                                                    "Parallel Aware": false,
                                                                                                                    "Startup Cost": 2.41,
                                                                                                                    "Total Cost": 2.41,
                                                                                                                    "Plan Rows": 1,
                                                                                                                    "Plan Width": 4,
                                                                                                                    "Actual Startup Time": 0.066,
                                                                                                                    "Actual Total Time": 0.068,
                                                                                                                    "Actual Rows": 1,
                                                                                                                    "Actual Loops": 4,
                                                                                                                    "Output": [
                                                                                                                        "it.id"
                                                                                                                    ],
                                                                                                                    "Hash Buckets": 1024,
                                                                                                                    "Original Hash Buckets": 1024,
                                                                                                                    "Hash Batches": 1,
                                                                                                                    "Original Hash Batches": 1,
                                                                                                                    "Peak Memory Usage": 9,
                                                                                                                    "Workers": [
                                                                                                                        {
                                                                                                                            "Worker Number": 0,
                                                                                                                            "Actual Startup Time": 0.08,
                                                                                                                            "Actual Total Time": 0.081,
                                                                                                                            "Actual Rows": 1,
                                                                                                                            "Actual Loops": 1
                                                                                                                        },
                                                                                                                        {
                                                                                                                            "Worker Number": 1,
                                                                                                                            "Actual Startup Time": 0.057,
                                                                                                                            "Actual Total Time": 0.059,
                                                                                                                            "Actual Rows": 1,
                                                                                                                            "Actual Loops": 1
                                                                                                                        },
                                                                                                                        {
                                                                                                                            "Worker Number": 2,
                                                                                                                            "Actual Startup Time": 0.079,
                                                                                                                            "Actual Total Time": 0.08,
                                                                                                                            "Actual Rows": 1,
                                                                                                                            "Actual Loops": 1
                                                                                                                        }
                                                                                                                    ],
                                                                                                                    "Plans": [
                                                                                                                        {
                                                                                                                            "Node Type": "Seq Scan",
                                                                                                                            "Parent Relationship": "Outer",
                                                                                                                            "Parallel Aware": false,
                                                                                                                            "Relation Name": "info_type",
                                                                                                                            "Schema": "public",
                                                                                                                            "Alias": "it",
                                                                                                                            "Startup Cost": 0.0,
                                                                                                                            "Total Cost": 2.41,
                                                                                                                            "Plan Rows": 1,
                                                                                                                            "Plan Width": 4,
                                                                                                                            "Actual Startup Time": 0.049,
                                                                                                                            "Actual Total Time": 0.056,
                                                                                                                            "Actual Rows": 1,
                                                                                                                            "Actual Loops": 4,
                                                                                                                            "Output": [
                                                                                                                                "it.id"
                                                                                                                            ],
                                                                                                                            "Filter": "((it.info)::text = 'release dates'::text)",
                                                                                                                            "Rows Removed by Filter": 112,
                                                                                                                            "Workers": [
                                                                                                                                {
                                                                                                                                    "Worker Number": 0,
                                                                                                                                    "Actual Startup Time": 0.069,
                                                                                                                                    "Actual Total Time": 0.074,
                                                                                                                                    "Actual Rows": 1,
                                                                                                                                    "Actual Loops": 1
                                                                                                                                },
                                                                                                                                {
                                                                                                                                    "Worker Number": 1,
                                                                                                                                    "Actual Startup Time": 0.041,
                                                                                                                                    "Actual Total Time": 0.049,
                                                                                                                                    "Actual Rows": 1,
                                                                                                                                    "Actual Loops": 1
                                                                                                                                },
                                                                                                                                {
                                                                                                                                    "Worker Number": 2,
                                                                                                                                    "Actual Startup Time": 0.063,
                                                                                                                                    "Actual Total Time": 0.071,
                                                                                                                                    "Actual Rows": 1,
                                                                                                                                    "Actual Loops": 1
                                                                                                                                }
                                                                                                                            ]
                                                                                                                        }
                                                                                                                    ]
                                                                                                                }
                                                                                                            ]
                                                                                                        },
                                                                                                        {
                                                                                                            "Node Type": "Hash",
                                                                                                            "Parent Relationship": "Inner",
                                                                                                            "Parallel Aware": true,
                                                                                                            "Startup Cost": 416171.27,
                                                                                                            "Total Cost": 416171.27,
                                                                                                            "Plan Rows": 6676,
                                                                                                            "Plan Width": 31,
                                                                                                            "Actual Startup Time": 1952.871,
                                                                                                            "Actual Total Time": 1956.505,
                                                                                                            "Actual Rows": 97823,
                                                                                                            "Actual Loops": 4,
                                                                                                            "Output": [
                                                                                                                "ci.movie_id",
                                                                                                                "ci.person_id",
                                                                                                                "ci.person_role_id",
                                                                                                                "n.name",
                                                                                                                "n.id"
                                                                                                            ],
                                                                                                            "Hash Buckets": 524288,
                                                                                                            "Original Hash Buckets": 65536,
                                                                                                            "Hash Batches": 1,
                                                                                                            "Original Hash Batches": 1,
                                                                                                            "Peak Memory Usage": 33088,
                                                                                                            "Workers": [
                                                                                                                {
                                                                                                                    "Worker Number": 0,
                                                                                                                    "Actual Startup Time": 1952.631,
                                                                                                                    "Actual Total Time": 1952.647,
                                                                                                                    "Actual Rows": 98397,
                                                                                                                    "Actual Loops": 1
                                                                                                                },
                                                                                                                {
                                                                                                                    "Worker Number": 1,
                                                                                                                    "Actual Startup Time": 1952.871,
                                                                                                                    "Actual Total Time": 1952.876,
                                                                                                                    "Actual Rows": 97014,
                                                                                                                    "Actual Loops": 1
                                                                                                                },
                                                                                                                {
                                                                                                                    "Worker Number": 2,
                                                                                                                    "Actual Startup Time": 1953.019,
                                                                                                                    "Actual Total Time": 1953.025,
                                                                                                                    "Actual Rows": 97816,
                                                                                                                    "Actual Loops": 1
                                                                                                                }
                                                                                                            ],
                                                                                                            "Plans": [
                                                                                                                {
                                                                                                                    "Node Type": "Hash Join",
                                                                                                                    "Parent Relationship": "Outer",
                                                                                                                    "Parallel Aware": false,
                                                                                                                    "Join Type": "Inner",
                                                                                                                    "Startup Cost": 71665.84,
                                                                                                                    "Total Cost": 416171.27,
                                                                                                                    "Plan Rows": 6676,
                                                                                                                    "Plan Width": 31,
                                                                                                                    "Actual Startup Time": 841.439,
                                                                                                                    "Actual Total Time": 1878.634,
                                                                                                                    "Actual Rows": 97823,
                                                                                                                    "Actual Loops": 4,
                                                                                                                    "Output": [
                                                                                                                        "ci.movie_id",
                                                                                                                        "ci.person_id",
                                                                                                                        "ci.person_role_id",
                                                                                                                        "n.name",
                                                                                                                        "n.id"
                                                                                                                    ],
                                                                                                                    "Inner Unique": true,
                                                                                                                    "Hash Cond": "(ci.role_id = rt.id)",
                                                                                                                    "Workers": [
                                                                                                                        {
                                                                                                                            "Worker Number": 0,
                                                                                                                            "Actual Startup Time": 841.495,
                                                                                                                            "Actual Total Time": 1875.65,
                                                                                                                            "Actual Rows": 98397,
                                                                                                                            "Actual Loops": 1
                                                                                                                        },
                                                                                                                        {
                                                                                                                            "Worker Number": 1,
                                                                                                                            "Actual Startup Time": 841.366,
                                                                                                                            "Actual Total Time": 1873.62,
                                                                                                                            "Actual Rows": 97014,
                                                                                                                            "Actual Loops": 1
                                                                                                                        },
                                                                                                                        {
                                                                                                                            "Worker Number": 2,
                                                                                                                            "Actual Startup Time": 841.451,
                                                                                                                            "Actual Total Time": 1875.755,
                                                                                                                            "Actual Rows": 97816,
                                                                                                                            "Actual Loops": 1
                                                                                                                        }
                                                                                                                    ],
                                                                                                                    "Plans": [
                                                                                                                        {
                                                                                                                            "Node Type": "Hash Join",
                                                                                                                            "Parent Relationship": "Outer",
                                                                                                                            "Parallel Aware": true,
                                                                                                                            "Join Type": "Inner",
                                                                                                                            "Startup Cost": 71664.68,
                                                                                                                            "Total Cost": 415885.51,
                                                                                                                            "Plan Rows": 80119,
                                                                                                                            "Plan Width": 35,
                                                                                                                            "Actual Startup Time": 841.345,
                                                                                                                            "Actual Total Time": 1854.496,
                                                                                                                            "Actual Rows": 112908,
                                                                                                                            "Actual Loops": 4,
                                                                                                                            "Output": [
                                                                                                                                "ci.movie_id",
                                                                                                                                "ci.person_id",
                                                                                                                                "ci.role_id",
                                                                                                                                "ci.person_role_id",
                                                                                                                                "n.name",
                                                                                                                                "n.id"
                                                                                                                            ],
                                                                                                                            "Inner Unique": true,
                                                                                                                            "Hash Cond": "(ci.person_id = n.id)",
                                                                                                                            "Workers": [
                                                                                                                                {
                                                                                                                                    "Worker Number": 0,
                                                                                                                                    "Actual Startup Time": 841.391,
                                                                                                                                    "Actual Total Time": 1851.476,
                                                                                                                                    "Actual Rows": 115540,
                                                                                                                                    "Actual Loops": 1
                                                                                                                                },
                                                                                                                                {
                                                                                                                                    "Worker Number": 1,
                                                                                                                                    "Actual Startup Time": 841.257,
                                                                                                                                    "Actual Total Time": 1849.462,
                                                                                                                                    "Actual Rows": 111727,
                                                                                                                                    "Actual Loops": 1
                                                                                                                                },
                                                                                                                                {
                                                                                                                                    "Worker Number": 2,
                                                                                                                                    "Actual Startup Time": 841.354,
                                                                                                                                    "Actual Total Time": 1850.977,
                                                                                                                                    "Actual Rows": 112675,
                                                                                                                                    "Actual Loops": 1
                                                                                                                                }
                                                                                                                            ],
                                                                                                                            "Plans": [
                                                                                                                                {
                                                                                                                                    "Node Type": "Seq Scan",
                                                                                                                                    "Parent Relationship": "Outer",
                                                                                                                                    "Parallel Aware": true,
                                                                                                                                    "Relation Name": "cast_info",
                                                                                                                                    "Schema": "public",
                                                                                                                                    "Alias": "ci",
                                                                                                                                    "Startup Cost": 0.0,
                                                                                                                                    "Total Cost": 343316.27,
                                                                                                                                    "Plan Rows": 344596,
                                                                                                                                    "Plan Width": 16,
                                                                                                                                    "Actual Startup Time": 0.026,
                                                                                                                                    "Actual Total Time": 1390.148,
                                                                                                                                    "Actual Rows": 526521,
                                                                                                                                    "Actual Loops": 4,
                                                                                                                                    "Output": [
                                                                                                                                        "ci.id",
                                                                                                                                        "ci.person_id",
                                                                                                                                        "ci.movie_id",
                                                                                                                                        "ci.person_role_id",
                                                                                                                                        "ci.note",
                                                                                                                                        "ci.nr_order",
                                                                                                                                        "ci.role_id"
                                                                                                                                    ],
                                                                                                                                    "Filter": "(ci.note = ANY ('{(writer),(uncredited),(voice),\"(as Terri Colombino)\"}'::text[]))",
                                                                                                                                    "Rows Removed by Filter": 8534565,
                                                                                                                                    "Workers": [
                                                                                                                                        {
                                                                                                                                            "Worker Number": 0,
                                                                                                                                            "Actual Startup Time": 0.028,
                                                                                                                                            "Actual Total Time": 1389.648,
                                                                                                                                            "Actual Rows": 569917,
                                                                                                                                            "Actual Loops": 1
                                                                                                                                        },
                                                                                                                                        {
                                                                                                                                            "Worker Number": 1,
                                                                                                                                            "Actual Startup Time": 0.019,
                                                                                                                                            "Actual Total Time": 1389.656,
                                                                                                                                            "Actual Rows": 506486,
                                                                                                                                            "Actual Loops": 1
                                                                                                                                        },
                                                                                                                                        {
                                                                                                                                            "Worker Number": 2,
                                                                                                                                            "Actual Startup Time": 0.02,
                                                                                                                                            "Actual Total Time": 1389.066,
                                                                                                                                            "Actual Rows": 511029,
                                                                                                                                            "Actual Loops": 1
                                                                                                                                        }
                                                                                                                                    ]
                                                                                                                                },
                                                                                                                                {
                                                                                                                                    "Node Type": "Hash",
                                                                                                                                    "Parent Relationship": "Inner",
                                                                                                                                    "Parallel Aware": true,
                                                                                                                                    "Startup Cost": 68636.68,
                                                                                                                                    "Total Cost": 68636.68,
                                                                                                                                    "Plan Rows": 242240,
                                                                                                                                    "Plan Width": 19,
                                                                                                                                    "Actual Startup Time": 335.928,
                                                                                                                                    "Actual Total Time": 335.929,
                                                                                                                                    "Actual Rows": 240389,
                                                                                                                                    "Actual Loops": 4,
                                                                                                                                    "Output": [
                                                                                                                                        "n.name",
                                                                                                                                        "n.id"
                                                                                                                                    ],
                                                                                                                                    "Hash Buckets": 1048576,
                                                                                                                                    "Original Hash Buckets": 1048576,
                                                                                                                                    "Hash Batches": 1,
                                                                                                                                    "Original Hash Batches": 1,
                                                                                                                                    "Peak Memory Usage": 60576,
                                                                                                                                    "Workers": [
                                                                                                                                        {
                                                                                                                                            "Worker Number": 0,
                                                                                                                                            "Actual Startup Time": 337.351,
                                                                                                                                            "Actual Total Time": 337.352,
                                                                                                                                            "Actual Rows": 238290,
                                                                                                                                            "Actual Loops": 1
                                                                                                                                        },
                                                                                                                                        {
                                                                                                                                            "Worker Number": 1,
                                                                                                                                            "Actual Startup Time": 337.274,
                                                                                                                                            "Actual Total Time": 337.275,
                                                                                                                                            "Actual Rows": 238888,
                                                                                                                                            "Actual Loops": 1
                                                                                                                                        },
                                                                                                                                        {
                                                                                                                                            "Worker Number": 2,
                                                                                                                                            "Actual Startup Time": 337.395,
                                                                                                                                            "Actual Total Time": 337.396,
                                                                                                                                            "Actual Rows": 241668,
                                                                                                                                            "Actual Loops": 1
                                                                                                                                        }
                                                                                                                                    ],
                                                                                                                                    "Plans": [
                                                                                                                                        {
                                                                                                                                            "Node Type": "Seq Scan",
                                                                                                                                            "Parent Relationship": "Outer",
                                                                                                                                            "Parallel Aware": true,
                                                                                                                                            "Relation Name": "name",
                                                                                                                                            "Schema": "public",
                                                                                                                                            "Alias": "n",
                                                                                                                                            "Startup Cost": 0.0,
                                                                                                                                            "Total Cost": 68636.68,
                                                                                                                                            "Plan Rows": 242240,
                                                                                                                                            "Plan Width": 19,
                                                                                                                                            "Actual Startup Time": 87.43,
                                                                                                                                            "Actual Total Time": 216.864,
                                                                                                                                            "Actual Rows": 240389,
                                                                                                                                            "Actual Loops": 4,
                                                                                                                                            "Output": [
                                                                                                                                                "n.name",
                                                                                                                                                "n.id"
                                                                                                                                            ],
                                                                                                                                            "Filter": "((n.gender)::text = 'f'::text)",
                                                                                                                                            "Rows Removed by Filter": 801484,
                                                                                                                                            "Workers": [
                                                                                                                                                {
                                                                                                                                                    "Worker Number": 0,
                                                                                                                                                    "Actual Startup Time": 87.384,
                                                                                                                                                    "Actual Total Time": 216.631,
                                                                                                                                                    "Actual Rows": 238290,
                                                                                                                                                    "Actual Loops": 1
                                                                                                                                                },
                                                                                                                                                {
                                                                                                                                                    "Worker Number": 1,
                                                                                                                                                    "Actual Startup Time": 87.39,
                                                                                                                                                    "Actual Total Time": 217.178,
                                                                                                                                                    "Actual Rows": 238888,
                                                                                                                                                    "Actual Loops": 1
                                                                                                                                                },
                                                                                                                                                {
                                                                                                                                                    "Worker Number": 2,
                                                                                                                                                    "Actual Startup Time": 87.441,
                                                                                                                                                    "Actual Total Time": 216.74,
                                                                                                                                                    "Actual Rows": 241668,
                                                                                                                                                    "Actual Loops": 1
                                                                                                                                                }
                                                                                                                                            ]
                                                                                                                                        }
                                                                                                                                    ]
                                                                                                                                }
                                                                                                                            ]
                                                                                                                        },
                                                                                                                        {
                                                                                                                            "Node Type": "Hash",
                                                                                                                            "Parent Relationship": "Inner",
                                                                                                                            "Parallel Aware": false,
                                                                                                                            "Startup Cost": 1.15,
                                                                                                                            "Total Cost": 1.15,
                                                                                                                            "Plan Rows": 1,
                                                                                                                            "Plan Width": 4,
                                                                                                                            "Actual Startup Time": 0.059,
                                                                                                                            "Actual Total Time": 0.06,
                                                                                                                            "Actual Rows": 1,
                                                                                                                            "Actual Loops": 4,
                                                                                                                            "Output": [
                                                                                                                                "rt.id"
                                                                                                                            ],
                                                                                                                            "Hash Buckets": 1024,
                                                                                                                            "Original Hash Buckets": 1024,
                                                                                                                            "Hash Batches": 1,
                                                                                                                            "Original Hash Batches": 1,
                                                                                                                            "Peak Memory Usage": 9,
                                                                                                                            "Workers": [
                                                                                                                                {
                                                                                                                                    "Worker Number": 0,
                                                                                                                                    "Actual Startup Time": 0.071,
                                                                                                                                    "Actual Total Time": 0.072,
                                                                                                                                    "Actual Rows": 1,
                                                                                                                                    "Actual Loops": 1
                                                                                                                                },
                                                                                                                                {
                                                                                                                                    "Worker Number": 1,
                                                                                                                                    "Actual Startup Time": 0.066,
                                                                                                                                    "Actual Total Time": 0.067,
                                                                                                                                    "Actual Rows": 1,
                                                                                                                                    "Actual Loops": 1
                                                                                                                                },
                                                                                                                                {
                                                                                                                                    "Worker Number": 2,
                                                                                                                                    "Actual Startup Time": 0.068,
                                                                                                                                    "Actual Total Time": 0.069,
                                                                                                                                    "Actual Rows": 1,
                                                                                                                                    "Actual Loops": 1
                                                                                                                                }
                                                                                                                            ],
                                                                                                                            "Plans": [
                                                                                                                                {
                                                                                                                                    "Node Type": "Seq Scan",
                                                                                                                                    "Parent Relationship": "Outer",
                                                                                                                                    "Parallel Aware": false,
                                                                                                                                    "Relation Name": "role_type",
                                                                                                                                    "Schema": "public",
                                                                                                                                    "Alias": "rt",
                                                                                                                                    "Startup Cost": 0.0,
                                                                                                                                    "Total Cost": 1.15,
                                                                                                                                    "Plan Rows": 1,
                                                                                                                                    "Plan Width": 4,
                                                                                                                                    "Actual Startup Time": 0.05,
                                                                                                                                    "Actual Total Time": 0.053,
                                                                                                                                    "Actual Rows": 1,
                                                                                                                                    "Actual Loops": 4,
                                                                                                                                    "Output": [
                                                                                                                                        "rt.id"
                                                                                                                                    ],
                                                                                                                                    "Filter": "((rt.role)::text = 'actress'::text)",
                                                                                                                                    "Rows Removed by Filter": 11,
                                                                                                                                    "Workers": [
                                                                                                                                        {
                                                                                                                                            "Worker Number": 0,
                                                                                                                                            "Actual Startup Time": 0.063,
                                                                                                                                            "Actual Total Time": 0.065,
                                                                                                                                            "Actual Rows": 1,
                                                                                                                                            "Actual Loops": 1
                                                                                                                                        },
                                                                                                                                        {
                                                                                                                                            "Worker Number": 1,
                                                                                                                                            "Actual Startup Time": 0.056,
                                                                                                                                            "Actual Total Time": 0.059,
                                                                                                                                            "Actual Rows": 1,
                                                                                                                                            "Actual Loops": 1
                                                                                                                                        },
                                                                                                                                        {
                                                                                                                                            "Worker Number": 2,
                                                                                                                                            "Actual Startup Time": 0.059,
                                                                                                                                            "Actual Total Time": 0.062,
                                                                                                                                            "Actual Rows": 1,
                                                                                                                                            "Actual Loops": 1
                                                                                                                                        }
                                                                                                                                    ]
                                                                                                                                }
                                                                                                                            ]
                                                                                                                        }
                                                                                                                    ]
                                                                                                                }
                                                                                                            ]
                                                                                                        }
                                                                                                    ]
                                                                                                }
                                                                                            ]
                                                                                        }
                                                                                    ]
                                                                                },
                                                                                {
                                                                                    "Node Type": "Hash",
                                                                                    "Parent Relationship": "Inner",
                                                                                    "Parallel Aware": true,
                                                                                    "Startup Cost": 44299.06,
                                                                                    "Total Cost": 44299.06,
                                                                                    "Plan Rows": 785106,
                                                                                    "Plan Width": 4,
                                                                                    "Actual Startup Time": 519.023,
                                                                                    "Actual Total Time": 519.024,
                                                                                    "Actual Rows": 785085,
                                                                                    "Actual Loops": 4,
                                                                                    "Output": [
                                                                                        "chn.id"
                                                                                    ],
                                                                                    "Hash Buckets": 4194304,
                                                                                    "Original Hash Buckets": 4194304,
                                                                                    "Hash Batches": 1,
                                                                                    "Original Hash Batches": 1,
                                                                                    "Peak Memory Usage": 155680,
                                                                                    "Workers": [
                                                                                        {
                                                                                            "Worker Number": 0,
                                                                                            "Actual Startup Time": 491.837,
                                                                                            "Actual Total Time": 491.838,
                                                                                            "Actual Rows": 768150,
                                                                                            "Actual Loops": 1
                                                                                        },
                                                                                        {
                                                                                            "Worker Number": 1,
                                                                                            "Actual Startup Time": 528.087,
                                                                                            "Actual Total Time": 528.088,
                                                                                            "Actual Rows": 793198,
                                                                                            "Actual Loops": 1
                                                                                        },
                                                                                        {
                                                                                            "Worker Number": 2,
                                                                                            "Actual Startup Time": 528.162,
                                                                                            "Actual Total Time": 528.163,
                                                                                            "Actual Rows": 789349,
                                                                                            "Actual Loops": 1
                                                                                        }
                                                                                    ],
                                                                                    "Plans": [
                                                                                        {
                                                                                            "Node Type": "Seq Scan",
                                                                                            "Parent Relationship": "Outer",
                                                                                            "Parallel Aware": true,
                                                                                            "Relation Name": "char_name",
                                                                                            "Schema": "public",
                                                                                            "Alias": "chn",
                                                                                            "Startup Cost": 0.0,
                                                                                            "Total Cost": 44299.06,
                                                                                            "Plan Rows": 785106,
                                                                                            "Plan Width": 4,
                                                                                            "Actual Startup Time": 0.044,
                                                                                            "Actual Total Time": 152.525,
                                                                                            "Actual Rows": 785085,
                                                                                            "Actual Loops": 4,
                                                                                            "Output": [
                                                                                                "chn.id"
                                                                                            ],
                                                                                            "Workers": [
                                                                                                {
                                                                                                    "Worker Number": 0,
                                                                                                    "Actual Startup Time": 0.046,
                                                                                                    "Actual Total Time": 150.849,
                                                                                                    "Actual Rows": 768150,
                                                                                                    "Actual Loops": 1
                                                                                                },
                                                                                                {
                                                                                                    "Worker Number": 1,
                                                                                                    "Actual Startup Time": 0.056,
                                                                                                    "Actual Total Time": 152.946,
                                                                                                    "Actual Rows": 793198,
                                                                                                    "Actual Loops": 1
                                                                                                },
                                                                                                {
                                                                                                    "Worker Number": 2,
                                                                                                    "Actual Startup Time": 0.044,
                                                                                                    "Actual Total Time": 152.64,
                                                                                                    "Actual Rows": 789349,
                                                                                                    "Actual Loops": 1
                                                                                                }
                                                                                            ]
                                                                                        }
                                                                                    ]
                                                                                }
                                                                            ]
                                                                        }
                                                                    ]
                                                                }
                                                            ]
                                                        },
                                                        {
                                                            "Node Type": "Hash",
                                                            "Parent Relationship": "Inner",
                                                            "Parallel Aware": true,
                                                            "Startup Cost": 4722.92,
                                                            "Total Cost": 4722.92,
                                                            "Plan Rows": 50248,
                                                            "Plan Width": 4,
                                                            "Actual Startup Time": 30.3,
                                                            "Actual Total Time": 30.301,
                                                            "Actual Rows": 21211,
                                                            "Actual Loops": 4,
                                                            "Output": [
                                                                "cn.id"
                                                            ],
                                                            "Hash Buckets": 131072,
                                                            "Original Hash Buckets": 131072,
                                                            "Hash Batches": 1,
                                                            "Original Hash Batches": 1,
                                                            "Peak Memory Usage": 4416,
                                                            "Workers": [
                                                                {
                                                                    "Worker Number": 0,
                                                                    "Actual Startup Time": 27.747,
                                                                    "Actual Total Time": 27.749,
                                                                    "Actual Rows": 16546,
                                                                    "Actual Loops": 1
                                                                },
                                                                {
                                                                    "Worker Number": 1,
                                                                    "Actual Startup Time": 28.701,
                                                                    "Actual Total Time": 28.702,
                                                                    "Actual Rows": 20868,
                                                                    "Actual Loops": 1
                                                                },
                                                                {
                                                                    "Worker Number": 2,
                                                                    "Actual Startup Time": 28.729,
                                                                    "Actual Total Time": 28.73,
                                                                    "Actual Rows": 20982,
                                                                    "Actual Loops": 1
                                                                }
                                                            ],
                                                            "Plans": [
                                                                {
                                                                    "Node Type": "Seq Scan",
                                                                    "Parent Relationship": "Outer",
                                                                    "Parallel Aware": true,
                                                                    "Relation Name": "company_name",
                                                                    "Schema": "public",
                                                                    "Alias": "cn",
                                                                    "Startup Cost": 0.0,
                                                                    "Total Cost": 4722.92,
                                                                    "Plan Rows": 50248,
                                                                    "Plan Width": 4,
                                                                    "Actual Startup Time": 0.067,
                                                                    "Actual Total Time": 20.181,
                                                                    "Actual Rows": 21211,
                                                                    "Actual Loops": 4,
                                                                    "Output": [
                                                                        "cn.id"
                                                                    ],
                                                                    "Filter": "((cn.country_code)::text = '[us]'::text)",
                                                                    "Rows Removed by Filter": 37538,
                                                                    "Workers": [
                                                                        {
                                                                            "Worker Number": 0,
                                                                            "Actual Startup Time": 0.078,
                                                                            "Actual Total Time": 18.207,
                                                                            "Actual Rows": 16546,
                                                                            "Actual Loops": 1
                                                                        },
                                                                        {
                                                                            "Worker Number": 1,
                                                                            "Actual Startup Time": 0.072,
                                                                            "Actual Total Time": 19.453,
                                                                            "Actual Rows": 20868,
                                                                            "Actual Loops": 1
                                                                        },
                                                                        {
                                                                            "Worker Number": 2,
                                                                            "Actual Startup Time": 0.074,
                                                                            "Actual Total Time": 19.046,
                                                                            "Actual Rows": 20982,
                                                                            "Actual Loops": 1
                                                                        }
                                                                    ]
                                                                }
                                                            ]
                                                        }
                                                    ]
                                                }
                                            ]
                                        }
                                    ]
                                }
                            ]
                        }
                    ]
                }
            ]
        },
        "Planning Time": 1836.61,
        "Triggers": [],
        "Execution Time": 5946.387
    }
]