[
    {
        "Bao": {
            "Bao prediction": "NaN",
            "Bao recommended hint": "(no hint)"
        }
    },
    {
        "Plan": {
            "Node Type": "Aggregate",
            "Strategy": "Plain",
            "Partial Mode": "Finalize",
            "Parallel Aware": false,
            "Startup Cost": 69900.16,
            "Total Cost": 69900.17,
            "Plan Rows": 1,
            "Plan Width": 8,
            "Actual Startup Time": 192.192,
            "Actual Total Time": 209.65,
            "Actual Rows": 1,
            "Actual Loops": 1,
            "Output": [
                "count(*)"
            ],
            "Plans": [
                {
                    "Node Type": "Gather",
                    "Parent Relationship": "Outer",
                    "Parallel Aware": false,
                    "Startup Cost": 69899.95,
                    "Total Cost": 69900.16,
                    "Plan Rows": 2,
                    "Plan Width": 8,
                    "Actual Startup Time": 191.882,
                    "Actual Total Time": 209.642,
                    "Actual Rows": 3,
                    "Actual Loops": 1,
                    "Output": [
                        "(PARTIAL count(*))"
                    ],
                    "Workers Planned": 2,
                    "Workers Launched": 2,
                    "Single Copy": false,
                    "Plans": [
                        {
                            "Node Type": "Aggregate",
                            "Strategy": "Plain",
                            "Partial Mode": "Partial",
                            "Parent Relationship": "Outer",
                            "Parallel Aware": false,
                            "Startup Cost": 68899.95,
                            "Total Cost": 68899.96,
                            "Plan Rows": 1,
                            "Plan Width": 8,
                            "Actual Startup Time": 184.348,
                            "Actual Total Time": 184.351,
                            "Actual Rows": 1,
                            "Actual Loops": 3,
                            "Output": [
                                "PARTIAL count(*)"
                            ],
                            "Workers": [
                                {
                                    "Worker Number": 0,
                                    "Actual Startup Time": 180.59,
                                    "Actual Total Time": 180.593,
                                    "Actual Rows": 1,
                                    "Actual Loops": 1
                                },
                                {
                                    "Worker Number": 1,
                                    "Actual Startup Time": 180.814,
                                    "Actual Total Time": 180.818,
                                    "Actual Rows": 1,
                                    "Actual Loops": 1
                                }
                            ],
                            "Plans": [
                                {
                                    "Node Type": "Nested Loop",
                                    "Parent Relationship": "Outer",
                                    "Parallel Aware": false,
                                    "Join Type": "Inner",
                                    "Startup Cost": 45642.24,
                                    "Total Cost": 68894.35,
                                    "Plan Rows": 2241,
                                    "Plan Width": 0,
                                    "Actual Startup Time": 96.236,
                                    "Actual Total Time": 183.762,
                                    "Actual Rows": 11369,
                                    "Actual Loops": 3,
                                    "Inner Unique": false,
                                    "Join Filter": "(t.id = mk.movie_id)",
                                    "Rows Removed by Join Filter": 0,
                                    "Workers": [
                                        {
                                            "Worker Number": 0,
                                            "Actual Startup Time": 92.482,
                                            "Actual Total Time": 180.074,
                                            "Actual Rows": 8897,
                                            "Actual Loops": 1
                                        },
                                        {
                                            "Worker Number": 1,
                                            "Actual Startup Time": 92.782,
                                            "Actual Total Time": 180.288,
                                            "Actual Rows": 8882,
                                            "Actual Loops": 1
                                        }
                                    ],
                                    "Plans": [
                                        {
                                            "Node Type": "Hash Join",
                                            "Parent Relationship": "Outer",
                                            "Parallel Aware": true,
                                            "Join Type": "Inner",
                                            "Startup Cost": 45641.81,
                                            "Total Cost": 61270.35,
                                            "Plan Rows": 3966,
                                            "Plan Width": 8,
                                            "Actual Startup Time": 96.18,
                                            "Actual Total Time": 149.558,
                                            "Actual Rows": 4413,
                                            "Actual Loops": 3,
                                            "Output": [
                                                "t.id",
                                                "mi_idx.movie_id"
                                            ],
                                            "Inner Unique": true,
                                            "Hash Cond": "(mi_idx.movie_id = t.id)",
                                            "Workers": [
                                                {
                                                    "Worker Number": 0,
                                                    "Actual Startup Time": 92.441,
                                                    "Actual Total Time": 141.68,
                                                    "Actual Rows": 3601,
                                                    "Actual Loops": 1
                                                },
                                                {
                                                    "Worker Number": 1,
                                                    "Actual Startup Time": 92.683,
                                                    "Actual Total Time": 142.214,
                                                    "Actual Rows": 3624,
                                                    "Actual Loops": 1
                                                }
                                            ],
                                            "Plans": [
                                                {
                                                    "Node Type": "Seq Scan",
                                                    "Parent Relationship": "Outer",
                                                    "Parallel Aware": true,
                                                    "Relation Name": "movie_info_idx",
                                                    "Schema": "public",
                                                    "Alias": "mi_idx",
                                                    "Startup Cost": 0.0,
                                                    "Total Cost": 15122.68,
                                                    "Plan Rows": 192707,
                                                    "Plan Width": 4,
                                                    "Actual Startup Time": 0.017,
                                                    "Actual Total Time": 35.027,
                                                    "Actual Rows": 153308,
                                                    "Actual Loops": 3,
                                                    "Output": [
                                                        "mi_idx.id",
                                                        "mi_idx.movie_id",
                                                        "mi_idx.info_type_id",
                                                        "mi_idx.info",
                                                        "mi_idx.note"
                                                    ],
                                                    "Filter": "(mi_idx.info_type_id = 100)",
                                                    "Rows Removed by Filter": 306703,
                                                    "Workers": [
                                                        {
                                                            "Worker Number": 0,
                                                            "Actual Startup Time": 0.023,
                                                            "Actual Total Time": 31.949,
                                                            "Actual Rows": 127612,
                                                            "Actual Loops": 1
                                                        },
                                                        {
                                                            "Worker Number": 1,
                                                            "Actual Startup Time": 0.018,
                                                            "Actual Total Time": 32.159,
                                                            "Actual Rows": 128595,
                                                            "Actual Loops": 1
                                                        }
                                                    ]
                                                },
                                                {
                                                    "Node Type": "Hash",
                                                    "Parent Relationship": "Inner",
                                                    "Parallel Aware": true,
                                                    "Startup Cost": 45479.21,
                                                    "Total Cost": 45479.21,
                                                    "Plan Rows": 13008,
                                                    "Plan Width": 4,
                                                    "Actual Startup Time": 95.603,
                                                    "Actual Total Time": 95.604,
                                                    "Actual Rows": 14671,
                                                    "Actual Loops": 3,
                                                    "Output": [
                                                        "t.id"
                                                    ],
                                                    "Hash Buckets": 65536,
                                                    "Original Hash Buckets": 65536,
                                                    "Hash Batches": 1,
                                                    "Original Hash Batches": 1,
                                                    "Peak Memory Usage": 2240,
                                                    "Workers": [
                                                        {
                                                            "Worker Number": 0,
                                                            "Actual Startup Time": 91.86,
                                                            "Actual Total Time": 91.861,
                                                            "Actual Rows": 13065,
                                                            "Actual Loops": 1
                                                        },
                                                        {
                                                            "Worker Number": 1,
                                                            "Actual Startup Time": 92.107,
                                                            "Actual Total Time": 92.108,
                                                            "Actual Rows": 13066,
                                                            "Actual Loops": 1
                                                        }
                                                    ],
                                                    "Plans": [
                                                        {
                                                            "Node Type": "Seq Scan",
                                                            "Parent Relationship": "Outer",
                                                            "Parallel Aware": true,
                                                            "Relation Name": "title",
                                                            "Schema": "public",
                                                            "Alias": "t",
                                                            "Startup Cost": 0.0,
                                                            "Total Cost": 45479.21,
                                                            "Plan Rows": 13008,
                                                            "Plan Width": 4,
                                                            "Actual Startup Time": 0.112,
                                                            "Actual Total Time": 91.312,
                                                            "Actual Rows": 14671,
                                                            "Actual Loops": 3,
                                                            "Output": [
                                                                "t.id"
                                                            ],
                                                            "Filter": "((t.kind_id < 7) AND (t.production_year = 2009))",
                                                            "Rows Removed by Filter": 828100,
                                                            "Workers": [
                                                                {
                                                                    "Worker Number": 0,
                                                                    "Actual Startup Time": 0.153,
                                                                    "Actual Total Time": 87.399,
                                                                    "Actual Rows": 13065,
                                                                    "Actual Loops": 1
                                                                },
                                                                {
                                                                    "Worker Number": 1,
                                                                    "Actual Startup Time": 0.12,
                                                                    "Actual Total Time": 87.726,
                                                                    "Actual Rows": 13066,
                                                                    "Actual Loops": 1
                                                                }
                                                            ]
                                                        }
                                                    ]
                                                }
                                            ]
                                        },
                                        {
                                            "Node Type": "Index Scan",
                                            "Parent Relationship": "Inner",
                                            "Parallel Aware": false,
                                            "Scan Direction": "Forward",
                                            "Index Name": "movie_id_movie_keyword",
                                            "Relation Name": "movie_keyword",
                                            "Schema": "public",
                                            "Alias": "mk",
                                            "Startup Cost": 0.43,
                                            "Total Cost": 1.75,
                                            "Plan Rows": 14,
                                            "Plan Width": 4,
                                            "Actual Startup Time": 0.006,
                                            "Actual Total Time": 0.007,
                                            "Actual Rows": 3,
                                            "Actual Loops": 13238,
                                            "Output": [
                                                "mk.id",
                                                "mk.movie_id",
                                                "mk.keyword_id"
                                            ],
                                            "Index Cond": "(mk.movie_id = mi_idx.movie_id)",
                                            "Rows Removed by Index Recheck": 0,
                                            "Filter": "(mk.keyword_id < 1969)",
                                            "Rows Removed by Filter": 6,
                                            "Workers": [
                                                {
                                                    "Worker Number": 0,
                                                    "Actual Startup Time": 0.009,
                                                    "Actual Total Time": 0.01,
                                                    "Actual Rows": 2,
                                                    "Actual Loops": 3601
                                                },
                                                {
                                                    "Worker Number": 1,
                                                    "Actual Startup Time": 0.009,
                                                    "Actual Total Time": 0.01,
                                                    "Actual Rows": 2,
                                                    "Actual Loops": 3624
                                                }
                                            ]
                                        }
                                    ]
                                }
                            ]
                        }
                    ]
                }
            ]
        },
        "Planning Time": 190.658,
        "Triggers": [],
        "Execution Time": 209.71
    }
]