[
  {
    "Plan": {
      "Node Type": "Aggregate",
      "Strategy": "Plain",
      "Partial Mode": "Finalize",
      "Parallel Aware": false,
      "Startup Cost": 303748.32,
      "Total Cost": 303748.33,
      "Plan Rows": 1,
      "Plan Width": 8,
      "Actual Startup Time": 1848.065,
      "Actual Total Time": 1892.796,
      "Actual Rows": 1,
      "Actual Loops": 1,
      "Plans": [
        {
          "Node Type": "Gather",
          "Parent Relationship": "Outer",
          "Parallel Aware": false,
          "Startup Cost": 303747.8,
          "Total Cost": 303748.31,
          "Plan Rows": 5,
          "Plan Width": 8,
          "Actual Startup Time": 1832.933,
          "Actual Total Time": 1892.774,
          "Actual Rows": 6,
          "Actual Loops": 1,
          "Workers Planned": 5,
          "Workers Launched": 5,
          "Single Copy": false,
          "Plans": [
            {
              "Node Type": "Aggregate",
              "Strategy": "Plain",
              "Partial Mode": "Partial",
              "Parent Relationship": "Outer",
              "Parallel Aware": false,
              "Startup Cost": 302747.8,
              "Total Cost": 302747.81,
              "Plan Rows": 1,
              "Plan Width": 8,
              "Actual Startup Time": 1822.868,
              "Actual Total Time": 1823.145,
              "Actual Rows": 1,
              "Actual Loops": 6,
              "Plans": [
                {
                  "Node Type": "Hash Join",
                  "Parent Relationship": "Outer",
                  "Parallel Aware": true,
                  "Join Type": "Inner",
                  "Startup Cost": 94298.16,
                  "Total Cost": 301707.09,
                  "Plan Rows": 416286,
                  "Plan Width": 0,
                  "Actual Startup Time": 384.449,
                  "Actual Total Time": 1522.007,
                  "Actual Rows": 7312064,
                  "Actual Loops": 6,
                  "Inner Unique": false,
                  "Hash Cond": "(mi.movie_id = t.id)",
                  "Plans": [
                    {
                      "Node Type": "Seq Scan",
                      "Parent Relationship": "Outer",
                      "Parallel Aware": true,
                      "Relation Name": "movie_info",
                      "Alias": "mi",
                      "Startup Cost": 0.0,
                      "Total Cost": 198952.16,
                      "Plan Rows": 1897040,
                      "Plan Width": 4,
                      "Actual Startup Time": 0.038,
                      "Actual Total Time": 338.223,
                      "Actual Rows": 1594192,
                      "Actual Loops": 6,
                      "Filter": "(info_type_id < 16)",
                      "Rows Removed by Filter": 878428
                    },
                    {
                      "Node Type": "Hash",
                      "Parent Relationship": "Inner",
                      "Parallel Aware": true,
                      "Startup Cost": 92061.04,
                      "Total Cost": 92061.04,
                      "Plan Rows": 178970,
                      "Plan Width": 8,
                      "Actual Startup Time": 379.899,
                      "Actual Total Time": 380.175,
                      "Actual Rows": 241108,
                      "Actual Loops": 6,
                      "Hash Buckets": 2097152,
                      "Original Hash Buckets": 1048576,
                      "Hash Batches": 1,
                      "Original Hash Batches": 1,
                      "Peak Memory Usage": 81248,
                      "Plans": [
                        {
                          "Node Type": "Hash Join",
                          "Parent Relationship": "Outer",
                          "Parallel Aware": true,
                          "Join Type": "Inner",
                          "Startup Cost": 47675.17,
                          "Total Cost": 92061.04,
                          "Plan Rows": 178970,
                          "Plan Width": 8,
                          "Actual Startup Time": 146.493,
                          "Actual Total Time": 289.482,
                          "Actual Rows": 241108,
                          "Actual Loops": 6,
                          "Inner Unique": true,
                          "Hash Cond": "(mk.movie_id = t.id)",
                          "Plans": [
                            {
                              "Node Type": "Seq Scan",
                              "Parent Relationship": "Outer",
                              "Parallel Aware": true,
                              "Relation Name": "movie_keyword",
                              "Alias": "mk",
                              "Startup Cost": 0.0,
                              "Total Cost": 42695.65,
                              "Plan Rows": 643890,
                              "Plan Width": 4,
                              "Actual Startup Time": 0.31,
                              "Actual Total Time": 80.672,
                              "Actual Rows": 332009,
                              "Actual Loops": 6,
                              "Filter": "(keyword_id > 6293)",
                              "Rows Removed by Filter": 421980
                            },
                            {
                              "Node Type": "Hash",
                              "Parent Relationship": "Inner",
                              "Parallel Aware": true,
                              "Startup Cost": 45479.1,
                              "Total Cost": 45479.1,
                              "Plan Rows": 175686,
                              "Plan Width": 4,
                              "Actual Startup Time": 144.212,
                              "Actual Total Time": 144.214,
                              "Actual Rows": 124988,
                              "Actual Loops": 6,
                              "Hash Buckets": 1048576,
                              "Original Hash Buckets": 1048576,
                              "Hash Batches": 1,
                              "Original Hash Batches": 1,
                              "Peak Memory Usage": 37632,
                              "Plans": [
                                {
                                  "Node Type": "Seq Scan",
                                  "Parent Relationship": "Outer",
                                  "Parallel Aware": true,
                                  "Relation Name": "title",
                                  "Alias": "t",
                                  "Startup Cost": 0.0,
                                  "Total Cost": 45479.1,
                                  "Plan Rows": 175686,
                                  "Plan Width": 4,
                                  "Actual Startup Time": 0.05,
                                  "Actual Total Time": 85.32,
                                  "Actual Rows": 124988,
                                  "Actual Loops": 6,
                                  "Filter": "((kind_id < 7) AND (production_year < 2009))",
                                  "Rows Removed by Filter": 296397
                                }
                              ]
                            }
                          ]
                        }
                      ]
                    }
                  ]
                }
              ]
            }
          ]
        }
      ]
    },
    "Planning Time": 1.384,
    "Triggers": [],
    "Execution Time": 1892.884
  }
]