[
  {
    "Plan": {
      "Node Type": "Aggregate",
      "Strategy": "Plain",
      "Partial Mode": "Finalize",
      "Parallel Aware": false,
      "Startup Cost": 345990.34,
      "Total Cost": 345990.35,
      "Plan Rows": 1,
      "Plan Width": 8,
      "Actual Startup Time": 657.479,
      "Actual Total Time": 714.203,
      "Actual Rows": 1,
      "Actual Loops": 1,
      "Plans": [
        {
          "Node Type": "Gather",
          "Parent Relationship": "Outer",
          "Parallel Aware": false,
          "Startup Cost": 345989.72,
          "Total Cost": 345990.33,
          "Plan Rows": 6,
          "Plan Width": 8,
          "Actual Startup Time": 657.301,
          "Actual Total Time": 714.19,
          "Actual Rows": 7,
          "Actual Loops": 1,
          "Workers Planned": 6,
          "Workers Launched": 6,
          "Single Copy": false,
          "Plans": [
            {
              "Node Type": "Aggregate",
              "Strategy": "Plain",
              "Partial Mode": "Partial",
              "Parent Relationship": "Outer",
              "Parallel Aware": false,
              "Startup Cost": 344989.72,
              "Total Cost": 344989.73,
              "Plan Rows": 1,
              "Plan Width": 8,
              "Actual Startup Time": 649.93,
              "Actual Total Time": 649.931,
              "Actual Rows": 1,
              "Actual Loops": 7,
              "Plans": [
                {
                  "Node Type": "Seq Scan",
                  "Parent Relationship": "Outer",
                  "Parallel Aware": true,
                  "Relation Name": "cast_info",
                  "Alias": "ci",
                  "Startup Cost": 0.0,
                  "Total Cost": 343316.27,
                  "Plan Rows": 669379,
                  "Plan Width": 0,
                  "Actual Startup Time": 454.306,
                  "Actual Total Time": 636.118,
                  "Actual Rows": 269606,
                  "Actual Loops": 7,
                  "Filter": "((person_id > 3230367) AND (role_id < 10))",
                  "Rows Removed by Filter": 4908158
                }
              ]
            }
          ]
        }
      ]
    },
    "Planning Time": 0.105,
    "Triggers": [],
    "Execution Time": 714.245
  }
]