[
  {
    "Plan": {
      "Node Type": "Aggregate",
      "Strategy": "Plain",
      "Partial Mode": "Finalize",
      "Parallel Aware": false,
      "Startup Cost": 31613.04,
      "Total Cost": 31613.05,
      "Plan Rows": 1,
      "Plan Width": 8,
      "Actual Startup Time": 108.951,
      "Actual Total Time": 116.273,
      "Actual Rows": 1,
      "Actual Loops": 1,
      "Plans": [
        {
          "Node Type": "Gather",
          "Parent Relationship": "Outer",
          "Parallel Aware": false,
          "Startup Cost": 31612.72,
          "Total Cost": 31613.03,
          "Plan Rows": 3,
          "Plan Width": 8,
          "Actual Startup Time": 108.856,
          "Actual Total Time": 116.267,
          "Actual Rows": 4,
          "Actual Loops": 1,
          "Workers Planned": 3,
          "Workers Launched": 3,
          "Single Copy": false,
          "Plans": [
            {
              "Node Type": "Aggregate",
              "Strategy": "Plain",
              "Partial Mode": "Partial",
              "Parent Relationship": "Outer",
              "Parallel Aware": false,
              "Startup Cost": 30612.72,
              "Total Cost": 30612.73,
              "Plan Rows": 1,
              "Plan Width": 8,
              "Actual Startup Time": 103.22,
              "Actual Total Time": 103.221,
              "Actual Rows": 1,
              "Actual Loops": 4,
              "Plans": [
                {
                  "Node Type": "Seq Scan",
                  "Parent Relationship": "Outer",
                  "Parallel Aware": true,
                  "Relation Name": "movie_companies",
                  "Alias": "mc",
                  "Startup Cost": 0.0,
                  "Total Cost": 29310.68,
                  "Plan Rows": 520816,
                  "Plan Width": 0,
                  "Actual Startup Time": 4.021,
                  "Actual Total Time": 84.635,
                  "Actual Rows": 404094,
                  "Actual Loops": 4,
                  "Filter": "(company_id > 4614)",
                  "Rows Removed by Filter": 248188
                }
              ]
            }
          ]
        }
      ]
    },
    "Planning Time": 0.135,
    "Triggers": [],
    "Execution Time": 116.311
  }
]