{
    "Plan": {
        "Node Type": "Aggregate",
        "Strategy": "Plain",
        "Partial Mode": "Finalize",
        "Parallel Aware": false,
        "Startup Cost": 60155.36,
        "Total Cost": 60155.37,
        "Plan Rows": 1,
        "Plan Width": 8,
        "Actual Startup Time": 206.205,
        "Actual Total Time": 220.468,
        "Actual Rows": 1,
        "Actual Loops": 1,
        "Output": [
            "count(*)"
        ],
        "Plans": [
            {
                "Node Type": "Gather",
                "Parent Relationship": "Outer",
                "Parallel Aware": false,
                "Startup Cost": 60155.15,
                "Total Cost": 60155.36,
                "Plan Rows": 2,
                "Plan Width": 8,
                "Actual Startup Time": 205.977,
                "Actual Total Time": 220.46,
                "Actual Rows": 3,
                "Actual Loops": 1,
                "Output": [
                    "(PARTIAL count(*))"
                ],
                "Workers Planned": 2,
                "Workers Launched": 2,
                "Single Copy": false,
                "Plans": [
                    {
                        "Node Type": "Aggregate",
                        "Strategy": "Plain",
                        "Partial Mode": "Partial",
                        "Parent Relationship": "Outer",
                        "Parallel Aware": false,
                        "Startup Cost": 59155.15,
                        "Total Cost": 59155.16,
                        "Plan Rows": 1,
                        "Plan Width": 8,
                        "Actual Startup Time": 198.137,
                        "Actual Total Time": 198.141,
                        "Actual Rows": 1,
                        "Actual Loops": 3,
                        "Output": [
                            "PARTIAL count(*)"
                        ],
                        "Workers": [
                            {
                                "Worker Number": 0,
                                "Actual Startup Time": 194.128,
                                "Actual Total Time": 194.131,
                                "Actual Rows": 1,
                                "Actual Loops": 1
                            },
                            {
                                "Worker Number": 1,
                                "Actual Startup Time": 194.916,
                                "Actual Total Time": 194.919,
                                "Actual Rows": 1,
                                "Actual Loops": 1
                            }
                        ],
                        "Plans": [
                            {
                                "Node Type": "Hash Join",
                                "Parent Relationship": "Outer",
                                "Parallel Aware": true,
                                "Join Type": "Inner",
                                "Startup Cost": 43951.11,
                                "Total Cost": 59145.67,
                                "Plan Rows": 3792,
                                "Plan Width": 0,
                                "Actual Startup Time": 151.525,
                                "Actual Total Time": 197.994,
                                "Actual Rows": 2315,
                                "Actual Loops": 3,
                                "Inner Unique": true,
                                "Hash Cond": "(mi_idx.movie_id = t.id)",
                                "Workers": [
                                    {
                                        "Worker Number": 0,
                                        "Actual Startup Time": 147.518,
                                        "Actual Total Time": 193.979,
                                        "Actual Rows": 2465,
                                        "Actual Loops": 1
                                    },
                                    {
                                        "Worker Number": 1,
                                        "Actual Startup Time": 148.321,
                                        "Actual Total Time": 194.762,
                                        "Actual Rows": 1591,
                                        "Actual Loops": 1
                                    }
                                ],
                                "Plans": [
                                    {
                                        "Node Type": "Seq Scan",
                                        "Parent Relationship": "Outer",
                                        "Parallel Aware": true,
                                        "Relation Name": "movie_info_idx",
                                        "Schema": "public",
                                        "Alias": "mi_idx",
                                        "Startup Cost": 0.0,
                                        "Total Cost": 13685.15,
                                        "Plan Rows": 575015,
                                        "Plan Width": 4,
                                        "Actual Startup Time": 0.008,
                                        "Actual Total Time": 38.286,
                                        "Actual Rows": 460012,
                                        "Actual Loops": 3,
                                        "Output": [
                                            "mi_idx.id",
                                            "mi_idx.movie_id",
                                            "mi_idx.info_type_id",
                                            "mi_idx.info",
                                            "mi_idx.note"
                                        ],
                                        "Workers": [
                                            {
                                                "Worker Number": 0,
                                                "Actual Startup Time": 0.008,
                                                "Actual Total Time": 39.593,
                                                "Actual Rows": 488033,
                                                "Actual Loops": 1
                                            },
                                            {
                                                "Worker Number": 1,
                                                "Actual Startup Time": 0.01,
                                                "Actual Total Time": 38.226,
                                                "Actual Rows": 322836,
                                                "Actual Loops": 1
                                            }
                                        ]
                                    },
                                    {
                                        "Node Type": "Hash",
                                        "Parent Relationship": "Inner",
                                        "Parallel Aware": true,
                                        "Startup Cost": 43899.01,
                                        "Total Cost": 43899.01,
                                        "Plan Rows": 4168,
                                        "Plan Width": 4,
                                        "Actual Startup Time": 119.772,
                                        "Actual Total Time": 119.773,
                                        "Actual Rows": 5631,
                                        "Actual Loops": 3,
                                        "Output": [
                                            "t.id"
                                        ],
                                        "Hash Buckets": 32768,
                                        "Original Hash Buckets": 32768,
                                        "Hash Batches": 1,
                                        "Original Hash Batches": 1,
                                        "Peak Memory Usage": 960,
                                        "Workers": [
                                            {
                                                "Worker Number": 0,
                                                "Actual Startup Time": 116.305,
                                                "Actual Total Time": 116.306,
                                                "Actual Rows": 5282,
                                                "Actual Loops": 1
                                            },
                                            {
                                                "Worker Number": 1,
                                                "Actual Startup Time": 117.026,
                                                "Actual Total Time": 117.027,
                                                "Actual Rows": 4028,
                                                "Actual Loops": 1
                                            }
                                        ],
                                        "Plans": [
                                            {
                                                "Node Type": "Seq Scan",
                                                "Parent Relationship": "Outer",
                                                "Parallel Aware": true,
                                                "Relation Name": "title",
                                                "Schema": "public",
                                                "Alias": "t",
                                                "Startup Cost": 0.0,
                                                "Total Cost": 43899.01,
                                                "Plan Rows": 4168,
                                                "Plan Width": 4,
                                                "Actual Startup Time": 70.555,
                                                "Actual Total Time": 117.472,
                                                "Actual Rows": 5631,
                                                "Actual Loops": 3,
                                                "Output": [
                                                    "t.id"
                                                ],
                                                "Filter": "(t.production_year < 1907)",
                                                "Rows Removed by Filter": 837140,
                                                "Workers": [
                                                    {
                                                        "Worker Number": 0,
                                                        "Actual Startup Time": 46.585,
                                                        "Actual Total Time": 114.135,
                                                        "Actual Rows": 5282,
                                                        "Actual Loops": 1
                                                    },
                                                    {
                                                        "Worker Number": 1,
                                                        "Actual Startup Time": 78.063,
                                                        "Actual Total Time": 114.788,
                                                        "Actual Rows": 4028,
                                                        "Actual Loops": 1
                                                    }
                                                ]
                                            }
                                        ]
                                    }
                                ]
                            }
                        ]
                    }
                ]
            }
        ]
    },
    "Planning Time": 0.639,
    "Triggers": [],
    "Execution Time": 220.537
}