[
  {
    "Plan": {
      "Node Type": "Aggregate",
      "Strategy": "Plain",
      "Partial Mode": "Finalize",
      "Parallel Aware": false,
      "Startup Cost": 455486.62,
      "Total Cost": 455486.63,
      "Plan Rows": 1,
      "Plan Width": 8,
      "Actual Startup Time": 2526.887,
      "Actual Total Time": 2585.634,
      "Actual Rows": 1,
      "Actual Loops": 1,
      "Plans": [
        {
          "Node Type": "Gather",
          "Parent Relationship": "Outer",
          "Parallel Aware": false,
          "Startup Cost": 455485.99,
          "Total Cost": 455486.6,
          "Plan Rows": 6,
          "Plan Width": 8,
          "Actual Startup Time": 2505.438,
          "Actual Total Time": 2585.622,
          "Actual Rows": 7,
          "Actual Loops": 1,
          "Workers Planned": 6,
          "Workers Launched": 6,
          "Single Copy": false,
          "Plans": [
            {
              "Node Type": "Aggregate",
              "Strategy": "Plain",
              "Partial Mode": "Partial",
              "Parent Relationship": "Outer",
              "Parallel Aware": false,
              "Startup Cost": 454485.99,
              "Total Cost": 454486.0,
              "Plan Rows": 1,
              "Plan Width": 8,
              "Actual Startup Time": 2493.226,
              "Actual Total Time": 2493.231,
              "Actual Rows": 1,
              "Actual Loops": 7,
              "Plans": [
                {
                  "Node Type": "Hash Join",
                  "Parent Relationship": "Outer",
                  "Parallel Aware": true,
                  "Join Type": "Inner",
                  "Startup Cost": 96138.53,
                  "Total Cost": 450142.24,
                  "Plan Rows": 1737501,
                  "Plan Width": 0,
                  "Actual Startup Time": 403.664,
                  "Actual Total Time": 2267.047,
                  "Actual Rows": 5346492,
                  "Actual Loops": 7,
                  "Inner Unique": false,
                  "Hash Cond": "(ci.movie_id = t.id)",
                  "Plans": [
                    {
                      "Node Type": "Seq Scan",
                      "Parent Relationship": "Outer",
                      "Parallel Aware": true,
                      "Relation Name": "cast_info",
                      "Alias": "ci",
                      "Startup Cost": 0.0,
                      "Total Cost": 328162.03,
                      "Plan Rows": 5396489,
                      "Plan Width": 4,
                      "Actual Startup Time": 40.9,
                      "Actual Total Time": 662.137,
                      "Actual Rows": 4609935,
                      "Actual Loops": 7,
                      "Filter": "(person_id > 380796)",
                      "Rows Removed by Filter": 567828
                    },
                    {
                      "Node Type": "Hash",
                      "Parent Relationship": "Inner",
                      "Parallel Aware": true,
                      "Startup Cost": 92856.14,
                      "Total Cost": 92856.14,
                      "Plan Rows": 262591,
                      "Plan Width": 8,
                      "Actual Startup Time": 359.362,
                      "Actual Total Time": 359.366,
                      "Actual Rows": 138893,
                      "Actual Loops": 7,
                      "Hash Buckets": 1048576,
                      "Original Hash Buckets": 1048576,
                      "Hash Batches": 1,
                      "Original Hash Batches": 1,
                      "Peak Memory Usage": 46304,
                      "Plans": [
                        {
                          "Node Type": "Hash Join",
                          "Parent Relationship": "Outer",
                          "Parallel Aware": true,
                          "Join Type": "Inner",
                          "Startup Cost": 49116.74,
                          "Total Cost": 92856.14,
                          "Plan Rows": 262591,
                          "Plan Width": 8,
                          "Actual Startup Time": 205.712,
                          "Actual Total Time": 315.573,
                          "Actual Rows": 138893,
                          "Actual Loops": 7,
                          "Inner Unique": true,
                          "Hash Cond": "(mk.movie_id = t.id)",
                          "Plans": [
                            {
                              "Node Type": "Seq Scan",
                              "Parent Relationship": "Outer",
                              "Parallel Aware": true,
                              "Relation Name": "movie_keyword",
                              "Alias": "mk",
                              "Startup Cost": 0.0,
                              "Total Cost": 42695.65,
                              "Plan Rows": 397619,
                              "Plan Width": 4,
                              "Actual Startup Time": 0.708,
                              "Actual Total Time": 67.053,
                              "Actual Rows": 177052,
                              "Actual Loops": 7,
                              "Filter": "(keyword_id > 14596)",
                              "Rows Removed by Filter": 469223
                            },
                            {
                              "Node Type": "Hash",
                              "Parent Relationship": "Inner",
                              "Parallel Aware": true,
                              "Startup Cost": 43898.92,
                              "Total Cost": 43898.92,
                              "Plan Rows": 417426,
                              "Plan Width": 4,
                              "Actual Startup Time": 202.178,
                              "Actual Total Time": 202.179,
                              "Actual Rows": 238756,
                              "Actual Loops": 7,
                              "Hash Buckets": 2097152,
                              "Original Hash Buckets": 2097152,
                              "Hash Batches": 1,
                              "Original Hash Batches": 1,
                              "Peak Memory Usage": 81856,
                              "Plans": [
                                {
                                  "Node Type": "Seq Scan",
                                  "Parent Relationship": "Outer",
                                  "Parallel Aware": true,
                                  "Relation Name": "title",
                                  "Alias": "t",
                                  "Startup Cost": 0.0,
                                  "Total Cost": 43898.92,
                                  "Plan Rows": 417426,
                                  "Plan Width": 4,
                                  "Actual Startup Time": 0.046,
                                  "Actual Total Time": 82.065,
                                  "Actual Rows": 238756,
                                  "Actual Loops": 7,
                                  "Filter": "(production_year < 2008)",
                                  "Rows Removed by Filter": 122431
                                }
                              ]
                            }
                          ]
                        }
                      ]
                    }
                  ]
                }
              ]
            }
          ]
        }
      ]
    },
    "Planning Time": 1.313,
    "Triggers": [],
    "Execution Time": 2585.734
  }
]