[
    {
        "Bao": {
            "Bao prediction": 404.123,
            "Bao recommended hint": "(no hint)"
        }
    },
    {
        "Plan": {
            "Node Type": "Aggregate",
            "Strategy": "Plain",
            "Partial Mode": "Simple",
            "Parallel Aware": false,
            "Startup Cost": 72613.93,
            "Total Cost": 72613.94,
            "Plan Rows": 1,
            "Plan Width": 64,
            "Actual Startup Time": 231.807,
            "Actual Total Time": 259.503,
            "Actual Rows": 1,
            "Actual Loops": 1,
            "Output": [
                "min(n.name)",
                "min(t.title)"
            ],
            "Plans": [
                {
                    "Node Type": "Nested Loop",
                    "Parent Relationship": "Outer",
                    "Parallel Aware": false,
                    "Join Type": "Inner",
                    "Startup Cost": 1004.44,
                    "Total Cost": 72613.93,
                    "Plan Rows": 1,
                    "Plan Width": 32,
                    "Actual Startup Time": 231.248,
                    "Actual Total Time": 259.469,
                    "Actual Rows": 72,
                    "Actual Loops": 1,
                    "Output": [
                        "n.name",
                        "t.title"
                    ],
                    "Inner Unique": true,
                    "Plans": [
                        {
                            "Node Type": "Nested Loop",
                            "Parent Relationship": "Outer",
                            "Parallel Aware": false,
                            "Join Type": "Inner",
                            "Startup Cost": 1004.02,
                            "Total Cost": 72613.48,
                            "Plan Rows": 1,
                            "Plan Width": 36,
                            "Actual Startup Time": 231.19,
                            "Actual Total Time": 259.101,
                            "Actual Rows": 108,
                            "Actual Loops": 1,
                            "Output": [
                                "mc.company_id",
                                "n.name",
                                "t.title"
                            ],
                            "Inner Unique": false,
                            "Join Filter": "(t.id = mc.movie_id)",
                            "Rows Removed by Join Filter": 0,
                            "Plans": [
                                {
                                    "Node Type": "Nested Loop",
                                    "Parent Relationship": "Outer",
                                    "Parallel Aware": false,
                                    "Join Type": "Inner",
                                    "Startup Cost": 1003.59,
                                    "Total Cost": 72612.86,
                                    "Plan Rows": 1,
                                    "Plan Width": 44,
                                    "Actual Startup Time": 231.12,
                                    "Actual Total Time": 258.935,
                                    "Actual Rows": 18,
                                    "Actual Loops": 1,
                                    "Output": [
                                        "ci.movie_id",
                                        "mi.movie_id",
                                        "n.name",
                                        "t.title",
                                        "t.id"
                                    ],
                                    "Inner Unique": true,
                                    "Plans": [
                                        {
                                            "Node Type": "Gather",
                                            "Parent Relationship": "Outer",
                                            "Parallel Aware": false,
                                            "Startup Cost": 1003.16,
                                            "Total Cost": 72612.34,
                                            "Plan Rows": 1,
                                            "Plan Width": 48,
                                            "Actual Startup Time": 230.964,
                                            "Actual Total Time": 258.676,
                                            "Actual Rows": 18,
                                            "Actual Loops": 1,
                                            "Output": [
                                                "ci.movie_id",
                                                "ci.person_role_id",
                                                "mi.movie_id",
                                                "n.name",
                                                "t.title",
                                                "t.id"
                                            ],
                                            "Workers Planned": 4,
                                            "Workers Launched": 4,
                                            "Single Copy": false,
                                            "Plans": [
                                                {
                                                    "Node Type": "Nested Loop",
                                                    "Parent Relationship": "Outer",
                                                    "Parallel Aware": false,
                                                    "Join Type": "Inner",
                                                    "Startup Cost": 3.16,
                                                    "Total Cost": 71612.24,
                                                    "Plan Rows": 1,
                                                    "Plan Width": 48,
                                                    "Actual Startup Time": 203.759,
                                                    "Actual Total Time": 218.737,
                                                    "Actual Rows": 4,
                                                    "Actual Loops": 5,
                                                    "Output": [
                                                        "ci.movie_id",
                                                        "ci.person_role_id",
                                                        "mi.movie_id",
                                                        "n.name",
                                                        "t.title",
                                                        "t.id"
                                                    ],
                                                    "Inner Unique": true,
                                                    "Workers": [
                                                        {
                                                            "Worker Number": 0,
                                                            "Actual Startup Time": 140.811,
                                                            "Actual Total Time": 215.678,
                                                            "Actual Rows": 18,
                                                            "Actual Loops": 1
                                                        },
                                                        {
                                                            "Worker Number": 1,
                                                            "Actual Startup Time": 215.907,
                                                            "Actual Total Time": 215.914,
                                                            "Actual Rows": 0,
                                                            "Actual Loops": 1
                                                        },
                                                        {
                                                            "Worker Number": 2,
                                                            "Actual Startup Time": 216.572,
                                                            "Actual Total Time": 216.578,
                                                            "Actual Rows": 0,
                                                            "Actual Loops": 1
                                                        },
                                                        {
                                                            "Worker Number": 3,
                                                            "Actual Startup Time": 216.58,
                                                            "Actual Total Time": 216.586,
                                                            "Actual Rows": 0,
                                                            "Actual Loops": 1
                                                        }
                                                    ],
                                                    "Plans": [
                                                        {
                                                            "Node Type": "Nested Loop",
                                                            "Parent Relationship": "Outer",
                                                            "Parallel Aware": false,
                                                            "Join Type": "Inner",
                                                            "Startup Cost": 3.02,
                                                            "Total Cost": 71612.06,
                                                            "Plan Rows": 1,
                                                            "Plan Width": 52,
                                                            "Actual Startup Time": 203.748,
                                                            "Actual Total Time": 218.721,
                                                            "Actual Rows": 4,
                                                            "Actual Loops": 5,
                                                            "Output": [
                                                                "ci.movie_id",
                                                                "ci.person_role_id",
                                                                "mi.movie_id",
                                                                "mi.info_type_id",
                                                                "n.name",
                                                                "t.title",
                                                                "t.id"
                                                            ],
                                                            "Inner Unique": false,
                                                            "Join Filter": "(t.id = mi.movie_id)",
                                                            "Rows Removed by Join Filter": 0,
                                                            "Workers": [
                                                                {
                                                                    "Worker Number": 0,
                                                                    "Actual Startup Time": 140.763,
                                                                    "Actual Total Time": 215.603,
                                                                    "Actual Rows": 18,
                                                                    "Actual Loops": 1
                                                                },
                                                                {
                                                                    "Worker Number": 1,
                                                                    "Actual Startup Time": 215.906,
                                                                    "Actual Total Time": 215.911,
                                                                    "Actual Rows": 0,
                                                                    "Actual Loops": 1
                                                                },
                                                                {
                                                                    "Worker Number": 2,
                                                                    "Actual Startup Time": 216.57,
                                                                    "Actual Total Time": 216.575,
                                                                    "Actual Rows": 0,
                                                                    "Actual Loops": 1
                                                                },
                                                                {
                                                                    "Worker Number": 3,
                                                                    "Actual Startup Time": 216.578,
                                                                    "Actual Total Time": 216.584,
                                                                    "Actual Rows": 0,
                                                                    "Actual Loops": 1
                                                                }
                                                            ],
                                                            "Plans": [
                                                                {
                                                                    "Node Type": "Nested Loop",
                                                                    "Parent Relationship": "Outer",
                                                                    "Parallel Aware": false,
                                                                    "Join Type": "Inner",
                                                                    "Startup Cost": 2.58,
                                                                    "Total Cost": 71610.37,
                                                                    "Plan Rows": 1,
                                                                    "Plan Width": 44,
                                                                    "Actual Startup Time": 203.72,
                                                                    "Actual Total Time": 218.655,
                                                                    "Actual Rows": 4,
                                                                    "Actual Loops": 5,
                                                                    "Output": [
                                                                        "ci.movie_id",
                                                                        "ci.person_role_id",
                                                                        "n.name",
                                                                        "t.title",
                                                                        "t.id"
                                                                    ],
                                                                    "Inner Unique": true,
                                                                    "Workers": [
                                                                        {
                                                                            "Worker Number": 0,
                                                                            "Actual Startup Time": 140.625,
                                                                            "Actual Total Time": 215.281,
                                                                            "Actual Rows": 18,
                                                                            "Actual Loops": 1
                                                                        },
                                                                        {
                                                                            "Worker Number": 1,
                                                                            "Actual Startup Time": 215.905,
                                                                            "Actual Total Time": 215.91,
                                                                            "Actual Rows": 0,
                                                                            "Actual Loops": 1
                                                                        },
                                                                        {
                                                                            "Worker Number": 2,
                                                                            "Actual Startup Time": 216.569,
                                                                            "Actual Total Time": 216.574,
                                                                            "Actual Rows": 0,
                                                                            "Actual Loops": 1
                                                                        },
                                                                        {
                                                                            "Worker Number": 3,
                                                                            "Actual Startup Time": 216.578,
                                                                            "Actual Total Time": 216.582,
                                                                            "Actual Rows": 0,
                                                                            "Actual Loops": 1
                                                                        }
                                                                    ],
                                                                    "Plans": [
                                                                        {
                                                                            "Node Type": "Hash Join",
                                                                            "Parent Relationship": "Outer",
                                                                            "Parallel Aware": false,
                                                                            "Join Type": "Inner",
                                                                            "Startup Cost": 2.15,
                                                                            "Total Cost": 71608.82,
                                                                            "Plan Rows": 3,
                                                                            "Plan Width": 23,
                                                                            "Actual Startup Time": 203.66,
                                                                            "Actual Total Time": 218.487,
                                                                            "Actual Rows": 18,
                                                                            "Actual Loops": 5,
                                                                            "Output": [
                                                                                "ci.movie_id",
                                                                                "ci.person_role_id",
                                                                                "n.name"
                                                                            ],
                                                                            "Inner Unique": true,
                                                                            "Hash Cond": "(ci.role_id = rt.id)",
                                                                            "Workers": [
                                                                                {
                                                                                    "Worker Number": 0,
                                                                                    "Actual Startup Time": 140.33,
                                                                                    "Actual Total Time": 214.446,
                                                                                    "Actual Rows": 90,
                                                                                    "Actual Loops": 1
                                                                                },
                                                                                {
                                                                                    "Worker Number": 1,
                                                                                    "Actual Startup Time": 215.905,
                                                                                    "Actual Total Time": 215.909,
                                                                                    "Actual Rows": 0,
                                                                                    "Actual Loops": 1
                                                                                },
                                                                                {
                                                                                    "Worker Number": 2,
                                                                                    "Actual Startup Time": 216.569,
                                                                                    "Actual Total Time": 216.572,
                                                                                    "Actual Rows": 0,
                                                                                    "Actual Loops": 1
                                                                                },
                                                                                {
                                                                                    "Worker Number": 3,
                                                                                    "Actual Startup Time": 216.577,
                                                                                    "Actual Total Time": 216.581,
                                                                                    "Actual Rows": 0,
                                                                                    "Actual Loops": 1
                                                                                }
                                                                            ],
                                                                            "Plans": [
                                                                                {
                                                                                    "Node Type": "Nested Loop",
                                                                                    "Parent Relationship": "Outer",
                                                                                    "Parallel Aware": false,
                                                                                    "Join Type": "Inner",
                                                                                    "Startup Cost": 0.99,
                                                                                    "Total Cost": 71607.53,
                                                                                    "Plan Rows": 38,
                                                                                    "Plan Width": 27,
                                                                                    "Actual Startup Time": 203.601,
                                                                                    "Actual Total Time": 218.42,
                                                                                    "Actual Rows": 18,
                                                                                    "Actual Loops": 5,
                                                                                    "Output": [
                                                                                        "ci.movie_id",
                                                                                        "ci.role_id",
                                                                                        "ci.person_role_id",
                                                                                        "n.name"
                                                                                    ],
                                                                                    "Inner Unique": false,
                                                                                    "Join Filter": "(n.id = ci.person_id)",
                                                                                    "Rows Removed by Join Filter": 0,
                                                                                    "Workers": [
                                                                                        {
                                                                                            "Worker Number": 0,
                                                                                            "Actual Startup Time": 140.043,
                                                                                            "Actual Total Time": 214.128,
                                                                                            "Actual Rows": 90,
                                                                                            "Actual Loops": 1
                                                                                        },
                                                                                        {
                                                                                            "Worker Number": 1,
                                                                                            "Actual Startup Time": 215.903,
                                                                                            "Actual Total Time": 215.905,
                                                                                            "Actual Rows": 0,
                                                                                            "Actual Loops": 1
                                                                                        },
                                                                                        {
                                                                                            "Worker Number": 2,
                                                                                            "Actual Startup Time": 216.566,
                                                                                            "Actual Total Time": 216.568,
                                                                                            "Actual Rows": 0,
                                                                                            "Actual Loops": 1
                                                                                        },
                                                                                        {
                                                                                            "Worker Number": 3,
                                                                                            "Actual Startup Time": 216.575,
                                                                                            "Actual Total Time": 216.577,
                                                                                            "Actual Rows": 0,
                                                                                            "Actual Loops": 1
                                                                                        }
                                                                                    ],
                                                                                    "Plans": [
                                                                                        {
                                                                                            "Node Type": "Nested Loop",
                                                                                            "Parent Relationship": "Outer",
                                                                                            "Parallel Aware": false,
                                                                                            "Join Type": "Inner",
                                                                                            "Startup Cost": 0.42,
                                                                                            "Total Cost": 71538.77,
                                                                                            "Plan Rows": 5,
                                                                                            "Plan Width": 23,
                                                                                            "Actual Startup Time": 203.564,
                                                                                            "Actual Total Time": 218.352,
                                                                                            "Actual Rows": 2,
                                                                                            "Actual Loops": 5,
                                                                                            "Output": [
                                                                                                "an.person_id",
                                                                                                "n.name",
                                                                                                "n.id"
                                                                                            ],
                                                                                            "Inner Unique": false,
                                                                                            "Workers": [
                                                                                                {
                                                                                                    "Worker Number": 0,
                                                                                                    "Actual Startup Time": 139.863,
                                                                                                    "Actual Total Time": 213.795,
                                                                                                    "Actual Rows": 9,
                                                                                                    "Actual Loops": 1
                                                                                                },
                                                                                                {
                                                                                                    "Worker Number": 1,
                                                                                                    "Actual Startup Time": 215.902,
                                                                                                    "Actual Total Time": 215.904,
                                                                                                    "Actual Rows": 0,
                                                                                                    "Actual Loops": 1
                                                                                                },
                                                                                                {
                                                                                                    "Worker Number": 2,
                                                                                                    "Actual Startup Time": 216.565,
                                                                                                    "Actual Total Time": 216.567,
                                                                                                    "Actual Rows": 0,
                                                                                                    "Actual Loops": 1
                                                                                                },
                                                                                                {
                                                                                                    "Worker Number": 3,
                                                                                                    "Actual Startup Time": 216.574,
                                                                                                    "Actual Total Time": 216.576,
                                                                                                    "Actual Rows": 0,
                                                                                                    "Actual Loops": 1
                                                                                                }
                                                                                            ],
                                                                                            "Plans": [
                                                                                                {
                                                                                                    "Node Type": "Seq Scan",
                                                                                                    "Parent Relationship": "Outer",
                                                                                                    "Parallel Aware": true,
                                                                                                    "Relation Name": "name",
                                                                                                    "Schema": "public",
                                                                                                    "Alias": "n",
                                                                                                    "Startup Cost": 0.0,
                                                                                                    "Total Cost": 71241.41,
                                                                                                    "Plan Rows": 24,
                                                                                                    "Plan Width": 19,
                                                                                                    "Actual Startup Time": 203.521,
                                                                                                    "Actual Total Time": 218.302,
                                                                                                    "Actual Rows": 0,
                                                                                                    "Actual Loops": 5,
                                                                                                    "Output": [
                                                                                                        "n.id",
                                                                                                        "n.name",
                                                                                                        "n.imdb_index",
                                                                                                        "n.imdb_id",
                                                                                                        "n.gender",
                                                                                                        "n.name_pcode_cf",
                                                                                                        "n.name_pcode_nf",
                                                                                                        "n.surname_pcode",
                                                                                                        "n.md5sum"
                                                                                                    ],
                                                                                                    "Filter": "((n.name ~~ '%Kirsebom%'::text) AND ((n.gender)::text = 'f'::text))",
                                                                                                    "Rows Removed by Filter": 833498,
                                                                                                    "Workers": [
                                                                                                        {
                                                                                                            "Worker Number": 0,
                                                                                                            "Actual Startup Time": 139.652,
                                                                                                            "Actual Total Time": 213.552,
                                                                                                            "Actual Rows": 1,
                                                                                                            "Actual Loops": 1
                                                                                                        },
                                                                                                        {
                                                                                                            "Worker Number": 1,
                                                                                                            "Actual Startup Time": 215.9,
                                                                                                            "Actual Total Time": 215.901,
                                                                                                            "Actual Rows": 0,
                                                                                                            "Actual Loops": 1
                                                                                                        },
                                                                                                        {
                                                                                                            "Worker Number": 2,
                                                                                                            "Actual Startup Time": 216.564,
                                                                                                            "Actual Total Time": 216.564,
                                                                                                            "Actual Rows": 0,
                                                                                                            "Actual Loops": 1
                                                                                                        },
                                                                                                        {
                                                                                                            "Worker Number": 3,
                                                                                                            "Actual Startup Time": 216.573,
                                                                                                            "Actual Total Time": 216.574,
                                                                                                            "Actual Rows": 0,
                                                                                                            "Actual Loops": 1
                                                                                                        }
                                                                                                    ]
                                                                                                },
                                                                                                {
                                                                                                    "Node Type": "Index Only Scan",
                                                                                                    "Parent Relationship": "Inner",
                                                                                                    "Parallel Aware": false,
                                                                                                    "Scan Direction": "Forward",
                                                                                                    "Index Name": "person_id_aka_name",
                                                                                                    "Relation Name": "aka_name",
                                                                                                    "Schema": "public",
                                                                                                    "Alias": "an",
                                                                                                    "Startup Cost": 0.42,
                                                                                                    "Total Cost": 12.37,
                                                                                                    "Plan Rows": 2,
                                                                                                    "Plan Width": 4,
                                                                                                    "Actual Startup Time": 0.198,
                                                                                                    "Actual Total Time": 0.227,
                                                                                                    "Actual Rows": 9,
                                                                                                    "Actual Loops": 1,
                                                                                                    "Output": [
                                                                                                        "an.person_id"
                                                                                                    ],
                                                                                                    "Index Cond": "(an.person_id = n.id)",
                                                                                                    "Rows Removed by Index Recheck": 0,
                                                                                                    "Heap Fetches": 9,
                                                                                                    "Workers": [
                                                                                                        {
                                                                                                            "Worker Number": 0,
                                                                                                            "Actual Startup Time": 0.198,
                                                                                                            "Actual Total Time": 0.227,
                                                                                                            "Actual Rows": 9,
                                                                                                            "Actual Loops": 1
                                                                                                        }
                                                                                                    ]
                                                                                                }
                                                                                            ]
                                                                                        },
                                                                                        {
                                                                                            "Node Type": "Index Scan",
                                                                                            "Parent Relationship": "Inner",
                                                                                            "Parallel Aware": false,
                                                                                            "Scan Direction": "Forward",
                                                                                            "Index Name": "person_id_cast_info",
                                                                                            "Relation Name": "cast_info",
                                                                                            "Schema": "public",
                                                                                            "Alias": "ci",
                                                                                            "Startup Cost": 0.56,
                                                                                            "Total Cost": 13.29,
                                                                                            "Plan Rows": 37,
                                                                                            "Plan Width": 16,
                                                                                            "Actual Startup Time": 0.024,
                                                                                            "Actual Total Time": 0.034,
                                                                                            "Actual Rows": 10,
                                                                                            "Actual Loops": 9,
                                                                                            "Output": [
                                                                                                "ci.id",
                                                                                                "ci.person_id",
                                                                                                "ci.movie_id",
                                                                                                "ci.person_role_id",
                                                                                                "ci.note",
                                                                                                "ci.nr_order",
                                                                                                "ci.role_id"
                                                                                            ],
                                                                                            "Index Cond": "(ci.person_id = an.person_id)",
                                                                                            "Rows Removed by Index Recheck": 0,
                                                                                            "Filter": "(ci.note = ANY ('{(writer),(uncredited),(producer),\"(as Vendela Kirsebom)\"}'::text[]))",
                                                                                            "Rows Removed by Filter": 24,
                                                                                            "Workers": [
                                                                                                {
                                                                                                    "Worker Number": 0,
                                                                                                    "Actual Startup Time": 0.024,
                                                                                                    "Actual Total Time": 0.034,
                                                                                                    "Actual Rows": 10,
                                                                                                    "Actual Loops": 9
                                                                                                }
                                                                                            ]
                                                                                        }
                                                                                    ]
                                                                                },
                                                                                {
                                                                                    "Node Type": "Hash",
                                                                                    "Parent Relationship": "Inner",
                                                                                    "Parallel Aware": false,
                                                                                    "Startup Cost": 1.15,
                                                                                    "Total Cost": 1.15,
                                                                                    "Plan Rows": 1,
                                                                                    "Plan Width": 4,
                                                                                    "Actual Startup Time": 0.07,
                                                                                    "Actual Total Time": 0.072,
                                                                                    "Actual Rows": 1,
                                                                                    "Actual Loops": 1,
                                                                                    "Output": [
                                                                                        "rt.id"
                                                                                    ],
                                                                                    "Hash Buckets": 1024,
                                                                                    "Original Hash Buckets": 1024,
                                                                                    "Hash Batches": 1,
                                                                                    "Original Hash Batches": 1,
                                                                                    "Peak Memory Usage": 9,
                                                                                    "Workers": [
                                                                                        {
                                                                                            "Worker Number": 0,
                                                                                            "Actual Startup Time": 0.07,
                                                                                            "Actual Total Time": 0.072,
                                                                                            "Actual Rows": 1,
                                                                                            "Actual Loops": 1
                                                                                        }
                                                                                    ],
                                                                                    "Plans": [
                                                                                        {
                                                                                            "Node Type": "Seq Scan",
                                                                                            "Parent Relationship": "Outer",
                                                                                            "Parallel Aware": false,
                                                                                            "Relation Name": "role_type",
                                                                                            "Schema": "public",
                                                                                            "Alias": "rt",
                                                                                            "Startup Cost": 0.0,
                                                                                            "Total Cost": 1.15,
                                                                                            "Plan Rows": 1,
                                                                                            "Plan Width": 4,
                                                                                            "Actual Startup Time": 0.049,
                                                                                            "Actual Total Time": 0.052,
                                                                                            "Actual Rows": 1,
                                                                                            "Actual Loops": 1,
                                                                                            "Output": [
                                                                                                "rt.id"
                                                                                            ],
                                                                                            "Filter": "((rt.role)::text = 'actress'::text)",
                                                                                            "Rows Removed by Filter": 11,
                                                                                            "Workers": [
                                                                                                {
                                                                                                    "Worker Number": 0,
                                                                                                    "Actual Startup Time": 0.049,
                                                                                                    "Actual Total Time": 0.052,
                                                                                                    "Actual Rows": 1,
                                                                                                    "Actual Loops": 1
                                                                                                }
                                                                                            ]
                                                                                        }
                                                                                    ]
                                                                                }
                                                                            ]
                                                                        },
                                                                        {
                                                                            "Node Type": "Index Scan",
                                                                            "Parent Relationship": "Inner",
                                                                            "Parallel Aware": false,
                                                                            "Scan Direction": "Forward",
                                                                            "Index Name": "title_pkey",
                                                                            "Relation Name": "title",
                                                                            "Schema": "public",
                                                                            "Alias": "t",
                                                                            "Startup Cost": 0.43,
                                                                            "Total Cost": 0.52,
                                                                            "Plan Rows": 1,
                                                                            "Plan Width": 21,
                                                                            "Actual Startup Time": 0.009,
                                                                            "Actual Total Time": 0.009,
                                                                            "Actual Rows": 0,
                                                                            "Actual Loops": 90,
                                                                            "Output": [
                                                                                "t.id",
                                                                                "t.title",
                                                                                "t.imdb_index",
                                                                                "t.kind_id",
                                                                                "t.production_year",
                                                                                "t.imdb_id",
                                                                                "t.phonetic_code",
                                                                                "t.episode_of_id",
                                                                                "t.season_nr",
                                                                                "t.episode_nr",
                                                                                "t.series_years",
                                                                                "t.md5sum"
                                                                            ],
                                                                            "Index Cond": "(t.id = ci.movie_id)",
                                                                            "Rows Removed by Index Recheck": 0,
                                                                            "Filter": "(t.production_year > 2006)",
                                                                            "Rows Removed by Filter": 1,
                                                                            "Workers": [
                                                                                {
                                                                                    "Worker Number": 0,
                                                                                    "Actual Startup Time": 0.009,
                                                                                    "Actual Total Time": 0.009,
                                                                                    "Actual Rows": 0,
                                                                                    "Actual Loops": 90
                                                                                }
                                                                            ]
                                                                        }
                                                                    ]
                                                                },
                                                                {
                                                                    "Node Type": "Index Scan",
                                                                    "Parent Relationship": "Inner",
                                                                    "Parallel Aware": false,
                                                                    "Scan Direction": "Forward",
                                                                    "Index Name": "movie_id_movie_info",
                                                                    "Relation Name": "movie_info",
                                                                    "Schema": "public",
                                                                    "Alias": "mi",
                                                                    "Startup Cost": 0.43,
                                                                    "Total Cost": 1.68,
                                                                    "Plan Rows": 1,
                                                                    "Plan Width": 8,
                                                                    "Actual Startup Time": 0.009,
                                                                    "Actual Total Time": 0.017,
                                                                    "Actual Rows": 1,
                                                                    "Actual Loops": 18,
                                                                    "Output": [
                                                                        "mi.id",
                                                                        "mi.movie_id",
                                                                        "mi.info_type_id",
                                                                        "mi.info",
                                                                        "mi.note"
                                                                    ],
                                                                    "Index Cond": "(mi.movie_id = ci.movie_id)",
                                                                    "Rows Removed by Index Recheck": 0,
                                                                    "Filter": "((mi.info IS NOT NULL) AND ((mi.info ~~ 'Japan:%200%'::text) OR (mi.info ~~ 'USA:%200%'::text)))",
                                                                    "Rows Removed by Filter": 5,
                                                                    "Workers": [
                                                                        {
                                                                            "Worker Number": 0,
                                                                            "Actual Startup Time": 0.009,
                                                                            "Actual Total Time": 0.017,
                                                                            "Actual Rows": 1,
                                                                            "Actual Loops": 18
                                                                        }
                                                                    ]
                                                                }
                                                            ]
                                                        },
                                                        {
                                                            "Node Type": "Index Scan",
                                                            "Parent Relationship": "Inner",
                                                            "Parallel Aware": false,
                                                            "Scan Direction": "Forward",
                                                            "Index Name": "info_type_pkey",
                                                            "Relation Name": "info_type",
                                                            "Schema": "public",
                                                            "Alias": "it",
                                                            "Startup Cost": 0.14,
                                                            "Total Cost": 0.16,
                                                            "Plan Rows": 1,
                                                            "Plan Width": 4,
                                                            "Actual Startup Time": 0.003,
                                                            "Actual Total Time": 0.003,
                                                            "Actual Rows": 1,
                                                            "Actual Loops": 18,
                                                            "Output": [
                                                                "it.id",
                                                                "it.info"
                                                            ],
                                                            "Index Cond": "(it.id = mi.info_type_id)",
                                                            "Rows Removed by Index Recheck": 0,
                                                            "Filter": "((it.info)::text = 'release dates'::text)",
                                                            "Rows Removed by Filter": 0,
                                                            "Workers": [
                                                                {
                                                                    "Worker Number": 0,
                                                                    "Actual Startup Time": 0.003,
                                                                    "Actual Total Time": 0.003,
                                                                    "Actual Rows": 1,
                                                                    "Actual Loops": 18
                                                                }
                                                            ]
                                                        }
                                                    ]
                                                }
                                            ]
                                        },
                                        {
                                            "Node Type": "Index Only Scan",
                                            "Parent Relationship": "Inner",
                                            "Parallel Aware": false,
                                            "Scan Direction": "Forward",
                                            "Index Name": "char_name_pkey",
                                            "Relation Name": "char_name",
                                            "Schema": "public",
                                            "Alias": "chn",
                                            "Startup Cost": 0.43,
                                            "Total Cost": 0.52,
                                            "Plan Rows": 1,
                                            "Plan Width": 4,
                                            "Actual Startup Time": 0.013,
                                            "Actual Total Time": 0.013,
                                            "Actual Rows": 1,
                                            "Actual Loops": 18,
                                            "Output": [
                                                "chn.id"
                                            ],
                                            "Index Cond": "(chn.id = ci.person_role_id)",
                                            "Rows Removed by Index Recheck": 0,
                                            "Heap Fetches": 18
                                        }
                                    ]
                                },
                                {
                                    "Node Type": "Index Scan",
                                    "Parent Relationship": "Inner",
                                    "Parallel Aware": false,
                                    "Scan Direction": "Forward",
                                    "Index Name": "movie_id_movie_companies",
                                    "Relation Name": "movie_companies",
                                    "Schema": "public",
                                    "Alias": "mc",
                                    "Startup Cost": 0.43,
                                    "Total Cost": 0.56,
                                    "Plan Rows": 5,
                                    "Plan Width": 8,
                                    "Actual Startup Time": 0.005,
                                    "Actual Total Time": 0.007,
                                    "Actual Rows": 6,
                                    "Actual Loops": 18,
                                    "Output": [
                                        "mc.id",
                                        "mc.movie_id",
                                        "mc.company_id",
                                        "mc.company_type_id",
                                        "mc.note"
                                    ],
                                    "Index Cond": "(mc.movie_id = ci.movie_id)",
                                    "Rows Removed by Index Recheck": 0
                                }
                            ]
                        },
                        {
                            "Node Type": "Index Scan",
                            "Parent Relationship": "Inner",
                            "Parallel Aware": false,
                            "Scan Direction": "Forward",
                            "Index Name": "company_name_pkey",
                            "Relation Name": "company_name",
                            "Schema": "public",
                            "Alias": "cn",
                            "Startup Cost": 0.42,
                            "Total Cost": 0.45,
                            "Plan Rows": 1,
                            "Plan Width": 4,
                            "Actual Startup Time": 0.003,
                            "Actual Total Time": 0.003,
                            "Actual Rows": 1,
                            "Actual Loops": 108,
                            "Output": [
                                "cn.id",
                                "cn.name",
                                "cn.country_code",
                                "cn.imdb_id",
                                "cn.name_pcode_nf",
                                "cn.name_pcode_sf",
                                "cn.md5sum"
                            ],
                            "Index Cond": "(cn.id = mc.company_id)",
                            "Rows Removed by Index Recheck": 0,
                            "Filter": "((cn.country_code)::text = '[us]'::text)",
                            "Rows Removed by Filter": 0
                        }
                    ]
                }
            ]
        },
        "Planning Time": 2828.097,
        "Triggers": [],
        "Execution Time": 260.666
    }
]