{
    "Plan": {
        "Node Type": "Aggregate",
        "Strategy": "Plain",
        "Partial Mode": "Finalize",
        "Parallel Aware": false,
        "Startup Cost": 121390.67,
        "Total Cost": 121390.68,
        "Plan Rows": 1,
        "Plan Width": 8,
        "Actual Startup Time": 728.178,
        "Actual Total Time": 803.045,
        "Actual Rows": 1,
        "Actual Loops": 1,
        "Output": [
            "count(*)"
        ],
        "Plans": [
            {
                "Node Type": "Gather",
                "Parent Relationship": "Outer",
                "Parallel Aware": false,
                "Startup Cost": 121390.35,
                "Total Cost": 121390.66,
                "Plan Rows": 3,
                "Plan Width": 8,
                "Actual Startup Time": 727.61,
                "Actual Total Time": 803.034,
                "Actual Rows": 4,
                "Actual Loops": 1,
                "Output": [
                    "(PARTIAL count(*))"
                ],
                "Workers Planned": 3,
                "Workers Launched": 3,
                "Single Copy": false,
                "Plans": [
                    {
                        "Node Type": "Aggregate",
                        "Strategy": "Plain",
                        "Partial Mode": "Partial",
                        "Parent Relationship": "Outer",
                        "Parallel Aware": false,
                        "Startup Cost": 120390.35,
                        "Total Cost": 120390.36,
                        "Plan Rows": 1,
                        "Plan Width": 8,
                        "Actual Startup Time": 718.119,
                        "Actual Total Time": 718.123,
                        "Actual Rows": 1,
                        "Actual Loops": 4,
                        "Output": [
                            "PARTIAL count(*)"
                        ],
                        "Workers": [
                            {
                                "Worker Number": 0,
                                "Actual Startup Time": 714.522,
                                "Actual Total Time": 714.525,
                                "Actual Rows": 1,
                                "Actual Loops": 1
                            },
                            {
                                "Worker Number": 1,
                                "Actual Startup Time": 715.482,
                                "Actual Total Time": 715.487,
                                "Actual Rows": 1,
                                "Actual Loops": 1
                            },
                            {
                                "Worker Number": 2,
                                "Actual Startup Time": 715.621,
                                "Actual Total Time": 715.625,
                                "Actual Rows": 1,
                                "Actual Loops": 1
                            }
                        ],
                        "Plans": [
                            {
                                "Node Type": "Nested Loop",
                                "Parent Relationship": "Outer",
                                "Parallel Aware": false,
                                "Join Type": "Inner",
                                "Startup Cost": 44191.38,
                                "Total Cost": 119872.04,
                                "Plan Rows": 207325,
                                "Plan Width": 0,
                                "Actual Startup Time": 103.19,
                                "Actual Total Time": 696.162,
                                "Actual Rows": 474837,
                                "Actual Loops": 4,
                                "Inner Unique": false,
                                "Join Filter": "(t.id = ci.movie_id)",
                                "Rows Removed by Join Filter": 0,
                                "Workers": [
                                    {
                                        "Worker Number": 0,
                                        "Actual Startup Time": 99.635,
                                        "Actual Total Time": 695.884,
                                        "Actual Rows": 376675,
                                        "Actual Loops": 1
                                    },
                                    {
                                        "Worker Number": 1,
                                        "Actual Startup Time": 100.598,
                                        "Actual Total Time": 693.775,
                                        "Actual Rows": 461498,
                                        "Actual Loops": 1
                                    },
                                    {
                                        "Worker Number": 2,
                                        "Actual Startup Time": 100.769,
                                        "Actual Total Time": 695.441,
                                        "Actual Rows": 421026,
                                        "Actual Loops": 1
                                    }
                                ],
                                "Plans": [
                                    {
                                        "Node Type": "Hash Join",
                                        "Parent Relationship": "Outer",
                                        "Parallel Aware": true,
                                        "Join Type": "Inner",
                                        "Startup Cost": 44190.82,
                                        "Total Cost": 74584.45,
                                        "Plan Rows": 15237,
                                        "Plan Width": 8,
                                        "Actual Startup Time": 103.122,
                                        "Actual Total Time": 211.044,
                                        "Actual Rows": 11040,
                                        "Actual Loops": 4,
                                        "Output": [
                                            "t.id",
                                            "mc.movie_id"
                                        ],
                                        "Inner Unique": true,
                                        "Hash Cond": "(mc.movie_id = t.id)",
                                        "Workers": [
                                            {
                                                "Worker Number": 0,
                                                "Actual Startup Time": 99.551,
                                                "Actual Total Time": 197.125,
                                                "Actual Rows": 8851,
                                                "Actual Loops": 1
                                            },
                                            {
                                                "Worker Number": 1,
                                                "Actual Startup Time": 100.528,
                                                "Actual Total Time": 195.915,
                                                "Actual Rows": 9914,
                                                "Actual Loops": 1
                                            },
                                            {
                                                "Worker Number": 2,
                                                "Actual Startup Time": 100.682,
                                                "Actual Total Time": 203.527,
                                                "Actual Rows": 9819,
                                                "Actual Loops": 1
                                            }
                                        ],
                                        "Plans": [
                                            {
                                                "Node Type": "Seq Scan",
                                                "Parent Relationship": "Outer",
                                                "Parallel Aware": true,
                                                "Relation Name": "movie_companies",
                                                "Schema": "public",
                                                "Alias": "mc",
                                                "Startup Cost": 0.0,
                                                "Total Cost": 29310.68,
                                                "Plan Rows": 412551,
                                                "Plan Width": 4,
                                                "Actual Startup Time": 0.018,
                                                "Actual Total Time": 58.862,
                                                "Actual Rows": 318562,
                                                "Actual Loops": 4,
                                                "Output": [
                                                    "mc.id",
                                                    "mc.movie_id",
                                                    "mc.company_id",
                                                    "mc.company_type_id",
                                                    "mc.note"
                                                ],
                                                "Filter": "(mc.company_type_id < 2)",
                                                "Rows Removed by Filter": 333721,
                                                "Workers": [
                                                    {
                                                        "Worker Number": 0,
                                                        "Actual Startup Time": 0.025,
                                                        "Actual Total Time": 53.962,
                                                        "Actual Rows": 242444,
                                                        "Actual Loops": 1
                                                    },
                                                    {
                                                        "Worker Number": 1,
                                                        "Actual Startup Time": 0.021,
                                                        "Actual Total Time": 54.979,
                                                        "Actual Rows": 262605,
                                                        "Actual Loops": 1
                                                    },
                                                    {
                                                        "Worker Number": 2,
                                                        "Actual Startup Time": 0.02,
                                                        "Actual Total Time": 58.325,
                                                        "Actual Rows": 292820,
                                                        "Actual Loops": 1
                                                    }
                                                ]
                                            },
                                            {
                                                "Node Type": "Hash",
                                                "Parent Relationship": "Inner",
                                                "Parallel Aware": true,
                                                "Startup Cost": 43899.01,
                                                "Total Cost": 43899.01,
                                                "Plan Rows": 23345,
                                                "Plan Width": 4,
                                                "Actual Startup Time": 101.157,
                                                "Actual Total Time": 101.158,
                                                "Actual Rows": 23751,
                                                "Actual Loops": 4,
                                                "Output": [
                                                    "t.id"
                                                ],
                                                "Hash Buckets": 131072,
                                                "Original Hash Buckets": 131072,
                                                "Hash Batches": 1,
                                                "Original Hash Batches": 1,
                                                "Peak Memory Usage": 4832,
                                                "Workers": [
                                                    {
                                                        "Worker Number": 0,
                                                        "Actual Startup Time": 98.874,
                                                        "Actual Total Time": 98.875,
                                                        "Actual Rows": 18467,
                                                        "Actual Loops": 1
                                                    },
                                                    {
                                                        "Worker Number": 1,
                                                        "Actual Startup Time": 99.952,
                                                        "Actual Total Time": 99.953,
                                                        "Actual Rows": 20599,
                                                        "Actual Loops": 1
                                                    },
                                                    {
                                                        "Worker Number": 2,
                                                        "Actual Startup Time": 100.072,
                                                        "Actual Total Time": 100.073,
                                                        "Actual Rows": 20536,
                                                        "Actual Loops": 1
                                                    }
                                                ],
                                                "Plans": [
                                                    {
                                                        "Node Type": "Seq Scan",
                                                        "Parent Relationship": "Outer",
                                                        "Parallel Aware": true,
                                                        "Relation Name": "title",
                                                        "Schema": "public",
                                                        "Alias": "t",
                                                        "Startup Cost": 0.0,
                                                        "Total Cost": 43899.01,
                                                        "Plan Rows": 23345,
                                                        "Plan Width": 4,
                                                        "Actual Startup Time": 0.061,
                                                        "Actual Total Time": 91.475,
                                                        "Actual Rows": 23751,
                                                        "Actual Loops": 4,
                                                        "Output": [
                                                            "t.id"
                                                        ],
                                                        "Filter": "(t.production_year = 2005)",
                                                        "Rows Removed by Filter": 608327,
                                                        "Workers": [
                                                            {
                                                                "Worker Number": 0,
                                                                "Actual Startup Time": 0.083,
                                                                "Actual Total Time": 89.781,
                                                                "Actual Rows": 18467,
                                                                "Actual Loops": 1
                                                            },
                                                            {
                                                                "Worker Number": 1,
                                                                "Actual Startup Time": 0.069,
                                                                "Actual Total Time": 90.632,
                                                                "Actual Rows": 20599,
                                                                "Actual Loops": 1
                                                            },
                                                            {
                                                                "Worker Number": 2,
                                                                "Actual Startup Time": 0.072,
                                                                "Actual Total Time": 90.196,
                                                                "Actual Rows": 20536,
                                                                "Actual Loops": 1
                                                            }
                                                        ]
                                                    }
                                                ]
                                            }
                                        ]
                                    },
                                    {
                                        "Node Type": "Index Scan",
                                        "Parent Relationship": "Inner",
                                        "Parallel Aware": false,
                                        "Scan Direction": "Forward",
                                        "Index Name": "movie_id_cast_info",
                                        "Relation Name": "cast_info",
                                        "Schema": "public",
                                        "Alias": "ci",
                                        "Startup Cost": 0.56,
                                        "Total Cost": 2.52,
                                        "Plan Rows": 36,
                                        "Plan Width": 4,
                                        "Actual Startup Time": 0.007,
                                        "Actual Total Time": 0.04,
                                        "Actual Rows": 43,
                                        "Actual Loops": 44162,
                                        "Output": [
                                            "ci.id",
                                            "ci.person_id",
                                            "ci.movie_id",
                                            "ci.person_role_id",
                                            "ci.note",
                                            "ci.nr_order",
                                            "ci.role_id"
                                        ],
                                        "Index Cond": "(ci.movie_id = mc.movie_id)",
                                        "Rows Removed by Index Recheck": 0,
                                        "Filter": "(ci.person_id > 184768)",
                                        "Rows Removed by Filter": 2,
                                        "Workers": [
                                            {
                                                "Worker Number": 0,
                                                "Actual Startup Time": 0.009,
                                                "Actual Total Time": 0.052,
                                                "Actual Rows": 43,
                                                "Actual Loops": 8851
                                            },
                                            {
                                                "Worker Number": 1,
                                                "Actual Startup Time": 0.008,
                                                "Actual Total Time": 0.045,
                                                "Actual Rows": 47,
                                                "Actual Loops": 9914
                                            },
                                            {
                                                "Worker Number": 2,
                                                "Actual Startup Time": 0.008,
                                                "Actual Total Time": 0.046,
                                                "Actual Rows": 43,
                                                "Actual Loops": 9819
                                            }
                                        ]
                                    }
                                ]
                            }
                        ]
                    }
                ]
            }
        ]
    },
    "Planning Time": 1.607,
    "Triggers": [],
    "Execution Time": 803.158
}