{
    "Plan": {
        "Node Type": "Aggregate",
        "Strategy": "Plain",
        "Partial Mode": "Finalize",
        "Parallel Aware": false,
        "Startup Cost": 96833.5,
        "Total Cost": 96833.51,
        "Plan Rows": 1,
        "Plan Width": 8,
        "Actual Startup Time": 773.55,
        "Actual Total Time": 789.629,
        "Actual Rows": 1,
        "Actual Loops": 1,
        "Output": [
            "count(*)"
        ],
        "Plans": [
            {
                "Node Type": "Gather",
                "Parent Relationship": "Outer",
                "Parallel Aware": false,
                "Startup Cost": 96833.28,
                "Total Cost": 96833.49,
                "Plan Rows": 2,
                "Plan Width": 8,
                "Actual Startup Time": 765.889,
                "Actual Total Time": 789.622,
                "Actual Rows": 3,
                "Actual Loops": 1,
                "Output": [
                    "(PARTIAL count(*))"
                ],
                "Workers Planned": 2,
                "Workers Launched": 2,
                "Single Copy": false,
                "Plans": [
                    {
                        "Node Type": "Aggregate",
                        "Strategy": "Plain",
                        "Partial Mode": "Partial",
                        "Parent Relationship": "Outer",
                        "Parallel Aware": false,
                        "Startup Cost": 95833.28,
                        "Total Cost": 95833.29,
                        "Plan Rows": 1,
                        "Plan Width": 8,
                        "Actual Startup Time": 757.047,
                        "Actual Total Time": 757.053,
                        "Actual Rows": 1,
                        "Actual Loops": 3,
                        "Output": [
                            "PARTIAL count(*)"
                        ],
                        "Workers": [
                            {
                                "Worker Number": 0,
                                "Actual Startup Time": 752.878,
                                "Actual Total Time": 752.883,
                                "Actual Rows": 1,
                                "Actual Loops": 1
                            },
                            {
                                "Worker Number": 1,
                                "Actual Startup Time": 753.061,
                                "Actual Total Time": 753.067,
                                "Actual Rows": 1,
                                "Actual Loops": 1
                            }
                        ],
                        "Plans": [
                            {
                                "Node Type": "Hash Join",
                                "Parent Relationship": "Outer",
                                "Parallel Aware": true,
                                "Join Type": "Inner",
                                "Startup Cost": 79353.13,
                                "Total Cost": 95554.41,
                                "Plan Rows": 111548,
                                "Plan Width": 0,
                                "Actual Startup Time": 596.484,
                                "Actual Total Time": 736.88,
                                "Actual Rows": 532272,
                                "Actual Loops": 3,
                                "Inner Unique": false,
                                "Hash Cond": "(mi_idx.movie_id = t.id)",
                                "Workers": [
                                    {
                                        "Worker Number": 0,
                                        "Actual Startup Time": 592.74,
                                        "Actual Total Time": 732.538,
                                        "Actual Rows": 538679,
                                        "Actual Loops": 1
                                    },
                                    {
                                        "Worker Number": 1,
                                        "Actual Startup Time": 592.699,
                                        "Actual Total Time": 734.072,
                                        "Actual Rows": 495875,
                                        "Actual Loops": 1
                                    }
                                ],
                                "Plans": [
                                    {
                                        "Node Type": "Seq Scan",
                                        "Parent Relationship": "Outer",
                                        "Parallel Aware": true,
                                        "Relation Name": "movie_info_idx",
                                        "Schema": "public",
                                        "Alias": "mi_idx",
                                        "Startup Cost": 0.0,
                                        "Total Cost": 13685.15,
                                        "Plan Rows": 575015,
                                        "Plan Width": 4,
                                        "Actual Startup Time": 0.018,
                                        "Actual Total Time": 35.015,
                                        "Actual Rows": 460012,
                                        "Actual Loops": 3,
                                        "Output": [
                                            "mi_idx.id",
                                            "mi_idx.movie_id",
                                            "mi_idx.info_type_id",
                                            "mi_idx.info",
                                            "mi_idx.note"
                                        ],
                                        "Workers": [
                                            {
                                                "Worker Number": 0,
                                                "Actual Startup Time": 0.011,
                                                "Actual Total Time": 36.054,
                                                "Actual Rows": 468539,
                                                "Actual Loops": 1
                                            },
                                            {
                                                "Worker Number": 1,
                                                "Actual Startup Time": 0.03,
                                                "Actual Total Time": 36.478,
                                                "Actual Rows": 414921,
                                                "Actual Loops": 1
                                            }
                                        ]
                                    },
                                    {
                                        "Node Type": "Hash",
                                        "Parent Relationship": "Inner",
                                        "Parallel Aware": true,
                                        "Startup Cost": 77375.41,
                                        "Total Cost": 77375.41,
                                        "Plan Rows": 158218,
                                        "Plan Width": 8,
                                        "Actual Startup Time": 592.271,
                                        "Actual Total Time": 592.275,
                                        "Actual Rows": 350927,
                                        "Actual Loops": 3,
                                        "Output": [
                                            "t.id",
                                            "mc.movie_id"
                                        ],
                                        "Hash Buckets": 2097152,
                                        "Original Hash Buckets": 524288,
                                        "Hash Batches": 1,
                                        "Original Hash Batches": 1,
                                        "Peak Memory Usage": 69920,
                                        "Workers": [
                                            {
                                                "Worker Number": 0,
                                                "Actual Startup Time": 591.929,
                                                "Actual Total Time": 591.932,
                                                "Actual Rows": 357615,
                                                "Actual Loops": 1
                                            },
                                            {
                                                "Worker Number": 1,
                                                "Actual Startup Time": 592.05,
                                                "Actual Total Time": 592.054,
                                                "Actual Rows": 320386,
                                                "Actual Loops": 1
                                            }
                                        ],
                                        "Plans": [
                                            {
                                                "Node Type": "Hash Join",
                                                "Parent Relationship": "Outer",
                                                "Parallel Aware": true,
                                                "Join Type": "Inner",
                                                "Startup Cost": 47009.89,
                                                "Total Cost": 77375.41,
                                                "Plan Rows": 158218,
                                                "Plan Width": 8,
                                                "Actual Startup Time": 242.427,
                                                "Actual Total Time": 463.761,
                                                "Actual Rows": 350927,
                                                "Actual Loops": 3,
                                                "Output": [
                                                    "t.id",
                                                    "mc.movie_id"
                                                ],
                                                "Inner Unique": true,
                                                "Hash Cond": "(mc.movie_id = t.id)",
                                                "Workers": [
                                                    {
                                                        "Worker Number": 0,
                                                        "Actual Startup Time": 242.122,
                                                        "Actual Total Time": 464.19,
                                                        "Actual Rows": 357615,
                                                        "Actual Loops": 1
                                                    },
                                                    {
                                                        "Worker Number": 1,
                                                        "Actual Startup Time": 242.144,
                                                        "Actual Total Time": 463.834,
                                                        "Actual Rows": 320386,
                                                        "Actual Loops": 1
                                                    }
                                                ],
                                                "Plans": [
                                                    {
                                                        "Node Type": "Seq Scan",
                                                        "Parent Relationship": "Outer",
                                                        "Parallel Aware": true,
                                                        "Relation Name": "movie_companies",
                                                        "Schema": "public",
                                                        "Alias": "mc",
                                                        "Startup Cost": 0.0,
                                                        "Total Cost": 29310.68,
                                                        "Plan Rows": 401840,
                                                        "Plan Width": 4,
                                                        "Actual Startup Time": 10.67,
                                                        "Actual Total Time": 85.759,
                                                        "Actual Rows": 417117,
                                                        "Actual Loops": 3,
                                                        "Output": [
                                                            "mc.id",
                                                            "mc.movie_id",
                                                            "mc.company_id",
                                                            "mc.company_type_id",
                                                            "mc.note"
                                                        ],
                                                        "Filter": "(mc.company_id > 11662)",
                                                        "Rows Removed by Filter": 452593,
                                                        "Workers": [
                                                            {
                                                                "Worker Number": 0,
                                                                "Actual Startup Time": 10.63,
                                                                "Actual Total Time": 87.316,
                                                                "Actual Rows": 423944,
                                                                "Actual Loops": 1
                                                            },
                                                            {
                                                                "Worker Number": 1,
                                                                "Actual Startup Time": 10.63,
                                                                "Actual Total Time": 86.989,
                                                                "Actual Rows": 381723,
                                                                "Actual Loops": 1
                                                            }
                                                        ]
                                                    },
                                                    {
                                                        "Node Type": "Hash",
                                                        "Parent Relationship": "Inner",
                                                        "Parallel Aware": true,
                                                        "Startup Cost": 43899.01,
                                                        "Total Cost": 43899.01,
                                                        "Plan Rows": 248871,
                                                        "Plan Width": 4,
                                                        "Actual Startup Time": 227.261,
                                                        "Actual Total Time": 227.262,
                                                        "Actual Rows": 328349,
                                                        "Actual Loops": 3,
                                                        "Output": [
                                                            "t.id"
                                                        ],
                                                        "Hash Buckets": 1048576,
                                                        "Original Hash Buckets": 1048576,
                                                        "Hash Batches": 1,
                                                        "Original Hash Batches": 1,
                                                        "Peak Memory Usage": 46752,
                                                        "Workers": [
                                                            {
                                                                "Worker Number": 0,
                                                                "Actual Startup Time": 231.242,
                                                                "Actual Total Time": 231.243,
                                                                "Actual Rows": 322230,
                                                                "Actual Loops": 1
                                                            },
                                                            {
                                                                "Worker Number": 1,
                                                                "Actual Startup Time": 231.289,
                                                                "Actual Total Time": 231.29,
                                                                "Actual Rows": 289315,
                                                                "Actual Loops": 1
                                                            }
                                                        ],
                                                        "Plans": [
                                                            {
                                                                "Node Type": "Seq Scan",
                                                                "Parent Relationship": "Outer",
                                                                "Parallel Aware": true,
                                                                "Relation Name": "title",
                                                                "Schema": "public",
                                                                "Alias": "t",
                                                                "Startup Cost": 0.0,
                                                                "Total Cost": 43899.01,
                                                                "Plan Rows": 248871,
                                                                "Plan Width": 4,
                                                                "Actual Startup Time": 0.068,
                                                                "Actual Total Time": 122.143,
                                                                "Actual Rows": 328349,
                                                                "Actual Loops": 3,
                                                                "Output": [
                                                                    "t.id"
                                                                ],
                                                                "Filter": "(t.kind_id < 7)",
                                                                "Rows Removed by Filter": 514421,
                                                                "Workers": [
                                                                    {
                                                                        "Worker Number": 0,
                                                                        "Actual Startup Time": 0.096,
                                                                        "Actual Total Time": 124.175,
                                                                        "Actual Rows": 322230,
                                                                        "Actual Loops": 1
                                                                    },
                                                                    {
                                                                        "Worker Number": 1,
                                                                        "Actual Startup Time": 0.089,
                                                                        "Actual Total Time": 123.331,
                                                                        "Actual Rows": 289315,
                                                                        "Actual Loops": 1
                                                                    }
                                                                ]
                                                            }
                                                        ]
                                                    }
                                                ]
                                            }
                                        ]
                                    }
                                ]
                            }
                        ]
                    }
                ]
            }
        ]
    },
    "Planning Time": 1.497,
    "Triggers": [],
    "Execution Time": 789.714
}