[
  {
    "Plan": {
      "Node Type": "Aggregate",
      "Strategy": "Plain",
      "Partial Mode": "Finalize",
      "Parallel Aware": false,
      "Startup Cost": 332863.43,
      "Total Cost": 332863.45,
      "Plan Rows": 1,
      "Plan Width": 8,
      "Actual Startup Time": 653.69,
      "Actual Total Time": 710.924,
      "Actual Rows": 1,
      "Actual Loops": 1,
      "Plans": [
        {
          "Node Type": "Gather",
          "Parent Relationship": "Outer",
          "Parallel Aware": false,
          "Startup Cost": 332862.81,
          "Total Cost": 332863.42,
          "Plan Rows": 6,
          "Plan Width": 8,
          "Actual Startup Time": 653.562,
          "Actual Total Time": 710.914,
          "Actual Rows": 7,
          "Actual Loops": 1,
          "Workers Planned": 6,
          "Workers Launched": 6,
          "Single Copy": false,
          "Plans": [
            {
              "Node Type": "Aggregate",
              "Strategy": "Plain",
              "Partial Mode": "Partial",
              "Parent Relationship": "Outer",
              "Parallel Aware": false,
              "Startup Cost": 331862.81,
              "Total Cost": 331862.82,
              "Plan Rows": 1,
              "Plan Width": 8,
              "Actual Startup Time": 643.744,
              "Actual Total Time": 643.745,
              "Actual Rows": 1,
              "Actual Loops": 7,
              "Plans": [
                {
                  "Node Type": "Seq Scan",
                  "Parent Relationship": "Outer",
                  "Parallel Aware": true,
                  "Relation Name": "cast_info",
                  "Alias": "ci",
                  "Startup Cost": 0.0,
                  "Total Cost": 328162.03,
                  "Plan Rows": 1480314,
                  "Plan Width": 0,
                  "Actual Startup Time": 325.824,
                  "Actual Total Time": 584.554,
                  "Actual Rows": 1258279,
                  "Actual Loops": 7,
                  "Filter": "(person_id > 2811042)",
                  "Rows Removed by Filter": 3919484
                }
              ]
            }
          ]
        }
      ]
    },
    "Planning Time": 0.1,
    "Triggers": [],
    "Execution Time": 710.973
  }
]