[
    {
        "Bao": {
            "Bao prediction": "NaN",
            "Bao recommended hint": "(no hint)"
        }
    },
    {
        "Plan": {
            "Node Type": "Aggregate",
            "Strategy": "Plain",
            "Partial Mode": "Finalize",
            "Parallel Aware": false,
            "Startup Cost": 253101.69,
            "Total Cost": 253101.7,
            "Plan Rows": 1,
            "Plan Width": 8,
            "Actual Startup Time": 320.15,
            "Actual Total Time": 334.251,
            "Actual Rows": 1,
            "Actual Loops": 1,
            "Output": [
                "count(*)"
            ],
            "Plans": [
                {
                    "Node Type": "Gather",
                    "Parent Relationship": "Outer",
                    "Parallel Aware": false,
                    "Startup Cost": 253101.06,
                    "Total Cost": 253101.67,
                    "Plan Rows": 6,
                    "Plan Width": 8,
                    "Actual Startup Time": 320.005,
                    "Actual Total Time": 334.24,
                    "Actual Rows": 7,
                    "Actual Loops": 1,
                    "Output": [
                        "(PARTIAL count(*))"
                    ],
                    "Workers Planned": 6,
                    "Workers Launched": 6,
                    "Single Copy": false,
                    "Plans": [
                        {
                            "Node Type": "Aggregate",
                            "Strategy": "Plain",
                            "Partial Mode": "Partial",
                            "Parent Relationship": "Outer",
                            "Parallel Aware": false,
                            "Startup Cost": 252101.06,
                            "Total Cost": 252101.07,
                            "Plan Rows": 1,
                            "Plan Width": 8,
                            "Actual Startup Time": 310.195,
                            "Actual Total Time": 310.196,
                            "Actual Rows": 1,
                            "Actual Loops": 7,
                            "Output": [
                                "PARTIAL count(*)"
                            ],
                            "Workers": [
                                {
                                    "Worker Number": 0,
                                    "Actual Startup Time": 307.821,
                                    "Actual Total Time": 307.822,
                                    "Actual Rows": 1,
                                    "Actual Loops": 1
                                },
                                {
                                    "Worker Number": 1,
                                    "Actual Startup Time": 308.185,
                                    "Actual Total Time": 308.186,
                                    "Actual Rows": 1,
                                    "Actual Loops": 1
                                },
                                {
                                    "Worker Number": 2,
                                    "Actual Startup Time": 308.265,
                                    "Actual Total Time": 308.266,
                                    "Actual Rows": 1,
                                    "Actual Loops": 1
                                },
                                {
                                    "Worker Number": 3,
                                    "Actual Startup Time": 308.884,
                                    "Actual Total Time": 308.885,
                                    "Actual Rows": 1,
                                    "Actual Loops": 1
                                },
                                {
                                    "Worker Number": 4,
                                    "Actual Startup Time": 309.143,
                                    "Actual Total Time": 309.145,
                                    "Actual Rows": 1,
                                    "Actual Loops": 1
                                },
                                {
                                    "Worker Number": 5,
                                    "Actual Startup Time": 309.435,
                                    "Actual Total Time": 309.436,
                                    "Actual Rows": 1,
                                    "Actual Loops": 1
                                }
                            ],
                            "Plans": [
                                {
                                    "Node Type": "Index Scan",
                                    "Parent Relationship": "Outer",
                                    "Parallel Aware": true,
                                    "Scan Direction": "Forward",
                                    "Index Name": "role_id_cast_info",
                                    "Relation Name": "cast_info",
                                    "Schema": "public",
                                    "Alias": "ci",
                                    "Startup Cost": 0.56,
                                    "Total Cost": 251544.36,
                                    "Plan Rows": 222682,
                                    "Plan Width": 0,
                                    "Actual Startup Time": 0.13,
                                    "Actual Total Time": 277.374,
                                    "Actual Rows": 680899,
                                    "Actual Loops": 7,
                                    "Output": [
                                        "id",
                                        "person_id",
                                        "movie_id",
                                        "person_role_id",
                                        "note",
                                        "nr_order",
                                        "role_id"
                                    ],
                                    "Index Cond": "(ci.role_id > 4)",
                                    "Rows Removed by Index Recheck": 0,
                                    "Filter": "(ci.person_id > 3152165)",
                                    "Rows Removed by Filter": 659772,
                                    "Workers": [
                                        {
                                            "Worker Number": 0,
                                            "Actual Startup Time": 0.175,
                                            "Actual Total Time": 274.342,
                                            "Actual Rows": 463154,
                                            "Actual Loops": 1
                                        },
                                        {
                                            "Worker Number": 1,
                                            "Actual Startup Time": 0.118,
                                            "Actual Total Time": 275.785,
                                            "Actual Rows": 694208,
                                            "Actual Loops": 1
                                        },
                                        {
                                            "Worker Number": 2,
                                            "Actual Startup Time": 0.157,
                                            "Actual Total Time": 275.81,
                                            "Actual Rows": 693455,
                                            "Actual Loops": 1
                                        },
                                        {
                                            "Worker Number": 3,
                                            "Actual Startup Time": 0.121,
                                            "Actual Total Time": 276.66,
                                            "Actual Rows": 696432,
                                            "Actual Loops": 1
                                        },
                                        {
                                            "Worker Number": 4,
                                            "Actual Startup Time": 0.15,
                                            "Actual Total Time": 277.543,
                                            "Actual Rows": 682185,
                                            "Actual Loops": 1
                                        },
                                        {
                                            "Worker Number": 5,
                                            "Actual Startup Time": 0.158,
                                            "Actual Total Time": 276.699,
                                            "Actual Rows": 702825,
                                            "Actual Loops": 1
                                        }
                                    ]
                                }
                            ]
                        }
                    ]
                }
            ]
        },
        "Planning Time": 178.369,
        "Triggers": [],
        "Execution Time": 334.304
    }
]