[
  {
    "Plan": {
      "Node Type": "Aggregate",
      "Strategy": "Plain",
      "Partial Mode": "Finalize",
      "Parallel Aware": false,
      "Startup Cost": 32831.66,
      "Total Cost": 32831.67,
      "Plan Rows": 1,
      "Plan Width": 8,
      "Actual Startup Time": 77.589,
      "Actual Total Time": 83.452,
      "Actual Rows": 1,
      "Actual Loops": 1,
      "Plans": [
        {
          "Node Type": "Gather",
          "Parent Relationship": "Outer",
          "Parallel Aware": false,
          "Startup Cost": 32831.34,
          "Total Cost": 32831.65,
          "Plan Rows": 3,
          "Plan Width": 8,
          "Actual Startup Time": 77.502,
          "Actual Total Time": 83.446,
          "Actual Rows": 4,
          "Actual Loops": 1,
          "Workers Planned": 3,
          "Workers Launched": 3,
          "Single Copy": false,
          "Plans": [
            {
              "Node Type": "Aggregate",
              "Strategy": "Plain",
              "Partial Mode": "Partial",
              "Parent Relationship": "Outer",
              "Parallel Aware": false,
              "Startup Cost": 31831.34,
              "Total Cost": 31831.35,
              "Plan Rows": 1,
              "Plan Width": 8,
              "Actual Startup Time": 74.54,
              "Actual Total Time": 74.541,
              "Actual Rows": 1,
              "Actual Loops": 4,
              "Plans": [
                {
                  "Node Type": "Seq Scan",
                  "Parent Relationship": "Outer",
                  "Parallel Aware": true,
                  "Relation Name": "movie_companies",
                  "Alias": "mc",
                  "Startup Cost": 0.0,
                  "Total Cost": 31414.82,
                  "Plan Rows": 166610,
                  "Plan Width": 0,
                  "Actual Startup Time": 31.426,
                  "Actual Total Time": 65.459,
                  "Actual Rows": 206150,
                  "Actual Loops": 4,
                  "Filter": "((company_id > 16170) AND (company_type_id > 1))",
                  "Rows Removed by Filter": 446132
                }
              ]
            }
          ]
        }
      ]
    },
    "Planning Time": 0.081,
    "Triggers": [],
    "Execution Time": 83.478
  }
]