[
  {
    "Plan": {
      "Node Type": "Aggregate",
      "Strategy": "Plain",
      "Partial Mode": "Finalize",
      "Parallel Aware": false,
      "Startup Cost": 47141.67,
      "Total Cost": 47141.68,
      "Plan Rows": 1,
      "Plan Width": 8,
      "Actual Startup Time": 171.032,
      "Actual Total Time": 182.596,
      "Actual Rows": 1,
      "Actual Loops": 1,
      "Plans": [
        {
          "Node Type": "Gather",
          "Parent Relationship": "Outer",
          "Parallel Aware": false,
          "Startup Cost": 47141.35,
          "Total Cost": 47141.66,
          "Plan Rows": 3,
          "Plan Width": 8,
          "Actual Startup Time": 170.912,
          "Actual Total Time": 182.588,
          "Actual Rows": 4,
          "Actual Loops": 1,
          "Workers Planned": 3,
          "Workers Launched": 3,
          "Single Copy": false,
          "Plans": [
            {
              "Node Type": "Aggregate",
              "Strategy": "Plain",
              "Partial Mode": "Partial",
              "Parent Relationship": "Outer",
              "Parallel Aware": false,
              "Startup Cost": 46141.35,
              "Total Cost": 46141.36,
              "Plan Rows": 1,
              "Plan Width": 8,
              "Actual Startup Time": 165.574,
              "Actual Total Time": 165.575,
              "Actual Rows": 1,
              "Actual Loops": 4,
              "Plans": [
                {
                  "Node Type": "Seq Scan",
                  "Parent Relationship": "Outer",
                  "Parallel Aware": true,
                  "Relation Name": "movie_keyword",
                  "Alias": "mk",
                  "Startup Cost": 0.0,
                  "Total Cost": 42695.65,
                  "Plan Rows": 1378279,
                  "Plan Width": 0,
                  "Actual Startup Time": 0.042,
                  "Actual Total Time": 119.604,
                  "Actual Rows": 1070839,
                  "Actual Loops": 4,
                  "Filter": "(keyword_id < 61796)",
                  "Rows Removed by Filter": 60144
                }
              ]
            }
          ]
        }
      ]
    },
    "Planning Time": 0.185,
    "Triggers": [],
    "Execution Time": 182.65
  }
]