[
  {
    "Plan": {
      "Node Type": "Aggregate",
      "Strategy": "Plain",
      "Partial Mode": "Finalize",
      "Parallel Aware": false,
      "Startup Cost": 334995.27,
      "Total Cost": 334995.28,
      "Plan Rows": 1,
      "Plan Width": 8,
      "Actual Startup Time": 717.733,
      "Actual Total Time": 773.915,
      "Actual Rows": 1,
      "Actual Loops": 1,
      "Plans": [
        {
          "Node Type": "Gather",
          "Parent Relationship": "Outer",
          "Parallel Aware": false,
          "Startup Cost": 334994.64,
          "Total Cost": 334995.25,
          "Plan Rows": 6,
          "Plan Width": 8,
          "Actual Startup Time": 717.544,
          "Actual Total Time": 773.89,
          "Actual Rows": 7,
          "Actual Loops": 1,
          "Workers Planned": 6,
          "Workers Launched": 6,
          "Single Copy": false,
          "Plans": [
            {
              "Node Type": "Aggregate",
              "Strategy": "Plain",
              "Partial Mode": "Partial",
              "Parent Relationship": "Outer",
              "Parallel Aware": false,
              "Startup Cost": 333994.64,
              "Total Cost": 333994.65,
              "Plan Rows": 1,
              "Plan Width": 8,
              "Actual Startup Time": 709.679,
              "Actual Total Time": 709.68,
              "Actual Rows": 1,
              "Actual Loops": 7,
              "Plans": [
                {
                  "Node Type": "Seq Scan",
                  "Parent Relationship": "Outer",
                  "Parallel Aware": true,
                  "Relation Name": "cast_info",
                  "Alias": "ci",
                  "Startup Cost": 0.0,
                  "Total Cost": 328211.39,
                  "Plan Rows": 2313301,
                  "Plan Width": 0,
                  "Actual Startup Time": 0.055,
                  "Actual Total Time": 609.547,
                  "Actual Rows": 2003791,
                  "Actual Loops": 7,
                  "Filter": "(person_id < 1382034)",
                  "Rows Removed by Filter": 3173973
                }
              ]
            }
          ]
        }
      ]
    },
    "Planning Time": 0.174,
    "Triggers": [],
    "Execution Time": 773.974
  }
]