[
  {
    "Plan": {
      "Node Type": "Aggregate",
      "Strategy": "Plain",
      "Partial Mode": "Finalize",
      "Parallel Aware": false,
      "Startup Cost": 302811.3,
      "Total Cost": 302811.31,
      "Plan Rows": 1,
      "Plan Width": 8,
      "Actual Startup Time": 2065.123,
      "Actual Total Time": 2112.618,
      "Actual Rows": 1,
      "Actual Loops": 1,
      "Plans": [
        {
          "Node Type": "Gather",
          "Parent Relationship": "Outer",
          "Parallel Aware": false,
          "Startup Cost": 302810.78,
          "Total Cost": 302811.29,
          "Plan Rows": 5,
          "Plan Width": 8,
          "Actual Startup Time": 2048.129,
          "Actual Total Time": 2112.601,
          "Actual Rows": 6,
          "Actual Loops": 1,
          "Workers Planned": 5,
          "Workers Launched": 5,
          "Single Copy": false,
          "Plans": [
            {
              "Node Type": "Aggregate",
              "Strategy": "Plain",
              "Partial Mode": "Partial",
              "Parent Relationship": "Outer",
              "Parallel Aware": false,
              "Startup Cost": 301810.78,
              "Total Cost": 301810.79,
              "Plan Rows": 1,
              "Plan Width": 8,
              "Actual Startup Time": 2030.898,
              "Actual Total Time": 2030.989,
              "Actual Rows": 1,
              "Actual Loops": 6,
              "Plans": [
                {
                  "Node Type": "Hash Join",
                  "Parent Relationship": "Outer",
                  "Parallel Aware": true,
                  "Join Type": "Inner",
                  "Startup Cost": 94553.76,
                  "Total Cost": 299873.39,
                  "Plan Rows": 774956,
                  "Plan Width": 0,
                  "Actual Startup Time": 750.032,
                  "Actual Total Time": 1826.932,
                  "Actual Rows": 4277769,
                  "Actual Loops": 6,
                  "Inner Unique": false,
                  "Hash Cond": "(mi.movie_id = t.id)",
                  "Plans": [
                    {
                      "Node Type": "Seq Scan",
                      "Parent Relationship": "Outer",
                      "Parallel Aware": true,
                      "Relation Name": "movie_info",
                      "Alias": "mi",
                      "Startup Cost": 0.0,
                      "Total Cost": 191685.19,
                      "Plan Rows": 2969219,
                      "Plan Width": 4,
                      "Actual Startup Time": 0.044,
                      "Actual Total Time": 310.992,
                      "Actual Rows": 2472620,
                      "Actual Loops": 6
                    },
                    {
                      "Node Type": "Hash",
                      "Parent Relationship": "Inner",
                      "Parallel Aware": true,
                      "Startup Cost": 91892.84,
                      "Total Cost": 91892.84,
                      "Plan Rows": 212874,
                      "Plan Width": 8,
                      "Actual Startup Time": 744.008,
                      "Actual Total Time": 744.097,
                      "Actual Rows": 110969,
                      "Actual Loops": 6,
                      "Hash Buckets": 1048576,
                      "Original Hash Buckets": 1048576,
                      "Hash Batches": 1,
                      "Original Hash Batches": 1,
                      "Peak Memory Usage": 34336,
                      "Plans": [
                        {
                          "Node Type": "Hash Join",
                          "Parent Relationship": "Outer",
                          "Parallel Aware": true,
                          "Join Type": "Inner",
                          "Startup Cost": 64219.12,
                          "Total Cost": 91892.84,
                          "Plan Rows": 212874,
                          "Plan Width": 8,
                          "Actual Startup Time": 530.182,
                          "Actual Total Time": 640.487,
                          "Actual Rows": 110969,
                          "Actual Loops": 6,
                          "Inner Unique": true,
                          "Hash Cond": "(mk.movie_id = t.id)",
                          "Plans": [
                            {
                              "Node Type": "Bitmap Heap Scan",
                              "Parent Relationship": "Outer",
                              "Parallel Aware": true,
                              "Relation Name": "movie_keyword",
                              "Alias": "mk",
                              "Startup Cost": 13998.74,
                              "Total Cost": 41113.66,
                              "Plan Rows": 212874,
                              "Plan Width": 4,
                              "Actual Startup Time": 37.696,
                              "Actual Total Time": 95.699,
                              "Actual Rows": 110969,
                              "Actual Loops": 6,
                              "Recheck Cond": "(keyword_id < 520)",
                              "Rows Removed by Index Recheck": 0,
                              "Exact Heap Blocks": 5272,
                              "Lossy Heap Blocks": 0,
                              "Plans": [
                                {
                                  "Node Type": "Bitmap Index Scan",
                                  "Parent Relationship": "Outer",
                                  "Parallel Aware": false,
                                  "Index Name": "keyword_id_movie_keyword",
                                  "Startup Cost": 0.0,
                                  "Total Cost": 13833.76,
                                  "Plan Rows": 659910,
                                  "Plan Width": 0,
                                  "Actual Startup Time": 33.999,
                                  "Actual Total Time": 33.999,
                                  "Actual Rows": 665815,
                                  "Actual Loops": 1,
                                  "Index Cond": "(keyword_id < 520)"
                                }
                              ]
                            },
                            {
                              "Node Type": "Hash",
                              "Parent Relationship": "Inner",
                              "Parallel Aware": true,
                              "Startup Cost": 42319.06,
                              "Total Cost": 42319.06,
                              "Plan Rows": 632106,
                              "Plan Width": 4,
                              "Actual Startup Time": 481.987,
                              "Actual Total Time": 481.988,
                              "Actual Rows": 421385,
                              "Actual Loops": 6,
                              "Hash Buckets": 4194304,
                              "Original Hash Buckets": 4194304,
                              "Hash Batches": 1,
                              "Original Hash Batches": 1,
                              "Peak Memory Usage": 131808,
                              "Plans": [
                                {
                                  "Node Type": "Seq Scan",
                                  "Parent Relationship": "Outer",
                                  "Parallel Aware": true,
                                  "Relation Name": "title",
                                  "Alias": "t",
                                  "Startup Cost": 0.0,
                                  "Total Cost": 42319.06,
                                  "Plan Rows": 632106,
                                  "Plan Width": 4,
                                  "Actual Startup Time": 0.049,
                                  "Actual Total Time": 105.859,
                                  "Actual Rows": 421385,
                                  "Actual Loops": 6
                                }
                              ]
                            }
                          ]
                        }
                      ]
                    }
                  ]
                }
              ]
            }
          ]
        }
      ]
    },
    "Planning Time": 1.124,
    "Triggers": [],
    "Execution Time": 2112.719
  }
]