[
  {
    "Plan": {
      "Node Type": "Aggregate",
      "Strategy": "Plain",
      "Partial Mode": "Finalize",
      "Parallel Aware": false,
      "Startup Cost": 46996.0,
      "Total Cost": 46996.01,
      "Plan Rows": 1,
      "Plan Width": 8,
      "Actual Startup Time": 178.421,
      "Actual Total Time": 187.735,
      "Actual Rows": 1,
      "Actual Loops": 1,
      "Plans": [
        {
          "Node Type": "Gather",
          "Parent Relationship": "Outer",
          "Parallel Aware": false,
          "Startup Cost": 46995.68,
          "Total Cost": 46995.99,
          "Plan Rows": 3,
          "Plan Width": 8,
          "Actual Startup Time": 178.319,
          "Actual Total Time": 187.727,
          "Actual Rows": 4,
          "Actual Loops": 1,
          "Workers Planned": 3,
          "Workers Launched": 3,
          "Single Copy": false,
          "Plans": [
            {
              "Node Type": "Aggregate",
              "Strategy": "Plain",
              "Partial Mode": "Partial",
              "Parent Relationship": "Outer",
              "Parallel Aware": false,
              "Startup Cost": 45995.68,
              "Total Cost": 45995.69,
              "Plan Rows": 1,
              "Plan Width": 8,
              "Actual Startup Time": 169.861,
              "Actual Total Time": 169.863,
              "Actual Rows": 1,
              "Actual Loops": 4,
              "Plans": [
                {
                  "Node Type": "Seq Scan",
                  "Parent Relationship": "Outer",
                  "Parallel Aware": true,
                  "Relation Name": "movie_keyword",
                  "Alias": "mk",
                  "Startup Cost": 0.0,
                  "Total Cost": 42695.65,
                  "Plan Rows": 1320011,
                  "Plan Width": 0,
                  "Actual Startup Time": 0.057,
                  "Actual Total Time": 123.569,
                  "Actual Rows": 1025816,
                  "Actual Loops": 4,
                  "Filter": "(keyword_id < 41460)",
                  "Rows Removed by Filter": 105166
                }
              ]
            }
          ]
        }
      ]
    },
    "Planning Time": 0.176,
    "Triggers": [],
    "Execution Time": 187.797
  }
]