{
  "Plan": {
    "Node Type": "Aggregate",
    "Strategy": "Plain",
    "Partial Mode": "Finalize",
    "Parallel Aware": false,
    "Startup Cost": 413008.66,
    "Total Cost": 413008.67,
    "Plan Rows": 1,
    "Plan Width": 8,
    "Actual Startup Time": 940.598,
    "Actual Total Time": 961.451,
    "Actual Rows": 1,
    "Actual Loops": 1,
    "Plans": [
      {
        "Node Type": "Gather",
        "Parent Relationship": "Outer",
        "Parallel Aware": false,
        "Startup Cost": 413008.54,
        "Total Cost": 413008.65,
        "Plan Rows": 1,
        "Plan Width": 8,
        "Actual Startup Time": 938.974,
        "Actual Total Time": 961.44,
        "Actual Rows": 2,
        "Actual Loops": 1,
        "Workers Planned": 1,
        "Workers Launched": 1,
        "Single Copy": false,
        "Plans": [
          {
            "Node Type": "Aggregate",
            "Strategy": "Plain",
            "Partial Mode": "Partial",
            "Parent Relationship": "Outer",
            "Parallel Aware": false,
            "Startup Cost": 412008.54,
            "Total Cost": 412008.55,
            "Plan Rows": 1,
            "Plan Width": 8,
            "Actual Startup Time": 932.786,
            "Actual Total Time": 932.789,
            "Actual Rows": 1,
            "Actual Loops": 2,
            "Plans": [
              {
                "Node Type": "Hash Join",
                "Parent Relationship": "Outer",
                "Parallel Aware": true,
                "Join Type": "Inner",
                "Startup Cost": 129855.61,
                "Total Cost": 411482.31,
                "Plan Rows": 210492,
                "Plan Width": 0,
                "Actual Startup Time": 381.072,
                "Actual Total Time": 916.162,
                "Actual Rows": 404554,
                "Actual Loops": 2,
                "Inner Unique": true,
                "Hash Cond": "(ci.movie_id = t.id)",
                "Plans": [
                  {
                    "Node Type": "Bitmap Heap Scan",
                    "Parent Relationship": "Outer",
                    "Parallel Aware": true,
                    "Relation Name": "cast_info",
                    "Alias": "ci",
                    "Startup Cost": 66710.54,
                    "Total Cost": 346214.32,
                    "Plan Rows": 808734,
                    "Plan Width": 4,
                    "Actual Startup Time": 140.092,
                    "Actual Total Time": 368.328,
                    "Actual Rows": 1465648,
                    "Actual Loops": 2,
                    "Recheck Cond": "(person_id > 3513672)",
                    "Rows Removed by Index Recheck": 0,
                    "Filter": "(role_id > 2)",
                    "Rows Removed by Filter": 0,
                    "Exact Heap Blocks": 21844,
                    "Lossy Heap Blocks": 0,
                    "Plans": [
                      {
                        "Node Type": "Bitmap Index Scan",
                        "Parent Relationship": "Outer",
                        "Parallel Aware": false,
                        "Index Name": "person_id_cast_info",
                        "Startup Cost": 0.0,
                        "Total Cost": 66366.83,
                        "Plan Rows": 3039235,
                        "Plan Width": 0,
                        "Actual Startup Time": 133.383,
                        "Actual Total Time": 133.384,
                        "Actual Rows": 2931296,
                        "Actual Loops": 1,
                        "Index Cond": "(person_id > 3513672)"
                      }
                    ]
                  },
                  {
                    "Node Type": "Hash",
                    "Parent Relationship": "Inner",
                    "Parallel Aware": true,
                    "Startup Cost": 58306.47,
                    "Total Cost": 58306.47,
                    "Plan Rows": 387088,
                    "Plan Width": 4,
                    "Actual Startup Time": 231.601,
                    "Actual Total Time": 231.602,
                    "Actual Rows": 277780,
                    "Actual Loops": 2,
                    "Hash Buckets": 1048576,
                    "Original Hash Buckets": 1048576,
                    "Hash Batches": 1,
                    "Original Hash Batches": 1,
                    "Peak Memory Usage": 29952,
                    "Plans": [
                      {
                        "Node Type": "Seq Scan",
                        "Parent Relationship": "Outer",
                        "Parallel Aware": true,
                        "Relation Name": "title",
                        "Alias": "t",
                        "Startup Cost": 0.0,
                        "Total Cost": 58306.47,
                        "Plan Rows": 387088,
                        "Plan Width": 4,
                        "Actual Startup Time": 0.047,
                        "Actual Total Time": 160.104,
                        "Actual Rows": 277780,
                        "Actual Loops": 2,
                        "Filter": "((kind_id < 7) AND (production_year > 1993))",
                        "Rows Removed by Filter": 986376
                      }
                    ]
                  }
                ]
              }
            ]
          }
        ]
      }
    ]
  },
  "Planning Time": 0.69,
  "Triggers": [],
  "Execution Time": 961.543
}