{
    "Plan": {
        "Node Type": "Aggregate",
        "Strategy": "Plain",
        "Partial Mode": "Finalize",
        "Parallel Aware": false,
        "Startup Cost": 275654.97,
        "Total Cost": 275654.98,
        "Plan Rows": 1,
        "Plan Width": 8,
        "Actual Startup Time": 1229.932,
        "Actual Total Time": 1274.381,
        "Actual Rows": 1,
        "Actual Loops": 1,
        "Output": [
            "count(*)"
        ],
        "Plans": [
            {
                "Node Type": "Gather",
                "Parent Relationship": "Outer",
                "Parallel Aware": false,
                "Startup Cost": 275654.45,
                "Total Cost": 275654.96,
                "Plan Rows": 5,
                "Plan Width": 8,
                "Actual Startup Time": 1224.769,
                "Actual Total Time": 1274.368,
                "Actual Rows": 6,
                "Actual Loops": 1,
                "Output": [
                    "(PARTIAL count(*))"
                ],
                "Workers Planned": 5,
                "Workers Launched": 5,
                "Single Copy": false,
                "Plans": [
                    {
                        "Node Type": "Aggregate",
                        "Strategy": "Plain",
                        "Partial Mode": "Partial",
                        "Parent Relationship": "Outer",
                        "Parallel Aware": false,
                        "Startup Cost": 274654.45,
                        "Total Cost": 274654.46,
                        "Plan Rows": 1,
                        "Plan Width": 8,
                        "Actual Startup Time": 1214.41,
                        "Actual Total Time": 1214.567,
                        "Actual Rows": 1,
                        "Actual Loops": 6,
                        "Output": [
                            "PARTIAL count(*)"
                        ],
                        "Workers": [
                            {
                                "Worker Number": 0,
                                "Actual Startup Time": 1211.74,
                                "Actual Total Time": 1211.746,
                                "Actual Rows": 1,
                                "Actual Loops": 1
                            },
                            {
                                "Worker Number": 1,
                                "Actual Startup Time": 1213.08,
                                "Actual Total Time": 1213.085,
                                "Actual Rows": 1,
                                "Actual Loops": 1
                            },
                            {
                                "Worker Number": 2,
                                "Actual Startup Time": 1212.571,
                                "Actual Total Time": 1212.575,
                                "Actual Rows": 1,
                                "Actual Loops": 1
                            },
                            {
                                "Worker Number": 3,
                                "Actual Startup Time": 1212.76,
                                "Actual Total Time": 1212.765,
                                "Actual Rows": 1,
                                "Actual Loops": 1
                            },
                            {
                                "Worker Number": 4,
                                "Actual Startup Time": 1212.5,
                                "Actual Total Time": 1212.506,
                                "Actual Rows": 1,
                                "Actual Loops": 1
                            }
                        ],
                        "Plans": [
                            {
                                "Node Type": "Hash Join",
                                "Parent Relationship": "Outer",
                                "Parallel Aware": true,
                                "Join Type": "Inner",
                                "Startup Cost": 64111.46,
                                "Total Cost": 273518.78,
                                "Plan Rows": 454265,
                                "Plan Width": 0,
                                "Actual Startup Time": 302.962,
                                "Actual Total Time": 1171.506,
                                "Actual Rows": 887731,
                                "Actual Loops": 6,
                                "Inner Unique": false,
                                "Hash Cond": "(mi.movie_id = t.id)",
                                "Workers": [
                                    {
                                        "Worker Number": 0,
                                        "Actual Startup Time": 300.591,
                                        "Actual Total Time": 1166.955,
                                        "Actual Rows": 694904,
                                        "Actual Loops": 1
                                    },
                                    {
                                        "Worker Number": 1,
                                        "Actual Startup Time": 301.1,
                                        "Actual Total Time": 1169.279,
                                        "Actual Rows": 679137,
                                        "Actual Loops": 1
                                    },
                                    {
                                        "Worker Number": 2,
                                        "Actual Startup Time": 301.138,
                                        "Actual Total Time": 1171.132,
                                        "Actual Rows": 1050896,
                                        "Actual Loops": 1
                                    },
                                    {
                                        "Worker Number": 3,
                                        "Actual Startup Time": 301.597,
                                        "Actual Total Time": 1170.997,
                                        "Actual Rows": 1061294,
                                        "Actual Loops": 1
                                    },
                                    {
                                        "Worker Number": 4,
                                        "Actual Startup Time": 301.053,
                                        "Actual Total Time": 1172.883,
                                        "Actual Rows": 614114,
                                        "Actual Loops": 1
                                    }
                                ],
                                "Plans": [
                                    {
                                        "Node Type": "Seq Scan",
                                        "Parent Relationship": "Outer",
                                        "Parallel Aware": true,
                                        "Relation Name": "movie_info",
                                        "Schema": "public",
                                        "Alias": "mi",
                                        "Startup Cost": 0.0,
                                        "Total Cost": 198880.74,
                                        "Plan Rows": 2504246,
                                        "Plan Width": 4,
                                        "Actual Startup Time": 0.039,
                                        "Actual Total Time": 387.053,
                                        "Actual Rows": 2100312,
                                        "Actual Loops": 6,
                                        "Output": [
                                            "mi.id",
                                            "mi.movie_id",
                                            "mi.info_type_id",
                                            "mi.info",
                                            "mi.note"
                                        ],
                                        "Filter": "(mi.info_type_id < 17)",
                                        "Rows Removed by Filter": 372308,
                                        "Workers": [
                                            {
                                                "Worker Number": 0,
                                                "Actual Startup Time": 0.043,
                                                "Actual Total Time": 399.644,
                                                "Actual Rows": 1644465,
                                                "Actual Loops": 1
                                            },
                                            {
                                                "Worker Number": 1,
                                                "Actual Startup Time": 0.044,
                                                "Actual Total Time": 411.012,
                                                "Actual Rows": 1612571,
                                                "Actual Loops": 1
                                            },
                                            {
                                                "Worker Number": 2,
                                                "Actual Startup Time": 0.041,
                                                "Actual Total Time": 382.22,
                                                "Actual Rows": 2491848,
                                                "Actual Loops": 1
                                            },
                                            {
                                                "Worker Number": 3,
                                                "Actual Startup Time": 0.04,
                                                "Actual Total Time": 383.714,
                                                "Actual Rows": 2509601,
                                                "Actual Loops": 1
                                            },
                                            {
                                                "Worker Number": 4,
                                                "Actual Startup Time": 0.05,
                                                "Actual Total Time": 392.035,
                                                "Actual Rows": 1457788,
                                                "Actual Loops": 1
                                            }
                                        ]
                                    },
                                    {
                                        "Node Type": "Hash",
                                        "Parent Relationship": "Inner",
                                        "Parallel Aware": true,
                                        "Startup Cost": 62678.24,
                                        "Total Cost": 62678.24,
                                        "Plan Rows": 114658,
                                        "Plan Width": 8,
                                        "Actual Startup Time": 298.782,
                                        "Actual Total Time": 298.938,
                                        "Actual Rows": 76654,
                                        "Actual Loops": 6,
                                        "Output": [
                                            "t.id",
                                            "mi_idx.movie_id"
                                        ],
                                        "Hash Buckets": 524288,
                                        "Original Hash Buckets": 524288,
                                        "Hash Batches": 1,
                                        "Original Hash Batches": 1,
                                        "Peak Memory Usage": 22176,
                                        "Workers": [
                                            {
                                                "Worker Number": 0,
                                                "Actual Startup Time": 298.418,
                                                "Actual Total Time": 298.422,
                                                "Actual Rows": 63191,
                                                "Actual Loops": 1
                                            },
                                            {
                                                "Worker Number": 1,
                                                "Actual Startup Time": 298.939,
                                                "Actual Total Time": 298.943,
                                                "Actual Rows": 62925,
                                                "Actual Loops": 1
                                            },
                                            {
                                                "Worker Number": 2,
                                                "Actual Startup Time": 299.219,
                                                "Actual Total Time": 299.222,
                                                "Actual Rows": 87730,
                                                "Actual Loops": 1
                                            },
                                            {
                                                "Worker Number": 3,
                                                "Actual Startup Time": 299.469,
                                                "Actual Total Time": 299.473,
                                                "Actual Rows": 89455,
                                                "Actual Loops": 1
                                            },
                                            {
                                                "Worker Number": 4,
                                                "Actual Startup Time": 299.014,
                                                "Actual Total Time": 299.018,
                                                "Actual Rows": 54795,
                                                "Actual Loops": 1
                                            }
                                        ],
                                        "Plans": [
                                            {
                                                "Node Type": "Hash Join",
                                                "Parent Relationship": "Outer",
                                                "Parallel Aware": true,
                                                "Join Type": "Inner",
                                                "Startup Cost": 17511.39,
                                                "Total Cost": 62678.24,
                                                "Plan Rows": 114658,
                                                "Plan Width": 8,
                                                "Actual Startup Time": 77.98,
                                                "Actual Total Time": 265.475,
                                                "Actual Rows": 76654,
                                                "Actual Loops": 6,
                                                "Output": [
                                                    "t.id",
                                                    "mi_idx.movie_id"
                                                ],
                                                "Inner Unique": false,
                                                "Hash Cond": "(t.id = mi_idx.movie_id)",
                                                "Workers": [
                                                    {
                                                        "Worker Number": 0,
                                                        "Actual Startup Time": 77.999,
                                                        "Actual Total Time": 265.837,
                                                        "Actual Rows": 63191,
                                                        "Actual Loops": 1
                                                    },
                                                    {
                                                        "Worker Number": 1,
                                                        "Actual Startup Time": 78.011,
                                                        "Actual Total Time": 264.867,
                                                        "Actual Rows": 62925,
                                                        "Actual Loops": 1
                                                    },
                                                    {
                                                        "Worker Number": 2,
                                                        "Actual Startup Time": 77.877,
                                                        "Actual Total Time": 264.269,
                                                        "Actual Rows": 87730,
                                                        "Actual Loops": 1
                                                    },
                                                    {
                                                        "Worker Number": 3,
                                                        "Actual Startup Time": 77.974,
                                                        "Actual Total Time": 265.798,
                                                        "Actual Rows": 89455,
                                                        "Actual Loops": 1
                                                    },
                                                    {
                                                        "Worker Number": 4,
                                                        "Actual Startup Time": 77.966,
                                                        "Actual Total Time": 266.781,
                                                        "Actual Rows": 54795,
                                                        "Actual Loops": 1
                                                    }
                                                ],
                                                "Plans": [
                                                    {
                                                        "Node Type": "Seq Scan",
                                                        "Parent Relationship": "Outer",
                                                        "Parallel Aware": true,
                                                        "Relation Name": "title",
                                                        "Schema": "public",
                                                        "Alias": "t",
                                                        "Startup Cost": 0.0,
                                                        "Total Cost": 42318.81,
                                                        "Plan Rows": 632080,
                                                        "Plan Width": 4,
                                                        "Actual Startup Time": 0.025,
                                                        "Actual Total Time": 63.617,
                                                        "Actual Rows": 421385,
                                                        "Actual Loops": 6,
                                                        "Output": [
                                                            "t.id",
                                                            "t.title",
                                                            "t.imdb_index",
                                                            "t.kind_id",
                                                            "t.production_year",
                                                            "t.imdb_id",
                                                            "t.phonetic_code",
                                                            "t.episode_of_id",
                                                            "t.season_nr",
                                                            "t.episode_nr",
                                                            "t.series_years",
                                                            "t.md5sum"
                                                        ],
                                                        "Workers": [
                                                            {
                                                                "Worker Number": 0,
                                                                "Actual Startup Time": 0.032,
                                                                "Actual Total Time": 68.22,
                                                                "Actual Rows": 342896,
                                                                "Actual Loops": 1
                                                            },
                                                            {
                                                                "Worker Number": 1,
                                                                "Actual Startup Time": 0.024,
                                                                "Actual Total Time": 68.044,
                                                                "Actual Rows": 344699,
                                                                "Actual Loops": 1
                                                            },
                                                            {
                                                                "Worker Number": 2,
                                                                "Actual Startup Time": 0.026,
                                                                "Actual Total Time": 64.742,
                                                                "Actual Rows": 480502,
                                                                "Actual Loops": 1
                                                            },
                                                            {
                                                                "Worker Number": 3,
                                                                "Actual Startup Time": 0.027,
                                                                "Actual Total Time": 65.478,
                                                                "Actual Rows": 490512,
                                                                "Actual Loops": 1
                                                            },
                                                            {
                                                                "Worker Number": 4,
                                                                "Actual Startup Time": 0.038,
                                                                "Actual Total Time": 65.038,
                                                                "Actual Rows": 296706,
                                                                "Actual Loops": 1
                                                            }
                                                        ]
                                                    },
                                                    {
                                                        "Node Type": "Hash",
                                                        "Parent Relationship": "Inner",
                                                        "Parallel Aware": true,
                                                        "Startup Cost": 15122.68,
                                                        "Total Cost": 15122.68,
                                                        "Plan Rows": 191097,
                                                        "Plan Width": 4,
                                                        "Actual Startup Time": 76.738,
                                                        "Actual Total Time": 76.739,
                                                        "Actual Rows": 76654,
                                                        "Actual Loops": 6,
                                                        "Output": [
                                                            "mi_idx.movie_id"
                                                        ],
                                                        "Hash Buckets": 524288,
                                                        "Original Hash Buckets": 524288,
                                                        "Hash Batches": 1,
                                                        "Original Hash Batches": 1,
                                                        "Peak Memory Usage": 22176,
                                                        "Workers": [
                                                            {
                                                                "Worker Number": 0,
                                                                "Actual Startup Time": 77.783,
                                                                "Actual Total Time": 77.784,
                                                                "Actual Rows": 61936,
                                                                "Actual Loops": 1
                                                            },
                                                            {
                                                                "Worker Number": 1,
                                                                "Actual Startup Time": 77.865,
                                                                "Actual Total Time": 77.866,
                                                                "Actual Rows": 62379,
                                                                "Actual Loops": 1
                                                            },
                                                            {
                                                                "Worker Number": 2,
                                                                "Actual Startup Time": 77.733,
                                                                "Actual Total Time": 77.734,
                                                                "Actual Rows": 75484,
                                                                "Actual Loops": 1
                                                            },
                                                            {
                                                                "Worker Number": 3,
                                                                "Actual Startup Time": 77.816,
                                                                "Actual Total Time": 77.817,
                                                                "Actual Rows": 79065,
                                                                "Actual Loops": 1
                                                            },
                                                            {
                                                                "Worker Number": 4,
                                                                "Actual Startup Time": 77.84,
                                                                "Actual Total Time": 77.841,
                                                                "Actual Rows": 52811,
                                                                "Actual Loops": 1
                                                            }
                                                        ],
                                                        "Plans": [
                                                            {
                                                                "Node Type": "Seq Scan",
                                                                "Parent Relationship": "Outer",
                                                                "Parallel Aware": true,
                                                                "Relation Name": "movie_info_idx",
                                                                "Schema": "public",
                                                                "Alias": "mi_idx",
                                                                "Startup Cost": 0.0,
                                                                "Total Cost": 15122.68,
                                                                "Plan Rows": 191097,
                                                                "Plan Width": 4,
                                                                "Actual Startup Time": 0.036,
                                                                "Actual Total Time": 38.039,
                                                                "Actual Rows": 76654,
                                                                "Actual Loops": 6,
                                                                "Output": [
                                                                    "mi_idx.movie_id"
                                                                ],
                                                                "Filter": "(mi_idx.info_type_id = 101)",
                                                                "Rows Removed by Filter": 153352,
                                                                "Workers": [
                                                                    {
                                                                        "Worker Number": 0,
                                                                        "Actual Startup Time": 0.037,
                                                                        "Actual Total Time": 39.366,
                                                                        "Actual Rows": 61936,
                                                                        "Actual Loops": 1
                                                                    },
                                                                    {
                                                                        "Worker Number": 1,
                                                                        "Actual Startup Time": 0.032,
                                                                        "Actual Total Time": 39.522,
                                                                        "Actual Rows": 62379,
                                                                        "Actual Loops": 1
                                                                    },
                                                                    {
                                                                        "Worker Number": 2,
                                                                        "Actual Startup Time": 0.047,
                                                                        "Actual Total Time": 39.131,
                                                                        "Actual Rows": 75484,
                                                                        "Actual Loops": 1
                                                                    },
                                                                    {
                                                                        "Worker Number": 3,
                                                                        "Actual Startup Time": 0.037,
                                                                        "Actual Total Time": 38.064,
                                                                        "Actual Rows": 79065,
                                                                        "Actual Loops": 1
                                                                    },
                                                                    {
                                                                        "Worker Number": 4,
                                                                        "Actual Startup Time": 0.038,
                                                                        "Actual Total Time": 37.797,
                                                                        "Actual Rows": 52811,
                                                                        "Actual Loops": 1
                                                                    }
                                                                ]
                                                            }
                                                        ]
                                                    }
                                                ]
                                            }
                                        ]
                                    }
                                ]
                            }
                        ]
                    }
                ]
            }
        ]
    },
    "Planning Time": 1.531,
    "Triggers": [],
    "Execution Time": 1274.477
}