{
  "Plan": {
    "Node Type": "Aggregate",
    "Strategy": "Plain",
    "Partial Mode": "Finalize",
    "Parallel Aware": false,
    "Startup Cost": 1061083.82,
    "Total Cost": 1061083.83,
    "Plan Rows": 1,
    "Plan Width": 8,
    "Actual Startup Time": 6655.644,
    "Actual Total Time": 6747.599,
    "Actual Rows": 1,
    "Actual Loops": 1,
    "Plans": [
      {
        "Node Type": "Gather",
        "Parent Relationship": "Outer",
        "Parallel Aware": false,
        "Startup Cost": 1061083.71,
        "Total Cost": 1061083.82,
        "Plan Rows": 1,
        "Plan Width": 8,
        "Actual Startup Time": 6650.451,
        "Actual Total Time": 6747.587,
        "Actual Rows": 2,
        "Actual Loops": 1,
        "Workers Planned": 1,
        "Workers Launched": 1,
        "Single Copy": false,
        "Plans": [
          {
            "Node Type": "Aggregate",
            "Strategy": "Plain",
            "Partial Mode": "Partial",
            "Parent Relationship": "Outer",
            "Parallel Aware": false,
            "Startup Cost": 1060083.71,
            "Total Cost": 1060083.72,
            "Plan Rows": 1,
            "Plan Width": 8,
            "Actual Startup Time": 6639.107,
            "Actual Total Time": 6639.422,
            "Actual Rows": 1,
            "Actual Loops": 2,
            "Plans": [
              {
                "Node Type": "Hash Join",
                "Parent Relationship": "Outer",
                "Parallel Aware": true,
                "Join Type": "Inner",
                "Startup Cost": 675587.71,
                "Total Cost": 1039111.62,
                "Plan Rows": 8388836,
                "Plan Width": 0,
                "Actual Startup Time": 3648.744,
                "Actual Total Time": 6490.81,
                "Actual Rows": 3747670,
                "Actual Loops": 2,
                "Inner Unique": false,
                "Hash Cond": "(mi.movie_id = t.id)",
                "Plans": [
                  {
                    "Node Type": "Seq Scan",
                    "Parent Relationship": "Outer",
                    "Parallel Aware": true,
                    "Relation Name": "movie_info",
                    "Alias": "mi",
                    "Startup Cost": 0.0,
                    "Total Cost": 248955.74,
                    "Plan Rows": 8696274,
                    "Plan Width": 4,
                    "Actual Startup Time": 0.017,
                    "Actual Total Time": 657.808,
                    "Actual Rows": 7417860,
                    "Actual Loops": 2
                  },
                  {
                    "Node Type": "Hash",
                    "Parent Relationship": "Inner",
                    "Parallel Aware": true,
                    "Startup Cost": 657654.54,
                    "Total Cost": 657654.54,
                    "Plan Rows": 1434654,
                    "Plan Width": 8,
                    "Actual Startup Time": 3625.415,
                    "Actual Total Time": 3625.728,
                    "Actual Rows": 1104298,
                    "Actual Loops": 2,
                    "Hash Buckets": 4194304,
                    "Original Hash Buckets": 4194304,
                    "Hash Batches": 1,
                    "Original Hash Batches": 1,
                    "Peak Memory Usage": 119200,
                    "Plans": [
                      {
                        "Node Type": "Hash Join",
                        "Parent Relationship": "Outer",
                        "Parallel Aware": true,
                        "Join Type": "Inner",
                        "Startup Cost": 61211.88,
                        "Total Cost": 657654.54,
                        "Plan Rows": 1434654,
                        "Plan Width": 8,
                        "Actual Startup Time": 446.781,
                        "Actual Total Time": 3239.314,
                        "Actual Rows": 1104298,
                        "Actual Loops": 2,
                        "Inner Unique": true,
                        "Hash Cond": "(ci.movie_id = t.id)",
                        "Plans": [
                          {
                            "Node Type": "Seq Scan",
                            "Parent Relationship": "Outer",
                            "Parallel Aware": true,
                            "Relation Name": "cast_info",
                            "Alias": "ci",
                            "Startup Cost": 0.0,
                            "Total Cost": 572345.93,
                            "Plan Rows": 9179688,
                            "Plan Width": 4,
                            "Actual Startup Time": 231.189,
                            "Actual Total Time": 1768.866,
                            "Actual Rows": 7201692,
                            "Actual Loops": 2,
                            "Filter": "((person_id > 771771) AND (role_id < 3))",
                            "Rows Removed by Filter": 10920480
                          },
                          {
                            "Node Type": "Hash",
                            "Parent Relationship": "Inner",
                            "Parallel Aware": true,
                            "Startup Cost": 58306.47,
                            "Total Cost": 58306.47,
                            "Plan Rows": 232433,
                            "Plan Width": 4,
                            "Actual Startup Time": 213.89,
                            "Actual Total Time": 213.891,
                            "Actual Rows": 200594,
                            "Actual Loops": 2,
                            "Hash Buckets": 524288,
                            "Original Hash Buckets": 524288,
                            "Hash Batches": 1,
                            "Original Hash Batches": 1,
                            "Peak Memory Usage": 19808,
                            "Plans": [
                              {
                                "Node Type": "Seq Scan",
                                "Parent Relationship": "Outer",
                                "Parallel Aware": true,
                                "Relation Name": "title",
                                "Alias": "t",
                                "Startup Cost": 0.0,
                                "Total Cost": 58306.47,
                                "Plan Rows": 232433,
                                "Plan Width": 4,
                                "Actual Startup Time": 0.053,
                                "Actual Total Time": 151.785,
                                "Actual Rows": 200594,
                                "Actual Loops": 2,
                                "Filter": "((kind_id > 1) AND (production_year > 2009))",
                                "Rows Removed by Filter": 1063562
                              }
                            ]
                          }
                        ]
                      }
                    ]
                  }
                ]
              }
            ]
          }
        ]
      }
    ]
  },
  "Planning Time": 0.992,
  "Triggers": [],
  "Execution Time": 6747.702
}