{
    "Plan": {
        "Node Type": "Aggregate",
        "Strategy": "Plain",
        "Partial Mode": "Finalize",
        "Parallel Aware": false,
        "Startup Cost": 3927528.05,
        "Total Cost": 3927528.06,
        "Plan Rows": 1,
        "Plan Width": 8,
        "Actual Startup Time": 12450.676,
        "Actual Total Time": 12553.648,
        "Actual Rows": 1,
        "Actual Loops": 1,
        "Output": [
            "count(*)"
        ],
        "Plans": [
            {
                "Node Type": "Gather",
                "Parent Relationship": "Outer",
                "Parallel Aware": false,
                "Startup Cost": 3927527.42,
                "Total Cost": 3927528.03,
                "Plan Rows": 6,
                "Plan Width": 8,
                "Actual Startup Time": 12313.164,
                "Actual Total Time": 12553.631,
                "Actual Rows": 7,
                "Actual Loops": 1,
                "Output": [
                    "(PARTIAL count(*))"
                ],
                "Workers Planned": 6,
                "Workers Launched": 6,
                "Single Copy": false,
                "Plans": [
                    {
                        "Node Type": "Aggregate",
                        "Strategy": "Plain",
                        "Partial Mode": "Partial",
                        "Parent Relationship": "Outer",
                        "Parallel Aware": false,
                        "Startup Cost": 3926527.42,
                        "Total Cost": 3926527.43,
                        "Plan Rows": 1,
                        "Plan Width": 8,
                        "Actual Startup Time": 12274.015,
                        "Actual Total Time": 12274.023,
                        "Actual Rows": 1,
                        "Actual Loops": 7,
                        "Output": [
                            "PARTIAL count(*)"
                        ],
                        "Workers": [
                            {
                                "Worker Number": 0,
                                "Actual Startup Time": 12276.081,
                                "Actual Total Time": 12276.087,
                                "Actual Rows": 1,
                                "Actual Loops": 1
                            },
                            {
                                "Worker Number": 1,
                                "Actual Startup Time": 12265.909,
                                "Actual Total Time": 12265.917,
                                "Actual Rows": 1,
                                "Actual Loops": 1
                            },
                            {
                                "Worker Number": 2,
                                "Actual Startup Time": 12266.036,
                                "Actual Total Time": 12266.041,
                                "Actual Rows": 1,
                                "Actual Loops": 1
                            },
                            {
                                "Worker Number": 3,
                                "Actual Startup Time": 12266.038,
                                "Actual Total Time": 12266.048,
                                "Actual Rows": 1,
                                "Actual Loops": 1
                            },
                            {
                                "Worker Number": 4,
                                "Actual Startup Time": 12266.261,
                                "Actual Total Time": 12266.265,
                                "Actual Rows": 1,
                                "Actual Loops": 1
                            },
                            {
                                "Worker Number": 5,
                                "Actual Startup Time": 12266.033,
                                "Actual Total Time": 12266.037,
                                "Actual Rows": 1,
                                "Actual Loops": 1
                            }
                        ],
                        "Plans": [
                            {
                                "Node Type": "Hash Join",
                                "Parent Relationship": "Outer",
                                "Parallel Aware": true,
                                "Join Type": "Inner",
                                "Startup Cost": 998295.41,
                                "Total Cost": 3903032.3,
                                "Plan Rows": 9398051,
                                "Plan Width": 0,
                                "Actual Startup Time": 8097.515,
                                "Actual Total Time": 11962.454,
                                "Actual Rows": 6071723,
                                "Actual Loops": 7,
                                "Inner Unique": false,
                                "Hash Cond": "(t.id = mi.movie_id)",
                                "Workers": [
                                    {
                                        "Worker Number": 0,
                                        "Actual Startup Time": 8090.883,
                                        "Actual Total Time": 11979.805,
                                        "Actual Rows": 5453404,
                                        "Actual Loops": 1
                                    },
                                    {
                                        "Worker Number": 1,
                                        "Actual Startup Time": 8090.68,
                                        "Actual Total Time": 11953.974,
                                        "Actual Rows": 5054208,
                                        "Actual Loops": 1
                                    },
                                    {
                                        "Worker Number": 2,
                                        "Actual Startup Time": 8091.219,
                                        "Actual Total Time": 11952.795,
                                        "Actual Rows": 6598265,
                                        "Actual Loops": 1
                                    },
                                    {
                                        "Worker Number": 3,
                                        "Actual Startup Time": 8090.948,
                                        "Actual Total Time": 11945.034,
                                        "Actual Rows": 6069708,
                                        "Actual Loops": 1
                                    },
                                    {
                                        "Worker Number": 4,
                                        "Actual Startup Time": 8091.048,
                                        "Actual Total Time": 11957.622,
                                        "Actual Rows": 6615668,
                                        "Actual Loops": 1
                                    },
                                    {
                                        "Worker Number": 5,
                                        "Actual Startup Time": 8091.163,
                                        "Actual Total Time": 11945.582,
                                        "Actual Rows": 5923671,
                                        "Actual Loops": 1
                                    }
                                ],
                                "Plans": [
                                    {
                                        "Node Type": "Hash Join",
                                        "Parent Relationship": "Outer",
                                        "Parallel Aware": true,
                                        "Join Type": "Inner",
                                        "Startup Cost": 546632.31,
                                        "Total Cost": 861215.33,
                                        "Plan Rows": 1897681,
                                        "Plan Width": 8,
                                        "Actual Startup Time": 6404.446,
                                        "Actual Total Time": 8505.096,
                                        "Actual Rows": 1696944,
                                        "Actual Loops": 7,
                                        "Output": [
                                            "t.id",
                                            "ci.movie_id"
                                        ],
                                        "Inner Unique": true,
                                        "Hash Cond": "(ci.movie_id = t.id)",
                                        "Workers": [
                                            {
                                                "Worker Number": 0,
                                                "Actual Startup Time": 6404.512,
                                                "Actual Total Time": 8520.325,
                                                "Actual Rows": 1522604,
                                                "Actual Loops": 1
                                            },
                                            {
                                                "Worker Number": 1,
                                                "Actual Startup Time": 6404.202,
                                                "Actual Total Time": 8501.798,
                                                "Actual Rows": 1412749,
                                                "Actual Loops": 1
                                            },
                                            {
                                                "Worker Number": 2,
                                                "Actual Startup Time": 6404.7,
                                                "Actual Total Time": 8496.534,
                                                "Actual Rows": 1841928,
                                                "Actual Loops": 1
                                            },
                                            {
                                                "Worker Number": 3,
                                                "Actual Startup Time": 6404.411,
                                                "Actual Total Time": 8498.098,
                                                "Actual Rows": 1694348,
                                                "Actual Loops": 1
                                            },
                                            {
                                                "Worker Number": 4,
                                                "Actual Startup Time": 6404.308,
                                                "Actual Total Time": 8503.747,
                                                "Actual Rows": 1858044,
                                                "Actual Loops": 1
                                            },
                                            {
                                                "Worker Number": 5,
                                                "Actual Startup Time": 6404.533,
                                                "Actual Total Time": 8504.62,
                                                "Actual Rows": 1656525,
                                                "Actual Loops": 1
                                            }
                                        ],
                                        "Plans": [
                                            {
                                                "Node Type": "Bitmap Heap Scan",
                                                "Parent Relationship": "Outer",
                                                "Parallel Aware": true,
                                                "Relation Name": "cast_info",
                                                "Schema": "public",
                                                "Alias": "ci",
                                                "Startup Cost": 473350.16,
                                                "Total Cost": 779716.64,
                                                "Plan Rows": 3130110,
                                                "Plan Width": 4,
                                                "Actual Startup Time": 5964.208,
                                                "Actual Total Time": 6776.933,
                                                "Actual Rows": 2924399,
                                                "Actual Loops": 7,
                                                "Output": [
                                                    "ci.id",
                                                    "ci.person_id",
                                                    "ci.movie_id",
                                                    "ci.person_role_id",
                                                    "ci.note",
                                                    "ci.nr_order",
                                                    "ci.role_id"
                                                ],
                                                "Recheck Cond": "(ci.person_id < 2164700)",
                                                "Rows Removed by Index Recheck": 0,
                                                "Filter": "(ci.role_id < 10)",
                                                "Rows Removed by Filter": 128836,
                                                "Exact Heap Blocks": 33086,
                                                "Lossy Heap Blocks": 0,
                                                "Workers": [
                                                    {
                                                        "Worker Number": 0,
                                                        "Actual Startup Time": 5964.349,
                                                        "Actual Total Time": 6774.862,
                                                        "Actual Rows": 2603213,
                                                        "Actual Loops": 1
                                                    },
                                                    {
                                                        "Worker Number": 1,
                                                        "Actual Startup Time": 5963.907,
                                                        "Actual Total Time": 6766.551,
                                                        "Actual Rows": 2431841,
                                                        "Actual Loops": 1
                                                    },
                                                    {
                                                        "Worker Number": 2,
                                                        "Actual Startup Time": 5964.443,
                                                        "Actual Total Time": 6776.561,
                                                        "Actual Rows": 3165356,
                                                        "Actual Loops": 1
                                                    },
                                                    {
                                                        "Worker Number": 3,
                                                        "Actual Startup Time": 5964.118,
                                                        "Actual Total Time": 6783.972,
                                                        "Actual Rows": 2912286,
                                                        "Actual Loops": 1
                                                    },
                                                    {
                                                        "Worker Number": 4,
                                                        "Actual Startup Time": 5964.171,
                                                        "Actual Total Time": 6779.159,
                                                        "Actual Rows": 3228583,
                                                        "Actual Loops": 1
                                                    },
                                                    {
                                                        "Worker Number": 5,
                                                        "Actual Startup Time": 5964.299,
                                                        "Actual Total Time": 6789.381,
                                                        "Actual Rows": 2855452,
                                                        "Actual Loops": 1
                                                    }
                                                ],
                                                "Plans": [
                                                    {
                                                        "Node Type": "Bitmap Index Scan",
                                                        "Parent Relationship": "Outer",
                                                        "Parallel Aware": false,
                                                        "Index Name": "person_id_cast_info",
                                                        "Startup Cost": 0.0,
                                                        "Total Cost": 468655.0,
                                                        "Plan Rows": 21471791,
                                                        "Plan Width": 0,
                                                        "Actual Startup Time": 5891.658,
                                                        "Actual Total Time": 5891.659,
                                                        "Actual Rows": 21372646,
                                                        "Actual Loops": 1,
                                                        "Index Cond": "(ci.person_id < 2164700)",
                                                        "Workers": [
                                                            {
                                                                "Worker Number": 1,
                                                                "Actual Startup Time": 5891.658,
                                                                "Actual Total Time": 5891.659,
                                                                "Actual Rows": 21372646,
                                                                "Actual Loops": 1
                                                            }
                                                        ]
                                                    }
                                                ]
                                            },
                                            {
                                                "Node Type": "Hash",
                                                "Parent Relationship": "Inner",
                                                "Parallel Aware": true,
                                                "Startup Cost": 68492.03,
                                                "Total Cost": 68492.03,
                                                "Plan Rows": 383209,
                                                "Plan Width": 4,
                                                "Actual Startup Time": 438.877,
                                                "Actual Total Time": 438.879,
                                                "Actual Rows": 220466,
                                                "Actual Loops": 7,
                                                "Output": [
                                                    "t.id"
                                                ],
                                                "Hash Buckets": 2097152,
                                                "Original Hash Buckets": 2097152,
                                                "Hash Batches": 1,
                                                "Original Hash Batches": 1,
                                                "Peak Memory Usage": 76864,
                                                "Workers": [
                                                    {
                                                        "Worker Number": 0,
                                                        "Actual Startup Time": 439.876,
                                                        "Actual Total Time": 439.877,
                                                        "Actual Rows": 182287,
                                                        "Actual Loops": 1
                                                    },
                                                    {
                                                        "Worker Number": 1,
                                                        "Actual Startup Time": 439.912,
                                                        "Actual Total Time": 439.913,
                                                        "Actual Rows": 180904,
                                                        "Actual Loops": 1
                                                    },
                                                    {
                                                        "Worker Number": 2,
                                                        "Actual Startup Time": 439.938,
                                                        "Actual Total Time": 439.939,
                                                        "Actual Rows": 227979,
                                                        "Actual Loops": 1
                                                    },
                                                    {
                                                        "Worker Number": 3,
                                                        "Actual Startup Time": 439.957,
                                                        "Actual Total Time": 439.958,
                                                        "Actual Rows": 203009,
                                                        "Actual Loops": 1
                                                    },
                                                    {
                                                        "Worker Number": 4,
                                                        "Actual Startup Time": 439.951,
                                                        "Actual Total Time": 439.953,
                                                        "Actual Rows": 226584,
                                                        "Actual Loops": 1
                                                    },
                                                    {
                                                        "Worker Number": 5,
                                                        "Actual Startup Time": 439.879,
                                                        "Actual Total Time": 439.881,
                                                        "Actual Rows": 255540,
                                                        "Actual Loops": 1
                                                    }
                                                ],
                                                "Plans": [
                                                    {
                                                        "Node Type": "Bitmap Heap Scan",
                                                        "Parent Relationship": "Outer",
                                                        "Parallel Aware": true,
                                                        "Relation Name": "title",
                                                        "Schema": "public",
                                                        "Alias": "t",
                                                        "Startup Cost": 27703.92,
                                                        "Total Cost": 68492.03,
                                                        "Plan Rows": 383209,
                                                        "Plan Width": 4,
                                                        "Actual Startup Time": 78.953,
                                                        "Actual Total Time": 160.473,
                                                        "Actual Rows": 220466,
                                                        "Actual Loops": 7,
                                                        "Output": [
                                                            "t.id"
                                                        ],
                                                        "Recheck Cond": "(t.kind_id = 7)",
                                                        "Rows Removed by Index Recheck": 0,
                                                        "Exact Heap Blocks": 4291,
                                                        "Lossy Heap Blocks": 0,
                                                        "Workers": [
                                                            {
                                                                "Worker Number": 0,
                                                                "Actual Startup Time": 78.773,
                                                                "Actual Total Time": 159.87,
                                                                "Actual Rows": 182287,
                                                                "Actual Loops": 1
                                                            },
                                                            {
                                                                "Worker Number": 1,
                                                                "Actual Startup Time": 79.208,
                                                                "Actual Total Time": 159.853,
                                                                "Actual Rows": 180904,
                                                                "Actual Loops": 1
                                                            },
                                                            {
                                                                "Worker Number": 2,
                                                                "Actual Startup Time": 78.623,
                                                                "Actual Total Time": 161.226,
                                                                "Actual Rows": 227979,
                                                                "Actual Loops": 1
                                                            },
                                                            {
                                                                "Worker Number": 3,
                                                                "Actual Startup Time": 78.994,
                                                                "Actual Total Time": 160.9,
                                                                "Actual Rows": 203009,
                                                                "Actual Loops": 1
                                                            },
                                                            {
                                                                "Worker Number": 4,
                                                                "Actual Startup Time": 79.16,
                                                                "Actual Total Time": 160.229,
                                                                "Actual Rows": 226584,
                                                                "Actual Loops": 1
                                                            },
                                                            {
                                                                "Worker Number": 5,
                                                                "Actual Startup Time": 79.036,
                                                                "Actual Total Time": 159.423,
                                                                "Actual Rows": 255540,
                                                                "Actual Loops": 1
                                                            }
                                                        ],
                                                        "Plans": [
                                                            {
                                                                "Node Type": "Bitmap Index Scan",
                                                                "Parent Relationship": "Outer",
                                                                "Parallel Aware": false,
                                                                "Index Name": "kind_id_title",
                                                                "Startup Cost": 0.0,
                                                                "Total Cost": 27320.71,
                                                                "Plan Rows": 1532837,
                                                                "Plan Width": 0,
                                                                "Actual Startup Time": 72.785,
                                                                "Actual Total Time": 72.786,
                                                                "Actual Rows": 1543264,
                                                                "Actual Loops": 1,
                                                                "Index Cond": "(t.kind_id = 7)",
                                                                "Workers": [
                                                                    {
                                                                        "Worker Number": 2,
                                                                        "Actual Startup Time": 72.785,
                                                                        "Actual Total Time": 72.786,
                                                                        "Actual Rows": 1543264,
                                                                        "Actual Loops": 1
                                                                    }
                                                                ]
                                                            }
                                                        ]
                                                    }
                                                ]
                                            }
                                        ]
                                    },
                                    {
                                        "Node Type": "Hash",
                                        "Parent Relationship": "Inner",
                                        "Parallel Aware": true,
                                        "Startup Cost": 420360.03,
                                        "Total Cost": 420360.03,
                                        "Plan Rows": 2504246,
                                        "Plan Width": 4,
                                        "Actual Startup Time": 1678.249,
                                        "Actual Total Time": 1678.251,
                                        "Actual Rows": 1800267,
                                        "Actual Loops": 7,
                                        "Output": [
                                            "mi.movie_id"
                                        ],
                                        "Hash Buckets": 16777216,
                                        "Original Hash Buckets": 16777216,
                                        "Hash Batches": 1,
                                        "Original Hash Batches": 1,
                                        "Peak Memory Usage": 624128,
                                        "Workers": [
                                            {
                                                "Worker Number": 0,
                                                "Actual Startup Time": 1685.712,
                                                "Actual Total Time": 1685.713,
                                                "Actual Rows": 1542946,
                                                "Actual Loops": 1
                                            },
                                            {
                                                "Worker Number": 1,
                                                "Actual Startup Time": 1685.781,
                                                "Actual Total Time": 1685.782,
                                                "Actual Rows": 1547536,
                                                "Actual Loops": 1
                                            },
                                            {
                                                "Worker Number": 2,
                                                "Actual Startup Time": 1686.052,
                                                "Actual Total Time": 1686.053,
                                                "Actual Rows": 1670321,
                                                "Actual Loops": 1
                                            },
                                            {
                                                "Worker Number": 3,
                                                "Actual Startup Time": 1686.067,
                                                "Actual Total Time": 1686.072,
                                                "Actual Rows": 1672577,
                                                "Actual Loops": 1
                                            },
                                            {
                                                "Worker Number": 4,
                                                "Actual Startup Time": 1686.235,
                                                "Actual Total Time": 1686.236,
                                                "Actual Rows": 1609687,
                                                "Actual Loops": 1
                                            },
                                            {
                                                "Worker Number": 5,
                                                "Actual Startup Time": 1685.901,
                                                "Actual Total Time": 1685.902,
                                                "Actual Rows": 2192234,
                                                "Actual Loops": 1
                                            }
                                        ],
                                        "Plans": [
                                            {
                                                "Node Type": "Bitmap Heap Scan",
                                                "Parent Relationship": "Outer",
                                                "Parallel Aware": true,
                                                "Relation Name": "movie_info",
                                                "Schema": "public",
                                                "Alias": "mi",
                                                "Startup Cost": 227063.96,
                                                "Total Cost": 420360.03,
                                                "Plan Rows": 2504246,
                                                "Plan Width": 4,
                                                "Actual Startup Time": 407.207,
                                                "Actual Total Time": 854.342,
                                                "Actual Rows": 1800267,
                                                "Actual Loops": 7,
                                                "Output": [
                                                    "mi.movie_id"
                                                ],
                                                "Recheck Cond": "(mi.info_type_id < 17)",
                                                "Rows Removed by Index Recheck": 0,
                                                "Exact Heap Blocks": 21028,
                                                "Lossy Heap Blocks": 0,
                                                "Workers": [
                                                    {
                                                        "Worker Number": 0,
                                                        "Actual Startup Time": 407.1,
                                                        "Actual Total Time": 857.082,
                                                        "Actual Rows": 1542946,
                                                        "Actual Loops": 1
                                                    },
                                                    {
                                                        "Worker Number": 1,
                                                        "Actual Startup Time": 407.131,
                                                        "Actual Total Time": 853.257,
                                                        "Actual Rows": 1547536,
                                                        "Actual Loops": 1
                                                    },
                                                    {
                                                        "Worker Number": 2,
                                                        "Actual Startup Time": 407.47,
                                                        "Actual Total Time": 858.667,
                                                        "Actual Rows": 1670321,
                                                        "Actual Loops": 1
                                                    },
                                                    {
                                                        "Worker Number": 3,
                                                        "Actual Startup Time": 407.372,
                                                        "Actual Total Time": 861.401,
                                                        "Actual Rows": 1672577,
                                                        "Actual Loops": 1
                                                    },
                                                    {
                                                        "Worker Number": 4,
                                                        "Actual Startup Time": 407.168,
                                                        "Actual Total Time": 857.762,
                                                        "Actual Rows": 1609687,
                                                        "Actual Loops": 1
                                                    },
                                                    {
                                                        "Worker Number": 5,
                                                        "Actual Startup Time": 407.168,
                                                        "Actual Total Time": 843.833,
                                                        "Actual Rows": 2192234,
                                                        "Actual Loops": 1
                                                    }
                                                ],
                                                "Plans": [
                                                    {
                                                        "Node Type": "Bitmap Index Scan",
                                                        "Parent Relationship": "Outer",
                                                        "Parallel Aware": false,
                                                        "Index Name": "info_type_id_movie_info",
                                                        "Startup Cost": 0.0,
                                                        "Total Cost": 223933.65,
                                                        "Plan Rows": 12521229,
                                                        "Plan Width": 0,
                                                        "Actual Startup Time": 385.546,
                                                        "Actual Total Time": 385.546,
                                                        "Actual Rows": 12601870,
                                                        "Actual Loops": 1,
                                                        "Index Cond": "(mi.info_type_id < 17)"
                                                    }
                                                ]
                                            }
                                        ]
                                    }
                                ]
                            }
                        ]
                    }
                ]
            }
        ]
    },
    "Planning Time": 3.76,
    "Triggers": [],
    "Execution Time": 12554.21
}