{
  "Plan": {
    "Node Type": "Aggregate",
    "Strategy": "Plain",
    "Partial Mode": "Finalize",
    "Parallel Aware": false,
    "Startup Cost": 169050.91,
    "Total Cost": 169050.92,
    "Plan Rows": 1,
    "Plan Width": 8,
    "Actual Startup Time": 1682.875,
    "Actual Total Time": 1704.406,
    "Actual Rows": 1,
    "Actual Loops": 1,
    "Plans": [
      {
        "Node Type": "Gather",
        "Parent Relationship": "Outer",
        "Parallel Aware": false,
        "Startup Cost": 169050.8,
        "Total Cost": 169050.91,
        "Plan Rows": 1,
        "Plan Width": 8,
        "Actual Startup Time": 1677.261,
        "Actual Total Time": 1704.401,
        "Actual Rows": 2,
        "Actual Loops": 1,
        "Workers Planned": 1,
        "Workers Launched": 1,
        "Single Copy": false,
        "Plans": [
          {
            "Node Type": "Aggregate",
            "Strategy": "Plain",
            "Partial Mode": "Partial",
            "Parent Relationship": "Outer",
            "Parallel Aware": false,
            "Startup Cost": 168050.8,
            "Total Cost": 168050.81,
            "Plan Rows": 1,
            "Plan Width": 8,
            "Actual Startup Time": 1672.474,
            "Actual Total Time": 1672.48,
            "Actual Rows": 1,
            "Actual Loops": 2,
            "Plans": [
              {
                "Node Type": "Hash Join",
                "Parent Relationship": "Outer",
                "Parallel Aware": true,
                "Join Type": "Inner",
                "Startup Cost": 96818.23,
                "Total Cost": 165012.29,
                "Plan Rows": 1215405,
                "Plan Width": 0,
                "Actual Startup Time": 857.924,
                "Actual Total Time": 1507.842,
                "Actual Rows": 4122218,
                "Actual Loops": 2,
                "Inner Unique": false,
                "Hash Cond": "(mk.movie_id = t.id)",
                "Plans": [
                  {
                    "Node Type": "Seq Scan",
                    "Parent Relationship": "Outer",
                    "Parallel Aware": true,
                    "Relation Name": "movie_keyword",
                    "Alias": "mk",
                    "Startup Cost": 0.0,
                    "Total Cost": 51065.35,
                    "Plan Rows": 2661135,
                    "Plan Width": 4,
                    "Actual Startup Time": 0.011,
                    "Actual Total Time": 148.648,
                    "Actual Rows": 2261965,
                    "Actual Loops": 2
                  },
                  {
                    "Node Type": "Hash",
                    "Parent Relationship": "Inner",
                    "Parallel Aware": true,
                    "Startup Cost": 88327.54,
                    "Total Cost": 88327.54,
                    "Plan Rows": 679255,
                    "Plan Width": 8,
                    "Actual Startup Time": 849.123,
                    "Actual Total Time": 849.127,
                    "Actual Rows": 585221,
                    "Actual Loops": 2,
                    "Hash Buckets": 2097152,
                    "Original Hash Buckets": 2097152,
                    "Hash Batches": 1,
                    "Original Hash Batches": 1,
                    "Peak Memory Usage": 62208,
                    "Plans": [
                      {
                        "Node Type": "Hash Join",
                        "Parent Relationship": "Outer",
                        "Parallel Aware": true,
                        "Join Type": "Inner",
                        "Startup Cost": 70143.75,
                        "Total Cost": 88327.54,
                        "Plan Rows": 679255,
                        "Plan Width": 8,
                        "Actual Startup Time": 507.158,
                        "Actual Total Time": 724.938,
                        "Actual Rows": 585221,
                        "Actual Loops": 2,
                        "Inner Unique": true,
                        "Hash Cond": "(mi_idx.movie_id = t.id)",
                        "Plans": [
                          {
                            "Node Type": "Seq Scan",
                            "Parent Relationship": "Outer",
                            "Parallel Aware": true,
                            "Relation Name": "movie_info_idx",
                            "Alias": "mi_idx",
                            "Startup Cost": 0.0,
                            "Total Cost": 16052.85,
                            "Plan Rows": 811785,
                            "Plan Width": 4,
                            "Actual Startup Time": 0.021,
                            "Actual Total Time": 48.644,
                            "Actual Rows": 690018,
                            "Actual Loops": 2
                          },
                          {
                            "Node Type": "Hash",
                            "Parent Relationship": "Inner",
                            "Parallel Aware": true,
                            "Startup Cost": 54588.39,
                            "Total Cost": 54588.39,
                            "Plan Rows": 1244429,
                            "Plan Width": 4,
                            "Actual Startup Time": 494.652,
                            "Actual Total Time": 494.653,
                            "Actual Rows": 1052068,
                            "Actual Loops": 2,
                            "Hash Buckets": 4194304,
                            "Original Hash Buckets": 4194304,
                            "Hash Batches": 1,
                            "Original Hash Batches": 1,
                            "Peak Memory Usage": 115104,
                            "Plans": [
                              {
                                "Node Type": "Seq Scan",
                                "Parent Relationship": "Outer",
                                "Parallel Aware": true,
                                "Relation Name": "title",
                                "Alias": "t",
                                "Startup Cost": 0.0,
                                "Total Cost": 54588.39,
                                "Plan Rows": 1244429,
                                "Plan Width": 4,
                                "Actual Startup Time": 0.028,
                                "Actual Total Time": 172.574,
                                "Actual Rows": 1052068,
                                "Actual Loops": 2,
                                "Filter": "(production_year > 1968)",
                                "Rows Removed by Filter": 212088
                              }
                            ]
                          }
                        ]
                      }
                    ]
                  }
                ]
              }
            ]
          }
        ]
      }
    ]
  },
  "Planning Time": 0.428,
  "Triggers": [],
  "Execution Time": 1704.449
}