{
    "Plan": {
        "Node Type": "Aggregate",
        "Strategy": "Plain",
        "Partial Mode": "Finalize",
        "Parallel Aware": false,
        "Startup Cost": 383970.17,
        "Total Cost": 383970.18,
        "Plan Rows": 1,
        "Plan Width": 8,
        "Actual Startup Time": 1793.683,
        "Actual Total Time": 1832.582,
        "Actual Rows": 1,
        "Actual Loops": 1,
        "Output": [
            "count(*)"
        ],
        "Plans": [
            {
                "Node Type": "Gather",
                "Parent Relationship": "Outer",
                "Parallel Aware": false,
                "Startup Cost": 383969.54,
                "Total Cost": 383970.15,
                "Plan Rows": 6,
                "Plan Width": 8,
                "Actual Startup Time": 1772.425,
                "Actual Total Time": 1832.568,
                "Actual Rows": 7,
                "Actual Loops": 1,
                "Output": [
                    "(PARTIAL count(*))"
                ],
                "Workers Planned": 6,
                "Workers Launched": 6,
                "Single Copy": false,
                "Plans": [
                    {
                        "Node Type": "Aggregate",
                        "Strategy": "Plain",
                        "Partial Mode": "Partial",
                        "Parent Relationship": "Outer",
                        "Parallel Aware": false,
                        "Startup Cost": 382969.54,
                        "Total Cost": 382969.55,
                        "Plan Rows": 1,
                        "Plan Width": 8,
                        "Actual Startup Time": 1749.358,
                        "Actual Total Time": 1749.362,
                        "Actual Rows": 1,
                        "Actual Loops": 7,
                        "Output": [
                            "PARTIAL count(*)"
                        ],
                        "Workers": [
                            {
                                "Worker Number": 0,
                                "Actual Startup Time": 1745.874,
                                "Actual Total Time": 1745.877,
                                "Actual Rows": 1,
                                "Actual Loops": 1
                            },
                            {
                                "Worker Number": 1,
                                "Actual Startup Time": 1745.81,
                                "Actual Total Time": 1745.813,
                                "Actual Rows": 1,
                                "Actual Loops": 1
                            },
                            {
                                "Worker Number": 2,
                                "Actual Startup Time": 1745.878,
                                "Actual Total Time": 1745.881,
                                "Actual Rows": 1,
                                "Actual Loops": 1
                            },
                            {
                                "Worker Number": 3,
                                "Actual Startup Time": 1745.626,
                                "Actual Total Time": 1745.629,
                                "Actual Rows": 1,
                                "Actual Loops": 1
                            },
                            {
                                "Worker Number": 4,
                                "Actual Startup Time": 1745.75,
                                "Actual Total Time": 1745.754,
                                "Actual Rows": 1,
                                "Actual Loops": 1
                            },
                            {
                                "Worker Number": 5,
                                "Actual Startup Time": 1747.786,
                                "Actual Total Time": 1747.789,
                                "Actual Rows": 1,
                                "Actual Loops": 1
                            }
                        ],
                        "Plans": [
                            {
                                "Node Type": "Hash Join",
                                "Parent Relationship": "Outer",
                                "Parallel Aware": true,
                                "Join Type": "Inner",
                                "Startup Cost": 50220.37,
                                "Total Cost": 377998.96,
                                "Plan Rows": 1988232,
                                "Plan Width": 0,
                                "Actual Startup Time": 285.663,
                                "Actual Total Time": 1657.334,
                                "Actual Rows": 1724184,
                                "Actual Loops": 7,
                                "Inner Unique": true,
                                "Hash Cond": "(ci.movie_id = t.id)",
                                "Workers": [
                                    {
                                        "Worker Number": 0,
                                        "Actual Startup Time": 282.609,
                                        "Actual Total Time": 1647.201,
                                        "Actual Rows": 1505288,
                                        "Actual Loops": 1
                                    },
                                    {
                                        "Worker Number": 1,
                                        "Actual Startup Time": 282.271,
                                        "Actual Total Time": 1662.836,
                                        "Actual Rows": 2074194,
                                        "Actual Loops": 1
                                    },
                                    {
                                        "Worker Number": 2,
                                        "Actual Startup Time": 282.412,
                                        "Actual Total Time": 1664.278,
                                        "Actual Rows": 2041094,
                                        "Actual Loops": 1
                                    },
                                    {
                                        "Worker Number": 3,
                                        "Actual Startup Time": 282.249,
                                        "Actual Total Time": 1667.125,
                                        "Actual Rows": 1924165,
                                        "Actual Loops": 1
                                    },
                                    {
                                        "Worker Number": 4,
                                        "Actual Startup Time": 282.296,
                                        "Actual Total Time": 1653.278,
                                        "Actual Rows": 1439009,
                                        "Actual Loops": 1
                                    },
                                    {
                                        "Worker Number": 5,
                                        "Actual Startup Time": 282.313,
                                        "Actual Total Time": 1654.695,
                                        "Actual Rows": 1441697,
                                        "Actual Loops": 1
                                    }
                                ],
                                "Plans": [
                                    {
                                        "Node Type": "Index Scan",
                                        "Parent Relationship": "Outer",
                                        "Parallel Aware": true,
                                        "Scan Direction": "Forward",
                                        "Index Name": "role_id_cast_info",
                                        "Relation Name": "cast_info",
                                        "Schema": "public",
                                        "Alias": "ci",
                                        "Startup Cost": 0.56,
                                        "Total Cost": 322560.04,
                                        "Plan Rows": 1988232,
                                        "Plan Width": 4,
                                        "Actual Startup Time": 0.279,
                                        "Actual Total Time": 468.708,
                                        "Actual Rows": 1724184,
                                        "Actual Loops": 7,
                                        "Output": [
                                            "ci.id",
                                            "ci.person_id",
                                            "ci.movie_id",
                                            "ci.person_role_id",
                                            "ci.note",
                                            "ci.nr_order",
                                            "ci.role_id"
                                        ],
                                        "Index Cond": "(ci.role_id > 3)",
                                        "Rows Removed by Index Recheck": 0,
                                        "Filter": "(ci.person_id > 28228)",
                                        "Rows Removed by Filter": 6337,
                                        "Workers": [
                                            {
                                                "Worker Number": 0,
                                                "Actual Startup Time": 0.402,
                                                "Actual Total Time": 507.807,
                                                "Actual Rows": 1505288,
                                                "Actual Loops": 1
                                            },
                                            {
                                                "Worker Number": 1,
                                                "Actual Startup Time": 0.123,
                                                "Actual Total Time": 458.194,
                                                "Actual Rows": 2074194,
                                                "Actual Loops": 1
                                            },
                                            {
                                                "Worker Number": 2,
                                                "Actual Startup Time": 0.148,
                                                "Actual Total Time": 452.811,
                                                "Actual Rows": 2041094,
                                                "Actual Loops": 1
                                            },
                                            {
                                                "Worker Number": 3,
                                                "Actual Startup Time": 0.336,
                                                "Actual Total Time": 449.484,
                                                "Actual Rows": 1924165,
                                                "Actual Loops": 1
                                            },
                                            {
                                                "Worker Number": 4,
                                                "Actual Startup Time": 0.225,
                                                "Actual Total Time": 490.332,
                                                "Actual Rows": 1439009,
                                                "Actual Loops": 1
                                            },
                                            {
                                                "Worker Number": 5,
                                                "Actual Startup Time": 0.294,
                                                "Actual Total Time": 493.247,
                                                "Actual Rows": 1441697,
                                                "Actual Loops": 1
                                            }
                                        ]
                                    },
                                    {
                                        "Node Type": "Hash",
                                        "Parent Relationship": "Inner",
                                        "Parallel Aware": true,
                                        "Startup Cost": 42318.81,
                                        "Total Cost": 42318.81,
                                        "Plan Rows": 632080,
                                        "Plan Width": 4,
                                        "Actual Startup Time": 278.7,
                                        "Actual Total Time": 278.701,
                                        "Actual Rows": 361187,
                                        "Actual Loops": 7,
                                        "Output": [
                                            "t.id"
                                        ],
                                        "Hash Buckets": 4194304,
                                        "Original Hash Buckets": 4194304,
                                        "Hash Batches": 1,
                                        "Original Hash Batches": 1,
                                        "Peak Memory Usage": 131808,
                                        "Workers": [
                                            {
                                                "Worker Number": 0,
                                                "Actual Startup Time": 281.765,
                                                "Actual Total Time": 281.765,
                                                "Actual Rows": 309215,
                                                "Actual Loops": 1
                                            },
                                            {
                                                "Worker Number": 1,
                                                "Actual Startup Time": 281.657,
                                                "Actual Total Time": 281.657,
                                                "Actual Rows": 416298,
                                                "Actual Loops": 1
                                            },
                                            {
                                                "Worker Number": 2,
                                                "Actual Startup Time": 281.842,
                                                "Actual Total Time": 281.843,
                                                "Actual Rows": 413389,
                                                "Actual Loops": 1
                                            },
                                            {
                                                "Worker Number": 3,
                                                "Actual Startup Time": 281.497,
                                                "Actual Total Time": 281.498,
                                                "Actual Rows": 379108,
                                                "Actual Loops": 1
                                            },
                                            {
                                                "Worker Number": 4,
                                                "Actual Startup Time": 281.659,
                                                "Actual Total Time": 281.66,
                                                "Actual Rows": 299779,
                                                "Actual Loops": 1
                                            },
                                            {
                                                "Worker Number": 5,
                                                "Actual Startup Time": 281.589,
                                                "Actual Total Time": 281.59,
                                                "Actual Rows": 297402,
                                                "Actual Loops": 1
                                            }
                                        ],
                                        "Plans": [
                                            {
                                                "Node Type": "Seq Scan",
                                                "Parent Relationship": "Outer",
                                                "Parallel Aware": true,
                                                "Relation Name": "title",
                                                "Schema": "public",
                                                "Alias": "t",
                                                "Startup Cost": 0.0,
                                                "Total Cost": 42318.81,
                                                "Plan Rows": 632080,
                                                "Plan Width": 4,
                                                "Actual Startup Time": 0.066,
                                                "Actual Total Time": 77.7,
                                                "Actual Rows": 361187,
                                                "Actual Loops": 7,
                                                "Output": [
                                                    "t.id"
                                                ],
                                                "Workers": [
                                                    {
                                                        "Worker Number": 0,
                                                        "Actual Startup Time": 0.08,
                                                        "Actual Total Time": 83.718,
                                                        "Actual Rows": 309215,
                                                        "Actual Loops": 1
                                                    },
                                                    {
                                                        "Worker Number": 1,
                                                        "Actual Startup Time": 0.07,
                                                        "Actual Total Time": 77.992,
                                                        "Actual Rows": 416298,
                                                        "Actual Loops": 1
                                                    },
                                                    {
                                                        "Worker Number": 2,
                                                        "Actual Startup Time": 0.063,
                                                        "Actual Total Time": 78.149,
                                                        "Actual Rows": 413389,
                                                        "Actual Loops": 1
                                                    },
                                                    {
                                                        "Worker Number": 3,
                                                        "Actual Startup Time": 0.069,
                                                        "Actual Total Time": 76.639,
                                                        "Actual Rows": 379108,
                                                        "Actual Loops": 1
                                                    },
                                                    {
                                                        "Worker Number": 4,
                                                        "Actual Startup Time": 0.083,
                                                        "Actual Total Time": 81.199,
                                                        "Actual Rows": 299779,
                                                        "Actual Loops": 1
                                                    },
                                                    {
                                                        "Worker Number": 5,
                                                        "Actual Startup Time": 0.082,
                                                        "Actual Total Time": 81.172,
                                                        "Actual Rows": 297402,
                                                        "Actual Loops": 1
                                                    }
                                                ]
                                            }
                                        ]
                                    }
                                ]
                            }
                        ]
                    }
                ]
            }
        ]
    },
    "Planning Time": 0.923,
    "Triggers": [],
    "Execution Time": 1832.676
}