[
  {
    "Bao": {
      "Bao prediction": 1253.662,
      "Bao recommended hint": "SET enable_nestloop TO off; SET enable_hashjoin TO off; "
    }
  },
  {
    "Plan": {
      "Node Type": "Aggregate",
      "Strategy": "Plain",
      "Partial Mode": "Simple",
      "Parallel Aware": false,
      "Startup Cost": 1033668.44,
      "Total Cost": 1033668.45,
      "Plan Rows": 1,
      "Plan Width": 64,
      "Actual Startup Time": 5570.826,
      "Actual Total Time": 5571.214,
      "Actual Rows": 1,
      "Actual Loops": 1,
      "Plans": [
        {
          "Node Type": "Merge Join",
          "Parent Relationship": "Outer",
          "Parallel Aware": false,
          "Join Type": "Inner",
          "Startup Cost": 897102.63,
          "Total Cost": 1033668.43,
          "Plan Rows": 1,
          "Plan Width": 32,
          "Actual Startup Time": 4081.264,
          "Actual Total Time": 5571.153,
          "Actual Rows": 184,
          "Actual Loops": 1,
          "Inner Unique": false,
          "Merge Cond": "(chn.id = ci.person_role_id)",
          "Plans": [
            {
              "Node Type": "Index Only Scan",
              "Parent Relationship": "Outer",
              "Parallel Aware": false,
              "Scan Direction": "Forward",
              "Index Name": "char_name_pkey",
              "Relation Name": "char_name",
              "Alias": "chn",
              "Startup Cost": 0.43,
              "Total Cost": 128715.58,
              "Plan Rows": 3140252,
              "Plan Width": 4,
              "Actual Startup Time": 0.041,
              "Actual Total Time": 1354.336,
              "Actual Rows": 2981443,
              "Actual Loops": 1,
              "Heap Fetches": 2981443
            },
            {
              "Node Type": "Sort",
              "Parent Relationship": "Inner",
              "Parallel Aware": false,
              "Startup Cost": 897102.2,
              "Total Cost": 897102.21,
              "Plan Rows": 1,
              "Plan Width": 36,
              "Actual Startup Time": 4079.991,
              "Actual Total Time": 4080.413,
              "Actual Rows": 185,
              "Actual Loops": 1,
              "Sort Key": [
                "ci.person_role_id"
              ],
              "Sort Method": "quicksort",
              "Sort Space Used": 41,
              "Sort Space Type": "Memory",
              "Plans": [
                {
                  "Node Type": "Merge Join",
                  "Parent Relationship": "Outer",
                  "Parallel Aware": false,
                  "Join Type": "Inner",
                  "Startup Cost": 833275.7,
                  "Total Cost": 897102.19,
                  "Plan Rows": 1,
                  "Plan Width": 36,
                  "Actual Startup Time": 3980.65,
                  "Actual Total Time": 4080.298,
                  "Actual Rows": 189,
                  "Actual Loops": 1,
                  "Inner Unique": true,
                  "Merge Cond": "(ci.person_id = n.id)",
                  "Plans": [
                    {
                      "Node Type": "Merge Join",
                      "Parent Relationship": "Outer",
                      "Parallel Aware": false,
                      "Join Type": "Inner",
                      "Startup Cost": 761022.28,
                      "Total Cost": 824848.18,
                      "Plan Rows": 46,
                      "Plan Width": 29,
                      "Actual Startup Time": 3666.443,
                      "Actual Total Time": 3884.082,
                      "Actual Rows": 71684,
                      "Actual Loops": 1,
                      "Inner Unique": false,
                      "Merge Cond": "(an.person_id = ci.person_id)",
                      "Plans": [
                        {
                          "Node Type": "Index Only Scan",
                          "Parent Relationship": "Outer",
                          "Parallel Aware": false,
                          "Scan Direction": "Forward",
                          "Index Name": "person_id_aka_name",
                          "Relation Name": "aka_name",
                          "Alias": "an",
                          "Startup Cost": 0.42,
                          "Total Cost": 72027.93,
                          "Plan Rows": 901343,
                          "Plan Width": 4,
                          "Actual Startup Time": 0.046,
                          "Actual Total Time": 196.737,
                          "Actual Rows": 578726,
                          "Actual Loops": 1,
                          "Heap Fetches": 578726
                        },
                        {
                          "Node Type": "Sort",
                          "Parent Relationship": "Inner",
                          "Parallel Aware": false,
                          "Startup Cost": 761021.85,
                          "Total Cost": 761021.9,
                          "Plan Rows": 20,
                          "Plan Width": 25,
                          "Actual Startup Time": 3642.109,
                          "Actual Total Time": 3650.892,
                          "Actual Rows": 91349,
                          "Actual Loops": 1,
                          "Sort Key": [
                            "ci.person_id"
                          ],
                          "Sort Method": "quicksort",
                          "Sort Space Used": 4726,
                          "Sort Space Type": "Memory",
                          "Plans": [
                            {
                              "Node Type": "Merge Join",
                              "Parent Relationship": "Outer",
                              "Parallel Aware": false,
                              "Join Type": "Inner",
                              "Startup Cost": 748345.11,
                              "Total Cost": 761021.42,
                              "Plan Rows": 20,
                              "Plan Width": 25,
                              "Actual Startup Time": 3492.936,
                              "Actual Total Time": 3630.978,
                              "Actual Rows": 40272,
                              "Actual Loops": 1,
                              "Inner Unique": false,
                              "Merge Cond": "(cn.id = mc.company_id)",
                              "Plans": [
                                {
                                  "Node Type": "Index Scan",
                                  "Parent Relationship": "Outer",
                                  "Parallel Aware": false,
                                  "Scan Direction": "Forward",
                                  "Index Name": "company_name_pkey",
                                  "Relation Name": "company_name",
                                  "Alias": "cn",
                                  "Startup Cost": 0.42,
                                  "Total Cost": 12469.43,
                                  "Plan Rows": 85931,
                                  "Plan Width": 4,
                                  "Actual Startup Time": 0.038,
                                  "Actual Total Time": 125.322,
                                  "Actual Rows": 81962,
                                  "Actual Loops": 1,
                                  "Filter": "((country_code)::text = '[us]'::text)",
                                  "Rows Removed by Filter": 144109
                                },
                                {
                                  "Node Type": "Sort",
                                  "Parent Relationship": "Inner",
                                  "Parallel Aware": false,
                                  "Startup Cost": 748344.68,
                                  "Total Cost": 748344.82,
                                  "Plan Rows": 53,
                                  "Plan Width": 29,
                                  "Actual Startup Time": 3492.894,
                                  "Actual Total Time": 3496.097,
                                  "Actual Rows": 42723,
                                  "Actual Loops": 1,
                                  "Sort Key": [
                                    "mc.company_id"
                                  ],
                                  "Sort Method": "quicksort",
                                  "Sort Space Used": 5104,
                                  "Sort Space Type": "Memory",
                                  "Plans": [
                                    {
                                      "Node Type": "Merge Join",
                                      "Parent Relationship": "Outer",
                                      "Parallel Aware": false,
                                      "Join Type": "Inner",
                                      "Startup Cost": 736471.4,
                                      "Total Cost": 748343.17,
                                      "Plan Rows": 53,
                                      "Plan Width": 29,
                                      "Actual Startup Time": 3273.215,
                                      "Actual Total Time": 3483.042,
                                      "Actual Rows": 42723,
                                      "Actual Loops": 1,
                                      "Inner Unique": false,
                                      "Merge Cond": "(t.id = ci.movie_id)",
                                      "Plans": [
                                        {
                                          "Node Type": "Merge Join",
                                          "Parent Relationship": "Outer",
                                          "Parallel Aware": false,
                                          "Join Type": "Inner",
                                          "Startup Cost": 364353.78,
                                          "Total Cost": 375859.82,
                                          "Plan Rows": 681,
                                          "Plan Width": 33,
                                          "Actual Startup Time": 1981.689,
                                          "Actual Total Time": 2139.236,
                                          "Actual Rows": 124224,
                                          "Actual Loops": 1,
                                          "Inner Unique": false,
                                          "Merge Cond": "(t.id = mi.movie_id)",
                                          "Plans": [
                                            {
                                              "Node Type": "Gather Merge",
                                              "Parent Relationship": "Outer",
                                              "Parallel Aware": false,
                                              "Startup Cost": 146322.35,
                                              "Total Cost": 157630.16,
                                              "Plan Rows": 73780,
                                              "Plan Width": 29,
                                              "Actual Startup Time": 970.56,
                                              "Actual Total Time": 1067.489,
                                              "Actual Rows": 100350,
                                              "Actual Loops": 1,
                                              "Workers Planned": 4,
                                              "Workers Launched": 4,
                                              "Plans": [
                                                {
                                                  "Node Type": "Merge Join",
                                                  "Parent Relationship": "Outer",
                                                  "Parallel Aware": false,
                                                  "Join Type": "Inner",
                                                  "Startup Cost": 145322.29,
                                                  "Total Cost": 147842.19,
                                                  "Plan Rows": 18445,
                                                  "Plan Width": 29,
                                                  "Actual Startup Time": 899.089,
                                                  "Actual Total Time": 1025.091,
                                                  "Actual Rows": 20070,
                                                  "Actual Loops": 5,
                                                  "Inner Unique": false,
                                                  "Merge Cond": "(t.id = mc.movie_id)",
                                                  "Plans": [
                                                    {
                                                      "Node Type": "Sort",
                                                      "Parent Relationship": "Outer",
                                                      "Parallel Aware": false,
                                                      "Startup Cost": 57864.91,
                                                      "Total Cost": 58226.18,
                                                      "Plan Rows": 144509,
                                                      "Plan Width": 21,
                                                      "Actual Startup Time": 186.57,
                                                      "Actual Total Time": 202.567,
                                                      "Actual Rows": 114890,
                                                      "Actual Loops": 5,
                                                      "Sort Key": [
                                                        "t.id"
                                                      ],
                                                      "Sort Method": "quicksort",
                                                      "Sort Space Used": 10804,
                                                      "Sort Space Type": "Memory",
                                                      "Workers": [
                                                        {
                                                          "Worker Number": 0,
                                                          "Sort Method": "quicksort",
                                                          "Sort Space Used": 10272,
                                                          "Sort Space Type": "Memory"
                                                        },
                                                        {
                                                          "Worker Number": 1,
                                                          "Sort Method": "quicksort",
                                                          "Sort Space Used": 9713,
                                                          "Sort Space Type": "Memory"
                                                        },
                                                        {
                                                          "Worker Number": 2,
                                                          "Sort Method": "quicksort",
                                                          "Sort Space Used": 10310,
                                                          "Sort Space Type": "Memory"
                                                        },
                                                        {
                                                          "Worker Number": 3,
                                                          "Sort Method": "quicksort",
                                                          "Sort Space Used": 16893,
                                                          "Sort Space Type": "Memory"
                                                        }
                                                      ],
                                                      "Plans": [
                                                        {
                                                          "Node Type": "Seq Scan",
                                                          "Parent Relationship": "Outer",
                                                          "Parallel Aware": true,
                                                          "Relation Name": "title",
                                                          "Alias": "t",
                                                          "Startup Cost": 0.0,
                                                          "Total Cost": 45479.91,
                                                          "Plan Rows": 144509,
                                                          "Plan Width": 21,
                                                          "Actual Startup Time": 0.065,
                                                          "Actual Total Time": 132.348,
                                                          "Actual Rows": 114911,
                                                          "Actual Loops": 5,
                                                          "Filter": "((production_year >= 2005) AND (production_year <= 2009))",
                                                          "Rows Removed by Filter": 390751
                                                        }
                                                      ]
                                                    },
                                                    {
                                                      "Node Type": "Sort",
                                                      "Parent Relationship": "Inner",
                                                      "Parallel Aware": false,
                                                      "Startup Cost": 87457.37,
                                                      "Total Cost": 88264.21,
                                                      "Plan Rows": 322737,
                                                      "Plan Width": 8,
                                                      "Actual Startup Time": 712.485,
                                                      "Actual Total Time": 748.745,
                                                      "Actual Rows": 590994,
                                                      "Actual Loops": 5,
                                                      "Sort Key": [
                                                        "mc.movie_id"
                                                      ],
                                                      "Sort Method": "quicksort",
                                                      "Sort Space Used": 52279,
                                                      "Sort Space Type": "Memory",
                                                      "Workers": [
                                                        {
                                                          "Worker Number": 0,
                                                          "Sort Method": "quicksort",
                                                          "Sort Space Used": 52279,
                                                          "Sort Space Type": "Memory"
                                                        },
                                                        {
                                                          "Worker Number": 1,
                                                          "Sort Method": "quicksort",
                                                          "Sort Space Used": 52279,
                                                          "Sort Space Type": "Memory"
                                                        },
                                                        {
                                                          "Worker Number": 2,
                                                          "Sort Method": "quicksort",
                                                          "Sort Space Used": 52279,
                                                          "Sort Space Type": "Memory"
                                                        },
                                                        {
                                                          "Worker Number": 3,
                                                          "Sort Method": "quicksort",
                                                          "Sort Space Used": 52279,
                                                          "Sort Space Type": "Memory"
                                                        }
                                                      ],
                                                      "Plans": [
                                                        {
                                                          "Node Type": "Seq Scan",
                                                          "Parent Relationship": "Outer",
                                                          "Parallel Aware": false,
                                                          "Relation Name": "movie_companies",
                                                          "Alias": "mc",
                                                          "Startup Cost": 0.0,
                                                          "Total Cost": 57926.93,
                                                          "Plan Rows": 322737,
                                                          "Plan Width": 8,
                                                          "Actual Startup Time": 0.061,
                                                          "Actual Total Time": 528.113,
                                                          "Actual Rows": 590994,
                                                          "Actual Loops": 5,
                                                          "Filter": "((note IS NOT NULL) AND ((note ~~ '%(USA)%'::text) OR (note ~~ '%(worldwide)%'::text)))",
                                                          "Rows Removed by Filter": 2018135
                                                        }
                                                      ]
                                                    }
                                                  ]
                                                }
                                              ]
                                            },
                                            {
                                              "Node Type": "Sort",
                                              "Parent Relationship": "Inner",
                                              "Parallel Aware": false,
                                              "Startup Cost": 218031.11,
                                              "Total Cost": 218043.15,
                                              "Plan Rows": 4814,
                                              "Plan Width": 4,
                                              "Actual Startup Time": 1011.117,
                                              "Actual Total Time": 1029.935,
                                              "Actual Rows": 484273,
                                              "Actual Loops": 1,
                                              "Sort Key": [
                                                "mi.movie_id"
                                              ],
                                              "Sort Method": "quicksort",
                                              "Sort Space Used": 33431,
                                              "Sort Space Type": "Memory",
                                              "Plans": [
                                                {
                                                  "Node Type": "Gather",
                                                  "Parent Relationship": "Outer",
                                                  "Parallel Aware": false,
                                                  "Startup Cost": 216701.69,
                                                  "Total Cost": 217736.67,
                                                  "Plan Rows": 4814,
                                                  "Plan Width": 4,
                                                  "Actual Startup Time": 875.95,
                                                  "Actual Total Time": 931.221,
                                                  "Actual Rows": 451039,
                                                  "Actual Loops": 1,
                                                  "Workers Planned": 5,
                                                  "Workers Launched": 3,
                                                  "Single Copy": false,
                                                  "Plans": [
                                                    {
                                                      "Node Type": "Merge Join",
                                                      "Parent Relationship": "Outer",
                                                      "Parallel Aware": false,
                                                      "Join Type": "Inner",
                                                      "Startup Cost": 215701.69,
                                                      "Total Cost": 216255.27,
                                                      "Plan Rows": 963,
                                                      "Plan Width": 4,
                                                      "Actual Startup Time": 866.807,
                                                      "Actual Total Time": 889.207,
                                                      "Actual Rows": 112760,
                                                      "Actual Loops": 4,
                                                      "Inner Unique": true,
                                                      "Merge Cond": "(mi.info_type_id = it.id)",
                                                      "Plans": [
                                                        {
                                                          "Node Type": "Sort",
                                                          "Parent Relationship": "Outer",
                                                          "Parallel Aware": false,
                                                          "Startup Cost": 215699.27,
                                                          "Total Cost": 215971.24,
                                                          "Plan Rows": 108788,
                                                          "Plan Width": 8,
                                                          "Actual Startup Time": 866.725,
                                                          "Actual Total Time": 872.661,
                                                          "Actual Rows": 112776,
                                                          "Actual Loops": 4,
                                                          "Sort Key": [
                                                            "mi.info_type_id"
                                                          ],
                                                          "Sort Method": "quicksort",
                                                          "Sort Space Used": 8112,
                                                          "Sort Space Type": "Memory",
                                                          "Workers": [
                                                            {
                                                              "Worker Number": 0,
                                                              "Sort Method": "quicksort",
                                                              "Sort Space Used": 8496,
                                                              "Sort Space Type": "Memory"
                                                            },
                                                            {
                                                              "Worker Number": 1,
                                                              "Sort Method": "quicksort",
                                                              "Sort Space Used": 8423,
                                                              "Sort Space Type": "Memory"
                                                            },
                                                            {
                                                              "Worker Number": 2,
                                                              "Sort Method": "quicksort",
                                                              "Sort Space Used": 8405,
                                                              "Sort Space Type": "Memory"
                                                            }
                                                          ],
                                                          "Plans": [
                                                            {
                                                              "Node Type": "Seq Scan",
                                                              "Parent Relationship": "Outer",
                                                              "Parallel Aware": true,
                                                              "Relation Name": "movie_info",
                                                              "Alias": "mi",
                                                              "Startup Cost": 0.0,
                                                              "Total Cost": 206598.52,
                                                              "Plan Rows": 108788,
                                                              "Plan Width": 8,
                                                              "Actual Startup Time": 102.372,
                                                              "Actual Total Time": 839.842,
                                                              "Actual Rows": 112776,
                                                              "Actual Loops": 4,
                                                              "Filter": "((info IS NOT NULL) AND ((info ~~ 'Japan:%200%'::text) OR (info ~~ 'USA:%200%'::text)))",
                                                              "Rows Removed by Filter": 3596154
                                                            }
                                                          ]
                                                        },
                                                        {
                                                          "Node Type": "Sort",
                                                          "Parent Relationship": "Inner",
                                                          "Parallel Aware": false,
                                                          "Startup Cost": 2.42,
                                                          "Total Cost": 2.43,
                                                          "Plan Rows": 1,
                                                          "Plan Width": 4,
                                                          "Actual Startup Time": 0.071,
                                                          "Actual Total Time": 0.072,
                                                          "Actual Rows": 1,
                                                          "Actual Loops": 4,
                                                          "Sort Key": [
                                                            "it.id"
                                                          ],
                                                          "Sort Method": "quicksort",
                                                          "Sort Space Used": 25,
                                                          "Sort Space Type": "Memory",
                                                          "Workers": [
                                                            {
                                                              "Worker Number": 0,
                                                              "Sort Method": "quicksort",
                                                              "Sort Space Used": 25,
                                                              "Sort Space Type": "Memory"
                                                            },
                                                            {
                                                              "Worker Number": 1,
                                                              "Sort Method": "quicksort",
                                                              "Sort Space Used": 25,
                                                              "Sort Space Type": "Memory"
                                                            },
                                                            {
                                                              "Worker Number": 2,
                                                              "Sort Method": "quicksort",
                                                              "Sort Space Used": 25,
                                                              "Sort Space Type": "Memory"
                                                            }
                                                          ],
                                                          "Plans": [
                                                            {
                                                              "Node Type": "Seq Scan",
                                                              "Parent Relationship": "Outer",
                                                              "Parallel Aware": false,
                                                              "Relation Name": "info_type",
                                                              "Alias": "it",
                                                              "Startup Cost": 0.0,
                                                              "Total Cost": 2.41,
                                                              "Plan Rows": 1,
                                                              "Plan Width": 4,
                                                              "Actual Startup Time": 0.048,
                                                              "Actual Total Time": 0.054,
                                                              "Actual Rows": 1,
                                                              "Actual Loops": 4,
                                                              "Filter": "((info)::text = 'release dates'::text)",
                                                              "Rows Removed by Filter": 112
                                                            }
                                                          ]
                                                        }
                                                      ]
                                                    }
                                                  ]
                                                }
                                              ]
                                            }
                                          ]
                                        },
                                        {
                                          "Node Type": "Sort",
                                          "Parent Relationship": "Inner",
                                          "Parallel Aware": false,
                                          "Startup Cost": 372117.62,
                                          "Total Cost": 372307.98,
                                          "Plan Rows": 76141,
                                          "Plan Width": 12,
                                          "Actual Startup Time": 1291.409,
                                          "Actual Total Time": 1316.215,
                                          "Actual Rows": 305955,
                                          "Actual Loops": 1,
                                          "Sort Key": [
                                            "ci.movie_id"
                                          ],
                                          "Sort Method": "quicksort",
                                          "Sort Space Used": 25234,
                                          "Sort Space Type": "Memory",
                                          "Plans": [
                                            {
                                              "Node Type": "Gather",
                                              "Parent Relationship": "Outer",
                                              "Parallel Aware": false,
                                              "Startup Cost": 357441.54,
                                              "Total Cost": 365943.96,
                                              "Plan Rows": 76141,
                                              "Plan Width": 12,
                                              "Actual Startup Time": 1193.435,
                                              "Actual Total Time": 1236.832,
                                              "Actual Rows": 276166,
                                              "Actual Loops": 1,
                                              "Workers Planned": 6,
                                              "Workers Launched": 3,
                                              "Single Copy": false,
                                              "Plans": [
                                                {
                                                  "Node Type": "Merge Join",
                                                  "Parent Relationship": "Outer",
                                                  "Parallel Aware": false,
                                                  "Join Type": "Inner",
                                                  "Startup Cost": 356441.54,
                                                  "Total Cost": 357329.86,
                                                  "Plan Rows": 12690,
                                                  "Plan Width": 12,
                                                  "Actual Startup Time": 1186.759,
                                                  "Actual Total Time": 1199.835,
                                                  "Actual Rows": 69042,
                                                  "Actual Loops": 4,
                                                  "Inner Unique": true,
                                                  "Merge Cond": "(ci.role_id = rt.id)",
                                                  "Plans": [
                                                    {
                                                      "Node Type": "Sort",
                                                      "Parent Relationship": "Outer",
                                                      "Parallel Aware": false,
                                                      "Startup Cost": 356440.38,
                                                      "Total Cost": 356821.09,
                                                      "Plan Rows": 152283,
                                                      "Plan Width": 16,
                                                      "Actual Startup Time": 1171.56,
                                                      "Actual Total Time": 1180.435,
                                                      "Actual Rows": 216782,
                                                      "Actual Loops": 4,
                                                      "Sort Key": [
                                                        "ci.role_id"
                                                      ],
                                                      "Sort Method": "quicksort",
                                                      "Sort Space Used": 18304,
                                                      "Sort Space Type": "Memory",
                                                      "Workers": [
                                                        {
                                                          "Worker Number": 0,
                                                          "Sort Method": "quicksort",
                                                          "Sort Space Used": 14120,
                                                          "Sort Space Type": "Memory"
                                                        },
                                                        {
                                                          "Worker Number": 1,
                                                          "Sort Method": "quicksort",
                                                          "Sort Space Used": 14392,
                                                          "Sort Space Type": "Memory"
                                                        },
                                                        {
                                                          "Worker Number": 2,
                                                          "Sort Method": "quicksort",
                                                          "Sort Space Used": 18425,
                                                          "Sort Space Type": "Memory"
                                                        }
                                                      ],
                                                      "Plans": [
                                                        {
                                                          "Node Type": "Seq Scan",
                                                          "Parent Relationship": "Outer",
                                                          "Parallel Aware": true,
                                                          "Relation Name": "cast_info",
                                                          "Alias": "ci",
                                                          "Startup Cost": 0.0,
                                                          "Total Cost": 343331.56,
                                                          "Plan Rows": 152283,
                                                          "Plan Width": 16,
                                                          "Actual Startup Time": 0.182,
                                                          "Actual Total Time": 1125.463,
                                                          "Actual Rows": 216869,
                                                          "Actual Loops": 4,
                                                          "Filter": "(note = ANY ('{(voice),\"(voice: Japanese version)\",\"(voice) (uncredited)\",\"(voice: English version)\"}'::text[]))",
                                                          "Rows Removed by Filter": 8844217
                                                        }
                                                      ]
                                                    },
                                                    {
                                                      "Node Type": "Sort",
                                                      "Parent Relationship": "Inner",
                                                      "Parallel Aware": false,
                                                      "Startup Cost": 1.16,
                                                      "Total Cost": 1.16,
                                                      "Plan Rows": 1,
                                                      "Plan Width": 4,
                                                      "Actual Startup Time": 0.055,
                                                      "Actual Total Time": 0.056,
                                                      "Actual Rows": 1,
                                                      "Actual Loops": 4,
                                                      "Sort Key": [
                                                        "rt.id"
                                                      ],
                                                      "Sort Method": "quicksort",
                                                      "Sort Space Used": 25,
                                                      "Sort Space Type": "Memory",
                                                      "Workers": [
                                                        {
                                                          "Worker Number": 0,
                                                          "Sort Method": "quicksort",
                                                          "Sort Space Used": 25,
                                                          "Sort Space Type": "Memory"
                                                        },
                                                        {
                                                          "Worker Number": 1,
                                                          "Sort Method": "quicksort",
                                                          "Sort Space Used": 25,
                                                          "Sort Space Type": "Memory"
                                                        },
                                                        {
                                                          "Worker Number": 2,
                                                          "Sort Method": "quicksort",
                                                          "Sort Space Used": 25,
                                                          "Sort Space Type": "Memory"
                                                        }
                                                      ],
                                                      "Plans": [
                                                        {
                                                          "Node Type": "Seq Scan",
                                                          "Parent Relationship": "Outer",
                                                          "Parallel Aware": false,
                                                          "Relation Name": "role_type",
                                                          "Alias": "rt",
                                                          "Startup Cost": 0.0,
                                                          "Total Cost": 1.15,
                                                          "Plan Rows": 1,
                                                          "Plan Width": 4,
                                                          "Actual Startup Time": 0.041,
                                                          "Actual Total Time": 0.042,
                                                          "Actual Rows": 1,
                                                          "Actual Loops": 4,
                                                          "Filter": "((role)::text = 'actress'::text)",
                                                          "Rows Removed by Filter": 11
                                                        }
                                                      ]
                                                    }
                                                  ]
                                                }
                                              ]
                                            }
                                          ]
                                        }
                                      ]
                                    }
                                  ]
                                }
                              ]
                            }
                          ]
                        }
                      ]
                    },
                    {
                      "Node Type": "Sort",
                      "Parent Relationship": "Inner",
                      "Parallel Aware": false,
                      "Startup Cost": 72253.42,
                      "Total Cost": 72253.66,
                      "Plan Rows": 96,
                      "Plan Width": 19,
                      "Actual Startup Time": 192.006,
                      "Actual Total Time": 192.726,
                      "Actual Rows": 6768,
                      "Actual Loops": 1,
                      "Sort Key": [
                        "n.id"
                      ],
                      "Sort Method": "quicksort",
                      "Sort Space Used": 704,
                      "Sort Space Type": "Memory",
                      "Plans": [
                        {
                          "Node Type": "Gather",
                          "Parent Relationship": "Outer",
                          "Parallel Aware": false,
                          "Startup Cost": 1000.0,
                          "Total Cost": 72250.26,
                          "Plan Rows": 96,
                          "Plan Width": 19,
                          "Actual Startup Time": 90.729,
                          "Actual Total Time": 190.11,
                          "Actual Rows": 6768,
                          "Actual Loops": 1,
                          "Workers Planned": 4,
                          "Workers Launched": 4,
                          "Single Copy": false,
                          "Plans": [
                            {
                              "Node Type": "Seq Scan",
                              "Parent Relationship": "Outer",
                              "Parallel Aware": true,
                              "Relation Name": "name",
                              "Alias": "n",
                              "Startup Cost": 0.0,
                              "Total Cost": 71240.66,
                              "Plan Rows": 24,
                              "Plan Width": 19,
                              "Actual Startup Time": 81.822,
                              "Actual Total Time": 180.991,
                              "Actual Rows": 1354,
                              "Actual Loops": 5,
                              "Filter": "((name ~~ '%Ang%'::text) AND ((gender)::text = 'f'::text))",
                              "Rows Removed by Filter": 832145
                            }
                          ]
                        }
                      ]
                    }
                  ]
                }
              ]
            }
          ]
        }
      ]
    },
    "Planning Time": 1065.687,
    "Triggers": [],
    "Execution Time": 5580.665
  }
]