[
  {
    "Plan": {
      "Node Type": "Aggregate",
      "Strategy": "Plain",
      "Partial Mode": "Finalize",
      "Parallel Aware": false,
      "Startup Cost": 33458.59,
      "Total Cost": 33458.6,
      "Plan Rows": 1,
      "Plan Width": 8,
      "Actual Startup Time": 112.0,
      "Actual Total Time": 119.979,
      "Actual Rows": 1,
      "Actual Loops": 1,
      "Plans": [
        {
          "Node Type": "Gather",
          "Parent Relationship": "Outer",
          "Parallel Aware": false,
          "Startup Cost": 33458.27,
          "Total Cost": 33458.58,
          "Plan Rows": 3,
          "Plan Width": 8,
          "Actual Startup Time": 111.882,
          "Actual Total Time": 119.971,
          "Actual Rows": 4,
          "Actual Loops": 1,
          "Workers Planned": 3,
          "Workers Launched": 3,
          "Single Copy": false,
          "Plans": [
            {
              "Node Type": "Aggregate",
              "Strategy": "Plain",
              "Partial Mode": "Partial",
              "Parent Relationship": "Outer",
              "Parallel Aware": false,
              "Startup Cost": 32458.27,
              "Total Cost": 32458.28,
              "Plan Rows": 1,
              "Plan Width": 8,
              "Actual Startup Time": 104.999,
              "Actual Total Time": 105.0,
              "Actual Rows": 1,
              "Actual Loops": 4,
              "Plans": [
                {
                  "Node Type": "Seq Scan",
                  "Parent Relationship": "Outer",
                  "Parallel Aware": true,
                  "Relation Name": "movie_companies",
                  "Alias": "mc",
                  "Startup Cost": 0.0,
                  "Total Cost": 31414.82,
                  "Plan Rows": 417380,
                  "Plan Width": 0,
                  "Actual Startup Time": 46.459,
                  "Actual Total Time": 89.315,
                  "Actual Rows": 314524,
                  "Actual Loops": 4,
                  "Filter": "((company_id < 172040) AND (company_type_id > 1))",
                  "Rows Removed by Filter": 337758
                }
              ]
            }
          ]
        }
      ]
    },
    "Planning Time": 0.068,
    "Triggers": [],
    "Execution Time": 120.001
  }
]