[
  {
    "Plan": {
      "Node Type": "Aggregate",
      "Strategy": "Plain",
      "Partial Mode": "Finalize",
      "Parallel Aware": false,
      "Startup Cost": 330758.23,
      "Total Cost": 330758.24,
      "Plan Rows": 1,
      "Plan Width": 8,
      "Actual Startup Time": 609.012,
      "Actual Total Time": 652.297,
      "Actual Rows": 1,
      "Actual Loops": 1,
      "Plans": [
        {
          "Node Type": "Gather",
          "Parent Relationship": "Outer",
          "Parallel Aware": false,
          "Startup Cost": 330757.61,
          "Total Cost": 330758.22,
          "Plan Rows": 6,
          "Plan Width": 8,
          "Actual Startup Time": 608.804,
          "Actual Total Time": 652.281,
          "Actual Rows": 7,
          "Actual Loops": 1,
          "Workers Planned": 6,
          "Workers Launched": 6,
          "Single Copy": false,
          "Plans": [
            {
              "Node Type": "Aggregate",
              "Strategy": "Plain",
              "Partial Mode": "Partial",
              "Parent Relationship": "Outer",
              "Parallel Aware": false,
              "Startup Cost": 329757.61,
              "Total Cost": 329757.62,
              "Plan Rows": 1,
              "Plan Width": 8,
              "Actual Startup Time": 601.02,
              "Actual Total Time": 601.022,
              "Actual Rows": 1,
              "Actual Loops": 7,
              "Plans": [
                {
                  "Node Type": "Seq Scan",
                  "Parent Relationship": "Outer",
                  "Parallel Aware": true,
                  "Relation Name": "cast_info",
                  "Alias": "ci",
                  "Startup Cost": 0.0,
                  "Total Cost": 328211.39,
                  "Plan Rows": 618486,
                  "Plan Width": 0,
                  "Actual Startup Time": 0.051,
                  "Actual Total Time": 572.188,
                  "Actual Rows": 550158,
                  "Actual Loops": 7,
                  "Filter": "(person_id < 369004)",
                  "Rows Removed by Filter": 4627605
                }
              ]
            }
          ]
        }
      ]
    },
    "Planning Time": 0.089,
    "Triggers": [],
    "Execution Time": 652.339
  }
]