{
    "Plan": {
        "Node Type": "Aggregate",
        "Strategy": "Plain",
        "Partial Mode": "Finalize",
        "Parallel Aware": false,
        "Startup Cost": 62799.85,
        "Total Cost": 62799.86,
        "Plan Rows": 1,
        "Plan Width": 8,
        "Actual Startup Time": 211.385,
        "Actual Total Time": 225.612,
        "Actual Rows": 1,
        "Actual Loops": 1,
        "Output": [
            "count(*)"
        ],
        "Plans": [
            {
                "Node Type": "Gather",
                "Parent Relationship": "Outer",
                "Parallel Aware": false,
                "Startup Cost": 62799.63,
                "Total Cost": 62799.84,
                "Plan Rows": 2,
                "Plan Width": 8,
                "Actual Startup Time": 210.443,
                "Actual Total Time": 225.603,
                "Actual Rows": 3,
                "Actual Loops": 1,
                "Output": [
                    "(PARTIAL count(*))"
                ],
                "Workers Planned": 2,
                "Workers Launched": 2,
                "Single Copy": false,
                "Plans": [
                    {
                        "Node Type": "Aggregate",
                        "Strategy": "Plain",
                        "Partial Mode": "Partial",
                        "Parent Relationship": "Outer",
                        "Parallel Aware": false,
                        "Startup Cost": 61799.63,
                        "Total Cost": 61799.64,
                        "Plan Rows": 1,
                        "Plan Width": 8,
                        "Actual Startup Time": 202.459,
                        "Actual Total Time": 202.463,
                        "Actual Rows": 1,
                        "Actual Loops": 3,
                        "Output": [
                            "PARTIAL count(*)"
                        ],
                        "Workers": [
                            {
                                "Worker Number": 0,
                                "Actual Startup Time": 198.567,
                                "Actual Total Time": 198.57,
                                "Actual Rows": 1,
                                "Actual Loops": 1
                            },
                            {
                                "Worker Number": 1,
                                "Actual Startup Time": 199.037,
                                "Actual Total Time": 199.04,
                                "Actual Rows": 1,
                                "Actual Loops": 1
                            }
                        ],
                        "Plans": [
                            {
                                "Node Type": "Hash Join",
                                "Parent Relationship": "Outer",
                                "Parallel Aware": true,
                                "Join Type": "Inner",
                                "Startup Cost": 46131.33,
                                "Total Cost": 61759.87,
                                "Plan Rows": 15905,
                                "Plan Width": 0,
                                "Actual Startup Time": 163.618,
                                "Actual Total Time": 201.841,
                                "Actual Rows": 14398,
                                "Actual Loops": 3,
                                "Inner Unique": true,
                                "Hash Cond": "(mi_idx.movie_id = t.id)",
                                "Workers": [
                                    {
                                        "Worker Number": 0,
                                        "Actual Startup Time": 159.765,
                                        "Actual Total Time": 197.953,
                                        "Actual Rows": 14000,
                                        "Actual Loops": 1
                                    },
                                    {
                                        "Worker Number": 1,
                                        "Actual Startup Time": 160.117,
                                        "Actual Total Time": 198.484,
                                        "Actual Rows": 12702,
                                        "Actual Loops": 1
                                    }
                                ],
                                "Plans": [
                                    {
                                        "Node Type": "Seq Scan",
                                        "Parent Relationship": "Outer",
                                        "Parallel Aware": true,
                                        "Relation Name": "movie_info_idx",
                                        "Schema": "public",
                                        "Alias": "mi_idx",
                                        "Startup Cost": 0.0,
                                        "Total Cost": 15122.68,
                                        "Plan Rows": 192707,
                                        "Plan Width": 4,
                                        "Actual Startup Time": 0.009,
                                        "Actual Total Time": 36.343,
                                        "Actual Rows": 153308,
                                        "Actual Loops": 3,
                                        "Output": [
                                            "mi_idx.id",
                                            "mi_idx.movie_id",
                                            "mi_idx.info_type_id",
                                            "mi_idx.info",
                                            "mi_idx.note"
                                        ],
                                        "Filter": "(mi_idx.info_type_id = 100)",
                                        "Rows Removed by Filter": 306703,
                                        "Workers": [
                                            {
                                                "Worker Number": 0,
                                                "Actual Startup Time": 0.01,
                                                "Actual Total Time": 37.128,
                                                "Actual Rows": 151434,
                                                "Actual Loops": 1
                                            },
                                            {
                                                "Worker Number": 1,
                                                "Actual Startup Time": 0.01,
                                                "Actual Total Time": 35.287,
                                                "Actual Rows": 134090,
                                                "Actual Loops": 1
                                            }
                                        ]
                                    },
                                    {
                                        "Node Type": "Hash",
                                        "Parent Relationship": "Inner",
                                        "Parallel Aware": true,
                                        "Startup Cost": 45479.21,
                                        "Total Cost": 45479.21,
                                        "Plan Rows": 52170,
                                        "Plan Width": 4,
                                        "Actual Startup Time": 134.497,
                                        "Actual Total Time": 134.498,
                                        "Actual Rows": 60798,
                                        "Actual Loops": 3,
                                        "Output": [
                                            "t.id"
                                        ],
                                        "Hash Buckets": 262144,
                                        "Original Hash Buckets": 262144,
                                        "Hash Batches": 1,
                                        "Original Hash Batches": 1,
                                        "Peak Memory Usage": 9216,
                                        "Workers": [
                                            {
                                                "Worker Number": 0,
                                                "Actual Startup Time": 132.791,
                                                "Actual Total Time": 132.792,
                                                "Actual Rows": 58503,
                                                "Actual Loops": 1
                                            },
                                            {
                                                "Worker Number": 1,
                                                "Actual Startup Time": 133.126,
                                                "Actual Total Time": 133.127,
                                                "Actual Rows": 53795,
                                                "Actual Loops": 1
                                            }
                                        ],
                                        "Plans": [
                                            {
                                                "Node Type": "Seq Scan",
                                                "Parent Relationship": "Outer",
                                                "Parallel Aware": true,
                                                "Relation Name": "title",
                                                "Schema": "public",
                                                "Alias": "t",
                                                "Startup Cost": 0.0,
                                                "Total Cost": 45479.21,
                                                "Plan Rows": 52170,
                                                "Plan Width": 4,
                                                "Actual Startup Time": 51.318,
                                                "Actual Total Time": 117.267,
                                                "Actual Rows": 60798,
                                                "Actual Loops": 3,
                                                "Output": [
                                                    "t.id"
                                                ],
                                                "Filter": "((t.production_year > 2007) AND (t.kind_id = 1))",
                                                "Rows Removed by Filter": 781973,
                                                "Workers": [
                                                    {
                                                        "Worker Number": 0,
                                                        "Actual Startup Time": 70.282,
                                                        "Actual Total Time": 116.558,
                                                        "Actual Rows": 58503,
                                                        "Actual Loops": 1
                                                    },
                                                    {
                                                        "Worker Number": 1,
                                                        "Actual Startup Time": 70.129,
                                                        "Actual Total Time": 115.7,
                                                        "Actual Rows": 53795,
                                                        "Actual Loops": 1
                                                    }
                                                ]
                                            }
                                        ]
                                    }
                                ]
                            }
                        ]
                    }
                ]
            }
        ]
    },
    "Planning Time": 0.7,
    "Triggers": [],
    "Execution Time": 225.685
}