[
  {
    "Plan": {
      "Node Type": "Aggregate",
      "Strategy": "Plain",
      "Partial Mode": "Finalize",
      "Parallel Aware": false,
      "Startup Cost": 86590.73,
      "Total Cost": 86590.74,
      "Plan Rows": 1,
      "Plan Width": 8,
      "Actual Startup Time": 294.009,
      "Actual Total Time": 311.13,
      "Actual Rows": 1,
      "Actual Loops": 1,
      "Plans": [
        {
          "Node Type": "Gather",
          "Parent Relationship": "Outer",
          "Parallel Aware": false,
          "Startup Cost": 86590.52,
          "Total Cost": 86590.73,
          "Plan Rows": 2,
          "Plan Width": 8,
          "Actual Startup Time": 293.39,
          "Actual Total Time": 311.121,
          "Actual Rows": 3,
          "Actual Loops": 1,
          "Workers Planned": 2,
          "Workers Launched": 2,
          "Single Copy": false,
          "Plans": [
            {
              "Node Type": "Aggregate",
              "Strategy": "Plain",
              "Partial Mode": "Partial",
              "Parent Relationship": "Outer",
              "Parallel Aware": false,
              "Startup Cost": 85590.52,
              "Total Cost": 85590.53,
              "Plan Rows": 1,
              "Plan Width": 8,
              "Actual Startup Time": 285.292,
              "Actual Total Time": 285.296,
              "Actual Rows": 1,
              "Actual Loops": 3,
              "Plans": [
                {
                  "Node Type": "Nested Loop",
                  "Parent Relationship": "Outer",
                  "Parallel Aware": false,
                  "Join Type": "Inner",
                  "Startup Cost": 45656.64,
                  "Total Cost": 85532.86,
                  "Plan Rows": 23064,
                  "Plan Width": 0,
                  "Actual Startup Time": 126.114,
                  "Actual Total Time": 280.798,
                  "Actual Rows": 95366,
                  "Actual Loops": 3,
                  "Inner Unique": false,
                  "Join Filter": "(t.id = mk.movie_id)",
                  "Rows Removed by Join Filter": 0,
                  "Plans": [
                    {
                      "Node Type": "Hash Join",
                      "Parent Relationship": "Outer",
                      "Parallel Aware": true,
                      "Join Type": "Inner",
                      "Startup Cost": 45656.21,
                      "Total Cost": 60850.77,
                      "Plan Rows": 12890,
                      "Plan Width": 8,
                      "Actual Startup Time": 125.915,
                      "Actual Total Time": 210.808,
                      "Actual Rows": 13127,
                      "Actual Loops": 3,
                      "Inner Unique": true,
                      "Hash Cond": "(mi_idx.movie_id = t.id)",
                      "Plans": [
                        {
                          "Node Type": "Seq Scan",
                          "Parent Relationship": "Outer",
                          "Parallel Aware": true,
                          "Relation Name": "movie_info_idx",
                          "Alias": "mi_idx",
                          "Startup Cost": 0.0,
                          "Total Cost": 13685.15,
                          "Plan Rows": 575015,
                          "Plan Width": 4,
                          "Actual Startup Time": 0.026,
                          "Actual Total Time": 38.101,
                          "Actual Rows": 460012,
                          "Actual Loops": 3
                        },
                        {
                          "Node Type": "Hash",
                          "Parent Relationship": "Inner",
                          "Parallel Aware": true,
                          "Startup Cost": 45479.1,
                          "Total Cost": 45479.1,
                          "Plan Rows": 14169,
                          "Plan Width": 4,
                          "Actual Startup Time": 124.718,
                          "Actual Total Time": 124.719,
                          "Actual Rows": 16358,
                          "Actual Loops": 3,
                          "Hash Buckets": 65536,
                          "Original Hash Buckets": 65536,
                          "Hash Batches": 1,
                          "Original Hash Batches": 1,
                          "Peak Memory Usage": 2464,
                          "Plans": [
                            {
                              "Node Type": "Seq Scan",
                              "Parent Relationship": "Outer",
                              "Parallel Aware": true,
                              "Relation Name": "title",
                              "Alias": "t",
                              "Startup Cost": 0.0,
                              "Total Cost": 45479.1,
                              "Plan Rows": 14169,
                              "Plan Width": 4,
                              "Actual Startup Time": 0.191,
                              "Actual Total Time": 118.524,
                              "Actual Rows": 16358,
                              "Actual Loops": 3,
                              "Filter": "((kind_id < 7) AND (production_year = 2010))",
                              "Rows Removed by Filter": 826412
                            }
                          ]
                        }
                      ]
                    },
                    {
                      "Node Type": "Index Only Scan",
                      "Parent Relationship": "Inner",
                      "Parallel Aware": false,
                      "Scan Direction": "Forward",
                      "Index Name": "movie_id_movie_keyword",
                      "Relation Name": "movie_keyword",
                      "Alias": "mk",
                      "Startup Cost": 0.43,
                      "Total Cost": 1.35,
                      "Plan Rows": 45,
                      "Plan Width": 4,
                      "Actual Startup Time": 0.003,
                      "Actual Total Time": 0.004,
                      "Actual Rows": 7,
                      "Actual Loops": 39380,
                      "Index Cond": "(movie_id = mi_idx.movie_id)",
                      "Rows Removed by Index Recheck": 0,
                      "Heap Fetches": 286098
                    }
                  ]
                }
              ]
            }
          ]
        }
      ]
    },
    "Planning Time": 1.397,
    "Triggers": [],
    "Execution Time": 311.231
  }
]