[
  {
    "Plan": {
      "Node Type": "Aggregate",
      "Strategy": "Plain",
      "Partial Mode": "Finalize",
      "Parallel Aware": false,
      "Startup Cost": 336643.2,
      "Total Cost": 336643.21,
      "Plan Rows": 1,
      "Plan Width": 8,
      "Actual Startup Time": 734.27,
      "Actual Total Time": 781.086,
      "Actual Rows": 1,
      "Actual Loops": 1,
      "Plans": [
        {
          "Node Type": "Gather",
          "Parent Relationship": "Outer",
          "Parallel Aware": false,
          "Startup Cost": 336642.58,
          "Total Cost": 336643.19,
          "Plan Rows": 6,
          "Plan Width": 8,
          "Actual Startup Time": 734.097,
          "Actual Total Time": 781.073,
          "Actual Rows": 7,
          "Actual Loops": 1,
          "Workers Planned": 6,
          "Workers Launched": 6,
          "Single Copy": false,
          "Plans": [
            {
              "Node Type": "Aggregate",
              "Strategy": "Plain",
              "Partial Mode": "Partial",
              "Parent Relationship": "Outer",
              "Parallel Aware": false,
              "Startup Cost": 335642.58,
              "Total Cost": 335642.59,
              "Plan Rows": 1,
              "Plan Width": 8,
              "Actual Startup Time": 725.843,
              "Actual Total Time": 725.844,
              "Actual Rows": 1,
              "Actual Loops": 7,
              "Plans": [
                {
                  "Node Type": "Seq Scan",
                  "Parent Relationship": "Outer",
                  "Parallel Aware": true,
                  "Relation Name": "cast_info",
                  "Alias": "ci",
                  "Startup Cost": 0.0,
                  "Total Cost": 328211.39,
                  "Plan Rows": 2972474,
                  "Plan Width": 0,
                  "Actual Startup Time": 0.052,
                  "Actual Total Time": 598.076,
                  "Actual Rows": 2568785,
                  "Actual Loops": 7,
                  "Filter": "(person_id < 1784060)",
                  "Rows Removed by Filter": 2608978
                }
              ]
            }
          ]
        }
      ]
    },
    "Planning Time": 0.106,
    "Triggers": [],
    "Execution Time": 781.131
  }
]