[
  {
    "Plan": {
      "Node Type": "Aggregate",
      "Strategy": "Plain",
      "Partial Mode": "Finalize",
      "Parallel Aware": false,
      "Startup Cost": 31407.1,
      "Total Cost": 31407.11,
      "Plan Rows": 1,
      "Plan Width": 8,
      "Actual Startup Time": 112.334,
      "Actual Total Time": 119.819,
      "Actual Rows": 1,
      "Actual Loops": 1,
      "Plans": [
        {
          "Node Type": "Gather",
          "Parent Relationship": "Outer",
          "Parallel Aware": false,
          "Startup Cost": 31406.78,
          "Total Cost": 31407.09,
          "Plan Rows": 3,
          "Plan Width": 8,
          "Actual Startup Time": 112.03,
          "Actual Total Time": 119.81,
          "Actual Rows": 4,
          "Actual Loops": 1,
          "Workers Planned": 3,
          "Workers Launched": 3,
          "Single Copy": false,
          "Plans": [
            {
              "Node Type": "Aggregate",
              "Strategy": "Plain",
              "Partial Mode": "Partial",
              "Parent Relationship": "Outer",
              "Parallel Aware": false,
              "Startup Cost": 30406.78,
              "Total Cost": 30406.79,
              "Plan Rows": 1,
              "Plan Width": 8,
              "Actual Startup Time": 103.583,
              "Actual Total Time": 103.584,
              "Actual Rows": 1,
              "Actual Loops": 4,
              "Plans": [
                {
                  "Node Type": "Seq Scan",
                  "Parent Relationship": "Outer",
                  "Parallel Aware": true,
                  "Relation Name": "movie_companies",
                  "Alias": "mc",
                  "Startup Cost": 0.0,
                  "Total Cost": 29310.68,
                  "Plan Rows": 438440,
                  "Plan Width": 0,
                  "Actual Startup Time": 0.042,
                  "Actual Total Time": 83.696,
                  "Actual Rows": 338348,
                  "Actual Loops": 4,
                  "Filter": "(company_id < 11623)",
                  "Rows Removed by Filter": 313934
                }
              ]
            }
          ]
        }
      ]
    },
    "Planning Time": 0.119,
    "Triggers": [],
    "Execution Time": 119.851
  }
]