[
  {
    "Plan": {
      "Node Type": "Aggregate",
      "Strategy": "Plain",
      "Partial Mode": "Finalize",
      "Parallel Aware": false,
      "Startup Cost": 78251.71,
      "Total Cost": 78251.72,
      "Plan Rows": 1,
      "Plan Width": 8,
      "Actual Startup Time": 184.789,
      "Actual Total Time": 201.541,
      "Actual Rows": 1,
      "Actual Loops": 1,
      "Plans": [
        {
          "Node Type": "Gather",
          "Parent Relationship": "Outer",
          "Parallel Aware": false,
          "Startup Cost": 78251.39,
          "Total Cost": 78251.7,
          "Plan Rows": 3,
          "Plan Width": 8,
          "Actual Startup Time": 184.485,
          "Actual Total Time": 201.534,
          "Actual Rows": 4,
          "Actual Loops": 1,
          "Workers Planned": 3,
          "Workers Launched": 3,
          "Single Copy": false,
          "Plans": [
            {
              "Node Type": "Aggregate",
              "Strategy": "Plain",
              "Partial Mode": "Partial",
              "Parent Relationship": "Outer",
              "Parallel Aware": false,
              "Startup Cost": 77251.39,
              "Total Cost": 77251.4,
              "Plan Rows": 1,
              "Plan Width": 8,
              "Actual Startup Time": 175.063,
              "Actual Total Time": 175.066,
              "Actual Rows": 1,
              "Actual Loops": 4,
              "Plans": [
                {
                  "Node Type": "Nested Loop",
                  "Parent Relationship": "Outer",
                  "Parallel Aware": false,
                  "Join Type": "Inner",
                  "Startup Cost": 50888.49,
                  "Total Cost": 77249.69,
                  "Plan Rows": 680,
                  "Plan Width": 0,
                  "Actual Startup Time": 115.887,
                  "Actual Total Time": 174.324,
                  "Actual Rows": 15273,
                  "Actual Loops": 4,
                  "Inner Unique": false,
                  "Join Filter": "(t.id = mc.movie_id)",
                  "Rows Removed by Join Filter": 0,
                  "Plans": [
                    {
                      "Node Type": "Hash Join",
                      "Parent Relationship": "Outer",
                      "Parallel Aware": true,
                      "Join Type": "Inner",
                      "Startup Cost": 50888.06,
                      "Total Cost": 76571.26,
                      "Plan Rows": 659,
                      "Plan Width": 8,
                      "Actual Startup Time": 115.78,
                      "Actual Total Time": 160.454,
                      "Actual Rows": 1329,
                      "Actual Loops": 4,
                      "Inner Unique": true,
                      "Hash Cond": "(mk.movie_id = t.id)",
                      "Plans": [
                        {
                          "Node Type": "Bitmap Heap Scan",
                          "Parent Relationship": "Outer",
                          "Parallel Aware": true,
                          "Relation Name": "movie_keyword",
                          "Alias": "mk",
                          "Startup Cost": 5344.94,
                          "Total Cost": 30814.81,
                          "Plan Rows": 81270,
                          "Plan Width": 4,
                          "Actual Startup Time": 17.256,
                          "Actual Total Time": 55.339,
                          "Actual Rows": 60350,
                          "Actual Loops": 4,
                          "Recheck Cond": "(keyword_id > 61665)",
                          "Rows Removed by Index Recheck": 0,
                          "Exact Heap Blocks": 8242,
                          "Lossy Heap Blocks": 0,
                          "Plans": [
                            {
                              "Node Type": "Bitmap Index Scan",
                              "Parent Relationship": "Outer",
                              "Parallel Aware": false,
                              "Index Name": "keyword_id_movie_keyword",
                              "Startup Cost": 0.0,
                              "Total Cost": 5281.95,
                              "Plan Rows": 251936,
                              "Plan Width": 0,
                              "Actual Startup Time": 14.086,
                              "Actual Total Time": 14.086,
                              "Actual Rows": 241402,
                              "Actual Loops": 1,
                              "Index Cond": "(keyword_id > 61665)"
                            }
                          ]
                        },
                        {
                          "Node Type": "Hash",
                          "Parent Relationship": "Inner",
                          "Parallel Aware": true,
                          "Startup Cost": 45479.1,
                          "Total Cost": 45479.1,
                          "Plan Rows": 5122,
                          "Plan Width": 4,
                          "Actual Startup Time": 96.276,
                          "Actual Total Time": 96.277,
                          "Actual Rows": 4723,
                          "Actual Loops": 4,
                          "Hash Buckets": 32768,
                          "Original Hash Buckets": 32768,
                          "Hash Batches": 1,
                          "Original Hash Batches": 1,
                          "Peak Memory Usage": 1056,
                          "Plans": [
                            {
                              "Node Type": "Seq Scan",
                              "Parent Relationship": "Outer",
                              "Parallel Aware": true,
                              "Relation Name": "title",
                              "Alias": "t",
                              "Startup Cost": 0.0,
                              "Total Cost": 45479.1,
                              "Plan Rows": 5122,
                              "Plan Width": 4,
                              "Actual Startup Time": 0.269,
                              "Actual Total Time": 93.99,
                              "Actual Rows": 4723,
                              "Actual Loops": 4,
                              "Filter": "((kind_id < 7) AND (production_year = 2001))",
                              "Rows Removed by Filter": 627355
                            }
                          ]
                        }
                      ]
                    },
                    {
                      "Node Type": "Index Only Scan",
                      "Parent Relationship": "Inner",
                      "Parallel Aware": false,
                      "Scan Direction": "Forward",
                      "Index Name": "movie_id_movie_companies",
                      "Relation Name": "movie_companies",
                      "Alias": "mc",
                      "Startup Cost": 0.43,
                      "Total Cost": 0.97,
                      "Plan Rows": 5,
                      "Plan Width": 4,
                      "Actual Startup Time": 0.006,
                      "Actual Total Time": 0.009,
                      "Actual Rows": 11,
                      "Actual Loops": 5316,
                      "Index Cond": "(movie_id = mk.movie_id)",
                      "Rows Removed by Index Recheck": 0,
                      "Heap Fetches": 61093
                    }
                  ]
                }
              ]
            }
          ]
        }
      ]
    },
    "Planning Time": 1.367,
    "Triggers": [],
    "Execution Time": 201.642
  }
]