[
    {
        "Bao": {
            "Bao prediction": "NaN",
            "Bao recommended hint": "(no hint)"
        }
    },
    {
        "Plan": {
            "Node Type": "Aggregate",
            "Strategy": "Plain",
            "Partial Mode": "Finalize",
            "Parallel Aware": false,
            "Startup Cost": 33408.77,
            "Total Cost": 33408.78,
            "Plan Rows": 1,
            "Plan Width": 8,
            "Actual Startup Time": 109.028,
            "Actual Total Time": 114.515,
            "Actual Rows": 1,
            "Actual Loops": 1,
            "Output": [
                "count(*)"
            ],
            "Plans": [
                {
                    "Node Type": "Gather",
                    "Parent Relationship": "Outer",
                    "Parallel Aware": false,
                    "Startup Cost": 33408.45,
                    "Total Cost": 33408.76,
                    "Plan Rows": 3,
                    "Plan Width": 8,
                    "Actual Startup Time": 108.901,
                    "Actual Total Time": 114.508,
                    "Actual Rows": 4,
                    "Actual Loops": 1,
                    "Output": [
                        "(PARTIAL count(*))"
                    ],
                    "Workers Planned": 3,
                    "Workers Launched": 3,
                    "Single Copy": false,
                    "Plans": [
                        {
                            "Node Type": "Aggregate",
                            "Strategy": "Plain",
                            "Partial Mode": "Partial",
                            "Parent Relationship": "Outer",
                            "Parallel Aware": false,
                            "Startup Cost": 32408.45,
                            "Total Cost": 32408.46,
                            "Plan Rows": 1,
                            "Plan Width": 8,
                            "Actual Startup Time": 100.967,
                            "Actual Total Time": 100.968,
                            "Actual Rows": 1,
                            "Actual Loops": 4,
                            "Output": [
                                "PARTIAL count(*)"
                            ],
                            "Workers": [
                                {
                                    "Worker Number": 0,
                                    "Actual Startup Time": 98.132,
                                    "Actual Total Time": 98.133,
                                    "Actual Rows": 1,
                                    "Actual Loops": 1
                                },
                                {
                                    "Worker Number": 1,
                                    "Actual Startup Time": 98.319,
                                    "Actual Total Time": 98.321,
                                    "Actual Rows": 1,
                                    "Actual Loops": 1
                                },
                                {
                                    "Worker Number": 2,
                                    "Actual Startup Time": 98.743,
                                    "Actual Total Time": 98.744,
                                    "Actual Rows": 1,
                                    "Actual Loops": 1
                                }
                            ],
                            "Plans": [
                                {
                                    "Node Type": "Seq Scan",
                                    "Parent Relationship": "Outer",
                                    "Parallel Aware": true,
                                    "Relation Name": "movie_companies",
                                    "Schema": "public",
                                    "Alias": "mc",
                                    "Startup Cost": 0.0,
                                    "Total Cost": 31414.82,
                                    "Plan Rows": 397453,
                                    "Plan Width": 0,
                                    "Actual Startup Time": 41.25,
                                    "Actual Total Time": 85.157,
                                    "Actual Rows": 323940,
                                    "Actual Loops": 4,
                                    "Output": [
                                        "id",
                                        "movie_id",
                                        "company_id",
                                        "company_type_id",
                                        "note"
                                    ],
                                    "Filter": "((mc.company_id > 49) AND (mc.company_type_id > 1))",
                                    "Rows Removed by Filter": 328342,
                                    "Workers": [
                                        {
                                            "Worker Number": 0,
                                            "Actual Startup Time": 38.418,
                                            "Actual Total Time": 82.469,
                                            "Actual Rows": 237292,
                                            "Actual Loops": 1
                                        },
                                        {
                                            "Worker Number": 1,
                                            "Actual Startup Time": 38.605,
                                            "Actual Total Time": 82.908,
                                            "Actual Rows": 234125,
                                            "Actual Loops": 1
                                        },
                                        {
                                            "Worker Number": 2,
                                            "Actual Startup Time": 39.024,
                                            "Actual Total Time": 83.186,
                                            "Actual Rows": 384262,
                                            "Actual Loops": 1
                                        }
                                    ]
                                }
                            ]
                        }
                    ]
                }
            ]
        },
        "Planning Time": 183.82,
        "Triggers": [],
        "Execution Time": 114.558
    }
]