{
  "Plan": {
    "Node Type": "Aggregate",
    "Strategy": "Plain",
    "Partial Mode": "Finalize",
    "Parallel Aware": false,
    "Startup Cost": 91741.99,
    "Total Cost": 91742.0,
    "Plan Rows": 1,
    "Plan Width": 8,
    "Actual Startup Time": 439.899,
    "Actual Total Time": 455.808,
    "Actual Rows": 1,
    "Actual Loops": 1,
    "Plans": [
      {
        "Node Type": "Gather",
        "Parent Relationship": "Outer",
        "Parallel Aware": false,
        "Startup Cost": 91741.88,
        "Total Cost": 91741.99,
        "Plan Rows": 1,
        "Plan Width": 8,
        "Actual Startup Time": 438.991,
        "Actual Total Time": 455.798,
        "Actual Rows": 2,
        "Actual Loops": 1,
        "Workers Planned": 1,
        "Workers Launched": 1,
        "Single Copy": false,
        "Plans": [
          {
            "Node Type": "Aggregate",
            "Strategy": "Plain",
            "Partial Mode": "Partial",
            "Parent Relationship": "Outer",
            "Parallel Aware": false,
            "Startup Cost": 90741.88,
            "Total Cost": 90741.89,
            "Plan Rows": 1,
            "Plan Width": 8,
            "Actual Startup Time": 435.587,
            "Actual Total Time": 435.591,
            "Actual Rows": 1,
            "Actual Loops": 2,
            "Plans": [
              {
                "Node Type": "Hash Join",
                "Parent Relationship": "Outer",
                "Parallel Aware": true,
                "Join Type": "Inner",
                "Startup Cost": 29169.52,
                "Total Cost": 90322.29,
                "Plan Rows": 167835,
                "Plan Width": 0,
                "Actual Startup Time": 113.816,
                "Actual Total Time": 429.536,
                "Actual Rows": 141700,
                "Actual Loops": 2,
                "Inner Unique": false,
                "Hash Cond": "(t.id = mc.movie_id)",
                "Plans": [
                  {
                    "Node Type": "Seq Scan",
                    "Parent Relationship": "Outer",
                    "Parallel Aware": true,
                    "Relation Name": "title",
                    "Alias": "t",
                    "Startup Cost": 0.0,
                    "Total Cost": 50870.31,
                    "Plan Rows": 1487231,
                    "Plan Width": 4,
                    "Actual Startup Time": 0.01,
                    "Actual Total Time": 116.515,
                    "Actual Rows": 1264156,
                    "Actual Loops": 2
                  },
                  {
                    "Node Type": "Hash",
                    "Parent Relationship": "Inner",
                    "Parallel Aware": true,
                    "Startup Cost": 27071.59,
                    "Total Cost": 27071.59,
                    "Plan Rows": 167835,
                    "Plan Width": 4,
                    "Actual Startup Time": 109.841,
                    "Actual Total Time": 109.843,
                    "Actual Rows": 141700,
                    "Actual Loops": 2,
                    "Hash Buckets": 524288,
                    "Original Hash Buckets": 524288,
                    "Hash Batches": 1,
                    "Original Hash Batches": 1,
                    "Peak Memory Usage": 15200,
                    "Plans": [
                      {
                        "Node Type": "Bitmap Heap Scan",
                        "Parent Relationship": "Outer",
                        "Parallel Aware": true,
                        "Relation Name": "movie_companies",
                        "Alias": "mc",
                        "Startup Cost": 6183.65,
                        "Total Cost": 27071.59,
                        "Plan Rows": 167835,
                        "Plan Width": 4,
                        "Actual Startup Time": 27.458,
                        "Actual Total Time": 76.68,
                        "Actual Rows": 141700,
                        "Actual Loops": 2,
                        "Recheck Cond": "(company_id < 154)",
                        "Rows Removed by Index Recheck": 0,
                        "Exact Heap Blocks": 11841,
                        "Lossy Heap Blocks": 0,
                        "Plans": [
                          {
                            "Node Type": "Bitmap Index Scan",
                            "Parent Relationship": "Outer",
                            "Parallel Aware": false,
                            "Index Name": "company_id_movie_companies",
                            "Startup Cost": 0.0,
                            "Total Cost": 6112.32,
                            "Plan Rows": 285319,
                            "Plan Width": 0,
                            "Actual Startup Time": 24.006,
                            "Actual Total Time": 24.006,
                            "Actual Rows": 283400,
                            "Actual Loops": 1,
                            "Index Cond": "(company_id < 154)"
                          }
                        ]
                      }
                    ]
                  }
                ]
              }
            ]
          }
        ]
      }
    ]
  },
  "Planning Time": 0.378,
  "Triggers": [],
  "Execution Time": 455.87
}