[
  {
    "Plan": {
      "Node Type": "Aggregate",
      "Strategy": "Plain",
      "Partial Mode": "Finalize",
      "Parallel Aware": false,
      "Startup Cost": 334504.68,
      "Total Cost": 334504.69,
      "Plan Rows": 1,
      "Plan Width": 8,
      "Actual Startup Time": 628.814,
      "Actual Total Time": 684.319,
      "Actual Rows": 1,
      "Actual Loops": 1,
      "Plans": [
        {
          "Node Type": "Gather",
          "Parent Relationship": "Outer",
          "Parallel Aware": false,
          "Startup Cost": 334504.06,
          "Total Cost": 334504.67,
          "Plan Rows": 6,
          "Plan Width": 8,
          "Actual Startup Time": 628.699,
          "Actual Total Time": 684.31,
          "Actual Rows": 7,
          "Actual Loops": 1,
          "Workers Planned": 6,
          "Workers Launched": 6,
          "Single Copy": false,
          "Plans": [
            {
              "Node Type": "Aggregate",
              "Strategy": "Plain",
              "Partial Mode": "Partial",
              "Parent Relationship": "Outer",
              "Parallel Aware": false,
              "Startup Cost": 333504.06,
              "Total Cost": 333504.07,
              "Plan Rows": 1,
              "Plan Width": 8,
              "Actual Startup Time": 621.621,
              "Actual Total Time": 621.622,
              "Actual Rows": 1,
              "Actual Loops": 7,
              "Plans": [
                {
                  "Node Type": "Seq Scan",
                  "Parent Relationship": "Outer",
                  "Parallel Aware": true,
                  "Relation Name": "cast_info",
                  "Alias": "ci",
                  "Startup Cost": 0.0,
                  "Total Cost": 328162.03,
                  "Plan Rows": 2136812,
                  "Plan Width": 0,
                  "Actual Startup Time": 0.037,
                  "Actual Total Time": 545.364,
                  "Actual Rows": 1832325,
                  "Actual Loops": 7,
                  "Filter": "(person_id < 1265424)",
                  "Rows Removed by Filter": 3345439
                }
              ]
            }
          ]
        }
      ]
    },
    "Planning Time": 0.167,
    "Triggers": [],
    "Execution Time": 684.392
  }
]