[
  {
    "Plan": {
      "Node Type": "Aggregate",
      "Strategy": "Plain",
      "Partial Mode": "Finalize",
      "Parallel Aware": false,
      "Startup Cost": 45227.68,
      "Total Cost": 45227.69,
      "Plan Rows": 1,
      "Plan Width": 8,
      "Actual Startup Time": 144.287,
      "Actual Total Time": 155.208,
      "Actual Rows": 1,
      "Actual Loops": 1,
      "Plans": [
        {
          "Node Type": "Gather",
          "Parent Relationship": "Outer",
          "Parallel Aware": false,
          "Startup Cost": 45227.37,
          "Total Cost": 45227.68,
          "Plan Rows": 3,
          "Plan Width": 8,
          "Actual Startup Time": 144.139,
          "Actual Total Time": 155.199,
          "Actual Rows": 4,
          "Actual Loops": 1,
          "Workers Planned": 3,
          "Workers Launched": 3,
          "Single Copy": false,
          "Plans": [
            {
              "Node Type": "Aggregate",
              "Strategy": "Plain",
              "Partial Mode": "Partial",
              "Parent Relationship": "Outer",
              "Parallel Aware": false,
              "Startup Cost": 44227.37,
              "Total Cost": 44227.38,
              "Plan Rows": 1,
              "Plan Width": 8,
              "Actual Startup Time": 138.353,
              "Actual Total Time": 138.354,
              "Actual Rows": 1,
              "Actual Loops": 4,
              "Plans": [
                {
                  "Node Type": "Seq Scan",
                  "Parent Relationship": "Outer",
                  "Parallel Aware": true,
                  "Relation Name": "movie_keyword",
                  "Alias": "mk",
                  "Startup Cost": 0.0,
                  "Total Cost": 42695.65,
                  "Plan Rows": 612685,
                  "Plan Width": 0,
                  "Actual Startup Time": 1.032,
                  "Actual Total Time": 115.088,
                  "Actual Rows": 471871,
                  "Actual Loops": 4,
                  "Filter": "(keyword_id > 7253)",
                  "Rows Removed by Filter": 659112
                }
              ]
            }
          ]
        }
      ]
    },
    "Planning Time": 0.182,
    "Triggers": [],
    "Execution Time": 155.261
  }
]