[
  {
    "Plan": {
      "Node Type": "Aggregate",
      "Strategy": "Plain",
      "Partial Mode": "Finalize",
      "Parallel Aware": false,
      "Startup Cost": 68655.39,
      "Total Cost": 68655.4,
      "Plan Rows": 1,
      "Plan Width": 8,
      "Actual Startup Time": 126.311,
      "Actual Total Time": 141.424,
      "Actual Rows": 1,
      "Actual Loops": 1,
      "Plans": [
        {
          "Node Type": "Gather",
          "Parent Relationship": "Outer",
          "Parallel Aware": false,
          "Startup Cost": 68655.08,
          "Total Cost": 68655.39,
          "Plan Rows": 3,
          "Plan Width": 8,
          "Actual Startup Time": 125.894,
          "Actual Total Time": 141.416,
          "Actual Rows": 4,
          "Actual Loops": 1,
          "Workers Planned": 3,
          "Workers Launched": 3,
          "Single Copy": false,
          "Plans": [
            {
              "Node Type": "Aggregate",
              "Strategy": "Plain",
              "Partial Mode": "Partial",
              "Parent Relationship": "Outer",
              "Parallel Aware": false,
              "Startup Cost": 67655.08,
              "Total Cost": 67655.09,
              "Plan Rows": 1,
              "Plan Width": 8,
              "Actual Startup Time": 122.227,
              "Actual Total Time": 122.231,
              "Actual Rows": 1,
              "Actual Loops": 4,
              "Plans": [
                {
                  "Node Type": "Nested Loop",
                  "Parent Relationship": "Outer",
                  "Parallel Aware": false,
                  "Join Type": "Inner",
                  "Startup Cost": 45887.42,
                  "Total Cost": 67652.21,
                  "Plan Rows": 1146,
                  "Plan Width": 0,
                  "Actual Startup Time": 100.426,
                  "Actual Total Time": 122.112,
                  "Actual Rows": 1748,
                  "Actual Loops": 4,
                  "Inner Unique": false,
                  "Join Filter": "(t.id = mk.movie_id)",
                  "Rows Removed by Join Filter": 0,
                  "Plans": [
                    {
                      "Node Type": "Hash Join",
                      "Parent Relationship": "Outer",
                      "Parallel Aware": true,
                      "Join Type": "Inner",
                      "Startup Cost": 45886.99,
                      "Total Cost": 65081.07,
                      "Plan Rows": 640,
                      "Plan Width": 8,
                      "Actual Startup Time": 100.318,
                      "Actual Total Time": 118.927,
                      "Actual Rows": 296,
                      "Actual Loops": 4,
                      "Inner Unique": true,
                      "Hash Cond": "(mc.movie_id = t.id)",
                      "Plans": [
                        {
                          "Node Type": "Bitmap Heap Scan",
                          "Parent Relationship": "Outer",
                          "Parallel Aware": true,
                          "Relation Name": "movie_companies",
                          "Alias": "mc",
                          "Startup Cost": 1798.29,
                          "Total Cost": 20922.25,
                          "Plan Rows": 26716,
                          "Plan Width": 4,
                          "Actual Startup Time": 7.56,
                          "Actual Total Time": 21.07,
                          "Actual Rows": 21018,
                          "Actual Loops": 4,
                          "Recheck Cond": "(company_id < 19)",
                          "Rows Removed by Index Recheck": 0,
                          "Exact Heap Blocks": 3252,
                          "Lossy Heap Blocks": 0,
                          "Plans": [
                            {
                              "Node Type": "Bitmap Index Scan",
                              "Parent Relationship": "Outer",
                              "Parallel Aware": false,
                              "Index Name": "company_id_movie_companies",
                              "Startup Cost": 0.0,
                              "Total Cost": 1777.59,
                              "Plan Rows": 82821,
                              "Plan Width": 0,
                              "Actual Startup Time": 5.664,
                              "Actual Total Time": 5.666,
                              "Actual Rows": 84071,
                              "Actual Loops": 1,
                              "Index Cond": "(company_id < 19)"
                            }
                          ]
                        },
                        {
                          "Node Type": "Hash",
                          "Parent Relationship": "Inner",
                          "Parallel Aware": true,
                          "Startup Cost": 43899.32,
                          "Total Cost": 43899.32,
                          "Plan Rows": 15150,
                          "Plan Width": 4,
                          "Actual Startup Time": 91.834,
                          "Actual Total Time": 91.835,
                          "Actual Rows": 15642,
                          "Actual Loops": 4,
                          "Hash Buckets": 65536,
                          "Original Hash Buckets": 65536,
                          "Hash Batches": 1,
                          "Original Hash Batches": 1,
                          "Peak Memory Usage": 3040,
                          "Plans": [
                            {
                              "Node Type": "Seq Scan",
                              "Parent Relationship": "Outer",
                              "Parallel Aware": true,
                              "Relation Name": "title",
                              "Alias": "t",
                              "Startup Cost": 0.0,
                              "Total Cost": 43899.32,
                              "Plan Rows": 15150,
                              "Plan Width": 4,
                              "Actual Startup Time": 0.02,
                              "Actual Total Time": 85.695,
                              "Actual Rows": 15642,
                              "Actual Loops": 4,
                              "Filter": "(production_year = 2002)",
                              "Rows Removed by Filter": 616436
                            }
                          ]
                        }
                      ]
                    },
                    {
                      "Node Type": "Index Only Scan",
                      "Parent Relationship": "Inner",
                      "Parallel Aware": false,
                      "Scan Direction": "Forward",
                      "Index Name": "movie_id_movie_keyword",
                      "Relation Name": "movie_keyword",
                      "Alias": "mk",
                      "Startup Cost": 0.43,
                      "Total Cost": 3.44,
                      "Plan Rows": 46,
                      "Plan Width": 4,
                      "Actual Startup Time": 0.009,
                      "Actual Total Time": 0.01,
                      "Actual Rows": 6,
                      "Actual Loops": 1185,
                      "Index Cond": "(movie_id = mc.movie_id)",
                      "Rows Removed by Index Recheck": 0,
                      "Heap Fetches": 6992
                    }
                  ]
                }
              ]
            }
          ]
        }
      ]
    },
    "Planning Time": 0.666,
    "Triggers": [],
    "Execution Time": 141.484
  }
]