{
  "Plan": {
    "Node Type": "Aggregate",
    "Strategy": "Plain",
    "Partial Mode": "Finalize",
    "Parallel Aware": false,
    "Startup Cost": 101977.44,
    "Total Cost": 101977.45,
    "Plan Rows": 1,
    "Plan Width": 8,
    "Actual Startup Time": 262.03,
    "Actual Total Time": 277.66,
    "Actual Rows": 1,
    "Actual Loops": 1,
    "Plans": [
      {
        "Node Type": "Gather",
        "Parent Relationship": "Outer",
        "Parallel Aware": false,
        "Startup Cost": 101977.33,
        "Total Cost": 101977.44,
        "Plan Rows": 1,
        "Plan Width": 8,
        "Actual Startup Time": 261.901,
        "Actual Total Time": 277.652,
        "Actual Rows": 2,
        "Actual Loops": 1,
        "Workers Planned": 1,
        "Workers Launched": 1,
        "Single Copy": false,
        "Plans": [
          {
            "Node Type": "Aggregate",
            "Strategy": "Plain",
            "Partial Mode": "Partial",
            "Parent Relationship": "Outer",
            "Parallel Aware": false,
            "Startup Cost": 100977.33,
            "Total Cost": 100977.34,
            "Plan Rows": 1,
            "Plan Width": 8,
            "Actual Startup Time": 256.145,
            "Actual Total Time": 256.149,
            "Actual Rows": 1,
            "Actual Loops": 2,
            "Plans": [
              {
                "Node Type": "Hash Join",
                "Parent Relationship": "Outer",
                "Parallel Aware": true,
                "Join Type": "Inner",
                "Startup Cost": 58346.57,
                "Total Cost": 100975.65,
                "Plan Rows": 672,
                "Plan Width": 0,
                "Actual Startup Time": 192.597,
                "Actual Total Time": 256.082,
                "Actual Rows": 620,
                "Actual Loops": 2,
                "Inner Unique": true,
                "Hash Cond": "(mc.movie_id = t.id)",
                "Plans": [
                  {
                    "Node Type": "Seq Scan",
                    "Parent Relationship": "Outer",
                    "Parallel Aware": true,
                    "Relation Name": "movie_companies",
                    "Alias": "mc",
                    "Startup Cost": 0.0,
                    "Total Cost": 41811.73,
                    "Plan Rows": 311374,
                    "Plan Width": 4,
                    "Actual Startup Time": 51.07,
                    "Actual Total Time": 103.069,
                    "Actual Rows": 159558,
                    "Actual Loops": 2,
                    "Filter": "((company_id < 5979) AND (company_type_id > 1))",
                    "Rows Removed by Filter": 1145007
                  },
                  {
                    "Node Type": "Hash",
                    "Parent Relationship": "Inner",
                    "Parallel Aware": true,
                    "Startup Cost": 58306.47,
                    "Total Cost": 58306.47,
                    "Plan Rows": 3208,
                    "Plan Width": 4,
                    "Actual Startup Time": 140.031,
                    "Actual Total Time": 140.032,
                    "Actual Rows": 2620,
                    "Actual Loops": 2,
                    "Hash Buckets": 8192,
                    "Original Hash Buckets": 8192,
                    "Hash Batches": 1,
                    "Original Hash Batches": 1,
                    "Peak Memory Usage": 288,
                    "Plans": [
                      {
                        "Node Type": "Seq Scan",
                        "Parent Relationship": "Outer",
                        "Parallel Aware": true,
                        "Relation Name": "title",
                        "Alias": "t",
                        "Startup Cost": 0.0,
                        "Total Cost": 58306.47,
                        "Plan Rows": 3208,
                        "Plan Width": 4,
                        "Actual Startup Time": 0.603,
                        "Actual Total Time": 138.99,
                        "Actual Rows": 2620,
                        "Actual Loops": 2,
                        "Filter": "((kind_id < 7) AND (production_year = 1965))",
                        "Rows Removed by Filter": 1261536
                      }
                    ]
                  }
                ]
              }
            ]
          }
        ]
      }
    ]
  },
  "Planning Time": 0.468,
  "Triggers": [],
  "Execution Time": 277.779
}