[
  {
    "Plan": {
      "Node Type": "Aggregate",
      "Strategy": "Plain",
      "Partial Mode": "Finalize",
      "Parallel Aware": false,
      "Startup Cost": 317280.09,
      "Total Cost": 317280.1,
      "Plan Rows": 1,
      "Plan Width": 8,
      "Actual Startup Time": 978.556,
      "Actual Total Time": 1024.827,
      "Actual Rows": 1,
      "Actual Loops": 1,
      "Plans": [
        {
          "Node Type": "Gather",
          "Parent Relationship": "Outer",
          "Parallel Aware": false,
          "Startup Cost": 317279.57,
          "Total Cost": 317280.08,
          "Plan Rows": 5,
          "Plan Width": 8,
          "Actual Startup Time": 967.128,
          "Actual Total Time": 1024.813,
          "Actual Rows": 6,
          "Actual Loops": 1,
          "Workers Planned": 5,
          "Workers Launched": 5,
          "Single Copy": false,
          "Plans": [
            {
              "Node Type": "Aggregate",
              "Strategy": "Plain",
              "Partial Mode": "Partial",
              "Parent Relationship": "Outer",
              "Parallel Aware": false,
              "Startup Cost": 316279.57,
              "Total Cost": 316279.58,
              "Plan Rows": 1,
              "Plan Width": 8,
              "Actual Startup Time": 946.087,
              "Actual Total Time": 946.365,
              "Actual Rows": 1,
              "Actual Loops": 6,
              "Plans": [
                {
                  "Node Type": "Hash Join",
                  "Parent Relationship": "Outer",
                  "Parallel Aware": true,
                  "Join Type": "Inner",
                  "Startup Cost": 104311.63,
                  "Total Cost": 313089.48,
                  "Plan Rows": 1276033,
                  "Plan Width": 0,
                  "Actual Startup Time": 394.332,
                  "Actual Total Time": 920.833,
                  "Actual Rows": 641344,
                  "Actual Loops": 6,
                  "Inner Unique": false,
                  "Hash Cond": "(mi.movie_id = t.id)",
                  "Plans": [
                    {
                      "Node Type": "Seq Scan",
                      "Parent Relationship": "Outer",
                      "Parallel Aware": true,
                      "Relation Name": "movie_info",
                      "Alias": "mi",
                      "Startup Cost": 0.0,
                      "Total Cost": 198952.16,
                      "Plan Rows": 1522520,
                      "Plan Width": 4,
                      "Actual Startup Time": 15.602,
                      "Actual Total Time": 304.281,
                      "Actual Rows": 1258142,
                      "Actual Loops": 6,
                      "Filter": "(info_type_id > 7)",
                      "Rows Removed by Filter": 1214478
                    },
                    {
                      "Node Type": "Hash",
                      "Parent Relationship": "Inner",
                      "Parallel Aware": true,
                      "Startup Cost": 95767.37,
                      "Total Cost": 95767.37,
                      "Plan Rows": 683541,
                      "Plan Width": 8,
                      "Actual Startup Time": 371.16,
                      "Actual Total Time": 371.436,
                      "Actual Rows": 89950,
                      "Actual Loops": 6,
                      "Hash Buckets": 4194304,
                      "Original Hash Buckets": 4194304,
                      "Hash Batches": 1,
                      "Original Hash Batches": 1,
                      "Peak Memory Usage": 53984,
                      "Plans": [
                        {
                          "Node Type": "Hash Join",
                          "Parent Relationship": "Outer",
                          "Parallel Aware": true,
                          "Join Type": "Inner",
                          "Startup Cost": 49760.57,
                          "Total Cost": 95767.37,
                          "Plan Rows": 683541,
                          "Plan Width": 8,
                          "Actual Startup Time": 181.062,
                          "Actual Total Time": 329.518,
                          "Actual Rows": 89950,
                          "Actual Loops": 6,
                          "Inner Unique": true,
                          "Hash Cond": "(mk.movie_id = t.id)",
                          "Plans": [
                            {
                              "Node Type": "Seq Scan",
                              "Parent Relationship": "Outer",
                              "Parallel Aware": true,
                              "Relation Name": "movie_keyword",
                              "Alias": "mk",
                              "Startup Cost": 0.0,
                              "Total Cost": 42695.65,
                              "Plan Rows": 1261387,
                              "Plan Width": 4,
                              "Actual Startup Time": 0.029,
                              "Actual Total Time": 77.962,
                              "Actual Rows": 653318,
                              "Actual Loops": 6,
                              "Filter": "(keyword_id < 30563)",
                              "Rows Removed by Filter": 100670
                            },
                            {
                              "Node Type": "Hash",
                              "Parent Relationship": "Inner",
                              "Parallel Aware": true,
                              "Startup Cost": 45479.1,
                              "Total Cost": 45479.1,
                              "Plan Rows": 342518,
                              "Plan Width": 4,
                              "Actual Startup Time": 178.826,
                              "Actual Total Time": 178.827,
                              "Actual Rows": 241772,
                              "Actual Loops": 6,
                              "Hash Buckets": 2097152,
                              "Original Hash Buckets": 2097152,
                              "Hash Batches": 1,
                              "Original Hash Batches": 1,
                              "Peak Memory Usage": 73216,
                              "Plans": [
                                {
                                  "Node Type": "Seq Scan",
                                  "Parent Relationship": "Outer",
                                  "Parallel Aware": true,
                                  "Relation Name": "title",
                                  "Alias": "t",
                                  "Startup Cost": 0.0,
                                  "Total Cost": 45479.1,
                                  "Plan Rows": 342518,
                                  "Plan Width": 4,
                                  "Actual Startup Time": 0.044,
                                  "Actual Total Time": 82.19,
                                  "Actual Rows": 241772,
                                  "Actual Loops": 6,
                                  "Filter": "((production_year > 1956) AND (kind_id = 7))",
                                  "Rows Removed by Filter": 179613
                                }
                              ]
                            }
                          ]
                        }
                      ]
                    }
                  ]
                }
              ]
            }
          ]
        }
      ]
    },
    "Planning Time": 1.457,
    "Triggers": [],
    "Execution Time": 1024.933
  }
]