[
    {
        "Bao": {
            "Bao prediction": "NaN",
            "Bao recommended hint": "(no hint)"
        }
    },
    {
        "Plan": {
            "Node Type": "Aggregate",
            "Strategy": "Plain",
            "Partial Mode": "Finalize",
            "Parallel Aware": false,
            "Startup Cost": 281901.17,
            "Total Cost": 281901.18,
            "Plan Rows": 1,
            "Plan Width": 8,
            "Actual Startup Time": 102.762,
            "Actual Total Time": 106.517,
            "Actual Rows": 1,
            "Actual Loops": 1,
            "Output": [
                "count(*)"
            ],
            "Plans": [
                {
                    "Node Type": "Gather",
                    "Parent Relationship": "Outer",
                    "Parallel Aware": false,
                    "Startup Cost": 281900.54,
                    "Total Cost": 281901.15,
                    "Plan Rows": 6,
                    "Plan Width": 8,
                    "Actual Startup Time": 102.433,
                    "Actual Total Time": 106.509,
                    "Actual Rows": 7,
                    "Actual Loops": 1,
                    "Output": [
                        "(PARTIAL count(*))"
                    ],
                    "Workers Planned": 6,
                    "Workers Launched": 6,
                    "Single Copy": false,
                    "Plans": [
                        {
                            "Node Type": "Aggregate",
                            "Strategy": "Plain",
                            "Partial Mode": "Partial",
                            "Parent Relationship": "Outer",
                            "Parallel Aware": false,
                            "Startup Cost": 280900.54,
                            "Total Cost": 280900.55,
                            "Plan Rows": 1,
                            "Plan Width": 8,
                            "Actual Startup Time": 92.471,
                            "Actual Total Time": 92.472,
                            "Actual Rows": 1,
                            "Actual Loops": 7,
                            "Output": [
                                "PARTIAL count(*)"
                            ],
                            "Workers": [
                                {
                                    "Worker Number": 0,
                                    "Actual Startup Time": 90.067,
                                    "Actual Total Time": 90.069,
                                    "Actual Rows": 1,
                                    "Actual Loops": 1
                                },
                                {
                                    "Worker Number": 1,
                                    "Actual Startup Time": 90.464,
                                    "Actual Total Time": 90.465,
                                    "Actual Rows": 1,
                                    "Actual Loops": 1
                                },
                                {
                                    "Worker Number": 2,
                                    "Actual Startup Time": 90.714,
                                    "Actual Total Time": 90.714,
                                    "Actual Rows": 1,
                                    "Actual Loops": 1
                                },
                                {
                                    "Worker Number": 3,
                                    "Actual Startup Time": 91.005,
                                    "Actual Total Time": 91.007,
                                    "Actual Rows": 1,
                                    "Actual Loops": 1
                                },
                                {
                                    "Worker Number": 4,
                                    "Actual Startup Time": 91.412,
                                    "Actual Total Time": 91.413,
                                    "Actual Rows": 1,
                                    "Actual Loops": 1
                                },
                                {
                                    "Worker Number": 5,
                                    "Actual Startup Time": 91.57,
                                    "Actual Total Time": 91.571,
                                    "Actual Rows": 1,
                                    "Actual Loops": 1
                                }
                            ],
                            "Plans": [
                                {
                                    "Node Type": "Bitmap Heap Scan",
                                    "Parent Relationship": "Outer",
                                    "Parallel Aware": true,
                                    "Relation Name": "cast_info",
                                    "Schema": "public",
                                    "Alias": "ci",
                                    "Startup Cost": 25344.04,
                                    "Total Cost": 280422.29,
                                    "Plan Rows": 191300,
                                    "Plan Width": 0,
                                    "Actual Startup Time": 33.733,
                                    "Actual Total Time": 80.663,
                                    "Actual Rows": 168381,
                                    "Actual Loops": 7,
                                    "Recheck Cond": "(ci.person_id < 119262)",
                                    "Rows Removed by Index Recheck": 0,
                                    "Exact Heap Blocks": 3636,
                                    "Lossy Heap Blocks": 0,
                                    "Workers": [
                                        {
                                            "Worker Number": 0,
                                            "Actual Startup Time": 31.677,
                                            "Actual Total Time": 78.744,
                                            "Actual Rows": 122569,
                                            "Actual Loops": 1
                                        },
                                        {
                                            "Worker Number": 1,
                                            "Actual Startup Time": 31.725,
                                            "Actual Total Time": 79.0,
                                            "Actual Rows": 124120,
                                            "Actual Loops": 1
                                        },
                                        {
                                            "Worker Number": 2,
                                            "Actual Startup Time": 32.1,
                                            "Actual Total Time": 79.538,
                                            "Actual Rows": 145547,
                                            "Actual Loops": 1
                                        },
                                        {
                                            "Worker Number": 3,
                                            "Actual Startup Time": 32.238,
                                            "Actual Total Time": 79.834,
                                            "Actual Rows": 141408,
                                            "Actual Loops": 1
                                        },
                                        {
                                            "Worker Number": 4,
                                            "Actual Startup Time": 32.664,
                                            "Actual Total Time": 79.865,
                                            "Actual Rows": 136684,
                                            "Actual Loops": 1
                                        },
                                        {
                                            "Worker Number": 5,
                                            "Actual Startup Time": 32.795,
                                            "Actual Total Time": 80.197,
                                            "Actual Rows": 130786,
                                            "Actual Loops": 1
                                        }
                                    ],
                                    "Plans": [
                                        {
                                            "Node Type": "Bitmap Index Scan",
                                            "Parent Relationship": "Outer",
                                            "Parallel Aware": false,
                                            "Index Name": "person_id_cast_info",
                                            "Startup Cost": 0.0,
                                            "Total Cost": 25057.09,
                                            "Plan Rows": 1147803,
                                            "Plan Width": 0,
                                            "Actual Startup Time": 41.227,
                                            "Actual Total Time": 41.227,
                                            "Actual Rows": 1178667,
                                            "Actual Loops": 1,
                                            "Index Cond": "(ci.person_id < 119262)"
                                        }
                                    ]
                                }
                            ]
                        }
                    ]
                }
            ]
        },
        "Planning Time": 199.444,
        "Triggers": [],
        "Execution Time": 106.583
    }
]