[
  {
    "Plan": {
      "Node Type": "Aggregate",
      "Strategy": "Plain",
      "Partial Mode": "Finalize",
      "Parallel Aware": false,
      "Startup Cost": 45588.08,
      "Total Cost": 45588.09,
      "Plan Rows": 1,
      "Plan Width": 8,
      "Actual Startup Time": 155.104,
      "Actual Total Time": 165.162,
      "Actual Rows": 1,
      "Actual Loops": 1,
      "Plans": [
        {
          "Node Type": "Gather",
          "Parent Relationship": "Outer",
          "Parallel Aware": false,
          "Startup Cost": 45587.76,
          "Total Cost": 45588.07,
          "Plan Rows": 3,
          "Plan Width": 8,
          "Actual Startup Time": 154.997,
          "Actual Total Time": 165.152,
          "Actual Rows": 4,
          "Actual Loops": 1,
          "Workers Planned": 3,
          "Workers Launched": 3,
          "Single Copy": false,
          "Plans": [
            {
              "Node Type": "Aggregate",
              "Strategy": "Plain",
              "Partial Mode": "Partial",
              "Parent Relationship": "Outer",
              "Parallel Aware": false,
              "Startup Cost": 44587.76,
              "Total Cost": 44587.77,
              "Plan Rows": 1,
              "Plan Width": 8,
              "Actual Startup Time": 147.851,
              "Actual Total Time": 147.852,
              "Actual Rows": 1,
              "Actual Loops": 4,
              "Plans": [
                {
                  "Node Type": "Seq Scan",
                  "Parent Relationship": "Outer",
                  "Parallel Aware": true,
                  "Relation Name": "movie_keyword",
                  "Alias": "mk",
                  "Startup Cost": 0.0,
                  "Total Cost": 42695.65,
                  "Plan Rows": 756843,
                  "Plan Width": 0,
                  "Actual Startup Time": 0.648,
                  "Actual Total Time": 120.325,
                  "Actual Rows": 585748,
                  "Actual Loops": 4,
                  "Filter": "(keyword_id > 4297)",
                  "Rows Removed by Filter": 545235
                }
              ]
            }
          ]
        }
      ]
    },
    "Planning Time": 0.186,
    "Triggers": [],
    "Execution Time": 165.225
  }
]