[
  {
    "Plan": {
      "Node Type": "Aggregate",
      "Strategy": "Plain",
      "Partial Mode": "Finalize",
      "Parallel Aware": false,
      "Startup Cost": 370171.79,
      "Total Cost": 370171.8,
      "Plan Rows": 1,
      "Plan Width": 8,
      "Actual Startup Time": 683.304,
      "Actual Total Time": 709.227,
      "Actual Rows": 1,
      "Actual Loops": 1,
      "Plans": [
        {
          "Node Type": "Gather",
          "Parent Relationship": "Outer",
          "Parallel Aware": false,
          "Startup Cost": 370171.17,
          "Total Cost": 370171.78,
          "Plan Rows": 6,
          "Plan Width": 8,
          "Actual Startup Time": 655.971,
          "Actual Total Time": 709.204,
          "Actual Rows": 7,
          "Actual Loops": 1,
          "Workers Planned": 6,
          "Workers Launched": 6,
          "Single Copy": false,
          "Plans": [
            {
              "Node Type": "Aggregate",
              "Strategy": "Plain",
              "Partial Mode": "Partial",
              "Parent Relationship": "Outer",
              "Parallel Aware": false,
              "Startup Cost": 369171.17,
              "Total Cost": 369171.18,
              "Plan Rows": 1,
              "Plan Width": 8,
              "Actual Startup Time": 632.95,
              "Actual Total Time": 632.954,
              "Actual Rows": 1,
              "Actual Loops": 7,
              "Plans": [
                {
                  "Node Type": "Hash Join",
                  "Parent Relationship": "Outer",
                  "Parallel Aware": true,
                  "Join Type": "Inner",
                  "Startup Cost": 108705.81,
                  "Total Cost": 368067.85,
                  "Plan Rows": 441325,
                  "Plan Width": 0,
                  "Actual Startup Time": 352.782,
                  "Actual Total Time": 614.662,
                  "Actual Rows": 361010,
                  "Actual Loops": 7,
                  "Inner Unique": true,
                  "Hash Cond": "(ci.movie_id = t.id)",
                  "Plans": [
                    {
                      "Node Type": "Bitmap Heap Scan",
                      "Parent Relationship": "Outer",
                      "Parallel Aware": true,
                      "Relation Name": "cast_info",
                      "Alias": "ci",
                      "Startup Cost": 58486.17,
                      "Total Cost": 316689.73,
                      "Plan Rows": 441325,
                      "Plan Width": 4,
                      "Actual Startup Time": 95.017,
                      "Actual Total Time": 177.642,
                      "Actual Rows": 361010,
                      "Actual Loops": 7,
                      "Recheck Cond": "(person_id > 3569750)",
                      "Rows Removed by Index Recheck": 0,
                      "Exact Heap Blocks": 6276,
                      "Lossy Heap Blocks": 0,
                      "Plans": [
                        {
                          "Node Type": "Bitmap Index Scan",
                          "Parent Relationship": "Outer",
                          "Parallel Aware": false,
                          "Index Name": "person_id_cast_info",
                          "Startup Cost": 0.0,
                          "Total Cost": 57824.18,
                          "Plan Rows": 2647949,
                          "Plan Width": 0,
                          "Actual Startup Time": 88.591,
                          "Actual Total Time": 88.592,
                          "Actual Rows": 2527072,
                          "Actual Loops": 1,
                          "Index Cond": "(person_id > 3569750)"
                        }
                      ]
                    },
                    {
                      "Node Type": "Hash",
                      "Parent Relationship": "Inner",
                      "Parallel Aware": true,
                      "Startup Cost": 42318.73,
                      "Total Cost": 42318.73,
                      "Plan Rows": 632073,
                      "Plan Width": 4,
                      "Actual Startup Time": 250.867,
                      "Actual Total Time": 250.868,
                      "Actual Rows": 361187,
                      "Actual Loops": 7,
                      "Hash Buckets": 4194304,
                      "Original Hash Buckets": 4194304,
                      "Hash Batches": 1,
                      "Original Hash Batches": 1,
                      "Peak Memory Usage": 131776,
                      "Plans": [
                        {
                          "Node Type": "Seq Scan",
                          "Parent Relationship": "Outer",
                          "Parallel Aware": true,
                          "Relation Name": "title",
                          "Alias": "t",
                          "Startup Cost": 0.0,
                          "Total Cost": 42318.73,
                          "Plan Rows": 632073,
                          "Plan Width": 4,
                          "Actual Startup Time": 0.039,
                          "Actual Total Time": 74.049,
                          "Actual Rows": 361187,
                          "Actual Loops": 7
                        }
                      ]
                    }
                  ]
                }
              ]
            }
          ]
        }
      ]
    },
    "Planning Time": 0.609,
    "Triggers": [],
    "Execution Time": 709.318
  }
]