[
  {
    "Plan": {
      "Node Type": "Aggregate",
      "Strategy": "Plain",
      "Partial Mode": "Finalize",
      "Parallel Aware": false,
      "Startup Cost": 292867.21,
      "Total Cost": 292867.22,
      "Plan Rows": 1,
      "Plan Width": 8,
      "Actual Startup Time": 1843.692,
      "Actual Total Time": 1942.52,
      "Actual Rows": 1,
      "Actual Loops": 1,
      "Plans": [
        {
          "Node Type": "Gather",
          "Parent Relationship": "Outer",
          "Parallel Aware": false,
          "Startup Cost": 292866.79,
          "Total Cost": 292867.2,
          "Plan Rows": 4,
          "Plan Width": 8,
          "Actual Startup Time": 1842.655,
          "Actual Total Time": 1942.509,
          "Actual Rows": 5,
          "Actual Loops": 1,
          "Workers Planned": 4,
          "Workers Launched": 4,
          "Single Copy": false,
          "Plans": [
            {
              "Node Type": "Aggregate",
              "Strategy": "Plain",
              "Partial Mode": "Partial",
              "Parent Relationship": "Outer",
              "Parallel Aware": false,
              "Startup Cost": 291866.79,
              "Total Cost": 291866.8,
              "Plan Rows": 1,
              "Plan Width": 8,
              "Actual Startup Time": 1832.423,
              "Actual Total Time": 1832.426,
              "Actual Rows": 1,
              "Actual Loops": 5,
              "Plans": [
                {
                  "Node Type": "Nested Loop",
                  "Parent Relationship": "Outer",
                  "Parallel Aware": false,
                  "Join Type": "Inner",
                  "Startup Cost": 32961.02,
                  "Total Cost": 288433.92,
                  "Plan Rows": 1373148,
                  "Plan Width": 0,
                  "Actual Startup Time": 81.347,
                  "Actual Total Time": 1780.047,
                  "Actual Rows": 1131069,
                  "Actual Loops": 5,
                  "Inner Unique": false,
                  "Plans": [
                    {
                      "Node Type": "Hash Join",
                      "Parent Relationship": "Outer",
                      "Parallel Aware": true,
                      "Join Type": "Inner",
                      "Startup Cost": 32960.46,
                      "Total Cost": 78748.68,
                      "Plan Rows": 95830,
                      "Plan Width": 8,
                      "Actual Startup Time": 81.245,
                      "Actual Total Time": 296.378,
                      "Actual Rows": 44577,
                      "Actual Loops": 5,
                      "Inner Unique": false,
                      "Hash Cond": "(t.id = mc.movie_id)",
                      "Plans": [
                        {
                          "Node Type": "Seq Scan",
                          "Parent Relationship": "Outer",
                          "Parallel Aware": true,
                          "Relation Name": "title",
                          "Alias": "t",
                          "Startup Cost": 0.0,
                          "Total Cost": 42318.73,
                          "Plan Rows": 632073,
                          "Plan Width": 4,
                          "Actual Startup Time": 0.012,
                          "Actual Total Time": 60.461,
                          "Actual Rows": 505662,
                          "Actual Loops": 5
                        },
                        {
                          "Node Type": "Hash",
                          "Parent Relationship": "Inner",
                          "Parallel Aware": true,
                          "Startup Cost": 31414.82,
                          "Total Cost": 31414.82,
                          "Plan Rows": 123651,
                          "Plan Width": 4,
                          "Actual Startup Time": 78.47,
                          "Actual Total Time": 78.471,
                          "Actual Rows": 44577,
                          "Actual Loops": 5,
                          "Hash Buckets": 524288,
                          "Original Hash Buckets": 524288,
                          "Hash Batches": 1,
                          "Original Hash Batches": 1,
                          "Peak Memory Usage": 12864,
                          "Plans": [
                            {
                              "Node Type": "Seq Scan",
                              "Parent Relationship": "Outer",
                              "Parallel Aware": true,
                              "Relation Name": "movie_companies",
                              "Alias": "mc",
                              "Startup Cost": 0.0,
                              "Total Cost": 31414.82,
                              "Plan Rows": 123651,
                              "Plan Width": 4,
                              "Actual Startup Time": 41.552,
                              "Actual Total Time": 65.767,
                              "Actual Rows": 44577,
                              "Actual Loops": 5,
                              "Filter": "((company_id < 1461) AND (company_type_id > 1))",
                              "Rows Removed by Filter": 477249
                            }
                          ]
                        }
                      ]
                    },
                    {
                      "Node Type": "Index Only Scan",
                      "Parent Relationship": "Inner",
                      "Parallel Aware": false,
                      "Scan Direction": "Forward",
                      "Index Name": "movie_id_cast_info",
                      "Relation Name": "cast_info",
                      "Alias": "ci",
                      "Startup Cost": 0.56,
                      "Total Cost": 1.82,
                      "Plan Rows": 37,
                      "Plan Width": 4,
                      "Actual Startup Time": 0.006,
                      "Actual Total Time": 0.031,
                      "Actual Rows": 25,
                      "Actual Loops": 222885,
                      "Index Cond": "(movie_id = t.id)",
                      "Rows Removed by Index Recheck": 0,
                      "Heap Fetches": 5655345
                    }
                  ]
                }
              ]
            }
          ]
        }
      ]
    },
    "Planning Time": 1.349,
    "Triggers": [],
    "Execution Time": 1942.628
  }
]