[
  {
    "Plan": {
      "Node Type": "Aggregate",
      "Strategy": "Plain",
      "Partial Mode": "Finalize",
      "Parallel Aware": false,
      "Startup Cost": 130407.69,
      "Total Cost": 130407.7,
      "Plan Rows": 1,
      "Plan Width": 8,
      "Actual Startup Time": 844.868,
      "Actual Total Time": 863.678,
      "Actual Rows": 1,
      "Actual Loops": 1,
      "Plans": [
        {
          "Node Type": "Gather",
          "Parent Relationship": "Outer",
          "Parallel Aware": false,
          "Startup Cost": 130407.38,
          "Total Cost": 130407.69,
          "Plan Rows": 3,
          "Plan Width": 8,
          "Actual Startup Time": 836.029,
          "Actual Total Time": 863.669,
          "Actual Rows": 4,
          "Actual Loops": 1,
          "Workers Planned": 3,
          "Workers Launched": 3,
          "Single Copy": false,
          "Plans": [
            {
              "Node Type": "Aggregate",
              "Strategy": "Plain",
              "Partial Mode": "Partial",
              "Parent Relationship": "Outer",
              "Parallel Aware": false,
              "Startup Cost": 129407.38,
              "Total Cost": 129407.39,
              "Plan Rows": 1,
              "Plan Width": 8,
              "Actual Startup Time": 825.199,
              "Actual Total Time": 825.568,
              "Actual Rows": 1,
              "Actual Loops": 4,
              "Plans": [
                {
                  "Node Type": "Hash Join",
                  "Parent Relationship": "Outer",
                  "Parallel Aware": true,
                  "Join Type": "Inner",
                  "Startup Cost": 80820.46,
                  "Total Cost": 128691.5,
                  "Plan Rows": 286352,
                  "Plan Width": 0,
                  "Actual Startup Time": 408.096,
                  "Actual Total Time": 735.343,
                  "Actual Rows": 2175375,
                  "Actual Loops": 4,
                  "Inner Unique": false,
                  "Hash Cond": "(mk.movie_id = t.id)",
                  "Plans": [
                    {
                      "Node Type": "Seq Scan",
                      "Parent Relationship": "Outer",
                      "Parallel Aware": true,
                      "Relation Name": "movie_keyword",
                      "Alias": "mk",
                      "Startup Cost": 0.0,
                      "Total Cost": 42695.65,
                      "Plan Rows": 1133776,
                      "Plan Width": 4,
                      "Actual Startup Time": 0.066,
                      "Actual Total Time": 107.428,
                      "Actual Rows": 877918,
                      "Actual Loops": 4,
                      "Filter": "(keyword_id > 980)",
                      "Rows Removed by Filter": 253064
                    },
                    {
                      "Node Type": "Hash",
                      "Parent Relationship": "Inner",
                      "Parallel Aware": true,
                      "Startup Cost": 78245.5,
                      "Total Cost": 78245.5,
                      "Plan Rows": 205997,
                      "Plan Width": 8,
                      "Actual Startup Time": 405.384,
                      "Actual Total Time": 405.751,
                      "Actual Rows": 123694,
                      "Actual Loops": 4,
                      "Hash Buckets": 1048576,
                      "Original Hash Buckets": 1048576,
                      "Hash Batches": 1,
                      "Original Hash Batches": 1,
                      "Peak Memory Usage": 27616,
                      "Plans": [
                        {
                          "Node Type": "Hash Join",
                          "Parent Relationship": "Outer",
                          "Parallel Aware": true,
                          "Join Type": "Inner",
                          "Startup Cost": 47854.6,
                          "Total Cost": 78245.5,
                          "Plan Rows": 205997,
                          "Plan Width": 8,
                          "Actual Startup Time": 223.942,
                          "Actual Total Time": 369.414,
                          "Actual Rows": 123694,
                          "Actual Loops": 4,
                          "Inner Unique": true,
                          "Hash Cond": "(mc.movie_id = t.id)",
                          "Plans": [
                            {
                              "Node Type": "Seq Scan",
                              "Parent Relationship": "Outer",
                              "Parallel Aware": true,
                              "Relation Name": "movie_companies",
                              "Alias": "mc",
                              "Startup Cost": 0.0,
                              "Total Cost": 29310.68,
                              "Plan Rows": 411513,
                              "Plan Width": 4,
                              "Actual Startup Time": 0.011,
                              "Actual Total Time": 66.723,
                              "Actual Rows": 318562,
                              "Actual Loops": 4,
                              "Filter": "(company_type_id < 2)",
                              "Rows Removed by Filter": 333721
                            },
                            {
                              "Node Type": "Hash",
                              "Parent Relationship": "Inner",
                              "Parallel Aware": true,
                              "Startup Cost": 43899.32,
                              "Total Cost": 43899.32,
                              "Plan Rows": 316422,
                              "Plan Width": 4,
                              "Actual Startup Time": 220.286,
                              "Actual Total Time": 220.288,
                              "Actual Rows": 315074,
                              "Actual Loops": 4,
                              "Hash Buckets": 2097152,
                              "Original Hash Buckets": 2097152,
                              "Hash Batches": 1,
                              "Original Hash Batches": 1,
                              "Peak Memory Usage": 65760,
                              "Plans": [
                                {
                                  "Node Type": "Seq Scan",
                                  "Parent Relationship": "Outer",
                                  "Parallel Aware": true,
                                  "Relation Name": "title",
                                  "Alias": "t",
                                  "Startup Cost": 0.0,
                                  "Total Cost": 43899.32,
                                  "Plan Rows": 316422,
                                  "Plan Width": 4,
                                  "Actual Startup Time": 0.053,
                                  "Actual Total Time": 106.007,
                                  "Actual Rows": 315074,
                                  "Actual Loops": 4,
                                  "Filter": "(production_year > 2002)",
                                  "Rows Removed by Filter": 317004
                                }
                              ]
                            }
                          ]
                        }
                      ]
                    }
                  ]
                }
              ]
            }
          ]
        }
      ]
    },
    "Planning Time": 0.687,
    "Triggers": [],
    "Execution Time": 863.719
  }
]