{
  "Plan": {
    "Node Type": "Aggregate",
    "Strategy": "Plain",
    "Partial Mode": "Finalize",
    "Parallel Aware": false,
    "Startup Cost": 33080.64,
    "Total Cost": 33080.65,
    "Plan Rows": 1,
    "Plan Width": 8,
    "Actual Startup Time": 38.337,
    "Actual Total Time": 43.367,
    "Actual Rows": 1,
    "Actual Loops": 1,
    "Plans": [
      {
        "Node Type": "Gather",
        "Parent Relationship": "Outer",
        "Parallel Aware": false,
        "Startup Cost": 33080.52,
        "Total Cost": 33080.63,
        "Plan Rows": 1,
        "Plan Width": 8,
        "Actual Startup Time": 38.241,
        "Actual Total Time": 43.36,
        "Actual Rows": 2,
        "Actual Loops": 1,
        "Workers Planned": 1,
        "Workers Launched": 1,
        "Single Copy": false,
        "Plans": [
          {
            "Node Type": "Aggregate",
            "Strategy": "Plain",
            "Partial Mode": "Partial",
            "Parent Relationship": "Outer",
            "Parallel Aware": false,
            "Startup Cost": 32080.52,
            "Total Cost": 32080.53,
            "Plan Rows": 1,
            "Plan Width": 8,
            "Actual Startup Time": 32.066,
            "Actual Total Time": 32.068,
            "Actual Rows": 1,
            "Actual Loops": 2,
            "Plans": [
              {
                "Node Type": "Nested Loop",
                "Parent Relationship": "Outer",
                "Parallel Aware": false,
                "Join Type": "Inner",
                "Startup Cost": 167.63,
                "Total Cost": 32080.1,
                "Plan Rows": 168,
                "Plan Width": 0,
                "Actual Startup Time": 6.022,
                "Actual Total Time": 31.947,
                "Actual Rows": 988,
                "Actual Loops": 2,
                "Inner Unique": false,
                "Plans": [
                  {
                    "Node Type": "Nested Loop",
                    "Parent Relationship": "Outer",
                    "Parallel Aware": false,
                    "Join Type": "Inner",
                    "Startup Cost": 167.2,
                    "Total Cost": 31329.43,
                    "Plan Rows": 43,
                    "Plan Width": 8,
                    "Actual Startup Time": 5.892,
                    "Actual Total Time": 28.975,
                    "Actual Rows": 50,
                    "Actual Loops": 2,
                    "Inner Unique": true,
                    "Plans": [
                      {
                        "Node Type": "Bitmap Heap Scan",
                        "Parent Relationship": "Outer",
                        "Parallel Aware": true,
                        "Relation Name": "movie_companies",
                        "Alias": "mc",
                        "Startup Cost": 166.77,
                        "Total Cost": 14572.39,
                        "Plan Rows": 2216,
                        "Plan Width": 4,
                        "Actual Startup Time": 3.233,
                        "Actual Total Time": 11.009,
                        "Actual Rows": 1989,
                        "Actual Loops": 2,
                        "Recheck Cond": "(company_id = 302)",
                        "Rows Removed by Index Recheck": 0,
                        "Filter": "(company_type_id < 2)",
                        "Rows Removed by Filter": 1354,
                        "Exact Heap Blocks": 3187,
                        "Lossy Heap Blocks": 0,
                        "Plans": [
                          {
                            "Node Type": "Bitmap Index Scan",
                            "Parent Relationship": "Outer",
                            "Parallel Aware": false,
                            "Index Name": "company_id_movie_companies",
                            "Startup Cost": 0.0,
                            "Total Cost": 165.83,
                            "Plan Rows": 7653,
                            "Plan Width": 0,
                            "Actual Startup Time": 4.373,
                            "Actual Total Time": 4.374,
                            "Actual Rows": 6686,
                            "Actual Loops": 1,
                            "Index Cond": "(company_id = 302)"
                          }
                        ]
                      },
                      {
                        "Node Type": "Index Scan",
                        "Parent Relationship": "Inner",
                        "Parallel Aware": false,
                        "Scan Direction": "Forward",
                        "Index Name": "title_pkey",
                        "Relation Name": "title",
                        "Alias": "t",
                        "Startup Cost": 0.43,
                        "Total Cost": 7.56,
                        "Plan Rows": 1,
                        "Plan Width": 4,
                        "Actual Startup Time": 0.008,
                        "Actual Total Time": 0.008,
                        "Actual Rows": 0,
                        "Actual Loops": 3978,
                        "Index Cond": "(id = mc.movie_id)",
                        "Rows Removed by Index Recheck": 0,
                        "Filter": "((kind_id < 7) AND (production_year = 2007))",
                        "Rows Removed by Filter": 1
                      }
                    ]
                  },
                  {
                    "Node Type": "Index Scan",
                    "Parent Relationship": "Inner",
                    "Parallel Aware": false,
                    "Scan Direction": "Forward",
                    "Index Name": "movie_id_movie_info",
                    "Relation Name": "movie_info",
                    "Alias": "mi",
                    "Startup Cost": 0.43,
                    "Total Cost": 17.18,
                    "Plan Rows": 28,
                    "Plan Width": 4,
                    "Actual Startup Time": 0.019,
                    "Actual Total Time": 0.056,
                    "Actual Rows": 20,
                    "Actual Loops": 99,
                    "Index Cond": "(movie_id = t.id)",
                    "Rows Removed by Index Recheck": 0,
                    "Filter": "(info_type_id > 4)",
                    "Rows Removed by Filter": 5
                  }
                ]
              }
            ]
          }
        ]
      }
    ]
  },
  "Planning Time": 1.065,
  "Triggers": [],
  "Execution Time": 43.47
}