[
  {
    "Plan": {
      "Node Type": "Aggregate",
      "Strategy": "Plain",
      "Partial Mode": "Finalize",
      "Parallel Aware": false,
      "Startup Cost": 44462.85,
      "Total Cost": 44462.86,
      "Plan Rows": 1,
      "Plan Width": 8,
      "Actual Startup Time": 128.568,
      "Actual Total Time": 138.278,
      "Actual Rows": 1,
      "Actual Loops": 1,
      "Plans": [
        {
          "Node Type": "Gather",
          "Parent Relationship": "Outer",
          "Parallel Aware": false,
          "Startup Cost": 44462.53,
          "Total Cost": 44462.84,
          "Plan Rows": 3,
          "Plan Width": 8,
          "Actual Startup Time": 128.457,
          "Actual Total Time": 138.269,
          "Actual Rows": 4,
          "Actual Loops": 1,
          "Workers Planned": 3,
          "Workers Launched": 3,
          "Single Copy": false,
          "Plans": [
            {
              "Node Type": "Aggregate",
              "Strategy": "Plain",
              "Partial Mode": "Partial",
              "Parent Relationship": "Outer",
              "Parallel Aware": false,
              "Startup Cost": 43462.53,
              "Total Cost": 43462.54,
              "Plan Rows": 1,
              "Plan Width": 8,
              "Actual Startup Time": 121.025,
              "Actual Total Time": 121.026,
              "Actual Rows": 1,
              "Actual Loops": 4,
              "Plans": [
                {
                  "Node Type": "Seq Scan",
                  "Parent Relationship": "Outer",
                  "Parallel Aware": true,
                  "Relation Name": "movie_keyword",
                  "Alias": "mk",
                  "Startup Cost": 0.0,
                  "Total Cost": 42695.65,
                  "Plan Rows": 306751,
                  "Plan Width": 0,
                  "Actual Startup Time": 4.535,
                  "Actual Total Time": 108.83,
                  "Actual Rows": 237829,
                  "Actual Loops": 4,
                  "Filter": "(keyword_id > 19964)",
                  "Rows Removed by Filter": 893153
                }
              ]
            }
          ]
        }
      ]
    },
    "Planning Time": 0.194,
    "Triggers": [],
    "Execution Time": 138.336
  }
]