[
    {
        "Bao": {
            "Bao prediction": "NaN",
            "Bao recommended hint": "(no hint)"
        }
    },
    {
        "Plan": {
            "Node Type": "Aggregate",
            "Strategy": "Plain",
            "Partial Mode": "Finalize",
            "Parallel Aware": false,
            "Startup Cost": 39411.33,
            "Total Cost": 39411.34,
            "Plan Rows": 1,
            "Plan Width": 8,
            "Actual Startup Time": 123.726,
            "Actual Total Time": 132.689,
            "Actual Rows": 1,
            "Actual Loops": 1,
            "Output": [
                "count(*)"
            ],
            "Plans": [
                {
                    "Node Type": "Gather",
                    "Parent Relationship": "Outer",
                    "Parallel Aware": false,
                    "Startup Cost": 39411.01,
                    "Total Cost": 39411.32,
                    "Plan Rows": 3,
                    "Plan Width": 8,
                    "Actual Startup Time": 123.454,
                    "Actual Total Time": 132.682,
                    "Actual Rows": 4,
                    "Actual Loops": 1,
                    "Output": [
                        "(PARTIAL count(*))"
                    ],
                    "Workers Planned": 3,
                    "Workers Launched": 3,
                    "Single Copy": false,
                    "Plans": [
                        {
                            "Node Type": "Aggregate",
                            "Strategy": "Plain",
                            "Partial Mode": "Partial",
                            "Parent Relationship": "Outer",
                            "Parallel Aware": false,
                            "Startup Cost": 38411.01,
                            "Total Cost": 38411.02,
                            "Plan Rows": 1,
                            "Plan Width": 8,
                            "Actual Startup Time": 115.004,
                            "Actual Total Time": 115.006,
                            "Actual Rows": 1,
                            "Actual Loops": 4,
                            "Output": [
                                "PARTIAL count(*)"
                            ],
                            "Workers": [
                                {
                                    "Worker Number": 0,
                                    "Actual Startup Time": 112.071,
                                    "Actual Total Time": 112.072,
                                    "Actual Rows": 1,
                                    "Actual Loops": 1
                                },
                                {
                                    "Worker Number": 1,
                                    "Actual Startup Time": 112.149,
                                    "Actual Total Time": 112.151,
                                    "Actual Rows": 1,
                                    "Actual Loops": 1
                                },
                                {
                                    "Worker Number": 2,
                                    "Actual Startup Time": 112.574,
                                    "Actual Total Time": 112.576,
                                    "Actual Rows": 1,
                                    "Actual Loops": 1
                                }
                            ],
                            "Plans": [
                                {
                                    "Node Type": "Bitmap Heap Scan",
                                    "Parent Relationship": "Outer",
                                    "Parallel Aware": true,
                                    "Relation Name": "movie_keyword",
                                    "Schema": "public",
                                    "Alias": "mk",
                                    "Startup Cost": 11364.6,
                                    "Total Cost": 37978.94,
                                    "Plan Rows": 172827,
                                    "Plan Width": 0,
                                    "Actual Startup Time": 31.664,
                                    "Actual Total Time": 106.748,
                                    "Actual Rows": 131516,
                                    "Actual Loops": 4,
                                    "Recheck Cond": "(mk.keyword_id > 34549)",
                                    "Rows Removed by Index Recheck": 0,
                                    "Exact Heap Blocks": 11564,
                                    "Lossy Heap Blocks": 0,
                                    "Workers": [
                                        {
                                            "Worker Number": 0,
                                            "Actual Startup Time": 28.906,
                                            "Actual Total Time": 104.323,
                                            "Actual Rows": 89108,
                                            "Actual Loops": 1
                                        },
                                        {
                                            "Worker Number": 1,
                                            "Actual Startup Time": 28.815,
                                            "Actual Total Time": 104.374,
                                            "Actual Rows": 90523,
                                            "Actual Loops": 1
                                        },
                                        {
                                            "Worker Number": 2,
                                            "Actual Startup Time": 29.341,
                                            "Actual Total Time": 105.201,
                                            "Actual Rows": 84584,
                                            "Actual Loops": 1
                                        }
                                    ],
                                    "Plans": [
                                        {
                                            "Node Type": "Bitmap Index Scan",
                                            "Parent Relationship": "Outer",
                                            "Parallel Aware": false,
                                            "Index Name": "keyword_id_movie_keyword",
                                            "Startup Cost": 0.0,
                                            "Total Cost": 11230.66,
                                            "Plan Rows": 535764,
                                            "Plan Width": 0,
                                            "Actual Startup Time": 36.219,
                                            "Actual Total Time": 36.22,
                                            "Actual Rows": 526063,
                                            "Actual Loops": 1,
                                            "Index Cond": "(mk.keyword_id > 34549)"
                                        }
                                    ]
                                }
                            ]
                        }
                    ]
                }
            ]
        },
        "Planning Time": 198.313,
        "Triggers": [],
        "Execution Time": 132.741
    }
]