[
  {
    "Plan": {
      "Node Type": "Aggregate",
      "Strategy": "Plain",
      "Partial Mode": "Finalize",
      "Parallel Aware": false,
      "Startup Cost": 77423.45,
      "Total Cost": 77423.46,
      "Plan Rows": 1,
      "Plan Width": 8,
      "Actual Startup Time": 252.497,
      "Actual Total Time": 269.425,
      "Actual Rows": 1,
      "Actual Loops": 1,
      "Plans": [
        {
          "Node Type": "Gather",
          "Parent Relationship": "Outer",
          "Parallel Aware": false,
          "Startup Cost": 77423.14,
          "Total Cost": 77423.45,
          "Plan Rows": 3,
          "Plan Width": 8,
          "Actual Startup Time": 251.376,
          "Actual Total Time": 269.416,
          "Actual Rows": 4,
          "Actual Loops": 1,
          "Workers Planned": 3,
          "Workers Launched": 3,
          "Single Copy": false,
          "Plans": [
            {
              "Node Type": "Aggregate",
              "Strategy": "Plain",
              "Partial Mode": "Partial",
              "Parent Relationship": "Outer",
              "Parallel Aware": false,
              "Startup Cost": 76423.14,
              "Total Cost": 76423.15,
              "Plan Rows": 1,
              "Plan Width": 8,
              "Actual Startup Time": 242.452,
              "Actual Total Time": 242.522,
              "Actual Rows": 1,
              "Actual Loops": 4,
              "Plans": [
                {
                  "Node Type": "Hash Join",
                  "Parent Relationship": "Outer",
                  "Parallel Aware": true,
                  "Join Type": "Inner",
                  "Startup Cost": 45651.47,
                  "Total Cost": 76393.4,
                  "Plan Rows": 11896,
                  "Plan Width": 0,
                  "Actual Startup Time": 127.582,
                  "Actual Total Time": 239.269,
                  "Actual Rows": 82367,
                  "Actual Loops": 4,
                  "Inner Unique": true,
                  "Hash Cond": "(mc.movie_id = t.id)",
                  "Plans": [
                    {
                      "Node Type": "Seq Scan",
                      "Parent Relationship": "Outer",
                      "Parallel Aware": true,
                      "Relation Name": "movie_companies",
                      "Alias": "mc",
                      "Startup Cost": 0.0,
                      "Total Cost": 29310.68,
                      "Plan Rows": 545235,
                      "Plan Width": 4,
                      "Actual Startup Time": 1.096,
                      "Actual Total Time": 65.471,
                      "Actual Rows": 422026,
                      "Actual Loops": 4,
                      "Filter": "(company_id > 3139)",
                      "Rows Removed by Filter": 230257
                    },
                    {
                      "Node Type": "Hash",
                      "Parent Relationship": "Inner",
                      "Parallel Aware": true,
                      "Startup Cost": 45479.1,
                      "Total Cost": 45479.1,
                      "Plan Rows": 13790,
                      "Plan Width": 4,
                      "Actual Startup Time": 114.82,
                      "Actual Total Time": 114.821,
                      "Actual Rows": 45794,
                      "Actual Loops": 4,
                      "Hash Buckets": 262144,
                      "Original Hash Buckets": 65536,
                      "Hash Batches": 1,
                      "Original Hash Batches": 1,
                      "Peak Memory Usage": 10816,
                      "Plans": [
                        {
                          "Node Type": "Seq Scan",
                          "Parent Relationship": "Outer",
                          "Parallel Aware": true,
                          "Relation Name": "title",
                          "Alias": "t",
                          "Startup Cost": 0.0,
                          "Total Cost": 45479.1,
                          "Plan Rows": 13790,
                          "Plan Width": 4,
                          "Actual Startup Time": 60.149,
                          "Actual Total Time": 96.682,
                          "Actual Rows": 45794,
                          "Actual Loops": 4,
                          "Filter": "((production_year < 1958) AND (kind_id = 1))",
                          "Rows Removed by Filter": 586284
                        }
                      ]
                    }
                  ]
                }
              ]
            }
          ]
        }
      ]
    },
    "Planning Time": 0.651,
    "Triggers": [],
    "Execution Time": 269.492
  }
]