[
  {
    "Plan": {
      "Node Type": "Aggregate",
      "Strategy": "Plain",
      "Partial Mode": "Finalize",
      "Parallel Aware": false,
      "Startup Cost": 343921.0,
      "Total Cost": 343921.01,
      "Plan Rows": 1,
      "Plan Width": 8,
      "Actual Startup Time": 678.307,
      "Actual Total Time": 723.671,
      "Actual Rows": 1,
      "Actual Loops": 1,
      "Plans": [
        {
          "Node Type": "Gather",
          "Parent Relationship": "Outer",
          "Parallel Aware": false,
          "Startup Cost": 343920.37,
          "Total Cost": 343920.98,
          "Plan Rows": 6,
          "Plan Width": 8,
          "Actual Startup Time": 678.13,
          "Actual Total Time": 723.65,
          "Actual Rows": 7,
          "Actual Loops": 1,
          "Workers Planned": 6,
          "Workers Launched": 6,
          "Single Copy": false,
          "Plans": [
            {
              "Node Type": "Aggregate",
              "Strategy": "Plain",
              "Partial Mode": "Partial",
              "Parent Relationship": "Outer",
              "Parallel Aware": false,
              "Startup Cost": 342920.37,
              "Total Cost": 342920.38,
              "Plan Rows": 1,
              "Plan Width": 8,
              "Actual Startup Time": 667.798,
              "Actual Total Time": 667.8,
              "Actual Rows": 1,
              "Actual Loops": 7,
              "Plans": [
                {
                  "Node Type": "Index Scan",
                  "Parent Relationship": "Outer",
                  "Parallel Aware": true,
                  "Scan Direction": "Forward",
                  "Index Name": "role_id_cast_info",
                  "Relation Name": "cast_info",
                  "Alias": "ci",
                  "Startup Cost": 0.56,
                  "Total Cost": 341155.22,
                  "Plan Rows": 706061,
                  "Plan Width": 0,
                  "Actual Startup Time": 0.289,
                  "Actual Total Time": 590.408,
                  "Actual Rows": 1260476,
                  "Actual Loops": 7,
                  "Index Cond": "(role_id = 1)",
                  "Rows Removed by Index Recheck": 0,
                  "Filter": "(person_id < 1203283)",
                  "Rows Removed by Filter": 549622
                }
              ]
            }
          ]
        }
      ]
    },
    "Planning Time": 0.123,
    "Triggers": [],
    "Execution Time": 723.728
  }
]