[
  {
    "Plan": {
      "Node Type": "Aggregate",
      "Strategy": "Plain",
      "Partial Mode": "Finalize",
      "Parallel Aware": false,
      "Startup Cost": 46207.85,
      "Total Cost": 46207.86,
      "Plan Rows": 1,
      "Plan Width": 8,
      "Actual Startup Time": 166.664,
      "Actual Total Time": 176.113,
      "Actual Rows": 1,
      "Actual Loops": 1,
      "Plans": [
        {
          "Node Type": "Gather",
          "Parent Relationship": "Outer",
          "Parallel Aware": false,
          "Startup Cost": 46207.53,
          "Total Cost": 46207.84,
          "Plan Rows": 3,
          "Plan Width": 8,
          "Actual Startup Time": 166.526,
          "Actual Total Time": 176.103,
          "Actual Rows": 4,
          "Actual Loops": 1,
          "Workers Planned": 3,
          "Workers Launched": 3,
          "Single Copy": false,
          "Plans": [
            {
              "Node Type": "Aggregate",
              "Strategy": "Plain",
              "Partial Mode": "Partial",
              "Parent Relationship": "Outer",
              "Parallel Aware": false,
              "Startup Cost": 45207.53,
              "Total Cost": 45207.54,
              "Plan Rows": 1,
              "Plan Width": 8,
              "Actual Startup Time": 161.359,
              "Actual Total Time": 161.36,
              "Actual Rows": 1,
              "Actual Loops": 4,
              "Plans": [
                {
                  "Node Type": "Seq Scan",
                  "Parent Relationship": "Outer",
                  "Parallel Aware": true,
                  "Relation Name": "movie_keyword",
                  "Alias": "mk",
                  "Startup Cost": 0.0,
                  "Total Cost": 42695.65,
                  "Plan Rows": 1004751,
                  "Plan Width": 0,
                  "Actual Startup Time": 0.253,
                  "Actual Total Time": 125.63,
                  "Actual Rows": 775008,
                  "Actual Loops": 4,
                  "Filter": "(keyword_id > 1960)",
                  "Rows Removed by Filter": 355974
                }
              ]
            }
          ]
        }
      ]
    },
    "Planning Time": 0.219,
    "Triggers": [],
    "Execution Time": 176.169
  }
]