{
  "Plan": {
    "Node Type": "Aggregate",
    "Strategy": "Plain",
    "Partial Mode": "Finalize",
    "Parallel Aware": false,
    "Startup Cost": 606838.97,
    "Total Cost": 606838.98,
    "Plan Rows": 1,
    "Plan Width": 8,
    "Actual Startup Time": 2014.1,
    "Actual Total Time": 2049.14,
    "Actual Rows": 1,
    "Actual Loops": 1,
    "Plans": [
      {
        "Node Type": "Gather",
        "Parent Relationship": "Outer",
        "Parallel Aware": false,
        "Startup Cost": 606838.86,
        "Total Cost": 606838.97,
        "Plan Rows": 1,
        "Plan Width": 8,
        "Actual Startup Time": 2011.833,
        "Actual Total Time": 2049.13,
        "Actual Rows": 2,
        "Actual Loops": 1,
        "Workers Planned": 1,
        "Workers Launched": 1,
        "Single Copy": false,
        "Plans": [
          {
            "Node Type": "Aggregate",
            "Strategy": "Plain",
            "Partial Mode": "Partial",
            "Parent Relationship": "Outer",
            "Parallel Aware": false,
            "Startup Cost": 605838.86,
            "Total Cost": 605838.87,
            "Plan Rows": 1,
            "Plan Width": 8,
            "Actual Startup Time": 2005.502,
            "Actual Total Time": 2006.407,
            "Actual Rows": 1,
            "Actual Loops": 2,
            "Plans": [
              {
                "Node Type": "Hash Join",
                "Parent Relationship": "Outer",
                "Parallel Aware": true,
                "Join Type": "Inner",
                "Startup Cost": 270050.63,
                "Total Cost": 605069.57,
                "Plan Rows": 307714,
                "Plan Width": 0,
                "Actual Startup Time": 794.662,
                "Actual Total Time": 1962.2,
                "Actual Rows": 1052621,
                "Actual Loops": 2,
                "Inner Unique": false,
                "Hash Cond": "(ci.movie_id = t.id)",
                "Plans": [
                  {
                    "Node Type": "Bitmap Heap Scan",
                    "Parent Relationship": "Outer",
                    "Parallel Aware": true,
                    "Relation Name": "cast_info",
                    "Alias": "ci",
                    "Startup Cost": 186053.22,
                    "Total Cost": 500680.11,
                    "Plan Rows": 4955192,
                    "Plan Width": 4,
                    "Actual Startup Time": 364.882,
                    "Actual Total Time": 802.389,
                    "Actual Rows": 4279298,
                    "Actual Loops": 2,
                    "Recheck Cond": "(person_id < 841413)",
                    "Rows Removed by Index Recheck": 0,
                    "Exact Heap Blocks": 49707,
                    "Lossy Heap Blocks": 0,
                    "Plans": [
                      {
                        "Node Type": "Bitmap Index Scan",
                        "Parent Relationship": "Outer",
                        "Parallel Aware": false,
                        "Index Name": "person_id_cast_info",
                        "Startup Cost": 0.0,
                        "Total Cost": 183947.26,
                        "Plan Rows": 8423826,
                        "Plan Width": 0,
                        "Actual Startup Time": 349.302,
                        "Actual Total Time": 349.302,
                        "Actual Rows": 8558596,
                        "Actual Loops": 1,
                        "Index Cond": "(person_id < 841413)"
                      }
                    ]
                  },
                  {
                    "Node Type": "Hash",
                    "Parent Relationship": "Inner",
                    "Parallel Aware": true,
                    "Startup Cost": 82842.96,
                    "Total Cost": 82842.96,
                    "Plan Rows": 92356,
                    "Plan Width": 8,
                    "Actual Startup Time": 426.209,
                    "Actual Total Time": 427.113,
                    "Actual Rows": 152570,
                    "Actual Loops": 2,
                    "Hash Buckets": 524288,
                    "Original Hash Buckets": 262144,
                    "Hash Batches": 1,
                    "Original Hash Batches": 1,
                    "Peak Memory Usage": 18112,
                    "Plans": [
                      {
                        "Node Type": "Hash Join",
                        "Parent Relationship": "Outer",
                        "Parallel Aware": true,
                        "Join Type": "Inner",
                        "Startup Cost": 21425.18,
                        "Total Cost": 82842.96,
                        "Plan Rows": 92356,
                        "Plan Width": 8,
                        "Actual Startup Time": 123.536,
                        "Actual Total Time": 385.255,
                        "Actual Rows": 152570,
                        "Actual Loops": 2,
                        "Inner Unique": false,
                        "Hash Cond": "(t.id = mi_idx.movie_id)",
                        "Plans": [
                          {
                            "Node Type": "Seq Scan",
                            "Parent Relationship": "Outer",
                            "Parallel Aware": true,
                            "Relation Name": "title",
                            "Alias": "t",
                            "Startup Cost": 0.0,
                            "Total Cost": 58306.47,
                            "Plan Rows": 513609,
                            "Plan Width": 4,
                            "Actual Startup Time": 0.012,
                            "Actual Total Time": 139.755,
                            "Actual Rows": 448394,
                            "Actual Loops": 2,
                            "Filter": "((kind_id < 7) AND (production_year < 2012))",
                            "Rows Removed by Filter": 815762
                          },
                          {
                            "Node Type": "Hash",
                            "Parent Relationship": "Inner",
                            "Parallel Aware": true,
                            "Startup Cost": 18082.32,
                            "Total Cost": 18082.32,
                            "Plan Rows": 267429,
                            "Plan Width": 4,
                            "Actual Startup Time": 119.28,
                            "Actual Total Time": 119.281,
                            "Actual Rows": 229962,
                            "Actual Loops": 2,
                            "Hash Buckets": 524288,
                            "Original Hash Buckets": 524288,
                            "Hash Batches": 1,
                            "Original Hash Batches": 1,
                            "Peak Memory Usage": 22144,
                            "Plans": [
                              {
                                "Node Type": "Seq Scan",
                                "Parent Relationship": "Outer",
                                "Parallel Aware": true,
                                "Relation Name": "movie_info_idx",
                                "Alias": "mi_idx",
                                "Startup Cost": 0.0,
                                "Total Cost": 18082.32,
                                "Plan Rows": 267429,
                                "Plan Width": 4,
                                "Actual Startup Time": 0.062,
                                "Actual Total Time": 69.7,
                                "Actual Rows": 229962,
                                "Actual Loops": 2,
                                "Filter": "(info_type_id < 100)",
                                "Rows Removed by Filter": 460055
                              }
                            ]
                          }
                        ]
                      }
                    ]
                  }
                ]
              }
            ]
          }
        ]
      }
    ]
  },
  "Planning Time": 1.161,
  "Triggers": [],
  "Execution Time": 2049.253
}