{
  "Plan": {
    "Node Type": "Aggregate",
    "Strategy": "Plain",
    "Partial Mode": "Finalize",
    "Parallel Aware": false,
    "Startup Cost": 846904.92,
    "Total Cost": 846904.93,
    "Plan Rows": 1,
    "Plan Width": 8,
    "Actual Startup Time": 4932.73,
    "Actual Total Time": 5005.228,
    "Actual Rows": 1,
    "Actual Loops": 1,
    "Plans": [
      {
        "Node Type": "Gather",
        "Parent Relationship": "Outer",
        "Parallel Aware": false,
        "Startup Cost": 846904.8,
        "Total Cost": 846904.91,
        "Plan Rows": 1,
        "Plan Width": 8,
        "Actual Startup Time": 4918.363,
        "Actual Total Time": 5005.221,
        "Actual Rows": 2,
        "Actual Loops": 1,
        "Workers Planned": 1,
        "Workers Launched": 1,
        "Single Copy": false,
        "Plans": [
          {
            "Node Type": "Aggregate",
            "Strategy": "Plain",
            "Partial Mode": "Partial",
            "Parent Relationship": "Outer",
            "Parallel Aware": false,
            "Startup Cost": 845904.8,
            "Total Cost": 845904.81,
            "Plan Rows": 1,
            "Plan Width": 8,
            "Actual Startup Time": 4889.421,
            "Actual Total Time": 4889.427,
            "Actual Rows": 1,
            "Actual Loops": 2,
            "Plans": [
              {
                "Node Type": "Hash Join",
                "Parent Relationship": "Outer",
                "Parallel Aware": true,
                "Join Type": "Inner",
                "Startup Cost": 739341.1,
                "Total Cost": 834480.18,
                "Plan Rows": 4569848,
                "Plan Width": 0,
                "Actual Startup Time": 3935.432,
                "Actual Total Time": 4670.236,
                "Actual Rows": 5512936,
                "Actual Loops": 2,
                "Inner Unique": false,
                "Hash Cond": "(mk.movie_id = t.id)",
                "Plans": [
                  {
                    "Node Type": "Seq Scan",
                    "Parent Relationship": "Outer",
                    "Parallel Aware": true,
                    "Relation Name": "movie_keyword",
                    "Alias": "mk",
                    "Startup Cost": 0.0,
                    "Total Cost": 57718.19,
                    "Plan Rows": 1053944,
                    "Plan Width": 4,
                    "Actual Startup Time": 0.018,
                    "Actual Total Time": 173.323,
                    "Actual Rows": 904219,
                    "Actual Loops": 2,
                    "Filter": "(keyword_id < 2935)",
                    "Rows Removed by Filter": 1357746
                  },
                  {
                    "Node Type": "Hash",
                    "Parent Relationship": "Inner",
                    "Parallel Aware": true,
                    "Startup Cost": 658734.13,
                    "Total Cost": 658734.13,
                    "Plan Rows": 6448558,
                    "Plan Width": 8,
                    "Actual Startup Time": 3879.113,
                    "Actual Total Time": 3879.117,
                    "Actual Rows": 2330222,
                    "Actual Loops": 2,
                    "Hash Buckets": 16777216,
                    "Original Hash Buckets": 16777216,
                    "Hash Batches": 1,
                    "Original Hash Batches": 1,
                    "Peak Memory Usage": 313408,
                    "Plans": [
                      {
                        "Node Type": "Hash Join",
                        "Parent Relationship": "Outer",
                        "Parallel Aware": true,
                        "Join Type": "Inner",
                        "Startup Cost": 69460.7,
                        "Total Cost": 658734.13,
                        "Plan Rows": 6448558,
                        "Plan Width": 8,
                        "Actual Startup Time": 1015.712,
                        "Actual Total Time": 3075.597,
                        "Actual Rows": 2330222,
                        "Actual Loops": 2,
                        "Inner Unique": true,
                        "Hash Cond": "(ci.movie_id = t.id)",
                        "Plans": [
                          {
                            "Node Type": "Seq Scan",
                            "Parent Relationship": "Outer",
                            "Parallel Aware": true,
                            "Relation Name": "cast_info",
                            "Alias": "ci",
                            "Startup Cost": 0.0,
                            "Total Cost": 572345.93,
                            "Plan Rows": 6448558,
                            "Plan Width": 4,
                            "Actual Startup Time": 511.256,
                            "Actual Total Time": 1502.984,
                            "Actual Rows": 2330222,
                            "Actual Loops": 2,
                            "Filter": "((person_id < 1655545) AND (role_id > 1))",
                            "Rows Removed by Filter": 15791950
                          },
                          {
                            "Node Type": "Hash",
                            "Parent Relationship": "Inner",
                            "Parallel Aware": true,
                            "Startup Cost": 50870.31,
                            "Total Cost": 50870.31,
                            "Plan Rows": 1487231,
                            "Plan Width": 4,
                            "Actual Startup Time": 493.346,
                            "Actual Total Time": 493.347,
                            "Actual Rows": 1264156,
                            "Actual Loops": 2,
                            "Hash Buckets": 4194304,
                            "Original Hash Buckets": 4194304,
                            "Hash Batches": 1,
                            "Original Hash Batches": 1,
                            "Peak Memory Usage": 131712,
                            "Plans": [
                              {
                                "Node Type": "Seq Scan",
                                "Parent Relationship": "Outer",
                                "Parallel Aware": true,
                                "Relation Name": "title",
                                "Alias": "t",
                                "Startup Cost": 0.0,
                                "Total Cost": 50870.31,
                                "Plan Rows": 1487231,
                                "Plan Width": 4,
                                "Actual Startup Time": 0.039,
                                "Actual Total Time": 148.791,
                                "Actual Rows": 1264156,
                                "Actual Loops": 2
                              }
                            ]
                          }
                        ]
                      }
                    ]
                  }
                ]
              }
            ]
          }
        ]
      }
    ]
  },
  "Planning Time": 1.051,
  "Triggers": [],
  "Execution Time": 5005.316
}