[
  {
    "Plan": {
      "Node Type": "Aggregate",
      "Strategy": "Plain",
      "Partial Mode": "Finalize",
      "Parallel Aware": false,
      "Startup Cost": 73207.9,
      "Total Cost": 73207.91,
      "Plan Rows": 1,
      "Plan Width": 8,
      "Actual Startup Time": 269.68,
      "Actual Total Time": 286.376,
      "Actual Rows": 1,
      "Actual Loops": 1,
      "Plans": [
        {
          "Node Type": "Gather",
          "Parent Relationship": "Outer",
          "Parallel Aware": false,
          "Startup Cost": 73207.58,
          "Total Cost": 73207.89,
          "Plan Rows": 3,
          "Plan Width": 8,
          "Actual Startup Time": 266.007,
          "Actual Total Time": 286.367,
          "Actual Rows": 4,
          "Actual Loops": 1,
          "Workers Planned": 3,
          "Workers Launched": 3,
          "Single Copy": false,
          "Plans": [
            {
              "Node Type": "Aggregate",
              "Strategy": "Plain",
              "Partial Mode": "Partial",
              "Parent Relationship": "Outer",
              "Parallel Aware": false,
              "Startup Cost": 72207.58,
              "Total Cost": 72207.59,
              "Plan Rows": 1,
              "Plan Width": 8,
              "Actual Startup Time": 259.238,
              "Actual Total Time": 259.244,
              "Actual Rows": 1,
              "Actual Loops": 4,
              "Plans": [
                {
                  "Node Type": "Hash Join",
                  "Parent Relationship": "Outer",
                  "Parallel Aware": true,
                  "Join Type": "Inner",
                  "Startup Cost": 52121.91,
                  "Total Cost": 72169.22,
                  "Plan Rows": 15342,
                  "Plan Width": 0,
                  "Actual Startup Time": 238.171,
                  "Actual Total Time": 258.851,
                  "Actual Rows": 5561,
                  "Actual Loops": 4,
                  "Inner Unique": true,
                  "Hash Cond": "(mc.movie_id = t.id)",
                  "Plans": [
                    {
                      "Node Type": "Bitmap Heap Scan",
                      "Parent Relationship": "Outer",
                      "Parallel Aware": true,
                      "Relation Name": "movie_companies",
                      "Alias": "mc",
                      "Startup Cost": 5139.76,
                      "Total Cost": 25083.86,
                      "Plan Rows": 39321,
                      "Plan Width": 4,
                      "Actual Startup Time": 42.238,
                      "Actual Total Time": 53.262,
                      "Actual Rows": 13598,
                      "Actual Loops": 4,
                      "Recheck Cond": "(company_id < 93)",
                      "Rows Removed by Index Recheck": 0,
                      "Filter": "(company_type_id > 1)",
                      "Rows Removed by Filter": 44569,
                      "Exact Heap Blocks": 6383,
                      "Lossy Heap Blocks": 0,
                      "Plans": [
                        {
                          "Node Type": "Bitmap Index Scan",
                          "Parent Relationship": "Outer",
                          "Parallel Aware": false,
                          "Index Name": "company_id_movie_companies",
                          "Startup Cost": 0.0,
                          "Total Cost": 5109.28,
                          "Plan Rows": 238514,
                          "Plan Width": 0,
                          "Actual Startup Time": 13.88,
                          "Actual Total Time": 13.88,
                          "Actual Rows": 232665,
                          "Actual Loops": 1,
                          "Index Cond": "(company_id < 93)"
                        }
                      ]
                    },
                    {
                      "Node Type": "Hash",
                      "Parent Relationship": "Inner",
                      "Parallel Aware": true,
                      "Startup Cost": 43899.32,
                      "Total Cost": 43899.32,
                      "Plan Rows": 246626,
                      "Plan Width": 4,
                      "Actual Startup Time": 192.731,
                      "Actual Total Time": 192.732,
                      "Actual Rows": 246262,
                      "Actual Loops": 4,
                      "Hash Buckets": 1048576,
                      "Original Hash Buckets": 1048576,
                      "Hash Batches": 1,
                      "Original Hash Batches": 1,
                      "Peak Memory Usage": 46784,
                      "Plans": [
                        {
                          "Node Type": "Seq Scan",
                          "Parent Relationship": "Outer",
                          "Parallel Aware": true,
                          "Relation Name": "title",
                          "Alias": "t",
                          "Startup Cost": 0.0,
                          "Total Cost": 43899.32,
                          "Plan Rows": 246626,
                          "Plan Width": 4,
                          "Actual Startup Time": 0.038,
                          "Actual Total Time": 108.753,
                          "Actual Rows": 246262,
                          "Actual Loops": 4,
                          "Filter": "(kind_id < 7)",
                          "Rows Removed by Filter": 385816
                        }
                      ]
                    }
                  ]
                }
              ]
            }
          ]
        }
      ]
    },
    "Planning Time": 0.26,
    "Triggers": [],
    "Execution Time": 286.421
  }
]