[
  {
    "Plan": {
      "Node Type": "Aggregate",
      "Strategy": "Plain",
      "Partial Mode": "Finalize",
      "Parallel Aware": false,
      "Startup Cost": 33200.23,
      "Total Cost": 33200.24,
      "Plan Rows": 1,
      "Plan Width": 8,
      "Actual Startup Time": 102.007,
      "Actual Total Time": 110.221,
      "Actual Rows": 1,
      "Actual Loops": 1,
      "Plans": [
        {
          "Node Type": "Gather",
          "Parent Relationship": "Outer",
          "Parallel Aware": false,
          "Startup Cost": 33199.91,
          "Total Cost": 33200.22,
          "Plan Rows": 3,
          "Plan Width": 8,
          "Actual Startup Time": 101.852,
          "Actual Total Time": 110.208,
          "Actual Rows": 4,
          "Actual Loops": 1,
          "Workers Planned": 3,
          "Workers Launched": 3,
          "Single Copy": false,
          "Plans": [
            {
              "Node Type": "Aggregate",
              "Strategy": "Plain",
              "Partial Mode": "Partial",
              "Parent Relationship": "Outer",
              "Parallel Aware": false,
              "Startup Cost": 32199.91,
              "Total Cost": 32199.92,
              "Plan Rows": 1,
              "Plan Width": 8,
              "Actual Startup Time": 94.691,
              "Actual Total Time": 94.692,
              "Actual Rows": 1,
              "Actual Loops": 4,
              "Plans": [
                {
                  "Node Type": "Seq Scan",
                  "Parent Relationship": "Outer",
                  "Parallel Aware": true,
                  "Relation Name": "movie_companies",
                  "Alias": "mc",
                  "Startup Cost": 0.0,
                  "Total Cost": 31414.82,
                  "Plan Rows": 314037,
                  "Plan Width": 0,
                  "Actual Startup Time": 0.358,
                  "Actual Total Time": 83.114,
                  "Actual Rows": 208541,
                  "Actual Loops": 4,
                  "Filter": "((company_id > 735) AND (company_type_id < 2))",
                  "Rows Removed by Filter": 443741
                }
              ]
            }
          ]
        }
      ]
    },
    "Planning Time": 0.175,
    "Triggers": [],
    "Execution Time": 110.265
  }
]