{
  "Plan": {
    "Node Type": "Aggregate",
    "Strategy": "Plain",
    "Partial Mode": "Finalize",
    "Parallel Aware": false,
    "Startup Cost": 315064.3,
    "Total Cost": 315064.31,
    "Plan Rows": 1,
    "Plan Width": 8,
    "Actual Startup Time": 1848.892,
    "Actual Total Time": 1878.857,
    "Actual Rows": 1,
    "Actual Loops": 1,
    "Plans": [
      {
        "Node Type": "Gather",
        "Parent Relationship": "Outer",
        "Parallel Aware": false,
        "Startup Cost": 315064.19,
        "Total Cost": 315064.3,
        "Plan Rows": 1,
        "Plan Width": 8,
        "Actual Startup Time": 1841.643,
        "Actual Total Time": 1878.849,
        "Actual Rows": 2,
        "Actual Loops": 1,
        "Workers Planned": 1,
        "Workers Launched": 1,
        "Single Copy": false,
        "Plans": [
          {
            "Node Type": "Aggregate",
            "Strategy": "Plain",
            "Partial Mode": "Partial",
            "Parent Relationship": "Outer",
            "Parallel Aware": false,
            "Startup Cost": 314064.19,
            "Total Cost": 314064.2,
            "Plan Rows": 1,
            "Plan Width": 8,
            "Actual Startup Time": 1833.106,
            "Actual Total Time": 1833.113,
            "Actual Rows": 1,
            "Actual Loops": 2,
            "Plans": [
              {
                "Node Type": "Hash Join",
                "Parent Relationship": "Outer",
                "Parallel Aware": true,
                "Join Type": "Inner",
                "Startup Cost": 268661.9,
                "Total Cost": 312421.14,
                "Plan Rows": 657219,
                "Plan Width": 0,
                "Actual Startup Time": 945.872,
                "Actual Total Time": 1621.163,
                "Actual Rows": 5304673,
                "Actual Loops": 2,
                "Inner Unique": false,
                "Hash Cond": "(mc.movie_id = t.id)",
                "Plans": [
                  {
                    "Node Type": "Seq Scan",
                    "Parent Relationship": "Outer",
                    "Parallel Aware": true,
                    "Relation Name": "movie_companies",
                    "Alias": "mc",
                    "Startup Cost": 0.0,
                    "Total Cost": 34137.82,
                    "Plan Rows": 1534782,
                    "Plan Width": 4,
                    "Actual Startup Time": 0.015,
                    "Actual Total Time": 96.87,
                    "Actual Rows": 1304564,
                    "Actual Loops": 2
                  },
                  {
                    "Node Type": "Hash",
                    "Parent Relationship": "Inner",
                    "Parallel Aware": true,
                    "Startup Cost": 260701.19,
                    "Total Cost": 260701.19,
                    "Plan Rows": 636857,
                    "Plan Width": 8,
                    "Actual Startup Time": 931.259,
                    "Actual Total Time": 931.263,
                    "Actual Rows": 513108,
                    "Actual Loops": 2,
                    "Hash Buckets": 2097152,
                    "Original Hash Buckets": 2097152,
                    "Hash Batches": 1,
                    "Original Hash Batches": 1,
                    "Peak Memory Usage": 56576,
                    "Plans": [
                      {
                        "Node Type": "Hash Join",
                        "Parent Relationship": "Outer",
                        "Parallel Aware": true,
                        "Join Type": "Inner",
                        "Startup Cost": 89075.73,
                        "Total Cost": 260701.19,
                        "Plan Rows": 636857,
                        "Plan Width": 8,
                        "Actual Startup Time": 546.676,
                        "Actual Total Time": 805.312,
                        "Actual Rows": 513108,
                        "Actual Loops": 2,
                        "Inner Unique": true,
                        "Hash Cond": "(mi.movie_id = t.id)",
                        "Plans": [
                          {
                            "Node Type": "Bitmap Heap Scan",
                            "Parent Relationship": "Outer",
                            "Parallel Aware": true,
                            "Relation Name": "movie_info",
                            "Alias": "mi",
                            "Startup Cost": 19615.03,
                            "Total Cost": 189568.74,
                            "Plan Rows": 636857,
                            "Plan Width": 4,
                            "Actual Startup Time": 37.682,
                            "Actual Total Time": 126.846,
                            "Actual Rows": 513108,
                            "Actual Loops": 2,
                            "Recheck Cond": "(info_type_id > 84)",
                            "Rows Removed by Index Recheck": 0,
                            "Exact Heap Blocks": 18627,
                            "Lossy Heap Blocks": 0,
                            "Plans": [
                              {
                                "Node Type": "Bitmap Index Scan",
                                "Parent Relationship": "Outer",
                                "Parallel Aware": false,
                                "Index Name": "info_type_id_movie_info",
                                "Startup Cost": 0.0,
                                "Total Cost": 19344.36,
                                "Plan Rows": 1082657,
                                "Plan Width": 0,
                                "Actual Startup Time": 32.144,
                                "Actual Total Time": 32.144,
                                "Actual Rows": 1026216,
                                "Actual Loops": 1,
                                "Index Cond": "(info_type_id > 84)"
                              }
                            ]
                          },
                          {
                            "Node Type": "Hash",
                            "Parent Relationship": "Inner",
                            "Parallel Aware": true,
                            "Startup Cost": 50870.31,
                            "Total Cost": 50870.31,
                            "Plan Rows": 1487231,
                            "Plan Width": 4,
                            "Actual Startup Time": 495.44,
                            "Actual Total Time": 495.441,
                            "Actual Rows": 1264156,
                            "Actual Loops": 2,
                            "Hash Buckets": 4194304,
                            "Original Hash Buckets": 4194304,
                            "Hash Batches": 1,
                            "Original Hash Batches": 1,
                            "Peak Memory Usage": 131712,
                            "Plans": [
                              {
                                "Node Type": "Seq Scan",
                                "Parent Relationship": "Outer",
                                "Parallel Aware": true,
                                "Relation Name": "title",
                                "Alias": "t",
                                "Startup Cost": 0.0,
                                "Total Cost": 50870.31,
                                "Plan Rows": 1487231,
                                "Plan Width": 4,
                                "Actual Startup Time": 0.028,
                                "Actual Total Time": 151.141,
                                "Actual Rows": 1264156,
                                "Actual Loops": 2
                              }
                            ]
                          }
                        ]
                      }
                    ]
                  }
                ]
              }
            ]
          }
        ]
      }
    ]
  },
  "Planning Time": 0.922,
  "Triggers": [],
  "Execution Time": 1878.963
}