{
  "Plan": {
    "Node Type": "Aggregate",
    "Strategy": "Plain",
    "Partial Mode": "Finalize",
    "Parallel Aware": false,
    "Startup Cost": 40310.61,
    "Total Cost": 40310.62,
    "Plan Rows": 1,
    "Plan Width": 8,
    "Actual Startup Time": 337.021,
    "Actual Total Time": 385.412,
    "Actual Rows": 1,
    "Actual Loops": 1,
    "Plans": [
      {
        "Node Type": "Gather",
        "Parent Relationship": "Outer",
        "Parallel Aware": false,
        "Startup Cost": 40310.5,
        "Total Cost": 40310.61,
        "Plan Rows": 1,
        "Plan Width": 8,
        "Actual Startup Time": 336.82,
        "Actual Total Time": 385.402,
        "Actual Rows": 2,
        "Actual Loops": 1,
        "Workers Planned": 1,
        "Workers Launched": 1,
        "Single Copy": false,
        "Plans": [
          {
            "Node Type": "Aggregate",
            "Strategy": "Plain",
            "Partial Mode": "Partial",
            "Parent Relationship": "Outer",
            "Parallel Aware": false,
            "Startup Cost": 39310.5,
            "Total Cost": 39310.51,
            "Plan Rows": 1,
            "Plan Width": 8,
            "Actual Startup Time": 330.792,
            "Actual Total Time": 330.794,
            "Actual Rows": 1,
            "Actual Loops": 2,
            "Plans": [
              {
                "Node Type": "Nested Loop",
                "Parent Relationship": "Outer",
                "Parallel Aware": false,
                "Join Type": "Inner",
                "Startup Cost": 106.83,
                "Total Cost": 39208.81,
                "Plan Rows": 40678,
                "Plan Width": 0,
                "Actual Startup Time": 3.873,
                "Actual Total Time": 320.952,
                "Actual Rows": 168401,
                "Actual Loops": 2,
                "Inner Unique": false,
                "Plans": [
                  {
                    "Node Type": "Nested Loop",
                    "Parent Relationship": "Outer",
                    "Parallel Aware": false,
                    "Join Type": "Inner",
                    "Startup Cost": 106.26,
                    "Total Cost": 32996.8,
                    "Plan Rows": 2839,
                    "Plan Width": 8,
                    "Actual Startup Time": 3.726,
                    "Actual Total Time": 31.126,
                    "Actual Rows": 3006,
                    "Actual Loops": 2,
                    "Inner Unique": true,
                    "Plans": [
                      {
                        "Node Type": "Bitmap Heap Scan",
                        "Parent Relationship": "Outer",
                        "Parallel Aware": true,
                        "Relation Name": "movie_keyword",
                        "Alias": "mk",
                        "Startup Cost": 105.83,
                        "Total Cost": 12127.48,
                        "Plan Rows": 2839,
                        "Plan Width": 4,
                        "Actual Startup Time": 3.602,
                        "Actual Total Time": 11.637,
                        "Actual Rows": 3006,
                        "Actual Loops": 2,
                        "Recheck Cond": "(keyword_id = 1732)",
                        "Rows Removed by Index Recheck": 0,
                        "Exact Heap Blocks": 3346,
                        "Lossy Heap Blocks": 0,
                        "Plans": [
                          {
                            "Node Type": "Bitmap Index Scan",
                            "Parent Relationship": "Outer",
                            "Parallel Aware": false,
                            "Index Name": "keyword_id_movie_keyword",
                            "Startup Cost": 0.0,
                            "Total Cost": 104.63,
                            "Plan Rows": 4826,
                            "Plan Width": 0,
                            "Actual Startup Time": 4.423,
                            "Actual Total Time": 4.424,
                            "Actual Rows": 6011,
                            "Actual Loops": 1,
                            "Index Cond": "(keyword_id = 1732)"
                          }
                        ]
                      },
                      {
                        "Node Type": "Index Only Scan",
                        "Parent Relationship": "Inner",
                        "Parallel Aware": false,
                        "Scan Direction": "Forward",
                        "Index Name": "title_pkey",
                        "Relation Name": "title",
                        "Alias": "t",
                        "Startup Cost": 0.43,
                        "Total Cost": 7.35,
                        "Plan Rows": 1,
                        "Plan Width": 4,
                        "Actual Startup Time": 0.006,
                        "Actual Total Time": 0.006,
                        "Actual Rows": 1,
                        "Actual Loops": 6011,
                        "Index Cond": "(id = mk.movie_id)",
                        "Rows Removed by Index Recheck": 0,
                        "Heap Fetches": 6011
                      }
                    ]
                  },
                  {
                    "Node Type": "Index Only Scan",
                    "Parent Relationship": "Inner",
                    "Parallel Aware": false,
                    "Scan Direction": "Forward",
                    "Index Name": "movie_id_cast_info",
                    "Relation Name": "cast_info",
                    "Alias": "ci",
                    "Startup Cost": 0.56,
                    "Total Cost": 1.82,
                    "Plan Rows": 37,
                    "Plan Width": 4,
                    "Actual Startup Time": 0.01,
                    "Actual Total Time": 0.091,
                    "Actual Rows": 56,
                    "Actual Loops": 6011,
                    "Index Cond": "(movie_id = t.id)",
                    "Rows Removed by Index Recheck": 0,
                    "Heap Fetches": 336802
                  }
                ]
              }
            ]
          }
        ]
      }
    ]
  },
  "Planning Time": 0.971,
  "Triggers": [],
  "Execution Time": 385.531
}