[
  {
    "Plan": {
      "Node Type": "Aggregate",
      "Strategy": "Plain",
      "Partial Mode": "Finalize",
      "Parallel Aware": false,
      "Startup Cost": 30946.57,
      "Total Cost": 30946.58,
      "Plan Rows": 1,
      "Plan Width": 8,
      "Actual Startup Time": 90.335,
      "Actual Total Time": 96.423,
      "Actual Rows": 1,
      "Actual Loops": 1,
      "Plans": [
        {
          "Node Type": "Gather",
          "Parent Relationship": "Outer",
          "Parallel Aware": false,
          "Startup Cost": 30946.25,
          "Total Cost": 30946.56,
          "Plan Rows": 3,
          "Plan Width": 8,
          "Actual Startup Time": 90.225,
          "Actual Total Time": 96.413,
          "Actual Rows": 4,
          "Actual Loops": 1,
          "Workers Planned": 3,
          "Workers Launched": 3,
          "Single Copy": false,
          "Plans": [
            {
              "Node Type": "Aggregate",
              "Strategy": "Plain",
              "Partial Mode": "Partial",
              "Parent Relationship": "Outer",
              "Parallel Aware": false,
              "Startup Cost": 29946.25,
              "Total Cost": 29946.26,
              "Plan Rows": 1,
              "Plan Width": 8,
              "Actual Startup Time": 83.763,
              "Actual Total Time": 83.764,
              "Actual Rows": 1,
              "Actual Loops": 4,
              "Plans": [
                {
                  "Node Type": "Seq Scan",
                  "Parent Relationship": "Outer",
                  "Parallel Aware": true,
                  "Relation Name": "movie_companies",
                  "Alias": "mc",
                  "Startup Cost": 0.0,
                  "Total Cost": 29310.68,
                  "Plan Rows": 254229,
                  "Plan Width": 0,
                  "Actual Startup Time": 0.036,
                  "Actual Total Time": 71.302,
                  "Actual Rows": 193606,
                  "Actual Loops": 4,
                  "Filter": "(company_id < 1680)",
                  "Rows Removed by Filter": 458676
                }
              ]
            }
          ]
        }
      ]
    },
    "Planning Time": 0.195,
    "Triggers": [],
    "Execution Time": 96.479
  }
]