[
  {
    "Plan": {
      "Node Type": "Aggregate",
      "Strategy": "Plain",
      "Partial Mode": "Finalize",
      "Parallel Aware": false,
      "Startup Cost": 70032.51,
      "Total Cost": 70032.52,
      "Plan Rows": 1,
      "Plan Width": 8,
      "Actual Startup Time": 221.448,
      "Actual Total Time": 236.621,
      "Actual Rows": 1,
      "Actual Loops": 1,
      "Plans": [
        {
          "Node Type": "Gather",
          "Parent Relationship": "Outer",
          "Parallel Aware": false,
          "Startup Cost": 70032.09,
          "Total Cost": 70032.5,
          "Plan Rows": 4,
          "Plan Width": 8,
          "Actual Startup Time": 220.332,
          "Actual Total Time": 236.611,
          "Actual Rows": 5,
          "Actual Loops": 1,
          "Workers Planned": 4,
          "Workers Launched": 4,
          "Single Copy": false,
          "Plans": [
            {
              "Node Type": "Aggregate",
              "Strategy": "Plain",
              "Partial Mode": "Partial",
              "Parent Relationship": "Outer",
              "Parallel Aware": false,
              "Startup Cost": 69032.09,
              "Total Cost": 69032.1,
              "Plan Rows": 1,
              "Plan Width": 8,
              "Actual Startup Time": 210.061,
              "Actual Total Time": 210.066,
              "Actual Rows": 1,
              "Actual Loops": 5,
              "Plans": [
                {
                  "Node Type": "Hash Join",
                  "Parent Relationship": "Outer",
                  "Parallel Aware": true,
                  "Join Type": "Inner",
                  "Startup Cost": 23437.53,
                  "Total Cost": 68981.68,
                  "Plan Rows": 20164,
                  "Plan Width": 0,
                  "Actual Startup Time": 65.86,
                  "Actual Total Time": 208.703,
                  "Actual Rows": 25911,
                  "Actual Loops": 5,
                  "Inner Unique": false,
                  "Hash Cond": "(t.id = mc.movie_id)",
                  "Plans": [
                    {
                      "Node Type": "Seq Scan",
                      "Parent Relationship": "Outer",
                      "Parallel Aware": true,
                      "Relation Name": "title",
                      "Alias": "t",
                      "Startup Cost": 0.0,
                      "Total Cost": 42318.73,
                      "Plan Rows": 632073,
                      "Plan Width": 4,
                      "Actual Startup Time": 0.01,
                      "Actual Total Time": 65.68,
                      "Actual Rows": 505662,
                      "Actual Loops": 5
                    },
                    {
                      "Node Type": "Hash",
                      "Parent Relationship": "Inner",
                      "Parallel Aware": true,
                      "Startup Cost": 23112.29,
                      "Total Cost": 23112.29,
                      "Plan Rows": 26019,
                      "Plan Width": 4,
                      "Actual Startup Time": 64.288,
                      "Actual Total Time": 64.291,
                      "Actual Rows": 25911,
                      "Actual Loops": 5,
                      "Hash Buckets": 131072,
                      "Original Hash Buckets": 131072,
                      "Hash Batches": 1,
                      "Original Hash Batches": 1,
                      "Peak Memory Usage": 6176,
                      "Plans": [
                        {
                          "Node Type": "Bitmap Heap Scan",
                          "Parent Relationship": "Outer",
                          "Parallel Aware": true,
                          "Relation Name": "movie_companies",
                          "Alias": "mc",
                          "Startup Cost": 3529.47,
                          "Total Cost": 23112.29,
                          "Plan Rows": 26019,
                          "Plan Width": 4,
                          "Actual Startup Time": 17.208,
                          "Actual Total Time": 51.729,
                          "Actual Rows": 25911,
                          "Actual Loops": 5,
                          "Recheck Cond": "(company_id < 34)",
                          "Rows Removed by Index Recheck": 0,
                          "Filter": "(company_type_id = 1)",
                          "Rows Removed by Filter": 7631,
                          "Exact Heap Blocks": 7175,
                          "Lossy Heap Blocks": 0,
                          "Plans": [
                            {
                              "Node Type": "Bitmap Index Scan",
                              "Parent Relationship": "Outer",
                              "Parallel Aware": false,
                              "Index Name": "company_id_movie_companies",
                              "Startup Cost": 0.0,
                              "Total Cost": 3509.3,
                              "Plan Rows": 163850,
                              "Plan Width": 0,
                              "Actual Startup Time": 17.639,
                              "Actual Total Time": 17.64,
                              "Actual Rows": 167708,
                              "Actual Loops": 1,
                              "Index Cond": "(company_id < 34)"
                            }
                          ]
                        }
                      ]
                    }
                  ]
                }
              ]
            }
          ]
        }
      ]
    },
    "Planning Time": 0.658,
    "Triggers": [],
    "Execution Time": 236.722
  }
]