[
  {
    "Plan": {
      "Node Type": "Aggregate",
      "Strategy": "Plain",
      "Partial Mode": "Finalize",
      "Parallel Aware": false,
      "Startup Cost": 38990.65,
      "Total Cost": 38990.66,
      "Plan Rows": 1,
      "Plan Width": 8,
      "Actual Startup Time": 145.222,
      "Actual Total Time": 153.903,
      "Actual Rows": 1,
      "Actual Loops": 1,
      "Plans": [
        {
          "Node Type": "Gather",
          "Parent Relationship": "Outer",
          "Parallel Aware": false,
          "Startup Cost": 38990.33,
          "Total Cost": 38990.64,
          "Plan Rows": 3,
          "Plan Width": 8,
          "Actual Startup Time": 144.884,
          "Actual Total Time": 153.892,
          "Actual Rows": 4,
          "Actual Loops": 1,
          "Workers Planned": 3,
          "Workers Launched": 3,
          "Single Copy": false,
          "Plans": [
            {
              "Node Type": "Aggregate",
              "Strategy": "Plain",
              "Partial Mode": "Partial",
              "Parent Relationship": "Outer",
              "Parallel Aware": false,
              "Startup Cost": 37990.33,
              "Total Cost": 37990.34,
              "Plan Rows": 1,
              "Plan Width": 8,
              "Actual Startup Time": 140.849,
              "Actual Total Time": 140.851,
              "Actual Rows": 1,
              "Actual Loops": 4,
              "Plans": [
                {
                  "Node Type": "Bitmap Heap Scan",
                  "Parent Relationship": "Outer",
                  "Parallel Aware": true,
                  "Relation Name": "movie_keyword",
                  "Alias": "mk",
                  "Startup Cost": 11022.6,
                  "Total Cost": 37571.37,
                  "Plan Rows": 167582,
                  "Plan Width": 0,
                  "Actual Startup Time": 50.365,
                  "Actual Total Time": 132.526,
                  "Actual Rows": 129441,
                  "Actual Loops": 4,
                  "Recheck Cond": "(keyword_id > 34963)",
                  "Rows Removed by Index Recheck": 0,
                  "Exact Heap Blocks": 7507,
                  "Lossy Heap Blocks": 0,
                  "Plans": [
                    {
                      "Node Type": "Bitmap Index Scan",
                      "Parent Relationship": "Outer",
                      "Parallel Aware": false,
                      "Index Name": "keyword_id_movie_keyword",
                      "Startup Cost": 0.0,
                      "Total Cost": 10892.72,
                      "Plan Rows": 519505,
                      "Plan Width": 0,
                      "Actual Startup Time": 48.172,
                      "Actual Total Time": 48.173,
                      "Actual Rows": 517763,
                      "Actual Loops": 1,
                      "Index Cond": "(keyword_id > 34963)"
                    }
                  ]
                }
              ]
            }
          ]
        }
      ]
    },
    "Planning Time": 0.09,
    "Triggers": [],
    "Execution Time": 153.953
  }
]