[
  {
    "Plan": {
      "Node Type": "Aggregate",
      "Strategy": "Plain",
      "Partial Mode": "Finalize",
      "Parallel Aware": false,
      "Startup Cost": 59581.8,
      "Total Cost": 59581.81,
      "Plan Rows": 1,
      "Plan Width": 8,
      "Actual Startup Time": 110.662,
      "Actual Total Time": 124.691,
      "Actual Rows": 1,
      "Actual Loops": 1,
      "Plans": [
        {
          "Node Type": "Gather",
          "Parent Relationship": "Outer",
          "Parallel Aware": false,
          "Startup Cost": 59581.38,
          "Total Cost": 59581.79,
          "Plan Rows": 4,
          "Plan Width": 8,
          "Actual Startup Time": 110.521,
          "Actual Total Time": 124.683,
          "Actual Rows": 5,
          "Actual Loops": 1,
          "Workers Planned": 4,
          "Workers Launched": 4,
          "Single Copy": false,
          "Plans": [
            {
              "Node Type": "Aggregate",
              "Strategy": "Plain",
              "Partial Mode": "Partial",
              "Parent Relationship": "Outer",
              "Parallel Aware": false,
              "Startup Cost": 58581.38,
              "Total Cost": 58581.39,
              "Plan Rows": 1,
              "Plan Width": 8,
              "Actual Startup Time": 101.652,
              "Actual Total Time": 101.654,
              "Actual Rows": 1,
              "Actual Loops": 5,
              "Plans": [
                {
                  "Node Type": "Nested Loop",
                  "Parent Relationship": "Outer",
                  "Parallel Aware": false,
                  "Join Type": "Inner",
                  "Startup Cost": 0.43,
                  "Total Cost": 58574.69,
                  "Plan Rows": 2676,
                  "Plan Width": 0,
                  "Actual Startup Time": 3.4,
                  "Actual Total Time": 101.317,
                  "Actual Rows": 6033,
                  "Actual Loops": 5,
                  "Inner Unique": false,
                  "Plans": [
                    {
                      "Node Type": "Seq Scan",
                      "Parent Relationship": "Outer",
                      "Parallel Aware": true,
                      "Relation Name": "title",
                      "Alias": "t",
                      "Startup Cost": 0.0,
                      "Total Cost": 45479.1,
                      "Plan Rows": 1496,
                      "Plan Width": 4,
                      "Actual Startup Time": 1.55,
                      "Actual Total Time": 84.664,
                      "Actual Rows": 1240,
                      "Actual Loops": 5,
                      "Filter": "((kind_id < 7) AND (production_year = 1976))",
                      "Rows Removed by Filter": 504423
                    },
                    {
                      "Node Type": "Index Only Scan",
                      "Parent Relationship": "Inner",
                      "Parallel Aware": false,
                      "Scan Direction": "Forward",
                      "Index Name": "movie_id_movie_keyword",
                      "Relation Name": "movie_keyword",
                      "Alias": "mk",
                      "Startup Cost": 0.43,
                      "Total Cost": 8.3,
                      "Plan Rows": 45,
                      "Plan Width": 4,
                      "Actual Startup Time": 0.012,
                      "Actual Total Time": 0.013,
                      "Actual Rows": 5,
                      "Actual Loops": 6198,
                      "Index Cond": "(movie_id = t.id)",
                      "Rows Removed by Index Recheck": 0,
                      "Heap Fetches": 30164
                    }
                  ]
                }
              ]
            }
          ]
        }
      ]
    },
    "Planning Time": 0.559,
    "Triggers": [],
    "Execution Time": 124.758
  }
]