[
  {
    "Plan": {
      "Node Type": "Aggregate",
      "Strategy": "Plain",
      "Partial Mode": "Finalize",
      "Parallel Aware": false,
      "Startup Cost": 124282.92,
      "Total Cost": 124282.93,
      "Plan Rows": 1,
      "Plan Width": 8,
      "Actual Startup Time": 647.472,
      "Actual Total Time": 679.035,
      "Actual Rows": 1,
      "Actual Loops": 1,
      "Plans": [
        {
          "Node Type": "Gather",
          "Parent Relationship": "Outer",
          "Parallel Aware": false,
          "Startup Cost": 124282.6,
          "Total Cost": 124282.91,
          "Plan Rows": 3,
          "Plan Width": 8,
          "Actual Startup Time": 646.783,
          "Actual Total Time": 679.024,
          "Actual Rows": 4,
          "Actual Loops": 1,
          "Workers Planned": 3,
          "Workers Launched": 3,
          "Single Copy": false,
          "Plans": [
            {
              "Node Type": "Aggregate",
              "Strategy": "Plain",
              "Partial Mode": "Partial",
              "Parent Relationship": "Outer",
              "Parallel Aware": false,
              "Startup Cost": 123282.6,
              "Total Cost": 123282.61,
              "Plan Rows": 1,
              "Plan Width": 8,
              "Actual Startup Time": 637.583,
              "Actual Total Time": 637.587,
              "Actual Rows": 1,
              "Actual Loops": 4,
              "Plans": [
                {
                  "Node Type": "Nested Loop",
                  "Parent Relationship": "Outer",
                  "Parallel Aware": false,
                  "Join Type": "Inner",
                  "Startup Cost": 45598.02,
                  "Total Cost": 123268.09,
                  "Plan Rows": 5802,
                  "Plan Width": 0,
                  "Actual Startup Time": 132.243,
                  "Actual Total Time": 634.216,
                  "Actual Rows": 72971,
                  "Actual Loops": 4,
                  "Inner Unique": false,
                  "Join Filter": "(t.id = mi.movie_id)",
                  "Rows Removed by Join Filter": 0,
                  "Plans": [
                    {
                      "Node Type": "Hash Join",
                      "Parent Relationship": "Outer",
                      "Parallel Aware": true,
                      "Join Type": "Inner",
                      "Startup Cost": 45597.59,
                      "Total Cost": 91947.09,
                      "Plan Rows": 20875,
                      "Plan Width": 8,
                      "Actual Startup Time": 132.033,
                      "Actual Total Time": 269.299,
                      "Actual Rows": 21901,
                      "Actual Loops": 4,
                      "Inner Unique": true,
                      "Hash Cond": "(mk.movie_id = t.id)",
                      "Plans": [
                        {
                          "Node Type": "Seq Scan",
                          "Parent Relationship": "Outer",
                          "Parallel Aware": true,
                          "Relation Name": "movie_keyword",
                          "Alias": "mk",
                          "Startup Cost": 0.0,
                          "Total Cost": 42695.65,
                          "Plan Rows": 1391938,
                          "Plan Width": 4,
                          "Actual Startup Time": 0.023,
                          "Actual Total Time": 106.196,
                          "Actual Rows": 1080071,
                          "Actual Loops": 4,
                          "Filter": "(keyword_id < 67902)",
                          "Rows Removed by Filter": 50911
                        },
                        {
                          "Node Type": "Hash",
                          "Parent Relationship": "Inner",
                          "Parallel Aware": true,
                          "Startup Cost": 45479.1,
                          "Total Cost": 45479.1,
                          "Plan Rows": 9479,
                          "Plan Width": 4,
                          "Actual Startup Time": 96.983,
                          "Actual Total Time": 96.984,
                          "Actual Rows": 8298,
                          "Actual Loops": 4,
                          "Hash Buckets": 65536,
                          "Original Hash Buckets": 65536,
                          "Hash Batches": 1,
                          "Original Hash Batches": 1,
                          "Peak Memory Usage": 1888,
                          "Plans": [
                            {
                              "Node Type": "Seq Scan",
                              "Parent Relationship": "Outer",
                              "Parallel Aware": true,
                              "Relation Name": "title",
                              "Alias": "t",
                              "Startup Cost": 0.0,
                              "Total Cost": 45479.1,
                              "Plan Rows": 9479,
                              "Plan Width": 4,
                              "Actual Startup Time": 62.113,
                              "Actual Total Time": 93.983,
                              "Actual Rows": 8298,
                              "Actual Loops": 4,
                              "Filter": "((kind_id = 1) AND (production_year = 2010))",
                              "Rows Removed by Filter": 623780
                            }
                          ]
                        }
                      ]
                    },
                    {
                      "Node Type": "Index Scan",
                      "Parent Relationship": "Inner",
                      "Parallel Aware": false,
                      "Scan Direction": "Forward",
                      "Index Name": "movie_id_movie_info",
                      "Relation Name": "movie_info",
                      "Alias": "mi",
                      "Startup Cost": 0.43,
                      "Total Cost": 1.48,
                      "Plan Rows": 2,
                      "Plan Width": 4,
                      "Actual Startup Time": 0.005,
                      "Actual Total Time": 0.016,
                      "Actual Rows": 3,
                      "Actual Loops": 87605,
                      "Index Cond": "(movie_id = mk.movie_id)",
                      "Rows Removed by Index Recheck": 0,
                      "Filter": "(info_type_id = 18)",
                      "Rows Removed by Filter": 77
                    }
                  ]
                }
              ]
            }
          ]
        }
      ]
    },
    "Planning Time": 1.442,
    "Triggers": [],
    "Execution Time": 679.131
  }
]