{
  "Plan": {
    "Node Type": "Aggregate",
    "Strategy": "Plain",
    "Partial Mode": "Simple",
    "Parallel Aware": false,
    "Startup Cost": 787766.4,
    "Total Cost": 787766.41,
    "Plan Rows": 1,
    "Plan Width": 64,
    "Actual Startup Time": 4097.753,
    "Actual Total Time": 4184.297,
    "Actual Rows": 1,
    "Actual Loops": 1,
    "Plans": [
      {
        "Node Type": "Gather",
        "Parent Relationship": "Outer",
        "Parallel Aware": false,
        "Startup Cost": 201290.57,
        "Total Cost": 787766.4,
        "Plan Rows": 1,
        "Plan Width": 32,
        "Actual Startup Time": 2477.281,
        "Actual Total Time": 4184.223,
        "Actual Rows": 253,
        "Actual Loops": 1,
        "Workers Planned": 1,
        "Workers Launched": 1,
        "Single Copy": false,
        "Plans": [
          {
            "Node Type": "Nested Loop",
            "Parent Relationship": "Outer",
            "Parallel Aware": false,
            "Join Type": "Inner",
            "Startup Cost": 200290.57,
            "Total Cost": 786766.3,
            "Plan Rows": 1,
            "Plan Width": 32,
            "Actual Startup Time": 2469.978,
            "Actual Total Time": 4083.873,
            "Actual Rows": 126,
            "Actual Loops": 2,
            "Inner Unique": true,
            "Plans": [
              {
                "Node Type": "Nested Loop",
                "Parent Relationship": "Outer",
                "Parallel Aware": false,
                "Join Type": "Inner",
                "Startup Cost": 200290.14,
                "Total Cost": 786765.79,
                "Plan Rows": 1,
                "Plan Width": 36,
                "Actual Startup Time": 2469.909,
                "Actual Total Time": 4083.544,
                "Actual Rows": 126,
                "Actual Loops": 2,
                "Inner Unique": true,
                "Plans": [
                  {
                    "Node Type": "Nested Loop",
                    "Parent Relationship": "Outer",
                    "Parallel Aware": false,
                    "Join Type": "Inner",
                    "Startup Cost": 200289.72,
                    "Total Cost": 786765.34,
                    "Plan Rows": 1,
                    "Plan Width": 40,
                    "Actual Startup Time": 2468.874,
                    "Actual Total Time": 4082.991,
                    "Actual Rows": 214,
                    "Actual Loops": 2,
                    "Inner Unique": true,
                    "Plans": [
                      {
                        "Node Type": "Nested Loop",
                        "Parent Relationship": "Outer",
                        "Parallel Aware": false,
                        "Join Type": "Inner",
                        "Startup Cost": 200289.58,
                        "Total Cost": 786765.17,
                        "Plan Rows": 1,
                        "Plan Width": 44,
                        "Actual Startup Time": 2468.834,
                        "Actual Total Time": 4082.297,
                        "Actual Rows": 754,
                        "Actual Loops": 2,
                        "Inner Unique": true,
                        "Plans": [
                          {
                            "Node Type": "Nested Loop",
                            "Parent Relationship": "Outer",
                            "Parallel Aware": false,
                            "Join Type": "Inner",
                            "Startup Cost": 200289.44,
                            "Total Cost": 786764.99,
                            "Plan Rows": 1,
                            "Plan Width": 48,
                            "Actual Startup Time": 2468.812,
                            "Actual Total Time": 4081.563,
                            "Actual Rows": 754,
                            "Actual Loops": 2,
                            "Inner Unique": false,
                            "Join Filter": "(t.id = mi.movie_id)",
                            "Rows Removed by Join Filter": 0,
                            "Plans": [
                              {
                                "Node Type": "Nested Loop",
                                "Parent Relationship": "Outer",
                                "Parallel Aware": false,
                                "Join Type": "Inner",
                                "Startup Cost": 200289.0,
                                "Total Cost": 786758.59,
                                "Plan Rows": 4,
                                "Plan Width": 56,
                                "Actual Startup Time": 2467.873,
                                "Actual Total Time": 4071.07,
                                "Actual Rows": 798,
                                "Actual Loops": 2,
                                "Inner Unique": false,
                                "Join Filter": "(n.id = an.person_id)",
                                "Rows Removed by Join Filter": 0,
                                "Plans": [
                                  {
                                    "Node Type": "Hash Join",
                                    "Parent Relationship": "Outer",
                                    "Parallel Aware": true,
                                    "Join Type": "Inner",
                                    "Startup Cost": 200288.58,
                                    "Total Cost": 786749.54,
                                    "Plan Rows": 18,
                                    "Plan Width": 64,
                                    "Actual Startup Time": 2467.769,
                                    "Actual Total Time": 4070.521,
                                    "Actual Rows": 72,
                                    "Actual Loops": 2,
                                    "Inner Unique": true,
                                    "Hash Cond": "(ci.person_id = n.id)",
                                    "Plans": [
                                      {
                                        "Node Type": "Hash Join",
                                        "Parent Relationship": "Outer",
                                        "Parallel Aware": true,
                                        "Join Type": "Inner",
                                        "Startup Cost": 107905.23,
                                        "Total Cost": 692258.23,
                                        "Plan Rows": 803032,
                                        "Plan Width": 45,
                                        "Actual Startup Time": 1108.993,
                                        "Actual Total Time": 3653.026,
                                        "Actual Rows": 1412920,
                                        "Actual Loops": 2,
                                        "Inner Unique": false,
                                        "Hash Cond": "(ci.movie_id = t.id)",
                                        "Plans": [
                                          {
                                            "Node Type": "Seq Scan",
                                            "Parent Relationship": "Outer",
                                            "Parallel Aware": true,
                                            "Relation Name": "cast_info",
                                            "Alias": "ci",
                                            "Startup Cost": 0.0,
                                            "Total Cost": 572354.19,
                                            "Plan Rows": 1940025,
                                            "Plan Width": 16,
                                            "Actual Startup Time": 0.031,
                                            "Actual Total Time": 1906.401,
                                            "Actual Rows": 1639756,
                                            "Actual Loops": 2,
                                            "Filter": "(note = ANY ('{\"(executive producer)\",(producer),(voice),\"(archive footage)\"}'::text[]))",
                                            "Rows Removed by Filter": 16482416
                                          },
                                          {
                                            "Node Type": "Hash",
                                            "Parent Relationship": "Inner",
                                            "Parallel Aware": true,
                                            "Startup Cost": 100210.43,
                                            "Total Cost": 100210.43,
                                            "Plan Rows": 615584,
                                            "Plan Width": 29,
                                            "Actual Startup Time": 1105.383,
                                            "Actual Total Time": 1105.389,
                                            "Actual Rows": 414820,
                                            "Actual Loops": 2,
                                            "Hash Buckets": 1048576,
                                            "Original Hash Buckets": 1048576,
                                            "Hash Batches": 1,
                                            "Original Hash Batches": 1,
                                            "Peak Memory Usage": 62496,
                                            "Plans": [
                                              {
                                                "Node Type": "Hash Join",
                                                "Parent Relationship": "Outer",
                                                "Parallel Aware": true,
                                                "Join Type": "Inner",
                                                "Startup Cost": 62043.8,
                                                "Total Cost": 100210.43,
                                                "Plan Rows": 615584,
                                                "Plan Width": 29,
                                                "Actual Startup Time": 400.22,
                                                "Actual Total Time": 929.668,
                                                "Actual Rows": 414820,
                                                "Actual Loops": 2,
                                                "Inner Unique": true,
                                                "Hash Cond": "(mc.movie_id = t.id)",
                                                "Plans": [
                                                  {
                                                    "Node Type": "Seq Scan",
                                                    "Parent Relationship": "Outer",
                                                    "Parallel Aware": true,
                                                    "Relation Name": "movie_companies",
                                                    "Alias": "mc",
                                                    "Startup Cost": 0.0,
                                                    "Total Cost": 34137.82,
                                                    "Plan Rows": 1534782,
                                                    "Plan Width": 8,
                                                    "Actual Startup Time": 0.012,
                                                    "Actual Total Time": 127.838,
                                                    "Actual Rows": 1304564,
                                                    "Actual Loops": 2
                                                  },
                                                  {
                                                    "Node Type": "Hash",
                                                    "Parent Relationship": "Inner",
                                                    "Parallel Aware": true,
                                                    "Startup Cost": 54587.68,
                                                    "Total Cost": 54587.68,
                                                    "Plan Rows": 596489,
                                                    "Plan Width": 21,
                                                    "Actual Startup Time": 396.81,
                                                    "Actual Total Time": 396.812,
                                                    "Actual Rows": 506460,
                                                    "Actual Loops": 2,
                                                    "Hash Buckets": 1048576,
                                                    "Original Hash Buckets": 1048576,
                                                    "Hash Batches": 1,
                                                    "Original Hash Batches": 1,
                                                    "Peak Memory Usage": 65056,
                                                    "Plans": [
                                                      {
                                                        "Node Type": "Seq Scan",
                                                        "Parent Relationship": "Outer",
                                                        "Parallel Aware": true,
                                                        "Relation Name": "title",
                                                        "Alias": "t",
                                                        "Startup Cost": 0.0,
                                                        "Total Cost": 54587.68,
                                                        "Plan Rows": 596489,
                                                        "Plan Width": 21,
                                                        "Actual Startup Time": 0.02,
                                                        "Actual Total Time": 190.271,
                                                        "Actual Rows": 506460,
                                                        "Actual Loops": 2,
                                                        "Filter": "(production_year > 2005)",
                                                        "Rows Removed by Filter": 757696
                                                      }
                                                    ]
                                                  }
                                                ]
                                              }
                                            ]
                                          }
                                        ]
                                      },
                                      {
                                        "Node Type": "Hash",
                                        "Parent Relationship": "Inner",
                                        "Parallel Aware": true,
                                        "Startup Cost": 92382.65,
                                        "Total Cost": 92382.65,
                                        "Plan Rows": 56,
                                        "Plan Width": 19,
                                        "Actual Startup Time": 338.379,
                                        "Actual Total Time": 338.38,
                                        "Actual Rows": 18,
                                        "Actual Loops": 2,
                                        "Hash Buckets": 1024,
                                        "Original Hash Buckets": 1024,
                                        "Hash Batches": 1,
                                        "Original Hash Batches": 1,
                                        "Peak Memory Usage": 72,
                                        "Plans": [
                                          {
                                            "Node Type": "Seq Scan",
                                            "Parent Relationship": "Outer",
                                            "Parallel Aware": true,
                                            "Relation Name": "name",
                                            "Alias": "n",
                                            "Startup Cost": 0.0,
                                            "Total Cost": 92382.65,
                                            "Plan Rows": 56,
                                            "Plan Width": 19,
                                            "Actual Startup Time": 160.227,
                                            "Actual Total Time": 338.225,
                                            "Actual Rows": 18,
                                            "Actual Loops": 2,
                                            "Filter": "((name ~~ '%Madonna%'::text) AND ((gender)::text = 'f'::text))",
                                            "Rows Removed by Filter": 2083728
                                          }
                                        ]
                                      }
                                    ]
                                  },
                                  {
                                    "Node Type": "Index Only Scan",
                                    "Parent Relationship": "Inner",
                                    "Parallel Aware": false,
                                    "Scan Direction": "Forward",
                                    "Index Name": "person_id_aka_name",
                                    "Relation Name": "aka_name",
                                    "Alias": "an",
                                    "Startup Cost": 0.42,
                                    "Total Cost": 0.48,
                                    "Plan Rows": 2,
                                    "Plan Width": 4,
                                    "Actual Startup Time": 0.003,
                                    "Actual Total Time": 0.006,
                                    "Actual Rows": 11,
                                    "Actual Loops": 145,
                                    "Index Cond": "(person_id = ci.person_id)",
                                    "Rows Removed by Index Recheck": 0,
                                    "Heap Fetches": 1595
                                  }
                                ]
                              },
                              {
                                "Node Type": "Index Scan",
                                "Parent Relationship": "Inner",
                                "Parallel Aware": false,
                                "Scan Direction": "Forward",
                                "Index Name": "movie_id_movie_info",
                                "Relation Name": "movie_info",
                                "Alias": "mi",
                                "Startup Cost": 0.43,
                                "Total Cost": 1.57,
                                "Plan Rows": 2,
                                "Plan Width": 8,
                                "Actual Startup Time": 0.011,
                                "Actual Total Time": 0.013,
                                "Actual Rows": 1,
                                "Actual Loops": 1595,
                                "Index Cond": "(movie_id = ci.movie_id)",
                                "Rows Removed by Index Recheck": 0,
                                "Filter": "((info IS NOT NULL) AND ((info ~~ 'Japan:%200%'::text) OR (info ~~ 'USA:%200%'::text)))",
                                "Rows Removed by Filter": 52
                              }
                            ]
                          },
                          {
                            "Node Type": "Index Scan",
                            "Parent Relationship": "Inner",
                            "Parallel Aware": false,
                            "Scan Direction": "Forward",
                            "Index Name": "info_type_pkey",
                            "Relation Name": "info_type",
                            "Alias": "it",
                            "Startup Cost": 0.14,
                            "Total Cost": 0.16,
                            "Plan Rows": 1,
                            "Plan Width": 4,
                            "Actual Startup Time": 0.001,
                            "Actual Total Time": 0.001,
                            "Actual Rows": 1,
                            "Actual Loops": 1507,
                            "Index Cond": "(id = mi.info_type_id)",
                            "Rows Removed by Index Recheck": 0,
                            "Filter": "((info)::text = 'release dates'::text)",
                            "Rows Removed by Filter": 0
                          }
                        ]
                      },
                      {
                        "Node Type": "Index Scan",
                        "Parent Relationship": "Inner",
                        "Parallel Aware": false,
                        "Scan Direction": "Forward",
                        "Index Name": "role_type_pkey",
                        "Relation Name": "role_type",
                        "Alias": "rt",
                        "Startup Cost": 0.14,
                        "Total Cost": 0.16,
                        "Plan Rows": 1,
                        "Plan Width": 4,
                        "Actual Startup Time": 0.001,
                        "Actual Total Time": 0.001,
                        "Actual Rows": 0,
                        "Actual Loops": 1507,
                        "Index Cond": "(id = ci.role_id)",
                        "Rows Removed by Index Recheck": 0,
                        "Filter": "((role)::text = 'actress'::text)",
                        "Rows Removed by Filter": 1
                      }
                    ]
                  },
                  {
                    "Node Type": "Index Scan",
                    "Parent Relationship": "Inner",
                    "Parallel Aware": false,
                    "Scan Direction": "Forward",
                    "Index Name": "company_name_pkey",
                    "Relation Name": "company_name",
                    "Alias": "cn",
                    "Startup Cost": 0.42,
                    "Total Cost": 0.45,
                    "Plan Rows": 1,
                    "Plan Width": 4,
                    "Actual Startup Time": 0.002,
                    "Actual Total Time": 0.002,
                    "Actual Rows": 1,
                    "Actual Loops": 429,
                    "Index Cond": "(id = mc.company_id)",
                    "Rows Removed by Index Recheck": 0,
                    "Filter": "((country_code)::text = '[us]'::text)",
                    "Rows Removed by Filter": 0
                  }
                ]
              },
              {
                "Node Type": "Index Only Scan",
                "Parent Relationship": "Inner",
                "Parallel Aware": false,
                "Scan Direction": "Forward",
                "Index Name": "char_name_pkey",
                "Relation Name": "char_name",
                "Alias": "chn",
                "Startup Cost": 0.43,
                "Total Cost": 0.51,
                "Plan Rows": 1,
                "Plan Width": 4,
                "Actual Startup Time": 0.002,
                "Actual Total Time": 0.002,
                "Actual Rows": 1,
                "Actual Loops": 253,
                "Index Cond": "(id = ci.person_role_id)",
                "Rows Removed by Index Recheck": 0,
                "Heap Fetches": 253
              }
            ]
          }
        ]
      }
    ]
  },
  "Planning Time": 3.389,
  "Triggers": [],
  "Execution Time": 4184.585
}