{
    "Plan": {
        "Node Type": "Aggregate",
        "Strategy": "Plain",
        "Partial Mode": "Simple",
        "Parallel Aware": false,
        "Startup Cost": 40006891976.17,
        "Total Cost": 40006891976.18,
        "Plan Rows": 1,
        "Plan Width": 96,
        "Actual Startup Time": 3580.191,
        "Actual Total Time": 3580.203,
        "Actual Rows": 1,
        "Actual Loops": 1,
        "Output": [
            "min(cn.name)",
            "min((lt.link)::text)",
            "min(t.title)"
        ],
        "Plans": [
            {
                "Node Type": "Nested Loop",
                "Parent Relationship": "Outer",
                "Parallel Aware": false,
                "Join Type": "Inner",
                "Startup Cost": 40006891725.81,
                "Total Cost": 40006891976.16,
                "Plan Rows": 1,
                "Plan Width": 48,
                "Actual Startup Time": 3577.089,
                "Actual Total Time": 3580.172,
                "Actual Rows": 69,
                "Actual Loops": 1,
                "Output": [
                    "cn.name",
                    "lt.link",
                    "t.title"
                ],
                "Inner Unique": true,
                "Plans": [
                    {
                        "Node Type": "Hash Join",
                        "Parent Relationship": "Outer",
                        "Parallel Aware": false,
                        "Join Type": "Inner",
                        "Startup Cost": 30006891725.66,
                        "Total Cost": 30006891967.99,
                        "Plan Rows": 1,
                        "Plan Width": 40,
                        "Actual Startup Time": 3577.013,
                        "Actual Total Time": 3579.661,
                        "Actual Rows": 131,
                        "Actual Loops": 1,
                        "Output": [
                            "cn.name",
                            "ml.link_type_id",
                            "t.title"
                        ],
                        "Inner Unique": false,
                        "Hash Cond": "(mc.company_type_id = ct.id)",
                        "Plans": [
                            {
                                "Node Type": "Merge Join",
                                "Parent Relationship": "Outer",
                                "Parallel Aware": false,
                                "Join Type": "Inner",
                                "Startup Cost": 30006891724.6,
                                "Total Cost": 30006891966.91,
                                "Plan Rows": 2,
                                "Plan Width": 44,
                                "Actual Startup Time": 3576.962,
                                "Actual Total Time": 3579.576,
                                "Actual Rows": 131,
                                "Actual Loops": 1,
                                "Output": [
                                    "cn.name",
                                    "mc.company_type_id",
                                    "ml.link_type_id",
                                    "t.title"
                                ],
                                "Inner Unique": false,
                                "Merge Cond": "(mc.company_id = cn.id)",
                                "Plans": [
                                    {
                                        "Node Type": "Sort",
                                        "Parent Relationship": "Outer",
                                        "Parallel Aware": false,
                                        "Startup Cost": 20006880843.75,
                                        "Total Cost": 20006880843.77,
                                        "Plan Rows": 11,
                                        "Plan Width": 29,
                                        "Actual Startup Time": 3524.559,
                                        "Actual Total Time": 3524.636,
                                        "Actual Rows": 664,
                                        "Actual Loops": 1,
                                        "Output": [
                                            "mc.company_type_id",
                                            "mc.company_id",
                                            "ml.link_type_id",
                                            "t.title"
                                        ],
                                        "Sort Key": [
                                            "mc.company_id"
                                        ],
                                        "Sort Method": "quicksort",
                                        "Sort Space Used": 78,
                                        "Sort Space Type": "Memory",
                                        "Plans": [
                                            {
                                                "Node Type": "Merge Join",
                                                "Parent Relationship": "Outer",
                                                "Parallel Aware": false,
                                                "Join Type": "Inner",
                                                "Startup Cost": 20006880596.78,
                                                "Total Cost": 20006880843.56,
                                                "Plan Rows": 11,
                                                "Plan Width": 29,
                                                "Actual Startup Time": 3521.091,
                                                "Actual Total Time": 3524.453,
                                                "Actual Rows": 664,
                                                "Actual Loops": 1,
                                                "Output": [
                                                    "mc.company_type_id",
                                                    "mc.company_id",
                                                    "ml.link_type_id",
                                                    "t.title"
                                                ],
                                                "Inner Unique": false,
                                                "Merge Cond": "(ml.movie_id = mc.movie_id)",
                                                "Plans": [
                                                    {
                                                        "Node Type": "Sort",
                                                        "Parent Relationship": "Outer",
                                                        "Parallel Aware": false,
                                                        "Startup Cost": 20006707456.8,
                                                        "Total Cost": 20006707456.81,
                                                        "Plan Rows": 4,
                                                        "Plan Width": 33,
                                                        "Actual Startup Time": 3063.999,
                                                        "Actual Total Time": 3064.042,
                                                        "Actual Rows": 515,
                                                        "Actual Loops": 1,
                                                        "Output": [
                                                            "mk.movie_id",
                                                            "ml.link_type_id",
                                                            "ml.movie_id",
                                                            "t.title",
                                                            "t.id"
                                                        ],
                                                        "Sort Key": [
                                                            "mk.movie_id"
                                                        ],
                                                        "Sort Method": "quicksort",
                                                        "Sort Space Used": 68,
                                                        "Sort Space Type": "Memory",
                                                        "Plans": [
                                                            {
                                                                "Node Type": "Hash Join",
                                                                "Parent Relationship": "Outer",
                                                                "Parallel Aware": false,
                                                                "Join Type": "Inner",
                                                                "Startup Cost": 20006704818.83,
                                                                "Total Cost": 20006707456.76,
                                                                "Plan Rows": 4,
                                                                "Plan Width": 33,
                                                                "Actual Startup Time": 3055.971,
                                                                "Actual Total Time": 3063.907,
                                                                "Actual Rows": 515,
                                                                "Actual Loops": 1,
                                                                "Output": [
                                                                    "mk.movie_id",
                                                                    "ml.link_type_id",
                                                                    "ml.movie_id",
                                                                    "t.title",
                                                                    "t.id"
                                                                ],
                                                                "Inner Unique": false,
                                                                "Hash Cond": "(k.id = mk.keyword_id)",
                                                                "Plans": [
                                                                    {
                                                                        "Node Type": "Seq Scan",
                                                                        "Parent Relationship": "Outer",
                                                                        "Parallel Aware": false,
                                                                        "Relation Name": "keyword",
                                                                        "Schema": "public",
                                                                        "Alias": "k",
                                                                        "Startup Cost": 10000000000.0,
                                                                        "Total Cost": 10000002626.12,
                                                                        "Plan Rows": 1,
                                                                        "Plan Width": 4,
                                                                        "Actual Startup Time": 1.296,
                                                                        "Actual Total Time": 9.154,
                                                                        "Actual Rows": 1,
                                                                        "Actual Loops": 1,
                                                                        "Output": [
                                                                            "k.id",
                                                                            "k.keyword",
                                                                            "k.phonetic_code"
                                                                        ],
                                                                        "Filter": "(k.keyword = 'character-name-in-title'::text)",
                                                                        "Rows Removed by Filter": 134169
                                                                    },
                                                                    {
                                                                        "Node Type": "Hash",
                                                                        "Parent Relationship": "Inner",
                                                                        "Parallel Aware": false,
                                                                        "Startup Cost": 10006697911.24,
                                                                        "Total Cost": 10006697911.24,
                                                                        "Plan Rows": 552607,
                                                                        "Plan Width": 37,
                                                                        "Actual Startup Time": 3052.63,
                                                                        "Actual Total Time": 3052.636,
                                                                        "Actual Rows": 72052,
                                                                        "Actual Loops": 1,
                                                                        "Output": [
                                                                            "mk.movie_id",
                                                                            "mk.keyword_id",
                                                                            "ml.link_type_id",
                                                                            "ml.movie_id",
                                                                            "t.title",
                                                                            "t.id"
                                                                        ],
                                                                        "Hash Buckets": 1048576,
                                                                        "Original Hash Buckets": 1048576,
                                                                        "Hash Batches": 1,
                                                                        "Original Hash Batches": 1,
                                                                        "Peak Memory Usage": 13323,
                                                                        "Plans": [
                                                                            {
                                                                                "Node Type": "Nested Loop",
                                                                                "Parent Relationship": "Outer",
                                                                                "Parallel Aware": false,
                                                                                "Join Type": "Inner",
                                                                                "Startup Cost": 10000572498.84,
                                                                                "Total Cost": 10006697911.24,
                                                                                "Plan Rows": 552607,
                                                                                "Plan Width": 37,
                                                                                "Actual Startup Time": 1653.469,
                                                                                "Actual Total Time": 3023.669,
                                                                                "Actual Rows": 72052,
                                                                                "Actual Loops": 1,
                                                                                "Output": [
                                                                                    "mk.movie_id",
                                                                                    "mk.keyword_id",
                                                                                    "ml.link_type_id",
                                                                                    "ml.movie_id",
                                                                                    "t.title",
                                                                                    "t.id"
                                                                                ],
                                                                                "Inner Unique": true,
                                                                                "Join Filter": "(ml.movie_id = t.id)",
                                                                                "Rows Removed by Join Filter": 0,
                                                                                "Plans": [
                                                                                    {
                                                                                        "Node Type": "Merge Join",
                                                                                        "Parent Relationship": "Outer",
                                                                                        "Parallel Aware": false,
                                                                                        "Join Type": "Inner",
                                                                                        "Startup Cost": 572498.39,
                                                                                        "Total Cost": 593413.38,
                                                                                        "Plan Rows": 1363918,
                                                                                        "Plan Width": 16,
                                                                                        "Actual Startup Time": 1653.429,
                                                                                        "Actual Total Time": 1762.174,
                                                                                        "Actual Rows": 288192,
                                                                                        "Actual Loops": 1,
                                                                                        "Output": [
                                                                                            "mk.movie_id",
                                                                                            "mk.keyword_id",
                                                                                            "ml.link_type_id",
                                                                                            "ml.movie_id"
                                                                                        ],
                                                                                        "Inner Unique": false,
                                                                                        "Merge Cond": "(mk.movie_id = ml.movie_id)",
                                                                                        "Plans": [
                                                                                            {
                                                                                                "Node Type": "Sort",
                                                                                                "Parent Relationship": "Outer",
                                                                                                "Parallel Aware": false,
                                                                                                "Startup Cost": 569794.43,
                                                                                                "Total Cost": 581104.25,
                                                                                                "Plan Rows": 4523930,
                                                                                                "Plan Width": 8,
                                                                                                "Actual Startup Time": 1643.469,
                                                                                                "Actual Total Time": 1650.138,
                                                                                                "Actual Rows": 97855,
                                                                                                "Actual Loops": 1,
                                                                                                "Output": [
                                                                                                    "mk.movie_id",
                                                                                                    "mk.keyword_id"
                                                                                                ],
                                                                                                "Sort Key": [
                                                                                                    "mk.movie_id"
                                                                                                ],
                                                                                                "Sort Method": "quicksort",
                                                                                                "Sort Space Used": 408668,
                                                                                                "Sort Space Type": "Memory",
                                                                                                "Plans": [
                                                                                                    {
                                                                                                        "Node Type": "Seq Scan",
                                                                                                        "Parent Relationship": "Outer",
                                                                                                        "Parallel Aware": false,
                                                                                                        "Relation Name": "movie_keyword",
                                                                                                        "Schema": "public",
                                                                                                        "Alias": "mk",
                                                                                                        "Startup Cost": 0.0,
                                                                                                        "Total Cost": 69693.3,
                                                                                                        "Plan Rows": 4523930,
                                                                                                        "Plan Width": 8,
                                                                                                        "Actual Startup Time": 0.023,
                                                                                                        "Actual Total Time": 603.101,
                                                                                                        "Actual Rows": 4523930,
                                                                                                        "Actual Loops": 1,
                                                                                                        "Output": [
                                                                                                            "mk.movie_id",
                                                                                                            "mk.keyword_id"
                                                                                                        ]
                                                                                                    }
                                                                                                ]
                                                                                            },
                                                                                            {
                                                                                                "Node Type": "Sort",
                                                                                                "Parent Relationship": "Inner",
                                                                                                "Parallel Aware": false,
                                                                                                "Startup Cost": 2693.63,
                                                                                                "Total Cost": 2768.62,
                                                                                                "Plan Rows": 29997,
                                                                                                "Plan Width": 8,
                                                                                                "Actual Startup Time": 9.947,
                                                                                                "Actual Total Time": 51.371,
                                                                                                "Actual Rows": 301429,
                                                                                                "Actual Loops": 1,
                                                                                                "Output": [
                                                                                                    "ml.link_type_id",
                                                                                                    "ml.movie_id"
                                                                                                ],
                                                                                                "Sort Key": [
                                                                                                    "ml.movie_id"
                                                                                                ],
                                                                                                "Sort Method": "quicksort",
                                                                                                "Sort Space Used": 2175,
                                                                                                "Sort Space Type": "Memory",
                                                                                                "Plans": [
                                                                                                    {
                                                                                                        "Node Type": "Seq Scan",
                                                                                                        "Parent Relationship": "Outer",
                                                                                                        "Parallel Aware": false,
                                                                                                        "Relation Name": "movie_link",
                                                                                                        "Schema": "public",
                                                                                                        "Alias": "ml",
                                                                                                        "Startup Cost": 0.0,
                                                                                                        "Total Cost": 462.97,
                                                                                                        "Plan Rows": 29997,
                                                                                                        "Plan Width": 8,
                                                                                                        "Actual Startup Time": 0.027,
                                                                                                        "Actual Total Time": 4.134,
                                                                                                        "Actual Rows": 29997,
                                                                                                        "Actual Loops": 1,
                                                                                                        "Output": [
                                                                                                            "ml.link_type_id",
                                                                                                            "ml.movie_id"
                                                                                                        ]
                                                                                                    }
                                                                                                ]
                                                                                            }
                                                                                        ]
                                                                                    },
                                                                                    {
                                                                                        "Node Type": "Bitmap Heap Scan",
                                                                                        "Parent Relationship": "Inner",
                                                                                        "Parallel Aware": false,
                                                                                        "Relation Name": "title",
                                                                                        "Schema": "public",
                                                                                        "Alias": "t",
                                                                                        "Startup Cost": 0.45,
                                                                                        "Total Cost": 4.46,
                                                                                        "Plan Rows": 1,
                                                                                        "Plan Width": 21,
                                                                                        "Actual Startup Time": 0.003,
                                                                                        "Actual Total Time": 0.003,
                                                                                        "Actual Rows": 0,
                                                                                        "Actual Loops": 288192,
                                                                                        "Output": [
                                                                                            "t.id",
                                                                                            "t.title",
                                                                                            "t.imdb_index",
                                                                                            "t.kind_id",
                                                                                            "t.production_year",
                                                                                            "t.imdb_id",
                                                                                            "t.phonetic_code",
                                                                                            "t.episode_of_id",
                                                                                            "t.season_nr",
                                                                                            "t.episode_nr",
                                                                                            "t.series_years",
                                                                                            "t.md5sum"
                                                                                        ],
                                                                                        "Recheck Cond": "(t.id = mk.movie_id)",
                                                                                        "Rows Removed by Index Recheck": 0,
                                                                                        "Filter": "((t.production_year >= 2003) AND (t.production_year <= 2011))",
                                                                                        "Rows Removed by Filter": 1,
                                                                                        "Exact Heap Blocks": 288192,
                                                                                        "Lossy Heap Blocks": 0,
                                                                                        "Plans": [
                                                                                            {
                                                                                                "Node Type": "Bitmap Index Scan",
                                                                                                "Parent Relationship": "Outer",
                                                                                                "Parallel Aware": false,
                                                                                                "Index Name": "title_pkey",
                                                                                                "Startup Cost": 0.0,
                                                                                                "Total Cost": 0.45,
                                                                                                "Plan Rows": 1,
                                                                                                "Plan Width": 0,
                                                                                                "Actual Startup Time": 0.002,
                                                                                                "Actual Total Time": 0.002,
                                                                                                "Actual Rows": 1,
                                                                                                "Actual Loops": 288192,
                                                                                                "Index Cond": "(t.id = mk.movie_id)"
                                                                                            }
                                                                                        ]
                                                                                    }
                                                                                ]
                                                                            }
                                                                        ]
                                                                    }
                                                                ]
                                                            }
                                                        ]
                                                    },
                                                    {
                                                        "Node Type": "Sort",
                                                        "Parent Relationship": "Inner",
                                                        "Parallel Aware": false,
                                                        "Startup Cost": 173139.97,
                                                        "Total Cost": 176303.54,
                                                        "Plan Rows": 1265428,
                                                        "Plan Width": 12,
                                                        "Actual Startup Time": 456.96,
                                                        "Actual Total Time": 458.343,
                                                        "Actual Rows": 41762,
                                                        "Actual Loops": 1,
                                                        "Output": [
                                                            "mc.movie_id",
                                                            "mc.company_type_id",
                                                            "mc.company_id"
                                                        ],
                                                        "Sort Key": [
                                                            "mc.movie_id"
                                                        ],
                                                        "Sort Method": "quicksort",
                                                        "Sort Space Used": 108777,
                                                        "Sort Space Type": "Memory",
                                                        "Plans": [
                                                            {
                                                                "Node Type": "Seq Scan",
                                                                "Parent Relationship": "Outer",
                                                                "Parallel Aware": false,
                                                                "Relation Name": "movie_companies",
                                                                "Schema": "public",
                                                                "Alias": "mc",
                                                                "Startup Cost": 0.0,
                                                                "Total Cost": 44881.29,
                                                                "Plan Rows": 1265428,
                                                                "Plan Width": 12,
                                                                "Actual Startup Time": 0.017,
                                                                "Actual Total Time": 235.59,
                                                                "Actual Rows": 1271989,
                                                                "Actual Loops": 1,
                                                                "Output": [
                                                                    "mc.movie_id",
                                                                    "mc.company_type_id",
                                                                    "mc.company_id"
                                                                ],
                                                                "Filter": "(mc.note IS NULL)",
                                                                "Rows Removed by Filter": 1337140
                                                            }
                                                        ]
                                                    }
                                                ]
                                            }
                                        ]
                                    },
                                    {
                                        "Node Type": "Sort",
                                        "Parent Relationship": "Inner",
                                        "Parallel Aware": false,
                                        "Startup Cost": 10000010880.85,
                                        "Total Cost": 10000011002.07,
                                        "Plan Rows": 48485,
                                        "Plan Width": 23,
                                        "Actual Startup Time": 52.374,
                                        "Actual Total Time": 53.711,
                                        "Actual Rows": 13496,
                                        "Actual Loops": 1,
                                        "Output": [
                                            "cn.name",
                                            "cn.id"
                                        ],
                                        "Sort Key": [
                                            "cn.id"
                                        ],
                                        "Sort Method": "quicksort",
                                        "Sort Space Used": 4862,
                                        "Sort Space Type": "Memory",
                                        "Plans": [
                                            {
                                                "Node Type": "Seq Scan",
                                                "Parent Relationship": "Outer",
                                                "Parallel Aware": false,
                                                "Relation Name": "company_name",
                                                "Schema": "public",
                                                "Alias": "cn",
                                                "Startup Cost": 10000000000.0,
                                                "Total Cost": 10000007107.45,
                                                "Plan Rows": 48485,
                                                "Plan Width": 23,
                                                "Actual Startup Time": 0.027,
                                                "Actual Total Time": 41.48,
                                                "Actual Rows": 46016,
                                                "Actual Loops": 1,
                                                "Output": [
                                                    "cn.name",
                                                    "cn.id"
                                                ],
                                                "Filter": "(((cn.country_code)::text <> '[fr]'::text) AND ((cn.name ~~ '%Film%'::text) OR (cn.name ~~ '%Warner%'::text)))",
                                                "Rows Removed by Filter": 188981
                                            }
                                        ]
                                    }
                                ]
                            },
                            {
                                "Node Type": "Hash",
                                "Parent Relationship": "Inner",
                                "Parallel Aware": false,
                                "Startup Cost": 1.05,
                                "Total Cost": 1.05,
                                "Plan Rows": 1,
                                "Plan Width": 4,
                                "Actual Startup Time": 0.038,
                                "Actual Total Time": 0.039,
                                "Actual Rows": 1,
                                "Actual Loops": 1,
                                "Output": [
                                    "ct.id"
                                ],
                                "Hash Buckets": 1024,
                                "Original Hash Buckets": 1024,
                                "Hash Batches": 1,
                                "Original Hash Batches": 1,
                                "Peak Memory Usage": 9,
                                "Plans": [
                                    {
                                        "Node Type": "Seq Scan",
                                        "Parent Relationship": "Outer",
                                        "Parallel Aware": false,
                                        "Relation Name": "company_type",
                                        "Schema": "public",
                                        "Alias": "ct",
                                        "Startup Cost": 0.0,
                                        "Total Cost": 1.05,
                                        "Plan Rows": 1,
                                        "Plan Width": 4,
                                        "Actual Startup Time": 0.029,
                                        "Actual Total Time": 0.031,
                                        "Actual Rows": 1,
                                        "Actual Loops": 1,
                                        "Output": [
                                            "ct.id"
                                        ],
                                        "Filter": "((ct.kind)::text = 'production companies'::text)",
                                        "Rows Removed by Filter": 3
                                    }
                                ]
                            }
                        ]
                    },
                    {
                        "Node Type": "Bitmap Heap Scan",
                        "Parent Relationship": "Inner",
                        "Parallel Aware": false,
                        "Relation Name": "link_type",
                        "Schema": "public",
                        "Alias": "lt",
                        "Startup Cost": 0.15,
                        "Total Cost": 4.16,
                        "Plan Rows": 1,
                        "Plan Width": 16,
                        "Actual Startup Time": 0.002,
                        "Actual Total Time": 0.002,
                        "Actual Rows": 1,
                        "Actual Loops": 131,
                        "Output": [
                            "lt.id",
                            "lt.link"
                        ],
                        "Recheck Cond": "(lt.id = ml.link_type_id)",
                        "Rows Removed by Index Recheck": 0,
                        "Filter": "((lt.link)::text ~~ '%follow%'::text)",
                        "Rows Removed by Filter": 0,
                        "Exact Heap Blocks": 131,
                        "Lossy Heap Blocks": 0,
                        "Plans": [
                            {
                                "Node Type": "Bitmap Index Scan",
                                "Parent Relationship": "Outer",
                                "Parallel Aware": false,
                                "Index Name": "link_type_pkey",
                                "Startup Cost": 0.0,
                                "Total Cost": 0.15,
                                "Plan Rows": 1,
                                "Plan Width": 0,
                                "Actual Startup Time": 0.001,
                                "Actual Total Time": 0.001,
                                "Actual Rows": 1,
                                "Actual Loops": 131,
                                "Index Cond": "(lt.id = ml.link_type_id)"
                            }
                        ]
                    }
                ]
            }
        ]
    },
    "Planning Time": 5.317,
    "Triggers": [],
    "Execution Time": 3580.486
}