[
  {
    "Plan": {
      "Node Type": "Aggregate",
      "Strategy": "Plain",
      "Partial Mode": "Finalize",
      "Parallel Aware": false,
      "Startup Cost": 487677.1,
      "Total Cost": 487677.11,
      "Plan Rows": 1,
      "Plan Width": 8,
      "Actual Startup Time": 3995.608,
      "Actual Total Time": 4048.878,
      "Actual Rows": 1,
      "Actual Loops": 1,
      "Plans": [
        {
          "Node Type": "Gather",
          "Parent Relationship": "Outer",
          "Parallel Aware": false,
          "Startup Cost": 487676.48,
          "Total Cost": 487677.09,
          "Plan Rows": 6,
          "Plan Width": 8,
          "Actual Startup Time": 3961.679,
          "Actual Total Time": 4048.862,
          "Actual Rows": 7,
          "Actual Loops": 1,
          "Workers Planned": 6,
          "Workers Launched": 6,
          "Single Copy": false,
          "Plans": [
            {
              "Node Type": "Aggregate",
              "Strategy": "Plain",
              "Partial Mode": "Partial",
              "Parent Relationship": "Outer",
              "Parallel Aware": false,
              "Startup Cost": 486676.48,
              "Total Cost": 486676.49,
              "Plan Rows": 1,
              "Plan Width": 8,
              "Actual Startup Time": 3944.932,
              "Actual Total Time": 3945.794,
              "Actual Rows": 1,
              "Actual Loops": 7,
              "Plans": [
                {
                  "Node Type": "Hash Join",
                  "Parent Relationship": "Outer",
                  "Parallel Aware": true,
                  "Join Type": "Inner",
                  "Startup Cost": 110665.87,
                  "Total Cost": 476866.7,
                  "Plan Rows": 3923910,
                  "Plan Width": 0,
                  "Actual Startup Time": 901.711,
                  "Actual Total Time": 3326.662,
                  "Actual Rows": 13943612,
                  "Actual Loops": 7,
                  "Inner Unique": false,
                  "Hash Cond": "(ci.movie_id = t.id)",
                  "Plans": [
                    {
                      "Node Type": "Seq Scan",
                      "Parent Relationship": "Outer",
                      "Parallel Aware": true,
                      "Relation Name": "cast_info",
                      "Alias": "ci",
                      "Startup Cost": 0.0,
                      "Total Cost": 343316.27,
                      "Plan Rows": 2727144,
                      "Plan Width": 4,
                      "Actual Startup Time": 222.845,
                      "Actual Total Time": 721.258,
                      "Actual Rows": 2922016,
                      "Actual Loops": 7,
                      "Filter": "((person_id > 1094132) AND (role_id > 1))",
                      "Rows Removed by Filter": 2255748
                    },
                    {
                      "Node Type": "Hash",
                      "Parent Relationship": "Inner",
                      "Parallel Aware": true,
                      "Startup Cost": 95996.59,
                      "Total Cost": 95996.59,
                      "Plan Rows": 1173543,
                      "Plan Width": 8,
                      "Actual Startup Time": 672.341,
                      "Actual Total Time": 673.202,
                      "Actual Rows": 519360,
                      "Actual Loops": 7,
                      "Hash Buckets": 4194304,
                      "Original Hash Buckets": 4194304,
                      "Hash Batches": 1,
                      "Original Hash Batches": 1,
                      "Peak Memory Usage": 175104,
                      "Plans": [
                        {
                          "Node Type": "Hash Join",
                          "Parent Relationship": "Outer",
                          "Parallel Aware": true,
                          "Join Type": "Inner",
                          "Startup Cost": 50220.38,
                          "Total Cost": 95996.59,
                          "Plan Rows": 1173543,
                          "Plan Width": 8,
                          "Actual Startup Time": 275.769,
                          "Actual Total Time": 486.141,
                          "Actual Rows": 519360,
                          "Actual Loops": 7,
                          "Inner Unique": true,
                          "Hash Cond": "(mk.movie_id = t.id)",
                          "Plans": [
                            {
                              "Node Type": "Seq Scan",
                              "Parent Relationship": "Outer",
                              "Parallel Aware": true,
                              "Relation Name": "movie_keyword",
                              "Alias": "mk",
                              "Startup Cost": 0.0,
                              "Total Cost": 42695.65,
                              "Plan Rows": 1173543,
                              "Plan Width": 4,
                              "Actual Startup Time": 0.055,
                              "Actual Total Time": 90.138,
                              "Actual Rows": 519360,
                              "Actual Loops": 7,
                              "Filter": "(keyword_id > 840)",
                              "Rows Removed by Filter": 126916
                            },
                            {
                              "Node Type": "Hash",
                              "Parent Relationship": "Inner",
                              "Parallel Aware": true,
                              "Startup Cost": 42319.06,
                              "Total Cost": 42319.06,
                              "Plan Rows": 632106,
                              "Plan Width": 4,
                              "Actual Startup Time": 271.525,
                              "Actual Total Time": 271.529,
                              "Actual Rows": 361187,
                              "Actual Loops": 7,
                              "Hash Buckets": 4194304,
                              "Original Hash Buckets": 4194304,
                              "Hash Batches": 1,
                              "Original Hash Batches": 1,
                              "Peak Memory Usage": 131776,
                              "Plans": [
                                {
                                  "Node Type": "Seq Scan",
                                  "Parent Relationship": "Outer",
                                  "Parallel Aware": true,
                                  "Relation Name": "title",
                                  "Alias": "t",
                                  "Startup Cost": 0.0,
                                  "Total Cost": 42319.06,
                                  "Plan Rows": 632106,
                                  "Plan Width": 4,
                                  "Actual Startup Time": 0.08,
                                  "Actual Total Time": 78.87,
                                  "Actual Rows": 361187,
                                  "Actual Loops": 7
                                }
                              ]
                            }
                          ]
                        }
                      ]
                    }
                  ]
                }
              ]
            }
          ]
        }
      ]
    },
    "Planning Time": 1.097,
    "Triggers": [],
    "Execution Time": 4048.971
  }
]