[
  {
    "Plan": {
      "Node Type": "Aggregate",
      "Strategy": "Plain",
      "Partial Mode": "Finalize",
      "Parallel Aware": false,
      "Startup Cost": 337331.89,
      "Total Cost": 337331.9,
      "Plan Rows": 1,
      "Plan Width": 8,
      "Actual Startup Time": 678.742,
      "Actual Total Time": 720.67,
      "Actual Rows": 1,
      "Actual Loops": 1,
      "Plans": [
        {
          "Node Type": "Gather",
          "Parent Relationship": "Outer",
          "Parallel Aware": false,
          "Startup Cost": 337331.27,
          "Total Cost": 337331.88,
          "Plan Rows": 6,
          "Plan Width": 8,
          "Actual Startup Time": 678.662,
          "Actual Total Time": 720.662,
          "Actual Rows": 7,
          "Actual Loops": 1,
          "Workers Planned": 6,
          "Workers Launched": 6,
          "Single Copy": false,
          "Plans": [
            {
              "Node Type": "Aggregate",
              "Strategy": "Plain",
              "Partial Mode": "Partial",
              "Parent Relationship": "Outer",
              "Parallel Aware": false,
              "Startup Cost": 336331.27,
              "Total Cost": 336331.28,
              "Plan Rows": 1,
              "Plan Width": 8,
              "Actual Startup Time": 671.156,
              "Actual Total Time": 671.157,
              "Actual Rows": 1,
              "Actual Loops": 7,
              "Plans": [
                {
                  "Node Type": "Seq Scan",
                  "Parent Relationship": "Outer",
                  "Parallel Aware": true,
                  "Relation Name": "cast_info",
                  "Alias": "ci",
                  "Startup Cost": 0.0,
                  "Total Cost": 328213.62,
                  "Plan Rows": 3247061,
                  "Plan Width": 0,
                  "Actual Startup Time": 172.251,
                  "Actual Total Time": 550.912,
                  "Actual Rows": 2789972,
                  "Actual Loops": 7,
                  "Filter": "(person_id > 1654689)",
                  "Rows Removed by Filter": 2387792
                }
              ]
            }
          ]
        }
      ]
    },
    "Planning Time": 0.188,
    "Triggers": [],
    "Execution Time": 720.731
  }
]