[
  {
    "Plan": {
      "Node Type": "Aggregate",
      "Strategy": "Plain",
      "Partial Mode": "Finalize",
      "Parallel Aware": false,
      "Startup Cost": 307816.78,
      "Total Cost": 307816.79,
      "Plan Rows": 1,
      "Plan Width": 8,
      "Actual Startup Time": 1440.472,
      "Actual Total Time": 1504.848,
      "Actual Rows": 1,
      "Actual Loops": 1,
      "Plans": [
        {
          "Node Type": "Gather",
          "Parent Relationship": "Outer",
          "Parallel Aware": false,
          "Startup Cost": 307816.46,
          "Total Cost": 307816.77,
          "Plan Rows": 3,
          "Plan Width": 8,
          "Actual Startup Time": 1428.918,
          "Actual Total Time": 1504.837,
          "Actual Rows": 4,
          "Actual Loops": 1,
          "Workers Planned": 3,
          "Workers Launched": 3,
          "Single Copy": false,
          "Plans": [
            {
              "Node Type": "Aggregate",
              "Strategy": "Plain",
              "Partial Mode": "Partial",
              "Parent Relationship": "Outer",
              "Parallel Aware": false,
              "Startup Cost": 306816.46,
              "Total Cost": 306816.47,
              "Plan Rows": 1,
              "Plan Width": 8,
              "Actual Startup Time": 1415.503,
              "Actual Total Time": 1415.736,
              "Actual Rows": 1,
              "Actual Loops": 4,
              "Plans": [
                {
                  "Node Type": "Hash Join",
                  "Parent Relationship": "Outer",
                  "Parallel Aware": true,
                  "Join Type": "Inner",
                  "Startup Cost": 254995.36,
                  "Total Cost": 304693.47,
                  "Plan Rows": 849199,
                  "Plan Width": 0,
                  "Actual Startup Time": 1021.484,
                  "Actual Total Time": 1354.25,
                  "Actual Rows": 1239473,
                  "Actual Loops": 4,
                  "Inner Unique": false,
                  "Hash Cond": "(mk.movie_id = t.id)",
                  "Plans": [
                    {
                      "Node Type": "Seq Scan",
                      "Parent Relationship": "Outer",
                      "Parallel Aware": true,
                      "Relation Name": "movie_keyword",
                      "Alias": "mk",
                      "Startup Cost": 0.0,
                      "Total Cost": 42695.65,
                      "Plan Rows": 1414414,
                      "Plan Width": 4,
                      "Actual Startup Time": 0.042,
                      "Actual Total Time": 127.481,
                      "Actual Rows": 1096632,
                      "Actual Loops": 4,
                      "Filter": "(keyword_id < 75340)",
                      "Rows Removed by Filter": 34350
                    },
                    {
                      "Node Type": "Hash",
                      "Parent Relationship": "Inner",
                      "Parallel Aware": true,
                      "Startup Cost": 251200.26,
                      "Total Cost": 251200.26,
                      "Plan Rows": 303608,
                      "Plan Width": 8,
                      "Actual Startup Time": 1012.995,
                      "Actual Total Time": 1013.226,
                      "Actual Rows": 170892,
                      "Actual Loops": 4,
                      "Hash Buckets": 2097152,
                      "Original Hash Buckets": 2097152,
                      "Hash Batches": 1,
                      "Original Hash Batches": 1,
                      "Peak Memory Usage": 43200,
                      "Plans": [
                        {
                          "Node Type": "Hash Join",
                          "Parent Relationship": "Outer",
                          "Parallel Aware": true,
                          "Join Type": "Inner",
                          "Startup Cost": 50938.46,
                          "Total Cost": 251200.26,
                          "Plan Rows": 303608,
                          "Plan Width": 8,
                          "Actual Startup Time": 342.066,
                          "Actual Total Time": 935.747,
                          "Actual Rows": 170892,
                          "Actual Loops": 4,
                          "Inner Unique": true,
                          "Hash Cond": "(mi.movie_id = t.id)",
                          "Plans": [
                            {
                              "Node Type": "Seq Scan",
                              "Parent Relationship": "Outer",
                              "Parallel Aware": true,
                              "Relation Name": "movie_info",
                              "Alias": "mi",
                              "Startup Cost": 0.0,
                              "Total Cost": 199108.24,
                              "Plan Rows": 439450,
                              "Plan Width": 4,
                              "Actual Startup Time": 24.197,
                              "Actual Total Time": 454.088,
                              "Actual Rows": 558462,
                              "Actual Loops": 4,
                              "Filter": "(info_type_id > 16)",
                              "Rows Removed by Filter": 3150468
                            },
                            {
                              "Node Type": "Hash",
                              "Parent Relationship": "Inner",
                              "Parallel Aware": true,
                              "Startup Cost": 45479.59,
                              "Total Cost": 45479.59,
                              "Plan Rows": 436710,
                              "Plan Width": 4,
                              "Actual Startup Time": 313.791,
                              "Actual Total Time": 313.792,
                              "Actual Rows": 449976,
                              "Actual Loops": 4,
                              "Hash Buckets": 2097152,
                              "Original Hash Buckets": 2097152,
                              "Hash Batches": 1,
                              "Original Hash Batches": 1,
                              "Peak Memory Usage": 86848,
                              "Plans": [
                                {
                                  "Node Type": "Seq Scan",
                                  "Parent Relationship": "Outer",
                                  "Parallel Aware": true,
                                  "Relation Name": "title",
                                  "Alias": "t",
                                  "Startup Cost": 0.0,
                                  "Total Cost": 45479.59,
                                  "Plan Rows": 436710,
                                  "Plan Width": 4,
                                  "Actual Startup Time": 0.056,
                                  "Actual Total Time": 132.11,
                                  "Actual Rows": 449976,
                                  "Actual Loops": 4,
                                  "Filter": "((kind_id > 1) AND (production_year > 1922))",
                                  "Rows Removed by Filter": 182102
                                }
                              ]
                            }
                          ]
                        }
                      ]
                    }
                  ]
                }
              ]
            }
          ]
        }
      ]
    },
    "Planning Time": 1.44,
    "Triggers": [],
    "Execution Time": 1504.943
  }
]