[
  {
    "Plan": {
      "Node Type": "Aggregate",
      "Strategy": "Plain",
      "Partial Mode": "Finalize",
      "Parallel Aware": false,
      "Startup Cost": 352038.52,
      "Total Cost": 352038.53,
      "Plan Rows": 1,
      "Plan Width": 8,
      "Actual Startup Time": 760.102,
      "Actual Total Time": 820.989,
      "Actual Rows": 1,
      "Actual Loops": 1,
      "Plans": [
        {
          "Node Type": "Gather",
          "Parent Relationship": "Outer",
          "Parallel Aware": false,
          "Startup Cost": 352037.9,
          "Total Cost": 352038.51,
          "Plan Rows": 6,
          "Plan Width": 8,
          "Actual Startup Time": 759.945,
          "Actual Total Time": 820.976,
          "Actual Rows": 7,
          "Actual Loops": 1,
          "Workers Planned": 6,
          "Workers Launched": 6,
          "Single Copy": false,
          "Plans": [
            {
              "Node Type": "Aggregate",
              "Strategy": "Plain",
              "Partial Mode": "Partial",
              "Parent Relationship": "Outer",
              "Parallel Aware": false,
              "Startup Cost": 351037.9,
              "Total Cost": 351037.91,
              "Plan Rows": 1,
              "Plan Width": 8,
              "Actual Startup Time": 750.871,
              "Actual Total Time": 750.872,
              "Actual Rows": 1,
              "Actual Loops": 7,
              "Plans": [
                {
                  "Node Type": "Seq Scan",
                  "Parent Relationship": "Outer",
                  "Parallel Aware": true,
                  "Relation Name": "cast_info",
                  "Alias": "ci",
                  "Startup Cost": 0.0,
                  "Total Cost": 343257.03,
                  "Plan Rows": 3112348,
                  "Plan Width": 0,
                  "Actual Startup Time": 171.03,
                  "Actual Total Time": 648.44,
                  "Actual Rows": 2464091,
                  "Actual Loops": 7,
                  "Filter": "((person_id > 1383163) AND (role_id < 9))",
                  "Rows Removed by Filter": 2713672
                }
              ]
            }
          ]
        }
      ]
    },
    "Planning Time": 0.218,
    "Triggers": [],
    "Execution Time": 821.084
  }
]