{
  "Plan": {
    "Node Type": "Aggregate",
    "Strategy": "Plain",
    "Partial Mode": "Finalize",
    "Parallel Aware": false,
    "Startup Cost": 114762.12,
    "Total Cost": 114762.13,
    "Plan Rows": 1,
    "Plan Width": 8,
    "Actual Startup Time": 750.336,
    "Actual Total Time": 768.531,
    "Actual Rows": 1,
    "Actual Loops": 1,
    "Plans": [
      {
        "Node Type": "Gather",
        "Parent Relationship": "Outer",
        "Parallel Aware": false,
        "Startup Cost": 114762.0,
        "Total Cost": 114762.11,
        "Plan Rows": 1,
        "Plan Width": 8,
        "Actual Startup Time": 744.88,
        "Actual Total Time": 768.523,
        "Actual Rows": 2,
        "Actual Loops": 1,
        "Workers Planned": 1,
        "Workers Launched": 1,
        "Single Copy": false,
        "Plans": [
          {
            "Node Type": "Aggregate",
            "Strategy": "Plain",
            "Partial Mode": "Partial",
            "Parent Relationship": "Outer",
            "Parallel Aware": false,
            "Startup Cost": 113762.0,
            "Total Cost": 113762.01,
            "Plan Rows": 1,
            "Plan Width": 8,
            "Actual Startup Time": 733.437,
            "Actual Total Time": 733.441,
            "Actual Rows": 1,
            "Actual Loops": 2,
            "Plans": [
              {
                "Node Type": "Hash Join",
                "Parent Relationship": "Outer",
                "Parallel Aware": true,
                "Join Type": "Inner",
                "Startup Cost": 82791.98,
                "Total Cost": 112837.74,
                "Plan Rows": 369704,
                "Plan Width": 0,
                "Actual Startup Time": 554.207,
                "Actual Total Time": 719.506,
                "Actual Rows": 319819,
                "Actual Loops": 2,
                "Inner Unique": true,
                "Hash Cond": "(mk.movie_id = t.id)",
                "Plans": [
                  {
                    "Node Type": "Bitmap Heap Scan",
                    "Parent Relationship": "Outer",
                    "Parallel Aware": true,
                    "Relation Name": "movie_keyword",
                    "Alias": "mk",
                    "Startup Cost": 13331.28,
                    "Total Cost": 42406.57,
                    "Plan Rows": 369704,
                    "Plan Width": 4,
                    "Actual Startup Time": 33.057,
                    "Actual Total Time": 102.727,
                    "Actual Rows": 319819,
                    "Actual Loops": 2,
                    "Recheck Cond": "(keyword_id < 496)",
                    "Rows Removed by Index Recheck": 0,
                    "Exact Heap Blocks": 13367,
                    "Lossy Heap Blocks": 0,
                    "Plans": [
                      {
                        "Node Type": "Bitmap Index Scan",
                        "Parent Relationship": "Outer",
                        "Parallel Aware": false,
                        "Index Name": "keyword_id_movie_keyword",
                        "Startup Cost": 0.0,
                        "Total Cost": 13174.15,
                        "Plan Rows": 628496,
                        "Plan Width": 0,
                        "Actual Startup Time": 29.522,
                        "Actual Total Time": 29.523,
                        "Actual Rows": 639638,
                        "Actual Loops": 1,
                        "Index Cond": "(keyword_id < 496)"
                      }
                    ]
                  },
                  {
                    "Node Type": "Hash",
                    "Parent Relationship": "Inner",
                    "Parallel Aware": true,
                    "Startup Cost": 50870.31,
                    "Total Cost": 50870.31,
                    "Plan Rows": 1487231,
                    "Plan Width": 4,
                    "Actual Startup Time": 499.443,
                    "Actual Total Time": 499.444,
                    "Actual Rows": 1264156,
                    "Actual Loops": 2,
                    "Hash Buckets": 4194304,
                    "Original Hash Buckets": 4194304,
                    "Hash Batches": 1,
                    "Original Hash Batches": 1,
                    "Peak Memory Usage": 131712,
                    "Plans": [
                      {
                        "Node Type": "Seq Scan",
                        "Parent Relationship": "Outer",
                        "Parallel Aware": true,
                        "Relation Name": "title",
                        "Alias": "t",
                        "Startup Cost": 0.0,
                        "Total Cost": 50870.31,
                        "Plan Rows": 1487231,
                        "Plan Width": 4,
                        "Actual Startup Time": 0.023,
                        "Actual Total Time": 146.016,
                        "Actual Rows": 1264156,
                        "Actual Loops": 2
                      }
                    ]
                  }
                ]
              }
            ]
          }
        ]
      }
    ]
  },
  "Planning Time": 0.648,
  "Triggers": [],
  "Execution Time": 768.643
}