[
  {
    "Plan": {
      "Node Type": "Aggregate",
      "Strategy": "Plain",
      "Partial Mode": "Finalize",
      "Parallel Aware": false,
      "Startup Cost": 350220.84,
      "Total Cost": 350220.85,
      "Plan Rows": 1,
      "Plan Width": 8,
      "Actual Startup Time": 819.935,
      "Actual Total Time": 867.003,
      "Actual Rows": 1,
      "Actual Loops": 1,
      "Plans": [
        {
          "Node Type": "Gather",
          "Parent Relationship": "Outer",
          "Parallel Aware": false,
          "Startup Cost": 350220.21,
          "Total Cost": 350220.82,
          "Plan Rows": 6,
          "Plan Width": 8,
          "Actual Startup Time": 819.738,
          "Actual Total Time": 866.99,
          "Actual Rows": 7,
          "Actual Loops": 1,
          "Workers Planned": 6,
          "Workers Launched": 6,
          "Single Copy": false,
          "Plans": [
            {
              "Node Type": "Aggregate",
              "Strategy": "Plain",
              "Partial Mode": "Partial",
              "Parent Relationship": "Outer",
              "Parallel Aware": false,
              "Startup Cost": 349220.21,
              "Total Cost": 349220.22,
              "Plan Rows": 1,
              "Plan Width": 8,
              "Actual Startup Time": 811.838,
              "Actual Total Time": 811.839,
              "Actual Rows": 1,
              "Actual Loops": 7,
              "Plans": [
                {
                  "Node Type": "Seq Scan",
                  "Parent Relationship": "Outer",
                  "Parallel Aware": true,
                  "Relation Name": "cast_info",
                  "Alias": "ci",
                  "Startup Cost": 0.0,
                  "Total Cost": 343316.27,
                  "Plan Rows": 2361576,
                  "Plan Width": 0,
                  "Actual Startup Time": 359.672,
                  "Actual Total Time": 703.402,
                  "Actual Rows": 2128953,
                  "Actual Loops": 7,
                  "Filter": "((person_id > 422630) AND (role_id > 2))",
                  "Rows Removed by Filter": 3048810
                }
              ]
            }
          ]
        }
      ]
    },
    "Planning Time": 0.283,
    "Triggers": [],
    "Execution Time": 867.068
  }
]