[
    {
        "Bao": {
            "Bao prediction": "NaN",
            "Bao recommended hint": "(no hint)"
        }
    },
    {
        "Plan": {
            "Node Type": "Aggregate",
            "Strategy": "Plain",
            "Partial Mode": "Finalize",
            "Parallel Aware": false,
            "Startup Cost": 401994.73,
            "Total Cost": 401994.74,
            "Plan Rows": 1,
            "Plan Width": 8,
            "Actual Startup Time": 1167.091,
            "Actual Total Time": 1205.168,
            "Actual Rows": 1,
            "Actual Loops": 1,
            "Output": [
                "count(*)"
            ],
            "Plans": [
                {
                    "Node Type": "Gather",
                    "Parent Relationship": "Outer",
                    "Parallel Aware": false,
                    "Startup Cost": 401994.1,
                    "Total Cost": 401994.71,
                    "Plan Rows": 6,
                    "Plan Width": 8,
                    "Actual Startup Time": 1156.232,
                    "Actual Total Time": 1205.158,
                    "Actual Rows": 7,
                    "Actual Loops": 1,
                    "Output": [
                        "(PARTIAL count(*))"
                    ],
                    "Workers Planned": 6,
                    "Workers Launched": 6,
                    "Single Copy": false,
                    "Plans": [
                        {
                            "Node Type": "Aggregate",
                            "Strategy": "Plain",
                            "Partial Mode": "Partial",
                            "Parent Relationship": "Outer",
                            "Parallel Aware": false,
                            "Startup Cost": 400994.1,
                            "Total Cost": 400994.11,
                            "Plan Rows": 1,
                            "Plan Width": 8,
                            "Actual Startup Time": 1143.977,
                            "Actual Total Time": 1144.039,
                            "Actual Rows": 1,
                            "Actual Loops": 7,
                            "Output": [
                                "PARTIAL count(*)"
                            ],
                            "Workers": [
                                {
                                    "Worker Number": 0,
                                    "Actual Startup Time": 1141.775,
                                    "Actual Total Time": 1141.79,
                                    "Actual Rows": 1,
                                    "Actual Loops": 1
                                },
                                {
                                    "Worker Number": 1,
                                    "Actual Startup Time": 1141.942,
                                    "Actual Total Time": 1141.947,
                                    "Actual Rows": 1,
                                    "Actual Loops": 1
                                },
                                {
                                    "Worker Number": 2,
                                    "Actual Startup Time": 1141.871,
                                    "Actual Total Time": 1141.876,
                                    "Actual Rows": 1,
                                    "Actual Loops": 1
                                },
                                {
                                    "Worker Number": 3,
                                    "Actual Startup Time": 1142.658,
                                    "Actual Total Time": 1142.663,
                                    "Actual Rows": 1,
                                    "Actual Loops": 1
                                },
                                {
                                    "Worker Number": 4,
                                    "Actual Startup Time": 1141.91,
                                    "Actual Total Time": 1141.914,
                                    "Actual Rows": 1,
                                    "Actual Loops": 1
                                },
                                {
                                    "Worker Number": 5,
                                    "Actual Startup Time": 1141.9,
                                    "Actual Total Time": 1141.905,
                                    "Actual Rows": 1,
                                    "Actual Loops": 1
                                }
                            ],
                            "Plans": [
                                {
                                    "Node Type": "Hash Join",
                                    "Parent Relationship": "Outer",
                                    "Parallel Aware": true,
                                    "Join Type": "Inner",
                                    "Startup Cost": 63620.12,
                                    "Total Cost": 400219.58,
                                    "Plan Rows": 309808,
                                    "Plan Width": 0,
                                    "Actual Startup Time": 494.247,
                                    "Actual Total Time": 1120.624,
                                    "Actual Rows": 450434,
                                    "Actual Loops": 7,
                                    "Inner Unique": false,
                                    "Hash Cond": "(ci.movie_id = t.id)",
                                    "Workers": [
                                        {
                                            "Worker Number": 0,
                                            "Actual Startup Time": 491.954,
                                            "Actual Total Time": 1118.126,
                                            "Actual Rows": 354107,
                                            "Actual Loops": 1
                                        },
                                        {
                                            "Worker Number": 1,
                                            "Actual Startup Time": 492.75,
                                            "Actual Total Time": 1118.206,
                                            "Actual Rows": 356690,
                                            "Actual Loops": 1
                                        },
                                        {
                                            "Worker Number": 2,
                                            "Actual Startup Time": 492.108,
                                            "Actual Total Time": 1118.193,
                                            "Actual Rows": 353712,
                                            "Actual Loops": 1
                                        },
                                        {
                                            "Worker Number": 3,
                                            "Actual Startup Time": 492.402,
                                            "Actual Total Time": 1118.874,
                                            "Actual Rows": 357927,
                                            "Actual Loops": 1
                                        },
                                        {
                                            "Worker Number": 4,
                                            "Actual Startup Time": 492.061,
                                            "Actual Total Time": 1119.157,
                                            "Actual Rows": 555836,
                                            "Actual Loops": 1
                                        },
                                        {
                                            "Worker Number": 5,
                                            "Actual Startup Time": 492.279,
                                            "Actual Total Time": 1119.219,
                                            "Actual Rows": 556292,
                                            "Actual Loops": 1
                                        }
                                    ],
                                    "Plans": [
                                        {
                                            "Node Type": "Seq Scan",
                                            "Parent Relationship": "Outer",
                                            "Parallel Aware": true,
                                            "Relation Name": "cast_info",
                                            "Schema": "public",
                                            "Alias": "ci",
                                            "Startup Cost": 0.0,
                                            "Total Cost": 328213.62,
                                            "Plan Rows": 1891994,
                                            "Plan Width": 4,
                                            "Actual Startup Time": 273.917,
                                            "Actual Total Time": 584.004,
                                            "Actual Rows": 1634363,
                                            "Actual Loops": 7,
                                            "Output": [
                                                "ci.id",
                                                "ci.person_id",
                                                "ci.movie_id",
                                                "ci.person_role_id",
                                                "ci.note",
                                                "ci.nr_order",
                                                "ci.role_id"
                                            ],
                                            "Filter": "(ci.person_id > 2554486)",
                                            "Rows Removed by Filter": 3543400,
                                            "Workers": [
                                                {
                                                    "Worker Number": 0,
                                                    "Actual Startup Time": 273.857,
                                                    "Actual Total Time": 584.298,
                                                    "Actual Rows": 1282668,
                                                    "Actual Loops": 1
                                                },
                                                {
                                                    "Worker Number": 1,
                                                    "Actual Startup Time": 273.922,
                                                    "Actual Total Time": 596.191,
                                                    "Actual Rows": 1313574,
                                                    "Actual Loops": 1
                                                },
                                                {
                                                    "Worker Number": 2,
                                                    "Actual Startup Time": 273.919,
                                                    "Actual Total Time": 586.014,
                                                    "Actual Rows": 1281414,
                                                    "Actual Loops": 1
                                                },
                                                {
                                                    "Worker Number": 3,
                                                    "Actual Startup Time": 273.934,
                                                    "Actual Total Time": 586.167,
                                                    "Actual Rows": 1299191,
                                                    "Actual Loops": 1
                                                },
                                                {
                                                    "Worker Number": 4,
                                                    "Actual Startup Time": 273.934,
                                                    "Actual Total Time": 587.594,
                                                    "Actual Rows": 1996672,
                                                    "Actual Loops": 1
                                                },
                                                {
                                                    "Worker Number": 5,
                                                    "Actual Startup Time": 273.93,
                                                    "Actual Total Time": 586.644,
                                                    "Actual Rows": 1982762,
                                                    "Actual Loops": 1
                                                }
                                            ]
                                        },
                                        {
                                            "Node Type": "Hash",
                                            "Parent Relationship": "Inner",
                                            "Parallel Aware": true,
                                            "Startup Cost": 61463.84,
                                            "Total Cost": 61463.84,
                                            "Plan Rows": 172502,
                                            "Plan Width": 8,
                                            "Actual Startup Time": 218.268,
                                            "Actual Total Time": 218.328,
                                            "Actual Rows": 72118,
                                            "Actual Loops": 7,
                                            "Output": [
                                                "t.id",
                                                "mi_idx.movie_id"
                                            ],
                                            "Hash Buckets": 524288,
                                            "Original Hash Buckets": 524288,
                                            "Hash Batches": 1,
                                            "Original Hash Batches": 1,
                                            "Peak Memory Usage": 23936,
                                            "Workers": [
                                                {
                                                    "Worker Number": 0,
                                                    "Actual Startup Time": 217.101,
                                                    "Actual Total Time": 217.114,
                                                    "Actual Rows": 58708,
                                                    "Actual Loops": 1
                                                },
                                                {
                                                    "Worker Number": 1,
                                                    "Actual Startup Time": 217.457,
                                                    "Actual Total Time": 217.46,
                                                    "Actual Rows": 60487,
                                                    "Actual Loops": 1
                                                },
                                                {
                                                    "Worker Number": 2,
                                                    "Actual Startup Time": 217.268,
                                                    "Actual Total Time": 217.272,
                                                    "Actual Rows": 57908,
                                                    "Actual Loops": 1
                                                },
                                                {
                                                    "Worker Number": 3,
                                                    "Actual Startup Time": 217.452,
                                                    "Actual Total Time": 217.456,
                                                    "Actual Rows": 58091,
                                                    "Actual Loops": 1
                                                },
                                                {
                                                    "Worker Number": 4,
                                                    "Actual Startup Time": 217.332,
                                                    "Actual Total Time": 217.335,
                                                    "Actual Rows": 87625,
                                                    "Actual Loops": 1
                                                },
                                                {
                                                    "Worker Number": 5,
                                                    "Actual Startup Time": 217.4,
                                                    "Actual Total Time": 217.403,
                                                    "Actual Rows": 87521,
                                                    "Actual Loops": 1
                                                }
                                            ],
                                            "Plans": [
                                                {
                                                    "Node Type": "Hash Join",
                                                    "Parent Relationship": "Outer",
                                                    "Parallel Aware": true,
                                                    "Join Type": "Inner",
                                                    "Startup Cost": 46269.28,
                                                    "Total Cost": 61463.84,
                                                    "Plan Rows": 172502,
                                                    "Plan Width": 8,
                                                    "Actual Startup Time": 130.671,
                                                    "Actual Total Time": 195.059,
                                                    "Actual Rows": 72118,
                                                    "Actual Loops": 7,
                                                    "Output": [
                                                        "t.id",
                                                        "mi_idx.movie_id"
                                                    ],
                                                    "Inner Unique": true,
                                                    "Hash Cond": "(mi_idx.movie_id = t.id)",
                                                    "Workers": [
                                                        {
                                                            "Worker Number": 0,
                                                            "Actual Startup Time": 129.521,
                                                            "Actual Total Time": 194.514,
                                                            "Actual Rows": 58708,
                                                            "Actual Loops": 1
                                                        },
                                                        {
                                                            "Worker Number": 1,
                                                            "Actual Startup Time": 129.934,
                                                            "Actual Total Time": 193.981,
                                                            "Actual Rows": 60487,
                                                            "Actual Loops": 1
                                                        },
                                                        {
                                                            "Worker Number": 2,
                                                            "Actual Startup Time": 129.675,
                                                            "Actual Total Time": 194.275,
                                                            "Actual Rows": 57908,
                                                            "Actual Loops": 1
                                                        },
                                                        {
                                                            "Worker Number": 3,
                                                            "Actual Startup Time": 130.017,
                                                            "Actual Total Time": 195.001,
                                                            "Actual Rows": 58091,
                                                            "Actual Loops": 1
                                                        },
                                                        {
                                                            "Worker Number": 4,
                                                            "Actual Startup Time": 129.641,
                                                            "Actual Total Time": 193.721,
                                                            "Actual Rows": 87625,
                                                            "Actual Loops": 1
                                                        },
                                                        {
                                                            "Worker Number": 5,
                                                            "Actual Startup Time": 129.625,
                                                            "Actual Total Time": 193.965,
                                                            "Actual Rows": 87521,
                                                            "Actual Loops": 1
                                                        }
                                                    ],
                                                    "Plans": [
                                                        {
                                                            "Node Type": "Seq Scan",
                                                            "Parent Relationship": "Outer",
                                                            "Parallel Aware": true,
                                                            "Relation Name": "movie_info_idx",
                                                            "Schema": "public",
                                                            "Alias": "mi_idx",
                                                            "Startup Cost": 0.0,
                                                            "Total Cost": 13685.15,
                                                            "Plan Rows": 575015,
                                                            "Plan Width": 4,
                                                            "Actual Startup Time": 0.029,
                                                            "Actual Total Time": 22.276,
                                                            "Actual Rows": 197148,
                                                            "Actual Loops": 7,
                                                            "Output": [
                                                                "mi_idx.id",
                                                                "mi_idx.movie_id",
                                                                "mi_idx.info_type_id",
                                                                "mi_idx.info",
                                                                "mi_idx.note"
                                                            ],
                                                            "Workers": [
                                                                {
                                                                    "Worker Number": 0,
                                                                    "Actual Startup Time": 0.035,
                                                                    "Actual Total Time": 23.06,
                                                                    "Actual Rows": 158450,
                                                                    "Actual Loops": 1
                                                                },
                                                                {
                                                                    "Worker Number": 1,
                                                                    "Actual Startup Time": 0.035,
                                                                    "Actual Total Time": 23.226,
                                                                    "Actual Rows": 160877,
                                                                    "Actual Loops": 1
                                                                },
                                                                {
                                                                    "Worker Number": 2,
                                                                    "Actual Startup Time": 0.034,
                                                                    "Actual Total Time": 23.291,
                                                                    "Actual Rows": 159498,
                                                                    "Actual Loops": 1
                                                                },
                                                                {
                                                                    "Worker Number": 3,
                                                                    "Actual Startup Time": 0.035,
                                                                    "Actual Total Time": 23.493,
                                                                    "Actual Rows": 162630,
                                                                    "Actual Loops": 1
                                                                },
                                                                {
                                                                    "Worker Number": 4,
                                                                    "Actual Startup Time": 0.027,
                                                                    "Actual Total Time": 22.31,
                                                                    "Actual Rows": 240722,
                                                                    "Actual Loops": 1
                                                                },
                                                                {
                                                                    "Worker Number": 5,
                                                                    "Actual Startup Time": 0.029,
                                                                    "Actual Total Time": 22.381,
                                                                    "Actual Rows": 239081,
                                                                    "Actual Loops": 1
                                                                }
                                                            ]
                                                        },
                                                        {
                                                            "Node Type": "Hash",
                                                            "Parent Relationship": "Inner",
                                                            "Parallel Aware": true,
                                                            "Startup Cost": 43899.01,
                                                            "Total Cost": 43899.01,
                                                            "Plan Rows": 189622,
                                                            "Plan Width": 4,
                                                            "Actual Startup Time": 129.182,
                                                            "Actual Total Time": 129.185,
                                                            "Actual Rows": 107986,
                                                            "Actual Loops": 7,
                                                            "Output": [
                                                                "t.id"
                                                            ],
                                                            "Hash Buckets": 1048576,
                                                            "Original Hash Buckets": 1048576,
                                                            "Hash Batches": 1,
                                                            "Original Hash Batches": 1,
                                                            "Peak Memory Usage": 37888,
                                                            "Workers": [
                                                                {
                                                                    "Worker Number": 0,
                                                                    "Actual Startup Time": 129.299,
                                                                    "Actual Total Time": 129.311,
                                                                    "Actual Rows": 80325,
                                                                    "Actual Loops": 1
                                                                },
                                                                {
                                                                    "Worker Number": 1,
                                                                    "Actual Startup Time": 129.558,
                                                                    "Actual Total Time": 129.559,
                                                                    "Actual Rows": 86722,
                                                                    "Actual Loops": 1
                                                                },
                                                                {
                                                                    "Worker Number": 2,
                                                                    "Actual Startup Time": 129.304,
                                                                    "Actual Total Time": 129.306,
                                                                    "Actual Rows": 81674,
                                                                    "Actual Loops": 1
                                                                },
                                                                {
                                                                    "Worker Number": 3,
                                                                    "Actual Startup Time": 129.512,
                                                                    "Actual Total Time": 129.513,
                                                                    "Actual Rows": 81190,
                                                                    "Actual Loops": 1
                                                                },
                                                                {
                                                                    "Worker Number": 4,
                                                                    "Actual Startup Time": 129.373,
                                                                    "Actual Total Time": 129.374,
                                                                    "Actual Rows": 120566,
                                                                    "Actual Loops": 1
                                                                },
                                                                {
                                                                    "Worker Number": 5,
                                                                    "Actual Startup Time": 129.338,
                                                                    "Actual Total Time": 129.339,
                                                                    "Actual Rows": 120055,
                                                                    "Actual Loops": 1
                                                                }
                                                            ],
                                                            "Plans": [
                                                                {
                                                                    "Node Type": "Seq Scan",
                                                                    "Parent Relationship": "Outer",
                                                                    "Parallel Aware": true,
                                                                    "Relation Name": "title",
                                                                    "Schema": "public",
                                                                    "Alias": "t",
                                                                    "Startup Cost": 0.0,
                                                                    "Total Cost": 43899.01,
                                                                    "Plan Rows": 189622,
                                                                    "Plan Width": 4,
                                                                    "Actual Startup Time": 0.044,
                                                                    "Actual Total Time": 78.386,
                                                                    "Actual Rows": 107986,
                                                                    "Actual Loops": 7,
                                                                    "Output": [
                                                                        "t.id"
                                                                    ],
                                                                    "Filter": "(t.production_year < 1993)",
                                                                    "Rows Removed by Filter": 253201,
                                                                    "Workers": [
                                                                        {
                                                                            "Worker Number": 0,
                                                                            "Actual Startup Time": 0.051,
                                                                            "Actual Total Time": 78.825,
                                                                            "Actual Rows": 80325,
                                                                            "Actual Loops": 1
                                                                        },
                                                                        {
                                                                            "Worker Number": 1,
                                                                            "Actual Startup Time": 0.045,
                                                                            "Actual Total Time": 81.98,
                                                                            "Actual Rows": 86722,
                                                                            "Actual Loops": 1
                                                                        },
                                                                        {
                                                                            "Worker Number": 2,
                                                                            "Actual Startup Time": 0.067,
                                                                            "Actual Total Time": 79.938,
                                                                            "Actual Rows": 81674,
                                                                            "Actual Loops": 1
                                                                        },
                                                                        {
                                                                            "Worker Number": 3,
                                                                            "Actual Startup Time": 0.053,
                                                                            "Actual Total Time": 79.449,
                                                                            "Actual Rows": 81190,
                                                                            "Actual Loops": 1
                                                                        },
                                                                        {
                                                                            "Worker Number": 4,
                                                                            "Actual Startup Time": 0.05,
                                                                            "Actual Total Time": 79.506,
                                                                            "Actual Rows": 120566,
                                                                            "Actual Loops": 1
                                                                        },
                                                                        {
                                                                            "Worker Number": 5,
                                                                            "Actual Startup Time": 0.029,
                                                                            "Actual Total Time": 78.665,
                                                                            "Actual Rows": 120055,
                                                                            "Actual Loops": 1
                                                                        }
                                                                    ]
                                                                }
                                                            ]
                                                        }
                                                    ]
                                                }
                                            ]
                                        }
                                    ]
                                }
                            ]
                        }
                    ]
                }
            ]
        },
        "Planning Time": 211.806,
        "Triggers": [],
        "Execution Time": 1205.24
    }
]