[
  {
    "Plan": {
      "Node Type": "Aggregate",
      "Strategy": "Plain",
      "Partial Mode": "Finalize",
      "Parallel Aware": false,
      "Startup Cost": 45027.55,
      "Total Cost": 45027.56,
      "Plan Rows": 1,
      "Plan Width": 8,
      "Actual Startup Time": 137.515,
      "Actual Total Time": 146.496,
      "Actual Rows": 1,
      "Actual Loops": 1,
      "Plans": [
        {
          "Node Type": "Gather",
          "Parent Relationship": "Outer",
          "Parallel Aware": false,
          "Startup Cost": 45027.23,
          "Total Cost": 45027.54,
          "Plan Rows": 3,
          "Plan Width": 8,
          "Actual Startup Time": 137.433,
          "Actual Total Time": 146.488,
          "Actual Rows": 4,
          "Actual Loops": 1,
          "Workers Planned": 3,
          "Workers Launched": 3,
          "Single Copy": false,
          "Plans": [
            {
              "Node Type": "Aggregate",
              "Strategy": "Plain",
              "Partial Mode": "Partial",
              "Parent Relationship": "Outer",
              "Parallel Aware": false,
              "Startup Cost": 44027.23,
              "Total Cost": 44027.24,
              "Plan Rows": 1,
              "Plan Width": 8,
              "Actual Startup Time": 133.31,
              "Actual Total Time": 133.311,
              "Actual Rows": 1,
              "Actual Loops": 4,
              "Plans": [
                {
                  "Node Type": "Seq Scan",
                  "Parent Relationship": "Outer",
                  "Parallel Aware": true,
                  "Relation Name": "movie_keyword",
                  "Alias": "mk",
                  "Startup Cost": 0.0,
                  "Total Cost": 42695.65,
                  "Plan Rows": 532630,
                  "Plan Width": 0,
                  "Actual Startup Time": 0.036,
                  "Actual Total Time": 112.599,
                  "Actual Rows": 415210,
                  "Actual Loops": 4,
                  "Filter": "(keyword_id < 2549)",
                  "Rows Removed by Filter": 715773
                }
              ]
            }
          ]
        }
      ]
    },
    "Planning Time": 0.094,
    "Triggers": [],
    "Execution Time": 146.529
  }
]