{
    "Plan": {
        "Node Type": "Aggregate",
        "Strategy": "Plain",
        "Partial Mode": "Finalize",
        "Parallel Aware": false,
        "Startup Cost": 83448.84,
        "Total Cost": 83448.85,
        "Plan Rows": 1,
        "Plan Width": 8,
        "Actual Startup Time": 613.665,
        "Actual Total Time": 633.321,
        "Actual Rows": 1,
        "Actual Loops": 1,
        "Output": [
            "count(*)"
        ],
        "Plans": [
            {
                "Node Type": "Gather",
                "Parent Relationship": "Outer",
                "Parallel Aware": false,
                "Startup Cost": 83448.52,
                "Total Cost": 83448.83,
                "Plan Rows": 3,
                "Plan Width": 8,
                "Actual Startup Time": 599.903,
                "Actual Total Time": 633.311,
                "Actual Rows": 4,
                "Actual Loops": 1,
                "Output": [
                    "(PARTIAL count(*))"
                ],
                "Workers Planned": 3,
                "Workers Launched": 3,
                "Single Copy": false,
                "Plans": [
                    {
                        "Node Type": "Aggregate",
                        "Strategy": "Plain",
                        "Partial Mode": "Partial",
                        "Parent Relationship": "Outer",
                        "Parallel Aware": false,
                        "Startup Cost": 82448.52,
                        "Total Cost": 82448.53,
                        "Plan Rows": 1,
                        "Plan Width": 8,
                        "Actual Startup Time": 581.836,
                        "Actual Total Time": 581.839,
                        "Actual Rows": 1,
                        "Actual Loops": 4,
                        "Output": [
                            "PARTIAL count(*)"
                        ],
                        "Workers": [
                            {
                                "Worker Number": 0,
                                "Actual Startup Time": 575.473,
                                "Actual Total Time": 575.476,
                                "Actual Rows": 1,
                                "Actual Loops": 1
                            },
                            {
                                "Worker Number": 1,
                                "Actual Startup Time": 575.697,
                                "Actual Total Time": 575.7,
                                "Actual Rows": 1,
                                "Actual Loops": 1
                            },
                            {
                                "Worker Number": 2,
                                "Actual Startup Time": 576.919,
                                "Actual Total Time": 576.922,
                                "Actual Rows": 1,
                                "Actual Loops": 1
                            }
                        ],
                        "Plans": [
                            {
                                "Node Type": "Hash Join",
                                "Parent Relationship": "Outer",
                                "Parallel Aware": true,
                                "Join Type": "Inner",
                                "Startup Cost": 50219.81,
                                "Total Cost": 81025.09,
                                "Plan Rows": 569373,
                                "Plan Width": 0,
                                "Actual Startup Time": 344.379,
                                "Actual Total Time": 564.783,
                                "Actual Rows": 440350,
                                "Actual Loops": 4,
                                "Inner Unique": true,
                                "Hash Cond": "(mc.movie_id = t.id)",
                                "Workers": [
                                    {
                                        "Worker Number": 0,
                                        "Actual Startup Time": 338.427,
                                        "Actual Total Time": 559.271,
                                        "Actual Rows": 417249,
                                        "Actual Loops": 1
                                    },
                                    {
                                        "Worker Number": 1,
                                        "Actual Startup Time": 338.552,
                                        "Actual Total Time": 558.419,
                                        "Actual Rows": 446369,
                                        "Actual Loops": 1
                                    },
                                    {
                                        "Worker Number": 2,
                                        "Actual Startup Time": 338.314,
                                        "Actual Total Time": 560.738,
                                        "Actual Rows": 416351,
                                        "Actual Loops": 1
                                    }
                                ],
                                "Plans": [
                                    {
                                        "Node Type": "Seq Scan",
                                        "Parent Relationship": "Outer",
                                        "Parallel Aware": true,
                                        "Relation Name": "movie_companies",
                                        "Schema": "public",
                                        "Alias": "mc",
                                        "Startup Cost": 0.0,
                                        "Total Cost": 29310.68,
                                        "Plan Rows": 569373,
                                        "Plan Width": 4,
                                        "Actual Startup Time": 0.023,
                                        "Actual Total Time": 66.805,
                                        "Actual Rows": 440350,
                                        "Actual Loops": 4,
                                        "Output": [
                                            "mc.id",
                                            "mc.movie_id",
                                            "mc.company_id",
                                            "mc.company_type_id",
                                            "mc.note"
                                        ],
                                        "Filter": "(mc.company_id < 25477)",
                                        "Rows Removed by Filter": 211932,
                                        "Workers": [
                                            {
                                                "Worker Number": 0,
                                                "Actual Startup Time": 0.029,
                                                "Actual Total Time": 67.795,
                                                "Actual Rows": 417249,
                                                "Actual Loops": 1
                                            },
                                            {
                                                "Worker Number": 1,
                                                "Actual Startup Time": 0.023,
                                                "Actual Total Time": 69.436,
                                                "Actual Rows": 446369,
                                                "Actual Loops": 1
                                            },
                                            {
                                                "Worker Number": 2,
                                                "Actual Startup Time": 0.026,
                                                "Actual Total Time": 67.783,
                                                "Actual Rows": 416351,
                                                "Actual Loops": 1
                                            }
                                        ]
                                    },
                                    {
                                        "Node Type": "Hash",
                                        "Parent Relationship": "Inner",
                                        "Parallel Aware": true,
                                        "Startup Cost": 42318.81,
                                        "Total Cost": 42318.81,
                                        "Plan Rows": 632080,
                                        "Plan Width": 4,
                                        "Actual Startup Time": 333.061,
                                        "Actual Total Time": 333.062,
                                        "Actual Rows": 632078,
                                        "Actual Loops": 4,
                                        "Output": [
                                            "t.id"
                                        ],
                                        "Hash Buckets": 4194304,
                                        "Original Hash Buckets": 4194304,
                                        "Hash Batches": 1,
                                        "Original Hash Batches": 1,
                                        "Peak Memory Usage": 131744,
                                        "Workers": [
                                            {
                                                "Worker Number": 0,
                                                "Actual Startup Time": 337.544,
                                                "Actual Total Time": 337.545,
                                                "Actual Rows": 581967,
                                                "Actual Loops": 1
                                            },
                                            {
                                                "Worker Number": 1,
                                                "Actual Startup Time": 337.886,
                                                "Actual Total Time": 337.886,
                                                "Actual Rows": 606711,
                                                "Actual Loops": 1
                                            },
                                            {
                                                "Worker Number": 2,
                                                "Actual Startup Time": 337.604,
                                                "Actual Total Time": 337.605,
                                                "Actual Rows": 576844,
                                                "Actual Loops": 1
                                            }
                                        ],
                                        "Plans": [
                                            {
                                                "Node Type": "Seq Scan",
                                                "Parent Relationship": "Outer",
                                                "Parallel Aware": true,
                                                "Relation Name": "title",
                                                "Schema": "public",
                                                "Alias": "t",
                                                "Startup Cost": 0.0,
                                                "Total Cost": 42318.81,
                                                "Plan Rows": 632080,
                                                "Plan Width": 4,
                                                "Actual Startup Time": 0.052,
                                                "Actual Total Time": 98.853,
                                                "Actual Rows": 632078,
                                                "Actual Loops": 4,
                                                "Output": [
                                                    "t.id"
                                                ],
                                                "Workers": [
                                                    {
                                                        "Worker Number": 0,
                                                        "Actual Startup Time": 0.07,
                                                        "Actual Total Time": 102.457,
                                                        "Actual Rows": 581967,
                                                        "Actual Loops": 1
                                                    },
                                                    {
                                                        "Worker Number": 1,
                                                        "Actual Startup Time": 0.063,
                                                        "Actual Total Time": 104.525,
                                                        "Actual Rows": 606711,
                                                        "Actual Loops": 1
                                                    },
                                                    {
                                                        "Worker Number": 2,
                                                        "Actual Startup Time": 0.061,
                                                        "Actual Total Time": 102.347,
                                                        "Actual Rows": 576844,
                                                        "Actual Loops": 1
                                                    }
                                                ]
                                            }
                                        ]
                                    }
                                ]
                            }
                        ]
                    }
                ]
            }
        ]
    },
    "Planning Time": 0.704,
    "Triggers": [],
    "Execution Time": 633.392
}