[
  {
    "Plan": {
      "Node Type": "Aggregate",
      "Strategy": "Plain",
      "Partial Mode": "Simple",
      "Parallel Aware": false,
      "Startup Cost": 5571.85,
      "Total Cost": 5571.86,
      "Plan Rows": 1,
      "Plan Width": 8,
      "Actual Startup Time": 0.387,
      "Actual Total Time": 0.388,
      "Actual Rows": 1,
      "Actual Loops": 1,
      "Plans": [
        {
          "Node Type": "Nested Loop",
          "Parent Relationship": "Outer",
          "Parallel Aware": false,
          "Join Type": "Inner",
          "Startup Cost": 1.43,
          "Total Cost": 5568.22,
          "Plan Rows": 1450,
          "Plan Width": 0,
          "Actual Startup Time": 0.194,
          "Actual Total Time": 0.384,
          "Actual Rows": 2,
          "Actual Loops": 1,
          "Inner Unique": false,
          "Plans": [
            {
              "Node Type": "Nested Loop",
              "Parent Relationship": "Outer",
              "Parallel Aware": false,
              "Join Type": "Inner",
              "Startup Cost": 0.99,
              "Total Cost": 5016.87,
              "Plan Rows": 247,
              "Plan Width": 8,
              "Actual Startup Time": 0.178,
              "Actual Total Time": 0.355,
              "Actual Rows": 2,
              "Actual Loops": 1,
              "Inner Unique": true,
              "Plans": [
                {
                  "Node Type": "Index Scan",
                  "Parent Relationship": "Outer",
                  "Parallel Aware": false,
                  "Scan Direction": "Forward",
                  "Index Name": "person_id_cast_info",
                  "Relation Name": "cast_info",
                  "Alias": "ci",
                  "Startup Cost": 0.56,
                  "Total Cost": 985.86,
                  "Plan Rows": 484,
                  "Plan Width": 4,
                  "Actual Startup Time": 0.119,
                  "Actual Total Time": 0.136,
                  "Actual Rows": 31,
                  "Actual Loops": 1,
                  "Index Cond": "(person_id = 1281883)",
                  "Rows Removed by Index Recheck": 0
                },
                {
                  "Node Type": "Index Scan",
                  "Parent Relationship": "Inner",
                  "Parallel Aware": false,
                  "Scan Direction": "Forward",
                  "Index Name": "title_pkey",
                  "Relation Name": "title",
                  "Alias": "t",
                  "Startup Cost": 0.43,
                  "Total Cost": 8.33,
                  "Plan Rows": 1,
                  "Plan Width": 4,
                  "Actual Startup Time": 0.007,
                  "Actual Total Time": 0.007,
                  "Actual Rows": 0,
                  "Actual Loops": 31,
                  "Index Cond": "(id = ci.movie_id)",
                  "Rows Removed by Index Recheck": 0,
                  "Filter": "((production_year > 1968) AND (kind_id = 7))",
                  "Rows Removed by Filter": 1
                }
              ]
            },
            {
              "Node Type": "Index Only Scan",
              "Parent Relationship": "Inner",
              "Parallel Aware": false,
              "Scan Direction": "Forward",
              "Index Name": "movie_id_movie_info",
              "Relation Name": "movie_info",
              "Alias": "mi",
              "Startup Cost": 0.43,
              "Total Cost": 1.82,
              "Plan Rows": 41,
              "Plan Width": 4,
              "Actual Startup Time": 0.013,
              "Actual Total Time": 0.013,
              "Actual Rows": 1,
              "Actual Loops": 2,
              "Index Cond": "(movie_id = t.id)",
              "Rows Removed by Index Recheck": 0,
              "Heap Fetches": 2
            }
          ]
        }
      ]
    },
    "Planning Time": 0.64,
    "Triggers": [],
    "Execution Time": 0.425
  }
]