[
  {
    "Plan": {
      "Node Type": "Aggregate",
      "Strategy": "Plain",
      "Partial Mode": "Finalize",
      "Parallel Aware": false,
      "Startup Cost": 312778.53,
      "Total Cost": 312778.54,
      "Plan Rows": 1,
      "Plan Width": 8,
      "Actual Startup Time": 225.523,
      "Actual Total Time": 266.117,
      "Actual Rows": 1,
      "Actual Loops": 1,
      "Plans": [
        {
          "Node Type": "Gather",
          "Parent Relationship": "Outer",
          "Parallel Aware": false,
          "Startup Cost": 312778.11,
          "Total Cost": 312778.52,
          "Plan Rows": 4,
          "Plan Width": 8,
          "Actual Startup Time": 225.405,
          "Actual Total Time": 266.106,
          "Actual Rows": 5,
          "Actual Loops": 1,
          "Workers Planned": 4,
          "Workers Launched": 4,
          "Single Copy": false,
          "Plans": [
            {
              "Node Type": "Aggregate",
              "Strategy": "Plain",
              "Partial Mode": "Partial",
              "Parent Relationship": "Outer",
              "Parallel Aware": false,
              "Startup Cost": 311778.11,
              "Total Cost": 311778.12,
              "Plan Rows": 1,
              "Plan Width": 8,
              "Actual Startup Time": 215.423,
              "Actual Total Time": 215.424,
              "Actual Rows": 1,
              "Actual Loops": 5,
              "Plans": [
                {
                  "Node Type": "Nested Loop",
                  "Parent Relationship": "Outer",
                  "Parallel Aware": false,
                  "Join Type": "Inner",
                  "Startup Cost": 0.56,
                  "Total Cost": 311776.14,
                  "Plan Rows": 788,
                  "Plan Width": 0,
                  "Actual Startup Time": 12.715,
                  "Actual Total Time": 215.371,
                  "Actual Rows": 255,
                  "Actual Loops": 5,
                  "Inner Unique": false,
                  "Plans": [
                    {
                      "Node Type": "Seq Scan",
                      "Parent Relationship": "Outer",
                      "Parallel Aware": true,
                      "Relation Name": "title",
                      "Alias": "t",
                      "Startup Cost": 0.0,
                      "Total Cost": 45479.1,
                      "Plan Rows": 3317,
                      "Plan Width": 4,
                      "Actual Startup Time": 0.419,
                      "Actual Total Time": 69.389,
                      "Actual Rows": 1819,
                      "Actual Loops": 5,
                      "Filter": "((kind_id < 3) AND (production_year = 1998))",
                      "Rows Removed by Filter": 503844
                    },
                    {
                      "Node Type": "Index Scan",
                      "Parent Relationship": "Inner",
                      "Parallel Aware": false,
                      "Scan Direction": "Forward",
                      "Index Name": "movie_id_cast_info",
                      "Relation Name": "cast_info",
                      "Alias": "ci",
                      "Startup Cost": 0.56,
                      "Total Cost": 80.27,
                      "Plan Rows": 1,
                      "Plan Width": 4,
                      "Actual Startup Time": 0.074,
                      "Actual Total Time": 0.08,
                      "Actual Rows": 0,
                      "Actual Loops": 9093,
                      "Index Cond": "(movie_id = t.id)",
                      "Rows Removed by Index Recheck": 0,
                      "Filter": "((person_id < 94737) AND (role_id > 1))",
                      "Rows Removed by Filter": 18
                    }
                  ]
                }
              ]
            }
          ]
        }
      ]
    },
    "Planning Time": 0.665,
    "Triggers": [],
    "Execution Time": 266.205
  }
]