{
  "Plan": {
    "Node Type": "Aggregate",
    "Strategy": "Plain",
    "Partial Mode": "Finalize",
    "Parallel Aware": false,
    "Startup Cost": 124163.88,
    "Total Cost": 124163.89,
    "Plan Rows": 1,
    "Plan Width": 8,
    "Actual Startup Time": 540.174,
    "Actual Total Time": 557.284,
    "Actual Rows": 1,
    "Actual Loops": 1,
    "Plans": [
      {
        "Node Type": "Gather",
        "Parent Relationship": "Outer",
        "Parallel Aware": false,
        "Startup Cost": 124163.77,
        "Total Cost": 124163.88,
        "Plan Rows": 1,
        "Plan Width": 8,
        "Actual Startup Time": 539.444,
        "Actual Total Time": 557.277,
        "Actual Rows": 2,
        "Actual Loops": 1,
        "Workers Planned": 1,
        "Workers Launched": 1,
        "Single Copy": false,
        "Plans": [
          {
            "Node Type": "Aggregate",
            "Strategy": "Plain",
            "Partial Mode": "Partial",
            "Parent Relationship": "Outer",
            "Parallel Aware": false,
            "Startup Cost": 123163.77,
            "Total Cost": 123163.78,
            "Plan Rows": 1,
            "Plan Width": 8,
            "Actual Startup Time": 533.568,
            "Actual Total Time": 533.571,
            "Actual Rows": 1,
            "Actual Loops": 2,
            "Plans": [
              {
                "Node Type": "Hash Join",
                "Parent Relationship": "Outer",
                "Parallel Aware": true,
                "Join Type": "Inner",
                "Startup Cost": 59062.83,
                "Total Cost": 122925.67,
                "Plan Rows": 95238,
                "Plan Width": 0,
                "Actual Startup Time": 170.328,
                "Actual Total Time": 521.176,
                "Actual Rows": 319144,
                "Actual Loops": 2,
                "Inner Unique": true,
                "Hash Cond": "(mk.movie_id = t.id)",
                "Plans": [
                  {
                    "Node Type": "Seq Scan",
                    "Parent Relationship": "Outer",
                    "Parallel Aware": true,
                    "Relation Name": "movie_keyword",
                    "Alias": "mk",
                    "Startup Cost": 0.0,
                    "Total Cost": 57718.19,
                    "Plan Rows": 2340815,
                    "Plan Width": 4,
                    "Actual Startup Time": 0.012,
                    "Actual Total Time": 195.136,
                    "Actual Rows": 1997702,
                    "Actual Loops": 2,
                    "Filter": "(keyword_id < 34481)",
                    "Rows Removed by Filter": 264263
                  },
                  {
                    "Node Type": "Hash",
                    "Parent Relationship": "Inner",
                    "Parallel Aware": true,
                    "Startup Cost": 58306.47,
                    "Total Cost": 58306.47,
                    "Plan Rows": 60509,
                    "Plan Width": 4,
                    "Actual Startup Time": 167.714,
                    "Actual Total Time": 167.715,
                    "Actual Rows": 103912,
                    "Actual Loops": 2,
                    "Hash Buckets": 262144,
                    "Original Hash Buckets": 131072,
                    "Hash Batches": 1,
                    "Original Hash Batches": 1,
                    "Peak Memory Usage": 11232,
                    "Plans": [
                      {
                        "Node Type": "Seq Scan",
                        "Parent Relationship": "Outer",
                        "Parallel Aware": true,
                        "Relation Name": "title",
                        "Alias": "t",
                        "Startup Cost": 0.0,
                        "Total Cost": 58306.47,
                        "Plan Rows": 60509,
                        "Plan Width": 4,
                        "Actual Startup Time": 0.248,
                        "Actual Total Time": 142.929,
                        "Actual Rows": 103912,
                        "Actual Loops": 2,
                        "Filter": "((kind_id < 7) AND (production_year < 1963))",
                        "Rows Removed by Filter": 1160244
                      }
                    ]
                  }
                ]
              }
            ]
          }
        ]
      }
    ]
  },
  "Planning Time": 0.463,
  "Triggers": [],
  "Execution Time": 557.354
}