[
  {
    "Plan": {
      "Node Type": "Aggregate",
      "Strategy": "Plain",
      "Partial Mode": "Finalize",
      "Parallel Aware": false,
      "Startup Cost": 47193.45,
      "Total Cost": 47193.46,
      "Plan Rows": 1,
      "Plan Width": 8,
      "Actual Startup Time": 184.375,
      "Actual Total Time": 191.457,
      "Actual Rows": 1,
      "Actual Loops": 1,
      "Plans": [
        {
          "Node Type": "Gather",
          "Parent Relationship": "Outer",
          "Parallel Aware": false,
          "Startup Cost": 47193.13,
          "Total Cost": 47193.44,
          "Plan Rows": 3,
          "Plan Width": 8,
          "Actual Startup Time": 184.298,
          "Actual Total Time": 191.449,
          "Actual Rows": 4,
          "Actual Loops": 1,
          "Workers Planned": 3,
          "Workers Launched": 3,
          "Single Copy": false,
          "Plans": [
            {
              "Node Type": "Aggregate",
              "Strategy": "Plain",
              "Partial Mode": "Partial",
              "Parent Relationship": "Outer",
              "Parallel Aware": false,
              "Startup Cost": 46193.13,
              "Total Cost": 46193.14,
              "Plan Rows": 1,
              "Plan Width": 8,
              "Actual Startup Time": 178.854,
              "Actual Total Time": 178.855,
              "Actual Rows": 1,
              "Actual Loops": 4,
              "Plans": [
                {
                  "Node Type": "Seq Scan",
                  "Parent Relationship": "Outer",
                  "Parallel Aware": true,
                  "Relation Name": "movie_keyword",
                  "Alias": "mk",
                  "Startup Cost": 0.0,
                  "Total Cost": 42695.65,
                  "Plan Rows": 1398991,
                  "Plan Width": 0,
                  "Actual Startup Time": 0.04,
                  "Actual Total Time": 126.737,
                  "Actual Rows": 1083098,
                  "Actual Loops": 4,
                  "Filter": "(keyword_id < 70544)",
                  "Rows Removed by Filter": 47885
                }
              ]
            }
          ]
        }
      ]
    },
    "Planning Time": 0.108,
    "Triggers": [],
    "Execution Time": 191.494
  }
]