[
  {
    "Plan": {
      "Node Type": "Aggregate",
      "Strategy": "Plain",
      "Partial Mode": "Finalize",
      "Parallel Aware": false,
      "Startup Cost": 47190.08,
      "Total Cost": 47190.09,
      "Plan Rows": 1,
      "Plan Width": 8,
      "Actual Startup Time": 226.206,
      "Actual Total Time": 238.818,
      "Actual Rows": 1,
      "Actual Loops": 1,
      "Plans": [
        {
          "Node Type": "Gather",
          "Parent Relationship": "Outer",
          "Parallel Aware": false,
          "Startup Cost": 47189.76,
          "Total Cost": 47190.07,
          "Plan Rows": 3,
          "Plan Width": 8,
          "Actual Startup Time": 226.085,
          "Actual Total Time": 238.808,
          "Actual Rows": 4,
          "Actual Loops": 1,
          "Workers Planned": 3,
          "Workers Launched": 3,
          "Single Copy": false,
          "Plans": [
            {
              "Node Type": "Aggregate",
              "Strategy": "Plain",
              "Partial Mode": "Partial",
              "Parent Relationship": "Outer",
              "Parallel Aware": false,
              "Startup Cost": 46189.76,
              "Total Cost": 46189.77,
              "Plan Rows": 1,
              "Plan Width": 8,
              "Actual Startup Time": 218.996,
              "Actual Total Time": 218.998,
              "Actual Rows": 1,
              "Actual Loops": 4,
              "Plans": [
                {
                  "Node Type": "Seq Scan",
                  "Parent Relationship": "Outer",
                  "Parallel Aware": true,
                  "Relation Name": "movie_keyword",
                  "Alias": "mk",
                  "Startup Cost": 0.0,
                  "Total Cost": 42695.65,
                  "Plan Rows": 1397643,
                  "Plan Width": 0,
                  "Actual Startup Time": 0.056,
                  "Actual Total Time": 156.511,
                  "Actual Rows": 1083098,
                  "Actual Loops": 4,
                  "Filter": "(keyword_id < 70544)",
                  "Rows Removed by Filter": 47885
                }
              ]
            }
          ]
        }
      ]
    },
    "Planning Time": 0.213,
    "Triggers": [],
    "Execution Time": 238.884
  }
]