[
  {
    "Plan": {
      "Node Type": "Aggregate",
      "Strategy": "Plain",
      "Partial Mode": "Finalize",
      "Parallel Aware": false,
      "Startup Cost": 46019.66,
      "Total Cost": 46019.67,
      "Plan Rows": 1,
      "Plan Width": 8,
      "Actual Startup Time": 182.419,
      "Actual Total Time": 193.051,
      "Actual Rows": 1,
      "Actual Loops": 1,
      "Plans": [
        {
          "Node Type": "Gather",
          "Parent Relationship": "Outer",
          "Parallel Aware": false,
          "Startup Cost": 46019.34,
          "Total Cost": 46019.65,
          "Plan Rows": 3,
          "Plan Width": 8,
          "Actual Startup Time": 182.287,
          "Actual Total Time": 193.039,
          "Actual Rows": 4,
          "Actual Loops": 1,
          "Workers Planned": 3,
          "Workers Launched": 3,
          "Single Copy": false,
          "Plans": [
            {
              "Node Type": "Aggregate",
              "Strategy": "Plain",
              "Partial Mode": "Partial",
              "Parent Relationship": "Outer",
              "Parallel Aware": false,
              "Startup Cost": 45019.34,
              "Total Cost": 45019.35,
              "Plan Rows": 1,
              "Plan Width": 8,
              "Actual Startup Time": 175.17,
              "Actual Total Time": 175.172,
              "Actual Rows": 1,
              "Actual Loops": 4,
              "Plans": [
                {
                  "Node Type": "Seq Scan",
                  "Parent Relationship": "Outer",
                  "Parallel Aware": true,
                  "Relation Name": "movie_keyword",
                  "Alias": "mk",
                  "Startup Cost": 0.0,
                  "Total Cost": 42695.65,
                  "Plan Rows": 929475,
                  "Plan Width": 0,
                  "Actual Startup Time": 0.063,
                  "Actual Total Time": 136.988,
                  "Actual Rows": 719661,
                  "Actual Loops": 4,
                  "Filter": "(keyword_id < 8944)",
                  "Rows Removed by Filter": 411322
                }
              ]
            }
          ]
        }
      ]
    },
    "Planning Time": 0.159,
    "Triggers": [],
    "Execution Time": 193.102
  }
]