[
    {
        "Bao": {
            "Bao prediction": "NaN",
            "Bao recommended hint": "(no hint)"
        }
    },
    {
        "Plan": {
            "Node Type": "Aggregate",
            "Strategy": "Plain",
            "Partial Mode": "Finalize",
            "Parallel Aware": false,
            "Startup Cost": 45008.32,
            "Total Cost": 45008.33,
            "Plan Rows": 1,
            "Plan Width": 8,
            "Actual Startup Time": 127.269,
            "Actual Total Time": 132.071,
            "Actual Rows": 1,
            "Actual Loops": 1,
            "Output": [
                "count(*)"
            ],
            "Plans": [
                {
                    "Node Type": "Gather",
                    "Parent Relationship": "Outer",
                    "Parallel Aware": false,
                    "Startup Cost": 45008.0,
                    "Total Cost": 45008.31,
                    "Plan Rows": 3,
                    "Plan Width": 8,
                    "Actual Startup Time": 127.176,
                    "Actual Total Time": 132.064,
                    "Actual Rows": 4,
                    "Actual Loops": 1,
                    "Output": [
                        "(PARTIAL count(*))"
                    ],
                    "Workers Planned": 3,
                    "Workers Launched": 3,
                    "Single Copy": false,
                    "Plans": [
                        {
                            "Node Type": "Aggregate",
                            "Strategy": "Plain",
                            "Partial Mode": "Partial",
                            "Parent Relationship": "Outer",
                            "Parallel Aware": false,
                            "Startup Cost": 44008.0,
                            "Total Cost": 44008.01,
                            "Plan Rows": 1,
                            "Plan Width": 8,
                            "Actual Startup Time": 119.459,
                            "Actual Total Time": 119.46,
                            "Actual Rows": 1,
                            "Actual Loops": 4,
                            "Output": [
                                "PARTIAL count(*)"
                            ],
                            "Workers": [
                                {
                                    "Worker Number": 0,
                                    "Actual Startup Time": 116.647,
                                    "Actual Total Time": 116.648,
                                    "Actual Rows": 1,
                                    "Actual Loops": 1
                                },
                                {
                                    "Worker Number": 1,
                                    "Actual Startup Time": 117.043,
                                    "Actual Total Time": 117.043,
                                    "Actual Rows": 1,
                                    "Actual Loops": 1
                                },
                                {
                                    "Worker Number": 2,
                                    "Actual Startup Time": 117.244,
                                    "Actual Total Time": 117.245,
                                    "Actual Rows": 1,
                                    "Actual Loops": 1
                                }
                            ],
                            "Plans": [
                                {
                                    "Node Type": "Seq Scan",
                                    "Parent Relationship": "Outer",
                                    "Parallel Aware": true,
                                    "Relation Name": "movie_keyword",
                                    "Schema": "public",
                                    "Alias": "mk",
                                    "Startup Cost": 0.0,
                                    "Total Cost": 42695.65,
                                    "Plan Rows": 524940,
                                    "Plan Width": 0,
                                    "Actual Startup Time": 0.522,
                                    "Actual Total Time": 99.251,
                                    "Actual Rows": 401148,
                                    "Actual Loops": 4,
                                    "Output": [
                                        "id",
                                        "movie_id",
                                        "keyword_id"
                                    ],
                                    "Filter": "(mk.keyword_id > 9506)",
                                    "Rows Removed by Filter": 729834,
                                    "Workers": [
                                        {
                                            "Worker Number": 0,
                                            "Actual Startup Time": 0.057,
                                            "Actual Total Time": 97.746,
                                            "Actual Rows": 353600,
                                            "Actual Loops": 1
                                        },
                                        {
                                            "Worker Number": 1,
                                            "Actual Startup Time": 0.068,
                                            "Actual Total Time": 98.023,
                                            "Actual Rows": 354529,
                                            "Actual Loops": 1
                                        },
                                        {
                                            "Worker Number": 2,
                                            "Actual Startup Time": 0.05,
                                            "Actual Total Time": 98.215,
                                            "Actual Rows": 355183,
                                            "Actual Loops": 1
                                        }
                                    ]
                                }
                            ]
                        }
                    ]
                }
            ]
        },
        "Planning Time": 218.826,
        "Triggers": [],
        "Execution Time": 132.111
    }
]