[
  {
    "Plan": {
      "Node Type": "Aggregate",
      "Strategy": "Plain",
      "Partial Mode": "Finalize",
      "Parallel Aware": false,
      "Startup Cost": 544214.5,
      "Total Cost": 544214.51,
      "Plan Rows": 1,
      "Plan Width": 64,
      "Actual Startup Time": 4177.089,
      "Actual Total Time": 4299.307,
      "Actual Rows": 1,
      "Actual Loops": 1,
      "Plans": [
        {
          "Node Type": "Gather",
          "Parent Relationship": "Outer",
          "Parallel Aware": false,
          "Startup Cost": 544214.18,
          "Total Cost": 544214.49,
          "Plan Rows": 3,
          "Plan Width": 64,
          "Actual Startup Time": 4171.911,
          "Actual Total Time": 4299.299,
          "Actual Rows": 4,
          "Actual Loops": 1,
          "Workers Planned": 3,
          "Workers Launched": 3,
          "Single Copy": false,
          "Plans": [
            {
              "Node Type": "Aggregate",
              "Strategy": "Plain",
              "Partial Mode": "Partial",
              "Parent Relationship": "Outer",
              "Parallel Aware": false,
              "Startup Cost": 543214.18,
              "Total Cost": 543214.19,
              "Plan Rows": 1,
              "Plan Width": 64,
              "Actual Startup Time": 4161.868,
              "Actual Total Time": 4161.886,
              "Actual Rows": 1,
              "Actual Loops": 4,
              "Plans": [
                {
                  "Node Type": "Hash Join",
                  "Parent Relationship": "Outer",
                  "Parallel Aware": true,
                  "Join Type": "Inner",
                  "Startup Cost": 527819.92,
                  "Total Cost": 543213.83,
                  "Plan Rows": 69,
                  "Plan Width": 33,
                  "Actual Startup Time": 4099.879,
                  "Actual Total Time": 4159.662,
                  "Actual Rows": 26757,
                  "Actual Loops": 4,
                  "Inner Unique": false,
                  "Hash Cond": "(an.person_id = n.id)",
                  "Plans": [
                    {
                      "Node Type": "Seq Scan",
                      "Parent Relationship": "Outer",
                      "Parallel Aware": true,
                      "Relation Name": "aka_name",
                      "Alias": "an",
                      "Startup Cost": 0.0,
                      "Total Cost": 14303.56,
                      "Plan Rows": 290756,
                      "Plan Width": 20,
                      "Actual Startup Time": 0.02,
                      "Actual Total Time": 34.082,
                      "Actual Rows": 225336,
                      "Actual Loops": 4
                    },
                    {
                      "Node Type": "Hash",
                      "Parent Relationship": "Inner",
                      "Parallel Aware": true,
                      "Startup Cost": 527819.63,
                      "Total Cost": 527819.63,
                      "Plan Rows": 23,
                      "Plan Width": 25,
                      "Actual Startup Time": 4099.076,
                      "Actual Total Time": 4099.091,
                      "Actual Rows": 16700,
                      "Actual Loops": 4,
                      "Hash Buckets": 131072,
                      "Original Hash Buckets": 1024,
                      "Hash Batches": 1,
                      "Original Hash Batches": 1,
                      "Peak Memory Usage": 6456,
                      "Plans": [
                        {
                          "Node Type": "Hash Join",
                          "Parent Relationship": "Outer",
                          "Parallel Aware": true,
                          "Join Type": "Inner",
                          "Startup Cost": 457881.75,
                          "Total Cost": 527819.63,
                          "Plan Rows": 23,
                          "Plan Width": 25,
                          "Actual Startup Time": 3828.044,
                          "Actual Total Time": 4070.057,
                          "Actual Rows": 16700,
                          "Actual Loops": 4,
                          "Inner Unique": false,
                          "Hash Cond": "(n.id = ci.person_id)",
                          "Plans": [
                            {
                              "Node Type": "Seq Scan",
                              "Parent Relationship": "Outer",
                              "Parallel Aware": true,
                              "Relation Name": "name",
                              "Alias": "n",
                              "Startup Cost": 0.0,
                              "Total Cost": 66031.07,
                              "Plan Rows": 1041807,
                              "Plan Width": 4,
                              "Actual Startup Time": 0.02,
                              "Actual Total Time": 135.015,
                              "Actual Rows": 1041873,
                              "Actual Loops": 4
                            },
                            {
                              "Node Type": "Hash",
                              "Parent Relationship": "Inner",
                              "Parallel Aware": true,
                              "Startup Cost": 457881.56,
                              "Total Cost": 457881.56,
                              "Plan Rows": 15,
                              "Plan Width": 21,
                              "Actual Startup Time": 3826.675,
                              "Actual Total Time": 3826.688,
                              "Actual Rows": 16700,
                              "Actual Loops": 4,
                              "Hash Buckets": 131072,
                              "Original Hash Buckets": 1024,
                              "Hash Batches": 1,
                              "Original Hash Batches": 1,
                              "Peak Memory Usage": 6232,
                              "Plans": [
                                {
                                  "Node Type": "Hash Join",
                                  "Parent Relationship": "Outer",
                                  "Parallel Aware": true,
                                  "Join Type": "Inner",
                                  "Startup Cost": 126957.92,
                                  "Total Cost": 457881.56,
                                  "Plan Rows": 15,
                                  "Plan Width": 21,
                                  "Actual Startup Time": 662.224,
                                  "Actual Total Time": 3503.306,
                                  "Actual Rows": 16700,
                                  "Actual Loops": 4,
                                  "Inner Unique": false,
                                  "Hash Cond": "(ci.movie_id = mk.movie_id)",
                                  "Plans": [
                                    {
                                      "Node Type": "Hash Join",
                                      "Parent Relationship": "Outer",
                                      "Parallel Aware": true,
                                      "Join Type": "Inner",
                                      "Startup Cost": 46178.21,
                                      "Total Cost": 375096.98,
                                      "Plan Rows": 534579,
                                      "Plan Width": 29,
                                      "Actual Startup Time": 144.083,
                                      "Actual Total Time": 2835.12,
                                      "Actual Rows": 901617,
                                      "Actual Loops": 4,
                                      "Inner Unique": true,
                                      "Hash Cond": "(ci.movie_id = t.id)",
                                      "Plans": [
                                        {
                                          "Node Type": "Seq Scan",
                                          "Parent Relationship": "Outer",
                                          "Parallel Aware": true,
                                          "Relation Name": "cast_info",
                                          "Alias": "ci",
                                          "Startup Cost": 0.0,
                                          "Total Cost": 313068.58,
                                          "Plan Rows": 6038158,
                                          "Plan Width": 8,
                                          "Actual Startup Time": 0.018,
                                          "Actual Total Time": 1058.109,
                                          "Actual Rows": 9061086,
                                          "Actual Loops": 4
                                        },
                                        {
                                          "Node Type": "Hash",
                                          "Parent Relationship": "Inner",
                                          "Parallel Aware": true,
                                          "Startup Cost": 45478.74,
                                          "Total Cost": 45478.74,
                                          "Plan Rows": 55958,
                                          "Plan Width": 21,
                                          "Actual Startup Time": 143.168,
                                          "Actual Total Time": 143.169,
                                          "Actual Rows": 54900,
                                          "Actual Loops": 4,
                                          "Hash Buckets": 262144,
                                          "Original Hash Buckets": 262144,
                                          "Hash Batches": 1,
                                          "Original Hash Batches": 1,
                                          "Peak Memory Usage": 14336,
                                          "Plans": [
                                            {
                                              "Node Type": "Seq Scan",
                                              "Parent Relationship": "Outer",
                                              "Parallel Aware": true,
                                              "Relation Name": "title",
                                              "Alias": "t",
                                              "Startup Cost": 0.0,
                                              "Total Cost": 45478.74,
                                              "Plan Rows": 55958,
                                              "Plan Width": 21,
                                              "Actual Startup Time": 0.021,
                                              "Actual Total Time": 118.369,
                                              "Actual Rows": 54900,
                                              "Actual Loops": 4,
                                              "Filter": "((episode_nr >= 16) AND (episode_nr <= 44))",
                                              "Rows Removed by Filter": 577178
                                            }
                                          ]
                                        }
                                      ]
                                    },
                                    {
                                      "Node Type": "Hash",
                                      "Parent Relationship": "Inner",
                                      "Parallel Aware": true,
                                      "Startup Cost": 80779.22,
                                      "Total Cost": 80779.22,
                                      "Plan Rows": 39,
                                      "Plan Width": 8,
                                      "Actual Startup Time": 516.33,
                                      "Actual Total Time": 516.338,
                                      "Actual Rows": 17079,
                                      "Actual Loops": 4,
                                      "Hash Buckets": 131072,
                                      "Original Hash Buckets": 1024,
                                      "Hash Batches": 1,
                                      "Original Hash Batches": 1,
                                      "Peak Memory Usage": 4792,
                                      "Plans": [
                                        {
                                          "Node Type": "Hash Join",
                                          "Parent Relationship": "Outer",
                                          "Parallel Aware": true,
                                          "Join Type": "Inner",
                                          "Startup Cost": 75868.16,
                                          "Total Cost": 80779.22,
                                          "Plan Rows": 39,
                                          "Plan Width": 8,
                                          "Actual Startup Time": 485.474,
                                          "Actual Total Time": 503.637,
                                          "Actual Rows": 17079,
                                          "Actual Loops": 4,
                                          "Inner Unique": false,
                                          "Hash Cond": "(cn.id = mc.company_id)",
                                          "Plans": [
                                            {
                                              "Node Type": "Seq Scan",
                                              "Parent Relationship": "Outer",
                                              "Parallel Aware": true,
                                              "Relation Name": "company_name",
                                              "Alias": "cn",
                                              "Startup Cost": 0.0,
                                              "Total Cost": 4722.92,
                                              "Plan Rows": 50137,
                                              "Plan Width": 4,
                                              "Actual Startup Time": 0.026,
                                              "Actual Total Time": 11.067,
                                              "Actual Rows": 21211,
                                              "Actual Loops": 4,
                                              "Filter": "((country_code)::text = '[us]'::text)",
                                              "Rows Removed by Filter": 37538
                                            },
                                            {
                                              "Node Type": "Hash",
                                              "Parent Relationship": "Inner",
                                              "Parallel Aware": true,
                                              "Startup Cost": 75867.41,
                                              "Total Cost": 75867.41,
                                              "Plan Rows": 60,
                                              "Plan Width": 12,
                                              "Actual Startup Time": 485.314,
                                              "Actual Total Time": 485.319,
                                              "Actual Rows": 37138,
                                              "Actual Loops": 4,
                                              "Hash Buckets": 262144,
                                              "Original Hash Buckets": 1024,
                                              "Hash Batches": 1,
                                              "Original Hash Batches": 1,
                                              "Peak Memory Usage": 11128,
                                              "Plans": [
                                                {
                                                  "Node Type": "Hash Join",
                                                  "Parent Relationship": "Outer",
                                                  "Parallel Aware": true,
                                                  "Join Type": "Inner",
                                                  "Startup Cost": 45504.47,
                                                  "Total Cost": 75867.41,
                                                  "Plan Rows": 60,
                                                  "Plan Width": 12,
                                                  "Actual Startup Time": 286.617,
                                                  "Actual Total Time": 452.367,
                                                  "Actual Rows": 37138,
                                                  "Actual Loops": 4,
                                                  "Inner Unique": false,
                                                  "Hash Cond": "(mc.movie_id = mk.movie_id)",
                                                  "Plans": [
                                                    {
                                                      "Node Type": "Seq Scan",
                                                      "Parent Relationship": "Outer",
                                                      "Parallel Aware": true,
                                                      "Relation Name": "movie_companies",
                                                      "Alias": "mc",
                                                      "Startup Cost": 0.0,
                                                      "Total Cost": 27206.55,
                                                      "Plan Rows": 841655,
                                                      "Plan Width": 8,
                                                      "Actual Startup Time": 0.026,
                                                      "Actual Total Time": 84.65,
                                                      "Actual Rows": 652282,
                                                      "Actual Loops": 4
                                                    },
                                                    {
                                                      "Node Type": "Hash",
                                                      "Parent Relationship": "Inner",
                                                      "Parallel Aware": true,
                                                      "Startup Cost": 45504.33,
                                                      "Total Cost": 45504.33,
                                                      "Plan Rows": 11,
                                                      "Plan Width": 4,
                                                      "Actual Startup Time": 286.379,
                                                      "Actual Total Time": 286.382,
                                                      "Actual Rows": 10460,
                                                      "Actual Loops": 4,
                                                      "Hash Buckets": 65536,
                                                      "Original Hash Buckets": 1024,
                                                      "Hash Batches": 1,
                                                      "Original Hash Batches": 1,
                                                      "Peak Memory Usage": 2712,
                                                      "Plans": [
                                                        {
                                                          "Node Type": "Hash Join",
                                                          "Parent Relationship": "Outer",
                                                          "Parallel Aware": false,
                                                          "Join Type": "Inner",
                                                          "Startup Cost": 2626.14,
                                                          "Total Cost": 45504.33,
                                                          "Plan Rows": 11,
                                                          "Plan Width": 4,
                                                          "Actual Startup Time": 25.729,
                                                          "Actual Total Time": 252.324,
                                                          "Actual Rows": 10460,
                                                          "Actual Loops": 4,
                                                          "Inner Unique": true,
                                                          "Hash Cond": "(mk.keyword_id = k.id)",
                                                          "Plans": [
                                                            {
                                                              "Node Type": "Seq Scan",
                                                              "Parent Relationship": "Outer",
                                                              "Parallel Aware": true,
                                                              "Relation Name": "movie_keyword",
                                                              "Alias": "mk",
                                                              "Startup Cost": 0.0,
                                                              "Total Cost": 39047.32,
                                                              "Plan Rows": 1459332,
                                                              "Plan Width": 8,
                                                              "Actual Startup Time": 0.056,
                                                              "Actual Total Time": 133.666,
                                                              "Actual Rows": 1130982,
                                                              "Actual Loops": 4
                                                            },
                                                            {
                                                              "Node Type": "Hash",
                                                              "Parent Relationship": "Inner",
                                                              "Parallel Aware": false,
                                                              "Startup Cost": 2626.12,
                                                              "Total Cost": 2626.12,
                                                              "Plan Rows": 1,
                                                              "Plan Width": 4,
                                                              "Actual Startup Time": 25.597,
                                                              "Actual Total Time": 25.598,
                                                              "Actual Rows": 1,
                                                              "Actual Loops": 4,
                                                              "Hash Buckets": 1024,
                                                              "Original Hash Buckets": 1024,
                                                              "Hash Batches": 1,
                                                              "Original Hash Batches": 1,
                                                              "Peak Memory Usage": 9,
                                                              "Plans": [
                                                                {
                                                                  "Node Type": "Seq Scan",
                                                                  "Parent Relationship": "Outer",
                                                                  "Parallel Aware": false,
                                                                  "Relation Name": "keyword",
                                                                  "Alias": "k",
                                                                  "Startup Cost": 0.0,
                                                                  "Total Cost": 2626.12,
                                                                  "Plan Rows": 1,
                                                                  "Plan Width": 4,
                                                                  "Actual Startup Time": 1.983,
                                                                  "Actual Total Time": 25.574,
                                                                  "Actual Rows": 1,
                                                                  "Actual Loops": 4,
                                                                  "Filter": "(keyword = 'character-name-in-title'::text)",
                                                                  "Rows Removed by Filter": 134169
                                                                }
                                                              ]
                                                            }
                                                          ]
                                                        }
                                                      ]
                                                    }
                                                  ]
                                                }
                                              ]
                                            }
                                          ]
                                        }
                                      ]
                                    }
                                  ]
                                }
                              ]
                            }
                          ]
                        }
                      ]
                    }
                  ]
                }
              ]
            }
          ]
        }
      ]
    },
    "Planning Time": 18.446,
    "Triggers": [],
    "Execution Time": 4299.742
  }
]