{
  "Plan": {
    "Node Type": "Aggregate",
    "Strategy": "Plain",
    "Partial Mode": "Simple",
    "Parallel Aware": false,
    "Startup Cost": 1466354.52,
    "Total Cost": 1466354.53,
    "Plan Rows": 1,
    "Plan Width": 128,
    "Actual Startup Time": 5731.027,
    "Actual Total Time": 5731.301,
    "Actual Rows": 1,
    "Actual Loops": 1,
    "Plans": [
      {
        "Node Type": "Merge Join",
        "Parent Relationship": "Outer",
        "Parallel Aware": false,
        "Join Type": "Inner",
        "Startup Cost": 1466354.49,
        "Total Cost": 1466354.51,
        "Plan Rows": 1,
        "Plan Width": 81,
        "Actual Startup Time": 5731.007,
        "Actual Total Time": 5731.285,
        "Actual Rows": 28,
        "Actual Loops": 1,
        "Inner Unique": true,
        "Merge Cond": "(mi_idx.info_type_id = it2.id)",
        "Plans": [
          {
            "Node Type": "Sort",
            "Parent Relationship": "Outer",
            "Parallel Aware": false,
            "Startup Cost": 1466352.06,
            "Total Cost": 1466352.07,
            "Plan Rows": 1,
            "Plan Width": 85,
            "Actual Startup Time": 5730.955,
            "Actual Total Time": 5731.229,
            "Actual Rows": 57,
            "Actual Loops": 1,
            "Sort Key": [
              "mi_idx.info_type_id"
            ],
            "Sort Method": "quicksort",
            "Sort Space Used": 34,
            "Sort Space Type": "Memory",
            "Plans": [
              {
                "Node Type": "Merge Join",
                "Parent Relationship": "Outer",
                "Parallel Aware": false,
                "Join Type": "Inner",
                "Startup Cost": 1466352.03,
                "Total Cost": 1466352.05,
                "Plan Rows": 1,
                "Plan Width": 85,
                "Actual Startup Time": 5730.889,
                "Actual Total Time": 5731.178,
                "Actual Rows": 84,
                "Actual Loops": 1,
                "Inner Unique": false,
                "Merge Cond": "(cct2.id = cc.status_id)",
                "Plans": [
                  {
                    "Node Type": "Sort",
                    "Parent Relationship": "Outer",
                    "Parallel Aware": false,
                    "Startup Cost": 1.06,
                    "Total Cost": 1.06,
                    "Plan Rows": 1,
                    "Plan Width": 4,
                    "Actual Startup Time": 0.017,
                    "Actual Total Time": 0.019,
                    "Actual Rows": 1,
                    "Actual Loops": 1,
                    "Sort Key": [
                      "cct2.id"
                    ],
                    "Sort Method": "quicksort",
                    "Sort Space Used": 25,
                    "Sort Space Type": "Memory",
                    "Plans": [
                      {
                        "Node Type": "Seq Scan",
                        "Parent Relationship": "Outer",
                        "Parallel Aware": false,
                        "Relation Name": "comp_cast_type",
                        "Alias": "cct2",
                        "Startup Cost": 0.0,
                        "Total Cost": 1.05,
                        "Plan Rows": 1,
                        "Plan Width": 4,
                        "Actual Startup Time": 0.009,
                        "Actual Total Time": 0.01,
                        "Actual Rows": 1,
                        "Actual Loops": 1,
                        "Filter": "((kind)::text = 'complete+verified'::text)",
                        "Rows Removed by Filter": 3
                      }
                    ]
                  },
                  {
                    "Node Type": "Sort",
                    "Parent Relationship": "Inner",
                    "Parallel Aware": false,
                    "Startup Cost": 1466350.97,
                    "Total Cost": 1466350.97,
                    "Plan Rows": 1,
                    "Plan Width": 89,
                    "Actual Startup Time": 5730.846,
                    "Actual Total Time": 5731.132,
                    "Actual Rows": 324,
                    "Actual Loops": 1,
                    "Sort Key": [
                      "cc.status_id"
                    ],
                    "Sort Method": "quicksort",
                    "Sort Space Used": 58,
                    "Sort Space Type": "Memory",
                    "Plans": [
                      {
                        "Node Type": "Merge Join",
                        "Parent Relationship": "Outer",
                        "Parallel Aware": false,
                        "Join Type": "Inner",
                        "Startup Cost": 1459428.91,
                        "Total Cost": 1466350.96,
                        "Plan Rows": 1,
                        "Plan Width": 89,
                        "Actual Startup Time": 5634.556,
                        "Actual Total Time": 5731.014,
                        "Actual Rows": 324,
                        "Actual Loops": 1,
                        "Inner Unique": false,
                        "Merge Cond": "(t.id = mi.movie_id)",
                        "Plans": [
                          {
                            "Node Type": "Sort",
                            "Parent Relationship": "Outer",
                            "Parallel Aware": false,
                            "Startup Cost": 832739.75,
                            "Total Cost": 832746.19,
                            "Plan Rows": 2573,
                            "Plan Width": 40,
                            "Actual Startup Time": 3673.006,
                            "Actual Total Time": 3673.244,
                            "Actual Rows": 337,
                            "Actual Loops": 1,
                            "Sort Key": [
                              "ci.movie_id"
                            ],
                            "Sort Method": "quicksort",
                            "Sort Space Used": 57,
                            "Sort Space Type": "Memory",
                            "Plans": [
                              {
                                "Node Type": "Merge Join",
                                "Parent Relationship": "Outer",
                                "Parallel Aware": false,
                                "Join Type": "Inner",
                                "Startup Cost": 644522.67,
                                "Total Cost": 832594.0,
                                "Plan Rows": 2573,
                                "Plan Width": 40,
                                "Actual Startup Time": 2216.218,
                                "Actual Total Time": 3672.968,
                                "Actual Rows": 337,
                                "Actual Loops": 1,
                                "Inner Unique": false,
                                "Merge Cond": "(n.id = ci.person_id)",
                                "Plans": [
                                  {
                                    "Node Type": "Index Scan",
                                    "Parent Relationship": "Outer",
                                    "Parallel Aware": false,
                                    "Scan Direction": "Forward",
                                    "Index Name": "name_pkey",
                                    "Relation Name": "name",
                                    "Alias": "n",
                                    "Startup Cost": 0.43,
                                    "Total Cost": 188589.67,
                                    "Plan Rows": 1747242,
                                    "Plan Width": 19,
                                    "Actual Startup Time": 0.019,
                                    "Actual Total Time": 1378.353,
                                    "Actual Rows": 1739579,
                                    "Actual Loops": 1,
                                    "Filter": "((gender)::text = 'm'::text)",
                                    "Rows Removed by Filter": 2427912
                                  },
                                  {
                                    "Node Type": "Sort",
                                    "Parent Relationship": "Inner",
                                    "Parallel Aware": false,
                                    "Startup Cost": 644522.24,
                                    "Total Cost": 644537.58,
                                    "Plan Rows": 6138,
                                    "Plan Width": 29,
                                    "Actual Startup Time": 2209.725,
                                    "Actual Total Time": 2210.008,
                                    "Actual Rows": 338,
                                    "Actual Loops": 1,
                                    "Sort Key": [
                                      "ci.person_id"
                                    ],
                                    "Sort Method": "quicksort",
                                    "Sort Space Used": 89,
                                    "Sort Space Type": "Memory",
                                    "Plans": [
                                      {
                                        "Node Type": "Merge Join",
                                        "Parent Relationship": "Outer",
                                        "Parallel Aware": false,
                                        "Join Type": "Inner",
                                        "Startup Cost": 638170.76,
                                        "Total Cost": 644136.05,
                                        "Plan Rows": 6138,
                                        "Plan Width": 29,
                                        "Actual Startup Time": 1988.36,
                                        "Actual Total Time": 2209.688,
                                        "Actual Rows": 637,
                                        "Actual Loops": 1,
                                        "Inner Unique": false,
                                        "Merge Cond": "(t.id = ci.movie_id)",
                                        "Plans": [
                                          {
                                            "Node Type": "Sort",
                                            "Parent Relationship": "Outer",
                                            "Parallel Aware": false,
                                            "Startup Cost": 51880.31,
                                            "Total Cost": 51913.54,
                                            "Plan Rows": 13293,
                                            "Plan Width": 21,
                                            "Actual Startup Time": 165.097,
                                            "Actual Total Time": 165.296,
                                            "Actual Rows": 533,
                                            "Actual Loops": 1,
                                            "Sort Key": [
                                              "t.id"
                                            ],
                                            "Sort Method": "quicksort",
                                            "Sort Space Used": 70,
                                            "Sort Space Type": "Memory",
                                            "Plans": [
                                              {
                                                "Node Type": "Gather",
                                                "Parent Relationship": "Outer",
                                                "Parallel Aware": false,
                                                "Startup Cost": 1000.0,
                                                "Total Cost": 50969.85,
                                                "Plan Rows": 13293,
                                                "Plan Width": 21,
                                                "Actual Startup Time": 2.943,
                                                "Actual Total Time": 164.949,
                                                "Actual Rows": 533,
                                                "Actual Loops": 1,
                                                "Workers Planned": 4,
                                                "Workers Launched": 4,
                                                "Single Copy": false,
                                                "Plans": [
                                                  {
                                                    "Node Type": "Seq Scan",
                                                    "Parent Relationship": "Outer",
                                                    "Parallel Aware": true,
                                                    "Relation Name": "title",
                                                    "Alias": "t",
                                                    "Startup Cost": 0.0,
                                                    "Total Cost": 48640.54,
                                                    "Plan Rows": 3323,
                                                    "Plan Width": 21,
                                                    "Actual Startup Time": 3.406,
                                                    "Actual Total Time": 155.29,
                                                    "Actual Rows": 107,
                                                    "Actual Loops": 5,
                                                    "Filter": "((production_year > 2000) AND ((title ~~ '%Freddy%'::text) OR (title ~~ '%Jason%'::text) OR (title ~~ 'Saw%'::text)))",
                                                    "Rows Removed by Filter": 505556
                                                  }
                                                ]
                                              }
                                            ]
                                          },
                                          {
                                            "Node Type": "Sort",
                                            "Parent Relationship": "Inner",
                                            "Parallel Aware": false,
                                            "Startup Cost": 586290.45,
                                            "Total Cost": 589209.2,
                                            "Plan Rows": 1167502,
                                            "Plan Width": 8,
                                            "Actual Startup Time": 1820.192,
                                            "Actual Total Time": 1945.192,
                                            "Actual Rows": 1243981,
                                            "Actual Loops": 1,
                                            "Sort Key": [
                                              "ci.movie_id"
                                            ],
                                            "Sort Method": "quicksort",
                                            "Sort Space Used": 107499,
                                            "Sort Space Type": "Memory",
                                            "Plans": [
                                              {
                                                "Node Type": "Gather",
                                                "Parent Relationship": "Outer",
                                                "Parallel Aware": false,
                                                "Startup Cost": 1000.0,
                                                "Total Cost": 468635.47,
                                                "Plan Rows": 1167502,
                                                "Plan Width": 8,
                                                "Actual Startup Time": 133.554,
                                                "Actual Total Time": 1516.595,
                                                "Actual Rows": 1244716,
                                                "Actual Loops": 1,
                                                "Workers Planned": 6,
                                                "Workers Launched": 3,
                                                "Single Copy": false,
                                                "Plans": [
                                                  {
                                                    "Node Type": "Seq Scan",
                                                    "Parent Relationship": "Outer",
                                                    "Parallel Aware": true,
                                                    "Relation Name": "cast_info",
                                                    "Alias": "ci",
                                                    "Startup Cost": 0.0,
                                                    "Total Cost": 350885.27,
                                                    "Plan Rows": 194584,
                                                    "Plan Width": 8,
                                                    "Actual Startup Time": 105.035,
                                                    "Actual Total Time": 1450.933,
                                                    "Actual Rows": 311179,
                                                    "Actual Loops": 4,
                                                    "Filter": "(note = ANY ('{(writer),\"(head writer)\",\"(written by)\",(story),\"(story editor)\"}'::text[]))",
                                                    "Rows Removed by Filter": 8749907
                                                  }
                                                ]
                                              }
                                            ]
                                          }
                                        ]
                                      }
                                    ]
                                  }
                                ]
                              }
                            ]
                          },
                          {
                            "Node Type": "Materialize",
                            "Parent Relationship": "Inner",
                            "Parallel Aware": false,
                            "Startup Cost": 626689.16,
                            "Total Cost": 633598.34,
                            "Plan Rows": 1,
                            "Plan Width": 73,
                            "Actual Startup Time": 1870.049,
                            "Actual Total Time": 2053.984,
                            "Actual Rows": 50212,
                            "Actual Loops": 1,
                            "Plans": [
                              {
                                "Node Type": "Merge Join",
                                "Parent Relationship": "Outer",
                                "Parallel Aware": false,
                                "Join Type": "Inner",
                                "Startup Cost": 626689.16,
                                "Total Cost": 633598.34,
                                "Plan Rows": 1,
                                "Plan Width": 73,
                                "Actual Startup Time": 1870.033,
                                "Actual Total Time": 2040.479,
                                "Actual Rows": 50041,
                                "Actual Loops": 1,
                                "Inner Unique": false,
                                "Merge Cond": "(mi.movie_id = mi_idx.movie_id)",
                                "Plans": [
                                  {
                                    "Node Type": "Sort",
                                    "Parent Relationship": "Outer",
                                    "Parallel Aware": false,
                                    "Startup Cost": 213257.96,
                                    "Total Cost": 213259.52,
                                    "Plan Rows": 623,
                                    "Plan Width": 47,
                                    "Actual Startup Time": 573.348,
                                    "Actual Total Time": 576.239,
                                    "Actual Rows": 67800,
                                    "Actual Loops": 1,
                                    "Sort Key": [
                                      "mi.movie_id"
                                    ],
                                    "Sort Method": "quicksort",
                                    "Sort Space Used": 6460,
                                    "Sort Space Type": "Memory",
                                    "Plans": [
                                      {
                                        "Node Type": "Merge Join",
                                        "Parent Relationship": "Outer",
                                        "Parallel Aware": false,
                                        "Join Type": "Inner",
                                        "Startup Cost": 212870.91,
                                        "Total Cost": 213229.04,
                                        "Plan Rows": 623,
                                        "Plan Width": 47,
                                        "Actual Startup Time": 545.601,
                                        "Actual Total Time": 556.15,
                                        "Actual Rows": 72258,
                                        "Actual Loops": 1,
                                        "Inner Unique": false,
                                        "Merge Cond": "(it1.id = mi.info_type_id)",
                                        "Plans": [
                                          {
                                            "Node Type": "Sort",
                                            "Parent Relationship": "Outer",
                                            "Parallel Aware": false,
                                            "Startup Cost": 2.42,
                                            "Total Cost": 2.43,
                                            "Plan Rows": 1,
                                            "Plan Width": 4,
                                            "Actual Startup Time": 0.035,
                                            "Actual Total Time": 0.037,
                                            "Actual Rows": 1,
                                            "Actual Loops": 1,
                                            "Sort Key": [
                                              "it1.id"
                                            ],
                                            "Sort Method": "quicksort",
                                            "Sort Space Used": 25,
                                            "Sort Space Type": "Memory",
                                            "Plans": [
                                              {
                                                "Node Type": "Seq Scan",
                                                "Parent Relationship": "Outer",
                                                "Parallel Aware": false,
                                                "Relation Name": "info_type",
                                                "Alias": "it1",
                                                "Startup Cost": 0.0,
                                                "Total Cost": 2.41,
                                                "Plan Rows": 1,
                                                "Plan Width": 4,
                                                "Actual Startup Time": 0.02,
                                                "Actual Total Time": 0.025,
                                                "Actual Rows": 1,
                                                "Actual Loops": 1,
                                                "Filter": "((info)::text = 'genres'::text)",
                                                "Rows Removed by Filter": 112
                                              }
                                            ]
                                          },
                                          {
                                            "Node Type": "Sort",
                                            "Parent Relationship": "Inner",
                                            "Parallel Aware": false,
                                            "Startup Cost": 212868.49,
                                            "Total Cost": 213044.44,
                                            "Plan Rows": 70378,
                                            "Plan Width": 51,
                                            "Actual Startup Time": 545.557,
                                            "Actual Total Time": 548.381,
                                            "Actual Rows": 72259,
                                            "Actual Loops": 1,
                                            "Sort Key": [
                                              "mi.info_type_id"
                                            ],
                                            "Sort Method": "quicksort",
                                            "Sort Space Used": 7817,
                                            "Sort Space Type": "Memory",
                                            "Plans": [
                                              {
                                                "Node Type": "Gather",
                                                "Parent Relationship": "Outer",
                                                "Parallel Aware": false,
                                                "Startup Cost": 1000.0,
                                                "Total Cost": 207202.07,
                                                "Plan Rows": 70378,
                                                "Plan Width": 51,
                                                "Actual Startup Time": 346.858,
                                                "Actual Total Time": 533.705,
                                                "Actual Rows": 73047,
                                                "Actual Loops": 1,
                                                "Workers Planned": 5,
                                                "Workers Launched": 5,
                                                "Single Copy": false,
                                                "Plans": [
                                                  {
                                                    "Node Type": "Seq Scan",
                                                    "Parent Relationship": "Outer",
                                                    "Parallel Aware": true,
                                                    "Relation Name": "movie_info",
                                                    "Alias": "mi",
                                                    "Startup Cost": 0.0,
                                                    "Total Cost": 199164.27,
                                                    "Plan Rows": 14076,
                                                    "Plan Width": 51,
                                                    "Actual Startup Time": 337.045,
                                                    "Actual Total Time": 525.33,
                                                    "Actual Rows": 12174,
                                                    "Actual Loops": 6,
                                                    "Filter": "(info = ANY ('{Horror,Thriller}'::text[]))",
                                                    "Rows Removed by Filter": 2460446
                                                  }
                                                ]
                                              }
                                            ]
                                          }
                                        ]
                                      }
                                    ]
                                  },
                                  {
                                    "Node Type": "Materialize",
                                    "Parent Relationship": "Inner",
                                    "Parallel Aware": false,
                                    "Startup Cost": 413431.2,
                                    "Total Cost": 420336.98,
                                    "Plan Rows": 108,
                                    "Plan Width": 26,
                                    "Actual Startup Time": 1295.71,
                                    "Actual Total Time": 1449.108,
                                    "Actual Rows": 108628,
                                    "Actual Loops": 1,
                                    "Plans": [
                                      {
                                        "Node Type": "Merge Join",
                                        "Parent Relationship": "Outer",
                                        "Parallel Aware": false,
                                        "Join Type": "Inner",
                                        "Startup Cost": 413431.2,
                                        "Total Cost": 420336.71,
                                        "Plan Rows": 108,
                                        "Plan Width": 26,
                                        "Actual Startup Time": 1295.703,
                                        "Actual Total Time": 1426.549,
                                        "Actual Rows": 101282,
                                        "Actual Loops": 1,
                                        "Inner Unique": false,
                                        "Merge Cond": "(mk.movie_id = mi_idx.movie_id)",
                                        "Plans": [
                                          {
                                            "Node Type": "Sort",
                                            "Parent Relationship": "Outer",
                                            "Parallel Aware": false,
                                            "Startup Cost": 250957.53,
                                            "Total Cost": 250957.94,
                                            "Plan Rows": 163,
                                            "Plan Width": 12,
                                            "Actual Startup Time": 809.194,
                                            "Actual Total Time": 810.903,
                                            "Actual Rows": 34085,
                                            "Actual Loops": 1,
                                            "Sort Key": [
                                              "cc.movie_id"
                                            ],
                                            "Sort Method": "quicksort",
                                            "Sort Space Used": 3224,
                                            "Sort Space Type": "Memory",
                                            "Plans": [
                                              {
                                                "Node Type": "Merge Join",
                                                "Parent Relationship": "Outer",
                                                "Parallel Aware": false,
                                                "Join Type": "Inner",
                                                "Startup Cost": 250948.25,
                                                "Total Cost": 250951.54,
                                                "Plan Rows": 163,
                                                "Plan Width": 12,
                                                "Actual Startup Time": 796.303,
                                                "Actual Total Time": 801.57,
                                                "Actual Rows": 36010,
                                                "Actual Loops": 1,
                                                "Inner Unique": false,
                                                "Merge Cond": "(cct1.id = cc.subject_id)",
                                                "Plans": [
                                                  {
                                                    "Node Type": "Sort",
                                                    "Parent Relationship": "Outer",
                                                    "Parallel Aware": false,
                                                    "Startup Cost": 1.06,
                                                    "Total Cost": 1.06,
                                                    "Plan Rows": 2,
                                                    "Plan Width": 4,
                                                    "Actual Startup Time": 0.033,
                                                    "Actual Total Time": 0.035,
                                                    "Actual Rows": 2,
                                                    "Actual Loops": 1,
                                                    "Sort Key": [
                                                      "cct1.id"
                                                    ],
                                                    "Sort Method": "quicksort",
                                                    "Sort Space Used": 25,
                                                    "Sort Space Type": "Memory",
                                                    "Plans": [
                                                      {
                                                        "Node Type": "Seq Scan",
                                                        "Parent Relationship": "Outer",
                                                        "Parallel Aware": false,
                                                        "Relation Name": "comp_cast_type",
                                                        "Alias": "cct1",
                                                        "Startup Cost": 0.0,
                                                        "Total Cost": 1.05,
                                                        "Plan Rows": 2,
                                                        "Plan Width": 4,
                                                        "Actual Startup Time": 0.028,
                                                        "Actual Total Time": 0.029,
                                                        "Actual Rows": 2,
                                                        "Actual Loops": 1,
                                                        "Filter": "((kind)::text = ANY ('{cast,crew}'::text[]))",
                                                        "Rows Removed by Filter": 2
                                                      }
                                                    ]
                                                  },
                                                  {
                                                    "Node Type": "Sort",
                                                    "Parent Relationship": "Inner",
                                                    "Parallel Aware": false,
                                                    "Startup Cost": 250947.19,
                                                    "Total Cost": 250948.01,
                                                    "Plan Rows": 327,
                                                    "Plan Width": 16,
                                                    "Actual Startup Time": 796.266,
                                                    "Actual Total Time": 797.667,
                                                    "Actual Rows": 36010,
                                                    "Actual Loops": 1,
                                                    "Sort Key": [
                                                      "cc.subject_id"
                                                    ],
                                                    "Sort Method": "quicksort",
                                                    "Sort Space Used": 3224,
                                                    "Sort Space Type": "Memory",
                                                    "Plans": [
                                                      {
                                                        "Node Type": "Merge Join",
                                                        "Parent Relationship": "Outer",
                                                        "Parallel Aware": false,
                                                        "Join Type": "Inner",
                                                        "Startup Cost": 244054.35,
                                                        "Total Cost": 250933.54,
                                                        "Plan Rows": 327,
                                                        "Plan Width": 16,
                                                        "Actual Startup Time": 737.016,
                                                        "Actual Total Time": 790.386,
                                                        "Actual Rows": 36010,
                                                        "Actual Loops": 1,
                                                        "Inner Unique": false,
                                                        "Merge Cond": "(cc.movie_id = mk.movie_id)",
                                                        "Plans": [
                                                          {
                                                            "Node Type": "Index Scan",
                                                            "Parent Relationship": "Outer",
                                                            "Parallel Aware": false,
                                                            "Scan Direction": "Forward",
                                                            "Index Name": "movie_id_complete_cast",
                                                            "Relation Name": "complete_cast",
                                                            "Alias": "cc",
                                                            "Startup Cost": 0.42,
                                                            "Total Cost": 6650.11,
                                                            "Plan Rows": 135086,
                                                            "Plan Width": 12,
                                                            "Actual Startup Time": 0.021,
                                                            "Actual Total Time": 32.356,
                                                            "Actual Rows": 132440,
                                                            "Actual Loops": 1
                                                          },
                                                          {
                                                            "Node Type": "Sort",
                                                            "Parent Relationship": "Inner",
                                                            "Parallel Aware": false,
                                                            "Startup Cost": 244053.93,
                                                            "Total Cost": 244054.52,
                                                            "Plan Rows": 236,
                                                            "Plan Width": 4,
                                                            "Actual Startup Time": 736.789,
                                                            "Actual Total Time": 740.844,
                                                            "Actual Rows": 87111,
                                                            "Actual Loops": 1,
                                                            "Sort Key": [
                                                              "mk.movie_id"
                                                            ],
                                                            "Sort Method": "quicksort",
                                                            "Sort Space Used": 6668,
                                                            "Sort Space Type": "Memory",
                                                            "Plans": [
                                                              {
                                                                "Node Type": "Merge Join",
                                                                "Parent Relationship": "Outer",
                                                                "Parallel Aware": false,
                                                                "Join Type": "Inner",
                                                                "Startup Cost": 842.63,
                                                                "Total Cost": 244044.63,
                                                                "Plan Rows": 236,
                                                                "Plan Width": 4,
                                                                "Actual Startup Time": 148.512,
                                                                "Actual Total Time": 720.209,
                                                                "Actual Rows": 76714,
                                                                "Actual Loops": 1,
                                                                "Inner Unique": false,
                                                                "Merge Cond": "(k.id = mk.keyword_id)",
                                                                "Plans": [
                                                                  {
                                                                    "Node Type": "Index Scan",
                                                                    "Parent Relationship": "Outer",
                                                                    "Parallel Aware": false,
                                                                    "Scan Direction": "Forward",
                                                                    "Index Name": "keyword_pkey",
                                                                    "Relation Name": "keyword",
                                                                    "Alias": "k",
                                                                    "Startup Cost": 0.42,
                                                                    "Total Cost": 6181.73,
                                                                    "Plan Rows": 7,
                                                                    "Plan Width": 4,
                                                                    "Actual Startup Time": 0.216,
                                                                    "Actual Total Time": 50.971,
                                                                    "Actual Rows": 7,
                                                                    "Actual Loops": 1,
                                                                    "Filter": "(keyword = ANY ('{murder,violence,blood,gore,death,female-nudity,hospital}'::text[]))",
                                                                    "Rows Removed by Filter": 134163
                                                                  },
                                                                  {
                                                                    "Node Type": "Index Scan",
                                                                    "Parent Relationship": "Inner",
                                                                    "Parallel Aware": false,
                                                                    "Scan Direction": "Forward",
                                                                    "Index Name": "keyword_id_movie_keyword",
                                                                    "Relation Name": "movie_keyword",
                                                                    "Alias": "mk",
                                                                    "Startup Cost": 0.43,
                                                                    "Total Cost": 226550.7,
                                                                    "Plan Rows": 4523930,
                                                                    "Plan Width": 8,
                                                                    "Actual Startup Time": 0.018,
                                                                    "Actual Total Time": 603.964,
                                                                    "Actual Rows": 943582,
                                                                    "Actual Loops": 1
                                                                  }
                                                                ]
                                                              }
                                                            ]
                                                          }
                                                        ]
                                                      }
                                                    ]
                                                  }
                                                ]
                                              }
                                            ]
                                          },
                                          {
                                            "Node Type": "Sort",
                                            "Parent Relationship": "Inner",
                                            "Parallel Aware": false,
                                            "Startup Cost": 162473.21,
                                            "Total Cost": 165923.29,
                                            "Plan Rows": 1380035,
                                            "Plan Width": 14,
                                            "Actual Startup Time": 486.122,
                                            "Actual Total Time": 534.916,
                                            "Actual Rows": 1381936,
                                            "Actual Loops": 1,
                                            "Sort Key": [
                                              "mi_idx.movie_id"
                                            ],
                                            "Sort Method": "quicksort",
                                            "Sort Space Used": 128214,
                                            "Sort Space Type": "Memory",
                                            "Plans": [
                                              {
                                                "Node Type": "Seq Scan",
                                                "Parent Relationship": "Outer",
                                                "Parallel Aware": false,
                                                "Relation Name": "movie_info_idx",
                                                "Alias": "mi_idx",
                                                "Startup Cost": 0.0,
                                                "Total Cost": 21735.35,
                                                "Plan Rows": 1380035,
                                                "Plan Width": 14,
                                                "Actual Startup Time": 0.021,
                                                "Actual Total Time": 157.476,
                                                "Actual Rows": 1380035,
                                                "Actual Loops": 1
                                              }
                                            ]
                                          }
                                        ]
                                      }
                                    ]
                                  }
                                ]
                              }
                            ]
                          }
                        ]
                      }
                    ]
                  }
                ]
              }
            ]
          },
          {
            "Node Type": "Sort",
            "Parent Relationship": "Inner",
            "Parallel Aware": false,
            "Startup Cost": 2.42,
            "Total Cost": 2.43,
            "Plan Rows": 1,
            "Plan Width": 4,
            "Actual Startup Time": 0.046,
            "Actual Total Time": 0.046,
            "Actual Rows": 1,
            "Actual Loops": 1,
            "Sort Key": [
              "it2.id"
            ],
            "Sort Method": "quicksort",
            "Sort Space Used": 25,
            "Sort Space Type": "Memory",
            "Plans": [
              {
                "Node Type": "Seq Scan",
                "Parent Relationship": "Outer",
                "Parallel Aware": false,
                "Relation Name": "info_type",
                "Alias": "it2",
                "Startup Cost": 0.0,
                "Total Cost": 2.41,
                "Plan Rows": 1,
                "Plan Width": 4,
                "Actual Startup Time": 0.033,
                "Actual Total Time": 0.035,
                "Actual Rows": 1,
                "Actual Loops": 1,
                "Filter": "((info)::text = 'votes'::text)",
                "Rows Removed by Filter": 112
              }
            ]
          }
        ]
      }
    ]
  },
  "Planning Time": 76.873,
  "Triggers": [],
  "Execution Time": 5748.54
}