[
  {
    "Plan": {
      "Node Type": "Aggregate",
      "Strategy": "Plain",
      "Partial Mode": "Finalize",
      "Parallel Aware": false,
      "Startup Cost": 32822.1,
      "Total Cost": 32822.11,
      "Plan Rows": 1,
      "Plan Width": 8,
      "Actual Startup Time": 82.413,
      "Actual Total Time": 89.988,
      "Actual Rows": 1,
      "Actual Loops": 1,
      "Plans": [
        {
          "Node Type": "Gather",
          "Parent Relationship": "Outer",
          "Parallel Aware": false,
          "Startup Cost": 32821.78,
          "Total Cost": 32822.09,
          "Plan Rows": 3,
          "Plan Width": 8,
          "Actual Startup Time": 82.292,
          "Actual Total Time": 89.981,
          "Actual Rows": 4,
          "Actual Loops": 1,
          "Workers Planned": 3,
          "Workers Launched": 3,
          "Single Copy": false,
          "Plans": [
            {
              "Node Type": "Aggregate",
              "Strategy": "Plain",
              "Partial Mode": "Partial",
              "Parent Relationship": "Outer",
              "Parallel Aware": false,
              "Startup Cost": 31821.78,
              "Total Cost": 31821.79,
              "Plan Rows": 1,
              "Plan Width": 8,
              "Actual Startup Time": 76.03,
              "Actual Total Time": 76.031,
              "Actual Rows": 1,
              "Actual Loops": 4,
              "Plans": [
                {
                  "Node Type": "Seq Scan",
                  "Parent Relationship": "Outer",
                  "Parallel Aware": true,
                  "Relation Name": "movie_companies",
                  "Alias": "mc",
                  "Startup Cost": 0.0,
                  "Total Cost": 31414.82,
                  "Plan Rows": 162784,
                  "Plan Width": 0,
                  "Actual Startup Time": 22.248,
                  "Actual Total Time": 73.426,
                  "Actual Rows": 51160,
                  "Actual Loops": 4,
                  "Filter": "((company_id > 15339) AND (company_type_id < 2))",
                  "Rows Removed by Filter": 601123
                }
              ]
            }
          ]
        }
      ]
    },
    "Planning Time": 0.171,
    "Triggers": [],
    "Execution Time": 90.033
  }
]