[
    {
        "Bao": {
            "Bao prediction": "NaN",
            "Bao recommended hint": "(no hint)"
        }
    },
    {
        "Plan": {
            "Node Type": "Aggregate",
            "Strategy": "Plain",
            "Partial Mode": "Finalize",
            "Parallel Aware": false,
            "Startup Cost": 89831.72,
            "Total Cost": 89831.73,
            "Plan Rows": 1,
            "Plan Width": 8,
            "Actual Startup Time": 327.887,
            "Actual Total Time": 338.729,
            "Actual Rows": 1,
            "Actual Loops": 1,
            "Output": [
                "count(*)"
            ],
            "Plans": [
                {
                    "Node Type": "Gather",
                    "Parent Relationship": "Outer",
                    "Parallel Aware": false,
                    "Startup Cost": 89831.41,
                    "Total Cost": 89831.72,
                    "Plan Rows": 3,
                    "Plan Width": 8,
                    "Actual Startup Time": 327.438,
                    "Actual Total Time": 338.72,
                    "Actual Rows": 4,
                    "Actual Loops": 1,
                    "Output": [
                        "(PARTIAL count(*))"
                    ],
                    "Workers Planned": 3,
                    "Workers Launched": 3,
                    "Single Copy": false,
                    "Plans": [
                        {
                            "Node Type": "Aggregate",
                            "Strategy": "Plain",
                            "Partial Mode": "Partial",
                            "Parent Relationship": "Outer",
                            "Parallel Aware": false,
                            "Startup Cost": 88831.41,
                            "Total Cost": 88831.42,
                            "Plan Rows": 1,
                            "Plan Width": 8,
                            "Actual Startup Time": 318.366,
                            "Actual Total Time": 318.369,
                            "Actual Rows": 1,
                            "Actual Loops": 4,
                            "Output": [
                                "PARTIAL count(*)"
                            ],
                            "Workers": [
                                {
                                    "Worker Number": 0,
                                    "Actual Startup Time": 314.953,
                                    "Actual Total Time": 314.956,
                                    "Actual Rows": 1,
                                    "Actual Loops": 1
                                },
                                {
                                    "Worker Number": 1,
                                    "Actual Startup Time": 315.653,
                                    "Actual Total Time": 315.655,
                                    "Actual Rows": 1,
                                    "Actual Loops": 1
                                },
                                {
                                    "Worker Number": 2,
                                    "Actual Startup Time": 315.992,
                                    "Actual Total Time": 315.995,
                                    "Actual Rows": 1,
                                    "Actual Loops": 1
                                }
                            ],
                            "Plans": [
                                {
                                    "Node Type": "Hash Join",
                                    "Parent Relationship": "Outer",
                                    "Parallel Aware": true,
                                    "Join Type": "Inner",
                                    "Startup Cost": 45803.56,
                                    "Total Cost": 88681.64,
                                    "Plan Rows": 59907,
                                    "Plan Width": 0,
                                    "Actual Startup Time": 155.991,
                                    "Actual Total Time": 316.235,
                                    "Actual Rows": 41085,
                                    "Actual Loops": 4,
                                    "Inner Unique": true,
                                    "Hash Cond": "(mk.movie_id = t.id)",
                                    "Workers": [
                                        {
                                            "Worker Number": 0,
                                            "Actual Startup Time": 152.557,
                                            "Actual Total Time": 312.97,
                                            "Actual Rows": 47629,
                                            "Actual Loops": 1
                                        },
                                        {
                                            "Worker Number": 1,
                                            "Actual Startup Time": 153.273,
                                            "Actual Total Time": 313.608,
                                            "Actual Rows": 49143,
                                            "Actual Loops": 1
                                        },
                                        {
                                            "Worker Number": 2,
                                            "Actual Startup Time": 153.494,
                                            "Actual Total Time": 313.887,
                                            "Actual Rows": 30390,
                                            "Actual Loops": 1
                                        }
                                    ],
                                    "Plans": [
                                        {
                                            "Node Type": "Seq Scan",
                                            "Parent Relationship": "Outer",
                                            "Parallel Aware": true,
                                            "Relation Name": "movie_keyword",
                                            "Schema": "public",
                                            "Alias": "mk",
                                            "Startup Cost": 0.0,
                                            "Total Cost": 39047.32,
                                            "Plan Rows": 1459332,
                                            "Plan Width": 4,
                                            "Actual Startup Time": 0.016,
                                            "Actual Total Time": 95.867,
                                            "Actual Rows": 1130982,
                                            "Actual Loops": 4,
                                            "Output": [
                                                "mk.id",
                                                "mk.movie_id",
                                                "mk.keyword_id"
                                            ],
                                            "Workers": [
                                                {
                                                    "Worker Number": 0,
                                                    "Actual Startup Time": 0.012,
                                                    "Actual Total Time": 98.334,
                                                    "Actual Rows": 1341065,
                                                    "Actual Loops": 1
                                                },
                                                {
                                                    "Worker Number": 1,
                                                    "Actual Startup Time": 0.027,
                                                    "Actual Total Time": 97.595,
                                                    "Actual Rows": 1356790,
                                                    "Actual Loops": 1
                                                },
                                                {
                                                    "Worker Number": 2,
                                                    "Actual Startup Time": 0.018,
                                                    "Actual Total Time": 97.405,
                                                    "Actual Rows": 856365,
                                                    "Actual Loops": 1
                                                }
                                            ]
                                        },
                                        {
                                            "Node Type": "Hash",
                                            "Parent Relationship": "Inner",
                                            "Parallel Aware": true,
                                            "Startup Cost": 45479.21,
                                            "Total Cost": 45479.21,
                                            "Plan Rows": 25948,
                                            "Plan Width": 4,
                                            "Actual Startup Time": 115.718,
                                            "Actual Total Time": 115.718,
                                            "Actual Rows": 24748,
                                            "Actual Loops": 4,
                                            "Output": [
                                                "t.id"
                                            ],
                                            "Hash Buckets": 131072,
                                            "Original Hash Buckets": 131072,
                                            "Hash Batches": 1,
                                            "Original Hash Batches": 1,
                                            "Peak Memory Usage": 4960,
                                            "Workers": [
                                                {
                                                    "Worker Number": 0,
                                                    "Actual Startup Time": 112.939,
                                                    "Actual Total Time": 112.94,
                                                    "Actual Rows": 27240,
                                                    "Actual Loops": 1
                                                },
                                                {
                                                    "Worker Number": 1,
                                                    "Actual Startup Time": 113.619,
                                                    "Actual Total Time": 113.619,
                                                    "Actual Rows": 27723,
                                                    "Actual Loops": 1
                                                },
                                                {
                                                    "Worker Number": 2,
                                                    "Actual Startup Time": 113.888,
                                                    "Actual Total Time": 113.889,
                                                    "Actual Rows": 18269,
                                                    "Actual Loops": 1
                                                }
                                            ],
                                            "Plans": [
                                                {
                                                    "Node Type": "Seq Scan",
                                                    "Parent Relationship": "Outer",
                                                    "Parallel Aware": true,
                                                    "Relation Name": "title",
                                                    "Schema": "public",
                                                    "Alias": "t",
                                                    "Startup Cost": 0.0,
                                                    "Total Cost": 45479.21,
                                                    "Plan Rows": 25948,
                                                    "Plan Width": 4,
                                                    "Actual Startup Time": 50.628,
                                                    "Actual Total Time": 106.252,
                                                    "Actual Rows": 24748,
                                                    "Actual Loops": 4,
                                                    "Output": [
                                                        "t.id"
                                                    ],
                                                    "Filter": "((t.production_year > 2010) AND (t.kind_id = 1))",
                                                    "Rows Removed by Filter": 607330,
                                                    "Workers": [
                                                        {
                                                            "Worker Number": 0,
                                                            "Actual Startup Time": 2.129,
                                                            "Actual Total Time": 104.112,
                                                            "Actual Rows": 27240,
                                                            "Actual Loops": 1
                                                        },
                                                        {
                                                            "Worker Number": 1,
                                                            "Actual Startup Time": 63.79,
                                                            "Actual Total Time": 104.133,
                                                            "Actual Rows": 27723,
                                                            "Actual Loops": 1
                                                        },
                                                        {
                                                            "Worker Number": 2,
                                                            "Actual Startup Time": 64.14,
                                                            "Actual Total Time": 104.711,
                                                            "Actual Rows": 18269,
                                                            "Actual Loops": 1
                                                        }
                                                    ]
                                                }
                                            ]
                                        }
                                    ]
                                }
                            ]
                        }
                    ]
                }
            ]
        },
        "Planning Time": 321.669,
        "Triggers": [],
        "Execution Time": 338.824
    }
]