[
  {
    "Plan": {
      "Node Type": "Aggregate",
      "Strategy": "Plain",
      "Partial Mode": "Finalize",
      "Parallel Aware": false,
      "Startup Cost": 321852.55,
      "Total Cost": 321852.56,
      "Plan Rows": 1,
      "Plan Width": 8,
      "Actual Startup Time": 274.391,
      "Actual Total Time": 289.78,
      "Actual Rows": 1,
      "Actual Loops": 1,
      "Plans": [
        {
          "Node Type": "Gather",
          "Parent Relationship": "Outer",
          "Parallel Aware": false,
          "Startup Cost": 321852.13,
          "Total Cost": 321852.54,
          "Plan Rows": 4,
          "Plan Width": 8,
          "Actual Startup Time": 272.764,
          "Actual Total Time": 289.766,
          "Actual Rows": 5,
          "Actual Loops": 1,
          "Workers Planned": 4,
          "Workers Launched": 4,
          "Single Copy": false,
          "Plans": [
            {
              "Node Type": "Aggregate",
              "Strategy": "Plain",
              "Partial Mode": "Partial",
              "Parent Relationship": "Outer",
              "Parallel Aware": false,
              "Startup Cost": 320852.13,
              "Total Cost": 320852.14,
              "Plan Rows": 1,
              "Plan Width": 8,
              "Actual Startup Time": 267.374,
              "Actual Total Time": 267.38,
              "Actual Rows": 1,
              "Actual Loops": 5,
              "Plans": [
                {
                  "Node Type": "Hash Join",
                  "Parent Relationship": "Outer",
                  "Parallel Aware": true,
                  "Join Type": "Inner",
                  "Startup Cost": 271713.81,
                  "Total Cost": 320553.2,
                  "Plan Rows": 119569,
                  "Plan Width": 0,
                  "Actual Startup Time": 100.123,
                  "Actual Total Time": 265.012,
                  "Actual Rows": 39086,
                  "Actual Loops": 5,
                  "Inner Unique": false,
                  "Hash Cond": "(t.id = ci.movie_id)",
                  "Plans": [
                    {
                      "Node Type": "Seq Scan",
                      "Parent Relationship": "Outer",
                      "Parallel Aware": true,
                      "Relation Name": "title",
                      "Alias": "t",
                      "Startup Cost": 0.0,
                      "Total Cost": 42319.06,
                      "Plan Rows": 632106,
                      "Plan Width": 4,
                      "Actual Startup Time": 0.016,
                      "Actual Total Time": 73.783,
                      "Actual Rows": 505662,
                      "Actual Loops": 5
                    },
                    {
                      "Node Type": "Hash",
                      "Parent Relationship": "Inner",
                      "Parallel Aware": true,
                      "Startup Cost": 270717.39,
                      "Total Cost": 270717.39,
                      "Plan Rows": 79713,
                      "Plan Width": 4,
                      "Actual Startup Time": 98.126,
                      "Actual Total Time": 98.129,
                      "Actual Rows": 39086,
                      "Actual Loops": 5,
                      "Hash Buckets": 524288,
                      "Original Hash Buckets": 524288,
                      "Hash Batches": 1,
                      "Original Hash Batches": 1,
                      "Peak Memory Usage": 11808,
                      "Plans": [
                        {
                          "Node Type": "Bitmap Heap Scan",
                          "Parent Relationship": "Outer",
                          "Parallel Aware": true,
                          "Relation Name": "cast_info",
                          "Alias": "ci",
                          "Startup Cost": 16189.83,
                          "Total Cost": 270717.39,
                          "Plan Rows": 79713,
                          "Plan Width": 4,
                          "Actual Startup Time": 65.279,
                          "Actual Total Time": 81.121,
                          "Actual Rows": 39086,
                          "Actual Loops": 5,
                          "Recheck Cond": "(person_id < 80244)",
                          "Rows Removed by Index Recheck": 0,
                          "Filter": "(role_id > 1)",
                          "Rows Removed by Filter": 111761,
                          "Exact Heap Blocks": 3250,
                          "Lossy Heap Blocks": 0,
                          "Plans": [
                            {
                              "Node Type": "Bitmap Index Scan",
                              "Parent Relationship": "Outer",
                              "Parallel Aware": false,
                              "Index Name": "person_id_cast_info",
                              "Startup Cost": 0.0,
                              "Total Cost": 16070.26,
                              "Plan Rows": 736226,
                              "Plan Width": 0,
                              "Actual Startup Time": 33.066,
                              "Actual Total Time": 33.067,
                              "Actual Rows": 754236,
                              "Actual Loops": 1,
                              "Index Cond": "(person_id < 80244)"
                            }
                          ]
                        }
                      ]
                    }
                  ]
                }
              ]
            }
          ]
        }
      ]
    },
    "Planning Time": 0.408,
    "Triggers": [],
    "Execution Time": 289.844
  }
]