[
  {
    "Plan": {
      "Node Type": "Aggregate",
      "Strategy": "Plain",
      "Partial Mode": "Finalize",
      "Parallel Aware": false,
      "Startup Cost": 29885.95,
      "Total Cost": 29885.96,
      "Plan Rows": 1,
      "Plan Width": 8,
      "Actual Startup Time": 85.496,
      "Actual Total Time": 89.543,
      "Actual Rows": 1,
      "Actual Loops": 1,
      "Plans": [
        {
          "Node Type": "Gather",
          "Parent Relationship": "Outer",
          "Parallel Aware": false,
          "Startup Cost": 29885.63,
          "Total Cost": 29885.94,
          "Plan Rows": 3,
          "Plan Width": 8,
          "Actual Startup Time": 85.354,
          "Actual Total Time": 89.535,
          "Actual Rows": 4,
          "Actual Loops": 1,
          "Workers Planned": 3,
          "Workers Launched": 3,
          "Single Copy": false,
          "Plans": [
            {
              "Node Type": "Aggregate",
              "Strategy": "Plain",
              "Partial Mode": "Partial",
              "Parent Relationship": "Outer",
              "Parallel Aware": false,
              "Startup Cost": 28885.63,
              "Total Cost": 28885.64,
              "Plan Rows": 1,
              "Plan Width": 8,
              "Actual Startup Time": 77.246,
              "Actual Total Time": 77.248,
              "Actual Rows": 1,
              "Actual Loops": 4,
              "Plans": [
                {
                  "Node Type": "Bitmap Heap Scan",
                  "Parent Relationship": "Outer",
                  "Parallel Aware": true,
                  "Relation Name": "movie_companies",
                  "Alias": "mc",
                  "Startup Cost": 8118.17,
                  "Total Cost": 28731.35,
                  "Plan Rows": 61713,
                  "Plan Width": 0,
                  "Actual Startup Time": 33.804,
                  "Actual Total Time": 71.265,
                  "Actual Rows": 95426,
                  "Actual Loops": 4,
                  "Recheck Cond": "(company_id > 84083)",
                  "Rows Removed by Index Recheck": 0,
                  "Filter": "(company_type_id > 1)",
                  "Rows Removed by Filter": 0,
                  "Exact Heap Blocks": 3231,
                  "Lossy Heap Blocks": 0,
                  "Plans": [
                    {
                      "Node Type": "Bitmap Index Scan",
                      "Parent Relationship": "Outer",
                      "Parallel Aware": false,
                      "Index Name": "company_id_movie_companies",
                      "Startup Cost": 0.0,
                      "Total Cost": 8070.35,
                      "Plan Rows": 376789,
                      "Plan Width": 0,
                      "Actual Startup Time": 39.96,
                      "Actual Total Time": 39.961,
                      "Actual Rows": 381702,
                      "Actual Loops": 1,
                      "Index Cond": "(company_id > 84083)"
                    }
                  ]
                }
              ]
            }
          ]
        }
      ]
    },
    "Planning Time": 0.218,
    "Triggers": [],
    "Execution Time": 89.621
  }
]