[
  {
    "Plan": {
      "Node Type": "Aggregate",
      "Strategy": "Plain",
      "Partial Mode": "Finalize",
      "Parallel Aware": false,
      "Startup Cost": 337348.14,
      "Total Cost": 337348.15,
      "Plan Rows": 1,
      "Plan Width": 8,
      "Actual Startup Time": 831.831,
      "Actual Total Time": 876.905,
      "Actual Rows": 1,
      "Actual Loops": 1,
      "Plans": [
        {
          "Node Type": "Gather",
          "Parent Relationship": "Outer",
          "Parallel Aware": false,
          "Startup Cost": 337347.51,
          "Total Cost": 337348.12,
          "Plan Rows": 6,
          "Plan Width": 8,
          "Actual Startup Time": 831.533,
          "Actual Total Time": 876.892,
          "Actual Rows": 7,
          "Actual Loops": 1,
          "Workers Planned": 6,
          "Workers Launched": 6,
          "Single Copy": false,
          "Plans": [
            {
              "Node Type": "Aggregate",
              "Strategy": "Plain",
              "Partial Mode": "Partial",
              "Parent Relationship": "Outer",
              "Parallel Aware": false,
              "Startup Cost": 336347.51,
              "Total Cost": 336347.52,
              "Plan Rows": 1,
              "Plan Width": 8,
              "Actual Startup Time": 822.898,
              "Actual Total Time": 822.899,
              "Actual Rows": 1,
              "Actual Loops": 7,
              "Plans": [
                {
                  "Node Type": "Seq Scan",
                  "Parent Relationship": "Outer",
                  "Parallel Aware": true,
                  "Relation Name": "cast_info",
                  "Alias": "ci",
                  "Startup Cost": 0.0,
                  "Total Cost": 328211.39,
                  "Plan Rows": 3254448,
                  "Plan Width": 0,
                  "Actual Startup Time": 0.056,
                  "Actual Total Time": 665.481,
                  "Actual Rows": 2822629,
                  "Actual Loops": 7,
                  "Filter": "(person_id < 1981201)",
                  "Rows Removed by Filter": 2355134
                }
              ]
            }
          ]
        }
      ]
    },
    "Planning Time": 0.169,
    "Triggers": [],
    "Execution Time": 876.968
  }
]