{
  "Plan": {
    "Node Type": "Aggregate",
    "Strategy": "Plain",
    "Partial Mode": "Simple",
    "Parallel Aware": false,
    "Startup Cost": 176537.23,
    "Total Cost": 176537.24,
    "Plan Rows": 1,
    "Plan Width": 32,
    "Actual Startup Time": 6387.693,
    "Actual Total Time": 6499.615,
    "Actual Rows": 1,
    "Actual Loops": 1,
    "Plans": [
      {
        "Node Type": "Gather",
        "Parent Relationship": "Outer",
        "Parallel Aware": false,
        "Startup Cost": 131878.67,
        "Total Cost": 176537.22,
        "Plan Rows": 1,
        "Plan Width": 17,
        "Actual Startup Time": 6387.685,
        "Actual Total Time": 6499.604,
        "Actual Rows": 0,
        "Actual Loops": 1,
        "Workers Planned": 3,
        "Workers Launched": 3,
        "Single Copy": false,
        "Plans": [
          {
            "Node Type": "Nested Loop",
            "Parent Relationship": "Outer",
            "Parallel Aware": false,
            "Join Type": "Inner",
            "Startup Cost": 130878.67,
            "Total Cost": 175537.12,
            "Plan Rows": 1,
            "Plan Width": 17,
            "Actual Startup Time": 6340.101,
            "Actual Total Time": 6340.122,
            "Actual Rows": 0,
            "Actual Loops": 4,
            "Inner Unique": true,
            "Plans": [
              {
                "Node Type": "Hash Join",
                "Parent Relationship": "Outer",
                "Parallel Aware": false,
                "Join Type": "Inner",
                "Startup Cost": 130878.24,
                "Total Cost": 175536.2,
                "Plan Rows": 2,
                "Plan Width": 21,
                "Actual Startup Time": 3112.883,
                "Actual Total Time": 6093.065,
                "Actual Rows": 121504,
                "Actual Loops": 4,
                "Inner Unique": true,
                "Hash Cond": "(mk.keyword_id = k.id)",
                "Plans": [
                  {
                    "Node Type": "Hash Join",
                    "Parent Relationship": "Outer",
                    "Parallel Aware": true,
                    "Join Type": "Inner",
                    "Startup Cost": 127245.74,
                    "Total Cost": 171802.52,
                    "Plan Rows": 38545,
                    "Plan Width": 25,
                    "Actual Startup Time": 3071.043,
                    "Actual Total Time": 5124.006,
                    "Actual Rows": 19847328,
                    "Actual Loops": 4,
                    "Inner Unique": false,
                    "Hash Cond": "(mk.movie_id = t.id)",
                    "Plans": [
                      {
                        "Node Type": "Seq Scan",
                        "Parent Relationship": "Outer",
                        "Parallel Aware": true,
                        "Relation Name": "movie_keyword",
                        "Alias": "mk",
                        "Startup Cost": 0.0,
                        "Total Cost": 39047.32,
                        "Plan Rows": 1459332,
                        "Plan Width": 8,
                        "Actual Startup Time": 0.013,
                        "Actual Total Time": 88.291,
                        "Actual Rows": 1130982,
                        "Actual Loops": 4
                      },
                      {
                        "Node Type": "Hash",
                        "Parent Relationship": "Inner",
                        "Parallel Aware": true,
                        "Startup Cost": 127165.69,
                        "Total Cost": 127165.69,
                        "Plan Rows": 6404,
                        "Plan Width": 33,
                        "Actual Startup Time": 3022.641,
                        "Actual Total Time": 3022.659,
                        "Actual Rows": 437602,
                        "Actual Loops": 4,
                        "Hash Buckets": 2097152,
                        "Original Hash Buckets": 32768,
                        "Hash Batches": 1,
                        "Original Hash Batches": 1,
                        "Peak Memory Usage": 147296,
                        "Plans": [
                          {
                            "Node Type": "Hash Join",
                            "Parent Relationship": "Outer",
                            "Parallel Aware": true,
                            "Join Type": "Inner",
                            "Startup Cost": 52002.11,
                            "Total Cost": 127165.69,
                            "Plan Rows": 6404,
                            "Plan Width": 33,
                            "Actual Startup Time": 2124.713,
                            "Actual Total Time": 2760.73,
                            "Actual Rows": 437602,
                            "Actual Loops": 4,
                            "Inner Unique": false,
                            "Hash Cond": "(n.id = ci.person_id)",
                            "Plans": [
                              {
                                "Node Type": "Seq Scan",
                                "Parent Relationship": "Outer",
                                "Parallel Aware": true,
                                "Relation Name": "name",
                                "Alias": "n",
                                "Startup Cost": 0.0,
                                "Total Cost": 66031.44,
                                "Plan Rows": 1041844,
                                "Plan Width": 4,
                                "Actual Startup Time": 0.01,
                                "Actual Total Time": 123.007,
                                "Actual Rows": 1041873,
                                "Actual Loops": 4
                              },
                              {
                                "Node Type": "Hash",
                                "Parent Relationship": "Inner",
                                "Parallel Aware": true,
                                "Startup Cost": 51922.06,
                                "Total Cost": 51922.06,
                                "Plan Rows": 6404,
                                "Plan Width": 37,
                                "Actual Startup Time": 2124.463,
                                "Actual Total Time": 2124.478,
                                "Actual Rows": 437602,
                                "Actual Loops": 4,
                                "Hash Buckets": 2097152,
                                "Original Hash Buckets": 32768,
                                "Hash Batches": 1,
                                "Original Hash Batches": 1,
                                "Peak Memory Usage": 154112,
                                "Plans": [
                                  {
                                    "Node Type": "Hash Join",
                                    "Parent Relationship": "Outer",
                                    "Parallel Aware": false,
                                    "Join Type": "Inner",
                                    "Startup Cost": 3238.11,
                                    "Total Cost": 51922.06,
                                    "Plan Rows": 6404,
                                    "Plan Width": 37,
                                    "Actual Startup Time": 646.904,
                                    "Actual Total Time": 1800.981,
                                    "Actual Rows": 437602,
                                    "Actual Loops": 4,
                                    "Inner Unique": true,
                                    "Hash Cond": "(t.kind_id = kt.id)",
                                    "Plans": [
                                      {
                                        "Node Type": "Nested Loop",
                                        "Parent Relationship": "Outer",
                                        "Parallel Aware": false,
                                        "Join Type": "Inner",
                                        "Startup Cost": 3237.01,
                                        "Total Cost": 51732.04,
                                        "Plan Rows": 44828,
                                        "Plan Width": 41,
                                        "Actual Startup Time": 67.726,
                                        "Actual Total Time": 1689.108,
                                        "Actual Rows": 677666,
                                        "Actual Loops": 4,
                                        "Inner Unique": false,
                                        "Plans": [
                                          {
                                            "Node Type": "Hash Join",
                                            "Parent Relationship": "Outer",
                                            "Parallel Aware": false,
                                            "Join Type": "Inner",
                                            "Startup Cost": 3236.45,
                                            "Total Cost": 48556.52,
                                            "Plan Rows": 1199,
                                            "Plan Width": 29,
                                            "Actual Startup Time": 67.593,
                                            "Actual Total Time": 309.744,
                                            "Actual Rows": 17368,
                                            "Actual Loops": 4,
                                            "Inner Unique": true,
                                            "Hash Cond": "(cc.subject_id = cct1.id)",
                                            "Plans": [
                                              {
                                                "Node Type": "Hash Join",
                                                "Parent Relationship": "Outer",
                                                "Parallel Aware": false,
                                                "Join Type": "Inner",
                                                "Startup Cost": 3235.39,
                                                "Total Cost": 48529.52,
                                                "Plan Rows": 4796,
                                                "Plan Width": 33,
                                                "Actual Startup Time": 67.547,
                                                "Actual Total Time": 304.016,
                                                "Actual Rows": 26679,
                                                "Actual Loops": 4,
                                                "Inner Unique": false,
                                                "Hash Cond": "(t.id = cc.movie_id)",
                                                "Plans": [
                                                  {
                                                    "Node Type": "Seq Scan",
                                                    "Parent Relationship": "Outer",
                                                    "Parallel Aware": true,
                                                    "Relation Name": "title",
                                                    "Alias": "t",
                                                    "Startup Cost": 0.0,
                                                    "Total Cost": 43899.59,
                                                    "Plan Rows": 359090,
                                                    "Plan Width": 25,
                                                    "Actual Startup Time": 0.022,
                                                    "Actual Total Time": 110.276,
                                                    "Actual Rows": 360824,
                                                    "Actual Loops": 4,
                                                    "Filter": "(production_year < 2006)",
                                                    "Rows Removed by Filter": 271254
                                                  },
                                                  {
                                                    "Node Type": "Hash",
                                                    "Parent Relationship": "Inner",
                                                    "Parallel Aware": false,
                                                    "Startup Cost": 2813.24,
                                                    "Total Cost": 2813.24,
                                                    "Plan Rows": 33772,
                                                    "Plan Width": 8,
                                                    "Actual Startup Time": 67.167,
                                                    "Actual Total Time": 67.172,
                                                    "Actual Rows": 135086,
                                                    "Actual Loops": 4,
                                                    "Hash Buckets": 262144,
                                                    "Original Hash Buckets": 65536,
                                                    "Hash Batches": 1,
                                                    "Original Hash Batches": 1,
                                                    "Peak Memory Usage": 7325,
                                                    "Plans": [
                                                      {
                                                        "Node Type": "Hash Join",
                                                        "Parent Relationship": "Outer",
                                                        "Parallel Aware": false,
                                                        "Join Type": "Inner",
                                                        "Startup Cost": 1.06,
                                                        "Total Cost": 2813.24,
                                                        "Plan Rows": 33772,
                                                        "Plan Width": 8,
                                                        "Actual Startup Time": 0.073,
                                                        "Actual Total Time": 39.104,
                                                        "Actual Rows": 135086,
                                                        "Actual Loops": 4,
                                                        "Inner Unique": true,
                                                        "Hash Cond": "(cc.status_id = cct2.id)",
                                                        "Plans": [
                                                          {
                                                            "Node Type": "Seq Scan",
                                                            "Parent Relationship": "Outer",
                                                            "Parallel Aware": false,
                                                            "Relation Name": "complete_cast",
                                                            "Alias": "cc",
                                                            "Startup Cost": 0.0,
                                                            "Total Cost": 2081.86,
                                                            "Plan Rows": 135086,
                                                            "Plan Width": 12,
                                                            "Actual Startup Time": 0.032,
                                                            "Actual Total Time": 13.9,
                                                            "Actual Rows": 135086,
                                                            "Actual Loops": 4
                                                          },
                                                          {
                                                            "Node Type": "Hash",
                                                            "Parent Relationship": "Inner",
                                                            "Parallel Aware": false,
                                                            "Startup Cost": 1.05,
                                                            "Total Cost": 1.05,
                                                            "Plan Rows": 1,
                                                            "Plan Width": 4,
                                                            "Actual Startup Time": 0.014,
                                                            "Actual Total Time": 0.016,
                                                            "Actual Rows": 2,
                                                            "Actual Loops": 4,
                                                            "Hash Buckets": 1024,
                                                            "Original Hash Buckets": 1024,
                                                            "Hash Batches": 1,
                                                            "Original Hash Batches": 1,
                                                            "Peak Memory Usage": 9,
                                                            "Plans": [
                                                              {
                                                                "Node Type": "Seq Scan",
                                                                "Parent Relationship": "Outer",
                                                                "Parallel Aware": false,
                                                                "Relation Name": "comp_cast_type",
                                                                "Alias": "cct2",
                                                                "Startup Cost": 0.0,
                                                                "Total Cost": 1.05,
                                                                "Plan Rows": 1,
                                                                "Plan Width": 4,
                                                                "Actual Startup Time": 0.006,
                                                                "Actual Total Time": 0.007,
                                                                "Actual Rows": 2,
                                                                "Actual Loops": 4,
                                                                "Filter": "((kind)::text ~~ '%complete%'::text)",
                                                                "Rows Removed by Filter": 2
                                                              }
                                                            ]
                                                          }
                                                        ]
                                                      }
                                                    ]
                                                  }
                                                ]
                                              },
                                              {
                                                "Node Type": "Hash",
                                                "Parent Relationship": "Inner",
                                                "Parallel Aware": false,
                                                "Startup Cost": 1.05,
                                                "Total Cost": 1.05,
                                                "Plan Rows": 1,
                                                "Plan Width": 4,
                                                "Actual Startup Time": 0.023,
                                                "Actual Total Time": 0.024,
                                                "Actual Rows": 1,
                                                "Actual Loops": 4,
                                                "Hash Buckets": 1024,
                                                "Original Hash Buckets": 1024,
                                                "Hash Batches": 1,
                                                "Original Hash Batches": 1,
                                                "Peak Memory Usage": 9,
                                                "Plans": [
                                                  {
                                                    "Node Type": "Seq Scan",
                                                    "Parent Relationship": "Outer",
                                                    "Parallel Aware": false,
                                                    "Relation Name": "comp_cast_type",
                                                    "Alias": "cct1",
                                                    "Startup Cost": 0.0,
                                                    "Total Cost": 1.05,
                                                    "Plan Rows": 1,
                                                    "Plan Width": 4,
                                                    "Actual Startup Time": 0.016,
                                                    "Actual Total Time": 0.017,
                                                    "Actual Rows": 1,
                                                    "Actual Loops": 4,
                                                    "Filter": "((kind)::text = 'cast'::text)",
                                                    "Rows Removed by Filter": 3
                                                  }
                                                ]
                                              }
                                            ]
                                          },
                                          {
                                            "Node Type": "Index Scan",
                                            "Parent Relationship": "Inner",
                                            "Parallel Aware": false,
                                            "Scan Direction": "Forward",
                                            "Index Name": "movie_id_cast_info",
                                            "Relation Name": "cast_info",
                                            "Alias": "ci",
                                            "Startup Cost": 0.56,
                                            "Total Cost": 2.28,
                                            "Plan Rows": 37,
                                            "Plan Width": 12,
                                            "Actual Startup Time": 0.012,
                                            "Actual Total Time": 0.073,
                                            "Actual Rows": 39,
                                            "Actual Loops": 69472,
                                            "Index Cond": "(movie_id = t.id)",
                                            "Rows Removed by Index Recheck": 0
                                          }
                                        ]
                                      },
                                      {
                                        "Node Type": "Hash",
                                        "Parent Relationship": "Inner",
                                        "Parallel Aware": false,
                                        "Startup Cost": 1.09,
                                        "Total Cost": 1.09,
                                        "Plan Rows": 1,
                                        "Plan Width": 4,
                                        "Actual Startup Time": 0.03,
                                        "Actual Total Time": 0.031,
                                        "Actual Rows": 1,
                                        "Actual Loops": 4,
                                        "Hash Buckets": 1024,
                                        "Original Hash Buckets": 1024,
                                        "Hash Batches": 1,
                                        "Original Hash Batches": 1,
                                        "Peak Memory Usage": 9,
                                        "Plans": [
                                          {
                                            "Node Type": "Seq Scan",
                                            "Parent Relationship": "Outer",
                                            "Parallel Aware": false,
                                            "Relation Name": "kind_type",
                                            "Alias": "kt",
                                            "Startup Cost": 0.0,
                                            "Total Cost": 1.09,
                                            "Plan Rows": 1,
                                            "Plan Width": 4,
                                            "Actual Startup Time": 0.023,
                                            "Actual Total Time": 0.025,
                                            "Actual Rows": 1,
                                            "Actual Loops": 4,
                                            "Filter": "((kind)::text = 'movie'::text)",
                                            "Rows Removed by Filter": 6
                                          }
                                        ]
                                      }
                                    ]
                                  }
                                ]
                              }
                            ]
                          }
                        ]
                      }
                    ]
                  },
                  {
                    "Node Type": "Hash",
                    "Parent Relationship": "Inner",
                    "Parallel Aware": false,
                    "Startup Cost": 3632.4,
                    "Total Cost": 3632.4,
                    "Plan Rows": 8,
                    "Plan Width": 4,
                    "Actual Startup Time": 40.194,
                    "Actual Total Time": 40.195,
                    "Actual Rows": 8,
                    "Actual Loops": 4,
                    "Hash Buckets": 1024,
                    "Original Hash Buckets": 1024,
                    "Hash Batches": 1,
                    "Original Hash Batches": 1,
                    "Peak Memory Usage": 9,
                    "Plans": [
                      {
                        "Node Type": "Seq Scan",
                        "Parent Relationship": "Outer",
                        "Parallel Aware": false,
                        "Relation Name": "keyword",
                        "Alias": "k",
                        "Startup Cost": 0.0,
                        "Total Cost": 3632.4,
                        "Plan Rows": 8,
                        "Plan Width": 4,
                        "Actual Startup Time": 0.344,
                        "Actual Total Time": 40.161,
                        "Actual Rows": 8,
                        "Actual Loops": 4,
                        "Filter": "(keyword = ANY ('{superhero,sequel,second-part,marvel-comics,based-on-comic,tv-special,fight,violence}'::text[]))",
                        "Rows Removed by Filter": 134162
                      }
                    ]
                  }
                ]
              },
              {
                "Node Type": "Index Scan",
                "Parent Relationship": "Inner",
                "Parallel Aware": false,
                "Scan Direction": "Forward",
                "Index Name": "char_name_pkey",
                "Relation Name": "char_name",
                "Alias": "chn",
                "Startup Cost": 0.43,
                "Total Cost": 0.46,
                "Plan Rows": 1,
                "Plan Width": 4,
                "Actual Startup Time": 0.002,
                "Actual Total Time": 0.002,
                "Actual Rows": 0,
                "Actual Loops": 486014,
                "Index Cond": "(id = ci.person_role_id)",
                "Rows Removed by Index Recheck": 0,
                "Filter": "((name !~~ '%Sherlock%'::text) AND ((name ~~ '%Tony%Stark%'::text) OR (name ~~ '%Iron%Man%'::text)))",
                "Rows Removed by Filter": 1
              }
            ]
          }
        ]
      }
    ]
  },
  "Planning Time": 26.71,
  "Triggers": [],
  "Execution Time": 6500.574
}