[
  {
    "Plan": {
      "Node Type": "Aggregate",
      "Strategy": "Plain",
      "Partial Mode": "Finalize",
      "Parallel Aware": false,
      "Startup Cost": 44908.61,
      "Total Cost": 44908.62,
      "Plan Rows": 1,
      "Plan Width": 8,
      "Actual Startup Time": 81.78,
      "Actual Total Time": 93.159,
      "Actual Rows": 1,
      "Actual Loops": 1,
      "Plans": [
        {
          "Node Type": "Gather",
          "Parent Relationship": "Outer",
          "Parallel Aware": false,
          "Startup Cost": 44908.19,
          "Total Cost": 44908.6,
          "Plan Rows": 4,
          "Plan Width": 8,
          "Actual Startup Time": 81.461,
          "Actual Total Time": 93.15,
          "Actual Rows": 5,
          "Actual Loops": 1,
          "Workers Planned": 4,
          "Workers Launched": 4,
          "Single Copy": false,
          "Plans": [
            {
              "Node Type": "Aggregate",
              "Strategy": "Plain",
              "Partial Mode": "Partial",
              "Parent Relationship": "Outer",
              "Parallel Aware": false,
              "Startup Cost": 43908.19,
              "Total Cost": 43908.2,
              "Plan Rows": 1,
              "Plan Width": 8,
              "Actual Startup Time": 76.527,
              "Actual Total Time": 76.528,
              "Actual Rows": 1,
              "Actual Loops": 5,
              "Plans": [
                {
                  "Node Type": "Seq Scan",
                  "Parent Relationship": "Outer",
                  "Parallel Aware": true,
                  "Relation Name": "title",
                  "Alias": "t",
                  "Startup Cost": 0.0,
                  "Total Cost": 43898.92,
                  "Plan Rows": 3708,
                  "Plan Width": 0,
                  "Actual Startup Time": 0.101,
                  "Actual Total Time": 76.216,
                  "Actual Rows": 2747,
                  "Actual Loops": 5,
                  "Filter": "(production_year = 1974)",
                  "Rows Removed by Filter": 502915
                }
              ]
            }
          ]
        }
      ]
    },
    "Planning Time": 0.15,
    "Triggers": [],
    "Execution Time": 93.215
  }
]