{
  "Plan": {
    "Node Type": "Aggregate",
    "Strategy": "Plain",
    "Partial Mode": "Finalize",
    "Parallel Aware": false,
    "Startup Cost": 135164.49,
    "Total Cost": 135164.5,
    "Plan Rows": 1,
    "Plan Width": 8,
    "Actual Startup Time": 1180.195,
    "Actual Total Time": 1200.442,
    "Actual Rows": 1,
    "Actual Loops": 1,
    "Plans": [
      {
        "Node Type": "Gather",
        "Parent Relationship": "Outer",
        "Parallel Aware": false,
        "Startup Cost": 135164.38,
        "Total Cost": 135164.49,
        "Plan Rows": 1,
        "Plan Width": 8,
        "Actual Startup Time": 1174.253,
        "Actual Total Time": 1200.432,
        "Actual Rows": 2,
        "Actual Loops": 1,
        "Workers Planned": 1,
        "Workers Launched": 1,
        "Single Copy": false,
        "Plans": [
          {
            "Node Type": "Aggregate",
            "Strategy": "Plain",
            "Partial Mode": "Partial",
            "Parent Relationship": "Outer",
            "Parallel Aware": false,
            "Startup Cost": 134164.38,
            "Total Cost": 134164.39,
            "Plan Rows": 1,
            "Plan Width": 8,
            "Actual Startup Time": 1163.368,
            "Actual Total Time": 1163.372,
            "Actual Rows": 1,
            "Actual Loops": 2,
            "Plans": [
              {
                "Node Type": "Hash Join",
                "Parent Relationship": "Outer",
                "Parallel Aware": true,
                "Join Type": "Inner",
                "Startup Cost": 69460.7,
                "Total Cost": 127511.54,
                "Plan Rows": 2661135,
                "Plan Width": 0,
                "Actual Startup Time": 541.674,
                "Actual Total Time": 1073.945,
                "Actual Rows": 2261965,
                "Actual Loops": 2,
                "Inner Unique": true,
                "Hash Cond": "(mk.movie_id = t.id)",
                "Plans": [
                  {
                    "Node Type": "Seq Scan",
                    "Parent Relationship": "Outer",
                    "Parallel Aware": true,
                    "Relation Name": "movie_keyword",
                    "Alias": "mk",
                    "Startup Cost": 0.0,
                    "Total Cost": 51065.35,
                    "Plan Rows": 2661135,
                    "Plan Width": 4,
                    "Actual Startup Time": 0.03,
                    "Actual Total Time": 165.153,
                    "Actual Rows": 2261965,
                    "Actual Loops": 2
                  },
                  {
                    "Node Type": "Hash",
                    "Parent Relationship": "Inner",
                    "Parallel Aware": true,
                    "Startup Cost": 50870.31,
                    "Total Cost": 50870.31,
                    "Plan Rows": 1487231,
                    "Plan Width": 4,
                    "Actual Startup Time": 520.31,
                    "Actual Total Time": 520.311,
                    "Actual Rows": 1264156,
                    "Actual Loops": 2,
                    "Hash Buckets": 4194304,
                    "Original Hash Buckets": 4194304,
                    "Hash Batches": 1,
                    "Original Hash Batches": 1,
                    "Peak Memory Usage": 131712,
                    "Plans": [
                      {
                        "Node Type": "Seq Scan",
                        "Parent Relationship": "Outer",
                        "Parallel Aware": true,
                        "Relation Name": "title",
                        "Alias": "t",
                        "Startup Cost": 0.0,
                        "Total Cost": 50870.31,
                        "Plan Rows": 1487231,
                        "Plan Width": 4,
                        "Actual Startup Time": 0.038,
                        "Actual Total Time": 157.416,
                        "Actual Rows": 1264156,
                        "Actual Loops": 2
                      }
                    ]
                  }
                ]
              }
            ]
          }
        ]
      }
    ]
  },
  "Planning Time": 0.564,
  "Triggers": [],
  "Execution Time": 1200.504
}