[
    {
        "Bao": {
            "Bao prediction": "NaN",
            "Bao recommended hint": "(no hint)"
        }
    },
    {
        "Plan": {
            "Node Type": "Aggregate",
            "Strategy": "Plain",
            "Partial Mode": "Finalize",
            "Parallel Aware": false,
            "Startup Cost": 291074.86,
            "Total Cost": 291074.87,
            "Plan Rows": 1,
            "Plan Width": 8,
            "Actual Startup Time": 915.665,
            "Actual Total Time": 942.634,
            "Actual Rows": 1,
            "Actual Loops": 1,
            "Output": [
                "count(*)"
            ],
            "Plans": [
                {
                    "Node Type": "Gather",
                    "Parent Relationship": "Outer",
                    "Parallel Aware": false,
                    "Startup Cost": 291074.55,
                    "Total Cost": 291074.86,
                    "Plan Rows": 3,
                    "Plan Width": 8,
                    "Actual Startup Time": 893.991,
                    "Actual Total Time": 942.626,
                    "Actual Rows": 4,
                    "Actual Loops": 1,
                    "Output": [
                        "(PARTIAL count(*))"
                    ],
                    "Workers Planned": 3,
                    "Workers Launched": 3,
                    "Single Copy": false,
                    "Plans": [
                        {
                            "Node Type": "Aggregate",
                            "Strategy": "Plain",
                            "Partial Mode": "Partial",
                            "Parent Relationship": "Outer",
                            "Parallel Aware": false,
                            "Startup Cost": 290074.55,
                            "Total Cost": 290074.56,
                            "Plan Rows": 1,
                            "Plan Width": 8,
                            "Actual Startup Time": 881.985,
                            "Actual Total Time": 881.99,
                            "Actual Rows": 1,
                            "Actual Loops": 4,
                            "Output": [
                                "PARTIAL count(*)"
                            ],
                            "Workers": [
                                {
                                    "Worker Number": 0,
                                    "Actual Startup Time": 878.105,
                                    "Actual Total Time": 878.11,
                                    "Actual Rows": 1,
                                    "Actual Loops": 1
                                },
                                {
                                    "Worker Number": 1,
                                    "Actual Startup Time": 878.084,
                                    "Actual Total Time": 878.089,
                                    "Actual Rows": 1,
                                    "Actual Loops": 1
                                },
                                {
                                    "Worker Number": 2,
                                    "Actual Startup Time": 878.344,
                                    "Actual Total Time": 878.349,
                                    "Actual Rows": 1,
                                    "Actual Loops": 1
                                }
                            ],
                            "Plans": [
                                {
                                    "Node Type": "Hash Join",
                                    "Parent Relationship": "Outer",
                                    "Parallel Aware": true,
                                    "Join Type": "Inner",
                                    "Startup Cost": 243179.25,
                                    "Total Cost": 289180.57,
                                    "Plan Rows": 357589,
                                    "Plan Width": 0,
                                    "Actual Startup Time": 666.725,
                                    "Actual Total Time": 861.203,
                                    "Actual Rows": 520562,
                                    "Actual Loops": 4,
                                    "Inner Unique": false,
                                    "Hash Cond": "(mk.movie_id = t.id)",
                                    "Workers": [
                                        {
                                            "Worker Number": 0,
                                            "Actual Startup Time": 662.987,
                                            "Actual Total Time": 857.272,
                                            "Actual Rows": 513109,
                                            "Actual Loops": 1
                                        },
                                        {
                                            "Worker Number": 1,
                                            "Actual Startup Time": 663.034,
                                            "Actual Total Time": 857.284,
                                            "Actual Rows": 511779,
                                            "Actual Loops": 1
                                        },
                                        {
                                            "Worker Number": 2,
                                            "Actual Startup Time": 663.339,
                                            "Actual Total Time": 858.022,
                                            "Actual Rows": 510049,
                                            "Actual Loops": 1
                                        }
                                    ],
                                    "Plans": [
                                        {
                                            "Node Type": "Seq Scan",
                                            "Parent Relationship": "Outer",
                                            "Parallel Aware": true,
                                            "Relation Name": "movie_keyword",
                                            "Schema": "public",
                                            "Alias": "mk",
                                            "Startup Cost": 0.0,
                                            "Total Cost": 42695.65,
                                            "Plan Rows": 690798,
                                            "Plan Width": 4,
                                            "Actual Startup Time": 0.022,
                                            "Actual Total Time": 96.323,
                                            "Actual Rows": 535558,
                                            "Actual Loops": 4,
                                            "Output": [
                                                "mk.id",
                                                "mk.movie_id",
                                                "mk.keyword_id"
                                            ],
                                            "Filter": "(mk.keyword_id < 4001)",
                                            "Rows Removed by Filter": 595424,
                                            "Workers": [
                                                {
                                                    "Worker Number": 0,
                                                    "Actual Startup Time": 0.015,
                                                    "Actual Total Time": 97.607,
                                                    "Actual Rows": 528782,
                                                    "Actual Loops": 1
                                                },
                                                {
                                                    "Worker Number": 1,
                                                    "Actual Startup Time": 0.013,
                                                    "Actual Total Time": 97.192,
                                                    "Actual Rows": 526874,
                                                    "Actual Loops": 1
                                                },
                                                {
                                                    "Worker Number": 2,
                                                    "Actual Startup Time": 0.047,
                                                    "Actual Total Time": 97.862,
                                                    "Actual Rows": 523893,
                                                    "Actual Loops": 1
                                                }
                                            ]
                                        },
                                        {
                                            "Node Type": "Hash",
                                            "Parent Relationship": "Inner",
                                            "Parallel Aware": true,
                                            "Startup Cost": 239907.31,
                                            "Total Cost": 239907.31,
                                            "Plan Rows": 261755,
                                            "Plan Width": 8,
                                            "Actual Startup Time": 659.483,
                                            "Actual Total Time": 659.487,
                                            "Actual Rows": 322232,
                                            "Actual Loops": 4,
                                            "Output": [
                                                "t.id",
                                                "mi.movie_id"
                                            ],
                                            "Hash Buckets": 2097152,
                                            "Original Hash Buckets": 2097152,
                                            "Hash Batches": 1,
                                            "Original Hash Batches": 1,
                                            "Peak Memory Usage": 66880,
                                            "Workers": [
                                                {
                                                    "Worker Number": 0,
                                                    "Actual Startup Time": 662.352,
                                                    "Actual Total Time": 662.356,
                                                    "Actual Rows": 323316,
                                                    "Actual Loops": 1
                                                },
                                                {
                                                    "Worker Number": 1,
                                                    "Actual Startup Time": 662.211,
                                                    "Actual Total Time": 662.215,
                                                    "Actual Rows": 320369,
                                                    "Actual Loops": 1
                                                },
                                                {
                                                    "Worker Number": 2,
                                                    "Actual Startup Time": 662.772,
                                                    "Actual Total Time": 662.775,
                                                    "Actual Rows": 316922,
                                                    "Actual Loops": 1
                                                }
                                            ],
                                            "Plans": [
                                                {
                                                    "Node Type": "Hash Join",
                                                    "Parent Relationship": "Outer",
                                                    "Parallel Aware": true,
                                                    "Join Type": "Inner",
                                                    "Startup Cost": 73955.26,
                                                    "Total Cost": 239907.31,
                                                    "Plan Rows": 261755,
                                                    "Plan Width": 8,
                                                    "Actual Startup Time": 364.934,
                                                    "Actual Total Time": 546.668,
                                                    "Actual Rows": 322232,
                                                    "Actual Loops": 4,
                                                    "Output": [
                                                        "t.id",
                                                        "mi.movie_id"
                                                    ],
                                                    "Inner Unique": true,
                                                    "Hash Cond": "(mi.movie_id = t.id)",
                                                    "Workers": [
                                                        {
                                                            "Worker Number": 0,
                                                            "Actual Startup Time": 364.989,
                                                            "Actual Total Time": 546.103,
                                                            "Actual Rows": 323316,
                                                            "Actual Loops": 1
                                                        },
                                                        {
                                                            "Worker Number": 1,
                                                            "Actual Startup Time": 365.007,
                                                            "Actual Total Time": 547.167,
                                                            "Actual Rows": 320369,
                                                            "Actual Loops": 1
                                                        },
                                                        {
                                                            "Worker Number": 2,
                                                            "Actual Startup Time": 364.571,
                                                            "Actual Total Time": 545.275,
                                                            "Actual Rows": 316922,
                                                            "Actual Loops": 1
                                                        }
                                                    ],
                                                    "Plans": [
                                                        {
                                                            "Node Type": "Bitmap Heap Scan",
                                                            "Parent Relationship": "Outer",
                                                            "Parallel Aware": true,
                                                            "Relation Name": "movie_info",
                                                            "Schema": "public",
                                                            "Alias": "mi",
                                                            "Startup Cost": 23735.46,
                                                            "Total Cost": 189000.4,
                                                            "Plan Rows": 261755,
                                                            "Plan Width": 4,
                                                            "Actual Startup Time": 44.708,
                                                            "Actual Total Time": 79.232,
                                                            "Actual Rows": 322232,
                                                            "Actual Loops": 4,
                                                            "Output": [
                                                                "mi.id",
                                                                "mi.movie_id",
                                                                "mi.info_type_id",
                                                                "mi.info",
                                                                "mi.note"
                                                            ],
                                                            "Recheck Cond": "(mi.info_type_id = 2)",
                                                            "Rows Removed by Index Recheck": 0,
                                                            "Exact Heap Blocks": 2188,
                                                            "Lossy Heap Blocks": 0,
                                                            "Workers": [
                                                                {
                                                                    "Worker Number": 0,
                                                                    "Actual Startup Time": 44.767,
                                                                    "Actual Total Time": 80.181,
                                                                    "Actual Rows": 323316,
                                                                    "Actual Loops": 1
                                                                },
                                                                {
                                                                    "Worker Number": 1,
                                                                    "Actual Startup Time": 44.78,
                                                                    "Actual Total Time": 79.799,
                                                                    "Actual Rows": 320369,
                                                                    "Actual Loops": 1
                                                                },
                                                                {
                                                                    "Worker Number": 2,
                                                                    "Actual Startup Time": 44.502,
                                                                    "Actual Total Time": 80.179,
                                                                    "Actual Rows": 316922,
                                                                    "Actual Loops": 1
                                                                }
                                                            ],
                                                            "Plans": [
                                                                {
                                                                    "Node Type": "Bitmap Index Scan",
                                                                    "Parent Relationship": "Outer",
                                                                    "Parallel Aware": false,
                                                                    "Index Name": "info_type_id_movie_info",
                                                                    "Startup Cost": 0.0,
                                                                    "Total Cost": 23408.26,
                                                                    "Plan Rows": 1308777,
                                                                    "Plan Width": 0,
                                                                    "Actual Startup Time": 43.282,
                                                                    "Actual Total Time": 43.282,
                                                                    "Actual Rows": 1288928,
                                                                    "Actual Loops": 1,
                                                                    "Index Cond": "(mi.info_type_id = 2)",
                                                                    "Workers": [
                                                                        {
                                                                            "Worker Number": 2,
                                                                            "Actual Startup Time": 43.282,
                                                                            "Actual Total Time": 43.282,
                                                                            "Actual Rows": 1288928,
                                                                            "Actual Loops": 1
                                                                        }
                                                                    ]
                                                                }
                                                            ]
                                                        },
                                                        {
                                                            "Node Type": "Hash",
                                                            "Parent Relationship": "Inner",
                                                            "Parallel Aware": true,
                                                            "Startup Cost": 42318.81,
                                                            "Total Cost": 42318.81,
                                                            "Plan Rows": 632080,
                                                            "Plan Width": 4,
                                                            "Actual Startup Time": 313.588,
                                                            "Actual Total Time": 313.589,
                                                            "Actual Rows": 632078,
                                                            "Actual Loops": 4,
                                                            "Output": [
                                                                "t.id"
                                                            ],
                                                            "Hash Buckets": 4194304,
                                                            "Original Hash Buckets": 4194304,
                                                            "Hash Batches": 1,
                                                            "Original Hash Batches": 1,
                                                            "Peak Memory Usage": 131712,
                                                            "Workers": [
                                                                {
                                                                    "Worker Number": 0,
                                                                    "Actual Startup Time": 320.144,
                                                                    "Actual Total Time": 320.145,
                                                                    "Actual Rows": 615431,
                                                                    "Actual Loops": 1
                                                                },
                                                                {
                                                                    "Worker Number": 1,
                                                                    "Actual Startup Time": 320.14,
                                                                    "Actual Total Time": 320.141,
                                                                    "Actual Rows": 608253,
                                                                    "Actual Loops": 1
                                                                },
                                                                {
                                                                    "Worker Number": 2,
                                                                    "Actual Startup Time": 319.993,
                                                                    "Actual Total Time": 319.994,
                                                                    "Actual Rows": 561947,
                                                                    "Actual Loops": 1
                                                                }
                                                            ],
                                                            "Plans": [
                                                                {
                                                                    "Node Type": "Seq Scan",
                                                                    "Parent Relationship": "Outer",
                                                                    "Parallel Aware": true,
                                                                    "Relation Name": "title",
                                                                    "Schema": "public",
                                                                    "Alias": "t",
                                                                    "Startup Cost": 0.0,
                                                                    "Total Cost": 42318.81,
                                                                    "Plan Rows": 632080,
                                                                    "Plan Width": 4,
                                                                    "Actual Startup Time": 0.036,
                                                                    "Actual Total Time": 85.982,
                                                                    "Actual Rows": 632078,
                                                                    "Actual Loops": 4,
                                                                    "Output": [
                                                                        "t.id"
                                                                    ],
                                                                    "Workers": [
                                                                        {
                                                                            "Worker Number": 0,
                                                                            "Actual Startup Time": 0.041,
                                                                            "Actual Total Time": 90.002,
                                                                            "Actual Rows": 615431,
                                                                            "Actual Loops": 1
                                                                        },
                                                                        {
                                                                            "Worker Number": 1,
                                                                            "Actual Startup Time": 0.038,
                                                                            "Actual Total Time": 89.655,
                                                                            "Actual Rows": 608253,
                                                                            "Actual Loops": 1
                                                                        },
                                                                        {
                                                                            "Worker Number": 2,
                                                                            "Actual Startup Time": 0.047,
                                                                            "Actual Total Time": 88.253,
                                                                            "Actual Rows": 561947,
                                                                            "Actual Loops": 1
                                                                        }
                                                                    ]
                                                                }
                                                            ]
                                                        }
                                                    ]
                                                }
                                            ]
                                        }
                                    ]
                                }
                            ]
                        }
                    ]
                }
            ]
        },
        "Planning Time": 212.437,
        "Triggers": [],
        "Execution Time": 942.765
    }
]