[
    {
        "Bao": {
            "Bao prediction": "NaN",
            "Bao recommended hint": "(no hint)"
        }
    },
    {
        "Plan": {
            "Node Type": "Aggregate",
            "Strategy": "Plain",
            "Partial Mode": "Finalize",
            "Parallel Aware": false,
            "Startup Cost": 100014.01,
            "Total Cost": 100014.02,
            "Plan Rows": 1,
            "Plan Width": 8,
            "Actual Startup Time": 789.419,
            "Actual Total Time": 800.562,
            "Actual Rows": 1,
            "Actual Loops": 1,
            "Output": [
                "count(*)"
            ],
            "Plans": [
                {
                    "Node Type": "Gather",
                    "Parent Relationship": "Outer",
                    "Parallel Aware": false,
                    "Startup Cost": 100013.8,
                    "Total Cost": 100014.01,
                    "Plan Rows": 2,
                    "Plan Width": 8,
                    "Actual Startup Time": 783.818,
                    "Actual Total Time": 800.554,
                    "Actual Rows": 3,
                    "Actual Loops": 1,
                    "Output": [
                        "(PARTIAL count(*))"
                    ],
                    "Workers Planned": 2,
                    "Workers Launched": 2,
                    "Single Copy": false,
                    "Plans": [
                        {
                            "Node Type": "Aggregate",
                            "Strategy": "Plain",
                            "Partial Mode": "Partial",
                            "Parent Relationship": "Outer",
                            "Parallel Aware": false,
                            "Startup Cost": 99013.8,
                            "Total Cost": 99013.81,
                            "Plan Rows": 1,
                            "Plan Width": 8,
                            "Actual Startup Time": 775.524,
                            "Actual Total Time": 776.034,
                            "Actual Rows": 1,
                            "Actual Loops": 3,
                            "Output": [
                                "PARTIAL count(*)"
                            ],
                            "Workers": [
                                {
                                    "Worker Number": 0,
                                    "Actual Startup Time": 770.911,
                                    "Actual Total Time": 770.915,
                                    "Actual Rows": 1,
                                    "Actual Loops": 1
                                },
                                {
                                    "Worker Number": 1,
                                    "Actual Startup Time": 772.123,
                                    "Actual Total Time": 772.127,
                                    "Actual Rows": 1,
                                    "Actual Loops": 1
                                }
                            ],
                            "Plans": [
                                {
                                    "Node Type": "Hash Join",
                                    "Parent Relationship": "Outer",
                                    "Parallel Aware": true,
                                    "Join Type": "Inner",
                                    "Startup Cost": 82124.96,
                                    "Total Cost": 98490.11,
                                    "Plan Rows": 209477,
                                    "Plan Width": 0,
                                    "Actual Startup Time": 609.623,
                                    "Actual Total Time": 755.751,
                                    "Actual Rows": 521312,
                                    "Actual Loops": 3,
                                    "Inner Unique": false,
                                    "Hash Cond": "(mi_idx.movie_id = t.id)",
                                    "Workers": [
                                        {
                                            "Worker Number": 0,
                                            "Actual Startup Time": 605.423,
                                            "Actual Total Time": 750.431,
                                            "Actual Rows": 518086,
                                            "Actual Loops": 1
                                        },
                                        {
                                            "Worker Number": 1,
                                            "Actual Startup Time": 605.45,
                                            "Actual Total Time": 751.837,
                                            "Actual Rows": 513362,
                                            "Actual Loops": 1
                                        }
                                    ],
                                    "Plans": [
                                        {
                                            "Node Type": "Seq Scan",
                                            "Parent Relationship": "Outer",
                                            "Parallel Aware": true,
                                            "Relation Name": "movie_info_idx",
                                            "Schema": "public",
                                            "Alias": "mi_idx",
                                            "Startup Cost": 0.0,
                                            "Total Cost": 13685.15,
                                            "Plan Rows": 575015,
                                            "Plan Width": 4,
                                            "Actual Startup Time": 0.024,
                                            "Actual Total Time": 34.998,
                                            "Actual Rows": 460012,
                                            "Actual Loops": 3,
                                            "Output": [
                                                "mi_idx.id",
                                                "mi_idx.movie_id",
                                                "mi_idx.info_type_id",
                                                "mi_idx.info",
                                                "mi_idx.note"
                                            ],
                                            "Workers": [
                                                {
                                                    "Worker Number": 0,
                                                    "Actual Startup Time": 0.034,
                                                    "Actual Total Time": 36.23,
                                                    "Actual Rows": 458643,
                                                    "Actual Loops": 1
                                                },
                                                {
                                                    "Worker Number": 1,
                                                    "Actual Startup Time": 0.027,
                                                    "Actual Total Time": 37.328,
                                                    "Actual Rows": 457107,
                                                    "Actual Loops": 1
                                                }
                                            ]
                                        },
                                        {
                                            "Node Type": "Hash",
                                            "Parent Relationship": "Inner",
                                            "Parallel Aware": true,
                                            "Startup Cost": 79246.64,
                                            "Total Cost": 79246.64,
                                            "Plan Rows": 230266,
                                            "Plan Width": 8,
                                            "Actual Startup Time": 606.364,
                                            "Actual Total Time": 606.872,
                                            "Actual Rows": 306197,
                                            "Actual Loops": 3,
                                            "Output": [
                                                "t.id",
                                                "mc.movie_id"
                                            ],
                                            "Hash Buckets": 1048576,
                                            "Original Hash Buckets": 1048576,
                                            "Hash Batches": 1,
                                            "Original Hash Batches": 1,
                                            "Peak Memory Usage": 44160,
                                            "Workers": [
                                                {
                                                    "Worker Number": 0,
                                                    "Actual Startup Time": 604.604,
                                                    "Actual Total Time": 604.607,
                                                    "Actual Rows": 310423,
                                                    "Actual Loops": 1
                                                },
                                                {
                                                    "Worker Number": 1,
                                                    "Actual Startup Time": 604.591,
                                                    "Actual Total Time": 604.593,
                                                    "Actual Rows": 306634,
                                                    "Actual Loops": 1
                                                }
                                            ],
                                            "Plans": [
                                                {
                                                    "Node Type": "Hash Join",
                                                    "Parent Relationship": "Outer",
                                                    "Parallel Aware": true,
                                                    "Join Type": "Inner",
                                                    "Startup Cost": 33024.64,
                                                    "Total Cost": 79246.64,
                                                    "Plan Rows": 230266,
                                                    "Plan Width": 8,
                                                    "Actual Startup Time": 173.882,
                                                    "Actual Total Time": 531.11,
                                                    "Actual Rows": 306197,
                                                    "Actual Loops": 3,
                                                    "Output": [
                                                        "t.id",
                                                        "mc.movie_id"
                                                    ],
                                                    "Inner Unique": false,
                                                    "Hash Cond": "(t.id = mc.movie_id)",
                                                    "Workers": [
                                                        {
                                                            "Worker Number": 0,
                                                            "Actual Startup Time": 172.082,
                                                            "Actual Total Time": 528.367,
                                                            "Actual Rows": 310423,
                                                            "Actual Loops": 1
                                                        },
                                                        {
                                                            "Worker Number": 1,
                                                            "Actual Startup Time": 172.136,
                                                            "Actual Total Time": 528.445,
                                                            "Actual Rows": 306634,
                                                            "Actual Loops": 1
                                                        }
                                                    ],
                                                    "Plans": [
                                                        {
                                                            "Node Type": "Seq Scan",
                                                            "Parent Relationship": "Outer",
                                                            "Parallel Aware": true,
                                                            "Relation Name": "title",
                                                            "Schema": "public",
                                                            "Alias": "t",
                                                            "Startup Cost": 0.0,
                                                            "Total Cost": 42318.81,
                                                            "Plan Rows": 632080,
                                                            "Plan Width": 4,
                                                            "Actual Startup Time": 0.013,
                                                            "Actual Total Time": 81.975,
                                                            "Actual Rows": 842771,
                                                            "Actual Loops": 3,
                                                            "Output": [
                                                                "t.id",
                                                                "t.title",
                                                                "t.imdb_index",
                                                                "t.kind_id",
                                                                "t.production_year",
                                                                "t.imdb_id",
                                                                "t.phonetic_code",
                                                                "t.episode_of_id",
                                                                "t.season_nr",
                                                                "t.episode_nr",
                                                                "t.series_years",
                                                                "t.md5sum"
                                                            ],
                                                            "Workers": [
                                                                {
                                                                    "Worker Number": 0,
                                                                    "Actual Startup Time": 0.016,
                                                                    "Actual Total Time": 87.192,
                                                                    "Actual Rows": 854639,
                                                                    "Actual Loops": 1
                                                                },
                                                                {
                                                                    "Worker Number": 1,
                                                                    "Actual Startup Time": 0.016,
                                                                    "Actual Total Time": 86.391,
                                                                    "Actual Rows": 843138,
                                                                    "Actual Loops": 1
                                                                }
                                                            ]
                                                        },
                                                        {
                                                            "Node Type": "Hash",
                                                            "Parent Relationship": "Inner",
                                                            "Parallel Aware": true,
                                                            "Startup Cost": 29310.68,
                                                            "Total Cost": 29310.68,
                                                            "Plan Rows": 297117,
                                                            "Plan Width": 4,
                                                            "Actual Startup Time": 171.61,
                                                            "Actual Total Time": 171.612,
                                                            "Actual Rows": 306197,
                                                            "Actual Loops": 3,
                                                            "Output": [
                                                                "mc.movie_id"
                                                            ],
                                                            "Hash Buckets": 1048576,
                                                            "Original Hash Buckets": 1048576,
                                                            "Hash Batches": 1,
                                                            "Original Hash Batches": 1,
                                                            "Peak Memory Usage": 44192,
                                                            "Workers": [
                                                                {
                                                                    "Worker Number": 0,
                                                                    "Actual Startup Time": 171.818,
                                                                    "Actual Total Time": 171.819,
                                                                    "Actual Rows": 277559,
                                                                    "Actual Loops": 1
                                                                },
                                                                {
                                                                    "Worker Number": 1,
                                                                    "Actual Startup Time": 171.82,
                                                                    "Actual Total Time": 171.821,
                                                                    "Actual Rows": 272804,
                                                                    "Actual Loops": 1
                                                                }
                                                            ],
                                                            "Plans": [
                                                                {
                                                                    "Node Type": "Seq Scan",
                                                                    "Parent Relationship": "Outer",
                                                                    "Parallel Aware": true,
                                                                    "Relation Name": "movie_companies",
                                                                    "Schema": "public",
                                                                    "Alias": "mc",
                                                                    "Startup Cost": 0.0,
                                                                    "Total Cost": 29310.68,
                                                                    "Plan Rows": 297117,
                                                                    "Plan Width": 4,
                                                                    "Actual Startup Time": 0.05,
                                                                    "Actual Total Time": 86.404,
                                                                    "Actual Rows": 306197,
                                                                    "Actual Loops": 3,
                                                                    "Output": [
                                                                        "mc.movie_id"
                                                                    ],
                                                                    "Filter": "(mc.company_id < 3139)",
                                                                    "Rows Removed by Filter": 563513,
                                                                    "Workers": [
                                                                        {
                                                                            "Worker Number": 0,
                                                                            "Actual Startup Time": 0.063,
                                                                            "Actual Total Time": 88.763,
                                                                            "Actual Rows": 277559,
                                                                            "Actual Loops": 1
                                                                        },
                                                                        {
                                                                            "Worker Number": 1,
                                                                            "Actual Startup Time": 0.062,
                                                                            "Actual Total Time": 89.062,
                                                                            "Actual Rows": 272804,
                                                                            "Actual Loops": 1
                                                                        }
                                                                    ]
                                                                }
                                                            ]
                                                        }
                                                    ]
                                                }
                                            ]
                                        }
                                    ]
                                }
                            ]
                        }
                    ]
                }
            ]
        },
        "Planning Time": 181.641,
        "Triggers": [],
        "Execution Time": 800.62
    }
]