{
  "Plan": {
    "Node Type": "Aggregate",
    "Strategy": "Plain",
    "Partial Mode": "Finalize",
    "Parallel Aware": false,
    "Startup Cost": 302011.34,
    "Total Cost": 302011.35,
    "Plan Rows": 1,
    "Plan Width": 8,
    "Actual Startup Time": 182.772,
    "Actual Total Time": 199.889,
    "Actual Rows": 1,
    "Actual Loops": 1,
    "Plans": [
      {
        "Node Type": "Gather",
        "Parent Relationship": "Outer",
        "Parallel Aware": false,
        "Startup Cost": 302011.22,
        "Total Cost": 302011.33,
        "Plan Rows": 1,
        "Plan Width": 8,
        "Actual Startup Time": 182.618,
        "Actual Total Time": 199.881,
        "Actual Rows": 2,
        "Actual Loops": 1,
        "Workers Planned": 1,
        "Workers Launched": 1,
        "Single Copy": false,
        "Plans": [
          {
            "Node Type": "Aggregate",
            "Strategy": "Plain",
            "Partial Mode": "Partial",
            "Parent Relationship": "Outer",
            "Parallel Aware": false,
            "Startup Cost": 301011.22,
            "Total Cost": 301011.23,
            "Plan Rows": 1,
            "Plan Width": 8,
            "Actual Startup Time": 176.574,
            "Actual Total Time": 176.576,
            "Actual Rows": 1,
            "Actual Loops": 2,
            "Plans": [
              {
                "Node Type": "Nested Loop",
                "Parent Relationship": "Outer",
                "Parallel Aware": false,
                "Join Type": "Inner",
                "Startup Cost": 0.56,
                "Total Cost": 300940.19,
                "Plan Rows": 28414,
                "Plan Width": 0,
                "Actual Startup Time": 102.207,
                "Actual Total Time": 176.22,
                "Actual Rows": 3826,
                "Actual Loops": 2,
                "Inner Unique": false,
                "Plans": [
                  {
                    "Node Type": "Seq Scan",
                    "Parent Relationship": "Outer",
                    "Parallel Aware": true,
                    "Relation Name": "title",
                    "Alias": "t",
                    "Startup Cost": 0.0,
                    "Total Cost": 54588.39,
                    "Plan Rows": 1983,
                    "Plan Width": 4,
                    "Actual Startup Time": 102.108,
                    "Actual Total Time": 151.415,
                    "Actual Rows": 1708,
                    "Actual Loops": 2,
                    "Filter": "(production_year = 1909)",
                    "Rows Removed by Filter": 1262448
                  },
                  {
                    "Node Type": "Index Only Scan",
                    "Parent Relationship": "Inner",
                    "Parallel Aware": false,
                    "Scan Direction": "Forward",
                    "Index Name": "movie_id_cast_info",
                    "Relation Name": "cast_info",
                    "Alias": "ci",
                    "Startup Cost": 0.56,
                    "Total Cost": 123.86,
                    "Plan Rows": 37,
                    "Plan Width": 4,
                    "Actual Startup Time": 0.01,
                    "Actual Total Time": 0.014,
                    "Actual Rows": 2,
                    "Actual Loops": 3417,
                    "Index Cond": "(movie_id = t.id)",
                    "Rows Removed by Index Recheck": 0,
                    "Heap Fetches": 7651
                  }
                ]
              }
            ]
          }
        ]
      }
    ]
  },
  "Planning Time": 0.51,
  "Triggers": [],
  "Execution Time": 199.965
}