[
  {
    "Plan": {
      "Node Type": "Aggregate",
      "Strategy": "Plain",
      "Partial Mode": "Finalize",
      "Parallel Aware": false,
      "Startup Cost": 67506.15,
      "Total Cost": 67506.16,
      "Plan Rows": 1,
      "Plan Width": 8,
      "Actual Startup Time": 172.479,
      "Actual Total Time": 187.87,
      "Actual Rows": 1,
      "Actual Loops": 1,
      "Plans": [
        {
          "Node Type": "Gather",
          "Parent Relationship": "Outer",
          "Parallel Aware": false,
          "Startup Cost": 67505.73,
          "Total Cost": 67506.14,
          "Plan Rows": 4,
          "Plan Width": 8,
          "Actual Startup Time": 171.971,
          "Actual Total Time": 187.858,
          "Actual Rows": 5,
          "Actual Loops": 1,
          "Workers Planned": 4,
          "Workers Launched": 4,
          "Single Copy": false,
          "Plans": [
            {
              "Node Type": "Aggregate",
              "Strategy": "Plain",
              "Partial Mode": "Partial",
              "Parent Relationship": "Outer",
              "Parallel Aware": false,
              "Startup Cost": 66505.73,
              "Total Cost": 66505.74,
              "Plan Rows": 1,
              "Plan Width": 8,
              "Actual Startup Time": 162.191,
              "Actual Total Time": 162.195,
              "Actual Rows": 1,
              "Actual Loops": 5,
              "Plans": [
                {
                  "Node Type": "Hash Join",
                  "Parent Relationship": "Outer",
                  "Parallel Aware": true,
                  "Join Type": "Inner",
                  "Startup Cost": 20970.92,
                  "Total Cost": 66481.41,
                  "Plan Rows": 9730,
                  "Plan Width": 0,
                  "Actual Startup Time": 120.557,
                  "Actual Total Time": 161.534,
                  "Actual Rows": 14710,
                  "Actual Loops": 5,
                  "Inner Unique": false,
                  "Hash Cond": "(t.id = mc.movie_id)",
                  "Plans": [
                    {
                      "Node Type": "Seq Scan",
                      "Parent Relationship": "Outer",
                      "Parallel Aware": true,
                      "Relation Name": "title",
                      "Alias": "t",
                      "Startup Cost": 0.0,
                      "Total Cost": 42318.73,
                      "Plan Rows": 632073,
                      "Plan Width": 4,
                      "Actual Startup Time": 0.014,
                      "Actual Total Time": 67.208,
                      "Actual Rows": 505662,
                      "Actual Loops": 5
                    },
                    {
                      "Node Type": "Hash",
                      "Parent Relationship": "Inner",
                      "Parallel Aware": true,
                      "Startup Cost": 20813.98,
                      "Total Cost": 20813.98,
                      "Plan Rows": 12555,
                      "Plan Width": 4,
                      "Actual Startup Time": 30.677,
                      "Actual Total Time": 30.678,
                      "Actual Rows": 14710,
                      "Actual Loops": 5,
                      "Hash Buckets": 131072,
                      "Original Hash Buckets": 65536,
                      "Hash Batches": 1,
                      "Original Hash Batches": 1,
                      "Peak Memory Usage": 4448,
                      "Plans": [
                        {
                          "Node Type": "Bitmap Heap Scan",
                          "Parent Relationship": "Outer",
                          "Parallel Aware": true,
                          "Relation Name": "movie_companies",
                          "Alias": "mc",
                          "Startup Cost": 1653.07,
                          "Total Cost": 20813.98,
                          "Plan Rows": 12555,
                          "Plan Width": 4,
                          "Actual Startup Time": 4.31,
                          "Actual Total Time": 19.961,
                          "Actual Rows": 14710,
                          "Actual Loops": 5,
                          "Recheck Cond": "(company_id > 174248)",
                          "Rows Removed by Index Recheck": 0,
                          "Filter": "(company_type_id = 2)",
                          "Rows Removed by Filter": 0,
                          "Exact Heap Blocks": 929,
                          "Lossy Heap Blocks": 0,
                          "Plans": [
                            {
                              "Node Type": "Bitmap Index Scan",
                              "Parent Relationship": "Outer",
                              "Parallel Aware": false,
                              "Index Name": "company_id_movie_companies",
                              "Startup Cost": 0.0,
                              "Total Cost": 1643.34,
                              "Plan Rows": 76655,
                              "Plan Width": 0,
                              "Actual Startup Time": 8.94,
                              "Actual Total Time": 8.941,
                              "Actual Rows": 73552,
                              "Actual Loops": 1,
                              "Index Cond": "(company_id > 174248)"
                            }
                          ]
                        }
                      ]
                    }
                  ]
                }
              ]
            }
          ]
        }
      ]
    },
    "Planning Time": 0.625,
    "Triggers": [],
    "Execution Time": 187.961
  }
]