[
  {
    "Plan": {
      "Node Type": "Aggregate",
      "Strategy": "Plain",
      "Partial Mode": "Finalize",
      "Parallel Aware": false,
      "Startup Cost": 28998.98,
      "Total Cost": 28998.99,
      "Plan Rows": 1,
      "Plan Width": 8,
      "Actual Startup Time": 58.561,
      "Actual Total Time": 68.59,
      "Actual Rows": 1,
      "Actual Loops": 1,
      "Plans": [
        {
          "Node Type": "Gather",
          "Parent Relationship": "Outer",
          "Parallel Aware": false,
          "Startup Cost": 28998.66,
          "Total Cost": 28998.97,
          "Plan Rows": 3,
          "Plan Width": 8,
          "Actual Startup Time": 58.334,
          "Actual Total Time": 68.584,
          "Actual Rows": 4,
          "Actual Loops": 1,
          "Workers Planned": 3,
          "Workers Launched": 3,
          "Single Copy": false,
          "Plans": [
            {
              "Node Type": "Aggregate",
              "Strategy": "Plain",
              "Partial Mode": "Partial",
              "Parent Relationship": "Outer",
              "Parallel Aware": false,
              "Startup Cost": 27998.66,
              "Total Cost": 27998.67,
              "Plan Rows": 1,
              "Plan Width": 8,
              "Actual Startup Time": 53.0,
              "Actual Total Time": 53.001,
              "Actual Rows": 1,
              "Actual Loops": 4,
              "Plans": [
                {
                  "Node Type": "Bitmap Heap Scan",
                  "Parent Relationship": "Outer",
                  "Parallel Aware": true,
                  "Relation Name": "movie_keyword",
                  "Alias": "mk",
                  "Startup Cost": 2886.53,
                  "Total Cost": 27888.97,
                  "Plan Rows": 43875,
                  "Plan Width": 0,
                  "Actual Startup Time": 12.091,
                  "Actual Total Time": 50.784,
                  "Actual Rows": 33458,
                  "Actual Loops": 4,
                  "Recheck Cond": "(keyword_id > 75817)",
                  "Rows Removed by Index Recheck": 0,
                  "Exact Heap Blocks": 10806,
                  "Lossy Heap Blocks": 0,
                  "Plans": [
                    {
                      "Node Type": "Bitmap Index Scan",
                      "Parent Relationship": "Outer",
                      "Parallel Aware": false,
                      "Index Name": "keyword_id_movie_keyword",
                      "Startup Cost": 0.0,
                      "Total Cost": 2852.53,
                      "Plan Rows": 136013,
                      "Plan Width": 0,
                      "Actual Startup Time": 12.798,
                      "Actual Total Time": 12.798,
                      "Actual Rows": 133833,
                      "Actual Loops": 1,
                      "Index Cond": "(keyword_id > 75817)"
                    }
                  ]
                }
              ]
            }
          ]
        }
      ]
    },
    "Planning Time": 0.065,
    "Triggers": [],
    "Execution Time": 68.624
  }
]