{
  "Plan": {
    "Node Type": "Aggregate",
    "Strategy": "Plain",
    "Partial Mode": "Finalize",
    "Parallel Aware": false,
    "Startup Cost": 613012.01,
    "Total Cost": 613012.02,
    "Plan Rows": 1,
    "Plan Width": 8,
    "Actual Startup Time": 2065.594,
    "Actual Total Time": 2102.008,
    "Actual Rows": 1,
    "Actual Loops": 1,
    "Plans": [
      {
        "Node Type": "Gather",
        "Parent Relationship": "Outer",
        "Parallel Aware": false,
        "Startup Cost": 613011.89,
        "Total Cost": 613012.0,
        "Plan Rows": 1,
        "Plan Width": 8,
        "Actual Startup Time": 2064.218,
        "Actual Total Time": 2102.0,
        "Actual Rows": 2,
        "Actual Loops": 1,
        "Workers Planned": 1,
        "Workers Launched": 1,
        "Single Copy": false,
        "Plans": [
          {
            "Node Type": "Aggregate",
            "Strategy": "Plain",
            "Partial Mode": "Partial",
            "Parent Relationship": "Outer",
            "Parallel Aware": false,
            "Startup Cost": 612011.89,
            "Total Cost": 612011.9,
            "Plan Rows": 1,
            "Plan Width": 8,
            "Actual Startup Time": 2057.646,
            "Actual Total Time": 2057.652,
            "Actual Rows": 1,
            "Actual Loops": 2,
            "Plans": [
              {
                "Node Type": "Hash Join",
                "Parent Relationship": "Outer",
                "Parallel Aware": true,
                "Join Type": "Inner",
                "Startup Cost": 298409.34,
                "Total Cost": 609632.14,
                "Plan Rows": 951903,
                "Plan Width": 0,
                "Actual Startup Time": 1238.835,
                "Actual Total Time": 2008.563,
                "Actual Rows": 1191346,
                "Actual Loops": 2,
                "Inner Unique": false,
                "Hash Cond": "(ci.movie_id = t.id)",
                "Plans": [
                  {
                    "Node Type": "Bitmap Heap Scan",
                    "Parent Relationship": "Outer",
                    "Parallel Aware": true,
                    "Relation Name": "cast_info",
                    "Alias": "ci",
                    "Startup Cost": 122315.74,
                    "Total Cost": 415723.02,
                    "Plan Rows": 3257622,
                    "Plan Width": 4,
                    "Actual Startup Time": 213.739,
                    "Actual Total Time": 508.964,
                    "Actual Rows": 2690248,
                    "Actual Loops": 2,
                    "Recheck Cond": "(person_id > 3120248)",
                    "Rows Removed by Index Recheck": 0,
                    "Exact Heap Blocks": 39702,
                    "Lossy Heap Blocks": 0,
                    "Plans": [
                      {
                        "Node Type": "Bitmap Index Scan",
                        "Parent Relationship": "Outer",
                        "Parallel Aware": false,
                        "Index Name": "person_id_cast_info",
                        "Startup Cost": 0.0,
                        "Total Cost": 120931.25,
                        "Plan Rows": 5537958,
                        "Plan Width": 0,
                        "Actual Startup Time": 201.024,
                        "Actual Total Time": 201.025,
                        "Actual Rows": 5380496,
                        "Actual Loops": 1,
                        "Index Cond": "(person_id > 3120248)"
                      }
                    ]
                  },
                  {
                    "Node Type": "Hash",
                    "Parent Relationship": "Inner",
                    "Parallel Aware": true,
                    "Startup Cost": 170661.34,
                    "Total Cost": 170661.34,
                    "Plan Rows": 434581,
                    "Plan Width": 8,
                    "Actual Startup Time": 1015.874,
                    "Actual Total Time": 1015.875,
                    "Actual Rows": 197354,
                    "Actual Loops": 2,
                    "Hash Buckets": 1048576,
                    "Original Hash Buckets": 1048576,
                    "Hash Batches": 1,
                    "Original Hash Batches": 1,
                    "Peak Memory Usage": 23680,
                    "Plans": [
                      {
                        "Node Type": "Merge Join",
                        "Parent Relationship": "Outer",
                        "Parallel Aware": false,
                        "Join Type": "Inner",
                        "Startup Cost": 3.06,
                        "Total Cost": 170661.34,
                        "Plan Rows": 434581,
                        "Plan Width": 8,
                        "Actual Startup Time": 0.474,
                        "Actual Total Time": 967.223,
                        "Actual Rows": 197354,
                        "Actual Loops": 2,
                        "Inner Unique": false,
                        "Merge Cond": "(t.id = mi_idx.movie_id)",
                        "Plans": [
                          {
                            "Node Type": "Index Scan",
                            "Parent Relationship": "Outer",
                            "Parallel Aware": true,
                            "Scan Direction": "Forward",
                            "Index Name": "title_pkey",
                            "Relation Name": "title",
                            "Alias": "t",
                            "Startup Cost": 0.43,
                            "Total Cost": 107365.5,
                            "Plan Rows": 796173,
                            "Plan Width": 4,
                            "Actual Startup Time": 0.088,
                            "Actual Total Time": 625.028,
                            "Actual Rows": 663888,
                            "Actual Loops": 2,
                            "Filter": "((production_year < 2012) AND (kind_id = 7))",
                            "Rows Removed by Filter": 599270
                          },
                          {
                            "Node Type": "Index Only Scan",
                            "Parent Relationship": "Inner",
                            "Parallel Aware": false,
                            "Scan Direction": "Forward",
                            "Index Name": "movie_id_movie_info_idx",
                            "Relation Name": "movie_info_idx",
                            "Alias": "mi_idx",
                            "Startup Cost": 0.43,
                            "Total Cost": 53620.22,
                            "Plan Rows": 1380035,
                            "Plan Width": 4,
                            "Actual Startup Time": 0.169,
                            "Actual Total Time": 234.257,
                            "Actual Rows": 1380035,
                            "Actual Loops": 2,
                            "Heap Fetches": 2760070
                          }
                        ]
                      }
                    ]
                  }
                ]
              }
            ]
          }
        ]
      }
    ]
  },
  "Planning Time": 1.139,
  "Triggers": [],
  "Execution Time": 2102.132
}