[
  {
    "Plan": {
      "Node Type": "Aggregate",
      "Strategy": "Plain",
      "Partial Mode": "Simple",
      "Parallel Aware": false,
      "Startup Cost": 12326.09,
      "Total Cost": 12326.1,
      "Plan Rows": 1,
      "Plan Width": 8,
      "Actual Startup Time": 9.162,
      "Actual Total Time": 9.163,
      "Actual Rows": 1,
      "Actual Loops": 1,
      "Plans": [
        {
          "Node Type": "Bitmap Heap Scan",
          "Parent Relationship": "Outer",
          "Parallel Aware": false,
          "Relation Name": "movie_companies",
          "Alias": "mc",
          "Startup Cost": 124.24,
          "Total Cost": 12311.96,
          "Plan Rows": 5653,
          "Plan Width": 0,
          "Actual Startup Time": 2.028,
          "Actual Total Time": 8.766,
          "Actual Rows": 5080,
          "Actual Loops": 1,
          "Recheck Cond": "(company_id = 475)",
          "Rows Removed by Index Recheck": 0,
          "Exact Heap Blocks": 3665,
          "Lossy Heap Blocks": 0,
          "Plans": [
            {
              "Node Type": "Bitmap Index Scan",
              "Parent Relationship": "Outer",
              "Parallel Aware": false,
              "Index Name": "company_id_movie_companies",
              "Startup Cost": 0.0,
              "Total Cost": 122.83,
              "Plan Rows": 5653,
              "Plan Width": 0,
              "Actual Startup Time": 1.508,
              "Actual Total Time": 1.508,
              "Actual Rows": 5080,
              "Actual Loops": 1,
              "Index Cond": "(company_id = 475)"
            }
          ]
        }
      ]
    },
    "Planning Time": 0.18,
    "Triggers": [],
    "Execution Time": 9.223
  }
]