[
    {
        "Bao": {
            "Bao prediction": "NaN",
            "Bao recommended hint": "(no hint)"
        }
    },
    {
        "Plan": {
            "Node Type": "Aggregate",
            "Strategy": "Plain",
            "Partial Mode": "Finalize",
            "Parallel Aware": false,
            "Startup Cost": 129972.24,
            "Total Cost": 129972.25,
            "Plan Rows": 1,
            "Plan Width": 8,
            "Actual Startup Time": 713.511,
            "Actual Total Time": 724.773,
            "Actual Rows": 1,
            "Actual Loops": 1,
            "Output": [
                "count(*)"
            ],
            "Plans": [
                {
                    "Node Type": "Gather",
                    "Parent Relationship": "Outer",
                    "Parallel Aware": false,
                    "Startup Cost": 129971.92,
                    "Total Cost": 129972.23,
                    "Plan Rows": 3,
                    "Plan Width": 8,
                    "Actual Startup Time": 707.492,
                    "Actual Total Time": 724.765,
                    "Actual Rows": 4,
                    "Actual Loops": 1,
                    "Output": [
                        "(PARTIAL count(*))"
                    ],
                    "Workers Planned": 3,
                    "Workers Launched": 3,
                    "Single Copy": false,
                    "Plans": [
                        {
                            "Node Type": "Aggregate",
                            "Strategy": "Plain",
                            "Partial Mode": "Partial",
                            "Parent Relationship": "Outer",
                            "Parallel Aware": false,
                            "Startup Cost": 128971.92,
                            "Total Cost": 128971.93,
                            "Plan Rows": 1,
                            "Plan Width": 8,
                            "Actual Startup Time": 698.204,
                            "Actual Total Time": 698.209,
                            "Actual Rows": 1,
                            "Actual Loops": 4,
                            "Output": [
                                "PARTIAL count(*)"
                            ],
                            "Workers": [
                                {
                                    "Worker Number": 0,
                                    "Actual Startup Time": 695.065,
                                    "Actual Total Time": 695.069,
                                    "Actual Rows": 1,
                                    "Actual Loops": 1
                                },
                                {
                                    "Worker Number": 1,
                                    "Actual Startup Time": 695.096,
                                    "Actual Total Time": 695.1,
                                    "Actual Rows": 1,
                                    "Actual Loops": 1
                                },
                                {
                                    "Worker Number": 2,
                                    "Actual Startup Time": 695.603,
                                    "Actual Total Time": 695.607,
                                    "Actual Rows": 1,
                                    "Actual Loops": 1
                                }
                            ],
                            "Plans": [
                                {
                                    "Node Type": "Hash Join",
                                    "Parent Relationship": "Outer",
                                    "Parallel Aware": true,
                                    "Join Type": "Inner",
                                    "Startup Cost": 84805.33,
                                    "Total Cost": 128719.08,
                                    "Plan Rows": 101137,
                                    "Plan Width": 0,
                                    "Actual Startup Time": 473.833,
                                    "Actual Total Time": 663.5,
                                    "Actual Rows": 761260,
                                    "Actual Loops": 4,
                                    "Inner Unique": false,
                                    "Hash Cond": "(mk.movie_id = t.id)",
                                    "Workers": [
                                        {
                                            "Worker Number": 0,
                                            "Actual Startup Time": 471.0,
                                            "Actual Total Time": 661.208,
                                            "Actual Rows": 829117,
                                            "Actual Loops": 1
                                        },
                                        {
                                            "Worker Number": 1,
                                            "Actual Startup Time": 471.041,
                                            "Actual Total Time": 660.91,
                                            "Actual Rows": 794966,
                                            "Actual Loops": 1
                                        },
                                        {
                                            "Worker Number": 2,
                                            "Actual Startup Time": 471.543,
                                            "Actual Total Time": 661.416,
                                            "Actual Rows": 836995,
                                            "Actual Loops": 1
                                        }
                                    ],
                                    "Plans": [
                                        {
                                            "Node Type": "Seq Scan",
                                            "Parent Relationship": "Outer",
                                            "Parallel Aware": true,
                                            "Relation Name": "movie_keyword",
                                            "Schema": "public",
                                            "Alias": "mk",
                                            "Startup Cost": 0.0,
                                            "Total Cost": 42695.65,
                                            "Plan Rows": 257402,
                                            "Plan Width": 4,
                                            "Actual Startup Time": 0.02,
                                            "Actual Total Time": 90.128,
                                            "Actual Rows": 200348,
                                            "Actual Loops": 4,
                                            "Output": [
                                                "mk.id",
                                                "mk.movie_id",
                                                "mk.keyword_id"
                                            ],
                                            "Filter": "(mk.keyword_id < 772)",
                                            "Rows Removed by Filter": 930634,
                                            "Workers": [
                                                {
                                                    "Worker Number": 0,
                                                    "Actual Startup Time": 0.025,
                                                    "Actual Total Time": 91.986,
                                                    "Actual Rows": 218906,
                                                    "Actual Loops": 1
                                                },
                                                {
                                                    "Worker Number": 1,
                                                    "Actual Startup Time": 0.021,
                                                    "Actual Total Time": 91.894,
                                                    "Actual Rows": 208392,
                                                    "Actual Loops": 1
                                                },
                                                {
                                                    "Worker Number": 2,
                                                    "Actual Startup Time": 0.02,
                                                    "Actual Total Time": 91.733,
                                                    "Actual Rows": 217818,
                                                    "Actual Loops": 1
                                                }
                                            ]
                                        },
                                        {
                                            "Node Type": "Hash",
                                            "Parent Relationship": "Inner",
                                            "Parallel Aware": true,
                                            "Startup Cost": 81700.89,
                                            "Total Cost": 81700.89,
                                            "Plan Rows": 248355,
                                            "Plan Width": 8,
                                            "Actual Startup Time": 469.979,
                                            "Actual Total Time": 469.982,
                                            "Actual Rows": 213855,
                                            "Actual Loops": 4,
                                            "Output": [
                                                "t.id",
                                                "mc.movie_id"
                                            ],
                                            "Hash Buckets": 1048576,
                                            "Original Hash Buckets": 1048576,
                                            "Hash Batches": 1,
                                            "Original Hash Batches": 1,
                                            "Peak Memory Usage": 41728,
                                            "Workers": [
                                                {
                                                    "Worker Number": 0,
                                                    "Actual Startup Time": 469.467,
                                                    "Actual Total Time": 469.47,
                                                    "Actual Rows": 227807,
                                                    "Actual Loops": 1
                                                },
                                                {
                                                    "Worker Number": 1,
                                                    "Actual Startup Time": 469.577,
                                                    "Actual Total Time": 469.58,
                                                    "Actual Rows": 221967,
                                                    "Actual Loops": 1
                                                },
                                                {
                                                    "Worker Number": 2,
                                                    "Actual Startup Time": 470.082,
                                                    "Actual Total Time": 470.085,
                                                    "Actual Rows": 229876,
                                                    "Actual Loops": 1
                                                }
                                            ],
                                            "Plans": [
                                                {
                                                    "Node Type": "Hash Join",
                                                    "Parent Relationship": "Outer",
                                                    "Parallel Aware": true,
                                                    "Join Type": "Inner",
                                                    "Startup Cost": 35420.54,
                                                    "Total Cost": 81700.89,
                                                    "Plan Rows": 248355,
                                                    "Plan Width": 8,
                                                    "Actual Startup Time": 154.151,
                                                    "Actual Total Time": 410.047,
                                                    "Actual Rows": 213855,
                                                    "Actual Loops": 4,
                                                    "Output": [
                                                        "t.id",
                                                        "mc.movie_id"
                                                    ],
                                                    "Inner Unique": false,
                                                    "Hash Cond": "(t.id = mc.movie_id)",
                                                    "Workers": [
                                                        {
                                                            "Worker Number": 0,
                                                            "Actual Startup Time": 153.796,
                                                            "Actual Total Time": 410.363,
                                                            "Actual Rows": 227807,
                                                            "Actual Loops": 1
                                                        },
                                                        {
                                                            "Worker Number": 1,
                                                            "Actual Startup Time": 153.758,
                                                            "Actual Total Time": 409.933,
                                                            "Actual Rows": 221967,
                                                            "Actual Loops": 1
                                                        },
                                                        {
                                                            "Worker Number": 2,
                                                            "Actual Startup Time": 154.121,
                                                            "Actual Total Time": 410.155,
                                                            "Actual Rows": 229876,
                                                            "Actual Loops": 1
                                                        }
                                                    ],
                                                    "Plans": [
                                                        {
                                                            "Node Type": "Seq Scan",
                                                            "Parent Relationship": "Outer",
                                                            "Parallel Aware": true,
                                                            "Relation Name": "title",
                                                            "Schema": "public",
                                                            "Alias": "t",
                                                            "Startup Cost": 0.0,
                                                            "Total Cost": 42318.81,
                                                            "Plan Rows": 632080,
                                                            "Plan Width": 4,
                                                            "Actual Startup Time": 0.012,
                                                            "Actual Total Time": 72.725,
                                                            "Actual Rows": 632078,
                                                            "Actual Loops": 4,
                                                            "Output": [
                                                                "t.id",
                                                                "t.title",
                                                                "t.imdb_index",
                                                                "t.kind_id",
                                                                "t.production_year",
                                                                "t.imdb_id",
                                                                "t.phonetic_code",
                                                                "t.episode_of_id",
                                                                "t.season_nr",
                                                                "t.episode_nr",
                                                                "t.series_years",
                                                                "t.md5sum"
                                                            ],
                                                            "Workers": [
                                                                {
                                                                    "Worker Number": 0,
                                                                    "Actual Startup Time": 0.015,
                                                                    "Actual Total Time": 75.416,
                                                                    "Actual Rows": 670809,
                                                                    "Actual Loops": 1
                                                                },
                                                                {
                                                                    "Worker Number": 1,
                                                                    "Actual Startup Time": 0.015,
                                                                    "Actual Total Time": 74.773,
                                                                    "Actual Rows": 643372,
                                                                    "Actual Loops": 1
                                                                },
                                                                {
                                                                    "Worker Number": 2,
                                                                    "Actual Startup Time": 0.014,
                                                                    "Actual Total Time": 75.579,
                                                                    "Actual Rows": 675744,
                                                                    "Actual Loops": 1
                                                                }
                                                            ]
                                                        },
                                                        {
                                                            "Node Type": "Hash",
                                                            "Parent Relationship": "Inner",
                                                            "Parallel Aware": true,
                                                            "Startup Cost": 31414.82,
                                                            "Total Cost": 31414.82,
                                                            "Plan Rows": 320458,
                                                            "Plan Width": 4,
                                                            "Actual Startup Time": 152.001,
                                                            "Actual Total Time": 152.003,
                                                            "Actual Rows": 213855,
                                                            "Actual Loops": 4,
                                                            "Output": [
                                                                "mc.movie_id"
                                                            ],
                                                            "Hash Buckets": 1048576,
                                                            "Original Hash Buckets": 1048576,
                                                            "Hash Batches": 1,
                                                            "Original Hash Batches": 1,
                                                            "Peak Memory Usage": 41760,
                                                            "Workers": [
                                                                {
                                                                    "Worker Number": 0,
                                                                    "Actual Startup Time": 153.49,
                                                                    "Actual Total Time": 153.491,
                                                                    "Actual Rows": 217698,
                                                                    "Actual Loops": 1
                                                                },
                                                                {
                                                                    "Worker Number": 1,
                                                                    "Actual Startup Time": 153.465,
                                                                    "Actual Total Time": 153.466,
                                                                    "Actual Rows": 217689,
                                                                    "Actual Loops": 1
                                                                },
                                                                {
                                                                    "Worker Number": 2,
                                                                    "Actual Startup Time": 154.003,
                                                                    "Actual Total Time": 154.004,
                                                                    "Actual Rows": 216839,
                                                                    "Actual Loops": 1
                                                                }
                                                            ],
                                                            "Plans": [
                                                                {
                                                                    "Node Type": "Seq Scan",
                                                                    "Parent Relationship": "Outer",
                                                                    "Parallel Aware": true,
                                                                    "Relation Name": "movie_companies",
                                                                    "Schema": "public",
                                                                    "Alias": "mc",
                                                                    "Startup Cost": 0.0,
                                                                    "Total Cost": 31414.82,
                                                                    "Plan Rows": 320458,
                                                                    "Plan Width": 4,
                                                                    "Actual Startup Time": 0.326,
                                                                    "Actual Total Time": 83.862,
                                                                    "Actual Rows": 213855,
                                                                    "Actual Loops": 4,
                                                                    "Output": [
                                                                        "mc.movie_id"
                                                                    ],
                                                                    "Filter": "((mc.company_id > 639) AND (mc.company_type_id = 1))",
                                                                    "Rows Removed by Filter": 438428,
                                                                    "Workers": [
                                                                        {
                                                                            "Worker Number": 0,
                                                                            "Actual Startup Time": 0.29,
                                                                            "Actual Total Time": 84.677,
                                                                            "Actual Rows": 217698,
                                                                            "Actual Loops": 1
                                                                        },
                                                                        {
                                                                            "Worker Number": 1,
                                                                            "Actual Startup Time": 0.315,
                                                                            "Actual Total Time": 83.923,
                                                                            "Actual Rows": 217689,
                                                                            "Actual Loops": 1
                                                                        },
                                                                        {
                                                                            "Worker Number": 2,
                                                                            "Actual Startup Time": 0.32,
                                                                            "Actual Total Time": 84.362,
                                                                            "Actual Rows": 216839,
                                                                            "Actual Loops": 1
                                                                        }
                                                                    ]
                                                                }
                                                            ]
                                                        }
                                                    ]
                                                }
                                            ]
                                        }
                                    ]
                                }
                            ]
                        }
                    ]
                }
            ]
        },
        "Planning Time": 268.893,
        "Triggers": [],
        "Execution Time": 724.878
    }
]