[
  {
    "Plan": {
      "Node Type": "Aggregate",
      "Strategy": "Plain",
      "Partial Mode": "Finalize",
      "Parallel Aware": false,
      "Startup Cost": 184363.06,
      "Total Cost": 184363.07,
      "Plan Rows": 1,
      "Plan Width": 8,
      "Actual Startup Time": 760.849,
      "Actual Total Time": 829.335,
      "Actual Rows": 1,
      "Actual Loops": 1,
      "Plans": [
        {
          "Node Type": "Gather",
          "Parent Relationship": "Outer",
          "Parallel Aware": false,
          "Startup Cost": 184362.64,
          "Total Cost": 184363.05,
          "Plan Rows": 4,
          "Plan Width": 8,
          "Actual Startup Time": 759.132,
          "Actual Total Time": 829.324,
          "Actual Rows": 5,
          "Actual Loops": 1,
          "Workers Planned": 4,
          "Workers Launched": 4,
          "Single Copy": false,
          "Plans": [
            {
              "Node Type": "Aggregate",
              "Strategy": "Plain",
              "Partial Mode": "Partial",
              "Parent Relationship": "Outer",
              "Parallel Aware": false,
              "Startup Cost": 183362.64,
              "Total Cost": 183362.65,
              "Plan Rows": 1,
              "Plan Width": 8,
              "Actual Startup Time": 749.122,
              "Actual Total Time": 749.125,
              "Actual Rows": 1,
              "Actual Loops": 5,
              "Plans": [
                {
                  "Node Type": "Nested Loop",
                  "Parent Relationship": "Outer",
                  "Parallel Aware": false,
                  "Join Type": "Inner",
                  "Startup Cost": 17542.02,
                  "Total Cost": 183282.37,
                  "Plan Rows": 32110,
                  "Plan Width": 0,
                  "Actual Startup Time": 74.247,
                  "Actual Total Time": 745.897,
                  "Actual Rows": 37447,
                  "Actual Loops": 5,
                  "Inner Unique": false,
                  "Plans": [
                    {
                      "Node Type": "Hash Join",
                      "Parent Relationship": "Outer",
                      "Parallel Aware": true,
                      "Join Type": "Inner",
                      "Startup Cost": 17541.58,
                      "Total Cost": 62947.58,
                      "Plan Rows": 61310,
                      "Plan Width": 8,
                      "Actual Startup Time": 73.943,
                      "Actual Total Time": 244.973,
                      "Actual Rows": 41766,
                      "Actual Loops": 5,
                      "Inner Unique": false,
                      "Hash Cond": "(t.id = mi_idx.movie_id)",
                      "Plans": [
                        {
                          "Node Type": "Seq Scan",
                          "Parent Relationship": "Outer",
                          "Parallel Aware": true,
                          "Relation Name": "title",
                          "Alias": "t",
                          "Startup Cost": 0.0,
                          "Total Cost": 43898.92,
                          "Plan Rows": 333767,
                          "Plan Width": 4,
                          "Actual Startup Time": 0.017,
                          "Actual Total Time": 74.903,
                          "Actual Rows": 264573,
                          "Actual Loops": 5,
                          "Filter": "(production_year > 2001)",
                          "Rows Removed by Filter": 241090
                        },
                        {
                          "Node Type": "Hash",
                          "Parent Relationship": "Inner",
                          "Parallel Aware": true,
                          "Startup Cost": 15122.68,
                          "Total Cost": 15122.68,
                          "Plan Rows": 193512,
                          "Plan Width": 4,
                          "Actual Startup Time": 71.196,
                          "Actual Total Time": 71.196,
                          "Actual Rows": 91985,
                          "Actual Loops": 5,
                          "Hash Buckets": 524288,
                          "Original Hash Buckets": 524288,
                          "Hash Batches": 1,
                          "Original Hash Batches": 1,
                          "Peak Memory Usage": 22144,
                          "Plans": [
                            {
                              "Node Type": "Seq Scan",
                              "Parent Relationship": "Outer",
                              "Parallel Aware": true,
                              "Relation Name": "movie_info_idx",
                              "Alias": "mi_idx",
                              "Startup Cost": 0.0,
                              "Total Cost": 15122.68,
                              "Plan Rows": 193512,
                              "Plan Width": 4,
                              "Actual Startup Time": 0.065,
                              "Actual Total Time": 37.312,
                              "Actual Rows": 91985,
                              "Actual Loops": 5,
                              "Filter": "(info_type_id = 100)",
                              "Rows Removed by Filter": 184022
                            }
                          ]
                        }
                      ]
                    },
                    {
                      "Node Type": "Index Scan",
                      "Parent Relationship": "Inner",
                      "Parallel Aware": false,
                      "Scan Direction": "Forward",
                      "Index Name": "movie_id_movie_info",
                      "Relation Name": "movie_info",
                      "Alias": "mi",
                      "Startup Cost": 0.43,
                      "Total Cost": 1.92,
                      "Plan Rows": 4,
                      "Plan Width": 4,
                      "Actual Startup Time": 0.011,
                      "Actual Total Time": 0.012,
                      "Actual Rows": 1,
                      "Actual Loops": 208831,
                      "Index Cond": "(movie_id = t.id)",
                      "Rows Removed by Index Recheck": 0,
                      "Filter": "(info_type_id = 8)",
                      "Rows Removed by Filter": 13
                    }
                  ]
                }
              ]
            }
          ]
        }
      ]
    },
    "Planning Time": 1.303,
    "Triggers": [],
    "Execution Time": 829.449
  }
]