[
  {
    "Plan": {
      "Node Type": "Aggregate",
      "Strategy": "Plain",
      "Partial Mode": "Finalize",
      "Parallel Aware": false,
      "Startup Cost": 257609.77,
      "Total Cost": 257609.78,
      "Plan Rows": 1,
      "Plan Width": 8,
      "Actual Startup Time": 1158.178,
      "Actual Total Time": 1183.765,
      "Actual Rows": 1,
      "Actual Loops": 1,
      "Plans": [
        {
          "Node Type": "Gather",
          "Parent Relationship": "Outer",
          "Parallel Aware": false,
          "Startup Cost": 257609.15,
          "Total Cost": 257609.76,
          "Plan Rows": 6,
          "Plan Width": 8,
          "Actual Startup Time": 1141.204,
          "Actual Total Time": 1183.753,
          "Actual Rows": 7,
          "Actual Loops": 1,
          "Workers Planned": 6,
          "Workers Launched": 6,
          "Single Copy": false,
          "Plans": [
            {
              "Node Type": "Aggregate",
              "Strategy": "Plain",
              "Partial Mode": "Partial",
              "Parent Relationship": "Outer",
              "Parallel Aware": false,
              "Startup Cost": 256609.15,
              "Total Cost": 256609.16,
              "Plan Rows": 1,
              "Plan Width": 8,
              "Actual Startup Time": 1118.722,
              "Actual Total Time": 1118.726,
              "Actual Rows": 1,
              "Actual Loops": 7,
              "Plans": [
                {
                  "Node Type": "Hash Join",
                  "Parent Relationship": "Outer",
                  "Parallel Aware": true,
                  "Join Type": "Inner",
                  "Startup Cost": 50220.95,
                  "Total Cost": 253857.74,
                  "Plan Rows": 1100562,
                  "Plan Width": 0,
                  "Actual Startup Time": 289.353,
                  "Actual Total Time": 1062.144,
                  "Actual Rows": 998114,
                  "Actual Loops": 7,
                  "Inner Unique": true,
                  "Hash Cond": "(ci.movie_id = t.id)",
                  "Plans": [
                    {
                      "Node Type": "Index Scan",
                      "Parent Relationship": "Outer",
                      "Parallel Aware": true,
                      "Scan Direction": "Forward",
                      "Index Name": "role_id_cast_info",
                      "Relation Name": "cast_info",
                      "Alias": "ci",
                      "Startup Cost": 0.56,
                      "Total Cost": 200748.38,
                      "Plan Rows": 1100562,
                      "Plan Width": 4,
                      "Actual Startup Time": 0.269,
                      "Actual Total Time": 275.571,
                      "Actual Rows": 998114,
                      "Actual Loops": 7,
                      "Index Cond": "(role_id > 7)",
                      "Rows Removed by Index Recheck": 0,
                      "Filter": "(person_id > 423316)",
                      "Rows Removed by Filter": 64206
                    },
                    {
                      "Node Type": "Hash",
                      "Parent Relationship": "Inner",
                      "Parallel Aware": true,
                      "Startup Cost": 42319.06,
                      "Total Cost": 42319.06,
                      "Plan Rows": 632106,
                      "Plan Width": 4,
                      "Actual Startup Time": 282.079,
                      "Actual Total Time": 282.081,
                      "Actual Rows": 361187,
                      "Actual Loops": 7,
                      "Hash Buckets": 4194304,
                      "Original Hash Buckets": 4194304,
                      "Hash Batches": 1,
                      "Original Hash Batches": 1,
                      "Peak Memory Usage": 131776,
                      "Plans": [
                        {
                          "Node Type": "Seq Scan",
                          "Parent Relationship": "Outer",
                          "Parallel Aware": true,
                          "Relation Name": "title",
                          "Alias": "t",
                          "Startup Cost": 0.0,
                          "Total Cost": 42319.06,
                          "Plan Rows": 632106,
                          "Plan Width": 4,
                          "Actual Startup Time": 0.051,
                          "Actual Total Time": 86.173,
                          "Actual Rows": 361187,
                          "Actual Loops": 7
                        }
                      ]
                    }
                  ]
                }
              ]
            }
          ]
        }
      ]
    },
    "Planning Time": 0.635,
    "Triggers": [],
    "Execution Time": 1183.85
  }
]