{
    "Plan": {
        "Node Type": "Aggregate",
        "Strategy": "Plain",
        "Partial Mode": "Finalize",
        "Parallel Aware": false,
        "Startup Cost": 202411.33,
        "Total Cost": 202411.34,
        "Plan Rows": 1,
        "Plan Width": 8,
        "Actual Startup Time": 2409.036,
        "Actual Total Time": 2461.084,
        "Actual Rows": 1,
        "Actual Loops": 1,
        "Output": [
            "count(*)"
        ],
        "Plans": [
            {
                "Node Type": "Gather",
                "Parent Relationship": "Outer",
                "Parallel Aware": false,
                "Startup Cost": 202411.01,
                "Total Cost": 202411.32,
                "Plan Rows": 3,
                "Plan Width": 8,
                "Actual Startup Time": 2407.793,
                "Actual Total Time": 2461.073,
                "Actual Rows": 4,
                "Actual Loops": 1,
                "Output": [
                    "(PARTIAL count(*))"
                ],
                "Workers Planned": 3,
                "Workers Launched": 3,
                "Single Copy": false,
                "Plans": [
                    {
                        "Node Type": "Aggregate",
                        "Strategy": "Plain",
                        "Partial Mode": "Partial",
                        "Parent Relationship": "Outer",
                        "Parallel Aware": false,
                        "Startup Cost": 201411.01,
                        "Total Cost": 201411.02,
                        "Plan Rows": 1,
                        "Plan Width": 8,
                        "Actual Startup Time": 2398.209,
                        "Actual Total Time": 2398.274,
                        "Actual Rows": 1,
                        "Actual Loops": 4,
                        "Output": [
                            "PARTIAL count(*)"
                        ],
                        "Workers": [
                            {
                                "Worker Number": 0,
                                "Actual Startup Time": 2394.956,
                                "Actual Total Time": 2394.958,
                                "Actual Rows": 1,
                                "Actual Loops": 1
                            },
                            {
                                "Worker Number": 1,
                                "Actual Startup Time": 2395.232,
                                "Actual Total Time": 2395.236,
                                "Actual Rows": 1,
                                "Actual Loops": 1
                            },
                            {
                                "Worker Number": 2,
                                "Actual Startup Time": 2395.706,
                                "Actual Total Time": 2395.708,
                                "Actual Rows": 1,
                                "Actual Loops": 1
                            }
                        ],
                        "Plans": [
                            {
                                "Node Type": "Nested Loop",
                                "Parent Relationship": "Outer",
                                "Parallel Aware": false,
                                "Join Type": "Inner",
                                "Startup Cost": 46078.32,
                                "Total Cost": 201259.06,
                                "Plan Rows": 60782,
                                "Plan Width": 0,
                                "Actual Startup Time": 127.143,
                                "Actual Total Time": 2304.323,
                                "Actual Rows": 2345890,
                                "Actual Loops": 4,
                                "Inner Unique": false,
                                "Join Filter": "(t.id = mi.movie_id)",
                                "Rows Removed by Join Filter": 0,
                                "Workers": [
                                    {
                                        "Worker Number": 0,
                                        "Actual Startup Time": 124.058,
                                        "Actual Total Time": 2299.377,
                                        "Actual Rows": 2398871,
                                        "Actual Loops": 1
                                    },
                                    {
                                        "Worker Number": 1,
                                        "Actual Startup Time": 123.75,
                                        "Actual Total Time": 2308.238,
                                        "Actual Rows": 2177072,
                                        "Actual Loops": 1
                                    },
                                    {
                                        "Worker Number": 2,
                                        "Actual Startup Time": 124.716,
                                        "Actual Total Time": 2302.014,
                                        "Actual Rows": 2347903,
                                        "Actual Loops": 1
                                    }
                                ],
                                "Plans": [
                                    {
                                        "Node Type": "Hash Join",
                                        "Parent Relationship": "Outer",
                                        "Parallel Aware": true,
                                        "Join Type": "Inner",
                                        "Startup Cost": 46077.88,
                                        "Total Cost": 91162.6,
                                        "Plan Rows": 68961,
                                        "Plan Width": 8,
                                        "Actual Startup Time": 126.91,
                                        "Actual Total Time": 338.583,
                                        "Actual Rows": 177122,
                                        "Actual Loops": 4,
                                        "Output": [
                                            "t.id",
                                            "mk.movie_id"
                                        ],
                                        "Inner Unique": true,
                                        "Hash Cond": "(mk.movie_id = t.id)",
                                        "Workers": [
                                            {
                                                "Worker Number": 0,
                                                "Actual Startup Time": 123.754,
                                                "Actual Total Time": 345.382,
                                                "Actual Rows": 176385,
                                                "Actual Loops": 1
                                            },
                                            {
                                                "Worker Number": 1,
                                                "Actual Startup Time": 123.635,
                                                "Actual Total Time": 334.664,
                                                "Actual Rows": 162878,
                                                "Actual Loops": 1
                                            },
                                            {
                                                "Worker Number": 2,
                                                "Actual Startup Time": 124.544,
                                                "Actual Total Time": 335.963,
                                                "Actual Rows": 177075,
                                                "Actual Loops": 1
                                            }
                                        ],
                                        "Plans": [
                                            {
                                                "Node Type": "Seq Scan",
                                                "Parent Relationship": "Outer",
                                                "Parallel Aware": true,
                                                "Relation Name": "movie_keyword",
                                                "Schema": "public",
                                                "Alias": "mk",
                                                "Startup Cost": 0.0,
                                                "Total Cost": 42695.65,
                                                "Plan Rows": 910121,
                                                "Plan Width": 4,
                                                "Actual Startup Time": 0.011,
                                                "Actual Total Time": 118.788,
                                                "Actual Rows": 710246,
                                                "Actual Loops": 4,
                                                "Output": [
                                                    "mk.id",
                                                    "mk.movie_id",
                                                    "mk.keyword_id"
                                                ],
                                                "Filter": "(mk.keyword_id < 8631)",
                                                "Rows Removed by Filter": 420736,
                                                "Workers": [
                                                    {
                                                        "Worker Number": 0,
                                                        "Actual Startup Time": 0.013,
                                                        "Actual Total Time": 128.369,
                                                        "Actual Rows": 718463,
                                                        "Actual Loops": 1
                                                    },
                                                    {
                                                        "Worker Number": 1,
                                                        "Actual Startup Time": 0.009,
                                                        "Actual Total Time": 119.628,
                                                        "Actual Rows": 641224,
                                                        "Actual Loops": 1
                                                    },
                                                    {
                                                        "Worker Number": 2,
                                                        "Actual Startup Time": 0.014,
                                                        "Actual Total Time": 122.013,
                                                        "Actual Rows": 690769,
                                                        "Actual Loops": 1
                                                    }
                                                ]
                                            },
                                            {
                                                "Node Type": "Hash",
                                                "Parent Relationship": "Inner",
                                                "Parallel Aware": true,
                                                "Startup Cost": 45479.21,
                                                "Total Cost": 45479.21,
                                                "Plan Rows": 47894,
                                                "Plan Width": 4,
                                                "Actual Startup Time": 124.735,
                                                "Actual Total Time": 124.736,
                                                "Actual Rows": 73579,
                                                "Actual Loops": 4,
                                                "Output": [
                                                    "t.id"
                                                ],
                                                "Hash Buckets": 524288,
                                                "Original Hash Buckets": 262144,
                                                "Hash Batches": 1,
                                                "Original Hash Batches": 1,
                                                "Peak Memory Usage": 17760,
                                                "Workers": [
                                                    {
                                                        "Worker Number": 0,
                                                        "Actual Startup Time": 123.32,
                                                        "Actual Total Time": 123.321,
                                                        "Actual Rows": 72881,
                                                        "Actual Loops": 1
                                                    },
                                                    {
                                                        "Worker Number": 1,
                                                        "Actual Startup Time": 123.248,
                                                        "Actual Total Time": 123.249,
                                                        "Actual Rows": 62593,
                                                        "Actual Loops": 1
                                                    },
                                                    {
                                                        "Worker Number": 2,
                                                        "Actual Startup Time": 124.049,
                                                        "Actual Total Time": 124.05,
                                                        "Actual Rows": 72913,
                                                        "Actual Loops": 1
                                                    }
                                                ],
                                                "Plans": [
                                                    {
                                                        "Node Type": "Seq Scan",
                                                        "Parent Relationship": "Outer",
                                                        "Parallel Aware": true,
                                                        "Relation Name": "title",
                                                        "Schema": "public",
                                                        "Alias": "t",
                                                        "Startup Cost": 0.0,
                                                        "Total Cost": 45479.21,
                                                        "Plan Rows": 47894,
                                                        "Plan Width": 4,
                                                        "Actual Startup Time": 0.143,
                                                        "Actual Total Time": 96.47,
                                                        "Actual Rows": 73579,
                                                        "Actual Loops": 4,
                                                        "Output": [
                                                            "t.id"
                                                        ],
                                                        "Filter": "((t.kind_id < 7) AND (t.production_year < 1978))",
                                                        "Rows Removed by Filter": 558499,
                                                        "Workers": [
                                                            {
                                                                "Worker Number": 0,
                                                                "Actual Startup Time": 0.215,
                                                                "Actual Total Time": 96.017,
                                                                "Actual Rows": 72881,
                                                                "Actual Loops": 1
                                                            },
                                                            {
                                                                "Worker Number": 1,
                                                                "Actual Startup Time": 0.13,
                                                                "Actual Total Time": 94.798,
                                                                "Actual Rows": 62593,
                                                                "Actual Loops": 1
                                                            },
                                                            {
                                                                "Worker Number": 2,
                                                                "Actual Startup Time": 0.147,
                                                                "Actual Total Time": 96.822,
                                                                "Actual Rows": 72913,
                                                                "Actual Loops": 1
                                                            }
                                                        ]
                                                    }
                                                ]
                                            }
                                        ]
                                    },
                                    {
                                        "Node Type": "Index Scan",
                                        "Parent Relationship": "Inner",
                                        "Parallel Aware": false,
                                        "Scan Direction": "Forward",
                                        "Index Name": "movie_id_movie_info",
                                        "Relation Name": "movie_info",
                                        "Schema": "public",
                                        "Alias": "mi",
                                        "Startup Cost": 0.43,
                                        "Total Cost": 1.52,
                                        "Plan Rows": 6,
                                        "Plan Width": 4,
                                        "Actual Startup Time": 0.004,
                                        "Actual Total Time": 0.01,
                                        "Actual Rows": 13,
                                        "Actual Loops": 708488,
                                        "Output": [
                                            "mi.id",
                                            "mi.movie_id",
                                            "mi.info_type_id",
                                            "mi.info",
                                            "mi.note"
                                        ],
                                        "Index Cond": "(mi.movie_id = mk.movie_id)",
                                        "Rows Removed by Index Recheck": 0,
                                        "Filter": "(mi.info_type_id > 16)",
                                        "Rows Removed by Filter": 27,
                                        "Workers": [
                                            {
                                                "Worker Number": 0,
                                                "Actual Startup Time": 0.004,
                                                "Actual Total Time": 0.01,
                                                "Actual Rows": 14,
                                                "Actual Loops": 176385
                                            },
                                            {
                                                "Worker Number": 1,
                                                "Actual Startup Time": 0.004,
                                                "Actual Total Time": 0.011,
                                                "Actual Rows": 13,
                                                "Actual Loops": 162878
                                            },
                                            {
                                                "Worker Number": 2,
                                                "Actual Startup Time": 0.004,
                                                "Actual Total Time": 0.01,
                                                "Actual Rows": 13,
                                                "Actual Loops": 177075
                                            }
                                        ]
                                    }
                                ]
                            }
                        ]
                    }
                ]
            }
        ]
    },
    "Planning Time": 1.569,
    "Triggers": [],
    "Execution Time": 2461.194
}