[
  {
    "Plan": {
      "Node Type": "Aggregate",
      "Strategy": "Plain",
      "Partial Mode": "Finalize",
      "Parallel Aware": false,
      "Startup Cost": 34108.46,
      "Total Cost": 34108.47,
      "Plan Rows": 1,
      "Plan Width": 8,
      "Actual Startup Time": 115.387,
      "Actual Total Time": 122.695,
      "Actual Rows": 1,
      "Actual Loops": 1,
      "Plans": [
        {
          "Node Type": "Gather",
          "Parent Relationship": "Outer",
          "Parallel Aware": false,
          "Startup Cost": 34108.14,
          "Total Cost": 34108.45,
          "Plan Rows": 3,
          "Plan Width": 8,
          "Actual Startup Time": 115.121,
          "Actual Total Time": 122.687,
          "Actual Rows": 4,
          "Actual Loops": 1,
          "Workers Planned": 3,
          "Workers Launched": 3,
          "Single Copy": false,
          "Plans": [
            {
              "Node Type": "Aggregate",
              "Strategy": "Plain",
              "Partial Mode": "Partial",
              "Parent Relationship": "Outer",
              "Parallel Aware": false,
              "Startup Cost": 33108.14,
              "Total Cost": 33108.15,
              "Plan Rows": 1,
              "Plan Width": 8,
              "Actual Startup Time": 106.401,
              "Actual Total Time": 106.403,
              "Actual Rows": 1,
              "Actual Loops": 4,
              "Plans": [
                {
                  "Node Type": "Bitmap Heap Scan",
                  "Parent Relationship": "Outer",
                  "Parallel Aware": true,
                  "Relation Name": "movie_keyword",
                  "Alias": "mk",
                  "Startup Cost": 7046.82,
                  "Total Cost": 32840.25,
                  "Plan Rows": 107155,
                  "Plan Width": 0,
                  "Actual Startup Time": 40.034,
                  "Actual Total Time": 101.532,
                  "Actual Rows": 81162,
                  "Actual Loops": 4,
                  "Recheck Cond": "(keyword_id > 50568)",
                  "Rows Removed by Index Recheck": 0,
                  "Exact Heap Blocks": 10854,
                  "Lossy Heap Blocks": 0,
                  "Plans": [
                    {
                      "Node Type": "Bitmap Index Scan",
                      "Parent Relationship": "Outer",
                      "Parallel Aware": false,
                      "Index Name": "keyword_id_movie_keyword",
                      "Startup Cost": 0.0,
                      "Total Cost": 6963.77,
                      "Plan Rows": 332179,
                      "Plan Width": 0,
                      "Actual Startup Time": 43.943,
                      "Actual Total Time": 43.944,
                      "Actual Rows": 324649,
                      "Actual Loops": 1,
                      "Index Cond": "(keyword_id > 50568)"
                    }
                  ]
                }
              ]
            }
          ]
        }
      ]
    },
    "Planning Time": 0.183,
    "Triggers": [],
    "Execution Time": 122.798
  }
]