[
  {
    "Plan": {
      "Node Type": "Aggregate",
      "Strategy": "Plain",
      "Partial Mode": "Finalize",
      "Parallel Aware": false,
      "Startup Cost": 85912.46,
      "Total Cost": 85912.47,
      "Plan Rows": 1,
      "Plan Width": 8,
      "Actual Startup Time": 562.491,
      "Actual Total Time": 580.97,
      "Actual Rows": 1,
      "Actual Loops": 1,
      "Plans": [
        {
          "Node Type": "Gather",
          "Parent Relationship": "Outer",
          "Parallel Aware": false,
          "Startup Cost": 85912.15,
          "Total Cost": 85912.46,
          "Plan Rows": 3,
          "Plan Width": 8,
          "Actual Startup Time": 555.571,
          "Actual Total Time": 580.959,
          "Actual Rows": 4,
          "Actual Loops": 1,
          "Workers Planned": 3,
          "Workers Launched": 3,
          "Single Copy": false,
          "Plans": [
            {
              "Node Type": "Aggregate",
              "Strategy": "Plain",
              "Partial Mode": "Partial",
              "Parent Relationship": "Outer",
              "Parallel Aware": false,
              "Startup Cost": 84912.15,
              "Total Cost": 84912.16,
              "Plan Rows": 1,
              "Plan Width": 8,
              "Actual Startup Time": 542.929,
              "Actual Total Time": 542.935,
              "Actual Rows": 1,
              "Actual Loops": 4,
              "Plans": [
                {
                  "Node Type": "Hash Join",
                  "Parent Relationship": "Outer",
                  "Parallel Aware": true,
                  "Join Type": "Inner",
                  "Startup Cost": 58294.34,
                  "Total Cost": 84605.22,
                  "Plan Rows": 122769,
                  "Plan Width": 0,
                  "Actual Startup Time": 457.571,
                  "Actual Total Time": 538.32,
                  "Actual Rows": 95380,
                  "Actual Loops": 4,
                  "Inner Unique": true,
                  "Hash Cond": "(mk.movie_id = t.id)",
                  "Plans": [
                    {
                      "Node Type": "Bitmap Heap Scan",
                      "Parent Relationship": "Outer",
                      "Parallel Aware": true,
                      "Relation Name": "movie_keyword",
                      "Alias": "mk",
                      "Startup Cost": 8073.96,
                      "Total Cost": 34062.57,
                      "Plan Rows": 122769,
                      "Plan Width": 4,
                      "Actual Startup Time": 26.052,
                      "Actual Total Time": 72.828,
                      "Actual Rows": 95380,
                      "Actual Loops": 4,
                      "Recheck Cond": "(keyword_id > 44824)",
                      "Rows Removed by Index Recheck": 0,
                      "Exact Heap Blocks": 7184,
                      "Lossy Heap Blocks": 0,
                      "Plans": [
                        {
                          "Node Type": "Bitmap Index Scan",
                          "Parent Relationship": "Outer",
                          "Parallel Aware": false,
                          "Index Name": "keyword_id_movie_keyword",
                          "Startup Cost": 0.0,
                          "Total Cost": 7978.81,
                          "Plan Rows": 380584,
                          "Plan Width": 0,
                          "Actual Startup Time": 22.762,
                          "Actual Total Time": 22.762,
                          "Actual Rows": 381519,
                          "Actual Loops": 1,
                          "Index Cond": "(keyword_id > 44824)"
                        }
                      ]
                    },
                    {
                      "Node Type": "Hash",
                      "Parent Relationship": "Inner",
                      "Parallel Aware": true,
                      "Startup Cost": 42319.06,
                      "Total Cost": 42319.06,
                      "Plan Rows": 632106,
                      "Plan Width": 4,
                      "Actual Startup Time": 421.629,
                      "Actual Total Time": 421.63,
                      "Actual Rows": 632078,
                      "Actual Loops": 4,
                      "Hash Buckets": 4194304,
                      "Original Hash Buckets": 4194304,
                      "Hash Batches": 1,
                      "Original Hash Batches": 1,
                      "Peak Memory Usage": 131744,
                      "Plans": [
                        {
                          "Node Type": "Seq Scan",
                          "Parent Relationship": "Outer",
                          "Parallel Aware": true,
                          "Relation Name": "title",
                          "Alias": "t",
                          "Startup Cost": 0.0,
                          "Total Cost": 42319.06,
                          "Plan Rows": 632106,
                          "Plan Width": 4,
                          "Actual Startup Time": 0.042,
                          "Actual Total Time": 125.433,
                          "Actual Rows": 632078,
                          "Actual Loops": 4
                        }
                      ]
                    }
                  ]
                }
              ]
            }
          ]
        }
      ]
    },
    "Planning Time": 0.233,
    "Triggers": [],
    "Execution Time": 581.018
  }
]