{
  "Plan": {
    "Node Type": "Aggregate",
    "Strategy": "Plain",
    "Partial Mode": "Finalize",
    "Parallel Aware": false,
    "Startup Cost": 128179.57,
    "Total Cost": 128179.58,
    "Plan Rows": 1,
    "Plan Width": 8,
    "Actual Startup Time": 755.587,
    "Actual Total Time": 772.613,
    "Actual Rows": 1,
    "Actual Loops": 1,
    "Plans": [
      {
        "Node Type": "Gather",
        "Parent Relationship": "Outer",
        "Parallel Aware": false,
        "Startup Cost": 128179.45,
        "Total Cost": 128179.56,
        "Plan Rows": 1,
        "Plan Width": 8,
        "Actual Startup Time": 753.231,
        "Actual Total Time": 772.604,
        "Actual Rows": 2,
        "Actual Loops": 1,
        "Workers Planned": 1,
        "Workers Launched": 1,
        "Single Copy": false,
        "Plans": [
          {
            "Node Type": "Aggregate",
            "Strategy": "Plain",
            "Partial Mode": "Partial",
            "Parent Relationship": "Outer",
            "Parallel Aware": false,
            "Startup Cost": 127179.45,
            "Total Cost": 127179.46,
            "Plan Rows": 1,
            "Plan Width": 8,
            "Actual Startup Time": 747.671,
            "Actual Total Time": 747.676,
            "Actual Rows": 1,
            "Actual Loops": 2,
            "Plans": [
              {
                "Node Type": "Hash Join",
                "Parent Relationship": "Outer",
                "Parallel Aware": true,
                "Join Type": "Inner",
                "Startup Cost": 62132.53,
                "Total Cost": 125978.38,
                "Plan Rows": 480428,
                "Plan Width": 0,
                "Actual Startup Time": 299.151,
                "Actual Total Time": 740.399,
                "Actual Rows": 145521,
                "Actual Loops": 2,
                "Inner Unique": true,
                "Hash Cond": "(mk.movie_id = t.id)",
                "Plans": [
                  {
                    "Node Type": "Seq Scan",
                    "Parent Relationship": "Outer",
                    "Parallel Aware": true,
                    "Relation Name": "movie_keyword",
                    "Alias": "mk",
                    "Startup Cost": 0.0,
                    "Total Cost": 57718.19,
                    "Plan Rows": 2334343,
                    "Plan Width": 4,
                    "Actual Startup Time": 0.016,
                    "Actual Total Time": 242.251,
                    "Actual Rows": 1990412,
                    "Actual Loops": 2,
                    "Filter": "(keyword_id < 33824)",
                    "Rows Removed by Filter": 271554
                  },
                  {
                    "Node Type": "Hash",
                    "Parent Relationship": "Inner",
                    "Parallel Aware": true,
                    "Startup Cost": 58306.47,
                    "Total Cost": 58306.47,
                    "Plan Rows": 306085,
                    "Plan Width": 4,
                    "Actual Startup Time": 292.967,
                    "Actual Total Time": 292.968,
                    "Actual Rows": 278970,
                    "Actual Loops": 2,
                    "Hash Buckets": 1048576,
                    "Original Hash Buckets": 524288,
                    "Hash Batches": 1,
                    "Original Hash Batches": 1,
                    "Peak Memory Usage": 34144,
                    "Plans": [
                      {
                        "Node Type": "Seq Scan",
                        "Parent Relationship": "Outer",
                        "Parallel Aware": true,
                        "Relation Name": "title",
                        "Alias": "t",
                        "Startup Cost": 0.0,
                        "Total Cost": 58306.47,
                        "Plan Rows": 306085,
                        "Plan Width": 4,
                        "Actual Startup Time": 0.033,
                        "Actual Total Time": 180.718,
                        "Actual Rows": 278970,
                        "Actual Loops": 2,
                        "Filter": "((kind_id > 3) AND (production_year > 2007))",
                        "Rows Removed by Filter": 985186
                      }
                    ]
                  }
                ]
              }
            ]
          }
        ]
      }
    ]
  },
  "Planning Time": 0.684,
  "Triggers": [],
  "Execution Time": 772.683
}