[
    {
        "Bao": {
            "Bao prediction": 496.128,
            "Bao recommended hint": "(no hint)"
        }
    },
    {
        "Plan": {
            "Node Type": "Aggregate",
            "Strategy": "Plain",
            "Partial Mode": "Finalize",
            "Parallel Aware": false,
            "Startup Cost": 350682.79,
            "Total Cost": 350682.8,
            "Plan Rows": 1,
            "Plan Width": 8,
            "Actual Startup Time": 711.82,
            "Actual Total Time": 736.868,
            "Actual Rows": 1,
            "Actual Loops": 1,
            "Output": [
                "count(*)"
            ],
            "Plans": [
                {
                    "Node Type": "Gather",
                    "Parent Relationship": "Outer",
                    "Parallel Aware": false,
                    "Startup Cost": 350682.17,
                    "Total Cost": 350682.78,
                    "Plan Rows": 6,
                    "Plan Width": 8,
                    "Actual Startup Time": 711.73,
                    "Actual Total Time": 736.86,
                    "Actual Rows": 7,
                    "Actual Loops": 1,
                    "Output": [
                        "(PARTIAL count(*))"
                    ],
                    "Workers Planned": 6,
                    "Workers Launched": 6,
                    "Single Copy": false,
                    "Plans": [
                        {
                            "Node Type": "Aggregate",
                            "Strategy": "Plain",
                            "Partial Mode": "Partial",
                            "Parent Relationship": "Outer",
                            "Parallel Aware": false,
                            "Startup Cost": 349682.17,
                            "Total Cost": 349682.18,
                            "Plan Rows": 1,
                            "Plan Width": 8,
                            "Actual Startup Time": 702.505,
                            "Actual Total Time": 702.506,
                            "Actual Rows": 1,
                            "Actual Loops": 7,
                            "Output": [
                                "PARTIAL count(*)"
                            ],
                            "Workers": [
                                {
                                    "Worker Number": 0,
                                    "Actual Startup Time": 700.515,
                                    "Actual Total Time": 700.517,
                                    "Actual Rows": 1,
                                    "Actual Loops": 1
                                },
                                {
                                    "Worker Number": 1,
                                    "Actual Startup Time": 700.661,
                                    "Actual Total Time": 700.662,
                                    "Actual Rows": 1,
                                    "Actual Loops": 1
                                },
                                {
                                    "Worker Number": 2,
                                    "Actual Startup Time": 701.068,
                                    "Actual Total Time": 701.069,
                                    "Actual Rows": 1,
                                    "Actual Loops": 1
                                },
                                {
                                    "Worker Number": 3,
                                    "Actual Startup Time": 701.138,
                                    "Actual Total Time": 701.139,
                                    "Actual Rows": 1,
                                    "Actual Loops": 1
                                },
                                {
                                    "Worker Number": 4,
                                    "Actual Startup Time": 701.495,
                                    "Actual Total Time": 701.495,
                                    "Actual Rows": 1,
                                    "Actual Loops": 1
                                },
                                {
                                    "Worker Number": 5,
                                    "Actual Startup Time": 701.712,
                                    "Actual Total Time": 701.713,
                                    "Actual Rows": 1,
                                    "Actual Loops": 1
                                }
                            ],
                            "Plans": [
                                {
                                    "Node Type": "Seq Scan",
                                    "Parent Relationship": "Outer",
                                    "Parallel Aware": true,
                                    "Relation Name": "cast_info",
                                    "Schema": "public",
                                    "Alias": "ci",
                                    "Startup Cost": 0.0,
                                    "Total Cost": 343318.94,
                                    "Plan Rows": 2545292,
                                    "Plan Width": 0,
                                    "Actual Startup Time": 308.528,
                                    "Actual Total Time": 604.852,
                                    "Actual Rows": 2050740,
                                    "Actual Loops": 7,
                                    "Output": [
                                        "id",
                                        "person_id",
                                        "movie_id",
                                        "person_role_id",
                                        "note",
                                        "nr_order",
                                        "role_id"
                                    ],
                                    "Filter": "((ci.person_id < 3712425) AND (ci.role_id > 2))",
                                    "Rows Removed by Filter": 3127023,
                                    "Workers": [
                                        {
                                            "Worker Number": 0,
                                            "Actual Startup Time": 306.54,
                                            "Actual Total Time": 603.707,
                                            "Actual Rows": 2095011,
                                            "Actual Loops": 1
                                        },
                                        {
                                            "Worker Number": 1,
                                            "Actual Startup Time": 306.683,
                                            "Actual Total Time": 603.937,
                                            "Actual Rows": 2092285,
                                            "Actual Loops": 1
                                        },
                                        {
                                            "Worker Number": 2,
                                            "Actual Startup Time": 307.088,
                                            "Actual Total Time": 604.175,
                                            "Actual Rows": 2098133,
                                            "Actual Loops": 1
                                        },
                                        {
                                            "Worker Number": 3,
                                            "Actual Startup Time": 307.166,
                                            "Actual Total Time": 605.268,
                                            "Actual Rows": 1406938,
                                            "Actual Loops": 1
                                        },
                                        {
                                            "Worker Number": 4,
                                            "Actual Startup Time": 307.523,
                                            "Actual Total Time": 604.759,
                                            "Actual Rows": 2092515,
                                            "Actual Loops": 1
                                        },
                                        {
                                            "Worker Number": 5,
                                            "Actual Startup Time": 307.731,
                                            "Actual Total Time": 604.934,
                                            "Actual Rows": 2094744,
                                            "Actual Loops": 1
                                        }
                                    ]
                                }
                            ]
                        }
                    ]
                }
            ]
        },
        "Planning Time": 226.855,
        "Triggers": [],
        "Execution Time": 736.959
    }
]