[
  {
    "Plan": {
      "Node Type": "Aggregate",
      "Strategy": "Plain",
      "Partial Mode": "Finalize",
      "Parallel Aware": false,
      "Startup Cost": 33004.45,
      "Total Cost": 33004.46,
      "Plan Rows": 1,
      "Plan Width": 8,
      "Actual Startup Time": 90.066,
      "Actual Total Time": 97.585,
      "Actual Rows": 1,
      "Actual Loops": 1,
      "Plans": [
        {
          "Node Type": "Gather",
          "Parent Relationship": "Outer",
          "Parallel Aware": false,
          "Startup Cost": 33004.13,
          "Total Cost": 33004.44,
          "Plan Rows": 3,
          "Plan Width": 8,
          "Actual Startup Time": 89.938,
          "Actual Total Time": 97.575,
          "Actual Rows": 4,
          "Actual Loops": 1,
          "Workers Planned": 3,
          "Workers Launched": 3,
          "Single Copy": false,
          "Plans": [
            {
              "Node Type": "Aggregate",
              "Strategy": "Plain",
              "Partial Mode": "Partial",
              "Parent Relationship": "Outer",
              "Parallel Aware": false,
              "Startup Cost": 32004.13,
              "Total Cost": 32004.14,
              "Plan Rows": 1,
              "Plan Width": 8,
              "Actual Startup Time": 83.9,
              "Actual Total Time": 83.901,
              "Actual Rows": 1,
              "Actual Loops": 4,
              "Plans": [
                {
                  "Node Type": "Seq Scan",
                  "Parent Relationship": "Outer",
                  "Parallel Aware": true,
                  "Relation Name": "movie_companies",
                  "Alias": "mc",
                  "Startup Cost": 0.0,
                  "Total Cost": 31414.82,
                  "Plan Rows": 235726,
                  "Plan Width": 0,
                  "Actual Startup Time": 46.337,
                  "Actual Total Time": 78.643,
                  "Actual Rows": 114825,
                  "Actual Loops": 4,
                  "Filter": "((company_id < 12784) AND (company_type_id = 2))",
                  "Rows Removed by Filter": 537457
                }
              ]
            }
          ]
        }
      ]
    },
    "Planning Time": 0.151,
    "Triggers": [],
    "Execution Time": 97.637
  }
]