{
  "Plan": {
    "Node Type": "Aggregate",
    "Strategy": "Plain",
    "Partial Mode": "Finalize",
    "Parallel Aware": false,
    "Startup Cost": 159144.03,
    "Total Cost": 159144.04,
    "Plan Rows": 1,
    "Plan Width": 8,
    "Actual Startup Time": 1011.939,
    "Actual Total Time": 1034.892,
    "Actual Rows": 1,
    "Actual Loops": 1,
    "Plans": [
      {
        "Node Type": "Gather",
        "Parent Relationship": "Outer",
        "Parallel Aware": false,
        "Startup Cost": 159143.92,
        "Total Cost": 159144.03,
        "Plan Rows": 1,
        "Plan Width": 8,
        "Actual Startup Time": 1005.988,
        "Actual Total Time": 1034.886,
        "Actual Rows": 2,
        "Actual Loops": 1,
        "Workers Planned": 1,
        "Workers Launched": 1,
        "Single Copy": false,
        "Plans": [
          {
            "Node Type": "Aggregate",
            "Strategy": "Plain",
            "Partial Mode": "Partial",
            "Parent Relationship": "Outer",
            "Parallel Aware": false,
            "Startup Cost": 158143.92,
            "Total Cost": 158143.93,
            "Plan Rows": 1,
            "Plan Width": 8,
            "Actual Startup Time": 999.482,
            "Actual Total Time": 999.488,
            "Actual Rows": 1,
            "Actual Loops": 2,
            "Plans": [
              {
                "Node Type": "Hash Join",
                "Parent Relationship": "Outer",
                "Parallel Aware": true,
                "Join Type": "Inner",
                "Startup Cost": 114760.64,
                "Total Cost": 157989.37,
                "Plan Rows": 61817,
                "Plan Width": 0,
                "Actual Startup Time": 842.748,
                "Actual Total Time": 987.84,
                "Actual Rows": 294932,
                "Actual Loops": 2,
                "Inner Unique": false,
                "Hash Cond": "(mc.movie_id = t.id)",
                "Plans": [
                  {
                    "Node Type": "Seq Scan",
                    "Parent Relationship": "Outer",
                    "Parallel Aware": true,
                    "Relation Name": "movie_companies",
                    "Alias": "mc",
                    "Startup Cost": 0.0,
                    "Total Cost": 41811.73,
                    "Plan Rows": 280901,
                    "Plan Width": 4,
                    "Actual Startup Time": 51.155,
                    "Actual Total Time": 112.921,
                    "Actual Rows": 400290,
                    "Actual Loops": 2,
                    "Filter": "((company_id > 18455) AND (company_type_id > 1))",
                    "Rows Removed by Filter": 904274
                  },
                  {
                    "Node Type": "Hash",
                    "Parent Relationship": "Inner",
                    "Parallel Aware": true,
                    "Startup Cost": 110669.49,
                    "Total Cost": 110669.49,
                    "Plan Rows": 327292,
                    "Plan Width": 8,
                    "Actual Startup Time": 782.303,
                    "Actual Total Time": 782.307,
                    "Actual Rows": 285149,
                    "Actual Loops": 2,
                    "Hash Buckets": 1048576,
                    "Original Hash Buckets": 1048576,
                    "Hash Batches": 1,
                    "Original Hash Batches": 1,
                    "Peak Memory Usage": 30560,
                    "Plans": [
                      {
                        "Node Type": "Hash Join",
                        "Parent Relationship": "Outer",
                        "Parallel Aware": true,
                        "Join Type": "Inner",
                        "Startup Cost": 81265.2,
                        "Total Cost": 110669.49,
                        "Plan Rows": 327292,
                        "Plan Width": 8,
                        "Actual Startup Time": 553.477,
                        "Actual Total Time": 718.263,
                        "Actual Rows": 285149,
                        "Actual Loops": 2,
                        "Inner Unique": true,
                        "Hash Cond": "(mk.movie_id = t.id)",
                        "Plans": [
                          {
                            "Node Type": "Bitmap Heap Scan",
                            "Parent Relationship": "Outer",
                            "Parallel Aware": true,
                            "Relation Name": "movie_keyword",
                            "Alias": "mk",
                            "Startup Cost": 11804.5,
                            "Total Cost": 40349.65,
                            "Plan Rows": 327292,
                            "Plan Width": 4,
                            "Actual Startup Time": 32.776,
                            "Actual Total Time": 105.32,
                            "Actual Rows": 285149,
                            "Actual Loops": 2,
                            "Recheck Cond": "(keyword_id < 405)",
                            "Rows Removed by Index Recheck": 0,
                            "Exact Heap Blocks": 13211,
                            "Lossy Heap Blocks": 0,
                            "Plans": [
                              {
                                "Node Type": "Bitmap Index Scan",
                                "Parent Relationship": "Outer",
                                "Parallel Aware": false,
                                "Index Name": "keyword_id_movie_keyword",
                                "Startup Cost": 0.0,
                                "Total Cost": 11665.4,
                                "Plan Rows": 556396,
                                "Plan Width": 0,
                                "Actual Startup Time": 29.094,
                                "Actual Total Time": 29.094,
                                "Actual Rows": 570298,
                                "Actual Loops": 1,
                                "Index Cond": "(keyword_id < 405)"
                              }
                            ]
                          },
                          {
                            "Node Type": "Hash",
                            "Parent Relationship": "Inner",
                            "Parallel Aware": true,
                            "Startup Cost": 50870.31,
                            "Total Cost": 50870.31,
                            "Plan Rows": 1487231,
                            "Plan Width": 4,
                            "Actual Startup Time": 505.196,
                            "Actual Total Time": 505.197,
                            "Actual Rows": 1264156,
                            "Actual Loops": 2,
                            "Hash Buckets": 4194304,
                            "Original Hash Buckets": 4194304,
                            "Hash Batches": 1,
                            "Original Hash Batches": 1,
                            "Peak Memory Usage": 131712,
                            "Plans": [
                              {
                                "Node Type": "Seq Scan",
                                "Parent Relationship": "Outer",
                                "Parallel Aware": true,
                                "Relation Name": "title",
                                "Alias": "t",
                                "Startup Cost": 0.0,
                                "Total Cost": 50870.31,
                                "Plan Rows": 1487231,
                                "Plan Width": 4,
                                "Actual Startup Time": 0.032,
                                "Actual Total Time": 153.098,
                                "Actual Rows": 1264156,
                                "Actual Loops": 2
                              }
                            ]
                          }
                        ]
                      }
                    ]
                  }
                ]
              }
            ]
          }
        ]
      }
    ]
  },
  "Planning Time": 0.912,
  "Triggers": [],
  "Execution Time": 1034.995
}