[
  {
    "Plan": {
      "Node Type": "Aggregate",
      "Strategy": "Plain",
      "Partial Mode": "Finalize",
      "Parallel Aware": false,
      "Startup Cost": 22054.26,
      "Total Cost": 22054.27,
      "Plan Rows": 1,
      "Plan Width": 8,
      "Actual Startup Time": 13.333,
      "Actual Total Time": 15.164,
      "Actual Rows": 1,
      "Actual Loops": 1,
      "Plans": [
        {
          "Node Type": "Gather",
          "Parent Relationship": "Outer",
          "Parallel Aware": false,
          "Startup Cost": 22054.04,
          "Total Cost": 22054.25,
          "Plan Rows": 2,
          "Plan Width": 8,
          "Actual Startup Time": 12.909,
          "Actual Total Time": 15.148,
          "Actual Rows": 3,
          "Actual Loops": 1,
          "Workers Planned": 2,
          "Workers Launched": 2,
          "Single Copy": false,
          "Plans": [
            {
              "Node Type": "Aggregate",
              "Strategy": "Plain",
              "Partial Mode": "Partial",
              "Parent Relationship": "Outer",
              "Parallel Aware": false,
              "Startup Cost": 21054.04,
              "Total Cost": 21054.05,
              "Plan Rows": 1,
              "Plan Width": 8,
              "Actual Startup Time": 4.96,
              "Actual Total Time": 4.963,
              "Actual Rows": 1,
              "Actual Loops": 3,
              "Plans": [
                {
                  "Node Type": "Nested Loop",
                  "Parent Relationship": "Outer",
                  "Parallel Aware": false,
                  "Join Type": "Inner",
                  "Startup Cost": 106.44,
                  "Total Cost": 21049.43,
                  "Plan Rows": 1844,
                  "Plan Width": 0,
                  "Actual Startup Time": 4.138,
                  "Actual Total Time": 4.892,
                  "Actual Rows": 353,
                  "Actual Loops": 3,
                  "Inner Unique": false,
                  "Plans": [
                    {
                      "Node Type": "Nested Loop",
                      "Parent Relationship": "Outer",
                      "Parallel Aware": false,
                      "Join Type": "Inner",
                      "Startup Cost": 106.0,
                      "Total Cost": 19254.94,
                      "Plan Rows": 1030,
                      "Plan Width": 8,
                      "Actual Startup Time": 3.601,
                      "Actual Total Time": 4.04,
                      "Actual Rows": 15,
                      "Actual Loops": 3,
                      "Inner Unique": true,
                      "Plans": [
                        {
                          "Node Type": "Bitmap Heap Scan",
                          "Parent Relationship": "Outer",
                          "Parallel Aware": true,
                          "Relation Name": "movie_companies",
                          "Alias": "mc",
                          "Startup Cost": 105.57,
                          "Total Cost": 11187.09,
                          "Plan Rows": 1030,
                          "Plan Width": 4,
                          "Actual Startup Time": 3.424,
                          "Actual Total Time": 3.548,
                          "Actual Rows": 15,
                          "Actual Loops": 3,
                          "Recheck Cond": "(company_id = 52)",
                          "Rows Removed by Index Recheck": 0,
                          "Filter": "(company_type_id = 2)",
                          "Rows Removed by Filter": 1499,
                          "Exact Heap Blocks": 1670,
                          "Lossy Heap Blocks": 0,
                          "Plans": [
                            {
                              "Node Type": "Bitmap Index Scan",
                              "Parent Relationship": "Outer",
                              "Parallel Aware": false,
                              "Index Name": "company_id_movie_companies",
                              "Startup Cost": 0.0,
                              "Total Cost": 104.96,
                              "Plan Rows": 4870,
                              "Plan Width": 0,
                              "Actual Startup Time": 2.85,
                              "Actual Total Time": 2.851,
                              "Actual Rows": 4542,
                              "Actual Loops": 1,
                              "Index Cond": "(company_id = 52)"
                            }
                          ]
                        },
                        {
                          "Node Type": "Index Only Scan",
                          "Parent Relationship": "Inner",
                          "Parallel Aware": false,
                          "Scan Direction": "Forward",
                          "Index Name": "title_pkey",
                          "Relation Name": "title",
                          "Alias": "t",
                          "Startup Cost": 0.43,
                          "Total Cost": 7.83,
                          "Plan Rows": 1,
                          "Plan Width": 4,
                          "Actual Startup Time": 0.03,
                          "Actual Total Time": 0.03,
                          "Actual Rows": 1,
                          "Actual Loops": 46,
                          "Index Cond": "(id = mc.movie_id)",
                          "Rows Removed by Index Recheck": 0,
                          "Heap Fetches": 46
                        }
                      ]
                    },
                    {
                      "Node Type": "Index Only Scan",
                      "Parent Relationship": "Inner",
                      "Parallel Aware": false,
                      "Scan Direction": "Forward",
                      "Index Name": "movie_id_movie_keyword",
                      "Relation Name": "movie_keyword",
                      "Alias": "mk",
                      "Startup Cost": 0.43,
                      "Total Cost": 1.29,
                      "Plan Rows": 45,
                      "Plan Width": 4,
                      "Actual Startup Time": 0.034,
                      "Actual Total Time": 0.048,
                      "Actual Rows": 23,
                      "Actual Loops": 46,
                      "Index Cond": "(movie_id = t.id)",
                      "Rows Removed by Index Recheck": 0,
                      "Heap Fetches": 1060
                    }
                  ]
                }
              ]
            }
          ]
        }
      ]
    },
    "Planning Time": 1.491,
    "Triggers": [],
    "Execution Time": 15.27
  }
]