{
  "Plan": {
    "Node Type": "Aggregate",
    "Strategy": "Plain",
    "Partial Mode": "Finalize",
    "Parallel Aware": false,
    "Startup Cost": 749692.41,
    "Total Cost": 749692.42,
    "Plan Rows": 1,
    "Plan Width": 8,
    "Actual Startup Time": 4723.005,
    "Actual Total Time": 4772.213,
    "Actual Rows": 1,
    "Actual Loops": 1,
    "Plans": [
      {
        "Node Type": "Gather",
        "Parent Relationship": "Outer",
        "Parallel Aware": false,
        "Startup Cost": 749692.3,
        "Total Cost": 749692.41,
        "Plan Rows": 1,
        "Plan Width": 8,
        "Actual Startup Time": 4720.087,
        "Actual Total Time": 4772.201,
        "Actual Rows": 2,
        "Actual Loops": 1,
        "Workers Planned": 1,
        "Workers Launched": 1,
        "Single Copy": false,
        "Plans": [
          {
            "Node Type": "Aggregate",
            "Strategy": "Plain",
            "Partial Mode": "Partial",
            "Parent Relationship": "Outer",
            "Parallel Aware": false,
            "Startup Cost": 748692.3,
            "Total Cost": 748692.31,
            "Plan Rows": 1,
            "Plan Width": 8,
            "Actual Startup Time": 4714.125,
            "Actual Total Time": 4715.006,
            "Actual Rows": 1,
            "Actual Loops": 2,
            "Plans": [
              {
                "Node Type": "Hash Join",
                "Parent Relationship": "Outer",
                "Parallel Aware": true,
                "Join Type": "Inner",
                "Startup Cost": 457239.1,
                "Total Cost": 745743.72,
                "Plan Rows": 1179433,
                "Plan Width": 0,
                "Actual Startup Time": 1214.989,
                "Actual Total Time": 4386.079,
                "Actual Rows": 7998092,
                "Actual Loops": 2,
                "Inner Unique": false,
                "Hash Cond": "(mi.movie_id = t.id)",
                "Plans": [
                  {
                    "Node Type": "Seq Scan",
                    "Parent Relationship": "Outer",
                    "Parallel Aware": true,
                    "Relation Name": "movie_info",
                    "Alias": "mi",
                    "Startup Cost": 0.0,
                    "Total Cost": 248955.74,
                    "Plan Rows": 8696274,
                    "Plan Width": 4,
                    "Actual Startup Time": 0.017,
                    "Actual Total Time": 682.891,
                    "Actual Rows": 7417860,
                    "Actual Loops": 2
                  },
                  {
                    "Node Type": "Hash",
                    "Parent Relationship": "Inner",
                    "Parallel Aware": true,
                    "Startup Cost": 454717.78,
                    "Total Cost": 454717.78,
                    "Plan Rows": 201706,
                    "Plan Width": 8,
                    "Actual Startup Time": 1207.11,
                    "Actual Total Time": 1207.989,
                    "Actual Rows": 317854,
                    "Actual Loops": 2,
                    "Hash Buckets": 1048576,
                    "Original Hash Buckets": 524288,
                    "Hash Batches": 1,
                    "Original Hash Batches": 1,
                    "Peak Memory Usage": 37184,
                    "Plans": [
                      {
                        "Node Type": "Hash Join",
                        "Parent Relationship": "Outer",
                        "Parallel Aware": true,
                        "Join Type": "Inner",
                        "Startup Cost": 160283.62,
                        "Total Cost": 454717.78,
                        "Plan Rows": 201706,
                        "Plan Width": 8,
                        "Actual Startup Time": 450.835,
                        "Actual Total Time": 1114.541,
                        "Actual Rows": 317854,
                        "Actual Loops": 2,
                        "Inner Unique": true,
                        "Hash Cond": "(ci.movie_id = t.id)",
                        "Plans": [
                          {
                            "Node Type": "Bitmap Heap Scan",
                            "Parent Relationship": "Outer",
                            "Parallel Aware": true,
                            "Relation Name": "cast_info",
                            "Alias": "ci",
                            "Startup Cost": 97828.9,
                            "Total Cost": 389890.2,
                            "Plan Rows": 903946,
                            "Plan Width": 4,
                            "Actual Startup Time": 219.537,
                            "Actual Total Time": 541.858,
                            "Actual Rows": 1650002,
                            "Actual Loops": 2,
                            "Recheck Cond": "(person_id < 441533)",
                            "Rows Removed by Index Recheck": 0,
                            "Filter": "(role_id = 1)",
                            "Rows Removed by Filter": 636282,
                            "Exact Heap Blocks": 24280,
                            "Lossy Heap Blocks": 0,
                            "Plans": [
                              {
                                "Node Type": "Bitmap Index Scan",
                                "Parent Relationship": "Outer",
                                "Parallel Aware": false,
                                "Index Name": "person_id_cast_info",
                                "Startup Cost": 0.0,
                                "Total Cost": 97444.72,
                                "Plan Rows": 4462421,
                                "Plan Width": 0,
                                "Actual Startup Time": 211.79,
                                "Actual Total Time": 211.791,
                                "Actual Rows": 4572569,
                                "Actual Loops": 1,
                                "Index Cond": "(person_id < 441533)"
                              }
                            ]
                          },
                          {
                            "Node Type": "Hash",
                            "Parent Relationship": "Inner",
                            "Parallel Aware": true,
                            "Startup Cost": 58306.47,
                            "Total Cost": 58306.47,
                            "Plan Rows": 331860,
                            "Plan Width": 4,
                            "Actual Startup Time": 224.778,
                            "Actual Total Time": 224.779,
                            "Actual Rows": 238584,
                            "Actual Loops": 2,
                            "Hash Buckets": 1048576,
                            "Original Hash Buckets": 1048576,
                            "Hash Batches": 1,
                            "Original Hash Batches": 1,
                            "Peak Memory Usage": 26880,
                            "Plans": [
                              {
                                "Node Type": "Seq Scan",
                                "Parent Relationship": "Outer",
                                "Parallel Aware": true,
                                "Relation Name": "title",
                                "Alias": "t",
                                "Startup Cost": 0.0,
                                "Total Cost": 58306.47,
                                "Plan Rows": 331860,
                                "Plan Width": 4,
                                "Actual Startup Time": 0.046,
                                "Actual Total Time": 156.703,
                                "Actual Rows": 238584,
                                "Actual Loops": 2,
                                "Filter": "((kind_id < 7) AND (production_year > 1999))",
                                "Rows Removed by Filter": 1025572
                              }
                            ]
                          }
                        ]
                      }
                    ]
                  }
                ]
              }
            ]
          }
        ]
      }
    ]
  },
  "Planning Time": 0.969,
  "Triggers": [],
  "Execution Time": 4772.336
}