{
    "Plan": {
        "Node Type": "Aggregate",
        "Strategy": "Plain",
        "Partial Mode": "Finalize",
        "Parallel Aware": false,
        "Startup Cost": 401230.23,
        "Total Cost": 401230.24,
        "Plan Rows": 1,
        "Plan Width": 8,
        "Actual Startup Time": 1234.354,
        "Actual Total Time": 1289.202,
        "Actual Rows": 1,
        "Actual Loops": 1,
        "Output": [
            "count(*)"
        ],
        "Plans": [
            {
                "Node Type": "Gather",
                "Parent Relationship": "Outer",
                "Parallel Aware": false,
                "Startup Cost": 401229.61,
                "Total Cost": 401230.22,
                "Plan Rows": 6,
                "Plan Width": 8,
                "Actual Startup Time": 1214.377,
                "Actual Total Time": 1289.185,
                "Actual Rows": 7,
                "Actual Loops": 1,
                "Output": [
                    "(PARTIAL count(*))"
                ],
                "Workers Planned": 6,
                "Workers Launched": 6,
                "Single Copy": false,
                "Plans": [
                    {
                        "Node Type": "Aggregate",
                        "Strategy": "Plain",
                        "Partial Mode": "Partial",
                        "Parent Relationship": "Outer",
                        "Parallel Aware": false,
                        "Startup Cost": 400229.61,
                        "Total Cost": 400229.62,
                        "Plan Rows": 1,
                        "Plan Width": 8,
                        "Actual Startup Time": 1192.657,
                        "Actual Total Time": 1192.661,
                        "Actual Rows": 1,
                        "Actual Loops": 7,
                        "Output": [
                            "PARTIAL count(*)"
                        ],
                        "Workers": [
                            {
                                "Worker Number": 0,
                                "Actual Startup Time": 1188.919,
                                "Actual Total Time": 1188.923,
                                "Actual Rows": 1,
                                "Actual Loops": 1
                            },
                            {
                                "Worker Number": 1,
                                "Actual Startup Time": 1188.929,
                                "Actual Total Time": 1188.933,
                                "Actual Rows": 1,
                                "Actual Loops": 1
                            },
                            {
                                "Worker Number": 2,
                                "Actual Startup Time": 1188.897,
                                "Actual Total Time": 1188.9,
                                "Actual Rows": 1,
                                "Actual Loops": 1
                            },
                            {
                                "Worker Number": 3,
                                "Actual Startup Time": 1188.889,
                                "Actual Total Time": 1188.892,
                                "Actual Rows": 1,
                                "Actual Loops": 1
                            },
                            {
                                "Worker Number": 4,
                                "Actual Startup Time": 1188.924,
                                "Actual Total Time": 1188.927,
                                "Actual Rows": 1,
                                "Actual Loops": 1
                            },
                            {
                                "Worker Number": 5,
                                "Actual Startup Time": 1190.609,
                                "Actual Total Time": 1190.612,
                                "Actual Rows": 1,
                                "Actual Loops": 1
                            }
                        ],
                        "Plans": [
                            {
                                "Node Type": "Hash Join",
                                "Parent Relationship": "Outer",
                                "Parallel Aware": true,
                                "Join Type": "Inner",
                                "Startup Cost": 50219.81,
                                "Total Cost": 396965.78,
                                "Plan Rows": 1305532,
                                "Plan Width": 0,
                                "Actual Startup Time": 496.587,
                                "Actual Total Time": 1167.839,
                                "Actual Rows": 481547,
                                "Actual Loops": 7,
                                "Inner Unique": true,
                                "Hash Cond": "(ci.movie_id = t.id)",
                                "Workers": [
                                    {
                                        "Worker Number": 0,
                                        "Actual Startup Time": 493.208,
                                        "Actual Total Time": 1161.018,
                                        "Actual Rows": 392298,
                                        "Actual Loops": 1
                                    },
                                    {
                                        "Worker Number": 1,
                                        "Actual Startup Time": 493.066,
                                        "Actual Total Time": 1162.432,
                                        "Actual Rows": 398827,
                                        "Actual Loops": 1
                                    },
                                    {
                                        "Worker Number": 2,
                                        "Actual Startup Time": 495.649,
                                        "Actual Total Time": 1164.784,
                                        "Actual Rows": 517498,
                                        "Actual Loops": 1
                                    },
                                    {
                                        "Worker Number": 3,
                                        "Actual Startup Time": 494.841,
                                        "Actual Total Time": 1165.366,
                                        "Actual Rows": 507006,
                                        "Actual Loops": 1
                                    },
                                    {
                                        "Worker Number": 4,
                                        "Actual Startup Time": 491.891,
                                        "Actual Total Time": 1165.033,
                                        "Actual Rows": 513529,
                                        "Actual Loops": 1
                                    },
                                    {
                                        "Worker Number": 5,
                                        "Actual Startup Time": 491.341,
                                        "Actual Total Time": 1170.009,
                                        "Actual Rows": 476870,
                                        "Actual Loops": 1
                                    }
                                ],
                                "Plans": [
                                    {
                                        "Node Type": "Seq Scan",
                                        "Parent Relationship": "Outer",
                                        "Parallel Aware": true,
                                        "Relation Name": "cast_info",
                                        "Schema": "public",
                                        "Alias": "ci",
                                        "Startup Cost": 0.0,
                                        "Total Cost": 343318.94,
                                        "Plan Rows": 1305532,
                                        "Plan Width": 4,
                                        "Actual Startup Time": 243.288,
                                        "Actual Total Time": 664.894,
                                        "Actual Rows": 481547,
                                        "Actual Loops": 7,
                                        "Output": [
                                            "ci.id",
                                            "ci.person_id",
                                            "ci.movie_id",
                                            "ci.person_role_id",
                                            "ci.note",
                                            "ci.nr_order",
                                            "ci.role_id"
                                        ],
                                        "Filter": "((ci.person_id < 1194276) AND (ci.role_id > 1))",
                                        "Rows Removed by Filter": 4696216,
                                        "Workers": [
                                            {
                                                "Worker Number": 0,
                                                "Actual Startup Time": 243.336,
                                                "Actual Total Time": 677.881,
                                                "Actual Rows": 392298,
                                                "Actual Loops": 1
                                            },
                                            {
                                                "Worker Number": 1,
                                                "Actual Startup Time": 243.191,
                                                "Actual Total Time": 673.824,
                                                "Actual Rows": 398827,
                                                "Actual Loops": 1
                                            },
                                            {
                                                "Worker Number": 2,
                                                "Actual Startup Time": 245.82,
                                                "Actual Total Time": 667.546,
                                                "Actual Rows": 517498,
                                                "Actual Loops": 1
                                            },
                                            {
                                                "Worker Number": 3,
                                                "Actual Startup Time": 245.012,
                                                "Actual Total Time": 668.16,
                                                "Actual Rows": 507006,
                                                "Actual Loops": 1
                                            },
                                            {
                                                "Worker Number": 4,
                                                "Actual Startup Time": 242.05,
                                                "Actual Total Time": 667.312,
                                                "Actual Rows": 513529,
                                                "Actual Loops": 1
                                            },
                                            {
                                                "Worker Number": 5,
                                                "Actual Startup Time": 241.702,
                                                "Actual Total Time": 650.209,
                                                "Actual Rows": 476870,
                                                "Actual Loops": 1
                                            }
                                        ]
                                    },
                                    {
                                        "Node Type": "Hash",
                                        "Parent Relationship": "Inner",
                                        "Parallel Aware": true,
                                        "Startup Cost": 42318.81,
                                        "Total Cost": 42318.81,
                                        "Plan Rows": 632080,
                                        "Plan Width": 4,
                                        "Actual Startup Time": 246.338,
                                        "Actual Total Time": 246.339,
                                        "Actual Rows": 361187,
                                        "Actual Loops": 7,
                                        "Output": [
                                            "t.id"
                                        ],
                                        "Hash Buckets": 4194304,
                                        "Original Hash Buckets": 4194304,
                                        "Hash Batches": 1,
                                        "Original Hash Batches": 1,
                                        "Peak Memory Usage": 131776,
                                        "Workers": [
                                            {
                                                "Worker Number": 0,
                                                "Actual Startup Time": 248.995,
                                                "Actual Total Time": 248.996,
                                                "Actual Rows": 298997,
                                                "Actual Loops": 1
                                            },
                                            {
                                                "Worker Number": 1,
                                                "Actual Startup Time": 248.94,
                                                "Actual Total Time": 248.942,
                                                "Actual Rows": 297194,
                                                "Actual Loops": 1
                                            },
                                            {
                                                "Worker Number": 2,
                                                "Actual Startup Time": 248.954,
                                                "Actual Total Time": 248.955,
                                                "Actual Rows": 380913,
                                                "Actual Loops": 1
                                            },
                                            {
                                                "Worker Number": 3,
                                                "Actual Startup Time": 248.958,
                                                "Actual Total Time": 248.959,
                                                "Actual Rows": 364400,
                                                "Actual Loops": 1
                                            },
                                            {
                                                "Worker Number": 4,
                                                "Actual Startup Time": 248.943,
                                                "Actual Total Time": 248.944,
                                                "Actual Rows": 372412,
                                                "Actual Loops": 1
                                            },
                                            {
                                                "Worker Number": 5,
                                                "Actual Startup Time": 248.926,
                                                "Actual Total Time": 248.927,
                                                "Actual Rows": 331850,
                                                "Actual Loops": 1
                                            }
                                        ],
                                        "Plans": [
                                            {
                                                "Node Type": "Seq Scan",
                                                "Parent Relationship": "Outer",
                                                "Parallel Aware": true,
                                                "Relation Name": "title",
                                                "Schema": "public",
                                                "Alias": "t",
                                                "Startup Cost": 0.0,
                                                "Total Cost": 42318.81,
                                                "Plan Rows": 632080,
                                                "Plan Width": 4,
                                                "Actual Startup Time": 0.068,
                                                "Actual Total Time": 77.075,
                                                "Actual Rows": 361187,
                                                "Actual Loops": 7,
                                                "Output": [
                                                    "t.id"
                                                ],
                                                "Workers": [
                                                    {
                                                        "Worker Number": 0,
                                                        "Actual Startup Time": 0.066,
                                                        "Actual Total Time": 81.42,
                                                        "Actual Rows": 298997,
                                                        "Actual Loops": 1
                                                    },
                                                    {
                                                        "Worker Number": 1,
                                                        "Actual Startup Time": 0.073,
                                                        "Actual Total Time": 81.354,
                                                        "Actual Rows": 297194,
                                                        "Actual Loops": 1
                                                    },
                                                    {
                                                        "Worker Number": 2,
                                                        "Actual Startup Time": 0.093,
                                                        "Actual Total Time": 79.537,
                                                        "Actual Rows": 380913,
                                                        "Actual Loops": 1
                                                    },
                                                    {
                                                        "Worker Number": 3,
                                                        "Actual Startup Time": 0.074,
                                                        "Actual Total Time": 78.661,
                                                        "Actual Rows": 364400,
                                                        "Actual Loops": 1
                                                    },
                                                    {
                                                        "Worker Number": 4,
                                                        "Actual Startup Time": 0.064,
                                                        "Actual Total Time": 78.51,
                                                        "Actual Rows": 372412,
                                                        "Actual Loops": 1
                                                    },
                                                    {
                                                        "Worker Number": 5,
                                                        "Actual Startup Time": 0.088,
                                                        "Actual Total Time": 75.823,
                                                        "Actual Rows": 331850,
                                                        "Actual Loops": 1
                                                    }
                                                ]
                                            }
                                        ]
                                    }
                                ]
                            }
                        ]
                    }
                ]
            }
        ]
    },
    "Planning Time": 0.85,
    "Triggers": [],
    "Execution Time": 1289.297
}