[
  {
    "Plan": {
      "Node Type": "Aggregate",
      "Strategy": "Plain",
      "Partial Mode": "Finalize",
      "Parallel Aware": false,
      "Startup Cost": 101969.33,
      "Total Cost": 101969.34,
      "Plan Rows": 1,
      "Plan Width": 8,
      "Actual Startup Time": 434.264,
      "Actual Total Time": 459.587,
      "Actual Rows": 1,
      "Actual Loops": 1,
      "Plans": [
        {
          "Node Type": "Gather",
          "Parent Relationship": "Outer",
          "Parallel Aware": false,
          "Startup Cost": 101969.01,
          "Total Cost": 101969.32,
          "Plan Rows": 3,
          "Plan Width": 8,
          "Actual Startup Time": 433.12,
          "Actual Total Time": 459.575,
          "Actual Rows": 4,
          "Actual Loops": 1,
          "Workers Planned": 3,
          "Workers Launched": 3,
          "Single Copy": false,
          "Plans": [
            {
              "Node Type": "Aggregate",
              "Strategy": "Plain",
              "Partial Mode": "Partial",
              "Parent Relationship": "Outer",
              "Parallel Aware": false,
              "Startup Cost": 100969.01,
              "Total Cost": 100969.02,
              "Plan Rows": 1,
              "Plan Width": 8,
              "Actual Startup Time": 423.68,
              "Actual Total Time": 423.684,
              "Actual Rows": 1,
              "Actual Loops": 4,
              "Plans": [
                {
                  "Node Type": "Nested Loop",
                  "Parent Relationship": "Outer",
                  "Parallel Aware": false,
                  "Join Type": "Inner",
                  "Startup Cost": 61220.82,
                  "Total Cost": 100927.91,
                  "Plan Rows": 16440,
                  "Plan Width": 0,
                  "Actual Startup Time": 232.695,
                  "Actual Total Time": 416.03,
                  "Actual Rows": 121549,
                  "Actual Loops": 4,
                  "Inner Unique": false,
                  "Join Filter": "(t.id = mc.movie_id)",
                  "Rows Removed by Join Filter": 0,
                  "Plans": [
                    {
                      "Node Type": "Hash Join",
                      "Parent Relationship": "Outer",
                      "Parallel Aware": true,
                      "Join Type": "Inner",
                      "Startup Cost": 61220.39,
                      "Total Cost": 89169.8,
                      "Plan Rows": 15931,
                      "Plan Width": 8,
                      "Actual Startup Time": 232.543,
                      "Actual Total Time": 315.539,
                      "Actual Rows": 12364,
                      "Actual Loops": 4,
                      "Inner Unique": true,
                      "Hash Cond": "(mk.movie_id = t.id)",
                      "Plans": [
                        {
                          "Node Type": "Bitmap Heap Scan",
                          "Parent Relationship": "Outer",
                          "Parallel Aware": true,
                          "Relation Name": "movie_keyword",
                          "Alias": "mk",
                          "Startup Cost": 15196.64,
                          "Total Cost": 42539.41,
                          "Plan Rows": 231101,
                          "Plan Width": 4,
                          "Actual Startup Time": 67.818,
                          "Actual Total Time": 142.588,
                          "Actual Rows": 180372,
                          "Actual Loops": 4,
                          "Recheck Cond": "(keyword_id < 643)",
                          "Rows Removed by Index Recheck": 0,
                          "Exact Heap Blocks": 6568,
                          "Lossy Heap Blocks": 0,
                          "Plans": [
                            {
                              "Node Type": "Bitmap Index Scan",
                              "Parent Relationship": "Outer",
                              "Parallel Aware": false,
                              "Index Name": "keyword_id_movie_keyword",
                              "Startup Cost": 0.0,
                              "Total Cost": 15017.54,
                              "Plan Rows": 716414,
                              "Plan Width": 0,
                              "Actual Startup Time": 61.874,
                              "Actual Total Time": 61.874,
                              "Actual Rows": 721487,
                              "Actual Loops": 1,
                              "Index Cond": "(keyword_id < 643)"
                            }
                          ]
                        },
                        {
                          "Node Type": "Hash",
                          "Parent Relationship": "Inner",
                          "Parallel Aware": true,
                          "Startup Cost": 45479.1,
                          "Total Cost": 45479.1,
                          "Plan Rows": 43572,
                          "Plan Width": 4,
                          "Actual Startup Time": 129.91,
                          "Actual Total Time": 129.91,
                          "Actual Rows": 40072,
                          "Actual Loops": 4,
                          "Hash Buckets": 262144,
                          "Original Hash Buckets": 262144,
                          "Hash Batches": 1,
                          "Original Hash Batches": 1,
                          "Peak Memory Usage": 8384,
                          "Plans": [
                            {
                              "Node Type": "Seq Scan",
                              "Parent Relationship": "Outer",
                              "Parallel Aware": true,
                              "Relation Name": "title",
                              "Alias": "t",
                              "Startup Cost": 0.0,
                              "Total Cost": 45479.1,
                              "Plan Rows": 43572,
                              "Plan Width": 4,
                              "Actual Startup Time": 52.866,
                              "Actual Total Time": 114.899,
                              "Actual Rows": 40072,
                              "Actual Loops": 4,
                              "Filter": "((production_year > 2008) AND (kind_id = 1))",
                              "Rows Removed by Filter": 592006
                            }
                          ]
                        }
                      ]
                    },
                    {
                      "Node Type": "Index Only Scan",
                      "Parent Relationship": "Inner",
                      "Parallel Aware": false,
                      "Scan Direction": "Forward",
                      "Index Name": "movie_id_movie_companies",
                      "Relation Name": "movie_companies",
                      "Alias": "mc",
                      "Startup Cost": 0.43,
                      "Total Cost": 0.68,
                      "Plan Rows": 5,
                      "Plan Width": 4,
                      "Actual Startup Time": 0.004,
                      "Actual Total Time": 0.007,
                      "Actual Rows": 10,
                      "Actual Loops": 49457,
                      "Index Cond": "(movie_id = mk.movie_id)",
                      "Rows Removed by Index Recheck": 0,
                      "Heap Fetches": 486197
                    }
                  ]
                }
              ]
            }
          ]
        }
      ]
    },
    "Planning Time": 1.455,
    "Triggers": [],
    "Execution Time": 459.721
  }
]