[
  {
    "Plan": {
      "Node Type": "Aggregate",
      "Strategy": "Plain",
      "Partial Mode": "Finalize",
      "Parallel Aware": false,
      "Startup Cost": 343194.28,
      "Total Cost": 343194.29,
      "Plan Rows": 1,
      "Plan Width": 8,
      "Actual Startup Time": 1011.71,
      "Actual Total Time": 1073.542,
      "Actual Rows": 1,
      "Actual Loops": 1,
      "Plans": [
        {
          "Node Type": "Gather",
          "Parent Relationship": "Outer",
          "Parallel Aware": false,
          "Startup Cost": 343193.66,
          "Total Cost": 343194.27,
          "Plan Rows": 6,
          "Plan Width": 8,
          "Actual Startup Time": 1011.532,
          "Actual Total Time": 1073.531,
          "Actual Rows": 7,
          "Actual Loops": 1,
          "Workers Planned": 6,
          "Workers Launched": 6,
          "Single Copy": false,
          "Plans": [
            {
              "Node Type": "Aggregate",
              "Strategy": "Plain",
              "Partial Mode": "Partial",
              "Parent Relationship": "Outer",
              "Parallel Aware": false,
              "Startup Cost": 342193.66,
              "Total Cost": 342193.67,
              "Plan Rows": 1,
              "Plan Width": 8,
              "Actual Startup Time": 1002.281,
              "Actual Total Time": 1002.282,
              "Actual Rows": 1,
              "Actual Loops": 7,
              "Plans": [
                {
                  "Node Type": "Seq Scan",
                  "Parent Relationship": "Outer",
                  "Parallel Aware": true,
                  "Relation Name": "cast_info",
                  "Alias": "ci",
                  "Startup Cost": 0.0,
                  "Total Cost": 328211.39,
                  "Plan Rows": 5592906,
                  "Plan Width": 0,
                  "Actual Startup Time": 0.043,
                  "Actual Total Time": 738.906,
                  "Actual Rows": 4807768,
                  "Actual Loops": 7,
                  "Filter": "(person_id < 3559461)",
                  "Rows Removed by Filter": 369996
                }
              ]
            }
          ]
        }
      ]
    },
    "Planning Time": 0.095,
    "Triggers": [],
    "Execution Time": 1073.591
  }
]