[
  {
    "Plan": {
      "Node Type": "Aggregate",
      "Strategy": "Plain",
      "Partial Mode": "Finalize",
      "Parallel Aware": false,
      "Startup Cost": 78262.66,
      "Total Cost": 78262.67,
      "Plan Rows": 1,
      "Plan Width": 8,
      "Actual Startup Time": 288.148,
      "Actual Total Time": 302.242,
      "Actual Rows": 1,
      "Actual Loops": 1,
      "Plans": [
        {
          "Node Type": "Gather",
          "Parent Relationship": "Outer",
          "Parallel Aware": false,
          "Startup Cost": 78262.34,
          "Total Cost": 78262.65,
          "Plan Rows": 3,
          "Plan Width": 8,
          "Actual Startup Time": 284.679,
          "Actual Total Time": 302.23,
          "Actual Rows": 4,
          "Actual Loops": 1,
          "Workers Planned": 3,
          "Workers Launched": 3,
          "Single Copy": false,
          "Plans": [
            {
              "Node Type": "Aggregate",
              "Strategy": "Plain",
              "Partial Mode": "Partial",
              "Parent Relationship": "Outer",
              "Parallel Aware": false,
              "Startup Cost": 77262.34,
              "Total Cost": 77262.35,
              "Plan Rows": 1,
              "Plan Width": 8,
              "Actual Startup Time": 275.97,
              "Actual Total Time": 275.974,
              "Actual Rows": 1,
              "Actual Loops": 4,
              "Plans": [
                {
                  "Node Type": "Hash Join",
                  "Parent Relationship": "Outer",
                  "Parallel Aware": true,
                  "Join Type": "Inner",
                  "Startup Cost": 47494.35,
                  "Total Cost": 77172.96,
                  "Plan Rows": 35751,
                  "Plan Width": 0,
                  "Actual Startup Time": 221.944,
                  "Actual Total Time": 272.451,
                  "Actual Rows": 73969,
                  "Actual Loops": 4,
                  "Inner Unique": true,
                  "Hash Cond": "(mc.movie_id = t.id)",
                  "Plans": [
                    {
                      "Node Type": "Seq Scan",
                      "Parent Relationship": "Outer",
                      "Parallel Aware": true,
                      "Relation Name": "movie_companies",
                      "Alias": "mc",
                      "Startup Cost": 0.0,
                      "Total Cost": 29310.68,
                      "Plan Rows": 140165,
                      "Plan Width": 4,
                      "Actual Startup Time": 32.774,
                      "Actual Total Time": 62.255,
                      "Actual Rows": 110610,
                      "Actual Loops": 4,
                      "Filter": "(company_id > 77967)",
                      "Rows Removed by Filter": 541672
                    },
                    {
                      "Node Type": "Hash",
                      "Parent Relationship": "Inner",
                      "Parallel Aware": true,
                      "Startup Cost": 45479.1,
                      "Total Cost": 45479.1,
                      "Plan Rows": 161220,
                      "Plan Width": 4,
                      "Actual Startup Time": 168.281,
                      "Actual Total Time": 168.282,
                      "Actual Rows": 164078,
                      "Actual Loops": 4,
                      "Hash Buckets": 1048576,
                      "Original Hash Buckets": 1048576,
                      "Hash Batches": 1,
                      "Original Hash Batches": 1,
                      "Peak Memory Usage": 33920,
                      "Plans": [
                        {
                          "Node Type": "Seq Scan",
                          "Parent Relationship": "Outer",
                          "Parallel Aware": true,
                          "Relation Name": "title",
                          "Alias": "t",
                          "Startup Cost": 0.0,
                          "Total Cost": 45479.1,
                          "Plan Rows": 161220,
                          "Plan Width": 4,
                          "Actual Startup Time": 51.366,
                          "Actual Total Time": 112.298,
                          "Actual Rows": 164078,
                          "Actual Loops": 4,
                          "Filter": "((production_year > 0) AND (kind_id = 1))",
                          "Rows Removed by Filter": 468000
                        }
                      ]
                    }
                  ]
                }
              ]
            }
          ]
        }
      ]
    },
    "Planning Time": 0.674,
    "Triggers": [],
    "Execution Time": 302.326
  }
]