{
  "Plan": {
    "Node Type": "Aggregate",
    "Strategy": "Plain",
    "Partial Mode": "Finalize",
    "Parallel Aware": false,
    "Startup Cost": 100392.24,
    "Total Cost": 100392.25,
    "Plan Rows": 1,
    "Plan Width": 8,
    "Actual Startup Time": 406.816,
    "Actual Total Time": 424.717,
    "Actual Rows": 1,
    "Actual Loops": 1,
    "Plans": [
      {
        "Node Type": "Gather",
        "Parent Relationship": "Outer",
        "Parallel Aware": false,
        "Startup Cost": 100392.13,
        "Total Cost": 100392.24,
        "Plan Rows": 1,
        "Plan Width": 8,
        "Actual Startup Time": 406.473,
        "Actual Total Time": 424.708,
        "Actual Rows": 2,
        "Actual Loops": 1,
        "Workers Planned": 1,
        "Workers Launched": 1,
        "Single Copy": false,
        "Plans": [
          {
            "Node Type": "Aggregate",
            "Strategy": "Plain",
            "Partial Mode": "Partial",
            "Parent Relationship": "Outer",
            "Parallel Aware": false,
            "Startup Cost": 99392.13,
            "Total Cost": 99392.14,
            "Plan Rows": 1,
            "Plan Width": 8,
            "Actual Startup Time": 400.618,
            "Actual Total Time": 400.622,
            "Actual Rows": 1,
            "Actual Loops": 2,
            "Plans": [
              {
                "Node Type": "Hash Join",
                "Parent Relationship": "Outer",
                "Parallel Aware": true,
                "Join Type": "Inner",
                "Startup Cost": 58616.82,
                "Total Cost": 99348.3,
                "Plan Rows": 17532,
                "Plan Width": 0,
                "Actual Startup Time": 173.291,
                "Actual Total Time": 400.375,
                "Actual Rows": 3770,
                "Actual Loops": 2,
                "Inner Unique": true,
                "Hash Cond": "(mc.movie_id = t.id)",
                "Plans": [
                  {
                    "Node Type": "Seq Scan",
                    "Parent Relationship": "Outer",
                    "Parallel Aware": true,
                    "Relation Name": "movie_companies",
                    "Alias": "mc",
                    "Startup Cost": 0.0,
                    "Total Cost": 37974.77,
                    "Plan Rows": 1050176,
                    "Plan Width": 4,
                    "Actual Startup Time": 0.978,
                    "Actual Total Time": 142.375,
                    "Actual Rows": 895347,
                    "Actual Loops": 2,
                    "Filter": "(company_id > 1924)",
                    "Rows Removed by Filter": 409218
                  },
                  {
                    "Node Type": "Hash",
                    "Parent Relationship": "Inner",
                    "Parallel Aware": true,
                    "Startup Cost": 58306.47,
                    "Total Cost": 58306.47,
                    "Plan Rows": 24828,
                    "Plan Width": 4,
                    "Actual Startup Time": 170.231,
                    "Actual Total Time": 170.232,
                    "Actual Rows": 20204,
                    "Actual Loops": 2,
                    "Hash Buckets": 65536,
                    "Original Hash Buckets": 65536,
                    "Hash Batches": 1,
                    "Original Hash Batches": 1,
                    "Peak Memory Usage": 2112,
                    "Plans": [
                      {
                        "Node Type": "Seq Scan",
                        "Parent Relationship": "Outer",
                        "Parallel Aware": true,
                        "Relation Name": "title",
                        "Alias": "t",
                        "Startup Cost": 0.0,
                        "Total Cost": 58306.47,
                        "Plan Rows": 24828,
                        "Plan Width": 4,
                        "Actual Startup Time": 0.083,
                        "Actual Total Time": 163.123,
                        "Actual Rows": 20204,
                        "Actual Loops": 2,
                        "Filter": "((kind_id > 4) AND (production_year > 2012))",
                        "Rows Removed by Filter": 1243952
                      }
                    ]
                  }
                ]
              }
            ]
          }
        ]
      }
    ]
  },
  "Planning Time": 0.471,
  "Triggers": [],
  "Execution Time": 424.791
}