[
  {
    "Plan": {
      "Node Type": "Aggregate",
      "Strategy": "Plain",
      "Partial Mode": "Finalize",
      "Parallel Aware": false,
      "Startup Cost": 30980.76,
      "Total Cost": 30980.77,
      "Plan Rows": 1,
      "Plan Width": 8,
      "Actual Startup Time": 94.831,
      "Actual Total Time": 103.728,
      "Actual Rows": 1,
      "Actual Loops": 1,
      "Plans": [
        {
          "Node Type": "Gather",
          "Parent Relationship": "Outer",
          "Parallel Aware": false,
          "Startup Cost": 30980.44,
          "Total Cost": 30980.75,
          "Plan Rows": 3,
          "Plan Width": 8,
          "Actual Startup Time": 94.725,
          "Actual Total Time": 103.718,
          "Actual Rows": 4,
          "Actual Loops": 1,
          "Workers Planned": 3,
          "Workers Launched": 3,
          "Single Copy": false,
          "Plans": [
            {
              "Node Type": "Aggregate",
              "Strategy": "Plain",
              "Partial Mode": "Partial",
              "Parent Relationship": "Outer",
              "Parallel Aware": false,
              "Startup Cost": 29980.44,
              "Total Cost": 29980.45,
              "Plan Rows": 1,
              "Plan Width": 8,
              "Actual Startup Time": 90.343,
              "Actual Total Time": 90.344,
              "Actual Rows": 1,
              "Actual Loops": 4,
              "Plans": [
                {
                  "Node Type": "Seq Scan",
                  "Parent Relationship": "Outer",
                  "Parallel Aware": true,
                  "Relation Name": "movie_companies",
                  "Alias": "mc",
                  "Startup Cost": 0.0,
                  "Total Cost": 29310.68,
                  "Plan Rows": 267905,
                  "Plan Width": 0,
                  "Actual Startup Time": 0.026,
                  "Actual Total Time": 77.45,
                  "Actual Rows": 206708,
                  "Actual Loops": 4,
                  "Filter": "(company_id < 2025)",
                  "Rows Removed by Filter": 445574
                }
              ]
            }
          ]
        }
      ]
    },
    "Planning Time": 0.119,
    "Triggers": [],
    "Execution Time": 103.766
  }
]