[
  {
    "Plan": {
      "Node Type": "Aggregate",
      "Strategy": "Plain",
      "Partial Mode": "Finalize",
      "Parallel Aware": false,
      "Startup Cost": 34355.61,
      "Total Cost": 34355.62,
      "Plan Rows": 1,
      "Plan Width": 8,
      "Actual Startup Time": 96.157,
      "Actual Total Time": 103.574,
      "Actual Rows": 1,
      "Actual Loops": 1,
      "Plans": [
        {
          "Node Type": "Gather",
          "Parent Relationship": "Outer",
          "Parallel Aware": false,
          "Startup Cost": 34355.29,
          "Total Cost": 34355.6,
          "Plan Rows": 3,
          "Plan Width": 8,
          "Actual Startup Time": 95.808,
          "Actual Total Time": 103.568,
          "Actual Rows": 4,
          "Actual Loops": 1,
          "Workers Planned": 3,
          "Workers Launched": 3,
          "Single Copy": false,
          "Plans": [
            {
              "Node Type": "Aggregate",
              "Strategy": "Plain",
              "Partial Mode": "Partial",
              "Parent Relationship": "Outer",
              "Parallel Aware": false,
              "Startup Cost": 33355.29,
              "Total Cost": 33355.3,
              "Plan Rows": 1,
              "Plan Width": 8,
              "Actual Startup Time": 90.869,
              "Actual Total Time": 90.871,
              "Actual Rows": 1,
              "Actual Loops": 4,
              "Plans": [
                {
                  "Node Type": "Bitmap Heap Scan",
                  "Parent Relationship": "Outer",
                  "Parallel Aware": true,
                  "Relation Name": "movie_keyword",
                  "Alias": "mk",
                  "Startup Cost": 7248.17,
                  "Total Cost": 33079.77,
                  "Plan Rows": 110208,
                  "Plan Width": 0,
                  "Actual Startup Time": 20.248,
                  "Actual Total Time": 85.441,
                  "Actual Rows": 85370,
                  "Actual Loops": 4,
                  "Recheck Cond": "(keyword_id > 48615)",
                  "Rows Removed by Index Recheck": 0,
                  "Exact Heap Blocks": 10292,
                  "Lossy Heap Blocks": 0,
                  "Plans": [
                    {
                      "Node Type": "Bitmap Index Scan",
                      "Parent Relationship": "Outer",
                      "Parallel Aware": false,
                      "Index Name": "keyword_id_movie_keyword",
                      "Startup Cost": 0.0,
                      "Total Cost": 7162.76,
                      "Plan Rows": 341644,
                      "Plan Width": 0,
                      "Actual Startup Time": 21.363,
                      "Actual Total Time": 21.363,
                      "Actual Rows": 341480,
                      "Actual Loops": 1,
                      "Index Cond": "(keyword_id > 48615)"
                    }
                  ]
                }
              ]
            }
          ]
        }
      ]
    },
    "Planning Time": 0.085,
    "Triggers": [],
    "Execution Time": 103.61
  }
]