{
    "Plan": {
        "Node Type": "Aggregate",
        "Strategy": "Plain",
        "Partial Mode": "Finalize",
        "Parallel Aware": false,
        "Startup Cost": 99155.61,
        "Total Cost": 99155.62,
        "Plan Rows": 1,
        "Plan Width": 8,
        "Actual Startup Time": 705.854,
        "Actual Total Time": 729.286,
        "Actual Rows": 1,
        "Actual Loops": 1,
        "Output": [
            "count(*)"
        ],
        "Plans": [
            {
                "Node Type": "Gather",
                "Parent Relationship": "Outer",
                "Parallel Aware": false,
                "Startup Cost": 99155.29,
                "Total Cost": 99155.6,
                "Plan Rows": 3,
                "Plan Width": 8,
                "Actual Startup Time": 691.19,
                "Actual Total Time": 729.275,
                "Actual Rows": 4,
                "Actual Loops": 1,
                "Output": [
                    "(PARTIAL count(*))"
                ],
                "Workers Planned": 3,
                "Workers Launched": 3,
                "Single Copy": false,
                "Plans": [
                    {
                        "Node Type": "Aggregate",
                        "Strategy": "Plain",
                        "Partial Mode": "Partial",
                        "Parent Relationship": "Outer",
                        "Parallel Aware": false,
                        "Startup Cost": 98155.29,
                        "Total Cost": 98155.3,
                        "Plan Rows": 1,
                        "Plan Width": 8,
                        "Actual Startup Time": 674.969,
                        "Actual Total Time": 674.973,
                        "Actual Rows": 1,
                        "Actual Loops": 4,
                        "Output": [
                            "PARTIAL count(*)"
                        ],
                        "Workers": [
                            {
                                "Worker Number": 0,
                                "Actual Startup Time": 668.994,
                                "Actual Total Time": 668.997,
                                "Actual Rows": 1,
                                "Actual Loops": 1
                            },
                            {
                                "Worker Number": 1,
                                "Actual Startup Time": 670.88,
                                "Actual Total Time": 670.883,
                                "Actual Rows": 1,
                                "Actual Loops": 1
                            },
                            {
                                "Worker Number": 2,
                                "Actual Startup Time": 669.436,
                                "Actual Total Time": 669.439,
                                "Actual Rows": 1,
                                "Actual Loops": 1
                            }
                        ],
                        "Plans": [
                            {
                                "Node Type": "Hash Join",
                                "Parent Relationship": "Outer",
                                "Parallel Aware": true,
                                "Join Type": "Inner",
                                "Startup Cost": 50219.81,
                                "Total Cost": 95599.28,
                                "Plan Rows": 1022407,
                                "Plan Width": 0,
                                "Actual Startup Time": 367.029,
                                "Actual Total Time": 640.644,
                                "Actual Rows": 798884,
                                "Actual Loops": 4,
                                "Inner Unique": true,
                                "Hash Cond": "(mk.movie_id = t.id)",
                                "Workers": [
                                    {
                                        "Worker Number": 0,
                                        "Actual Startup Time": 361.424,
                                        "Actual Total Time": 636.53,
                                        "Actual Rows": 850821,
                                        "Actual Loops": 1
                                    },
                                    {
                                        "Worker Number": 1,
                                        "Actual Startup Time": 361.822,
                                        "Actual Total Time": 639.736,
                                        "Actual Rows": 809977,
                                        "Actual Loops": 1
                                    },
                                    {
                                        "Worker Number": 2,
                                        "Actual Startup Time": 361.879,
                                        "Actual Total Time": 634.724,
                                        "Actual Rows": 562166,
                                        "Actual Loops": 1
                                    }
                                ],
                                "Plans": [
                                    {
                                        "Node Type": "Seq Scan",
                                        "Parent Relationship": "Outer",
                                        "Parallel Aware": true,
                                        "Relation Name": "movie_keyword",
                                        "Schema": "public",
                                        "Alias": "mk",
                                        "Startup Cost": 0.0,
                                        "Total Cost": 42695.65,
                                        "Plan Rows": 1022407,
                                        "Plan Width": 4,
                                        "Actual Startup Time": 0.012,
                                        "Actual Total Time": 130.07,
                                        "Actual Rows": 798884,
                                        "Actual Loops": 4,
                                        "Output": [
                                            "mk.id",
                                            "mk.movie_id",
                                            "mk.keyword_id"
                                        ],
                                        "Filter": "(mk.keyword_id < 12980)",
                                        "Rows Removed by Filter": 332098,
                                        "Workers": [
                                            {
                                                "Worker Number": 0,
                                                "Actual Startup Time": 0.012,
                                                "Actual Total Time": 135.593,
                                                "Actual Rows": 850821,
                                                "Actual Loops": 1
                                            },
                                            {
                                                "Worker Number": 1,
                                                "Actual Startup Time": 0.017,
                                                "Actual Total Time": 134.768,
                                                "Actual Rows": 809977,
                                                "Actual Loops": 1
                                            },
                                            {
                                                "Worker Number": 2,
                                                "Actual Startup Time": 0.011,
                                                "Actual Total Time": 134.293,
                                                "Actual Rows": 562166,
                                                "Actual Loops": 1
                                            }
                                        ]
                                    },
                                    {
                                        "Node Type": "Hash",
                                        "Parent Relationship": "Inner",
                                        "Parallel Aware": true,
                                        "Startup Cost": 42318.81,
                                        "Total Cost": 42318.81,
                                        "Plan Rows": 632080,
                                        "Plan Width": 4,
                                        "Actual Startup Time": 356.279,
                                        "Actual Total Time": 356.28,
                                        "Actual Rows": 632078,
                                        "Actual Loops": 4,
                                        "Output": [
                                            "t.id"
                                        ],
                                        "Hash Buckets": 4194304,
                                        "Original Hash Buckets": 4194304,
                                        "Hash Batches": 1,
                                        "Original Hash Batches": 1,
                                        "Peak Memory Usage": 131744,
                                        "Workers": [
                                            {
                                                "Worker Number": 0,
                                                "Actual Startup Time": 360.82,
                                                "Actual Total Time": 360.821,
                                                "Actual Rows": 487395,
                                                "Actual Loops": 1
                                            },
                                            {
                                                "Worker Number": 1,
                                                "Actual Startup Time": 361.147,
                                                "Actual Total Time": 361.148,
                                                "Actual Rows": 639769,
                                                "Actual Loops": 1
                                            },
                                            {
                                                "Worker Number": 2,
                                                "Actual Startup Time": 361.247,
                                                "Actual Total Time": 361.248,
                                                "Actual Rows": 523808,
                                                "Actual Loops": 1
                                            }
                                        ],
                                        "Plans": [
                                            {
                                                "Node Type": "Seq Scan",
                                                "Parent Relationship": "Outer",
                                                "Parallel Aware": true,
                                                "Relation Name": "title",
                                                "Schema": "public",
                                                "Alias": "t",
                                                "Startup Cost": 0.0,
                                                "Total Cost": 42318.81,
                                                "Plan Rows": 632080,
                                                "Plan Width": 4,
                                                "Actual Startup Time": 0.054,
                                                "Actual Total Time": 113.686,
                                                "Actual Rows": 632078,
                                                "Actual Loops": 4,
                                                "Output": [
                                                    "t.id"
                                                ],
                                                "Workers": [
                                                    {
                                                        "Worker Number": 0,
                                                        "Actual Startup Time": 0.07,
                                                        "Actual Total Time": 121.87,
                                                        "Actual Rows": 487395,
                                                        "Actual Loops": 1
                                                    },
                                                    {
                                                        "Worker Number": 1,
                                                        "Actual Startup Time": 0.075,
                                                        "Actual Total Time": 112.448,
                                                        "Actual Rows": 639769,
                                                        "Actual Loops": 1
                                                    },
                                                    {
                                                        "Worker Number": 2,
                                                        "Actual Startup Time": 0.06,
                                                        "Actual Total Time": 122.636,
                                                        "Actual Rows": 523808,
                                                        "Actual Loops": 1
                                                    }
                                                ]
                                            }
                                        ]
                                    }
                                ]
                            }
                        ]
                    }
                ]
            }
        ]
    },
    "Planning Time": 0.688,
    "Triggers": [],
    "Execution Time": 729.35
}