{
  "Plan": {
    "Node Type": "Aggregate",
    "Strategy": "Plain",
    "Partial Mode": "Finalize",
    "Parallel Aware": false,
    "Startup Cost": 160629.95,
    "Total Cost": 160629.96,
    "Plan Rows": 1,
    "Plan Width": 8,
    "Actual Startup Time": 1158.737,
    "Actual Total Time": 1181.198,
    "Actual Rows": 1,
    "Actual Loops": 1,
    "Plans": [
      {
        "Node Type": "Gather",
        "Parent Relationship": "Outer",
        "Parallel Aware": false,
        "Startup Cost": 160629.84,
        "Total Cost": 160629.95,
        "Plan Rows": 1,
        "Plan Width": 8,
        "Actual Startup Time": 1153.859,
        "Actual Total Time": 1181.19,
        "Actual Rows": 2,
        "Actual Loops": 1,
        "Workers Planned": 1,
        "Workers Launched": 1,
        "Single Copy": false,
        "Plans": [
          {
            "Node Type": "Aggregate",
            "Strategy": "Plain",
            "Partial Mode": "Partial",
            "Parent Relationship": "Outer",
            "Parallel Aware": false,
            "Startup Cost": 159629.84,
            "Total Cost": 159629.85,
            "Plan Rows": 1,
            "Plan Width": 8,
            "Actual Startup Time": 1148.004,
            "Actual Total Time": 1148.332,
            "Actual Rows": 1,
            "Actual Loops": 2,
            "Plans": [
              {
                "Node Type": "Hash Join",
                "Parent Relationship": "Outer",
                "Parallel Aware": true,
                "Join Type": "Inner",
                "Startup Cost": 114161.59,
                "Total Cost": 159298.9,
                "Plan Rows": 132375,
                "Plan Width": 0,
                "Actual Startup Time": 824.332,
                "Actual Total Time": 1097.796,
                "Actual Rows": 1316762,
                "Actual Loops": 2,
                "Inner Unique": false,
                "Hash Cond": "(mc.movie_id = t.id)",
                "Plans": [
                  {
                    "Node Type": "Index Scan",
                    "Parent Relationship": "Outer",
                    "Parallel Aware": true,
                    "Scan Direction": "Forward",
                    "Index Name": "company_type_id_movie_companies",
                    "Relation Name": "movie_companies",
                    "Alias": "mc",
                    "Startup Cost": 0.43,
                    "Total Cost": 41574.35,
                    "Plan Rows": 742591,
                    "Plan Width": 4,
                    "Actual Startup Time": 0.161,
                    "Actual Total Time": 115.046,
                    "Actual Rows": 637123,
                    "Actual Loops": 2,
                    "Index Cond": "(company_type_id < 2)",
                    "Rows Removed by Index Recheck": 0,
                    "Filter": "(company_id < 197835)",
                    "Rows Removed by Filter": 0
                  },
                  {
                    "Node Type": "Hash",
                    "Parent Relationship": "Inner",
                    "Parallel Aware": true,
                    "Startup Cost": 110847.24,
                    "Total Cost": 110847.24,
                    "Plan Rows": 265114,
                    "Plan Width": 8,
                    "Actual Startup Time": 798.642,
                    "Actual Total Time": 798.969,
                    "Actual Rows": 203723,
                    "Actual Loops": 2,
                    "Hash Buckets": 524288,
                    "Original Hash Buckets": 524288,
                    "Hash Batches": 1,
                    "Original Hash Batches": 1,
                    "Peak Memory Usage": 20064,
                    "Plans": [
                      {
                        "Node Type": "Hash Join",
                        "Parent Relationship": "Outer",
                        "Parallel Aware": true,
                        "Join Type": "Inner",
                        "Startup Cost": 81925.4,
                        "Total Cost": 110847.24,
                        "Plan Rows": 265114,
                        "Plan Width": 8,
                        "Actual Startup Time": 613.018,
                        "Actual Total Time": 757.185,
                        "Actual Rows": 203723,
                        "Actual Loops": 2,
                        "Inner Unique": true,
                        "Hash Cond": "(mk.movie_id = t.id)",
                        "Plans": [
                          {
                            "Node Type": "Bitmap Heap Scan",
                            "Parent Relationship": "Outer",
                            "Parallel Aware": true,
                            "Relation Name": "movie_keyword",
                            "Alias": "mk",
                            "Startup Cost": 10652.25,
                            "Total Cost": 38798.68,
                            "Plan Rows": 295394,
                            "Plan Width": 4,
                            "Actual Startup Time": 33.283,
                            "Actual Total Time": 108.907,
                            "Actual Rows": 244704,
                            "Actual Loops": 2,
                            "Recheck Cond": "(keyword_id > 36742)",
                            "Rows Removed by Index Recheck": 0,
                            "Exact Heap Blocks": 12440,
                            "Lossy Heap Blocks": 0,
                            "Plans": [
                              {
                                "Node Type": "Bitmap Index Scan",
                                "Parent Relationship": "Outer",
                                "Parallel Aware": false,
                                "Index Name": "keyword_id_movie_keyword",
                                "Startup Cost": 0.0,
                                "Total Cost": 10526.71,
                                "Plan Rows": 502170,
                                "Plan Width": 0,
                                "Actual Startup Time": 29.786,
                                "Actual Total Time": 29.787,
                                "Actual Rows": 489408,
                                "Actual Loops": 1,
                                "Index Cond": "(keyword_id > 36742)"
                              }
                            ]
                          },
                          {
                            "Node Type": "Hash",
                            "Parent Relationship": "Inner",
                            "Parallel Aware": true,
                            "Startup Cost": 54588.39,
                            "Total Cost": 54588.39,
                            "Plan Rows": 1334781,
                            "Plan Width": 4,
                            "Actual Startup Time": 561.527,
                            "Actual Total Time": 561.528,
                            "Actual Rows": 1130614,
                            "Actual Loops": 2,
                            "Hash Buckets": 4194304,
                            "Original Hash Buckets": 4194304,
                            "Hash Batches": 1,
                            "Original Hash Batches": 1,
                            "Peak Memory Usage": 121248,
                            "Plans": [
                              {
                                "Node Type": "Seq Scan",
                                "Parent Relationship": "Outer",
                                "Parallel Aware": true,
                                "Relation Name": "title",
                                "Alias": "t",
                                "Startup Cost": 0.0,
                                "Total Cost": 54588.39,
                                "Plan Rows": 1334781,
                                "Plan Width": 4,
                                "Actual Startup Time": 0.039,
                                "Actual Total Time": 187.327,
                                "Actual Rows": 1130614,
                                "Actual Loops": 2,
                                "Filter": "(production_year > 1954)",
                                "Rows Removed by Filter": 133542
                              }
                            ]
                          }
                        ]
                      }
                    ]
                  }
                ]
              }
            ]
          }
        ]
      }
    ]
  },
  "Planning Time": 0.824,
  "Triggers": [],
  "Execution Time": 1181.298
}