[
  {
    "Plan": {
      "Node Type": "Aggregate",
      "Strategy": "Plain",
      "Partial Mode": "Finalize",
      "Parallel Aware": false,
      "Startup Cost": 64925.59,
      "Total Cost": 64925.6,
      "Plan Rows": 1,
      "Plan Width": 8,
      "Actual Startup Time": 217.105,
      "Actual Total Time": 234.527,
      "Actual Rows": 1,
      "Actual Loops": 1,
      "Plans": [
        {
          "Node Type": "Gather",
          "Parent Relationship": "Outer",
          "Parallel Aware": false,
          "Startup Cost": 64925.37,
          "Total Cost": 64925.58,
          "Plan Rows": 2,
          "Plan Width": 8,
          "Actual Startup Time": 216.978,
          "Actual Total Time": 234.52,
          "Actual Rows": 3,
          "Actual Loops": 1,
          "Workers Planned": 2,
          "Workers Launched": 2,
          "Single Copy": false,
          "Plans": [
            {
              "Node Type": "Aggregate",
              "Strategy": "Plain",
              "Partial Mode": "Partial",
              "Parent Relationship": "Outer",
              "Parallel Aware": false,
              "Startup Cost": 63925.37,
              "Total Cost": 63925.38,
              "Plan Rows": 1,
              "Plan Width": 8,
              "Actual Startup Time": 208.713,
              "Actual Total Time": 208.716,
              "Actual Rows": 1,
              "Actual Loops": 3,
              "Plans": [
                {
                  "Node Type": "Nested Loop",
                  "Parent Relationship": "Outer",
                  "Parallel Aware": false,
                  "Join Type": "Inner",
                  "Startup Cost": 45549.52,
                  "Total Cost": 63925.13,
                  "Plan Rows": 95,
                  "Plan Width": 0,
                  "Actual Startup Time": 158.298,
                  "Actual Total Time": 208.706,
                  "Actual Rows": 6,
                  "Actual Loops": 3,
                  "Inner Unique": false,
                  "Join Filter": "(t.id = mc.movie_id)",
                  "Rows Removed by Join Filter": 0,
                  "Plans": [
                    {
                      "Node Type": "Hash Join",
                      "Parent Relationship": "Outer",
                      "Parallel Aware": true,
                      "Join Type": "Inner",
                      "Startup Cost": 45549.09,
                      "Total Cost": 60743.65,
                      "Plan Rows": 5094,
                      "Plan Width": 8,
                      "Actual Startup Time": 138.675,
                      "Actual Total Time": 180.757,
                      "Actual Rows": 6500,
                      "Actual Loops": 3,
                      "Inner Unique": true,
                      "Hash Cond": "(mi_idx.movie_id = t.id)",
                      "Plans": [
                        {
                          "Node Type": "Seq Scan",
                          "Parent Relationship": "Outer",
                          "Parallel Aware": true,
                          "Relation Name": "movie_info_idx",
                          "Alias": "mi_idx",
                          "Startup Cost": 0.0,
                          "Total Cost": 13685.15,
                          "Plan Rows": 575015,
                          "Plan Width": 4,
                          "Actual Startup Time": 0.023,
                          "Actual Total Time": 34.334,
                          "Actual Rows": 460012,
                          "Actual Loops": 3
                        },
                        {
                          "Node Type": "Hash",
                          "Parent Relationship": "Inner",
                          "Parallel Aware": true,
                          "Startup Cost": 45479.1,
                          "Total Cost": 45479.1,
                          "Plan Rows": 5599,
                          "Plan Width": 4,
                          "Actual Startup Time": 111.127,
                          "Actual Total Time": 111.128,
                          "Actual Rows": 4350,
                          "Actual Loops": 3,
                          "Hash Buckets": 32768,
                          "Original Hash Buckets": 32768,
                          "Hash Batches": 1,
                          "Original Hash Batches": 1,
                          "Peak Memory Usage": 800,
                          "Plans": [
                            {
                              "Node Type": "Seq Scan",
                              "Parent Relationship": "Outer",
                              "Parallel Aware": true,
                              "Relation Name": "title",
                              "Alias": "t",
                              "Startup Cost": 0.0,
                              "Total Cost": 45479.1,
                              "Plan Rows": 5599,
                              "Plan Width": 4,
                              "Actual Startup Time": 72.382,
                              "Actual Total Time": 109.497,
                              "Actual Rows": 4350,
                              "Actual Loops": 3,
                              "Filter": "((kind_id = 1) AND (production_year = 2004))",
                              "Rows Removed by Filter": 838421
                            }
                          ]
                        }
                      ]
                    },
                    {
                      "Node Type": "Index Scan",
                      "Parent Relationship": "Inner",
                      "Parallel Aware": false,
                      "Scan Direction": "Forward",
                      "Index Name": "movie_id_movie_companies",
                      "Relation Name": "movie_companies",
                      "Alias": "mc",
                      "Startup Cost": 0.43,
                      "Total Cost": 0.61,
                      "Plan Rows": 1,
                      "Plan Width": 4,
                      "Actual Startup Time": 0.004,
                      "Actual Total Time": 0.004,
                      "Actual Rows": 0,
                      "Actual Loops": 19500,
                      "Index Cond": "(movie_id = mi_idx.movie_id)",
                      "Rows Removed by Index Recheck": 0,
                      "Filter": "(company_id = 19)",
                      "Rows Removed by Filter": 4
                    }
                  ]
                }
              ]
            }
          ]
        }
      ]
    },
    "Planning Time": 1.278,
    "Triggers": [],
    "Execution Time": 234.615
  }
]