[
  {
    "Plan": {
      "Node Type": "Aggregate",
      "Strategy": "Plain",
      "Partial Mode": "Finalize",
      "Parallel Aware": false,
      "Startup Cost": 698330.56,
      "Total Cost": 698330.57,
      "Plan Rows": 1,
      "Plan Width": 96,
      "Actual Startup Time": 3196.951,
      "Actual Total Time": 3331.467,
      "Actual Rows": 1,
      "Actual Loops": 1,
      "Plans": [
        {
          "Node Type": "Gather",
          "Parent Relationship": "Outer",
          "Parallel Aware": false,
          "Startup Cost": 698330.12,
          "Total Cost": 698330.53,
          "Plan Rows": 4,
          "Plan Width": 96,
          "Actual Startup Time": 3189.69,
          "Actual Total Time": 3331.452,
          "Actual Rows": 5,
          "Actual Loops": 1,
          "Workers Planned": 4,
          "Workers Launched": 4,
          "Single Copy": false,
          "Plans": [
            {
              "Node Type": "Aggregate",
              "Strategy": "Plain",
              "Partial Mode": "Partial",
              "Parent Relationship": "Outer",
              "Parallel Aware": false,
              "Startup Cost": 697330.12,
              "Total Cost": 697330.13,
              "Plan Rows": 1,
              "Plan Width": 96,
              "Actual Startup Time": 3178.173,
              "Actual Total Time": 3178.193,
              "Actual Rows": 1,
              "Actual Loops": 5,
              "Plans": [
                {
                  "Node Type": "Hash Join",
                  "Parent Relationship": "Outer",
                  "Parallel Aware": true,
                  "Join Type": "Inner",
                  "Startup Cost": 627800.84,
                  "Total Cost": 697329.94,
                  "Plan Rows": 24,
                  "Plan Width": 66,
                  "Actual Startup Time": 3031.775,
                  "Actual Total Time": 3174.321,
                  "Actual Rows": 26644,
                  "Actual Loops": 5,
                  "Inner Unique": false,
                  "Hash Cond": "(n.id = ci.person_id)",
                  "Plans": [
                    {
                      "Node Type": "Seq Scan",
                      "Parent Relationship": "Outer",
                      "Parallel Aware": true,
                      "Relation Name": "name",
                      "Alias": "n",
                      "Startup Cost": 0.0,
                      "Total Cost": 68635.58,
                      "Plan Rows": 238261,
                      "Plan Width": 4,
                      "Actual Startup Time": 57.21,
                      "Actual Total Time": 141.436,
                      "Actual Rows": 192311,
                      "Actual Loops": 5,
                      "Filter": "((gender)::text = 'f'::text)",
                      "Rows Removed by Filter": 641187
                    },
                    {
                      "Node Type": "Hash",
                      "Parent Relationship": "Inner",
                      "Parallel Aware": true,
                      "Startup Cost": 627799.96,
                      "Total Cost": 627799.96,
                      "Plan Rows": 70,
                      "Plan Width": 70,
                      "Actual Startup Time": 2972.346,
                      "Actual Total Time": 2972.364,
                      "Actual Rows": 168476,
                      "Actual Loops": 5,
                      "Hash Buckets": 1048576,
                      "Original Hash Buckets": 1024,
                      "Hash Batches": 1,
                      "Original Hash Batches": 1,
                      "Peak Memory Usage": 72088,
                      "Plans": [
                        {
                          "Node Type": "Hash Join",
                          "Parent Relationship": "Outer",
                          "Parallel Aware": true,
                          "Join Type": "Inner",
                          "Startup Cost": 274166.21,
                          "Total Cost": 627799.96,
                          "Plan Rows": 70,
                          "Plan Width": 70,
                          "Actual Startup Time": 1327.458,
                          "Actual Total Time": 2823.188,
                          "Actual Rows": 168476,
                          "Actual Loops": 5,
                          "Inner Unique": false,
                          "Hash Cond": "(ci.movie_id = t.id)",
                          "Plans": [
                            {
                              "Node Type": "Seq Scan",
                              "Parent Relationship": "Outer",
                              "Parallel Aware": true,
                              "Relation Name": "cast_info",
                              "Alias": "ci",
                              "Startup Cost": 0.0,
                              "Total Cost": 350807.07,
                              "Plan Rows": 753763,
                              "Plan Width": 8,
                              "Actual Startup Time": 0.035,
                              "Actual Total Time": 1241.022,
                              "Actual Rows": 896875,
                              "Actual Loops": 5,
                              "Filter": "(note = ANY ('{\"(executive producer)\",(uncredited),(writer),(voice),(producer)}'::text[]))",
                              "Rows Removed by Filter": 6351994
                            },
                            {
                              "Node Type": "Hash",
                              "Parent Relationship": "Inner",
                              "Parallel Aware": true,
                              "Startup Cost": 274165.9,
                              "Total Cost": 274165.9,
                              "Plan Rows": 25,
                              "Plan Width": 78,
                              "Actual Startup Time": 1326.657,
                              "Actual Total Time": 1326.671,
                              "Actual Rows": 36070,
                              "Actual Loops": 5,
                              "Hash Buckets": 262144,
                              "Original Hash Buckets": 1024,
                              "Hash Batches": 1,
                              "Original Hash Batches": 1,
                              "Peak Memory Usage": 17784,
                              "Plans": [
                                {
                                  "Node Type": "Hash Join",
                                  "Parent Relationship": "Outer",
                                  "Parallel Aware": true,
                                  "Join Type": "Inner",
                                  "Startup Cost": 229477.17,
                                  "Total Cost": 274165.9,
                                  "Plan Rows": 25,
                                  "Plan Width": 78,
                                  "Actual Startup Time": 1028.466,
                                  "Actual Total Time": 1253.974,
                                  "Actual Rows": 36070,
                                  "Actual Loops": 5,
                                  "Inner Unique": false,
                                  "Hash Cond": "(t.id = mi.movie_id)",
                                  "Plans": [
                                    {
                                      "Node Type": "Seq Scan",
                                      "Parent Relationship": "Outer",
                                      "Parallel Aware": true,
                                      "Relation Name": "title",
                                      "Alias": "t",
                                      "Startup Cost": 0.0,
                                      "Total Cost": 42318.49,
                                      "Plan Rows": 632049,
                                      "Plan Width": 21,
                                      "Actual Startup Time": 0.031,
                                      "Actual Total Time": 103.772,
                                      "Actual Rows": 505662,
                                      "Actual Loops": 5
                                    },
                                    {
                                      "Node Type": "Hash",
                                      "Parent Relationship": "Inner",
                                      "Parallel Aware": true,
                                      "Startup Cost": 229476.92,
                                      "Total Cost": 229476.92,
                                      "Plan Rows": 20,
                                      "Plan Width": 57,
                                      "Actual Startup Time": 1027.788,
                                      "Actual Total Time": 1027.798,
                                      "Actual Rows": 36070,
                                      "Actual Loops": 5,
                                      "Hash Buckets": 262144,
                                      "Original Hash Buckets": 1024,
                                      "Hash Batches": 1,
                                      "Original Hash Batches": 1,
                                      "Peak Memory Usage": 13976,
                                      "Plans": [
                                        {
                                          "Node Type": "Hash Join",
                                          "Parent Relationship": "Outer",
                                          "Parallel Aware": true,
                                          "Join Type": "Inner",
                                          "Startup Cost": 15319.64,
                                          "Total Cost": 229476.92,
                                          "Plan Rows": 20,
                                          "Plan Width": 57,
                                          "Actual Startup Time": 857.823,
                                          "Actual Total Time": 995.324,
                                          "Actual Rows": 36070,
                                          "Actual Loops": 5,
                                          "Inner Unique": false,
                                          "Hash Cond": "(mi.movie_id = mi_idx.movie_id)",
                                          "Plans": [
                                            {
                                              "Node Type": "Hash Join",
                                              "Parent Relationship": "Outer",
                                              "Parallel Aware": false,
                                              "Join Type": "Inner",
                                              "Startup Cost": 2.43,
                                              "Total Cost": 214156.88,
                                              "Plan Rows": 732,
                                              "Plan Width": 47,
                                              "Actual Startup Time": 716.499,
                                              "Actual Total Time": 820.972,
                                              "Actual Rows": 77411,
                                              "Actual Loops": 5,
                                              "Inner Unique": true,
                                              "Hash Cond": "(mi.info_type_id = it1.id)",
                                              "Plans": [
                                                {
                                                  "Node Type": "Seq Scan",
                                                  "Parent Relationship": "Outer",
                                                  "Parallel Aware": true,
                                                  "Relation Name": "movie_info",
                                                  "Alias": "mi",
                                                  "Startup Cost": 0.0,
                                                  "Total Cost": 213929.22,
                                                  "Plan Rows": 82702,
                                                  "Plan Width": 51,
                                                  "Actual Startup Time": 475.767,
                                                  "Actual Total Time": 805.938,
                                                  "Actual Rows": 78114,
                                                  "Actual Loops": 5,
                                                  "Filter": "(info = ANY ('{Crime,Action,Drama,Horror,Sci-Fi,War}'::text[]))",
                                                  "Rows Removed by Filter": 2889030
                                                },
                                                {
                                                  "Node Type": "Hash",
                                                  "Parent Relationship": "Inner",
                                                  "Parallel Aware": false,
                                                  "Startup Cost": 2.41,
                                                  "Total Cost": 2.41,
                                                  "Plan Rows": 1,
                                                  "Plan Width": 4,
                                                  "Actual Startup Time": 0.043,
                                                  "Actual Total Time": 0.044,
                                                  "Actual Rows": 1,
                                                  "Actual Loops": 5,
                                                  "Hash Buckets": 1024,
                                                  "Original Hash Buckets": 1024,
                                                  "Hash Batches": 1,
                                                  "Original Hash Batches": 1,
                                                  "Peak Memory Usage": 9,
                                                  "Plans": [
                                                    {
                                                      "Node Type": "Seq Scan",
                                                      "Parent Relationship": "Outer",
                                                      "Parallel Aware": false,
                                                      "Relation Name": "info_type",
                                                      "Alias": "it1",
                                                      "Startup Cost": 0.0,
                                                      "Total Cost": 2.41,
                                                      "Plan Rows": 1,
                                                      "Plan Width": 4,
                                                      "Actual Startup Time": 0.018,
                                                      "Actual Total Time": 0.028,
                                                      "Actual Rows": 1,
                                                      "Actual Loops": 5,
                                                      "Filter": "((info)::text = 'genres'::text)",
                                                      "Rows Removed by Filter": 112
                                                    }
                                                  ]
                                                }
                                              ]
                                            },
                                            {
                                              "Node Type": "Hash",
                                              "Parent Relationship": "Inner",
                                              "Parallel Aware": true,
                                              "Startup Cost": 15253.6,
                                              "Total Cost": 15253.6,
                                              "Plan Rows": 5089,
                                              "Plan Width": 10,
                                              "Actual Startup Time": 141.154,
                                              "Actual Total Time": 141.158,
                                              "Actual Rows": 91985,
                                              "Actual Loops": 5,
                                              "Hash Buckets": 524288,
                                              "Original Hash Buckets": 16384,
                                              "Hash Batches": 1,
                                              "Original Hash Batches": 1,
                                              "Peak Memory Usage": 26272,
                                              "Plans": [
                                                {
                                                  "Node Type": "Hash Join",
                                                  "Parent Relationship": "Outer",
                                                  "Parallel Aware": false,
                                                  "Join Type": "Inner",
                                                  "Startup Cost": 2.43,
                                                  "Total Cost": 15253.6,
                                                  "Plan Rows": 5089,
                                                  "Plan Width": 10,
                                                  "Actual Startup Time": 0.23,
                                                  "Actual Total Time": 91.254,
                                                  "Actual Rows": 91985,
                                                  "Actual Loops": 5,
                                                  "Inner Unique": true,
                                                  "Hash Cond": "(mi_idx.info_type_id = it2.id)",
                                                  "Plans": [
                                                    {
                                                      "Node Type": "Seq Scan",
                                                      "Parent Relationship": "Outer",
                                                      "Parallel Aware": true,
                                                      "Relation Name": "movie_info_idx",
                                                      "Alias": "mi_idx",
                                                      "Startup Cost": 0.0,
                                                      "Total Cost": 13685.15,
                                                      "Plan Rows": 575015,
                                                      "Plan Width": 14,
                                                      "Actual Startup Time": 0.057,
                                                      "Actual Total Time": 47.892,
                                                      "Actual Rows": 276007,
                                                      "Actual Loops": 5
                                                    },
                                                    {
                                                      "Node Type": "Hash",
                                                      "Parent Relationship": "Inner",
                                                      "Parallel Aware": false,
                                                      "Startup Cost": 2.41,
                                                      "Total Cost": 2.41,
                                                      "Plan Rows": 1,
                                                      "Plan Width": 4,
                                                      "Actual Startup Time": 0.122,
                                                      "Actual Total Time": 0.123,
                                                      "Actual Rows": 1,
                                                      "Actual Loops": 5,
                                                      "Hash Buckets": 1024,
                                                      "Original Hash Buckets": 1024,
                                                      "Hash Batches": 1,
                                                      "Original Hash Batches": 1,
                                                      "Peak Memory Usage": 9,
                                                      "Plans": [
                                                        {
                                                          "Node Type": "Seq Scan",
                                                          "Parent Relationship": "Outer",
                                                          "Parallel Aware": false,
                                                          "Relation Name": "info_type",
                                                          "Alias": "it2",
                                                          "Startup Cost": 0.0,
                                                          "Total Cost": 2.41,
                                                          "Plan Rows": 1,
                                                          "Plan Width": 4,
                                                          "Actual Startup Time": 0.097,
                                                          "Actual Total Time": 0.103,
                                                          "Actual Rows": 1,
                                                          "Actual Loops": 5,
                                                          "Filter": "((info)::text = 'votes'::text)",
                                                          "Rows Removed by Filter": 112
                                                        }
                                                      ]
                                                    }
                                                  ]
                                                }
                                              ]
                                            }
                                          ]
                                        }
                                      ]
                                    }
                                  ]
                                }
                              ]
                            }
                          ]
                        }
                      ]
                    }
                  ]
                }
              ]
            }
          ]
        }
      ]
    },
    "Planning Time": 9.192,
    "Triggers": [],
    "Execution Time": 3332.15
  }
]