{
  "Plan": {
    "Node Type": "Aggregate",
    "Strategy": "Plain",
    "Partial Mode": "Simple",
    "Parallel Aware": false,
    "Startup Cost": 1377522.87,
    "Total Cost": 1377522.88,
    "Plan Rows": 1,
    "Plan Width": 96,
    "Actual Startup Time": 6983.887,
    "Actual Total Time": 6984.123,
    "Actual Rows": 1,
    "Actual Loops": 1,
    "Plans": [
      {
        "Node Type": "Merge Join",
        "Parent Relationship": "Outer",
        "Parallel Aware": false,
        "Join Type": "Inner",
        "Startup Cost": 1369009.75,
        "Total Cost": 1377522.7,
        "Plan Rows": 23,
        "Plan Width": 66,
        "Actual Startup Time": 6766.179,
        "Actual Total Time": 6981.028,
        "Actual Rows": 28073,
        "Actual Loops": 1,
        "Inner Unique": true,
        "Merge Cond": "(ci.person_id = n.id)",
        "Plans": [
          {
            "Node Type": "Sort",
            "Parent Relationship": "Outer",
            "Parallel Aware": false,
            "Startup Cost": 1080144.83,
            "Total Cost": 1080144.97,
            "Plan Rows": 55,
            "Plan Width": 70,
            "Actual Startup Time": 5728.503,
            "Actual Total Time": 5733.792,
            "Actual Rows": 28074,
            "Actual Loops": 1,
            "Sort Key": [
              "ci.person_id"
            ],
            "Sort Method": "quicksort",
            "Sort Space Used": 5953,
            "Sort Space Type": "Memory",
            "Plans": [
              {
                "Node Type": "Merge Join",
                "Parent Relationship": "Outer",
                "Parallel Aware": false,
                "Join Type": "Inner",
                "Startup Cost": 1080111.85,
                "Total Cost": 1080143.24,
                "Plan Rows": 55,
                "Plan Width": 70,
                "Actual Startup Time": 5701.393,
                "Actual Total Time": 5711.167,
                "Actual Rows": 54155,
                "Actual Loops": 1,
                "Inner Unique": false,
                "Merge Cond": "(it2.id = mi_idx.info_type_id)",
                "Plans": [
                  {
                    "Node Type": "Sort",
                    "Parent Relationship": "Outer",
                    "Parallel Aware": false,
                    "Startup Cost": 2.42,
                    "Total Cost": 2.43,
                    "Plan Rows": 1,
                    "Plan Width": 4,
                    "Actual Startup Time": 0.052,
                    "Actual Total Time": 0.054,
                    "Actual Rows": 1,
                    "Actual Loops": 1,
                    "Sort Key": [
                      "it2.id"
                    ],
                    "Sort Method": "quicksort",
                    "Sort Space Used": 25,
                    "Sort Space Type": "Memory",
                    "Plans": [
                      {
                        "Node Type": "Seq Scan",
                        "Parent Relationship": "Outer",
                        "Parallel Aware": false,
                        "Relation Name": "info_type",
                        "Alias": "it2",
                        "Startup Cost": 0.0,
                        "Total Cost": 2.41,
                        "Plan Rows": 1,
                        "Plan Width": 4,
                        "Actual Startup Time": 0.031,
                        "Actual Total Time": 0.034,
                        "Actual Rows": 1,
                        "Actual Loops": 1,
                        "Filter": "((info)::text = 'votes'::text)",
                        "Rows Removed by Filter": 112
                      }
                    ]
                  },
                  {
                    "Node Type": "Sort",
                    "Parent Relationship": "Inner",
                    "Parallel Aware": false,
                    "Startup Cost": 1080109.42,
                    "Total Cost": 1080124.84,
                    "Plan Rows": 6169,
                    "Plan Width": 74,
                    "Actual Startup Time": 5692.929,
                    "Actual Total Time": 5700.564,
                    "Actual Rows": 108311,
                    "Actual Loops": 1,
                    "Sort Key": [
                      "mi_idx.info_type_id"
                    ],
                    "Sort Method": "quicksort",
                    "Sort Space Used": 20487,
                    "Sort Space Type": "Memory",
                    "Plans": [
                      {
                        "Node Type": "Merge Join",
                        "Parent Relationship": "Outer",
                        "Parallel Aware": false,
                        "Join Type": "Inner",
                        "Startup Cost": 1073834.31,
                        "Total Cost": 1079721.05,
                        "Plan Rows": 6169,
                        "Plan Width": 74,
                        "Actual Startup Time": 5375.072,
                        "Actual Total Time": 5645.385,
                        "Actual Rows": 162621,
                        "Actual Loops": 1,
                        "Inner Unique": false,
                        "Merge Cond": "(t.id = ci.movie_id)",
                        "Plans": [
                          {
                            "Node Type": "Sort",
                            "Parent Relationship": "Outer",
                            "Parallel Aware": false,
                            "Startup Cost": 487543.86,
                            "Total Cost": 487556.66,
                            "Plan Rows": 5122,
                            "Plan Width": 82,
                            "Actual Startup Time": 3920.475,
                            "Actual Total Time": 3934.593,
                            "Actual Rows": 307785,
                            "Actual Loops": 1,
                            "Sort Key": [
                              "mi.movie_id"
                            ],
                            "Sort Method": "quicksort",
                            "Sort Space Used": 45089,
                            "Sort Space Type": "Memory",
                            "Plans": [
                              {
                                "Node Type": "Merge Join",
                                "Parent Relationship": "Outer",
                                "Parallel Aware": false,
                                "Join Type": "Inner",
                                "Startup Cost": 484282.16,
                                "Total Cost": 487228.28,
                                "Plan Rows": 5122,
                                "Plan Width": 82,
                                "Actual Startup Time": 3772.858,
                                "Actual Total Time": 3825.478,
                                "Actual Rows": 307785,
                                "Actual Loops": 1,
                                "Inner Unique": false,
                                "Merge Cond": "(it1.id = mi.info_type_id)",
                                "Plans": [
                                  {
                                    "Node Type": "Sort",
                                    "Parent Relationship": "Outer",
                                    "Parallel Aware": false,
                                    "Startup Cost": 2.42,
                                    "Total Cost": 2.43,
                                    "Plan Rows": 1,
                                    "Plan Width": 4,
                                    "Actual Startup Time": 0.058,
                                    "Actual Total Time": 0.059,
                                    "Actual Rows": 1,
                                    "Actual Loops": 1,
                                    "Sort Key": [
                                      "it1.id"
                                    ],
                                    "Sort Method": "quicksort",
                                    "Sort Space Used": 25,
                                    "Sort Space Type": "Memory",
                                    "Plans": [
                                      {
                                        "Node Type": "Seq Scan",
                                        "Parent Relationship": "Outer",
                                        "Parallel Aware": false,
                                        "Relation Name": "info_type",
                                        "Alias": "it1",
                                        "Startup Cost": 0.0,
                                        "Total Cost": 2.41,
                                        "Plan Rows": 1,
                                        "Plan Width": 4,
                                        "Actual Startup Time": 0.011,
                                        "Actual Total Time": 0.024,
                                        "Actual Rows": 1,
                                        "Actual Loops": 1,
                                        "Filter": "((info)::text = 'genres'::text)",
                                        "Rows Removed by Filter": 112
                                      }
                                    ]
                                  },
                                  {
                                    "Node Type": "Sort",
                                    "Parent Relationship": "Inner",
                                    "Parallel Aware": false,
                                    "Startup Cost": 484279.74,
                                    "Total Cost": 485727.17,
                                    "Plan Rows": 578974,
                                    "Plan Width": 86,
                                    "Actual Startup Time": 3772.793,
                                    "Actual Total Time": 3784.611,
                                    "Actual Rows": 307786,
                                    "Actual Loops": 1,
                                    "Sort Key": [
                                      "mi.info_type_id"
                                    ],
                                    "Sort Method": "quicksort",
                                    "Sort Space Used": 49553,
                                    "Sort Space Type": "Memory",
                                    "Plans": [
                                      {
                                        "Node Type": "Merge Join",
                                        "Parent Relationship": "Outer",
                                        "Parallel Aware": false,
                                        "Join Type": "Inner",
                                        "Startup Cost": 250546.98,
                                        "Total Cost": 428862.84,
                                        "Plan Rows": 578974,
                                        "Plan Width": 86,
                                        "Actual Startup Time": 1053.711,
                                        "Actual Total Time": 3665.407,
                                        "Actual Rows": 315079,
                                        "Actual Loops": 1,
                                        "Inner Unique": false,
                                        "Merge Cond": "(mi_idx.movie_id = t.id)",
                                        "Plans": [
                                          {
                                            "Node Type": "Index Scan",
                                            "Parent Relationship": "Outer",
                                            "Parallel Aware": false,
                                            "Scan Direction": "Forward",
                                            "Index Name": "movie_id_movie_info_idx",
                                            "Relation Name": "movie_info_idx",
                                            "Alias": "mi_idx",
                                            "Startup Cost": 0.43,
                                            "Total Cost": 53622.74,
                                            "Plan Rows": 1380035,
                                            "Plan Width": 14,
                                            "Actual Startup Time": 0.031,
                                            "Actual Total Time": 301.959,
                                            "Actual Rows": 1380035,
                                            "Actual Loops": 1
                                          },
                                          {
                                            "Node Type": "Materialize",
                                            "Parent Relationship": "Inner",
                                            "Parallel Aware": false,
                                            "Startup Cost": 250540.85,
                                            "Total Cost": 370412.8,
                                            "Plan Rows": 189208,
                                            "Plan Width": 72,
                                            "Actual Startup Time": 1053.648,
                                            "Actual Total Time": 3199.247,
                                            "Actual Rows": 399155,
                                            "Actual Loops": 1,
                                            "Plans": [
                                              {
                                                "Node Type": "Merge Join",
                                                "Parent Relationship": "Outer",
                                                "Parallel Aware": false,
                                                "Join Type": "Inner",
                                                "Startup Cost": 250540.85,
                                                "Total Cost": 369939.78,
                                                "Plan Rows": 189208,
                                                "Plan Width": 72,
                                                "Actual Startup Time": 1053.635,
                                                "Actual Total Time": 3129.881,
                                                "Actual Rows": 188968,
                                                "Actual Loops": 1,
                                                "Inner Unique": false,
                                                "Merge Cond": "(t.id = mi.movie_id)",
                                                "Plans": [
                                                  {
                                                    "Node Type": "Index Scan",
                                                    "Parent Relationship": "Outer",
                                                    "Parallel Aware": false,
                                                    "Scan Direction": "Forward",
                                                    "Index Name": "title_pkey",
                                                    "Relation Name": "title",
                                                    "Alias": "t",
                                                    "Startup Cost": 0.43,
                                                    "Total Cost": 110359.06,
                                                    "Plan Rows": 2528509,
                                                    "Plan Width": 21,
                                                    "Actual Startup Time": 0.023,
                                                    "Actual Total Time": 1815.716,
                                                    "Actual Rows": 2525794,
                                                    "Actual Loops": 1
                                                  },
                                                  {
                                                    "Node Type": "Sort",
                                                    "Parent Relationship": "Inner",
                                                    "Parallel Aware": false,
                                                    "Startup Cost": 250537.29,
                                                    "Total Cost": 251010.31,
                                                    "Plan Rows": 189208,
                                                    "Plan Width": 51,
                                                    "Actual Startup Time": 1048.578,
                                                    "Actual Total Time": 1071.508,
                                                    "Actual Rows": 188968,
                                                    "Actual Loops": 1,
                                                    "Sort Key": [
                                                      "mi.movie_id"
                                                    ],
                                                    "Sort Method": "quicksort",
                                                    "Sort Space Used": 16323,
                                                    "Sort Space Type": "Memory",
                                                    "Plans": [
                                                      {
                                                        "Node Type": "Gather",
                                                        "Parent Relationship": "Outer",
                                                        "Parallel Aware": false,
                                                        "Startup Cost": 1000.0,
                                                        "Total Cost": 233953.57,
                                                        "Plan Rows": 189208,
                                                        "Plan Width": 51,
                                                        "Actual Startup Time": 643.778,
                                                        "Actual Total Time": 986.924,
                                                        "Actual Rows": 188971,
                                                        "Actual Loops": 1,
                                                        "Workers Planned": 5,
                                                        "Workers Launched": 5,
                                                        "Single Copy": false,
                                                        "Plans": [
                                                          {
                                                            "Node Type": "Seq Scan",
                                                            "Parent Relationship": "Outer",
                                                            "Parallel Aware": true,
                                                            "Relation Name": "movie_info",
                                                            "Alias": "mi",
                                                            "Startup Cost": 0.0,
                                                            "Total Cost": 214032.77,
                                                            "Plan Rows": 37842,
                                                            "Plan Width": 51,
                                                            "Actual Startup Time": 598.315,
                                                            "Actual Total Time": 986.637,
                                                            "Actual Rows": 31495,
                                                            "Actual Loops": 6,
                                                            "Filter": "(info = ANY ('{Horror,Action,Sci-Fi,Thriller,Crime,War}'::text[]))",
                                                            "Rows Removed by Filter": 2441125
                                                          }
                                                        ]
                                                      }
                                                    ]
                                                  }
                                                ]
                                              }
                                            ]
                                          }
                                        ]
                                      }
                                    ]
                                  }
                                ]
                              }
                            ]
                          },
                          {
                            "Node Type": "Sort",
                            "Parent Relationship": "Inner",
                            "Parallel Aware": false,
                            "Startup Cost": 586290.45,
                            "Total Cost": 589209.2,
                            "Plan Rows": 1167502,
                            "Plan Width": 8,
                            "Actual Startup Time": 1453.938,
                            "Actual Total Time": 1580.511,
                            "Actual Rows": 1369034,
                            "Actual Loops": 1,
                            "Sort Key": [
                              "ci.movie_id"
                            ],
                            "Sort Method": "quicksort",
                            "Sort Space Used": 107499,
                            "Sort Space Type": "Memory",
                            "Plans": [
                              {
                                "Node Type": "Gather",
                                "Parent Relationship": "Outer",
                                "Parallel Aware": false,
                                "Startup Cost": 1000.0,
                                "Total Cost": 468635.47,
                                "Plan Rows": 1167502,
                                "Plan Width": 8,
                                "Actual Startup Time": 223.066,
                                "Actual Total Time": 1147.105,
                                "Actual Rows": 1244716,
                                "Actual Loops": 1,
                                "Workers Planned": 6,
                                "Workers Launched": 6,
                                "Single Copy": false,
                                "Plans": [
                                  {
                                    "Node Type": "Seq Scan",
                                    "Parent Relationship": "Outer",
                                    "Parallel Aware": true,
                                    "Relation Name": "cast_info",
                                    "Alias": "ci",
                                    "Startup Cost": 0.0,
                                    "Total Cost": 350885.27,
                                    "Plan Rows": 194584,
                                    "Plan Width": 8,
                                    "Actual Startup Time": 148.688,
                                    "Actual Total Time": 1155.174,
                                    "Actual Rows": 177817,
                                    "Actual Loops": 7,
                                    "Filter": "(note = ANY ('{(writer),\"(head writer)\",\"(written by)\",(story),\"(story editor)\"}'::text[]))",
                                    "Rows Removed by Filter": 4999947
                                  }
                                ]
                              }
                            ]
                          }
                        ]
                      }
                    ]
                  }
                ]
              }
            ]
          },
          {
            "Node Type": "Sort",
            "Parent Relationship": "Inner",
            "Parallel Aware": false,
            "Startup Cost": 288864.92,
            "Total Cost": 293233.03,
            "Plan Rows": 1747242,
            "Plan Width": 4,
            "Actual Startup Time": 1037.519,
            "Actual Total Time": 1150.531,
            "Actual Rows": 1739579,
            "Actual Loops": 1,
            "Sort Key": [
              "n.id"
            ],
            "Sort Method": "quicksort",
            "Sort Space Used": 130695,
            "Sort Space Type": "Memory",
            "Plans": [
              {
                "Node Type": "Seq Scan",
                "Parent Relationship": "Outer",
                "Parallel Aware": false,
                "Relation Name": "name",
                "Alias": "n",
                "Startup Cost": 0.0,
                "Total Cost": 107705.21,
                "Plan Rows": 1747242,
                "Plan Width": 4,
                "Actual Startup Time": 0.035,
                "Actual Total Time": 609.509,
                "Actual Rows": 1739579,
                "Actual Loops": 1,
                "Filter": "((gender)::text = 'm'::text)",
                "Rows Removed by Filter": 2427912
              }
            ]
          }
        ]
      }
    ]
  },
  "Planning Time": 14.84,
  "Triggers": [],
  "Execution Time": 7010.55
}