[
  {
    "Plan": {
      "Node Type": "Aggregate",
      "Strategy": "Plain",
      "Partial Mode": "Finalize",
      "Parallel Aware": false,
      "Startup Cost": 32935.62,
      "Total Cost": 32935.63,
      "Plan Rows": 1,
      "Plan Width": 8,
      "Actual Startup Time": 94.147,
      "Actual Total Time": 101.715,
      "Actual Rows": 1,
      "Actual Loops": 1,
      "Plans": [
        {
          "Node Type": "Gather",
          "Parent Relationship": "Outer",
          "Parallel Aware": false,
          "Startup Cost": 32935.31,
          "Total Cost": 32935.62,
          "Plan Rows": 3,
          "Plan Width": 8,
          "Actual Startup Time": 93.984,
          "Actual Total Time": 101.706,
          "Actual Rows": 4,
          "Actual Loops": 1,
          "Workers Planned": 3,
          "Workers Launched": 3,
          "Single Copy": false,
          "Plans": [
            {
              "Node Type": "Aggregate",
              "Strategy": "Plain",
              "Partial Mode": "Partial",
              "Parent Relationship": "Outer",
              "Parallel Aware": false,
              "Startup Cost": 31935.31,
              "Total Cost": 31935.32,
              "Plan Rows": 1,
              "Plan Width": 8,
              "Actual Startup Time": 88.518,
              "Actual Total Time": 88.519,
              "Actual Rows": 1,
              "Actual Loops": 4,
              "Plans": [
                {
                  "Node Type": "Seq Scan",
                  "Parent Relationship": "Outer",
                  "Parallel Aware": true,
                  "Relation Name": "movie_companies",
                  "Alias": "mc",
                  "Startup Cost": 0.0,
                  "Total Cost": 31414.82,
                  "Plan Rows": 208195,
                  "Plan Width": 0,
                  "Actual Startup Time": 41.682,
                  "Actual Total Time": 78.557,
                  "Actual Rows": 223731,
                  "Actual Loops": 4,
                  "Filter": "((company_id > 11617) AND (company_type_id = 2))",
                  "Rows Removed by Filter": 428552
                }
              ]
            }
          ]
        }
      ]
    },
    "Planning Time": 0.234,
    "Triggers": [],
    "Execution Time": 101.773
  }
]