[
    {
        "Bao": {
            "Bao prediction": "NaN",
            "Bao recommended hint": "(no hint)"
        }
    },
    {
        "Plan": {
            "Node Type": "Aggregate",
            "Strategy": "Plain",
            "Partial Mode": "Finalize",
            "Parallel Aware": false,
            "Startup Cost": 326510.99,
            "Total Cost": 326511.0,
            "Plan Rows": 1,
            "Plan Width": 8,
            "Actual Startup Time": 261.33,
            "Actual Total Time": 268.616,
            "Actual Rows": 1,
            "Actual Loops": 1,
            "Output": [
                "count(*)"
            ],
            "Plans": [
                {
                    "Node Type": "Gather",
                    "Parent Relationship": "Outer",
                    "Parallel Aware": false,
                    "Startup Cost": 326510.37,
                    "Total Cost": 326510.98,
                    "Plan Rows": 6,
                    "Plan Width": 8,
                    "Actual Startup Time": 260.804,
                    "Actual Total Time": 268.608,
                    "Actual Rows": 7,
                    "Actual Loops": 1,
                    "Output": [
                        "(PARTIAL count(*))"
                    ],
                    "Workers Planned": 6,
                    "Workers Launched": 6,
                    "Single Copy": false,
                    "Plans": [
                        {
                            "Node Type": "Aggregate",
                            "Strategy": "Plain",
                            "Partial Mode": "Partial",
                            "Parent Relationship": "Outer",
                            "Parallel Aware": false,
                            "Startup Cost": 325510.37,
                            "Total Cost": 325510.38,
                            "Plan Rows": 1,
                            "Plan Width": 8,
                            "Actual Startup Time": 250.428,
                            "Actual Total Time": 250.429,
                            "Actual Rows": 1,
                            "Actual Loops": 7,
                            "Output": [
                                "PARTIAL count(*)"
                            ],
                            "Workers": [
                                {
                                    "Worker Number": 0,
                                    "Actual Startup Time": 248.083,
                                    "Actual Total Time": 248.084,
                                    "Actual Rows": 1,
                                    "Actual Loops": 1
                                },
                                {
                                    "Worker Number": 1,
                                    "Actual Startup Time": 248.415,
                                    "Actual Total Time": 248.416,
                                    "Actual Rows": 1,
                                    "Actual Loops": 1
                                },
                                {
                                    "Worker Number": 2,
                                    "Actual Startup Time": 248.652,
                                    "Actual Total Time": 248.653,
                                    "Actual Rows": 1,
                                    "Actual Loops": 1
                                },
                                {
                                    "Worker Number": 3,
                                    "Actual Startup Time": 248.932,
                                    "Actual Total Time": 248.934,
                                    "Actual Rows": 1,
                                    "Actual Loops": 1
                                },
                                {
                                    "Worker Number": 4,
                                    "Actual Startup Time": 249.092,
                                    "Actual Total Time": 249.094,
                                    "Actual Rows": 1,
                                    "Actual Loops": 1
                                },
                                {
                                    "Worker Number": 5,
                                    "Actual Startup Time": 249.458,
                                    "Actual Total Time": 249.459,
                                    "Actual Rows": 1,
                                    "Actual Loops": 1
                                }
                            ],
                            "Plans": [
                                {
                                    "Node Type": "Bitmap Heap Scan",
                                    "Parent Relationship": "Outer",
                                    "Parallel Aware": true,
                                    "Relation Name": "cast_info",
                                    "Schema": "public",
                                    "Alias": "ci",
                                    "Startup Cost": 65415.85,
                                    "Total Cost": 324275.78,
                                    "Plan Rows": 493834,
                                    "Plan Width": 0,
                                    "Actual Startup Time": 110.539,
                                    "Actual Total Time": 227.337,
                                    "Actual Rows": 434920,
                                    "Actual Loops": 7,
                                    "Recheck Cond": "(ci.person_id > 3498971)",
                                    "Rows Removed by Index Recheck": 0,
                                    "Exact Heap Blocks": 9815,
                                    "Lossy Heap Blocks": 0,
                                    "Workers": [
                                        {
                                            "Worker Number": 0,
                                            "Actual Startup Time": 108.139,
                                            "Actual Total Time": 224.864,
                                            "Actual Rows": 308297,
                                            "Actual Loops": 1
                                        },
                                        {
                                            "Worker Number": 1,
                                            "Actual Startup Time": 108.427,
                                            "Actual Total Time": 226.202,
                                            "Actual Rows": 436513,
                                            "Actual Loops": 1
                                        },
                                        {
                                            "Worker Number": 2,
                                            "Actual Startup Time": 109.192,
                                            "Actual Total Time": 226.571,
                                            "Actual Rows": 433477,
                                            "Actual Loops": 1
                                        },
                                        {
                                            "Worker Number": 3,
                                            "Actual Startup Time": 109.255,
                                            "Actual Total Time": 227.029,
                                            "Actual Rows": 427164,
                                            "Actual Loops": 1
                                        },
                                        {
                                            "Worker Number": 4,
                                            "Actual Startup Time": 109.32,
                                            "Actual Total Time": 226.497,
                                            "Actual Rows": 298000,
                                            "Actual Loops": 1
                                        },
                                        {
                                            "Worker Number": 5,
                                            "Actual Startup Time": 109.493,
                                            "Actual Total Time": 227.387,
                                            "Actual Rows": 434884,
                                            "Actual Loops": 1
                                        }
                                    ],
                                    "Plans": [
                                        {
                                            "Node Type": "Bitmap Index Scan",
                                            "Parent Relationship": "Outer",
                                            "Parallel Aware": false,
                                            "Index Name": "person_id_cast_info",
                                            "Startup Cost": 0.0,
                                            "Total Cost": 64675.1,
                                            "Plan Rows": 2963005,
                                            "Plan Width": 0,
                                            "Actual Startup Time": 113.017,
                                            "Actual Total Time": 113.018,
                                            "Actual Rows": 3044442,
                                            "Actual Loops": 1,
                                            "Index Cond": "(ci.person_id > 3498971)"
                                        }
                                    ]
                                }
                            ]
                        }
                    ]
                }
            ]
        },
        "Planning Time": 187.146,
        "Triggers": [],
        "Execution Time": 268.726
    }
]