[
  {
    "Plan": {
      "Node Type": "Aggregate",
      "Strategy": "Plain",
      "Partial Mode": "Finalize",
      "Parallel Aware": false,
      "Startup Cost": 31162.43,
      "Total Cost": 31162.44,
      "Plan Rows": 1,
      "Plan Width": 8,
      "Actual Startup Time": 101.509,
      "Actual Total Time": 109.348,
      "Actual Rows": 1,
      "Actual Loops": 1,
      "Plans": [
        {
          "Node Type": "Gather",
          "Parent Relationship": "Outer",
          "Parallel Aware": false,
          "Startup Cost": 31162.12,
          "Total Cost": 31162.43,
          "Plan Rows": 3,
          "Plan Width": 8,
          "Actual Startup Time": 101.334,
          "Actual Total Time": 109.339,
          "Actual Rows": 4,
          "Actual Loops": 1,
          "Workers Planned": 3,
          "Workers Launched": 3,
          "Single Copy": false,
          "Plans": [
            {
              "Node Type": "Aggregate",
              "Strategy": "Plain",
              "Partial Mode": "Partial",
              "Parent Relationship": "Outer",
              "Parallel Aware": false,
              "Startup Cost": 30162.12,
              "Total Cost": 30162.13,
              "Plan Rows": 1,
              "Plan Width": 8,
              "Actual Startup Time": 95.544,
              "Actual Total Time": 95.545,
              "Actual Rows": 1,
              "Actual Loops": 4,
              "Plans": [
                {
                  "Node Type": "Seq Scan",
                  "Parent Relationship": "Outer",
                  "Parallel Aware": true,
                  "Relation Name": "movie_companies",
                  "Alias": "mc",
                  "Startup Cost": 0.0,
                  "Total Cost": 29310.68,
                  "Plan Rows": 340574,
                  "Plan Width": 0,
                  "Actual Startup Time": 0.039,
                  "Actual Total Time": 79.435,
                  "Actual Rows": 265830,
                  "Actual Loops": 4,
                  "Filter": "(company_id < 6424)",
                  "Rows Removed by Filter": 386452
                }
              ]
            }
          ]
        }
      ]
    },
    "Planning Time": 0.13,
    "Triggers": [],
    "Execution Time": 109.4
  }
]