[
    {
        "Bao": {
            "Bao prediction": 251.452,
            "Bao recommended hint": "SET enable_mergejoin TO off; "
        }
    },
    {
        "Plan": {
            "Node Type": "Aggregate",
            "Strategy": "Plain",
            "Partial Mode": "Finalize",
            "Parallel Aware": false,
            "Startup Cost": 36000.2,
            "Total Cost": 36000.21,
            "Plan Rows": 1,
            "Plan Width": 8,
            "Actual Startup Time": 32.851,
            "Actual Total Time": 37.16,
            "Actual Rows": 1,
            "Actual Loops": 1,
            "Output": [
                "count(*)"
            ],
            "Plans": [
                {
                    "Node Type": "Gather",
                    "Parent Relationship": "Outer",
                    "Parallel Aware": false,
                    "Startup Cost": 35999.98,
                    "Total Cost": 36000.19,
                    "Plan Rows": 2,
                    "Plan Width": 8,
                    "Actual Startup Time": 32.648,
                    "Actual Total Time": 37.152,
                    "Actual Rows": 3,
                    "Actual Loops": 1,
                    "Output": [
                        "(PARTIAL count(*))"
                    ],
                    "Workers Planned": 2,
                    "Workers Launched": 2,
                    "Single Copy": false,
                    "Plans": [
                        {
                            "Node Type": "Aggregate",
                            "Strategy": "Plain",
                            "Partial Mode": "Partial",
                            "Parent Relationship": "Outer",
                            "Parallel Aware": false,
                            "Startup Cost": 34999.98,
                            "Total Cost": 34999.99,
                            "Plan Rows": 1,
                            "Plan Width": 8,
                            "Actual Startup Time": 25.113,
                            "Actual Total Time": 25.114,
                            "Actual Rows": 1,
                            "Actual Loops": 3,
                            "Output": [
                                "PARTIAL count(*)"
                            ],
                            "Workers": [
                                {
                                    "Worker Number": 0,
                                    "Actual Startup Time": 21.507,
                                    "Actual Total Time": 21.508,
                                    "Actual Rows": 1,
                                    "Actual Loops": 1
                                },
                                {
                                    "Worker Number": 1,
                                    "Actual Startup Time": 21.803,
                                    "Actual Total Time": 21.805,
                                    "Actual Rows": 1,
                                    "Actual Loops": 1
                                }
                            ],
                            "Plans": [
                                {
                                    "Node Type": "Nested Loop",
                                    "Parent Relationship": "Outer",
                                    "Parallel Aware": false,
                                    "Join Type": "Inner",
                                    "Startup Cost": 102.98,
                                    "Total Cost": 34995.83,
                                    "Plan Rows": 1663,
                                    "Plan Width": 0,
                                    "Actual Startup Time": 2.897,
                                    "Actual Total Time": 25.044,
                                    "Actual Rows": 218,
                                    "Actual Loops": 3,
                                    "Inner Unique": true,
                                    "Workers": [
                                        {
                                            "Worker Number": 0,
                                            "Actual Startup Time": 3.839,
                                            "Actual Total Time": 21.483,
                                            "Actual Rows": 26,
                                            "Actual Loops": 1
                                        },
                                        {
                                            "Worker Number": 1,
                                            "Actual Startup Time": 1.324,
                                            "Actual Total Time": 21.783,
                                            "Actual Rows": 36,
                                            "Actual Loops": 1
                                        }
                                    ],
                                    "Plans": [
                                        {
                                            "Node Type": "Bitmap Heap Scan",
                                            "Parent Relationship": "Outer",
                                            "Parallel Aware": true,
                                            "Relation Name": "movie_info",
                                            "Schema": "public",
                                            "Alias": "mi",
                                            "Startup Cost": 102.55,
                                            "Total Cost": 18598.16,
                                            "Plan Rows": 2264,
                                            "Plan Width": 4,
                                            "Actual Startup Time": 1.266,
                                            "Actual Total Time": 4.804,
                                            "Actual Rows": 2147,
                                            "Actual Loops": 3,
                                            "Output": [
                                                "mi.id",
                                                "mi.movie_id",
                                                "mi.info_type_id",
                                                "mi.info",
                                                "mi.note"
                                            ],
                                            "Recheck Cond": "(mi.info_type_id = 64)",
                                            "Rows Removed by Index Recheck": 0,
                                            "Exact Heap Blocks": 982,
                                            "Lossy Heap Blocks": 0,
                                            "Workers": [
                                                {
                                                    "Worker Number": 0,
                                                    "Actual Startup Time": 0.144,
                                                    "Actual Total Time": 3.111,
                                                    "Actual Rows": 816,
                                                    "Actual Loops": 1
                                                },
                                                {
                                                    "Worker Number": 1,
                                                    "Actual Startup Time": 0.161,
                                                    "Actual Total Time": 3.252,
                                                    "Actual Rows": 804,
                                                    "Actual Loops": 1
                                                }
                                            ],
                                            "Plans": [
                                                {
                                                    "Node Type": "Bitmap Index Scan",
                                                    "Parent Relationship": "Outer",
                                                    "Parallel Aware": false,
                                                    "Index Name": "info_type_id_movie_info",
                                                    "Startup Cost": 0.0,
                                                    "Total Cost": 101.19,
                                                    "Plan Rows": 5434,
                                                    "Plan Width": 0,
                                                    "Actual Startup Time": 2.864,
                                                    "Actual Total Time": 2.865,
                                                    "Actual Rows": 6440,
                                                    "Actual Loops": 1,
                                                    "Index Cond": "(mi.info_type_id = 64)"
                                                }
                                            ]
                                        },
                                        {
                                            "Node Type": "Index Scan",
                                            "Parent Relationship": "Inner",
                                            "Parallel Aware": false,
                                            "Scan Direction": "Forward",
                                            "Index Name": "title_pkey",
                                            "Relation Name": "title",
                                            "Schema": "public",
                                            "Alias": "t",
                                            "Startup Cost": 0.43,
                                            "Total Cost": 7.24,
                                            "Plan Rows": 1,
                                            "Plan Width": 4,
                                            "Actual Startup Time": 0.009,
                                            "Actual Total Time": 0.009,
                                            "Actual Rows": 0,
                                            "Actual Loops": 6440,
                                            "Output": [
                                                "t.id",
                                                "t.title",
                                                "t.imdb_index",
                                                "t.kind_id",
                                                "t.production_year",
                                                "t.imdb_id",
                                                "t.phonetic_code",
                                                "t.episode_of_id",
                                                "t.season_nr",
                                                "t.episode_nr",
                                                "t.series_years",
                                                "t.md5sum"
                                            ],
                                            "Index Cond": "(t.id = mi.movie_id)",
                                            "Rows Removed by Index Recheck": 0,
                                            "Filter": "(t.kind_id > 1)",
                                            "Rows Removed by Filter": 1,
                                            "Workers": [
                                                {
                                                    "Worker Number": 0,
                                                    "Actual Startup Time": 0.021,
                                                    "Actual Total Time": 0.021,
                                                    "Actual Rows": 0,
                                                    "Actual Loops": 816
                                                },
                                                {
                                                    "Worker Number": 1,
                                                    "Actual Startup Time": 0.022,
                                                    "Actual Total Time": 0.022,
                                                    "Actual Rows": 0,
                                                    "Actual Loops": 804
                                                }
                                            ]
                                        }
                                    ]
                                }
                            ]
                        }
                    ]
                }
            ]
        },
        "Planning Time": 707.094,
        "Triggers": [],
        "Execution Time": 37.278
    }
]