[
  {
    "Plan": {
      "Node Type": "Aggregate",
      "Strategy": "Plain",
      "Partial Mode": "Finalize",
      "Parallel Aware": false,
      "Startup Cost": 45026.57,
      "Total Cost": 45026.58,
      "Plan Rows": 1,
      "Plan Width": 8,
      "Actual Startup Time": 135.895,
      "Actual Total Time": 145.05,
      "Actual Rows": 1,
      "Actual Loops": 1,
      "Plans": [
        {
          "Node Type": "Gather",
          "Parent Relationship": "Outer",
          "Parallel Aware": false,
          "Startup Cost": 45026.25,
          "Total Cost": 45026.56,
          "Plan Rows": 3,
          "Plan Width": 8,
          "Actual Startup Time": 135.79,
          "Actual Total Time": 145.043,
          "Actual Rows": 4,
          "Actual Loops": 1,
          "Workers Planned": 3,
          "Workers Launched": 3,
          "Single Copy": false,
          "Plans": [
            {
              "Node Type": "Aggregate",
              "Strategy": "Plain",
              "Partial Mode": "Partial",
              "Parent Relationship": "Outer",
              "Parallel Aware": false,
              "Startup Cost": 44026.25,
              "Total Cost": 44026.26,
              "Plan Rows": 1,
              "Plan Width": 8,
              "Actual Startup Time": 127.571,
              "Actual Total Time": 127.572,
              "Actual Rows": 1,
              "Actual Loops": 4,
              "Plans": [
                {
                  "Node Type": "Seq Scan",
                  "Parent Relationship": "Outer",
                  "Parallel Aware": true,
                  "Relation Name": "movie_keyword",
                  "Alias": "mk",
                  "Startup Cost": 0.0,
                  "Total Cost": 42695.65,
                  "Plan Rows": 532238,
                  "Plan Width": 0,
                  "Actual Startup Time": 0.056,
                  "Actual Total Time": 108.314,
                  "Actual Rows": 414694,
                  "Actual Loops": 4,
                  "Filter": "(keyword_id < 2546)",
                  "Rows Removed by Filter": 716288
                }
              ]
            }
          ]
        }
      ]
    },
    "Planning Time": 0.111,
    "Triggers": [],
    "Execution Time": 145.081
  }
]