[
  {
    "Plan": {
      "Node Type": "Aggregate",
      "Strategy": "Plain",
      "Partial Mode": "Finalize",
      "Parallel Aware": false,
      "Startup Cost": 119879.15,
      "Total Cost": 119879.16,
      "Plan Rows": 1,
      "Plan Width": 8,
      "Actual Startup Time": 603.058,
      "Actual Total Time": 622.585,
      "Actual Rows": 1,
      "Actual Loops": 1,
      "Plans": [
        {
          "Node Type": "Gather",
          "Parent Relationship": "Outer",
          "Parallel Aware": false,
          "Startup Cost": 119878.83,
          "Total Cost": 119879.14,
          "Plan Rows": 3,
          "Plan Width": 8,
          "Actual Startup Time": 600.549,
          "Actual Total Time": 622.575,
          "Actual Rows": 4,
          "Actual Loops": 1,
          "Workers Planned": 3,
          "Workers Launched": 3,
          "Single Copy": false,
          "Plans": [
            {
              "Node Type": "Aggregate",
              "Strategy": "Plain",
              "Partial Mode": "Partial",
              "Parent Relationship": "Outer",
              "Parallel Aware": false,
              "Startup Cost": 118878.83,
              "Total Cost": 118878.84,
              "Plan Rows": 1,
              "Plan Width": 8,
              "Actual Startup Time": 590.428,
              "Actual Total Time": 590.434,
              "Actual Rows": 1,
              "Actual Loops": 4,
              "Plans": [
                {
                  "Node Type": "Hash Join",
                  "Parent Relationship": "Outer",
                  "Parallel Aware": true,
                  "Join Type": "Inner",
                  "Startup Cost": 74011.1,
                  "Total Cost": 118704.88,
                  "Plan Rows": 69582,
                  "Plan Width": 0,
                  "Actual Startup Time": 365.107,
                  "Actual Total Time": 566.251,
                  "Actual Rows": 563810,
                  "Actual Loops": 4,
                  "Inner Unique": false,
                  "Hash Cond": "(mk.movie_id = t.id)",
                  "Plans": [
                    {
                      "Node Type": "Seq Scan",
                      "Parent Relationship": "Outer",
                      "Parallel Aware": true,
                      "Relation Name": "movie_keyword",
                      "Alias": "mk",
                      "Startup Cost": 0.0,
                      "Total Cost": 39047.32,
                      "Plan Rows": 1459332,
                      "Plan Width": 4,
                      "Actual Startup Time": 0.032,
                      "Actual Total Time": 94.397,
                      "Actual Rows": 1130982,
                      "Actual Loops": 4
                    },
                    {
                      "Node Type": "Hash",
                      "Parent Relationship": "Inner",
                      "Parallel Aware": true,
                      "Startup Cost": 73634.37,
                      "Total Cost": 73634.37,
                      "Plan Rows": 30138,
                      "Plan Width": 8,
                      "Actual Startup Time": 321.519,
                      "Actual Total Time": 321.524,
                      "Actual Rows": 60122,
                      "Actual Loops": 4,
                      "Hash Buckets": 262144,
                      "Original Hash Buckets": 131072,
                      "Hash Batches": 1,
                      "Original Hash Batches": 1,
                      "Peak Memory Usage": 12544,
                      "Plans": [
                        {
                          "Node Type": "Hash Join",
                          "Parent Relationship": "Outer",
                          "Parallel Aware": true,
                          "Join Type": "Inner",
                          "Startup Cost": 27056.51,
                          "Total Cost": 73634.37,
                          "Plan Rows": 30138,
                          "Plan Width": 8,
                          "Actual Startup Time": 202.12,
                          "Actual Total Time": 295.99,
                          "Actual Rows": 60122,
                          "Actual Loops": 4,
                          "Inner Unique": false,
                          "Hash Cond": "(t.id = mc.movie_id)",
                          "Plans": [
                            {
                              "Node Type": "Seq Scan",
                              "Parent Relationship": "Outer",
                              "Parallel Aware": true,
                              "Relation Name": "title",
                              "Alias": "t",
                              "Startup Cost": 0.0,
                              "Total Cost": 43898.92,
                              "Plan Rows": 516346,
                              "Plan Width": 4,
                              "Actual Startup Time": 0.014,
                              "Actual Total Time": 100.161,
                              "Actual Rows": 516138,
                              "Actual Loops": 4,
                              "Filter": "(production_year < 2011)",
                              "Rows Removed by Filter": 115940
                            },
                            {
                              "Node Type": "Hash",
                              "Parent Relationship": "Inner",
                              "Parallel Aware": true,
                              "Startup Cost": 26461.47,
                              "Total Cost": 26461.47,
                              "Plan Rows": 47603,
                              "Plan Width": 4,
                              "Actual Startup Time": 95.293,
                              "Actual Total Time": 95.294,
                              "Actual Rows": 71905,
                              "Actual Loops": 4,
                              "Hash Buckets": 524288,
                              "Original Hash Buckets": 262144,
                              "Hash Batches": 1,
                              "Original Hash Batches": 1,
                              "Peak Memory Usage": 17472,
                              "Plans": [
                                {
                                  "Node Type": "Bitmap Heap Scan",
                                  "Parent Relationship": "Outer",
                                  "Parallel Aware": true,
                                  "Relation Name": "movie_companies",
                                  "Alias": "mc",
                                  "Startup Cost": 6265.14,
                                  "Total Cost": 26461.47,
                                  "Plan Rows": 47603,
                                  "Plan Width": 4,
                                  "Actual Startup Time": 27.2,
                                  "Actual Total Time": 59.669,
                                  "Actual Rows": 71905,
                                  "Actual Loops": 4,
                                  "Recheck Cond": "(company_id > 95125)",
                                  "Rows Removed by Index Recheck": 0,
                                  "Filter": "(company_type_id > 1)",
                                  "Rows Removed by Filter": 0,
                                  "Exact Heap Blocks": 1599,
                                  "Lossy Heap Blocks": 0,
                                  "Plans": [
                                    {
                                      "Node Type": "Bitmap Index Scan",
                                      "Parent Relationship": "Outer",
                                      "Parallel Aware": false,
                                      "Index Name": "company_id_movie_companies",
                                      "Startup Cost": 0.0,
                                      "Total Cost": 6228.25,
                                      "Plan Rows": 290642,
                                      "Plan Width": 0,
                                      "Actual Startup Time": 28.028,
                                      "Actual Total Time": 28.028,
                                      "Actual Rows": 287619,
                                      "Actual Loops": 1,
                                      "Index Cond": "(company_id > 95125)"
                                    }
                                  ]
                                }
                              ]
                            }
                          ]
                        }
                      ]
                    }
                  ]
                }
              ]
            }
          ]
        }
      ]
    },
    "Planning Time": 1.386,
    "Triggers": [],
    "Execution Time": 622.689
  }
]