[
  {
    "Plan": {
      "Node Type": "Aggregate",
      "Strategy": "Plain",
      "Partial Mode": "Finalize",
      "Parallel Aware": false,
      "Startup Cost": 103275.53,
      "Total Cost": 103275.54,
      "Plan Rows": 1,
      "Plan Width": 8,
      "Actual Startup Time": 523.073,
      "Actual Total Time": 566.138,
      "Actual Rows": 1,
      "Actual Loops": 1,
      "Plans": [
        {
          "Node Type": "Gather",
          "Parent Relationship": "Outer",
          "Parallel Aware": false,
          "Startup Cost": 103275.21,
          "Total Cost": 103275.52,
          "Plan Rows": 3,
          "Plan Width": 8,
          "Actual Startup Time": 521.807,
          "Actual Total Time": 566.127,
          "Actual Rows": 4,
          "Actual Loops": 1,
          "Workers Planned": 3,
          "Workers Launched": 3,
          "Single Copy": false,
          "Plans": [
            {
              "Node Type": "Aggregate",
              "Strategy": "Plain",
              "Partial Mode": "Partial",
              "Parent Relationship": "Outer",
              "Parallel Aware": false,
              "Startup Cost": 102275.21,
              "Total Cost": 102275.22,
              "Plan Rows": 1,
              "Plan Width": 8,
              "Actual Startup Time": 512.73,
              "Actual Total Time": 512.734,
              "Actual Rows": 1,
              "Actual Loops": 4,
              "Plans": [
                {
                  "Node Type": "Nested Loop",
                  "Parent Relationship": "Outer",
                  "Parallel Aware": false,
                  "Join Type": "Inner",
                  "Startup Cost": 45923.1,
                  "Total Cost": 102266.23,
                  "Plan Rows": 3595,
                  "Plan Width": 0,
                  "Actual Startup Time": 164.692,
                  "Actual Total Time": 509.297,
                  "Actual Rows": 59339,
                  "Actual Loops": 4,
                  "Inner Unique": false,
                  "Join Filter": "(t.id = mi.movie_id)",
                  "Rows Removed by Join Filter": 0,
                  "Plans": [
                    {
                      "Node Type": "Hash Join",
                      "Parent Relationship": "Outer",
                      "Parallel Aware": true,
                      "Join Type": "Inner",
                      "Startup Cost": 45922.66,
                      "Total Cost": 77653.36,
                      "Plan Rows": 6756,
                      "Plan Width": 8,
                      "Actual Startup Time": 164.538,
                      "Actual Total Time": 230.087,
                      "Actual Rows": 14022,
                      "Actual Loops": 4,
                      "Inner Unique": true,
                      "Hash Cond": "(mc.movie_id = t.id)",
                      "Plans": [
                        {
                          "Node Type": "Seq Scan",
                          "Parent Relationship": "Outer",
                          "Parallel Aware": true,
                          "Relation Name": "movie_companies",
                          "Alias": "mc",
                          "Startup Cost": 0.0,
                          "Total Cost": 31414.82,
                          "Plan Rows": 120337,
                          "Plan Width": 4,
                          "Actual Startup Time": 0.019,
                          "Actual Total Time": 64.875,
                          "Actual Rows": 132022,
                          "Actual Loops": 4,
                          "Filter": "((company_id < 1465) AND (company_type_id < 2))",
                          "Rows Removed by Filter": 520260
                        },
                        {
                          "Node Type": "Hash",
                          "Parent Relationship": "Inner",
                          "Parallel Aware": true,
                          "Startup Cost": 45479.1,
                          "Total Cost": 45479.1,
                          "Plan Rows": 35485,
                          "Plan Width": 4,
                          "Actual Startup Time": 134.362,
                          "Actual Total Time": 134.363,
                          "Actual Rows": 70670,
                          "Actual Loops": 4,
                          "Hash Buckets": 524288,
                          "Original Hash Buckets": 262144,
                          "Hash Batches": 1,
                          "Original Hash Batches": 1,
                          "Peak Memory Usage": 17280,
                          "Plans": [
                            {
                              "Node Type": "Seq Scan",
                              "Parent Relationship": "Outer",
                              "Parallel Aware": true,
                              "Relation Name": "title",
                              "Alias": "t",
                              "Startup Cost": 0.0,
                              "Total Cost": 45479.1,
                              "Plan Rows": 35485,
                              "Plan Width": 4,
                              "Actual Startup Time": 60.469,
                              "Actual Total Time": 102.842,
                              "Actual Rows": 70670,
                              "Actual Loops": 4,
                              "Filter": "((production_year < 1983) AND (kind_id = 1))",
                              "Rows Removed by Filter": 561408
                            }
                          ]
                        }
                      ]
                    },
                    {
                      "Node Type": "Index Scan",
                      "Parent Relationship": "Inner",
                      "Parallel Aware": false,
                      "Scan Direction": "Forward",
                      "Index Name": "movie_id_movie_info",
                      "Relation Name": "movie_info",
                      "Alias": "mi",
                      "Startup Cost": 0.43,
                      "Total Cost": 3.59,
                      "Plan Rows": 4,
                      "Plan Width": 4,
                      "Actual Startup Time": 0.008,
                      "Actual Total Time": 0.019,
                      "Actual Rows": 4,
                      "Actual Loops": 56090,
                      "Index Cond": "(movie_id = mc.movie_id)",
                      "Rows Removed by Index Recheck": 0,
                      "Filter": "(info_type_id = 7)",
                      "Rows Removed by Filter": 51
                    }
                  ]
                }
              ]
            }
          ]
        }
      ]
    },
    "Planning Time": 1.476,
    "Triggers": [],
    "Execution Time": 566.229
  }
]