[
  {
    "Plan": {
      "Node Type": "Aggregate",
      "Strategy": "Plain",
      "Partial Mode": "Finalize",
      "Parallel Aware": false,
      "Startup Cost": 44567.92,
      "Total Cost": 44567.93,
      "Plan Rows": 1,
      "Plan Width": 8,
      "Actual Startup Time": 148.159,
      "Actual Total Time": 160.259,
      "Actual Rows": 1,
      "Actual Loops": 1,
      "Plans": [
        {
          "Node Type": "Gather",
          "Parent Relationship": "Outer",
          "Parallel Aware": false,
          "Startup Cost": 44567.6,
          "Total Cost": 44567.91,
          "Plan Rows": 3,
          "Plan Width": 8,
          "Actual Startup Time": 148.021,
          "Actual Total Time": 160.247,
          "Actual Rows": 4,
          "Actual Loops": 1,
          "Workers Planned": 3,
          "Workers Launched": 3,
          "Single Copy": false,
          "Plans": [
            {
              "Node Type": "Aggregate",
              "Strategy": "Plain",
              "Partial Mode": "Partial",
              "Parent Relationship": "Outer",
              "Parallel Aware": false,
              "Startup Cost": 43567.6,
              "Total Cost": 43567.61,
              "Plan Rows": 1,
              "Plan Width": 8,
              "Actual Startup Time": 139.708,
              "Actual Total Time": 139.71,
              "Actual Rows": 1,
              "Actual Loops": 4,
              "Plans": [
                {
                  "Node Type": "Seq Scan",
                  "Parent Relationship": "Outer",
                  "Parallel Aware": true,
                  "Relation Name": "movie_keyword",
                  "Alias": "mk",
                  "Startup Cost": 0.0,
                  "Total Cost": 42695.65,
                  "Plan Rows": 348778,
                  "Plan Width": 0,
                  "Actual Startup Time": 0.941,
                  "Actual Total Time": 123.382,
                  "Actual Rows": 270001,
                  "Actual Loops": 4,
                  "Filter": "(keyword_id > 16388)",
                  "Rows Removed by Filter": 860981
                }
              ]
            }
          ]
        }
      ]
    },
    "Planning Time": 0.087,
    "Triggers": [],
    "Execution Time": 160.297
  }
]