[
  {
    "Plan": {
      "Node Type": "Aggregate",
      "Strategy": "Plain",
      "Partial Mode": "Finalize",
      "Parallel Aware": false,
      "Startup Cost": 32802.04,
      "Total Cost": 32802.05,
      "Plan Rows": 1,
      "Plan Width": 8,
      "Actual Startup Time": 102.934,
      "Actual Total Time": 111.199,
      "Actual Rows": 1,
      "Actual Loops": 1,
      "Plans": [
        {
          "Node Type": "Gather",
          "Parent Relationship": "Outer",
          "Parallel Aware": false,
          "Startup Cost": 32801.72,
          "Total Cost": 32802.03,
          "Plan Rows": 3,
          "Plan Width": 8,
          "Actual Startup Time": 102.815,
          "Actual Total Time": 111.19,
          "Actual Rows": 4,
          "Actual Loops": 1,
          "Workers Planned": 3,
          "Workers Launched": 3,
          "Single Copy": false,
          "Plans": [
            {
              "Node Type": "Aggregate",
              "Strategy": "Plain",
              "Partial Mode": "Partial",
              "Parent Relationship": "Outer",
              "Parallel Aware": false,
              "Startup Cost": 31801.72,
              "Total Cost": 31801.73,
              "Plan Rows": 1,
              "Plan Width": 8,
              "Actual Startup Time": 96.859,
              "Actual Total Time": 96.861,
              "Actual Rows": 1,
              "Actual Loops": 4,
              "Plans": [
                {
                  "Node Type": "Seq Scan",
                  "Parent Relationship": "Outer",
                  "Parallel Aware": true,
                  "Relation Name": "movie_companies",
                  "Alias": "mc",
                  "Startup Cost": 0.0,
                  "Total Cost": 31414.82,
                  "Plan Rows": 154762,
                  "Plan Width": 0,
                  "Actual Startup Time": 0.039,
                  "Actual Total Time": 84.801,
                  "Actual Rows": 170832,
                  "Actual Loops": 4,
                  "Filter": "((company_id < 4234) AND (company_type_id = 1))",
                  "Rows Removed by Filter": 481450
                }
              ]
            }
          ]
        }
      ]
    },
    "Planning Time": 0.226,
    "Triggers": [],
    "Execution Time": 111.258
  }
]