[
  {
    "Plan": {
      "Node Type": "Aggregate",
      "Strategy": "Plain",
      "Partial Mode": "Finalize",
      "Parallel Aware": false,
      "Startup Cost": 319573.34,
      "Total Cost": 319573.35,
      "Plan Rows": 1,
      "Plan Width": 8,
      "Actual Startup Time": 1017.038,
      "Actual Total Time": 1070.079,
      "Actual Rows": 1,
      "Actual Loops": 1,
      "Plans": [
        {
          "Node Type": "Gather",
          "Parent Relationship": "Outer",
          "Parallel Aware": false,
          "Startup Cost": 319572.81,
          "Total Cost": 319573.32,
          "Plan Rows": 5,
          "Plan Width": 8,
          "Actual Startup Time": 1009.426,
          "Actual Total Time": 1070.069,
          "Actual Rows": 6,
          "Actual Loops": 1,
          "Workers Planned": 5,
          "Workers Launched": 5,
          "Single Copy": false,
          "Plans": [
            {
              "Node Type": "Aggregate",
              "Strategy": "Plain",
              "Partial Mode": "Partial",
              "Parent Relationship": "Outer",
              "Parallel Aware": false,
              "Startup Cost": 318572.81,
              "Total Cost": 318572.82,
              "Plan Rows": 1,
              "Plan Width": 8,
              "Actual Startup Time": 990.925,
              "Actual Total Time": 991.185,
              "Actual Rows": 1,
              "Actual Loops": 6,
              "Plans": [
                {
                  "Node Type": "Hash Join",
                  "Parent Relationship": "Outer",
                  "Parallel Aware": true,
                  "Join Type": "Inner",
                  "Startup Cost": 102208.75,
                  "Total Cost": 314076.51,
                  "Plan Rows": 1798523,
                  "Plan Width": 0,
                  "Actual Startup Time": 378.781,
                  "Actual Total Time": 966.934,
                  "Actual Rows": 623276,
                  "Actual Loops": 6,
                  "Inner Unique": false,
                  "Hash Cond": "(mi.movie_id = t.id)",
                  "Plans": [
                    {
                      "Node Type": "Seq Scan",
                      "Parent Relationship": "Outer",
                      "Parallel Aware": true,
                      "Relation Name": "movie_info",
                      "Alias": "mi",
                      "Startup Cost": 0.0,
                      "Total Cost": 198952.16,
                      "Plan Rows": 1897040,
                      "Plan Width": 4,
                      "Actual Startup Time": 0.034,
                      "Actual Total Time": 316.002,
                      "Actual Rows": 1594192,
                      "Actual Loops": 6,
                      "Filter": "(info_type_id < 16)",
                      "Rows Removed by Filter": 878428
                    },
                    {
                      "Node Type": "Hash",
                      "Parent Relationship": "Inner",
                      "Parallel Aware": true,
                      "Startup Cost": 92543.45,
                      "Total Cost": 92543.45,
                      "Plan Rows": 773224,
                      "Plan Width": 8,
                      "Actual Startup Time": 371.432,
                      "Actual Total Time": 371.691,
                      "Actual Rows": 99014,
                      "Actual Loops": 6,
                      "Hash Buckets": 4194304,
                      "Original Hash Buckets": 4194304,
                      "Hash Batches": 1,
                      "Original Hash Batches": 1,
                      "Peak Memory Usage": 56096,
                      "Plans": [
                        {
                          "Node Type": "Hash Join",
                          "Parent Relationship": "Outer",
                          "Parallel Aware": true,
                          "Join Type": "Inner",
                          "Startup Cost": 49665.37,
                          "Total Cost": 92543.45,
                          "Plan Rows": 773224,
                          "Plan Width": 8,
                          "Actual Startup Time": 183.371,
                          "Actual Total Time": 329.688,
                          "Actual Rows": 99014,
                          "Actual Loops": 6,
                          "Inner Unique": true,
                          "Hash Cond": "(mk.movie_id = t.id)",
                          "Plans": [
                            {
                              "Node Type": "Seq Scan",
                              "Parent Relationship": "Outer",
                              "Parallel Aware": true,
                              "Relation Name": "movie_keyword",
                              "Alias": "mk",
                              "Startup Cost": 0.0,
                              "Total Cost": 39047.32,
                              "Plan Rows": 1459332,
                              "Plan Width": 4,
                              "Actual Startup Time": 0.027,
                              "Actual Total Time": 62.809,
                              "Actual Rows": 753988,
                              "Actual Loops": 6
                            },
                            {
                              "Node Type": "Hash",
                              "Parent Relationship": "Inner",
                              "Parallel Aware": true,
                              "Startup Cost": 45479.1,
                              "Total Cost": 45479.1,
                              "Plan Rows": 334902,
                              "Plan Width": 4,
                              "Actual Startup Time": 181.304,
                              "Actual Total Time": 181.305,
                              "Actual Rows": 236380,
                              "Actual Loops": 6,
                              "Hash Buckets": 2097152,
                              "Original Hash Buckets": 2097152,
                              "Hash Batches": 1,
                              "Original Hash Batches": 1,
                              "Peak Memory Usage": 71968,
                              "Plans": [
                                {
                                  "Node Type": "Seq Scan",
                                  "Parent Relationship": "Outer",
                                  "Parallel Aware": true,
                                  "Relation Name": "title",
                                  "Alias": "t",
                                  "Startup Cost": 0.0,
                                  "Total Cost": 45479.1,
                                  "Plan Rows": 334902,
                                  "Plan Width": 4,
                                  "Actual Startup Time": 0.04,
                                  "Actual Total Time": 84.086,
                                  "Actual Rows": 236380,
                                  "Actual Loops": 6,
                                  "Filter": "((production_year > 1961) AND (kind_id = 7))",
                                  "Rows Removed by Filter": 185005
                                }
                              ]
                            }
                          ]
                        }
                      ]
                    }
                  ]
                }
              ]
            }
          ]
        }
      ]
    },
    "Planning Time": 1.124,
    "Triggers": [],
    "Execution Time": 1070.163
  }
]