[
  {
    "Plan": {
      "Node Type": "Aggregate",
      "Strategy": "Plain",
      "Partial Mode": "Finalize",
      "Parallel Aware": false,
      "Startup Cost": 97625.91,
      "Total Cost": 97625.92,
      "Plan Rows": 1,
      "Plan Width": 128,
      "Actual Startup Time": 920.166,
      "Actual Total Time": 1004.995,
      "Actual Rows": 1,
      "Actual Loops": 1,
      "Plans": [
        {
          "Node Type": "Gather",
          "Parent Relationship": "Outer",
          "Parallel Aware": false,
          "Startup Cost": 97625.46,
          "Total Cost": 97625.87,
          "Plan Rows": 4,
          "Plan Width": 128,
          "Actual Startup Time": 918.965,
          "Actual Total Time": 1004.982,
          "Actual Rows": 5,
          "Actual Loops": 1,
          "Workers Planned": 4,
          "Workers Launched": 4,
          "Single Copy": false,
          "Plans": [
            {
              "Node Type": "Aggregate",
              "Strategy": "Plain",
              "Partial Mode": "Partial",
              "Parent Relationship": "Outer",
              "Parallel Aware": false,
              "Startup Cost": 96625.46,
              "Total Cost": 96625.47,
              "Plan Rows": 1,
              "Plan Width": 128,
              "Actual Startup Time": 907.317,
              "Actual Total Time": 907.401,
              "Actual Rows": 1,
              "Actual Loops": 5,
              "Plans": [
                {
                  "Node Type": "Nested Loop",
                  "Parent Relationship": "Outer",
                  "Parallel Aware": false,
                  "Join Type": "Inner",
                  "Startup Cost": 39080.45,
                  "Total Cost": 96625.45,
                  "Plan Rows": 1,
                  "Plan Width": 64,
                  "Actual Startup Time": 371.056,
                  "Actual Total Time": 907.379,
                  "Actual Rows": 8,
                  "Actual Loops": 5,
                  "Inner Unique": true,
                  "Plans": [
                    {
                      "Node Type": "Nested Loop",
                      "Parent Relationship": "Outer",
                      "Parallel Aware": false,
                      "Join Type": "Inner",
                      "Startup Cost": 39079.95,
                      "Total Cost": 96620.94,
                      "Plan Rows": 1,
                      "Plan Width": 52,
                      "Actual Startup Time": 371.009,
                      "Actual Total Time": 907.252,
                      "Actual Rows": 8,
                      "Actual Loops": 5,
                      "Inner Unique": false,
                      "Join Filter": "(n.id = an.person_id)",
                      "Rows Removed by Join Filter": 0,
                      "Plans": [
                        {
                          "Node Type": "Nested Loop",
                          "Parent Relationship": "Outer",
                          "Parallel Aware": false,
                          "Join Type": "Inner",
                          "Startup Cost": 39079.49,
                          "Total Cost": 96616.43,
                          "Plan Rows": 1,
                          "Plan Width": 44,
                          "Actual Startup Time": 330.234,
                          "Actual Total Time": 907.034,
                          "Actual Rows": 6,
                          "Actual Loops": 5,
                          "Inner Unique": true,
                          "Plans": [
                            {
                              "Node Type": "Hash Join",
                              "Parent Relationship": "Outer",
                              "Parallel Aware": false,
                              "Join Type": "Inner",
                              "Startup Cost": 39078.97,
                              "Total Cost": 96126.26,
                              "Plan Rows": 108,
                              "Plan Width": 25,
                              "Actual Startup Time": 148.352,
                              "Actual Total Time": 892.169,
                              "Actual Rows": 1513,
                              "Actual Loops": 5,
                              "Inner Unique": true,
                              "Hash Cond": "(ci.role_id = rt.id)",
                              "Plans": [
                                {
                                  "Node Type": "Nested Loop",
                                  "Parent Relationship": "Outer",
                                  "Parallel Aware": false,
                                  "Join Type": "Inner",
                                  "Startup Cost": 39077.81,
                                  "Total Cost": 96120.47,
                                  "Plan Rows": 1302,
                                  "Plan Width": 29,
                                  "Actual Startup Time": 143.107,
                                  "Actual Total Time": 890.891,
                                  "Actual Rows": 5398,
                                  "Actual Loops": 5,
                                  "Inner Unique": false,
                                  "Plans": [
                                    {
                                      "Node Type": "Hash Join",
                                      "Parent Relationship": "Outer",
                                      "Parallel Aware": true,
                                      "Join Type": "Inner",
                                      "Startup Cost": 39075.95,
                                      "Total Cost": 85040.18,
                                      "Plan Rows": 1719,
                                      "Plan Width": 25,
                                      "Actual Startup Time": 138.077,
                                      "Actual Total Time": 239.261,
                                      "Actual Rows": 9402,
                                      "Actual Loops": 5,
                                      "Inner Unique": false,
                                      "Hash Cond": "(t.id = mc.movie_id)",
                                      "Plans": [
                                        {
                                          "Node Type": "Seq Scan",
                                          "Parent Relationship": "Outer",
                                          "Parallel Aware": true,
                                          "Relation Name": "title",
                                          "Alias": "t",
                                          "Startup Cost": 0.0,
                                          "Total Cost": 45478.29,
                                          "Plan Rows": 128105,
                                          "Plan Width": 21,
                                          "Actual Startup Time": 0.046,
                                          "Actual Total Time": 63.588,
                                          "Actual Rows": 102565,
                                          "Actual Loops": 5,
                                          "Filter": "((production_year >= 2007) AND (production_year <= 2010))",
                                          "Rows Removed by Filter": 403097
                                        },
                                        {
                                          "Node Type": "Hash",
                                          "Parent Relationship": "Inner",
                                          "Parallel Aware": true,
                                          "Startup Cost": 38939.16,
                                          "Total Cost": 38939.16,
                                          "Plan Rows": 10943,
                                          "Plan Width": 4,
                                          "Actual Startup Time": 137.433,
                                          "Actual Total Time": 137.511,
                                          "Actual Rows": 35413,
                                          "Actual Loops": 5,
                                          "Hash Buckets": 262144,
                                          "Original Hash Buckets": 65536,
                                          "Hash Batches": 1,
                                          "Original Hash Batches": 1,
                                          "Peak Memory Usage": 10624,
                                          "Plans": [
                                            {
                                              "Node Type": "Hash Join",
                                              "Parent Relationship": "Outer",
                                              "Parallel Aware": true,
                                              "Join Type": "Inner",
                                              "Startup Cost": 5339.73,
                                              "Total Cost": 38939.16,
                                              "Plan Rows": 10943,
                                              "Plan Width": 4,
                                              "Actual Startup Time": 22.253,
                                              "Actual Total Time": 124.004,
                                              "Actual Rows": 35413,
                                              "Actual Loops": 5,
                                              "Inner Unique": true,
                                              "Hash Cond": "(mc.company_id = cn.id)",
                                              "Plans": [
                                                {
                                                  "Node Type": "Seq Scan",
                                                  "Parent Relationship": "Outer",
                                                  "Parallel Aware": true,
                                                  "Relation Name": "movie_companies",
                                                  "Alias": "mc",
                                                  "Startup Cost": 0.0,
                                                  "Total Cost": 33518.95,
                                                  "Plan Rows": 30656,
                                                  "Plan Width": 8,
                                                  "Actual Startup Time": 0.035,
                                                  "Actual Total Time": 92.616,
                                                  "Actual Rows": 39704,
                                                  "Actual Loops": 5,
                                                  "Filter": "((note ~~ '%(200%)%'::text) AND ((note ~~ '%(USA)%'::text) OR (note ~~ '%(worldwide)%'::text)))",
                                                  "Rows Removed by Filter": 482122
                                                },
                                                {
                                                  "Node Type": "Hash",
                                                  "Parent Relationship": "Inner",
                                                  "Parallel Aware": true,
                                                  "Startup Cost": 4722.92,
                                                  "Total Cost": 4722.92,
                                                  "Plan Rows": 49345,
                                                  "Plan Width": 4,
                                                  "Actual Startup Time": 21.734,
                                                  "Actual Total Time": 21.735,
                                                  "Actual Rows": 16969,
                                                  "Actual Loops": 5,
                                                  "Hash Buckets": 131072,
                                                  "Original Hash Buckets": 131072,
                                                  "Hash Batches": 1,
                                                  "Original Hash Batches": 1,
                                                  "Peak Memory Usage": 4384,
                                                  "Plans": [
                                                    {
                                                      "Node Type": "Seq Scan",
                                                      "Parent Relationship": "Outer",
                                                      "Parallel Aware": true,
                                                      "Relation Name": "company_name",
                                                      "Alias": "cn",
                                                      "Startup Cost": 0.0,
                                                      "Total Cost": 4722.92,
                                                      "Plan Rows": 49345,
                                                      "Plan Width": 4,
                                                      "Actual Startup Time": 0.041,
                                                      "Actual Total Time": 15.254,
                                                      "Actual Rows": 16969,
                                                      "Actual Loops": 5,
                                                      "Filter": "((country_code)::text = '[us]'::text)",
                                                      "Rows Removed by Filter": 30031
                                                    }
                                                  ]
                                                }
                                              ]
                                            }
                                          ]
                                        }
                                      ]
                                    },
                                    {
                                      "Node Type": "Bitmap Heap Scan",
                                      "Parent Relationship": "Inner",
                                      "Parallel Aware": false,
                                      "Relation Name": "cast_info",
                                      "Alias": "ci",
                                      "Startup Cost": 1.87,
                                      "Total Cost": 6.44,
                                      "Plan Rows": 1,
                                      "Plan Width": 16,
                                      "Actual Startup Time": 0.063,
                                      "Actual Total Time": 0.067,
                                      "Actual Rows": 1,
                                      "Actual Loops": 47009,
                                      "Recheck Cond": "(movie_id = t.id)",
                                      "Rows Removed by Index Recheck": 0,
                                      "Filter": "(note = '(voice)'::text)",
                                      "Rows Removed by Filter": 31,
                                      "Exact Heap Blocks": 286997,
                                      "Lossy Heap Blocks": 0,
                                      "Plans": [
                                        {
                                          "Node Type": "Bitmap Index Scan",
                                          "Parent Relationship": "Outer",
                                          "Parallel Aware": false,
                                          "Index Name": "movie_id_cast_info",
                                          "Startup Cost": 0.0,
                                          "Total Cost": 1.87,
                                          "Plan Rows": 38,
                                          "Plan Width": 0,
                                          "Actual Startup Time": 0.015,
                                          "Actual Total Time": 0.015,
                                          "Actual Rows": 32,
                                          "Actual Loops": 47009,
                                          "Index Cond": "(movie_id = t.id)"
                                        }
                                      ]
                                    }
                                  ]
                                },
                                {
                                  "Node Type": "Hash",
                                  "Parent Relationship": "Inner",
                                  "Parallel Aware": false,
                                  "Startup Cost": 1.15,
                                  "Total Cost": 1.15,
                                  "Plan Rows": 1,
                                  "Plan Width": 4,
                                  "Actual Startup Time": 0.072,
                                  "Actual Total Time": 0.072,
                                  "Actual Rows": 1,
                                  "Actual Loops": 5,
                                  "Hash Buckets": 1024,
                                  "Original Hash Buckets": 1024,
                                  "Hash Batches": 1,
                                  "Original Hash Batches": 1,
                                  "Peak Memory Usage": 9,
                                  "Plans": [
                                    {
                                      "Node Type": "Seq Scan",
                                      "Parent Relationship": "Outer",
                                      "Parallel Aware": false,
                                      "Relation Name": "role_type",
                                      "Alias": "rt",
                                      "Startup Cost": 0.0,
                                      "Total Cost": 1.15,
                                      "Plan Rows": 1,
                                      "Plan Width": 4,
                                      "Actual Startup Time": 0.051,
                                      "Actual Total Time": 0.055,
                                      "Actual Rows": 1,
                                      "Actual Loops": 5,
                                      "Filter": "((role)::text = 'actress'::text)",
                                      "Rows Removed by Filter": 11
                                    }
                                  ]
                                }
                              ]
                            },
                            {
                              "Node Type": "Bitmap Heap Scan",
                              "Parent Relationship": "Inner",
                              "Parallel Aware": false,
                              "Relation Name": "name",
                              "Alias": "n",
                              "Startup Cost": 0.52,
                              "Total Cost": 4.54,
                              "Plan Rows": 1,
                              "Plan Width": 19,
                              "Actual Startup Time": 0.008,
                              "Actual Total Time": 0.008,
                              "Actual Rows": 0,
                              "Actual Loops": 7565,
                              "Recheck Cond": "(id = ci.person_id)",
                              "Rows Removed by Index Recheck": 0,
                              "Filter": "((name ~~ '%Angel%'::text) AND ((gender)::text = 'f'::text))",
                              "Rows Removed by Filter": 1,
                              "Exact Heap Blocks": 1326,
                              "Lossy Heap Blocks": 0,
                              "Plans": [
                                {
                                  "Node Type": "Bitmap Index Scan",
                                  "Parent Relationship": "Outer",
                                  "Parallel Aware": false,
                                  "Index Name": "name_pkey",
                                  "Startup Cost": 0.0,
                                  "Total Cost": 0.52,
                                  "Plan Rows": 1,
                                  "Plan Width": 0,
                                  "Actual Startup Time": 0.005,
                                  "Actual Total Time": 0.005,
                                  "Actual Rows": 1,
                                  "Actual Loops": 7565,
                                  "Index Cond": "(id = ci.person_id)"
                                }
                              ]
                            }
                          ]
                        },
                        {
                          "Node Type": "Bitmap Heap Scan",
                          "Parent Relationship": "Inner",
                          "Parallel Aware": false,
                          "Relation Name": "aka_name",
                          "Alias": "an",
                          "Startup Cost": 0.46,
                          "Total Cost": 4.48,
                          "Plan Rows": 2,
                          "Plan Width": 20,
                          "Actual Startup Time": 0.032,
                          "Actual Total Time": 0.032,
                          "Actual Rows": 1,
                          "Actual Loops": 30,
                          "Recheck Cond": "(person_id = ci.person_id)",
                          "Rows Removed by Index Recheck": 0,
                          "Exact Heap Blocks": 7,
                          "Lossy Heap Blocks": 0,
                          "Plans": [
                            {
                              "Node Type": "Bitmap Index Scan",
                              "Parent Relationship": "Outer",
                              "Parallel Aware": false,
                              "Index Name": "person_id_aka_name",
                              "Startup Cost": 0.0,
                              "Total Cost": 0.46,
                              "Plan Rows": 2,
                              "Plan Width": 0,
                              "Actual Startup Time": 0.026,
                              "Actual Total Time": 0.026,
                              "Actual Rows": 1,
                              "Actual Loops": 30,
                              "Index Cond": "(person_id = ci.person_id)"
                            }
                          ]
                        }
                      ]
                    },
                    {
                      "Node Type": "Bitmap Heap Scan",
                      "Parent Relationship": "Inner",
                      "Parallel Aware": false,
                      "Relation Name": "char_name",
                      "Alias": "chn",
                      "Startup Cost": 0.5,
                      "Total Cost": 4.51,
                      "Plan Rows": 1,
                      "Plan Width": 20,
                      "Actual Startup Time": 0.013,
                      "Actual Total Time": 0.013,
                      "Actual Rows": 1,
                      "Actual Loops": 40,
                      "Recheck Cond": "(id = ci.person_role_id)",
                      "Rows Removed by Index Recheck": 0,
                      "Exact Heap Blocks": 7,
                      "Lossy Heap Blocks": 0,
                      "Plans": [
                        {
                          "Node Type": "Bitmap Index Scan",
                          "Parent Relationship": "Outer",
                          "Parallel Aware": false,
                          "Index Name": "char_name_pkey",
                          "Startup Cost": 0.0,
                          "Total Cost": 0.5,
                          "Plan Rows": 1,
                          "Plan Width": 0,
                          "Actual Startup Time": 0.009,
                          "Actual Total Time": 0.009,
                          "Actual Rows": 1,
                          "Actual Loops": 40,
                          "Index Cond": "(id = ci.person_role_id)"
                        }
                      ]
                    }
                  ]
                }
              ]
            }
          ]
        }
      ]
    },
    "Planning Time": 18.693,
    "Triggers": [],
    "Execution Time": 1005.678
  }
]