[
  {
    "Plan": {
      "Node Type": "Aggregate",
      "Strategy": "Plain",
      "Partial Mode": "Finalize",
      "Parallel Aware": false,
      "Startup Cost": 93415.33,
      "Total Cost": 93415.34,
      "Plan Rows": 1,
      "Plan Width": 8,
      "Actual Startup Time": 541.346,
      "Actual Total Time": 560.504,
      "Actual Rows": 1,
      "Actual Loops": 1,
      "Plans": [
        {
          "Node Type": "Gather",
          "Parent Relationship": "Outer",
          "Parallel Aware": false,
          "Startup Cost": 93415.01,
          "Total Cost": 93415.32,
          "Plan Rows": 3,
          "Plan Width": 8,
          "Actual Startup Time": 521.433,
          "Actual Total Time": 560.493,
          "Actual Rows": 4,
          "Actual Loops": 1,
          "Workers Planned": 3,
          "Workers Launched": 3,
          "Single Copy": false,
          "Plans": [
            {
              "Node Type": "Aggregate",
              "Strategy": "Plain",
              "Partial Mode": "Partial",
              "Parent Relationship": "Outer",
              "Parallel Aware": false,
              "Startup Cost": 92415.01,
              "Total Cost": 92415.02,
              "Plan Rows": 1,
              "Plan Width": 8,
              "Actual Startup Time": 507.697,
              "Actual Total Time": 507.703,
              "Actual Rows": 1,
              "Actual Loops": 4,
              "Plans": [
                {
                  "Node Type": "Hash Join",
                  "Parent Relationship": "Outer",
                  "Parallel Aware": true,
                  "Join Type": "Inner",
                  "Startup Cost": 64211.65,
                  "Total Cost": 91883.18,
                  "Plan Rows": 212730,
                  "Plan Width": 0,
                  "Actual Startup Time": 379.762,
                  "Actual Total Time": 500.024,
                  "Actual Rows": 166065,
                  "Actual Loops": 4,
                  "Inner Unique": true,
                  "Hash Cond": "(mk.movie_id = t.id)",
                  "Plans": [
                    {
                      "Node Type": "Bitmap Heap Scan",
                      "Parent Relationship": "Outer",
                      "Parallel Aware": true,
                      "Relation Name": "movie_keyword",
                      "Alias": "mk",
                      "Startup Cost": 13991.26,
                      "Total Cost": 41104.38,
                      "Plan Rows": 212730,
                      "Plan Width": 4,
                      "Actual Startup Time": 34.556,
                      "Actual Total Time": 93.755,
                      "Actual Rows": 166065,
                      "Actual Loops": 4,
                      "Recheck Cond": "(keyword_id < 519)",
                      "Rows Removed by Index Recheck": 0,
                      "Exact Heap Blocks": 7148,
                      "Lossy Heap Blocks": 0,
                      "Plans": [
                        {
                          "Node Type": "Bitmap Index Scan",
                          "Parent Relationship": "Outer",
                          "Parallel Aware": false,
                          "Index Name": "keyword_id_movie_keyword",
                          "Startup Cost": 0.0,
                          "Total Cost": 13826.4,
                          "Plan Rows": 659462,
                          "Plan Width": 0,
                          "Actual Startup Time": 30.958,
                          "Actual Total Time": 30.959,
                          "Actual Rows": 664261,
                          "Actual Loops": 1,
                          "Index Cond": "(keyword_id < 519)"
                        }
                      ]
                    },
                    {
                      "Node Type": "Hash",
                      "Parent Relationship": "Inner",
                      "Parallel Aware": true,
                      "Startup Cost": 42319.06,
                      "Total Cost": 42319.06,
                      "Plan Rows": 632106,
                      "Plan Width": 4,
                      "Actual Startup Time": 337.189,
                      "Actual Total Time": 337.19,
                      "Actual Rows": 632078,
                      "Actual Loops": 4,
                      "Hash Buckets": 4194304,
                      "Original Hash Buckets": 4194304,
                      "Hash Batches": 1,
                      "Original Hash Batches": 1,
                      "Peak Memory Usage": 131744,
                      "Plans": [
                        {
                          "Node Type": "Seq Scan",
                          "Parent Relationship": "Outer",
                          "Parallel Aware": true,
                          "Relation Name": "title",
                          "Alias": "t",
                          "Startup Cost": 0.0,
                          "Total Cost": 42319.06,
                          "Plan Rows": 632106,
                          "Plan Width": 4,
                          "Actual Startup Time": 0.031,
                          "Actual Total Time": 98.463,
                          "Actual Rows": 632078,
                          "Actual Loops": 4
                        }
                      ]
                    }
                  ]
                }
              ]
            }
          ]
        }
      ]
    },
    "Planning Time": 0.285,
    "Triggers": [],
    "Execution Time": 560.554
  }
]