[
  {
    "Plan": {
      "Node Type": "Aggregate",
      "Strategy": "Plain",
      "Partial Mode": "Finalize",
      "Parallel Aware": false,
      "Startup Cost": 46508.71,
      "Total Cost": 46508.72,
      "Plan Rows": 1,
      "Plan Width": 8,
      "Actual Startup Time": 85.203,
      "Actual Total Time": 96.937,
      "Actual Rows": 1,
      "Actual Loops": 1,
      "Plans": [
        {
          "Node Type": "Gather",
          "Parent Relationship": "Outer",
          "Parallel Aware": false,
          "Startup Cost": 46508.29,
          "Total Cost": 46508.7,
          "Plan Rows": 4,
          "Plan Width": 8,
          "Actual Startup Time": 84.891,
          "Actual Total Time": 96.911,
          "Actual Rows": 5,
          "Actual Loops": 1,
          "Workers Planned": 4,
          "Workers Launched": 4,
          "Single Copy": false,
          "Plans": [
            {
              "Node Type": "Aggregate",
              "Strategy": "Plain",
              "Partial Mode": "Partial",
              "Parent Relationship": "Outer",
              "Parallel Aware": false,
              "Startup Cost": 45508.29,
              "Total Cost": 45508.3,
              "Plan Rows": 1,
              "Plan Width": 8,
              "Actual Startup Time": 78.686,
              "Actual Total Time": 78.687,
              "Actual Rows": 1,
              "Actual Loops": 5,
              "Plans": [
                {
                  "Node Type": "Seq Scan",
                  "Parent Relationship": "Outer",
                  "Parallel Aware": true,
                  "Relation Name": "title",
                  "Alias": "t",
                  "Startup Cost": 0.0,
                  "Total Cost": 45479.59,
                  "Plan Rows": 11480,
                  "Plan Width": 0,
                  "Actual Startup Time": 0.057,
                  "Actual Total Time": 77.979,
                  "Actual Rows": 8311,
                  "Actual Loops": 5,
                  "Filter": "((kind_id > 3) AND (production_year > 2012))",
                  "Rows Removed by Filter": 497351
                }
              ]
            }
          ]
        }
      ]
    },
    "Planning Time": 0.086,
    "Triggers": [],
    "Execution Time": 96.965
  }
]