{
  "Plan": {
    "Node Type": "Aggregate",
    "Strategy": "Plain",
    "Partial Mode": "Finalize",
    "Parallel Aware": false,
    "Startup Cost": 149665.23,
    "Total Cost": 149665.24,
    "Plan Rows": 1,
    "Plan Width": 8,
    "Actual Startup Time": 1020.169,
    "Actual Total Time": 1038.442,
    "Actual Rows": 1,
    "Actual Loops": 1,
    "Plans": [
      {
        "Node Type": "Gather",
        "Parent Relationship": "Outer",
        "Parallel Aware": false,
        "Startup Cost": 149665.11,
        "Total Cost": 149665.22,
        "Plan Rows": 1,
        "Plan Width": 8,
        "Actual Startup Time": 1016.594,
        "Actual Total Time": 1038.427,
        "Actual Rows": 2,
        "Actual Loops": 1,
        "Workers Planned": 1,
        "Workers Launched": 1,
        "Single Copy": false,
        "Plans": [
          {
            "Node Type": "Aggregate",
            "Strategy": "Plain",
            "Partial Mode": "Partial",
            "Parent Relationship": "Outer",
            "Parallel Aware": false,
            "Startup Cost": 148665.11,
            "Total Cost": 148665.12,
            "Plan Rows": 1,
            "Plan Width": 8,
            "Actual Startup Time": 1011.305,
            "Actual Total Time": 1012.347,
            "Actual Rows": 1,
            "Actual Loops": 2,
            "Plans": [
              {
                "Node Type": "Hash Join",
                "Parent Relationship": "Outer",
                "Parallel Aware": true,
                "Join Type": "Inner",
                "Startup Cost": 127618.77,
                "Total Cost": 148385.75,
                "Plan Rows": 111746,
                "Plan Width": 0,
                "Actual Startup Time": 768.438,
                "Actual Total Time": 976.36,
                "Actual Rows": 739714,
                "Actual Loops": 2,
                "Inner Unique": false,
                "Hash Cond": "(mi_idx.movie_id = t.id)",
                "Plans": [
                  {
                    "Node Type": "Seq Scan",
                    "Parent Relationship": "Outer",
                    "Parallel Aware": true,
                    "Relation Name": "movie_info_idx",
                    "Alias": "mi_idx",
                    "Startup Cost": 0.0,
                    "Total Cost": 18082.32,
                    "Plan Rows": 540622,
                    "Plan Width": 4,
                    "Actual Startup Time": 0.028,
                    "Actual Total Time": 70.764,
                    "Actual Rows": 459925,
                    "Actual Loops": 2,
                    "Filter": "(info_type_id < 101)",
                    "Rows Removed by Filter": 230092
                  },
                  {
                    "Node Type": "Hash",
                    "Parent Relationship": "Inner",
                    "Parallel Aware": true,
                    "Startup Cost": 123776.16,
                    "Total Cost": 123776.16,
                    "Plan Rows": 307409,
                    "Plan Width": 8,
                    "Actual Startup Time": 763.176,
                    "Actual Total Time": 764.216,
                    "Actual Rows": 432291,
                    "Actual Loops": 2,
                    "Hash Buckets": 1048576,
                    "Original Hash Buckets": 524288,
                    "Hash Batches": 1,
                    "Original Hash Batches": 1,
                    "Peak Memory Usage": 46144,
                    "Plans": [
                      {
                        "Node Type": "Hash Join",
                        "Parent Relationship": "Outer",
                        "Parallel Aware": true,
                        "Join Type": "Inner",
                        "Startup Cost": 62323.41,
                        "Total Cost": 123776.16,
                        "Plan Rows": 307409,
                        "Plan Width": 8,
                        "Actual Startup Time": 245.222,
                        "Actual Total Time": 651.444,
                        "Actual Rows": 432291,
                        "Actual Loops": 2,
                        "Inner Unique": true,
                        "Hash Cond": "(mk.movie_id = t.id)",
                        "Plans": [
                          {
                            "Node Type": "Seq Scan",
                            "Parent Relationship": "Outer",
                            "Parallel Aware": true,
                            "Relation Name": "movie_keyword",
                            "Alias": "mk",
                            "Startup Cost": 0.0,
                            "Total Cost": 57718.19,
                            "Plan Rows": 1422686,
                            "Plan Width": 4,
                            "Actual Startup Time": 0.016,
                            "Actual Total Time": 228.276,
                            "Actual Rows": 1210664,
                            "Actual Loops": 2,
                            "Filter": "(keyword_id < 5712)",
                            "Rows Removed by Filter": 1051300
                          },
                          {
                            "Node Type": "Hash",
                            "Parent Relationship": "Inner",
                            "Parallel Aware": true,
                            "Startup Cost": 58306.47,
                            "Total Cost": 58306.47,
                            "Plan Rows": 321355,
                            "Plan Width": 4,
                            "Actual Startup Time": 239.456,
                            "Actual Total Time": 239.458,
                            "Actual Rows": 211938,
                            "Actual Loops": 2,
                            "Hash Buckets": 1048576,
                            "Original Hash Buckets": 1048576,
                            "Hash Batches": 1,
                            "Original Hash Batches": 1,
                            "Peak Memory Usage": 24800,
                            "Plans": [
                              {
                                "Node Type": "Seq Scan",
                                "Parent Relationship": "Outer",
                                "Parallel Aware": true,
                                "Relation Name": "title",
                                "Alias": "t",
                                "Startup Cost": 0.0,
                                "Total Cost": 58306.47,
                                "Plan Rows": 321355,
                                "Plan Width": 4,
                                "Actual Startup Time": 0.038,
                                "Actual Total Time": 165.034,
                                "Actual Rows": 211938,
                                "Actual Loops": 2,
                                "Filter": "((kind_id < 4) AND (production_year > 1995))",
                                "Rows Removed by Filter": 1052218
                              }
                            ]
                          }
                        ]
                      }
                    ]
                  }
                ]
              }
            ]
          }
        ]
      }
    ]
  },
  "Planning Time": 0.804,
  "Triggers": [],
  "Execution Time": 1038.513
}