[
  {
    "Plan": {
      "Node Type": "Aggregate",
      "Strategy": "Plain",
      "Partial Mode": "Finalize",
      "Parallel Aware": false,
      "Startup Cost": 31623.16,
      "Total Cost": 31623.17,
      "Plan Rows": 1,
      "Plan Width": 8,
      "Actual Startup Time": 108.974,
      "Actual Total Time": 114.651,
      "Actual Rows": 1,
      "Actual Loops": 1,
      "Plans": [
        {
          "Node Type": "Gather",
          "Parent Relationship": "Outer",
          "Parallel Aware": false,
          "Startup Cost": 31622.84,
          "Total Cost": 31623.15,
          "Plan Rows": 3,
          "Plan Width": 8,
          "Actual Startup Time": 108.847,
          "Actual Total Time": 114.643,
          "Actual Rows": 4,
          "Actual Loops": 1,
          "Workers Planned": 3,
          "Workers Launched": 3,
          "Single Copy": false,
          "Plans": [
            {
              "Node Type": "Aggregate",
              "Strategy": "Plain",
              "Partial Mode": "Partial",
              "Parent Relationship": "Outer",
              "Parallel Aware": false,
              "Startup Cost": 30622.84,
              "Total Cost": 30622.85,
              "Plan Rows": 1,
              "Plan Width": 8,
              "Actual Startup Time": 102.833,
              "Actual Total Time": 102.834,
              "Actual Rows": 1,
              "Actual Loops": 4,
              "Plans": [
                {
                  "Node Type": "Seq Scan",
                  "Parent Relationship": "Outer",
                  "Parallel Aware": true,
                  "Relation Name": "movie_companies",
                  "Alias": "mc",
                  "Startup Cost": 0.0,
                  "Total Cost": 29310.68,
                  "Plan Rows": 524865,
                  "Plan Width": 0,
                  "Actual Startup Time": 4.983,
                  "Actual Total Time": 83.709,
                  "Actual Rows": 406119,
                  "Actual Loops": 4,
                  "Filter": "(company_id > 4473)",
                  "Rows Removed by Filter": 246163
                }
              ]
            }
          ]
        }
      ]
    },
    "Planning Time": 0.233,
    "Triggers": [],
    "Execution Time": 114.703
  }
]