[
  {
    "Plan": {
      "Node Type": "Aggregate",
      "Strategy": "Plain",
      "Partial Mode": "Finalize",
      "Parallel Aware": false,
      "Startup Cost": 84967.7,
      "Total Cost": 84967.71,
      "Plan Rows": 1,
      "Plan Width": 8,
      "Actual Startup Time": 332.227,
      "Actual Total Time": 349.35,
      "Actual Rows": 1,
      "Actual Loops": 1,
      "Plans": [
        {
          "Node Type": "Gather",
          "Parent Relationship": "Outer",
          "Parallel Aware": false,
          "Startup Cost": 84967.49,
          "Total Cost": 84967.7,
          "Plan Rows": 2,
          "Plan Width": 8,
          "Actual Startup Time": 331.254,
          "Actual Total Time": 349.34,
          "Actual Rows": 3,
          "Actual Loops": 1,
          "Workers Planned": 2,
          "Workers Launched": 2,
          "Single Copy": false,
          "Plans": [
            {
              "Node Type": "Aggregate",
              "Strategy": "Plain",
              "Partial Mode": "Partial",
              "Parent Relationship": "Outer",
              "Parallel Aware": false,
              "Startup Cost": 83967.49,
              "Total Cost": 83967.5,
              "Plan Rows": 1,
              "Plan Width": 8,
              "Actual Startup Time": 323.173,
              "Actual Total Time": 323.177,
              "Actual Rows": 1,
              "Actual Loops": 3,
              "Plans": [
                {
                  "Node Type": "Nested Loop",
                  "Parent Relationship": "Outer",
                  "Parallel Aware": false,
                  "Join Type": "Inner",
                  "Startup Cost": 44403.16,
                  "Total Cost": 83872.89,
                  "Plan Rows": 37839,
                  "Plan Width": 0,
                  "Actual Startup Time": 140.08,
                  "Actual Total Time": 320.032,
                  "Actual Rows": 61859,
                  "Actual Loops": 3,
                  "Inner Unique": false,
                  "Join Filter": "(t.id = mc.movie_id)",
                  "Rows Removed by Join Filter": 0,
                  "Plans": [
                    {
                      "Node Type": "Hash Join",
                      "Parent Relationship": "Outer",
                      "Parallel Aware": true,
                      "Join Type": "Inner",
                      "Startup Cost": 44402.73,
                      "Total Cost": 59597.29,
                      "Plan Rows": 36667,
                      "Plan Width": 8,
                      "Actual Startup Time": 139.984,
                      "Actual Total Time": 237.762,
                      "Actual Rows": 20685,
                      "Actual Loops": 3,
                      "Inner Unique": true,
                      "Hash Cond": "(mi_idx.movie_id = t.id)",
                      "Plans": [
                        {
                          "Node Type": "Seq Scan",
                          "Parent Relationship": "Outer",
                          "Parallel Aware": true,
                          "Relation Name": "movie_info_idx",
                          "Alias": "mi_idx",
                          "Startup Cost": 0.0,
                          "Total Cost": 13685.15,
                          "Plan Rows": 575015,
                          "Plan Width": 4,
                          "Actual Startup Time": 0.028,
                          "Actual Total Time": 38.941,
                          "Actual Rows": 460012,
                          "Actual Loops": 3
                        },
                        {
                          "Node Type": "Hash",
                          "Parent Relationship": "Inner",
                          "Parallel Aware": true,
                          "Startup Cost": 43898.92,
                          "Total Cost": 43898.92,
                          "Plan Rows": 40305,
                          "Plan Width": 4,
                          "Actual Startup Time": 137.104,
                          "Actual Total Time": 137.106,
                          "Actual Rows": 53339,
                          "Actual Loops": 3,
                          "Hash Buckets": 262144,
                          "Original Hash Buckets": 262144,
                          "Hash Batches": 1,
                          "Original Hash Batches": 1,
                          "Peak Memory Usage": 8352,
                          "Plans": [
                            {
                              "Node Type": "Seq Scan",
                              "Parent Relationship": "Outer",
                              "Parallel Aware": true,
                              "Relation Name": "title",
                              "Alias": "t",
                              "Startup Cost": 0.0,
                              "Total Cost": 43898.92,
                              "Plan Rows": 40305,
                              "Plan Width": 4,
                              "Actual Startup Time": 0.043,
                              "Actual Total Time": 116.711,
                              "Actual Rows": 53339,
                              "Actual Loops": 3,
                              "Filter": "(production_year = 2011)",
                              "Rows Removed by Filter": 789432
                            }
                          ]
                        }
                      ]
                    },
                    {
                      "Node Type": "Index Only Scan",
                      "Parent Relationship": "Inner",
                      "Parallel Aware": false,
                      "Scan Direction": "Forward",
                      "Index Name": "movie_id_movie_companies",
                      "Relation Name": "movie_companies",
                      "Alias": "mc",
                      "Startup Cost": 0.43,
                      "Total Cost": 0.6,
                      "Plan Rows": 5,
                      "Plan Width": 4,
                      "Actual Startup Time": 0.003,
                      "Actual Total Time": 0.003,
                      "Actual Rows": 3,
                      "Actual Loops": 62055,
                      "Index Cond": "(movie_id = mi_idx.movie_id)",
                      "Rows Removed by Index Recheck": 0,
                      "Heap Fetches": 185578
                    }
                  ]
                }
              ]
            }
          ]
        }
      ]
    },
    "Planning Time": 1.427,
    "Triggers": [],
    "Execution Time": 349.439
  }
]