{
  "Plan": {
    "Node Type": "Aggregate",
    "Strategy": "Plain",
    "Partial Mode": "Finalize",
    "Parallel Aware": false,
    "Startup Cost": 237516.8,
    "Total Cost": 237516.81,
    "Plan Rows": 1,
    "Plan Width": 8,
    "Actual Startup Time": 1703.978,
    "Actual Total Time": 1769.458,
    "Actual Rows": 1,
    "Actual Loops": 1,
    "Plans": [
      {
        "Node Type": "Gather",
        "Parent Relationship": "Outer",
        "Parallel Aware": false,
        "Startup Cost": 237516.68,
        "Total Cost": 237516.79,
        "Plan Rows": 1,
        "Plan Width": 8,
        "Actual Startup Time": 1703.478,
        "Actual Total Time": 1769.448,
        "Actual Rows": 2,
        "Actual Loops": 1,
        "Workers Planned": 1,
        "Workers Launched": 1,
        "Single Copy": false,
        "Plans": [
          {
            "Node Type": "Aggregate",
            "Strategy": "Plain",
            "Partial Mode": "Partial",
            "Parent Relationship": "Outer",
            "Parallel Aware": false,
            "Startup Cost": 236516.68,
            "Total Cost": 236516.69,
            "Plan Rows": 1,
            "Plan Width": 8,
            "Actual Startup Time": 1697.106,
            "Actual Total Time": 1697.11,
            "Actual Rows": 1,
            "Actual Loops": 2,
            "Plans": [
              {
                "Node Type": "Nested Loop",
                "Parent Relationship": "Outer",
                "Parallel Aware": false,
                "Join Type": "Inner",
                "Startup Cost": 55411.27,
                "Total Cost": 235929.26,
                "Plan Rows": 234971,
                "Plan Width": 0,
                "Actual Startup Time": 161.261,
                "Actual Total Time": 1672.691,
                "Actual Rows": 540762,
                "Actual Loops": 2,
                "Inner Unique": false,
                "Join Filter": "(t.id = ci.movie_id)",
                "Rows Removed by Join Filter": 0,
                "Plans": [
                  {
                    "Node Type": "Hash Join",
                    "Parent Relationship": "Outer",
                    "Parallel Aware": true,
                    "Join Type": "Inner",
                    "Startup Cost": 55410.7,
                    "Total Cost": 93577.33,
                    "Plan Rows": 67889,
                    "Plan Width": 8,
                    "Actual Startup Time": 159.91,
                    "Actual Total Time": 441.877,
                    "Actual Rows": 49397,
                    "Actual Loops": 2,
                    "Inner Unique": true,
                    "Hash Cond": "(mc.movie_id = t.id)",
                    "Plans": [
                      {
                        "Node Type": "Seq Scan",
                        "Parent Relationship": "Outer",
                        "Parallel Aware": true,
                        "Relation Name": "movie_companies",
                        "Alias": "mc",
                        "Startup Cost": 0.0,
                        "Total Cost": 34137.82,
                        "Plan Rows": 1534782,
                        "Plan Width": 4,
                        "Actual Startup Time": 0.012,
                        "Actual Total Time": 95.861,
                        "Actual Rows": 1304564,
                        "Actual Loops": 2
                      },
                      {
                        "Node Type": "Hash",
                        "Parent Relationship": "Inner",
                        "Parallel Aware": true,
                        "Startup Cost": 54588.39,
                        "Total Cost": 54588.39,
                        "Plan Rows": 65785,
                        "Plan Width": 4,
                        "Actual Startup Time": 157.395,
                        "Actual Total Time": 157.396,
                        "Actual Rows": 54214,
                        "Actual Loops": 2,
                        "Hash Buckets": 131072,
                        "Original Hash Buckets": 131072,
                        "Hash Batches": 1,
                        "Original Hash Batches": 1,
                        "Peak Memory Usage": 5312,
                        "Plans": [
                          {
                            "Node Type": "Seq Scan",
                            "Parent Relationship": "Outer",
                            "Parallel Aware": true,
                            "Relation Name": "title",
                            "Alias": "t",
                            "Startup Cost": 0.0,
                            "Total Cost": 54588.39,
                            "Plan Rows": 65785,
                            "Plan Width": 4,
                            "Actual Startup Time": 0.042,
                            "Actual Total Time": 141.745,
                            "Actual Rows": 54214,
                            "Actual Loops": 2,
                            "Filter": "(production_year = 2006)",
                            "Rows Removed by Filter": 1209942
                          }
                        ]
                      }
                    ]
                  },
                  {
                    "Node Type": "Index Scan",
                    "Parent Relationship": "Inner",
                    "Parallel Aware": false,
                    "Scan Direction": "Forward",
                    "Index Name": "movie_id_cast_info",
                    "Relation Name": "cast_info",
                    "Alias": "ci",
                    "Startup Cost": 0.56,
                    "Total Cost": 1.98,
                    "Plan Rows": 9,
                    "Plan Width": 4,
                    "Actual Startup Time": 0.005,
                    "Actual Total Time": 0.024,
                    "Actual Rows": 11,
                    "Actual Loops": 98794,
                    "Index Cond": "(movie_id = mc.movie_id)",
                    "Rows Removed by Index Recheck": 0,
                    "Filter": "((person_id < 2638119) AND (role_id = 1))",
                    "Rows Removed by Filter": 26
                  }
                ]
              }
            ]
          }
        ]
      }
    ]
  },
  "Planning Time": 0.981,
  "Triggers": [],
  "Execution Time": 1769.564
}