{
  "Plan": {
    "Node Type": "Aggregate",
    "Strategy": "Plain",
    "Partial Mode": "Finalize",
    "Parallel Aware": false,
    "Startup Cost": 93391.67,
    "Total Cost": 93391.68,
    "Plan Rows": 1,
    "Plan Width": 8,
    "Actual Startup Time": 453.144,
    "Actual Total Time": 468.605,
    "Actual Rows": 1,
    "Actual Loops": 1,
    "Plans": [
      {
        "Node Type": "Gather",
        "Parent Relationship": "Outer",
        "Parallel Aware": false,
        "Startup Cost": 93391.56,
        "Total Cost": 93391.67,
        "Plan Rows": 1,
        "Plan Width": 8,
        "Actual Startup Time": 451.975,
        "Actual Total Time": 468.594,
        "Actual Rows": 2,
        "Actual Loops": 1,
        "Workers Planned": 1,
        "Workers Launched": 1,
        "Single Copy": false,
        "Plans": [
          {
            "Node Type": "Aggregate",
            "Strategy": "Plain",
            "Partial Mode": "Partial",
            "Parent Relationship": "Outer",
            "Parallel Aware": false,
            "Startup Cost": 92391.56,
            "Total Cost": 92391.57,
            "Plan Rows": 1,
            "Plan Width": 8,
            "Actual Startup Time": 445.978,
            "Actual Total Time": 445.982,
            "Actual Rows": 1,
            "Actual Loops": 2,
            "Plans": [
              {
                "Node Type": "Hash Join",
                "Parent Relationship": "Outer",
                "Parallel Aware": true,
                "Join Type": "Inner",
                "Startup Cost": 31330.44,
                "Total Cost": 92124.45,
                "Plan Rows": 106845,
                "Plan Width": 0,
                "Actual Startup Time": 123.911,
                "Actual Total Time": 439.884,
                "Actual Rows": 140193,
                "Actual Loops": 2,
                "Inner Unique": false,
                "Hash Cond": "(t.id = mc.movie_id)",
                "Plans": [
                  {
                    "Node Type": "Seq Scan",
                    "Parent Relationship": "Outer",
                    "Parallel Aware": true,
                    "Relation Name": "title",
                    "Alias": "t",
                    "Startup Cost": 0.0,
                    "Total Cost": 50870.31,
                    "Plan Rows": 1487231,
                    "Plan Width": 4,
                    "Actual Startup Time": 0.009,
                    "Actual Total Time": 117.666,
                    "Actual Rows": 1264156,
                    "Actual Loops": 2
                  },
                  {
                    "Node Type": "Hash",
                    "Parent Relationship": "Inner",
                    "Parallel Aware": true,
                    "Startup Cost": 29994.88,
                    "Total Cost": 29994.88,
                    "Plan Rows": 106845,
                    "Plan Width": 4,
                    "Actual Startup Time": 120.446,
                    "Actual Total Time": 120.448,
                    "Actual Rows": 140193,
                    "Actual Loops": 2,
                    "Hash Buckets": 524288,
                    "Original Hash Buckets": 262144,
                    "Hash Batches": 1,
                    "Original Hash Batches": 1,
                    "Peak Memory Usage": 17152,
                    "Plans": [
                      {
                        "Node Type": "Bitmap Heap Scan",
                        "Parent Relationship": "Outer",
                        "Parallel Aware": true,
                        "Relation Name": "movie_companies",
                        "Alias": "mc",
                        "Startup Cost": 7949.18,
                        "Total Cost": 29994.88,
                        "Plan Rows": 106845,
                        "Plan Width": 4,
                        "Actual Startup Time": 31.08,
                        "Actual Total Time": 86.285,
                        "Actual Rows": 140193,
                        "Actual Loops": 2,
                        "Recheck Cond": "(company_id < 187)",
                        "Rows Removed by Index Recheck": 0,
                        "Filter": "(company_type_id < 2)",
                        "Rows Removed by Filter": 41584,
                        "Exact Heap Blocks": 11775,
                        "Lossy Heap Blocks": 0,
                        "Plans": [
                          {
                            "Node Type": "Bitmap Index Scan",
                            "Parent Relationship": "Outer",
                            "Parallel Aware": false,
                            "Index Name": "company_id_movie_companies",
                            "Startup Cost": 0.0,
                            "Total Cost": 7903.77,
                            "Plan Rows": 368979,
                            "Plan Width": 0,
                            "Actual Startup Time": 29.924,
                            "Actual Total Time": 29.924,
                            "Actual Rows": 363553,
                            "Actual Loops": 1,
                            "Index Cond": "(company_id < 187)"
                          }
                        ]
                      }
                    ]
                  }
                ]
              }
            ]
          }
        ]
      }
    ]
  },
  "Planning Time": 0.716,
  "Triggers": [],
  "Execution Time": 468.698
}