[
  {
    "Plan": {
      "Node Type": "Aggregate",
      "Strategy": "Plain",
      "Partial Mode": "Finalize",
      "Parallel Aware": false,
      "Startup Cost": 405192.02,
      "Total Cost": 405192.03,
      "Plan Rows": 1,
      "Plan Width": 8,
      "Actual Startup Time": 2213.754,
      "Actual Total Time": 2276.812,
      "Actual Rows": 1,
      "Actual Loops": 1,
      "Plans": [
        {
          "Node Type": "Gather",
          "Parent Relationship": "Outer",
          "Parallel Aware": false,
          "Startup Cost": 405191.4,
          "Total Cost": 405192.01,
          "Plan Rows": 6,
          "Plan Width": 8,
          "Actual Startup Time": 2194.655,
          "Actual Total Time": 2276.795,
          "Actual Rows": 7,
          "Actual Loops": 1,
          "Workers Planned": 6,
          "Workers Launched": 6,
          "Single Copy": false,
          "Plans": [
            {
              "Node Type": "Aggregate",
              "Strategy": "Plain",
              "Partial Mode": "Partial",
              "Parent Relationship": "Outer",
              "Parallel Aware": false,
              "Startup Cost": 404191.4,
              "Total Cost": 404191.41,
              "Plan Rows": 1,
              "Plan Width": 8,
              "Actual Startup Time": 2178.439,
              "Actual Total Time": 2178.451,
              "Actual Rows": 1,
              "Actual Loops": 7,
              "Plans": [
                {
                  "Node Type": "Hash Join",
                  "Parent Relationship": "Outer",
                  "Parallel Aware": true,
                  "Join Type": "Inner",
                  "Startup Cost": 50220.38,
                  "Total Cost": 398993.97,
                  "Plan Rows": 2078972,
                  "Plan Width": 0,
                  "Actual Startup Time": 666.007,
                  "Actual Total Time": 2064.578,
                  "Actual Rows": 1978477,
                  "Actual Loops": 7,
                  "Inner Unique": true,
                  "Hash Cond": "(ci.movie_id = t.id)",
                  "Plans": [
                    {
                      "Node Type": "Seq Scan",
                      "Parent Relationship": "Outer",
                      "Parallel Aware": true,
                      "Relation Name": "cast_info",
                      "Alias": "ci",
                      "Startup Cost": 0.0,
                      "Total Cost": 343316.27,
                      "Plan Rows": 2078972,
                      "Plan Width": 4,
                      "Actual Startup Time": 394.797,
                      "Actual Total Time": 828.841,
                      "Actual Rows": 1978477,
                      "Actual Loops": 7,
                      "Filter": "((person_id > 798810) AND (role_id > 2))",
                      "Rows Removed by Filter": 3199287
                    },
                    {
                      "Node Type": "Hash",
                      "Parent Relationship": "Inner",
                      "Parallel Aware": true,
                      "Startup Cost": 42319.06,
                      "Total Cost": 42319.06,
                      "Plan Rows": 632106,
                      "Plan Width": 4,
                      "Actual Startup Time": 265.647,
                      "Actual Total Time": 265.656,
                      "Actual Rows": 361187,
                      "Actual Loops": 7,
                      "Hash Buckets": 4194304,
                      "Original Hash Buckets": 4194304,
                      "Hash Batches": 1,
                      "Original Hash Batches": 1,
                      "Peak Memory Usage": 131776,
                      "Plans": [
                        {
                          "Node Type": "Seq Scan",
                          "Parent Relationship": "Outer",
                          "Parallel Aware": true,
                          "Relation Name": "title",
                          "Alias": "t",
                          "Startup Cost": 0.0,
                          "Total Cost": 42319.06,
                          "Plan Rows": 632106,
                          "Plan Width": 4,
                          "Actual Startup Time": 0.026,
                          "Actual Total Time": 86.208,
                          "Actual Rows": 361187,
                          "Actual Loops": 7
                        }
                      ]
                    }
                  ]
                }
              ]
            }
          ]
        }
      ]
    },
    "Planning Time": 0.476,
    "Triggers": [],
    "Execution Time": 2276.869
  }
]