{
  "Plan": {
    "Node Type": "Aggregate",
    "Strategy": "Plain",
    "Partial Mode": "Simple",
    "Parallel Aware": false,
    "Startup Cost": 1144.07,
    "Total Cost": 1144.08,
    "Plan Rows": 1,
    "Plan Width": 8,
    "Actual Startup Time": 22.226,
    "Actual Total Time": 22.228,
    "Actual Rows": 1,
    "Actual Loops": 1,
    "Plans": [
      {
        "Node Type": "Nested Loop",
        "Parent Relationship": "Outer",
        "Parallel Aware": false,
        "Join Type": "Inner",
        "Startup Cost": 0.86,
        "Total Cost": 1143.92,
        "Plan Rows": 58,
        "Plan Width": 0,
        "Actual Startup Time": 0.186,
        "Actual Total Time": 21.998,
        "Actual Rows": 982,
        "Actual Loops": 1,
        "Inner Unique": true,
        "Plans": [
          {
            "Node Type": "Index Scan",
            "Parent Relationship": "Outer",
            "Parallel Aware": false,
            "Scan Direction": "Forward",
            "Index Name": "company_id_movie_companies",
            "Relation Name": "movie_companies",
            "Alias": "mc",
            "Startup Cost": 0.43,
            "Total Cost": 273.57,
            "Plan Rows": 103,
            "Plan Width": 4,
            "Actual Startup Time": 0.158,
            "Actual Total Time": 3.187,
            "Actual Rows": 2050,
            "Actual Loops": 1,
            "Index Cond": "(company_id = 171)",
            "Rows Removed by Index Recheck": 0
          },
          {
            "Node Type": "Index Scan",
            "Parent Relationship": "Inner",
            "Parallel Aware": false,
            "Scan Direction": "Forward",
            "Index Name": "title_pkey",
            "Relation Name": "title",
            "Alias": "t",
            "Startup Cost": 0.43,
            "Total Cost": 8.45,
            "Plan Rows": 1,
            "Plan Width": 4,
            "Actual Startup Time": 0.008,
            "Actual Total Time": 0.008,
            "Actual Rows": 0,
            "Actual Loops": 2050,
            "Index Cond": "(id = mc.movie_id)",
            "Rows Removed by Index Recheck": 0,
            "Filter": "(production_year < 2006)",
            "Rows Removed by Filter": 1
          }
        ]
      }
    ]
  },
  "Planning Time": 0.608,
  "Triggers": [],
  "Execution Time": 22.29
}