[
  {
    "Plan": {
      "Node Type": "Aggregate",
      "Strategy": "Plain",
      "Partial Mode": "Finalize",
      "Parallel Aware": false,
      "Startup Cost": 78419.65,
      "Total Cost": 78419.66,
      "Plan Rows": 1,
      "Plan Width": 8,
      "Actual Startup Time": 190.566,
      "Actual Total Time": 206.546,
      "Actual Rows": 1,
      "Actual Loops": 1,
      "Plans": [
        {
          "Node Type": "Gather",
          "Parent Relationship": "Outer",
          "Parallel Aware": false,
          "Startup Cost": 78419.33,
          "Total Cost": 78419.64,
          "Plan Rows": 3,
          "Plan Width": 8,
          "Actual Startup Time": 190.119,
          "Actual Total Time": 206.536,
          "Actual Rows": 4,
          "Actual Loops": 1,
          "Workers Planned": 3,
          "Workers Launched": 3,
          "Single Copy": false,
          "Plans": [
            {
              "Node Type": "Aggregate",
              "Strategy": "Plain",
              "Partial Mode": "Partial",
              "Parent Relationship": "Outer",
              "Parallel Aware": false,
              "Startup Cost": 77419.33,
              "Total Cost": 77419.34,
              "Plan Rows": 1,
              "Plan Width": 8,
              "Actual Startup Time": 181.091,
              "Actual Total Time": 181.095,
              "Actual Rows": 1,
              "Actual Loops": 4,
              "Plans": [
                {
                  "Node Type": "Hash Join",
                  "Parent Relationship": "Outer",
                  "Parallel Aware": true,
                  "Join Type": "Inner",
                  "Startup Cost": 51595.66,
                  "Total Cost": 77414.05,
                  "Plan Rows": 2111,
                  "Plan Width": 0,
                  "Actual Startup Time": 123.686,
                  "Actual Total Time": 181.035,
                  "Actual Rows": 604,
                  "Actual Loops": 4,
                  "Inner Unique": true,
                  "Hash Cond": "(mk.movie_id = t.id)",
                  "Plans": [
                    {
                      "Node Type": "Bitmap Heap Scan",
                      "Parent Relationship": "Outer",
                      "Parallel Aware": true,
                      "Relation Name": "movie_keyword",
                      "Alias": "mk",
                      "Startup Cost": 5931.67,
                      "Total Cost": 31513.26,
                      "Plan Rows": 90207,
                      "Plan Width": 4,
                      "Actual Startup Time": 19.284,
                      "Actual Total Time": 64.472,
                      "Actual Rows": 73576,
                      "Actual Loops": 4,
                      "Recheck Cond": "(keyword_id < 240)",
                      "Rows Removed by Index Recheck": 0,
                      "Exact Heap Blocks": 9643,
                      "Lossy Heap Blocks": 0,
                      "Plans": [
                        {
                          "Node Type": "Bitmap Index Scan",
                          "Parent Relationship": "Outer",
                          "Parallel Aware": false,
                          "Index Name": "keyword_id_movie_keyword",
                          "Startup Cost": 0.0,
                          "Total Cost": 5861.76,
                          "Plan Rows": 279643,
                          "Plan Width": 0,
                          "Actual Startup Time": 15.615,
                          "Actual Total Time": 15.616,
                          "Actual Rows": 294304,
                          "Actual Loops": 1,
                          "Index Cond": "(keyword_id < 240)"
                        }
                      ]
                    },
                    {
                      "Node Type": "Hash",
                      "Parent Relationship": "Inner",
                      "Parallel Aware": true,
                      "Startup Cost": 45479.1,
                      "Total Cost": 45479.1,
                      "Plan Rows": 14792,
                      "Plan Width": 4,
                      "Actual Startup Time": 102.588,
                      "Actual Total Time": 102.589,
                      "Actual Rows": 15688,
                      "Actual Loops": 4,
                      "Hash Buckets": 65536,
                      "Original Hash Buckets": 65536,
                      "Hash Batches": 1,
                      "Original Hash Batches": 1,
                      "Peak Memory Usage": 3008,
                      "Plans": [
                        {
                          "Node Type": "Seq Scan",
                          "Parent Relationship": "Outer",
                          "Parallel Aware": true,
                          "Relation Name": "title",
                          "Alias": "t",
                          "Startup Cost": 0.0,
                          "Total Cost": 45479.1,
                          "Plan Rows": 14792,
                          "Plan Width": 4,
                          "Actual Startup Time": 0.042,
                          "Actual Total Time": 96.161,
                          "Actual Rows": 15688,
                          "Actual Loops": 4,
                          "Filter": "((kind_id = 7) AND (production_year = 2005))",
                          "Rows Removed by Filter": 616390
                        }
                      ]
                    }
                  ]
                }
              ]
            }
          ]
        }
      ]
    },
    "Planning Time": 0.673,
    "Triggers": [],
    "Execution Time": 206.638
  }
]