{
    "Plan": {
        "Node Type": "Aggregate",
        "Strategy": "Plain",
        "Partial Mode": "Finalize",
        "Parallel Aware": false,
        "Startup Cost": 436736.45,
        "Total Cost": 436736.46,
        "Plan Rows": 1,
        "Plan Width": 8,
        "Actual Startup Time": 3304.68,
        "Actual Total Time": 3352.614,
        "Actual Rows": 1,
        "Actual Loops": 1,
        "Output": [
            "count(*)"
        ],
        "Plans": [
            {
                "Node Type": "Gather",
                "Parent Relationship": "Outer",
                "Parallel Aware": false,
                "Startup Cost": 436735.83,
                "Total Cost": 436736.44,
                "Plan Rows": 6,
                "Plan Width": 8,
                "Actual Startup Time": 3285.098,
                "Actual Total Time": 3352.601,
                "Actual Rows": 7,
                "Actual Loops": 1,
                "Output": [
                    "(PARTIAL count(*))"
                ],
                "Workers Planned": 6,
                "Workers Launched": 6,
                "Single Copy": false,
                "Plans": [
                    {
                        "Node Type": "Aggregate",
                        "Strategy": "Plain",
                        "Partial Mode": "Partial",
                        "Parent Relationship": "Outer",
                        "Parallel Aware": false,
                        "Startup Cost": 435735.83,
                        "Total Cost": 435735.84,
                        "Plan Rows": 1,
                        "Plan Width": 8,
                        "Actual Startup Time": 3273.896,
                        "Actual Total Time": 3274.086,
                        "Actual Rows": 1,
                        "Actual Loops": 7,
                        "Output": [
                            "PARTIAL count(*)"
                        ],
                        "Workers": [
                            {
                                "Worker Number": 0,
                                "Actual Startup Time": 3272.809,
                                "Actual Total Time": 3272.815,
                                "Actual Rows": 1,
                                "Actual Loops": 1
                            },
                            {
                                "Worker Number": 1,
                                "Actual Startup Time": 3272.02,
                                "Actual Total Time": 3272.025,
                                "Actual Rows": 1,
                                "Actual Loops": 1
                            },
                            {
                                "Worker Number": 2,
                                "Actual Startup Time": 3271.982,
                                "Actual Total Time": 3271.987,
                                "Actual Rows": 1,
                                "Actual Loops": 1
                            },
                            {
                                "Worker Number": 3,
                                "Actual Startup Time": 3272.03,
                                "Actual Total Time": 3272.035,
                                "Actual Rows": 1,
                                "Actual Loops": 1
                            },
                            {
                                "Worker Number": 4,
                                "Actual Startup Time": 3272.111,
                                "Actual Total Time": 3272.117,
                                "Actual Rows": 1,
                                "Actual Loops": 1
                            },
                            {
                                "Worker Number": 5,
                                "Actual Startup Time": 3272.247,
                                "Actual Total Time": 3272.252,
                                "Actual Rows": 1,
                                "Actual Loops": 1
                            }
                        ],
                        "Plans": [
                            {
                                "Node Type": "Hash Join",
                                "Parent Relationship": "Outer",
                                "Parallel Aware": true,
                                "Join Type": "Inner",
                                "Startup Cost": 92588.09,
                                "Total Cost": 432512.94,
                                "Plan Rows": 1289156,
                                "Plan Width": 0,
                                "Actual Startup Time": 344.321,
                                "Actual Total Time": 2829.957,
                                "Actual Rows": 10561608,
                                "Actual Loops": 7,
                                "Inner Unique": false,
                                "Hash Cond": "(ci.movie_id = t.id)",
                                "Workers": [
                                    {
                                        "Worker Number": 0,
                                        "Actual Startup Time": 341.801,
                                        "Actual Total Time": 2811.467,
                                        "Actual Rows": 7504770,
                                        "Actual Loops": 1
                                    },
                                    {
                                        "Worker Number": 1,
                                        "Actual Startup Time": 342.705,
                                        "Actual Total Time": 2805.643,
                                        "Actual Rows": 9727545,
                                        "Actual Loops": 1
                                    },
                                    {
                                        "Worker Number": 2,
                                        "Actual Startup Time": 342.729,
                                        "Actual Total Time": 2829.498,
                                        "Actual Rows": 11601666,
                                        "Actual Loops": 1
                                    },
                                    {
                                        "Worker Number": 3,
                                        "Actual Startup Time": 342.69,
                                        "Actual Total Time": 2833.659,
                                        "Actual Rows": 11398295,
                                        "Actual Loops": 1
                                    },
                                    {
                                        "Worker Number": 4,
                                        "Actual Startup Time": 342.748,
                                        "Actual Total Time": 2871.035,
                                        "Actual Rows": 10401828,
                                        "Actual Loops": 1
                                    },
                                    {
                                        "Worker Number": 5,
                                        "Actual Startup Time": 342.927,
                                        "Actual Total Time": 2834.405,
                                        "Actual Rows": 11471523,
                                        "Actual Loops": 1
                                    }
                                ],
                                "Plans": [
                                    {
                                        "Node Type": "Seq Scan",
                                        "Parent Relationship": "Outer",
                                        "Parallel Aware": true,
                                        "Relation Name": "cast_info",
                                        "Schema": "public",
                                        "Alias": "ci",
                                        "Startup Cost": 0.0,
                                        "Total Cost": 313108.29,
                                        "Plan Rows": 6042129,
                                        "Plan Width": 4,
                                        "Actual Startup Time": 0.023,
                                        "Actual Total Time": 541.555,
                                        "Actual Rows": 5177763,
                                        "Actual Loops": 7,
                                        "Output": [
                                            "ci.id",
                                            "ci.person_id",
                                            "ci.movie_id",
                                            "ci.person_role_id",
                                            "ci.note",
                                            "ci.nr_order",
                                            "ci.role_id"
                                        ],
                                        "Workers": [
                                            {
                                                "Worker Number": 0,
                                                "Actual Startup Time": 0.022,
                                                "Actual Total Time": 553.077,
                                                "Actual Rows": 3603054,
                                                "Actual Loops": 1
                                            },
                                            {
                                                "Worker Number": 1,
                                                "Actual Startup Time": 0.029,
                                                "Actual Total Time": 566.412,
                                                "Actual Rows": 4744926,
                                                "Actual Loops": 1
                                            },
                                            {
                                                "Worker Number": 2,
                                                "Actual Startup Time": 0.023,
                                                "Actual Total Time": 560.765,
                                                "Actual Rows": 5686655,
                                                "Actual Loops": 1
                                            },
                                            {
                                                "Worker Number": 3,
                                                "Actual Startup Time": 0.035,
                                                "Actual Total Time": 559.385,
                                                "Actual Rows": 5617270,
                                                "Actual Loops": 1
                                            },
                                            {
                                                "Worker Number": 4,
                                                "Actual Startup Time": 0.018,
                                                "Actual Total Time": 550.752,
                                                "Actual Rows": 5075088,
                                                "Actual Loops": 1
                                            },
                                            {
                                                "Worker Number": 5,
                                                "Actual Startup Time": 0.023,
                                                "Actual Total Time": 558.823,
                                                "Actual Rows": 5640530,
                                                "Actual Loops": 1
                                            }
                                        ]
                                    },
                                    {
                                        "Node Type": "Hash",
                                        "Parent Relationship": "Inner",
                                        "Parallel Aware": true,
                                        "Startup Cost": 90412.9,
                                        "Total Cost": 90412.9,
                                        "Plan Rows": 174015,
                                        "Plan Width": 8,
                                        "Actual Startup Time": 340.786,
                                        "Actual Total Time": 340.975,
                                        "Actual Rows": 185365,
                                        "Actual Loops": 7,
                                        "Output": [
                                            "t.id",
                                            "mk.movie_id"
                                        ],
                                        "Hash Buckets": 2097152,
                                        "Original Hash Buckets": 1048576,
                                        "Hash Batches": 1,
                                        "Original Hash Batches": 1,
                                        "Peak Memory Usage": 75456,
                                        "Workers": [
                                            {
                                                "Worker Number": 0,
                                                "Actual Startup Time": 341.026,
                                                "Actual Total Time": 341.03,
                                                "Actual Rows": 130238,
                                                "Actual Loops": 1
                                            },
                                            {
                                                "Worker Number": 1,
                                                "Actual Startup Time": 341.819,
                                                "Actual Total Time": 341.822,
                                                "Actual Rows": 136316,
                                                "Actual Loops": 1
                                            },
                                            {
                                                "Worker Number": 2,
                                                "Actual Startup Time": 341.81,
                                                "Actual Total Time": 341.814,
                                                "Actual Rows": 204660,
                                                "Actual Loops": 1
                                            },
                                            {
                                                "Worker Number": 3,
                                                "Actual Startup Time": 341.802,
                                                "Actual Total Time": 341.806,
                                                "Actual Rows": 203182,
                                                "Actual Loops": 1
                                            },
                                            {
                                                "Worker Number": 4,
                                                "Actual Startup Time": 341.959,
                                                "Actual Total Time": 341.963,
                                                "Actual Rows": 188751,
                                                "Actual Loops": 1
                                            },
                                            {
                                                "Worker Number": 5,
                                                "Actual Startup Time": 342.068,
                                                "Actual Total Time": 342.072,
                                                "Actual Rows": 201953,
                                                "Actual Loops": 1
                                            }
                                        ],
                                        "Plans": [
                                            {
                                                "Node Type": "Hash Join",
                                                "Parent Relationship": "Outer",
                                                "Parallel Aware": true,
                                                "Join Type": "Inner",
                                                "Startup Cost": 45996.98,
                                                "Total Cost": 90412.9,
                                                "Plan Rows": 174015,
                                                "Plan Width": 8,
                                                "Actual Startup Time": 146.253,
                                                "Actual Total Time": 255.636,
                                                "Actual Rows": 185365,
                                                "Actual Loops": 7,
                                                "Output": [
                                                    "t.id",
                                                    "mk.movie_id"
                                                ],
                                                "Inner Unique": true,
                                                "Hash Cond": "(mk.movie_id = t.id)",
                                                "Workers": [
                                                    {
                                                        "Worker Number": 0,
                                                        "Actual Startup Time": 146.203,
                                                        "Actual Total Time": 254.997,
                                                        "Actual Rows": 130238,
                                                        "Actual Loops": 1
                                                    },
                                                    {
                                                        "Worker Number": 1,
                                                        "Actual Startup Time": 146.249,
                                                        "Actual Total Time": 256.081,
                                                        "Actual Rows": 136316,
                                                        "Actual Loops": 1
                                                    },
                                                    {
                                                        "Worker Number": 2,
                                                        "Actual Startup Time": 146.29,
                                                        "Actual Total Time": 256.075,
                                                        "Actual Rows": 204660,
                                                        "Actual Loops": 1
                                                    },
                                                    {
                                                        "Worker Number": 3,
                                                        "Actual Startup Time": 146.266,
                                                        "Actual Total Time": 256.257,
                                                        "Actual Rows": 203182,
                                                        "Actual Loops": 1
                                                    },
                                                    {
                                                        "Worker Number": 4,
                                                        "Actual Startup Time": 146.223,
                                                        "Actual Total Time": 256.158,
                                                        "Actual Rows": 188751,
                                                        "Actual Loops": 1
                                                    },
                                                    {
                                                        "Worker Number": 5,
                                                        "Actual Startup Time": 146.221,
                                                        "Actual Total Time": 255.824,
                                                        "Actual Rows": 201953,
                                                        "Actual Loops": 1
                                                    }
                                                ],
                                                "Plans": [
                                                    {
                                                        "Node Type": "Seq Scan",
                                                        "Parent Relationship": "Outer",
                                                        "Parallel Aware": true,
                                                        "Relation Name": "movie_keyword",
                                                        "Schema": "public",
                                                        "Alias": "mk",
                                                        "Startup Cost": 0.0,
                                                        "Total Cost": 42695.65,
                                                        "Plan Rows": 655340,
                                                        "Plan Width": 4,
                                                        "Actual Startup Time": 0.019,
                                                        "Actual Total Time": 77.613,
                                                        "Actual Rows": 289648,
                                                        "Actual Loops": 7,
                                                        "Output": [
                                                            "mk.id",
                                                            "mk.movie_id",
                                                            "mk.keyword_id"
                                                        ],
                                                        "Filter": "(mk.keyword_id < 3636)",
                                                        "Rows Removed by Filter": 356628,
                                                        "Workers": [
                                                            {
                                                                "Worker Number": 0,
                                                                "Actual Startup Time": 0.025,
                                                                "Actual Total Time": 78.71,
                                                                "Actual Rows": 199609,
                                                                "Actual Loops": 1
                                                            },
                                                            {
                                                                "Worker Number": 1,
                                                                "Actual Startup Time": 0.034,
                                                                "Actual Total Time": 80.323,
                                                                "Actual Rows": 212990,
                                                                "Actual Loops": 1
                                                            },
                                                            {
                                                                "Worker Number": 2,
                                                                "Actual Startup Time": 0.023,
                                                                "Actual Total Time": 79.693,
                                                                "Actual Rows": 319326,
                                                                "Actual Loops": 1
                                                            },
                                                            {
                                                                "Worker Number": 3,
                                                                "Actual Startup Time": 0.014,
                                                                "Actual Total Time": 79.683,
                                                                "Actual Rows": 318275,
                                                                "Actual Loops": 1
                                                            },
                                                            {
                                                                "Worker Number": 4,
                                                                "Actual Startup Time": 0.015,
                                                                "Actual Total Time": 78.103,
                                                                "Actual Rows": 288217,
                                                                "Actual Loops": 1
                                                            },
                                                            {
                                                                "Worker Number": 5,
                                                                "Actual Startup Time": 0.014,
                                                                "Actual Total Time": 79.0,
                                                                "Actual Rows": 316898,
                                                                "Actual Loops": 1
                                                            }
                                                        ]
                                                    },
                                                    {
                                                        "Node Type": "Hash",
                                                        "Parent Relationship": "Inner",
                                                        "Parallel Aware": true,
                                                        "Startup Cost": 43899.01,
                                                        "Total Cost": 43899.01,
                                                        "Plan Rows": 167838,
                                                        "Plan Width": 4,
                                                        "Actual Startup Time": 121.017,
                                                        "Actual Total Time": 121.018,
                                                        "Actual Rows": 94689,
                                                        "Actual Loops": 7,
                                                        "Output": [
                                                            "t.id"
                                                        ],
                                                        "Hash Buckets": 1048576,
                                                        "Original Hash Buckets": 1048576,
                                                        "Hash Batches": 1,
                                                        "Original Hash Batches": 1,
                                                        "Peak Memory Usage": 34208,
                                                        "Workers": [
                                                            {
                                                                "Worker Number": 0,
                                                                "Actual Startup Time": 122.395,
                                                                "Actual Total Time": 122.396,
                                                                "Actual Rows": 67015,
                                                                "Actual Loops": 1
                                                            },
                                                            {
                                                                "Worker Number": 1,
                                                                "Actual Startup Time": 122.422,
                                                                "Actual Total Time": 122.423,
                                                                "Actual Rows": 72861,
                                                                "Actual Loops": 1
                                                            },
                                                            {
                                                                "Worker Number": 2,
                                                                "Actual Startup Time": 122.485,
                                                                "Actual Total Time": 122.486,
                                                                "Actual Rows": 104553,
                                                                "Actual Loops": 1
                                                            },
                                                            {
                                                                "Worker Number": 3,
                                                                "Actual Startup Time": 122.438,
                                                                "Actual Total Time": 122.44,
                                                                "Actual Rows": 103628,
                                                                "Actual Loops": 1
                                                            },
                                                            {
                                                                "Worker Number": 4,
                                                                "Actual Startup Time": 122.535,
                                                                "Actual Total Time": 122.536,
                                                                "Actual Rows": 89604,
                                                                "Actual Loops": 1
                                                            },
                                                            {
                                                                "Worker Number": 5,
                                                                "Actual Startup Time": 122.403,
                                                                "Actual Total Time": 122.404,
                                                                "Actual Rows": 102655,
                                                                "Actual Loops": 1
                                                            }
                                                        ],
                                                        "Plans": [
                                                            {
                                                                "Node Type": "Seq Scan",
                                                                "Parent Relationship": "Outer",
                                                                "Parallel Aware": true,
                                                                "Relation Name": "title",
                                                                "Schema": "public",
                                                                "Alias": "t",
                                                                "Startup Cost": 0.0,
                                                                "Total Cost": 43899.01,
                                                                "Plan Rows": 167838,
                                                                "Plan Width": 4,
                                                                "Actual Startup Time": 41.036,
                                                                "Actual Total Time": 75.003,
                                                                "Actual Rows": 94689,
                                                                "Actual Loops": 7,
                                                                "Output": [
                                                                    "t.id"
                                                                ],
                                                                "Filter": "(t.kind_id = 1)",
                                                                "Rows Removed by Filter": 266498,
                                                                "Workers": [
                                                                    {
                                                                        "Worker Number": 0,
                                                                        "Actual Startup Time": 47.15,
                                                                        "Actual Total Time": 75.991,
                                                                        "Actual Rows": 67015,
                                                                        "Actual Loops": 1
                                                                    },
                                                                    {
                                                                        "Worker Number": 1,
                                                                        "Actual Startup Time": 47.055,
                                                                        "Actual Total Time": 76.296,
                                                                        "Actual Rows": 72861,
                                                                        "Actual Loops": 1
                                                                    },
                                                                    {
                                                                        "Worker Number": 2,
                                                                        "Actual Startup Time": 46.847,
                                                                        "Actual Total Time": 75.678,
                                                                        "Actual Rows": 104553,
                                                                        "Actual Loops": 1
                                                                    },
                                                                    {
                                                                        "Worker Number": 3,
                                                                        "Actual Startup Time": 46.87,
                                                                        "Actual Total Time": 75.425,
                                                                        "Actual Rows": 103628,
                                                                        "Actual Loops": 1
                                                                    },
                                                                    {
                                                                        "Worker Number": 4,
                                                                        "Actual Startup Time": 5.418,
                                                                        "Actual Total Time": 74.198,
                                                                        "Actual Rows": 89604,
                                                                        "Actual Loops": 1
                                                                    },
                                                                    {
                                                                        "Worker Number": 5,
                                                                        "Actual Startup Time": 46.842,
                                                                        "Actual Total Time": 75.174,
                                                                        "Actual Rows": 102655,
                                                                        "Actual Loops": 1
                                                                    }
                                                                ]
                                                            }
                                                        ]
                                                    }
                                                ]
                                            }
                                        ]
                                    }
                                ]
                            }
                        ]
                    }
                ]
            }
        ]
    },
    "Planning Time": 1.52,
    "Triggers": [],
    "Execution Time": 3352.786
}