{
    "Plan": {
        "Node Type": "Aggregate",
        "Strategy": "Plain",
        "Partial Mode": "Finalize",
        "Parallel Aware": false,
        "Startup Cost": 171913.69,
        "Total Cost": 171913.7,
        "Plan Rows": 1,
        "Plan Width": 8,
        "Actual Startup Time": 1114.292,
        "Actual Total Time": 1146.376,
        "Actual Rows": 1,
        "Actual Loops": 1,
        "Output": [
            "count(*)"
        ],
        "Plans": [
            {
                "Node Type": "Gather",
                "Parent Relationship": "Outer",
                "Parallel Aware": false,
                "Startup Cost": 171913.37,
                "Total Cost": 171913.68,
                "Plan Rows": 3,
                "Plan Width": 8,
                "Actual Startup Time": 1100.869,
                "Actual Total Time": 1146.365,
                "Actual Rows": 4,
                "Actual Loops": 1,
                "Output": [
                    "(PARTIAL count(*))"
                ],
                "Workers Planned": 3,
                "Workers Launched": 3,
                "Single Copy": false,
                "Plans": [
                    {
                        "Node Type": "Aggregate",
                        "Strategy": "Plain",
                        "Partial Mode": "Partial",
                        "Parent Relationship": "Outer",
                        "Parallel Aware": false,
                        "Startup Cost": 170913.37,
                        "Total Cost": 170913.38,
                        "Plan Rows": 1,
                        "Plan Width": 8,
                        "Actual Startup Time": 1091.277,
                        "Actual Total Time": 1092.241,
                        "Actual Rows": 1,
                        "Actual Loops": 4,
                        "Output": [
                            "PARTIAL count(*)"
                        ],
                        "Workers": [
                            {
                                "Worker Number": 0,
                                "Actual Startup Time": 1088.461,
                                "Actual Total Time": 1088.467,
                                "Actual Rows": 1,
                                "Actual Loops": 1
                            },
                            {
                                "Worker Number": 1,
                                "Actual Startup Time": 1088.479,
                                "Actual Total Time": 1088.484,
                                "Actual Rows": 1,
                                "Actual Loops": 1
                            },
                            {
                                "Worker Number": 2,
                                "Actual Startup Time": 1089.462,
                                "Actual Total Time": 1089.468,
                                "Actual Rows": 1,
                                "Actual Loops": 1
                            }
                        ],
                        "Plans": [
                            {
                                "Node Type": "Hash Join",
                                "Parent Relationship": "Outer",
                                "Parallel Aware": true,
                                "Join Type": "Inner",
                                "Startup Cost": 124521.73,
                                "Total Cost": 169873.46,
                                "Plan Rows": 415962,
                                "Plan Width": 0,
                                "Actual Startup Time": 784.554,
                                "Actual Total Time": 1057.955,
                                "Actual Rows": 880980,
                                "Actual Loops": 4,
                                "Inner Unique": false,
                                "Hash Cond": "(mk.movie_id = t.id)",
                                "Workers": [
                                    {
                                        "Worker Number": 0,
                                        "Actual Startup Time": 782.194,
                                        "Actual Total Time": 1054.675,
                                        "Actual Rows": 875187,
                                        "Actual Loops": 1
                                    },
                                    {
                                        "Worker Number": 1,
                                        "Actual Startup Time": 782.148,
                                        "Actual Total Time": 1055.058,
                                        "Actual Rows": 864461,
                                        "Actual Loops": 1
                                    },
                                    {
                                        "Worker Number": 2,
                                        "Actual Startup Time": 781.521,
                                        "Actual Total Time": 1057.191,
                                        "Actual Rows": 827810,
                                        "Actual Loops": 1
                                    }
                                ],
                                "Plans": [
                                    {
                                        "Node Type": "Seq Scan",
                                        "Parent Relationship": "Outer",
                                        "Parallel Aware": true,
                                        "Relation Name": "movie_keyword",
                                        "Schema": "public",
                                        "Alias": "mk",
                                        "Startup Cost": 0.0,
                                        "Total Cost": 39047.32,
                                        "Plan Rows": 1459332,
                                        "Plan Width": 4,
                                        "Actual Startup Time": 0.019,
                                        "Actual Total Time": 93.709,
                                        "Actual Rows": 1130982,
                                        "Actual Loops": 4,
                                        "Output": [
                                            "mk.id",
                                            "mk.movie_id",
                                            "mk.keyword_id"
                                        ],
                                        "Workers": [
                                            {
                                                "Worker Number": 0,
                                                "Actual Startup Time": 0.021,
                                                "Actual Total Time": 97.272,
                                                "Actual Rows": 1109260,
                                                "Actual Loops": 1
                                            },
                                            {
                                                "Worker Number": 1,
                                                "Actual Startup Time": 0.021,
                                                "Actual Total Time": 97.779,
                                                "Actual Rows": 1113825,
                                                "Actual Loops": 1
                                            },
                                            {
                                                "Worker Number": 2,
                                                "Actual Startup Time": 0.026,
                                                "Actual Total Time": 100.068,
                                                "Actual Rows": 1063010,
                                                "Actual Loops": 1
                                            }
                                        ]
                                    },
                                    {
                                        "Node Type": "Hash",
                                        "Parent Relationship": "Inner",
                                        "Parallel Aware": true,
                                        "Startup Cost": 122720.08,
                                        "Total Cost": 122720.08,
                                        "Plan Rows": 144132,
                                        "Plan Width": 8,
                                        "Actual Startup Time": 779.819,
                                        "Actual Total Time": 780.781,
                                        "Actual Rows": 315998,
                                        "Actual Loops": 4,
                                        "Output": [
                                            "t.id",
                                            "ci.movie_id"
                                        ],
                                        "Hash Buckets": 2097152,
                                        "Original Hash Buckets": 1048576,
                                        "Hash Batches": 1,
                                        "Original Hash Batches": 1,
                                        "Peak Memory Usage": 74112,
                                        "Workers": [
                                            {
                                                "Worker Number": 0,
                                                "Actual Startup Time": 781.553,
                                                "Actual Total Time": 781.557,
                                                "Actual Rows": 311889,
                                                "Actual Loops": 1
                                            },
                                            {
                                                "Worker Number": 1,
                                                "Actual Startup Time": 781.653,
                                                "Actual Total Time": 781.656,
                                                "Actual Rows": 311921,
                                                "Actual Loops": 1
                                            },
                                            {
                                                "Worker Number": 2,
                                                "Actual Startup Time": 781.081,
                                                "Actual Total Time": 781.085,
                                                "Actual Rows": 287240,
                                                "Actual Loops": 1
                                            }
                                        ],
                                        "Plans": [
                                            {
                                                "Node Type": "Hash Join",
                                                "Parent Relationship": "Outer",
                                                "Parallel Aware": true,
                                                "Join Type": "Inner",
                                                "Startup Cost": 50220.37,
                                                "Total Cost": 122720.08,
                                                "Plan Rows": 144132,
                                                "Plan Width": 8,
                                                "Actual Startup Time": 340.541,
                                                "Actual Total Time": 646.364,
                                                "Actual Rows": 315998,
                                                "Actual Loops": 4,
                                                "Output": [
                                                    "t.id",
                                                    "ci.movie_id"
                                                ],
                                                "Inner Unique": true,
                                                "Hash Cond": "(ci.movie_id = t.id)",
                                                "Workers": [
                                                    {
                                                        "Worker Number": 0,
                                                        "Actual Startup Time": 340.623,
                                                        "Actual Total Time": 649.139,
                                                        "Actual Rows": 311889,
                                                        "Actual Loops": 1
                                                    },
                                                    {
                                                        "Worker Number": 1,
                                                        "Actual Startup Time": 340.614,
                                                        "Actual Total Time": 648.033,
                                                        "Actual Rows": 311921,
                                                        "Actual Loops": 1
                                                    },
                                                    {
                                                        "Worker Number": 2,
                                                        "Actual Startup Time": 340.389,
                                                        "Actual Total Time": 644.65,
                                                        "Actual Rows": 287240,
                                                        "Actual Loops": 1
                                                    }
                                                ],
                                                "Plans": [
                                                    {
                                                        "Node Type": "Index Scan",
                                                        "Parent Relationship": "Outer",
                                                        "Parallel Aware": true,
                                                        "Scan Direction": "Forward",
                                                        "Index Name": "role_id_cast_info",
                                                        "Relation Name": "cast_info",
                                                        "Schema": "public",
                                                        "Alias": "ci",
                                                        "Startup Cost": 0.56,
                                                        "Total Cost": 72121.93,
                                                        "Plan Rows": 144132,
                                                        "Plan Width": 4,
                                                        "Actual Startup Time": 0.069,
                                                        "Actual Total Time": 134.362,
                                                        "Actual Rows": 315998,
                                                        "Actual Loops": 4,
                                                        "Output": [
                                                            "ci.id",
                                                            "ci.person_id",
                                                            "ci.movie_id",
                                                            "ci.person_role_id",
                                                            "ci.note",
                                                            "ci.nr_order",
                                                            "ci.role_id"
                                                        ],
                                                        "Index Cond": "(ci.role_id = 4)",
                                                        "Rows Removed by Index Recheck": 0,
                                                        "Filter": "(ci.person_id > 2722046)",
                                                        "Rows Removed by Filter": 366238,
                                                        "Workers": [
                                                            {
                                                                "Worker Number": 0,
                                                                "Actual Startup Time": 0.08,
                                                                "Actual Total Time": 139.956,
                                                                "Actual Rows": 311889,
                                                                "Actual Loops": 1
                                                            },
                                                            {
                                                                "Worker Number": 1,
                                                                "Actual Startup Time": 0.097,
                                                                "Actual Total Time": 142.801,
                                                                "Actual Rows": 311921,
                                                                "Actual Loops": 1
                                                            },
                                                            {
                                                                "Worker Number": 2,
                                                                "Actual Startup Time": 0.067,
                                                                "Actual Total Time": 136.748,
                                                                "Actual Rows": 287240,
                                                                "Actual Loops": 1
                                                            }
                                                        ]
                                                    },
                                                    {
                                                        "Node Type": "Hash",
                                                        "Parent Relationship": "Inner",
                                                        "Parallel Aware": true,
                                                        "Startup Cost": 42318.81,
                                                        "Total Cost": 42318.81,
                                                        "Plan Rows": 632080,
                                                        "Plan Width": 4,
                                                        "Actual Startup Time": 332.868,
                                                        "Actual Total Time": 332.87,
                                                        "Actual Rows": 632078,
                                                        "Actual Loops": 4,
                                                        "Output": [
                                                            "t.id"
                                                        ],
                                                        "Hash Buckets": 4194304,
                                                        "Original Hash Buckets": 4194304,
                                                        "Hash Batches": 1,
                                                        "Original Hash Batches": 1,
                                                        "Peak Memory Usage": 131744,
                                                        "Workers": [
                                                            {
                                                                "Worker Number": 0,
                                                                "Actual Startup Time": 340.301,
                                                                "Actual Total Time": 340.302,
                                                                "Actual Rows": 609469,
                                                                "Actual Loops": 1
                                                            },
                                                            {
                                                                "Worker Number": 1,
                                                                "Actual Startup Time": 340.267,
                                                                "Actual Total Time": 340.268,
                                                                "Actual Rows": 605225,
                                                                "Actual Loops": 1
                                                            },
                                                            {
                                                                "Worker Number": 2,
                                                                "Actual Startup Time": 340.196,
                                                                "Actual Total Time": 340.198,
                                                                "Actual Rows": 547253,
                                                                "Actual Loops": 1
                                                            }
                                                        ],
                                                        "Plans": [
                                                            {
                                                                "Node Type": "Seq Scan",
                                                                "Parent Relationship": "Outer",
                                                                "Parallel Aware": true,
                                                                "Relation Name": "title",
                                                                "Schema": "public",
                                                                "Alias": "t",
                                                                "Startup Cost": 0.0,
                                                                "Total Cost": 42318.81,
                                                                "Plan Rows": 632080,
                                                                "Plan Width": 4,
                                                                "Actual Startup Time": 0.064,
                                                                "Actual Total Time": 96.43,
                                                                "Actual Rows": 632078,
                                                                "Actual Loops": 4,
                                                                "Output": [
                                                                    "t.id"
                                                                ],
                                                                "Workers": [
                                                                    {
                                                                        "Worker Number": 0,
                                                                        "Actual Startup Time": 0.074,
                                                                        "Actual Total Time": 101.336,
                                                                        "Actual Rows": 609469,
                                                                        "Actual Loops": 1
                                                                    },
                                                                    {
                                                                        "Worker Number": 1,
                                                                        "Actual Startup Time": 0.077,
                                                                        "Actual Total Time": 101.481,
                                                                        "Actual Rows": 605225,
                                                                        "Actual Loops": 1
                                                                    },
                                                                    {
                                                                        "Worker Number": 2,
                                                                        "Actual Startup Time": 0.091,
                                                                        "Actual Total Time": 99.458,
                                                                        "Actual Rows": 547253,
                                                                        "Actual Loops": 1
                                                                    }
                                                                ]
                                                            }
                                                        ]
                                                    }
                                                ]
                                            }
                                        ]
                                    }
                                ]
                            }
                        ]
                    }
                ]
            }
        ]
    },
    "Planning Time": 1.552,
    "Triggers": [],
    "Execution Time": 1146.47
}