[
  {
    "Plan": {
      "Node Type": "Aggregate",
      "Strategy": "Plain",
      "Partial Mode": "Finalize",
      "Parallel Aware": false,
      "Startup Cost": 109448.81,
      "Total Cost": 109448.82,
      "Plan Rows": 1,
      "Plan Width": 8,
      "Actual Startup Time": 508.177,
      "Actual Total Time": 527.848,
      "Actual Rows": 1,
      "Actual Loops": 1,
      "Plans": [
        {
          "Node Type": "Gather",
          "Parent Relationship": "Outer",
          "Parallel Aware": false,
          "Startup Cost": 109448.49,
          "Total Cost": 109448.8,
          "Plan Rows": 3,
          "Plan Width": 8,
          "Actual Startup Time": 506.009,
          "Actual Total Time": 527.839,
          "Actual Rows": 4,
          "Actual Loops": 1,
          "Workers Planned": 3,
          "Workers Launched": 3,
          "Single Copy": false,
          "Plans": [
            {
              "Node Type": "Aggregate",
              "Strategy": "Plain",
              "Partial Mode": "Partial",
              "Parent Relationship": "Outer",
              "Parallel Aware": false,
              "Startup Cost": 108448.49,
              "Total Cost": 108448.5,
              "Plan Rows": 1,
              "Plan Width": 8,
              "Actual Startup Time": 496.054,
              "Actual Total Time": 496.206,
              "Actual Rows": 1,
              "Actual Loops": 4,
              "Plans": [
                {
                  "Node Type": "Hash Join",
                  "Parent Relationship": "Outer",
                  "Parallel Aware": true,
                  "Join Type": "Inner",
                  "Startup Cost": 63081.31,
                  "Total Cost": 108130.73,
                  "Plan Rows": 127105,
                  "Plan Width": 0,
                  "Actual Startup Time": 261.273,
                  "Actual Total Time": 463.388,
                  "Actual Rows": 792038,
                  "Actual Loops": 4,
                  "Inner Unique": false,
                  "Hash Cond": "(mk.movie_id = t.id)",
                  "Plans": [
                    {
                      "Node Type": "Seq Scan",
                      "Parent Relationship": "Outer",
                      "Parallel Aware": true,
                      "Relation Name": "movie_keyword",
                      "Alias": "mk",
                      "Startup Cost": 0.0,
                      "Total Cost": 39047.32,
                      "Plan Rows": 1459332,
                      "Plan Width": 4,
                      "Actual Startup Time": 0.021,
                      "Actual Total Time": 87.887,
                      "Actual Rows": 1130982,
                      "Actual Loops": 4
                    },
                    {
                      "Node Type": "Hash",
                      "Parent Relationship": "Inner",
                      "Parallel Aware": true,
                      "Startup Cost": 61934.38,
                      "Total Cost": 61934.38,
                      "Plan Rows": 91754,
                      "Plan Width": 8,
                      "Actual Startup Time": 224.933,
                      "Actual Total Time": 225.083,
                      "Actual Rows": 73380,
                      "Actual Loops": 4,
                      "Hash Buckets": 524288,
                      "Original Hash Buckets": 262144,
                      "Hash Batches": 1,
                      "Original Hash Batches": 1,
                      "Peak Memory Usage": 17664,
                      "Plans": [
                        {
                          "Node Type": "Hash Join",
                          "Parent Relationship": "Outer",
                          "Parallel Aware": true,
                          "Join Type": "Inner",
                          "Startup Cost": 46739.82,
                          "Total Cost": 61934.38,
                          "Plan Rows": 91754,
                          "Plan Width": 8,
                          "Actual Startup Time": 150.991,
                          "Actual Total Time": 200.034,
                          "Actual Rows": 73380,
                          "Actual Loops": 4,
                          "Inner Unique": true,
                          "Hash Cond": "(mi_idx.movie_id = t.id)",
                          "Plans": [
                            {
                              "Node Type": "Seq Scan",
                              "Parent Relationship": "Outer",
                              "Parallel Aware": true,
                              "Relation Name": "movie_info_idx",
                              "Alias": "mi_idx",
                              "Startup Cost": 0.0,
                              "Total Cost": 13685.15,
                              "Plan Rows": 575015,
                              "Plan Width": 4,
                              "Actual Startup Time": 0.023,
                              "Actual Total Time": 28.183,
                              "Actual Rows": 345009,
                              "Actual Loops": 4
                            },
                            {
                              "Node Type": "Hash",
                              "Parent Relationship": "Inner",
                              "Parallel Aware": true,
                              "Startup Cost": 45479.1,
                              "Total Cost": 45479.1,
                              "Plan Rows": 100858,
                              "Plan Width": 4,
                              "Actual Startup Time": 122.269,
                              "Actual Total Time": 122.27,
                              "Actual Rows": 74192,
                              "Actual Loops": 4,
                              "Hash Buckets": 524288,
                              "Original Hash Buckets": 524288,
                              "Hash Batches": 1,
                              "Original Hash Batches": 1,
                              "Peak Memory Usage": 15744,
                              "Plans": [
                                {
                                  "Node Type": "Seq Scan",
                                  "Parent Relationship": "Outer",
                                  "Parallel Aware": true,
                                  "Relation Name": "title",
                                  "Alias": "t",
                                  "Startup Cost": 0.0,
                                  "Total Cost": 45479.1,
                                  "Plan Rows": 100858,
                                  "Plan Width": 4,
                                  "Actual Startup Time": 46.307,
                                  "Actual Total Time": 97.991,
                                  "Actual Rows": 74192,
                                  "Actual Loops": 4,
                                  "Filter": "((kind_id < 2) AND (production_year > 1997))",
                                  "Rows Removed by Filter": 557886
                                }
                              ]
                            }
                          ]
                        }
                      ]
                    }
                  ]
                }
              ]
            }
          ]
        }
      ]
    },
    "Planning Time": 1.32,
    "Triggers": [],
    "Execution Time": 527.939
  }
]