[
  {
    "Plan": {
      "Node Type": "Aggregate",
      "Strategy": "Plain",
      "Partial Mode": "Finalize",
      "Parallel Aware": false,
      "Startup Cost": 81561.4,
      "Total Cost": 81561.41,
      "Plan Rows": 1,
      "Plan Width": 8,
      "Actual Startup Time": 303.536,
      "Actual Total Time": 319.858,
      "Actual Rows": 1,
      "Actual Loops": 1,
      "Plans": [
        {
          "Node Type": "Gather",
          "Parent Relationship": "Outer",
          "Parallel Aware": false,
          "Startup Cost": 81561.08,
          "Total Cost": 81561.39,
          "Plan Rows": 3,
          "Plan Width": 8,
          "Actual Startup Time": 300.083,
          "Actual Total Time": 319.848,
          "Actual Rows": 4,
          "Actual Loops": 1,
          "Workers Planned": 3,
          "Workers Launched": 3,
          "Single Copy": false,
          "Plans": [
            {
              "Node Type": "Aggregate",
              "Strategy": "Plain",
              "Partial Mode": "Partial",
              "Parent Relationship": "Outer",
              "Parallel Aware": false,
              "Startup Cost": 80561.08,
              "Total Cost": 80561.09,
              "Plan Rows": 1,
              "Plan Width": 8,
              "Actual Startup Time": 291.272,
              "Actual Total Time": 291.276,
              "Actual Rows": 1,
              "Actual Loops": 4,
              "Plans": [
                {
                  "Node Type": "Hash Join",
                  "Parent Relationship": "Outer",
                  "Parallel Aware": true,
                  "Join Type": "Inner",
                  "Startup Cost": 54314.95,
                  "Total Cost": 80451.99,
                  "Plan Rows": 43635,
                  "Plan Width": 0,
                  "Actual Startup Time": 208.216,
                  "Actual Total Time": 287.574,
                  "Actual Rows": 77878,
                  "Actual Loops": 4,
                  "Inner Unique": true,
                  "Hash Cond": "(mk.movie_id = t.id)",
                  "Plans": [
                    {
                      "Node Type": "Bitmap Heap Scan",
                      "Parent Relationship": "Outer",
                      "Parallel Aware": true,
                      "Relation Name": "movie_keyword",
                      "Alias": "mk",
                      "Startup Cost": 7317.83,
                      "Total Cost": 33162.77,
                      "Plan Rows": 111275,
                      "Plan Width": 4,
                      "Actual Startup Time": 23.847,
                      "Actual Total Time": 70.749,
                      "Actual Rows": 90923,
                      "Actual Loops": 4,
                      "Recheck Cond": "(keyword_id < 335)",
                      "Rows Removed by Index Recheck": 0,
                      "Exact Heap Blocks": 7567,
                      "Lossy Heap Blocks": 0,
                      "Plans": [
                        {
                          "Node Type": "Bitmap Index Scan",
                          "Parent Relationship": "Outer",
                          "Parallel Aware": false,
                          "Index Name": "keyword_id_movie_keyword",
                          "Startup Cost": 0.0,
                          "Total Cost": 7231.59,
                          "Plan Rows": 344954,
                          "Plan Width": 0,
                          "Actual Startup Time": 20.109,
                          "Actual Total Time": 20.11,
                          "Actual Rows": 363692,
                          "Actual Loops": 1,
                          "Index Cond": "(keyword_id < 335)"
                        }
                      ]
                    },
                    {
                      "Node Type": "Hash",
                      "Parent Relationship": "Inner",
                      "Parallel Aware": true,
                      "Startup Cost": 43898.92,
                      "Total Cost": 43898.92,
                      "Plan Rows": 247857,
                      "Plan Width": 4,
                      "Actual Startup Time": 179.323,
                      "Actual Total Time": 179.324,
                      "Actual Rows": 246262,
                      "Actual Loops": 4,
                      "Hash Buckets": 1048576,
                      "Original Hash Buckets": 1048576,
                      "Hash Batches": 1,
                      "Original Hash Batches": 1,
                      "Peak Memory Usage": 46816,
                      "Plans": [
                        {
                          "Node Type": "Seq Scan",
                          "Parent Relationship": "Outer",
                          "Parallel Aware": true,
                          "Relation Name": "title",
                          "Alias": "t",
                          "Startup Cost": 0.0,
                          "Total Cost": 43898.92,
                          "Plan Rows": 247857,
                          "Plan Width": 4,
                          "Actual Startup Time": 0.038,
                          "Actual Total Time": 100.054,
                          "Actual Rows": 246262,
                          "Actual Loops": 4,
                          "Filter": "(kind_id < 7)",
                          "Rows Removed by Filter": 385816
                        }
                      ]
                    }
                  ]
                }
              ]
            }
          ]
        }
      ]
    },
    "Planning Time": 0.602,
    "Triggers": [],
    "Execution Time": 319.976
  }
]