[
  {
    "Plan": {
      "Node Type": "Aggregate",
      "Strategy": "Plain",
      "Partial Mode": "Finalize",
      "Parallel Aware": false,
      "Startup Cost": 336817.84,
      "Total Cost": 336817.85,
      "Plan Rows": 1,
      "Plan Width": 8,
      "Actual Startup Time": 851.05,
      "Actual Total Time": 910.409,
      "Actual Rows": 1,
      "Actual Loops": 1,
      "Plans": [
        {
          "Node Type": "Gather",
          "Parent Relationship": "Outer",
          "Parallel Aware": false,
          "Startup Cost": 336817.22,
          "Total Cost": 336817.83,
          "Plan Rows": 6,
          "Plan Width": 8,
          "Actual Startup Time": 850.909,
          "Actual Total Time": 910.398,
          "Actual Rows": 7,
          "Actual Loops": 1,
          "Workers Planned": 6,
          "Workers Launched": 6,
          "Single Copy": false,
          "Plans": [
            {
              "Node Type": "Aggregate",
              "Strategy": "Plain",
              "Partial Mode": "Partial",
              "Parent Relationship": "Outer",
              "Parallel Aware": false,
              "Startup Cost": 335817.22,
              "Total Cost": 335817.23,
              "Plan Rows": 1,
              "Plan Width": 8,
              "Actual Startup Time": 841.219,
              "Actual Total Time": 841.22,
              "Actual Rows": 1,
              "Actual Loops": 7,
              "Plans": [
                {
                  "Node Type": "Seq Scan",
                  "Parent Relationship": "Outer",
                  "Parallel Aware": true,
                  "Relation Name": "cast_info",
                  "Alias": "ci",
                  "Startup Cost": 0.0,
                  "Total Cost": 328211.39,
                  "Plan Rows": 3042331,
                  "Plan Width": 0,
                  "Actual Startup Time": 244.585,
                  "Actual Total Time": 700.375,
                  "Actual Rows": 2582502,
                  "Actual Loops": 7,
                  "Filter": "(person_id > 1803772)",
                  "Rows Removed by Filter": 2595262
                }
              ]
            }
          ]
        }
      ]
    },
    "Planning Time": 0.088,
    "Triggers": [],
    "Execution Time": 910.516
  }
]