{
  "Plan": {
    "Node Type": "Aggregate",
    "Strategy": "Plain",
    "Partial Mode": "Finalize",
    "Parallel Aware": false,
    "Startup Cost": 167140.99,
    "Total Cost": 167141.0,
    "Plan Rows": 1,
    "Plan Width": 8,
    "Actual Startup Time": 1390.223,
    "Actual Total Time": 1411.64,
    "Actual Rows": 1,
    "Actual Loops": 1,
    "Plans": [
      {
        "Node Type": "Gather",
        "Parent Relationship": "Outer",
        "Parallel Aware": false,
        "Startup Cost": 167140.88,
        "Total Cost": 167140.99,
        "Plan Rows": 1,
        "Plan Width": 8,
        "Actual Startup Time": 1388.341,
        "Actual Total Time": 1411.631,
        "Actual Rows": 2,
        "Actual Loops": 1,
        "Workers Planned": 1,
        "Workers Launched": 1,
        "Single Copy": false,
        "Plans": [
          {
            "Node Type": "Aggregate",
            "Strategy": "Plain",
            "Partial Mode": "Partial",
            "Parent Relationship": "Outer",
            "Parallel Aware": false,
            "Startup Cost": 166140.88,
            "Total Cost": 166140.89,
            "Plan Rows": 1,
            "Plan Width": 8,
            "Actual Startup Time": 1381.606,
            "Actual Total Time": 1381.613,
            "Actual Rows": 1,
            "Actual Loops": 2,
            "Plans": [
              {
                "Node Type": "Hash Join",
                "Parent Relationship": "Outer",
                "Parallel Aware": true,
                "Join Type": "Inner",
                "Startup Cost": 103830.65,
                "Total Cost": 165763.41,
                "Plan Rows": 150986,
                "Plan Width": 0,
                "Actual Startup Time": 564.834,
                "Actual Total Time": 1223.824,
                "Actual Rows": 3032542,
                "Actual Loops": 2,
                "Inner Unique": false,
                "Hash Cond": "(mk.movie_id = t.id)",
                "Plans": [
                  {
                    "Node Type": "Seq Scan",
                    "Parent Relationship": "Outer",
                    "Parallel Aware": true,
                    "Relation Name": "movie_keyword",
                    "Alias": "mk",
                    "Startup Cost": 0.0,
                    "Total Cost": 51065.35,
                    "Plan Rows": 2661135,
                    "Plan Width": 4,
                    "Actual Startup Time": 0.017,
                    "Actual Total Time": 183.499,
                    "Actual Rows": 2261965,
                    "Actual Loops": 2
                  },
                  {
                    "Node Type": "Hash",
                    "Parent Relationship": "Inner",
                    "Parallel Aware": true,
                    "Startup Cost": 102775.87,
                    "Total Cost": 102775.87,
                    "Plan Rows": 84382,
                    "Plan Width": 8,
                    "Actual Startup Time": 561.269,
                    "Actual Total Time": 561.274,
                    "Actual Rows": 120611,
                    "Actual Loops": 2,
                    "Hash Buckets": 262144,
                    "Original Hash Buckets": 262144,
                    "Hash Batches": 1,
                    "Original Hash Batches": 1,
                    "Peak Memory Usage": 11488,
                    "Plans": [
                      {
                        "Node Type": "Hash Join",
                        "Parent Relationship": "Outer",
                        "Parallel Aware": true,
                        "Join Type": "Inner",
                        "Startup Cost": 44046.16,
                        "Total Cost": 102775.87,
                        "Plan Rows": 84382,
                        "Plan Width": 8,
                        "Actual Startup Time": 221.32,
                        "Actual Total Time": 527.267,
                        "Actual Rows": 120611,
                        "Actual Loops": 2,
                        "Inner Unique": false,
                        "Hash Cond": "(t.id = mc.movie_id)",
                        "Plans": [
                          {
                            "Node Type": "Seq Scan",
                            "Parent Relationship": "Outer",
                            "Parallel Aware": true,
                            "Relation Name": "title",
                            "Alias": "t",
                            "Startup Cost": 0.0,
                            "Total Cost": 54588.39,
                            "Plan Rows": 583193,
                            "Plan Width": 4,
                            "Actual Startup Time": 0.015,
                            "Actual Total Time": 157.022,
                            "Actual Rows": 492524,
                            "Actual Loops": 2,
                            "Filter": "(kind_id < 7)",
                            "Rows Removed by Filter": 771632
                          },
                          {
                            "Node Type": "Hash",
                            "Parent Relationship": "Inner",
                            "Parallel Aware": true,
                            "Startup Cost": 41356.34,
                            "Total Cost": 41356.34,
                            "Plan Rows": 215186,
                            "Plan Width": 4,
                            "Actual Startup Time": 217.476,
                            "Actual Total Time": 217.478,
                            "Actual Rows": 260032,
                            "Actual Loops": 2,
                            "Hash Buckets": 524288,
                            "Original Hash Buckets": 524288,
                            "Hash Batches": 1,
                            "Original Hash Batches": 1,
                            "Peak Memory Usage": 24480,
                            "Plans": [
                              {
                                "Node Type": "Bitmap Heap Scan",
                                "Parent Relationship": "Outer",
                                "Parallel Aware": true,
                                "Relation Name": "movie_companies",
                                "Alias": "mc",
                                "Startup Cost": 16009.34,
                                "Total Cost": 41356.34,
                                "Plan Rows": 215186,
                                "Plan Width": 4,
                                "Actual Startup Time": 59.661,
                                "Actual Total Time": 153.239,
                                "Actual Rows": 260032,
                                "Actual Loops": 2,
                                "Recheck Cond": "(company_id < 1451)",
                                "Rows Removed by Index Recheck": 0,
                                "Filter": "(company_type_id = 1)",
                                "Rows Removed by Filter": 109093,
                                "Exact Heap Blocks": 8479,
                                "Lossy Heap Blocks": 0,
                                "Plans": [
                                  {
                                    "Node Type": "Bitmap Index Scan",
                                    "Parent Relationship": "Outer",
                                    "Parallel Aware": false,
                                    "Index Name": "company_id_movie_companies",
                                    "Startup Cost": 0.0,
                                    "Total Cost": 15917.88,
                                    "Plan Rows": 743127,
                                    "Plan Width": 0,
                                    "Actual Startup Time": 55.097,
                                    "Actual Total Time": 55.098,
                                    "Actual Rows": 738251,
                                    "Actual Loops": 1,
                                    "Index Cond": "(company_id < 1451)"
                                  }
                                ]
                              }
                            ]
                          }
                        ]
                      }
                    ]
                  }
                ]
              }
            ]
          }
        ]
      }
    ]
  },
  "Planning Time": 1.088,
  "Triggers": [],
  "Execution Time": 1411.745
}