[
  {
    "Plan": {
      "Node Type": "Aggregate",
      "Strategy": "Plain",
      "Partial Mode": "Finalize",
      "Parallel Aware": false,
      "Startup Cost": 32927.8,
      "Total Cost": 32927.81,
      "Plan Rows": 1,
      "Plan Width": 8,
      "Actual Startup Time": 89.689,
      "Actual Total Time": 97.321,
      "Actual Rows": 1,
      "Actual Loops": 1,
      "Plans": [
        {
          "Node Type": "Gather",
          "Parent Relationship": "Outer",
          "Parallel Aware": false,
          "Startup Cost": 32927.48,
          "Total Cost": 32927.79,
          "Plan Rows": 3,
          "Plan Width": 8,
          "Actual Startup Time": 89.566,
          "Actual Total Time": 97.313,
          "Actual Rows": 4,
          "Actual Loops": 1,
          "Workers Planned": 3,
          "Workers Launched": 3,
          "Single Copy": false,
          "Plans": [
            {
              "Node Type": "Aggregate",
              "Strategy": "Plain",
              "Partial Mode": "Partial",
              "Parent Relationship": "Outer",
              "Parallel Aware": false,
              "Startup Cost": 31927.48,
              "Total Cost": 31927.49,
              "Plan Rows": 1,
              "Plan Width": 8,
              "Actual Startup Time": 82.685,
              "Actual Total Time": 82.686,
              "Actual Rows": 1,
              "Actual Loops": 4,
              "Plans": [
                {
                  "Node Type": "Seq Scan",
                  "Parent Relationship": "Outer",
                  "Parallel Aware": true,
                  "Relation Name": "movie_companies",
                  "Alias": "mc",
                  "Startup Cost": 0.0,
                  "Total Cost": 31414.82,
                  "Plan Rows": 205064,
                  "Plan Width": 0,
                  "Actual Startup Time": 22.34,
                  "Actual Total Time": 78.079,
                  "Actual Rows": 97548,
                  "Actual Loops": 4,
                  "Filter": "((company_id > 11348) AND (company_type_id = 1))",
                  "Rows Removed by Filter": 554734
                }
              ]
            }
          ]
        }
      ]
    },
    "Planning Time": 0.219,
    "Triggers": [],
    "Execution Time": 97.374
  }
]