{
  "Plan": {
    "Node Type": "Aggregate",
    "Strategy": "Plain",
    "Partial Mode": "Finalize",
    "Parallel Aware": false,
    "Startup Cost": 606213.09,
    "Total Cost": 606213.1,
    "Plan Rows": 1,
    "Plan Width": 8,
    "Actual Startup Time": 2548.686,
    "Actual Total Time": 2608.426,
    "Actual Rows": 1,
    "Actual Loops": 1,
    "Plans": [
      {
        "Node Type": "Gather",
        "Parent Relationship": "Outer",
        "Parallel Aware": false,
        "Startup Cost": 606212.98,
        "Total Cost": 606213.09,
        "Plan Rows": 1,
        "Plan Width": 8,
        "Actual Startup Time": 2548.49,
        "Actual Total Time": 2608.417,
        "Actual Rows": 2,
        "Actual Loops": 1,
        "Workers Planned": 1,
        "Workers Launched": 1,
        "Single Copy": false,
        "Plans": [
          {
            "Node Type": "Aggregate",
            "Strategy": "Plain",
            "Partial Mode": "Partial",
            "Parent Relationship": "Outer",
            "Parallel Aware": false,
            "Startup Cost": 605212.98,
            "Total Cost": 605212.99,
            "Plan Rows": 1,
            "Plan Width": 8,
            "Actual Startup Time": 2542.567,
            "Actual Total Time": 2542.571,
            "Actual Rows": 1,
            "Actual Loops": 2,
            "Plans": [
              {
                "Node Type": "Hash Join",
                "Parent Relationship": "Outer",
                "Parallel Aware": true,
                "Join Type": "Inner",
                "Startup Cost": 39392.96,
                "Total Cost": 604900.58,
                "Plan Rows": 124961,
                "Plan Width": 0,
                "Actual Startup Time": 215.545,
                "Actual Total Time": 2542.531,
                "Actual Rows": 38,
                "Actual Loops": 2,
                "Inner Unique": true,
                "Hash Cond": "(ci.movie_id = t.id)",
                "Plans": [
                  {
                    "Node Type": "Seq Scan",
                    "Parent Relationship": "Outer",
                    "Parallel Aware": true,
                    "Relation Name": "cast_info",
                    "Alias": "ci",
                    "Startup Cost": 0.0,
                    "Total Cost": 519069.44,
                    "Plan Rows": 17690705,
                    "Plan Width": 4,
                    "Actual Startup Time": 146.637,
                    "Actual Total Time": 1610.152,
                    "Actual Rows": 14952655,
                    "Actual Loops": 2,
                    "Filter": "(person_id > 612081)",
                    "Rows Removed by Filter": 3169517
                  },
                  {
                    "Node Type": "Hash",
                    "Parent Relationship": "Inner",
                    "Parallel Aware": true,
                    "Startup Cost": 39261.65,
                    "Total Cost": 39261.65,
                    "Plan Rows": 10505,
                    "Plan Width": 4,
                    "Actual Startup Time": 50.507,
                    "Actual Total Time": 50.508,
                    "Actual Rows": 6,
                    "Actual Loops": 2,
                    "Hash Buckets": 32768,
                    "Original Hash Buckets": 32768,
                    "Hash Batches": 1,
                    "Original Hash Batches": 1,
                    "Peak Memory Usage": 320,
                    "Plans": [
                      {
                        "Node Type": "Bitmap Heap Scan",
                        "Parent Relationship": "Outer",
                        "Parallel Aware": true,
                        "Relation Name": "title",
                        "Alias": "t",
                        "Startup Cost": 2185.4,
                        "Total Cost": 39261.65,
                        "Plan Rows": 10505,
                        "Plan Width": 4,
                        "Actual Startup Time": 31.449,
                        "Actual Total Time": 50.436,
                        "Actual Rows": 6,
                        "Actual Loops": 2,
                        "Recheck Cond": "(kind_id = 4)",
                        "Rows Removed by Index Recheck": 0,
                        "Filter": "(production_year < 1971)",
                        "Rows Removed by Filter": 59111,
                        "Exact Heap Blocks": 11332,
                        "Lossy Heap Blocks": 0,
                        "Plans": [
                          {
                            "Node Type": "Bitmap Index Scan",
                            "Parent Relationship": "Outer",
                            "Parallel Aware": false,
                            "Index Name": "kind_id_title",
                            "Startup Cost": 0.0,
                            "Total Cost": 2180.94,
                            "Plan Rows": 122201,
                            "Plan Width": 0,
                            "Actual Startup Time": 15.899,
                            "Actual Total Time": 15.9,
                            "Actual Rows": 118234,
                            "Actual Loops": 1,
                            "Index Cond": "(kind_id = 4)"
                          }
                        ]
                      }
                    ]
                  }
                ]
              }
            ]
          }
        ]
      }
    ]
  },
  "Planning Time": 0.526,
  "Triggers": [],
  "Execution Time": 2608.538
}