{
    "Plan": {
        "Node Type": "Aggregate",
        "Strategy": "Plain",
        "Partial Mode": "Simple",
        "Parallel Aware": false,
        "Startup Cost": 10000386874.08,
        "Total Cost": 10000386874.09,
        "Plan Rows": 1,
        "Plan Width": 8,
        "Actual Startup Time": 3395.885,
        "Actual Total Time": 3395.889,
        "Actual Rows": 1,
        "Actual Loops": 1,
        "Output": [
            "count(*)"
        ],
        "Plans": [
            {
                "Node Type": "Hash Join",
                "Parent Relationship": "Outer",
                "Parallel Aware": false,
                "Join Type": "Inner",
                "Startup Cost": 10000166917.98,
                "Total Cost": 10000385733.69,
                "Plan Rows": 456154,
                "Plan Width": 0,
                "Actual Startup Time": 1626.394,
                "Actual Total Time": 3349.756,
                "Actual Rows": 774955,
                "Actual Loops": 1,
                "Inner Unique": false,
                "Hash Cond": "(t.id = mc.movie_id)",
                "Plans": [
                    {
                        "Node Type": "Hash Join",
                        "Parent Relationship": "Outer",
                        "Parallel Aware": false,
                        "Join Type": "Inner",
                        "Startup Cost": 10000114418.66,
                        "Total Cost": 10000303471.02,
                        "Plan Rows": 2880208,
                        "Plan Width": 8,
                        "Actual Startup Time": 1161.619,
                        "Actual Total Time": 2631.783,
                        "Actual Rows": 1438560,
                        "Actual Loops": 1,
                        "Output": [
                            "t.id",
                            "mk.movie_id"
                        ],
                        "Inner Unique": true,
                        "Hash Cond": "(mk.movie_id = t.id)",
                        "Plans": [
                            {
                                "Node Type": "Index Scan",
                                "Parent Relationship": "Outer",
                                "Parallel Aware": false,
                                "Scan Direction": "Forward",
                                "Index Name": "movie_id_movie_keyword",
                                "Relation Name": "movie_keyword",
                                "Schema": "public",
                                "Alias": "mk",
                                "Startup Cost": 10000000000.43,
                                "Total Cost": 10000177177.46,
                                "Plan Rows": 4523930,
                                "Plan Width": 4,
                                "Actual Startup Time": 0.037,
                                "Actual Total Time": 743.419,
                                "Actual Rows": 4523930,
                                "Actual Loops": 1,
                                "Output": [
                                    "mk.id",
                                    "mk.movie_id",
                                    "mk.keyword_id"
                                ]
                            },
                            {
                                "Node Type": "Hash",
                                "Parent Relationship": "Inner",
                                "Parallel Aware": false,
                                "Startup Cost": 94297.19,
                                "Total Cost": 94297.19,
                                "Plan Rows": 1609683,
                                "Plan Width": 4,
                                "Actual Startup Time": 1149.723,
                                "Actual Total Time": 1149.724,
                                "Actual Rows": 1708910,
                                "Actual Loops": 1,
                                "Output": [
                                    "t.id"
                                ],
                                "Hash Buckets": 2097152,
                                "Original Hash Buckets": 2097152,
                                "Hash Batches": 1,
                                "Original Hash Batches": 1,
                                "Peak Memory Usage": 76463,
                                "Plans": [
                                    {
                                        "Node Type": "Bitmap Heap Scan",
                                        "Parent Relationship": "Outer",
                                        "Parallel Aware": false,
                                        "Relation Name": "title",
                                        "Schema": "public",
                                        "Alias": "t",
                                        "Startup Cost": 31840.3,
                                        "Total Cost": 94297.19,
                                        "Plan Rows": 1609683,
                                        "Plan Width": 4,
                                        "Actual Startup Time": 96.295,
                                        "Actual Total Time": 631.324,
                                        "Actual Rows": 1708910,
                                        "Actual Loops": 1,
                                        "Output": [
                                            "t.id"
                                        ],
                                        "Recheck Cond": "(t.kind_id > 2)",
                                        "Rows Removed by Index Recheck": 0,
                                        "Filter": "(t.production_year > 1942)",
                                        "Rows Removed by Filter": 65725,
                                        "Exact Heap Blocks": 35995,
                                        "Lossy Heap Blocks": 0,
                                        "Plans": [
                                            {
                                                "Node Type": "Bitmap Index Scan",
                                                "Parent Relationship": "Outer",
                                                "Parallel Aware": false,
                                                "Index Name": "kind_id_title",
                                                "Startup Cost": 0.0,
                                                "Total Cost": 31437.88,
                                                "Plan Rows": 1763926,
                                                "Plan Width": 0,
                                                "Actual Startup Time": 88.295,
                                                "Actual Total Time": 88.296,
                                                "Actual Rows": 1774635,
                                                "Actual Loops": 1,
                                                "Index Cond": "(t.kind_id > 2)"
                                            }
                                        ]
                                    }
                                ]
                            }
                        ]
                    },
                    {
                        "Node Type": "Hash",
                        "Parent Relationship": "Inner",
                        "Parallel Aware": false,
                        "Startup Cost": 47494.04,
                        "Total Cost": 47494.04,
                        "Plan Rows": 400423,
                        "Plan Width": 4,
                        "Actual Startup Time": 459.004,
                        "Actual Total Time": 459.005,
                        "Actual Rows": 720330,
                        "Actual Loops": 1,
                        "Output": [
                            "mc.movie_id"
                        ],
                        "Hash Buckets": 1048576,
                        "Original Hash Buckets": 524288,
                        "Hash Batches": 1,
                        "Original Hash Batches": 1,
                        "Peak Memory Usage": 33517,
                        "Plans": [
                            {
                                "Node Type": "Bitmap Heap Scan",
                                "Parent Relationship": "Outer",
                                "Parallel Aware": false,
                                "Relation Name": "movie_companies",
                                "Schema": "public",
                                "Alias": "mc",
                                "Startup Cost": 16923.04,
                                "Total Cost": 47494.04,
                                "Plan Rows": 400423,
                                "Plan Width": 4,
                                "Actual Startup Time": 102.944,
                                "Actual Total Time": 275.012,
                                "Actual Rows": 720330,
                                "Actual Loops": 1,
                                "Output": [
                                    "mc.movie_id"
                                ],
                                "Recheck Cond": "(mc.company_id > 31799)",
                                "Rows Removed by Index Recheck": 0,
                                "Filter": "(mc.company_type_id = 2)",
                                "Rows Removed by Filter": 67326,
                                "Exact Heap Blocks": 13692,
                                "Lossy Heap Blocks": 0,
                                "Plans": [
                                    {
                                        "Node Type": "Bitmap Index Scan",
                                        "Parent Relationship": "Outer",
                                        "Parallel Aware": false,
                                        "Index Name": "company_id_movie_companies",
                                        "Startup Cost": 0.0,
                                        "Total Cost": 16822.93,
                                        "Plan Rows": 785400,
                                        "Plan Width": 0,
                                        "Actual Startup Time": 62.246,
                                        "Actual Total Time": 62.246,
                                        "Actual Rows": 787656,
                                        "Actual Loops": 1,
                                        "Index Cond": "(mc.company_id > 31799)"
                                    }
                                ]
                            }
                        ]
                    }
                ]
            }
        ]
    },
    "Planning Time": 3.481,
    "Triggers": [],
    "Execution Time": 3398.89
}