[
  {
    "Plan": {
      "Node Type": "Aggregate",
      "Strategy": "Plain",
      "Partial Mode": "Finalize",
      "Parallel Aware": false,
      "Startup Cost": 31839.93,
      "Total Cost": 31839.94,
      "Plan Rows": 1,
      "Plan Width": 8,
      "Actual Startup Time": 108.582,
      "Actual Total Time": 114.457,
      "Actual Rows": 1,
      "Actual Loops": 1,
      "Plans": [
        {
          "Node Type": "Gather",
          "Parent Relationship": "Outer",
          "Parallel Aware": false,
          "Startup Cost": 31839.61,
          "Total Cost": 31839.92,
          "Plan Rows": 3,
          "Plan Width": 8,
          "Actual Startup Time": 108.471,
          "Actual Total Time": 114.451,
          "Actual Rows": 4,
          "Actual Loops": 1,
          "Workers Planned": 3,
          "Workers Launched": 3,
          "Single Copy": false,
          "Plans": [
            {
              "Node Type": "Aggregate",
              "Strategy": "Plain",
              "Partial Mode": "Partial",
              "Parent Relationship": "Outer",
              "Parallel Aware": false,
              "Startup Cost": 30839.61,
              "Total Cost": 30839.62,
              "Plan Rows": 1,
              "Plan Width": 8,
              "Actual Startup Time": 104.04,
              "Actual Total Time": 104.041,
              "Actual Rows": 1,
              "Actual Loops": 4,
              "Plans": [
                {
                  "Node Type": "Seq Scan",
                  "Parent Relationship": "Outer",
                  "Parallel Aware": true,
                  "Relation Name": "movie_companies",
                  "Alias": "mc",
                  "Startup Cost": 0.0,
                  "Total Cost": 29310.68,
                  "Plan Rows": 611572,
                  "Plan Width": 0,
                  "Actual Startup Time": 0.023,
                  "Actual Total Time": 80.511,
                  "Actual Rows": 470402,
                  "Actual Loops": 4,
                  "Filter": "(company_id < 40979)",
                  "Rows Removed by Filter": 181880
                }
              ]
            }
          ]
        }
      ]
    },
    "Planning Time": 0.1,
    "Triggers": [],
    "Execution Time": 114.488
  }
]