{
  "Plan": {
    "Node Type": "Aggregate",
    "Strategy": "Plain",
    "Partial Mode": "Finalize",
    "Parallel Aware": false,
    "Startup Cost": 128638.05,
    "Total Cost": 128638.06,
    "Plan Rows": 1,
    "Plan Width": 8,
    "Actual Startup Time": 829.32,
    "Actual Total Time": 846.94,
    "Actual Rows": 1,
    "Actual Loops": 1,
    "Plans": [
      {
        "Node Type": "Gather",
        "Parent Relationship": "Outer",
        "Parallel Aware": false,
        "Startup Cost": 128637.93,
        "Total Cost": 128638.04,
        "Plan Rows": 1,
        "Plan Width": 8,
        "Actual Startup Time": 826.238,
        "Actual Total Time": 846.933,
        "Actual Rows": 2,
        "Actual Loops": 1,
        "Workers Planned": 1,
        "Workers Launched": 1,
        "Single Copy": false,
        "Plans": [
          {
            "Node Type": "Aggregate",
            "Strategy": "Plain",
            "Partial Mode": "Partial",
            "Parent Relationship": "Outer",
            "Parallel Aware": false,
            "Startup Cost": 127637.93,
            "Total Cost": 127637.94,
            "Plan Rows": 1,
            "Plan Width": 8,
            "Actual Startup Time": 813.955,
            "Actual Total Time": 813.958,
            "Actual Rows": 1,
            "Actual Loops": 2,
            "Plans": [
              {
                "Node Type": "Hash Join",
                "Parent Relationship": "Outer",
                "Parallel Aware": true,
                "Join Type": "Inner",
                "Startup Cost": 92112.92,
                "Total Cost": 126067.58,
                "Plan Rows": 628143,
                "Plan Width": 0,
                "Actual Startup Time": 585.165,
                "Actual Total Time": 790.836,
                "Actual Rows": 531970,
                "Actual Loops": 2,
                "Inner Unique": true,
                "Hash Cond": "(mk.movie_id = t.id)",
                "Plans": [
                  {
                    "Node Type": "Bitmap Heap Scan",
                    "Parent Relationship": "Outer",
                    "Parallel Aware": true,
                    "Relation Name": "movie_keyword",
                    "Alias": "mk",
                    "Startup Cost": 22652.22,
                    "Total Cost": 54958.0,
                    "Plan Rows": 628143,
                    "Plan Width": 4,
                    "Actual Startup Time": 69.108,
                    "Actual Total Time": 160.266,
                    "Actual Rows": 531970,
                    "Actual Loops": 2,
                    "Recheck Cond": "(keyword_id > 16503)",
                    "Rows Removed by Index Recheck": 0,
                    "Exact Heap Blocks": 13250,
                    "Lossy Heap Blocks": 0,
                    "Plans": [
                      {
                        "Node Type": "Bitmap Index Scan",
                        "Parent Relationship": "Outer",
                        "Parallel Aware": false,
                        "Index Name": "keyword_id_movie_keyword",
                        "Startup Cost": 0.0,
                        "Total Cost": 22385.25,
                        "Plan Rows": 1067843,
                        "Plan Width": 0,
                        "Actual Startup Time": 65.538,
                        "Actual Total Time": 65.539,
                        "Actual Rows": 1063940,
                        "Actual Loops": 1,
                        "Index Cond": "(keyword_id > 16503)"
                      }
                    ]
                  },
                  {
                    "Node Type": "Hash",
                    "Parent Relationship": "Inner",
                    "Parallel Aware": true,
                    "Startup Cost": 50870.31,
                    "Total Cost": 50870.31,
                    "Plan Rows": 1487231,
                    "Plan Width": 4,
                    "Actual Startup Time": 494.527,
                    "Actual Total Time": 494.528,
                    "Actual Rows": 1264156,
                    "Actual Loops": 2,
                    "Hash Buckets": 4194304,
                    "Original Hash Buckets": 4194304,
                    "Hash Batches": 1,
                    "Original Hash Batches": 1,
                    "Peak Memory Usage": 131712,
                    "Plans": [
                      {
                        "Node Type": "Seq Scan",
                        "Parent Relationship": "Outer",
                        "Parallel Aware": true,
                        "Relation Name": "title",
                        "Alias": "t",
                        "Startup Cost": 0.0,
                        "Total Cost": 50870.31,
                        "Plan Rows": 1487231,
                        "Plan Width": 4,
                        "Actual Startup Time": 0.024,
                        "Actual Total Time": 151.901,
                        "Actual Rows": 1264156,
                        "Actual Loops": 2
                      }
                    ]
                  }
                ]
              }
            ]
          }
        ]
      }
    ]
  },
  "Planning Time": 0.704,
  "Triggers": [],
  "Execution Time": 847.029
}