[
  {
    "Plan": {
      "Node Type": "Aggregate",
      "Strategy": "Plain",
      "Partial Mode": "Finalize",
      "Parallel Aware": false,
      "Startup Cost": 44684.73,
      "Total Cost": 44684.74,
      "Plan Rows": 1,
      "Plan Width": 8,
      "Actual Startup Time": 127.493,
      "Actual Total Time": 135.185,
      "Actual Rows": 1,
      "Actual Loops": 1,
      "Plans": [
        {
          "Node Type": "Gather",
          "Parent Relationship": "Outer",
          "Parallel Aware": false,
          "Startup Cost": 44684.41,
          "Total Cost": 44684.72,
          "Plan Rows": 3,
          "Plan Width": 8,
          "Actual Startup Time": 127.379,
          "Actual Total Time": 135.173,
          "Actual Rows": 4,
          "Actual Loops": 1,
          "Workers Planned": 3,
          "Workers Launched": 3,
          "Single Copy": false,
          "Plans": [
            {
              "Node Type": "Aggregate",
              "Strategy": "Plain",
              "Partial Mode": "Partial",
              "Parent Relationship": "Outer",
              "Parallel Aware": false,
              "Startup Cost": 43684.41,
              "Total Cost": 43684.42,
              "Plan Rows": 1,
              "Plan Width": 8,
              "Actual Startup Time": 122.094,
              "Actual Total Time": 122.095,
              "Actual Rows": 1,
              "Actual Loops": 4,
              "Plans": [
                {
                  "Node Type": "Seq Scan",
                  "Parent Relationship": "Outer",
                  "Parallel Aware": true,
                  "Relation Name": "movie_keyword",
                  "Alias": "mk",
                  "Startup Cost": 0.0,
                  "Total Cost": 42695.65,
                  "Plan Rows": 395504,
                  "Plan Width": 0,
                  "Actual Startup Time": 2.057,
                  "Actual Total Time": 106.078,
                  "Actual Rows": 307276,
                  "Actual Loops": 4,
                  "Filter": "(keyword_id > 14762)",
                  "Rows Removed by Filter": 823706
                }
              ]
            }
          ]
        }
      ]
    },
    "Planning Time": 0.161,
    "Triggers": [],
    "Execution Time": 135.244
  }
]