[
  {
    "Plan": {
      "Node Type": "Aggregate",
      "Strategy": "Plain",
      "Partial Mode": "Finalize",
      "Parallel Aware": false,
      "Startup Cost": 125818.42,
      "Total Cost": 125818.43,
      "Plan Rows": 1,
      "Plan Width": 8,
      "Actual Startup Time": 634.594,
      "Actual Total Time": 709.989,
      "Actual Rows": 1,
      "Actual Loops": 1,
      "Plans": [
        {
          "Node Type": "Gather",
          "Parent Relationship": "Outer",
          "Parallel Aware": false,
          "Startup Cost": 125818.0,
          "Total Cost": 125818.41,
          "Plan Rows": 4,
          "Plan Width": 8,
          "Actual Startup Time": 634.008,
          "Actual Total Time": 709.978,
          "Actual Rows": 5,
          "Actual Loops": 1,
          "Workers Planned": 4,
          "Workers Launched": 4,
          "Single Copy": false,
          "Plans": [
            {
              "Node Type": "Aggregate",
              "Strategy": "Plain",
              "Partial Mode": "Partial",
              "Parent Relationship": "Outer",
              "Parallel Aware": false,
              "Startup Cost": 124818.0,
              "Total Cost": 124818.01,
              "Plan Rows": 1,
              "Plan Width": 8,
              "Actual Startup Time": 623.391,
              "Actual Total Time": 623.395,
              "Actual Rows": 1,
              "Actual Loops": 5,
              "Plans": [
                {
                  "Node Type": "Nested Loop",
                  "Parent Relationship": "Outer",
                  "Parallel Aware": false,
                  "Join Type": "Inner",
                  "Startup Cost": 26194.65,
                  "Total Cost": 124647.38,
                  "Plan Rows": 68248,
                  "Plan Width": 0,
                  "Actual Startup Time": 78.882,
                  "Actual Total Time": 620.795,
                  "Actual Rows": 39393,
                  "Actual Loops": 5,
                  "Inner Unique": false,
                  "Plans": [
                    {
                      "Node Type": "Hash Join",
                      "Parent Relationship": "Outer",
                      "Parallel Aware": true,
                      "Join Type": "Inner",
                      "Startup Cost": 26194.08,
                      "Total Cost": 72408.72,
                      "Plan Rows": 23432,
                      "Plan Width": 8,
                      "Actual Startup Time": 78.583,
                      "Actual Total Time": 208.628,
                      "Actual Rows": 10296,
                      "Actual Loops": 5,
                      "Inner Unique": false,
                      "Hash Cond": "(t.id = mc.movie_id)",
                      "Plans": [
                        {
                          "Node Type": "Seq Scan",
                          "Parent Relationship": "Outer",
                          "Parallel Aware": true,
                          "Relation Name": "title",
                          "Alias": "t",
                          "Startup Cost": 0.0,
                          "Total Cost": 43898.92,
                          "Plan Rows": 448026,
                          "Plan Width": 4,
                          "Actual Startup Time": 0.012,
                          "Actual Total Time": 72.208,
                          "Actual Rows": 358831,
                          "Actual Loops": 5,
                          "Filter": "(production_year < 2009)",
                          "Rows Removed by Filter": 146832
                        },
                        {
                          "Node Type": "Hash",
                          "Parent Relationship": "Inner",
                          "Parallel Aware": true,
                          "Startup Cost": 25660.89,
                          "Total Cost": 25660.89,
                          "Plan Rows": 42655,
                          "Plan Width": 4,
                          "Actual Startup Time": 76.671,
                          "Actual Total Time": 76.673,
                          "Actual Rows": 12060,
                          "Actual Loops": 5,
                          "Hash Buckets": 262144,
                          "Original Hash Buckets": 262144,
                          "Hash Batches": 1,
                          "Original Hash Batches": 1,
                          "Peak Memory Usage": 4512,
                          "Plans": [
                            {
                              "Node Type": "Bitmap Heap Scan",
                              "Parent Relationship": "Outer",
                              "Parallel Aware": true,
                              "Relation Name": "movie_companies",
                              "Alias": "mc",
                              "Startup Cost": 5610.73,
                              "Total Cost": 25660.89,
                              "Plan Rows": 42655,
                              "Plan Width": 4,
                              "Actual Startup Time": 60.702,
                              "Actual Total Time": 72.268,
                              "Actual Rows": 12060,
                              "Actual Loops": 5,
                              "Recheck Cond": "(company_id < 133)",
                              "Rows Removed by Index Recheck": 0,
                              "Filter": "(company_type_id = 2)",
                              "Rows Removed by Filter": 39821,
                              "Exact Heap Blocks": 8377,
                              "Lossy Heap Blocks": 0,
                              "Plans": [
                                {
                                  "Node Type": "Bitmap Index Scan",
                                  "Parent Relationship": "Outer",
                                  "Parallel Aware": false,
                                  "Index Name": "company_id_movie_companies",
                                  "Startup Cost": 0.0,
                                  "Total Cost": 5577.68,
                                  "Plan Rows": 260433,
                                  "Plan Width": 0,
                                  "Actual Startup Time": 24.947,
                                  "Actual Total Time": 24.948,
                                  "Actual Rows": 259406,
                                  "Actual Loops": 1,
                                  "Index Cond": "(company_id < 133)"
                                }
                              ]
                            }
                          ]
                        }
                      ]
                    },
                    {
                      "Node Type": "Index Scan",
                      "Parent Relationship": "Inner",
                      "Parallel Aware": false,
                      "Scan Direction": "Forward",
                      "Index Name": "movie_id_cast_info",
                      "Relation Name": "cast_info",
                      "Alias": "ci",
                      "Startup Cost": 0.56,
                      "Total Cost": 2.16,
                      "Plan Rows": 7,
                      "Plan Width": 4,
                      "Actual Startup Time": 0.022,
                      "Actual Total Time": 0.039,
                      "Actual Rows": 4,
                      "Actual Loops": 51480,
                      "Index Cond": "(movie_id = t.id)",
                      "Rows Removed by Index Recheck": 0,
                      "Filter": "(role_id = 2)",
                      "Rows Removed by Filter": 17
                    }
                  ]
                }
              ]
            }
          ]
        }
      ]
    },
    "Planning Time": 1.458,
    "Triggers": [],
    "Execution Time": 710.134
  }
]