[
  {
    "Plan": {
      "Node Type": "Aggregate",
      "Strategy": "Plain",
      "Partial Mode": "Finalize",
      "Parallel Aware": false,
      "Startup Cost": 29580.02,
      "Total Cost": 29580.03,
      "Plan Rows": 1,
      "Plan Width": 8,
      "Actual Startup Time": 70.349,
      "Actual Total Time": 75.942,
      "Actual Rows": 1,
      "Actual Loops": 1,
      "Plans": [
        {
          "Node Type": "Gather",
          "Parent Relationship": "Outer",
          "Parallel Aware": false,
          "Startup Cost": 29579.7,
          "Total Cost": 29580.01,
          "Plan Rows": 3,
          "Plan Width": 8,
          "Actual Startup Time": 70.139,
          "Actual Total Time": 75.935,
          "Actual Rows": 4,
          "Actual Loops": 1,
          "Workers Planned": 3,
          "Workers Launched": 3,
          "Single Copy": false,
          "Plans": [
            {
              "Node Type": "Aggregate",
              "Strategy": "Plain",
              "Partial Mode": "Partial",
              "Parent Relationship": "Outer",
              "Parallel Aware": false,
              "Startup Cost": 28579.7,
              "Total Cost": 28579.71,
              "Plan Rows": 1,
              "Plan Width": 8,
              "Actual Startup Time": 62.577,
              "Actual Total Time": 62.578,
              "Actual Rows": 1,
              "Actual Loops": 4,
              "Plans": [
                {
                  "Node Type": "Bitmap Heap Scan",
                  "Parent Relationship": "Outer",
                  "Parallel Aware": true,
                  "Relation Name": "movie_keyword",
                  "Alias": "mk",
                  "Startup Cost": 3359.55,
                  "Total Cost": 28452.01,
                  "Plan Rows": 51077,
                  "Plan Width": 0,
                  "Actual Startup Time": 11.036,
                  "Actual Total Time": 59.433,
                  "Actual Rows": 37637,
                  "Actual Loops": 4,
                  "Recheck Cond": "(keyword_id > 73864)",
                  "Rows Removed by Index Recheck": 0,
                  "Exact Heap Blocks": 9729,
                  "Lossy Heap Blocks": 0,
                  "Plans": [
                    {
                      "Node Type": "Bitmap Index Scan",
                      "Parent Relationship": "Outer",
                      "Parallel Aware": false,
                      "Index Name": "keyword_id_movie_keyword",
                      "Startup Cost": 0.0,
                      "Total Cost": 3319.97,
                      "Plan Rows": 158338,
                      "Plan Width": 0,
                      "Actual Startup Time": 13.616,
                      "Actual Total Time": 13.617,
                      "Actual Rows": 150549,
                      "Actual Loops": 1,
                      "Index Cond": "(keyword_id > 73864)"
                    }
                  ]
                }
              ]
            }
          ]
        }
      ]
    },
    "Planning Time": 0.078,
    "Triggers": [],
    "Execution Time": 75.977
  }
]