{
  "Plan": {
    "Node Type": "Aggregate",
    "Strategy": "Plain",
    "Partial Mode": "Finalize",
    "Parallel Aware": false,
    "Startup Cost": 218558.33,
    "Total Cost": 218558.34,
    "Plan Rows": 1,
    "Plan Width": 8,
    "Actual Startup Time": 1802.04,
    "Actual Total Time": 1846.116,
    "Actual Rows": 1,
    "Actual Loops": 1,
    "Plans": [
      {
        "Node Type": "Gather",
        "Parent Relationship": "Outer",
        "Parallel Aware": false,
        "Startup Cost": 218558.22,
        "Total Cost": 218558.33,
        "Plan Rows": 1,
        "Plan Width": 8,
        "Actual Startup Time": 1801.745,
        "Actual Total Time": 1846.11,
        "Actual Rows": 2,
        "Actual Loops": 1,
        "Workers Planned": 1,
        "Workers Launched": 1,
        "Single Copy": false,
        "Plans": [
          {
            "Node Type": "Aggregate",
            "Strategy": "Plain",
            "Partial Mode": "Partial",
            "Parent Relationship": "Outer",
            "Parallel Aware": false,
            "Startup Cost": 217558.22,
            "Total Cost": 217558.23,
            "Plan Rows": 1,
            "Plan Width": 8,
            "Actual Startup Time": 1795.698,
            "Actual Total Time": 1795.702,
            "Actual Rows": 1,
            "Actual Loops": 2,
            "Plans": [
              {
                "Node Type": "Nested Loop",
                "Parent Relationship": "Outer",
                "Parallel Aware": false,
                "Join Type": "Inner",
                "Startup Cost": 54973.02,
                "Total Cost": 216754.27,
                "Plan Rows": 321581,
                "Plan Width": 0,
                "Actual Startup Time": 143.494,
                "Actual Total Time": 1635.229,
                "Actual Rows": 3905048,
                "Actual Loops": 2,
                "Inner Unique": false,
                "Join Filter": "(t.id = mi.movie_id)",
                "Rows Removed by Join Filter": 0,
                "Plans": [
                  {
                    "Node Type": "Hash Join",
                    "Parent Relationship": "Outer",
                    "Parallel Aware": true,
                    "Join Type": "Inner",
                    "Startup Cost": 54972.59,
                    "Total Cost": 113023.43,
                    "Plan Rows": 54996,
                    "Plan Width": 8,
                    "Actual Startup Time": 143.426,
                    "Actual Total Time": 467.868,
                    "Actual Rows": 57236,
                    "Actual Loops": 2,
                    "Inner Unique": true,
                    "Hash Cond": "(mk.movie_id = t.id)",
                    "Plans": [
                      {
                        "Node Type": "Seq Scan",
                        "Parent Relationship": "Outer",
                        "Parallel Aware": true,
                        "Relation Name": "movie_keyword",
                        "Alias": "mk",
                        "Startup Cost": 0.0,
                        "Total Cost": 51065.35,
                        "Plan Rows": 2661135,
                        "Plan Width": 4,
                        "Actual Startup Time": 0.011,
                        "Actual Total Time": 154.629,
                        "Actual Rows": 2261965,
                        "Actual Loops": 2
                      },
                      {
                        "Node Type": "Hash",
                        "Parent Relationship": "Inner",
                        "Parallel Aware": true,
                        "Startup Cost": 54588.39,
                        "Total Cost": 54588.39,
                        "Plan Rows": 30736,
                        "Plan Width": 4,
                        "Actual Startup Time": 141.96,
                        "Actual Total Time": 141.961,
                        "Actual Rows": 29295,
                        "Actual Loops": 2,
                        "Hash Buckets": 65536,
                        "Original Hash Buckets": 65536,
                        "Hash Batches": 1,
                        "Original Hash Batches": 1,
                        "Peak Memory Usage": 2816,
                        "Plans": [
                          {
                            "Node Type": "Seq Scan",
                            "Parent Relationship": "Outer",
                            "Parallel Aware": true,
                            "Relation Name": "title",
                            "Alias": "t",
                            "Startup Cost": 0.0,
                            "Total Cost": 54588.39,
                            "Plan Rows": 30736,
                            "Plan Width": 4,
                            "Actual Startup Time": 0.061,
                            "Actual Total Time": 133.463,
                            "Actual Rows": 29295,
                            "Actual Loops": 2,
                            "Filter": "(production_year = 2001)",
                            "Rows Removed by Filter": 1234861
                          }
                        ]
                      }
                    ]
                  },
                  {
                    "Node Type": "Index Only Scan",
                    "Parent Relationship": "Inner",
                    "Parallel Aware": false,
                    "Scan Direction": "Forward",
                    "Index Name": "movie_id_movie_info",
                    "Relation Name": "movie_info",
                    "Alias": "mi",
                    "Startup Cost": 0.43,
                    "Total Cost": 1.36,
                    "Plan Rows": 42,
                    "Plan Width": 4,
                    "Actual Startup Time": 0.003,
                    "Actual Total Time": 0.015,
                    "Actual Rows": 68,
                    "Actual Loops": 114472,
                    "Index Cond": "(movie_id = mk.movie_id)",
                    "Rows Removed by Index Recheck": 0,
                    "Heap Fetches": 7810097
                  }
                ]
              }
            ]
          }
        ]
      }
    ]
  },
  "Planning Time": 0.877,
  "Triggers": [],
  "Execution Time": 1846.208
}