[
    {
        "Bao": {
            "Bao prediction": "NaN",
            "Bao recommended hint": "(no hint)"
        }
    },
    {
        "Plan": {
            "Node Type": "Aggregate",
            "Strategy": "Plain",
            "Partial Mode": "Finalize",
            "Parallel Aware": false,
            "Startup Cost": 158274.39,
            "Total Cost": 158274.4,
            "Plan Rows": 1,
            "Plan Width": 8,
            "Actual Startup Time": 382.845,
            "Actual Total Time": 395.434,
            "Actual Rows": 1,
            "Actual Loops": 1,
            "Output": [
                "count(*)"
            ],
            "Plans": [
                {
                    "Node Type": "Gather",
                    "Parent Relationship": "Outer",
                    "Parallel Aware": false,
                    "Startup Cost": 158273.86,
                    "Total Cost": 158274.37,
                    "Plan Rows": 5,
                    "Plan Width": 8,
                    "Actual Startup Time": 380.621,
                    "Actual Total Time": 395.424,
                    "Actual Rows": 6,
                    "Actual Loops": 1,
                    "Output": [
                        "(PARTIAL count(*))"
                    ],
                    "Workers Planned": 5,
                    "Workers Launched": 5,
                    "Single Copy": false,
                    "Plans": [
                        {
                            "Node Type": "Aggregate",
                            "Strategy": "Plain",
                            "Partial Mode": "Partial",
                            "Parent Relationship": "Outer",
                            "Parallel Aware": false,
                            "Startup Cost": 157273.86,
                            "Total Cost": 157273.87,
                            "Plan Rows": 1,
                            "Plan Width": 8,
                            "Actual Startup Time": 370.613,
                            "Actual Total Time": 370.617,
                            "Actual Rows": 1,
                            "Actual Loops": 6,
                            "Output": [
                                "PARTIAL count(*)"
                            ],
                            "Workers": [
                                {
                                    "Worker Number": 0,
                                    "Actual Startup Time": 368.462,
                                    "Actual Total Time": 368.466,
                                    "Actual Rows": 1,
                                    "Actual Loops": 1
                                },
                                {
                                    "Worker Number": 1,
                                    "Actual Startup Time": 368.358,
                                    "Actual Total Time": 368.361,
                                    "Actual Rows": 1,
                                    "Actual Loops": 1
                                },
                                {
                                    "Worker Number": 2,
                                    "Actual Startup Time": 368.586,
                                    "Actual Total Time": 368.589,
                                    "Actual Rows": 1,
                                    "Actual Loops": 1
                                },
                                {
                                    "Worker Number": 3,
                                    "Actual Startup Time": 369.014,
                                    "Actual Total Time": 369.018,
                                    "Actual Rows": 1,
                                    "Actual Loops": 1
                                },
                                {
                                    "Worker Number": 4,
                                    "Actual Startup Time": 369.175,
                                    "Actual Total Time": 369.178,
                                    "Actual Rows": 1,
                                    "Actual Loops": 1
                                }
                            ],
                            "Plans": [
                                {
                                    "Node Type": "Hash Join",
                                    "Parent Relationship": "Outer",
                                    "Parallel Aware": true,
                                    "Join Type": "Inner",
                                    "Startup Cost": 47105.76,
                                    "Total Cost": 157115.89,
                                    "Plan Rows": 63188,
                                    "Plan Width": 0,
                                    "Actual Startup Time": 114.513,
                                    "Actual Total Time": 365.245,
                                    "Actual Rows": 94176,
                                    "Actual Loops": 6,
                                    "Inner Unique": true,
                                    "Hash Cond": "(ci.movie_id = t.id)",
                                    "Workers": [
                                        {
                                            "Worker Number": 0,
                                            "Actual Startup Time": 112.292,
                                            "Actual Total Time": 362.875,
                                            "Actual Rows": 76147,
                                            "Actual Loops": 1
                                        },
                                        {
                                            "Worker Number": 1,
                                            "Actual Startup Time": 111.988,
                                            "Actual Total Time": 362.951,
                                            "Actual Rows": 73522,
                                            "Actual Loops": 1
                                        },
                                        {
                                            "Worker Number": 2,
                                            "Actual Startup Time": 113.076,
                                            "Actual Total Time": 362.992,
                                            "Actual Rows": 76899,
                                            "Actual Loops": 1
                                        },
                                        {
                                            "Worker Number": 3,
                                            "Actual Startup Time": 112.772,
                                            "Actual Total Time": 363.268,
                                            "Actual Rows": 107292,
                                            "Actual Loops": 1
                                        },
                                        {
                                            "Worker Number": 4,
                                            "Actual Startup Time": 113.212,
                                            "Actual Total Time": 364.28,
                                            "Actual Rows": 108624,
                                            "Actual Loops": 1
                                        }
                                    ],
                                    "Plans": [
                                        {
                                            "Node Type": "Index Scan",
                                            "Parent Relationship": "Outer",
                                            "Parallel Aware": true,
                                            "Scan Direction": "Forward",
                                            "Index Name": "role_id_cast_info",
                                            "Relation Name": "cast_info",
                                            "Schema": "public",
                                            "Alias": "ci",
                                            "Startup Cost": 0.56,
                                            "Total Cost": 109204.72,
                                            "Plan Rows": 307041,
                                            "Plan Width": 4,
                                            "Actual Startup Time": 0.164,
                                            "Actual Total Time": 145.768,
                                            "Actual Rows": 411612,
                                            "Actual Loops": 6,
                                            "Output": [
                                                "ci.id",
                                                "ci.person_id",
                                                "ci.movie_id",
                                                "ci.person_role_id",
                                                "ci.note",
                                                "ci.nr_order",
                                                "ci.role_id"
                                            ],
                                            "Index Cond": "(ci.role_id = 3)",
                                            "Rows Removed by Index Recheck": 0,
                                            "Filter": "(ci.person_id > 2268063)",
                                            "Rows Removed by Filter": 256394,
                                            "Workers": [
                                                {
                                                    "Worker Number": 0,
                                                    "Actual Startup Time": 0.274,
                                                    "Actual Total Time": 148.234,
                                                    "Actual Rows": 332903,
                                                    "Actual Loops": 1
                                                },
                                                {
                                                    "Worker Number": 1,
                                                    "Actual Startup Time": 0.081,
                                                    "Actual Total Time": 149.141,
                                                    "Actual Rows": 333717,
                                                    "Actual Loops": 1
                                                },
                                                {
                                                    "Worker Number": 2,
                                                    "Actual Startup Time": 0.12,
                                                    "Actual Total Time": 150.038,
                                                    "Actual Rows": 329654,
                                                    "Actual Loops": 1
                                                },
                                                {
                                                    "Worker Number": 3,
                                                    "Actual Startup Time": 0.06,
                                                    "Actual Total Time": 143.945,
                                                    "Actual Rows": 474159,
                                                    "Actual Loops": 1
                                                },
                                                {
                                                    "Worker Number": 4,
                                                    "Actual Startup Time": 0.418,
                                                    "Actual Total Time": 144.8,
                                                    "Actual Rows": 470979,
                                                    "Actual Loops": 1
                                                }
                                            ]
                                        },
                                        {
                                            "Node Type": "Hash",
                                            "Parent Relationship": "Inner",
                                            "Parallel Aware": true,
                                            "Startup Cost": 45479.21,
                                            "Total Cost": 45479.21,
                                            "Plan Rows": 130079,
                                            "Plan Width": 4,
                                            "Actual Startup Time": 112.258,
                                            "Actual Total Time": 112.26,
                                            "Actual Rows": 73486,
                                            "Actual Loops": 6,
                                            "Output": [
                                                "t.id"
                                            ],
                                            "Hash Buckets": 524288,
                                            "Original Hash Buckets": 524288,
                                            "Hash Batches": 1,
                                            "Original Hash Batches": 1,
                                            "Peak Memory Usage": 21440,
                                            "Workers": [
                                                {
                                                    "Worker Number": 0,
                                                    "Actual Startup Time": 111.131,
                                                    "Actual Total Time": 111.132,
                                                    "Actual Rows": 55526,
                                                    "Actual Loops": 1
                                                },
                                                {
                                                    "Worker Number": 1,
                                                    "Actual Startup Time": 111.409,
                                                    "Actual Total Time": 111.41,
                                                    "Actual Rows": 56770,
                                                    "Actual Loops": 1
                                                },
                                                {
                                                    "Worker Number": 2,
                                                    "Actual Startup Time": 111.629,
                                                    "Actual Total Time": 111.63,
                                                    "Actual Rows": 55555,
                                                    "Actual Loops": 1
                                                },
                                                {
                                                    "Worker Number": 3,
                                                    "Actual Startup Time": 112.146,
                                                    "Actual Total Time": 112.148,
                                                    "Actual Rows": 80367,
                                                    "Actual Loops": 1
                                                },
                                                {
                                                    "Worker Number": 4,
                                                    "Actual Startup Time": 112.244,
                                                    "Actual Total Time": 112.245,
                                                    "Actual Rows": 82624,
                                                    "Actual Loops": 1
                                                }
                                            ],
                                            "Plans": [
                                                {
                                                    "Node Type": "Seq Scan",
                                                    "Parent Relationship": "Outer",
                                                    "Parallel Aware": true,
                                                    "Relation Name": "title",
                                                    "Schema": "public",
                                                    "Alias": "t",
                                                    "Startup Cost": 0.0,
                                                    "Total Cost": 45479.21,
                                                    "Plan Rows": 130079,
                                                    "Plan Width": 4,
                                                    "Actual Startup Time": 0.052,
                                                    "Actual Total Time": 83.834,
                                                    "Actual Rows": 73486,
                                                    "Actual Loops": 6,
                                                    "Output": [
                                                        "t.id"
                                                    ],
                                                    "Filter": "((t.kind_id < 7) AND (t.production_year > 2001))",
                                                    "Rows Removed by Filter": 347899,
                                                    "Workers": [
                                                        {
                                                            "Worker Number": 0,
                                                            "Actual Startup Time": 0.06,
                                                            "Actual Total Time": 84.169,
                                                            "Actual Rows": 55526,
                                                            "Actual Loops": 1
                                                        },
                                                        {
                                                            "Worker Number": 1,
                                                            "Actual Startup Time": 0.051,
                                                            "Actual Total Time": 84.622,
                                                            "Actual Rows": 56770,
                                                            "Actual Loops": 1
                                                        },
                                                        {
                                                            "Worker Number": 2,
                                                            "Actual Startup Time": 0.057,
                                                            "Actual Total Time": 84.25,
                                                            "Actual Rows": 55555,
                                                            "Actual Loops": 1
                                                        },
                                                        {
                                                            "Worker Number": 3,
                                                            "Actual Startup Time": 0.058,
                                                            "Actual Total Time": 83.493,
                                                            "Actual Rows": 80367,
                                                            "Actual Loops": 1
                                                        },
                                                        {
                                                            "Worker Number": 4,
                                                            "Actual Startup Time": 0.066,
                                                            "Actual Total Time": 83.856,
                                                            "Actual Rows": 82624,
                                                            "Actual Loops": 1
                                                        }
                                                    ]
                                                }
                                            ]
                                        }
                                    ]
                                }
                            ]
                        }
                    ]
                }
            ]
        },
        "Planning Time": 212.541,
        "Triggers": [],
        "Execution Time": 395.503
    }
]