[
    {
        "Bao": {
            "Bao prediction": "NaN",
            "Bao recommended hint": "(no hint)"
        }
    },
    {
        "Plan": {
            "Node Type": "Aggregate",
            "Strategy": "Plain",
            "Partial Mode": "Finalize",
            "Parallel Aware": false,
            "Startup Cost": 346649.75,
            "Total Cost": 346649.76,
            "Plan Rows": 1,
            "Plan Width": 8,
            "Actual Startup Time": 744.603,
            "Actual Total Time": 774.829,
            "Actual Rows": 1,
            "Actual Loops": 1,
            "Output": [
                "count(*)"
            ],
            "Plans": [
                {
                    "Node Type": "Gather",
                    "Parent Relationship": "Outer",
                    "Parallel Aware": false,
                    "Startup Cost": 346649.12,
                    "Total Cost": 346649.73,
                    "Plan Rows": 6,
                    "Plan Width": 8,
                    "Actual Startup Time": 744.473,
                    "Actual Total Time": 774.817,
                    "Actual Rows": 7,
                    "Actual Loops": 1,
                    "Output": [
                        "(PARTIAL count(*))"
                    ],
                    "Workers Planned": 6,
                    "Workers Launched": 6,
                    "Single Copy": false,
                    "Plans": [
                        {
                            "Node Type": "Aggregate",
                            "Strategy": "Plain",
                            "Partial Mode": "Partial",
                            "Parent Relationship": "Outer",
                            "Parallel Aware": false,
                            "Startup Cost": 345649.12,
                            "Total Cost": 345649.13,
                            "Plan Rows": 1,
                            "Plan Width": 8,
                            "Actual Startup Time": 734.558,
                            "Actual Total Time": 734.559,
                            "Actual Rows": 1,
                            "Actual Loops": 7,
                            "Output": [
                                "PARTIAL count(*)"
                            ],
                            "Workers": [
                                {
                                    "Worker Number": 0,
                                    "Actual Startup Time": 732.246,
                                    "Actual Total Time": 732.247,
                                    "Actual Rows": 1,
                                    "Actual Loops": 1
                                },
                                {
                                    "Worker Number": 1,
                                    "Actual Startup Time": 732.371,
                                    "Actual Total Time": 732.372,
                                    "Actual Rows": 1,
                                    "Actual Loops": 1
                                },
                                {
                                    "Worker Number": 2,
                                    "Actual Startup Time": 732.883,
                                    "Actual Total Time": 732.884,
                                    "Actual Rows": 1,
                                    "Actual Loops": 1
                                },
                                {
                                    "Worker Number": 3,
                                    "Actual Startup Time": 733.143,
                                    "Actual Total Time": 733.145,
                                    "Actual Rows": 1,
                                    "Actual Loops": 1
                                },
                                {
                                    "Worker Number": 4,
                                    "Actual Startup Time": 733.491,
                                    "Actual Total Time": 733.491,
                                    "Actual Rows": 1,
                                    "Actual Loops": 1
                                },
                                {
                                    "Worker Number": 5,
                                    "Actual Startup Time": 733.765,
                                    "Actual Total Time": 733.766,
                                    "Actual Rows": 1,
                                    "Actual Loops": 1
                                }
                            ],
                            "Plans": [
                                {
                                    "Node Type": "Seq Scan",
                                    "Parent Relationship": "Outer",
                                    "Parallel Aware": true,
                                    "Relation Name": "cast_info",
                                    "Schema": "public",
                                    "Alias": "ci",
                                    "Startup Cost": 0.0,
                                    "Total Cost": 343318.94,
                                    "Plan Rows": 932073,
                                    "Plan Width": 0,
                                    "Actual Startup Time": 374.341,
                                    "Actual Total Time": 668.882,
                                    "Actual Rows": 1228623,
                                    "Actual Loops": 7,
                                    "Output": [
                                        "id",
                                        "person_id",
                                        "movie_id",
                                        "person_role_id",
                                        "note",
                                        "nr_order",
                                        "role_id"
                                    ],
                                    "Filter": "((ci.person_id > 2828336) AND (ci.role_id > 1))",
                                    "Rows Removed by Filter": 3949140,
                                    "Workers": [
                                        {
                                            "Worker Number": 0,
                                            "Actual Startup Time": 372.027,
                                            "Actual Total Time": 666.644,
                                            "Actual Rows": 977926,
                                            "Actual Loops": 1
                                        },
                                        {
                                            "Worker Number": 1,
                                            "Actual Startup Time": 372.145,
                                            "Actual Total Time": 668.808,
                                            "Actual Rows": 1481639,
                                            "Actual Loops": 1
                                        },
                                        {
                                            "Worker Number": 2,
                                            "Actual Startup Time": 372.677,
                                            "Actual Total Time": 668.289,
                                            "Actual Rows": 961948,
                                            "Actual Loops": 1
                                        },
                                        {
                                            "Worker Number": 3,
                                            "Actual Startup Time": 372.951,
                                            "Actual Total Time": 668.997,
                                            "Actual Rows": 946754,
                                            "Actual Loops": 1
                                        },
                                        {
                                            "Worker Number": 4,
                                            "Actual Startup Time": 373.261,
                                            "Actual Total Time": 670.558,
                                            "Actual Rows": 1507321,
                                            "Actual Loops": 1
                                        },
                                        {
                                            "Worker Number": 5,
                                            "Actual Startup Time": 373.543,
                                            "Actual Total Time": 669.528,
                                            "Actual Rows": 1494394,
                                            "Actual Loops": 1
                                        }
                                    ]
                                }
                            ]
                        }
                    ]
                }
            ]
        },
        "Planning Time": 314.496,
        "Triggers": [],
        "Execution Time": 774.909
    }
]