{
    "Plan": {
        "Node Type": "Aggregate",
        "Strategy": "Plain",
        "Partial Mode": "Finalize",
        "Parallel Aware": false,
        "Startup Cost": 389096.79,
        "Total Cost": 389096.8,
        "Plan Rows": 1,
        "Plan Width": 8,
        "Actual Startup Time": 1682.43,
        "Actual Total Time": 1732.059,
        "Actual Rows": 1,
        "Actual Loops": 1,
        "Output": [
            "count(*)"
        ],
        "Plans": [
            {
                "Node Type": "Gather",
                "Parent Relationship": "Outer",
                "Parallel Aware": false,
                "Startup Cost": 389096.17,
                "Total Cost": 389096.78,
                "Plan Rows": 6,
                "Plan Width": 8,
                "Actual Startup Time": 1657.983,
                "Actual Total Time": 1732.046,
                "Actual Rows": 7,
                "Actual Loops": 1,
                "Output": [
                    "(PARTIAL count(*))"
                ],
                "Workers Planned": 6,
                "Workers Launched": 6,
                "Single Copy": false,
                "Plans": [
                    {
                        "Node Type": "Aggregate",
                        "Strategy": "Plain",
                        "Partial Mode": "Partial",
                        "Parent Relationship": "Outer",
                        "Parallel Aware": false,
                        "Startup Cost": 388096.17,
                        "Total Cost": 388096.18,
                        "Plan Rows": 1,
                        "Plan Width": 8,
                        "Actual Startup Time": 1637.457,
                        "Actual Total Time": 1637.46,
                        "Actual Rows": 1,
                        "Actual Loops": 7,
                        "Output": [
                            "PARTIAL count(*)"
                        ],
                        "Workers": [
                            {
                                "Worker Number": 0,
                                "Actual Startup Time": 1633.845,
                                "Actual Total Time": 1633.848,
                                "Actual Rows": 1,
                                "Actual Loops": 1
                            },
                            {
                                "Worker Number": 1,
                                "Actual Startup Time": 1635.31,
                                "Actual Total Time": 1635.312,
                                "Actual Rows": 1,
                                "Actual Loops": 1
                            },
                            {
                                "Worker Number": 2,
                                "Actual Startup Time": 1633.922,
                                "Actual Total Time": 1633.925,
                                "Actual Rows": 1,
                                "Actual Loops": 1
                            },
                            {
                                "Worker Number": 3,
                                "Actual Startup Time": 1634.046,
                                "Actual Total Time": 1634.049,
                                "Actual Rows": 1,
                                "Actual Loops": 1
                            },
                            {
                                "Worker Number": 4,
                                "Actual Startup Time": 1634.053,
                                "Actual Total Time": 1634.056,
                                "Actual Rows": 1,
                                "Actual Loops": 1
                            },
                            {
                                "Worker Number": 5,
                                "Actual Startup Time": 1634.007,
                                "Actual Total Time": 1634.01,
                                "Actual Rows": 1,
                                "Actual Loops": 1
                            }
                        ],
                        "Plans": [
                            {
                                "Node Type": "Hash Join",
                                "Parent Relationship": "Outer",
                                "Parallel Aware": true,
                                "Join Type": "Inner",
                                "Startup Cost": 50219.81,
                                "Total Cost": 383382.64,
                                "Plan Rows": 1885412,
                                "Plan Width": 0,
                                "Actual Startup Time": 246.961,
                                "Actual Total Time": 1565.617,
                                "Actual Rows": 1621372,
                                "Actual Loops": 7,
                                "Inner Unique": true,
                                "Hash Cond": "(ci.movie_id = t.id)",
                                "Workers": [
                                    {
                                        "Worker Number": 0,
                                        "Actual Startup Time": 243.645,
                                        "Actual Total Time": 1557.536,
                                        "Actual Rows": 1197264,
                                        "Actual Loops": 1
                                    },
                                    {
                                        "Worker Number": 1,
                                        "Actual Startup Time": 243.438,
                                        "Actual Total Time": 1566.336,
                                        "Actual Rows": 1738938,
                                        "Actual Loops": 1
                                    },
                                    {
                                        "Worker Number": 2,
                                        "Actual Startup Time": 243.557,
                                        "Actual Total Time": 1571.965,
                                        "Actual Rows": 1580907,
                                        "Actual Loops": 1
                                    },
                                    {
                                        "Worker Number": 3,
                                        "Actual Startup Time": 243.811,
                                        "Actual Total Time": 1564.027,
                                        "Actual Rows": 1759997,
                                        "Actual Loops": 1
                                    },
                                    {
                                        "Worker Number": 4,
                                        "Actual Startup Time": 243.666,
                                        "Actual Total Time": 1563.811,
                                        "Actual Rows": 1771817,
                                        "Actual Loops": 1
                                    },
                                    {
                                        "Worker Number": 5,
                                        "Actual Startup Time": 243.825,
                                        "Actual Total Time": 1564.506,
                                        "Actual Rows": 1756854,
                                        "Actual Loops": 1
                                    }
                                ],
                                "Plans": [
                                    {
                                        "Node Type": "Seq Scan",
                                        "Parent Relationship": "Outer",
                                        "Parallel Aware": true,
                                        "Relation Name": "cast_info",
                                        "Schema": "public",
                                        "Alias": "ci",
                                        "Startup Cost": 0.0,
                                        "Total Cost": 328213.62,
                                        "Plan Rows": 1885412,
                                        "Plan Width": 4,
                                        "Actual Startup Time": 0.033,
                                        "Actual Total Time": 551.899,
                                        "Actual Rows": 1621372,
                                        "Actual Loops": 7,
                                        "Output": [
                                            "ci.id",
                                            "ci.person_id",
                                            "ci.movie_id",
                                            "ci.person_role_id",
                                            "ci.note",
                                            "ci.nr_order",
                                            "ci.role_id"
                                        ],
                                        "Filter": "(ci.person_id < 1115092)",
                                        "Rows Removed by Filter": 3556392,
                                        "Workers": [
                                            {
                                                "Worker Number": 0,
                                                "Actual Startup Time": 0.047,
                                                "Actual Total Time": 571.774,
                                                "Actual Rows": 1197264,
                                                "Actual Loops": 1
                                            },
                                            {
                                                "Worker Number": 1,
                                                "Actual Startup Time": 0.033,
                                                "Actual Total Time": 557.415,
                                                "Actual Rows": 1738938,
                                                "Actual Loops": 1
                                            },
                                            {
                                                "Worker Number": 2,
                                                "Actual Startup Time": 0.037,
                                                "Actual Total Time": 543.283,
                                                "Actual Rows": 1580907,
                                                "Actual Loops": 1
                                            },
                                            {
                                                "Worker Number": 3,
                                                "Actual Startup Time": 0.037,
                                                "Actual Total Time": 557.701,
                                                "Actual Rows": 1759997,
                                                "Actual Loops": 1
                                            },
                                            {
                                                "Worker Number": 4,
                                                "Actual Startup Time": 0.029,
                                                "Actual Total Time": 559.166,
                                                "Actual Rows": 1771817,
                                                "Actual Loops": 1
                                            },
                                            {
                                                "Worker Number": 5,
                                                "Actual Startup Time": 0.037,
                                                "Actual Total Time": 557.023,
                                                "Actual Rows": 1756854,
                                                "Actual Loops": 1
                                            }
                                        ]
                                    },
                                    {
                                        "Node Type": "Hash",
                                        "Parent Relationship": "Inner",
                                        "Parallel Aware": true,
                                        "Startup Cost": 42318.81,
                                        "Total Cost": 42318.81,
                                        "Plan Rows": 632080,
                                        "Plan Width": 4,
                                        "Actual Startup Time": 240.103,
                                        "Actual Total Time": 240.104,
                                        "Actual Rows": 361187,
                                        "Actual Loops": 7,
                                        "Output": [
                                            "t.id"
                                        ],
                                        "Hash Buckets": 4194304,
                                        "Original Hash Buckets": 4194304,
                                        "Hash Batches": 1,
                                        "Original Hash Batches": 1,
                                        "Peak Memory Usage": 131776,
                                        "Workers": [
                                            {
                                                "Worker Number": 0,
                                                "Actual Startup Time": 242.789,
                                                "Actual Total Time": 242.79,
                                                "Actual Rows": 252671,
                                                "Actual Loops": 1
                                            },
                                            {
                                                "Worker Number": 1,
                                                "Actual Startup Time": 242.701,
                                                "Actual Total Time": 242.702,
                                                "Actual Rows": 361994,
                                                "Actual Loops": 1
                                            },
                                            {
                                                "Worker Number": 2,
                                                "Actual Startup Time": 242.847,
                                                "Actual Total Time": 242.848,
                                                "Actual Rows": 325600,
                                                "Actual Loops": 1
                                            },
                                            {
                                                "Worker Number": 3,
                                                "Actual Startup Time": 242.891,
                                                "Actual Total Time": 242.892,
                                                "Actual Rows": 369035,
                                                "Actual Loops": 1
                                            },
                                            {
                                                "Worker Number": 4,
                                                "Actual Startup Time": 242.891,
                                                "Actual Total Time": 242.892,
                                                "Actual Rows": 367099,
                                                "Actual Loops": 1
                                            },
                                            {
                                                "Worker Number": 5,
                                                "Actual Startup Time": 242.966,
                                                "Actual Total Time": 242.967,
                                                "Actual Rows": 355719,
                                                "Actual Loops": 1
                                            }
                                        ],
                                        "Plans": [
                                            {
                                                "Node Type": "Seq Scan",
                                                "Parent Relationship": "Outer",
                                                "Parallel Aware": true,
                                                "Relation Name": "title",
                                                "Schema": "public",
                                                "Alias": "t",
                                                "Startup Cost": 0.0,
                                                "Total Cost": 42318.81,
                                                "Plan Rows": 632080,
                                                "Plan Width": 4,
                                                "Actual Startup Time": 0.064,
                                                "Actual Total Time": 70.067,
                                                "Actual Rows": 361187,
                                                "Actual Loops": 7,
                                                "Output": [
                                                    "t.id"
                                                ],
                                                "Workers": [
                                                    {
                                                        "Worker Number": 0,
                                                        "Actual Startup Time": 0.075,
                                                        "Actual Total Time": 74.006,
                                                        "Actual Rows": 252671,
                                                        "Actual Loops": 1
                                                    },
                                                    {
                                                        "Worker Number": 1,
                                                        "Actual Startup Time": 0.061,
                                                        "Actual Total Time": 71.83,
                                                        "Actual Rows": 361994,
                                                        "Actual Loops": 1
                                                    },
                                                    {
                                                        "Worker Number": 2,
                                                        "Actual Startup Time": 0.064,
                                                        "Actual Total Time": 70.165,
                                                        "Actual Rows": 325600,
                                                        "Actual Loops": 1
                                                    },
                                                    {
                                                        "Worker Number": 3,
                                                        "Actual Startup Time": 0.096,
                                                        "Actual Total Time": 72.365,
                                                        "Actual Rows": 369035,
                                                        "Actual Loops": 1
                                                    },
                                                    {
                                                        "Worker Number": 4,
                                                        "Actual Startup Time": 0.065,
                                                        "Actual Total Time": 72.34,
                                                        "Actual Rows": 367099,
                                                        "Actual Loops": 1
                                                    },
                                                    {
                                                        "Worker Number": 5,
                                                        "Actual Startup Time": 0.074,
                                                        "Actual Total Time": 73.042,
                                                        "Actual Rows": 355719,
                                                        "Actual Loops": 1
                                                    }
                                                ]
                                            }
                                        ]
                                    }
                                ]
                            }
                        ]
                    }
                ]
            }
        ]
    },
    "Planning Time": 0.671,
    "Triggers": [],
    "Execution Time": 1732.137
}