[
  {
    "Plan": {
      "Node Type": "Aggregate",
      "Strategy": "Plain",
      "Partial Mode": "Finalize",
      "Parallel Aware": false,
      "Startup Cost": 333053.65,
      "Total Cost": 333053.66,
      "Plan Rows": 1,
      "Plan Width": 8,
      "Actual Startup Time": 650.633,
      "Actual Total Time": 699.858,
      "Actual Rows": 1,
      "Actual Loops": 1,
      "Plans": [
        {
          "Node Type": "Gather",
          "Parent Relationship": "Outer",
          "Parallel Aware": false,
          "Startup Cost": 333053.03,
          "Total Cost": 333053.64,
          "Plan Rows": 6,
          "Plan Width": 8,
          "Actual Startup Time": 650.283,
          "Actual Total Time": 699.841,
          "Actual Rows": 7,
          "Actual Loops": 1,
          "Workers Planned": 6,
          "Workers Launched": 6,
          "Single Copy": false,
          "Plans": [
            {
              "Node Type": "Aggregate",
              "Strategy": "Plain",
              "Partial Mode": "Partial",
              "Parent Relationship": "Outer",
              "Parallel Aware": false,
              "Startup Cost": 332053.03,
              "Total Cost": 332053.04,
              "Plan Rows": 1,
              "Plan Width": 8,
              "Actual Startup Time": 641.878,
              "Actual Total Time": 641.88,
              "Actual Rows": 1,
              "Actual Loops": 7,
              "Plans": [
                {
                  "Node Type": "Seq Scan",
                  "Parent Relationship": "Outer",
                  "Parallel Aware": true,
                  "Relation Name": "cast_info",
                  "Alias": "ci",
                  "Startup Cost": 0.0,
                  "Total Cost": 328211.39,
                  "Plan Rows": 1536655,
                  "Plan Width": 0,
                  "Actual Startup Time": 307.732,
                  "Actual Total Time": 577.023,
                  "Actual Rows": 1300791,
                  "Actual Loops": 7,
                  "Filter": "(person_id > 2787554)",
                  "Rows Removed by Filter": 3876972
                }
              ]
            }
          ]
        }
      ]
    },
    "Planning Time": 0.088,
    "Triggers": [],
    "Execution Time": 699.9
  }
]