{
    "Plan": {
        "Node Type": "Aggregate",
        "Strategy": "Plain",
        "Partial Mode": "Simple",
        "Parallel Aware": false,
        "Startup Cost": 10000507290.58,
        "Total Cost": 10000507290.59,
        "Plan Rows": 1,
        "Plan Width": 8,
        "Actual Startup Time": 1932.642,
        "Actual Total Time": 1932.649,
        "Actual Rows": 1,
        "Actual Loops": 1,
        "Output": [
            "count(*)"
        ],
        "Plans": [
            {
                "Node Type": "Hash Join",
                "Parent Relationship": "Outer",
                "Parallel Aware": false,
                "Join Type": "Inner",
                "Startup Cost": 10000318529.29,
                "Total Cost": 10000507273.02,
                "Plan Rows": 7022,
                "Plan Width": 0,
                "Actual Startup Time": 1785.913,
                "Actual Total Time": 1931.883,
                "Actual Rows": 14933,
                "Actual Loops": 1,
                "Inner Unique": false,
                "Hash Cond": "(t.id = mi.movie_id)",
                "Plans": [
                    {
                        "Node Type": "Hash Join",
                        "Parent Relationship": "Outer",
                        "Parallel Aware": false,
                        "Join Type": "Inner",
                        "Startup Cost": 10000126728.62,
                        "Total Cost": 10000141602.52,
                        "Plan Rows": 25691,
                        "Plan Width": 8,
                        "Actual Startup Time": 1488.315,
                        "Actual Total Time": 1623.673,
                        "Actual Rows": 20233,
                        "Actual Loops": 1,
                        "Output": [
                            "t.id",
                            "mi_idx.movie_id"
                        ],
                        "Inner Unique": true,
                        "Hash Cond": "(mi_idx.movie_id = t.id)",
                        "Plans": [
                            {
                                "Node Type": "Bitmap Heap Scan",
                                "Parent Relationship": "Outer",
                                "Parallel Aware": false,
                                "Relation Name": "movie_info_idx",
                                "Schema": "public",
                                "Alias": "mi_idx",
                                "Startup Cost": 8295.89,
                                "Total Cost": 21965.52,
                                "Plan Rows": 458770,
                                "Plan Width": 4,
                                "Actual Startup Time": 19.068,
                                "Actual Total Time": 80.203,
                                "Actual Rows": 460185,
                                "Actual Loops": 1,
                                "Output": [
                                    "mi_idx.id",
                                    "mi_idx.movie_id",
                                    "mi_idx.info_type_id",
                                    "mi_idx.info",
                                    "mi_idx.note"
                                ],
                                "Recheck Cond": "(mi_idx.info_type_id > 100)",
                                "Rows Removed by Index Recheck": 0,
                                "Exact Heap Blocks": 7935,
                                "Lossy Heap Blocks": 0,
                                "Plans": [
                                    {
                                        "Node Type": "Bitmap Index Scan",
                                        "Parent Relationship": "Outer",
                                        "Parallel Aware": false,
                                        "Index Name": "info_type_id_movie_info_idx",
                                        "Startup Cost": 0.0,
                                        "Total Cost": 8181.2,
                                        "Plan Rows": 458770,
                                        "Plan Width": 0,
                                        "Actual Startup Time": 18.077,
                                        "Actual Total Time": 18.078,
                                        "Actual Rows": 460185,
                                        "Actual Loops": 1,
                                        "Index Cond": "(mi_idx.info_type_id > 100)"
                                    }
                                ]
                            },
                            {
                                "Node Type": "Hash",
                                "Parent Relationship": "Inner",
                                "Parallel Aware": false,
                                "Startup Cost": 10000116662.9,
                                "Total Cost": 10000116662.9,
                                "Plan Rows": 141586,
                                "Plan Width": 4,
                                "Actual Startup Time": 1468.236,
                                "Actual Total Time": 1468.237,
                                "Actual Rows": 141703,
                                "Actual Loops": 1,
                                "Output": [
                                    "t.id"
                                ],
                                "Hash Buckets": 262144,
                                "Original Hash Buckets": 262144,
                                "Hash Batches": 1,
                                "Original Hash Batches": 1,
                                "Peak Memory Usage": 7030,
                                "Plans": [
                                    {
                                        "Node Type": "Index Scan",
                                        "Parent Relationship": "Outer",
                                        "Parallel Aware": false,
                                        "Scan Direction": "Forward",
                                        "Index Name": "title_pkey",
                                        "Relation Name": "title",
                                        "Schema": "public",
                                        "Alias": "t",
                                        "Startup Cost": 10000000000.43,
                                        "Total Cost": 10000116662.9,
                                        "Plan Rows": 141586,
                                        "Plan Width": 4,
                                        "Actual Startup Time": 0.43,
                                        "Actual Total Time": 1423.873,
                                        "Actual Rows": 141703,
                                        "Actual Loops": 1,
                                        "Output": [
                                            "t.id"
                                        ],
                                        "Filter": "(t.production_year = 2010)",
                                        "Rows Removed by Filter": 2386609
                                    }
                                ]
                            }
                        ]
                    },
                    {
                        "Node Type": "Hash",
                        "Parent Relationship": "Inner",
                        "Parallel Aware": false,
                        "Startup Cost": 183162.79,
                        "Total Cost": 183162.79,
                        "Plan Rows": 691030,
                        "Plan Width": 4,
                        "Actual Startup Time": 287.424,
                        "Actual Total Time": 287.425,
                        "Actual Rows": 660923,
                        "Actual Loops": 1,
                        "Output": [
                            "mi.movie_id"
                        ],
                        "Hash Buckets": 1048576,
                        "Original Hash Buckets": 1048576,
                        "Hash Batches": 1,
                        "Original Hash Batches": 1,
                        "Peak Memory Usage": 31428,
                        "Plans": [
                            {
                                "Node Type": "Bitmap Heap Scan",
                                "Parent Relationship": "Outer",
                                "Parallel Aware": false,
                                "Relation Name": "movie_info",
                                "Schema": "public",
                                "Alias": "mi",
                                "Startup Cost": 12531.92,
                                "Total Cost": 183162.79,
                                "Plan Rows": 691030,
                                "Plan Width": 4,
                                "Actual Startup Time": 32.725,
                                "Actual Total Time": 164.761,
                                "Actual Rows": 660923,
                                "Actual Loops": 1,
                                "Output": [
                                    "mi.movie_id"
                                ],
                                "Recheck Cond": "(mi.info_type_id = 18)",
                                "Rows Removed by Index Recheck": 0,
                                "Exact Heap Blocks": 6970,
                                "Lossy Heap Blocks": 0,
                                "Plans": [
                                    {
                                        "Node Type": "Bitmap Index Scan",
                                        "Parent Relationship": "Outer",
                                        "Parallel Aware": false,
                                        "Index Name": "info_type_id_movie_info",
                                        "Startup Cost": 0.0,
                                        "Total Cost": 12359.16,
                                        "Plan Rows": 691030,
                                        "Plan Width": 0,
                                        "Actual Startup Time": 31.974,
                                        "Actual Total Time": 31.974,
                                        "Actual Rows": 660923,
                                        "Actual Loops": 1,
                                        "Index Cond": "(mi.info_type_id = 18)"
                                    }
                                ]
                            }
                        ]
                    }
                ]
            }
        ]
    },
    "Planning Time": 3.478,
    "Triggers": [],
    "Execution Time": 1933.916
}