[
    {
        "Bao": {
            "Bao prediction": "NaN",
            "Bao recommended hint": "(no hint)"
        }
    },
    {
        "Plan": {
            "Node Type": "Aggregate",
            "Strategy": "Plain",
            "Partial Mode": "Finalize",
            "Parallel Aware": false,
            "Startup Cost": 130038.6,
            "Total Cost": 130038.61,
            "Plan Rows": 1,
            "Plan Width": 8,
            "Actual Startup Time": 695.458,
            "Actual Total Time": 732.704,
            "Actual Rows": 1,
            "Actual Loops": 1,
            "Output": [
                "count(*)"
            ],
            "Plans": [
                {
                    "Node Type": "Gather",
                    "Parent Relationship": "Outer",
                    "Parallel Aware": false,
                    "Startup Cost": 130038.39,
                    "Total Cost": 130038.6,
                    "Plan Rows": 2,
                    "Plan Width": 8,
                    "Actual Startup Time": 694.561,
                    "Actual Total Time": 732.692,
                    "Actual Rows": 3,
                    "Actual Loops": 1,
                    "Output": [
                        "(PARTIAL count(*))"
                    ],
                    "Workers Planned": 2,
                    "Workers Launched": 2,
                    "Single Copy": false,
                    "Plans": [
                        {
                            "Node Type": "Aggregate",
                            "Strategy": "Plain",
                            "Partial Mode": "Partial",
                            "Parent Relationship": "Outer",
                            "Parallel Aware": false,
                            "Startup Cost": 129038.39,
                            "Total Cost": 129038.4,
                            "Plan Rows": 1,
                            "Plan Width": 8,
                            "Actual Startup Time": 685.795,
                            "Actual Total Time": 685.799,
                            "Actual Rows": 1,
                            "Actual Loops": 3,
                            "Output": [
                                "PARTIAL count(*)"
                            ],
                            "Workers": [
                                {
                                    "Worker Number": 0,
                                    "Actual Startup Time": 681.24,
                                    "Actual Total Time": 681.243,
                                    "Actual Rows": 1,
                                    "Actual Loops": 1
                                },
                                {
                                    "Worker Number": 1,
                                    "Actual Startup Time": 682.169,
                                    "Actual Total Time": 682.172,
                                    "Actual Rows": 1,
                                    "Actual Loops": 1
                                }
                            ],
                            "Plans": [
                                {
                                    "Node Type": "Nested Loop",
                                    "Parent Relationship": "Outer",
                                    "Parallel Aware": false,
                                    "Join Type": "Inner",
                                    "Startup Cost": 44342.02,
                                    "Total Cost": 128871.61,
                                    "Plan Rows": 66709,
                                    "Plan Width": 0,
                                    "Actual Startup Time": 134.977,
                                    "Actual Total Time": 677.545,
                                    "Actual Rows": 131094,
                                    "Actual Loops": 3,
                                    "Inner Unique": false,
                                    "Join Filter": "(t.id = ci.movie_id)",
                                    "Rows Removed by Join Filter": 0,
                                    "Workers": [
                                        {
                                            "Worker Number": 0,
                                            "Actual Startup Time": 130.452,
                                            "Actual Total Time": 673.896,
                                            "Actual Rows": 124103,
                                            "Actual Loops": 1
                                        },
                                        {
                                            "Worker Number": 1,
                                            "Actual Startup Time": 131.265,
                                            "Actual Total Time": 674.989,
                                            "Actual Rows": 128108,
                                            "Actual Loops": 1
                                        }
                                    ],
                                    "Plans": [
                                        {
                                            "Node Type": "Hash Join",
                                            "Parent Relationship": "Outer",
                                            "Parallel Aware": true,
                                            "Join Type": "Inner",
                                            "Startup Cost": 44341.46,
                                            "Total Cost": 60471.77,
                                            "Plan Rows": 21496,
                                            "Plan Width": 8,
                                            "Actual Startup Time": 134.865,
                                            "Actual Total Time": 233.522,
                                            "Actual Rows": 13483,
                                            "Actual Loops": 3,
                                            "Output": [
                                                "t.id",
                                                "mi_idx.movie_id"
                                            ],
                                            "Inner Unique": true,
                                            "Hash Cond": "(mi_idx.movie_id = t.id)",
                                            "Workers": [
                                                {
                                                    "Worker Number": 0,
                                                    "Actual Startup Time": 130.37,
                                                    "Actual Total Time": 221.551,
                                                    "Actual Rows": 12717,
                                                    "Actual Loops": 1
                                                },
                                                {
                                                    "Worker Number": 1,
                                                    "Actual Startup Time": 131.051,
                                                    "Actual Total Time": 219.719,
                                                    "Actual Rows": 13509,
                                                    "Actual Loops": 1
                                                }
                                            ],
                                            "Plans": [
                                                {
                                                    "Node Type": "Seq Scan",
                                                    "Parent Relationship": "Outer",
                                                    "Parallel Aware": true,
                                                    "Relation Name": "movie_info_idx",
                                                    "Schema": "public",
                                                    "Alias": "mi_idx",
                                                    "Startup Cost": 0.0,
                                                    "Total Cost": 15122.68,
                                                    "Plan Rows": 383860,
                                                    "Plan Width": 4,
                                                    "Actual Startup Time": 0.022,
                                                    "Actual Total Time": 47.265,
                                                    "Actual Rows": 306617,
                                                    "Actual Loops": 3,
                                                    "Output": [
                                                        "mi_idx.id",
                                                        "mi_idx.movie_id",
                                                        "mi_idx.info_type_id",
                                                        "mi_idx.info",
                                                        "mi_idx.note"
                                                    ],
                                                    "Filter": "(mi_idx.info_type_id < 101)",
                                                    "Rows Removed by Filter": 153395,
                                                    "Workers": [
                                                        {
                                                            "Worker Number": 0,
                                                            "Actual Startup Time": 0.025,
                                                            "Actual Total Time": 42.305,
                                                            "Actual Rows": 292428,
                                                            "Actual Loops": 1
                                                        },
                                                        {
                                                            "Worker Number": 1,
                                                            "Actual Startup Time": 0.03,
                                                            "Actual Total Time": 42.687,
                                                            "Actual Rows": 309941,
                                                            "Actual Loops": 1
                                                        }
                                                    ]
                                                },
                                                {
                                                    "Node Type": "Hash",
                                                    "Parent Relationship": "Inner",
                                                    "Parallel Aware": true,
                                                    "Startup Cost": 43899.01,
                                                    "Total Cost": 43899.01,
                                                    "Plan Rows": 35396,
                                                    "Plan Width": 4,
                                                    "Actual Startup Time": 133.25,
                                                    "Actual Total Time": 133.251,
                                                    "Actual Rows": 47234,
                                                    "Actual Loops": 3,
                                                    "Output": [
                                                        "t.id"
                                                    ],
                                                    "Hash Buckets": 262144,
                                                    "Original Hash Buckets": 262144,
                                                    "Hash Batches": 1,
                                                    "Original Hash Batches": 1,
                                                    "Peak Memory Usage": 7616,
                                                    "Workers": [
                                                        {
                                                            "Worker Number": 0,
                                                            "Actual Startup Time": 129.822,
                                                            "Actual Total Time": 129.823,
                                                            "Actual Rows": 43785,
                                                            "Actual Loops": 1
                                                        },
                                                        {
                                                            "Worker Number": 1,
                                                            "Actual Startup Time": 130.528,
                                                            "Actual Total Time": 130.529,
                                                            "Actual Rows": 45779,
                                                            "Actual Loops": 1
                                                        }
                                                    ],
                                                    "Plans": [
                                                        {
                                                            "Node Type": "Seq Scan",
                                                            "Parent Relationship": "Outer",
                                                            "Parallel Aware": true,
                                                            "Relation Name": "title",
                                                            "Schema": "public",
                                                            "Alias": "t",
                                                            "Startup Cost": 0.0,
                                                            "Total Cost": 43899.01,
                                                            "Plan Rows": 35396,
                                                            "Plan Width": 4,
                                                            "Actual Startup Time": 0.055,
                                                            "Actual Total Time": 114.06,
                                                            "Actual Rows": 47234,
                                                            "Actual Loops": 3,
                                                            "Output": [
                                                                "t.id"
                                                            ],
                                                            "Filter": "(t.production_year = 2010)",
                                                            "Rows Removed by Filter": 795536,
                                                            "Workers": [
                                                                {
                                                                    "Worker Number": 0,
                                                                    "Actual Startup Time": 0.082,
                                                                    "Actual Total Time": 110.13,
                                                                    "Actual Rows": 43785,
                                                                    "Actual Loops": 1
                                                                },
                                                                {
                                                                    "Worker Number": 1,
                                                                    "Actual Startup Time": 0.061,
                                                                    "Actual Total Time": 112.901,
                                                                    "Actual Rows": 45779,
                                                                    "Actual Loops": 1
                                                                }
                                                            ]
                                                        }
                                                    ]
                                                }
                                            ]
                                        },
                                        {
                                            "Node Type": "Index Scan",
                                            "Parent Relationship": "Inner",
                                            "Parallel Aware": false,
                                            "Scan Direction": "Forward",
                                            "Index Name": "movie_id_cast_info",
                                            "Relation Name": "cast_info",
                                            "Schema": "public",
                                            "Alias": "ci",
                                            "Startup Cost": 0.56,
                                            "Total Cost": 3.08,
                                            "Plan Rows": 8,
                                            "Plan Width": 4,
                                            "Actual Startup Time": 0.007,
                                            "Actual Total Time": 0.032,
                                            "Actual Rows": 10,
                                            "Actual Loops": 40450,
                                            "Output": [
                                                "ci.id",
                                                "ci.person_id",
                                                "ci.movie_id",
                                                "ci.person_role_id",
                                                "ci.note",
                                                "ci.nr_order",
                                                "ci.role_id"
                                            ],
                                            "Index Cond": "(ci.movie_id = mi_idx.movie_id)",
                                            "Rows Removed by Index Recheck": 0,
                                            "Filter": "((ci.person_id < 2261515) AND (ci.role_id = 1))",
                                            "Rows Removed by Filter": 24,
                                            "Workers": [
                                                {
                                                    "Worker Number": 0,
                                                    "Actual Startup Time": 0.008,
                                                    "Actual Total Time": 0.034,
                                                    "Actual Rows": 10,
                                                    "Actual Loops": 12717
                                                },
                                                {
                                                    "Worker Number": 1,
                                                    "Actual Startup Time": 0.007,
                                                    "Actual Total Time": 0.033,
                                                    "Actual Rows": 9,
                                                    "Actual Loops": 13509
                                                }
                                            ]
                                        }
                                    ]
                                }
                            ]
                        }
                    ]
                }
            ]
        },
        "Planning Time": 319.27,
        "Triggers": [],
        "Execution Time": 732.861
    }
]