[
  {
    "Plan": {
      "Node Type": "Aggregate",
      "Strategy": "Plain",
      "Partial Mode": "Finalize",
      "Parallel Aware": false,
      "Startup Cost": 45971.67,
      "Total Cost": 45971.68,
      "Plan Rows": 1,
      "Plan Width": 8,
      "Actual Startup Time": 168.463,
      "Actual Total Time": 175.865,
      "Actual Rows": 1,
      "Actual Loops": 1,
      "Plans": [
        {
          "Node Type": "Gather",
          "Parent Relationship": "Outer",
          "Parallel Aware": false,
          "Startup Cost": 45971.36,
          "Total Cost": 45971.67,
          "Plan Rows": 3,
          "Plan Width": 8,
          "Actual Startup Time": 168.345,
          "Actual Total Time": 175.856,
          "Actual Rows": 4,
          "Actual Loops": 1,
          "Workers Planned": 3,
          "Workers Launched": 3,
          "Single Copy": false,
          "Plans": [
            {
              "Node Type": "Aggregate",
              "Strategy": "Plain",
              "Partial Mode": "Partial",
              "Parent Relationship": "Outer",
              "Parallel Aware": false,
              "Startup Cost": 44971.36,
              "Total Cost": 44971.37,
              "Plan Rows": 1,
              "Plan Width": 8,
              "Actual Startup Time": 159.934,
              "Actual Total Time": 159.935,
              "Actual Rows": 1,
              "Actual Loops": 4,
              "Plans": [
                {
                  "Node Type": "Seq Scan",
                  "Parent Relationship": "Outer",
                  "Parallel Aware": true,
                  "Relation Name": "movie_keyword",
                  "Alias": "mk",
                  "Startup Cost": 0.0,
                  "Total Cost": 42695.65,
                  "Plan Rows": 910281,
                  "Plan Width": 0,
                  "Actual Startup Time": 0.056,
                  "Actual Total Time": 125.023,
                  "Actual Rows": 703738,
                  "Actual Loops": 4,
                  "Filter": "(keyword_id < 8412)",
                  "Rows Removed by Filter": 427244
                }
              ]
            }
          ]
        }
      ]
    },
    "Planning Time": 0.183,
    "Triggers": [],
    "Execution Time": 175.922
  }
]