[
  {
    "Plan": {
      "Node Type": "Aggregate",
      "Strategy": "Plain",
      "Partial Mode": "Finalize",
      "Parallel Aware": false,
      "Startup Cost": 333983.19,
      "Total Cost": 333983.2,
      "Plan Rows": 1,
      "Plan Width": 8,
      "Actual Startup Time": 673.682,
      "Actual Total Time": 714.415,
      "Actual Rows": 1,
      "Actual Loops": 1,
      "Plans": [
        {
          "Node Type": "Gather",
          "Parent Relationship": "Outer",
          "Parallel Aware": false,
          "Startup Cost": 333982.56,
          "Total Cost": 333983.17,
          "Plan Rows": 6,
          "Plan Width": 8,
          "Actual Startup Time": 673.37,
          "Actual Total Time": 714.403,
          "Actual Rows": 7,
          "Actual Loops": 1,
          "Workers Planned": 6,
          "Workers Launched": 6,
          "Single Copy": false,
          "Plans": [
            {
              "Node Type": "Aggregate",
              "Strategy": "Plain",
              "Partial Mode": "Partial",
              "Parent Relationship": "Outer",
              "Parallel Aware": false,
              "Startup Cost": 332982.56,
              "Total Cost": 332982.57,
              "Plan Rows": 1,
              "Plan Width": 8,
              "Actual Startup Time": 665.282,
              "Actual Total Time": 665.283,
              "Actual Rows": 1,
              "Actual Loops": 7,
              "Plans": [
                {
                  "Node Type": "Seq Scan",
                  "Parent Relationship": "Outer",
                  "Parallel Aware": true,
                  "Relation Name": "cast_info",
                  "Alias": "ci",
                  "Startup Cost": 0.0,
                  "Total Cost": 328211.39,
                  "Plan Rows": 1908468,
                  "Plan Width": 0,
                  "Actual Startup Time": 0.052,
                  "Actual Total Time": 581.302,
                  "Actual Rows": 1646527,
                  "Actual Loops": 7,
                  "Filter": "(person_id < 1134424)",
                  "Rows Removed by Filter": 3531237
                }
              ]
            }
          ]
        }
      ]
    },
    "Planning Time": 0.093,
    "Triggers": [],
    "Execution Time": 714.456
  }
]