[
  {
    "Plan": {
      "Node Type": "Aggregate",
      "Strategy": "Plain",
      "Partial Mode": "Finalize",
      "Parallel Aware": false,
      "Startup Cost": 347792.43,
      "Total Cost": 347792.44,
      "Plan Rows": 1,
      "Plan Width": 8,
      "Actual Startup Time": 803.171,
      "Actual Total Time": 852.92,
      "Actual Rows": 1,
      "Actual Loops": 1,
      "Plans": [
        {
          "Node Type": "Gather",
          "Parent Relationship": "Outer",
          "Parallel Aware": false,
          "Startup Cost": 347791.8,
          "Total Cost": 347792.41,
          "Plan Rows": 6,
          "Plan Width": 8,
          "Actual Startup Time": 802.981,
          "Actual Total Time": 852.907,
          "Actual Rows": 7,
          "Actual Loops": 1,
          "Workers Planned": 6,
          "Workers Launched": 6,
          "Single Copy": false,
          "Plans": [
            {
              "Node Type": "Aggregate",
              "Strategy": "Plain",
              "Partial Mode": "Partial",
              "Parent Relationship": "Outer",
              "Parallel Aware": false,
              "Startup Cost": 346791.8,
              "Total Cost": 346791.82,
              "Plan Rows": 1,
              "Plan Width": 8,
              "Actual Startup Time": 792.9,
              "Actual Total Time": 792.901,
              "Actual Rows": 1,
              "Actual Loops": 7,
              "Plans": [
                {
                  "Node Type": "Seq Scan",
                  "Parent Relationship": "Outer",
                  "Parallel Aware": true,
                  "Relation Name": "cast_info",
                  "Alias": "ci",
                  "Startup Cost": 0.0,
                  "Total Cost": 343316.27,
                  "Plan Rows": 1390214,
                  "Plan Width": 0,
                  "Actual Startup Time": 279.511,
                  "Actual Total Time": 758.786,
                  "Actual Rows": 511662,
                  "Actual Loops": 7,
                  "Filter": "((person_id < 1277660) AND (role_id > 1))",
                  "Rows Removed by Filter": 4666102
                }
              ]
            }
          ]
        }
      ]
    },
    "Planning Time": 0.224,
    "Triggers": [],
    "Execution Time": 852.988
  }
]