[
  {
    "Plan": {
      "Node Type": "Aggregate",
      "Strategy": "Plain",
      "Partial Mode": "Simple",
      "Parallel Aware": false,
      "Startup Cost": 83757.83,
      "Total Cost": 83757.84,
      "Plan Rows": 1,
      "Plan Width": 8,
      "Actual Startup Time": 17.958,
      "Actual Total Time": 17.959,
      "Actual Rows": 1,
      "Actual Loops": 1,
      "Plans": [
        {
          "Node Type": "Index Scan",
          "Parent Relationship": "Outer",
          "Parallel Aware": false,
          "Scan Direction": "Forward",
          "Index Name": "person_id_cast_info",
          "Relation Name": "cast_info",
          "Alias": "ci",
          "Startup Cost": 0.56,
          "Total Cost": 83709.61,
          "Plan Rows": 19286,
          "Plan Width": 0,
          "Actual Startup Time": 0.056,
          "Actual Total Time": 16.595,
          "Actual Rows": 12809,
          "Actual Loops": 1,
          "Index Cond": "(person_id < 5161)",
          "Rows Removed by Index Recheck": 0,
          "Filter": "(role_id > 2)",
          "Rows Removed by Filter": 28859
        }
      ]
    },
    "Planning Time": 0.336,
    "Triggers": [],
    "Execution Time": 18.007
  }
]