{
  "Plan": {
    "Node Type": "Aggregate",
    "Strategy": "Plain",
    "Partial Mode": "Finalize",
    "Parallel Aware": false,
    "Startup Cost": 117456.29,
    "Total Cost": 117456.3,
    "Plan Rows": 1,
    "Plan Width": 8,
    "Actual Startup Time": 836.018,
    "Actual Total Time": 857.616,
    "Actual Rows": 1,
    "Actual Loops": 1,
    "Plans": [
      {
        "Node Type": "Gather",
        "Parent Relationship": "Outer",
        "Parallel Aware": false,
        "Startup Cost": 117456.17,
        "Total Cost": 117456.28,
        "Plan Rows": 1,
        "Plan Width": 8,
        "Actual Startup Time": 829.095,
        "Actual Total Time": 857.607,
        "Actual Rows": 2,
        "Actual Loops": 1,
        "Workers Planned": 1,
        "Workers Launched": 1,
        "Single Copy": false,
        "Plans": [
          {
            "Node Type": "Aggregate",
            "Strategy": "Plain",
            "Partial Mode": "Partial",
            "Parent Relationship": "Outer",
            "Parallel Aware": false,
            "Startup Cost": 116456.17,
            "Total Cost": 116456.18,
            "Plan Rows": 1,
            "Plan Width": 8,
            "Actual Startup Time": 816.072,
            "Actual Total Time": 816.079,
            "Actual Rows": 1,
            "Actual Loops": 2,
            "Plans": [
              {
                "Node Type": "Hash Join",
                "Parent Relationship": "Outer",
                "Parallel Aware": true,
                "Join Type": "Inner",
                "Startup Cost": 97128.42,
                "Total Cost": 116387.37,
                "Plan Rows": 27523,
                "Plan Width": 0,
                "Actual Startup Time": 676.799,
                "Actual Total Time": 811.288,
                "Actual Rows": 94817,
                "Actual Loops": 2,
                "Inner Unique": false,
                "Hash Cond": "(mi_idx.movie_id = t.id)",
                "Plans": [
                  {
                    "Node Type": "Seq Scan",
                    "Parent Relationship": "Outer",
                    "Parallel Aware": true,
                    "Relation Name": "movie_info_idx",
                    "Alias": "mi_idx",
                    "Startup Cost": 0.0,
                    "Total Cost": 16052.85,
                    "Plan Rows": 811785,
                    "Plan Width": 4,
                    "Actual Startup Time": 0.037,
                    "Actual Total Time": 55.894,
                    "Actual Rows": 690018,
                    "Actual Loops": 2
                  },
                  {
                    "Node Type": "Hash",
                    "Parent Relationship": "Inner",
                    "Parallel Aware": true,
                    "Startup Cost": 96498.12,
                    "Total Cost": 96498.12,
                    "Plan Rows": 50424,
                    "Plan Width": 8,
                    "Actual Startup Time": 674.463,
                    "Actual Total Time": 674.468,
                    "Actual Rows": 47451,
                    "Actual Loops": 2,
                    "Hash Buckets": 131072,
                    "Original Hash Buckets": 131072,
                    "Hash Batches": 1,
                    "Original Hash Batches": 1,
                    "Peak Memory Usage": 4768,
                    "Plans": [
                      {
                        "Node Type": "Hash Join",
                        "Parent Relationship": "Outer",
                        "Parallel Aware": true,
                        "Join Type": "Inner",
                        "Startup Cost": 71281.46,
                        "Total Cost": 96498.12,
                        "Plan Rows": 50424,
                        "Plan Width": 8,
                        "Actual Startup Time": 596.157,
                        "Actual Total Time": 662.987,
                        "Actual Rows": 47451,
                        "Actual Loops": 2,
                        "Inner Unique": true,
                        "Hash Cond": "(mk.movie_id = t.id)",
                        "Plans": [
                          {
                            "Node Type": "Bitmap Heap Scan",
                            "Parent Relationship": "Outer",
                            "Parallel Aware": true,
                            "Relation Name": "movie_keyword",
                            "Alias": "mk",
                            "Startup Cost": 1820.76,
                            "Total Cost": 26905.06,
                            "Plan Rows": 50424,
                            "Plan Width": 4,
                            "Actual Startup Time": 8.758,
                            "Actual Total Time": 47.493,
                            "Actual Rows": 47451,
                            "Actual Loops": 2,
                            "Recheck Cond": "(keyword_id < 85)",
                            "Rows Removed by Index Recheck": 0,
                            "Exact Heap Blocks": 15287,
                            "Lossy Heap Blocks": 0,
                            "Plans": [
                              {
                                "Node Type": "Bitmap Index Scan",
                                "Parent Relationship": "Outer",
                                "Parallel Aware": false,
                                "Index Name": "keyword_id_movie_keyword",
                                "Startup Cost": 0.0,
                                "Total Cost": 1799.33,
                                "Plan Rows": 85720,
                                "Plan Width": 0,
                                "Actual Startup Time": 5.645,
                                "Actual Total Time": 5.645,
                                "Actual Rows": 94902,
                                "Actual Loops": 1,
                                "Index Cond": "(keyword_id < 85)"
                              }
                            ]
                          },
                          {
                            "Node Type": "Hash",
                            "Parent Relationship": "Inner",
                            "Parallel Aware": true,
                            "Startup Cost": 50870.31,
                            "Total Cost": 50870.31,
                            "Plan Rows": 1487231,
                            "Plan Width": 4,
                            "Actual Startup Time": 567.779,
                            "Actual Total Time": 567.78,
                            "Actual Rows": 1264156,
                            "Actual Loops": 2,
                            "Hash Buckets": 4194304,
                            "Original Hash Buckets": 4194304,
                            "Hash Batches": 1,
                            "Original Hash Batches": 1,
                            "Peak Memory Usage": 131712,
                            "Plans": [
                              {
                                "Node Type": "Seq Scan",
                                "Parent Relationship": "Outer",
                                "Parallel Aware": true,
                                "Relation Name": "title",
                                "Alias": "t",
                                "Startup Cost": 0.0,
                                "Total Cost": 50870.31,
                                "Plan Rows": 1487231,
                                "Plan Width": 4,
                                "Actual Startup Time": 0.026,
                                "Actual Total Time": 182.543,
                                "Actual Rows": 1264156,
                                "Actual Loops": 2
                              }
                            ]
                          }
                        ]
                      }
                    ]
                  }
                ]
              }
            ]
          }
        ]
      }
    ]
  },
  "Planning Time": 1.013,
  "Triggers": [],
  "Execution Time": 857.718
}