{
  "Plan": {
    "Node Type": "Aggregate",
    "Strategy": "Plain",
    "Partial Mode": "Finalize",
    "Parallel Aware": false,
    "Startup Cost": 117354.66,
    "Total Cost": 117354.67,
    "Plan Rows": 1,
    "Plan Width": 8,
    "Actual Startup Time": 183.184,
    "Actual Total Time": 202.597,
    "Actual Rows": 1,
    "Actual Loops": 1,
    "Plans": [
      {
        "Node Type": "Gather",
        "Parent Relationship": "Outer",
        "Parallel Aware": false,
        "Startup Cost": 117354.55,
        "Total Cost": 117354.66,
        "Plan Rows": 1,
        "Plan Width": 8,
        "Actual Startup Time": 183.073,
        "Actual Total Time": 202.59,
        "Actual Rows": 2,
        "Actual Loops": 1,
        "Workers Planned": 1,
        "Workers Launched": 1,
        "Single Copy": false,
        "Plans": [
          {
            "Node Type": "Aggregate",
            "Strategy": "Plain",
            "Partial Mode": "Partial",
            "Parent Relationship": "Outer",
            "Parallel Aware": false,
            "Startup Cost": 116354.55,
            "Total Cost": 116354.56,
            "Plan Rows": 1,
            "Plan Width": 8,
            "Actual Startup Time": 177.102,
            "Actual Total Time": 177.103,
            "Actual Rows": 1,
            "Actual Loops": 2,
            "Plans": [
              {
                "Node Type": "Nested Loop",
                "Parent Relationship": "Outer",
                "Parallel Aware": false,
                "Join Type": "Inner",
                "Startup Cost": 0.43,
                "Total Cost": 116321.96,
                "Plan Rows": 13037,
                "Plan Width": 0,
                "Actual Startup Time": 1.958,
                "Actual Total Time": 175.83,
                "Actual Rows": 26587,
                "Actual Loops": 2,
                "Inner Unique": false,
                "Plans": [
                  {
                    "Node Type": "Seq Scan",
                    "Parent Relationship": "Outer",
                    "Parallel Aware": true,
                    "Relation Name": "title",
                    "Alias": "t",
                    "Startup Cost": 0.0,
                    "Total Cost": 58306.47,
                    "Plan Rows": 7286,
                    "Plan Width": 4,
                    "Actual Startup Time": 0.425,
                    "Actual Total Time": 135.227,
                    "Actual Rows": 4810,
                    "Actual Loops": 2,
                    "Filter": "((kind_id < 4) AND (production_year = 1996))",
                    "Rows Removed by Filter": 1259346
                  },
                  {
                    "Node Type": "Index Only Scan",
                    "Parent Relationship": "Inner",
                    "Parallel Aware": false,
                    "Scan Direction": "Forward",
                    "Index Name": "movie_id_movie_keyword",
                    "Relation Name": "movie_keyword",
                    "Alias": "mk",
                    "Startup Cost": 0.43,
                    "Total Cost": 7.51,
                    "Plan Rows": 45,
                    "Plan Width": 4,
                    "Actual Startup Time": 0.007,
                    "Actual Total Time": 0.008,
                    "Actual Rows": 6,
                    "Actual Loops": 9619,
                    "Index Cond": "(movie_id = t.id)",
                    "Rows Removed by Index Recheck": 0,
                    "Heap Fetches": 53174
                  }
                ]
              }
            ]
          }
        ]
      }
    ]
  },
  "Planning Time": 0.478,
  "Triggers": [],
  "Execution Time": 202.667
}