[
    {
        "Bao": {
            "Bao prediction": "NaN",
            "Bao recommended hint": "(no hint)"
        }
    },
    {
        "Plan": {
            "Node Type": "Aggregate",
            "Strategy": "Plain",
            "Partial Mode": "Finalize",
            "Parallel Aware": false,
            "Startup Cost": 83677.67,
            "Total Cost": 83677.68,
            "Plan Rows": 1,
            "Plan Width": 8,
            "Actual Startup Time": 198.155,
            "Actual Total Time": 206.807,
            "Actual Rows": 1,
            "Actual Loops": 1,
            "Output": [
                "count(*)"
            ],
            "Plans": [
                {
                    "Node Type": "Gather",
                    "Parent Relationship": "Outer",
                    "Parallel Aware": false,
                    "Startup Cost": 83677.45,
                    "Total Cost": 83677.66,
                    "Plan Rows": 2,
                    "Plan Width": 8,
                    "Actual Startup Time": 197.824,
                    "Actual Total Time": 206.8,
                    "Actual Rows": 3,
                    "Actual Loops": 1,
                    "Output": [
                        "(PARTIAL count(*))"
                    ],
                    "Workers Planned": 2,
                    "Workers Launched": 2,
                    "Single Copy": false,
                    "Plans": [
                        {
                            "Node Type": "Aggregate",
                            "Strategy": "Plain",
                            "Partial Mode": "Partial",
                            "Parent Relationship": "Outer",
                            "Parallel Aware": false,
                            "Startup Cost": 82677.45,
                            "Total Cost": 82677.46,
                            "Plan Rows": 1,
                            "Plan Width": 8,
                            "Actual Startup Time": 190.126,
                            "Actual Total Time": 190.13,
                            "Actual Rows": 1,
                            "Actual Loops": 3,
                            "Output": [
                                "PARTIAL count(*)"
                            ],
                            "Workers": [
                                {
                                    "Worker Number": 0,
                                    "Actual Startup Time": 186.271,
                                    "Actual Total Time": 186.274,
                                    "Actual Rows": 1,
                                    "Actual Loops": 1
                                },
                                {
                                    "Worker Number": 1,
                                    "Actual Startup Time": 186.716,
                                    "Actual Total Time": 186.72,
                                    "Actual Rows": 1,
                                    "Actual Loops": 1
                                }
                            ],
                            "Plans": [
                                {
                                    "Node Type": "Nested Loop",
                                    "Parent Relationship": "Outer",
                                    "Parallel Aware": false,
                                    "Join Type": "Inner",
                                    "Startup Cost": 45633.65,
                                    "Total Cost": 82627.31,
                                    "Plan Rows": 20056,
                                    "Plan Width": 0,
                                    "Actual Startup Time": 107.277,
                                    "Actual Total Time": 189.844,
                                    "Actual Rows": 6122,
                                    "Actual Loops": 3,
                                    "Inner Unique": false,
                                    "Join Filter": "(t.id = mk.movie_id)",
                                    "Rows Removed by Join Filter": 0,
                                    "Workers": [
                                        {
                                            "Worker Number": 0,
                                            "Actual Startup Time": 103.532,
                                            "Actual Total Time": 186.023,
                                            "Actual Rows": 5553,
                                            "Actual Loops": 1
                                        },
                                        {
                                            "Worker Number": 1,
                                            "Actual Startup Time": 103.357,
                                            "Actual Total Time": 186.446,
                                            "Actual Rows": 5457,
                                            "Actual Loops": 1
                                        }
                                    ],
                                    "Plans": [
                                        {
                                            "Node Type": "Hash Join",
                                            "Parent Relationship": "Outer",
                                            "Parallel Aware": true,
                                            "Join Type": "Inner",
                                            "Startup Cost": 45633.22,
                                            "Total Cost": 60827.78,
                                            "Plan Rows": 11209,
                                            "Plan Width": 8,
                                            "Actual Startup Time": 106.207,
                                            "Actual Total Time": 180.176,
                                            "Actual Rows": 3449,
                                            "Actual Loops": 3,
                                            "Output": [
                                                "t.id",
                                                "mi_idx.movie_id"
                                            ],
                                            "Inner Unique": true,
                                            "Hash Cond": "(mi_idx.movie_id = t.id)",
                                            "Workers": [
                                                {
                                                    "Worker Number": 0,
                                                    "Actual Startup Time": 102.436,
                                                    "Actual Total Time": 175.414,
                                                    "Actual Rows": 3125,
                                                    "Actual Loops": 1
                                                },
                                                {
                                                    "Worker Number": 1,
                                                    "Actual Startup Time": 102.792,
                                                    "Actual Total Time": 175.684,
                                                    "Actual Rows": 3182,
                                                    "Actual Loops": 1
                                                }
                                            ],
                                            "Plans": [
                                                {
                                                    "Node Type": "Seq Scan",
                                                    "Parent Relationship": "Outer",
                                                    "Parallel Aware": true,
                                                    "Relation Name": "movie_info_idx",
                                                    "Schema": "public",
                                                    "Alias": "mi_idx",
                                                    "Startup Cost": 0.0,
                                                    "Total Cost": 13685.15,
                                                    "Plan Rows": 575015,
                                                    "Plan Width": 4,
                                                    "Actual Startup Time": 0.021,
                                                    "Actual Total Time": 34.738,
                                                    "Actual Rows": 460012,
                                                    "Actual Loops": 3,
                                                    "Output": [
                                                        "mi_idx.id",
                                                        "mi_idx.movie_id",
                                                        "mi_idx.info_type_id",
                                                        "mi_idx.info",
                                                        "mi_idx.note"
                                                    ],
                                                    "Workers": [
                                                        {
                                                            "Worker Number": 0,
                                                            "Actual Startup Time": 0.024,
                                                            "Actual Total Time": 35.095,
                                                            "Actual Rows": 437591,
                                                            "Actual Loops": 1
                                                        },
                                                        {
                                                            "Worker Number": 1,
                                                            "Actual Startup Time": 0.029,
                                                            "Actual Total Time": 35.047,
                                                            "Actual Rows": 431096,
                                                            "Actual Loops": 1
                                                        }
                                                    ]
                                                },
                                                {
                                                    "Node Type": "Hash",
                                                    "Parent Relationship": "Inner",
                                                    "Parallel Aware": true,
                                                    "Startup Cost": 45479.21,
                                                    "Total Cost": 45479.21,
                                                    "Plan Rows": 12321,
                                                    "Plan Width": 4,
                                                    "Actual Startup Time": 105.401,
                                                    "Actual Total Time": 105.402,
                                                    "Actual Rows": 15107,
                                                    "Actual Loops": 3,
                                                    "Output": [
                                                        "t.id"
                                                    ],
                                                    "Hash Buckets": 65536,
                                                    "Original Hash Buckets": 65536,
                                                    "Hash Batches": 1,
                                                    "Original Hash Batches": 1,
                                                    "Peak Memory Usage": 2336,
                                                    "Workers": [
                                                        {
                                                            "Worker Number": 0,
                                                            "Actual Startup Time": 101.648,
                                                            "Actual Total Time": 101.649,
                                                            "Actual Rows": 11101,
                                                            "Actual Loops": 1
                                                        },
                                                        {
                                                            "Worker Number": 1,
                                                            "Actual Startup Time": 102.075,
                                                            "Actual Total Time": 102.077,
                                                            "Actual Rows": 11523,
                                                            "Actual Loops": 1
                                                        }
                                                    ],
                                                    "Plans": [
                                                        {
                                                            "Node Type": "Seq Scan",
                                                            "Parent Relationship": "Outer",
                                                            "Parallel Aware": true,
                                                            "Relation Name": "title",
                                                            "Schema": "public",
                                                            "Alias": "t",
                                                            "Startup Cost": 0.0,
                                                            "Total Cost": 45479.21,
                                                            "Plan Rows": 12321,
                                                            "Plan Width": 4,
                                                            "Actual Startup Time": 0.066,
                                                            "Actual Total Time": 99.641,
                                                            "Actual Rows": 15107,
                                                            "Actual Loops": 3,
                                                            "Output": [
                                                                "t.id"
                                                            ],
                                                            "Filter": "((t.kind_id > 1) AND (t.production_year > 2012))",
                                                            "Rows Removed by Filter": 827664,
                                                            "Workers": [
                                                                {
                                                                    "Worker Number": 0,
                                                                    "Actual Startup Time": 0.118,
                                                                    "Actual Total Time": 95.92,
                                                                    "Actual Rows": 11101,
                                                                    "Actual Loops": 1
                                                                },
                                                                {
                                                                    "Worker Number": 1,
                                                                    "Actual Startup Time": 0.048,
                                                                    "Actual Total Time": 96.864,
                                                                    "Actual Rows": 11523,
                                                                    "Actual Loops": 1
                                                                }
                                                            ]
                                                        }
                                                    ]
                                                }
                                            ]
                                        },
                                        {
                                            "Node Type": "Index Only Scan",
                                            "Parent Relationship": "Inner",
                                            "Parallel Aware": false,
                                            "Scan Direction": "Forward",
                                            "Index Name": "movie_id_movie_keyword",
                                            "Relation Name": "movie_keyword",
                                            "Schema": "public",
                                            "Alias": "mk",
                                            "Startup Cost": 0.43,
                                            "Total Cost": 1.37,
                                            "Plan Rows": 46,
                                            "Plan Width": 4,
                                            "Actual Startup Time": 0.002,
                                            "Actual Total Time": 0.002,
                                            "Actual Rows": 2,
                                            "Actual Loops": 10347,
                                            "Output": [
                                                "mk.movie_id"
                                            ],
                                            "Index Cond": "(mk.movie_id = mi_idx.movie_id)",
                                            "Rows Removed by Index Recheck": 0,
                                            "Heap Fetches": 18366,
                                            "Workers": [
                                                {
                                                    "Worker Number": 0,
                                                    "Actual Startup Time": 0.003,
                                                    "Actual Total Time": 0.003,
                                                    "Actual Rows": 2,
                                                    "Actual Loops": 3125
                                                },
                                                {
                                                    "Worker Number": 1,
                                                    "Actual Startup Time": 0.003,
                                                    "Actual Total Time": 0.003,
                                                    "Actual Rows": 2,
                                                    "Actual Loops": 3182
                                                }
                                            ]
                                        }
                                    ]
                                }
                            ]
                        }
                    ]
                }
            ]
        },
        "Planning Time": 206.038,
        "Triggers": [],
        "Execution Time": 206.92
    }
]