[
  {
    "Plan": {
      "Node Type": "Aggregate",
      "Strategy": "Plain",
      "Partial Mode": "Finalize",
      "Parallel Aware": false,
      "Startup Cost": 41476.78,
      "Total Cost": 41476.79,
      "Plan Rows": 1,
      "Plan Width": 8,
      "Actual Startup Time": 142.216,
      "Actual Total Time": 150.709,
      "Actual Rows": 1,
      "Actual Loops": 1,
      "Plans": [
        {
          "Node Type": "Gather",
          "Parent Relationship": "Outer",
          "Parallel Aware": false,
          "Startup Cost": 41476.46,
          "Total Cost": 41476.77,
          "Plan Rows": 3,
          "Plan Width": 8,
          "Actual Startup Time": 141.974,
          "Actual Total Time": 150.701,
          "Actual Rows": 4,
          "Actual Loops": 1,
          "Workers Planned": 3,
          "Workers Launched": 3,
          "Single Copy": false,
          "Plans": [
            {
              "Node Type": "Aggregate",
              "Strategy": "Plain",
              "Partial Mode": "Partial",
              "Parent Relationship": "Outer",
              "Parallel Aware": false,
              "Startup Cost": 40476.46,
              "Total Cost": 40476.47,
              "Plan Rows": 1,
              "Plan Width": 8,
              "Actual Startup Time": 135.535,
              "Actual Total Time": 135.536,
              "Actual Rows": 1,
              "Actual Loops": 4,
              "Plans": [
                {
                  "Node Type": "Bitmap Heap Scan",
                  "Parent Relationship": "Outer",
                  "Parallel Aware": true,
                  "Relation Name": "movie_keyword",
                  "Alias": "mk",
                  "Startup Cost": 13046.67,
                  "Total Cost": 39980.5,
                  "Plan Rows": 198386,
                  "Plan Width": 0,
                  "Actual Startup Time": 55.076,
                  "Actual Total Time": 127.561,
                  "Actual Rows": 151335,
                  "Actual Loops": 4,
                  "Recheck Cond": "(keyword_id > 30483)",
                  "Rows Removed by Index Recheck": 0,
                  "Exact Heap Blocks": 10202,
                  "Lossy Heap Blocks": 0,
                  "Plans": [
                    {
                      "Node Type": "Bitmap Index Scan",
                      "Parent Relationship": "Outer",
                      "Parallel Aware": false,
                      "Index Name": "keyword_id_movie_keyword",
                      "Startup Cost": 0.0,
                      "Total Cost": 12892.92,
                      "Plan Rows": 614998,
                      "Plan Width": 0,
                      "Actual Startup Time": 57.211,
                      "Actual Total Time": 57.212,
                      "Actual Rows": 605340,
                      "Actual Loops": 1,
                      "Index Cond": "(keyword_id > 30483)"
                    }
                  ]
                }
              ]
            }
          ]
        }
      ]
    },
    "Planning Time": 0.185,
    "Triggers": [],
    "Execution Time": 150.785
  }
]