[
  {
    "Plan": {
      "Node Type": "Aggregate",
      "Strategy": "Plain",
      "Partial Mode": "Finalize",
      "Parallel Aware": false,
      "Startup Cost": 32727.8,
      "Total Cost": 32727.81,
      "Plan Rows": 1,
      "Plan Width": 8,
      "Actual Startup Time": 95.638,
      "Actual Total Time": 103.417,
      "Actual Rows": 1,
      "Actual Loops": 1,
      "Plans": [
        {
          "Node Type": "Gather",
          "Parent Relationship": "Outer",
          "Parallel Aware": false,
          "Startup Cost": 32727.48,
          "Total Cost": 32727.79,
          "Plan Rows": 3,
          "Plan Width": 8,
          "Actual Startup Time": 95.536,
          "Actual Total Time": 103.409,
          "Actual Rows": 4,
          "Actual Loops": 1,
          "Workers Planned": 3,
          "Workers Launched": 3,
          "Single Copy": false,
          "Plans": [
            {
              "Node Type": "Aggregate",
              "Strategy": "Plain",
              "Partial Mode": "Partial",
              "Parent Relationship": "Outer",
              "Parallel Aware": false,
              "Startup Cost": 31727.48,
              "Total Cost": 31727.49,
              "Plan Rows": 1,
              "Plan Width": 8,
              "Actual Startup Time": 87.224,
              "Actual Total Time": 87.225,
              "Actual Rows": 1,
              "Actual Loops": 4,
              "Plans": [
                {
                  "Node Type": "Seq Scan",
                  "Parent Relationship": "Outer",
                  "Parallel Aware": true,
                  "Relation Name": "movie_companies",
                  "Alias": "mc",
                  "Startup Cost": 0.0,
                  "Total Cost": 31414.82,
                  "Plan Rows": 125064,
                  "Plan Width": 0,
                  "Actual Startup Time": 0.045,
                  "Actual Total Time": 77.604,
                  "Actual Rows": 135897,
                  "Actual Loops": 4,
                  "Filter": "((company_id < 1677) AND (company_type_id = 1))",
                  "Rows Removed by Filter": 516386
                }
              ]
            }
          ]
        }
      ]
    },
    "Planning Time": 0.222,
    "Triggers": [],
    "Execution Time": 103.472
  }
]