[
  {
    "Plan": {
      "Node Type": "Aggregate",
      "Strategy": "Plain",
      "Partial Mode": "Finalize",
      "Parallel Aware": false,
      "Startup Cost": 44900.68,
      "Total Cost": 44900.69,
      "Plan Rows": 1,
      "Plan Width": 8,
      "Actual Startup Time": 77.269,
      "Actual Total Time": 84.119,
      "Actual Rows": 1,
      "Actual Loops": 1,
      "Plans": [
        {
          "Node Type": "Gather",
          "Parent Relationship": "Outer",
          "Parallel Aware": false,
          "Startup Cost": 44900.26,
          "Total Cost": 44900.67,
          "Plan Rows": 4,
          "Plan Width": 8,
          "Actual Startup Time": 77.16,
          "Actual Total Time": 84.113,
          "Actual Rows": 5,
          "Actual Loops": 1,
          "Workers Planned": 4,
          "Workers Launched": 4,
          "Single Copy": false,
          "Plans": [
            {
              "Node Type": "Aggregate",
              "Strategy": "Plain",
              "Partial Mode": "Partial",
              "Parent Relationship": "Outer",
              "Parallel Aware": false,
              "Startup Cost": 43900.26,
              "Total Cost": 43900.27,
              "Plan Rows": 1,
              "Plan Width": 8,
              "Actual Startup Time": 70.39,
              "Actual Total Time": 70.391,
              "Actual Rows": 1,
              "Actual Loops": 5,
              "Plans": [
                {
                  "Node Type": "Seq Scan",
                  "Parent Relationship": "Outer",
                  "Parallel Aware": true,
                  "Relation Name": "title",
                  "Alias": "t",
                  "Startup Cost": 0.0,
                  "Total Cost": 43899.01,
                  "Plan Rows": 503,
                  "Plan Width": 0,
                  "Actual Startup Time": 29.769,
                  "Actual Total Time": 70.329,
                  "Actual Rows": 497,
                  "Actual Loops": 5,
                  "Filter": "(production_year = 1939)",
                  "Rows Removed by Filter": 505166
                }
              ]
            }
          ]
        }
      ]
    },
    "Planning Time": 0.055,
    "Triggers": [],
    "Execution Time": 84.141
  }
]