[
  {
    "Plan": {
      "Node Type": "Aggregate",
      "Strategy": "Plain",
      "Partial Mode": "Finalize",
      "Parallel Aware": false,
      "Startup Cost": 46338.42,
      "Total Cost": 46338.43,
      "Plan Rows": 1,
      "Plan Width": 8,
      "Actual Startup Time": 172.98,
      "Actual Total Time": 182.13,
      "Actual Rows": 1,
      "Actual Loops": 1,
      "Plans": [
        {
          "Node Type": "Gather",
          "Parent Relationship": "Outer",
          "Parallel Aware": false,
          "Startup Cost": 46338.1,
          "Total Cost": 46338.41,
          "Plan Rows": 3,
          "Plan Width": 8,
          "Actual Startup Time": 172.867,
          "Actual Total Time": 182.121,
          "Actual Rows": 4,
          "Actual Loops": 1,
          "Workers Planned": 3,
          "Workers Launched": 3,
          "Single Copy": false,
          "Plans": [
            {
              "Node Type": "Aggregate",
              "Strategy": "Plain",
              "Partial Mode": "Partial",
              "Parent Relationship": "Outer",
              "Parallel Aware": false,
              "Startup Cost": 45338.1,
              "Total Cost": 45338.11,
              "Plan Rows": 1,
              "Plan Width": 8,
              "Actual Startup Time": 166.279,
              "Actual Total Time": 166.28,
              "Actual Rows": 1,
              "Actual Loops": 4,
              "Plans": [
                {
                  "Node Type": "Seq Scan",
                  "Parent Relationship": "Outer",
                  "Parallel Aware": true,
                  "Relation Name": "movie_keyword",
                  "Alias": "mk",
                  "Startup Cost": 0.0,
                  "Total Cost": 42695.65,
                  "Plan Rows": 1056979,
                  "Plan Width": 0,
                  "Actual Startup Time": 0.051,
                  "Actual Total Time": 127.218,
                  "Actual Rows": 816975,
                  "Actual Loops": 4,
                  "Filter": "(keyword_id < 14332)",
                  "Rows Removed by Filter": 314007
                }
              ]
            }
          ]
        }
      ]
    },
    "Planning Time": 0.177,
    "Triggers": [],
    "Execution Time": 182.194
  }
]