[
    {
        "Bao": {
            "Bao prediction": 1370.153,
            "Bao recommended hint": "SET enable_nestloop TO off; "
        }
    },
    {
        "Plan": {
            "Node Type": "Aggregate",
            "Strategy": "Plain",
            "Partial Mode": "Finalize",
            "Parallel Aware": false,
            "Startup Cost": 489864.58,
            "Total Cost": 489864.59,
            "Plan Rows": 1,
            "Plan Width": 96,
            "Actual Startup Time": 2554.183,
            "Actual Total Time": 2655.672,
            "Actual Rows": 1,
            "Actual Loops": 1,
            "Output": [
                "min(k.keyword)",
                "min(n.name)",
                "min(t.title)"
            ],
            "Plans": [
                {
                    "Node Type": "Gather",
                    "Parent Relationship": "Outer",
                    "Parallel Aware": false,
                    "Startup Cost": 489864.14,
                    "Total Cost": 489864.55,
                    "Plan Rows": 4,
                    "Plan Width": 96,
                    "Actual Startup Time": 2553.537,
                    "Actual Total Time": 2655.654,
                    "Actual Rows": 5,
                    "Actual Loops": 1,
                    "Output": [
                        "(PARTIAL min(k.keyword))",
                        "(PARTIAL min(n.name))",
                        "(PARTIAL min(t.title))"
                    ],
                    "Workers Planned": 4,
                    "Workers Launched": 4,
                    "Single Copy": false,
                    "Plans": [
                        {
                            "Node Type": "Aggregate",
                            "Strategy": "Plain",
                            "Partial Mode": "Partial",
                            "Parent Relationship": "Outer",
                            "Parallel Aware": false,
                            "Startup Cost": 488864.14,
                            "Total Cost": 488864.15,
                            "Plan Rows": 1,
                            "Plan Width": 96,
                            "Actual Startup Time": 2541.596,
                            "Actual Total Time": 2541.61,
                            "Actual Rows": 1,
                            "Actual Loops": 5,
                            "Output": [
                                "PARTIAL min(k.keyword)",
                                "PARTIAL min(n.name)",
                                "PARTIAL min(t.title)"
                            ],
                            "Workers": [
                                {
                                    "Worker Number": 0,
                                    "Actual Startup Time": 2538.847,
                                    "Actual Total Time": 2538.86,
                                    "Actual Rows": 1,
                                    "Actual Loops": 1
                                },
                                {
                                    "Worker Number": 1,
                                    "Actual Startup Time": 2539.019,
                                    "Actual Total Time": 2539.041,
                                    "Actual Rows": 1,
                                    "Actual Loops": 1
                                },
                                {
                                    "Worker Number": 2,
                                    "Actual Startup Time": 2538.792,
                                    "Actual Total Time": 2538.806,
                                    "Actual Rows": 1,
                                    "Actual Loops": 1
                                },
                                {
                                    "Worker Number": 3,
                                    "Actual Startup Time": 2539.618,
                                    "Actual Total Time": 2539.628,
                                    "Actual Rows": 1,
                                    "Actual Loops": 1
                                }
                            ],
                            "Plans": [
                                {
                                    "Node Type": "Hash Join",
                                    "Parent Relationship": "Outer",
                                    "Parallel Aware": true,
                                    "Join Type": "Inner",
                                    "Startup Cost": 444118.69,
                                    "Total Cost": 488864.13,
                                    "Plan Rows": 1,
                                    "Plan Width": 48,
                                    "Actual Startup Time": 2421.916,
                                    "Actual Total Time": 2541.488,
                                    "Actual Rows": 275,
                                    "Actual Loops": 5,
                                    "Output": [
                                        "k.keyword",
                                        "n.name",
                                        "t.title"
                                    ],
                                    "Inner Unique": false,
                                    "Hash Cond": "(t.id = mk.movie_id)",
                                    "Workers": [
                                        {
                                            "Worker Number": 0,
                                            "Actual Startup Time": 2417.396,
                                            "Actual Total Time": 2538.727,
                                            "Actual Rows": 282,
                                            "Actual Loops": 1
                                        },
                                        {
                                            "Worker Number": 1,
                                            "Actual Startup Time": 2419.762,
                                            "Actual Total Time": 2538.919,
                                            "Actual Rows": 208,
                                            "Actual Loops": 1
                                        },
                                        {
                                            "Worker Number": 2,
                                            "Actual Startup Time": 2417.898,
                                            "Actual Total Time": 2538.688,
                                            "Actual Rows": 345,
                                            "Actual Loops": 1
                                        },
                                        {
                                            "Worker Number": 3,
                                            "Actual Startup Time": 2421.694,
                                            "Actual Total Time": 2539.509,
                                            "Actual Rows": 220,
                                            "Actual Loops": 1
                                        }
                                    ],
                                    "Plans": [
                                        {
                                            "Node Type": "Seq Scan",
                                            "Parent Relationship": "Outer",
                                            "Parallel Aware": true,
                                            "Relation Name": "title",
                                            "Schema": "public",
                                            "Alias": "t",
                                            "Startup Cost": 0.0,
                                            "Total Cost": 43899.32,
                                            "Plan Rows": 225629,
                                            "Plan Width": 21,
                                            "Actual Startup Time": 0.034,
                                            "Actual Total Time": 97.551,
                                            "Actual Rows": 180898,
                                            "Actual Loops": 5,
                                            "Output": [
                                                "t.id",
                                                "t.title",
                                                "t.imdb_index",
                                                "t.kind_id",
                                                "t.production_year",
                                                "t.imdb_id",
                                                "t.phonetic_code",
                                                "t.episode_of_id",
                                                "t.season_nr",
                                                "t.episode_nr",
                                                "t.series_years",
                                                "t.md5sum"
                                            ],
                                            "Filter": "(t.production_year > 2006)",
                                            "Rows Removed by Filter": 324764,
                                            "Workers": [
                                                {
                                                    "Worker Number": 0,
                                                    "Actual Startup Time": 0.043,
                                                    "Actual Total Time": 96.884,
                                                    "Actual Rows": 149455,
                                                    "Actual Loops": 1
                                                },
                                                {
                                                    "Worker Number": 1,
                                                    "Actual Startup Time": 0.042,
                                                    "Actual Total Time": 96.899,
                                                    "Actual Rows": 149907,
                                                    "Actual Loops": 1
                                                },
                                                {
                                                    "Worker Number": 2,
                                                    "Actual Startup Time": 0.026,
                                                    "Actual Total Time": 98.334,
                                                    "Actual Rows": 229800,
                                                    "Actual Loops": 1
                                                },
                                                {
                                                    "Worker Number": 3,
                                                    "Actual Startup Time": 0.045,
                                                    "Actual Total Time": 97.22,
                                                    "Actual Rows": 148836,
                                                    "Actual Loops": 1
                                                }
                                            ]
                                        },
                                        {
                                            "Node Type": "Hash",
                                            "Parent Relationship": "Inner",
                                            "Parallel Aware": true,
                                            "Startup Cost": 444118.68,
                                            "Total Cost": 444118.68,
                                            "Plan Rows": 1,
                                            "Plan Width": 39,
                                            "Actual Startup Time": 2417.91,
                                            "Actual Total Time": 2417.923,
                                            "Actual Rows": 877,
                                            "Actual Loops": 5,
                                            "Output": [
                                                "ci.movie_id",
                                                "mk.movie_id",
                                                "k.keyword",
                                                "n.name"
                                            ],
                                            "Hash Buckets": 4096,
                                            "Original Hash Buckets": 1024,
                                            "Hash Batches": 1,
                                            "Original Hash Batches": 1,
                                            "Peak Memory Usage": 472,
                                            "Workers": [
                                                {
                                                    "Worker Number": 0,
                                                    "Actual Startup Time": 2415.789,
                                                    "Actual Total Time": 2415.801,
                                                    "Actual Rows": 543,
                                                    "Actual Loops": 1
                                                },
                                                {
                                                    "Worker Number": 1,
                                                    "Actual Startup Time": 2416.143,
                                                    "Actual Total Time": 2416.164,
                                                    "Actual Rows": 530,
                                                    "Actual Loops": 1
                                                },
                                                {
                                                    "Worker Number": 2,
                                                    "Actual Startup Time": 2415.687,
                                                    "Actual Total Time": 2415.697,
                                                    "Actual Rows": 1146,
                                                    "Actual Loops": 1
                                                },
                                                {
                                                    "Worker Number": 3,
                                                    "Actual Startup Time": 2416.649,
                                                    "Actual Total Time": 2416.658,
                                                    "Actual Rows": 528,
                                                    "Actual Loops": 1
                                                }
                                            ],
                                            "Plans": [
                                                {
                                                    "Node Type": "Hash Join",
                                                    "Parent Relationship": "Outer",
                                                    "Parallel Aware": true,
                                                    "Join Type": "Inner",
                                                    "Startup Cost": 115149.76,
                                                    "Total Cost": 444118.68,
                                                    "Plan Rows": 1,
                                                    "Plan Width": 39,
                                                    "Actual Startup Time": 795.092,
                                                    "Actual Total Time": 1980.703,
                                                    "Actual Rows": 877,
                                                    "Actual Loops": 5,
                                                    "Output": [
                                                        "ci.movie_id",
                                                        "mk.movie_id",
                                                        "k.keyword",
                                                        "n.name"
                                                    ],
                                                    "Inner Unique": false,
                                                    "Hash Cond": "(ci.movie_id = mk.movie_id)",
                                                    "Workers": [
                                                        {
                                                            "Worker Number": 0,
                                                            "Actual Startup Time": 848.61,
                                                            "Actual Total Time": 1823.512,
                                                            "Actual Rows": 543,
                                                            "Actual Loops": 1
                                                        },
                                                        {
                                                            "Worker Number": 1,
                                                            "Actual Startup Time": 684.267,
                                                            "Actual Total Time": 1621.778,
                                                            "Actual Rows": 530,
                                                            "Actual Loops": 1
                                                        },
                                                        {
                                                            "Worker Number": 2,
                                                            "Actual Startup Time": 848.41,
                                                            "Actual Total Time": 2412.306,
                                                            "Actual Rows": 1146,
                                                            "Actual Loops": 1
                                                        },
                                                        {
                                                            "Worker Number": 3,
                                                            "Actual Startup Time": 849.343,
                                                            "Actual Total Time": 1622.174,
                                                            "Actual Rows": 528,
                                                            "Actual Loops": 1
                                                        }
                                                    ],
                                                    "Plans": [
                                                        {
                                                            "Node Type": "Hash Join",
                                                            "Parent Relationship": "Outer",
                                                            "Parallel Aware": true,
                                                            "Join Type": "Inner",
                                                            "Startup Cost": 68637.98,
                                                            "Total Cost": 397604.62,
                                                            "Plan Rows": 604,
                                                            "Plan Width": 19,
                                                            "Actual Startup Time": 425.265,
                                                            "Actual Total Time": 1727.234,
                                                            "Actual Rows": 15963,
                                                            "Actual Loops": 5,
                                                            "Output": [
                                                                "ci.movie_id",
                                                                "n.name"
                                                            ],
                                                            "Inner Unique": true,
                                                            "Hash Cond": "(ci.person_id = n.id)",
                                                            "Workers": [
                                                                {
                                                                    "Worker Number": 0,
                                                                    "Actual Startup Time": 388.266,
                                                                    "Actual Total Time": 1573.329,
                                                                    "Actual Rows": 10535,
                                                                    "Actual Loops": 1
                                                                },
                                                                {
                                                                    "Worker Number": 1,
                                                                    "Actual Startup Time": 437.794,
                                                                    "Actual Total Time": 1372.172,
                                                                    "Actual Rows": 8296,
                                                                    "Actual Loops": 1
                                                                },
                                                                {
                                                                    "Worker Number": 2,
                                                                    "Actual Startup Time": 379.976,
                                                                    "Actual Total Time": 2158.658,
                                                                    "Actual Rows": 24896,
                                                                    "Actual Loops": 1
                                                                },
                                                                {
                                                                    "Worker Number": 3,
                                                                    "Actual Startup Time": 431.271,
                                                                    "Actual Total Time": 1372.189,
                                                                    "Actual Rows": 8066,
                                                                    "Actual Loops": 1
                                                                }
                                                            ],
                                                            "Plans": [
                                                                {
                                                                    "Node Type": "Seq Scan",
                                                                    "Parent Relationship": "Outer",
                                                                    "Parallel Aware": true,
                                                                    "Relation Name": "cast_info",
                                                                    "Schema": "public",
                                                                    "Alias": "ci",
                                                                    "Startup Cost": 0.0,
                                                                    "Total Cost": 313106.51,
                                                                    "Plan Rows": 6041951,
                                                                    "Plan Width": 8,
                                                                    "Actual Startup Time": 0.016,
                                                                    "Actual Total Time": 737.148,
                                                                    "Actual Rows": 7248869,
                                                                    "Actual Loops": 5,
                                                                    "Output": [
                                                                        "ci.id",
                                                                        "ci.person_id",
                                                                        "ci.movie_id",
                                                                        "ci.person_role_id",
                                                                        "ci.note",
                                                                        "ci.nr_order",
                                                                        "ci.role_id"
                                                                    ],
                                                                    "Workers": [
                                                                        {
                                                                            "Worker Number": 0,
                                                                            "Actual Startup Time": 0.014,
                                                                            "Actual Total Time": 651.223,
                                                                            "Actual Rows": 4858809,
                                                                            "Actual Loops": 1
                                                                        },
                                                                        {
                                                                            "Worker Number": 1,
                                                                            "Actual Startup Time": 0.025,
                                                                            "Actual Total Time": 542.659,
                                                                            "Actual Rows": 4004435,
                                                                            "Actual Loops": 1
                                                                        },
                                                                        {
                                                                            "Worker Number": 2,
                                                                            "Actual Startup Time": 0.01,
                                                                            "Actual Total Time": 974.285,
                                                                            "Actual Rows": 11713247,
                                                                            "Actual Loops": 1
                                                                        },
                                                                        {
                                                                            "Worker Number": 3,
                                                                            "Actual Startup Time": 0.013,
                                                                            "Actual Total Time": 543.685,
                                                                            "Actual Rows": 3981803,
                                                                            "Actual Loops": 1
                                                                        }
                                                                    ]
                                                                },
                                                                {
                                                                    "Node Type": "Hash",
                                                                    "Parent Relationship": "Inner",
                                                                    "Parallel Aware": true,
                                                                    "Startup Cost": 68636.68,
                                                                    "Total Cost": 68636.68,
                                                                    "Plan Rows": 104,
                                                                    "Plan Width": 19,
                                                                    "Actual Startup Time": 379.863,
                                                                    "Actual Total Time": 379.865,
                                                                    "Actual Rows": 2133,
                                                                    "Actual Loops": 5,
                                                                    "Output": [
                                                                        "n.name",
                                                                        "n.id"
                                                                    ],
                                                                    "Hash Buckets": 16384,
                                                                    "Original Hash Buckets": 1024,
                                                                    "Hash Batches": 1,
                                                                    "Original Hash Batches": 1,
                                                                    "Peak Memory Usage": 888,
                                                                    "Workers": [
                                                                        {
                                                                            "Worker Number": 0,
                                                                            "Actual Startup Time": 379.898,
                                                                            "Actual Total Time": 379.899,
                                                                            "Actual Rows": 1091,
                                                                            "Actual Loops": 1
                                                                        },
                                                                        {
                                                                            "Worker Number": 1,
                                                                            "Actual Startup Time": 379.88,
                                                                            "Actual Total Time": 379.882,
                                                                            "Actual Rows": 1675,
                                                                            "Actual Loops": 1
                                                                        },
                                                                        {
                                                                            "Worker Number": 2,
                                                                            "Actual Startup Time": 379.776,
                                                                            "Actual Total Time": 379.779,
                                                                            "Actual Rows": 2899,
                                                                            "Actual Loops": 1
                                                                        },
                                                                        {
                                                                            "Worker Number": 3,
                                                                            "Actual Startup Time": 379.896,
                                                                            "Actual Total Time": 379.897,
                                                                            "Actual Rows": 2228,
                                                                            "Actual Loops": 1
                                                                        }
                                                                    ],
                                                                    "Plans": [
                                                                        {
                                                                            "Node Type": "Seq Scan",
                                                                            "Parent Relationship": "Outer",
                                                                            "Parallel Aware": true,
                                                                            "Relation Name": "name",
                                                                            "Schema": "public",
                                                                            "Alias": "n",
                                                                            "Startup Cost": 0.0,
                                                                            "Total Cost": 68636.68,
                                                                            "Plan Rows": 104,
                                                                            "Plan Width": 19,
                                                                            "Actual Startup Time": 3.102,
                                                                            "Actual Total Time": 159.772,
                                                                            "Actual Rows": 2133,
                                                                            "Actual Loops": 5,
                                                                            "Output": [
                                                                                "n.name",
                                                                                "n.id"
                                                                            ],
                                                                            "Filter": "(n.name ~~ '%Johnson,%'::text)",
                                                                            "Rows Removed by Filter": 831365,
                                                                            "Workers": [
                                                                                {
                                                                                    "Worker Number": 0,
                                                                                    "Actual Startup Time": 1.361,
                                                                                    "Actual Total Time": 90.48,
                                                                                    "Actual Rows": 1091,
                                                                                    "Actual Loops": 1
                                                                                },
                                                                                {
                                                                                    "Worker Number": 1,
                                                                                    "Actual Startup Time": 0.178,
                                                                                    "Actual Total Time": 91.09,
                                                                                    "Actual Rows": 1675,
                                                                                    "Actual Loops": 1
                                                                                },
                                                                                {
                                                                                    "Worker Number": 2,
                                                                                    "Actual Startup Time": 0.349,
                                                                                    "Actual Total Time": 151.146,
                                                                                    "Actual Rows": 2899,
                                                                                    "Actual Loops": 1
                                                                                },
                                                                                {
                                                                                    "Worker Number": 3,
                                                                                    "Actual Startup Time": 7.327,
                                                                                    "Actual Total Time": 311.729,
                                                                                    "Actual Rows": 2228,
                                                                                    "Actual Loops": 1
                                                                                }
                                                                            ]
                                                                        }
                                                                    ]
                                                                }
                                                            ]
                                                        },
                                                        {
                                                            "Node Type": "Hash",
                                                            "Parent Relationship": "Inner",
                                                            "Parallel Aware": true,
                                                            "Startup Cost": 46510.69,
                                                            "Total Cost": 46510.69,
                                                            "Plan Rows": 87,
                                                            "Plan Width": 20,
                                                            "Actual Startup Time": 248.257,
                                                            "Actual Total Time": 248.261,
                                                            "Actual Rows": 6807,
                                                            "Actual Loops": 5,
                                                            "Output": [
                                                                "k.keyword",
                                                                "mk.movie_id"
                                                            ],
                                                            "Hash Buckets": 32768,
                                                            "Original Hash Buckets": 1024,
                                                            "Hash Batches": 1,
                                                            "Original Hash Batches": 1,
                                                            "Peak Memory Usage": 2200,
                                                            "Workers": [
                                                                {
                                                                    "Worker Number": 0,
                                                                    "Actual Startup Time": 246.182,
                                                                    "Actual Total Time": 246.186,
                                                                    "Actual Rows": 5910,
                                                                    "Actual Loops": 1
                                                                },
                                                                {
                                                                    "Worker Number": 1,
                                                                    "Actual Startup Time": 246.385,
                                                                    "Actual Total Time": 246.389,
                                                                    "Actual Rows": 5739,
                                                                    "Actual Loops": 1
                                                                },
                                                                {
                                                                    "Worker Number": 2,
                                                                    "Actual Startup Time": 246.054,
                                                                    "Actual Total Time": 246.058,
                                                                    "Actual Rows": 8380,
                                                                    "Actual Loops": 1
                                                                },
                                                                {
                                                                    "Worker Number": 3,
                                                                    "Actual Startup Time": 246.944,
                                                                    "Actual Total Time": 246.947,
                                                                    "Actual Rows": 5639,
                                                                    "Actual Loops": 1
                                                                }
                                                            ],
                                                            "Plans": [
                                                                {
                                                                    "Node Type": "Hash Join",
                                                                    "Parent Relationship": "Outer",
                                                                    "Parallel Aware": false,
                                                                    "Join Type": "Inner",
                                                                    "Startup Cost": 3632.5,
                                                                    "Total Cost": 46510.69,
                                                                    "Plan Rows": 87,
                                                                    "Plan Width": 20,
                                                                    "Actual Startup Time": 43.581,
                                                                    "Actual Total Time": 212.058,
                                                                    "Actual Rows": 6807,
                                                                    "Actual Loops": 5,
                                                                    "Output": [
                                                                        "k.keyword",
                                                                        "mk.movie_id"
                                                                    ],
                                                                    "Inner Unique": true,
                                                                    "Hash Cond": "(mk.keyword_id = k.id)",
                                                                    "Workers": [
                                                                        {
                                                                            "Worker Number": 0,
                                                                            "Actual Startup Time": 45.274,
                                                                            "Actual Total Time": 215.082,
                                                                            "Actual Rows": 5910,
                                                                            "Actual Loops": 1
                                                                        },
                                                                        {
                                                                            "Worker Number": 1,
                                                                            "Actual Startup Time": 44.67,
                                                                            "Actual Total Time": 212.254,
                                                                            "Actual Rows": 5739,
                                                                            "Actual Loops": 1
                                                                        },
                                                                        {
                                                                            "Worker Number": 2,
                                                                            "Actual Startup Time": 40.442,
                                                                            "Actual Total Time": 207.996,
                                                                            "Actual Rows": 8380,
                                                                            "Actual Loops": 1
                                                                        },
                                                                        {
                                                                            "Worker Number": 3,
                                                                            "Actual Startup Time": 44.991,
                                                                            "Actual Total Time": 209.616,
                                                                            "Actual Rows": 5639,
                                                                            "Actual Loops": 1
                                                                        }
                                                                    ],
                                                                    "Plans": [
                                                                        {
                                                                            "Node Type": "Seq Scan",
                                                                            "Parent Relationship": "Outer",
                                                                            "Parallel Aware": true,
                                                                            "Relation Name": "movie_keyword",
                                                                            "Schema": "public",
                                                                            "Alias": "mk",
                                                                            "Startup Cost": 0.0,
                                                                            "Total Cost": 39047.32,
                                                                            "Plan Rows": 1459332,
                                                                            "Plan Width": 8,
                                                                            "Actual Startup Time": 0.053,
                                                                            "Actual Total Time": 93.053,
                                                                            "Actual Rows": 904786,
                                                                            "Actual Loops": 5,
                                                                            "Output": [
                                                                                "mk.id",
                                                                                "mk.movie_id",
                                                                                "mk.keyword_id"
                                                                            ],
                                                                            "Workers": [
                                                                                {
                                                                                    "Worker Number": 0,
                                                                                    "Actual Startup Time": 0.06,
                                                                                    "Actual Total Time": 93.149,
                                                                                    "Actual Rows": 765530,
                                                                                    "Actual Loops": 1
                                                                                },
                                                                                {
                                                                                    "Worker Number": 1,
                                                                                    "Actual Startup Time": 0.056,
                                                                                    "Actual Total Time": 91.823,
                                                                                    "Actual Rows": 759980,
                                                                                    "Actual Loops": 1
                                                                                },
                                                                                {
                                                                                    "Worker Number": 2,
                                                                                    "Actual Startup Time": 0.063,
                                                                                    "Actual Total Time": 93.423,
                                                                                    "Actual Rows": 1117030,
                                                                                    "Actual Loops": 1
                                                                                },
                                                                                {
                                                                                    "Worker Number": 3,
                                                                                    "Actual Startup Time": 0.063,
                                                                                    "Actual Total Time": 90.686,
                                                                                    "Actual Rows": 735005,
                                                                                    "Actual Loops": 1
                                                                                }
                                                                            ]
                                                                        },
                                                                        {
                                                                            "Node Type": "Hash",
                                                                            "Parent Relationship": "Inner",
                                                                            "Parallel Aware": false,
                                                                            "Startup Cost": 3632.4,
                                                                            "Total Cost": 3632.4,
                                                                            "Plan Rows": 8,
                                                                            "Plan Width": 20,
                                                                            "Actual Startup Time": 43.382,
                                                                            "Actual Total Time": 43.383,
                                                                            "Actual Rows": 7,
                                                                            "Actual Loops": 5,
                                                                            "Output": [
                                                                                "k.keyword",
                                                                                "k.id"
                                                                            ],
                                                                            "Hash Buckets": 1024,
                                                                            "Original Hash Buckets": 1024,
                                                                            "Hash Batches": 1,
                                                                            "Original Hash Batches": 1,
                                                                            "Peak Memory Usage": 9,
                                                                            "Workers": [
                                                                                {
                                                                                    "Worker Number": 0,
                                                                                    "Actual Startup Time": 45.157,
                                                                                    "Actual Total Time": 45.158,
                                                                                    "Actual Rows": 7,
                                                                                    "Actual Loops": 1
                                                                                },
                                                                                {
                                                                                    "Worker Number": 1,
                                                                                    "Actual Startup Time": 44.409,
                                                                                    "Actual Total Time": 44.41,
                                                                                    "Actual Rows": 7,
                                                                                    "Actual Loops": 1
                                                                                },
                                                                                {
                                                                                    "Worker Number": 2,
                                                                                    "Actual Startup Time": 40.219,
                                                                                    "Actual Total Time": 40.22,
                                                                                    "Actual Rows": 7,
                                                                                    "Actual Loops": 1
                                                                                },
                                                                                {
                                                                                    "Worker Number": 3,
                                                                                    "Actual Startup Time": 44.809,
                                                                                    "Actual Total Time": 44.81,
                                                                                    "Actual Rows": 7,
                                                                                    "Actual Loops": 1
                                                                                }
                                                                            ],
                                                                            "Plans": [
                                                                                {
                                                                                    "Node Type": "Seq Scan",
                                                                                    "Parent Relationship": "Outer",
                                                                                    "Parallel Aware": false,
                                                                                    "Relation Name": "keyword",
                                                                                    "Schema": "public",
                                                                                    "Alias": "k",
                                                                                    "Startup Cost": 0.0,
                                                                                    "Total Cost": 3632.4,
                                                                                    "Plan Rows": 8,
                                                                                    "Plan Width": 20,
                                                                                    "Actual Startup Time": 0.791,
                                                                                    "Actual Total Time": 43.347,
                                                                                    "Actual Rows": 7,
                                                                                    "Actual Loops": 5,
                                                                                    "Output": [
                                                                                        "k.keyword",
                                                                                        "k.id"
                                                                                    ],
                                                                                    "Filter": "(k.keyword = ANY ('{death,hand-to-hand-combat,sequel,marvel-comics,laser,tv-special,fight,hand-to-hand-combat}'::text[]))",
                                                                                    "Rows Removed by Filter": 134163,
                                                                                    "Workers": [
                                                                                        {
                                                                                            "Worker Number": 0,
                                                                                            "Actual Startup Time": 0.794,
                                                                                            "Actual Total Time": 45.12,
                                                                                            "Actual Rows": 7,
                                                                                            "Actual Loops": 1
                                                                                        },
                                                                                        {
                                                                                            "Worker Number": 1,
                                                                                            "Actual Startup Time": 0.718,
                                                                                            "Actual Total Time": 44.374,
                                                                                            "Actual Rows": 7,
                                                                                            "Actual Loops": 1
                                                                                        },
                                                                                        {
                                                                                            "Worker Number": 2,
                                                                                            "Actual Startup Time": 0.814,
                                                                                            "Actual Total Time": 40.181,
                                                                                            "Actual Rows": 7,
                                                                                            "Actual Loops": 1
                                                                                        },
                                                                                        {
                                                                                            "Worker Number": 3,
                                                                                            "Actual Startup Time": 0.846,
                                                                                            "Actual Total Time": 44.773,
                                                                                            "Actual Rows": 7,
                                                                                            "Actual Loops": 1
                                                                                        }
                                                                                    ]
                                                                                }
                                                                            ]
                                                                        }
                                                                    ]
                                                                }
                                                            ]
                                                        }
                                                    ]
                                                }
                                            ]
                                        }
                                    ]
                                }
                            ]
                        }
                    ]
                }
            ]
        },
        "Planning Time": 1582.074,
        "Triggers": [],
        "Execution Time": 2656.506
    }
]