[
  {
    "Plan": {
      "Node Type": "Aggregate",
      "Strategy": "Plain",
      "Partial Mode": "Finalize",
      "Parallel Aware": false,
      "Startup Cost": 46490.53,
      "Total Cost": 46490.54,
      "Plan Rows": 1,
      "Plan Width": 8,
      "Actual Startup Time": 188.559,
      "Actual Total Time": 199.353,
      "Actual Rows": 1,
      "Actual Loops": 1,
      "Plans": [
        {
          "Node Type": "Gather",
          "Parent Relationship": "Outer",
          "Parallel Aware": false,
          "Startup Cost": 46490.21,
          "Total Cost": 46490.52,
          "Plan Rows": 3,
          "Plan Width": 8,
          "Actual Startup Time": 188.448,
          "Actual Total Time": 199.345,
          "Actual Rows": 4,
          "Actual Loops": 1,
          "Workers Planned": 3,
          "Workers Launched": 3,
          "Single Copy": false,
          "Plans": [
            {
              "Node Type": "Aggregate",
              "Strategy": "Plain",
              "Partial Mode": "Partial",
              "Parent Relationship": "Outer",
              "Parallel Aware": false,
              "Startup Cost": 45490.21,
              "Total Cost": 45490.22,
              "Plan Rows": 1,
              "Plan Width": 8,
              "Actual Startup Time": 182.245,
              "Actual Total Time": 182.246,
              "Actual Rows": 1,
              "Actual Loops": 4,
              "Plans": [
                {
                  "Node Type": "Seq Scan",
                  "Parent Relationship": "Outer",
                  "Parallel Aware": true,
                  "Relation Name": "movie_keyword",
                  "Alias": "mk",
                  "Startup Cost": 0.0,
                  "Total Cost": 42695.65,
                  "Plan Rows": 1117823,
                  "Plan Width": 0,
                  "Actual Startup Time": 0.049,
                  "Actual Total Time": 137.821,
                  "Actual Rows": 866339,
                  "Actual Loops": 4,
                  "Filter": "(keyword_id < 16677)",
                  "Rows Removed by Filter": 264643
                }
              ]
            }
          ]
        }
      ]
    },
    "Planning Time": 0.15,
    "Triggers": [],
    "Execution Time": 199.399
  }
]