{
  "Plan": {
    "Node Type": "Aggregate",
    "Strategy": "Plain",
    "Partial Mode": "Finalize",
    "Parallel Aware": false,
    "Startup Cost": 655030.72,
    "Total Cost": 655030.73,
    "Plan Rows": 1,
    "Plan Width": 8,
    "Actual Startup Time": 6522.918,
    "Actual Total Time": 6581.14,
    "Actual Rows": 1,
    "Actual Loops": 1,
    "Plans": [
      {
        "Node Type": "Gather",
        "Parent Relationship": "Outer",
        "Parallel Aware": false,
        "Startup Cost": 655030.6,
        "Total Cost": 655030.71,
        "Plan Rows": 1,
        "Plan Width": 8,
        "Actual Startup Time": 6521.061,
        "Actual Total Time": 6581.13,
        "Actual Rows": 2,
        "Actual Loops": 1,
        "Workers Planned": 1,
        "Workers Launched": 1,
        "Single Copy": false,
        "Plans": [
          {
            "Node Type": "Aggregate",
            "Strategy": "Plain",
            "Partial Mode": "Partial",
            "Parent Relationship": "Outer",
            "Parallel Aware": false,
            "Startup Cost": 654030.6,
            "Total Cost": 654030.61,
            "Plan Rows": 1,
            "Plan Width": 8,
            "Actual Startup Time": 6518.493,
            "Actual Total Time": 6518.496,
            "Actual Rows": 1,
            "Actual Loops": 2,
            "Plans": [
              {
                "Node Type": "Hash Join",
                "Parent Relationship": "Outer",
                "Parallel Aware": true,
                "Join Type": "Inner",
                "Startup Cost": 64531.87,
                "Total Cost": 637000.32,
                "Plan Rows": 6812112,
                "Plan Width": 0,
                "Actual Startup Time": 281.748,
                "Actual Total Time": 6257.162,
                "Actual Rows": 5902649,
                "Actual Loops": 2,
                "Inner Unique": true,
                "Hash Cond": "(ci.movie_id = t.id)",
                "Plans": [
                  {
                    "Node Type": "Seq Scan",
                    "Parent Relationship": "Outer",
                    "Parallel Aware": true,
                    "Relation Name": "cast_info",
                    "Alias": "ci",
                    "Startup Cost": 0.0,
                    "Total Cost": 519069.44,
                    "Plan Rows": 20342448,
                    "Plan Width": 4,
                    "Actual Startup Time": 0.02,
                    "Actual Total Time": 1752.795,
                    "Actual Rows": 17322611,
                    "Actual Loops": 2,
                    "Filter": "(person_id < 3745410)",
                    "Rows Removed by Filter": 799561
                  },
                  {
                    "Node Type": "Hash",
                    "Parent Relationship": "Inner",
                    "Parallel Aware": true,
                    "Startup Cost": 58306.47,
                    "Total Cost": 58306.47,
                    "Plan Rows": 498032,
                    "Plan Width": 4,
                    "Actual Startup Time": 276.266,
                    "Actual Total Time": 276.266,
                    "Actual Rows": 377580,
                    "Actual Loops": 2,
                    "Hash Buckets": 1048576,
                    "Original Hash Buckets": 1048576,
                    "Hash Batches": 1,
                    "Original Hash Batches": 1,
                    "Peak Memory Usage": 37760,
                    "Plans": [
                      {
                        "Node Type": "Seq Scan",
                        "Parent Relationship": "Outer",
                        "Parallel Aware": true,
                        "Relation Name": "title",
                        "Alias": "t",
                        "Startup Cost": 0.0,
                        "Total Cost": 58306.47,
                        "Plan Rows": 498032,
                        "Plan Width": 4,
                        "Actual Startup Time": 0.021,
                        "Actual Total Time": 171.821,
                        "Actual Rows": 377580,
                        "Actual Loops": 2,
                        "Filter": "((kind_id < 7) AND (production_year > 1965))",
                        "Rows Removed by Filter": 886576
                      }
                    ]
                  }
                ]
              }
            ]
          }
        ]
      }
    ]
  },
  "Planning Time": 0.379,
  "Triggers": [],
  "Execution Time": 6581.197
}