[
    {
        "Bao": {
            "Bao prediction": "NaN",
            "Bao recommended hint": "(no hint)"
        }
    },
    {
        "Plan": {
            "Node Type": "Aggregate",
            "Strategy": "Plain",
            "Partial Mode": "Finalize",
            "Parallel Aware": false,
            "Startup Cost": 647002.12,
            "Total Cost": 647002.13,
            "Plan Rows": 1,
            "Plan Width": 8,
            "Actual Startup Time": 5603.593,
            "Actual Total Time": 5649.694,
            "Actual Rows": 1,
            "Actual Loops": 1,
            "Output": [
                "count(*)"
            ],
            "Plans": [
                {
                    "Node Type": "Gather",
                    "Parent Relationship": "Outer",
                    "Parallel Aware": false,
                    "Startup Cost": 647001.5,
                    "Total Cost": 647002.11,
                    "Plan Rows": 6,
                    "Plan Width": 8,
                    "Actual Startup Time": 5581.165,
                    "Actual Total Time": 5649.683,
                    "Actual Rows": 7,
                    "Actual Loops": 1,
                    "Output": [
                        "(PARTIAL count(*))"
                    ],
                    "Workers Planned": 6,
                    "Workers Launched": 6,
                    "Single Copy": false,
                    "Plans": [
                        {
                            "Node Type": "Aggregate",
                            "Strategy": "Plain",
                            "Partial Mode": "Partial",
                            "Parent Relationship": "Outer",
                            "Parallel Aware": false,
                            "Startup Cost": 646001.5,
                            "Total Cost": 646001.51,
                            "Plan Rows": 1,
                            "Plan Width": 8,
                            "Actual Startup Time": 5552.381,
                            "Actual Total Time": 5552.387,
                            "Actual Rows": 1,
                            "Actual Loops": 7,
                            "Output": [
                                "PARTIAL count(*)"
                            ],
                            "Workers": [
                                {
                                    "Worker Number": 0,
                                    "Actual Startup Time": 5547.582,
                                    "Actual Total Time": 5547.586,
                                    "Actual Rows": 1,
                                    "Actual Loops": 1
                                },
                                {
                                    "Worker Number": 1,
                                    "Actual Startup Time": 5547.581,
                                    "Actual Total Time": 5547.586,
                                    "Actual Rows": 1,
                                    "Actual Loops": 1
                                },
                                {
                                    "Worker Number": 2,
                                    "Actual Startup Time": 5547.572,
                                    "Actual Total Time": 5547.577,
                                    "Actual Rows": 1,
                                    "Actual Loops": 1
                                },
                                {
                                    "Worker Number": 3,
                                    "Actual Startup Time": 5547.59,
                                    "Actual Total Time": 5547.594,
                                    "Actual Rows": 1,
                                    "Actual Loops": 1
                                },
                                {
                                    "Worker Number": 4,
                                    "Actual Startup Time": 5547.658,
                                    "Actual Total Time": 5547.663,
                                    "Actual Rows": 1,
                                    "Actual Loops": 1
                                },
                                {
                                    "Worker Number": 5,
                                    "Actual Startup Time": 5548.046,
                                    "Actual Total Time": 5548.05,
                                    "Actual Rows": 1,
                                    "Actual Loops": 1
                                }
                            ],
                            "Plans": [
                                {
                                    "Node Type": "Hash Join",
                                    "Parent Relationship": "Outer",
                                    "Parallel Aware": true,
                                    "Join Type": "Inner",
                                    "Startup Cost": 259141.84,
                                    "Total Cost": 622727.46,
                                    "Plan Rows": 9309616,
                                    "Plan Width": 0,
                                    "Actual Startup Time": 1488.352,
                                    "Actual Total Time": 4938.981,
                                    "Actual Rows": 15152421,
                                    "Actual Loops": 7,
                                    "Inner Unique": false,
                                    "Hash Cond": "(ci.movie_id = t.id)",
                                    "Workers": [
                                        {
                                            "Worker Number": 0,
                                            "Actual Startup Time": 1484.012,
                                            "Actual Total Time": 4934.691,
                                            "Actual Rows": 15376139,
                                            "Actual Loops": 1
                                        },
                                        {
                                            "Worker Number": 1,
                                            "Actual Startup Time": 1484.315,
                                            "Actual Total Time": 4933.884,
                                            "Actual Rows": 14879918,
                                            "Actual Loops": 1
                                        },
                                        {
                                            "Worker Number": 2,
                                            "Actual Startup Time": 1483.763,
                                            "Actual Total Time": 4946.105,
                                            "Actual Rows": 15617331,
                                            "Actual Loops": 1
                                        },
                                        {
                                            "Worker Number": 3,
                                            "Actual Startup Time": 1484.271,
                                            "Actual Total Time": 4927.031,
                                            "Actual Rows": 15119235,
                                            "Actual Loops": 1
                                        },
                                        {
                                            "Worker Number": 4,
                                            "Actual Startup Time": 1484.534,
                                            "Actual Total Time": 4928.202,
                                            "Actual Rows": 14691723,
                                            "Actual Loops": 1
                                        },
                                        {
                                            "Worker Number": 5,
                                            "Actual Startup Time": 1484.232,
                                            "Actual Total Time": 4946.844,
                                            "Actual Rows": 15627422,
                                            "Actual Loops": 1
                                        }
                                    ],
                                    "Plans": [
                                        {
                                            "Node Type": "Seq Scan",
                                            "Parent Relationship": "Outer",
                                            "Parallel Aware": true,
                                            "Relation Name": "cast_info",
                                            "Schema": "public",
                                            "Alias": "ci",
                                            "Startup Cost": 0.0,
                                            "Total Cost": 328213.62,
                                            "Plan Rows": 4467404,
                                            "Plan Width": 4,
                                            "Actual Startup Time": 104.926,
                                            "Actual Total Time": 574.365,
                                            "Actual Rows": 3818996,
                                            "Actual Loops": 7,
                                            "Output": [
                                                "ci.id",
                                                "ci.person_id",
                                                "ci.movie_id",
                                                "ci.person_role_id",
                                                "ci.note",
                                                "ci.nr_order",
                                                "ci.role_id"
                                            ],
                                            "Filter": "(ci.person_id > 935028)",
                                            "Rows Removed by Filter": 1358767,
                                            "Workers": [
                                                {
                                                    "Worker Number": 0,
                                                    "Actual Startup Time": 104.887,
                                                    "Actual Total Time": 586.443,
                                                    "Actual Rows": 3870452,
                                                    "Actual Loops": 1
                                                },
                                                {
                                                    "Worker Number": 1,
                                                    "Actual Startup Time": 104.939,
                                                    "Actual Total Time": 591.194,
                                                    "Actual Rows": 3766070,
                                                    "Actual Loops": 1
                                                },
                                                {
                                                    "Worker Number": 2,
                                                    "Actual Startup Time": 104.935,
                                                    "Actual Total Time": 581.337,
                                                    "Actual Rows": 3980632,
                                                    "Actual Loops": 1
                                                },
                                                {
                                                    "Worker Number": 3,
                                                    "Actual Startup Time": 104.847,
                                                    "Actual Total Time": 585.179,
                                                    "Actual Rows": 3775016,
                                                    "Actual Loops": 1
                                                },
                                                {
                                                    "Worker Number": 4,
                                                    "Actual Startup Time": 104.962,
                                                    "Actual Total Time": 586.001,
                                                    "Actual Rows": 3670427,
                                                    "Actual Loops": 1
                                                },
                                                {
                                                    "Worker Number": 5,
                                                    "Actual Startup Time": 104.946,
                                                    "Actual Total Time": 580.003,
                                                    "Actual Rows": 3970889,
                                                    "Actual Loops": 1
                                                }
                                            ]
                                        },
                                        {
                                            "Node Type": "Hash",
                                            "Parent Relationship": "Inner",
                                            "Parallel Aware": true,
                                            "Startup Cost": 245969.93,
                                            "Total Cost": 245969.93,
                                            "Plan Rows": 1053753,
                                            "Plan Width": 8,
                                            "Actual Startup Time": 1372.167,
                                            "Actual Total Time": 1372.171,
                                            "Actual Rows": 621688,
                                            "Actual Loops": 7,
                                            "Output": [
                                                "t.id",
                                                "mi.movie_id"
                                            ],
                                            "Hash Buckets": 8388608,
                                            "Original Hash Buckets": 8388608,
                                            "Hash Batches": 1,
                                            "Original Hash Batches": 1,
                                            "Peak Memory Usage": 235872,
                                            "Workers": [
                                                {
                                                    "Worker Number": 0,
                                                    "Actual Startup Time": 1377.9,
                                                    "Actual Total Time": 1377.904,
                                                    "Actual Rows": 555423,
                                                    "Actual Loops": 1
                                                },
                                                {
                                                    "Worker Number": 1,
                                                    "Actual Startup Time": 1378.004,
                                                    "Actual Total Time": 1378.007,
                                                    "Actual Rows": 554321,
                                                    "Actual Loops": 1
                                                },
                                                {
                                                    "Worker Number": 2,
                                                    "Actual Startup Time": 1377.989,
                                                    "Actual Total Time": 1377.992,
                                                    "Actual Rows": 767039,
                                                    "Actual Loops": 1
                                                },
                                                {
                                                    "Worker Number": 3,
                                                    "Actual Startup Time": 1378.201,
                                                    "Actual Total Time": 1378.204,
                                                    "Actual Rows": 547166,
                                                    "Actual Loops": 1
                                                },
                                                {
                                                    "Worker Number": 4,
                                                    "Actual Startup Time": 1378.251,
                                                    "Actual Total Time": 1378.254,
                                                    "Actual Rows": 541930,
                                                    "Actual Loops": 1
                                                },
                                                {
                                                    "Worker Number": 5,
                                                    "Actual Startup Time": 1378.41,
                                                    "Actual Total Time": 1378.413,
                                                    "Actual Rows": 766277,
                                                    "Actual Loops": 1
                                                }
                                            ],
                                            "Plans": [
                                                {
                                                    "Node Type": "Hash Join",
                                                    "Parent Relationship": "Outer",
                                                    "Parallel Aware": true,
                                                    "Join Type": "Inner",
                                                    "Startup Cost": 46720.31,
                                                    "Total Cost": 245969.93,
                                                    "Plan Rows": 1053753,
                                                    "Plan Width": 8,
                                                    "Actual Startup Time": 155.781,
                                                    "Actual Total Time": 1062.725,
                                                    "Actual Rows": 621688,
                                                    "Actual Loops": 7,
                                                    "Output": [
                                                        "t.id",
                                                        "mi.movie_id"
                                                    ],
                                                    "Inner Unique": true,
                                                    "Hash Cond": "(mi.movie_id = t.id)",
                                                    "Workers": [
                                                        {
                                                            "Worker Number": 0,
                                                            "Actual Startup Time": 155.902,
                                                            "Actual Total Time": 1066.48,
                                                            "Actual Rows": 555423,
                                                            "Actual Loops": 1
                                                        },
                                                        {
                                                            "Worker Number": 1,
                                                            "Actual Startup Time": 155.955,
                                                            "Actual Total Time": 1064.617,
                                                            "Actual Rows": 554321,
                                                            "Actual Loops": 1
                                                        },
                                                        {
                                                            "Worker Number": 2,
                                                            "Actual Startup Time": 155.764,
                                                            "Actual Total Time": 1060.757,
                                                            "Actual Rows": 767039,
                                                            "Actual Loops": 1
                                                        },
                                                        {
                                                            "Worker Number": 3,
                                                            "Actual Startup Time": 155.76,
                                                            "Actual Total Time": 1066.864,
                                                            "Actual Rows": 547166,
                                                            "Actual Loops": 1
                                                        },
                                                        {
                                                            "Worker Number": 4,
                                                            "Actual Startup Time": 155.609,
                                                            "Actual Total Time": 1066.68,
                                                            "Actual Rows": 541930,
                                                            "Actual Loops": 1
                                                        },
                                                        {
                                                            "Worker Number": 5,
                                                            "Actual Startup Time": 155.559,
                                                            "Actual Total Time": 1059.954,
                                                            "Actual Rows": 766277,
                                                            "Actual Loops": 1
                                                        }
                                                    ],
                                                    "Plans": [
                                                        {
                                                            "Node Type": "Seq Scan",
                                                            "Parent Relationship": "Outer",
                                                            "Parallel Aware": true,
                                                            "Relation Name": "movie_info",
                                                            "Schema": "public",
                                                            "Alias": "mi",
                                                            "Startup Cost": 0.0,
                                                            "Total Cost": 191503.19,
                                                            "Plan Rows": 2951019,
                                                            "Plan Width": 4,
                                                            "Actual Startup Time": 0.036,
                                                            "Actual Total Time": 319.269,
                                                            "Actual Rows": 2119389,
                                                            "Actual Loops": 7,
                                                            "Output": [
                                                                "mi.id",
                                                                "mi.movie_id",
                                                                "mi.info_type_id",
                                                                "mi.info",
                                                                "mi.note"
                                                            ],
                                                            "Workers": [
                                                                {
                                                                    "Worker Number": 0,
                                                                    "Actual Startup Time": 0.038,
                                                                    "Actual Total Time": 338.644,
                                                                    "Actual Rows": 1872908,
                                                                    "Actual Loops": 1
                                                                },
                                                                {
                                                                    "Worker Number": 1,
                                                                    "Actual Startup Time": 0.046,
                                                                    "Actual Total Time": 335.988,
                                                                    "Actual Rows": 1861876,
                                                                    "Actual Loops": 1
                                                                },
                                                                {
                                                                    "Worker Number": 2,
                                                                    "Actual Startup Time": 0.039,
                                                                    "Actual Total Time": 312.81,
                                                                    "Actual Rows": 2629666,
                                                                    "Actual Loops": 1
                                                                },
                                                                {
                                                                    "Worker Number": 3,
                                                                    "Actual Startup Time": 0.049,
                                                                    "Actual Total Time": 337.948,
                                                                    "Actual Rows": 1853931,
                                                                    "Actual Loops": 1
                                                                },
                                                                {
                                                                    "Worker Number": 4,
                                                                    "Actual Startup Time": 0.035,
                                                                    "Actual Total Time": 336.031,
                                                                    "Actual Rows": 1844916,
                                                                    "Actual Loops": 1
                                                                },
                                                                {
                                                                    "Worker Number": 5,
                                                                    "Actual Startup Time": 0.023,
                                                                    "Actual Total Time": 313.034,
                                                                    "Actual Rows": 2628607,
                                                                    "Actual Loops": 1
                                                                }
                                                            ]
                                                        },
                                                        {
                                                            "Node Type": "Hash",
                                                            "Parent Relationship": "Inner",
                                                            "Parallel Aware": true,
                                                            "Startup Cost": 43899.01,
                                                            "Total Cost": 43899.01,
                                                            "Plan Rows": 225704,
                                                            "Plan Width": 4,
                                                            "Actual Startup Time": 153.265,
                                                            "Actual Total Time": 153.267,
                                                            "Actual Rows": 129213,
                                                            "Actual Loops": 7,
                                                            "Output": [
                                                                "t.id"
                                                            ],
                                                            "Hash Buckets": 1048576,
                                                            "Original Hash Buckets": 1048576,
                                                            "Hash Batches": 1,
                                                            "Original Hash Batches": 1,
                                                            "Peak Memory Usage": 43680,
                                                            "Workers": [
                                                                {
                                                                    "Worker Number": 0,
                                                                    "Actual Startup Time": 154.437,
                                                                    "Actual Total Time": 154.438,
                                                                    "Actual Rows": 112593,
                                                                    "Actual Loops": 1
                                                                },
                                                                {
                                                                    "Worker Number": 1,
                                                                    "Actual Startup Time": 154.419,
                                                                    "Actual Total Time": 154.42,
                                                                    "Actual Rows": 110261,
                                                                    "Actual Loops": 1
                                                                },
                                                                {
                                                                    "Worker Number": 2,
                                                                    "Actual Startup Time": 154.438,
                                                                    "Actual Total Time": 154.44,
                                                                    "Actual Rows": 150221,
                                                                    "Actual Loops": 1
                                                                },
                                                                {
                                                                    "Worker Number": 3,
                                                                    "Actual Startup Time": 154.308,
                                                                    "Actual Total Time": 154.31,
                                                                    "Actual Rows": 101851,
                                                                    "Actual Loops": 1
                                                                },
                                                                {
                                                                    "Worker Number": 4,
                                                                    "Actual Startup Time": 154.233,
                                                                    "Actual Total Time": 154.234,
                                                                    "Actual Rows": 97840,
                                                                    "Actual Loops": 1
                                                                },
                                                                {
                                                                    "Worker Number": 5,
                                                                    "Actual Startup Time": 154.22,
                                                                    "Actual Total Time": 154.221,
                                                                    "Actual Rows": 154710,
                                                                    "Actual Loops": 1
                                                                }
                                                            ],
                                                            "Plans": [
                                                                {
                                                                    "Node Type": "Seq Scan",
                                                                    "Parent Relationship": "Outer",
                                                                    "Parallel Aware": true,
                                                                    "Relation Name": "title",
                                                                    "Schema": "public",
                                                                    "Alias": "t",
                                                                    "Startup Cost": 0.0,
                                                                    "Total Cost": 43899.01,
                                                                    "Plan Rows": 225704,
                                                                    "Plan Width": 4,
                                                                    "Actual Startup Time": 0.052,
                                                                    "Actual Total Time": 85.155,
                                                                    "Actual Rows": 129213,
                                                                    "Actual Loops": 7,
                                                                    "Output": [
                                                                        "t.id"
                                                                    ],
                                                                    "Filter": "(t.production_year > 2006)",
                                                                    "Rows Removed by Filter": 231974,
                                                                    "Workers": [
                                                                        {
                                                                            "Worker Number": 0,
                                                                            "Actual Startup Time": 0.053,
                                                                            "Actual Total Time": 89.231,
                                                                            "Actual Rows": 112593,
                                                                            "Actual Loops": 1
                                                                        },
                                                                        {
                                                                            "Worker Number": 1,
                                                                            "Actual Startup Time": 0.052,
                                                                            "Actual Total Time": 88.002,
                                                                            "Actual Rows": 110261,
                                                                            "Actual Loops": 1
                                                                        },
                                                                        {
                                                                            "Worker Number": 2,
                                                                            "Actual Startup Time": 0.065,
                                                                            "Actual Total Time": 85.625,
                                                                            "Actual Rows": 150221,
                                                                            "Actual Loops": 1
                                                                        },
                                                                        {
                                                                            "Worker Number": 3,
                                                                            "Actual Startup Time": 0.051,
                                                                            "Actual Total Time": 86.519,
                                                                            "Actual Rows": 101851,
                                                                            "Actual Loops": 1
                                                                        },
                                                                        {
                                                                            "Worker Number": 4,
                                                                            "Actual Startup Time": 0.066,
                                                                            "Actual Total Time": 85.574,
                                                                            "Actual Rows": 97840,
                                                                            "Actual Loops": 1
                                                                        },
                                                                        {
                                                                            "Worker Number": 5,
                                                                            "Actual Startup Time": 0.061,
                                                                            "Actual Total Time": 85.335,
                                                                            "Actual Rows": 154710,
                                                                            "Actual Loops": 1
                                                                        }
                                                                    ]
                                                                }
                                                            ]
                                                        }
                                                    ]
                                                }
                                            ]
                                        }
                                    ]
                                }
                            ]
                        }
                    ]
                }
            ]
        },
        "Planning Time": 324.326,
        "Triggers": [],
        "Execution Time": 5649.775
    }
]