{
  "Plan": {
    "Node Type": "Aggregate",
    "Strategy": "Plain",
    "Partial Mode": "Finalize",
    "Parallel Aware": false,
    "Startup Cost": 192853.94,
    "Total Cost": 192853.95,
    "Plan Rows": 1,
    "Plan Width": 8,
    "Actual Startup Time": 861.522,
    "Actual Total Time": 879.889,
    "Actual Rows": 1,
    "Actual Loops": 1,
    "Plans": [
      {
        "Node Type": "Gather",
        "Parent Relationship": "Outer",
        "Parallel Aware": false,
        "Startup Cost": 192853.83,
        "Total Cost": 192853.94,
        "Plan Rows": 1,
        "Plan Width": 8,
        "Actual Startup Time": 857.895,
        "Actual Total Time": 879.881,
        "Actual Rows": 2,
        "Actual Loops": 1,
        "Workers Planned": 1,
        "Workers Launched": 1,
        "Single Copy": false,
        "Plans": [
          {
            "Node Type": "Aggregate",
            "Strategy": "Plain",
            "Partial Mode": "Partial",
            "Parent Relationship": "Outer",
            "Parallel Aware": false,
            "Startup Cost": 191853.83,
            "Total Cost": 191853.84,
            "Plan Rows": 1,
            "Plan Width": 8,
            "Actual Startup Time": 845.305,
            "Actual Total Time": 845.312,
            "Actual Rows": 1,
            "Actual Loops": 2,
            "Plans": [
              {
                "Node Type": "Hash Join",
                "Parent Relationship": "Outer",
                "Parallel Aware": true,
                "Join Type": "Inner",
                "Startup Cost": 151792.57,
                "Total Cost": 191803.72,
                "Plan Rows": 20043,
                "Plan Width": 0,
                "Actual Startup Time": 597.531,
                "Actual Total Time": 832.56,
                "Actual Rows": 318396,
                "Actual Loops": 2,
                "Inner Unique": false,
                "Hash Cond": "(mc.movie_id = t.id)",
                "Plans": [
                  {
                    "Node Type": "Seq Scan",
                    "Parent Relationship": "Outer",
                    "Parallel Aware": true,
                    "Relation Name": "movie_companies",
                    "Alias": "mc",
                    "Startup Cost": 0.0,
                    "Total Cost": 34137.82,
                    "Plan Rows": 1534782,
                    "Plan Width": 4,
                    "Actual Startup Time": 0.029,
                    "Actual Total Time": 109.344,
                    "Actual Rows": 1304564,
                    "Actual Loops": 2
                  },
                  {
                    "Node Type": "Hash",
                    "Parent Relationship": "Inner",
                    "Parallel Aware": true,
                    "Startup Cost": 151549.79,
                    "Total Cost": 151549.79,
                    "Plan Rows": 19422,
                    "Plan Width": 8,
                    "Actual Startup Time": 593.791,
                    "Actual Total Time": 593.796,
                    "Actual Rows": 16026,
                    "Actual Loops": 2,
                    "Hash Buckets": 65536,
                    "Original Hash Buckets": 65536,
                    "Hash Batches": 1,
                    "Original Hash Batches": 1,
                    "Peak Memory Usage": 1792,
                    "Plans": [
                      {
                        "Node Type": "Hash Join",
                        "Parent Relationship": "Outer",
                        "Parallel Aware": true,
                        "Join Type": "Inner",
                        "Startup Cost": 70061.02,
                        "Total Cost": 151549.79,
                        "Plan Rows": 19422,
                        "Plan Width": 8,
                        "Actual Startup Time": 575.272,
                        "Actual Total Time": 589.975,
                        "Actual Rows": 16026,
                        "Actual Loops": 2,
                        "Inner Unique": true,
                        "Hash Cond": "(mi.movie_id = t.id)",
                        "Plans": [
                          {
                            "Node Type": "Bitmap Heap Scan",
                            "Parent Relationship": "Outer",
                            "Parallel Aware": true,
                            "Relation Name": "movie_info",
                            "Alias": "mi",
                            "Startup Cost": 600.32,
                            "Total Cost": 82038.11,
                            "Plan Rows": 19422,
                            "Plan Width": 4,
                            "Actual Startup Time": 2.573,
                            "Actual Total Time": 10.615,
                            "Actual Rows": 16026,
                            "Actual Loops": 2,
                            "Recheck Cond": "(info_type_id > 108)",
                            "Rows Removed by Index Recheck": 0,
                            "Exact Heap Blocks": 2185,
                            "Lossy Heap Blocks": 0,
                            "Plans": [
                              {
                                "Node Type": "Bitmap Index Scan",
                                "Parent Relationship": "Outer",
                                "Parallel Aware": false,
                                "Index Name": "info_type_id_movie_info",
                                "Startup Cost": 0.0,
                                "Total Cost": 592.06,
                                "Plan Rows": 33017,
                                "Plan Width": 0,
                                "Actual Startup Time": 2.063,
                                "Actual Total Time": 2.064,
                                "Actual Rows": 32053,
                                "Actual Loops": 1,
                                "Index Cond": "(info_type_id > 108)"
                              }
                            ]
                          },
                          {
                            "Node Type": "Hash",
                            "Parent Relationship": "Inner",
                            "Parallel Aware": true,
                            "Startup Cost": 50870.31,
                            "Total Cost": 50870.31,
                            "Plan Rows": 1487231,
                            "Plan Width": 4,
                            "Actual Startup Time": 552.639,
                            "Actual Total Time": 552.64,
                            "Actual Rows": 1264156,
                            "Actual Loops": 2,
                            "Hash Buckets": 4194304,
                            "Original Hash Buckets": 4194304,
                            "Hash Batches": 1,
                            "Original Hash Batches": 1,
                            "Peak Memory Usage": 131712,
                            "Plans": [
                              {
                                "Node Type": "Seq Scan",
                                "Parent Relationship": "Outer",
                                "Parallel Aware": true,
                                "Relation Name": "title",
                                "Alias": "t",
                                "Startup Cost": 0.0,
                                "Total Cost": 50870.31,
                                "Plan Rows": 1487231,
                                "Plan Width": 4,
                                "Actual Startup Time": 0.05,
                                "Actual Total Time": 159.772,
                                "Actual Rows": 1264156,
                                "Actual Loops": 2
                              }
                            ]
                          }
                        ]
                      }
                    ]
                  }
                ]
              }
            ]
          }
        ]
      }
    ]
  },
  "Planning Time": 1.197,
  "Triggers": [],
  "Execution Time": 879.992
}