[
  {
    "Plan": {
      "Node Type": "Aggregate",
      "Strategy": "Plain",
      "Partial Mode": "Finalize",
      "Parallel Aware": false,
      "Startup Cost": 33243.16,
      "Total Cost": 33243.17,
      "Plan Rows": 1,
      "Plan Width": 8,
      "Actual Startup Time": 106.491,
      "Actual Total Time": 115.015,
      "Actual Rows": 1,
      "Actual Loops": 1,
      "Plans": [
        {
          "Node Type": "Gather",
          "Parent Relationship": "Outer",
          "Parallel Aware": false,
          "Startup Cost": 33242.84,
          "Total Cost": 33243.15,
          "Plan Rows": 3,
          "Plan Width": 8,
          "Actual Startup Time": 106.352,
          "Actual Total Time": 115.005,
          "Actual Rows": 4,
          "Actual Loops": 1,
          "Workers Planned": 3,
          "Workers Launched": 3,
          "Single Copy": false,
          "Plans": [
            {
              "Node Type": "Aggregate",
              "Strategy": "Plain",
              "Partial Mode": "Partial",
              "Parent Relationship": "Outer",
              "Parallel Aware": false,
              "Startup Cost": 32242.84,
              "Total Cost": 32242.85,
              "Plan Rows": 1,
              "Plan Width": 8,
              "Actual Startup Time": 97.848,
              "Actual Total Time": 97.849,
              "Actual Rows": 1,
              "Actual Loops": 4,
              "Plans": [
                {
                  "Node Type": "Seq Scan",
                  "Parent Relationship": "Outer",
                  "Parallel Aware": true,
                  "Relation Name": "movie_companies",
                  "Alias": "mc",
                  "Startup Cost": 0.0,
                  "Total Cost": 31414.82,
                  "Plan Rows": 331210,
                  "Plan Width": 0,
                  "Actual Startup Time": 0.327,
                  "Actual Total Time": 85.315,
                  "Actual Rows": 223163,
                  "Actual Loops": 4,
                  "Filter": "((company_id > 477) AND (company_type_id < 2))",
                  "Rows Removed by Filter": 429120
                }
              ]
            }
          ]
        }
      ]
    },
    "Planning Time": 0.215,
    "Triggers": [],
    "Execution Time": 115.069
  }
]