[
    {
        "Bao": {
            "Bao prediction": "NaN",
            "Bao recommended hint": "(no hint)"
        }
    },
    {
        "Plan": {
            "Node Type": "Aggregate",
            "Strategy": "Plain",
            "Partial Mode": "Finalize",
            "Parallel Aware": false,
            "Startup Cost": 137153.6,
            "Total Cost": 137153.61,
            "Plan Rows": 1,
            "Plan Width": 8,
            "Actual Startup Time": 1636.155,
            "Actual Total Time": 1664.865,
            "Actual Rows": 1,
            "Actual Loops": 1,
            "Output": [
                "count(*)"
            ],
            "Plans": [
                {
                    "Node Type": "Gather",
                    "Parent Relationship": "Outer",
                    "Parallel Aware": false,
                    "Startup Cost": 137153.28,
                    "Total Cost": 137153.59,
                    "Plan Rows": 3,
                    "Plan Width": 8,
                    "Actual Startup Time": 1616.519,
                    "Actual Total Time": 1664.857,
                    "Actual Rows": 4,
                    "Actual Loops": 1,
                    "Output": [
                        "(PARTIAL count(*))"
                    ],
                    "Workers Planned": 3,
                    "Workers Launched": 3,
                    "Single Copy": false,
                    "Plans": [
                        {
                            "Node Type": "Aggregate",
                            "Strategy": "Plain",
                            "Partial Mode": "Partial",
                            "Parent Relationship": "Outer",
                            "Parallel Aware": false,
                            "Startup Cost": 136153.28,
                            "Total Cost": 136153.29,
                            "Plan Rows": 1,
                            "Plan Width": 8,
                            "Actual Startup Time": 1605.279,
                            "Actual Total Time": 1605.805,
                            "Actual Rows": 1,
                            "Actual Loops": 4,
                            "Output": [
                                "PARTIAL count(*)"
                            ],
                            "Workers": [
                                {
                                    "Worker Number": 0,
                                    "Actual Startup Time": 1602.46,
                                    "Actual Total Time": 1602.466,
                                    "Actual Rows": 1,
                                    "Actual Loops": 1
                                },
                                {
                                    "Worker Number": 1,
                                    "Actual Startup Time": 1600.581,
                                    "Actual Total Time": 1600.588,
                                    "Actual Rows": 1,
                                    "Actual Loops": 1
                                },
                                {
                                    "Worker Number": 2,
                                    "Actual Startup Time": 1602.107,
                                    "Actual Total Time": 1602.112,
                                    "Actual Rows": 1,
                                    "Actual Loops": 1
                                }
                            ],
                            "Plans": [
                                {
                                    "Node Type": "Hash Join",
                                    "Parent Relationship": "Outer",
                                    "Parallel Aware": true,
                                    "Join Type": "Inner",
                                    "Startup Cost": 85770.32,
                                    "Total Cost": 134690.63,
                                    "Plan Rows": 585061,
                                    "Plan Width": 0,
                                    "Actual Startup Time": 706.989,
                                    "Actual Total Time": 1356.853,
                                    "Actual Rows": 5199630,
                                    "Actual Loops": 4,
                                    "Inner Unique": false,
                                    "Hash Cond": "(mk.movie_id = t.id)",
                                    "Workers": [
                                        {
                                            "Worker Number": 0,
                                            "Actual Startup Time": 702.771,
                                            "Actual Total Time": 1351.314,
                                            "Actual Rows": 4012766,
                                            "Actual Loops": 1
                                        },
                                        {
                                            "Worker Number": 1,
                                            "Actual Startup Time": 702.872,
                                            "Actual Total Time": 1351.232,
                                            "Actual Rows": 3986345,
                                            "Actual Loops": 1
                                        },
                                        {
                                            "Worker Number": 2,
                                            "Actual Startup Time": 704.204,
                                            "Actual Total Time": 1356.146,
                                            "Actual Rows": 6373905,
                                            "Actual Loops": 1
                                        }
                                    ],
                                    "Plans": [
                                        {
                                            "Node Type": "Seq Scan",
                                            "Parent Relationship": "Outer",
                                            "Parallel Aware": true,
                                            "Relation Name": "movie_keyword",
                                            "Schema": "public",
                                            "Alias": "mk",
                                            "Startup Cost": 0.0,
                                            "Total Cost": 42695.65,
                                            "Plan Rows": 1156630,
                                            "Plan Width": 4,
                                            "Actual Startup Time": 0.021,
                                            "Actual Total Time": 128.525,
                                            "Actual Rows": 897361,
                                            "Actual Loops": 4,
                                            "Output": [
                                                "mk.id",
                                                "mk.movie_id",
                                                "mk.keyword_id"
                                            ],
                                            "Filter": "(mk.keyword_id < 20319)",
                                            "Rows Removed by Filter": 233622,
                                            "Workers": [
                                                {
                                                    "Worker Number": 0,
                                                    "Actual Startup Time": 0.026,
                                                    "Actual Total Time": 129.582,
                                                    "Actual Rows": 673751,
                                                    "Actual Loops": 1
                                                },
                                                {
                                                    "Worker Number": 1,
                                                    "Actual Startup Time": 0.025,
                                                    "Actual Total Time": 131.964,
                                                    "Actual Rows": 690764,
                                                    "Actual Loops": 1
                                                },
                                                {
                                                    "Worker Number": 2,
                                                    "Actual Startup Time": 0.02,
                                                    "Actual Total Time": 133.003,
                                                    "Actual Rows": 1107882,
                                                    "Actual Loops": 1
                                                }
                                            ]
                                        },
                                        {
                                            "Node Type": "Hash",
                                            "Parent Relationship": "Inner",
                                            "Parallel Aware": true,
                                            "Startup Cost": 80613.43,
                                            "Total Cost": 80613.43,
                                            "Plan Rows": 412551,
                                            "Plan Width": 8,
                                            "Actual Startup Time": 699.27,
                                            "Actual Total Time": 699.795,
                                            "Actual Rows": 318562,
                                            "Actual Loops": 4,
                                            "Output": [
                                                "t.id",
                                                "mc.movie_id"
                                            ],
                                            "Hash Buckets": 2097152,
                                            "Original Hash Buckets": 2097152,
                                            "Hash Batches": 1,
                                            "Original Hash Batches": 1,
                                            "Peak Memory Usage": 66304,
                                            "Workers": [
                                                {
                                                    "Worker Number": 0,
                                                    "Actual Startup Time": 701.845,
                                                    "Actual Total Time": 701.849,
                                                    "Actual Rows": 256164,
                                                    "Actual Loops": 1
                                                },
                                                {
                                                    "Worker Number": 1,
                                                    "Actual Startup Time": 701.738,
                                                    "Actual Total Time": 701.744,
                                                    "Actual Rows": 257383,
                                                    "Actual Loops": 1
                                                },
                                                {
                                                    "Worker Number": 2,
                                                    "Actual Startup Time": 703.43,
                                                    "Actual Total Time": 703.434,
                                                    "Actual Rows": 373314,
                                                    "Actual Loops": 1
                                                }
                                            ],
                                            "Plans": [
                                                {
                                                    "Node Type": "Hash Join",
                                                    "Parent Relationship": "Outer",
                                                    "Parallel Aware": true,
                                                    "Join Type": "Inner",
                                                    "Startup Cost": 50219.81,
                                                    "Total Cost": 80613.43,
                                                    "Plan Rows": 412551,
                                                    "Plan Width": 8,
                                                    "Actual Startup Time": 388.335,
                                                    "Actual Total Time": 590.728,
                                                    "Actual Rows": 318562,
                                                    "Actual Loops": 4,
                                                    "Output": [
                                                        "t.id",
                                                        "mc.movie_id"
                                                    ],
                                                    "Inner Unique": true,
                                                    "Hash Cond": "(mc.movie_id = t.id)",
                                                    "Workers": [
                                                        {
                                                            "Worker Number": 0,
                                                            "Actual Startup Time": 388.262,
                                                            "Actual Total Time": 590.292,
                                                            "Actual Rows": 256164,
                                                            "Actual Loops": 1
                                                        },
                                                        {
                                                            "Worker Number": 1,
                                                            "Actual Startup Time": 388.299,
                                                            "Actual Total Time": 592.384,
                                                            "Actual Rows": 257383,
                                                            "Actual Loops": 1
                                                        },
                                                        {
                                                            "Worker Number": 2,
                                                            "Actual Startup Time": 388.339,
                                                            "Actual Total Time": 589.362,
                                                            "Actual Rows": 373314,
                                                            "Actual Loops": 1
                                                        }
                                                    ],
                                                    "Plans": [
                                                        {
                                                            "Node Type": "Seq Scan",
                                                            "Parent Relationship": "Outer",
                                                            "Parallel Aware": true,
                                                            "Relation Name": "movie_companies",
                                                            "Schema": "public",
                                                            "Alias": "mc",
                                                            "Startup Cost": 0.0,
                                                            "Total Cost": 29310.68,
                                                            "Plan Rows": 412551,
                                                            "Plan Width": 4,
                                                            "Actual Startup Time": 0.027,
                                                            "Actual Total Time": 79.201,
                                                            "Actual Rows": 318562,
                                                            "Actual Loops": 4,
                                                            "Output": [
                                                                "mc.id",
                                                                "mc.movie_id",
                                                                "mc.company_id",
                                                                "mc.company_type_id",
                                                                "mc.note"
                                                            ],
                                                            "Filter": "(mc.company_type_id < 2)",
                                                            "Rows Removed by Filter": 333721,
                                                            "Workers": [
                                                                {
                                                                    "Worker Number": 0,
                                                                    "Actual Startup Time": 0.036,
                                                                    "Actual Total Time": 82.535,
                                                                    "Actual Rows": 256164,
                                                                    "Actual Loops": 1
                                                                },
                                                                {
                                                                    "Worker Number": 1,
                                                                    "Actual Startup Time": 0.033,
                                                                    "Actual Total Time": 82.593,
                                                                    "Actual Rows": 257383,
                                                                    "Actual Loops": 1
                                                                },
                                                                {
                                                                    "Worker Number": 2,
                                                                    "Actual Startup Time": 0.027,
                                                                    "Actual Total Time": 78.025,
                                                                    "Actual Rows": 373314,
                                                                    "Actual Loops": 1
                                                                }
                                                            ]
                                                        },
                                                        {
                                                            "Node Type": "Hash",
                                                            "Parent Relationship": "Inner",
                                                            "Parallel Aware": true,
                                                            "Startup Cost": 42318.81,
                                                            "Total Cost": 42318.81,
                                                            "Plan Rows": 632080,
                                                            "Plan Width": 4,
                                                            "Actual Startup Time": 381.408,
                                                            "Actual Total Time": 381.41,
                                                            "Actual Rows": 632078,
                                                            "Actual Loops": 4,
                                                            "Output": [
                                                                "t.id"
                                                            ],
                                                            "Hash Buckets": 4194304,
                                                            "Original Hash Buckets": 4194304,
                                                            "Hash Batches": 1,
                                                            "Original Hash Batches": 1,
                                                            "Peak Memory Usage": 131744,
                                                            "Workers": [
                                                                {
                                                                    "Worker Number": 0,
                                                                    "Actual Startup Time": 388.145,
                                                                    "Actual Total Time": 388.147,
                                                                    "Actual Rows": 459201,
                                                                    "Actual Loops": 1
                                                                },
                                                                {
                                                                    "Worker Number": 1,
                                                                    "Actual Startup Time": 388.109,
                                                                    "Actual Total Time": 388.111,
                                                                    "Actual Rows": 465691,
                                                                    "Actual Loops": 1
                                                                },
                                                                {
                                                                    "Worker Number": 2,
                                                                    "Actual Startup Time": 388.2,
                                                                    "Actual Total Time": 388.202,
                                                                    "Actual Rows": 729972,
                                                                    "Actual Loops": 1
                                                                }
                                                            ],
                                                            "Plans": [
                                                                {
                                                                    "Node Type": "Seq Scan",
                                                                    "Parent Relationship": "Outer",
                                                                    "Parallel Aware": true,
                                                                    "Relation Name": "title",
                                                                    "Schema": "public",
                                                                    "Alias": "t",
                                                                    "Startup Cost": 0.0,
                                                                    "Total Cost": 42318.81,
                                                                    "Plan Rows": 632080,
                                                                    "Plan Width": 4,
                                                                    "Actual Startup Time": 0.059,
                                                                    "Actual Total Time": 108.408,
                                                                    "Actual Rows": 632078,
                                                                    "Actual Loops": 4,
                                                                    "Output": [
                                                                        "t.id"
                                                                    ],
                                                                    "Workers": [
                                                                        {
                                                                            "Worker Number": 0,
                                                                            "Actual Startup Time": 0.081,
                                                                            "Actual Total Time": 118.436,
                                                                            "Actual Rows": 459201,
                                                                            "Actual Loops": 1
                                                                        },
                                                                        {
                                                                            "Worker Number": 1,
                                                                            "Actual Startup Time": 0.092,
                                                                            "Actual Total Time": 119.65,
                                                                            "Actual Rows": 465691,
                                                                            "Actual Loops": 1
                                                                        },
                                                                        {
                                                                            "Worker Number": 2,
                                                                            "Actual Startup Time": 0.051,
                                                                            "Actual Total Time": 106.103,
                                                                            "Actual Rows": 729972,
                                                                            "Actual Loops": 1
                                                                        }
                                                                    ]
                                                                }
                                                            ]
                                                        }
                                                    ]
                                                }
                                            ]
                                        }
                                    ]
                                }
                            ]
                        }
                    ]
                }
            ]
        },
        "Planning Time": 231.474,
        "Triggers": [],
        "Execution Time": 1664.956
    }
]