[
  {
    "Plan": {
      "Node Type": "Aggregate",
      "Strategy": "Plain",
      "Partial Mode": "Finalize",
      "Parallel Aware": false,
      "Startup Cost": 340372.35,
      "Total Cost": 340372.36,
      "Plan Rows": 1,
      "Plan Width": 8,
      "Actual Startup Time": 832.168,
      "Actual Total Time": 888.248,
      "Actual Rows": 1,
      "Actual Loops": 1,
      "Plans": [
        {
          "Node Type": "Gather",
          "Parent Relationship": "Outer",
          "Parallel Aware": false,
          "Startup Cost": 340371.73,
          "Total Cost": 340372.34,
          "Plan Rows": 6,
          "Plan Width": 8,
          "Actual Startup Time": 831.927,
          "Actual Total Time": 888.234,
          "Actual Rows": 7,
          "Actual Loops": 1,
          "Workers Planned": 6,
          "Workers Launched": 6,
          "Single Copy": false,
          "Plans": [
            {
              "Node Type": "Aggregate",
              "Strategy": "Plain",
              "Partial Mode": "Partial",
              "Parent Relationship": "Outer",
              "Parallel Aware": false,
              "Startup Cost": 339371.73,
              "Total Cost": 339371.74,
              "Plan Rows": 1,
              "Plan Width": 8,
              "Actual Startup Time": 824.05,
              "Actual Total Time": 824.051,
              "Actual Rows": 1,
              "Actual Loops": 7,
              "Plans": [
                {
                  "Node Type": "Seq Scan",
                  "Parent Relationship": "Outer",
                  "Parallel Aware": true,
                  "Relation Name": "cast_info",
                  "Alias": "ci",
                  "Startup Cost": 0.0,
                  "Total Cost": 328211.39,
                  "Plan Rows": 4464135,
                  "Plan Width": 0,
                  "Actual Startup Time": 112.929,
                  "Actual Total Time": 641.216,
                  "Actual Rows": 3814186,
                  "Actual Loops": 7,
                  "Filter": "(person_id > 938595)",
                  "Rows Removed by Filter": 1363578
                }
              ]
            }
          ]
        }
      ]
    },
    "Planning Time": 0.205,
    "Triggers": [],
    "Execution Time": 888.319
  }
]