[
  {
    "Plan": {
      "Node Type": "Aggregate",
      "Strategy": "Plain",
      "Partial Mode": "Finalize",
      "Parallel Aware": false,
      "Startup Cost": 44927.93,
      "Total Cost": 44927.94,
      "Plan Rows": 1,
      "Plan Width": 8,
      "Actual Startup Time": 148.387,
      "Actual Total Time": 159.089,
      "Actual Rows": 1,
      "Actual Loops": 1,
      "Plans": [
        {
          "Node Type": "Gather",
          "Parent Relationship": "Outer",
          "Parallel Aware": false,
          "Startup Cost": 44927.61,
          "Total Cost": 44927.92,
          "Plan Rows": 3,
          "Plan Width": 8,
          "Actual Startup Time": 148.216,
          "Actual Total Time": 159.079,
          "Actual Rows": 4,
          "Actual Loops": 1,
          "Workers Planned": 3,
          "Workers Launched": 3,
          "Single Copy": false,
          "Plans": [
            {
              "Node Type": "Aggregate",
              "Strategy": "Plain",
              "Partial Mode": "Partial",
              "Parent Relationship": "Outer",
              "Parallel Aware": false,
              "Startup Cost": 43927.61,
              "Total Cost": 43927.62,
              "Plan Rows": 1,
              "Plan Width": 8,
              "Actual Startup Time": 142.397,
              "Actual Total Time": 142.399,
              "Actual Rows": 1,
              "Actual Loops": 4,
              "Plans": [
                {
                  "Node Type": "Seq Scan",
                  "Parent Relationship": "Outer",
                  "Parallel Aware": true,
                  "Relation Name": "movie_keyword",
                  "Alias": "mk",
                  "Startup Cost": 0.0,
                  "Total Cost": 42695.65,
                  "Plan Rows": 492784,
                  "Plan Width": 0,
                  "Actual Startup Time": 0.755,
                  "Actual Total Time": 121.269,
                  "Actual Rows": 379967,
                  "Actual Loops": 4,
                  "Filter": "(keyword_id > 10638)",
                  "Rows Removed by Filter": 751016
                }
              ]
            }
          ]
        }
      ]
    },
    "Planning Time": 0.266,
    "Triggers": [],
    "Execution Time": 159.147
  }
]