[
  {
    "Plan": {
      "Node Type": "Aggregate",
      "Strategy": "Plain",
      "Partial Mode": "Finalize",
      "Parallel Aware": false,
      "Startup Cost": 71535.13,
      "Total Cost": 71535.14,
      "Plan Rows": 1,
      "Plan Width": 8,
      "Actual Startup Time": 244.976,
      "Actual Total Time": 260.286,
      "Actual Rows": 1,
      "Actual Loops": 1,
      "Plans": [
        {
          "Node Type": "Gather",
          "Parent Relationship": "Outer",
          "Parallel Aware": false,
          "Startup Cost": 71534.71,
          "Total Cost": 71535.12,
          "Plan Rows": 4,
          "Plan Width": 8,
          "Actual Startup Time": 243.452,
          "Actual Total Time": 260.276,
          "Actual Rows": 5,
          "Actual Loops": 1,
          "Workers Planned": 4,
          "Workers Launched": 4,
          "Single Copy": false,
          "Plans": [
            {
              "Node Type": "Aggregate",
              "Strategy": "Plain",
              "Partial Mode": "Partial",
              "Parent Relationship": "Outer",
              "Parallel Aware": false,
              "Startup Cost": 70534.71,
              "Total Cost": 70534.72,
              "Plan Rows": 1,
              "Plan Width": 8,
              "Actual Startup Time": 233.333,
              "Actual Total Time": 233.337,
              "Actual Rows": 1,
              "Actual Loops": 5,
              "Plans": [
                {
                  "Node Type": "Hash Join",
                  "Parent Relationship": "Outer",
                  "Parallel Aware": true,
                  "Join Type": "Inner",
                  "Startup Cost": 23661.64,
                  "Total Cost": 70445.0,
                  "Plan Rows": 35886,
                  "Plan Width": 0,
                  "Actual Startup Time": 64.696,
                  "Actual Total Time": 231.531,
                  "Actual Rows": 26970,
                  "Actual Loops": 5,
                  "Inner Unique": false,
                  "Hash Cond": "(t.id = mc.movie_id)",
                  "Plans": [
                    {
                      "Node Type": "Seq Scan",
                      "Parent Relationship": "Outer",
                      "Parallel Aware": true,
                      "Relation Name": "title",
                      "Alias": "t",
                      "Startup Cost": 0.0,
                      "Total Cost": 43898.92,
                      "Plan Rows": 553736,
                      "Plan Width": 4,
                      "Actual Startup Time": 0.019,
                      "Actual Total Time": 91.737,
                      "Actual Rows": 440739,
                      "Actual Loops": 5,
                      "Filter": "(production_year > 1960)",
                      "Rows Removed by Filter": 64923
                    },
                    {
                      "Node Type": "Hash",
                      "Parent Relationship": "Inner",
                      "Parallel Aware": true,
                      "Startup Cost": 23000.95,
                      "Total Cost": 23000.95,
                      "Plan Rows": 52855,
                      "Plan Width": 4,
                      "Actual Startup Time": 62.599,
                      "Actual Total Time": 62.6,
                      "Actual Rows": 33542,
                      "Actual Loops": 5,
                      "Hash Buckets": 262144,
                      "Original Hash Buckets": 262144,
                      "Hash Batches": 1,
                      "Original Hash Batches": 1,
                      "Peak Memory Usage": 8704,
                      "Plans": [
                        {
                          "Node Type": "Bitmap Heap Scan",
                          "Parent Relationship": "Outer",
                          "Parallel Aware": true,
                          "Relation Name": "movie_companies",
                          "Alias": "mc",
                          "Startup Cost": 3550.27,
                          "Total Cost": 23000.95,
                          "Plan Rows": 52855,
                          "Plan Width": 4,
                          "Actual Startup Time": 17.377,
                          "Actual Total Time": 49.264,
                          "Actual Rows": 33542,
                          "Actual Loops": 5,
                          "Recheck Cond": "(company_id < 34)",
                          "Rows Removed by Index Recheck": 0,
                          "Exact Heap Blocks": 7317,
                          "Lossy Heap Blocks": 0,
                          "Plans": [
                            {
                              "Node Type": "Bitmap Index Scan",
                              "Parent Relationship": "Outer",
                              "Parallel Aware": false,
                              "Index Name": "company_id_movie_companies",
                              "Startup Cost": 0.0,
                              "Total Cost": 3509.3,
                              "Plan Rows": 163850,
                              "Plan Width": 0,
                              "Actual Startup Time": 16.409,
                              "Actual Total Time": 16.409,
                              "Actual Rows": 167708,
                              "Actual Loops": 1,
                              "Index Cond": "(company_id < 34)"
                            }
                          ]
                        }
                      ]
                    }
                  ]
                }
              ]
            }
          ]
        }
      ]
    },
    "Planning Time": 0.775,
    "Triggers": [],
    "Execution Time": 260.381
  }
]