[
  {
    "Plan": {
      "Node Type": "Aggregate",
      "Strategy": "Plain",
      "Partial Mode": "Finalize",
      "Parallel Aware": false,
      "Startup Cost": 347411.2,
      "Total Cost": 347411.21,
      "Plan Rows": 1,
      "Plan Width": 8,
      "Actual Startup Time": 648.42,
      "Actual Total Time": 708.236,
      "Actual Rows": 1,
      "Actual Loops": 1,
      "Plans": [
        {
          "Node Type": "Gather",
          "Parent Relationship": "Outer",
          "Parallel Aware": false,
          "Startup Cost": 347410.57,
          "Total Cost": 347411.18,
          "Plan Rows": 6,
          "Plan Width": 8,
          "Actual Startup Time": 648.327,
          "Actual Total Time": 708.225,
          "Actual Rows": 7,
          "Actual Loops": 1,
          "Workers Planned": 6,
          "Workers Launched": 6,
          "Single Copy": false,
          "Plans": [
            {
              "Node Type": "Aggregate",
              "Strategy": "Plain",
              "Partial Mode": "Partial",
              "Parent Relationship": "Outer",
              "Parallel Aware": false,
              "Startup Cost": 346410.57,
              "Total Cost": 346410.58,
              "Plan Rows": 1,
              "Plan Width": 8,
              "Actual Startup Time": 638.052,
              "Actual Total Time": 638.053,
              "Actual Rows": 1,
              "Actual Loops": 7,
              "Plans": [
                {
                  "Node Type": "Seq Scan",
                  "Parent Relationship": "Outer",
                  "Parallel Aware": true,
                  "Relation Name": "cast_info",
                  "Alias": "ci",
                  "Startup Cost": 0.0,
                  "Total Cost": 343257.03,
                  "Plan Rows": 1261418,
                  "Plan Width": 0,
                  "Actual Startup Time": 0.048,
                  "Actual Total Time": 587.357,
                  "Actual Rows": 1206284,
                  "Actual Loops": 7,
                  "Filter": "((person_id < 868536) AND (role_id < 10))",
                  "Rows Removed by Filter": 3971480
                }
              ]
            }
          ]
        }
      ]
    },
    "Planning Time": 0.213,
    "Triggers": [],
    "Execution Time": 708.307
  }
]