[
  {
    "Plan": {
      "Node Type": "Aggregate",
      "Strategy": "Plain",
      "Partial Mode": "Finalize",
      "Parallel Aware": false,
      "Startup Cost": 44835.07,
      "Total Cost": 44835.08,
      "Plan Rows": 1,
      "Plan Width": 8,
      "Actual Startup Time": 136.798,
      "Actual Total Time": 145.935,
      "Actual Rows": 1,
      "Actual Loops": 1,
      "Plans": [
        {
          "Node Type": "Gather",
          "Parent Relationship": "Outer",
          "Parallel Aware": false,
          "Startup Cost": 44834.75,
          "Total Cost": 44835.06,
          "Plan Rows": 3,
          "Plan Width": 8,
          "Actual Startup Time": 136.709,
          "Actual Total Time": 145.927,
          "Actual Rows": 4,
          "Actual Loops": 1,
          "Workers Planned": 3,
          "Workers Launched": 3,
          "Single Copy": false,
          "Plans": [
            {
              "Node Type": "Aggregate",
              "Strategy": "Plain",
              "Partial Mode": "Partial",
              "Parent Relationship": "Outer",
              "Parallel Aware": false,
              "Startup Cost": 43834.75,
              "Total Cost": 43834.76,
              "Plan Rows": 1,
              "Plan Width": 8,
              "Actual Startup Time": 129.506,
              "Actual Total Time": 129.508,
              "Actual Rows": 1,
              "Actual Loops": 4,
              "Plans": [
                {
                  "Node Type": "Seq Scan",
                  "Parent Relationship": "Outer",
                  "Parallel Aware": true,
                  "Relation Name": "movie_keyword",
                  "Alias": "mk",
                  "Startup Cost": 0.0,
                  "Total Cost": 42695.65,
                  "Plan Rows": 455640,
                  "Plan Width": 0,
                  "Actual Startup Time": 0.84,
                  "Actual Total Time": 111.087,
                  "Actual Rows": 352050,
                  "Actual Loops": 4,
                  "Filter": "(keyword_id > 11877)",
                  "Rows Removed by Filter": 778932
                }
              ]
            }
          ]
        }
      ]
    },
    "Planning Time": 0.059,
    "Triggers": [],
    "Execution Time": 145.96
  }
]