[
  {
    "Plan": {
      "Node Type": "Aggregate",
      "Strategy": "Plain",
      "Partial Mode": "Finalize",
      "Parallel Aware": false,
      "Startup Cost": 46145.31,
      "Total Cost": 46145.32,
      "Plan Rows": 1,
      "Plan Width": 8,
      "Actual Startup Time": 169.063,
      "Actual Total Time": 178.423,
      "Actual Rows": 1,
      "Actual Loops": 1,
      "Plans": [
        {
          "Node Type": "Gather",
          "Parent Relationship": "Outer",
          "Parallel Aware": false,
          "Startup Cost": 46144.99,
          "Total Cost": 46145.3,
          "Plan Rows": 3,
          "Plan Width": 8,
          "Actual Startup Time": 168.954,
          "Actual Total Time": 178.416,
          "Actual Rows": 4,
          "Actual Loops": 1,
          "Workers Planned": 3,
          "Workers Launched": 3,
          "Single Copy": false,
          "Plans": [
            {
              "Node Type": "Aggregate",
              "Strategy": "Plain",
              "Partial Mode": "Partial",
              "Parent Relationship": "Outer",
              "Parallel Aware": false,
              "Startup Cost": 45144.99,
              "Total Cost": 45145.0,
              "Plan Rows": 1,
              "Plan Width": 8,
              "Actual Startup Time": 161.94,
              "Actual Total Time": 161.942,
              "Actual Rows": 1,
              "Actual Loops": 4,
              "Plans": [
                {
                  "Node Type": "Seq Scan",
                  "Parent Relationship": "Outer",
                  "Parallel Aware": true,
                  "Relation Name": "movie_keyword",
                  "Alias": "mk",
                  "Startup Cost": 0.0,
                  "Total Cost": 42695.65,
                  "Plan Rows": 979734,
                  "Plan Width": 0,
                  "Actual Startup Time": 0.062,
                  "Actual Total Time": 125.632,
                  "Actual Rows": 757194,
                  "Actual Loops": 4,
                  "Filter": "(keyword_id < 10864)",
                  "Rows Removed by Filter": 373789
                }
              ]
            }
          ]
        }
      ]
    },
    "Planning Time": 0.181,
    "Triggers": [],
    "Execution Time": 178.477
  }
]