{
  "Plan": {
    "Node Type": "Aggregate",
    "Strategy": "Plain",
    "Partial Mode": "Finalize",
    "Parallel Aware": false,
    "Startup Cost": 374549.84,
    "Total Cost": 374549.85,
    "Plan Rows": 1,
    "Plan Width": 8,
    "Actual Startup Time": 2419.354,
    "Actual Total Time": 2446.798,
    "Actual Rows": 1,
    "Actual Loops": 1,
    "Plans": [
      {
        "Node Type": "Gather",
        "Parent Relationship": "Outer",
        "Parallel Aware": false,
        "Startup Cost": 374549.73,
        "Total Cost": 374549.84,
        "Plan Rows": 1,
        "Plan Width": 8,
        "Actual Startup Time": 2415.945,
        "Actual Total Time": 2446.791,
        "Actual Rows": 2,
        "Actual Loops": 1,
        "Workers Planned": 1,
        "Workers Launched": 1,
        "Single Copy": false,
        "Plans": [
          {
            "Node Type": "Aggregate",
            "Strategy": "Plain",
            "Partial Mode": "Partial",
            "Parent Relationship": "Outer",
            "Parallel Aware": false,
            "Startup Cost": 373549.73,
            "Total Cost": 373549.74,
            "Plan Rows": 1,
            "Plan Width": 8,
            "Actual Startup Time": 2409.393,
            "Actual Total Time": 2409.399,
            "Actual Rows": 1,
            "Actual Loops": 2,
            "Plans": [
              {
                "Node Type": "Hash Join",
                "Parent Relationship": "Outer",
                "Parallel Aware": true,
                "Join Type": "Inner",
                "Startup Cost": 123543.52,
                "Total Cost": 372079.54,
                "Plan Rows": 588075,
                "Plan Width": 0,
                "Actual Startup Time": 583.516,
                "Actual Total Time": 2126.956,
                "Actual Rows": 6923986,
                "Actual Loops": 2,
                "Inner Unique": false,
                "Hash Cond": "(ci.movie_id = t.id)",
                "Plans": [
                  {
                    "Node Type": "Index Scan",
                    "Parent Relationship": "Outer",
                    "Parallel Aware": true,
                    "Scan Direction": "Forward",
                    "Index Name": "role_id_cast_info",
                    "Relation Name": "cast_info",
                    "Alias": "ci",
                    "Startup Cost": 0.56,
                    "Total Cost": 228633.54,
                    "Plan Rows": 4385010,
                    "Plan Width": 4,
                    "Actual Startup Time": 0.132,
                    "Actual Total Time": 480.64,
                    "Actual Rows": 3718118,
                    "Actual Loops": 2,
                    "Index Cond": "(role_id > 7)",
                    "Rows Removed by Index Recheck": 0
                  },
                  {
                    "Node Type": "Hash",
                    "Parent Relationship": "Inner",
                    "Parallel Aware": true,
                    "Startup Cost": 121049.79,
                    "Total Cost": 121049.79,
                    "Plan Rows": 199453,
                    "Plan Width": 8,
                    "Actual Startup Time": 577.522,
                    "Actual Total Time": 577.527,
                    "Actual Rows": 324298,
                    "Actual Loops": 2,
                    "Hash Buckets": 1048576,
                    "Original Hash Buckets": 524288,
                    "Hash Batches": 1,
                    "Original Hash Batches": 1,
                    "Peak Memory Usage": 37696,
                    "Plans": [
                      {
                        "Node Type": "Hash Join",
                        "Parent Relationship": "Outer",
                        "Parallel Aware": true,
                        "Join Type": "Inner",
                        "Startup Cost": 87011.09,
                        "Total Cost": 121049.79,
                        "Plan Rows": 199453,
                        "Plan Width": 8,
                        "Actual Startup Time": 308.5,
                        "Actual Total Time": 505.268,
                        "Actual Rows": 324298,
                        "Actual Loops": 2,
                        "Inner Unique": true,
                        "Hash Cond": "(mk.movie_id = t.id)",
                        "Plans": [
                          {
                            "Node Type": "Bitmap Heap Scan",
                            "Parent Relationship": "Outer",
                            "Parallel Aware": true,
                            "Relation Name": "movie_keyword",
                            "Alias": "mk",
                            "Startup Cost": 22853.42,
                            "Total Cost": 55228.66,
                            "Plan Rows": 633699,
                            "Plan Width": 4,
                            "Actual Startup Time": 61.857,
                            "Actual Total Time": 156.533,
                            "Actual Rows": 538509,
                            "Actual Loops": 2,
                            "Recheck Cond": "(keyword_id > 16412)",
                            "Rows Removed by Index Recheck": 0,
                            "Exact Heap Blocks": 13394,
                            "Lossy Heap Blocks": 0,
                            "Plans": [
                              {
                                "Node Type": "Bitmap Index Scan",
                                "Parent Relationship": "Outer",
                                "Parallel Aware": false,
                                "Index Name": "keyword_id_movie_keyword",
                                "Startup Cost": 0.0,
                                "Total Cost": 22584.1,
                                "Plan Rows": 1077289,
                                "Plan Width": 0,
                                "Actual Startup Time": 58.2,
                                "Actual Total Time": 58.2,
                                "Actual Rows": 1077018,
                                "Actual Loops": 1,
                                "Index Cond": "(keyword_id > 16412)"
                              }
                            ]
                          },
                          {
                            "Node Type": "Hash",
                            "Parent Relationship": "Inner",
                            "Parallel Aware": true,
                            "Startup Cost": 58306.47,
                            "Total Cost": 58306.47,
                            "Plan Rows": 468096,
                            "Plan Width": 4,
                            "Actual Startup Time": 239.462,
                            "Actual Total Time": 239.463,
                            "Actual Rows": 350974,
                            "Actual Loops": 2,
                            "Hash Buckets": 1048576,
                            "Original Hash Buckets": 1048576,
                            "Hash Batches": 1,
                            "Original Hash Batches": 1,
                            "Peak Memory Usage": 35680,
                            "Plans": [
                              {
                                "Node Type": "Seq Scan",
                                "Parent Relationship": "Outer",
                                "Parallel Aware": true,
                                "Relation Name": "title",
                                "Alias": "t",
                                "Startup Cost": 0.0,
                                "Total Cost": 58306.47,
                                "Plan Rows": 468096,
                                "Plan Width": 4,
                                "Actual Startup Time": 0.04,
                                "Actual Total Time": 150.716,
                                "Actual Rows": 350974,
                                "Actual Loops": 2,
                                "Filter": "((kind_id < 7) AND (production_year > 1974))",
                                "Rows Removed by Filter": 913182
                              }
                            ]
                          }
                        ]
                      }
                    ]
                  }
                ]
              }
            ]
          }
        ]
      }
    ]
  },
  "Planning Time": 1.002,
  "Triggers": [],
  "Execution Time": 2446.935
}