[
  {
    "Plan": {
      "Node Type": "Aggregate",
      "Strategy": "Plain",
      "Partial Mode": "Finalize",
      "Parallel Aware": false,
      "Startup Cost": 55928.97,
      "Total Cost": 55928.98,
      "Plan Rows": 1,
      "Plan Width": 8,
      "Actual Startup Time": 131.013,
      "Actual Total Time": 145.779,
      "Actual Rows": 1,
      "Actual Loops": 1,
      "Plans": [
        {
          "Node Type": "Gather",
          "Parent Relationship": "Outer",
          "Parallel Aware": false,
          "Startup Cost": 55928.65,
          "Total Cost": 55928.96,
          "Plan Rows": 3,
          "Plan Width": 8,
          "Actual Startup Time": 130.845,
          "Actual Total Time": 145.774,
          "Actual Rows": 4,
          "Actual Loops": 1,
          "Workers Planned": 3,
          "Workers Launched": 3,
          "Single Copy": false,
          "Plans": [
            {
              "Node Type": "Aggregate",
              "Strategy": "Plain",
              "Partial Mode": "Partial",
              "Parent Relationship": "Outer",
              "Parallel Aware": false,
              "Startup Cost": 54928.65,
              "Total Cost": 54928.66,
              "Plan Rows": 1,
              "Plan Width": 8,
              "Actual Startup Time": 121.504,
              "Actual Total Time": 121.507,
              "Actual Rows": 1,
              "Actual Loops": 4,
              "Plans": [
                {
                  "Node Type": "Nested Loop",
                  "Parent Relationship": "Outer",
                  "Parallel Aware": false,
                  "Join Type": "Inner",
                  "Startup Cost": 45492.75,
                  "Total Cost": 54926.94,
                  "Plan Rows": 686,
                  "Plan Width": 0,
                  "Actual Startup Time": 93.779,
                  "Actual Total Time": 121.336,
                  "Actual Rows": 2510,
                  "Actual Loops": 4,
                  "Inner Unique": false,
                  "Join Filter": "(t.id = mi.movie_id)",
                  "Rows Removed by Join Filter": 0,
                  "Plans": [
                    {
                      "Node Type": "Hash Join",
                      "Parent Relationship": "Outer",
                      "Parallel Aware": true,
                      "Join Type": "Inner",
                      "Startup Cost": 45492.31,
                      "Total Cost": 54284.75,
                      "Plan Rows": 117,
                      "Plan Width": 8,
                      "Actual Startup Time": 93.685,
                      "Actual Total Time": 113.337,
                      "Actual Rows": 119,
                      "Actual Loops": 4,
                      "Inner Unique": true,
                      "Hash Cond": "(ci.movie_id = t.id)",
                      "Plans": [
                        {
                          "Node Type": "Index Scan",
                          "Parent Relationship": "Outer",
                          "Parallel Aware": true,
                          "Scan Direction": "Forward",
                          "Index Name": "role_id_cast_info",
                          "Relation Name": "cast_info",
                          "Alias": "ci",
                          "Startup Cost": 0.56,
                          "Total Cost": 8600.37,
                          "Plan Rows": 73381,
                          "Plan Width": 4,
                          "Actual Startup Time": 0.277,
                          "Actual Total Time": 13.679,
                          "Actual Rows": 70250,
                          "Actual Loops": 4,
                          "Index Cond": "(role_id > 10)",
                          "Rows Removed by Index Recheck": 0,
                          "Filter": "(person_id > 859057)",
                          "Rows Removed by Filter": 8779
                        },
                        {
                          "Node Type": "Hash",
                          "Parent Relationship": "Inner",
                          "Parallel Aware": true,
                          "Startup Cost": 45479.1,
                          "Total Cost": 45479.1,
                          "Plan Rows": 1012,
                          "Plan Width": 4,
                          "Actual Startup Time": 91.997,
                          "Actual Total Time": 91.998,
                          "Actual Rows": 1146,
                          "Actual Loops": 4,
                          "Hash Buckets": 4096,
                          "Original Hash Buckets": 4096,
                          "Hash Batches": 1,
                          "Original Hash Batches": 1,
                          "Peak Memory Usage": 288,
                          "Plans": [
                            {
                              "Node Type": "Seq Scan",
                              "Parent Relationship": "Outer",
                              "Parallel Aware": true,
                              "Relation Name": "title",
                              "Alias": "t",
                              "Startup Cost": 0.0,
                              "Total Cost": 45479.1,
                              "Plan Rows": 1012,
                              "Plan Width": 4,
                              "Actual Startup Time": 62.721,
                              "Actual Total Time": 91.352,
                              "Actual Rows": 1146,
                              "Actual Loops": 4,
                              "Filter": "((kind_id = 1) AND (production_year = 1971))",
                              "Rows Removed by Filter": 630932
                            }
                          ]
                        }
                      ]
                    },
                    {
                      "Node Type": "Index Only Scan",
                      "Parent Relationship": "Inner",
                      "Parallel Aware": false,
                      "Scan Direction": "Forward",
                      "Index Name": "movie_id_movie_info",
                      "Relation Name": "movie_info",
                      "Alias": "mi",
                      "Startup Cost": 0.43,
                      "Total Cost": 4.96,
                      "Plan Rows": 42,
                      "Plan Width": 4,
                      "Actual Startup Time": 0.021,
                      "Actual Total Time": 0.064,
                      "Actual Rows": 21,
                      "Actual Loops": 475,
                      "Index Cond": "(movie_id = ci.movie_id)",
                      "Rows Removed by Index Recheck": 0,
                      "Heap Fetches": 10042
                    }
                  ]
                }
              ]
            }
          ]
        }
      ]
    },
    "Planning Time": 1.426,
    "Triggers": [],
    "Execution Time": 145.867
  }
]