[
  {
    "Plan": {
      "Node Type": "Aggregate",
      "Strategy": "Plain",
      "Partial Mode": "Finalize",
      "Parallel Aware": false,
      "Startup Cost": 13182.7,
      "Total Cost": 13182.71,
      "Plan Rows": 1,
      "Plan Width": 8,
      "Actual Startup Time": 18.944,
      "Actual Total Time": 21.905,
      "Actual Rows": 1,
      "Actual Loops": 1,
      "Plans": [
        {
          "Node Type": "Gather",
          "Parent Relationship": "Outer",
          "Parallel Aware": false,
          "Startup Cost": 13182.58,
          "Total Cost": 13182.69,
          "Plan Rows": 1,
          "Plan Width": 8,
          "Actual Startup Time": 18.653,
          "Actual Total Time": 21.895,
          "Actual Rows": 2,
          "Actual Loops": 1,
          "Workers Planned": 1,
          "Workers Launched": 1,
          "Single Copy": false,
          "Plans": [
            {
              "Node Type": "Aggregate",
              "Strategy": "Plain",
              "Partial Mode": "Partial",
              "Parent Relationship": "Outer",
              "Parallel Aware": false,
              "Startup Cost": 12182.58,
              "Total Cost": 12182.59,
              "Plan Rows": 1,
              "Plan Width": 8,
              "Actual Startup Time": 12.443,
              "Actual Total Time": 12.445,
              "Actual Rows": 1,
              "Actual Loops": 2,
              "Plans": [
                {
                  "Node Type": "Nested Loop",
                  "Parent Relationship": "Outer",
                  "Parallel Aware": false,
                  "Join Type": "Inner",
                  "Startup Cost": 54.76,
                  "Total Cost": 12182.57,
                  "Plan Rows": 4,
                  "Plan Width": 0,
                  "Actual Startup Time": 8.583,
                  "Actual Total Time": 12.436,
                  "Actual Rows": 2,
                  "Actual Loops": 2,
                  "Inner Unique": true,
                  "Plans": [
                    {
                      "Node Type": "Bitmap Heap Scan",
                      "Parent Relationship": "Outer",
                      "Parallel Aware": true,
                      "Relation Name": "movie_companies",
                      "Alias": "mc",
                      "Startup Cost": 54.33,
                      "Total Cost": 6641.28,
                      "Plan Rows": 680,
                      "Plan Width": 4,
                      "Actual Startup Time": 1.257,
                      "Actual Total Time": 4.399,
                      "Actual Rows": 724,
                      "Actual Loops": 2,
                      "Recheck Cond": "(company_id = 554)",
                      "Rows Removed by Index Recheck": 0,
                      "Filter": "(company_type_id = 1)",
                      "Rows Removed by Filter": 329,
                      "Exact Heap Blocks": 954,
                      "Lossy Heap Blocks": 0,
                      "Plans": [
                        {
                          "Node Type": "Bitmap Index Scan",
                          "Parent Relationship": "Outer",
                          "Parallel Aware": false,
                          "Index Name": "company_id_movie_companies",
                          "Startup Cost": 0.0,
                          "Total Cost": 54.04,
                          "Plan Rows": 2348,
                          "Plan Width": 0,
                          "Actual Startup Time": 1.848,
                          "Actual Total Time": 1.848,
                          "Actual Rows": 2106,
                          "Actual Loops": 1,
                          "Index Cond": "(company_id = 554)"
                        }
                      ]
                    },
                    {
                      "Node Type": "Index Scan",
                      "Parent Relationship": "Inner",
                      "Parallel Aware": false,
                      "Scan Direction": "Forward",
                      "Index Name": "title_pkey",
                      "Relation Name": "title",
                      "Alias": "t",
                      "Startup Cost": 0.43,
                      "Total Cost": 8.15,
                      "Plan Rows": 1,
                      "Plan Width": 4,
                      "Actual Startup Time": 0.01,
                      "Actual Total Time": 0.01,
                      "Actual Rows": 0,
                      "Actual Loops": 1448,
                      "Index Cond": "(id = mc.movie_id)",
                      "Rows Removed by Index Recheck": 0,
                      "Filter": "(production_year = 1981)",
                      "Rows Removed by Filter": 1
                    }
                  ]
                }
              ]
            }
          ]
        }
      ]
    },
    "Planning Time": 0.68,
    "Triggers": [],
    "Execution Time": 21.998
  }
]