[
  {
    "Plan": {
      "Node Type": "Aggregate",
      "Strategy": "Plain",
      "Partial Mode": "Finalize",
      "Parallel Aware": false,
      "Startup Cost": 44716.47,
      "Total Cost": 44716.48,
      "Plan Rows": 1,
      "Plan Width": 8,
      "Actual Startup Time": 131.404,
      "Actual Total Time": 139.9,
      "Actual Rows": 1,
      "Actual Loops": 1,
      "Plans": [
        {
          "Node Type": "Gather",
          "Parent Relationship": "Outer",
          "Parallel Aware": false,
          "Startup Cost": 44716.15,
          "Total Cost": 44716.46,
          "Plan Rows": 3,
          "Plan Width": 8,
          "Actual Startup Time": 131.295,
          "Actual Total Time": 139.892,
          "Actual Rows": 4,
          "Actual Loops": 1,
          "Workers Planned": 3,
          "Workers Launched": 3,
          "Single Copy": false,
          "Plans": [
            {
              "Node Type": "Aggregate",
              "Strategy": "Plain",
              "Partial Mode": "Partial",
              "Parent Relationship": "Outer",
              "Parallel Aware": false,
              "Startup Cost": 43716.15,
              "Total Cost": 43716.16,
              "Plan Rows": 1,
              "Plan Width": 8,
              "Actual Startup Time": 123.745,
              "Actual Total Time": 123.746,
              "Actual Rows": 1,
              "Actual Loops": 4,
              "Plans": [
                {
                  "Node Type": "Seq Scan",
                  "Parent Relationship": "Outer",
                  "Parallel Aware": true,
                  "Relation Name": "movie_keyword",
                  "Alias": "mk",
                  "Startup Cost": 0.0,
                  "Total Cost": 42695.65,
                  "Plan Rows": 408198,
                  "Plan Width": 0,
                  "Actual Startup Time": 2.466,
                  "Actual Total Time": 107.813,
                  "Actual Rows": 317647,
                  "Actual Loops": 4,
                  "Filter": "(keyword_id > 14003)",
                  "Rows Removed by Filter": 813336
                }
              ]
            }
          ]
        }
      ]
    },
    "Planning Time": 0.21,
    "Triggers": [],
    "Execution Time": 139.956
  }
]