[
  {
    "Plan": {
      "Node Type": "Aggregate",
      "Strategy": "Plain",
      "Partial Mode": "Finalize",
      "Parallel Aware": false,
      "Startup Cost": 46781.57,
      "Total Cost": 46781.58,
      "Plan Rows": 1,
      "Plan Width": 8,
      "Actual Startup Time": 164.596,
      "Actual Total Time": 172.721,
      "Actual Rows": 1,
      "Actual Loops": 1,
      "Plans": [
        {
          "Node Type": "Gather",
          "Parent Relationship": "Outer",
          "Parallel Aware": false,
          "Startup Cost": 46781.25,
          "Total Cost": 46781.56,
          "Plan Rows": 3,
          "Plan Width": 8,
          "Actual Startup Time": 164.481,
          "Actual Total Time": 172.713,
          "Actual Rows": 4,
          "Actual Loops": 1,
          "Workers Planned": 3,
          "Workers Launched": 3,
          "Single Copy": false,
          "Plans": [
            {
              "Node Type": "Aggregate",
              "Strategy": "Plain",
              "Partial Mode": "Partial",
              "Parent Relationship": "Outer",
              "Parallel Aware": false,
              "Startup Cost": 45781.25,
              "Total Cost": 45781.26,
              "Plan Rows": 1,
              "Plan Width": 8,
              "Actual Startup Time": 157.602,
              "Actual Total Time": 157.603,
              "Actual Rows": 1,
              "Actual Loops": 4,
              "Plans": [
                {
                  "Node Type": "Seq Scan",
                  "Parent Relationship": "Outer",
                  "Parallel Aware": true,
                  "Relation Name": "movie_keyword",
                  "Alias": "mk",
                  "Startup Cost": 0.0,
                  "Total Cost": 42695.65,
                  "Plan Rows": 1234240,
                  "Plan Width": 0,
                  "Actual Startup Time": 0.05,
                  "Actual Total Time": 116.165,
                  "Actual Rows": 959192,
                  "Actual Loops": 4,
                  "Filter": "(keyword_id < 27412)",
                  "Rows Removed by Filter": 171791
                }
              ]
            }
          ]
        }
      ]
    },
    "Planning Time": 0.118,
    "Triggers": [],
    "Execution Time": 172.758
  }
]