[
  {
    "Plan": {
      "Node Type": "Aggregate",
      "Strategy": "Plain",
      "Partial Mode": "Finalize",
      "Parallel Aware": false,
      "Startup Cost": 83232.47,
      "Total Cost": 83232.48,
      "Plan Rows": 1,
      "Plan Width": 8,
      "Actual Startup Time": 556.398,
      "Actual Total Time": 570.619,
      "Actual Rows": 1,
      "Actual Loops": 1,
      "Plans": [
        {
          "Node Type": "Gather",
          "Parent Relationship": "Outer",
          "Parallel Aware": false,
          "Startup Cost": 83232.15,
          "Total Cost": 83232.46,
          "Plan Rows": 3,
          "Plan Width": 8,
          "Actual Startup Time": 548.133,
          "Actual Total Time": 570.609,
          "Actual Rows": 4,
          "Actual Loops": 1,
          "Workers Planned": 3,
          "Workers Launched": 3,
          "Single Copy": false,
          "Plans": [
            {
              "Node Type": "Aggregate",
              "Strategy": "Plain",
              "Partial Mode": "Partial",
              "Parent Relationship": "Outer",
              "Parallel Aware": false,
              "Startup Cost": 82232.15,
              "Total Cost": 82232.16,
              "Plan Rows": 1,
              "Plan Width": 8,
              "Actual Startup Time": 531.722,
              "Actual Total Time": 531.725,
              "Actual Rows": 1,
              "Actual Loops": 4,
              "Plans": [
                {
                  "Node Type": "Hash Join",
                  "Parent Relationship": "Outer",
                  "Parallel Aware": true,
                  "Join Type": "Inner",
                  "Startup Cost": 50219.64,
                  "Total Cost": 80914.19,
                  "Plan Rows": 527185,
                  "Plan Width": 0,
                  "Actual Startup Time": 320.675,
                  "Actual Total Time": 515.66,
                  "Actual Rows": 405324,
                  "Actual Loops": 4,
                  "Inner Unique": true,
                  "Hash Cond": "(mc.movie_id = t.id)",
                  "Plans": [
                    {
                      "Node Type": "Seq Scan",
                      "Parent Relationship": "Outer",
                      "Parallel Aware": true,
                      "Relation Name": "movie_companies",
                      "Alias": "mc",
                      "Startup Cost": 0.0,
                      "Total Cost": 29310.68,
                      "Plan Rows": 527185,
                      "Plan Width": 4,
                      "Actual Startup Time": 0.021,
                      "Actual Total Time": 65.642,
                      "Actual Rows": 405324,
                      "Actual Loops": 4,
                      "Filter": "(company_id < 17126)",
                      "Rows Removed by Filter": 246958
                    },
                    {
                      "Node Type": "Hash",
                      "Parent Relationship": "Inner",
                      "Parallel Aware": true,
                      "Startup Cost": 42318.73,
                      "Total Cost": 42318.73,
                      "Plan Rows": 632073,
                      "Plan Width": 4,
                      "Actual Startup Time": 309.593,
                      "Actual Total Time": 309.594,
                      "Actual Rows": 632078,
                      "Actual Loops": 4,
                      "Hash Buckets": 4194304,
                      "Original Hash Buckets": 4194304,
                      "Hash Batches": 1,
                      "Original Hash Batches": 1,
                      "Peak Memory Usage": 131776,
                      "Plans": [
                        {
                          "Node Type": "Seq Scan",
                          "Parent Relationship": "Outer",
                          "Parallel Aware": true,
                          "Relation Name": "title",
                          "Alias": "t",
                          "Startup Cost": 0.0,
                          "Total Cost": 42318.73,
                          "Plan Rows": 632073,
                          "Plan Width": 4,
                          "Actual Startup Time": 0.028,
                          "Actual Total Time": 93.957,
                          "Actual Rows": 632078,
                          "Actual Loops": 4
                        }
                      ]
                    }
                  ]
                }
              ]
            }
          ]
        }
      ]
    },
    "Planning Time": 0.597,
    "Triggers": [],
    "Execution Time": 570.687
  }
]