[
  {
    "Plan": {
      "Node Type": "Aggregate",
      "Strategy": "Plain",
      "Partial Mode": "Finalize",
      "Parallel Aware": false,
      "Startup Cost": 30971.05,
      "Total Cost": 30971.06,
      "Plan Rows": 1,
      "Plan Width": 8,
      "Actual Startup Time": 103.507,
      "Actual Total Time": 110.623,
      "Actual Rows": 1,
      "Actual Loops": 1,
      "Plans": [
        {
          "Node Type": "Gather",
          "Parent Relationship": "Outer",
          "Parallel Aware": false,
          "Startup Cost": 30970.73,
          "Total Cost": 30971.04,
          "Plan Rows": 3,
          "Plan Width": 8,
          "Actual Startup Time": 103.284,
          "Actual Total Time": 110.615,
          "Actual Rows": 4,
          "Actual Loops": 1,
          "Workers Planned": 3,
          "Workers Launched": 3,
          "Single Copy": false,
          "Plans": [
            {
              "Node Type": "Aggregate",
              "Strategy": "Plain",
              "Partial Mode": "Partial",
              "Parent Relationship": "Outer",
              "Parallel Aware": false,
              "Startup Cost": 29970.73,
              "Total Cost": 29970.74,
              "Plan Rows": 1,
              "Plan Width": 8,
              "Actual Startup Time": 94.233,
              "Actual Total Time": 94.234,
              "Actual Rows": 1,
              "Actual Loops": 4,
              "Plans": [
                {
                  "Node Type": "Bitmap Heap Scan",
                  "Parent Relationship": "Outer",
                  "Parallel Aware": true,
                  "Relation Name": "movie_companies",
                  "Alias": "mc",
                  "Startup Cost": 8990.87,
                  "Total Cost": 29799.88,
                  "Plan Rows": 68341,
                  "Plan Width": 0,
                  "Actual Startup Time": 77.636,
                  "Actual Total Time": 92.888,
                  "Actual Rows": 24316,
                  "Actual Loops": 4,
                  "Recheck Cond": "(company_id < 288)",
                  "Rows Removed by Index Recheck": 0,
                  "Filter": "(company_type_id > 1)",
                  "Rows Removed by Filter": 79522,
                  "Exact Heap Blocks": 7679,
                  "Lossy Heap Blocks": 0,
                  "Plans": [
                    {
                      "Node Type": "Bitmap Index Scan",
                      "Parent Relationship": "Outer",
                      "Parallel Aware": false,
                      "Index Name": "company_id_movie_companies",
                      "Startup Cost": 0.0,
                      "Total Cost": 8937.9,
                      "Plan Rows": 417263,
                      "Plan Width": 0,
                      "Actual Startup Time": 37.778,
                      "Actual Total Time": 37.779,
                      "Actual Rows": 415354,
                      "Actual Loops": 1,
                      "Index Cond": "(company_id < 288)"
                    }
                  ]
                }
              ]
            }
          ]
        }
      ]
    },
    "Planning Time": 0.22,
    "Triggers": [],
    "Execution Time": 110.692
  }
]