{
  "Plan": {
    "Node Type": "Aggregate",
    "Strategy": "Plain",
    "Partial Mode": "Finalize",
    "Parallel Aware": false,
    "Startup Cost": 540666.75,
    "Total Cost": 540666.76,
    "Plan Rows": 1,
    "Plan Width": 8,
    "Actual Startup Time": 2350.979,
    "Actual Total Time": 2384.653,
    "Actual Rows": 1,
    "Actual Loops": 1,
    "Plans": [
      {
        "Node Type": "Gather",
        "Parent Relationship": "Outer",
        "Parallel Aware": false,
        "Startup Cost": 540666.64,
        "Total Cost": 540666.75,
        "Plan Rows": 1,
        "Plan Width": 8,
        "Actual Startup Time": 2349.755,
        "Actual Total Time": 2384.645,
        "Actual Rows": 2,
        "Actual Loops": 1,
        "Workers Planned": 1,
        "Workers Launched": 1,
        "Single Copy": false,
        "Plans": [
          {
            "Node Type": "Aggregate",
            "Strategy": "Plain",
            "Partial Mode": "Partial",
            "Parent Relationship": "Outer",
            "Parallel Aware": false,
            "Startup Cost": 539666.64,
            "Total Cost": 539666.65,
            "Plan Rows": 1,
            "Plan Width": 8,
            "Actual Startup Time": 2343.775,
            "Actual Total Time": 2343.935,
            "Actual Rows": 1,
            "Actual Loops": 2,
            "Plans": [
              {
                "Node Type": "Hash Join",
                "Parent Relationship": "Outer",
                "Parallel Aware": true,
                "Join Type": "Inner",
                "Startup Cost": 461668.29,
                "Total Cost": 538231.72,
                "Plan Rows": 573965,
                "Plan Width": 0,
                "Actual Startup Time": 2010.082,
                "Actual Total Time": 2326.307,
                "Actual Rows": 435520,
                "Actual Loops": 2,
                "Inner Unique": false,
                "Hash Cond": "(mk.movie_id = t.id)",
                "Plans": [
                  {
                    "Node Type": "Seq Scan",
                    "Parent Relationship": "Outer",
                    "Parallel Aware": true,
                    "Relation Name": "movie_keyword",
                    "Alias": "mk",
                    "Startup Cost": 0.0,
                    "Total Cost": 57718.19,
                    "Plan Rows": 2475035,
                    "Plan Width": 4,
                    "Actual Startup Time": 0.013,
                    "Actual Total Time": 199.812,
                    "Actual Rows": 2106518,
                    "Actual Loops": 2,
                    "Filter": "(keyword_id < 52512)",
                    "Rows Removed by Filter": 155446
                  },
                  {
                    "Node Type": "Hash",
                    "Parent Relationship": "Inner",
                    "Parallel Aware": true,
                    "Startup Cost": 457357.14,
                    "Total Cost": 457357.14,
                    "Plan Rows": 344892,
                    "Plan Width": 8,
                    "Actual Startup Time": 1936.076,
                    "Actual Total Time": 1936.235,
                    "Actual Rows": 133152,
                    "Actual Loops": 2,
                    "Hash Buckets": 1048576,
                    "Original Hash Buckets": 1048576,
                    "Hash Batches": 1,
                    "Original Hash Batches": 1,
                    "Peak Memory Usage": 18624,
                    "Plans": [
                      {
                        "Node Type": "Hash Join",
                        "Parent Relationship": "Outer",
                        "Parallel Aware": true,
                        "Join Type": "Inner",
                        "Startup Cost": 55462.64,
                        "Total Cost": 457357.14,
                        "Plan Rows": 344892,
                        "Plan Width": 8,
                        "Actual Startup Time": 147.157,
                        "Actual Total Time": 1885.349,
                        "Actual Rows": 133152,
                        "Actual Loops": 2,
                        "Inner Unique": true,
                        "Hash Cond": "(ci.movie_id = t.id)",
                        "Plans": [
                          {
                            "Node Type": "Index Scan",
                            "Parent Relationship": "Outer",
                            "Parallel Aware": true,
                            "Scan Direction": "Forward",
                            "Index Name": "role_id_cast_info",
                            "Relation Name": "cast_info",
                            "Alias": "ci",
                            "Startup Cost": 0.56,
                            "Total Cost": 382631.05,
                            "Plan Rows": 7338659,
                            "Plan Width": 4,
                            "Actual Startup Time": 0.099,
                            "Actual Total Time": 853.029,
                            "Actual Rows": 6335344,
                            "Actual Loops": 2,
                            "Index Cond": "(role_id < 2)",
                            "Rows Removed by Index Recheck": 0
                          },
                          {
                            "Node Type": "Hash",
                            "Parent Relationship": "Inner",
                            "Parallel Aware": true,
                            "Startup Cost": 54588.39,
                            "Total Cost": 54588.39,
                            "Plan Rows": 69895,
                            "Plan Width": 4,
                            "Actual Startup Time": 145.415,
                            "Actual Total Time": 145.417,
                            "Actual Rows": 60182,
                            "Actual Loops": 2,
                            "Hash Buckets": 131072,
                            "Original Hash Buckets": 131072,
                            "Hash Batches": 1,
                            "Original Hash Batches": 1,
                            "Peak Memory Usage": 5760,
                            "Plans": [
                              {
                                "Node Type": "Seq Scan",
                                "Parent Relationship": "Outer",
                                "Parallel Aware": true,
                                "Relation Name": "title",
                                "Alias": "t",
                                "Startup Cost": 0.0,
                                "Total Cost": 54588.39,
                                "Plan Rows": 69895,
                                "Plan Width": 4,
                                "Actual Startup Time": 64.039,
                                "Actual Total Time": 131.449,
                                "Actual Rows": 60182,
                                "Actual Loops": 2,
                                "Filter": "(production_year < 1932)",
                                "Rows Removed by Filter": 1203974
                              }
                            ]
                          }
                        ]
                      }
                    ]
                  }
                ]
              }
            ]
          }
        ]
      }
    ]
  },
  "Planning Time": 0.864,
  "Triggers": [],
  "Execution Time": 2384.739
}