[
  {
    "Plan": {
      "Node Type": "Aggregate",
      "Strategy": "Plain",
      "Partial Mode": "Finalize",
      "Parallel Aware": false,
      "Startup Cost": 345901.79,
      "Total Cost": 345901.8,
      "Plan Rows": 1,
      "Plan Width": 8,
      "Actual Startup Time": 702.338,
      "Actual Total Time": 757.211,
      "Actual Rows": 1,
      "Actual Loops": 1,
      "Plans": [
        {
          "Node Type": "Gather",
          "Parent Relationship": "Outer",
          "Parallel Aware": false,
          "Startup Cost": 345901.16,
          "Total Cost": 345901.77,
          "Plan Rows": 6,
          "Plan Width": 8,
          "Actual Startup Time": 702.208,
          "Actual Total Time": 757.203,
          "Actual Rows": 7,
          "Actual Loops": 1,
          "Workers Planned": 6,
          "Workers Launched": 6,
          "Single Copy": false,
          "Plans": [
            {
              "Node Type": "Aggregate",
              "Strategy": "Plain",
              "Partial Mode": "Partial",
              "Parent Relationship": "Outer",
              "Parallel Aware": false,
              "Startup Cost": 344901.16,
              "Total Cost": 344901.17,
              "Plan Rows": 1,
              "Plan Width": 8,
              "Actual Startup Time": 694.158,
              "Actual Total Time": 694.159,
              "Actual Rows": 1,
              "Actual Loops": 7,
              "Plans": [
                {
                  "Node Type": "Seq Scan",
                  "Parent Relationship": "Outer",
                  "Parallel Aware": true,
                  "Relation Name": "cast_info",
                  "Alias": "ci",
                  "Startup Cost": 0.0,
                  "Total Cost": 343257.03,
                  "Plan Rows": 657654,
                  "Plan Width": 0,
                  "Actual Startup Time": 357.804,
                  "Actual Total Time": 638.639,
                  "Actual Rows": 1235351,
                  "Actual Loops": 7,
                  "Filter": "((person_id > 2824211) AND (role_id > 2))",
                  "Rows Removed by Filter": 3942413
                }
              ]
            }
          ]
        }
      ]
    },
    "Planning Time": 0.138,
    "Triggers": [],
    "Execution Time": 757.266
  }
]