{
  "Plan": {
    "Node Type": "Aggregate",
    "Strategy": "Plain",
    "Partial Mode": "Finalize",
    "Parallel Aware": false,
    "Startup Cost": 131567.0,
    "Total Cost": 131567.01,
    "Plan Rows": 1,
    "Plan Width": 8,
    "Actual Startup Time": 729.388,
    "Actual Total Time": 743.414,
    "Actual Rows": 1,
    "Actual Loops": 1,
    "Plans": [
      {
        "Node Type": "Gather",
        "Parent Relationship": "Outer",
        "Parallel Aware": false,
        "Startup Cost": 131566.89,
        "Total Cost": 131567.0,
        "Plan Rows": 1,
        "Plan Width": 8,
        "Actual Startup Time": 726.845,
        "Actual Total Time": 743.408,
        "Actual Rows": 2,
        "Actual Loops": 1,
        "Workers Planned": 1,
        "Workers Launched": 1,
        "Single Copy": false,
        "Plans": [
          {
            "Node Type": "Aggregate",
            "Strategy": "Plain",
            "Partial Mode": "Partial",
            "Parent Relationship": "Outer",
            "Parallel Aware": false,
            "Startup Cost": 130566.89,
            "Total Cost": 130566.9,
            "Plan Rows": 1,
            "Plan Width": 8,
            "Actual Startup Time": 718.785,
            "Actual Total Time": 718.789,
            "Actual Rows": 1,
            "Actual Loops": 2,
            "Plans": [
              {
                "Node Type": "Hash Join",
                "Parent Relationship": "Outer",
                "Parallel Aware": true,
                "Join Type": "Inner",
                "Startup Cost": 68301.9,
                "Total Cost": 128690.69,
                "Plan Rows": 750480,
                "Plan Width": 0,
                "Actual Startup Time": 402.12,
                "Actual Total Time": 706.394,
                "Actual Rows": 312418,
                "Actual Loops": 2,
                "Inner Unique": true,
                "Hash Cond": "(mk.movie_id = t.id)",
                "Plans": [
                  {
                    "Node Type": "Seq Scan",
                    "Parent Relationship": "Outer",
                    "Parallel Aware": true,
                    "Relation Name": "movie_keyword",
                    "Alias": "mk",
                    "Startup Cost": 0.0,
                    "Total Cost": 57718.19,
                    "Plan Rows": 1017370,
                    "Plan Width": 4,
                    "Actual Startup Time": 0.013,
                    "Actual Total Time": 167.774,
                    "Actual Rows": 870500,
                    "Actual Loops": 2,
                    "Filter": "(keyword_id < 2845)",
                    "Rows Removed by Filter": 1391465
                  },
                  {
                    "Node Type": "Hash",
                    "Parent Relationship": "Inner",
                    "Parallel Aware": true,
                    "Startup Cost": 54588.39,
                    "Total Cost": 54588.39,
                    "Plan Rows": 1097081,
                    "Plan Width": 4,
                    "Actual Startup Time": 387.643,
                    "Actual Total Time": 387.644,
                    "Actual Rows": 932744,
                    "Actual Loops": 2,
                    "Hash Buckets": 2097152,
                    "Original Hash Buckets": 2097152,
                    "Hash Batches": 1,
                    "Original Hash Batches": 1,
                    "Peak Memory Usage": 89376,
                    "Plans": [
                      {
                        "Node Type": "Seq Scan",
                        "Parent Relationship": "Outer",
                        "Parallel Aware": true,
                        "Relation Name": "title",
                        "Alias": "t",
                        "Startup Cost": 0.0,
                        "Total Cost": 54588.39,
                        "Plan Rows": 1097081,
                        "Plan Width": 4,
                        "Actual Startup Time": 0.028,
                        "Actual Total Time": 159.593,
                        "Actual Rows": 932744,
                        "Actual Loops": 2,
                        "Filter": "(kind_id > 1)",
                        "Rows Removed by Filter": 331412
                      }
                    ]
                  }
                ]
              }
            ]
          }
        ]
      }
    ]
  },
  "Planning Time": 0.669,
  "Triggers": [],
  "Execution Time": 743.48
}