[
  {
    "Plan": {
      "Node Type": "Aggregate",
      "Strategy": "Plain",
      "Partial Mode": "Finalize",
      "Parallel Aware": false,
      "Startup Cost": 341293.54,
      "Total Cost": 341293.55,
      "Plan Rows": 1,
      "Plan Width": 8,
      "Actual Startup Time": 925.203,
      "Actual Total Time": 973.554,
      "Actual Rows": 1,
      "Actual Loops": 1,
      "Plans": [
        {
          "Node Type": "Gather",
          "Parent Relationship": "Outer",
          "Parallel Aware": false,
          "Startup Cost": 341292.92,
          "Total Cost": 341293.53,
          "Plan Rows": 6,
          "Plan Width": 8,
          "Actual Startup Time": 924.971,
          "Actual Total Time": 973.54,
          "Actual Rows": 7,
          "Actual Loops": 1,
          "Workers Planned": 6,
          "Workers Launched": 6,
          "Single Copy": false,
          "Plans": [
            {
              "Node Type": "Aggregate",
              "Strategy": "Plain",
              "Partial Mode": "Partial",
              "Parent Relationship": "Outer",
              "Parallel Aware": false,
              "Startup Cost": 340292.92,
              "Total Cost": 340292.93,
              "Plan Rows": 1,
              "Plan Width": 8,
              "Actual Startup Time": 917.134,
              "Actual Total Time": 917.135,
              "Actual Rows": 1,
              "Actual Loops": 7,
              "Plans": [
                {
                  "Node Type": "Seq Scan",
                  "Parent Relationship": "Outer",
                  "Parallel Aware": true,
                  "Relation Name": "cast_info",
                  "Alias": "ci",
                  "Startup Cost": 0.0,
                  "Total Cost": 328211.39,
                  "Plan Rows": 4832611,
                  "Plan Width": 0,
                  "Actual Startup Time": 92.816,
                  "Actual Total Time": 692.544,
                  "Actual Rows": 4122283,
                  "Actual Loops": 7,
                  "Filter": "(person_id > 714932)",
                  "Rows Removed by Filter": 1055480
                }
              ]
            }
          ]
        }
      ]
    },
    "Planning Time": 0.065,
    "Triggers": [],
    "Execution Time": 973.591
  }
]