[
  {
    "Plan": {
      "Node Type": "Aggregate",
      "Strategy": "Plain",
      "Partial Mode": "Finalize",
      "Parallel Aware": false,
      "Startup Cost": 82271.52,
      "Total Cost": 82271.53,
      "Plan Rows": 1,
      "Plan Width": 8,
      "Actual Startup Time": 194.423,
      "Actual Total Time": 203.473,
      "Actual Rows": 1,
      "Actual Loops": 1,
      "Plans": [
        {
          "Node Type": "Gather",
          "Parent Relationship": "Outer",
          "Parallel Aware": false,
          "Startup Cost": 82271.2,
          "Total Cost": 82271.51,
          "Plan Rows": 3,
          "Plan Width": 8,
          "Actual Startup Time": 191.834,
          "Actual Total Time": 203.468,
          "Actual Rows": 4,
          "Actual Loops": 1,
          "Workers Planned": 3,
          "Workers Launched": 3,
          "Single Copy": false,
          "Plans": [
            {
              "Node Type": "Aggregate",
              "Strategy": "Plain",
              "Partial Mode": "Partial",
              "Parent Relationship": "Outer",
              "Parallel Aware": false,
              "Startup Cost": 81271.2,
              "Total Cost": 81271.21,
              "Plan Rows": 1,
              "Plan Width": 8,
              "Actual Startup Time": 183.857,
              "Actual Total Time": 183.861,
              "Actual Rows": 1,
              "Actual Loops": 4,
              "Plans": [
                {
                  "Node Type": "Nested Loop",
                  "Parent Relationship": "Outer",
                  "Parallel Aware": false,
                  "Join Type": "Inner",
                  "Startup Cost": 45836.59,
                  "Total Cost": 81263.98,
                  "Plan Rows": 2887,
                  "Plan Width": 0,
                  "Actual Startup Time": 180.187,
                  "Actual Total Time": 183.827,
                  "Actual Rows": 340,
                  "Actual Loops": 4,
                  "Inner Unique": true,
                  "Join Filter": "(mc.movie_id = t.id)",
                  "Rows Removed by Join Filter": 0,
                  "Plans": [
                    {
                      "Node Type": "Hash Join",
                      "Parent Relationship": "Outer",
                      "Parallel Aware": true,
                      "Join Type": "Inner",
                      "Startup Cost": 45836.16,
                      "Total Cost": 70869.23,
                      "Plan Rows": 14363,
                      "Plan Width": 8,
                      "Actual Startup Time": 180.115,
                      "Actual Total Time": 182.022,
                      "Actual Rows": 340,
                      "Actual Loops": 4,
                      "Inner Unique": false,
                      "Hash Cond": "(mc.movie_id = mk.movie_id)",
                      "Plans": [
                        {
                          "Node Type": "Bitmap Heap Scan",
                          "Parent Relationship": "Outer",
                          "Parallel Aware": true,
                          "Relation Name": "movie_companies",
                          "Alias": "mc",
                          "Startup Cost": 1399.32,
                          "Total Cost": 20503.25,
                          "Plan Rows": 10696,
                          "Plan Width": 4,
                          "Actual Startup Time": 10.378,
                          "Actual Total Time": 11.352,
                          "Actual Rows": 1644,
                          "Actual Loops": 4,
                          "Recheck Cond": "(company_id = 6)",
                          "Rows Removed by Index Recheck": 0,
                          "Filter": "(company_type_id > 1)",
                          "Rows Removed by Filter": 13874,
                          "Exact Heap Blocks": 2253,
                          "Lossy Heap Blocks": 0,
                          "Plans": [
                            {
                              "Node Type": "Bitmap Index Scan",
                              "Parent Relationship": "Outer",
                              "Parallel Aware": false,
                              "Index Name": "company_id_movie_companies",
                              "Startup Cost": 0.0,
                              "Total Cost": 1391.03,
                              "Plan Rows": 64880,
                              "Plan Width": 0,
                              "Actual Startup Time": 2.421,
                              "Actual Total Time": 2.422,
                              "Actual Rows": 62075,
                              "Actual Loops": 1,
                              "Index Cond": "(company_id = 6)"
                            }
                          ]
                        },
                        {
                          "Node Type": "Hash",
                          "Parent Relationship": "Inner",
                          "Parallel Aware": true,
                          "Startup Cost": 41684.57,
                          "Total Cost": 41684.57,
                          "Plan Rows": 220182,
                          "Plan Width": 4,
                          "Actual Startup Time": 167.048,
                          "Actual Total Time": 167.049,
                          "Actual Rows": 170575,
                          "Actual Loops": 4,
                          "Hash Buckets": 1048576,
                          "Original Hash Buckets": 1048576,
                          "Hash Batches": 1,
                          "Original Hash Batches": 1,
                          "Peak Memory Usage": 34944,
                          "Plans": [
                            {
                              "Node Type": "Bitmap Heap Scan",
                              "Parent Relationship": "Outer",
                              "Parallel Aware": true,
                              "Relation Name": "movie_keyword",
                              "Alias": "mk",
                              "Startup Cost": 14478.3,
                              "Total Cost": 41684.57,
                              "Plan Rows": 220182,
                              "Plan Width": 4,
                              "Actual Startup Time": 44.575,
                              "Actual Total Time": 119.65,
                              "Actual Rows": 170575,
                              "Actual Loops": 4,
                              "Recheck Cond": "(keyword_id > 27548)",
                              "Rows Removed by Index Recheck": 0,
                              "Exact Heap Blocks": 8336,
                              "Lossy Heap Blocks": 0,
                              "Plans": [
                                {
                                  "Node Type": "Bitmap Index Scan",
                                  "Parent Relationship": "Outer",
                                  "Parallel Aware": false,
                                  "Index Name": "keyword_id_movie_keyword",
                                  "Startup Cost": 0.0,
                                  "Total Cost": 14307.66,
                                  "Plan Rows": 682563,
                                  "Plan Width": 0,
                                  "Actual Startup Time": 42.151,
                                  "Actual Total Time": 42.151,
                                  "Actual Rows": 682299,
                                  "Actual Loops": 1,
                                  "Index Cond": "(keyword_id > 27548)"
                                }
                              ]
                            }
                          ]
                        }
                      ]
                    },
                    {
                      "Node Type": "Index Only Scan",
                      "Parent Relationship": "Inner",
                      "Parallel Aware": false,
                      "Scan Direction": "Forward",
                      "Index Name": "title_pkey",
                      "Relation Name": "title",
                      "Alias": "t",
                      "Startup Cost": 0.43,
                      "Total Cost": 0.71,
                      "Plan Rows": 1,
                      "Plan Width": 4,
                      "Actual Startup Time": 0.005,
                      "Actual Total Time": 0.005,
                      "Actual Rows": 1,
                      "Actual Loops": 1360,
                      "Index Cond": "(id = mk.movie_id)",
                      "Rows Removed by Index Recheck": 0,
                      "Heap Fetches": 1360
                    }
                  ]
                }
              ]
            }
          ]
        }
      ]
    },
    "Planning Time": 0.588,
    "Triggers": [],
    "Execution Time": 203.535
  }
]