[
  {
    "Plan": {
      "Node Type": "Aggregate",
      "Strategy": "Plain",
      "Partial Mode": "Finalize",
      "Parallel Aware": false,
      "Startup Cost": 32038.62,
      "Total Cost": 32038.63,
      "Plan Rows": 1,
      "Plan Width": 8,
      "Actual Startup Time": 112.048,
      "Actual Total Time": 117.897,
      "Actual Rows": 1,
      "Actual Loops": 1,
      "Plans": [
        {
          "Node Type": "Gather",
          "Parent Relationship": "Outer",
          "Parallel Aware": false,
          "Startup Cost": 32038.3,
          "Total Cost": 32038.61,
          "Plan Rows": 3,
          "Plan Width": 8,
          "Actual Startup Time": 111.924,
          "Actual Total Time": 117.889,
          "Actual Rows": 4,
          "Actual Loops": 1,
          "Workers Planned": 3,
          "Workers Launched": 3,
          "Single Copy": false,
          "Plans": [
            {
              "Node Type": "Aggregate",
              "Strategy": "Plain",
              "Partial Mode": "Partial",
              "Parent Relationship": "Outer",
              "Parallel Aware": false,
              "Startup Cost": 31038.3,
              "Total Cost": 31038.31,
              "Plan Rows": 1,
              "Plan Width": 8,
              "Actual Startup Time": 105.801,
              "Actual Total Time": 105.802,
              "Actual Rows": 1,
              "Actual Loops": 4,
              "Plans": [
                {
                  "Node Type": "Seq Scan",
                  "Parent Relationship": "Outer",
                  "Parallel Aware": true,
                  "Relation Name": "movie_companies",
                  "Alias": "mc",
                  "Startup Cost": 0.0,
                  "Total Cost": 29310.68,
                  "Plan Rows": 691049,
                  "Plan Width": 0,
                  "Actual Startup Time": 0.038,
                  "Actual Total Time": 80.312,
                  "Actual Rows": 533719,
                  "Actual Loops": 4,
                  "Filter": "(company_id < 75707)",
                  "Rows Removed by Filter": 118563
                }
              ]
            }
          ]
        }
      ]
    },
    "Planning Time": 0.197,
    "Triggers": [],
    "Execution Time": 117.963
  }
]