{
  "Plan": {
    "Node Type": "Aggregate",
    "Strategy": "Plain",
    "Partial Mode": "Finalize",
    "Parallel Aware": false,
    "Startup Cost": 242844.98,
    "Total Cost": 242844.99,
    "Plan Rows": 1,
    "Plan Width": 8,
    "Actual Startup Time": 236.816,
    "Actual Total Time": 250.09,
    "Actual Rows": 1,
    "Actual Loops": 1,
    "Plans": [
      {
        "Node Type": "Gather",
        "Parent Relationship": "Outer",
        "Parallel Aware": false,
        "Startup Cost": 242844.87,
        "Total Cost": 242844.98,
        "Plan Rows": 1,
        "Plan Width": 8,
        "Actual Startup Time": 236.578,
        "Actual Total Time": 250.084,
        "Actual Rows": 2,
        "Actual Loops": 1,
        "Workers Planned": 1,
        "Workers Launched": 1,
        "Single Copy": false,
        "Plans": [
          {
            "Node Type": "Aggregate",
            "Strategy": "Plain",
            "Partial Mode": "Partial",
            "Parent Relationship": "Outer",
            "Parallel Aware": false,
            "Startup Cost": 241844.87,
            "Total Cost": 241844.88,
            "Plan Rows": 1,
            "Plan Width": 8,
            "Actual Startup Time": 233.604,
            "Actual Total Time": 233.607,
            "Actual Rows": 1,
            "Actual Loops": 2,
            "Plans": [
              {
                "Node Type": "Hash Join",
                "Parent Relationship": "Outer",
                "Parallel Aware": true,
                "Join Type": "Inner",
                "Startup Cost": 72764.82,
                "Total Cost": 241842.96,
                "Plan Rows": 762,
                "Plan Width": 0,
                "Actual Startup Time": 162.441,
                "Actual Total Time": 233.457,
                "Actual Rows": 2190,
                "Actual Loops": 2,
                "Inner Unique": true,
                "Hash Cond": "(mi.movie_id = t.id)",
                "Plans": [
                  {
                    "Node Type": "Bitmap Heap Scan",
                    "Parent Relationship": "Outer",
                    "Parallel Aware": true,
                    "Relation Name": "movie_info",
                    "Alias": "mi",
                    "Startup Cost": 14428.12,
                    "Total Cost": 182276.62,
                    "Plan Rows": 468439,
                    "Plan Width": 4,
                    "Actual Startup Time": 30.249,
                    "Actual Total Time": 66.008,
                    "Actual Rows": 401070,
                    "Actual Loops": 2,
                    "Recheck Cond": "(info_type_id < 2)",
                    "Rows Removed by Index Recheck": 0,
                    "Exact Heap Blocks": 2190,
                    "Lossy Heap Blocks": 0,
                    "Plans": [
                      {
                        "Node Type": "Bitmap Index Scan",
                        "Parent Relationship": "Outer",
                        "Parallel Aware": false,
                        "Index Name": "info_type_id_movie_info",
                        "Startup Cost": 0.0,
                        "Total Cost": 14229.04,
                        "Plan Rows": 796347,
                        "Plan Width": 0,
                        "Actual Startup Time": 29.479,
                        "Actual Total Time": 29.48,
                        "Actual Rows": 802140,
                        "Actual Loops": 1,
                        "Index Cond": "(info_type_id < 2)"
                      }
                    ]
                  },
                  {
                    "Node Type": "Hash",
                    "Parent Relationship": "Inner",
                    "Parallel Aware": true,
                    "Startup Cost": 58306.47,
                    "Total Cost": 58306.47,
                    "Plan Rows": 2418,
                    "Plan Width": 4,
                    "Actual Startup Time": 131.152,
                    "Actual Total Time": 131.152,
                    "Actual Rows": 2977,
                    "Actual Loops": 2,
                    "Hash Buckets": 8192,
                    "Original Hash Buckets": 8192,
                    "Hash Batches": 1,
                    "Original Hash Batches": 1,
                    "Peak Memory Usage": 352,
                    "Plans": [
                      {
                        "Node Type": "Seq Scan",
                        "Parent Relationship": "Outer",
                        "Parallel Aware": true,
                        "Relation Name": "title",
                        "Alias": "t",
                        "Startup Cost": 0.0,
                        "Total Cost": 58306.47,
                        "Plan Rows": 2418,
                        "Plan Width": 4,
                        "Actual Startup Time": 0.19,
                        "Actual Total Time": 130.071,
                        "Actual Rows": 2977,
                        "Actual Loops": 2,
                        "Filter": "((kind_id < 4) AND (production_year = 1972))",
                        "Rows Removed by Filter": 1261179
                      }
                    ]
                  }
                ]
              }
            ]
          }
        ]
      }
    ]
  },
  "Planning Time": 0.291,
  "Triggers": [],
  "Execution Time": 250.156
}