[
  {
    "Plan": {
      "Node Type": "Aggregate",
      "Strategy": "Plain",
      "Partial Mode": "Finalize",
      "Parallel Aware": false,
      "Startup Cost": 110155.0,
      "Total Cost": 110155.01,
      "Plan Rows": 1,
      "Plan Width": 8,
      "Actual Startup Time": 556.073,
      "Actual Total Time": 574.71,
      "Actual Rows": 1,
      "Actual Loops": 1,
      "Plans": [
        {
          "Node Type": "Gather",
          "Parent Relationship": "Outer",
          "Parallel Aware": false,
          "Startup Cost": 110154.68,
          "Total Cost": 110154.99,
          "Plan Rows": 3,
          "Plan Width": 8,
          "Actual Startup Time": 551.969,
          "Actual Total Time": 574.699,
          "Actual Rows": 4,
          "Actual Loops": 1,
          "Workers Planned": 3,
          "Workers Launched": 3,
          "Single Copy": false,
          "Plans": [
            {
              "Node Type": "Aggregate",
              "Strategy": "Plain",
              "Partial Mode": "Partial",
              "Parent Relationship": "Outer",
              "Parallel Aware": false,
              "Startup Cost": 109154.68,
              "Total Cost": 109154.69,
              "Plan Rows": 1,
              "Plan Width": 8,
              "Actual Startup Time": 543.033,
              "Actual Total Time": 543.232,
              "Actual Rows": 1,
              "Actual Loops": 4,
              "Plans": [
                {
                  "Node Type": "Hash Join",
                  "Parent Relationship": "Outer",
                  "Parallel Aware": true,
                  "Join Type": "Inner",
                  "Startup Cost": 64133.34,
                  "Total Cost": 108927.27,
                  "Plan Rows": 90963,
                  "Plan Width": 0,
                  "Actual Startup Time": 361.419,
                  "Actual Total Time": 531.59,
                  "Actual Rows": 296798,
                  "Actual Loops": 4,
                  "Inner Unique": false,
                  "Hash Cond": "(mk.movie_id = t.id)",
                  "Plans": [
                    {
                      "Node Type": "Seq Scan",
                      "Parent Relationship": "Outer",
                      "Parallel Aware": true,
                      "Relation Name": "movie_keyword",
                      "Alias": "mk",
                      "Startup Cost": 0.0,
                      "Total Cost": 42695.65,
                      "Plan Rows": 498898,
                      "Plan Width": 4,
                      "Actual Startup Time": 0.044,
                      "Actual Total Time": 95.108,
                      "Actual Rows": 389722,
                      "Actual Loops": 4,
                      "Filter": "(keyword_id < 2337)",
                      "Rows Removed by Filter": 741260
                    },
                    {
                      "Node Type": "Hash",
                      "Parent Relationship": "Inner",
                      "Parallel Aware": true,
                      "Startup Cost": 62692.79,
                      "Total Cost": 62692.79,
                      "Plan Rows": 115244,
                      "Plan Width": 8,
                      "Actual Startup Time": 357.905,
                      "Actual Total Time": 358.102,
                      "Actual Rows": 115046,
                      "Actual Loops": 4,
                      "Hash Buckets": 524288,
                      "Original Hash Buckets": 524288,
                      "Hash Batches": 1,
                      "Original Hash Batches": 1,
                      "Peak Memory Usage": 22144,
                      "Plans": [
                        {
                          "Node Type": "Hash Join",
                          "Parent Relationship": "Outer",
                          "Parallel Aware": true,
                          "Join Type": "Inner",
                          "Startup Cost": 17523.61,
                          "Total Cost": 62692.79,
                          "Plan Rows": 115244,
                          "Plan Width": 8,
                          "Actual Startup Time": 91.453,
                          "Actual Total Time": 319.506,
                          "Actual Rows": 115046,
                          "Actual Loops": 4,
                          "Inner Unique": false,
                          "Hash Cond": "(t.id = mi_idx.movie_id)",
                          "Plans": [
                            {
                              "Node Type": "Seq Scan",
                              "Parent Relationship": "Outer",
                              "Parallel Aware": true,
                              "Relation Name": "title",
                              "Alias": "t",
                              "Startup Cost": 0.0,
                              "Total Cost": 42318.73,
                              "Plan Rows": 632073,
                              "Plan Width": 4,
                              "Actual Startup Time": 0.009,
                              "Actual Total Time": 75.602,
                              "Actual Rows": 632078,
                              "Actual Loops": 4
                            },
                            {
                              "Node Type": "Hash",
                              "Parent Relationship": "Inner",
                              "Parallel Aware": true,
                              "Startup Cost": 15122.68,
                              "Total Cost": 15122.68,
                              "Plan Rows": 192074,
                              "Plan Width": 4,
                              "Actual Startup Time": 89.64,
                              "Actual Total Time": 89.641,
                              "Actual Rows": 115046,
                              "Actual Loops": 4,
                              "Hash Buckets": 524288,
                              "Original Hash Buckets": 524288,
                              "Hash Batches": 1,
                              "Original Hash Batches": 1,
                              "Peak Memory Usage": 22144,
                              "Plans": [
                                {
                                  "Node Type": "Seq Scan",
                                  "Parent Relationship": "Outer",
                                  "Parallel Aware": true,
                                  "Relation Name": "movie_info_idx",
                                  "Alias": "mi_idx",
                                  "Startup Cost": 0.0,
                                  "Total Cost": 15122.68,
                                  "Plan Rows": 192074,
                                  "Plan Width": 4,
                                  "Actual Startup Time": 0.071,
                                  "Actual Total Time": 44.876,
                                  "Actual Rows": 115046,
                                  "Actual Loops": 4,
                                  "Filter": "(info_type_id > 100)",
                                  "Rows Removed by Filter": 229962
                                }
                              ]
                            }
                          ]
                        }
                      ]
                    }
                  ]
                }
              ]
            }
          ]
        }
      ]
    },
    "Planning Time": 1.38,
    "Triggers": [],
    "Execution Time": 574.796
  }
]