{
  "Plan": {
    "Node Type": "Aggregate",
    "Strategy": "Plain",
    "Partial Mode": "Finalize",
    "Parallel Aware": false,
    "Startup Cost": 86194.77,
    "Total Cost": 86194.78,
    "Plan Rows": 1,
    "Plan Width": 8,
    "Actual Startup Time": 353.602,
    "Actual Total Time": 365.956,
    "Actual Rows": 1,
    "Actual Loops": 1,
    "Plans": [
      {
        "Node Type": "Gather",
        "Parent Relationship": "Outer",
        "Parallel Aware": false,
        "Startup Cost": 86194.66,
        "Total Cost": 86194.77,
        "Plan Rows": 1,
        "Plan Width": 8,
        "Actual Startup Time": 353.065,
        "Actual Total Time": 365.949,
        "Actual Rows": 2,
        "Actual Loops": 1,
        "Workers Planned": 1,
        "Workers Launched": 1,
        "Single Copy": false,
        "Plans": [
          {
            "Node Type": "Aggregate",
            "Strategy": "Plain",
            "Partial Mode": "Partial",
            "Parent Relationship": "Outer",
            "Parallel Aware": false,
            "Startup Cost": 85194.66,
            "Total Cost": 85194.67,
            "Plan Rows": 1,
            "Plan Width": 8,
            "Actual Startup Time": 347.035,
            "Actual Total Time": 347.039,
            "Actual Rows": 1,
            "Actual Loops": 2,
            "Plans": [
              {
                "Node Type": "Hash Join",
                "Parent Relationship": "Outer",
                "Parallel Aware": true,
                "Join Type": "Inner",
                "Startup Cost": 24284.72,
                "Total Cost": 84972.64,
                "Plan Rows": 88809,
                "Plan Width": 0,
                "Actual Startup Time": 241.997,
                "Actual Total Time": 343.978,
                "Actual Rows": 73626,
                "Actual Loops": 2,
                "Inner Unique": false,
                "Hash Cond": "(t.id = mc.movie_id)",
                "Plans": [
                  {
                    "Node Type": "Seq Scan",
                    "Parent Relationship": "Outer",
                    "Parallel Aware": true,
                    "Relation Name": "title",
                    "Alias": "t",
                    "Startup Cost": 0.0,
                    "Total Cost": 50870.31,
                    "Plan Rows": 1487231,
                    "Plan Width": 4,
                    "Actual Startup Time": 0.012,
                    "Actual Total Time": 117.121,
                    "Actual Rows": 1264156,
                    "Actual Loops": 2
                  },
                  {
                    "Node Type": "Hash",
                    "Parent Relationship": "Inner",
                    "Parallel Aware": true,
                    "Startup Cost": 23174.61,
                    "Total Cost": 23174.61,
                    "Plan Rows": 88809,
                    "Plan Width": 4,
                    "Actual Startup Time": 61.868,
                    "Actual Total Time": 61.869,
                    "Actual Rows": 73626,
                    "Actual Loops": 2,
                    "Hash Buckets": 262144,
                    "Original Hash Buckets": 262144,
                    "Hash Batches": 1,
                    "Original Hash Batches": 1,
                    "Peak Memory Usage": 7840,
                    "Plans": [
                      {
                        "Node Type": "Bitmap Heap Scan",
                        "Parent Relationship": "Outer",
                        "Parallel Aware": true,
                        "Relation Name": "movie_companies",
                        "Alias": "mc",
                        "Startup Cost": 3274.49,
                        "Total Cost": 23174.61,
                        "Plan Rows": 88809,
                        "Plan Width": 4,
                        "Actual Startup Time": 16.763,
                        "Actual Total Time": 42.839,
                        "Actual Rows": 73626,
                        "Actual Loops": 2,
                        "Recheck Cond": "(company_id > 133094)",
                        "Rows Removed by Index Recheck": 0,
                        "Exact Heap Blocks": 2914,
                        "Lossy Heap Blocks": 0,
                        "Plans": [
                          {
                            "Node Type": "Bitmap Index Scan",
                            "Parent Relationship": "Outer",
                            "Parallel Aware": false,
                            "Index Name": "company_id_movie_companies",
                            "Startup Cost": 0.0,
                            "Total Cost": 3236.75,
                            "Plan Rows": 150976,
                            "Plan Width": 0,
                            "Actual Startup Time": 17.844,
                            "Actual Total Time": 17.844,
                            "Actual Rows": 147252,
                            "Actual Loops": 1,
                            "Index Cond": "(company_id > 133094)"
                          }
                        ]
                      }
                    ]
                  }
                ]
              }
            ]
          }
        ]
      }
    ]
  },
  "Planning Time": 0.609,
  "Triggers": [],
  "Execution Time": 366.047
}