{
  "Plan": {
    "Node Type": "Aggregate",
    "Strategy": "Plain",
    "Partial Mode": "Finalize",
    "Parallel Aware": false,
    "Startup Cost": 108725.38,
    "Total Cost": 108725.39,
    "Plan Rows": 1,
    "Plan Width": 8,
    "Actual Startup Time": 720.348,
    "Actual Total Time": 738.269,
    "Actual Rows": 1,
    "Actual Loops": 1,
    "Plans": [
      {
        "Node Type": "Gather",
        "Parent Relationship": "Outer",
        "Parallel Aware": false,
        "Startup Cost": 108725.27,
        "Total Cost": 108725.38,
        "Plan Rows": 1,
        "Plan Width": 8,
        "Actual Startup Time": 716.992,
        "Actual Total Time": 738.262,
        "Actual Rows": 2,
        "Actual Loops": 1,
        "Workers Planned": 1,
        "Workers Launched": 1,
        "Single Copy": false,
        "Plans": [
          {
            "Node Type": "Aggregate",
            "Strategy": "Plain",
            "Partial Mode": "Partial",
            "Parent Relationship": "Outer",
            "Parallel Aware": false,
            "Startup Cost": 107725.27,
            "Total Cost": 107725.28,
            "Plan Rows": 1,
            "Plan Width": 8,
            "Actual Startup Time": 704.104,
            "Actual Total Time": 704.108,
            "Actual Rows": 1,
            "Actual Loops": 2,
            "Plans": [
              {
                "Node Type": "Hash Join",
                "Parent Relationship": "Outer",
                "Parallel Aware": true,
                "Join Type": "Inner",
                "Startup Cost": 78737.9,
                "Total Cost": 107082.24,
                "Plan Rows": 257212,
                "Plan Width": 0,
                "Actual Startup Time": 557.751,
                "Actual Total Time": 694.255,
                "Actual Rows": 226665,
                "Actual Loops": 2,
                "Inner Unique": true,
                "Hash Cond": "(mk.movie_id = t.id)",
                "Plans": [
                  {
                    "Node Type": "Bitmap Heap Scan",
                    "Parent Relationship": "Outer",
                    "Parallel Aware": true,
                    "Relation Name": "movie_keyword",
                    "Alias": "mk",
                    "Startup Cost": 9277.21,
                    "Total Cost": 36946.36,
                    "Plan Rows": 257212,
                    "Plan Width": 4,
                    "Actual Startup Time": 24.713,
                    "Actual Total Time": 83.946,
                    "Actual Rows": 226665,
                    "Actual Loops": 2,
                    "Recheck Cond": "(keyword_id < 348)",
                    "Rows Removed by Index Recheck": 0,
                    "Exact Heap Blocks": 13436,
                    "Lossy Heap Blocks": 0,
                    "Plans": [
                      {
                        "Node Type": "Bitmap Index Scan",
                        "Parent Relationship": "Outer",
                        "Parallel Aware": false,
                        "Index Name": "keyword_id_movie_keyword",
                        "Startup Cost": 0.0,
                        "Total Cost": 9167.89,
                        "Plan Rows": 437261,
                        "Plan Width": 0,
                        "Actual Startup Time": 21.158,
                        "Actual Total Time": 21.158,
                        "Actual Rows": 453330,
                        "Actual Loops": 1,
                        "Index Cond": "(keyword_id < 348)"
                      }
                    ]
                  },
                  {
                    "Node Type": "Hash",
                    "Parent Relationship": "Inner",
                    "Parallel Aware": true,
                    "Startup Cost": 50870.31,
                    "Total Cost": 50870.31,
                    "Plan Rows": 1487231,
                    "Plan Width": 4,
                    "Actual Startup Time": 511.196,
                    "Actual Total Time": 511.197,
                    "Actual Rows": 1264156,
                    "Actual Loops": 2,
                    "Hash Buckets": 4194304,
                    "Original Hash Buckets": 4194304,
                    "Hash Batches": 1,
                    "Original Hash Batches": 1,
                    "Peak Memory Usage": 131712,
                    "Plans": [
                      {
                        "Node Type": "Seq Scan",
                        "Parent Relationship": "Outer",
                        "Parallel Aware": true,
                        "Relation Name": "title",
                        "Alias": "t",
                        "Startup Cost": 0.0,
                        "Total Cost": 50870.31,
                        "Plan Rows": 1487231,
                        "Plan Width": 4,
                        "Actual Startup Time": 0.037,
                        "Actual Total Time": 144.542,
                        "Actual Rows": 1264156,
                        "Actual Loops": 2
                      }
                    ]
                  }
                ]
              }
            ]
          }
        ]
      }
    ]
  },
  "Planning Time": 0.697,
  "Triggers": [],
  "Execution Time": 738.36
}