[
    {
        "Bao": {
            "Bao prediction": "NaN",
            "Bao recommended hint": "(no hint)"
        }
    },
    {
        "Plan": {
            "Node Type": "Aggregate",
            "Strategy": "Plain",
            "Partial Mode": "Finalize",
            "Parallel Aware": false,
            "Startup Cost": 653427.44,
            "Total Cost": 653427.45,
            "Plan Rows": 1,
            "Plan Width": 8,
            "Actual Startup Time": 6715.931,
            "Actual Total Time": 6804.204,
            "Actual Rows": 1,
            "Actual Loops": 1,
            "Output": [
                "count(*)"
            ],
            "Plans": [
                {
                    "Node Type": "Gather",
                    "Parent Relationship": "Outer",
                    "Parallel Aware": false,
                    "Startup Cost": 653426.92,
                    "Total Cost": 653427.43,
                    "Plan Rows": 5,
                    "Plan Width": 8,
                    "Actual Startup Time": 6603.645,
                    "Actual Total Time": 6804.188,
                    "Actual Rows": 6,
                    "Actual Loops": 1,
                    "Output": [
                        "(PARTIAL count(*))"
                    ],
                    "Workers Planned": 5,
                    "Workers Launched": 5,
                    "Single Copy": false,
                    "Plans": [
                        {
                            "Node Type": "Aggregate",
                            "Strategy": "Plain",
                            "Partial Mode": "Partial",
                            "Parent Relationship": "Outer",
                            "Parallel Aware": false,
                            "Startup Cost": 652426.92,
                            "Total Cost": 652426.93,
                            "Plan Rows": 1,
                            "Plan Width": 8,
                            "Actual Startup Time": 6570.166,
                            "Actual Total Time": 6571.727,
                            "Actual Rows": 1,
                            "Actual Loops": 6,
                            "Output": [
                                "PARTIAL count(*)"
                            ],
                            "Workers": [
                                {
                                    "Worker Number": 0,
                                    "Actual Startup Time": 6562.163,
                                    "Actual Total Time": 6562.168,
                                    "Actual Rows": 1,
                                    "Actual Loops": 1
                                },
                                {
                                    "Worker Number": 1,
                                    "Actual Startup Time": 6563.229,
                                    "Actual Total Time": 6563.233,
                                    "Actual Rows": 1,
                                    "Actual Loops": 1
                                },
                                {
                                    "Worker Number": 2,
                                    "Actual Startup Time": 6567.933,
                                    "Actual Total Time": 6567.937,
                                    "Actual Rows": 1,
                                    "Actual Loops": 1
                                },
                                {
                                    "Worker Number": 3,
                                    "Actual Startup Time": 6562.188,
                                    "Actual Total Time": 6562.192,
                                    "Actual Rows": 1,
                                    "Actual Loops": 1
                                },
                                {
                                    "Worker Number": 4,
                                    "Actual Startup Time": 6562.242,
                                    "Actual Total Time": 6562.247,
                                    "Actual Rows": 1,
                                    "Actual Loops": 1
                                }
                            ],
                            "Plans": [
                                {
                                    "Node Type": "Hash Join",
                                    "Parent Relationship": "Outer",
                                    "Parallel Aware": true,
                                    "Join Type": "Inner",
                                    "Startup Cost": 401557.32,
                                    "Total Cost": 625660.13,
                                    "Plan Rows": 10706713,
                                    "Plan Width": 0,
                                    "Actual Startup Time": 2270.434,
                                    "Actual Total Time": 5715.763,
                                    "Actual Rows": 21429822,
                                    "Actual Loops": 6,
                                    "Inner Unique": false,
                                    "Hash Cond": "(mi.movie_id = t.id)",
                                    "Workers": [
                                        {
                                            "Worker Number": 0,
                                            "Actual Startup Time": 2263.361,
                                            "Actual Total Time": 5711.755,
                                            "Actual Rows": 21582709,
                                            "Actual Loops": 1
                                        },
                                        {
                                            "Worker Number": 1,
                                            "Actual Startup Time": 2264.508,
                                            "Actual Total Time": 5709.79,
                                            "Actual Rows": 21631222,
                                            "Actual Loops": 1
                                        },
                                        {
                                            "Worker Number": 2,
                                            "Actual Startup Time": 2263.445,
                                            "Actual Total Time": 5686.709,
                                            "Actual Rows": 20040510,
                                            "Actual Loops": 1
                                        },
                                        {
                                            "Worker Number": 3,
                                            "Actual Startup Time": 2263.391,
                                            "Actual Total Time": 5704.387,
                                            "Actual Rows": 21757552,
                                            "Actual Loops": 1
                                        },
                                        {
                                            "Worker Number": 4,
                                            "Actual Startup Time": 2263.461,
                                            "Actual Total Time": 5727.762,
                                            "Actual Rows": 21470410,
                                            "Actual Loops": 1
                                        }
                                    ],
                                    "Plans": [
                                        {
                                            "Node Type": "Seq Scan",
                                            "Parent Relationship": "Outer",
                                            "Parallel Aware": true,
                                            "Relation Name": "movie_info",
                                            "Schema": "public",
                                            "Alias": "mi",
                                            "Startup Cost": 0.0,
                                            "Total Cost": 191503.19,
                                            "Plan Rows": 2951019,
                                            "Plan Width": 4,
                                            "Actual Startup Time": 0.026,
                                            "Actual Total Time": 259.469,
                                            "Actual Rows": 2472620,
                                            "Actual Loops": 6,
                                            "Output": [
                                                "mi.id",
                                                "mi.movie_id",
                                                "mi.info_type_id",
                                                "mi.info",
                                                "mi.note"
                                            ],
                                            "Workers": [
                                                {
                                                    "Worker Number": 0,
                                                    "Actual Startup Time": 0.029,
                                                    "Actual Total Time": 263.411,
                                                    "Actual Rows": 2505772,
                                                    "Actual Loops": 1
                                                },
                                                {
                                                    "Worker Number": 1,
                                                    "Actual Startup Time": 0.027,
                                                    "Actual Total Time": 262.35,
                                                    "Actual Rows": 2492880,
                                                    "Actual Loops": 1
                                                },
                                                {
                                                    "Worker Number": 2,
                                                    "Actual Startup Time": 0.033,
                                                    "Actual Total Time": 288.185,
                                                    "Actual Rows": 2214578,
                                                    "Actual Loops": 1
                                                },
                                                {
                                                    "Worker Number": 3,
                                                    "Actual Startup Time": 0.026,
                                                    "Actual Total Time": 265.622,
                                                    "Actual Rows": 2546889,
                                                    "Actual Loops": 1
                                                },
                                                {
                                                    "Worker Number": 4,
                                                    "Actual Startup Time": 0.03,
                                                    "Actual Total Time": 279.253,
                                                    "Actual Rows": 2503545,
                                                    "Actual Loops": 1
                                                }
                                            ]
                                        },
                                        {
                                            "Node Type": "Hash",
                                            "Parent Relationship": "Inner",
                                            "Parallel Aware": true,
                                            "Startup Cost": 382446.67,
                                            "Total Cost": 382446.67,
                                            "Plan Rows": 1528852,
                                            "Plan Width": 8,
                                            "Actual Startup Time": 2253.188,
                                            "Actual Total Time": 2254.748,
                                            "Actual Rows": 1529642,
                                            "Actual Loops": 6,
                                            "Output": [
                                                "t.id",
                                                "ci.movie_id"
                                            ],
                                            "Hash Buckets": 16777216,
                                            "Original Hash Buckets": 16777216,
                                            "Hash Batches": 1,
                                            "Original Hash Batches": 1,
                                            "Peak Memory Usage": 490208,
                                            "Workers": [
                                                {
                                                    "Worker Number": 0,
                                                    "Actual Startup Time": 2262.614,
                                                    "Actual Total Time": 2262.618,
                                                    "Actual Rows": 1588064,
                                                    "Actual Loops": 1
                                                },
                                                {
                                                    "Worker Number": 1,
                                                    "Actual Startup Time": 2263.949,
                                                    "Actual Total Time": 2263.952,
                                                    "Actual Rows": 1580582,
                                                    "Actual Loops": 1
                                                },
                                                {
                                                    "Worker Number": 2,
                                                    "Actual Startup Time": 2262.447,
                                                    "Actual Total Time": 2262.45,
                                                    "Actual Rows": 1197872,
                                                    "Actual Loops": 1
                                                },
                                                {
                                                    "Worker Number": 3,
                                                    "Actual Startup Time": 2262.595,
                                                    "Actual Total Time": 2262.598,
                                                    "Actual Rows": 1612102,
                                                    "Actual Loops": 1
                                                },
                                                {
                                                    "Worker Number": 4,
                                                    "Actual Startup Time": 2262.615,
                                                    "Actual Total Time": 2262.618,
                                                    "Actual Rows": 1539429,
                                                    "Actual Loops": 1
                                                }
                                            ],
                                            "Plans": [
                                                {
                                                    "Node Type": "Hash Join",
                                                    "Parent Relationship": "Outer",
                                                    "Parallel Aware": true,
                                                    "Join Type": "Inner",
                                                    "Startup Cost": 50219.81,
                                                    "Total Cost": 382446.67,
                                                    "Plan Rows": 1528852,
                                                    "Plan Width": 8,
                                                    "Actual Startup Time": 554.984,
                                                    "Actual Total Time": 1584.588,
                                                    "Actual Rows": 1529642,
                                                    "Actual Loops": 6,
                                                    "Output": [
                                                        "t.id",
                                                        "ci.movie_id"
                                                    ],
                                                    "Inner Unique": true,
                                                    "Hash Cond": "(ci.movie_id = t.id)",
                                                    "Workers": [
                                                        {
                                                            "Worker Number": 0,
                                                            "Actual Startup Time": 554.944,
                                                            "Actual Total Time": 1583.003,
                                                            "Actual Rows": 1588064,
                                                            "Actual Loops": 1
                                                        },
                                                        {
                                                            "Worker Number": 1,
                                                            "Actual Startup Time": 555.002,
                                                            "Actual Total Time": 1582.012,
                                                            "Actual Rows": 1580582,
                                                            "Actual Loops": 1
                                                        },
                                                        {
                                                            "Worker Number": 2,
                                                            "Actual Startup Time": 554.947,
                                                            "Actual Total Time": 1589.436,
                                                            "Actual Rows": 1197872,
                                                            "Actual Loops": 1
                                                        },
                                                        {
                                                            "Worker Number": 3,
                                                            "Actual Startup Time": 554.942,
                                                            "Actual Total Time": 1581.149,
                                                            "Actual Rows": 1612102,
                                                            "Actual Loops": 1
                                                        },
                                                        {
                                                            "Worker Number": 4,
                                                            "Actual Startup Time": 554.957,
                                                            "Actual Total Time": 1584.981,
                                                            "Actual Rows": 1539429,
                                                            "Actual Loops": 1
                                                        }
                                                    ],
                                                    "Plans": [
                                                        {
                                                            "Node Type": "Seq Scan",
                                                            "Parent Relationship": "Outer",
                                                            "Parallel Aware": true,
                                                            "Relation Name": "cast_info",
                                                            "Schema": "public",
                                                            "Alias": "ci",
                                                            "Startup Cost": 0.0,
                                                            "Total Cost": 328213.62,
                                                            "Plan Rows": 1528852,
                                                            "Plan Width": 4,
                                                            "Actual Startup Time": 291.465,
                                                            "Actual Total Time": 569.862,
                                                            "Actual Rows": 1529642,
                                                            "Actual Loops": 6,
                                                            "Output": [
                                                                "ci.id",
                                                                "ci.person_id",
                                                                "ci.movie_id",
                                                                "ci.person_role_id",
                                                                "ci.note",
                                                                "ci.nr_order",
                                                                "ci.role_id"
                                                            ],
                                                            "Filter": "(ci.person_id > 2782353)",
                                                            "Rows Removed by Filter": 4511082,
                                                            "Workers": [
                                                                {
                                                                    "Worker Number": 0,
                                                                    "Actual Startup Time": 291.545,
                                                                    "Actual Total Time": 566.26,
                                                                    "Actual Rows": 1588064,
                                                                    "Actual Loops": 1
                                                                },
                                                                {
                                                                    "Worker Number": 1,
                                                                    "Actual Startup Time": 291.44,
                                                                    "Actual Total Time": 565.426,
                                                                    "Actual Rows": 1580582,
                                                                    "Actual Loops": 1
                                                                },
                                                                {
                                                                    "Worker Number": 2,
                                                                    "Actual Startup Time": 291.463,
                                                                    "Actual Total Time": 613.164,
                                                                    "Actual Rows": 1197872,
                                                                    "Actual Loops": 1
                                                                },
                                                                {
                                                                    "Worker Number": 3,
                                                                    "Actual Startup Time": 291.451,
                                                                    "Actual Total Time": 569.139,
                                                                    "Actual Rows": 1612102,
                                                                    "Actual Loops": 1
                                                                },
                                                                {
                                                                    "Worker Number": 4,
                                                                    "Actual Startup Time": 291.437,
                                                                    "Actual Total Time": 574.573,
                                                                    "Actual Rows": 1539429,
                                                                    "Actual Loops": 1
                                                                }
                                                            ]
                                                        },
                                                        {
                                                            "Node Type": "Hash",
                                                            "Parent Relationship": "Inner",
                                                            "Parallel Aware": true,
                                                            "Startup Cost": 42318.81,
                                                            "Total Cost": 42318.81,
                                                            "Plan Rows": 632080,
                                                            "Plan Width": 4,
                                                            "Actual Startup Time": 259.39,
                                                            "Actual Total Time": 259.392,
                                                            "Actual Rows": 421385,
                                                            "Actual Loops": 6,
                                                            "Output": [
                                                                "t.id"
                                                            ],
                                                            "Hash Buckets": 4194304,
                                                            "Original Hash Buckets": 4194304,
                                                            "Hash Batches": 1,
                                                            "Original Hash Batches": 1,
                                                            "Peak Memory Usage": 131808,
                                                            "Workers": [
                                                                {
                                                                    "Worker Number": 0,
                                                                    "Actual Startup Time": 263.327,
                                                                    "Actual Total Time": 263.329,
                                                                    "Actual Rows": 418602,
                                                                    "Actual Loops": 1
                                                                },
                                                                {
                                                                    "Worker Number": 1,
                                                                    "Actual Startup Time": 263.271,
                                                                    "Actual Total Time": 263.272,
                                                                    "Actual Rows": 427073,
                                                                    "Actual Loops": 1
                                                                },
                                                                {
                                                                    "Worker Number": 2,
                                                                    "Actual Startup Time": 263.175,
                                                                    "Actual Total Time": 263.176,
                                                                    "Actual Rows": 306114,
                                                                    "Actual Loops": 1
                                                                },
                                                                {
                                                                    "Worker Number": 3,
                                                                    "Actual Startup Time": 263.18,
                                                                    "Actual Total Time": 263.182,
                                                                    "Actual Rows": 422979,
                                                                    "Actual Loops": 1
                                                                },
                                                                {
                                                                    "Worker Number": 4,
                                                                    "Actual Startup Time": 263.232,
                                                                    "Actual Total Time": 263.233,
                                                                    "Actual Rows": 404287,
                                                                    "Actual Loops": 1
                                                                }
                                                            ],
                                                            "Plans": [
                                                                {
                                                                    "Node Type": "Seq Scan",
                                                                    "Parent Relationship": "Outer",
                                                                    "Parallel Aware": true,
                                                                    "Relation Name": "title",
                                                                    "Schema": "public",
                                                                    "Alias": "t",
                                                                    "Startup Cost": 0.0,
                                                                    "Total Cost": 42318.81,
                                                                    "Plan Rows": 632080,
                                                                    "Plan Width": 4,
                                                                    "Actual Startup Time": 0.058,
                                                                    "Actual Total Time": 72.453,
                                                                    "Actual Rows": 421385,
                                                                    "Actual Loops": 6,
                                                                    "Output": [
                                                                        "t.id"
                                                                    ],
                                                                    "Workers": [
                                                                        {
                                                                            "Worker Number": 0,
                                                                            "Actual Startup Time": 0.071,
                                                                            "Actual Total Time": 74.537,
                                                                            "Actual Rows": 418602,
                                                                            "Actual Loops": 1
                                                                        },
                                                                        {
                                                                            "Worker Number": 1,
                                                                            "Actual Startup Time": 0.045,
                                                                            "Actual Total Time": 74.791,
                                                                            "Actual Rows": 427073,
                                                                            "Actual Loops": 1
                                                                        },
                                                                        {
                                                                            "Worker Number": 2,
                                                                            "Actual Startup Time": 0.068,
                                                                            "Actual Total Time": 79.231,
                                                                            "Actual Rows": 306114,
                                                                            "Actual Loops": 1
                                                                        },
                                                                        {
                                                                            "Worker Number": 3,
                                                                            "Actual Startup Time": 0.062,
                                                                            "Actual Total Time": 74.712,
                                                                            "Actual Rows": 422979,
                                                                            "Actual Loops": 1
                                                                        },
                                                                        {
                                                                            "Worker Number": 4,
                                                                            "Actual Startup Time": 0.086,
                                                                            "Actual Total Time": 72.773,
                                                                            "Actual Rows": 404287,
                                                                            "Actual Loops": 1
                                                                        }
                                                                    ]
                                                                }
                                                            ]
                                                        }
                                                    ]
                                                }
                                            ]
                                        }
                                    ]
                                }
                            ]
                        }
                    ]
                }
            ]
        },
        "Planning Time": 186.604,
        "Triggers": [],
        "Execution Time": 6804.277
    }
]