[
  {
    "Plan": {
      "Node Type": "Aggregate",
      "Strategy": "Plain",
      "Partial Mode": "Finalize",
      "Parallel Aware": false,
      "Startup Cost": 20936.89,
      "Total Cost": 20936.9,
      "Plan Rows": 1,
      "Plan Width": 8,
      "Actual Startup Time": 37.386,
      "Actual Total Time": 41.848,
      "Actual Rows": 1,
      "Actual Loops": 1,
      "Plans": [
        {
          "Node Type": "Gather",
          "Parent Relationship": "Outer",
          "Parallel Aware": false,
          "Startup Cost": 20936.78,
          "Total Cost": 20936.89,
          "Plan Rows": 1,
          "Plan Width": 8,
          "Actual Startup Time": 37.203,
          "Actual Total Time": 41.842,
          "Actual Rows": 2,
          "Actual Loops": 1,
          "Workers Planned": 1,
          "Workers Launched": 1,
          "Single Copy": false,
          "Plans": [
            {
              "Node Type": "Aggregate",
              "Strategy": "Plain",
              "Partial Mode": "Partial",
              "Parent Relationship": "Outer",
              "Parallel Aware": false,
              "Startup Cost": 19936.78,
              "Total Cost": 19936.79,
              "Plan Rows": 1,
              "Plan Width": 8,
              "Actual Startup Time": 31.058,
              "Actual Total Time": 31.06,
              "Actual Rows": 1,
              "Actual Loops": 2,
              "Plans": [
                {
                  "Node Type": "Nested Loop",
                  "Parent Relationship": "Outer",
                  "Parallel Aware": false,
                  "Join Type": "Inner",
                  "Startup Cost": 55.49,
                  "Total Cost": 19931.9,
                  "Plan Rows": 1952,
                  "Plan Width": 0,
                  "Actual Startup Time": 2.019,
                  "Actual Total Time": 29.89,
                  "Actual Rows": 10627,
                  "Actual Loops": 2,
                  "Inner Unique": false,
                  "Plans": [
                    {
                      "Node Type": "Nested Loop",
                      "Parent Relationship": "Outer",
                      "Parallel Aware": false,
                      "Join Type": "Inner",
                      "Startup Cost": 55.06,
                      "Total Cost": 17494.81,
                      "Plan Rows": 1381,
                      "Plan Width": 8,
                      "Actual Startup Time": 1.515,
                      "Actual Total Time": 14.308,
                      "Actual Rows": 1053,
                      "Actual Loops": 2,
                      "Inner Unique": true,
                      "Plans": [
                        {
                          "Node Type": "Bitmap Heap Scan",
                          "Parent Relationship": "Outer",
                          "Parallel Aware": true,
                          "Relation Name": "movie_companies",
                          "Alias": "mc",
                          "Startup Cost": 54.63,
                          "Total Cost": 6638.12,
                          "Plan Rows": 1381,
                          "Plan Width": 4,
                          "Actual Startup Time": 1.37,
                          "Actual Total Time": 4.348,
                          "Actual Rows": 1053,
                          "Actual Loops": 2,
                          "Recheck Cond": "(company_id = 554)",
                          "Rows Removed by Index Recheck": 0,
                          "Exact Heap Blocks": 861,
                          "Lossy Heap Blocks": 0,
                          "Plans": [
                            {
                              "Node Type": "Bitmap Index Scan",
                              "Parent Relationship": "Outer",
                              "Parallel Aware": false,
                              "Index Name": "company_id_movie_companies",
                              "Startup Cost": 0.0,
                              "Total Cost": 54.04,
                              "Plan Rows": 2348,
                              "Plan Width": 0,
                              "Actual Startup Time": 2.101,
                              "Actual Total Time": 2.102,
                              "Actual Rows": 2106,
                              "Actual Loops": 1,
                              "Index Cond": "(company_id = 554)"
                            }
                          ]
                        },
                        {
                          "Node Type": "Index Only Scan",
                          "Parent Relationship": "Inner",
                          "Parallel Aware": false,
                          "Scan Direction": "Forward",
                          "Index Name": "title_pkey",
                          "Relation Name": "title",
                          "Alias": "t",
                          "Startup Cost": 0.43,
                          "Total Cost": 7.86,
                          "Plan Rows": 1,
                          "Plan Width": 4,
                          "Actual Startup Time": 0.009,
                          "Actual Total Time": 0.009,
                          "Actual Rows": 1,
                          "Actual Loops": 2106,
                          "Index Cond": "(id = mc.movie_id)",
                          "Rows Removed by Index Recheck": 0,
                          "Heap Fetches": 2106
                        }
                      ]
                    },
                    {
                      "Node Type": "Index Scan",
                      "Parent Relationship": "Inner",
                      "Parallel Aware": false,
                      "Scan Direction": "Forward",
                      "Index Name": "movie_id_movie_keyword",
                      "Relation Name": "movie_keyword",
                      "Alias": "mk",
                      "Startup Cost": 0.43,
                      "Total Cost": 1.4,
                      "Plan Rows": 36,
                      "Plan Width": 4,
                      "Actual Startup Time": 0.009,
                      "Actual Total Time": 0.013,
                      "Actual Rows": 10,
                      "Actual Loops": 2106,
                      "Index Cond": "(movie_id = t.id)",
                      "Rows Removed by Index Recheck": 0,
                      "Filter": "(keyword_id < 19968)",
                      "Rows Removed by Filter": 3
                    }
                  ]
                }
              ]
            }
          ]
        }
      ]
    },
    "Planning Time": 1.424,
    "Triggers": [],
    "Execution Time": 41.942
  }
]