[
  {
    "Plan": {
      "Node Type": "Aggregate",
      "Strategy": "Plain",
      "Partial Mode": "Finalize",
      "Parallel Aware": false,
      "Startup Cost": 33412.24,
      "Total Cost": 33412.25,
      "Plan Rows": 1,
      "Plan Width": 8,
      "Actual Startup Time": 89.959,
      "Actual Total Time": 95.698,
      "Actual Rows": 1,
      "Actual Loops": 1,
      "Plans": [
        {
          "Node Type": "Gather",
          "Parent Relationship": "Outer",
          "Parallel Aware": false,
          "Startup Cost": 33411.92,
          "Total Cost": 33412.23,
          "Plan Rows": 3,
          "Plan Width": 8,
          "Actual Startup Time": 89.816,
          "Actual Total Time": 95.689,
          "Actual Rows": 4,
          "Actual Loops": 1,
          "Workers Planned": 3,
          "Workers Launched": 3,
          "Single Copy": false,
          "Plans": [
            {
              "Node Type": "Aggregate",
              "Strategy": "Plain",
              "Partial Mode": "Partial",
              "Parent Relationship": "Outer",
              "Parallel Aware": false,
              "Startup Cost": 32411.92,
              "Total Cost": 32411.93,
              "Plan Rows": 1,
              "Plan Width": 8,
              "Actual Startup Time": 86.27,
              "Actual Total Time": 86.271,
              "Actual Rows": 1,
              "Actual Loops": 4,
              "Plans": [
                {
                  "Node Type": "Seq Scan",
                  "Parent Relationship": "Outer",
                  "Parallel Aware": true,
                  "Relation Name": "movie_companies",
                  "Alias": "mc",
                  "Startup Cost": 0.0,
                  "Total Cost": 31414.82,
                  "Plan Rows": 398841,
                  "Plan Width": 0,
                  "Actual Startup Time": 0.025,
                  "Actual Total Time": 72.072,
                  "Actual Rows": 302278,
                  "Actual Loops": 4,
                  "Filter": "((company_id > 12) AND (company_type_id = 1))",
                  "Rows Removed by Filter": 350004
                }
              ]
            }
          ]
        }
      ]
    },
    "Planning Time": 0.292,
    "Triggers": [],
    "Execution Time": 95.757
  }
]