[
  {
    "Plan": {
      "Node Type": "Aggregate",
      "Strategy": "Plain",
      "Partial Mode": "Finalize",
      "Parallel Aware": false,
      "Startup Cost": 455402.29,
      "Total Cost": 455402.3,
      "Plan Rows": 1,
      "Plan Width": 8,
      "Actual Startup Time": 4434.746,
      "Actual Total Time": 4498.994,
      "Actual Rows": 1,
      "Actual Loops": 1,
      "Plans": [
        {
          "Node Type": "Gather",
          "Parent Relationship": "Outer",
          "Parallel Aware": false,
          "Startup Cost": 455401.67,
          "Total Cost": 455402.28,
          "Plan Rows": 6,
          "Plan Width": 8,
          "Actual Startup Time": 4416.39,
          "Actual Total Time": 4498.98,
          "Actual Rows": 7,
          "Actual Loops": 1,
          "Workers Planned": 6,
          "Workers Launched": 6,
          "Single Copy": false,
          "Plans": [
            {
              "Node Type": "Aggregate",
              "Strategy": "Plain",
              "Partial Mode": "Partial",
              "Parent Relationship": "Outer",
              "Parallel Aware": false,
              "Startup Cost": 454401.67,
              "Total Cost": 454401.68,
              "Plan Rows": 1,
              "Plan Width": 8,
              "Actual Startup Time": 4400.28,
              "Actual Total Time": 4400.805,
              "Actual Rows": 1,
              "Actual Loops": 7,
              "Plans": [
                {
                  "Node Type": "Hash Join",
                  "Parent Relationship": "Outer",
                  "Parallel Aware": true,
                  "Join Type": "Inner",
                  "Startup Cost": 88742.29,
                  "Total Cost": 441348.68,
                  "Plan Rows": 5221196,
                  "Plan Width": 0,
                  "Actual Startup Time": 664.852,
                  "Actual Total Time": 3921.353,
                  "Actual Rows": 9869663,
                  "Actual Loops": 7,
                  "Inner Unique": false,
                  "Hash Cond": "(ci.movie_id = t.id)",
                  "Plans": [
                    {
                      "Node Type": "Seq Scan",
                      "Parent Relationship": "Outer",
                      "Parallel Aware": true,
                      "Relation Name": "cast_info",
                      "Alias": "ci",
                      "Startup Cost": 0.0,
                      "Total Cost": 313106.51,
                      "Plan Rows": 6041951,
                      "Plan Width": 4,
                      "Actual Startup Time": 0.024,
                      "Actual Total Time": 612.529,
                      "Actual Rows": 5177763,
                      "Actual Loops": 7
                    },
                    {
                      "Node Type": "Hash",
                      "Parent Relationship": "Inner",
                      "Parallel Aware": true,
                      "Startup Cost": 79931.99,
                      "Total Cost": 79931.99,
                      "Plan Rows": 704824,
                      "Plan Width": 8,
                      "Actual Startup Time": 658.587,
                      "Actual Total Time": 659.111,
                      "Actual Rows": 278018,
                      "Actual Loops": 7,
                      "Hash Buckets": 4194304,
                      "Original Hash Buckets": 4194304,
                      "Hash Batches": 1,
                      "Original Hash Batches": 1,
                      "Peak Memory Usage": 108992,
                      "Plans": [
                        {
                          "Node Type": "Hash Join",
                          "Parent Relationship": "Outer",
                          "Parallel Aware": true,
                          "Join Type": "Inner",
                          "Startup Cost": 50516.1,
                          "Total Cost": 79931.99,
                          "Plan Rows": 704824,
                          "Plan Width": 8,
                          "Actual Startup Time": 299.389,
                          "Actual Total Time": 513.476,
                          "Actual Rows": 278018,
                          "Actual Loops": 7,
                          "Inner Unique": true,
                          "Hash Cond": "(mc.movie_id = t.id)",
                          "Plans": [
                            {
                              "Node Type": "Seq Scan",
                              "Parent Relationship": "Outer",
                              "Parallel Aware": true,
                              "Relation Name": "movie_companies",
                              "Alias": "mc",
                              "Startup Cost": 0.0,
                              "Total Cost": 27206.55,
                              "Plan Rows": 841655,
                              "Plan Width": 4,
                              "Actual Startup Time": 0.03,
                              "Actual Total Time": 51.671,
                              "Actual Rows": 372733,
                              "Actual Loops": 7
                            },
                            {
                              "Node Type": "Hash",
                              "Parent Relationship": "Inner",
                              "Parallel Aware": true,
                              "Startup Cost": 43899.32,
                              "Total Cost": 43899.32,
                              "Plan Rows": 529342,
                              "Plan Width": 4,
                              "Actual Startup Time": 293.938,
                              "Actual Total Time": 293.939,
                              "Actual Rows": 300591,
                              "Actual Loops": 7,
                              "Hash Buckets": 4194304,
                              "Original Hash Buckets": 4194304,
                              "Hash Batches": 1,
                              "Original Hash Batches": 1,
                              "Peak Memory Usage": 115200,
                              "Plans": [
                                {
                                  "Node Type": "Seq Scan",
                                  "Parent Relationship": "Outer",
                                  "Parallel Aware": true,
                                  "Relation Name": "title",
                                  "Alias": "t",
                                  "Startup Cost": 0.0,
                                  "Total Cost": 43899.32,
                                  "Plan Rows": 529342,
                                  "Plan Width": 4,
                                  "Actual Startup Time": 0.09,
                                  "Actual Total Time": 99.774,
                                  "Actual Rows": 300591,
                                  "Actual Loops": 7,
                                  "Filter": "(production_year > 1968)",
                                  "Rows Removed by Filter": 60596
                                }
                              ]
                            }
                          ]
                        }
                      ]
                    }
                  ]
                }
              ]
            }
          ]
        }
      ]
    },
    "Planning Time": 0.637,
    "Triggers": [],
    "Execution Time": 4499.054
  }
]