[
  {
    "Plan": {
      "Node Type": "Aggregate",
      "Strategy": "Plain",
      "Partial Mode": "Finalize",
      "Parallel Aware": false,
      "Startup Cost": 78399.43,
      "Total Cost": 78399.44,
      "Plan Rows": 1,
      "Plan Width": 8,
      "Actual Startup Time": 176.937,
      "Actual Total Time": 191.733,
      "Actual Rows": 1,
      "Actual Loops": 1,
      "Plans": [
        {
          "Node Type": "Gather",
          "Parent Relationship": "Outer",
          "Parallel Aware": false,
          "Startup Cost": 78399.12,
          "Total Cost": 78399.43,
          "Plan Rows": 3,
          "Plan Width": 8,
          "Actual Startup Time": 176.618,
          "Actual Total Time": 191.725,
          "Actual Rows": 4,
          "Actual Loops": 1,
          "Workers Planned": 3,
          "Workers Launched": 3,
          "Single Copy": false,
          "Plans": [
            {
              "Node Type": "Aggregate",
              "Strategy": "Plain",
              "Partial Mode": "Partial",
              "Parent Relationship": "Outer",
              "Parallel Aware": false,
              "Startup Cost": 77399.12,
              "Total Cost": 77399.13,
              "Plan Rows": 1,
              "Plan Width": 8,
              "Actual Startup Time": 168.018,
              "Actual Total Time": 168.021,
              "Actual Rows": 1,
              "Actual Loops": 4,
              "Plans": [
                {
                  "Node Type": "Hash Join",
                  "Parent Relationship": "Outer",
                  "Parallel Aware": true,
                  "Join Type": "Inner",
                  "Startup Cost": 45608.0,
                  "Total Cost": 77393.36,
                  "Plan Rows": 2303,
                  "Plan Width": 0,
                  "Actual Startup Time": 130.402,
                  "Actual Total Time": 167.977,
                  "Actual Rows": 592,
                  "Actual Loops": 4,
                  "Inner Unique": true,
                  "Hash Cond": "(mc.movie_id = t.id)",
                  "Plans": [
                    {
                      "Node Type": "Seq Scan",
                      "Parent Relationship": "Outer",
                      "Parallel Aware": true,
                      "Relation Name": "movie_companies",
                      "Alias": "mc",
                      "Startup Cost": 0.0,
                      "Total Cost": 31414.82,
                      "Plan Rows": 141159,
                      "Plan Width": 4,
                      "Actual Startup Time": 29.471,
                      "Actual Total Time": 57.918,
                      "Actual Rows": 62690,
                      "Actual Loops": 4,
                      "Filter": "((company_id < 2449) AND (company_type_id = 2))",
                      "Rows Removed by Filter": 589592
                    },
                    {
                      "Node Type": "Hash",
                      "Parent Relationship": "Inner",
                      "Parallel Aware": true,
                      "Startup Cost": 45479.1,
                      "Total Cost": 45479.1,
                      "Plan Rows": 10312,
                      "Plan Width": 4,
                      "Actual Startup Time": 99.285,
                      "Actual Total Time": 99.286,
                      "Actual Rows": 11781,
                      "Actual Loops": 4,
                      "Hash Buckets": 65536,
                      "Original Hash Buckets": 65536,
                      "Hash Batches": 1,
                      "Original Hash Batches": 1,
                      "Peak Memory Usage": 2400,
                      "Plans": [
                        {
                          "Node Type": "Seq Scan",
                          "Parent Relationship": "Outer",
                          "Parallel Aware": true,
                          "Relation Name": "title",
                          "Alias": "t",
                          "Startup Cost": 0.0,
                          "Total Cost": 45479.1,
                          "Plan Rows": 10312,
                          "Plan Width": 4,
                          "Actual Startup Time": 0.042,
                          "Actual Total Time": 93.448,
                          "Actual Rows": 11781,
                          "Actual Loops": 4,
                          "Filter": "((kind_id > 3) AND (production_year = 2002))",
                          "Rows Removed by Filter": 620297
                        }
                      ]
                    }
                  ]
                }
              ]
            }
          ]
        }
      ]
    },
    "Planning Time": 0.697,
    "Triggers": [],
    "Execution Time": 191.804
  }
]