{
  "Plan": {
    "Node Type": "Aggregate",
    "Strategy": "Plain",
    "Partial Mode": "Finalize",
    "Parallel Aware": false,
    "Startup Cost": 1793003.81,
    "Total Cost": 1793003.82,
    "Plan Rows": 1,
    "Plan Width": 8,
    "Actual Startup Time": 37241.649,
    "Actual Total Time": 37372.459,
    "Actual Rows": 1,
    "Actual Loops": 1,
    "Plans": [
      {
        "Node Type": "Gather",
        "Parent Relationship": "Outer",
        "Parallel Aware": false,
        "Startup Cost": 1793003.7,
        "Total Cost": 1793003.81,
        "Plan Rows": 1,
        "Plan Width": 8,
        "Actual Startup Time": 37214.909,
        "Actual Total Time": 37372.448,
        "Actual Rows": 2,
        "Actual Loops": 1,
        "Workers Planned": 1,
        "Workers Launched": 1,
        "Single Copy": false,
        "Plans": [
          {
            "Node Type": "Aggregate",
            "Strategy": "Plain",
            "Partial Mode": "Partial",
            "Parent Relationship": "Outer",
            "Parallel Aware": false,
            "Startup Cost": 1792003.7,
            "Total Cost": 1792003.71,
            "Plan Rows": 1,
            "Plan Width": 8,
            "Actual Startup Time": 37190.22,
            "Actual Total Time": 37193.479,
            "Actual Rows": 1,
            "Actual Loops": 2,
            "Plans": [
              {
                "Node Type": "Hash Join",
                "Parent Relationship": "Outer",
                "Parallel Aware": true,
                "Join Type": "Inner",
                "Startup Cost": 464603.14,
                "Total Cost": 1602108.47,
                "Plan Rows": 75958092,
                "Plan Width": 0,
                "Actual Startup Time": 6513.409,
                "Actual Total Time": 31669.171,
                "Actual Rows": 140686598,
                "Actual Loops": 2,
                "Inner Unique": false,
                "Hash Cond": "(ci.movie_id = t.id)",
                "Plans": [
                  {
                    "Node Type": "Seq Scan",
                    "Parent Relationship": "Outer",
                    "Parallel Aware": true,
                    "Relation Name": "cast_info",
                    "Alias": "ci",
                    "Startup Cost": 0.0,
                    "Total Cost": 519069.44,
                    "Plan Rows": 13729888,
                    "Plan Width": 4,
                    "Actual Startup Time": 325.59,
                    "Actual Total Time": 1755.792,
                    "Actual Rows": 11679704,
                    "Actual Loops": 2,
                    "Filter": "(person_id > 1272090)",
                    "Rows Removed by Filter": 6442468
                  },
                  {
                    "Node Type": "Hash",
                    "Parent Relationship": "Inner",
                    "Parallel Aware": true,
                    "Startup Cost": 361755.22,
                    "Total Cost": 361755.22,
                    "Plan Rows": 8227834,
                    "Plan Width": 8,
                    "Actual Startup Time": 6131.144,
                    "Actual Total Time": 6134.401,
                    "Actual Rows": 7016790,
                    "Actual Loops": 2,
                    "Hash Buckets": 16777216,
                    "Original Hash Buckets": 16777216,
                    "Hash Batches": 1,
                    "Original Hash Batches": 1,
                    "Peak Memory Usage": 680096,
                    "Plans": [
                      {
                        "Node Type": "Hash Join",
                        "Parent Relationship": "Outer",
                        "Parallel Aware": true,
                        "Join Type": "Inner",
                        "Startup Cost": 69460.7,
                        "Total Cost": 361755.22,
                        "Plan Rows": 8227834,
                        "Plan Width": 8,
                        "Actual Startup Time": 553.13,
                        "Actual Total Time": 3895.783,
                        "Actual Rows": 7016790,
                        "Actual Loops": 2,
                        "Inner Unique": true,
                        "Hash Cond": "(mi.movie_id = t.id)",
                        "Plans": [
                          {
                            "Node Type": "Seq Scan",
                            "Parent Relationship": "Outer",
                            "Parallel Aware": true,
                            "Relation Name": "movie_info",
                            "Alias": "mi",
                            "Startup Cost": 0.0,
                            "Total Cost": 270696.42,
                            "Plan Rows": 8227834,
                            "Plan Width": 4,
                            "Actual Startup Time": 0.015,
                            "Actual Total Time": 929.354,
                            "Actual Rows": 7016790,
                            "Actual Loops": 2,
                            "Filter": "(info_type_id > 1)",
                            "Rows Removed by Filter": 401070
                          },
                          {
                            "Node Type": "Hash",
                            "Parent Relationship": "Inner",
                            "Parallel Aware": true,
                            "Startup Cost": 50870.31,
                            "Total Cost": 50870.31,
                            "Plan Rows": 1487231,
                            "Plan Width": 4,
                            "Actual Startup Time": 542.001,
                            "Actual Total Time": 542.002,
                            "Actual Rows": 1264156,
                            "Actual Loops": 2,
                            "Hash Buckets": 4194304,
                            "Original Hash Buckets": 4194304,
                            "Hash Batches": 1,
                            "Original Hash Batches": 1,
                            "Peak Memory Usage": 131680,
                            "Plans": [
                              {
                                "Node Type": "Seq Scan",
                                "Parent Relationship": "Outer",
                                "Parallel Aware": true,
                                "Relation Name": "title",
                                "Alias": "t",
                                "Startup Cost": 0.0,
                                "Total Cost": 50870.31,
                                "Plan Rows": 1487231,
                                "Plan Width": 4,
                                "Actual Startup Time": 0.05,
                                "Actual Total Time": 156.21,
                                "Actual Rows": 1264156,
                                "Actual Loops": 2
                              }
                            ]
                          }
                        ]
                      }
                    ]
                  }
                ]
              }
            ]
          }
        ]
      }
    ]
  },
  "Planning Time": 0.841,
  "Triggers": [],
  "Execution Time": 37372.557
}