{
    "Plan": {
        "Node Type": "Aggregate",
        "Strategy": "Plain",
        "Partial Mode": "Finalize",
        "Parallel Aware": false,
        "Startup Cost": 122273.47,
        "Total Cost": 122273.48,
        "Plan Rows": 1,
        "Plan Width": 8,
        "Actual Startup Time": 1344.118,
        "Actual Total Time": 1399.004,
        "Actual Rows": 1,
        "Actual Loops": 1,
        "Output": [
            "count(*)"
        ],
        "Plans": [
            {
                "Node Type": "Gather",
                "Parent Relationship": "Outer",
                "Parallel Aware": false,
                "Startup Cost": 122273.15,
                "Total Cost": 122273.46,
                "Plan Rows": 3,
                "Plan Width": 8,
                "Actual Startup Time": 1332.55,
                "Actual Total Time": 1398.993,
                "Actual Rows": 4,
                "Actual Loops": 1,
                "Output": [
                    "(PARTIAL count(*))"
                ],
                "Workers Planned": 3,
                "Workers Launched": 3,
                "Single Copy": false,
                "Plans": [
                    {
                        "Node Type": "Aggregate",
                        "Strategy": "Plain",
                        "Partial Mode": "Partial",
                        "Parent Relationship": "Outer",
                        "Parallel Aware": false,
                        "Startup Cost": 121273.15,
                        "Total Cost": 121273.16,
                        "Plan Rows": 1,
                        "Plan Width": 8,
                        "Actual Startup Time": 1326.44,
                        "Actual Total Time": 1326.444,
                        "Actual Rows": 1,
                        "Actual Loops": 4,
                        "Output": [
                            "PARTIAL count(*)"
                        ],
                        "Workers": [
                            {
                                "Worker Number": 0,
                                "Actual Startup Time": 1331.766,
                                "Actual Total Time": 1331.769,
                                "Actual Rows": 1,
                                "Actual Loops": 1
                            },
                            {
                                "Worker Number": 1,
                                "Actual Startup Time": 1320.898,
                                "Actual Total Time": 1320.901,
                                "Actual Rows": 1,
                                "Actual Loops": 1
                            },
                            {
                                "Worker Number": 2,
                                "Actual Startup Time": 1321.354,
                                "Actual Total Time": 1321.357,
                                "Actual Rows": 1,
                                "Actual Loops": 1
                            }
                        ],
                        "Plans": [
                            {
                                "Node Type": "Nested Loop",
                                "Parent Relationship": "Outer",
                                "Parallel Aware": false,
                                "Join Type": "Inner",
                                "Startup Cost": 45576.77,
                                "Total Cost": 120812.83,
                                "Plan Rows": 184129,
                                "Plan Width": 0,
                                "Actual Startup Time": 135.545,
                                "Actual Total Time": 1258.078,
                                "Actual Rows": 1484634,
                                "Actual Loops": 4,
                                "Inner Unique": false,
                                "Join Filter": "(t.id = ci.movie_id)",
                                "Rows Removed by Join Filter": 0,
                                "Workers": [
                                    {
                                        "Worker Number": 0,
                                        "Actual Startup Time": 131.831,
                                        "Actual Total Time": 1258.709,
                                        "Actual Rows": 1114772,
                                        "Actual Loops": 1
                                    },
                                    {
                                        "Worker Number": 1,
                                        "Actual Startup Time": 133.574,
                                        "Actual Total Time": 1259.501,
                                        "Actual Rows": 1519270,
                                        "Actual Loops": 1
                                    },
                                    {
                                        "Worker Number": 2,
                                        "Actual Startup Time": 133.709,
                                        "Actual Total Time": 1259.431,
                                        "Actual Rows": 1533322,
                                        "Actual Loops": 1
                                    }
                                ],
                                "Plans": [
                                    {
                                        "Node Type": "Hash Join",
                                        "Parent Relationship": "Outer",
                                        "Parallel Aware": true,
                                        "Join Type": "Inner",
                                        "Startup Cost": 45576.21,
                                        "Total Cost": 91100.77,
                                        "Plan Rows": 13230,
                                        "Plan Width": 8,
                                        "Actual Startup Time": 135.494,
                                        "Actual Total Time": 279.199,
                                        "Actual Rows": 18807,
                                        "Actual Loops": 4,
                                        "Output": [
                                            "t.id",
                                            "mk.movie_id"
                                        ],
                                        "Inner Unique": true,
                                        "Hash Cond": "(mk.movie_id = t.id)",
                                        "Workers": [
                                            {
                                                "Worker Number": 0,
                                                "Actual Startup Time": 131.774,
                                                "Actual Total Time": 256.472,
                                                "Actual Rows": 12878,
                                                "Actual Loops": 1
                                            },
                                            {
                                                "Worker Number": 1,
                                                "Actual Startup Time": 133.522,
                                                "Actual Total Time": 288.072,
                                                "Actual Rows": 19473,
                                                "Actual Loops": 1
                                            },
                                            {
                                                "Worker Number": 2,
                                                "Actual Startup Time": 133.643,
                                                "Actual Total Time": 274.496,
                                                "Actual Rows": 19383,
                                                "Actual Loops": 1
                                            }
                                        ],
                                        "Plans": [
                                            {
                                                "Node Type": "Seq Scan",
                                                "Parent Relationship": "Outer",
                                                "Parallel Aware": true,
                                                "Relation Name": "movie_keyword",
                                                "Schema": "public",
                                                "Alias": "mk",
                                                "Startup Cost": 0.0,
                                                "Total Cost": 42695.65,
                                                "Plan Rows": 1077681,
                                                "Plan Width": 4,
                                                "Actual Startup Time": 0.061,
                                                "Actual Total Time": 119.714,
                                                "Actual Rows": 837487,
                                                "Actual Loops": 4,
                                                "Output": [
                                                    "mk.id",
                                                    "mk.movie_id",
                                                    "mk.keyword_id"
                                                ],
                                                "Filter": "(mk.keyword_id > 1382)",
                                                "Rows Removed by Filter": 293495,
                                                "Workers": [
                                                    {
                                                        "Worker Number": 0,
                                                        "Actual Startup Time": 0.05,
                                                        "Actual Total Time": 107.485,
                                                        "Actual Rows": 500671,
                                                        "Actual Loops": 1
                                                    },
                                                    {
                                                        "Worker Number": 1,
                                                        "Actual Startup Time": 0.076,
                                                        "Actual Total Time": 129.551,
                                                        "Actual Rows": 921869,
                                                        "Actual Loops": 1
                                                    },
                                                    {
                                                        "Worker Number": 2,
                                                        "Actual Startup Time": 0.038,
                                                        "Actual Total Time": 120.301,
                                                        "Actual Rows": 845240,
                                                        "Actual Loops": 1
                                                    }
                                                ]
                                            },
                                            {
                                                "Node Type": "Hash",
                                                "Parent Relationship": "Inner",
                                                "Parallel Aware": true,
                                                "Startup Cost": 45479.21,
                                                "Total Cost": 45479.21,
                                                "Plan Rows": 7760,
                                                "Plan Width": 4,
                                                "Actual Startup Time": 98.992,
                                                "Actual Total Time": 98.993,
                                                "Actual Rows": 4443,
                                                "Actual Loops": 4,
                                                "Output": [
                                                    "t.id"
                                                ],
                                                "Hash Buckets": 32768,
                                                "Original Hash Buckets": 32768,
                                                "Hash Batches": 1,
                                                "Original Hash Batches": 1,
                                                "Peak Memory Usage": 1024,
                                                "Workers": [
                                                    {
                                                        "Worker Number": 0,
                                                        "Actual Startup Time": 95.937,
                                                        "Actual Total Time": 95.938,
                                                        "Actual Rows": 3117,
                                                        "Actual Loops": 1
                                                    },
                                                    {
                                                        "Worker Number": 1,
                                                        "Actual Startup Time": 97.843,
                                                        "Actual Total Time": 97.844,
                                                        "Actual Rows": 4358,
                                                        "Actual Loops": 1
                                                    },
                                                    {
                                                        "Worker Number": 2,
                                                        "Actual Startup Time": 98.122,
                                                        "Actual Total Time": 98.123,
                                                        "Actual Rows": 4249,
                                                        "Actual Loops": 1
                                                    }
                                                ],
                                                "Plans": [
                                                    {
                                                        "Node Type": "Seq Scan",
                                                        "Parent Relationship": "Outer",
                                                        "Parallel Aware": true,
                                                        "Relation Name": "title",
                                                        "Schema": "public",
                                                        "Alias": "t",
                                                        "Startup Cost": 0.0,
                                                        "Total Cost": 45479.21,
                                                        "Plan Rows": 7760,
                                                        "Plan Width": 4,
                                                        "Actual Startup Time": 63.156,
                                                        "Actual Total Time": 97.022,
                                                        "Actual Rows": 4443,
                                                        "Actual Loops": 4,
                                                        "Output": [
                                                            "t.id"
                                                        ],
                                                        "Filter": "((t.kind_id < 2) AND (t.production_year = 2007))",
                                                        "Rows Removed by Filter": 627635,
                                                        "Workers": [
                                                            {
                                                                "Worker Number": 0,
                                                                "Actual Startup Time": 63.364,
                                                                "Actual Total Time": 94.074,
                                                                "Actual Rows": 3117,
                                                                "Actual Loops": 1
                                                            },
                                                            {
                                                                "Worker Number": 1,
                                                                "Actual Startup Time": 61.603,
                                                                "Actual Total Time": 95.738,
                                                                "Actual Rows": 4358,
                                                                "Actual Loops": 1
                                                            },
                                                            {
                                                                "Worker Number": 2,
                                                                "Actual Startup Time": 61.775,
                                                                "Actual Total Time": 96.408,
                                                                "Actual Rows": 4249,
                                                                "Actual Loops": 1
                                                            }
                                                        ]
                                                    }
                                                ]
                                            }
                                        ]
                                    },
                                    {
                                        "Node Type": "Index Scan",
                                        "Parent Relationship": "Inner",
                                        "Parallel Aware": false,
                                        "Scan Direction": "Forward",
                                        "Index Name": "movie_id_cast_info",
                                        "Relation Name": "cast_info",
                                        "Schema": "public",
                                        "Alias": "ci",
                                        "Startup Cost": 0.56,
                                        "Total Cost": 1.78,
                                        "Plan Rows": 37,
                                        "Plan Width": 4,
                                        "Actual Startup Time": 0.004,
                                        "Actual Total Time": 0.044,
                                        "Actual Rows": 79,
                                        "Actual Loops": 75228,
                                        "Output": [
                                            "ci.id",
                                            "ci.person_id",
                                            "ci.movie_id",
                                            "ci.person_role_id",
                                            "ci.note",
                                            "ci.nr_order",
                                            "ci.role_id"
                                        ],
                                        "Index Cond": "(ci.movie_id = mk.movie_id)",
                                        "Rows Removed by Index Recheck": 0,
                                        "Filter": "(ci.person_id < 3838425)",
                                        "Rows Removed by Filter": 9,
                                        "Workers": [
                                            {
                                                "Worker Number": 0,
                                                "Actual Startup Time": 0.005,
                                                "Actual Total Time": 0.065,
                                                "Actual Rows": 87,
                                                "Actual Loops": 12878
                                            },
                                            {
                                                "Worker Number": 1,
                                                "Actual Startup Time": 0.004,
                                                "Actual Total Time": 0.043,
                                                "Actual Rows": 78,
                                                "Actual Loops": 19473
                                            },
                                            {
                                                "Worker Number": 2,
                                                "Actual Startup Time": 0.004,
                                                "Actual Total Time": 0.043,
                                                "Actual Rows": 79,
                                                "Actual Loops": 19383
                                            }
                                        ]
                                    }
                                ]
                            }
                        ]
                    }
                ]
            }
        ]
    },
    "Planning Time": 1.554,
    "Triggers": [],
    "Execution Time": 1399.113
}