[
    {
        "Bao": {
            "Bao prediction": 452.674,
            "Bao recommended hint": "(no hint)"
        }
    },
    {
        "Plan": {
            "Node Type": "Aggregate",
            "Strategy": "Plain",
            "Partial Mode": "Finalize",
            "Parallel Aware": false,
            "Startup Cost": 44503.84,
            "Total Cost": 44503.85,
            "Plan Rows": 1,
            "Plan Width": 8,
            "Actual Startup Time": 165.255,
            "Actual Total Time": 171.284,
            "Actual Rows": 1,
            "Actual Loops": 1,
            "Output": [
                "count(*)"
            ],
            "Plans": [
                {
                    "Node Type": "Gather",
                    "Parent Relationship": "Outer",
                    "Parallel Aware": false,
                    "Startup Cost": 44503.52,
                    "Total Cost": 44503.83,
                    "Plan Rows": 3,
                    "Plan Width": 8,
                    "Actual Startup Time": 165.143,
                    "Actual Total Time": 171.275,
                    "Actual Rows": 4,
                    "Actual Loops": 1,
                    "Output": [
                        "(PARTIAL count(*))"
                    ],
                    "Workers Planned": 3,
                    "Workers Launched": 3,
                    "Single Copy": false,
                    "Plans": [
                        {
                            "Node Type": "Aggregate",
                            "Strategy": "Plain",
                            "Partial Mode": "Partial",
                            "Parent Relationship": "Outer",
                            "Parallel Aware": false,
                            "Startup Cost": 43503.52,
                            "Total Cost": 43503.53,
                            "Plan Rows": 1,
                            "Plan Width": 8,
                            "Actual Startup Time": 157.255,
                            "Actual Total Time": 157.257,
                            "Actual Rows": 1,
                            "Actual Loops": 4,
                            "Output": [
                                "PARTIAL count(*)"
                            ],
                            "Workers": [
                                {
                                    "Worker Number": 0,
                                    "Actual Startup Time": 154.842,
                                    "Actual Total Time": 154.843,
                                    "Actual Rows": 1,
                                    "Actual Loops": 1
                                },
                                {
                                    "Worker Number": 1,
                                    "Actual Startup Time": 154.934,
                                    "Actual Total Time": 154.935,
                                    "Actual Rows": 1,
                                    "Actual Loops": 1
                                },
                                {
                                    "Worker Number": 2,
                                    "Actual Startup Time": 155.049,
                                    "Actual Total Time": 155.05,
                                    "Actual Rows": 1,
                                    "Actual Loops": 1
                                }
                            ],
                            "Plans": [
                                {
                                    "Node Type": "Seq Scan",
                                    "Parent Relationship": "Outer",
                                    "Parallel Aware": true,
                                    "Relation Name": "movie_keyword",
                                    "Schema": "public",
                                    "Alias": "mk",
                                    "Startup Cost": 0.0,
                                    "Total Cost": 42695.65,
                                    "Plan Rows": 323147,
                                    "Plan Width": 0,
                                    "Actual Startup Time": 4.773,
                                    "Actual Total Time": 138.616,
                                    "Actual Rows": 244864,
                                    "Actual Loops": 4,
                                    "Output": [
                                        "id",
                                        "movie_id",
                                        "keyword_id"
                                    ],
                                    "Filter": "(mk.keyword_id > 18999)",
                                    "Rows Removed by Filter": 886119,
                                    "Workers": [
                                        {
                                            "Worker Number": 0,
                                            "Actual Startup Time": 2.364,
                                            "Actual Total Time": 136.098,
                                            "Actual Rows": 241126,
                                            "Actual Loops": 1
                                        },
                                        {
                                            "Worker Number": 1,
                                            "Actual Startup Time": 2.468,
                                            "Actual Total Time": 136.159,
                                            "Actual Rows": 243373,
                                            "Actual Loops": 1
                                        },
                                        {
                                            "Worker Number": 2,
                                            "Actual Startup Time": 2.551,
                                            "Actual Total Time": 136.323,
                                            "Actual Rows": 243509,
                                            "Actual Loops": 1
                                        }
                                    ]
                                }
                            ]
                        }
                    ]
                }
            ]
        },
        "Planning Time": 2897.212,
        "Triggers": [],
        "Execution Time": 171.61
    }
]