{
    "Plan": {
        "Node Type": "Aggregate",
        "Strategy": "Plain",
        "Partial Mode": "Finalize",
        "Parallel Aware": false,
        "Startup Cost": 577109.92,
        "Total Cost": 577109.93,
        "Plan Rows": 1,
        "Plan Width": 8,
        "Actual Startup Time": 3721.062,
        "Actual Total Time": 3760.057,
        "Actual Rows": 1,
        "Actual Loops": 1,
        "Output": [
            "count(*)"
        ],
        "Plans": [
            {
                "Node Type": "Gather",
                "Parent Relationship": "Outer",
                "Parallel Aware": false,
                "Startup Cost": 577109.3,
                "Total Cost": 577109.91,
                "Plan Rows": 6,
                "Plan Width": 8,
                "Actual Startup Time": 3709.349,
                "Actual Total Time": 3760.035,
                "Actual Rows": 7,
                "Actual Loops": 1,
                "Output": [
                    "(PARTIAL count(*))"
                ],
                "Workers Planned": 6,
                "Workers Launched": 6,
                "Single Copy": false,
                "Plans": [
                    {
                        "Node Type": "Aggregate",
                        "Strategy": "Plain",
                        "Partial Mode": "Partial",
                        "Parent Relationship": "Outer",
                        "Parallel Aware": false,
                        "Startup Cost": 576109.3,
                        "Total Cost": 576109.31,
                        "Plan Rows": 1,
                        "Plan Width": 8,
                        "Actual Startup Time": 3692.991,
                        "Actual Total Time": 3692.995,
                        "Actual Rows": 1,
                        "Actual Loops": 7,
                        "Output": [
                            "PARTIAL count(*)"
                        ],
                        "Workers": [
                            {
                                "Worker Number": 0,
                                "Actual Startup Time": 3690.934,
                                "Actual Total Time": 3690.938,
                                "Actual Rows": 1,
                                "Actual Loops": 1
                            },
                            {
                                "Worker Number": 1,
                                "Actual Startup Time": 3689.732,
                                "Actual Total Time": 3689.735,
                                "Actual Rows": 1,
                                "Actual Loops": 1
                            },
                            {
                                "Worker Number": 2,
                                "Actual Startup Time": 3690.616,
                                "Actual Total Time": 3690.619,
                                "Actual Rows": 1,
                                "Actual Loops": 1
                            },
                            {
                                "Worker Number": 3,
                                "Actual Startup Time": 3690.543,
                                "Actual Total Time": 3690.547,
                                "Actual Rows": 1,
                                "Actual Loops": 1
                            },
                            {
                                "Worker Number": 4,
                                "Actual Startup Time": 3690.636,
                                "Actual Total Time": 3690.638,
                                "Actual Rows": 1,
                                "Actual Loops": 1
                            },
                            {
                                "Worker Number": 5,
                                "Actual Startup Time": 3690.598,
                                "Actual Total Time": 3690.609,
                                "Actual Rows": 1,
                                "Actual Loops": 1
                            }
                        ],
                        "Plans": [
                            {
                                "Node Type": "Hash Join",
                                "Parent Relationship": "Outer",
                                "Parallel Aware": true,
                                "Join Type": "Inner",
                                "Startup Cost": 290115.06,
                                "Total Cost": 573075.61,
                                "Plan Rows": 1213476,
                                "Plan Width": 0,
                                "Actual Startup Time": 2311.855,
                                "Actual Total Time": 3631.715,
                                "Actual Rows": 990520,
                                "Actual Loops": 7,
                                "Inner Unique": true,
                                "Hash Cond": "(ci.movie_id = t.id)",
                                "Workers": [
                                    {
                                        "Worker Number": 0,
                                        "Actual Startup Time": 2309.262,
                                        "Actual Total Time": 3630.207,
                                        "Actual Rows": 944473,
                                        "Actual Loops": 1
                                    },
                                    {
                                        "Worker Number": 1,
                                        "Actual Startup Time": 2308.865,
                                        "Actual Total Time": 3625.273,
                                        "Actual Rows": 952137,
                                        "Actual Loops": 1
                                    },
                                    {
                                        "Worker Number": 2,
                                        "Actual Startup Time": 2309.196,
                                        "Actual Total Time": 3632.351,
                                        "Actual Rows": 999052,
                                        "Actual Loops": 1
                                    },
                                    {
                                        "Worker Number": 3,
                                        "Actual Startup Time": 2309.475,
                                        "Actual Total Time": 3628.775,
                                        "Actual Rows": 958586,
                                        "Actual Loops": 1
                                    },
                                    {
                                        "Worker Number": 4,
                                        "Actual Startup Time": 2309.391,
                                        "Actual Total Time": 3628.683,
                                        "Actual Rows": 953287,
                                        "Actual Loops": 1
                                    },
                                    {
                                        "Worker Number": 5,
                                        "Actual Startup Time": 2310.057,
                                        "Actual Total Time": 3625.569,
                                        "Actual Rows": 947712,
                                        "Actual Loops": 1
                                    }
                                ],
                                "Plans": [
                                    {
                                        "Node Type": "Bitmap Heap Scan",
                                        "Parent Relationship": "Outer",
                                        "Parallel Aware": true,
                                        "Relation Name": "cast_info",
                                        "Schema": "public",
                                        "Alias": "ci",
                                        "Startup Cost": 216832.92,
                                        "Total Cost": 494539.37,
                                        "Plan Rows": 2001556,
                                        "Plan Width": 4,
                                        "Actual Startup Time": 2032.238,
                                        "Actual Total Time": 2582.263,
                                        "Actual Rows": 1730521,
                                        "Actual Loops": 7,
                                        "Output": [
                                            "ci.id",
                                            "ci.person_id",
                                            "ci.movie_id",
                                            "ci.person_role_id",
                                            "ci.note",
                                            "ci.nr_order",
                                            "ci.role_id"
                                        ],
                                        "Recheck Cond": "(ci.role_id > 3)",
                                        "Rows Removed by Index Recheck": 0,
                                        "Exact Heap Blocks": 14815,
                                        "Lossy Heap Blocks": 0,
                                        "Workers": [
                                            {
                                                "Worker Number": 0,
                                                "Actual Startup Time": 2032.645,
                                                "Actual Total Time": 2581.155,
                                                "Actual Rows": 1656283,
                                                "Actual Loops": 1
                                            },
                                            {
                                                "Worker Number": 1,
                                                "Actual Startup Time": 2032.463,
                                                "Actual Total Time": 2586.281,
                                                "Actual Rows": 1660015,
                                                "Actual Loops": 1
                                            },
                                            {
                                                "Worker Number": 2,
                                                "Actual Startup Time": 2031.861,
                                                "Actual Total Time": 2578.999,
                                                "Actual Rows": 1741059,
                                                "Actual Loops": 1
                                            },
                                            {
                                                "Worker Number": 3,
                                                "Actual Startup Time": 2032.29,
                                                "Actual Total Time": 2581.296,
                                                "Actual Rows": 1676980,
                                                "Actual Loops": 1
                                            },
                                            {
                                                "Worker Number": 4,
                                                "Actual Startup Time": 2031.997,
                                                "Actual Total Time": 2583.002,
                                                "Actual Rows": 1673727,
                                                "Actual Loops": 1
                                            },
                                            {
                                                "Worker Number": 5,
                                                "Actual Startup Time": 2032.204,
                                                "Actual Total Time": 2588.908,
                                                "Actual Rows": 1650580,
                                                "Actual Loops": 1
                                            }
                                        ],
                                        "Plans": [
                                            {
                                                "Node Type": "Bitmap Index Scan",
                                                "Parent Relationship": "Outer",
                                                "Parallel Aware": false,
                                                "Index Name": "role_id_cast_info",
                                                "Startup Cost": 0.0,
                                                "Total Cost": 213830.58,
                                                "Plan Rows": 12009336,
                                                "Plan Width": 0,
                                                "Actual Startup Time": 2006.633,
                                                "Actual Total Time": 2006.634,
                                                "Actual Rows": 12113646,
                                                "Actual Loops": 1,
                                                "Index Cond": "(ci.role_id > 3)",
                                                "Workers": [
                                                    {
                                                        "Worker Number": 2,
                                                        "Actual Startup Time": 2006.633,
                                                        "Actual Total Time": 2006.634,
                                                        "Actual Rows": 12113646,
                                                        "Actual Loops": 1
                                                    }
                                                ]
                                            }
                                        ]
                                    },
                                    {
                                        "Node Type": "Hash",
                                        "Parent Relationship": "Inner",
                                        "Parallel Aware": true,
                                        "Startup Cost": 68492.03,
                                        "Total Cost": 68492.03,
                                        "Plan Rows": 383209,
                                        "Plan Width": 4,
                                        "Actual Startup Time": 275.183,
                                        "Actual Total Time": 275.185,
                                        "Actual Rows": 220466,
                                        "Actual Loops": 7,
                                        "Output": [
                                            "t.id"
                                        ],
                                        "Hash Buckets": 2097152,
                                        "Original Hash Buckets": 2097152,
                                        "Hash Batches": 1,
                                        "Original Hash Batches": 1,
                                        "Peak Memory Usage": 76832,
                                        "Workers": [
                                            {
                                                "Worker Number": 0,
                                                "Actual Startup Time": 275.653,
                                                "Actual Total Time": 275.654,
                                                "Actual Rows": 146642,
                                                "Actual Loops": 1
                                            },
                                            {
                                                "Worker Number": 1,
                                                "Actual Startup Time": 275.798,
                                                "Actual Total Time": 275.799,
                                                "Actual Rows": 148258,
                                                "Actual Loops": 1
                                            },
                                            {
                                                "Worker Number": 2,
                                                "Actual Startup Time": 276.615,
                                                "Actual Total Time": 276.616,
                                                "Actual Rows": 223894,
                                                "Actual Loops": 1
                                            },
                                            {
                                                "Worker Number": 3,
                                                "Actual Startup Time": 276.745,
                                                "Actual Total Time": 276.746,
                                                "Actual Rows": 227368,
                                                "Actual Loops": 1
                                            },
                                            {
                                                "Worker Number": 4,
                                                "Actual Startup Time": 276.794,
                                                "Actual Total Time": 276.795,
                                                "Actual Rows": 225761,
                                                "Actual Loops": 1
                                            },
                                            {
                                                "Worker Number": 5,
                                                "Actual Startup Time": 276.819,
                                                "Actual Total Time": 276.827,
                                                "Actual Rows": 228192,
                                                "Actual Loops": 1
                                            }
                                        ],
                                        "Plans": [
                                            {
                                                "Node Type": "Bitmap Heap Scan",
                                                "Parent Relationship": "Outer",
                                                "Parallel Aware": true,
                                                "Relation Name": "title",
                                                "Schema": "public",
                                                "Alias": "t",
                                                "Startup Cost": 27703.92,
                                                "Total Cost": 68492.03,
                                                "Plan Rows": 383209,
                                                "Plan Width": 4,
                                                "Actual Startup Time": 69.621,
                                                "Actual Total Time": 155.954,
                                                "Actual Rows": 220466,
                                                "Actual Loops": 7,
                                                "Output": [
                                                    "t.id"
                                                ],
                                                "Recheck Cond": "(t.kind_id = 7)",
                                                "Rows Removed by Index Recheck": 0,
                                                "Exact Heap Blocks": 5470,
                                                "Lossy Heap Blocks": 0,
                                                "Workers": [
                                                    {
                                                        "Worker Number": 0,
                                                        "Actual Startup Time": 69.663,
                                                        "Actual Total Time": 159.683,
                                                        "Actual Rows": 146642,
                                                        "Actual Loops": 1
                                                    },
                                                    {
                                                        "Worker Number": 1,
                                                        "Actual Startup Time": 69.574,
                                                        "Actual Total Time": 160.348,
                                                        "Actual Rows": 148258,
                                                        "Actual Loops": 1
                                                    },
                                                    {
                                                        "Worker Number": 2,
                                                        "Actual Startup Time": 69.461,
                                                        "Actual Total Time": 154.857,
                                                        "Actual Rows": 223894,
                                                        "Actual Loops": 1
                                                    },
                                                    {
                                                        "Worker Number": 3,
                                                        "Actual Startup Time": 69.899,
                                                        "Actual Total Time": 155.525,
                                                        "Actual Rows": 227368,
                                                        "Actual Loops": 1
                                                    },
                                                    {
                                                        "Worker Number": 4,
                                                        "Actual Startup Time": 69.601,
                                                        "Actual Total Time": 155.41,
                                                        "Actual Rows": 225761,
                                                        "Actual Loops": 1
                                                    },
                                                    {
                                                        "Worker Number": 5,
                                                        "Actual Startup Time": 69.714,
                                                        "Actual Total Time": 155.224,
                                                        "Actual Rows": 228192,
                                                        "Actual Loops": 1
                                                    }
                                                ],
                                                "Plans": [
                                                    {
                                                        "Node Type": "Bitmap Index Scan",
                                                        "Parent Relationship": "Outer",
                                                        "Parallel Aware": false,
                                                        "Index Name": "kind_id_title",
                                                        "Startup Cost": 0.0,
                                                        "Total Cost": 27320.71,
                                                        "Plan Rows": 1532837,
                                                        "Plan Width": 0,
                                                        "Actual Startup Time": 65.412,
                                                        "Actual Total Time": 65.413,
                                                        "Actual Rows": 1543264,
                                                        "Actual Loops": 1,
                                                        "Index Cond": "(t.kind_id = 7)"
                                                    }
                                                ]
                                            }
                                        ]
                                    }
                                ]
                            }
                        ]
                    }
                ]
            }
        ]
    },
    "Planning Time": 2.976,
    "Triggers": [],
    "Execution Time": 3760.556
}