[
  {
    "Plan": {
      "Node Type": "Aggregate",
      "Strategy": "Plain",
      "Partial Mode": "Finalize",
      "Parallel Aware": false,
      "Startup Cost": 339539.42,
      "Total Cost": 339539.43,
      "Plan Rows": 1,
      "Plan Width": 8,
      "Actual Startup Time": 933.082,
      "Actual Total Time": 1001.345,
      "Actual Rows": 1,
      "Actual Loops": 1,
      "Plans": [
        {
          "Node Type": "Gather",
          "Parent Relationship": "Outer",
          "Parallel Aware": false,
          "Startup Cost": 339538.79,
          "Total Cost": 339539.4,
          "Plan Rows": 6,
          "Plan Width": 8,
          "Actual Startup Time": 932.784,
          "Actual Total Time": 1001.329,
          "Actual Rows": 7,
          "Actual Loops": 1,
          "Workers Planned": 6,
          "Workers Launched": 6,
          "Single Copy": false,
          "Plans": [
            {
              "Node Type": "Aggregate",
              "Strategy": "Plain",
              "Partial Mode": "Partial",
              "Parent Relationship": "Outer",
              "Parallel Aware": false,
              "Startup Cost": 338538.79,
              "Total Cost": 338538.8,
              "Plan Rows": 1,
              "Plan Width": 8,
              "Actual Startup Time": 922.238,
              "Actual Total Time": 922.242,
              "Actual Rows": 1,
              "Actual Loops": 7,
              "Plans": [
                {
                  "Node Type": "Seq Scan",
                  "Parent Relationship": "Outer",
                  "Parallel Aware": true,
                  "Relation Name": "cast_info",
                  "Alias": "ci",
                  "Startup Cost": 0.0,
                  "Total Cost": 328211.39,
                  "Plan Rows": 4130961,
                  "Plan Width": 0,
                  "Actual Startup Time": 0.065,
                  "Actual Total Time": 731.96,
                  "Actual Rows": 3558339,
                  "Actual Loops": 7,
                  "Filter": "(person_id < 2566251)",
                  "Rows Removed by Filter": 1619425
                }
              ]
            }
          ]
        }
      ]
    },
    "Planning Time": 0.222,
    "Triggers": [],
    "Execution Time": 1001.424
  }
]