[
    {
        "Bao": {
            "Bao prediction": "NaN",
            "Bao recommended hint": "(no hint)"
        }
    },
    {
        "Plan": {
            "Node Type": "Aggregate",
            "Strategy": "Plain",
            "Partial Mode": "Finalize",
            "Parallel Aware": false,
            "Startup Cost": 45370.62,
            "Total Cost": 45370.63,
            "Plan Rows": 1,
            "Plan Width": 8,
            "Actual Startup Time": 217.405,
            "Actual Total Time": 241.298,
            "Actual Rows": 1,
            "Actual Loops": 1,
            "Output": [
                "count(*)"
            ],
            "Plans": [
                {
                    "Node Type": "Gather",
                    "Parent Relationship": "Outer",
                    "Parallel Aware": false,
                    "Startup Cost": 45370.4,
                    "Total Cost": 45370.61,
                    "Plan Rows": 2,
                    "Plan Width": 8,
                    "Actual Startup Time": 217.087,
                    "Actual Total Time": 241.29,
                    "Actual Rows": 3,
                    "Actual Loops": 1,
                    "Output": [
                        "(PARTIAL count(*))"
                    ],
                    "Workers Planned": 2,
                    "Workers Launched": 2,
                    "Single Copy": false,
                    "Plans": [
                        {
                            "Node Type": "Aggregate",
                            "Strategy": "Plain",
                            "Partial Mode": "Partial",
                            "Parent Relationship": "Outer",
                            "Parallel Aware": false,
                            "Startup Cost": 44370.4,
                            "Total Cost": 44370.41,
                            "Plan Rows": 1,
                            "Plan Width": 8,
                            "Actual Startup Time": 209.212,
                            "Actual Total Time": 209.215,
                            "Actual Rows": 1,
                            "Actual Loops": 3,
                            "Output": [
                                "PARTIAL count(*)"
                            ],
                            "Workers": [
                                {
                                    "Worker Number": 0,
                                    "Actual Startup Time": 204.989,
                                    "Actual Total Time": 204.991,
                                    "Actual Rows": 1,
                                    "Actual Loops": 1
                                },
                                {
                                    "Worker Number": 1,
                                    "Actual Startup Time": 205.879,
                                    "Actual Total Time": 205.88,
                                    "Actual Rows": 1,
                                    "Actual Loops": 1
                                }
                            ],
                            "Plans": [
                                {
                                    "Node Type": "Nested Loop",
                                    "Parent Relationship": "Outer",
                                    "Parallel Aware": false,
                                    "Join Type": "Inner",
                                    "Startup Cost": 164.9,
                                    "Total Cost": 44323.65,
                                    "Plan Rows": 18702,
                                    "Plan Width": 0,
                                    "Actual Startup Time": 1.542,
                                    "Actual Total Time": 196.034,
                                    "Actual Rows": 196646,
                                    "Actual Loops": 3,
                                    "Inner Unique": false,
                                    "Workers": [
                                        {
                                            "Worker Number": 0,
                                            "Actual Startup Time": 0.569,
                                            "Actual Total Time": 193.661,
                                            "Actual Rows": 122562,
                                            "Actual Loops": 1
                                        },
                                        {
                                            "Worker Number": 1,
                                            "Actual Startup Time": 0.521,
                                            "Actual Total Time": 195.598,
                                            "Actual Rows": 181479,
                                            "Actual Loops": 1
                                        }
                                    ],
                                    "Plans": [
                                        {
                                            "Node Type": "Nested Loop",
                                            "Parent Relationship": "Outer",
                                            "Parallel Aware": false,
                                            "Join Type": "Inner",
                                            "Startup Cost": 164.47,
                                            "Total Cost": 38395.91,
                                            "Plan Rows": 3205,
                                            "Plan Width": 8,
                                            "Actual Startup Time": 1.395,
                                            "Actual Total Time": 34.801,
                                            "Actual Rows": 2779,
                                            "Actual Loops": 3,
                                            "Output": [
                                                "t.id",
                                                "mk.movie_id"
                                            ],
                                            "Inner Unique": true,
                                            "Workers": [
                                                {
                                                    "Worker Number": 0,
                                                    "Actual Startup Time": 0.352,
                                                    "Actual Total Time": 37.306,
                                                    "Actual Rows": 1688,
                                                    "Actual Loops": 1
                                                },
                                                {
                                                    "Worker Number": 1,
                                                    "Actual Startup Time": 0.317,
                                                    "Actual Total Time": 37.301,
                                                    "Actual Rows": 2364,
                                                    "Actual Loops": 1
                                                }
                                            ],
                                            "Plans": [
                                                {
                                                    "Node Type": "Bitmap Heap Scan",
                                                    "Parent Relationship": "Outer",
                                                    "Parallel Aware": true,
                                                    "Relation Name": "movie_keyword",
                                                    "Schema": "public",
                                                    "Alias": "mk",
                                                    "Startup Cost": 164.04,
                                                    "Total Cost": 16394.0,
                                                    "Plan Rows": 3205,
                                                    "Plan Width": 4,
                                                    "Actual Startup Time": 1.234,
                                                    "Actual Total Time": 11.385,
                                                    "Actual Rows": 2779,
                                                    "Actual Loops": 3,
                                                    "Output": [
                                                        "mk.id",
                                                        "mk.movie_id",
                                                        "mk.keyword_id"
                                                    ],
                                                    "Recheck Cond": "(mk.keyword_id = 865)",
                                                    "Rows Removed by Index Recheck": 0,
                                                    "Exact Heap Blocks": 3441,
                                                    "Lossy Heap Blocks": 0,
                                                    "Workers": [
                                                        {
                                                            "Worker Number": 0,
                                                            "Actual Startup Time": 0.108,
                                                            "Actual Total Time": 11.372,
                                                            "Actual Rows": 1688,
                                                            "Actual Loops": 1
                                                        },
                                                        {
                                                            "Worker Number": 1,
                                                            "Actual Startup Time": 0.1,
                                                            "Actual Total Time": 11.593,
                                                            "Actual Rows": 2364,
                                                            "Actual Loops": 1
                                                        }
                                                    ],
                                                    "Plans": [
                                                        {
                                                            "Node Type": "Bitmap Index Scan",
                                                            "Parent Relationship": "Outer",
                                                            "Parallel Aware": false,
                                                            "Index Name": "keyword_id_movie_keyword",
                                                            "Startup Cost": 0.0,
                                                            "Total Cost": 162.12,
                                                            "Plan Rows": 7691,
                                                            "Plan Width": 0,
                                                            "Actual Startup Time": 1.95,
                                                            "Actual Total Time": 1.951,
                                                            "Actual Rows": 8337,
                                                            "Actual Loops": 1,
                                                            "Index Cond": "(mk.keyword_id = 865)"
                                                        }
                                                    ]
                                                },
                                                {
                                                    "Node Type": "Index Only Scan",
                                                    "Parent Relationship": "Inner",
                                                    "Parallel Aware": false,
                                                    "Scan Direction": "Forward",
                                                    "Index Name": "title_pkey",
                                                    "Relation Name": "title",
                                                    "Schema": "public",
                                                    "Alias": "t",
                                                    "Startup Cost": 0.43,
                                                    "Total Cost": 6.86,
                                                    "Plan Rows": 1,
                                                    "Plan Width": 4,
                                                    "Actual Startup Time": 0.008,
                                                    "Actual Total Time": 0.008,
                                                    "Actual Rows": 1,
                                                    "Actual Loops": 8337,
                                                    "Output": [
                                                        "t.id"
                                                    ],
                                                    "Index Cond": "(t.id = mk.movie_id)",
                                                    "Rows Removed by Index Recheck": 0,
                                                    "Heap Fetches": 8337,
                                                    "Workers": [
                                                        {
                                                            "Worker Number": 0,
                                                            "Actual Startup Time": 0.014,
                                                            "Actual Total Time": 0.014,
                                                            "Actual Rows": 1,
                                                            "Actual Loops": 1688
                                                        },
                                                        {
                                                            "Worker Number": 1,
                                                            "Actual Startup Time": 0.01,
                                                            "Actual Total Time": 0.01,
                                                            "Actual Rows": 1,
                                                            "Actual Loops": 2364
                                                        }
                                                    ]
                                                }
                                            ]
                                        },
                                        {
                                            "Node Type": "Index Only Scan",
                                            "Parent Relationship": "Inner",
                                            "Parallel Aware": false,
                                            "Scan Direction": "Forward",
                                            "Index Name": "movie_id_movie_info",
                                            "Relation Name": "movie_info",
                                            "Schema": "public",
                                            "Alias": "mi",
                                            "Startup Cost": 0.43,
                                            "Total Cost": 1.46,
                                            "Plan Rows": 39,
                                            "Plan Width": 4,
                                            "Actual Startup Time": 0.012,
                                            "Actual Total Time": 0.051,
                                            "Actual Rows": 71,
                                            "Actual Loops": 8337,
                                            "Output": [
                                                "mi.movie_id"
                                            ],
                                            "Index Cond": "(mi.movie_id = t.id)",
                                            "Rows Removed by Index Recheck": 0,
                                            "Heap Fetches": 589939,
                                            "Workers": [
                                                {
                                                    "Worker Number": 0,
                                                    "Actual Startup Time": 0.02,
                                                    "Actual Total Time": 0.083,
                                                    "Actual Rows": 73,
                                                    "Actual Loops": 1688
                                                },
                                                {
                                                    "Worker Number": 1,
                                                    "Actual Startup Time": 0.015,
                                                    "Actual Total Time": 0.061,
                                                    "Actual Rows": 77,
                                                    "Actual Loops": 2364
                                                }
                                            ]
                                        }
                                    ]
                                }
                            ]
                        }
                    ]
                }
            ]
        },
        "Planning Time": 284.586,
        "Triggers": [],
        "Execution Time": 241.381
    }
]