{
    "Plan": {
        "Node Type": "Aggregate",
        "Strategy": "Plain",
        "Partial Mode": "Finalize",
        "Parallel Aware": false,
        "Startup Cost": 338882.58,
        "Total Cost": 338882.59,
        "Plan Rows": 1,
        "Plan Width": 8,
        "Actual Startup Time": 5473.951,
        "Actual Total Time": 5576.009,
        "Actual Rows": 1,
        "Actual Loops": 1,
        "Output": [
            "count(*)"
        ],
        "Plans": [
            {
                "Node Type": "Gather",
                "Parent Relationship": "Outer",
                "Parallel Aware": false,
                "Startup Cost": 338882.06,
                "Total Cost": 338882.57,
                "Plan Rows": 5,
                "Plan Width": 8,
                "Actual Startup Time": 5472.3,
                "Actual Total Time": 5575.979,
                "Actual Rows": 6,
                "Actual Loops": 1,
                "Output": [
                    "(PARTIAL count(*))"
                ],
                "Workers Planned": 5,
                "Workers Launched": 5,
                "Single Copy": false,
                "Plans": [
                    {
                        "Node Type": "Aggregate",
                        "Strategy": "Plain",
                        "Partial Mode": "Partial",
                        "Parent Relationship": "Outer",
                        "Parallel Aware": false,
                        "Startup Cost": 337882.06,
                        "Total Cost": 337882.07,
                        "Plan Rows": 1,
                        "Plan Width": 8,
                        "Actual Startup Time": 5461.319,
                        "Actual Total Time": 5461.322,
                        "Actual Rows": 1,
                        "Actual Loops": 6,
                        "Output": [
                            "PARTIAL count(*)"
                        ],
                        "Workers": [
                            {
                                "Worker Number": 0,
                                "Actual Startup Time": 5458.62,
                                "Actual Total Time": 5458.622,
                                "Actual Rows": 1,
                                "Actual Loops": 1
                            },
                            {
                                "Worker Number": 1,
                                "Actual Startup Time": 5458.967,
                                "Actual Total Time": 5458.97,
                                "Actual Rows": 1,
                                "Actual Loops": 1
                            },
                            {
                                "Worker Number": 2,
                                "Actual Startup Time": 5459.402,
                                "Actual Total Time": 5459.407,
                                "Actual Rows": 1,
                                "Actual Loops": 1
                            },
                            {
                                "Worker Number": 3,
                                "Actual Startup Time": 5459.685,
                                "Actual Total Time": 5459.688,
                                "Actual Rows": 1,
                                "Actual Loops": 1
                            },
                            {
                                "Worker Number": 4,
                                "Actual Startup Time": 5459.862,
                                "Actual Total Time": 5459.865,
                                "Actual Rows": 1,
                                "Actual Loops": 1
                            }
                        ],
                        "Plans": [
                            {
                                "Node Type": "Nested Loop",
                                "Parent Relationship": "Outer",
                                "Parallel Aware": false,
                                "Join Type": "Inner",
                                "Startup Cost": 45610.91,
                                "Total Cost": 336269.84,
                                "Plan Rows": 644888,
                                "Plan Width": 0,
                                "Actual Startup Time": 122.228,
                                "Actual Total Time": 5245.302,
                                "Actual Rows": 4120349,
                                "Actual Loops": 6,
                                "Inner Unique": false,
                                "Join Filter": "(t.id = ci.movie_id)",
                                "Rows Removed by Join Filter": 0,
                                "Workers": [
                                    {
                                        "Worker Number": 0,
                                        "Actual Startup Time": 119.632,
                                        "Actual Total Time": 5224.59,
                                        "Actual Rows": 3823314,
                                        "Actual Loops": 1
                                    },
                                    {
                                        "Worker Number": 1,
                                        "Actual Startup Time": 119.866,
                                        "Actual Total Time": 5245.473,
                                        "Actual Rows": 4539023,
                                        "Actual Loops": 1
                                    },
                                    {
                                        "Worker Number": 2,
                                        "Actual Startup Time": 120.206,
                                        "Actual Total Time": 5250.231,
                                        "Actual Rows": 3754495,
                                        "Actual Loops": 1
                                    },
                                    {
                                        "Worker Number": 3,
                                        "Actual Startup Time": 120.664,
                                        "Actual Total Time": 5245.076,
                                        "Actual Rows": 4584406,
                                        "Actual Loops": 1
                                    },
                                    {
                                        "Worker Number": 4,
                                        "Actual Startup Time": 120.764,
                                        "Actual Total Time": 5227.138,
                                        "Actual Rows": 3695630,
                                        "Actual Loops": 1
                                    }
                                ],
                                "Plans": [
                                    {
                                        "Node Type": "Hash Join",
                                        "Parent Relationship": "Outer",
                                        "Parallel Aware": true,
                                        "Join Type": "Inner",
                                        "Startup Cost": 45610.35,
                                        "Total Cost": 244859.97,
                                        "Plan Rows": 48980,
                                        "Plan Width": 8,
                                        "Actual Startup Time": 122.112,
                                        "Actual Total Time": 915.788,
                                        "Actual Rows": 305938,
                                        "Actual Loops": 6,
                                        "Output": [
                                            "t.id",
                                            "mi.movie_id"
                                        ],
                                        "Inner Unique": true,
                                        "Hash Cond": "(mi.movie_id = t.id)",
                                        "Workers": [
                                            {
                                                "Worker Number": 0,
                                                "Actual Startup Time": 119.417,
                                                "Actual Total Time": 916.123,
                                                "Actual Rows": 276336,
                                                "Actual Loops": 1
                                            },
                                            {
                                                "Worker Number": 1,
                                                "Actual Startup Time": 119.775,
                                                "Actual Total Time": 919.036,
                                                "Actual Rows": 339125,
                                                "Actual Loops": 1
                                            },
                                            {
                                                "Worker Number": 2,
                                                "Actual Startup Time": 120.106,
                                                "Actual Total Time": 913.873,
                                                "Actual Rows": 273203,
                                                "Actual Loops": 1
                                            },
                                            {
                                                "Worker Number": 3,
                                                "Actual Startup Time": 120.505,
                                                "Actual Total Time": 913.517,
                                                "Actual Rows": 337684,
                                                "Actual Loops": 1
                                            },
                                            {
                                                "Worker Number": 4,
                                                "Actual Startup Time": 120.664,
                                                "Actual Total Time": 924.105,
                                                "Actual Rows": 286611,
                                                "Actual Loops": 1
                                            }
                                        ],
                                        "Plans": [
                                            {
                                                "Node Type": "Seq Scan",
                                                "Parent Relationship": "Outer",
                                                "Parallel Aware": true,
                                                "Relation Name": "movie_info",
                                                "Schema": "public",
                                                "Alias": "mi",
                                                "Startup Cost": 0.0,
                                                "Total Cost": 191503.19,
                                                "Plan Rows": 2951019,
                                                "Plan Width": 4,
                                                "Actual Startup Time": 0.037,
                                                "Actual Total Time": 291.757,
                                                "Actual Rows": 2472620,
                                                "Actual Loops": 6,
                                                "Output": [
                                                    "mi.id",
                                                    "mi.movie_id",
                                                    "mi.info_type_id",
                                                    "mi.info",
                                                    "mi.note"
                                                ],
                                                "Workers": [
                                                    {
                                                        "Worker Number": 0,
                                                        "Actual Startup Time": 0.051,
                                                        "Actual Total Time": 306.832,
                                                        "Actual Rows": 2290278,
                                                        "Actual Loops": 1
                                                    },
                                                    {
                                                        "Worker Number": 1,
                                                        "Actual Startup Time": 0.033,
                                                        "Actual Total Time": 298.293,
                                                        "Actual Rows": 2731713,
                                                        "Actual Loops": 1
                                                    },
                                                    {
                                                        "Worker Number": 2,
                                                        "Actual Startup Time": 0.034,
                                                        "Actual Total Time": 302.364,
                                                        "Actual Rows": 2235930,
                                                        "Actual Loops": 1
                                                    },
                                                    {
                                                        "Worker Number": 3,
                                                        "Actual Startup Time": 0.062,
                                                        "Actual Total Time": 295.488,
                                                        "Actual Rows": 2695377,
                                                        "Actual Loops": 1
                                                    },
                                                    {
                                                        "Worker Number": 4,
                                                        "Actual Startup Time": 0.031,
                                                        "Actual Total Time": 306.296,
                                                        "Actual Rows": 2131244,
                                                        "Actual Loops": 1
                                                    }
                                                ]
                                            },
                                            {
                                                "Node Type": "Hash",
                                                "Parent Relationship": "Inner",
                                                "Parallel Aware": true,
                                                "Startup Cost": 45479.21,
                                                "Total Cost": 45479.21,
                                                "Plan Rows": 10491,
                                                "Plan Width": 4,
                                                "Actual Startup Time": 107.506,
                                                "Actual Total Time": 107.507,
                                                "Actual Rows": 26123,
                                                "Actual Loops": 6,
                                                "Output": [
                                                    "t.id"
                                                ],
                                                "Hash Buckets": 262144,
                                                "Original Hash Buckets": 65536,
                                                "Hash Batches": 1,
                                                "Original Hash Batches": 1,
                                                "Peak Memory Usage": 9760,
                                                "Workers": [
                                                    {
                                                        "Worker Number": 0,
                                                        "Actual Startup Time": 105.672,
                                                        "Actual Total Time": 105.673,
                                                        "Actual Rows": 18622,
                                                        "Actual Loops": 1
                                                    },
                                                    {
                                                        "Worker Number": 1,
                                                        "Actual Startup Time": 105.945,
                                                        "Actual Total Time": 105.945,
                                                        "Actual Rows": 31801,
                                                        "Actual Loops": 1
                                                    },
                                                    {
                                                        "Worker Number": 2,
                                                        "Actual Startup Time": 106.254,
                                                        "Actual Total Time": 106.255,
                                                        "Actual Rows": 24413,
                                                        "Actual Loops": 1
                                                    },
                                                    {
                                                        "Worker Number": 3,
                                                        "Actual Startup Time": 106.709,
                                                        "Actual Total Time": 106.71,
                                                        "Actual Rows": 17821,
                                                        "Actual Loops": 1
                                                    },
                                                    {
                                                        "Worker Number": 4,
                                                        "Actual Startup Time": 106.856,
                                                        "Actual Total Time": 106.857,
                                                        "Actual Rows": 32187,
                                                        "Actual Loops": 1
                                                    }
                                                ],
                                                "Plans": [
                                                    {
                                                        "Node Type": "Seq Scan",
                                                        "Parent Relationship": "Outer",
                                                        "Parallel Aware": true,
                                                        "Relation Name": "title",
                                                        "Schema": "public",
                                                        "Alias": "t",
                                                        "Startup Cost": 0.0,
                                                        "Total Cost": 45479.21,
                                                        "Plan Rows": 10491,
                                                        "Plan Width": 4,
                                                        "Actual Startup Time": 51.984,
                                                        "Actual Total Time": 86.078,
                                                        "Actual Rows": 26123,
                                                        "Actual Loops": 6,
                                                        "Output": [
                                                            "t.id"
                                                        ],
                                                        "Filter": "((t.kind_id < 2) AND (t.production_year < 1948))",
                                                        "Rows Removed by Filter": 395262,
                                                        "Workers": [
                                                            {
                                                                "Worker Number": 0,
                                                                "Actual Startup Time": 50.698,
                                                                "Actual Total Time": 86.4,
                                                                "Actual Rows": 18622,
                                                                "Actual Loops": 1
                                                            },
                                                            {
                                                                "Worker Number": 1,
                                                                "Actual Startup Time": 49.624,
                                                                "Actual Total Time": 82.777,
                                                                "Actual Rows": 31801,
                                                                "Actual Loops": 1
                                                            },
                                                            {
                                                                "Worker Number": 2,
                                                                "Actual Startup Time": 50.671,
                                                                "Actual Total Time": 85.722,
                                                                "Actual Rows": 24413,
                                                                "Actual Loops": 1
                                                            },
                                                            {
                                                                "Worker Number": 3,
                                                                "Actual Startup Time": 52.477,
                                                                "Actual Total Time": 85.979,
                                                                "Actual Rows": 17821,
                                                                "Actual Loops": 1
                                                            },
                                                            {
                                                                "Worker Number": 4,
                                                                "Actual Startup Time": 51.183,
                                                                "Actual Total Time": 84.883,
                                                                "Actual Rows": 32187,
                                                                "Actual Loops": 1
                                                            }
                                                        ]
                                                    }
                                                ]
                                            }
                                        ]
                                    },
                                    {
                                        "Node Type": "Index Scan",
                                        "Parent Relationship": "Inner",
                                        "Parallel Aware": false,
                                        "Scan Direction": "Forward",
                                        "Index Name": "movie_id_cast_info",
                                        "Relation Name": "cast_info",
                                        "Schema": "public",
                                        "Alias": "ci",
                                        "Startup Cost": 0.56,
                                        "Total Cost": 1.43,
                                        "Plan Rows": 35,
                                        "Plan Width": 4,
                                        "Actual Startup Time": 0.003,
                                        "Actual Total Time": 0.013,
                                        "Actual Rows": 13,
                                        "Actual Loops": 1835628,
                                        "Output": [
                                            "ci.id",
                                            "ci.person_id",
                                            "ci.movie_id",
                                            "ci.person_role_id",
                                            "ci.note",
                                            "ci.nr_order",
                                            "ci.role_id"
                                        ],
                                        "Index Cond": "(ci.movie_id = mi.movie_id)",
                                        "Rows Removed by Index Recheck": 0,
                                        "Filter": "(ci.person_id < 3498925)",
                                        "Rows Removed by Filter": 0,
                                        "Workers": [
                                            {
                                                "Worker Number": 0,
                                                "Actual Startup Time": 0.004,
                                                "Actual Total Time": 0.014,
                                                "Actual Rows": 14,
                                                "Actual Loops": 276336
                                            },
                                            {
                                                "Worker Number": 1,
                                                "Actual Startup Time": 0.003,
                                                "Actual Total Time": 0.011,
                                                "Actual Rows": 13,
                                                "Actual Loops": 339125
                                            },
                                            {
                                                "Worker Number": 2,
                                                "Actual Startup Time": 0.004,
                                                "Actual Total Time": 0.014,
                                                "Actual Rows": 14,
                                                "Actual Loops": 273203
                                            },
                                            {
                                                "Worker Number": 3,
                                                "Actual Startup Time": 0.003,
                                                "Actual Total Time": 0.011,
                                                "Actual Rows": 14,
                                                "Actual Loops": 337684
                                            },
                                            {
                                                "Worker Number": 4,
                                                "Actual Startup Time": 0.003,
                                                "Actual Total Time": 0.013,
                                                "Actual Rows": 13,
                                                "Actual Loops": 286611
                                            }
                                        ]
                                    }
                                ]
                            }
                        ]
                    }
                ]
            }
        ]
    },
    "Planning Time": 1.552,
    "Triggers": [],
    "Execution Time": 5576.125
}