[
  {
    "Plan": {
      "Node Type": "Aggregate",
      "Strategy": "Plain",
      "Partial Mode": "Finalize",
      "Parallel Aware": false,
      "Startup Cost": 238169.28,
      "Total Cost": 238169.29,
      "Plan Rows": 1,
      "Plan Width": 8,
      "Actual Startup Time": 2724.167,
      "Actual Total Time": 2774.473,
      "Actual Rows": 1,
      "Actual Loops": 1,
      "Plans": [
        {
          "Node Type": "Gather",
          "Parent Relationship": "Outer",
          "Parallel Aware": false,
          "Startup Cost": 238168.96,
          "Total Cost": 238169.27,
          "Plan Rows": 3,
          "Plan Width": 8,
          "Actual Startup Time": 2722.571,
          "Actual Total Time": 2774.465,
          "Actual Rows": 4,
          "Actual Loops": 1,
          "Workers Planned": 3,
          "Workers Launched": 3,
          "Single Copy": false,
          "Plans": [
            {
              "Node Type": "Aggregate",
              "Strategy": "Plain",
              "Partial Mode": "Partial",
              "Parent Relationship": "Outer",
              "Parallel Aware": false,
              "Startup Cost": 237168.96,
              "Total Cost": 237168.97,
              "Plan Rows": 1,
              "Plan Width": 8,
              "Actual Startup Time": 2716.399,
              "Actual Total Time": 2716.488,
              "Actual Rows": 1,
              "Actual Loops": 4,
              "Plans": [
                {
                  "Node Type": "Nested Loop",
                  "Parent Relationship": "Outer",
                  "Parallel Aware": false,
                  "Join Type": "Inner",
                  "Startup Cost": 46246.07,
                  "Total Cost": 236011.6,
                  "Plan Rows": 462944,
                  "Plan Width": 0,
                  "Actual Startup Time": 141.301,
                  "Actual Total Time": 2511.046,
                  "Actual Rows": 4699784,
                  "Actual Loops": 4,
                  "Inner Unique": false,
                  "Join Filter": "(t.id = mi.movie_id)",
                  "Rows Removed by Join Filter": 0,
                  "Plans": [
                    {
                      "Node Type": "Hash Join",
                      "Parent Relationship": "Outer",
                      "Parallel Aware": true,
                      "Join Type": "Inner",
                      "Startup Cost": 46245.64,
                      "Total Cost": 77691.03,
                      "Plan Rows": 78844,
                      "Plan Width": 8,
                      "Actual Startup Time": 141.195,
                      "Actual Total Time": 385.978,
                      "Actual Rows": 181518,
                      "Actual Loops": 4,
                      "Inner Unique": true,
                      "Hash Cond": "(mc.movie_id = t.id)",
                      "Plans": [
                        {
                          "Node Type": "Seq Scan",
                          "Parent Relationship": "Outer",
                          "Parallel Aware": true,
                          "Relation Name": "movie_companies",
                          "Alias": "mc",
                          "Startup Cost": 0.0,
                          "Total Cost": 29310.68,
                          "Plan Rows": 813225,
                          "Plan Width": 4,
                          "Actual Startup Time": 0.01,
                          "Actual Total Time": 80.665,
                          "Actual Rows": 630355,
                          "Actual Loops": 4,
                          "Filter": "(company_id < 165143)",
                          "Rows Removed by Filter": 21927
                        },
                        {
                          "Node Type": "Hash",
                          "Parent Relationship": "Inner",
                          "Parallel Aware": true,
                          "Startup Cost": 45479.59,
                          "Total Cost": 45479.59,
                          "Plan Rows": 61284,
                          "Plan Width": 4,
                          "Actual Startup Time": 139.007,
                          "Actual Total Time": 139.008,
                          "Actual Rows": 91406,
                          "Actual Loops": 4,
                          "Hash Buckets": 524288,
                          "Original Hash Buckets": 262144,
                          "Hash Batches": 1,
                          "Original Hash Batches": 1,
                          "Peak Memory Usage": 20512,
                          "Plans": [
                            {
                              "Node Type": "Seq Scan",
                              "Parent Relationship": "Outer",
                              "Parallel Aware": true,
                              "Relation Name": "title",
                              "Alias": "t",
                              "Startup Cost": 0.0,
                              "Total Cost": 45479.59,
                              "Plan Rows": 61284,
                              "Plan Width": 4,
                              "Actual Startup Time": 0.097,
                              "Actual Total Time": 101.23,
                              "Actual Rows": 91406,
                              "Actual Loops": 4,
                              "Filter": "((kind_id < 7) AND (production_year < 1988))",
                              "Rows Removed by Filter": 540672
                            }
                          ]
                        }
                      ]
                    },
                    {
                      "Node Type": "Index Only Scan",
                      "Parent Relationship": "Inner",
                      "Parallel Aware": false,
                      "Scan Direction": "Forward",
                      "Index Name": "movie_id_movie_info",
                      "Relation Name": "movie_info",
                      "Alias": "mi",
                      "Startup Cost": 0.43,
                      "Total Cost": 1.5,
                      "Plan Rows": 41,
                      "Plan Width": 4,
                      "Actual Startup Time": 0.003,
                      "Actual Total Time": 0.009,
                      "Actual Rows": 26,
                      "Actual Loops": 726074,
                      "Index Cond": "(movie_id = mc.movie_id)",
                      "Rows Removed by Index Recheck": 0,
                      "Heap Fetches": 18799135
                    }
                  ]
                }
              ]
            }
          ]
        }
      ]
    },
    "Planning Time": 1.358,
    "Triggers": [],
    "Execution Time": 2774.567
  }
]