[
    {
        "Bao": {
            "Bao prediction": "NaN",
            "Bao recommended hint": "(no hint)"
        }
    },
    {
        "Plan": {
            "Node Type": "Aggregate",
            "Strategy": "Plain",
            "Partial Mode": "Simple",
            "Parallel Aware": false,
            "Startup Cost": 15046.97,
            "Total Cost": 15046.98,
            "Plan Rows": 1,
            "Plan Width": 8,
            "Actual Startup Time": 9.205,
            "Actual Total Time": 9.206,
            "Actual Rows": 1,
            "Actual Loops": 1,
            "Output": [
                "count(*)"
            ],
            "Plans": [
                {
                    "Node Type": "Bitmap Heap Scan",
                    "Parent Relationship": "Outer",
                    "Parallel Aware": false,
                    "Relation Name": "movie_keyword",
                    "Schema": "public",
                    "Alias": "mk",
                    "Startup Cost": 143.85,
                    "Total Cost": 15030.38,
                    "Plan Rows": 6635,
                    "Plan Width": 0,
                    "Actual Startup Time": 1.411,
                    "Actual Total Time": 8.911,
                    "Actual Rows": 6011,
                    "Actual Loops": 1,
                    "Recheck Cond": "(mk.keyword_id = 1732)",
                    "Rows Removed by Index Recheck": 0,
                    "Exact Heap Blocks": 4913,
                    "Lossy Heap Blocks": 0,
                    "Plans": [
                        {
                            "Node Type": "Bitmap Index Scan",
                            "Parent Relationship": "Outer",
                            "Parallel Aware": false,
                            "Index Name": "keyword_id_movie_keyword",
                            "Startup Cost": 0.0,
                            "Total Cost": 142.19,
                            "Plan Rows": 6635,
                            "Plan Width": 0,
                            "Actual Startup Time": 0.854,
                            "Actual Total Time": 0.854,
                            "Actual Rows": 6011,
                            "Actual Loops": 1,
                            "Index Cond": "(mk.keyword_id = 1732)"
                        }
                    ]
                }
            ]
        },
        "Planning Time": 176.392,
        "Triggers": [],
        "Execution Time": 9.25
    }
]