[
  {
    "Plan": {
      "Node Type": "Aggregate",
      "Strategy": "Plain",
      "Partial Mode": "Finalize",
      "Parallel Aware": false,
      "Startup Cost": 347242.75,
      "Total Cost": 347242.76,
      "Plan Rows": 1,
      "Plan Width": 8,
      "Actual Startup Time": 608.885,
      "Actual Total Time": 645.95,
      "Actual Rows": 1,
      "Actual Loops": 1,
      "Plans": [
        {
          "Node Type": "Gather",
          "Parent Relationship": "Outer",
          "Parallel Aware": false,
          "Startup Cost": 347242.12,
          "Total Cost": 347242.73,
          "Plan Rows": 6,
          "Plan Width": 8,
          "Actual Startup Time": 608.724,
          "Actual Total Time": 645.933,
          "Actual Rows": 7,
          "Actual Loops": 1,
          "Workers Planned": 6,
          "Workers Launched": 6,
          "Single Copy": false,
          "Plans": [
            {
              "Node Type": "Aggregate",
              "Strategy": "Plain",
              "Partial Mode": "Partial",
              "Parent Relationship": "Outer",
              "Parallel Aware": false,
              "Startup Cost": 346242.12,
              "Total Cost": 346242.13,
              "Plan Rows": 1,
              "Plan Width": 8,
              "Actual Startup Time": 598.805,
              "Actual Total Time": 598.807,
              "Actual Rows": 1,
              "Actual Loops": 7,
              "Plans": [
                {
                  "Node Type": "Index Scan",
                  "Parent Relationship": "Outer",
                  "Parallel Aware": true,
                  "Scan Direction": "Forward",
                  "Index Name": "role_id_cast_info",
                  "Relation Name": "cast_info",
                  "Alias": "ci",
                  "Startup Cost": 0.56,
                  "Total Cost": 341155.22,
                  "Plan Rows": 2034762,
                  "Plan Width": 0,
                  "Actual Startup Time": 53.65,
                  "Actual Total Time": 495.616,
                  "Actual Rows": 1662135,
                  "Actual Loops": 7,
                  "Index Cond": "(role_id < 2)",
                  "Rows Removed by Index Recheck": 0,
                  "Filter": "(person_id > 144893)",
                  "Rows Removed by Filter": 147963
                }
              ]
            }
          ]
        }
      ]
    },
    "Planning Time": 0.241,
    "Triggers": [],
    "Execution Time": 646.029
  }
]