{
  "Plan": {
    "Node Type": "Aggregate",
    "Strategy": "Plain",
    "Partial Mode": "Finalize",
    "Parallel Aware": false,
    "Startup Cost": 388908.74,
    "Total Cost": 388908.75,
    "Plan Rows": 1,
    "Plan Width": 8,
    "Actual Startup Time": 790.015,
    "Actual Total Time": 806.231,
    "Actual Rows": 1,
    "Actual Loops": 1,
    "Plans": [
      {
        "Node Type": "Gather",
        "Parent Relationship": "Outer",
        "Parallel Aware": false,
        "Startup Cost": 388908.63,
        "Total Cost": 388908.74,
        "Plan Rows": 1,
        "Plan Width": 8,
        "Actual Startup Time": 788.504,
        "Actual Total Time": 806.22,
        "Actual Rows": 2,
        "Actual Loops": 1,
        "Workers Planned": 1,
        "Workers Launched": 1,
        "Single Copy": false,
        "Plans": [
          {
            "Node Type": "Aggregate",
            "Strategy": "Plain",
            "Partial Mode": "Partial",
            "Parent Relationship": "Outer",
            "Parallel Aware": false,
            "Startup Cost": 387908.63,
            "Total Cost": 387908.64,
            "Plan Rows": 1,
            "Plan Width": 8,
            "Actual Startup Time": 782.594,
            "Actual Total Time": 782.598,
            "Actual Rows": 1,
            "Actual Loops": 2,
            "Plans": [
              {
                "Node Type": "Hash Join",
                "Parent Relationship": "Outer",
                "Parallel Aware": true,
                "Join Type": "Inner",
                "Startup Cost": 113831.16,
                "Total Cost": 387097.3,
                "Plan Rows": 324531,
                "Plan Width": 0,
                "Actual Startup Time": 342.766,
                "Actual Total Time": 768.98,
                "Actual Rows": 251026,
                "Actual Loops": 2,
                "Inner Unique": true,
                "Hash Cond": "(ci.movie_id = t.id)",
                "Plans": [
                  {
                    "Node Type": "Bitmap Heap Scan",
                    "Parent Relationship": "Outer",
                    "Parallel Aware": true,
                    "Relation Name": "cast_info",
                    "Alias": "ci",
                    "Startup Cost": 51090.52,
                    "Total Cost": 320785.06,
                    "Plan Rows": 1360604,
                    "Plan Width": 4,
                    "Actual Startup Time": 86.296,
                    "Actual Total Time": 220.235,
                    "Actual Rows": 1160978,
                    "Actual Loops": 2,
                    "Recheck Cond": "(person_id < 226278)",
                    "Rows Removed by Index Recheck": 0,
                    "Exact Heap Blocks": 10345,
                    "Lossy Heap Blocks": 0,
                    "Plans": [
                      {
                        "Node Type": "Bitmap Index Scan",
                        "Parent Relationship": "Outer",
                        "Parallel Aware": false,
                        "Index Name": "person_id_cast_info",
                        "Startup Cost": 0.0,
                        "Total Cost": 50512.26,
                        "Plan Rows": 2313026,
                        "Plan Width": 0,
                        "Actual Startup Time": 82.518,
                        "Actual Total Time": 82.518,
                        "Actual Rows": 2321957,
                        "Actual Loops": 1,
                        "Index Cond": "(person_id < 226278)"
                      }
                    ]
                  },
                  {
                    "Node Type": "Hash",
                    "Parent Relationship": "Inner",
                    "Parallel Aware": true,
                    "Startup Cost": 58306.47,
                    "Total Cost": 58306.47,
                    "Plan Rows": 354734,
                    "Plan Width": 4,
                    "Actual Startup Time": 247.419,
                    "Actual Total Time": 247.42,
                    "Actual Rows": 253704,
                    "Actual Loops": 2,
                    "Hash Buckets": 1048576,
                    "Original Hash Buckets": 1048576,
                    "Hash Batches": 1,
                    "Original Hash Batches": 1,
                    "Peak Memory Usage": 28064,
                    "Plans": [
                      {
                        "Node Type": "Seq Scan",
                        "Parent Relationship": "Outer",
                        "Parallel Aware": true,
                        "Relation Name": "title",
                        "Alias": "t",
                        "Startup Cost": 0.0,
                        "Total Cost": 58306.47,
                        "Plan Rows": 354734,
                        "Plan Width": 4,
                        "Actual Startup Time": 0.05,
                        "Actual Total Time": 169.474,
                        "Actual Rows": 253704,
                        "Actual Loops": 2,
                        "Filter": "((kind_id < 7) AND (production_year > 1997))",
                        "Rows Removed by Filter": 1010452
                      }
                    ]
                  }
                ]
              }
            ]
          }
        ]
      }
    ]
  },
  "Planning Time": 0.747,
  "Triggers": [],
  "Execution Time": 806.329
}