{
    "Plan": {
        "Node Type": "Aggregate",
        "Strategy": "Plain",
        "Partial Mode": "Finalize",
        "Parallel Aware": false,
        "Startup Cost": 157665.68,
        "Total Cost": 157665.69,
        "Plan Rows": 1,
        "Plan Width": 8,
        "Actual Startup Time": 1068.104,
        "Actual Total Time": 1147.545,
        "Actual Rows": 1,
        "Actual Loops": 1,
        "Output": [
            "count(*)"
        ],
        "Plans": [
            {
                "Node Type": "Gather",
                "Parent Relationship": "Outer",
                "Parallel Aware": false,
                "Startup Cost": 157665.36,
                "Total Cost": 157665.67,
                "Plan Rows": 3,
                "Plan Width": 8,
                "Actual Startup Time": 1067.109,
                "Actual Total Time": 1147.534,
                "Actual Rows": 4,
                "Actual Loops": 1,
                "Output": [
                    "(PARTIAL count(*))"
                ],
                "Workers Planned": 3,
                "Workers Launched": 3,
                "Single Copy": false,
                "Plans": [
                    {
                        "Node Type": "Aggregate",
                        "Strategy": "Plain",
                        "Partial Mode": "Partial",
                        "Parent Relationship": "Outer",
                        "Parallel Aware": false,
                        "Startup Cost": 156665.36,
                        "Total Cost": 156665.37,
                        "Plan Rows": 1,
                        "Plan Width": 8,
                        "Actual Startup Time": 1057.977,
                        "Actual Total Time": 1057.981,
                        "Actual Rows": 1,
                        "Actual Loops": 4,
                        "Output": [
                            "PARTIAL count(*)"
                        ],
                        "Workers": [
                            {
                                "Worker Number": 0,
                                "Actual Startup Time": 1054.842,
                                "Actual Total Time": 1054.845,
                                "Actual Rows": 1,
                                "Actual Loops": 1
                            },
                            {
                                "Worker Number": 1,
                                "Actual Startup Time": 1055.211,
                                "Actual Total Time": 1055.215,
                                "Actual Rows": 1,
                                "Actual Loops": 1
                            },
                            {
                                "Worker Number": 2,
                                "Actual Startup Time": 1055.557,
                                "Actual Total Time": 1055.559,
                                "Actual Rows": 1,
                                "Actual Loops": 1
                            }
                        ],
                        "Plans": [
                            {
                                "Node Type": "Nested Loop",
                                "Parent Relationship": "Outer",
                                "Parallel Aware": false,
                                "Join Type": "Inner",
                                "Startup Cost": 46049.21,
                                "Total Cost": 156523.85,
                                "Plan Rows": 56604,
                                "Plan Width": 0,
                                "Actual Startup Time": 119.255,
                                "Actual Total Time": 1046.076,
                                "Actual Rows": 192352,
                                "Actual Loops": 4,
                                "Inner Unique": false,
                                "Join Filter": "(t.id = ci.movie_id)",
                                "Rows Removed by Join Filter": 0,
                                "Workers": [
                                    {
                                        "Worker Number": 0,
                                        "Actual Startup Time": 117.004,
                                        "Actual Total Time": 1043.993,
                                        "Actual Rows": 217115,
                                        "Actual Loops": 1
                                    },
                                    {
                                        "Worker Number": 1,
                                        "Actual Startup Time": 116.425,
                                        "Actual Total Time": 1043.55,
                                        "Actual Rows": 139055,
                                        "Actual Loops": 1
                                    },
                                    {
                                        "Worker Number": 2,
                                        "Actual Startup Time": 116.344,
                                        "Actual Total Time": 1044.928,
                                        "Actual Rows": 213759,
                                        "Actual Loops": 1
                                    }
                                ],
                                "Plans": [
                                    {
                                        "Node Type": "Hash Join",
                                        "Parent Relationship": "Outer",
                                        "Parallel Aware": true,
                                        "Join Type": "Inner",
                                        "Startup Cost": 46048.65,
                                        "Total Cost": 76451.99,
                                        "Plan Rows": 30000,
                                        "Plan Width": 8,
                                        "Actual Startup Time": 118.969,
                                        "Actual Total Time": 260.747,
                                        "Actual Rows": 20130,
                                        "Actual Loops": 4,
                                        "Output": [
                                            "t.id",
                                            "mc.movie_id"
                                        ],
                                        "Inner Unique": true,
                                        "Hash Cond": "(mc.movie_id = t.id)",
                                        "Workers": [
                                            {
                                                "Worker Number": 0,
                                                "Actual Startup Time": 116.056,
                                                "Actual Total Time": 247.991,
                                                "Actual Rows": 21583,
                                                "Actual Loops": 1
                                            },
                                            {
                                                "Worker Number": 1,
                                                "Actual Startup Time": 116.341,
                                                "Actual Total Time": 245.21,
                                                "Actual Rows": 14343,
                                                "Actual Loops": 1
                                            },
                                            {
                                                "Worker Number": 2,
                                                "Actual Startup Time": 116.268,
                                                "Actual Total Time": 247.127,
                                                "Actual Rows": 20897,
                                                "Actual Loops": 1
                                            }
                                        ],
                                        "Plans": [
                                            {
                                                "Node Type": "Seq Scan",
                                                "Parent Relationship": "Outer",
                                                "Parallel Aware": true,
                                                "Relation Name": "movie_companies",
                                                "Schema": "public",
                                                "Alias": "mc",
                                                "Startup Cost": 0.0,
                                                "Total Cost": 29310.68,
                                                "Plan Rows": 416254,
                                                "Plan Width": 4,
                                                "Actual Startup Time": 0.019,
                                                "Actual Total Time": 70.981,
                                                "Actual Rows": 321435,
                                                "Actual Loops": 4,
                                                "Output": [
                                                    "mc.id",
                                                    "mc.movie_id",
                                                    "mc.company_id",
                                                    "mc.company_type_id",
                                                    "mc.note"
                                                ],
                                                "Filter": "(mc.company_id < 11244)",
                                                "Rows Removed by Filter": 330847,
                                                "Workers": [
                                                    {
                                                        "Worker Number": 0,
                                                        "Actual Startup Time": 0.024,
                                                        "Actual Total Time": 64.847,
                                                        "Actual Rows": 341672,
                                                        "Actual Loops": 1
                                                    },
                                                    {
                                                        "Worker Number": 1,
                                                        "Actual Startup Time": 0.021,
                                                        "Actual Total Time": 69.012,
                                                        "Actual Rows": 223015,
                                                        "Actual Loops": 1
                                                    },
                                                    {
                                                        "Worker Number": 2,
                                                        "Actual Startup Time": 0.021,
                                                        "Actual Total Time": 64.38,
                                                        "Actual Rows": 332449,
                                                        "Actual Loops": 1
                                                    }
                                                ]
                                            },
                                            {
                                                "Node Type": "Hash",
                                                "Parent Relationship": "Inner",
                                                "Parallel Aware": true,
                                                "Startup Cost": 45479.21,
                                                "Total Cost": 45479.21,
                                                "Plan Rows": 45555,
                                                "Plan Width": 4,
                                                "Actual Startup Time": 116.55,
                                                "Actual Total Time": 116.551,
                                                "Actual Rows": 40342,
                                                "Actual Loops": 4,
                                                "Output": [
                                                    "t.id"
                                                ],
                                                "Hash Buckets": 262144,
                                                "Original Hash Buckets": 262144,
                                                "Hash Batches": 1,
                                                "Original Hash Batches": 1,
                                                "Peak Memory Usage": 8416,
                                                "Workers": [
                                                    {
                                                        "Worker Number": 0,
                                                        "Actual Startup Time": 115.426,
                                                        "Actual Total Time": 115.426,
                                                        "Actual Rows": 45502,
                                                        "Actual Loops": 1
                                                    },
                                                    {
                                                        "Worker Number": 1,
                                                        "Actual Startup Time": 115.635,
                                                        "Actual Total Time": 115.637,
                                                        "Actual Rows": 30976,
                                                        "Actual Loops": 1
                                                    },
                                                    {
                                                        "Worker Number": 2,
                                                        "Actual Startup Time": 115.822,
                                                        "Actual Total Time": 115.823,
                                                        "Actual Rows": 44440,
                                                        "Actual Loops": 1
                                                    }
                                                ],
                                                "Plans": [
                                                    {
                                                        "Node Type": "Seq Scan",
                                                        "Parent Relationship": "Outer",
                                                        "Parallel Aware": true,
                                                        "Relation Name": "title",
                                                        "Schema": "public",
                                                        "Alias": "t",
                                                        "Startup Cost": 0.0,
                                                        "Total Cost": 45479.21,
                                                        "Plan Rows": 45555,
                                                        "Plan Width": 4,
                                                        "Actual Startup Time": 0.151,
                                                        "Actual Total Time": 102.646,
                                                        "Actual Rows": 40342,
                                                        "Actual Loops": 4,
                                                        "Output": [
                                                            "t.id"
                                                        ],
                                                        "Filter": "((t.kind_id < 4) AND (t.production_year > 2009))",
                                                        "Rows Removed by Filter": 591736,
                                                        "Workers": [
                                                            {
                                                                "Worker Number": 0,
                                                                "Actual Startup Time": 0.192,
                                                                "Actual Total Time": 101.703,
                                                                "Actual Rows": 45502,
                                                                "Actual Loops": 1
                                                            },
                                                            {
                                                                "Worker Number": 1,
                                                                "Actual Startup Time": 0.078,
                                                                "Actual Total Time": 102.651,
                                                                "Actual Rows": 30976,
                                                                "Actual Loops": 1
                                                            },
                                                            {
                                                                "Worker Number": 2,
                                                                "Actual Startup Time": 0.264,
                                                                "Actual Total Time": 101.65,
                                                                "Actual Rows": 44440,
                                                                "Actual Loops": 1
                                                            }
                                                        ]
                                                    }
                                                ]
                                            }
                                        ]
                                    },
                                    {
                                        "Node Type": "Index Scan",
                                        "Parent Relationship": "Inner",
                                        "Parallel Aware": false,
                                        "Scan Direction": "Forward",
                                        "Index Name": "movie_id_cast_info",
                                        "Relation Name": "cast_info",
                                        "Schema": "public",
                                        "Alias": "ci",
                                        "Startup Cost": 0.56,
                                        "Total Cost": 2.61,
                                        "Plan Rows": 5,
                                        "Plan Width": 4,
                                        "Actual Startup Time": 0.008,
                                        "Actual Total Time": 0.038,
                                        "Actual Rows": 10,
                                        "Actual Loops": 80519,
                                        "Output": [
                                            "ci.id",
                                            "ci.person_id",
                                            "ci.movie_id",
                                            "ci.person_role_id",
                                            "ci.note",
                                            "ci.nr_order",
                                            "ci.role_id"
                                        ],
                                        "Index Cond": "(ci.movie_id = mc.movie_id)",
                                        "Rows Removed by Index Recheck": 0,
                                        "Filter": "((ci.person_id < 1333957) AND (ci.role_id = 1))",
                                        "Rows Removed by Filter": 31,
                                        "Workers": [
                                            {
                                                "Worker Number": 0,
                                                "Actual Startup Time": 0.008,
                                                "Actual Total Time": 0.036,
                                                "Actual Rows": 10,
                                                "Actual Loops": 21583
                                            },
                                            {
                                                "Worker Number": 1,
                                                "Actual Startup Time": 0.012,
                                                "Actual Total Time": 0.054,
                                                "Actual Rows": 10,
                                                "Actual Loops": 14343
                                            },
                                            {
                                                "Worker Number": 2,
                                                "Actual Startup Time": 0.008,
                                                "Actual Total Time": 0.037,
                                                "Actual Rows": 10,
                                                "Actual Loops": 20897
                                            }
                                        ]
                                    }
                                ]
                            }
                        ]
                    }
                ]
            }
        ]
    },
    "Planning Time": 1.736,
    "Triggers": [],
    "Execution Time": 1147.66
}