[
  {
    "Plan": {
      "Node Type": "Aggregate",
      "Strategy": "Plain",
      "Partial Mode": "Finalize",
      "Parallel Aware": false,
      "Startup Cost": 393642.6,
      "Total Cost": 393642.61,
      "Plan Rows": 1,
      "Plan Width": 8,
      "Actual Startup Time": 1055.899,
      "Actual Total Time": 1130.778,
      "Actual Rows": 1,
      "Actual Loops": 1,
      "Plans": [
        {
          "Node Type": "Gather",
          "Parent Relationship": "Outer",
          "Parallel Aware": false,
          "Startup Cost": 393641.97,
          "Total Cost": 393642.58,
          "Plan Rows": 6,
          "Plan Width": 8,
          "Actual Startup Time": 1048.999,
          "Actual Total Time": 1130.765,
          "Actual Rows": 7,
          "Actual Loops": 1,
          "Workers Planned": 6,
          "Workers Launched": 6,
          "Single Copy": false,
          "Plans": [
            {
              "Node Type": "Aggregate",
              "Strategy": "Plain",
              "Partial Mode": "Partial",
              "Parent Relationship": "Outer",
              "Parallel Aware": false,
              "Startup Cost": 392641.97,
              "Total Cost": 392641.98,
              "Plan Rows": 1,
              "Plan Width": 8,
              "Actual Startup Time": 1038.176,
              "Actual Total Time": 1038.179,
              "Actual Rows": 1,
              "Actual Loops": 7,
              "Plans": [
                {
                  "Node Type": "Hash Join",
                  "Parent Relationship": "Outer",
                  "Parallel Aware": true,
                  "Join Type": "Inner",
                  "Startup Cost": 47149.11,
                  "Total Cost": 392267.31,
                  "Plan Rows": 149865,
                  "Plan Width": 0,
                  "Actual Startup Time": 132.836,
                  "Actual Total Time": 1028.532,
                  "Actual Rows": 173148,
                  "Actual Loops": 7,
                  "Inner Unique": true,
                  "Hash Cond": "(ci.movie_id = t.id)",
                  "Plans": [
                    {
                      "Node Type": "Seq Scan",
                      "Parent Relationship": "Outer",
                      "Parallel Aware": true,
                      "Relation Name": "cast_info",
                      "Alias": "ci",
                      "Startup Cost": 0.0,
                      "Total Cost": 343257.03,
                      "Plan Rows": 709016,
                      "Plan Width": 4,
                      "Actual Startup Time": 0.03,
                      "Actual Total Time": 713.069,
                      "Actual Rows": 691314,
                      "Actual Loops": 7,
                      "Filter": "((person_id < 488684) AND (role_id < 10))",
                      "Rows Removed by Filter": 4486449
                    },
                    {
                      "Node Type": "Hash",
                      "Parent Relationship": "Inner",
                      "Parallel Aware": true,
                      "Startup Cost": 45479.1,
                      "Total Cost": 45479.1,
                      "Plan Rows": 133601,
                      "Plan Width": 4,
                      "Actual Startup Time": 128.916,
                      "Actual Total Time": 128.917,
                      "Actual Rows": 80706,
                      "Actual Loops": 7,
                      "Hash Buckets": 1048576,
                      "Original Hash Buckets": 1048576,
                      "Hash Batches": 1,
                      "Original Hash Batches": 1,
                      "Peak Memory Usage": 30432,
                      "Plans": [
                        {
                          "Node Type": "Seq Scan",
                          "Parent Relationship": "Outer",
                          "Parallel Aware": true,
                          "Relation Name": "title",
                          "Alias": "t",
                          "Startup Cost": 0.0,
                          "Total Cost": 45479.1,
                          "Plan Rows": 133601,
                          "Plan Width": 4,
                          "Actual Startup Time": 0.047,
                          "Actual Total Time": 83.773,
                          "Actual Rows": 80706,
                          "Actual Loops": 7,
                          "Filter": "((kind_id < 3) AND (production_year < 2009))",
                          "Rows Removed by Filter": 280481
                        }
                      ]
                    }
                  ]
                }
              ]
            }
          ]
        }
      ]
    },
    "Planning Time": 0.624,
    "Triggers": [],
    "Execution Time": 1130.933
  }
]