[
  {
    "Plan": {
      "Node Type": "Aggregate",
      "Strategy": "Plain",
      "Partial Mode": "Finalize",
      "Parallel Aware": false,
      "Startup Cost": 94881.92,
      "Total Cost": 94881.93,
      "Plan Rows": 1,
      "Plan Width": 8,
      "Actual Startup Time": 378.577,
      "Actual Total Time": 395.199,
      "Actual Rows": 1,
      "Actual Loops": 1,
      "Plans": [
        {
          "Node Type": "Gather",
          "Parent Relationship": "Outer",
          "Parallel Aware": false,
          "Startup Cost": 94881.6,
          "Total Cost": 94881.91,
          "Plan Rows": 3,
          "Plan Width": 8,
          "Actual Startup Time": 375.007,
          "Actual Total Time": 395.189,
          "Actual Rows": 4,
          "Actual Loops": 1,
          "Workers Planned": 3,
          "Workers Launched": 3,
          "Single Copy": false,
          "Plans": [
            {
              "Node Type": "Aggregate",
              "Strategy": "Plain",
              "Partial Mode": "Partial",
              "Parent Relationship": "Outer",
              "Parallel Aware": false,
              "Startup Cost": 93881.6,
              "Total Cost": 93881.61,
              "Plan Rows": 1,
              "Plan Width": 8,
              "Actual Startup Time": 362.149,
              "Actual Total Time": 362.151,
              "Actual Rows": 1,
              "Actual Loops": 4,
              "Plans": [
                {
                  "Node Type": "Hash Join",
                  "Parent Relationship": "Outer",
                  "Parallel Aware": true,
                  "Join Type": "Inner",
                  "Startup Cost": 49328.12,
                  "Total Cost": 93292.82,
                  "Plan Rows": 235515,
                  "Plan Width": 0,
                  "Actual Startup Time": 215.661,
                  "Actual Total Time": 357.726,
                  "Actual Rows": 105300,
                  "Actual Loops": 4,
                  "Inner Unique": true,
                  "Hash Cond": "(mk.movie_id = t.id)",
                  "Plans": [
                    {
                      "Node Type": "Seq Scan",
                      "Parent Relationship": "Outer",
                      "Parallel Aware": true,
                      "Relation Name": "movie_keyword",
                      "Alias": "mk",
                      "Startup Cost": 0.0,
                      "Total Cost": 42695.65,
                      "Plan Rows": 483444,
                      "Plan Width": 4,
                      "Actual Startup Time": 0.637,
                      "Actual Total Time": 90.801,
                      "Actual Rows": 377189,
                      "Actual Loops": 4,
                      "Filter": "(keyword_id > 10734)",
                      "Rows Removed by Filter": 753794
                    },
                    {
                      "Node Type": "Hash",
                      "Parent Relationship": "Inner",
                      "Parallel Aware": true,
                      "Startup Cost": 45479.1,
                      "Total Cost": 45479.1,
                      "Plan Rows": 307922,
                      "Plan Width": 4,
                      "Actual Startup Time": 206.985,
                      "Actual Total Time": 206.985,
                      "Actual Rows": 299344,
                      "Actual Loops": 4,
                      "Hash Buckets": 2097152,
                      "Original Hash Buckets": 2097152,
                      "Hash Batches": 1,
                      "Original Hash Batches": 1,
                      "Peak Memory Usage": 63264,
                      "Plans": [
                        {
                          "Node Type": "Seq Scan",
                          "Parent Relationship": "Outer",
                          "Parallel Aware": true,
                          "Relation Name": "title",
                          "Alias": "t",
                          "Startup Cost": 0.0,
                          "Total Cost": 45479.1,
                          "Plan Rows": 307922,
                          "Plan Width": 4,
                          "Actual Startup Time": 0.046,
                          "Actual Total Time": 101.266,
                          "Actual Rows": 299344,
                          "Actual Loops": 4,
                          "Filter": "((kind_id > 1) AND (production_year < 2008))",
                          "Rows Removed by Filter": 332734
                        }
                      ]
                    }
                  ]
                }
              ]
            }
          ]
        }
      ]
    },
    "Planning Time": 0.69,
    "Triggers": [],
    "Execution Time": 395.269
  }
]