[
  {
    "Plan": {
      "Node Type": "Aggregate",
      "Strategy": "Plain",
      "Partial Mode": "Finalize",
      "Parallel Aware": false,
      "Startup Cost": 173602.49,
      "Total Cost": 173602.5,
      "Plan Rows": 1,
      "Plan Width": 8,
      "Actual Startup Time": 130.624,
      "Actual Total Time": 149.578,
      "Actual Rows": 1,
      "Actual Loops": 1,
      "Plans": [
        {
          "Node Type": "Gather",
          "Parent Relationship": "Outer",
          "Parallel Aware": false,
          "Startup Cost": 173602.07,
          "Total Cost": 173602.48,
          "Plan Rows": 4,
          "Plan Width": 8,
          "Actual Startup Time": 130.501,
          "Actual Total Time": 149.569,
          "Actual Rows": 5,
          "Actual Loops": 1,
          "Workers Planned": 4,
          "Workers Launched": 4,
          "Single Copy": false,
          "Plans": [
            {
              "Node Type": "Aggregate",
              "Strategy": "Plain",
              "Partial Mode": "Partial",
              "Parent Relationship": "Outer",
              "Parallel Aware": false,
              "Startup Cost": 172602.07,
              "Total Cost": 172602.08,
              "Plan Rows": 1,
              "Plan Width": 8,
              "Actual Startup Time": 121.054,
              "Actual Total Time": 121.056,
              "Actual Rows": 1,
              "Actual Loops": 5,
              "Plans": [
                {
                  "Node Type": "Nested Loop",
                  "Parent Relationship": "Outer",
                  "Parallel Aware": false,
                  "Join Type": "Inner",
                  "Startup Cost": 0.56,
                  "Total Cost": 172588.7,
                  "Plan Rows": 5348,
                  "Plan Width": 0,
                  "Actual Startup Time": 63.404,
                  "Actual Total Time": 120.821,
                  "Actual Rows": 1733,
                  "Actual Loops": 5,
                  "Inner Unique": false,
                  "Plans": [
                    {
                      "Node Type": "Seq Scan",
                      "Parent Relationship": "Outer",
                      "Parallel Aware": true,
                      "Relation Name": "title",
                      "Alias": "t",
                      "Startup Cost": 0.0,
                      "Total Cost": 43898.92,
                      "Plan Rows": 1096,
                      "Plan Width": 4,
                      "Actual Startup Time": 63.238,
                      "Actual Total Time": 87.778,
                      "Actual Rows": 723,
                      "Actual Loops": 5,
                      "Filter": "(production_year = 1919)",
                      "Rows Removed by Filter": 504940
                    },
                    {
                      "Node Type": "Index Scan",
                      "Parent Relationship": "Inner",
                      "Parallel Aware": false,
                      "Scan Direction": "Forward",
                      "Index Name": "movie_id_cast_info",
                      "Relation Name": "cast_info",
                      "Alias": "ci",
                      "Startup Cost": 0.56,
                      "Total Cost": 117.29,
                      "Plan Rows": 13,
                      "Plan Width": 4,
                      "Actual Startup Time": 0.038,
                      "Actual Total Time": 0.045,
                      "Actual Rows": 2,
                      "Actual Loops": 3613,
                      "Index Cond": "(movie_id = t.id)",
                      "Rows Removed by Index Recheck": 0,
                      "Filter": "(role_id > 3)",
                      "Rows Removed by Filter": 5
                    }
                  ]
                }
              ]
            }
          ]
        }
      ]
    },
    "Planning Time": 0.588,
    "Triggers": [],
    "Execution Time": 149.652
  }
]