[
  {
    "Plan": {
      "Node Type": "Aggregate",
      "Strategy": "Plain",
      "Partial Mode": "Finalize",
      "Parallel Aware": false,
      "Startup Cost": 69471.72,
      "Total Cost": 69471.73,
      "Plan Rows": 1,
      "Plan Width": 8,
      "Actual Startup Time": 131.937,
      "Actual Total Time": 150.927,
      "Actual Rows": 1,
      "Actual Loops": 1,
      "Plans": [
        {
          "Node Type": "Gather",
          "Parent Relationship": "Outer",
          "Parallel Aware": false,
          "Startup Cost": 69471.3,
          "Total Cost": 69471.71,
          "Plan Rows": 4,
          "Plan Width": 8,
          "Actual Startup Time": 131.18,
          "Actual Total Time": 150.92,
          "Actual Rows": 5,
          "Actual Loops": 1,
          "Workers Planned": 4,
          "Workers Launched": 4,
          "Single Copy": false,
          "Plans": [
            {
              "Node Type": "Aggregate",
              "Strategy": "Plain",
              "Partial Mode": "Partial",
              "Parent Relationship": "Outer",
              "Parallel Aware": false,
              "Startup Cost": 68471.3,
              "Total Cost": 68471.31,
              "Plan Rows": 1,
              "Plan Width": 8,
              "Actual Startup Time": 125.044,
              "Actual Total Time": 125.048,
              "Actual Rows": 1,
              "Actual Loops": 5,
              "Plans": [
                {
                  "Node Type": "Nested Loop",
                  "Parent Relationship": "Outer",
                  "Parallel Aware": false,
                  "Join Type": "Inner",
                  "Startup Cost": 20710.06,
                  "Total Cost": 68466.71,
                  "Plan Rows": 1836,
                  "Plan Width": 0,
                  "Actual Startup Time": 83.592,
                  "Actual Total Time": 124.543,
                  "Actual Rows": 7099,
                  "Actual Loops": 5,
                  "Inner Unique": false,
                  "Plans": [
                    {
                      "Node Type": "Hash Join",
                      "Parent Relationship": "Outer",
                      "Parallel Aware": true,
                      "Join Type": "Inner",
                      "Startup Cost": 20709.62,
                      "Total Cost": 64790.79,
                      "Plan Rows": 490,
                      "Plan Width": 8,
                      "Actual Startup Time": 83.522,
                      "Actual Total Time": 98.405,
                      "Actual Rows": 775,
                      "Actual Loops": 5,
                      "Inner Unique": false,
                      "Hash Cond": "(t.id = mc.movie_id)",
                      "Plans": [
                        {
                          "Node Type": "Seq Scan",
                          "Parent Relationship": "Outer",
                          "Parallel Aware": true,
                          "Relation Name": "title",
                          "Alias": "t",
                          "Startup Cost": 0.0,
                          "Total Cost": 43898.92,
                          "Plan Rows": 36134,
                          "Plan Width": 4,
                          "Actual Startup Time": 0.016,
                          "Actual Total Time": 68.586,
                          "Actual Rows": 28341,
                          "Actual Loops": 5,
                          "Filter": "(production_year = 2010)",
                          "Rows Removed by Filter": 477322
                        },
                        {
                          "Node Type": "Hash",
                          "Parent Relationship": "Inner",
                          "Parallel Aware": true,
                          "Startup Cost": 20571.49,
                          "Total Cost": 20571.49,
                          "Plan Rows": 11051,
                          "Plan Width": 4,
                          "Actual Startup Time": 21.128,
                          "Actual Total Time": 21.129,
                          "Actual Rows": 12908,
                          "Actual Loops": 5,
                          "Hash Buckets": 65536,
                          "Original Hash Buckets": 65536,
                          "Hash Batches": 1,
                          "Original Hash Batches": 1,
                          "Peak Memory Usage": 3104,
                          "Plans": [
                            {
                              "Node Type": "Bitmap Heap Scan",
                              "Parent Relationship": "Outer",
                              "Parallel Aware": true,
                              "Relation Name": "movie_companies",
                              "Alias": "mc",
                              "Startup Cost": 1455.02,
                              "Total Cost": 20571.49,
                              "Plan Rows": 11051,
                              "Plan Width": 4,
                              "Actual Startup Time": 2.697,
                              "Actual Total Time": 14.316,
                              "Actual Rows": 12908,
                              "Actual Loops": 5,
                              "Recheck Cond": "(company_id > 180501)",
                              "Rows Removed by Index Recheck": 0,
                              "Filter": "(company_type_id = 2)",
                              "Rows Removed by Filter": 0,
                              "Exact Heap Blocks": 689,
                              "Lossy Heap Blocks": 0,
                              "Plans": [
                                {
                                  "Node Type": "Bitmap Index Scan",
                                  "Parent Relationship": "Outer",
                                  "Parallel Aware": false,
                                  "Index Name": "company_id_movie_companies",
                                  "Startup Cost": 0.0,
                                  "Total Cost": 1446.46,
                                  "Plan Rows": 67470,
                                  "Plan Width": 0,
                                  "Actual Startup Time": 6.619,
                                  "Actual Total Time": 6.62,
                                  "Actual Rows": 64542,
                                  "Actual Loops": 1,
                                  "Index Cond": "(company_id > 180501)"
                                }
                              ]
                            }
                          ]
                        }
                      ]
                    },
                    {
                      "Node Type": "Index Scan",
                      "Parent Relationship": "Inner",
                      "Parallel Aware": false,
                      "Scan Direction": "Forward",
                      "Index Name": "movie_id_movie_info",
                      "Relation Name": "movie_info",
                      "Alias": "mi",
                      "Startup Cost": 0.43,
                      "Total Cost": 7.23,
                      "Plan Rows": 27,
                      "Plan Width": 4,
                      "Actual Startup Time": 0.01,
                      "Actual Total Time": 0.032,
                      "Actual Rows": 9,
                      "Actual Loops": 3876,
                      "Index Cond": "(movie_id = t.id)",
                      "Rows Removed by Index Recheck": 0,
                      "Filter": "(info_type_id < 16)",
                      "Rows Removed by Filter": 6
                    }
                  ]
                }
              ]
            }
          ]
        }
      ]
    },
    "Planning Time": 0.966,
    "Triggers": [],
    "Execution Time": 151.007
  }
]