[
    {
        "Bao": {
            "Bao prediction": "NaN",
            "Bao recommended hint": "(no hint)"
        }
    },
    {
        "Plan": {
            "Node Type": "Aggregate",
            "Strategy": "Plain",
            "Partial Mode": "Finalize",
            "Parallel Aware": false,
            "Startup Cost": 287034.56,
            "Total Cost": 287034.57,
            "Plan Rows": 1,
            "Plan Width": 8,
            "Actual Startup Time": 1509.196,
            "Actual Total Time": 1534.996,
            "Actual Rows": 1,
            "Actual Loops": 1,
            "Output": [
                "count(*)"
            ],
            "Plans": [
                {
                    "Node Type": "Gather",
                    "Parent Relationship": "Outer",
                    "Parallel Aware": false,
                    "Startup Cost": 287034.04,
                    "Total Cost": 287034.55,
                    "Plan Rows": 5,
                    "Plan Width": 8,
                    "Actual Startup Time": 1495.61,
                    "Actual Total Time": 1534.972,
                    "Actual Rows": 6,
                    "Actual Loops": 1,
                    "Output": [
                        "(PARTIAL count(*))"
                    ],
                    "Workers Planned": 5,
                    "Workers Launched": 5,
                    "Single Copy": false,
                    "Plans": [
                        {
                            "Node Type": "Aggregate",
                            "Strategy": "Plain",
                            "Partial Mode": "Partial",
                            "Parent Relationship": "Outer",
                            "Parallel Aware": false,
                            "Startup Cost": 286034.04,
                            "Total Cost": 286034.05,
                            "Plan Rows": 1,
                            "Plan Width": 8,
                            "Actual Startup Time": 1485.857,
                            "Actual Total Time": 1486.095,
                            "Actual Rows": 1,
                            "Actual Loops": 6,
                            "Output": [
                                "PARTIAL count(*)"
                            ],
                            "Workers": [
                                {
                                    "Worker Number": 0,
                                    "Actual Startup Time": 1483.911,
                                    "Actual Total Time": 1483.916,
                                    "Actual Rows": 1,
                                    "Actual Loops": 1
                                },
                                {
                                    "Worker Number": 1,
                                    "Actual Startup Time": 1483.706,
                                    "Actual Total Time": 1483.71,
                                    "Actual Rows": 1,
                                    "Actual Loops": 1
                                },
                                {
                                    "Worker Number": 2,
                                    "Actual Startup Time": 1483.669,
                                    "Actual Total Time": 1483.673,
                                    "Actual Rows": 1,
                                    "Actual Loops": 1
                                },
                                {
                                    "Worker Number": 3,
                                    "Actual Startup Time": 1484.252,
                                    "Actual Total Time": 1484.257,
                                    "Actual Rows": 1,
                                    "Actual Loops": 1
                                },
                                {
                                    "Worker Number": 4,
                                    "Actual Startup Time": 1484.467,
                                    "Actual Total Time": 1484.472,
                                    "Actual Rows": 1,
                                    "Actual Loops": 1
                                }
                            ],
                            "Plans": [
                                {
                                    "Node Type": "Hash Join",
                                    "Parent Relationship": "Outer",
                                    "Parallel Aware": true,
                                    "Join Type": "Inner",
                                    "Startup Cost": 79836.07,
                                    "Total Cost": 284449.78,
                                    "Plan Rows": 633702,
                                    "Plan Width": 0,
                                    "Actual Startup Time": 323.059,
                                    "Actual Total Time": 1307.016,
                                    "Actual Rows": 4336986,
                                    "Actual Loops": 6,
                                    "Inner Unique": false,
                                    "Hash Cond": "(mi.movie_id = t.id)",
                                    "Workers": [
                                        {
                                            "Worker Number": 0,
                                            "Actual Startup Time": 320.634,
                                            "Actual Total Time": 1307.714,
                                            "Actual Rows": 4370119,
                                            "Actual Loops": 1
                                        },
                                        {
                                            "Worker Number": 1,
                                            "Actual Startup Time": 321.332,
                                            "Actual Total Time": 1308.091,
                                            "Actual Rows": 4502429,
                                            "Actual Loops": 1
                                        },
                                        {
                                            "Worker Number": 2,
                                            "Actual Startup Time": 321.212,
                                            "Actual Total Time": 1307.346,
                                            "Actual Rows": 4371967,
                                            "Actual Loops": 1
                                        },
                                        {
                                            "Worker Number": 3,
                                            "Actual Startup Time": 321.463,
                                            "Actual Total Time": 1309.611,
                                            "Actual Rows": 4484029,
                                            "Actual Loops": 1
                                        },
                                        {
                                            "Worker Number": 4,
                                            "Actual Startup Time": 320.993,
                                            "Actual Total Time": 1308.278,
                                            "Actual Rows": 4522588,
                                            "Actual Loops": 1
                                        }
                                    ],
                                    "Plans": [
                                        {
                                            "Node Type": "Seq Scan",
                                            "Parent Relationship": "Outer",
                                            "Parallel Aware": true,
                                            "Relation Name": "movie_info",
                                            "Schema": "public",
                                            "Alias": "mi",
                                            "Startup Cost": 0.0,
                                            "Total Cost": 191503.19,
                                            "Plan Rows": 2951019,
                                            "Plan Width": 4,
                                            "Actual Startup Time": 0.015,
                                            "Actual Total Time": 266.323,
                                            "Actual Rows": 2472620,
                                            "Actual Loops": 6,
                                            "Output": [
                                                "mi.id",
                                                "mi.movie_id",
                                                "mi.info_type_id",
                                                "mi.info",
                                                "mi.note"
                                            ],
                                            "Workers": [
                                                {
                                                    "Worker Number": 0,
                                                    "Actual Startup Time": 0.015,
                                                    "Actual Total Time": 273.324,
                                                    "Actual Rows": 2492493,
                                                    "Actual Loops": 1
                                                },
                                                {
                                                    "Worker Number": 1,
                                                    "Actual Startup Time": 0.015,
                                                    "Actual Total Time": 282.748,
                                                    "Actual Rows": 2548665,
                                                    "Actual Loops": 1
                                                },
                                                {
                                                    "Worker Number": 2,
                                                    "Actual Startup Time": 0.017,
                                                    "Actual Total Time": 271.799,
                                                    "Actual Rows": 2461414,
                                                    "Actual Loops": 1
                                                },
                                                {
                                                    "Worker Number": 3,
                                                    "Actual Startup Time": 0.016,
                                                    "Actual Total Time": 282.491,
                                                    "Actual Rows": 2528633,
                                                    "Actual Loops": 1
                                                },
                                                {
                                                    "Worker Number": 4,
                                                    "Actual Startup Time": 0.017,
                                                    "Actual Total Time": 282.006,
                                                    "Actual Rows": 2542996,
                                                    "Actual Loops": 1
                                                }
                                            ]
                                        },
                                        {
                                            "Node Type": "Hash",
                                            "Parent Relationship": "Inner",
                                            "Parallel Aware": true,
                                            "Startup Cost": 77646.83,
                                            "Total Cost": 77646.83,
                                            "Plan Rows": 175139,
                                            "Plan Width": 8,
                                            "Actual Startup Time": 319.464,
                                            "Actual Total Time": 319.7,
                                            "Actual Rows": 119930,
                                            "Actual Loops": 6,
                                            "Output": [
                                                "t.id",
                                                "mc.movie_id"
                                            ],
                                            "Hash Buckets": 1048576,
                                            "Original Hash Buckets": 1048576,
                                            "Hash Batches": 1,
                                            "Original Hash Batches": 1,
                                            "Peak Memory Usage": 36416,
                                            "Workers": [
                                                {
                                                    "Worker Number": 0,
                                                    "Actual Startup Time": 318.757,
                                                    "Actual Total Time": 318.761,
                                                    "Actual Rows": 121348,
                                                    "Actual Loops": 1
                                                },
                                                {
                                                    "Worker Number": 1,
                                                    "Actual Startup Time": 319.423,
                                                    "Actual Total Time": 319.426,
                                                    "Actual Rows": 127297,
                                                    "Actual Loops": 1
                                                },
                                                {
                                                    "Worker Number": 2,
                                                    "Actual Startup Time": 319.322,
                                                    "Actual Total Time": 319.325,
                                                    "Actual Rows": 120533,
                                                    "Actual Loops": 1
                                                },
                                                {
                                                    "Worker Number": 3,
                                                    "Actual Startup Time": 319.869,
                                                    "Actual Total Time": 319.873,
                                                    "Actual Rows": 125772,
                                                    "Actual Loops": 1
                                                },
                                                {
                                                    "Worker Number": 4,
                                                    "Actual Startup Time": 320.143,
                                                    "Actual Total Time": 320.146,
                                                    "Actual Rows": 128182,
                                                    "Actual Loops": 1
                                                }
                                            ],
                                            "Plans": [
                                                {
                                                    "Node Type": "Hash Join",
                                                    "Parent Relationship": "Outer",
                                                    "Parallel Aware": true,
                                                    "Join Type": "Inner",
                                                    "Startup Cost": 47253.21,
                                                    "Total Cost": 77646.83,
                                                    "Plan Rows": 175139,
                                                    "Plan Width": 8,
                                                    "Actual Startup Time": 178.911,
                                                    "Actual Total Time": 284.083,
                                                    "Actual Rows": 119930,
                                                    "Actual Loops": 6,
                                                    "Output": [
                                                        "t.id",
                                                        "mc.movie_id"
                                                    ],
                                                    "Inner Unique": true,
                                                    "Hash Cond": "(mc.movie_id = t.id)",
                                                    "Workers": [
                                                        {
                                                            "Worker Number": 0,
                                                            "Actual Startup Time": 178.52,
                                                            "Actual Total Time": 283.617,
                                                            "Actual Rows": 121348,
                                                            "Actual Loops": 1
                                                        },
                                                        {
                                                            "Worker Number": 1,
                                                            "Actual Startup Time": 178.925,
                                                            "Actual Total Time": 284.048,
                                                            "Actual Rows": 127297,
                                                            "Actual Loops": 1
                                                        },
                                                        {
                                                            "Worker Number": 2,
                                                            "Actual Startup Time": 179.048,
                                                            "Actual Total Time": 284.049,
                                                            "Actual Rows": 120533,
                                                            "Actual Loops": 1
                                                        },
                                                        {
                                                            "Worker Number": 3,
                                                            "Actual Startup Time": 178.877,
                                                            "Actual Total Time": 284.674,
                                                            "Actual Rows": 125772,
                                                            "Actual Loops": 1
                                                        },
                                                        {
                                                            "Worker Number": 4,
                                                            "Actual Startup Time": 179.028,
                                                            "Actual Total Time": 283.51,
                                                            "Actual Rows": 128182,
                                                            "Actual Loops": 1
                                                        }
                                                    ],
                                                    "Plans": [
                                                        {
                                                            "Node Type": "Seq Scan",
                                                            "Parent Relationship": "Outer",
                                                            "Parallel Aware": true,
                                                            "Relation Name": "movie_companies",
                                                            "Schema": "public",
                                                            "Alias": "mc",
                                                            "Startup Cost": 0.0,
                                                            "Total Cost": 29310.68,
                                                            "Plan Rows": 412551,
                                                            "Plan Width": 4,
                                                            "Actual Startup Time": 0.022,
                                                            "Actual Total Time": 48.474,
                                                            "Actual Rows": 212374,
                                                            "Actual Loops": 6,
                                                            "Output": [
                                                                "mc.id",
                                                                "mc.movie_id",
                                                                "mc.company_id",
                                                                "mc.company_type_id",
                                                                "mc.note"
                                                            ],
                                                            "Filter": "(mc.company_type_id = 1)",
                                                            "Rows Removed by Filter": 222480,
                                                            "Workers": [
                                                                {
                                                                    "Worker Number": 0,
                                                                    "Actual Startup Time": 0.022,
                                                                    "Actual Total Time": 48.799,
                                                                    "Actual Rows": 215281,
                                                                    "Actual Loops": 1
                                                                },
                                                                {
                                                                    "Worker Number": 1,
                                                                    "Actual Startup Time": 0.026,
                                                                    "Actual Total Time": 49.007,
                                                                    "Actual Rows": 226265,
                                                                    "Actual Loops": 1
                                                                },
                                                                {
                                                                    "Worker Number": 2,
                                                                    "Actual Startup Time": 0.024,
                                                                    "Actual Total Time": 48.657,
                                                                    "Actual Rows": 213522,
                                                                    "Actual Loops": 1
                                                                },
                                                                {
                                                                    "Worker Number": 3,
                                                                    "Actual Startup Time": 0.025,
                                                                    "Actual Total Time": 49.09,
                                                                    "Actual Rows": 225283,
                                                                    "Actual Loops": 1
                                                                },
                                                                {
                                                                    "Worker Number": 4,
                                                                    "Actual Startup Time": 0.023,
                                                                    "Actual Total Time": 48.753,
                                                                    "Actual Rows": 224812,
                                                                    "Actual Loops": 1
                                                                }
                                                            ]
                                                        },
                                                        {
                                                            "Node Type": "Hash",
                                                            "Parent Relationship": "Inner",
                                                            "Parallel Aware": true,
                                                            "Startup Cost": 43899.01,
                                                            "Total Cost": 43899.01,
                                                            "Plan Rows": 268336,
                                                            "Plan Width": 4,
                                                            "Actual Startup Time": 175.976,
                                                            "Actual Total Time": 175.977,
                                                            "Actual Rows": 179128,
                                                            "Actual Loops": 6,
                                                            "Output": [
                                                                "t.id"
                                                            ],
                                                            "Hash Buckets": 2097152,
                                                            "Original Hash Buckets": 2097152,
                                                            "Hash Batches": 1,
                                                            "Original Hash Batches": 1,
                                                            "Peak Memory Usage": 58496,
                                                            "Workers": [
                                                                {
                                                                    "Worker Number": 0,
                                                                    "Actual Startup Time": 178.389,
                                                                    "Actual Total Time": 178.392,
                                                                    "Actual Rows": 165649,
                                                                    "Actual Loops": 1
                                                                },
                                                                {
                                                                    "Worker Number": 1,
                                                                    "Actual Startup Time": 178.811,
                                                                    "Actual Total Time": 178.812,
                                                                    "Actual Rows": 183917,
                                                                    "Actual Loops": 1
                                                                },
                                                                {
                                                                    "Worker Number": 2,
                                                                    "Actual Startup Time": 178.895,
                                                                    "Actual Total Time": 178.897,
                                                                    "Actual Rows": 163318,
                                                                    "Actual Loops": 1
                                                                },
                                                                {
                                                                    "Worker Number": 3,
                                                                    "Actual Startup Time": 178.707,
                                                                    "Actual Total Time": 178.708,
                                                                    "Actual Rows": 182700,
                                                                    "Actual Loops": 1
                                                                },
                                                                {
                                                                    "Worker Number": 4,
                                                                    "Actual Startup Time": 178.688,
                                                                    "Actual Total Time": 178.689,
                                                                    "Actual Rows": 182999,
                                                                    "Actual Loops": 1
                                                                }
                                                            ],
                                                            "Plans": [
                                                                {
                                                                    "Node Type": "Seq Scan",
                                                                    "Parent Relationship": "Outer",
                                                                    "Parallel Aware": true,
                                                                    "Relation Name": "title",
                                                                    "Schema": "public",
                                                                    "Alias": "t",
                                                                    "Startup Cost": 0.0,
                                                                    "Total Cost": 43899.01,
                                                                    "Plan Rows": 268336,
                                                                    "Plan Width": 4,
                                                                    "Actual Startup Time": 0.057,
                                                                    "Actual Total Time": 82.995,
                                                                    "Actual Rows": 179128,
                                                                    "Actual Loops": 6,
                                                                    "Output": [
                                                                        "t.id"
                                                                    ],
                                                                    "Filter": "(t.production_year < 2001)",
                                                                    "Rows Removed by Filter": 242258,
                                                                    "Workers": [
                                                                        {
                                                                            "Worker Number": 0,
                                                                            "Actual Startup Time": 0.076,
                                                                            "Actual Total Time": 84.544,
                                                                            "Actual Rows": 165649,
                                                                            "Actual Loops": 1
                                                                        },
                                                                        {
                                                                            "Worker Number": 1,
                                                                            "Actual Startup Time": 0.06,
                                                                            "Actual Total Time": 84.735,
                                                                            "Actual Rows": 183917,
                                                                            "Actual Loops": 1
                                                                        },
                                                                        {
                                                                            "Worker Number": 2,
                                                                            "Actual Startup Time": 0.073,
                                                                            "Actual Total Time": 83.812,
                                                                            "Actual Rows": 163318,
                                                                            "Actual Loops": 1
                                                                        },
                                                                        {
                                                                            "Worker Number": 3,
                                                                            "Actual Startup Time": 0.06,
                                                                            "Actual Total Time": 84.933,
                                                                            "Actual Rows": 182700,
                                                                            "Actual Loops": 1
                                                                        },
                                                                        {
                                                                            "Worker Number": 4,
                                                                            "Actual Startup Time": 0.058,
                                                                            "Actual Total Time": 83.588,
                                                                            "Actual Rows": 182999,
                                                                            "Actual Loops": 1
                                                                        }
                                                                    ]
                                                                }
                                                            ]
                                                        }
                                                    ]
                                                }
                                            ]
                                        }
                                    ]
                                }
                            ]
                        }
                    ]
                }
            ]
        },
        "Planning Time": 270.557,
        "Triggers": [],
        "Execution Time": 1535.067
    }
]