{
  "Plan": {
    "Node Type": "Aggregate",
    "Strategy": "Plain",
    "Partial Mode": "Finalize",
    "Parallel Aware": false,
    "Startup Cost": 82035.13,
    "Total Cost": 82035.14,
    "Plan Rows": 1,
    "Plan Width": 8,
    "Actual Startup Time": 148.302,
    "Actual Total Time": 155.169,
    "Actual Rows": 1,
    "Actual Loops": 1,
    "Plans": [
      {
        "Node Type": "Gather",
        "Parent Relationship": "Outer",
        "Parallel Aware": false,
        "Startup Cost": 82035.02,
        "Total Cost": 82035.13,
        "Plan Rows": 1,
        "Plan Width": 8,
        "Actual Startup Time": 148.139,
        "Actual Total Time": 155.16,
        "Actual Rows": 2,
        "Actual Loops": 1,
        "Workers Planned": 1,
        "Workers Launched": 1,
        "Single Copy": false,
        "Plans": [
          {
            "Node Type": "Aggregate",
            "Strategy": "Plain",
            "Partial Mode": "Partial",
            "Parent Relationship": "Outer",
            "Parallel Aware": false,
            "Startup Cost": 81035.02,
            "Total Cost": 81035.03,
            "Plan Rows": 1,
            "Plan Width": 8,
            "Actual Startup Time": 142.089,
            "Actual Total Time": 142.093,
            "Actual Rows": 1,
            "Actual Loops": 2,
            "Plans": [
              {
                "Node Type": "Hash Join",
                "Parent Relationship": "Outer",
                "Parallel Aware": true,
                "Join Type": "Inner",
                "Startup Cost": 38843.79,
                "Total Cost": 81031.37,
                "Plan Rows": 1462,
                "Plan Width": 0,
                "Actual Startup Time": 85.4,
                "Actual Total Time": 142.054,
                "Actual Rows": 254,
                "Actual Loops": 2,
                "Inner Unique": true,
                "Hash Cond": "(mc.movie_id = t.id)",
                "Plans": [
                  {
                    "Node Type": "Index Scan",
                    "Parent Relationship": "Outer",
                    "Parallel Aware": true,
                    "Scan Direction": "Forward",
                    "Index Name": "company_type_id_movie_companies",
                    "Relation Name": "movie_companies",
                    "Alias": "mc",
                    "Startup Cost": 0.43,
                    "Total Cost": 41574.35,
                    "Plan Rows": 233771,
                    "Plan Width": 4,
                    "Actual Startup Time": 35.486,
                    "Actual Total Time": 87.85,
                    "Actual Rows": 40296,
                    "Actual Loops": 2,
                    "Index Cond": "(company_type_id = 1)",
                    "Rows Removed by Index Recheck": 0,
                    "Filter": "(company_id > 28225)",
                    "Rows Removed by Filter": 596828
                  },
                  {
                    "Node Type": "Hash",
                    "Parent Relationship": "Inner",
                    "Parallel Aware": true,
                    "Startup Cost": 38727.09,
                    "Total Cost": 38727.09,
                    "Plan Rows": 9302,
                    "Plan Width": 4,
                    "Actual Startup Time": 48.832,
                    "Actual Total Time": 48.833,
                    "Actual Rows": 4138,
                    "Actual Loops": 2,
                    "Hash Buckets": 16384,
                    "Original Hash Buckets": 16384,
                    "Hash Batches": 1,
                    "Original Hash Batches": 1,
                    "Peak Memory Usage": 480,
                    "Plans": [
                      {
                        "Node Type": "Bitmap Heap Scan",
                        "Parent Relationship": "Outer",
                        "Parallel Aware": true,
                        "Relation Name": "title",
                        "Alias": "t",
                        "Startup Cost": 1827.09,
                        "Total Cost": 38727.09,
                        "Plan Rows": 9302,
                        "Plan Width": 4,
                        "Actual Startup Time": 14.319,
                        "Actual Total Time": 47.346,
                        "Actual Rows": 4138,
                        "Actual Loops": 2,
                        "Recheck Cond": "(kind_id = 3)",
                        "Rows Removed by Index Recheck": 0,
                        "Filter": "(production_year > 2010)",
                        "Rows Removed by Filter": 46130,
                        "Exact Heap Blocks": 11315,
                        "Lossy Heap Blocks": 0,
                        "Plans": [
                          {
                            "Node Type": "Bitmap Index Scan",
                            "Parent Relationship": "Outer",
                            "Parallel Aware": false,
                            "Index Name": "kind_id_title",
                            "Startup Cost": 0.0,
                            "Total Cost": 1823.13,
                            "Plan Rows": 102227,
                            "Plan Width": 0,
                            "Actual Startup Time": 14.334,
                            "Actual Total Time": 14.334,
                            "Actual Rows": 100537,
                            "Actual Loops": 1,
                            "Index Cond": "(kind_id = 3)"
                          }
                        ]
                      }
                    ]
                  }
                ]
              }
            ]
          }
        ]
      }
    ]
  },
  "Planning Time": 0.505,
  "Triggers": [],
  "Execution Time": 155.263
}