[
  {
    "Plan": {
      "Node Type": "Aggregate",
      "Strategy": "Plain",
      "Partial Mode": "Finalize",
      "Parallel Aware": false,
      "Startup Cost": 225032.64,
      "Total Cost": 225032.65,
      "Plan Rows": 1,
      "Plan Width": 8,
      "Actual Startup Time": 154.756,
      "Actual Total Time": 179.178,
      "Actual Rows": 1,
      "Actual Loops": 1,
      "Plans": [
        {
          "Node Type": "Gather",
          "Parent Relationship": "Outer",
          "Parallel Aware": false,
          "Startup Cost": 225032.22,
          "Total Cost": 225032.63,
          "Plan Rows": 4,
          "Plan Width": 8,
          "Actual Startup Time": 154.621,
          "Actual Total Time": 179.171,
          "Actual Rows": 5,
          "Actual Loops": 1,
          "Workers Planned": 4,
          "Workers Launched": 4,
          "Single Copy": false,
          "Plans": [
            {
              "Node Type": "Aggregate",
              "Strategy": "Plain",
              "Partial Mode": "Partial",
              "Parent Relationship": "Outer",
              "Parallel Aware": false,
              "Startup Cost": 224032.22,
              "Total Cost": 224032.23,
              "Plan Rows": 1,
              "Plan Width": 8,
              "Actual Startup Time": 144.779,
              "Actual Total Time": 144.78,
              "Actual Rows": 1,
              "Actual Loops": 5,
              "Plans": [
                {
                  "Node Type": "Nested Loop",
                  "Parent Relationship": "Outer",
                  "Parallel Aware": false,
                  "Join Type": "Inner",
                  "Startup Cost": 0.43,
                  "Total Cost": 224005.51,
                  "Plan Rows": 10684,
                  "Plan Width": 0,
                  "Actual Startup Time": 0.643,
                  "Actual Total Time": 143.714,
                  "Actual Rows": 12689,
                  "Actual Loops": 5,
                  "Inner Unique": false,
                  "Plans": [
                    {
                      "Node Type": "Seq Scan",
                      "Parent Relationship": "Outer",
                      "Parallel Aware": true,
                      "Relation Name": "title",
                      "Alias": "t",
                      "Startup Cost": 0.0,
                      "Total Cost": 45479.1,
                      "Plan Rows": 3767,
                      "Plan Width": 4,
                      "Actual Startup Time": 0.421,
                      "Actual Total Time": 71.938,
                      "Actual Rows": 2278,
                      "Actual Loops": 5,
                      "Filter": "((kind_id < 4) AND (production_year = 1998))",
                      "Rows Removed by Filter": 503385
                    },
                    {
                      "Node Type": "Index Scan",
                      "Parent Relationship": "Inner",
                      "Parallel Aware": false,
                      "Scan Direction": "Forward",
                      "Index Name": "movie_id_movie_info",
                      "Relation Name": "movie_info",
                      "Alias": "mi",
                      "Startup Cost": 0.43,
                      "Total Cost": 47.19,
                      "Plan Rows": 20,
                      "Plan Width": 4,
                      "Actual Startup Time": 0.012,
                      "Actual Total Time": 0.031,
                      "Actual Rows": 6,
                      "Actual Loops": 11388,
                      "Index Cond": "(movie_id = t.id)",
                      "Rows Removed by Index Recheck": 0,
                      "Filter": "(info_type_id < 8)",
                      "Rows Removed by Filter": 7
                    }
                  ]
                }
              ]
            }
          ]
        }
      ]
    },
    "Planning Time": 0.586,
    "Triggers": [],
    "Execution Time": 179.253
  }
]