[
  {
    "Plan": {
      "Node Type": "Aggregate",
      "Strategy": "Plain",
      "Partial Mode": "Finalize",
      "Parallel Aware": false,
      "Startup Cost": 288342.58,
      "Total Cost": 288342.59,
      "Plan Rows": 1,
      "Plan Width": 8,
      "Actual Startup Time": 1114.121,
      "Actual Total Time": 1162.959,
      "Actual Rows": 1,
      "Actual Loops": 1,
      "Plans": [
        {
          "Node Type": "Gather",
          "Parent Relationship": "Outer",
          "Parallel Aware": false,
          "Startup Cost": 288342.06,
          "Total Cost": 288342.57,
          "Plan Rows": 5,
          "Plan Width": 8,
          "Actual Startup Time": 1107.252,
          "Actual Total Time": 1162.948,
          "Actual Rows": 6,
          "Actual Loops": 1,
          "Workers Planned": 5,
          "Workers Launched": 5,
          "Single Copy": false,
          "Plans": [
            {
              "Node Type": "Aggregate",
              "Strategy": "Plain",
              "Partial Mode": "Partial",
              "Parent Relationship": "Outer",
              "Parallel Aware": false,
              "Startup Cost": 287342.06,
              "Total Cost": 287342.07,
              "Plan Rows": 1,
              "Plan Width": 8,
              "Actual Startup Time": 1096.695,
              "Actual Total Time": 1096.788,
              "Actual Rows": 1,
              "Actual Loops": 6,
              "Plans": [
                {
                  "Node Type": "Hash Join",
                  "Parent Relationship": "Outer",
                  "Parallel Aware": true,
                  "Join Type": "Inner",
                  "Startup Cost": 81391.6,
                  "Total Cost": 285690.87,
                  "Plan Rows": 660477,
                  "Plan Width": 0,
                  "Actual Startup Time": 296.494,
                  "Actual Total Time": 1058.597,
                  "Actual Rows": 776066,
                  "Actual Loops": 6,
                  "Inner Unique": false,
                  "Hash Cond": "(mi.movie_id = t.id)",
                  "Plans": [
                    {
                      "Node Type": "Seq Scan",
                      "Parent Relationship": "Outer",
                      "Parallel Aware": true,
                      "Relation Name": "movie_info",
                      "Alias": "mi",
                      "Startup Cost": 0.0,
                      "Total Cost": 191560.33,
                      "Plan Rows": 2956733,
                      "Plan Width": 4,
                      "Actual Startup Time": 0.018,
                      "Actual Total Time": 321.689,
                      "Actual Rows": 2472620,
                      "Actual Loops": 6
                    },
                    {
                      "Node Type": "Hash",
                      "Parent Relationship": "Inner",
                      "Parallel Aware": true,
                      "Startup Cost": 79626.69,
                      "Total Cost": 79626.69,
                      "Plan Rows": 141193,
                      "Plan Width": 8,
                      "Actual Startup Time": 291.98,
                      "Actual Total Time": 292.071,
                      "Actual Rows": 59208,
                      "Actual Loops": 6,
                      "Hash Buckets": 1048576,
                      "Original Hash Buckets": 1048576,
                      "Hash Batches": 1,
                      "Original Hash Batches": 1,
                      "Peak Memory Usage": 22208,
                      "Plans": [
                        {
                          "Node Type": "Hash Join",
                          "Parent Relationship": "Outer",
                          "Parallel Aware": true,
                          "Join Type": "Inner",
                          "Startup Cost": 33692.13,
                          "Total Cost": 79626.69,
                          "Plan Rows": 141193,
                          "Plan Width": 8,
                          "Actual Startup Time": 102.088,
                          "Actual Total Time": 261.111,
                          "Actual Rows": 59208,
                          "Actual Loops": 6,
                          "Inner Unique": false,
                          "Hash Cond": "(t.id = mc.movie_id)",
                          "Plans": [
                            {
                              "Node Type": "Seq Scan",
                              "Parent Relationship": "Outer",
                              "Parallel Aware": true,
                              "Relation Name": "title",
                              "Alias": "t",
                              "Startup Cost": 0.0,
                              "Total Cost": 42318.73,
                              "Plan Rows": 632073,
                              "Plan Width": 4,
                              "Actual Startup Time": 0.011,
                              "Actual Total Time": 63.48,
                              "Actual Rows": 421385,
                              "Actual Loops": 6
                            },
                            {
                              "Node Type": "Hash",
                              "Parent Relationship": "Inner",
                              "Parallel Aware": true,
                              "Startup Cost": 31414.82,
                              "Total Cost": 31414.82,
                              "Plan Rows": 182185,
                              "Plan Width": 4,
                              "Actual Startup Time": 100.202,
                              "Actual Total Time": 100.203,
                              "Actual Rows": 59208,
                              "Actual Loops": 6,
                              "Hash Buckets": 1048576,
                              "Original Hash Buckets": 1048576,
                              "Hash Batches": 1,
                              "Original Hash Batches": 1,
                              "Peak Memory Usage": 22176,
                              "Plans": [
                                {
                                  "Node Type": "Seq Scan",
                                  "Parent Relationship": "Outer",
                                  "Parallel Aware": true,
                                  "Relation Name": "movie_companies",
                                  "Alias": "mc",
                                  "Startup Cost": 0.0,
                                  "Total Cost": 31414.82,
                                  "Plan Rows": 182185,
                                  "Plan Width": 4,
                                  "Actual Startup Time": 42.421,
                                  "Actual Total Time": 68.145,
                                  "Actual Rows": 59208,
                                  "Actual Loops": 6,
                                  "Filter": "((company_id < 7832) AND (company_type_id = 2))",
                                  "Rows Removed by Filter": 375647
                                }
                              ]
                            }
                          ]
                        }
                      ]
                    }
                  ]
                }
              ]
            }
          ]
        }
      ]
    },
    "Planning Time": 1.396,
    "Triggers": [],
    "Execution Time": 1163.052
  }
]