[
  {
    "Plan": {
      "Node Type": "Aggregate",
      "Strategy": "Plain",
      "Partial Mode": "Finalize",
      "Parallel Aware": false,
      "Startup Cost": 128682.32,
      "Total Cost": 128682.33,
      "Plan Rows": 1,
      "Plan Width": 8,
      "Actual Startup Time": 592.219,
      "Actual Total Time": 609.689,
      "Actual Rows": 1,
      "Actual Loops": 1,
      "Plans": [
        {
          "Node Type": "Gather",
          "Parent Relationship": "Outer",
          "Parallel Aware": false,
          "Startup Cost": 128682.0,
          "Total Cost": 128682.31,
          "Plan Rows": 3,
          "Plan Width": 8,
          "Actual Startup Time": 579.807,
          "Actual Total Time": 609.68,
          "Actual Rows": 4,
          "Actual Loops": 1,
          "Workers Planned": 3,
          "Workers Launched": 3,
          "Single Copy": false,
          "Plans": [
            {
              "Node Type": "Aggregate",
              "Strategy": "Plain",
              "Partial Mode": "Partial",
              "Parent Relationship": "Outer",
              "Parallel Aware": false,
              "Startup Cost": 127682.0,
              "Total Cost": 127682.01,
              "Plan Rows": 1,
              "Plan Width": 8,
              "Actual Startup Time": 572.627,
              "Actual Total Time": 572.751,
              "Actual Rows": 1,
              "Actual Loops": 4,
              "Plans": [
                {
                  "Node Type": "Hash Join",
                  "Parent Relationship": "Outer",
                  "Parallel Aware": true,
                  "Join Type": "Inner",
                  "Startup Cost": 80327.13,
                  "Total Cost": 127530.25,
                  "Plan Rows": 60701,
                  "Plan Width": 0,
                  "Actual Startup Time": 357.641,
                  "Actual Total Time": 557.362,
                  "Actual Rows": 378136,
                  "Actual Loops": 4,
                  "Inner Unique": false,
                  "Hash Cond": "(mk.movie_id = t.id)",
                  "Plans": [
                    {
                      "Node Type": "Seq Scan",
                      "Parent Relationship": "Outer",
                      "Parallel Aware": true,
                      "Relation Name": "movie_keyword",
                      "Alias": "mk",
                      "Startup Cost": 0.0,
                      "Total Cost": 42695.65,
                      "Plan Rows": 1149775,
                      "Plan Width": 4,
                      "Actual Startup Time": 0.038,
                      "Actual Total Time": 107.98,
                      "Actual Rows": 891159,
                      "Actual Loops": 4,
                      "Filter": "(keyword_id < 19805)",
                      "Rows Removed by Filter": 239824
                    },
                    {
                      "Node Type": "Hash",
                      "Parent Relationship": "Inner",
                      "Parallel Aware": true,
                      "Startup Cost": 79788.89,
                      "Total Cost": 79788.89,
                      "Plan Rows": 43059,
                      "Plan Width": 8,
                      "Actual Startup Time": 349.986,
                      "Actual Total Time": 350.109,
                      "Actual Rows": 59582,
                      "Actual Loops": 4,
                      "Hash Buckets": 262144,
                      "Original Hash Buckets": 262144,
                      "Hash Batches": 1,
                      "Original Hash Batches": 1,
                      "Peak Memory Usage": 11456,
                      "Plans": [
                        {
                          "Node Type": "Hash Join",
                          "Parent Relationship": "Outer",
                          "Parallel Aware": true,
                          "Join Type": "Inner",
                          "Startup Cost": 58490.25,
                          "Total Cost": 79788.89,
                          "Plan Rows": 43059,
                          "Plan Width": 8,
                          "Actual Startup Time": 255.621,
                          "Actual Total Time": 329.263,
                          "Actual Rows": 59582,
                          "Actual Loops": 4,
                          "Inner Unique": true,
                          "Hash Cond": "(mc.movie_id = t.id)",
                          "Plans": [
                            {
                              "Node Type": "Bitmap Heap Scan",
                              "Parent Relationship": "Outer",
                              "Parallel Aware": true,
                              "Relation Name": "movie_companies",
                              "Alias": "mc",
                              "Startup Cost": 10254.41,
                              "Total Cost": 31347.1,
                              "Plan Rows": 78455,
                              "Plan Width": 4,
                              "Actual Startup Time": 25.205,
                              "Actual Total Time": 53.101,
                              "Actual Rows": 119014,
                              "Actual Loops": 4,
                              "Recheck Cond": "(company_id > 75592)",
                              "Rows Removed by Index Recheck": 0,
                              "Filter": "(company_type_id = 2)",
                              "Rows Removed by Filter": 0,
                              "Exact Heap Blocks": 1886,
                              "Lossy Heap Blocks": 0,
                              "Plans": [
                                {
                                  "Node Type": "Bitmap Index Scan",
                                  "Parent Relationship": "Outer",
                                  "Parallel Aware": false,
                                  "Index Name": "company_id_movie_companies",
                                  "Startup Cost": 0.0,
                                  "Total Cost": 10193.6,
                                  "Plan Rows": 475890,
                                  "Plan Width": 0,
                                  "Actual Startup Time": 24.136,
                                  "Actual Total Time": 24.137,
                                  "Actual Rows": 476054,
                                  "Actual Loops": 1,
                                  "Index Cond": "(company_id > 75592)"
                                }
                              ]
                            },
                            {
                              "Node Type": "Hash",
                              "Parent Relationship": "Inner",
                              "Parallel Aware": true,
                              "Startup Cost": 43899.32,
                              "Total Cost": 43899.32,
                              "Plan Rows": 346922,
                              "Plan Width": 4,
                              "Actual Startup Time": 227.135,
                              "Actual Total Time": 227.136,
                              "Actual Rows": 345363,
                              "Actual Loops": 4,
                              "Hash Buckets": 2097152,
                              "Original Hash Buckets": 2097152,
                              "Hash Batches": 1,
                              "Original Hash Batches": 1,
                              "Peak Memory Usage": 70528,
                              "Plans": [
                                {
                                  "Node Type": "Seq Scan",
                                  "Parent Relationship": "Outer",
                                  "Parallel Aware": true,
                                  "Relation Name": "title",
                                  "Alias": "t",
                                  "Startup Cost": 0.0,
                                  "Total Cost": 43899.32,
                                  "Plan Rows": 346922,
                                  "Plan Width": 4,
                                  "Actual Startup Time": 0.024,
                                  "Actual Total Time": 104.206,
                                  "Actual Rows": 345363,
                                  "Actual Loops": 4,
                                  "Filter": "(production_year > 2000)",
                                  "Rows Removed by Filter": 286715
                                }
                              ]
                            }
                          ]
                        }
                      ]
                    }
                  ]
                }
              ]
            }
          ]
        }
      ]
    },
    "Planning Time": 0.447,
    "Triggers": [],
    "Execution Time": 609.745
  }
]