[
  {
    "Plan": {
      "Node Type": "Aggregate",
      "Strategy": "Plain",
      "Partial Mode": "Finalize",
      "Parallel Aware": false,
      "Startup Cost": 44810.72,
      "Total Cost": 44810.73,
      "Plan Rows": 1,
      "Plan Width": 8,
      "Actual Startup Time": 120.92,
      "Actual Total Time": 130.121,
      "Actual Rows": 1,
      "Actual Loops": 1,
      "Plans": [
        {
          "Node Type": "Gather",
          "Parent Relationship": "Outer",
          "Parallel Aware": false,
          "Startup Cost": 44810.4,
          "Total Cost": 44810.71,
          "Plan Rows": 3,
          "Plan Width": 8,
          "Actual Startup Time": 120.82,
          "Actual Total Time": 130.111,
          "Actual Rows": 4,
          "Actual Loops": 1,
          "Workers Planned": 3,
          "Workers Launched": 3,
          "Single Copy": false,
          "Plans": [
            {
              "Node Type": "Aggregate",
              "Strategy": "Plain",
              "Partial Mode": "Partial",
              "Parent Relationship": "Outer",
              "Parallel Aware": false,
              "Startup Cost": 43810.4,
              "Total Cost": 43810.41,
              "Plan Rows": 1,
              "Plan Width": 8,
              "Actual Startup Time": 114.143,
              "Actual Total Time": 114.144,
              "Actual Rows": 1,
              "Actual Loops": 4,
              "Plans": [
                {
                  "Node Type": "Seq Scan",
                  "Parent Relationship": "Outer",
                  "Parallel Aware": true,
                  "Relation Name": "movie_keyword",
                  "Alias": "mk",
                  "Startup Cost": 0.0,
                  "Total Cost": 42695.65,
                  "Plan Rows": 445899,
                  "Plan Width": 0,
                  "Actual Startup Time": 0.718,
                  "Actual Total Time": 98.294,
                  "Actual Rows": 345531,
                  "Actual Loops": 4,
                  "Filter": "(keyword_id > 12083)",
                  "Rows Removed by Filter": 785452
                }
              ]
            }
          ]
        }
      ]
    },
    "Planning Time": 0.182,
    "Triggers": [],
    "Execution Time": 130.174
  }
]