[
  {
    "Plan": {
      "Node Type": "Aggregate",
      "Strategy": "Plain",
      "Partial Mode": "Finalize",
      "Parallel Aware": false,
      "Startup Cost": 33184.15,
      "Total Cost": 33184.16,
      "Plan Rows": 1,
      "Plan Width": 8,
      "Actual Startup Time": 95.481,
      "Actual Total Time": 103.318,
      "Actual Rows": 1,
      "Actual Loops": 1,
      "Plans": [
        {
          "Node Type": "Gather",
          "Parent Relationship": "Outer",
          "Parallel Aware": false,
          "Startup Cost": 33183.83,
          "Total Cost": 33184.14,
          "Plan Rows": 3,
          "Plan Width": 8,
          "Actual Startup Time": 95.397,
          "Actual Total Time": 103.312,
          "Actual Rows": 4,
          "Actual Loops": 1,
          "Workers Planned": 3,
          "Workers Launched": 3,
          "Single Copy": false,
          "Plans": [
            {
              "Node Type": "Aggregate",
              "Strategy": "Plain",
              "Partial Mode": "Partial",
              "Parent Relationship": "Outer",
              "Parallel Aware": false,
              "Startup Cost": 32183.83,
              "Total Cost": 32183.84,
              "Plan Rows": 1,
              "Plan Width": 8,
              "Actual Startup Time": 87.323,
              "Actual Total Time": 87.324,
              "Actual Rows": 1,
              "Actual Loops": 4,
              "Plans": [
                {
                  "Node Type": "Seq Scan",
                  "Parent Relationship": "Outer",
                  "Parallel Aware": true,
                  "Relation Name": "movie_companies",
                  "Alias": "mc",
                  "Startup Cost": 0.0,
                  "Total Cost": 31414.82,
                  "Plan Rows": 307606,
                  "Plan Width": 0,
                  "Actual Startup Time": 0.345,
                  "Actual Total Time": 77.52,
                  "Actual Rows": 199091,
                  "Actual Loops": 4,
                  "Filter": "((company_id > 1025) AND (company_type_id = 1))",
                  "Rows Removed by Filter": 453192
                }
              ]
            }
          ]
        }
      ]
    },
    "Planning Time": 0.12,
    "Triggers": [],
    "Execution Time": 103.355
  }
]