[
  {
    "Plan": {
      "Node Type": "Aggregate",
      "Strategy": "Plain",
      "Partial Mode": "Finalize",
      "Parallel Aware": false,
      "Startup Cost": 343552.94,
      "Total Cost": 343552.95,
      "Plan Rows": 1,
      "Plan Width": 8,
      "Actual Startup Time": 955.131,
      "Actual Total Time": 1013.553,
      "Actual Rows": 1,
      "Actual Loops": 1,
      "Plans": [
        {
          "Node Type": "Gather",
          "Parent Relationship": "Outer",
          "Parallel Aware": false,
          "Startup Cost": 343552.31,
          "Total Cost": 343552.92,
          "Plan Rows": 6,
          "Plan Width": 8,
          "Actual Startup Time": 955.022,
          "Actual Total Time": 1013.542,
          "Actual Rows": 7,
          "Actual Loops": 1,
          "Workers Planned": 6,
          "Workers Launched": 6,
          "Single Copy": false,
          "Plans": [
            {
              "Node Type": "Aggregate",
              "Strategy": "Plain",
              "Partial Mode": "Partial",
              "Parent Relationship": "Outer",
              "Parallel Aware": false,
              "Startup Cost": 342552.31,
              "Total Cost": 342552.32,
              "Plan Rows": 1,
              "Plan Width": 8,
              "Actual Startup Time": 945.104,
              "Actual Total Time": 945.105,
              "Actual Rows": 1,
              "Actual Loops": 7,
              "Plans": [
                {
                  "Node Type": "Seq Scan",
                  "Parent Relationship": "Outer",
                  "Parallel Aware": true,
                  "Relation Name": "cast_info",
                  "Alias": "ci",
                  "Startup Cost": 0.0,
                  "Total Cost": 328162.03,
                  "Plan Rows": 5756115,
                  "Plan Width": 0,
                  "Actual Startup Time": 0.06,
                  "Actual Total Time": 708.65,
                  "Actual Rows": 4943337,
                  "Actual Loops": 7,
                  "Filter": "(person_id < 3736839)",
                  "Rows Removed by Filter": 234426
                }
              ]
            }
          ]
        }
      ]
    },
    "Planning Time": 0.157,
    "Triggers": [],
    "Execution Time": 1013.614
  }
]