[
  {
    "Plan": {
      "Node Type": "Aggregate",
      "Strategy": "Plain",
      "Partial Mode": "Simple",
      "Parallel Aware": false,
      "Startup Cost": 55175.65,
      "Total Cost": 55175.66,
      "Plan Rows": 1,
      "Plan Width": 8,
      "Actual Startup Time": 13.004,
      "Actual Total Time": 13.005,
      "Actual Rows": 1,
      "Actual Loops": 1,
      "Plans": [
        {
          "Node Type": "Bitmap Heap Scan",
          "Parent Relationship": "Outer",
          "Parallel Aware": false,
          "Relation Name": "movie_info",
          "Alias": "mi",
          "Startup Cost": 350.01,
          "Total Cost": 55127.4,
          "Plan Rows": 19300,
          "Plan Width": 0,
          "Actual Startup Time": 1.973,
          "Actual Total Time": 11.82,
          "Actual Rows": 18214,
          "Actual Loops": 1,
          "Recheck Cond": "(info_type_id = 108)",
          "Rows Removed by Index Recheck": 0,
          "Exact Heap Blocks": 4137,
          "Lossy Heap Blocks": 0,
          "Plans": [
            {
              "Node Type": "Bitmap Index Scan",
              "Parent Relationship": "Outer",
              "Parallel Aware": false,
              "Index Name": "info_type_id_movie_info",
              "Startup Cost": 0.0,
              "Total Cost": 345.19,
              "Plan Rows": 19300,
              "Plan Width": 0,
              "Actual Startup Time": 1.277,
              "Actual Total Time": 1.278,
              "Actual Rows": 18214,
              "Actual Loops": 1,
              "Index Cond": "(info_type_id = 108)"
            }
          ]
        }
      ]
    },
    "Planning Time": 0.061,
    "Triggers": [],
    "Execution Time": 13.031
  }
]