[
  {
    "Plan": {
      "Node Type": "Aggregate",
      "Strategy": "Plain",
      "Partial Mode": "Finalize",
      "Parallel Aware": false,
      "Startup Cost": 45480.05,
      "Total Cost": 45480.06,
      "Plan Rows": 1,
      "Plan Width": 8,
      "Actual Startup Time": 165.875,
      "Actual Total Time": 179.113,
      "Actual Rows": 1,
      "Actual Loops": 1,
      "Plans": [
        {
          "Node Type": "Gather",
          "Parent Relationship": "Outer",
          "Parallel Aware": false,
          "Startup Cost": 45479.74,
          "Total Cost": 45480.05,
          "Plan Rows": 3,
          "Plan Width": 8,
          "Actual Startup Time": 165.699,
          "Actual Total Time": 179.102,
          "Actual Rows": 4,
          "Actual Loops": 1,
          "Workers Planned": 3,
          "Workers Launched": 3,
          "Single Copy": false,
          "Plans": [
            {
              "Node Type": "Aggregate",
              "Strategy": "Plain",
              "Partial Mode": "Partial",
              "Parent Relationship": "Outer",
              "Parallel Aware": false,
              "Startup Cost": 44479.74,
              "Total Cost": 44479.75,
              "Plan Rows": 1,
              "Plan Width": 8,
              "Actual Startup Time": 161.287,
              "Actual Total Time": 161.289,
              "Actual Rows": 1,
              "Actual Loops": 4,
              "Plans": [
                {
                  "Node Type": "Seq Scan",
                  "Parent Relationship": "Outer",
                  "Parallel Aware": true,
                  "Relation Name": "movie_keyword",
                  "Alias": "mk",
                  "Startup Cost": 0.0,
                  "Total Cost": 42695.65,
                  "Plan Rows": 713633,
                  "Plan Width": 0,
                  "Actual Startup Time": 0.342,
                  "Actual Total Time": 131.844,
                  "Actual Rows": 549893,
                  "Actual Loops": 4,
                  "Filter": "(keyword_id > 5076)",
                  "Rows Removed by Filter": 581090
                }
              ]
            }
          ]
        }
      ]
    },
    "Planning Time": 0.101,
    "Triggers": [],
    "Execution Time": 179.146
  }
]