{
    "Plan": {
        "Node Type": "Aggregate",
        "Strategy": "Plain",
        "Partial Mode": "Simple",
        "Parallel Aware": false,
        "Startup Cost": 90001127398.56,
        "Total Cost": 90001127398.57,
        "Plan Rows": 1,
        "Plan Width": 96,
        "Actual Startup Time": 3752.664,
        "Actual Total Time": 3752.699,
        "Actual Rows": 1,
        "Actual Loops": 1,
        "Output": [
            "min(cn.name)",
            "min((lt.link)::text)",
            "min(t.title)"
        ],
        "Plans": [
            {
                "Node Type": "Nested Loop",
                "Parent Relationship": "Outer",
                "Parallel Aware": false,
                "Join Type": "Inner",
                "Startup Cost": 90001117339.32,
                "Total Cost": 90001127398.55,
                "Plan Rows": 1,
                "Plan Width": 48,
                "Actual Startup Time": 3750.383,
                "Actual Total Time": 3752.666,
                "Actual Rows": 57,
                "Actual Loops": 1,
                "Output": [
                    "cn.name",
                    "lt.link",
                    "t.title"
                ],
                "Inner Unique": true,
                "Plans": [
                    {
                        "Node Type": "Hash Join",
                        "Parent Relationship": "Outer",
                        "Parallel Aware": false,
                        "Join Type": "Inner",
                        "Startup Cost": 80001117338.89,
                        "Total Cost": 80001127341.21,
                        "Plan Rows": 12,
                        "Plan Width": 52,
                        "Actual Startup Time": 3737.323,
                        "Actual Total Time": 3750.315,
                        "Actual Rows": 513,
                        "Actual Loops": 1,
                        "Output": [
                            "cn.name",
                            "mk.keyword_id",
                            "lt.link",
                            "t.title"
                        ],
                        "Inner Unique": false,
                        "Hash Cond": "(ml.link_type_id = lt.id)",
                        "Plans": [
                            {
                                "Node Type": "Nested Loop",
                                "Parent Relationship": "Outer",
                                "Parallel Aware": false,
                                "Join Type": "Inner",
                                "Startup Cost": 80001117337.65,
                                "Total Cost": 80001127339.07,
                                "Plan Rows": 209,
                                "Plan Width": 44,
                                "Actual Startup Time": 3737.292,
                                "Actual Total Time": 3750.065,
                                "Actual Rows": 515,
                                "Actual Loops": 1,
                                "Output": [
                                    "cn.name",
                                    "mk.keyword_id",
                                    "ml.link_type_id",
                                    "t.title"
                                ],
                                "Inner Unique": true,
                                "Plans": [
                                    {
                                        "Node Type": "Merge Join",
                                        "Parent Relationship": "Outer",
                                        "Parallel Aware": false,
                                        "Join Type": "Inner",
                                        "Startup Cost": 70001117337.22,
                                        "Total Cost": 70001123035.4,
                                        "Plan Rows": 967,
                                        "Plan Width": 29,
                                        "Actual Startup Time": 3737.246,
                                        "Actual Total Time": 3743.66,
                                        "Actual Rows": 1370,
                                        "Actual Loops": 1,
                                        "Output": [
                                            "mc.company_id",
                                            "mk.keyword_id",
                                            "ml.link_type_id",
                                            "t.title"
                                        ],
                                        "Inner Unique": false,
                                        "Merge Cond": "(mk.movie_id = ml.movie_id)",
                                        "Plans": [
                                            {
                                                "Node Type": "Sort",
                                                "Parent Relationship": "Outer",
                                                "Parallel Aware": false,
                                                "Startup Cost": 569794.43,
                                                "Total Cost": 581104.25,
                                                "Plan Rows": 4523930,
                                                "Plan Width": 8,
                                                "Actual Startup Time": 1615.618,
                                                "Actual Total Time": 1618.401,
                                                "Actual Rows": 76870,
                                                "Actual Loops": 1,
                                                "Output": [
                                                    "mk.movie_id",
                                                    "mk.keyword_id"
                                                ],
                                                "Sort Key": [
                                                    "mk.movie_id"
                                                ],
                                                "Sort Method": "quicksort",
                                                "Sort Space Used": 408668,
                                                "Sort Space Type": "Memory",
                                                "Plans": [
                                                    {
                                                        "Node Type": "Seq Scan",
                                                        "Parent Relationship": "Outer",
                                                        "Parallel Aware": false,
                                                        "Relation Name": "movie_keyword",
                                                        "Schema": "public",
                                                        "Alias": "mk",
                                                        "Startup Cost": 0.0,
                                                        "Total Cost": 69693.3,
                                                        "Plan Rows": 4523930,
                                                        "Plan Width": 8,
                                                        "Actual Startup Time": 0.011,
                                                        "Actual Total Time": 590.083,
                                                        "Actual Rows": 4523930,
                                                        "Actual Loops": 1,
                                                        "Output": [
                                                            "mk.movie_id",
                                                            "mk.keyword_id"
                                                        ]
                                                    }
                                                ]
                                            },
                                            {
                                                "Node Type": "Materialize",
                                                "Parent Relationship": "Inner",
                                                "Parallel Aware": false,
                                                "Startup Cost": 70000547542.79,
                                                "Total Cost": 70000552750.25,
                                                "Plan Rows": 21,
                                                "Plan Width": 45,
                                                "Actual Startup Time": 2115.713,
                                                "Actual Total Time": 2121.209,
                                                "Actual Rows": 1369,
                                                "Actual Loops": 1,
                                                "Output": [
                                                    "cc.movie_id",
                                                    "mc.movie_id",
                                                    "mc.company_id",
                                                    "mi.movie_id",
                                                    "ml.link_type_id",
                                                    "ml.movie_id",
                                                    "t.title",
                                                    "t.id"
                                                ],
                                                "Plans": [
                                                    {
                                                        "Node Type": "Nested Loop",
                                                        "Parent Relationship": "Outer",
                                                        "Parallel Aware": false,
                                                        "Join Type": "Inner",
                                                        "Startup Cost": 70000547542.79,
                                                        "Total Cost": 70000552750.19,
                                                        "Plan Rows": 21,
                                                        "Plan Width": 45,
                                                        "Actual Startup Time": 2115.702,
                                                        "Actual Total Time": 2121.004,
                                                        "Actual Rows": 153,
                                                        "Actual Loops": 1,
                                                        "Output": [
                                                            "cc.movie_id",
                                                            "mc.movie_id",
                                                            "mc.company_id",
                                                            "mi.movie_id",
                                                            "ml.link_type_id",
                                                            "ml.movie_id",
                                                            "t.title",
                                                            "t.id"
                                                        ],
                                                        "Inner Unique": true,
                                                        "Join Filter": "(ml.movie_id = t.id)",
                                                        "Rows Removed by Join Filter": 0,
                                                        "Plans": [
                                                            {
                                                                "Node Type": "Merge Join",
                                                                "Parent Relationship": "Outer",
                                                                "Parallel Aware": false,
                                                                "Join Type": "Inner",
                                                                "Startup Cost": 60000547542.33,
                                                                "Total Cost": 60000547694.77,
                                                                "Plan Rows": 1125,
                                                                "Plan Width": 24,
                                                                "Actual Startup Time": 2104.988,
                                                                "Actual Total Time": 2108.929,
                                                                "Actual Rows": 2695,
                                                                "Actual Loops": 1,
                                                                "Output": [
                                                                    "cc.movie_id",
                                                                    "mc.movie_id",
                                                                    "mc.company_id",
                                                                    "mi.movie_id",
                                                                    "ml.link_type_id",
                                                                    "ml.movie_id"
                                                                ],
                                                                "Inner Unique": false,
                                                                "Merge Cond": "(ml.movie_id = mi.movie_id)",
                                                                "Plans": [
                                                                    {
                                                                        "Node Type": "Sort",
                                                                        "Parent Relationship": "Outer",
                                                                        "Parallel Aware": false,
                                                                        "Startup Cost": 50000086199.53,
                                                                        "Total Cost": 50000086201.24,
                                                                        "Plan Rows": 684,
                                                                        "Plan Width": 20,
                                                                        "Actual Startup Time": 71.967,
                                                                        "Actual Total Time": 72.367,
                                                                        "Actual Rows": 2715,
                                                                        "Actual Loops": 1,
                                                                        "Output": [
                                                                            "cc.movie_id",
                                                                            "mc.movie_id",
                                                                            "mc.company_id",
                                                                            "ml.link_type_id",
                                                                            "ml.movie_id"
                                                                        ],
                                                                        "Sort Key": [
                                                                            "cc.movie_id"
                                                                        ],
                                                                        "Sort Method": "quicksort",
                                                                        "Sort Space Used": 309,
                                                                        "Sort Space Type": "Memory",
                                                                        "Plans": [
                                                                            {
                                                                                "Node Type": "Merge Join",
                                                                                "Parent Relationship": "Outer",
                                                                                "Parallel Aware": false,
                                                                                "Join Type": "Inner",
                                                                                "Startup Cost": 50000086143.37,
                                                                                "Total Cost": 50000086167.32,
                                                                                "Plan Rows": 684,
                                                                                "Plan Width": 20,
                                                                                "Actual Startup Time": 71.007,
                                                                                "Actual Total Time": 71.652,
                                                                                "Actual Rows": 2715,
                                                                                "Actual Loops": 1,
                                                                                "Output": [
                                                                                    "cc.movie_id",
                                                                                    "mc.movie_id",
                                                                                    "mc.company_id",
                                                                                    "ml.link_type_id",
                                                                                    "ml.movie_id"
                                                                                ],
                                                                                "Inner Unique": false,
                                                                                "Merge Cond": "(cc.status_id = cct2.id)",
                                                                                "Plans": [
                                                                                    {
                                                                                        "Node Type": "Sort",
                                                                                        "Parent Relationship": "Outer",
                                                                                        "Parallel Aware": false,
                                                                                        "Startup Cost": 50000086142.31,
                                                                                        "Total Cost": 50000086149.15,
                                                                                        "Plan Rows": 2736,
                                                                                        "Plan Width": 24,
                                                                                        "Actual Startup Time": 70.988,
                                                                                        "Actual Total Time": 71.106,
                                                                                        "Actual Rows": 2716,
                                                                                        "Actual Loops": 1,
                                                                                        "Output": [
                                                                                            "cc.movie_id",
                                                                                            "cc.status_id",
                                                                                            "mc.movie_id",
                                                                                            "mc.company_id",
                                                                                            "ml.link_type_id",
                                                                                            "ml.movie_id"
                                                                                        ],
                                                                                        "Sort Key": [
                                                                                            "cc.status_id"
                                                                                        ],
                                                                                        "Sort Method": "quicksort",
                                                                                        "Sort Space Used": 310,
                                                                                        "Sort Space Type": "Memory",
                                                                                        "Plans": [
                                                                                            {
                                                                                                "Node Type": "Hash Join",
                                                                                                "Parent Relationship": "Outer",
                                                                                                "Parallel Aware": false,
                                                                                                "Join Type": "Inner",
                                                                                                "Startup Cost": 50000085948.95,
                                                                                                "Total Cost": 50000085986.12,
                                                                                                "Plan Rows": 2736,
                                                                                                "Plan Width": 24,
                                                                                                "Actual Startup Time": 70.439,
                                                                                                "Actual Total Time": 70.717,
                                                                                                "Actual Rows": 2732,
                                                                                                "Actual Loops": 1,
                                                                                                "Output": [
                                                                                                    "cc.movie_id",
                                                                                                    "cc.status_id",
                                                                                                    "mc.movie_id",
                                                                                                    "mc.company_id",
                                                                                                    "ml.link_type_id",
                                                                                                    "ml.movie_id"
                                                                                                ],
                                                                                                "Inner Unique": false,
                                                                                                "Hash Cond": "(cct1.id = cc.subject_id)",
                                                                                                "Plans": [
                                                                                                    {
                                                                                                        "Node Type": "Seq Scan",
                                                                                                        "Parent Relationship": "Outer",
                                                                                                        "Parallel Aware": false,
                                                                                                        "Relation Name": "comp_cast_type",
                                                                                                        "Schema": "public",
                                                                                                        "Alias": "cct1",
                                                                                                        "Startup Cost": 10000000000.0,
                                                                                                        "Total Cost": 10000000001.05,
                                                                                                        "Plan Rows": 2,
                                                                                                        "Plan Width": 4,
                                                                                                        "Actual Startup Time": 0.023,
                                                                                                        "Actual Total Time": 0.027,
                                                                                                        "Actual Rows": 2,
                                                                                                        "Actual Loops": 1,
                                                                                                        "Output": [
                                                                                                            "cct1.id",
                                                                                                            "cct1.kind"
                                                                                                        ],
                                                                                                        "Filter": "((cct1.kind)::text = ANY ('{complete,crew}'::text[]))",
                                                                                                        "Rows Removed by Filter": 2
                                                                                                    },
                                                                                                    {
                                                                                                        "Node Type": "Hash",
                                                                                                        "Parent Relationship": "Inner",
                                                                                                        "Parallel Aware": false,
                                                                                                        "Startup Cost": 40000085880.56,
                                                                                                        "Total Cost": 40000085880.56,
                                                                                                        "Plan Rows": 5471,
                                                                                                        "Plan Width": 28,
                                                                                                        "Actual Startup Time": 70.397,
                                                                                                        "Actual Total Time": 70.421,
                                                                                                        "Actual Rows": 8423,
                                                                                                        "Actual Loops": 1,
                                                                                                        "Output": [
                                                                                                            "cc.movie_id",
                                                                                                            "cc.subject_id",
                                                                                                            "cc.status_id",
                                                                                                            "mc.movie_id",
                                                                                                            "mc.company_id",
                                                                                                            "ml.link_type_id",
                                                                                                            "ml.movie_id"
                                                                                                        ],
                                                                                                        "Hash Buckets": 16384,
                                                                                                        "Original Hash Buckets": 8192,
                                                                                                        "Hash Batches": 1,
                                                                                                        "Original Hash Batches": 1,
                                                                                                        "Peak Memory Usage": 622,
                                                                                                        "Plans": [
                                                                                                            {
                                                                                                                "Node Type": "Merge Join",
                                                                                                                "Parent Relationship": "Outer",
                                                                                                                "Parallel Aware": false,
                                                                                                                "Join Type": "Inner",
                                                                                                                "Startup Cost": 40000002694.97,
                                                                                                                "Total Cost": 40000085880.56,
                                                                                                                "Plan Rows": 5471,
                                                                                                                "Plan Width": 28,
                                                                                                                "Actual Startup Time": 7.019,
                                                                                                                "Actual Total Time": 68.932,
                                                                                                                "Actual Rows": 8423,
                                                                                                                "Actual Loops": 1,
                                                                                                                "Output": [
                                                                                                                    "cc.movie_id",
                                                                                                                    "cc.subject_id",
                                                                                                                    "cc.status_id",
                                                                                                                    "mc.movie_id",
                                                                                                                    "mc.company_id",
                                                                                                                    "ml.link_type_id",
                                                                                                                    "ml.movie_id"
                                                                                                                ],
                                                                                                                "Inner Unique": false,
                                                                                                                "Merge Cond": "(mc.movie_id = ml.movie_id)",
                                                                                                                "Plans": [
                                                                                                                    {
                                                                                                                        "Node Type": "Nested Loop",
                                                                                                                        "Parent Relationship": "Outer",
                                                                                                                        "Parallel Aware": false,
                                                                                                                        "Join Type": "Inner",
                                                                                                                        "Startup Cost": 30000000001.31,
                                                                                                                        "Total Cost": 30002128282.42,
                                                                                                                        "Plan Rows": 88289,
                                                                                                                        "Plan Width": 20,
                                                                                                                        "Actual Startup Time": 0.703,
                                                                                                                        "Actual Total Time": 57.933,
                                                                                                                        "Actual Rows": 5100,
                                                                                                                        "Actual Loops": 1,
                                                                                                                        "Output": [
                                                                                                                            "cc.movie_id",
                                                                                                                            "cc.subject_id",
                                                                                                                            "cc.status_id",
                                                                                                                            "mc.movie_id",
                                                                                                                            "mc.company_id"
                                                                                                                        ],
                                                                                                                        "Inner Unique": true,
                                                                                                                        "Plans": [
                                                                                                                            {
                                                                                                                                "Node Type": "Nested Loop",
                                                                                                                                "Parent Relationship": "Outer",
                                                                                                                                "Parallel Aware": false,
                                                                                                                                "Join Type": "Inner",
                                                                                                                                "Startup Cost": 20000000001.17,
                                                                                                                                "Total Cost": 20000660824.57,
                                                                                                                                "Plan Rows": 353157,
                                                                                                                                "Plan Width": 24,
                                                                                                                                "Actual Startup Time": 0.69,
                                                                                                                                "Actual Total Time": 38.243,
                                                                                                                                "Actual Rows": 5242,
                                                                                                                                "Actual Loops": 1,
                                                                                                                                "Output": [
                                                                                                                                    "cc.movie_id",
                                                                                                                                    "cc.subject_id",
                                                                                                                                    "cc.status_id",
                                                                                                                                    "mc.movie_id",
                                                                                                                                    "mc.company_type_id",
                                                                                                                                    "mc.company_id"
                                                                                                                                ],
                                                                                                                                "Inner Unique": false,
                                                                                                                                "Plans": [
                                                                                                                                    {
                                                                                                                                        "Node Type": "Index Scan",
                                                                                                                                        "Parent Relationship": "Outer",
                                                                                                                                        "Parallel Aware": false,
                                                                                                                                        "Scan Direction": "Forward",
                                                                                                                                        "Index Name": "movie_id_complete_cast",
                                                                                                                                        "Relation Name": "complete_cast",
                                                                                                                                        "Schema": "public",
                                                                                                                                        "Alias": "cc",
                                                                                                                                        "Startup Cost": 10000000000.42,
                                                                                                                                        "Total Cost": 10000006651.09,
                                                                                                                                        "Plan Rows": 135086,
                                                                                                                                        "Plan Width": 12,
                                                                                                                                        "Actual Startup Time": 0.022,
                                                                                                                                        "Actual Total Time": 3.085,
                                                                                                                                        "Actual Rows": 5993,
                                                                                                                                        "Actual Loops": 1,
                                                                                                                                        "Output": [
                                                                                                                                            "cc.id",
                                                                                                                                            "cc.movie_id",
                                                                                                                                            "cc.subject_id",
                                                                                                                                            "cc.status_id"
                                                                                                                                        ]
                                                                                                                                    },
                                                                                                                                    {
                                                                                                                                        "Node Type": "Bitmap Heap Scan",
                                                                                                                                        "Parent Relationship": "Inner",
                                                                                                                                        "Parallel Aware": false,
                                                                                                                                        "Relation Name": "movie_companies",
                                                                                                                                        "Schema": "public",
                                                                                                                                        "Alias": "mc",
                                                                                                                                        "Startup Cost": 0.75,
                                                                                                                                        "Total Cost": 4.81,
                                                                                                                                        "Plan Rows": 3,
                                                                                                                                        "Plan Width": 12,
                                                                                                                                        "Actual Startup Time": 0.004,
                                                                                                                                        "Actual Total Time": 0.004,
                                                                                                                                        "Actual Rows": 1,
                                                                                                                                        "Actual Loops": 5993,
                                                                                                                                        "Output": [
                                                                                                                                            "mc.id",
                                                                                                                                            "mc.movie_id",
                                                                                                                                            "mc.company_id",
                                                                                                                                            "mc.company_type_id",
                                                                                                                                            "mc.note"
                                                                                                                                        ],
                                                                                                                                        "Recheck Cond": "(mc.movie_id = cc.movie_id)",
                                                                                                                                        "Rows Removed by Index Recheck": 0,
                                                                                                                                        "Filter": "(mc.note IS NULL)",
                                                                                                                                        "Rows Removed by Filter": 2,
                                                                                                                                        "Exact Heap Blocks": 7165,
                                                                                                                                        "Lossy Heap Blocks": 0,
                                                                                                                                        "Plans": [
                                                                                                                                            {
                                                                                                                                                "Node Type": "Bitmap Index Scan",
                                                                                                                                                "Parent Relationship": "Outer",
                                                                                                                                                "Parallel Aware": false,
                                                                                                                                                "Index Name": "movie_id_movie_companies",
                                                                                                                                                "Startup Cost": 0.0,
                                                                                                                                                "Total Cost": 0.75,
                                                                                                                                                "Plan Rows": 5,
                                                                                                                                                "Plan Width": 0,
                                                                                                                                                "Actual Startup Time": 0.002,
                                                                                                                                                "Actual Total Time": 0.002,
                                                                                                                                                "Actual Rows": 2,
                                                                                                                                                "Actual Loops": 5993,
                                                                                                                                                "Index Cond": "(mc.movie_id = cc.movie_id)"
                                                                                                                                            }
                                                                                                                                        ]
                                                                                                                                    }
                                                                                                                                ]
                                                                                                                            },
                                                                                                                            {
                                                                                                                                "Node Type": "Bitmap Heap Scan",
                                                                                                                                "Parent Relationship": "Inner",
                                                                                                                                "Parallel Aware": false,
                                                                                                                                "Relation Name": "company_type",
                                                                                                                                "Schema": "public",
                                                                                                                                "Alias": "ct",
                                                                                                                                "Startup Cost": 0.14,
                                                                                                                                "Total Cost": 4.15,
                                                                                                                                "Plan Rows": 1,
                                                                                                                                "Plan Width": 4,
                                                                                                                                "Actual Startup Time": 0.002,
                                                                                                                                "Actual Total Time": 0.002,
                                                                                                                                "Actual Rows": 1,
                                                                                                                                "Actual Loops": 5242,
                                                                                                                                "Output": [
                                                                                                                                    "ct.id",
                                                                                                                                    "ct.kind"
                                                                                                                                ],
                                                                                                                                "Recheck Cond": "(ct.id = mc.company_type_id)",
                                                                                                                                "Rows Removed by Index Recheck": 0,
                                                                                                                                "Filter": "((ct.kind)::text = 'production companies'::text)",
                                                                                                                                "Rows Removed by Filter": 0,
                                                                                                                                "Exact Heap Blocks": 5242,
                                                                                                                                "Lossy Heap Blocks": 0,
                                                                                                                                "Plans": [
                                                                                                                                    {
                                                                                                                                        "Node Type": "Bitmap Index Scan",
                                                                                                                                        "Parent Relationship": "Outer",
                                                                                                                                        "Parallel Aware": false,
                                                                                                                                        "Index Name": "company_type_pkey",
                                                                                                                                        "Startup Cost": 0.0,
                                                                                                                                        "Total Cost": 0.14,
                                                                                                                                        "Plan Rows": 1,
                                                                                                                                        "Plan Width": 0,
                                                                                                                                        "Actual Startup Time": 0.001,
                                                                                                                                        "Actual Total Time": 0.001,
                                                                                                                                        "Actual Rows": 1,
                                                                                                                                        "Actual Loops": 5242,
                                                                                                                                        "Index Cond": "(ct.id = mc.company_type_id)"
                                                                                                                                    }
                                                                                                                                ]
                                                                                                                            }
                                                                                                                        ]
                                                                                                                    },
                                                                                                                    {
                                                                                                                        "Node Type": "Sort",
                                                                                                                        "Parent Relationship": "Inner",
                                                                                                                        "Parallel Aware": false,
                                                                                                                        "Startup Cost": 10000002693.63,
                                                                                                                        "Total Cost": 10000002768.62,
                                                                                                                        "Plan Rows": 29997,
                                                                                                                        "Plan Width": 8,
                                                                                                                        "Actual Startup Time": 6.238,
                                                                                                                        "Actual Total Time": 7.688,
                                                                                                                        "Actual Rows": 34996,
                                                                                                                        "Actual Loops": 1,
                                                                                                                        "Output": [
                                                                                                                            "ml.link_type_id",
                                                                                                                            "ml.movie_id"
                                                                                                                        ],
                                                                                                                        "Sort Key": [
                                                                                                                            "ml.movie_id"
                                                                                                                        ],
                                                                                                                        "Sort Method": "quicksort",
                                                                                                                        "Sort Space Used": 2175,
                                                                                                                        "Sort Space Type": "Memory",
                                                                                                                        "Plans": [
                                                                                                                            {
                                                                                                                                "Node Type": "Seq Scan",
                                                                                                                                "Parent Relationship": "Outer",
                                                                                                                                "Parallel Aware": false,
                                                                                                                                "Relation Name": "movie_link",
                                                                                                                                "Schema": "public",
                                                                                                                                "Alias": "ml",
                                                                                                                                "Startup Cost": 10000000000.0,
                                                                                                                                "Total Cost": 10000000462.97,
                                                                                                                                "Plan Rows": 29997,
                                                                                                                                "Plan Width": 8,
                                                                                                                                "Actual Startup Time": 0.01,
                                                                                                                                "Actual Total Time": 2.616,
                                                                                                                                "Actual Rows": 29997,
                                                                                                                                "Actual Loops": 1,
                                                                                                                                "Output": [
                                                                                                                                    "ml.link_type_id",
                                                                                                                                    "ml.movie_id"
                                                                                                                                ]
                                                                                                                            }
                                                                                                                        ]
                                                                                                                    }
                                                                                                                ]
                                                                                                            }
                                                                                                        ]
                                                                                                    }
                                                                                                ]
                                                                                            }
                                                                                        ]
                                                                                    },
                                                                                    {
                                                                                        "Node Type": "Materialize",
                                                                                        "Parent Relationship": "Inner",
                                                                                        "Parallel Aware": false,
                                                                                        "Startup Cost": 1.06,
                                                                                        "Total Cost": 1.07,
                                                                                        "Plan Rows": 1,
                                                                                        "Plan Width": 4,
                                                                                        "Actual Startup Time": 0.016,
                                                                                        "Actual Total Time": 0.102,
                                                                                        "Actual Rows": 1,
                                                                                        "Actual Loops": 1,
                                                                                        "Output": [
                                                                                            "cct2.id"
                                                                                        ],
                                                                                        "Plans": [
                                                                                            {
                                                                                                "Node Type": "Sort",
                                                                                                "Parent Relationship": "Outer",
                                                                                                "Parallel Aware": false,
                                                                                                "Startup Cost": 1.06,
                                                                                                "Total Cost": 1.06,
                                                                                                "Plan Rows": 1,
                                                                                                "Plan Width": 4,
                                                                                                "Actual Startup Time": 0.013,
                                                                                                "Actual Total Time": 0.014,
                                                                                                "Actual Rows": 1,
                                                                                                "Actual Loops": 1,
                                                                                                "Output": [
                                                                                                    "cct2.id"
                                                                                                ],
                                                                                                "Sort Key": [
                                                                                                    "cct2.id"
                                                                                                ],
                                                                                                "Sort Method": "quicksort",
                                                                                                "Sort Space Used": 25,
                                                                                                "Sort Space Type": "Memory",
                                                                                                "Plans": [
                                                                                                    {
                                                                                                        "Node Type": "Seq Scan",
                                                                                                        "Parent Relationship": "Outer",
                                                                                                        "Parallel Aware": false,
                                                                                                        "Relation Name": "comp_cast_type",
                                                                                                        "Schema": "public",
                                                                                                        "Alias": "cct2",
                                                                                                        "Startup Cost": 0.0,
                                                                                                        "Total Cost": 1.05,
                                                                                                        "Plan Rows": 1,
                                                                                                        "Plan Width": 4,
                                                                                                        "Actual Startup Time": 0.007,
                                                                                                        "Actual Total Time": 0.008,
                                                                                                        "Actual Rows": 1,
                                                                                                        "Actual Loops": 1,
                                                                                                        "Output": [
                                                                                                            "cct2.id"
                                                                                                        ],
                                                                                                        "Filter": "((cct2.kind)::text = 'complete'::text)",
                                                                                                        "Rows Removed by Filter": 3
                                                                                                    }
                                                                                                ]
                                                                                            }
                                                                                        ]
                                                                                    }
                                                                                ]
                                                                            }
                                                                        ]
                                                                    },
                                                                    {
                                                                        "Node Type": "Sort",
                                                                        "Parent Relationship": "Inner",
                                                                        "Parallel Aware": false,
                                                                        "Startup Cost": 10000461342.8,
                                                                        "Total Cost": 10000463332.94,
                                                                        "Plan Rows": 796055,
                                                                        "Plan Width": 4,
                                                                        "Actual Startup Time": 2032.986,
                                                                        "Actual Total Time": 2034.346,
                                                                        "Actual Rows": 28927,
                                                                        "Actual Loops": 1,
                                                                        "Output": [
                                                                            "mi.movie_id"
                                                                        ],
                                                                        "Sort Key": [
                                                                            "mi.movie_id"
                                                                        ],
                                                                        "Sort Method": "quicksort",
                                                                        "Sort Space Used": 64804,
                                                                        "Sort Space Type": "Memory",
                                                                        "Plans": [
                                                                            {
                                                                                "Node Type": "Seq Scan",
                                                                                "Parent Relationship": "Outer",
                                                                                "Parallel Aware": false,
                                                                                "Relation Name": "movie_info",
                                                                                "Schema": "public",
                                                                                "Alias": "mi",
                                                                                "Startup Cost": 10000000000.0,
                                                                                "Total Cost": 10000383319.42,
                                                                                "Plan Rows": 796055,
                                                                                "Plan Width": 4,
                                                                                "Actual Startup Time": 0.011,
                                                                                "Actual Total Time": 1890.101,
                                                                                "Actual Rows": 858197,
                                                                                "Actual Loops": 1,
                                                                                "Output": [
                                                                                    "mi.movie_id"
                                                                                ],
                                                                                "Filter": "(mi.info = ANY ('{Bulgaria,German,English,Swedish}'::text[]))",
                                                                                "Rows Removed by Filter": 13977523
                                                                            }
                                                                        ]
                                                                    }
                                                                ]
                                                            },
                                                            {
                                                                "Node Type": "Bitmap Heap Scan",
                                                                "Parent Relationship": "Inner",
                                                                "Parallel Aware": false,
                                                                "Relation Name": "title",
                                                                "Schema": "public",
                                                                "Alias": "t",
                                                                "Startup Cost": 0.47,
                                                                "Total Cost": 4.48,
                                                                "Plan Rows": 1,
                                                                "Plan Width": 21,
                                                                "Actual Startup Time": 0.003,
                                                                "Actual Total Time": 0.003,
                                                                "Actual Rows": 0,
                                                                "Actual Loops": 2695,
                                                                "Output": [
                                                                    "t.id",
                                                                    "t.title",
                                                                    "t.imdb_index",
                                                                    "t.kind_id",
                                                                    "t.production_year",
                                                                    "t.imdb_id",
                                                                    "t.phonetic_code",
                                                                    "t.episode_of_id",
                                                                    "t.season_nr",
                                                                    "t.episode_nr",
                                                                    "t.series_years",
                                                                    "t.md5sum"
                                                                ],
                                                                "Recheck Cond": "(t.id = mc.movie_id)",
                                                                "Rows Removed by Index Recheck": 0,
                                                                "Filter": "(t.production_year = 1998)",
                                                                "Rows Removed by Filter": 1,
                                                                "Exact Heap Blocks": 2695,
                                                                "Lossy Heap Blocks": 0,
                                                                "Plans": [
                                                                    {
                                                                        "Node Type": "Bitmap Index Scan",
                                                                        "Parent Relationship": "Outer",
                                                                        "Parallel Aware": false,
                                                                        "Index Name": "title_pkey",
                                                                        "Startup Cost": 0.0,
                                                                        "Total Cost": 0.47,
                                                                        "Plan Rows": 1,
                                                                        "Plan Width": 0,
                                                                        "Actual Startup Time": 0.002,
                                                                        "Actual Total Time": 0.002,
                                                                        "Actual Rows": 1,
                                                                        "Actual Loops": 2695,
                                                                        "Index Cond": "(t.id = mc.movie_id)"
                                                                    }
                                                                ]
                                                            }
                                                        ]
                                                    }
                                                ]
                                            }
                                        ]
                                    },
                                    {
                                        "Node Type": "Bitmap Heap Scan",
                                        "Parent Relationship": "Inner",
                                        "Parallel Aware": false,
                                        "Relation Name": "company_name",
                                        "Schema": "public",
                                        "Alias": "cn",
                                        "Startup Cost": 0.43,
                                        "Total Cost": 4.45,
                                        "Plan Rows": 1,
                                        "Plan Width": 23,
                                        "Actual Startup Time": 0.003,
                                        "Actual Total Time": 0.003,
                                        "Actual Rows": 0,
                                        "Actual Loops": 1370,
                                        "Output": [
                                            "cn.id",
                                            "cn.name",
                                            "cn.country_code",
                                            "cn.imdb_id",
                                            "cn.name_pcode_nf",
                                            "cn.name_pcode_sf",
                                            "cn.md5sum"
                                        ],
                                        "Recheck Cond": "(cn.id = mc.company_id)",
                                        "Rows Removed by Index Recheck": 0,
                                        "Filter": "(((cn.country_code)::text <> '[pl]'::text) AND ((cn.name ~~ '%Film%'::text) OR (cn.name ~~ '%Warner%'::text)))",
                                        "Rows Removed by Filter": 1,
                                        "Exact Heap Blocks": 1370,
                                        "Lossy Heap Blocks": 0,
                                        "Plans": [
                                            {
                                                "Node Type": "Bitmap Index Scan",
                                                "Parent Relationship": "Outer",
                                                "Parallel Aware": false,
                                                "Index Name": "company_name_pkey",
                                                "Startup Cost": 0.0,
                                                "Total Cost": 0.43,
                                                "Plan Rows": 1,
                                                "Plan Width": 0,
                                                "Actual Startup Time": 0.002,
                                                "Actual Total Time": 0.002,
                                                "Actual Rows": 1,
                                                "Actual Loops": 1370,
                                                "Index Cond": "(cn.id = mc.company_id)"
                                            }
                                        ]
                                    }
                                ]
                            },
                            {
                                "Node Type": "Hash",
                                "Parent Relationship": "Inner",
                                "Parallel Aware": false,
                                "Startup Cost": 1.23,
                                "Total Cost": 1.23,
                                "Plan Rows": 1,
                                "Plan Width": 16,
                                "Actual Startup Time": 0.022,
                                "Actual Total Time": 0.023,
                                "Actual Rows": 2,
                                "Actual Loops": 1,
                                "Output": [
                                    "lt.link",
                                    "lt.id"
                                ],
                                "Hash Buckets": 1024,
                                "Original Hash Buckets": 1024,
                                "Hash Batches": 1,
                                "Original Hash Batches": 1,
                                "Peak Memory Usage": 9,
                                "Plans": [
                                    {
                                        "Node Type": "Seq Scan",
                                        "Parent Relationship": "Outer",
                                        "Parallel Aware": false,
                                        "Relation Name": "link_type",
                                        "Schema": "public",
                                        "Alias": "lt",
                                        "Startup Cost": 0.0,
                                        "Total Cost": 1.23,
                                        "Plan Rows": 1,
                                        "Plan Width": 16,
                                        "Actual Startup Time": 0.014,
                                        "Actual Total Time": 0.018,
                                        "Actual Rows": 2,
                                        "Actual Loops": 1,
                                        "Output": [
                                            "lt.link",
                                            "lt.id"
                                        ],
                                        "Filter": "((lt.link)::text ~~ '%follow%'::text)",
                                        "Rows Removed by Filter": 16
                                    }
                                ]
                            }
                        ]
                    },
                    {
                        "Node Type": "Bitmap Heap Scan",
                        "Parent Relationship": "Inner",
                        "Parallel Aware": false,
                        "Relation Name": "keyword",
                        "Schema": "public",
                        "Alias": "k",
                        "Startup Cost": 0.43,
                        "Total Cost": 4.44,
                        "Plan Rows": 1,
                        "Plan Width": 4,
                        "Actual Startup Time": 0.003,
                        "Actual Total Time": 0.003,
                        "Actual Rows": 0,
                        "Actual Loops": 513,
                        "Output": [
                            "k.id",
                            "k.keyword",
                            "k.phonetic_code"
                        ],
                        "Recheck Cond": "(k.id = mk.keyword_id)",
                        "Rows Removed by Index Recheck": 0,
                        "Filter": "(k.keyword = 'sequel'::text)",
                        "Rows Removed by Filter": 1,
                        "Exact Heap Blocks": 513,
                        "Lossy Heap Blocks": 0,
                        "Plans": [
                            {
                                "Node Type": "Bitmap Index Scan",
                                "Parent Relationship": "Outer",
                                "Parallel Aware": false,
                                "Index Name": "keyword_pkey",
                                "Startup Cost": 0.0,
                                "Total Cost": 0.43,
                                "Plan Rows": 1,
                                "Plan Width": 0,
                                "Actual Startup Time": 0.002,
                                "Actual Total Time": 0.002,
                                "Actual Rows": 1,
                                "Actual Loops": 513,
                                "Index Cond": "(k.id = mk.keyword_id)"
                            }
                        ]
                    }
                ]
            }
        ]
    },
    "Planning Time": 59.536,
    "Triggers": [],
    "Execution Time": 3752.921
}