[
  {
    "Plan": {
      "Node Type": "Aggregate",
      "Strategy": "Plain",
      "Partial Mode": "Finalize",
      "Parallel Aware": false,
      "Startup Cost": 10459.98,
      "Total Cost": 10459.99,
      "Plan Rows": 1,
      "Plan Width": 8,
      "Actual Startup Time": 29.908,
      "Actual Total Time": 32.007,
      "Actual Rows": 1,
      "Actual Loops": 1,
      "Plans": [
        {
          "Node Type": "Gather",
          "Parent Relationship": "Outer",
          "Parallel Aware": false,
          "Startup Cost": 10459.66,
          "Total Cost": 10459.97,
          "Plan Rows": 3,
          "Plan Width": 8,
          "Actual Startup Time": 29.827,
          "Actual Total Time": 31.999,
          "Actual Rows": 4,
          "Actual Loops": 1,
          "Workers Planned": 3,
          "Workers Launched": 3,
          "Single Copy": false,
          "Plans": [
            {
              "Node Type": "Aggregate",
              "Strategy": "Plain",
              "Partial Mode": "Partial",
              "Parent Relationship": "Outer",
              "Parallel Aware": false,
              "Startup Cost": 9459.66,
              "Total Cost": 9459.67,
              "Plan Rows": 1,
              "Plan Width": 8,
              "Actual Startup Time": 23.148,
              "Actual Total Time": 23.149,
              "Actual Rows": 1,
              "Actual Loops": 4,
              "Plans": [
                {
                  "Node Type": "Index Scan",
                  "Parent Relationship": "Outer",
                  "Parallel Aware": true,
                  "Scan Direction": "Forward",
                  "Index Name": "role_id_cast_info",
                  "Relation Name": "cast_info",
                  "Alias": "ci",
                  "Startup Cost": 0.56,
                  "Total Cost": 9367.76,
                  "Plan Rows": 36759,
                  "Plan Width": 0,
                  "Actual Startup Time": 0.103,
                  "Actual Total Time": 22.649,
                  "Actual Rows": 4040,
                  "Actual Loops": 4,
                  "Index Cond": "(role_id = 7)",
                  "Rows Removed by Index Recheck": 0,
                  "Filter": "(person_id < 1253631)",
                  "Rows Removed by Filter": 65061
                }
              ]
            }
          ]
        }
      ]
    },
    "Planning Time": 0.223,
    "Triggers": [],
    "Execution Time": 32.077
  }
]