[
    {
        "Bao": {
            "Bao prediction": "NaN",
            "Bao recommended hint": "(no hint)"
        }
    },
    {
        "Plan": {
            "Node Type": "Aggregate",
            "Strategy": "Plain",
            "Partial Mode": "Finalize",
            "Parallel Aware": false,
            "Startup Cost": 32416.82,
            "Total Cost": 32416.83,
            "Plan Rows": 1,
            "Plan Width": 8,
            "Actual Startup Time": 36.847,
            "Actual Total Time": 40.904,
            "Actual Rows": 1,
            "Actual Loops": 1,
            "Output": [
                "count(*)"
            ],
            "Plans": [
                {
                    "Node Type": "Gather",
                    "Parent Relationship": "Outer",
                    "Parallel Aware": false,
                    "Startup Cost": 32416.61,
                    "Total Cost": 32416.82,
                    "Plan Rows": 2,
                    "Plan Width": 8,
                    "Actual Startup Time": 36.712,
                    "Actual Total Time": 40.898,
                    "Actual Rows": 3,
                    "Actual Loops": 1,
                    "Output": [
                        "(PARTIAL count(*))"
                    ],
                    "Workers Planned": 2,
                    "Workers Launched": 2,
                    "Single Copy": false,
                    "Plans": [
                        {
                            "Node Type": "Aggregate",
                            "Strategy": "Plain",
                            "Partial Mode": "Partial",
                            "Parent Relationship": "Outer",
                            "Parallel Aware": false,
                            "Startup Cost": 31416.61,
                            "Total Cost": 31416.62,
                            "Plan Rows": 1,
                            "Plan Width": 8,
                            "Actual Startup Time": 28.957,
                            "Actual Total Time": 28.959,
                            "Actual Rows": 1,
                            "Actual Loops": 3,
                            "Output": [
                                "PARTIAL count(*)"
                            ],
                            "Workers": [
                                {
                                    "Worker Number": 0,
                                    "Actual Startup Time": 25.142,
                                    "Actual Total Time": 25.144,
                                    "Actual Rows": 1,
                                    "Actual Loops": 1
                                },
                                {
                                    "Worker Number": 1,
                                    "Actual Startup Time": 25.405,
                                    "Actual Total Time": 25.406,
                                    "Actual Rows": 1,
                                    "Actual Loops": 1
                                }
                            ],
                            "Plans": [
                                {
                                    "Node Type": "Nested Loop",
                                    "Parent Relationship": "Outer",
                                    "Parallel Aware": false,
                                    "Join Type": "Inner",
                                    "Startup Cost": 126.44,
                                    "Total Cost": 31416.45,
                                    "Plan Rows": 63,
                                    "Plan Width": 0,
                                    "Actual Startup Time": 5.802,
                                    "Actual Total Time": 28.944,
                                    "Actual Rows": 18,
                                    "Actual Loops": 3,
                                    "Inner Unique": true,
                                    "Workers": [
                                        {
                                            "Worker Number": 0,
                                            "Actual Startup Time": 10.219,
                                            "Actual Total Time": 25.134,
                                            "Actual Rows": 2,
                                            "Actual Loops": 1
                                        },
                                        {
                                            "Worker Number": 1,
                                            "Actual Startup Time": 2.525,
                                            "Actual Total Time": 25.394,
                                            "Actual Rows": 5,
                                            "Actual Loops": 1
                                        }
                                    ],
                                    "Plans": [
                                        {
                                            "Node Type": "Bitmap Heap Scan",
                                            "Parent Relationship": "Outer",
                                            "Parallel Aware": true,
                                            "Relation Name": "movie_keyword",
                                            "Schema": "public",
                                            "Alias": "mk",
                                            "Startup Cost": 126.01,
                                            "Total Cost": 13858.95,
                                            "Plan Rows": 2450,
                                            "Plan Width": 4,
                                            "Actual Startup Time": 1.347,
                                            "Actual Total Time": 9.906,
                                            "Actual Rows": 1816,
                                            "Actual Loops": 3,
                                            "Output": [
                                                "mk.id",
                                                "mk.movie_id",
                                                "mk.keyword_id"
                                            ],
                                            "Recheck Cond": "(mk.keyword_id = 1559)",
                                            "Rows Removed by Index Recheck": 0,
                                            "Exact Heap Blocks": 3856,
                                            "Lossy Heap Blocks": 0,
                                            "Workers": [
                                                {
                                                    "Worker Number": 0,
                                                    "Actual Startup Time": 0.152,
                                                    "Actual Total Time": 8.016,
                                                    "Actual Rows": 483,
                                                    "Actual Loops": 1
                                                },
                                                {
                                                    "Worker Number": 1,
                                                    "Actual Startup Time": 0.14,
                                                    "Actual Total Time": 8.296,
                                                    "Actual Rows": 521,
                                                    "Actual Loops": 1
                                                }
                                            ],
                                            "Plans": [
                                                {
                                                    "Node Type": "Bitmap Index Scan",
                                                    "Parent Relationship": "Outer",
                                                    "Parallel Aware": false,
                                                    "Index Name": "keyword_id_movie_keyword",
                                                    "Startup Cost": 0.0,
                                                    "Total Cost": 124.54,
                                                    "Plan Rows": 5881,
                                                    "Plan Width": 0,
                                                    "Actual Startup Time": 2.263,
                                                    "Actual Total Time": 2.264,
                                                    "Actual Rows": 5449,
                                                    "Actual Loops": 1,
                                                    "Index Cond": "(mk.keyword_id = 1559)"
                                                }
                                            ]
                                        },
                                        {
                                            "Node Type": "Index Scan",
                                            "Parent Relationship": "Inner",
                                            "Parallel Aware": false,
                                            "Scan Direction": "Forward",
                                            "Index Name": "title_pkey",
                                            "Relation Name": "title",
                                            "Schema": "public",
                                            "Alias": "t",
                                            "Startup Cost": 0.43,
                                            "Total Cost": 7.17,
                                            "Plan Rows": 1,
                                            "Plan Width": 4,
                                            "Actual Startup Time": 0.01,
                                            "Actual Total Time": 0.01,
                                            "Actual Rows": 0,
                                            "Actual Loops": 5449,
                                            "Output": [
                                                "t.id",
                                                "t.title",
                                                "t.imdb_index",
                                                "t.kind_id",
                                                "t.production_year",
                                                "t.imdb_id",
                                                "t.phonetic_code",
                                                "t.episode_of_id",
                                                "t.season_nr",
                                                "t.episode_nr",
                                                "t.series_years",
                                                "t.md5sum"
                                            ],
                                            "Index Cond": "(t.id = mk.movie_id)",
                                            "Rows Removed by Index Recheck": 0,
                                            "Filter": "((t.kind_id < 7) AND (t.production_year = 2012))",
                                            "Rows Removed by Filter": 1,
                                            "Workers": [
                                                {
                                                    "Worker Number": 0,
                                                    "Actual Startup Time": 0.034,
                                                    "Actual Total Time": 0.034,
                                                    "Actual Rows": 0,
                                                    "Actual Loops": 483
                                                },
                                                {
                                                    "Worker Number": 1,
                                                    "Actual Startup Time": 0.031,
                                                    "Actual Total Time": 0.031,
                                                    "Actual Rows": 0,
                                                    "Actual Loops": 521
                                                }
                                            ]
                                        }
                                    ]
                                }
                            ]
                        }
                    ]
                }
            ]
        },
        "Planning Time": 236.619,
        "Triggers": [],
        "Execution Time": 40.979
    }
]