[
    {
        "Bao": {
            "Bao prediction": 1590.362,
            "Bao recommended hint": "SET enable_nestloop TO off; "
        }
    },
    {
        "Plan": {
            "Node Type": "Aggregate",
            "Strategy": "Plain",
            "Partial Mode": "Simple",
            "Parallel Aware": false,
            "Startup Cost": 542060.59,
            "Total Cost": 542060.6,
            "Plan Rows": 1,
            "Plan Width": 64,
            "Actual Startup Time": 2517.603,
            "Actual Total Time": 2650.504,
            "Actual Rows": 1,
            "Actual Loops": 1,
            "Output": [
                "min(n.name)",
                "min(t.title)"
            ],
            "Plans": [
                {
                    "Node Type": "Hash Join",
                    "Parent Relationship": "Outer",
                    "Parallel Aware": false,
                    "Join Type": "Inner",
                    "Startup Cost": 472121.43,
                    "Total Cost": 542060.59,
                    "Plan Rows": 1,
                    "Plan Width": 32,
                    "Actual Startup Time": 2317.677,
                    "Actual Total Time": 2650.456,
                    "Actual Rows": 85,
                    "Actual Loops": 1,
                    "Output": [
                        "n.name",
                        "t.title"
                    ],
                    "Inner Unique": true,
                    "Hash Cond": "(t.kind_id = kt.id)",
                    "Plans": [
                        {
                            "Node Type": "Gather",
                            "Parent Relationship": "Outer",
                            "Parallel Aware": false,
                            "Startup Cost": 472120.33,
                            "Total Cost": 542059.49,
                            "Plan Rows": 1,
                            "Plan Width": 36,
                            "Actual Startup Time": 2317.522,
                            "Actual Total Time": 2650.252,
                            "Actual Rows": 101,
                            "Actual Loops": 1,
                            "Output": [
                                "n.name",
                                "t.title",
                                "t.kind_id"
                            ],
                            "Workers Planned": 4,
                            "Workers Launched": 4,
                            "Single Copy": false,
                            "Plans": [
                                {
                                    "Node Type": "Hash Join",
                                    "Parent Relationship": "Outer",
                                    "Parallel Aware": true,
                                    "Join Type": "Inner",
                                    "Startup Cost": 471120.33,
                                    "Total Cost": 541059.39,
                                    "Plan Rows": 1,
                                    "Plan Width": 36,
                                    "Actual Startup Time": 2306.271,
                                    "Actual Total Time": 2504.231,
                                    "Actual Rows": 20,
                                    "Actual Loops": 5,
                                    "Output": [
                                        "n.name",
                                        "t.title",
                                        "t.kind_id"
                                    ],
                                    "Inner Unique": false,
                                    "Hash Cond": "(n.id = ci.person_id)",
                                    "Workers": [
                                        {
                                            "Worker Number": 0,
                                            "Actual Startup Time": 2299.117,
                                            "Actual Total Time": 2501.357,
                                            "Actual Rows": 20,
                                            "Actual Loops": 1
                                        },
                                        {
                                            "Worker Number": 1,
                                            "Actual Startup Time": 2315.563,
                                            "Actual Total Time": 2501.415,
                                            "Actual Rows": 13,
                                            "Actual Loops": 1
                                        },
                                        {
                                            "Worker Number": 2,
                                            "Actual Startup Time": 2300.926,
                                            "Actual Total Time": 2501.449,
                                            "Actual Rows": 22,
                                            "Actual Loops": 1
                                        },
                                        {
                                            "Worker Number": 3,
                                            "Actual Startup Time": 2300.466,
                                            "Actual Total Time": 2502.596,
                                            "Actual Rows": 28,
                                            "Actual Loops": 1
                                        }
                                    ],
                                    "Plans": [
                                        {
                                            "Node Type": "Seq Scan",
                                            "Parent Relationship": "Outer",
                                            "Parallel Aware": true,
                                            "Relation Name": "name",
                                            "Schema": "public",
                                            "Alias": "n",
                                            "Startup Cost": 0.0,
                                            "Total Cost": 66031.94,
                                            "Plan Rows": 1041894,
                                            "Plan Width": 19,
                                            "Actual Startup Time": 0.027,
                                            "Actual Total Time": 133.666,
                                            "Actual Rows": 833498,
                                            "Actual Loops": 5,
                                            "Output": [
                                                "n.id",
                                                "n.name",
                                                "n.imdb_index",
                                                "n.imdb_id",
                                                "n.gender",
                                                "n.name_pcode_cf",
                                                "n.name_pcode_nf",
                                                "n.surname_pcode",
                                                "n.md5sum"
                                            ],
                                            "Workers": [
                                                {
                                                    "Worker Number": 0,
                                                    "Actual Startup Time": 0.037,
                                                    "Actual Total Time": 134.749,
                                                    "Actual Rows": 905847,
                                                    "Actual Loops": 1
                                                },
                                                {
                                                    "Worker Number": 1,
                                                    "Actual Startup Time": 0.028,
                                                    "Actual Total Time": 130.431,
                                                    "Actual Rows": 546711,
                                                    "Actual Loops": 1
                                                },
                                                {
                                                    "Worker Number": 2,
                                                    "Actual Startup Time": 0.027,
                                                    "Actual Total Time": 134.787,
                                                    "Actual Rows": 909871,
                                                    "Actual Loops": 1
                                                },
                                                {
                                                    "Worker Number": 3,
                                                    "Actual Startup Time": 0.024,
                                                    "Actual Total Time": 135.178,
                                                    "Actual Rows": 1089722,
                                                    "Actual Loops": 1
                                                }
                                            ]
                                        },
                                        {
                                            "Node Type": "Hash",
                                            "Parent Relationship": "Inner",
                                            "Parallel Aware": true,
                                            "Startup Cost": 471120.32,
                                            "Total Cost": 471120.32,
                                            "Plan Rows": 1,
                                            "Plan Width": 25,
                                            "Actual Startup Time": 2297.663,
                                            "Actual Total Time": 2297.688,
                                            "Actual Rows": 20,
                                            "Actual Loops": 5,
                                            "Output": [
                                                "ci.person_id",
                                                "t.title",
                                                "t.kind_id"
                                            ],
                                            "Hash Buckets": 1024,
                                            "Original Hash Buckets": 1024,
                                            "Hash Batches": 1,
                                            "Original Hash Batches": 1,
                                            "Peak Memory Usage": 168,
                                            "Workers": [
                                                {
                                                    "Worker Number": 0,
                                                    "Actual Startup Time": 2295.417,
                                                    "Actual Total Time": 2295.443,
                                                    "Actual Rows": 22,
                                                    "Actual Loops": 1
                                                },
                                                {
                                                    "Worker Number": 1,
                                                    "Actual Startup Time": 2295.407,
                                                    "Actual Total Time": 2295.439,
                                                    "Actual Rows": 11,
                                                    "Actual Loops": 1
                                                },
                                                {
                                                    "Worker Number": 2,
                                                    "Actual Startup Time": 2295.474,
                                                    "Actual Total Time": 2295.497,
                                                    "Actual Rows": 27,
                                                    "Actual Loops": 1
                                                },
                                                {
                                                    "Worker Number": 3,
                                                    "Actual Startup Time": 2296.669,
                                                    "Actual Total Time": 2296.69,
                                                    "Actual Rows": 22,
                                                    "Actual Loops": 1
                                                }
                                            ],
                                            "Plans": [
                                                {
                                                    "Node Type": "Hash Join",
                                                    "Parent Relationship": "Outer",
                                                    "Parallel Aware": false,
                                                    "Join Type": "Inner",
                                                    "Startup Cost": 425181.65,
                                                    "Total Cost": 471120.32,
                                                    "Plan Rows": 1,
                                                    "Plan Width": 25,
                                                    "Actual Startup Time": 2245.504,
                                                    "Actual Total Time": 2297.535,
                                                    "Actual Rows": 20,
                                                    "Actual Loops": 5,
                                                    "Output": [
                                                        "ci.person_id",
                                                        "t.title",
                                                        "t.kind_id"
                                                    ],
                                                    "Inner Unique": false,
                                                    "Hash Cond": "(t.id = cc.movie_id)",
                                                    "Workers": [
                                                        {
                                                            "Worker Number": 0,
                                                            "Actual Startup Time": 2249.001,
                                                            "Actual Total Time": 2295.278,
                                                            "Actual Rows": 22,
                                                            "Actual Loops": 1
                                                        },
                                                        {
                                                            "Worker Number": 1,
                                                            "Actual Startup Time": 2218.921,
                                                            "Actual Total Time": 2295.308,
                                                            "Actual Rows": 11,
                                                            "Actual Loops": 1
                                                        },
                                                        {
                                                            "Worker Number": 2,
                                                            "Actual Startup Time": 2241.841,
                                                            "Actual Total Time": 2295.304,
                                                            "Actual Rows": 27,
                                                            "Actual Loops": 1
                                                        },
                                                        {
                                                            "Worker Number": 3,
                                                            "Actual Startup Time": 2254.453,
                                                            "Actual Total Time": 2296.528,
                                                            "Actual Rows": 22,
                                                            "Actual Loops": 1
                                                        }
                                                    ],
                                                    "Plans": [
                                                        {
                                                            "Node Type": "Hash Join",
                                                            "Parent Relationship": "Outer",
                                                            "Parallel Aware": true,
                                                            "Join Type": "Inner",
                                                            "Startup Cost": 422079.23,
                                                            "Total Cost": 468017.89,
                                                            "Plan Rows": 1,
                                                            "Plan Width": 37,
                                                            "Actual Startup Time": 2090.801,
                                                            "Actual Total Time": 2212.829,
                                                            "Actual Rows": 53,
                                                            "Actual Loops": 5,
                                                            "Output": [
                                                                "ci.movie_id",
                                                                "ci.person_id",
                                                                "mk.movie_id",
                                                                "t.title",
                                                                "t.kind_id",
                                                                "t.id"
                                                            ],
                                                            "Inner Unique": false,
                                                            "Hash Cond": "(t.id = mk.movie_id)",
                                                            "Workers": [
                                                                {
                                                                    "Worker Number": 0,
                                                                    "Actual Startup Time": 2094.521,
                                                                    "Actual Total Time": 2211.111,
                                                                    "Actual Rows": 57,
                                                                    "Actual Loops": 1
                                                                },
                                                                {
                                                                    "Worker Number": 1,
                                                                    "Actual Startup Time": 2081.496,
                                                                    "Actual Total Time": 2211.004,
                                                                    "Actual Rows": 51,
                                                                    "Actual Loops": 1
                                                                },
                                                                {
                                                                    "Worker Number": 2,
                                                                    "Actual Startup Time": 2092.248,
                                                                    "Actual Total Time": 2211.021,
                                                                    "Actual Rows": 54,
                                                                    "Actual Loops": 1
                                                                },
                                                                {
                                                                    "Worker Number": 3,
                                                                    "Actual Startup Time": 2088.51,
                                                                    "Actual Total Time": 2212.279,
                                                                    "Actual Rows": 58,
                                                                    "Actual Loops": 1
                                                                }
                                                            ],
                                                            "Plans": [
                                                                {
                                                                    "Node Type": "Seq Scan",
                                                                    "Parent Relationship": "Outer",
                                                                    "Parallel Aware": true,
                                                                    "Relation Name": "title",
                                                                    "Schema": "public",
                                                                    "Alias": "t",
                                                                    "Startup Cost": 0.0,
                                                                    "Total Cost": 43899.32,
                                                                    "Plan Rows": 543820,
                                                                    "Plan Width": 25,
                                                                    "Actual Startup Time": 0.045,
                                                                    "Actual Total Time": 100.023,
                                                                    "Actual Rows": 431949,
                                                                    "Actual Loops": 5,
                                                                    "Output": [
                                                                        "t.id",
                                                                        "t.title",
                                                                        "t.imdb_index",
                                                                        "t.kind_id",
                                                                        "t.production_year",
                                                                        "t.imdb_id",
                                                                        "t.phonetic_code",
                                                                        "t.episode_of_id",
                                                                        "t.season_nr",
                                                                        "t.episode_nr",
                                                                        "t.series_years",
                                                                        "t.md5sum"
                                                                    ],
                                                                    "Filter": "(t.production_year > 1964)",
                                                                    "Rows Removed by Filter": 73713,
                                                                    "Workers": [
                                                                        {
                                                                            "Worker Number": 0,
                                                                            "Actual Startup Time": 0.061,
                                                                            "Actual Total Time": 100.137,
                                                                            "Actual Rows": 468198,
                                                                            "Actual Loops": 1
                                                                        },
                                                                        {
                                                                            "Worker Number": 1,
                                                                            "Actual Startup Time": 0.045,
                                                                            "Actual Total Time": 99.413,
                                                                            "Actual Rows": 324670,
                                                                            "Actual Loops": 1
                                                                        },
                                                                        {
                                                                            "Worker Number": 2,
                                                                            "Actual Startup Time": 0.046,
                                                                            "Actual Total Time": 100.618,
                                                                            "Actual Rows": 471373,
                                                                            "Actual Loops": 1
                                                                        },
                                                                        {
                                                                            "Worker Number": 3,
                                                                            "Actual Startup Time": 0.038,
                                                                            "Actual Total Time": 100.615,
                                                                            "Actual Rows": 550212,
                                                                            "Actual Loops": 1
                                                                        }
                                                                    ]
                                                                },
                                                                {
                                                                    "Node Type": "Hash",
                                                                    "Parent Relationship": "Inner",
                                                                    "Parallel Aware": true,
                                                                    "Startup Cost": 422079.22,
                                                                    "Total Cost": 422079.22,
                                                                    "Plan Rows": 1,
                                                                    "Plan Width": 12,
                                                                    "Actual Startup Time": 2079.772,
                                                                    "Actual Total Time": 2079.787,
                                                                    "Actual Rows": 68,
                                                                    "Actual Loops": 5,
                                                                    "Output": [
                                                                        "ci.movie_id",
                                                                        "ci.person_id",
                                                                        "mk.movie_id"
                                                                    ],
                                                                    "Hash Buckets": 1024,
                                                                    "Original Hash Buckets": 1024,
                                                                    "Hash Batches": 1,
                                                                    "Original Hash Batches": 1,
                                                                    "Peak Memory Usage": 168,
                                                                    "Workers": [
                                                                        {
                                                                            "Worker Number": 0,
                                                                            "Actual Startup Time": 2078.123,
                                                                            "Actual Total Time": 2078.137,
                                                                            "Actual Rows": 76,
                                                                            "Actual Loops": 1
                                                                        },
                                                                        {
                                                                            "Worker Number": 1,
                                                                            "Actual Startup Time": 2077.87,
                                                                            "Actual Total Time": 2077.89,
                                                                            "Actual Rows": 71,
                                                                            "Actual Loops": 1
                                                                        },
                                                                        {
                                                                            "Worker Number": 2,
                                                                            "Actual Startup Time": 2078.027,
                                                                            "Actual Total Time": 2078.04,
                                                                            "Actual Rows": 61,
                                                                            "Actual Loops": 1
                                                                        },
                                                                        {
                                                                            "Worker Number": 3,
                                                                            "Actual Startup Time": 2079.159,
                                                                            "Actual Total Time": 2079.169,
                                                                            "Actual Rows": 77,
                                                                            "Actual Loops": 1
                                                                        }
                                                                    ],
                                                                    "Plans": [
                                                                        {
                                                                            "Node Type": "Hash Join",
                                                                            "Parent Relationship": "Outer",
                                                                            "Parallel Aware": true,
                                                                            "Join Type": "Inner",
                                                                            "Startup Cost": 93110.3,
                                                                            "Total Cost": 422079.22,
                                                                            "Plan Rows": 1,
                                                                            "Plan Width": 12,
                                                                            "Actual Startup Time": 432.992,
                                                                            "Actual Total Time": 2079.465,
                                                                            "Actual Rows": 68,
                                                                            "Actual Loops": 5,
                                                                            "Output": [
                                                                                "ci.movie_id",
                                                                                "ci.person_id",
                                                                                "mk.movie_id"
                                                                            ],
                                                                            "Inner Unique": false,
                                                                            "Hash Cond": "(ci.movie_id = mk.movie_id)",
                                                                            "Workers": [
                                                                                {
                                                                                    "Worker Number": 0,
                                                                                    "Actual Startup Time": 423.974,
                                                                                    "Actual Total Time": 2077.726,
                                                                                    "Actual Rows": 76,
                                                                                    "Actual Loops": 1
                                                                                },
                                                                                {
                                                                                    "Worker Number": 1,
                                                                                    "Actual Startup Time": 429.891,
                                                                                    "Actual Total Time": 2077.732,
                                                                                    "Actual Rows": 71,
                                                                                    "Actual Loops": 1
                                                                                },
                                                                                {
                                                                                    "Worker Number": 2,
                                                                                    "Actual Startup Time": 423.18,
                                                                                    "Actual Total Time": 2077.647,
                                                                                    "Actual Rows": 61,
                                                                                    "Actual Loops": 1
                                                                                },
                                                                                {
                                                                                    "Worker Number": 3,
                                                                                    "Actual Startup Time": 439.795,
                                                                                    "Actual Total Time": 2078.876,
                                                                                    "Actual Rows": 77,
                                                                                    "Actual Loops": 1
                                                                                }
                                                                            ],
                                                                            "Plans": [
                                                                                {
                                                                                    "Node Type": "Hash Join",
                                                                                    "Parent Relationship": "Outer",
                                                                                    "Parallel Aware": true,
                                                                                    "Join Type": "Inner",
                                                                                    "Startup Cost": 46262.79,
                                                                                    "Total Cost": 375229.44,
                                                                                    "Plan Rows": 604,
                                                                                    "Plan Width": 8,
                                                                                    "Actual Startup Time": 145.27,
                                                                                    "Actual Total Time": 1804.941,
                                                                                    "Actual Rows": 1148,
                                                                                    "Actual Loops": 5,
                                                                                    "Output": [
                                                                                        "ci.movie_id",
                                                                                        "ci.person_id"
                                                                                    ],
                                                                                    "Inner Unique": true,
                                                                                    "Hash Cond": "(ci.person_role_id = chn.id)",
                                                                                    "Workers": [
                                                                                        {
                                                                                            "Worker Number": 0,
                                                                                            "Actual Startup Time": 144.541,
                                                                                            "Actual Total Time": 1804.659,
                                                                                            "Actual Rows": 1488,
                                                                                            "Actual Loops": 1
                                                                                        },
                                                                                        {
                                                                                            "Worker Number": 1,
                                                                                            "Actual Startup Time": 144.38,
                                                                                            "Actual Total Time": 1804.95,
                                                                                            "Actual Rows": 1151,
                                                                                            "Actual Loops": 1
                                                                                        },
                                                                                        {
                                                                                            "Worker Number": 2,
                                                                                            "Actual Startup Time": 146.792,
                                                                                            "Actual Total Time": 1805.055,
                                                                                            "Actual Rows": 1017,
                                                                                            "Actual Loops": 1
                                                                                        },
                                                                                        {
                                                                                            "Worker Number": 3,
                                                                                            "Actual Startup Time": 145.719,
                                                                                            "Actual Total Time": 1804.975,
                                                                                            "Actual Rows": 1036,
                                                                                            "Actual Loops": 1
                                                                                        }
                                                                                    ],
                                                                                    "Plans": [
                                                                                        {
                                                                                            "Node Type": "Seq Scan",
                                                                                            "Parent Relationship": "Outer",
                                                                                            "Parallel Aware": true,
                                                                                            "Relation Name": "cast_info",
                                                                                            "Schema": "public",
                                                                                            "Alias": "ci",
                                                                                            "Startup Cost": 0.0,
                                                                                            "Total Cost": 313106.51,
                                                                                            "Plan Rows": 6041951,
                                                                                            "Plan Width": 12,
                                                                                            "Actual Startup Time": 0.013,
                                                                                            "Actual Total Time": 899.729,
                                                                                            "Actual Rows": 7248869,
                                                                                            "Actual Loops": 5,
                                                                                            "Output": [
                                                                                                "ci.id",
                                                                                                "ci.person_id",
                                                                                                "ci.movie_id",
                                                                                                "ci.person_role_id",
                                                                                                "ci.note",
                                                                                                "ci.nr_order",
                                                                                                "ci.role_id"
                                                                                            ],
                                                                                            "Workers": [
                                                                                                {
                                                                                                    "Worker Number": 0,
                                                                                                    "Actual Startup Time": 0.019,
                                                                                                    "Actual Total Time": 900.277,
                                                                                                    "Actual Rows": 7241286,
                                                                                                    "Actual Loops": 1
                                                                                                },
                                                                                                {
                                                                                                    "Worker Number": 1,
                                                                                                    "Actual Startup Time": 0.01,
                                                                                                    "Actual Total Time": 899.168,
                                                                                                    "Actual Rows": 6507977,
                                                                                                    "Actual Loops": 1
                                                                                                },
                                                                                                {
                                                                                                    "Worker Number": 2,
                                                                                                    "Actual Startup Time": 0.01,
                                                                                                    "Actual Total Time": 902.547,
                                                                                                    "Actual Rows": 7823211,
                                                                                                    "Actual Loops": 1
                                                                                                },
                                                                                                {
                                                                                                    "Worker Number": 3,
                                                                                                    "Actual Startup Time": 0.009,
                                                                                                    "Actual Total Time": 900.246,
                                                                                                    "Actual Rows": 7872022,
                                                                                                    "Actual Loops": 1
                                                                                                }
                                                                                            ]
                                                                                        },
                                                                                        {
                                                                                            "Node Type": "Hash",
                                                                                            "Parent Relationship": "Inner",
                                                                                            "Parallel Aware": true,
                                                                                            "Startup Cost": 46261.82,
                                                                                            "Total Cost": 46261.82,
                                                                                            "Plan Rows": 78,
                                                                                            "Plan Width": 4,
                                                                                            "Actual Startup Time": 144.102,
                                                                                            "Actual Total Time": 144.104,
                                                                                            "Actual Rows": 486,
                                                                                            "Actual Loops": 5,
                                                                                            "Output": [
                                                                                                "chn.id"
                                                                                            ],
                                                                                            "Hash Buckets": 1024,
                                                                                            "Original Hash Buckets": 1024,
                                                                                            "Hash Batches": 1,
                                                                                            "Original Hash Batches": 1,
                                                                                            "Peak Memory Usage": 168,
                                                                                            "Workers": [
                                                                                                {
                                                                                                    "Worker Number": 0,
                                                                                                    "Actual Startup Time": 144.103,
                                                                                                    "Actual Total Time": 144.105,
                                                                                                    "Actual Rows": 475,
                                                                                                    "Actual Loops": 1
                                                                                                },
                                                                                                {
                                                                                                    "Worker Number": 1,
                                                                                                    "Actual Startup Time": 144.101,
                                                                                                    "Actual Total Time": 144.106,
                                                                                                    "Actual Rows": 483,
                                                                                                    "Actual Loops": 1
                                                                                                },
                                                                                                {
                                                                                                    "Worker Number": 2,
                                                                                                    "Actual Startup Time": 144.097,
                                                                                                    "Actual Total Time": 144.099,
                                                                                                    "Actual Rows": 505,
                                                                                                    "Actual Loops": 1
                                                                                                },
                                                                                                {
                                                                                                    "Worker Number": 3,
                                                                                                    "Actual Startup Time": 144.107,
                                                                                                    "Actual Total Time": 144.108,
                                                                                                    "Actual Rows": 484,
                                                                                                    "Actual Loops": 1
                                                                                                }
                                                                                            ],
                                                                                            "Plans": [
                                                                                                {
                                                                                                    "Node Type": "Seq Scan",
                                                                                                    "Parent Relationship": "Outer",
                                                                                                    "Parallel Aware": true,
                                                                                                    "Relation Name": "char_name",
                                                                                                    "Schema": "public",
                                                                                                    "Alias": "chn",
                                                                                                    "Startup Cost": 0.0,
                                                                                                    "Total Cost": 46261.82,
                                                                                                    "Plan Rows": 78,
                                                                                                    "Plan Width": 4,
                                                                                                    "Actual Startup Time": 0.393,
                                                                                                    "Actual Total Time": 143.555,
                                                                                                    "Actual Rows": 486,
                                                                                                    "Actual Loops": 5,
                                                                                                    "Output": [
                                                                                                        "chn.id"
                                                                                                    ],
                                                                                                    "Filter": "((chn.name IS NOT NULL) AND (chn.name ~~ '%Sr.%'::text))",
                                                                                                    "Rows Removed by Filter": 627582,
                                                                                                    "Workers": [
                                                                                                        {
                                                                                                            "Worker Number": 0,
                                                                                                            "Actual Startup Time": 0.186,
                                                                                                            "Actual Total Time": 143.533,
                                                                                                            "Actual Rows": 475,
                                                                                                            "Actual Loops": 1
                                                                                                        },
                                                                                                        {
                                                                                                            "Worker Number": 1,
                                                                                                            "Actual Startup Time": 1.47,
                                                                                                            "Actual Total Time": 143.582,
                                                                                                            "Actual Rows": 483,
                                                                                                            "Actual Loops": 1
                                                                                                        },
                                                                                                        {
                                                                                                            "Worker Number": 2,
                                                                                                            "Actual Startup Time": 0.187,
                                                                                                            "Actual Total Time": 143.513,
                                                                                                            "Actual Rows": 505,
                                                                                                            "Actual Loops": 1
                                                                                                        },
                                                                                                        {
                                                                                                            "Worker Number": 3,
                                                                                                            "Actual Startup Time": 0.044,
                                                                                                            "Actual Total Time": 143.56,
                                                                                                            "Actual Rows": 484,
                                                                                                            "Actual Loops": 1
                                                                                                        }
                                                                                                    ]
                                                                                                }
                                                                                            ]
                                                                                        }
                                                                                    ]
                                                                                },
                                                                                {
                                                                                    "Node Type": "Hash",
                                                                                    "Parent Relationship": "Inner",
                                                                                    "Parallel Aware": true,
                                                                                    "Startup Cost": 46846.14,
                                                                                    "Total Cost": 46846.14,
                                                                                    "Plan Rows": 109,
                                                                                    "Plan Width": 4,
                                                                                    "Actual Startup Time": 273.402,
                                                                                    "Actual Total Time": 273.407,
                                                                                    "Actual Rows": 13660,
                                                                                    "Actual Loops": 5,
                                                                                    "Output": [
                                                                                        "mk.movie_id"
                                                                                    ],
                                                                                    "Hash Buckets": 65536,
                                                                                    "Original Hash Buckets": 1024,
                                                                                    "Hash Batches": 1,
                                                                                    "Original Hash Batches": 1,
                                                                                    "Peak Memory Usage": 3736,
                                                                                    "Workers": [
                                                                                        {
                                                                                            "Worker Number": 0,
                                                                                            "Actual Startup Time": 271.676,
                                                                                            "Actual Total Time": 271.682,
                                                                                            "Actual Rows": 13596,
                                                                                            "Actual Loops": 1
                                                                                        },
                                                                                        {
                                                                                            "Worker Number": 1,
                                                                                            "Actual Startup Time": 271.571,
                                                                                            "Actual Total Time": 271.579,
                                                                                            "Actual Rows": 12839,
                                                                                            "Actual Loops": 1
                                                                                        },
                                                                                        {
                                                                                            "Worker Number": 2,
                                                                                            "Actual Startup Time": 271.618,
                                                                                            "Actual Total Time": 271.623,
                                                                                            "Actual Rows": 13631,
                                                                                            "Actual Loops": 1
                                                                                        },
                                                                                        {
                                                                                            "Worker Number": 3,
                                                                                            "Actual Startup Time": 272.869,
                                                                                            "Actual Total Time": 272.873,
                                                                                            "Actual Rows": 14675,
                                                                                            "Actual Loops": 1
                                                                                        }
                                                                                    ],
                                                                                    "Plans": [
                                                                                        {
                                                                                            "Node Type": "Hash Join",
                                                                                            "Parent Relationship": "Outer",
                                                                                            "Parallel Aware": false,
                                                                                            "Join Type": "Inner",
                                                                                            "Startup Cost": 3967.95,
                                                                                            "Total Cost": 46846.14,
                                                                                            "Plan Rows": 109,
                                                                                            "Plan Width": 4,
                                                                                            "Actual Startup Time": 40.885,
                                                                                            "Actual Total Time": 242.29,
                                                                                            "Actual Rows": 13660,
                                                                                            "Actual Loops": 5,
                                                                                            "Output": [
                                                                                                "mk.movie_id"
                                                                                            ],
                                                                                            "Inner Unique": true,
                                                                                            "Hash Cond": "(mk.keyword_id = k.id)",
                                                                                            "Workers": [
                                                                                                {
                                                                                                    "Worker Number": 0,
                                                                                                    "Actual Startup Time": 41.194,
                                                                                                    "Actual Total Time": 243.575,
                                                                                                    "Actual Rows": 13596,
                                                                                                    "Actual Loops": 1
                                                                                                },
                                                                                                {
                                                                                                    "Worker Number": 1,
                                                                                                    "Actual Startup Time": 41.118,
                                                                                                    "Actual Total Time": 231.13,
                                                                                                    "Actual Rows": 12839,
                                                                                                    "Actual Loops": 1
                                                                                                },
                                                                                                {
                                                                                                    "Worker Number": 2,
                                                                                                    "Actual Startup Time": 41.124,
                                                                                                    "Actual Total Time": 242.053,
                                                                                                    "Actual Rows": 13631,
                                                                                                    "Actual Loops": 1
                                                                                                },
                                                                                                {
                                                                                                    "Worker Number": 3,
                                                                                                    "Actual Startup Time": 39.882,
                                                                                                    "Actual Total Time": 256.48,
                                                                                                    "Actual Rows": 14675,
                                                                                                    "Actual Loops": 1
                                                                                                }
                                                                                            ],
                                                                                            "Plans": [
                                                                                                {
                                                                                                    "Node Type": "Seq Scan",
                                                                                                    "Parent Relationship": "Outer",
                                                                                                    "Parallel Aware": true,
                                                                                                    "Relation Name": "movie_keyword",
                                                                                                    "Schema": "public",
                                                                                                    "Alias": "mk",
                                                                                                    "Startup Cost": 0.0,
                                                                                                    "Total Cost": 39047.32,
                                                                                                    "Plan Rows": 1459332,
                                                                                                    "Plan Width": 8,
                                                                                                    "Actual Startup Time": 0.046,
                                                                                                    "Actual Total Time": 109.892,
                                                                                                    "Actual Rows": 904786,
                                                                                                    "Actual Loops": 5,
                                                                                                    "Output": [
                                                                                                        "mk.id",
                                                                                                        "mk.movie_id",
                                                                                                        "mk.keyword_id"
                                                                                                    ],
                                                                                                    "Workers": [
                                                                                                        {
                                                                                                            "Worker Number": 0,
                                                                                                            "Actual Startup Time": 0.045,
                                                                                                            "Actual Total Time": 110.73,
                                                                                                            "Actual Rows": 913715,
                                                                                                            "Actual Loops": 1
                                                                                                        },
                                                                                                        {
                                                                                                            "Worker Number": 1,
                                                                                                            "Actual Startup Time": 0.039,
                                                                                                            "Actual Total Time": 104.438,
                                                                                                            "Actual Rows": 846745,
                                                                                                            "Actual Loops": 1
                                                                                                        },
                                                                                                        {
                                                                                                            "Worker Number": 2,
                                                                                                            "Actual Startup Time": 0.037,
                                                                                                            "Actual Total Time": 109.723,
                                                                                                            "Actual Rows": 907920,
                                                                                                            "Actual Loops": 1
                                                                                                        },
                                                                                                        {
                                                                                                            "Worker Number": 3,
                                                                                                            "Actual Startup Time": 0.097,
                                                                                                            "Actual Total Time": 117.8,
                                                                                                            "Actual Rows": 988640,
                                                                                                            "Actual Loops": 1
                                                                                                        }
                                                                                                    ]
                                                                                                },
                                                                                                {
                                                                                                    "Node Type": "Hash",
                                                                                                    "Parent Relationship": "Inner",
                                                                                                    "Parallel Aware": false,
                                                                                                    "Startup Cost": 3967.82,
                                                                                                    "Total Cost": 3967.82,
                                                                                                    "Plan Rows": 10,
                                                                                                    "Plan Width": 4,
                                                                                                    "Actual Startup Time": 40.781,
                                                                                                    "Actual Total Time": 40.782,
                                                                                                    "Actual Rows": 8,
                                                                                                    "Actual Loops": 5,
                                                                                                    "Output": [
                                                                                                        "k.id"
                                                                                                    ],
                                                                                                    "Hash Buckets": 1024,
                                                                                                    "Original Hash Buckets": 1024,
                                                                                                    "Hash Batches": 1,
                                                                                                    "Original Hash Batches": 1,
                                                                                                    "Peak Memory Usage": 9,
                                                                                                    "Workers": [
                                                                                                        {
                                                                                                            "Worker Number": 0,
                                                                                                            "Actual Startup Time": 41.105,
                                                                                                            "Actual Total Time": 41.108,
                                                                                                            "Actual Rows": 8,
                                                                                                            "Actual Loops": 1
                                                                                                        },
                                                                                                        {
                                                                                                            "Worker Number": 1,
                                                                                                            "Actual Startup Time": 41.016,
                                                                                                            "Actual Total Time": 41.02,
                                                                                                            "Actual Rows": 8,
                                                                                                            "Actual Loops": 1
                                                                                                        },
                                                                                                        {
                                                                                                            "Worker Number": 2,
                                                                                                            "Actual Startup Time": 41.047,
                                                                                                            "Actual Total Time": 41.048,
                                                                                                            "Actual Rows": 8,
                                                                                                            "Actual Loops": 1
                                                                                                        },
                                                                                                        {
                                                                                                            "Worker Number": 3,
                                                                                                            "Actual Startup Time": 39.664,
                                                                                                            "Actual Total Time": 39.665,
                                                                                                            "Actual Rows": 8,
                                                                                                            "Actual Loops": 1
                                                                                                        }
                                                                                                    ],
                                                                                                    "Plans": [
                                                                                                        {
                                                                                                            "Node Type": "Seq Scan",
                                                                                                            "Parent Relationship": "Outer",
                                                                                                            "Parallel Aware": false,
                                                                                                            "Relation Name": "keyword",
                                                                                                            "Schema": "public",
                                                                                                            "Alias": "k",
                                                                                                            "Startup Cost": 0.0,
                                                                                                            "Total Cost": 3967.82,
                                                                                                            "Plan Rows": 10,
                                                                                                            "Plan Width": 4,
                                                                                                            "Actual Startup Time": 0.87,
                                                                                                            "Actual Total Time": 40.769,
                                                                                                            "Actual Rows": 8,
                                                                                                            "Actual Loops": 5,
                                                                                                            "Output": [
                                                                                                                "k.id"
                                                                                                            ],
                                                                                                            "Filter": "(k.keyword = ANY ('{murder,tv-special,female-nudity,gore,magnet,tv-special,gore,fight,claw,number-in-title}'::text[]))",
                                                                                                            "Rows Removed by Filter": 134162,
                                                                                                            "Workers": [
                                                                                                                {
                                                                                                                    "Worker Number": 0,
                                                                                                                    "Actual Startup Time": 0.915,
                                                                                                                    "Actual Total Time": 41.094,
                                                                                                                    "Actual Rows": 8,
                                                                                                                    "Actual Loops": 1
                                                                                                                },
                                                                                                                {
                                                                                                                    "Worker Number": 1,
                                                                                                                    "Actual Startup Time": 0.838,
                                                                                                                    "Actual Total Time": 41.006,
                                                                                                                    "Actual Rows": 8,
                                                                                                                    "Actual Loops": 1
                                                                                                                },
                                                                                                                {
                                                                                                                    "Worker Number": 2,
                                                                                                                    "Actual Startup Time": 0.857,
                                                                                                                    "Actual Total Time": 41.036,
                                                                                                                    "Actual Rows": 8,
                                                                                                                    "Actual Loops": 1
                                                                                                                },
                                                                                                                {
                                                                                                                    "Worker Number": 3,
                                                                                                                    "Actual Startup Time": 0.885,
                                                                                                                    "Actual Total Time": 39.648,
                                                                                                                    "Actual Rows": 8,
                                                                                                                    "Actual Loops": 1
                                                                                                                }
                                                                                                            ]
                                                                                                        }
                                                                                                    ]
                                                                                                }
                                                                                            ]
                                                                                        }
                                                                                    ]
                                                                                }
                                                                            ]
                                                                        }
                                                                    ]
                                                                }
                                                            ]
                                                        },
                                                        {
                                                            "Node Type": "Hash",
                                                            "Parent Relationship": "Inner",
                                                            "Parallel Aware": false,
                                                            "Startup Cost": 2996.88,
                                                            "Total Cost": 2996.88,
                                                            "Plan Rows": 8443,
                                                            "Plan Width": 4,
                                                            "Actual Startup Time": 84.411,
                                                            "Actual Total Time": 84.418,
                                                            "Actual Rows": 85941,
                                                            "Actual Loops": 5,
                                                            "Output": [
                                                                "cc.movie_id"
                                                            ],
                                                            "Hash Buckets": 131072,
                                                            "Original Hash Buckets": 16384,
                                                            "Hash Batches": 1,
                                                            "Original Hash Batches": 1,
                                                            "Peak Memory Usage": 4046,
                                                            "Workers": [
                                                                {
                                                                    "Worker Number": 0,
                                                                    "Actual Startup Time": 83.908,
                                                                    "Actual Total Time": 83.915,
                                                                    "Actual Rows": 85941,
                                                                    "Actual Loops": 1
                                                                },
                                                                {
                                                                    "Worker Number": 1,
                                                                    "Actual Startup Time": 83.998,
                                                                    "Actual Total Time": 84.006,
                                                                    "Actual Rows": 85941,
                                                                    "Actual Loops": 1
                                                                },
                                                                {
                                                                    "Worker Number": 2,
                                                                    "Actual Startup Time": 84.008,
                                                                    "Actual Total Time": 84.013,
                                                                    "Actual Rows": 85941,
                                                                    "Actual Loops": 1
                                                                },
                                                                {
                                                                    "Worker Number": 3,
                                                                    "Actual Startup Time": 83.954,
                                                                    "Actual Total Time": 83.962,
                                                                    "Actual Rows": 85941,
                                                                    "Actual Loops": 1
                                                                }
                                                            ],
                                                            "Plans": [
                                                                {
                                                                    "Node Type": "Hash Join",
                                                                    "Parent Relationship": "Outer",
                                                                    "Parallel Aware": false,
                                                                    "Join Type": "Inner",
                                                                    "Startup Cost": 2.12,
                                                                    "Total Cost": 2996.88,
                                                                    "Plan Rows": 8443,
                                                                    "Plan Width": 4,
                                                                    "Actual Startup Time": 0.295,
                                                                    "Actual Total Time": 63.094,
                                                                    "Actual Rows": 85941,
                                                                    "Actual Loops": 5,
                                                                    "Output": [
                                                                        "cc.movie_id"
                                                                    ],
                                                                    "Inner Unique": true,
                                                                    "Hash Cond": "(cc.status_id = cct2.id)",
                                                                    "Workers": [
                                                                        {
                                                                            "Worker Number": 0,
                                                                            "Actual Startup Time": 0.276,
                                                                            "Actual Total Time": 62.397,
                                                                            "Actual Rows": 85941,
                                                                            "Actual Loops": 1
                                                                        },
                                                                        {
                                                                            "Worker Number": 1,
                                                                            "Actual Startup Time": 0.282,
                                                                            "Actual Total Time": 62.399,
                                                                            "Actual Rows": 85941,
                                                                            "Actual Loops": 1
                                                                        },
                                                                        {
                                                                            "Worker Number": 2,
                                                                            "Actual Startup Time": 0.29,
                                                                            "Actual Total Time": 62.351,
                                                                            "Actual Rows": 85941,
                                                                            "Actual Loops": 1
                                                                        },
                                                                        {
                                                                            "Worker Number": 3,
                                                                            "Actual Startup Time": 0.36,
                                                                            "Actual Total Time": 63.073,
                                                                            "Actual Rows": 85941,
                                                                            "Actual Loops": 1
                                                                        }
                                                                    ],
                                                                    "Plans": [
                                                                        {
                                                                            "Node Type": "Hash Join",
                                                                            "Parent Relationship": "Outer",
                                                                            "Parallel Aware": false,
                                                                            "Join Type": "Inner",
                                                                            "Startup Cost": 1.06,
                                                                            "Total Cost": 2813.24,
                                                                            "Plan Rows": 33772,
                                                                            "Plan Width": 8,
                                                                            "Actual Startup Time": 0.143,
                                                                            "Actual Total Time": 45.814,
                                                                            "Actual Rows": 85941,
                                                                            "Actual Loops": 5,
                                                                            "Output": [
                                                                                "cc.movie_id",
                                                                                "cc.status_id"
                                                                            ],
                                                                            "Inner Unique": true,
                                                                            "Hash Cond": "(cc.subject_id = cct1.id)",
                                                                            "Workers": [
                                                                                {
                                                                                    "Worker Number": 0,
                                                                                    "Actual Startup Time": 0.132,
                                                                                    "Actual Total Time": 45.513,
                                                                                    "Actual Rows": 85941,
                                                                                    "Actual Loops": 1
                                                                                },
                                                                                {
                                                                                    "Worker Number": 1,
                                                                                    "Actual Startup Time": 0.13,
                                                                                    "Actual Total Time": 45.382,
                                                                                    "Actual Rows": 85941,
                                                                                    "Actual Loops": 1
                                                                                },
                                                                                {
                                                                                    "Worker Number": 2,
                                                                                    "Actual Startup Time": 0.137,
                                                                                    "Actual Total Time": 45.512,
                                                                                    "Actual Rows": 85941,
                                                                                    "Actual Loops": 1
                                                                                },
                                                                                {
                                                                                    "Worker Number": 3,
                                                                                    "Actual Startup Time": 0.19,
                                                                                    "Actual Total Time": 45.614,
                                                                                    "Actual Rows": 85941,
                                                                                    "Actual Loops": 1
                                                                                }
                                                                            ],
                                                                            "Plans": [
                                                                                {
                                                                                    "Node Type": "Seq Scan",
                                                                                    "Parent Relationship": "Outer",
                                                                                    "Parallel Aware": false,
                                                                                    "Relation Name": "complete_cast",
                                                                                    "Schema": "public",
                                                                                    "Alias": "cc",
                                                                                    "Startup Cost": 0.0,
                                                                                    "Total Cost": 2081.86,
                                                                                    "Plan Rows": 135086,
                                                                                    "Plan Width": 12,
                                                                                    "Actual Startup Time": 0.058,
                                                                                    "Actual Total Time": 18.527,
                                                                                    "Actual Rows": 135086,
                                                                                    "Actual Loops": 5,
                                                                                    "Output": [
                                                                                        "cc.id",
                                                                                        "cc.movie_id",
                                                                                        "cc.subject_id",
                                                                                        "cc.status_id"
                                                                                    ],
                                                                                    "Workers": [
                                                                                        {
                                                                                            "Worker Number": 0,
                                                                                            "Actual Startup Time": 0.058,
                                                                                            "Actual Total Time": 18.549,
                                                                                            "Actual Rows": 135086,
                                                                                            "Actual Loops": 1
                                                                                        },
                                                                                        {
                                                                                            "Worker Number": 1,
                                                                                            "Actual Startup Time": 0.055,
                                                                                            "Actual Total Time": 18.454,
                                                                                            "Actual Rows": 135086,
                                                                                            "Actual Loops": 1
                                                                                        },
                                                                                        {
                                                                                            "Worker Number": 2,
                                                                                            "Actual Startup Time": 0.063,
                                                                                            "Actual Total Time": 18.462,
                                                                                            "Actual Rows": 135086,
                                                                                            "Actual Loops": 1
                                                                                        },
                                                                                        {
                                                                                            "Worker Number": 3,
                                                                                            "Actual Startup Time": 0.068,
                                                                                            "Actual Total Time": 18.052,
                                                                                            "Actual Rows": 135086,
                                                                                            "Actual Loops": 1
                                                                                        }
                                                                                    ]
                                                                                },
                                                                                {
                                                                                    "Node Type": "Hash",
                                                                                    "Parent Relationship": "Inner",
                                                                                    "Parallel Aware": false,
                                                                                    "Startup Cost": 1.05,
                                                                                    "Total Cost": 1.05,
                                                                                    "Plan Rows": 1,
                                                                                    "Plan Width": 4,
                                                                                    "Actual Startup Time": 0.032,
                                                                                    "Actual Total Time": 0.033,
                                                                                    "Actual Rows": 1,
                                                                                    "Actual Loops": 5,
                                                                                    "Output": [
                                                                                        "cct1.id"
                                                                                    ],
                                                                                    "Hash Buckets": 1024,
                                                                                    "Original Hash Buckets": 1024,
                                                                                    "Hash Batches": 1,
                                                                                    "Original Hash Batches": 1,
                                                                                    "Peak Memory Usage": 9,
                                                                                    "Workers": [
                                                                                        {
                                                                                            "Worker Number": 0,
                                                                                            "Actual Startup Time": 0.024,
                                                                                            "Actual Total Time": 0.025,
                                                                                            "Actual Rows": 1,
                                                                                            "Actual Loops": 1
                                                                                        },
                                                                                        {
                                                                                            "Worker Number": 1,
                                                                                            "Actual Startup Time": 0.024,
                                                                                            "Actual Total Time": 0.025,
                                                                                            "Actual Rows": 1,
                                                                                            "Actual Loops": 1
                                                                                        },
                                                                                        {
                                                                                            "Worker Number": 2,
                                                                                            "Actual Startup Time": 0.023,
                                                                                            "Actual Total Time": 0.024,
                                                                                            "Actual Rows": 1,
                                                                                            "Actual Loops": 1
                                                                                        },
                                                                                        {
                                                                                            "Worker Number": 3,
                                                                                            "Actual Startup Time": 0.062,
                                                                                            "Actual Total Time": 0.063,
                                                                                            "Actual Rows": 1,
                                                                                            "Actual Loops": 1
                                                                                        }
                                                                                    ],
                                                                                    "Plans": [
                                                                                        {
                                                                                            "Node Type": "Seq Scan",
                                                                                            "Parent Relationship": "Outer",
                                                                                            "Parallel Aware": false,
                                                                                            "Relation Name": "comp_cast_type",
                                                                                            "Schema": "public",
                                                                                            "Alias": "cct1",
                                                                                            "Startup Cost": 0.0,
                                                                                            "Total Cost": 1.05,
                                                                                            "Plan Rows": 1,
                                                                                            "Plan Width": 4,
                                                                                            "Actual Startup Time": 0.011,
                                                                                            "Actual Total Time": 0.014,
                                                                                            "Actual Rows": 1,
                                                                                            "Actual Loops": 5,
                                                                                            "Output": [
                                                                                                "cct1.id"
                                                                                            ],
                                                                                            "Filter": "((cct1.kind)::text = 'cast'::text)",
                                                                                            "Rows Removed by Filter": 3,
                                                                                            "Workers": [
                                                                                                {
                                                                                                    "Worker Number": 0,
                                                                                                    "Actual Startup Time": 0.01,
                                                                                                    "Actual Total Time": 0.013,
                                                                                                    "Actual Rows": 1,
                                                                                                    "Actual Loops": 1
                                                                                                },
                                                                                                {
                                                                                                    "Worker Number": 1,
                                                                                                    "Actual Startup Time": 0.009,
                                                                                                    "Actual Total Time": 0.012,
                                                                                                    "Actual Rows": 1,
                                                                                                    "Actual Loops": 1
                                                                                                },
                                                                                                {
                                                                                                    "Worker Number": 2,
                                                                                                    "Actual Startup Time": 0.009,
                                                                                                    "Actual Total Time": 0.012,
                                                                                                    "Actual Rows": 1,
                                                                                                    "Actual Loops": 1
                                                                                                },
                                                                                                {
                                                                                                    "Worker Number": 3,
                                                                                                    "Actual Startup Time": 0.012,
                                                                                                    "Actual Total Time": 0.016,
                                                                                                    "Actual Rows": 1,
                                                                                                    "Actual Loops": 1
                                                                                                }
                                                                                            ]
                                                                                        }
                                                                                    ]
                                                                                }
                                                                            ]
                                                                        },
                                                                        {
                                                                            "Node Type": "Hash",
                                                                            "Parent Relationship": "Inner",
                                                                            "Parallel Aware": false,
                                                                            "Startup Cost": 1.05,
                                                                            "Total Cost": 1.05,
                                                                            "Plan Rows": 1,
                                                                            "Plan Width": 4,
                                                                            "Actual Startup Time": 0.099,
                                                                            "Actual Total Time": 0.1,
                                                                            "Actual Rows": 2,
                                                                            "Actual Loops": 5,
                                                                            "Output": [
                                                                                "cct2.id"
                                                                            ],
                                                                            "Hash Buckets": 1024,
                                                                            "Original Hash Buckets": 1024,
                                                                            "Hash Batches": 1,
                                                                            "Original Hash Batches": 1,
                                                                            "Peak Memory Usage": 9,
                                                                            "Workers": [
                                                                                {
                                                                                    "Worker Number": 0,
                                                                                    "Actual Startup Time": 0.099,
                                                                                    "Actual Total Time": 0.1,
                                                                                    "Actual Rows": 2,
                                                                                    "Actual Loops": 1
                                                                                },
                                                                                {
                                                                                    "Worker Number": 1,
                                                                                    "Actual Startup Time": 0.108,
                                                                                    "Actual Total Time": 0.11,
                                                                                    "Actual Rows": 2,
                                                                                    "Actual Loops": 1
                                                                                },
                                                                                {
                                                                                    "Worker Number": 2,
                                                                                    "Actual Startup Time": 0.107,
                                                                                    "Actual Total Time": 0.108,
                                                                                    "Actual Rows": 2,
                                                                                    "Actual Loops": 1
                                                                                },
                                                                                {
                                                                                    "Worker Number": 3,
                                                                                    "Actual Startup Time": 0.12,
                                                                                    "Actual Total Time": 0.123,
                                                                                    "Actual Rows": 2,
                                                                                    "Actual Loops": 1
                                                                                }
                                                                            ],
                                                                            "Plans": [
                                                                                {
                                                                                    "Node Type": "Seq Scan",
                                                                                    "Parent Relationship": "Outer",
                                                                                    "Parallel Aware": false,
                                                                                    "Relation Name": "comp_cast_type",
                                                                                    "Schema": "public",
                                                                                    "Alias": "cct2",
                                                                                    "Startup Cost": 0.0,
                                                                                    "Total Cost": 1.05,
                                                                                    "Plan Rows": 1,
                                                                                    "Plan Width": 4,
                                                                                    "Actual Startup Time": 0.076,
                                                                                    "Actual Total Time": 0.08,
                                                                                    "Actual Rows": 2,
                                                                                    "Actual Loops": 5,
                                                                                    "Output": [
                                                                                        "cct2.id"
                                                                                    ],
                                                                                    "Filter": "((cct2.kind)::text ~~ '%complete%'::text)",
                                                                                    "Rows Removed by Filter": 2,
                                                                                    "Workers": [
                                                                                        {
                                                                                            "Worker Number": 0,
                                                                                            "Actual Startup Time": 0.077,
                                                                                            "Actual Total Time": 0.081,
                                                                                            "Actual Rows": 2,
                                                                                            "Actual Loops": 1
                                                                                        },
                                                                                        {
                                                                                            "Worker Number": 1,
                                                                                            "Actual Startup Time": 0.086,
                                                                                            "Actual Total Time": 0.09,
                                                                                            "Actual Rows": 2,
                                                                                            "Actual Loops": 1
                                                                                        },
                                                                                        {
                                                                                            "Worker Number": 2,
                                                                                            "Actual Startup Time": 0.085,
                                                                                            "Actual Total Time": 0.089,
                                                                                            "Actual Rows": 2,
                                                                                            "Actual Loops": 1
                                                                                        },
                                                                                        {
                                                                                            "Worker Number": 3,
                                                                                            "Actual Startup Time": 0.094,
                                                                                            "Actual Total Time": 0.1,
                                                                                            "Actual Rows": 2,
                                                                                            "Actual Loops": 1
                                                                                        }
                                                                                    ]
                                                                                }
                                                                            ]
                                                                        }
                                                                    ]
                                                                }
                                                            ]
                                                        }
                                                    ]
                                                }
                                            ]
                                        }
                                    ]
                                }
                            ]
                        },
                        {
                            "Node Type": "Hash",
                            "Parent Relationship": "Inner",
                            "Parallel Aware": false,
                            "Startup Cost": 1.09,
                            "Total Cost": 1.09,
                            "Plan Rows": 1,
                            "Plan Width": 4,
                            "Actual Startup Time": 0.053,
                            "Actual Total Time": 0.057,
                            "Actual Rows": 1,
                            "Actual Loops": 1,
                            "Output": [
                                "kt.id"
                            ],
                            "Hash Buckets": 1024,
                            "Original Hash Buckets": 1024,
                            "Hash Batches": 1,
                            "Original Hash Batches": 1,
                            "Peak Memory Usage": 9,
                            "Plans": [
                                {
                                    "Node Type": "Seq Scan",
                                    "Parent Relationship": "Outer",
                                    "Parallel Aware": false,
                                    "Relation Name": "kind_type",
                                    "Schema": "public",
                                    "Alias": "kt",
                                    "Startup Cost": 0.0,
                                    "Total Cost": 1.09,
                                    "Plan Rows": 1,
                                    "Plan Width": 4,
                                    "Actual Startup Time": 0.026,
                                    "Actual Total Time": 0.032,
                                    "Actual Rows": 1,
                                    "Actual Loops": 1,
                                    "Output": [
                                        "kt.id"
                                    ],
                                    "Filter": "((kt.kind)::text = 'movie'::text)",
                                    "Rows Removed by Filter": 6
                                }
                            ]
                        }
                    ]
                }
            ]
        },
        "Planning Time": 2278.432,
        "Triggers": [],
        "Execution Time": 2651.925
    }
]