[
  {
    "Plan": {
      "Node Type": "Aggregate",
      "Strategy": "Plain",
      "Partial Mode": "Finalize",
      "Parallel Aware": false,
      "Startup Cost": 74916.35,
      "Total Cost": 74916.36,
      "Plan Rows": 1,
      "Plan Width": 8,
      "Actual Startup Time": 217.4,
      "Actual Total Time": 233.285,
      "Actual Rows": 1,
      "Actual Loops": 1,
      "Plans": [
        {
          "Node Type": "Gather",
          "Parent Relationship": "Outer",
          "Parallel Aware": false,
          "Startup Cost": 74915.93,
          "Total Cost": 74916.34,
          "Plan Rows": 4,
          "Plan Width": 8,
          "Actual Startup Time": 217.018,
          "Actual Total Time": 233.277,
          "Actual Rows": 5,
          "Actual Loops": 1,
          "Workers Planned": 4,
          "Workers Launched": 4,
          "Single Copy": false,
          "Plans": [
            {
              "Node Type": "Aggregate",
              "Strategy": "Plain",
              "Partial Mode": "Partial",
              "Parent Relationship": "Outer",
              "Parallel Aware": false,
              "Startup Cost": 73915.93,
              "Total Cost": 73915.94,
              "Plan Rows": 1,
              "Plan Width": 8,
              "Actual Startup Time": 206.63,
              "Actual Total Time": 206.634,
              "Actual Rows": 1,
              "Actual Loops": 5,
              "Plans": [
                {
                  "Node Type": "Nested Loop",
                  "Parent Relationship": "Outer",
                  "Parallel Aware": false,
                  "Join Type": "Inner",
                  "Startup Cost": 20540.97,
                  "Total Cost": 73895.86,
                  "Plan Rows": 8026,
                  "Plan Width": 0,
                  "Actual Startup Time": 132.026,
                  "Actual Total Time": 205.688,
                  "Actual Rows": 16312,
                  "Actual Loops": 5,
                  "Inner Unique": false,
                  "Plans": [
                    {
                      "Node Type": "Hash Join",
                      "Parent Relationship": "Outer",
                      "Parallel Aware": true,
                      "Join Type": "Inner",
                      "Startup Cost": 20540.54,
                      "Total Cost": 66067.07,
                      "Plan Rows": 14704,
                      "Plan Width": 8,
                      "Actual Startup Time": 123.117,
                      "Actual Total Time": 171.058,
                      "Actual Rows": 11272,
                      "Actual Loops": 5,
                      "Inner Unique": false,
                      "Hash Cond": "(t.id = mc.movie_id)",
                      "Plans": [
                        {
                          "Node Type": "Seq Scan",
                          "Parent Relationship": "Outer",
                          "Parallel Aware": true,
                          "Relation Name": "title",
                          "Alias": "t",
                          "Startup Cost": 0.0,
                          "Total Cost": 42318.73,
                          "Plan Rows": 632073,
                          "Plan Width": 4,
                          "Actual Startup Time": 0.017,
                          "Actual Total Time": 73.758,
                          "Actual Rows": 505662,
                          "Actual Loops": 5
                        },
                        {
                          "Node Type": "Hash",
                          "Parent Relationship": "Inner",
                          "Parallel Aware": true,
                          "Startup Cost": 20303.39,
                          "Total Cost": 20303.39,
                          "Plan Rows": 18972,
                          "Plan Width": 4,
                          "Actual Startup Time": 21.373,
                          "Actual Total Time": 21.375,
                          "Actual Rows": 11272,
                          "Actual Loops": 5,
                          "Hash Buckets": 65536,
                          "Original Hash Buckets": 65536,
                          "Hash Batches": 1,
                          "Original Hash Batches": 1,
                          "Peak Memory Usage": 2816,
                          "Plans": [
                            {
                              "Node Type": "Bitmap Heap Scan",
                              "Parent Relationship": "Outer",
                              "Parallel Aware": true,
                              "Relation Name": "movie_companies",
                              "Alias": "mc",
                              "Startup Cost": 1276.24,
                              "Total Cost": 20303.39,
                              "Plan Rows": 18972,
                              "Plan Width": 4,
                              "Actual Startup Time": 2.615,
                              "Actual Total Time": 14.608,
                              "Actual Rows": 11272,
                              "Actual Loops": 5,
                              "Recheck Cond": "(company_id > 186526)",
                              "Rows Removed by Index Recheck": 0,
                              "Exact Heap Blocks": 729,
                              "Lossy Heap Blocks": 0,
                              "Plans": [
                                {
                                  "Node Type": "Bitmap Index Scan",
                                  "Parent Relationship": "Outer",
                                  "Parallel Aware": false,
                                  "Index Name": "company_id_movie_companies",
                                  "Startup Cost": 0.0,
                                  "Total Cost": 1261.54,
                                  "Plan Rows": 58814,
                                  "Plan Width": 0,
                                  "Actual Startup Time": 7.814,
                                  "Actual Total Time": 7.814,
                                  "Actual Rows": 56362,
                                  "Actual Loops": 1,
                                  "Index Cond": "(company_id > 186526)"
                                }
                              ]
                            }
                          ]
                        }
                      ]
                    },
                    {
                      "Node Type": "Index Only Scan",
                      "Parent Relationship": "Inner",
                      "Parallel Aware": false,
                      "Scan Direction": "Forward",
                      "Index Name": "movie_id_movie_info_idx",
                      "Relation Name": "movie_info_idx",
                      "Alias": "mi_idx",
                      "Startup Cost": 0.43,
                      "Total Cost": 0.5,
                      "Plan Rows": 3,
                      "Plan Width": 4,
                      "Actual Startup Time": 0.002,
                      "Actual Total Time": 0.003,
                      "Actual Rows": 1,
                      "Actual Loops": 56362,
                      "Index Cond": "(movie_id = t.id)",
                      "Rows Removed by Index Recheck": 0,
                      "Heap Fetches": 81561
                    }
                  ]
                }
              ]
            }
          ]
        }
      ]
    },
    "Planning Time": 1.389,
    "Triggers": [],
    "Execution Time": 233.39
  }
]