[
    {
        "Bao": {
            "Bao prediction": "NaN",
            "Bao recommended hint": "(no hint)"
        }
    },
    {
        "Plan": {
            "Node Type": "Aggregate",
            "Strategy": "Plain",
            "Partial Mode": "Finalize",
            "Parallel Aware": false,
            "Startup Cost": 143601.3,
            "Total Cost": 143601.31,
            "Plan Rows": 1,
            "Plan Width": 8,
            "Actual Startup Time": 2501.151,
            "Actual Total Time": 2535.92,
            "Actual Rows": 1,
            "Actual Loops": 1,
            "Output": [
                "count(*)"
            ],
            "Plans": [
                {
                    "Node Type": "Gather",
                    "Parent Relationship": "Outer",
                    "Parallel Aware": false,
                    "Startup Cost": 143600.99,
                    "Total Cost": 143601.3,
                    "Plan Rows": 3,
                    "Plan Width": 8,
                    "Actual Startup Time": 2478.103,
                    "Actual Total Time": 2535.911,
                    "Actual Rows": 4,
                    "Actual Loops": 1,
                    "Output": [
                        "(PARTIAL count(*))"
                    ],
                    "Workers Planned": 3,
                    "Workers Launched": 3,
                    "Single Copy": false,
                    "Plans": [
                        {
                            "Node Type": "Aggregate",
                            "Strategy": "Plain",
                            "Partial Mode": "Partial",
                            "Parent Relationship": "Outer",
                            "Parallel Aware": false,
                            "Startup Cost": 142600.99,
                            "Total Cost": 142601.0,
                            "Plan Rows": 1,
                            "Plan Width": 8,
                            "Actual Startup Time": 2465.926,
                            "Actual Total Time": 2466.854,
                            "Actual Rows": 1,
                            "Actual Loops": 4,
                            "Output": [
                                "PARTIAL count(*)"
                            ],
                            "Workers": [
                                {
                                    "Worker Number": 0,
                                    "Actual Startup Time": 2461.364,
                                    "Actual Total Time": 2461.369,
                                    "Actual Rows": 1,
                                    "Actual Loops": 1
                                },
                                {
                                    "Worker Number": 1,
                                    "Actual Startup Time": 2461.26,
                                    "Actual Total Time": 2461.264,
                                    "Actual Rows": 1,
                                    "Actual Loops": 1
                                },
                                {
                                    "Worker Number": 2,
                                    "Actual Startup Time": 2463.392,
                                    "Actual Total Time": 2463.397,
                                    "Actual Rows": 1,
                                    "Actual Loops": 1
                                }
                            ],
                            "Plans": [
                                {
                                    "Node Type": "Hash Join",
                                    "Parent Relationship": "Outer",
                                    "Parallel Aware": true,
                                    "Join Type": "Inner",
                                    "Startup Cost": 90589.89,
                                    "Total Cost": 139330.14,
                                    "Plan Rows": 1308337,
                                    "Plan Width": 0,
                                    "Actual Startup Time": 1005.877,
                                    "Actual Total Time": 2021.227,
                                    "Actual Rows": 8145371,
                                    "Actual Loops": 4,
                                    "Inner Unique": false,
                                    "Hash Cond": "(mk.movie_id = t.id)",
                                    "Workers": [
                                        {
                                            "Worker Number": 0,
                                            "Actual Startup Time": 1001.71,
                                            "Actual Total Time": 2011.555,
                                            "Actual Rows": 7922726,
                                            "Actual Loops": 1
                                        },
                                        {
                                            "Worker Number": 1,
                                            "Actual Startup Time": 1001.856,
                                            "Actual Total Time": 2008.422,
                                            "Actual Rows": 7780340,
                                            "Actual Loops": 1
                                        },
                                        {
                                            "Worker Number": 2,
                                            "Actual Startup Time": 1001.858,
                                            "Actual Total Time": 2007.974,
                                            "Actual Rows": 7658385,
                                            "Actual Loops": 1
                                        }
                                    ],
                                    "Plans": [
                                        {
                                            "Node Type": "Seq Scan",
                                            "Parent Relationship": "Outer",
                                            "Parallel Aware": true,
                                            "Relation Name": "movie_keyword",
                                            "Schema": "public",
                                            "Alias": "mk",
                                            "Startup Cost": 0.0,
                                            "Total Cost": 39047.32,
                                            "Plan Rows": 1459332,
                                            "Plan Width": 4,
                                            "Actual Startup Time": 0.02,
                                            "Actual Total Time": 110.445,
                                            "Actual Rows": 1130982,
                                            "Actual Loops": 4,
                                            "Output": [
                                                "mk.id",
                                                "mk.movie_id",
                                                "mk.keyword_id"
                                            ],
                                            "Workers": [
                                                {
                                                    "Worker Number": 0,
                                                    "Actual Startup Time": 0.022,
                                                    "Actual Total Time": 115.732,
                                                    "Actual Rows": 1108335,
                                                    "Actual Loops": 1
                                                },
                                                {
                                                    "Worker Number": 1,
                                                    "Actual Startup Time": 0.021,
                                                    "Actual Total Time": 113.78,
                                                    "Actual Rows": 1085395,
                                                    "Actual Loops": 1
                                                },
                                                {
                                                    "Worker Number": 2,
                                                    "Actual Startup Time": 0.022,
                                                    "Actual Total Time": 111.779,
                                                    "Actual Rows": 1048705,
                                                    "Actual Loops": 1
                                                }
                                            ]
                                        },
                                        {
                                            "Node Type": "Hash",
                                            "Parent Relationship": "Inner",
                                            "Parallel Aware": true,
                                            "Startup Cost": 81449.89,
                                            "Total Cost": 81449.89,
                                            "Plan Rows": 731200,
                                            "Plan Width": 8,
                                            "Actual Startup Time": 996.368,
                                            "Actual Total Time": 997.294,
                                            "Actual Rows": 568668,
                                            "Actual Loops": 4,
                                            "Output": [
                                                "t.id",
                                                "mc.movie_id"
                                            ],
                                            "Hash Buckets": 4194304,
                                            "Original Hash Buckets": 4194304,
                                            "Hash Batches": 1,
                                            "Original Hash Batches": 1,
                                            "Peak Memory Usage": 121824,
                                            "Workers": [
                                                {
                                                    "Worker Number": 0,
                                                    "Actual Startup Time": 1000.892,
                                                    "Actual Total Time": 1000.896,
                                                    "Actual Rows": 550701,
                                                    "Actual Loops": 1
                                                },
                                                {
                                                    "Worker Number": 1,
                                                    "Actual Startup Time": 1000.901,
                                                    "Actual Total Time": 1000.904,
                                                    "Actual Rows": 571025,
                                                    "Actual Loops": 1
                                                },
                                                {
                                                    "Worker Number": 2,
                                                    "Actual Startup Time": 1001.044,
                                                    "Actual Total Time": 1001.047,
                                                    "Actual Rows": 569082,
                                                    "Actual Loops": 1
                                                }
                                            ],
                                            "Plans": [
                                                {
                                                    "Node Type": "Hash Join",
                                                    "Parent Relationship": "Outer",
                                                    "Parallel Aware": true,
                                                    "Join Type": "Inner",
                                                    "Startup Cost": 50219.81,
                                                    "Total Cost": 81449.89,
                                                    "Plan Rows": 731200,
                                                    "Plan Width": 8,
                                                    "Actual Startup Time": 413.506,
                                                    "Actual Total Time": 771.332,
                                                    "Actual Rows": 568668,
                                                    "Actual Loops": 4,
                                                    "Output": [
                                                        "t.id",
                                                        "mc.movie_id"
                                                    ],
                                                    "Inner Unique": true,
                                                    "Hash Cond": "(mc.movie_id = t.id)",
                                                    "Workers": [
                                                        {
                                                            "Worker Number": 0,
                                                            "Actual Startup Time": 413.573,
                                                            "Actual Total Time": 768.885,
                                                            "Actual Rows": 550701,
                                                            "Actual Loops": 1
                                                        },
                                                        {
                                                            "Worker Number": 1,
                                                            "Actual Startup Time": 413.448,
                                                            "Actual Total Time": 772.754,
                                                            "Actual Rows": 571025,
                                                            "Actual Loops": 1
                                                        },
                                                        {
                                                            "Worker Number": 2,
                                                            "Actual Startup Time": 413.394,
                                                            "Actual Total Time": 770.485,
                                                            "Actual Rows": 569082,
                                                            "Actual Loops": 1
                                                        }
                                                    ],
                                                    "Plans": [
                                                        {
                                                            "Node Type": "Seq Scan",
                                                            "Parent Relationship": "Outer",
                                                            "Parallel Aware": true,
                                                            "Relation Name": "movie_companies",
                                                            "Schema": "public",
                                                            "Alias": "mc",
                                                            "Startup Cost": 0.0,
                                                            "Total Cost": 29310.68,
                                                            "Plan Rows": 731200,
                                                            "Plan Width": 4,
                                                            "Actual Startup Time": 0.054,
                                                            "Actual Total Time": 110.266,
                                                            "Actual Rows": 568668,
                                                            "Actual Loops": 4,
                                                            "Output": [
                                                                "mc.id",
                                                                "mc.movie_id",
                                                                "mc.company_id",
                                                                "mc.company_type_id",
                                                                "mc.note"
                                                            ],
                                                            "Filter": "(mc.company_id > 165)",
                                                            "Rows Removed by Filter": 83614,
                                                            "Workers": [
                                                                {
                                                                    "Worker Number": 0,
                                                                    "Actual Startup Time": 0.042,
                                                                    "Actual Total Time": 110.202,
                                                                    "Actual Rows": 550701,
                                                                    "Actual Loops": 1
                                                                },
                                                                {
                                                                    "Worker Number": 1,
                                                                    "Actual Startup Time": 0.036,
                                                                    "Actual Total Time": 113.659,
                                                                    "Actual Rows": 571025,
                                                                    "Actual Loops": 1
                                                                },
                                                                {
                                                                    "Worker Number": 2,
                                                                    "Actual Startup Time": 0.039,
                                                                    "Actual Total Time": 113.717,
                                                                    "Actual Rows": 569082,
                                                                    "Actual Loops": 1
                                                                }
                                                            ]
                                                        },
                                                        {
                                                            "Node Type": "Hash",
                                                            "Parent Relationship": "Inner",
                                                            "Parallel Aware": true,
                                                            "Startup Cost": 42318.81,
                                                            "Total Cost": 42318.81,
                                                            "Plan Rows": 632080,
                                                            "Plan Width": 4,
                                                            "Actual Startup Time": 405.288,
                                                            "Actual Total Time": 405.29,
                                                            "Actual Rows": 632078,
                                                            "Actual Loops": 4,
                                                            "Output": [
                                                                "t.id"
                                                            ],
                                                            "Hash Buckets": 4194304,
                                                            "Original Hash Buckets": 4194304,
                                                            "Hash Batches": 1,
                                                            "Original Hash Batches": 1,
                                                            "Peak Memory Usage": 131744,
                                                            "Workers": [
                                                                {
                                                                    "Worker Number": 0,
                                                                    "Actual Startup Time": 413.255,
                                                                    "Actual Total Time": 413.256,
                                                                    "Actual Rows": 572926,
                                                                    "Actual Loops": 1
                                                                },
                                                                {
                                                                    "Worker Number": 1,
                                                                    "Actual Startup Time": 413.118,
                                                                    "Actual Total Time": 413.119,
                                                                    "Actual Rows": 618982,
                                                                    "Actual Loops": 1
                                                                },
                                                                {
                                                                    "Worker Number": 2,
                                                                    "Actual Startup Time": 413.093,
                                                                    "Actual Total Time": 413.095,
                                                                    "Actual Rows": 613043,
                                                                    "Actual Loops": 1
                                                                }
                                                            ],
                                                            "Plans": [
                                                                {
                                                                    "Node Type": "Seq Scan",
                                                                    "Parent Relationship": "Outer",
                                                                    "Parallel Aware": true,
                                                                    "Relation Name": "title",
                                                                    "Schema": "public",
                                                                    "Alias": "t",
                                                                    "Startup Cost": 0.0,
                                                                    "Total Cost": 42318.81,
                                                                    "Plan Rows": 632080,
                                                                    "Plan Width": 4,
                                                                    "Actual Startup Time": 0.052,
                                                                    "Actual Total Time": 122.469,
                                                                    "Actual Rows": 632078,
                                                                    "Actual Loops": 4,
                                                                    "Output": [
                                                                        "t.id"
                                                                    ],
                                                                    "Workers": [
                                                                        {
                                                                            "Worker Number": 0,
                                                                            "Actual Startup Time": 0.056,
                                                                            "Actual Total Time": 123.647,
                                                                            "Actual Rows": 572926,
                                                                            "Actual Loops": 1
                                                                        },
                                                                        {
                                                                            "Worker Number": 1,
                                                                            "Actual Startup Time": 0.067,
                                                                            "Actual Total Time": 127.841,
                                                                            "Actual Rows": 618982,
                                                                            "Actual Loops": 1
                                                                        },
                                                                        {
                                                                            "Worker Number": 2,
                                                                            "Actual Startup Time": 0.069,
                                                                            "Actual Total Time": 127.614,
                                                                            "Actual Rows": 613043,
                                                                            "Actual Loops": 1
                                                                        }
                                                                    ]
                                                                }
                                                            ]
                                                        }
                                                    ]
                                                }
                                            ]
                                        }
                                    ]
                                }
                            ]
                        }
                    ]
                }
            ]
        },
        "Planning Time": 270.946,
        "Triggers": [],
        "Execution Time": 2535.993
    }
]