[
  {
    "Plan": {
      "Node Type": "Aggregate",
      "Strategy": "Plain",
      "Partial Mode": "Finalize",
      "Parallel Aware": false,
      "Startup Cost": 335724.99,
      "Total Cost": 335725.0,
      "Plan Rows": 1,
      "Plan Width": 8,
      "Actual Startup Time": 797.039,
      "Actual Total Time": 842.43,
      "Actual Rows": 1,
      "Actual Loops": 1,
      "Plans": [
        {
          "Node Type": "Gather",
          "Parent Relationship": "Outer",
          "Parallel Aware": false,
          "Startup Cost": 335724.37,
          "Total Cost": 335724.98,
          "Plan Rows": 6,
          "Plan Width": 8,
          "Actual Startup Time": 796.841,
          "Actual Total Time": 842.415,
          "Actual Rows": 7,
          "Actual Loops": 1,
          "Workers Planned": 6,
          "Workers Launched": 6,
          "Single Copy": false,
          "Plans": [
            {
              "Node Type": "Aggregate",
              "Strategy": "Plain",
              "Partial Mode": "Partial",
              "Parent Relationship": "Outer",
              "Parallel Aware": false,
              "Startup Cost": 334724.37,
              "Total Cost": 334724.38,
              "Plan Rows": 1,
              "Plan Width": 8,
              "Actual Startup Time": 788.278,
              "Actual Total Time": 788.279,
              "Actual Rows": 1,
              "Actual Loops": 7,
              "Plans": [
                {
                  "Node Type": "Seq Scan",
                  "Parent Relationship": "Outer",
                  "Parallel Aware": true,
                  "Relation Name": "cast_info",
                  "Alias": "ci",
                  "Startup Cost": 0.0,
                  "Total Cost": 328211.39,
                  "Plan Rows": 2605191,
                  "Plan Width": 0,
                  "Actual Startup Time": 0.057,
                  "Actual Total Time": 659.437,
                  "Actual Rows": 2256233,
                  "Actual Loops": 7,
                  "Filter": "(person_id < 1560659)",
                  "Rows Removed by Filter": 2921530
                }
              ]
            }
          ]
        }
      ]
    },
    "Planning Time": 0.122,
    "Triggers": [],
    "Execution Time": 842.478
  }
]