[
  {
    "Plan": {
      "Node Type": "Aggregate",
      "Strategy": "Plain",
      "Partial Mode": "Finalize",
      "Parallel Aware": false,
      "Startup Cost": 341290.12,
      "Total Cost": 341290.13,
      "Plan Rows": 1,
      "Plan Width": 8,
      "Actual Startup Time": 519.388,
      "Actual Total Time": 543.255,
      "Actual Rows": 1,
      "Actual Loops": 1,
      "Plans": [
        {
          "Node Type": "Gather",
          "Parent Relationship": "Outer",
          "Parallel Aware": false,
          "Startup Cost": 341289.49,
          "Total Cost": 341290.1,
          "Plan Rows": 6,
          "Plan Width": 8,
          "Actual Startup Time": 519.151,
          "Actual Total Time": 543.243,
          "Actual Rows": 7,
          "Actual Loops": 1,
          "Workers Planned": 6,
          "Workers Launched": 6,
          "Single Copy": false,
          "Plans": [
            {
              "Node Type": "Aggregate",
              "Strategy": "Plain",
              "Partial Mode": "Partial",
              "Parent Relationship": "Outer",
              "Parallel Aware": false,
              "Startup Cost": 340289.49,
              "Total Cost": 340289.5,
              "Plan Rows": 1,
              "Plan Width": 8,
              "Actual Startup Time": 509.427,
              "Actual Total Time": 509.428,
              "Actual Rows": 1,
              "Actual Loops": 7,
              "Plans": [
                {
                  "Node Type": "Index Scan",
                  "Parent Relationship": "Outer",
                  "Parallel Aware": true,
                  "Scan Direction": "Forward",
                  "Index Name": "role_id_cast_info",
                  "Relation Name": "cast_info",
                  "Alias": "ci",
                  "Startup Cost": 0.56,
                  "Total Cost": 335235.55,
                  "Plan Rows": 2021577,
                  "Plan Width": 0,
                  "Actual Startup Time": 39.79,
                  "Actual Total Time": 425.222,
                  "Actual Rows": 1705149,
                  "Actual Loops": 7,
                  "Index Cond": "(role_id = 1)",
                  "Rows Removed by Index Recheck": 0,
                  "Filter": "(person_id > 102688)",
                  "Rows Removed by Filter": 104949
                }
              ]
            }
          ]
        }
      ]
    },
    "Planning Time": 0.226,
    "Triggers": [],
    "Execution Time": 543.317
  }
]