[
  {
    "Plan": {
      "Node Type": "Aggregate",
      "Strategy": "Plain",
      "Partial Mode": "Finalize",
      "Parallel Aware": false,
      "Startup Cost": 33101.07,
      "Total Cost": 33101.08,
      "Plan Rows": 1,
      "Plan Width": 8,
      "Actual Startup Time": 95.303,
      "Actual Total Time": 105.078,
      "Actual Rows": 1,
      "Actual Loops": 1,
      "Plans": [
        {
          "Node Type": "Gather",
          "Parent Relationship": "Outer",
          "Parallel Aware": false,
          "Startup Cost": 33100.75,
          "Total Cost": 33101.06,
          "Plan Rows": 3,
          "Plan Width": 8,
          "Actual Startup Time": 95.14,
          "Actual Total Time": 105.07,
          "Actual Rows": 4,
          "Actual Loops": 1,
          "Workers Planned": 3,
          "Workers Launched": 3,
          "Single Copy": false,
          "Plans": [
            {
              "Node Type": "Aggregate",
              "Strategy": "Plain",
              "Partial Mode": "Partial",
              "Parent Relationship": "Outer",
              "Parallel Aware": false,
              "Startup Cost": 32100.75,
              "Total Cost": 32100.76,
              "Plan Rows": 1,
              "Plan Width": 8,
              "Actual Startup Time": 88.227,
              "Actual Total Time": 88.228,
              "Actual Rows": 1,
              "Actual Loops": 4,
              "Plans": [
                {
                  "Node Type": "Seq Scan",
                  "Parent Relationship": "Outer",
                  "Parallel Aware": true,
                  "Relation Name": "movie_companies",
                  "Alias": "mc",
                  "Startup Cost": 0.0,
                  "Total Cost": 31414.82,
                  "Plan Rows": 274372,
                  "Plan Width": 0,
                  "Actual Startup Time": 42.823,
                  "Actual Total Time": 81.007,
                  "Actual Rows": 134934,
                  "Actual Loops": 4,
                  "Filter": "((company_id < 19143) AND (company_type_id > 1))",
                  "Rows Removed by Filter": 517348
                }
              ]
            }
          ]
        }
      ]
    },
    "Planning Time": 0.093,
    "Triggers": [],
    "Execution Time": 105.105
  }
]