[
  {
    "Plan": {
      "Node Type": "Aggregate",
      "Strategy": "Plain",
      "Partial Mode": "Finalize",
      "Parallel Aware": false,
      "Startup Cost": 401558.5,
      "Total Cost": 401558.51,
      "Plan Rows": 1,
      "Plan Width": 8,
      "Actual Startup Time": 2604.364,
      "Actual Total Time": 2671.678,
      "Actual Rows": 1,
      "Actual Loops": 1,
      "Plans": [
        {
          "Node Type": "Gather",
          "Parent Relationship": "Outer",
          "Parallel Aware": false,
          "Startup Cost": 401557.87,
          "Total Cost": 401558.48,
          "Plan Rows": 6,
          "Plan Width": 8,
          "Actual Startup Time": 2594.282,
          "Actual Total Time": 2671.62,
          "Actual Rows": 7,
          "Actual Loops": 1,
          "Workers Planned": 6,
          "Workers Launched": 6,
          "Single Copy": false,
          "Plans": [
            {
              "Node Type": "Aggregate",
              "Strategy": "Plain",
              "Partial Mode": "Partial",
              "Parent Relationship": "Outer",
              "Parallel Aware": false,
              "Startup Cost": 400557.87,
              "Total Cost": 400557.88,
              "Plan Rows": 1,
              "Plan Width": 8,
              "Actual Startup Time": 2578.304,
              "Actual Total Time": 2578.309,
              "Actual Rows": 1,
              "Actual Loops": 7,
              "Plans": [
                {
                  "Node Type": "Hash Join",
                  "Parent Relationship": "Outer",
                  "Parallel Aware": true,
                  "Join Type": "Inner",
                  "Startup Cost": 50062.39,
                  "Total Cost": 392628.53,
                  "Plan Rows": 3171738,
                  "Plan Width": 0,
                  "Actual Startup Time": 205.883,
                  "Actual Total Time": 2448.265,
                  "Actual Rows": 2660953,
                  "Actual Loops": 7,
                  "Inner Unique": true,
                  "Hash Cond": "(ci.movie_id = t.id)",
                  "Plans": [
                    {
                      "Node Type": "Seq Scan",
                      "Parent Relationship": "Outer",
                      "Parallel Aware": true,
                      "Relation Name": "cast_info",
                      "Alias": "ci",
                      "Startup Cost": 0.0,
                      "Total Cost": 328211.39,
                      "Plan Rows": 5468467,
                      "Plan Width": 4,
                      "Actual Startup Time": 0.019,
                      "Actual Total Time": 703.55,
                      "Actual Rows": 4695823,
                      "Actual Loops": 7,
                      "Filter": "(person_id < 3442299)",
                      "Rows Removed by Filter": 481940
                    },
                    {
                      "Node Type": "Hash",
                      "Parent Relationship": "Inner",
                      "Parallel Aware": true,
                      "Startup Cost": 45479.59,
                      "Total Cost": 45479.59,
                      "Plan Rows": 366624,
                      "Plan Width": 4,
                      "Actual Startup Time": 200.647,
                      "Actual Total Time": 200.648,
                      "Actual Rows": 207209,
                      "Actual Loops": 7,
                      "Hash Buckets": 2097152,
                      "Original Hash Buckets": 2097152,
                      "Hash Batches": 1,
                      "Original Hash Batches": 1,
                      "Peak Memory Usage": 73216,
                      "Plans": [
                        {
                          "Node Type": "Seq Scan",
                          "Parent Relationship": "Outer",
                          "Parallel Aware": true,
                          "Relation Name": "title",
                          "Alias": "t",
                          "Startup Cost": 0.0,
                          "Total Cost": 45479.59,
                          "Plan Rows": 366624,
                          "Plan Width": 4,
                          "Actual Startup Time": 0.072,
                          "Actual Total Time": 88.666,
                          "Actual Rows": 207209,
                          "Actual Loops": 7,
                          "Filter": "((kind_id > 4) AND (production_year < 2013))",
                          "Rows Removed by Filter": 153978
                        }
                      ]
                    }
                  ]
                }
              ]
            }
          ]
        }
      ]
    },
    "Planning Time": 0.602,
    "Triggers": [],
    "Execution Time": 2671.767
  }
]