{
  "Plan": {
    "Node Type": "Aggregate",
    "Strategy": "Plain",
    "Partial Mode": "Finalize",
    "Parallel Aware": false,
    "Startup Cost": 493780.02,
    "Total Cost": 493780.03,
    "Plan Rows": 1,
    "Plan Width": 8,
    "Actual Startup Time": 2301.29,
    "Actual Total Time": 2322.063,
    "Actual Rows": 1,
    "Actual Loops": 1,
    "Plans": [
      {
        "Node Type": "Gather",
        "Parent Relationship": "Outer",
        "Parallel Aware": false,
        "Startup Cost": 493779.9,
        "Total Cost": 493780.01,
        "Plan Rows": 1,
        "Plan Width": 8,
        "Actual Startup Time": 2295.97,
        "Actual Total Time": 2322.055,
        "Actual Rows": 2,
        "Actual Loops": 1,
        "Workers Planned": 1,
        "Workers Launched": 1,
        "Single Copy": false,
        "Plans": [
          {
            "Node Type": "Aggregate",
            "Strategy": "Plain",
            "Partial Mode": "Partial",
            "Parent Relationship": "Outer",
            "Parallel Aware": false,
            "Startup Cost": 492779.9,
            "Total Cost": 492779.91,
            "Plan Rows": 1,
            "Plan Width": 8,
            "Actual Startup Time": 2288.15,
            "Actual Total Time": 2288.154,
            "Actual Rows": 1,
            "Actual Loops": 2,
            "Plans": [
              {
                "Node Type": "Hash Join",
                "Parent Relationship": "Outer",
                "Parallel Aware": true,
                "Join Type": "Inner",
                "Startup Cost": 185583.79,
                "Total Cost": 485048.12,
                "Plan Rows": 3092715,
                "Plan Width": 0,
                "Actual Startup Time": 704.167,
                "Actual Total Time": 2177.163,
                "Actual Rows": 2715795,
                "Actual Loops": 2,
                "Inner Unique": true,
                "Hash Cond": "(ci.movie_id = t.id)",
                "Plans": [
                  {
                    "Node Type": "Bitmap Heap Scan",
                    "Parent Relationship": "Outer",
                    "Parallel Aware": true,
                    "Relation Name": "cast_info",
                    "Alias": "ci",
                    "Startup Cost": 116123.09,
                    "Total Cost": 407469.03,
                    "Plan Rows": 3092715,
                    "Plan Width": 4,
                    "Actual Startup Time": 181.942,
                    "Actual Total Time": 440.873,
                    "Actual Rows": 2715795,
                    "Actual Loops": 2,
                    "Recheck Cond": "(person_id < 524161)",
                    "Rows Removed by Index Recheck": 0,
                    "Exact Heap Blocks": 29472,
                    "Lossy Heap Blocks": 0,
                    "Plans": [
                      {
                        "Node Type": "Bitmap Index Scan",
                        "Parent Relationship": "Outer",
                        "Parallel Aware": false,
                        "Index Name": "person_id_cast_info",
                        "Startup Cost": 0.0,
                        "Total Cost": 114808.68,
                        "Plan Rows": 5257616,
                        "Plan Width": 0,
                        "Actual Startup Time": 172.104,
                        "Actual Total Time": 172.105,
                        "Actual Rows": 5431590,
                        "Actual Loops": 1,
                        "Index Cond": "(person_id < 524161)"
                      }
                    ]
                  },
                  {
                    "Node Type": "Hash",
                    "Parent Relationship": "Inner",
                    "Parallel Aware": true,
                    "Startup Cost": 50870.31,
                    "Total Cost": 50870.31,
                    "Plan Rows": 1487231,
                    "Plan Width": 4,
                    "Actual Startup Time": 506.897,
                    "Actual Total Time": 506.897,
                    "Actual Rows": 1264156,
                    "Actual Loops": 2,
                    "Hash Buckets": 4194304,
                    "Original Hash Buckets": 4194304,
                    "Hash Batches": 1,
                    "Original Hash Batches": 1,
                    "Peak Memory Usage": 131712,
                    "Plans": [
                      {
                        "Node Type": "Seq Scan",
                        "Parent Relationship": "Outer",
                        "Parallel Aware": true,
                        "Relation Name": "title",
                        "Alias": "t",
                        "Startup Cost": 0.0,
                        "Total Cost": 50870.31,
                        "Plan Rows": 1487231,
                        "Plan Width": 4,
                        "Actual Startup Time": 0.019,
                        "Actual Total Time": 145.153,
                        "Actual Rows": 1264156,
                        "Actual Loops": 2
                      }
                    ]
                  }
                ]
              }
            ]
          }
        ]
      }
    ]
  },
  "Planning Time": 0.347,
  "Triggers": [],
  "Execution Time": 2322.115
}