[
  {
    "Plan": {
      "Node Type": "Aggregate",
      "Strategy": "Plain",
      "Partial Mode": "Finalize",
      "Parallel Aware": false,
      "Startup Cost": 41214.54,
      "Total Cost": 41214.55,
      "Plan Rows": 1,
      "Plan Width": 8,
      "Actual Startup Time": 162.518,
      "Actual Total Time": 174.858,
      "Actual Rows": 1,
      "Actual Loops": 1,
      "Plans": [
        {
          "Node Type": "Gather",
          "Parent Relationship": "Outer",
          "Parallel Aware": false,
          "Startup Cost": 41214.23,
          "Total Cost": 41214.54,
          "Plan Rows": 3,
          "Plan Width": 8,
          "Actual Startup Time": 162.114,
          "Actual Total Time": 174.844,
          "Actual Rows": 4,
          "Actual Loops": 1,
          "Workers Planned": 3,
          "Workers Launched": 3,
          "Single Copy": false,
          "Plans": [
            {
              "Node Type": "Aggregate",
              "Strategy": "Plain",
              "Partial Mode": "Partial",
              "Parent Relationship": "Outer",
              "Parallel Aware": false,
              "Startup Cost": 40214.23,
              "Total Cost": 40214.24,
              "Plan Rows": 1,
              "Plan Width": 8,
              "Actual Startup Time": 157.151,
              "Actual Total Time": 157.154,
              "Actual Rows": 1,
              "Actual Loops": 4,
              "Plans": [
                {
                  "Node Type": "Bitmap Heap Scan",
                  "Parent Relationship": "Outer",
                  "Parallel Aware": true,
                  "Relation Name": "movie_keyword",
                  "Alias": "mk",
                  "Startup Cost": 12832.95,
                  "Total Cost": 39726.35,
                  "Plan Rows": 195152,
                  "Plan Width": 0,
                  "Actual Startup Time": 59.955,
                  "Actual Total Time": 147.27,
                  "Actual Rows": 152335,
                  "Actual Loops": 4,
                  "Recheck Cond": "(keyword_id > 30291)",
                  "Rows Removed by Index Recheck": 0,
                  "Exact Heap Blocks": 10413,
                  "Lossy Heap Blocks": 0,
                  "Plans": [
                    {
                      "Node Type": "Bitmap Index Scan",
                      "Parent Relationship": "Outer",
                      "Parallel Aware": false,
                      "Index Name": "keyword_id_movie_keyword",
                      "Startup Cost": 0.0,
                      "Total Cost": 12681.71,
                      "Plan Rows": 604970,
                      "Plan Width": 0,
                      "Actual Startup Time": 60.466,
                      "Actual Total Time": 60.466,
                      "Actual Rows": 609341,
                      "Actual Loops": 1,
                      "Index Cond": "(keyword_id > 30291)"
                    }
                  ]
                }
              ]
            }
          ]
        }
      ]
    },
    "Planning Time": 0.201,
    "Triggers": [],
    "Execution Time": 174.94
  }
]