[
  {
    "Plan": {
      "Node Type": "Aggregate",
      "Strategy": "Plain",
      "Partial Mode": "Finalize",
      "Parallel Aware": false,
      "Startup Cost": 124846.5,
      "Total Cost": 124846.51,
      "Plan Rows": 1,
      "Plan Width": 8,
      "Actual Startup Time": 495.762,
      "Actual Total Time": 510.65,
      "Actual Rows": 1,
      "Actual Loops": 1,
      "Plans": [
        {
          "Node Type": "Gather",
          "Parent Relationship": "Outer",
          "Parallel Aware": false,
          "Startup Cost": 124845.98,
          "Total Cost": 124846.49,
          "Plan Rows": 5,
          "Plan Width": 8,
          "Actual Startup Time": 481.274,
          "Actual Total Time": 510.64,
          "Actual Rows": 6,
          "Actual Loops": 1,
          "Workers Planned": 5,
          "Workers Launched": 5,
          "Single Copy": false,
          "Plans": [
            {
              "Node Type": "Aggregate",
              "Strategy": "Plain",
              "Partial Mode": "Partial",
              "Parent Relationship": "Outer",
              "Parallel Aware": false,
              "Startup Cost": 123845.98,
              "Total Cost": 123845.99,
              "Plan Rows": 1,
              "Plan Width": 8,
              "Actual Startup Time": 473.591,
              "Actual Total Time": 473.593,
              "Actual Rows": 1,
              "Actual Loops": 6,
              "Plans": [
                {
                  "Node Type": "Hash Join",
                  "Parent Relationship": "Outer",
                  "Parallel Aware": true,
                  "Join Type": "Inner",
                  "Startup Cost": 49702.6,
                  "Total Cost": 123013.74,
                  "Plan Rows": 332897,
                  "Plan Width": 0,
                  "Actual Startup Time": 203.534,
                  "Actual Total Time": 458.412,
                  "Actual Rows": 283691,
                  "Actual Loops": 6,
                  "Inner Unique": true,
                  "Hash Cond": "(ci.movie_id = t.id)",
                  "Plans": [
                    {
                      "Node Type": "Index Scan",
                      "Parent Relationship": "Outer",
                      "Parallel Aware": true,
                      "Scan Direction": "Forward",
                      "Index Name": "role_id_cast_info",
                      "Relation Name": "cast_info",
                      "Alias": "ci",
                      "Startup Cost": 0.56,
                      "Total Cost": 72121.93,
                      "Plan Rows": 453250,
                      "Plan Width": 4,
                      "Actual Startup Time": 0.422,
                      "Actual Total Time": 99.794,
                      "Actual Rows": 394332,
                      "Actual Loops": 6,
                      "Index Cond": "(role_id = 4)",
                      "Rows Removed by Index Recheck": 0,
                      "Filter": "(person_id > 510858)",
                      "Rows Removed by Filter": 60492
                    },
                    {
                      "Node Type": "Hash",
                      "Parent Relationship": "Inner",
                      "Parallel Aware": true,
                      "Startup Cost": 43899.01,
                      "Total Cost": 43899.01,
                      "Plan Rows": 464242,
                      "Plan Width": 4,
                      "Actual Startup Time": 200.255,
                      "Actual Total Time": 200.256,
                      "Actual Rows": 310914,
                      "Actual Loops": 6,
                      "Hash Buckets": 2097152,
                      "Original Hash Buckets": 2097152,
                      "Hash Batches": 1,
                      "Original Hash Batches": 1,
                      "Peak Memory Usage": 89472,
                      "Plans": [
                        {
                          "Node Type": "Seq Scan",
                          "Parent Relationship": "Outer",
                          "Parallel Aware": true,
                          "Relation Name": "title",
                          "Alias": "t",
                          "Startup Cost": 0.0,
                          "Total Cost": 43899.01,
                          "Plan Rows": 464242,
                          "Plan Width": 4,
                          "Actual Startup Time": 0.026,
                          "Actual Total Time": 81.749,
                          "Actual Rows": 310914,
                          "Actual Loops": 6,
                          "Filter": "(kind_id > 1)",
                          "Rows Removed by Filter": 110471
                        }
                      ]
                    }
                  ]
                }
              ]
            }
          ]
        }
      ]
    },
    "Planning Time": 0.227,
    "Triggers": [],
    "Execution Time": 510.686
  }
]