[
  {
    "Plan": {
      "Node Type": "Aggregate",
      "Strategy": "Plain",
      "Partial Mode": "Finalize",
      "Parallel Aware": false,
      "Startup Cost": 55578.99,
      "Total Cost": 55579.0,
      "Plan Rows": 1,
      "Plan Width": 8,
      "Actual Startup Time": 97.626,
      "Actual Total Time": 112.772,
      "Actual Rows": 1,
      "Actual Loops": 1,
      "Plans": [
        {
          "Node Type": "Gather",
          "Parent Relationship": "Outer",
          "Parallel Aware": false,
          "Startup Cost": 55578.57,
          "Total Cost": 55578.98,
          "Plan Rows": 4,
          "Plan Width": 8,
          "Actual Startup Time": 97.302,
          "Actual Total Time": 112.762,
          "Actual Rows": 5,
          "Actual Loops": 1,
          "Workers Planned": 4,
          "Workers Launched": 4,
          "Single Copy": false,
          "Plans": [
            {
              "Node Type": "Aggregate",
              "Strategy": "Plain",
              "Partial Mode": "Partial",
              "Parent Relationship": "Outer",
              "Parallel Aware": false,
              "Startup Cost": 54578.57,
              "Total Cost": 54578.58,
              "Plan Rows": 1,
              "Plan Width": 8,
              "Actual Startup Time": 92.694,
              "Actual Total Time": 92.696,
              "Actual Rows": 1,
              "Actual Loops": 5,
              "Plans": [
                {
                  "Node Type": "Nested Loop",
                  "Parent Relationship": "Outer",
                  "Parallel Aware": false,
                  "Join Type": "Inner",
                  "Startup Cost": 0.43,
                  "Total Cost": 54574.08,
                  "Plan Rows": 1794,
                  "Plan Width": 0,
                  "Actual Startup Time": 1.81,
                  "Actual Total Time": 92.518,
                  "Actual Rows": 2822,
                  "Actual Loops": 5,
                  "Inner Unique": false,
                  "Plans": [
                    {
                      "Node Type": "Seq Scan",
                      "Parent Relationship": "Outer",
                      "Parallel Aware": true,
                      "Relation Name": "title",
                      "Alias": "t",
                      "Startup Cost": 0.0,
                      "Total Cost": 45479.59,
                      "Plan Rows": 1003,
                      "Plan Width": 4,
                      "Actual Startup Time": 1.174,
                      "Actual Total Time": 80.536,
                      "Actual Rows": 868,
                      "Actual Loops": 5,
                      "Filter": "((kind_id < 7) AND (production_year = 1961))",
                      "Rows Removed by Filter": 504795
                    },
                    {
                      "Node Type": "Index Only Scan",
                      "Parent Relationship": "Inner",
                      "Parallel Aware": false,
                      "Scan Direction": "Forward",
                      "Index Name": "movie_id_movie_keyword",
                      "Relation Name": "movie_keyword",
                      "Alias": "mk",
                      "Startup Cost": 0.43,
                      "Total Cost": 8.61,
                      "Plan Rows": 46,
                      "Plan Width": 4,
                      "Actual Startup Time": 0.012,
                      "Actual Total Time": 0.013,
                      "Actual Rows": 3,
                      "Actual Loops": 4339,
                      "Index Cond": "(movie_id = t.id)",
                      "Rows Removed by Index Recheck": 0,
                      "Heap Fetches": 14108
                    }
                  ]
                }
              ]
            }
          ]
        }
      ]
    },
    "Planning Time": 0.42,
    "Triggers": [],
    "Execution Time": 112.819
  }
]