{
  "Plan": {
    "Node Type": "Aggregate",
    "Strategy": "Plain",
    "Partial Mode": "Finalize",
    "Parallel Aware": false,
    "Startup Cost": 95523.96,
    "Total Cost": 95523.97,
    "Plan Rows": 1,
    "Plan Width": 8,
    "Actual Startup Time": 306.808,
    "Actual Total Time": 324.083,
    "Actual Rows": 1,
    "Actual Loops": 1,
    "Plans": [
      {
        "Node Type": "Gather",
        "Parent Relationship": "Outer",
        "Parallel Aware": false,
        "Startup Cost": 95523.84,
        "Total Cost": 95523.95,
        "Plan Rows": 1,
        "Plan Width": 8,
        "Actual Startup Time": 306.165,
        "Actual Total Time": 324.071,
        "Actual Rows": 2,
        "Actual Loops": 1,
        "Workers Planned": 1,
        "Workers Launched": 1,
        "Single Copy": false,
        "Plans": [
          {
            "Node Type": "Aggregate",
            "Strategy": "Plain",
            "Partial Mode": "Partial",
            "Parent Relationship": "Outer",
            "Parallel Aware": false,
            "Startup Cost": 94523.84,
            "Total Cost": 94523.85,
            "Plan Rows": 1,
            "Plan Width": 8,
            "Actual Startup Time": 300.123,
            "Actual Total Time": 300.129,
            "Actual Rows": 1,
            "Actual Loops": 2,
            "Plans": [
              {
                "Node Type": "Hash Join",
                "Parent Relationship": "Outer",
                "Parallel Aware": true,
                "Join Type": "Inner",
                "Startup Cost": 65716.07,
                "Total Cost": 94492.24,
                "Plan Rows": 12640,
                "Plan Width": 0,
                "Actual Startup Time": 194.536,
                "Actual Total Time": 299.573,
                "Actual Rows": 8787,
                "Actual Loops": 2,
                "Inner Unique": true,
                "Hash Cond": "(mk.movie_id = t.id)",
                "Plans": [
                  {
                    "Node Type": "Bitmap Heap Scan",
                    "Parent Relationship": "Outer",
                    "Parallel Aware": true,
                    "Relation Name": "movie_keyword",
                    "Alias": "mk",
                    "Startup Cost": 10305.37,
                    "Total Cost": 38331.41,
                    "Plan Rows": 285764,
                    "Plan Width": 4,
                    "Actual Startup Time": 32.973,
                    "Actual Total Time": 105.78,
                    "Actual Rows": 236162,
                    "Actual Loops": 2,
                    "Recheck Cond": "(keyword_id > 37703)",
                    "Rows Removed by Index Recheck": 0,
                    "Exact Heap Blocks": 12823,
                    "Lossy Heap Blocks": 0,
                    "Plans": [
                      {
                        "Node Type": "Bitmap Index Scan",
                        "Parent Relationship": "Outer",
                        "Parallel Aware": false,
                        "Index Name": "keyword_id_movie_keyword",
                        "Startup Cost": 0.0,
                        "Total Cost": 10183.92,
                        "Plan Rows": 485798,
                        "Plan Width": 0,
                        "Actual Startup Time": 29.507,
                        "Actual Total Time": 29.507,
                        "Actual Rows": 472325,
                        "Actual Loops": 1,
                        "Index Cond": "(keyword_id > 37703)"
                      }
                    ]
                  },
                  {
                    "Node Type": "Hash",
                    "Parent Relationship": "Inner",
                    "Parallel Aware": true,
                    "Startup Cost": 54588.39,
                    "Total Cost": 54588.39,
                    "Plan Rows": 65785,
                    "Plan Width": 4,
                    "Actual Startup Time": 159.081,
                    "Actual Total Time": 159.083,
                    "Actual Rows": 54214,
                    "Actual Loops": 2,
                    "Hash Buckets": 131072,
                    "Original Hash Buckets": 131072,
                    "Hash Batches": 1,
                    "Original Hash Batches": 1,
                    "Peak Memory Usage": 5312,
                    "Plans": [
                      {
                        "Node Type": "Seq Scan",
                        "Parent Relationship": "Outer",
                        "Parallel Aware": true,
                        "Relation Name": "title",
                        "Alias": "t",
                        "Startup Cost": 0.0,
                        "Total Cost": 54588.39,
                        "Plan Rows": 65785,
                        "Plan Width": 4,
                        "Actual Startup Time": 0.037,
                        "Actual Total Time": 141.358,
                        "Actual Rows": 54214,
                        "Actual Loops": 2,
                        "Filter": "(production_year = 2006)",
                        "Rows Removed by Filter": 1209942
                      }
                    ]
                  }
                ]
              }
            ]
          }
        ]
      }
    ]
  },
  "Planning Time": 0.445,
  "Triggers": [],
  "Execution Time": 324.177
}