{
    "Plan": {
        "Node Type": "Aggregate",
        "Strategy": "Plain",
        "Partial Mode": "Finalize",
        "Parallel Aware": false,
        "Startup Cost": 278498.22,
        "Total Cost": 278498.23,
        "Plan Rows": 1,
        "Plan Width": 8,
        "Actual Startup Time": 1489.724,
        "Actual Total Time": 1532.224,
        "Actual Rows": 1,
        "Actual Loops": 1,
        "Output": [
            "count(*)"
        ],
        "Plans": [
            {
                "Node Type": "Gather",
                "Parent Relationship": "Outer",
                "Parallel Aware": false,
                "Startup Cost": 278497.69,
                "Total Cost": 278498.2,
                "Plan Rows": 5,
                "Plan Width": 8,
                "Actual Startup Time": 1482.82,
                "Actual Total Time": 1532.215,
                "Actual Rows": 6,
                "Actual Loops": 1,
                "Output": [
                    "(PARTIAL count(*))"
                ],
                "Workers Planned": 5,
                "Workers Launched": 5,
                "Single Copy": false,
                "Plans": [
                    {
                        "Node Type": "Aggregate",
                        "Strategy": "Plain",
                        "Partial Mode": "Partial",
                        "Parent Relationship": "Outer",
                        "Parallel Aware": false,
                        "Startup Cost": 277497.69,
                        "Total Cost": 277497.7,
                        "Plan Rows": 1,
                        "Plan Width": 8,
                        "Actual Startup Time": 1470.598,
                        "Actual Total Time": 1470.603,
                        "Actual Rows": 1,
                        "Actual Loops": 6,
                        "Output": [
                            "PARTIAL count(*)"
                        ],
                        "Workers": [
                            {
                                "Worker Number": 0,
                                "Actual Startup Time": 1468.225,
                                "Actual Total Time": 1468.23,
                                "Actual Rows": 1,
                                "Actual Loops": 1
                            },
                            {
                                "Worker Number": 1,
                                "Actual Startup Time": 1468.24,
                                "Actual Total Time": 1468.245,
                                "Actual Rows": 1,
                                "Actual Loops": 1
                            },
                            {
                                "Worker Number": 2,
                                "Actual Startup Time": 1468.219,
                                "Actual Total Time": 1468.226,
                                "Actual Rows": 1,
                                "Actual Loops": 1
                            },
                            {
                                "Worker Number": 3,
                                "Actual Startup Time": 1468.552,
                                "Actual Total Time": 1468.557,
                                "Actual Rows": 1,
                                "Actual Loops": 1
                            },
                            {
                                "Worker Number": 4,
                                "Actual Startup Time": 1468.504,
                                "Actual Total Time": 1468.509,
                                "Actual Rows": 1,
                                "Actual Loops": 1
                            }
                        ],
                        "Plans": [
                            {
                                "Node Type": "Hash Join",
                                "Parent Relationship": "Outer",
                                "Parallel Aware": true,
                                "Join Type": "Inner",
                                "Startup Cost": 68344.47,
                                "Total Cost": 275028.8,
                                "Plan Rows": 987558,
                                "Plan Width": 0,
                                "Actual Startup Time": 361.394,
                                "Actual Total Time": 1355.972,
                                "Actual Rows": 2658998,
                                "Actual Loops": 6,
                                "Inner Unique": false,
                                "Hash Cond": "(mi.movie_id = t.id)",
                                "Workers": [
                                    {
                                        "Worker Number": 0,
                                        "Actual Startup Time": 359.037,
                                        "Actual Total Time": 1359.371,
                                        "Actual Rows": 2681861,
                                        "Actual Loops": 1
                                    },
                                    {
                                        "Worker Number": 1,
                                        "Actual Startup Time": 359.294,
                                        "Actual Total Time": 1359.887,
                                        "Actual Rows": 2670141,
                                        "Actual Loops": 1
                                    },
                                    {
                                        "Worker Number": 2,
                                        "Actual Startup Time": 359.358,
                                        "Actual Total Time": 1359.325,
                                        "Actual Rows": 2681637,
                                        "Actual Loops": 1
                                    },
                                    {
                                        "Worker Number": 3,
                                        "Actual Startup Time": 359.66,
                                        "Actual Total Time": 1357.568,
                                        "Actual Rows": 2887903,
                                        "Actual Loops": 1
                                    },
                                    {
                                        "Worker Number": 4,
                                        "Actual Startup Time": 359.599,
                                        "Actual Total Time": 1358.928,
                                        "Actual Rows": 2831265,
                                        "Actual Loops": 1
                                    }
                                ],
                                "Plans": [
                                    {
                                        "Node Type": "Seq Scan",
                                        "Parent Relationship": "Outer",
                                        "Parallel Aware": true,
                                        "Relation Name": "movie_info",
                                        "Schema": "public",
                                        "Alias": "mi",
                                        "Startup Cost": 0.0,
                                        "Total Cost": 191503.19,
                                        "Plan Rows": 2951019,
                                        "Plan Width": 4,
                                        "Actual Startup Time": 0.034,
                                        "Actual Total Time": 304.12,
                                        "Actual Rows": 2472620,
                                        "Actual Loops": 6,
                                        "Output": [
                                            "mi.id",
                                            "mi.movie_id",
                                            "mi.info_type_id",
                                            "mi.info",
                                            "mi.note"
                                        ],
                                        "Workers": [
                                            {
                                                "Worker Number": 0,
                                                "Actual Startup Time": 0.039,
                                                "Actual Total Time": 317.35,
                                                "Actual Rows": 2496553,
                                                "Actual Loops": 1
                                            },
                                            {
                                                "Worker Number": 1,
                                                "Actual Startup Time": 0.037,
                                                "Actual Total Time": 316.601,
                                                "Actual Rows": 2472527,
                                                "Actual Loops": 1
                                            },
                                            {
                                                "Worker Number": 2,
                                                "Actual Startup Time": 0.04,
                                                "Actual Total Time": 317.007,
                                                "Actual Rows": 2471759,
                                                "Actual Loops": 1
                                            },
                                            {
                                                "Worker Number": 3,
                                                "Actual Startup Time": 0.034,
                                                "Actual Total Time": 317.275,
                                                "Actual Rows": 2691242,
                                                "Actual Loops": 1
                                            },
                                            {
                                                "Worker Number": 4,
                                                "Actual Startup Time": 0.043,
                                                "Actual Total Time": 315.972,
                                                "Actual Rows": 2634931,
                                                "Actual Loops": 1
                                            }
                                        ]
                                    },
                                    {
                                        "Node Type": "Hash",
                                        "Parent Relationship": "Inner",
                                        "Parallel Aware": true,
                                        "Startup Cost": 63937.69,
                                        "Total Cost": 63937.69,
                                        "Plan Rows": 352542,
                                        "Plan Width": 8,
                                        "Actual Startup Time": 356.523,
                                        "Actual Total Time": 356.527,
                                        "Actual Rows": 168447,
                                        "Actual Loops": 6,
                                        "Output": [
                                            "t.id",
                                            "mi_idx.movie_id"
                                        ],
                                        "Hash Buckets": 1048576,
                                        "Original Hash Buckets": 1048576,
                                        "Hash Batches": 1,
                                        "Original Hash Batches": 1,
                                        "Peak Memory Usage": 47808,
                                        "Workers": [
                                            {
                                                "Worker Number": 0,
                                                "Actual Startup Time": 357.479,
                                                "Actual Total Time": 357.483,
                                                "Actual Rows": 168388,
                                                "Actual Loops": 1
                                            },
                                            {
                                                "Worker Number": 1,
                                                "Actual Startup Time": 357.487,
                                                "Actual Total Time": 357.491,
                                                "Actual Rows": 167568,
                                                "Actual Loops": 1
                                            },
                                            {
                                                "Worker Number": 2,
                                                "Actual Startup Time": 357.487,
                                                "Actual Total Time": 357.491,
                                                "Actual Rows": 168166,
                                                "Actual Loops": 1
                                            },
                                            {
                                                "Worker Number": 3,
                                                "Actual Startup Time": 357.877,
                                                "Actual Total Time": 357.88,
                                                "Actual Rows": 186229,
                                                "Actual Loops": 1
                                            },
                                            {
                                                "Worker Number": 4,
                                                "Actual Startup Time": 357.824,
                                                "Actual Total Time": 357.828,
                                                "Actual Rows": 183443,
                                                "Actual Loops": 1
                                            }
                                        ],
                                        "Plans": [
                                            {
                                                "Node Type": "Hash Join",
                                                "Parent Relationship": "Outer",
                                                "Parallel Aware": true,
                                                "Join Type": "Inner",
                                                "Startup Cost": 48743.13,
                                                "Total Cost": 63937.69,
                                                "Plan Rows": 352542,
                                                "Plan Width": 8,
                                                "Actual Startup Time": 220.604,
                                                "Actual Total Time": 305.841,
                                                "Actual Rows": 168447,
                                                "Actual Loops": 6,
                                                "Output": [
                                                    "t.id",
                                                    "mi_idx.movie_id"
                                                ],
                                                "Inner Unique": true,
                                                "Hash Cond": "(mi_idx.movie_id = t.id)",
                                                "Workers": [
                                                    {
                                                        "Worker Number": 0,
                                                        "Actual Startup Time": 220.583,
                                                        "Actual Total Time": 305.914,
                                                        "Actual Rows": 168388,
                                                        "Actual Loops": 1
                                                    },
                                                    {
                                                        "Worker Number": 1,
                                                        "Actual Startup Time": 220.57,
                                                        "Actual Total Time": 306.005,
                                                        "Actual Rows": 167568,
                                                        "Actual Loops": 1
                                                    },
                                                    {
                                                        "Worker Number": 2,
                                                        "Actual Startup Time": 220.589,
                                                        "Actual Total Time": 306.148,
                                                        "Actual Rows": 168166,
                                                        "Actual Loops": 1
                                                    },
                                                    {
                                                        "Worker Number": 3,
                                                        "Actual Startup Time": 220.58,
                                                        "Actual Total Time": 305.497,
                                                        "Actual Rows": 186229,
                                                        "Actual Loops": 1
                                                    },
                                                    {
                                                        "Worker Number": 4,
                                                        "Actual Startup Time": 220.558,
                                                        "Actual Total Time": 305.409,
                                                        "Actual Rows": 183443,
                                                        "Actual Loops": 1
                                                    }
                                                ],
                                                "Plans": [
                                                    {
                                                        "Node Type": "Seq Scan",
                                                        "Parent Relationship": "Outer",
                                                        "Parallel Aware": true,
                                                        "Relation Name": "movie_info_idx",
                                                        "Schema": "public",
                                                        "Alias": "mi_idx",
                                                        "Startup Cost": 0.0,
                                                        "Total Cost": 13685.15,
                                                        "Plan Rows": 575015,
                                                        "Plan Width": 4,
                                                        "Actual Startup Time": 0.01,
                                                        "Actual Total Time": 22.642,
                                                        "Actual Rows": 230006,
                                                        "Actual Loops": 6,
                                                        "Output": [
                                                            "mi_idx.id",
                                                            "mi_idx.movie_id",
                                                            "mi_idx.info_type_id",
                                                            "mi_idx.info",
                                                            "mi_idx.note"
                                                        ],
                                                        "Workers": [
                                                            {
                                                                "Worker Number": 0,
                                                                "Actual Startup Time": 0.009,
                                                                "Actual Total Time": 23.099,
                                                                "Actual Rows": 230443,
                                                                "Actual Loops": 1
                                                            },
                                                            {
                                                                "Worker Number": 1,
                                                                "Actual Startup Time": 0.008,
                                                                "Actual Total Time": 23.06,
                                                                "Actual Rows": 228123,
                                                                "Actual Loops": 1
                                                            },
                                                            {
                                                                "Worker Number": 2,
                                                                "Actual Startup Time": 0.009,
                                                                "Actual Total Time": 23.039,
                                                                "Actual Rows": 229946,
                                                                "Actual Loops": 1
                                                            },
                                                            {
                                                                "Worker Number": 3,
                                                                "Actual Startup Time": 0.009,
                                                                "Actual Total Time": 23.157,
                                                                "Actual Rows": 255503,
                                                                "Actual Loops": 1
                                                            },
                                                            {
                                                                "Worker Number": 4,
                                                                "Actual Startup Time": 0.015,
                                                                "Actual Total Time": 23.0,
                                                                "Actual Rows": 248883,
                                                                "Actual Loops": 1
                                                            }
                                                        ]
                                                    },
                                                    {
                                                        "Node Type": "Hash",
                                                        "Parent Relationship": "Inner",
                                                        "Parallel Aware": true,
                                                        "Startup Cost": 43899.01,
                                                        "Total Cost": 43899.01,
                                                        "Plan Rows": 387530,
                                                        "Plan Width": 4,
                                                        "Actual Startup Time": 217.368,
                                                        "Actual Total Time": 217.369,
                                                        "Actual Rows": 258621,
                                                        "Actual Loops": 6,
                                                        "Output": [
                                                            "t.id"
                                                        ],
                                                        "Hash Buckets": 2097152,
                                                        "Original Hash Buckets": 2097152,
                                                        "Hash Batches": 1,
                                                        "Original Hash Batches": 1,
                                                        "Peak Memory Usage": 77184,
                                                        "Workers": [
                                                            {
                                                                "Worker Number": 0,
                                                                "Actual Startup Time": 220.48,
                                                                "Actual Total Time": 220.481,
                                                                "Actual Rows": 247210,
                                                                "Actual Loops": 1
                                                            },
                                                            {
                                                                "Worker Number": 1,
                                                                "Actual Startup Time": 220.445,
                                                                "Actual Total Time": 220.446,
                                                                "Actual Rows": 249181,
                                                                "Actual Loops": 1
                                                            },
                                                            {
                                                                "Worker Number": 2,
                                                                "Actual Startup Time": 220.507,
                                                                "Actual Total Time": 220.508,
                                                                "Actual Rows": 252051,
                                                                "Actual Loops": 1
                                                            },
                                                            {
                                                                "Worker Number": 3,
                                                                "Actual Startup Time": 220.509,
                                                                "Actual Total Time": 220.51,
                                                                "Actual Rows": 269787,
                                                                "Actual Loops": 1
                                                            },
                                                            {
                                                                "Worker Number": 4,
                                                                "Actual Startup Time": 220.42,
                                                                "Actual Total Time": 220.421,
                                                                "Actual Rows": 261640,
                                                                "Actual Loops": 1
                                                            }
                                                        ],
                                                        "Plans": [
                                                            {
                                                                "Node Type": "Seq Scan",
                                                                "Parent Relationship": "Outer",
                                                                "Parallel Aware": true,
                                                                "Relation Name": "title",
                                                                "Schema": "public",
                                                                "Alias": "t",
                                                                "Startup Cost": 0.0,
                                                                "Total Cost": 43899.01,
                                                                "Plan Rows": 387530,
                                                                "Plan Width": 4,
                                                                "Actual Startup Time": 0.065,
                                                                "Actual Total Time": 89.046,
                                                                "Actual Rows": 258621,
                                                                "Actual Loops": 6,
                                                                "Output": [
                                                                    "t.id"
                                                                ],
                                                                "Filter": "(t.production_year < 2007)",
                                                                "Rows Removed by Filter": 162764,
                                                                "Workers": [
                                                                    {
                                                                        "Worker Number": 0,
                                                                        "Actual Startup Time": 0.077,
                                                                        "Actual Total Time": 90.21,
                                                                        "Actual Rows": 247210,
                                                                        "Actual Loops": 1
                                                                    },
                                                                    {
                                                                        "Worker Number": 1,
                                                                        "Actual Startup Time": 0.076,
                                                                        "Actual Total Time": 90.692,
                                                                        "Actual Rows": 249181,
                                                                        "Actual Loops": 1
                                                                    },
                                                                    {
                                                                        "Worker Number": 2,
                                                                        "Actual Startup Time": 0.073,
                                                                        "Actual Total Time": 89.401,
                                                                        "Actual Rows": 252051,
                                                                        "Actual Loops": 1
                                                                    },
                                                                    {
                                                                        "Worker Number": 3,
                                                                        "Actual Startup Time": 0.076,
                                                                        "Actual Total Time": 91.443,
                                                                        "Actual Rows": 269787,
                                                                        "Actual Loops": 1
                                                                    },
                                                                    {
                                                                        "Worker Number": 4,
                                                                        "Actual Startup Time": 0.07,
                                                                        "Actual Total Time": 90.836,
                                                                        "Actual Rows": 261640,
                                                                        "Actual Loops": 1
                                                                    }
                                                                ]
                                                            }
                                                        ]
                                                    }
                                                ]
                                            }
                                        ]
                                    }
                                ]
                            }
                        ]
                    }
                ]
            }
        ]
    },
    "Planning Time": 1.412,
    "Triggers": [],
    "Execution Time": 1532.325
}