[
  {
    "Plan": {
      "Node Type": "Aggregate",
      "Strategy": "Plain",
      "Partial Mode": "Finalize",
      "Parallel Aware": false,
      "Startup Cost": 393030.08,
      "Total Cost": 393030.09,
      "Plan Rows": 1,
      "Plan Width": 8,
      "Actual Startup Time": 559.075,
      "Actual Total Time": 600.565,
      "Actual Rows": 1,
      "Actual Loops": 1,
      "Plans": [
        {
          "Node Type": "Gather",
          "Parent Relationship": "Outer",
          "Parallel Aware": false,
          "Startup Cost": 393029.46,
          "Total Cost": 393030.07,
          "Plan Rows": 6,
          "Plan Width": 8,
          "Actual Startup Time": 557.367,
          "Actual Total Time": 600.55,
          "Actual Rows": 7,
          "Actual Loops": 1,
          "Workers Planned": 6,
          "Workers Launched": 6,
          "Single Copy": false,
          "Plans": [
            {
              "Node Type": "Aggregate",
              "Strategy": "Plain",
              "Partial Mode": "Partial",
              "Parent Relationship": "Outer",
              "Parallel Aware": false,
              "Startup Cost": 392029.46,
              "Total Cost": 392029.47,
              "Plan Rows": 1,
              "Plan Width": 8,
              "Actual Startup Time": 548.358,
              "Actual Total Time": 548.362,
              "Actual Rows": 1,
              "Actual Loops": 7,
              "Plans": [
                {
                  "Node Type": "Hash Join",
                  "Parent Relationship": "Outer",
                  "Parallel Aware": true,
                  "Join Type": "Inner",
                  "Startup Cost": 46825.93,
                  "Total Cost": 391464.35,
                  "Plan Rows": 226043,
                  "Plan Width": 0,
                  "Actual Startup Time": 382.935,
                  "Actual Total Time": 546.044,
                  "Actual Rows": 45516,
                  "Actual Loops": 7,
                  "Inner Unique": true,
                  "Hash Cond": "(ci.movie_id = t.id)",
                  "Plans": [
                    {
                      "Node Type": "Index Scan",
                      "Parent Relationship": "Outer",
                      "Parallel Aware": true,
                      "Scan Direction": "Forward",
                      "Index Name": "role_id_cast_info",
                      "Relation Name": "cast_info",
                      "Alias": "ci",
                      "Startup Cost": 0.56,
                      "Total Cost": 341155.22,
                      "Plan Rows": 1327146,
                      "Plan Width": 4,
                      "Actual Startup Time": 280.381,
                      "Actual Total Time": 368.922,
                      "Actual Rows": 399250,
                      "Actual Loops": 7,
                      "Index Cond": "(role_id < 2)",
                      "Rows Removed by Index Recheck": 0,
                      "Filter": "(person_id > 1345878)",
                      "Rows Removed by Filter": 1410849
                    },
                    {
                      "Node Type": "Hash",
                      "Parent Relationship": "Inner",
                      "Parallel Aware": true,
                      "Startup Cost": 45479.59,
                      "Total Cost": 45479.59,
                      "Plan Rows": 107662,
                      "Plan Width": 4,
                      "Actual Startup Time": 100.275,
                      "Actual Total Time": 100.277,
                      "Actual Rows": 42310,
                      "Actual Loops": 7,
                      "Hash Buckets": 524288,
                      "Original Hash Buckets": 524288,
                      "Hash Batches": 1,
                      "Original Hash Batches": 1,
                      "Peak Memory Usage": 15808,
                      "Plans": [
                        {
                          "Node Type": "Seq Scan",
                          "Parent Relationship": "Outer",
                          "Parallel Aware": true,
                          "Relation Name": "title",
                          "Alias": "t",
                          "Startup Cost": 0.0,
                          "Total Cost": 45479.59,
                          "Plan Rows": 107662,
                          "Plan Width": 4,
                          "Actual Startup Time": 0.046,
                          "Actual Total Time": 78.056,
                          "Actual Rows": 42310,
                          "Actual Loops": 7,
                          "Filter": "((kind_id > 3) AND (production_year < 1989))",
                          "Rows Removed by Filter": 318877
                        }
                      ]
                    }
                  ]
                }
              ]
            }
          ]
        }
      ]
    },
    "Planning Time": 0.43,
    "Triggers": [],
    "Execution Time": 600.631
  }
]