[
  {
    "Plan": {
      "Node Type": "Aggregate",
      "Strategy": "Plain",
      "Partial Mode": "Finalize",
      "Parallel Aware": false,
      "Startup Cost": 31967.77,
      "Total Cost": 31967.78,
      "Plan Rows": 1,
      "Plan Width": 8,
      "Actual Startup Time": 125.576,
      "Actual Total Time": 133.658,
      "Actual Rows": 1,
      "Actual Loops": 1,
      "Plans": [
        {
          "Node Type": "Gather",
          "Parent Relationship": "Outer",
          "Parallel Aware": false,
          "Startup Cost": 31967.45,
          "Total Cost": 31967.76,
          "Plan Rows": 3,
          "Plan Width": 8,
          "Actual Startup Time": 125.456,
          "Actual Total Time": 133.65,
          "Actual Rows": 4,
          "Actual Loops": 1,
          "Workers Planned": 3,
          "Workers Launched": 3,
          "Single Copy": false,
          "Plans": [
            {
              "Node Type": "Aggregate",
              "Strategy": "Plain",
              "Partial Mode": "Partial",
              "Parent Relationship": "Outer",
              "Parallel Aware": false,
              "Startup Cost": 30967.45,
              "Total Cost": 30967.46,
              "Plan Rows": 1,
              "Plan Width": 8,
              "Actual Startup Time": 116.453,
              "Actual Total Time": 116.454,
              "Actual Rows": 1,
              "Actual Loops": 4,
              "Plans": [
                {
                  "Node Type": "Seq Scan",
                  "Parent Relationship": "Outer",
                  "Parallel Aware": true,
                  "Relation Name": "movie_companies",
                  "Alias": "mc",
                  "Startup Cost": 0.0,
                  "Total Cost": 29310.68,
                  "Plan Rows": 662707,
                  "Plan Width": 0,
                  "Actual Startup Time": 0.051,
                  "Actual Total Time": 88.292,
                  "Actual Rows": 510061,
                  "Actual Loops": 4,
                  "Filter": "(company_id < 71404)",
                  "Rows Removed by Filter": 142222
                }
              ]
            }
          ]
        }
      ]
    },
    "Planning Time": 0.195,
    "Triggers": [],
    "Execution Time": 133.715
  }
]