[
  {
    "Plan": {
      "Node Type": "Aggregate",
      "Strategy": "Plain",
      "Partial Mode": "Finalize",
      "Parallel Aware": false,
      "Startup Cost": 339753.7,
      "Total Cost": 339753.71,
      "Plan Rows": 1,
      "Plan Width": 8,
      "Actual Startup Time": 1007.785,
      "Actual Total Time": 1061.607,
      "Actual Rows": 1,
      "Actual Loops": 1,
      "Plans": [
        {
          "Node Type": "Gather",
          "Parent Relationship": "Outer",
          "Parallel Aware": false,
          "Startup Cost": 339753.08,
          "Total Cost": 339753.69,
          "Plan Rows": 6,
          "Plan Width": 8,
          "Actual Startup Time": 1007.628,
          "Actual Total Time": 1061.594,
          "Actual Rows": 7,
          "Actual Loops": 1,
          "Workers Planned": 6,
          "Workers Launched": 6,
          "Single Copy": false,
          "Plans": [
            {
              "Node Type": "Aggregate",
              "Strategy": "Plain",
              "Partial Mode": "Partial",
              "Parent Relationship": "Outer",
              "Parallel Aware": false,
              "Startup Cost": 338753.08,
              "Total Cost": 338753.09,
              "Plan Rows": 1,
              "Plan Width": 8,
              "Actual Startup Time": 998.606,
              "Actual Total Time": 998.607,
              "Actual Rows": 1,
              "Actual Loops": 7,
              "Plans": [
                {
                  "Node Type": "Seq Scan",
                  "Parent Relationship": "Outer",
                  "Parallel Aware": true,
                  "Relation Name": "cast_info",
                  "Alias": "ci",
                  "Startup Cost": 0.0,
                  "Total Cost": 328211.39,
                  "Plan Rows": 4216674,
                  "Plan Width": 0,
                  "Actual Startup Time": 0.044,
                  "Actual Total Time": 761.434,
                  "Actual Rows": 3628785,
                  "Actual Loops": 7,
                  "Filter": "(person_id < 2622721)",
                  "Rows Removed by Filter": 1548978
                }
              ]
            }
          ]
        }
      ]
    },
    "Planning Time": 0.104,
    "Triggers": [],
    "Execution Time": 1061.662
  }
]