[
  {
    "Plan": {
      "Node Type": "Aggregate",
      "Strategy": "Plain",
      "Partial Mode": "Finalize",
      "Parallel Aware": false,
      "Startup Cost": 339697.33,
      "Total Cost": 339697.34,
      "Plan Rows": 1,
      "Plan Width": 8,
      "Actual Startup Time": 781.011,
      "Actual Total Time": 837.841,
      "Actual Rows": 1,
      "Actual Loops": 1,
      "Plans": [
        {
          "Node Type": "Gather",
          "Parent Relationship": "Outer",
          "Parallel Aware": false,
          "Startup Cost": 339696.7,
          "Total Cost": 339697.31,
          "Plan Rows": 6,
          "Plan Width": 8,
          "Actual Startup Time": 780.878,
          "Actual Total Time": 837.832,
          "Actual Rows": 7,
          "Actual Loops": 1,
          "Workers Planned": 6,
          "Workers Launched": 6,
          "Single Copy": false,
          "Plans": [
            {
              "Node Type": "Aggregate",
              "Strategy": "Plain",
              "Partial Mode": "Partial",
              "Parent Relationship": "Outer",
              "Parallel Aware": false,
              "Startup Cost": 338696.7,
              "Total Cost": 338696.71,
              "Plan Rows": 1,
              "Plan Width": 8,
              "Actual Startup Time": 772.757,
              "Actual Total Time": 772.758,
              "Actual Rows": 1,
              "Actual Loops": 7,
              "Plans": [
                {
                  "Node Type": "Seq Scan",
                  "Parent Relationship": "Outer",
                  "Parallel Aware": true,
                  "Relation Name": "cast_info",
                  "Alias": "ci",
                  "Startup Cost": 0.0,
                  "Total Cost": 328162.03,
                  "Plan Rows": 4213870,
                  "Plan Width": 0,
                  "Actual Startup Time": 0.047,
                  "Actual Total Time": 611.554,
                  "Actual Rows": 3628785,
                  "Actual Loops": 7,
                  "Filter": "(person_id < 2622721)",
                  "Rows Removed by Filter": 1548978
                }
              ]
            }
          ]
        }
      ]
    },
    "Planning Time": 0.123,
    "Triggers": [],
    "Execution Time": 837.894
  }
]