[
  {
    "Plan": {
      "Node Type": "Aggregate",
      "Strategy": "Plain",
      "Partial Mode": "Finalize",
      "Parallel Aware": false,
      "Startup Cost": 128811.41,
      "Total Cost": 128811.42,
      "Plan Rows": 1,
      "Plan Width": 8,
      "Actual Startup Time": 632.632,
      "Actual Total Time": 653.686,
      "Actual Rows": 1,
      "Actual Loops": 1,
      "Plans": [
        {
          "Node Type": "Gather",
          "Parent Relationship": "Outer",
          "Parallel Aware": false,
          "Startup Cost": 128811.09,
          "Total Cost": 128811.4,
          "Plan Rows": 3,
          "Plan Width": 8,
          "Actual Startup Time": 628.2,
          "Actual Total Time": 653.676,
          "Actual Rows": 4,
          "Actual Loops": 1,
          "Workers Planned": 3,
          "Workers Launched": 3,
          "Single Copy": false,
          "Plans": [
            {
              "Node Type": "Aggregate",
              "Strategy": "Plain",
              "Partial Mode": "Partial",
              "Parent Relationship": "Outer",
              "Parallel Aware": false,
              "Startup Cost": 127811.09,
              "Total Cost": 127811.1,
              "Plan Rows": 1,
              "Plan Width": 8,
              "Actual Startup Time": 618.76,
              "Actual Total Time": 618.879,
              "Actual Rows": 1,
              "Actual Loops": 4,
              "Plans": [
                {
                  "Node Type": "Hash Join",
                  "Parent Relationship": "Outer",
                  "Parallel Aware": true,
                  "Join Type": "Inner",
                  "Startup Cost": 81589.59,
                  "Total Cost": 126960.25,
                  "Plan Rows": 340337,
                  "Plan Width": 0,
                  "Actual Startup Time": 380.37,
                  "Actual Total Time": 599.449,
                  "Actual Rows": 506769,
                  "Actual Loops": 4,
                  "Inner Unique": false,
                  "Hash Cond": "(mk.movie_id = t.id)",
                  "Plans": [
                    {
                      "Node Type": "Seq Scan",
                      "Parent Relationship": "Outer",
                      "Parallel Aware": true,
                      "Relation Name": "movie_keyword",
                      "Alias": "mk",
                      "Startup Cost": 0.0,
                      "Total Cost": 39047.32,
                      "Plan Rows": 1459332,
                      "Plan Width": 4,
                      "Actual Startup Time": 0.032,
                      "Actual Total Time": 86.46,
                      "Actual Rows": 1130982,
                      "Actual Loops": 4
                    },
                    {
                      "Node Type": "Hash",
                      "Parent Relationship": "Inner",
                      "Parallel Aware": true,
                      "Startup Cost": 79746.99,
                      "Total Cost": 79746.99,
                      "Plan Rows": 147408,
                      "Plan Width": 8,
                      "Actual Startup Time": 374.969,
                      "Actual Total Time": 375.086,
                      "Actual Rows": 94443,
                      "Actual Loops": 4,
                      "Hash Buckets": 1048576,
                      "Original Hash Buckets": 1048576,
                      "Hash Batches": 1,
                      "Original Hash Batches": 1,
                      "Peak Memory Usage": 23040,
                      "Plans": [
                        {
                          "Node Type": "Hash Join",
                          "Parent Relationship": "Outer",
                          "Parallel Aware": true,
                          "Join Type": "Inner",
                          "Startup Cost": 33792.38,
                          "Total Cost": 79746.99,
                          "Plan Rows": 147408,
                          "Plan Width": 8,
                          "Actual Startup Time": 123.123,
                          "Actual Total Time": 335.801,
                          "Actual Rows": 94443,
                          "Actual Loops": 4,
                          "Inner Unique": false,
                          "Hash Cond": "(t.id = mc.movie_id)",
                          "Plans": [
                            {
                              "Node Type": "Seq Scan",
                              "Parent Relationship": "Outer",
                              "Parallel Aware": true,
                              "Relation Name": "title",
                              "Alias": "t",
                              "Startup Cost": 0.0,
                              "Total Cost": 42318.73,
                              "Plan Rows": 632073,
                              "Plan Width": 4,
                              "Actual Startup Time": 0.011,
                              "Actual Total Time": 76.201,
                              "Actual Rows": 632078,
                              "Actual Loops": 4
                            },
                            {
                              "Node Type": "Hash",
                              "Parent Relationship": "Inner",
                              "Parallel Aware": true,
                              "Startup Cost": 31414.82,
                              "Total Cost": 31414.82,
                              "Plan Rows": 190205,
                              "Plan Width": 4,
                              "Actual Startup Time": 120.455,
                              "Actual Total Time": 120.456,
                              "Actual Rows": 94443,
                              "Actual Loops": 4,
                              "Hash Buckets": 1048576,
                              "Original Hash Buckets": 1048576,
                              "Hash Batches": 1,
                              "Original Hash Batches": 1,
                              "Peak Memory Usage": 23040,
                              "Plans": [
                                {
                                  "Node Type": "Seq Scan",
                                  "Parent Relationship": "Outer",
                                  "Parallel Aware": true,
                                  "Relation Name": "movie_companies",
                                  "Alias": "mc",
                                  "Startup Cost": 0.0,
                                  "Total Cost": 31414.82,
                                  "Plan Rows": 190205,
                                  "Plan Width": 4,
                                  "Actual Startup Time": 50.85,
                                  "Actual Total Time": 83.32,
                                  "Actual Rows": 94443,
                                  "Actual Loops": 4,
                                  "Filter": "((company_id < 9365) AND (company_type_id = 2))",
                                  "Rows Removed by Filter": 557839
                                }
                              ]
                            }
                          ]
                        }
                      ]
                    }
                  ]
                }
              ]
            }
          ]
        }
      ]
    },
    "Planning Time": 1.439,
    "Triggers": [],
    "Execution Time": 653.767
  }
]