[
  {
    "Plan": {
      "Node Type": "Aggregate",
      "Strategy": "Plain",
      "Partial Mode": "Finalize",
      "Parallel Aware": false,
      "Startup Cost": 96486.12,
      "Total Cost": 96486.13,
      "Plan Rows": 1,
      "Plan Width": 8,
      "Actual Startup Time": 527.635,
      "Actual Total Time": 546.151,
      "Actual Rows": 1,
      "Actual Loops": 1,
      "Plans": [
        {
          "Node Type": "Gather",
          "Parent Relationship": "Outer",
          "Parallel Aware": false,
          "Startup Cost": 96485.8,
          "Total Cost": 96486.11,
          "Plan Rows": 3,
          "Plan Width": 8,
          "Actual Startup Time": 522.26,
          "Actual Total Time": 546.141,
          "Actual Rows": 4,
          "Actual Loops": 1,
          "Workers Planned": 3,
          "Workers Launched": 3,
          "Single Copy": false,
          "Plans": [
            {
              "Node Type": "Aggregate",
              "Strategy": "Plain",
              "Partial Mode": "Partial",
              "Parent Relationship": "Outer",
              "Parallel Aware": false,
              "Startup Cost": 95485.8,
              "Total Cost": 95485.81,
              "Plan Rows": 1,
              "Plan Width": 8,
              "Actual Startup Time": 509.695,
              "Actual Total Time": 509.699,
              "Actual Rows": 1,
              "Actual Loops": 4,
              "Plans": [
                {
                  "Node Type": "Hash Join",
                  "Parent Relationship": "Outer",
                  "Parallel Aware": true,
                  "Join Type": "Inner",
                  "Startup Cost": 50355.84,
                  "Total Cost": 93233.92,
                  "Plan Rows": 900753,
                  "Plan Width": 0,
                  "Actual Startup Time": 263.986,
                  "Actual Total Time": 494.16,
                  "Actual Rows": 382542,
                  "Actual Loops": 4,
                  "Inner Unique": true,
                  "Hash Cond": "(mk.movie_id = t.id)",
                  "Plans": [
                    {
                      "Node Type": "Seq Scan",
                      "Parent Relationship": "Outer",
                      "Parallel Aware": true,
                      "Relation Name": "movie_keyword",
                      "Alias": "mk",
                      "Startup Cost": 0.0,
                      "Total Cost": 39047.32,
                      "Plan Rows": 1459332,
                      "Plan Width": 4,
                      "Actual Startup Time": 0.026,
                      "Actual Total Time": 88.346,
                      "Actual Rows": 1130982,
                      "Actual Loops": 4
                    },
                    {
                      "Node Type": "Hash",
                      "Parent Relationship": "Inner",
                      "Parallel Aware": true,
                      "Startup Cost": 45479.1,
                      "Total Cost": 45479.1,
                      "Plan Rows": 390139,
                      "Plan Width": 4,
                      "Actual Startup Time": 256.026,
                      "Actual Total Time": 256.027,
                      "Actual Rows": 417495,
                      "Actual Loops": 4,
                      "Hash Buckets": 2097152,
                      "Original Hash Buckets": 2097152,
                      "Hash Batches": 1,
                      "Original Hash Batches": 1,
                      "Peak Memory Usage": 81760,
                      "Plans": [
                        {
                          "Node Type": "Seq Scan",
                          "Parent Relationship": "Outer",
                          "Parallel Aware": true,
                          "Relation Name": "title",
                          "Alias": "t",
                          "Startup Cost": 0.0,
                          "Total Cost": 45479.1,
                          "Plan Rows": 390139,
                          "Plan Width": 4,
                          "Actual Startup Time": 0.036,
                          "Actual Total Time": 109.932,
                          "Actual Rows": 417495,
                          "Actual Loops": 4,
                          "Filter": "((kind_id > 1) AND (production_year > 1968))",
                          "Rows Removed by Filter": 214583
                        }
                      ]
                    }
                  ]
                }
              ]
            }
          ]
        }
      ]
    },
    "Planning Time": 0.594,
    "Triggers": [],
    "Execution Time": 546.218
  }
]