[
  {
    "Plan": {
      "Node Type": "Aggregate",
      "Strategy": "Plain",
      "Partial Mode": "Finalize",
      "Parallel Aware": false,
      "Startup Cost": 45527.01,
      "Total Cost": 45527.02,
      "Plan Rows": 1,
      "Plan Width": 8,
      "Actual Startup Time": 136.124,
      "Actual Total Time": 143.76,
      "Actual Rows": 1,
      "Actual Loops": 1,
      "Plans": [
        {
          "Node Type": "Gather",
          "Parent Relationship": "Outer",
          "Parallel Aware": false,
          "Startup Cost": 45526.69,
          "Total Cost": 45527.0,
          "Plan Rows": 3,
          "Plan Width": 8,
          "Actual Startup Time": 135.999,
          "Actual Total Time": 143.752,
          "Actual Rows": 4,
          "Actual Loops": 1,
          "Workers Planned": 3,
          "Workers Launched": 3,
          "Single Copy": false,
          "Plans": [
            {
              "Node Type": "Aggregate",
              "Strategy": "Plain",
              "Partial Mode": "Partial",
              "Parent Relationship": "Outer",
              "Parallel Aware": false,
              "Startup Cost": 44526.69,
              "Total Cost": 44526.7,
              "Plan Rows": 1,
              "Plan Width": 8,
              "Actual Startup Time": 130.543,
              "Actual Total Time": 130.544,
              "Actual Rows": 1,
              "Actual Loops": 4,
              "Plans": [
                {
                  "Node Type": "Seq Scan",
                  "Parent Relationship": "Outer",
                  "Parallel Aware": true,
                  "Relation Name": "movie_keyword",
                  "Alias": "mk",
                  "Startup Cost": 0.0,
                  "Total Cost": 42695.65,
                  "Plan Rows": 732415,
                  "Plan Width": 0,
                  "Actual Startup Time": 0.04,
                  "Actual Total Time": 105.433,
                  "Actual Rows": 570642,
                  "Actual Loops": 4,
                  "Filter": "(keyword_id < 4841)",
                  "Rows Removed by Filter": 560340
                }
              ]
            }
          ]
        }
      ]
    },
    "Planning Time": 0.121,
    "Triggers": [],
    "Execution Time": 143.797
  }
]