{
  "Plan": {
    "Node Type": "Aggregate",
    "Strategy": "Plain",
    "Partial Mode": "Finalize",
    "Parallel Aware": false,
    "Startup Cost": 80214.23,
    "Total Cost": 80214.24,
    "Plan Rows": 1,
    "Plan Width": 8,
    "Actual Startup Time": 151.086,
    "Actual Total Time": 158.159,
    "Actual Rows": 1,
    "Actual Loops": 1,
    "Plans": [
      {
        "Node Type": "Gather",
        "Parent Relationship": "Outer",
        "Parallel Aware": false,
        "Startup Cost": 80214.11,
        "Total Cost": 80214.22,
        "Plan Rows": 1,
        "Plan Width": 8,
        "Actual Startup Time": 150.828,
        "Actual Total Time": 158.153,
        "Actual Rows": 2,
        "Actual Loops": 1,
        "Workers Planned": 1,
        "Workers Launched": 1,
        "Single Copy": false,
        "Plans": [
          {
            "Node Type": "Aggregate",
            "Strategy": "Plain",
            "Partial Mode": "Partial",
            "Parent Relationship": "Outer",
            "Parallel Aware": false,
            "Startup Cost": 79214.11,
            "Total Cost": 79214.12,
            "Plan Rows": 1,
            "Plan Width": 8,
            "Actual Startup Time": 144.447,
            "Actual Total Time": 144.451,
            "Actual Rows": 1,
            "Actual Loops": 2,
            "Plans": [
              {
                "Node Type": "Nested Loop",
                "Parent Relationship": "Outer",
                "Parallel Aware": false,
                "Join Type": "Inner",
                "Startup Cost": 58193.71,
                "Total Cost": 79213.77,
                "Plan Rows": 138,
                "Plan Width": 0,
                "Actual Startup Time": 116.884,
                "Actual Total Time": 144.44,
                "Actual Rows": 16,
                "Actual Loops": 2,
                "Inner Unique": false,
                "Join Filter": "(t.id = mk.movie_id)",
                "Rows Removed by Join Filter": 0,
                "Plans": [
                  {
                    "Node Type": "Hash Join",
                    "Parent Relationship": "Outer",
                    "Parallel Aware": true,
                    "Join Type": "Inner",
                    "Startup Cost": 58193.28,
                    "Total Cost": 78828.71,
                    "Plan Rows": 154,
                    "Plan Width": 8,
                    "Actual Startup Time": 114.649,
                    "Actual Total Time": 142.312,
                    "Actual Rows": 180,
                    "Actual Loops": 2,
                    "Inner Unique": true,
                    "Hash Cond": "(mc.movie_id = t.id)",
                    "Plans": [
                      {
                        "Node Type": "Bitmap Heap Scan",
                        "Parent Relationship": "Outer",
                        "Parallel Aware": true,
                        "Relation Name": "movie_companies",
                        "Alias": "mc",
                        "Startup Cost": 4495.93,
                        "Total Cost": 24811.08,
                        "Plan Rows": 122012,
                        "Plan Width": 4,
                        "Actual Startup Time": 12.671,
                        "Actual Total Time": 30.182,
                        "Actual Rows": 100990,
                        "Actual Loops": 2,
                        "Recheck Cond": "(company_id > 112840)",
                        "Rows Removed by Index Recheck": 0,
                        "Exact Heap Blocks": 2592,
                        "Lossy Heap Blocks": 0,
                        "Plans": [
                          {
                            "Node Type": "Bitmap Index Scan",
                            "Parent Relationship": "Outer",
                            "Parallel Aware": false,
                            "Index Name": "company_id_movie_companies",
                            "Startup Cost": 0.0,
                            "Total Cost": 4444.08,
                            "Plan Rows": 207420,
                            "Plan Width": 0,
                            "Actual Startup Time": 12.029,
                            "Actual Total Time": 12.03,
                            "Actual Rows": 201981,
                            "Actual Loops": 1,
                            "Index Cond": "(company_id > 112840)"
                          }
                        ]
                      },
                      {
                        "Node Type": "Hash",
                        "Parent Relationship": "Inner",
                        "Parallel Aware": true,
                        "Startup Cost": 53673.91,
                        "Total Cost": 53673.91,
                        "Plan Rows": 1875,
                        "Plan Width": 4,
                        "Actual Startup Time": 100.529,
                        "Actual Total Time": 100.53,
                        "Actual Rows": 6926,
                        "Actual Loops": 2,
                        "Hash Buckets": 16384,
                        "Original Hash Buckets": 4096,
                        "Hash Batches": 1,
                        "Original Hash Batches": 1,
                        "Peak Memory Usage": 800,
                        "Plans": [
                          {
                            "Node Type": "Bitmap Heap Scan",
                            "Parent Relationship": "Outer",
                            "Parallel Aware": true,
                            "Relation Name": "title",
                            "Alias": "t",
                            "Startup Cost": 11823.65,
                            "Total Cost": 53673.91,
                            "Plan Rows": 1875,
                            "Plan Width": 4,
                            "Actual Startup Time": 36.869,
                            "Actual Total Time": 95.916,
                            "Actual Rows": 6926,
                            "Actual Loops": 2,
                            "Recheck Cond": "(kind_id < 2)",
                            "Rows Removed by Index Recheck": 0,
                            "Filter": "(production_year < 1904)",
                            "Rows Removed by Filter": 324487,
                            "Exact Heap Blocks": 9104,
                            "Lossy Heap Blocks": 0,
                            "Plans": [
                              {
                                "Node Type": "Bitmap Index Scan",
                                "Parent Relationship": "Outer",
                                "Parallel Aware": false,
                                "Index Name": "kind_id_title",
                                "Startup Cost": 0.0,
                                "Total Cost": 11822.85,
                                "Plan Rows": 663256,
                                "Plan Width": 0,
                                "Actual Startup Time": 39.805,
                                "Actual Total Time": 39.805,
                                "Actual Rows": 662825,
                                "Actual Loops": 1,
                                "Index Cond": "(kind_id < 2)"
                              }
                            ]
                          }
                        ]
                      }
                    ]
                  },
                  {
                    "Node Type": "Index Scan",
                    "Parent Relationship": "Inner",
                    "Parallel Aware": false,
                    "Scan Direction": "Forward",
                    "Index Name": "movie_id_movie_keyword",
                    "Relation Name": "movie_keyword",
                    "Alias": "mk",
                    "Startup Cost": 0.43,
                    "Total Cost": 2.21,
                    "Plan Rows": 23,
                    "Plan Width": 4,
                    "Actual Startup Time": 0.011,
                    "Actual Total Time": 0.011,
                    "Actual Rows": 0,
                    "Actual Loops": 360,
                    "Index Cond": "(movie_id = mc.movie_id)",
                    "Rows Removed by Index Recheck": 0,
                    "Filter": "(keyword_id > 4720)",
                    "Rows Removed by Filter": 0
                  }
                ]
              }
            ]
          }
        ]
      }
    ]
  },
  "Planning Time": 0.962,
  "Triggers": [],
  "Execution Time": 158.274
}