[
  {
    "Plan": {
      "Node Type": "Aggregate",
      "Strategy": "Plain",
      "Partial Mode": "Finalize",
      "Parallel Aware": false,
      "Startup Cost": 33032.66,
      "Total Cost": 33032.67,
      "Plan Rows": 1,
      "Plan Width": 8,
      "Actual Startup Time": 102.314,
      "Actual Total Time": 110.32,
      "Actual Rows": 1,
      "Actual Loops": 1,
      "Plans": [
        {
          "Node Type": "Gather",
          "Parent Relationship": "Outer",
          "Parallel Aware": false,
          "Startup Cost": 33032.34,
          "Total Cost": 33032.65,
          "Plan Rows": 3,
          "Plan Width": 8,
          "Actual Startup Time": 102.218,
          "Actual Total Time": 110.311,
          "Actual Rows": 4,
          "Actual Loops": 1,
          "Workers Planned": 3,
          "Workers Launched": 3,
          "Single Copy": false,
          "Plans": [
            {
              "Node Type": "Aggregate",
              "Strategy": "Plain",
              "Partial Mode": "Partial",
              "Parent Relationship": "Outer",
              "Parallel Aware": false,
              "Startup Cost": 32032.34,
              "Total Cost": 32032.35,
              "Plan Rows": 1,
              "Plan Width": 8,
              "Actual Startup Time": 93.801,
              "Actual Total Time": 93.802,
              "Actual Rows": 1,
              "Actual Loops": 4,
              "Plans": [
                {
                  "Node Type": "Seq Scan",
                  "Parent Relationship": "Outer",
                  "Parallel Aware": true,
                  "Relation Name": "movie_companies",
                  "Alias": "mc",
                  "Startup Cost": 0.0,
                  "Total Cost": 31414.82,
                  "Plan Rows": 247010,
                  "Plan Width": 0,
                  "Actual Startup Time": 8.585,
                  "Actual Total Time": 86.17,
                  "Actual Rows": 136886,
                  "Actual Loops": 4,
                  "Filter": "((company_id > 6158) AND (company_type_id = 1))",
                  "Rows Removed by Filter": 515397
                }
              ]
            }
          ]
        }
      ]
    },
    "Planning Time": 0.124,
    "Triggers": [],
    "Execution Time": 110.358
  }
]