{
  "Plan": {
    "Node Type": "Aggregate",
    "Strategy": "Plain",
    "Partial Mode": "Finalize",
    "Parallel Aware": false,
    "Startup Cost": 78888.99,
    "Total Cost": 78889.0,
    "Plan Rows": 1,
    "Plan Width": 8,
    "Actual Startup Time": 215.405,
    "Actual Total Time": 228.461,
    "Actual Rows": 1,
    "Actual Loops": 1,
    "Plans": [
      {
        "Node Type": "Gather",
        "Parent Relationship": "Outer",
        "Parallel Aware": false,
        "Startup Cost": 78888.87,
        "Total Cost": 78888.98,
        "Plan Rows": 1,
        "Plan Width": 8,
        "Actual Startup Time": 215.195,
        "Actual Total Time": 228.453,
        "Actual Rows": 2,
        "Actual Loops": 1,
        "Workers Planned": 1,
        "Workers Launched": 1,
        "Single Copy": false,
        "Plans": [
          {
            "Node Type": "Aggregate",
            "Strategy": "Plain",
            "Partial Mode": "Partial",
            "Parent Relationship": "Outer",
            "Parallel Aware": false,
            "Startup Cost": 77888.87,
            "Total Cost": 77888.88,
            "Plan Rows": 1,
            "Plan Width": 8,
            "Actual Startup Time": 209.484,
            "Actual Total Time": 209.487,
            "Actual Rows": 1,
            "Actual Loops": 2,
            "Plans": [
              {
                "Node Type": "Hash Join",
                "Parent Relationship": "Outer",
                "Parallel Aware": true,
                "Join Type": "Inner",
                "Startup Cost": 59067.02,
                "Total Cost": 77861.14,
                "Plan Rows": 11094,
                "Plan Width": 0,
                "Actual Startup Time": 143.7,
                "Actual Total Time": 209.469,
                "Actual Rows": 178,
                "Actual Loops": 2,
                "Inner Unique": true,
                "Hash Cond": "(mi_idx.movie_id = t.id)",
                "Plans": [
                  {
                    "Node Type": "Seq Scan",
                    "Parent Relationship": "Outer",
                    "Parallel Aware": true,
                    "Relation Name": "movie_info_idx",
                    "Alias": "mi_idx",
                    "Startup Cost": 0.0,
                    "Total Cost": 18082.32,
                    "Plan Rows": 271164,
                    "Plan Width": 4,
                    "Actual Startup Time": 0.02,
                    "Actual Total Time": 49.205,
                    "Actual Rows": 230092,
                    "Actual Loops": 2,
                    "Filter": "(info_type_id > 100)",
                    "Rows Removed by Filter": 459925
                  },
                  {
                    "Node Type": "Hash",
                    "Parent Relationship": "Inner",
                    "Parallel Aware": true,
                    "Startup Cost": 58306.47,
                    "Total Cost": 58306.47,
                    "Plan Rows": 60844,
                    "Plan Width": 4,
                    "Actual Startup Time": 139.478,
                    "Actual Total Time": 139.479,
                    "Actual Rows": 3465,
                    "Actual Loops": 2,
                    "Hash Buckets": 131072,
                    "Original Hash Buckets": 131072,
                    "Hash Batches": 1,
                    "Original Hash Batches": 1,
                    "Peak Memory Usage": 1312,
                    "Plans": [
                      {
                        "Node Type": "Seq Scan",
                        "Parent Relationship": "Outer",
                        "Parallel Aware": true,
                        "Relation Name": "title",
                        "Alias": "t",
                        "Startup Cost": 0.0,
                        "Total Cost": 58306.47,
                        "Plan Rows": 60844,
                        "Plan Width": 4,
                        "Actual Startup Time": 0.405,
                        "Actual Total Time": 137.767,
                        "Actual Rows": 3465,
                        "Actual Loops": 2,
                        "Filter": "((kind_id > 4) AND (production_year < 1952))",
                        "Rows Removed by Filter": 1260691
                      }
                    ]
                  }
                ]
              }
            ]
          }
        ]
      }
    ]
  },
  "Planning Time": 0.459,
  "Triggers": [],
  "Execution Time": 228.536
}