[
  {
    "Plan": {
      "Node Type": "Aggregate",
      "Strategy": "Plain",
      "Partial Mode": "Finalize",
      "Parallel Aware": false,
      "Startup Cost": 23391.3,
      "Total Cost": 23391.31,
      "Plan Rows": 1,
      "Plan Width": 8,
      "Actual Startup Time": 44.749,
      "Actual Total Time": 50.189,
      "Actual Rows": 1,
      "Actual Loops": 1,
      "Plans": [
        {
          "Node Type": "Gather",
          "Parent Relationship": "Outer",
          "Parallel Aware": false,
          "Startup Cost": 23391.19,
          "Total Cost": 23391.3,
          "Plan Rows": 1,
          "Plan Width": 8,
          "Actual Startup Time": 44.617,
          "Actual Total Time": 50.182,
          "Actual Rows": 2,
          "Actual Loops": 1,
          "Workers Planned": 1,
          "Workers Launched": 1,
          "Single Copy": false,
          "Plans": [
            {
              "Node Type": "Aggregate",
              "Strategy": "Plain",
              "Partial Mode": "Partial",
              "Parent Relationship": "Outer",
              "Parallel Aware": false,
              "Startup Cost": 22391.19,
              "Total Cost": 22391.2,
              "Plan Rows": 1,
              "Plan Width": 8,
              "Actual Startup Time": 38.677,
              "Actual Total Time": 38.679,
              "Actual Rows": 1,
              "Actual Loops": 2,
              "Plans": [
                {
                  "Node Type": "Nested Loop",
                  "Parent Relationship": "Outer",
                  "Parallel Aware": false,
                  "Join Type": "Inner",
                  "Startup Cost": 62.19,
                  "Total Cost": 22386.43,
                  "Plan Rows": 1902,
                  "Plan Width": 0,
                  "Actual Startup Time": 2.093,
                  "Actual Total Time": 38.53,
                  "Actual Rows": 906,
                  "Actual Loops": 2,
                  "Inner Unique": false,
                  "Plans": [
                    {
                      "Node Type": "Nested Loop",
                      "Parent Relationship": "Outer",
                      "Parallel Aware": false,
                      "Join Type": "Inner",
                      "Startup Cost": 61.75,
                      "Total Cost": 19726.69,
                      "Plan Rows": 1586,
                      "Plan Width": 8,
                      "Actual Startup Time": 1.851,
                      "Actual Total Time": 13.262,
                      "Actual Rows": 1164,
                      "Actual Loops": 2,
                      "Inner Unique": true,
                      "Plans": [
                        {
                          "Node Type": "Bitmap Heap Scan",
                          "Parent Relationship": "Outer",
                          "Parallel Aware": true,
                          "Relation Name": "movie_companies",
                          "Alias": "mc",
                          "Startup Cost": 61.32,
                          "Total Cost": 7383.15,
                          "Plan Rows": 1586,
                          "Plan Width": 4,
                          "Actual Startup Time": 1.636,
                          "Actual Total Time": 4.267,
                          "Actual Rows": 1164,
                          "Actual Loops": 2,
                          "Recheck Cond": "(company_id = 13543)",
                          "Rows Removed by Index Recheck": 0,
                          "Exact Heap Blocks": 1075,
                          "Lossy Heap Blocks": 0,
                          "Plans": [
                            {
                              "Node Type": "Bitmap Index Scan",
                              "Parent Relationship": "Outer",
                              "Parallel Aware": false,
                              "Index Name": "company_id_movie_companies",
                              "Startup Cost": 0.0,
                              "Total Cost": 60.65,
                              "Plan Rows": 2696,
                              "Plan Width": 0,
                              "Actual Startup Time": 2.928,
                              "Actual Total Time": 2.928,
                              "Actual Rows": 2328,
                              "Actual Loops": 1,
                              "Index Cond": "(company_id = 13543)"
                            }
                          ]
                        },
                        {
                          "Node Type": "Index Only Scan",
                          "Parent Relationship": "Inner",
                          "Parallel Aware": false,
                          "Scan Direction": "Forward",
                          "Index Name": "title_pkey",
                          "Relation Name": "title",
                          "Alias": "t",
                          "Startup Cost": 0.43,
                          "Total Cost": 7.78,
                          "Plan Rows": 1,
                          "Plan Width": 4,
                          "Actual Startup Time": 0.007,
                          "Actual Total Time": 0.007,
                          "Actual Rows": 1,
                          "Actual Loops": 2328,
                          "Index Cond": "(id = mc.movie_id)",
                          "Rows Removed by Index Recheck": 0,
                          "Heap Fetches": 2328
                        }
                      ]
                    },
                    {
                      "Node Type": "Index Scan",
                      "Parent Relationship": "Inner",
                      "Parallel Aware": false,
                      "Scan Direction": "Forward",
                      "Index Name": "movie_id_movie_info",
                      "Relation Name": "movie_info",
                      "Alias": "mi",
                      "Startup Cost": 0.43,
                      "Total Cost": 1.6,
                      "Plan Rows": 8,
                      "Plan Width": 4,
                      "Actual Startup Time": 0.016,
                      "Actual Total Time": 0.021,
                      "Actual Rows": 1,
                      "Actual Loops": 2328,
                      "Index Cond": "(movie_id = t.id)",
                      "Rows Removed by Index Recheck": 0,
                      "Filter": "(info_type_id = 16)",
                      "Rows Removed by Filter": 8
                    }
                  ]
                }
              ]
            }
          ]
        }
      ]
    },
    "Planning Time": 0.628,
    "Triggers": [],
    "Execution Time": 50.242
  }
]