{
  "Plan": {
    "Node Type": "Aggregate",
    "Strategy": "Plain",
    "Partial Mode": "Finalize",
    "Parallel Aware": false,
    "Startup Cost": 162225.36,
    "Total Cost": 162225.37,
    "Plan Rows": 1,
    "Plan Width": 8,
    "Actual Startup Time": 836.444,
    "Actual Total Time": 856.09,
    "Actual Rows": 1,
    "Actual Loops": 1,
    "Plans": [
      {
        "Node Type": "Gather",
        "Parent Relationship": "Outer",
        "Parallel Aware": false,
        "Startup Cost": 162225.24,
        "Total Cost": 162225.35,
        "Plan Rows": 1,
        "Plan Width": 8,
        "Actual Startup Time": 834.866,
        "Actual Total Time": 856.082,
        "Actual Rows": 2,
        "Actual Loops": 1,
        "Workers Planned": 1,
        "Workers Launched": 1,
        "Single Copy": false,
        "Plans": [
          {
            "Node Type": "Aggregate",
            "Strategy": "Plain",
            "Partial Mode": "Partial",
            "Parent Relationship": "Outer",
            "Parallel Aware": false,
            "Startup Cost": 161225.24,
            "Total Cost": 161225.25,
            "Plan Rows": 1,
            "Plan Width": 8,
            "Actual Startup Time": 828.344,
            "Actual Total Time": 828.351,
            "Actual Rows": 1,
            "Actual Loops": 2,
            "Plans": [
              {
                "Node Type": "Hash Join",
                "Parent Relationship": "Outer",
                "Parallel Aware": true,
                "Join Type": "Inner",
                "Startup Cost": 118048.84,
                "Total Cost": 161170.1,
                "Plan Rows": 22059,
                "Plan Width": 0,
                "Actual Startup Time": 638.286,
                "Actual Total Time": 797.491,
                "Actual Rows": 793772,
                "Actual Loops": 2,
                "Inner Unique": false,
                "Hash Cond": "(mc.movie_id = t.id)",
                "Plans": [
                  {
                    "Node Type": "Index Scan",
                    "Parent Relationship": "Outer",
                    "Parallel Aware": true,
                    "Scan Direction": "Forward",
                    "Index Name": "company_type_id_movie_companies",
                    "Relation Name": "movie_companies",
                    "Alias": "mc",
                    "Startup Cost": 0.43,
                    "Total Cost": 41574.35,
                    "Plan Rows": 378019,
                    "Plan Width": 4,
                    "Actual Startup Time": 28.163,
                    "Actual Total Time": 98.072,
                    "Actual Rows": 200708,
                    "Actual Loops": 2,
                    "Index Cond": "(company_type_id < 2)",
                    "Rows Removed by Index Recheck": 0,
                    "Filter": "(company_id > 11280)",
                    "Rows Removed by Filter": 436416
                  },
                  {
                    "Node Type": "Hash",
                    "Parent Relationship": "Inner",
                    "Parallel Aware": true,
                    "Startup Cost": 116963.59,
                    "Total Cost": 116963.59,
                    "Plan Rows": 86786,
                    "Plan Width": 8,
                    "Actual Startup Time": 606.181,
                    "Actual Total Time": 606.186,
                    "Actual Rows": 331734,
                    "Actual Loops": 2,
                    "Hash Buckets": 1048576,
                    "Original Hash Buckets": 262144,
                    "Hash Batches": 1,
                    "Original Hash Batches": 1,
                    "Peak Memory Usage": 40320,
                    "Plans": [
                      {
                        "Node Type": "Hash Join",
                        "Parent Relationship": "Outer",
                        "Parallel Aware": true,
                        "Join Type": "Inner",
                        "Startup Cost": 58912.74,
                        "Total Cost": 116963.59,
                        "Plan Rows": 86786,
                        "Plan Width": 8,
                        "Actual Startup Time": 164.514,
                        "Actual Total Time": 534.999,
                        "Actual Rows": 331734,
                        "Actual Loops": 2,
                        "Inner Unique": true,
                        "Hash Cond": "(mk.movie_id = t.id)",
                        "Plans": [
                          {
                            "Node Type": "Seq Scan",
                            "Parent Relationship": "Outer",
                            "Parallel Aware": true,
                            "Relation Name": "movie_keyword",
                            "Alias": "mk",
                            "Startup Cost": 0.0,
                            "Total Cost": 51065.35,
                            "Plan Rows": 2661135,
                            "Plan Width": 4,
                            "Actual Startup Time": 0.011,
                            "Actual Total Time": 165.115,
                            "Actual Rows": 2261965,
                            "Actual Loops": 2
                          },
                          {
                            "Node Type": "Hash",
                            "Parent Relationship": "Inner",
                            "Parallel Aware": true,
                            "Startup Cost": 58306.47,
                            "Total Cost": 58306.47,
                            "Plan Rows": 48502,
                            "Plan Width": 4,
                            "Actual Startup Time": 163.107,
                            "Actual Total Time": 163.108,
                            "Actual Rows": 93731,
                            "Actual Loops": 2,
                            "Hash Buckets": 262144,
                            "Original Hash Buckets": 131072,
                            "Hash Batches": 1,
                            "Original Hash Batches": 1,
                            "Peak Memory Usage": 10432,
                            "Plans": [
                              {
                                "Node Type": "Seq Scan",
                                "Parent Relationship": "Outer",
                                "Parallel Aware": true,
                                "Relation Name": "title",
                                "Alias": "t",
                                "Startup Cost": 0.0,
                                "Total Cost": 58306.47,
                                "Plan Rows": 48502,
                                "Plan Width": 4,
                                "Actual Startup Time": 0.554,
                                "Actual Total Time": 139.714,
                                "Actual Rows": 93731,
                                "Actual Loops": 2,
                                "Filter": "((kind_id < 7) AND (production_year < 1958))",
                                "Rows Removed by Filter": 1170425
                              }
                            ]
                          }
                        ]
                      }
                    ]
                  }
                ]
              }
            ]
          }
        ]
      }
    ]
  },
  "Planning Time": 1.021,
  "Triggers": [],
  "Execution Time": 856.184
}