[
  {
    "Plan": {
      "Node Type": "Aggregate",
      "Strategy": "Plain",
      "Partial Mode": "Finalize",
      "Parallel Aware": false,
      "Startup Cost": 282084.44,
      "Total Cost": 282084.45,
      "Plan Rows": 1,
      "Plan Width": 8,
      "Actual Startup Time": 126.681,
      "Actual Total Time": 134.362,
      "Actual Rows": 1,
      "Actual Loops": 1,
      "Plans": [
        {
          "Node Type": "Gather",
          "Parent Relationship": "Outer",
          "Parallel Aware": false,
          "Startup Cost": 282083.81,
          "Total Cost": 282084.42,
          "Plan Rows": 6,
          "Plan Width": 8,
          "Actual Startup Time": 126.064,
          "Actual Total Time": 134.355,
          "Actual Rows": 7,
          "Actual Loops": 1,
          "Workers Planned": 6,
          "Workers Launched": 6,
          "Single Copy": false,
          "Plans": [
            {
              "Node Type": "Aggregate",
              "Strategy": "Plain",
              "Partial Mode": "Partial",
              "Parent Relationship": "Outer",
              "Parallel Aware": false,
              "Startup Cost": 281083.81,
              "Total Cost": 281083.82,
              "Plan Rows": 1,
              "Plan Width": 8,
              "Actual Startup Time": 117.342,
              "Actual Total Time": 117.344,
              "Actual Rows": 1,
              "Actual Loops": 7,
              "Plans": [
                {
                  "Node Type": "Bitmap Heap Scan",
                  "Parent Relationship": "Outer",
                  "Parallel Aware": true,
                  "Relation Name": "cast_info",
                  "Alias": "ci",
                  "Startup Cost": 25219.51,
                  "Total Cost": 280773.41,
                  "Plan Rows": 124162,
                  "Plan Width": 0,
                  "Actual Startup Time": 40.973,
                  "Actual Total Time": 107.014,
                  "Actual Rows": 155418,
                  "Actual Loops": 7,
                  "Recheck Cond": "(person_id > 3850648)",
                  "Rows Removed by Index Recheck": 0,
                  "Filter": "(role_id > 1)",
                  "Rows Removed by Filter": 0,
                  "Exact Heap Blocks": 4670,
                  "Lossy Heap Blocks": 0,
                  "Plans": [
                    {
                      "Node Type": "Bitmap Index Scan",
                      "Parent Relationship": "Outer",
                      "Parallel Aware": false,
                      "Index Name": "person_id_cast_info",
                      "Startup Cost": 0.0,
                      "Total Cost": 25033.26,
                      "Plan Rows": 1146760,
                      "Plan Width": 0,
                      "Actual Startup Time": 46.773,
                      "Actual Total Time": 46.774,
                      "Actual Rows": 1087924,
                      "Actual Loops": 1,
                      "Index Cond": "(person_id > 3850648)"
                    }
                  ]
                }
              ]
            }
          ]
        }
      ]
    },
    "Planning Time": 0.124,
    "Triggers": [],
    "Execution Time": 134.437
  }
]