[
  {
    "Plan": {
      "Node Type": "Aggregate",
      "Strategy": "Plain",
      "Partial Mode": "Finalize",
      "Parallel Aware": false,
      "Startup Cost": 46484.8,
      "Total Cost": 46484.81,
      "Plan Rows": 1,
      "Plan Width": 8,
      "Actual Startup Time": 91.701,
      "Actual Total Time": 103.338,
      "Actual Rows": 1,
      "Actual Loops": 1,
      "Plans": [
        {
          "Node Type": "Gather",
          "Parent Relationship": "Outer",
          "Parallel Aware": false,
          "Startup Cost": 46484.38,
          "Total Cost": 46484.79,
          "Plan Rows": 4,
          "Plan Width": 8,
          "Actual Startup Time": 91.561,
          "Actual Total Time": 103.33,
          "Actual Rows": 5,
          "Actual Loops": 1,
          "Workers Planned": 4,
          "Workers Launched": 4,
          "Single Copy": false,
          "Plans": [
            {
              "Node Type": "Aggregate",
              "Strategy": "Plain",
              "Partial Mode": "Partial",
              "Parent Relationship": "Outer",
              "Parallel Aware": false,
              "Startup Cost": 45484.38,
              "Total Cost": 45484.39,
              "Plan Rows": 1,
              "Plan Width": 8,
              "Actual Startup Time": 84.389,
              "Actual Total Time": 84.39,
              "Actual Rows": 1,
              "Actual Loops": 5,
              "Plans": [
                {
                  "Node Type": "Seq Scan",
                  "Parent Relationship": "Outer",
                  "Parallel Aware": true,
                  "Relation Name": "title",
                  "Alias": "t",
                  "Startup Cost": 0.0,
                  "Total Cost": 45479.1,
                  "Plan Rows": 2113,
                  "Plan Width": 0,
                  "Actual Startup Time": 0.216,
                  "Actual Total Time": 84.187,
                  "Actual Rows": 1565,
                  "Actual Loops": 5,
                  "Filter": "((kind_id = 7) AND (production_year = 1965))",
                  "Rows Removed by Filter": 504098
                }
              ]
            }
          ]
        }
      ]
    },
    "Planning Time": 0.195,
    "Triggers": [],
    "Execution Time": 103.388
  }
]