{
  "Plan": {
    "Node Type": "Aggregate",
    "Strategy": "Plain",
    "Partial Mode": "Finalize",
    "Parallel Aware": false,
    "Startup Cost": 17639.53,
    "Total Cost": 17639.54,
    "Plan Rows": 1,
    "Plan Width": 8,
    "Actual Startup Time": 32.323,
    "Actual Total Time": 36.494,
    "Actual Rows": 1,
    "Actual Loops": 1,
    "Plans": [
      {
        "Node Type": "Gather",
        "Parent Relationship": "Outer",
        "Parallel Aware": false,
        "Startup Cost": 17639.41,
        "Total Cost": 17639.52,
        "Plan Rows": 1,
        "Plan Width": 8,
        "Actual Startup Time": 32.075,
        "Actual Total Time": 36.486,
        "Actual Rows": 2,
        "Actual Loops": 1,
        "Workers Planned": 1,
        "Workers Launched": 1,
        "Single Copy": false,
        "Plans": [
          {
            "Node Type": "Aggregate",
            "Strategy": "Plain",
            "Partial Mode": "Partial",
            "Parent Relationship": "Outer",
            "Parallel Aware": false,
            "Startup Cost": 16639.41,
            "Total Cost": 16639.42,
            "Plan Rows": 1,
            "Plan Width": 8,
            "Actual Startup Time": 25.778,
            "Actual Total Time": 25.78,
            "Actual Rows": 1,
            "Actual Loops": 2,
            "Plans": [
              {
                "Node Type": "Nested Loop",
                "Parent Relationship": "Outer",
                "Parallel Aware": false,
                "Join Type": "Inner",
                "Startup Cost": 50.14,
                "Total Cost": 16638.74,
                "Plan Rows": 270,
                "Plan Width": 0,
                "Actual Startup Time": 1.894,
                "Actual Total Time": 25.448,
                "Actual Rows": 1920,
                "Actual Loops": 2,
                "Inner Unique": false,
                "Plans": [
                  {
                    "Node Type": "Nested Loop",
                    "Parent Relationship": "Outer",
                    "Parallel Aware": false,
                    "Join Type": "Inner",
                    "Startup Cost": 49.71,
                    "Total Cost": 16357.6,
                    "Plan Rows": 495,
                    "Plan Width": 8,
                    "Actual Startup Time": 1.737,
                    "Actual Total Time": 17.51,
                    "Actual Rows": 674,
                    "Actual Loops": 2,
                    "Inner Unique": true,
                    "Plans": [
                      {
                        "Node Type": "Bitmap Heap Scan",
                        "Parent Relationship": "Outer",
                        "Parallel Aware": true,
                        "Relation Name": "movie_companies",
                        "Alias": "mc",
                        "Startup Cost": 49.28,
                        "Total Cost": 6248.97,
                        "Plan Rows": 1279,
                        "Plan Width": 4,
                        "Actual Startup Time": 1.607,
                        "Actual Total Time": 4.784,
                        "Actual Rows": 1380,
                        "Actual Loops": 2,
                        "Recheck Cond": "(company_id = 31)",
                        "Rows Removed by Index Recheck": 0,
                        "Exact Heap Blocks": 1127,
                        "Lossy Heap Blocks": 0,
                        "Plans": [
                          {
                            "Node Type": "Bitmap Index Scan",
                            "Parent Relationship": "Outer",
                            "Parallel Aware": false,
                            "Index Name": "company_id_movie_companies",
                            "Startup Cost": 0.0,
                            "Total Cost": 48.73,
                            "Plan Rows": 2174,
                            "Plan Width": 0,
                            "Actual Startup Time": 2.398,
                            "Actual Total Time": 2.399,
                            "Actual Rows": 2760,
                            "Actual Loops": 1,
                            "Index Cond": "(company_id = 31)"
                          }
                        ]
                      },
                      {
                        "Node Type": "Index Scan",
                        "Parent Relationship": "Inner",
                        "Parallel Aware": false,
                        "Scan Direction": "Forward",
                        "Index Name": "title_pkey",
                        "Relation Name": "title",
                        "Alias": "t",
                        "Startup Cost": 0.43,
                        "Total Cost": 7.9,
                        "Plan Rows": 1,
                        "Plan Width": 4,
                        "Actual Startup Time": 0.008,
                        "Actual Total Time": 0.008,
                        "Actual Rows": 0,
                        "Actual Loops": 2760,
                        "Index Cond": "(id = mc.movie_id)",
                        "Rows Removed by Index Recheck": 0,
                        "Filter": "(kind_id < 6)",
                        "Rows Removed by Filter": 1
                      }
                    ]
                  },
                  {
                    "Node Type": "Index Only Scan",
                    "Parent Relationship": "Inner",
                    "Parallel Aware": false,
                    "Scan Direction": "Forward",
                    "Index Name": "movie_id_movie_info_idx",
                    "Relation Name": "movie_info_idx",
                    "Alias": "mi_idx",
                    "Startup Cost": 0.43,
                    "Total Cost": 0.54,
                    "Plan Rows": 3,
                    "Plan Width": 4,
                    "Actual Startup Time": 0.01,
                    "Actual Total Time": 0.011,
                    "Actual Rows": 3,
                    "Actual Loops": 1348,
                    "Index Cond": "(movie_id = t.id)",
                    "Rows Removed by Index Recheck": 0,
                    "Heap Fetches": 3840
                  }
                ]
              }
            ]
          }
        ]
      }
    ]
  },
  "Planning Time": 1.101,
  "Triggers": [],
  "Execution Time": 36.596
}