{
  "Plan": {
    "Node Type": "Aggregate",
    "Strategy": "Plain",
    "Partial Mode": "Finalize",
    "Parallel Aware": false,
    "Startup Cost": 89399.13,
    "Total Cost": 89399.14,
    "Plan Rows": 1,
    "Plan Width": 8,
    "Actual Startup Time": 247.718,
    "Actual Total Time": 266.766,
    "Actual Rows": 1,
    "Actual Loops": 1,
    "Plans": [
      {
        "Node Type": "Gather",
        "Parent Relationship": "Outer",
        "Parallel Aware": false,
        "Startup Cost": 89399.01,
        "Total Cost": 89399.12,
        "Plan Rows": 1,
        "Plan Width": 8,
        "Actual Startup Time": 247.286,
        "Actual Total Time": 266.753,
        "Actual Rows": 2,
        "Actual Loops": 1,
        "Workers Planned": 1,
        "Workers Launched": 1,
        "Single Copy": false,
        "Plans": [
          {
            "Node Type": "Aggregate",
            "Strategy": "Plain",
            "Partial Mode": "Partial",
            "Parent Relationship": "Outer",
            "Parallel Aware": false,
            "Startup Cost": 88399.01,
            "Total Cost": 88399.02,
            "Plan Rows": 1,
            "Plan Width": 8,
            "Actual Startup Time": 241.201,
            "Actual Total Time": 241.204,
            "Actual Rows": 1,
            "Actual Loops": 2,
            "Plans": [
              {
                "Node Type": "Hash Join",
                "Parent Relationship": "Outer",
                "Parallel Aware": true,
                "Join Type": "Inner",
                "Startup Cost": 62300.44,
                "Total Cost": 88397.93,
                "Plan Rows": 432,
                "Plan Width": 0,
                "Actual Startup Time": 182.991,
                "Actual Total Time": 241.189,
                "Actual Rows": 24,
                "Actual Loops": 2,
                "Inner Unique": true,
                "Hash Cond": "(mk.movie_id = t.id)",
                "Plans": [
                  {
                    "Node Type": "Bitmap Heap Scan",
                    "Parent Relationship": "Outer",
                    "Parallel Aware": true,
                    "Relation Name": "movie_keyword",
                    "Alias": "mk",
                    "Startup Cost": 3920.04,
                    "Total Cost": 29732.29,
                    "Plan Rows": 108661,
                    "Plan Width": 4,
                    "Actual Startup Time": 23.13,
                    "Actual Total Time": 70.427,
                    "Actual Rows": 92478,
                    "Actual Loops": 2,
                    "Recheck Cond": "(keyword_id > 71480)",
                    "Rows Removed by Index Recheck": 0,
                    "Exact Heap Blocks": 13561,
                    "Lossy Heap Blocks": 0,
                    "Plans": [
                      {
                        "Node Type": "Bitmap Index Scan",
                        "Parent Relationship": "Outer",
                        "Parallel Aware": false,
                        "Index Name": "keyword_id_movie_keyword",
                        "Startup Cost": 0.0,
                        "Total Cost": 3873.85,
                        "Plan Rows": 184723,
                        "Plan Width": 0,
                        "Actual Startup Time": 18.434,
                        "Actual Total Time": 18.435,
                        "Actual Rows": 184956,
                        "Actual Loops": 1,
                        "Index Cond": "(keyword_id > 71480)"
                      }
                    ]
                  },
                  {
                    "Node Type": "Hash",
                    "Parent Relationship": "Inner",
                    "Parallel Aware": true,
                    "Startup Cost": 58306.47,
                    "Total Cost": 58306.47,
                    "Plan Rows": 5915,
                    "Plan Width": 4,
                    "Actual Startup Time": 157.653,
                    "Actual Total Time": 157.654,
                    "Actual Rows": 4922,
                    "Actual Loops": 2,
                    "Hash Buckets": 16384,
                    "Original Hash Buckets": 16384,
                    "Hash Batches": 1,
                    "Original Hash Batches": 1,
                    "Peak Memory Usage": 544,
                    "Plans": [
                      {
                        "Node Type": "Seq Scan",
                        "Parent Relationship": "Outer",
                        "Parallel Aware": true,
                        "Relation Name": "title",
                        "Alias": "t",
                        "Startup Cost": 0.0,
                        "Total Cost": 58306.47,
                        "Plan Rows": 5915,
                        "Plan Width": 4,
                        "Actual Startup Time": 0.135,
                        "Actual Total Time": 155.497,
                        "Actual Rows": 4922,
                        "Actual Loops": 2,
                        "Filter": "((kind_id > 2) AND (production_year = 1970))",
                        "Rows Removed by Filter": 1259234
                      }
                    ]
                  }
                ]
              }
            ]
          }
        ]
      }
    ]
  },
  "Planning Time": 0.466,
  "Triggers": [],
  "Execution Time": 266.86
}