[
  {
    "Plan": {
      "Node Type": "Aggregate",
      "Strategy": "Plain",
      "Partial Mode": "Finalize",
      "Parallel Aware": false,
      "Startup Cost": 46894.51,
      "Total Cost": 46894.52,
      "Plan Rows": 1,
      "Plan Width": 8,
      "Actual Startup Time": 101.59,
      "Actual Total Time": 114.164,
      "Actual Rows": 1,
      "Actual Loops": 1,
      "Plans": [
        {
          "Node Type": "Gather",
          "Parent Relationship": "Outer",
          "Parallel Aware": false,
          "Startup Cost": 46894.09,
          "Total Cost": 46894.5,
          "Plan Rows": 4,
          "Plan Width": 8,
          "Actual Startup Time": 101.46,
          "Actual Total Time": 114.157,
          "Actual Rows": 5,
          "Actual Loops": 1,
          "Workers Planned": 4,
          "Workers Launched": 4,
          "Single Copy": false,
          "Plans": [
            {
              "Node Type": "Aggregate",
              "Strategy": "Plain",
              "Partial Mode": "Partial",
              "Parent Relationship": "Outer",
              "Parallel Aware": false,
              "Startup Cost": 45894.09,
              "Total Cost": 45894.1,
              "Plan Rows": 1,
              "Plan Width": 8,
              "Actual Startup Time": 93.443,
              "Actual Total Time": 93.444,
              "Actual Rows": 1,
              "Actual Loops": 5,
              "Plans": [
                {
                  "Node Type": "Seq Scan",
                  "Parent Relationship": "Outer",
                  "Parallel Aware": true,
                  "Relation Name": "title",
                  "Alias": "t",
                  "Startup Cost": 0.0,
                  "Total Cost": 45479.1,
                  "Plan Rows": 165995,
                  "Plan Width": 0,
                  "Actual Startup Time": 0.055,
                  "Actual Total Time": 87.245,
                  "Actual Rows": 135507,
                  "Actual Loops": 5,
                  "Filter": "((kind_id < 3) AND (production_year < 2012))",
                  "Rows Removed by Filter": 370155
                }
              ]
            }
          ]
        }
      ]
    },
    "Planning Time": 0.182,
    "Triggers": [],
    "Execution Time": 114.222
  }
]