{
  "Plan": {
    "Node Type": "Aggregate",
    "Strategy": "Plain",
    "Partial Mode": "Finalize",
    "Parallel Aware": false,
    "Startup Cost": 418542.57,
    "Total Cost": 418542.58,
    "Plan Rows": 1,
    "Plan Width": 8,
    "Actual Startup Time": 1394.391,
    "Actual Total Time": 1413.175,
    "Actual Rows": 1,
    "Actual Loops": 1,
    "Plans": [
      {
        "Node Type": "Gather",
        "Parent Relationship": "Outer",
        "Parallel Aware": false,
        "Startup Cost": 418542.46,
        "Total Cost": 418542.57,
        "Plan Rows": 1,
        "Plan Width": 8,
        "Actual Startup Time": 1388.964,
        "Actual Total Time": 1413.165,
        "Actual Rows": 2,
        "Actual Loops": 1,
        "Workers Planned": 1,
        "Workers Launched": 1,
        "Single Copy": false,
        "Plans": [
          {
            "Node Type": "Aggregate",
            "Strategy": "Plain",
            "Partial Mode": "Partial",
            "Parent Relationship": "Outer",
            "Parallel Aware": false,
            "Startup Cost": 417542.46,
            "Total Cost": 417542.47,
            "Plan Rows": 1,
            "Plan Width": 8,
            "Actual Startup Time": 1377.324,
            "Actual Total Time": 1377.331,
            "Actual Rows": 1,
            "Actual Loops": 2,
            "Plans": [
              {
                "Node Type": "Hash Join",
                "Parent Relationship": "Outer",
                "Parallel Aware": true,
                "Join Type": "Inner",
                "Startup Cost": 135257.47,
                "Total Cost": 416022.53,
                "Plan Rows": 607971,
                "Plan Width": 0,
                "Actual Startup Time": 691.376,
                "Actual Total Time": 1330.574,
                "Actual Rows": 1101302,
                "Actual Loops": 2,
                "Inner Unique": true,
                "Hash Cond": "(ci.movie_id = t.id)",
                "Plans": [
                  {
                    "Node Type": "Bitmap Heap Scan",
                    "Parent Relationship": "Outer",
                    "Parallel Aware": true,
                    "Relation Name": "cast_info",
                    "Alias": "ci",
                    "Startup Cost": 65796.77,
                    "Total Cost": 344965.91,
                    "Plan Rows": 607971,
                    "Plan Width": 4,
                    "Actual Startup Time": 172.237,
                    "Actual Total Time": 364.276,
                    "Actual Rows": 1101302,
                    "Actual Loops": 2,
                    "Recheck Cond": "(person_id < 297088)",
                    "Rows Removed by Index Recheck": 0,
                    "Filter": "(role_id = 1)",
                    "Rows Removed by Filter": 429158,
                    "Exact Heap Blocks": 17750,
                    "Lossy Heap Blocks": 0,
                    "Plans": [
                      {
                        "Node Type": "Bitmap Index Scan",
                        "Parent Relationship": "Outer",
                        "Parallel Aware": false,
                        "Index Name": "person_id_cast_info",
                        "Startup Cost": 0.0,
                        "Total Cost": 65538.38,
                        "Plan Rows": 3001309,
                        "Plan Width": 0,
                        "Actual Startup Time": 166.99,
                        "Actual Total Time": 166.991,
                        "Actual Rows": 3060920,
                        "Actual Loops": 1,
                        "Index Cond": "(person_id < 297088)"
                      }
                    ]
                  },
                  {
                    "Node Type": "Hash",
                    "Parent Relationship": "Inner",
                    "Parallel Aware": true,
                    "Startup Cost": 50870.31,
                    "Total Cost": 50870.31,
                    "Plan Rows": 1487231,
                    "Plan Width": 4,
                    "Actual Startup Time": 496.686,
                    "Actual Total Time": 496.69,
                    "Actual Rows": 1264156,
                    "Actual Loops": 2,
                    "Hash Buckets": 4194304,
                    "Original Hash Buckets": 4194304,
                    "Hash Batches": 1,
                    "Original Hash Batches": 1,
                    "Peak Memory Usage": 131712,
                    "Plans": [
                      {
                        "Node Type": "Seq Scan",
                        "Parent Relationship": "Outer",
                        "Parallel Aware": true,
                        "Relation Name": "title",
                        "Alias": "t",
                        "Startup Cost": 0.0,
                        "Total Cost": 50870.31,
                        "Plan Rows": 1487231,
                        "Plan Width": 4,
                        "Actual Startup Time": 0.027,
                        "Actual Total Time": 147.066,
                        "Actual Rows": 1264156,
                        "Actual Loops": 2
                      }
                    ]
                  }
                ]
              }
            ]
          }
        ]
      }
    ]
  },
  "Planning Time": 0.679,
  "Triggers": [],
  "Execution Time": 1413.263
}