{
    "Plan": {
        "Node Type": "Aggregate",
        "Strategy": "Plain",
        "Partial Mode": "Finalize",
        "Parallel Aware": false,
        "Startup Cost": 177500.45,
        "Total Cost": 177500.46,
        "Plan Rows": 1,
        "Plan Width": 8,
        "Actual Startup Time": 777.956,
        "Actual Total Time": 831.237,
        "Actual Rows": 1,
        "Actual Loops": 1,
        "Output": [
            "count(*)"
        ],
        "Plans": [
            {
                "Node Type": "Gather",
                "Parent Relationship": "Outer",
                "Parallel Aware": false,
                "Startup Cost": 177500.03,
                "Total Cost": 177500.44,
                "Plan Rows": 4,
                "Plan Width": 8,
                "Actual Startup Time": 774.99,
                "Actual Total Time": 831.228,
                "Actual Rows": 5,
                "Actual Loops": 1,
                "Output": [
                    "(PARTIAL count(*))"
                ],
                "Workers Planned": 4,
                "Workers Launched": 4,
                "Single Copy": false,
                "Plans": [
                    {
                        "Node Type": "Aggregate",
                        "Strategy": "Plain",
                        "Partial Mode": "Partial",
                        "Parent Relationship": "Outer",
                        "Parallel Aware": false,
                        "Startup Cost": 176500.03,
                        "Total Cost": 176500.04,
                        "Plan Rows": 1,
                        "Plan Width": 8,
                        "Actual Startup Time": 764.82,
                        "Actual Total Time": 764.824,
                        "Actual Rows": 1,
                        "Actual Loops": 5,
                        "Output": [
                            "PARTIAL count(*)"
                        ],
                        "Workers": [
                            {
                                "Worker Number": 0,
                                "Actual Startup Time": 762.026,
                                "Actual Total Time": 762.03,
                                "Actual Rows": 1,
                                "Actual Loops": 1
                            },
                            {
                                "Worker Number": 1,
                                "Actual Startup Time": 762.377,
                                "Actual Total Time": 762.381,
                                "Actual Rows": 1,
                                "Actual Loops": 1
                            },
                            {
                                "Worker Number": 2,
                                "Actual Startup Time": 762.71,
                                "Actual Total Time": 762.716,
                                "Actual Rows": 1,
                                "Actual Loops": 1
                            },
                            {
                                "Worker Number": 3,
                                "Actual Startup Time": 762.838,
                                "Actual Total Time": 762.841,
                                "Actual Rows": 1,
                                "Actual Loops": 1
                            }
                        ],
                        "Plans": [
                            {
                                "Node Type": "Nested Loop",
                                "Parent Relationship": "Outer",
                                "Parallel Aware": false,
                                "Join Type": "Inner",
                                "Startup Cost": 17512.54,
                                "Total Cost": 175799.46,
                                "Plan Rows": 280226,
                                "Plan Width": 0,
                                "Actual Startup Time": 78.949,
                                "Actual Total Time": 744.262,
                                "Actual Rows": 334739,
                                "Actual Loops": 5,
                                "Inner Unique": false,
                                "Workers": [
                                    {
                                        "Worker Number": 0,
                                        "Actual Startup Time": 76.31,
                                        "Actual Total Time": 740.381,
                                        "Actual Rows": 252110,
                                        "Actual Loops": 1
                                    },
                                    {
                                        "Worker Number": 1,
                                        "Actual Startup Time": 76.304,
                                        "Actual Total Time": 740.578,
                                        "Actual Rows": 253620,
                                        "Actual Loops": 1
                                    },
                                    {
                                        "Worker Number": 2,
                                        "Actual Startup Time": 77.01,
                                        "Actual Total Time": 743.568,
                                        "Actual Rows": 351034,
                                        "Actual Loops": 1
                                    },
                                    {
                                        "Worker Number": 3,
                                        "Actual Startup Time": 76.984,
                                        "Actual Total Time": 743.83,
                                        "Actual Rows": 350121,
                                        "Actual Loops": 1
                                    }
                                ],
                                "Plans": [
                                    {
                                        "Node Type": "Hash Join",
                                        "Parent Relationship": "Outer",
                                        "Parallel Aware": true,
                                        "Join Type": "Inner",
                                        "Startup Cost": 17512.11,
                                        "Total Cost": 64183.74,
                                        "Plan Rows": 48018,
                                        "Plan Width": 8,
                                        "Actual Startup Time": 78.822,
                                        "Actual Total Time": 262.479,
                                        "Actual Rows": 32889,
                                        "Actual Loops": 5,
                                        "Output": [
                                            "t.id",
                                            "mi_idx.movie_id"
                                        ],
                                        "Inner Unique": false,
                                        "Hash Cond": "(t.id = mi_idx.movie_id)",
                                        "Workers": [
                                            {
                                                "Worker Number": 0,
                                                "Actual Startup Time": 76.163,
                                                "Actual Total Time": 249.049,
                                                "Actual Rows": 24876,
                                                "Actual Loops": 1
                                            },
                                            {
                                                "Worker Number": 1,
                                                "Actual Startup Time": 76.133,
                                                "Actual Total Time": 247.807,
                                                "Actual Rows": 24845,
                                                "Actual Loops": 1
                                            },
                                            {
                                                "Worker Number": 2,
                                                "Actual Startup Time": 76.869,
                                                "Actual Total Time": 263.899,
                                                "Actual Rows": 34625,
                                                "Actual Loops": 1
                                            },
                                            {
                                                "Worker Number": 3,
                                                "Actual Startup Time": 76.846,
                                                "Actual Total Time": 264.092,
                                                "Actual Rows": 34789,
                                                "Actual Loops": 1
                                            }
                                        ],
                                        "Plans": [
                                            {
                                                "Node Type": "Seq Scan",
                                                "Parent Relationship": "Outer",
                                                "Parallel Aware": true,
                                                "Relation Name": "title",
                                                "Schema": "public",
                                                "Alias": "t",
                                                "Startup Cost": 0.0,
                                                "Total Cost": 45479.21,
                                                "Plan Rows": 264629,
                                                "Plan Width": 4,
                                                "Actual Startup Time": 0.033,
                                                "Actual Total Time": 93.666,
                                                "Actual Rows": 200654,
                                                "Actual Loops": 5,
                                                "Output": [
                                                    "t.id",
                                                    "t.title",
                                                    "t.imdb_index",
                                                    "t.kind_id",
                                                    "t.production_year",
                                                    "t.imdb_id",
                                                    "t.phonetic_code",
                                                    "t.episode_of_id",
                                                    "t.season_nr",
                                                    "t.episode_nr",
                                                    "t.series_years",
                                                    "t.md5sum"
                                                ],
                                                "Filter": "((t.kind_id > 1) AND (t.production_year < 2006))",
                                                "Rows Removed by Filter": 305009,
                                                "Workers": [
                                                    {
                                                        "Worker Number": 0,
                                                        "Actual Startup Time": 0.036,
                                                        "Actual Total Time": 95.098,
                                                        "Actual Rows": 155978,
                                                        "Actual Loops": 1
                                                    },
                                                    {
                                                        "Worker Number": 1,
                                                        "Actual Startup Time": 0.045,
                                                        "Actual Total Time": 93.899,
                                                        "Actual Rows": 154276,
                                                        "Actual Loops": 1
                                                    },
                                                    {
                                                        "Worker Number": 2,
                                                        "Actual Startup Time": 0.04,
                                                        "Actual Total Time": 94.68,
                                                        "Actual Rows": 212042,
                                                        "Actual Loops": 1
                                                    },
                                                    {
                                                        "Worker Number": 3,
                                                        "Actual Startup Time": 0.032,
                                                        "Actual Total Time": 95.09,
                                                        "Actual Rows": 211646,
                                                        "Actual Loops": 1
                                                    }
                                                ]
                                            },
                                            {
                                                "Node Type": "Hash",
                                                "Parent Relationship": "Inner",
                                                "Parallel Aware": true,
                                                "Startup Cost": 15122.68,
                                                "Total Cost": 15122.68,
                                                "Plan Rows": 191154,
                                                "Plan Width": 4,
                                                "Actual Startup Time": 75.966,
                                                "Actual Total Time": 75.967,
                                                "Actual Rows": 91985,
                                                "Actual Loops": 5,
                                                "Output": [
                                                    "mi_idx.movie_id"
                                                ],
                                                "Hash Buckets": 524288,
                                                "Original Hash Buckets": 524288,
                                                "Hash Batches": 1,
                                                "Original Hash Batches": 1,
                                                "Peak Memory Usage": 22176,
                                                "Workers": [
                                                    {
                                                        "Worker Number": 0,
                                                        "Actual Startup Time": 75.478,
                                                        "Actual Total Time": 75.479,
                                                        "Actual Rows": 74555,
                                                        "Actual Loops": 1
                                                    },
                                                    {
                                                        "Worker Number": 1,
                                                        "Actual Startup Time": 75.448,
                                                        "Actual Total Time": 75.449,
                                                        "Actual Rows": 73758,
                                                        "Actual Loops": 1
                                                    },
                                                    {
                                                        "Worker Number": 2,
                                                        "Actual Startup Time": 76.272,
                                                        "Actual Total Time": 76.273,
                                                        "Actual Rows": 93801,
                                                        "Actual Loops": 1
                                                    },
                                                    {
                                                        "Worker Number": 3,
                                                        "Actual Startup Time": 76.384,
                                                        "Actual Total Time": 76.385,
                                                        "Actual Rows": 94491,
                                                        "Actual Loops": 1
                                                    }
                                                ],
                                                "Plans": [
                                                    {
                                                        "Node Type": "Seq Scan",
                                                        "Parent Relationship": "Outer",
                                                        "Parallel Aware": true,
                                                        "Relation Name": "movie_info_idx",
                                                        "Schema": "public",
                                                        "Alias": "mi_idx",
                                                        "Startup Cost": 0.0,
                                                        "Total Cost": 15122.68,
                                                        "Plan Rows": 191154,
                                                        "Plan Width": 4,
                                                        "Actual Startup Time": 0.036,
                                                        "Actual Total Time": 40.623,
                                                        "Actual Rows": 91985,
                                                        "Actual Loops": 5,
                                                        "Output": [
                                                            "mi_idx.movie_id"
                                                        ],
                                                        "Filter": "(mi_idx.info_type_id < 100)",
                                                        "Rows Removed by Filter": 184022,
                                                        "Workers": [
                                                            {
                                                                "Worker Number": 0,
                                                                "Actual Startup Time": 0.048,
                                                                "Actual Total Time": 40.993,
                                                                "Actual Rows": 74555,
                                                                "Actual Loops": 1
                                                            },
                                                            {
                                                                "Worker Number": 1,
                                                                "Actual Startup Time": 0.044,
                                                                "Actual Total Time": 40.803,
                                                                "Actual Rows": 73758,
                                                                "Actual Loops": 1
                                                            },
                                                            {
                                                                "Worker Number": 2,
                                                                "Actual Startup Time": 0.033,
                                                                "Actual Total Time": 41.729,
                                                                "Actual Rows": 93801,
                                                                "Actual Loops": 1
                                                            },
                                                            {
                                                                "Worker Number": 3,
                                                                "Actual Startup Time": 0.034,
                                                                "Actual Total Time": 41.987,
                                                                "Actual Rows": 94491,
                                                                "Actual Loops": 1
                                                            }
                                                        ]
                                                    }
                                                ]
                                            }
                                        ]
                                    },
                                    {
                                        "Node Type": "Index Only Scan",
                                        "Parent Relationship": "Inner",
                                        "Parallel Aware": false,
                                        "Scan Direction": "Forward",
                                        "Index Name": "movie_id_movie_info",
                                        "Relation Name": "movie_info",
                                        "Schema": "public",
                                        "Alias": "mi",
                                        "Startup Cost": 0.43,
                                        "Total Cost": 1.93,
                                        "Plan Rows": 39,
                                        "Plan Width": 4,
                                        "Actual Startup Time": 0.005,
                                        "Actual Total Time": 0.013,
                                        "Actual Rows": 10,
                                        "Actual Loops": 164443,
                                        "Output": [
                                            "mi.movie_id"
                                        ],
                                        "Index Cond": "(mi.movie_id = t.id)",
                                        "Rows Removed by Index Recheck": 0,
                                        "Heap Fetches": 1673694,
                                        "Workers": [
                                            {
                                                "Worker Number": 0,
                                                "Actual Startup Time": 0.007,
                                                "Actual Total Time": 0.018,
                                                "Actual Rows": 10,
                                                "Actual Loops": 24876
                                            },
                                            {
                                                "Worker Number": 1,
                                                "Actual Startup Time": 0.007,
                                                "Actual Total Time": 0.018,
                                                "Actual Rows": 10,
                                                "Actual Loops": 24845
                                            },
                                            {
                                                "Worker Number": 2,
                                                "Actual Startup Time": 0.005,
                                                "Actual Total Time": 0.013,
                                                "Actual Rows": 10,
                                                "Actual Loops": 34625
                                            },
                                            {
                                                "Worker Number": 3,
                                                "Actual Startup Time": 0.005,
                                                "Actual Total Time": 0.013,
                                                "Actual Rows": 10,
                                                "Actual Loops": 34789
                                            }
                                        ]
                                    }
                                ]
                            }
                        ]
                    }
                ]
            }
        ]
    },
    "Planning Time": 1.602,
    "Triggers": [],
    "Execution Time": 831.353
}