[
  {
    "Plan": {
      "Node Type": "Aggregate",
      "Strategy": "Plain",
      "Partial Mode": "Finalize",
      "Parallel Aware": false,
      "Startup Cost": 80821.62,
      "Total Cost": 80821.63,
      "Plan Rows": 1,
      "Plan Width": 8,
      "Actual Startup Time": 618.922,
      "Actual Total Time": 642.534,
      "Actual Rows": 1,
      "Actual Loops": 1,
      "Plans": [
        {
          "Node Type": "Gather",
          "Parent Relationship": "Outer",
          "Parallel Aware": false,
          "Startup Cost": 80821.3,
          "Total Cost": 80821.61,
          "Plan Rows": 3,
          "Plan Width": 8,
          "Actual Startup Time": 604.679,
          "Actual Total Time": 642.518,
          "Actual Rows": 4,
          "Actual Loops": 1,
          "Workers Planned": 3,
          "Workers Launched": 3,
          "Single Copy": false,
          "Plans": [
            {
              "Node Type": "Aggregate",
              "Strategy": "Plain",
              "Partial Mode": "Partial",
              "Parent Relationship": "Outer",
              "Parallel Aware": false,
              "Startup Cost": 79821.3,
              "Total Cost": 79821.31,
              "Plan Rows": 1,
              "Plan Width": 8,
              "Actual Startup Time": 586.837,
              "Actual Total Time": 586.844,
              "Actual Rows": 1,
              "Actual Loops": 4,
              "Plans": [
                {
                  "Node Type": "Hash Join",
                  "Parent Relationship": "Outer",
                  "Parallel Aware": true,
                  "Join Type": "Inner",
                  "Startup Cost": 54279.55,
                  "Total Cost": 79667.01,
                  "Plan Rows": 61716,
                  "Plan Width": 0,
                  "Actual Startup Time": 507.435,
                  "Actual Total Time": 583.229,
                  "Actual Rows": 48999,
                  "Actual Loops": 4,
                  "Inner Unique": true,
                  "Hash Cond": "(mk.movie_id = t.id)",
                  "Plans": [
                    {
                      "Node Type": "Bitmap Heap Scan",
                      "Parent Relationship": "Outer",
                      "Parallel Aware": true,
                      "Relation Name": "movie_keyword",
                      "Alias": "mk",
                      "Startup Cost": 4059.17,
                      "Total Cost": 29284.63,
                      "Plan Rows": 61716,
                      "Plan Width": 4,
                      "Actual Startup Time": 22.806,
                      "Actual Total Time": 72.314,
                      "Actual Rows": 48999,
                      "Actual Loops": 4,
                      "Recheck Cond": "(keyword_id > 69641)",
                      "Rows Removed by Index Recheck": 0,
                      "Exact Heap Blocks": 6648,
                      "Lossy Heap Blocks": 0,
                      "Plans": [
                        {
                          "Node Type": "Bitmap Index Scan",
                          "Parent Relationship": "Outer",
                          "Parallel Aware": false,
                          "Index Name": "keyword_id_movie_keyword",
                          "Startup Cost": 0.0,
                          "Total Cost": 4011.34,
                          "Plan Rows": 191321,
                          "Plan Width": 0,
                          "Actual Startup Time": 18.045,
                          "Actual Total Time": 18.046,
                          "Actual Rows": 195995,
                          "Actual Loops": 1,
                          "Index Cond": "(keyword_id > 69641)"
                        }
                      ]
                    },
                    {
                      "Node Type": "Hash",
                      "Parent Relationship": "Inner",
                      "Parallel Aware": true,
                      "Startup Cost": 42319.06,
                      "Total Cost": 42319.06,
                      "Plan Rows": 632106,
                      "Plan Width": 4,
                      "Actual Startup Time": 472.544,
                      "Actual Total Time": 472.546,
                      "Actual Rows": 632078,
                      "Actual Loops": 4,
                      "Hash Buckets": 4194304,
                      "Original Hash Buckets": 4194304,
                      "Hash Batches": 1,
                      "Original Hash Batches": 1,
                      "Peak Memory Usage": 131744,
                      "Plans": [
                        {
                          "Node Type": "Seq Scan",
                          "Parent Relationship": "Outer",
                          "Parallel Aware": true,
                          "Relation Name": "title",
                          "Alias": "t",
                          "Startup Cost": 0.0,
                          "Total Cost": 42319.06,
                          "Plan Rows": 632106,
                          "Plan Width": 4,
                          "Actual Startup Time": 0.055,
                          "Actual Total Time": 145.9,
                          "Actual Rows": 632078,
                          "Actual Loops": 4
                        }
                      ]
                    }
                  ]
                }
              ]
            }
          ]
        }
      ]
    },
    "Planning Time": 0.601,
    "Triggers": [],
    "Execution Time": 642.627
  }
]