[
    {
        "Bao": {
            "Bao prediction": 456.721,
            "Bao recommended hint": "SET enable_mergejoin TO off; SET enable_indexscan TO off; "
        }
    },
    {
        "Plan": {
            "Node Type": "Aggregate",
            "Strategy": "Plain",
            "Partial Mode": "Finalize",
            "Parallel Aware": false,
            "Startup Cost": 346076.53,
            "Total Cost": 346076.54,
            "Plan Rows": 1,
            "Plan Width": 8,
            "Actual Startup Time": 638.31,
            "Actual Total Time": 668.681,
            "Actual Rows": 1,
            "Actual Loops": 1,
            "Output": [
                "count(*)"
            ],
            "Plans": [
                {
                    "Node Type": "Gather",
                    "Parent Relationship": "Outer",
                    "Parallel Aware": false,
                    "Startup Cost": 346075.91,
                    "Total Cost": 346076.52,
                    "Plan Rows": 6,
                    "Plan Width": 8,
                    "Actual Startup Time": 638.218,
                    "Actual Total Time": 668.672,
                    "Actual Rows": 7,
                    "Actual Loops": 1,
                    "Output": [
                        "(PARTIAL count(*))"
                    ],
                    "Workers Planned": 6,
                    "Workers Launched": 6,
                    "Single Copy": false,
                    "Plans": [
                        {
                            "Node Type": "Aggregate",
                            "Strategy": "Plain",
                            "Partial Mode": "Partial",
                            "Parent Relationship": "Outer",
                            "Parallel Aware": false,
                            "Startup Cost": 345075.91,
                            "Total Cost": 345075.92,
                            "Plan Rows": 1,
                            "Plan Width": 8,
                            "Actual Startup Time": 628.837,
                            "Actual Total Time": 628.838,
                            "Actual Rows": 1,
                            "Actual Loops": 7,
                            "Output": [
                                "PARTIAL count(*)"
                            ],
                            "Workers": [
                                {
                                    "Worker Number": 0,
                                    "Actual Startup Time": 626.659,
                                    "Actual Total Time": 626.66,
                                    "Actual Rows": 1,
                                    "Actual Loops": 1
                                },
                                {
                                    "Worker Number": 1,
                                    "Actual Startup Time": 627.122,
                                    "Actual Total Time": 627.123,
                                    "Actual Rows": 1,
                                    "Actual Loops": 1
                                },
                                {
                                    "Worker Number": 2,
                                    "Actual Startup Time": 627.486,
                                    "Actual Total Time": 627.487,
                                    "Actual Rows": 1,
                                    "Actual Loops": 1
                                },
                                {
                                    "Worker Number": 3,
                                    "Actual Startup Time": 627.525,
                                    "Actual Total Time": 627.525,
                                    "Actual Rows": 1,
                                    "Actual Loops": 1
                                },
                                {
                                    "Worker Number": 4,
                                    "Actual Startup Time": 627.716,
                                    "Actual Total Time": 627.718,
                                    "Actual Rows": 1,
                                    "Actual Loops": 1
                                },
                                {
                                    "Worker Number": 5,
                                    "Actual Startup Time": 627.948,
                                    "Actual Total Time": 627.949,
                                    "Actual Rows": 1,
                                    "Actual Loops": 1
                                }
                            ],
                            "Plans": [
                                {
                                    "Node Type": "Seq Scan",
                                    "Parent Relationship": "Outer",
                                    "Parallel Aware": true,
                                    "Relation Name": "cast_info",
                                    "Schema": "public",
                                    "Alias": "ci",
                                    "Startup Cost": 0.0,
                                    "Total Cost": 343318.94,
                                    "Plan Rows": 702788,
                                    "Plan Width": 0,
                                    "Actual Startup Time": 406.881,
                                    "Actual Total Time": 610.123,
                                    "Actual Rows": 366342,
                                    "Actual Loops": 7,
                                    "Output": [
                                        "id",
                                        "person_id",
                                        "movie_id",
                                        "person_role_id",
                                        "note",
                                        "nr_order",
                                        "role_id"
                                    ],
                                    "Filter": "((ci.person_id < 1255541) AND (ci.role_id > 3))",
                                    "Rows Removed by Filter": 4811421,
                                    "Workers": [
                                        {
                                            "Worker Number": 0,
                                            "Actual Startup Time": 404.699,
                                            "Actual Total Time": 608.191,
                                            "Actual Rows": 269341,
                                            "Actual Loops": 1
                                        },
                                        {
                                            "Worker Number": 1,
                                            "Actual Startup Time": 405.167,
                                            "Actual Total Time": 608.261,
                                            "Actual Rows": 275760,
                                            "Actual Loops": 1
                                        },
                                        {
                                            "Worker Number": 2,
                                            "Actual Startup Time": 405.522,
                                            "Actual Total Time": 608.489,
                                            "Actual Rows": 276117,
                                            "Actual Loops": 1
                                        },
                                        {
                                            "Worker Number": 3,
                                            "Actual Startup Time": 405.569,
                                            "Actual Total Time": 608.922,
                                            "Actual Rows": 398172,
                                            "Actual Loops": 1
                                        },
                                        {
                                            "Worker Number": 4,
                                            "Actual Startup Time": 405.766,
                                            "Actual Total Time": 609.17,
                                            "Actual Rows": 396717,
                                            "Actual Loops": 1
                                        },
                                        {
                                            "Worker Number": 5,
                                            "Actual Startup Time": 405.992,
                                            "Actual Total Time": 610.393,
                                            "Actual Rows": 417772,
                                            "Actual Loops": 1
                                        }
                                    ]
                                }
                            ]
                        }
                    ]
                }
            ]
        },
        "Planning Time": 857.381,
        "Triggers": [],
        "Execution Time": 668.781
    }
]