[
  {
    "Plan": {
      "Node Type": "Aggregate",
      "Strategy": "Plain",
      "Partial Mode": "Finalize",
      "Parallel Aware": false,
      "Startup Cost": 32724.29,
      "Total Cost": 32724.3,
      "Plan Rows": 1,
      "Plan Width": 8,
      "Actual Startup Time": 88.577,
      "Actual Total Time": 96.611,
      "Actual Rows": 1,
      "Actual Loops": 1,
      "Plans": [
        {
          "Node Type": "Gather",
          "Parent Relationship": "Outer",
          "Parallel Aware": false,
          "Startup Cost": 32723.97,
          "Total Cost": 32724.28,
          "Plan Rows": 3,
          "Plan Width": 8,
          "Actual Startup Time": 88.459,
          "Actual Total Time": 96.602,
          "Actual Rows": 4,
          "Actual Loops": 1,
          "Workers Planned": 3,
          "Workers Launched": 3,
          "Single Copy": false,
          "Plans": [
            {
              "Node Type": "Aggregate",
              "Strategy": "Plain",
              "Partial Mode": "Partial",
              "Parent Relationship": "Outer",
              "Parallel Aware": false,
              "Startup Cost": 31723.97,
              "Total Cost": 31723.98,
              "Plan Rows": 1,
              "Plan Width": 8,
              "Actual Startup Time": 80.04,
              "Actual Total Time": 80.041,
              "Actual Rows": 1,
              "Actual Loops": 4,
              "Plans": [
                {
                  "Node Type": "Seq Scan",
                  "Parent Relationship": "Outer",
                  "Parallel Aware": true,
                  "Relation Name": "movie_companies",
                  "Alias": "mc",
                  "Startup Cost": 0.0,
                  "Total Cost": 31414.82,
                  "Plan Rows": 123662,
                  "Plan Width": 0,
                  "Actual Startup Time": 28.412,
                  "Actual Total Time": 79.031,
                  "Actual Rows": 17270,
                  "Actual Loops": 4,
                  "Filter": "((company_id > 31250) AND (company_type_id = 1))",
                  "Rows Removed by Filter": 635012
                }
              ]
            }
          ]
        }
      ]
    },
    "Planning Time": 0.194,
    "Triggers": [],
    "Execution Time": 96.673
  }
]