[
  {
    "Plan": {
      "Node Type": "Aggregate",
      "Strategy": "Plain",
      "Partial Mode": "Finalize",
      "Parallel Aware": false,
      "Startup Cost": 46061.39,
      "Total Cost": 46061.4,
      "Plan Rows": 1,
      "Plan Width": 8,
      "Actual Startup Time": 166.401,
      "Actual Total Time": 173.584,
      "Actual Rows": 1,
      "Actual Loops": 1,
      "Plans": [
        {
          "Node Type": "Gather",
          "Parent Relationship": "Outer",
          "Parallel Aware": false,
          "Startup Cost": 46061.08,
          "Total Cost": 46061.39,
          "Plan Rows": 3,
          "Plan Width": 8,
          "Actual Startup Time": 166.148,
          "Actual Total Time": 173.575,
          "Actual Rows": 4,
          "Actual Loops": 1,
          "Workers Planned": 3,
          "Workers Launched": 3,
          "Single Copy": false,
          "Plans": [
            {
              "Node Type": "Aggregate",
              "Strategy": "Plain",
              "Partial Mode": "Partial",
              "Parent Relationship": "Outer",
              "Parallel Aware": false,
              "Startup Cost": 45061.08,
              "Total Cost": 45061.09,
              "Plan Rows": 1,
              "Plan Width": 8,
              "Actual Startup Time": 159.164,
              "Actual Total Time": 159.166,
              "Actual Rows": 1,
              "Actual Loops": 4,
              "Plans": [
                {
                  "Node Type": "Seq Scan",
                  "Parent Relationship": "Outer",
                  "Parallel Aware": true,
                  "Relation Name": "movie_keyword",
                  "Alias": "mk",
                  "Startup Cost": 0.0,
                  "Total Cost": 42695.65,
                  "Plan Rows": 946169,
                  "Plan Width": 0,
                  "Actual Startup Time": 0.056,
                  "Actual Total Time": 123.836,
                  "Actual Rows": 732036,
                  "Actual Loops": 4,
                  "Filter": "(keyword_id < 9647)",
                  "Rows Removed by Filter": 398947
                }
              ]
            }
          ]
        }
      ]
    },
    "Planning Time": 0.185,
    "Triggers": [],
    "Execution Time": 173.642
  }
]