[
    {
        "Bao": {
            "Bao prediction": "NaN",
            "Bao recommended hint": "(no hint)"
        }
    },
    {
        "Plan": {
            "Node Type": "Aggregate",
            "Strategy": "Plain",
            "Partial Mode": "Finalize",
            "Parallel Aware": false,
            "Startup Cost": 343319.32,
            "Total Cost": 343319.33,
            "Plan Rows": 1,
            "Plan Width": 8,
            "Actual Startup Time": 5968.16,
            "Actual Total Time": 6014.787,
            "Actual Rows": 1,
            "Actual Loops": 1,
            "Output": [
                "count(*)"
            ],
            "Plans": [
                {
                    "Node Type": "Gather",
                    "Parent Relationship": "Outer",
                    "Parallel Aware": false,
                    "Startup Cost": 343318.8,
                    "Total Cost": 343319.31,
                    "Plan Rows": 5,
                    "Plan Width": 8,
                    "Actual Startup Time": 5945.541,
                    "Actual Total Time": 6014.776,
                    "Actual Rows": 6,
                    "Actual Loops": 1,
                    "Output": [
                        "(PARTIAL count(*))"
                    ],
                    "Workers Planned": 5,
                    "Workers Launched": 5,
                    "Single Copy": false,
                    "Plans": [
                        {
                            "Node Type": "Aggregate",
                            "Strategy": "Plain",
                            "Partial Mode": "Partial",
                            "Parent Relationship": "Outer",
                            "Parallel Aware": false,
                            "Startup Cost": 342318.8,
                            "Total Cost": 342318.81,
                            "Plan Rows": 1,
                            "Plan Width": 8,
                            "Actual Startup Time": 5930.083,
                            "Actual Total Time": 5930.728,
                            "Actual Rows": 1,
                            "Actual Loops": 6,
                            "Output": [
                                "PARTIAL count(*)"
                            ],
                            "Workers": [
                                {
                                    "Worker Number": 0,
                                    "Actual Startup Time": 5926.327,
                                    "Actual Total Time": 5926.331,
                                    "Actual Rows": 1,
                                    "Actual Loops": 1
                                },
                                {
                                    "Worker Number": 1,
                                    "Actual Startup Time": 5926.267,
                                    "Actual Total Time": 5926.272,
                                    "Actual Rows": 1,
                                    "Actual Loops": 1
                                },
                                {
                                    "Worker Number": 2,
                                    "Actual Startup Time": 5926.441,
                                    "Actual Total Time": 5926.454,
                                    "Actual Rows": 1,
                                    "Actual Loops": 1
                                },
                                {
                                    "Worker Number": 3,
                                    "Actual Startup Time": 5930.022,
                                    "Actual Total Time": 5930.027,
                                    "Actual Rows": 1,
                                    "Actual Loops": 1
                                },
                                {
                                    "Worker Number": 4,
                                    "Actual Startup Time": 5926.515,
                                    "Actual Total Time": 5926.519,
                                    "Actual Rows": 1,
                                    "Actual Loops": 1
                                }
                            ],
                            "Plans": [
                                {
                                    "Node Type": "Hash Join",
                                    "Parent Relationship": "Outer",
                                    "Parallel Aware": true,
                                    "Join Type": "Inner",
                                    "Startup Cost": 112678.63,
                                    "Total Cost": 330499.22,
                                    "Plan Rows": 4727834,
                                    "Plan Width": 0,
                                    "Actual Startup Time": 737.556,
                                    "Actual Total Time": 4279.464,
                                    "Actual Rows": 36206638,
                                    "Actual Loops": 6,
                                    "Inner Unique": false,
                                    "Hash Cond": "(mi.movie_id = t.id)",
                                    "Workers": [
                                        {
                                            "Worker Number": 0,
                                            "Actual Startup Time": 734.434,
                                            "Actual Total Time": 4270.145,
                                            "Actual Rows": 36429368,
                                            "Actual Loops": 1
                                        },
                                        {
                                            "Worker Number": 1,
                                            "Actual Startup Time": 734.426,
                                            "Actual Total Time": 4265.814,
                                            "Actual Rows": 36597928,
                                            "Actual Loops": 1
                                        },
                                        {
                                            "Worker Number": 2,
                                            "Actual Startup Time": 734.037,
                                            "Actual Total Time": 4285.78,
                                            "Actual Rows": 40651961,
                                            "Actual Loops": 1
                                        },
                                        {
                                            "Worker Number": 3,
                                            "Actual Startup Time": 734.556,
                                            "Actual Total Time": 4290.717,
                                            "Actual Rows": 40215705,
                                            "Actual Loops": 1
                                        },
                                        {
                                            "Worker Number": 4,
                                            "Actual Startup Time": 734.756,
                                            "Actual Total Time": 4261.085,
                                            "Actual Rows": 34582143,
                                            "Actual Loops": 1
                                        }
                                    ],
                                    "Plans": [
                                        {
                                            "Node Type": "Seq Scan",
                                            "Parent Relationship": "Outer",
                                            "Parallel Aware": true,
                                            "Relation Name": "movie_info",
                                            "Schema": "public",
                                            "Alias": "mi",
                                            "Startup Cost": 0.0,
                                            "Total Cost": 191503.19,
                                            "Plan Rows": 2951019,
                                            "Plan Width": 4,
                                            "Actual Startup Time": 0.049,
                                            "Actual Total Time": 279.047,
                                            "Actual Rows": 2472620,
                                            "Actual Loops": 6,
                                            "Output": [
                                                "mi.id",
                                                "mi.movie_id",
                                                "mi.info_type_id",
                                                "mi.info",
                                                "mi.note"
                                            ],
                                            "Workers": [
                                                {
                                                    "Worker Number": 0,
                                                    "Actual Startup Time": 0.059,
                                                    "Actual Total Time": 295.838,
                                                    "Actual Rows": 2334152,
                                                    "Actual Loops": 1
                                                },
                                                {
                                                    "Worker Number": 1,
                                                    "Actual Startup Time": 0.034,
                                                    "Actual Total Time": 286.48,
                                                    "Actual Rows": 2321287,
                                                    "Actual Loops": 1
                                                },
                                                {
                                                    "Worker Number": 2,
                                                    "Actual Startup Time": 0.075,
                                                    "Actual Total Time": 292.037,
                                                    "Actual Rows": 2807441,
                                                    "Actual Loops": 1
                                                },
                                                {
                                                    "Worker Number": 3,
                                                    "Actual Startup Time": 0.061,
                                                    "Actual Total Time": 292.32,
                                                    "Actual Rows": 2752035,
                                                    "Actual Loops": 1
                                                },
                                                {
                                                    "Worker Number": 4,
                                                    "Actual Startup Time": 0.047,
                                                    "Actual Total Time": 287.515,
                                                    "Actual Rows": 2262901,
                                                    "Actual Loops": 1
                                                }
                                            ]
                                        },
                                        {
                                            "Node Type": "Hash",
                                            "Parent Relationship": "Inner",
                                            "Parallel Aware": true,
                                            "Startup Cost": 96345.44,
                                            "Total Cost": 96345.44,
                                            "Plan Rows": 1306655,
                                            "Plan Width": 8,
                                            "Actual Startup Time": 730.3,
                                            "Actual Total Time": 730.943,
                                            "Actual Rows": 675338,
                                            "Actual Loops": 6,
                                            "Output": [
                                                "t.id",
                                                "mk.movie_id"
                                            ],
                                            "Hash Buckets": 4194304,
                                            "Original Hash Buckets": 4194304,
                                            "Hash Batches": 1,
                                            "Original Hash Batches": 1,
                                            "Peak Memory Usage": 191392,
                                            "Workers": [
                                                {
                                                    "Worker Number": 0,
                                                    "Actual Startup Time": 732.819,
                                                    "Actual Total Time": 732.822,
                                                    "Actual Rows": 541136,
                                                    "Actual Loops": 1
                                                },
                                                {
                                                    "Worker Number": 1,
                                                    "Actual Startup Time": 732.627,
                                                    "Actual Total Time": 732.63,
                                                    "Actual Rows": 539188,
                                                    "Actual Loops": 1
                                                },
                                                {
                                                    "Worker Number": 2,
                                                    "Actual Startup Time": 732.922,
                                                    "Actual Total Time": 732.934,
                                                    "Actual Rows": 801200,
                                                    "Actual Loops": 1
                                                },
                                                {
                                                    "Worker Number": 3,
                                                    "Actual Startup Time": 732.879,
                                                    "Actual Total Time": 732.882,
                                                    "Actual Rows": 797796,
                                                    "Actual Loops": 1
                                                },
                                                {
                                                    "Worker Number": 4,
                                                    "Actual Startup Time": 732.804,
                                                    "Actual Total Time": 732.807,
                                                    "Actual Rows": 535719,
                                                    "Actual Loops": 1
                                                }
                                            ],
                                            "Plans": [
                                                {
                                                    "Node Type": "Hash Join",
                                                    "Parent Relationship": "Outer",
                                                    "Parallel Aware": true,
                                                    "Join Type": "Inner",
                                                    "Startup Cost": 50219.81,
                                                    "Total Cost": 96345.44,
                                                    "Plan Rows": 1306655,
                                                    "Plan Width": 8,
                                                    "Actual Startup Time": 272.854,
                                                    "Actual Total Time": 516.799,
                                                    "Actual Rows": 675338,
                                                    "Actual Loops": 6,
                                                    "Output": [
                                                        "t.id",
                                                        "mk.movie_id"
                                                    ],
                                                    "Inner Unique": true,
                                                    "Hash Cond": "(mk.movie_id = t.id)",
                                                    "Workers": [
                                                        {
                                                            "Worker Number": 0,
                                                            "Actual Startup Time": 272.826,
                                                            "Actual Total Time": 517.332,
                                                            "Actual Rows": 541136,
                                                            "Actual Loops": 1
                                                        },
                                                        {
                                                            "Worker Number": 1,
                                                            "Actual Startup Time": 272.806,
                                                            "Actual Total Time": 517.01,
                                                            "Actual Rows": 539188,
                                                            "Actual Loops": 1
                                                        },
                                                        {
                                                            "Worker Number": 2,
                                                            "Actual Startup Time": 272.902,
                                                            "Actual Total Time": 515.041,
                                                            "Actual Rows": 801200,
                                                            "Actual Loops": 1
                                                        },
                                                        {
                                                            "Worker Number": 3,
                                                            "Actual Startup Time": 272.894,
                                                            "Actual Total Time": 516.14,
                                                            "Actual Rows": 797796,
                                                            "Actual Loops": 1
                                                        },
                                                        {
                                                            "Worker Number": 4,
                                                            "Actual Startup Time": 272.67,
                                                            "Actual Total Time": 518.727,
                                                            "Actual Rows": 535719,
                                                            "Actual Loops": 1
                                                        }
                                                    ],
                                                    "Plans": [
                                                        {
                                                            "Node Type": "Seq Scan",
                                                            "Parent Relationship": "Outer",
                                                            "Parallel Aware": true,
                                                            "Relation Name": "movie_keyword",
                                                            "Schema": "public",
                                                            "Alias": "mk",
                                                            "Startup Cost": 0.0,
                                                            "Total Cost": 42695.65,
                                                            "Plan Rows": 1306655,
                                                            "Plan Width": 4,
                                                            "Actual Startup Time": 0.03,
                                                            "Actual Total Time": 101.435,
                                                            "Actual Rows": 675338,
                                                            "Actual Loops": 6,
                                                            "Output": [
                                                                "mk.id",
                                                                "mk.movie_id",
                                                                "mk.keyword_id"
                                                            ],
                                                            "Filter": "(mk.keyword_id > 355)",
                                                            "Rows Removed by Filter": 78650,
                                                            "Workers": [
                                                                {
                                                                    "Worker Number": 0,
                                                                    "Actual Startup Time": 0.045,
                                                                    "Actual Total Time": 104.394,
                                                                    "Actual Rows": 541136,
                                                                    "Actual Loops": 1
                                                                },
                                                                {
                                                                    "Worker Number": 1,
                                                                    "Actual Startup Time": 0.032,
                                                                    "Actual Total Time": 104.424,
                                                                    "Actual Rows": 539188,
                                                                    "Actual Loops": 1
                                                                },
                                                                {
                                                                    "Worker Number": 2,
                                                                    "Actual Startup Time": 0.024,
                                                                    "Actual Total Time": 101.393,
                                                                    "Actual Rows": 801200,
                                                                    "Actual Loops": 1
                                                                },
                                                                {
                                                                    "Worker Number": 3,
                                                                    "Actual Startup Time": 0.024,
                                                                    "Actual Total Time": 101.303,
                                                                    "Actual Rows": 797796,
                                                                    "Actual Loops": 1
                                                                },
                                                                {
                                                                    "Worker Number": 4,
                                                                    "Actual Startup Time": 0.041,
                                                                    "Actual Total Time": 104.265,
                                                                    "Actual Rows": 535719,
                                                                    "Actual Loops": 1
                                                                }
                                                            ]
                                                        },
                                                        {
                                                            "Node Type": "Hash",
                                                            "Parent Relationship": "Inner",
                                                            "Parallel Aware": true,
                                                            "Startup Cost": 42318.81,
                                                            "Total Cost": 42318.81,
                                                            "Plan Rows": 632080,
                                                            "Plan Width": 4,
                                                            "Actual Startup Time": 268.677,
                                                            "Actual Total Time": 268.679,
                                                            "Actual Rows": 421385,
                                                            "Actual Loops": 6,
                                                            "Output": [
                                                                "t.id"
                                                            ],
                                                            "Hash Buckets": 4194304,
                                                            "Original Hash Buckets": 4194304,
                                                            "Hash Batches": 1,
                                                            "Original Hash Batches": 1,
                                                            "Peak Memory Usage": 131776,
                                                            "Workers": [
                                                                {
                                                                    "Worker Number": 0,
                                                                    "Actual Startup Time": 272.705,
                                                                    "Actual Total Time": 272.706,
                                                                    "Actual Rows": 344972,
                                                                    "Actual Loops": 1
                                                                },
                                                                {
                                                                    "Worker Number": 1,
                                                                    "Actual Startup Time": 272.557,
                                                                    "Actual Total Time": 272.558,
                                                                    "Actual Rows": 326075,
                                                                    "Actual Loops": 1
                                                                },
                                                                {
                                                                    "Worker Number": 2,
                                                                    "Actual Startup Time": 272.67,
                                                                    "Actual Total Time": 272.68,
                                                                    "Actual Rows": 465242,
                                                                    "Actual Loops": 1
                                                                },
                                                                {
                                                                    "Worker Number": 3,
                                                                    "Actual Startup Time": 272.629,
                                                                    "Actual Total Time": 272.631,
                                                                    "Actual Rows": 457435,
                                                                    "Actual Loops": 1
                                                                },
                                                                {
                                                                    "Worker Number": 4,
                                                                    "Actual Startup Time": 272.49,
                                                                    "Actual Total Time": 272.491,
                                                                    "Actual Rows": 327522,
                                                                    "Actual Loops": 1
                                                                }
                                                            ],
                                                            "Plans": [
                                                                {
                                                                    "Node Type": "Seq Scan",
                                                                    "Parent Relationship": "Outer",
                                                                    "Parallel Aware": true,
                                                                    "Relation Name": "title",
                                                                    "Schema": "public",
                                                                    "Alias": "t",
                                                                    "Startup Cost": 0.0,
                                                                    "Total Cost": 42318.81,
                                                                    "Plan Rows": 632080,
                                                                    "Plan Width": 4,
                                                                    "Actual Startup Time": 0.049,
                                                                    "Actual Total Time": 78.83,
                                                                    "Actual Rows": 421385,
                                                                    "Actual Loops": 6,
                                                                    "Output": [
                                                                        "t.id"
                                                                    ],
                                                                    "Workers": [
                                                                        {
                                                                            "Worker Number": 0,
                                                                            "Actual Startup Time": 0.048,
                                                                            "Actual Total Time": 85.031,
                                                                            "Actual Rows": 344972,
                                                                            "Actual Loops": 1
                                                                        },
                                                                        {
                                                                            "Worker Number": 1,
                                                                            "Actual Startup Time": 0.053,
                                                                            "Actual Total Time": 82.733,
                                                                            "Actual Rows": 326075,
                                                                            "Actual Loops": 1
                                                                        },
                                                                        {
                                                                            "Worker Number": 2,
                                                                            "Actual Startup Time": 0.048,
                                                                            "Actual Total Time": 78.806,
                                                                            "Actual Rows": 465242,
                                                                            "Actual Loops": 1
                                                                        },
                                                                        {
                                                                            "Worker Number": 3,
                                                                            "Actual Startup Time": 0.064,
                                                                            "Actual Total Time": 78.909,
                                                                            "Actual Rows": 457435,
                                                                            "Actual Loops": 1
                                                                        },
                                                                        {
                                                                            "Worker Number": 4,
                                                                            "Actual Startup Time": 0.069,
                                                                            "Actual Total Time": 83.169,
                                                                            "Actual Rows": 327522,
                                                                            "Actual Loops": 1
                                                                        }
                                                                    ]
                                                                }
                                                            ]
                                                        }
                                                    ]
                                                }
                                            ]
                                        }
                                    ]
                                }
                            ]
                        }
                    ]
                }
            ]
        },
        "Planning Time": 194.88,
        "Triggers": [],
        "Execution Time": 6014.904
    }
]