[
    {
        "Bao": {
            "Bao prediction": "NaN",
            "Bao recommended hint": "(no hint)"
        }
    },
    {
        "Plan": {
            "Node Type": "Aggregate",
            "Strategy": "Plain",
            "Partial Mode": "Finalize",
            "Parallel Aware": false,
            "Startup Cost": 76093.15,
            "Total Cost": 76093.16,
            "Plan Rows": 1,
            "Plan Width": 8,
            "Actual Startup Time": 247.557,
            "Actual Total Time": 257.167,
            "Actual Rows": 1,
            "Actual Loops": 1,
            "Output": [
                "count(*)"
            ],
            "Plans": [
                {
                    "Node Type": "Gather",
                    "Parent Relationship": "Outer",
                    "Parallel Aware": false,
                    "Startup Cost": 76092.83,
                    "Total Cost": 76093.14,
                    "Plan Rows": 3,
                    "Plan Width": 8,
                    "Actual Startup Time": 247.219,
                    "Actual Total Time": 257.158,
                    "Actual Rows": 4,
                    "Actual Loops": 1,
                    "Output": [
                        "(PARTIAL count(*))"
                    ],
                    "Workers Planned": 3,
                    "Workers Launched": 3,
                    "Single Copy": false,
                    "Plans": [
                        {
                            "Node Type": "Aggregate",
                            "Strategy": "Plain",
                            "Partial Mode": "Partial",
                            "Parent Relationship": "Outer",
                            "Parallel Aware": false,
                            "Startup Cost": 75092.83,
                            "Total Cost": 75092.84,
                            "Plan Rows": 1,
                            "Plan Width": 8,
                            "Actual Startup Time": 238.929,
                            "Actual Total Time": 238.932,
                            "Actual Rows": 1,
                            "Actual Loops": 4,
                            "Output": [
                                "PARTIAL count(*)"
                            ],
                            "Workers": [
                                {
                                    "Worker Number": 0,
                                    "Actual Startup Time": 236.059,
                                    "Actual Total Time": 236.061,
                                    "Actual Rows": 1,
                                    "Actual Loops": 1
                                },
                                {
                                    "Worker Number": 1,
                                    "Actual Startup Time": 236.282,
                                    "Actual Total Time": 236.284,
                                    "Actual Rows": 1,
                                    "Actual Loops": 1
                                },
                                {
                                    "Worker Number": 2,
                                    "Actual Startup Time": 236.498,
                                    "Actual Total Time": 236.502,
                                    "Actual Rows": 1,
                                    "Actual Loops": 1
                                }
                            ],
                            "Plans": [
                                {
                                    "Node Type": "Hash Join",
                                    "Parent Relationship": "Outer",
                                    "Parallel Aware": true,
                                    "Join Type": "Inner",
                                    "Startup Cost": 45635.36,
                                    "Total Cost": 75051.25,
                                    "Plan Rows": 16633,
                                    "Plan Width": 0,
                                    "Actual Startup Time": 100.398,
                                    "Actual Total Time": 238.029,
                                    "Actual Rows": 13884,
                                    "Actual Loops": 4,
                                    "Inner Unique": true,
                                    "Hash Cond": "(mc.movie_id = t.id)",
                                    "Workers": [
                                        {
                                            "Worker Number": 0,
                                            "Actual Startup Time": 97.736,
                                            "Actual Total Time": 235.107,
                                            "Actual Rows": 10421,
                                            "Actual Loops": 1
                                        },
                                        {
                                            "Worker Number": 1,
                                            "Actual Startup Time": 97.819,
                                            "Actual Total Time": 235.4,
                                            "Actual Rows": 16447,
                                            "Actual Loops": 1
                                        },
                                        {
                                            "Worker Number": 2,
                                            "Actual Startup Time": 97.893,
                                            "Actual Total Time": 235.621,
                                            "Actual Rows": 16149,
                                            "Actual Loops": 1
                                        }
                                    ],
                                    "Plans": [
                                        {
                                            "Node Type": "Seq Scan",
                                            "Parent Relationship": "Outer",
                                            "Parallel Aware": true,
                                            "Relation Name": "movie_companies",
                                            "Schema": "public",
                                            "Alias": "mc",
                                            "Startup Cost": 0.0,
                                            "Total Cost": 27206.55,
                                            "Plan Rows": 841655,
                                            "Plan Width": 4,
                                            "Actual Startup Time": 0.02,
                                            "Actual Total Time": 62.386,
                                            "Actual Rows": 652282,
                                            "Actual Loops": 4,
                                            "Output": [
                                                "mc.id",
                                                "mc.movie_id",
                                                "mc.company_id",
                                                "mc.company_type_id",
                                                "mc.note"
                                            ],
                                            "Workers": [
                                                {
                                                    "Worker Number": 0,
                                                    "Actual Startup Time": 0.025,
                                                    "Actual Total Time": 63.695,
                                                    "Actual Rows": 488530,
                                                    "Actual Loops": 1
                                                },
                                                {
                                                    "Worker Number": 1,
                                                    "Actual Startup Time": 0.023,
                                                    "Actual Total Time": 63.805,
                                                    "Actual Rows": 762521,
                                                    "Actual Loops": 1
                                                },
                                                {
                                                    "Worker Number": 2,
                                                    "Actual Startup Time": 0.023,
                                                    "Actual Total Time": 62.662,
                                                    "Actual Rows": 765866,
                                                    "Actual Loops": 1
                                                }
                                            ]
                                        },
                                        {
                                            "Node Type": "Hash",
                                            "Parent Relationship": "Inner",
                                            "Parallel Aware": true,
                                            "Startup Cost": 45479.21,
                                            "Total Cost": 45479.21,
                                            "Plan Rows": 12492,
                                            "Plan Width": 4,
                                            "Actual Startup Time": 99.524,
                                            "Actual Total Time": 99.525,
                                            "Actual Rows": 11275,
                                            "Actual Loops": 4,
                                            "Output": [
                                                "t.id"
                                            ],
                                            "Hash Buckets": 65536,
                                            "Original Hash Buckets": 65536,
                                            "Hash Batches": 1,
                                            "Original Hash Batches": 1,
                                            "Peak Memory Usage": 2336,
                                            "Workers": [
                                                {
                                                    "Worker Number": 0,
                                                    "Actual Startup Time": 96.652,
                                                    "Actual Total Time": 96.653,
                                                    "Actual Rows": 7887,
                                                    "Actual Loops": 1
                                                },
                                                {
                                                    "Worker Number": 1,
                                                    "Actual Startup Time": 96.965,
                                                    "Actual Total Time": 96.966,
                                                    "Actual Rows": 12375,
                                                    "Actual Loops": 1
                                                },
                                                {
                                                    "Worker Number": 2,
                                                    "Actual Startup Time": 97.093,
                                                    "Actual Total Time": 97.094,
                                                    "Actual Rows": 12041,
                                                    "Actual Loops": 1
                                                }
                                            ],
                                            "Plans": [
                                                {
                                                    "Node Type": "Seq Scan",
                                                    "Parent Relationship": "Outer",
                                                    "Parallel Aware": true,
                                                    "Relation Name": "title",
                                                    "Schema": "public",
                                                    "Alias": "t",
                                                    "Startup Cost": 0.0,
                                                    "Total Cost": 45479.21,
                                                    "Plan Rows": 12492,
                                                    "Plan Width": 4,
                                                    "Actual Startup Time": 0.202,
                                                    "Actual Total Time": 94.901,
                                                    "Actual Rows": 11275,
                                                    "Actual Loops": 4,
                                                    "Output": [
                                                        "t.id"
                                                    ],
                                                    "Filter": "((t.kind_id < 3) AND (t.production_year = 2012))",
                                                    "Rows Removed by Filter": 620803,
                                                    "Workers": [
                                                        {
                                                            "Worker Number": 0,
                                                            "Actual Startup Time": 0.213,
                                                            "Actual Total Time": 92.231,
                                                            "Actual Rows": 7887,
                                                            "Actual Loops": 1
                                                        },
                                                        {
                                                            "Worker Number": 1,
                                                            "Actual Startup Time": 0.252,
                                                            "Actual Total Time": 92.313,
                                                            "Actual Rows": 12375,
                                                            "Actual Loops": 1
                                                        },
                                                        {
                                                            "Worker Number": 2,
                                                            "Actual Startup Time": 0.306,
                                                            "Actual Total Time": 92.412,
                                                            "Actual Rows": 12041,
                                                            "Actual Loops": 1
                                                        }
                                                    ]
                                                }
                                            ]
                                        }
                                    ]
                                }
                            ]
                        }
                    ]
                }
            ]
        },
        "Planning Time": 307.219,
        "Triggers": [],
        "Execution Time": 257.22
    }
]