[
  {
    "Plan": {
      "Node Type": "Aggregate",
      "Strategy": "Plain",
      "Partial Mode": "Finalize",
      "Parallel Aware": false,
      "Startup Cost": 465654.11,
      "Total Cost": 465654.12,
      "Plan Rows": 1,
      "Plan Width": 8,
      "Actual Startup Time": 2304.986,
      "Actual Total Time": 2384.34,
      "Actual Rows": 1,
      "Actual Loops": 1,
      "Plans": [
        {
          "Node Type": "Gather",
          "Parent Relationship": "Outer",
          "Parallel Aware": false,
          "Startup Cost": 465653.49,
          "Total Cost": 465654.1,
          "Plan Rows": 6,
          "Plan Width": 8,
          "Actual Startup Time": 2283.298,
          "Actual Total Time": 2384.325,
          "Actual Rows": 7,
          "Actual Loops": 1,
          "Workers Planned": 6,
          "Workers Launched": 6,
          "Single Copy": false,
          "Plans": [
            {
              "Node Type": "Aggregate",
              "Strategy": "Plain",
              "Partial Mode": "Partial",
              "Parent Relationship": "Outer",
              "Parallel Aware": false,
              "Startup Cost": 464653.49,
              "Total Cost": 464653.5,
              "Plan Rows": 1,
              "Plan Width": 8,
              "Actual Startup Time": 2261.13,
              "Actual Total Time": 2261.494,
              "Actual Rows": 1,
              "Actual Loops": 7,
              "Plans": [
                {
                  "Node Type": "Hash Join",
                  "Parent Relationship": "Outer",
                  "Parallel Aware": true,
                  "Join Type": "Inner",
                  "Startup Cost": 104989.04,
                  "Total Cost": 460552.67,
                  "Plan Rows": 1640326,
                  "Plan Width": 0,
                  "Actual Startup Time": 828.913,
                  "Actual Total Time": 2128.25,
                  "Actual Rows": 2666669,
                  "Actual Loops": 7,
                  "Inner Unique": false,
                  "Hash Cond": "(ci.movie_id = t.id)",
                  "Plans": [
                    {
                      "Node Type": "Seq Scan",
                      "Parent Relationship": "Outer",
                      "Parallel Aware": true,
                      "Relation Name": "cast_info",
                      "Alias": "ci",
                      "Startup Cost": 0.0,
                      "Total Cost": 343316.27,
                      "Plan Rows": 1854932,
                      "Plan Width": 4,
                      "Actual Startup Time": 282.164,
                      "Actual Total Time": 811.814,
                      "Actual Rows": 2418617,
                      "Actual Loops": 7,
                      "Filter": "((person_id > 1931514) AND (role_id > 1))",
                      "Rows Removed by Filter": 2759147
                    },
                    {
                      "Node Type": "Hash",
                      "Parent Relationship": "Inner",
                      "Parallel Aware": true,
                      "Startup Cost": 95973.33,
                      "Total Cost": 95973.33,
                      "Plan Rows": 721257,
                      "Plan Width": 8,
                      "Actual Startup Time": 539.678,
                      "Actual Total Time": 540.041,
                      "Actual Rows": 182526,
                      "Actual Loops": 7,
                      "Hash Buckets": 4194304,
                      "Original Hash Buckets": 4194304,
                      "Hash Batches": 1,
                      "Original Hash Batches": 1,
                      "Peak Memory Usage": 82848,
                      "Plans": [
                        {
                          "Node Type": "Hash Join",
                          "Parent Relationship": "Outer",
                          "Parallel Aware": true,
                          "Join Type": "Inner",
                          "Startup Cost": 49871.49,
                          "Total Cost": 95973.33,
                          "Plan Rows": 721257,
                          "Plan Width": 8,
                          "Actual Startup Time": 253.46,
                          "Actual Total Time": 456.636,
                          "Actual Rows": 182526,
                          "Actual Loops": 7,
                          "Inner Unique": true,
                          "Hash Cond": "(mk.movie_id = t.id)",
                          "Plans": [
                            {
                              "Node Type": "Seq Scan",
                              "Parent Relationship": "Outer",
                              "Parallel Aware": true,
                              "Relation Name": "movie_keyword",
                              "Alias": "mk",
                              "Startup Cost": 0.0,
                              "Total Cost": 42695.65,
                              "Plan Rows": 1297591,
                              "Plan Width": 4,
                              "Actual Startup Time": 0.029,
                              "Actual Total Time": 103.099,
                              "Actual Rows": 574797,
                              "Actual Loops": 7,
                              "Filter": "(keyword_id < 36078)",
                              "Rows Removed by Filter": 71479
                            },
                            {
                              "Node Type": "Hash",
                              "Parent Relationship": "Inner",
                              "Parallel Aware": true,
                              "Startup Cost": 45479.59,
                              "Total Cost": 45479.59,
                              "Plan Rows": 351352,
                              "Plan Width": 4,
                              "Actual Startup Time": 251.159,
                              "Actual Total Time": 251.161,
                              "Actual Rows": 216942,
                              "Actual Loops": 7,
                              "Hash Buckets": 2097152,
                              "Original Hash Buckets": 2097152,
                              "Hash Batches": 1,
                              "Original Hash Batches": 1,
                              "Peak Memory Usage": 75936,
                              "Plans": [
                                {
                                  "Node Type": "Seq Scan",
                                  "Parent Relationship": "Outer",
                                  "Parallel Aware": true,
                                  "Relation Name": "title",
                                  "Alias": "t",
                                  "Startup Cost": 0.0,
                                  "Total Cost": 45479.59,
                                  "Plan Rows": 351352,
                                  "Plan Width": 4,
                                  "Actual Startup Time": 0.07,
                                  "Actual Total Time": 107.22,
                                  "Actual Rows": 216942,
                                  "Actual Loops": 7,
                                  "Filter": "((kind_id > 1) AND (production_year > 1983))",
                                  "Rows Removed by Filter": 144246
                                }
                              ]
                            }
                          ]
                        }
                      ]
                    }
                  ]
                }
              ]
            }
          ]
        }
      ]
    },
    "Planning Time": 1.392,
    "Triggers": [],
    "Execution Time": 2384.451
  }
]