[
  {
    "Plan": {
      "Node Type": "Aggregate",
      "Strategy": "Plain",
      "Partial Mode": "Finalize",
      "Parallel Aware": false,
      "Startup Cost": 46749.42,
      "Total Cost": 46749.43,
      "Plan Rows": 1,
      "Plan Width": 8,
      "Actual Startup Time": 165.76,
      "Actual Total Time": 175.047,
      "Actual Rows": 1,
      "Actual Loops": 1,
      "Plans": [
        {
          "Node Type": "Gather",
          "Parent Relationship": "Outer",
          "Parallel Aware": false,
          "Startup Cost": 46749.1,
          "Total Cost": 46749.41,
          "Plan Rows": 3,
          "Plan Width": 8,
          "Actual Startup Time": 165.662,
          "Actual Total Time": 175.039,
          "Actual Rows": 4,
          "Actual Loops": 1,
          "Workers Planned": 3,
          "Workers Launched": 3,
          "Single Copy": false,
          "Plans": [
            {
              "Node Type": "Aggregate",
              "Strategy": "Plain",
              "Partial Mode": "Partial",
              "Parent Relationship": "Outer",
              "Parallel Aware": false,
              "Startup Cost": 45749.1,
              "Total Cost": 45749.11,
              "Plan Rows": 1,
              "Plan Width": 8,
              "Actual Startup Time": 159.199,
              "Actual Total Time": 159.2,
              "Actual Rows": 1,
              "Actual Loops": 4,
              "Plans": [
                {
                  "Node Type": "Seq Scan",
                  "Parent Relationship": "Outer",
                  "Parallel Aware": true,
                  "Relation Name": "movie_keyword",
                  "Alias": "mk",
                  "Startup Cost": 0.0,
                  "Total Cost": 42695.65,
                  "Plan Rows": 1221378,
                  "Plan Width": 0,
                  "Actual Startup Time": 0.049,
                  "Actual Total Time": 118.635,
                  "Actual Rows": 949202,
                  "Actual Loops": 4,
                  "Filter": "(keyword_id < 25798)",
                  "Rows Removed by Filter": 181781
                }
              ]
            }
          ]
        }
      ]
    },
    "Planning Time": 0.131,
    "Triggers": [],
    "Execution Time": 175.087
  }
]