[
  {
    "Plan": {
      "Node Type": "Aggregate",
      "Strategy": "Plain",
      "Partial Mode": "Finalize",
      "Parallel Aware": false,
      "Startup Cost": 39664.44,
      "Total Cost": 39664.45,
      "Plan Rows": 1,
      "Plan Width": 8,
      "Actual Startup Time": 134.624,
      "Actual Total Time": 142.886,
      "Actual Rows": 1,
      "Actual Loops": 1,
      "Plans": [
        {
          "Node Type": "Gather",
          "Parent Relationship": "Outer",
          "Parallel Aware": false,
          "Startup Cost": 39664.13,
          "Total Cost": 39664.44,
          "Plan Rows": 3,
          "Plan Width": 8,
          "Actual Startup Time": 134.358,
          "Actual Total Time": 142.878,
          "Actual Rows": 4,
          "Actual Loops": 1,
          "Workers Planned": 3,
          "Workers Launched": 3,
          "Single Copy": false,
          "Plans": [
            {
              "Node Type": "Aggregate",
              "Strategy": "Plain",
              "Partial Mode": "Partial",
              "Parent Relationship": "Outer",
              "Parallel Aware": false,
              "Startup Cost": 38664.13,
              "Total Cost": 38664.14,
              "Plan Rows": 1,
              "Plan Width": 8,
              "Actual Startup Time": 128.693,
              "Actual Total Time": 128.694,
              "Actual Rows": 1,
              "Actual Loops": 4,
              "Plans": [
                {
                  "Node Type": "Bitmap Heap Scan",
                  "Parent Relationship": "Outer",
                  "Parallel Aware": true,
                  "Relation Name": "movie_keyword",
                  "Alias": "mk",
                  "Startup Cost": 11571.17,
                  "Total Cost": 38224.3,
                  "Plan Rows": 175931,
                  "Plan Width": 0,
                  "Actual Startup Time": 48.803,
                  "Actual Total Time": 121.056,
                  "Actual Rows": 132394,
                  "Actual Loops": 4,
                  "Recheck Cond": "(keyword_id > 34424)",
                  "Rows Removed by Index Recheck": 0,
                  "Exact Heap Blocks": 10746,
                  "Lossy Heap Blocks": 0,
                  "Plans": [
                    {
                      "Node Type": "Bitmap Index Scan",
                      "Parent Relationship": "Outer",
                      "Parallel Aware": false,
                      "Index Name": "keyword_id_movie_keyword",
                      "Startup Cost": 0.0,
                      "Total Cost": 11434.82,
                      "Plan Rows": 545385,
                      "Plan Width": 0,
                      "Actual Startup Time": 50.248,
                      "Actual Total Time": 50.249,
                      "Actual Rows": 529578,
                      "Actual Loops": 1,
                      "Index Cond": "(keyword_id > 34424)"
                    }
                  ]
                }
              ]
            }
          ]
        }
      ]
    },
    "Planning Time": 0.168,
    "Triggers": [],
    "Execution Time": 142.955
  }
]