[
  {
    "Plan": {
      "Node Type": "Aggregate",
      "Strategy": "Plain",
      "Partial Mode": "Simple",
      "Parallel Aware": false,
      "Startup Cost": 1656.04,
      "Total Cost": 1656.05,
      "Plan Rows": 1,
      "Plan Width": 8,
      "Actual Startup Time": 1.18,
      "Actual Total Time": 1.18,
      "Actual Rows": 1,
      "Actual Loops": 1,
      "Plans": [
        {
          "Node Type": "Nested Loop",
          "Parent Relationship": "Outer",
          "Parallel Aware": false,
          "Join Type": "Inner",
          "Startup Cost": 0.86,
          "Total Cost": 1656.03,
          "Plan Rows": 1,
          "Plan Width": 0,
          "Actual Startup Time": 0.032,
          "Actual Total Time": 1.178,
          "Actual Rows": 2,
          "Actual Loops": 1,
          "Inner Unique": true,
          "Plans": [
            {
              "Node Type": "Index Scan",
              "Parent Relationship": "Outer",
              "Parallel Aware": false,
              "Scan Direction": "Forward",
              "Index Name": "info_type_id_movie_info_idx",
              "Relation Name": "movie_info_idx",
              "Alias": "mi_idx",
              "Startup Cost": 0.43,
              "Total Cost": 493.93,
              "Plan Rows": 138,
              "Plan Width": 4,
              "Actual Startup Time": 0.013,
              "Actual Total Time": 0.048,
              "Actual Rows": 260,
              "Actual Loops": 1,
              "Index Cond": "(info_type_id > 101)",
              "Rows Removed by Index Recheck": 0
            },
            {
              "Node Type": "Index Scan",
              "Parent Relationship": "Inner",
              "Parallel Aware": false,
              "Scan Direction": "Forward",
              "Index Name": "title_pkey",
              "Relation Name": "title",
              "Alias": "t",
              "Startup Cost": 0.43,
              "Total Cost": 8.42,
              "Plan Rows": 1,
              "Plan Width": 4,
              "Actual Startup Time": 0.004,
              "Actual Total Time": 0.004,
              "Actual Rows": 0,
              "Actual Loops": 260,
              "Index Cond": "(id = mi_idx.movie_id)",
              "Rows Removed by Index Recheck": 0,
              "Filter": "(production_year = 1974)",
              "Rows Removed by Filter": 1
            }
          ]
        }
      ]
    },
    "Planning Time": 0.198,
    "Triggers": [],
    "Execution Time": 1.201
  }
]