{
  "Plan": {
    "Node Type": "Aggregate",
    "Strategy": "Plain",
    "Partial Mode": "Finalize",
    "Parallel Aware": false,
    "Startup Cost": 439824.87,
    "Total Cost": 439824.88,
    "Plan Rows": 1,
    "Plan Width": 8,
    "Actual Startup Time": 1315.288,
    "Actual Total Time": 1358.771,
    "Actual Rows": 1,
    "Actual Loops": 1,
    "Plans": [
      {
        "Node Type": "Gather",
        "Parent Relationship": "Outer",
        "Parallel Aware": false,
        "Startup Cost": 439824.76,
        "Total Cost": 439824.87,
        "Plan Rows": 1,
        "Plan Width": 8,
        "Actual Startup Time": 1312.7,
        "Actual Total Time": 1358.761,
        "Actual Rows": 2,
        "Actual Loops": 1,
        "Workers Planned": 1,
        "Workers Launched": 1,
        "Single Copy": false,
        "Plans": [
          {
            "Node Type": "Aggregate",
            "Strategy": "Plain",
            "Partial Mode": "Partial",
            "Parent Relationship": "Outer",
            "Parallel Aware": false,
            "Startup Cost": 438824.76,
            "Total Cost": 438824.77,
            "Plan Rows": 1,
            "Plan Width": 8,
            "Actual Startup Time": 1306.743,
            "Actual Total Time": 1307.055,
            "Actual Rows": 1,
            "Actual Loops": 2,
            "Plans": [
              {
                "Node Type": "Hash Join",
                "Parent Relationship": "Outer",
                "Parallel Aware": true,
                "Join Type": "Inner",
                "Startup Cost": 368353.57,
                "Total Cost": 437961.67,
                "Plan Rows": 345236,
                "Plan Width": 0,
                "Actual Startup Time": 694.065,
                "Actual Total Time": 1245.047,
                "Actual Rows": 1276300,
                "Actual Loops": 2,
                "Inner Unique": false,
                "Hash Cond": "(mk.movie_id = t.id)",
                "Plans": [
                  {
                    "Node Type": "Seq Scan",
                    "Parent Relationship": "Outer",
                    "Parallel Aware": true,
                    "Relation Name": "movie_keyword",
                    "Alias": "mk",
                    "Startup Cost": 0.0,
                    "Total Cost": 57718.19,
                    "Plan Rows": 2629096,
                    "Plan Width": 4,
                    "Actual Startup Time": 0.033,
                    "Actual Total Time": 247.741,
                    "Actual Rows": 2237989,
                    "Actual Loops": 2,
                    "Filter": "(keyword_id > 47)",
                    "Rows Removed by Filter": 23976
                  },
                  {
                    "Node Type": "Hash",
                    "Parent Relationship": "Inner",
                    "Parallel Aware": true,
                    "Startup Cost": 365912.39,
                    "Total Cost": 365912.39,
                    "Plan Rows": 195294,
                    "Plan Width": 8,
                    "Actual Startup Time": 688.266,
                    "Actual Total Time": 688.576,
                    "Actual Rows": 173114,
                    "Actual Loops": 2,
                    "Hash Buckets": 524288,
                    "Original Hash Buckets": 524288,
                    "Hash Batches": 1,
                    "Original Hash Batches": 1,
                    "Peak Memory Usage": 17664,
                    "Plans": [
                      {
                        "Node Type": "Hash Join",
                        "Parent Relationship": "Outer",
                        "Parallel Aware": true,
                        "Join Type": "Inner",
                        "Startup Cost": 97383.02,
                        "Total Cost": 365912.39,
                        "Plan Rows": 195294,
                        "Plan Width": 8,
                        "Actual Startup Time": 301.187,
                        "Actual Total Time": 638.121,
                        "Actual Rows": 173114,
                        "Actual Loops": 2,
                        "Inner Unique": true,
                        "Hash Cond": "(ci.movie_id = t.id)",
                        "Plans": [
                          {
                            "Node Type": "Bitmap Heap Scan",
                            "Parent Relationship": "Outer",
                            "Parallel Aware": true,
                            "Relation Name": "cast_info",
                            "Alias": "ci",
                            "Startup Cost": 39328.45,
                            "Total Cost": 305108.32,
                            "Plan Rows": 1047429,
                            "Plan Width": 4,
                            "Actual Startup Time": 61.031,
                            "Actual Total Time": 171.697,
                            "Actual Rows": 898810,
                            "Actual Loops": 2,
                            "Recheck Cond": "(person_id < 178564)",
                            "Rows Removed by Index Recheck": 0,
                            "Exact Heap Blocks": 11932,
                            "Lossy Heap Blocks": 0,
                            "Plans": [
                              {
                                "Node Type": "Bitmap Index Scan",
                                "Parent Relationship": "Outer",
                                "Parallel Aware": false,
                                "Index Name": "person_id_cast_info",
                                "Startup Cost": 0.0,
                                "Total Cost": 38883.29,
                                "Plan Rows": 1780630,
                                "Plan Width": 0,
                                "Actual Startup Time": 58.095,
                                "Actual Total Time": 58.095,
                                "Actual Rows": 1797620,
                                "Actual Loops": 1,
                                "Index Cond": "(person_id < 178564)"
                              }
                            ]
                          },
                          {
                            "Node Type": "Hash",
                            "Parent Relationship": "Inner",
                            "Parallel Aware": true,
                            "Startup Cost": 54588.39,
                            "Total Cost": 54588.39,
                            "Plan Rows": 277295,
                            "Plan Width": 4,
                            "Actual Startup Time": 236.665,
                            "Actual Total Time": 236.666,
                            "Actual Rows": 239800,
                            "Actual Loops": 2,
                            "Hash Buckets": 524288,
                            "Original Hash Buckets": 524288,
                            "Hash Batches": 1,
                            "Original Hash Batches": 1,
                            "Peak Memory Usage": 22912,
                            "Plans": [
                              {
                                "Node Type": "Seq Scan",
                                "Parent Relationship": "Outer",
                                "Parallel Aware": true,
                                "Relation Name": "title",
                                "Alias": "t",
                                "Startup Cost": 0.0,
                                "Total Cost": 54588.39,
                                "Plan Rows": 277295,
                                "Plan Width": 4,
                                "Actual Startup Time": 0.049,
                                "Actual Total Time": 169.121,
                                "Actual Rows": 239800,
                                "Actual Loops": 2,
                                "Filter": "(production_year < 1978)",
                                "Rows Removed by Filter": 1024356
                              }
                            ]
                          }
                        ]
                      }
                    ]
                  }
                ]
              }
            ]
          }
        ]
      }
    ]
  },
  "Planning Time": 1.073,
  "Triggers": [],
  "Execution Time": 1358.879
}