{
    "Plan": {
        "Node Type": "Aggregate",
        "Strategy": "Plain",
        "Partial Mode": "Finalize",
        "Parallel Aware": false,
        "Startup Cost": 138583.55,
        "Total Cost": 138583.56,
        "Plan Rows": 1,
        "Plan Width": 8,
        "Actual Startup Time": 351.413,
        "Actual Total Time": 373.073,
        "Actual Rows": 1,
        "Actual Loops": 1,
        "Output": [
            "count(*)"
        ],
        "Plans": [
            {
                "Node Type": "Gather",
                "Parent Relationship": "Outer",
                "Parallel Aware": false,
                "Startup Cost": 138583.23,
                "Total Cost": 138583.54,
                "Plan Rows": 3,
                "Plan Width": 8,
                "Actual Startup Time": 350.876,
                "Actual Total Time": 373.063,
                "Actual Rows": 4,
                "Actual Loops": 1,
                "Output": [
                    "(PARTIAL count(*))"
                ],
                "Workers Planned": 3,
                "Workers Launched": 3,
                "Single Copy": false,
                "Plans": [
                    {
                        "Node Type": "Aggregate",
                        "Strategy": "Plain",
                        "Partial Mode": "Partial",
                        "Parent Relationship": "Outer",
                        "Parallel Aware": false,
                        "Startup Cost": 137583.23,
                        "Total Cost": 137583.24,
                        "Plan Rows": 1,
                        "Plan Width": 8,
                        "Actual Startup Time": 341.042,
                        "Actual Total Time": 341.046,
                        "Actual Rows": 1,
                        "Actual Loops": 4,
                        "Output": [
                            "PARTIAL count(*)"
                        ],
                        "Workers": [
                            {
                                "Worker Number": 0,
                                "Actual Startup Time": 337.888,
                                "Actual Total Time": 337.892,
                                "Actual Rows": 1,
                                "Actual Loops": 1
                            },
                            {
                                "Worker Number": 1,
                                "Actual Startup Time": 337.778,
                                "Actual Total Time": 337.783,
                                "Actual Rows": 1,
                                "Actual Loops": 1
                            },
                            {
                                "Worker Number": 2,
                                "Actual Startup Time": 338.37,
                                "Actual Total Time": 338.374,
                                "Actual Rows": 1,
                                "Actual Loops": 1
                            }
                        ],
                        "Plans": [
                            {
                                "Node Type": "Nested Loop",
                                "Parent Relationship": "Outer",
                                "Parallel Aware": false,
                                "Join Type": "Inner",
                                "Startup Cost": 45779.82,
                                "Total Cost": 137116.69,
                                "Plan Rows": 186614,
                                "Plan Width": 0,
                                "Actual Startup Time": 112.198,
                                "Actual Total Time": 336.452,
                                "Actual Rows": 92794,
                                "Actual Loops": 4,
                                "Inner Unique": false,
                                "Join Filter": "(t.id = mi.movie_id)",
                                "Rows Removed by Join Filter": 0,
                                "Workers": [
                                    {
                                        "Worker Number": 0,
                                        "Actual Startup Time": 109.16,
                                        "Actual Total Time": 333.387,
                                        "Actual Rows": 102177,
                                        "Actual Loops": 1
                                    },
                                    {
                                        "Worker Number": 1,
                                        "Actual Startup Time": 109.16,
                                        "Actual Total Time": 333.602,
                                        "Actual Rows": 93935,
                                        "Actual Loops": 1
                                    },
                                    {
                                        "Worker Number": 2,
                                        "Actual Startup Time": 109.514,
                                        "Actual Total Time": 334.414,
                                        "Actual Rows": 89170,
                                        "Actual Loops": 1
                                    }
                                ],
                                "Plans": [
                                    {
                                        "Node Type": "Hash Join",
                                        "Parent Relationship": "Outer",
                                        "Parallel Aware": true,
                                        "Join Type": "Inner",
                                        "Startup Cost": 45779.38,
                                        "Total Cost": 75195.27,
                                        "Plan Rows": 31977,
                                        "Plan Width": 8,
                                        "Actual Startup Time": 112.099,
                                        "Actual Total Time": 255.595,
                                        "Actual Rows": 11778,
                                        "Actual Loops": 4,
                                        "Output": [
                                            "t.id",
                                            "mc.movie_id"
                                        ],
                                        "Inner Unique": true,
                                        "Hash Cond": "(mc.movie_id = t.id)",
                                        "Workers": [
                                            {
                                                "Worker Number": 0,
                                                "Actual Startup Time": 109.04,
                                                "Actual Total Time": 249.908,
                                                "Actual Rows": 12211,
                                                "Actual Loops": 1
                                            },
                                            {
                                                "Worker Number": 1,
                                                "Actual Startup Time": 109.048,
                                                "Actual Total Time": 252.317,
                                                "Actual Rows": 11913,
                                                "Actual Loops": 1
                                            },
                                            {
                                                "Worker Number": 2,
                                                "Actual Startup Time": 109.385,
                                                "Actual Total Time": 252.103,
                                                "Actual Rows": 12152,
                                                "Actual Loops": 1
                                            }
                                        ],
                                        "Plans": [
                                            {
                                                "Node Type": "Seq Scan",
                                                "Parent Relationship": "Outer",
                                                "Parallel Aware": true,
                                                "Relation Name": "movie_companies",
                                                "Schema": "public",
                                                "Alias": "mc",
                                                "Startup Cost": 0.0,
                                                "Total Cost": 27206.55,
                                                "Plan Rows": 841655,
                                                "Plan Width": 4,
                                                "Actual Startup Time": 0.019,
                                                "Actual Total Time": 58.605,
                                                "Actual Rows": 652282,
                                                "Actual Loops": 4,
                                                "Output": [
                                                    "mc.id",
                                                    "mc.movie_id",
                                                    "mc.company_id",
                                                    "mc.company_type_id",
                                                    "mc.note"
                                                ],
                                                "Workers": [
                                                    {
                                                        "Worker Number": 0,
                                                        "Actual Startup Time": 0.022,
                                                        "Actual Total Time": 58.427,
                                                        "Actual Rows": 685233,
                                                        "Actual Loops": 1
                                                    },
                                                    {
                                                        "Worker Number": 1,
                                                        "Actual Startup Time": 0.025,
                                                        "Actual Total Time": 58.948,
                                                        "Actual Rows": 693668,
                                                        "Actual Loops": 1
                                                    },
                                                    {
                                                        "Worker Number": 2,
                                                        "Actual Startup Time": 0.023,
                                                        "Actual Total Time": 58.209,
                                                        "Actual Rows": 647616,
                                                        "Actual Loops": 1
                                                    }
                                                ]
                                            },
                                            {
                                                "Node Type": "Hash",
                                                "Parent Relationship": "Inner",
                                                "Parallel Aware": true,
                                                "Startup Cost": 45479.21,
                                                "Total Cost": 45479.21,
                                                "Plan Rows": 24014,
                                                "Plan Width": 4,
                                                "Actual Startup Time": 109.976,
                                                "Actual Total Time": 109.977,
                                                "Actual Rows": 26562,
                                                "Actual Loops": 4,
                                                "Output": [
                                                    "t.id"
                                                ],
                                                "Hash Buckets": 131072,
                                                "Original Hash Buckets": 131072,
                                                "Hash Batches": 1,
                                                "Original Hash Batches": 1,
                                                "Peak Memory Usage": 5216,
                                                "Workers": [
                                                    {
                                                        "Worker Number": 0,
                                                        "Actual Startup Time": 108.103,
                                                        "Actual Total Time": 108.104,
                                                        "Actual Rows": 25305,
                                                        "Actual Loops": 1
                                                    },
                                                    {
                                                        "Worker Number": 1,
                                                        "Actual Startup Time": 108.097,
                                                        "Actual Total Time": 108.098,
                                                        "Actual Rows": 25164,
                                                        "Actual Loops": 1
                                                    },
                                                    {
                                                        "Worker Number": 2,
                                                        "Actual Startup Time": 108.748,
                                                        "Actual Total Time": 108.749,
                                                        "Actual Rows": 24053,
                                                        "Actual Loops": 1
                                                    }
                                                ],
                                                "Plans": [
                                                    {
                                                        "Node Type": "Seq Scan",
                                                        "Parent Relationship": "Outer",
                                                        "Parallel Aware": true,
                                                        "Relation Name": "title",
                                                        "Schema": "public",
                                                        "Alias": "t",
                                                        "Startup Cost": 0.0,
                                                        "Total Cost": 45479.21,
                                                        "Plan Rows": 24014,
                                                        "Plan Width": 4,
                                                        "Actual Startup Time": 0.057,
                                                        "Actual Total Time": 98.976,
                                                        "Actual Rows": 26562,
                                                        "Actual Loops": 4,
                                                        "Output": [
                                                            "t.id"
                                                        ],
                                                        "Filter": "((t.kind_id = 7) AND (t.production_year = 2011))",
                                                        "Rows Removed by Filter": 605516,
                                                        "Workers": [
                                                            {
                                                                "Worker Number": 0,
                                                                "Actual Startup Time": 0.063,
                                                                "Actual Total Time": 97.537,
                                                                "Actual Rows": 25305,
                                                                "Actual Loops": 1
                                                            },
                                                            {
                                                                "Worker Number": 1,
                                                                "Actual Startup Time": 0.063,
                                                                "Actual Total Time": 97.524,
                                                                "Actual Rows": 25164,
                                                                "Actual Loops": 1
                                                            },
                                                            {
                                                                "Worker Number": 2,
                                                                "Actual Startup Time": 0.076,
                                                                "Actual Total Time": 98.837,
                                                                "Actual Rows": 24053,
                                                                "Actual Loops": 1
                                                            }
                                                        ]
                                                    }
                                                ]
                                            }
                                        ]
                                    },
                                    {
                                        "Node Type": "Index Only Scan",
                                        "Parent Relationship": "Inner",
                                        "Parallel Aware": false,
                                        "Scan Direction": "Forward",
                                        "Index Name": "movie_id_movie_info",
                                        "Relation Name": "movie_info",
                                        "Schema": "public",
                                        "Alias": "mi",
                                        "Startup Cost": 0.43,
                                        "Total Cost": 1.45,
                                        "Plan Rows": 39,
                                        "Plan Width": 4,
                                        "Actual Startup Time": 0.003,
                                        "Actual Total Time": 0.006,
                                        "Actual Rows": 8,
                                        "Actual Loops": 47114,
                                        "Output": [
                                            "mi.movie_id"
                                        ],
                                        "Index Cond": "(mi.movie_id = mc.movie_id)",
                                        "Rows Removed by Index Recheck": 0,
                                        "Heap Fetches": 371175,
                                        "Workers": [
                                            {
                                                "Worker Number": 0,
                                                "Actual Startup Time": 0.003,
                                                "Actual Total Time": 0.006,
                                                "Actual Rows": 8,
                                                "Actual Loops": 12211
                                            },
                                            {
                                                "Worker Number": 1,
                                                "Actual Startup Time": 0.003,
                                                "Actual Total Time": 0.006,
                                                "Actual Rows": 8,
                                                "Actual Loops": 11913
                                            },
                                            {
                                                "Worker Number": 2,
                                                "Actual Startup Time": 0.003,
                                                "Actual Total Time": 0.006,
                                                "Actual Rows": 7,
                                                "Actual Loops": 12152
                                            }
                                        ]
                                    }
                                ]
                            }
                        ]
                    }
                ]
            }
        ]
    },
    "Planning Time": 1.621,
    "Triggers": [],
    "Execution Time": 373.165
}