[
  {
    "Plan": {
      "Node Type": "Aggregate",
      "Strategy": "Plain",
      "Partial Mode": "Finalize",
      "Parallel Aware": false,
      "Startup Cost": 45329.96,
      "Total Cost": 45329.97,
      "Plan Rows": 1,
      "Plan Width": 8,
      "Actual Startup Time": 158.323,
      "Actual Total Time": 168.228,
      "Actual Rows": 1,
      "Actual Loops": 1,
      "Plans": [
        {
          "Node Type": "Gather",
          "Parent Relationship": "Outer",
          "Parallel Aware": false,
          "Startup Cost": 45329.64,
          "Total Cost": 45329.95,
          "Plan Rows": 3,
          "Plan Width": 8,
          "Actual Startup Time": 158.213,
          "Actual Total Time": 168.219,
          "Actual Rows": 4,
          "Actual Loops": 1,
          "Workers Planned": 3,
          "Workers Launched": 3,
          "Single Copy": false,
          "Plans": [
            {
              "Node Type": "Aggregate",
              "Strategy": "Plain",
              "Partial Mode": "Partial",
              "Parent Relationship": "Outer",
              "Parallel Aware": false,
              "Startup Cost": 44329.64,
              "Total Cost": 44329.65,
              "Plan Rows": 1,
              "Plan Width": 8,
              "Actual Startup Time": 150.549,
              "Actual Total Time": 150.55,
              "Actual Rows": 1,
              "Actual Loops": 4,
              "Plans": [
                {
                  "Node Type": "Seq Scan",
                  "Parent Relationship": "Outer",
                  "Parallel Aware": true,
                  "Relation Name": "movie_keyword",
                  "Alias": "mk",
                  "Startup Cost": 0.0,
                  "Total Cost": 42695.65,
                  "Plan Rows": 653594,
                  "Plan Width": 0,
                  "Actual Startup Time": 0.055,
                  "Actual Total Time": 123.615,
                  "Actual Rows": 506883,
                  "Actual Loops": 4,
                  "Filter": "(keyword_id < 3636)",
                  "Rows Removed by Filter": 624099
                }
              ]
            }
          ]
        }
      ]
    },
    "Planning Time": 0.177,
    "Triggers": [],
    "Execution Time": 168.277
  }
]