[
  {
    "Plan": {
      "Node Type": "Aggregate",
      "Strategy": "Plain",
      "Partial Mode": "Finalize",
      "Parallel Aware": false,
      "Startup Cost": 45761.3,
      "Total Cost": 45761.31,
      "Plan Rows": 1,
      "Plan Width": 8,
      "Actual Startup Time": 157.382,
      "Actual Total Time": 167.399,
      "Actual Rows": 1,
      "Actual Loops": 1,
      "Plans": [
        {
          "Node Type": "Gather",
          "Parent Relationship": "Outer",
          "Parallel Aware": false,
          "Startup Cost": 45760.98,
          "Total Cost": 45761.29,
          "Plan Rows": 3,
          "Plan Width": 8,
          "Actual Startup Time": 157.273,
          "Actual Total Time": 167.391,
          "Actual Rows": 4,
          "Actual Loops": 1,
          "Workers Planned": 3,
          "Workers Launched": 3,
          "Single Copy": false,
          "Plans": [
            {
              "Node Type": "Aggregate",
              "Strategy": "Plain",
              "Partial Mode": "Partial",
              "Parent Relationship": "Outer",
              "Parallel Aware": false,
              "Startup Cost": 44760.98,
              "Total Cost": 44760.99,
              "Plan Rows": 1,
              "Plan Width": 8,
              "Actual Startup Time": 148.834,
              "Actual Total Time": 148.835,
              "Actual Rows": 1,
              "Actual Loops": 4,
              "Plans": [
                {
                  "Node Type": "Seq Scan",
                  "Parent Relationship": "Outer",
                  "Parallel Aware": true,
                  "Relation Name": "movie_keyword",
                  "Alias": "mk",
                  "Startup Cost": 0.0,
                  "Total Cost": 42695.65,
                  "Plan Rows": 826132,
                  "Plan Width": 0,
                  "Actual Startup Time": 0.556,
                  "Actual Total Time": 118.623,
                  "Actual Rows": 637377,
                  "Actual Loops": 4,
                  "Filter": "(keyword_id > 3462)",
                  "Rows Removed by Filter": 493606
                }
              ]
            }
          ]
        }
      ]
    },
    "Planning Time": 0.144,
    "Triggers": [],
    "Execution Time": 167.453
  }
]