[
  {
    "Plan": {
      "Node Type": "Aggregate",
      "Strategy": "Plain",
      "Partial Mode": "Finalize",
      "Parallel Aware": false,
      "Startup Cost": 33075.29,
      "Total Cost": 33075.3,
      "Plan Rows": 1,
      "Plan Width": 8,
      "Actual Startup Time": 105.202,
      "Actual Total Time": 113.69,
      "Actual Rows": 1,
      "Actual Loops": 1,
      "Plans": [
        {
          "Node Type": "Gather",
          "Parent Relationship": "Outer",
          "Parallel Aware": false,
          "Startup Cost": 33074.97,
          "Total Cost": 33075.28,
          "Plan Rows": 3,
          "Plan Width": 8,
          "Actual Startup Time": 105.083,
          "Actual Total Time": 113.681,
          "Actual Rows": 4,
          "Actual Loops": 1,
          "Workers Planned": 3,
          "Workers Launched": 3,
          "Single Copy": false,
          "Plans": [
            {
              "Node Type": "Aggregate",
              "Strategy": "Plain",
              "Partial Mode": "Partial",
              "Parent Relationship": "Outer",
              "Parallel Aware": false,
              "Startup Cost": 32074.97,
              "Total Cost": 32074.98,
              "Plan Rows": 1,
              "Plan Width": 8,
              "Actual Startup Time": 98.296,
              "Actual Total Time": 98.298,
              "Actual Rows": 1,
              "Actual Loops": 4,
              "Plans": [
                {
                  "Node Type": "Seq Scan",
                  "Parent Relationship": "Outer",
                  "Parallel Aware": true,
                  "Relation Name": "movie_companies",
                  "Alias": "mc",
                  "Startup Cost": 0.0,
                  "Total Cost": 31414.82,
                  "Plan Rows": 264060,
                  "Plan Width": 0,
                  "Actual Startup Time": 0.03,
                  "Actual Total Time": 82.651,
                  "Actual Rows": 284774,
                  "Actual Loops": 4,
                  "Filter": "((company_id < 19778) AND (company_type_id = 1))",
                  "Rows Removed by Filter": 367508
                }
              ]
            }
          ]
        }
      ]
    },
    "Planning Time": 0.196,
    "Triggers": [],
    "Execution Time": 113.742
  }
]