[
  {
    "Plan": {
      "Node Type": "Aggregate",
      "Strategy": "Plain",
      "Partial Mode": "Finalize",
      "Parallel Aware": false,
      "Startup Cost": 313951.01,
      "Total Cost": 313951.02,
      "Plan Rows": 1,
      "Plan Width": 8,
      "Actual Startup Time": 1202.859,
      "Actual Total Time": 1272.596,
      "Actual Rows": 1,
      "Actual Loops": 1,
      "Plans": [
        {
          "Node Type": "Gather",
          "Parent Relationship": "Outer",
          "Parallel Aware": false,
          "Startup Cost": 313950.49,
          "Total Cost": 313951.0,
          "Plan Rows": 5,
          "Plan Width": 8,
          "Actual Startup Time": 1194.569,
          "Actual Total Time": 1272.587,
          "Actual Rows": 6,
          "Actual Loops": 1,
          "Workers Planned": 5,
          "Workers Launched": 5,
          "Single Copy": false,
          "Plans": [
            {
              "Node Type": "Aggregate",
              "Strategy": "Plain",
              "Partial Mode": "Partial",
              "Parent Relationship": "Outer",
              "Parallel Aware": false,
              "Startup Cost": 312950.49,
              "Total Cost": 312950.5,
              "Plan Rows": 1,
              "Plan Width": 8,
              "Actual Startup Time": 1185.5,
              "Actual Total Time": 1185.508,
              "Actual Rows": 1,
              "Actual Loops": 6,
              "Plans": [
                {
                  "Node Type": "Hash Join",
                  "Parent Relationship": "Outer",
                  "Parallel Aware": true,
                  "Join Type": "Inner",
                  "Startup Cost": 99780.42,
                  "Total Cost": 308431.34,
                  "Plan Rows": 1807657,
                  "Plan Width": 0,
                  "Actual Startup Time": 397.322,
                  "Actual Total Time": 1142.798,
                  "Actual Rows": 851502,
                  "Actual Loops": 6,
                  "Inner Unique": false,
                  "Hash Cond": "(mi.movie_id = t.id)",
                  "Plans": [
                    {
                      "Node Type": "Seq Scan",
                      "Parent Relationship": "Outer",
                      "Parallel Aware": true,
                      "Relation Name": "movie_info",
                      "Alias": "mi",
                      "Startup Cost": 0.0,
                      "Total Cost": 191685.19,
                      "Plan Rows": 2969219,
                      "Plan Width": 4,
                      "Actual Startup Time": 0.054,
                      "Actual Total Time": 313.284,
                      "Actual Rows": 2472620,
                      "Actual Loops": 6
                    },
                    {
                      "Node Type": "Hash",
                      "Parent Relationship": "Inner",
                      "Parallel Aware": true,
                      "Startup Cost": 93573.56,
                      "Total Cost": 93573.56,
                      "Plan Rows": 496549,
                      "Plan Width": 8,
                      "Actual Startup Time": 393.795,
                      "Actual Total Time": 393.801,
                      "Actual Rows": 72081,
                      "Actual Loops": 6,
                      "Hash Buckets": 2097152,
                      "Original Hash Buckets": 2097152,
                      "Hash Batches": 1,
                      "Original Hash Batches": 1,
                      "Peak Memory Usage": 33376,
                      "Plans": [
                        {
                          "Node Type": "Hash Join",
                          "Parent Relationship": "Outer",
                          "Parallel Aware": true,
                          "Join Type": "Inner",
                          "Startup Cost": 48758.37,
                          "Total Cost": 93573.56,
                          "Plan Rows": 496549,
                          "Plan Width": 8,
                          "Actual Startup Time": 221.588,
                          "Actual Total Time": 365.054,
                          "Actual Rows": 72081,
                          "Actual Loops": 6,
                          "Inner Unique": true,
                          "Hash Cond": "(mk.movie_id = t.id)",
                          "Plans": [
                            {
                              "Node Type": "Seq Scan",
                              "Parent Relationship": "Outer",
                              "Parallel Aware": true,
                              "Relation Name": "movie_keyword",
                              "Alias": "mk",
                              "Startup Cost": 0.0,
                              "Total Cost": 42695.65,
                              "Plan Rows": 807440,
                              "Plan Width": 4,
                              "Actual Startup Time": 0.225,
                              "Actual Total Time": 83.85,
                              "Actual Rows": 416926,
                              "Actual Loops": 6,
                              "Filter": "(keyword_id > 3622)",
                              "Rows Removed by Filter": 337062
                            },
                            {
                              "Node Type": "Hash",
                              "Parent Relationship": "Inner",
                              "Parallel Aware": true,
                              "Startup Cost": 43899.32,
                              "Total Cost": 43899.32,
                              "Plan Rows": 388724,
                              "Plan Width": 4,
                              "Actual Startup Time": 218.988,
                              "Actual Total Time": 218.99,
                              "Actual Rows": 259311,
                              "Actual Loops": 6,
                              "Hash Buckets": 2097152,
                              "Original Hash Buckets": 2097152,
                              "Hash Batches": 1,
                              "Original Hash Batches": 1,
                              "Peak Memory Usage": 77312,
                              "Plans": [
                                {
                                  "Node Type": "Seq Scan",
                                  "Parent Relationship": "Outer",
                                  "Parallel Aware": true,
                                  "Relation Name": "title",
                                  "Alias": "t",
                                  "Startup Cost": 0.0,
                                  "Total Cost": 43899.32,
                                  "Plan Rows": 388724,
                                  "Plan Width": 4,
                                  "Actual Startup Time": 0.044,
                                  "Actual Total Time": 90.62,
                                  "Actual Rows": 259311,
                                  "Actual Loops": 6,
                                  "Filter": "(kind_id > 4)",
                                  "Rows Removed by Filter": 162075
                                }
                              ]
                            }
                          ]
                        }
                      ]
                    }
                  ]
                }
              ]
            }
          ]
        }
      ]
    },
    "Planning Time": 0.536,
    "Triggers": [],
    "Execution Time": 1272.656
  }
]