[
  {
    "Plan": {
      "Node Type": "Aggregate",
      "Strategy": "Plain",
      "Partial Mode": "Finalize",
      "Parallel Aware": false,
      "Startup Cost": 337069.24,
      "Total Cost": 337069.25,
      "Plan Rows": 1,
      "Plan Width": 8,
      "Actual Startup Time": 441.714,
      "Actual Total Time": 465.477,
      "Actual Rows": 1,
      "Actual Loops": 1,
      "Plans": [
        {
          "Node Type": "Gather",
          "Parent Relationship": "Outer",
          "Parallel Aware": false,
          "Startup Cost": 337068.61,
          "Total Cost": 337069.22,
          "Plan Rows": 6,
          "Plan Width": 8,
          "Actual Startup Time": 441.605,
          "Actual Total Time": 465.462,
          "Actual Rows": 7,
          "Actual Loops": 1,
          "Workers Planned": 6,
          "Workers Launched": 6,
          "Single Copy": false,
          "Plans": [
            {
              "Node Type": "Aggregate",
              "Strategy": "Plain",
              "Partial Mode": "Partial",
              "Parent Relationship": "Outer",
              "Parallel Aware": false,
              "Startup Cost": 336068.61,
              "Total Cost": 336068.62,
              "Plan Rows": 1,
              "Plan Width": 8,
              "Actual Startup Time": 431.603,
              "Actual Total Time": 431.604,
              "Actual Rows": 1,
              "Actual Loops": 7,
              "Plans": [
                {
                  "Node Type": "Index Scan",
                  "Parent Relationship": "Outer",
                  "Parallel Aware": true,
                  "Scan Direction": "Forward",
                  "Index Name": "role_id_cast_info",
                  "Relation Name": "cast_info",
                  "Alias": "ci",
                  "Startup Cost": 0.56,
                  "Total Cost": 335235.55,
                  "Plan Rows": 333226,
                  "Plan Width": 0,
                  "Actual Startup Time": 0.124,
                  "Actual Total Time": 399.798,
                  "Actual Rows": 614399,
                  "Actual Loops": 7,
                  "Index Cond": "(role_id < 2)",
                  "Rows Removed by Index Recheck": 0,
                  "Filter": "(person_id < 576431)",
                  "Rows Removed by Filter": 1195699
                }
              ]
            }
          ]
        }
      ]
    },
    "Planning Time": 0.233,
    "Triggers": [],
    "Execution Time": 465.554
  }
]