[
  {
    "Plan": {
      "Node Type": "Aggregate",
      "Strategy": "Plain",
      "Partial Mode": "Finalize",
      "Parallel Aware": false,
      "Startup Cost": 45235.3,
      "Total Cost": 45235.31,
      "Plan Rows": 1,
      "Plan Width": 8,
      "Actual Startup Time": 92.281,
      "Actual Total Time": 104.164,
      "Actual Rows": 1,
      "Actual Loops": 1,
      "Plans": [
        {
          "Node Type": "Gather",
          "Parent Relationship": "Outer",
          "Parallel Aware": false,
          "Startup Cost": 45234.88,
          "Total Cost": 45235.29,
          "Plan Rows": 4,
          "Plan Width": 8,
          "Actual Startup Time": 92.087,
          "Actual Total Time": 104.149,
          "Actual Rows": 5,
          "Actual Loops": 1,
          "Workers Planned": 4,
          "Workers Launched": 4,
          "Single Copy": false,
          "Plans": [
            {
              "Node Type": "Aggregate",
              "Strategy": "Plain",
              "Partial Mode": "Partial",
              "Parent Relationship": "Outer",
              "Parallel Aware": false,
              "Startup Cost": 44234.88,
              "Total Cost": 44234.89,
              "Plan Rows": 1,
              "Plan Width": 8,
              "Actual Startup Time": 86.908,
              "Actual Total Time": 86.909,
              "Actual Rows": 1,
              "Actual Loops": 5,
              "Plans": [
                {
                  "Node Type": "Seq Scan",
                  "Parent Relationship": "Outer",
                  "Parallel Aware": true,
                  "Relation Name": "title",
                  "Alias": "t",
                  "Startup Cost": 0.0,
                  "Total Cost": 43899.32,
                  "Plan Rows": 134223,
                  "Plan Width": 0,
                  "Actual Startup Time": 0.031,
                  "Actual Total Time": 81.282,
                  "Actual Rows": 110592,
                  "Actual Loops": 5,
                  "Filter": "(production_year < 1983)",
                  "Rows Removed by Filter": 395070
                }
              ]
            }
          ]
        }
      ]
    },
    "Planning Time": 0.084,
    "Triggers": [],
    "Execution Time": 104.2
  }
]