{
  "Plan": {
    "Node Type": "Aggregate",
    "Strategy": "Plain",
    "Partial Mode": "Finalize",
    "Parallel Aware": false,
    "Startup Cost": 81091.51,
    "Total Cost": 81091.52,
    "Plan Rows": 1,
    "Plan Width": 8,
    "Actual Startup Time": 343.464,
    "Actual Total Time": 354.689,
    "Actual Rows": 1,
    "Actual Loops": 1,
    "Plans": [
      {
        "Node Type": "Gather",
        "Parent Relationship": "Outer",
        "Parallel Aware": false,
        "Startup Cost": 81091.4,
        "Total Cost": 81091.51,
        "Plan Rows": 1,
        "Plan Width": 8,
        "Actual Startup Time": 343.029,
        "Actual Total Time": 354.681,
        "Actual Rows": 2,
        "Actual Loops": 1,
        "Workers Planned": 1,
        "Workers Launched": 1,
        "Single Copy": false,
        "Plans": [
          {
            "Node Type": "Aggregate",
            "Strategy": "Plain",
            "Partial Mode": "Partial",
            "Parent Relationship": "Outer",
            "Parallel Aware": false,
            "Startup Cost": 80091.4,
            "Total Cost": 80091.41,
            "Plan Rows": 1,
            "Plan Width": 8,
            "Actual Startup Time": 337.075,
            "Actual Total Time": 337.081,
            "Actual Rows": 1,
            "Actual Loops": 2,
            "Plans": [
              {
                "Node Type": "Hash Join",
                "Parent Relationship": "Outer",
                "Parallel Aware": true,
                "Join Type": "Inner",
                "Startup Cost": 38844.6,
                "Total Cost": 80023.16,
                "Plan Rows": 27298,
                "Plan Width": 0,
                "Actual Startup Time": 81.232,
                "Actual Total Time": 334.359,
                "Actual Rows": 53138,
                "Actual Loops": 2,
                "Inner Unique": true,
                "Hash Cond": "(mc.movie_id = t.id)",
                "Plans": [
                  {
                    "Node Type": "Seq Scan",
                    "Parent Relationship": "Outer",
                    "Parallel Aware": true,
                    "Relation Name": "movie_companies",
                    "Alias": "mc",
                    "Startup Cost": 0.0,
                    "Total Cost": 37974.77,
                    "Plan Rows": 1220489,
                    "Plan Width": 4,
                    "Actual Startup Time": 0.017,
                    "Actual Total Time": 138.644,
                    "Actual Rows": 1032531,
                    "Actual Loops": 2,
                    "Filter": "(company_id < 72073)",
                    "Rows Removed by Filter": 272034
                  },
                  {
                    "Node Type": "Hash",
                    "Parent Relationship": "Inner",
                    "Parallel Aware": true,
                    "Startup Cost": 38428.8,
                    "Total Cost": 38428.8,
                    "Plan Rows": 33264,
                    "Plan Width": 4,
                    "Actual Startup Time": 79.85,
                    "Actual Total Time": 79.853,
                    "Actual Rows": 28820,
                    "Actual Loops": 2,
                    "Hash Buckets": 65536,
                    "Original Hash Buckets": 65536,
                    "Hash Batches": 1,
                    "Original Hash Batches": 1,
                    "Peak Memory Usage": 2784,
                    "Plans": [
                      {
                        "Node Type": "Bitmap Heap Scan",
                        "Parent Relationship": "Outer",
                        "Parallel Aware": true,
                        "Relation Name": "title",
                        "Alias": "t",
                        "Startup Cost": 1630.67,
                        "Total Cost": 38428.8,
                        "Plan Rows": 33264,
                        "Plan Width": 4,
                        "Actual Startup Time": 22.675,
                        "Actual Total Time": 72.9,
                        "Actual Rows": 28820,
                        "Actual Loops": 2,
                        "Recheck Cond": "(kind_id = 2)",
                        "Rows Removed by Index Recheck": 0,
                        "Filter": "(production_year > 1996)",
                        "Rows Removed by Filter": 16606,
                        "Exact Heap Blocks": 20202,
                        "Lossy Heap Blocks": 0,
                        "Plans": [
                          {
                            "Node Type": "Bitmap Index Scan",
                            "Parent Relationship": "Outer",
                            "Parallel Aware": false,
                            "Index Name": "kind_id_title",
                            "Startup Cost": 0.0,
                            "Total Cost": 1616.54,
                            "Plan Rows": 90681,
                            "Plan Width": 0,
                            "Actual Startup Time": 19.356,
                            "Actual Total Time": 19.356,
                            "Actual Rows": 90852,
                            "Actual Loops": 1,
                            "Index Cond": "(kind_id = 2)"
                          }
                        ]
                      }
                    ]
                  }
                ]
              }
            ]
          }
        ]
      }
    ]
  },
  "Planning Time": 0.481,
  "Triggers": [],
  "Execution Time": 354.784
}