[
  {
    "Plan": {
      "Node Type": "Aggregate",
      "Strategy": "Plain",
      "Partial Mode": "Simple",
      "Parallel Aware": false,
      "Startup Cost": 12997.65,
      "Total Cost": 12997.66,
      "Plan Rows": 1,
      "Plan Width": 8,
      "Actual Startup Time": 62.456,
      "Actual Total Time": 62.459,
      "Actual Rows": 1,
      "Actual Loops": 1,
      "Plans": [
        {
          "Node Type": "Bitmap Heap Scan",
          "Parent Relationship": "Outer",
          "Parallel Aware": false,
          "Relation Name": "movie_companies",
          "Alias": "mc",
          "Startup Cost": 135.5,
          "Total Cost": 12990.1,
          "Plan Rows": 3019,
          "Plan Width": 0,
          "Actual Startup Time": 49.604,
          "Actual Total Time": 61.986,
          "Actual Rows": 2462,
          "Actual Loops": 1,
          "Recheck Cond": "(company_id = 7851)",
          "Rows Removed by Index Recheck": 0,
          "Filter": "(company_type_id < 2)",
          "Rows Removed by Filter": 4689,
          "Exact Heap Blocks": 4114,
          "Lossy Heap Blocks": 0,
          "Plans": [
            {
              "Node Type": "Bitmap Index Scan",
              "Parent Relationship": "Outer",
              "Parallel Aware": false,
              "Index Name": "company_id_movie_companies",
              "Startup Cost": 0.0,
              "Total Cost": 134.74,
              "Plan Rows": 6175,
              "Plan Width": 0,
              "Actual Startup Time": 47.74,
              "Actual Total Time": 47.741,
              "Actual Rows": 7151,
              "Actual Loops": 1,
              "Index Cond": "(company_id = 7851)"
            }
          ]
        }
      ]
    },
    "Planning Time": 0.1,
    "Triggers": [],
    "Execution Time": 62.504
  }
]