{
  "Plan": {
    "Node Type": "Aggregate",
    "Strategy": "Plain",
    "Partial Mode": "Finalize",
    "Parallel Aware": false,
    "Startup Cost": 358368.41,
    "Total Cost": 358368.42,
    "Plan Rows": 1,
    "Plan Width": 8,
    "Actual Startup Time": 1828.04,
    "Actual Total Time": 1860.769,
    "Actual Rows": 1,
    "Actual Loops": 1,
    "Plans": [
      {
        "Node Type": "Gather",
        "Parent Relationship": "Outer",
        "Parallel Aware": false,
        "Startup Cost": 358368.29,
        "Total Cost": 358368.4,
        "Plan Rows": 1,
        "Plan Width": 8,
        "Actual Startup Time": 1824.46,
        "Actual Total Time": 1860.762,
        "Actual Rows": 2,
        "Actual Loops": 1,
        "Workers Planned": 1,
        "Workers Launched": 1,
        "Single Copy": false,
        "Plans": [
          {
            "Node Type": "Aggregate",
            "Strategy": "Plain",
            "Partial Mode": "Partial",
            "Parent Relationship": "Outer",
            "Parallel Aware": false,
            "Startup Cost": 357368.29,
            "Total Cost": 357368.3,
            "Plan Rows": 1,
            "Plan Width": 8,
            "Actual Startup Time": 1819.811,
            "Actual Total Time": 1819.817,
            "Actual Rows": 1,
            "Actual Loops": 2,
            "Plans": [
              {
                "Node Type": "Hash Join",
                "Parent Relationship": "Outer",
                "Parallel Aware": true,
                "Join Type": "Inner",
                "Startup Cost": 99279.66,
                "Total Cost": 356672.16,
                "Plan Rows": 278454,
                "Plan Width": 0,
                "Actual Startup Time": 449.552,
                "Actual Total Time": 1701.498,
                "Actual Rows": 2828622,
                "Actual Loops": 2,
                "Inner Unique": false,
                "Hash Cond": "(ci.movie_id = t.id)",
                "Plans": [
                  {
                    "Node Type": "Index Scan",
                    "Parent Relationship": "Outer",
                    "Parallel Aware": true,
                    "Scan Direction": "Forward",
                    "Index Name": "role_id_cast_info",
                    "Relation Name": "cast_info",
                    "Alias": "ci",
                    "Startup Cost": 0.56,
                    "Total Cost": 238594.73,
                    "Plan Rows": 4576095,
                    "Plan Width": 4,
                    "Actual Startup Time": 0.067,
                    "Actual Total Time": 499.135,
                    "Actual Rows": 3856320,
                    "Actual Loops": 2,
                    "Index Cond": "(role_id > 6)",
                    "Rows Removed by Index Recheck": 0
                  },
                  {
                    "Node Type": "Hash",
                    "Parent Relationship": "Inner",
                    "Parallel Aware": true,
                    "Startup Cost": 98147.87,
                    "Total Cost": 98147.87,
                    "Plan Rows": 90498,
                    "Plan Width": 8,
                    "Actual Startup Time": 446.225,
                    "Actual Total Time": 446.229,
                    "Actual Rows": 170519,
                    "Actual Loops": 2,
                    "Hash Buckets": 524288,
                    "Original Hash Buckets": 262144,
                    "Hash Batches": 1,
                    "Original Hash Batches": 1,
                    "Peak Memory Usage": 19520,
                    "Plans": [
                      {
                        "Node Type": "Hash Join",
                        "Parent Relationship": "Outer",
                        "Parallel Aware": true,
                        "Join Type": "Inner",
                        "Startup Cost": 70203.29,
                        "Total Cost": 98147.87,
                        "Plan Rows": 90498,
                        "Plan Width": 8,
                        "Actual Startup Time": 298.001,
                        "Actual Total Time": 411.015,
                        "Actual Rows": 170519,
                        "Actual Loops": 2,
                        "Inner Unique": true,
                        "Hash Cond": "(mk.movie_id = t.id)",
                        "Plans": [
                          {
                            "Node Type": "Bitmap Heap Scan",
                            "Parent Relationship": "Outer",
                            "Parallel Aware": true,
                            "Relation Name": "movie_keyword",
                            "Alias": "mk",
                            "Startup Cost": 8324.99,
                            "Total Cost": 35663.77,
                            "Plan Rows": 230782,
                            "Plan Width": 4,
                            "Actual Startup Time": 27.66,
                            "Actual Total Time": 84.773,
                            "Actual Rows": 190352,
                            "Actual Loops": 2,
                            "Recheck Cond": "(keyword_id > 44885)",
                            "Rows Removed by Index Recheck": 0,
                            "Exact Heap Blocks": 11252,
                            "Lossy Heap Blocks": 0,
                            "Plans": [
                              {
                                "Node Type": "Bitmap Index Scan",
                                "Parent Relationship": "Outer",
                                "Parallel Aware": false,
                                "Index Name": "keyword_id_movie_keyword",
                                "Startup Cost": 0.0,
                                "Total Cost": 8226.91,
                                "Plan Rows": 392330,
                                "Plan Width": 0,
                                "Actual Startup Time": 24.303,
                                "Actual Total Time": 24.303,
                                "Actual Rows": 380703,
                                "Actual Loops": 1,
                                "Index Cond": "(keyword_id > 44885)"
                              }
                            ]
                          },
                          {
                            "Node Type": "Hash",
                            "Parent Relationship": "Inner",
                            "Parallel Aware": true,
                            "Startup Cost": 54588.39,
                            "Total Cost": 54588.39,
                            "Plan Rows": 583193,
                            "Plan Width": 4,
                            "Actual Startup Time": 262.888,
                            "Actual Total Time": 262.889,
                            "Actual Rows": 492524,
                            "Actual Loops": 2,
                            "Hash Buckets": 1048576,
                            "Original Hash Buckets": 1048576,
                            "Hash Batches": 1,
                            "Original Hash Batches": 1,
                            "Peak Memory Usage": 46752,
                            "Plans": [
                              {
                                "Node Type": "Seq Scan",
                                "Parent Relationship": "Outer",
                                "Parallel Aware": true,
                                "Relation Name": "title",
                                "Alias": "t",
                                "Startup Cost": 0.0,
                                "Total Cost": 54588.39,
                                "Plan Rows": 583193,
                                "Plan Width": 4,
                                "Actual Startup Time": 0.025,
                                "Actual Total Time": 147.186,
                                "Actual Rows": 492524,
                                "Actual Loops": 2,
                                "Filter": "(kind_id < 7)",
                                "Rows Removed by Filter": 771632
                              }
                            ]
                          }
                        ]
                      }
                    ]
                  }
                ]
              }
            ]
          }
        ]
      }
    ]
  },
  "Planning Time": 0.951,
  "Triggers": [],
  "Execution Time": 1860.884
}