{
  "Plan": {
    "Node Type": "Aggregate",
    "Strategy": "Plain",
    "Partial Mode": "Finalize",
    "Parallel Aware": false,
    "Startup Cost": 126567.17,
    "Total Cost": 126567.18,
    "Plan Rows": 1,
    "Plan Width": 8,
    "Actual Startup Time": 686.74,
    "Actual Total Time": 704.058,
    "Actual Rows": 1,
    "Actual Loops": 1,
    "Plans": [
      {
        "Node Type": "Gather",
        "Parent Relationship": "Outer",
        "Parallel Aware": false,
        "Startup Cost": 126567.06,
        "Total Cost": 126567.17,
        "Plan Rows": 1,
        "Plan Width": 8,
        "Actual Startup Time": 686.331,
        "Actual Total Time": 704.049,
        "Actual Rows": 2,
        "Actual Loops": 1,
        "Workers Planned": 1,
        "Workers Launched": 1,
        "Single Copy": false,
        "Plans": [
          {
            "Node Type": "Aggregate",
            "Strategy": "Plain",
            "Partial Mode": "Partial",
            "Parent Relationship": "Outer",
            "Parallel Aware": false,
            "Startup Cost": 125567.06,
            "Total Cost": 125567.07,
            "Plan Rows": 1,
            "Plan Width": 8,
            "Actual Startup Time": 680.693,
            "Actual Total Time": 680.697,
            "Actual Rows": 1,
            "Actual Loops": 2,
            "Plans": [
              {
                "Node Type": "Hash Join",
                "Parent Relationship": "Outer",
                "Parallel Aware": true,
                "Join Type": "Inner",
                "Startup Cost": 60222.08,
                "Total Cost": 124885.48,
                "Plan Rows": 272631,
                "Plan Width": 0,
                "Actual Startup Time": 208.656,
                "Actual Total Time": 668.076,
                "Actual Rows": 251377,
                "Actual Loops": 2,
                "Inner Unique": true,
                "Hash Cond": "(mk.movie_id = t.id)",
                "Plans": [
                  {
                    "Node Type": "Seq Scan",
                    "Parent Relationship": "Outer",
                    "Parallel Aware": true,
                    "Relation Name": "movie_keyword",
                    "Alias": "mk",
                    "Startup Cost": 0.0,
                    "Total Cost": 57718.19,
                    "Plan Rows": 2645791,
                    "Plan Width": 4,
                    "Actual Startup Time": 0.02,
                    "Actual Total Time": 246.748,
                    "Actual Rows": 2249784,
                    "Actual Loops": 2,
                    "Filter": "(keyword_id < 114180)",
                    "Rows Removed by Filter": 12180
                  },
                  {
                    "Node Type": "Hash",
                    "Parent Relationship": "Inner",
                    "Parallel Aware": true,
                    "Startup Cost": 58306.47,
                    "Total Cost": 58306.47,
                    "Plan Rows": 153249,
                    "Plan Width": 4,
                    "Actual Startup Time": 205.122,
                    "Actual Total Time": 205.123,
                    "Actual Rows": 113924,
                    "Actual Loops": 2,
                    "Hash Buckets": 262144,
                    "Original Hash Buckets": 262144,
                    "Hash Batches": 1,
                    "Original Hash Batches": 1,
                    "Peak Memory Usage": 10976,
                    "Plans": [
                      {
                        "Node Type": "Seq Scan",
                        "Parent Relationship": "Outer",
                        "Parallel Aware": true,
                        "Relation Name": "title",
                        "Alias": "t",
                        "Startup Cost": 0.0,
                        "Total Cost": 58306.47,
                        "Plan Rows": 153249,
                        "Plan Width": 4,
                        "Actual Startup Time": 0.071,
                        "Actual Total Time": 168.671,
                        "Actual Rows": 113924,
                        "Actual Loops": 2,
                        "Filter": "((kind_id < 7) AND (production_year > 2008))",
                        "Rows Removed by Filter": 1150232
                      }
                    ]
                  }
                ]
              }
            ]
          }
        ]
      }
    ]
  },
  "Planning Time": 0.601,
  "Triggers": [],
  "Execution Time": 704.136
}