[
  {
    "Plan": {
      "Node Type": "Aggregate",
      "Strategy": "Plain",
      "Partial Mode": "Finalize",
      "Parallel Aware": false,
      "Startup Cost": 57451.45,
      "Total Cost": 57451.46,
      "Plan Rows": 1,
      "Plan Width": 8,
      "Actual Startup Time": 136.14,
      "Actual Total Time": 152.419,
      "Actual Rows": 1,
      "Actual Loops": 1,
      "Plans": [
        {
          "Node Type": "Gather",
          "Parent Relationship": "Outer",
          "Parallel Aware": false,
          "Startup Cost": 57451.03,
          "Total Cost": 57451.44,
          "Plan Rows": 4,
          "Plan Width": 8,
          "Actual Startup Time": 135.88,
          "Actual Total Time": 152.41,
          "Actual Rows": 5,
          "Actual Loops": 1,
          "Workers Planned": 4,
          "Workers Launched": 4,
          "Single Copy": false,
          "Plans": [
            {
              "Node Type": "Aggregate",
              "Strategy": "Plain",
              "Partial Mode": "Partial",
              "Parent Relationship": "Outer",
              "Parallel Aware": false,
              "Startup Cost": 56451.03,
              "Total Cost": 56451.04,
              "Plan Rows": 1,
              "Plan Width": 8,
              "Actual Startup Time": 126.446,
              "Actual Total Time": 126.448,
              "Actual Rows": 1,
              "Actual Loops": 5,
              "Plans": [
                {
                  "Node Type": "Nested Loop",
                  "Parent Relationship": "Outer",
                  "Parallel Aware": false,
                  "Join Type": "Inner",
                  "Startup Cost": 0.86,
                  "Total Cost": 56443.8,
                  "Plan Rows": 2892,
                  "Plan Width": 0,
                  "Actual Startup Time": 4.521,
                  "Actual Total Time": 125.418,
                  "Actual Rows": 15596,
                  "Actual Loops": 5,
                  "Inner Unique": false,
                  "Join Filter": "(t.id = mi.movie_id)",
                  "Rows Removed by Join Filter": 0,
                  "Plans": [
                    {
                      "Node Type": "Nested Loop",
                      "Parent Relationship": "Outer",
                      "Parallel Aware": false,
                      "Join Type": "Inner",
                      "Startup Cost": 0.43,
                      "Total Cost": 54637.07,
                      "Plan Rows": 816,
                      "Plan Width": 8,
                      "Actual Startup Time": 4.292,
                      "Actual Total Time": 91.173,
                      "Actual Rows": 1444,
                      "Actual Loops": 5,
                      "Inner Unique": false,
                      "Plans": [
                        {
                          "Node Type": "Seq Scan",
                          "Parent Relationship": "Outer",
                          "Parallel Aware": true,
                          "Relation Name": "title",
                          "Alias": "t",
                          "Startup Cost": 0.0,
                          "Total Cost": 45479.1,
                          "Plan Rows": 1496,
                          "Plan Width": 4,
                          "Actual Startup Time": 1.501,
                          "Actual Total Time": 80.748,
                          "Actual Rows": 1240,
                          "Actual Loops": 5,
                          "Filter": "((kind_id < 7) AND (production_year = 1976))",
                          "Rows Removed by Filter": 504423
                        },
                        {
                          "Node Type": "Index Only Scan",
                          "Parent Relationship": "Inner",
                          "Parallel Aware": false,
                          "Scan Direction": "Forward",
                          "Index Name": "movie_id_movie_info_idx",
                          "Relation Name": "movie_info_idx",
                          "Alias": "mi_idx",
                          "Startup Cost": 0.43,
                          "Total Cost": 6.09,
                          "Plan Rows": 3,
                          "Plan Width": 4,
                          "Actual Startup Time": 0.007,
                          "Actual Total Time": 0.008,
                          "Actual Rows": 1,
                          "Actual Loops": 6198,
                          "Index Cond": "(movie_id = t.id)",
                          "Rows Removed by Index Recheck": 0,
                          "Heap Fetches": 7219
                        }
                      ]
                    },
                    {
                      "Node Type": "Index Scan",
                      "Parent Relationship": "Inner",
                      "Parallel Aware": false,
                      "Scan Direction": "Forward",
                      "Index Name": "movie_id_movie_info",
                      "Relation Name": "movie_info",
                      "Alias": "mi",
                      "Startup Cost": 0.43,
                      "Total Cost": 1.9,
                      "Plan Rows": 25,
                      "Plan Width": 4,
                      "Actual Startup Time": 0.01,
                      "Actual Total Time": 0.022,
                      "Actual Rows": 11,
                      "Actual Loops": 7219,
                      "Index Cond": "(movie_id = mi_idx.movie_id)",
                      "Rows Removed by Index Recheck": 0,
                      "Filter": "(info_type_id > 6)",
                      "Rows Removed by Filter": 7
                    }
                  ]
                }
              ]
            }
          ]
        }
      ]
    },
    "Planning Time": 1.353,
    "Triggers": [],
    "Execution Time": 152.514
  }
]