[
  {
    "Plan": {
      "Node Type": "Aggregate",
      "Strategy": "Plain",
      "Partial Mode": "Finalize",
      "Parallel Aware": false,
      "Startup Cost": 46054.16,
      "Total Cost": 46054.17,
      "Plan Rows": 1,
      "Plan Width": 8,
      "Actual Startup Time": 168.029,
      "Actual Total Time": 176.753,
      "Actual Rows": 1,
      "Actual Loops": 1,
      "Plans": [
        {
          "Node Type": "Gather",
          "Parent Relationship": "Outer",
          "Parallel Aware": false,
          "Startup Cost": 46053.84,
          "Total Cost": 46054.15,
          "Plan Rows": 3,
          "Plan Width": 8,
          "Actual Startup Time": 167.867,
          "Actual Total Time": 176.745,
          "Actual Rows": 4,
          "Actual Loops": 1,
          "Workers Planned": 3,
          "Workers Launched": 3,
          "Single Copy": false,
          "Plans": [
            {
              "Node Type": "Aggregate",
              "Strategy": "Plain",
              "Partial Mode": "Partial",
              "Parent Relationship": "Outer",
              "Parallel Aware": false,
              "Startup Cost": 45053.84,
              "Total Cost": 45053.85,
              "Plan Rows": 1,
              "Plan Width": 8,
              "Actual Startup Time": 163.949,
              "Actual Total Time": 163.95,
              "Actual Rows": 1,
              "Actual Loops": 4,
              "Plans": [
                {
                  "Node Type": "Seq Scan",
                  "Parent Relationship": "Outer",
                  "Parallel Aware": true,
                  "Relation Name": "movie_keyword",
                  "Alias": "mk",
                  "Startup Cost": 0.0,
                  "Total Cost": 42695.65,
                  "Plan Rows": 943274,
                  "Plan Width": 0,
                  "Actual Startup Time": 0.296,
                  "Actual Total Time": 127.995,
                  "Actual Rows": 731436,
                  "Actual Loops": 4,
                  "Filter": "(keyword_id > 2458)",
                  "Rows Removed by Filter": 399546
                }
              ]
            }
          ]
        }
      ]
    },
    "Planning Time": 0.157,
    "Triggers": [],
    "Execution Time": 176.8
  }
]