{
  "Plan": {
    "Node Type": "Aggregate",
    "Strategy": "Plain",
    "Partial Mode": "Finalize",
    "Parallel Aware": false,
    "Startup Cost": 69663.04,
    "Total Cost": 69663.05,
    "Plan Rows": 1,
    "Plan Width": 8,
    "Actual Startup Time": 208.655,
    "Actual Total Time": 220.698,
    "Actual Rows": 1,
    "Actual Loops": 1,
    "Plans": [
      {
        "Node Type": "Gather",
        "Parent Relationship": "Outer",
        "Parallel Aware": false,
        "Startup Cost": 69662.93,
        "Total Cost": 69663.04,
        "Plan Rows": 1,
        "Plan Width": 8,
        "Actual Startup Time": 208.418,
        "Actual Total Time": 220.689,
        "Actual Rows": 2,
        "Actual Loops": 1,
        "Workers Planned": 1,
        "Workers Launched": 1,
        "Single Copy": false,
        "Plans": [
          {
            "Node Type": "Aggregate",
            "Strategy": "Plain",
            "Partial Mode": "Partial",
            "Parent Relationship": "Outer",
            "Parallel Aware": false,
            "Startup Cost": 68662.93,
            "Total Cost": 68662.94,
            "Plan Rows": 1,
            "Plan Width": 8,
            "Actual Startup Time": 202.509,
            "Actual Total Time": 202.512,
            "Actual Rows": 1,
            "Actual Loops": 2,
            "Plans": [
              {
                "Node Type": "Hash Join",
                "Parent Relationship": "Outer",
                "Parallel Aware": true,
                "Join Type": "Inner",
                "Startup Cost": 58659.86,
                "Total Cost": 68655.6,
                "Plan Rows": 2932,
                "Plan Width": 0,
                "Actual Startup Time": 156.811,
                "Actual Total Time": 202.358,
                "Actual Rows": 2469,
                "Actual Loops": 2,
                "Inner Unique": true,
                "Hash Cond": "(ci.movie_id = t.id)",
                "Plans": [
                  {
                    "Node Type": "Index Scan",
                    "Parent Relationship": "Outer",
                    "Parallel Aware": true,
                    "Scan Direction": "Forward",
                    "Index Name": "role_id_cast_info",
                    "Relation Name": "cast_info",
                    "Alias": "ci",
                    "Startup Cost": 0.56,
                    "Total Cost": 9590.86,
                    "Plan Rows": 154458,
                    "Plan Width": 4,
                    "Actual Startup Time": 0.129,
                    "Actual Total Time": 27.219,
                    "Actual Rows": 149655,
                    "Actual Loops": 2,
                    "Index Cond": "(role_id > 10)",
                    "Rows Removed by Index Recheck": 0,
                    "Filter": "(person_id > 428529)",
                    "Rows Removed by Filter": 8404
                  },
                  {
                    "Node Type": "Hash",
                    "Parent Relationship": "Inner",
                    "Parallel Aware": true,
                    "Startup Cost": 58306.47,
                    "Total Cost": 58306.47,
                    "Plan Rows": 28226,
                    "Plan Width": 4,
                    "Actual Startup Time": 155.224,
                    "Actual Total Time": 155.226,
                    "Actual Rows": 19376,
                    "Actual Loops": 2,
                    "Hash Buckets": 65536,
                    "Original Hash Buckets": 65536,
                    "Hash Batches": 1,
                    "Original Hash Batches": 1,
                    "Peak Memory Usage": 2048,
                    "Plans": [
                      {
                        "Node Type": "Seq Scan",
                        "Parent Relationship": "Outer",
                        "Parallel Aware": true,
                        "Relation Name": "title",
                        "Alias": "t",
                        "Startup Cost": 0.0,
                        "Total Cost": 58306.47,
                        "Plan Rows": 28226,
                        "Plan Width": 4,
                        "Actual Startup Time": 0.392,
                        "Actual Total Time": 148.756,
                        "Actual Rows": 19376,
                        "Actual Loops": 2,
                        "Filter": "((kind_id < 7) AND (production_year = 2008))",
                        "Rows Removed by Filter": 1244780
                      }
                    ]
                  }
                ]
              }
            ]
          }
        ]
      }
    ]
  },
  "Planning Time": 0.62,
  "Triggers": [],
  "Execution Time": 220.816
}