[
  {
    "Plan": {
      "Node Type": "Aggregate",
      "Strategy": "Plain",
      "Partial Mode": "Finalize",
      "Parallel Aware": false,
      "Startup Cost": 31837.14,
      "Total Cost": 31837.15,
      "Plan Rows": 1,
      "Plan Width": 8,
      "Actual Startup Time": 112.363,
      "Actual Total Time": 120.435,
      "Actual Rows": 1,
      "Actual Loops": 1,
      "Plans": [
        {
          "Node Type": "Gather",
          "Parent Relationship": "Outer",
          "Parallel Aware": false,
          "Startup Cost": 31836.82,
          "Total Cost": 31837.13,
          "Plan Rows": 3,
          "Plan Width": 8,
          "Actual Startup Time": 112.213,
          "Actual Total Time": 120.426,
          "Actual Rows": 4,
          "Actual Loops": 1,
          "Workers Planned": 3,
          "Workers Launched": 3,
          "Single Copy": false,
          "Plans": [
            {
              "Node Type": "Aggregate",
              "Strategy": "Plain",
              "Partial Mode": "Partial",
              "Parent Relationship": "Outer",
              "Parallel Aware": false,
              "Startup Cost": 30836.82,
              "Total Cost": 30836.83,
              "Plan Rows": 1,
              "Plan Width": 8,
              "Actual Startup Time": 106.044,
              "Actual Total Time": 106.045,
              "Actual Rows": 1,
              "Actual Loops": 4,
              "Plans": [
                {
                  "Node Type": "Seq Scan",
                  "Parent Relationship": "Outer",
                  "Parallel Aware": true,
                  "Relation Name": "movie_companies",
                  "Alias": "mc",
                  "Startup Cost": 0.0,
                  "Total Cost": 29310.68,
                  "Plan Rows": 610455,
                  "Plan Width": 0,
                  "Actual Startup Time": 0.038,
                  "Actual Total Time": 81.685,
                  "Actual Rows": 475378,
                  "Actual Loops": 4,
                  "Filter": "(company_id < 44130)",
                  "Rows Removed by Filter": 176905
                }
              ]
            }
          ]
        }
      ]
    },
    "Planning Time": 0.191,
    "Triggers": [],
    "Execution Time": 120.491
  }
]