[
    {
        "Bao": {
            "Bao prediction": 480.311,
            "Bao recommended hint": "(no hint)"
        }
    },
    {
        "Plan": {
            "Node Type": "Aggregate",
            "Strategy": "Plain",
            "Partial Mode": "Finalize",
            "Parallel Aware": false,
            "Startup Cost": 202967.02,
            "Total Cost": 202967.03,
            "Plan Rows": 1,
            "Plan Width": 8,
            "Actual Startup Time": 593.002,
            "Actual Total Time": 619.792,
            "Actual Rows": 1,
            "Actual Loops": 1,
            "Output": [
                "count(*)"
            ],
            "Plans": [
                {
                    "Node Type": "Gather",
                    "Parent Relationship": "Outer",
                    "Parallel Aware": false,
                    "Startup Cost": 202966.49,
                    "Total Cost": 202967.01,
                    "Plan Rows": 5,
                    "Plan Width": 8,
                    "Actual Startup Time": 592.756,
                    "Actual Total Time": 619.778,
                    "Actual Rows": 6,
                    "Actual Loops": 1,
                    "Output": [
                        "(PARTIAL count(*))"
                    ],
                    "Workers Planned": 5,
                    "Workers Launched": 5,
                    "Single Copy": false,
                    "Plans": [
                        {
                            "Node Type": "Aggregate",
                            "Strategy": "Plain",
                            "Partial Mode": "Partial",
                            "Parent Relationship": "Outer",
                            "Parallel Aware": false,
                            "Startup Cost": 201966.49,
                            "Total Cost": 201966.51,
                            "Plan Rows": 1,
                            "Plan Width": 8,
                            "Actual Startup Time": 582.581,
                            "Actual Total Time": 582.583,
                            "Actual Rows": 1,
                            "Actual Loops": 6,
                            "Output": [
                                "PARTIAL count(*)"
                            ],
                            "Workers": [
                                {
                                    "Worker Number": 0,
                                    "Actual Startup Time": 579.973,
                                    "Actual Total Time": 579.975,
                                    "Actual Rows": 1,
                                    "Actual Loops": 1
                                },
                                {
                                    "Worker Number": 1,
                                    "Actual Startup Time": 580.33,
                                    "Actual Total Time": 580.331,
                                    "Actual Rows": 1,
                                    "Actual Loops": 1
                                },
                                {
                                    "Worker Number": 2,
                                    "Actual Startup Time": 580.664,
                                    "Actual Total Time": 580.666,
                                    "Actual Rows": 1,
                                    "Actual Loops": 1
                                },
                                {
                                    "Worker Number": 3,
                                    "Actual Startup Time": 581.037,
                                    "Actual Total Time": 581.039,
                                    "Actual Rows": 1,
                                    "Actual Loops": 1
                                },
                                {
                                    "Worker Number": 4,
                                    "Actual Startup Time": 581.632,
                                    "Actual Total Time": 581.635,
                                    "Actual Rows": 1,
                                    "Actual Loops": 1
                                }
                            ],
                            "Plans": [
                                {
                                    "Node Type": "Seq Scan",
                                    "Parent Relationship": "Outer",
                                    "Parallel Aware": true,
                                    "Relation Name": "movie_info",
                                    "Schema": "public",
                                    "Alias": "mi",
                                    "Startup Cost": 0.0,
                                    "Total Cost": 198880.74,
                                    "Plan Rows": 1234303,
                                    "Plan Width": 0,
                                    "Actual Startup Time": 35.058,
                                    "Actual Total Time": 511.25,
                                    "Actual Rows": 1037249,
                                    "Actual Loops": 6,
                                    "Output": [
                                        "id",
                                        "movie_id",
                                        "info_type_id",
                                        "info",
                                        "note"
                                    ],
                                    "Filter": "(mi.info_type_id > 8)",
                                    "Rows Removed by Filter": 1435371,
                                    "Workers": [
                                        {
                                            "Worker Number": 0,
                                            "Actual Startup Time": 32.45,
                                            "Actual Total Time": 514.277,
                                            "Actual Rows": 972084,
                                            "Actual Loops": 1
                                        },
                                        {
                                            "Worker Number": 1,
                                            "Actual Startup Time": 32.803,
                                            "Actual Total Time": 517.96,
                                            "Actual Rows": 920278,
                                            "Actual Loops": 1
                                        },
                                        {
                                            "Worker Number": 2,
                                            "Actual Startup Time": 33.132,
                                            "Actual Total Time": 514.709,
                                            "Actual Rows": 961440,
                                            "Actual Loops": 1
                                        },
                                        {
                                            "Worker Number": 3,
                                            "Actual Startup Time": 33.515,
                                            "Actual Total Time": 519.163,
                                            "Actual Rows": 914242,
                                            "Actual Loops": 1
                                        },
                                        {
                                            "Worker Number": 4,
                                            "Actual Startup Time": 34.113,
                                            "Actual Total Time": 515.136,
                                            "Actual Rows": 980060,
                                            "Actual Loops": 1
                                        }
                                    ]
                                }
                            ]
                        }
                    ]
                }
            ]
        },
        "Planning Time": 3605.673,
        "Triggers": [],
        "Execution Time": 619.928
    }
]