[
  {
    "Plan": {
      "Node Type": "Aggregate",
      "Strategy": "Plain",
      "Partial Mode": "Finalize",
      "Parallel Aware": false,
      "Startup Cost": 50265.44,
      "Total Cost": 50265.45,
      "Plan Rows": 1,
      "Plan Width": 8,
      "Actual Startup Time": 43.414,
      "Actual Total Time": 53.041,
      "Actual Rows": 1,
      "Actual Loops": 1,
      "Plans": [
        {
          "Node Type": "Gather",
          "Parent Relationship": "Outer",
          "Parallel Aware": false,
          "Startup Cost": 50265.23,
          "Total Cost": 50265.44,
          "Plan Rows": 2,
          "Plan Width": 8,
          "Actual Startup Time": 43.226,
          "Actual Total Time": 53.035,
          "Actual Rows": 3,
          "Actual Loops": 1,
          "Workers Planned": 2,
          "Workers Launched": 2,
          "Single Copy": false,
          "Plans": [
            {
              "Node Type": "Aggregate",
              "Strategy": "Plain",
              "Partial Mode": "Partial",
              "Parent Relationship": "Outer",
              "Parallel Aware": false,
              "Startup Cost": 49265.23,
              "Total Cost": 49265.24,
              "Plan Rows": 1,
              "Plan Width": 8,
              "Actual Startup Time": 40.162,
              "Actual Total Time": 40.164,
              "Actual Rows": 1,
              "Actual Loops": 3,
              "Plans": [
                {
                  "Node Type": "Nested Loop",
                  "Parent Relationship": "Outer",
                  "Parallel Aware": false,
                  "Join Type": "Inner",
                  "Startup Cost": 238.17,
                  "Total Cost": 49253.76,
                  "Plan Rows": 4587,
                  "Plan Width": 0,
                  "Actual Startup Time": 2.575,
                  "Actual Total Time": 39.776,
                  "Actual Rows": 3213,
                  "Actual Loops": 3,
                  "Inner Unique": true,
                  "Plans": [
                    {
                      "Node Type": "Bitmap Heap Scan",
                      "Parent Relationship": "Outer",
                      "Parallel Aware": true,
                      "Relation Name": "movie_keyword",
                      "Alias": "mk",
                      "Startup Cost": 237.74,
                      "Total Cost": 19897.43,
                      "Plan Rows": 4587,
                      "Plan Width": 4,
                      "Actual Startup Time": 2.496,
                      "Actual Total Time": 15.475,
                      "Actual Rows": 3213,
                      "Actual Loops": 3,
                      "Recheck Cond": "(keyword_id = 236)",
                      "Rows Removed by Index Recheck": 0,
                      "Exact Heap Blocks": 4664,
                      "Lossy Heap Blocks": 0,
                      "Plans": [
                        {
                          "Node Type": "Bitmap Index Scan",
                          "Parent Relationship": "Outer",
                          "Parallel Aware": false,
                          "Index Name": "keyword_id_movie_keyword",
                          "Startup Cost": 0.0,
                          "Total Cost": 234.99,
                          "Plan Rows": 11008,
                          "Plan Width": 0,
                          "Actual Startup Time": 3.25,
                          "Actual Total Time": 3.25,
                          "Actual Rows": 9638,
                          "Actual Loops": 1,
                          "Index Cond": "(keyword_id = 236)"
                        }
                      ]
                    },
                    {
                      "Node Type": "Index Only Scan",
                      "Parent Relationship": "Inner",
                      "Parallel Aware": false,
                      "Scan Direction": "Forward",
                      "Index Name": "title_pkey",
                      "Relation Name": "title",
                      "Alias": "t",
                      "Startup Cost": 0.43,
                      "Total Cost": 6.4,
                      "Plan Rows": 1,
                      "Plan Width": 4,
                      "Actual Startup Time": 0.007,
                      "Actual Total Time": 0.007,
                      "Actual Rows": 1,
                      "Actual Loops": 9638,
                      "Index Cond": "(id = mk.movie_id)",
                      "Rows Removed by Index Recheck": 0,
                      "Heap Fetches": 9638
                    }
                  ]
                }
              ]
            }
          ]
        }
      ]
    },
    "Planning Time": 0.429,
    "Triggers": [],
    "Execution Time": 53.089
  }
]