{
  "Plan": {
    "Node Type": "Aggregate",
    "Strategy": "Plain",
    "Partial Mode": "Finalize",
    "Parallel Aware": false,
    "Startup Cost": 87144.33,
    "Total Cost": 87144.34,
    "Plan Rows": 1,
    "Plan Width": 8,
    "Actual Startup Time": 288.606,
    "Actual Total Time": 301.003,
    "Actual Rows": 1,
    "Actual Loops": 1,
    "Plans": [
      {
        "Node Type": "Gather",
        "Parent Relationship": "Outer",
        "Parallel Aware": false,
        "Startup Cost": 87144.22,
        "Total Cost": 87144.33,
        "Plan Rows": 1,
        "Plan Width": 8,
        "Actual Startup Time": 287.933,
        "Actual Total Time": 300.994,
        "Actual Rows": 2,
        "Actual Loops": 1,
        "Workers Planned": 1,
        "Workers Launched": 1,
        "Single Copy": false,
        "Plans": [
          {
            "Node Type": "Aggregate",
            "Strategy": "Plain",
            "Partial Mode": "Partial",
            "Parent Relationship": "Outer",
            "Parallel Aware": false,
            "Startup Cost": 86144.22,
            "Total Cost": 86144.23,
            "Plan Rows": 1,
            "Plan Width": 8,
            "Actual Startup Time": 281.952,
            "Actual Total Time": 281.957,
            "Actual Rows": 1,
            "Actual Loops": 2,
            "Plans": [
              {
                "Node Type": "Hash Join",
                "Parent Relationship": "Outer",
                "Parallel Aware": true,
                "Join Type": "Inner",
                "Startup Cost": 26192.71,
                "Total Cost": 86096.41,
                "Plan Rows": 19123,
                "Plan Width": 0,
                "Actual Startup Time": 100.504,
                "Actual Total Time": 281.425,
                "Actual Rows": 8565,
                "Actual Loops": 2,
                "Inner Unique": false,
                "Hash Cond": "(t.id = mc.movie_id)",
                "Plans": [
                  {
                    "Node Type": "Seq Scan",
                    "Parent Relationship": "Outer",
                    "Parallel Aware": true,
                    "Relation Name": "title",
                    "Alias": "t",
                    "Startup Cost": 0.0,
                    "Total Cost": 58306.47,
                    "Plan Rows": 237559,
                    "Plan Width": 4,
                    "Actual Startup Time": 0.013,
                    "Actual Total Time": 133.447,
                    "Actual Rows": 217109,
                    "Actual Loops": 2,
                    "Filter": "((production_year > 2008) AND (kind_id = 7))",
                    "Rows Removed by Filter": 1047047
                  },
                  {
                    "Node Type": "Hash",
                    "Parent Relationship": "Inner",
                    "Parallel Aware": true,
                    "Startup Cost": 24696.23,
                    "Total Cost": 24696.23,
                    "Plan Rows": 119719,
                    "Plan Width": 4,
                    "Actual Startup Time": 96.809,
                    "Actual Total Time": 96.811,
                    "Actual Rows": 101646,
                    "Actual Loops": 2,
                    "Hash Buckets": 262144,
                    "Original Hash Buckets": 262144,
                    "Hash Batches": 1,
                    "Original Hash Batches": 1,
                    "Peak Memory Usage": 10016,
                    "Plans": [
                      {
                        "Node Type": "Bitmap Heap Scan",
                        "Parent Relationship": "Outer",
                        "Parallel Aware": true,
                        "Relation Name": "movie_companies",
                        "Alias": "mc",
                        "Startup Cost": 4409.73,
                        "Total Cost": 24696.23,
                        "Plan Rows": 119719,
                        "Plan Width": 4,
                        "Actual Startup Time": 24.68,
                        "Actual Total Time": 69.784,
                        "Actual Rows": 101646,
                        "Actual Loops": 2,
                        "Recheck Cond": "(company_id < 67)",
                        "Rows Removed by Index Recheck": 0,
                        "Exact Heap Blocks": 10516,
                        "Lossy Heap Blocks": 0,
                        "Plans": [
                          {
                            "Node Type": "Bitmap Index Scan",
                            "Parent Relationship": "Outer",
                            "Parallel Aware": false,
                            "Index Name": "company_id_movie_companies",
                            "Startup Cost": 0.0,
                            "Total Cost": 4358.85,
                            "Plan Rows": 203523,
                            "Plan Width": 0,
                            "Actual Startup Time": 23.48,
                            "Actual Total Time": 23.48,
                            "Actual Rows": 203291,
                            "Actual Loops": 1,
                            "Index Cond": "(company_id < 67)"
                          }
                        ]
                      }
                    ]
                  }
                ]
              }
            ]
          }
        ]
      }
    ]
  },
  "Planning Time": 0.636,
  "Triggers": [],
  "Execution Time": 301.098
}