[
  {
    "Plan": {
      "Node Type": "Aggregate",
      "Strategy": "Plain",
      "Partial Mode": "Finalize",
      "Parallel Aware": false,
      "Startup Cost": 395175.7,
      "Total Cost": 395175.71,
      "Plan Rows": 1,
      "Plan Width": 8,
      "Actual Startup Time": 2279.533,
      "Actual Total Time": 2334.124,
      "Actual Rows": 1,
      "Actual Loops": 1,
      "Plans": [
        {
          "Node Type": "Gather",
          "Parent Relationship": "Outer",
          "Parallel Aware": false,
          "Startup Cost": 395175.07,
          "Total Cost": 395175.68,
          "Plan Rows": 6,
          "Plan Width": 8,
          "Actual Startup Time": 2271.984,
          "Actual Total Time": 2334.11,
          "Actual Rows": 7,
          "Actual Loops": 1,
          "Workers Planned": 6,
          "Workers Launched": 6,
          "Single Copy": false,
          "Plans": [
            {
              "Node Type": "Aggregate",
              "Strategy": "Plain",
              "Partial Mode": "Partial",
              "Parent Relationship": "Outer",
              "Parallel Aware": false,
              "Startup Cost": 394175.07,
              "Total Cost": 394175.08,
              "Plan Rows": 1,
              "Plan Width": 8,
              "Actual Startup Time": 2257.741,
              "Actual Total Time": 2257.744,
              "Actual Rows": 1,
              "Actual Loops": 7,
              "Plans": [
                {
                  "Node Type": "Hash Join",
                  "Parent Relationship": "Outer",
                  "Parallel Aware": true,
                  "Join Type": "Inner",
                  "Startup Cost": 49081.46,
                  "Total Cost": 387684.31,
                  "Plan Rows": 2596305,
                  "Plan Width": 0,
                  "Actual Startup Time": 345.942,
                  "Actual Total Time": 2141.085,
                  "Actual Rows": 2431177,
                  "Actual Loops": 7,
                  "Inner Unique": true,
                  "Hash Cond": "(ci.movie_id = t.id)",
                  "Plans": [
                    {
                      "Node Type": "Seq Scan",
                      "Parent Relationship": "Outer",
                      "Parallel Aware": true,
                      "Relation Name": "cast_info",
                      "Alias": "ci",
                      "Startup Cost": 0.0,
                      "Total Cost": 328211.39,
                      "Plan Rows": 3958642,
                      "Plan Width": 4,
                      "Actual Startup Time": 132.923,
                      "Actual Total Time": 637.19,
                      "Actual Rows": 3375929,
                      "Actual Loops": 7,
                      "Filter": "(person_id > 1244415)",
                      "Rows Removed by Filter": 1801834
                    },
                    {
                      "Node Type": "Hash",
                      "Parent Relationship": "Inner",
                      "Parallel Aware": true,
                      "Startup Cost": 43899.32,
                      "Total Cost": 43899.32,
                      "Plan Rows": 414571,
                      "Plan Width": 4,
                      "Actual Startup Time": 207.931,
                      "Actual Total Time": 207.932,
                      "Actual Rows": 234788,
                      "Actual Loops": 7,
                      "Hash Buckets": 2097152,
                      "Original Hash Buckets": 2097152,
                      "Hash Batches": 1,
                      "Original Hash Batches": 1,
                      "Peak Memory Usage": 80800,
                      "Plans": [
                        {
                          "Node Type": "Seq Scan",
                          "Parent Relationship": "Outer",
                          "Parallel Aware": true,
                          "Relation Name": "title",
                          "Alias": "t",
                          "Startup Cost": 0.0,
                          "Total Cost": 43899.32,
                          "Plan Rows": 414571,
                          "Plan Width": 4,
                          "Actual Startup Time": 0.05,
                          "Actual Total Time": 83.738,
                          "Actual Rows": 234788,
                          "Actual Loops": 7,
                          "Filter": "(production_year > 1994)",
                          "Rows Removed by Filter": 126400
                        }
                      ]
                    }
                  ]
                }
              ]
            }
          ]
        }
      ]
    },
    "Planning Time": 0.594,
    "Triggers": [],
    "Execution Time": 2334.207
  }
]