[
  {
    "Plan": {
      "Node Type": "Aggregate",
      "Strategy": "Plain",
      "Partial Mode": "Finalize",
      "Parallel Aware": false,
      "Startup Cost": 73949.59,
      "Total Cost": 73949.6,
      "Plan Rows": 1,
      "Plan Width": 8,
      "Actual Startup Time": 435.571,
      "Actual Total Time": 475.169,
      "Actual Rows": 1,
      "Actual Loops": 1,
      "Plans": [
        {
          "Node Type": "Gather",
          "Parent Relationship": "Outer",
          "Parallel Aware": false,
          "Startup Cost": 73949.38,
          "Total Cost": 73949.59,
          "Plan Rows": 2,
          "Plan Width": 8,
          "Actual Startup Time": 434.621,
          "Actual Total Time": 475.126,
          "Actual Rows": 3,
          "Actual Loops": 1,
          "Workers Planned": 2,
          "Workers Launched": 2,
          "Single Copy": false,
          "Plans": [
            {
              "Node Type": "Aggregate",
              "Strategy": "Plain",
              "Partial Mode": "Partial",
              "Parent Relationship": "Outer",
              "Parallel Aware": false,
              "Startup Cost": 72949.38,
              "Total Cost": 72949.39,
              "Plan Rows": 1,
              "Plan Width": 8,
              "Actual Startup Time": 425.663,
              "Actual Total Time": 425.672,
              "Actual Rows": 1,
              "Actual Loops": 3,
              "Plans": [
                {
                  "Node Type": "Nested Loop",
                  "Parent Relationship": "Outer",
                  "Parallel Aware": false,
                  "Join Type": "Inner",
                  "Startup Cost": 38193.22,
                  "Total Cost": 72902.63,
                  "Plan Rows": 18699,
                  "Plan Width": 0,
                  "Actual Startup Time": 100.647,
                  "Actual Total Time": 420.42,
                  "Actual Rows": 62971,
                  "Actual Loops": 3,
                  "Inner Unique": false,
                  "Join Filter": "(t.id = mi.movie_id)",
                  "Rows Removed by Join Filter": 0,
                  "Plans": [
                    {
                      "Node Type": "Hash Join",
                      "Parent Relationship": "Outer",
                      "Parallel Aware": true,
                      "Join Type": "Inner",
                      "Startup Cost": 38192.79,
                      "Total Cost": 53387.35,
                      "Plan Rows": 9489,
                      "Plan Width": 8,
                      "Actual Startup Time": 100.48,
                      "Actual Total Time": 239.944,
                      "Actual Rows": 15458,
                      "Actual Loops": 3,
                      "Inner Unique": true,
                      "Hash Cond": "(mi_idx.movie_id = t.id)",
                      "Plans": [
                        {
                          "Node Type": "Seq Scan",
                          "Parent Relationship": "Outer",
                          "Parallel Aware": true,
                          "Relation Name": "movie_info_idx",
                          "Alias": "mi_idx",
                          "Startup Cost": 0.0,
                          "Total Cost": 13685.15,
                          "Plan Rows": 575015,
                          "Plan Width": 4,
                          "Actual Startup Time": 0.017,
                          "Actual Total Time": 68.878,
                          "Actual Rows": 460012,
                          "Actual Loops": 3
                        },
                        {
                          "Node Type": "Hash",
                          "Parent Relationship": "Inner",
                          "Parallel Aware": true,
                          "Startup Cost": 38062.39,
                          "Total Cost": 38062.39,
                          "Plan Rows": 10432,
                          "Plan Width": 4,
                          "Actual Startup Time": 99.669,
                          "Actual Total Time": 99.672,
                          "Actual Rows": 12515,
                          "Actual Loops": 3,
                          "Hash Buckets": 65536,
                          "Original Hash Buckets": 65536,
                          "Hash Batches": 1,
                          "Original Hash Batches": 1,
                          "Peak Memory Usage": 2016,
                          "Plans": [
                            {
                              "Node Type": "Bitmap Heap Scan",
                              "Parent Relationship": "Outer",
                              "Parallel Aware": true,
                              "Relation Name": "title",
                              "Alias": "t",
                              "Startup Cost": 1707.88,
                              "Total Cost": 38062.39,
                              "Plan Rows": 10432,
                              "Plan Width": 4,
                              "Actual Startup Time": 16.232,
                              "Actual Total Time": 93.156,
                              "Actual Rows": 12515,
                              "Actual Loops": 3,
                              "Recheck Cond": "(kind_id = 2)",
                              "Rows Removed by Index Recheck": 0,
                              "Filter": "(production_year > 2004)",
                              "Rows Removed by Filter": 17769,
                              "Exact Heap Blocks": 14917,
                              "Lossy Heap Blocks": 0,
                              "Plans": [
                                {
                                  "Node Type": "Bitmap Index Scan",
                                  "Parent Relationship": "Outer",
                                  "Parallel Aware": false,
                                  "Index Name": "kind_id_title",
                                  "Startup Cost": 0.0,
                                  "Total Cost": 1697.45,
                                  "Plan Rows": 95069,
                                  "Plan Width": 0,
                                  "Actual Startup Time": 17.079,
                                  "Actual Total Time": 17.08,
                                  "Actual Rows": 90852,
                                  "Actual Loops": 1,
                                  "Index Cond": "(kind_id = 2)"
                                }
                              ]
                            }
                          ]
                        }
                      ]
                    },
                    {
                      "Node Type": "Index Scan",
                      "Parent Relationship": "Inner",
                      "Parallel Aware": false,
                      "Scan Direction": "Forward",
                      "Index Name": "movie_id_movie_info",
                      "Relation Name": "movie_info",
                      "Alias": "mi",
                      "Startup Cost": 0.43,
                      "Total Cost": 1.88,
                      "Plan Rows": 14,
                      "Plan Width": 4,
                      "Actual Startup Time": 0.005,
                      "Actual Total Time": 0.011,
                      "Actual Rows": 4,
                      "Actual Loops": 46374,
                      "Index Cond": "(movie_id = mi_idx.movie_id)",
                      "Rows Removed by Index Recheck": 0,
                      "Filter": "(info_type_id < 5)",
                      "Rows Removed by Filter": 5
                    }
                  ]
                }
              ]
            }
          ]
        }
      ]
    },
    "Planning Time": 1.079,
    "Triggers": [],
    "Execution Time": 475.278
  }
]