{
  "Plan": {
    "Node Type": "Aggregate",
    "Strategy": "Plain",
    "Partial Mode": "Finalize",
    "Parallel Aware": false,
    "Startup Cost": 322852.49,
    "Total Cost": 322852.5,
    "Plan Rows": 1,
    "Plan Width": 8,
    "Actual Startup Time": 1074.045,
    "Actual Total Time": 1094.536,
    "Actual Rows": 1,
    "Actual Loops": 1,
    "Plans": [
      {
        "Node Type": "Gather",
        "Parent Relationship": "Outer",
        "Parallel Aware": false,
        "Startup Cost": 322852.38,
        "Total Cost": 322852.49,
        "Plan Rows": 1,
        "Plan Width": 8,
        "Actual Startup Time": 1071.908,
        "Actual Total Time": 1094.528,
        "Actual Rows": 2,
        "Actual Loops": 1,
        "Workers Planned": 1,
        "Workers Launched": 1,
        "Single Copy": false,
        "Plans": [
          {
            "Node Type": "Aggregate",
            "Strategy": "Plain",
            "Partial Mode": "Partial",
            "Parent Relationship": "Outer",
            "Parallel Aware": false,
            "Startup Cost": 321852.38,
            "Total Cost": 321852.39,
            "Plan Rows": 1,
            "Plan Width": 8,
            "Actual Startup Time": 1066.488,
            "Actual Total Time": 1066.494,
            "Actual Rows": 1,
            "Actual Loops": 2,
            "Plans": [
              {
                "Node Type": "Hash Join",
                "Parent Relationship": "Outer",
                "Parallel Aware": true,
                "Join Type": "Inner",
                "Startup Cost": 302204.93,
                "Total Cost": 321688.22,
                "Plan Rows": 65663,
                "Plan Width": 0,
                "Actual Startup Time": 927.182,
                "Actual Total Time": 1054.28,
                "Actual Rows": 297648,
                "Actual Loops": 2,
                "Inner Unique": false,
                "Hash Cond": "(mi_idx.movie_id = t.id)",
                "Plans": [
                  {
                    "Node Type": "Seq Scan",
                    "Parent Relationship": "Outer",
                    "Parallel Aware": true,
                    "Relation Name": "movie_info_idx",
                    "Alias": "mi_idx",
                    "Startup Cost": 0.0,
                    "Total Cost": 16052.85,
                    "Plan Rows": 811785,
                    "Plan Width": 4,
                    "Actual Startup Time": 0.016,
                    "Actual Total Time": 48.72,
                    "Actual Rows": 690018,
                    "Actual Loops": 2
                  },
                  {
                    "Node Type": "Hash",
                    "Parent Relationship": "Inner",
                    "Parallel Aware": true,
                    "Startup Cost": 300701.2,
                    "Total Cost": 300701.2,
                    "Plan Rows": 120298,
                    "Plan Width": 8,
                    "Actual Startup Time": 924.698,
                    "Actual Total Time": 924.701,
                    "Actual Rows": 98877,
                    "Actual Loops": 2,
                    "Hash Buckets": 262144,
                    "Original Hash Buckets": 262144,
                    "Hash Batches": 1,
                    "Original Hash Batches": 1,
                    "Peak Memory Usage": 9792,
                    "Plans": [
                      {
                        "Node Type": "Merge Join",
                        "Parent Relationship": "Outer",
                        "Parallel Aware": false,
                        "Join Type": "Inner",
                        "Startup Cost": 194908.91,
                        "Total Cost": 300701.2,
                        "Plan Rows": 120298,
                        "Plan Width": 8,
                        "Actual Startup Time": 93.021,
                        "Actual Total Time": 907.302,
                        "Actual Rows": 98877,
                        "Actual Loops": 2,
                        "Inner Unique": false,
                        "Merge Cond": "(t.id = mi.movie_id)",
                        "Plans": [
                          {
                            "Node Type": "Index Only Scan",
                            "Parent Relationship": "Outer",
                            "Parallel Aware": true,
                            "Scan Direction": "Forward",
                            "Index Name": "title_pkey",
                            "Relation Name": "title",
                            "Alias": "t",
                            "Startup Cost": 0.43,
                            "Total Cost": 99929.35,
                            "Plan Rows": 1487231,
                            "Plan Width": 4,
                            "Actual Startup Time": 0.103,
                            "Actual Total Time": 732.57,
                            "Actual Rows": 1262786,
                            "Actual Loops": 2,
                            "Heap Fetches": 2525571
                          },
                          {
                            "Node Type": "Sort",
                            "Parent Relationship": "Inner",
                            "Parallel Aware": false,
                            "Startup Cost": 194906.38,
                            "Total Cost": 195417.65,
                            "Plan Rows": 204507,
                            "Plan Width": 4,
                            "Actual Startup Time": 80.173,
                            "Actual Total Time": 96.104,
                            "Actual Rows": 197754,
                            "Actual Loops": 2,
                            "Sort Key": [
                              "mi.movie_id"
                            ],
                            "Sort Method": "quicksort",
                            "Sort Space Used": 15414,
                            "Sort Space Type": "Memory",
                            "Workers": [
                              {
                                "Worker Number": 0,
                                "Sort Method": "quicksort",
                                "Sort Space Used": 15414,
                                "Sort Space Type": "Memory"
                              }
                            ],
                            "Plans": [
                              {
                                "Node Type": "Bitmap Heap Scan",
                                "Parent Relationship": "Outer",
                                "Parallel Aware": false,
                                "Relation Name": "movie_info",
                                "Alias": "mi",
                                "Startup Cost": 3705.36,
                                "Total Cost": 176867.04,
                                "Plan Rows": 204507,
                                "Plan Width": 4,
                                "Actual Startup Time": 14.308,
                                "Actual Total Time": 47.14,
                                "Actual Rows": 197754,
                                "Actual Loops": 2,
                                "Recheck Cond": "(info_type_id > 106)",
                                "Rows Removed by Index Recheck": 0,
                                "Exact Heap Blocks": 4967,
                                "Lossy Heap Blocks": 0,
                                "Plans": [
                                  {
                                    "Node Type": "Bitmap Index Scan",
                                    "Parent Relationship": "Outer",
                                    "Parallel Aware": false,
                                    "Index Name": "info_type_id_movie_info",
                                    "Startup Cost": 0.0,
                                    "Total Cost": 3654.24,
                                    "Plan Rows": 204507,
                                    "Plan Width": 0,
                                    "Actual Startup Time": 13.506,
                                    "Actual Total Time": 13.506,
                                    "Actual Rows": 197754,
                                    "Actual Loops": 2,
                                    "Index Cond": "(info_type_id > 106)"
                                  }
                                ]
                              }
                            ]
                          }
                        ]
                      }
                    ]
                  }
                ]
              }
            ]
          }
        ]
      }
    ]
  },
  "Planning Time": 0.325,
  "Triggers": [],
  "Execution Time": 1094.596
}