[
  {
    "Plan": {
      "Node Type": "Aggregate",
      "Strategy": "Plain",
      "Partial Mode": "Finalize",
      "Parallel Aware": false,
      "Startup Cost": 32925.22,
      "Total Cost": 32925.23,
      "Plan Rows": 1,
      "Plan Width": 8,
      "Actual Startup Time": 88.732,
      "Actual Total Time": 96.735,
      "Actual Rows": 1,
      "Actual Loops": 1,
      "Plans": [
        {
          "Node Type": "Gather",
          "Parent Relationship": "Outer",
          "Parallel Aware": false,
          "Startup Cost": 32924.9,
          "Total Cost": 32925.21,
          "Plan Rows": 3,
          "Plan Width": 8,
          "Actual Startup Time": 88.567,
          "Actual Total Time": 96.727,
          "Actual Rows": 4,
          "Actual Loops": 1,
          "Workers Planned": 3,
          "Workers Launched": 3,
          "Single Copy": false,
          "Plans": [
            {
              "Node Type": "Aggregate",
              "Strategy": "Plain",
              "Partial Mode": "Partial",
              "Parent Relationship": "Outer",
              "Parallel Aware": false,
              "Startup Cost": 31924.9,
              "Total Cost": 31924.91,
              "Plan Rows": 1,
              "Plan Width": 8,
              "Actual Startup Time": 84.669,
              "Actual Total Time": 84.67,
              "Actual Rows": 1,
              "Actual Loops": 4,
              "Plans": [
                {
                  "Node Type": "Seq Scan",
                  "Parent Relationship": "Outer",
                  "Parallel Aware": true,
                  "Relation Name": "movie_companies",
                  "Alias": "mc",
                  "Startup Cost": 0.0,
                  "Total Cost": 31414.82,
                  "Plan Rows": 204033,
                  "Plan Width": 0,
                  "Actual Startup Time": 0.019,
                  "Actual Total Time": 74.023,
                  "Actual Rows": 219522,
                  "Actual Loops": 4,
                  "Filter": "((company_id < 11319) AND (company_type_id < 2))",
                  "Rows Removed by Filter": 432760
                }
              ]
            }
          ]
        }
      ]
    },
    "Planning Time": 0.094,
    "Triggers": [],
    "Execution Time": 96.764
  }
]