[
  {
    "Plan": {
      "Node Type": "Aggregate",
      "Strategy": "Plain",
      "Partial Mode": "Finalize",
      "Parallel Aware": false,
      "Startup Cost": 377467.19,
      "Total Cost": 377467.2,
      "Plan Rows": 1,
      "Plan Width": 8,
      "Actual Startup Time": 697.634,
      "Actual Total Time": 717.888,
      "Actual Rows": 1,
      "Actual Loops": 1,
      "Plans": [
        {
          "Node Type": "Gather",
          "Parent Relationship": "Outer",
          "Parallel Aware": false,
          "Startup Cost": 377466.56,
          "Total Cost": 377467.17,
          "Plan Rows": 6,
          "Plan Width": 8,
          "Actual Startup Time": 684.429,
          "Actual Total Time": 717.875,
          "Actual Rows": 7,
          "Actual Loops": 1,
          "Workers Planned": 6,
          "Workers Launched": 6,
          "Single Copy": false,
          "Plans": [
            {
              "Node Type": "Aggregate",
              "Strategy": "Plain",
              "Partial Mode": "Partial",
              "Parent Relationship": "Outer",
              "Parallel Aware": false,
              "Startup Cost": 376466.56,
              "Total Cost": 376466.57,
              "Plan Rows": 1,
              "Plan Width": 8,
              "Actual Startup Time": 661.754,
              "Actual Total Time": 661.757,
              "Actual Rows": 1,
              "Actual Loops": 7,
              "Plans": [
                {
                  "Node Type": "Hash Join",
                  "Parent Relationship": "Outer",
                  "Parallel Aware": true,
                  "Join Type": "Inner",
                  "Startup Cost": 115144.93,
                  "Total Cost": 375241.79,
                  "Plan Rows": 489908,
                  "Plan Width": 0,
                  "Actual Startup Time": 361.063,
                  "Actual Total Time": 643.042,
                  "Actual Rows": 427360,
                  "Actual Loops": 7,
                  "Inner Unique": true,
                  "Hash Cond": "(ci.movie_id = t.id)",
                  "Plans": [
                    {
                      "Node Type": "Bitmap Heap Scan",
                      "Parent Relationship": "Outer",
                      "Parallel Aware": true,
                      "Relation Name": "cast_info",
                      "Alias": "ci",
                      "Startup Cost": 64925.29,
                      "Total Cost": 323736.14,
                      "Plan Rows": 489908,
                      "Plan Width": 4,
                      "Actual Startup Time": 116.568,
                      "Actual Total Time": 186.952,
                      "Actual Rows": 427360,
                      "Actual Loops": 7,
                      "Recheck Cond": "(person_id < 290732)",
                      "Rows Removed by Index Recheck": 0,
                      "Exact Heap Blocks": 4901,
                      "Lossy Heap Blocks": 0,
                      "Plans": [
                        {
                          "Node Type": "Bitmap Index Scan",
                          "Parent Relationship": "Outer",
                          "Parallel Aware": false,
                          "Index Name": "person_id_cast_info",
                          "Startup Cost": 0.0,
                          "Total Cost": 64190.43,
                          "Plan Rows": 2939448,
                          "Plan Width": 0,
                          "Actual Startup Time": 111.33,
                          "Actual Total Time": 111.33,
                          "Actual Rows": 2991523,
                          "Actual Loops": 1,
                          "Index Cond": "(person_id < 290732)"
                        }
                      ]
                    },
                    {
                      "Node Type": "Hash",
                      "Parent Relationship": "Inner",
                      "Parallel Aware": true,
                      "Startup Cost": 42318.73,
                      "Total Cost": 42318.73,
                      "Plan Rows": 632073,
                      "Plan Width": 4,
                      "Actual Startup Time": 237.63,
                      "Actual Total Time": 237.631,
                      "Actual Rows": 361187,
                      "Actual Loops": 7,
                      "Hash Buckets": 4194304,
                      "Original Hash Buckets": 4194304,
                      "Hash Batches": 1,
                      "Original Hash Batches": 1,
                      "Peak Memory Usage": 131808,
                      "Plans": [
                        {
                          "Node Type": "Seq Scan",
                          "Parent Relationship": "Outer",
                          "Parallel Aware": true,
                          "Relation Name": "title",
                          "Alias": "t",
                          "Startup Cost": 0.0,
                          "Total Cost": 42318.73,
                          "Plan Rows": 632073,
                          "Plan Width": 4,
                          "Actual Startup Time": 0.038,
                          "Actual Total Time": 69.262,
                          "Actual Rows": 361187,
                          "Actual Loops": 7
                        }
                      ]
                    }
                  ]
                }
              ]
            }
          ]
        }
      ]
    },
    "Planning Time": 0.534,
    "Triggers": [],
    "Execution Time": 717.991
  }
]