[
  {
    "Plan": {
      "Node Type": "Aggregate",
      "Strategy": "Plain",
      "Partial Mode": "Finalize",
      "Parallel Aware": false,
      "Startup Cost": 31682.27,
      "Total Cost": 31682.28,
      "Plan Rows": 1,
      "Plan Width": 8,
      "Actual Startup Time": 113.941,
      "Actual Total Time": 122.198,
      "Actual Rows": 1,
      "Actual Loops": 1,
      "Plans": [
        {
          "Node Type": "Gather",
          "Parent Relationship": "Outer",
          "Parallel Aware": false,
          "Startup Cost": 31681.95,
          "Total Cost": 31682.26,
          "Plan Rows": 3,
          "Plan Width": 8,
          "Actual Startup Time": 113.817,
          "Actual Total Time": 122.19,
          "Actual Rows": 4,
          "Actual Loops": 1,
          "Workers Planned": 3,
          "Workers Launched": 3,
          "Single Copy": false,
          "Plans": [
            {
              "Node Type": "Aggregate",
              "Strategy": "Plain",
              "Partial Mode": "Partial",
              "Parent Relationship": "Outer",
              "Parallel Aware": false,
              "Startup Cost": 30681.95,
              "Total Cost": 30681.96,
              "Plan Rows": 1,
              "Plan Width": 8,
              "Actual Startup Time": 106.897,
              "Actual Total Time": 106.898,
              "Actual Rows": 1,
              "Actual Loops": 4,
              "Plans": [
                {
                  "Node Type": "Seq Scan",
                  "Parent Relationship": "Outer",
                  "Parallel Aware": true,
                  "Relation Name": "movie_companies",
                  "Alias": "mc",
                  "Startup Cost": 0.0,
                  "Total Cost": 29310.68,
                  "Plan Rows": 548507,
                  "Plan Width": 0,
                  "Actual Startup Time": 0.04,
                  "Actual Total Time": 83.586,
                  "Actual Rows": 422258,
                  "Actual Loops": 4,
                  "Filter": "(company_id < 20148)",
                  "Rows Removed by Filter": 230024
                }
              ]
            }
          ]
        }
      ]
    },
    "Planning Time": 0.17,
    "Triggers": [],
    "Execution Time": 122.253
  }
]