[
  {
    "Plan": {
      "Node Type": "Aggregate",
      "Strategy": "Plain",
      "Partial Mode": "Finalize",
      "Parallel Aware": false,
      "Startup Cost": 45271.29,
      "Total Cost": 45271.3,
      "Plan Rows": 1,
      "Plan Width": 8,
      "Actual Startup Time": 138.936,
      "Actual Total Time": 146.193,
      "Actual Rows": 1,
      "Actual Loops": 1,
      "Plans": [
        {
          "Node Type": "Gather",
          "Parent Relationship": "Outer",
          "Parallel Aware": false,
          "Startup Cost": 45270.97,
          "Total Cost": 45271.28,
          "Plan Rows": 3,
          "Plan Width": 8,
          "Actual Startup Time": 138.827,
          "Actual Total Time": 146.185,
          "Actual Rows": 4,
          "Actual Loops": 1,
          "Workers Planned": 3,
          "Workers Launched": 3,
          "Single Copy": false,
          "Plans": [
            {
              "Node Type": "Aggregate",
              "Strategy": "Plain",
              "Partial Mode": "Partial",
              "Parent Relationship": "Outer",
              "Parallel Aware": false,
              "Startup Cost": 44270.97,
              "Total Cost": 44270.98,
              "Plan Rows": 1,
              "Plan Width": 8,
              "Actual Startup Time": 133.793,
              "Actual Total Time": 133.794,
              "Actual Rows": 1,
              "Actual Loops": 4,
              "Plans": [
                {
                  "Node Type": "Seq Scan",
                  "Parent Relationship": "Outer",
                  "Parallel Aware": true,
                  "Relation Name": "movie_keyword",
                  "Alias": "mk",
                  "Startup Cost": 0.0,
                  "Total Cost": 42695.65,
                  "Plan Rows": 630126,
                  "Plan Width": 0,
                  "Actual Startup Time": 0.987,
                  "Actual Total Time": 110.167,
                  "Actual Rows": 485706,
                  "Actual Loops": 4,
                  "Filter": "(keyword_id > 6739)",
                  "Rows Removed by Filter": 645276
                }
              ]
            }
          ]
        }
      ]
    },
    "Planning Time": 0.188,
    "Triggers": [],
    "Execution Time": 146.25
  }
]