[
  {
    "Plan": {
      "Node Type": "Aggregate",
      "Strategy": "Plain",
      "Partial Mode": "Finalize",
      "Parallel Aware": false,
      "Startup Cost": 32907.92,
      "Total Cost": 32907.93,
      "Plan Rows": 1,
      "Plan Width": 8,
      "Actual Startup Time": 94.685,
      "Actual Total Time": 101.559,
      "Actual Rows": 1,
      "Actual Loops": 1,
      "Plans": [
        {
          "Node Type": "Gather",
          "Parent Relationship": "Outer",
          "Parallel Aware": false,
          "Startup Cost": 32907.6,
          "Total Cost": 32907.91,
          "Plan Rows": 3,
          "Plan Width": 8,
          "Actual Startup Time": 94.584,
          "Actual Total Time": 101.551,
          "Actual Rows": 4,
          "Actual Loops": 1,
          "Workers Planned": 3,
          "Workers Launched": 3,
          "Single Copy": false,
          "Plans": [
            {
              "Node Type": "Aggregate",
              "Strategy": "Plain",
              "Partial Mode": "Partial",
              "Parent Relationship": "Outer",
              "Parallel Aware": false,
              "Startup Cost": 31907.6,
              "Total Cost": 31907.61,
              "Plan Rows": 1,
              "Plan Width": 8,
              "Actual Startup Time": 86.865,
              "Actual Total Time": 86.866,
              "Actual Rows": 1,
              "Actual Loops": 4,
              "Plans": [
                {
                  "Node Type": "Seq Scan",
                  "Parent Relationship": "Outer",
                  "Parallel Aware": true,
                  "Relation Name": "movie_companies",
                  "Alias": "mc",
                  "Startup Cost": 0.0,
                  "Total Cost": 31414.82,
                  "Plan Rows": 197113,
                  "Plan Width": 0,
                  "Actual Startup Time": 50.271,
                  "Actual Total Time": 82.447,
                  "Actual Rows": 99420,
                  "Actual Loops": 4,
                  "Filter": "((company_id < 10845) AND (company_type_id = 2))",
                  "Rows Removed by Filter": 552862
                }
              ]
            }
          ]
        }
      ]
    },
    "Planning Time": 0.141,
    "Triggers": [],
    "Execution Time": 101.597
  }
]