[
  {
    "Plan": {
      "Node Type": "Aggregate",
      "Strategy": "Plain",
      "Partial Mode": "Finalize",
      "Parallel Aware": false,
      "Startup Cost": 46481.97,
      "Total Cost": 46481.98,
      "Plan Rows": 1,
      "Plan Width": 8,
      "Actual Startup Time": 106.163,
      "Actual Total Time": 119.983,
      "Actual Rows": 1,
      "Actual Loops": 1,
      "Plans": [
        {
          "Node Type": "Gather",
          "Parent Relationship": "Outer",
          "Parallel Aware": false,
          "Startup Cost": 46481.55,
          "Total Cost": 46481.96,
          "Plan Rows": 4,
          "Plan Width": 8,
          "Actual Startup Time": 105.84,
          "Actual Total Time": 119.969,
          "Actual Rows": 5,
          "Actual Loops": 1,
          "Workers Planned": 4,
          "Workers Launched": 4,
          "Single Copy": false,
          "Plans": [
            {
              "Node Type": "Aggregate",
              "Strategy": "Plain",
              "Partial Mode": "Partial",
              "Parent Relationship": "Outer",
              "Parallel Aware": false,
              "Startup Cost": 45481.55,
              "Total Cost": 45481.56,
              "Plan Rows": 1,
              "Plan Width": 8,
              "Actual Startup Time": 97.956,
              "Actual Total Time": 97.958,
              "Actual Rows": 1,
              "Actual Loops": 5,
              "Plans": [
                {
                  "Node Type": "Seq Scan",
                  "Parent Relationship": "Outer",
                  "Parallel Aware": true,
                  "Relation Name": "title",
                  "Alias": "t",
                  "Startup Cost": 0.0,
                  "Total Cost": 45479.59,
                  "Plan Rows": 787,
                  "Plan Width": 0,
                  "Actual Startup Time": 1.034,
                  "Actual Total Time": 97.813,
                  "Actual Rows": 759,
                  "Actual Loops": 5,
                  "Filter": "((kind_id < 3) AND (production_year = 1963))",
                  "Rows Removed by Filter": 504904
                }
              ]
            }
          ]
        }
      ]
    },
    "Planning Time": 0.233,
    "Triggers": [],
    "Execution Time": 120.043
  }
]