{
  "Plan": {
    "Node Type": "Aggregate",
    "Strategy": "Plain",
    "Partial Mode": "Finalize",
    "Parallel Aware": false,
    "Startup Cost": 426860.06,
    "Total Cost": 426860.07,
    "Plan Rows": 1,
    "Plan Width": 8,
    "Actual Startup Time": 679.855,
    "Actual Total Time": 701.827,
    "Actual Rows": 1,
    "Actual Loops": 1,
    "Plans": [
      {
        "Node Type": "Gather",
        "Parent Relationship": "Outer",
        "Parallel Aware": false,
        "Startup Cost": 426859.94,
        "Total Cost": 426860.05,
        "Plan Rows": 1,
        "Plan Width": 8,
        "Actual Startup Time": 679.393,
        "Actual Total Time": 701.82,
        "Actual Rows": 2,
        "Actual Loops": 1,
        "Workers Planned": 1,
        "Workers Launched": 1,
        "Single Copy": false,
        "Plans": [
          {
            "Node Type": "Aggregate",
            "Strategy": "Plain",
            "Partial Mode": "Partial",
            "Parent Relationship": "Outer",
            "Parallel Aware": false,
            "Startup Cost": 425859.94,
            "Total Cost": 425859.95,
            "Plan Rows": 1,
            "Plan Width": 8,
            "Actual Startup Time": 673.142,
            "Actual Total Time": 673.147,
            "Actual Rows": 1,
            "Actual Loops": 2,
            "Plans": [
              {
                "Node Type": "Hash Join",
                "Parent Relationship": "Outer",
                "Parallel Aware": true,
                "Join Type": "Inner",
                "Startup Cost": 130034.22,
                "Total Cost": 425855.29,
                "Plan Rows": 1861,
                "Plan Width": 0,
                "Actual Startup Time": 260.724,
                "Actual Total Time": 672.689,
                "Actual Rows": 8796,
                "Actual Loops": 2,
                "Inner Unique": false,
                "Hash Cond": "(ci.movie_id = t.id)",
                "Plans": [
                  {
                    "Node Type": "Bitmap Heap Scan",
                    "Parent Relationship": "Outer",
                    "Parallel Aware": true,
                    "Relation Name": "cast_info",
                    "Alias": "ci",
                    "Startup Cost": 99639.47,
                    "Total Cost": 385498.1,
                    "Plan Rows": 2653731,
                    "Plan Width": 4,
                    "Actual Startup Time": 172.411,
                    "Actual Total Time": 394.785,
                    "Actual Rows": 2312578,
                    "Actual Loops": 2,
                    "Recheck Cond": "(person_id < 447439)",
                    "Rows Removed by Index Recheck": 0,
                    "Exact Heap Blocks": 25640,
                    "Lossy Heap Blocks": 0,
                    "Plans": [
                      {
                        "Node Type": "Bitmap Index Scan",
                        "Parent Relationship": "Outer",
                        "Parallel Aware": false,
                        "Index Name": "person_id_cast_info",
                        "Startup Cost": 0.0,
                        "Total Cost": 98511.63,
                        "Plan Rows": 4511342,
                        "Plan Width": 0,
                        "Actual Startup Time": 164.789,
                        "Actual Total Time": 164.789,
                        "Actual Rows": 4625155,
                        "Actual Loops": 1,
                        "Index Cond": "(person_id < 447439)"
                      }
                    ]
                  },
                  {
                    "Node Type": "Hash",
                    "Parent Relationship": "Inner",
                    "Parallel Aware": true,
                    "Startup Cost": 30381.71,
                    "Total Cost": 30381.71,
                    "Plan Rows": 1043,
                    "Plan Width": 8,
                    "Actual Startup Time": 84.566,
                    "Actual Total Time": 84.568,
                    "Actual Rows": 1799,
                    "Actual Loops": 2,
                    "Hash Buckets": 4096,
                    "Original Hash Buckets": 2048,
                    "Hash Batches": 1,
                    "Original Hash Batches": 1,
                    "Peak Memory Usage": 240,
                    "Plans": [
                      {
                        "Node Type": "Nested Loop",
                        "Parent Relationship": "Outer",
                        "Parallel Aware": false,
                        "Join Type": "Inner",
                        "Startup Cost": 99.91,
                        "Total Cost": 30381.71,
                        "Plan Rows": 1043,
                        "Plan Width": 8,
                        "Actual Startup Time": 49.416,
                        "Actual Total Time": 78.532,
                        "Actual Rows": 1799,
                        "Actual Loops": 2,
                        "Inner Unique": true,
                        "Plans": [
                          {
                            "Node Type": "Bitmap Heap Scan",
                            "Parent Relationship": "Outer",
                            "Parallel Aware": true,
                            "Relation Name": "movie_companies",
                            "Alias": "mc",
                            "Startup Cost": 99.48,
                            "Total Cost": 10667.07,
                            "Plan Rows": 2660,
                            "Plan Width": 4,
                            "Actual Startup Time": 49.253,
                            "Actual Total Time": 56.701,
                            "Actual Rows": 1800,
                            "Actual Loops": 2,
                            "Recheck Cond": "(company_id = 4625)",
                            "Rows Removed by Index Recheck": 0,
                            "Exact Heap Blocks": 1887,
                            "Lossy Heap Blocks": 0,
                            "Plans": [
                              {
                                "Node Type": "Bitmap Index Scan",
                                "Parent Relationship": "Outer",
                                "Parallel Aware": false,
                                "Index Name": "company_id_movie_companies",
                                "Startup Cost": 0.0,
                                "Total Cost": 98.34,
                                "Plan Rows": 4522,
                                "Plan Width": 0,
                                "Actual Startup Time": 52.796,
                                "Actual Total Time": 52.796,
                                "Actual Rows": 3599,
                                "Actual Loops": 1,
                                "Index Cond": "(company_id = 4625)"
                              }
                            ]
                          },
                          {
                            "Node Type": "Index Scan",
                            "Parent Relationship": "Inner",
                            "Parallel Aware": false,
                            "Scan Direction": "Forward",
                            "Index Name": "title_pkey",
                            "Relation Name": "title",
                            "Alias": "t",
                            "Startup Cost": 0.43,
                            "Total Cost": 7.41,
                            "Plan Rows": 1,
                            "Plan Width": 4,
                            "Actual Startup Time": 0.011,
                            "Actual Total Time": 0.011,
                            "Actual Rows": 1,
                            "Actual Loops": 3599,
                            "Index Cond": "(id = mc.movie_id)",
                            "Rows Removed by Index Recheck": 0,
                            "Filter": "(kind_id < 7)",
                            "Rows Removed by Filter": 0
                          }
                        ]
                      }
                    ]
                  }
                ]
              }
            ]
          }
        ]
      }
    ]
  },
  "Planning Time": 1.098,
  "Triggers": [],
  "Execution Time": 701.949
}