{
    "Plan": {
        "Node Type": "Aggregate",
        "Strategy": "Plain",
        "Partial Mode": "Finalize",
        "Parallel Aware": false,
        "Startup Cost": 78380.4,
        "Total Cost": 78380.41,
        "Plan Rows": 1,
        "Plan Width": 8,
        "Actual Startup Time": 166.847,
        "Actual Total Time": 183.575,
        "Actual Rows": 1,
        "Actual Loops": 1,
        "Output": [
            "count(*)"
        ],
        "Plans": [
            {
                "Node Type": "Gather",
                "Parent Relationship": "Outer",
                "Parallel Aware": false,
                "Startup Cost": 78379.98,
                "Total Cost": 78380.39,
                "Plan Rows": 4,
                "Plan Width": 8,
                "Actual Startup Time": 166.314,
                "Actual Total Time": 183.566,
                "Actual Rows": 5,
                "Actual Loops": 1,
                "Output": [
                    "(PARTIAL count(*))"
                ],
                "Workers Planned": 4,
                "Workers Launched": 4,
                "Single Copy": false,
                "Plans": [
                    {
                        "Node Type": "Aggregate",
                        "Strategy": "Plain",
                        "Partial Mode": "Partial",
                        "Parent Relationship": "Outer",
                        "Parallel Aware": false,
                        "Startup Cost": 77379.98,
                        "Total Cost": 77379.99,
                        "Plan Rows": 1,
                        "Plan Width": 8,
                        "Actual Startup Time": 156.705,
                        "Actual Total Time": 156.707,
                        "Actual Rows": 1,
                        "Actual Loops": 5,
                        "Output": [
                            "PARTIAL count(*)"
                        ],
                        "Workers": [
                            {
                                "Worker Number": 0,
                                "Actual Startup Time": 153.353,
                                "Actual Total Time": 153.355,
                                "Actual Rows": 1,
                                "Actual Loops": 1
                            },
                            {
                                "Worker Number": 1,
                                "Actual Startup Time": 154.39,
                                "Actual Total Time": 154.392,
                                "Actual Rows": 1,
                                "Actual Loops": 1
                            },
                            {
                                "Worker Number": 2,
                                "Actual Startup Time": 154.916,
                                "Actual Total Time": 154.918,
                                "Actual Rows": 1,
                                "Actual Loops": 1
                            },
                            {
                                "Worker Number": 3,
                                "Actual Startup Time": 155.323,
                                "Actual Total Time": 155.325,
                                "Actual Rows": 1,
                                "Actual Loops": 1
                            }
                        ],
                        "Plans": [
                            {
                                "Node Type": "Nested Loop",
                                "Parent Relationship": "Outer",
                                "Parallel Aware": false,
                                "Join Type": "Inner",
                                "Startup Cost": 0.86,
                                "Total Cost": 77362.38,
                                "Plan Rows": 7042,
                                "Plan Width": 0,
                                "Actual Startup Time": 1.831,
                                "Actual Total Time": 153.808,
                                "Actual Rows": 55347,
                                "Actual Loops": 5,
                                "Inner Unique": false,
                                "Join Filter": "(t.id = mc.movie_id)",
                                "Rows Removed by Join Filter": 0,
                                "Workers": [
                                    {
                                        "Worker Number": 0,
                                        "Actual Startup Time": 1.489,
                                        "Actual Total Time": 150.813,
                                        "Actual Rows": 57922,
                                        "Actual Loops": 1
                                    },
                                    {
                                        "Worker Number": 1,
                                        "Actual Startup Time": 2.895,
                                        "Actual Total Time": 151.625,
                                        "Actual Rows": 61058,
                                        "Actual Loops": 1
                                    },
                                    {
                                        "Worker Number": 2,
                                        "Actual Startup Time": 0.735,
                                        "Actual Total Time": 152.303,
                                        "Actual Rows": 36758,
                                        "Actual Loops": 1
                                    },
                                    {
                                        "Worker Number": 3,
                                        "Actual Startup Time": 3.909,
                                        "Actual Total Time": 152.745,
                                        "Actual Rows": 36239,
                                        "Actual Loops": 1
                                    }
                                ],
                                "Plans": [
                                    {
                                        "Node Type": "Nested Loop",
                                        "Parent Relationship": "Outer",
                                        "Parallel Aware": false,
                                        "Join Type": "Inner",
                                        "Startup Cost": 0.43,
                                        "Total Cost": 73233.65,
                                        "Plan Rows": 6824,
                                        "Plan Width": 8,
                                        "Actual Startup Time": 1.53,
                                        "Actual Total Time": 114.033,
                                        "Actual Rows": 7768,
                                        "Actual Loops": 5,
                                        "Output": [
                                            "t.id",
                                            "mk.movie_id"
                                        ],
                                        "Inner Unique": false,
                                        "Workers": [
                                            {
                                                "Worker Number": 0,
                                                "Actual Startup Time": 1.251,
                                                "Actual Total Time": 112.213,
                                                "Actual Rows": 8221,
                                                "Actual Loops": 1
                                            },
                                            {
                                                "Worker Number": 1,
                                                "Actual Startup Time": 2.729,
                                                "Actual Total Time": 111.982,
                                                "Actual Rows": 8157,
                                                "Actual Loops": 1
                                            },
                                            {
                                                "Worker Number": 2,
                                                "Actual Startup Time": 0.474,
                                                "Actual Total Time": 112.934,
                                                "Actual Rows": 5948,
                                                "Actual Loops": 1
                                            },
                                            {
                                                "Worker Number": 3,
                                                "Actual Startup Time": 3.089,
                                                "Actual Total Time": 114.668,
                                                "Actual Rows": 5281,
                                                "Actual Loops": 1
                                            }
                                        ],
                                        "Plans": [
                                            {
                                                "Node Type": "Seq Scan",
                                                "Parent Relationship": "Outer",
                                                "Parallel Aware": true,
                                                "Relation Name": "title",
                                                "Schema": "public",
                                                "Alias": "t",
                                                "Startup Cost": 0.0,
                                                "Total Cost": 43899.01,
                                                "Plan Rows": 3814,
                                                "Plan Width": 4,
                                                "Actual Startup Time": 0.192,
                                                "Actual Total Time": 81.531,
                                                "Actual Rows": 3314,
                                                "Actual Loops": 5,
                                                "Output": [
                                                    "t.id",
                                                    "t.title",
                                                    "t.imdb_index",
                                                    "t.kind_id",
                                                    "t.production_year",
                                                    "t.imdb_id",
                                                    "t.phonetic_code",
                                                    "t.episode_of_id",
                                                    "t.season_nr",
                                                    "t.episode_nr",
                                                    "t.series_years",
                                                    "t.md5sum"
                                                ],
                                                "Filter": "(t.production_year = 1984)",
                                                "Rows Removed by Filter": 502348,
                                                "Workers": [
                                                    {
                                                        "Worker Number": 0,
                                                        "Actual Startup Time": 0.089,
                                                        "Actual Total Time": 77.346,
                                                        "Actual Rows": 3181,
                                                        "Actual Loops": 1
                                                    },
                                                    {
                                                        "Worker Number": 1,
                                                        "Actual Startup Time": 0.392,
                                                        "Actual Total Time": 79.107,
                                                        "Actual Rows": 3185,
                                                        "Actual Loops": 1
                                                    },
                                                    {
                                                        "Worker Number": 2,
                                                        "Actual Startup Time": 0.203,
                                                        "Actual Total Time": 78.856,
                                                        "Actual Rows": 2346,
                                                        "Actual Loops": 1
                                                    },
                                                    {
                                                        "Worker Number": 3,
                                                        "Actual Startup Time": 0.207,
                                                        "Actual Total Time": 81.035,
                                                        "Actual Rows": 2327,
                                                        "Actual Loops": 1
                                                    }
                                                ]
                                            },
                                            {
                                                "Node Type": "Index Only Scan",
                                                "Parent Relationship": "Inner",
                                                "Parallel Aware": false,
                                                "Scan Direction": "Forward",
                                                "Index Name": "movie_id_movie_keyword",
                                                "Relation Name": "movie_keyword",
                                                "Schema": "public",
                                                "Alias": "mk",
                                                "Startup Cost": 0.43,
                                                "Total Cost": 7.23,
                                                "Plan Rows": 46,
                                                "Plan Width": 4,
                                                "Actual Startup Time": 0.008,
                                                "Actual Total Time": 0.009,
                                                "Actual Rows": 2,
                                                "Actual Loops": 16571,
                                                "Output": [
                                                    "mk.movie_id"
                                                ],
                                                "Index Cond": "(mk.movie_id = t.id)",
                                                "Rows Removed by Index Recheck": 0,
                                                "Heap Fetches": 38838,
                                                "Workers": [
                                                    {
                                                        "Worker Number": 0,
                                                        "Actual Startup Time": 0.01,
                                                        "Actual Total Time": 0.01,
                                                        "Actual Rows": 3,
                                                        "Actual Loops": 3181
                                                    },
                                                    {
                                                        "Worker Number": 1,
                                                        "Actual Startup Time": 0.009,
                                                        "Actual Total Time": 0.01,
                                                        "Actual Rows": 3,
                                                        "Actual Loops": 3185
                                                    },
                                                    {
                                                        "Worker Number": 2,
                                                        "Actual Startup Time": 0.012,
                                                        "Actual Total Time": 0.013,
                                                        "Actual Rows": 3,
                                                        "Actual Loops": 2346
                                                    },
                                                    {
                                                        "Worker Number": 3,
                                                        "Actual Startup Time": 0.013,
                                                        "Actual Total Time": 0.013,
                                                        "Actual Rows": 2,
                                                        "Actual Loops": 2327
                                                    }
                                                ]
                                            }
                                        ]
                                    },
                                    {
                                        "Node Type": "Index Only Scan",
                                        "Parent Relationship": "Inner",
                                        "Parallel Aware": false,
                                        "Scan Direction": "Forward",
                                        "Index Name": "movie_id_movie_companies",
                                        "Relation Name": "movie_companies",
                                        "Schema": "public",
                                        "Alias": "mc",
                                        "Startup Cost": 0.43,
                                        "Total Cost": 0.54,
                                        "Plan Rows": 5,
                                        "Plan Width": 4,
                                        "Actual Startup Time": 0.003,
                                        "Actual Total Time": 0.004,
                                        "Actual Rows": 7,
                                        "Actual Loops": 38838,
                                        "Output": [
                                            "mc.movie_id"
                                        ],
                                        "Index Cond": "(mc.movie_id = mk.movie_id)",
                                        "Rows Removed by Index Recheck": 0,
                                        "Heap Fetches": 276733,
                                        "Workers": [
                                            {
                                                "Worker Number": 0,
                                                "Actual Startup Time": 0.003,
                                                "Actual Total Time": 0.004,
                                                "Actual Rows": 7,
                                                "Actual Loops": 8221
                                            },
                                            {
                                                "Worker Number": 1,
                                                "Actual Startup Time": 0.003,
                                                "Actual Total Time": 0.004,
                                                "Actual Rows": 7,
                                                "Actual Loops": 8157
                                            },
                                            {
                                                "Worker Number": 2,
                                                "Actual Startup Time": 0.004,
                                                "Actual Total Time": 0.005,
                                                "Actual Rows": 6,
                                                "Actual Loops": 5948
                                            },
                                            {
                                                "Worker Number": 3,
                                                "Actual Startup Time": 0.004,
                                                "Actual Total Time": 0.006,
                                                "Actual Rows": 7,
                                                "Actual Loops": 5281
                                            }
                                        ]
                                    }
                                ]
                            }
                        ]
                    }
                ]
            }
        ]
    },
    "Planning Time": 1.497,
    "Triggers": [],
    "Execution Time": 183.658
}