[
  {
    "Plan": {
      "Node Type": "Aggregate",
      "Strategy": "Plain",
      "Partial Mode": "Finalize",
      "Parallel Aware": false,
      "Startup Cost": 352824.98,
      "Total Cost": 352824.99,
      "Plan Rows": 1,
      "Plan Width": 8,
      "Actual Startup Time": 787.685,
      "Actual Total Time": 831.4,
      "Actual Rows": 1,
      "Actual Loops": 1,
      "Plans": [
        {
          "Node Type": "Gather",
          "Parent Relationship": "Outer",
          "Parallel Aware": false,
          "Startup Cost": 352824.35,
          "Total Cost": 352824.96,
          "Plan Rows": 6,
          "Plan Width": 8,
          "Actual Startup Time": 787.382,
          "Actual Total Time": 831.382,
          "Actual Rows": 7,
          "Actual Loops": 1,
          "Workers Planned": 6,
          "Workers Launched": 6,
          "Single Copy": false,
          "Plans": [
            {
              "Node Type": "Aggregate",
              "Strategy": "Plain",
              "Partial Mode": "Partial",
              "Parent Relationship": "Outer",
              "Parallel Aware": false,
              "Startup Cost": 351824.35,
              "Total Cost": 351824.36,
              "Plan Rows": 1,
              "Plan Width": 8,
              "Actual Startup Time": 780.998,
              "Actual Total Time": 780.999,
              "Actual Rows": 1,
              "Actual Loops": 7,
              "Plans": [
                {
                  "Node Type": "Seq Scan",
                  "Parent Relationship": "Outer",
                  "Parallel Aware": true,
                  "Relation Name": "cast_info",
                  "Alias": "ci",
                  "Startup Cost": 0.0,
                  "Total Cost": 343316.27,
                  "Plan Rows": 3403233,
                  "Plan Width": 0,
                  "Actual Startup Time": 218.01,
                  "Actual Total Time": 660.268,
                  "Actual Rows": 2684128,
                  "Actual Loops": 7,
                  "Filter": "((person_id < 3198913) AND (role_id > 1))",
                  "Rows Removed by Filter": 2493636
                }
              ]
            }
          ]
        }
      ]
    },
    "Planning Time": 0.075,
    "Triggers": [],
    "Execution Time": 831.44
  }
]