[
  {
    "Plan": {
      "Node Type": "Aggregate",
      "Strategy": "Plain",
      "Partial Mode": "Finalize",
      "Parallel Aware": false,
      "Startup Cost": 200102.56,
      "Total Cost": 200102.57,
      "Plan Rows": 1,
      "Plan Width": 8,
      "Actual Startup Time": 227.426,
      "Actual Total Time": 242.027,
      "Actual Rows": 1,
      "Actual Loops": 1,
      "Plans": [
        {
          "Node Type": "Gather",
          "Parent Relationship": "Outer",
          "Parallel Aware": false,
          "Startup Cost": 200101.94,
          "Total Cost": 200102.55,
          "Plan Rows": 6,
          "Plan Width": 8,
          "Actual Startup Time": 227.328,
          "Actual Total Time": 242.016,
          "Actual Rows": 7,
          "Actual Loops": 1,
          "Workers Planned": 6,
          "Workers Launched": 6,
          "Single Copy": false,
          "Plans": [
            {
              "Node Type": "Aggregate",
              "Strategy": "Plain",
              "Partial Mode": "Partial",
              "Parent Relationship": "Outer",
              "Parallel Aware": false,
              "Startup Cost": 199101.94,
              "Total Cost": 199101.95,
              "Plan Rows": 1,
              "Plan Width": 8,
              "Actual Startup Time": 218.112,
              "Actual Total Time": 218.113,
              "Actual Rows": 1,
              "Actual Loops": 7,
              "Plans": [
                {
                  "Node Type": "Index Scan",
                  "Parent Relationship": "Outer",
                  "Parallel Aware": true,
                  "Scan Direction": "Forward",
                  "Index Name": "role_id_cast_info",
                  "Relation Name": "cast_info",
                  "Alias": "ci",
                  "Startup Cost": 0.56,
                  "Total Cost": 197877.72,
                  "Plan Rows": 489686,
                  "Plan Width": 0,
                  "Actual Startup Time": 6.772,
                  "Actual Total Time": 218.073,
                  "Actual Rows": 377,
                  "Actual Loops": 7,
                  "Index Cond": "(role_id = 2)",
                  "Rows Removed by Index Recheck": 0,
                  "Filter": "(person_id < 1423896)",
                  "Rows Removed by Filter": 1064190
                }
              ]
            }
          ]
        }
      ]
    },
    "Planning Time": 0.235,
    "Triggers": [],
    "Execution Time": 242.095
  }
]