[
  {
    "Plan": {
      "Node Type": "Aggregate",
      "Strategy": "Plain",
      "Partial Mode": "Finalize",
      "Parallel Aware": false,
      "Startup Cost": 87304.19,
      "Total Cost": 87304.2,
      "Plan Rows": 1,
      "Plan Width": 8,
      "Actual Startup Time": 245.581,
      "Actual Total Time": 263.447,
      "Actual Rows": 1,
      "Actual Loops": 1,
      "Plans": [
        {
          "Node Type": "Gather",
          "Parent Relationship": "Outer",
          "Parallel Aware": false,
          "Startup Cost": 87303.87,
          "Total Cost": 87304.18,
          "Plan Rows": 3,
          "Plan Width": 8,
          "Actual Startup Time": 244.924,
          "Actual Total Time": 263.438,
          "Actual Rows": 4,
          "Actual Loops": 1,
          "Workers Planned": 3,
          "Workers Launched": 3,
          "Single Copy": false,
          "Plans": [
            {
              "Node Type": "Aggregate",
              "Strategy": "Plain",
              "Partial Mode": "Partial",
              "Parent Relationship": "Outer",
              "Parallel Aware": false,
              "Startup Cost": 86303.87,
              "Total Cost": 86303.88,
              "Plan Rows": 1,
              "Plan Width": 8,
              "Actual Startup Time": 235.987,
              "Actual Total Time": 235.991,
              "Actual Rows": 1,
              "Actual Loops": 4,
              "Plans": [
                {
                  "Node Type": "Hash Join",
                  "Parent Relationship": "Outer",
                  "Parallel Aware": true,
                  "Join Type": "Inner",
                  "Startup Cost": 58834.02,
                  "Total Cost": 86283.0,
                  "Plan Rows": 8350,
                  "Plan Width": 0,
                  "Actual Startup Time": 147.498,
                  "Actual Total Time": 235.72,
                  "Actual Rows": 2466,
                  "Actual Loops": 4,
                  "Inner Unique": true,
                  "Hash Cond": "(mk.movie_id = t.id)",
                  "Plans": [
                    {
                      "Node Type": "Bitmap Heap Scan",
                      "Parent Relationship": "Outer",
                      "Parallel Aware": true,
                      "Relation Name": "movie_keyword",
                      "Alias": "mk",
                      "Startup Cost": 13021.75,
                      "Total Cost": 39950.94,
                      "Plan Rows": 198015,
                      "Plan Width": 4,
                      "Actual Startup Time": 36.094,
                      "Actual Total Time": 98.643,
                      "Actual Rows": 155121,
                      "Actual Loops": 4,
                      "Recheck Cond": "(keyword_id < 478)",
                      "Rows Removed by Index Recheck": 0,
                      "Exact Heap Blocks": 7214,
                      "Lossy Heap Blocks": 0,
                      "Plans": [
                        {
                          "Node Type": "Bitmap Index Scan",
                          "Parent Relationship": "Outer",
                          "Parallel Aware": false,
                          "Index Name": "keyword_id_movie_keyword",
                          "Startup Cost": 0.0,
                          "Total Cost": 12868.29,
                          "Plan Rows": 613847,
                          "Plan Width": 0,
                          "Actual Startup Time": 32.382,
                          "Actual Total Time": 32.383,
                          "Actual Rows": 620484,
                          "Actual Loops": 1,
                          "Index Cond": "(keyword_id < 478)"
                        }
                      ]
                    },
                    {
                      "Node Type": "Hash",
                      "Parent Relationship": "Inner",
                      "Parallel Aware": true,
                      "Startup Cost": 45479.1,
                      "Total Cost": 45479.1,
                      "Plan Rows": 26654,
                      "Plan Width": 4,
                      "Actual Startup Time": 109.625,
                      "Actual Total Time": 109.626,
                      "Actual Rows": 27128,
                      "Actual Loops": 4,
                      "Hash Buckets": 131072,
                      "Original Hash Buckets": 131072,
                      "Hash Batches": 1,
                      "Original Hash Batches": 1,
                      "Peak Memory Usage": 5312,
                      "Plans": [
                        {
                          "Node Type": "Seq Scan",
                          "Parent Relationship": "Outer",
                          "Parallel Aware": true,
                          "Relation Name": "title",
                          "Alias": "t",
                          "Startup Cost": 0.0,
                          "Total Cost": 45479.1,
                          "Plan Rows": 26654,
                          "Plan Width": 4,
                          "Actual Startup Time": 0.043,
                          "Actual Total Time": 98.075,
                          "Actual Rows": 27128,
                          "Actual Loops": 4,
                          "Filter": "((kind_id > 1) AND (production_year = 2010))",
                          "Rows Removed by Filter": 604950
                        }
                      ]
                    }
                  ]
                }
              ]
            }
          ]
        }
      ]
    },
    "Planning Time": 0.641,
    "Triggers": [],
    "Execution Time": 263.548
  }
]