[
    {
        "Bao": {
            "Bao prediction": "NaN",
            "Bao recommended hint": "(no hint)"
        }
    },
    {
        "Plan": {
            "Node Type": "Aggregate",
            "Strategy": "Plain",
            "Partial Mode": "Finalize",
            "Parallel Aware": false,
            "Startup Cost": 28000.85,
            "Total Cost": 28000.86,
            "Plan Rows": 1,
            "Plan Width": 8,
            "Actual Startup Time": 58.776,
            "Actual Total Time": 63.081,
            "Actual Rows": 1,
            "Actual Loops": 1,
            "Output": [
                "count(*)"
            ],
            "Plans": [
                {
                    "Node Type": "Gather",
                    "Parent Relationship": "Outer",
                    "Parallel Aware": false,
                    "Startup Cost": 28000.54,
                    "Total Cost": 28000.85,
                    "Plan Rows": 3,
                    "Plan Width": 8,
                    "Actual Startup Time": 58.585,
                    "Actual Total Time": 63.075,
                    "Actual Rows": 4,
                    "Actual Loops": 1,
                    "Output": [
                        "(PARTIAL count(*))"
                    ],
                    "Workers Planned": 3,
                    "Workers Launched": 3,
                    "Single Copy": false,
                    "Plans": [
                        {
                            "Node Type": "Aggregate",
                            "Strategy": "Plain",
                            "Partial Mode": "Partial",
                            "Parent Relationship": "Outer",
                            "Parallel Aware": false,
                            "Startup Cost": 27000.54,
                            "Total Cost": 27000.55,
                            "Plan Rows": 1,
                            "Plan Width": 8,
                            "Actual Startup Time": 49.991,
                            "Actual Total Time": 49.993,
                            "Actual Rows": 1,
                            "Actual Loops": 4,
                            "Output": [
                                "PARTIAL count(*)"
                            ],
                            "Workers": [
                                {
                                    "Worker Number": 0,
                                    "Actual Startup Time": 47.127,
                                    "Actual Total Time": 47.129,
                                    "Actual Rows": 1,
                                    "Actual Loops": 1
                                },
                                {
                                    "Worker Number": 1,
                                    "Actual Startup Time": 47.025,
                                    "Actual Total Time": 47.027,
                                    "Actual Rows": 1,
                                    "Actual Loops": 1
                                },
                                {
                                    "Worker Number": 2,
                                    "Actual Startup Time": 47.463,
                                    "Actual Total Time": 47.465,
                                    "Actual Rows": 1,
                                    "Actual Loops": 1
                                }
                            ],
                            "Plans": [
                                {
                                    "Node Type": "Bitmap Heap Scan",
                                    "Parent Relationship": "Outer",
                                    "Parallel Aware": true,
                                    "Relation Name": "movie_companies",
                                    "Schema": "public",
                                    "Alias": "mc",
                                    "Startup Cost": 6712.23,
                                    "Total Cost": 26750.82,
                                    "Plan Rows": 99887,
                                    "Plan Width": 0,
                                    "Actual Startup Time": 13.394,
                                    "Actual Total Time": 44.541,
                                    "Actual Rows": 77652,
                                    "Actual Loops": 4,
                                    "Recheck Cond": "(mc.company_id > 92553)",
                                    "Rows Removed by Index Recheck": 0,
                                    "Exact Heap Blocks": 2936,
                                    "Lossy Heap Blocks": 0,
                                    "Workers": [
                                        {
                                            "Worker Number": 0,
                                            "Actual Startup Time": 10.681,
                                            "Actual Total Time": 42.152,
                                            "Actual Rows": 45039,
                                            "Actual Loops": 1
                                        },
                                        {
                                            "Worker Number": 1,
                                            "Actual Startup Time": 10.456,
                                            "Actual Total Time": 42.467,
                                            "Actual Rows": 30608,
                                            "Actual Loops": 1
                                        },
                                        {
                                            "Worker Number": 2,
                                            "Actual Startup Time": 10.874,
                                            "Actual Total Time": 42.45,
                                            "Actual Rows": 43831,
                                            "Actual Loops": 1
                                        }
                                    ],
                                    "Plans": [
                                        {
                                            "Node Type": "Bitmap Index Scan",
                                            "Parent Relationship": "Outer",
                                            "Parallel Aware": false,
                                            "Index Name": "company_id_movie_companies",
                                            "Startup Cost": 0.0,
                                            "Total Cost": 6634.81,
                                            "Plan Rows": 309651,
                                            "Plan Width": 0,
                                            "Actual Startup Time": 20.914,
                                            "Actual Total Time": 20.914,
                                            "Actual Rows": 310610,
                                            "Actual Loops": 1,
                                            "Index Cond": "(mc.company_id > 92553)"
                                        }
                                    ]
                                }
                            ]
                        }
                    ]
                }
            ]
        },
        "Planning Time": 188.327,
        "Triggers": [],
        "Execution Time": 63.13
    }
]