[
  {
    "Plan": {
      "Node Type": "Aggregate",
      "Strategy": "Plain",
      "Partial Mode": "Finalize",
      "Parallel Aware": false,
      "Startup Cost": 65505.98,
      "Total Cost": 65505.99,
      "Plan Rows": 1,
      "Plan Width": 8,
      "Actual Startup Time": 68.344,
      "Actual Total Time": 71.884,
      "Actual Rows": 1,
      "Actual Loops": 1,
      "Plans": [
        {
          "Node Type": "Gather",
          "Parent Relationship": "Outer",
          "Parallel Aware": false,
          "Startup Cost": 65505.66,
          "Total Cost": 65505.97,
          "Plan Rows": 3,
          "Plan Width": 8,
          "Actual Startup Time": 67.988,
          "Actual Total Time": 71.877,
          "Actual Rows": 4,
          "Actual Loops": 1,
          "Workers Planned": 3,
          "Workers Launched": 3,
          "Single Copy": false,
          "Plans": [
            {
              "Node Type": "Aggregate",
              "Strategy": "Plain",
              "Partial Mode": "Partial",
              "Parent Relationship": "Outer",
              "Parallel Aware": false,
              "Startup Cost": 64505.66,
              "Total Cost": 64505.67,
              "Plan Rows": 1,
              "Plan Width": 8,
              "Actual Startup Time": 60.411,
              "Actual Total Time": 60.412,
              "Actual Rows": 1,
              "Actual Loops": 4,
              "Plans": [
                {
                  "Node Type": "Nested Loop",
                  "Parent Relationship": "Outer",
                  "Parallel Aware": false,
                  "Join Type": "Inner",
                  "Startup Cost": 1318.71,
                  "Total Cost": 64491.94,
                  "Plan Rows": 5489,
                  "Plan Width": 0,
                  "Actual Startup Time": 4.758,
                  "Actual Total Time": 59.554,
                  "Actual Rows": 9158,
                  "Actual Loops": 4,
                  "Inner Unique": true,
                  "Plans": [
                    {
                      "Node Type": "Bitmap Heap Scan",
                      "Parent Relationship": "Outer",
                      "Parallel Aware": true,
                      "Relation Name": "movie_companies",
                      "Alias": "mc",
                      "Startup Cost": 1318.28,
                      "Total Cost": 20403.82,
                      "Plan Rows": 10004,
                      "Plan Width": 4,
                      "Actual Startup Time": 4.546,
                      "Actual Total Time": 10.705,
                      "Actual Rows": 14651,
                      "Actual Loops": 4,
                      "Recheck Cond": "(company_id > 184852)",
                      "Rows Removed by Index Recheck": 0,
                      "Filter": "(company_type_id = 2)",
                      "Rows Removed by Filter": 0,
                      "Exact Heap Blocks": 748,
                      "Lossy Heap Blocks": 0,
                      "Plans": [
                        {
                          "Node Type": "Bitmap Index Scan",
                          "Parent Relationship": "Outer",
                          "Parallel Aware": false,
                          "Index Name": "company_id_movie_companies",
                          "Startup Cost": 0.0,
                          "Total Cost": 1310.52,
                          "Plan Rows": 61079,
                          "Plan Width": 0,
                          "Actual Startup Time": 10.555,
                          "Actual Total Time": 10.556,
                          "Actual Rows": 58604,
                          "Actual Loops": 1,
                          "Index Cond": "(company_id > 184852)"
                        }
                      ]
                    },
                    {
                      "Node Type": "Index Scan",
                      "Parent Relationship": "Inner",
                      "Parallel Aware": false,
                      "Scan Direction": "Forward",
                      "Index Name": "title_pkey",
                      "Relation Name": "title",
                      "Alias": "t",
                      "Startup Cost": 0.43,
                      "Total Cost": 4.41,
                      "Plan Rows": 1,
                      "Plan Width": 4,
                      "Actual Startup Time": 0.003,
                      "Actual Total Time": 0.003,
                      "Actual Rows": 1,
                      "Actual Loops": 58604,
                      "Index Cond": "(id = mc.movie_id)",
                      "Rows Removed by Index Recheck": 0,
                      "Filter": "(production_year > 2000)",
                      "Rows Removed by Filter": 0
                    }
                  ]
                }
              ]
            }
          ]
        }
      ]
    },
    "Planning Time": 0.693,
    "Triggers": [],
    "Execution Time": 71.972
  }
]