[
  {
    "Plan": {
      "Node Type": "Aggregate",
      "Strategy": "Plain",
      "Partial Mode": "Finalize",
      "Parallel Aware": false,
      "Startup Cost": 77141.16,
      "Total Cost": 77141.17,
      "Plan Rows": 1,
      "Plan Width": 8,
      "Actual Startup Time": 510.517,
      "Actual Total Time": 531.821,
      "Actual Rows": 1,
      "Actual Loops": 1,
      "Plans": [
        {
          "Node Type": "Gather",
          "Parent Relationship": "Outer",
          "Parallel Aware": false,
          "Startup Cost": 77140.84,
          "Total Cost": 77141.15,
          "Plan Rows": 3,
          "Plan Width": 8,
          "Actual Startup Time": 482.255,
          "Actual Total Time": 531.812,
          "Actual Rows": 4,
          "Actual Loops": 1,
          "Workers Planned": 3,
          "Workers Launched": 3,
          "Single Copy": false,
          "Plans": [
            {
              "Node Type": "Aggregate",
              "Strategy": "Plain",
              "Partial Mode": "Partial",
              "Parent Relationship": "Outer",
              "Parallel Aware": false,
              "Startup Cost": 76140.84,
              "Total Cost": 76140.85,
              "Plan Rows": 1,
              "Plan Width": 8,
              "Actual Startup Time": 466.859,
              "Actual Total Time": 466.863,
              "Actual Rows": 1,
              "Actual Loops": 4,
              "Plans": [
                {
                  "Node Type": "Hash Join",
                  "Parent Relationship": "Outer",
                  "Parallel Aware": true,
                  "Join Type": "Inner",
                  "Startup Cost": 55862.4,
                  "Total Cost": 76032.9,
                  "Plan Rows": 43174,
                  "Plan Width": 0,
                  "Actual Startup Time": 439.124,
                  "Actual Total Time": 465.873,
                  "Actual Rows": 14948,
                  "Actual Loops": 4,
                  "Inner Unique": true,
                  "Hash Cond": "(mc.movie_id = t.id)",
                  "Plans": [
                    {
                      "Node Type": "Bitmap Heap Scan",
                      "Parent Relationship": "Outer",
                      "Parallel Aware": true,
                      "Relation Name": "movie_companies",
                      "Alias": "mc",
                      "Startup Cost": 5642.01,
                      "Total Cost": 25699.19,
                      "Plan Rows": 43174,
                      "Plan Width": 4,
                      "Actual Startup Time": 38.585,
                      "Actual Total Time": 50.856,
                      "Actual Rows": 14948,
                      "Actual Loops": 4,
                      "Recheck Cond": "(company_id < 126)",
                      "Rows Removed by Index Recheck": 0,
                      "Filter": "(company_type_id > 1)",
                      "Rows Removed by Filter": 49264,
                      "Exact Heap Blocks": 7098,
                      "Lossy Heap Blocks": 0,
                      "Plans": [
                        {
                          "Node Type": "Bitmap Index Scan",
                          "Parent Relationship": "Outer",
                          "Parallel Aware": false,
                          "Index Name": "company_id_movie_companies",
                          "Startup Cost": 0.0,
                          "Total Cost": 5608.55,
                          "Plan Rows": 261883,
                          "Plan Width": 0,
                          "Actual Startup Time": 10.901,
                          "Actual Total Time": 10.902,
                          "Actual Rows": 256850,
                          "Actual Loops": 1,
                          "Index Cond": "(company_id < 126)"
                        }
                      ]
                    },
                    {
                      "Node Type": "Hash",
                      "Parent Relationship": "Inner",
                      "Parallel Aware": true,
                      "Startup Cost": 42319.06,
                      "Total Cost": 42319.06,
                      "Plan Rows": 632106,
                      "Plan Width": 4,
                      "Actual Startup Time": 390.112,
                      "Actual Total Time": 390.113,
                      "Actual Rows": 632078,
                      "Actual Loops": 4,
                      "Hash Buckets": 4194304,
                      "Original Hash Buckets": 4194304,
                      "Hash Batches": 1,
                      "Original Hash Batches": 1,
                      "Peak Memory Usage": 131712,
                      "Plans": [
                        {
                          "Node Type": "Seq Scan",
                          "Parent Relationship": "Outer",
                          "Parallel Aware": true,
                          "Relation Name": "title",
                          "Alias": "t",
                          "Startup Cost": 0.0,
                          "Total Cost": 42319.06,
                          "Plan Rows": 632106,
                          "Plan Width": 4,
                          "Actual Startup Time": 0.024,
                          "Actual Total Time": 115.669,
                          "Actual Rows": 632078,
                          "Actual Loops": 4
                        }
                      ]
                    }
                  ]
                }
              ]
            }
          ]
        }
      ]
    },
    "Planning Time": 0.262,
    "Triggers": [],
    "Execution Time": 531.87
  }
]