{
    "Plan": {
        "Node Type": "Aggregate",
        "Strategy": "Plain",
        "Partial Mode": "Finalize",
        "Parallel Aware": false,
        "Startup Cost": 88330.14,
        "Total Cost": 88330.15,
        "Plan Rows": 1,
        "Plan Width": 8,
        "Actual Startup Time": 255.647,
        "Actual Total Time": 274.301,
        "Actual Rows": 1,
        "Actual Loops": 1,
        "Output": [
            "count(*)"
        ],
        "Plans": [
            {
                "Node Type": "Gather",
                "Parent Relationship": "Outer",
                "Parallel Aware": false,
                "Startup Cost": 88329.82,
                "Total Cost": 88330.13,
                "Plan Rows": 3,
                "Plan Width": 8,
                "Actual Startup Time": 253.865,
                "Actual Total Time": 274.293,
                "Actual Rows": 4,
                "Actual Loops": 1,
                "Output": [
                    "(PARTIAL count(*))"
                ],
                "Workers Planned": 3,
                "Workers Launched": 3,
                "Single Copy": false,
                "Plans": [
                    {
                        "Node Type": "Aggregate",
                        "Strategy": "Plain",
                        "Partial Mode": "Partial",
                        "Parent Relationship": "Outer",
                        "Parallel Aware": false,
                        "Startup Cost": 87329.82,
                        "Total Cost": 87329.83,
                        "Plan Rows": 1,
                        "Plan Width": 8,
                        "Actual Startup Time": 243.982,
                        "Actual Total Time": 243.987,
                        "Actual Rows": 1,
                        "Actual Loops": 4,
                        "Output": [
                            "PARTIAL count(*)"
                        ],
                        "Workers": [
                            {
                                "Worker Number": 0,
                                "Actual Startup Time": 240.435,
                                "Actual Total Time": 240.44,
                                "Actual Rows": 1,
                                "Actual Loops": 1
                            },
                            {
                                "Worker Number": 1,
                                "Actual Startup Time": 241.104,
                                "Actual Total Time": 241.108,
                                "Actual Rows": 1,
                                "Actual Loops": 1
                            },
                            {
                                "Worker Number": 2,
                                "Actual Startup Time": 241.383,
                                "Actual Total Time": 241.387,
                                "Actual Rows": 1,
                                "Actual Loops": 1
                            }
                        ],
                        "Plans": [
                            {
                                "Node Type": "Nested Loop",
                                "Parent Relationship": "Outer",
                                "Parallel Aware": false,
                                "Join Type": "Inner",
                                "Startup Cost": 46466.64,
                                "Total Cost": 87317.61,
                                "Plan Rows": 4885,
                                "Plan Width": 0,
                                "Actual Startup Time": 158.885,
                                "Actual Total Time": 243.315,
                                "Actual Rows": 8558,
                                "Actual Loops": 4,
                                "Inner Unique": false,
                                "Join Filter": "(t.id = mi_idx.movie_id)",
                                "Rows Removed by Join Filter": 0,
                                "Workers": [
                                    {
                                        "Worker Number": 0,
                                        "Actual Startup Time": 155.419,
                                        "Actual Total Time": 239.801,
                                        "Actual Rows": 5652,
                                        "Actual Loops": 1
                                    },
                                    {
                                        "Worker Number": 1,
                                        "Actual Startup Time": 156.008,
                                        "Actual Total Time": 240.471,
                                        "Actual Rows": 9420,
                                        "Actual Loops": 1
                                    },
                                    {
                                        "Worker Number": 2,
                                        "Actual Startup Time": 156.379,
                                        "Actual Total Time": 240.682,
                                        "Actual Rows": 6342,
                                        "Actual Loops": 1
                                    }
                                ],
                                "Plans": [
                                    {
                                        "Node Type": "Hash Join",
                                        "Parent Relationship": "Outer",
                                        "Parallel Aware": true,
                                        "Join Type": "Inner",
                                        "Startup Cost": 46466.21,
                                        "Total Cost": 78162.71,
                                        "Plan Rows": 13405,
                                        "Plan Width": 8,
                                        "Actual Startup Time": 158.781,
                                        "Actual Total Time": 220.126,
                                        "Actual Rows": 5049,
                                        "Actual Loops": 4,
                                        "Output": [
                                            "t.id",
                                            "mc.movie_id"
                                        ],
                                        "Inner Unique": true,
                                        "Hash Cond": "(mc.movie_id = t.id)",
                                        "Workers": [
                                            {
                                                "Worker Number": 0,
                                                "Actual Startup Time": 155.283,
                                                "Actual Total Time": 214.936,
                                                "Actual Rows": 3299,
                                                "Actual Loops": 1
                                            },
                                            {
                                                "Worker Number": 1,
                                                "Actual Startup Time": 155.908,
                                                "Actual Total Time": 216.886,
                                                "Actual Rows": 5551,
                                                "Actual Loops": 1
                                            },
                                            {
                                                "Worker Number": 2,
                                                "Actual Startup Time": 156.227,
                                                "Actual Total Time": 216.397,
                                                "Actual Rows": 3765,
                                                "Actual Loops": 1
                                            }
                                        ],
                                        "Plans": [
                                            {
                                                "Node Type": "Seq Scan",
                                                "Parent Relationship": "Outer",
                                                "Parallel Aware": true,
                                                "Relation Name": "movie_companies",
                                                "Schema": "public",
                                                "Alias": "mc",
                                                "Startup Cost": 0.0,
                                                "Total Cost": 31414.82,
                                                "Plan Rows": 107308,
                                                "Plan Width": 4,
                                                "Actual Startup Time": 0.019,
                                                "Actual Total Time": 66.939,
                                                "Actual Rows": 121797,
                                                "Actual Loops": 4,
                                                "Output": [
                                                    "mc.id",
                                                    "mc.movie_id",
                                                    "mc.company_id",
                                                    "mc.company_type_id",
                                                    "mc.note"
                                                ],
                                                "Filter": "((mc.company_id < 1153) AND (mc.company_type_id < 2))",
                                                "Rows Removed by Filter": 530485,
                                                "Workers": [
                                                    {
                                                        "Worker Number": 0,
                                                        "Actual Startup Time": 0.028,
                                                        "Actual Total Time": 66.185,
                                                        "Actual Rows": 82805,
                                                        "Actual Loops": 1
                                                    },
                                                    {
                                                        "Worker Number": 1,
                                                        "Actual Startup Time": 0.017,
                                                        "Actual Total Time": 66.456,
                                                        "Actual Rows": 140110,
                                                        "Actual Loops": 1
                                                    },
                                                    {
                                                        "Worker Number": 2,
                                                        "Actual Startup Time": 0.024,
                                                        "Actual Total Time": 67.629,
                                                        "Actual Rows": 94550,
                                                        "Actual Loops": 1
                                                    }
                                                ]
                                            },
                                            {
                                                "Node Type": "Hash",
                                                "Parent Relationship": "Inner",
                                                "Parallel Aware": true,
                                                "Startup Cost": 45479.21,
                                                "Total Cost": 45479.21,
                                                "Plan Rows": 78960,
                                                "Plan Width": 4,
                                                "Actual Startup Time": 125.94,
                                                "Actual Total Time": 125.941,
                                                "Actual Rows": 61197,
                                                "Actual Loops": 4,
                                                "Output": [
                                                    "t.id"
                                                ],
                                                "Hash Buckets": 524288,
                                                "Original Hash Buckets": 524288,
                                                "Hash Batches": 1,
                                                "Original Hash Batches": 1,
                                                "Peak Memory Usage": 13728,
                                                "Workers": [
                                                    {
                                                        "Worker Number": 0,
                                                        "Actual Startup Time": 125.5,
                                                        "Actual Total Time": 125.501,
                                                        "Actual Rows": 45432,
                                                        "Actual Loops": 1
                                                    },
                                                    {
                                                        "Worker Number": 1,
                                                        "Actual Startup Time": 126.214,
                                                        "Actual Total Time": 126.215,
                                                        "Actual Rows": 69378,
                                                        "Actual Loops": 1
                                                    },
                                                    {
                                                        "Worker Number": 2,
                                                        "Actual Startup Time": 126.476,
                                                        "Actual Total Time": 126.477,
                                                        "Actual Rows": 47029,
                                                        "Actual Loops": 1
                                                    }
                                                ],
                                                "Plans": [
                                                    {
                                                        "Node Type": "Seq Scan",
                                                        "Parent Relationship": "Outer",
                                                        "Parallel Aware": true,
                                                        "Relation Name": "title",
                                                        "Schema": "public",
                                                        "Alias": "t",
                                                        "Startup Cost": 0.0,
                                                        "Total Cost": 45479.21,
                                                        "Plan Rows": 78960,
                                                        "Plan Width": 4,
                                                        "Actual Startup Time": 47.889,
                                                        "Actual Total Time": 104.741,
                                                        "Actual Rows": 61197,
                                                        "Actual Loops": 4,
                                                        "Output": [
                                                            "t.id"
                                                        ],
                                                        "Filter": "((t.kind_id < 2) AND (t.production_year > 2003))",
                                                        "Rows Removed by Filter": 570881,
                                                        "Workers": [
                                                            {
                                                                "Worker Number": 0,
                                                                "Actual Startup Time": 61.25,
                                                                "Actual Total Time": 105.34,
                                                                "Actual Rows": 45432,
                                                                "Actual Loops": 1
                                                            },
                                                            {
                                                                "Worker Number": 1,
                                                                "Actual Startup Time": 8.211,
                                                                "Actual Total Time": 105.069,
                                                                "Actual Rows": 69378,
                                                                "Actual Loops": 1
                                                            },
                                                            {
                                                                "Worker Number": 2,
                                                                "Actual Startup Time": 60.884,
                                                                "Actual Total Time": 105.323,
                                                                "Actual Rows": 47029,
                                                                "Actual Loops": 1
                                                            }
                                                        ]
                                                    }
                                                ]
                                            }
                                        ]
                                    },
                                    {
                                        "Node Type": "Index Scan",
                                        "Parent Relationship": "Inner",
                                        "Parallel Aware": false,
                                        "Scan Direction": "Forward",
                                        "Index Name": "movie_id_movie_info_idx",
                                        "Relation Name": "movie_info_idx",
                                        "Schema": "public",
                                        "Alias": "mi_idx",
                                        "Startup Cost": 0.43,
                                        "Total Cost": 0.66,
                                        "Plan Rows": 2,
                                        "Plan Width": 4,
                                        "Actual Startup Time": 0.004,
                                        "Actual Total Time": 0.004,
                                        "Actual Rows": 2,
                                        "Actual Loops": 20195,
                                        "Output": [
                                            "mi_idx.id",
                                            "mi_idx.movie_id",
                                            "mi_idx.info_type_id",
                                            "mi_idx.info",
                                            "mi_idx.note"
                                        ],
                                        "Index Cond": "(mi_idx.movie_id = mc.movie_id)",
                                        "Rows Removed by Index Recheck": 0,
                                        "Filter": "(mi_idx.info_type_id < 101)",
                                        "Rows Removed by Filter": 1,
                                        "Workers": [
                                            {
                                                "Worker Number": 0,
                                                "Actual Startup Time": 0.006,
                                                "Actual Total Time": 0.007,
                                                "Actual Rows": 2,
                                                "Actual Loops": 3299
                                            },
                                            {
                                                "Worker Number": 1,
                                                "Actual Startup Time": 0.003,
                                                "Actual Total Time": 0.004,
                                                "Actual Rows": 2,
                                                "Actual Loops": 5551
                                            },
                                            {
                                                "Worker Number": 2,
                                                "Actual Startup Time": 0.005,
                                                "Actual Total Time": 0.006,
                                                "Actual Rows": 2,
                                                "Actual Loops": 3765
                                            }
                                        ]
                                    }
                                ]
                            }
                        ]
                    }
                ]
            }
        ]
    },
    "Planning Time": 1.615,
    "Triggers": [],
    "Execution Time": 274.395
}