{
  "Plan": {
    "Node Type": "Aggregate",
    "Strategy": "Plain",
    "Partial Mode": "Finalize",
    "Parallel Aware": false,
    "Startup Cost": 334702.14,
    "Total Cost": 334702.15,
    "Plan Rows": 1,
    "Plan Width": 8,
    "Actual Startup Time": 2259.733,
    "Actual Total Time": 2308.059,
    "Actual Rows": 1,
    "Actual Loops": 1,
    "Plans": [
      {
        "Node Type": "Gather",
        "Parent Relationship": "Outer",
        "Parallel Aware": false,
        "Startup Cost": 334702.02,
        "Total Cost": 334702.13,
        "Plan Rows": 1,
        "Plan Width": 8,
        "Actual Startup Time": 2258.729,
        "Actual Total Time": 2308.04,
        "Actual Rows": 2,
        "Actual Loops": 1,
        "Workers Planned": 1,
        "Workers Launched": 1,
        "Single Copy": false,
        "Plans": [
          {
            "Node Type": "Aggregate",
            "Strategy": "Plain",
            "Partial Mode": "Partial",
            "Parent Relationship": "Outer",
            "Parallel Aware": false,
            "Startup Cost": 333702.02,
            "Total Cost": 333702.03,
            "Plan Rows": 1,
            "Plan Width": 8,
            "Actual Startup Time": 2253.02,
            "Actual Total Time": 2253.024,
            "Actual Rows": 1,
            "Actual Loops": 2,
            "Plans": [
              {
                "Node Type": "Hash Join",
                "Parent Relationship": "Outer",
                "Parallel Aware": true,
                "Join Type": "Inner",
                "Startup Cost": 59971.43,
                "Total Cost": 331754.92,
                "Plan Rows": 778842,
                "Plan Width": 0,
                "Actual Startup Time": 219.019,
                "Actual Total Time": 2162.32,
                "Actual Rows": 1923200,
                "Actual Loops": 2,
                "Inner Unique": true,
                "Hash Cond": "(mi.movie_id = t.id)",
                "Plans": [
                  {
                    "Node Type": "Seq Scan",
                    "Parent Relationship": "Outer",
                    "Parallel Aware": true,
                    "Relation Name": "movie_info",
                    "Alias": "mi",
                    "Startup Cost": 0.0,
                    "Total Cost": 248955.74,
                    "Plan Rows": 8696274,
                    "Plan Width": 4,
                    "Actual Startup Time": 0.014,
                    "Actual Total Time": 702.979,
                    "Actual Rows": 7417860,
                    "Actual Loops": 2
                  },
                  {
                    "Node Type": "Hash",
                    "Parent Relationship": "Inner",
                    "Parallel Aware": true,
                    "Startup Cost": 58306.47,
                    "Total Cost": 58306.47,
                    "Plan Rows": 133197,
                    "Plan Width": 4,
                    "Actual Startup Time": 214.308,
                    "Actual Total Time": 214.309,
                    "Actual Rows": 170934,
                    "Actual Loops": 2,
                    "Hash Buckets": 524288,
                    "Original Hash Buckets": 262144,
                    "Hash Batches": 1,
                    "Original Hash Batches": 1,
                    "Peak Memory Usage": 19552,
                    "Plans": [
                      {
                        "Node Type": "Seq Scan",
                        "Parent Relationship": "Outer",
                        "Parallel Aware": true,
                        "Relation Name": "title",
                        "Alias": "t",
                        "Startup Cost": 0.0,
                        "Total Cost": 58306.47,
                        "Plan Rows": 133197,
                        "Plan Width": 4,
                        "Actual Startup Time": 0.086,
                        "Actual Total Time": 165.778,
                        "Actual Rows": 170934,
                        "Actual Loops": 2,
                        "Filter": "((kind_id < 7) AND (production_year < 1985))",
                        "Rows Removed by Filter": 1093222
                      }
                    ]
                  }
                ]
              }
            ]
          }
        ]
      }
    ]
  },
  "Planning Time": 0.693,
  "Triggers": [],
  "Execution Time": 2308.138
}