[
  {
    "Plan": {
      "Node Type": "Aggregate",
      "Strategy": "Plain",
      "Partial Mode": "Finalize",
      "Parallel Aware": false,
      "Startup Cost": 228530.9,
      "Total Cost": 228530.91,
      "Plan Rows": 1,
      "Plan Width": 8,
      "Actual Startup Time": 180.371,
      "Actual Total Time": 210.982,
      "Actual Rows": 1,
      "Actual Loops": 1,
      "Plans": [
        {
          "Node Type": "Gather",
          "Parent Relationship": "Outer",
          "Parallel Aware": false,
          "Startup Cost": 228530.48,
          "Total Cost": 228530.89,
          "Plan Rows": 4,
          "Plan Width": 8,
          "Actual Startup Time": 179.986,
          "Actual Total Time": 210.969,
          "Actual Rows": 5,
          "Actual Loops": 1,
          "Workers Planned": 4,
          "Workers Launched": 4,
          "Single Copy": false,
          "Plans": [
            {
              "Node Type": "Aggregate",
              "Strategy": "Plain",
              "Partial Mode": "Partial",
              "Parent Relationship": "Outer",
              "Parallel Aware": false,
              "Startup Cost": 227530.48,
              "Total Cost": 227530.49,
              "Plan Rows": 1,
              "Plan Width": 8,
              "Actual Startup Time": 175.105,
              "Actual Total Time": 175.108,
              "Actual Rows": 1,
              "Actual Loops": 5,
              "Plans": [
                {
                  "Node Type": "Nested Loop",
                  "Parent Relationship": "Outer",
                  "Parallel Aware": false,
                  "Join Type": "Inner",
                  "Startup Cost": 0.43,
                  "Total Cost": 227461.48,
                  "Plan Rows": 27600,
                  "Plan Width": 0,
                  "Actual Startup Time": 57.751,
                  "Actual Total Time": 172.317,
                  "Actual Rows": 34754,
                  "Actual Loops": 5,
                  "Inner Unique": false,
                  "Plans": [
                    {
                      "Node Type": "Seq Scan",
                      "Parent Relationship": "Outer",
                      "Parallel Aware": true,
                      "Relation Name": "title",
                      "Alias": "t",
                      "Startup Cost": 0.0,
                      "Total Cost": 43899.32,
                      "Plan Rows": 4700,
                      "Plan Width": 4,
                      "Actual Startup Time": 52.265,
                      "Actual Total Time": 85.977,
                      "Actual Rows": 3676,
                      "Actual Loops": 5,
                      "Filter": "(production_year < 1908)",
                      "Rows Removed by Filter": 501987
                    },
                    {
                      "Node Type": "Index Only Scan",
                      "Parent Relationship": "Inner",
                      "Parallel Aware": false,
                      "Scan Direction": "Forward",
                      "Index Name": "movie_id_movie_info",
                      "Relation Name": "movie_info",
                      "Alias": "mi",
                      "Startup Cost": 0.43,
                      "Total Cost": 38.65,
                      "Plan Rows": 41,
                      "Plan Width": 4,
                      "Actual Startup Time": 0.009,
                      "Actual Total Time": 0.022,
                      "Actual Rows": 9,
                      "Actual Loops": 18379,
                      "Index Cond": "(movie_id = t.id)",
                      "Rows Removed by Index Recheck": 0,
                      "Heap Fetches": 173768
                    }
                  ]
                }
              ]
            }
          ]
        }
      ]
    },
    "Planning Time": 0.632,
    "Triggers": [],
    "Execution Time": 211.087
  }
]