[
  {
    "Plan": {
      "Node Type": "Aggregate",
      "Strategy": "Plain",
      "Partial Mode": "Finalize",
      "Parallel Aware": false,
      "Startup Cost": 349430.14,
      "Total Cost": 349430.15,
      "Plan Rows": 1,
      "Plan Width": 8,
      "Actual Startup Time": 694.986,
      "Actual Total Time": 744.588,
      "Actual Rows": 1,
      "Actual Loops": 1,
      "Plans": [
        {
          "Node Type": "Gather",
          "Parent Relationship": "Outer",
          "Parallel Aware": false,
          "Startup Cost": 349429.52,
          "Total Cost": 349430.12,
          "Plan Rows": 6,
          "Plan Width": 8,
          "Actual Startup Time": 694.771,
          "Actual Total Time": 744.574,
          "Actual Rows": 7,
          "Actual Loops": 1,
          "Workers Planned": 6,
          "Workers Launched": 6,
          "Single Copy": false,
          "Plans": [
            {
              "Node Type": "Aggregate",
              "Strategy": "Plain",
              "Partial Mode": "Partial",
              "Parent Relationship": "Outer",
              "Parallel Aware": false,
              "Startup Cost": 348429.52,
              "Total Cost": 348429.53,
              "Plan Rows": 1,
              "Plan Width": 8,
              "Actual Startup Time": 688.616,
              "Actual Total Time": 688.617,
              "Actual Rows": 1,
              "Actual Loops": 7,
              "Plans": [
                {
                  "Node Type": "Seq Scan",
                  "Parent Relationship": "Outer",
                  "Parallel Aware": true,
                  "Relation Name": "cast_info",
                  "Alias": "ci",
                  "Startup Cost": 0.0,
                  "Total Cost": 343316.27,
                  "Plan Rows": 2045298,
                  "Plan Width": 0,
                  "Actual Startup Time": 339.79,
                  "Actual Total Time": 636.528,
                  "Actual Rows": 1099937,
                  "Actual Loops": 7,
                  "Filter": "((person_id < 2842874) AND (role_id > 2))",
                  "Rows Removed by Filter": 4077827
                }
              ]
            }
          ]
        }
      ]
    },
    "Planning Time": 0.237,
    "Triggers": [],
    "Execution Time": 744.689
  }
]