[
  {
    "Plan": {
      "Node Type": "Aggregate",
      "Strategy": "Plain",
      "Partial Mode": "Finalize",
      "Parallel Aware": false,
      "Startup Cost": 33020.43,
      "Total Cost": 33020.44,
      "Plan Rows": 1,
      "Plan Width": 8,
      "Actual Startup Time": 104.686,
      "Actual Total Time": 113.43,
      "Actual Rows": 1,
      "Actual Loops": 1,
      "Plans": [
        {
          "Node Type": "Gather",
          "Parent Relationship": "Outer",
          "Parallel Aware": false,
          "Startup Cost": 33020.12,
          "Total Cost": 33020.43,
          "Plan Rows": 3,
          "Plan Width": 8,
          "Actual Startup Time": 104.525,
          "Actual Total Time": 113.413,
          "Actual Rows": 4,
          "Actual Loops": 1,
          "Workers Planned": 3,
          "Workers Launched": 3,
          "Single Copy": false,
          "Plans": [
            {
              "Node Type": "Aggregate",
              "Strategy": "Plain",
              "Partial Mode": "Partial",
              "Parent Relationship": "Outer",
              "Parallel Aware": false,
              "Startup Cost": 32020.12,
              "Total Cost": 32020.13,
              "Plan Rows": 1,
              "Plan Width": 8,
              "Actual Startup Time": 96.156,
              "Actual Total Time": 96.158,
              "Actual Rows": 1,
              "Actual Loops": 4,
              "Plans": [
                {
                  "Node Type": "Seq Scan",
                  "Parent Relationship": "Outer",
                  "Parallel Aware": true,
                  "Relation Name": "movie_companies",
                  "Alias": "mc",
                  "Startup Cost": 0.0,
                  "Total Cost": 31414.82,
                  "Plan Rows": 242119,
                  "Plan Width": 0,
                  "Actual Startup Time": 48.283,
                  "Actual Total Time": 86.173,
                  "Actual Rows": 240020,
                  "Actual Loops": 4,
                  "Filter": "((company_id > 8969) AND (company_type_id > 1))",
                  "Rows Removed by Filter": 412262
                }
              ]
            }
          ]
        }
      ]
    },
    "Planning Time": 0.056,
    "Triggers": [],
    "Execution Time": 113.462
  }
]