[
  {
    "Plan": {
      "Node Type": "Aggregate",
      "Strategy": "Plain",
      "Partial Mode": "Finalize",
      "Parallel Aware": false,
      "Startup Cost": 24962.75,
      "Total Cost": 24962.76,
      "Plan Rows": 1,
      "Plan Width": 8,
      "Actual Startup Time": 71.664,
      "Actual Total Time": 77.487,
      "Actual Rows": 1,
      "Actual Loops": 1,
      "Plans": [
        {
          "Node Type": "Gather",
          "Parent Relationship": "Outer",
          "Parallel Aware": false,
          "Startup Cost": 24962.43,
          "Total Cost": 24962.74,
          "Plan Rows": 3,
          "Plan Width": 8,
          "Actual Startup Time": 71.396,
          "Actual Total Time": 77.478,
          "Actual Rows": 4,
          "Actual Loops": 1,
          "Workers Planned": 3,
          "Workers Launched": 3,
          "Single Copy": false,
          "Plans": [
            {
              "Node Type": "Aggregate",
              "Strategy": "Plain",
              "Partial Mode": "Partial",
              "Parent Relationship": "Outer",
              "Parallel Aware": false,
              "Startup Cost": 23962.43,
              "Total Cost": 23962.44,
              "Plan Rows": 1,
              "Plan Width": 8,
              "Actual Startup Time": 62.142,
              "Actual Total Time": 62.144,
              "Actual Rows": 1,
              "Actual Loops": 4,
              "Plans": [
                {
                  "Node Type": "Bitmap Heap Scan",
                  "Parent Relationship": "Outer",
                  "Parallel Aware": true,
                  "Relation Name": "movie_companies",
                  "Alias": "mc",
                  "Startup Cost": 4161.02,
                  "Total Cost": 23885.75,
                  "Plan Rows": 30675,
                  "Plan Width": 0,
                  "Actual Startup Time": 21.376,
                  "Actual Total Time": 59.065,
                  "Actual Rows": 38022,
                  "Actual Loops": 4,
                  "Recheck Cond": "(company_id < 50)",
                  "Rows Removed by Index Recheck": 0,
                  "Filter": "(company_type_id < 2)",
                  "Rows Removed by Filter": 9781,
                  "Exact Heap Blocks": 9355,
                  "Lossy Heap Blocks": 0,
                  "Plans": [
                    {
                      "Node Type": "Bitmap Index Scan",
                      "Parent Relationship": "Outer",
                      "Parallel Aware": false,
                      "Index Name": "company_id_movie_companies",
                      "Startup Cost": 0.0,
                      "Total Cost": 4137.25,
                      "Plan Rows": 193176,
                      "Plan Width": 0,
                      "Actual Startup Time": 25.395,
                      "Actual Total Time": 25.395,
                      "Actual Rows": 191210,
                      "Actual Loops": 1,
                      "Index Cond": "(company_id < 50)"
                    }
                  ]
                }
              ]
            }
          ]
        }
      ]
    },
    "Planning Time": 0.295,
    "Triggers": [],
    "Execution Time": 77.563
  }
]