{
  "Plan": {
    "Node Type": "Aggregate",
    "Strategy": "Plain",
    "Partial Mode": "Finalize",
    "Parallel Aware": false,
    "Startup Cost": 124619.43,
    "Total Cost": 124619.44,
    "Plan Rows": 1,
    "Plan Width": 8,
    "Actual Startup Time": 677.915,
    "Actual Total Time": 687.792,
    "Actual Rows": 1,
    "Actual Loops": 1,
    "Plans": [
      {
        "Node Type": "Gather",
        "Parent Relationship": "Outer",
        "Parallel Aware": false,
        "Startup Cost": 124619.31,
        "Total Cost": 124619.42,
        "Plan Rows": 1,
        "Plan Width": 8,
        "Actual Startup Time": 676.7,
        "Actual Total Time": 687.784,
        "Actual Rows": 2,
        "Actual Loops": 1,
        "Workers Planned": 1,
        "Workers Launched": 1,
        "Single Copy": false,
        "Plans": [
          {
            "Node Type": "Aggregate",
            "Strategy": "Plain",
            "Partial Mode": "Partial",
            "Parent Relationship": "Outer",
            "Parallel Aware": false,
            "Startup Cost": 123619.31,
            "Total Cost": 123619.32,
            "Plan Rows": 1,
            "Plan Width": 8,
            "Actual Startup Time": 670.603,
            "Actual Total Time": 670.606,
            "Actual Rows": 1,
            "Actual Loops": 2,
            "Plans": [
              {
                "Node Type": "Hash Join",
                "Parent Relationship": "Outer",
                "Parallel Aware": true,
                "Join Type": "Inner",
                "Startup Cost": 57740.43,
                "Total Cost": 121988.01,
                "Plan Rows": 652523,
                "Plan Width": 0,
                "Actual Startup Time": 244.38,
                "Actual Total Time": 618.985,
                "Actual Rows": 1351352,
                "Actual Loops": 2,
                "Inner Unique": true,
                "Hash Cond": "(mk.movie_id = t.id)",
                "Plans": [
                  {
                    "Node Type": "Seq Scan",
                    "Parent Relationship": "Outer",
                    "Parallel Aware": true,
                    "Relation Name": "movie_keyword",
                    "Alias": "mk",
                    "Startup Cost": 0.0,
                    "Total Cost": 57718.19,
                    "Plan Rows": 2487379,
                    "Plan Width": 4,
                    "Actual Startup Time": 0.027,
                    "Actual Total Time": 193.99,
                    "Actual Rows": 2106720,
                    "Actual Loops": 2,
                    "Filter": "(keyword_id > 245)",
                    "Rows Removed by Filter": 155245
                  },
                  {
                    "Node Type": "Hash",
                    "Parent Relationship": "Inner",
                    "Parallel Aware": true,
                    "Startup Cost": 52863.55,
                    "Total Cost": 52863.55,
                    "Plan Rows": 390151,
                    "Plan Width": 4,
                    "Actual Startup Time": 169.034,
                    "Actual Total Time": 169.036,
                    "Actual Rows": 331412,
                    "Actual Loops": 2,
                    "Hash Buckets": 1048576,
                    "Original Hash Buckets": 1048576,
                    "Hash Batches": 1,
                    "Original Hash Batches": 1,
                    "Peak Memory Usage": 34176,
                    "Plans": [
                      {
                        "Node Type": "Bitmap Heap Scan",
                        "Parent Relationship": "Outer",
                        "Parallel Aware": true,
                        "Relation Name": "title",
                        "Alias": "t",
                        "Startup Cost": 11988.66,
                        "Total Cost": 52863.55,
                        "Plan Rows": 390151,
                        "Plan Width": 4,
                        "Actual Startup Time": 31.217,
                        "Actual Total Time": 89.88,
                        "Actual Rows": 331412,
                        "Actual Loops": 2,
                        "Recheck Cond": "(kind_id = 1)",
                        "Rows Removed by Index Recheck": 0,
                        "Exact Heap Blocks": 7688,
                        "Lossy Heap Blocks": 0,
                        "Plans": [
                          {
                            "Node Type": "Bitmap Index Scan",
                            "Parent Relationship": "Outer",
                            "Parallel Aware": false,
                            "Index Name": "kind_id_title",
                            "Startup Cost": 0.0,
                            "Total Cost": 11822.85,
                            "Plan Rows": 663256,
                            "Plan Width": 0,
                            "Actual Startup Time": 29.359,
                            "Actual Total Time": 29.36,
                            "Actual Rows": 662825,
                            "Actual Loops": 1,
                            "Index Cond": "(kind_id = 1)"
                          }
                        ]
                      }
                    ]
                  }
                ]
              }
            ]
          }
        ]
      }
    ]
  },
  "Planning Time": 0.672,
  "Triggers": [],
  "Execution Time": 687.88
}