[
  {
    "Plan": {
      "Node Type": "Aggregate",
      "Strategy": "Plain",
      "Partial Mode": "Finalize",
      "Parallel Aware": false,
      "Startup Cost": 31785.24,
      "Total Cost": 31785.25,
      "Plan Rows": 1,
      "Plan Width": 8,
      "Actual Startup Time": 91.89,
      "Actual Total Time": 99.899,
      "Actual Rows": 1,
      "Actual Loops": 1,
      "Plans": [
        {
          "Node Type": "Gather",
          "Parent Relationship": "Outer",
          "Parallel Aware": false,
          "Startup Cost": 31784.93,
          "Total Cost": 31785.24,
          "Plan Rows": 3,
          "Plan Width": 8,
          "Actual Startup Time": 91.764,
          "Actual Total Time": 99.892,
          "Actual Rows": 4,
          "Actual Loops": 1,
          "Workers Planned": 3,
          "Workers Launched": 3,
          "Single Copy": false,
          "Plans": [
            {
              "Node Type": "Aggregate",
              "Strategy": "Plain",
              "Partial Mode": "Partial",
              "Parent Relationship": "Outer",
              "Parallel Aware": false,
              "Startup Cost": 30784.93,
              "Total Cost": 30784.94,
              "Plan Rows": 1,
              "Plan Width": 8,
              "Actual Startup Time": 88.626,
              "Actual Total Time": 88.627,
              "Actual Rows": 1,
              "Actual Loops": 4,
              "Plans": [
                {
                  "Node Type": "Seq Scan",
                  "Parent Relationship": "Outer",
                  "Parallel Aware": true,
                  "Relation Name": "movie_companies",
                  "Alias": "mc",
                  "Startup Cost": 0.0,
                  "Total Cost": 29310.68,
                  "Plan Rows": 589698,
                  "Plan Width": 0,
                  "Actual Startup Time": 0.308,
                  "Actual Total Time": 69.976,
                  "Actual Rows": 458394,
                  "Actual Loops": 4,
                  "Filter": "(company_id > 1683)",
                  "Rows Removed by Filter": 193889
                }
              ]
            }
          ]
        }
      ]
    },
    "Planning Time": 0.074,
    "Triggers": [],
    "Execution Time": 99.923
  }
]