[
  {
    "Plan": {
      "Node Type": "Aggregate",
      "Strategy": "Plain",
      "Partial Mode": "Finalize",
      "Parallel Aware": false,
      "Startup Cost": 339528.09,
      "Total Cost": 339528.1,
      "Plan Rows": 1,
      "Plan Width": 8,
      "Actual Startup Time": 736.079,
      "Actual Total Time": 796.646,
      "Actual Rows": 1,
      "Actual Loops": 1,
      "Plans": [
        {
          "Node Type": "Gather",
          "Parent Relationship": "Outer",
          "Parallel Aware": false,
          "Startup Cost": 339527.46,
          "Total Cost": 339528.07,
          "Plan Rows": 6,
          "Plan Width": 8,
          "Actual Startup Time": 735.951,
          "Actual Total Time": 796.633,
          "Actual Rows": 7,
          "Actual Loops": 1,
          "Workers Planned": 6,
          "Workers Launched": 6,
          "Single Copy": false,
          "Plans": [
            {
              "Node Type": "Aggregate",
              "Strategy": "Plain",
              "Partial Mode": "Partial",
              "Parent Relationship": "Outer",
              "Parallel Aware": false,
              "Startup Cost": 338527.46,
              "Total Cost": 338527.47,
              "Plan Rows": 1,
              "Plan Width": 8,
              "Actual Startup Time": 727.522,
              "Actual Total Time": 727.523,
              "Actual Rows": 1,
              "Actual Loops": 7,
              "Plans": [
                {
                  "Node Type": "Seq Scan",
                  "Parent Relationship": "Outer",
                  "Parallel Aware": true,
                  "Relation Name": "cast_info",
                  "Alias": "ci",
                  "Startup Cost": 0.0,
                  "Total Cost": 328162.03,
                  "Plan Rows": 4146175,
                  "Plan Width": 0,
                  "Actual Startup Time": 0.049,
                  "Actual Total Time": 585.311,
                  "Actual Rows": 3567600,
                  "Actual Loops": 7,
                  "Filter": "(person_id < 2573539)",
                  "Rows Removed by Filter": 1610163
                }
              ]
            }
          ]
        }
      ]
    },
    "Planning Time": 0.203,
    "Triggers": [],
    "Execution Time": 796.705
  }
]