[
  {
    "Plan": {
      "Node Type": "Aggregate",
      "Strategy": "Plain",
      "Partial Mode": "Finalize",
      "Parallel Aware": false,
      "Startup Cost": 334927.07,
      "Total Cost": 334927.08,
      "Plan Rows": 1,
      "Plan Width": 8,
      "Actual Startup Time": 747.555,
      "Actual Total Time": 804.892,
      "Actual Rows": 1,
      "Actual Loops": 1,
      "Plans": [
        {
          "Node Type": "Gather",
          "Parent Relationship": "Outer",
          "Parallel Aware": false,
          "Startup Cost": 334926.45,
          "Total Cost": 334927.05,
          "Plan Rows": 6,
          "Plan Width": 8,
          "Actual Startup Time": 747.451,
          "Actual Total Time": 804.881,
          "Actual Rows": 7,
          "Actual Loops": 1,
          "Workers Planned": 6,
          "Workers Launched": 6,
          "Single Copy": false,
          "Plans": [
            {
              "Node Type": "Aggregate",
              "Strategy": "Plain",
              "Partial Mode": "Partial",
              "Parent Relationship": "Outer",
              "Parallel Aware": false,
              "Startup Cost": 333926.45,
              "Total Cost": 333926.46,
              "Plan Rows": 1,
              "Plan Width": 8,
              "Actual Startup Time": 736.98,
              "Actual Total Time": 736.981,
              "Actual Rows": 1,
              "Actual Loops": 7,
              "Plans": [
                {
                  "Node Type": "Seq Scan",
                  "Parent Relationship": "Outer",
                  "Parallel Aware": true,
                  "Relation Name": "cast_info",
                  "Alias": "ci",
                  "Startup Cost": 0.0,
                  "Total Cost": 328162.03,
                  "Plan Rows": 2305768,
                  "Plan Width": 0,
                  "Actual Startup Time": 275.185,
                  "Actual Total Time": 639.274,
                  "Actual Rows": 1972576,
                  "Actual Loops": 7,
                  "Filter": "(person_id > 2288029)",
                  "Rows Removed by Filter": 3205187
                }
              ]
            }
          ]
        }
      ]
    },
    "Planning Time": 0.17,
    "Triggers": [],
    "Execution Time": 804.963
  }
]