[
  {
    "Plan": {
      "Node Type": "Aggregate",
      "Strategy": "Plain",
      "Partial Mode": "Finalize",
      "Parallel Aware": false,
      "Startup Cost": 335889.96,
      "Total Cost": 335889.97,
      "Plan Rows": 1,
      "Plan Width": 8,
      "Actual Startup Time": 794.011,
      "Actual Total Time": 848.124,
      "Actual Rows": 1,
      "Actual Loops": 1,
      "Plans": [
        {
          "Node Type": "Gather",
          "Parent Relationship": "Outer",
          "Parallel Aware": false,
          "Startup Cost": 335889.33,
          "Total Cost": 335889.94,
          "Plan Rows": 6,
          "Plan Width": 8,
          "Actual Startup Time": 793.839,
          "Actual Total Time": 848.111,
          "Actual Rows": 7,
          "Actual Loops": 1,
          "Workers Planned": 6,
          "Workers Launched": 6,
          "Single Copy": false,
          "Plans": [
            {
              "Node Type": "Aggregate",
              "Strategy": "Plain",
              "Partial Mode": "Partial",
              "Parent Relationship": "Outer",
              "Parallel Aware": false,
              "Startup Cost": 334889.33,
              "Total Cost": 334889.34,
              "Plan Rows": 1,
              "Plan Width": 8,
              "Actual Startup Time": 785.765,
              "Actual Total Time": 785.767,
              "Actual Rows": 1,
              "Actual Loops": 7,
              "Plans": [
                {
                  "Node Type": "Seq Scan",
                  "Parent Relationship": "Outer",
                  "Parallel Aware": true,
                  "Relation Name": "cast_info",
                  "Alias": "ci",
                  "Startup Cost": 0.0,
                  "Total Cost": 328211.39,
                  "Plan Rows": 2671176,
                  "Plan Width": 0,
                  "Actual Startup Time": 0.05,
                  "Actual Total Time": 656.709,
                  "Actual Rows": 2316170,
                  "Actual Loops": 7,
                  "Filter": "(person_id < 1605693)",
                  "Rows Removed by Filter": 2861593
                }
              ]
            }
          ]
        }
      ]
    },
    "Planning Time": 0.21,
    "Triggers": [],
    "Execution Time": 848.193
  }
]