{
    "Plan": {
        "Node Type": "Aggregate",
        "Strategy": "Plain",
        "Partial Mode": "Finalize",
        "Parallel Aware": false,
        "Startup Cost": 126485.03,
        "Total Cost": 126485.04,
        "Plan Rows": 1,
        "Plan Width": 8,
        "Actual Startup Time": 1661.177,
        "Actual Total Time": 1687.156,
        "Actual Rows": 1,
        "Actual Loops": 1,
        "Output": [
            "count(*)"
        ],
        "Plans": [
            {
                "Node Type": "Gather",
                "Parent Relationship": "Outer",
                "Parallel Aware": false,
                "Startup Cost": 126484.71,
                "Total Cost": 126485.02,
                "Plan Rows": 3,
                "Plan Width": 8,
                "Actual Startup Time": 1650.664,
                "Actual Total Time": 1687.145,
                "Actual Rows": 4,
                "Actual Loops": 1,
                "Output": [
                    "(PARTIAL count(*))"
                ],
                "Workers Planned": 3,
                "Workers Launched": 3,
                "Single Copy": false,
                "Plans": [
                    {
                        "Node Type": "Aggregate",
                        "Strategy": "Plain",
                        "Partial Mode": "Partial",
                        "Parent Relationship": "Outer",
                        "Parallel Aware": false,
                        "Startup Cost": 125484.71,
                        "Total Cost": 125484.72,
                        "Plan Rows": 1,
                        "Plan Width": 8,
                        "Actual Startup Time": 1641.739,
                        "Actual Total Time": 1642.128,
                        "Actual Rows": 1,
                        "Actual Loops": 4,
                        "Output": [
                            "PARTIAL count(*)"
                        ],
                        "Workers": [
                            {
                                "Worker Number": 0,
                                "Actual Startup Time": 1638.226,
                                "Actual Total Time": 1638.232,
                                "Actual Rows": 1,
                                "Actual Loops": 1
                            },
                            {
                                "Worker Number": 1,
                                "Actual Startup Time": 1638.723,
                                "Actual Total Time": 1638.73,
                                "Actual Rows": 1,
                                "Actual Loops": 1
                            },
                            {
                                "Worker Number": 2,
                                "Actual Startup Time": 1640.113,
                                "Actual Total Time": 1640.119,
                                "Actual Rows": 1,
                                "Actual Loops": 1
                            }
                        ],
                        "Plans": [
                            {
                                "Node Type": "Hash Join",
                                "Parent Relationship": "Outer",
                                "Parallel Aware": true,
                                "Join Type": "Inner",
                                "Startup Cost": 79029.6,
                                "Total Cost": 124639.72,
                                "Plan Rows": 337996,
                                "Plan Width": 0,
                                "Actual Startup Time": 611.473,
                                "Actual Total Time": 1354.21,
                                "Actual Rows": 5943812,
                                "Actual Loops": 4,
                                "Inner Unique": false,
                                "Hash Cond": "(mk.movie_id = t.id)",
                                "Workers": [
                                    {
                                        "Worker Number": 0,
                                        "Actual Startup Time": 608.254,
                                        "Actual Total Time": 1349.336,
                                        "Actual Rows": 4577819,
                                        "Actual Loops": 1
                                    },
                                    {
                                        "Worker Number": 1,
                                        "Actual Startup Time": 608.824,
                                        "Actual Total Time": 1349.366,
                                        "Actual Rows": 4581290,
                                        "Actual Loops": 1
                                    },
                                    {
                                        "Worker Number": 2,
                                        "Actual Startup Time": 608.813,
                                        "Actual Total Time": 1360.97,
                                        "Actual Rows": 7104102,
                                        "Actual Loops": 1
                                    }
                                ],
                                "Plans": [
                                    {
                                        "Node Type": "Seq Scan",
                                        "Parent Relationship": "Outer",
                                        "Parallel Aware": true,
                                        "Relation Name": "movie_keyword",
                                        "Schema": "public",
                                        "Alias": "mk",
                                        "Startup Cost": 0.0,
                                        "Total Cost": 39047.32,
                                        "Plan Rows": 1459332,
                                        "Plan Width": 4,
                                        "Actual Startup Time": 0.024,
                                        "Actual Total Time": 116.593,
                                        "Actual Rows": 1130982,
                                        "Actual Loops": 4,
                                        "Output": [
                                            "mk.id",
                                            "mk.movie_id",
                                            "mk.keyword_id"
                                        ],
                                        "Workers": [
                                            {
                                                "Worker Number": 0,
                                                "Actual Startup Time": 0.027,
                                                "Actual Total Time": 121.635,
                                                "Actual Rows": 875790,
                                                "Actual Loops": 1
                                            },
                                            {
                                                "Worker Number": 1,
                                                "Actual Startup Time": 0.033,
                                                "Actual Total Time": 119.433,
                                                "Actual Rows": 849460,
                                                "Actual Loops": 1
                                            },
                                            {
                                                "Worker Number": 2,
                                                "Actual Startup Time": 0.024,
                                                "Actual Total Time": 130.241,
                                                "Actual Rows": 1361970,
                                                "Actual Loops": 1
                                            }
                                        ]
                                    },
                                    {
                                        "Node Type": "Hash",
                                        "Parent Relationship": "Inner",
                                        "Parallel Aware": true,
                                        "Startup Cost": 76668.37,
                                        "Total Cost": 76668.37,
                                        "Plan Rows": 188898,
                                        "Plan Width": 8,
                                        "Actual Startup Time": 606.169,
                                        "Actual Total Time": 606.556,
                                        "Actual Rows": 329174,
                                        "Actual Loops": 4,
                                        "Output": [
                                            "t.id",
                                            "mc.movie_id"
                                        ],
                                        "Hash Buckets": 2097152,
                                        "Original Hash Buckets": 1048576,
                                        "Hash Batches": 1,
                                        "Original Hash Batches": 1,
                                        "Peak Memory Usage": 76160,
                                        "Workers": [
                                            {
                                                "Worker Number": 0,
                                                "Actual Startup Time": 607.583,
                                                "Actual Total Time": 607.587,
                                                "Actual Rows": 283913,
                                                "Actual Loops": 1
                                            },
                                            {
                                                "Worker Number": 1,
                                                "Actual Startup Time": 607.896,
                                                "Actual Total Time": 607.901,
                                                "Actual Rows": 270392,
                                                "Actual Loops": 1
                                            },
                                            {
                                                "Worker Number": 2,
                                                "Actual Startup Time": 607.865,
                                                "Actual Total Time": 607.87,
                                                "Actual Rows": 365012,
                                                "Actual Loops": 1
                                            }
                                        ],
                                        "Plans": [
                                            {
                                                "Node Type": "Hash Join",
                                                "Parent Relationship": "Outer",
                                                "Parallel Aware": true,
                                                "Join Type": "Inner",
                                                "Startup Cost": 47252.48,
                                                "Total Cost": 76668.37,
                                                "Plan Rows": 188898,
                                                "Plan Width": 8,
                                                "Actual Startup Time": 185.227,
                                                "Actual Total Time": 455.982,
                                                "Actual Rows": 329174,
                                                "Actual Loops": 4,
                                                "Output": [
                                                    "t.id",
                                                    "mc.movie_id"
                                                ],
                                                "Inner Unique": true,
                                                "Hash Cond": "(mc.movie_id = t.id)",
                                                "Workers": [
                                                    {
                                                        "Worker Number": 0,
                                                        "Actual Startup Time": 185.059,
                                                        "Actual Total Time": 457.613,
                                                        "Actual Rows": 283913,
                                                        "Actual Loops": 1
                                                    },
                                                    {
                                                        "Worker Number": 1,
                                                        "Actual Startup Time": 185.42,
                                                        "Actual Total Time": 455.327,
                                                        "Actual Rows": 270392,
                                                        "Actual Loops": 1
                                                    },
                                                    {
                                                        "Worker Number": 2,
                                                        "Actual Startup Time": 185.097,
                                                        "Actual Total Time": 456.959,
                                                        "Actual Rows": 365012,
                                                        "Actual Loops": 1
                                                    }
                                                ],
                                                "Plans": [
                                                    {
                                                        "Node Type": "Seq Scan",
                                                        "Parent Relationship": "Outer",
                                                        "Parallel Aware": true,
                                                        "Relation Name": "movie_companies",
                                                        "Schema": "public",
                                                        "Alias": "mc",
                                                        "Startup Cost": 0.0,
                                                        "Total Cost": 27206.55,
                                                        "Plan Rows": 841655,
                                                        "Plan Width": 4,
                                                        "Actual Startup Time": 0.028,
                                                        "Actual Total Time": 70.929,
                                                        "Actual Rows": 652282,
                                                        "Actual Loops": 4,
                                                        "Output": [
                                                            "mc.id",
                                                            "mc.movie_id",
                                                            "mc.company_id",
                                                            "mc.company_type_id",
                                                            "mc.note"
                                                        ],
                                                        "Workers": [
                                                            {
                                                                "Worker Number": 0,
                                                                "Actual Startup Time": 0.027,
                                                                "Actual Total Time": 76.997,
                                                                "Actual Rows": 563647,
                                                                "Actual Loops": 1
                                                            },
                                                            {
                                                                "Worker Number": 1,
                                                                "Actual Startup Time": 0.05,
                                                                "Actual Total Time": 75.058,
                                                                "Actual Rows": 532208,
                                                                "Actual Loops": 1
                                                            },
                                                            {
                                                                "Worker Number": 2,
                                                                "Actual Startup Time": 0.023,
                                                                "Actual Total Time": 70.186,
                                                                "Actual Rows": 719658,
                                                                "Actual Loops": 1
                                                            }
                                                        ]
                                                    },
                                                    {
                                                        "Node Type": "Hash",
                                                        "Parent Relationship": "Inner",
                                                        "Parallel Aware": true,
                                                        "Startup Cost": 45479.21,
                                                        "Total Cost": 45479.21,
                                                        "Plan Rows": 141862,
                                                        "Plan Width": 4,
                                                        "Actual Startup Time": 182.421,
                                                        "Actual Total Time": 182.422,
                                                        "Actual Rows": 160446,
                                                        "Actual Loops": 4,
                                                        "Output": [
                                                            "t.id"
                                                        ],
                                                        "Hash Buckets": 1048576,
                                                        "Original Hash Buckets": 1048576,
                                                        "Hash Batches": 1,
                                                        "Original Hash Batches": 1,
                                                        "Peak Memory Usage": 33376,
                                                        "Workers": [
                                                            {
                                                                "Worker Number": 0,
                                                                "Actual Startup Time": 184.888,
                                                                "Actual Total Time": 184.889,
                                                                "Actual Rows": 128792,
                                                                "Actual Loops": 1
                                                            },
                                                            {
                                                                "Worker Number": 1,
                                                                "Actual Startup Time": 184.929,
                                                                "Actual Total Time": 184.93,
                                                                "Actual Rows": 125025,
                                                                "Actual Loops": 1
                                                            },
                                                            {
                                                                "Worker Number": 2,
                                                                "Actual Startup Time": 184.973,
                                                                "Actual Total Time": 184.975,
                                                                "Actual Rows": 172792,
                                                                "Actual Loops": 1
                                                            }
                                                        ],
                                                        "Plans": [
                                                            {
                                                                "Node Type": "Seq Scan",
                                                                "Parent Relationship": "Outer",
                                                                "Parallel Aware": true,
                                                                "Relation Name": "title",
                                                                "Schema": "public",
                                                                "Alias": "t",
                                                                "Startup Cost": 0.0,
                                                                "Total Cost": 45479.21,
                                                                "Plan Rows": 141862,
                                                                "Plan Width": 4,
                                                                "Actual Startup Time": 0.085,
                                                                "Actual Total Time": 113.311,
                                                                "Actual Rows": 160446,
                                                                "Actual Loops": 4,
                                                                "Output": [
                                                                    "t.id"
                                                                ],
                                                                "Filter": "((t.kind_id < 7) AND (t.production_year < 2006))",
                                                                "Rows Removed by Filter": 471632,
                                                                "Workers": [
                                                                    {
                                                                        "Worker Number": 0,
                                                                        "Actual Startup Time": 0.151,
                                                                        "Actual Total Time": 115.436,
                                                                        "Actual Rows": 128792,
                                                                        "Actual Loops": 1
                                                                    },
                                                                    {
                                                                        "Worker Number": 1,
                                                                        "Actual Startup Time": 0.086,
                                                                        "Actual Total Time": 115.429,
                                                                        "Actual Rows": 125025,
                                                                        "Actual Loops": 1
                                                                    },
                                                                    {
                                                                        "Worker Number": 2,
                                                                        "Actual Startup Time": 0.082,
                                                                        "Actual Total Time": 113.335,
                                                                        "Actual Rows": 172792,
                                                                        "Actual Loops": 1
                                                                    }
                                                                ]
                                                            }
                                                        ]
                                                    }
                                                ]
                                            }
                                        ]
                                    }
                                ]
                            }
                        ]
                    }
                ]
            }
        ]
    },
    "Planning Time": 1.566,
    "Triggers": [],
    "Execution Time": 1687.244
}