[
    {
        "Bao": {
            "Bao prediction": "NaN",
            "Bao recommended hint": "(no hint)"
        }
    },
    {
        "Plan": {
            "Node Type": "Aggregate",
            "Strategy": "Plain",
            "Partial Mode": "Finalize",
            "Parallel Aware": false,
            "Startup Cost": 70093.5,
            "Total Cost": 70093.51,
            "Plan Rows": 1,
            "Plan Width": 8,
            "Actual Startup Time": 203.541,
            "Actual Total Time": 212.646,
            "Actual Rows": 1,
            "Actual Loops": 1,
            "Output": [
                "count(*)"
            ],
            "Plans": [
                {
                    "Node Type": "Gather",
                    "Parent Relationship": "Outer",
                    "Parallel Aware": false,
                    "Startup Cost": 70093.08,
                    "Total Cost": 70093.49,
                    "Plan Rows": 4,
                    "Plan Width": 8,
                    "Actual Startup Time": 202.243,
                    "Actual Total Time": 212.637,
                    "Actual Rows": 5,
                    "Actual Loops": 1,
                    "Output": [
                        "(PARTIAL count(*))"
                    ],
                    "Workers Planned": 4,
                    "Workers Launched": 4,
                    "Single Copy": false,
                    "Plans": [
                        {
                            "Node Type": "Aggregate",
                            "Strategy": "Plain",
                            "Partial Mode": "Partial",
                            "Parent Relationship": "Outer",
                            "Parallel Aware": false,
                            "Startup Cost": 69093.08,
                            "Total Cost": 69093.09,
                            "Plan Rows": 1,
                            "Plan Width": 8,
                            "Actual Startup Time": 191.898,
                            "Actual Total Time": 191.903,
                            "Actual Rows": 1,
                            "Actual Loops": 5,
                            "Output": [
                                "PARTIAL count(*)"
                            ],
                            "Workers": [
                                {
                                    "Worker Number": 0,
                                    "Actual Startup Time": 189.461,
                                    "Actual Total Time": 189.465,
                                    "Actual Rows": 1,
                                    "Actual Loops": 1
                                },
                                {
                                    "Worker Number": 1,
                                    "Actual Startup Time": 189.286,
                                    "Actual Total Time": 189.29,
                                    "Actual Rows": 1,
                                    "Actual Loops": 1
                                },
                                {
                                    "Worker Number": 2,
                                    "Actual Startup Time": 189.985,
                                    "Actual Total Time": 189.988,
                                    "Actual Rows": 1,
                                    "Actual Loops": 1
                                },
                                {
                                    "Worker Number": 3,
                                    "Actual Startup Time": 189.342,
                                    "Actual Total Time": 189.345,
                                    "Actual Rows": 1,
                                    "Actual Loops": 1
                                }
                            ],
                            "Plans": [
                                {
                                    "Node Type": "Hash Join",
                                    "Parent Relationship": "Outer",
                                    "Parallel Aware": true,
                                    "Join Type": "Inner",
                                    "Startup Cost": 22821.54,
                                    "Total Cost": 69033.18,
                                    "Plan Rows": 23962,
                                    "Plan Width": 0,
                                    "Actual Startup Time": 146.163,
                                    "Actual Total Time": 190.819,
                                    "Actual Rows": 19108,
                                    "Actual Loops": 5,
                                    "Inner Unique": false,
                                    "Hash Cond": "(t.id = mc.movie_id)",
                                    "Workers": [
                                        {
                                            "Worker Number": 0,
                                            "Actual Startup Time": 146.82,
                                            "Actual Total Time": 188.337,
                                            "Actual Rows": 13673,
                                            "Actual Loops": 1
                                        },
                                        {
                                            "Worker Number": 1,
                                            "Actual Startup Time": 146.62,
                                            "Actual Total Time": 188.273,
                                            "Actual Rows": 20491,
                                            "Actual Loops": 1
                                        },
                                        {
                                            "Worker Number": 2,
                                            "Actual Startup Time": 141.512,
                                            "Actual Total Time": 188.968,
                                            "Actual Rows": 20930,
                                            "Actual Loops": 1
                                        },
                                        {
                                            "Worker Number": 3,
                                            "Actual Startup Time": 146.537,
                                            "Actual Total Time": 188.225,
                                            "Actual Rows": 13246,
                                            "Actual Loops": 1
                                        }
                                    ],
                                    "Plans": [
                                        {
                                            "Node Type": "Seq Scan",
                                            "Parent Relationship": "Outer",
                                            "Parallel Aware": true,
                                            "Relation Name": "title",
                                            "Schema": "public",
                                            "Alias": "t",
                                            "Startup Cost": 0.0,
                                            "Total Cost": 43899.01,
                                            "Plan Rows": 447066,
                                            "Plan Width": 4,
                                            "Actual Startup Time": 0.021,
                                            "Actual Total Time": 84.181,
                                            "Actual Rows": 358831,
                                            "Actual Loops": 5,
                                            "Output": [
                                                "t.id",
                                                "t.title",
                                                "t.imdb_index",
                                                "t.kind_id",
                                                "t.production_year",
                                                "t.imdb_id",
                                                "t.phonetic_code",
                                                "t.episode_of_id",
                                                "t.season_nr",
                                                "t.episode_nr",
                                                "t.series_years",
                                                "t.md5sum"
                                            ],
                                            "Filter": "(t.production_year < 2009)",
                                            "Rows Removed by Filter": 146832,
                                            "Workers": [
                                                {
                                                    "Worker Number": 0,
                                                    "Actual Startup Time": 0.025,
                                                    "Actual Total Time": 87.061,
                                                    "Actual Rows": 257055,
                                                    "Actual Loops": 1
                                                },
                                                {
                                                    "Worker Number": 1,
                                                    "Actual Startup Time": 0.024,
                                                    "Actual Total Time": 83.633,
                                                    "Actual Rows": 373356,
                                                    "Actual Loops": 1
                                                },
                                                {
                                                    "Worker Number": 2,
                                                    "Actual Startup Time": 0.03,
                                                    "Actual Total Time": 84.965,
                                                    "Actual Rows": 388101,
                                                    "Actual Loops": 1
                                                },
                                                {
                                                    "Worker Number": 3,
                                                    "Actual Startup Time": 0.013,
                                                    "Actual Total Time": 85.83,
                                                    "Actual Rows": 250785,
                                                    "Actual Loops": 1
                                                }
                                            ]
                                        },
                                        {
                                            "Node Type": "Hash",
                                            "Parent Relationship": "Inner",
                                            "Parallel Aware": true,
                                            "Startup Cost": 22275.1,
                                            "Total Cost": 22275.1,
                                            "Plan Rows": 43715,
                                            "Plan Width": 4,
                                            "Actual Startup Time": 48.75,
                                            "Actual Total Time": 48.752,
                                            "Actual Rows": 27564,
                                            "Actual Loops": 5,
                                            "Output": [
                                                "mc.movie_id"
                                            ],
                                            "Hash Buckets": 262144,
                                            "Original Hash Buckets": 262144,
                                            "Hash Batches": 1,
                                            "Original Hash Batches": 1,
                                            "Peak Memory Usage": 7520,
                                            "Workers": [
                                                {
                                                    "Worker Number": 0,
                                                    "Actual Startup Time": 47.883,
                                                    "Actual Total Time": 47.884,
                                                    "Actual Rows": 18631,
                                                    "Actual Loops": 1
                                                },
                                                {
                                                    "Worker Number": 1,
                                                    "Actual Startup Time": 47.702,
                                                    "Actual Total Time": 47.703,
                                                    "Actual Rows": 20217,
                                                    "Actual Loops": 1
                                                },
                                                {
                                                    "Worker Number": 2,
                                                    "Actual Startup Time": 48.448,
                                                    "Actual Total Time": 48.449,
                                                    "Actual Rows": 17629,
                                                    "Actual Loops": 1
                                                },
                                                {
                                                    "Worker Number": 3,
                                                    "Actual Startup Time": 47.61,
                                                    "Actual Total Time": 47.612,
                                                    "Actual Rows": 19975,
                                                    "Actual Loops": 1
                                                }
                                            ],
                                            "Plans": [
                                                {
                                                    "Node Type": "Bitmap Heap Scan",
                                                    "Parent Relationship": "Outer",
                                                    "Parallel Aware": true,
                                                    "Relation Name": "movie_companies",
                                                    "Schema": "public",
                                                    "Alias": "mc",
                                                    "Startup Cost": 2938.67,
                                                    "Total Cost": 22275.1,
                                                    "Plan Rows": 43715,
                                                    "Plan Width": 4,
                                                    "Actual Startup Time": 11.802,
                                                    "Actual Total Time": 34.045,
                                                    "Actual Rows": 27564,
                                                    "Actual Loops": 5,
                                                    "Output": [
                                                        "mc.movie_id"
                                                    ],
                                                    "Recheck Cond": "(mc.company_id > 137340)",
                                                    "Rows Removed by Index Recheck": 0,
                                                    "Exact Heap Blocks": 1667,
                                                    "Lossy Heap Blocks": 0,
                                                    "Workers": [
                                                        {
                                                            "Worker Number": 0,
                                                            "Actual Startup Time": 10.921,
                                                            "Actual Total Time": 34.499,
                                                            "Actual Rows": 18631,
                                                            "Actual Loops": 1
                                                        },
                                                        {
                                                            "Worker Number": 1,
                                                            "Actual Startup Time": 10.71,
                                                            "Actual Total Time": 33.564,
                                                            "Actual Rows": 20217,
                                                            "Actual Loops": 1
                                                        },
                                                        {
                                                            "Worker Number": 2,
                                                            "Actual Startup Time": 11.597,
                                                            "Actual Total Time": 34.993,
                                                            "Actual Rows": 17629,
                                                            "Actual Loops": 1
                                                        },
                                                        {
                                                            "Worker Number": 3,
                                                            "Actual Startup Time": 10.778,
                                                            "Actual Total Time": 33.893,
                                                            "Actual Rows": 19975,
                                                            "Actual Loops": 1
                                                        }
                                                    ],
                                                    "Plans": [
                                                        {
                                                            "Node Type": "Bitmap Index Scan",
                                                            "Parent Relationship": "Outer",
                                                            "Parallel Aware": false,
                                                            "Index Name": "company_id_movie_companies",
                                                            "Startup Cost": 0.0,
                                                            "Total Cost": 2904.79,
                                                            "Plan Rows": 135515,
                                                            "Plan Width": 0,
                                                            "Actual Startup Time": 13.923,
                                                            "Actual Total Time": 13.923,
                                                            "Actual Rows": 137818,
                                                            "Actual Loops": 1,
                                                            "Index Cond": "(mc.company_id > 137340)"
                                                        }
                                                    ]
                                                }
                                            ]
                                        }
                                    ]
                                }
                            ]
                        }
                    ]
                }
            ]
        },
        "Planning Time": 218.21,
        "Triggers": [],
        "Execution Time": 212.764
    }
]