[
  {
    "Plan": {
      "Node Type": "Aggregate",
      "Strategy": "Plain",
      "Partial Mode": "Finalize",
      "Parallel Aware": false,
      "Startup Cost": 105037.5,
      "Total Cost": 105037.51,
      "Plan Rows": 1,
      "Plan Width": 8,
      "Actual Startup Time": 969.275,
      "Actual Total Time": 990.739,
      "Actual Rows": 1,
      "Actual Loops": 1,
      "Plans": [
        {
          "Node Type": "Gather",
          "Parent Relationship": "Outer",
          "Parallel Aware": false,
          "Startup Cost": 105037.28,
          "Total Cost": 105037.49,
          "Plan Rows": 2,
          "Plan Width": 8,
          "Actual Startup Time": 957.814,
          "Actual Total Time": 990.732,
          "Actual Rows": 3,
          "Actual Loops": 1,
          "Workers Planned": 2,
          "Workers Launched": 2,
          "Single Copy": false,
          "Plans": [
            {
              "Node Type": "Aggregate",
              "Strategy": "Plain",
              "Partial Mode": "Partial",
              "Parent Relationship": "Outer",
              "Parallel Aware": false,
              "Startup Cost": 104037.28,
              "Total Cost": 104037.29,
              "Plan Rows": 1,
              "Plan Width": 8,
              "Actual Startup Time": 948.317,
              "Actual Total Time": 948.325,
              "Actual Rows": 1,
              "Actual Loops": 3,
              "Plans": [
                {
                  "Node Type": "Hash Join",
                  "Parent Relationship": "Outer",
                  "Parallel Aware": true,
                  "Join Type": "Inner",
                  "Startup Cost": 86813.73,
                  "Total Cost": 103433.83,
                  "Plan Rows": 241380,
                  "Plan Width": 0,
                  "Actual Startup Time": 757.047,
                  "Actual Total Time": 917.765,
                  "Actual Rows": 773225,
                  "Actual Loops": 3,
                  "Inner Unique": false,
                  "Hash Cond": "(mi_idx.movie_id = t.id)",
                  "Plans": [
                    {
                      "Node Type": "Seq Scan",
                      "Parent Relationship": "Outer",
                      "Parallel Aware": true,
                      "Relation Name": "movie_info_idx",
                      "Alias": "mi_idx",
                      "Startup Cost": 0.0,
                      "Total Cost": 13685.15,
                      "Plan Rows": 575015,
                      "Plan Width": 4,
                      "Actual Startup Time": 0.015,
                      "Actual Total Time": 37.694,
                      "Actual Rows": 460012,
                      "Actual Loops": 3
                    },
                    {
                      "Node Type": "Hash",
                      "Parent Relationship": "Inner",
                      "Parallel Aware": true,
                      "Startup Cost": 82533.95,
                      "Total Cost": 82533.95,
                      "Plan Rows": 342382,
                      "Plan Width": 8,
                      "Actual Startup Time": 747.929,
                      "Actual Total Time": 747.935,
                      "Actual Rows": 424749,
                      "Actual Loops": 3,
                      "Hash Buckets": 2097152,
                      "Original Hash Buckets": 2097152,
                      "Hash Batches": 1,
                      "Original Hash Batches": 1,
                      "Peak Memory Usage": 66272,
                      "Plans": [
                        {
                          "Node Type": "Hash Join",
                          "Parent Relationship": "Outer",
                          "Parallel Aware": true,
                          "Join Type": "Inner",
                          "Startup Cost": 50220.38,
                          "Total Cost": 82533.95,
                          "Plan Rows": 342382,
                          "Plan Width": 8,
                          "Actual Startup Time": 404.817,
                          "Actual Total Time": 628.43,
                          "Actual Rows": 424749,
                          "Actual Loops": 3,
                          "Inner Unique": true,
                          "Hash Cond": "(mc.movie_id = t.id)",
                          "Plans": [
                            {
                              "Node Type": "Seq Scan",
                              "Parent Relationship": "Outer",
                              "Parallel Aware": true,
                              "Relation Name": "movie_companies",
                              "Alias": "mc",
                              "Startup Cost": 0.0,
                              "Total Cost": 31414.82,
                              "Plan Rows": 342382,
                              "Plan Width": 4,
                              "Actual Startup Time": 0.013,
                              "Actual Total Time": 90.557,
                              "Actual Rows": 424749,
                              "Actual Loops": 3,
                              "Filter": "((company_id < 78522) AND (company_type_id = 1))",
                              "Rows Removed by Filter": 444961
                            },
                            {
                              "Node Type": "Hash",
                              "Parent Relationship": "Inner",
                              "Parallel Aware": true,
                              "Startup Cost": 42319.06,
                              "Total Cost": 42319.06,
                              "Plan Rows": 632106,
                              "Plan Width": 4,
                              "Actual Startup Time": 396.027,
                              "Actual Total Time": 396.028,
                              "Actual Rows": 842771,
                              "Actual Loops": 3,
                              "Hash Buckets": 4194304,
                              "Original Hash Buckets": 4194304,
                              "Hash Batches": 1,
                              "Original Hash Batches": 1,
                              "Peak Memory Usage": 131712,
                              "Plans": [
                                {
                                  "Node Type": "Seq Scan",
                                  "Parent Relationship": "Outer",
                                  "Parallel Aware": true,
                                  "Relation Name": "title",
                                  "Alias": "t",
                                  "Startup Cost": 0.0,
                                  "Total Cost": 42319.06,
                                  "Plan Rows": 632106,
                                  "Plan Width": 4,
                                  "Actual Startup Time": 0.043,
                                  "Actual Total Time": 116.303,
                                  "Actual Rows": 842771,
                                  "Actual Loops": 3
                                }
                              ]
                            }
                          ]
                        }
                      ]
                    }
                  ]
                }
              ]
            }
          ]
        }
      ]
    },
    "Planning Time": 0.931,
    "Triggers": [],
    "Execution Time": 990.798
  }
]