[
    {
        "Bao": {
            "Bao prediction": "NaN",
            "Bao recommended hint": "(no hint)"
        }
    },
    {
        "Plan": {
            "Node Type": "Aggregate",
            "Strategy": "Plain",
            "Partial Mode": "Finalize",
            "Parallel Aware": false,
            "Startup Cost": 407069.53,
            "Total Cost": 407069.54,
            "Plan Rows": 1,
            "Plan Width": 8,
            "Actual Startup Time": 2250.13,
            "Actual Total Time": 2286.264,
            "Actual Rows": 1,
            "Actual Loops": 1,
            "Output": [
                "count(*)"
            ],
            "Plans": [
                {
                    "Node Type": "Gather",
                    "Parent Relationship": "Outer",
                    "Parallel Aware": false,
                    "Startup Cost": 407068.91,
                    "Total Cost": 407069.52,
                    "Plan Rows": 6,
                    "Plan Width": 8,
                    "Actual Startup Time": 2243.62,
                    "Actual Total Time": 2286.253,
                    "Actual Rows": 7,
                    "Actual Loops": 1,
                    "Output": [
                        "(PARTIAL count(*))"
                    ],
                    "Workers Planned": 6,
                    "Workers Launched": 6,
                    "Single Copy": false,
                    "Plans": [
                        {
                            "Node Type": "Aggregate",
                            "Strategy": "Plain",
                            "Partial Mode": "Partial",
                            "Parent Relationship": "Outer",
                            "Parallel Aware": false,
                            "Startup Cost": 406068.91,
                            "Total Cost": 406068.92,
                            "Plan Rows": 1,
                            "Plan Width": 8,
                            "Actual Startup Time": 2230.939,
                            "Actual Total Time": 2231.067,
                            "Actual Rows": 1,
                            "Actual Loops": 7,
                            "Output": [
                                "PARTIAL count(*)"
                            ],
                            "Workers": [
                                {
                                    "Worker Number": 0,
                                    "Actual Startup Time": 2228.639,
                                    "Actual Total Time": 2228.644,
                                    "Actual Rows": 1,
                                    "Actual Loops": 1
                                },
                                {
                                    "Worker Number": 1,
                                    "Actual Startup Time": 2229.514,
                                    "Actual Total Time": 2229.519,
                                    "Actual Rows": 1,
                                    "Actual Loops": 1
                                },
                                {
                                    "Worker Number": 2,
                                    "Actual Startup Time": 2228.803,
                                    "Actual Total Time": 2228.809,
                                    "Actual Rows": 1,
                                    "Actual Loops": 1
                                },
                                {
                                    "Worker Number": 3,
                                    "Actual Startup Time": 2228.883,
                                    "Actual Total Time": 2228.889,
                                    "Actual Rows": 1,
                                    "Actual Loops": 1
                                },
                                {
                                    "Worker Number": 4,
                                    "Actual Startup Time": 2228.926,
                                    "Actual Total Time": 2228.929,
                                    "Actual Rows": 1,
                                    "Actual Loops": 1
                                },
                                {
                                    "Worker Number": 5,
                                    "Actual Startup Time": 2228.852,
                                    "Actual Total Time": 2228.857,
                                    "Actual Rows": 1,
                                    "Actual Loops": 1
                                }
                            ],
                            "Plans": [
                                {
                                    "Node Type": "Hash Join",
                                    "Parent Relationship": "Outer",
                                    "Parallel Aware": true,
                                    "Join Type": "Inner",
                                    "Startup Cost": 63655.38,
                                    "Total Cost": 403576.19,
                                    "Plan Rows": 997088,
                                    "Plan Width": 0,
                                    "Actual Startup Time": 247.821,
                                    "Actual Total Time": 2087.022,
                                    "Actual Rows": 2876626,
                                    "Actual Loops": 7,
                                    "Inner Unique": false,
                                    "Hash Cond": "(ci.movie_id = t.id)",
                                    "Workers": [
                                        {
                                            "Worker Number": 0,
                                            "Actual Startup Time": 245.574,
                                            "Actual Total Time": 2078.768,
                                            "Actual Rows": 2532013,
                                            "Actual Loops": 1
                                        },
                                        {
                                            "Worker Number": 1,
                                            "Actual Startup Time": 245.668,
                                            "Actual Total Time": 2093.361,
                                            "Actual Rows": 2379060,
                                            "Actual Loops": 1
                                        },
                                        {
                                            "Worker Number": 2,
                                            "Actual Startup Time": 245.855,
                                            "Actual Total Time": 2076.694,
                                            "Actual Rows": 2299945,
                                            "Actual Loops": 1
                                        },
                                        {
                                            "Worker Number": 3,
                                            "Actual Startup Time": 246.081,
                                            "Actual Total Time": 2087.37,
                                            "Actual Rows": 2167407,
                                            "Actual Loops": 1
                                        },
                                        {
                                            "Worker Number": 4,
                                            "Actual Startup Time": 245.834,
                                            "Actual Total Time": 2090.611,
                                            "Actual Rows": 3471585,
                                            "Actual Loops": 1
                                        },
                                        {
                                            "Worker Number": 5,
                                            "Actual Startup Time": 245.889,
                                            "Actual Total Time": 2090.92,
                                            "Actual Rows": 3462578,
                                            "Actual Loops": 1
                                        }
                                    ],
                                    "Plans": [
                                        {
                                            "Node Type": "Seq Scan",
                                            "Parent Relationship": "Outer",
                                            "Parallel Aware": true,
                                            "Relation Name": "cast_info",
                                            "Schema": "public",
                                            "Alias": "ci",
                                            "Startup Cost": 0.0,
                                            "Total Cost": 313108.29,
                                            "Plan Rows": 6042129,
                                            "Plan Width": 4,
                                            "Actual Startup Time": 0.04,
                                            "Actual Total Time": 554.432,
                                            "Actual Rows": 5177763,
                                            "Actual Loops": 7,
                                            "Output": [
                                                "ci.id",
                                                "ci.person_id",
                                                "ci.movie_id",
                                                "ci.person_role_id",
                                                "ci.note",
                                                "ci.nr_order",
                                                "ci.role_id"
                                            ],
                                            "Workers": [
                                                {
                                                    "Worker Number": 0,
                                                    "Actual Startup Time": 0.037,
                                                    "Actual Total Time": 587.259,
                                                    "Actual Rows": 4516312,
                                                    "Actual Loops": 1
                                                },
                                                {
                                                    "Worker Number": 1,
                                                    "Actual Startup Time": 0.082,
                                                    "Actual Total Time": 544.837,
                                                    "Actual Rows": 4234121,
                                                    "Actual Loops": 1
                                                },
                                                {
                                                    "Worker Number": 2,
                                                    "Actual Startup Time": 0.033,
                                                    "Actual Total Time": 585.042,
                                                    "Actual Rows": 4102012,
                                                    "Actual Loops": 1
                                                },
                                                {
                                                    "Worker Number": 3,
                                                    "Actual Startup Time": 0.07,
                                                    "Actual Total Time": 556.763,
                                                    "Actual Rows": 3877041,
                                                    "Actual Loops": 1
                                                },
                                                {
                                                    "Worker Number": 4,
                                                    "Actual Startup Time": 0.026,
                                                    "Actual Total Time": 565.531,
                                                    "Actual Rows": 6323396,
                                                    "Actual Loops": 1
                                                },
                                                {
                                                    "Worker Number": 5,
                                                    "Actual Startup Time": 0.023,
                                                    "Actual Total Time": 562.567,
                                                    "Actual Rows": 6267032,
                                                    "Actual Loops": 1
                                                }
                                            ]
                                        },
                                        {
                                            "Node Type": "Hash",
                                            "Parent Relationship": "Inner",
                                            "Parallel Aware": true,
                                            "Startup Cost": 61482.3,
                                            "Total Cost": 61482.3,
                                            "Plan Rows": 173846,
                                            "Plan Width": 8,
                                            "Actual Startup Time": 245.709,
                                            "Actual Total Time": 245.835,
                                            "Actual Rows": 106137,
                                            "Actual Loops": 7,
                                            "Output": [
                                                "t.id",
                                                "mi_idx.movie_id"
                                            ],
                                            "Hash Buckets": 1048576,
                                            "Original Hash Buckets": 524288,
                                            "Hash Batches": 1,
                                            "Original Hash Batches": 1,
                                            "Peak Memory Usage": 41408,
                                            "Workers": [
                                                {
                                                    "Worker Number": 0,
                                                    "Actual Startup Time": 244.657,
                                                    "Actual Total Time": 244.66,
                                                    "Actual Rows": 88942,
                                                    "Actual Loops": 1
                                                },
                                                {
                                                    "Worker Number": 1,
                                                    "Actual Startup Time": 244.711,
                                                    "Actual Total Time": 244.714,
                                                    "Actual Rows": 83370,
                                                    "Actual Loops": 1
                                                },
                                                {
                                                    "Worker Number": 2,
                                                    "Actual Startup Time": 244.814,
                                                    "Actual Total Time": 244.819,
                                                    "Actual Rows": 91456,
                                                    "Actual Loops": 1
                                                },
                                                {
                                                    "Worker Number": 3,
                                                    "Actual Startup Time": 244.888,
                                                    "Actual Total Time": 244.891,
                                                    "Actual Rows": 83332,
                                                    "Actual Loops": 1
                                                },
                                                {
                                                    "Worker Number": 4,
                                                    "Actual Startup Time": 244.796,
                                                    "Actual Total Time": 244.798,
                                                    "Actual Rows": 129608,
                                                    "Actual Loops": 1
                                                },
                                                {
                                                    "Worker Number": 5,
                                                    "Actual Startup Time": 244.697,
                                                    "Actual Total Time": 244.701,
                                                    "Actual Rows": 129773,
                                                    "Actual Loops": 1
                                                }
                                            ],
                                            "Plans": [
                                                {
                                                    "Node Type": "Hash Join",
                                                    "Parent Relationship": "Outer",
                                                    "Parallel Aware": true,
                                                    "Join Type": "Inner",
                                                    "Startup Cost": 46287.74,
                                                    "Total Cost": 61482.3,
                                                    "Plan Rows": 173846,
                                                    "Plan Width": 8,
                                                    "Actual Startup Time": 125.112,
                                                    "Actual Total Time": 195.075,
                                                    "Actual Rows": 106137,
                                                    "Actual Loops": 7,
                                                    "Output": [
                                                        "t.id",
                                                        "mi_idx.movie_id"
                                                    ],
                                                    "Inner Unique": true,
                                                    "Hash Cond": "(mi_idx.movie_id = t.id)",
                                                    "Workers": [
                                                        {
                                                            "Worker Number": 0,
                                                            "Actual Startup Time": 124.128,
                                                            "Actual Total Time": 193.544,
                                                            "Actual Rows": 88942,
                                                            "Actual Loops": 1
                                                        },
                                                        {
                                                            "Worker Number": 1,
                                                            "Actual Startup Time": 124.05,
                                                            "Actual Total Time": 193.917,
                                                            "Actual Rows": 83370,
                                                            "Actual Loops": 1
                                                        },
                                                        {
                                                            "Worker Number": 2,
                                                            "Actual Startup Time": 124.336,
                                                            "Actual Total Time": 194.722,
                                                            "Actual Rows": 91456,
                                                            "Actual Loops": 1
                                                        },
                                                        {
                                                            "Worker Number": 3,
                                                            "Actual Startup Time": 124.13,
                                                            "Actual Total Time": 193.52,
                                                            "Actual Rows": 83332,
                                                            "Actual Loops": 1
                                                        },
                                                        {
                                                            "Worker Number": 4,
                                                            "Actual Startup Time": 124.054,
                                                            "Actual Total Time": 194.447,
                                                            "Actual Rows": 129608,
                                                            "Actual Loops": 1
                                                        },
                                                        {
                                                            "Worker Number": 5,
                                                            "Actual Startup Time": 124.184,
                                                            "Actual Total Time": 194.269,
                                                            "Actual Rows": 129773,
                                                            "Actual Loops": 1
                                                        }
                                                    ],
                                                    "Plans": [
                                                        {
                                                            "Node Type": "Seq Scan",
                                                            "Parent Relationship": "Outer",
                                                            "Parallel Aware": true,
                                                            "Relation Name": "movie_info_idx",
                                                            "Schema": "public",
                                                            "Alias": "mi_idx",
                                                            "Startup Cost": 0.0,
                                                            "Total Cost": 13685.15,
                                                            "Plan Rows": 575015,
                                                            "Plan Width": 4,
                                                            "Actual Startup Time": 0.025,
                                                            "Actual Total Time": 21.992,
                                                            "Actual Rows": 197148,
                                                            "Actual Loops": 7,
                                                            "Output": [
                                                                "mi_idx.id",
                                                                "mi_idx.movie_id",
                                                                "mi_idx.info_type_id",
                                                                "mi_idx.info",
                                                                "mi_idx.note"
                                                            ],
                                                            "Workers": [
                                                                {
                                                                    "Worker Number": 0,
                                                                    "Actual Startup Time": 0.025,
                                                                    "Actual Total Time": 22.924,
                                                                    "Actual Rows": 166102,
                                                                    "Actual Loops": 1
                                                                },
                                                                {
                                                                    "Worker Number": 1,
                                                                    "Actual Startup Time": 0.036,
                                                                    "Actual Total Time": 22.569,
                                                                    "Actual Rows": 151492,
                                                                    "Actual Loops": 1
                                                                },
                                                                {
                                                                    "Worker Number": 2,
                                                                    "Actual Startup Time": 0.024,
                                                                    "Actual Total Time": 23.394,
                                                                    "Actual Rows": 170449,
                                                                    "Actual Loops": 1
                                                                },
                                                                {
                                                                    "Worker Number": 3,
                                                                    "Actual Startup Time": 0.031,
                                                                    "Actual Total Time": 22.374,
                                                                    "Actual Rows": 150264,
                                                                    "Actual Loops": 1
                                                                },
                                                                {
                                                                    "Worker Number": 4,
                                                                    "Actual Startup Time": 0.026,
                                                                    "Actual Total Time": 22.168,
                                                                    "Actual Rows": 244820,
                                                                    "Actual Loops": 1
                                                                },
                                                                {
                                                                    "Worker Number": 5,
                                                                    "Actual Startup Time": 0.024,
                                                                    "Actual Total Time": 21.863,
                                                                    "Actual Rows": 240539,
                                                                    "Actual Loops": 1
                                                                }
                                                            ]
                                                        },
                                                        {
                                                            "Node Type": "Hash",
                                                            "Parent Relationship": "Inner",
                                                            "Parallel Aware": true,
                                                            "Startup Cost": 43899.01,
                                                            "Total Cost": 43899.01,
                                                            "Plan Rows": 191099,
                                                            "Plan Width": 4,
                                                            "Actual Startup Time": 123.679,
                                                            "Actual Total Time": 123.681,
                                                            "Actual Rows": 107668,
                                                            "Actual Loops": 7,
                                                            "Output": [
                                                                "t.id"
                                                            ],
                                                            "Hash Buckets": 1048576,
                                                            "Original Hash Buckets": 1048576,
                                                            "Hash Batches": 1,
                                                            "Original Hash Batches": 1,
                                                            "Peak Memory Usage": 37792,
                                                            "Workers": [
                                                                {
                                                                    "Worker Number": 0,
                                                                    "Actual Startup Time": 123.824,
                                                                    "Actual Total Time": 123.825,
                                                                    "Actual Rows": 86552,
                                                                    "Actual Loops": 1
                                                                },
                                                                {
                                                                    "Worker Number": 1,
                                                                    "Actual Startup Time": 123.799,
                                                                    "Actual Total Time": 123.801,
                                                                    "Actual Rows": 79410,
                                                                    "Actual Loops": 1
                                                                },
                                                                {
                                                                    "Worker Number": 2,
                                                                    "Actual Startup Time": 123.934,
                                                                    "Actual Total Time": 123.936,
                                                                    "Actual Rows": 87441,
                                                                    "Actual Loops": 1
                                                                },
                                                                {
                                                                    "Worker Number": 3,
                                                                    "Actual Startup Time": 123.992,
                                                                    "Actual Total Time": 123.993,
                                                                    "Actual Rows": 78904,
                                                                    "Actual Loops": 1
                                                                },
                                                                {
                                                                    "Worker Number": 4,
                                                                    "Actual Startup Time": 123.919,
                                                                    "Actual Total Time": 123.92,
                                                                    "Actual Rows": 126103,
                                                                    "Actual Loops": 1
                                                                },
                                                                {
                                                                    "Worker Number": 5,
                                                                    "Actual Startup Time": 123.935,
                                                                    "Actual Total Time": 123.937,
                                                                    "Actual Rows": 126246,
                                                                    "Actual Loops": 1
                                                                }
                                                            ],
                                                            "Plans": [
                                                                {
                                                                    "Node Type": "Seq Scan",
                                                                    "Parent Relationship": "Outer",
                                                                    "Parallel Aware": true,
                                                                    "Relation Name": "title",
                                                                    "Schema": "public",
                                                                    "Alias": "t",
                                                                    "Startup Cost": 0.0,
                                                                    "Total Cost": 43899.01,
                                                                    "Plan Rows": 191099,
                                                                    "Plan Width": 4,
                                                                    "Actual Startup Time": 0.046,
                                                                    "Actual Total Time": 77.42,
                                                                    "Actual Rows": 107668,
                                                                    "Actual Loops": 7,
                                                                    "Output": [
                                                                        "t.id"
                                                                    ],
                                                                    "Filter": "(t.kind_id < 3)",
                                                                    "Rows Removed by Filter": 253519,
                                                                    "Workers": [
                                                                        {
                                                                            "Worker Number": 0,
                                                                            "Actual Startup Time": 0.048,
                                                                            "Actual Total Time": 78.652,
                                                                            "Actual Rows": 86552,
                                                                            "Actual Loops": 1
                                                                        },
                                                                        {
                                                                            "Worker Number": 1,
                                                                            "Actual Startup Time": 0.046,
                                                                            "Actual Total Time": 77.847,
                                                                            "Actual Rows": 79410,
                                                                            "Actual Loops": 1
                                                                        },
                                                                        {
                                                                            "Worker Number": 2,
                                                                            "Actual Startup Time": 0.054,
                                                                            "Actual Total Time": 79.196,
                                                                            "Actual Rows": 87441,
                                                                            "Actual Loops": 1
                                                                        },
                                                                        {
                                                                            "Worker Number": 3,
                                                                            "Actual Startup Time": 0.062,
                                                                            "Actual Total Time": 78.18,
                                                                            "Actual Rows": 78904,
                                                                            "Actual Loops": 1
                                                                        },
                                                                        {
                                                                            "Worker Number": 4,
                                                                            "Actual Startup Time": 0.048,
                                                                            "Actual Total Time": 77.577,
                                                                            "Actual Rows": 126103,
                                                                            "Actual Loops": 1
                                                                        },
                                                                        {
                                                                            "Worker Number": 5,
                                                                            "Actual Startup Time": 0.05,
                                                                            "Actual Total Time": 77.75,
                                                                            "Actual Rows": 126246,
                                                                            "Actual Loops": 1
                                                                        }
                                                                    ]
                                                                }
                                                            ]
                                                        }
                                                    ]
                                                }
                                            ]
                                        }
                                    ]
                                }
                            ]
                        }
                    ]
                }
            ]
        },
        "Planning Time": 240.635,
        "Triggers": [],
        "Execution Time": 2286.388
    }
]