[
  {
    "Plan": {
      "Node Type": "Aggregate",
      "Strategy": "Plain",
      "Partial Mode": "Finalize",
      "Parallel Aware": false,
      "Startup Cost": 79663.42,
      "Total Cost": 79663.43,
      "Plan Rows": 1,
      "Plan Width": 8,
      "Actual Startup Time": 295.441,
      "Actual Total Time": 312.1,
      "Actual Rows": 1,
      "Actual Loops": 1,
      "Plans": [
        {
          "Node Type": "Gather",
          "Parent Relationship": "Outer",
          "Parallel Aware": false,
          "Startup Cost": 79663.0,
          "Total Cost": 79663.41,
          "Plan Rows": 4,
          "Plan Width": 8,
          "Actual Startup Time": 289.984,
          "Actual Total Time": 312.088,
          "Actual Rows": 5,
          "Actual Loops": 1,
          "Workers Planned": 4,
          "Workers Launched": 4,
          "Single Copy": false,
          "Plans": [
            {
              "Node Type": "Aggregate",
              "Strategy": "Plain",
              "Partial Mode": "Partial",
              "Parent Relationship": "Outer",
              "Parallel Aware": false,
              "Startup Cost": 78663.0,
              "Total Cost": 78663.01,
              "Plan Rows": 1,
              "Plan Width": 8,
              "Actual Startup Time": 280.681,
              "Actual Total Time": 280.77,
              "Actual Rows": 1,
              "Actual Loops": 5,
              "Plans": [
                {
                  "Node Type": "Hash Join",
                  "Parent Relationship": "Outer",
                  "Parallel Aware": true,
                  "Join Type": "Inner",
                  "Startup Cost": 33266.97,
                  "Total Cost": 78550.43,
                  "Plan Rows": 45030,
                  "Plan Width": 0,
                  "Actual Startup Time": 134.81,
                  "Actual Total Time": 275.688,
                  "Actual Rows": 118390,
                  "Actual Loops": 5,
                  "Inner Unique": false,
                  "Hash Cond": "(t.id = mc.movie_id)",
                  "Plans": [
                    {
                      "Node Type": "Seq Scan",
                      "Parent Relationship": "Outer",
                      "Parallel Aware": true,
                      "Relation Name": "title",
                      "Alias": "t",
                      "Startup Cost": 0.0,
                      "Total Cost": 43898.92,
                      "Plan Rows": 247857,
                      "Plan Width": 4,
                      "Actual Startup Time": 0.012,
                      "Actual Total Time": 71.097,
                      "Actual Rows": 197010,
                      "Actual Loops": 5,
                      "Filter": "(kind_id < 7)",
                      "Rows Removed by Filter": 308653
                    },
                    {
                      "Node Type": "Hash",
                      "Parent Relationship": "Inner",
                      "Parallel Aware": true,
                      "Startup Cost": 31414.82,
                      "Total Cost": 31414.82,
                      "Plan Rows": 148172,
                      "Plan Width": 4,
                      "Actual Startup Time": 131.94,
                      "Actual Total Time": 131.941,
                      "Actual Rows": 157422,
                      "Actual Loops": 5,
                      "Hash Buckets": 1048576,
                      "Original Hash Buckets": 524288,
                      "Hash Batches": 1,
                      "Original Hash Batches": 1,
                      "Peak Memory Usage": 43200,
                      "Plans": [
                        {
                          "Node Type": "Seq Scan",
                          "Parent Relationship": "Outer",
                          "Parallel Aware": true,
                          "Relation Name": "movie_companies",
                          "Alias": "mc",
                          "Startup Cost": 0.0,
                          "Total Cost": 31414.82,
                          "Plan Rows": 148172,
                          "Plan Width": 4,
                          "Actual Startup Time": 41.958,
                          "Actual Total Time": 73.938,
                          "Actual Rows": 157422,
                          "Actual Loops": 5,
                          "Filter": "((company_id > 20381) AND (company_type_id = 2))",
                          "Rows Removed by Filter": 364403
                        }
                      ]
                    }
                  ]
                }
              ]
            }
          ]
        }
      ]
    },
    "Planning Time": 0.673,
    "Triggers": [],
    "Execution Time": 312.176
  }
]