[
  {
    "Plan": {
      "Node Type": "Aggregate",
      "Strategy": "Plain",
      "Partial Mode": "Finalize",
      "Parallel Aware": false,
      "Startup Cost": 157508.45,
      "Total Cost": 157508.46,
      "Plan Rows": 1,
      "Plan Width": 8,
      "Actual Startup Time": 1086.568,
      "Actual Total Time": 1135.488,
      "Actual Rows": 1,
      "Actual Loops": 1,
      "Plans": [
        {
          "Node Type": "Gather",
          "Parent Relationship": "Outer",
          "Parallel Aware": false,
          "Startup Cost": 157508.03,
          "Total Cost": 157508.44,
          "Plan Rows": 4,
          "Plan Width": 8,
          "Actual Startup Time": 1083.978,
          "Actual Total Time": 1135.478,
          "Actual Rows": 5,
          "Actual Loops": 1,
          "Workers Planned": 4,
          "Workers Launched": 4,
          "Single Copy": false,
          "Plans": [
            {
              "Node Type": "Aggregate",
              "Strategy": "Plain",
              "Partial Mode": "Partial",
              "Parent Relationship": "Outer",
              "Parallel Aware": false,
              "Startup Cost": 156508.03,
              "Total Cost": 156508.04,
              "Plan Rows": 1,
              "Plan Width": 8,
              "Actual Startup Time": 1073.435,
              "Actual Total Time": 1073.439,
              "Actual Rows": 1,
              "Actual Loops": 5,
              "Plans": [
                {
                  "Node Type": "Nested Loop",
                  "Parent Relationship": "Outer",
                  "Parallel Aware": false,
                  "Join Type": "Inner",
                  "Startup Cost": 30435.67,
                  "Total Cost": 156408.33,
                  "Plan Rows": 39880,
                  "Plan Width": 0,
                  "Actual Startup Time": 110.598,
                  "Actual Total Time": 1062.376,
                  "Actual Rows": 194257,
                  "Actual Loops": 5,
                  "Inner Unique": false,
                  "Plans": [
                    {
                      "Node Type": "Hash Join",
                      "Parent Relationship": "Outer",
                      "Parallel Aware": true,
                      "Join Type": "Inner",
                      "Startup Cost": 30435.23,
                      "Total Cost": 77114.81,
                      "Plan Rows": 33808,
                      "Plan Width": 8,
                      "Actual Startup Time": 110.462,
                      "Actual Total Time": 272.619,
                      "Actual Rows": 63335,
                      "Actual Loops": 5,
                      "Inner Unique": false,
                      "Hash Cond": "(t.id = mc.movie_id)",
                      "Plans": [
                        {
                          "Node Type": "Seq Scan",
                          "Parent Relationship": "Outer",
                          "Parallel Aware": true,
                          "Relation Name": "title",
                          "Alias": "t",
                          "Startup Cost": 0.0,
                          "Total Cost": 45479.1,
                          "Plan Rows": 218284,
                          "Plan Width": 4,
                          "Actual Startup Time": 0.015,
                          "Actual Total Time": 79.303,
                          "Actual Rows": 179358,
                          "Actual Loops": 5,
                          "Filter": "((kind_id < 7) AND (production_year < 2012))",
                          "Rows Removed by Filter": 326305
                        },
                        {
                          "Node Type": "Hash",
                          "Parent Relationship": "Inner",
                          "Parallel Aware": true,
                          "Startup Cost": 28856.24,
                          "Total Cost": 28856.24,
                          "Plan Rows": 126319,
                          "Plan Width": 4,
                          "Actual Startup Time": 100.37,
                          "Actual Total Time": 100.371,
                          "Actual Rows": 79604,
                          "Actual Loops": 5,
                          "Hash Buckets": 524288,
                          "Original Hash Buckets": 524288,
                          "Hash Batches": 1,
                          "Original Hash Batches": 1,
                          "Peak Memory Usage": 19712,
                          "Plans": [
                            {
                              "Node Type": "Bitmap Heap Scan",
                              "Parent Relationship": "Outer",
                              "Parallel Aware": true,
                              "Relation Name": "movie_companies",
                              "Alias": "mc",
                              "Startup Cost": 8487.25,
                              "Total Cost": 28856.24,
                              "Plan Rows": 126319,
                              "Plan Width": 4,
                              "Actual Startup Time": 34.504,
                              "Actual Total Time": 67.201,
                              "Actual Rows": 79604,
                              "Actual Loops": 5,
                              "Recheck Cond": "(company_id > 82508)",
                              "Rows Removed by Index Recheck": 0,
                              "Exact Heap Blocks": 2301,
                              "Lossy Heap Blocks": 0,
                              "Plans": [
                                {
                                  "Node Type": "Bitmap Index Scan",
                                  "Parent Relationship": "Outer",
                                  "Parallel Aware": false,
                                  "Index Name": "company_id_movie_companies",
                                  "Startup Cost": 0.0,
                                  "Total Cost": 8389.35,
                                  "Plan Rows": 391590,
                                  "Plan Width": 0,
                                  "Actual Startup Time": 33.489,
                                  "Actual Total Time": 33.49,
                                  "Actual Rows": 398021,
                                  "Actual Loops": 1,
                                  "Index Cond": "(company_id > 82508)"
                                }
                              ]
                            }
                          ]
                        }
                      ]
                    },
                    {
                      "Node Type": "Index Scan",
                      "Parent Relationship": "Inner",
                      "Parallel Aware": false,
                      "Scan Direction": "Forward",
                      "Index Name": "movie_id_movie_info",
                      "Relation Name": "movie_info",
                      "Alias": "mi",
                      "Startup Cost": 0.43,
                      "Total Cost": 2.27,
                      "Plan Rows": 8,
                      "Plan Width": 4,
                      "Actual Startup Time": 0.007,
                      "Actual Total Time": 0.012,
                      "Actual Rows": 3,
                      "Actual Loops": 316677,
                      "Index Cond": "(movie_id = t.id)",
                      "Rows Removed by Index Recheck": 0,
                      "Filter": "(info_type_id = 16)",
                      "Rows Removed by Filter": 16
                    }
                  ]
                }
              ]
            }
          ]
        }
      ]
    },
    "Planning Time": 1.511,
    "Triggers": [],
    "Execution Time": 1135.619
  }
]