[
  {
    "Plan": {
      "Node Type": "Aggregate",
      "Strategy": "Plain",
      "Partial Mode": "Finalize",
      "Parallel Aware": false,
      "Startup Cost": 346040.68,
      "Total Cost": 346040.7,
      "Plan Rows": 1,
      "Plan Width": 8,
      "Actual Startup Time": 605.032,
      "Actual Total Time": 664.448,
      "Actual Rows": 1,
      "Actual Loops": 1,
      "Plans": [
        {
          "Node Type": "Gather",
          "Parent Relationship": "Outer",
          "Parallel Aware": false,
          "Startup Cost": 346040.06,
          "Total Cost": 346040.67,
          "Plan Rows": 6,
          "Plan Width": 8,
          "Actual Startup Time": 604.895,
          "Actual Total Time": 664.439,
          "Actual Rows": 7,
          "Actual Loops": 1,
          "Workers Planned": 6,
          "Workers Launched": 6,
          "Single Copy": false,
          "Plans": [
            {
              "Node Type": "Aggregate",
              "Strategy": "Plain",
              "Partial Mode": "Partial",
              "Parent Relationship": "Outer",
              "Parallel Aware": false,
              "Startup Cost": 345040.06,
              "Total Cost": 345040.07,
              "Plan Rows": 1,
              "Plan Width": 8,
              "Actual Startup Time": 595.691,
              "Actual Total Time": 595.692,
              "Actual Rows": 1,
              "Actual Loops": 7,
              "Plans": [
                {
                  "Node Type": "Seq Scan",
                  "Parent Relationship": "Outer",
                  "Parallel Aware": true,
                  "Relation Name": "cast_info",
                  "Alias": "ci",
                  "Startup Cost": 0.0,
                  "Total Cost": 343257.03,
                  "Plan Rows": 713212,
                  "Plan Width": 0,
                  "Actual Startup Time": 330.233,
                  "Actual Total Time": 580.387,
                  "Actual Rows": 383587,
                  "Actual Loops": 7,
                  "Filter": "((person_id < 938799) AND (role_id > 2))",
                  "Rows Removed by Filter": 4794176
                }
              ]
            }
          ]
        }
      ]
    },
    "Planning Time": 0.21,
    "Triggers": [],
    "Execution Time": 664.515
  }
]