{
  "Plan": {
    "Node Type": "Aggregate",
    "Strategy": "Plain",
    "Partial Mode": "Finalize",
    "Parallel Aware": false,
    "Startup Cost": 436779.13,
    "Total Cost": 436779.14,
    "Plan Rows": 1,
    "Plan Width": 8,
    "Actual Startup Time": 5244.468,
    "Actual Total Time": 5301.738,
    "Actual Rows": 1,
    "Actual Loops": 1,
    "Plans": [
      {
        "Node Type": "Gather",
        "Parent Relationship": "Outer",
        "Parallel Aware": false,
        "Startup Cost": 436779.02,
        "Total Cost": 436779.13,
        "Plan Rows": 1,
        "Plan Width": 8,
        "Actual Startup Time": 5236.589,
        "Actual Total Time": 5301.719,
        "Actual Rows": 2,
        "Actual Loops": 1,
        "Workers Planned": 1,
        "Workers Launched": 1,
        "Single Copy": false,
        "Plans": [
          {
            "Node Type": "Aggregate",
            "Strategy": "Plain",
            "Partial Mode": "Partial",
            "Parent Relationship": "Outer",
            "Parallel Aware": false,
            "Startup Cost": 435779.02,
            "Total Cost": 435779.03,
            "Plan Rows": 1,
            "Plan Width": 8,
            "Actual Startup Time": 5229.707,
            "Actual Total Time": 5230.089,
            "Actual Rows": 1,
            "Actual Loops": 2,
            "Plans": [
              {
                "Node Type": "Hash Join",
                "Parent Relationship": "Outer",
                "Parallel Aware": true,
                "Join Type": "Inner",
                "Startup Cost": 127988.31,
                "Total Cost": 427957.84,
                "Plan Rows": 3128469,
                "Plan Width": 0,
                "Actual Startup Time": 1054.219,
                "Actual Total Time": 4402.442,
                "Actual Rows": 19428592,
                "Actual Loops": 2,
                "Inner Unique": false,
                "Hash Cond": "(mi.movie_id = t.id)",
                "Plans": [
                  {
                    "Node Type": "Seq Scan",
                    "Parent Relationship": "Outer",
                    "Parallel Aware": true,
                    "Relation Name": "movie_info",
                    "Alias": "mi",
                    "Startup Cost": 0.0,
                    "Total Cost": 248955.74,
                    "Plan Rows": 8696274,
                    "Plan Width": 4,
                    "Actual Startup Time": 0.018,
                    "Actual Total Time": 675.135,
                    "Actual Rows": 7417860,
                    "Actual Loops": 2
                  },
                  {
                    "Node Type": "Hash",
                    "Parent Relationship": "Inner",
                    "Parallel Aware": true,
                    "Startup Cost": 121300.45,
                    "Total Cost": 121300.45,
                    "Plan Rows": 535029,
                    "Plan Width": 8,
                    "Actual Startup Time": 1043.14,
                    "Actual Total Time": 1043.52,
                    "Actual Rows": 460166,
                    "Actual Loops": 2,
                    "Hash Buckets": 1048576,
                    "Original Hash Buckets": 1048576,
                    "Hash Batches": 1,
                    "Original Hash Batches": 1,
                    "Peak Memory Usage": 44224,
                    "Plans": [
                      {
                        "Node Type": "Hash Join",
                        "Parent Relationship": "Outer",
                        "Parallel Aware": true,
                        "Join Type": "Inner",
                        "Startup Cost": 88754.14,
                        "Total Cost": 121300.45,
                        "Plan Rows": 535029,
                        "Plan Width": 8,
                        "Actual Startup Time": 669.207,
                        "Actual Total Time": 926.856,
                        "Actual Rows": 460166,
                        "Actual Loops": 2,
                        "Inner Unique": true,
                        "Hash Cond": "(mk.movie_id = t.id)",
                        "Plans": [
                          {
                            "Node Type": "Bitmap Heap Scan",
                            "Parent Relationship": "Outer",
                            "Parallel Aware": true,
                            "Relation Name": "movie_keyword",
                            "Alias": "mk",
                            "Startup Cost": 19293.44,
                            "Total Cost": 50435.3,
                            "Plan Rows": 535029,
                            "Plan Width": 4,
                            "Actual Startup Time": 62.576,
                            "Actual Total Time": 169.13,
                            "Actual Rows": 460166,
                            "Actual Loops": 2,
                            "Recheck Cond": "(keyword_id < 870)",
                            "Rows Removed by Index Recheck": 0,
                            "Exact Heap Blocks": 9835,
                            "Lossy Heap Blocks": 0,
                            "Plans": [
                              {
                                "Node Type": "Bitmap Index Scan",
                                "Parent Relationship": "Outer",
                                "Parallel Aware": false,
                                "Index Name": "keyword_id_movie_keyword",
                                "Startup Cost": 0.0,
                                "Total Cost": 19066.05,
                                "Plan Rows": 909549,
                                "Plan Width": 0,
                                "Actual Startup Time": 58.984,
                                "Actual Total Time": 58.985,
                                "Actual Rows": 920332,
                                "Actual Loops": 1,
                                "Index Cond": "(keyword_id < 870)"
                              }
                            ]
                          },
                          {
                            "Node Type": "Hash",
                            "Parent Relationship": "Inner",
                            "Parallel Aware": true,
                            "Startup Cost": 50870.31,
                            "Total Cost": 50870.31,
                            "Plan Rows": 1487231,
                            "Plan Width": 4,
                            "Actual Startup Time": 587.899,
                            "Actual Total Time": 587.9,
                            "Actual Rows": 1264156,
                            "Actual Loops": 2,
                            "Hash Buckets": 4194304,
                            "Original Hash Buckets": 4194304,
                            "Hash Batches": 1,
                            "Original Hash Batches": 1,
                            "Peak Memory Usage": 131712,
                            "Plans": [
                              {
                                "Node Type": "Seq Scan",
                                "Parent Relationship": "Outer",
                                "Parallel Aware": true,
                                "Relation Name": "title",
                                "Alias": "t",
                                "Startup Cost": 0.0,
                                "Total Cost": 50870.31,
                                "Plan Rows": 1487231,
                                "Plan Width": 4,
                                "Actual Startup Time": 0.046,
                                "Actual Total Time": 180.915,
                                "Actual Rows": 1264156,
                                "Actual Loops": 2
                              }
                            ]
                          }
                        ]
                      }
                    ]
                  }
                ]
              }
            ]
          }
        ]
      }
    ]
  },
  "Planning Time": 0.858,
  "Triggers": [],
  "Execution Time": 5301.85
}