[
  {
    "Plan": {
      "Node Type": "Aggregate",
      "Strategy": "Plain",
      "Partial Mode": "Finalize",
      "Parallel Aware": false,
      "Startup Cost": 44967.22,
      "Total Cost": 44967.23,
      "Plan Rows": 1,
      "Plan Width": 8,
      "Actual Startup Time": 108.104,
      "Actual Total Time": 119.909,
      "Actual Rows": 1,
      "Actual Loops": 1,
      "Plans": [
        {
          "Node Type": "Gather",
          "Parent Relationship": "Outer",
          "Parallel Aware": false,
          "Startup Cost": 44966.8,
          "Total Cost": 44967.21,
          "Plan Rows": 4,
          "Plan Width": 8,
          "Actual Startup Time": 107.911,
          "Actual Total Time": 119.895,
          "Actual Rows": 5,
          "Actual Loops": 1,
          "Workers Planned": 4,
          "Workers Launched": 4,
          "Single Copy": false,
          "Plans": [
            {
              "Node Type": "Aggregate",
              "Strategy": "Plain",
              "Partial Mode": "Partial",
              "Parent Relationship": "Outer",
              "Parallel Aware": false,
              "Startup Cost": 43966.8,
              "Total Cost": 43966.81,
              "Plan Rows": 1,
              "Plan Width": 8,
              "Actual Startup Time": 100.111,
              "Actual Total Time": 100.114,
              "Actual Rows": 1,
              "Actual Loops": 5,
              "Plans": [
                {
                  "Node Type": "Seq Scan",
                  "Parent Relationship": "Outer",
                  "Parallel Aware": true,
                  "Relation Name": "title",
                  "Alias": "t",
                  "Startup Cost": 0.0,
                  "Total Cost": 43899.32,
                  "Plan Rows": 26991,
                  "Plan Width": 0,
                  "Actual Startup Time": 0.153,
                  "Actual Total Time": 97.98,
                  "Actual Rows": 21686,
                  "Actual Loops": 5,
                  "Filter": "(production_year = 2006)",
                  "Rows Removed by Filter": 483977
                }
              ]
            }
          ]
        }
      ]
    },
    "Planning Time": 0.105,
    "Triggers": [],
    "Execution Time": 119.952
  }
]