[
  {
    "Plan": {
      "Node Type": "Aggregate",
      "Strategy": "Plain",
      "Partial Mode": "Finalize",
      "Parallel Aware": false,
      "Startup Cost": 336993.12,
      "Total Cost": 336993.13,
      "Plan Rows": 1,
      "Plan Width": 8,
      "Actual Startup Time": 708.821,
      "Actual Total Time": 765.958,
      "Actual Rows": 1,
      "Actual Loops": 1,
      "Plans": [
        {
          "Node Type": "Gather",
          "Parent Relationship": "Outer",
          "Parallel Aware": false,
          "Startup Cost": 336992.49,
          "Total Cost": 336993.1,
          "Plan Rows": 6,
          "Plan Width": 8,
          "Actual Startup Time": 708.707,
          "Actual Total Time": 765.948,
          "Actual Rows": 7,
          "Actual Loops": 1,
          "Workers Planned": 6,
          "Workers Launched": 6,
          "Single Copy": false,
          "Plans": [
            {
              "Node Type": "Aggregate",
              "Strategy": "Plain",
              "Partial Mode": "Partial",
              "Parent Relationship": "Outer",
              "Parallel Aware": false,
              "Startup Cost": 335992.49,
              "Total Cost": 335992.51,
              "Plan Rows": 1,
              "Plan Width": 8,
              "Actual Startup Time": 699.393,
              "Actual Total Time": 699.395,
              "Actual Rows": 1,
              "Actual Loops": 7,
              "Plans": [
                {
                  "Node Type": "Seq Scan",
                  "Parent Relationship": "Outer",
                  "Parallel Aware": true,
                  "Relation Name": "cast_info",
                  "Alias": "ci",
                  "Startup Cost": 0.0,
                  "Total Cost": 328162.03,
                  "Plan Rows": 3132188,
                  "Plan Width": 0,
                  "Actual Startup Time": 0.043,
                  "Actual Total Time": 583.55,
                  "Actual Rows": 2694738,
                  "Actual Loops": 7,
                  "Filter": "(person_id < 1879289)",
                  "Rows Removed by Filter": 2483026
                }
              ]
            }
          ]
        }
      ]
    },
    "Planning Time": 0.177,
    "Triggers": [],
    "Execution Time": 766.025
  }
]