[
  {
    "Plan": {
      "Node Type": "Aggregate",
      "Strategy": "Plain",
      "Partial Mode": "Finalize",
      "Parallel Aware": false,
      "Startup Cost": 296068.58,
      "Total Cost": 296068.59,
      "Plan Rows": 1,
      "Plan Width": 8,
      "Actual Startup Time": 2293.037,
      "Actual Total Time": 2340.56,
      "Actual Rows": 1,
      "Actual Loops": 1,
      "Plans": [
        {
          "Node Type": "Gather",
          "Parent Relationship": "Outer",
          "Parallel Aware": false,
          "Startup Cost": 296068.06,
          "Total Cost": 296068.57,
          "Plan Rows": 5,
          "Plan Width": 8,
          "Actual Startup Time": 2270.983,
          "Actual Total Time": 2340.549,
          "Actual Rows": 6,
          "Actual Loops": 1,
          "Workers Planned": 5,
          "Workers Launched": 5,
          "Single Copy": false,
          "Plans": [
            {
              "Node Type": "Aggregate",
              "Strategy": "Plain",
              "Partial Mode": "Partial",
              "Parent Relationship": "Outer",
              "Parallel Aware": false,
              "Startup Cost": 295068.06,
              "Total Cost": 295068.07,
              "Plan Rows": 1,
              "Plan Width": 8,
              "Actual Startup Time": 2261.053,
              "Actual Total Time": 2261.579,
              "Actual Rows": 1,
              "Actual Loops": 6,
              "Plans": [
                {
                  "Node Type": "Hash Join",
                  "Parent Relationship": "Outer",
                  "Parallel Aware": true,
                  "Join Type": "Inner",
                  "Startup Cost": 80538.53,
                  "Total Cost": 292470.55,
                  "Plan Rows": 1039003,
                  "Plan Width": 0,
                  "Actual Startup Time": 486.281,
                  "Actual Total Time": 1930.36,
                  "Actual Rows": 7509809,
                  "Actual Loops": 6,
                  "Inner Unique": false,
                  "Hash Cond": "(mi.movie_id = t.id)",
                  "Plans": [
                    {
                      "Node Type": "Seq Scan",
                      "Parent Relationship": "Outer",
                      "Parallel Aware": true,
                      "Relation Name": "movie_info",
                      "Alias": "mi",
                      "Startup Cost": 0.0,
                      "Total Cost": 198952.16,
                      "Plan Rows": 2567528,
                      "Plan Width": 4,
                      "Actual Startup Time": 0.018,
                      "Actual Total Time": 368.408,
                      "Actual Rows": 2161681,
                      "Actual Loops": 6,
                      "Filter": "(info_type_id < 18)",
                      "Rows Removed by Filter": 310939
                    },
                    {
                      "Node Type": "Hash",
                      "Parent Relationship": "Inner",
                      "Parallel Aware": true,
                      "Startup Cost": 76413.02,
                      "Total Cost": 76413.02,
                      "Plan Rows": 330041,
                      "Plan Width": 8,
                      "Actual Startup Time": 480.989,
                      "Actual Total Time": 481.513,
                      "Actual Rows": 315304,
                      "Actual Loops": 6,
                      "Hash Buckets": 2097152,
                      "Original Hash Buckets": 1048576,
                      "Hash Batches": 1,
                      "Original Hash Batches": 1,
                      "Peak Memory Usage": 98688,
                      "Plans": [
                        {
                          "Node Type": "Hash Join",
                          "Parent Relationship": "Outer",
                          "Parallel Aware": true,
                          "Join Type": "Inner",
                          "Startup Cost": 46997.13,
                          "Total Cost": 76413.02,
                          "Plan Rows": 330041,
                          "Plan Width": 8,
                          "Actual Startup Time": 155.288,
                          "Actual Total Time": 347.373,
                          "Actual Rows": 315304,
                          "Actual Loops": 6,
                          "Inner Unique": true,
                          "Hash Cond": "(mc.movie_id = t.id)",
                          "Plans": [
                            {
                              "Node Type": "Seq Scan",
                              "Parent Relationship": "Outer",
                              "Parallel Aware": true,
                              "Relation Name": "movie_companies",
                              "Alias": "mc",
                              "Startup Cost": 0.0,
                              "Total Cost": 27206.55,
                              "Plan Rows": 841655,
                              "Plan Width": 4,
                              "Actual Startup Time": 0.024,
                              "Actual Total Time": 49.01,
                              "Actual Rows": 434855,
                              "Actual Loops": 6
                            },
                            {
                              "Node Type": "Hash",
                              "Parent Relationship": "Inner",
                              "Parallel Aware": true,
                              "Startup Cost": 43898.92,
                              "Total Cost": 43898.92,
                              "Plan Rows": 247857,
                              "Plan Width": 4,
                              "Actual Startup Time": 153.332,
                              "Actual Total Time": 153.333,
                              "Actual Rows": 164175,
                              "Actual Loops": 6,
                              "Hash Buckets": 1048576,
                              "Original Hash Buckets": 1048576,
                              "Hash Batches": 1,
                              "Original Hash Batches": 1,
                              "Peak Memory Usage": 46816,
                              "Plans": [
                                {
                                  "Node Type": "Seq Scan",
                                  "Parent Relationship": "Outer",
                                  "Parallel Aware": true,
                                  "Relation Name": "title",
                                  "Alias": "t",
                                  "Startup Cost": 0.0,
                                  "Total Cost": 43898.92,
                                  "Plan Rows": 247857,
                                  "Plan Width": 4,
                                  "Actual Startup Time": 0.049,
                                  "Actual Total Time": 85.232,
                                  "Actual Rows": 164175,
                                  "Actual Loops": 6,
                                  "Filter": "(kind_id < 7)",
                                  "Rows Removed by Filter": 257211
                                }
                              ]
                            }
                          ]
                        }
                      ]
                    }
                  ]
                }
              ]
            }
          ]
        }
      ]
    },
    "Planning Time": 1.482,
    "Triggers": [],
    "Execution Time": 2340.65
  }
]