{
  "Plan": {
    "Node Type": "Aggregate",
    "Strategy": "Plain",
    "Partial Mode": "Finalize",
    "Parallel Aware": false,
    "Startup Cost": 154000.72,
    "Total Cost": 154000.73,
    "Plan Rows": 1,
    "Plan Width": 8,
    "Actual Startup Time": 1056.895,
    "Actual Total Time": 1078.635,
    "Actual Rows": 1,
    "Actual Loops": 1,
    "Plans": [
      {
        "Node Type": "Gather",
        "Parent Relationship": "Outer",
        "Parallel Aware": false,
        "Startup Cost": 154000.61,
        "Total Cost": 154000.72,
        "Plan Rows": 1,
        "Plan Width": 8,
        "Actual Startup Time": 1050.932,
        "Actual Total Time": 1078.627,
        "Actual Rows": 2,
        "Actual Loops": 1,
        "Workers Planned": 1,
        "Workers Launched": 1,
        "Single Copy": false,
        "Plans": [
          {
            "Node Type": "Aggregate",
            "Strategy": "Plain",
            "Partial Mode": "Partial",
            "Parent Relationship": "Outer",
            "Parallel Aware": false,
            "Startup Cost": 153000.61,
            "Total Cost": 153000.62,
            "Plan Rows": 1,
            "Plan Width": 8,
            "Actual Startup Time": 1044.683,
            "Actual Total Time": 1044.69,
            "Actual Rows": 1,
            "Actual Loops": 2,
            "Plans": [
              {
                "Node Type": "Hash Join",
                "Parent Relationship": "Outer",
                "Parallel Aware": true,
                "Join Type": "Inner",
                "Startup Cost": 111047.07,
                "Total Cost": 152658.95,
                "Plan Rows": 136663,
                "Plan Width": 0,
                "Actual Startup Time": 733.352,
                "Actual Total Time": 990.25,
                "Actual Rows": 1397242,
                "Actual Loops": 2,
                "Inner Unique": false,
                "Hash Cond": "(mc.movie_id = t.id)",
                "Plans": [
                  {
                    "Node Type": "Seq Scan",
                    "Parent Relationship": "Outer",
                    "Parallel Aware": true,
                    "Relation Name": "movie_companies",
                    "Alias": "mc",
                    "Startup Cost": 0.0,
                    "Total Cost": 37974.77,
                    "Plan Rows": 755522,
                    "Plan Width": 4,
                    "Actual Startup Time": 0.018,
                    "Actual Total Time": 107.505,
                    "Actual Rows": 637123,
                    "Actual Loops": 2,
                    "Filter": "(company_type_id < 2)",
                    "Rows Removed by Filter": 667442
                  },
                  {
                    "Node Type": "Hash",
                    "Parent Relationship": "Inner",
                    "Parallel Aware": true,
                    "Startup Cost": 107684.35,
                    "Total Cost": 107684.35,
                    "Plan Rows": 269018,
                    "Plan Width": 8,
                    "Actual Startup Time": 712.184,
                    "Actual Total Time": 712.189,
                    "Actual Rows": 224572,
                    "Actual Loops": 2,
                    "Hash Buckets": 524288,
                    "Original Hash Buckets": 524288,
                    "Hash Batches": 1,
                    "Original Hash Batches": 1,
                    "Peak Memory Usage": 21696,
                    "Plans": [
                      {
                        "Node Type": "Hash Join",
                        "Parent Relationship": "Outer",
                        "Parallel Aware": true,
                        "Join Type": "Inner",
                        "Startup Cost": 79161.45,
                        "Total Cost": 107684.35,
                        "Plan Rows": 269018,
                        "Plan Width": 8,
                        "Actual Startup Time": 546.651,
                        "Actual Total Time": 669.582,
                        "Actual Rows": 224572,
                        "Actual Loops": 2,
                        "Inner Unique": true,
                        "Hash Cond": "(mk.movie_id = t.id)",
                        "Plans": [
                          {
                            "Node Type": "Bitmap Heap Scan",
                            "Parent Relationship": "Outer",
                            "Parallel Aware": true,
                            "Relation Name": "movie_keyword",
                            "Alias": "mk",
                            "Startup Cost": 9700.75,
                            "Total Cost": 37517.48,
                            "Plan Rows": 269018,
                            "Plan Width": 4,
                            "Actual Startup Time": 29.537,
                            "Actual Total Time": 90.346,
                            "Actual Rows": 224572,
                            "Actual Loops": 2,
                            "Recheck Cond": "(keyword_id > 39559)",
                            "Rows Removed by Index Recheck": 0,
                            "Exact Heap Blocks": 11702,
                            "Lossy Heap Blocks": 0,
                            "Plans": [
                              {
                                "Node Type": "Bitmap Index Scan",
                                "Parent Relationship": "Outer",
                                "Parallel Aware": false,
                                "Index Name": "keyword_id_movie_keyword",
                                "Startup Cost": 0.0,
                                "Total Cost": 9586.42,
                                "Plan Rows": 457331,
                                "Plan Width": 0,
                                "Actual Startup Time": 26.196,
                                "Actual Total Time": 26.196,
                                "Actual Rows": 449145,
                                "Actual Loops": 1,
                                "Index Cond": "(keyword_id > 39559)"
                              }
                            ]
                          },
                          {
                            "Node Type": "Hash",
                            "Parent Relationship": "Inner",
                            "Parallel Aware": true,
                            "Startup Cost": 50870.31,
                            "Total Cost": 50870.31,
                            "Plan Rows": 1487231,
                            "Plan Width": 4,
                            "Actual Startup Time": 498.903,
                            "Actual Total Time": 498.905,
                            "Actual Rows": 1264156,
                            "Actual Loops": 2,
                            "Hash Buckets": 4194304,
                            "Original Hash Buckets": 4194304,
                            "Hash Batches": 1,
                            "Original Hash Batches": 1,
                            "Peak Memory Usage": 131712,
                            "Plans": [
                              {
                                "Node Type": "Seq Scan",
                                "Parent Relationship": "Outer",
                                "Parallel Aware": true,
                                "Relation Name": "title",
                                "Alias": "t",
                                "Startup Cost": 0.0,
                                "Total Cost": 50870.31,
                                "Plan Rows": 1487231,
                                "Plan Width": 4,
                                "Actual Startup Time": 0.035,
                                "Actual Total Time": 148.671,
                                "Actual Rows": 1264156,
                                "Actual Loops": 2
                              }
                            ]
                          }
                        ]
                      }
                    ]
                  }
                ]
              }
            ]
          }
        ]
      }
    ]
  },
  "Planning Time": 0.849,
  "Triggers": [],
  "Execution Time": 1078.735
}