[
  {
    "Plan": {
      "Node Type": "Aggregate",
      "Strategy": "Plain",
      "Partial Mode": "Finalize",
      "Parallel Aware": false,
      "Startup Cost": 46696.01,
      "Total Cost": 46696.02,
      "Plan Rows": 1,
      "Plan Width": 8,
      "Actual Startup Time": 80.062,
      "Actual Total Time": 87.153,
      "Actual Rows": 1,
      "Actual Loops": 1,
      "Plans": [
        {
          "Node Type": "Gather",
          "Parent Relationship": "Outer",
          "Parallel Aware": false,
          "Startup Cost": 46695.59,
          "Total Cost": 46696.0,
          "Plan Rows": 4,
          "Plan Width": 8,
          "Actual Startup Time": 79.958,
          "Actual Total Time": 87.145,
          "Actual Rows": 5,
          "Actual Loops": 1,
          "Workers Planned": 4,
          "Workers Launched": 4,
          "Single Copy": false,
          "Plans": [
            {
              "Node Type": "Aggregate",
              "Strategy": "Plain",
              "Partial Mode": "Partial",
              "Parent Relationship": "Outer",
              "Parallel Aware": false,
              "Startup Cost": 45695.59,
              "Total Cost": 45695.6,
              "Plan Rows": 1,
              "Plan Width": 8,
              "Actual Startup Time": 75.903,
              "Actual Total Time": 75.904,
              "Actual Rows": 1,
              "Actual Loops": 5,
              "Plans": [
                {
                  "Node Type": "Seq Scan",
                  "Parent Relationship": "Outer",
                  "Parallel Aware": true,
                  "Relation Name": "title",
                  "Alias": "t",
                  "Startup Cost": 0.0,
                  "Total Cost": 45479.21,
                  "Plan Rows": 86554,
                  "Plan Width": 0,
                  "Actual Startup Time": 0.03,
                  "Actual Total Time": 72.75,
                  "Actual Rows": 55430,
                  "Actual Loops": 5,
                  "Filter": "((kind_id < 4) AND (production_year > 2005))",
                  "Rows Removed by Filter": 450233
                }
              ]
            }
          ]
        }
      ]
    },
    "Planning Time": 0.086,
    "Triggers": [],
    "Execution Time": 87.183
  }
]