[
  {
    "Plan": {
      "Node Type": "Aggregate",
      "Strategy": "Plain",
      "Partial Mode": "Finalize",
      "Parallel Aware": false,
      "Startup Cost": 334822.56,
      "Total Cost": 334822.57,
      "Plan Rows": 1,
      "Plan Width": 8,
      "Actual Startup Time": 320.182,
      "Actual Total Time": 332.052,
      "Actual Rows": 1,
      "Actual Loops": 1,
      "Plans": [
        {
          "Node Type": "Gather",
          "Parent Relationship": "Outer",
          "Parallel Aware": false,
          "Startup Cost": 334821.93,
          "Total Cost": 334822.54,
          "Plan Rows": 6,
          "Plan Width": 8,
          "Actual Startup Time": 319.259,
          "Actual Total Time": 332.043,
          "Actual Rows": 7,
          "Actual Loops": 1,
          "Workers Planned": 6,
          "Workers Launched": 6,
          "Single Copy": false,
          "Plans": [
            {
              "Node Type": "Aggregate",
              "Strategy": "Plain",
              "Partial Mode": "Partial",
              "Parent Relationship": "Outer",
              "Parallel Aware": false,
              "Startup Cost": 333821.93,
              "Total Cost": 333821.94,
              "Plan Rows": 1,
              "Plan Width": 8,
              "Actual Startup Time": 309.125,
              "Actual Total Time": 309.128,
              "Actual Rows": 1,
              "Actual Loops": 7,
              "Plans": [
                {
                  "Node Type": "Bitmap Heap Scan",
                  "Parent Relationship": "Outer",
                  "Parallel Aware": true,
                  "Relation Name": "cast_info",
                  "Alias": "ci",
                  "Startup Cost": 72289.99,
                  "Total Cost": 333214.68,
                  "Plan Rows": 242902,
                  "Plan Width": 0,
                  "Actual Startup Time": 141.647,
                  "Actual Total Time": 287.271,
                  "Actual Rows": 460556,
                  "Actual Loops": 7,
                  "Recheck Cond": "(person_id > 3468991)",
                  "Rows Removed by Index Recheck": 0,
                  "Filter": "(role_id > 2)",
                  "Rows Removed by Filter": 0,
                  "Exact Heap Blocks": 10030,
                  "Lossy Heap Blocks": 0,
                  "Plans": [
                    {
                      "Node Type": "Bitmap Index Scan",
                      "Parent Relationship": "Outer",
                      "Parallel Aware": false,
                      "Index Name": "person_id_cast_info",
                      "Startup Cost": 0.0,
                      "Total Cost": 71925.64,
                      "Plan Rows": 3295076,
                      "Plan Width": 0,
                      "Actual Startup Time": 143.129,
                      "Actual Total Time": 143.13,
                      "Actual Rows": 3223895,
                      "Actual Loops": 1,
                      "Index Cond": "(person_id > 3468991)"
                    }
                  ]
                }
              ]
            }
          ]
        }
      ]
    },
    "Planning Time": 0.232,
    "Triggers": [],
    "Execution Time": 332.126
  }
]