[
  {
    "Plan": {
      "Node Type": "Aggregate",
      "Strategy": "Plain",
      "Partial Mode": "Finalize",
      "Parallel Aware": false,
      "Startup Cost": 438246.11,
      "Total Cost": 438246.12,
      "Plan Rows": 1,
      "Plan Width": 8,
      "Actual Startup Time": 1928.618,
      "Actual Total Time": 1990.698,
      "Actual Rows": 1,
      "Actual Loops": 1,
      "Plans": [
        {
          "Node Type": "Gather",
          "Parent Relationship": "Outer",
          "Parallel Aware": false,
          "Startup Cost": 438245.49,
          "Total Cost": 438246.1,
          "Plan Rows": 6,
          "Plan Width": 8,
          "Actual Startup Time": 1894.003,
          "Actual Total Time": 1990.683,
          "Actual Rows": 7,
          "Actual Loops": 1,
          "Workers Planned": 6,
          "Workers Launched": 6,
          "Single Copy": false,
          "Plans": [
            {
              "Node Type": "Aggregate",
              "Strategy": "Plain",
              "Partial Mode": "Partial",
              "Parent Relationship": "Outer",
              "Parallel Aware": false,
              "Startup Cost": 437245.49,
              "Total Cost": 437245.5,
              "Plan Rows": 1,
              "Plan Width": 8,
              "Actual Startup Time": 1882.645,
              "Actual Total Time": 1883.278,
              "Actual Rows": 1,
              "Actual Loops": 7,
              "Plans": [
                {
                  "Node Type": "Hash Join",
                  "Parent Relationship": "Outer",
                  "Parallel Aware": true,
                  "Join Type": "Inner",
                  "Startup Cost": 101691.08,
                  "Total Cost": 435576.27,
                  "Plan Rows": 667688,
                  "Plan Width": 0,
                  "Actual Startup Time": 1007.169,
                  "Actual Total Time": 1733.775,
                  "Actual Rows": 2543173,
                  "Actual Loops": 7,
                  "Inner Unique": false,
                  "Hash Cond": "(ci.movie_id = t.id)",
                  "Plans": [
                    {
                      "Node Type": "Seq Scan",
                      "Parent Relationship": "Outer",
                      "Parallel Aware": true,
                      "Relation Name": "cast_info",
                      "Alias": "ci",
                      "Startup Cost": 0.0,
                      "Total Cost": 328211.39,
                      "Plan Rows": 938659,
                      "Plan Width": 4,
                      "Actual Startup Time": 430.819,
                      "Actual Total Time": 663.695,
                      "Actual Rows": 797024,
                      "Actual Loops": 7,
                      "Filter": "(person_id > 3094405)",
                      "Rows Removed by Filter": 4380740
                    },
                    {
                      "Node Type": "Hash",
                      "Parent Relationship": "Inner",
                      "Parallel Aware": true,
                      "Startup Cost": 94438.98,
                      "Total Cost": 94438.98,
                      "Plan Rows": 580168,
                      "Plan Width": 8,
                      "Actual Startup Time": 572.217,
                      "Actual Total Time": 572.848,
                      "Actual Rows": 254723,
                      "Actual Loops": 7,
                      "Hash Buckets": 2097152,
                      "Original Hash Buckets": 2097152,
                      "Hash Batches": 1,
                      "Original Hash Batches": 1,
                      "Peak Memory Usage": 86240,
                      "Plans": [
                        {
                          "Node Type": "Hash Join",
                          "Parent Relationship": "Outer",
                          "Parallel Aware": true,
                          "Join Type": "Inner",
                          "Startup Cost": 50220.38,
                          "Total Cost": 94438.98,
                          "Plan Rows": 580168,
                          "Plan Width": 8,
                          "Actual Startup Time": 300.536,
                          "Actual Total Time": 468.108,
                          "Actual Rows": 254723,
                          "Actual Loops": 7,
                          "Inner Unique": true,
                          "Hash Cond": "(mk.movie_id = t.id)",
                          "Plans": [
                            {
                              "Node Type": "Seq Scan",
                              "Parent Relationship": "Outer",
                              "Parallel Aware": true,
                              "Relation Name": "movie_keyword",
                              "Alias": "mk",
                              "Startup Cost": 0.0,
                              "Total Cost": 42695.65,
                              "Plan Rows": 580168,
                              "Plan Width": 4,
                              "Actual Startup Time": 0.393,
                              "Actual Total Time": 90.435,
                              "Actual Rows": 254723,
                              "Actual Loops": 7,
                              "Filter": "(keyword_id > 7773)",
                              "Rows Removed by Filter": 391553
                            },
                            {
                              "Node Type": "Hash",
                              "Parent Relationship": "Inner",
                              "Parallel Aware": true,
                              "Startup Cost": 42319.06,
                              "Total Cost": 42319.06,
                              "Plan Rows": 632106,
                              "Plan Width": 4,
                              "Actual Startup Time": 296.027,
                              "Actual Total Time": 296.028,
                              "Actual Rows": 361187,
                              "Actual Loops": 7,
                              "Hash Buckets": 4194304,
                              "Original Hash Buckets": 4194304,
                              "Hash Batches": 1,
                              "Original Hash Batches": 1,
                              "Peak Memory Usage": 131776,
                              "Plans": [
                                {
                                  "Node Type": "Seq Scan",
                                  "Parent Relationship": "Outer",
                                  "Parallel Aware": true,
                                  "Relation Name": "title",
                                  "Alias": "t",
                                  "Startup Cost": 0.0,
                                  "Total Cost": 42319.06,
                                  "Plan Rows": 632106,
                                  "Plan Width": 4,
                                  "Actual Startup Time": 0.062,
                                  "Actual Total Time": 89.475,
                                  "Actual Rows": 361187,
                                  "Actual Loops": 7
                                }
                              ]
                            }
                          ]
                        }
                      ]
                    }
                  ]
                }
              ]
            }
          ]
        }
      ]
    },
    "Planning Time": 1.066,
    "Triggers": [],
    "Execution Time": 1990.771
  }
]