[
  {
    "Plan": {
      "Node Type": "Aggregate",
      "Strategy": "Plain",
      "Partial Mode": "Finalize",
      "Parallel Aware": false,
      "Startup Cost": 114067.16,
      "Total Cost": 114067.17,
      "Plan Rows": 1,
      "Plan Width": 8,
      "Actual Startup Time": 970.881,
      "Actual Total Time": 1000.647,
      "Actual Rows": 1,
      "Actual Loops": 1,
      "Plans": [
        {
          "Node Type": "Gather",
          "Parent Relationship": "Outer",
          "Parallel Aware": false,
          "Startup Cost": 114066.94,
          "Total Cost": 114067.15,
          "Plan Rows": 2,
          "Plan Width": 8,
          "Actual Startup Time": 960.969,
          "Actual Total Time": 1000.638,
          "Actual Rows": 3,
          "Actual Loops": 1,
          "Workers Planned": 2,
          "Workers Launched": 2,
          "Single Copy": false,
          "Plans": [
            {
              "Node Type": "Aggregate",
              "Strategy": "Plain",
              "Partial Mode": "Partial",
              "Parent Relationship": "Outer",
              "Parallel Aware": false,
              "Startup Cost": 113066.94,
              "Total Cost": 113066.95,
              "Plan Rows": 1,
              "Plan Width": 8,
              "Actual Startup Time": 951.391,
              "Actual Total Time": 951.397,
              "Actual Rows": 1,
              "Actual Loops": 3,
              "Plans": [
                {
                  "Node Type": "Hash Join",
                  "Parent Relationship": "Outer",
                  "Parallel Aware": true,
                  "Join Type": "Inner",
                  "Startup Cost": 96290.95,
                  "Total Cost": 112658.9,
                  "Plan Rows": 163215,
                  "Plan Width": 0,
                  "Actual Startup Time": 781.786,
                  "Actual Total Time": 928.305,
                  "Actual Rows": 502719,
                  "Actual Loops": 3,
                  "Inner Unique": false,
                  "Hash Cond": "(mi_idx.movie_id = t.id)",
                  "Plans": [
                    {
                      "Node Type": "Seq Scan",
                      "Parent Relationship": "Outer",
                      "Parallel Aware": true,
                      "Relation Name": "movie_info_idx",
                      "Alias": "mi_idx",
                      "Startup Cost": 0.0,
                      "Total Cost": 13685.15,
                      "Plan Rows": 575015,
                      "Plan Width": 4,
                      "Actual Startup Time": 0.035,
                      "Actual Total Time": 39.055,
                      "Actual Rows": 460012,
                      "Actual Loops": 3
                    },
                    {
                      "Node Type": "Hash",
                      "Parent Relationship": "Inner",
                      "Parallel Aware": true,
                      "Startup Cost": 93397.23,
                      "Total Cost": 93397.23,
                      "Plan Rows": 231498,
                      "Plan Width": 8,
                      "Actual Startup Time": 775.078,
                      "Actual Total Time": 775.082,
                      "Actual Rows": 241801,
                      "Actual Loops": 3,
                      "Hash Buckets": 1048576,
                      "Original Hash Buckets": 1048576,
                      "Hash Batches": 1,
                      "Original Hash Batches": 1,
                      "Peak Memory Usage": 36640,
                      "Plans": [
                        {
                          "Node Type": "Hash Join",
                          "Parent Relationship": "Outer",
                          "Parallel Aware": true,
                          "Join Type": "Inner",
                          "Startup Cost": 65441.82,
                          "Total Cost": 93397.23,
                          "Plan Rows": 231498,
                          "Plan Width": 8,
                          "Actual Startup Time": 523.156,
                          "Actual Total Time": 694.857,
                          "Actual Rows": 241801,
                          "Actual Loops": 3,
                          "Inner Unique": true,
                          "Hash Cond": "(mk.movie_id = t.id)",
                          "Plans": [
                            {
                              "Node Type": "Bitmap Heap Scan",
                              "Parent Relationship": "Outer",
                              "Parallel Aware": true,
                              "Relation Name": "movie_keyword",
                              "Alias": "mk",
                              "Startup Cost": 15222.17,
                              "Total Cost": 42569.9,
                              "Plan Rows": 231498,
                              "Plan Width": 4,
                              "Actual Startup Time": 46.229,
                              "Actual Total Time": 124.844,
                              "Actual Rows": 241801,
                              "Actual Loops": 3,
                              "Recheck Cond": "(keyword_id < 646)",
                              "Rows Removed by Index Recheck": 0,
                              "Exact Heap Blocks": 6873,
                              "Lossy Heap Blocks": 0,
                              "Plans": [
                                {
                                  "Node Type": "Bitmap Index Scan",
                                  "Parent Relationship": "Outer",
                                  "Parallel Aware": false,
                                  "Index Name": "keyword_id_movie_keyword",
                                  "Startup Cost": 0.0,
                                  "Total Cost": 15042.76,
                                  "Plan Rows": 717644,
                                  "Plan Width": 0,
                                  "Actual Startup Time": 42.682,
                                  "Actual Total Time": 42.682,
                                  "Actual Rows": 725402,
                                  "Actual Loops": 1,
                                  "Index Cond": "(keyword_id < 646)"
                                }
                              ]
                            },
                            {
                              "Node Type": "Hash",
                              "Parent Relationship": "Inner",
                              "Parallel Aware": true,
                              "Startup Cost": 42318.73,
                              "Total Cost": 42318.73,
                              "Plan Rows": 632073,
                              "Plan Width": 4,
                              "Actual Startup Time": 464.177,
                              "Actual Total Time": 464.178,
                              "Actual Rows": 842771,
                              "Actual Loops": 3,
                              "Hash Buckets": 4194304,
                              "Original Hash Buckets": 4194304,
                              "Hash Batches": 1,
                              "Original Hash Batches": 1,
                              "Peak Memory Usage": 131712,
                              "Plans": [
                                {
                                  "Node Type": "Seq Scan",
                                  "Parent Relationship": "Outer",
                                  "Parallel Aware": true,
                                  "Relation Name": "title",
                                  "Alias": "t",
                                  "Startup Cost": 0.0,
                                  "Total Cost": 42318.73,
                                  "Plan Rows": 632073,
                                  "Plan Width": 4,
                                  "Actual Startup Time": 0.049,
                                  "Actual Total Time": 130.46,
                                  "Actual Rows": 842771,
                                  "Actual Loops": 3
                                }
                              ]
                            }
                          ]
                        }
                      ]
                    }
                  ]
                }
              ]
            }
          ]
        }
      ]
    },
    "Planning Time": 1.4,
    "Triggers": [],
    "Execution Time": 1000.756
  }
]