[
  {
    "Plan": {
      "Node Type": "Aggregate",
      "Strategy": "Plain",
      "Partial Mode": "Finalize",
      "Parallel Aware": false,
      "Startup Cost": 203787.5,
      "Total Cost": 203787.51,
      "Plan Rows": 1,
      "Plan Width": 8,
      "Actual Startup Time": 1631.295,
      "Actual Total Time": 1711.863,
      "Actual Rows": 1,
      "Actual Loops": 1,
      "Plans": [
        {
          "Node Type": "Gather",
          "Parent Relationship": "Outer",
          "Parallel Aware": false,
          "Startup Cost": 203787.18,
          "Total Cost": 203787.49,
          "Plan Rows": 3,
          "Plan Width": 8,
          "Actual Startup Time": 1627.684,
          "Actual Total Time": 1711.854,
          "Actual Rows": 4,
          "Actual Loops": 1,
          "Workers Planned": 3,
          "Workers Launched": 3,
          "Single Copy": false,
          "Plans": [
            {
              "Node Type": "Aggregate",
              "Strategy": "Plain",
              "Partial Mode": "Partial",
              "Parent Relationship": "Outer",
              "Parallel Aware": false,
              "Startup Cost": 202787.18,
              "Total Cost": 202787.19,
              "Plan Rows": 1,
              "Plan Width": 8,
              "Actual Startup Time": 1615.379,
              "Actual Total Time": 1615.383,
              "Actual Rows": 1,
              "Actual Loops": 4,
              "Plans": [
                {
                  "Node Type": "Nested Loop",
                  "Parent Relationship": "Outer",
                  "Parallel Aware": false,
                  "Join Type": "Inner",
                  "Startup Cost": 53844.93,
                  "Total Cost": 202503.6,
                  "Plan Rows": 113432,
                  "Plan Width": 0,
                  "Actual Startup Time": 241.989,
                  "Actual Total Time": 1592.131,
                  "Actual Rows": 439828,
                  "Actual Loops": 4,
                  "Inner Unique": false,
                  "Plans": [
                    {
                      "Node Type": "Hash Join",
                      "Parent Relationship": "Outer",
                      "Parallel Aware": true,
                      "Join Type": "Inner",
                      "Startup Cost": 53844.36,
                      "Total Cost": 79734.77,
                      "Plan Rows": 44467,
                      "Plan Width": 8,
                      "Actual Startup Time": 241.683,
                      "Actual Total Time": 304.815,
                      "Actual Rows": 44583,
                      "Actual Loops": 4,
                      "Inner Unique": true,
                      "Hash Cond": "(mk.movie_id = t.id)",
                      "Plans": [
                        {
                          "Node Type": "Bitmap Heap Scan",
                          "Parent Relationship": "Outer",
                          "Parallel Aware": true,
                          "Relation Name": "movie_keyword",
                          "Alias": "mk",
                          "Startup Cost": 6246.07,
                          "Total Cost": 31887.19,
                          "Plan Rows": 94969,
                          "Plan Width": 4,
                          "Actual Startup Time": 20.617,
                          "Actual Total Time": 53.61,
                          "Actual Rows": 72862,
                          "Actual Loops": 4,
                          "Recheck Cond": "(keyword_id > 55259)",
                          "Rows Removed by Index Recheck": 0,
                          "Exact Heap Blocks": 6996,
                          "Lossy Heap Blocks": 0,
                          "Plans": [
                            {
                              "Node Type": "Bitmap Index Scan",
                              "Parent Relationship": "Outer",
                              "Parallel Aware": false,
                              "Index Name": "keyword_id_movie_keyword",
                              "Startup Cost": 0.0,
                              "Total Cost": 6172.47,
                              "Plan Rows": 294405,
                              "Plan Width": 0,
                              "Actual Startup Time": 17.329,
                              "Actual Total Time": 17.33,
                              "Actual Rows": 291448,
                              "Actual Loops": 1,
                              "Index Cond": "(keyword_id > 55259)"
                            }
                          ]
                        },
                        {
                          "Node Type": "Hash",
                          "Parent Relationship": "Inner",
                          "Parallel Aware": true,
                          "Startup Cost": 43898.92,
                          "Total Cost": 43898.92,
                          "Plan Rows": 295950,
                          "Plan Width": 4,
                          "Actual Startup Time": 213.482,
                          "Actual Total Time": 213.483,
                          "Actual Rows": 298981,
                          "Actual Loops": 4,
                          "Hash Buckets": 2097152,
                          "Original Hash Buckets": 2097152,
                          "Hash Batches": 1,
                          "Original Hash Batches": 1,
                          "Peak Memory Usage": 63200,
                          "Plans": [
                            {
                              "Node Type": "Seq Scan",
                              "Parent Relationship": "Outer",
                              "Parallel Aware": true,
                              "Relation Name": "title",
                              "Alias": "t",
                              "Startup Cost": 0.0,
                              "Total Cost": 43898.92,
                              "Plan Rows": 295950,
                              "Plan Width": 4,
                              "Actual Startup Time": 0.034,
                              "Actual Total Time": 105.734,
                              "Actual Rows": 298981,
                              "Actual Loops": 4,
                              "Filter": "(production_year < 2003)",
                              "Rows Removed by Filter": 333097
                            }
                          ]
                        }
                      ]
                    },
                    {
                      "Node Type": "Index Scan",
                      "Parent Relationship": "Inner",
                      "Parallel Aware": false,
                      "Scan Direction": "Forward",
                      "Index Name": "movie_id_cast_info",
                      "Relation Name": "cast_info",
                      "Alias": "ci",
                      "Startup Cost": 0.56,
                      "Total Cost": 2.69,
                      "Plan Rows": 7,
                      "Plan Width": 4,
                      "Actual Startup Time": 0.02,
                      "Actual Total Time": 0.028,
                      "Actual Rows": 10,
                      "Actual Loops": 178331,
                      "Index Cond": "(movie_id = t.id)",
                      "Rows Removed by Index Recheck": 0,
                      "Filter": "((person_id > 1716476) AND (role_id > 3))",
                      "Rows Removed by Filter": 31
                    }
                  ]
                }
              ]
            }
          ]
        }
      ]
    },
    "Planning Time": 1.322,
    "Triggers": [],
    "Execution Time": 1711.997
  }
]