[
    {
        "Bao": {
            "Bao prediction": 565.509,
            "Bao recommended hint": "(no hint)"
        }
    },
    {
        "Plan": {
            "Node Type": "Aggregate",
            "Strategy": "Plain",
            "Partial Mode": "Finalize",
            "Parallel Aware": false,
            "Startup Cost": 124784.64,
            "Total Cost": 124784.65,
            "Plan Rows": 1,
            "Plan Width": 8,
            "Actual Startup Time": 624.872,
            "Actual Total Time": 646.529,
            "Actual Rows": 1,
            "Actual Loops": 1,
            "Output": [
                "count(*)"
            ],
            "Plans": [
                {
                    "Node Type": "Gather",
                    "Parent Relationship": "Outer",
                    "Parallel Aware": false,
                    "Startup Cost": 124784.12,
                    "Total Cost": 124784.63,
                    "Plan Rows": 5,
                    "Plan Width": 8,
                    "Actual Startup Time": 610.225,
                    "Actual Total Time": 646.518,
                    "Actual Rows": 6,
                    "Actual Loops": 1,
                    "Output": [
                        "(PARTIAL count(*))"
                    ],
                    "Workers Planned": 5,
                    "Workers Launched": 5,
                    "Single Copy": false,
                    "Plans": [
                        {
                            "Node Type": "Aggregate",
                            "Strategy": "Plain",
                            "Partial Mode": "Partial",
                            "Parent Relationship": "Outer",
                            "Parallel Aware": false,
                            "Startup Cost": 123784.12,
                            "Total Cost": 123784.13,
                            "Plan Rows": 1,
                            "Plan Width": 8,
                            "Actual Startup Time": 588.725,
                            "Actual Total Time": 588.729,
                            "Actual Rows": 1,
                            "Actual Loops": 6,
                            "Output": [
                                "PARTIAL count(*)"
                            ],
                            "Workers": [
                                {
                                    "Worker Number": 0,
                                    "Actual Startup Time": 584.308,
                                    "Actual Total Time": 584.311,
                                    "Actual Rows": 1,
                                    "Actual Loops": 1
                                },
                                {
                                    "Worker Number": 1,
                                    "Actual Startup Time": 584.22,
                                    "Actual Total Time": 584.223,
                                    "Actual Rows": 1,
                                    "Actual Loops": 1
                                },
                                {
                                    "Worker Number": 2,
                                    "Actual Startup Time": 586.152,
                                    "Actual Total Time": 586.155,
                                    "Actual Rows": 1,
                                    "Actual Loops": 1
                                },
                                {
                                    "Worker Number": 3,
                                    "Actual Startup Time": 584.155,
                                    "Actual Total Time": 584.158,
                                    "Actual Rows": 1,
                                    "Actual Loops": 1
                                },
                                {
                                    "Worker Number": 4,
                                    "Actual Startup Time": 584.08,
                                    "Actual Total Time": 584.084,
                                    "Actual Rows": 1,
                                    "Actual Loops": 1
                                }
                            ],
                            "Plans": [
                                {
                                    "Node Type": "Hash Join",
                                    "Parent Relationship": "Outer",
                                    "Parallel Aware": true,
                                    "Join Type": "Inner",
                                    "Startup Cost": 50220.37,
                                    "Total Cost": 123080.52,
                                    "Plan Rows": 281442,
                                    "Plan Width": 0,
                                    "Actual Startup Time": 309.86,
                                    "Actual Total Time": 570.285,
                                    "Actual Rows": 258337,
                                    "Actual Loops": 6,
                                    "Inner Unique": true,
                                    "Hash Cond": "(ci.movie_id = t.id)",
                                    "Workers": [
                                        {
                                            "Worker Number": 0,
                                            "Actual Startup Time": 305.619,
                                            "Actual Total Time": 565.622,
                                            "Actual Rows": 258816,
                                            "Actual Loops": 1
                                        },
                                        {
                                            "Worker Number": 1,
                                            "Actual Startup Time": 305.675,
                                            "Actual Total Time": 565.564,
                                            "Actual Rows": 259278,
                                            "Actual Loops": 1
                                        },
                                        {
                                            "Worker Number": 2,
                                            "Actual Startup Time": 305.512,
                                            "Actual Total Time": 568.045,
                                            "Actual Rows": 252242,
                                            "Actual Loops": 1
                                        },
                                        {
                                            "Worker Number": 3,
                                            "Actual Startup Time": 305.65,
                                            "Actual Total Time": 565.549,
                                            "Actual Rows": 258849,
                                            "Actual Loops": 1
                                        },
                                        {
                                            "Worker Number": 4,
                                            "Actual Startup Time": 305.755,
                                            "Actual Total Time": 566.013,
                                            "Actual Rows": 250874,
                                            "Actual Loops": 1
                                        }
                                    ],
                                    "Plans": [
                                        {
                                            "Node Type": "Index Scan",
                                            "Parent Relationship": "Outer",
                                            "Parallel Aware": true,
                                            "Scan Direction": "Forward",
                                            "Index Name": "role_id_cast_info",
                                            "Relation Name": "cast_info",
                                            "Schema": "public",
                                            "Alias": "ci",
                                            "Startup Cost": 0.56,
                                            "Total Cost": 72121.93,
                                            "Plan Rows": 281442,
                                            "Plan Width": 4,
                                            "Actual Startup Time": 0.195,
                                            "Actual Total Time": 117.319,
                                            "Actual Rows": 258337,
                                            "Actual Loops": 6,
                                            "Output": [
                                                "ci.id",
                                                "ci.person_id",
                                                "ci.movie_id",
                                                "ci.person_role_id",
                                                "ci.note",
                                                "ci.nr_order",
                                                "ci.role_id"
                                            ],
                                            "Index Cond": "(ci.role_id = 4)",
                                            "Rows Removed by Index Recheck": 0,
                                            "Filter": "(ci.person_id > 1669539)",
                                            "Rows Removed by Filter": 196487,
                                            "Workers": [
                                                {
                                                    "Worker Number": 0,
                                                    "Actual Startup Time": 0.072,
                                                    "Actual Total Time": 118.964,
                                                    "Actual Rows": 258816,
                                                    "Actual Loops": 1
                                                },
                                                {
                                                    "Worker Number": 1,
                                                    "Actual Startup Time": 0.267,
                                                    "Actual Total Time": 118.988,
                                                    "Actual Rows": 259278,
                                                    "Actual Loops": 1
                                                },
                                                {
                                                    "Worker Number": 2,
                                                    "Actual Startup Time": 0.116,
                                                    "Actual Total Time": 118.936,
                                                    "Actual Rows": 252242,
                                                    "Actual Loops": 1
                                                },
                                                {
                                                    "Worker Number": 3,
                                                    "Actual Startup Time": 0.185,
                                                    "Actual Total Time": 118.178,
                                                    "Actual Rows": 258849,
                                                    "Actual Loops": 1
                                                },
                                                {
                                                    "Worker Number": 4,
                                                    "Actual Startup Time": 0.332,
                                                    "Actual Total Time": 118.736,
                                                    "Actual Rows": 250874,
                                                    "Actual Loops": 1
                                                }
                                            ]
                                        },
                                        {
                                            "Node Type": "Hash",
                                            "Parent Relationship": "Inner",
                                            "Parallel Aware": true,
                                            "Startup Cost": 42318.81,
                                            "Total Cost": 42318.81,
                                            "Plan Rows": 632080,
                                            "Plan Width": 4,
                                            "Actual Startup Time": 301.369,
                                            "Actual Total Time": 301.37,
                                            "Actual Rows": 421385,
                                            "Actual Loops": 6,
                                            "Output": [
                                                "t.id"
                                            ],
                                            "Hash Buckets": 4194304,
                                            "Original Hash Buckets": 4194304,
                                            "Hash Batches": 1,
                                            "Original Hash Batches": 1,
                                            "Peak Memory Usage": 131808,
                                            "Workers": [
                                                {
                                                    "Worker Number": 0,
                                                    "Actual Startup Time": 304.889,
                                                    "Actual Total Time": 304.89,
                                                    "Actual Rows": 401618,
                                                    "Actual Loops": 1
                                                },
                                                {
                                                    "Worker Number": 1,
                                                    "Actual Startup Time": 304.898,
                                                    "Actual Total Time": 304.899,
                                                    "Actual Rows": 404939,
                                                    "Actual Loops": 1
                                                },
                                                {
                                                    "Worker Number": 2,
                                                    "Actual Startup Time": 304.747,
                                                    "Actual Total Time": 304.748,
                                                    "Actual Rows": 403401,
                                                    "Actual Loops": 1
                                                },
                                                {
                                                    "Worker Number": 3,
                                                    "Actual Startup Time": 305.019,
                                                    "Actual Total Time": 305.02,
                                                    "Actual Rows": 404168,
                                                    "Actual Loops": 1
                                                },
                                                {
                                                    "Worker Number": 4,
                                                    "Actual Startup Time": 304.943,
                                                    "Actual Total Time": 304.944,
                                                    "Actual Rows": 404381,
                                                    "Actual Loops": 1
                                                }
                                            ],
                                            "Plans": [
                                                {
                                                    "Node Type": "Seq Scan",
                                                    "Parent Relationship": "Outer",
                                                    "Parallel Aware": true,
                                                    "Relation Name": "title",
                                                    "Schema": "public",
                                                    "Alias": "t",
                                                    "Startup Cost": 0.0,
                                                    "Total Cost": 42318.81,
                                                    "Plan Rows": 632080,
                                                    "Plan Width": 4,
                                                    "Actual Startup Time": 0.038,
                                                    "Actual Total Time": 90.914,
                                                    "Actual Rows": 421385,
                                                    "Actual Loops": 6,
                                                    "Output": [
                                                        "t.id"
                                                    ],
                                                    "Workers": [
                                                        {
                                                            "Worker Number": 0,
                                                            "Actual Startup Time": 0.052,
                                                            "Actual Total Time": 92.958,
                                                            "Actual Rows": 401618,
                                                            "Actual Loops": 1
                                                        },
                                                        {
                                                            "Worker Number": 1,
                                                            "Actual Startup Time": 0.042,
                                                            "Actual Total Time": 93.3,
                                                            "Actual Rows": 404939,
                                                            "Actual Loops": 1
                                                        },
                                                        {
                                                            "Worker Number": 2,
                                                            "Actual Startup Time": 0.026,
                                                            "Actual Total Time": 94.431,
                                                            "Actual Rows": 403401,
                                                            "Actual Loops": 1
                                                        },
                                                        {
                                                            "Worker Number": 3,
                                                            "Actual Startup Time": 0.055,
                                                            "Actual Total Time": 92.713,
                                                            "Actual Rows": 404168,
                                                            "Actual Loops": 1
                                                        },
                                                        {
                                                            "Worker Number": 4,
                                                            "Actual Startup Time": 0.041,
                                                            "Actual Total Time": 95.029,
                                                            "Actual Rows": 404381,
                                                            "Actual Loops": 1
                                                        }
                                                    ]
                                                }
                                            ]
                                        }
                                    ]
                                }
                            ]
                        }
                    ]
                }
            ]
        },
        "Planning Time": 1283.64,
        "Triggers": [],
        "Execution Time": 646.638
    }
]