[
  {
    "Plan": {
      "Node Type": "Aggregate",
      "Strategy": "Plain",
      "Partial Mode": "Finalize",
      "Parallel Aware": false,
      "Startup Cost": 55044.08,
      "Total Cost": 55044.09,
      "Plan Rows": 1,
      "Plan Width": 8,
      "Actual Startup Time": 93.614,
      "Actual Total Time": 102.878,
      "Actual Rows": 1,
      "Actual Loops": 1,
      "Plans": [
        {
          "Node Type": "Gather",
          "Parent Relationship": "Outer",
          "Parallel Aware": false,
          "Startup Cost": 55043.66,
          "Total Cost": 55044.07,
          "Plan Rows": 4,
          "Plan Width": 8,
          "Actual Startup Time": 93.49,
          "Actual Total Time": 102.871,
          "Actual Rows": 5,
          "Actual Loops": 1,
          "Workers Planned": 4,
          "Workers Launched": 4,
          "Single Copy": false,
          "Plans": [
            {
              "Node Type": "Aggregate",
              "Strategy": "Plain",
              "Partial Mode": "Partial",
              "Parent Relationship": "Outer",
              "Parallel Aware": false,
              "Startup Cost": 54043.66,
              "Total Cost": 54043.67,
              "Plan Rows": 1,
              "Plan Width": 8,
              "Actual Startup Time": 86.925,
              "Actual Total Time": 86.927,
              "Actual Rows": 1,
              "Actual Loops": 5,
              "Plans": [
                {
                  "Node Type": "Nested Loop",
                  "Parent Relationship": "Outer",
                  "Parallel Aware": false,
                  "Join Type": "Inner",
                  "Startup Cost": 0.43,
                  "Total Cost": 54039.45,
                  "Plan Rows": 1682,
                  "Plan Width": 0,
                  "Actual Startup Time": 53.778,
                  "Actual Total Time": 86.663,
                  "Actual Rows": 5019,
                  "Actual Loops": 5,
                  "Inner Unique": false,
                  "Plans": [
                    {
                      "Node Type": "Seq Scan",
                      "Parent Relationship": "Outer",
                      "Parallel Aware": true,
                      "Relation Name": "title",
                      "Alias": "t",
                      "Startup Cost": 0.0,
                      "Total Cost": 45479.21,
                      "Plan Rows": 940,
                      "Plan Width": 4,
                      "Actual Startup Time": 52.699,
                      "Actual Total Time": 76.765,
                      "Actual Rows": 874,
                      "Actual Loops": 5,
                      "Filter": "((kind_id = 1) AND (production_year = 1975))",
                      "Rows Removed by Filter": 504788
                    },
                    {
                      "Node Type": "Index Only Scan",
                      "Parent Relationship": "Inner",
                      "Parallel Aware": false,
                      "Scan Direction": "Forward",
                      "Index Name": "movie_id_movie_keyword",
                      "Relation Name": "movie_keyword",
                      "Alias": "mk",
                      "Startup Cost": 0.43,
                      "Total Cost": 8.65,
                      "Plan Rows": 46,
                      "Plan Width": 4,
                      "Actual Startup Time": 0.01,
                      "Actual Total Time": 0.011,
                      "Actual Rows": 6,
                      "Actual Loops": 4371,
                      "Index Cond": "(movie_id = t.id)",
                      "Rows Removed by Index Recheck": 0,
                      "Heap Fetches": 25096
                    }
                  ]
                }
              ]
            }
          ]
        }
      ]
    },
    "Planning Time": 0.536,
    "Triggers": [],
    "Execution Time": 102.935
  }
]