[
  {
    "Plan": {
      "Node Type": "Aggregate",
      "Strategy": "Plain",
      "Partial Mode": "Finalize",
      "Parallel Aware": false,
      "Startup Cost": 67450.45,
      "Total Cost": 67450.46,
      "Plan Rows": 1,
      "Plan Width": 8,
      "Actual Startup Time": 458.579,
      "Actual Total Time": 472.472,
      "Actual Rows": 1,
      "Actual Loops": 1,
      "Plans": [
        {
          "Node Type": "Gather",
          "Parent Relationship": "Outer",
          "Parallel Aware": false,
          "Startup Cost": 67450.24,
          "Total Cost": 67450.45,
          "Plan Rows": 2,
          "Plan Width": 8,
          "Actual Startup Time": 451.727,
          "Actual Total Time": 472.462,
          "Actual Rows": 3,
          "Actual Loops": 1,
          "Workers Planned": 2,
          "Workers Launched": 2,
          "Single Copy": false,
          "Plans": [
            {
              "Node Type": "Aggregate",
              "Strategy": "Plain",
              "Partial Mode": "Partial",
              "Parent Relationship": "Outer",
              "Parallel Aware": false,
              "Startup Cost": 66450.24,
              "Total Cost": 66450.25,
              "Plan Rows": 1,
              "Plan Width": 8,
              "Actual Startup Time": 442.007,
              "Actual Total Time": 442.011,
              "Actual Rows": 1,
              "Actual Loops": 3,
              "Plans": [
                {
                  "Node Type": "Hash Join",
                  "Parent Relationship": "Outer",
                  "Parallel Aware": true,
                  "Join Type": "Inner",
                  "Startup Cost": 49789.5,
                  "Total Cost": 65924.34,
                  "Plan Rows": 210359,
                  "Plan Width": 0,
                  "Actual Startup Time": 315.948,
                  "Actual Total Time": 437.784,
                  "Actual Rows": 93875,
                  "Actual Loops": 3,
                  "Inner Unique": true,
                  "Hash Cond": "(mi_idx.movie_id = t.id)",
                  "Plans": [
                    {
                      "Node Type": "Seq Scan",
                      "Parent Relationship": "Outer",
                      "Parallel Aware": true,
                      "Relation Name": "movie_info_idx",
                      "Alias": "mi_idx",
                      "Startup Cost": 0.0,
                      "Total Cost": 15122.68,
                      "Plan Rows": 385585,
                      "Plan Width": 4,
                      "Actual Startup Time": 0.03,
                      "Actual Total Time": 47.063,
                      "Actual Rows": 306703,
                      "Actual Loops": 3,
                      "Filter": "(info_type_id > 99)",
                      "Rows Removed by Filter": 153308
                    },
                    {
                      "Node Type": "Hash",
                      "Parent Relationship": "Inner",
                      "Parallel Aware": true,
                      "Startup Cost": 45479.1,
                      "Total Cost": 45479.1,
                      "Plan Rows": 344832,
                      "Plan Width": 4,
                      "Actual Startup Time": 306.213,
                      "Actual Total Time": 306.214,
                      "Actual Rows": 486841,
                      "Actual Loops": 3,
                      "Hash Buckets": 2097152,
                      "Original Hash Buckets": 2097152,
                      "Hash Batches": 1,
                      "Original Hash Batches": 1,
                      "Peak Memory Usage": 73568,
                      "Plans": [
                        {
                          "Node Type": "Seq Scan",
                          "Parent Relationship": "Outer",
                          "Parallel Aware": true,
                          "Relation Name": "title",
                          "Alias": "t",
                          "Startup Cost": 0.0,
                          "Total Cost": 45479.1,
                          "Plan Rows": 344832,
                          "Plan Width": 4,
                          "Actual Startup Time": 0.044,
                          "Actual Total Time": 140.949,
                          "Actual Rows": 486841,
                          "Actual Loops": 3,
                          "Filter": "((production_year > 1954) AND (kind_id = 7))",
                          "Rows Removed by Filter": 355929
                        }
                      ]
                    }
                  ]
                }
              ]
            }
          ]
        }
      ]
    },
    "Planning Time": 0.611,
    "Triggers": [],
    "Execution Time": 472.543
  }
]