{
  "Plan": {
    "Node Type": "Aggregate",
    "Strategy": "Plain",
    "Partial Mode": "Simple",
    "Parallel Aware": false,
    "Startup Cost": 1620070.25,
    "Total Cost": 1620070.26,
    "Plan Rows": 1,
    "Plan Width": 128,
    "Actual Startup Time": 25150.348,
    "Actual Total Time": 25150.526,
    "Actual Rows": 1,
    "Actual Loops": 1,
    "Plans": [
      {
        "Node Type": "Hash Join",
        "Parent Relationship": "Outer",
        "Parallel Aware": false,
        "Join Type": "Inner",
        "Startup Cost": 1616102.33,
        "Total Cost": 1620070.24,
        "Plan Rows": 1,
        "Plan Width": 54,
        "Actual Startup Time": 25121.479,
        "Actual Total Time": 25150.284,
        "Actual Rows": 1728,
        "Actual Loops": 1,
        "Inner Unique": false,
        "Hash Cond": "(k.id = mk.keyword_id)",
        "Plans": [
          {
            "Node Type": "Seq Scan",
            "Parent Relationship": "Outer",
            "Parallel Aware": false,
            "Relation Name": "keyword",
            "Alias": "k",
            "Startup Cost": 0.0,
            "Total Cost": 3967.82,
            "Plan Rows": 10,
            "Plan Width": 4,
            "Actual Startup Time": 0.217,
            "Actual Total Time": 28.512,
            "Actual Rows": 10,
            "Actual Loops": 1,
            "Filter": "(keyword = ANY ('{superhero,marvel-comics,based-on-comic,tv-special,fight,violence,magnet,web,claw,laser}'::text[]))",
            "Rows Removed by Filter": 134160
          },
          {
            "Node Type": "Hash",
            "Parent Relationship": "Inner",
            "Parallel Aware": false,
            "Startup Cost": 1616102.11,
            "Total Cost": 1616102.11,
            "Plan Rows": 18,
            "Plan Width": 58,
            "Actual Startup Time": 25121.197,
            "Actual Total Time": 25121.373,
            "Actual Rows": 349357,
            "Actual Loops": 1,
            "Hash Buckets": 524288,
            "Original Hash Buckets": 1024,
            "Hash Batches": 1,
            "Original Hash Batches": 1,
            "Peak Memory Usage": 34835,
            "Plans": [
              {
                "Node Type": "Hash Join",
                "Parent Relationship": "Outer",
                "Parallel Aware": false,
                "Join Type": "Inner",
                "Startup Cost": 1616100.82,
                "Total Cost": 1616102.11,
                "Plan Rows": 18,
                "Plan Width": 58,
                "Actual Startup Time": 24932.587,
                "Actual Total Time": 24985.887,
                "Actual Rows": 349357,
                "Actual Loops": 1,
                "Inner Unique": false,
                "Hash Cond": "(cct1.id = cc.subject_id)",
                "Plans": [
                  {
                    "Node Type": "Seq Scan",
                    "Parent Relationship": "Outer",
                    "Parallel Aware": false,
                    "Relation Name": "comp_cast_type",
                    "Alias": "cct1",
                    "Startup Cost": 0.0,
                    "Total Cost": 1.05,
                    "Plan Rows": 1,
                    "Plan Width": 4,
                    "Actual Startup Time": 0.018,
                    "Actual Total Time": 0.03,
                    "Actual Rows": 1,
                    "Actual Loops": 1,
                    "Filter": "((kind)::text = 'cast'::text)",
                    "Rows Removed by Filter": 3
                  },
                  {
                    "Node Type": "Hash",
                    "Parent Relationship": "Inner",
                    "Parallel Aware": false,
                    "Startup Cost": 1616099.91,
                    "Total Cost": 1616099.91,
                    "Plan Rows": 73,
                    "Plan Width": 62,
                    "Actual Startup Time": 24932.529,
                    "Actual Total Time": 24932.703,
                    "Actual Rows": 467210,
                    "Actual Loops": 1,
                    "Hash Buckets": 524288,
                    "Original Hash Buckets": 1024,
                    "Hash Batches": 1,
                    "Original Hash Batches": 1,
                    "Peak Memory Usage": 47087,
                    "Plans": [
                      {
                        "Node Type": "Hash Join",
                        "Parent Relationship": "Outer",
                        "Parallel Aware": false,
                        "Join Type": "Inner",
                        "Startup Cost": 1529441.58,
                        "Total Cost": 1616099.91,
                        "Plan Rows": 73,
                        "Plan Width": 62,
                        "Actual Startup Time": 23950.111,
                        "Actual Total Time": 24749.766,
                        "Actual Rows": 467210,
                        "Actual Loops": 1,
                        "Inner Unique": false,
                        "Hash Cond": "(mk.movie_id = t.id)",
                        "Plans": [
                          {
                            "Node Type": "Seq Scan",
                            "Parent Relationship": "Outer",
                            "Parallel Aware": false,
                            "Relation Name": "movie_keyword",
                            "Alias": "mk",
                            "Startup Cost": 0.0,
                            "Total Cost": 69693.3,
                            "Plan Rows": 4523930,
                            "Plan Width": 8,
                            "Actual Startup Time": 0.022,
                            "Actual Total Time": 445.889,
                            "Actual Rows": 4523930,
                            "Actual Loops": 1
                          },
                          {
                            "Node Type": "Hash",
                            "Parent Relationship": "Inner",
                            "Parallel Aware": false,
                            "Startup Cost": 1529441.38,
                            "Total Cost": 1529441.38,
                            "Plan Rows": 16,
                            "Plan Width": 74,
                            "Actual Startup Time": 23842.314,
                            "Actual Total Time": 23842.485,
                            "Actual Rows": 2774,
                            "Actual Loops": 1,
                            "Hash Buckets": 4096,
                            "Original Hash Buckets": 1024,
                            "Hash Batches": 1,
                            "Original Hash Batches": 1,
                            "Peak Memory Usage": 325,
                            "Plans": [
                              {
                                "Node Type": "Hash Join",
                                "Parent Relationship": "Outer",
                                "Parallel Aware": false,
                                "Join Type": "Inner",
                                "Startup Cost": 1529440.1,
                                "Total Cost": 1529441.38,
                                "Plan Rows": 16,
                                "Plan Width": 74,
                                "Actual Startup Time": 23841.125,
                                "Actual Total Time": 23841.623,
                                "Actual Rows": 2774,
                                "Actual Loops": 1,
                                "Inner Unique": false,
                                "Hash Cond": "(cct2.id = cc.status_id)",
                                "Plans": [
                                  {
                                    "Node Type": "Seq Scan",
                                    "Parent Relationship": "Outer",
                                    "Parallel Aware": false,
                                    "Relation Name": "comp_cast_type",
                                    "Alias": "cct2",
                                    "Startup Cost": 0.0,
                                    "Total Cost": 1.05,
                                    "Plan Rows": 1,
                                    "Plan Width": 4,
                                    "Actual Startup Time": 0.006,
                                    "Actual Total Time": 0.01,
                                    "Actual Rows": 2,
                                    "Actual Loops": 1,
                                    "Filter": "((kind)::text ~~ '%complete%'::text)",
                                    "Rows Removed by Filter": 2
                                  },
                                  {
                                    "Node Type": "Hash",
                                    "Parent Relationship": "Inner",
                                    "Parallel Aware": false,
                                    "Startup Cost": 1529439.32,
                                    "Total Cost": 1529439.32,
                                    "Plan Rows": 63,
                                    "Plan Width": 78,
                                    "Actual Startup Time": 23841.088,
                                    "Actual Total Time": 23841.255,
                                    "Actual Rows": 2774,
                                    "Actual Loops": 1,
                                    "Hash Buckets": 4096,
                                    "Original Hash Buckets": 1024,
                                    "Hash Batches": 1,
                                    "Original Hash Batches": 1,
                                    "Peak Memory Usage": 336,
                                    "Plans": [
                                      {
                                        "Node Type": "Hash Join",
                                        "Parent Relationship": "Outer",
                                        "Parallel Aware": false,
                                        "Join Type": "Inner",
                                        "Startup Cost": 1529311.74,
                                        "Total Cost": 1529439.32,
                                        "Plan Rows": 63,
                                        "Plan Width": 78,
                                        "Actual Startup Time": 23823.195,
                                        "Actual Total Time": 23840.3,
                                        "Actual Rows": 2774,
                                        "Actual Loops": 1,
                                        "Inner Unique": true,
                                        "Hash Cond": "(t.kind_id = kt.id)",
                                        "Plans": [
                                          {
                                            "Node Type": "Hash Join",
                                            "Parent Relationship": "Outer",
                                            "Parallel Aware": false,
                                            "Join Type": "Inner",
                                            "Startup Cost": 1529310.64,
                                            "Total Cost": 1529436.36,
                                            "Plan Rows": 440,
                                            "Plan Width": 82,
                                            "Actual Startup Time": 23823.109,
                                            "Actual Total Time": 23839.414,
                                            "Actual Rows": 10446,
                                            "Actual Loops": 1,
                                            "Inner Unique": true,
                                            "Hash Cond": "(ci.movie_id = t.id)",
                                            "Plans": [
                                              {
                                                "Node Type": "Hash Join",
                                                "Parent Relationship": "Outer",
                                                "Parallel Aware": false,
                                                "Join Type": "Inner",
                                                "Startup Cost": 1444331.44,
                                                "Total Cost": 1444455.06,
                                                "Plan Rows": 801,
                                                "Plan Width": 57,
                                                "Actual Startup Time": 22400.01,
                                                "Actual Total Time": 22405.882,
                                                "Actual Rows": 43538,
                                                "Actual Loops": 1,
                                                "Inner Unique": false,
                                                "Hash Cond": "(it2.id = mi_idx.info_type_id)",
                                                "Plans": [
                                                  {
                                                    "Node Type": "Seq Scan",
                                                    "Parent Relationship": "Outer",
                                                    "Parallel Aware": false,
                                                    "Relation Name": "info_type",
                                                    "Alias": "it2",
                                                    "Startup Cost": 0.0,
                                                    "Total Cost": 2.41,
                                                    "Plan Rows": 1,
                                                    "Plan Width": 4,
                                                    "Actual Startup Time": 0.061,
                                                    "Actual Total Time": 0.072,
                                                    "Actual Rows": 1,
                                                    "Actual Loops": 1,
                                                    "Filter": "((info)::text = 'rating'::text)",
                                                    "Rows Removed by Filter": 112
                                                  },
                                                  {
                                                    "Node Type": "Hash",
                                                    "Parent Relationship": "Inner",
                                                    "Parallel Aware": false,
                                                    "Startup Cost": 1443199.47,
                                                    "Total Cost": 1443199.47,
                                                    "Plan Rows": 90557,
                                                    "Plan Width": 61,
                                                    "Actual Startup Time": 22398.951,
                                                    "Actual Total Time": 22399.11,
                                                    "Actual Rows": 67435,
                                                    "Actual Loops": 1,
                                                    "Hash Buckets": 131072,
                                                    "Original Hash Buckets": 131072,
                                                    "Hash Batches": 1,
                                                    "Original Hash Batches": 1,
                                                    "Peak Memory Usage": 7073,
                                                    "Plans": [
                                                      {
                                                        "Node Type": "Hash Join",
                                                        "Parent Relationship": "Outer",
                                                        "Parallel Aware": false,
                                                        "Join Type": "Inner",
                                                        "Startup Cost": 1326516.98,
                                                        "Total Cost": 1443199.47,
                                                        "Plan Rows": 90557,
                                                        "Plan Width": 61,
                                                        "Actual Startup Time": 17895.232,
                                                        "Actual Total Time": 22371.097,
                                                        "Actual Rows": 67435,
                                                        "Actual Loops": 1,
                                                        "Inner Unique": true,
                                                        "Hash Cond": "(ci.person_role_id = chn.id)",
                                                        "Plans": [
                                                          {
                                                            "Node Type": "Hash Join",
                                                            "Parent Relationship": "Outer",
                                                            "Parallel Aware": false,
                                                            "Join Type": "Inner",
                                                            "Startup Cost": 1245465.21,
                                                            "Total Cost": 1359509.18,
                                                            "Plan Rows": 1005151,
                                                            "Plan Width": 49,
                                                            "Actual Startup Time": 17610.514,
                                                            "Actual Total Time": 21858.59,
                                                            "Actual Rows": 1974381,
                                                            "Actual Loops": 1,
                                                            "Inner Unique": false,
                                                            "Hash Cond": "(ci.movie_id = mi_idx.movie_id)",
                                                            "Plans": [
                                                              {
                                                                "Node Type": "Hash Join",
                                                                "Parent Relationship": "Outer",
                                                                "Parallel Aware": false,
                                                                "Join Type": "Inner",
                                                                "Startup Cost": 1217867.02,
                                                                "Total Cost": 1290294.87,
                                                                "Plan Rows": 5050339,
                                                                "Plan Width": 35,
                                                                "Actual Startup Time": 17343.701,
                                                                "Actual Total Time": 21079.193,
                                                                "Actual Rows": 5212164,
                                                                "Actual Loops": 1,
                                                                "Inner Unique": true,
                                                                "Hash Cond": "(ci.person_id = n.id)",
                                                                "Plans": [
                                                                  {
                                                                    "Node Type": "Hash Join",
                                                                    "Parent Relationship": "Outer",
                                                                    "Parallel Aware": false,
                                                                    "Join Type": "Inner",
                                                                    "Startup Cost": 1068488.04,
                                                                    "Total Cost": 1127658.73,
                                                                    "Plan Rows": 5050339,
                                                                    "Plan Width": 24,
                                                                    "Actual Startup Time": 15473.094,
                                                                    "Actual Total Time": 17047.836,
                                                                    "Actual Rows": 5212164,
                                                                    "Actual Loops": 1,
                                                                    "Inner Unique": false,
                                                                    "Hash Cond": "(cc.movie_id = ci.movie_id)",
                                                                    "Plans": [
                                                                      {
                                                                        "Node Type": "Seq Scan",
                                                                        "Parent Relationship": "Outer",
                                                                        "Parallel Aware": false,
                                                                        "Relation Name": "complete_cast",
                                                                        "Alias": "cc",
                                                                        "Startup Cost": 0.0,
                                                                        "Total Cost": 2081.86,
                                                                        "Plan Rows": 135086,
                                                                        "Plan Width": 12,
                                                                        "Actual Startup Time": 0.034,
                                                                        "Actual Total Time": 15.76,
                                                                        "Actual Rows": 135086,
                                                                        "Actual Loops": 1
                                                                      },
                                                                      {
                                                                        "Node Type": "Hash",
                                                                        "Parent Relationship": "Inner",
                                                                        "Parallel Aware": false,
                                                                        "Startup Cost": 615265.24,
                                                                        "Total Cost": 615265.24,
                                                                        "Plan Rows": 36257824,
                                                                        "Plan Width": 12,
                                                                        "Actual Startup Time": 15186.741,
                                                                        "Actual Total Time": 15186.742,
                                                                        "Actual Rows": 36244344,
                                                                        "Actual Loops": 1,
                                                                        "Hash Buckets": 67108864,
                                                                        "Original Hash Buckets": 67108864,
                                                                        "Hash Batches": 1,
                                                                        "Original Hash Batches": 1,
                                                                        "Peak Memory Usage": 2008722,
                                                                        "Plans": [
                                                                          {
                                                                            "Node Type": "Seq Scan",
                                                                            "Parent Relationship": "Outer",
                                                                            "Parallel Aware": false,
                                                                            "Relation Name": "cast_info",
                                                                            "Alias": "ci",
                                                                            "Startup Cost": 0.0,
                                                                            "Total Cost": 615265.24,
                                                                            "Plan Rows": 36257824,
                                                                            "Plan Width": 12,
                                                                            "Actual Startup Time": 0.038,
                                                                            "Actual Total Time": 4052.23,
                                                                            "Actual Rows": 36244344,
                                                                            "Actual Loops": 1
                                                                          }
                                                                        ]
                                                                      }
                                                                    ]
                                                                  },
                                                                  {
                                                                    "Node Type": "Hash",
                                                                    "Parent Relationship": "Inner",
                                                                    "Parallel Aware": false,
                                                                    "Startup Cost": 97286.77,
                                                                    "Total Cost": 97286.77,
                                                                    "Plan Rows": 4167377,
                                                                    "Plan Width": 19,
                                                                    "Actual Startup Time": 1843.985,
                                                                    "Actual Total Time": 1843.986,
                                                                    "Actual Rows": 4167491,
                                                                    "Actual Loops": 1,
                                                                    "Hash Buckets": 4194304,
                                                                    "Original Hash Buckets": 4194304,
                                                                    "Hash Batches": 1,
                                                                    "Original Hash Batches": 1,
                                                                    "Peak Memory Usage": 248744,
                                                                    "Plans": [
                                                                      {
                                                                        "Node Type": "Seq Scan",
                                                                        "Parent Relationship": "Outer",
                                                                        "Parallel Aware": false,
                                                                        "Relation Name": "name",
                                                                        "Alias": "n",
                                                                        "Startup Cost": 0.0,
                                                                        "Total Cost": 97286.77,
                                                                        "Plan Rows": 4167377,
                                                                        "Plan Width": 19,
                                                                        "Actual Startup Time": 0.046,
                                                                        "Actual Total Time": 556.893,
                                                                        "Actual Rows": 4167491,
                                                                        "Actual Loops": 1
                                                                      }
                                                                    ]
                                                                  }
                                                                ]
                                                              },
                                                              {
                                                                "Node Type": "Hash",
                                                                "Parent Relationship": "Inner",
                                                                "Parallel Aware": false,
                                                                "Startup Cost": 25185.44,
                                                                "Total Cost": 25185.44,
                                                                "Plan Rows": 193020,
                                                                "Plan Width": 14,
                                                                "Actual Startup Time": 264.609,
                                                                "Actual Total Time": 264.61,
                                                                "Actual Rows": 192839,
                                                                "Actual Loops": 1,
                                                                "Hash Buckets": 262144,
                                                                "Original Hash Buckets": 262144,
                                                                "Hash Batches": 1,
                                                                "Original Hash Batches": 1,
                                                                "Peak Memory Usage": 10355,
                                                                "Plans": [
                                                                  {
                                                                    "Node Type": "Seq Scan",
                                                                    "Parent Relationship": "Outer",
                                                                    "Parallel Aware": false,
                                                                    "Relation Name": "movie_info_idx",
                                                                    "Alias": "mi_idx",
                                                                    "Startup Cost": 0.0,
                                                                    "Total Cost": 25185.44,
                                                                    "Plan Rows": 193020,
                                                                    "Plan Width": 14,
                                                                    "Actual Startup Time": 0.058,
                                                                    "Actual Total Time": 207.435,
                                                                    "Actual Rows": 192839,
                                                                    "Actual Loops": 1,
                                                                    "Filter": "(info > '7.0'::text)",
                                                                    "Rows Removed by Filter": 1187196
                                                                  }
                                                                ]
                                                              }
                                                            ]
                                                          },
                                                          {
                                                            "Node Type": "Hash",
                                                            "Parent Relationship": "Inner",
                                                            "Parallel Aware": false,
                                                            "Startup Cost": 77515.35,
                                                            "Total Cost": 77515.35,
                                                            "Plan Rows": 282914,
                                                            "Plan Width": 20,
                                                            "Actual Startup Time": 278.319,
                                                            "Actual Total Time": 278.46,
                                                            "Actual Rows": 180152,
                                                            "Actual Loops": 1,
                                                            "Hash Buckets": 524288,
                                                            "Original Hash Buckets": 524288,
                                                            "Hash Batches": 1,
                                                            "Original Hash Batches": 1,
                                                            "Peak Memory Usage": 14028,
                                                            "Plans": [
                                                              {
                                                                "Node Type": "Gather",
                                                                "Parent Relationship": "Outer",
                                                                "Parallel Aware": false,
                                                                "Startup Cost": 1000.0,
                                                                "Total Cost": 77515.35,
                                                                "Plan Rows": 282914,
                                                                "Plan Width": 20,
                                                                "Actual Startup Time": 0.935,
                                                                "Actual Total Time": 212.638,
                                                                "Actual Rows": 180152,
                                                                "Actual Loops": 1,
                                                                "Workers Planned": 4,
                                                                "Workers Launched": 4,
                                                                "Single Copy": false,
                                                                "Plans": [
                                                                  {
                                                                    "Node Type": "Seq Scan",
                                                                    "Parent Relationship": "Outer",
                                                                    "Parallel Aware": true,
                                                                    "Relation Name": "char_name",
                                                                    "Alias": "chn",
                                                                    "Startup Cost": 0.0,
                                                                    "Total Cost": 48223.94,
                                                                    "Plan Rows": 70728,
                                                                    "Plan Width": 20,
                                                                    "Actual Startup Time": 0.088,
                                                                    "Actual Total Time": 225.351,
                                                                    "Actual Rows": 36030,
                                                                    "Actual Loops": 5,
                                                                    "Filter": "((name IS NOT NULL) AND ((name ~~ '%man%'::text) OR (name ~~ '%Man%'::text)))",
                                                                    "Rows Removed by Filter": 592037
                                                                  }
                                                                ]
                                                              }
                                                            ]
                                                          }
                                                        ]
                                                      }
                                                    ]
                                                  }
                                                ]
                                              },
                                              {
                                                "Node Type": "Hash",
                                                "Parent Relationship": "Inner",
                                                "Parallel Aware": false,
                                                "Startup Cost": 67604.36,
                                                "Total Cost": 67604.36,
                                                "Plan Rows": 1389987,
                                                "Plan Width": 25,
                                                "Actual Startup Time": 1408.116,
                                                "Actual Total Time": 1408.118,
                                                "Actual Rows": 1381453,
                                                "Actual Loops": 1,
                                                "Hash Buckets": 2097152,
                                                "Original Hash Buckets": 2097152,
                                                "Hash Batches": 1,
                                                "Original Hash Batches": 1,
                                                "Peak Memory Usage": 95777,
                                                "Plans": [
                                                  {
                                                    "Node Type": "Seq Scan",
                                                    "Parent Relationship": "Outer",
                                                    "Parallel Aware": false,
                                                    "Relation Name": "title",
                                                    "Alias": "t",
                                                    "Startup Cost": 0.0,
                                                    "Total Cost": 67604.36,
                                                    "Plan Rows": 1389987,
                                                    "Plan Width": 25,
                                                    "Actual Startup Time": 0.053,
                                                    "Actual Total Time": 669.223,
                                                    "Actual Rows": 1381453,
                                                    "Actual Loops": 1,
                                                    "Filter": "(production_year > 2000)",
                                                    "Rows Removed by Filter": 1146859
                                                  }
                                                ]
                                              }
                                            ]
                                          },
                                          {
                                            "Node Type": "Hash",
                                            "Parent Relationship": "Inner",
                                            "Parallel Aware": false,
                                            "Startup Cost": 1.09,
                                            "Total Cost": 1.09,
                                            "Plan Rows": 1,
                                            "Plan Width": 4,
                                            "Actual Startup Time": 0.062,
                                            "Actual Total Time": 0.063,
                                            "Actual Rows": 1,
                                            "Actual Loops": 1,
                                            "Hash Buckets": 1024,
                                            "Original Hash Buckets": 1024,
                                            "Hash Batches": 1,
                                            "Original Hash Batches": 1,
                                            "Peak Memory Usage": 9,
                                            "Plans": [
                                              {
                                                "Node Type": "Seq Scan",
                                                "Parent Relationship": "Outer",
                                                "Parallel Aware": false,
                                                "Relation Name": "kind_type",
                                                "Alias": "kt",
                                                "Startup Cost": 0.0,
                                                "Total Cost": 1.09,
                                                "Plan Rows": 1,
                                                "Plan Width": 4,
                                                "Actual Startup Time": 0.052,
                                                "Actual Total Time": 0.054,
                                                "Actual Rows": 1,
                                                "Actual Loops": 1,
                                                "Filter": "((kind)::text = 'movie'::text)",
                                                "Rows Removed by Filter": 6
                                              }
                                            ]
                                          }
                                        ]
                                      }
                                    ]
                                  }
                                ]
                              }
                            ]
                          }
                        ]
                      }
                    ]
                  }
                ]
              }
            ]
          }
        ]
      }
    ]
  },
  "Planning Time": 72.775,
  "Triggers": [],
  "Execution Time": 25219.436
}