[
  {
    "Plan": {
      "Node Type": "Aggregate",
      "Strategy": "Plain",
      "Partial Mode": "Finalize",
      "Parallel Aware": false,
      "Startup Cost": 98178.54,
      "Total Cost": 98178.55,
      "Plan Rows": 1,
      "Plan Width": 8,
      "Actual Startup Time": 363.31,
      "Actual Total Time": 372.727,
      "Actual Rows": 1,
      "Actual Loops": 1,
      "Plans": [
        {
          "Node Type": "Gather",
          "Parent Relationship": "Outer",
          "Parallel Aware": false,
          "Startup Cost": 98178.32,
          "Total Cost": 98178.53,
          "Plan Rows": 2,
          "Plan Width": 8,
          "Actual Startup Time": 361.72,
          "Actual Total Time": 372.721,
          "Actual Rows": 3,
          "Actual Loops": 1,
          "Workers Planned": 2,
          "Workers Launched": 2,
          "Single Copy": false,
          "Plans": [
            {
              "Node Type": "Aggregate",
              "Strategy": "Plain",
              "Partial Mode": "Partial",
              "Parent Relationship": "Outer",
              "Parallel Aware": false,
              "Startup Cost": 97178.32,
              "Total Cost": 97178.33,
              "Plan Rows": 1,
              "Plan Width": 8,
              "Actual Startup Time": 355.315,
              "Actual Total Time": 355.398,
              "Actual Rows": 1,
              "Actual Loops": 3,
              "Plans": [
                {
                  "Node Type": "Hash Join",
                  "Parent Relationship": "Outer",
                  "Parallel Aware": true,
                  "Join Type": "Inner",
                  "Startup Cost": 80936.64,
                  "Total Cost": 96978.21,
                  "Plan Rows": 80046,
                  "Plan Width": 0,
                  "Actual Startup Time": 311.37,
                  "Actual Total Time": 354.672,
                  "Actual Rows": 16189,
                  "Actual Loops": 3,
                  "Inner Unique": false,
                  "Hash Cond": "(mi_idx.movie_id = t.id)",
                  "Plans": [
                    {
                      "Node Type": "Seq Scan",
                      "Parent Relationship": "Outer",
                      "Parallel Aware": true,
                      "Relation Name": "movie_info_idx",
                      "Alias": "mi_idx",
                      "Startup Cost": 0.0,
                      "Total Cost": 13685.15,
                      "Plan Rows": 575015,
                      "Plan Width": 4,
                      "Actual Startup Time": 0.022,
                      "Actual Total Time": 34.226,
                      "Actual Rows": 460012,
                      "Actual Loops": 3
                    },
                    {
                      "Node Type": "Hash",
                      "Parent Relationship": "Inner",
                      "Parallel Aware": true,
                      "Startup Cost": 79836.76,
                      "Total Cost": 79836.76,
                      "Plan Rows": 87990,
                      "Plan Width": 8,
                      "Actual Startup Time": 279.368,
                      "Actual Total Time": 279.449,
                      "Actual Rows": 15189,
                      "Actual Loops": 3,
                      "Hash Buckets": 524288,
                      "Original Hash Buckets": 524288,
                      "Hash Batches": 1,
                      "Original Hash Batches": 1,
                      "Peak Memory Usage": 5920,
                      "Plans": [
                        {
                          "Node Type": "Hash Join",
                          "Parent Relationship": "Outer",
                          "Parallel Aware": true,
                          "Join Type": "Inner",
                          "Startup Cost": 33449.01,
                          "Total Cost": 79836.76,
                          "Plan Rows": 87990,
                          "Plan Width": 8,
                          "Actual Startup Time": 217.909,
                          "Actual Total Time": 273.949,
                          "Actual Rows": 15189,
                          "Actual Loops": 3,
                          "Inner Unique": false,
                          "Hash Cond": "(t.id = mc.movie_id)",
                          "Plans": [
                            {
                              "Node Type": "Seq Scan",
                              "Parent Relationship": "Outer",
                              "Parallel Aware": true,
                              "Relation Name": "title",
                              "Alias": "t",
                              "Startup Cost": 0.0,
                              "Total Cost": 43899.01,
                              "Plan Rows": 440982,
                              "Plan Width": 4,
                              "Actual Startup Time": 0.011,
                              "Actual Total Time": 97.928,
                              "Actual Rows": 591545,
                              "Actual Loops": 3,
                              "Filter": "(kind_id > 2)",
                              "Rows Removed by Filter": 251226
                            },
                            {
                              "Node Type": "Hash",
                              "Parent Relationship": "Inner",
                              "Parallel Aware": true,
                              "Startup Cost": 31414.82,
                              "Total Cost": 31414.82,
                              "Plan Rows": 162735,
                              "Plan Width": 4,
                              "Actual Startup Time": 99.005,
                              "Actual Total Time": 99.006,
                              "Actual Rows": 67044,
                              "Actual Loops": 3,
                              "Hash Buckets": 524288,
                              "Original Hash Buckets": 524288,
                              "Hash Batches": 1,
                              "Original Hash Batches": 1,
                              "Peak Memory Usage": 12032,
                              "Plans": [
                                {
                                  "Node Type": "Seq Scan",
                                  "Parent Relationship": "Outer",
                                  "Parallel Aware": true,
                                  "Relation Name": "movie_companies",
                                  "Alias": "mc",
                                  "Startup Cost": 0.0,
                                  "Total Cost": 31414.82,
                                  "Plan Rows": 162735,
                                  "Plan Width": 4,
                                  "Actual Startup Time": 18.417,
                                  "Actual Total Time": 81.493,
                                  "Actual Rows": 67044,
                                  "Actual Loops": 3,
                                  "Filter": "((company_id > 15549) AND (company_type_id < 2))",
                                  "Rows Removed by Filter": 802666
                                }
                              ]
                            }
                          ]
                        }
                      ]
                    }
                  ]
                }
              ]
            }
          ]
        }
      ]
    },
    "Planning Time": 0.514,
    "Triggers": [],
    "Execution Time": 372.763
  }
]