[
  {
    "Plan": {
      "Node Type": "Aggregate",
      "Strategy": "Plain",
      "Partial Mode": "Finalize",
      "Parallel Aware": false,
      "Startup Cost": 338621.48,
      "Total Cost": 338621.49,
      "Plan Rows": 1,
      "Plan Width": 8,
      "Actual Startup Time": 804.399,
      "Actual Total Time": 851.188,
      "Actual Rows": 1,
      "Actual Loops": 1,
      "Plans": [
        {
          "Node Type": "Gather",
          "Parent Relationship": "Outer",
          "Parallel Aware": false,
          "Startup Cost": 338620.86,
          "Total Cost": 338621.47,
          "Plan Rows": 6,
          "Plan Width": 8,
          "Actual Startup Time": 804.242,
          "Actual Total Time": 851.174,
          "Actual Rows": 7,
          "Actual Loops": 1,
          "Workers Planned": 6,
          "Workers Launched": 6,
          "Single Copy": false,
          "Plans": [
            {
              "Node Type": "Aggregate",
              "Strategy": "Plain",
              "Partial Mode": "Partial",
              "Parent Relationship": "Outer",
              "Parallel Aware": false,
              "Startup Cost": 337620.86,
              "Total Cost": 337620.87,
              "Plan Rows": 1,
              "Plan Width": 8,
              "Actual Startup Time": 797.949,
              "Actual Total Time": 797.95,
              "Actual Rows": 1,
              "Actual Loops": 7,
              "Plans": [
                {
                  "Node Type": "Seq Scan",
                  "Parent Relationship": "Outer",
                  "Parallel Aware": true,
                  "Relation Name": "cast_info",
                  "Alias": "ci",
                  "Startup Cost": 0.0,
                  "Total Cost": 328211.39,
                  "Plan Rows": 3763786,
                  "Plan Width": 0,
                  "Actual Startup Time": 159.924,
                  "Actual Total Time": 634.678,
                  "Actual Rows": 3203397,
                  "Actual Loops": 7,
                  "Filter": "(person_id > 1360821)",
                  "Rows Removed by Filter": 1974366
                }
              ]
            }
          ]
        }
      ]
    },
    "Planning Time": 0.184,
    "Triggers": [],
    "Execution Time": 851.256
  }
]