{
  "Plan": {
    "Node Type": "Aggregate",
    "Strategy": "Plain",
    "Partial Mode": "Finalize",
    "Parallel Aware": false,
    "Startup Cost": 455633.72,
    "Total Cost": 455633.73,
    "Plan Rows": 1,
    "Plan Width": 8,
    "Actual Startup Time": 4584.427,
    "Actual Total Time": 4651.365,
    "Actual Rows": 1,
    "Actual Loops": 1,
    "Plans": [
      {
        "Node Type": "Gather",
        "Parent Relationship": "Outer",
        "Parallel Aware": false,
        "Startup Cost": 455633.61,
        "Total Cost": 455633.72,
        "Plan Rows": 1,
        "Plan Width": 8,
        "Actual Startup Time": 4583.854,
        "Actual Total Time": 4651.357,
        "Actual Rows": 2,
        "Actual Loops": 1,
        "Workers Planned": 1,
        "Workers Launched": 1,
        "Single Copy": false,
        "Plans": [
          {
            "Node Type": "Aggregate",
            "Strategy": "Plain",
            "Partial Mode": "Partial",
            "Parent Relationship": "Outer",
            "Parallel Aware": false,
            "Startup Cost": 454633.61,
            "Total Cost": 454633.62,
            "Plan Rows": 1,
            "Plan Width": 8,
            "Actual Startup Time": 4577.793,
            "Actual Total Time": 4577.797,
            "Actual Rows": 1,
            "Actual Loops": 2,
            "Plans": [
              {
                "Node Type": "Nested Loop",
                "Parent Relationship": "Outer",
                "Parallel Aware": false,
                "Join Type": "Inner",
                "Startup Cost": 29152.33,
                "Total Cost": 450697.75,
                "Plan Rows": 1574341,
                "Plan Width": 0,
                "Actual Startup Time": 259.161,
                "Actual Total Time": 4472.887,
                "Actual Rows": 2347692,
                "Actual Loops": 2,
                "Inner Unique": false,
                "Plans": [
                  {
                    "Node Type": "Hash Join",
                    "Parent Relationship": "Outer",
                    "Parallel Aware": true,
                    "Join Type": "Inner",
                    "Startup Cost": 29151.77,
                    "Total Cost": 90303.03,
                    "Plan Rows": 167579,
                    "Plan Width": 8,
                    "Actual Startup Time": 259.03,
                    "Actual Total Time": 520.54,
                    "Actual Rows": 141154,
                    "Actual Loops": 2,
                    "Inner Unique": false,
                    "Hash Cond": "(t.id = mc.movie_id)",
                    "Plans": [
                      {
                        "Node Type": "Seq Scan",
                        "Parent Relationship": "Outer",
                        "Parallel Aware": true,
                        "Relation Name": "title",
                        "Alias": "t",
                        "Startup Cost": 0.0,
                        "Total Cost": 50870.31,
                        "Plan Rows": 1487231,
                        "Plan Width": 4,
                        "Actual Startup Time": 0.009,
                        "Actual Total Time": 113.93,
                        "Actual Rows": 1264156,
                        "Actual Loops": 2
                      },
                      {
                        "Node Type": "Hash",
                        "Parent Relationship": "Inner",
                        "Parallel Aware": true,
                        "Startup Cost": 27057.03,
                        "Total Cost": 27057.03,
                        "Plan Rows": 167579,
                        "Plan Width": 4,
                        "Actual Startup Time": 90.474,
                        "Actual Total Time": 90.475,
                        "Actual Rows": 141154,
                        "Actual Loops": 2,
                        "Hash Buckets": 524288,
                        "Original Hash Buckets": 524288,
                        "Hash Batches": 1,
                        "Original Hash Batches": 1,
                        "Peak Memory Usage": 15200,
                        "Plans": [
                          {
                            "Node Type": "Bitmap Heap Scan",
                            "Parent Relationship": "Outer",
                            "Parallel Aware": true,
                            "Relation Name": "movie_companies",
                            "Alias": "mc",
                            "Startup Cost": 6172.29,
                            "Total Cost": 27057.03,
                            "Plan Rows": 167579,
                            "Plan Width": 4,
                            "Actual Startup Time": 25.998,
                            "Actual Total Time": 59.101,
                            "Actual Rows": 141154,
                            "Actual Loops": 2,
                            "Recheck Cond": "(company_id > 95666)",
                            "Rows Removed by Index Recheck": 0,
                            "Exact Heap Blocks": 3086,
                            "Lossy Heap Blocks": 0,
                            "Plans": [
                              {
                                "Node Type": "Bitmap Index Scan",
                                "Parent Relationship": "Outer",
                                "Parallel Aware": false,
                                "Index Name": "company_id_movie_companies",
                                "Startup Cost": 0.0,
                                "Total Cost": 6101.07,
                                "Plan Rows": 284885,
                                "Plan Width": 0,
                                "Actual Startup Time": 25.315,
                                "Actual Total Time": 25.315,
                                "Actual Rows": 282307,
                                "Actual Loops": 1,
                                "Index Cond": "(company_id > 95666)"
                              }
                            ]
                          }
                        ]
                      }
                    ]
                  },
                  {
                    "Node Type": "Index Scan",
                    "Parent Relationship": "Inner",
                    "Parallel Aware": false,
                    "Scan Direction": "Forward",
                    "Index Name": "movie_id_cast_info",
                    "Relation Name": "cast_info",
                    "Alias": "ci",
                    "Startup Cost": 0.56,
                    "Total Cost": 1.91,
                    "Plan Rows": 24,
                    "Plan Width": 4,
                    "Actual Startup Time": 0.013,
                    "Actual Total Time": 0.027,
                    "Actual Rows": 17,
                    "Actual Loops": 282307,
                    "Index Cond": "(movie_id = t.id)",
                    "Rows Removed by Index Recheck": 0,
                    "Filter": "(role_id > 1)",
                    "Rows Removed by Filter": 9
                  }
                ]
              }
            ]
          }
        ]
      }
    ]
  },
  "Planning Time": 0.661,
  "Triggers": [],
  "Execution Time": 4651.496
}