[
  {
    "Plan": {
      "Node Type": "Aggregate",
      "Strategy": "Plain",
      "Partial Mode": "Finalize",
      "Parallel Aware": false,
      "Startup Cost": 45311.33,
      "Total Cost": 45311.34,
      "Plan Rows": 1,
      "Plan Width": 8,
      "Actual Startup Time": 151.382,
      "Actual Total Time": 160.837,
      "Actual Rows": 1,
      "Actual Loops": 1,
      "Plans": [
        {
          "Node Type": "Gather",
          "Parent Relationship": "Outer",
          "Parallel Aware": false,
          "Startup Cost": 45311.02,
          "Total Cost": 45311.33,
          "Plan Rows": 3,
          "Plan Width": 8,
          "Actual Startup Time": 151.298,
          "Actual Total Time": 160.828,
          "Actual Rows": 4,
          "Actual Loops": 1,
          "Workers Planned": 3,
          "Workers Launched": 3,
          "Single Copy": false,
          "Plans": [
            {
              "Node Type": "Aggregate",
              "Strategy": "Plain",
              "Partial Mode": "Partial",
              "Parent Relationship": "Outer",
              "Parallel Aware": false,
              "Startup Cost": 44311.02,
              "Total Cost": 44311.03,
              "Plan Rows": 1,
              "Plan Width": 8,
              "Actual Startup Time": 145.085,
              "Actual Total Time": 145.086,
              "Actual Rows": 1,
              "Actual Loops": 4,
              "Plans": [
                {
                  "Node Type": "Seq Scan",
                  "Parent Relationship": "Outer",
                  "Parallel Aware": true,
                  "Relation Name": "movie_keyword",
                  "Alias": "mk",
                  "Startup Cost": 0.0,
                  "Total Cost": 42695.65,
                  "Plan Rows": 646145,
                  "Plan Width": 0,
                  "Actual Startup Time": 0.918,
                  "Actual Total Time": 119.509,
                  "Actual Rows": 499782,
                  "Actual Loops": 4,
                  "Filter": "(keyword_id > 6257)",
                  "Rows Removed by Filter": 631200
                }
              ]
            }
          ]
        }
      ]
    },
    "Planning Time": 0.19,
    "Triggers": [],
    "Execution Time": 160.919
  }
]