[
  {
    "Plan": {
      "Node Type": "Aggregate",
      "Strategy": "Plain",
      "Partial Mode": "Finalize",
      "Parallel Aware": false,
      "Startup Cost": 108943.15,
      "Total Cost": 108943.16,
      "Plan Rows": 1,
      "Plan Width": 8,
      "Actual Startup Time": 774.988,
      "Actual Total Time": 792.513,
      "Actual Rows": 1,
      "Actual Loops": 1,
      "Plans": [
        {
          "Node Type": "Gather",
          "Parent Relationship": "Outer",
          "Parallel Aware": false,
          "Startup Cost": 108942.94,
          "Total Cost": 108943.15,
          "Plan Rows": 2,
          "Plan Width": 8,
          "Actual Startup Time": 766.86,
          "Actual Total Time": 792.5,
          "Actual Rows": 3,
          "Actual Loops": 1,
          "Workers Planned": 2,
          "Workers Launched": 2,
          "Single Copy": false,
          "Plans": [
            {
              "Node Type": "Aggregate",
              "Strategy": "Plain",
              "Partial Mode": "Partial",
              "Parent Relationship": "Outer",
              "Parallel Aware": false,
              "Startup Cost": 107942.94,
              "Total Cost": 107942.95,
              "Plan Rows": 1,
              "Plan Width": 8,
              "Actual Startup Time": 759.509,
              "Actual Total Time": 760.057,
              "Actual Rows": 1,
              "Actual Loops": 3,
              "Plans": [
                {
                  "Node Type": "Hash Join",
                  "Parent Relationship": "Outer",
                  "Parallel Aware": true,
                  "Join Type": "Inner",
                  "Startup Cost": 91682.92,
                  "Total Cost": 107760.18,
                  "Plan Rows": 73102,
                  "Plan Width": 0,
                  "Actual Startup Time": 569.207,
                  "Actual Total Time": 732.107,
                  "Actual Rows": 538144,
                  "Actual Loops": 3,
                  "Inner Unique": false,
                  "Hash Cond": "(mi_idx.movie_id = t.id)",
                  "Plans": [
                    {
                      "Node Type": "Seq Scan",
                      "Parent Relationship": "Outer",
                      "Parallel Aware": true,
                      "Relation Name": "movie_info_idx",
                      "Alias": "mi_idx",
                      "Startup Cost": 0.0,
                      "Total Cost": 13685.15,
                      "Plan Rows": 575015,
                      "Plan Width": 4,
                      "Actual Startup Time": 0.032,
                      "Actual Total Time": 43.254,
                      "Actual Rows": 460012,
                      "Actual Loops": 3
                    },
                    {
                      "Node Type": "Hash",
                      "Parent Relationship": "Inner",
                      "Parallel Aware": true,
                      "Startup Cost": 90386.86,
                      "Total Cost": 90386.86,
                      "Plan Rows": 103685,
                      "Plan Width": 8,
                      "Actual Startup Time": 564.87,
                      "Actual Total Time": 565.417,
                      "Actual Rows": 243102,
                      "Actual Loops": 3,
                      "Hash Buckets": 1048576,
                      "Original Hash Buckets": 524288,
                      "Hash Batches": 1,
                      "Original Hash Batches": 1,
                      "Peak Memory Usage": 40864,
                      "Plans": [
                        {
                          "Node Type": "Hash Join",
                          "Parent Relationship": "Outer",
                          "Parallel Aware": true,
                          "Join Type": "Inner",
                          "Startup Cost": 46997.13,
                          "Total Cost": 90386.86,
                          "Plan Rows": 103685,
                          "Plan Width": 8,
                          "Actual Startup Time": 246.67,
                          "Actual Total Time": 483.45,
                          "Actual Rows": 243102,
                          "Actual Loops": 3,
                          "Inner Unique": true,
                          "Hash Cond": "(mk.movie_id = t.id)",
                          "Plans": [
                            {
                              "Node Type": "Seq Scan",
                              "Parent Relationship": "Outer",
                              "Parallel Aware": true,
                              "Relation Name": "movie_keyword",
                              "Alias": "mk",
                              "Startup Cost": 0.0,
                              "Total Cost": 42695.65,
                              "Plan Rows": 264411,
                              "Plan Width": 4,
                              "Actual Startup Time": 0.022,
                              "Actual Total Time": 145.71,
                              "Actual Rows": 276747,
                              "Actual Loops": 3,
                              "Filter": "(keyword_id < 797)",
                              "Rows Removed by Filter": 1231230
                            },
                            {
                              "Node Type": "Hash",
                              "Parent Relationship": "Inner",
                              "Parallel Aware": true,
                              "Startup Cost": 43898.92,
                              "Total Cost": 43898.92,
                              "Plan Rows": 247857,
                              "Plan Width": 4,
                              "Actual Startup Time": 242.441,
                              "Actual Total Time": 242.442,
                              "Actual Rows": 328349,
                              "Actual Loops": 3,
                              "Hash Buckets": 1048576,
                              "Original Hash Buckets": 1048576,
                              "Hash Batches": 1,
                              "Original Hash Batches": 1,
                              "Peak Memory Usage": 46784,
                              "Plans": [
                                {
                                  "Node Type": "Seq Scan",
                                  "Parent Relationship": "Outer",
                                  "Parallel Aware": true,
                                  "Relation Name": "title",
                                  "Alias": "t",
                                  "Startup Cost": 0.0,
                                  "Total Cost": 43898.92,
                                  "Plan Rows": 247857,
                                  "Plan Width": 4,
                                  "Actual Startup Time": 0.046,
                                  "Actual Total Time": 138.38,
                                  "Actual Rows": 328349,
                                  "Actual Loops": 3,
                                  "Filter": "(kind_id < 7)",
                                  "Rows Removed by Filter": 514421
                                }
                              ]
                            }
                          ]
                        }
                      ]
                    }
                  ]
                }
              ]
            }
          ]
        }
      ]
    },
    "Planning Time": 1.367,
    "Triggers": [],
    "Execution Time": 792.596
  }
]