[
  {
    "Plan": {
      "Node Type": "Aggregate",
      "Strategy": "Plain",
      "Partial Mode": "Finalize",
      "Parallel Aware": false,
      "Startup Cost": 330287.01,
      "Total Cost": 330287.02,
      "Plan Rows": 1,
      "Plan Width": 8,
      "Actual Startup Time": 418.914,
      "Actual Total Time": 432.065,
      "Actual Rows": 1,
      "Actual Loops": 1,
      "Plans": [
        {
          "Node Type": "Gather",
          "Parent Relationship": "Outer",
          "Parallel Aware": false,
          "Startup Cost": 330286.39,
          "Total Cost": 330287.0,
          "Plan Rows": 6,
          "Plan Width": 8,
          "Actual Startup Time": 417.472,
          "Actual Total Time": 432.051,
          "Actual Rows": 7,
          "Actual Loops": 1,
          "Workers Planned": 6,
          "Workers Launched": 6,
          "Single Copy": false,
          "Plans": [
            {
              "Node Type": "Aggregate",
              "Strategy": "Plain",
              "Partial Mode": "Partial",
              "Parent Relationship": "Outer",
              "Parallel Aware": false,
              "Startup Cost": 329286.39,
              "Total Cost": 329286.4,
              "Plan Rows": 1,
              "Plan Width": 8,
              "Actual Startup Time": 408.838,
              "Actual Total Time": 408.84,
              "Actual Rows": 1,
              "Actual Loops": 7,
              "Plans": [
                {
                  "Node Type": "Bitmap Heap Scan",
                  "Parent Relationship": "Outer",
                  "Parallel Aware": true,
                  "Relation Name": "cast_info",
                  "Alias": "ci",
                  "Startup Cost": 68028.27,
                  "Total Cost": 328449.04,
                  "Plan Rows": 334941,
                  "Plan Width": 0,
                  "Actual Startup Time": 346.554,
                  "Actual Total Time": 401.477,
                  "Actual Rows": 127615,
                  "Actual Loops": 7,
                  "Recheck Cond": "(person_id < 309175)",
                  "Rows Removed by Index Recheck": 0,
                  "Filter": "(role_id > 1)",
                  "Rows Removed by Filter": 328408,
                  "Exact Heap Blocks": 6509,
                  "Lossy Heap Blocks": 0,
                  "Plans": [
                    {
                      "Node Type": "Bitmap Index Scan",
                      "Parent Relationship": "Outer",
                      "Parallel Aware": false,
                      "Index Name": "person_id_cast_info",
                      "Startup Cost": 0.0,
                      "Total Cost": 67525.86,
                      "Plan Rows": 3093506,
                      "Plan Width": 0,
                      "Actual Startup Time": 254.891,
                      "Actual Total Time": 254.892,
                      "Actual Rows": 3192161,
                      "Actual Loops": 1,
                      "Index Cond": "(person_id < 309175)"
                    }
                  ]
                }
              ]
            }
          ]
        }
      ]
    },
    "Planning Time": 0.198,
    "Triggers": [],
    "Execution Time": 432.149
  }
]