[
  {
    "Plan": {
      "Node Type": "Aggregate",
      "Strategy": "Plain",
      "Partial Mode": "Finalize",
      "Parallel Aware": false,
      "Startup Cost": 46803.86,
      "Total Cost": 46803.87,
      "Plan Rows": 1,
      "Plan Width": 8,
      "Actual Startup Time": 94.97,
      "Actual Total Time": 104.081,
      "Actual Rows": 1,
      "Actual Loops": 1,
      "Plans": [
        {
          "Node Type": "Gather",
          "Parent Relationship": "Outer",
          "Parallel Aware": false,
          "Startup Cost": 46803.44,
          "Total Cost": 46803.85,
          "Plan Rows": 4,
          "Plan Width": 8,
          "Actual Startup Time": 94.808,
          "Actual Total Time": 104.071,
          "Actual Rows": 5,
          "Actual Loops": 1,
          "Workers Planned": 4,
          "Workers Launched": 4,
          "Single Copy": false,
          "Plans": [
            {
              "Node Type": "Aggregate",
              "Strategy": "Plain",
              "Partial Mode": "Partial",
              "Parent Relationship": "Outer",
              "Parallel Aware": false,
              "Startup Cost": 45803.44,
              "Total Cost": 45803.45,
              "Plan Rows": 1,
              "Plan Width": 8,
              "Actual Startup Time": 87.962,
              "Actual Total Time": 87.963,
              "Actual Rows": 1,
              "Actual Loops": 5,
              "Plans": [
                {
                  "Node Type": "Seq Scan",
                  "Parent Relationship": "Outer",
                  "Parallel Aware": true,
                  "Relation Name": "title",
                  "Alias": "t",
                  "Startup Cost": 0.0,
                  "Total Cost": 45479.59,
                  "Plan Rows": 129542,
                  "Plan Width": 0,
                  "Actual Startup Time": 0.043,
                  "Actual Total Time": 81.673,
                  "Actual Rows": 111588,
                  "Actual Loops": 5,
                  "Filter": "((kind_id > 3) AND (production_year > 2007))",
                  "Rows Removed by Filter": 394074
                }
              ]
            }
          ]
        }
      ]
    },
    "Planning Time": 0.084,
    "Triggers": [],
    "Execution Time": 104.112
  }
]