[
  {
    "Plan": {
      "Node Type": "Aggregate",
      "Strategy": "Plain",
      "Partial Mode": "Finalize",
      "Parallel Aware": false,
      "Startup Cost": 334911.55,
      "Total Cost": 334911.56,
      "Plan Rows": 1,
      "Plan Width": 8,
      "Actual Startup Time": 706.982,
      "Actual Total Time": 751.323,
      "Actual Rows": 1,
      "Actual Loops": 1,
      "Plans": [
        {
          "Node Type": "Gather",
          "Parent Relationship": "Outer",
          "Parallel Aware": false,
          "Startup Cost": 334910.93,
          "Total Cost": 334911.54,
          "Plan Rows": 6,
          "Plan Width": 8,
          "Actual Startup Time": 706.566,
          "Actual Total Time": 751.308,
          "Actual Rows": 7,
          "Actual Loops": 1,
          "Workers Planned": 6,
          "Workers Launched": 6,
          "Single Copy": false,
          "Plans": [
            {
              "Node Type": "Aggregate",
              "Strategy": "Plain",
              "Partial Mode": "Partial",
              "Parent Relationship": "Outer",
              "Parallel Aware": false,
              "Startup Cost": 333910.93,
              "Total Cost": 333910.94,
              "Plan Rows": 1,
              "Plan Width": 8,
              "Actual Startup Time": 699.093,
              "Actual Total Time": 699.094,
              "Actual Rows": 1,
              "Actual Loops": 7,
              "Plans": [
                {
                  "Node Type": "Seq Scan",
                  "Parent Relationship": "Outer",
                  "Parallel Aware": true,
                  "Relation Name": "cast_info",
                  "Alias": "ci",
                  "Startup Cost": 0.0,
                  "Total Cost": 328211.39,
                  "Plan Rows": 2279814,
                  "Plan Width": 0,
                  "Actual Startup Time": 0.054,
                  "Actual Total Time": 595.898,
                  "Actual Rows": 1975373,
                  "Actual Loops": 7,
                  "Filter": "(person_id < 1361960)",
                  "Rows Removed by Filter": 3202391
                }
              ]
            }
          ]
        }
      ]
    },
    "Planning Time": 0.234,
    "Triggers": [],
    "Execution Time": 751.393
  }
]