[
    {
        "Bao": {
            "Bao prediction": "NaN",
            "Bao recommended hint": "(no hint)"
        }
    },
    {
        "Plan": {
            "Node Type": "Aggregate",
            "Strategy": "Plain",
            "Partial Mode": "Finalize",
            "Parallel Aware": false,
            "Startup Cost": 41545.21,
            "Total Cost": 41545.22,
            "Plan Rows": 1,
            "Plan Width": 8,
            "Actual Startup Time": 147.433,
            "Actual Total Time": 155.152,
            "Actual Rows": 1,
            "Actual Loops": 1,
            "Output": [
                "count(*)"
            ],
            "Plans": [
                {
                    "Node Type": "Gather",
                    "Parent Relationship": "Outer",
                    "Parallel Aware": false,
                    "Startup Cost": 41544.89,
                    "Total Cost": 41545.2,
                    "Plan Rows": 3,
                    "Plan Width": 8,
                    "Actual Startup Time": 147.165,
                    "Actual Total Time": 155.141,
                    "Actual Rows": 4,
                    "Actual Loops": 1,
                    "Output": [
                        "(PARTIAL count(*))"
                    ],
                    "Workers Planned": 3,
                    "Workers Launched": 3,
                    "Single Copy": false,
                    "Plans": [
                        {
                            "Node Type": "Aggregate",
                            "Strategy": "Plain",
                            "Partial Mode": "Partial",
                            "Parent Relationship": "Outer",
                            "Parallel Aware": false,
                            "Startup Cost": 40544.89,
                            "Total Cost": 40544.9,
                            "Plan Rows": 1,
                            "Plan Width": 8,
                            "Actual Startup Time": 138.488,
                            "Actual Total Time": 138.49,
                            "Actual Rows": 1,
                            "Actual Loops": 4,
                            "Output": [
                                "PARTIAL count(*)"
                            ],
                            "Workers": [
                                {
                                    "Worker Number": 0,
                                    "Actual Startup Time": 135.354,
                                    "Actual Total Time": 135.356,
                                    "Actual Rows": 1,
                                    "Actual Loops": 1
                                },
                                {
                                    "Worker Number": 1,
                                    "Actual Startup Time": 135.764,
                                    "Actual Total Time": 135.766,
                                    "Actual Rows": 1,
                                    "Actual Loops": 1
                                },
                                {
                                    "Worker Number": 2,
                                    "Actual Startup Time": 136.086,
                                    "Actual Total Time": 136.088,
                                    "Actual Rows": 1,
                                    "Actual Loops": 1
                                }
                            ],
                            "Plans": [
                                {
                                    "Node Type": "Bitmap Heap Scan",
                                    "Parent Relationship": "Outer",
                                    "Parallel Aware": true,
                                    "Relation Name": "movie_keyword",
                                    "Schema": "public",
                                    "Alias": "mk",
                                    "Startup Cost": 13102.63,
                                    "Total Cost": 40046.85,
                                    "Plan Rows": 199217,
                                    "Plan Width": 0,
                                    "Actual Startup Time": 42.547,
                                    "Actual Total Time": 128.493,
                                    "Actual Rows": 154754,
                                    "Actual Loops": 4,
                                    "Recheck Cond": "(mk.keyword_id < 473)",
                                    "Rows Removed by Index Recheck": 0,
                                    "Exact Heap Blocks": 7681,
                                    "Lossy Heap Blocks": 0,
                                    "Workers": [
                                        {
                                            "Worker Number": 0,
                                            "Actual Startup Time": 39.686,
                                            "Actual Total Time": 126.762,
                                            "Actual Rows": 138647,
                                            "Actual Loops": 1
                                        },
                                        {
                                            "Worker Number": 1,
                                            "Actual Startup Time": 39.939,
                                            "Actual Total Time": 126.847,
                                            "Actual Rows": 151254,
                                            "Actual Loops": 1
                                        },
                                        {
                                            "Worker Number": 2,
                                            "Actual Startup Time": 40.083,
                                            "Actual Total Time": 127.645,
                                            "Actual Rows": 134426,
                                            "Actual Loops": 1
                                        }
                                    ],
                                    "Plans": [
                                        {
                                            "Node Type": "Bitmap Index Scan",
                                            "Parent Relationship": "Outer",
                                            "Parallel Aware": false,
                                            "Index Name": "keyword_id_movie_keyword",
                                            "Startup Cost": 0.0,
                                            "Total Cost": 12948.24,
                                            "Plan Rows": 617574,
                                            "Plan Width": 0,
                                            "Actual Startup Time": 44.749,
                                            "Actual Total Time": 44.751,
                                            "Actual Rows": 619017,
                                            "Actual Loops": 1,
                                            "Index Cond": "(mk.keyword_id < 473)"
                                        }
                                    ]
                                }
                            ]
                        }
                    ]
                }
            ]
        },
        "Planning Time": 314.087,
        "Triggers": [],
        "Execution Time": 155.265
    }
]