[
  {
    "Plan": {
      "Node Type": "Aggregate",
      "Strategy": "Plain",
      "Partial Mode": "Finalize",
      "Parallel Aware": false,
      "Startup Cost": 45635.36,
      "Total Cost": 45635.37,
      "Plan Rows": 1,
      "Plan Width": 8,
      "Actual Startup Time": 151.097,
      "Actual Total Time": 158.944,
      "Actual Rows": 1,
      "Actual Loops": 1,
      "Plans": [
        {
          "Node Type": "Gather",
          "Parent Relationship": "Outer",
          "Parallel Aware": false,
          "Startup Cost": 45635.04,
          "Total Cost": 45635.35,
          "Plan Rows": 3,
          "Plan Width": 8,
          "Actual Startup Time": 150.966,
          "Actual Total Time": 158.935,
          "Actual Rows": 4,
          "Actual Loops": 1,
          "Workers Planned": 3,
          "Workers Launched": 3,
          "Single Copy": false,
          "Plans": [
            {
              "Node Type": "Aggregate",
              "Strategy": "Plain",
              "Partial Mode": "Partial",
              "Parent Relationship": "Outer",
              "Parallel Aware": false,
              "Startup Cost": 44635.04,
              "Total Cost": 44635.05,
              "Plan Rows": 1,
              "Plan Width": 8,
              "Actual Startup Time": 144.421,
              "Actual Total Time": 144.422,
              "Actual Rows": 1,
              "Actual Loops": 4,
              "Plans": [
                {
                  "Node Type": "Seq Scan",
                  "Parent Relationship": "Outer",
                  "Parallel Aware": true,
                  "Relation Name": "movie_keyword",
                  "Alias": "mk",
                  "Startup Cost": 0.0,
                  "Total Cost": 42695.65,
                  "Plan Rows": 775755,
                  "Plan Width": 0,
                  "Actual Startup Time": 0.616,
                  "Actual Total Time": 116.073,
                  "Actual Rows": 600698,
                  "Actual Loops": 4,
                  "Filter": "(keyword_id > 3893)",
                  "Rows Removed by Filter": 530284
                }
              ]
            }
          ]
        }
      ]
    },
    "Planning Time": 0.183,
    "Triggers": [],
    "Execution Time": 158.999
  }
]