[
  {
    "Plan": {
      "Node Type": "Aggregate",
      "Strategy": "Plain",
      "Partial Mode": "Finalize",
      "Parallel Aware": false,
      "Startup Cost": 91808.87,
      "Total Cost": 91808.88,
      "Plan Rows": 1,
      "Plan Width": 8,
      "Actual Startup Time": 261.733,
      "Actual Total Time": 279.776,
      "Actual Rows": 1,
      "Actual Loops": 1,
      "Plans": [
        {
          "Node Type": "Gather",
          "Parent Relationship": "Outer",
          "Parallel Aware": false,
          "Startup Cost": 91808.55,
          "Total Cost": 91808.86,
          "Plan Rows": 3,
          "Plan Width": 8,
          "Actual Startup Time": 261.383,
          "Actual Total Time": 279.768,
          "Actual Rows": 4,
          "Actual Loops": 1,
          "Workers Planned": 3,
          "Workers Launched": 3,
          "Single Copy": false,
          "Plans": [
            {
              "Node Type": "Aggregate",
              "Strategy": "Plain",
              "Partial Mode": "Partial",
              "Parent Relationship": "Outer",
              "Parallel Aware": false,
              "Startup Cost": 90808.55,
              "Total Cost": 90808.56,
              "Plan Rows": 1,
              "Plan Width": 8,
              "Actual Startup Time": 252.857,
              "Actual Total Time": 252.86,
              "Actual Rows": 1,
              "Actual Loops": 4,
              "Plans": [
                {
                  "Node Type": "Hash Join",
                  "Parent Relationship": "Outer",
                  "Parallel Aware": true,
                  "Join Type": "Inner",
                  "Startup Cost": 45617.4,
                  "Total Cost": 90767.63,
                  "Plan Rows": 16368,
                  "Plan Width": 0,
                  "Actual Startup Time": 100.666,
                  "Actual Total Time": 252.449,
                  "Actual Rows": 8173,
                  "Actual Loops": 4,
                  "Inner Unique": true,
                  "Hash Cond": "(mk.movie_id = t.id)",
                  "Plans": [
                    {
                      "Node Type": "Seq Scan",
                      "Parent Relationship": "Outer",
                      "Parallel Aware": true,
                      "Relation Name": "movie_keyword",
                      "Alias": "mk",
                      "Startup Cost": 0.0,
                      "Total Cost": 42695.65,
                      "Plan Rows": 935078,
                      "Plan Width": 4,
                      "Actual Startup Time": 0.029,
                      "Actual Total Time": 103.138,
                      "Actual Rows": 723777,
                      "Actual Loops": 4,
                      "Filter": "(keyword_id < 9136)",
                      "Rows Removed by Filter": 407206
                    },
                    {
                      "Node Type": "Hash",
                      "Parent Relationship": "Inner",
                      "Parallel Aware": true,
                      "Startup Cost": 45479.1,
                      "Total Cost": 45479.1,
                      "Plan Rows": 11064,
                      "Plan Width": 4,
                      "Actual Startup Time": 98.904,
                      "Actual Total Time": 98.905,
                      "Actual Rows": 12642,
                      "Actual Loops": 4,
                      "Hash Buckets": 65536,
                      "Original Hash Buckets": 65536,
                      "Hash Batches": 1,
                      "Original Hash Batches": 1,
                      "Peak Memory Usage": 2560,
                      "Plans": [
                        {
                          "Node Type": "Seq Scan",
                          "Parent Relationship": "Outer",
                          "Parallel Aware": true,
                          "Relation Name": "title",
                          "Alias": "t",
                          "Startup Cost": 0.0,
                          "Total Cost": 45479.1,
                          "Plan Rows": 11064,
                          "Plan Width": 4,
                          "Actual Startup Time": 0.059,
                          "Actual Total Time": 93.358,
                          "Actual Rows": 12642,
                          "Actual Loops": 4,
                          "Filter": "((kind_id > 3) AND (production_year = 2003))",
                          "Rows Removed by Filter": 619436
                        }
                      ]
                    }
                  ]
                }
              ]
            }
          ]
        }
      ]
    },
    "Planning Time": 0.588,
    "Triggers": [],
    "Execution Time": 279.841
  }
]