[
  {
    "Plan": {
      "Node Type": "Aggregate",
      "Strategy": "Plain",
      "Partial Mode": "Finalize",
      "Parallel Aware": false,
      "Startup Cost": 33188.25,
      "Total Cost": 33188.26,
      "Plan Rows": 1,
      "Plan Width": 8,
      "Actual Startup Time": 111.884,
      "Actual Total Time": 119.545,
      "Actual Rows": 1,
      "Actual Loops": 1,
      "Plans": [
        {
          "Node Type": "Gather",
          "Parent Relationship": "Outer",
          "Parallel Aware": false,
          "Startup Cost": 33187.94,
          "Total Cost": 33188.25,
          "Plan Rows": 3,
          "Plan Width": 8,
          "Actual Startup Time": 111.796,
          "Actual Total Time": 119.537,
          "Actual Rows": 4,
          "Actual Loops": 1,
          "Workers Planned": 3,
          "Workers Launched": 3,
          "Single Copy": false,
          "Plans": [
            {
              "Node Type": "Aggregate",
              "Strategy": "Plain",
              "Partial Mode": "Partial",
              "Parent Relationship": "Outer",
              "Parallel Aware": false,
              "Startup Cost": 32187.94,
              "Total Cost": 32187.95,
              "Plan Rows": 1,
              "Plan Width": 8,
              "Actual Startup Time": 103.797,
              "Actual Total Time": 103.798,
              "Actual Rows": 1,
              "Actual Loops": 4,
              "Plans": [
                {
                  "Node Type": "Seq Scan",
                  "Parent Relationship": "Outer",
                  "Parallel Aware": true,
                  "Relation Name": "movie_companies",
                  "Alias": "mc",
                  "Startup Cost": 0.0,
                  "Total Cost": 31414.82,
                  "Plan Rows": 309247,
                  "Plan Width": 0,
                  "Actual Startup Time": 0.046,
                  "Actual Total Time": 85.817,
                  "Actual Rows": 311851,
                  "Actual Loops": 4,
                  "Filter": "((company_id < 49787) AND (company_type_id < 2))",
                  "Rows Removed by Filter": 340431
                }
              ]
            }
          ]
        }
      ]
    },
    "Planning Time": 0.227,
    "Triggers": [],
    "Execution Time": 119.6
  }
]