{
  "Plan": {
    "Node Type": "Aggregate",
    "Strategy": "Plain",
    "Partial Mode": "Finalize",
    "Parallel Aware": false,
    "Startup Cost": 406514.83,
    "Total Cost": 406514.84,
    "Plan Rows": 1,
    "Plan Width": 8,
    "Actual Startup Time": 2712.773,
    "Actual Total Time": 2745.281,
    "Actual Rows": 1,
    "Actual Loops": 1,
    "Plans": [
      {
        "Node Type": "Gather",
        "Parent Relationship": "Outer",
        "Parallel Aware": false,
        "Startup Cost": 406514.72,
        "Total Cost": 406514.83,
        "Plan Rows": 1,
        "Plan Width": 8,
        "Actual Startup Time": 2710.352,
        "Actual Total Time": 2745.274,
        "Actual Rows": 2,
        "Actual Loops": 1,
        "Workers Planned": 1,
        "Workers Launched": 1,
        "Single Copy": false,
        "Plans": [
          {
            "Node Type": "Aggregate",
            "Strategy": "Plain",
            "Partial Mode": "Partial",
            "Parent Relationship": "Outer",
            "Parallel Aware": false,
            "Startup Cost": 405514.72,
            "Total Cost": 405514.73,
            "Plan Rows": 1,
            "Plan Width": 8,
            "Actual Startup Time": 2703.922,
            "Actual Total Time": 2703.928,
            "Actual Rows": 1,
            "Actual Loops": 2,
            "Plans": [
              {
                "Node Type": "Hash Join",
                "Parent Relationship": "Outer",
                "Parallel Aware": true,
                "Join Type": "Inner",
                "Startup Cost": 84826.19,
                "Total Cost": 402950.33,
                "Plan Rows": 1025754,
                "Plan Width": 0,
                "Actual Startup Time": 670.641,
                "Actual Total Time": 2601.776,
                "Actual Rows": 2036290,
                "Actual Loops": 2,
                "Inner Unique": false,
                "Hash Cond": "(ci.movie_id = t.id)",
                "Plans": [
                  {
                    "Node Type": "Index Scan",
                    "Parent Relationship": "Outer",
                    "Parallel Aware": true,
                    "Scan Direction": "Forward",
                    "Index Name": "role_id_cast_info",
                    "Relation Name": "cast_info",
                    "Alias": "ci",
                    "Startup Cost": 0.56,
                    "Total Cost": 291150.53,
                    "Plan Rows": 5584086,
                    "Plan Width": 4,
                    "Actual Startup Time": 0.093,
                    "Actual Total Time": 718.489,
                    "Actual Rows": 4692352,
                    "Actual Loops": 2,
                    "Index Cond": "(role_id > 4)",
                    "Rows Removed by Index Recheck": 0
                  },
                  {
                    "Node Type": "Hash",
                    "Parent Relationship": "Inner",
                    "Parallel Aware": true,
                    "Startup Cost": 81410.72,
                    "Total Cost": 81410.72,
                    "Plan Rows": 273193,
                    "Plan Width": 8,
                    "Actual Startup Time": 665.007,
                    "Actual Total Time": 665.011,
                    "Actual Rows": 229962,
                    "Actual Loops": 2,
                    "Hash Buckets": 524288,
                    "Original Hash Buckets": 524288,
                    "Hash Batches": 1,
                    "Original Hash Batches": 1,
                    "Peak Memory Usage": 22112,
                    "Plans": [
                      {
                        "Node Type": "Hash Join",
                        "Parent Relationship": "Outer",
                        "Parallel Aware": true,
                        "Join Type": "Inner",
                        "Startup Cost": 21497.23,
                        "Total Cost": 81410.72,
                        "Plan Rows": 273193,
                        "Plan Width": 8,
                        "Actual Startup Time": 142.257,
                        "Actual Total Time": 594.411,
                        "Actual Rows": 229962,
                        "Actual Loops": 2,
                        "Inner Unique": false,
                        "Hash Cond": "(t.id = mi_idx.movie_id)",
                        "Plans": [
                          {
                            "Node Type": "Seq Scan",
                            "Parent Relationship": "Outer",
                            "Parallel Aware": true,
                            "Relation Name": "title",
                            "Alias": "t",
                            "Startup Cost": 0.0,
                            "Total Cost": 50870.31,
                            "Plan Rows": 1487231,
                            "Plan Width": 4,
                            "Actual Startup Time": 0.009,
                            "Actual Total Time": 137.392,
                            "Actual Rows": 1264156,
                            "Actual Loops": 2
                          },
                          {
                            "Node Type": "Hash",
                            "Parent Relationship": "Inner",
                            "Parallel Aware": true,
                            "Startup Cost": 18082.32,
                            "Total Cost": 18082.32,
                            "Plan Rows": 273193,
                            "Plan Width": 4,
                            "Actual Startup Time": 138.489,
                            "Actual Total Time": 138.49,
                            "Actual Rows": 229962,
                            "Actual Loops": 2,
                            "Hash Buckets": 524288,
                            "Original Hash Buckets": 524288,
                            "Hash Batches": 1,
                            "Original Hash Batches": 1,
                            "Peak Memory Usage": 22112,
                            "Plans": [
                              {
                                "Node Type": "Seq Scan",
                                "Parent Relationship": "Outer",
                                "Parallel Aware": true,
                                "Relation Name": "movie_info_idx",
                                "Alias": "mi_idx",
                                "Startup Cost": 0.0,
                                "Total Cost": 18082.32,
                                "Plan Rows": 273193,
                                "Plan Width": 4,
                                "Actual Startup Time": 0.053,
                                "Actual Total Time": 77.1,
                                "Actual Rows": 229962,
                                "Actual Loops": 2,
                                "Filter": "(info_type_id = 100)",
                                "Rows Removed by Filter": 460055
                              }
                            ]
                          }
                        ]
                      }
                    ]
                  }
                ]
              }
            ]
          }
        ]
      }
    ]
  },
  "Planning Time": 1.074,
  "Triggers": [],
  "Execution Time": 2745.374
}