{
  "Plan": {
    "Node Type": "Aggregate",
    "Strategy": "Plain",
    "Partial Mode": "Finalize",
    "Parallel Aware": false,
    "Startup Cost": 701345.96,
    "Total Cost": 701345.97,
    "Plan Rows": 1,
    "Plan Width": 8,
    "Actual Startup Time": 7848.599,
    "Actual Total Time": 7921.148,
    "Actual Rows": 1,
    "Actual Loops": 1,
    "Plans": [
      {
        "Node Type": "Gather",
        "Parent Relationship": "Outer",
        "Parallel Aware": false,
        "Startup Cost": 701345.85,
        "Total Cost": 701345.96,
        "Plan Rows": 1,
        "Plan Width": 8,
        "Actual Startup Time": 7835.475,
        "Actual Total Time": 7921.14,
        "Actual Rows": 2,
        "Actual Loops": 1,
        "Workers Planned": 1,
        "Workers Launched": 1,
        "Single Copy": false,
        "Plans": [
          {
            "Node Type": "Aggregate",
            "Strategy": "Plain",
            "Partial Mode": "Partial",
            "Parent Relationship": "Outer",
            "Parallel Aware": false,
            "Startup Cost": 700345.85,
            "Total Cost": 700345.86,
            "Plan Rows": 1,
            "Plan Width": 8,
            "Actual Startup Time": 7815.393,
            "Actual Total Time": 7815.399,
            "Actual Rows": 1,
            "Actual Loops": 2,
            "Plans": [
              {
                "Node Type": "Hash Join",
                "Parent Relationship": "Outer",
                "Parallel Aware": true,
                "Join Type": "Inner",
                "Startup Cost": 590329.18,
                "Total Cost": 687724.33,
                "Plan Rows": 5048609,
                "Plan Width": 0,
                "Actual Startup Time": 4575.431,
                "Actual Total Time": 6832.817,
                "Actual Rows": 25340690,
                "Actual Loops": 2,
                "Inner Unique": false,
                "Hash Cond": "(mk.movie_id = t.id)",
                "Plans": [
                  {
                    "Node Type": "Seq Scan",
                    "Parent Relationship": "Outer",
                    "Parallel Aware": true,
                    "Relation Name": "movie_keyword",
                    "Alias": "mk",
                    "Startup Cost": 0.0,
                    "Total Cost": 51065.35,
                    "Plan Rows": 2661135,
                    "Plan Width": 4,
                    "Actual Startup Time": 0.013,
                    "Actual Total Time": 157.726,
                    "Actual Rows": 2261965,
                    "Actual Loops": 2
                  },
                  {
                    "Node Type": "Hash",
                    "Parent Relationship": "Inner",
                    "Parallel Aware": true,
                    "Startup Cost": 555060.17,
                    "Total Cost": 555060.17,
                    "Plan Rows": 2821521,
                    "Plan Width": 8,
                    "Actual Startup Time": 4542.552,
                    "Actual Total Time": 4542.556,
                    "Actual Rows": 3601630,
                    "Actual Loops": 2,
                    "Hash Buckets": 8388608,
                    "Original Hash Buckets": 8388608,
                    "Hash Batches": 1,
                    "Original Hash Batches": 1,
                    "Peak Memory Usage": 347360,
                    "Plans": [
                      {
                        "Node Type": "Hash Join",
                        "Parent Relationship": "Outer",
                        "Parallel Aware": true,
                        "Join Type": "Inner",
                        "Startup Cost": 230414.1,
                        "Total Cost": 555060.17,
                        "Plan Rows": 2821521,
                        "Plan Width": 8,
                        "Actual Startup Time": 876.885,
                        "Actual Total Time": 3306.506,
                        "Actual Rows": 3601630,
                        "Actual Loops": 2,
                        "Inner Unique": true,
                        "Hash Cond": "(ci.movie_id = t.id)",
                        "Plans": [
                          {
                            "Node Type": "Bitmap Heap Scan",
                            "Parent Relationship": "Outer",
                            "Parallel Aware": true,
                            "Relation Name": "cast_info",
                            "Alias": "ci",
                            "Startup Cost": 160953.4,
                            "Total Cost": 478192.97,
                            "Plan Rows": 2821521,
                            "Plan Width": 4,
                            "Actual Startup Time": 276.717,
                            "Actual Total Time": 908.696,
                            "Actual Rows": 3601630,
                            "Actual Loops": 2,
                            "Recheck Cond": "(person_id > 2947785)",
                            "Rows Removed by Index Recheck": 0,
                            "Filter": "(role_id > 1)",
                            "Rows Removed by Filter": 0,
                            "Exact Heap Blocks": 49108,
                            "Lossy Heap Blocks": 0,
                            "Plans": [
                              {
                                "Node Type": "Bitmap Index Scan",
                                "Parent Relationship": "Outer",
                                "Parallel Aware": false,
                                "Index Name": "person_id_cast_info",
                                "Startup Cost": 0.0,
                                "Total Cost": 159754.25,
                                "Plan Rows": 7315958,
                                "Plan Width": 0,
                                "Actual Startup Time": 261.317,
                                "Actual Total Time": 261.317,
                                "Actual Rows": 7203261,
                                "Actual Loops": 1,
                                "Index Cond": "(person_id > 2947785)"
                              }
                            ]
                          },
                          {
                            "Node Type": "Hash",
                            "Parent Relationship": "Inner",
                            "Parallel Aware": true,
                            "Startup Cost": 50870.31,
                            "Total Cost": 50870.31,
                            "Plan Rows": 1487231,
                            "Plan Width": 4,
                            "Actual Startup Time": 588.002,
                            "Actual Total Time": 588.003,
                            "Actual Rows": 1264156,
                            "Actual Loops": 2,
                            "Hash Buckets": 4194304,
                            "Original Hash Buckets": 4194304,
                            "Hash Batches": 1,
                            "Original Hash Batches": 1,
                            "Peak Memory Usage": 131712,
                            "Plans": [
                              {
                                "Node Type": "Seq Scan",
                                "Parent Relationship": "Outer",
                                "Parallel Aware": true,
                                "Relation Name": "title",
                                "Alias": "t",
                                "Startup Cost": 0.0,
                                "Total Cost": 50870.31,
                                "Plan Rows": 1487231,
                                "Plan Width": 4,
                                "Actual Startup Time": 0.032,
                                "Actual Total Time": 180.881,
                                "Actual Rows": 1264156,
                                "Actual Loops": 2
                              }
                            ]
                          }
                        ]
                      }
                    ]
                  }
                ]
              }
            ]
          }
        ]
      }
    ]
  },
  "Planning Time": 1.034,
  "Triggers": [],
  "Execution Time": 7921.258
}