[
  {
    "Plan": {
      "Node Type": "Aggregate",
      "Strategy": "Plain",
      "Partial Mode": "Finalize",
      "Parallel Aware": false,
      "Startup Cost": 47024.15,
      "Total Cost": 47024.16,
      "Plan Rows": 1,
      "Plan Width": 8,
      "Actual Startup Time": 153.192,
      "Actual Total Time": 162.811,
      "Actual Rows": 1,
      "Actual Loops": 1,
      "Plans": [
        {
          "Node Type": "Gather",
          "Parent Relationship": "Outer",
          "Parallel Aware": false,
          "Startup Cost": 47023.83,
          "Total Cost": 47024.14,
          "Plan Rows": 3,
          "Plan Width": 8,
          "Actual Startup Time": 153.041,
          "Actual Total Time": 162.798,
          "Actual Rows": 4,
          "Actual Loops": 1,
          "Workers Planned": 3,
          "Workers Launched": 3,
          "Single Copy": false,
          "Plans": [
            {
              "Node Type": "Aggregate",
              "Strategy": "Plain",
              "Partial Mode": "Partial",
              "Parent Relationship": "Outer",
              "Parallel Aware": false,
              "Startup Cost": 46023.83,
              "Total Cost": 46023.84,
              "Plan Rows": 1,
              "Plan Width": 8,
              "Actual Startup Time": 149.995,
              "Actual Total Time": 149.997,
              "Actual Rows": 1,
              "Actual Loops": 4,
              "Plans": [
                {
                  "Node Type": "Seq Scan",
                  "Parent Relationship": "Outer",
                  "Parallel Aware": true,
                  "Relation Name": "movie_keyword",
                  "Alias": "mk",
                  "Startup Cost": 0.0,
                  "Total Cost": 42695.65,
                  "Plan Rows": 1331272,
                  "Plan Width": 0,
                  "Actual Startup Time": 0.025,
                  "Actual Total Time": 109.453,
                  "Actual Rows": 1031840,
                  "Actual Loops": 4,
                  "Filter": "(keyword_id < 43584)",
                  "Rows Removed by Filter": 99143
                }
              ]
            }
          ]
        }
      ]
    },
    "Planning Time": 0.069,
    "Triggers": [],
    "Execution Time": 162.837
  }
]