[
  {
    "Plan": {
      "Node Type": "Aggregate",
      "Strategy": "Plain",
      "Partial Mode": "Finalize",
      "Parallel Aware": false,
      "Startup Cost": 389354.16,
      "Total Cost": 389354.17,
      "Plan Rows": 1,
      "Plan Width": 8,
      "Actual Startup Time": 1427.95,
      "Actual Total Time": 1456.163,
      "Actual Rows": 1,
      "Actual Loops": 1,
      "Plans": [
        {
          "Node Type": "Gather",
          "Parent Relationship": "Outer",
          "Parallel Aware": false,
          "Startup Cost": 389353.54,
          "Total Cost": 389354.15,
          "Plan Rows": 6,
          "Plan Width": 8,
          "Actual Startup Time": 1420.091,
          "Actual Total Time": 1456.156,
          "Actual Rows": 7,
          "Actual Loops": 1,
          "Workers Planned": 6,
          "Workers Launched": 6,
          "Single Copy": false,
          "Plans": [
            {
              "Node Type": "Aggregate",
              "Strategy": "Plain",
              "Partial Mode": "Partial",
              "Parent Relationship": "Outer",
              "Parallel Aware": false,
              "Startup Cost": 388353.54,
              "Total Cost": 388353.55,
              "Plan Rows": 1,
              "Plan Width": 8,
              "Actual Startup Time": 1412.509,
              "Actual Total Time": 1412.512,
              "Actual Rows": 1,
              "Actual Loops": 7,
              "Plans": [
                {
                  "Node Type": "Hash Join",
                  "Parent Relationship": "Outer",
                  "Parallel Aware": true,
                  "Join Type": "Inner",
                  "Startup Cost": 48641.52,
                  "Total Cost": 385180.18,
                  "Plan Rows": 1269344,
                  "Plan Width": 0,
                  "Actual Startup Time": 309.541,
                  "Actual Total Time": 1349.107,
                  "Actual Rows": 1329422,
                  "Actual Loops": 7,
                  "Inner Unique": true,
                  "Hash Cond": "(ci.movie_id = t.id)",
                  "Plans": [
                    {
                      "Node Type": "Seq Scan",
                      "Parent Relationship": "Outer",
                      "Parallel Aware": true,
                      "Relation Name": "cast_info",
                      "Alias": "ci",
                      "Startup Cost": 0.0,
                      "Total Cost": 328213.62,
                      "Plan Rows": 3171440,
                      "Plan Width": 4,
                      "Actual Startup Time": 157.103,
                      "Actual Total Time": 524.637,
                      "Actual Rows": 2729752,
                      "Actual Loops": 7,
                      "Filter": "(person_id > 1692863)",
                      "Rows Removed by Filter": 2448011
                    },
                    {
                      "Node Type": "Hash",
                      "Parent Relationship": "Inner",
                      "Parallel Aware": true,
                      "Startup Cost": 45479.21,
                      "Total Cost": 45479.21,
                      "Plan Rows": 252985,
                      "Plan Width": 4,
                      "Actual Startup Time": 150.65,
                      "Actual Total Time": 150.651,
                      "Actual Rows": 159712,
                      "Actual Loops": 7,
                      "Hash Buckets": 2097152,
                      "Original Hash Buckets": 1048576,
                      "Hash Batches": 1,
                      "Original Hash Batches": 1,
                      "Peak Memory Usage": 68416,
                      "Plans": [
                        {
                          "Node Type": "Seq Scan",
                          "Parent Relationship": "Outer",
                          "Parallel Aware": true,
                          "Relation Name": "title",
                          "Alias": "t",
                          "Startup Cost": 0.0,
                          "Total Cost": 45479.21,
                          "Plan Rows": 252985,
                          "Plan Width": 4,
                          "Actual Startup Time": 0.027,
                          "Actual Total Time": 67.533,
                          "Actual Rows": 159712,
                          "Actual Loops": 7,
                          "Filter": "((production_year > 1993) AND (kind_id = 7))",
                          "Rows Removed by Filter": 201476
                        }
                      ]
                    }
                  ]
                }
              ]
            }
          ]
        }
      ]
    },
    "Planning Time": 0.201,
    "Triggers": [],
    "Execution Time": 1456.195
  }
]