[
  {
    "Plan": {
      "Node Type": "Aggregate",
      "Strategy": "Plain",
      "Partial Mode": "Finalize",
      "Parallel Aware": false,
      "Startup Cost": 46712.63,
      "Total Cost": 46712.64,
      "Plan Rows": 1,
      "Plan Width": 8,
      "Actual Startup Time": 102.199,
      "Actual Total Time": 115.105,
      "Actual Rows": 1,
      "Actual Loops": 1,
      "Plans": [
        {
          "Node Type": "Gather",
          "Parent Relationship": "Outer",
          "Parallel Aware": false,
          "Startup Cost": 46712.21,
          "Total Cost": 46712.62,
          "Plan Rows": 4,
          "Plan Width": 8,
          "Actual Startup Time": 101.845,
          "Actual Total Time": 115.096,
          "Actual Rows": 5,
          "Actual Loops": 1,
          "Workers Planned": 4,
          "Workers Launched": 4,
          "Single Copy": false,
          "Plans": [
            {
              "Node Type": "Aggregate",
              "Strategy": "Plain",
              "Partial Mode": "Partial",
              "Parent Relationship": "Outer",
              "Parallel Aware": false,
              "Startup Cost": 45712.21,
              "Total Cost": 45712.22,
              "Plan Rows": 1,
              "Plan Width": 8,
              "Actual Startup Time": 93.152,
              "Actual Total Time": 93.153,
              "Actual Rows": 1,
              "Actual Loops": 5,
              "Plans": [
                {
                  "Node Type": "Seq Scan",
                  "Parent Relationship": "Outer",
                  "Parallel Aware": true,
                  "Relation Name": "title",
                  "Alias": "t",
                  "Startup Cost": 0.0,
                  "Total Cost": 45479.1,
                  "Plan Rows": 93243,
                  "Plan Width": 0,
                  "Actual Startup Time": 0.051,
                  "Actual Total Time": 88.708,
                  "Actual Rows": 92273,
                  "Actual Loops": 5,
                  "Filter": "((kind_id < 3) AND (production_year < 2004))",
                  "Rows Removed by Filter": 413390
                }
              ]
            }
          ]
        }
      ]
    },
    "Planning Time": 0.188,
    "Triggers": [],
    "Execution Time": 115.174
  }
]