[
  {
    "Plan": {
      "Node Type": "Aggregate",
      "Strategy": "Plain",
      "Partial Mode": "Finalize",
      "Parallel Aware": false,
      "Startup Cost": 349561.6,
      "Total Cost": 349561.61,
      "Plan Rows": 1,
      "Plan Width": 8,
      "Actual Startup Time": 886.355,
      "Actual Total Time": 930.46,
      "Actual Rows": 1,
      "Actual Loops": 1,
      "Plans": [
        {
          "Node Type": "Gather",
          "Parent Relationship": "Outer",
          "Parallel Aware": false,
          "Startup Cost": 349560.97,
          "Total Cost": 349561.58,
          "Plan Rows": 6,
          "Plan Width": 8,
          "Actual Startup Time": 886.207,
          "Actual Total Time": 930.45,
          "Actual Rows": 7,
          "Actual Loops": 1,
          "Workers Planned": 6,
          "Workers Launched": 6,
          "Single Copy": false,
          "Plans": [
            {
              "Node Type": "Aggregate",
              "Strategy": "Plain",
              "Partial Mode": "Partial",
              "Parent Relationship": "Outer",
              "Parallel Aware": false,
              "Startup Cost": 348560.97,
              "Total Cost": 348560.98,
              "Plan Rows": 1,
              "Plan Width": 8,
              "Actual Startup Time": 878.599,
              "Actual Total Time": 878.6,
              "Actual Rows": 1,
              "Actual Loops": 7,
              "Plans": [
                {
                  "Node Type": "Seq Scan",
                  "Parent Relationship": "Outer",
                  "Parallel Aware": true,
                  "Relation Name": "cast_info",
                  "Alias": "ci",
                  "Startup Cost": 0.0,
                  "Total Cost": 343316.27,
                  "Plan Rows": 2097880,
                  "Plan Width": 0,
                  "Actual Startup Time": 232.721,
                  "Actual Total Time": 735.124,
                  "Actual Rows": 2687704,
                  "Actual Loops": 7,
                  "Filter": "((person_id > 1685358) AND (role_id > 1))",
                  "Rows Removed by Filter": 2490059
                }
              ]
            }
          ]
        }
      ]
    },
    "Planning Time": 0.196,
    "Triggers": [],
    "Execution Time": 930.519
  }
]