[
  {
    "Plan": {
      "Node Type": "Aggregate",
      "Strategy": "Plain",
      "Partial Mode": "Finalize",
      "Parallel Aware": false,
      "Startup Cost": 33178.87,
      "Total Cost": 33178.88,
      "Plan Rows": 1,
      "Plan Width": 8,
      "Actual Startup Time": 78.052,
      "Actual Total Time": 86.124,
      "Actual Rows": 1,
      "Actual Loops": 1,
      "Plans": [
        {
          "Node Type": "Gather",
          "Parent Relationship": "Outer",
          "Parallel Aware": false,
          "Startup Cost": 33178.55,
          "Total Cost": 33178.86,
          "Plan Rows": 3,
          "Plan Width": 8,
          "Actual Startup Time": 77.941,
          "Actual Total Time": 86.117,
          "Actual Rows": 4,
          "Actual Loops": 1,
          "Workers Planned": 3,
          "Workers Launched": 3,
          "Single Copy": false,
          "Plans": [
            {
              "Node Type": "Aggregate",
              "Strategy": "Plain",
              "Partial Mode": "Partial",
              "Parent Relationship": "Outer",
              "Parallel Aware": false,
              "Startup Cost": 32178.55,
              "Total Cost": 32178.56,
              "Plan Rows": 1,
              "Plan Width": 8,
              "Actual Startup Time": 74.58,
              "Actual Total Time": 74.581,
              "Actual Rows": 1,
              "Actual Loops": 4,
              "Plans": [
                {
                  "Node Type": "Seq Scan",
                  "Parent Relationship": "Outer",
                  "Parallel Aware": true,
                  "Relation Name": "movie_companies",
                  "Alias": "mc",
                  "Startup Cost": 0.0,
                  "Total Cost": 31414.82,
                  "Plan Rows": 305493,
                  "Plan Width": 0,
                  "Actual Startup Time": 0.206,
                  "Actual Total Time": 65.997,
                  "Actual Rows": 199091,
                  "Actual Loops": 4,
                  "Filter": "((company_id > 1025) AND (company_type_id = 1))",
                  "Rows Removed by Filter": 453192
                }
              ]
            }
          ]
        }
      ]
    },
    "Planning Time": 0.098,
    "Triggers": [],
    "Execution Time": 86.152
  }
]