[
  {
    "Plan": {
      "Node Type": "Aggregate",
      "Strategy": "Plain",
      "Partial Mode": "Finalize",
      "Parallel Aware": false,
      "Startup Cost": 81282.84,
      "Total Cost": 81282.85,
      "Plan Rows": 1,
      "Plan Width": 8,
      "Actual Startup Time": 58.675,
      "Actual Total Time": 67.018,
      "Actual Rows": 1,
      "Actual Loops": 1,
      "Plans": [
        {
          "Node Type": "Gather",
          "Parent Relationship": "Outer",
          "Parallel Aware": false,
          "Startup Cost": 81282.52,
          "Total Cost": 81282.83,
          "Plan Rows": 3,
          "Plan Width": 8,
          "Actual Startup Time": 58.547,
          "Actual Total Time": 67.009,
          "Actual Rows": 4,
          "Actual Loops": 1,
          "Workers Planned": 3,
          "Workers Launched": 3,
          "Single Copy": false,
          "Plans": [
            {
              "Node Type": "Aggregate",
              "Strategy": "Plain",
              "Partial Mode": "Partial",
              "Parent Relationship": "Outer",
              "Parallel Aware": false,
              "Startup Cost": 80282.52,
              "Total Cost": 80282.53,
              "Plan Rows": 1,
              "Plan Width": 8,
              "Actual Startup Time": 53.321,
              "Actual Total Time": 53.322,
              "Actual Rows": 1,
              "Actual Loops": 4,
              "Plans": [
                {
                  "Node Type": "Nested Loop",
                  "Parent Relationship": "Outer",
                  "Parallel Aware": false,
                  "Join Type": "Inner",
                  "Startup Cost": 306.72,
                  "Total Cost": 80269.01,
                  "Plan Rows": 5405,
                  "Plan Width": 0,
                  "Actual Startup Time": 4.242,
                  "Actual Total Time": 52.745,
                  "Actual Rows": 4554,
                  "Actual Loops": 4,
                  "Inner Unique": true,
                  "Plans": [
                    {
                      "Node Type": "Bitmap Heap Scan",
                      "Parent Relationship": "Outer",
                      "Parallel Aware": true,
                      "Relation Name": "movie_info",
                      "Alias": "mi",
                      "Startup Cost": 306.29,
                      "Total Cost": 49112.64,
                      "Plan Rows": 5405,
                      "Plan Width": 4,
                      "Actual Startup Time": 4.097,
                      "Actual Total Time": 13.35,
                      "Actual Rows": 4554,
                      "Actual Loops": 4,
                      "Recheck Cond": "(info_type_id = 108)",
                      "Rows Removed by Index Recheck": 0,
                      "Exact Heap Blocks": 1732,
                      "Lossy Heap Blocks": 0,
                      "Plans": [
                        {
                          "Node Type": "Bitmap Index Scan",
                          "Parent Relationship": "Outer",
                          "Parallel Aware": false,
                          "Index Name": "info_type_id_movie_info",
                          "Startup Cost": 0.0,
                          "Total Cost": 302.1,
                          "Plan Rows": 16755,
                          "Plan Width": 0,
                          "Actual Startup Time": 6.487,
                          "Actual Total Time": 6.487,
                          "Actual Rows": 18214,
                          "Actual Loops": 1,
                          "Index Cond": "(info_type_id = 108)"
                        }
                      ]
                    },
                    {
                      "Node Type": "Index Only Scan",
                      "Parent Relationship": "Inner",
                      "Parallel Aware": false,
                      "Scan Direction": "Forward",
                      "Index Name": "title_pkey",
                      "Relation Name": "title",
                      "Alias": "t",
                      "Startup Cost": 0.43,
                      "Total Cost": 5.76,
                      "Plan Rows": 1,
                      "Plan Width": 4,
                      "Actual Startup Time": 0.008,
                      "Actual Total Time": 0.008,
                      "Actual Rows": 1,
                      "Actual Loops": 18214,
                      "Index Cond": "(id = mi.movie_id)",
                      "Rows Removed by Index Recheck": 0,
                      "Heap Fetches": 18214
                    }
                  ]
                }
              ]
            }
          ]
        }
      ]
    },
    "Planning Time": 0.647,
    "Triggers": [],
    "Execution Time": 67.107
  }
]