[
  {
    "Plan": {
      "Node Type": "Aggregate",
      "Strategy": "Plain",
      "Partial Mode": "Finalize",
      "Parallel Aware": false,
      "Startup Cost": 343311.04,
      "Total Cost": 343311.05,
      "Plan Rows": 1,
      "Plan Width": 8,
      "Actual Startup Time": 855.244,
      "Actual Total Time": 918.302,
      "Actual Rows": 1,
      "Actual Loops": 1,
      "Plans": [
        {
          "Node Type": "Gather",
          "Parent Relationship": "Outer",
          "Parallel Aware": false,
          "Startup Cost": 343310.42,
          "Total Cost": 343311.03,
          "Plan Rows": 6,
          "Plan Width": 8,
          "Actual Startup Time": 854.979,
          "Actual Total Time": 918.289,
          "Actual Rows": 7,
          "Actual Loops": 1,
          "Workers Planned": 6,
          "Workers Launched": 6,
          "Single Copy": false,
          "Plans": [
            {
              "Node Type": "Aggregate",
              "Strategy": "Plain",
              "Partial Mode": "Partial",
              "Parent Relationship": "Outer",
              "Parallel Aware": false,
              "Startup Cost": 342310.42,
              "Total Cost": 342310.43,
              "Plan Rows": 1,
              "Plan Width": 8,
              "Actual Startup Time": 844.784,
              "Actual Total Time": 844.785,
              "Actual Rows": 1,
              "Actual Loops": 7,
              "Plans": [
                {
                  "Node Type": "Seq Scan",
                  "Parent Relationship": "Outer",
                  "Parallel Aware": true,
                  "Relation Name": "cast_info",
                  "Alias": "ci",
                  "Startup Cost": 0.0,
                  "Total Cost": 328162.03,
                  "Plan Rows": 5659356,
                  "Plan Width": 0,
                  "Actual Startup Time": 0.052,
                  "Actual Total Time": 642.221,
                  "Actual Rows": 4866159,
                  "Actual Loops": 7,
                  "Filter": "(person_id < 3636132)",
                  "Rows Removed by Filter": 311604
                }
              ]
            }
          ]
        }
      ]
    },
    "Planning Time": 0.176,
    "Triggers": [],
    "Execution Time": 918.376
  }
]