{
  "Plan": {
    "Node Type": "Aggregate",
    "Strategy": "Plain",
    "Partial Mode": "Finalize",
    "Parallel Aware": false,
    "Startup Cost": 707871.7,
    "Total Cost": 707871.71,
    "Plan Rows": 1,
    "Plan Width": 64,
    "Actual Startup Time": 8074.966,
    "Actual Total Time": 8203.222,
    "Actual Rows": 1,
    "Actual Loops": 1,
    "Plans": [
      {
        "Node Type": "Gather",
        "Parent Relationship": "Outer",
        "Parallel Aware": false,
        "Startup Cost": 707871.37,
        "Total Cost": 707871.68,
        "Plan Rows": 3,
        "Plan Width": 64,
        "Actual Startup Time": 7996.229,
        "Actual Total Time": 8203.195,
        "Actual Rows": 4,
        "Actual Loops": 1,
        "Workers Planned": 3,
        "Workers Launched": 3,
        "Single Copy": false,
        "Plans": [
          {
            "Node Type": "Aggregate",
            "Strategy": "Plain",
            "Partial Mode": "Partial",
            "Parent Relationship": "Outer",
            "Parallel Aware": false,
            "Startup Cost": 706871.37,
            "Total Cost": 706871.38,
            "Plan Rows": 1,
            "Plan Width": 64,
            "Actual Startup Time": 7984.731,
            "Actual Total Time": 7984.758,
            "Actual Rows": 1,
            "Actual Loops": 4,
            "Plans": [
              {
                "Node Type": "Hash Join",
                "Parent Relationship": "Outer",
                "Parallel Aware": true,
                "Join Type": "Inner",
                "Startup Cost": 691475.63,
                "Total Cost": 706869.6,
                "Plan Rows": 354,
                "Plan Width": 33,
                "Actual Startup Time": 7907.258,
                "Actual Total Time": 7978.718,
                "Actual Rows": 79983,
                "Actual Loops": 4,
                "Inner Unique": false,
                "Hash Cond": "(an.person_id = n.id)",
                "Plans": [
                  {
                    "Node Type": "Seq Scan",
                    "Parent Relationship": "Outer",
                    "Parallel Aware": true,
                    "Relation Name": "aka_name",
                    "Alias": "an",
                    "Startup Cost": 0.0,
                    "Total Cost": 14303.56,
                    "Plan Rows": 290756,
                    "Plan Width": 20,
                    "Actual Startup Time": 0.016,
                    "Actual Total Time": 28.752,
                    "Actual Rows": 225336,
                    "Actual Loops": 4
                  },
                  {
                    "Node Type": "Hash",
                    "Parent Relationship": "Inner",
                    "Parallel Aware": true,
                    "Startup Cost": 691474.19,
                    "Total Cost": 691474.19,
                    "Plan Rows": 115,
                    "Plan Width": 25,
                    "Actual Startup Time": 7906.169,
                    "Actual Total Time": 7906.194,
                    "Actual Rows": 55402,
                    "Actual Loops": 4,
                    "Hash Buckets": 262144,
                    "Original Hash Buckets": 1024,
                    "Hash Batches": 1,
                    "Original Hash Batches": 1,
                    "Peak Memory Usage": 18616,
                    "Plans": [
                      {
                        "Node Type": "Hash Join",
                        "Parent Relationship": "Outer",
                        "Parallel Aware": true,
                        "Join Type": "Inner",
                        "Startup Cost": 646693.22,
                        "Total Cost": 691474.19,
                        "Plan Rows": 115,
                        "Plan Width": 25,
                        "Actual Startup Time": 7704.425,
                        "Actual Total Time": 7880.735,
                        "Actual Rows": 55402,
                        "Actual Loops": 4,
                        "Inner Unique": false,
                        "Hash Cond": "(t.id = ci.movie_id)",
                        "Plans": [
                          {
                            "Node Type": "Seq Scan",
                            "Parent Relationship": "Outer",
                            "Parallel Aware": true,
                            "Relation Name": "title",
                            "Alias": "t",
                            "Startup Cost": 0.0,
                            "Total Cost": 43899.59,
                            "Plan Rows": 234957,
                            "Plan Width": 21,
                            "Actual Startup Time": 0.024,
                            "Actual Total Time": 93.324,
                            "Actual Rows": 236726,
                            "Actual Loops": 4,
                            "Filter": "(episode_nr < 100)",
                            "Rows Removed by Filter": 395352
                          },
                          {
                            "Node Type": "Hash",
                            "Parent Relationship": "Inner",
                            "Parallel Aware": true,
                            "Startup Cost": 646689.35,
                            "Total Cost": 646689.35,
                            "Plan Rows": 310,
                            "Plan Width": 20,
                            "Actual Startup Time": 7704.19,
                            "Actual Total Time": 7704.213,
                            "Actual Rows": 708139,
                            "Actual Loops": 4,
                            "Hash Buckets": 4194304,
                            "Original Hash Buckets": 2048,
                            "Hash Batches": 1,
                            "Original Hash Batches": 1,
                            "Peak Memory Usage": 220816,
                            "Plans": [
                              {
                                "Node Type": "Hash Join",
                                "Parent Relationship": "Outer",
                                "Parallel Aware": true,
                                "Join Type": "Inner",
                                "Startup Cost": 566330.73,
                                "Total Cost": 646689.35,
                                "Plan Rows": 310,
                                "Plan Width": 20,
                                "Actual Startup Time": 6708.449,
                                "Actual Total Time": 7342.138,
                                "Actual Rows": 708139,
                                "Actual Loops": 4,
                                "Inner Unique": false,
                                "Hash Cond": "(n.id = ci.person_id)",
                                "Plans": [
                                  {
                                    "Node Type": "Seq Scan",
                                    "Parent Relationship": "Outer",
                                    "Parallel Aware": true,
                                    "Relation Name": "name",
                                    "Alias": "n",
                                    "Startup Cost": 0.0,
                                    "Total Cost": 66031.44,
                                    "Plan Rows": 1041844,
                                    "Plan Width": 4,
                                    "Actual Startup Time": 0.017,
                                    "Actual Total Time": 141.388,
                                    "Actual Rows": 1041873,
                                    "Actual Loops": 4
                                  },
                                  {
                                    "Node Type": "Hash",
                                    "Parent Relationship": "Inner",
                                    "Parallel Aware": true,
                                    "Startup Cost": 566321.62,
                                    "Total Cost": 566321.62,
                                    "Plan Rows": 729,
                                    "Plan Width": 16,
                                    "Actual Startup Time": 6708.287,
                                    "Actual Total Time": 6708.306,
                                    "Actual Rows": 708139,
                                    "Actual Loops": 4,
                                    "Hash Buckets": 4194304,
                                    "Original Hash Buckets": 2048,
                                    "Hash Batches": 1,
                                    "Original Hash Batches": 1,
                                    "Peak Memory Usage": 198512,
                                    "Plans": [
                                      {
                                        "Node Type": "Hash Join",
                                        "Parent Relationship": "Outer",
                                        "Parallel Aware": true,
                                        "Join Type": "Inner",
                                        "Startup Cost": 557364.09,
                                        "Total Cost": 566321.62,
                                        "Plan Rows": 729,
                                        "Plan Width": 16,
                                        "Actual Startup Time": 6130.965,
                                        "Actual Total Time": 6360.769,
                                        "Actual Rows": 708139,
                                        "Actual Loops": 4,
                                        "Inner Unique": false,
                                        "Hash Cond": "(cn.id = mc.company_id)",
                                        "Plans": [
                                          {
                                            "Node Type": "Seq Scan",
                                            "Parent Relationship": "Outer",
                                            "Parallel Aware": true,
                                            "Relation Name": "company_name",
                                            "Alias": "cn",
                                            "Startup Cost": 0.0,
                                            "Total Cost": 4722.92,
                                            "Plan Rows": 50548,
                                            "Plan Width": 4,
                                            "Actual Startup Time": 0.025,
                                            "Actual Total Time": 10.509,
                                            "Actual Rows": 21211,
                                            "Actual Loops": 4,
                                            "Filter": "((country_code)::text = '[us]'::text)",
                                            "Rows Removed by Filter": 37538
                                          },
                                          {
                                            "Node Type": "Hash",
                                            "Parent Relationship": "Inner",
                                            "Parallel Aware": true,
                                            "Startup Cost": 557357.02,
                                            "Total Cost": 557357.02,
                                            "Plan Rows": 565,
                                            "Plan Width": 20,
                                            "Actual Startup Time": 6130.849,
                                            "Actual Total Time": 6130.858,
                                            "Actual Rows": 1949232,
                                            "Actual Loops": 4,
                                            "Hash Buckets": 8388608,
                                            "Original Hash Buckets": 4096,
                                            "Hash Batches": 1,
                                            "Original Hash Batches": 1,
                                            "Peak Memory Usage": 558336,
                                            "Plans": [
                                              {
                                                "Node Type": "Hash Join",
                                                "Parent Relationship": "Outer",
                                                "Parallel Aware": false,
                                                "Join Type": "Inner",
                                                "Startup Cost": 206461.16,
                                                "Total Cost": 557357.02,
                                                "Plan Rows": 565,
                                                "Plan Width": 20,
                                                "Actual Startup Time": 2475.475,
                                                "Actual Total Time": 4797.663,
                                                "Actual Rows": 1949232,
                                                "Actual Loops": 4,
                                                "Inner Unique": false,
                                                "Hash Cond": "(ci.movie_id = mk.movie_id)",
                                                "Plans": [
                                                  {
                                                    "Node Type": "Seq Scan",
                                                    "Parent Relationship": "Outer",
                                                    "Parallel Aware": true,
                                                    "Relation Name": "cast_info",
                                                    "Alias": "ci",
                                                    "Startup Cost": 0.0,
                                                    "Total Cost": 313116.71,
                                                    "Plan Rows": 6042971,
                                                    "Plan Width": 8,
                                                    "Actual Startup Time": 0.052,
                                                    "Actual Total Time": 897.589,
                                                    "Actual Rows": 9061086,
                                                    "Actual Loops": 4
                                                  },
                                                  {
                                                    "Node Type": "Hash",
                                                    "Parent Relationship": "Inner",
                                                    "Parallel Aware": false,
                                                    "Startup Cost": 206459.03,
                                                    "Total Cost": 206459.03,
                                                    "Plan Rows": 170,
                                                    "Plan Width": 12,
                                                    "Actual Startup Time": 2475.37,
                                                    "Actual Total Time": 2475.377,
                                                    "Actual Rows": 148552,
                                                    "Actual Loops": 4,
                                                    "Hash Buckets": 262144,
                                                    "Original Hash Buckets": 1024,
                                                    "Hash Batches": 1,
                                                    "Original Hash Batches": 1,
                                                    "Peak Memory Usage": 8432,
                                                    "Plans": [
                                                      {
                                                        "Node Type": "Hash Join",
                                                        "Parent Relationship": "Outer",
                                                        "Parallel Aware": false,
                                                        "Join Type": "Inner",
                                                        "Startup Cost": 203737.83,
                                                        "Total Cost": 206459.03,
                                                        "Plan Rows": 170,
                                                        "Plan Width": 12,
                                                        "Actual Startup Time": 2397.458,
                                                        "Actual Total Time": 2452.348,
                                                        "Actual Rows": 148552,
                                                        "Actual Loops": 4,
                                                        "Inner Unique": false,
                                                        "Hash Cond": "(mk.movie_id = mc.movie_id)",
                                                        "Plans": [
                                                          {
                                                            "Node Type": "Hash Join",
                                                            "Parent Relationship": "Outer",
                                                            "Parallel Aware": false,
                                                            "Join Type": "Inner",
                                                            "Startup Cost": 126242.43,
                                                            "Total Cost": 128961.63,
                                                            "Plan Rows": 34,
                                                            "Plan Width": 4,
                                                            "Actual Startup Time": 1325.801,
                                                            "Actual Total Time": 1343.523,
                                                            "Actual Rows": 41840,
                                                            "Actual Loops": 4,
                                                            "Inner Unique": false,
                                                            "Hash Cond": "(k.id = mk.keyword_id)",
                                                            "Plans": [
                                                              {
                                                                "Node Type": "Seq Scan",
                                                                "Parent Relationship": "Outer",
                                                                "Parallel Aware": false,
                                                                "Relation Name": "keyword",
                                                                "Alias": "k",
                                                                "Startup Cost": 0.0,
                                                                "Total Cost": 2626.12,
                                                                "Plan Rows": 1,
                                                                "Plan Width": 4,
                                                                "Actual Startup Time": 0.536,
                                                                "Actual Total Time": 9.44,
                                                                "Actual Rows": 1,
                                                                "Actual Loops": 4,
                                                                "Filter": "(keyword = 'character-name-in-title'::text)",
                                                                "Rows Removed by Filter": 134169
                                                              },
                                                              {
                                                                "Node Type": "Hash",
                                                                "Parent Relationship": "Inner",
                                                                "Parallel Aware": false,
                                                                "Startup Cost": 69693.3,
                                                                "Total Cost": 69693.3,
                                                                "Plan Rows": 4523930,
                                                                "Plan Width": 8,
                                                                "Actual Startup Time": 1274.994,
                                                                "Actual Total Time": 1274.996,
                                                                "Actual Rows": 4523930,
                                                                "Actual Loops": 4,
                                                                "Hash Buckets": 8388608,
                                                                "Original Hash Buckets": 8388608,
                                                                "Hash Batches": 1,
                                                                "Original Hash Batches": 1,
                                                                "Peak Memory Usage": 242253,
                                                                "Plans": [
                                                                  {
                                                                    "Node Type": "Seq Scan",
                                                                    "Parent Relationship": "Outer",
                                                                    "Parallel Aware": false,
                                                                    "Relation Name": "movie_keyword",
                                                                    "Alias": "mk",
                                                                    "Startup Cost": 0.0,
                                                                    "Total Cost": 69693.3,
                                                                    "Plan Rows": 4523930,
                                                                    "Plan Width": 8,
                                                                    "Actual Startup Time": 0.043,
                                                                    "Actual Total Time": 454.232,
                                                                    "Actual Rows": 4523930,
                                                                    "Actual Loops": 4
                                                                  }
                                                                ]
                                                              }
                                                            ]
                                                          },
                                                          {
                                                            "Node Type": "Hash",
                                                            "Parent Relationship": "Inner",
                                                            "Parallel Aware": false,
                                                            "Startup Cost": 44881.29,
                                                            "Total Cost": 44881.29,
                                                            "Plan Rows": 2609129,
                                                            "Plan Width": 8,
                                                            "Actual Startup Time": 1035.428,
                                                            "Actual Total Time": 1035.429,
                                                            "Actual Rows": 2609129,
                                                            "Actual Loops": 4,
                                                            "Hash Buckets": 4194304,
                                                            "Original Hash Buckets": 4194304,
                                                            "Hash Batches": 1,
                                                            "Original Hash Batches": 1,
                                                            "Peak Memory Usage": 134688,
                                                            "Plans": [
                                                              {
                                                                "Node Type": "Seq Scan",
                                                                "Parent Relationship": "Outer",
                                                                "Parallel Aware": false,
                                                                "Relation Name": "movie_companies",
                                                                "Alias": "mc",
                                                                "Startup Cost": 0.0,
                                                                "Total Cost": 44881.29,
                                                                "Plan Rows": 2609129,
                                                                "Plan Width": 8,
                                                                "Actual Startup Time": 0.053,
                                                                "Actual Total Time": 359.071,
                                                                "Actual Rows": 2609129,
                                                                "Actual Loops": 4
                                                              }
                                                            ]
                                                          }
                                                        ]
                                                      }
                                                    ]
                                                  }
                                                ]
                                              }
                                            ]
                                          }
                                        ]
                                      }
                                    ]
                                  }
                                ]
                              }
                            ]
                          }
                        ]
                      }
                    ]
                  }
                ]
              }
            ]
          }
        ]
      }
    ]
  },
  "Planning Time": 14.021,
  "Triggers": [],
  "Execution Time": 8215.206
}