[
  {
    "Plan": {
      "Node Type": "Aggregate",
      "Strategy": "Plain",
      "Partial Mode": "Finalize",
      "Parallel Aware": false,
      "Startup Cost": 46071.37,
      "Total Cost": 46071.38,
      "Plan Rows": 1,
      "Plan Width": 8,
      "Actual Startup Time": 182.313,
      "Actual Total Time": 191.791,
      "Actual Rows": 1,
      "Actual Loops": 1,
      "Plans": [
        {
          "Node Type": "Gather",
          "Parent Relationship": "Outer",
          "Parallel Aware": false,
          "Startup Cost": 46071.05,
          "Total Cost": 46071.36,
          "Plan Rows": 3,
          "Plan Width": 8,
          "Actual Startup Time": 182.207,
          "Actual Total Time": 191.782,
          "Actual Rows": 4,
          "Actual Loops": 1,
          "Workers Planned": 3,
          "Workers Launched": 3,
          "Single Copy": false,
          "Plans": [
            {
              "Node Type": "Aggregate",
              "Strategy": "Plain",
              "Partial Mode": "Partial",
              "Parent Relationship": "Outer",
              "Parallel Aware": false,
              "Startup Cost": 45071.05,
              "Total Cost": 45071.06,
              "Plan Rows": 1,
              "Plan Width": 8,
              "Actual Startup Time": 164.85,
              "Actual Total Time": 164.851,
              "Actual Rows": 1,
              "Actual Loops": 4,
              "Plans": [
                {
                  "Node Type": "Seq Scan",
                  "Parent Relationship": "Outer",
                  "Parallel Aware": true,
                  "Relation Name": "movie_keyword",
                  "Alias": "mk",
                  "Startup Cost": 0.0,
                  "Total Cost": 42695.65,
                  "Plan Rows": 950160,
                  "Plan Width": 0,
                  "Actual Startup Time": 0.058,
                  "Actual Total Time": 127.997,
                  "Actual Rows": 734125,
                  "Actual Loops": 4,
                  "Filter": "(keyword_id < 9790)",
                  "Rows Removed by Filter": 396858
                }
              ]
            }
          ]
        }
      ]
    },
    "Planning Time": 0.189,
    "Triggers": [],
    "Execution Time": 191.847
  }
]