[
  {
    "Plan": {
      "Node Type": "Aggregate",
      "Strategy": "Plain",
      "Partial Mode": "Finalize",
      "Parallel Aware": false,
      "Startup Cost": 360366.12,
      "Total Cost": 360366.13,
      "Plan Rows": 1,
      "Plan Width": 8,
      "Actual Startup Time": 922.922,
      "Actual Total Time": 991.547,
      "Actual Rows": 1,
      "Actual Loops": 1,
      "Plans": [
        {
          "Node Type": "Gather",
          "Parent Relationship": "Outer",
          "Parallel Aware": false,
          "Startup Cost": 360365.81,
          "Total Cost": 360366.12,
          "Plan Rows": 3,
          "Plan Width": 8,
          "Actual Startup Time": 919.698,
          "Actual Total Time": 991.52,
          "Actual Rows": 4,
          "Actual Loops": 1,
          "Workers Planned": 3,
          "Workers Launched": 3,
          "Single Copy": false,
          "Plans": [
            {
              "Node Type": "Aggregate",
              "Strategy": "Plain",
              "Partial Mode": "Partial",
              "Parent Relationship": "Outer",
              "Parallel Aware": false,
              "Startup Cost": 359365.81,
              "Total Cost": 359365.82,
              "Plan Rows": 1,
              "Plan Width": 8,
              "Actual Startup Time": 914.797,
              "Actual Total Time": 914.802,
              "Actual Rows": 1,
              "Actual Loops": 4,
              "Plans": [
                {
                  "Node Type": "Nested Loop",
                  "Parent Relationship": "Outer",
                  "Parallel Aware": false,
                  "Join Type": "Inner",
                  "Startup Cost": 47359.29,
                  "Total Cost": 355802.05,
                  "Plan Rows": 1425503,
                  "Plan Width": 0,
                  "Actual Startup Time": 145.439,
                  "Actual Total Time": 888.438,
                  "Actual Rows": 559930,
                  "Actual Loops": 4,
                  "Inner Unique": false,
                  "Join Filter": "(t.id = ci.movie_id)",
                  "Rows Removed by Join Filter": 0,
                  "Plans": [
                    {
                      "Node Type": "Hash Join",
                      "Parent Relationship": "Outer",
                      "Parallel Aware": true,
                      "Join Type": "Inner",
                      "Startup Cost": 47358.72,
                      "Total Cost": 77766.79,
                      "Plan Rows": 99424,
                      "Plan Width": 8,
                      "Actual Startup Time": 145.228,
                      "Actual Total Time": 281.061,
                      "Actual Rows": 29962,
                      "Actual Loops": 4,
                      "Inner Unique": true,
                      "Hash Cond": "(mc.movie_id = t.id)",
                      "Plans": [
                        {
                          "Node Type": "Seq Scan",
                          "Parent Relationship": "Outer",
                          "Parallel Aware": true,
                          "Relation Name": "movie_companies",
                          "Alias": "mc",
                          "Startup Cost": 0.0,
                          "Total Cost": 29310.68,
                          "Plan Rows": 418051,
                          "Plan Width": 4,
                          "Actual Startup Time": 8.791,
                          "Actual Total Time": 63.535,
                          "Actual Rows": 321030,
                          "Actual Loops": 4,
                          "Filter": "(company_id > 11385)",
                          "Rows Removed by Filter": 331253
                        },
                        {
                          "Node Type": "Hash",
                          "Parent Relationship": "Inner",
                          "Parallel Aware": true,
                          "Startup Cost": 45479.59,
                          "Total Cost": 45479.59,
                          "Plan Rows": 150331,
                          "Plan Width": 4,
                          "Actual Startup Time": 133.651,
                          "Actual Total Time": 133.652,
                          "Actual Rows": 120264,
                          "Actual Loops": 4,
                          "Hash Buckets": 1048576,
                          "Original Hash Buckets": 1048576,
                          "Hash Batches": 1,
                          "Original Hash Batches": 1,
                          "Peak Memory Usage": 27104,
                          "Plans": [
                            {
                              "Node Type": "Seq Scan",
                              "Parent Relationship": "Outer",
                              "Parallel Aware": true,
                              "Relation Name": "title",
                              "Alias": "t",
                              "Startup Cost": 0.0,
                              "Total Cost": 45479.59,
                              "Plan Rows": 150331,
                              "Plan Width": 4,
                              "Actual Startup Time": 0.051,
                              "Actual Total Time": 88.677,
                              "Actual Rows": 120264,
                              "Actual Loops": 4,
                              "Filter": "((kind_id > 3) AND (production_year < 1998))",
                              "Rows Removed by Filter": 511814
                            }
                          ]
                        }
                      ]
                    },
                    {
                      "Node Type": "Index Only Scan",
                      "Parent Relationship": "Inner",
                      "Parallel Aware": false,
                      "Scan Direction": "Forward",
                      "Index Name": "movie_id_cast_info",
                      "Relation Name": "cast_info",
                      "Alias": "ci",
                      "Startup Cost": 0.56,
                      "Total Cost": 2.36,
                      "Plan Rows": 35,
                      "Plan Width": 4,
                      "Actual Startup Time": 0.004,
                      "Actual Total Time": 0.018,
                      "Actual Rows": 19,
                      "Actual Loops": 119850,
                      "Index Cond": "(movie_id = mc.movie_id)",
                      "Rows Removed by Index Recheck": 0,
                      "Heap Fetches": 2239722
                    }
                  ]
                }
              ]
            }
          ]
        }
      ]
    },
    "Planning Time": 0.569,
    "Triggers": [],
    "Execution Time": 991.668
  }
]