[
  {
    "Plan": {
      "Node Type": "Aggregate",
      "Strategy": "Plain",
      "Partial Mode": "Finalize",
      "Parallel Aware": false,
      "Startup Cost": 334846.1,
      "Total Cost": 334846.11,
      "Plan Rows": 1,
      "Plan Width": 8,
      "Actual Startup Time": 696.094,
      "Actual Total Time": 745.586,
      "Actual Rows": 1,
      "Actual Loops": 1,
      "Plans": [
        {
          "Node Type": "Gather",
          "Parent Relationship": "Outer",
          "Parallel Aware": false,
          "Startup Cost": 334845.47,
          "Total Cost": 334846.08,
          "Plan Rows": 6,
          "Plan Width": 8,
          "Actual Startup Time": 695.908,
          "Actual Total Time": 745.577,
          "Actual Rows": 7,
          "Actual Loops": 1,
          "Workers Planned": 6,
          "Workers Launched": 6,
          "Single Copy": false,
          "Plans": [
            {
              "Node Type": "Aggregate",
              "Strategy": "Plain",
              "Partial Mode": "Partial",
              "Parent Relationship": "Outer",
              "Parallel Aware": false,
              "Startup Cost": 333845.47,
              "Total Cost": 333845.48,
              "Plan Rows": 1,
              "Plan Width": 8,
              "Actual Startup Time": 688.675,
              "Actual Total Time": 688.677,
              "Actual Rows": 1,
              "Actual Loops": 7,
              "Plans": [
                {
                  "Node Type": "Seq Scan",
                  "Parent Relationship": "Outer",
                  "Parallel Aware": true,
                  "Relation Name": "cast_info",
                  "Alias": "ci",
                  "Startup Cost": 0.0,
                  "Total Cost": 328211.39,
                  "Plan Rows": 2253633,
                  "Plan Width": 0,
                  "Actual Startup Time": 264.725,
                  "Actual Total Time": 594.181,
                  "Actual Rows": 1897864,
                  "Actual Loops": 7,
                  "Filter": "(person_id > 2344205)",
                  "Rows Removed by Filter": 3279899
                }
              ]
            }
          ]
        }
      ]
    },
    "Planning Time": 0.134,
    "Triggers": [],
    "Execution Time": 745.638
  }
]