{
  "Plan": {
    "Node Type": "Aggregate",
    "Strategy": "Plain",
    "Partial Mode": "Finalize",
    "Parallel Aware": false,
    "Startup Cost": 84439.94,
    "Total Cost": 84439.95,
    "Plan Rows": 1,
    "Plan Width": 8,
    "Actual Startup Time": 488.786,
    "Actual Total Time": 500.843,
    "Actual Rows": 1,
    "Actual Loops": 1,
    "Plans": [
      {
        "Node Type": "Gather",
        "Parent Relationship": "Outer",
        "Parallel Aware": false,
        "Startup Cost": 84439.83,
        "Total Cost": 84439.94,
        "Plan Rows": 1,
        "Plan Width": 8,
        "Actual Startup Time": 486.482,
        "Actual Total Time": 500.837,
        "Actual Rows": 2,
        "Actual Loops": 1,
        "Workers Planned": 1,
        "Workers Launched": 1,
        "Single Copy": false,
        "Plans": [
          {
            "Node Type": "Aggregate",
            "Strategy": "Plain",
            "Partial Mode": "Partial",
            "Parent Relationship": "Outer",
            "Parallel Aware": false,
            "Startup Cost": 83439.83,
            "Total Cost": 83439.84,
            "Plan Rows": 1,
            "Plan Width": 8,
            "Actual Startup Time": 483.838,
            "Actual Total Time": 483.842,
            "Actual Rows": 1,
            "Actual Loops": 2,
            "Plans": [
              {
                "Node Type": "Hash Join",
                "Parent Relationship": "Outer",
                "Parallel Aware": true,
                "Join Type": "Inner",
                "Startup Cost": 64572.04,
                "Total Cost": 82755.83,
                "Plan Rows": 273598,
                "Plan Width": 0,
                "Actual Startup Time": 273.672,
                "Actual Total Time": 464.104,
                "Actual Rows": 404972,
                "Actual Loops": 2,
                "Inner Unique": true,
                "Hash Cond": "(mi_idx.movie_id = t.id)",
                "Plans": [
                  {
                    "Node Type": "Seq Scan",
                    "Parent Relationship": "Outer",
                    "Parallel Aware": true,
                    "Relation Name": "movie_info_idx",
                    "Alias": "mi_idx",
                    "Startup Cost": 0.0,
                    "Total Cost": 16052.85,
                    "Plan Rows": 811785,
                    "Plan Width": 4,
                    "Actual Startup Time": 0.02,
                    "Actual Total Time": 56.554,
                    "Actual Rows": 690018,
                    "Actual Loops": 2
                  },
                  {
                    "Node Type": "Hash",
                    "Parent Relationship": "Inner",
                    "Parallel Aware": true,
                    "Startup Cost": 58306.47,
                    "Total Cost": 58306.47,
                    "Plan Rows": 501246,
                    "Plan Width": 4,
                    "Actual Startup Time": 267.191,
                    "Actual Total Time": 267.191,
                    "Actual Rows": 380200,
                    "Actual Loops": 2,
                    "Hash Buckets": 1048576,
                    "Original Hash Buckets": 1048576,
                    "Hash Batches": 1,
                    "Original Hash Batches": 1,
                    "Peak Memory Usage": 37952,
                    "Plans": [
                      {
                        "Node Type": "Seq Scan",
                        "Parent Relationship": "Outer",
                        "Parallel Aware": true,
                        "Relation Name": "title",
                        "Alias": "t",
                        "Startup Cost": 0.0,
                        "Total Cost": 58306.47,
                        "Plan Rows": 501246,
                        "Plan Width": 4,
                        "Actual Startup Time": 0.019,
                        "Actual Total Time": 165.161,
                        "Actual Rows": 380200,
                        "Actual Loops": 2,
                        "Filter": "((kind_id < 7) AND (production_year > 1964))",
                        "Rows Removed by Filter": 883956
                      }
                    ]
                  }
                ]
              }
            ]
          }
        ]
      }
    ]
  },
  "Planning Time": 0.251,
  "Triggers": [],
  "Execution Time": 500.885
}