[
  {
    "Plan": {
      "Node Type": "Aggregate",
      "Strategy": "Plain",
      "Partial Mode": "Finalize",
      "Parallel Aware": false,
      "Startup Cost": 402719.68,
      "Total Cost": 402719.69,
      "Plan Rows": 1,
      "Plan Width": 8,
      "Actual Startup Time": 1888.798,
      "Actual Total Time": 1931.091,
      "Actual Rows": 1,
      "Actual Loops": 1,
      "Plans": [
        {
          "Node Type": "Gather",
          "Parent Relationship": "Outer",
          "Parallel Aware": false,
          "Startup Cost": 402719.37,
          "Total Cost": 402719.68,
          "Plan Rows": 3,
          "Plan Width": 8,
          "Actual Startup Time": 1866.923,
          "Actual Total Time": 1931.08,
          "Actual Rows": 4,
          "Actual Loops": 1,
          "Workers Planned": 3,
          "Workers Launched": 3,
          "Single Copy": false,
          "Plans": [
            {
              "Node Type": "Aggregate",
              "Strategy": "Plain",
              "Partial Mode": "Partial",
              "Parent Relationship": "Outer",
              "Parallel Aware": false,
              "Startup Cost": 401719.37,
              "Total Cost": 401719.38,
              "Plan Rows": 1,
              "Plan Width": 8,
              "Actual Startup Time": 1851.165,
              "Actual Total Time": 1851.174,
              "Actual Rows": 1,
              "Actual Loops": 4,
              "Plans": [
                {
                  "Node Type": "Hash Join",
                  "Parent Relationship": "Outer",
                  "Parallel Aware": true,
                  "Join Type": "Inner",
                  "Startup Cost": 368628.76,
                  "Total Cost": 400082.65,
                  "Plan Rows": 654685,
                  "Plan Width": 0,
                  "Actual Startup Time": 1363.357,
                  "Actual Total Time": 1789.208,
                  "Actual Rows": 1229114,
                  "Actual Loops": 4,
                  "Inner Unique": false,
                  "Hash Cond": "(mc.movie_id = t.id)",
                  "Plans": [
                    {
                      "Node Type": "Seq Scan",
                      "Parent Relationship": "Outer",
                      "Parallel Aware": true,
                      "Relation Name": "movie_companies",
                      "Alias": "mc",
                      "Startup Cost": 0.0,
                      "Total Cost": 27206.55,
                      "Plan Rows": 841655,
                      "Plan Width": 4,
                      "Actual Startup Time": 0.029,
                      "Actual Total Time": 68.577,
                      "Actual Rows": 652282,
                      "Actual Loops": 4
                    },
                    {
                      "Node Type": "Hash",
                      "Parent Relationship": "Inner",
                      "Parallel Aware": true,
                      "Startup Cost": 364531.38,
                      "Total Cost": 364531.38,
                      "Plan Rows": 327791,
                      "Plan Width": 8,
                      "Actual Startup Time": 1355.041,
                      "Actual Total Time": 1355.048,
                      "Actual Rows": 576955,
                      "Actual Loops": 4,
                      "Hash Buckets": 4194304,
                      "Original Hash Buckets": 2097152,
                      "Hash Batches": 1,
                      "Original Hash Batches": 1,
                      "Peak Memory Usage": 139488,
                      "Plans": [
                        {
                          "Node Type": "Hash Join",
                          "Parent Relationship": "Outer",
                          "Parallel Aware": true,
                          "Join Type": "Inner",
                          "Startup Cost": 104790.1,
                          "Total Cost": 364531.38,
                          "Plan Rows": 327791,
                          "Plan Width": 8,
                          "Actual Startup Time": 533.052,
                          "Actual Total Time": 1030.49,
                          "Actual Rows": 576955,
                          "Actual Loops": 4,
                          "Inner Unique": true,
                          "Hash Cond": "(ci.movie_id = t.id)",
                          "Plans": [
                            {
                              "Node Type": "Bitmap Heap Scan",
                              "Parent Relationship": "Outer",
                              "Parallel Aware": true,
                              "Relation Name": "cast_info",
                              "Alias": "ci",
                              "Startup Cost": 54569.72,
                              "Total Cost": 313450.54,
                              "Plan Rows": 327791,
                              "Plan Width": 4,
                              "Actual Startup Time": 106.611,
                              "Actual Total Time": 243.72,
                              "Actual Rows": 576955,
                              "Actual Loops": 4,
                              "Recheck Cond": "(person_id < 247668)",
                              "Rows Removed by Index Recheck": 0,
                              "Filter": "(role_id < 8)",
                              "Rows Removed by Filter": 65771,
                              "Exact Heap Blocks": 8905,
                              "Lossy Heap Blocks": 0,
                              "Plans": [
                                {
                                  "Node Type": "Bitmap Index Scan",
                                  "Parent Relationship": "Outer",
                                  "Parallel Aware": false,
                                  "Index Name": "person_id_cast_info",
                                  "Startup Cost": 0.0,
                                  "Total Cost": 54078.03,
                                  "Plan Rows": 2477529,
                                  "Plan Width": 0,
                                  "Actual Startup Time": 102.551,
                                  "Actual Total Time": 102.551,
                                  "Actual Rows": 2570904,
                                  "Actual Loops": 1,
                                  "Index Cond": "(person_id < 247668)"
                                }
                              ]
                            },
                            {
                              "Node Type": "Hash",
                              "Parent Relationship": "Inner",
                              "Parallel Aware": true,
                              "Startup Cost": 42319.06,
                              "Total Cost": 42319.06,
                              "Plan Rows": 632106,
                              "Plan Width": 4,
                              "Actual Startup Time": 417.986,
                              "Actual Total Time": 417.988,
                              "Actual Rows": 632078,
                              "Actual Loops": 4,
                              "Hash Buckets": 4194304,
                              "Original Hash Buckets": 4194304,
                              "Hash Batches": 1,
                              "Original Hash Batches": 1,
                              "Peak Memory Usage": 131744,
                              "Plans": [
                                {
                                  "Node Type": "Seq Scan",
                                  "Parent Relationship": "Outer",
                                  "Parallel Aware": true,
                                  "Relation Name": "title",
                                  "Alias": "t",
                                  "Startup Cost": 0.0,
                                  "Total Cost": 42319.06,
                                  "Plan Rows": 632106,
                                  "Plan Width": 4,
                                  "Actual Startup Time": 0.073,
                                  "Actual Total Time": 120.497,
                                  "Actual Rows": 632078,
                                  "Actual Loops": 4
                                }
                              ]
                            }
                          ]
                        }
                      ]
                    }
                  ]
                }
              ]
            }
          ]
        }
      ]
    },
    "Planning Time": 1.524,
    "Triggers": [],
    "Execution Time": 1931.211
  }
]