{
  "Plan": {
    "Node Type": "Aggregate",
    "Strategy": "Plain",
    "Partial Mode": "Finalize",
    "Parallel Aware": false,
    "Startup Cost": 790528.5,
    "Total Cost": 790528.51,
    "Plan Rows": 1,
    "Plan Width": 8,
    "Actual Startup Time": 6437.074,
    "Actual Total Time": 6498.045,
    "Actual Rows": 1,
    "Actual Loops": 1,
    "Plans": [
      {
        "Node Type": "Gather",
        "Parent Relationship": "Outer",
        "Parallel Aware": false,
        "Startup Cost": 790528.39,
        "Total Cost": 790528.5,
        "Plan Rows": 1,
        "Plan Width": 8,
        "Actual Startup Time": 6432.071,
        "Actual Total Time": 6498.037,
        "Actual Rows": 2,
        "Actual Loops": 1,
        "Workers Planned": 1,
        "Workers Launched": 1,
        "Single Copy": false,
        "Plans": [
          {
            "Node Type": "Aggregate",
            "Strategy": "Plain",
            "Partial Mode": "Partial",
            "Parent Relationship": "Outer",
            "Parallel Aware": false,
            "Startup Cost": 789528.39,
            "Total Cost": 789528.4,
            "Plan Rows": 1,
            "Plan Width": 8,
            "Actual Startup Time": 6425.915,
            "Actual Total Time": 6425.92,
            "Actual Rows": 1,
            "Actual Loops": 2,
            "Plans": [
              {
                "Node Type": "Hash Join",
                "Parent Relationship": "Outer",
                "Parallel Aware": true,
                "Join Type": "Inner",
                "Startup Cost": 118475.45,
                "Total Cost": 763541.44,
                "Plan Rows": 10394778,
                "Plan Width": 0,
                "Actual Startup Time": 1065.294,
                "Actual Total Time": 6058.564,
                "Actual Rows": 9111817,
                "Actual Loops": 2,
                "Inner Unique": false,
                "Hash Cond": "(ci.movie_id = t.id)",
                "Plans": [
                  {
                    "Node Type": "Seq Scan",
                    "Parent Relationship": "Outer",
                    "Parallel Aware": true,
                    "Relation Name": "cast_info",
                    "Alias": "ci",
                    "Startup Cost": 0.0,
                    "Total Cost": 519069.44,
                    "Plan Rows": 17293552,
                    "Plan Width": 4,
                    "Actual Startup Time": 160.749,
                    "Actual Total Time": 1601.729,
                    "Actual Rows": 14613363,
                    "Actual Loops": 2,
                    "Filter": "(person_id > 677696)",
                    "Rows Removed by Filter": 3508809
                  },
                  {
                    "Node Type": "Hash",
                    "Parent Relationship": "Inner",
                    "Parallel Aware": true,
                    "Startup Cost": 107301.17,
                    "Total Cost": 107301.17,
                    "Plan Rows": 893942,
                    "Plan Width": 8,
                    "Actual Startup Time": 895.337,
                    "Actual Total Time": 895.341,
                    "Actual Rows": 412788,
                    "Actual Loops": 2,
                    "Hash Buckets": 2097152,
                    "Original Hash Buckets": 2097152,
                    "Hash Batches": 1,
                    "Original Hash Batches": 1,
                    "Peak Memory Usage": 48704,
                    "Plans": [
                      {
                        "Node Type": "Hash Join",
                        "Parent Relationship": "Outer",
                        "Parallel Aware": true,
                        "Join Type": "Inner",
                        "Startup Cost": 69134.54,
                        "Total Cost": 107301.17,
                        "Plan Rows": 893942,
                        "Plan Width": 8,
                        "Actual Startup Time": 360.182,
                        "Actual Total Time": 789.229,
                        "Actual Rows": 412788,
                        "Actual Loops": 2,
                        "Inner Unique": true,
                        "Hash Cond": "(mc.movie_id = t.id)",
                        "Plans": [
                          {
                            "Node Type": "Seq Scan",
                            "Parent Relationship": "Outer",
                            "Parallel Aware": true,
                            "Relation Name": "movie_companies",
                            "Alias": "mc",
                            "Startup Cost": 0.0,
                            "Total Cost": 34137.82,
                            "Plan Rows": 1534782,
                            "Plan Width": 4,
                            "Actual Startup Time": 0.012,
                            "Actual Total Time": 99.816,
                            "Actual Rows": 1304564,
                            "Actual Loops": 2
                          },
                          {
                            "Node Type": "Hash",
                            "Parent Relationship": "Inner",
                            "Parallel Aware": true,
                            "Startup Cost": 58306.47,
                            "Total Cost": 58306.47,
                            "Plan Rows": 866246,
                            "Plan Width": 4,
                            "Actual Startup Time": 354.104,
                            "Actual Total Time": 354.105,
                            "Actual Rows": 725636,
                            "Actual Loops": 2,
                            "Hash Buckets": 2097152,
                            "Original Hash Buckets": 2097152,
                            "Hash Batches": 1,
                            "Original Hash Batches": 1,
                            "Peak Memory Usage": 73184,
                            "Plans": [
                              {
                                "Node Type": "Seq Scan",
                                "Parent Relationship": "Outer",
                                "Parallel Aware": true,
                                "Relation Name": "title",
                                "Alias": "t",
                                "Startup Cost": 0.0,
                                "Total Cost": 58306.47,
                                "Plan Rows": 866246,
                                "Plan Width": 4,
                                "Actual Startup Time": 0.034,
                                "Actual Total Time": 165.648,
                                "Actual Rows": 725636,
                                "Actual Loops": 2,
                                "Filter": "((kind_id > 3) AND (production_year < 2012))",
                                "Rows Removed by Filter": 538520
                              }
                            ]
                          }
                        ]
                      }
                    ]
                  }
                ]
              }
            ]
          }
        ]
      }
    ]
  },
  "Planning Time": 0.498,
  "Triggers": [],
  "Execution Time": 6498.108
}