[
  {
    "Plan": {
      "Node Type": "Aggregate",
      "Strategy": "Plain",
      "Partial Mode": "Finalize",
      "Parallel Aware": false,
      "Startup Cost": 97823.53,
      "Total Cost": 97823.54,
      "Plan Rows": 1,
      "Plan Width": 8,
      "Actual Startup Time": 652.815,
      "Actual Total Time": 669.458,
      "Actual Rows": 1,
      "Actual Loops": 1,
      "Plans": [
        {
          "Node Type": "Gather",
          "Parent Relationship": "Outer",
          "Parallel Aware": false,
          "Startup Cost": 97823.31,
          "Total Cost": 97823.52,
          "Plan Rows": 2,
          "Plan Width": 8,
          "Actual Startup Time": 645.886,
          "Actual Total Time": 669.447,
          "Actual Rows": 3,
          "Actual Loops": 1,
          "Workers Planned": 2,
          "Workers Launched": 2,
          "Single Copy": false,
          "Plans": [
            {
              "Node Type": "Aggregate",
              "Strategy": "Plain",
              "Partial Mode": "Partial",
              "Parent Relationship": "Outer",
              "Parallel Aware": false,
              "Startup Cost": 96823.31,
              "Total Cost": 96823.32,
              "Plan Rows": 1,
              "Plan Width": 8,
              "Actual Startup Time": 627.442,
              "Actual Total Time": 627.449,
              "Actual Rows": 1,
              "Actual Loops": 3,
              "Plans": [
                {
                  "Node Type": "Hash Join",
                  "Parent Relationship": "Outer",
                  "Parallel Aware": true,
                  "Join Type": "Inner",
                  "Startup Cost": 80720.61,
                  "Total Cost": 96709.25,
                  "Plan Rows": 45627,
                  "Plan Width": 0,
                  "Actual Startup Time": 528.916,
                  "Actual Total Time": 621.551,
                  "Actual Rows": 147269,
                  "Actual Loops": 3,
                  "Inner Unique": false,
                  "Hash Cond": "(mi_idx.movie_id = t.id)",
                  "Plans": [
                    {
                      "Node Type": "Seq Scan",
                      "Parent Relationship": "Outer",
                      "Parallel Aware": true,
                      "Relation Name": "movie_info_idx",
                      "Alias": "mi_idx",
                      "Startup Cost": 0.0,
                      "Total Cost": 13685.15,
                      "Plan Rows": 575015,
                      "Plan Width": 4,
                      "Actual Startup Time": 0.03,
                      "Actual Total Time": 34.027,
                      "Actual Rows": 460012,
                      "Actual Loops": 3
                    },
                    {
                      "Node Type": "Hash",
                      "Parent Relationship": "Inner",
                      "Parallel Aware": true,
                      "Startup Cost": 79911.68,
                      "Total Cost": 79911.68,
                      "Plan Rows": 64715,
                      "Plan Width": 8,
                      "Actual Startup Time": 526.307,
                      "Actual Total Time": 526.311,
                      "Actual Rows": 70673,
                      "Actual Loops": 3,
                      "Hash Buckets": 262144,
                      "Original Hash Buckets": 262144,
                      "Hash Batches": 1,
                      "Original Hash Batches": 1,
                      "Peak Memory Usage": 10368,
                      "Plans": [
                        {
                          "Node Type": "Hash Join",
                          "Parent Relationship": "Outer",
                          "Parallel Aware": true,
                          "Join Type": "Inner",
                          "Startup Cost": 54478.86,
                          "Total Cost": 79911.68,
                          "Plan Rows": 64715,
                          "Plan Width": 8,
                          "Actual Startup Time": 421.913,
                          "Actual Total Time": 500.35,
                          "Actual Rows": 70673,
                          "Actual Loops": 3,
                          "Inner Unique": true,
                          "Hash Cond": "(mk.movie_id = t.id)",
                          "Plans": [
                            {
                              "Node Type": "Bitmap Heap Scan",
                              "Parent Relationship": "Outer",
                              "Parallel Aware": true,
                              "Relation Name": "movie_keyword",
                              "Alias": "mk",
                              "Startup Cost": 4259.21,
                              "Total Cost": 29522.15,
                              "Plan Rows": 64715,
                              "Plan Width": 4,
                              "Actual Startup Time": 14.082,
                              "Actual Total Time": 58.638,
                              "Actual Rows": 70673,
                              "Actual Loops": 3,
                              "Recheck Cond": "(keyword_id < 141)",
                              "Rows Removed by Index Recheck": 0,
                              "Exact Heap Blocks": 9800,
                              "Lossy Heap Blocks": 0,
                              "Plans": [
                                {
                                  "Node Type": "Bitmap Index Scan",
                                  "Parent Relationship": "Outer",
                                  "Parallel Aware": false,
                                  "Index Name": "keyword_id_movie_keyword",
                                  "Startup Cost": 0.0,
                                  "Total Cost": 4209.06,
                                  "Plan Rows": 200617,
                                  "Plan Width": 0,
                                  "Actual Startup Time": 10.587,
                                  "Actual Total Time": 10.588,
                                  "Actual Rows": 212018,
                                  "Actual Loops": 1,
                                  "Index Cond": "(keyword_id < 141)"
                                }
                              ]
                            },
                            {
                              "Node Type": "Hash",
                              "Parent Relationship": "Inner",
                              "Parallel Aware": true,
                              "Startup Cost": 42318.73,
                              "Total Cost": 42318.73,
                              "Plan Rows": 632073,
                              "Plan Width": 4,
                              "Actual Startup Time": 395.206,
                              "Actual Total Time": 395.207,
                              "Actual Rows": 842771,
                              "Actual Loops": 3,
                              "Hash Buckets": 4194304,
                              "Original Hash Buckets": 4194304,
                              "Hash Batches": 1,
                              "Original Hash Batches": 1,
                              "Peak Memory Usage": 131712,
                              "Plans": [
                                {
                                  "Node Type": "Seq Scan",
                                  "Parent Relationship": "Outer",
                                  "Parallel Aware": true,
                                  "Relation Name": "title",
                                  "Alias": "t",
                                  "Startup Cost": 0.0,
                                  "Total Cost": 42318.73,
                                  "Plan Rows": 632073,
                                  "Plan Width": 4,
                                  "Actual Startup Time": 0.039,
                                  "Actual Total Time": 115.155,
                                  "Actual Rows": 842771,
                                  "Actual Loops": 3
                                }
                              ]
                            }
                          ]
                        }
                      ]
                    }
                  ]
                }
              ]
            }
          ]
        }
      ]
    },
    "Planning Time": 1.338,
    "Triggers": [],
    "Execution Time": 669.563
  }
]