{
  "Plan": {
    "Node Type": "Aggregate",
    "Strategy": "Plain",
    "Partial Mode": "Finalize",
    "Parallel Aware": false,
    "Startup Cost": 54928.07,
    "Total Cost": 54928.08,
    "Plan Rows": 1,
    "Plan Width": 8,
    "Actual Startup Time": 92.526,
    "Actual Total Time": 106.932,
    "Actual Rows": 1,
    "Actual Loops": 1,
    "Plans": [
      {
        "Node Type": "Gather",
        "Parent Relationship": "Outer",
        "Parallel Aware": false,
        "Startup Cost": 54927.96,
        "Total Cost": 54928.07,
        "Plan Rows": 1,
        "Plan Width": 8,
        "Actual Startup Time": 92.322,
        "Actual Total Time": 106.925,
        "Actual Rows": 2,
        "Actual Loops": 1,
        "Workers Planned": 1,
        "Workers Launched": 1,
        "Single Copy": false,
        "Plans": [
          {
            "Node Type": "Aggregate",
            "Strategy": "Plain",
            "Partial Mode": "Partial",
            "Parent Relationship": "Outer",
            "Parallel Aware": false,
            "Startup Cost": 53927.96,
            "Total Cost": 53927.97,
            "Plan Rows": 1,
            "Plan Width": 8,
            "Actual Startup Time": 86.196,
            "Actual Total Time": 86.198,
            "Actual Rows": 1,
            "Actual Loops": 2,
            "Plans": [
              {
                "Node Type": "Nested Loop",
                "Parent Relationship": "Outer",
                "Parallel Aware": false,
                "Join Type": "Inner",
                "Startup Cost": 182.74,
                "Total Cost": 53919.24,
                "Plan Rows": 3487,
                "Plan Width": 0,
                "Actual Startup Time": 4.739,
                "Actual Total Time": 84.233,
                "Actual Rows": 33454,
                "Actual Loops": 2,
                "Inner Unique": false,
                "Plans": [
                  {
                    "Node Type": "Nested Loop",
                    "Parent Relationship": "Outer",
                    "Parallel Aware": false,
                    "Join Type": "Inner",
                    "Startup Cost": 182.31,
                    "Total Cost": 50864.97,
                    "Plan Rows": 4968,
                    "Plan Width": 8,
                    "Actual Startup Time": 4.548,
                    "Actual Total Time": 43.753,
                    "Actual Rows": 4168,
                    "Actual Loops": 2,
                    "Inner Unique": true,
                    "Plans": [
                      {
                        "Node Type": "Bitmap Heap Scan",
                        "Parent Relationship": "Outer",
                        "Parallel Aware": true,
                        "Relation Name": "movie_keyword",
                        "Alias": "mk",
                        "Startup Cost": 181.88,
                        "Total Cost": 17326.62,
                        "Plan Rows": 4968,
                        "Plan Width": 4,
                        "Actual Startup Time": 4.401,
                        "Actual Total Time": 16.858,
                        "Actual Rows": 4168,
                        "Actual Loops": 2,
                        "Recheck Cond": "(keyword_id = 865)",
                        "Rows Removed by Index Recheck": 0,
                        "Exact Heap Blocks": 4991,
                        "Lossy Heap Blocks": 0,
                        "Plans": [
                          {
                            "Node Type": "Bitmap Index Scan",
                            "Parent Relationship": "Outer",
                            "Parallel Aware": false,
                            "Index Name": "keyword_id_movie_keyword",
                            "Startup Cost": 0.0,
                            "Total Cost": 179.77,
                            "Plan Rows": 8445,
                            "Plan Width": 0,
                            "Actual Startup Time": 4.993,
                            "Actual Total Time": 4.993,
                            "Actual Rows": 8337,
                            "Actual Loops": 1,
                            "Index Cond": "(keyword_id = 865)"
                          }
                        ]
                      },
                      {
                        "Node Type": "Index Only Scan",
                        "Parent Relationship": "Inner",
                        "Parallel Aware": false,
                        "Scan Direction": "Forward",
                        "Index Name": "title_pkey",
                        "Relation Name": "title",
                        "Alias": "t",
                        "Startup Cost": 0.43,
                        "Total Cost": 6.75,
                        "Plan Rows": 1,
                        "Plan Width": 4,
                        "Actual Startup Time": 0.006,
                        "Actual Total Time": 0.006,
                        "Actual Rows": 1,
                        "Actual Loops": 8337,
                        "Index Cond": "(id = mk.movie_id)",
                        "Rows Removed by Index Recheck": 0,
                        "Heap Fetches": 8337
                      }
                    ]
                  },
                  {
                    "Node Type": "Index Scan",
                    "Parent Relationship": "Inner",
                    "Parallel Aware": false,
                    "Scan Direction": "Forward",
                    "Index Name": "movie_id_movie_companies",
                    "Relation Name": "movie_companies",
                    "Alias": "mc",
                    "Startup Cost": 0.43,
                    "Total Cost": 0.57,
                    "Plan Rows": 4,
                    "Plan Width": 4,
                    "Actual Startup Time": 0.006,
                    "Actual Total Time": 0.009,
                    "Actual Rows": 8,
                    "Actual Loops": 8337,
                    "Index Cond": "(movie_id = t.id)",
                    "Rows Removed by Index Recheck": 0,
                    "Filter": "(company_id > 2042)",
                    "Rows Removed by Filter": 3
                  }
                ]
              }
            ]
          }
        ]
      }
    ]
  },
  "Planning Time": 1.121,
  "Triggers": [],
  "Execution Time": 107.031
}