[
  {
    "Plan": {
      "Node Type": "Aggregate",
      "Strategy": "Plain",
      "Partial Mode": "Finalize",
      "Parallel Aware": false,
      "Startup Cost": 253227.14,
      "Total Cost": 253227.15,
      "Plan Rows": 1,
      "Plan Width": 8,
      "Actual Startup Time": 777.841,
      "Actual Total Time": 831.595,
      "Actual Rows": 1,
      "Actual Loops": 1,
      "Plans": [
        {
          "Node Type": "Gather",
          "Parent Relationship": "Outer",
          "Parallel Aware": false,
          "Startup Cost": 253226.62,
          "Total Cost": 253227.13,
          "Plan Rows": 5,
          "Plan Width": 8,
          "Actual Startup Time": 775.237,
          "Actual Total Time": 831.579,
          "Actual Rows": 6,
          "Actual Loops": 1,
          "Workers Planned": 5,
          "Workers Launched": 5,
          "Single Copy": false,
          "Plans": [
            {
              "Node Type": "Aggregate",
              "Strategy": "Plain",
              "Partial Mode": "Partial",
              "Parent Relationship": "Outer",
              "Parallel Aware": false,
              "Startup Cost": 252226.62,
              "Total Cost": 252226.63,
              "Plan Rows": 1,
              "Plan Width": 8,
              "Actual Startup Time": 768.373,
              "Actual Total Time": 768.377,
              "Actual Rows": 1,
              "Actual Loops": 6,
              "Plans": [
                {
                  "Node Type": "Hash Join",
                  "Parent Relationship": "Outer",
                  "Parallel Aware": true,
                  "Join Type": "Inner",
                  "Startup Cost": 47091.99,
                  "Total Cost": 251245.98,
                  "Plan Rows": 392256,
                  "Plan Width": 0,
                  "Actual Startup Time": 120.85,
                  "Actual Total Time": 743.711,
                  "Actual Rows": 540501,
                  "Actual Loops": 6,
                  "Inner Unique": true,
                  "Hash Cond": "(mi.movie_id = t.id)",
                  "Plans": [
                    {
                      "Node Type": "Seq Scan",
                      "Parent Relationship": "Outer",
                      "Parallel Aware": true,
                      "Relation Name": "movie_info",
                      "Alias": "mi",
                      "Startup Cost": 0.0,
                      "Total Cost": 199108.24,
                      "Plan Rows": 1922185,
                      "Plan Width": 4,
                      "Actual Startup Time": 0.031,
                      "Actual Total Time": 360.061,
                      "Actual Rows": 1594192,
                      "Actual Loops": 6,
                      "Filter": "(info_type_id < 16)",
                      "Rows Removed by Filter": 878428
                    },
                    {
                      "Node Type": "Hash",
                      "Parent Relationship": "Inner",
                      "Parallel Aware": true,
                      "Startup Cost": 45479.59,
                      "Total Cost": 45479.59,
                      "Plan Rows": 128992,
                      "Plan Width": 4,
                      "Actual Startup Time": 106.075,
                      "Actual Total Time": 106.076,
                      "Actual Rows": 65160,
                      "Actual Loops": 6,
                      "Hash Buckets": 524288,
                      "Original Hash Buckets": 524288,
                      "Hash Batches": 1,
                      "Original Hash Batches": 1,
                      "Peak Memory Usage": 19488,
                      "Plans": [
                        {
                          "Node Type": "Seq Scan",
                          "Parent Relationship": "Outer",
                          "Parallel Aware": true,
                          "Relation Name": "title",
                          "Alias": "t",
                          "Startup Cost": 0.0,
                          "Total Cost": 45479.59,
                          "Plan Rows": 128992,
                          "Plan Width": 4,
                          "Actual Startup Time": 38.928,
                          "Actual Total Time": 80.186,
                          "Actual Rows": 65160,
                          "Actual Loops": 6,
                          "Filter": "((production_year > 1978) AND (kind_id = 1))",
                          "Rows Removed by Filter": 356226
                        }
                      ]
                    }
                  ]
                }
              ]
            }
          ]
        }
      ]
    },
    "Planning Time": 0.278,
    "Triggers": [],
    "Execution Time": 831.647
  }
]