[
  {
    "Plan": {
      "Node Type": "Aggregate",
      "Strategy": "Plain",
      "Partial Mode": "Finalize",
      "Parallel Aware": false,
      "Startup Cost": 343663.03,
      "Total Cost": 343663.04,
      "Plan Rows": 1,
      "Plan Width": 8,
      "Actual Startup Time": 871.028,
      "Actual Total Time": 931.893,
      "Actual Rows": 1,
      "Actual Loops": 1,
      "Plans": [
        {
          "Node Type": "Gather",
          "Parent Relationship": "Outer",
          "Parallel Aware": false,
          "Startup Cost": 343662.4,
          "Total Cost": 343663.01,
          "Plan Rows": 6,
          "Plan Width": 8,
          "Actual Startup Time": 870.914,
          "Actual Total Time": 931.883,
          "Actual Rows": 7,
          "Actual Loops": 1,
          "Workers Planned": 6,
          "Workers Launched": 6,
          "Single Copy": false,
          "Plans": [
            {
              "Node Type": "Aggregate",
              "Strategy": "Plain",
              "Partial Mode": "Partial",
              "Parent Relationship": "Outer",
              "Parallel Aware": false,
              "Startup Cost": 342662.4,
              "Total Cost": 342662.41,
              "Plan Rows": 1,
              "Plan Width": 8,
              "Actual Startup Time": 860.894,
              "Actual Total Time": 860.895,
              "Actual Rows": 1,
              "Actual Loops": 7,
              "Plans": [
                {
                  "Node Type": "Seq Scan",
                  "Parent Relationship": "Outer",
                  "Parallel Aware": true,
                  "Relation Name": "cast_info",
                  "Alias": "ci",
                  "Startup Cost": 0.0,
                  "Total Cost": 328162.03,
                  "Plan Rows": 5800150,
                  "Plan Width": 0,
                  "Actual Startup Time": 0.053,
                  "Actual Total Time": 649.722,
                  "Actual Rows": 4976420,
                  "Actual Loops": 7,
                  "Filter": "(person_id < 3786761)",
                  "Rows Removed by Filter": 201344
                }
              ]
            }
          ]
        }
      ]
    },
    "Planning Time": 0.158,
    "Triggers": [],
    "Execution Time": 931.955
  }
]