[
  {
    "Plan": {
      "Node Type": "Aggregate",
      "Strategy": "Plain",
      "Partial Mode": "Finalize",
      "Parallel Aware": false,
      "Startup Cost": 23423.29,
      "Total Cost": 23423.3,
      "Plan Rows": 1,
      "Plan Width": 8,
      "Actual Startup Time": 13.36,
      "Actual Total Time": 15.442,
      "Actual Rows": 1,
      "Actual Loops": 1,
      "Plans": [
        {
          "Node Type": "Gather",
          "Parent Relationship": "Outer",
          "Parallel Aware": false,
          "Startup Cost": 23423.18,
          "Total Cost": 23423.29,
          "Plan Rows": 1,
          "Plan Width": 8,
          "Actual Startup Time": 13.295,
          "Actual Total Time": 15.437,
          "Actual Rows": 2,
          "Actual Loops": 1,
          "Workers Planned": 1,
          "Workers Launched": 1,
          "Single Copy": false,
          "Plans": [
            {
              "Node Type": "Aggregate",
              "Strategy": "Plain",
              "Partial Mode": "Partial",
              "Parent Relationship": "Outer",
              "Parallel Aware": false,
              "Startup Cost": 22423.18,
              "Total Cost": 22423.19,
              "Plan Rows": 1,
              "Plan Width": 8,
              "Actual Startup Time": 11.206,
              "Actual Total Time": 11.207,
              "Actual Rows": 1,
              "Actual Loops": 2,
              "Plans": [
                {
                  "Node Type": "Nested Loop",
                  "Parent Relationship": "Outer",
                  "Parallel Aware": false,
                  "Join Type": "Inner",
                  "Startup Cost": 69.13,
                  "Total Cost": 22418.57,
                  "Plan Rows": 1842,
                  "Plan Width": 0,
                  "Actual Startup Time": 0.778,
                  "Actual Total Time": 11.07,
                  "Actual Rows": 1190,
                  "Actual Loops": 2,
                  "Inner Unique": true,
                  "Plans": [
                    {
                      "Node Type": "Bitmap Heap Scan",
                      "Parent Relationship": "Outer",
                      "Parallel Aware": true,
                      "Relation Name": "movie_companies",
                      "Alias": "mc",
                      "Startup Cost": 68.7,
                      "Total Cost": 8253.75,
                      "Plan Rows": 1842,
                      "Plan Width": 4,
                      "Actual Startup Time": 0.724,
                      "Actual Total Time": 3.376,
                      "Actual Rows": 1190,
                      "Actual Loops": 2,
                      "Recheck Cond": "(company_id = 774)",
                      "Rows Removed by Index Recheck": 0,
                      "Exact Heap Blocks": 1025,
                      "Lossy Heap Blocks": 0,
                      "Plans": [
                        {
                          "Node Type": "Bitmap Index Scan",
                          "Parent Relationship": "Outer",
                          "Parallel Aware": false,
                          "Index Name": "company_id_movie_companies",
                          "Startup Cost": 0.0,
                          "Total Cost": 67.91,
                          "Plan Rows": 3131,
                          "Plan Width": 0,
                          "Actual Startup Time": 1.086,
                          "Actual Total Time": 1.086,
                          "Actual Rows": 2381,
                          "Actual Loops": 1,
                          "Index Cond": "(company_id = 774)"
                        }
                      ]
                    },
                    {
                      "Node Type": "Index Only Scan",
                      "Parent Relationship": "Inner",
                      "Parallel Aware": false,
                      "Scan Direction": "Forward",
                      "Index Name": "title_pkey",
                      "Relation Name": "title",
                      "Alias": "t",
                      "Startup Cost": 0.43,
                      "Total Cost": 7.69,
                      "Plan Rows": 1,
                      "Plan Width": 4,
                      "Actual Startup Time": 0.006,
                      "Actual Total Time": 0.006,
                      "Actual Rows": 1,
                      "Actual Loops": 2381,
                      "Index Cond": "(id = mc.movie_id)",
                      "Rows Removed by Index Recheck": 0,
                      "Heap Fetches": 2381
                    }
                  ]
                }
              ]
            }
          ]
        }
      ]
    },
    "Planning Time": 0.312,
    "Triggers": [],
    "Execution Time": 15.486
  }
]