[
  {
    "Plan": {
      "Node Type": "Aggregate",
      "Strategy": "Plain",
      "Partial Mode": "Finalize",
      "Parallel Aware": false,
      "Startup Cost": 15378.18,
      "Total Cost": 15378.19,
      "Plan Rows": 1,
      "Plan Width": 8,
      "Actual Startup Time": 19.01,
      "Actual Total Time": 21.331,
      "Actual Rows": 1,
      "Actual Loops": 1,
      "Plans": [
        {
          "Node Type": "Gather",
          "Parent Relationship": "Outer",
          "Parallel Aware": false,
          "Startup Cost": 15378.07,
          "Total Cost": 15378.18,
          "Plan Rows": 1,
          "Plan Width": 8,
          "Actual Startup Time": 18.651,
          "Actual Total Time": 21.319,
          "Actual Rows": 2,
          "Actual Loops": 1,
          "Workers Planned": 1,
          "Workers Launched": 1,
          "Single Copy": false,
          "Plans": [
            {
              "Node Type": "Aggregate",
              "Strategy": "Plain",
              "Partial Mode": "Partial",
              "Parent Relationship": "Outer",
              "Parallel Aware": false,
              "Startup Cost": 14378.07,
              "Total Cost": 14378.08,
              "Plan Rows": 1,
              "Plan Width": 8,
              "Actual Startup Time": 12.515,
              "Actual Total Time": 12.518,
              "Actual Rows": 1,
              "Actual Loops": 2,
              "Plans": [
                {
                  "Node Type": "Nested Loop",
                  "Parent Relationship": "Outer",
                  "Parallel Aware": false,
                  "Join Type": "Inner",
                  "Startup Cost": 43.22,
                  "Total Cost": 14377.11,
                  "Plan Rows": 385,
                  "Plan Width": 0,
                  "Actual Startup Time": 1.213,
                  "Actual Total Time": 12.331,
                  "Actual Rows": 769,
                  "Actual Loops": 2,
                  "Inner Unique": false,
                  "Plans": [
                    {
                      "Node Type": "Nested Loop",
                      "Parent Relationship": "Outer",
                      "Parallel Aware": false,
                      "Join Type": "Inner",
                      "Startup Cost": 42.79,
                      "Total Cost": 13816.44,
                      "Plan Rows": 1058,
                      "Plan Width": 8,
                      "Actual Startup Time": 1.042,
                      "Actual Total Time": 7.33,
                      "Actual Rows": 796,
                      "Actual Loops": 2,
                      "Inner Unique": true,
                      "Plans": [
                        {
                          "Node Type": "Bitmap Heap Scan",
                          "Parent Relationship": "Outer",
                          "Parallel Aware": true,
                          "Relation Name": "movie_companies",
                          "Alias": "mc",
                          "Startup Cost": 42.36,
                          "Total Cost": 5363.86,
                          "Plan Rows": 1058,
                          "Plan Width": 4,
                          "Actual Startup Time": 0.942,
                          "Actual Total Time": 1.506,
                          "Actual Rows": 796,
                          "Actual Loops": 2,
                          "Recheck Cond": "(company_id > 233442)",
                          "Rows Removed by Index Recheck": 0,
                          "Exact Heap Blocks": 67,
                          "Lossy Heap Blocks": 0,
                          "Plans": [
                            {
                              "Node Type": "Bitmap Index Scan",
                              "Parent Relationship": "Outer",
                              "Parallel Aware": false,
                              "Index Name": "company_id_movie_companies",
                              "Startup Cost": 0.0,
                              "Total Cost": 41.91,
                              "Plan Rows": 1798,
                              "Plan Width": 0,
                              "Actual Startup Time": 1.687,
                              "Actual Total Time": 1.688,
                              "Actual Rows": 1591,
                              "Actual Loops": 1,
                              "Index Cond": "(company_id > 233442)"
                            }
                          ]
                        },
                        {
                          "Node Type": "Index Only Scan",
                          "Parent Relationship": "Inner",
                          "Parallel Aware": false,
                          "Scan Direction": "Forward",
                          "Index Name": "title_pkey",
                          "Relation Name": "title",
                          "Alias": "t",
                          "Startup Cost": 0.43,
                          "Total Cost": 7.99,
                          "Plan Rows": 1,
                          "Plan Width": 4,
                          "Actual Startup Time": 0.006,
                          "Actual Total Time": 0.006,
                          "Actual Rows": 1,
                          "Actual Loops": 1591,
                          "Index Cond": "(id = mc.movie_id)",
                          "Rows Removed by Index Recheck": 0,
                          "Heap Fetches": 1591
                        }
                      ]
                    },
                    {
                      "Node Type": "Index Scan",
                      "Parent Relationship": "Inner",
                      "Parallel Aware": false,
                      "Scan Direction": "Forward",
                      "Index Name": "movie_id_movie_info_idx",
                      "Relation Name": "movie_info_idx",
                      "Alias": "mi_idx",
                      "Startup Cost": 0.43,
                      "Total Cost": 0.51,
                      "Plan Rows": 2,
                      "Plan Width": 4,
                      "Actual Startup Time": 0.005,
                      "Actual Total Time": 0.005,
                      "Actual Rows": 1,
                      "Actual Loops": 1591,
                      "Index Cond": "(movie_id = t.id)",
                      "Rows Removed by Index Recheck": 0,
                      "Filter": "(info_type_id < 101)",
                      "Rows Removed by Filter": 0
                    }
                  ]
                }
              ]
            }
          ]
        }
      ]
    },
    "Planning Time": 1.417,
    "Triggers": [],
    "Execution Time": 21.435
  }
]