[
  {
    "Plan": {
      "Node Type": "Aggregate",
      "Strategy": "Plain",
      "Partial Mode": "Finalize",
      "Parallel Aware": false,
      "Startup Cost": 42900.48,
      "Total Cost": 42900.49,
      "Plan Rows": 1,
      "Plan Width": 8,
      "Actual Startup Time": 140.799,
      "Actual Total Time": 149.238,
      "Actual Rows": 1,
      "Actual Loops": 1,
      "Plans": [
        {
          "Node Type": "Gather",
          "Parent Relationship": "Outer",
          "Parallel Aware": false,
          "Startup Cost": 42900.16,
          "Total Cost": 42900.47,
          "Plan Rows": 3,
          "Plan Width": 8,
          "Actual Startup Time": 140.495,
          "Actual Total Time": 149.226,
          "Actual Rows": 4,
          "Actual Loops": 1,
          "Workers Planned": 3,
          "Workers Launched": 3,
          "Single Copy": false,
          "Plans": [
            {
              "Node Type": "Aggregate",
              "Strategy": "Plain",
              "Partial Mode": "Partial",
              "Parent Relationship": "Outer",
              "Parallel Aware": false,
              "Startup Cost": 41900.16,
              "Total Cost": 41900.17,
              "Plan Rows": 1,
              "Plan Width": 8,
              "Actual Startup Time": 133.301,
              "Actual Total Time": 133.303,
              "Actual Rows": 1,
              "Actual Loops": 4,
              "Plans": [
                {
                  "Node Type": "Bitmap Heap Scan",
                  "Parent Relationship": "Outer",
                  "Parallel Aware": true,
                  "Relation Name": "movie_keyword",
                  "Alias": "mk",
                  "Startup Cost": 14206.03,
                  "Total Cost": 41360.14,
                  "Plan Rows": 216008,
                  "Plan Width": 0,
                  "Actual Startup Time": 45.269,
                  "Actual Total Time": 123.914,
                  "Actual Rows": 167810,
                  "Actual Loops": 4,
                  "Recheck Cond": "(keyword_id > 27940)",
                  "Rows Removed by Index Recheck": 0,
                  "Exact Heap Blocks": 9864,
                  "Lossy Heap Blocks": 0,
                  "Plans": [
                    {
                      "Node Type": "Bitmap Index Scan",
                      "Parent Relationship": "Outer",
                      "Parallel Aware": false,
                      "Index Name": "keyword_id_movie_keyword",
                      "Startup Cost": 0.0,
                      "Total Cost": 14038.63,
                      "Plan Rows": 669626,
                      "Plan Width": 0,
                      "Actual Startup Time": 48.442,
                      "Actual Total Time": 48.442,
                      "Actual Rows": 671242,
                      "Actual Loops": 1,
                      "Index Cond": "(keyword_id > 27940)"
                    }
                  ]
                }
              ]
            }
          ]
        }
      ]
    },
    "Planning Time": 0.109,
    "Triggers": [],
    "Execution Time": 149.283
  }
]