{
  "Plan": {
    "Node Type": "Aggregate",
    "Strategy": "Plain",
    "Partial Mode": "Finalize",
    "Parallel Aware": false,
    "Startup Cost": 332906.74,
    "Total Cost": 332906.75,
    "Plan Rows": 1,
    "Plan Width": 8,
    "Actual Startup Time": 1316.952,
    "Actual Total Time": 1366.063,
    "Actual Rows": 1,
    "Actual Loops": 1,
    "Plans": [
      {
        "Node Type": "Gather",
        "Parent Relationship": "Outer",
        "Parallel Aware": false,
        "Startup Cost": 332906.63,
        "Total Cost": 332906.74,
        "Plan Rows": 1,
        "Plan Width": 8,
        "Actual Startup Time": 1316.767,
        "Actual Total Time": 1366.056,
        "Actual Rows": 2,
        "Actual Loops": 1,
        "Workers Planned": 1,
        "Workers Launched": 1,
        "Single Copy": false,
        "Plans": [
          {
            "Node Type": "Aggregate",
            "Strategy": "Plain",
            "Partial Mode": "Partial",
            "Parent Relationship": "Outer",
            "Parallel Aware": false,
            "Startup Cost": 331906.63,
            "Total Cost": 331906.64,
            "Plan Rows": 1,
            "Plan Width": 8,
            "Actual Startup Time": 1313.996,
            "Actual Total Time": 1314.0,
            "Actual Rows": 1,
            "Actual Loops": 2,
            "Plans": [
              {
                "Node Type": "Hash Join",
                "Parent Relationship": "Outer",
                "Parallel Aware": true,
                "Join Type": "Inner",
                "Startup Cost": 59143.86,
                "Total Cost": 330927.34,
                "Plan Rows": 391714,
                "Plan Width": 0,
                "Actual Startup Time": 130.471,
                "Actual Total Time": 1311.992,
                "Actual Rows": 45905,
                "Actual Loops": 2,
                "Inner Unique": true,
                "Hash Cond": "(mi.movie_id = t.id)",
                "Plans": [
                  {
                    "Node Type": "Seq Scan",
                    "Parent Relationship": "Outer",
                    "Parallel Aware": true,
                    "Relation Name": "movie_info",
                    "Alias": "mi",
                    "Startup Cost": 0.0,
                    "Total Cost": 248955.74,
                    "Plan Rows": 8696274,
                    "Plan Width": 4,
                    "Actual Startup Time": 0.01,
                    "Actual Total Time": 609.313,
                    "Actual Rows": 7417860,
                    "Actual Loops": 2
                  },
                  {
                    "Node Type": "Hash",
                    "Parent Relationship": "Inner",
                    "Parallel Aware": true,
                    "Startup Cost": 58306.47,
                    "Total Cost": 58306.47,
                    "Plan Rows": 66991,
                    "Plan Width": 4,
                    "Actual Startup Time": 127.661,
                    "Actual Total Time": 127.662,
                    "Actual Rows": 8958,
                    "Actual Loops": 2,
                    "Hash Buckets": 131072,
                    "Original Hash Buckets": 131072,
                    "Hash Batches": 1,
                    "Original Hash Batches": 1,
                    "Peak Memory Usage": 1760,
                    "Plans": [
                      {
                        "Node Type": "Seq Scan",
                        "Parent Relationship": "Outer",
                        "Parallel Aware": true,
                        "Relation Name": "title",
                        "Alias": "t",
                        "Startup Cost": 0.0,
                        "Total Cost": 58306.47,
                        "Plan Rows": 66991,
                        "Plan Width": 4,
                        "Actual Startup Time": 0.045,
                        "Actual Total Time": 124.347,
                        "Actual Rows": 8958,
                        "Actual Loops": 2,
                        "Filter": "((production_year < 1955) AND (kind_id = 7))",
                        "Rows Removed by Filter": 1255198
                      }
                    ]
                  }
                ]
              }
            ]
          }
        ]
      }
    ]
  },
  "Planning Time": 0.276,
  "Triggers": [],
  "Execution Time": 1366.125
}